TRXV5
3
4
4
9
string Extension=J
integer IsArchMeasurement=1
integer IsSpherical=1
string Generator=SPM
string GeneratorVersion=1.3.1 Dev
double ArchRadius=0.449999988079071
integer FrequencyAxisIndex=0
integer AzimuthAxisIndex=1
integer ElevationAxisIndex=2
Frequency
5 136 690000000 960000000 LIN
Azimuth
7 8 0 2.74889357189107 LIN
Elevation
7 15 -2.74889357189107 2.74889357189107 LIN
Polar H Real Part
13
Polar H Imaginary Part
14
Polar V Real Part
13
Polar V Imaginary Part
14
Polar H Magnitude (dB)
12 0xC0000002 0 1
Polar H Phase
7 0xC0000003 0 1
Polar V Magnitude (dB)
12 0xC0000002 2 3
Polar V Phase
7 0xC0000003 2 3
-0.0417709350585938 -0.00981521606445313 0.58099365234375 0.43280029296875
0.0389328002929688 0.0581130981445313 0.162200927734375 0.212631225585938
0.0782928466796875 -0.0537109375 -0.04315185546875 0.340484619140625
-0.028106689453125 -0.113075256347656 0.0771484375 0.45831298828125
-0.101364135742188 -0.0451583862304687 0.172454833984375 0.336700439453125
-0.108512878417969 0.0376739501953125 0.144439697265625 0.29669189453125
-0.0548324584960938 0.104782104492188 0.1136474609375 0.3599853515625
-0.04205322265625 0.0915298461914063 0.0861511230468751 0.423583984375
-0.052581787109375 0.0876083374023438 0.00793457031249997 0.475128173828125
-0.0963058471679688 0.0761032104492187 -0.13140869140625 0.44708251953125
-0.112876892089844 0.0158157348632812 -0.193267822265625 0.313385009765625
-0.083984375 -0.06817626953125 -0.243026733398438 0.12908935546875
0.0464096069335938 -0.0582504272460938 -0.147430419921875 -0.0992889404296875
0.0418167114257813 0.0548057556152344 0.155426025390625 -0.125091552734375
-0.0378646850585938 0.0569496154785156 0.287445068359375 -0.050750732421875
-0.260040283203125 -0.156417846679688 0.5079345703125 0.425689697265625
-0.235626220703125 -0.05743408203125 0.089569091796875 0.192520141601563
-0.173568725585937 -0.0613555908203125 -0.0725097656250001 0.371490478515625
-0.22747802734375 -0.043121337890625 0.087921142578125 0.492828369140625
-0.23809814453125 0.0616607666015625 0.20654296875 0.329681396484375
-0.188491821289062 0.20281982421875 0.175979614257813 0.261932373046875
-0.0794677734375 0.270706176757813 0.118896484375 0.279525756835937
-0.0678863525390625 0.243820190429688 0.0892333984375 0.33624267578125
-0.0699310302734375 0.25103759765625 0.019073486328125 0.396575927734375
-0.132171630859375 0.232864379882813 -0.094268798828125 0.401458740234375
-0.193695068359375 0.140060424804687 -0.1531982421875 0.2940673828125
-0.217041015625 0.0340576171875 -0.217636108398438 0.14599609375
-0.141189575195313 -0.0518798828125 -0.141220092773438 -0.0758056640625
-0.1461181640625 -0.0385894775390625 0.119300842285156 -0.136024475097656
-0.212478637695313 -0.060150146484375 0.239059448242188 -0.077545166015625
-0.4267578125 -0.303192138671875 0.371734619140625 0.38848876953125
-0.470977783203125 -0.1903076171875 1.52587890624739E-05 0.186538696289063
-0.41070556640625 -0.0820312500000001 -0.053802490234375 0.397979736328125
-0.415802001953125 0.0270385742187501 0.154754638671875 0.47955322265625
-0.352203369140625 0.166778564453125 0.270797729492188 0.266265869140625
-0.243743896484375 0.34100341796875 0.2176513671875 0.1634521484375
-0.09228515625 0.393707275390625 0.12152099609375 0.140975952148438
-0.0859375 0.35943603515625 0.0760040283203125 0.200149536132813
-0.07708740234375 0.3780517578125 0.0140838623046875 0.279693603515625
-0.14752197265625 0.36737060546875 -0.077911376953125 0.320709228515625
-0.244247436523438 0.260894775390625 -0.136154174804688 0.24652099609375
-0.318756103515625 0.15423583984375 -0.206787109375 0.131103515625
-0.318511962890625 -0.00729370117187494 -0.139389038085938 -0.079132080078125
-0.337554931640625 -0.0939331054687501 0.0602264404296875 -0.158676147460938
-0.375823974609375 -0.164764404296875 0.142471313476562 -0.134552001953125
-0.511749267578125 -0.409820556640625 0.190032958984375 0.32904052734375
-0.61663818359375 -0.29266357421875 -0.102081298828125 0.186508178710938
-0.56964111328125 -0.09039306640625 -0.00708007812500007 0.406707763671875
-0.530670166015625 0.0964355468750001 0.246856689453125 0.415252685546875
-0.4039306640625 0.25006103515625 0.3419189453125 0.15191650390625
-0.253021240234375 0.423583984375 0.257766723632812 0.01422119140625
-0.089752197265625 0.45294189453125 0.118446350097656 -0.0355224609375
-0.091705322265625 0.41656494140625 0.0517997741699219 0.0338783264160157
-0.075836181640625 0.45196533203125 -0.0105819702148438 0.132400512695313
-0.147186279296875 0.4530029296875 -0.0835418701171875 0.202743530273438
-0.269805908203125 0.351776123046875 -0.14642333984375 0.160354614257813
-0.3828125 0.26171875 -0.209396362304688 0.076141357421875
-0.46337890625 0.0528869628906249 -0.137527465820313 -0.110763549804688
-0.50054931640625 -0.120697021484375 -0.01800537109375 -0.182525634765625
-0.50152587890625 -0.245758056640625 0.00326538085937495 -0.2103271484375
-0.511688232421875 -0.4554443359375 0.0032806396484375 0.256332397460937
-0.6580810546875 -0.332275390625 -0.190093994140625 0.189208984375
-0.6109619140625 -0.0703125 0.05718994140625 0.3856201171875
-0.5350341796875 0.1541748046875 0.33795166015625 0.29888916015625
-0.371124267578125 0.290435791015625 0.391204833984375 0.00473022460937502
-0.2073974609375 0.435028076171875 0.2772216796875 -0.158065795898437
-0.0645751953125 0.4378662109375 0.103729248046875 -0.21942138671875
-0.082061767578125 0.411102294921875 0.0178604125976563 -0.137626647949219
-0.065673828125 0.455291748046875 -0.0455818176269531 -0.0273017883300781
-0.1339111328125 0.470855712890625 -0.103240966796875 0.0575408935546875
-0.266845703125 0.39276123046875 -0.170501708984375 0.0396881103515625
-0.404510498046875 0.32855224609375 -0.214584350585938 -0.0176544189453125
-0.55072021484375 0.0965881347656249 -0.128829956054688 -0.163497924804688
-0.60321044921875 -0.13848876953125 -0.102203369140625 -0.202606201171875
-0.56036376953125 -0.303680419921875 -0.161529541015625 -0.296600341796875
-0.435089111328125 -0.429290771484375 -0.152999877929688 0.18572998046875
-0.5953369140625 -0.302734375 -0.23822021484375 0.184371948242187
-0.531219482421875 -0.02783203125 0.114654541015625 0.3236083984375
-0.42578125 0.179473876953125 0.386566162109375 0.153717041015625
-0.264633178710938 0.272369384765625 0.3955078125 -0.14202880859375
-0.121978759765625 0.365203857421875 0.2655029296875 -0.316314697265625
-0.029296875 0.35174560546875 0.073486328125 -0.375457763671875
-0.060455322265625 0.340301513671875 -0.021270751953125 -0.286102294921875
-0.049224853515625 0.386932373046875 -0.0790863037109375 -0.17730712890625
-0.10736083984375 0.409912109375 -0.121444702148438 -0.0926132202148437
-0.2314453125 0.362335205078125 -0.190658569335938 -0.0968017578125
-0.377899169921875 0.32855224609375 -0.203262329101563 -0.136795043945312
-0.561767578125 0.0986328125 -0.0988311767578125 -0.225631713867187
-0.61187744140625 -0.16241455078125 -0.178482055664063 -0.216140747070313
-0.52783203125 -0.33770751953125 -0.328460693359375 -0.38427734375
-0.30548095703125 -0.343017578125 -0.257232666015625 0.131607055664062
-0.4571533203125 -0.2161865234375 -0.2437744140625 0.172012329101563
-0.369903564453125 0.024566650390625 0.153854370117187 0.237899780273438
-0.251663208007812 0.168228149414062 0.38720703125 0.01605224609375
-0.124588012695313 0.205581665039063 0.354583740234375 -0.250091552734375
-0.026947021484375 0.236404418945312 0.223419189453125 -0.429443359375
0.00495910644531251 0.21282958984375 0.032501220703125 -0.4825439453125
-0.02923583984375 0.219696044921875 -0.06097412109375 -0.393646240234375
-0.0225372314453125 0.25537109375 -0.10467529296875 -0.2943115234375
-0.05731201171875 0.285186767578125 -0.130599975585937 -0.2213134765625
-0.155929565429688 0.274826049804688 -0.194808959960938 -0.221847534179687
-0.29302978515625 0.271392822265625 -0.171127319335938 -0.258026123046875
-0.48126220703125 0.0711059570312499 -0.04705810546875 -0.287628173828125
-0.51873779296875 -0.177825927734375 -0.226852416992188 -0.230636596679688
-0.40557861328125 -0.334136962890625 -0.465362548828125 -0.466552734375
-0.139266967773438 -0.214065551757812 -0.306854248046875 0.10595703125
-0.27032470703125 -0.104339599609375 -0.216583251953125 0.164291381835938
-0.173736572265625 0.06243896484375 0.172042846679688 0.155807495117188
-0.0663681030273438 0.125198364257813 0.3507080078125 -0.08734130859375
0.00962066650390624 0.106399536132813 0.292205810546875 -0.309967041015625
0.0555267333984375 0.076263427734375 0.167724609375 -0.4825439453125
0.0310707092285156 0.0433158874511719 -0.01031494140625 -0.526123046875
0.00469970703125001 0.06231689453125 -0.092620849609375 -0.43914794921875
0.0157699584960938 0.0819931030273438 -0.1219482421875 -0.35601806640625
0.018768310546875 0.121604919433594 -0.13641357421875 -0.3043212890625
-0.03912353515625 0.160537719726563 -0.19195556640625 -0.313720703125
-0.155288696289063 0.187942504882813 -0.12554931640625 -0.360748291015625
-0.321014404296875 0.0411376953125 0.01861572265625 -0.338623046875
-0.327911376953125 -0.156951904296875 -0.238983154296875 -0.242416381835937
-0.20831298828125 -0.271835327148438 -0.544158935546875 -0.53631591796875
-0.0474967956542969 -0.00660324096679688 0.615478515625 0.39019775390625
0.0446968078613281 0.0567665100097656 0.186233520507812 0.200546264648438
0.0747299194335938 -0.0598526000976563 -0.014312744140625 0.339569091796875
-0.03839111328125 -0.108909606933594 0.113189697265625 0.446044921875
-0.102996826171875 -0.0354690551757812 0.194244384765625 0.321014404296875
-0.104324340820313 0.0462493896484375 0.161712646484375 0.285797119140625
-0.0448150634765625 0.1103515625 0.139862060546875 0.352935791015625
-0.0343856811523437 0.09600830078125 0.121307373046875 0.417083740234375
-0.0449066162109375 0.0948715209960937 0.04864501953125 0.474822998046875
-0.0902786254882812 0.0861282348632813 -0.092376708984375 0.460113525390625
-0.111015319824219 0.0270462036132813 -0.167327880859375 0.328399658203125
-0.0911026000976563 -0.0598068237304687 -0.229995727539063 0.150772094726562
0.040069580078125 -0.0621604919433594 -0.1505126953125 -0.0818939208984375
0.0483055114746094 0.0517921447753906 0.152633666992188 -0.132156372070313
-0.0347366333007812 0.0615921020507813 0.28558349609375 -0.06915283203125
-0.27862548828125 -0.137802124023438 0.540618896484375 0.38677978515625
-0.239212036132813 -0.0394744873046875 0.110504150390625 0.187652587890625
-0.178466796875 -0.0513153076171875 -0.041717529296875 0.371826171875
-0.234512329101562 -0.0244598388671875 0.125030517578125 0.480255126953125
-0.232894897460937 0.0818939208984375 0.2286376953125 0.3118896484375
-0.171401977539063 0.216522216796875 0.1923828125 0.24810791015625
-0.0570526123046875 0.277694702148438 0.138870239257813 0.2725830078125
-0.0478057861328125 0.252365112304688 0.11590576171875 0.327667236328125
-0.049102783203125 0.261886596679688 0.05352783203125 0.396209716796875
-0.1134033203125 0.245941162109375 -0.059234619140625 0.412139892578125
-0.1824951171875 0.156951904296875 -0.12652587890625 0.306915283203125
-0.216354370117188 0.0557861328125 -0.201797485351562 0.164993286132813
-0.147933959960938 -0.042266845703125 -0.140701293945313 -0.0626068115234375
-0.148818969726563 -0.0294189453125 0.114791870117187 -0.142623901367188
-0.219650268554688 -0.0440216064453125 0.234283447265625 -0.091400146484375
-0.457366943359375 -0.27276611328125 0.400482177734375 0.362884521484375
-0.485595703125 -0.1546630859375 0.01910400390625 0.188705444335938
-0.417205810546875 -0.056640625 -0.0220947265625001 0.396575927734375
-0.41815185546875 0.06005859375 0.18902587890625 0.461456298828125
-0.339874267578125 0.195831298828125 0.28900146484375 0.244415283203125
-0.216766357421875 0.357879638671875 0.228195190429688 0.145584106445313
-0.060699462890625 0.403076171875 0.1309814453125 0.133331298828125
-0.057464599609375 0.370025634765625 0.0930328369140625 0.193283081054688
-0.044677734375 0.39068603515625 0.0380706787109375 0.278366088867188
-0.11614990234375 0.381439208984375 -0.046875 0.328887939453125
-0.225860595703125 0.28302001953125 -0.112258911132813 0.257949829101562
-0.309539794921875 0.184783935546875 -0.190704345703125 0.150802612304688
-0.32049560546875 0.01495361328125 -0.138015747070313 -0.0673446655273438
-0.34375 -0.0730285644531249 0.0533905029296875 -0.159408569335938
-0.39263916015625 -0.1373291015625 0.133102416992187 -0.141983032226563
-0.549713134765625 -0.375244140625 0.21392822265625 0.31494140625
-0.64154052734375 -0.24774169921875 -0.0865020751953125 0.1954345703125
-0.5784912109375 -0.05352783203125 0.0226440429687499 0.4002685546875
-0.5299072265625 0.13714599609375 0.276092529296875 0.390106201171875
-0.38720703125 0.2825927734375 0.35235595703125 0.124542236328125
-0.219329833984375 0.4425048828125 0.259201049804688 -0.00708007812499997
-0.050994873046875 0.460723876953125 0.113250732421875 -0.0444183349609375
-0.058441162109375 0.429779052734375 0.053802490234375 0.0277137756347657
-0.03643798828125 0.4632568359375 0.00140380859374998 0.131912231445313
-0.109710693359375 0.468292236328125 -0.061981201171875 0.210952758789063
-0.24346923828125 0.3775634765625 -0.128524780273438 0.172988891601563
-0.365234375 0.297088623046875 -0.198440551757813 0.0961761474609375
-0.459716796875 0.0856933593750001 -0.14019775390625 -0.100540161132813
-0.51104736328125 -0.0886535644531249 -0.02789306640625 -0.178497314453125
-0.527618408203125 -0.209136962890625 -0.012908935546875 -0.20635986328125
-0.55279541015625 -0.420684814453125 0.020751953125 0.255111694335938
-0.685302734375 -0.2828369140625 -0.17724609375 0.203933715820312
-0.6180419921875 -0.0284423828125 0.0829772949218749 0.373565673828125
-0.528167724609375 0.1968994140625 0.3548583984375 0.26666259765625
-0.35003662109375 0.321380615234375 0.391082763671875 -0.02862548828125
-0.172698974609375 0.447509765625 0.267013549804688 -0.181716918945312
-0.028717041015625 0.443359375 0.0840301513671875 -0.226425170898438
-0.0484619140625 0.42340087890625 0.0050048828125 -0.140213012695313
-0.027862548828125 0.467132568359375 -0.0470237731933594 -0.0264167785644531
-0.09600830078125 0.48541259765625 -0.0919036865234375 0.06634521484375
-0.238525390625 0.417205810546875 -0.162139892578125 0.05474853515625
-0.38153076171875 0.364593505859375 -0.212509155273438 0.00271606445312502
-0.544830322265625 0.135986328125 -0.13751220703125 -0.154800415039063
-0.61517333984375 -0.0995483398437499 -0.116470336914063 -0.191680908203125
-0.591064453125 -0.26556396484375 -0.185699462890625 -0.281280517578125
-0.4737548828125 -0.399749755859375 -0.140457153320313 0.194931030273438
-0.62066650390625 -0.2578125 -0.228652954101563 0.201583862304687
-0.534088134765625 0.00958251953125009 0.133331298828125 0.308074951171875
-0.41357421875 0.213470458984375 0.3924560546875 0.11810302734375
-0.24383544921875 0.29425048828125 0.3829345703125 -0.175750732421875
-0.093597412109375 0.3707275390625 0.241729736328125 -0.341156005859375
-0.000427246093750036 0.353851318359375 0.040557861328125 -0.381134033203125
-0.032012939453125 0.351104736328125 -0.0455322265625 -0.28668212890625
-0.018524169921875 0.39483642578125 -0.0931243896484375 -0.174484252929687
-0.07421875 0.421051025390625 -0.122413635253906 -0.0833969116210937
-0.206146240234375 0.3828125 -0.1927490234375 -0.0799102783203124
-0.355499267578125 0.361053466796875 -0.211761474609375 -0.117156982421875
-0.5550537109375 0.140167236328125 -0.115066528320313 -0.22076416015625
-0.62664794921875 -0.11993408203125 -0.196441650390625 -0.199813842773438
-0.56170654296875 -0.302215576171875 -0.3609619140625 -0.356048583984375
-0.33551025390625 -0.321441650390625 -0.250656127929687 0.1473388671875
-0.47509765625 -0.1800537109375 -0.2374267578125 0.190216064453125
-0.369659423828125 0.0491027832031251 0.164642333984375 0.222015380859375
-0.23968505859375 0.187957763671875 0.380157470703125 -0.01873779296875
-0.108749389648438 0.213760375976562 0.332794189453125 -0.280242919921875
-0.00996398925781248 0.233306884765625 0.189483642578125 -0.45013427734375
0.021240234375 0.210784912109375 -0.00985717773437496 -0.485687255859375
-0.0114593505859375 0.224822998046875 -0.09320068359375 -0.390045166015625
-0.00347900390624997 0.2603759765625 -0.127960205078125 -0.289642333984375
-0.035186767578125 0.290679931640625 -0.142288208007812 -0.213302612304687
-0.136505126953125 0.2879638671875 -0.206802368164063 -0.204620361328125
-0.273834228515625 0.29693603515625 -0.190811157226563 -0.240447998046875
-0.4761962890625 0.104248046875 -0.0701904296875 -0.286712646484375
-0.532562255859375 -0.14276123046875 -0.249099731445313 -0.210220336914063
-0.436981201171875 -0.3057861328125 -0.5054931640625 -0.428619384765625
-0.158294677734375 -0.205032348632813 -0.3023681640625 0.125030517578125
-0.279129028320313 -0.083160400390625 -0.211135864257813 0.179901123046875
-0.169204711914063 0.0726470947265625 0.175704956054688 0.139663696289063
-0.0567550659179687 0.130172729492188 0.3372802734375 -0.11785888671875
0.017425537109375 0.10382080078125 0.26385498046875 -0.335113525390625
0.0591545104980469 0.0664596557617188 0.1273193359375 -0.499359130859375
0.0338630676269531 0.0385932922363281 -0.055511474609375 -0.5255126953125
0.00885009765625001 0.0633392333984375 -0.128875732421875 -0.433380126953125
0.0202178955078125 0.0819320678710938 -0.150482177734375 -0.34912109375
0.027069091796875 0.119316101074219 -0.15399169921875 -0.2960205078125
-0.02740478515625 0.162460327148438 -0.212005615234375 -0.29571533203125
-0.141677856445312 0.199951171875 -0.154937744140625 -0.34747314453125
-0.317169189453125 0.064544677734375 -0.00982666015625003 -0.343292236328125
-0.34173583984375 -0.13360595703125 -0.262863159179688 -0.223434448242188
-0.233428955078125 -0.258148193359375 -0.58795166015625 -0.4942626953125
-0.0516090393066406 -0.000148773193359368 0.6251220703125 0.338134765625
0.0487861633300781 0.0535202026367188 0.201828002929687 0.179855346679688
0.06878662109375 -0.0643653869628906 0.01263427734375 0.32635498046875
-0.0455169677734375 -0.100410461425781 0.13983154296875 0.418701171875
-0.0999908447265625 -0.0265960693359375 0.20538330078125 0.295623779296875
-0.096649169921875 0.0521316528320313 0.17071533203125 0.267532348632813
-0.03363037109375 0.111404418945312 0.15692138671875 0.33465576171875
-0.0265655517578125 0.0969314575195313 0.146942138671875 0.394561767578125
-0.0360946655273438 0.0975418090820313 0.083740234375 0.45758056640625
-0.0800018310546875 0.0918502807617188 -0.053741455078125 0.45306396484375
-0.104568481445313 0.0352935791015625 -0.13739013671875 0.3304443359375
-0.093231201171875 -0.0489349365234375 -0.20721435546875 0.163116455078125
0.0332298278808594 -0.0632591247558594 -0.14459228515625 -0.0647735595703125
0.0524101257324219 0.0467262268066406 0.14422607421875 -0.13629150390625
-0.0300750732421875 0.0643310546875 0.274154663085938 -0.0824432373046875
-0.284912109375 -0.11480712890625 0.55029296875 0.34283447265625
-0.233352661132812 -0.02191162109375 0.12841796875 0.174774169921875
-0.176651000976563 -0.040802001953125 -0.013702392578125 0.35919189453125
-0.230941772460938 -0.00666809082031251 0.1534423828125 0.451904296875
-0.21954345703125 0.0947723388671875 0.239898681640625 0.2833251953125
-0.150680541992187 0.22119140625 0.199905395507813 0.227813720703125
-0.033935546875 0.273788452148438 0.150833129882812 0.25628662109375
-0.027801513671875 0.2513427734375 0.13568115234375 0.3076171875
-0.026641845703125 0.259918212890625 0.0833740234375 0.378936767578125
-0.0904998779296875 0.249832153320313 -0.02191162109375 0.402587890625
-0.165206909179688 0.166915893554688 -0.09814453125 0.305816650390625
-0.20697021484375 0.071807861328125 -0.179367065429688 0.1754150390625
-0.14617919921875 -0.032135009765625 -0.134132385253906 -0.0494613647460938
-0.14404296875 -0.01995849609375 0.107086181640625 -0.142288208007813
-0.217880249023438 -0.0281219482421875 0.22100830078125 -0.100128173828125
-0.467132568359375 -0.234832763671875 0.412689208984375 0.32623291015625
-0.480804443359375 -0.1187744140625 0.03619384765625 0.1817626953125
-0.41015625 -0.0331115722656251 0.00354003906249995 0.379241943359375
-0.40435791015625 0.0876464843749999 0.210662841796875 0.4293212890625
-0.31732177734375 0.212982177734375 0.2935791015625 0.2156982421875
-0.1846923828125 0.36077880859375 0.2293701171875 0.125259399414063
-0.0281982421875 0.394775390625 0.133438110351563 0.121902465820313
-0.027069091796875 0.3658447265625 0.10198974609375 0.178848266601563
-0.012725830078125 0.3865966796875 0.0586700439453125 0.2666015625
-0.08392333984375 0.38043212890625 -0.017303466796875 0.322235107421875
-0.198944091796875 0.292755126953125 -0.0864105224609375 0.2574462890625
-0.28790283203125 0.204132080078125 -0.16845703125 0.161041259765625
-0.3104248046875 0.034210205078125 -0.132308959960938 -0.0553970336914062
-0.338623046875 -0.04974365234375 0.045806884765625 -0.155242919921875
-0.393310546875 -0.107330322265625 0.119598388671875 -0.141128540039062
-0.56414794921875 -0.32781982421875 0.227081298828125 0.292236328125
-0.6385498046875 -0.1983642578125 -0.0683288574218751 0.194305419921875
-0.56817626953125 -0.0186157226562499 0.0458984374999999 0.380950927734375
-0.508026123046875 0.170196533203125 0.28887939453125 0.355499267578125
-0.356842041015625 0.300628662109375 0.348358154296875 0.095611572265625
-0.183349609375 0.44091796875 0.250274658203125 -0.0268707275390625
-0.016754150390625 0.44952392578125 0.104576110839844 -0.0481719970703125
-0.024566650390625 0.424407958984375 0.0526199340820313 0.0214385986328125
0.000335693359374964 0.4556884765625 0.01171875 0.126785278320313
-0.070159912109375 0.46533203125 -0.0388031005859375 0.20806884765625
-0.2103271484375 0.386016845703125 -0.105865478515625 0.176803588867188
-0.334716796875 0.31805419921875 -0.1796875 0.109710693359375
-0.441192626953125 0.111328125 -0.138336181640625 -0.0882110595703125
-0.50262451171875 -0.0552368164062499 -0.036102294921875 -0.167938232421875
-0.528900146484375 -0.16949462890625 -0.0271148681640625 -0.194061279296875
-0.569580078125 -0.37054443359375 0.03521728515625 0.245025634765625
-0.6839599609375 -0.22955322265625 -0.157577514648438 0.209243774414062
-0.60394287109375 0.00720214843749993 0.100616455078125 0.35064697265625
-0.50103759765625 0.22705078125 0.355438232421875 0.231109619140625
-0.31854248046875 0.335052490234375 0.37506103515625 -0.0560302734375
-0.137115478515625 0.44061279296875 0.246612548828125 -0.197052001953125
0.00173950195312501 0.428802490234375 0.0626678466796875 -0.22332763671875
-0.01739501953125 0.416290283203125 -0.00707244873046876 -0.138397216796875
0.00851440429687499 0.45751953125 -0.0472488403320313 -0.0239372253417969
-0.05841064453125 0.479217529296875 -0.0787200927734375 0.070465087890625
-0.204010009765625 0.423919677734375 -0.147506713867187 0.064422607421875
-0.346832275390625 0.385101318359375 -0.200698852539063 0.0208587646484375
-0.520050048828125 0.164581298828125 -0.140594482421875 -0.14190673828125
-0.6060791015625 -0.0595703125 -0.125213623046875 -0.175384521484375
-0.59661865234375 -0.21905517578125 -0.200927734375 -0.255126953125
-0.490081787109375 -0.3558349609375 -0.125350952148438 0.195953369140625
-0.61865234375 -0.20556640625 -0.21044921875 0.211318969726562
-0.5191650390625 0.0395202636718749 0.143829345703125 0.285064697265625
-0.38958740234375 0.236053466796875 0.3797607421875 0.084564208984375
-0.217315673828125 0.300872802734375 0.355560302734375 -0.196929931640625
-0.06695556640625 0.3619384765625 0.209869384765625 -0.3499755859375
0.02197265625 0.34027099609375 0.00997924804687504 -0.37091064453125
-0.00601196289062502 0.344635009765625 -0.066864013671875 -0.275100708007813
0.01116943359375 0.3876953125 -0.10357666015625 -0.164306640625
-0.042388916015625 0.41558837890625 -0.11920166015625 -0.0737457275390625
-0.175750732421875 0.387237548828125 -0.185760498046875 -0.062774658203125
-0.320465087890625 0.3770751953125 -0.210540771484375 -0.0938720703125
-0.528778076171875 0.16839599609375 -0.126663208007813 -0.207000732421875
-0.616943359375 -0.0802001953125001 -0.204605102539063 -0.177581787109375
-0.571044921875 -0.25543212890625 -0.375 -0.31768798828125
-0.3502197265625 -0.290008544921875 -0.235763549804688 0.155914306640625
-0.4730224609375 -0.141204833984375 -0.220703125 0.200729370117188
-0.355010986328125 0.0693359375 0.167190551757812 0.201568603515625
-0.220062255859375 0.19879150390625 0.358917236328125 -0.046661376953125
-0.092254638671875 0.214141845703125 0.299468994140625 -0.296661376953125
0.00349426269531251 0.222412109375 0.150054931640625 -0.451568603515625
0.034820556640625 0.199859619140625 -0.045196533203125 -0.46820068359375
0.00445556640625 0.220382690429687 -0.11944580078125 -0.37213134765625
0.01483154296875 0.255462646484375 -0.144638061523438 -0.2734375
-0.014801025390625 0.284515380859375 -0.147842407226562 -0.197830200195313
-0.11419677734375 0.2894287109375 -0.209243774414062 -0.182098388671875
-0.247039794921875 0.307403564453125 -0.199935913085938 -0.214920043945312
-0.454559326171875 0.129974365234375 -0.0897674560546875 -0.273712158203125
-0.52813720703125 -0.106781005859375 -0.258544921875 -0.1845703125
-0.449951171875 -0.2684326171875 -0.52069091796875 -0.37994384765625
-0.168228149414062 -0.189071655273438 -0.2880859375 0.136932373046875
-0.277618408203125 -0.0603790283203126 -0.197433471679688 0.188613891601563
-0.160018920898438 0.078857421875 0.17169189453125 0.122161865234375
-0.0464248657226562 0.129440307617188 0.309600830078125 -0.139739990234375
0.023223876953125 0.0982894897460938 0.229888916015625 -0.344329833984375
0.0574684143066406 0.0567855834960937 0.08526611328125 -0.494720458984375
0.0330848693847656 0.0329265594482422 -0.0924072265625001 -0.50482177734375
0.012054443359375 0.0610885620117188 -0.1571044921875 -0.41033935546875
0.0233840942382813 0.0791397094726563 -0.1705322265625 -0.330078125
0.0334014892578125 0.112274169921875 -0.165679931640625 -0.277801513671875
-0.0164794921875 0.159591674804688 -0.2218017578125 -0.26995849609375
-0.123870849609375 0.203506469726563 -0.173614501953125 -0.3212890625
-0.301971435546875 0.0813903808593751 -0.036529541015625 -0.33135986328125
-0.34051513671875 -0.1083984375 -0.273895263671875 -0.19561767578125
-0.247817993164062 -0.234176635742188 -0.60455322265625 -0.4383544921875
-0.0516281127929688 0.00461959838867188 0.6129150390625 0.300537109375
0.0509567260742188 0.0498390197753906 0.20684814453125 0.162033081054687
0.0641021728515625 -0.0658302307128906 0.026580810546875 0.30633544921875
-0.04608154296875 -0.0922622680664062 0.147705078125 0.39019775390625
-0.0953369140625 -0.0221023559570313 0.203994750976563 0.27325439453125
-0.0891342163085938 0.0527114868164062 0.168838500976563 0.251998901367188
-0.02655029296875 0.107551574707031 0.162567138671875 0.315460205078125
-0.0200576782226563 0.0944900512695313 0.157440185546875 0.37005615234375
-0.02764892578125 0.096038818359375 0.101837158203125 0.433258056640625
-0.0707626342773437 0.0924453735351563 -0.028961181640625 0.435760498046875
-0.0969467163085938 0.0386123657226562 -0.115264892578125 0.321563720703125
-0.090789794921875 -0.0403594970703125 -0.187744140625 0.166015625
0.0288467407226563 -0.0597915649414062 -0.134201049804688 -0.0537643432617188
0.0547027587890625 0.0419921875 0.137825012207031 -0.132499694824219
-0.0256919860839844 0.0627975463867188 0.26025390625 -0.0849761962890625
-0.280975341796875 -0.0967254638671875 0.540313720703125 0.30767822265625
-0.222671508789062 -0.013031005859375 0.13470458984375 0.160568237304688
-0.1717529296875 -0.03729248046875 0.000366210937499963 0.339599609375
-0.222549438476563 0.00437927246093754 0.16143798828125 0.4207763671875
-0.20623779296875 0.0995025634765625 0.236846923828125 0.262847900390625
-0.135284423828125 0.214889526367188 0.196670532226563 0.211151123046875
-0.0209503173828125 0.262969970703125 0.15240478515625 0.242416381835938
-0.0150146484375 0.24298095703125 0.141632080078125 0.288238525390625
-0.012237548828125 0.25238037109375 0.09625244140625 0.35931396484375
-0.0741119384765625 0.243377685546875 -0.00112915039062501 0.38568115234375
-0.15045166015625 0.167922973632813 -0.078460693359375 0.2950439453125
-0.194808959960938 0.08050537109375 -0.158843994140625 0.176071166992188
-0.141677856445313 -0.02581787109375 -0.1236572265625 -0.0413742065429688
-0.138160705566406 -0.0163192749023438 0.1031494140625 -0.138618469238281
-0.210067749023438 -0.0180206298828125 0.209136962890625 -0.099151611328125
-0.45953369140625 -0.205841064453125 0.405548095703125 0.298370361328125
-0.463775634765625 -0.0966796874999999 0.0467071533203125 0.170578002929687
-0.3956298828125 -0.021820068359375 0.017303466796875 0.35784912109375
-0.3876953125 0.100372314453125 0.21319580078125 0.39959716796875
-0.295867919921875 0.21575927734375 0.287353515625 0.193328857421875
-0.164398193359375 0.349212646484375 0.223342895507813 0.109970092773438
-0.01141357421875 0.37835693359375 0.130882263183594 0.114028930664063
-0.010528564453125 0.353485107421875 0.1031494140625 0.166259765625
0.00689697265625003 0.372039794921875 0.0680084228515625 0.251708984375
-0.062225341796875 0.37030029296875 0.002899169921875 0.3076171875
-0.178131103515625 0.289794921875 -0.0675811767578125 0.248687744140625
-0.268112182617188 0.210891723632812 -0.149002075195313 0.161590576171875
-0.29608154296875 0.042633056640625 -0.1229248046875 -0.0489883422851563
-0.327484130859375 -0.0401611328124999 0.0414886474609375 -0.148544311523438
-0.381805419921875 -0.087890625 0.109664916992187 -0.134780883789063
-0.55523681640625 -0.2913818359375 0.2274169921875 0.272018432617188
-0.61785888671875 -0.16571044921875 -0.054656982421875 0.187896728515625
-0.547119140625 -0.00399780273437498 0.056854248046875 0.357269287109375
-0.482086181640625 0.183685302734375 0.284149169921875 0.326385498046875
-0.332427978515625 0.30108642578125 0.3349609375 0.076904296875
-0.158233642578125 0.42718505859375 0.23828125 -0.03680419921875
-0.000183105468749961 0.4290771484375 0.095947265625 -0.048187255859375
-0.00512695312499998 0.410247802734375 0.0488204956054688 0.0176124572753906
0.02069091796875 0.43939208984375 0.0156478881835937 0.119796752929688
-0.046630859375 0.449066162109375 -0.0233154296875 0.199234008789063
-0.18731689453125 0.381439208984375 -0.0896759033203125 0.172882080078125
-0.30841064453125 0.321502685546875 -0.16180419921875 0.11370849609375
-0.417327880859375 0.122467041015625 -0.130477905273438 -0.0809173583984375
-0.485076904296875 -0.0395812988281249 -0.0380096435546875 -0.157440185546875
-0.515899658203125 -0.1434326171875 -0.033203125 -0.179779052734375
-0.56256103515625 -0.33331298828125 0.041473388671875 0.2325439453125
-0.66217041015625 -0.1927490234375 -0.142593383789063 0.20562744140625
-0.579833984375 0.0233154296875 0.104888916015625 0.32861328125
-0.47344970703125 0.2374267578125 0.34228515625 0.205657958984375
-0.29345703125 0.333221435546875 0.35467529296875 -0.0697021484375
-0.11688232421875 0.425262451171875 0.227951049804688 -0.201156616210937
0.018646240234375 0.409393310546875 0.0496978759765625 -0.21484375
0.00296020507812504 0.402313232421875 -0.0144500732421875 -0.13165283203125
0.0296630859375 0.440643310546875 -0.0471153259277344 -0.0216102600097656
-0.0338134765625 0.463104248046875 -0.0673446655273438 0.0682907104492188
-0.179931640625 0.416656494140625 -0.132652282714844 0.0671234130859375
-0.317291259765625 0.384246826171875 -0.185317993164063 0.0306549072265626
-0.492706298828125 0.174102783203125 -0.137779235839844 -0.131980895996094
-0.5849609375 -0.0392456054687499 -0.125015258789063 -0.159439086914062
-0.581298828125 -0.18731689453125 -0.202606201171875 -0.231307983398437
-0.485198974609375 -0.320709228515625 -0.115264892578125 0.191558837890625
-0.6005859375 -0.17340087890625 -0.195404052734375 0.209854125976563
-0.497467041015625 0.052764892578125 0.1414794921875 0.265884399414063
-0.364776611328125 0.24127197265625 0.35870361328125 0.0655517578125
-0.197418212890625 0.29693603515625 0.330596923828125 -0.203216552734375
-0.053924560546875 0.345611572265625 0.18548583984375 -0.345916748046875
0.03289794921875 0.3233642578125 -0.00689697265625002 -0.35357666015625
0.00921630859374999 0.3328857421875 -0.077423095703125 -0.26019287109375
0.02838134765625 0.37384033203125 -0.106201171875 -0.153472900390625
-0.0223388671875 0.40069580078125 -0.112716674804688 -0.0674209594726562
-0.15447998046875 0.38037109375 -0.175064086914063 -0.0525970458984375
-0.293212890625 0.376495361328125 -0.200057983398438 -0.078460693359375
-0.5006103515625 0.177215576171875 -0.128921508789063 -0.19415283203125
-0.59771728515625 -0.057373046875 -0.203994750976563 -0.158096313476563
-0.5604248046875 -0.225433349609375 -0.37109375 -0.2845458984375
-0.347900390625 -0.264434814453125 -0.221359252929688 0.155014038085937
-0.458251953125 -0.11468505859375 -0.206527709960937 0.200790405273438
-0.339202880859375 0.0748291015625001 0.160110473632812 0.185470581054687
-0.20404052734375 0.198822021484375 0.33294677734375 -0.058837890625
-0.079864501953125 0.2080078125 0.271087646484375 -0.29541015625
0.008148193359375 0.210159301757812 0.123870849609375 -0.44061279296875
0.0379638671875 0.187911987304688 -0.06439208984375 -0.44415283203125
0.0129547119140625 0.211807250976563 -0.13153076171875 -0.349822998046875
0.024169921875 0.24609375 -0.15093994140625 -0.255950927734375
-0.00343322753906248 0.27294921875 -0.144424438476562 -0.184844970703125
-0.1004638671875 0.281463623046875 -0.202392578125 -0.165924072265625
-0.22454833984375 0.305023193359375 -0.196334838867187 -0.1939697265625
-0.4295654296875 0.136932373046875 -0.0986785888671875 -0.259109497070313
-0.511566162109375 -0.0866394042968751 -0.256546020507813 -0.162445068359375
-0.44561767578125 -0.239837646484375 -0.513397216796875 -0.340301513671875
-0.170150756835938 -0.173873901367187 -0.271270751953125 0.138275146484375
-0.268020629882813 -0.046234130859375 -0.185089111328125 0.188796997070312
-0.151992797851563 0.07952880859375 0.162643432617188 0.109970092773438
-0.0393524169921875 0.125144958496094 0.2813720703125 -0.14703369140625
0.0246505737304688 0.0925064086914063 0.200042724609375 -0.3377685546875
0.0529060363769531 0.0502128601074219 0.05950927734375 -0.478363037109375
0.0304832458496094 0.0287818908691406 -0.110870361328125 -0.478240966796875
0.0135345458984375 0.0582389831542969 -0.167327880859375 -0.38592529296875
0.0241165161132812 0.0767745971679688 -0.17669677734375 -0.309234619140625
0.0349044799804687 0.105415344238281 -0.165145874023438 -0.259735107421875
-0.011077880859375 0.151947021484375 -0.2191162109375 -0.2484130859375
-0.11041259765625 0.199539184570313 -0.177337646484375 -0.296478271484375
-0.285369873046875 0.08587646484375 -0.05108642578125 -0.315582275390625
-0.331939697265625 -0.0938720703125 -0.274200439453125 -0.173141479492188
-0.24871826171875 -0.2139892578125 -0.59613037109375 -0.393310546875
-0.0533065795898438 0.00905990600585938 0.59674072265625 0.2867431640625
0.0522270202636719 0.0481376647949219 0.207565307617188 0.151992797851563
0.0618667602539063 -0.066070556640625 0.02984619140625 0.29388427734375
-0.0459442138671875 -0.0876235961914063 0.146820068359375 0.374603271484375
-0.0909957885742188 -0.0211334228515625 0.198287963867188 0.263137817382813
-0.086029052734375 0.0503921508789063 0.16375732421875 0.244537353515625
-0.0232086181640625 0.104461669921875 0.15899658203125 0.305877685546875
-0.0168991088867188 0.0930862426757813 0.157806396484375 0.35772705078125
-0.0241851806640625 0.0944900512695313 0.10687255859375 0.419097900390625
-0.0652084350585938 0.0917816162109375 -0.018951416015625 0.42138671875
-0.091461181640625 0.0390853881835937 -0.1075439453125 0.313018798828125
-0.087799072265625 -0.0365829467773437 -0.17510986328125 0.163726806640625
0.0281639099121094 -0.0579376220703125 -0.124313354492188 -0.0501327514648438
0.0564727783203125 0.0392341613769531 0.137725830078125 -0.1280517578125
-0.0239715576171875 0.062164306640625 0.253936767578125 -0.0799102783203125
-0.276153564453125 -0.089630126953125 0.52655029296875 0.296875
-0.2159423828125 -0.011627197265625 0.13739013671875 0.1524658203125
-0.168167114257813 -0.0389251708984375 0.00424194335937497 0.326202392578125
-0.217391967773438 0.00714111328124996 0.157745361328125 0.404266357421875
-0.20037841796875 0.0970611572265625 0.230438232421875 0.250396728515625
-0.13116455078125 0.207931518554688 0.191116333007812 0.203338623046875
-0.0166778564453125 0.255584716796875 0.149078369140625 0.23663330078125
-0.0099639892578125 0.237197875976562 0.139068603515625 0.278594970703125
-0.00634765625 0.245880126953125 0.10028076171875 0.34686279296875
-0.0660858154296875 0.239120483398438 0.00668334960937502 0.372314453125
-0.143661499023438 0.166213989257813 -0.069610595703125 0.28741455078125
-0.187362670898438 0.08221435546875 -0.14605712890625 0.173385620117188
-0.137649536132813 -0.0257034301757813 -0.114189147949219 -0.039276123046875
-0.132797241210938 -0.0167617797851562 0.102447509765625 -0.132339477539063
-0.204360961914063 -0.0161590576171875 0.202896118164063 -0.0927734375
-0.44964599609375 -0.194671630859375 0.395721435546875 0.28839111328125
-0.450042724609375 -0.09259033203125 0.0500335693359375 0.163925170898438
-0.388092041015625 -0.0240783691406251 0.020294189453125 0.343994140625
-0.377105712890625 0.1009521484375 0.2078857421875 0.38519287109375
-0.287109375 0.210845947265625 0.280624389648438 0.18310546875
-0.158599853515625 0.33843994140625 0.21612548828125 0.103622436523438
-0.00915527343750001 0.366943359375 0.1265869140625 0.111587524414063
-0.00408935546874998 0.34649658203125 0.100250244140625 0.1600341796875
0.013092041015625 0.36260986328125 0.0691375732421875 0.24267578125
-0.053955078125 0.361053466796875 0.00930786132812497 0.29583740234375
-0.16986083984375 0.28643798828125 -0.0593414306640625 0.24017333984375
-0.258377075195312 0.209228515625 -0.137115478515625 0.158981323242188
-0.287750244140625 0.04150390625 -0.115379333496094 -0.0482559204101562
-0.317352294921875 -0.039581298828125 0.04266357421875 -0.142562866210938
-0.373504638671875 -0.08349609375 0.1065673828125 -0.125114440917969
-0.54278564453125 -0.277069091796875 0.221832275390625 0.262954711914063
-0.60186767578125 -0.15826416015625 -0.049407958984375 0.181732177734375
-0.535980224609375 -0.00570678710937504 0.054473876953125 0.34454345703125
-0.4688720703125 0.183929443359375 0.2733154296875 0.31414794921875
-0.321044921875 0.29638671875 0.32427978515625 0.068450927734375
-0.1533203125 0.41351318359375 0.230087280273437 -0.0399169921875
0.00198364257812501 0.417144775390625 0.0912933349609375 -0.0459823608398437
0.000305175781249961 0.401580810546875 0.045623779296875 0.0174369812011719
0.0281982421875 0.4290771484375 0.0166473388671875 0.115478515625
-0.0382080078125 0.437896728515625 -0.01654052734375 0.190841674804688
-0.1787109375 0.375823974609375 -0.0818634033203125 0.167465209960938
-0.29888916015625 0.31732177734375 -0.149383544921875 0.11273193359375
-0.405853271484375 0.1170654296875 -0.124702453613281 -0.07952880859375
-0.472991943359375 -0.0385437011718749 -0.0362091064453125 -0.149551391601563
-0.50445556640625 -0.13629150390625 -0.032958984375 -0.167938232421875
-0.5501708984375 -0.317626953125 0.0404815673828124 0.226608276367187
-0.644775390625 -0.18426513671875 -0.136749267578125 0.199066162109375
-0.567626953125 0.0211181640625001 0.101409912109375 0.31622314453125
-0.46044921875 0.235809326171875 0.32763671875 0.1983642578125
-0.28472900390625 0.325897216796875 0.341033935546875 -0.07135009765625
-0.112548828125 0.41204833984375 0.21868896484375 -0.200531005859375
0.0191650390625 0.3975830078125 0.044342041015625 -0.207748413085937
0.00762939453124997 0.393707275390625 -0.0175018310546875 -0.127243041992187
0.03521728515625 0.4300537109375 -0.0467338562011719 -0.020233154296875
-0.0262451171875 0.45025634765625 -0.0601921081542969 0.0639801025390625
-0.172210693359375 0.409393310546875 -0.123207092285156 0.06549072265625
-0.30670166015625 0.3779296875 -0.174179077148438 0.0334625244140625
-0.477691650390625 0.168670654296875 -0.133255004882813 -0.128814697265625
-0.57177734375 -0.0386352539062499 -0.122879028320313 -0.150222778320313
-0.571533203125 -0.178955078125 -0.198226928710938 -0.216461181640625
-0.475311279296875 -0.30810546875 -0.112319946289063 0.1849365234375
-0.5849609375 -0.16253662109375 -0.189132690429688 0.204940795898437
-0.487335205078125 0.0498046875 0.135330200195312 0.256011962890625
-0.354156494140625 0.2374267578125 0.341766357421875 0.0626220703125
-0.19061279296875 0.28936767578125 0.316192626953125 -0.200714111328125
-0.0523681640625 0.335174560546875 0.176513671875 -0.339569091796875
0.032257080078125 0.312042236328125 -0.0113525390625 -0.3421630859375
0.011627197265625 0.324127197265625 -0.07879638671875 -0.251113891601563
0.03155517578125 0.363800048828125 -0.105606079101562 -0.147552490234375
-0.0185546875 0.38958740234375 -0.105606079101563 -0.0663909912109375
-0.1492919921875 0.3721923828125 -0.165939331054688 -0.049468994140625
-0.2828369140625 0.37017822265625 -0.19122314453125 -0.07110595703125
-0.48626708984375 0.16998291015625 -0.127288818359375 -0.187896728515625
-0.5848388671875 -0.05596923828125 -0.19970703125 -0.148666381835937
-0.548736572265625 -0.214752197265625 -0.363311767578125 -0.268402099609375
-0.341552734375 -0.254547119140625 -0.216110229492188 0.149856567382812
-0.44573974609375 -0.106964111328125 -0.200714111328125 0.19622802734375
-0.331268310546875 0.0720214843749999 0.151397705078125 0.178512573242188
-0.196792602539063 0.194915771484375 0.3138427734375 -0.05767822265625
-0.077423095703125 0.202102661132813 0.25628662109375 -0.2896728515625
0.00582885742187502 0.20257568359375 0.113494873046875 -0.43109130859375
0.03546142578125 0.181594848632812 -0.0692138671875 -0.43017578125
0.0132598876953125 0.206985473632813 -0.1314697265625 -0.33709716796875
0.0255584716796875 0.240081787109375 -0.148895263671875 -0.246505737304687
-0.00122070312500001 0.265243530273438 -0.13861083984375 -0.179580688476563
-0.09698486328125 0.275558471679688 -0.192825317382813 -0.158554077148437
-0.2166748046875 0.2989501953125 -0.188644409179688 -0.182952880859375
-0.418212890625 0.13250732421875 -0.100143432617188 -0.25048828125
-0.501373291015625 -0.0834960937500001 -0.253448486328125 -0.152236938476563
-0.436981201171875 -0.2286376953125 -0.501373291015625 -0.322723388671875
-0.167327880859375 -0.167266845703125 -0.263809204101563 0.132369995117188
-0.2608642578125 -0.040740966796875 -0.18017578125 0.185028076171875
-0.148147583007813 0.0762481689453125 0.1533203125 0.106658935546875
-0.0373382568359375 0.120704650878906 0.263870239257813 -0.142730712890625
0.0238265991210938 0.089508056640625 0.1856689453125 -0.327789306640625
0.0483474731445313 0.0475349426269531 0.05029296875 -0.4654541015625
0.0265617370605469 0.0269012451171875 -0.11358642578125 -0.461517333984375
0.0122528076171875 0.0569381713867187 -0.166595458984375 -0.37127685546875
0.0226364135742187 0.0751419067382812 -0.172760009765625 -0.2982177734375
0.0332717895507813 0.101509094238281 -0.159408569335937 -0.252044677734375
-0.0110015869140625 0.147659301757813 -0.209442138671875 -0.238204956054688
-0.107131958007813 0.194427490234375 -0.17364501953125 -0.2813720703125
-0.27642822265625 0.0824432373046875 -0.0552978515625 -0.303558349609375
-0.323883056640625 -0.091522216796875 -0.2694091796875 -0.161468505859375
-0.245285034179687 -0.204544067382813 -0.58111572265625 -0.37493896484375
-0.0553817749023438 0.0123863220214844 0.5960693359375 0.28912353515625
0.0539321899414063 0.0477447509765625 0.211669921875 0.1492919921875
0.0603179931640625 -0.06744384765625 0.03076171875 0.291229248046875
-0.0447616577148438 -0.0863113403320313 0.144866943359375 0.37030029296875
-0.090240478515625 -0.023223876953125 0.194229125976563 0.25982666015625
-0.0863723754882813 0.0487442016601563 0.161529541015625 0.24676513671875
-0.0218734741210938 0.104476928710938 0.159088134765625 0.310211181640625
-0.0145797729492187 0.0935516357421875 0.159210205078125 0.355926513671875
-0.0222854614257813 0.0959701538085938 0.108917236328125 0.414886474609375
-0.0633621215820312 0.0921249389648438 -0.01422119140625 0.42022705078125
-0.0897674560546875 0.039337158203125 -0.1029052734375 0.313201904296875
-0.086639404296875 -0.0349502563476563 -0.170867919921875 0.163711547851562
0.0300407409667969 -0.0583877563476563 -0.11773681640625 -0.0492706298828125
0.0596885681152344 0.0379295349121094 0.143264770507812 -0.126113891601563
-0.0244712829589844 0.0641517639160156 0.25634765625 -0.076507568359375
-0.278289794921875 -0.087493896484375 0.5257568359375 0.300506591796875
-0.21527099609375 -0.0133819580078125 0.1412353515625 0.150360107421875
-0.17169189453125 -0.0423126220703125 0.006561279296875 0.32244873046875
-0.218536376953125 0.00778198242187503 0.154937744140625 0.402008056640625
-0.200576782226563 0.0964202880859375 0.228286743164063 0.248031616210938
-0.13323974609375 0.207015991210938 0.188705444335937 0.203536987304687
-0.017822265625 0.25701904296875 0.149505615234375 0.238616943359375
-0.00683593749999999 0.240371704101563 0.13958740234375 0.278076171875
-0.00283813476562498 0.247421264648438 0.101287841796875 0.345703125
-0.0642547607421875 0.239425659179688 0.011077880859375 0.369110107421875
-0.1422119140625 0.167953491210938 -0.06671142578125 0.286590576171875
-0.187164306640625 0.084747314453125 -0.14117431640625 0.173309326171875
-0.137336730957031 -0.0269622802734375 -0.109100341796875 -0.039093017578125
-0.131988525390625 -0.019866943359375 0.107582092285156 -0.131576538085938
-0.205841064453125 -0.0162353515625 0.205810546875 -0.0881195068359375
-0.451934814453125 -0.194671630859375 0.393218994140625 0.2926025390625
-0.45050048828125 -0.0952148437500001 0.05242919921875 0.162277221679687
-0.392913818359375 -0.0308837890625 0.0194091796875 0.34027099609375
-0.379669189453125 0.101104736328125 0.204071044921875 0.3841552734375
-0.290740966796875 0.210418701171875 0.277008056640625 0.181655883789062
-0.161407470703125 0.3377685546875 0.21514892578125 0.101882934570313
-0.00982666015625001 0.368621826171875 0.125007629394531 0.114181518554688
-0.00228881835937498 0.35015869140625 0.0991668701171875 0.160263061523438
0.01824951171875 0.3641357421875 0.0706024169921875 0.242080688476563
-0.051605224609375 0.3629150390625 0.013824462890625 0.29266357421875
-0.169525146484375 0.287841796875 -0.0561981201171875 0.2396240234375
-0.258987426757813 0.21197509765625 -0.131210327148438 0.159164428710938
-0.287872314453125 0.0375976562499999 -0.110664367675781 -0.0497360229492187
-0.31976318359375 -0.0431518554687501 0.0461502075195312 -0.139884948730469
-0.376129150390625 -0.0840759277343749 0.107498168945312 -0.119728088378906
-0.54376220703125 -0.2781982421875 0.219619750976563 0.266983032226563
-0.60150146484375 -0.16070556640625 -0.0489044189453125 0.18096923828125
-0.541656494140625 -0.0121459960937501 0.052764892578125 0.34234619140625
-0.473175048828125 0.184234619140625 0.26922607421875 0.313995361328125
-0.324951171875 0.29534912109375 0.323883056640625 0.06781005859375
-0.158935546875 0.413543701171875 0.229568481445313 -0.0435638427734375
0.00149536132812498 0.417999267578125 0.0895614624023437 -0.0441055297851562
0.00225830078124997 0.40484619140625 0.0429496765136719 0.0176467895507813
0.031494140625 0.430206298828125 0.0158843994140625 0.115989685058594
-0.0355224609375 0.440155029296875 -0.01263427734375 0.188430786132813
-0.179107666015625 0.377685546875 -0.0774078369140625 0.166122436523438
-0.298736572265625 0.320831298828125 -0.14471435546875 0.112930297851563
-0.409393310546875 0.113128662109375 -0.121788024902344 -0.081085205078125
-0.4774169921875 -0.0425109863281249 -0.0340576171875 -0.14605712890625
-0.508026123046875 -0.136749267578125 -0.0324249267578125 -0.162887573242188
-0.54888916015625 -0.319854736328125 0.0387420654296875 0.227371215820312
-0.6453857421875 -0.1846923828125 -0.137176513671875 0.199447631835938
-0.57330322265625 0.01513671875 0.0979003906249999 0.313934326171875
-0.464447021484375 0.2362060546875 0.322662353515625 0.199066162109375
-0.28729248046875 0.32745361328125 0.339508056640625 -0.072479248046875
-0.11700439453125 0.412689208984375 0.217193603515625 -0.20391845703125
0.016693115234375 0.397552490234375 0.042755126953125 -0.205963134765625
0.00762939453124999 0.397003173828125 -0.0199432373046875 -0.126632690429687
0.038116455078125 0.431610107421875 -0.0473709106445313 -0.0193901062011719
-0.024749755859375 0.453094482421875 -0.0568771362304688 0.0624542236328125
-0.17413330078125 0.413238525390625 -0.119461059570313 0.0645904541015626
-0.308746337890625 0.38134765625 -0.168319702148438 0.0344085693359375
-0.48187255859375 0.1630859375 -0.132705688476563 -0.130058288574219
-0.5770263671875 -0.0446777343749999 -0.12164306640625 -0.1470947265625
-0.57427978515625 -0.18017578125 -0.198455810546875 -0.211029052734375
-0.474884033203125 -0.30865478515625 -0.1131591796875 0.185089111328125
-0.58563232421875 -0.1622314453125 -0.189178466796875 0.204742431640625
-0.491668701171875 0.0457458496093751 0.130813598632812 0.2548828125
-0.355621337890625 0.23834228515625 0.336181640625 0.065338134765625
-0.19207763671875 0.291168212890625 0.3138427734375 -0.201080322265625
-0.056243896484375 0.335845947265625 0.173583984375 -0.34375
0.029693603515625 0.312408447265625 -0.01324462890625 -0.341217041015625
0.0113525390625 0.32806396484375 -0.08135986328125 -0.250411987304688
0.03204345703125 0.3668212890625 -0.10675048828125 -0.1461181640625
-0.018035888671875 0.391143798828125 -0.102989196777344 -0.0688400268554688
-0.150634765625 0.37567138671875 -0.161941528320313 -0.0506591796875
-0.286041259765625 0.372161865234375 -0.185958862304688 -0.069488525390625
-0.4913330078125 0.16607666015625 -0.127883911132813 -0.18890380859375
-0.59051513671875 -0.0604248046875001 -0.201217651367188 -0.144424438476563
-0.552520751953125 -0.2149658203125 -0.36431884765625 -0.2633056640625
-0.340789794921875 -0.254364013671875 -0.2169189453125 0.147262573242188
-0.44622802734375 -0.10595703125 -0.202590942382813 0.194992065429687
-0.33514404296875 0.0693969726562501 0.147048950195312 0.1795654296875
-0.198486328125 0.194671630859375 0.30682373046875 -0.0550537109375
-0.0783233642578125 0.203521728515625 0.2530517578125 -0.28814697265625
0.0020294189453125 0.203231811523438 0.110595703125 -0.434173583984375
0.0320281982421875 0.1822509765625 -0.070068359375 -0.430328369140625
0.0128936767578125 0.208938598632813 -0.133026123046875 -0.335418701171875
0.0251007080078125 0.241455078125 -0.149734497070313 -0.245849609375
-0.00225830078125001 0.2659912109375 -0.135345458984375 -0.181564331054688
-0.099639892578125 0.277069091796875 -0.189193725585938 -0.158966064453125
-0.219635009765625 0.2994384765625 -0.185470581054687 -0.180038452148438
-0.420867919921875 0.127227783203125 -0.102188110351563 -0.250503540039063
-0.5050048828125 -0.08770751953125 -0.25518798828125 -0.147735595703125
-0.439361572265625 -0.2296142578125 -0.501861572265625 -0.3201904296875
-0.168350219726562 -0.168701171875 -0.264907836914063 0.128036499023438
-0.260910034179688 -0.039703369140625 -0.181503295898438 0.183547973632813
-0.151443481445313 0.0749664306640625 0.148590087890625 0.107757568359375
-0.03759765625 0.120010375976563 0.256515502929688 -0.13909912109375
0.0247726440429688 0.0899658203125 0.181365966796875 -0.3260498046875
0.0451278686523438 0.0470848083496094 0.045623779296875 -0.4674072265625
0.0228404998779297 0.0266571044921875 -0.1158447265625 -0.461456298828125
0.0100631713867187 0.058258056640625 -0.165618896484375 -0.367767333984375
0.0211029052734375 0.0762939453125 -0.17315673828125 -0.296875
0.0317459106445313 0.101005554199219 -0.156814575195313 -0.252182006835938
-0.0129852294921875 0.14801025390625 -0.2064208984375 -0.237625122070313
-0.107742309570312 0.194259643554688 -0.170455932617188 -0.27777099609375
-0.278656005859375 0.0797576904296875 -0.0574951171875 -0.303131103515625
-0.326080322265625 -0.09283447265625 -0.2724609375 -0.158584594726562
-0.247589111328125 -0.203964233398437 -0.58209228515625 -0.375
-0.0584182739257812 0.0162582397460938 0.61639404296875 0.290283203125
0.0570106506347656 0.0481224060058594 0.224334716796875 0.147918701171875
0.0616683959960938 -0.0709304809570313 0.037506103515625 0.29498291015625
-0.0462875366210938 -0.0878067016601562 0.152099609375 0.374847412109375
-0.093048095703125 -0.0233688354492188 0.20050048828125 0.262847900390625
-0.0908889770507813 0.0496368408203125 0.166305541992188 0.252655029296875
-0.0198898315429688 0.108055114746094 0.168212890625 0.318206787109375
-0.0101165771484375 0.0967025756835938 0.1678466796875 0.36260986328125
-0.01824951171875 0.0995941162109375 0.12066650390625 0.422607421875
-0.0615310668945313 0.0960159301757813 -0.00479125976562498 0.429473876953125
-0.0908584594726563 0.0423049926757813 -0.0987548828125 0.323211669921875
-0.0884933471679688 -0.0336380004882813 -0.167449951171875 0.17041015625
0.0315513610839844 -0.0616302490234375 -0.116470336914062 -0.0489578247070313
0.0643806457519531 0.0358238220214844 0.149429321289063 -0.1300048828125
-0.0248641967773438 0.0667152404785156 0.264572143554688 -0.0771942138671875
-0.289031982421875 -0.085906982421875 0.544464111328125 0.30474853515625
-0.220611572265625 -0.0123748779296875 0.151443481445313 0.15167236328125
-0.179916381835938 -0.0446624755859375 0.011932373046875 0.3280029296875
-0.225738525390625 0.0117340087890625 0.16424560546875 0.40887451171875
-0.207000732421875 0.1016845703125 0.235260009765625 0.2498779296875
-0.138076782226563 0.214004516601563 0.19482421875 0.205474853515625
-0.0135040283203125 0.26519775390625 0.15643310546875 0.24554443359375
-0.00173950195312498 0.247665405273438 0.145904541015625 0.2838134765625
0.0038604736328125 0.254013061523438 0.111175537109375 0.3509521484375
-0.0594635009765625 0.248382568359375 0.0205078125 0.3768310546875
-0.14288330078125 0.176605224609375 -0.061187744140625 0.2943115234375
-0.190826416015625 0.0908203125 -0.136566162109375 0.17901611328125
-0.141159057617188 -0.0287017822265625 -0.108436584472656 -0.040496826171875
-0.135848999023438 -0.021636962890625 0.112297058105469 -0.134101867675781
-0.212631225585938 -0.013153076171875 0.211410522460938 -0.0878448486328125
-0.467193603515625 -0.193267822265625 0.406951904296875 0.29937744140625
-0.465118408203125 -0.093719482421875 0.0595550537109375 0.165435791015625
-0.40850830078125 -0.029449462890625 0.02471923828125 0.34735107421875
-0.3927001953125 0.111419677734375 0.2137451171875 0.3922119140625
-0.298065185546875 0.22149658203125 0.287139892578125 0.17974853515625
-0.165435791015625 0.35101318359375 0.220672607421875 0.09991455078125
-0.00677490234375001 0.37994384765625 0.130577087402344 0.117706298828125
0.00558471679687498 0.3609619140625 0.10205078125 0.164215087890625
0.026611328125 0.3751220703125 0.0759735107421875 0.247833251953125
-0.0452880859375 0.37518310546875 0.021209716796875 0.297332763671875
-0.16973876953125 0.3011474609375 -0.0506591796875 0.245803833007813
-0.26251220703125 0.224807739257812 -0.126571655273438 0.164169311523438
-0.298309326171875 0.0386962890624999 -0.111305236816406 -0.050811767578125
-0.33135986328125 -0.04412841796875 0.048614501953125 -0.141677856445312
-0.390167236328125 -0.08087158203125 0.110153198242187 -0.119003295898438
-0.56231689453125 -0.2801513671875 0.228317260742187 0.274581909179688
-0.62139892578125 -0.15863037109375 -0.04669189453125 0.18609619140625
-0.562225341796875 -0.011749267578125 0.059173583984375 0.347076416015625
-0.4876708984375 0.19696044921875 0.278411865234375 0.320831298828125
-0.333892822265625 0.31011962890625 0.331298828125 0.063079833984375
-0.1612548828125 0.428070068359375 0.233062744140625 -0.0509033203125
0.00387573242187504 0.432098388671875 0.0911712646484375 -0.0450592041015625
0.01068115234375 0.419586181640625 0.0420684814453125 0.0183906555175781
0.041107177734375 0.443450927734375 0.0184173583984375 0.119186401367188
-0.027801513671875 0.454010009765625 -0.00714111328125002 0.189498901367188
-0.178802490234375 0.395904541015625 -0.0733795166015625 0.169723510742188
-0.3043212890625 0.336822509765625 -0.140449523925781 0.118247985839844
-0.42266845703125 0.117279052734375 -0.123558044433594 -0.0838394165039063
-0.4952392578125 -0.0421142578124999 -0.0344085693359375 -0.145965576171875
-0.5267333984375 -0.133880615234375 -0.0341339111328125 -0.159530639648438
-0.5693359375 -0.3218994140625 0.041900634765625 0.234527587890625
-0.66693115234375 -0.17999267578125 -0.138214111328125 0.205215454101563
-0.595458984375 0.0182495117187501 0.102783203125 0.32000732421875
-0.47796630859375 0.251617431640625 0.3306884765625 0.201873779296875
-0.292755126953125 0.34088134765625 0.346954345703125 -0.080108642578125
-0.1185302734375 0.426483154296875 0.21875 -0.216232299804687
0.019927978515625 0.4111328125 0.039031982421875 -0.211074829101563
0.015228271484375 0.41107177734375 -0.0257110595703125 -0.128456115722656
0.047119140625 0.445343017578125 -0.0491676330566406 -0.0184593200683594
-0.01800537109375 0.46734619140625 -0.0557975769042969 0.0610694885253907
-0.17462158203125 0.430450439453125 -0.118293762207031 0.0670700073242188
-0.31475830078125 0.3992919921875 -0.1669921875 0.0396881103515626
-0.49884033203125 0.169647216796875 -0.138290405273438 -0.133193969726563
-0.5982666015625 -0.0394287109374999 -0.126937866210938 -0.14508056640625
-0.59515380859375 -0.17706298828125 -0.2064208984375 -0.207550048828125
-0.49078369140625 -0.315521240234375 -0.114547729492188 0.190811157226562
-0.60443115234375 -0.15936279296875 -0.193511962890625 0.2109375
-0.5098876953125 0.049224853515625 0.13525390625 0.2591552734375
-0.365203857421875 0.25201416015625 0.340789794921875 0.066009521484375
-0.195770263671875 0.302642822265625 0.315521240234375 -0.212127685546875
-0.0572509765625 0.345672607421875 0.17083740234375 -0.357757568359375
0.031829833984375 0.32318115234375 -0.0213623046875 -0.3502197265625
0.0164794921875 0.34027099609375 -0.0890960693359375 -0.253921508789063
0.0394287109375 0.377410888671875 -0.111297607421875 -0.147857666015625
-0.0135498046875 0.40301513671875 -0.104179382324219 -0.0724945068359375
-0.15167236328125 0.391876220703125 -0.162185668945312 -0.050048828125
-0.290985107421875 0.38763427734375 -0.187103271484375 -0.0670013427734375
-0.505859375 0.172027587890625 -0.135665893554688 -0.192367553710937
-0.61138916015625 -0.0571289062499999 -0.2099609375 -0.140029907226563
-0.5738525390625 -0.21588134765625 -0.378448486328125 -0.260498046875
-0.35394287109375 -0.25823974609375 -0.220947265625 0.151473999023438
-0.459686279296875 -0.102783203125 -0.206375122070313 0.20281982421875
-0.347259521484375 0.07440185546875 0.150665283203125 0.182281494140625
-0.202499389648437 0.203414916992188 0.308197021484375 -0.057373046875
-0.0778961181640625 0.21063232421875 0.252105712890625 -0.297821044921875
0.00270080566406248 0.209335327148438 0.102691650390625 -0.449188232421875
0.0330047607421875 0.187911987304688 -0.0810546875 -0.438507080078125
0.0151214599609375 0.217010498046875 -0.1422119140625 -0.341949462890625
0.029083251953125 0.249649047851563 -0.157257080078125 -0.249191284179687
0.00025939941406249 0.274429321289063 -0.139907836914063 -0.186248779296875
-0.10089111328125 0.288665771484375 -0.192901611328125 -0.160552978515625
-0.223876953125 0.31256103515625 -0.189559936523438 -0.180679321289062
-0.4342041015625 0.131591796875 -0.110641479492188 -0.254531860351563
-0.52325439453125 -0.085357666015625 -0.266769409179688 -0.143325805664062
-0.4566650390625 -0.229766845703125 -0.51995849609375 -0.3160400390625
-0.175491333007812 -0.171585083007813 -0.271011352539063 0.130950927734375
-0.268341064453125 -0.035125732421875 -0.185821533203125 0.190353393554687
-0.158187866210938 0.0782623291015625 0.150665283203125 0.109649658203125
-0.0384979248046875 0.123504638671875 0.255325317382813 -0.14288330078125
0.0269622802734375 0.0919876098632813 0.178741455078125 -0.335784912109375
0.04461669921875 0.0481758117675781 0.03558349609375 -0.482421875
0.0211982727050781 0.0277805328369141 -0.127349853515625 -0.471038818359375
0.0100631713867188 0.061553955078125 -0.175567626953125 -0.375579833984375
0.021697998046875 0.0795364379882812 -0.180572509765625 -0.30194091796875
0.0320968627929688 0.102935791015625 -0.161758422851563 -0.258316040039063
-0.011962890625 0.152572631835938 -0.211715698242188 -0.240890502929688
-0.109451293945312 0.202926635742188 -0.176956176757813 -0.281143188476563
-0.286834716796875 0.08270263671875 -0.066070556640625 -0.309326171875
-0.33697509765625 -0.0936584472656249 -0.285919189453125 -0.15411376953125
-0.258056640625 -0.204879760742188 -0.60394287109375 -0.375732421875
-0.0620841979980469 0.0231742858886719 0.65020751953125 0.27545166015625
0.0616188049316406 0.0465965270996094 0.243621826171875 0.139541625976563
0.0603179931640625 -0.0771713256835938 0.055328369140625 0.29827880859375
-0.0509185791015625 -0.0884017944335938 0.17291259765625 0.377532958984375
-0.0977630615234375 -0.0215606689453125 0.21563720703125 0.261505126953125
-0.0943756103515625 0.056182861328125 0.18182373046875 0.256484985351563
-0.01324462890625 0.112442016601562 0.192169189453125 0.322662353515625
-0.00307464599609375 0.100143432617188 0.191436767578125 0.366455078125
-0.0123443603515625 0.103347778320313 0.14385986328125 0.430328369140625
-0.0591354370117188 0.103172302246094 0.01715087890625 0.44134521484375
-0.091705322265625 0.046661376953125 -0.08306884765625 0.338836669921875
-0.0919952392578125 -0.0309219360351563 -0.160629272460938 0.185440063476563
0.0302734375 -0.0679092407226563 -0.1187744140625 -0.0469818115234375
0.0692634582519531 0.0304374694824219 0.153656005859375 -0.14178466796875
-0.0222320556640625 0.0719680786132812 0.271133422851563 -0.0899658203125
-0.30474853515625 -0.0748291015624999 0.5777587890625 0.2965087890625
-0.230514526367188 -0.00357055664062504 0.167266845703125 0.148513793945313
-0.191513061523437 -0.040863037109375 0.029998779296875 0.335205078125
-0.234039306640625 0.0228424072265625 0.186798095703125 0.413482666015625
-0.210556030273438 0.113983154296875 0.251663208007813 0.24432373046875
-0.1370849609375 0.23004150390625 0.208511352539063 0.202896118164063
-0.00155639648437497 0.276138305664063 0.174713134765625 0.247421264648438
0.014190673828125 0.256195068359375 0.16290283203125 0.28778076171875
0.0175933837890625 0.263656616210938 0.13116455078125 0.355682373046875
-0.0478973388671875 0.260513305664063 0.041290283203125 0.38507080078125
-0.138687133789063 0.19061279296875 -0.04730224609375 0.30535888671875
-0.193023681640625 0.1043701171875 -0.127593994140625 0.190460205078125
-0.149276733398437 -0.025909423828125 -0.110488891601563 -0.0385284423828125
-0.143112182617188 -0.0212554931640625 0.114334106445313 -0.142547607421875
-0.221694946289063 -0.00350952148437498 0.216476440429688 -0.0955352783203125
-0.49444580078125 -0.179595947265625 0.43634033203125 0.2957763671875
-0.488189697265625 -0.076507568359375 0.072845458984375 0.166549682617188
-0.429840087890625 -0.018035888671875 0.042694091796875 0.353912353515625
-0.404754638671875 0.13336181640625 0.236572265625 0.394561767578125
-0.3031005859375 0.243743896484375 0.302703857421875 0.17205810546875
-0.160858154296875 0.37213134765625 0.230941772460938 0.0904693603515625
0.0115966796875 0.39630126953125 0.141525268554688 0.11773681640625
0.025909423828125 0.375457763671875 0.111053466796875 0.165176391601563
0.046844482421875 0.388336181640625 0.089202880859375 0.2513427734375
-0.026702880859375 0.39227294921875 0.0374755859375 0.3035888671875
-0.1611328125 0.32330322265625 -0.03741455078125 0.255523681640625
-0.262603759765625 0.247543334960937 -0.117599487304687 0.17474365234375
-0.309478759765625 0.0514221191406249 -0.114990234375 -0.0507583618164062
-0.348480224609375 -0.033966064453125 0.047943115234375 -0.146713256835938
-0.4093017578125 -0.0654907226562499 0.109977722167969 -0.121086120605469
-0.59576416015625 -0.2657470703125 0.248550415039062 0.276641845703125
-0.64996337890625 -0.13665771484375 -0.0366058349609375 0.194244384765625
-0.58929443359375 0.00823974609375001 0.0752258300781249 0.352020263671875
-0.499847412109375 0.227691650390625 0.301361083984375 0.3194580078125
-0.33349609375 0.339599609375 0.344390869140625 0.04791259765625
-0.15087890625 0.452392578125 0.236709594726563 -0.0672149658203125
0.025360107421875 0.450164794921875 0.0904159545898437 -0.0491485595703125
0.03271484375 0.437042236328125 0.0405502319335938 0.0185127258300782
0.065643310546875 0.457855224609375 0.0241012573242188 0.123420715332031
-0.00411987304687499 0.472747802734375 0.00149536132812502 0.193878173828125
-0.16668701171875 0.421417236328125 -0.06494140625 0.177139282226563
-0.299041748046875 0.36822509765625 -0.133956909179688 0.127769470214844
-0.43646240234375 0.136016845703125 -0.132438659667969 -0.0819549560546875
-0.519683837890625 -0.02484130859375 -0.0401153564453125 -0.146743774414062
-0.553802490234375 -0.115020751953125 -0.042633056640625 -0.1571044921875
-0.60235595703125 -0.3115234375 0.0551452636718749 0.24334716796875
-0.698486328125 -0.1568603515625 -0.13330078125 0.217803955078125
-0.62255859375 0.0411376953125001 0.119232177734375 0.322601318359375
-0.48431396484375 0.2808837890625 0.347808837890625 0.197357177734375
-0.28973388671875 0.369110107421875 0.352142333984375 -0.099884033203125
-0.106414794921875 0.448455810546875 0.212493896484375 -0.237899780273437
0.038726806640625 0.427734375 0.0285797119140625 -0.220382690429687
0.036590576171875 0.427520751953125 -0.0345840454101563 -0.129753112792969
0.069732666015625 0.46063232421875 -0.0526657104492187 -0.0161476135253906
0.00418090820312498 0.48651123046875 -0.0534324645996094 0.0631675720214844
-0.1617431640625 0.459869384765625 -0.115432739257813 0.073089599609375
-0.308746337890625 0.432281494140625 -0.165740966796875 0.0468597412109375
-0.513824462890625 0.1932373046875 -0.148971557617188 -0.132461547851563
-0.6273193359375 -0.0167236328125 -0.1375732421875 -0.139022827148437
-0.62762451171875 -0.15789794921875 -0.222091674804688 -0.198104858398438
-0.5224609375 -0.30438232421875 -0.109024047851563 0.201095581054687
-0.6326904296875 -0.13531494140625 -0.189727783203125 0.2264404296875
-0.530487060546875 0.07196044921875 0.15008544921875 0.259384155273438
-0.368896484375 0.27783203125 0.350830078125 0.054046630859375
-0.187896728515625 0.324005126953125 0.313934326171875 -0.23162841796875
-0.045654296875 0.362274169921875 0.1568603515625 -0.382598876953125
0.045867919921875 0.335113525390625 -0.039947509765625 -0.3599853515625
0.034454345703125 0.355010986328125 -0.106414794921875 -0.257003784179688
0.05950927734375 0.390777587890625 -0.121353149414062 -0.146865844726563
0.00546264648437497 0.420318603515625 -0.111007690429687 -0.0717849731445313
-0.14068603515625 0.415496826171875 -0.168182373046875 -0.045867919921875
-0.286102294921875 0.4178466796875 -0.193496704101563 -0.0607452392578125
-0.521392822265625 0.197509765625 -0.150833129882813 -0.193618774414063
-0.64215087890625 -0.0350341796874999 -0.224395751953125 -0.129745483398437
-0.60516357421875 -0.19635009765625 -0.403472900390625 -0.245758056640625
-0.377899169921875 -0.25238037109375 -0.221847534179688 0.164520263671875
-0.48077392578125 -0.0825195312500001 -0.204864501953125 0.217849731445312
-0.36004638671875 0.0908203125 0.160980224609375 0.180877685546875
-0.202102661132812 0.220657348632813 0.312042236328125 -0.0697021484375
-0.0711669921875 0.223419189453125 0.243865966796875 -0.31964111328125
0.00938415527343751 0.2177734375 0.080718994140625 -0.470062255859375
0.0396270751953125 0.194046020507813 -0.10601806640625 -0.447723388671875
0.026123046875 0.226852416992188 -0.164947509765625 -0.344696044921875
0.04119873046875 0.259231567382813 -0.17193603515625 -0.25006103515625
0.01171875 0.28485107421875 -0.151123046875 -0.1881103515625
-0.092010498046875 0.306549072265625 -0.204864501953125 -0.158279418945312
-0.220794677734375 0.3350830078125 -0.201797485351563 -0.177291870117187
-0.44781494140625 0.1522216796875 -0.128753662109375 -0.258438110351562
-0.548675537109375 -0.0672912597656251 -0.284881591796875 -0.131011962890625
-0.483642578125 -0.21575927734375 -0.55279541015625 -0.299530029296875
-0.190155029296875 -0.169876098632813 -0.275955200195313 0.14349365234375
-0.279342651367188 -0.0235137939453126 -0.184219360351563 0.203933715820313
-0.161834716796875 0.087890625 0.156784057617188 0.105743408203125
-0.0360641479492188 0.129600524902344 0.251861572265625 -0.156021118164063
0.0320281982421875 0.0931930541992188 0.16455078125 -0.353973388671875
0.0451240539550781 0.0480995178222656 0.00894165039062502 -0.50067138671875
0.0202465057373047 0.0279006958007813 -0.157318115234375 -0.479248046875
0.0116348266601562 0.0651359558105469 -0.19744873046875 -0.378173828125
0.0251922607421875 0.0834197998046875 -0.200103759765625 -0.304656982421875
0.036773681640625 0.105255126953125 -0.17828369140625 -0.259658813476563
-0.00608825683593749 0.159500122070313 -0.227828979492188 -0.23931884765625
-0.105255126953125 0.21685791015625 -0.194534301757812 -0.281082153320312
-0.295196533203125 0.095245361328125 -0.0860595703125 -0.31585693359375
-0.353912353515625 -0.082305908203125 -0.305023193359375 -0.14129638671875
-0.27618408203125 -0.198638916015625 -0.64422607421875 -0.35784912109375
-0.0634346008300781 0.0323143005371094 0.67926025390625 0.23516845703125
0.0643272399902344 0.044219970703125 0.260955810546875 0.119384765625
0.05560302734375 -0.0826034545898438 0.0770263671875 0.293365478515625
-0.058258056640625 -0.0848846435546875 0.197265625 0.367950439453125
-0.102622985839844 -0.0154190063476562 0.233352661132812 0.249221801757813
-0.0946807861328125 0.0647964477539063 0.198577880859375 0.24932861328125
-0.00489807128906251 0.112152099609375 0.21881103515625 0.312408447265625
0.00576019287109375 0.0974349975585937 0.222015380859375 0.35723876953125
-0.00480651855468749 0.107749938964844 0.177642822265625 0.420745849609375
-0.0523452758789062 0.109535217285156 0.052459716796875 0.4415283203125
-0.0870742797851562 0.056182861328125 -0.055999755859375 0.347930908203125
-0.094482421875 -0.024017333984375 -0.142242431640625 0.195724487304687
0.0249481201171875 -0.0731887817382813 -0.117889404296875 -0.038299560546875
0.071258544921875 0.0228347778320313 0.149551391601563 -0.1505126953125
-0.0170135498046875 0.0771713256835938 0.26898193359375 -0.107376098632813
-0.317626953125 -0.050811767578125 0.60693359375 0.26409912109375
-0.230880737304688 0.015380859375 0.18328857421875 0.135833740234375
-0.201828002929687 -0.03143310546875 0.055389404296875 0.329742431640625
-0.236923217773438 0.0373687744140625 0.215667724609375 0.4024658203125
-0.208343505859375 0.132644653320313 0.271682739257813 0.226547241210938
-0.126678466796875 0.247604370117188 0.225753784179688 0.19244384765625
0.018524169921875 0.279891967773438 0.197662353515625 0.240814208984375
0.0344696044921875 0.258453369140625 0.1866455078125 0.278640747070313
0.0410614013671875 0.265762329101563 0.1622314453125 0.348114013671875
-0.02728271484375 0.269790649414063 0.071502685546875 0.385101318359375
-0.126266479492187 0.204925537109375 -0.02154541015625 0.3096923828125
-0.188461303710938 0.122406005859375 -0.10906982421875 0.197845458984375
-0.155105590820313 -0.0205841064453125 -0.112434387207031 -0.0343399047851562
-0.147109985351563 -0.0125885009765625 0.1102294921875 -0.1522216796875
-0.225936889648438 0.015167236328125 0.212478637695312 -0.107803344726562
-0.5146484375 -0.1466064453125 0.466156005859375 0.272979736328125
-0.499359130859375 -0.041717529296875 0.08843994140625 0.159500122070313
-0.443328857421875 0.0106506347656251 0.0669250488281249 0.349517822265625
-0.402862548828125 0.164337158203125 0.2650146484375 0.384063720703125
-0.291107177734375 0.27044677734375 0.3157958984375 0.151763916015625
-0.140106201171875 0.39324951171875 0.237991333007813 0.0706329345703125
0.04010009765625 0.4005126953125 0.149826049804688 0.108993530273438
0.056121826171875 0.3795166015625 0.121856689453125 0.162002563476563
0.0784912109375 0.391265869140625 0.111892700195312 0.247055053710938
0.00460815429687498 0.39886474609375 0.0609130859375 0.3018798828125
-0.13970947265625 0.343505859375 -0.0158233642578125 0.257415771484375
-0.248519897460938 0.272659301757812 -0.102142333984375 0.183685302734375
-0.314544677734375 0.070404052734375 -0.117988586425781 -0.0442276000976563
-0.35888671875 -0.013580322265625 0.0404510498046875 -0.151702880859375
-0.42083740234375 -0.0354003906249999 0.104804992675781 -0.126289367675781
-0.62152099609375 -0.232666015625 0.276321411132812 0.266921997070313
-0.6680908203125 -0.09368896484375 -0.0227813720703126 0.194442749023438
-0.60577392578125 0.0471191406249999 0.102813720703125 0.34625244140625
-0.4930419921875 0.26806640625 0.3243408203125 0.304595947265625
-0.31292724609375 0.369293212890625 0.349761962890625 0.024200439453125
-0.12347412109375 0.475555419921875 0.23382568359375 -0.0890350341796875
0.057708740234375 0.457855224609375 0.0882034301757813 -0.0555572509765625
0.067413330078125 0.4390869140625 0.0411567687988281 0.0172767639160157
0.102630615234375 0.462646484375 0.0320587158203125 0.124519348144531
0.03216552734375 0.479949951171875 0.0171051025390625 0.194046020507813
-0.138763427734375 0.444061279296875 -0.046356201171875 0.181228637695313
-0.27667236328125 0.397674560546875 -0.118896484375 0.137939453125
-0.438568115234375 0.166961669921875 -0.139549255371094 -0.074462890625
-0.533477783203125 0.0129089355468751 -0.04852294921875 -0.142745971679688
-0.56732177734375 -0.0770874023437499 -0.0516204833984375 -0.151519775390625
-0.63287353515625 -0.277099609375 0.0753631591796874 0.241287231445313
-0.72064208984375 -0.11114501953125 -0.116622924804688 0.227676391601562
-0.6348876953125 0.081298828125 0.140472412109375 0.314300537109375
-0.474945068359375 0.321502685546875 0.363006591796875 0.174896240234375
-0.269866943359375 0.39678955078125 0.348297119140625 -0.12567138671875
-0.0753173828125 0.465972900390625 0.196380615234375 -0.2591552734375
0.0665283203125 0.433624267578125 0.01025390625 -0.224258422851562
0.0701904296874999 0.43438720703125 -0.0455703735351563 -0.127769470214844
0.1080322265625 0.46417236328125 -0.0530891418457031 -0.01177978515625
0.04290771484375 0.49285888671875 -0.0485649108886719 0.0659255981445313
-0.134368896484375 0.48211669921875 -0.109588623046875 0.0812911987304688
-0.2841796875 0.465728759765625 -0.159820556640625 0.056976318359375
-0.513427734375 0.229217529296875 -0.162460327148438 -0.124618530273437
-0.6417236328125 0.0248413085937499 -0.147567749023438 -0.125686645507813
-0.64788818359375 -0.115478515625 -0.236663818359375 -0.177230834960938
-0.550140380859375 -0.27392578125 -0.0955810546875 0.210342407226563
-0.6500244140625 -0.0913696289062501 -0.17828369140625 0.240737915039063
-0.54071044921875 0.107818603515625 0.167266845703125 0.247589111328125
-0.35595703125 0.309356689453125 0.35650634765625 0.032379150390625
-0.1683349609375 0.34478759765625 0.29803466796875 -0.256591796875
-0.020416259765625 0.374267578125 0.125732421875 -0.400634765625
0.06884765625 0.34039306640625 -0.068603515625 -0.359832763671875
0.060791015625 0.359405517578125 -0.127853393554687 -0.2508544921875
0.087738037109375 0.3956298828125 -0.132415771484375 -0.139610290527344
0.037628173828125 0.42608642578125 -0.117706298828125 -0.0674362182617187
-0.11370849609375 0.43719482421875 -0.172256469726563 -0.0343475341796875
-0.26263427734375 0.44757080078125 -0.196853637695313 -0.0471191406249999
-0.52105712890625 0.23492431640625 -0.168106079101563 -0.186233520507813
-0.65631103515625 0.00701904296874996 -0.235824584960938 -0.1099853515625
-0.62884521484375 -0.1563720703125 -0.423583984375 -0.211944580078125
-0.39984130859375 -0.23211669921875 -0.212646484375 0.1768798828125
-0.489654541015625 -0.049407958984375 -0.191787719726563 0.233200073242188
-0.36322021484375 0.11651611328125 0.171035766601562 0.170013427734375
-0.192367553710937 0.237869262695313 0.307281494140625 -0.08782958984375
-0.05474853515625 0.232376098632812 0.218414306640625 -0.339447021484375
0.02252197265625 0.2198486328125 0.0418701171875 -0.48388671875
0.0531768798828125 0.197036743164063 -0.142242431640625 -0.444305419921875
0.0438995361328125 0.230712890625 -0.1917724609375 -0.33624267578125
0.0592803955078125 0.260482788085938 -0.1925048828125 -0.241195678710937
0.031219482421875 0.289031982421875 -0.16607666015625 -0.179855346679687
-0.0728759765625 0.320404052734375 -0.21722412109375 -0.14599609375
-0.20074462890625 0.35980224609375 -0.213592529296875 -0.16351318359375
-0.44964599609375 0.182708740234375 -0.151824951171875 -0.252532958984375
-0.5665283203125 -0.0302734375000001 -0.297882080078125 -0.107635498046875
-0.5052490234375 -0.183319091796875 -0.5814208984375 -0.25927734375
-0.204818725585938 -0.162124633789063 -0.270553588867188 0.157699584960938
-0.282806396484375 -0.00177001953125 -0.1746826171875 0.21600341796875
-0.161758422851563 0.100311279296875 0.162857055664063 0.0977935791015625
-0.0272064208984375 0.132232666015625 0.238067626953125 -0.171890258789063
0.039764404296875 0.0922622680664062 0.13909912109375 -0.3665771484375
0.0482292175292969 0.0468063354492187 -0.033111572265625 -0.504608154296875
0.0195274353027344 0.0293903350830078 -0.1953125 -0.4691162109375
0.0147171020507813 0.0672149658203125 -0.2276611328125 -0.370758056640625
0.0306777954101562 0.0839157104492188 -0.221435546875 -0.294097900390625
0.0427169799804688 0.104339599609375 -0.194320678710938 -0.251174926757813
0.0054168701171875 0.163543701171875 -0.244796752929687 -0.226959228515625
-0.0915679931640625 0.228347778320312 -0.214157104492188 -0.266754150390625
-0.29498291015625 0.115936279296875 -0.113006591796875 -0.3145751953125
-0.3701171875 -0.060455322265625 -0.3221435546875 -0.1153564453125
-0.292999267578125 -0.18218994140625 -0.67559814453125 -0.3140869140625
-0.0595817565917969 0.0412979125976563 0.6826171875 0.1856689453125
0.0692520141601563 0.0393638610839844 0.269210815429688 0.0946197509765625
0.0478668212890625 -0.0860443115234375 0.0951690673828125 0.27667236328125
-0.0629043579101563 -0.0820083618164062 0.2174072265625 0.346099853515625
-0.103263854980469 -0.00749969482421874 0.245437622070313 0.227432250976562
-0.0908050537109375 0.0756149291992188 0.213150024414063 0.231918334960938
0.00342559814453126 0.108512878417969 0.23797607421875 0.291748046875
0.0123672485351562 0.0952606201171875 0.2412109375 0.333160400390625
0.00537872314453125 0.10443115234375 0.20477294921875 0.399444580078125
-0.0397109985351562 0.111679077148438 0.08441162109375 0.429107666015625
-0.0843887329101563 0.0611038208007812 -0.028167724609375 0.342254638671875
-0.0954437255859375 -0.0152816772460938 -0.122390747070313 0.200790405273438
0.0187606811523438 -0.078338623046875 -0.115989685058594 -0.031097412109375
0.074737548828125 0.0145416259765625 0.140396118164063 -0.158447265625
-0.0118331909179687 0.078643798828125 0.258102416992188 -0.119827270507813
-0.3150634765625 -0.024993896484375 0.61529541015625 0.22088623046875
-0.228668212890625 0.029998779296875 0.1953125 0.117019653320313
-0.202377319335938 -0.01861572265625 0.07354736328125 0.315643310546875
-0.231430053710937 0.0537109375 0.238006591796875 0.382965087890625
-0.197479248046875 0.145980834960938 0.279342651367187 0.204635620117187
-0.107391357421875 0.255447387695313 0.23114013671875 0.172225952148438
0.03802490234375 0.2763671875 0.208084106445313 0.220565795898438
0.053619384765625 0.250473022460938 0.20086669921875 0.2615966796875
0.059844970703125 0.25933837890625 0.180511474609375 0.33343505859375
-0.00508117675781251 0.264892578125 0.097320556640625 0.369842529296875
-0.110580444335938 0.209213256835938 0.00567626953125002 0.305267333984375
-0.175338745117188 0.133865356445313 -0.087982177734375 0.20166015625
-0.15826416015625 -0.0101470947265625 -0.110206604003906 -0.0270843505859375
-0.147323608398438 -0.00750732421874997 0.101516723632813 -0.1546630859375
-0.220230102539063 0.030181884765625 0.203704833984375 -0.11602783203125
-0.516448974609375 -0.11016845703125 0.477264404296875 0.23834228515625
-0.493194580078125 -0.00927734374999997 0.103515625 0.149551391601563
-0.443572998046875 0.0349731445312499 0.088836669921875 0.330108642578125
-0.38916015625 0.190185546875 0.28533935546875 0.358673095703125
-0.2706298828125 0.289031982421875 0.32122802734375 0.1243896484375
-0.112091064453125 0.39886474609375 0.23577880859375 0.05426025390625
0.066253662109375 0.394500732421875 0.155227661132813 0.09613037109375
0.082183837890625 0.368865966796875 0.130691528320313 0.150863647460938
0.106109619140625 0.379791259765625 0.124374389648438 0.235733032226563
0.035247802734375 0.393310546875 0.0802001953125 0.28753662109375
-0.11248779296875 0.349151611328125 0.00535583496093749 0.25360107421875
-0.224609375 0.28851318359375 -0.0810699462890625 0.182464599609375
-0.309356689453125 0.088897705078125 -0.118873596191406 -0.0385055541992188
-0.356719970703125 0.00808715820312502 0.033294677734375 -0.1497802734375
-0.41302490234375 -0.00582885742187492 0.0966415405273437 -0.123672485351563
-0.62738037109375 -0.1844482421875 0.28973388671875 0.246002197265625
-0.66156005859375 -0.0476684570312501 -0.00476074218750005 0.19317626953125
-0.60137939453125 0.0821533203125 0.1195068359375 0.325958251953125
-0.472015380859375 0.297637939453125 0.337493896484375 0.279022216796875
-0.2880859375 0.3878173828125 0.34246826171875 -0.00357055664062498
-0.089324951171875 0.47821044921875 0.218338012695313 -0.10479736328125
0.086090087890625 0.4464111328125 0.0815200805664063 -0.0602569580078125
0.0997314453125 0.430206298828125 0.0396842956542969 0.0174827575683594
0.13507080078125 0.44677734375 0.0415878295898438 0.119606018066406
0.066009521484375 0.47076416015625 0.02996826171875 0.18719482421875
-0.104888916015625 0.450225830078125 -0.032470703125 0.18011474609375
-0.24554443359375 0.41424560546875 -0.104446411132813 0.139358520507813
-0.427734375 0.1912841796875 -0.14215087890625 -0.066680908203125
-0.5286865234375 0.042938232421875 -0.0536575317382813 -0.134063720703125
-0.56488037109375 -0.0364990234375 -0.0584564208984375 -0.135391235351563
-0.6407470703125 -0.23114013671875 0.092437744140625 0.2342529296875
-0.71356201171875 -0.0595092773437499 -0.0997161865234375 0.229476928710938
-0.62646484375 0.123046875 0.15399169921875 0.29254150390625
-0.449859619140625 0.3511962890625 0.367431640625 0.1514892578125
-0.2379150390625 0.411102294921875 0.330352783203125 -0.15057373046875
-0.046112060546875 0.465850830078125 0.167877197265625 -0.270538330078125
0.096038818359375 0.4234619140625 -0.00503540039062497 -0.219985961914062
0.102996826171875 0.422119140625 -0.0565643310546875 -0.118186950683594
0.139434814453125 0.45025634765625 -0.0529747009277344 -0.00811386108398435
0.0773925781250001 0.48284912109375 -0.0442619323730469 0.0662345886230469
-0.094879150390625 0.48431396484375 -0.0991134643554688 0.0844802856445313
-0.245758056640625 0.481231689453125 -0.148406982421875 0.0662994384765625
-0.494659423828125 0.258819580078125 -0.168960571289063 -0.112045288085937
-0.6351318359375 0.0648193359375 -0.1497802734375 -0.109588623046875
-0.64263916015625 -0.0692138671875 -0.240097045898438 -0.150787353515625
-0.561859130859375 -0.236053466796875 -0.0781250000000001 0.209518432617187
-0.64190673828125 -0.0469360351562501 -0.158828735351562 0.244918823242188
-0.530548095703125 0.1427001953125 0.174774169921875 0.228195190429688
-0.333587646484375 0.3299560546875 0.3489990234375 0.012908935546875
-0.1427001953125 0.352264404296875 0.2711181640625 -0.273895263671875
0.000885009765624969 0.37054443359375 0.0916748046875 -0.4029541015625
0.09130859375 0.331787109375 -0.09271240234375 -0.348724365234375
0.0865478515625 0.3511962890625 -0.14190673828125 -0.235565185546875
0.1141357421875 0.382110595703125 -0.138961791992188 -0.128150939941406
0.0655517578125 0.419769287109375 -0.117790222167969 -0.059539794921875
-0.08026123046875 0.4395751953125 -0.1673583984375 -0.02392578125
-0.22698974609375 0.463226318359375 -0.192413330078125 -0.03363037109375
-0.503204345703125 0.262451171875 -0.18084716796875 -0.170913696289062
-0.65081787109375 0.05023193359375 -0.235641479492188 -0.087860107421875
-0.62701416015625 -0.1085205078125 -0.427581787109375 -0.17535400390625
-0.41064453125 -0.204742431640625 -0.196197509765625 0.184295654296875
-0.48419189453125 -0.0136718750000001 -0.175018310546875 0.237564086914062
-0.35357666015625 0.13812255859375 0.174728393554687 0.15167236328125
-0.173538208007813 0.24761962890625 0.29034423828125 -0.104217529296875
-0.03802490234375 0.231292724609375 0.18768310546875 -0.345947265625
0.0362548828125 0.216796875 0.00198364257812505 -0.477752685546875
0.0643463134765625 0.191604614257813 -0.1702880859375 -0.424560546875
0.0590362548828125 0.22564697265625 -0.209808349609375 -0.31512451171875
0.0771331787109375 0.253952026367188 -0.203048706054687 -0.224533081054688
0.051727294921875 0.284271240234375 -0.173202514648438 -0.16650390625
-0.048370361328125 0.32220458984375 -0.219711303710937 -0.128036499023438
-0.171966552734375 0.368377685546875 -0.219512939453125 -0.14617919921875
-0.43377685546875 0.20751953125 -0.1685791015625 -0.235916137695313
-0.56365966796875 0.00592041015624991 -0.299468994140625 -0.07867431640625
-0.510223388671875 -0.14727783203125 -0.58392333984375 -0.21142578125
-0.213714599609375 -0.148681640625 -0.25433349609375 0.1693115234375
-0.276397705078125 0.0175628662109375 -0.157852172851563 0.220535278320312
-0.154449462890625 0.110870361328125 0.163284301757813 0.082366943359375
-0.0209808349609375 0.133903503417969 0.217330932617188 -0.180816650390625
0.0457916259765625 0.0880203247070313 0.10400390625 -0.36572265625
0.0478553771972656 0.0411911010742188 -0.072967529296875 -0.49310302734375
0.0198230743408203 0.0273513793945312 -0.224273681640625 -0.4453125
0.0202140808105469 0.0655975341796875 -0.2476806640625 -0.3453369140625
0.0345077514648438 0.0815963745117188 -0.237823486328125 -0.274932861328125
0.0482635498046875 0.101295471191406 -0.206802368164062 -0.235855102539063
0.0153350830078125 0.160476684570313 -0.254486083984375 -0.203262329101563
-0.0750885009765625 0.230697631835938 -0.227920532226562 -0.247604370117187
-0.28564453125 0.132080078125 -0.135345458984375 -0.298370361328125
-0.3663330078125 -0.034942626953125 -0.321044921875 -0.085418701171875
-0.301483154296875 -0.159027099609375 -0.68157958984375 -0.25811767578125
-0.0537910461425781 0.04730224609375 0.6697998046875 0.15313720703125
0.0703277587890625 0.0365142822265625 0.265838623046875 0.0745849609375
0.0431289672851563 -0.0870819091796875 0.101409912109375 0.259567260742187
-0.0641403198242188 -0.0768814086914063 0.22454833984375 0.323760986328125
-0.100296020507812 -0.0050048828125 0.247100830078125 0.207611083984375
-0.0844879150390625 0.0809326171875 0.2154541015625 0.215988159179688
0.00734710693359374 0.106170654296875 0.241043090820313 0.270065307617188
0.016326904296875 0.089111328125 0.2470703125 0.308746337890625
0.0118942260742188 0.100395202636719 0.215087890625 0.37774658203125
-0.0323715209960937 0.109931945800781 0.101409912109375 0.40789794921875
-0.0768890380859375 0.0634841918945312 -0.00708007812499997 0.32977294921875
-0.092620849609375 -0.0104217529296875 -0.104690551757813 0.19580078125
0.0127716064453125 -0.077178955078125 -0.110580444335938 -0.0264129638671875
0.0698051452636719 0.00826263427734375 0.132186889648438 -0.16162109375
-0.00623321533203125 0.0785751342773438 0.24456787109375 -0.123519897460937
-0.305450439453125 -0.00961303710937495 0.6085205078125 0.1878662109375
-0.218368530273438 0.0384368896484375 0.196945190429688 0.0997161865234375
-0.201751708984375 -0.011688232421875 0.08258056640625 0.296173095703125
-0.225723266601563 0.0643310546875 0.245452880859375 0.35791015625
-0.186569213867188 0.150741577148438 0.278640747070313 0.183563232421875
-0.0944976806640625 0.256057739257813 0.227996826171875 0.156051635742188
0.0482025146484375 0.265396118164063 0.210601806640625 0.203201293945313
0.06298828125 0.23858642578125 0.205123901367188 0.24322509765625
0.07135009765625 0.247299194335937 0.190582275390625 0.31317138671875
0.00846862792968749 0.258499145507813 0.1092529296875 0.351806640625
-0.0954437255859375 0.211471557617188 0.020477294921875 0.291778564453125
-0.162918090820312 0.139694213867188 -0.072662353515625 0.194290161132812
-0.155899047851563 -0.00518798828125003 -0.107101440429688 -0.0222625732421875
-0.14654541015625 -0.00205993652343751 0.0943603515625 -0.155029296875
-0.210479736328125 0.040130615234375 0.194076538085938 -0.116195678710938
-0.506561279296875 -0.085845947265625 0.475067138671875 0.2130126953125
-0.475982666015625 0.011932373046875 0.107925415039062 0.137016296386719
-0.4344482421875 0.05059814453125 0.093994140625 0.31011962890625
-0.37139892578125 0.201934814453125 0.290802001953125 0.33489990234375
-0.25054931640625 0.292633056640625 0.312408447265625 0.103912353515625
-0.090728759765625 0.397552490234375 0.227325439453125 0.0399932861328125
0.081787109375 0.381988525390625 0.152725219726563 0.084808349609375
0.098663330078125 0.353515625 0.133514404296875 0.141021728515625
0.122528076171875 0.362518310546875 0.132766723632813 0.221389770507813
0.0545654296875 0.37884521484375 0.0900726318359375 0.274444580078125
-0.09051513671875 0.346343994140625 0.018707275390625 0.240585327148438
-0.20306396484375 0.291290283203125 -0.066314697265625 0.176803588867188
-0.3011474609375 0.09765625 -0.116851806640625 -0.0324935913085938
-0.349822998046875 0.02239990234375 0.029632568359375 -0.14495849609375
-0.399078369140625 0.0111083984375 0.0913772583007812 -0.117568969726563
-0.61834716796875 -0.15667724609375 0.293243408203125 0.224029541015625
-0.64288330078125 -0.0184326171875001 0.00463867187499998 0.182098388671875
-0.5863037109375 0.10406494140625 0.123992919921875 0.3052978515625
-0.4473876953125 0.312774658203125 0.33856201171875 0.256134033203125
-0.26312255859375 0.39013671875 0.33135986328125 -0.019805908203125
-0.068267822265625 0.46966552734375 0.202377319335938 -0.11468505859375
0.1033935546875 0.43231201171875 0.0745010375976563 -0.06365966796875
0.118682861328125 0.4114990234375 0.0391044616699219 0.0170059204101563
0.15277099609375 0.428497314453125 0.0460586547851563 0.112541198730469
0.08917236328125 0.45361328125 0.0361480712890625 0.177719116210938
-0.07904052734375 0.442535400390625 -0.0212249755859375 0.172897338867188
-0.21917724609375 0.41607666015625 -0.0911026000976563 0.137290954589844
-0.41192626953125 0.2021484375 -0.141799926757813 -0.0591583251953125
-0.516204833984375 0.0639038085937501 -0.0546798706054688 -0.125022888183594
-0.546539306640625 -0.0136108398437501 -0.0575027465820313 -0.123252868652344
-0.63336181640625 -0.1993408203125 0.100112915039062 0.22003173828125
-0.6929931640625 -0.0272216796875001 -0.0865783691406251 0.222198486328125
-0.6114501953125 0.14398193359375 0.155044555664062 0.272201538085938
-0.42333984375 0.3624267578125 0.36083984375 0.132110595703125
-0.2127685546875 0.4111328125 0.31134033203125 -0.160308837890625
-0.026092529296875 0.45648193359375 0.147018432617188 -0.271804809570312
0.11181640625 0.4085693359375 -0.0162200927734375 -0.211334228515625
0.11956787109375 0.406951904296875 -0.0592575073242187 -0.110038757324219
0.155303955078125 0.431884765625 -0.0506401062011719 -0.00508117675781248
0.098480224609375 0.465179443359375 -0.0396003723144531 0.0652236938476563
-0.069061279296875 0.47796630859375 -0.0890045166015625 0.0849838256835938
-0.217742919921875 0.480621337890625 -0.137550354003906 0.0690689086914063
-0.477325439453125 0.270660400390625 -0.171234130859375 -0.100616455078125
-0.62030029296875 0.0910644531250001 -0.146636962890625 -0.09747314453125
-0.6260986328125 -0.0410156249999999 -0.234954833984375 -0.130615234375
-0.554901123046875 -0.207275390625 -0.065032958984375 0.203750610351562
-0.6234130859375 -0.0183105468749999 -0.143783569335938 0.241119384765625
-0.514617919921875 0.159454345703125 0.17181396484375 0.211334228515625
-0.3099365234375 0.336669921875 0.337677001953125 -0.000122070312499979
-0.124114990234375 0.34912109375 0.24908447265625 -0.275161743164063
0.016876220703125 0.36053466796875 0.065093994140625 -0.393463134765625
0.10137939453125 0.31884765625 -0.108062744140625 -0.330657958984375
0.101043701171875 0.336578369140625 -0.148773193359375 -0.219650268554687
0.129791259765625 0.3680419921875 -0.140403747558594 -0.1177978515625
0.082000732421875 0.40240478515625 -0.115501403808594 -0.052703857421875
-0.058074951171875 0.434051513671875 -0.160354614257813 -0.01751708984375
-0.200103759765625 0.46075439453125 -0.1845703125 -0.0246429443359374
-0.4832763671875 0.273284912109375 -0.184951782226563 -0.155853271484375
-0.6346435546875 0.0755615234375 -0.230804443359375 -0.0699920654296875
-0.61077880859375 -0.0816040039062499 -0.4161376953125 -0.145721435546875
-0.407867431640625 -0.1820068359375 -0.18194580078125 0.182754516601563
-0.467926025390625 0.00662231445312503 -0.162155151367188 0.234268188476563
-0.342498779296875 0.1495361328125 0.17083740234375 0.138046264648438
-0.157501220703125 0.25018310546875 0.273818969726563 -0.108413696289063
-0.0268402099609375 0.226959228515625 0.161529541015625 -0.340179443359375
0.042938232421875 0.209152221679687 -0.02447509765625 -0.458343505859375
0.0694427490234375 0.183837890625 -0.18682861328125 -0.402557373046875
0.067352294921875 0.217041015625 -0.21661376953125 -0.294036865234375
0.086334228515625 0.244613647460938 -0.206100463867188 -0.208267211914063
0.0619964599609375 0.272750854492188 -0.17340087890625 -0.155471801757812
-0.033355712890625 0.316375732421875 -0.21588134765625 -0.115127563476563
-0.151275634765625 0.36578369140625 -0.215850830078125 -0.130569458007812
-0.41741943359375 0.217864990234375 -0.177947998046875 -0.218826293945312
-0.548797607421875 0.0284423828124999 -0.290618896484375 -0.05767822265625
-0.499481201171875 -0.122222900390625 -0.57086181640625 -0.17596435546875
-0.213409423828125 -0.134185791015625 -0.239364624023438 0.168746948242187
-0.266998291015625 0.0285644531249999 -0.146011352539063 0.2171630859375
-0.1478271484375 0.114013671875 0.156417846679688 0.0724945068359375
-0.0151290893554687 0.1319580078125 0.1990966796875 -0.178268432617188
0.04913330078125 0.082672119140625 0.082061767578125 -0.353424072265625
0.0458030700683594 0.0385932922363281 -0.09814453125 -0.469970703125
0.0193157196044922 0.0279102325439453 -0.23797607421875 -0.4190673828125
0.0229225158691406 0.0639457702636719 -0.252899169921875 -0.322296142578125
0.0370941162109375 0.0786819458007812 -0.240798950195313 -0.257568359375
0.0511016845703125 0.09661865234375 -0.207443237304688 -0.2205810546875
0.021942138671875 0.156845092773438 -0.252166748046875 -0.185287475585938
-0.0623931884765625 0.227813720703125 -0.229766845703125 -0.226974487304687
-0.274337768554688 0.137908935546875 -0.145904541015625 -0.280624389648438
-0.360809326171875 -0.0203552246093751 -0.313323974609375 -0.063232421875
-0.297027587890625 -0.141510009765625 -0.66619873046875 -0.21954345703125
-0.0505714416503906 0.0508880615234375 0.65875244140625 0.13934326171875
0.0712356567382813 0.0345230102539063 0.26312255859375 0.06231689453125
0.03961181640625 -0.0866928100585937 0.102584838867187 0.247299194335937
-0.0645751953125 -0.0738296508789062 0.223968505859375 0.31048583984375
-0.0990676879882813 -0.00343322753906252 0.243484497070313 0.196624755859375
-0.08099365234375 0.0851821899414063 0.214035034179688 0.20648193359375
0.00891876220703126 0.10552978515625 0.23992919921875 0.258209228515625
0.017364501953125 0.0864944458007813 0.2464599609375 0.295501708984375
0.0148086547851562 0.0970458984375 0.2183837890625 0.36395263671875
-0.027252197265625 0.107933044433594 0.107574462890625 0.39434814453125
-0.0730819702148437 0.06365966796875 0.00134277343750001 0.319244384765625
-0.08990478515625 -0.00794219970703124 -0.0955352783203125 0.190887451171875
0.00864410400390625 -0.076416015625 -0.106758117675781 -0.0243911743164063
0.0673408508300781 0.00539779663085938 0.129959106445313 -0.15985107421875
-0.00258636474609374 0.0786819458007813 0.23760986328125 -0.121017456054687
-0.29913330078125 -0.00250244140625004 0.599609375 0.17584228515625
-0.212417602539063 0.041473388671875 0.19671630859375 0.0895538330078125
-0.202117919921875 -0.00886535644531252 0.08160400390625 0.28277587890625
-0.220916748046875 0.0683441162109375 0.2457275390625 0.34521484375
-0.1815185546875 0.149993896484375 0.274246215820313 0.1708984375
-0.08807373046875 0.256149291992188 0.223526000976562 0.146621704101563
0.0530548095703125 0.260971069335938 0.207962036132812 0.193572998046875
0.0673980712890625 0.2318115234375 0.205612182617187 0.233917236328125
0.0770721435546875 0.24066162109375 0.1923828125 0.301910400390625
0.01654052734375 0.252059936523438 0.11383056640625 0.339691162109375
-0.0875091552734375 0.209930419921875 0.02813720703125 0.28125
-0.155044555664062 0.141708374023438 -0.0631256103515625 0.18756103515625
-0.157577514648438 -0.00323486328125002 -0.103172302246094 -0.02044677734375
-0.146316528320313 -0.00158691406249998 0.0928192138671875 -0.152618408203125
-0.202621459960938 0.042327880859375 0.188385009765625 -0.111984252929688
-0.49737548828125 -0.0756530761718751 0.47113037109375 0.200714111328125
-0.46466064453125 0.01910400390625 0.109123229980469 0.127418518066406
-0.4320068359375 0.056182861328125 0.09283447265625 0.297515869140625
-0.36328125 0.207611083984375 0.290191650390625 0.3223876953125
-0.240203857421875 0.292327880859375 0.306304931640625 0.09246826171875
-0.082366943359375 0.393768310546875 0.219039916992187 0.0321807861328125
0.087921142578125 0.375 0.148956298828125 0.0798492431640625
0.104644775390625 0.344268798828125 0.131950378417969 0.13616943359375
0.12921142578125 0.3525390625 0.133773803710938 0.213424682617188
0.064697265625 0.369720458984375 0.093292236328125 0.26507568359375
-0.08056640625 0.341522216796875 0.025482177734375 0.231887817382813
-0.1912841796875 0.29156494140625 -0.0577850341796875 0.170562744140625
-0.29840087890625 0.10125732421875 -0.114669799804688 -0.0302810668945313
-0.347320556640625 0.0275878906250001 0.0293426513671875 -0.141387939453125
-0.3900146484375 0.017059326171875 0.089324951171875 -0.111137390136719
-0.6085205078125 -0.1441650390625 0.2919921875 0.2149658203125
-0.62908935546875 -0.00787353515625001 0.00761413574218746 0.172988891601563
-0.58135986328125 0.11126708984375 0.119110107421875 0.292724609375
-0.435821533203125 0.31707763671875 0.3359375 0.244873046875
-0.250244140625 0.388214111328125 0.32086181640625 -0.028717041015625
-0.05694580078125 0.465118408203125 0.191268920898438 -0.11785888671875
0.110443115234375 0.424285888671875 0.06866455078125 -0.0631294250488281
0.1256103515625 0.40093994140625 0.0384407043457031 0.016998291015625
0.160858154296875 0.416595458984375 0.0478286743164063 0.107620239257813
0.098724365234375 0.442413330078125 0.039459228515625 0.172592163085938
-0.067138671875 0.437408447265625 -0.0155181884765625 0.16693115234375
-0.205780029296875 0.414581298828125 -0.0837020874023438 0.132492065429688
-0.406341552734375 0.205780029296875 -0.141036987304688 -0.054779052734375
-0.509674072265625 0.071044921875 -0.0525665283203125 -0.118820190429688
-0.5340576171875 -0.00457763671875 -0.054229736328125 -0.113075256347656
-0.62371826171875 -0.18768310546875 0.103759765625 0.210006713867188
-0.67669677734375 -0.0161743164062499 -0.0812530517578125 0.2154541015625
-0.60400390625 0.15191650390625 0.149642944335937 0.260482788085938
-0.408599853515625 0.365203857421875 0.354766845703125 0.125244140625
-0.201263427734375 0.4088134765625 0.298492431640625 -0.16265869140625
-0.017120361328125 0.449920654296875 0.132553100585938 -0.269668579101563
0.11761474609375 0.40020751953125 -0.02203369140625 -0.20574951171875
0.126800537109375 0.395538330078125 -0.0602645874023437 -0.10443115234375
0.16357421875 0.41961669921875 -0.0490760803222656 -0.00468063354492186
0.108795166015625 0.453643798828125 -0.0365867614746094 0.0633773803710938
-0.05584716796875 0.4735107421875 -0.0835723876953125 0.0826187133789063
-0.20245361328125 0.478363037109375 -0.129676818847656 0.0682144165039063
-0.469940185546875 0.27459716796875 -0.171218872070313 -0.0940704345703125
-0.611572265625 0.0975341796875 -0.142837524414063 -0.089599609375
-0.6104736328125 -0.03167724609375 -0.226898193359375 -0.118057250976563
-0.547760009765625 -0.19683837890625 -0.0596618652343751 0.19549560546875
-0.60894775390625 -0.00592041015625011 -0.137802124023438 0.234283447265625
-0.50750732421875 0.165740966796875 0.165512084960937 0.201828002929688
-0.29803466796875 0.337860107421875 0.328277587890625 -0.00253295898437498
-0.112579345703125 0.345184326171875 0.235565185546875 -0.272705078125
0.022705078125 0.35382080078125 0.05035400390625 -0.38623046875
0.105316162109375 0.311767578125 -0.113800048828125 -0.320526123046875
0.1070556640625 0.329132080078125 -0.149703979492188 -0.209823608398437
0.134796142578125 0.35809326171875 -0.139549255371094 -0.113311767578125
0.090789794921875 0.3939208984375 -0.113082885742187 -0.0508575439453125
-0.047698974609375 0.427825927734375 -0.15447998046875 -0.015411376953125
-0.187286376953125 0.456695556640625 -0.1776123046875 -0.02178955078125
-0.47662353515625 0.276824951171875 -0.187026977539063 -0.146438598632812
-0.6258544921875 0.0849609374999999 -0.223861694335938 -0.06048583984375
-0.60003662109375 -0.0704956054687501 -0.40374755859375 -0.131011962890625
-0.40386962890625 -0.1744384765625 -0.175186157226563 0.175872802734375
-0.455963134765625 0.014984130859375 -0.155868530273438 0.229156494140625
-0.3369140625 0.154571533203125 0.163467407226562 0.13226318359375
-0.149948120117187 0.249908447265625 0.264862060546875 -0.107009887695312
-0.0203704833984375 0.224273681640625 0.1502685546875 -0.330810546875
0.0461273193359375 0.205322265625 -0.0380859375 -0.445892333984375
0.070953369140625 0.180587768554687 -0.1900634765625 -0.38653564453125
0.0711669921875 0.212249755859375 -0.2171630859375 -0.283416748046875
0.0900421142578125 0.238906860351563 -0.205154418945313 -0.201004028320312
0.0670166015625 0.26654052734375 -0.170440673828125 -0.150726318359375
-0.025726318359375 0.31231689453125 -0.20989990234375 -0.109664916992188
-0.141510009765625 0.363372802734375 -0.210128784179688 -0.123046875
-0.41064453125 0.221038818359375 -0.180465698242188 -0.208770751953125
-0.54241943359375 0.0367126464843751 -0.282958984375 -0.046295166015625
-0.490234375 -0.1134033203125 -0.555908203125 -0.15826416015625
-0.211868286132813 -0.129318237304687 -0.232131958007813 0.163589477539062
-0.260543823242188 0.0336456298828125 -0.141693115234375 0.211593627929687
-0.145339965820312 0.115447998046875 0.148956298828125 0.0694122314453125
-0.011749267578125 0.130706787109375 0.18914794921875 -0.172607421875
0.0499038696289063 0.0799713134765625 0.070465087890625 -0.34222412109375
0.0443382263183594 0.0379447937011719 -0.11004638671875 -0.45208740234375
0.0181083679199219 0.0282421112060547 -0.2412109375 -0.402130126953125
0.0240287780761719 0.0634269714355469 -0.252197265625 -0.310394287109375
0.038055419921875 0.0773849487304688 -0.239730834960938 -0.247268676757812
0.0517959594726563 0.0947494506835938 -0.205841064453125 -0.213394165039063
0.024505615234375 0.154129028320313 -0.246627807617188 -0.176834106445312
-0.057281494140625 0.22479248046875 -0.225753784179687 -0.215728759765625
-0.270111083984375 0.139068603515625 -0.1502685546875 -0.2694091796875
-0.3558349609375 -0.014312744140625 -0.305572509765625 -0.0511779785156249
-0.29254150390625 -0.13299560546875 -0.6529541015625 -0.202392578125
-0.0487213134765625 0.0551223754882812 0.66204833984375 0.1346435546875
0.0737152099609375 0.0340423583984375 0.26519775390625 0.0539093017578125
0.038604736328125 -0.0878219604492188 0.101516723632812 0.24371337890625
-0.0657806396484375 -0.0728912353515625 0.22662353515625 0.30816650390625
-0.100883483886719 -0.00270080566406252 0.2431640625 0.191131591796875
-0.0773849487304688 0.0890426635742187 0.21575927734375 0.20416259765625
0.00982666015625 0.106376647949219 0.240570068359375 0.254409790039063
0.0174560546875 0.086700439453125 0.24981689453125 0.291259765625
0.0180816650390625 0.0965957641601563 0.225830078125 0.361083984375
-0.02398681640625 0.1090087890625 0.113311767578125 0.39093017578125
-0.072662353515625 0.0652694702148438 0.006866455078125 0.3165283203125
-0.0901947021484375 -0.0068817138671875 -0.0909576416015625 0.188568115234375
0.00594329833984374 -0.0781707763671875 -0.104156494140625 -0.0239028930664062
0.0664253234863281 0.00347518920898438 0.131011962890625 -0.161087036132813
0.000610351562500006 0.0791397094726563 0.237075805664063 -0.118362426757813
-0.300140380859375 0.00204467773437505 0.6051025390625 0.17169189453125
-0.211410522460938 0.042938232421875 0.199005126953125 0.081817626953125
-0.207015991210938 -0.00727844238281254 0.0806884765625 0.279373168945312
-0.222335815429687 0.0722503662109375 0.248443603515625 0.342071533203125
-0.18096923828125 0.153289794921875 0.273406982421875 0.165069580078125
-0.0832977294921875 0.26226806640625 0.223419189453125 0.143264770507813
0.05694580078125 0.263702392578125 0.20782470703125 0.190444946289063
0.0704803466796875 0.232345581054688 0.206634521484375 0.23095703125
0.0816192626953125 0.240264892578125 0.196685791015625 0.29931640625
0.0226287841796875 0.252914428710938 0.120330810546875 0.337249755859375
-0.083587646484375 0.21307373046875 0.034423828125 0.277984619140625
-0.15301513671875 0.144668579101563 -0.0591278076171875 0.185455322265625
-0.1617431640625 -0.00103759765625001 -0.102577209472656 -0.0193023681640625
-0.149658203125 -3.05175781250054E-05 0.0938568115234375 -0.154159545898438
-0.201828002929687 0.0438232421875 0.189483642578125 -0.108245849609375
-0.50091552734375 -0.0708923339843749 0.475250244140625 0.196807861328125
-0.466796875 0.0232238769531251 0.112335205078125 0.12200927734375
-0.4398193359375 0.0616149902343749 0.089447021484375 0.295013427734375
-0.363006591796875 0.21429443359375 0.294891357421875 0.31988525390625
-0.238677978515625 0.29766845703125 0.306427001953125 0.086151123046875
-0.076019287109375 0.39923095703125 0.216690063476563 0.027801513671875
0.093994140625 0.377716064453125 0.147964477539063 0.078765869140625
0.11065673828125 0.34375 0.1339111328125 0.135032653808594
0.136871337890625 0.35211181640625 0.137039184570313 0.210540771484375
0.071685791015625 0.369171142578125 0.0979156494140625 0.263534545898437
-0.0743408203125 0.34674072265625 0.0295867919921875 0.22796630859375
-0.18780517578125 0.297454833984375 -0.053680419921875 0.168487548828125
-0.303985595703125 0.106048583984375 -0.115272521972656 -0.0287017822265625
-0.351470947265625 0.031341552734375 0.0312347412109375 -0.141082763671875
-0.388916015625 0.0191040039062499 0.0920562744140625 -0.106330871582031
-0.61322021484375 -0.13983154296875 0.29638671875 0.21014404296875
-0.6318359375 -0.00244140624999994 0.00975036621093747 0.170578002929688
-0.5909423828125 0.119140625 0.115325927734375 0.290252685546875
-0.43426513671875 0.326690673828125 0.34063720703125 0.24169921875
-0.246734619140625 0.392730712890625 0.32000732421875 -0.03448486328125
-0.05120849609375 0.470245361328125 0.1846923828125 -0.122726440429687
0.118499755859375 0.426177978515625 0.0659980773925781 -0.0635490417480468
0.134185791015625 0.401214599609375 0.0392417907714844 0.0181159973144532
0.169281005859375 0.415496826171875 0.0492935180664063 0.106796264648438
0.108551025390625 0.4425048828125 0.0426177978515625 0.171646118164063
-0.058990478515625 0.44305419921875 -0.01202392578125 0.164306640625
-0.199554443359375 0.42169189453125 -0.0774383544921875 0.130645751953125
-0.4105224609375 0.213653564453125 -0.142501831054688 -0.05194091796875
-0.515777587890625 0.0767822265625 -0.0508193969726563 -0.117012023925781
-0.534423828125 -0.00161743164062497 -0.05126953125 -0.107559204101563
-0.6302490234375 -0.1842041015625 0.107147216796875 0.207595825195313
-0.6778564453125 -0.00988769531249997 -0.0800628662109375 0.213027954101563
-0.6136474609375 0.16046142578125 0.145706176757812 0.259201049804688
-0.407684326171875 0.374969482421875 0.358612060546875 0.122589111328125
-0.194671630859375 0.4129638671875 0.29547119140625 -0.16851806640625
-0.010284423828125 0.453277587890625 0.123306274414062 -0.273452758789063
0.125244140625 0.402801513671875 -0.02667236328125 -0.20513916015625
0.134765625 0.395294189453125 -0.0615615844726562 -0.102340698242187
0.171051025390625 0.420867919921875 -0.0503501892089844 -0.00483322143554686
0.11688232421875 0.45452880859375 -0.0347099304199219 0.063385009765625
-0.046875 0.479248046875 -0.0799331665039063 0.081207275390625
-0.19537353515625 0.486175537109375 -0.125480651855469 0.0676727294921875
-0.47509765625 0.2822265625 -0.17401123046875 -0.090362548828125
-0.61865234375 0.106201171875 -0.141342163085938 -0.0849456787109375
-0.61431884765625 -0.0277099609374999 -0.22332763671875 -0.111434936523438
-0.55328369140625 -0.19476318359375 -0.05731201171875 0.192916870117188
-0.60760498046875 -0.000183105468749942 -0.137344360351563 0.232940673828125
-0.514739990234375 0.1744384765625 0.161697387695313 0.201034545898438
-0.2918701171875 0.34466552734375 0.329376220703125 -0.00381469726562498
-0.10601806640625 0.34814453125 0.23175048828125 -0.275222778320313
0.02899169921875 0.35662841796875 0.039581298828125 -0.3858642578125
0.110809326171875 0.313201904296875 -0.11834716796875 -0.318817138671875
0.11419677734375 0.329559326171875 -0.151718139648438 -0.20782470703125
0.14190673828125 0.3592529296875 -0.141128540039063 -0.112869262695312
0.0989990234375 0.39544677734375 -0.113243103027344 -0.0506973266601562
-0.04071044921875 0.432403564453125 -0.153076171875 -0.0151824951171875
-0.182159423828125 0.465972900390625 -0.174774169921875 -0.0204010009765625
-0.48175048828125 0.283416748046875 -0.190719604492188 -0.14227294921875
-0.63250732421875 0.0928344726562499 -0.222625732421875 -0.0542755126953125
-0.6015625 -0.0685424804687501 -0.401153564453125 -0.124176025390625
-0.408172607421875 -0.1724853515625 -0.174163818359375 0.172637939453125
-0.4564208984375 0.020751953125 -0.156158447265625 0.228363037109375
-0.33990478515625 0.161376953125 0.159225463867188 0.131179809570313
-0.146591186523437 0.254287719726563 0.264205932617188 -0.106613159179687
-0.0154266357421875 0.224960327148438 0.144256591796875 -0.330810546875
0.048736572265625 0.206924438476562 -0.047882080078125 -0.442962646484375
0.0732879638671875 0.182052612304688 -0.19464111328125 -0.3841552734375
0.076080322265625 0.212615966796875 -0.220016479492187 -0.279144287109375
0.094085693359375 0.239593505859375 -0.207901000976563 -0.199874877929688
0.07220458984375 0.2674560546875 -0.1717529296875 -0.15032958984375
-0.021392822265625 0.316009521484375 -0.20928955078125 -0.10791015625
-0.136474609375 0.36865234375 -0.209075927734375 -0.12078857421875
-0.4163818359375 0.22698974609375 -0.18475341796875 -0.203659057617187
-0.548065185546875 0.04248046875 -0.28179931640625 -0.038970947265625
-0.493133544921875 -0.109588623046875 -0.5538330078125 -0.151123046875
-0.216110229492188 -0.12969970703125 -0.232269287109375 0.160018920898437
-0.259429931640625 0.0362396240234375 -0.142349243164063 0.211471557617188
-0.14654541015625 0.119415283203125 0.145950317382813 0.0687408447265625
-0.00942230224609375 0.132369995117188 0.1868896484375 -0.170455932617188
0.0526199340820313 0.0793304443359375 0.066009521484375 -0.339385986328125
0.0442543029785156 0.0388908386230469 -0.118988037109375 -0.44512939453125
0.0172557830810547 0.0288944244384766 -0.24639892578125 -0.397613525390625
0.0250205993652344 0.0646934509277344 -0.255584716796875 -0.307891845703125
0.0390548706054687 0.0773773193359375 -0.241729736328125 -0.246612548828125
0.0534820556640625 0.0937652587890625 -0.206573486328125 -0.213607788085938
0.02734375 0.154296875 -0.246414184570313 -0.173797607421875
-0.0538482666015625 0.227401733398437 -0.225997924804688 -0.213485717773437
-0.27410888671875 0.142166137695313 -0.155929565429688 -0.265228271484375
-0.359527587890625 -0.011322021484375 -0.3050537109375 -0.043212890625
-0.293212890625 -0.130401611328125 -0.65399169921875 -0.1949462890625
-0.0469627380371094 0.0619888305664063 0.68170166015625 0.121826171875
0.07757568359375 0.0335769653320313 0.272537231445313 0.0427093505859375
0.0371856689453125 -0.0929031372070313 0.107009887695312 0.243515014648438
-0.0694656372070313 -0.073028564453125 0.2371826171875 0.30743408203125
-0.105560302734375 -0.00019073486328126 0.250228881835938 0.185379028320313
-0.0749588012695312 0.0957107543945313 0.223968505859375 0.201873779296875
0.0149612426757812 0.110130310058594 0.250946044921875 0.253738403320313
0.0201416015625 0.0879364013671875 0.2620849609375 0.2899169921875
0.022064208984375 0.0979843139648438 0.242767333984375 0.360931396484375
-0.0194473266601562 0.112472534179688 0.127960205078125 0.39532470703125
-0.0723037719726562 0.069580078125 0.018463134765625 0.320526123046875
-0.09234619140625 -0.00437927246093752 -0.0843658447265625 0.193130493164063
0.00177001953124999 -0.0803680419921875 -0.104179382324219 -0.0217971801757813
0.0671501159667969 0.00055694580078125 0.133651733398437 -0.169036865234375
0.00405120849609375 0.0804595947265625 0.240005493164063 -0.12274169921875
-0.307373046875 0.012664794921875 0.6231689453125 0.16082763671875
-0.214645385742188 0.0496826171875 0.206878662109375 0.0734710693359375
-0.215896606445313 -0.00213623046874997 0.0854644775390625 0.280838012695313
-0.225570678710938 0.0811004638671875 0.26483154296875 0.342071533203125
-0.182968139648438 0.162841796875 0.28143310546875 0.15802001953125
-0.0754852294921875 0.2735595703125 0.228866577148438 0.1390380859375
0.0689849853515625 0.27008056640625 0.216079711914063 0.189529418945313
0.081085205078125 0.234832763671875 0.218032836914063 0.229644775390625
0.0924224853515625 0.242630004882813 0.21148681640625 0.296905517578125
0.0325775146484375 0.257568359375 0.13348388671875 0.340118408203125
-0.0771484375 0.221939086914063 0.044525146484375 0.279632568359375
-0.151473999023438 0.153289794921875 -0.0522003173828125 0.187271118164063
-0.168426513671875 0.00463867187500004 -0.103492736816406 -0.0162734985351563
-0.155517578125 0.00393676757812502 0.0951080322265625 -0.160293579101562
-0.20404052734375 0.0480499267578125 0.194107055664063 -0.110183715820313
-0.514892578125 -0.0582885742187499 0.492034912109375 0.189483642578125
-0.47479248046875 0.0359497070312499 0.118232727050781 0.116844177246094
-0.455780029296875 0.0757446289062499 0.09393310546875 0.29742431640625
-0.366241455078125 0.2308349609375 0.310791015625 0.317962646484375
-0.2373046875 0.311431884765625 0.312347412109375 0.075775146484375
-0.065093994140625 0.414093017578125 0.216659545898438 0.02020263671875
0.110107421875 0.38543701171875 0.15093994140625 0.0758819580078125
0.1268310546875 0.348236083984375 0.141082763671875 0.134674072265625
0.15313720703125 0.355865478515625 0.146728515625 0.210174560546875
0.088043212890625 0.374755859375 0.108673095703125 0.265289306640625
-0.063262939453125 0.35882568359375 0.0390167236328125 0.22955322265625
-0.181915283203125 0.311492919921875 -0.046417236328125 0.169448852539063
-0.312255859375 0.11981201171875 -0.11773681640625 -0.0251922607421875
-0.363189697265625 0.04229736328125 0.030242919921875 -0.144760131835938
-0.397186279296875 0.0272216796875 0.0956802368164062 -0.105911254882813
-0.6336669921875 -0.12847900390625 0.309814453125 0.205657958984375
-0.64569091796875 0.0133056640625 0.014434814453125 0.169998168945313
-0.61029052734375 0.140625 0.11968994140625 0.29290771484375
-0.43695068359375 0.34930419921875 0.35504150390625 0.238677978515625
-0.24163818359375 0.4110107421875 0.3238525390625 -0.04638671875
-0.03778076171875 0.486053466796875 0.179733276367188 -0.132064819335937
0.13531494140625 0.4351806640625 0.0637283325195313 -0.0665283203125
0.151458740234375 0.406341552734375 0.0414848327636719 0.0178909301757813
0.187408447265625 0.421051025390625 0.0530166625976563 0.106758117675781
0.127593994140625 0.447723388671875 0.0501556396484375 0.173019409179688
-0.04510498046875 0.457916259765625 -0.00492858886718751 0.165130615234375
-0.188690185546875 0.439788818359375 -0.073028564453125 0.13250732421875
-0.4202880859375 0.233978271484375 -0.147552490234375 -0.0473480224609375
-0.531463623046875 0.0944824218749999 -0.0523681640625 -0.116470336914063
-0.54779052734375 0.00955200195312511 -0.0497283935546875 -0.103523254394531
-0.650634765625 -0.17388916015625 0.115676879882812 0.205337524414063
-0.6939697265625 0.00750732421875005 -0.076873779296875 0.216552734375
-0.6317138671875 0.18487548828125 0.14886474609375 0.261001586914063
-0.406768798828125 0.398223876953125 0.370025634765625 0.115936279296875
-0.18560791015625 0.43060302734375 0.296539306640625 -0.18060302734375
0.00305175781249999 0.46630859375 0.113494873046875 -0.282379150390625
0.142974853515625 0.409881591796875 -0.035003662109375 -0.208236694335937
0.152923583984375 0.4007568359375 -0.0644912719726562 -0.101608276367187
0.189483642578125 0.425262451171875 -0.0528488159179687 -0.00500106811523436
0.13690185546875 0.46142578125 -0.0327911376953125 0.0648002624511719
-0.031494140625 0.49432373046875 -0.0768203735351563 0.0830764770507813
-0.184722900390625 0.505096435546875 -0.123664855957031 0.0703964233398438
-0.485107421875 0.306640625 -0.180709838867188 -0.084564208984375
-0.63641357421875 0.128662109375 -0.1429443359375 -0.07977294921875
-0.63055419921875 -0.0156250000000001 -0.225173950195313 -0.104537963867187
-0.573974609375 -0.18572998046875 -0.053802490234375 0.192962646484375
-0.6231689453125 0.0151367187500001 -0.13580322265625 0.239425659179688
-0.52801513671875 0.19683837890625 0.165023803710937 0.20159912109375
-0.291107177734375 0.363983154296875 0.337646484375 -0.012054443359375
-0.097015380859375 0.36077880859375 0.227752685546875 -0.28582763671875
0.040283203125 0.365814208984375 0.025054931640625 -0.394134521484375
0.1241455078125 0.319061279296875 -0.130706787109375 -0.32110595703125
0.12811279296875 0.33294677734375 -0.159637451171875 -0.20587158203125
0.158294677734375 0.3638916015625 -0.148651123046875 -0.11212158203125
0.1165771484375 0.400634765625 -0.115196228027344 -0.0493392944335937
-0.025970458984375 0.447662353515625 -0.153640747070312 -0.013092041015625
-0.170806884765625 0.485931396484375 -0.176040649414062 -0.0181427001953125
-0.4921875 0.30743408203125 -0.200836181640625 -0.136367797851562
-0.65216064453125 0.1142578125 -0.226486206054688 -0.0453643798828125
-0.619384765625 -0.0557861328124999 -0.40887451171875 -0.113922119140625
-0.4248046875 -0.16741943359375 -0.174835205078125 0.175079345703125
-0.465789794921875 0.032684326171875 -0.155502319335938 0.2353515625
-0.3487548828125 0.17742919921875 0.16168212890625 0.131561279296875
-0.142623901367188 0.26593017578125 0.2677001953125 -0.113433837890625
-0.0067901611328125 0.230178833007813 0.139495849609375 -0.338165283203125
0.0560455322265625 0.211013793945313 -0.064666748046875 -0.4468994140625
0.0806732177734375 0.18487548828125 -0.210693359375 -0.3843994140625
0.084930419921875 0.215728759765625 -0.230484008789062 -0.279708862304688
0.105148315429687 0.242889404296875 -0.218704223632812 -0.199615478515625
0.08270263671875 0.27166748046875 -0.179046630859375 -0.150115966796875
-0.010467529296875 0.32635498046875 -0.215057373046875 -0.10577392578125
-0.128753662109375 0.383392333984375 -0.213851928710938 -0.118881225585937
-0.426025390625 0.246368408203125 -0.196640014648438 -0.199737548828125
-0.56494140625 0.0593872070312499 -0.287109375 -0.0276489257812501
-0.507049560546875 -0.10064697265625 -0.567138671875 -0.13812255859375
-0.226486206054688 -0.128158569335938 -0.235000610351563 0.163101196289062
-0.264312744140625 0.045074462890625 -0.142929077148438 0.217849731445312
-0.148834228515625 0.127960205078125 0.148025512695313 0.068023681640625
-0.00582122802734375 0.136611938476562 0.186126708984375 -0.17584228515625
0.0579376220703125 0.0781478881835937 0.058746337890625 -0.343475341796875
0.0462188720703125 0.03900146484375 -0.13720703125 -0.44415283203125
0.0177135467529297 0.0309009552001953 -0.26214599609375 -0.39678955078125
0.0275993347167969 0.065521240234375 -0.26873779296875 -0.30615234375
0.0423812866210937 0.0780792236328125 -0.253219604492188 -0.245742797851563
0.0575485229492188 0.0940322875976563 -0.216690063476563 -0.213958740234375
0.0343170166015625 0.15789794921875 -0.254974365234375 -0.171722412109375
-0.0473175048828125 0.235595703125 -0.235092163085937 -0.211669921875
-0.280853271484375 0.154678344726562 -0.168411254882813 -0.263717651367188
-0.371002197265625 -0.00149536132812504 -0.309783935546875 -0.03131103515625
-0.30328369140625 -0.1259765625 -0.67047119140625 -0.180908203125
-0.0417747497558594 0.0696754455566406 0.70416259765625 0.08831787109375
0.083770751953125 0.0301666259765625 0.2801513671875 0.023345947265625
0.0317611694335937 -0.098175048828125 0.11895751953125 0.241455078125
-0.0743408203125 -0.0712661743164063 0.258087158203125 0.299835205078125
-0.110420227050781 0.00635528564453127 0.261123657226563 0.1748046875
-0.0680770874023437 0.103355407714844 0.2369384765625 0.194091796875
0.023406982421875 0.113273620605469 0.269424438476563 0.24407958984375
0.02655029296875 0.0891876220703125 0.2828369140625 0.279144287109375
0.0297775268554688 0.0982208251953125 0.27117919921875 0.3524169921875
-0.0116424560546875 0.115234375 0.155517578125 0.394317626953125
-0.06878662109375 0.07598876953125 0.0394287109375 0.323486328125
-0.0946197509765625 0.000213623046874987 -0.071868896484375 0.198226928710938
-0.0043487548828125 -0.08154296875 -0.104393005371094 -0.01611328125
0.0682945251464844 -0.00390625 0.13018798828125 -0.18115234375
0.0103988647460938 0.0806655883789063 0.240188598632812 -0.132156372070313
-0.31256103515625 0.03155517578125 0.64776611328125 0.13232421875
-0.21441650390625 0.0628814697265625 0.215576171875 0.0592498779296875
-0.22564697265625 0.0107879638671875 0.09844970703125 0.282562255859375
-0.226791381835938 0.095977783203125 0.2886962890625 0.33349609375
-0.180831909179688 0.1768798828125 0.291748046875 0.144378662109375
-0.06011962890625 0.2860107421875 0.23675537109375 0.12835693359375
0.0881500244140625 0.273223876953125 0.22918701171875 0.1817626953125
0.0974884033203125 0.235198974609375 0.234695434570313 0.221435546875
0.110702514648438 0.242080688476563 0.232757568359375 0.290313720703125
0.051513671875 0.2601318359375 0.157867431640625 0.3382568359375
-0.06390380859375 0.23199462890625 0.063385009765625 0.27996826171875
-0.144882202148438 0.16680908203125 -0.0394439697265625 0.19024658203125
-0.1741943359375 0.0159454345703125 -0.104179382324219 -0.010772705078125
-0.161148071289063 0.013031005859375 0.09112548828125 -0.169204711914063
-0.20562744140625 0.0584869384765625 0.194839477539063 -0.116500854492188
-0.529937744140625 -0.03094482421875 0.514923095703125 0.16571044921875
-0.48382568359375 0.0626525878906249 0.126846313476562 0.10894775390625
-0.46923828125 0.1058349609375 0.10723876953125 0.299530029296875
-0.364715576171875 0.259429931640625 0.335906982421875 0.307464599609375
-0.2266845703125 0.333892822265625 0.31976318359375 0.05841064453125
-0.041961669921875 0.43115234375 0.21630859375 0.00863647460937503
0.138275146484375 0.388885498046875 0.156356811523438 0.069549560546875
0.151763916015625 0.348114013671875 0.151458740234375 0.128219604492188
0.180694580078125 0.3538818359375 0.16082763671875 0.204437255859375
0.116241455078125 0.37603759765625 0.128173828125 0.263580322265625
-0.040191650390625 0.370819091796875 0.0545806884765625 0.228546142578125
-0.16436767578125 0.330902099609375 -0.035491943359375 0.171401977539063
-0.315887451171875 0.14312744140625 -0.120559692382813 -0.018463134765625
-0.37261962890625 0.0640869140625 0.0269012451171875 -0.148818969726563
-0.4034423828125 0.046844482421875 0.0966415405273437 -0.108146667480469
-0.65704345703125 -0.0966186523437499 0.3289794921875 0.19183349609375
-0.66021728515625 0.0501708984375 0.0229034423828125 0.16925048828125
-0.62481689453125 0.180908203125 0.13262939453125 0.29388427734375
-0.4300537109375 0.383148193359375 0.377655029296875 0.223876953125
-0.222900390625 0.436492919921875 0.32550048828125 -0.068145751953125
-0.00921630859375001 0.499725341796875 0.169830322265625 -0.145050048828125
0.167572021484375 0.4376220703125 0.0594024658203125 -0.0710830688476562
0.180450439453125 0.405670166015625 0.0435295104980469 0.0156936645507813
0.21923828125 0.41961669921875 0.0592498779296875 0.106399536132813
0.16119384765625 0.44952392578125 0.06280517578125 0.172698974609375
-0.0146789550781251 0.471588134765625 0.00643920898437502 0.166091918945313
-0.1651611328125 0.463958740234375 -0.0646209716796875 0.135948181152344
-0.42236328125 0.265838623046875 -0.15289306640625 -0.0388031005859375
-0.54351806640625 0.1287841796875 -0.0566177368164063 -0.114227294921875
-0.560028076171875 0.0369262695312501 -0.05096435546875 -0.0991592407226563
-0.67822265625 -0.143310546875 0.129302978515625 0.200851440429688
-0.70843505859375 0.0443725585937501 -0.0687713623046876 0.22259521484375
-0.64373779296875 0.2294921875 0.16094970703125 0.2598876953125
-0.3944091796875 0.432373046875 0.386688232421875 0.097412109375
-0.164398193359375 0.4500732421875 0.29095458984375 -0.2027587890625
0.03118896484375 0.479248046875 0.09478759765625 -0.293853759765625
0.171295166015625 0.41119384765625 -0.0482635498046875 -0.210647583007813
0.180816650390625 0.398895263671875 -0.0710906982421875 -0.100761413574219
0.221160888671875 0.42431640625 -0.0550117492675781 -0.00161361694335935
0.169830322265625 0.463714599609375 -0.027191162109375 0.0671234130859375
-0.000122070312499998 0.509063720703125 -0.071441650390625 0.0859527587890625
-0.157135009765625 0.52996826171875 -0.118949890136719 0.0751800537109376
-0.48321533203125 0.344512939453125 -0.190185546875 -0.0736846923828125
-0.64910888671875 0.16912841796875 -0.1483154296875 -0.0709381103515625
-0.64654541015625 0.0174560546875001 -0.230636596679688 -0.0902099609375
-0.59954833984375 -0.159912109375 -0.0463714599609375 0.195327758789063
-0.63427734375 0.048583984375 -0.1279296875 0.248321533203125
-0.53521728515625 0.2349853515625 0.17486572265625 0.198867797851563
-0.276885986328125 0.389739990234375 0.3455810546875 -0.0316162109375
-0.076080322265625 0.373138427734375 0.215606689453125 -0.3052978515625
0.0628662109375 0.373748779296875 0.000396728515625033 -0.4010009765625
0.1458740234375 0.31884765625 -0.152923583984375 -0.319061279296875
0.152008056640625 0.332427978515625 -0.173583984375 -0.20159912109375
0.183990478515625 0.363861083984375 -0.1591796875 -0.106185913085937
0.144378662109375 0.403228759765625 -0.119468688964844 -0.0447006225585937
0.00115966796874997 0.45941162109375 -0.155990600585938 -0.00735473632812498
-0.1448974609375 0.508941650390625 -0.1776123046875 -0.010528564453125
-0.492523193359375 0.346343994140625 -0.2135009765625 -0.123779296875
-0.66485595703125 0.1546630859375 -0.230743408203125 -0.0301361083984375
-0.63671875 -0.0244140625 -0.417694091796875 -0.092071533203125
-0.4456787109375 -0.1492919921875 -0.170730590820313 0.18231201171875
-0.4732666015625 0.060211181640625 -0.1494140625 0.246139526367187
-0.35076904296875 0.203399658203125 0.168746948242187 0.126754760742188
-0.13018798828125 0.281219482421875 0.26739501953125 -0.129531860351562
0.00862121582031248 0.234695434570313 0.1219482421875 -0.3505859375
0.0704803466796875 0.211990356445313 -0.09332275390625 -0.446441650390625
0.093719482421875 0.185134887695312 -0.236053466796875 -0.379852294921875
0.100357055664063 0.21490478515625 -0.25006103515625 -0.272842407226563
0.122207641601563 0.243362426757813 -0.235855102539063 -0.19134521484375
0.102188110351562 0.2724609375 -0.189987182617188 -0.144607543945312
0.00970458984375003 0.334228515625 -0.223312377929688 -0.0983276367187499
-0.108551025390625 0.4014892578125 -0.223251342773437 -0.110382080078125
-0.425384521484375 0.278076171875 -0.213638305664063 -0.189041137695312
-0.580078125 0.0948486328125001 -0.291473388671875 -0.00811767578125005
-0.525543212890625 -0.0759582519531251 -0.583984375 -0.10968017578125
-0.240066528320313 -0.12005615234375 -0.233200073242188 0.171829223632812
-0.2669677734375 0.0621185302734375 -0.137008666992188 0.227005004882812
-0.147491455078125 0.14251708984375 0.152587890625 0.0623931884765625
0.00194549560546876 0.140174865722656 0.180145263671875 -0.187225341796875
0.0656509399414063 0.0757064819335938 0.04010009765625 -0.34991455078125
0.050262451171875 0.0381660461425781 -0.16375732421875 -0.439483642578125
0.0187339782714844 0.0314235687255859 -0.288238525390625 -0.38995361328125
0.0319671630859375 0.0652694702148438 -0.290008544921875 -0.297943115234375
0.0473556518554688 0.0773544311523438 -0.272811889648438 -0.236709594726563
0.0650634765625 0.0922927856445313 -0.232101440429688 -0.207321166992187
0.0452728271484375 0.159149169921875 -0.26800537109375 -0.162078857421875
-0.0337066650390625 0.244979858398437 -0.24932861328125 -0.20330810546875
-0.282257080078125 0.175262451171875 -0.187881469726562 -0.25592041015625
-0.382781982421875 0.020111083984375 -0.31536865234375 -0.0106201171875
-0.315277099609375 -0.112213134765625 -0.693603515625 -0.14837646484375
-0.0333099365234375 0.075225830078125 0.7105712890625 0.03759765625
0.0885238647460938 0.02313232421875 0.277938842773438 -0.0023956298828125
0.0232391357421875 -0.102119445800781 0.131668090820313 0.231857299804688
-0.0795745849609375 -0.0668792724609375 0.278106689453125 0.2808837890625
-0.111335754394531 0.0151901245117188 0.26898193359375 0.155197143554688
-0.0580520629882813 0.109336853027344 0.247665405273437 0.176727294921875
0.0341415405273437 0.111297607421875 0.283111572265625 0.224639892578125
0.0339508056640625 0.0863265991210938 0.30059814453125 0.256927490234375
0.0375747680664063 0.0953140258789062 0.29443359375 0.3270263671875
-0.00234222412109374 0.115440368652344 0.184722900390625 0.379150390625
-0.0623550415039062 0.0814208984375 0.06585693359375 0.31634521484375
-0.094329833984375 0.00771331787109376 -0.05413818359375 0.19927978515625
-0.0113296508789063 -0.0803909301757813 -0.101028442382813 -0.00996398925781252
0.0670852661132813 -0.00912094116210938 0.11907958984375 -0.191513061523438
0.0175247192382813 0.0787353515625 0.231536865234375 -0.143035888671875
-0.30804443359375 0.056243896484375 0.656494140625 0.08648681640625
-0.207183837890625 0.077423095703125 0.216873168945313 0.0382843017578125
-0.22735595703125 0.02825927734375 0.113616943359375 0.274612426757813
-0.219573974609375 0.11224365234375 0.312896728515625 0.311676025390625
-0.167984008789063 0.191085815429688 0.297760009765625 0.12078857421875
-0.037078857421875 0.292022705078125 0.241378784179688 0.112442016601563
0.110809326171875 0.265579223632812 0.238555908203125 0.164886474609375
0.11578369140625 0.226303100585938 0.248748779296875 0.2010498046875
0.130203247070313 0.232086181640625 0.253448486328125 0.268814086914063
0.0727996826171875 0.25396728515625 0.1839599609375 0.322906494140625
-0.04437255859375 0.236785888671875 0.0863037109375 0.270126342773438
-0.130706787109375 0.176986694335938 -0.0228271484375 0.18817138671875
-0.173919677734375 0.030731201171875 -0.101310729980469 -0.004180908203125
-0.161178588867187 0.0252838134765625 0.0807037353515625 -0.175811767578125
-0.200439453125 0.071746826171875 0.1898193359375 -0.124801635742188
-0.531494140625 0.00894165039062511 0.52545166015625 0.130584716796875
-0.476531982421875 0.0968017578125 0.132438659667969 0.0958251953125
-0.466522216796875 0.1427001953125 0.123748779296875 0.291259765625
-0.346160888671875 0.2857666015625 0.35675048828125 0.28271484375
-0.201141357421875 0.35015869140625 0.3199462890625 0.032989501953125
-0.00830078125000001 0.434722900390625 0.211318969726563 -0.00660705566406247
0.16876220703125 0.37762451171875 0.158447265625 0.05889892578125
0.178619384765625 0.33343505859375 0.159225463867188 0.115798950195313
0.208343505859375 0.338897705078125 0.174346923828125 0.190948486328125
0.146759033203125 0.364532470703125 0.14886474609375 0.250335693359375
-0.00799560546875002 0.373870849609375 0.0738067626953125 0.219146728515625
-0.136077880859375 0.34344482421875 -0.0202484130859375 0.168411254882813
-0.306304931640625 0.1683349609375 -0.119010925292969 -0.00981140136718752
-0.370086669921875 0.09381103515625 0.01861572265625 -0.150054931640625
-0.399566650390625 0.07489013671875 0.093719482421875 -0.110107421875
-0.66241455078125 -0.0516357421875001 0.34100341796875 0.166748046875
-0.65301513671875 0.09637451171875 0.033050537109375 0.162841796875
-0.61517333984375 0.23272705078125 0.148895263671875 0.28424072265625
-0.402069091796875 0.4154052734375 0.39288330078125 0.19329833984375
-0.18994140625 0.452239990234375 0.315948486328125 -0.093475341796875
0.0291748046875 0.502166748046875 0.152801513671875 -0.155426025390625
0.20062255859375 0.42242431640625 0.0519638061523438 -0.074249267578125
0.210845947265625 0.3883056640625 0.0440025329589844 0.0115089416503906
0.253082275390625 0.4013671875 0.0657196044921875 0.10107421875
0.19586181640625 0.4337158203125 0.0769195556640625 0.165267944335938
0.02392578125 0.47412109375 0.0205535888671875 0.160446166992188
-0.127716064453125 0.47662353515625 -0.0521697998046875 0.135055541992188
-0.404022216796875 0.300018310546875 -0.153701782226563 -0.025848388671875
-0.53594970703125 0.171051025390625 -0.0615386962890625 -0.108352661132812
-0.5555419921875 0.076202392578125 -0.0517120361328125 -0.0913848876953125
-0.687255859375 -0.09454345703125 0.1412353515625 0.1876220703125
-0.70037841796875 0.09674072265625 -0.05584716796875 0.223373413085938
-0.6302490234375 0.28204345703125 0.1741943359375 0.248687744140625
-0.362152099609375 0.463226318359375 0.392852783203125 0.068359375
-0.128997802734375 0.4605712890625 0.27325439453125 -0.223159790039062
0.0693969726562501 0.4766845703125 0.06793212890625 -0.2974853515625
0.202362060546875 0.396331787109375 -0.0658416748046875 -0.205886840820312
0.211090087890625 0.3837890625 -0.0780563354492187 -0.0954742431640625
0.255401611328125 0.40545654296875 -0.0562477111816406 0.00334930419921877
0.206390380859375 0.446807861328125 -0.0202865600585937 0.0667800903320313
0.04217529296875 0.50811767578125 -0.0632247924804687 0.0879669189453125
-0.11370849609375 0.543182373046875 -0.110923767089844 0.079833984375
-0.461334228515625 0.383209228515625 -0.19366455078125 -0.056243896484375
-0.6392822265625 0.218994140625 -0.149093627929688 -0.056884765625
-0.64288330078125 0.0601806640625 -0.230117797851563 -0.0711364746093749
-0.6119384765625 -0.11724853515625 -0.0349578857421875 0.193344116210937
-0.626708984375 0.09600830078125 -0.112625122070313 0.254104614257813
-0.51910400390625 0.279296875 0.1842041015625 0.187454223632813
-0.2471923828125 0.41119384765625 0.342559814453125 -0.055938720703125
-0.045867919921875 0.37542724609375 0.190704345703125 -0.319122314453125
0.09246826171875 0.366973876953125 -0.033355712890625 -0.396392822265625
0.169647216796875 0.306671142578125 -0.17547607421875 -0.308013916015625
0.17669677734375 0.318634033203125 -0.187744140625 -0.188201904296875
0.213287353515625 0.348846435546875 -0.167495727539063 -0.0923004150390625
0.1763916015625 0.38836669921875 -0.119918823242188 -0.03729248046875
0.037689208984375 0.460357666015625 -0.154647827148438 0.00155639648437501
-0.10479736328125 0.519195556640625 -0.176239013671875 -0.000411987304687486
-0.468902587890625 0.385101318359375 -0.2220458984375 -0.104354858398437
-0.6575927734375 0.20587158203125 -0.228240966796875 -0.00904846191406249
-0.636962890625 0.0189819335937501 -0.418487548828125 -0.0592956542968751
-0.45745849609375 -0.1168212890625 -0.160888671875 0.187789916992188
-0.46484375 0.0959167480468749 -0.134140014648438 0.253189086914063
-0.337066650390625 0.234771728515625 0.173782348632812 0.115554809570313
-0.10882568359375 0.291717529296875 0.256271362304687 -0.148056030273437
0.0277557373046875 0.231369018554688 0.095916748046875 -0.35614013671875
0.087066650390625 0.206680297851563 -0.1270751953125 -0.433074951171875
0.1072998046875 0.177597045898438 -0.2628173828125 -0.360443115234375
0.11572265625 0.206283569335937 -0.268722534179687 -0.253524780273438
0.139297485351562 0.233474731445312 -0.248977661132813 -0.172088623046875
0.122894287109375 0.262359619140625 -0.19830322265625 -0.130935668945312
0.037139892578125 0.333343505859375 -0.228271484375 -0.0826873779296875
-0.077178955078125 0.40911865234375 -0.228256225585938 -0.0946807861328125
-0.40869140625 0.31195068359375 -0.2266845703125 -0.168426513671875
-0.57421875 0.138916015625 -0.287322998046875 0.01727294921875
-0.528411865234375 -0.0403747558593751 -0.58428955078125 -0.0663452148437499
-0.25006103515625 -0.103179931640625 -0.224014282226563 0.181961059570313
-0.259475708007813 0.082366943359375 -0.123825073242188 0.234756469726562
-0.137115478515625 0.156280517578125 0.153671264648438 0.0523529052734375
0.011749267578125 0.140823364257813 0.165023803710938 -0.197708129882813
0.07171630859375 0.0686416625976563 0.013916015625 -0.3472900390625
0.0533828735351563 0.0334053039550781 -0.195587158203125 -0.420196533203125
0.0206699371337891 0.0303916931152344 -0.313720703125 -0.365875244140625
0.0360450744628906 0.0627555847167969 -0.30780029296875 -0.2760009765625
0.0519485473632813 0.07330322265625 -0.288848876953125 -0.215423583984375
0.0712890625 0.0863113403320312 -0.245681762695313 -0.189987182617187
0.058074951171875 0.154800415039062 -0.276214599609375 -0.142227172851562
-0.01385498046875 0.247039794921875 -0.261672973632812 -0.184326171875
-0.271682739257812 0.197174072265625 -0.205963134765625 -0.236907958984375
-0.381988525390625 0.0494384765625 -0.31072998046875 0.01666259765625
-0.3209228515625 -0.09063720703125 -0.69805908203125 -0.0974121093749999
-0.0235214233398437 0.0769882202148438 0.690185546875 -0.0047607421875
0.090118408203125 0.0160064697265625 0.265411376953125 -0.022705078125
0.01470947265625 -0.100883483886719 0.13812255859375 0.217208862304688
-0.0817718505859375 -0.061279296875 0.28521728515625 0.255096435546875
-0.108871459960937 0.0228424072265625 0.26715087890625 0.133499145507813
-0.047088623046875 0.110092163085938 0.24859619140625 0.156585693359375
0.0422439575195312 0.10516357421875 0.285003662109375 0.200897216796875
0.0382080078125 0.0813674926757813 0.303558349609375 0.22955322265625
0.0434188842773437 0.0888214111328125 0.306640625 0.29486083984375
0.00644683837890626 0.110977172851563 0.2037353515625 0.352081298828125
-0.053619384765625 0.0830612182617188 0.086700439453125 0.297943115234375
-0.091156005859375 0.0136566162109375 -0.037567138671875 0.192031860351563
-0.0166397094726563 -0.0774459838867188 -0.0945053100585938 -0.00447082519531249
0.0644950866699219 -0.0130233764648438 0.105941772460938 -0.193588256835938
0.0215835571289063 0.0744400024414063 0.2178955078125 -0.14715576171875
-0.293243408203125 0.073272705078125 0.64080810546875 0.043212890625
-0.194412231445313 0.0870208740234375 0.2098388671875 0.0207366943359375
-0.221954345703125 0.0430450439453125 0.124053955078125 0.259750366210938
-0.207977294921875 0.123382568359375 0.321380615234375 0.28204345703125
-0.153411865234375 0.196517944335937 0.29180908203125 0.097900390625
-0.014556884765625 0.28662109375 0.237030029296875 0.0944671630859375
0.12615966796875 0.250640869140625 0.239349365234375 0.14617919921875
0.126220703125 0.2108154296875 0.250823974609375 0.178070068359375
0.143081665039062 0.215530395507813 0.26031494140625 0.241806030273438
0.08953857421875 0.239059448242188 0.199127197265625 0.296783447265625
-0.0252532958984375 0.23162841796875 0.102310180664062 0.2513427734375
-0.113693237304687 0.180282592773438 -0.00886535644531251 0.178939819335938
-0.167617797851563 0.041778564453125 -0.095794677734375 0.00228118896484374
-0.155593872070313 0.03594970703125 0.06903076171875 -0.175643920898438
-0.189910888671875 0.0803680419921875 0.180633544921875 -0.127456665039062
-0.513824462890625 0.0410461425781249 0.517303466796875 0.094451904296875
-0.455108642578125 0.1226806640625 0.131866455078125 0.0816116333007813
-0.44635009765625 0.171478271484375 0.133712768554687 0.276412963867188
-0.318695068359375 0.30084228515625 0.363311767578125 0.2493896484375
-0.174591064453125 0.352447509765625 0.306976318359375 0.0103759765625
0.021942138671875 0.421905517578125 0.199615478515625 -0.0182952880859375
0.190093994140625 0.353668212890625 0.154159545898438 0.047943115234375
0.194580078125 0.309539794921875 0.159271240234375 0.100967407226563
0.225067138671875 0.31329345703125 0.179229736328125 0.172836303710938
0.1676025390625 0.339996337890625 0.16192626953125 0.229812622070313
0.01922607421875 0.36236572265625 0.08636474609375 0.202774047851563
-0.108154296875 0.3414306640625 -0.0075531005859375 0.159011840820313
-0.2869873046875 0.18438720703125 -0.1146240234375 -0.001678466796875
-0.3543701171875 0.115753173828125 0.011810302734375 -0.145721435546875
-0.3836669921875 0.093719482421875 0.0897750854492187 -0.108367919921875
-0.64520263671875 -0.00720214843750007 0.33941650390625 0.140350341796875
-0.62396240234375 0.133056640625 0.039886474609375 0.153106689453125
-0.58642578125 0.27008056640625 0.1571044921875 0.26739501953125
-0.363983154296875 0.430419921875 0.3929443359375 0.16168212890625
-0.154815673828125 0.44769287109375 0.296112060546875 -0.111358642578125
0.061370849609375 0.485626220703125 0.133804321289063 -0.15826416015625
0.22210693359375 0.395660400390625 0.0427474975585938 -0.0742950439453125
0.228607177734375 0.36083984375 0.04168701171875 0.00726318359375002
0.27264404296875 0.37030029296875 0.0682754516601563 0.0938491821289063
0.22076416015625 0.404266357421875 0.0868377685546875 0.15203857421875
0.0579833984375 0.455841064453125 0.0315399169921875 0.148956298828125
-0.089324951171875 0.47125244140625 -0.04046630859375 0.129165649414063
-0.37445068359375 0.319580078125 -0.1484375 -0.013824462890625
-0.51202392578125 0.20269775390625 -0.0621337890625 -0.09906005859375
-0.533905029296875 0.104583740234375 -0.049285888671875 -0.0817108154296875
-0.67266845703125 -0.05084228515625 0.146591186523437 0.171432495117188
-0.6685791015625 0.13616943359375 -0.041961669921875 0.216964721679688
-0.597412109375 0.3189697265625 0.18023681640625 0.232147216796875
-0.322906494140625 0.474212646484375 0.38458251953125 0.039947509765625
-0.0950927734375 0.45330810546875 0.246139526367188 -0.23468017578125
0.098602294921875 0.457305908203125 0.042724609375 -0.290008544921875
0.222381591796875 0.369110107421875 -0.0791778564453125 -0.194259643554687
0.2275390625 0.3560791015625 -0.0825119018554687 -0.0879364013671875
0.27459716796875 0.375946044921875 -0.0541610717773437 0.0086174011230469
0.230743408203125 0.416473388671875 -0.0134696960449219 0.0639305114746094
0.077789306640625 0.489013671875 -0.05450439453125 0.0852127075195313
-0.073638916015625 0.534393310546875 -0.101043701171875 0.0806961059570313
-0.423828125 0.40472412109375 -0.189910888671875 -0.039764404296875
-0.60986328125 0.255126953125 -0.142684936523438 -0.0429534912109375
-0.619873046875 0.0966796875000001 -0.221023559570313 -0.05242919921875
-0.60089111328125 -0.07666015625 -0.0248870849609376 0.186050415039063
-0.59674072265625 0.13238525390625 -0.0961456298828125 0.2503662109375
-0.487518310546875 0.30999755859375 0.1859130859375 0.171310424804688
-0.2144775390625 0.41583251953125 0.326751708984375 -0.075408935546875
-0.02008056640625 0.3656005859375 0.163299560546875 -0.319610595703125
0.114898681640625 0.349273681640625 -0.058685302734375 -0.37841796875
0.18365478515625 0.286285400390625 -0.1912841796875 -0.285919189453125
0.1904296875 0.297088623046875 -0.19390869140625 -0.17132568359375
0.229339599609375 0.32421875 -0.16827392578125 -0.0776824951171875
0.197418212890625 0.36383056640625 -0.116325378417969 -0.03045654296875
0.06976318359375 0.4427490234375 -0.148406982421875 0.00814819335937501
-0.06640625 0.51068115234375 -0.169357299804688 0.00814819335937501
-0.433135986328125 0.406463623046875 -0.2203369140625 -0.0831146240234375
-0.6278076171875 0.2445068359375 -0.2164306640625 0.0084991455078125
-0.615234375 0.0555419921875 -0.401458740234375 -0.0308227539062501
-0.45098876953125 -0.0860290527343751 -0.148147583007813 0.1866455078125
-0.4393310546875 0.12066650390625 -0.1171875 0.250686645507813
-0.3115234375 0.25390625 0.171585083007812 0.101882934570313
-0.08782958984375 0.2913818359375 0.23760986328125 -0.158294677734375
0.042694091796875 0.219802856445312 0.06964111328125 -0.348602294921875
0.09832763671875 0.193313598632813 -0.150665283203125 -0.4068603515625
0.114471435546875 0.165008544921875 -0.277435302734375 -0.3328857421875
0.12408447265625 0.19256591796875 -0.274215698242187 -0.22894287109375
0.150299072265625 0.216201782226563 -0.251129150390625 -0.149078369140625
0.137176513671875 0.245574951171875 -0.1982421875 -0.115005493164062
0.05926513671875 0.3197021484375 -0.224655151367188 -0.0676422119140625
-0.046905517578125 0.40350341796875 -0.225723266601563 -0.079345703125
-0.380401611328125 0.331268310546875 -0.229232788085938 -0.14495849609375
-0.5521240234375 0.172271728515625 -0.2713623046875 0.03790283203125
-0.5125732421875 -0.00842285156250004 -0.5655517578125 -0.0276489257812501
-0.249526977539063 -0.084716796875 -0.210784912109375 0.184402465820313
-0.243453979492187 0.096893310546875 -0.108139038085937 0.2318115234375
-0.123886108398438 0.163177490234375 0.148300170898438 0.0416107177734375
0.0197601318359375 0.137199401855469 0.14703369140625 -0.199417114257813
0.0745620727539063 0.0598297119140625 -0.00677490234374999 -0.33447265625
0.0538063049316406 0.0281600952148438 -0.21435546875 -0.38873291015625
0.0210838317871094 0.0290069580078125 -0.32696533203125 -0.33453369140625
0.0380821228027344 0.059173583984375 -0.313446044921875 -0.24798583984375
0.0538368225097656 0.0684471130371094 -0.29058837890625 -0.189422607421875
0.0745773315429687 0.0785675048828125 -0.24774169921875 -0.169113159179688
0.066925048828125 0.145294189453125 -0.275833129882813 -0.120437622070312
0.00360107421875001 0.23980712890625 -0.263534545898438 -0.16229248046875
-0.253662109375 0.21038818359375 -0.21405029296875 -0.212875366210937
-0.369537353515625 0.073944091796875 -0.294891357421875 0.0386962890625
-0.3134765625 -0.06854248046875 -0.67926025390625 -0.0529785156249999
-0.01806640625 0.0756759643554688 0.66192626953125 -0.0252685546875
0.08819580078125 0.0116729736328125 0.250335693359375 -0.0318603515625
0.00940704345703124 -0.0974655151367188 0.1365966796875 0.205642700195313
-0.0815353393554688 -0.0565261840820312 0.281219482421875 0.2344970703125
-0.105484008789063 0.0273361206054688 0.2579345703125 0.119400024414063
-0.0398406982421875 0.107742309570313 0.2401123046875 0.143142700195313
0.0452041625976563 0.0992202758789062 0.279464721679687 0.183990478515625
0.0400238037109375 0.0764312744140625 0.29681396484375 0.208984375
0.0454940795898438 0.0839309692382813 0.301055908203125 0.270050048828125
0.0105667114257813 0.105758666992188 0.20855712890625 0.326873779296875
-0.0481643676757813 0.0814590454101563 0.09515380859375 0.277206420898438
-0.0871963500976563 0.0152359008789063 -0.0279693603515625 0.181350708007813
-0.01934814453125 -0.0735092163085938 -0.0882644653320312 -0.00410461425781251
0.06134033203125 -0.0159339904785156 0.09686279296875 -0.190322875976563
0.0225601196289062 0.0700035095214844 0.2081298828125 -0.14166259765625
-0.276870727539063 0.0802459716796875 0.617431640625 0.0252685546875
-0.181289672851563 0.088653564453125 0.199752807617188 0.01129150390625
-0.213760375976563 0.050506591796875 0.124191284179687 0.24627685546875
-0.196334838867187 0.124954223632813 0.317169189453125 0.2587890625
-0.141342163085938 0.194564819335937 0.2799072265625 0.084381103515625
-0.00236511230468753 0.275711059570313 0.226333618164062 0.084686279296875
0.131805419921875 0.235183715820313 0.232391357421875 0.13330078125
0.128509521484375 0.197479248046875 0.243453979492188 0.161956787109375
0.145782470703125 0.19989013671875 0.25628662109375 0.221878051757813
0.0948638916015625 0.223709106445313 0.203109741210938 0.272674560546875
-0.014404296875 0.223007202148438 0.107650756835938 0.232131958007812
-0.101806640625 0.175857543945313 -0.00158691406250002 0.166305541992188
-0.15960693359375 0.0460052490234375 -0.0899887084960938 0.00337982177734375
-0.149703979492188 0.039886474609375 0.06329345703125 -0.171249389648438
-0.180206298828125 0.08148193359375 0.17352294921875 -0.123397827148438
-0.48992919921875 0.0537414550781251 0.499542236328125 0.076141357421875
-0.4305419921875 0.129974365234375 0.126518249511719 0.0714263916015625
-0.426788330078125 0.182586669921875 0.133697509765625 0.261566162109375
-0.297210693359375 0.30035400390625 0.356903076171875 0.2259521484375
-0.157073974609375 0.344879150390625 0.291046142578125 -0.000701904296874979
0.03619384765625 0.40478515625 0.186431884765625 -0.02178955078125
0.195343017578125 0.331817626953125 0.14654541015625 0.0419921875
0.1966552734375 0.290283203125 0.153564453125 0.090545654296875
0.22821044921875 0.29058837890625 0.176498413085938 0.159149169921875
0.175048828125 0.31744384765625 0.162857055664063 0.210525512695313
0.033935546875 0.345703125 0.0897216796875 0.185226440429688
-0.08978271484375 0.332183837890625 -0.002471923828125 0.147537231445313
-0.270645141601562 0.189117431640625 -0.108200073242188 0.00186157226562499
-0.338043212890625 0.125335693359375 0.00945281982421873 -0.139846801757813
-0.364776611328125 0.100067138671875 0.088897705078125 -0.103073120117188
-0.61871337890625 0.01104736328125 0.33111572265625 0.123321533203125
-0.5911865234375 0.1458740234375 0.0411529541015625 0.14288330078125
-0.55816650390625 0.28375244140625 0.154998779296875 0.253005981445313
-0.33599853515625 0.4285888671875 0.381683349609375 0.141387939453125
-0.136077880859375 0.43609619140625 0.27801513671875 -0.117889404296875
0.07708740234375 0.46484375 0.118728637695313 -0.152679443359375
0.227813720703125 0.371490478515625 0.03515625 -0.0719528198242187
0.231170654296875 0.33660888671875 0.0375900268554688 0.00594329833984377
0.275604248046875 0.344390869140625 0.06768798828125 0.08795166015625
0.22772216796875 0.376190185546875 0.0893630981445313 0.139549255371094
0.074249267578125 0.4339599609375 0.0353546142578125 0.136886596679688
-0.068115234375 0.45550537109375 -0.034759521484375 0.120384216308594
-0.35040283203125 0.322265625 -0.141464233398438 -0.00767517089843746
-0.487396240234375 0.214080810546875 -0.0587997436523438 -0.0920181274414062
-0.510284423828125 0.114776611328125 -0.0432281494140625 -0.0754318237304687
-0.646240234375 -0.029541015625 0.144775390625 0.158477783203125
-0.6351318359375 0.1495361328125 -0.0354461669921875 0.206436157226562
-0.56304931640625 0.33160400390625 0.175765991210937 0.216781616210938
-0.2939453125 0.469818115234375 0.369140625 0.024871826171875
-0.0760498046875 0.43609619140625 0.22564697265625 -0.233108520507812
0.111175537109375 0.436431884765625 0.027862548828125 -0.275924682617188
0.225677490234375 0.34686279296875 -0.085662841796875 -0.182876586914062
0.2296142578125 0.333526611328125 -0.0833511352539062 -0.08221435546875
0.277374267578125 0.350341796875 -0.0516166687011719 0.011322021484375
0.238372802734375 0.388702392578125 -0.00957489013671874 0.0587272644042969
0.0931091308593751 0.46612548828125 -0.0498199462890625 0.079620361328125
-0.05072021484375 0.5164794921875 -0.0942611694335938 0.07684326171875
-0.39593505859375 0.406463623046875 -0.18145751953125 -0.0289154052734374
-0.579345703125 0.2686767578125 -0.133071899414063 -0.03424072265625
-0.59088134765625 0.10906982421875 -0.206985473632813 -0.04266357421875
-0.5780029296875 -0.0573120117187501 -0.0208892822265625 0.1767578125
-0.565185546875 0.14337158203125 -0.0879364013671875 0.24005126953125
-0.45855712890625 0.318756103515625 0.17919921875 0.158828735351563
-0.1927490234375 0.409149169921875 0.310455322265625 -0.0841064453125
-0.00558471679687504 0.348602294921875 0.1434326171875 -0.3106689453125
0.12213134765625 0.329437255859375 -0.070465087890625 -0.3553466796875
0.185409545898438 0.268096923828125 -0.195343017578125 -0.266860961914063
0.192108154296875 0.278457641601563 -0.191558837890625 -0.158035278320312
0.2314453125 0.30291748046875 -0.161880493164062 -0.0671539306640625
0.20391845703125 0.33984375 -0.110885620117188 -0.0274505615234375
0.084381103515625 0.4217529296875 -0.141738891601563 0.01068115234375
-0.04541015625 0.492523193359375 -0.16204833984375 0.0114288330078125
-0.406890869140625 0.407623291015625 -0.212417602539063 -0.0693359374999999
-0.5985107421875 0.258544921875 -0.202560424804688 0.0184478759765625
-0.58746337890625 0.0696411132812501 -0.381866455078125 -0.0169982910156251
-0.436798095703125 -0.0699157714843749 -0.139785766601563 0.17999267578125
-0.415069580078125 0.130340576171875 -0.107635498046875 0.241668701171875
-0.29144287109375 0.2578125 0.163711547851562 0.0924530029296875
-0.074188232421875 0.285125732421875 0.22161865234375 -0.158615112304688
0.04949951171875 0.20703125 0.05352783203125 -0.3328857421875
0.101242065429688 0.181015014648438 -0.1572265625 -0.380889892578125
0.115478515625 0.154815673828125 -0.2791748046875 -0.308807373046875
0.124832153320313 0.18109130859375 -0.270721435546875 -0.21014404296875
0.151779174804688 0.202865600585938 -0.24346923828125 -0.133880615234375
0.140380859375 0.228378295898438 -0.191482543945313 -0.106002807617187
0.069000244140625 0.303924560546875 -0.216827392578125 -0.0581512451171874
-0.03094482421875 0.386871337890625 -0.21826171875 -0.0696258544921875
-0.35772705078125 0.332427978515625 -0.223724365234375 -0.127761840820313
-0.526123046875 0.1859130859375 -0.254364013671875 0.0477447509765625
-0.489837646484375 0.00598144531250005 -0.539154052734375 -0.00970458984375001
-0.243865966796875 -0.0740509033203125 -0.200851440429688 0.178329467773438
-0.227249145507813 0.099945068359375 -0.100509643554688 0.2230224609375
-0.112716674804688 0.164093017578125 0.140029907226563 0.0351943969726563
0.0234146118164063 0.133514404296875 0.132537841796875 -0.193572998046875
0.0745162963867188 0.053253173828125 -0.0179443359375 -0.314605712890625
0.0524139404296875 0.0247650146484375 -0.215728759765625 -0.35943603515625
0.0206432342529297 0.0287876129150391 -0.3231201171875 -0.308685302734375
0.0375213623046875 0.0564422607421875 -0.30694580078125 -0.22882080078125
0.0532684326171875 0.064422607421875 -0.28253173828125 -0.17138671875
0.0745010375976563 0.0714797973632813 -0.24139404296875 -0.154190063476563
0.0696945190429688 0.136032104492187 -0.267166137695313 -0.106048583984375
0.0122833251953125 0.229888916015625 -0.256500244140625 -0.146881103515625
-0.2391357421875 0.212234497070313 -0.210845947265625 -0.193893432617188
-0.35302734375 0.0844116210937501 -0.276458740234375 0.0489654541015625
-0.299713134765625 -0.058319091796875 -0.64971923828125 -0.0305786132812499
-0.01409912109375 0.0741653442382813 0.64593505859375 -0.0263671875
0.0876388549804687 0.0091552734375 0.240798950195313 -0.0332794189453125
0.00793457031250001 -0.09515380859375 0.133453369140625 0.199691772460938
-0.0809326171875 -0.0546798706054688 0.275619506835938 0.224517822265625
-0.103866577148437 0.0291824340820313 0.249542236328125 0.114730834960938
-0.0362548828125 0.105171203613281 0.234298706054688 0.13824462890625
0.0473785400390625 0.0954971313476563 0.27056884765625 0.179428100585937
0.040313720703125 0.0742950439453125 0.287506103515625 0.2008056640625
0.0450973510742188 0.0807266235351563 0.2940673828125 0.25653076171875
0.012603759765625 0.102195739746094 0.20623779296875 0.311614990234375
-0.0454483032226563 0.0797348022460938 0.0953216552734375 0.26373291015625
-0.085479736328125 0.0160980224609375 -0.024505615234375 0.171844482421875
-0.0197067260742188 -0.0723495483398438 -0.0835418701171875 -0.00522613525390626
0.0595207214355469 -0.0171394348144531 0.094085693359375 -0.18695068359375
0.0214881896972656 0.0682220458984375 0.204833984375 -0.133956909179688
-0.2677001953125 0.0801239013671875 0.60333251953125 0.0220947265625
-0.174285888671875 0.086334228515625 0.19207763671875 0.00827026367187501
-0.20947265625 0.053924560546875 0.120849609375 0.240264892578125
-0.191818237304687 0.12457275390625 0.3118896484375 0.248626708984375
-0.137893676757812 0.192001342773438 0.269912719726563 0.079498291015625
0.00166320800781249 0.269683837890625 0.218826293945312 0.0819549560546875
0.131927490234375 0.226547241210938 0.224105834960938 0.129592895507813
0.127838134765625 0.1905517578125 0.234375 0.155792236328125
0.145828247070313 0.193328857421875 0.250595092773438 0.210830688476563
0.0962677001953125 0.215576171875 0.20062255859375 0.260177612304688
-0.0097198486328125 0.215927124023438 0.107162475585938 0.218917846679687
-0.0963287353515625 0.171829223632813 0.000808715820312487 0.157867431640625
-0.155715942382813 0.0474700927734375 -0.0852432250976563 0.00246429443359377
-0.1456298828125 0.0414276123046875 0.0618438720703125 -0.167083740234375
-0.175704956054687 0.0789794921875 0.173355102539063 -0.116561889648438
-0.476593017578125 0.056427001953125 0.4886474609375 0.07080078125
-0.41552734375 0.1275634765625 0.122276306152344 0.0667953491210938
-0.414337158203125 0.18548583984375 0.129425048828125 0.25433349609375
-0.2880859375 0.2977294921875 0.3489990234375 0.21514892578125
-0.15118408203125 0.336883544921875 0.280914306640625 -0.00361633300781248
0.04022216796875 0.395721435546875 0.177474975585938 -0.020660400390625
0.19525146484375 0.321319580078125 0.140525817871094 0.041534423828125
0.194351196289063 0.279266357421875 0.14678955078125 0.0875091552734375
0.22723388671875 0.280517578125 0.17138671875 0.152679443359375
0.176300048828125 0.305145263671875 0.161026000976563 0.199554443359375
0.038421630859375 0.334716796875 0.08819580078125 0.17425537109375
-0.0814208984375 0.322479248046875 -0.00154113769531249 0.139427185058594
-0.262283325195313 0.187942504882812 -0.103675842285156 0.00260925292968749
-0.3299560546875 0.12713623046875 0.0110092163085937 -0.135673522949219
-0.355377197265625 0.097503662109375 0.0912933349609375 -0.0978012084960937
-0.6021728515625 0.0139160156250001 0.32183837890625 0.119049072265625
-0.5738525390625 0.1439208984375 0.0395126342773437 0.136566162109375
-0.542388916015625 0.285491943359375 0.148788452148437 0.24566650390625
-0.324676513671875 0.424224853515625 0.372100830078125 0.13262939453125
-0.128662109375 0.4244384765625 0.265777587890625 -0.116714477539062
0.082122802734375 0.45111083984375 0.110794067382813 -0.147613525390625
0.226776123046875 0.3590087890625 0.0305328369140625 -0.0678596496582031
0.22943115234375 0.32574462890625 0.034393310546875 0.00551414489746096
0.274200439453125 0.331787109375 0.06640625 0.0853805541992188
0.2271728515625 0.361572265625 0.0894317626953125 0.131416320800781
0.08001708984375 0.42138671875 0.0347442626953125 0.128913879394531
-0.05975341796875 0.44317626953125 -0.03314208984375 0.113838195800781
-0.33917236328125 0.32098388671875 -0.136276245117188 -0.00489807128906247
-0.47491455078125 0.21649169921875 -0.0541534423828125 -0.0875701904296875
-0.495513916015625 0.112518310546875 -0.0366897583007813 -0.0708694458007813
-0.62921142578125 -0.0252685546875 0.141143798828125 0.151947021484375
-0.614501953125 0.146240234375 -0.0356597900390625 0.198684692382813
-0.54779052734375 0.33306884765625 0.168472290039063 0.210830688476563
-0.2816162109375 0.4639892578125 0.35809326171875 0.02056884765625
-0.07012939453125 0.4261474609375 0.21484375 -0.228485107421875
0.11474609375 0.421966552734375 0.0223388671875 -0.265716552734375
0.22308349609375 0.33453369140625 -0.086944580078125 -0.17529296875
0.226959228515625 0.323089599609375 -0.0841903686523437 -0.0777664184570312
0.276214599609375 0.336822509765625 -0.0499305725097656 0.0114822387695313
0.238006591796875 0.37115478515625 -0.00822448730468749 0.0540084838867188
0.0986633300781249 0.45166015625 -0.047271728515625 0.0748214721679688
-0.042755126953125 0.504638671875 -0.0911865234375 0.0732498168945313
-0.3841552734375 0.40411376953125 -0.1754150390625 -0.02459716796875
-0.56488037109375 0.270751953125 -0.125419616699219 -0.0306854248046875
-0.575439453125 0.10748291015625 -0.195144653320313 -0.0395965576171875
-0.56561279296875 -0.0535278320312499 -0.021820068359375 0.169708251953125
-0.545654296875 0.141326904296875 -0.0874786376953125 0.23175048828125
-0.443939208984375 0.319580078125 0.170303344726562 0.153823852539063
-0.18115234375 0.405029296875 0.29949951171875 -0.084136962890625
-0.00204467773437498 0.338134765625 0.13604736328125 -0.301300048828125
0.123687744140625 0.318817138671875 -0.07305908203125 -0.342803955078125
0.183609008789063 0.258621215820313 -0.194869995117188 -0.255645751953125
0.189193725585938 0.269744873046875 -0.18865966796875 -0.150726318359375
0.229339599609375 0.29107666015625 -0.157501220703125 -0.063079833984375
0.202789306640625 0.325469970703125 -0.106887817382812 -0.0286483764648437
0.088470458984375 0.409027099609375 -0.136848449707031 0.00984954833984377
-0.03741455078125 0.480926513671875 -0.157196044921875 0.0101318359375001
-0.39520263671875 0.406829833984375 -0.205764770507813 -0.06256103515625
-0.58209228515625 0.26165771484375 -0.191360473632813 0.021514892578125
-0.572021484375 0.0689697265624999 -0.366851806640625 -0.0146484375
-0.427154541015625 -0.0666809082031251 -0.138580322265625 0.172882080078125
-0.39990234375 0.12652587890625 -0.107345581054688 0.233047485351563
-0.27874755859375 0.25823974609375 0.154861450195312 0.089630126953125
-0.06781005859375 0.28125 0.212799072265625 -0.154342651367187
0.051544189453125 0.199172973632813 0.048614501953125 -0.322235107421875
0.101348876953125 0.17364501953125 -0.15631103515625 -0.364288330078125
0.11285400390625 0.149063110351563 -0.274810791015625 -0.2972412109375
0.1226806640625 0.17572021484375 -0.265579223632812 -0.201705932617188
0.149383544921875 0.19610595703125 -0.236129760742188 -0.127532958984375
0.140029907226563 0.219146728515625 -0.186141967773438 -0.103057861328125
0.071533203125 0.294586181640625 -0.21063232421875 -0.0554351806640625
-0.02496337890625 0.37841796875 -0.212890625 -0.0668792724609375
-0.3480224609375 0.331146240234375 -0.217391967773438 -0.118301391601563
-0.51348876953125 0.189453125 -0.24188232421875 0.0511016845703125
-0.47698974609375 0.00579833984374995 -0.521209716796875 -0.00805664062499999
-0.239608764648438 -0.07177734375 -0.198928833007813 0.170578002929687
-0.218536376953125 0.097015380859375 -0.100906372070313 0.21539306640625
-0.10748291015625 0.164154052734375 0.1312255859375 0.0339889526367188
0.0252685546875 0.132102966308594 0.125274658203125 -0.186660766601563
0.0731887817382813 0.0497817993164063 -0.019256591796875 -0.30267333984375
0.0504951477050781 0.0217475891113281 -0.210418701171875 -0.344879150390625
0.0196266174316406 0.0285568237304688 -0.318115234375 -0.2979736328125
0.0369682312011719 0.0564460754394531 -0.30047607421875 -0.22119140625
0.05169677734375 0.0627098083496094 -0.273788452148438 -0.164749145507813
0.072540283203125 0.0677642822265625 -0.23431396484375 -0.14862060546875
0.0698623657226562 0.130950927734375 -0.25885009765625 -0.101104736328125
0.01495361328125 0.223770141601563 -0.250579833984375 -0.141494750976563
-0.233062744140625 0.212066650390625 -0.205413818359375 -0.183212280273437
-0.344757080078125 0.0867614746093751 -0.263320922851563 0.052001953125
-0.29095458984375 -0.058074951171875 -0.62969970703125 -0.0271606445312499
-0.0122528076171875 0.0743408203125 0.64727783203125 -0.02557373046875
0.0901565551757813 0.00872802734375 0.238800048828125 -0.035430908203125
0.00662994384765626 -0.0951614379882813 0.131332397460938 0.201309204101563
-0.0826339721679688 -0.0548324584960938 0.276641845703125 0.224456787109375
-0.105300903320313 0.0304641723632812 0.247085571289063 0.114532470703125
-0.0344924926757813 0.105964660644531 0.23284912109375 0.139068603515625
0.0492019653320313 0.094329833984375 0.268646240234375 0.179367065429688
0.0413131713867188 0.0742111206054688 0.283294677734375 0.201446533203125
0.047088623046875 0.0812225341796875 0.291900634765625 0.25396728515625
0.0137176513671875 0.102256774902344 0.207244873046875 0.30859375
-0.0444259643554688 0.079437255859375 0.0963287353515625 0.258209228515625
-0.0866241455078125 0.0168609619140625 -0.0222930908203125 0.168411254882813
-0.0205307006835938 -0.0722808837890625 -0.0815658569335937 -0.00783538818359376
0.0586509704589844 -0.0181846618652344 0.0948486328125 -0.187850952148438
0.0201988220214844 0.0683670043945313 0.209869384765625 -0.1285400390625
-0.266677856445313 0.0805511474609375 0.6043701171875 0.0245361328125
-0.172439575195313 0.0857696533203125 0.191390991210938 0.00581359863281251
-0.211029052734375 0.055419921875 0.118789672851562 0.24127197265625
-0.192794799804688 0.126312255859375 0.312408447265625 0.248138427734375
-0.138671875 0.194137573242188 0.26788330078125 0.0785980224609375
0.00451660156250001 0.271270751953125 0.216339111328125 0.082550048828125
0.134292602539063 0.225830078125 0.221328735351563 0.131668090820313
0.128524780273438 0.189559936523438 0.23187255859375 0.156387329101563
0.147872924804688 0.19171142578125 0.247665405273438 0.209213256835938
0.0995941162109375 0.2132568359375 0.199813842773438 0.255706787109375
-0.00836181640624999 0.215103149414063 0.106292724609375 0.21319580078125
-0.096771240234375 0.172744750976563 0.000381469726562492 0.153518676757812
-0.155838012695312 0.0489044189453125 -0.083465576171875 0.00199127197265626
-0.147293090820312 0.041534423828125 0.0643310546875 -0.167160034179688
-0.177352905273438 0.0783538818359375 0.179473876953125 -0.112380981445313
-0.475860595703125 0.0556640625000001 0.490203857421875 0.072845458984375
-0.414886474609375 0.126007080078125 0.120689392089844 0.065582275390625
-0.416259765625 0.190399169921875 0.126205444335937 0.255661010742188
-0.2884521484375 0.30242919921875 0.349945068359375 0.214874267578125
-0.1529541015625 0.338348388671875 0.278106689453125 -0.00436401367187498
0.0439453125 0.395965576171875 0.174850463867188 -0.019012451171875
0.19610595703125 0.319610595703125 0.138236999511719 0.0437393188476563
0.195907592773438 0.278823852539063 0.144073486328125 0.089141845703125
0.230743408203125 0.27734375 0.170166015625 0.152542114257813
0.178619384765625 0.301116943359375 0.162124633789062 0.194473266601563
0.041900634765625 0.33428955078125 0.0879058837890625 0.169235229492188
-0.080230712890625 0.322967529296875 -0.00133514404296875 0.135902404785156
-0.262130737304688 0.191802978515625 -0.101409912109375 0.00330352783203124
-0.330535888671875 0.13055419921875 0.014404296875 -0.134880065917969
-0.35687255859375 0.09527587890625 0.0976028442382812 -0.09503173828125
-0.60198974609375 0.0115966796875001 0.323028564453125 0.118988037109375
-0.57135009765625 0.1422119140625 0.0361404418945312 0.134475708007813
-0.541778564453125 0.29205322265625 0.14453125 0.246978759765625
-0.324493408203125 0.43084716796875 0.37225341796875 0.1317138671875
-0.12884521484375 0.42596435546875 0.26348876953125 -0.1168212890625
0.0855407714843749 0.45220947265625 0.107437133789062 -0.146041870117187
0.226531982421875 0.35626220703125 0.0289459228515625 -0.0650863647460937
0.230255126953125 0.32568359375 0.0321292877197266 0.00766944885253908
0.276641845703125 0.329864501953125 0.0658035278320313 0.0861053466796875
0.23040771484375 0.35662841796875 0.0895919799804688 0.126579284667969
0.083770751953125 0.4195556640625 0.035003662109375 0.124488830566406
-0.056640625 0.4443359375 -0.0331497192382813 0.111152648925781
-0.339447021484375 0.32440185546875 -0.134666442871094 -0.00228881835937499
-0.47576904296875 0.221954345703125 -0.0498733520507813 -0.08575439453125
-0.49737548828125 0.1103515625 -0.0298919677734375 -0.070281982421875
-0.6314697265625 -0.027587890625 0.139480590820312 0.151214599609375
-0.6142578125 0.143310546875 -0.039093017578125 0.1961669921875
-0.546539306640625 0.340423583984375 0.162673950195312 0.212417602539063
-0.279693603515625 0.46966552734375 0.35638427734375 0.020751953125
-0.06982421875 0.424468994140625 0.212417602539062 -0.229095458984375
0.1170654296875 0.421478271484375 0.0193939208984375 -0.2635498046875
0.223907470703125 0.3333740234375 -0.0895538330078125 -0.172271728515625
0.22857666015625 0.32366943359375 -0.0851058959960937 -0.0763015747070313
0.27899169921875 0.33441162109375 -0.0494003295898437 0.0129890441894531
0.24102783203125 0.367523193359375 -0.00725173950195311 0.0504226684570313
0.10205078125 0.450927734375 -0.0480194091796875 0.0718765258789063
-0.03887939453125 0.50482177734375 -0.091705322265625 0.0711441040039063
-0.385650634765625 0.40936279296875 -0.173004150390625 -0.0216064453125
-0.5660400390625 0.27716064453125 -0.120491027832031 -0.0295944213867187
-0.57635498046875 0.10394287109375 -0.1905517578125 -0.03955078125
-0.56658935546875 -0.0546264648437499 -0.023895263671875 0.166915893554688
-0.5435791015625 0.138885498046875 -0.0914306640625 0.229934692382813
-0.44244384765625 0.32659912109375 0.164901733398437 0.15625
-0.177398681640625 0.410552978515625 0.297027587890625 -0.083587646484375
0.000335693359375007 0.33734130859375 0.133514404296875 -0.30035400390625
0.125885009765625 0.31634521484375 -0.075286865234375 -0.339111328125
0.183822631835937 0.257080078125 -0.197006225585938 -0.253387451171875
0.190505981445312 0.270034790039063 -0.189773559570313 -0.149871826171875
0.231231689453125 0.290985107421875 -0.155654907226562 -0.0626220703125
0.203857421875 0.32159423828125 -0.10595703125 -0.0313186645507812
0.091796875 0.407684326171875 -0.136428833007813 0.00811767578125002
-0.034454345703125 0.48223876953125 -0.157638549804688 0.00970458984375006
-0.39544677734375 0.410614013671875 -0.204437255859375 -0.05780029296875
-0.58355712890625 0.26702880859375 -0.1861572265625 0.02392578125
-0.573486328125 0.0645141601562499 -0.362884521484375 -0.0166015625000001
-0.428924560546875 -0.0694580078125 -0.142379760742188 0.170333862304688
-0.398468017578125 0.123138427734375 -0.112869262695313 0.231536865234375
-0.277481079101562 0.26202392578125 0.150115966796875 0.091522216796875
-0.065032958984375 0.284881591796875 0.210464477539063 -0.153366088867187
0.052490234375 0.1968994140625 0.0489501953125 -0.31939697265625
0.101547241210938 0.170928955078125 -0.156280517578125 -0.36181640625
0.1124267578125 0.149368286132813 -0.275848388671875 -0.29486083984375
0.123306274414063 0.176284790039063 -0.265594482421875 -0.20123291015625
0.150222778320313 0.196243286132813 -0.233856201171875 -0.128219604492187
0.139450073242188 0.216567993164063 -0.184280395507813 -0.104705810546875
0.073822021484375 0.2938232421875 -0.209701538085938 -0.0557861328125
-0.022918701171875 0.379638671875 -0.213363647460937 -0.0671844482421875
-0.3499755859375 0.3363037109375 -0.216064453125 -0.114044189453125
-0.5137939453125 0.1943359375 -0.23614501953125 0.0528411865234375
-0.476806640625 0.00134277343749998 -0.51837158203125 -0.00942993164062502
-0.241897583007812 -0.0738372802734375 -0.203933715820313 0.166290283203125
-0.217147827148437 0.095062255859375 -0.10614013671875 0.213104248046875
-0.106491088867187 0.166519165039063 0.126472473144531 0.0359115600585938
0.027923583984375 0.135261535644531 0.1236572265625 -0.1844482421875
0.0739593505859375 0.04754638671875 -0.019134521484375 -0.2984619140625
0.0498046875 0.0201797485351563 -0.209259033203125 -0.340545654296875
0.0191001892089844 0.0293483734130859 -0.31658935546875 -0.294342041015625
0.03662109375 0.0577163696289062 -0.299407958984375 -0.2213134765625
0.0511589050292969 0.0637016296386719 -0.271087646484375 -0.165771484375
0.0718307495117188 0.065704345703125 -0.23199462890625 -0.15008544921875
0.071258544921875 0.130058288574219 -0.257247924804688 -0.0997314453125
0.0162506103515625 0.223876953125 -0.249832153320313 -0.141036987304688
-0.234375 0.216552734375 -0.204788208007813 -0.179397583007812
-0.345184326171875 0.090606689453125 -0.257919311523438 0.053741455078125
-0.28985595703125 -0.061187744140625 -0.62860107421875 -0.02825927734375
-0.00923919677734374 0.07708740234375 0.66436767578125 -0.03363037109375
0.0942230224609375 0.0060882568359375 0.242080688476563 -0.0406494140625
0.0041656494140625 -0.0967559814453125 0.136795043945313 0.204513549804688
-0.086517333984375 -0.0540618896484375 0.2879638671875 0.224090576171875
-0.107192993164063 0.0360336303710938 0.252655029296875 0.113525390625
-0.0319290161132813 0.109123229980469 0.238998413085938 0.138458251953125
0.0528640747070312 0.0949783325195313 0.276138305664063 0.1810302734375
0.04449462890625 0.0746841430664063 0.29150390625 0.2015380859375
0.0511550903320313 0.0818099975585938 0.2996826171875 0.25225830078125
0.0179672241210937 0.104286193847656 0.2166748046875 0.304901123046875
-0.0444564819335938 0.0821533203125 0.103256225585937 0.257125854492188
-0.088623046875 0.0193557739257812 -0.0189971923828125 0.168289184570313
-0.022430419921875 -0.07415771484375 -0.0802841186523438 -0.00813293457031251
0.05938720703125 -0.0210189819335938 0.0955657958984375 -0.193206787109375
0.0214614868164062 0.0715103149414062 0.218475341796875 -0.130020141601562
-0.2698974609375 0.0861053466796875 0.6217041015625 0.0174560546875
-0.17315673828125 0.0887603759765625 0.194381713867188 0.00190734863281251
-0.21405029296875 0.06292724609375 0.123275756835937 0.246124267578125
-0.196304321289063 0.135147094726563 0.324371337890625 0.2474365234375
-0.139663696289063 0.203765869140625 0.273544311523438 0.0761566162109375
0.01116943359375 0.277374267578125 0.220382690429687 0.08184814453125
0.14154052734375 0.2269287109375 0.22760009765625 0.133621215820313
0.13592529296875 0.191070556640625 0.237380981445313 0.157958984375
0.15618896484375 0.192779541015625 0.254806518554688 0.208145141601562
0.10589599609375 0.213714599609375 0.207763671875 0.25177001953125
-0.00256347656249999 0.219573974609375 0.112075805664063 0.2103271484375
-0.09393310546875 0.178482055664063 0.00344848632812499 0.153778076171875
-0.158340454101563 0.0527496337890625 -0.0833816528320313 0.00328826904296875
-0.1494140625 0.0465087890625 0.0648651123046875 -0.1715087890625
-0.180587768554688 0.0829315185546875 0.188568115234375 -0.114212036132812
-0.485321044921875 0.0634765625000001 0.50244140625 0.068572998046875
-0.419708251953125 0.13421630859375 0.122238159179687 0.0633544921875
-0.420562744140625 0.206451416015625 0.129623413085937 0.261734008789063
-0.289154052734375 0.31610107421875 0.36090087890625 0.2122802734375
-0.150421142578125 0.351898193359375 0.282318115234375 -0.00958251953124998
0.05389404296875 0.405426025390625 0.175552368164063 -0.021087646484375
0.20599365234375 0.322967529296875 0.140007019042969 0.0452041625976563
0.205535888671875 0.281707763671875 0.147125244140625 0.0904083251953125
0.242507934570313 0.279067993164063 0.174911499023438 0.152496337890625
0.19024658203125 0.301177978515625 0.167373657226563 0.191741943359375
0.05096435546875 0.33892822265625 0.090972900390625 0.166671752929688
-0.07373046875 0.332122802734375 0.000778198242187509 0.13629150390625
-0.2642822265625 0.202316284179688 -0.101524353027344 0.00534820556640624
-0.336029052734375 0.142181396484375 0.0155029296875 -0.13787841796875
-0.36541748046875 0.102020263671875 0.105178833007812 -0.0965728759765625
-0.61749267578125 0.021484375 0.332672119140625 0.11737060546875
-0.5804443359375 0.15167236328125 0.0366058349609375 0.135757446289063
-0.54876708984375 0.312896728515625 0.14788818359375 0.252838134765625
-0.322296142578125 0.448760986328125 0.381988525390625 0.127288818359375
-0.123321533203125 0.438446044921875 0.26531982421875 -0.125732421875
0.098175048828125 0.46044921875 0.104888916015625 -0.148391723632812
0.237884521484375 0.361328125 0.0257225036621094 -0.0646820068359375
0.241119384765625 0.329010009765625 0.0325984954833985 0.00945854187011721
0.292205810546875 0.330078125 0.0691146850585938 0.0873336791992188
0.2440185546875 0.356292724609375 0.0931396484375 0.123863220214844
0.096435546875 0.425994873046875 0.0362472534179687 0.122299194335938
-0.046112060546875 0.455841064453125 -0.0328750610351563 0.111648559570313
-0.341217041015625 0.341400146484375 -0.135093688964844 0.00131225585937501
-0.482635498046875 0.23846435546875 -0.0480194091796875 -0.0870513916015625
-0.508392333984375 0.116363525390625 -0.0258255004882813 -0.0704421997070312
-0.64764404296875 -0.02117919921875 0.144058227539062 0.151870727539063
-0.623046875 0.1551513671875 -0.0414581298828125 0.200653076171875
-0.550872802734375 0.362579345703125 0.165420532226563 0.217315673828125
-0.27252197265625 0.48822021484375 0.364105224609375 0.01513671875
-0.06201171875 0.435821533203125 0.211135864257813 -0.237197875976562
0.129913330078125 0.42742919921875 0.01263427734375 -0.266220092773438
0.23370361328125 0.337127685546875 -0.0969390869140625 -0.171035766601563
0.23931884765625 0.325714111328125 -0.088623046875 -0.0740585327148438
0.2919921875 0.336029052734375 -0.0491600036621094 0.0146255493164063
0.2540283203125 0.367156982421875 -0.00644302368164061 0.0485496520996094
0.116668701171875 0.45721435546875 -0.0482101440429688 0.0705413818359375
-0.02703857421875 0.518035888671875 -0.0932464599609375 0.0730209350585938
-0.3885498046875 0.429962158203125 -0.1744384765625 -0.0155944824218749
-0.5743408203125 0.29937744140625 -0.117774963378906 -0.0263214111328125
-0.58892822265625 0.1121826171875 -0.190414428710938 -0.0382537841796875
-0.580810546875 -0.0497436523437499 -0.0242156982421875 0.169631958007813
-0.55157470703125 0.147857666015625 -0.0942230224609375 0.235336303710938
-0.443939208984375 0.344512939453125 0.165908813476562 0.159317016601563
-0.1708984375 0.426971435546875 0.300506591796875 -0.090301513671875
0.00674438476562497 0.3426513671875 0.130523681640625 -0.308135986328125
0.134307861328125 0.320220947265625 -0.0830078125 -0.341583251953125
0.19110107421875 0.259063720703125 -0.207077026367188 -0.252227783203125
0.200820922851562 0.273727416992187 -0.196441650390625 -0.14794921875
0.24346923828125 0.291290283203125 -0.158935546875 -0.0607452392578125
0.216033935546875 0.321380615234375 -0.108184814453125 -0.033172607421875
0.102081298828125 0.4141845703125 -0.139236450195313 0.00839996337890625
-0.02459716796875 0.496124267578125 -0.161483764648438 0.011810302734375
-0.398162841796875 0.43267822265625 -0.206527709960938 -0.051788330078125
-0.59161376953125 0.28961181640625 -0.183563232421875 0.0281982421875
-0.58538818359375 0.0693969726562499 -0.36700439453125 -0.0116882324218749
-0.4417724609375 -0.0653991699218749 -0.147384643554688 0.173065185546875
-0.403656005859375 0.13006591796875 -0.116546630859375 0.2374267578125
-0.276519775390625 0.276565551757813 0.148910522460937 0.09423828125
-0.056884765625 0.2955322265625 0.210479736328125 -0.1580810546875
0.058502197265625 0.198043823242188 0.044158935546875 -0.324554443359375
0.107086181640625 0.171401977539063 -0.164825439453125 -0.361968994140625
0.1160888671875 0.150192260742188 -0.2879638671875 -0.2940673828125
0.129623413085938 0.179107666015625 -0.273941040039063 -0.199844360351563
0.157196044921875 0.197784423828125 -0.239593505859375 -0.127365112304688
0.1468505859375 0.2158203125 -0.188812255859375 -0.105789184570312
0.082305908203125 0.297576904296875 -0.213973999023438 -0.0546417236328124
-0.013946533203125 0.38836669921875 -0.218856811523438 -0.0640869140624999
-0.352020263671875 0.35382080078125 -0.2197265625 -0.10870361328125
-0.52215576171875 0.211181640625 -0.234359741210938 0.059112548828125
-0.487548828125 0.00469970703125005 -0.528900146484375 -0.00350952148437497
-0.249862670898438 -0.072540283203125 -0.211776733398438 0.170501708984375
-0.218963623046875 0.0984344482421876 -0.11004638671875 0.219619750976563
-0.104736328125 0.175033569335937 0.124778747558594 0.0378341674804688
0.0336837768554688 0.139427185058594 0.121414184570313 -0.186798095703125
0.07708740234375 0.0454330444335938 -0.023468017578125 -0.300323486328125
0.0497207641601563 0.01873779296875 -0.21728515625 -0.3388671875
0.0197010040283203 0.0302848815917969 -0.329437255859375 -0.295440673828125
0.0394401550292969 0.05889892578125 -0.30865478515625 -0.221527099609375
0.0522003173828125 0.0651092529296875 -0.27691650390625 -0.166580200195313
0.0732498168945313 0.0644073486328125 -0.237396240234375 -0.150726318359375
0.0756759643554687 0.130477905273438 -0.262420654296875 -0.0970001220703125
0.0219573974609375 0.228302001953125 -0.258316040039063 -0.1390380859375
-0.236770629882813 0.228607177734375 -0.209609985351563 -0.17633056640625
-0.35028076171875 0.09991455078125 -0.256912231445313 0.0594635009765626
-0.296600341796875 -0.0633850097656249 -0.64154052734375 -0.0214843749999999
-0.00462341308593749 0.0795974731445313 0.68121337890625 -0.0618896484375
0.09954833984375 0.00054168701171875 0.244415283203125 -0.05352783203125
0.000968933105468752 -0.0995254516601563 0.1483154296875 0.204757690429688
-0.0917739868164062 -0.0508346557617188 0.3048095703125 0.217193603515625
-0.109046936035156 0.0430526733398437 0.262969970703125 0.105148315429688
-0.0264892578125 0.113197326660156 0.248336791992187 0.131744384765625
0.058868408203125 0.0932846069335938 0.28924560546875 0.176025390625
0.0488967895507813 0.0742263793945312 0.303619384765625 0.194976806640625
0.0585174560546875 0.0810928344726563 0.315765380859375 0.24298095703125
0.02459716796875 0.105804443359375 0.233551025390625 0.2979736328125
-0.041259765625 0.0866317749023438 0.116561889648437 0.252120971679688
-0.0906295776367187 0.0241775512695313 -0.0107879638671875 0.169036865234375
-0.0266189575195313 -0.075927734375 -0.0810699462890625 -0.00685882568359375
0.0590667724609375 -0.0243072509765625 0.0907745361328125 -0.202285766601563
0.0256729125976562 0.0747146606445313 0.224929809570313 -0.138641357421875
-0.271926879882812 0.0999298095703125 0.640869140625 -0.00817871093749999
-0.170852661132813 0.096466064453125 0.197494506835938 -0.00704956054687499
-0.215087890625 0.0760498046875 0.134933471679688 0.248565673828125
-0.194183349609375 0.147918701171875 0.341522216796875 0.236968994140625
-0.1348876953125 0.216888427734375 0.28118896484375 0.065826416015625
0.0260009765625 0.28411865234375 0.226303100585938 0.075531005859375
0.156417846679688 0.2255859375 0.237075805664062 0.128433227539063
0.148239135742188 0.189727783203125 0.247283935546875 0.15423583984375
0.170989990234375 0.188522338867188 0.266983032226563 0.201751708984375
0.12030029296875 0.211669921875 0.221481323242188 0.2442626953125
0.00898742675781251 0.224365234375 0.122100830078125 0.205047607421875
-0.0857086181640625 0.187911987304687 0.0107879638671875 0.153152465820313
-0.15936279296875 0.061553955078125 -0.0829925537109375 0.0050201416015625
-0.150405883789063 0.055419921875 0.060943603515625 -0.178451538085938
-0.181793212890625 0.0925750732421875 0.1947021484375 -0.122451782226563
-0.49365234375 0.084869384765625 0.519927978515625 0.051544189453125
-0.420623779296875 0.15277099609375 0.125846862792969 0.0589752197265625
-0.421630859375 0.232391357421875 0.141357421875 0.264511108398438
-0.281402587890625 0.339691162109375 0.379150390625 0.200408935546875
-0.1397705078125 0.36724853515625 0.286041259765625 -0.022979736328125
0.0767822265625 0.41314697265625 0.176116943359375 -0.0267791748046875
0.226226806640625 0.320465087890625 0.14398193359375 0.04327392578125
0.22515869140625 0.277664184570313 0.153411865234375 0.088836669921875
0.262161254882812 0.272857666015625 0.184234619140625 0.148849487304688
0.2086181640625 0.294647216796875 0.177825927734375 0.184494018554688
0.069854736328125 0.34307861328125 0.09881591796875 0.16156005859375
-0.057342529296875 0.34375 0.00623321533203125 0.136978149414063
-0.260772705078125 0.220321655273437 -0.100456237792969 0.01055908203125
-0.33636474609375 0.162689208984375 0.013427734375 -0.140419006347656
-0.370513916015625 0.11956787109375 0.110755920410156 -0.102455139160156
-0.631591796875 0.04486083984375 0.3453369140625 0.108367919921875
-0.58599853515625 0.17742919921875 0.040557861328125 0.137199401855469
-0.54559326171875 0.348541259765625 0.157852172851562 0.256591796875
-0.306671142578125 0.476776123046875 0.396942138671875 0.113616943359375
-0.106658935546875 0.454437255859375 0.263702392578125 -0.1400146484375
0.122344970703125 0.46490478515625 0.0984954833984375 -0.1534423828125
0.259490966796875 0.359649658203125 0.0224723815917969 -0.0639305114746093
0.262054443359375 0.325775146484375 0.0332489013671875 0.010772705078125
0.315399169921875 0.321502685546875 0.0736160278320313 0.0871124267578125
0.26580810546875 0.3485107421875 0.099029541015625 0.119186401367188
0.120635986328125 0.428863525390625 0.0400161743164063 0.119216918945313
-0.022735595703125 0.467742919921875 -0.0286483764648437 0.114921569824219
-0.332305908203125 0.368499755859375 -0.133796691894531 0.00900268554687505
-0.482513427734375 0.270233154296875 -0.0475006103515625 -0.086700439453125
-0.517333984375 0.139190673828125 -0.0227279663085938 -0.071319580078125
-0.6636962890625 0.00494384765625009 0.15289306640625 0.149948120117188
-0.6292724609375 0.1824951171875 -0.0373229980468751 0.206832885742187
-0.54510498046875 0.398040771484375 0.172821044921875 0.219406127929688
-0.254913330078125 0.516021728515625 0.372955322265625 -0.00155639648437497
-0.043853759765625 0.448028564453125 0.204833984375 -0.251602172851563
0.153778076171875 0.42889404296875 6.1035156250039E-05 -0.269271850585937
0.253448486328125 0.33489990234375 -0.107986450195313 -0.167526245117187
0.26129150390625 0.322784423828125 -0.0939712524414062 -0.0695419311523437
0.315643310546875 0.329132080078125 -0.0493431091308593 0.0178680419921875
0.275054931640625 0.3604736328125 -0.00529098510742186 0.0463371276855469
0.1427001953125 0.4610595703125 -0.04754638671875 0.0710372924804688
-0.001068115234375 0.53167724609375 -0.0910186767578125 0.0785140991210938
-0.376190185546875 0.461395263671875 -0.175094604492188 -0.00534057617187496
-0.57159423828125 0.33599853515625 -0.116203308105469 -0.0215072631835937
-0.59991455078125 0.13568115234375 -0.191268920898438 -0.0319671630859375
-0.59844970703125 -0.0277099609374999 -0.020233154296875 0.174972534179688
-0.556060791015625 0.17083740234375 -0.090850830078125 0.245086669921875
-0.434661865234375 0.37628173828125 0.171920776367187 0.16033935546875
-0.1513671875 0.446044921875 0.301727294921875 -0.104034423828125
0.023406982421875 0.34783935546875 0.11944580078125 -0.31976318359375
0.15252685546875 0.31903076171875 -0.101409912109375 -0.341705322265625
0.205642700195312 0.25732421875 -0.2236328125 -0.2459716796875
0.216873168945313 0.270599365234375 -0.206207275390625 -0.14178466796875
0.263458251953125 0.287841796875 -0.16400146484375 -0.05511474609375
0.234161376953125 0.31634521484375 -0.111892700195312 -0.0318145751953125
0.126007080078125 0.41656494140625 -0.1422119140625 0.01263427734375
3.05175781250514E-05 0.508056640625 -0.16412353515625 0.02032470703125
-0.388580322265625 0.466400146484375 -0.20941162109375 -0.040496826171875
-0.592041015625 0.324951171875 -0.18011474609375 0.037353515625
-0.59771728515625 0.093505859375 -0.372100830078125 0.00158691406250004
-0.45733642578125 -0.0489807128906249 -0.147415161132813 0.183197021484375
-0.405670166015625 0.146697998046875 -0.114532470703125 0.248580932617188
-0.269073486328125 0.296905517578125 0.152099609375 0.094390869140625
-0.040557861328125 0.306640625 0.207229614257813 -0.1690673828125
0.0697784423828125 0.197341918945313 0.031707763671875 -0.3311767578125
0.116744995117188 0.16876220703125 -0.1832275390625 -0.35906982421875
0.124710083007812 0.1495361328125 -0.3092041015625 -0.2860107421875
0.140670776367188 0.178009033203125 -0.287841796875 -0.192108154296875
0.169952392578125 0.196365356445313 -0.248825073242187 -0.121109008789062
0.157928466796875 0.211181640625 -0.197067260742188 -0.102432250976562
0.0987548828125 0.299163818359375 -0.22021484375 -0.0469207763671875
0.00411987304687497 0.39874267578125 -0.226821899414063 -0.0554351806640624
-0.34527587890625 0.3841552734375 -0.2252197265625 -0.0983276367187499
-0.523406982421875 0.2413330078125 -0.230209350585938 0.0713958740234375
-0.499359130859375 0.0220336914062499 -0.53875732421875 0.016876220703125
-0.263031005859375 -0.0638732910156251 -0.2137451171875 0.181610107421875
-0.219635009765625 0.107986450195313 -0.10906982421875 0.230224609375
-0.097869873046875 0.185638427734375 0.125190734863281 0.0369186401367188
0.044036865234375 0.143081665039063 0.115188598632813 -0.192962646484375
0.0823974609375 0.0409698486328125 -0.034942626953125 -0.30328369140625
0.0507087707519531 0.0160179138183594 -0.23358154296875 -0.33319091796875
0.0201740264892578 0.0304298400878906 -0.34796142578125 -0.285614013671875
0.04290771484375 0.0588798522949219 -0.32379150390625 -0.213897705078125
0.0560836791992188 0.0656776428222656 -0.288116455078125 -0.16107177734375
0.0765304565429688 0.06121826171875 -0.247283935546875 -0.14532470703125
0.08392333984375 0.128143310546875 -0.270278930664063 -0.0873260498046875
0.03387451171875 0.233642578125 -0.26959228515625 -0.129135131835938
-0.232040405273438 0.247802734375 -0.21875 -0.16845703125
-0.353424072265625 0.119171142578125 -0.254318237304688 0.0714111328125001
-0.30670166015625 -0.0567626953125 -0.6578369140625 0.00476074218749993
0.00146484375000001 0.0805206298828125 0.68438720703125 -0.1014404296875
0.102745056152344 -0.00812530517578125 0.24017333984375 -0.0704803466796875
-0.00448608398437501 -0.0997543334960938 0.159408569335938 0.199264526367187
-0.09588623046875 -0.0457534790039063 0.317626953125 0.199462890625
-0.107284545898438 0.05218505859375 0.26824951171875 0.0892333984375
-0.0181884765625 0.116165161132812 0.255233764648438 0.11767578125
0.064239501953125 0.0906829833984375 0.299285888671875 0.161865234375
0.0538330078125 0.0711441040039063 0.315093994140625 0.179229736328125
0.0645370483398437 0.0767059326171875 0.327178955078125 0.223907470703125
0.0309982299804687 0.104583740234375 0.24847412109375 0.28118896484375
-0.03680419921875 0.0895309448242188 0.13067626953125 0.24102783203125
-0.089630126953125 0.0301513671875 -0.000366210937500007 0.165573120117188
-0.0320053100585938 -0.0741500854492188 -0.0805892944335938 -0.00475311279296875
0.0585098266601562 -0.0282936096191406 0.080535888671875 -0.208709716796875
0.0300140380859375 0.0757980346679688 0.224746704101563 -0.148757934570313
-0.267852783203125 0.115570068359375 0.64617919921875 -0.04217529296875
-0.162948608398437 0.104339599609375 0.196044921875 -0.0188446044921875
-0.209686279296875 0.08782958984375 0.147659301757812 0.244354248046875
-0.184356689453125 0.162124633789063 0.35845947265625 0.216766357421875
-0.122695922851563 0.227371215820312 0.28509521484375 0.049041748046875
0.04669189453125 0.284820556640625 0.229721069335938 0.06414794921875
0.1710205078125 0.21917724609375 0.244827270507813 0.11810302734375
0.160430908203125 0.181793212890625 0.255020141601563 0.141754150390625
0.184249877929688 0.177581787109375 0.278076171875 0.186599731445312
0.1334228515625 0.203155517578125 0.234329223632813 0.2279052734375
0.0233001708984375 0.2237548828125 0.13165283203125 0.193634033203125
-0.0738372802734375 0.194259643554688 0.01971435546875 0.150985717773438
-0.156295776367188 0.0720367431640625 -0.0797195434570313 0.00878143310546874
-0.146621704101563 0.0653839111328125 0.0531768798828125 -0.181793212890625
-0.177627563476563 0.105484008789063 0.195266723632813 -0.134140014648438
-0.49261474609375 0.1126708984375 0.530059814453125 0.022064208984375
-0.410980224609375 0.175506591796875 0.127449035644531 0.0535888671875
-0.407745361328125 0.260284423828125 0.153121948242187 0.261520385742188
-0.259918212890625 0.3597412109375 0.392852783203125 0.17840576171875
-0.118621826171875 0.37884521484375 0.2838134765625 -0.04095458984375
0.103790283203125 0.40966796875 0.172622680664063 -0.03485107421875
0.24676513671875 0.30987548828125 0.145431518554688 0.0381011962890625
0.242263793945313 0.265777587890625 0.1595458984375 0.0827789306640625
0.282470703125 0.255767822265625 0.19281005859375 0.138198852539063
0.226409912109375 0.279586791992188 0.186630249023438 0.1708984375
0.093109130859375 0.3377685546875 0.106201171875 0.1513671875
-0.034393310546875 0.3492431640625 0.015228271484375 0.134765625
-0.246871948242187 0.237274169921875 -0.096466064453125 0.016571044921875
-0.32611083984375 0.186309814453125 0.010162353515625 -0.141357421875
-0.366241455078125 0.1402587890625 0.111129760742187 -0.109764099121094
-0.63348388671875 0.08087158203125 0.354583740234375 0.089324951171875
-0.5760498046875 0.208984375 0.0453872680664062 0.135871887207031
-0.525726318359375 0.384063720703125 0.169357299804687 0.251983642578125
-0.274383544921875 0.49932861328125 0.404022216796875 0.090606689453125
-0.0810546875 0.46337890625 0.254531860351563 -0.156936645507813
0.15447998046875 0.459259033203125 0.0879974365234375 -0.156097412109375
0.283233642578125 0.34637451171875 0.0191268920898438 -0.0610885620117187
0.283905029296875 0.31072998046875 0.0347156524658203 0.011068344116211
0.336822509765625 0.302642822265625 0.078826904296875 0.0849380493164063
0.28759765625 0.328125 0.104339599609375 0.110366821289063
0.150848388671875 0.421600341796875 0.044403076171875 0.113677978515625
0.00802612304687496 0.47064208984375 -0.0217361450195313 0.114692687988281
-0.31024169921875 0.3914794921875 -0.130020141601563 0.0173492431640625
-0.463531494140625 0.30419921875 -0.0481185913085938 -0.0835342407226562
-0.512176513671875 0.166748046875 -0.0232315063476563 -0.07037353515625
-0.6685791015625 0.0410766601562499 0.162612915039062 0.142745971679688
-0.61871337890625 0.2158203125 -0.0284271240234375 0.210403442382813
-0.519683837890625 0.434478759765625 0.182342529296875 0.215805053710938
-0.220489501953125 0.535888671875 0.372467041015625 -0.0235595703125
-0.016693115234375 0.450103759765625 0.187210083007813 -0.263671875
0.18194580078125 0.42022705078125 -0.016204833984375 -0.2662353515625
0.27435302734375 0.3216552734375 -0.119125366210937 -0.159378051757813
0.280853271484375 0.308319091796875 -0.0970993041992187 -0.0625381469726562
0.33746337890625 0.308990478515625 -0.0487442016601562 0.02191162109375
0.298126220703125 0.33990478515625 -0.00312423706054686 0.0435333251953125
0.172637939453125 0.451934814453125 -0.0445709228515625 0.0705718994140625
0.03387451171875 0.53399658203125 -0.0853500366210937 0.0843734741210938
-0.34747314453125 0.4888916015625 -0.170425415039063 0.00642395019531256
-0.551971435546875 0.3721923828125 -0.110877990722656 -0.0138702392578125
-0.59600830078125 0.16912841796875 -0.19061279296875 -0.022918701171875
-0.6041259765625 0.00537109374999988 -0.0102081298828125 0.1763916015625
-0.54833984375 0.199310302734375 -0.0811920166015625 0.252944946289063
-0.411773681640625 0.40472412109375 0.177001953125 0.157012939453125
-0.12115478515625 0.45947265625 0.29534912109375 -0.1197509765625
0.045806884765625 0.345428466796875 0.09869384765625 -0.3265380859375
0.173614501953125 0.30908203125 -0.120208740234375 -0.332366943359375
0.2205810546875 0.2474365234375 -0.239898681640625 -0.2308349609375
0.234329223632813 0.258590698242188 -0.213912963867187 -0.128021240234375
0.282318115234375 0.27239990234375 -0.166641235351562 -0.046417236328125
0.25128173828125 0.297882080078125 -0.114913940429687 -0.0279922485351562
0.153961181640625 0.40936279296875 -0.14208984375 0.0194549560546876
0.033966064453125 0.509918212890625 -0.161087036132813 0.0301513671875001
-0.359161376953125 0.49298095703125 -0.205947875976563 -0.0261383056640624
-0.57269287109375 0.36407470703125 -0.171661376953125 0.048095703125
-0.5946044921875 0.123046875 -0.3721923828125 0.0220947265625
-0.46466064453125 -0.0245971679687499 -0.1385498046875 0.191497802734375
-0.3984375 0.16741943359375 -0.103759765625 0.258010864257813
-0.24951171875 0.316650390625 0.153884887695312 0.091278076171875
-0.01702880859375 0.31231689453125 0.196395874023438 -0.178298950195312
0.0830841064453125 0.19097900390625 0.01385498046875 -0.332000732421875
0.126296997070313 0.160858154296875 -0.201629638671875 -0.345458984375
0.132186889648438 0.143447875976563 -0.32550048828125 -0.266326904296875
0.152694702148438 0.170196533203125 -0.29833984375 -0.175933837890625
0.181991577148437 0.186721801757812 -0.25579833984375 -0.107147216796875
0.170394897460937 0.201034545898438 -0.203384399414063 -0.0937652587890625
0.117919921875 0.2923583984375 -0.22296142578125 -0.0349884033203125
0.02911376953125 0.4010009765625 -0.22869873046875 -0.0410003662109375
-0.32305908203125 0.408447265625 -0.226821899414063 -0.0822296142578124
-0.509765625 0.27581787109375 -0.219818115234375 0.0845489501953126
-0.501678466796875 0.04638671875 -0.53912353515625 0.046905517578125
-0.270782470703125 -0.0491790771484375 -0.209136962890625 0.192855834960937
-0.213134765625 0.118438720703125 -0.0997467041015625 0.23876953125
-0.0847015380859375 0.193435668945313 0.124320983886719 0.0343780517578125
0.05670166015625 0.141555786132813 0.104324340820312 -0.197784423828125
0.0853500366210938 0.0332260131835938 -0.05126953125 -0.299713134765625
0.0506858825683594 0.0121574401855469 -0.249359130859375 -0.3177490234375
0.0216999053955078 0.0311832427978516 -0.3660888671875 -0.266693115234375
0.0467567443847656 0.0575180053710938 -0.337310791015625 -0.19757080078125
0.0603485107421875 0.0632286071777344 -0.297576904296875 -0.14520263671875
0.0790176391601563 0.05596923828125 -0.255233764648438 -0.132965087890625
0.09197998046875 0.12274169921875 -0.27423095703125 -0.0714874267578124
0.0486907958984375 0.232177734375 -0.276382446289063 -0.112258911132812
-0.218460083007813 0.265853881835937 -0.22412109375 -0.153717041015625
-0.3463134765625 0.14111328125 -0.245208740234375 0.0847015380859376
-0.312408447265625 -0.0445556640625 -0.65863037109375 0.0416870117187499
0.00735473632812499 0.08123779296875 0.66558837890625 -0.13214111328125
0.10321044921875 -0.0154647827148437 0.230987548828125 -0.0827178955078125
-0.01202392578125 -0.100349426269531 0.166534423828125 0.187576293945313
-0.0966262817382813 -0.0376663208007812 0.32330322265625 0.17669677734375
-0.103172302246094 0.059783935546875 0.265701293945313 0.0746612548828125
-0.0098724365234375 0.115570068359375 0.254074096679688 0.1048583984375
0.0711441040039063 0.084503173828125 0.300628662109375 0.145751953125
0.0574531555175781 0.0677871704101563 0.316162109375 0.16290283203125
0.0688705444335938 0.0720367431640625 0.330718994140625 0.202972412109375
0.0380401611328125 0.100784301757812 0.256820678710938 0.259552001953125
-0.0311126708984375 0.0904464721679687 0.138076782226563 0.225357055664063
-0.0851821899414062 0.0365676879882813 0.00697326660156249 0.157882690429688
-0.0362396240234375 -0.0740203857421875 -0.0797348022460938 -0.00266265869140626
0.0541343688964844 -0.0296516418457031 0.0701446533203125 -0.20672607421875
0.034088134765625 0.0737228393554688 0.218826293945313 -0.154464721679688
-0.254959106445313 0.12786865234375 0.63653564453125 -0.07379150390625
-0.1551513671875 0.105850219726562 0.190933227539063 -0.0280914306640625
-0.199920654296875 0.097869873046875 0.15673828125 0.233627319335937
-0.173095703125 0.168365478515625 0.36566162109375 0.193756103515625
-0.1103515625 0.233383178710938 0.279815673828125 0.0299835205078125
0.062744140625 0.277511596679688 0.22467041015625 0.0536041259765625
0.179550170898438 0.206451416015625 0.245559692382813 0.107620239257813
0.169830322265625 0.166427612304687 0.2567138671875 0.128692626953125
0.190658569335937 0.16168212890625 0.279708862304688 0.16668701171875
0.141372680664063 0.187850952148438 0.236160278320313 0.209869384765625
0.035369873046875 0.217697143554688 0.135971069335938 0.178482055664063
-0.0585479736328125 0.195632934570313 0.0259628295898438 0.139968872070313
-0.148590087890625 0.0767059326171875 -0.0764007568359375 0.00940704345703125
-0.141876220703125 0.074249267578125 0.045623779296875 -0.181396484375
-0.169754028320313 0.11444091796875 0.1917724609375 -0.140045166015625
-0.479949951171875 0.135986328125 0.521697998046875 -0.00402832031249999
-0.39483642578125 0.1890869140625 0.129249572753906 0.0452880859375
-0.38629150390625 0.2786865234375 0.164016723632812 0.254501342773438
-0.233551025390625 0.3687744140625 0.395751953125 0.1549072265625
-0.09759521484375 0.37841796875 0.27227783203125 -0.0566558837890625
0.125 0.39752197265625 0.165481567382813 -0.0403594970703125
0.259674072265625 0.290740966796875 0.14581298828125 0.0336761474609375
0.251007080078125 0.248886108398438 0.159149169921875 0.075103759765625
0.289337158203125 0.2354736328125 0.193771362304688 0.126373291015625
0.239181518554688 0.2550048828125 0.189208984375 0.155532836914063
0.1103515625 0.324920654296875 0.107612609863281 0.138160705566406
-0.012847900390625 0.342254638671875 0.0236587524414063 0.129478454589844
-0.227523803710937 0.244888305664063 -0.0916061401367188 0.0180587768554688
-0.30694580078125 0.200225830078125 0.00639343261718748 -0.140449523925781
-0.3509521484375 0.15606689453125 0.110939025878906 -0.114311218261719
-0.618408203125 0.11004638671875 0.354217529296875 0.071136474609375
-0.55126953125 0.22845458984375 0.0505752563476562 0.133384704589844
-0.4923095703125 0.40313720703125 0.175628662109375 0.244720458984375
-0.24432373046875 0.505767822265625 0.404205322265625 0.0648193359375
-0.055084228515625 0.459503173828125 0.23895263671875 -0.16693115234375
0.174102783203125 0.44140625 0.0740966796875 -0.156051635742187
0.294464111328125 0.328643798828125 0.0128631591796875 -0.0591697692871093
0.293487548828125 0.288177490234375 0.0339412689208985 0.00867462158203127
0.34698486328125 0.277862548828125 0.0812911987304688 0.0802688598632813
0.298919677734375 0.299407958984375 0.105789184570313 0.0996246337890625
0.169921875 0.40179443359375 0.0443954467773438 0.105598449707031
0.0364990234375 0.4610595703125 -0.0141983032226562 0.112205505371094
-0.279632568359375 0.39849853515625 -0.119789123535156 0.0238265991210938
-0.437469482421875 0.324249267578125 -0.0461502075195313 -0.0801467895507812
-0.496307373046875 0.1865234375 -0.0181961059570313 -0.0689353942871094
-0.655029296875 0.0717773437500001 0.167755126953125 0.13104248046875
-0.595458984375 0.23785400390625 -0.019317626953125 0.20806884765625
-0.484283447265625 0.451385498046875 0.187576293945313 0.210281372070313
-0.18212890625 0.536407470703125 0.363800048828125 -0.03887939453125
0.00997924804687498 0.4415283203125 0.168838500976562 -0.268295288085938
0.2010498046875 0.400909423828125 -0.0290985107421875 -0.257431030273438
0.28546142578125 0.303802490234375 -0.123916625976562 -0.144760131835938
0.293212890625 0.287841796875 -0.09649658203125 -0.0567474365234375
0.347412109375 0.283905029296875 -0.0465774536132812 0.0227127075195313
0.308868408203125 0.3114013671875 -0.00369262695312498 0.0391960144042969
0.1956787109375 0.43499755859375 -0.042327880859375 0.0705795288085938
0.0645751953125 0.5211181640625 -0.0759506225585937 0.0869979858398438
-0.31463623046875 0.4996337890625 -0.1607666015625 0.0152893066406251
-0.5201416015625 0.396636962890625 -0.102012634277344 -0.00776672363281245
-0.57843017578125 0.19146728515625 -0.183502197265625 -0.013519287109375
-0.59600830078125 0.0323486328125 -0.00202941894531254 0.17376708984375
-0.52691650390625 0.220458984375 -0.0679473876953125 0.2545166015625
-0.37823486328125 0.41790771484375 0.1795654296875 0.148818969726563
-0.0880432128906249 0.45550537109375 0.28277587890625 -0.13140869140625
0.062164306640625 0.33270263671875 0.08056640625 -0.322906494140625
0.185546875 0.291717529296875 -0.133392333984375 -0.31658935546875
0.228042602539063 0.232696533203125 -0.24432373046875 -0.21063232421875
0.24346923828125 0.242401123046875 -0.2135009765625 -0.115188598632813
0.290069580078125 0.25341796875 -0.163528442382812 -0.0372161865234375
0.2603759765625 0.2786865234375 -0.113258361816406 -0.0239944458007813
0.171783447265625 0.39263916015625 -0.138946533203125 0.0258865356445313
0.06304931640625 0.498626708984375 -0.154647827148438 0.0396270751953125
-0.32696533203125 0.5072021484375 -0.197128295898438 -0.012847900390625
-0.5396728515625 0.38720703125 -0.160003662109375 0.05474853515625
-0.5809326171875 0.14617919921875 -0.3624267578125 0.039520263671875
-0.459930419921875 -0.000305175781250058 -0.128738403320313 0.193862915039063
-0.382476806640625 0.17901611328125 -0.0914154052734375 0.259994506835938
-0.227081298828125 0.32550048828125 0.152084350585937 0.0880889892578125
0.00482177734375001 0.306732177734375 0.181503295898438 -0.181488037109375
0.0908050537109375 0.17864990234375 -0.00445556640624996 -0.3238525390625
0.131942749023438 0.1468505859375 -0.213409423828125 -0.325958251953125
0.135147094726563 0.135749816894531 -0.333648681640625 -0.242767333984375
0.157501220703125 0.158782958984375 -0.301971435546875 -0.158782958984375
0.189422607421875 0.174423217773437 -0.253219604492188 -0.0926513671875
0.173980712890625 0.187118530273438 -0.202987670898438 -0.0819854736328125
0.131790161132812 0.27911376953125 -0.217605590820313 -0.0222930908203125
0.052764892578125 0.39276123046875 -0.222366333007813 -0.0257720947265625
-0.29400634765625 0.4210205078125 -0.220901489257813 -0.0682525634765624
-0.48333740234375 0.2967529296875 -0.205825805664063 0.0907440185546875
-0.49407958984375 0.0662536621093749 -0.523406982421875 0.0714416503906249
-0.270828247070313 -0.0354766845703125 -0.198379516601563 0.198379516601563
-0.204788208007813 0.123947143554688 -0.0888519287109375 0.242355346679688
-0.07171630859375 0.196929931640625 0.1207275390625 0.0336456298828125
0.0666885375976562 0.13421630859375 0.0915069580078125 -0.196319580078125
0.0872039794921875 0.0246047973632812 -0.063720703125 -0.287445068359375
0.0511207580566406 0.00911331176757813 -0.257293701171875 -0.296356201171875
0.0209598541259766 0.0320873260498047 -0.370574951171875 -0.2423095703125
0.050994873046875 0.054901123046875 -0.33892822265625 -0.17840576171875
0.0609207153320312 0.0595321655273437 -0.29815673828125 -0.131622314453125
0.0789566040039063 0.0488815307617188 -0.256851196289063 -0.118331909179688
0.0967864990234375 0.114295959472656 -0.270431518554688 -0.057525634765625
0.0620574951171875 0.224563598632812 -0.274948120117188 -0.0948333740234375
-0.1983642578125 0.274459838867188 -0.222732543945313 -0.137283325195313
-0.330230712890625 0.155792236328125 -0.228485107421875 0.09332275390625
-0.31072998046875 -0.031768798828125 -0.64398193359375 0.0724487304687501
0.00818634033203124 0.0803070068359375 0.6505126953125 -0.15008544921875
0.0992431640625 -0.01953125 0.221206665039063 -0.08477783203125
-0.0132827758789062 -0.097930908203125 0.16583251953125 0.181533813476562
-0.0968017578125 -0.0346755981445313 0.321441650390625 0.164154052734375
-0.0992507934570313 0.0636215209960938 0.2581787109375 0.0634765625
-0.00656890869140624 0.115203857421875 0.248062133789062 0.094390869140625
0.0710906982421875 0.083404541015625 0.299713134765625 0.137908935546875
0.0590591430664063 0.0644073486328125 0.313507080078125 0.152923583984375
0.0714035034179688 0.067138671875 0.32489013671875 0.188720703125
0.0407333374023437 0.0956039428710937 0.25439453125 0.244857788085938
-0.02703857421875 0.09130859375 0.13824462890625 0.211807250976562
-0.0833816528320313 0.0393905639648437 0.0111236572265625 0.149703979492188
-0.03759765625 -0.071044921875 -0.07489013671875 -0.00321197509765625
0.0522880554199219 -0.0317153930664062 0.0661773681640625 -0.203842163085938
0.0378189086914063 0.0741958618164063 0.217010498046875 -0.1573486328125
-0.249618530273437 0.133331298828125 0.6217041015625 -0.092041015625
-0.145767211914063 0.107437133789062 0.184600830078125 -0.0344390869140625
-0.193038940429688 0.101791381835938 0.162353515625 0.2294921875
-0.164215087890625 0.171585083007812 0.362274169921875 0.1778564453125
-0.10101318359375 0.232162475585938 0.2701416015625 0.02117919921875
0.0706787109375 0.27020263671875 0.22021484375 0.046234130859375
0.18438720703125 0.197463989257812 0.242462158203125 0.099639892578125
0.169677734375 0.160064697265625 0.254150390625 0.11956787109375
0.19244384765625 0.151901245117188 0.2747802734375 0.15875244140625
0.147384643554688 0.179611206054688 0.233139038085937 0.195877075195312
0.0448455810546875 0.2113037109375 0.132858276367188 0.164581298828125
-0.05145263671875 0.19244384765625 0.031829833984375 0.133552551269531
-0.141754150390625 0.080078125 -0.0721817016601563 0.00987243652343751
-0.131813049316406 0.075775146484375 0.043487548828125 -0.178848266601563
-0.160186767578125 0.116119384765625 0.189132690429687 -0.1417236328125
-0.465606689453125 0.14569091796875 0.516021728515625 -0.019287109375
-0.378326416015625 0.1932373046875 0.12554931640625 0.0403594970703125
-0.3704833984375 0.283233642578125 0.166534423828125 0.247024536132813
-0.215545654296875 0.368072509765625 0.392822265625 0.139404296875
-0.08416748046875 0.374298095703125 0.262710571289063 -0.0641632080078125
0.1346435546875 0.38323974609375 0.158355712890625 -0.0429840087890625
0.265640258789063 0.279388427734375 0.141204833984375 0.0304412841796875
0.254013061523438 0.234634399414063 0.159194946289063 0.06927490234375
0.29119873046875 0.21661376953125 0.191574096679688 0.120635986328125
0.2406005859375 0.242385864257813 0.1856689453125 0.144271850585938
0.1202392578125 0.311981201171875 0.105110168457031 0.130096435546875
0.00277709960937503 0.33367919921875 0.0260009765625 0.122474670410156
-0.2149658203125 0.247955322265625 -0.085479736328125 0.0201950073242188
-0.2938232421875 0.20855712890625 0.00611114501953122 -0.136650085449219
-0.340667724609375 0.1611328125 0.10784912109375 -0.115074157714844
-0.6007080078125 0.12530517578125 0.353668212890625 0.0606689453125
-0.533355712890625 0.23760986328125 0.0531997680664062 0.1280517578125
-0.46978759765625 0.409759521484375 0.180938720703125 0.239471435546875
-0.2154541015625 0.503448486328125 0.395599365234375 0.054443359375
-0.038116455078125 0.44989013671875 0.226486206054688 -0.170303344726563
0.18701171875 0.42425537109375 0.0690460205078125 -0.149520874023437
0.30194091796875 0.312347412109375 0.0122413635253906 -0.0552406311035156
0.29638671875 0.2735595703125 0.0365676879882813 0.00850296020507814
0.34881591796875 0.2587890625 0.0825881958007813 0.076812744140625
0.30078125 0.281158447265625 0.104072570800781 0.09173583984375
0.1822509765625 0.387542724609375 0.04486083984375 0.0999603271484375
0.054229736328125 0.4490966796875 -0.00937652587890626 0.108749389648438
-0.26214599609375 0.40185546875 -0.112846374511719 0.02423095703125
-0.413970947265625 0.330413818359375 -0.0418777465820313 -0.0800323486328125
-0.48199462890625 0.19525146484375 -0.0157623291015625 -0.0685043334960938
-0.6396484375 0.08929443359375 0.171173095703125 0.123748779296875
-0.57513427734375 0.24542236328125 -0.0143280029296875 0.206039428710938
-0.460357666015625 0.458648681640625 0.188949584960937 0.204299926757813
-0.156036376953125 0.53131103515625 0.35382080078125 -0.048248291015625
0.02197265625 0.430694580078125 0.15582275390625 -0.266342163085938
0.207550048828125 0.38360595703125 -0.035919189453125 -0.247406005859375
0.2886962890625 0.289703369140625 -0.125602722167969 -0.137435913085938
0.2945556640625 0.27459716796875 -0.0957794189453125 -0.0517807006835938
0.347869873046875 0.266357421875 -0.0432777404785156 0.0249900817871094
0.308013916015625 0.292572021484375 -0.00420379638671873 0.0366058349609375
0.20599365234375 0.41424560546875 -0.0423202514648437 0.0684661865234375
0.0833740234375 0.50616455078125 -0.070159912109375 0.0844802856445313
-0.290283203125 0.49847412109375 -0.151351928710938 0.0177001953125
-0.492767333984375 0.404327392578125 -0.0959091186523438 -0.00900268554687498
-0.562103271484375 0.198516845703125 -0.176651000976563 -0.00802612304687502
-0.58392333984375 0.05023193359375 0.00491333007812495 0.167434692382813
-0.50762939453125 0.225677490234375 -0.0608062744140625 0.249298095703125
-0.357391357421875 0.419952392578125 0.178268432617188 0.14862060546875
-0.0675048828125 0.448638916015625 0.271835327148438 -0.133346557617187
0.07366943359375 0.3209228515625 0.06854248046875 -0.3187255859375
0.190704345703125 0.275283813476563 -0.137939453125 -0.3031005859375
0.230850219726563 0.222564697265625 -0.245864868164063 -0.198516845703125
0.244949340820313 0.230316162109375 -0.212371826171875 -0.1068115234375
0.29156494140625 0.2371826171875 -0.15985107421875 -0.0308837890625
0.261062622070313 0.259719848632813 -0.113677978515625 -0.0234375
0.182525634765625 0.375030517578125 -0.135536193847656 0.0281524658203125
0.079193115234375 0.48583984375 -0.1453857421875 0.041900634765625
-0.302154541015625 0.507659912109375 -0.187347412109375 -0.00762939453124998
-0.513580322265625 0.397552490234375 -0.149002075195313 0.0549468994140626
-0.56689453125 0.1551513671875 -0.350128173828125 0.0457763671875
-0.449920654296875 0.0135192871093751 -0.119873046875 0.192123413085937
-0.368896484375 0.18560791015625 -0.082977294921875 0.257156372070313
-0.2086181640625 0.324005126953125 0.150115966796875 0.08709716796875
0.01806640625 0.299163818359375 0.172134399414062 -0.179534912109375
0.0952606201171875 0.16973876953125 -0.012451171875 -0.31536865234375
0.135009765625 0.138023376464844 -0.21319580078125 -0.30841064453125
0.137474060058594 0.129508972167969 -0.33111572265625 -0.22705078125
0.160140991210938 0.15106201171875 -0.29766845703125 -0.147705078125
0.188888549804687 0.164794921875 -0.249969482421875 -0.0854034423828125
0.174423217773438 0.174057006835938 -0.199295043945313 -0.079376220703125
0.139007568359375 0.266998291015625 -0.21368408203125 -0.016448974609375
0.06524658203125 0.380523681640625 -0.216094970703125 -0.0188446044921875
-0.2740478515625 0.4228515625 -0.211807250976563 -0.0596923828124999
-0.46142578125 0.3050537109375 -0.193649291992188 0.0921478271484375
-0.482452392578125 0.073822021484375 -0.510711669921875 0.0833129882812499
-0.267410278320312 -0.0233306884765626 -0.190338134765625 0.20068359375
-0.197891235351563 0.124771118164062 -0.0841064453125 0.238113403320313
-0.0617828369140625 0.194488525390625 0.118003845214844 0.0345458984375
0.0731658935546875 0.132057189941406 0.0830078125 -0.189453125
0.0840225219726562 0.017578125 -0.06939697265625 -0.27679443359375
0.0477066040039063 0.00396347045898438 -0.254104614257813 -0.2803955078125
0.0216445922851563 0.0304584503173828 -0.368621826171875 -0.225067138671875
0.0501136779785156 0.052947998046875 -0.336456298828125 -0.16583251953125
0.0619964599609375 0.0573577880859375 -0.29278564453125 -0.1224365234375
0.0762786865234375 0.0459060668945313 -0.2501220703125 -0.110824584960938
0.0984268188476563 0.105987548828125 -0.262969970703125 -0.045654296875
0.07012939453125 0.216232299804688 -0.268508911132813 -0.0853424072265625
-0.183975219726562 0.277206420898438 -0.216888427734375 -0.128280639648438
-0.318572998046875 0.161712646484375 -0.218017578125 0.094024658203125
-0.307037353515625 -0.025970458984375 -0.63116455078125 0.087890625
0.010650634765625 0.08050537109375 0.6475830078125 -0.1585693359375
0.0976638793945313 -0.022003173828125 0.215911865234375 -0.087921142578125
-0.0148239135742187 -0.096649169921875 0.168014526367187 0.182113647460938
-0.0963058471679688 -0.0336990356445312 0.32208251953125 0.156494140625
-0.0966415405273437 0.0664443969726563 0.255172729492188 0.059417724609375
-0.0030517578125 0.114898681640625 0.245361328125 0.0920257568359375
0.0738601684570313 0.0826568603515625 0.29913330078125 0.13458251953125
0.0610008239746094 0.0633201599121094 0.3126220703125 0.1502685546875
0.0718002319335938 0.06463623046875 0.322601318359375 0.184417724609375
0.0429840087890625 0.095245361328125 0.252182006835938 0.236114501953125
-0.0255966186523438 0.092437744140625 0.135940551757813 0.203094482421875
-0.08062744140625 0.0410385131835938 0.012786865234375 0.144683837890625
-0.04180908203125 -0.0718917846679688 -0.0734176635742187 -0.003662109375
0.0508956909179688 -0.0316581726074219 0.0650634765625 -0.203140258789063
0.0407257080078125 0.0740585327148438 0.218826293945313 -0.1578369140625
-0.244903564453125 0.137313842773437 0.62109375 -0.1007080078125
-0.1434326171875 0.10589599609375 0.181365966796875 -0.0353240966796875
-0.19158935546875 0.103286743164062 0.16290283203125 0.22900390625
-0.158432006835938 0.173095703125 0.363006591796875 0.169281005859375
-0.0956878662109375 0.232025146484375 0.265396118164063 0.01812744140625
0.075958251953125 0.266311645507813 0.2159423828125 0.0449066162109375
0.188613891601563 0.193634033203125 0.2423095703125 0.0984649658203125
0.1719970703125 0.157882690429688 0.254486083984375 0.117294311523438
0.194854736328125 0.146072387695313 0.27313232421875 0.154266357421875
0.14764404296875 0.172256469726563 0.2315673828125 0.187515258789063
0.047027587890625 0.208465576171875 0.13006591796875 0.16021728515625
-0.0456390380859375 0.190338134765625 0.03265380859375 0.129196166992188
-0.141433715820313 0.07952880859375 -0.0693397521972656 0.0112419128417969
-0.129524230957031 0.0777816772460938 0.043365478515625 -0.1767578125
-0.1572265625 0.117263793945313 0.190628051757813 -0.143905639648438
-0.46044921875 0.1513671875 0.51611328125 -0.02496337890625
-0.37353515625 0.194091796875 0.1253662109375 0.0387802124023438
-0.361236572265625 0.284332275390625 0.169891357421875 0.24676513671875
-0.203399658203125 0.368896484375 0.3917236328125 0.12896728515625
-0.076568603515625 0.372100830078125 0.255508422851563 -0.067596435546875
0.144195556640625 0.376861572265625 0.154922485351563 -0.0411529541015625
0.268096923828125 0.274383544921875 0.142044067382813 0.0316314697265625
0.256851196289062 0.22821044921875 0.157745361328125 0.0678558349609375
0.294647216796875 0.20880126953125 0.19091796875 0.1182861328125
0.240997314453125 0.23272705078125 0.182373046875 0.13897705078125
0.12677001953125 0.30621337890625 0.102203369140625 0.126312255859375
0.01055908203125 0.330047607421875 0.0277557373046875 0.116172790527344
-0.209442138671875 0.247802734375 -0.0818634033203125 0.0198440551757813
-0.28485107421875 0.211181640625 0.00769042968749999 -0.136543273925781
-0.335906982421875 0.1644287109375 0.110282897949219 -0.116447448730469
-0.597412109375 0.132080078125 0.35333251953125 0.052978515625
-0.52783203125 0.23760986328125 0.054534912109375 0.125862121582031
-0.458343505859375 0.411712646484375 0.182373046875 0.239181518554688
-0.2008056640625 0.5018310546875 0.392486572265625 0.047698974609375
-0.03228759765625 0.445770263671875 0.217239379882813 -0.172943115234375
0.193603515625 0.41436767578125 0.065582275390625 -0.1478271484375
0.3048095703125 0.30548095703125 0.0123710632324219 -0.0515899658203125
0.29864501953125 0.267303466796875 0.0344333648681641 0.00941467285156252
0.3507080078125 0.249908447265625 0.0824508666992188 0.0762176513671875
0.29925537109375 0.270660400390625 0.100494384765625 0.0886383056640625
0.187408447265625 0.37786865234375 0.0427627563476563 0.097747802734375
0.064300537109375 0.443115234375 -0.00544738769531249 0.103591918945313
-0.252777099609375 0.4000244140625 -0.108558654785156 0.0236968994140625
-0.40399169921875 0.333160400390625 -0.0373611450195313 -0.0786819458007812
-0.47607421875 0.196533203125 -0.0157890319824219 -0.0685844421386719
-0.6368408203125 0.097900390625 0.1732177734375 0.11700439453125
-0.56719970703125 0.246337890625 -0.0108489990234375 0.20391845703125
-0.449737548828125 0.4599609375 0.190216064453125 0.204620361328125
-0.14263916015625 0.52880859375 0.3502197265625 -0.053070068359375
0.02728271484375 0.4224853515625 0.14837646484375 -0.266937255859375
0.212646484375 0.37139892578125 -0.039306640625 -0.241897583007812
0.29315185546875 0.28350830078125 -0.125152587890625 -0.131195068359375
0.29644775390625 0.26507568359375 -0.0944061279296875 -0.0504302978515625
0.35162353515625 0.258209228515625 -0.0406684875488281 0.0260505676269531
0.30804443359375 0.2818603515625 -0.00571823120117186 0.0344867706298828
0.21099853515625 0.405853271484375 -0.0419921875 0.0678291320800781
0.0945434570312501 0.4991455078125 -0.0662612915039063 0.0816268920898438
-0.281402587890625 0.499847412109375 -0.144821166992188 0.01824951171875
-0.480712890625 0.40863037109375 -0.0896530151367188 -0.00906372070312499
-0.55853271484375 0.200958251953125 -0.173721313476563 -0.00759887695312496
-0.57940673828125 0.0574951171875 0.00755310058593745 0.16387939453125
-0.501495361328125 0.22613525390625 -0.05828857421875 0.24798583984375
-0.346649169921875 0.420928955078125 0.179351806640625 0.1500244140625
-0.05364990234375 0.44439697265625 0.267120361328125 -0.134628295898437
0.075286865234375 0.31329345703125 0.06170654296875 -0.315338134765625
0.193252563476563 0.264938354492188 -0.138427734375 -0.29608154296875
0.233734130859375 0.218338012695313 -0.24603271484375 -0.189483642578125
0.246368408203125 0.223831176757813 -0.21124267578125 -0.104537963867187
0.29248046875 0.231414794921875 -0.157974243164062 -0.0296783447265625
0.260665893554688 0.251358032226563 -0.113967895507813 -0.0239486694335937
0.188323974609375 0.367279052734375 -0.134796142578125 0.0288162231445313
0.09063720703125 0.477569580078125 -0.1416015625 0.0413818359375
-0.29193115234375 0.5087890625 -0.18109130859375 -0.00675964355468749
-0.50103759765625 0.400390625 -0.14190673828125 0.0539703369140625
-0.56463623046875 0.157470703125 -0.34613037109375 0.0491638183593751
-0.44976806640625 0.0202636718750001 -0.116928100585938 0.189559936523438
-0.364776611328125 0.18560791015625 -0.0814666748046875 0.2557373046875
-0.201446533203125 0.324462890625 0.150497436523438 0.08966064453125
0.029205322265625 0.29522705078125 0.16839599609375 -0.178085327148437
0.0961151123046875 0.161911010742188 -0.0159912109375 -0.3094482421875
0.133216857910156 0.130477905273438 -0.212921142578125 -0.30267333984375
0.138442993164063 0.128059387207031 -0.3304443359375 -0.21807861328125
0.16033935546875 0.148300170898438 -0.29669189453125 -0.1436767578125
0.19097900390625 0.160812377929688 -0.247817993164063 -0.0831146240234375
0.17315673828125 0.169509887695313 -0.200531005859375 -0.0780792236328125
0.140869140625 0.259918212890625 -0.2109375 -0.0142822265625
0.07318115234375 0.375030517578125 -0.2117919921875 -0.016815185546875
-0.26416015625 0.4246826171875 -0.205322265625 -0.0582580566406249
-0.451995849609375 0.3094482421875 -0.187347412109375 0.090789794921875
-0.480560302734375 0.0755310058593749 -0.507080078125 0.0890502929687499
-0.268402099609375 -0.0186920166015625 -0.188308715820313 0.198440551757813
-0.194778442382813 0.124969482421875 -0.0822296142578125 0.237564086914063
-0.0574951171875 0.194931030273437 0.116867065429688 0.038604736328125
0.0797348022460938 0.129119873046875 0.07928466796875 -0.185028076171875
0.0845794677734375 0.0145797729492188 -0.070831298828125 -0.270645141601563
0.0464019775390625 0.00151443481445313 -0.251052856445313 -0.274154663085937
0.0204448699951172 0.0315952301025391 -0.36767578125 -0.217254638671875
0.0506782531738281 0.0512428283691406 -0.33660888671875 -0.16143798828125
0.0625190734863281 0.0561981201171875 -0.291961669921875 -0.119842529296875
0.0754470825195313 0.0444488525390625 -0.248809814453125 -0.1104736328125
0.0996780395507813 0.101486206054688 -0.25885009765625 -0.0435333251953125
0.073944091796875 0.21270751953125 -0.2646484375 -0.0803375244140625
-0.177780151367187 0.279647827148438 -0.212234497070312 -0.125946044921875
-0.311248779296875 0.16375732421875 -0.211685180664063 0.09332275390625
-0.307830810546875 -0.0245361328125 -0.6253662109375 0.0957031250000001
0.0116195678710937 0.0849151611328125 0.65594482421875 -0.17254638671875
0.09918212890625 -0.0258026123046875 0.215591430664063 -0.0928497314453125
-0.0183563232421875 -0.0984573364257813 0.174850463867188 0.183624267578125
-0.09912109375 -0.0322113037109375 0.328369140625 0.151519775390625
-0.0961532592773438 0.0705718994140625 0.256851196289063 0.054901123046875
0.00205993652343751 0.118476867675781 0.24676513671875 0.0909881591796875
0.0791549682617188 0.08270263671875 0.30523681640625 0.133453369140625
0.0642814636230469 0.0633468627929688 0.318450927734375 0.14892578125
0.074462890625 0.06365966796875 0.325347900390625 0.18267822265625
0.0461502075195313 0.0945587158203125 0.2547607421875 0.233749389648438
-0.0240097045898437 0.0951614379882813 0.136932373046875 0.199905395507813
-0.0812301635742187 0.0442123413085938 0.01397705078125 0.14190673828125
-0.0464248657226562 -0.0726852416992188 -0.073822021484375 -0.00433349609374999
0.0519180297851563 -0.0336875915527344 0.064605712890625 -0.20660400390625
0.0446319580078125 0.0764389038085938 0.223983764648437 -0.164306640625
-0.245803833007813 0.14605712890625 0.6298828125 -0.111328125
-0.142532348632813 0.108749389648437 0.182220458984375 -0.0403289794921875
-0.194091796875 0.106597900390625 0.170333862304688 0.23150634765625
-0.156692504882812 0.177459716796875 0.371337890625 0.1639404296875
-0.09368896484375 0.238418579101563 0.264801025390625 0.0126800537109375
0.08367919921875 0.26898193359375 0.216400146484375 0.0444793701171875
0.196929931640625 0.192413330078125 0.247299194335938 0.09844970703125
0.177490234375 0.155487060546875 0.259002685546875 0.116226196289063
0.201126098632813 0.143783569335937 0.2762451171875 0.153121948242188
0.152099609375 0.169540405273438 0.233383178710938 0.184844970703125
0.0526275634765625 0.209503173828125 0.130599975585938 0.15814208984375
-0.041107177734375 0.19207763671875 0.03369140625 0.126007080078125
-0.14288330078125 0.0822906494140625 -0.0692710876464844 0.0105781555175781
-0.128395080566406 0.0807342529296875 0.04388427734375 -0.180435180664063
-0.157119750976563 0.122650146484375 0.19476318359375 -0.149017333984375
-0.46453857421875 0.163238525390625 0.524322509765625 -0.03594970703125
-0.375244140625 0.199249267578125 0.127708435058594 0.0362930297851563
-0.361846923828125 0.29449462890625 0.17755126953125 0.249664306640625
-0.197479248046875 0.377044677734375 0.39910888671875 0.122222900390625
-0.07318115234375 0.37823486328125 0.25390625 -0.0735931396484375
0.1527099609375 0.37652587890625 0.153839111328125 -0.0423126220703125
0.280960083007812 0.272903442382812 0.143951416015625 0.0313873291015625
0.264297485351563 0.226531982421875 0.159744262695313 0.0659027099609375
0.302032470703125 0.2059326171875 0.194290161132813 0.118133544921875
0.245407104492188 0.2269287109375 0.182647705078125 0.13629150390625
0.134857177734375 0.305450439453125 0.101043701171875 0.12493896484375
0.01922607421875 0.3310546875 0.0293655395507813 0.113433837890625
-0.208526611328125 0.254806518554688 -0.0801620483398438 0.0188674926757813
-0.282745361328125 0.2177734375 0.0107269287109375 -0.13983154296875
-0.339935302734375 0.16986083984375 0.114341735839844 -0.119094848632812
-0.60223388671875 0.14422607421875 0.362152099609375 0.045379638671875
-0.528717041015625 0.24566650390625 0.0573501586914062 0.124839782714844
-0.457733154296875 0.425140380859375 0.189208984375 0.242340087890625
-0.190277099609375 0.50921630859375 0.39910888671875 0.041107177734375
-0.026885986328125 0.4500732421875 0.21380615234375 -0.179656982421875
0.20220947265625 0.41326904296875 0.063262939453125 -0.148101806640625
0.317108154296875 0.304229736328125 0.0115585327148438 -0.0502166748046875
0.3077392578125 0.264404296875 0.0338115692138672 0.0081310272216797
0.36090087890625 0.245269775390625 0.0846023559570313 0.0760726928710938
0.305633544921875 0.265228271484375 0.0999755859375 0.0863800048828125
0.199005126953125 0.3765869140625 0.0410690307617188 0.097869873046875
0.07647705078125 0.44384765625 -0.00315093994140625 0.101272583007813
-0.248992919921875 0.411651611328125 -0.105880737304688 0.0234832763671875
-0.399444580078125 0.344451904296875 -0.0343093872070313 -0.0803604125976562
-0.482818603515625 0.205322265625 -0.0132942199707032 -0.0699691772460937
-0.641845703125 0.10882568359375 0.179031372070312 0.113021850585938
-0.57012939453125 0.25555419921875 -0.00862121582031251 0.20428466796875
-0.446746826171875 0.47216796875 0.196640014648437 0.207656860351563
-0.1292724609375 0.5350341796875 0.353607177734375 -0.05914306640625
0.032867431640625 0.424285888671875 0.142562866210938 -0.272537231445313
0.22100830078125 0.36907958984375 -0.0426788330078125 -0.241607666015625
0.302825927734375 0.28228759765625 -0.127983093261719 -0.128158569335937
0.303741455078125 0.26422119140625 -0.0969314575195312 -0.0499191284179688
0.362213134765625 0.255462646484375 -0.0401496887207031 0.0272293090820313
0.312713623046875 0.27838134765625 -0.00765228271484373 0.0329818725585938
0.22259521484375 0.404327392578125 -0.0437812805175781 0.0686264038085938
0.107452392578125 0.500946044921875 -0.06365966796875 0.08038330078125
-0.274383544921875 0.510986328125 -0.142471313476563 0.01751708984375
-0.4774169921875 0.4208984375 -0.0862350463867188 -0.0104827880859375
-0.56671142578125 0.208984375 -0.174545288085938 -0.00485229492187498
-0.58612060546875 0.0687255859375001 0.0108795166015625 0.162704467773438
-0.504913330078125 0.23333740234375 -0.0575408935546875 0.25048828125
-0.34271240234375 0.4315185546875 0.184539794921875 0.153701782226563
-0.039886474609375 0.448516845703125 0.268417358398438 -0.138748168945312
0.08099365234375 0.311614990234375 0.056182861328125 -0.318572998046875
0.197845458984375 0.2603759765625 -0.14288330078125 -0.295257568359375
0.241134643554687 0.216751098632813 -0.251480102539063 -0.1865234375
0.254226684570313 0.222183227539063 -0.21612548828125 -0.103057861328125
0.302154541015625 0.227386474609375 -0.159698486328125 -0.028472900390625
0.2640380859375 0.247116088867187 -0.1177978515625 -0.0245513916015625
0.198089599609375 0.366058349609375 -0.135429382324219 0.0312118530273438
0.102203369140625 0.480072021484375 -0.138946533203125 0.0410079956054688
-0.28643798828125 0.520233154296875 -0.1778564453125 -0.00743103027343749
-0.499298095703125 0.4132080078125 -0.139427185058594 0.0546035766601563
-0.5740966796875 0.16595458984375 -0.348846435546875 0.05670166015625
-0.45556640625 0.0289306640625 -0.115997314453125 0.190139770507813
-0.36639404296875 0.1900634765625 -0.081329345703125 0.258956909179688
-0.196258544921875 0.332000732421875 0.154373168945313 0.0933685302734375
0.040679931640625 0.2958984375 0.167404174804688 -0.1795654296875
0.09918212890625 0.15814208984375 -0.02154541015625 -0.310943603515625
0.134063720703125 0.12628173828125 -0.216644287109375 -0.3009033203125
0.1417236328125 0.1280517578125 -0.338043212890625 -0.213897705078125
0.165054321289063 0.147735595703125 -0.302642822265625 -0.1412353515625
0.196365356445313 0.159515380859375 -0.252059936523438 -0.0823822021484375
0.17578125 0.166595458984375 -0.204986572265625 -0.0782623291015625
0.14794921875 0.25787353515625 -0.212890625 -0.01141357421875
0.084136962890625 0.377288818359375 -0.21185302734375 -0.016448974609375
-0.259368896484375 0.436676025390625 -0.204193115234375 -0.0582122802734375
-0.451141357421875 0.319610595703125 -0.184432983398438 0.0921630859375
-0.489959716796875 0.0803527832031249 -0.51251220703125 0.099334716796875
-0.2728271484375 -0.0113372802734375 -0.189224243164063 0.201171875
-0.197433471679688 0.12762451171875 -0.0828094482421875 0.240676879882813
-0.0546722412109375 0.19915771484375 0.119049072265625 0.0418853759765625
0.087554931640625 0.127067565917969 0.078216552734375 -0.1842041015625
0.0842361450195312 0.0087432861328125 -0.0742340087890625 -0.270111083984375
0.043426513671875 -0.00136947631835938 -0.254257202148438 -0.272964477539062
0.0205764770507813 0.0332012176513672 -0.374755859375 -0.21295166015625
0.0521240234375 0.0513153076171875 -0.3433837890625 -0.159912109375
0.06414794921875 0.0568618774414063 -0.2978515625 -0.119415283203125
0.0753250122070313 0.0431671142578125 -0.253570556640625 -0.109329223632813
0.102699279785156 0.0983352661132812 -0.260482788085937 -0.040252685546875
0.080169677734375 0.213470458984375 -0.2674560546875 -0.0782623291015625
-0.173431396484375 0.287689208984375 -0.212966918945312 -0.125946044921875
-0.311065673828125 0.171173095703125 -0.2115478515625 0.0946807861328126
-0.3160400390625 -0.02178955078125 -0.6329345703125 0.10675048828125
0.0161285400390625 0.0904312133789062 0.66680908203125 -0.20208740234375
0.101661682128906 -0.0308074951171875 0.2149658203125 -0.102279663085938
-0.0227737426757813 -0.100654602050781 0.18682861328125 0.182342529296875
-0.103660583496094 -0.0296173095703125 0.341552734375 0.142303466796875
-0.0963973999023437 0.078094482421875 0.261627197265625 0.0478668212890625
0.00817871093750001 0.12249755859375 0.252944946289063 0.0869140625
0.0870819091796875 0.0816192626953125 0.3184814453125 0.12860107421875
0.0691757202148438 0.0620384216308594 0.331573486328125 0.14422607421875
0.0796356201171875 0.0629806518554688 0.337982177734375 0.17694091796875
0.0515213012695312 0.0944976806640625 0.26678466796875 0.229827880859375
-0.02069091796875 0.0999755859375 0.142379760742188 0.197601318359375
-0.0815505981445313 0.0486221313476562 0.016265869140625 0.1419677734375
-0.053314208984375 -0.073089599609375 -0.0757675170898438 -0.00354766845703126
0.0509529113769531 -0.0371818542480469 0.061492919921875 -0.21527099609375
0.0492019653320313 0.0783767700195312 0.228042602539063 -0.177520751953125
-0.24578857421875 0.161239624023437 0.64410400390625 -0.1400146484375
-0.142257690429688 0.113418579101562 0.185394287109375 -0.048431396484375
-0.195083618164062 0.116241455078125 0.184158325195313 0.23236083984375
-0.153549194335938 0.186508178710937 0.38616943359375 0.151885986328125
-0.087799072265625 0.249053955078125 0.268157958984375 0.00270080566406252
0.0970458984375 0.271255493164063 0.220306396484375 0.041259765625
0.212112426757812 0.189224243164063 0.25787353515625 0.0940704345703125
0.189193725585938 0.15216064453125 0.269210815429688 0.109619140625
0.212173461914062 0.1385498046875 0.287109375 0.14984130859375
0.161209106445313 0.165359497070313 0.241683959960938 0.1800537109375
0.062408447265625 0.21087646484375 0.135086059570313 0.155624389648438
-0.0338592529296875 0.196807861328125 0.0366058349609375 0.123733520507813
-0.145721435546875 0.09002685546875 -0.0697288513183594 0.0105247497558594
-0.127037048339844 0.0870819091796875 0.0422515869140625 -0.18817138671875
-0.157089233398438 0.1309814453125 0.198226928710937 -0.161392211914062
-0.469635009765625 0.18548583984375 0.538818359375 -0.057952880859375
-0.3763427734375 0.214935302734375 0.131271362304687 0.0313796997070313
-0.3607177734375 0.315093994140625 0.191802978515625 0.252120971679688
-0.186767578125 0.39154052734375 0.413818359375 0.109344482421875
-0.063018798828125 0.391021728515625 0.253082275390625 -0.0847320556640625
0.17156982421875 0.3780517578125 0.154281616210938 -0.0453948974609375
0.300872802734375 0.267486572265625 0.149154663085938 0.0299072265625
0.280166625976563 0.222579956054688 0.164581298828125 0.0626678466796875
0.31903076171875 0.1978759765625 0.203445434570313 0.115753173828125
0.257553100585938 0.219131469726562 0.188262939453125 0.131927490234375
0.151275634765625 0.305206298828125 0.104232788085938 0.123275756835938
0.035247802734375 0.33502197265625 0.0331649780273437 0.11077880859375
-0.20452880859375 0.267684936523437 -0.0805206298828125 0.01947021484375
-0.279342651367188 0.232635498046875 0.00987243652343748 -0.145751953125
-0.343902587890625 0.184722900390625 0.116348266601562 -0.127220153808594
-0.61126708984375 0.1689453125 0.37347412109375 0.03045654296875
-0.533935546875 0.2667236328125 0.061767578125 0.124725341796875
-0.45458984375 0.452392578125 0.202911376953125 0.24444580078125
-0.172210693359375 0.526336669921875 0.409820556640625 0.02581787109375
-0.012359619140625 0.461212158203125 0.208221435546875 -0.19140625
0.2215576171875 0.4134521484375 0.0585174560546875 -0.151611328125
0.33843994140625 0.2979736328125 0.0108375549316406 -0.0495223999023437
0.325836181640625 0.2611083984375 0.0344524383544922 0.00672531127929689
0.380523681640625 0.235809326171875 0.0893936157226563 0.07598876953125
0.31939697265625 0.2567138671875 0.101631164550781 0.084197998046875
0.219757080078125 0.3739013671875 0.0432052612304688 0.0978012084960938
0.09722900390625 0.447784423828125 1.20010899466312E-17 0.0987701416015625
-0.2393798828125 0.430572509765625 -0.105911254882813 0.024444580078125
-0.394927978515625 0.367462158203125 -0.0332412719726563 -0.083770751953125
-0.491241455078125 0.225830078125 -0.012939453125 -0.0708694458007812
-0.65374755859375 0.1341552734375 0.187408447265625 0.10650634765625
-0.57696533203125 0.2777099609375 -0.00402832031250002 0.20806884765625
-0.44091796875 0.50244140625 0.209640502929688 0.208358764648438
-0.108428955078125 0.550323486328125 0.35906982421875 -0.07269287109375
0.04705810546875 0.430999755859375 0.133453369140625 -0.282989501953125
0.23699951171875 0.3648681640625 -0.05194091796875 -0.24432373046875
0.321685791015625 0.277557373046875 -0.135086059570312 -0.124931335449219
0.32147216796875 0.25811767578125 -0.102081298828125 -0.048797607421875
0.3817138671875 0.24591064453125 -0.0390129089355468 0.0289421081542969
0.327728271484375 0.270355224609375 -0.0102710723876953 0.0330276489257813
0.244293212890625 0.401031494140625 -0.0431900024414062 0.0716476440429688
0.13226318359375 0.507110595703125 -0.0623321533203125 0.0796051025390625
-0.262451171875 0.53594970703125 -0.141952514648438 0.019989013671875
-0.47247314453125 0.44842529296875 -0.0836715698242188 -0.00992584228515624
-0.57794189453125 0.23193359375 -0.1766357421875 0.00181579589843751
-0.5975341796875 0.0907592773437499 0.0166473388671875 0.161941528320312
-0.51025390625 0.253814697265625 -0.0526885986328125 0.25732421875
-0.33599853515625 0.456756591796875 0.194778442382812 0.153900146484375
-0.01837158203125 0.457427978515625 0.270431518554688 -0.150238037109375
0.091400146484375 0.313568115234375 0.044158935546875 -0.326629638671875
0.208526611328125 0.256271362304688 -0.155517578125 -0.296112060546875
0.254425048828125 0.214126586914063 -0.263092041015625 -0.179443359375
0.267913818359375 0.219009399414063 -0.225479125976563 -0.0985565185546874
0.31964111328125 0.221038818359375 -0.164596557617187 -0.02447509765625
0.27593994140625 0.242538452148438 -0.124237060546875 -0.0231399536132812
0.2178955078125 0.363616943359375 -0.138359069824219 0.0360870361328125
0.125762939453125 0.486572265625 -0.140289306640625 0.043304443359375
-0.27362060546875 0.54559326171875 -0.179428100585938 -0.004730224609375
-0.494873046875 0.441192626953125 -0.136329650878906 0.0587692260742188
-0.58697509765625 0.1864013671875 -0.3555908203125 0.071136474609375
-0.465484619140625 0.045806884765625 -0.11419677734375 0.195266723632813
-0.371826171875 0.205657958984375 -0.07757568359375 0.266342163085938
-0.18804931640625 0.347991943359375 0.162094116210937 0.0936279296875
0.057830810546875 0.296905517578125 0.165740966796875 -0.187301635742187
0.105621337890625 0.154006958007813 -0.032806396484375 -0.31561279296875
0.137840270996094 0.121109008789063 -0.23089599609375 -0.300811767578125
0.150161743164063 0.126998901367188 -0.353118896484375 -0.204986572265625
0.174453735351563 0.145477294921875 -0.31658935546875 -0.134368896484375
0.208297729492188 0.156082153320313 -0.26123046875 -0.0774078369140624
0.182785034179688 0.162841796875 -0.2138671875 -0.0754089355468749
0.160995483398438 0.25543212890625 -0.216995239257813 -0.00398254394531249
0.10113525390625 0.381439208984375 -0.216842651367188 -0.0118255615234375
-0.248931884765625 0.459991455078125 -0.208389282226563 -0.0558013916015625
-0.450408935546875 0.34234619140625 -0.183334350585938 0.0988311767578125
-0.503662109375 0.0976562500000001 -0.5224609375 0.122283935546875
-0.281097412109375 -0.000473022460937528 -0.189712524414062 0.20953369140625
-0.201400756835938 0.136734008789063 -0.080535888671875 0.250045776367188
-0.0467529296875 0.207916259765625 0.124176025390625 0.0430984497070313
0.0992050170898438 0.124038696289063 0.07391357421875 -0.188430786132813
0.0852508544921875 0.00246429443359375 -0.0836181640625 -0.271026611328125
0.0405006408691406 -0.0043487548828125 -0.267623901367187 -0.270462036132813
0.0207443237304688 0.0357704162597656 -0.3912353515625 -0.204437255859375
0.0550765991210937 0.0517196655273437 -0.358917236328125 -0.15179443359375
0.0679092407226563 0.0554313659667969 -0.30987548828125 -0.1143798828125
0.075836181640625 0.04022216796875 -0.264251708984375 -0.105697631835938
0.107994079589844 0.09423828125 -0.265869140625 -0.0325164794921874
0.0913543701171875 0.213775634765625 -0.275985717773438 -0.0719909667968749
-0.165924072265625 0.30279541015625 -0.220947265625 -0.124969482421875
-0.313507080078125 0.18328857421875 -0.21160888671875 0.102279663085938
-0.328521728515625 -0.013946533203125 -0.646240234375 0.13507080078125
0.02398681640625 0.0944595336914063 0.6624755859375 -0.24664306640625
0.101936340332031 -0.0387420654296875 0.209381103515625 -0.116729736328125
-0.0307540893554687 -0.101402282714844 0.201889038085937 0.1751708984375
-0.108726501464844 -0.0242233276367187 0.355621337890625 0.12030029296875
-0.093353271484375 0.0872421264648437 0.264938354492188 0.0330810546875
0.0180435180664062 0.124473571777344 0.259002685546875 0.0759735107421875
0.0951309204101562 0.0754547119140625 0.3314208984375 0.113616943359375
0.0754776000976563 0.0578994750976563 0.344482421875 0.127166748046875
0.086517333984375 0.0581817626953125 0.351318359375 0.161529541015625
0.0587005615234375 0.0926132202148438 0.279876708984375 0.214447021484375
-0.0145721435546875 0.104072570800781 0.152084350585938 0.18939208984375
-0.0801773071289063 0.054779052734375 0.0235671997070312 0.138870239257813
-0.0614395141601563 -0.07073974609375 -0.0768280029296875 -0.0010528564453125
0.0488510131835938 -0.0414886474609375 0.051727294921875 -0.222869873046875
0.0575942993164063 0.077392578125 0.225204467773438 -0.194915771484375
-0.2373046875 0.181427001953125 0.64556884765625 -0.1832275390625
-0.136482238769531 0.120285034179687 0.183547973632813 -0.06072998046875
-0.192459106445312 0.130081176757813 0.201980590820313 0.225631713867188
-0.143997192382812 0.197906494140625 0.39947509765625 0.126861572265625
-0.0750885009765625 0.259765625 0.267669677734375 -0.013519287109375
0.116561889648438 0.268524169921875 0.224746704101563 0.032196044921875
0.2291259765625 0.176193237304687 0.267364501953125 0.081695556640625
0.201950073242187 0.141448974609375 0.27862548828125 0.0969390869140625
0.225250244140625 0.125335693359375 0.298553466796875 0.135589599609375
0.171539306640625 0.1549072265625 0.251541137695313 0.16729736328125
0.0776214599609375 0.208709716796875 0.142013549804688 0.148193359375
-0.02099609375 0.199127197265625 0.0428085327148438 0.119529724121094
-0.143707275390625 0.099151611328125 -0.0699272155761719 0.0131378173828125
-0.122711181640625 0.09490966796875 0.03472900390625 -0.194915771484375
-0.150833129882813 0.142578125 0.195602416992188 -0.177490234375
-0.46307373046875 0.2169189453125 0.542755126953125 -0.0928955078125
-0.368072509765625 0.235687255859375 0.133979797363281 0.022247314453125
-0.34771728515625 0.34124755859375 0.210525512695312 0.244598388671875
-0.164306640625 0.406646728515625 0.425750732421875 0.08203125
-0.041412353515625 0.400421142578125 0.246994018554688 -0.100433349609375
0.1953125 0.371368408203125 0.152664184570313 -0.05206298828125
0.322418212890625 0.25103759765625 0.154205322265625 0.0231170654296875
0.298065185546875 0.20703125 0.169082641601563 0.0541534423828125
0.33648681640625 0.177398681640625 0.2117919921875 0.1064453125
0.271331787109375 0.203521728515625 0.194366455078125 0.121627807617188
0.172271728515625 0.295440673828125 0.109947204589844 0.117935180664063
0.057891845703125 0.33251953125 0.0381622314453125 0.105545043945313
-0.1920166015625 0.284423828125 -0.0796737670898438 0.0215377807617188
-0.267562866210938 0.251861572265625 0.00549316406249998 -0.151107788085937
-0.33929443359375 0.209014892578125 0.113990783691406 -0.137351989746094
-0.60931396484375 0.20697021484375 0.38189697265625 0.00616455078125001
-0.524993896484375 0.297821044921875 0.0689849853515625 0.120872497558594
-0.434814453125 0.48553466796875 0.2210693359375 0.237075805664063
-0.139739990234375 0.54119873046875 0.41668701171875 0.000427246093750033
0.01287841796875 0.467315673828125 0.195327758789063 -0.20556640625
0.248443603515625 0.401824951171875 0.0511627197265625 -0.154876708984375
0.36285400390625 0.280792236328125 0.00927734375000002 -0.0493659973144531
0.345489501953125 0.2423095703125 0.0338459014892578 0.00503730773925783
0.400665283203125 0.21319580078125 0.0951461791992188 0.0725479125976563
0.33587646484375 0.238250732421875 0.103187561035156 0.0789718627929688
0.246185302734375 0.361297607421875 0.047760009765625 0.09619140625
0.129608154296875 0.441375732421875 0.003997802734375 0.0954132080078125
-0.216339111328125 0.4515380859375 -0.104331970214844 0.0276870727539063
-0.37823486328125 0.396087646484375 -0.0341949462890625 -0.086212158203125
-0.48846435546875 0.25799560546875 -0.0143661499023438 -0.0716705322265625
-0.65380859375 0.17266845703125 0.196807861328125 0.09259033203125
-0.56951904296875 0.31158447265625 0.00592041015624996 0.209747314453125
-0.41796875 0.5341796875 0.224166870117187 0.201065063476563
-0.0716552734375 0.558135986328125 0.3590087890625 -0.096466064453125
0.07232666015625 0.431976318359375 0.114471435546875 -0.2938232421875
0.259002685546875 0.353729248046875 -0.0661773681640625 -0.243087768554688
0.343994140625 0.26190185546875 -0.1435546875 -0.117752075195312
0.340728759765625 0.242645263671875 -0.108375549316406 -0.0438003540039062
0.403472900390625 0.2237548828125 -0.0375137329101562 0.0318450927734375
0.34375 0.251373291015625 -0.0119209289550781 0.0336074829101563
0.2720947265625 0.38677978515625 -0.0413360595703125 0.0745391845703125
0.168182373046875 0.499359130859375 -0.0588150024414062 0.0794143676757813
-0.2330322265625 0.56024169921875 -0.140792846679688 0.02410888671875
-0.45062255859375 0.48223876953125 -0.0810394287109375 -0.0083541870117187
-0.57666015625 0.268310546875 -0.175689697265625 0.012542724609375
-0.60040283203125 0.12652587890625 0.0252227783203125 0.158935546875
-0.503692626953125 0.28448486328125 -0.0413665771484375 0.262588500976563
-0.3128662109375 0.483642578125 0.206893920898437 0.146820068359375
0.013092041015625 0.45916748046875 0.264846801757812 -0.168289184570312
0.10968017578125 0.307464599609375 0.0242919921875 -0.332550048828125
0.221893310546875 0.24420166015625 -0.17449951171875 -0.290557861328125
0.272064208984375 0.202133178710937 -0.276657104492188 -0.16485595703125
0.284332275390625 0.204986572265625 -0.236114501953125 -0.08740234375
0.337646484375 0.20269775390625 -0.167739868164062 -0.0157165527343749
0.290679931640625 0.2265625 -0.129829406738281 -0.0165481567382812
0.241912841796875 0.3514404296875 -0.138336181640625 0.04412841796875
0.160430908203125 0.48016357421875 -0.140052795410156 0.0475082397460938
-0.24169921875 0.571533203125 -0.179779052734375 0.00177001953125006
-0.474456787109375 0.474761962890625 -0.130828857421875 0.0643463134765625
-0.5899658203125 0.22064208984375 -0.354461669921875 0.095306396484375
-0.469268798828125 0.0751342773437501 -0.10675048828125 0.200210571289063
-0.366729736328125 0.227813720703125 -0.0672607421875 0.274459838867188
-0.168914794921875 0.36578369140625 0.171127319335938 0.088653564453125
0.081329345703125 0.293060302734375 0.156509399414063 -0.198165893554687
0.113433837890625 0.14569091796875 -0.05169677734375 -0.31561279296875
0.141586303710938 0.112884521484375 -0.250244140625 -0.2904052734375
0.159286499023438 0.12139892578125 -0.370330810546875 -0.1859130859375
0.185195922851562 0.13653564453125 -0.330169677734375 -0.1185302734375
0.220046997070313 0.144149780273438 -0.269821166992188 -0.0645141601562499
0.19140625 0.152862548828125 -0.223785400390625 -0.065277099609375
0.17718505859375 0.244979858398438 -0.2186279296875 0.00753784179687505
0.1287841796875 0.376068115234375 -0.219924926757813 -0.00167846679687498
-0.22247314453125 0.48193359375 -0.213180541992188 -0.047698974609375
-0.436126708984375 0.373321533203125 -0.177032470703125 0.109161376953125
-0.510467529296875 0.126678466796875 -0.521575927734375 0.158050537109375
-0.284942626953125 0.017242431640625 -0.183670043945313 0.22064208984375
-0.198333740234375 0.1497802734375 -0.072357177734375 0.257980346679687
-0.03411865234375 0.215927124023438 0.129486083984375 0.0400772094726563
0.111061096191406 0.115257263183594 0.064727783203125 -0.192092895507813
0.083221435546875 -0.0066986083984375 -0.098358154296875 -0.266586303710938
0.0362396240234375 -0.00739288330078125 -0.28485107421875 -0.258758544921875
0.0234794616699219 0.0373420715332031 -0.410491943359375 -0.183349609375
0.0585174560546875 0.0490226745605469 -0.37359619140625 -0.13348388671875
0.0716781616210938 0.052093505859375 -0.321868896484375 -0.0996398925781251
0.0770034790039063 0.0356521606445312 -0.27423095703125 -0.0931701660156249
0.113861083984375 0.0858383178710937 -0.269302368164063 -0.017608642578125
0.107101440429687 0.209152221679687 -0.283660888671875 -0.05706787109375
-0.149078369140625 0.318939208984375 -0.2294921875 -0.116134643554688
-0.307708740234375 0.203887939453125 -0.206802368164063 0.114425659179688
-0.337799072265625 0.00418090820312493 -0.64727783203125 0.1798095703125
0.0335464477539063 0.09564208984375 0.63861083984375 -0.28826904296875
0.0990524291992188 -0.0473709106445313 0.197158813476563 -0.128875732421875
-0.0377883911132813 -0.098388671875 0.211700439453125 0.16009521484375
-0.110137939453125 -0.0171661376953125 0.358184814453125 0.0933837890625
-0.0859298706054688 0.0948562622070313 0.261276245117188 0.0152740478515625
0.0293350219726563 0.122161865234375 0.259521484375 0.061492919921875
0.101150512695313 0.066009521484375 0.3358154296875 0.091064453125
0.0792465209960938 0.0508575439453125 0.349700927734375 0.103912353515625
0.091827392578125 0.0508651733398438 0.356719970703125 0.1383056640625
0.0647048950195313 0.0869293212890625 0.287109375 0.192413330078125
-0.00611114501953126 0.10516357421875 0.15863037109375 0.17474365234375
-0.0764999389648438 0.0591964721679688 0.0293121337890625 0.132194519042969
-0.0689048767089844 -0.0645599365234375 -0.07568359375 0.00222015380859376
0.0443840026855469 -0.0443611145019531 0.0393218994140625 -0.226104736328125
0.0638961791992188 0.0738143920898438 0.212478637695313 -0.209548950195313
-0.219146728515625 0.196319580078125 0.625732421875 -0.22332763671875
-0.125999450683594 0.124526977539063 0.176528930664063 -0.073455810546875
-0.182571411132813 0.140792846679687 0.21484375 0.210128784179688
-0.129562377929688 0.202957153320312 0.402679443359375 0.09625244140625
-0.0579376220703125 0.263168334960938 0.259658813476563 -0.0300445556640625
0.134765625 0.257156372070312 0.222335815429687 0.0191192626953125
0.240325927734375 0.156509399414063 0.271697998046875 0.064453125
0.209335327148438 0.1246337890625 0.2794189453125 0.0787200927734375
0.23223876953125 0.106826782226563 0.30291748046875 0.11712646484375
0.17822265625 0.140121459960938 0.254791259765625 0.148239135742188
0.0909271240234375 0.199325561523437 0.146682739257813 0.135528564453125
-0.00738525390625002 0.195327758789063 0.0463027954101563 0.111274719238281
-0.138076782226563 0.108497619628906 -0.0675926208496094 0.0148582458496094
-0.114639282226563 0.101325988769531 0.0246734619140625 -0.19793701171875
-0.138229370117187 0.151336669921875 0.184432983398437 -0.189620971679687
-0.440765380859375 0.244140625 0.53192138671875 -0.131072998046875
-0.348968505859375 0.253662109375 0.132270812988281 0.0117874145507813
-0.322601318359375 0.360107421875 0.22381591796875 0.229537963867188
-0.13427734375 0.40869140625 0.424530029296875 0.0513916015625
-0.016357421875 0.398773193359375 0.232574462890625 -0.114837646484375
0.218475341796875 0.3533935546875 0.147369384765625 -0.0589141845703125
0.338348388671875 0.222808837890625 0.15533447265625 0.0135498046875
0.306915283203125 0.183258056640625 0.168045043945313 0.0426177978515625
0.344940185546875 0.1488037109375 0.216217041015625 0.092315673828125
0.2774658203125 0.18060302734375 0.195327758789063 0.10784912109375
0.19012451171875 0.276214599609375 0.1123046875 0.108306884765625
0.079345703125 0.3192138671875 0.0412445068359375 0.0971908569335938
-0.171417236328125 0.29315185546875 -0.0763626098632813 0.023529052734375
-0.246917724609375 0.265533447265625 -0.00166320800781251 -0.153274536132813
-0.322418212890625 0.229034423828125 0.106826782226562 -0.144332885742187
-0.58807373046875 0.242919921875 0.3798828125 -0.0230712890625
-0.500762939453125 0.322906494140625 0.0735321044921875 0.113014221191406
-0.399688720703125 0.510406494140625 0.233840942382812 0.2216796875
-0.101318359375 0.539581298828125 0.410400390625 -0.029937744140625
0.03997802734375 0.45989990234375 0.175704956054688 -0.215103149414062
0.2696533203125 0.380523681640625 0.03985595703125 -0.154159545898437
0.37860107421875 0.251007080078125 0.0071525573730469 -0.0489082336425781
0.35723876953125 0.217010498046875 0.0304698944091797 0.00296020507812501
0.410888671875 0.179595947265625 0.0993728637695313 0.06585693359375
0.342620849609375 0.21112060546875 0.103546142578125 0.0714035034179688
0.26666259765625 0.335052490234375 0.0509109497070313 0.0913467407226563
0.157928466796875 0.422515869140625 0.00727844238281252 0.0895004272460938
-0.184814453125 0.460662841796875 -0.100181579589844 0.0298690795898438
-0.34515380859375 0.414764404296875 -0.035980224609375 -0.08746337890625
-0.468902587890625 0.286407470703125 -0.0153007507324219 -0.0700798034667969
-0.6351318359375 0.2113037109375 0.200057983398437 0.074859619140625
-0.543182373046875 0.33905029296875 0.0152587890625 0.20465087890625
-0.378326416015625 0.556488037109375 0.2347412109375 0.1866455078125
-0.0296630859374999 0.551910400390625 0.34857177734375 -0.119598388671875
0.095733642578125 0.420379638671875 0.09100341796875 -0.296295166015625
0.276214599609375 0.330047607421875 -0.080718994140625 -0.234085083007813
0.359588623046875 0.23431396484375 -0.148544311523437 -0.106201171875
0.3533935546875 0.21649169921875 -0.112953186035156 -0.0368423461914062
0.4136962890625 0.191162109375 -0.0350685119628906 0.0335788726806641
0.35211181640625 0.223968505859375 -0.013345718383789 0.034027099609375
0.29248046875 0.358917236328125 -0.037750244140625 0.0759124755859375
0.199249267578125 0.47552490234375 -0.0555267333984375 0.0785751342773438
-0.19293212890625 0.5694580078125 -0.136611938476563 0.0291290283203125
-0.41278076171875 0.5057373046875 -0.0761184692382813 -0.00708007812499997
-0.557830810546875 0.301605224609375 -0.170013427734375 0.024169921875
-0.58502197265625 0.163330078125 0.033172607421875 0.150863647460937
-0.4815673828125 0.30914306640625 -0.028900146484375 0.261199951171875
-0.27532958984375 0.500091552734375 0.213455200195313 0.135345458984375
0.04681396484375 0.44671630859375 0.25006103515625 -0.183441162109375
0.1251220703125 0.293426513671875 0.000335693359374984 -0.32733154296875
0.230194091796875 0.224868774414063 -0.189529418945312 -0.275009155273437
0.282623291015625 0.181793212890625 -0.283843994140625 -0.144561767578125
0.29412841796875 0.1837158203125 -0.241409301757812 -0.07159423828125
0.346893310546875 0.174957275390625 -0.166778564453125 -0.00532531738281248
0.296875 0.2047119140625 -0.133018493652344 -0.00811004638671876
0.259063720703125 0.32568359375 -0.134132385253906 0.0517044067382813
0.191070556640625 0.45953369140625 -0.137062072753906 0.0534820556640625
-0.201416015625 0.58123779296875 -0.176681518554688 0.00967407226562505
-0.439208984375 0.500274658203125 -0.121452331542969 0.069427490234375
-0.57379150390625 0.25762939453125 -0.339996337890625 0.11944580078125
-0.457305908203125 0.105072021484375 -0.0952301025390626 0.201171875
-0.349700927734375 0.24761962890625 -0.054901123046875 0.2760009765625
-0.1409912109375 0.374359130859375 0.174530029296875 0.079620361328125
0.1019287109375 0.278427124023438 0.142059326171875 -0.204788208007813
0.117958068847656 0.132904052734375 -0.070831298828125 -0.30615234375
0.142333984375 0.10113525390625 -0.265060424804688 -0.270889282226563
0.165740966796875 0.110992431640625 -0.37762451171875 -0.158966064453125
0.191543579101563 0.123382568359375 -0.336151123046875 -0.0968627929687499
0.22601318359375 0.127517700195313 -0.271575927734375 -0.0472869873046875
0.195297241210938 0.138565063476563 -0.227386474609375 -0.0500640869140625
0.188079833984375 0.227096557617187 -0.214767456054688 0.0211181640625
0.15325927734375 0.35955810546875 -0.218414306640625 0.0104827880859376
-0.186492919921875 0.492462158203125 -0.212905883789063 -0.036102294921875
-0.407745361328125 0.39520263671875 -0.165573120117188 0.11724853515625
-0.500823974609375 0.157623291015625 -0.503021240234375 0.192138671875
-0.281494140625 0.037139892578125 -0.170867919921875 0.227020263671875
-0.189178466796875 0.1602783203125 -0.060791015625 0.261688232421875
-0.0176544189453125 0.217605590820313 0.131568908691406 0.0347366333007813
0.119735717773438 0.102516174316406 0.0523529052734375 -0.192291259765625
0.0785293579101563 -0.0155868530273438 -0.112152099609375 -0.255096435546875
0.0307235717773438 -0.00881004333496094 -0.295867919921875 -0.23760986328125
0.0261955261230469 0.0380859375 -0.416900634765625 -0.153778076171875
0.0611801147460937 0.045562744140625 -0.379608154296875 -0.10736083984375
0.0731124877929688 0.0467147827148438 -0.326171875 -0.078948974609375
0.0749588012695313 0.0300674438476563 -0.277862548828125 -0.0756072998046875
0.115669250488281 0.074859619140625 -0.265029907226563 -0.00108337402343748
0.120925903320313 0.196731567382813 -0.28369140625 -0.038726806640625
-0.12359619140625 0.325927734375 -0.2340087890625 -0.102569580078125
-0.291839599609375 0.219635009765625 -0.195327758789063 0.124679565429688
-0.3372802734375 0.0252990722656251 -0.62548828125 0.2230224609375
0.0414886474609375 0.0944747924804688 0.60540771484375 -0.31024169921875
0.0943603515625 -0.0527572631835938 0.183059692382813 -0.134368896484375
-0.0430908203125 -0.0938873291015625 0.214004516601563 0.145294189453125
-0.108802795410156 -0.0110549926757812 0.350738525390625 0.071044921875
-0.0779266357421875 0.0981292724609375 0.2510986328125 0.00204467773437501
0.0377197265625 0.117218017578125 0.253250122070313 0.0486602783203125
0.102546691894531 0.0563812255859375 0.331024169921875 0.071685791015625
0.0798568725585938 0.0436019897460938 0.342620849609375 0.084075927734375
0.0932159423828125 0.0427398681640625 0.350494384765625 0.11712646484375
0.0676116943359375 0.0807723999023438 0.283050537109375 0.173797607421875
0.000541687011718746 0.102813720703125 0.15875244140625 0.159774780273438
-0.0714035034179688 0.0612030029296875 0.0319137573242187 0.123764038085938
-0.072723388671875 -0.0585784912109375 -0.07330322265625 0.0039825439453125
0.0402565002441406 -0.045684814453125 0.029296875 -0.223709106445313
0.0678749084472656 0.0694122314453125 0.19769287109375 -0.213973999023437
-0.19964599609375 0.201705932617188 0.596923828125 -0.25054931640625
-0.115371704101563 0.123069763183594 0.16650390625 -0.08038330078125
-0.170989990234375 0.144683837890625 0.218704223632813 0.193862915039063
-0.116058349609375 0.2017822265625 0.393798828125 0.070343017578125
-0.0434112548828125 0.260177612304688 0.246337890625 -0.041351318359375
0.144485473632813 0.24139404296875 0.2159423828125 0.010528564453125
0.2415771484375 0.136489868164063 0.266708374023438 0.0488128662109375
0.208786010742188 0.10955810546875 0.273544311523438 0.0634002685546875
0.231582641601563 0.0887603759765625 0.29864501953125 0.099639892578125
0.177474975585938 0.125900268554688 0.249725341796875 0.132278442382813
0.09796142578125 0.186111450195312 0.145004272460938 0.12255859375
0.00140380859375 0.18701171875 0.0470733642578125 0.102149963378906
-0.129768371582031 0.112228393554687 -0.0653572082519531 0.0153923034667969
-0.106681823730469 0.103134155273437 0.01702880859375 -0.196151733398437
-0.125198364257813 0.15460205078125 0.171920776367188 -0.193801879882813
-0.413238525390625 0.257568359375 0.5093994140625 -0.155792236328125
-0.326141357421875 0.25750732421875 0.12713623046875 0.00370788574218752
-0.295928955078125 0.36456298828125 0.227752685546875 0.21258544921875
-0.110107421875 0.39990234375 0.4127197265625 0.026336669921875
0.00296020507812496 0.38861083984375 0.216262817382813 -0.121414184570312
0.2286376953125 0.329254150390625 0.139968872070313 -0.062774658203125
0.3404541015625 0.196563720703125 0.15118408203125 0.00518798828125001
0.3060302734375 0.16131591796875 0.162750244140625 0.03472900390625
0.343353271484375 0.124176025390625 0.213729858398438 0.0801544189453125
0.275543212890625 0.160369873046875 0.190048217773438 0.095794677734375
0.196975708007813 0.254745483398438 0.110855102539063 0.0991134643554688
0.0924072265625 0.301300048828125 0.0404434204101563 0.0890884399414063
-0.152587890625 0.29315185546875 -0.07293701171875 0.0239410400390625
-0.225982666015625 0.268997192382812 -0.00625610351562501 -0.152816772460937
-0.30133056640625 0.237457275390625 0.09930419921875 -0.14599609375
-0.555908203125 0.262115478515625 0.36517333984375 -0.04449462890625
-0.472869873046875 0.332916259765625 0.0736160278320312 0.104469299316406
-0.3626708984375 0.514404296875 0.236099243164062 0.205368041992188
-0.07080078125 0.522552490234375 0.394622802734375 -0.04974365234375
0.058837890625 0.442657470703125 0.156051635742188 -0.215133666992187
0.27862548828125 0.353271484375 0.032196044921875 -0.150238037109375
0.381011962890625 0.22222900390625 0.00416946411132815 -0.0481452941894531
0.35546875 0.1912841796875 0.0268096923828125 0.00285339355468751
0.40582275390625 0.149993896484375 0.100006103515625 0.0599136352539063
0.338470458984375 0.186920166015625 0.0996475219726563 0.0658416748046875
0.27337646484375 0.306640625 0.0508956909179688 0.0853729248046875
0.173126220703125 0.39593505859375 0.00772857666015627 0.0829391479492188
-0.1552734375 0.456298828125 -0.0953445434570313 0.031036376953125
-0.314056396484375 0.417510986328125 -0.0353164672851563 -0.0874481201171875
-0.4425048828125 0.300140380859375 -0.0149192810058594 -0.0682296752929687
-0.60467529296875 0.232421875 0.195587158203125 0.059173583984375
-0.512054443359375 0.350006103515625 0.02117919921875 0.196914672851563
-0.3411865234375 0.55889892578125 0.23492431640625 0.171585083007813
-0.000213623046875 0.53094482421875 0.33038330078125 -0.13262939453125
0.11053466796875 0.400726318359375 0.071136474609375 -0.28857421875
0.27984619140625 0.306243896484375 -0.088348388671875 -0.222610473632812
0.35980224609375 0.20806884765625 -0.14923095703125 -0.0962066650390625
0.35076904296875 0.19256591796875 -0.113899230957031 -0.0292739868164062
0.4105224609375 0.162139892578125 -0.0314311981201172 0.0338897705078125
0.3485107421875 0.199615478515625 -0.013671875 0.0352096557617188
0.300048828125 0.32904052734375 -0.0344161987304687 0.0746841430664063
0.216064453125 0.445770263671875 -0.05377197265625 0.0752487182617188
-0.157012939453125 0.56207275390625 -0.130752563476563 0.0313644409179688
-0.374481201171875 0.5101318359375 -0.071197509765625 -0.00717926025390622
-0.530364990234375 0.3192138671875 -0.1597900390625 0.0314788818359375
-0.55926513671875 0.182769775390625 0.0365447998046874 0.140655517578125
-0.455657958984375 0.319488525390625 -0.020294189453125 0.255279541015625
-0.242584228515625 0.497650146484375 0.212997436523437 0.123367309570313
0.069000244140625 0.4246826171875 0.232467651367188 -0.188888549804687
0.131027221679688 0.276214599609375 -0.016571044921875 -0.31500244140625
0.229690551757813 0.205856323242188 -0.196060180664062 -0.256561279296875
0.28375244140625 0.162078857421875 -0.282135009765625 -0.12615966796875
0.292572021484375 0.16436767578125 -0.240386962890625 -0.056640625
0.34466552734375 0.15106201171875 -0.16162109375 0.00215148925781251
0.29425048828125 0.183837890625 -0.13153076171875 -0.000770568847656217
0.265594482421875 0.30010986328125 -0.128250122070312 0.056121826171875
0.20648193359375 0.43182373046875 -0.132553100585937 0.0556793212890626
-0.16546630859375 0.5743408203125 -0.1707763671875 0.0147705078125
-0.401397705078125 0.505859375 -0.111312866210938 0.0694808959960938
-0.548370361328125 0.27508544921875 -0.32073974609375 0.133056640625
-0.439361572265625 0.12359619140625 -0.086822509765625 0.19635009765625
-0.331573486328125 0.25445556640625 -0.045074462890625 0.273391723632813
-0.117431640625 0.371246337890625 0.173995971679688 0.07208251953125
0.11456298828125 0.259933471679688 0.127044677734375 -0.202957153320313
0.116279602050781 0.120277404785156 -0.083099365234375 -0.290802001953125
0.137794494628906 0.0914535522460938 -0.266220092773438 -0.248794555664063
0.167282104492188 0.100067138671875 -0.37408447265625 -0.134765625
0.190765380859375 0.11083984375 -0.3326416015625 -0.0769348144531251
0.224380493164062 0.111343383789062 -0.266220092773437 -0.034088134765625
0.191741943359375 0.1256103515625 -0.224105834960938 -0.037109375
0.191299438476563 0.207809448242188 -0.206741333007813 0.02972412109375
0.16510009765625 0.337554931640625 -0.212509155273438 0.0194854736328125
-0.156341552734375 0.487701416015625 -0.20782470703125 -0.027313232421875
-0.377044677734375 0.40277099609375 -0.152084350585938 0.119003295898438
-0.48297119140625 0.175323486328125 -0.474853515625 0.213043212890625
-0.271148681640625 0.0498504638671876 -0.159194946289063 0.225997924804688
-0.1798095703125 0.16461181640625 -0.0518035888671875 0.26019287109375
-0.00390625 0.21405029296875 0.130531311035156 0.0304412841796875
0.122184753417969 0.0896377563476563 0.0418701171875 -0.185653686523438
0.0711898803710938 -0.021026611328125 -0.1190185546875 -0.239883422851562
0.0252037048339844 -0.00848197937011719 -0.296478271484375 -0.21588134765625
0.0279922485351562 0.0370445251464844 -0.410858154296875 -0.128448486328125
0.0610923767089844 0.0416603088378906 -0.37481689453125 -0.08673095703125
0.0714645385742188 0.0423049926757812 -0.32073974609375 -0.0625
0.0716171264648438 0.0264892578125 -0.273605346679688 -0.060394287109375
0.113082885742187 0.0647354125976562 -0.254562377929688 0.011199951171875
0.12689208984375 0.1822509765625 -0.277130126953125 -0.0240631103515625
-0.102325439453125 0.322296142578125 -0.232177734375 -0.0910797119140624
-0.2742919921875 0.225662231445313 -0.181884765625 0.128982543945312
-0.3297119140625 0.040130615234375 -0.59246826171875 0.24835205078125
0.0476913452148437 0.0923614501953125 0.57769775390625 -0.31842041015625
0.0907363891601562 -0.0560531616210937 0.172637939453125 -0.13507080078125
-0.0446548461914062 -0.0909652709960938 0.211532592773438 0.1358642578125
-0.106758117675781 -0.00814056396484377 0.34161376953125 0.057891845703125
-0.0714950561523438 0.0982131958007812 0.240142822265625 -0.00425720214843749
0.042999267578125 0.111259460449219 0.245254516601563 0.0418701171875
0.101974487304687 0.0494232177734375 0.323760986328125 0.060638427734375
0.0786361694335938 0.0394363403320313 0.3345947265625 0.074310302734375
0.0934600830078125 0.03692626953125 0.34197998046875 0.10772705078125
0.0682830810546875 0.0763397216796875 0.274185180664063 0.161514282226563
0.00449371337890625 0.100273132324219 0.153671264648438 0.149154663085938
-0.0689430236816406 0.06146240234375 0.0305099487304687 0.116363525390625
-0.0748062133789062 -0.0535736083984375 -0.0709686279296875 0.00289154052734374
0.0370445251464844 -0.0450820922851563 0.0244140625 -0.220901489257813
0.071502685546875 0.0655441284179688 0.188369750976563 -0.213546752929687
-0.184127807617188 0.201385498046875 0.5712890625 -0.25897216796875
-0.109580993652344 0.118293762207031 0.157394409179688 -0.082672119140625
-0.162704467773438 0.143630981445312 0.216751098632813 0.183258056640625
-0.108932495117188 0.196365356445312 0.3828125 0.05572509765625
-0.0362701416015625 0.254043579101563 0.234054565429688 -0.0456085205078125
0.148818969726563 0.229278564453125 0.208755493164063 0.00552368164062501
0.23980712890625 0.12335205078125 0.259521484375 0.0406951904296875
0.205734252929688 0.0996246337890625 0.266082763671875 0.0559844970703125
0.227188110351562 0.0767364501953125 0.29150390625 0.091094970703125
0.174102783203125 0.116134643554687 0.2415771484375 0.123138427734375
0.0992889404296875 0.176025390625 0.138763427734375 0.1136474609375
0.004913330078125 0.1785888671875 0.0440444946289063 0.0955123901367188
-0.125213623046875 0.113052368164063 -0.0625343322753907 0.0144729614257812
-0.100265502929687 0.1029052734375 0.0133819580078125 -0.194549560546875
-0.115493774414063 0.151962280273438 0.164413452148438 -0.19390869140625
-0.392242431640625 0.258544921875 0.490997314453125 -0.16558837890625
-0.31121826171875 0.253204345703125 0.121551513671875 -0.000961303710937485
-0.278533935546875 0.361175537109375 0.226486206054687 0.202392578125
-0.096649169921875 0.386505126953125 0.40020751953125 0.01287841796875
0.0096435546875 0.378143310546875 0.202926635742188 -0.1214599609375
0.231414794921875 0.312530517578125 0.133567810058594 -0.063323974609375
0.3358154296875 0.178070068359375 0.146453857421875 0.000778198242187511
0.300811767578125 0.14837646484375 0.157119750976563 0.0319976806640625
0.335174560546875 0.107696533203125 0.209136962890625 0.0737457275390625
0.267578125 0.146743774414062 0.1834716796875 0.0904693603515625
0.195755004882812 0.238388061523437 0.106475830078125 0.0922164916992188
0.094879150390625 0.28570556640625 0.037261962890625 0.0831680297851563
-0.14105224609375 0.288818359375 -0.070648193359375 0.0228652954101563
-0.210052490234375 0.266250610351563 -0.00662231445312501 -0.152206420898437
-0.28668212890625 0.237945556640625 0.095550537109375 -0.145477294921875
-0.532470703125 0.2657470703125 0.35284423828125 -0.05499267578125
-0.451507568359375 0.3291015625 0.0717086791992187 0.0990753173828125
-0.339935302734375 0.508758544921875 0.2342529296875 0.195892333984375
-0.05419921875 0.50335693359375 0.38018798828125 -0.059478759765625
0.0640869140625 0.4306640625 0.143295288085938 -0.210174560546875
0.2772216796875 0.33563232421875 0.0278167724609375 -0.14593505859375
0.375885009765625 0.20355224609375 0.00230789184570315 -0.0464439392089844
0.349822998046875 0.1766357421875 0.0236663818359375 0.00420188903808595
0.396575927734375 0.13201904296875 0.0988693237304688 0.0556488037109375
0.329437255859375 0.171966552734375 0.0955429077148438 0.0626296997070313
0.26971435546875 0.2862548828125 0.048187255859375 0.0812301635742188
0.177032470703125 0.373443603515625 0.00513458251953127 0.0776519775390625
-0.139129638671875 0.44769287109375 -0.092681884765625 0.0290069580078125
-0.2928466796875 0.413970947265625 -0.033416748046875 -0.0883255004882812
-0.423065185546875 0.300445556640625 -0.012969970703125 -0.066864013671875
-0.58056640625 0.23779296875 0.1898193359375 0.0494232177734375
-0.492584228515625 0.347747802734375 0.021728515625 0.191192626953125
-0.31451416015625 0.552215576171875 0.232437133789062 0.164993286132813
0.014007568359375 0.509124755859375 0.316162109375 -0.136444091796875
0.112884521484375 0.3857421875 0.06005859375 -0.279373168945313
0.275970458984375 0.2886962890625 -0.09014892578125 -0.212799072265625
0.355682373046875 0.190704345703125 -0.14776611328125 -0.089202880859375
0.346527099609375 0.1790771484375 -0.114356994628906 -0.0233688354492187
0.400054931640625 0.143341064453125 -0.0296764373779297 0.0338096618652344
0.33984375 0.184295654296875 -0.0150871276855469 0.0356178283691406
0.296234130859375 0.307769775390625 -0.0335235595703125 0.0724334716796875
0.219268798828125 0.422821044921875 -0.0536270141601562 0.0727615356445313
-0.1370849609375 0.55035400390625 -0.126716613769531 0.0308837890625001
-0.349945068359375 0.503143310546875 -0.0658988952636719 -0.00991439819335935
-0.509796142578125 0.321441650390625 -0.1507568359375 0.0342864990234375
-0.53717041015625 0.188507080078125 0.0356292724609375 0.132347106933594
-0.43768310546875 0.319061279296875 -0.0184326171875 0.249908447265625
-0.22247314453125 0.491790771484375 0.209930419921875 0.118515014648438
0.079345703125 0.404815673828125 0.219802856445313 -0.186355590820312
0.129653930664063 0.263275146484375 -0.02392578125 -0.301910400390625
0.223846435546875 0.194091796875 -0.1942138671875 -0.243682861328125
0.280776977539063 0.148849487304688 -0.277450561523438 -0.114791870117187
0.2882080078125 0.152862548828125 -0.237152099609375 -0.047882080078125
0.336578369140625 0.136474609375 -0.15673828125 0.00440979003906253
0.286773681640625 0.171295166015625 -0.128837585449219 0.0036468505859375
0.261306762695313 0.281097412109375 -0.123451232910156 0.0562362670898437
0.2098388671875 0.40911865234375 -0.129379272460938 0.0555953979492188
-0.1448974609375 0.5633544921875 -0.165420532226563 0.015533447265625
-0.37713623046875 0.501068115234375 -0.102874755859375 0.066558837890625
-0.52899169921875 0.279449462890625 -0.304962158203125 0.1370849609375
-0.42236328125 0.129486083984375 -0.08355712890625 0.189529418945313
-0.318939208984375 0.25341796875 -0.0423583984375 0.2689208984375
-0.100799560546875 0.3651123046875 0.171890258789063 0.0694122314453125
0.11920166015625 0.243240356445312 0.117874145507813 -0.197509765625
0.111030578613281 0.112197875976563 -0.0871124267578125 -0.27679443359375
0.131820678710938 0.0863113403320313 -0.261947631835938 -0.233901977539063
0.165542602539062 0.093353271484375 -0.365325927734375 -0.12042236328125
0.187881469726563 0.103515625 -0.32672119140625 -0.0653076171875001
0.218704223632812 0.102340698242187 -0.259307861328125 -0.028106689453125
0.186050415039063 0.11798095703125 -0.218780517578125 -0.0312347412109375
0.187515258789063 0.1947021484375 -0.19866943359375 0.0326690673828125
0.166900634765625 0.31939697265625 -0.206069946289063 0.02374267578125
-0.137939453125 0.476531982421875 -0.202545166015625 -0.0242767333984375
-0.3570556640625 0.39923095703125 -0.14227294921875 0.116714477539063
-0.467987060546875 0.18060302734375 -0.451995849609375 0.218231201171875
-0.260360717773438 0.05682373046875 -0.153594970703125 0.221359252929687
-0.17474365234375 0.165908813476563 -0.0491943359375 0.258193969726563
0.00372314453125 0.20977783203125 0.129051208496094 0.0297470092773438
0.122482299804688 0.0796585083007813 0.0366973876953125 -0.178268432617188
0.0643692016601563 -0.02349853515625 -0.117721557617188 -0.227920532226563
0.0209274291992188 -0.00655937194824219 -0.289581298828125 -0.20257568359375
0.0293693542480469 0.0371437072753906 -0.402191162109375 -0.11273193359375
0.0603599548339844 0.0395622253417969 -0.36834716796875 -0.07427978515625
0.068756103515625 0.0400199890136719 -0.31451416015625 -0.05419921875
0.0673828125 0.0250511169433594 -0.266326904296875 -0.0535430908203125
0.108253479003906 0.0583724975585938 -0.24456787109375 0.0154876708984375
0.127456665039063 0.171005249023438 -0.269760131835938 -0.0167236328124999
-0.0906982421875 0.31591796875 -0.227630615234375 -0.0845489501953124
-0.263107299804687 0.224578857421875 -0.171722412109375 0.128021240234375
-0.322174072265625 0.0460815429687499 -0.56695556640625 0.25579833984375
0.05377197265625 0.0918731689453125 0.569091796875 -0.320068359375
0.0895538330078125 -0.0594100952148437 0.167617797851563 -0.135452270507812
-0.0453948974609375 -0.0906982421875 0.211593627929687 0.13323974609375
-0.107772827148438 -0.00783538818359377 0.337005615234375 0.0513916015625
-0.0690155029296875 0.0987014770507813 0.233963012695312 -0.00558471679687499
0.0468521118164063 0.107681274414063 0.240982055664063 0.041717529296875
0.102790832519531 0.0448760986328125 0.31988525390625 0.056732177734375
0.0789413452148438 0.036468505859375 0.331207275390625 0.0704345703125
0.0934829711914063 0.03228759765625 0.338043212890625 0.10540771484375
0.06976318359375 0.074737548828125 0.269119262695313 0.157867431640625
0.00735473632812501 0.0994338989257813 0.149078369140625 0.14434814453125
-0.0682411193847656 0.0617637634277344 0.0273513793945312 0.112098693847656
-0.0763397216796875 -0.0504379272460938 -0.0703048706054688 0.00134277343749999
0.0361328125 -0.0448036193847656 0.0234832763671875 -0.221832275390625
0.0744552612304687 0.063690185546875 0.186538696289063 -0.213150024414063
-0.176651000976562 0.20001220703125 0.5635986328125 -0.26416015625
-0.107093811035156 0.113388061523438 0.153488159179687 -0.084075927734375
-0.160751342773438 0.14349365234375 0.217681884765625 0.179946899414063
-0.106460571289063 0.1922607421875 0.376617431640625 0.048675537109375
-0.034393310546875 0.252914428710938 0.227264404296875 -0.0462188720703125
0.150741577148438 0.223220825195313 0.205474853515625 0.00610351562500001
0.238693237304688 0.11602783203125 0.255966186523438 0.0370330810546875
0.2041015625 0.09576416015625 0.262069702148438 0.0548248291015625
0.225738525390625 0.0706329345703125 0.2889404296875 0.08905029296875
0.172760009765625 0.112396240234375 0.236984252929687 0.1209716796875
0.100021362304688 0.170852661132813 0.134437561035156 0.109970092773438
0.00543212890624999 0.174591064453125 0.0401077270507812 0.0918731689453125
-0.123771667480469 0.114662170410156 -0.0618553161621094 0.0125961303710938
-0.0967559814453125 0.101547241210937 0.0133514404296875 -0.196792602539062
-0.110198974609375 0.151077270507812 0.163162231445312 -0.193756103515625
-0.3822021484375 0.256866455078125 0.484161376953125 -0.170867919921875
-0.30621337890625 0.247589111328125 0.118659973144531 -0.00319671630859373
-0.272613525390625 0.359588623046875 0.227096557617188 0.199462890625
-0.09271240234375 0.379791259765625 0.393829345703125 0.00592041015625003
0.011566162109375 0.375274658203125 0.196380615234375 -0.120025634765625
0.230712890625 0.3052978515625 0.131889343261719 -0.0621795654296875
0.3341064453125 0.170135498046875 0.143768310546875 9.15527343750104E-05
0.299224853515625 0.14288330078125 0.153335571289063 0.0328216552734375
0.331939697265625 0.098236083984375 0.20794677734375 0.071868896484375
0.263748168945313 0.141387939453125 0.179718017578125 0.089324951171875
0.193527221679688 0.230194091796875 0.101829528808594 0.0897064208984375
0.095367431640625 0.27740478515625 0.0332870483398438 0.080596923828125
-0.136627197265625 0.287200927734375 -0.0698356628417969 0.0209693908691407
-0.203323364257813 0.26470947265625 -0.00592041015625002 -0.155029296875
-0.280349731445313 0.236099243164063 0.0964508056640625 -0.145767211914063
-0.5220947265625 0.26416015625 0.347869873046875 -0.0609130859375
-0.445709228515625 0.323760986328125 0.0693283081054687 0.0958709716796875
-0.33074951171875 0.50665283203125 0.23345947265625 0.193923950195313
-0.049224853515625 0.49334716796875 0.3741455078125 -0.062713623046875
0.064910888671875 0.42547607421875 0.136566162109375 -0.206588745117188
0.27569580078125 0.32635498046875 0.026824951171875 -0.143569946289062
0.37310791015625 0.1944580078125 0.00157928466796877 -0.045623779296875
0.3482666015625 0.172393798828125 0.0213661193847656 0.00650024414062501
0.393280029296875 0.1236572265625 0.09808349609375 0.0547027587890625
0.3240966796875 0.165008544921875 0.0937881469726563 0.0632171630859375
0.266281127929688 0.277206420898438 0.0455474853515625 0.0792770385742188
0.176666259765625 0.3641357421875 0.00160980224609377 0.07586669921875
-0.132110595703125 0.44482421875 -0.0919723510742188 0.0274505615234375
-0.28302001953125 0.41204833984375 -0.0311660766601563 -0.0925216674804687
-0.417724609375 0.301055908203125 -0.0101814270019531 -0.0668563842773437
-0.57049560546875 0.23785400390625 0.18597412109375 0.044219970703125
-0.487945556640625 0.34619140625 0.019866943359375 0.189346313476563
-0.3050537109375 0.55029296875 0.2314453125 0.164276123046875
0.019256591796875 0.4970703125 0.309967041015625 -0.13763427734375
0.110382080078125 0.3795166015625 0.055450439453125 -0.274032592773438
0.27276611328125 0.281982421875 -0.090087890625 -0.210098266601562
0.353759765625 0.1834716796875 -0.147628784179687 -0.0859832763671875
0.3441162109375 0.1744384765625 -0.115158081054687 -0.019012451171875
0.396728515625 0.13592529296875 -0.0287322998046875 0.0330314636230469
0.3341064453125 0.17926025390625 -0.0154800415039062 0.0365715026855469
0.292083740234375 0.297882080078125 -0.0343170166015625 0.0721282958984375
0.21893310546875 0.412109375 -0.0553817749023438 0.0718536376953125
-0.12994384765625 0.5472412109375 -0.125213623046875 0.0294647216796876
-0.3387451171875 0.5015869140625 -0.0620155334472656 -0.0136375427246093
-0.5050048828125 0.32257080078125 -0.145339965820313 0.0340728759765625
-0.528045654296875 0.1885986328125 0.0335769653320312 0.128387451171875
-0.431915283203125 0.317169189453125 -0.0191192626953125 0.249359130859375
-0.21337890625 0.489501953125 0.209396362304688 0.11767578125
0.084625244140625 0.39398193359375 0.214874267578125 -0.1849365234375
0.126266479492187 0.258132934570313 -0.026336669921875 -0.295440673828125
0.220016479492188 0.190032958984375 -0.19268798828125 -0.239120483398438
0.279617309570313 0.142807006835938 -0.275360107421875 -0.109756469726563
0.287506103515625 0.14935302734375 -0.236785888671875 -0.042694091796875
0.333526611328125 0.130096435546875 -0.15582275390625 0.00505065917968754
0.281036376953125 0.167266845703125 -0.128555297851562 0.00532531738281251
0.257705688476563 0.2724609375 -0.122756958007812 0.0563812255859375
0.210784912109375 0.398223876953125 -0.129875183105469 0.0558700561523438
-0.1376953125 0.560028076171875 -0.163543701171875 0.0143585205078125
-0.36773681640625 0.498260498046875 -0.097991943359375 0.0630722045898438
-0.52716064453125 0.280548095703125 -0.2960205078125 0.1376953125
-0.416107177734375 0.12896728515625 -0.084869384765625 0.186508178710938
-0.31512451171875 0.25433349609375 -0.042083740234375 0.2703857421875
-0.094207763671875 0.3634033203125 0.172012329101563 0.0697174072265625
0.122116088867188 0.234939575195313 0.115768432617188 -0.193695068359375
0.106796264648438 0.108894348144531 -0.0860443115234375 -0.27093505859375
0.12774658203125 0.0852432250976562 -0.258956909179688 -0.229644775390625
0.16571044921875 0.09002685546875 -0.362548828125 -0.11468505859375
0.187362670898438 0.1011962890625 -0.32470703125 -0.059295654296875
0.216522216796875 0.0988922119140625 -0.258209228515625 -0.0261993408203125
0.182510375976563 0.116256713867188 -0.216934204101563 -0.028900146484375
0.182876586914063 0.189193725585938 -0.195587158203125 0.0333404541015625
0.16790771484375 0.311614990234375 -0.205230712890625 0.0250701904296875
-0.13134765625 0.47430419921875 -0.200592041015625 -0.0243682861328125
-0.349029541015625 0.398834228515625 -0.136611938476563 0.114524841308594
-0.465576171875 0.1827392578125 -0.443145751953125 0.219512939453125
-0.255889892578125 0.0574493408203125 -0.153564453125 0.219375610351562
-0.173751831054688 0.167922973632812 -0.0489959716796875 0.262039184570313
0.00936889648437499 0.209121704101563 0.130203247070313 0.0306243896484375
0.123291015625 0.0739364624023438 0.0357513427734375 -0.172866821289062
0.0592460632324219 -0.0246162414550781 -0.115341186523437 -0.222549438476563
0.0179290771484375 -0.00436973571777344 -0.283538818359375 -0.196990966796875
0.0314254760742188 0.0370140075683594 -0.3990478515625 -0.106842041015625
0.06072998046875 0.0379295349121094 -0.365325927734375 -0.067779541015625
0.0675621032714844 0.0403175354003906 -0.3131103515625 -0.0526733398437501
0.0647392272949219 0.0253868103027344 -0.263275146484375 -0.0516815185546875
0.104423522949219 0.0545806884765625 -0.239456176757812 0.016876220703125
0.127334594726563 0.1658935546875 -0.26678466796875 -0.0137176513671875
-0.084930419921875 0.31396484375 -0.227218627929688 -0.08355712890625
-0.258407592773438 0.225616455078125 -0.167068481445313 0.126693725585937
-0.32196044921875 0.048370361328125 -0.554840087890625 0.258331298828125
0.0617599487304688 0.0919265747070313 0.5693359375 -0.33404541015625
0.0898056030273438 -0.064666748046875 0.165069580078125 -0.139968872070312
-0.048431396484375 -0.0919952392578125 0.217864990234375 0.130523681640625
-0.11114501953125 -0.00693511962890624 0.339447021484375 0.04248046875
-0.0677337646484375 0.1014404296875 0.232955932617188 -0.00883483886718749
0.0527572631835938 0.1060791015625 0.242767333984375 0.0409393310546875
0.104988098144531 0.040740966796875 0.32330322265625 0.05108642578125
0.0810546875 0.0340957641601563 0.335906982421875 0.067108154296875
0.0971755981445313 0.0283355712890625 0.34234619140625 0.103271484375
0.0733261108398438 0.0731124877929687 0.272018432617188 0.157012939453125
0.0100326538085937 0.100051879882813 0.148696899414063 0.141342163085938
-0.0675621032714844 0.0646705627441406 0.0260391235351563 0.111343383789063
-0.0800094604492188 -0.0470199584960937 -0.0712814331054688 -4.5776367187501E-05
0.0361785888671875 -0.0459671020507813 0.021209716796875 -0.228591918945313
0.0803909301757812 0.06231689453125 0.1871337890625 -0.2200927734375
-0.170486450195312 0.2037353515625 0.56475830078125 -0.2774658203125
-0.1070556640625 0.113029479980469 0.151611328125 -0.088714599609375
-0.160675048828125 0.147384643554688 0.224563598632813 0.178604125976563
-0.10662841796875 0.194229125976563 0.379638671875 0.040496826171875
-0.0306243896484375 0.257827758789063 0.22509765625 -0.048736572265625
0.15728759765625 0.221099853515625 0.207260131835938 0.00401306152343751
0.243789672851563 0.109756469726563 0.258468627929688 0.0339508056640625
0.208892822265625 0.09161376953125 0.265380859375 0.05322265625
0.230331420898438 0.063934326171875 0.2930908203125 0.087677001953125
0.176422119140625 0.109207153320313 0.238906860351562 0.120529174804687
0.10357666015625 0.169570922851563 0.132972717285156 0.108810424804688
0.006988525390625 0.175003051757812 0.0378646850585937 0.091583251953125
-0.123298645019531 0.119430541992188 -0.062652587890625 0.0115585327148438
-0.0939178466796875 0.1033935546875 0.011566162109375 -0.203872680664063
-0.106460571289063 0.152801513671875 0.163909912109375 -0.199752807617188
-0.37872314453125 0.263916015625 0.486083984375 -0.18218994140625
-0.308319091796875 0.250823974609375 0.118293762207031 -0.00633239746093748
-0.270538330078125 0.367645263671875 0.232772827148437 0.198684692382813
-0.08892822265625 0.38031005859375 0.394927978515625 -0.00250244140624998
0.015106201171875 0.38177490234375 0.193069458007812 -0.122146606445312
0.238739013671875 0.30230712890625 0.13177490234375 -0.064178466796875
0.34100341796875 0.162109375 0.144058227539063 -0.00177001953124999
0.305755615234375 0.1385498046875 0.154800415039063 0.0332794189453125
0.336181640625 0.090972900390625 0.211196899414063 0.0705718994140625
0.267242431640625 0.13720703125 0.180831909179688 0.089691162109375
0.197540283203125 0.22613525390625 0.100669860839844 0.0888595581054688
0.0996551513671875 0.275466918945312 0.0316925048828125 0.0802841186523438
-0.13275146484375 0.2940673828125 -0.0703964233398438 0.0201568603515625
-0.198104858398438 0.270217895507813 -0.00726318359375002 -0.161956787109375
-0.279342651367188 0.242828369140625 0.0970916748046875 -0.149887084960937
-0.52215576171875 0.27105712890625 0.350433349609375 -0.06866455078125
-0.4493408203125 0.3311767578125 0.0696640014648437 0.0960540771484375
-0.326324462890625 0.52056884765625 0.239334106445312 0.19439697265625
-0.04248046875 0.495147705078125 0.374725341796875 -0.070159912109375
0.070159912109375 0.4312744140625 0.132843017578125 -0.207687377929687
0.2822265625 0.324310302734375 0.025482177734375 -0.145767211914062
0.38018798828125 0.18646240234375 -0.00035858154296873 -0.0453681945800781
0.355133056640625 0.166595458984375 0.0202598571777344 0.0100059509277344
0.39813232421875 0.113861083984375 0.100448608398438 0.0540771484375
0.326812744140625 0.160919189453125 0.0942306518554688 0.0638198852539063
0.271270751953125 0.272186279296875 0.0440826416015625 0.0801239013671875
0.182861328125 0.36138916015625 -8.39233398437371E-05 0.0769882202148438
-0.12493896484375 0.45281982421875 -0.0925369262695313 0.0273971557617188
-0.27679443359375 0.42022705078125 -0.031219482421875 -0.0982666015625
-0.41925048828125 0.310302734375 -0.00841140747070315 -0.0681381225585937
-0.5731201171875 0.24407958984375 0.186782836914063 0.0386199951171875
-0.49029541015625 0.354156494140625 0.0211791992187499 0.192306518554688
-0.2978515625 0.56280517578125 0.236892700195312 0.16357421875
0.027191162109375 0.496124267578125 0.309814453125 -0.14312744140625
0.114837646484375 0.384063720703125 0.0501708984375 -0.274444580078125
0.27783203125 0.280181884765625 -0.092926025390625 -0.211334228515625
0.36083984375 0.176727294921875 -0.151107788085937 -0.083465576171875
0.352142333984375 0.169403076171875 -0.117835998535156 -0.0142135620117187
0.40118408203125 0.12738037109375 -0.029001235961914 0.034027099609375
0.337493896484375 0.17669677734375 -0.01641845703125 0.0385284423828125
0.295806884765625 0.294342041015625 -0.0355148315429687 0.073211669921875
0.226104736328125 0.4088134765625 -0.05767822265625 0.0737457275390625
-0.12091064453125 0.55712890625 -0.1265869140625 0.0291900634765625
-0.33135986328125 0.511688232421875 -0.0601654052734375 -0.0174064636230469
-0.509490966796875 0.333892822265625 -0.143524169921875 0.0370025634765625
-0.531982421875 0.19561767578125 0.0331649780273437 0.126976013183594
-0.43634033203125 0.325592041015625 -0.01788330078125 0.255126953125
-0.204437255859375 0.500823974609375 0.214981079101562 0.117523193359375
0.091217041015625 0.3902587890625 0.213943481445313 -0.18865966796875
0.127960205078125 0.258880615234375 -0.03033447265625 -0.295562744140625
0.221237182617187 0.188613891601563 -0.19647216796875 -0.240036010742188
0.285430908203125 0.138702392578125 -0.280242919921875 -0.105117797851563
0.29296875 0.14581298828125 -0.2410888671875 -0.0363922119140625
0.338134765625 0.1246337890625 -0.158172607421875 0.00790405273437499
0.28424072265625 0.16571044921875 -0.13067626953125 0.00782775878906251
0.261276245117188 0.269287109375 -0.123313903808594 0.0584716796875
0.217681884765625 0.39593505859375 -0.131622314453125 0.0588912963867188
-0.1273193359375 0.56982421875 -0.165573120117188 0.0159912109375
-0.361724853515625 0.510223388671875 -0.0954360961914063 0.0614166259765625
-0.531951904296875 0.292205810546875 -0.2940673828125 0.144866943359375
-0.416839599609375 0.134033203125 -0.0855255126953125 0.188507080078125
-0.317779541015625 0.264007568359375 -0.0405120849609375 0.278244018554688
-0.086090087890625 0.37017822265625 0.176589965820313 0.0700225830078125
0.12835693359375 0.22918701171875 0.113967895507813 -0.1947021484375
0.105789184570312 0.108375549316406 -0.08892822265625 -0.269744873046875
0.127494812011719 0.084991455078125 -0.262130737304688 -0.229049682617187
0.170028686523437 0.0869293212890625 -0.367767333984375 -0.10858154296875
0.191116333007813 0.098602294921875 -0.330963134765625 -0.051849365234375
0.219512939453125 0.0964508056640625 -0.262725830078125 -0.0224456787109375
0.184463500976563 0.115676879882813 -0.22027587890625 -0.02587890625
0.184677124023437 0.187149047851563 -0.196685791015625 0.035675048828125
0.173614501953125 0.310272216796875 -0.206924438476562 0.0284576416015625
-0.122528076171875 0.482940673828125 -0.203964233398438 -0.0221405029296874
-0.346527099609375 0.409454345703125 -0.133583068847656 0.115493774414063
-0.472137451171875 0.192535400390625 -0.441070556640625 0.23101806640625
-0.256881713867188 0.06182861328125 -0.155410766601563 0.2237548828125
-0.1749267578125 0.176055908203125 -0.0472259521484375 0.27203369140625
0.0174407958984375 0.213241577148438 0.134956359863281 0.0303115844726563
0.126518249511719 0.0684890747070313 0.0344390869140625 -0.172271728515625
0.0562019348144531 -0.02606201171875 -0.116455078125 -0.22149658203125
0.0159015655517578 -0.00228309631347656 -0.287445068359375 -0.196624755859375
0.0332412719726563 0.0361824035644531 -0.40362548828125 -0.100433349609375
0.0615959167480469 0.0376167297363281 -0.371673583984375 -0.061248779296875
0.0685234069824219 0.0408935546875 -0.319610595703125 -0.0490112304687501
0.0634231567382813 0.0259017944335938 -0.267333984375 -0.049530029296875
0.103118896484375 0.053558349609375 -0.240509033203125 0.018798828125
0.13067626953125 0.1634521484375 -0.269210815429688 -0.00970458984375001
-0.079437255859375 0.319610595703125 -0.2314453125 -0.0812225341796875
-0.259323120117188 0.23138427734375 -0.16357421875 0.1300048828125
-0.3280029296875 0.054229736328125 -0.555633544921875 0.271575927734375
0.072723388671875 0.0898208618164063 0.56634521484375 -0.3631591796875
0.089569091796875 -0.0721664428710938 0.160797119140625 -0.149093627929688
-0.0536422729492188 -0.0928192138671875 0.228546142578125 0.124176025390625
-0.116935729980469 -0.00336456298828128 0.345550537109375 0.02838134765625
-0.0643844604492187 0.106857299804688 0.234115600585938 -0.0165557861328125
0.059844970703125 0.103126525878906 0.24786376953125 0.0352630615234375
0.108383178710938 0.034271240234375 0.330474853515625 0.04083251953125
0.0845413208007812 0.0293655395507812 0.34454345703125 0.055877685546875
0.101005554199219 0.0216217041015625 0.353271484375 0.095794677734375
0.0792083740234375 0.0713958740234375 0.281005859375 0.150802612304687
0.015838623046875 0.100822448730469 0.152175903320313 0.138031005859375
-0.0669784545898438 0.0685539245605469 0.0273208618164062 0.111412048339844
-0.083953857421875 -0.0423126220703125 -0.0733642578125 -6.86645507812614E-05
0.0362701416015625 -0.0481796264648437 0.0130462646484375 -0.238311767578125
0.0879898071289062 0.0585479736328125 0.183929443359375 -0.23187255859375
-0.160842895507812 0.211700439453125 0.56451416015625 -0.3057861328125
-0.105537414550781 0.115097045898438 0.149612426757812 -0.09796142578125
-0.1585693359375 0.15509033203125 0.236251831054687 0.172607421875
-0.104446411132813 0.200286865234375 0.3868408203125 0.024383544921875
-0.023101806640625 0.265716552734375 0.224319458007813 -0.0557403564453125
0.170654296875 0.217025756835938 0.210617065429688 -0.00247192382812499
0.252456665039063 0.0986328125 0.263900756835938 0.0255126953125
0.216598510742188 0.0832977294921875 0.271194458007813 0.045928955078125
0.23626708984375 0.0517425537109375 0.302581787109375 0.08001708984375
0.183258056640625 0.104537963867188 0.24530029296875 0.115951538085937
0.111465454101563 0.16668701171875 0.135421752929688 0.105125427246094
0.0125579833984375 0.176315307617188 0.0390243530273438 0.0914764404296875
-0.119888305664063 0.128150939941406 -0.0637626647949219 0.0121231079101563
-0.0891952514648438 0.108810424804688 0.00373840332031252 -0.21234130859375
-0.100479125976562 0.157684326171875 0.16192626953125 -0.210372924804688
-0.3741455078125 0.27764892578125 0.489532470703125 -0.20745849609375
-0.30633544921875 0.263641357421875 0.118980407714844 -0.0122451782226562
-0.261322021484375 0.38525390625 0.245437622070313 0.194412231445313
-0.079681396484375 0.387176513671875 0.400634765625 -0.019256591796875
0.027801513671875 0.389678955078125 0.189849853515625 -0.128463745117187
0.25433349609375 0.29730224609375 0.132095336914063 -0.0706787109375
0.3531494140625 0.148345947265625 0.145584106445313 -0.00621032714843749
0.31732177734375 0.126953125 0.157913208007813 0.031646728515625
0.344940185546875 0.075408935546875 0.21844482421875 0.0659332275390625
0.275390625 0.1282958984375 0.18597412109375 0.0866546630859375
0.207656860351563 0.220596313476563 0.102210998535156 0.0873336791992188
0.109695434570313 0.27386474609375 0.031890869140625 0.0808486938476563
-0.121978759765625 0.305816650390625 -0.0713424682617188 0.0214157104492188
-0.187713623046875 0.281402587890625 -0.0128936767578125 -0.169952392578125
-0.274658203125 0.25579833984375 0.0966644287109375 -0.157501220703125
-0.52154541015625 0.29119873046875 0.352996826171875 -0.085906982421875
-0.447662353515625 0.351531982421875 0.073333740234375 0.09515380859375
-0.310821533203125 0.541717529296875 0.25140380859375 0.191070556640625
-0.02618408203125 0.50250244140625 0.37811279296875 -0.086273193359375
0.084320068359375 0.43890380859375 0.12628173828125 -0.213638305664062
0.29815673828125 0.3197021484375 0.021026611328125 -0.150726318359375
0.394744873046875 0.173065185546875 -0.00308990478515622 -0.0450363159179687
0.36810302734375 0.15484619140625 0.0208168029785156 0.0128917694091797
0.408447265625 0.097686767578125 0.105094909667969 0.05267333984375
0.337310791015625 0.150909423828125 0.0971527099609375 0.0630874633789063
0.28326416015625 0.26397705078125 0.0452499389648438 0.080902099609375
0.19720458984375 0.3575439453125 0.000282287597656269 0.07879638671875
-0.107513427734375 0.466552734375 -0.0932159423828125 0.0292816162109375
-0.2625732421875 0.43719482421875 -0.0333633422851563 -0.103797912597656
-0.4158935546875 0.330963134765625 -0.0069694519042969 -0.0696907043457031
-0.5762939453125 0.265869140625 0.190155029296875 0.03045654296875
-0.489654541015625 0.376068115234375 0.0272369384765625 0.19586181640625
-0.2799072265625 0.58685302734375 0.247711181640625 0.160797119140625
0.04498291015625 0.50091552734375 0.309600830078125 -0.157257080078125
0.128143310546875 0.3883056640625 0.0410919189453125 -0.278091430664063
0.2921142578125 0.274383544921875 -0.101699829101563 -0.213851928710937
0.373748779296875 0.16357421875 -0.157806396484375 -0.0778961181640625
0.365142822265625 0.158721923828125 -0.121772766113281 -0.00592803955078124
0.41302490234375 0.11163330078125 -0.0278244018554687 0.03668212890625
0.347564697265625 0.16546630859375 -0.016204833984375 0.0412216186523438
0.3104248046875 0.2869873046875 -0.0355224609375 0.076446533203125
0.244415283203125 0.40460205078125 -0.057647705078125 0.0775527954101563
-0.09918212890625 0.5731201171875 -0.127250671386719 0.0329589843750001
-0.315521240234375 0.5335693359375 -0.0601959228515625 -0.0210609436035156
-0.5091552734375 0.360382080078125 -0.140449523925781 0.0432205200195313
-0.53546142578125 0.21527099609375 0.0367584228515625 0.125862121582031
-0.4351806640625 0.34771728515625 -0.00970458984375 0.263671875
-0.185546875 0.51983642578125 0.2236328125 0.114608764648438
0.1070556640625 0.3885498046875 0.210678100585938 -0.197738647460937
0.136932373046875 0.260208129882813 -0.040802001953125 -0.296630859375
0.229400634765625 0.184371948242188 -0.208282470703125 -0.2392578125
0.29522705078125 0.127838134765625 -0.28961181640625 -0.094940185546875
0.304534912109375 0.1370849609375 -0.24749755859375 -0.0242919921875
0.348114013671875 0.1124267578125 -0.161865234375 0.0147857666015625
0.29388427734375 0.158538818359375 -0.133682250976562 0.0136795043945313
0.2735595703125 0.263839721679688 -0.125114440917969 0.0644454956054687
0.23468017578125 0.393585205078125 -0.13330078125 0.0658645629882813
-0.104736328125 0.5863037109375 -0.16766357421875 0.0208740234375
-0.347503662109375 0.533294677734375 -0.0921401977539063 0.0623168945312501
-0.534881591796875 0.318206787109375 -0.29132080078125 0.159576416015625
-0.4208984375 0.14947509765625 -0.0825042724609375 0.193511962890625
-0.3167724609375 0.282073974609375 -0.031463623046875 0.28985595703125
-0.068328857421875 0.38140869140625 0.18389892578125 0.0653533935546875
0.140304565429688 0.22344970703125 0.109664916992188 -0.19964599609375
0.107925415039063 0.105972290039063 -0.09771728515625 -0.270217895507812
0.128776550292969 0.08331298828125 -0.273788452148437 -0.225433349609375
0.176406860351563 0.0813140869140625 -0.37847900390625 -0.0957031249999999
0.198074340820313 0.0931854248046875 -0.33856201171875 -0.037750244140625
0.2266845703125 0.0895538330078125 -0.270004272460938 -0.012420654296875
0.189773559570312 0.111679077148438 -0.226150512695313 -0.019195556640625
0.191986083984375 0.18328857421875 -0.198440551757813 0.042572021484375
0.187835693359375 0.306854248046875 -0.210342407226562 0.0374908447265625
-0.1044921875 0.498748779296875 -0.20855712890625 -0.0159454345703124
-0.33746337890625 0.4293212890625 -0.128425598144531 0.119926452636719
-0.47943115234375 0.21514892578125 -0.437652587890625 0.253814697265625
-0.26019287109375 0.0698394775390625 -0.152374267578125 0.23272705078125
-0.172821044921875 0.1890869140625 -0.0377197265625 0.284759521484375
0.031280517578125 0.216903686523438 0.140625 0.0270233154296875
0.13250732421875 0.0608062744140625 0.0312042236328125 -0.1739501953125
0.0520820617675781 -0.0283584594726562 -0.123031616210938 -0.221328735351562
0.0133571624755859 -0.00109672546386719 -0.2977294921875 -0.192352294921875
0.0358657836914062 0.0357818603515625 -0.41455078125 -0.0856323242187501
0.063751220703125 0.0357704162597656 -0.380889892578125 -0.0469970703125
0.0702705383300781 0.0402488708496094 -0.328887939453125 -0.03753662109375
0.0643577575683594 0.0250701904296875 -0.274398803710938 -0.0421295166015625
0.104515075683594 0.0505218505859375 -0.2427978515625 0.0261993408203125
0.138397216796875 0.16015625 -0.274276733398438 0.00128173828124996
-0.067291259765625 0.33050537109375 -0.239532470703125 -0.07501220703125
-0.256561279296875 0.2452392578125 -0.159149169921875 0.137786865234375
-0.335845947265625 0.069061279296875 -0.55194091796875 0.299224853515625
0.0846023559570313 0.0838699340820313 0.545562744140625 -0.40093994140625
0.0858535766601563 -0.0816421508789063 0.149993896484375 -0.158447265625
-0.0606460571289063 -0.0912017822265625 0.237960815429688 0.110260009765625
-0.120475769042969 0.00523376464843752 0.347198486328125 0.0057373046875
-0.0578231811523438 0.112785339355469 0.231552124023438 -0.0283966064453125
0.0691986083984375 0.097564697265625 0.25103759765625 0.0233612060546875
0.111717224121094 0.02557373046875 0.33404541015625 0.02203369140625
0.0868148803710938 0.0224609375 0.35009765625 0.036224365234375
0.103012084960938 0.0118484497070313 0.362457275390625 0.076446533203125
0.0862197875976562 0.0655288696289063 0.290283203125 0.136932373046875
0.0231475830078125 0.100418090820313 0.15740966796875 0.129180908203125
-0.0631561279296875 0.073516845703125 0.0303268432617187 0.109619140625
-0.0867538452148437 -0.0353775024414063 -0.0745620727539063 0.00201416015624999
0.0347747802734375 -0.0515556335449219 -0.000823974609375024 -0.244522094726563
0.0956268310546875 0.0510025024414063 0.17266845703125 -0.245147705078125
-0.1451416015625 0.218795776367188 0.549591064453125 -0.344512939453125
-0.100517272949219 0.117156982421875 0.14202880859375 -0.108169555664063
-0.151275634765625 0.164932250976563 0.248703002929688 0.159835815429688
-0.096710205078125 0.207015991210938 0.38824462890625 -0.000518798828124987
-0.00679016113281253 0.271759033203125 0.220428466796875 -0.067352294921875
0.184890747070313 0.205703735351562 0.210922241210938 -0.0130615234375
0.259002685546875 0.080841064453125 0.265380859375 0.0111541748046875
0.222335815429688 0.0683746337890625 0.276275634765625 0.0327301025390625
0.239471435546875 0.033203125 0.310577392578125 0.065460205078125
0.190567016601563 0.092010498046875 0.252548217773437 0.10357666015625
0.121841430664063 0.159393310546875 0.138938903808594 0.0983657836914063
0.0219268798828125 0.174880981445313 0.0422821044921875 0.0888519287109375
-0.111953735351563 0.13702392578125 -0.0633697509765625 0.0139617919921875
-0.0798263549804688 0.112396240234375 -0.00885009765625001 -0.218505859375
-0.08929443359375 0.162796020507813 0.152236938476563 -0.222320556640625
-0.3583984375 0.297760009765625 0.4781494140625 -0.2403564453125
-0.29425048828125 0.2779541015625 0.116912841796875 -0.020538330078125
-0.239776611328125 0.403289794921875 0.257797241210938 0.181564331054688
-0.0601806640625 0.3927001953125 0.400482177734375 -0.042816162109375
0.0499267578125 0.394073486328125 0.181625366210938 -0.138473510742187
0.27435302734375 0.282196044921875 0.127891540527344 -0.078582763671875
0.362152099609375 0.125244140625 0.144943237304688 -0.0135955810546875
0.32568359375 0.1075439453125 0.161178588867188 0.0252227783203125
0.348663330078125 0.051300048828125 0.225830078125 0.0547332763671875
0.28265380859375 0.110992431640625 0.191558837890625 0.0776214599609375
0.220382690429688 0.20751953125 0.104698181152344 0.08258056640625
0.124374389648437 0.26580810546875 0.0347518920898438 0.080078125
-0.1016845703125 0.314544677734375 -0.0707168579101562 0.0236740112304688
-0.16766357421875 0.291290283203125 -0.022979736328125 -0.175033569335937
-0.260223388671875 0.27276611328125 0.0909881591796875 -0.164947509765625
-0.506927490234375 0.318511962890625 0.34918212890625 -0.10992431640625
-0.431610107421875 0.3748779296875 0.0775909423828125 0.0899276733398438
-0.2796630859375 0.564453125 0.263687133789063 0.178863525390625
0.00112915039062495 0.502655029296875 0.373504638671875 -0.10845947265625
0.109649658203125 0.4398193359375 0.113418579101563 -0.219940185546875
0.31842041015625 0.302215576171875 0.011749267578125 -0.154052734375
0.405853271484375 0.1474609375 -0.00664520263671873 -0.0434074401855469
0.3795166015625 0.1329345703125 0.0218372344970703 0.0155982971191406
0.413909912109375 0.0706787109375 0.10992431640625 0.048004150390625
0.3463134765625 0.131378173828125 0.100044250488281 0.05963134765625
0.297821044921875 0.24822998046875 0.047607421875 0.0794525146484375
0.21728515625 0.343963623046875 0.00309753417968752 0.0799789428710938
-0.07745361328125 0.47613525390625 -0.0919876098632812 0.0333709716796875
-0.233489990234375 0.452117919921875 -0.03912353515625 -0.107902526855469
-0.40032958984375 0.3577880859375 -0.00730895996093752 -0.070556640625
-0.56451416015625 0.29522705078125 0.191680908203125 0.0161895751953125
-0.473663330078125 0.40484619140625 0.0371246337890625 0.195297241210938
-0.24407958984375 0.60650634765625 0.25848388671875 0.149551391601563
0.073577880859375 0.493621826171875 0.301055908203125 -0.173828125
0.149444580078125 0.38568115234375 0.0251312255859375 -0.280181884765625
0.30572509765625 0.25946044921875 -0.115966796875 -0.2108154296875
0.38323974609375 0.13983154296875 -0.164169311523438 -0.067718505859375
0.376068115234375 0.136627197265625 -0.122268676757812 0.00444793701171875
0.41876220703125 0.086029052734375 -0.0252456665039062 0.0395393371582031
0.35595703125 0.145751953125 -0.0147323608398437 0.0434455871582031
0.324737548828125 0.26904296875 -0.0331878662109375 0.0801620483398438
0.26800537109375 0.388946533203125 -0.054046630859375 0.0821075439453125
-0.0609130859375 0.58203125 -0.12591552734375 0.0387344360351563
-0.281585693359375 0.552459716796875 -0.0597190856933594 -0.022430419921875
-0.4925537109375 0.39208984375 -0.134086608886719 0.05126953125
-0.528900146484375 0.2430419921875 0.0422821044921875 0.121688842773438
-0.42034912109375 0.3753662109375 0.00561523437499995 0.267410278320312
-0.15167236328125 0.5325927734375 0.232040405273438 0.104141235351563
0.130462646484375 0.37823486328125 0.200851440429688 -0.208770751953125
0.15020751953125 0.255569458007812 -0.057708740234375 -0.29473876953125
0.238311767578125 0.17205810546875 -0.223297119140625 -0.230438232421875
0.303131103515625 0.10931396484375 -0.297088623046875 -0.0762939453124999
0.313507080078125 0.11846923828125 -0.249526977539063 -0.00630187988281244
0.353240966796875 0.090850830078125 -0.161346435546875 0.0246124267578125
0.302886962890625 0.141571044921875 -0.134513854980469 0.0222320556640625
0.2867431640625 0.24871826171875 -0.122726440429687 0.0717086791992188
0.258148193359375 0.37823486328125 -0.129890441894531 0.0744705200195313
-0.067138671875 0.5968017578125 -0.167587280273437 0.0289764404296875
-0.31402587890625 0.5552978515625 -0.0858993530273438 0.0638351440429688
-0.522705078125 0.35455322265625 -0.277801513671875 0.1783447265625
-0.417266845703125 0.17144775390625 -0.073577880859375 0.196807861328125
-0.30267333984375 0.30377197265625 -0.014007568359375 0.29656982421875
-0.040863037109375 0.3865966796875 0.189376831054687 0.056671142578125
0.15362548828125 0.210403442382812 0.099700927734375 -0.204513549804688
0.111373901367187 0.100807189941406 -0.112533569335937 -0.264755249023438
0.131637573242188 0.0777664184570313 -0.288848876953125 -0.2142333984375
0.181900024414063 0.069488525390625 -0.38519287109375 -0.071807861328125
0.20379638671875 0.0812225341796875 -0.343048095703125 -0.0153198242187499
0.230926513671875 0.0769500732421875 -0.273040771484375 0.00392150878906255
0.194976806640625 0.102157592773438 -0.229141235351563 -0.00645446777343752
0.200836181640625 0.173583984375 -0.197616577148438 0.054046630859375
0.2054443359375 0.296417236328125 -0.208465576171875 0.0512542724609375
-0.071380615234375 0.5087890625 -0.21051025390625 -0.00444030761718751
-0.31231689453125 0.45025634765625 -0.118301391601563 0.125389099121094
-0.47283935546875 0.245513916015625 -0.419708251953125 0.28216552734375
-0.25909423828125 0.0843658447265624 -0.142181396484375 0.242019653320313
-0.1622314453125 0.203689575195313 -0.01947021484375 0.292816162109375
0.0500640869140625 0.215362548828125 0.144302368164063 0.0191192626953125
0.136772155761719 0.0484695434570312 0.022857666015625 -0.173751831054687
0.0476570129394531 -0.0307044982910156 -0.134323120117188 -0.215805053710938
0.0113296508789063 0.000682830810546875 -0.3099365234375 -0.1783447265625
0.0387420654296875 0.0334243774414063 -0.420379638671875 -0.061065673828125
0.0649490356445313 0.0322456359863281 -0.38592529296875 -0.02117919921875
0.0719451904296875 0.036834716796875 -0.33465576171875 -0.017730712890625
0.0650405883789062 0.0218620300292969 -0.279327392578125 -0.0276641845703125
0.105171203613281 0.0451202392578125 -0.241744995117188 0.0387420654296875
0.1490478515625 0.151092529296875 -0.275360107421875 0.0184173583984375
-0.04571533203125 0.337432861328125 -0.245651245117188 -0.0612945556640625
-0.244857788085937 0.262008666992188 -0.148040771484375 0.146514892578125
-0.33563232421875 0.0902099609374999 -0.533294677734375 0.33514404296875
0.0926895141601562 0.0737457275390625 0.507843017578125 -0.42431640625
0.0785598754882813 -0.0882492065429688 0.133743286132813 -0.163070678710938
-0.06622314453125 -0.0866470336914062 0.24041748046875 0.09259033203125
-0.119598388671875 0.0137939453125 0.3377685546875 -0.0174560546875
-0.0485076904296875 0.115562438964844 0.222381591796875 -0.040130615234375
0.0753326416015625 0.0876922607421875 0.246673583984375 0.0103302001953125
0.110893249511719 0.0156173706054688 0.327056884765625 0.001800537109375
0.0858535766601563 0.0147476196289063 0.3448486328125 0.01409912109375
0.101387023925781 0.00189208984375 0.360809326171875 0.055267333984375
0.0904159545898438 0.0572433471679688 0.290557861328125 0.11761474609375
0.0305938720703125 0.09649658203125 0.157516479492188 0.116455078125
-0.0585403442382812 0.076202392578125 0.0335617065429687 0.104957580566406
-0.0860443115234375 -0.0276947021484375 -0.0736846923828125 0.00430297851562501
0.0325393676757813 -0.0539741516113281 -0.0172576904296875 -0.242630004882812
0.0989227294921875 0.0410385131835938 0.15484619140625 -0.249969482421875
-0.125808715820312 0.218536376953125 0.5142822265625 -0.369873046875
-0.0929489135742187 0.116737365722656 0.129997253417969 -0.114921569824219
-0.138092041015625 0.169082641601563 0.252731323242188 0.141006469726563
-0.0843658447265625 0.208160400390625 0.377838134765625 -0.024810791015625
0.0103759765625 0.268814086914063 0.209304809570313 -0.0772247314453125
0.1944580078125 0.187347412109375 0.20501708984375 -0.02471923828125
0.257064819335938 0.06103515625 0.259078979492188 -0.004302978515625
0.220687866210938 0.052276611328125 0.272003173828125 0.0167999267578125
0.234481811523437 0.0144500732421875 0.310394287109375 0.04583740234375
0.19097900390625 0.076263427734375 0.25250244140625 0.08795166015625
0.128021240234375 0.14678955078125 0.137382507324219 0.0882034301757813
0.030303955078125 0.168319702148438 0.0444869995117188 0.0847930908203125
-0.09857177734375 0.14080810546875 -0.061370849609375 0.0152702331542969
-0.0683364868164063 0.111869812011719 -0.0236968994140625 -0.21746826171875
-0.0750579833984375 0.160842895507813 0.137557983398438 -0.227386474609375
-0.33148193359375 0.30926513671875 0.450927734375 -0.265411376953125
-0.2730712890625 0.28564453125 0.110549926757812 -0.0282135009765625
-0.20855712890625 0.407440185546875 0.263351440429688 0.163787841796875
-0.0382080078125 0.3857421875 0.386566162109375 -0.067047119140625
0.073760986328125 0.3861083984375 0.167892456054688 -0.14398193359375
0.283416748046875 0.25830078125 0.119400024414063 -0.0848236083984375
0.360382080078125 0.09765625 0.139999389648438 -0.0198135375976562
0.32342529296875 0.084808349609375 0.159774780273438 0.01812744140625
0.341094970703125 0.02545166015625 0.226028442382813 0.0416259765625
0.280471801757813 0.0897064208984375 0.190658569335938 0.066162109375
0.225494384765625 0.18829345703125 0.104202270507813 0.0759506225585938
0.135177612304688 0.249725341796875 0.0366363525390625 0.076873779296875
-0.077362060546875 0.31256103515625 -0.0675125122070313 0.0254478454589844
-0.142913818359375 0.289794921875 -0.033355712890625 -0.174880981445312
-0.236587524414063 0.27972412109375 0.081787109375 -0.168228149414062
-0.478271484375 0.3372802734375 0.332305908203125 -0.132415771484375
-0.4039306640625 0.389892578125 0.07928466796875 0.082061767578125
-0.23883056640625 0.568603515625 0.267684936523438 0.162017822265625
0.029083251953125 0.487396240234375 0.357086181640625 -0.12835693359375
0.132537841796875 0.425323486328125 0.0971221923828125 -0.219284057617187
0.32623291015625 0.27545166015625 0.00045776367187502 -0.15155029296875
0.40411376953125 0.117431640625 -0.0100822448730469 -0.0400543212890625
0.377685546875 0.10662841796875 0.0231056213378906 0.0175914764404297
0.4056396484375 0.040496826171875 0.112472534179688 0.0406570434570313
0.342132568359375 0.105194091796875 0.100715637207031 0.0543060302734375
0.30206298828125 0.22308349609375 0.04888916015625 0.076629638671875
0.230682373046875 0.32061767578125 0.00646972656250002 0.0781173706054688
-0.042999267578125 0.467041015625 -0.0882797241210938 0.0356521606445313
-0.19671630859375 0.451141357421875 -0.0449447631835938 -0.108711242675781
-0.3704833984375 0.37274169921875 -0.00733184814453128 -0.0703048706054687
-0.538909912109375 0.3193359375 0.18597412109375 0.00051879882812502
-0.44085693359375 0.42352294921875 0.0471038818359375 0.188232421875
-0.19915771484375 0.607666015625 0.261566162109375 0.13427734375
0.100555419921875 0.474456787109375 0.283111572265625 -0.186767578125
0.1693115234375 0.3699951171875 0.00808715820312502 -0.27313232421875
0.31121826171875 0.235382080078125 -0.127395629882812 -0.200393676757813
0.381378173828125 0.11029052734375 -0.165313720703125 -0.053558349609375
0.375091552734375 0.1109619140625 -0.117889404296875 0.0148391723632812
0.410491943359375 0.055816650390625 -0.0211753845214844 0.0400466918945313
0.352691650390625 0.120086669921875 -0.0126228332519531 0.0447006225585938
0.331146240234375 0.241668701171875 -0.0290603637695312 0.0813751220703125
0.28314208984375 0.36102294921875 -0.0488433837890625 0.0840530395507813
-0.02081298828125 0.570068359375 -0.120933532714844 0.0430831909179688
-0.2396240234375 0.553131103515625 -0.0587081909179688 -0.0244178771972656
-0.458953857421875 0.41400146484375 -0.122909545898438 0.0567092895507813
-0.506134033203125 0.26629638671875 0.0455703735351562 0.112808227539063
-0.389984130859375 0.392608642578125 0.0207366943359375 0.262176513671875
-0.1104736328125 0.5272216796875 0.233016967773438 0.090423583984375
0.149139404296875 0.356201171875 0.183868408203125 -0.214096069335937
0.1602783203125 0.241989135742188 -0.073211669921875 -0.2833251953125
0.239669799804688 0.155349731445313 -0.233261108398437 -0.213241577148437
0.301605224609375 0.086090087890625 -0.29498291015625 -0.055084228515625
0.312713623046875 0.09735107421875 -0.24334716796875 0.0115203857421876
0.348663330078125 0.06683349609375 -0.156295776367187 0.03375244140625
0.301116943359375 0.120208740234375 -0.130867004394531 0.0305328369140625
0.293060302734375 0.2255859375 -0.116630554199219 0.0788345336914063
0.274139404296875 0.351409912109375 -0.122596740722656 0.0810699462890625
-0.02667236328125 0.58563232421875 -0.160934448242188 0.0364532470703125
-0.271636962890625 0.558929443359375 -0.07794189453125 0.0616989135742188
-0.490966796875 0.3787841796875 -0.255020141601563 0.189590454101563
-0.40057373046875 0.18994140625 -0.0630340576171875 0.1939697265625
-0.278900146484375 0.31658935546875 0.00555419921874998 0.292205810546875
-0.010833740234375 0.379119873046875 0.188705444335937 0.04559326171875
0.16168212890625 0.1904296875 0.086090087890625 -0.203536987304688
0.111991882324219 0.0932464599609375 -0.1240234375 -0.251846313476562
0.129554748535156 0.0701675415039063 -0.29620361328125 -0.193389892578125
0.1802978515625 0.0561370849609375 -0.38079833984375 -0.0449523925781251
0.203216552734375 0.06817626953125 -0.3343505859375 0.00839233398437493
0.22802734375 0.0618743896484375 -0.266845703125 0.0206604003906249
0.194381713867188 0.0883941650390625 -0.2255859375 0.00791931152343755
0.20379638671875 0.157424926757812 -0.190109252929688 0.0642852783203125
0.217391967773438 0.2752685546875 -0.199798583984375 0.0629730224609375
-0.03753662109375 0.499420166015625 -0.205062866210937 0.00639343261718753
-0.279815673828125 0.45819091796875 -0.105094909667969 0.12548828125
-0.4493408203125 0.269378662109375 -0.387420654296875 0.300537109375
-0.25 0.0969085693359375 -0.127243041992188 0.242645263671875
-0.146087646484375 0.212509155273437 0.00106811523437501 0.290435791015625
0.0664520263671875 0.20526123046875 0.143173217773438 0.0110015869140625
0.135902404785156 0.0345230102539062 0.0139312744140625 -0.16925048828125
0.0413055419921875 -0.0319099426269531 -0.142044067382812 -0.203155517578125
0.00913333892822266 0.00336265563964844 -0.313079833984375 -0.157073974609375
0.0394477844238281 0.0297279357910156 -0.41436767578125 -0.03143310546875
0.0642585754394531 0.0279121398925781 -0.37652587890625 0.00256347656249993
0.0709991455078125 0.0333938598632813 -0.329345703125 0.0037841796875
0.06219482421875 0.01861572265625 -0.274826049804688 -0.0114593505859375
0.103370666503906 0.0383834838867188 -0.233489990234375 0.051544189453125
0.153411865234375 0.136489868164063 -0.26708984375 0.0348968505859375
-0.021697998046875 0.3321533203125 -0.243148803710937 -0.0457611083984375
-0.224929809570313 0.270675659179688 -0.1319580078125 0.149276733398438
-0.324371337890625 0.109466552734375 -0.494384765625 0.360748291015625
0.0961456298828125 0.064117431640625 0.469146728515625 -0.427886962890625
0.0715713500976563 -0.0913238525390625 0.120574951171875 -0.160293579101563
-0.0677947998046875 -0.0813827514648437 0.2349853515625 0.07855224609375
-0.115806579589844 0.0200271606445313 0.322601318359375 -0.030517578125
-0.0419540405273437 0.114219665527344 0.210617065429688 -0.0441131591796875
0.0769577026367187 0.0783920288085938 0.238082885742188 0.00294494628906251
0.107810974121094 0.00835418701171875 0.314056396484375 -0.008819580078125
0.0826263427734375 0.00984954833984375 0.331451416015625 0.0009765625
0.096527099609375 -0.00540924072265625 0.351409912109375 0.040618896484375
0.0910568237304688 0.049346923828125 0.28289794921875 0.103271484375
0.03387451171875 0.090911865234375 0.151626586914062 0.107009887695313
-0.0529937744140625 0.0763397216796875 0.0343856811523438 0.0996780395507813
-0.0825653076171875 -0.0219573974609375 -0.0723114013671875 0.00491333007812501
0.0304145812988281 -0.0553092956542969 -0.027252197265625 -0.236099243164063
0.0983963012695313 0.032012939453125 0.141342163085937 -0.245651245117187
-0.11065673828125 0.211196899414063 0.477325439453125 -0.376708984375
-0.0868988037109375 0.111396789550781 0.118324279785156 -0.11505126953125
-0.127761840820313 0.167526245117188 0.248550415039063 0.1263427734375
-0.0761566162109375 0.20361328125 0.360321044921875 -0.03961181640625
0.0209503173828125 0.26080322265625 0.1976318359375 -0.0798492431640625
0.194442749023438 0.17034912109375 0.196121215820313 -0.0295562744140625
0.248947143554688 0.04644775390625 0.248153686523438 -0.0114593505859375
0.213592529296875 0.0410614013671875 0.262664794921875 0.007171630859375
0.223785400390625 0.002044677734375 0.302642822265625 0.033935546875
0.18505859375 0.0640716552734375 0.24481201171875 0.07672119140625
0.127296447753906 0.134994506835938 0.131675720214844 0.08160400390625
0.0342864990234375 0.159942626953125 0.0436553955078125 0.080230712890625
-0.0883712768554688 0.137939453125 -0.0594558715820313 0.0149917602539063
-0.0596389770507813 0.105934143066406 -0.0317230224609375 -0.212417602539062
-0.0653839111328125 0.154617309570312 0.126266479492188 -0.224822998046875
-0.30780029296875 0.305755615234375 0.422210693359375 -0.273590087890625
-0.254547119140625 0.2813720703125 0.103202819824219 -0.0317840576171875
-0.186737060546875 0.398681640625 0.2587890625 0.149444580078125
-0.025054931640625 0.370513916015625 0.37017822265625 -0.078887939453125
0.085479736328125 0.3712158203125 0.154800415039063 -0.142135620117187
0.2825927734375 0.235931396484375 0.110435485839844 -0.08526611328125
0.34906005859375 0.0780029296875 0.133293151855469 -0.0221939086914063
0.3133544921875 0.068878173828125 0.15484619140625 0.01385498046875
0.32525634765625 0.009735107421875 0.22088623046875 0.0312347412109375
0.269668579101563 0.0746002197265625 0.184661865234375 0.058807373046875
0.2213134765625 0.170562744140625 0.099884033203125 0.0711135864257813
0.136428833007812 0.232833862304687 0.0367050170898438 0.0725326538085938
-0.0609130859375 0.30078125 -0.0647964477539062 0.0245437622070313
-0.124374389648438 0.279327392578125 -0.040008544921875 -0.17132568359375
-0.217086791992188 0.275405883789063 0.075469970703125 -0.166595458984375
-0.44891357421875 0.339447021484375 0.313140869140625 -0.141571044921875
-0.375946044921875 0.38671875 0.0772628784179687 0.0746383666992188
-0.207183837890625 0.55474853515625 0.263137817382813 0.148956298828125
0.04296875 0.464935302734375 0.339508056640625 -0.1361083984375
0.143280029296875 0.4085693359375 0.08514404296875 -0.212203979492187
0.323486328125 0.253173828125 -0.00643920898437499 -0.146331787109375
0.389617919921875 0.095062255859375 -0.0119895935058593 -0.036041259765625
0.36639404296875 0.089141845703125 0.0238437652587891 0.0189285278320313
0.387451171875 0.022705078125 0.111236572265625 0.0348739624023438
0.3291015625 0.087615966796875 0.0980606079101563 0.0493927001953125
0.2962646484375 0.202301025390625 0.047882080078125 0.0738372802734375
0.23095703125 0.29638671875 0.00789642333984376 0.0756454467773438
-0.023345947265625 0.447235107421875 -0.084075927734375 0.0352325439453125
-0.169525146484375 0.436187744140625 -0.0477752685546875 -0.108917236328125
-0.34112548828125 0.371429443359375 -0.00626373291015627 -0.0700454711914062
-0.507843017578125 0.32421875 0.1756591796875 -0.00979614257812498
-0.411956787109375 0.42205810546875 0.050750732421875 0.178604125976563
-0.16778564453125 0.590087890625 0.2559814453125 0.122589111328125
0.11224365234375 0.449493408203125 0.266464233398438 -0.18865966796875
0.17529296875 0.3515625 -0.00236511230468748 -0.261978149414063
0.30621337890625 0.215484619140625 -0.131668090820313 -0.18841552734375
0.368743896484375 0.09063720703125 -0.161163330078125 -0.04388427734375
0.363525390625 0.094207763671875 -0.11151123046875 0.0216598510742188
0.394287109375 0.037689208984375 -0.0175399780273437 0.0390586853027344
0.33984375 0.102386474609375 -0.0113716125488281 0.0449447631835938
0.32415771484375 0.21942138671875 -0.0264511108398437 0.0810165405273438
0.28424072265625 0.33416748046875 -0.0444869995117187 0.0822982788085938
0.00289916992187504 0.54595947265625 -0.115203857421875 0.0429306030273438
-0.2081298828125 0.53631591796875 -0.0566139221191406 -0.0271873474121093
-0.42828369140625 0.415924072265625 -0.111961364746094 0.0558929443359375
-0.480194091796875 0.271697998046875 0.0443801879882812 0.103805541992188
-0.362762451171875 0.390411376953125 0.02947998046875 0.2506103515625
-0.0854492187500001 0.5103759765625 0.227523803710938 0.0817413330078125
0.155059814453125 0.331390380859375 0.170944213867187 -0.210617065429687
0.16119384765625 0.228347778320313 -0.0794677734375 -0.268753051757813
0.233078002929687 0.142440795898438 -0.233963012695312 -0.197860717773437
0.290679931640625 0.070465087890625 -0.285675048828125 -0.040191650390625
0.303009033203125 0.0826416015625 -0.232162475585937 0.0220794677734375
0.33587646484375 0.0516357421875 -0.148681640625 0.03839111328125
0.29010009765625 0.10498046875 -0.125740051269531 0.03424072265625
0.286407470703125 0.205474853515625 -0.110183715820313 0.080810546875
0.27374267578125 0.326812744140625 -0.114585876464844 0.0818710327148438
-0.000823974609375007 0.561981201171875 -0.154067993164063 0.0384368896484375
-0.241302490234375 0.543212890625 -0.0710906982421875 0.0573043823242188
-0.4610595703125 0.383453369140625 -0.2337646484375 0.1890869140625
-0.381500244140625 0.196197509765625 -0.05682373046875 0.18560791015625
-0.256256103515625 0.316192626953125 0.0169830322265625 0.281097412109375
0.00665283203124999 0.361846923828125 0.183731079101563 0.0388641357421875
0.160476684570312 0.171630859375 0.0772857666015625 -0.196304321289062
0.109054565429688 0.086822509765625 -0.127532958984375 -0.237274169921875
0.125228881835938 0.0653533935546875 -0.2930908203125 -0.17694091796875
0.173797607421875 0.0468597412109375 -0.36712646484375 -0.0281677246093751
0.196578979492188 0.0586700439453125 -0.31982421875 0.02166748046875
0.21978759765625 0.052398681640625 -0.255783081054688 0.0298614501953125
0.18658447265625 0.0792083740234375 -0.217132568359375 0.0154876708984375
0.19903564453125 0.143753051757813 -0.180801391601562 0.069000244140625
0.216567993164063 0.25439453125 -0.18927001953125 0.0675659179687501
-0.0147705078125 0.480712890625 -0.197341918945313 0.01165771484375
-0.252044677734375 0.448883056640625 -0.0938568115234375 0.119697570800781
-0.423828125 0.27630615234375 -0.3555908203125 0.301483154296875
-0.239501953125 0.102020263671875 -0.116455078125 0.235824584960938
-0.131393432617188 0.211471557617188 0.0137786865234375 0.280517578125
0.074920654296875 0.191818237304687 0.138465881347656 0.00566101074218751
0.130264282226563 0.0240402221679687 0.00932312011718752 -0.161819458007813
0.0359840393066406 -0.0305099487304688 -0.142120361328125 -0.19061279296875
0.00755023956298828 0.00536346435546875 -0.306732177734375 -0.14117431640625
0.0384407043457031 0.0265693664550781 -0.3985595703125 -0.01458740234375
0.0614013671875 0.0249595642089844 -0.361083984375 0.0181884765625
0.0680809020996094 0.0315589904785156 -0.317779541015625 0.0155029296875
0.0576705932617188 0.0164833068847656 -0.264678955078125 -0.00166320800781255
0.0986785888671875 0.03314208984375 -0.221893310546875 0.056976318359375
0.151596069335938 0.12445068359375 -0.254730224609375 0.043060302734375
-0.00659179687499997 0.319610595703125 -0.236007690429688 -0.0355682373046875
-0.208251953125 0.268218994140625 -0.11859130859375 0.144989013671875
-0.30902099609375 0.118194580078125 -0.458282470703125 0.36236572265625
0.0977096557617188 0.0568313598632813 0.447357177734375 -0.418365478515625
0.0668182373046875 -0.0927963256835937 0.112930297851563 -0.154281616210938
-0.0678787231445312 -0.0788726806640625 0.228469848632813 0.071990966796875
-0.112892150878906 0.0222244262695313 0.309722900390625 -0.03509521484375
-0.0374526977539063 0.112945556640625 0.202423095703125 -0.043304443359375
0.076629638671875 0.0718994140625 0.230743408203125 0.0027313232421875
0.104789733886719 0.004791259765625 0.302978515625 -0.010467529296875
0.0798110961914062 0.0074920654296875 0.320465087890625 -0.00115966796875
0.0922164916992188 -0.00884246826171875 0.343536376953125 0.035003662109375
0.0895919799804688 0.04400634765625 0.2740478515625 0.098388671875
0.0350723266601563 0.08721923828125 0.14410400390625 0.102462768554688
-0.0510711669921875 0.0756149291992188 0.0324554443359375 0.0960159301757813
-0.078582763671875 -0.0194931030273438 -0.07061767578125 0.00430297851562499
0.029632568359375 -0.0558586120605469 -0.0312347412109375 -0.230667114257813
0.0968475341796875 0.02716064453125 0.135971069335937 -0.238922119140625
-0.10296630859375 0.201156616210938 0.457611083984375 -0.36962890625
-0.08514404296875 0.105552673339844 0.110916137695313 -0.11279296875
-0.12274169921875 0.162155151367187 0.24151611328125 0.119720458984375
-0.0731048583984375 0.198043823242188 0.34600830078125 -0.043609619140625
0.0251312255859375 0.254837036132813 0.188888549804688 -0.0769805908203125
0.190887451171875 0.160064697265625 0.188690185546875 -0.02960205078125
0.240310668945313 0.0390777587890625 0.239898681640625 -0.01123046875
0.206939697265625 0.03680419921875 0.254562377929688 0.0061798095703125
0.213729858398438 -0.0017852783203125 0.29559326171875 0.02911376953125
0.178787231445313 0.05877685546875 0.23748779296875 0.0733489990234375
0.123878479003906 0.128517150878906 0.124908447265625 0.0784988403320313
0.033050537109375 0.153610229492188 0.0415878295898438 0.0771102905273438
-0.0821762084960938 0.133216857910156 -0.058441162109375 0.0136528015136719
-0.0550308227539062 0.0990829467773438 -0.03546142578125 -0.208511352539063
-0.06103515625 0.147186279296875 0.12091064453125 -0.219512939453125
-0.292999267578125 0.29559326171875 0.40362548828125 -0.270904541015625
-0.247238159179688 0.271224975585937 0.0972747802734375 -0.033477783203125
-0.17724609375 0.387969970703125 0.252273559570313 0.143936157226563
-0.022674560546875 0.357757568359375 0.354583740234375 -0.080596923828125
0.08905029296875 0.36187744140625 0.147933959960938 -0.137115478515625
0.27496337890625 0.224166870117187 0.104667663574219 -0.0835189819335937
0.33575439453125 0.068145751953125 0.128257751464844 -0.0206756591796875
0.303619384765625 0.06298828125 0.151336669921875 0.014434814453125
0.312164306640625 0.004547119140625 0.216705322265625 0.0280609130859375
0.258499145507813 0.06884765625 0.179229736328125 0.0564422607421875
0.212875366210938 0.161651611328125 0.0951766967773438 0.070037841796875
0.1317138671875 0.222793579101563 0.0350227355957031 0.0701560974121094
-0.05419921875 0.28900146484375 -0.0633506774902344 0.0224990844726563
-0.11590576171875 0.266586303710938 -0.0423126220703125 -0.16961669921875
-0.206985473632813 0.266845703125 0.0735015869140625 -0.164154052734375
-0.433013916015625 0.32977294921875 0.297698974609375 -0.1436767578125
-0.36395263671875 0.375091552734375 0.0727996826171875 0.070159912109375
-0.193878173828125 0.538238525390625 0.257293701171875 0.14501953125
0.042938232421875 0.44677734375 0.3262939453125 -0.134918212890625
0.144287109375 0.396331787109375 0.0799713134765625 -0.20477294921875
0.31304931640625 0.240570068359375 -0.01025390625 -0.1416015625
0.375091552734375 0.08551025390625 -0.0123424530029297 -0.032327651977539
0.354736328125 0.081146240234375 0.0244827270507813 0.0207538604736328
0.371307373046875 0.01605224609375 0.109397888183594 0.032135009765625
0.314422607421875 0.082122802734375 0.0950241088867188 0.0489273071289063
0.285491943359375 0.191650390625 0.0456619262695313 0.073089599609375
0.22357177734375 0.2813720703125 0.00711059570312501 0.0729827880859375
-0.0147705078125 0.429931640625 -0.0821990966796875 0.0320968627929688
-0.15948486328125 0.4183349609375 -0.0486297607421875 -0.10986328125
-0.32830810546875 0.36083984375 -0.00374603271484376 -0.0704498291015625
-0.49151611328125 0.316375732421875 0.165863037109375 -0.0136871337890625
-0.3961181640625 0.40997314453125 0.048980712890625 0.171478271484375
-0.1536865234375 0.57183837890625 0.249786376953125 0.1202392578125
0.109832763671875 0.429351806640625 0.256179809570313 -0.18450927734375
0.173858642578125 0.340576171875 -0.00451660156249996 -0.251266479492188
0.29632568359375 0.20526123046875 -0.132034301757812 -0.181442260742188
0.35528564453125 0.081695556640625 -0.15625 -0.03839111328125
0.351593017578125 0.08734130859375 -0.106414794921875 0.02447509765625
0.378021240234375 0.03216552734375 -0.0160140991210937 0.0372695922851563
0.326568603515625 0.096435546875 -0.0110321044921875 0.044342041015625
0.312042236328125 0.20855712890625 -0.02569580078125 0.0809860229492188
0.2740478515625 0.318267822265625 -0.0418014526367187 0.080047607421875
0.00964355468749998 0.525177001953125 -0.112106323242188 0.040008544921875
-0.1954345703125 0.516693115234375 -0.05572509765625 -0.0314445495605468
-0.410736083984375 0.4071044921875 -0.104507446289063 0.0523223876953125
-0.465057373046875 0.26708984375 0.040008544921875 0.0973052978515625
-0.348846435546875 0.380889892578125 0.029693603515625 0.241729736328125
-0.07354736328125 0.4920654296875 0.221908569335938 0.0802154541015625
0.150390625 0.31512451171875 0.164306640625 -0.204208374023437
0.157974243164063 0.219757080078125 -0.07940673828125 -0.257888793945313
0.224380493164063 0.136642456054688 -0.230209350585937 -0.1895751953125
0.278793334960938 0.0636138916015625 -0.276458740234375 -0.0337677001953125
0.293548583984375 0.07745361328125 -0.223175048828125 0.026397705078125
0.32177734375 0.046966552734375 -0.142959594726562 0.0384063720703125
0.277252197265625 0.09991455078125 -0.121826171875 0.03515625
0.27703857421875 0.19580078125 -0.105995178222656 0.080718994140625
0.26641845703125 0.310638427734375 -0.109672546386719 0.0802154541015625
0.00518798828125005 0.54083251953125 -0.1494140625 0.0357666015625
-0.228515625 0.524932861328125 -0.0678215026855469 0.0501594543457032
-0.443206787109375 0.376068115234375 -0.220733642578125 0.182373046875
-0.371124267578125 0.193603515625 -0.057861328125 0.177932739257813
-0.244964599609375 0.31005859375 0.0197296142578125 0.27215576171875
0.01336669921875 0.346771240234375 0.1790771484375 0.0378875732421875
0.154708862304688 0.159393310546875 0.0741729736328125 -0.189590454101563
0.104988098144531 0.0840835571289063 -0.124969482421875 -0.227432250976563
0.119270324707031 0.0639801025390625 -0.285858154296875 -0.16790771484375
0.166488647460938 0.0426177978515625 -0.3546142578125 -0.021942138671875
0.189956665039063 0.055419921875 -0.30828857421875 0.026458740234375
0.211837768554688 0.0498809814453125 -0.247817993164063 0.03204345703125
0.177627563476563 0.0756072998046875 -0.2109375 0.0173797607421875
0.191635131835938 0.136825561523438 -0.174468994140625 0.0691375732421875
0.211593627929688 0.241317749023438 -0.18194580078125 0.06683349609375
-0.00750732421875 0.463348388671875 -0.191177368164063 0.0108184814453125
-0.240692138671875 0.434906005859375 -0.0876312255859375 0.112159729003906
-0.407867431640625 0.271942138671875 -0.337127685546875 0.292694091796875
-0.233306884765625 0.1015625 -0.114761352539063 0.227554321289063
-0.124679565429687 0.208297729492188 0.018707275390625 0.272232055664063
0.0777587890625 0.181884765625 0.135360717773438 0.00503540039062501
0.124443054199219 0.0180282592773438 0.00862121582031251 -0.15460205078125
0.0329265594482422 -0.0289707183837891 -0.138717651367188 -0.183563232421875
0.00667428970336914 0.00788450241088867 -0.29779052734375 -0.13470458984375
0.0360488891601562 0.0254058837890625 -0.384307861328125 -0.00949096679687493
0.058624267578125 0.0248336791992187 -0.347320556640625 0.022430419921875
0.0648689270019531 0.0321502685546875 -0.307342529296875 0.01934814453125
0.0532760620117188 0.0162277221679687 -0.257492065429688 0.000381469726562533
0.0936508178710938 0.03057861328125 -0.213546752929688 0.056854248046875
0.147003173828125 0.116836547851563 -0.245773315429688 0.04437255859375
-0.00225830078124998 0.308624267578125 -0.229293823242188 -0.034637451171875
-0.201202392578125 0.262176513671875 -0.110427856445312 0.13677978515625
-0.299072265625 0.117523193359375 -0.435577392578125 0.354217529296875
0.0996551513671875 0.0532379150390625 0.44207763671875 -0.41119384765625
0.0647354125976562 -0.0945892333984375 0.110122680664062 -0.150848388671875
-0.0682449340820313 -0.07958984375 0.225250244140625 0.0713043212890625
-0.11322021484375 0.022735595703125 0.305084228515625 -0.034393310546875
-0.0358810424804687 0.114158630371094 0.200241088867188 -0.0399322509765625
0.0767059326171875 0.0680007934570313 0.229202270507813 0.004852294921875
0.104118347167969 0.00225067138671875 0.300994873046875 -0.006561279296875
0.0798873901367188 0.00738525390625 0.317535400390625 0.000915527343750001
0.0909194946289063 -0.0107574462890625 0.3421630859375 0.035430908203125
0.0894012451171875 0.042083740234375 0.271011352539062 0.100616455078125
0.0355911254882812 0.0861129760742188 0.138946533203125 0.103385925292969
-0.0510711669921875 0.0752334594726563 0.0302963256835937 0.0959396362304688
-0.076568603515625 -0.0198135375976563 -0.0709762573242188 0.00292968749999999
0.0295219421386719 -0.0575599670410156 -0.0325469970703125 -0.23162841796875
0.0971527099609375 0.0255508422851562 0.137771606445313 -0.235870361328125
-0.100357055664063 0.194900512695312 0.4515380859375 -0.3653564453125
-0.0871505737304688 0.100357055664063 0.107833862304687 -0.110862731933594
-0.123428344726562 0.159286499023438 0.238449096679687 0.120376586914063
-0.075775146484375 0.19696044921875 0.342498779296875 -0.042633056640625
0.0252838134765625 0.255477905273438 0.186660766601563 -0.073944091796875
0.188278198242188 0.1571044921875 0.1864013671875 -0.0274200439453125
0.236557006835937 0.037078857421875 0.237884521484375 -0.007598876953125
0.204727172851562 0.03729248046875 0.252517700195313 0.0094757080078125
0.209716796875 -0.003570556640625 0.29522705078125 0.029205322265625
0.175247192382813 0.057769775390625 0.233779907226563 0.0760040283203125
0.120872497558594 0.127777099609375 0.120391845703125 0.08001708984375
0.0306396484375 0.152801513671875 0.039520263671875 0.07708740234375
-0.0809860229492188 0.12994384765625 -0.0588912963867188 0.0115776062011719
-0.054534912109375 0.0935821533203125 -0.0370025634765625 -0.209732055664063
-0.06072998046875 0.143264770507813 0.122634887695313 -0.217803955078125
-0.292205810546875 0.287445068359375 0.398193359375 -0.26776123046875
-0.2481689453125 0.265045166015625 0.09283447265625 -0.0338363647460937
-0.177459716796875 0.382781982421875 0.249343872070313 0.147506713867188
-0.0277099609375 0.3533935546875 0.3524169921875 -0.07940673828125
0.087615966796875 0.361175537109375 0.147232055664062 -0.133895874023437
0.270233154296875 0.222137451171875 0.102684020996094 -0.0815963745117187
0.329498291015625 0.067108154296875 0.127059936523438 -0.0171051025390625
0.30023193359375 0.06353759765625 0.150543212890625 0.017578125
0.305877685546875 0.004302978515625 0.215911865234375 0.027984619140625
0.252212524414063 0.0693511962890625 0.17706298828125 0.0584716796875
0.208221435546875 0.16015625 0.0915451049804688 0.0717544555664063
0.127090454101563 0.21966552734375 0.0336036682128906 0.0694770812988281
-0.054718017578125 0.282623291015625 -0.0645523071289063 0.020477294921875
-0.115234375 0.25823974609375 -0.0443115234375 -0.172378540039062
-0.206283569335938 0.260589599609375 0.075286865234375 -0.16436767578125
-0.432220458984375 0.322479248046875 0.2919921875 -0.142486572265625
-0.366058349609375 0.367523193359375 0.06854248046875 0.0682144165039063
-0.19476318359375 0.532562255859375 0.254379272460938 0.14947509765625
0.037872314453125 0.441192626953125 0.32342529296875 -0.13134765625
0.14306640625 0.395782470703125 0.0799713134765625 -0.201202392578125
0.3077392578125 0.23876953125 -0.0120162963867187 -0.140541076660156
0.368682861328125 0.084869384765625 -0.0121841430664062 -0.0293560028076172
0.350982666015625 0.08319091796875 0.0257301330566406 0.023712158203125
0.36572265625 0.016387939453125 0.109481811523438 0.0316543579101563
0.30615234375 0.0836181640625 0.0936431884765625 0.0503463745117188
0.278350830078125 0.190322875976563 0.0434646606445313 0.0749893188476563
0.217376708984375 0.278091430664063 0.00604248046875002 0.072235107421875
-0.017578125 0.42303466796875 -0.08404541015625 0.0297698974609375
-0.159912109375 0.40802001953125 -0.0505599975585938 -0.113983154296875
-0.32733154296875 0.356292724609375 -0.00128936767578126 -0.0728683471679687
-0.491546630859375 0.30938720703125 0.160934448242188 -0.0146484375
-0.39764404296875 0.403076171875 0.044708251953125 0.168670654296875
-0.15447998046875 0.5660400390625 0.24761962890625 0.125030517578125
0.10455322265625 0.421783447265625 0.255874633789062 -0.181838989257812
0.17156982421875 0.339996337890625 -0.00296020507812499 -0.247665405273437
0.291656494140625 0.205352783203125 -0.132553100585937 -0.18035888671875
0.347564697265625 0.0802001953125 -0.155441284179687 -0.0360565185546875
0.348846435546875 0.0888671875 -0.103950500488281 0.0265350341796875
0.37213134765625 0.03326416015625 -0.0156745910644531 0.036041259765625
0.31768798828125 0.099029541015625 -0.0119857788085937 0.0454330444335938
0.305633544921875 0.208099365234375 -0.0260391235351562 0.0824432373046875
0.267730712890625 0.3153076171875 -0.0429534912109375 0.078765869140625
0.007904052734375 0.51715087890625 -0.113655090332031 0.0361862182617188
-0.197296142578125 0.50634765625 -0.0562782287597656 -0.0370635986328125
-0.41064453125 0.399200439453125 -0.101417541503906 0.0478744506835938
-0.465423583984375 0.260711669921875 0.0348129272460937 0.0948104858398438
-0.347900390625 0.376495361328125 0.0262298583984375 0.239349365234375
-0.0732421875 0.48614501953125 0.220260620117188 0.0845794677734375
0.144317626953125 0.308319091796875 0.164505004882813 -0.20050048828125
0.155731201171875 0.21881103515625 -0.0770111083984375 -0.254287719726562
0.219390869140625 0.138092041015625 -0.229339599609375 -0.187789916992187
0.27276611328125 0.063690185546875 -0.2742919921875 -0.032623291015625
0.28997802734375 0.078948974609375 -0.2198486328125 0.0272369384765625
0.31683349609375 0.049407958984375 -0.141937255859375 0.0370635986328125
0.270233154296875 0.102554321289063 -0.121742248535156 0.0355300903320313
0.269561767578125 0.196014404296875 -0.105499267578125 0.0811996459960938
0.260101318359375 0.306976318359375 -0.109733581542969 0.0788726806640625
0.00344848632812504 0.532745361328125 -0.150787353515625 0.0318145751953125
-0.228363037109375 0.516265869140625 -0.0675849914550782 0.0431861877441406
-0.44293212890625 0.369842529296875 -0.21624755859375 0.176315307617188
-0.372222900390625 0.1903076171875 -0.0625457763671875 0.17449951171875
-0.24395751953125 0.30657958984375 0.017791748046875 0.269439697265625
0.01422119140625 0.340728759765625 0.17724609375 0.0411834716796875
0.150375366210938 0.154525756835938 0.0756378173828125 -0.186172485351563
0.102706909179688 0.0838546752929688 -0.12225341796875 -0.225341796875
0.115753173828125 0.0665969848632812 -0.283905029296875 -0.168060302734375
0.161468505859375 0.0420074462890625 -0.35186767578125 -0.0208740234375
0.187026977539063 0.05645751953125 -0.3040771484375 0.025848388671875
0.208145141601563 0.05218505859375 -0.24609375 0.030517578125
0.17242431640625 0.0779266357421875 -0.209716796875 0.0159912109375
0.1861572265625 0.137054443359375 -0.172439575195313 0.068634033203125
0.206954956054688 0.23883056640625 -0.180618286132812 0.064849853515625
-0.00997924804687497 0.4578857421875 -0.19146728515625 0.0076141357421875
-0.241973876953125 0.428680419921875 -0.086517333984375 0.104835510253906
-0.408294677734375 0.26763916015625 -0.331695556640625 0.284423828125
-0.234344482421875 0.100662231445312 -0.118438720703125 0.223464965820313
-0.122833251953125 0.207244873046875 0.0175933837890625 0.270034790039063
0.0786285400390625 0.177871704101563 0.134468078613281 0.00682067871093751
0.120979309082031 0.014617919921875 0.0112152099609375 -0.151229858398437
0.0313587188720703 -0.0274238586425781 -0.135345458984375 -0.181869506835938
0.00601863861083984 0.0105381011962891 -0.295074462890625 -0.13507080078125
0.0342693328857422 0.0250892639160156 -0.379638671875 -0.00933837890624994
0.0564804077148437 0.0255355834960937 -0.34466552734375 0.0207519531250001
0.0631332397460938 0.0343399047851563 -0.3057861328125 0.01824951171875
0.0497474670410156 0.0181121826171875 -0.255584716796875 -0.002288818359375
0.0905303955078125 0.0304718017578125 -0.211273193359375 0.0546112060546875
0.144317626953125 0.115325927734375 -0.24285888671875 0.0423583984375
-0.00308227539062503 0.3052978515625 -0.228378295898438 -0.0365753173828125
-0.202728271484375 0.259933471679687 -0.108291625976563 0.130897521972656
-0.299102783203125 0.114776611328125 -0.429107666015625 0.345794677734375
0.10491943359375 0.050048828125 0.44757080078125 -0.42047119140625
0.0630264282226563 -0.099517822265625 0.109542846679688 -0.152130126953125
-0.0727310180664063 -0.0815505981445313 0.22760009765625 0.07177734375
-0.116371154785156 0.02520751953125 0.3087158203125 -0.03778076171875
-0.03369140625 0.117782592773438 0.20245361328125 -0.04083251953125
0.0786972045898438 0.0662918090820313 0.23370361328125 0.00575256347656251
0.105697631835938 -0.00112152099609375 0.306396484375 -0.00616455078125
0.0817718505859375 0.0059814453125 0.3228759765625 0.000579833984375
0.0914840698242188 -0.01361083984375 0.3505859375 0.033843994140625
0.0922698974609375 0.0402603149414062 0.276626586914063 0.102294921875
0.0373687744140625 0.0882644653320312 0.138504028320313 0.105819702148438
-0.0519638061523437 0.078216552734375 0.0292434692382812 0.0971755981445313
-0.0775604248046875 -0.0202484130859375 -0.0737686157226563 0.00230407714843751
0.0295219421386719 -0.0613594055175781 -0.036163330078125 -0.237548828125
0.099945068359375 0.0237045288085938 0.141265869140625 -0.240875244140625
-0.100479125976562 0.195587158203125 0.456390380859375 -0.373504638671875
-0.0914154052734375 0.098846435546875 0.106155395507813 -0.112754821777344
-0.12664794921875 0.16229248046875 0.243545532226562 0.123931884765625
-0.0793914794921875 0.200820922851563 0.34588623046875 -0.04559326171875
0.0297393798828125 0.262451171875 0.189208984375 -0.074798583984375
0.191421508789063 0.157440185546875 0.188613891601563 -0.0274505615234375
0.239105224609375 0.0340576171875 0.242202758789063 -0.0063629150390625
0.208663940429688 0.03643798828125 0.258346557617188 0.01104736328125
0.211563110351563 -0.00592041015625 0.302215576171875 0.0279541015625
0.176437377929687 0.0577392578125 0.239242553710938 0.0780181884765625
0.12249755859375 0.128898620605469 0.120307922363281 0.08367919921875
0.030059814453125 0.155349731445313 0.03912353515625 0.0783843994140625
-0.082427978515625 0.131126403808594 -0.0614738464355469 0.0111007690429688
-0.0547409057617187 0.0911102294921875 -0.0421142578125 -0.216201782226563
-0.061370849609375 0.143722534179687 0.126251220703125 -0.22357177734375
-0.297393798828125 0.29046630859375 0.4012451171875 -0.27569580078125
-0.25579833984375 0.266677856445313 0.0907974243164062 -0.0355911254882812
-0.179718017578125 0.389678955078125 0.25555419921875 0.152542114257813
-0.029571533203125 0.359283447265625 0.355926513671875 -0.082672119140625
0.09320068359375 0.369720458984375 0.148406982421875 -0.135940551757812
0.27490234375 0.223709106445313 0.102104187011719 -0.0830535888671875
0.3328857421875 0.067291259765625 0.12933349609375 -0.0143966674804687
0.305816650390625 0.06353759765625 0.155105590820313 0.02020263671875
0.3084716796875 0.0028076171875 0.2213134765625 0.0271453857421875
0.253677368164063 0.0707550048828125 0.180648803710938 0.0609283447265625
0.209671020507813 0.16229248046875 0.092193603515625 0.0754547119140625
0.127395629882812 0.22222900390625 0.03314208984375 0.0709686279296875
-0.05511474609375 0.28533935546875 -0.0678634643554688 0.0193824768066406
-0.116897583007812 0.257614135742188 -0.0489654541015625 -0.179550170898437
-0.209579467773437 0.264602661132813 0.077606201171875 -0.169906616210937
-0.441375732421875 0.32586669921875 0.29437255859375 -0.146881103515625
-0.373565673828125 0.373260498046875 0.0669097900390625 0.0678176879882813
-0.19573974609375 0.54241943359375 0.26141357421875 0.155914306640625
0.036590576171875 0.44708251953125 0.328857421875 -0.13690185546875
0.147979736328125 0.404541015625 0.0801544189453125 -0.2041015625
0.311920166015625 0.2413330078125 -0.014801025390625 -0.142166137695312
0.37274169921875 0.083587646484375 -0.0125293731689453 -0.0269527435302734
0.35723876953125 0.083282470703125 0.0280628204345703 0.0267162322998047
0.369293212890625 0.015594482421875 0.112098693847656 0.031097412109375
0.308319091796875 0.086334228515625 0.095611572265625 0.0528945922851563
0.281097412109375 0.192489624023438 0.043975830078125 0.078643798828125
0.218780517578125 0.281585693359375 0.00592803955078126 0.07366943359375
-0.0157470703125 0.428619384765625 -0.088104248046875 0.0280303955078125
-0.16021728515625 0.41119384765625 -0.0548553466796875 -0.121131896972656
-0.3338623046875 0.3619384765625 -0.000877380371093778 -0.076263427734375
-0.501800537109375 0.31439208984375 0.160171508789062 -0.016937255859375
-0.406494140625 0.410247802734375 0.0426483154296875 0.170074462890625
-0.15283203125 0.57586669921875 0.25433349609375 0.132003784179688
0.104461669921875 0.427001953125 0.259780883789063 -0.18463134765625
0.17730712890625 0.34576416015625 -0.00321960449218748 -0.250640869140625
0.294219970703125 0.208770751953125 -0.137359619140625 -0.18310546875
0.35040283203125 0.0811767578125 -0.158065795898437 -0.033172607421875
0.354705810546875 0.089447021484375 -0.104263305664062 0.0305709838867188
0.376861572265625 0.032562255859375 -0.0161514282226562 0.0362167358398437
0.32012939453125 0.10198974609375 -0.012237548828125 0.0481185913085938
0.307891845703125 0.21075439453125 -0.0266952514648437 0.0854721069335938
0.27203369140625 0.31744384765625 -0.0441741943359375 0.0801544189453125
0.00939941406249996 0.523681640625 -0.119041442871094 0.0355300903320313
-0.199127197265625 0.512359619140625 -0.0597114562988281 -0.0428352355957031
-0.419647216796875 0.407684326171875 -0.101799011230469 0.0463485717773438
-0.47760009765625 0.26727294921875 0.0319442749023437 0.0951309204101563
-0.354400634765625 0.383819580078125 0.025543212890625 0.241607666015625
-0.0714111328125 0.493072509765625 0.226181030273438 0.0894927978515625
0.146148681640625 0.308197021484375 0.167709350585938 -0.20355224609375
0.158554077148438 0.222869873046875 -0.07891845703125 -0.2578125
0.220932006835937 0.140792846679687 -0.236724853515625 -0.19073486328125
0.27349853515625 0.063995361328125 -0.278213500976563 -0.0291595458984375
0.294158935546875 0.079986572265625 -0.222198486328125 0.0309906005859375
0.320556640625 0.05035400390625 -0.145278930664062 0.038238525390625
0.27142333984375 0.106201171875 -0.12432861328125 0.0371475219726562
0.271926879882813 0.198928833007813 -0.106582641601562 0.0841140747070313
0.26409912109375 0.31024169921875 -0.111473083496094 0.079620361328125
0.00476074218749996 0.54241943359375 -0.156509399414063 0.031280517578125
-0.2333984375 0.524078369140625 -0.0697975158691407 0.039215087890625
-0.453521728515625 0.37744140625 -0.21771240234375 0.17755126953125
-0.382049560546875 0.1951904296875 -0.0670166015625 0.176406860351563
-0.247283935546875 0.3134765625 0.0181732177734375 0.27362060546875
0.0181884765625 0.345123291015625 0.182861328125 0.0438232421875
0.150955200195313 0.152679443359375 0.0778961181640625 -0.187850952148438
0.103416442871094 0.0851058959960938 -0.124557495117187 -0.227645874023438
0.116165161132812 0.0690078735351562 -0.290069580078125 -0.16986083984375
0.161407470703125 0.042999267578125 -0.35650634765625 -0.018585205078125
0.189193725585938 0.0576324462890625 -0.307952880859375 0.029022216796875
0.210769653320313 0.0544586181640625 -0.251312255859375 0.0323028564453125
0.172073364257813 0.082061767578125 -0.214035034179687 0.017242431640625
0.186676025390625 0.138931274414062 -0.174301147460938 0.0707244873046875
0.209518432617188 0.24078369140625 -0.184051513671875 0.06634521484375
-0.00756835937500001 0.464599609375 -0.197860717773437 0.00642395019531255
-0.24652099609375 0.436920166015625 -0.087493896484375 0.101943969726563
-0.4188232421875 0.273590087890625 -0.335968017578125 0.288360595703125
-0.240524291992188 0.103958129882813 -0.123977661132813 0.226776123046875
-0.122833251953125 0.212387084960938 0.019317626953125 0.274139404296875
0.0830078125 0.177825927734375 0.137847900390625 0.00810241699218751
0.121253967285156 0.0110931396484375 0.0124969482421875 -0.152297973632813
0.0303554534912109 -0.0275802612304688 -0.138198852539063 -0.184188842773437
0.00555038452148438 0.0132646560668945 -0.30157470703125 -0.1375732421875
0.0327301025390625 0.0257568359375 -0.386566162109375 -0.00668334960937506
0.0562515258789063 0.0265464782714844 -0.34814453125 0.02386474609375
0.0641822814941406 0.0370101928710938 -0.311798095703125 0.020050048828125
0.048309326171875 0.0202865600585938 -0.261947631835938 -0.00215148925781253
0.0896835327148437 0.0303955078125 -0.213272094726563 0.0565643310546875
0.146591186523438 0.115493774414063 -0.247589111328125 0.044158935546875
-0.000732421875000013 0.3106689453125 -0.234390258789062 -0.03790283203125
-0.208160400390625 0.266998291015625 -0.108024597167969 0.128959655761719
-0.306060791015625 0.117218017578125 -0.434356689453125 0.351318359375
0.111343383789063 0.0441207885742188 0.444732666015625 -0.444000244140625
0.0586624145507813 -0.106437683105469 0.10528564453125 -0.156723022460938
-0.0797195434570313 -0.0819473266601563 0.234939575195313 0.0675048828125
-0.121147155761719 0.0322341918945312 0.314208984375 -0.049224853515625
-0.028594970703125 0.124374389648438 0.205596923828125 -0.047515869140625
0.0833053588867188 0.0628890991210938 0.240219116210938 0.000427246093750004
0.108551025390625 -0.00769805908203125 0.316253662109375 -0.012786865234375
0.0846786499023437 0.002655029296875 0.33294677734375 -0.0074462890625
0.0932235717773438 -0.0187530517578125 0.363250732421875 0.022491455078125
0.0964736938476563 0.0373992919921875 0.287872314453125 0.098602294921875
0.0423812866210938 0.0900497436523438 0.1422119140625 0.107040405273438
-0.0512771606445313 0.0835952758789063 0.0318069458007812 0.0996017456054687
-0.0801849365234375 -0.0191726684570312 -0.07659912109375 0.00344848632812501
0.0281486511230469 -0.0664253234863281 -0.0479736328125 -0.24493408203125
0.105484008789063 0.019866943359375 0.139801025390625 -0.25189208984375
-0.0970916748046875 0.200042724609375 0.4560546875 -0.397186279296875
-0.0952224731445312 0.102005004882813 0.102653503417969 -0.117881774902344
-0.127853393554687 0.170578002929688 0.254409790039063 0.12237548828125
-0.078948974609375 0.210205078125 0.352508544921875 -0.058319091796875
0.0408477783203125 0.271163940429688 0.190872192382813 -0.0815582275390625
0.200576782226563 0.15374755859375 0.19171142578125 -0.032684326171875
0.244552612304688 0.0265045166015625 0.250259399414063 -0.0104522705078125
0.216064453125 0.030731201171875 0.267623901367188 0.00579833984375
0.214950561523438 -0.013275146484375 0.312835693359375 0.01763916015625
0.181732177734375 0.0543670654296875 0.248367309570313 0.074188232421875
0.128860473632813 0.129753112792969 0.124099731445313 0.0844192504882813
0.0334625244140625 0.159042358398437 0.0418243408203125 0.0791397094726563
-0.0809173583984375 0.135841369628906 -0.0649185180664062 0.012420654296875
-0.0550155639648438 0.09197998046875 -0.0536651611328125 -0.222808837890625
-0.0577545166015625 0.14788818359375 0.123809814453125 -0.234649658203125
-0.298492431640625 0.30523681640625 0.40185546875 -0.29510498046875
-0.25994873046875 0.278823852539063 0.0882644653320312 -0.0391311645507812
-0.174346923828125 0.40716552734375 0.270309448242188 0.152786254882813
-0.02398681640625 0.37158203125 0.363006591796875 -0.096710205078125
0.10919189453125 0.379608154296875 0.147476196289063 -0.143081665039063
0.28662109375 0.22113037109375 0.100143432617188 -0.08782958984375
0.341156005859375 0.0576171875 0.134384155273438 -0.0161666870117187
0.31689453125 0.055938720703125 0.162216186523438 0.0185394287109375
0.315338134765625 -0.00750732421875 0.228775024414063 0.019927978515625
0.259994506835938 0.066497802734375 0.187698364257813 0.0590362548828125
0.21807861328125 0.161300659179688 0.0956344604492188 0.0767822265625
0.134979248046875 0.224136352539063 0.035125732421875 0.0717544555664063
-0.049102783203125 0.2935791015625 -0.0721282958984375 0.021270751953125
-0.113449096679688 0.264694213867188 -0.06048583984375 -0.186172485351562
-0.207763671875 0.276565551757812 0.07489013671875 -0.17852783203125
-0.446380615234375 0.346099853515625 0.294830322265625 -0.1611328125
-0.37701416015625 0.39227294921875 0.0656280517578125 0.0677833557128907
-0.18414306640625 0.5638427734375 0.278060913085938 0.157974243164063
0.047119140625 0.458984375 0.33349609375 -0.151092529296875
0.166656494140625 0.413482666015625 0.076171875 -0.210922241210937
0.325531005859375 0.23919677734375 -0.0222320556640625 -0.1458740234375
0.381011962890625 0.074951171875 -0.0123481750488281 -0.0238723754882812
0.37017822265625 0.0736083984375 0.0323505401611328 0.0295276641845703
0.37701416015625 0.004425048828125 0.116279602050781 0.027740478515625
0.316192626953125 0.0816650390625 0.100357055664063 0.052978515625
0.29168701171875 0.190155029296875 0.0472183227539063 0.0819244384765625
0.230331420898438 0.280776977539063 0.00727081298828127 0.0756988525390625
-0.00518798828124996 0.438629150390625 -0.0934677124023438 0.031982421875
-0.1539306640625 0.423126220703125 -0.0641555786132812 -0.126197814941406
-0.333831787109375 0.38104248046875 -0.00240325927734377 -0.0804901123046875
-0.51007080078125 0.338592529296875 0.16070556640625 -0.0238189697265625
-0.408843994140625 0.432830810546875 0.0447540283203125 0.173049926757813
-0.1395263671875 0.59588623046875 0.270278930664063 0.13226318359375
0.116790771484375 0.432098388671875 0.26348876953125 -0.19775390625
0.19329833984375 0.350616455078125 -0.011260986328125 -0.256805419921875
0.305206298828125 0.2073974609375 -0.149566650390625 -0.183135986328125
0.35845947265625 0.0726318359375 -0.16253662109375 -0.02642822265625
0.365936279296875 0.08074951171875 -0.103782653808594 0.0369796752929687
0.38671875 0.023223876953125 -0.0159454345703125 0.0379981994628906
0.327484130859375 0.099090576171875 -0.0113563537597656 0.0506706237792969
0.320068359375 0.208343505859375 -0.0237350463867187 0.0902633666992188
0.28594970703125 0.317138671875 -0.0439300537109375 0.083404541015625
0.02435302734375 0.537445068359375 -0.125587463378906 0.0397796630859375
-0.19293212890625 0.52960205078125 -0.0667839050292969 -0.0466880798339843
-0.422637939453125 0.431671142578125 -0.102104187011719 0.049224853515625
-0.485870361328125 0.288299560546875 0.0316238403320312 0.0948104858398438
-0.354888916015625 0.4058837890625 0.0309295654296875 0.24774169921875
-0.05548095703125 0.508209228515625 0.239349365234375 0.089324951171875
0.156646728515625 0.309417724609375 0.168106079101563 -0.213058471679687
0.16998291015625 0.223541259765625 -0.0882415771484375 -0.260955810546875
0.228713989257813 0.139617919921875 -0.250778198242187 -0.188201904296875
0.278976440429688 0.0581817626953125 -0.286285400390625 -0.019134521484375
0.304290771484375 0.073455810546875 -0.224960327148437 0.0405426025390625
0.329925537109375 0.0430908203125 -0.14874267578125 0.044403076171875
0.279312133789063 0.105194091796875 -0.127449035644531 0.0429153442382813
0.282012939453125 0.19732666015625 -0.105873107910156 0.0910873413085937
0.2784423828125 0.309844970703125 -0.112518310546875 0.0849380493164063
0.020660400390625 0.554412841796875 -0.163909912109375 0.0363616943359376
-0.22686767578125 0.546173095703125 -0.0722198486328125 0.0373916625976563
-0.457366943359375 0.402252197265625 -0.217178344726563 0.18682861328125
-0.389739990234375 0.211151123046875 -0.0673065185546875 0.182281494140625
-0.24505615234375 0.32928466796875 0.0253448486328125 0.279800415039063
0.031463623046875 0.3511962890625 0.192352294921875 0.0420684814453125
0.156661987304688 0.148483276367187 0.0765228271484375 -0.193710327148438
0.107505798339844 0.0833206176757813 -0.13385009765625 -0.228622436523437
0.119720458984375 0.0696640014648438 -0.30523681640625 -0.165069580078125
0.163833618164063 0.0405120849609375 -0.3656005859375 -0.00616455078124993
0.195098876953125 0.055511474609375 -0.313720703125 0.04107666015625
0.217361450195313 0.052154541015625 -0.258468627929688 0.041656494140625
0.176620483398437 0.082733154296875 -0.220596313476563 0.0244293212890625
0.193130493164063 0.137649536132813 -0.176055908203125 0.07818603515625
0.220947265625 0.239944458007812 -0.186965942382812 0.073944091796875
0.00558471679687505 0.478607177734375 -0.206497192382813 0.0122680664062501
-0.2442626953125 0.457305908203125 -0.0875091552734375 0.103019714355469
-0.426116943359375 0.292694091796875 -0.3349609375 0.304718017578125
-0.246658325195313 0.115249633789062 -0.124435424804688 0.236495971679688
-0.118118286132812 0.22296142578125 0.02789306640625 0.280609130859375
0.0930938720703125 0.177841186523438 0.14361572265625 0.00485229492187501
0.1226806640625 0.0044097900390625 0.010833740234375 -0.155517578125
0.0289306640625 -0.0295124053955078 -0.146331787109375 -0.183761596679687
0.00584888458251953 0.0154199600219727 -0.31463623046875 -0.1326904296875
0.0326080322265625 0.0268840789794922 -0.3966064453125 0.00497436523437499
0.0577621459960938 0.0270271301269531 -0.356353759765625 0.03533935546875
0.0673751831054688 0.03826904296875 -0.3212890625 0.03106689453125
0.0477294921875 0.0221214294433594 -0.269515991210937 0.00552368164062502
0.0903701782226563 0.0291976928710938 -0.217330932617188 0.063446044921875
0.153244018554688 0.112106323242188 -0.25299072265625 0.053802490234375
0.00955200195312499 0.32000732421875 -0.245285034179688 -0.0323333740234375
-0.208038330078125 0.283203125 -0.106201171875 0.131118774414063
-0.3148193359375 0.129241943359375 -0.4332275390625 0.372467041015625
0.117225646972656 0.0342636108398437 0.426300048828125 -0.473602294921875
0.0501556396484375 -0.112998962402344 0.09613037109375 -0.160354614257813
-0.0886611938476562 -0.0776519775390625 0.241668701171875 0.0570220947265625
-0.123420715332031 0.0421905517578125 0.313385009765625 -0.06756591796875
-0.0193099975585937 0.129768371582031 0.2049560546875 -0.0587615966796875
0.0882797241210938 0.0572662353515625 0.244125366210938 -0.0126190185546875
0.108627319335937 -0.0160751342773437 0.322906494140625 -0.028350830078125
0.0867462158203125 -0.00348663330078125 0.338409423828125 -0.02496337890625
0.0921478271484375 -0.0264205932617188 0.372039794921875 0.000946044921874998
0.101020812988281 0.0309295654296875 0.29876708984375 0.0849609375
0.0492401123046875 0.0903701782226563 0.147567749023438 0.103363037109375
-0.047454833984375 0.089935302734375 0.0362930297851563 0.0995330810546875
-0.0828170776367187 -0.0150985717773438 -0.07952880859375 0.00734710693359376
0.0238189697265625 -0.0706863403320313 -0.06634521484375 -0.247787475585938
0.109725952148437 0.013214111328125 0.129898071289063 -0.264938354492188
-0.0876922607421875 0.204238891601562 0.438323974609375 -0.428680419921875
-0.09649658203125 0.107124328613281 0.0940399169921875 -0.123008728027344
-0.122528076171875 0.181991577148438 0.267684936523438 0.1134033203125
-0.0712127685546875 0.221221923828125 0.352569580078125 -0.078948974609375
0.0593109130859375 0.275070190429688 0.18804931640625 -0.0928802490234375
0.211532592773438 0.14471435546875 0.191741943359375 -0.043212890625
0.24810791015625 0.0125732421875 0.256027221679688 -0.02288818359375
0.221450805664063 0.0182952880859375 0.273757934570312 -0.0074615478515625
0.215438842773437 -0.026947021484375 0.319610595703125 -0.000274658203125002
0.187393188476563 0.04583740234375 0.257278442382813 0.0625152587890625
0.138160705566406 0.125167846679688 0.12835693359375 0.082122802734375
0.041656494140625 0.160369873046875 0.0450897216796875 0.0783233642578125
-0.0760345458984375 0.141372680664063 -0.0678215026855469 0.016204833984375
-0.0524063110351563 0.0929412841796875 -0.0715789794921875 -0.225204467773438
-0.0499420166015625 0.15216064453125 0.11285400390625 -0.246017456054687
-0.28765869140625 0.322052001953125 0.389617919921875 -0.322601318359375
-0.253875732421875 0.296966552734375 0.0826568603515625 -0.0432586669921875
-0.15472412109375 0.4234619140625 0.28680419921875 0.14410400390625
-0.00695800781249997 0.381439208984375 0.363433837890625 -0.119232177734375
0.135101318359375 0.381134033203125 0.140579223632813 -0.152557373046875
0.302581787109375 0.209136962890625 0.0939407348632813 -0.0933380126953125
0.346527099609375 0.0401611328125 0.137222290039063 -0.0214157104492188
0.32513427734375 0.038787841796875 0.168731689453125 0.011474609375
0.317047119140625 -0.02557373046875 0.233795166015625 0.0067291259765625
0.266326904296875 0.0555877685546875 0.194869995117188 0.05120849609375
0.228607177734375 0.152511596679688 0.100509643554688 0.07562255859375
0.14642333984375 0.220123291015625 0.0385284423828125 0.0711517333984375
-0.03570556640625 0.29949951171875 -0.075439453125 0.0264053344726563
-0.102432250976562 0.2711181640625 -0.077056884765625 -0.187408447265625
-0.1966552734375 0.29168701171875 0.066375732421875 -0.186431884765625
-0.437652587890625 0.37554931640625 0.28759765625 -0.1817626953125
-0.366851806640625 0.41790771484375 0.0651130676269531 0.0653266906738282
-0.154052734375 0.58380126953125 0.296875 0.148162841796875
0.06927490234375 0.46295166015625 0.332183837890625 -0.17108154296875
0.19512939453125 0.4093017578125 0.065155029296875 -0.217453002929687
0.34161376953125 0.226898193359375 -0.033966064453125 -0.145645141601562
0.388763427734375 0.058013916015625 -0.012979507446289 -0.0215034484863281
0.380401611328125 0.05535888671875 0.0376091003417969 0.029937744140625
0.3818359375 -0.015411376953125 0.119392395019531 0.0216903686523438
0.323883056640625 0.069610595703125 0.105575561523438 0.0500869750976563
0.3040771484375 0.1781005859375 0.0528411865234375 0.0825729370117188
0.246337890625 0.272109985351563 0.0102157592773438 0.0759201049804688
0.0169677734375 0.444366455078125 -0.0973663330078125 0.038787841796875
-0.13653564453125 0.435821533203125 -0.0771026611328126 -0.127037048339844
-0.318389892578125 0.406219482421875 -0.00611114501953127 -0.0828933715820312
-0.5028076171875 0.37060546875 0.158233642578125 -0.034759521484375
-0.394439697265625 0.4610595703125 0.049896240234375 0.17340087890625
-0.10498046875 0.61102294921875 0.287445068359375 0.122833251953125
0.13916015625 0.431365966796875 0.257522583007813 -0.21539306640625
0.21649169921875 0.3447265625 -0.0255126953125 -0.258636474609375
0.319122314453125 0.193939208984375 -0.165908813476562 -0.17718505859375
0.364654541015625 0.057220458984375 -0.165252685546875 -0.0155792236328125
0.3758544921875 0.063262939453125 -0.09979248046875 0.0442276000976563
0.3924560546875 0.002899169921875 -0.0143241882324218 0.0396308898925781
0.336578369140625 0.085906982421875 -0.00820922851562498 0.0539665222167969
0.334503173828125 0.19476318359375 -0.0182037353515625 0.0949249267578125
0.306121826171875 0.3045654296875 -0.0407485961914062 0.0872955322265625
0.0518188476562499 0.5435791015625 -0.129623413085938 0.048828125
-0.168701171875 0.547271728515625 -0.0743331909179688 -0.0469512939453125
-0.40869140625 0.46319580078125 -0.09979248046875 0.05377197265625
-0.480743408203125 0.31939697265625 0.0337600708007812 0.0930633544921875
-0.34027099609375 0.430206298828125 0.0404815673828125 0.249526977539063
-0.02581787109375 0.518035888671875 0.253250122070313 0.07977294921875
0.173492431640625 0.30267333984375 0.160964965820312 -0.225173950195312
0.184814453125 0.216567993164062 -0.10302734375 -0.259017944335938
0.238433837890625 0.131332397460937 -0.267379760742187 -0.176513671875
0.2835693359375 0.04669189453125 -0.29119873046875 -0.00225830078125005
0.312896728515625 0.059539794921875 -0.22332763671875 0.0544433593750001
0.33721923828125 0.027862548828125 -0.149337768554687 0.054046630859375
0.287109375 0.09625244140625 -0.126930236816406 0.0520248413085937
0.294525146484375 0.1854248046875 -0.101020812988281 0.0986404418945313
0.297882080078125 0.29620361328125 -0.110488891601563 0.0923385620117188
0.0523681640625 0.56353759765625 -0.168792724609375 0.0469970703125
-0.20367431640625 0.56634521484375 -0.0745162963867188 0.0383529663085938
-0.447662353515625 0.435333251953125 -0.208145141601563 0.200393676757813
-0.387054443359375 0.238983154296875 -0.062347412109375 0.187713623046875
-0.22979736328125 0.34808349609375 0.038818359375 0.28216552734375
0.053741455078125 0.352630615234375 0.200942993164063 0.0330657958984375
0.164932250976563 0.138900756835938 0.069610595703125 -0.199951171875
0.112579345703125 0.077911376953125 -0.146957397460938 -0.223556518554688
0.123786926269531 0.0666427612304687 -0.320587158203125 -0.150848388671875
0.165786743164063 0.034698486328125 -0.371337890625 0.0147705078125
0.200424194335938 0.04705810546875 -0.313995361328125 0.059234619140625
0.2237548828125 0.04278564453125 -0.26092529296875 0.0578155517578125
0.181930541992188 0.0787506103515625 -0.22357177734375 0.0374755859375
0.200912475585937 0.130722045898437 -0.173202514648438 0.08837890625
0.236282348632812 0.229721069335938 -0.186309814453125 0.08551025390625
0.03363037109375 0.486053466796875 -0.213088989257813 0.0247802734375
-0.224945068359375 0.478759765625 -0.08392333984375 0.104835510253906
-0.4202880859375 0.321929931640625 -0.32037353515625 0.327301025390625
-0.24591064453125 0.133056640625 -0.117233276367187 0.246826171875
-0.106689453125 0.233062744140625 0.04229736328125 0.283172607421875
0.10638427734375 0.172073364257813 0.148117065429688 -0.00337219238281249
0.122406005859375 -0.005035400390625 0.00469970703125 -0.157424926757813
0.0260963439941406 -0.0317039489746094 -0.15667724609375 -0.177993774414063
0.0059061050415039 0.0170974731445313 -0.327789306640625 -0.117584228515625
0.0324554443359375 0.0274219512939453 -0.40087890625 0.028228759765625
0.0587806701660156 0.0262374877929688 -0.3583984375 0.055816650390625
0.0709228515625 0.0377120971679688 -0.32513427734375 0.05096435546875
0.0478248596191406 0.0232353210449219 -0.274734497070313 0.0196380615234375
0.0904617309570313 0.0248947143554688 -0.215713500976563 0.07525634765625
0.16156005859375 0.104019165039062 -0.2548828125 0.0685424804687499
0.02935791015625 0.325469970703125 -0.253250122070313 -0.0185089111328125
-0.196868896484375 0.301788330078125 -0.099456787109375 0.13446044921875
-0.31622314453125 0.14892578125 -0.41717529296875 0.400634765625
0.117813110351563 0.0228424072265625 0.39007568359375 -0.490142822265625
0.0394821166992188 -0.114860534667969 0.0844268798828125 -0.159271240234375
-0.0950775146484375 -0.068878173828125 0.241958618164063 0.0440216064453125
-0.120750427246094 0.0536575317382813 0.303680419921875 -0.085693359375
-0.00786590576171874 0.130966186523438 0.19677734375 -0.069427490234375
0.0904388427734375 0.048797607421875 0.239883422851563 -0.02459716796875
0.105194091796875 -0.0247421264648438 0.319488525390625 -0.046661376953125
0.0853958129882813 -0.0104751586914063 0.33355712890625 -0.044708251953125
0.0875473022460937 -0.0332260131835937 0.367584228515625 -0.023590087890625
0.10223388671875 0.02374267578125 0.30084228515625 0.06683349609375
0.0564956665039063 0.08721923828125 0.149276733398438 0.0953521728515625
-0.0419769287109375 0.0939483642578125 0.0402984619140625 0.0965499877929687
-0.083984375 -0.0101394653320312 -0.07916259765625 0.0114517211914063
0.018463134765625 -0.0727005004882813 -0.0844268798828125 -0.241256713867188
0.111351013183594 0.0040130615234375 0.112594604492188 -0.269699096679688
-0.0755615234375 0.203643798828125 0.404693603515625 -0.448333740234375
-0.093109130859375 0.111091613769531 0.082794189453125 -0.123382568359375
-0.111221313476563 0.188400268554688 0.2733154296875 0.0969696044921875
-0.0600128173828125 0.226455688476563 0.34197998046875 -0.09954833984375
0.078094482421875 0.269119262695313 0.177719116210938 -0.10174560546875
0.217391967773437 0.128921508789062 0.184097290039063 -0.051666259765625
0.243820190429688 -0.0033111572265625 0.253860473632813 -0.0366668701171875
0.22003173828125 0.0038299560546875 0.271820068359375 -0.0235137939453125
0.209243774414063 -0.0403289794921875 0.31658935546875 -0.0205078125
0.187240600585938 0.034393310546875 0.2586669921875 0.047821044921875
0.143585205078125 0.116714477539063 0.130096435546875 0.0756301879882813
0.0482025146484375 0.157455444335938 0.0479736328125 0.0745849609375
-0.0684814453125 0.143585205078125 -0.0680999755859375 0.0205612182617188
-0.047332763671875 0.092193603515625 -0.089385986328125 -0.218338012695313
-0.0393218994140625 0.150741577148438 0.09674072265625 -0.250411987304688
-0.267333984375 0.3333740234375 0.36273193359375 -0.341766357421875
-0.238311767578125 0.307220458984375 0.0751113891601562 -0.0456466674804687
-0.127899169921875 0.42840576171875 0.29669189453125 0.12677001953125
0.012603759765625 0.37762451171875 0.34954833984375 -0.13916015625
0.159332275390625 0.368927001953125 0.128097534179688 -0.157577514648437
0.309814453125 0.188232421875 0.0838623046875 -0.0954360961914062
0.342987060546875 0.01934814453125 0.135932922363281 -0.028656005859375
0.323211669921875 0.019073486328125 0.170089721679688 0.0021820068359375
0.3087158203125 -0.044525146484375 0.231689453125 -0.0077972412109375
0.264862060546875 0.0413970947265625 0.196441650390625 0.040130615234375
0.232879638671875 0.138397216796875 0.102874755859375 0.0706024169921875
0.154876708984375 0.20904541015625 0.0409011840820313 0.0682258605957031
-0.019134521484375 0.296661376953125 -0.0748977661132813 0.0325775146484375
-0.0864410400390625 0.270156860351562 -0.092559814453125 -0.180557250976562
-0.176605224609375 0.298065185546875 0.0545501708984375 -0.188491821289062
-0.4114990234375 0.395263671875 0.2694091796875 -0.197158813476562
-0.342071533203125 0.43560791015625 0.063262939453125 0.0609779357910157
-0.11590576171875 0.5858154296875 0.307281494140625 0.130401611328125
0.0931091308593751 0.453826904296875 0.31695556640625 -0.189422607421875
0.218231201171875 0.392974853515625 0.0509490966796875 -0.2171630859375
0.349456787109375 0.2039794921875 -0.0458755493164062 -0.139678955078125
0.384796142578125 0.0345458984375 -0.0124397277832031 -0.0189800262451172
0.378997802734375 0.03216552734375 0.0416259765625 0.0280647277832031
0.3741455078125 -0.0379638671875 0.119209289550781 0.0146102905273438
0.322113037109375 0.052001953125 0.107780456542969 0.0444412231445313
0.30810546875 0.15911865234375 0.0568389892578125 0.08013916015625
0.256256103515625 0.253646850585938 0.013671875 0.0748138427734375
0.04150390625 0.43695068359375 -0.0964126586914063 0.047210693359375
-0.110076904296875 0.43505859375 -0.0886688232421875 -0.121856689453125
-0.2918701171875 0.419281005859375 -0.0106582641601563 -0.08270263671875
-0.4779052734375 0.39556884765625 0.149856567382812 -0.0449981689453125
-0.36669921875 0.478912353515625 0.0540008544921875 0.168975830078125
-0.06512451171875 0.61016845703125 0.29754638671875 0.105621337890625
0.159637451171875 0.416473388671875 0.242904663085938 -0.228103637695312
0.2349853515625 0.32763671875 -0.0399017333984375 -0.252197265625
0.32513427734375 0.173675537109375 -0.17822265625 -0.1627197265625
0.3609619140625 0.03662109375 -0.163345336914063 -0.00407409667968753
0.375274658203125 0.03961181640625 -0.0930633544921875 0.050537109375
0.385589599609375 -0.019927978515625 -0.0114974975585937 0.0413665771484375
0.336151123046875 0.06878662109375 -0.00413513183593748 0.0553131103515625
0.338623046875 0.17474365234375 -0.0119552612304687 0.0956039428710938
0.317657470703125 0.28179931640625 -0.0365524291992187 0.0884933471679688
0.084136962890625 0.534088134765625 -0.127998352050781 0.0591735839843751
-0.134613037109375 0.547637939453125 -0.0801239013671875 -0.0438613891601562
-0.376434326171875 0.48260498046875 -0.093963623046875 0.0577468872070313
-0.45733642578125 0.346038818359375 0.0341567993164062 0.0884857177734375
-0.313690185546875 0.44500732421875 0.050567626953125 0.243804931640625
0.00814819335937498 0.510162353515625 0.259323120117188 0.0638427734375
0.185821533203125 0.2850341796875 0.147628784179688 -0.232040405273438
0.193099975585937 0.202301025390625 -0.115493774414062 -0.248443603515625
0.24114990234375 0.117507934570313 -0.27728271484375 -0.156707763671875
0.28033447265625 0.03204345703125 -0.285308837890625 0.017608642578125
0.312591552734375 0.04150390625 -0.21441650390625 0.0675811767578125
0.3333740234375 0.0084228515625 -0.143997192382812 0.063751220703125
0.28863525390625 0.081787109375 -0.121833801269531 0.0597915649414063
0.299163818359375 0.167633056640625 -0.0929489135742188 0.10369873046875
0.3094482421875 0.27557373046875 -0.104736328125 0.0981216430664063
0.08563232421875 0.554779052734375 -0.167022705078125 0.0601348876953126
-0.1683349609375 0.57147216796875 -0.073455810546875 0.0387725830078125
-0.417816162109375 0.457183837890625 -0.191192626953125 0.208877563476562
-0.37030029296875 0.26043701171875 -0.0542449951171875 0.1875
-0.208099365234375 0.358245849609375 0.0516510009765625 0.2763671875
0.076629638671875 0.34088134765625 0.203033447265625 0.02044677734375
0.167999267578125 0.123580932617188 0.05963134765625 -0.201370239257813
0.113853454589844 0.0694122314453125 -0.155532836914062 -0.211578369140625
0.124969482421875 0.0603179931640625 -0.32720947265625 -0.128173828125
0.16375732421875 0.027099609375 -0.364471435546875 0.037689208984375
0.200714111328125 0.0364532470703125 -0.303497314453125 0.077301025390625
0.223709106445313 0.0312042236328125 -0.253433227539063 0.0738983154296875
0.18280029296875 0.070526123046875 -0.218215942382813 0.051055908203125
0.203109741210938 0.118637084960938 -0.16448974609375 0.0972595214843751
0.245742797851563 0.21124267578125 -0.178802490234375 0.095458984375
0.06201171875 0.479522705078125 -0.211181640625 0.0396728515625
-0.195220947265625 0.488067626953125 -0.0775070190429688 0.104576110839844
-0.400390625 0.344512939453125 -0.293853759765625 0.34002685546875
-0.235992431640625 0.148056030273437 -0.1046142578125 0.249969482421875
-0.0904388427734375 0.236709594726563 0.0570526123046875 0.2772216796875
0.117202758789063 0.159423828125 0.146987915039063 -0.0125579833984375
0.117835998535156 -0.0150985717773437 -0.00187683105468751 -0.1556396484375
0.0217914581298828 -0.0329265594482422 -0.162826538085938 -0.165908813476562
0.00650596618652344 0.0182685852050781 -0.331451416015625 -0.095611572265625
0.0326042175292969 0.0268974304199219 -0.393157958984375 0.0520629882812499
0.0592079162597656 0.0243263244628906 -0.348114013671875 0.07684326171875
0.07275390625 0.0352630615234375 -0.31695556640625 0.071380615234375
0.0471305847167969 0.0228652954101563 -0.271514892578125 0.035430908203125
0.0882797241210938 0.0204315185546875 -0.206939697265625 0.0858917236328125
0.164443969726563 0.0907745361328125 -0.247268676757812 0.08343505859375
0.049896240234375 0.3203125 -0.253204345703125 -0.00129699707031249
-0.177581787109375 0.31243896484375 -0.0896148681640625 0.134529113769531
-0.30621337890625 0.1668701171875 -0.384002685546875 0.418792724609375
0.115219116210938 0.0145950317382813 0.359130859375 -0.4884033203125
0.0307998657226563 -0.113258361816406 0.0768280029296875 -0.153884887695313
-0.0961761474609375 -0.0607681274414062 0.238677978515625 0.0356292724609375
-0.115913391113281 0.0616912841796875 0.289337158203125 -0.095123291015625
0.000518798828124999 0.1282958984375 0.186126708984375 -0.0728912353515625
0.0897979736328125 0.0414352416992188 0.231277465820313 -0.0306549072265625
0.09954833984375 -0.0304794311523438 0.311126708984375 -0.057952880859375
0.0821380615234375 -0.0146331787109375 0.32244873046875 -0.056121826171875
0.0819778442382813 -0.0366134643554688 0.355712890625 -0.038665771484375
0.101570129394531 0.0174636840820313 0.2957763671875 0.052764892578125
0.0606689453125 0.0833969116210938 0.14678955078125 0.0896453857421875
-0.0369415283203125 0.0949249267578125 0.0414581298828125 0.092803955078125
-0.0826568603515625 -0.00632476806640624 -0.0784072875976563 0.0151138305664062
0.0138320922851562 -0.0735244750976563 -0.0963592529296875 -0.229934692382813
0.109771728515625 -0.00383758544921875 0.098480224609375 -0.2669677734375
-0.067108154296875 0.197525024414062 0.37445068359375 -0.44952392578125
-0.0902023315429688 0.111373901367188 0.073638916015625 -0.119651794433594
-0.101181030273438 0.188339233398437 0.271896362304688 0.0856170654296875
-0.050537109375 0.226516723632813 0.326934814453125 -0.10992431640625
0.08966064453125 0.258880615234375 0.166580200195313 -0.103668212890625
0.21490478515625 0.115127563476563 0.175216674804688 -0.05419921875
0.235336303710938 -0.014007568359375 0.246826171875 -0.0450439453125
0.213455200195312 -0.0053253173828125 0.264358520507813 -0.03338623046875
0.198776245117188 -0.047760009765625 0.30645751953125 -0.033233642578125
0.183609008789063 0.026275634765625 0.254409790039063 0.0367431640625
0.144866943359375 0.109466552734375 0.127937316894531 0.0706405639648437
0.051849365234375 0.152587890625 0.047882080078125 0.071044921875
-0.0622406005859375 0.1419677734375 -0.0664749145507813 0.0238723754882813
-0.0440826416015625 0.087554931640625 -0.100341796875 -0.20721435546875
-0.0312347412109375 0.145233154296875 0.083465576171875 -0.247055053710937
-0.247222900390625 0.330963134765625 0.33544921875 -0.345733642578125
-0.224029541015625 0.306915283203125 0.0665855407714844 -0.0449371337890625
-0.106903076171875 0.422119140625 0.29693603515625 0.11181640625
0.025970458984375 0.370697021484375 0.3338623046875 -0.14984130859375
0.170135498046875 0.353515625 0.11688232421875 -0.156341552734375
0.307220458984375 0.170562744140625 0.0746383666992188 -0.09307861328125
0.33203125 0.005889892578125 0.132171630859375 -0.0319747924804688
0.314727783203125 0.005859375 0.166976928710938 -0.00396728515625
0.2952880859375 -0.05548095703125 0.225311279296875 -0.017120361328125
0.258270263671875 0.0312957763671875 0.19329833984375 0.0318145751953125
0.23126220703125 0.126495361328125 0.101852416992188 0.06634521484375
0.155487060546875 0.198074340820313 0.0413284301757813 0.0645179748535157
-0.00860595703125 0.2889404296875 -0.07293701171875 0.0368118286132813
-0.075286865234375 0.26202392578125 -0.101531982421875 -0.170822143554687
-0.160186767578125 0.294586181640625 0.0455474853515625 -0.185531616210937
-0.38677978515625 0.399444580078125 0.249343872070313 -0.202835083007813
-0.3189697265625 0.4356689453125 0.0581130981445312 0.058990478515625
-0.0886230468749999 0.57208251953125 0.308807373046875 0.114593505859375
0.10540771484375 0.437896728515625 0.299713134765625 -0.196014404296875
0.228302001953125 0.372406005859375 0.0406646728515625 -0.211257934570312
0.346588134765625 0.1849365234375 -0.0534896850585937 -0.130424499511719
0.372955322265625 0.02008056640625 -0.0122184753417969 -0.0167999267578125
0.368560791015625 0.016204833984375 0.043914794921875 0.0256309509277344
0.35931396484375 -0.051025390625 0.116943359375 0.0099334716796875
0.31390380859375 0.041107177734375 0.106826782226563 0.0396957397460938
0.303741455078125 0.14422607421875 0.0586624145507813 0.0769729614257813
0.255523681640625 0.2362060546875 0.0148773193359375 0.072723388671875
0.05609130859375 0.423309326171875 -0.0931549072265625 0.0529632568359375
-0.09136962890625 0.4237060546875 -0.0952224731445313 -0.114906311035156
-0.26898193359375 0.418792724609375 -0.0125503540039063 -0.0801467895507812
-0.451171875 0.4039306640625 0.139152526855469 -0.05010986328125
-0.34112548828125 0.479400634765625 0.05377197265625 0.163436889648438
-0.0377197265625 0.59234619140625 0.297607421875 0.0904235839843751
0.1702880859375 0.39739990234375 0.227493286132813 -0.231842041015625
0.240692138671875 0.30828857421875 -0.0480499267578125 -0.243072509765625
0.32049560546875 0.15704345703125 -0.181472778320312 -0.147613525390625
0.350372314453125 0.025299072265625 -0.157546997070313 0.00450134277343753
0.36590576171875 0.02532958984375 -0.08636474609375 0.0532073974609375
0.37103271484375 -0.032257080078125 -0.00878906249999998 0.0413246154785156
0.32861328125 0.0572509765625 -0.000968933105468736 0.0545806884765625
0.33258056640625 0.157379150390625 -0.00701141357421872 0.094512939453125
0.314788818359375 0.26043701171875 -0.0325469970703125 0.0882110595703125
0.10137939453125 0.51629638671875 -0.123481750488281 0.0666656494140625
-0.111328125 0.536163330078125 -0.08282470703125 -0.0410995483398437
-0.348968505859375 0.484039306640625 -0.0865859985351563 0.0587081909179688
-0.43450927734375 0.3543701171875 0.03240966796875 0.0840072631835938
-0.2896728515625 0.44537353515625 0.0538177490234375 0.23724365234375
0.031036376953125 0.4915771484375 0.257598876953125 0.051605224609375
0.188644409179688 0.266830444335938 0.13519287109375 -0.2315673828125
0.194442749023438 0.187957763671875 -0.120086669921875 -0.235427856445313
0.236312866210938 0.106597900390625 -0.277236938476562 -0.13848876953125
0.271636962890625 0.022857666015625 -0.275283813476563 0.0293121337890625
0.30584716796875 0.029541015625 -0.204010009765625 0.0742034912109375
0.323638916015625 -0.002716064453125 -0.136695861816406 0.0687408447265625
0.282989501953125 0.0712890625 -0.115921020507812 0.063507080078125
0.295257568359375 0.1536865234375 -0.085113525390625 0.104972839355469
0.309173583984375 0.25286865234375 -0.0978775024414062 0.100082397460938
0.10498046875 0.535491943359375 -0.160812377929688 0.0681915283203126
-0.142120361328125 0.5614013671875 -0.0723495483398438 0.038299560546875
-0.391143798828125 0.461944580078125 -0.175460815429688 0.20843505859375
-0.351165771484375 0.269134521484375 -0.0495147705078125 0.184066772460938
-0.188934326171875 0.35577392578125 0.0567169189453125 0.267852783203125
0.08966064453125 0.32440185546875 0.200103759765625 0.011688232421875
0.165206909179688 0.110183715820313 0.0512237548828125 -0.199111938476562
0.111289978027344 0.06256103515625 -0.1572265625 -0.198532104492188
0.1217041015625 0.05615234375 -0.323211669921875 -0.10968017578125
0.158798217773438 0.0229644775390625 -0.350921630859375 0.053192138671875
0.1968994140625 0.0295867919921875 -0.29034423828125 0.08709716796875
0.219207763671875 0.023162841796875 -0.242263793945313 0.0830841064453125
0.18023681640625 0.06494140625 -0.210433959960937 0.058319091796875
0.200027465820313 0.109100341796875 -0.154769897460938 0.100448608398438
0.2449951171875 0.193801879882813 -0.170272827148437 0.1005859375
0.0825805664062501 0.463348388671875 -0.20465087890625 0.0502471923828125
-0.170440673828125 0.4835205078125 -0.0718994140625 0.101287841796875
-0.378204345703125 0.352386474609375 -0.268310546875 0.338531494140625
-0.224456787109375 0.15582275390625 -0.0958251953125 0.246002197265625
-0.07818603515625 0.233840942382812 0.0637664794921875 0.267990112304688
0.121322631835937 0.146163940429687 0.142440795898438 -0.0185089111328125
0.111396789550781 -0.02227783203125 -0.00595092773437499 -0.151443481445313
0.017608642578125 -0.0324916839599609 -0.16180419921875 -0.154861450195313
0.00667190551757812 0.0193462371826172 -0.32574462890625 -0.078582763671875
0.0319671630859375 0.0271339416503906 -0.378936767578125 0.067657470703125
0.0585556030273438 0.0232810974121094 -0.332916259765625 0.0881958007812499
0.073333740234375 0.0334548950195313 -0.304656982421875 0.082550048828125
0.0459709167480469 0.0231895446777344 -0.262374877929688 0.0449066162109375
0.08428955078125 0.0172805786132813 -0.196868896484375 0.09033203125
0.162567138671875 0.079620361328125 -0.236251831054687 0.0920562744140625
0.063507080078125 0.309844970703125 -0.246734619140625 0.0107574462890625
-0.1597900390625 0.312713623046875 -0.0813217163085938 0.129531860351563
-0.29400634765625 0.175079345703125 -0.353424072265625 0.41851806640625
0.111427307128906 0.00980377197265625 0.340606689453125 -0.480224609375
0.0255126953125 -0.110389709472656 0.0738983154296875 -0.147964477539062
-0.0957107543945313 -0.05615234375 0.233795166015625 0.0328521728515625
-0.111198425292969 0.0672073364257812 0.27947998046875 -0.096832275390625
0.00603485107421875 0.124923706054687 0.178802490234375 -0.072052001953125
0.0874099731445313 0.0366134643554688 0.224456787109375 -0.0309600830078125
0.094879150390625 -0.0336227416992188 0.303558349609375 -0.062042236328125
0.0790328979492188 -0.0168228149414063 0.3138427734375 -0.060150146484375
0.0773162841796875 -0.0384292602539063 0.34619140625 -0.04541015625
0.100570678710938 0.0136795043945313 0.29034423828125 0.04620361328125
0.063201904296875 0.08038330078125 0.142486572265625 0.0872955322265625
-0.0340042114257812 0.0962753295898437 0.0409393310546875 0.0907211303710938
-0.0825653076171875 -0.00412750244140624 -0.07769775390625 0.01617431640625
0.0102996826171875 -0.0742950439453125 -0.10186767578125 -0.221435546875
0.107887268066406 -0.0081939697265625 0.0906829833984375 -0.26104736328125
-0.0637664794921875 0.19268798828125 0.35528564453125 -0.4420166015625
-0.0899581909179688 0.110450744628906 0.0689315795898438 -0.11505126953125
-0.0965728759765625 0.186355590820313 0.26983642578125 0.079315185546875
-0.0457000732421875 0.225677490234375 0.315216064453125 -0.1126708984375
0.0944671630859375 0.252090454101563 0.1591796875 -0.101470947265625
0.21087646484375 0.10748291015625 0.1676025390625 -0.05206298828125
0.227920532226562 -0.018218994140625 0.240966796875 -0.04864501953125
0.207168579101563 -0.0092315673828125 0.258255004882813 -0.0363922119140625
0.190780639648438 -0.049957275390625 0.297821044921875 -0.038970947265625
0.1800537109375 0.0225830078125 0.249099731445312 0.0317840576171875
0.144073486328125 0.10467529296875 0.124397277832031 0.0693588256835938
0.051666259765625 0.15008544921875 0.0471458435058594 0.0689888000488282
-0.0594711303710938 0.140060424804688 -0.0654449462890625 0.0263214111328125
-0.043670654296875 0.0829696655273438 -0.105789184570312 -0.19866943359375
-0.0281143188476562 0.139694213867188 0.076873779296875 -0.241256713867188
-0.238494873046875 0.325714111328125 0.319122314453125 -0.342681884765625
-0.21783447265625 0.30438232421875 0.0614128112792969 -0.0423698425292968
-0.096282958984375 0.41259765625 0.295867919921875 0.1041259765625
0.030426025390625 0.362396240234375 0.322967529296875 -0.150634765625
0.1746826171875 0.34130859375 0.110595703125 -0.152847290039062
0.300537109375 0.15997314453125 0.0690765380859375 -0.0879364013671875
0.323028564453125 0.001129150390625 0.128990173339844 -0.0329437255859375
0.306884765625 -0.000213623046875 0.163803100585938 -0.006866455078125
0.2850341796875 -0.05859375 0.2197265625 -0.0202789306640625
0.2520751953125 0.0274200439453125 0.189285278320313 0.02813720703125
0.226776123046875 0.120376586914062 0.099884033203125 0.0650482177734375
0.152862548828125 0.191497802734375 0.0400009155273438 0.0625
-0.00421142578125 0.28192138671875 -0.0709991455078125 0.0402755737304688
-0.070648193359375 0.25341796875 -0.106658935546875 -0.163223266601562
-0.151885986328125 0.28887939453125 0.0419464111328125 -0.181304931640625
-0.371551513671875 0.39422607421875 0.236343383789062 -0.201904296875
-0.30999755859375 0.4312744140625 0.0533447265625 0.0597076416015625
-0.0763854980468751 0.55914306640625 0.307861328125 0.105194091796875
0.1097412109375 0.424774169921875 0.289276123046875 -0.197784423828125
0.22998046875 0.35968017578125 0.035675048828125 -0.205978393554688
0.339019775390625 0.174530029296875 -0.0570831298828125 -0.12310791015625
0.362823486328125 0.01513671875 -0.011697769165039 -0.0150365829467773
0.361663818359375 0.010101318359375 0.0451316833496094 0.0246047973632813
0.346527099609375 -0.05487060546875 0.115211486816406 0.00795745849609375
0.306854248046875 0.036712646484375 0.105873107910156 0.0371780395507813
0.297882080078125 0.13671875 0.0585479736328125 0.075408935546875
0.249282836914063 0.226242065429688 0.0156326293945313 0.0709991455078125
0.061431884765625 0.411376953125 -0.0904006958007812 0.0566482543945313
-0.084564208984375 0.412109375 -0.0984725952148437 -0.109428405761719
-0.256500244140625 0.4124755859375 -0.0123291015625 -0.078887939453125
-0.43560791015625 0.39990234375 0.130912780761719 -0.0513534545898437
-0.328033447265625 0.475860595703125 0.050140380859375 0.1617431640625
-0.02447509765625 0.57537841796875 0.29583740234375 0.08209228515625
0.169403076171875 0.382537841796875 0.218780517578125 -0.230194091796875
0.23968505859375 0.295623779296875 -0.0502471923828125 -0.236099243164063
0.311737060546875 0.14984130859375 -0.181503295898437 -0.13775634765625
0.339996337890625 0.02020263671875 -0.15277099609375 0.00843811035156252
0.358978271484375 0.019561767578125 -0.0813446044921875 0.0529098510742187
0.36077880859375 -0.036590576171875 -0.00699615478515623 0.0409927368164063
0.320465087890625 0.052978515625 0.000789642333984397 0.0537261962890625
0.325592041015625 0.149505615234375 -0.00412750244140622 0.0927963256835938
0.308563232421875 0.24755859375 -0.0303421020507812 0.08660888671875
0.10955810546875 0.502197265625 -0.119361877441406 0.0706634521484375
-0.100830078125 0.52215576171875 -0.0844345092773438 -0.0394439697265625
-0.334808349609375 0.47808837890625 -0.0812454223632813 0.0570907592773438
-0.417572021484375 0.35430908203125 0.0287322998046875 0.081085205078125
-0.27642822265625 0.43939208984375 0.0521392822265625 0.23321533203125
0.038848876953125 0.47601318359375 0.255355834960938 0.04534912109375
0.18646240234375 0.254653930664063 0.129226684570313 -0.229095458984375
0.191558837890625 0.1785888671875 -0.120010375976562 -0.22784423828125
0.230255126953125 0.1021728515625 -0.27337646484375 -0.127761840820313
0.263412475585938 0.0204620361328125 -0.266220092773438 0.0357818603515625
0.299591064453125 0.02484130859375 -0.19488525390625 0.0759429931640625
0.315521240234375 -0.0072021484375 -0.131011962890625 0.0702438354492188
0.27642822265625 0.0677947998046875 -0.111167907714844 0.0636978149414063
0.2886962890625 0.14599609375 -0.0801620483398437 0.103530883789063
0.303131103515625 0.239898681640625 -0.093780517578125 0.0998001098632812
0.11444091796875 0.52227783203125 -0.1552734375 0.0727233886718751
-0.129669189453125 0.549530029296875 -0.0716171264648438 0.03594970703125
-0.376220703125 0.458465576171875 -0.164474487304688 0.20391845703125
-0.33929443359375 0.2701416015625 -0.0495147705078125 0.179794311523438
-0.17889404296875 0.3509521484375 0.0566253662109375 0.263580322265625
0.09356689453125 0.310516357421875 0.196807861328125 0.00767517089843752
0.159515380859375 0.101318359375 0.0482940673828125 -0.194915771484375
0.10723876953125 0.0587234497070312 -0.155029296875 -0.191268920898438
0.118606567382813 0.0550460815429688 -0.31689453125 -0.099822998046875
0.153717041015625 0.0230865478515625 -0.339813232421875 0.059722900390625
0.193084716796875 0.027069091796875 -0.279510498046875 0.0893096923828125
0.215103149414063 0.020477294921875 -0.233642578125 0.0861968994140625
0.176345825195313 0.063751220703125 -0.20465087890625 0.06005859375
0.194747924804688 0.1046142578125 -0.147933959960938 0.10052490234375
0.240081787109375 0.182571411132812 -0.164260864257812 0.101425170898438
0.0901489257812499 0.4510498046875 -0.19830322265625 0.05474853515625
-0.158294677734375 0.47540283203125 -0.069122314453125 0.0958328247070313
-0.365631103515625 0.351806640625 -0.253509521484375 0.332427978515625
-0.216552734375 0.157546997070313 -0.0927276611328125 0.241928100585937
-0.0726318359375 0.229217529296875 0.0648040771484375 0.26275634765625
0.120872497558594 0.136268615722656 0.1387939453125 -0.0199813842773437
0.105682373046875 -0.0266647338867188 -0.00679016113281251 -0.147842407226562
0.0146541595458984 -0.0318775177001953 -0.158218383789063 -0.14947509765625
0.00633811950683594 0.020843505859375 -0.318328857421875 -0.070770263671875
0.0306491851806641 0.028045654296875 -0.36572265625 0.0734558105468749
0.0573158264160156 0.0233612060546875 -0.321533203125 0.090545654296875
0.0732574462890625 0.0330123901367188 -0.294036865234375 0.08642578125
0.0443382263183594 0.0248184204101562 -0.255447387695313 0.0478973388671875
0.0803375244140625 0.0167999267578125 -0.189483642578125 0.0905609130859375
0.158279418945313 0.0727081298828125 -0.22869873046875 0.094635009765625
0.07098388671875 0.30126953125 -0.24029541015625 0.0163421630859375
-0.149749755859375 0.31024169921875 -0.0767822265625 0.123374938964844
-0.286773681640625 0.1776123046875 -0.334686279296875 0.410797119140625
0.110610961914063 0.0076751708984375 0.33502197265625 -0.477813720703125
0.0214385986328125 -0.109512329101563 0.073211669921875 -0.145462036132813
-0.0958938598632812 -0.0535202026367188 0.234939575195313 0.03240966796875
-0.108779907226562 0.0716094970703125 0.275680541992188 -0.0977325439453125
0.0100631713867187 0.124015808105469 0.17559814453125 -0.0706024169921875
0.0856781005859375 0.032928466796875 0.223480224609375 -0.0289306640625
0.0917816162109375 -0.0359344482421875 0.301727294921875 -0.064239501953125
0.0776443481445313 -0.0182723999023438 0.310882568359375 -0.061737060546875
0.074615478515625 -0.0394210815429688 0.343597412109375 -0.04937744140625
0.101097106933594 0.0102081298828125 0.289154052734375 0.04315185546875
0.06591796875 0.0792617797851563 0.140762329101563 0.0887603759765625
-0.0326385498046875 0.0991363525390625 0.040496826171875 0.0904693603515625
-0.0835647583007813 -0.00240325927734375 -0.078704833984375 0.017486572265625
0.00766754150390625 -0.0760650634765625 -0.10675048828125 -0.217987060546875
0.107444763183594 -0.012176513671875 0.0878448486328125 -0.259292602539063
-0.0636444091796875 0.19061279296875 0.349884033203125 -0.440155029296875
-0.0930633544921875 0.111602783203125 0.0665206909179688 -0.112548828125
-0.0953216552734375 0.186370849609375 0.27099609375 0.0773773193359375
-0.04351806640625 0.228240966796875 0.313018798828125 -0.11383056640625
0.0986175537109375 0.249603271484375 0.156692504882813 -0.100326538085937
0.208480834960938 0.104080200195313 0.165985107421875 -0.04962158203125
0.223785400390625 -0.01971435546875 0.239410400390625 -0.0491790771484375
0.20587158203125 -0.0115966796875 0.256561279296875 -0.0370941162109375
0.18701171875 -0.0507659912109375 0.29656982421875 -0.041015625
0.1790771484375 0.0201263427734375 0.24847412109375 0.0291900634765625
0.144546508789063 0.1031494140625 0.122772216796875 0.070220947265625
0.051666259765625 0.151107788085938 0.0464248657226563 0.068450927734375
-0.0585098266601562 0.140548706054688 -0.0657806396484375 0.0281715393066406
-0.0460662841796875 0.0801925659179688 -0.11077880859375 -0.194610595703125
-0.0274505615234375 0.136428833007813 0.0743408203125 -0.240127563476563
-0.237548828125 0.324188232421875 0.31219482421875 -0.34063720703125
-0.2196044921875 0.305084228515625 0.0575447082519531 -0.0393753051757812
-0.093994140625 0.4091796875 0.298370361328125 0.10125732421875
0.03155517578125 0.362579345703125 0.319122314453125 -0.152801513671875
0.1785888671875 0.338134765625 0.108078002929688 -0.15118408203125
0.298004150390625 0.15771484375 0.066314697265625 -0.0837631225585937
0.31903076171875 -0.000762939453125 0.12823486328125 -0.0325546264648438
0.305389404296875 -0.002227783203125 0.163894653320313 -0.0069580078125
0.280563354492188 -0.05889892578125 0.219192504882813 -0.0223846435546875
0.25091552734375 0.0264434814453125 0.189254760742188 0.027069091796875
0.226669311523438 0.11944580078125 0.0994796752929688 0.0660858154296875
0.150390625 0.190658569335938 0.0398025512695313 0.0625495910644531
-0.00332641601562498 0.2813720703125 -0.0700454711914062 0.0431251525878906
-0.071929931640625 0.24859619140625 -0.110549926757812 -0.160247802734375
-0.150360107421875 0.28619384765625 0.040863037109375 -0.180770874023437
-0.369903564453125 0.39422607421875 0.23016357421875 -0.200973510742187
-0.309326171875 0.43182373046875 0.0489349365234375 0.0624847412109375
-0.0714111328125 0.55401611328125 0.310272216796875 0.1015625
0.10919189453125 0.422210693359375 0.2869873046875 -0.19903564453125
0.23260498046875 0.35540771484375 0.0337677001953125 -0.204376220703125
0.335845947265625 0.1729736328125 -0.05865478515625 -0.117774963378906
0.359161376953125 0.015045166015625 -0.0108299255371094 -0.0130863189697266
0.360443115234375 0.0076904296875 0.0459136962890625 0.0249290466308594
0.3428955078125 -0.055572509765625 0.115890502929688 0.00678253173828125
0.30487060546875 0.036651611328125 0.106857299804688 0.0361709594726563
0.296051025390625 0.135040283203125 0.0590744018554688 0.076171875
0.24578857421875 0.224166870117187 0.0155410766601563 0.0707931518554688
0.06500244140625 0.40863037109375 -0.087799072265625 0.0602264404296875
-0.082733154296875 0.40740966796875 -0.102088928222656 -0.108039855957031
-0.254791259765625 0.412200927734375 -0.0111236572265625 -0.078948974609375
-0.431549072265625 0.400054931640625 0.126197814941406 -0.0518035888671875
-0.325408935546875 0.4757080078125 0.0467681884765625 0.164215087890625
-0.02081298828125 0.5701904296875 0.297515869140625 0.079193115234375
0.1695556640625 0.379241943359375 0.216415405273438 -0.23138427734375
0.23870849609375 0.290740966796875 -0.050689697265625 -0.233673095703125
0.309478759765625 0.149169921875 -0.182861328125 -0.132537841796875
0.33636474609375 0.020294189453125 -0.150131225585938 0.010955810546875
0.357696533203125 0.0172119140625 -0.0789871215820312 0.0538406372070313
0.3583984375 -0.0377197265625 -0.00519943237304685 0.0411872863769531
0.319061279296875 0.053985595703125 0.00133132934570314 0.0534706115722656
0.323760986328125 0.148406982421875 -0.00218963623046873 0.0933609008789063
0.304901123046875 0.243988037109375 -0.0295257568359375 0.086761474609375
0.11334228515625 0.49798583984375 -0.116889953613281 0.0742950439453125
-0.097137451171875 0.518585205078125 -0.0864791870117188 -0.0397186279296875
-0.33221435546875 0.4783935546875 -0.0783233642578125 0.0559158325195313
-0.4158935546875 0.35552978515625 0.0256881713867187 0.0800628662109375
-0.275848388671875 0.440582275390625 0.0490570068359375 0.235336303710938
0.0422668457031249 0.468902587890625 0.256393432617188 0.04241943359375
0.18341064453125 0.248870849609375 0.128143310546875 -0.228729248046875
0.189910888671875 0.175125122070313 -0.119125366210937 -0.22576904296875
0.22747802734375 0.10247802734375 -0.273605346679688 -0.1224365234375
0.261123657226563 0.0219268798828125 -0.263656616210937 0.0382232666015625
0.299774169921875 0.023590087890625 -0.192092895507812 0.0762176513671875
0.31451416015625 -0.00775146484375 -0.127853393554688 0.0713653564453125
0.275100708007813 0.0700836181640625 -0.110107421875 0.0649032592773438
0.286529541015625 0.145843505859375 -0.0775070190429687 0.103713989257813
0.29949951171875 0.236602783203125 -0.0920562744140625 0.100379943847656
0.11944580078125 0.51739501953125 -0.15289306640625 0.076568603515625
-0.126220703125 0.5482177734375 -0.0727157592773438 0.0338897705078125
-0.375091552734375 0.460784912109375 -0.15948486328125 0.20123291015625
-0.3365478515625 0.272857666015625 -0.0517578125 0.179290771484375
-0.17822265625 0.35198974609375 0.05560302734375 0.265350341796875
0.094818115234375 0.30389404296875 0.197418212890625 0.00622558593750002
0.155685424804688 0.09637451171875 0.04742431640625 -0.194320678710937
0.10516357421875 0.0567092895507813 -0.153350830078125 -0.190078735351563
0.116912841796875 0.056396484375 -0.31597900390625 -0.0958251953125
0.151626586914063 0.0248565673828125 -0.3348388671875 0.0616455078125
0.193222045898438 0.0268402099609375 -0.275955200195313 0.0907745361328125
0.214889526367188 0.02032470703125 -0.230453491210938 0.0880889892578125
0.175277709960937 0.06561279296875 -0.203323364257813 0.0616455078125
0.192535400390625 0.105010986328125 -0.144821166992188 0.0997314453125
0.237106323242188 0.178863525390625 -0.161697387695312 0.10321044921875
0.09576416015625 0.447509765625 -0.195419311523438 0.0580596923828125
-0.1531982421875 0.47509765625 -0.0689010620117188 0.0926055908203125
-0.364837646484375 0.3536376953125 -0.2479248046875 0.329132080078125
-0.214492797851563 0.160552978515625 -0.0936431884765625 0.2415771484375
-0.071533203125 0.229904174804688 0.0655059814453125 0.264816284179688
0.120597839355469 0.131439208984375 0.138397216796875 -0.0205459594726562
0.101264953613281 -0.0299301147460938 -0.00642395019531249 -0.147232055664063
0.0131359100341797 -0.0317039489746094 -0.156219482421875 -0.148239135742188
0.00625228881835938 0.0230464935302734 -0.316650390625 -0.0675048828125
0.0296669006347656 0.0302352905273437 -0.361663818359375 0.0757751464843751
0.0575942993164063 0.0241508483886719 -0.317718505859375 0.09185791015625
0.07452392578125 0.0334243774414063 -0.290435791015625 0.088836669921875
0.0433807373046875 0.0277366638183594 -0.254959106445313 0.049468994140625
0.0780792236328125 0.0173187255859375 -0.186309814453125 0.0896759033203125
0.155914306640625 0.0693359375 -0.2259521484375 0.09674072265625
0.07623291015625 0.298248291015625 -0.23785400390625 0.01910400390625
-0.1456298828125 0.31219482421875 -0.075592041015625 0.118644714355469
-0.286895751953125 0.179962158203125 -0.32672119140625 0.407562255859375
0.112686157226563 0.0048065185546875 0.33343505859375 -0.48974609375
0.0177001953125 -0.111282348632812 0.0729217529296875 -0.14715576171875
-0.0991058349609375 -0.0516433715820312 0.24151611328125 0.0302276611328125
-0.107254028320313 0.078704833984375 0.277999877929688 -0.104278564453125
0.0144729614257813 0.125587463378906 0.176361083984375 -0.07183837890625
0.0862274169921875 0.0303726196289062 0.227767944335937 -0.0298614501953125
0.0906753540039063 -0.0398941040039063 0.3062744140625 -0.0706787109375
0.0780792236328125 -0.0210647583007813 0.315185546875 -0.0675048828125
0.0736846923828125 -0.0421218872070312 0.348175048828125 -0.056793212890625
0.103652954101563 0.0060272216796875 0.29443359375 0.03887939453125
0.0713119506835938 0.078887939453125 0.142623901367188 0.0905609130859375
-0.0297393798828125 0.103683471679688 0.0415115356445313 0.0915908813476563
-0.0860366821289063 5.3405761718754E-05 -0.0810317993164063 0.0201187133789063
0.0038909912109375 -0.0792617797851563 -0.116592407226563 -0.217880249023438
0.109504699707031 -0.0165557861328125 0.08477783203125 -0.263763427734375
-0.0625762939453125 0.19366455078125 0.345703125 -0.451416015625
-0.0953369140625 0.116416931152344 0.0654449462890625 -0.112998962402344
-0.094207763671875 0.1912841796875 0.279739379882813 0.073486328125
-0.03961181640625 0.235076904296875 0.316131591796875 -0.122222900390625
0.105941772460938 0.251312255859375 0.155838012695312 -0.102188110351562
0.211471557617188 0.102249145507813 0.168319702148438 -0.0485687255859375
0.2252197265625 -0.024139404296875 0.242965698242188 -0.0537567138671875
0.209060668945313 -0.0152587890625 0.261337280273438 -0.041961669921875
0.188507080078125 -0.0545806884765625 0.3006591796875 -0.047576904296875
0.18280029296875 0.0169677734375 0.253204345703125 0.0255584716796875
0.150222778320313 0.102691650390625 0.125 0.0726776123046875
0.0539093017578125 0.154830932617188 0.0467720031738281 0.0686988830566406
-0.0587615966796875 0.144485473632813 -0.0658531188964844 0.0317420959472656
-0.0486831665039062 0.0786895751953125 -0.119491577148438 -0.193862915039062
-0.0259017944335938 0.137229919433594 0.072174072265625 -0.243560791015625
-0.239471435546875 0.33270263671875 0.309600830078125 -0.35052490234375
-0.220794677734375 0.315765380859375 0.0548591613769531 -0.0381507873535156
-0.09039306640625 0.417755126953125 0.30816650390625 0.096466064453125
0.0377197265625 0.369293212890625 0.32196044921875 -0.1627197265625
0.187255859375 0.34112548828125 0.106643676757812 -0.154098510742187
0.303192138671875 0.156585693359375 0.0663070678710938 -0.0820770263671875
0.32220458984375 -0.005035400390625 0.130393981933594 -0.0345077514648437
0.310821533203125 -0.00787353515625 0.167434692382813 -0.00933837890625
0.283477783203125 -0.063232421875 0.223052978515625 -0.0268096923828125
0.255264282226563 0.0234222412109375 0.193145751953125 0.0238494873046875
0.23175048828125 0.118515014648438 0.102149963378906 0.0678253173828125
0.153945922851563 0.193115234375 0.0408248901367188 0.0625152587890625
0.00119018554687497 0.28619384765625 -0.0687179565429688 0.0470352172851563
-0.072540283203125 0.250259399414063 -0.118881225585938 -0.158584594726563
-0.148956298828125 0.291534423828125 0.0391082763671875 -0.183868408203125
-0.372344970703125 0.404632568359375 0.2283935546875 -0.207443237304687
-0.310577392578125 0.4464111328125 0.0474739074707031 0.0663871765136719
-0.063934326171875 0.56207275390625 0.320465087890625 0.0966796875
0.116943359375 0.42724609375 0.2886962890625 -0.20892333984375
0.24090576171875 0.357086181640625 0.03143310546875 -0.208221435546875
0.341644287109375 0.172393798828125 -0.0621566772460937 -0.11505126953125
0.36358642578125 0.01153564453125 -0.0105113983154297 -0.0117607116699219
0.366790771484375 0.001312255859375 0.0484886169433594 0.0247764587402344
0.347412109375 -0.06036376953125 0.119285583496094 0.0044403076171875
0.30999755859375 0.034149169921875 0.109634399414063 0.0357666015625
0.3018798828125 0.133941650390625 0.0621871948242188 0.0773468017578125
0.250534057617188 0.224777221679687 0.017059326171875 0.071014404296875
0.0740966796875 0.413330078125 -0.0863723754882813 0.0658111572265625
-0.080535888671875 0.41143798828125 -0.108512878417969 -0.107215881347656
-0.252777099609375 0.422882080078125 -0.0107879638671875 -0.0802688598632812
-0.43511962890625 0.412811279296875 0.123794555664062 -0.054473876953125
-0.3277587890625 0.490631103515625 0.046234130859375 0.170425415039063
-0.0114746093750001 0.57733154296875 0.307342529296875 0.0736083984375001
0.173980712890625 0.37933349609375 0.217239379882813 -0.2392578125
0.247314453125 0.290985107421875 -0.0548248291015625 -0.23675537109375
0.314788818359375 0.148773193359375 -0.187713623046875 -0.128753662109375
0.3411865234375 0.018310546875 -0.152435302734375 0.0146484375
0.364654541015625 0.011322021484375 -0.0774154663085937 0.05609130859375
0.363433837890625 -0.0419921875 -0.00269699096679685 0.0417633056640625
0.32452392578125 0.052398681640625 0.00289916992187503 0.0546875
0.33056640625 0.147216796875 0.000419616699218776 0.0948333740234375
0.310028076171875 0.24310302734375 -0.028564453125 0.0884780883789063
0.125762939453125 0.50494384765625 -0.114974975585937 0.0808334350585938
-0.0931396484375 0.526702880859375 -0.09161376953125 -0.0396347045898437
-0.330810546875 0.493408203125 -0.0765762329101563 0.056549072265625
-0.419097900390625 0.368011474609375 0.0233840942382812 0.0817718505859375
-0.2744140625 0.4549560546875 0.051361083984375 0.242919921875
0.05126953125 0.473175048828125 0.263717651367187 0.038665771484375
0.18682861328125 0.246780395507812 0.12689208984375 -0.2352294921875
0.194229125976563 0.173995971679688 -0.123214721679688 -0.228302001953125
0.231704711914062 0.103378295898437 -0.279525756835938 -0.11724853515625
0.263839721679688 0.022308349609375 -0.265625 0.0440216064453125
0.305755615234375 0.019866943359375 -0.191696166992187 0.0810699462890625
0.319732666015625 -0.011688232421875 -0.126358032226562 0.0740814208984375
0.28106689453125 0.0699615478515625 -0.110847473144531 0.0675506591796875
0.2923583984375 0.145477294921875 -0.0754241943359375 0.105987548828125
0.304046630859375 0.23480224609375 -0.0912628173828125 0.103157043457031
0.132568359375 0.522735595703125 -0.151580810546875 0.0828704833984375
-0.119781494140625 0.55767822265625 -0.0753097534179688 0.032989501953125
-0.376373291015625 0.476409912109375 -0.157135009765625 0.204559326171875
-0.33917236328125 0.283660888671875 -0.0527496337890625 0.18365478515625
-0.17523193359375 0.36236572265625 0.0602264404296875 0.272445678710937
0.101806640625 0.3045654296875 0.201675415039063 0.00329589843750002
0.156143188476562 0.09246826171875 0.04644775390625 -0.19830322265625
0.105155944824219 0.054473876953125 -0.156692504882812 -0.191635131835938
0.118400573730469 0.058349609375 -0.32171630859375 -0.090728759765625
0.153778076171875 0.0266876220703125 -0.337646484375 0.068450927734375
0.196914672851563 0.0251312255859375 -0.276840209960938 0.09552001953125
0.22003173828125 0.0186920166015625 -0.230636596679688 0.0928955078125
0.17926025390625 0.0676422119140625 -0.205795288085937 0.065765380859375
0.196182250976563 0.105270385742187 -0.14404296875 0.102096557617188
0.241073608398438 0.176116943359375 -0.161834716796875 0.107498168945312
0.10888671875 0.452789306640625 -0.196151733398438 0.064300537109375
-0.14801025390625 0.485107421875 -0.069854736328125 0.0909881591796875
-0.36895751953125 0.369049072265625 -0.244293212890625 0.3341064453125
-0.215576171875 0.167938232421875 -0.0940093994140625 0.247589111328125
-0.069427490234375 0.2364501953125 0.072052001953125 0.271041870117188
0.124755859375 0.12908935546875 0.141006469726563 -0.0224761962890625
0.0988006591796875 -0.0340805053710938 -0.00805664062499999 -0.14910888671875
0.01019287109375 -0.0327205657958984 -0.159378051757812 -0.149200439453125
0.00633049011230469 0.0251331329345703 -0.322418212890625 -0.06378173828125
0.0302181243896484 0.0333995819091797 -0.364410400390625 0.0835266113281251
0.0586776733398438 0.0251655578613281 -0.31976318359375 0.09735107421875
0.0773544311523438 0.0339584350585938 -0.292022705078125 0.0943908691406251
0.04449462890625 0.030364990234375 -0.258560180664063 0.0544281005859375
0.0780792236328125 0.0179824829101562 -0.186874389648438 0.0920867919921876
0.157058715820313 0.0662994384765625 -0.226760864257813 0.103561401367188
0.0858154296875 0.30035400390625 -0.240554809570313 0.0240631103515625
-0.14215087890625 0.320556640625 -0.0752105712890625 0.116851806640625
-0.29217529296875 0.18963623046875 -0.325592041015625 0.416168212890625
0.115493774414063 -0.000885009765625 0.321929931640625 -0.5128173828125
0.0112686157226562 -0.112831115722656 0.069305419921875 -0.151885986328125
-0.10504150390625 -0.0483322143554687 0.250289916992188 0.0208892822265625
-0.1033935546875 0.0871505737304688 0.279098510742188 -0.118560791015625
0.0221405029296875 0.126457214355469 0.176025390625 -0.0787353515625
0.087188720703125 0.02587890625 0.233108520507813 -0.0373077392578125
0.0887451171875 -0.0460739135742188 0.309539794921875 -0.08502197265625
0.0782089233398438 -0.025299072265625 0.318389892578125 -0.080474853515625
0.0719528198242188 -0.0458297729492187 0.351715087890625 -0.073883056640625
0.106758117675781 -0.001007080078125 0.30224609375 0.026092529296875
0.0780715942382813 0.0763320922851562 0.147796630859375 0.088836669921875
-0.02459716796875 0.109565734863281 0.0451126098632812 0.0916061401367188
-0.08880615234375 0.00482177734375002 -0.08251953125 0.0241928100585938
-0.00260162353515626 -0.0819778442382813 -0.131561279296875 -0.214523315429688
0.111053466796875 -0.023712158203125 0.075469970703125 -0.269927978515625
-0.057098388671875 0.19879150390625 0.334930419921875 -0.475341796875
-0.0957870483398438 0.124214172363281 0.060638427734375 -0.11572265625
-0.0902557373046875 0.198715209960938 0.29083251953125 0.0625
-0.0302276611328125 0.24310302734375 0.316802978515625 -0.1390380859375
0.120071411132812 0.251815795898438 0.154861450195312 -0.1094970703125
0.21832275390625 0.09552001953125 0.171722412109375 -0.0533447265625
0.227325439453125 -0.0339202880859375 0.246017456054688 -0.0639190673828125
0.212127685546875 -0.0251007080078125 0.264389038085937 -0.05224609375
0.188064575195313 -0.062835693359375 0.304473876953125 -0.0621337890625
0.186935424804688 0.0079345703125 0.259368896484375 0.015106201171875
0.158462524414063 0.0989532470703125 0.129226684570313 0.0709609985351563
0.0618896484375 0.158004760742188 0.0499649047851563 0.0675888061523438
-0.0545196533203125 0.150100708007813 -0.0645103454589844 0.0360794067382812
-0.0503082275390625 0.0804977416992188 -0.133255004882813 -0.188934326171875
-0.0209426879882812 0.138832092285156 0.064056396484375 -0.250106811523438
-0.232940673828125 0.34814453125 0.299102783203125 -0.370452880859375
-0.21533203125 0.332977294921875 0.0526847839355469 -0.03826904296875
-0.075897216796875 0.42913818359375 0.320587158203125 0.083465576171875
0.051849365234375 0.37567138671875 0.322052001953125 -0.180389404296875
0.20562744140625 0.33953857421875 0.102493286132813 -0.160797119140625
0.31396484375 0.148834228515625 0.0651473999023438 -0.082733154296875
0.327056884765625 -0.016082763671875 0.13177490234375 -0.0388107299804688
0.31719970703125 -0.021270751953125 0.171478271484375 -0.01568603515625
0.285491943359375 -0.075408935546875 0.227386474609375 -0.03765869140625
0.260574340820313 0.013519287109375 0.198471069335938 0.0159912109375
0.241256713867188 0.112152099609375 0.106941223144531 0.0659561157226563
0.163467407226563 0.191818237304688 0.0436210632324219 0.0612373352050781
0.012969970703125 0.29107666015625 -0.0661468505859375 0.0524253845214844
-0.0679779052734375 0.25543212890625 -0.130218505859375 -0.154541015625
-0.140625 0.30230712890625 0.0342254638671875 -0.188369750976562
-0.36602783203125 0.4273681640625 0.221359252929687 -0.2203369140625
-0.301788330078125 0.469390869140625 0.0479850769042968 0.0691642761230469
-0.044189453125 0.574462890625 0.333343505859375 0.08319091796875
0.13275146484375 0.4305419921875 0.287353515625 -0.22613525390625
0.26055908203125 0.353485107421875 0.0233612060546875 -0.212905883789062
0.353759765625 0.164642333984375 -0.06781005859375 -0.111351013183594
0.37103271484375 -9.1552734375E-05 -0.0107383728027344 -0.00973987579345703
0.3748779296875 -0.01287841796875 0.0523338317871094 0.0235214233398438
0.35089111328125 -0.07537841796875 0.123695373535156 -0.0012664794921875
0.316864013671875 0.0240478515625 0.113876342773438 0.0315628051757813
0.312774658203125 0.125885009765625 0.0675201416015625 0.0765228271484375
0.261672973632813 0.220199584960938 0.0199127197265625 0.0712738037109375
0.092071533203125 0.4183349609375 -0.08221435546875 0.0721206665039063
-0.069366455078125 0.419952392578125 -0.117904663085938 -0.103485107421875
-0.243316650390625 0.441131591796875 -0.0126800537109375 -0.0825729370117187
-0.430694580078125 0.439178466796875 0.120552062988281 -0.0601348876953125
-0.316314697265625 0.516510009765625 0.052215576171875 0.175140380859375
0.0118408203125 0.5880126953125 0.318572998046875 0.0618896484375
0.190155029296875 0.37841796875 0.21282958984375 -0.254180908203125
0.261688232421875 0.286834716796875 -0.0646820068359375 -0.239913940429687
0.3251953125 0.142608642578125 -0.196273803710938 -0.121414184570312
0.348388671875 0.009521484375 -0.152999877929688 0.0228271484375
0.374237060546875 -0.00323486328125 -0.0751190185546875 0.0603179931640625
0.36865234375 -0.057891845703125 0.00104141235351565 0.0414848327636719
0.333648681640625 0.04315185546875 0.00572586059570315 0.0551643371582031
0.34246826171875 0.138702392578125 0.00523376464843752 0.0957717895507813
0.322723388671875 0.235870361328125 -0.0250244140625 0.0904998779296875
0.14971923828125 0.508697509765625 -0.110389709472656 0.088592529296875
-0.075347900390625 0.53924560546875 -0.0971908569335938 -0.0369796752929687
-0.31866455078125 0.517120361328125 -0.0735702514648438 0.0579605102539063
-0.415802001953125 0.39306640625 0.0233612060546875 0.0822219848632813
-0.26177978515625 0.478424072265625 0.0615997314453125 0.249710083007813
0.0706787109375 0.477813720703125 0.272918701171875 0.027923583984375
0.196701049804688 0.242080688476563 0.121414184570313 -0.245132446289063
0.201522827148437 0.168685913085937 -0.133102416992188 -0.228561401367187
0.2386474609375 0.099456787109375 -0.289215087890625 -0.106658935546875
0.270706176757813 0.0172271728515625 -0.267623901367188 0.0566101074218751
0.31341552734375 0.008636474609375 -0.1903076171875 0.0896453857421875
0.327056884765625 -0.023895263671875 -0.124122619628906 0.0802764892578125
0.290252685546875 0.06390380859375 -0.110183715820313 0.0735321044921875
0.302947998046875 0.138702392578125 -0.0709609985351562 0.109336853027344
0.3167724609375 0.227142333984375 -0.0886306762695312 0.108345031738281
0.157989501953125 0.527313232421875 -0.148086547851563 0.092010498046875
-0.1016845703125 0.572998046875 -0.0773239135742188 0.034515380859375
-0.366455078125 0.503173828125 -0.149246215820313 0.2119140625
-0.33489990234375 0.3043212890625 -0.04986572265625 0.188674926757813
-0.16558837890625 0.379150390625 0.0727386474609375 0.278594970703125
0.11651611328125 0.3040771484375 0.207534790039063 -0.00479125976562498
0.158554077148438 0.08526611328125 0.04022216796875 -0.203811645507813
0.106155395507813 0.0510940551757813 -0.166275024414062 -0.189559936523438
0.122650146484375 0.0577774047851563 -0.331085205078125 -0.0786437988281249
0.158370971679688 0.025726318359375 -0.340301513671875 0.083587646484375
0.20263671875 0.0187225341796875 -0.277252197265625 0.108047485351563
0.225982666015625 0.010986328125 -0.229156494140625 0.103347778320313
0.186569213867188 0.0654754638671875 -0.207534790039063 0.0756683349609375
0.203201293945312 0.101715087890625 -0.141738891601563 0.10797119140625
0.2501220703125 0.16925048828125 -0.15960693359375 0.116226196289063
0.131805419921875 0.456756591796875 -0.194839477539063 0.0750579833984375
-0.13214111328125 0.502532958984375 -0.0695953369140625 0.0919342041015625
-0.364837646484375 0.393585205078125 -0.23455810546875 0.348236083984375
-0.213088989257813 0.1826171875 -0.08905029296875 0.257553100585938
-0.0601348876953125 0.246429443359375 0.0851898193359375 0.27734375
0.131820678710938 0.1248779296875 0.143661499023438 -0.0277099609375
0.0955047607421875 -0.0400772094726563 -0.012847900390625 -0.151077270507813
0.00668144226074219 -0.0338230133056641 -0.1668701171875 -0.146942138671875
0.008209228515625 0.0277194976806641 -0.330535888671875 -0.0523681640625
0.0319061279296875 0.037567138671875 -0.367584228515625 0.0990600585937499
0.0606727600097656 0.0249481201171875 -0.32049560546875 0.1112060546875
0.08154296875 0.0323028564453125 -0.29083251953125 0.1070556640625
0.0466384887695312 0.0324554443359375 -0.262344360351563 0.0655670166015626
0.0788040161132813 0.0162887573242188 -0.185836791992188 0.0995330810546875
0.160980224609375 0.060089111328125 -0.22601318359375 0.1156005859375
0.102508544921875 0.300537109375 -0.243270874023438 0.03466796875
-0.13134765625 0.334320068359375 -0.0731277465820313 0.117591857910156
-0.292633056640625 0.2073974609375 -0.312744140625 0.433929443359375
0.1168212890625 -0.00939178466796875 0.289642333984375 -0.53289794921875
0.00272369384765624 -0.113334655761719 0.0603179931640625 -0.155487060546875
-0.109321594238281 -0.0416030883789062 0.253219604492188 0.0060882568359375
-0.0962982177734375 0.094970703125 0.271682739257813 -0.136383056640625
0.0320205688476563 0.124618530273437 0.170608520507813 -0.0874176025390625
0.0875701904296875 0.01934814453125 0.233810424804688 -0.049835205078125
0.083251953125 -0.0529251098632813 0.3055419921875 -0.103302001953125
0.0767364501953125 -0.0312347412109375 0.314208984375 -0.099334716796875
0.068450927734375 -0.0514068603515625 0.34765625 -0.096588134765625
0.106422424316406 -0.0112838745117188 0.30364990234375 0.005950927734375
0.0859832763671875 0.0701751708984375 0.15240478515625 0.082977294921875
-0.0165634155273438 0.113067626953125 0.0503463745117188 0.0891647338867188
-0.0891571044921875 0.0114288330078125 -0.0813674926757813 0.0300827026367187
-0.011199951171875 -0.0834579467773438 -0.147842407226563 -0.204330444335937
0.11065673828125 -0.0333709716796875 0.059112548828125 -0.2724609375
-0.0455322265625 0.201629638671875 0.3067626953125 -0.495758056640625
-0.0909194946289062 0.131675720214844 0.0526351928710937 -0.117355346679687
-0.0804901123046875 0.204803466796875 0.296722412109375 0.044158935546875
-0.01513671875 0.246994018554687 0.3087158203125 -0.16009521484375
0.136688232421875 0.245101928710938 0.1475830078125 -0.1173095703125
0.223037719726563 0.083251953125 0.170059204101562 -0.061798095703125
0.224700927734375 -0.047027587890625 0.2435302734375 -0.0776519775390625
0.212493896484375 -0.038665771484375 0.262191772460938 -0.0675201416015625
0.184417724609375 -0.0748138427734375 0.301727294921875 -0.08203125
0.187088012695313 -0.0049285888671875 0.260635375976563 -0.001708984375
0.166168212890625 0.08856201171875 0.133636474609375 0.0652542114257813
0.0718994140625 0.156204223632813 0.0532455444335938 0.0638236999511719
-0.045745849609375 0.154159545898437 -0.061431884765625 0.0404319763183594
-0.0500640869140625 0.0817489624023438 -0.147613525390625 -0.17822265625
-0.012847900390625 0.137619018554688 0.0496673583984375 -0.253402709960938
-0.2144775390625 0.362152099609375 0.275543212890625 -0.387176513671875
-0.19915771484375 0.348175048828125 0.0481224060058594 -0.0381813049316406
-0.052276611328125 0.43524169921875 0.3277587890625 0.062408447265625
0.072601318359375 0.37396240234375 0.31158447265625 -0.202484130859375
0.22625732421875 0.326934814453125 0.09228515625 -0.166717529296875
0.321685791015625 0.131988525390625 0.0611724853515625 -0.0847854614257812
0.327178955078125 -0.03375244140625 0.13055419921875 -0.0455245971679687
0.317596435546875 -0.040679931640625 0.17230224609375 -0.026153564453125
0.28167724609375 -0.092376708984375 0.226577758789063 -0.0533294677734375
0.261993408203125 -0.0019073486328125 0.199966430664063 0.0034637451171875
0.248809814453125 0.098358154296875 0.110801696777344 0.060882568359375
0.173858642578125 0.185302734375 0.04632568359375 0.0575637817382813
0.029876708984375 0.2901611328125 -0.0601234436035156 0.0570335388183594
-0.057525634765625 0.257720947265625 -0.142105102539063 -0.144012451171875
-0.1224365234375 0.30987548828125 0.024627685546875 -0.190628051757813
-0.34454345703125 0.449310302734375 0.205856323242187 -0.234161376953125
-0.2763671875 0.49163818359375 0.0495758056640625 0.0699539184570313
-0.01214599609375 0.57818603515625 0.3406982421875 0.061065673828125
0.156829833984375 0.423980712890625 0.275466918945313 -0.246124267578125
0.28118896484375 0.3385009765625 0.0107879638671875 -0.2154541015625
0.363861083984375 0.147247314453125 -0.0738983154296875 -0.105583190917969
0.372222900390625 -0.01806640625 -0.0102558135986328 -0.00742721557617188
0.37646484375 -0.03765869140625 0.0551834106445313 0.0204200744628906
0.34747314453125 -0.095733642578125 0.124977111816406 -0.0104522705078125
0.320404052734375 0.00628662109375 0.115570068359375 0.0246963500976563
0.321380615234375 0.108795166015625 0.0721588134765625 0.0726852416992188
0.272628784179687 0.207290649414063 0.0237808227539063 0.0686798095703125
0.117828369140625 0.412139892578125 -0.0745086669921875 0.0776214599609375
-0.0479736328125 0.4239501953125 -0.126304626464844 -0.095184326171875
-0.216064453125 0.45635986328125 -0.015472412109375 -0.0835037231445312
-0.4080810546875 0.465728759765625 0.113914489746094 -0.0667190551757812
-0.2877197265625 0.5400390625 0.060699462890625 0.177444458007813
0.04693603515625 0.586181640625 0.325408935546875 0.04119873046875
0.20892333984375 0.36614990234375 0.199249267578125 -0.268753051757813
0.278656005859375 0.2708740234375 -0.0785369873046875 -0.237747192382813
0.33355712890625 0.126983642578125 -0.204071044921875 -0.108871459960937
0.35162353515625 -0.00640869140625 -0.151351928710937 0.0337677001953125
0.377044677734375 -0.02557373046875 -0.0698013305664062 0.0644683837890625
0.367279052734375 -0.078643798828125 0.0051231384277344 0.0392341613769531
0.338623046875 0.025909423828125 0.0092735290527344 0.0547370910644531
0.35198974609375 0.1212158203125 0.0117721557617188 0.0941314697265625
0.333984375 0.219482421875 -0.0194931030273437 0.0909881591796875
0.180816650390625 0.498443603515625 -0.101158142089844 0.0959548950195313
-0.046478271484375 0.5438232421875 -0.102005004882813 -0.0313873291015625
-0.291534423828125 0.539703369140625 -0.0679435729980469 0.06048583984375
-0.396026611328125 0.420318603515625 0.0251235961914062 0.0809478759765625
-0.234527587890625 0.499176025390625 0.075958251953125 0.250411987304688
0.09942626953125 0.472686767578125 0.277099609375 0.0106353759765625
0.206741333007813 0.22796630859375 0.108596801757813 -0.253646850585938
0.209442138671875 0.155715942382813 -0.146438598632813 -0.222671508789063
0.244598388671875 0.0888214111328125 -0.295745849609375 -0.089569091796875
0.274093627929688 0.0061798095703125 -0.263900756835938 0.0736236572265626
0.315185546875 -0.00933837890625 -0.18365478515625 0.100189208984375
0.32720947265625 -0.0430908203125 -0.116912841796875 0.0858154296875
0.2957763671875 0.049407958984375 -0.106002807617187 0.0805511474609375
0.311248779296875 0.12298583984375 -0.0646438598632812 0.112213134765625
0.328277587890625 0.209686279296875 -0.081695556640625 0.11309814453125
0.19342041015625 0.516265869140625 -0.138816833496094 0.101959228515625
-0.0675048828125 0.57879638671875 -0.0775833129882812 0.0379867553710938
-0.338836669921875 0.530029296875 -0.13543701171875 0.21826171875
-0.31781005859375 0.3265380859375 -0.04168701171875 0.193115234375
-0.14190673828125 0.392822265625 0.0903472900390625 0.278350830078125
0.135040283203125 0.2960205078125 0.20953369140625 -0.017181396484375
0.15911865234375 0.0743255615234375 0.0301055908203125 -0.206405639648438
0.106353759765625 0.0445098876953125 -0.175918579101563 -0.18170166015625
0.126785278320313 0.0536346435546875 -0.33551025390625 -0.0595397949218749
0.162017822265625 0.0213775634765625 -0.334686279296875 0.104583740234375
0.204879760742188 0.00848388671875 -0.268905639648438 0.123260498046875
0.229141235351563 -0.00189208984375 -0.221145629882813 0.115646362304687
0.191619873046875 0.0579071044921875 -0.20361328125 0.0887451171875
0.209243774414063 0.0921173095703125 -0.134963989257813 0.114509582519531
0.257797241210938 0.155563354492187 -0.151519775390625 0.126129150390625
0.16143798828125 0.446197509765625 -0.188812255859375 0.086517333984375
-0.102294921875 0.51129150390625 -0.0662689208984375 0.0925216674804688
-0.344207763671875 0.41851806640625 -0.212371826171875 0.35919189453125
-0.202407836914062 0.19677734375 -0.0755157470703125 0.263290405273438
-0.0445098876953125 0.252761840820312 0.1044921875 0.274551391601563
0.140449523925781 0.114715576171875 0.14373779296875 -0.0361175537109375
0.0893478393554688 -0.0475845336914063 -0.0208740234375 -0.150009155273438
0.00191497802734375 -0.0340061187744141 -0.17364501953125 -0.13848876953125
0.0103073120117187 0.0294208526611328 -0.333831787109375 -0.0338439941406251
0.0364761352539063 0.0402297973632813 -0.360992431640625 0.121307373046875
0.0628890991210938 0.0237884521484375 -0.312652587890625 0.128631591796875
0.0847015380859375 0.0281524658203125 -0.284027099609375 0.123626708984375
0.0494422912597656 0.0325050354003906 -0.259048461914063 0.081695556640625
0.0786209106445313 0.0128173828125 -0.179977416992188 0.108474731445312
0.161972045898438 0.0500640869140625 -0.21820068359375 0.129714965820312
0.123870849609375 0.29266357421875 -0.240036010742188 0.049530029296875
-0.110809326171875 0.343963623046875 -0.06793212890625 0.117851257324219
-0.284027099609375 0.2281494140625 -0.287200927734375 0.4495849609375
0.114990234375 -0.0182952880859375 0.252593994140625 -0.536224365234375
-0.0048675537109375 -0.109657287597656 0.0504913330078125 -0.153823852539063
-0.111228942871094 -0.0328445434570312 0.249679565429688 -0.0083465576171875
-0.0857772827148437 0.099212646484375 0.256927490234375 -0.150344848632813
0.0398330688476563 0.11920166015625 0.16107177734375 -0.09344482421875
0.084930419921875 0.013214111328125 0.227859497070312 -0.0615234375
0.0762176513671875 -0.0583648681640625 0.29290771484375 -0.11798095703125
0.07342529296875 -0.036224365234375 0.30047607421875 -0.11376953125
0.0630722045898438 -0.054718017578125 0.332366943359375 -0.115234375
0.1026611328125 -0.0210952758789063 0.29571533203125 -0.012054443359375
0.0899658203125 0.0617904663085938 0.1527099609375 0.07513427734375
-0.00701904296875 0.11285400390625 0.0529861450195313 0.083465576171875
-0.0862197875976563 0.0166015625 -0.077911376953125 0.0340347290039062
-0.018646240234375 -0.0811996459960937 -0.1585693359375 -0.186614990234375
0.106185913085938 -0.0425872802734375 0.043243408203125 -0.267105102539063
-0.033538818359375 0.198379516601563 0.269256591796875 -0.5015869140625
-0.0820541381835938 0.134422302246094 0.0432815551757812 -0.115913391113281
-0.068695068359375 0.2052001953125 0.293487548828125 0.0245361328125
-0.000610351562500025 0.242401123046875 0.29144287109375 -0.17547607421875
0.148330688476563 0.230743408203125 0.136787414550781 -0.121978759765625
0.221176147460938 0.0687255859375 0.16473388671875 -0.0690155029296875
0.215560913085938 -0.05914306640625 0.233734130859375 -0.088531494140625
0.205093383789063 -0.05145263671875 0.253524780273438 -0.0804901123046875
0.175384521484375 -0.0839080810546875 0.289398193359375 -0.098907470703125
0.182388305664063 -0.0177001953125 0.253555297851563 -0.017120361328125
0.169219970703125 0.075531005859375 0.133644104003906 0.0580368041992188
0.079498291015625 0.150360107421875 0.054443359375 0.0589179992675781
-0.0363922119140625 0.152572631835938 -0.0561408996582031 0.0428924560546875
-0.0478363037109375 0.0815811157226562 -0.156463623046875 -0.161056518554688
-0.0048828125 0.131820678710938 0.0359344482421875 -0.248092651367188
-0.188751220703125 0.36505126953125 0.2451171875 -0.39453125
-0.176239013671875 0.352783203125 0.0430221557617187 -0.0374069213867187
-0.027496337890625 0.427520751953125 0.324951171875 0.041046142578125
0.09063720703125 0.3614501953125 0.292816162109375 -0.21734619140625
0.240203857421875 0.306732177734375 0.079864501953125 -0.167205810546875
0.321258544921875 0.11297607421875 0.0562286376953125 -0.0853118896484375
0.318328857421875 -0.05072021484375 0.126167297363281 -0.0503768920898438
0.308746337890625 -0.0592041015625 0.168121337890625 -0.0351409912109375
0.26898193359375 -0.106658935546875 0.217697143554688 -0.0668487548828125
0.255828857421875 -0.0168914794921875 0.195465087890625 -0.00860595703125
0.249359130859375 0.0819549560546875 0.111259460449219 0.0545272827148438
0.179000854492188 0.173095703125 0.047454833984375 0.0526199340820313
0.0455169677734375 0.280258178710938 -0.0524635314941406 0.0587806701660156
-0.0464019775390625 0.254196166992188 -0.148040771484375 -0.129714965820312
-0.1024169921875 0.307281494140625 0.0148773193359375 -0.187484741210937
-0.3134765625 0.45947265625 0.185089111328125 -0.23883056640625
-0.24267578125 0.498260498046875 0.0502243041992187 0.0691070556640625
0.0220947265625 0.5640869140625 0.336822509765625 0.039825439453125
0.174163818359375 0.40509033203125 0.254470825195313 -0.257583618164063
0.29400634765625 0.3162841796875 -0.00205993652343749 -0.211105346679687
0.363189697265625 0.12567138671875 -0.0776443481445313 -0.09808349609375
0.364959716796875 -0.036956787109375 -0.00905418395996091 -0.00448703765869141
0.36724853515625 -0.057861328125 0.0571250915527344 0.0162925720214844
0.33447265625 -0.1131591796875 0.121810913085938 -0.0205307006835938
0.312713623046875 -0.010955810546875 0.114982604980469 0.0166549682617188
0.320587158203125 0.088775634765625 0.075164794921875 0.0669174194335938
0.275970458984375 0.188949584960938 0.0259780883789063 0.0640869140625
0.1387939453125 0.39373779296875 -0.0637741088867187 0.080169677734375
-0.027923583984375 0.41522216796875 -0.130165100097656 -0.0839004516601563
-0.18548583984375 0.456634521484375 -0.0176239013671875 -0.0823135375976562
-0.373809814453125 0.48016357421875 0.104080200195312 -0.0711288452148437
-0.25140380859375 0.546112060546875 0.0673370361328125 0.17291259765625
0.0773315429687499 0.56988525390625 0.320953369140625 0.020355224609375
0.220306396484375 0.3453369140625 0.180450439453125 -0.275558471679687
0.284759521484375 0.24884033203125 -0.0904083251953125 -0.22918701171875
0.332733154296875 0.10809326171875 -0.205154418945312 -0.0938720703125
0.345458984375 -0.022979736328125 -0.14453125 0.0430755615234375
0.366607666015625 -0.046478271484375 -0.0626983642578125 0.0661430358886719
0.355987548828125 -0.0986328125 0.0078239440917969 0.0357742309570312
0.332672119140625 0.00775146484375 0.0121345520019531 0.0530319213867188
0.3502197265625 0.10101318359375 0.0170211791992188 0.0905075073242188
0.335906982421875 0.197540283203125 -0.0145034790039062 0.0887832641601563
0.2049560546875 0.473876953125 -0.089752197265625 0.0987396240234375
-0.017822265625 0.53302001953125 -0.102401733398438 -0.0248260498046875
-0.253631591796875 0.544525146484375 -0.0611572265625 0.0595550537109375
-0.363739013671875 0.434478759765625 0.0259857177734375 0.078521728515625
-0.2005615234375 0.502471923828125 0.087646484375 0.24310302734375
0.12567138671875 0.45391845703125 0.273040771484375 -0.00579833984374997
0.210418701171875 0.20953369140625 0.09283447265625 -0.254913330078125
0.210678100585938 0.14080810546875 -0.155242919921875 -0.210281372070313
0.244186401367188 0.07623291015625 -0.29437255859375 -0.0701293945312501
0.271316528320312 -0.006195068359375 -0.252960205078125 0.0883636474609376
0.308929443359375 -0.026031494140625 -0.171798706054687 0.106887817382813
0.318145751953125 -0.060699462890625 -0.108055114746094 0.0876388549804688
0.292755126953125 0.033935546875 -0.0993576049804687 0.0847549438476563
0.311737060546875 0.10418701171875 -0.0567169189453125 0.111358642578125
0.3282470703125 0.18798828125 -0.0730972290039063 0.114021301269531
0.21868896484375 0.490386962890625 -0.126472473144531 0.106765747070313
-0.0362548828125 0.567626953125 -0.0751724243164062 0.0394744873046875
-0.301544189453125 0.5377197265625 -0.117919921875 0.216949462890625
-0.29443359375 0.338958740234375 -0.0323944091796875 0.191009521484375
-0.114166259765625 0.395263671875 0.105499267578125 0.269210815429687
0.14947509765625 0.278366088867188 0.205291748046875 -0.0290069580078125
0.154876708984375 0.0621185302734375 0.0194549560546875 -0.203460693359375
0.102981567382813 0.0379409790039063 -0.181106567382813 -0.168960571289063
0.12725830078125 0.0476531982421875 -0.330718994140625 -0.040008544921875
0.162521362304688 0.0155029296875 -0.319732666015625 0.120941162109375
0.201324462890625 -0.001617431640625 -0.25390625 0.132888793945313
0.224380493164063 -0.01458740234375 -0.20733642578125 0.122756958007812
0.191757202148437 0.0482635498046875 -0.194183349609375 0.0978546142578125
0.208816528320313 0.07989501953125 -0.125236511230469 0.117561340332031
0.25787353515625 0.137939453125 -0.139930725097656 0.131217956542969
0.185699462890625 0.424163818359375 -0.17596435546875 0.0944671630859375
-0.0704040527343749 0.505340576171875 -0.0610198974609375 0.0913925170898438
-0.313812255859375 0.43255615234375 -0.184967041015625 0.3597412109375
-0.186447143554687 0.206192016601563 -0.06121826171875 0.261749267578125
-0.02685546875 0.2518310546875 0.120071411132812 0.263687133789063
0.144271850585938 0.101486206054688 0.1397705078125 -0.0427322387695312
0.0804443359375 -0.051849365234375 -0.0262451171875 -0.144454956054687
-0.00272560119628907 -0.0323219299316406 -0.176681518554687 -0.127899169921875
0.0128211975097656 0.0297279357910156 -0.32806396484375 -0.0141601562500001
0.0405426025390625 0.0405616760253906 -0.344482421875 0.139312744140625
0.0634651184082031 0.0222129821777344 -0.29681396484375 0.14031982421875
0.084991455078125 0.0238800048828125 -0.268295288085938 0.134353637695312
0.0508880615234375 0.0314674377441406 -0.248626708984375 0.093994140625
0.076690673828125 0.0101242065429688 -0.169265747070313 0.113876342773437
0.159271240234375 0.0393829345703125 -0.20355224609375 0.1390380859375
0.139801025390625 0.274917602539062 -0.230224609375 0.0614776611328125
-0.087738037109375 0.3426513671875 -0.061248779296875 0.113853454589844
-0.266189575195313 0.242233276367188 -0.253814697265625 0.451812744140625
0.111137390136719 -0.024627685546875 0.22235107421875 -0.52587890625
-0.00965118408203124 -0.105033874511719 0.043060302734375 -0.1485595703125
-0.109962463378906 -0.0263595581054687 0.241455078125 -0.017364501953125
-0.077789306640625 0.0995559692382812 0.23974609375 -0.155029296875
0.0444488525390625 0.111862182617188 0.151748657226563 -0.0938262939453125
0.0801849365234375 0.008819580078125 0.21868896484375 -0.067657470703125
0.0683135986328125 -0.0607185363769531 0.27777099609375 -0.124908447265625
0.0689430236816406 -0.0396308898925781 0.2860107421875 -0.119415283203125
0.0579338073730469 -0.0555152893066406 0.313873291015625 -0.123870849609375
0.0967178344726563 -0.0276412963867188 0.2830810546875 -0.023773193359375
0.0912704467773437 0.053741455078125 0.1492919921875 0.0690155029296875
-0.000717163085937497 0.110511779785156 0.0528640747070312 0.0779876708984375
-0.0831832885742188 0.0190658569335938 -0.073577880859375 0.0352020263671875
-0.0240249633789063 -0.07763671875 -0.1617431640625 -0.170700073242187
0.101005554199219 -0.0485076904296875 0.0341644287109375 -0.256103515625
-0.0246124267578125 0.190582275390625 0.240142822265625 -0.49139404296875
-0.07489013671875 0.133773803710937 0.0366668701171875 -0.11083984375
-0.0598907470703125 0.201522827148438 0.284576416015625 0.012939453125
0.00752258300781253 0.23529052734375 0.2730712890625 -0.181289672851562
0.15234375 0.216888427734375 0.126724243164063 -0.120506286621094
0.214813232421875 0.0589141845703125 0.157073974609375 -0.0717315673828125
0.205215454101562 -0.0657501220703125 0.2232666015625 -0.09375
0.196533203125 -0.058441162109375 0.241439819335938 -0.08660888671875
0.16552734375 -0.0880126953125 0.273895263671875 -0.107070922851563
0.173385620117188 -0.02532958984375 0.242691040039063 -0.026397705078125
0.166473388671875 0.0657501220703125 0.1302490234375 0.0529403686523438
0.083038330078125 0.143508911132813 0.05303955078125 0.0530815124511719
-0.0297088623046875 0.148330688476563 -0.0513114929199219 0.0420188903808594
-0.0472869873046875 0.0796890258789063 -0.157272338867187 -0.14599609375
7.62939453124336E-06 0.124000549316406 0.028106689453125 -0.238800048828125
-0.1707763671875 0.3582763671875 0.21966552734375 -0.38671875
-0.158447265625 0.347320556640625 0.037567138671875 -0.0347557067871094
-0.01312255859375 0.413482666015625 0.31524658203125 0.0279541015625
0.098480224609375 0.345916748046875 0.273284912109375 -0.22259521484375
0.2430419921875 0.288665771484375 0.07098388671875 -0.16326904296875
0.31298828125 0.099273681640625 0.05120849609375 -0.0831375122070312
0.30645751953125 -0.059661865234375 0.121292114257813 -0.0516586303710938
0.296722412109375 -0.06927490234375 0.1619873046875 -0.039886474609375
0.255645751953125 -0.112350463867188 0.206954956054688 -0.073944091796875
0.244491577148437 -0.0255889892578125 0.187240600585938 -0.01544189453125
0.244186401367188 0.0694122314453125 0.108436584472656 0.0492095947265625
0.178421020507813 0.16253662109375 0.0458755493164063 0.0473594665527344
0.053466796875 0.267440795898438 -0.0458145141601562 0.0564460754394531
-0.0392608642578125 0.245819091796875 -0.147979736328125 -0.116683959960937
-0.088623046875 0.296051025390625 0.00990295410156248 -0.181625366210937
-0.288177490234375 0.453643798828125 0.167312622070313 -0.2353515625
-0.216339111328125 0.48992919921875 0.0489425659179687 0.0684242248535157
0.040679931640625 0.543487548828125 0.3265380859375 0.025146484375
0.178314208984375 0.383941650390625 0.236465454101562 -0.259597778320313
0.2935791015625 0.294097900390625 -0.00991821289062496 -0.203292846679687
0.353179931640625 0.1112060546875 -0.0785903930664062 -0.0905303955078125
0.352447509765625 -0.047576904296875 -0.00754690170288084 -0.00256490707397461
0.35296630859375 -0.069610595703125 0.0569000244140625 0.0133132934570312
0.317535400390625 -0.12109375 0.115852355957031 -0.0260391235351563
0.301116943359375 -0.020965576171875 0.110923767089844 0.0119857788085937
0.3126220703125 0.074493408203125 0.07440185546875 0.0618515014648438
0.270751953125 0.174545288085938 0.0255165100097657 0.0596389770507813
0.147125244140625 0.372589111328125 -0.055633544921875 0.0768661499023438
-0.01519775390625 0.400299072265625 -0.128746032714844 -0.0747451782226562
-0.162506103515625 0.44427490234375 -0.0177764892578125 -0.0803604125976562
-0.345428466796875 0.475311279296875 0.0947799682617187 -0.070831298828125
-0.222076416015625 0.53631591796875 0.0700531005859375 0.168304443359375
0.096282958984375 0.544097900390625 0.31109619140625 0.00817871093750003
0.221343994140625 0.324920654296875 0.16485595703125 -0.274169921875
0.2813720703125 0.230316162109375 -0.09503173828125 -0.217697143554687
0.324188232421875 0.09490966796875 -0.2015380859375 -0.082244873046875
0.33563232421875 -0.032745361328125 -0.135910034179687 0.0489654541015625
0.3536376953125 -0.05767822265625 -0.0568733215332031 0.0646095275878906
0.337982177734375 -0.107757568359375 0.00882530212402346 0.0312385559082031
0.321075439453125 -0.002593994140625 0.0139427185058594 0.0504302978515625
0.34161376953125 0.08465576171875 0.0194625854492188 0.086273193359375
0.32989501953125 0.17987060546875 -0.011932373046875 0.0847015380859375
0.214996337890625 0.446319580078125 -0.0786972045898437 0.0965423583984375
-0.00033569335937501 0.512969970703125 -0.100357055664063 -0.0203857421875
-0.226165771484375 0.53289794921875 -0.0553665161132813 0.0565452575683594
-0.335479736328125 0.43212890625 0.02508544921875 0.0753021240234375
-0.17315673828125 0.493988037109375 0.093170166015625 0.234573364257813
0.137054443359375 0.430877685546875 0.264404296875 -0.015655517578125
0.205291748046875 0.19451904296875 0.0821075439453125 -0.249786376953125
0.205169677734375 0.128265380859375 -0.157424926757813 -0.198928833007812
0.2374267578125 0.0671539306640625 -0.28619384765625 -0.05718994140625
0.265426635742188 -0.012725830078125 -0.23883056640625 0.09539794921875
0.298736572265625 -0.03594970703125 -0.161224365234375 0.10736083984375
0.304595947265625 -0.069122314453125 -0.101211547851562 0.085693359375
0.28436279296875 0.0245361328125 -0.0922012329101562 0.085418701171875
0.3040771484375 0.090362548828125 -0.0505218505859375 0.108108520507813
0.321441650390625 0.171478271484375 -0.0661544799804688 0.111343383789063
0.22882080078125 0.462310791015625 -0.114082336425781 0.105110168457031
-0.0145263671875 0.54931640625 -0.0724029541015625 0.0389862060546875
-0.273651123046875 0.53143310546875 -0.1046142578125 0.209381103515625
-0.26995849609375 0.33892822265625 -0.0272369384765625 0.185745239257813
-0.09368896484375 0.3870849609375 0.111770629882813 0.257278442382813
0.154510498046875 0.260971069335938 0.198455810546875 -0.0354766845703125
0.147216796875 0.0538177490234375 0.0133209228515625 -0.196670532226563
0.0977630615234375 0.0339889526367188 -0.179855346679688 -0.158447265625
0.124900817871094 0.0433578491210938 -0.3204345703125 -0.0262756347656251
0.161331176757813 0.011962890625 -0.302276611328125 0.129638671875
0.196044921875 -0.0074310302734375 -0.239364624023438 0.1348876953125
0.21612548828125 -0.0212249755859375 -0.194931030273438 0.122543334960937
0.187835693359375 0.0425872802734375 -0.183425903320313 0.101394653320312
0.20391845703125 0.0713043212890625 -0.116683959960938 0.116180419921875
0.251296997070313 0.12457275390625 -0.129486083984375 0.130546569824219
0.1947021484375 0.397796630859375 -0.163665771484375 0.095367431640625
-0.05084228515625 0.4896240234375 -0.0571136474609375 0.08697509765625
-0.287139892578125 0.429351806640625 -0.164825439453125 0.348358154296875
-0.171646118164062 0.206527709960937 -0.0513153076171875 0.254974365234375
-0.0133819580078125 0.244964599609375 0.12725830078125 0.250015258789063
0.143218994140625 0.0897979736328125 0.134658813476563 -0.0459136962890625
0.0724105834960938 -0.0531387329101563 -0.02789306640625 -0.137657165527344
-0.00607872009277344 -0.0296783447265625 -0.173721313476562 -0.118515014648438
0.0145969390869141 0.0290908813476563 -0.31683349609375 -0.00238037109375
0.0437965393066406 0.0401725769042969 -0.32525634765625 0.147308349609375
0.0630264282226563 0.0213432312011719 -0.280258178710938 0.143234252929687
0.0831375122070313 0.0209579467773438 -0.252426147460938 0.135528564453125
0.0505943298339844 0.0310440063476563 -0.236541748046875 0.099151611328125
0.0731277465820313 0.007720947265625 -0.159103393554687 0.114028930664062
0.152938842773438 0.0323333740234375 -0.189971923828125 0.1419677734375
0.145706176757813 0.256546020507812 -0.218612670898437 0.0663604736328125
-0.071807861328125 0.334503173828125 -0.0572433471679688 0.108612060546875
-0.248565673828125 0.246139526367188 -0.22882080078125 0.43853759765625
0.108062744140625 -0.02850341796875 0.206939697265625 -0.511566162109375
-0.011962890625 -0.101158142089844 0.03863525390625 -0.143295288085938
-0.107734680175781 -0.0219955444335938 0.235641479492188 -0.02008056640625
-0.07257080078125 0.0981063842773437 0.228546142578125 -0.154647827148438
0.0458908081054688 0.107437133789063 0.145553588867188 -0.0916900634765625
0.0769577026367188 0.0074615478515625 0.21246337890625 -0.0684661865234375
0.0618515014648438 -0.0603561401367188 0.268035888671875 -0.1258544921875
0.0664176940917969 -0.0414695739746094 0.275497436523438 -0.118667602539063
0.0544242858886719 -0.056427001953125 0.301849365234375 -0.124847412109375
0.0917205810546875 -0.0312728881835938 0.27215576171875 -0.028045654296875
0.091033935546875 0.0487289428710938 0.145248413085938 0.067718505859375
0.00307464599609374 0.108245849609375 0.0513229370117188 0.0734024047851563
-0.080078125 0.0201873779296875 -0.0710906982421875 0.0342788696289063
-0.0271072387695312 -0.074920654296875 -0.160400390625 -0.1590576171875
0.0968780517578125 -0.0525054931640625 0.031768798828125 -0.246566772460938
-0.020904541015625 0.183319091796875 0.2230224609375 -0.47802734375
-0.0723114013671875 0.131858825683594 0.0322341918945312 -0.105392456054687
-0.0556182861328125 0.19805908203125 0.27752685546875 0.00863647460937501
0.0109100341796875 0.229156494140625 0.26043701171875 -0.18084716796875
0.15228271484375 0.207717895507812 0.120994567871094 -0.117568969726562
0.208984375 0.0554656982421875 0.1522216796875 -0.071441650390625
0.196731567382813 -0.0670013427734375 0.21649169921875 -0.09356689453125
0.190811157226563 -0.06146240234375 0.233856201171875 -0.0866241455078125
0.158432006835938 -0.0884552001953125 0.262710571289063 -0.10888671875
0.1663818359375 -0.0285491943359375 0.233993530273438 -0.028961181640625
0.163711547851563 0.059356689453125 0.126693725585938 0.0515594482421875
0.0835952758789063 0.139419555664063 0.0501022338867188 0.0499610900878906
-0.0274200439453125 0.143234252929688 -0.0477523803710938 0.0398979187011719
-0.0488433837890625 0.0782318115234375 -0.15509033203125 -0.135711669921875
0.000541687011718738 0.115982055664063 0.025909423828125 -0.230453491210938
-0.160614013671875 0.348663330078125 0.20587158203125 -0.376739501953125
-0.148651123046875 0.3397216796875 0.0340518951416016 -0.0306568145751953
-0.00738525390625002 0.401947021484375 0.307464599609375 0.022064208984375
0.09869384765625 0.33660888671875 0.2615966796875 -0.220733642578125
0.240310668945313 0.275772094726563 0.06597900390625 -0.15863037109375
0.30413818359375 0.093963623046875 0.0484161376953125 -0.0806655883789063
0.296478271484375 -0.062469482421875 0.11883544921875 -0.050933837890625
0.288055419921875 -0.0726318359375 0.157028198242188 -0.0406341552734375
0.245880126953125 -0.113067626953125 0.198898315429688 -0.0766754150390625
0.236282348632813 -0.0282440185546875 0.181076049804688 -0.0174407958984375
0.238174438476562 0.0630645751953125 0.106170654296875 0.0480422973632813
0.175048828125 0.156845092773438 0.0423736572265625 0.0445289611816406
0.054107666015625 0.257034301757813 -0.0414924621582031 0.0531005859375
-0.03826904296875 0.238723754882813 -0.145492553710938 -0.108322143554687
-0.08245849609375 0.285736083984375 0.009307861328125 -0.176651000976562
-0.273712158203125 0.444427490234375 0.156417846679687 -0.229141235351562
-0.203826904296875 0.47760009765625 0.0454559326171875 0.0699119567871094
0.0458984375 0.526824951171875 0.3187255859375 0.020538330078125
0.174530029296875 0.373077392578125 0.225753784179687 -0.257095336914063
0.288482666015625 0.2816162109375 -0.0126800537109375 -0.196701049804687
0.344696044921875 0.105621337890625 -0.0787124633789062 -0.0862350463867187
0.34344482421875 -0.0498046875 -0.00492811203002928 -0.000669956207275394
0.34246826171875 -0.074127197265625 0.0560569763183594 0.0120925903320312
0.306488037109375 -0.12139892578125 0.111160278320313 -0.0289764404296875
0.2916259765625 -0.02276611328125 0.107460021972656 0.010223388671875
0.30462646484375 0.067657470703125 0.072296142578125 0.0594253540039063
0.264236450195313 0.1676025390625 0.0235557556152344 0.0567131042480469
0.14581298828125 0.3577880859375 -0.0504074096679687 0.0724411010742188
-0.012969970703125 0.389404296875 -0.126167297363281 -0.069427490234375
-0.153717041015625 0.43109130859375 -0.0160751342773438 -0.080078125
-0.329345703125 0.467376708984375 0.0885772705078125 -0.0686187744140625
-0.206817626953125 0.524932861328125 0.0681915283203125 0.166046142578125
0.1015625 0.526153564453125 0.303314208984375 0.00341796875000003
0.214813232421875 0.312713623046875 0.156875610351563 -0.269699096679688
0.276077270507813 0.22088623046875 -0.0951690673828125 -0.210906982421875
0.315460205078125 0.090789794921875 -0.197921752929687 -0.0760650634765625
0.32818603515625 -0.03509521484375 -0.128829956054688 0.0512619018554687
0.343994140625 -0.062042236328125 -0.0537147521972656 0.0623016357421875
0.3267822265625 -0.10845947265625 0.00813674926757815 0.0279445648193359
0.313079833984375 -0.00469970703125 0.0143661499023438 0.0489959716796875
0.332550048828125 0.077392578125 0.0196304321289063 0.0831527709960938
0.320037841796875 0.173309326171875 -0.0118026733398437 0.0807952880859375
0.214202880859375 0.427032470703125 -0.0722503662109375 0.0921401977539063
0.00430297851562505 0.49859619140625 -0.0988082885742187 -0.0188140869140625
-0.212646484375 0.5201416015625 -0.05120849609375 0.0521621704101563
-0.32171630859375 0.42486572265625 0.02252197265625 0.0737152099609375
-0.1580810546875 0.48211669921875 0.09246826171875 0.228744506835938
0.140167236328125 0.413909912109375 0.258071899414063 -0.0185699462890625
0.197525024414062 0.185867309570312 0.0771331787109375 -0.2449951171875
0.198348999023438 0.122711181640625 -0.154861450195312 -0.192092895507813
0.231475830078125 0.06463623046875 -0.279022216796875 -0.05023193359375
0.260833740234375 -0.0144805908203125 -0.22784423828125 0.0976715087890625
0.290618896484375 -0.03857421875 -0.154312133789062 0.1048583984375
0.29473876953125 -0.07025146484375 -0.09759521484375 0.081695556640625
0.277694702148438 0.022674560546875 -0.0885009765625 0.0839462280273438
0.29620361328125 0.084625244140625 -0.048095703125 0.104316711425781
0.313720703125 0.163848876953125 -0.0636672973632813 0.107765197753906
0.22796630859375 0.442138671875 -0.107101440429688 0.101387023925781
-0.00903320312500002 0.534576416015625 -0.070953369140625 0.0374374389648438
-0.259063720703125 0.52032470703125 -0.0980377197265625 0.200302124023438
-0.257293701171875 0.33319091796875 -0.02606201171875 0.180862426757813
-0.082183837890625 0.377471923828125 0.112579345703125 0.24969482421875
0.154373168945313 0.247314453125 0.19366455078125 -0.037200927734375
0.139114379882812 0.050537109375 0.01239013671875 -0.191482543945313
0.0922164916992188 0.03277587890625 -0.176055908203125 -0.1527099609375
0.121566772460938 0.0425262451171875 -0.312255859375 -0.020599365234375
0.160308837890625 0.010955810546875 -0.28948974609375 0.130950927734375
0.191802978515625 -0.008331298828125 -0.230178833007813 0.132415771484375
0.2099609375 -0.0219573974609375 -0.187973022460937 0.118988037109375
0.183731079101562 0.04168701171875 -0.176437377929688 0.100936889648438
0.198135375976562 0.067352294921875 -0.112327575683594 0.113021850585938
0.243865966796875 0.119110107421875 -0.123222351074219 0.128173828125
0.19464111328125 0.3800048828125 -0.155929565429688 0.093170166015625
-0.04302978515625 0.476409912109375 -0.0562057495117188 0.0823593139648438
-0.2745361328125 0.42291259765625 -0.154571533203125 0.33648681640625
-0.161544799804688 0.203720092773438 -0.048004150390625 0.2479248046875
-0.00595092773437499 0.239166259765625 0.127914428710938 0.240509033203125
0.14093017578125 0.0822601318359375 0.131820678710938 -0.0467147827148438
0.0658836364746094 -0.0520133972167969 -0.0273208618164062 -0.133262634277344
-0.00841903686523438 -0.02667236328125 -0.168731689453125 -0.11334228515625
0.0143070220947266 0.0289096832275391 -0.30682373046875 0.00195312499999995
0.04656982421875 0.0399246215820313 -0.312042236328125 0.147979736328125
0.062774658203125 0.0224494934082031 -0.269821166992188 0.140350341796875
0.0814208984375 0.0209121704101563 -0.243682861328125 0.131668090820313
0.0504379272460938 0.0319175720214844 -0.228042602539063 0.09991455078125
0.0705032348632812 0.0077667236328125 -0.1534423828125 0.111968994140625
0.147369384765625 0.0301666259765625 -0.180313110351563 0.139999389648437
0.14556884765625 0.243896484375 -0.210418701171875 0.0653533935546875
-0.0645751953125 0.327239990234375 -0.055328369140625 0.102104187011719
-0.2396240234375 0.2449951171875 -0.21575927734375 0.427276611328125
0.107002258300781 -0.0319366455078125 0.199737548828125 -0.50653076171875
-0.0138702392578125 -0.0995254516601563 0.0378646850585937 -0.1400146484375
-0.107528686523437 -0.019561767578125 0.234786987304688 -0.0208892822265625
-0.07049560546875 0.0981063842773438 0.223434448242188 -0.154296875
0.048126220703125 0.105278015136719 0.143402099609375 -0.0900726318359375
0.0754318237304688 0.00704193115234375 0.209808349609375 -0.069793701171875
0.0575828552246094 -0.060455322265625 0.26519775390625 -0.125595092773437
0.0645751953125 -0.0433349609375 0.272308349609375 -0.117630004882812
0.0527076721191406 -0.0577735900878906 0.2962646484375 -0.12542724609375
0.0880126953125 -0.0341110229492188 0.267776489257813 -0.0294189453125
0.0915145874023438 0.0449676513671875 0.144378662109375 0.0686492919921875
0.00617980957031251 0.107696533203125 0.048614501953125 0.071685791015625
-0.0806350708007812 0.0199737548828125 -0.0710372924804688 0.0328521728515625
-0.0299148559570313 -0.0737075805664062 -0.160018920898438 -0.151885986328125
0.09539794921875 -0.0558929443359375 0.0331573486328125 -0.242202758789063
-0.02069091796875 0.178726196289063 0.217193603515625 -0.4718017578125
-0.0716629028320313 0.130889892578125 0.03057861328125 -0.101272583007812
-0.055267333984375 0.196823120117188 0.27685546875 0.00718688964843751
0.01055908203125 0.227783203125 0.255630493164063 -0.181350708007813
0.153396606445312 0.204864501953125 0.118858337402344 -0.115325927734375
0.20587158203125 0.0552520751953125 0.149200439453125 -0.071075439453125
0.192703247070313 -0.0673980712890625 0.214614868164062 -0.0928802490234375
0.187744140625 -0.0635528564453125 0.231475830078125 -0.08587646484375
0.155502319335938 -0.088775634765625 0.258209228515625 -0.10894775390625
0.162704467773438 -0.0297088623046875 0.230148315429688 -0.0305633544921875
0.16326904296875 0.0561981201171875 0.12506103515625 0.0531997680664063
0.0847549438476563 0.138969421386719 0.0466575622558594 0.0483322143554688
-0.02783203125 0.14093017578125 -0.0470619201660156 0.0374069213867188
-0.0514984130859375 0.0777740478515625 -0.154037475585937 -0.1302490234375
-0.000640869140624991 0.110984802246094 0.02734375 -0.2279052734375
-0.158935546875 0.344207763671875 0.200531005859375 -0.3719482421875
-0.146484375 0.338043212890625 0.0318641662597656 -0.0259418487548828
-0.00604248046874998 0.39813232421875 0.305908203125 0.020416259765625
0.096282958984375 0.333770751953125 0.256332397460938 -0.22088623046875
0.23980712890625 0.274246215820313 0.064422607421875 -0.156646728515625
0.301727294921875 0.0943603515625 0.04669189453125 -0.0789413452148438
0.29388427734375 -0.062713623046875 0.119293212890625 -0.0497283935546875
0.2852783203125 -0.075897216796875 0.155731201171875 -0.0403900146484375
0.242141723632813 -0.112701416015625 0.194671630859375 -0.076995849609375
0.232528686523437 -0.02825927734375 0.178680419921875 -0.01861572265625
0.236221313476563 0.06024169921875 0.1046142578125 0.0486602783203125
0.174285888671875 0.156692504882813 0.0399246215820313 0.0431404113769531
0.0539703369140625 0.25299072265625 -0.0397567749023437 0.0503807067871094
-0.040771484375 0.2369384765625 -0.144119262695313 -0.10382080078125
-0.08349609375 0.279525756835938 0.0108184814453125 -0.175704956054688
-0.27044677734375 0.440887451171875 0.151412963867187 -0.224563598632812
-0.200439453125 0.47552490234375 0.0438613891601562 0.0738906860351563
0.047943115234375 0.52056884765625 0.317840576171875 0.019866943359375
0.17083740234375 0.368621826171875 0.222305297851563 -0.257492065429688
0.287078857421875 0.278778076171875 -0.0135498046875 -0.195068359375
0.34088134765625 0.10662841796875 -0.0793228149414063 -0.0830001831054687
0.340972900390625 -0.05169677734375 -0.00266122817993162 0.000509262084960935
0.33935546875 -0.07568359375 0.0555610656738282 0.0116081237792969
0.302398681640625 -0.121734619140625 0.108757019042969 -0.0299758911132813
0.2879638671875 -0.02215576171875 0.106590270996094 0.00897979736328125
0.30133056640625 0.0655517578125 0.071746826171875 0.0594711303710938
0.261642456054688 0.168228149414063 0.0211715698242188 0.0553817749023438
0.1453857421875 0.3519287109375 -0.0474281311035156 0.0694313049316407
-0.01513671875 0.3846435546875 -0.125221252441406 -0.0671768188476562
-0.15264892578125 0.424591064453125 -0.014801025390625 -0.0815200805664062
-0.325408935546875 0.463348388671875 0.0850067138671875 -0.0664443969726562
-0.202239990234375 0.520904541015625 0.0665740966796875 0.168853759765625
0.101409912109375 0.517059326171875 0.302276611328125 0.00280761718750003
0.2103271484375 0.310943603515625 0.155242919921875 -0.269805908203125
0.271392822265625 0.217803955078125 -0.0954437255859375 -0.208953857421875
0.312408447265625 0.092193603515625 -0.197402954101562 -0.073211669921875
0.32745361328125 -0.03570556640625 -0.124427795410156 0.052642822265625
0.341094970703125 -0.063507080078125 -0.0525741577148437 0.0620231628417969
0.323577880859375 -0.107391357421875 0.00646972656250002 0.0261993408203125
0.309326171875 -0.00323486328125 0.0140151977539063 0.0482864379882813
0.32965087890625 0.07537841796875 0.019287109375 0.0820846557617188
0.316497802734375 0.17205810546875 -0.0131454467773437 0.0799789428710938
0.213348388671875 0.418914794921875 -0.0692062377929688 0.0884552001953125
0.00262451171875001 0.492584228515625 -0.0982513427734375 -0.0182037353515625
-0.211029052734375 0.5140380859375 -0.0493011474609375 0.0484962463378907
-0.316619873046875 0.423126220703125 0.020050048828125 0.0736846923828125
-0.154266357421875 0.47821044921875 0.0919952392578125 0.229278564453125
0.139312744140625 0.406890869140625 0.257080078125 -0.019683837890625
0.1912841796875 0.184158325195313 0.077545166015625 -0.244110107421875
0.194183349609375 0.121978759765625 -0.154388427734375 -0.190536499023438
0.228683471679688 0.0659332275390625 -0.2777099609375 -0.0474395751953125
0.261001586914063 -0.015045166015625 -0.22216796875 0.098663330078125
0.288818359375 -0.039154052734375 -0.15203857421875 0.103622436523438
0.29248046875 -0.069305419921875 -0.0979080200195312 0.0792617797851562
0.275543212890625 0.02447509765625 -0.0870437622070313 0.0833740234375
0.292633056640625 0.084320068359375 -0.0476608276367187 0.103263854980469
0.308349609375 0.163177490234375 -0.0629425048828125 0.106788635253906
0.2269287109375 0.434051513671875 -0.104141235351563 0.0978012084960938
-0.00781250000000005 0.527313232421875 -0.0717315673828125 0.03546142578125
-0.2559814453125 0.51641845703125 -0.0958099365234375 0.195022583007813
-0.253753662109375 0.3309326171875 -0.0271759033203125 0.179000854492188
-0.077301025390625 0.3739013671875 0.11285400390625 0.24822998046875
0.153793334960937 0.240753173828125 0.193695068359375 -0.0375213623046875
0.134086608886719 0.0499725341796875 0.0135498046875 -0.190231323242188
0.0892715454101562 0.0333633422851563 -0.174713134765625 -0.151443481445313
0.119895935058594 0.0435256958007813 -0.3092041015625 -0.01751708984375
0.161895751953125 0.0113067626953125 -0.2838134765625 0.1319580078125
0.191482543945313 -0.0082855224609375 -0.227508544921875 0.130218505859375
0.208419799804688 -0.0209197998046875 -0.18670654296875 0.115936279296875
0.183380126953125 0.0435791015625 -0.174545288085938 0.100265502929687
0.195449829101563 0.0668487548828125 -0.110359191894531 0.110771179199219
0.240585327148438 0.118087768554688 -0.120880126953125 0.126541137695313
0.1942138671875 0.371917724609375 -0.152664184570313 0.0901336669921875
-0.04107666015625 0.472412109375 -0.0564651489257813 0.0796127319335938
-0.2708740234375 0.421661376953125 -0.153350830078125 0.32904052734375
-0.158798217773438 0.20318603515625 -0.0483551025390625 0.245086669921875
-0.00173950195312499 0.236587524414063 0.12969970703125 0.237518310546875
0.138748168945313 0.07745361328125 0.13104248046875 -0.0467910766601562
0.0622634887695313 -0.050933837890625 -0.0242919921875 -0.132034301757813
-0.0108280181884766 -0.0249958038330078 -0.166946411132813 -0.113204956054688
0.0144577026367188 0.0295009613037109 -0.303955078125 0.00418090820312499
0.0496063232421875 0.040435791015625 -0.305999755859375 0.146942138671875
0.0639801025390625 0.0237503051757813 -0.266403198242187 0.137451171875
0.0814590454101563 0.022186279296875 -0.240997314453125 0.128982543945313
0.0507049560546875 0.0342826843261719 -0.225143432617188 0.0995178222656249
0.0685005187988281 0.00860977172851563 -0.1514892578125 0.110321044921875
0.144744873046875 0.0290985107421875 -0.176010131835937 0.139053344726563
0.145263671875 0.237457275390625 -0.207183837890625 0.0640106201171875
-0.061431884765625 0.3243408203125 -0.0563125610351563 0.0979461669921875
-0.23651123046875 0.246337890625 -0.211700439453125 0.419158935546875
0.107131958007813 -0.0369644165039063 0.1942138671875 -0.509124755859375
-0.0159759521484375 -0.099151611328125 0.035736083984375 -0.139739990234375
-0.108375549316406 -0.0169601440429687 0.238693237304687 -0.0252838134765625
-0.0689010620117188 0.100593566894531 0.221328735351563 -0.15850830078125
0.0512008666992188 0.104759216308594 0.143218994140625 -0.0915985107421875
0.0750198364257813 0.0061492919921875 0.209671020507813 -0.073150634765625
0.0538291931152344 -0.0614356994628906 0.264450073242188 -0.130447387695313
0.0632896423339844 -0.0473518371582031 0.272430419921875 -0.120864868164063
0.051055908203125 -0.0601005554199219 0.29620361328125 -0.13031005859375
0.0855865478515625 -0.0380706787109375 0.267135620117188 -0.033233642578125
0.0940933227539063 0.0411376953125 0.1461181640625 0.0702362060546875
0.0104751586914063 0.108848571777344 0.0470352172851563 0.0711898803710938
-0.0816650390625 0.0212631225585938 -0.07232666015625 0.0336685180664063
-0.0340194702148437 -0.073272705078125 -0.1630859375 -0.147186279296875
0.0937728881835937 -0.0613937377929687 0.032806396484375 -0.24249267578125
-0.0193634033203125 0.178329467773438 0.2108154296875 -0.475555419921875
-0.0710220336914063 0.1334228515625 0.0281829833984375 -0.098663330078125
-0.0532073974609375 0.199661254882812 0.280685424804688 0.00323486328125001
0.013397216796875 0.230712890625 0.25335693359375 -0.187362670898437
0.158203125 0.20428466796875 0.11810302734375 -0.116813659667969
0.2080078125 0.0550537109375 0.148574829101563 -0.0721282958984375
0.19171142578125 -0.0699920654296875 0.215499877929688 -0.0962371826171875
0.187774658203125 -0.0697174072265625 0.2325439453125 -0.088409423828125
0.154861450195313 -0.0925140380859375 0.257156372070313 -0.113418579101562
0.16162109375 -0.033050537109375 0.230453491210938 -0.0334625244140625
0.164794921875 0.0524139404296875 0.127365112304688 0.05389404296875
0.0884628295898438 0.139701843261719 0.0444183349609375 0.048095703125
-0.02764892578125 0.14166259765625 -0.0468406677246094 0.0368385314941406
-0.0541915893554688 0.0795822143554687 -0.156509399414063 -0.125518798828125
-0.00115203857421876 0.10760498046875 0.027099609375 -0.229690551757813
-0.156463623046875 0.347930908203125 0.195770263671875 -0.37359619140625
-0.143463134765625 0.342041015625 0.0299148559570312 -0.0220260620117187
-0.00103759765624998 0.400909423828125 0.310211181640625 0.016876220703125
0.09930419921875 0.33709716796875 0.254348754882813 -0.227615356445312
0.246139526367188 0.272109985351563 0.0626678466796875 -0.158203125
0.30535888671875 0.09393310546875 0.0447006225585938 -0.0783920288085937
0.29486083984375 -0.0667724609375 0.121238708496094 -0.051513671875
0.28594970703125 -0.081146240234375 0.156829833984375 -0.041900634765625
0.241531372070313 -0.117218017578125 0.193496704101563 -0.081085205078125
0.232147216796875 -0.0308990478515625 0.178955078125 -0.020782470703125
0.238479614257812 0.055999755859375 0.106056213378906 0.0493240356445313
0.177581787109375 0.157257080078125 0.0375251770019531 0.0436325073242188
0.0557098388671875 0.253707885742187 -0.0386505126953125 0.0488967895507813
-0.04168701171875 0.239532470703125 -0.145828247070312 -0.0999298095703125
-0.0832672119140625 0.279678344726563 0.0109710693359375 -0.178604125976562
-0.2686767578125 0.447021484375 0.148788452148437 -0.225967407226562
-0.1954345703125 0.480682373046875 0.0436935424804688 0.0785064697265625
0.05560302734375 0.521636962890625 0.322296142578125 0.015289306640625
0.17437744140625 0.3709716796875 0.219955444335937 -0.2635498046875
0.2926025390625 0.2772216796875 -0.0167388916015625 -0.196807861328125
0.345123291015625 0.10595703125 -0.0824661254882812 -0.080322265625
0.3441162109375 -0.05535888671875 0.00020432472229006 0.000917315483093258
0.340606689453125 -0.0830078125 0.0570144653320313 0.0112838745117187
0.303131103515625 -0.126617431640625 0.106788635253906 -0.032135009765625
0.28936767578125 -0.023895263671875 0.107078552246094 0.00775146484375
0.304443359375 0.0615234375 0.0729217529296875 0.0598602294921875
0.265151977539062 0.167617797851562 0.0196342468261719 0.0557594299316406
0.149566650390625 0.3516845703125 -0.0452651977539062 0.0676498413085938
-0.011260986328125 0.388275146484375 -0.126731872558594 -0.0648651123046875
-0.151885986328125 0.428497314453125 -0.0150527954101563 -0.0847702026367187
-0.323699951171875 0.472320556640625 0.08282470703125 -0.06689453125
-0.195770263671875 0.527587890625 0.068328857421875 0.1732177734375
0.109283447265625 0.518646240234375 0.3076171875 -0.00173950195312497
0.21148681640625 0.31134033203125 0.153045654296875 -0.275405883789063
0.275299072265625 0.215988159179688 -0.099609375 -0.209686279296875
0.315765380859375 0.092926025390625 -0.20098876953125 -0.068603515625
0.331512451171875 -0.03973388671875 -0.121505737304687 0.0553970336914063
0.343292236328125 -0.06951904296875 -0.0521888732910156 0.0633316040039063
0.324310302734375 -0.11199951171875 0.00466918945312502 0.0251846313476562
0.31268310546875 -0.004669189453125 0.0147361755371094 0.0485038757324219
0.3323974609375 0.072113037109375 0.0205612182617188 0.0826644897460938
0.3204345703125 0.17230224609375 -0.0138702392578125 0.0809478759765625
0.218841552734375 0.41693115234375 -0.06622314453125 0.0872802734375
0.00744628906250005 0.497772216796875 -0.099700927734375 -0.0178909301757812
-0.208251953125 0.521240234375 -0.0492973327636719 0.0462303161621094
-0.315185546875 0.4305419921875 0.019195556640625 0.07470703125
-0.146087646484375 0.483306884765625 0.0957183837890625 0.233306884765625
0.146942138671875 0.40435791015625 0.2611083984375 -0.0241241455078125
0.191665649414063 0.184127807617188 0.0757904052734375 -0.248458862304687
0.194976806640625 0.120651245117188 -0.15753173828125 -0.190689086914062
0.230941772460937 0.0670623779296875 -0.280624389648437 -0.0419158935546875
0.265213012695313 -0.0171051025390625 -0.219223022460937 0.102951049804688
0.291351318359375 -0.0433349609375 -0.151931762695313 0.105941772460937
0.2943115234375 -0.0721435546875 -0.0996017456054687 0.0797119140625
0.279159545898438 0.0243072509765625 -0.0863037109375 0.0850601196289063
0.295440673828125 0.081573486328125 -0.0466232299804687 0.104141235351563
0.310821533203125 0.162506103515625 -0.0622634887695312 0.107742309570313
0.233673095703125 0.431427001953125 -0.101951599121094 0.0968399047851563
-0.00317382812499998 0.53375244140625 -0.0726242065429688 0.0347442626953125
-0.2535400390625 0.52593994140625 -0.0940704345703125 0.193557739257813
-0.25140380859375 0.33837890625 -0.0272064208984375 0.180648803710938
-0.069061279296875 0.37664794921875 0.117996215820312 0.250045776367188
0.157424926757812 0.23687744140625 0.1964111328125 -0.040924072265625
0.132102966308594 0.049468994140625 0.0132598876953125 -0.193267822265625
0.087371826171875 0.0339279174804688 -0.177932739257813 -0.151229858398437
0.120803833007813 0.0446853637695313 -0.31158447265625 -0.012786865234375
0.166259765625 0.0098724365234375 -0.2806396484375 0.136215209960938
0.193817138671875 -0.0095062255859375 -0.226821899414063 0.13238525390625
0.211288452148438 -0.0218048095703125 -0.1883544921875 0.116622924804688
0.186447143554688 0.044342041015625 -0.174407958984375 0.103683471679688
0.1966552734375 0.066253662109375 -0.1103515625 0.112319946289062
0.242218017578125 0.116836547851563 -0.119606018066406 0.128715515136719
0.200286865234375 0.36956787109375 -0.15130615234375 0.09088134765625
-0.03643798828125 0.477020263671875 -0.0575790405273438 0.0773773193359375
-0.269134521484375 0.430877685546875 -0.15020751953125 0.330108642578125
-0.156494140625 0.206832885742188 -0.046783447265625 0.2467041015625
0.00370788574218752 0.237548828125 0.135665893554688 0.237823486328125
0.140464782714844 0.0727386474609375 0.133018493652344 -0.04931640625
0.0592689514160156 -0.0513458251953125 -0.0239334106445312 -0.132713317871094
-0.0128421783447266 -0.0237236022949219 -0.168975830078125 -0.112762451171875
0.0137176513671875 0.0310935974121094 -0.305633544921875 0.00860595703124995
0.0531425476074219 0.0408668518066406 -0.3035888671875 0.152008056640625
0.0665664672851563 0.0250282287597656 -0.26654052734375 0.139984130859375
0.0834121704101562 0.0234832763671875 -0.2427978515625 0.12982177734375
0.0523147583007813 0.0365753173828125 -0.225296020507813 0.1026611328125
0.06744384765625 0.00931930541992188 -0.15045166015625 0.11175537109375
0.145584106445313 0.0272979736328125 -0.174423217773437 0.142181396484375
0.149505615234375 0.234283447265625 -0.207107543945313 0.0656890869140625
-0.056549072265625 0.329559326171875 -0.057464599609375 0.0953521728515625
-0.236312866210938 0.253677368164062 -0.209716796875 0.422393798828125
-0.100939943122845 -0.00510492786545087 0.536901623271544 -0.100742439461765
-0.0705799522191202 0.0895452417929026 0.164246564976197 -0.0226389419375322
0.0291337069134368 0.10909026082218 0.168345449036688 0.18998974394487
0.11860534200662 0.00369722320733944 0.235368707404957 0.0893752931731025
0.0242161813170458 -0.102945852618138 0.145141600860083 0.0865933149277484
-0.0638782679522436 -0.0571341278952206 0.150555797795172 0.165664514345281
-0.0966638035278151 -0.00662756521759994 0.213130995817928 0.218662395863386
-0.0924796321668654 -0.00321167546027077 0.245709598178699 0.215581757091778
-0.103462344873189 -0.00528309947803245 0.242916904074827 0.229919586611111
-0.0988435427257913 -0.033518094247759 0.1459879503785 0.222987768850226
-0.0416270699458044 -0.100425768237035 -0.0104685685777094 0.176828288752814
0.0841084271267239 -0.0815535591329344 -0.0576798555421901 0.0627992236345147
0.0793717244071706 0.0394120032159306 -0.0636882601395738 -0.0502590997012059
-0.0248854090389958 0.077908887576378 0.0507689216042666 -0.205152153890736
-0.0952039412994147 -0.0278791444422223 0.195819562840879 -0.107301954102481
0.136761306193632 -0.0182686923149004 0.502814357519291 -0.100294577475682
0.154025023062578 -0.0159578746786891 0.0917856263142283 -0.0493055935257231
0.17314903632173 -0.064124542339952 0.107230537516371 0.232331671612144
0.173072967654752 -0.154756424772709 0.234235416958302 0.10847969728073
0.0234561336906257 -0.251606546182014 0.136534910589086 0.062052821049352
-0.102493441194776 -0.190405201510654 0.106349685718387 0.126814214473066
-0.173609910664459 -0.127655069959733 0.148165965877168 0.199261725516969
-0.18540549508748 -0.082908060177376 0.192096152467972 0.203793380850453
-0.187935798960692 -0.0772172611486718 0.203847391923336 0.212796292249109
-0.139909945656871 -0.098798815199087 0.119716668157704 0.19747923829266
-0.0797206649931918 -0.159042742176671 -0.0130972738741456 0.155817687890111
0.0639267615706289 -0.165409544779446 -0.050972452305549 0.0536430245649354
0.119512039365782 -0.0824494653656565 -0.0637355137068107 -0.0317473374164898
0.101417382609656 0.00252308686158596 0.0316067038753827 -0.205267177621896
0.0831728101676776 -0.0365228486424976 0.193140923417885 -0.12251893959321
0.346323321642736 -0.00647303409629475 0.397211794314639 -0.0902519722990529
0.368380724994997 -0.0960963428751572 -0.00430744914957299 -0.048840538899347
0.307906356390021 -0.225099434391877 0.0587676160915213 0.256494622033855
0.205862911311849 -0.298904907582706 0.233515062817833 0.0979728079583933
0.0164043614886125 -0.360642893263745 0.130965121729554 -0.0017559361185709
-0.122710910143929 -0.288153048693377 0.0527153758122271 0.0428982310026487
-0.219382238789347 -0.225423398581604 0.0592403591675777 0.135712543040487
-0.251525932585264 -0.150805897950495 0.108826984541336 0.16212696916963
-0.25452276898035 -0.139495513589376 0.141630084639775 0.176259411655934
-0.180574151471498 -0.159091607885163 0.076906023740361 0.166000968891457
-0.123715143899788 -0.216337845136618 -0.0267087884332833 0.140462597139397
0.0260070623944276 -0.252219300453627 -0.0632454491787402 0.0517648355163961
0.134548849572442 -0.21827381695964 -0.0819553041692285 -0.0190691813107565
0.213851469227307 -0.101210485567137 0.00700055514906336 -0.199764172056153
0.257433342223331 -0.0592387704907945 0.152988608090287 -0.124242639467503
0.489269879759823 0.0146821435644181 0.24160577187147 -0.0722098869068333
0.510676161634126 -0.15113395574412 -0.107223836388485 -0.0131770447449499
0.374554563296487 -0.34087587768721 0.0327952052760797 0.26646183850333
0.187196639120393 -0.385123791316375 0.231871677514098 0.0646692542341084
-0.00355444245710397 -0.396693637666308 0.121048456874981 -0.0901124850524156
-0.12363661908595 -0.325002569141142 -0.00501869528932927 -0.0681144554184487
-0.22838219076052 -0.279640092189827 -0.0394895271678606 0.0435581440869402
-0.280015693740074 -0.195294803213409 0.00795370402138075 0.0953772518489523
-0.290137062140945 -0.189407213833125 0.0561119221274317 0.121611456200935
-0.208646784136587 -0.212696318446696 0.0118515921727876 0.122950431124866
-0.160987682643983 -0.26904137089154 -0.0594702737314656 0.119244308261434
-0.016278155239366 -0.33452015527568 -0.0954914842385506 0.0499108788874782
0.134665260600896 -0.352268225766309 -0.114138716234863 -0.0144238029149967
0.308744780855185 -0.211349933426433 -0.0234532621124049 -0.180905767780285
0.407516724798654 -0.0843581032115592 0.0730814206029747 -0.106089236961288
0.543123015390274 0.025262841606417 0.0707348081391543 -0.0494974367189318
0.543122531749943 -0.189827759570521 -0.190749342749825 0.0500348593777462
0.341096786743359 -0.383920621750201 0.0352991027917078 0.256137185980583
0.11486790224072 -0.373333146406394 0.220704677551298 0.0158096140156839
-0.0263412884804957 -0.338468242379234 0.0972545438034493 -0.174679845327878
-0.103390728897464 -0.292933480628476 -0.0643729267368005 -0.171790624934735
-0.200607677455712 -0.281510300566975 -0.13244954280865 -0.0556794106342429
-0.265133978779533 -0.210527436522786 -0.0945465963811961 0.0143050025745797
-0.281457870474046 -0.218882622105446 -0.0423032811972569 0.0493138884864248
-0.203299839196216 -0.248103137030189 -0.0709637145122847 0.0629774372253251
-0.169033798461381 -0.298129384986184 -0.109387690776922 0.0824789800539821
-0.0443626444641564 -0.384669901693272 -0.141260598311084 0.037237640830202
0.131517083555679 -0.446790265244422 -0.15132686844322 -0.0203083805353291
0.376517150245447 -0.292948006004739 -0.0575838457135955 -0.146327397868522
0.508417388440335 -0.0925858221729993 -0.0411793739115415 -0.0662539919386045
0.509680347925341 0.0222546984732846 -0.0812072447483916 -0.0214621707481483
0.471814671668741 -0.206492146396484 -0.232079252234794 0.11891891255306
0.227363915951138 -0.347401109443704 0.0544583986105213 0.223013229611268
0.0245598890065184 -0.269668296163749 0.19359369151839 -0.0282433982419892
-0.0320400049135199 -0.212992884946434 0.0648147893387248 -0.226316082906305
-0.0611322094582398 -0.212725687349181 -0.112477914443392 -0.242173116722006
-0.140874019737188 -0.237126188954489 -0.204060662561922 -0.141523997470508
-0.206199091345357 -0.193694749131596 -0.181753725103951 -0.0687575352780325
-0.222374425732606 -0.217971810923062 -0.136118690104068 -0.0322031498097465
-0.154321877890908 -0.24509806678285 -0.148583584273921 -0.0123149363688092
-0.133648107445275 -0.278206681984262 -0.158012682507816 0.0257907524884186
-0.0437001796024305 -0.373020480546124 -0.186385946233229 0.00513679632896972
0.131628444576846 -0.465924470569169 -0.181085431943351 -0.0437034290273074
0.408474099132866 -0.310587516171163 -0.0899343240003558 -0.102493421350935
0.534561066214476 -0.0686886271091759 -0.176075322372306 -0.0155603615558272
0.405599088785417 0.00581533540683876 -0.19203210326144 0.0137813784011327
0.332867599395546 -0.203984067791765 -0.228667474112712 0.174393845968059
0.0881054524002906 -0.258491292331518 0.0730381441312137 0.173054405650437
-0.0459498275561333 -0.129298439356887 0.154697958956547 -0.0549997631724911
-0.0156251638184997 -0.0750509984274992 0.035169735068962 -0.237172606131173
-0.0061019633084051 -0.116082620636516 -0.141515003467498 -0.270910099109219
-0.0609722902832342 -0.164807502446575 -0.246400220079823 -0.201593668932031
-0.115104244963203 -0.147951450659503 -0.241781793886553 -0.140154208037231
-0.123469822990873 -0.176153754906459 -0.203194252284149 -0.111732352930067
-0.0742631588247748 -0.187056820095121 -0.196051454903804 -0.0892548029509646
-0.0749629449349762 -0.194955951273433 -0.183815327915752 -0.037317629443005
-0.0387513379166954 -0.285852811671413 -0.218924889356251 -0.0374269986556401
0.117160099386424 -0.397360621205834 -0.196257287686093 -0.0864817202392543
0.383750146767006 -0.256684086046635 -0.11319794025346 -0.0653629491724968
0.471195527139353 -0.0175837160338917 -0.312016215241314 0.0314628562361627
0.251443521858526 -0.00992847649674899 -0.250495281009681 0.0573862777618372
0.170364489047332 -0.17470862826255 -0.19419870428999 0.215075004819609
-0.033499015831211 -0.148986708355712 0.0860050789184898 0.124018253965724
-0.079586676149505 -0.00344085726282637 0.116004426218513 -0.0651294079959822
0.0137551547545164 0.0359219209300137 0.0160324514669307 -0.220907424764363
0.0485857131903741 -0.0268256958756381 -0.147455656195208 -0.270246143540757
0.0267047917386961 -0.0800353834393026 -0.257868159166037 -0.233840455979517
-0.00605652893453224 -0.0784035958497203 -0.264331078270181 -0.188684744973691
-0.00736501444632615 -0.0914519672482543 -0.229275971540009 -0.171891892557522
0.00739107127386031 -0.0764517600878117 -0.20273174104002 -0.143777199376271
-0.0284944173614728 -0.0604789608097588 -0.183171081442597 -0.0812708098345629
-0.0542577626313074 -0.148272740563929 -0.23591014042326 -0.0794525835727674
0.065306070848415 -0.266047922035428 -0.193432827713459 -0.14189608322616
0.284730377839046 -0.155108768993247 -0.118156017043976 -0.043488431164646
0.321246553090484 0.0371103139662725 -0.41921625445775 0.0572206678303766
-0.102487942142452 0.0014236919542654 0.528665426768425 -0.123459728832203
-0.0653459119205158 0.0923371404738629 0.160474043550381 -0.0295474173631451
0.0347091269913197 0.107105766367663 0.177660814277536 0.182763495181622
0.119340881854486 -0.00279784396385652 0.237404419872146 0.0773355192309353
0.0179355659644792 -0.10410859449641 0.146958035365515 0.080375622403432
-0.0665934485090965 -0.0544258439664875 0.155388533847673 0.158438676748254
-0.0940158195042539 -0.000977894504096953 0.220866794337355 0.206605461876323
-0.0924056252491539 0.00365248354956531 0.253951947233263 0.204973290728887
-0.103667471833913 0.00141046891144411 0.25112928482296 0.218593907022271
-0.0991639363527015 -0.0268611620776759 0.154963084962495 0.21451892835455
-0.0491833697277083 -0.0969985166515428 -0.00356585506948467 0.17971522092286
0.0787870413412787 -0.0873606543554155 -0.0571532029789783 0.0628298683444102
0.0825168776003933 0.0365858349059782 -0.0667124428785195 -0.0487783239189069
-0.0195025241265206 0.0796114869395043 0.0392833638913166 -0.203859139464146
-0.0978598977544526 -0.0200276800476174 0.192460434293115 -0.111762809008057
0.134935116681627 -0.02284993298279 0.493821287583316 -0.122009538795492
0.153022257471512 -0.0223251638487834 0.0850164617869533 -0.0509600950955096
0.170529225183682 -0.0708610233944205 0.119187991917569 0.227387769202116
0.16875023895105 -0.16285160084833 0.237987371896396 0.0956968624335306
0.0109654752384956 -0.253196284738873 0.137676578576243 0.0558681870447406
-0.110675588209817 -0.187451733871993 0.108172804945179 0.122491945895877
-0.177728455181776 -0.119754631689236 0.15614438652972 0.192339365440478
-0.18856716802793 -0.0724157779579771 0.199564630098451 0.195184273315048
-0.191416767833979 -0.066666157197981 0.212244474642984 0.202977350156259
-0.142339869798529 -0.0917375720000982 0.127396522001555 0.190199268950087
-0.0879768281347622 -0.154273956185122 -0.00747500107873361 0.157917303173814
0.0559723843455022 -0.169454390924744 -0.0511498004596174 0.0536400807748093
0.116892846925815 -0.0862124949177444 -0.0640506552932603 -0.0299029278396349
0.103403549199637 -0.000351436102812342 0.021157643794609 -0.203014882712201
0.0802512955049592 -0.0359439087098194 0.189779878861262 -0.128917255046807
0.345562210186641 -0.0205946576036528 0.391023938309471 -0.105767902778298
0.362962498959462 -0.111010985018633 -0.0110871761964762 -0.0462774166021473
0.296772076062775 -0.236135568131329 0.0721982671706188 0.255113856241575
0.196391020398412 -0.307708329122891 0.237708640655957 0.0843568100225601
2.4499338168706E-05 -0.362320343419258 0.129870687449743 -0.00822682475780977
-0.133092028396234 -0.285512433039392 0.050376540793817 0.0402412267538984
-0.228736123130094 -0.216087421258114 0.0652211996367767 0.133831587120501
-0.257475524045015 -0.137722570729446 0.114821141234165 0.157527210027419
-0.25979893949855 -0.126959142007427 0.147802453048944 0.168806303769607
-0.185652704272229 -0.151318785745251 0.0828687030075242 0.161222295602586
-0.133394337499306 -0.20926335373453 -0.021656222142349 0.142160751768739
0.0160362344290712 -0.253994439017327 -0.0631700544304602 0.0526835300162347
0.126369273418677 -0.221725715386444 -0.0804881955204582 -0.0168214391144426
0.211460080241891 -0.108636760293329 -0.00248710953692488 -0.197851092521016
0.254277236573381 -0.0664150504563557 0.149537726111676 -0.130695715598208
0.487962989657913 -0.00661925614858904 0.236939877458855 -0.0818870078877107
0.501608884422018 -0.173031141577755 -0.112332958728215 -0.00571454807075845
0.359303769119038 -0.356604314178529 0.0462895724619191 0.265408587062641
0.173839576953267 -0.390851352016347 0.235155510321625 0.0509606066474286
-0.0210331624295081 -0.395698651121126 0.116819635716763 -0.0962350685084398
-0.135810784631554 -0.323056857524159 -0.0125498017360847 -0.0667558744529993
-0.240346160235197 -0.27117348830691 -0.0366457834886026 0.0466231657372168
-0.288006294014317 -0.180915694727753 0.0115768999276159 0.0955635423842755
-0.297621732887897 -0.176379151797678 0.0602071679288366 0.117428416905787
-0.215131514968598 -0.205092648871314 0.0156290694276263 0.120724743877431
-0.172323046811395 -0.260129075772945 -0.0548807372257513 0.122160489373513
-0.0289228416324822 -0.333465086714643 -0.09539603372058 0.0524866663282078
0.119669210972687 -0.354517066961764 -0.111324761102662 -0.0101041759337322
0.30050770760826 -0.222735295027596 -0.0309846514309806 -0.178878780793761
0.404030213467016 -0.0986501865207833 0.0704873386355206 -0.110275919679081
0.543891205326359 0.00426797897325633 0.0675140829167741 -0.0534858953717299
0.532246369340261 -0.21151671200291 -0.191660728391658 0.061536995120435
0.321544115038264 -0.397208640365313 0.048962025847023 0.256188553700162
0.102818648042993 -0.375403192921669 0.222344121618367 0.00301038397870291
-0.0397269062394906 -0.335141489833008 0.089744802434675 -0.180196638009884
-0.113301168533228 -0.291165037941892 -0.0755551622661454 -0.168338230357055
-0.213159669786796 -0.273117317410672 -0.132808338649207 -0.0476762697905962
-0.274248265083182 -0.197756617125233 -0.0936510772121582 0.0190399110408106
-0.291118356974571 -0.206968724402435 -0.0413708772323203 0.0501208220879529
-0.212243417375455 -0.24100775383126 -0.0687314054733709 0.0651305926538223
-0.180617745577212 -0.289722910668724 -0.10556569926713 0.0866678173860999
-0.0586613392605408 -0.384508926691158 -0.140877838432737 0.0423107731174326
0.111626856590964 -0.447889445010095 -0.147976512049621 -0.0145304936290135
0.365261739280595 -0.308625814612082 -0.063138014643937 -0.144784894551184
0.505274954472182 -0.113076540222714 -0.0420343698451399 -0.0665110931666361
0.511510826532517 -0.000317109945908689 -0.0830890947595261 -0.0198660891301037
0.459634273844572 -0.227930572247551 -0.227812688843154 0.131516203715472
0.20960860389405 -0.353599233159413 0.0668506872984977 0.220869145150679
0.0167869478775836 -0.268288438039885 0.193918639777957 -0.0397814658685674
-0.0383279185440348 -0.20963458252659 0.0554783824084526 -0.230537014819757
-0.0672292598423393 -0.212755298681877 -0.126050075371362 -0.235853148769501
-0.151495831705608 -0.232549083528083 -0.20855744101848 -0.129889565051363
-0.214607303193856 -0.184918700976245 -0.18375087668771 -0.0610790869671594
-0.231018463808325 -0.209120308638081 -0.138077267240691 -0.0278158002565236
-0.163442353147619 -0.241046105473535 -0.149396128251475 -0.00594534596199689
-0.143145689318171 -0.27198458123393 -0.156616593281686 0.0313611205356977
-0.0586049008835934 -0.369700352939031 -0.186282876314636 0.0129516743090656
0.110490071816711 -0.467095069564964 -0.179243766737056 -0.0370452138523199
0.394470483776163 -0.326039662118329 -0.0932082507553425 -0.101054558756069
0.533530119176564 -0.0911428086568612 -0.174889657363185 -0.0099740601735734
0.406172224061389 -0.0124008548874782 -0.190985365660064 0.0194473580230364
0.319154153698652 -0.218901385605381 -0.219963446022881 0.187007185669218
0.0733459016884686 -0.258677774711459 0.0833498669729692 0.170849420124198
-0.0486785944860993 -0.125530917703224 0.15367556438904 -0.0624477745696635
-0.015712229687563 -0.0733455544142866 0.0249056233227938 -0.238932767248265
-0.00869502992822759 -0.118167532452267 -0.15404748556021 -0.262983337003777
-0.0686091081146329 -0.164352772029111 -0.252999849766683 -0.188445812355145
-0.121492894960446 -0.144442788413688 -0.245550989327227 -0.129630683765284
-0.130667414996393 -0.172643506701868 -0.207933619915012 -0.104970726115101
-0.0818890124970861 -0.187215983297527 -0.20030858240585 -0.0802747702280529
-0.0811665857913609 -0.191794088972809 -0.184296914160083 -0.0299457049221452
-0.049772752446234 -0.282790513536271 -0.219178488093943 -0.0279301502122449
0.0983097267658763 -0.399351809155379 -0.19709434722706 -0.0790328360213639
0.372270288198143 -0.273253181123762 -0.11460123527827 -0.0642849522753142
0.473600735070589 -0.0391940530546101 -0.308036712734447 0.0411640024473135
0.25100280300974 -0.0215495292846925 -0.247553834035132 0.0657464410686738
0.160294968691137 -0.1828545983941 -0.182754282132155 0.224223014049113
-0.0417223585944602 -0.144733230087703 0.0931999674630274 0.120449461549191
-0.0775563407261201 0.0018323152083029 0.115112192016625 -0.0692285604244448
0.0173099578230307 0.0350979646074258 0.00699654799449666 -0.221371553033759
0.0493871589697299 -0.0307020045309489 -0.159317121637027 -0.262485182857533
0.0224283695541331 -0.083755146508035 -0.265510601237408 -0.219783017609294
-0.00978909406768633 -0.0806004914810338 -0.26977780488681 -0.178314385478939
-0.0104476651287658 -0.0932216442664257 -0.235284331374283 -0.163538683589159
0.00537730234378427 -0.0798126981807265 -0.208742022266193 -0.134831899123462
-0.0289482044205111 -0.0591515906383821 -0.18524124018844 -0.0746351062750529
-0.0603853599864524 -0.14411904442166 -0.237378325317876 -0.0676121195347573
0.0517131231809221 -0.265791298078896 -0.19795732526882 -0.133050756337254
0.277341448745736 -0.168963672520234 -0.11831946600458 -0.0424261668107813
0.324334106637905 0.0220748347823644 -0.415648139982837 0.0731531431850565
-0.102079366762261 0.00737724099023899 0.512020649842321 -0.138249214414164
-0.06005749891664 0.0920386835341099 0.15313792211887 -0.0328100229769633
0.0388786984978779 0.102606824649761 0.182518854304897 0.173358598911103
0.117321869962622 -0.00946545844658429 0.234516771699159 0.0654103370218651
0.011670952146204 -0.103345600811557 0.145172605818646 0.0736371500575074
-0.06728960660259 -0.0508932134030149 0.156330878581605 0.150442028690649
-0.090329674992965 0.00325536411998322 0.222791595153935 0.193661196054
-0.0904250958756236 0.00951444368078716 0.255060692771277 0.192178628251345
-0.101805360277485 0.00783218226266559 0.254542568748665 0.203056526166235
-0.0973196255187098 -0.0198718925270977 0.159394763208765 0.202748508387547
-0.0541703345706529 -0.0915126735380588 0.00284603364809895 0.177615109964102
0.072859615413108 -0.0905372126170744 -0.0563295934350119 0.0622986821265286
0.0840212697684861 0.0334918314989302 -0.068369738881488 -0.0461494219338177
-0.0138716220578448 0.0791583871845439 0.0287898775063687 -0.197982990436425
-0.0982192325595268 -0.0120974713504746 0.186045338967906 -0.113882704966584
0.130570397364507 -0.0254640747053963 0.476506799446974 -0.136039210655119
0.148592551969804 -0.026922977679776 0.0783019665015734 -0.0508675496949738
0.16468385889082 -0.0757712363878249 0.126914450250806 0.219535620886687
0.161484448299141 -0.167802546619535 0.235916903736824 0.0813081820473836
0.000773971293022089 -0.247961192626597 0.135716441017402 0.0488448628918723
-0.115332520702244 -0.181520614546623 0.106928946273632 0.11731335878789
-0.177380182896043 -0.110516548797578 0.159266729463577 0.181763971270501
-0.187067848970216 -0.0613324693170153 0.201068343944502 0.184796893987615
-0.189269985550602 -0.0562107887583808 0.214377918517947 0.189340419858144
-0.141918252941073 -0.083350858525128 0.130758523100507 0.180478247105189
-0.0928809616724998 -0.145654641911472 -0.00213981614006179 0.156563490793946
0.0483845890103742 -0.169718643739488 -0.0508504577592295 0.0528933648387204
0.112809964212469 -0.0869761798280551 -0.0633742368848955 -0.0285569848750408
0.103199424492992 -0.0035107592360545 0.011461482977396 -0.196879979926525
0.0777210730239548 -0.0344630064406112 0.182640196378775 -0.13159692646284
0.338046193719674 -0.0318919560081771 0.377451207856312 -0.118543925876492
0.350499373055914 -0.121095102135164 -0.0161170692127243 -0.0420209603266926
0.28203758247138 -0.242712760756646 0.0808743735012425 0.248506752824462
0.184562343576889 -0.310508530503121 0.235864474005598 0.0705673355898708
-0.0136561061111207 -0.35414588012449 0.127033387302555 -0.0138802032485487
-0.14121768332313 -0.277727413851291 0.0472958472610589 0.0395076193438183
-0.231961381085986 -0.204908918697534 0.0690186092020341 0.128487840081678
-0.257935451444728 -0.123197065636399 0.117481251028131 0.15147103803518
-0.259600763789436 -0.113207940458394 0.149769213769716 0.15901293515429
-0.185740416265873 -0.142209204860879 0.0864213599369249 0.153508750501581
-0.138422604787904 -0.198185040416106 -0.0162517962922269 0.140516909275082
0.00678944981019336 -0.250298148006863 -0.062599705942235 0.0529809978179348
0.11656192995543 -0.220190459274756 -0.0772266229151846 -0.0149964909028454
0.204342169636282 -0.113320913635513 -0.0100887866802923 -0.192322066051315
0.247505655989987 -0.0716308202837789 0.14294252387588 -0.133433860055479
0.478427177995523 -0.0234023229783419 0.227883576326938 -0.0896633038221142
0.484337021672483 -0.186550369184762 -0.114242926247656 0.00149543622018531
0.336689045405523 -0.360839507648542 0.0575953277214577 0.259393005972772
0.159971688208178 -0.390428217506539 0.233511940830533 0.0375014911380075
-0.0341829006601513 -0.386076234465953 0.11093106979608 -0.10014351289704
-0.144097815693361 -0.31473554541697 -0.0190799951990488 -0.0638391892728935
-0.24669726262633 -0.257873579403584 -0.0333051516551938 0.0478878346761519
-0.288742699940349 -0.165804432521079 0.0141631793518135 0.0941492090024478
-0.29826306437239 -0.160873082906763 0.0618334534331274 0.11247362440471
-0.217362978276154 -0.194856429442754 0.018739209087323 0.117255528852171
-0.176977277733659 -0.247397925838696 -0.0499383258822948 0.12081155920287
-0.039371558179095 -0.32734673321733 -0.0935774545260326 0.0539507589712239
0.105302061687218 -0.349521470336356 -0.106224616478075 -0.00751547730186296
0.286853833551557 -0.228346896450368 -0.0373891954357673 -0.174322868731451
0.394839897995942 -0.110909355271129 0.0665366824252205 -0.111970653615817
0.533208046414271 -0.0172003121216673 0.0632089867808969 -0.0560467877367396
0.511514682853868 -0.226501955384981 -0.188055575376822 0.0699466065773004
0.299233566758787 -0.397459999168796 0.0606008537260324 0.249279464842927
0.0896265351528611 -0.372167878902754 0.219841919731493 -0.00803265929992041
-0.0493926483321158 -0.32645102906018 0.0814491072996561 -0.181119943502668
-0.120073471210489 -0.285520762602955 -0.0836997664543944 -0.160830838327447
-0.220558675242405 -0.261857638167661 -0.130569127028684 -0.0410422518487707
-0.275242098398383 -0.182555704497014 -0.0909737375512421 0.0225830131303879
-0.292311911394699 -0.192195367805917 -0.0403817833134049 0.0499289076563568
-0.216329932027828 -0.231359736668128 -0.0662108929454033 0.0661705607578792
-0.186152903980053 -0.276125265458475 -0.100583921259623 0.0881448268599376
-0.0691486699793417 -0.37331660809299 -0.137553097122868 0.0451764825760363
0.0934093550370098 -0.441320216941366 -0.142226543971915 -0.0102294432219097
0.347893859291682 -0.313635081465531 -0.0671906787425924 -0.140671846627783
0.492927221203609 -0.129100761566791 -0.0422741262833183 -0.0658242861835532
0.501478736056762 -0.0181418528201782 -0.0823771204790793 -0.0188130373962626
0.439123071818443 -0.239678983958991 -0.219364969379982 0.139880402234865
0.189893284234144 -0.352101384136624 0.076366159540142 0.214600310252566
0.00917222526137776 -0.261718763511037 0.190773692856213 -0.0478207374002201
-0.0422964960464003 -0.202766521435129 0.0459295407019173 -0.229446690709698
-0.0713506593569535 -0.209809889652658 -0.134832593351786 -0.225530223169994
-0.158101093528686 -0.225144954100174 -0.207770247615639 -0.117825580427342
-0.216922245266391 -0.173489885948901 -0.181585787487645 -0.0530195558491094
-0.233951486623505 -0.198087179531814 -0.137660652241643 -0.0230787324950038
-0.168907212420341 -0.233620879413905 -0.14833489734601 -0.000309407623629927
-0.148228532702831 -0.261155612449411 -0.151806270905008 0.0349112850066466
-0.0694657374941571 -0.360385715499557 -0.182247122782714 0.0193807404340292
0.0912356365618061 -0.459656911030913 -0.173841487810518 -0.030975414002475
0.37549983381342 -0.334086746209933 -0.0942409723349691 -0.0985047636534553
0.521027912838582 -0.109261848378868 -0.170479899957397 -0.00631532401450642
0.399079482188156 -0.0271119796876213 -0.186894756956236 0.0231946434233019
0.303419096252995 -0.227182798123322 -0.20816960709869 0.192628603408465
0.0607802524040354 -0.253062939920838 0.0902447896215876 0.164452184967657
-0.0492757734848475 -0.118945534875423 0.150359553081575 -0.068852854308175
-0.0143627863123869 -0.0701079005085032 0.0155696430638862 -0.235579380043119
-0.0101150991373942 -0.118559137298722 -0.162092348581422 -0.250916393029455
-0.074875366936859 -0.161036670971823 -0.252844919289998 -0.173238026464937
-0.12430409682322 -0.138194479992771 -0.244401347757731 -0.119584509907576
-0.134597838735988 -0.166477199698258 -0.208602953915544 -0.0958699014805156
-0.0858939188654974 -0.183684800784289 -0.200138725696874 -0.0713025805081654
-0.084526395422275 -0.184877976513341 -0.180941104284609 -0.0243990379982872
-0.0583463942262816 -0.274693259202869 -0.214868511465071 -0.0189512319532802
0.0805890735423149 -0.392815278098548 -0.193813392835959 -0.0709133230313599
0.354188931650043 -0.28251600579004 -0.113560745850381 -0.0628674262853913
0.465557633012928 -0.0573197301542356 -0.299197306408471 0.0496648631761285
0.246267108524378 -0.0316425392680141 -0.23990415788153 0.070401519123744
0.147657601096043 -0.185343390654717 -0.168412157779051 0.227198661064049
-0.0475089160880659 -0.137359654998016 0.0980047808174615 0.114892566940986
-0.0743587887043987 0.00618175897058642 0.111663498634586 -0.0720376996342743
0.0213544613376658 0.0340796059747232 -0.000437110502909196 -0.217278012832477
0.0498649962746148 -0.0342601733189713 -0.165971817144779 -0.250219586808402
0.0179087974539556 -0.0856012776479355 -0.266231371019894 -0.204429298933295
-0.0124259342416357 -0.0810259545647416 -0.268507256625629 -0.166668743707201
-0.013523386302278 -0.0941154884587551 -0.236712611751028 -0.15301701335598
0.00351430558695215 -0.0807964545346999 -0.210265036945147 -0.124374250317095
-0.0284104727418413 -0.0568546001470462 -0.183031609816037 -0.06674256829749
-0.0639184172498084 -0.137359901329583 -0.232522961930201 -0.0561591131549704
0.0400997449514413 -0.259622739803441 -0.197422450000747 -0.124576248579422
0.26473638489423 -0.176863785101118 -0.115661601519325 -0.0418462505857448
0.321414997645255 0.00896316310699762 -0.403243032425021 0.0844507146630368
-0.0921326724551061 0.0381682094052562 0.432301308413962 -0.291955783368541
-0.0237865063709161 0.105187052202209 0.128415900016479 -0.0814289220268177
0.0725477459051852 0.0801873353002989 0.217988451792374 0.103487742840106
0.104794310059925 -0.0518874588626305 0.236497455481984 -0.00651746132007941
-0.0223852034999551 -0.0978038211831562 0.160574841459993 0.0263969916710534
-0.0763860027049698 -0.0234129321965519 0.193685331847132 0.0892727881614839
-0.0797380290953555 0.0336405626029973 0.269806374968786 0.104119695132182
-0.0763955451531523 0.0389128436260048 0.295357234581238 0.0926738098272391
-0.0892095085820003 0.0415362940286048 0.296136379263376 0.10439319013137
-0.0941890033907448 0.0129310220643848 0.209857913721008 0.136309175846703
-0.0807757312031899 -0.0641611064144623 0.0612272921998233 0.164204480193765
0.0367900356438055 -0.107926378914854 -0.0366237603518562 0.0764014627422316
0.0894888388606351 0.0050465989411664 -0.0794376740864842 -0.02404633037069
0.0137151501261148 0.078853695621892 -0.0323961851468423 -0.189126469091377
-0.0958085256624795 0.0229338440394857 0.141142563012802 -0.15387457365669
0.115806522155305 -0.0711287139954253 0.3972362191211 -0.270713786974455
0.129908197638131 -0.0760688902471302 0.0514934409321819 -0.0617553051289061
0.129792339590706 -0.125193936393633 0.189435923355715 0.175358407409357
0.0922454441782321 -0.212893754539898 0.251092511274325 0.0124669432895393
-0.0786883523231122 -0.228073003518939 0.149751951374873 0.00756321774322716
-0.162640222893919 -0.129469266783083 0.142678764266629 0.0748411641562292
-0.200245733507206 -0.0459318006103301 0.21250537572539 0.117075469648343
-0.186909749843279 0.0036399232210796 0.246921234926252 0.102534840247056
-0.189704392968995 0.00997463513154005 0.256986826447176 0.10508031332853
-0.155177870508148 -0.0333555879698225 0.177881250949764 0.124927719497316
-0.132108056030476 -0.101978066477593 0.0510057757060473 0.145599398824085
-0.00936789355193516 -0.173004061666853 -0.0335129221680961 0.0678706269655838
0.0789069593486419 -0.11433901616993 -0.0698126273714351 -0.00762341711813918
0.0962380483256512 -0.0346674922076759 -0.0505824928654636 -0.183881683516243
0.0626230362536506 -0.0511588817028976 0.128051765084117 -0.174211348808749
0.30909213945347 -0.147580564888592 0.304360454856258 -0.215538851193889
0.286122724370283 -0.230831773888916 -0.0352829312970351 -0.0120259881680918
0.181725338145637 -0.316616557269876 0.162857093741031 0.226831854823225
0.0652873952840442 -0.351062189668574 0.255231448479691 0.00518054656015841
-0.124907343026541 -0.32151526057039 0.126518638514468 -0.0481171193173891
-0.217321401836595 -0.211674163899871 0.065151980318611 0.0227812499699178
-0.28410813312955 -0.117517349666657 0.114573428860457 0.100367673601581
-0.270813144299097 -0.0308479347344371 0.161004105621216 0.0982808972527447
-0.272236375243962 -0.0211707293807775 0.188130588210545 0.0964488202945976
-0.214380960743023 -0.0745700787560567 0.130237466165927 0.115082336376868
-0.189105794295137 -0.13684718613973 0.0337857779620195 0.135723258140121
-0.0716205792362923 -0.234673636215947 -0.0428987434102977 0.0726671300125506
0.0417082269727132 -0.237747554438518 -0.0785398675702847 0.0104285811494787
0.154698453829084 -0.167685331801623 -0.0709840093236074 -0.174749382099477
0.211427066525481 -0.13817046357366 0.0873985220629117 -0.16877226235387
0.444810625801265 -0.184901552083417 0.171248414054527 -0.139197754532406
0.388922012936167 -0.336278139341002 -0.113962804206928 0.0659099175479845
0.193974498033807 -0.444380376069758 0.150503424711873 0.250890612346035
0.0156047957928153 -0.41546168627471 0.247259336072551 -0.0252634640396752
-0.153717217263592 -0.344112791799659 0.0867366645205844 -0.124073207228255
-0.232307061616835 -0.247773592704842 -0.0282571572878232 -0.050669717720509
-0.31617659786312 -0.162629291491503 -0.00429149411048798 0.0610777788237717
-0.314693837415561 -0.0609150991311022 0.0494104943048588 0.0786314364901915
-0.322811243885863 -0.0533853544868186 0.0935968795942286 0.0811103521681087
-0.261390067132547 -0.113977460740726 0.0583461751644326 0.103547578748095
-0.239068702652337 -0.170524078852529 -0.000735090497048383 0.127781385698893
-0.137051758196377 -0.291336618906033 -0.0688652573277225 0.0843329630506412
-0.00870779931059606 -0.352327759721236 -0.103043432847723 0.0289818675585993
0.195046626904582 -0.299908589067709 -0.0935415635989844 -0.151483376169486
0.3380451522438 -0.219674559346213 0.019322782424895 -0.130781612714124
0.500282653167566 -0.196026230962504 0.0275101162612809 -0.0565011813422414
0.400084598118291 -0.383375472674575 -0.160174931439311 0.155201355797266
0.143571858329485 -0.465614881412465 0.153797961263354 0.238428267809555
-0.0422860447945056 -0.372978759945707 0.221506995254718 -0.0677867740383855
-0.146789036540808 -0.285534357684855 0.0321053312106184 -0.192848975490909
-0.200472250165213 -0.229620320907538 -0.120102306278059 -0.119704652986823
-0.294399684322407 -0.176979847724755 -0.123533227086889 0.0120770748620631
-0.308214235826596 -0.0821028006032438 -0.0697719081746007 0.0470233113066289
-0.328145502590817 -0.0848025032826725 -0.0192885583775595 0.0556975079784756
-0.271917172754395 -0.148558152555723 -0.0349334768743694 0.083690490245993
-0.256324824619285 -0.195453549237648 -0.0567871473149551 0.113760949722396
-0.179538565067711 -0.324894292590952 -0.110051080505033 0.0903470384848043
-0.0481931406468039 -0.431828097578012 -0.137294792787301 0.0389025109944949
0.222301413682923 -0.398353176586704 -0.113115109186121 -0.112875035915442
0.424497778460178 -0.268545772761024 -0.069619739006769 -0.0600128786360521
0.468314503393707 -0.187770068030701 -0.095809046624832 0.0227396158810904
0.328279709198204 -0.370042416466972 -0.16375094521901 0.225489700329106
0.0588880618845664 -0.386521979010983 0.15738916971198 0.193436048966524
-0.077061534158748 -0.24389617487486 0.177404073676136 -0.101527053204544
-0.100564353295239 -0.17540918789228 -0.0199420422729493 -0.227208569357589
-0.132885325404552 -0.175679966010728 -0.190804119031211 -0.162854589551479
-0.224757273662588 -0.163019479316376 -0.221467867797525 -0.0346086741840413
-0.252238017588 -0.0927043209248313 -0.178393085988154 0.00690473929263033
-0.276945262241645 -0.109193672801465 -0.131620118343363 0.0197537382896908
-0.228547720936598 -0.164655827986631 -0.131571188135165 0.0479544062024198
-0.217009483339535 -0.193587904887914 -0.121079088400105 0.0812932522188441
-0.174592244303697 -0.312057144405283 -0.158134318295585 0.0795063244049592
-0.0584196096138252 -0.44804005514701 -0.173159220139946 0.0304314624313965
0.241609010386739 -0.426670027974764 -0.126244837699545 -0.0671574103131874
0.456963800076019 -0.261352417253613 -0.17026598178606 0.0306139441355951
0.366978794848087 -0.160234267769011 -0.176703602871054 0.0907057088284775
0.203899868398466 -0.311628080400308 -0.130947410573334 0.263967088760013
-0.028025015659835 -0.251813007182461 0.151074740815689 0.132220911543216
-0.0827698258933503 -0.0920237952992408 0.126706938859068 -0.112646705990648
-0.0324017249865126 -0.0627299264194874 -0.0551183064266761 -0.224519133142477
-0.0477677726199666 -0.112225418401216 -0.227415840861458 -0.176568959779305
-0.126081586987471 -0.130133379453302 -0.284346246377677 -0.072420359105571
-0.158204461047125 -0.08996201416513 -0.258784417632508 -0.0333519520001089
-0.176771032627839 -0.112617758084915 -0.220856201312194 -0.0251316223236354
-0.136910486843971 -0.144457633637638 -0.203071671525477 -0.00140683746238105
-0.133444521797913 -0.144817028120639 -0.168742244031055 0.035407439603873
-0.137411188913514 -0.235612478526436 -0.199542011241706 0.052022363581176
-0.0468699079110407 -0.382345219999404 -0.203673970161454 -0.00165241288219125
0.239522418794319 -0.371538416493819 -0.131799257779082 -0.0293713242571514
0.421561661515326 -0.19597791481856 -0.270018340498368 0.118616690531844
0.221470450099067 -0.112224392391843 -0.207146074698144 0.145869061934053
0.0741283631726943 -0.221009555156085 -0.0803891954111584 0.274303533015938
-0.0886655969671628 -0.108652969588182 0.13717159784723 0.0754475764724028
-0.0630204061097274 0.0313326104560339 0.0832445505256941 -0.106563914032782
0.0325563267082973 0.0214251250930734 -0.069196571646818 -0.201242425105356
0.0334630566722791 -0.0526017119678072 -0.233454601037779 -0.174373122813137
-0.0149437719726036 -0.0890990859572569 -0.309537791796359 -0.0981244260930935
-0.0392097602519587 -0.0721276402835294 -0.298015879040937 -0.0671130631425128
-0.0427616545754864 -0.0851029548084469 -0.265889124927478 -0.0679321900303238
-0.021818564687382 -0.0777863872668405 -0.230802939248599 -0.0483710757345756
-0.041835278530794 -0.0448857617505955 -0.18659455685436 -0.00438977209251013
-0.100757804746157 -0.105767680853343 -0.226913698760034 0.0207241982143797
-0.0441639186820393 -0.248884636100605 -0.223042365577919 -0.0513080610987739
0.188421116225378 -0.247799000665245 -0.12599810116128 -0.00957335479525623
0.30660703292051 -0.0924038930210746 -0.352244731004634 0.185337499837466
-0.0911768313428395 0.0393946762560186 0.423043085674703 -0.287974152339964
-0.0228687089779246 0.10377619591742 0.124862001400583 -0.0788074214175504
0.0723218344517772 0.0778608096412494 0.217192946643761 0.101281114825945
0.101991901234088 -0.0544494131844459 0.232637953484522 -0.00903559485345773
-0.0251330718383557 -0.0966907154604779 0.157636763247985 0.0261951341280875
-0.0765932568461737 -0.0220765160344471 0.190414050946871 0.08866637823395
-0.0772794677012224 0.0336326416803904 0.265156900451117 0.101982861700973
-0.0730690449809187 0.0405705198657823 0.291932967566813 0.0914323037557765
-0.0865977504347912 0.0434231983904075 0.291296776422685 0.100320393471226
-0.0917298508491989 0.0150429201873248 0.20645290325373 0.131729335266686
-0.0812199203024699 -0.0599264394023397 0.0614354935641311 0.162742426438959
0.033596697721624 -0.107751085323307 -0.0381489122394613 0.0764287670202043
0.0906334330644785 0.00383068124845987 -0.0799163367662428 -0.0234612600477201
0.0160836171959932 0.077223453496427 -0.0334127605176704 -0.182697519620123
-0.0934825263952248 0.0260461328159011 0.140415784106312 -0.151082612366773
0.113870897040978 -0.069926888069935 0.389092680517004 -0.267810839853275
0.128399819207115 -0.0748289757373113 0.0490737717307835 -0.0584851912598954
0.127405075573735 -0.12395230034928 0.189935876526235 0.173491381460224
0.0898511474793825 -0.213265355714629 0.246056952030356 0.00844110046772559
-0.0796346580781929 -0.22500909237715 0.146650964315373 0.00678144495090556
-0.163013004585797 -0.12740894737129 0.140276127834635 0.0758773191534275
-0.19794421105641 -0.0439822540313513 0.208614490579887 0.115151803870659
-0.18360204706691 0.00628826258512633 0.243861116923572 0.102002128281719
-0.186280784692377 0.0127751913423865 0.252374054419998 0.101344093368252
-0.15268722628449 -0.0315691610323713 0.175025559733008 0.121892729094315
-0.130970538772417 -0.097691509919081 0.0505625602659643 0.144744005101099
-0.0105635233910437 -0.172071537158256 -0.0358242429922834 0.067635218135572
0.0791479741297291 -0.113860272862762 -0.0690896132124388 -0.00891458109496018
0.0965171310361165 -0.0344865607988306 -0.0505905683579705 -0.179006414026802
0.0634701608719173 -0.0479745729636186 0.127067600991211 -0.171635539274776
0.303920762358514 -0.145964696342096 0.298296250584163 -0.214159288119134
0.282432992825612 -0.227811644363754 -0.0367429488730505 -0.00853150912868525
0.178412352446269 -0.313438205945052 0.163949651931855 0.224215909759554
0.063987768483212 -0.350022788138562 0.250449282515726 0.000310469987510518
-0.124473312471824 -0.316943198305943 0.123324834587371 -0.0495400946981395
-0.21786560888538 -0.210045779345164 0.0623448298762171 0.0251904102138751
-0.281904275062858 -0.114550573246166 0.112850562711403 0.0989903500800015
-0.267009363206556 -0.0277434578260691 0.159044160726531 0.0976854233874715
-0.267887214379488 -0.0175509575993783 0.185818326639665 0.0948401912824121
-0.211827319244809 -0.0728047565415145 0.127872008176543 0.112628965952347
-0.18634078408932 -0.132091452109581 0.0331320625283946 0.133820234163438
-0.0718145483943113 -0.233101560711166 -0.0443728612320075 0.0722362266606418
0.0415524210146396 -0.234137596215178 -0.0763979624350948 0.00804073998613769
0.153975170818962 -0.16616535965905 -0.0708996126855503 -0.17066365628049
0.21077863941995 -0.135667519994523 0.0858120849101897 -0.168041687979087
0.440539022898389 -0.184349556910148 0.166598443045328 -0.13985697735895
0.382550830932286 -0.332805971249649 -0.11432013466508 0.0690161496307204
0.187747922273232 -0.437323497492698 0.15300841448261 0.247754193066527
0.0158126075484537 -0.412701703088109 0.242830170960004 -0.0294792029604435
-0.152066142169587 -0.339518942086607 0.0838868080196128 -0.125201484089505
-0.231902570807612 -0.245552113156219 -0.0300153203141284 -0.0470516009050696
-0.314525045136448 -0.160688482529407 -0.00436858829436152 0.0605403049199307
-0.309860592558088 -0.0573260438553853 0.0493891572744736 0.0791371242345633
-0.31865876864451 -0.0498653866691826 0.0920505181988984 0.0803944596473402
-0.258784458606076 -0.112427865624083 0.0569438778046439 0.101850934726745
-0.235799303027662 -0.166347653126506 -0.00160305568873524 0.126687626862938
-0.13644692751734 -0.288538458743495 -0.0691789892429339 0.0836716644709776
-0.00982364013202121 -0.348077596546413 -0.099824592270861 0.0257374888282422
0.192812240023065 -0.296573479935944 -0.0933166375024406 -0.149403105059771
0.335054576071538 -0.21809061622678 0.0185297684650024 -0.130455185128243
0.493493181383436 -0.196484875844176 0.0242135608661943 -0.0576981097616543
0.392048967808972 -0.377901033458932 -0.158690476421343 0.156240639716609
0.140011633732329 -0.459467721761464 0.155100683966178 0.235285383768869
-0.0411302901395942 -0.370082269435476 0.217342025439796 -0.0707204733476672
-0.143671267483603 -0.281165573889011 0.0297804735919554 -0.19298887437617
-0.200464913683977 -0.228845507368125 -0.121966538208479 -0.115034392807022
-0.29326985548386 -0.174174708566927 -0.121597350084409 0.0126886080540239
-0.304814792590612 -0.0791943065124824 -0.0683991347564451 0.0475517807515772
-0.324362918501442 -0.0816049132990473 -0.0200028192687801 0.0558549823234902
-0.269867224449474 -0.147440562834583 -0.0356368309982606 0.082980967475884
-0.252516129587005 -0.191588555111636 -0.0566930164177599 0.112054860573119
-0.176936068361436 -0.32121821755203 -0.109193785079969 0.0895804139226486
-0.048789066102879 -0.424510246510803 -0.13270252037144 0.0354230906792341
0.218216708052118 -0.394187830228854 -0.112897772948287 -0.112153975159513
0.421445952796672 -0.267327466015886 -0.0688515149545812 -0.0606696403862635
0.461848647159624 -0.187817559515112 -0.0971738429373437 0.0196884239271829
0.319847484097872 -0.366883716048628 -0.161018652294514 0.225585972246629
0.0556319660600358 -0.379162502297331 0.158573522256038 0.189542904104807
-0.0748991772587686 -0.240676427016287 0.174256801192059 -0.103816065253342
-0.0958053356226701 -0.172774476272411 -0.0222070477546454 -0.226077918474575
-0.131813240063943 -0.176927139612908 -0.191208040718048 -0.157630663054334
-0.225138137181339 -0.160897744033486 -0.217635260585725 -0.0335902173454118
-0.250542824874001 -0.0904095525514321 -0.176136375560436 0.0078344249524171
-0.275368337867472 -0.107725950381666 -0.131118297571317 0.0209828725731826
-0.227424321779191 -0.164748563730156 -0.130743685787655 0.0490253970809711
-0.2130021288251 -0.190536441004827 -0.12018034369318 0.0799442183082345
-0.17267593024467 -0.307559479468071 -0.1555849902617 0.0787613672612639
-0.0584425375426645 -0.440005217893279 -0.168831029825785 0.0276324706120703
0.236631693043564 -0.421815297941075 -0.125816708530712 -0.0679295193215608
0.452407159540948 -0.261614580665768 -0.168083132636323 0.0288563922572969
0.362571266289645 -0.161874910672887 -0.176607754733224 0.087646382730798
0.197680657155138 -0.308730364445681 -0.128233835794482 0.261271157036895
-0.029139581327029 -0.245000441411959 0.15144735439491 0.128743592788987
-0.0789404793220226 -0.0899512876238588 0.125232265216341 -0.113282944028044
-0.0283855454932855 -0.0624841623342644 -0.0560897675678683 -0.222551702453359
-0.0465850063751301 -0.114155589546228 -0.226864034561506 -0.172245655512188
-0.127704347510184 -0.129567503830394 -0.279352784752984 -0.0708002146011855
-0.157016513259835 -0.0890405355292932 -0.25542781750768 -0.032577417744861
-0.176017966114322 -0.11260266993239 -0.21900594462294 -0.0232688101780969
-0.136961689559175 -0.145137632032 -0.2009589715633 0.000708548372344778
-0.130850419372557 -0.142899798957954 -0.167190705540991 0.0348310677062858
-0.135813136185205 -0.231236052005725 -0.195262986040147 0.0525064868638857
-0.0479282122005907 -0.375171461758744 -0.199727342861944 -0.00331837552408301
0.23476121013056 -0.368974484793331 -0.131728399780216 -0.0323373114883655
0.417952503735421 -0.197513277547385 -0.266421225384309 0.117060225771069
0.218205049184031 -0.113985723145949 -0.205583579085193 0.142767394726219
0.0697232026804345 -0.218065863444596 -0.0766793308165155 0.270643057927311
-0.0878088123215429 -0.103593935151405 0.137310546651949 0.0726495694542662
-0.0600188738517379 0.0319733973303193 0.082911506328831 -0.105238014089274
0.0353790926839944 0.0200736962678001 -0.0686943764682534 -0.19954411552879
0.0336814866854998 -0.0550254425328003 -0.231474829047968 -0.170400217933722
-0.0170426351875587 -0.0896814773416837 -0.304979824608845 -0.0965184612028542
-0.0404765670045412 -0.0729198085831004 -0.294267364773234 -0.0683880422613121
-0.0438533660671437 -0.0865265190193672 -0.264037156822417 -0.0670691177354118
-0.02175474887837 -0.0790818100800992 -0.227325465772054 -0.0452695833465128
-0.039724138141063 -0.0449227033247344 -0.184023352720003 -0.00413603836059724
-0.0987997535082306 -0.102829479304809 -0.222718137777352 0.0217171526142607
-0.0452409592771355 -0.243671234758268 -0.219031373118929 -0.0518535367209436
0.184319515196089 -0.245521175294619 -0.124788440945448 -0.0136070953558809
0.304957916461601 -0.0947216793849353 -0.346870106163872 0.182493852623591
-0.0921708281217402 0.0407840700039105 0.423381192707221 -0.289776551881496
-0.022490131391942 0.104170181910453 0.124452974293368 -0.0781712368554915
0.0733081309818462 0.078011659912942 0.22188300876038 0.100659771609504
0.10094025003473 -0.057304158594288 0.232963813410558 -0.0116495675314915
-0.0275688404132406 -0.0971274976333208 0.158198604473305 0.0263784405973144
-0.0784739109503681 -0.021347066103507 0.192645179320767 0.0908974523641343
-0.0764428514833761 0.0338407584789033 0.266543138454563 0.103387682275482
-0.072249456326513 0.0427762021607678 0.293890644244138 0.0930980592187628
-0.0858804852997695 0.0465164226500592 0.292808995771225 0.0988849983573915
-0.0915742572833682 0.0173392308668096 0.207363630973692 0.130641113508346
-0.0831042376859661 -0.0569202802557613 0.0633774211720015 0.164719296761431
0.0314425047544051 -0.110676711363494 -0.0406260153608262 0.0785405104082711
0.0938081982613175 0.00209759989987564 -0.08216515783027 -0.0232282726831415
0.0179627207696394 0.0770792757790401 -0.0341123468622281 -0.180457602184883
-0.09299941127004 0.0298400858262129 0.142663235217694 -0.151447126554688
0.114686567177138 -0.0707886252295051 0.389517619080425 -0.27205003492056
0.129925416220661 -0.0751880841982567 0.0472302485298555 -0.0556883514254759
0.128133118123012 -0.124899548762735 0.194188261459207 0.173818855415661
0.0893502426326565 -0.217719299003757 0.246680939441155 0.00517314821108116
-0.0833739047609141 -0.226392874228511 0.146265169480921 0.00537349737831534
-0.166631602904083 -0.128512475657782 0.140049640899613 0.078964897442387
-0.200106189800911 -0.0436379419412285 0.209580448446716 0.116161580350947
-0.183152658308604 0.00877667683924889 0.245728630432121 0.103868499615036
-0.186085467482081 0.0158538109897298 0.254398177768018 0.100969729342737
-0.153192936333267 -0.0300256692795195 0.175044663056243 0.12096016299908
-0.131714939781656 -0.0951448262963213 0.0508125411849479 0.145914106389133
-0.0126705441789232 -0.174733585346318 -0.0377691092990725 0.0692986642311639
0.0814553901049147 -0.116034360746631 -0.0703024193049622 -0.00975565578634373
0.0988789412302034 -0.0349467896844432 -0.0515845201621906 -0.177417606820637
0.0651270651232466 -0.0465570233649909 0.1290942053273 -0.173450917283245
0.306199569524021 -0.148987695891577 0.296443875362028 -0.217308487004053
0.284296318328973 -0.229602079569632 -0.0391139012527379 -0.00476587363867732
0.177497134559389 -0.314989182546822 0.170101687824095 0.226211338092889
0.0631739448342371 -0.355731393135913 0.251427631974918 -0.00334311265329781
-0.127179585604396 -0.318995571844436 0.122298567741365 -0.051860698553816
-0.221515037127081 -0.212633937785988 0.0610082545660775 0.0284463187803353
-0.286062048188503 -0.11332446363814 0.113564712120145 0.100209161869584
-0.26816473352281 -0.0249076362807882 0.160490806855973 0.0997594879086581
-0.268842399123861 -0.0147363721200478 0.187006850696258 0.0947955668164336
-0.213580816600534 -0.0737275822312961 0.127523973018528 0.112525382940743
-0.18710389665665 -0.130703984809332 0.0326364150226316 0.135606830868323
-0.0735246970449444 -0.235671054084288 -0.0460972236347621 0.073971008014855
0.0426183221889056 -0.236310189519241 -0.0760810813627101 0.00553080433957637
0.155654500023463 -0.166984913554094 -0.0726401504145143 -0.170080844023928
0.213979738151645 -0.136670780499974 0.0869853973406462 -0.169764320824176
0.442378264887798 -0.189423151317741 0.164240109087427 -0.142573260374313
0.385070954294398 -0.335255279907696 -0.116472175406414 0.0729007521392157
0.186949349437208 -0.439507740005332 0.158488773200976 0.249778056982659
0.0155109892987172 -0.417141834216605 0.243132508968816 -0.0342598875732045
-0.153762244200845 -0.341794170115888 0.0817693858724345 -0.128710085567174
-0.235673512707332 -0.249408402129807 -0.0334199632214263 -0.0445457522273644
-0.31996094139054 -0.159621944166869 -0.00450868143899024 0.0621627107589138
-0.311633014928282 -0.0552578491589475 0.0501184784694479 0.0811905451001497
-0.320799351869472 -0.0473109264525529 0.0925555241828157 0.0811500095026713
-0.261594386220559 -0.114441359171753 0.0566096311757472 0.102528365929529
-0.235924948075351 -0.165208943719662 -0.0023387853340698 0.127674880724882
-0.137972602676666 -0.292053907858689 -0.0706287121338663 0.0850049352037096
-0.009498755978137 -0.348593988873234 -0.0985532907540539 0.0221018437378156
0.193705480323997 -0.298092205055069 -0.0950273305893833 -0.149850572929226
0.337850503194445 -0.221843014144587 0.0190148971041595 -0.132180179709043
0.496783535356453 -0.202423859441545 0.0208082320346059 -0.0605443228784724
0.394338672421334 -0.382218848290794 -0.160442887755362 0.160520511822863
0.13779293234052 -0.460301594908869 0.160449673318151 0.23575543819647
-0.0411998417720037 -0.37360870004399 0.217614881293223 -0.0757645803590074
-0.142448103630255 -0.282924190008525 0.0269511376835928 -0.197068605847668
-0.203276247267249 -0.233191070667049 -0.126449039560501 -0.11248431777181
-0.298815203708123 -0.17471911028361 -0.122522899586583 0.0138619781344189
-0.307103313504822 -0.0776251380888666 -0.068638749382893 0.0486988639457794
-0.327305021213285 -0.0803440650179665 -0.0204545629459546 0.0572971599920834
-0.273091204128086 -0.149600115586467 -0.0358855503674873 0.0848354360458275
-0.252747921597602 -0.191154571394309 -0.0581818167722227 0.113349024145003
-0.178939124446685 -0.32473844608895 -0.109595195478182 0.0909985652231198
-0.0506854500633517 -0.426463428272052 -0.132206421888126 0.0318022006349057
0.220932217001721 -0.396356255840308 -0.115106988616009 -0.114238279916651
0.424920380129894 -0.273462188800831 -0.0701136343988865 -0.0614798497036409
0.465173092479149 -0.194485673980049 -0.10077807375118 0.0177654827916227
0.320105789046262 -0.370741646816355 -0.161891019159692 0.228517282773958
0.0525259679063722 -0.379415613412051 0.163527391224911 0.18923384568159
-0.0735085995296239 -0.24221663199631 0.174589149631816 -0.107977882425267
-0.093641125616299 -0.174763795859838 -0.0245196647247047 -0.229516736604777
-0.133843237805526 -0.181880699001633 -0.195805835968532 -0.155256655353411
-0.229693429235781 -0.161973030144122 -0.219132518935895 -0.0325205327540526
-0.25294376155076 -0.0903650545991918 -0.17675801241047 0.00878364993205605
-0.279206778621522 -0.107419435750428 -0.133043250909175 0.0225220141195851
-0.2317361278366 -0.167774921648256 -0.131671614625972 0.0514575381101454
-0.213501685615587 -0.192045078743163 -0.121518285762268 0.0811316219785576
-0.174280865723518 -0.310770050348017 -0.156051042699225 0.0795951620704117
-0.0602090891930505 -0.440901344062945 -0.168219622223603 0.0241309494994877
0.237323083557947 -0.425075945324269 -0.128897880768784 -0.0706585506153547
0.457362562905589 -0.26873185761287 -0.169721940800892 0.028811588472522
0.365037251233126 -0.16687207449722 -0.180212333909188 0.0860064987493852
0.197446314734744 -0.311353883347078 -0.127257149880159 0.263179871043917
-0.0303866002093792 -0.243428737663969 0.155739935263013 0.127705992345484
-0.0768122069906023 -0.0901153745035132 0.125387201592013 -0.116035083447294
-0.0246273979198727 -0.0638426168216477 -0.0582192320719895 -0.22500832044324
-0.0480433661214117 -0.118084278723907 -0.230555361623506 -0.170343123539287
-0.13155217604801 -0.13131551124311 -0.280761781385002 -0.0699774265955867
-0.159738829153604 -0.0904994740723438 -0.25794486291802 -0.0336673605404754
-0.179799646586422 -0.114115258425442 -0.221674115504764 -0.0224829059714819
-0.13963009519989 -0.149359647533865 -0.202746149040716 0.00293668810024373
-0.130352494659452 -0.144689282183296 -0.168301489679267 0.0353712748579792
-0.136933350097096 -0.232137186542653 -0.195410904096037 0.0534302345640581
-0.0507392619325335 -0.375633426103851 -0.200072757882519 -0.00551494337762938
0.234558445670722 -0.372643291248543 -0.134519814356917 -0.0358093783939597
0.421897496598115 -0.204373761812464 -0.2683775885674 0.117802401846472
0.218647754929654 -0.117514429788509 -0.209009899966402 0.141508126314358
0.0669046787582672 -0.220383559681672 -0.0747375414265344 0.271955614940734
-0.0886574480434095 -0.10164146533354 0.139518932793505 0.0715645247433709
-0.0582043374505607 0.0329346002626234 0.0848275579473238 -0.105910100362537
0.0390711939628497 0.0187411320865093 -0.0699797657128162 -0.200842434742918
0.0341613817610473 -0.0586299499520631 -0.234619392348103 -0.169220774028642
-0.0198177325382489 -0.0912977382153376 -0.306223998429639 -0.0962089479125754
-0.0418946303181162 -0.0749555800103479 -0.297557823647583 -0.0699514880864255
-0.0471700005049622 -0.0897658012394992 -0.267127752717925 -0.0661351013318578
-0.0229686459733744 -0.0825198996727262 -0.229135659300719 -0.0437998185854874
-0.0379121706146753 -0.0462789859781981 -0.184843956627725 -0.00377354979343618
-0.0992765404576972 -0.101949780372353 -0.222482452790916 0.023347296236829
-0.0467277865759577 -0.242972660957098 -0.220721820097863 -0.0544570785527179
0.184648197553922 -0.248707088672957 -0.127222058991507 -0.0175842992496535
0.309362071781672 -0.100186676085591 -0.348213055890283 0.18565363685707
-0.0934530999807179 0.0442772136682943 0.422078983070325 -0.303157117235676
-0.0202883506329129 0.10655030577604 0.123162179462091 -0.0795749675557712
0.0766614926749295 0.0766243156378077 0.229826130770066 0.0979907382885443
0.0997006552246807 -0.0624670249855099 0.235995990620759 -0.0182756388262453
-0.032878819326331 -0.0977956491916539 0.160833275075719 0.0242878928345191
-0.081350282539619 -0.0188377556664013 0.198560626590632 0.0900540424259896
-0.0763658592605587 0.0361795177478882 0.272409232681452 0.101435917983424
-0.0707167196837459 0.0463620869282253 0.301210710914774 0.0896239553372903
-0.0849196211047604 0.0518018892346888 0.299349451105646 0.0925287211828964
-0.0914917362379668 0.0218096819846435 0.212424650988782 0.126379113936561
-0.0862156515606674 -0.0532488607475358 0.0680248755623275 0.167368065306401
0.0273409143366041 -0.11429284302112 -0.041439289915314 0.0825390402401976
0.0976530050709148 -0.0022417698768657 -0.0854515748175037 -0.0211908066551421
0.0213375161466753 0.0778350866754655 -0.0383651274702812 -0.179402486469443
-0.0932327580373046 0.0352903664403896 0.144160091376239 -0.156916458548877
0.114183573711793 -0.0746937663727488 0.387986108995176 -0.285081632193272
0.130774834952672 -0.0786456679480034 0.0458889871959423 -0.0551305853958151
0.128192887748003 -0.129316893126139 0.20536353001104 0.173413734983675
0.0857582989503778 -0.225631792552277 0.250397545385035 -0.0031435920108151
-0.0911590469468727 -0.228246313081579 0.147245918077006 0.00162914216757201
-0.174405402898842 -0.127625132866269 0.14413875054065 0.0798798407998701
-0.205833313003046 -0.0393078805644626 0.214956800210972 0.115704561721153
-0.184900781635817 0.0152354095700455 0.252582082039183 0.102623842044687
-0.187659136489165 0.0226963356796383 0.259914680395158 0.0966080022782625
-0.156633325413193 -0.026542506643765 0.178916751028674 0.118671940493671
-0.135526618664238 -0.091773962920112 0.0539490776403761 0.149122563957112
-0.0185277244447118 -0.178795281887161 -0.0379751601260878 0.0722961480848474
0.0817870841957525 -0.121196265661631 -0.0724579066444489 -0.0100537498706256
0.10160028514679 -0.0378466045628906 -0.0559308605873824 -0.176396597681416
0.0671923589588807 -0.0470687670160988 0.128690697987774 -0.17913653975108
0.30805832505769 -0.159351750021575 0.295196614883871 -0.228665368618064
0.285919611497973 -0.238971964506341 -0.0415939981137591 -0.00103744323027371
0.174855583250774 -0.32328609012486 0.181410128456173 0.226255077670412
0.0572858105167058 -0.365481412048419 0.254114056936794 -0.0126015350483301
-0.136491964158905 -0.322754812498325 0.120124706802036 -0.0573355718872095
-0.232552803388775 -0.212770059680138 0.0610408414734707 0.0306244931377227
-0.295856121121445 -0.108549434866156 0.117245434167029 0.101471246956947
-0.27245100566696 -0.0183132288132768 0.165829500633198 0.101239926813696
-0.272082041798233 -0.00671967020176281 0.191856193820583 0.0924729334705461
-0.21973893127007 -0.0708719495916178 0.130582783555802 0.111114902307892
-0.191063765554521 -0.127357691986597 0.0350598651096929 0.138030201786416
-0.0810445275968616 -0.239865757176876 -0.0464651712435347 0.0771383700923785
0.0390325216608549 -0.241435346274482 -0.0772281528754116 0.00444269413475345
0.156393215412477 -0.173543690628407 -0.0776037140805178 -0.169985920786645
0.216736091757264 -0.143772968999917 0.0853471125881879 -0.17530140417374
0.446033765713369 -0.20414813238857 0.161203375268769 -0.150204223274177
0.386219577621676 -0.349377688054029 -0.119234261184997 0.0801142525702037
0.178540817971064 -0.450434512902713 0.170981227410845 0.250065524208298
0.00732468557386175 -0.427663238041193 0.245888912275809 -0.0439570475488134
-0.163029717730867 -0.344762066134192 0.076987119272808 -0.135322359976845
-0.246701567631131 -0.250476601754221 -0.0378089930248559 -0.041131473289911
-0.332473357712939 -0.15516638486664 -0.00368040491590866 0.0652365464629566
-0.317701648461672 -0.0490564900244974 0.0533320703231086 0.0833292713459458
-0.327589176980074 -0.0394798479892284 0.0960681584912712 0.0809270475009802
-0.269820614659489 -0.111671043141245 0.058446139952305 0.10362104089398
-0.241703184307902 -0.162494251727258 -0.000784995668410804 0.13139171517475
-0.147749128156967 -0.29541271263297 -0.0703900255902127 0.0881308507254405
-0.0165609169401514 -0.353152823409146 -0.0995345451215384 0.0202206840862508
0.192499084834545 -0.308470067806184 -0.101214903427772 -0.150115583221861
0.340520973874733 -0.234988237323158 0.0161197589365541 -0.136147552077324
0.500980125775141 -0.218897260825321 0.0165341995552841 -0.063893319637616
0.393422207677955 -0.397029346783561 -0.161512692884351 0.169235169112479
0.129348094357585 -0.469058233677104 0.172121064619346 0.235324726565328
-0.0469262743822163 -0.379638663622724 0.218709660563439 -0.086252717475911
-0.149189440659466 -0.285701671777693 0.0198259489403257 -0.20329989361787
-0.214219098511308 -0.23568382741627 -0.133850920701822 -0.108087247547603
-0.311746674018382 -0.170733758704514 -0.124649153693427 0.0182767997574752
-0.313644167069299 -0.0720157030766521 -0.0690219162760209 0.0527415821322719
-0.335752192054207 -0.0746029255287204 -0.019801147555915 0.0599970983332608
-0.283608332956999 -0.148643114962554 -0.0360457366344967 0.0880731944928985
-0.259511858657405 -0.189289005422004 -0.0577848466692045 0.117179626328628
-0.190172394990686 -0.327479789515086 -0.109864725647585 0.0948081812604734
-0.0596073207713658 -0.432177549882648 -0.133204701731957 0.030781583808046
0.216133867863494 -0.409686476389447 -0.121305955243217 -0.114030304586748
0.427412912084909 -0.290812068009367 -0.0724038659438951 -0.0618602319213683
0.46853796981876 -0.211700936348809 -0.106044189594809 0.0185056744642729
0.316086863134809 -0.38392482122986 -0.160501976738554 0.237665823897261
0.044981800865084 -0.383601663077674 0.17376246709857 0.187687429931948
-0.0780372846193976 -0.245581990588029 0.175939933051785 -0.115659990103387
-0.0958077130156756 -0.177045782743877 -0.0329251925152127 -0.234765818993382
-0.140976284286565 -0.185949345787303 -0.205570026662409 -0.150198513928575
-0.240645349638911 -0.160032639433186 -0.223623424212016 -0.0273992517873599
-0.259977404816031 -0.0871908450923155 -0.180741275930851 0.0131924668477052
-0.2870118793286 -0.103753530009076 -0.134788670699578 0.0269549182678725
-0.241506290230827 -0.168469859721767 -0.133598334031243 0.0564269680497179
-0.219581838375945 -0.19184156989147 -0.122622390841879 0.0854926049274702
-0.18426649841538 -0.312573929564981 -0.156808507196755 0.0847362100376155
-0.071458326025812 -0.445916900818145 -0.170631983402799 0.0241025758041967
0.233233804445443 -0.43830964102189 -0.135031455401583 -0.0709902948764802
0.461712344972368 -0.287102568657584 -0.172473548064764 0.0322017508654643
0.366746280331639 -0.18047057709457 -0.184702137194568 0.0891368780517853
0.19129660084117 -0.321862315977384 -0.12396043220247 0.271808311171597
-0.0372589244528425 -0.24461096919335 0.163055466940992 0.125202859804537
-0.0778284694578064 -0.0897160285796537 0.126425111303943 -0.121780406772644
-0.0231041719734295 -0.0664658078662148 -0.0652836356966093 -0.228371500333655
-0.0519134288747656 -0.123217247366393 -0.239958565959279 -0.16536751836439
-0.139486502818489 -0.132075277046447 -0.287437739784831 -0.0649532929548147
-0.165712305218031 -0.0893720813167888 -0.264620208977431 -0.0290653050096333
-0.18708080065133 -0.113807552607381 -0.226371056419856 -0.0175069627744441
-0.146956492441411 -0.152388427389337 -0.206016787935799 0.00892854135591667
-0.133706581493758 -0.145927717281971 -0.170739004698968 0.0395289865908677
-0.143200539196422 -0.232826179473165 -0.196831633097723 0.0580466458009995
-0.0601885682076558 -0.379882168175939 -0.204042512914347 -0.00483859274810885
0.230013474241811 -0.384790950681971 -0.140145261037252 -0.0363530040160575
0.426617853823846 -0.22190504178996 -0.271307520212777 0.12654914515687
0.219238471053509 -0.126625860324082 -0.211585550036925 0.146299982777862
0.0607646493537863 -0.2260087802286 -0.0695247027123315 0.277426151170873
-0.0923137765939006 -0.0991681542398133 0.145020368041045 0.0680274613261061
-0.0563091902953221 0.0345384251937041 0.0853534287406647 -0.109047105982654
0.0431875799720549 0.0160338479288217 -0.0753185024562998 -0.203264651675136
0.0327267561478386 -0.0638531716801636 -0.243302573101667 -0.16530955788824
-0.0246494390735204 -0.094565701587336 -0.313496532806285 -0.0921489022464918
-0.0457836019478325 -0.0771961620730158 -0.305732912919914 -0.0673731510215547
-0.0523588451529792 -0.0925224630623855 -0.273509018743976 -0.0620655779654551
-0.0261047742693494 -0.0872713423566186 -0.234181581385641 -0.0383437289959652
-0.0376194338263158 -0.0473824368223649 -0.187412599023633 0.000398672370368359
-0.102658115799079 -0.100193102554226 -0.223937759613805 0.028186285496917
-0.0541148978794085 -0.24346078138933 -0.22713437392423 -0.0530313012909244
0.18202607951423 -0.259244897381012 -0.131828015408719 -0.0194219454466025
0.314625580111057 -0.112948851106646 -0.350520256882482 0.196331117077788
-0.0945150934356133 0.0493589609589674 0.411892506878724 -0.322530634952124
-0.0164650147324396 0.108080282269574 0.119364085984516 -0.0824208068139689
0.0816951631907778 0.0744344296556821 0.238600729217544 0.0886119148456003
0.0963908836348126 -0.0684716250613648 0.236187521902122 -0.0300349942139483
-0.0400938343198128 -0.0967742667092033 0.162913847946772 0.0185982671483389
-0.0839616033817787 -0.0147561128909713 0.204573429110364 0.0843851807157323
-0.0749915226647438 0.0398842718142821 0.278709936945796 0.0927019805733473
-0.0677856797143104 0.0506120484640712 0.307931655298961 0.0810943403831339
-0.0815072099151282 0.0579838009354802 0.30408902014574 0.0800507318686189
-0.0900189833703338 0.0273829459357202 0.217398820499512 0.117848449224677
-0.0888444020915353 -0.0478537893105644 0.075430692327639 0.167339343401386
0.0198446673059316 -0.118234523764453 -0.0391050641382007 0.08583342056519
0.100041623592228 -0.00858010289770794 -0.0880689971551884 -0.0174272316363815
0.0265923753433273 0.0772777837886088 -0.0447264886057545 -0.176735846997684
-0.0911021709161394 0.0418103753404038 0.13996817495773 -0.163399006591464
0.109807367466333 -0.0795363914235046 0.377938928655509 -0.301592211098583
0.129945784048713 -0.0843566419253008 0.0419055226699141 -0.0543858650045067
0.125109357931478 -0.13544106675871 0.216885353678292 0.165163839757485
0.0777529572266593 -0.234110072158559 0.24985288573487 -0.0161826832324344
-0.103101589423162 -0.2268305153829 0.146892809879315 -0.00425053790048322
-0.183590829674045 -0.121551118967469 0.148060275478469 0.0779131593895564
-0.210093069616391 -0.0302382428038996 0.222094020964933 0.109471658919804
-0.184282351945743 0.0232810645114842 0.259385127513943 0.0962753452672112
-0.185767822462364 0.0330470937656725 0.265207071740183 0.0866017042321776
-0.158774905823491 -0.0199329477966703 0.183232844664711 0.111747322365693
-0.139422733112888 -0.0850188348625587 0.0597754326760078 0.149631876099906
-0.0282733746612894 -0.181094075054705 -0.0364104905966057 0.075679704836619
0.0788751459460121 -0.126968991338702 -0.0740466461427055 -0.0085695757890765
0.102539220610757 -0.0429072756040937 -0.0634301967011247 -0.173692235016275
0.0676096847258384 -0.049566258590948 0.123250780421251 -0.186188294450119
0.302924189917517 -0.173249620100187 0.285576234840638 -0.242716214256011
0.279600172975894 -0.252420278116166 -0.0441303059009249 0.00364300159984022
0.163538857268134 -0.332091462590927 0.196342483532752 0.219327918818271
0.0435217737515451 -0.373893031929034 0.253716292058033 -0.0264952935634317
-0.151499348962337 -0.319810868149271 0.116523263931621 -0.063800691580357
-0.246588261664958 -0.206814899531056 0.0615483333445273 0.0321812214055456
-0.305024246289745 -0.0961837788455733 0.122412207396137 0.0992837347585147
-0.274518838572594 -0.00653158795831091 0.171922062356853 0.0976504982627987
-0.27370054293041 0.00610559430677786 0.197462059069442 0.0861938111981301
-0.224978253642673 -0.0621805208270146 0.134112326366839 0.107116518430859
-0.196382081202711 -0.119782064968109 0.0397188380001369 0.140235659928516
-0.0932442500811289 -0.241048421121984 -0.0452639030197628 0.0796930009394003
0.0309293767281737 -0.246309198038172 -0.0788319200469274 0.00451029629066348
0.153050693030892 -0.181764475441398 -0.0857047239907765 -0.167261357486105
0.213840810554489 -0.154625318101167 0.0793198610648834 -0.180195492855292
0.440287994616483 -0.225324846463614 0.152901201541105 -0.158212553826767
0.377085119142802 -0.367827334015095 -0.118913102991012 0.0889504431159463
0.163293407240765 -0.460113917366632 0.185409574231477 0.244172161226877
-0.00866892608937108 -0.435084033169771 0.244305654979075 -0.057909599041628
-0.175806520421798 -0.342072145495556 0.0685196293064303 -0.141684390902465
-0.262482735835893 -0.245761310652162 -0.0421169911309557 -0.0355901430390608
-0.344262189069295 -0.141610406082651 -0.000486264860260846 0.0671801443541665
-0.322225747322671 -0.0356197943561447 0.0576326057184293 0.0846343975614676
-0.330815764541643 -0.0252040933840963 0.100145328435362 0.0784081356476313
-0.278209069336136 -0.102589418764045 0.0618376566831738 0.102960252667419
-0.248516904057503 -0.154076959246185 0.00318129433869054 0.133864635897243
-0.161957805679001 -0.294150967302394 -0.0677062651205875 0.0923895124684525
-0.0306421613311167 -0.3569490993739 -0.100357862403787 0.020891597438005
0.183002393682895 -0.319212158118358 -0.109526091891105 -0.14655101517019
0.3349636076669 -0.252842109677319 0.0109678613609859 -0.13802833384386
0.495001663393122 -0.243271090821393 0.0101655955242703 -0.0658690097308819
0.381755657182697 -0.417465772808394 -0.158499762436467 0.18054322307916
0.110111098734978 -0.47714916398297 0.186595848954919 0.2295316304546
-0.0608236668885172 -0.384696647480046 0.215917359884873 -0.0994828003602587
-0.159692168034233 -0.283318852045538 0.00803046987762475 -0.207563415994296
-0.226739919446657 -0.232689404204448 -0.142271342696322 -0.0991994333010078
-0.324169126302382 -0.159576922928518 -0.124081512794506 0.0244310842166156
-0.319792122976751 -0.0601948400174301 -0.0673277720494877 0.0579813381077961
-0.342110380747719 -0.060094331059278 -0.017039289071906 0.0622582715591541
-0.294473020656775 -0.140148227097834 -0.0336133580581429 0.0917869302664822
-0.267397379756546 -0.182025691853998 -0.0550001695190811 0.121504575574246
-0.205645870632809 -0.324075786937307 -0.107114434353461 0.0995032574144813
-0.0786242876597601 -0.43208755090436 -0.133836620139898 0.032737984764368
0.202157154075651 -0.421606849431856 -0.128960033634017 -0.11013293516379
0.420538778711077 -0.314369032394956 -0.0759711514737133 -0.0599513394726881
0.463277372205175 -0.233177413464611 -0.110690053145596 0.0209099250627022
0.302557347147472 -0.40118482670423 -0.153906175361498 0.249219717494631
0.0284535416837373 -0.387315397124219 0.185513081755543 0.180808811402509
-0.0867511626041423 -0.245818080719128 0.171475129521068 -0.126605183708226
-0.100163571495813 -0.175932070550354 -0.045860891465316 -0.237474738797207
-0.151138848470327 -0.185440453878031 -0.215875027468371 -0.138747730400512
-0.253184597624234 -0.151578584728471 -0.226383243682975 -0.0172705654941617
-0.26671464628926 -0.0779911991950278 -0.182339177875113 0.0215308634575256
-0.296084644230141 -0.0930391582861925 -0.135505660874552 0.0334882068012019
-0.253228984871463 -0.162917311440921 -0.132906473817441 0.0641843971213628
-0.227257155510794 -0.186514337868646 -0.121562517862411 0.0918009264894411
-0.199220122716957 -0.309020062634236 -0.154619569347797 0.0911413887777661
-0.0902470209647738 -0.445174250298949 -0.171644971442673 0.0270243708315811
0.219130469462518 -0.453282325710175 -0.141083282511888 -0.0678252255812011
0.454536349071484 -0.314250633696661 -0.17250170837566 0.0398216217474763
0.361870487355248 -0.199292368500834 -0.18635248046955 0.0957700349199768
0.176560708928575 -0.331532179946546 -0.114279057079234 0.27992366352977
-0.0477824679306894 -0.243062006278636 0.171532344288427 0.117475579066233
-0.0802609405074072 -0.088191800041845 0.123065639377306 -0.129356888680367
-0.0216280073331859 -0.0686580193235263 -0.0777407473035013 -0.228353920215656
-0.0584587970734792 -0.12561607226916 -0.25004812458788 -0.1536484109657
-0.149201838898855 -0.127631009491858 -0.292790053075009 -0.0525474285028692
-0.1722117557181 -0.0851198953262394 -0.26998882445249 -0.0192846640620107
-0.196099355734578 -0.107935484288186 -0.229704176519 -0.00823305088439108
-0.157467853024652 -0.150696385324935 -0.20778118597267 0.0192500940779047
-0.139200824348671 -0.143593332063873 -0.170451933172499 0.0467478114539379
-0.154243655046527 -0.229140216817704 -0.195134229443967 0.0663691105669798
-0.0771569478053922 -0.377875375933194 -0.207370115504914 -0.000645398621115386
0.217350527657776 -0.399540696368702 -0.145252825030463 -0.0334479781362019
0.422984237502292 -0.246904760042112 -0.267834360513403 0.139262028682754
0.215686238949266 -0.138650322925954 -0.210917388629297 0.154112479182841
0.0492778023744802 -0.23041380064837 -0.0585630191257996 0.281834315845958
-0.0972501571144885 -0.0940701001443596 0.149921149436092 0.0613006837866699
-0.0537174470147038 0.036753101074997 0.0837358915459653 -0.113798493495666
0.047288598709419 0.0121742148824297 -0.0843817503146249 -0.202265754982425
0.0297570060448096 -0.0689712878191334 -0.252257982554909 -0.154474458416417
-0.0307925268259141 -0.0955540816664663 -0.320268214465453 -0.0800692662286066
-0.0507606069372708 -0.0780292201294628 -0.313598094262242 -0.0577604501730824
-0.0589311340645113 -0.0933665336204233 -0.279611725036417 -0.0515035087606161
-0.0314567952236638 -0.0902161187859927 -0.236184579355584 -0.0286260576095739
-0.0381443383675181 -0.0474870054480165 -0.187790857003233 0.00784542867791012
-0.107260718478331 -0.0959772713504521 -0.223037002470288 0.0377735161205179
-0.064090948605511 -0.242033237330095 -0.233492102089445 -0.0479085911318342
0.172423521561539 -0.270409235741036 -0.136015666201212 -0.0170399671136907
0.314227779019615 -0.131115535647488 -0.344713715368389 0.213090556128045
-0.082033144988138 0.0560901661853309 0.34878909233046 -0.376020797965692
0.00393051051678934 0.104555732186745 0.0984270824951698 -0.0984493037965258
0.097463865630784 0.0572159999619247 0.241750939816382 0.0510772625292709
0.0842413528492755 -0.0875433077871085 0.224906027531 -0.0598464090289667
-0.0530308222591873 -0.0880792513252371 0.166396242979184 -0.0063063919737604
-0.0789509111692216 -0.00171321845512034 0.212870119071769 0.0508117716591693
-0.0633445864469555 0.0510414586959071 0.288603412023353 0.0485320315392926
-0.0527633809275654 0.0567331794889505 0.310925218216004 0.0355627870504594
-0.0653721367146232 0.0676767718759577 0.306651785374543 0.0393351813366666
-0.0815865504086204 0.0393688795806639 0.227325243248088 0.0884953392747076
-0.0921349053625107 -0.0312711493484121 0.0971424624148662 0.155798978597095
2.72904661785052E-05 -0.11963240855145 -0.0293346459197693 0.0938078961675903
0.0977178615602431 -0.0240763110699325 -0.0922812816577384 -0.00616786964882511
0.0375787599941151 0.0730409801076929 -0.0637737864440954 -0.168580141868901
-0.0852465271625355 0.0553539456330848 0.122096095329412 -0.173097278010119
0.0950329390779623 -0.104929788883261 0.318749669114407 -0.341023818137552
0.112132043375334 -0.105925875383487 0.0322931456783882 -0.0486691281250062
0.105464242748245 -0.15313352427898 0.243295945199413 0.135932827438604
0.0378117794049304 -0.2461972821478 0.248382557360681 -0.0451002802412504
-0.134351187967764 -0.205992464436067 0.153050164716626 -0.0283722722666351
-0.193386313858441 -0.0902364128542441 0.160927490050408 0.0507977794618634
-0.210026190082455 0.00564709574494418 0.242121753892314 0.0743777993372381
-0.17004927366951 0.046604549596258 0.266873420859936 0.0556380868283669
-0.172957909053535 0.0600542880311633 0.271566883905725 0.0499476924721346
-0.157100849202975 0.00294130439653963 0.195251376574816 0.0873891174858096
-0.145988060882313 -0.0617219505716124 0.0802920242592928 0.141016555119532
-0.0572764249631269 -0.175400489030593 -0.0270549707396628 0.0840581715741968
0.0598696290997357 -0.136053641699912 -0.0778800905839717 0.00248816673529872
0.0959618823654403 -0.0551328554898354 -0.0852638638062333 -0.164035725335251
0.0591663137316278 -0.0576122856092634 0.0982588090062947 -0.196770754416419
0.266253771407532 -0.228440203304772 0.235952978392769 -0.259252437826147
0.228863252935186 -0.29339712175581 -0.038132738975488 0.0312288502974804
0.110098639949486 -0.349865978502516 0.240358316586987 0.19782850954691
-0.0177411583874969 -0.376858677979149 0.257573774913773 -0.0537935385565149
-0.196099057681595 -0.290440976071784 0.116767602744967 -0.0838487857130374
-0.27035770501213 -0.164974147359884 0.0731340576326928 0.0194001113062336
-0.31779949008238 -0.042333892845178 0.148397341318654 0.0798167089913958
-0.263329038304633 0.0311976232549752 0.183499962179776 0.0687289537148208
-0.264450152155941 0.0474629874122799 0.204742901144957 0.0580693978694351
-0.230282859744062 -0.0292879351280013 0.147728015732439 0.0902580684242163
-0.2054993014765 -0.0875611774804284 0.0597505531972681 0.134311598302778
-0.129219874714893 -0.224371538063214 -0.0328313801512699 0.0904087807504184
-0.00404377846691498 -0.244882593525439 -0.0815070962292196 0.0178959873067148
0.125708393616275 -0.198301914415615 -0.111674468677436 -0.155337964334149
0.18931072967423 -0.18264918574382 0.0505862889698179 -0.188432724884055
0.391733387748501 -0.300141918085142 0.119043286428374 -0.153116413004118
0.303057882176629 -0.418519468924933 -0.0952641197244131 0.131153490060751
0.086984989347111 -0.474134068952633 0.240000585011404 0.226507463483262
-0.0794934127797952 -0.426858231670597 0.248307455680276 -0.0844562611538559
-0.223821838706104 -0.309986596555714 0.0589822838926616 -0.153883357392864
-0.294721756309899 -0.201017147690886 -0.0365276999714572 -0.030087826519863
-0.366582053188522 -0.0801796274802056 0.0249822771995362 0.0682530044352813
-0.315658361999866 0.0104876021681462 0.0707787670892664 0.0714178800674947
-0.326423285047962 0.0263315662290199 0.108908817119741 0.0629257992981677
-0.289388148550531 -0.0604871452822448 0.0772415585042368 0.0952227647152359
-0.261846082708737 -0.113810652284997 0.0240908999134284 0.132496498485774
-0.205007078377855 -0.265078342766897 -0.0519273898963171 0.106194192809483
-0.0781542669132476 -0.343300437557192 -0.100523175722628 0.0388611023080869
0.135016865088075 -0.338036103394786 -0.136711790737348 -0.13232048237034
0.296302624413359 -0.296662992137753 -0.01565714885437 -0.141671676752545
0.44118770862856 -0.325441618671313 -0.00686630001767512 -0.0402885105692096
0.297348778093182 -0.465127418847927 -0.117248174790484 0.227316405671762
0.033043814491372 -0.480363891532786 0.241153712201394 0.209406459134661
-0.123166385724991 -0.369222060841105 0.214445320391447 -0.123283001905968
-0.199775955281627 -0.256817350150945 -0.0131792566366023 -0.208593208172255
-0.261796615018346 -0.195642286967486 -0.143575670556144 -0.0752541391792132
-0.352032200622656 -0.100598795752663 -0.103170310356912 0.0459207094556713
-0.318526593770578 -0.0138128523250955 -0.0542671770804287 0.0629965365451531
-0.345799145370185 -0.00563134708378615 -0.00803947723525473 0.0620818870543043
-0.312046694644289 -0.0940383606281096 -0.0165767587847031 0.0964840624607524
-0.284283398031181 -0.13812330139111 -0.0339461885434207 0.126918229341326
-0.252054679594583 -0.287573883813628 -0.0879003589407693 0.118090538424353
-0.13637109375396 -0.409052708920779 -0.131391044445708 0.0565235443825993
0.139859464914787 -0.44080457048533 -0.155077819179028 -0.0946163115391927
0.372582086520001 -0.370561770600821 -0.0940924399916983 -0.0567140851922776
0.4100885655333 -0.307785992087331 -0.110602154896949 0.0598520592237584
0.224643031092076 -0.433839177363859 -0.102143692045343 0.28815419941375
-0.032148890175264 -0.379313849882232 0.228628651767342 0.155843501907797
-0.123059011321152 -0.229157761575241 0.161534353045537 -0.148918440251365
-0.124675252822401 -0.162673206808316 -0.0753967142764709 -0.227964857507206
-0.183189528783725 -0.160886051917089 -0.221778365727257 -0.100858036954541
-0.282488027538045 -0.105405512491881 -0.211732818083138 0.0206161713254647
-0.272089637758963 -0.0378841212982214 -0.172625854239013 0.0439809449857201
-0.307930965019767 -0.0445255603730224 -0.12808707671917 0.0488830432967549
-0.27596754101078 -0.122133070216384 -0.118215380988314 0.0821558995037461
-0.246412464402109 -0.147726116263107 -0.102785318185736 0.105806497141595
-0.242392640464026 -0.272875048545632 -0.135063926184359 0.114028682356645
-0.150331985648864 -0.41938763571504 -0.16947682025046 0.0570769852298224
0.149755885512839 -0.474203782535902 -0.16376655973817 -0.0516157108998067
0.407002331194222 -0.373730620212945 -0.177194593597543 0.0516479863743541
0.316499318860231 -0.25386393368482 -0.171655355695355 0.137540196201608
0.115299193156102 -0.344907787721301 -0.0594707764695248 0.304062942008188
-0.0837808987061463 -0.226696528075096 0.199338066061834 0.0894118075270507
-0.0907757532324109 -0.0761230494088132 0.10754852823524 -0.148039722075233
-0.0328054078286339 -0.0703003204617701 -0.107884972854963 -0.212422525192614
-0.084383619818315 -0.117144079747701 -0.260335985692161 -0.109142205985105
-0.176770441076939 -0.100108734899674 -0.286030406533331 -0.00429938006831894
-0.182999668987408 -0.0574482235335633 -0.264553225489646 0.0172394020112095
-0.213685631064729 -0.0741738352329713 -0.225832869193468 0.0205768472039377
-0.179835639856563 -0.124014072686739 -0.198304979283981 0.0464327776001416
-0.155223154964317 -0.119659698644294 -0.15820972148467 0.0676335641146989
-0.185180284709742 -0.199769628760799 -0.178881203716392 0.0929384288933133
-0.126244696449255 -0.354274762873985 -0.207896659242057 0.0332842801862928
0.155621774753792 -0.42219188963838 -0.162424418838748 -0.0188093456195939
0.385529023419219 -0.303543880868138 -0.257317107009662 0.159377009492573
0.183819068300904 -0.16839747976212 -0.185002893279882 0.190704072180554
0.00855037248960056 -0.224542904993341 -0.00575088549668956 0.289209824239916
-0.107453387747104 -0.0735297864233556 0.162856812274879 0.0325367774919618
-0.0440875137889142 0.0420401902190922 0.0663113600467161 -0.128513129170388
0.0469285133163595 -0.0019917574464204 -0.11427633824562 -0.184587138638345
0.010272615471745 -0.0740491957019629 -0.264763212332781 -0.107697448097148
-0.0543674385446372 -0.0884108252381165 -0.322273301411397 -0.0269347564259319
-0.0659048632075946 -0.0673454282208287 -0.313276698852358 -0.0129526133096472
-0.0775905029606013 -0.0812206221361918 -0.281246997161877 -0.0163579855126849
-0.0465796920769826 -0.0835965322593144 -0.234651867021518 0.00221704586481247
-0.0431180801307808 -0.0407722754897365 -0.181214346318219 0.0312634845738793
-0.117799502891378 -0.0744594829227109 -0.210940902479712 0.0650565932217159
-0.0958646542584056 -0.222117602011104 -0.239018248246917 -0.0129521593245968
0.130525654738385 -0.289874666203647 -0.147833673511782 -0.00465911921057122
0.295574217268637 -0.174449118196406 -0.31972142917663 0.242636024421533
-0.0788606903177781 0.0598819690939949 0.327182235645254 -0.375182877005504
0.00706647201910147 0.101764798561147 0.0913506446789317 -0.0954745619148479
0.0973550934348218 0.0525803430959459 0.237551962915138 0.0416767782324871
0.0783679422760816 -0.0894361305289558 0.214653849556492 -0.0666949069363132
-0.0566360634237969 -0.0823659493266746 0.161468692226223 -0.0116419729712902
-0.0780772082437939 0.00173539184074079 0.209155835706324 0.0434338968239756
-0.0588410107458757 0.0524302724192364 0.283239534268422 0.0391072254934597
-0.0479464993033129 0.0572779062842834 0.305054900238577 0.0280948707744889
-0.0589387549894704 0.06925568967807 0.297888559949656 0.029639939561376
-0.0760158482685833 0.0424474328872827 0.221298216772785 0.0789118900549782
-0.090027964021144 -0.0263608801642602 0.0997588960152053 0.149740109943098
-0.00673243287908356 -0.116512219939023 -0.0262474049892506 0.0927934866651809
0.0951678166887723 -0.0284974551657891 -0.0907207644588467 -0.00246048816342091
0.0410540712956448 0.0685326846909691 -0.0666160838507441 -0.159589480324433
-0.0802705044010833 0.0586651153316954 0.11468879733251 -0.170853315058118
0.0871120341900101 -0.102954368637873 0.297726549063269 -0.338966096276854
0.107161947565961 -0.106532329253732 0.0284181374776308 -0.0445059442453266
0.0995744146940286 -0.151465082522599 0.241927917505643 0.123296547088987
0.0292928169340039 -0.243317099800342 0.23735604506348 -0.053426799072689
-0.137818631211597 -0.195442798882842 0.145202302984878 -0.0319073117525095
-0.192822330234873 -0.0812987327496634 0.158325648874593 0.046965822640044
-0.203959382927621 0.0138216986542804 0.237519126780002 0.0651736172773356
-0.163039698465811 0.0513187423251489 0.262923211679072 0.0498057511059071
-0.16408558838225 0.0640846913670578 0.263841769648069 0.0409373289520036
-0.15151406271264 0.00846109300337257 0.189403394307822 0.0801040651490929
-0.141849769340952 -0.0542923342509725 0.082251518625336 0.13652803058868
-0.0630762977951752 -0.168622522499222 -0.0251136114651322 0.0826851863124547
0.0545006311876436 -0.135360082032915 -0.0772443772742937 0.00403490166502773
0.0935801906745889 -0.0580686094607486 -0.0875971621220062 -0.154886911103394
0.0565300126713103 -0.0564277596075639 0.0903061675760258 -0.19351488489324
0.24958192795688 -0.229652072361744 0.219826347123994 -0.257452992078039
0.215735883575772 -0.292169518267056 -0.0383882852428502 0.0357292172239635
0.0985068824166711 -0.342501327248148 0.24232586842463 0.184094258690257
-0.0289883163041001 -0.368972598492818 0.246009772799141 -0.0629096557813026
-0.199352465525486 -0.277876843465379 0.107225874219433 -0.0850175707435276
-0.270489148010195 -0.15284561881478 0.0714093015669825 0.0203918569882603
-0.310388628322667 -0.0293465926182691 0.1466964267379 0.0728988699829234
-0.253742419072814 0.0380097674930868 0.182542874934479 0.0641305818066739
-0.252774992181758 0.054842594041148 0.200576628784923 0.050875824315787
-0.224885968513609 -0.0206237519094535 0.144323980060809 0.0845184227421074
-0.200770782046738 -0.0797846427989504 0.0617775271075683 0.13024597618043
-0.134587221731549 -0.213833415982206 -0.0303295062408753 0.0889207899318692
-0.0105291633767513 -0.238457150694007 -0.0807825952870003 0.0180795536241346
0.1181958347829 -0.198177970178474 -0.112504075766955 -0.145502822125578
0.178738918566106 -0.183276241734588 0.0443702295827328 -0.185105945928595
0.369125001416201 -0.304472328385157 0.108108179766346 -0.150720421349359
0.282732026140749 -0.417614848854302 -0.0906397833136075 0.134740025686496
0.072654893860212 -0.462085476514244 0.242588951689792 0.211429172288544
-0.090135228960287 -0.415477496475655 0.235442384235311 -0.0921865976712676
-0.226169050603584 -0.296716774524029 0.047887344316988 -0.15164511525721
-0.296360230872388 -0.188446398212831 -0.0368263346227955 -0.0235627251980382
-0.360532638960173 -0.0646673614241873 0.0265217381365667 0.0656497649651319
-0.306029309535616 0.0191118125727147 0.072055558001907 0.070771546577495
-0.315342758745018 0.0353251276749482 0.107928296419521 0.0589495939244424
-0.284869641714399 -0.0502788591772192 0.0767467444652122 0.0920905503250242
-0.256420284852403 -0.103797085447756 0.0266540507422498 0.129773028445301
-0.208201710759224 -0.252293831741989 -0.0487126659191049 0.104092402118501
-0.085315326237363 -0.330892155613761 -0.0986518037717034 0.0389862209034848
0.123898593857393 -0.333571945364108 -0.137046668993235 -0.123099799154929
0.279173093168181 -0.298639003913198 -0.0188167965862782 -0.137588855200157
0.417502619650558 -0.330112946742711 -0.0117286809699964 -0.0378939256405334
0.276555521834312 -0.463251491735629 -0.109636268845182 0.228404503398129
0.0179522209878115 -0.467799343813604 0.241830225845323 0.195049913117787
-0.129199895606444 -0.35712693640524 0.201926159153816 -0.129622250779963
-0.199157176393633 -0.246083947948586 -0.0235425958708329 -0.203067288986357
-0.263844437572936 -0.184243516564286 -0.142071458480187 -0.0635279308330616
-0.347192158688754 -0.0857281058423277 -0.0984881294323737 0.0482952942082095
-0.310857333614195 -0.00427155687533551 -0.0503284919429949 0.0652715007481481
-0.335764191757345 0.00513787017210485 -0.00559540121973904 0.0610479415266783
-0.30879165768609 -0.0827679856137691 -0.0136620725913799 0.096264727762348
-0.279159093920099 -0.127747337954517 -0.0299005682117729 0.125734666986278
-0.254194800411263 -0.272147301410548 -0.0831150882685977 0.11657100422862
-0.143982935201881 -0.392767870201321 -0.128351777113298 0.0563253433181585
0.123389714907713 -0.434279957587268 -0.154490647956067 -0.0863381247919492
0.34936364427912 -0.372747831200065 -0.0929752807368915 -0.0527021553940801
0.386861477991047 -0.312971688934503 -0.109452799474121 0.0625250295469998
0.205338904149582 -0.428325301256026 -0.0915857250049638 0.286151246695924
-0.0418708765622173 -0.365643025655027 0.227704705564876 0.142710075821214
-0.12654386898343 -0.219787994370408 0.15203911387552 -0.152207269356052
-0.122838597379714 -0.158032422931148 -0.0831299715422113 -0.219283895042625
-0.184654131026886 -0.153750944034087 -0.218804295996291 -0.0872105422424686
-0.279021305559786 -0.092924534646573 -0.205041533244656 0.0267803336287228
-0.266979198734377 -0.0297476593797944 -0.166640867456258 0.0498343988066512
-0.300762927753982 -0.0338154490896722 -0.122889424069943 0.0514655123311203
-0.27501877669088 -0.111525182774794 -0.111834000644354 0.0848409804412074
-0.243142300479059 -0.139159916327148 -0.0974972546355828 0.106358198124841
-0.243926497229474 -0.257497146012356 -0.128461601434243 0.113435387221405
-0.157309470795143 -0.400666655810801 -0.165436543397766 0.0582668785501228
0.132562609868468 -0.465699975250697 -0.162186319308587 -0.0455332738708761
0.383746552475901 -0.37962470981278 -0.170348422256979 0.0549896026315486
0.297732541700715 -0.258386715888403 -0.166877799444513 0.139410355642546
0.100272893219064 -0.338985822079328 -0.0492145540074141 0.299396014890099
-0.0881733934545801 -0.215015617509301 0.196766430299559 0.0790499094596962
-0.0898495849038136 -0.0715506747562943 0.101025271043842 -0.148915871437912
-0.0308213430455599 -0.0712915170071611 -0.114025768042261 -0.203482167653407
-0.0870985973531388 -0.114565855833686 -0.255681183478057 -0.0946721637023371
-0.177133760353824 -0.0910556197231738 -0.277614072872257 0.00541499704899901
-0.181570653437323 -0.0519643405466669 -0.257588527791651 0.0252510656369749
-0.211856649518447 -0.0665094206678326 -0.219054607637557 0.0269958729065711
-0.18154465089769 -0.11671294249537 -0.190818146808919 0.0516453617437822
-0.152662925964218 -0.114028159566478 -0.151850571931469 0.0700584936094694
-0.1861592114369 -0.187246994882911 -0.170996769662866 0.0943907027557646
-0.132764260688662 -0.339506636842816 -0.204312620232048 0.0366887634592823
0.139396099304892 -0.415477223626691 -0.160446891086788 -0.01445938713972
0.365860441931196 -0.310826357488639 -0.24434395817669 0.161903568321599
0.173012305006093 -0.17086036693983 -0.177449403539532 0.189611926757762
0.000428650236158085 -0.217767476180623 0.00203590831196804 0.281647426315198
-0.105822356677617 -0.0658653398300751 0.158966546203434 0.0254556994543795
-0.0403137197580501 0.0425346636993821 0.0620705666388533 -0.128513497541872
0.0479161867789144 -0.00678044952915577 -0.116364428696137 -0.17630925508243
0.00673404953102224 -0.0753839533507983 -0.258871778020114 -0.0951442552000835
-0.0575316862417046 -0.0844899604411591 -0.313606511317998 -0.0163991520608947
-0.0678998614573428 -0.0653477322108016 -0.30809057043304 -0.00433845920921701
-0.080132334957732 -0.0776376136949651 -0.274930899675388 -0.00820674192519534
-0.049861934350503 -0.0823165725665406 -0.226505158567679 0.00866940648975316
-0.0417184180055013 -0.0403976048765692 -0.174376110647496 0.0345353786951386
-0.116443382195627 -0.0668835389911734 -0.201820753840804 0.0689479481621956
-0.099155830216235 -0.211153154437004 -0.235771473075426 -0.00585514138735188
0.116874734035239 -0.286736302710374 -0.146241567100845 -0.00227114053938943
0.281914078355964 -0.181678561777054 -0.302274003164515 0.245205898756278
-0.0773343953468138 0.0624259772992616 0.314577167899848 -0.366823675764602
0.00742850847684897 0.0996972478225252 0.0878794747637755 -0.0906547811369744
0.0965598476964332 0.0496845822889184 0.234104469867929 0.0380046520445257
0.0748433335258835 -0.0903121275684832 0.207376092956741 -0.0679541448208485
-0.0574231100180826 -0.0777850348447904 0.156504402111521 -0.0125361584799763
-0.0774710378888077 0.00464300916822055 0.205183966213857 0.042130886376138
-0.0558802334657377 0.0520563158548201 0.277209506911414 0.0364844222983239
-0.045172987482661 0.0571763996044436 0.300034553742336 0.0269631502743526
-0.0545213519880728 0.0688552813833197 0.289646578803875 0.0271073005909335
-0.0725761657732638 0.0432241545740982 0.21446730401092 0.0762670409454552
-0.0874046717916378 -0.0231524741375116 0.0994919010944684 0.147037226421636
-0.00982830066010129 -0.11411068020398 -0.0265331651630189 0.0911505378134771
0.0936548069602792 -0.0310300263637948 -0.089678819458286 -0.00116142922971472
0.0419348350855094 0.0648588309515467 -0.0650216025426092 -0.15292370367482
-0.0763817646461154 0.0599808547486857 0.112608074666571 -0.167166136916877
0.0833688773628499 -0.0983443004763742 0.286808912824167 -0.331559110782905
0.104237425981035 -0.105338649090173 0.0263662310402059 -0.0388882363814158
0.0978707976410791 -0.149505438113618 0.239117728955537 0.116648185947334
0.0258096914876679 -0.240678611096898 0.228487835103467 -0.0556658008336626
-0.137363220195051 -0.189511766203625 0.138511558113785 -0.0328975027968421
-0.191762374074504 -0.0772361831843364 0.154878503528206 0.0477355037242529
-0.198195431175342 0.0169636711256715 0.233069054690779 0.0619808904993225
-0.158317257762799 0.0519748796127067 0.259646828163076 0.0486968913683956
-0.157163064550981 0.0641571977229245 0.257477691596048 0.0389104089135064
-0.146846625248744 0.0102857169120502 0.184072395478105 0.0781028600133029
-0.137973294068741 -0.0515744249957193 0.0811336881151774 0.13471307982255
-0.0648101822229048 -0.163745380381515 -0.0253005339524649 0.0816313799194317
0.053390103127911 -0.134497941246081 -0.0768885620439862 0.00402113026052822
0.0922226298267801 -0.0593322644788917 -0.0857477105228861 -0.148225276540027
0.0557794496558652 -0.0544202359987488 0.08790652866244 -0.189582752307163
0.240939975433192 -0.223967248689557 0.210478816512349 -0.251571876676967
0.20908711674989 -0.288267730303969 -0.0385261431319587 0.0398312414038258
0.0957217876009303 -0.336547490448423 0.238974215551531 0.177042006798528
-0.031675588711537 -0.363847123518203 0.237038148300417 -0.0660329499966583
-0.196425404702115 -0.271169224559403 0.0997265218515666 -0.0837036927973627
-0.268801131874696 -0.147572387381665 0.0696211668139678 0.0234839681578335
-0.303686794802649 -0.0235389721127273 0.143786186671065 0.0706931705592365
-0.248258355524406 0.0392006466380791 0.180956519972736 0.0651301262302107
-0.244143484361936 0.0561358645354357 0.195922355306488 0.048860990460697
-0.220085172926011 -0.0175811778163605 0.14053643798867 0.0832515370661478
-0.195474976297478 -0.0768712691088898 0.061099340370417 0.129194075770464
-0.134712966531637 -0.207749586027345 -0.0310897071135243 0.0866706404243073
-0.01094290326069 -0.233444406557914 -0.080642038455525 0.0173847924394877
0.115098877578594 -0.196438766398145 -0.110252046367687 -0.139114235659838
0.173476630967069 -0.180109681301881 0.0423712648602435 -0.181183677516875
0.357383356902206 -0.299072754661196 0.102076557366077 -0.145904789864198
0.274509543406123 -0.412821559119759 -0.0893030145164777 0.137966837978951
0.0684856432599693 -0.451126261699058 0.23982168392606 0.203560118018337
-0.0921519078921174 -0.409549352935014 0.226787783676876 -0.094092625175252
-0.222087176212678 -0.290802859072672 0.0409624801679647 -0.148264630371943
-0.294204266034047 -0.182944261163007 -0.0369392345020002 -0.0182237440660934
-0.353299235153205 -0.0578733670184151 0.0263850801894376 0.0640523003553011
-0.299712014128053 0.0204546949293854 0.0726498918207855 0.0714331685869198
-0.306284879448429 0.0368525527052288 0.106175714058315 0.0575231818980563
-0.279858888852973 -0.046827904955307 0.07494635114429 0.0912740104955704
-0.249183920968603 -0.101501097708856 0.0254844658020929 0.128108103684334
-0.206596386897674 -0.245564892824955 -0.0490240222454156 0.101537342812328
-0.0849745787252394 -0.32177250606292 -0.0983412614054361 0.0371139214251575
0.118402026404088 -0.329760413253465 -0.134690324546248 -0.117409963265151
0.269532149149943 -0.295042723693517 -0.0193290500986342 -0.135197373288783
0.403502394599203 -0.325843648778537 -0.0143853765079331 -0.0357832793810927
0.266840679074521 -0.455582353563862 -0.106371494602748 0.228611576672459
0.0167693499011727 -0.453930451960406 0.2388048302825 0.186325623800933
-0.128669684657625 -0.350501017586016 0.194169471912253 -0.130776469764365
-0.194912249687097 -0.24226494080483 -0.0292510783744462 -0.19762253536837
-0.262211310488577 -0.180493162360421 -0.139849134422653 -0.0560987254079282
-0.341366396850524 -0.0783750910283058 -0.0962196256543957 0.0482174679929094
-0.304614426624536 -0.0023484525748676 -0.0475019655562778 0.0669669361082316
-0.327308628491404 0.00776839409905038 -0.00461201739955406 0.060278421414383
-0.304285720577759 -0.0786585193882058 -0.0133403836573103 0.0956041725113393
-0.27254711005674 -0.125661844231612 -0.0293313044591078 0.124042866922866
-0.250515632088643 -0.264212231486166 -0.0816043319427741 0.113419450944759
-0.141788854073146 -0.382194975599072 -0.127472354165978 0.0541965348266589
0.118079789900429 -0.426431844987264 -0.152026415600036 -0.0822482140768775
0.33762003809508 -0.369691733273763 -0.0908771751452182 -0.0516996048440762
0.374430275052208 -0.310151270210538 -0.109542209020509 0.062912112103265
0.19565862508136 -0.421277024105905 -0.0885520567834672 0.283861443740431
-0.0445687460609691 -0.354273976932783 0.224168858973537 0.135970049656998
-0.124595307595094 -0.214442287754473 0.145725030823607 -0.152371101333163
-0.118918174700869 -0.157565281422343 -0.0868542873361381 -0.213669461619113
-0.184822125936249 -0.152297466175089 -0.213827936882533 -0.0787658754770282
-0.275253422637018 -0.0872666262453342 -0.200308669471035 0.0280875759575363
-0.262879639795064 -0.0281157424878344 -0.162786811662854 0.051564272643095
-0.295397800336662 -0.0304384332185108 -0.119348831576309 0.0522486791516521
-0.271755467579045 -0.107811218520195 -0.108460380523954 0.0849339584479296
-0.23778443622571 -0.137251315358198 -0.0954168943304726 0.104793222840358
-0.239585441677627 -0.249292805200656 -0.125573743971663 0.110677401693108
-0.155584190469802 -0.388780081804958 -0.16359504194718 0.0566574792809413
0.125739307480458 -0.458420754735533 -0.159730705100995 -0.0433846642726858
0.370769044469187 -0.377110089578705 -0.165707470272334 0.054178030603907
0.287913561299167 -0.256245231307644 -0.165081968951384 0.138138045120554
0.0944245906438182 -0.331033751048765 -0.0468696553916898 0.294752839809062
-0.0866182409360551 -0.206750891156635 0.192612050733713 0.0744773687294593
-0.0875261108325655 -0.0682839129676723 0.0971427296990051 -0.148620098205509
-0.0284004023735824 -0.0735893959678244 -0.114483375359134 -0.197967188264593
-0.0877227182482673 -0.11433639112279 -0.249569014563246 -0.0869402316973825
-0.175732322655622 -0.0875082953768417 -0.271777327329798 0.00672610411024218
-0.179726530935133 -0.0505090975936066 -0.252973012998069 0.0275679126684392
-0.209502297299676 -0.0632184322834047 -0.215110771086633 0.0277642120884721
-0.180593599028985 -0.114823452139571 -0.185084165263134 0.0523420529913626
-0.149197466649792 -0.113399501449772 -0.148243603787764 0.0693304015391828
-0.181918579101106 -0.180647207906531 -0.166214427777421 0.0919542369297526
-0.132464843676365 -0.328103528117732 -0.201885183913668 0.0370237702303302
0.132655629938283 -0.408469560996966 -0.158407670970061 -0.0136992538136252
0.353601110464489 -0.310215299584402 -0.236375420117266 0.159342388526035
0.166278824884033 -0.169535027530043 -0.175127746273363 0.187234478446998
-0.00221936287390055 -0.212636222263186 0.00310706735181446 0.275988065288324
-0.102435841398886 -0.0611609251484642 0.154585937398755 0.0224260458747842
-0.0386870066656157 0.0426607987620411 0.0610051298841946 -0.128460013445323
0.0486797334910057 -0.0106831854785023 -0.115419651875885 -0.172090955095277
0.00515314967118414 -0.0764170731996406 -0.252559139658473 -0.0893938639698253
-0.0591890542124123 -0.081952768218909 -0.306124994071313 -0.0128792956338973
-0.0693221019413875 -0.0651110525037407 -0.304442568597856 -0.00156552382232095
-0.0811986320292739 -0.0760089061674479 -0.269782850448637 -0.0067085895389646
-0.051735710655215 -0.0822151446390048 -0.220299665562452 0.00943569975550874
-0.0391648011338181 -0.0415751623426459 -0.170105546474714 0.0338696535080973
-0.112958611637609 -0.0627181664874424 -0.196172696719246 0.0685222633681001
-0.0984494986396978 -0.204984326578409 -0.234007163254923 -0.0040671918623526
0.110047957633387 -0.282330504915282 -0.144946881590433 -0.00326441947740774
0.273644310260528 -0.183858453738102 -0.291582749141749 0.240440193196717
-0.0772137578799108 0.0649023832860497 0.312827381611017 -0.36250096294038
0.00715763215428239 0.0991046928429486 0.0874170733636365 -0.0861351993942688
0.0977500693791842 0.0489472507233325 0.234329202476164 0.0375331452419131
0.0730313305292099 -0.0923502548431184 0.204353236112049 -0.0675884504075737
-0.0585276479490365 -0.0760400684821924 0.153959981418719 -0.0121627119033146
-0.0784472245533168 0.00714427759682018 0.204656119554717 0.0436961555977181
-0.054336799390489 0.0524782802351095 0.275671502380492 0.038445773294415
-0.0436291231427418 0.0576248093778888 0.301838517898149 0.0300365878790661
-0.0522244597987955 0.0689937204434339 0.287141494475968 0.0289382173683399
-0.0699129962031857 0.0441685634966931 0.210814603974278 0.0775843441028632
-0.086761003299904 -0.0217143176659649 0.0994421215606918 0.147510235766495
-0.0118740192915288 -0.113588407735929 -0.027459771119954 0.0915490468269628
0.0941199695677332 -0.0331104155719346 -0.0898921819609139 -0.00137245140333623
0.0426783359062127 0.0627170775696461 -0.0625152613839495 -0.150188838714638
-0.0751378178135547 0.0620873960519881 0.114597565800618 -0.165351121197464
0.0822852116112868 -0.0952273950274417 0.284849508179578 -0.327934354923899
0.104716073529008 -0.104850706005216 0.0259887591506144 -0.0349666702887671
0.100327313121967 -0.148791457097566 0.239556573994252 0.116169605108372
0.0252899374201006 -0.243499874114282 0.225222143626399 -0.05674070546714
-0.136767876655958 -0.189363437111768 0.134734755987434 -0.0318854855757608
-0.193366538634536 -0.0759035735882234 0.154155064624096 0.0509213073213185
-0.196344204564827 0.0178496757483776 0.230653347021921 0.0633235556880198
-0.157158215929456 0.0519314441656352 0.261973698636529 0.0525993559374653
-0.153875813150194 0.0637147278907571 0.256379447616537 0.0412471670516319
-0.145167916775627 0.0111248036373549 0.180745841614209 0.0808385065200965
-0.136605382015179 -0.0516974478804799 0.080916674863635 0.135788201144943
-0.0660566923666968 -0.163720633908082 -0.0275416193265617 0.0813789266415617
0.0540938948190975 -0.134727321013468 -0.0774278544531319 0.0035687059331842
0.0931443574915355 -0.0609912801979894 -0.0834610295840731 -0.145389548836746
0.0566929898567147 -0.0529703867611852 0.0888989912478378 -0.187820990198129
0.238718444794905 -0.219579352191026 0.209799053050889 -0.249082097747878
0.209651158559337 -0.287360782364522 -0.0391952556503471 0.0450715271642405
0.0983995799975086 -0.33499943037499 0.238805534661213 0.175152412667585
-0.0318188704165275 -0.365815084746107 0.233048054941265 -0.0665077691972487
-0.195935524207589 -0.271756430858867 0.0952559704486166 -0.08275887033008
-0.270552002254901 -0.147409639849573 0.069014607285912 0.0278060975313565
-0.301923077104185 -0.0222371633371985 0.141827581002861 0.0714715468153849
-0.247104388237287 0.0391175342319863 0.182872261657067 0.0679836427223438
-0.241822069680769 0.0541151534745954 0.195072200667975 0.0503050884299003
-0.219078758312947 -0.01829449563304 0.138387579830584 0.0859664990670068
-0.192995404677413 -0.0778525481406379 0.0600270930721005 0.130667889482793
-0.134167374795769 -0.20743426264042 -0.0330792987038669 0.0867658936573876
-0.00945823481006772 -0.233613942249339 -0.0817937370471215 0.0158742368938887
0.116135940023473 -0.197281090333048 -0.107783559787678 -0.137288570155829
0.173874114513935 -0.178613144047638 0.042964282493483 -0.180435194395404
0.354917743931559 -0.295304133147569 0.10029323302701 -0.144004427650738
0.274692573226785 -0.410146830653164 -0.0903605661930252 0.142100021038715
0.071233371698244 -0.448888600073586 0.239383052639349 0.202620770917137
-0.0895636235081376 -0.411412427413579 0.222310913340311 -0.0950693881510659
-0.219498888744825 -0.292031352137485 0.0359798105611178 -0.147057539600451
-0.295806015667451 -0.184280221968337 -0.0361517116020569 -0.0133440552328104
-0.352420658711187 -0.0565202798886557 0.0249265388806139 0.0641467383725339
-0.29920272945483 0.0194669482860942 0.0753580562333487 0.073864691175733
-0.304049642938467 0.036048504457917 0.106334366470026 0.058183799570395
-0.278954480874844 -0.0472394062142607 0.073493165120111 0.0935173087961784
-0.246358256889717 -0.104237224710941 0.0243899625147422 0.128779381396008
-0.205653324717436 -0.244831559551751 -0.0509080559052378 0.100834121849808
-0.0826146273430188 -0.321659680558783 -0.0998015317217351 0.0349695665395162
0.119801878779261 -0.328533932830683 -0.132169035487967 -0.116102059081086
0.270154133251816 -0.293713212312687 -0.0185922803278303 -0.135167213696345
0.400715097369128 -0.324369797416561 -0.0165085457596533 -0.0345784239370874
0.267210072527428 -0.454302744018891 -0.107961127854924 0.232660940498178
0.018440548384967 -0.45069604762285 0.238190612681993 0.185598474814728
-0.128104024924385 -0.351205758962466 0.191221785170518 -0.131494805980063
-0.191701932423019 -0.244790845975616 -0.0329644965883832 -0.196369741351235
-0.263888145576462 -0.182881272451225 -0.138730385274793 -0.0519098067300649
-0.340038475263148 -0.0781163051141635 -0.0964897330949197 0.047965711806261
-0.305609080079929 -0.00421913737852336 -0.0458647641654671 0.0690901427266405
-0.3259035584164 0.0063005886644349 -0.0048162686385693 0.0607196774104347
-0.304882305657163 -0.0798584900705581 -0.0130122226641814 0.0973408672749599
-0.269312236769133 -0.128020569630562 -0.0304944150573792 0.124411220007418
-0.249082877673359 -0.263504320942502 -0.0835370723510109 0.112344011111583
-0.139082880333752 -0.380289708432596 -0.128943042792091 0.0521700646355801
0.118167922014392 -0.425135563001209 -0.150473731107499 -0.0820589856567158
0.33743042920159 -0.369225093819964 -0.0900941139153746 -0.0527824404615408
0.372019628172206 -0.30818265487225 -0.111935906497793 0.0629839823951447
0.196462527265282 -0.420341544094429 -0.0901364036909232 0.286360780156935
-0.0408648628590454 -0.351955170283368 0.223068314679813 0.135150471480432
-0.123220561971592 -0.214641933239446 0.143983867120696 -0.153068896731201
-0.116253895145171 -0.161631127153982 -0.0895104026540907 -0.211770105627349
-0.185760767662698 -0.154660272577413 -0.212295070474628 -0.0756629801266554
-0.275258526474178 -0.0867047931807946 -0.199751848390736 0.0285298137402725
-0.263645560573711 -0.0295600535884063 -0.16212306240554 0.0531069464696401
-0.294869359139354 -0.0322282539641077 -0.119438186509939 0.0518896467768821
-0.272980254251093 -0.109301325145722 -0.107962679729736 0.0850253553071948
-0.234924766688002 -0.140640000688333 -0.0966475545849192 0.104256646538465
-0.237400595375716 -0.248055856310917 -0.126649031866113 0.109524342660523
-0.151163184908945 -0.387317330603479 -0.165700873595556 0.0545150131118791
0.125485970171294 -0.456503331752295 -0.159140884534028 -0.043713175257609
0.36901029727836 -0.377344980696245 -0.164728849809943 0.0525864312711962
0.285008426069012 -0.255763328922076 -0.167447205794159 0.137540821796334
0.0938509058094294 -0.329430189589648 -0.0478116046354662 0.296677621005157
-0.0835314283634818 -0.203888536173649 0.1914363134101 0.0734699594833571
-0.0854084505999203 -0.0683847481932408 0.0958647525330953 -0.150192484214823
-0.0255808094349694 -0.0779196176582446 -0.1157755428747 -0.196659451105907
-0.0889193756233503 -0.11701961336753 -0.246718465042246 -0.0852820763449858
-0.176343502891731 -0.0867502269448985 -0.27034052388544 0.00739336982752517
-0.181673633345036 -0.0522819332630157 -0.253745255468196 0.0281288319639712
-0.210134183445648 -0.0644803013273861 -0.215219112251626 0.0269874379542631
-0.182928327115385 -0.116619901974201 -0.183849428447225 0.0520895744097268
-0.146719019486908 -0.116650157925154 -0.148724937488864 0.0678591135773441
-0.179389407355539 -0.178783136367991 -0.16656166269013 0.0898076467775906
-0.129805957596863 -0.327061465168751 -0.203715221214087 0.0355793025231647
0.130847788837668 -0.408204619466842 -0.159181740476264 -0.0151809650515684
0.351971394138365 -0.311129301558322 -0.235532320047099 0.157303020110826
0.164487446753889 -0.169391951091857 -0.17711801915259 0.185209413151501
-0.00296170702939032 -0.211565286216595 0.0016340551321014 0.276901439660857
-0.0999350423213848 -0.0591280626473559 0.153379781555298 0.0222289955729015
-0.0365943549842408 0.0440012873246249 0.0615185461645249 -0.129690475161183
0.0499590096238276 -0.0146042021051206 -0.115643389581134 -0.171716076162167
0.00417167405395955 -0.0792913406781846 -0.249546750082075 -0.0884031287768688
-0.0610425070865047 -0.0820589323617399 -0.304361021382353 -0.0130698086914282
-0.0713685562730137 -0.0661856068223063 -0.305325597183349 -0.00292264526468934
-0.0824682317487464 -0.0772070518128589 -0.27015286143482 -0.00887073261837707
-0.0536171032917611 -0.0834580363546868 -0.218374813625579 0.00836690891031463
-0.0379813926845949 -0.0438949320472078 -0.168747517027144 0.0323634683316667
-0.110808035452733 -0.061293870763749 -0.195390412060623 0.066889322810093
-0.0971172593458637 -0.203329439969536 -0.235832385809917 -0.00371655429827143
0.109104346025655 -0.282389567512124 -0.146703348640619 -0.0056707428077774
0.272214929366277 -0.185966980987607 -0.289875202802952 0.238052894694976
-0.0776935272112639 0.0688432591637395 0.314924224754808 -0.370079658990272
0.00697551687105138 0.101931667092647 0.0884218377569207 -0.0843619094163071
0.100002496228741 0.0488329250326851 0.241486989613868 0.0364674889714637
0.0716202319146207 -0.0959971212096438 0.20601043237632 -0.0710899796833255
-0.0611720891094848 -0.0756985164279408 0.154855474578901 -0.0129008427776683
-0.0803000454436499 0.0101280267390621 0.209053746286779 0.0451636028447543
-0.05334949666837 0.0543472290723457 0.281149822230006 0.0380227991977927
-0.0420667559974399 0.059650203464937 0.310258772680255 0.0306338046035584
-0.0501163078624513 0.0711256432282039 0.292015408800919 0.0294288362995408
-0.0685600280258656 0.0463247562438993 0.213447467158205 0.0802121454663347
-0.0883550751623626 -0.0201518859920316 0.102767507265876 0.151026148891804
-0.0152614556275482 -0.115383438085847 -0.0292483665510252 0.0937416901098305
0.0968746523757193 -0.0362424289133779 -0.0929931547517831 -0.000722451114811961
0.0441233141367336 0.0614649070712525 -0.0627759727463312 -0.151174690115138
-0.0750927580895348 0.0668138993311514 0.116887451317661 -0.168840074621012
0.0828000626684286 -0.0951127383956898 0.286467847297212 -0.333198224356224
0.106357383445474 -0.10727802225009 0.0264422684124279 -0.0313216145843663
0.102963924001869 -0.152905137283476 0.24676030950772 0.116208714496328
0.0223538655189397 -0.251185297760473 0.226041597306021 -0.0603660548516521
-0.141634149999827 -0.192429135463591 0.133789906391929 -0.0322048818068939
-0.199325118887903 -0.0741811189544448 0.158316934362634 0.0538950706174912
-0.199105952976923 0.0206061599062781 0.234585910258656 0.0643285924063394
-0.15857580884596 0.0551597251434325 0.271595063375656 0.0544876633219453
-0.154701603733129 0.0659623975004712 0.261375008420824 0.0419919982321251
-0.146460244406627 0.01277892810527 0.183297866493054 0.0834605810719255
-0.138515259226227 -0.0517441394076816 0.0827816175486763 0.139032708837848
-0.0697432177648051 -0.166267853853093 -0.0301131067309616 0.083484686862259
0.0557751825259772 -0.139706128407963 -0.0806765186334921 0.00373815793139795
0.0949016600035724 -0.064926946528368 -0.0834196795821574 -0.14582004371261
0.058484401097833 -0.0518740418899579 0.0907040445247014 -0.191705607237518
0.241792631910098 -0.223130764406146 0.211227838215419 -0.252947118258878
0.212499549006671 -0.294711485811669 -0.0398862923526171 0.0507664245801327
0.100573206174208 -0.340787064117187 0.246540217989057 0.176319873946573
-0.035320817727581 -0.375424156037942 0.234208684273561 -0.070987228746417
-0.201552436115503 -0.277528908630473 0.0919662776092317 -0.0836330083537179
-0.278977803979646 -0.14799838313442 0.0714064446609608 0.0319222670355452
-0.306843834300654 -0.0189235963995722 0.142787148061024 0.0729307139439146
-0.251548297392495 0.0417884654574185 0.19137497858048 0.0705409564771659
-0.244501016282089 0.0563791069853473 0.200083674268287 0.0514363956549806
-0.222945338688956 -0.0174401650691556 0.140956851141154 0.0894835272893263
-0.196112829311558 -0.0798179934093026 0.0610962743966784 0.134522634377359
-0.139193971606637 -0.211251226590814 -0.0361436212332126 0.0886564745741532
-0.00906047004673098 -0.238909733932277 -0.0847587621493792 0.0152087926241505
0.117357437017508 -0.203452038109954 -0.10866579249951 -0.137885324496321
0.177182761814157 -0.182311284553257 0.0436243722658005 -0.184363282238714
0.360085104888818 -0.302233316041095 0.100066027229761 -0.146292067232795
0.27884108488989 -0.420994538033667 -0.0914414528698164 0.150281698871587
0.0723840425009821 -0.457278128739798 0.245990145473205 0.204378325341703
-0.0949683295570746 -0.420828308411059 0.224075678499168 -0.100209648708747
-0.226268524964158 -0.29945698756142 0.0314846677640755 -0.148981781675796
-0.30670876863958 -0.186893013505688 -0.0366627010638619 -0.00891771839690301
-0.358044267352026 -0.0540360453550361 0.0236323793708745 0.0660312155776842
-0.305867317172416 0.0221690211534768 0.0803457932866057 0.0775933585955394
-0.308652692340414 0.0382127657868671 0.108935938820386 0.0600282935774113
-0.285581939567109 -0.0475113229271276 0.0754435869664315 0.0970981063116104
-0.251295010585759 -0.10712053658733 0.0249569884893353 0.133591784019317
-0.211367563510801 -0.249202235591 -0.0539104354870598 0.103148326761628
-0.0836699722998468 -0.328125504249099 -0.103484278242973 0.0347629762347332
0.120317013413146 -0.337207974567736 -0.134257166670651 -0.117401397304196
0.273680023386666 -0.301758398287076 -0.0191938414171858 -0.138692975636705
0.406046574115874 -0.330602365827228 -0.0193126169087591 -0.0350800528591496
0.270726230911549 -0.464866246269547 -0.109966816623379 0.242473540966616
0.0180933706495542 -0.460023057357413 0.243882193579799 0.188419841529548
-0.133004189383312 -0.357422075217543 0.192085586027668 -0.136710797598653
-0.195634568243522 -0.253228892499726 -0.039510184632693 -0.198856790594361
-0.273726118949841 -0.186473945248051 -0.140369205200503 -0.0480487316271468
-0.347012142725756 -0.0761892058959434 -0.10023442027282 0.0505477283846284
-0.312646851129427 -0.00213603607149088 -0.0440702194799412 0.0729843092719571
-0.332529185686866 0.00720269224636858 -0.00414983119901322 0.0627577973204057
-0.312903802618348 -0.0802982393708847 -0.0128770163629432 0.100649696694211
-0.275004507272801 -0.133292115284088 -0.0319733312013829 0.129026124339597
-0.255381037022176 -0.268195440809815 -0.0869415434842101 0.11466508848277
-0.142174024275925 -0.387712690457226 -0.133307555121331 0.0523286179310594
0.119263475387421 -0.434422104581365 -0.152831309206485 -0.0830750437594635
0.341450699758103 -0.379580672069717 -0.0921502181256783 -0.0542047986795067
0.376810672461838 -0.315739019026461 -0.116501414191282 0.0649491032277947
0.196931984955407 -0.429762592164297 -0.0903133809324651 0.296967982386262
-0.0419125539587715 -0.357542767100782 0.227859912716623 0.135949791191314
-0.125510792303949 -0.217606572759726 0.144375099745871 -0.159302959888949
-0.11827550508889 -0.167559953339158 -0.0957188988369733 -0.214050995778197
-0.193662863968211 -0.159551138704363 -0.215306904640081 -0.0724311208695641
-0.281946327706942 -0.0859245116026995 -0.204895589178624 0.0308358748628517
-0.27142905680931 -0.0292539527509254 -0.16364727156746 0.0567984146863627
-0.301627450374479 -0.0321481125931465 -0.121359593475268 0.0532185670821189
-0.281284188966794 -0.111222144598006 -0.10935901493158 0.0884964647066759
-0.239636001198444 -0.14564919702188 -0.0994868955389422 0.107544150643193
-0.2420097992195 -0.25153880067261 -0.129946305656212 0.110944323077596
-0.155593091888385 -0.393897773385697 -0.170485182249304 0.0556340538316498
0.125054210403243 -0.466571462615547 -0.16283514758083 -0.0442423616800188
0.373020570095012 -0.389020548058871 -0.167476121794011 0.0536151574602965
0.287607945379144 -0.261024733728709 -0.172268367663409 0.140320064942954
0.0928885383344676 -0.336903851147722 -0.0470835212516669 0.305607902462534
-0.0845694020420999 -0.205905570875337 0.194590807393533 0.0733651900174715
-0.0857803209389228 -0.0679610348442229 0.0967998402754774 -0.155592717907983
-0.0254905988543223 -0.0835938502887258 -0.12075498679818 -0.199531547733673
-0.0935896180944953 -0.121852954686364 -0.249594974010414 -0.0839162321221657
-0.182347554996283 -0.0871751971864309 -0.276361000182596 0.00876616895106493
-0.188663191297016 -0.0531251516367509 -0.259176627534339 0.0306963308473707
-0.216192487733694 -0.0658034508689687 -0.219995876791187 0.0278654608391573
-0.189067500249423 -0.118724466850918 -0.186187308545459 0.0540430207517413
-0.149815704524021 -0.121313520957436 -0.152380408807713 0.0693349024846952
-0.181687253838971 -0.181141613102341 -0.169791947831188 0.0913148384547539
-0.132597308617011 -0.331101184442061 -0.209400791924926 0.0368334795651291
0.129924743539275 -0.41732211927834 -0.163890621824813 -0.0157888661668264
0.357383115112905 -0.32342262251795 -0.238909303775254 0.160981753723803
0.165691317290408 -0.17394517315856 -0.181823342562391 0.189271731132699
-0.00478459160708908 -0.215515980392867 0.0028530490572847 0.284010979297847
-0.10030666862249 -0.0583482085368386 0.155634110493768 0.0216925816563753
-0.0354703768342486 0.0467943281503767 0.062856734087542 -0.134753655606949
0.0522068478590691 -0.0191109915681161 -0.119058408531657 -0.174910789995593
0.0019828984404201 -0.0836785567937565 -0.253357296846805 -0.0887328730954507
-0.0647094357846171 -0.0838783457776007 -0.310845460260924 -0.012312238007732
-0.0760783424563583 -0.0688460981157369 -0.314500345077287 -0.0014219712422434
-0.0865683471437813 -0.0789482968812123 -0.276831299473896 -0.00823872460718085
-0.0568408640124692 -0.0863563868215611 -0.221129995573701 0.00813808571521692
-0.0382520612128236 -0.0470998168451845 -0.171950389339026 0.0317728768326043
-0.111296574852089 -0.0600475291264892 -0.198000480178049 0.0675046653547522
-0.0996533448368656 -0.205790784455133 -0.242914240588262 -0.00315698276984191
0.107431256020145 -0.289174526725018 -0.151467629632993 -0.00708924822917339
0.275850859905616 -0.194971008037518 -0.294441663766099 0.243822938087761
-0.0721360374397063 0.0740970964514207 0.292144083747908 -0.402489097133489
0.0176198717960474 0.100335411931195 0.0782412826687087 -0.0890792903638962
0.109741147183748 0.0333234218516865 0.244895092358317 0.0255211388209605
0.0595185841880961 -0.110756631763063 0.20823991377729 -0.0809876396461846
-0.068990484730663 -0.0696595245593341 0.159756766375398 -0.029590010657226
-0.0770240823071682 0.018103086212781 0.216969608121393 0.0262554770190741
-0.0440504225342408 0.0617723181404794 0.289560772037107 0.0100417322943313
-0.0340677316761362 0.0628681430043576 0.32306167743854 0.00321676829278248
-0.0400596653068057 0.0786700504685833 0.30705317044624 0.00704640326576719
-0.0647317608451288 0.0566020562731827 0.229635953207825 0.0675659457180953
-0.0928945885627323 -0.00836285401971234 0.123033030866129 0.148717021890104
-0.0325394327245527 -0.116399453396041 -0.0216475131418814 0.105989358196164
0.0966978226181986 -0.0508450151892437 -0.103280829036475 0.00974032614424152
0.0548222171753881 0.0584791011663568 -0.0765943064267127 -0.157559883835566
-0.06874757855533 0.0809192187001194 0.118775351390152 -0.184387337946575
0.0679035346668662 -0.107811603523621 0.277799946493497 -0.351076772489948
0.0933579622748172 -0.119539363452544 0.031259925558455 -0.0220259474761768
0.0900997495826071 -0.170414968400872 0.274075986286684 0.108291890069068
-0.00864134623596076 -0.260111639196968 0.243749729280735 -0.0735297567150796
-0.163805937310648 -0.181130463889681 0.144020948192367 -0.0528366342419879
-0.207442444714415 -0.0555711719439204 0.171386865081564 0.0352908514489951
-0.1967898174326 0.0459713012848924 0.25289506594579 0.03461696376449
-0.153324330108504 0.0671039716753021 0.284442864654115 0.0303711960980425
-0.146874630582013 0.0840862857738798 0.276865975478869 0.021642820167181
-0.148490973874231 0.0290915671273816 0.201137644282926 0.074140440652838
-0.146396712858456 -0.0365170981266929 0.102428121091365 0.139238986846599
-0.0926424220438474 -0.161822257050141 -0.0209778290425395 0.0951524671604681
0.0445853286512899 -0.151585509584571 -0.0868399440859969 0.0165362243642991
0.0960714041683679 -0.0785131142985777 -0.10445298689548 -0.146119830382353
0.0607671188226001 -0.0558990379695685 0.077789766075076 -0.205419578292609
0.211846811028762 -0.253649064956923 0.212694646244009 -0.253167434597093
0.179712794321921 -0.319339414622699 -0.0194010471152155 0.0744932667282096
0.0660130663462327 -0.35956036845287 0.29512771303161 0.172053187034162
-0.0824040601596762 -0.379922156373601 0.261378929092156 -0.0869922387502142
-0.23295830674008 -0.262103152893859 0.101188025202464 -0.105765756118866
-0.29827426780113 -0.122091951709168 0.0852261615641948 0.0165237436718555
-0.31379292296353 0.0191348041225145 0.167224514756881 0.0486423370866103
-0.248957464373228 0.0627084402180494 0.203601220603126 0.0532071299156984
-0.240252713296266 0.0842000208051635 0.214318417403005 0.0371576481798005
-0.229257105177287 0.00622395672589214 0.158309864962246 0.0830238461312691
-0.207159114436431 -0.0604824727338865 0.0798692604823167 0.135572601323196
-0.167298305438231 -0.200361346063668 -0.0245606447115276 0.101513630677905
-0.03237856793906 -0.246795322177962 -0.0870637396521887 0.0327340753882227
0.105910209506222 -0.22466631459848 -0.136559578080559 -0.129020299278581
0.173691796232157 -0.204894349434435 0.0169095744324678 -0.192475904712561
0.320544513668811 -0.344882339453818 0.110766974947022 -0.127863763788791
0.231762494027552 -0.452327310187178 -0.0576447891410658 0.184889995550111
0.0240263292482819 -0.472383053818482 0.306647774155687 0.198614291618897
-0.148424543873139 -0.417800345823774 0.254443237933483 -0.121235120109616
-0.260395066239972 -0.283448562501484 0.0345591304446055 -0.168792327123502
-0.33099365043672 -0.160035178892917 -0.025443189661154 -0.0172821003329739
-0.372183461416618 -0.00948868649073021 0.0490727699265318 0.0510505802182806
-0.30686350520148 0.0482263373566119 0.089997483409492 0.0695744323043402
-0.307825893746196 0.0716225369619767 0.120314384106479 0.0534549575995578
-0.298053676084096 -0.0181450056717925 0.0931618812006914 0.0961723566170262
-0.265931962690516 -0.0845328338583565 0.0432321843163395 0.13765599286365
-0.244545423877522 -0.231841086225359 -0.038944880348154 0.117506230656294
-0.118300802856296 -0.329375906400538 -0.100854451639492 0.0571904326068247
0.0955365484340194 -0.363999159799699 -0.166273642971958 -0.0983035909406095
0.263584216269112 -0.339509674163163 -0.0557247789784437 -0.137503876798145
0.364358172768755 -0.378573424693576 -0.00280645595663955 -0.00209537014525661
0.219983590400403 -0.494821122707595 -0.0657742714496019 0.279409284254408
-0.0331968317860245 -0.466920555494168 0.304061412079169 0.177954213629584
-0.178172758673239 -0.347307227617978 0.214659892268641 -0.160498194140082
-0.227422550283844 -0.240643544970274 -0.0452683489014922 -0.21130653614865
-0.299813922360909 -0.162787869891752 -0.134830938315786 -0.0472624319776037
-0.36543050863103 -0.0333074840446757 -0.0768318328602575 0.0477101586717509
-0.317645546341491 0.0246904577378474 -0.0383216061022103 0.0753794050001292
-0.336150016574879 0.0435525943820409 0.00260561424153215 0.0663377905920921
-0.329168745766864 -0.0499641903415058 0.00222651996840194 0.106868709217229
-0.292808835036449 -0.109391447095687 -0.0172962554613562 0.137610680512799
-0.290103657390688 -0.247520412052875 -0.0707885081981399 0.131284193472062
-0.182779915346294 -0.384781512983917 -0.127313733944935 0.0803886909490391
0.0846854668434396 -0.467055199537618 -0.187972670491124 -0.0558539049773298
0.326296225660796 -0.428923545765448 -0.132226289973203 -0.0433149331328127
0.336651898704277 -0.357916109331571 -0.0970770257029557 0.102841605262057
0.150395836546282 -0.449875919496307 -0.043595875710622 0.327921902195228
-0.0816107954368707 -0.356691794844016 0.274845207233897 0.12019652737463
-0.152747569047502 -0.206911262012481 0.152180483892266 -0.181436958052581
-0.14012409228823 -0.162787699947262 -0.107570029501856 -0.217914159636262
-0.216721708939293 -0.14253619685748 -0.21444260225099 -0.0633753802246462
-0.3011017383494 -0.0516996204933767 -0.188007133788707 0.0406814204738188
-0.278829385145521 -0.00594847142690266 -0.163288743323721 0.0700024603323058
-0.310749206689546 0.000753980792976518 -0.121194997549387 0.0668711204681356
-0.300735419005101 -0.0850519162914176 -0.100300867349789 0.102301651926243
-0.257811728179231 -0.127155155451447 -0.0904384679736916 0.121133405617902
-0.274254406742212 -0.233194616645321 -0.117039341104544 0.1308725857798
-0.197737112182004 -0.390428878725173 -0.165835936901337 0.0869634624621411
0.0871434392138929 -0.500514463705572 -0.197415565960126 -0.0131279231141269
0.358019288178008 -0.44487757601907 -0.205559034300214 0.0728261455617894
0.256029758843857 -0.293243512153288 -0.152946087642734 0.176657284653426
0.0582365055259159 -0.345979347439859 -0.00480770635182877 0.325781552966067
-0.1063967736617 -0.198580040231947 0.22242160832886 0.0541237733804708
-0.0928325528182932 -0.0598228209165934 0.0914597366377472 -0.173293805950983
-0.0380096092792048 -0.0875503718516771 -0.136472897733138 -0.194626997113902
-0.11229114399856 -0.114390821927144 -0.252360697183706 -0.068205816387637
-0.199834659435275 -0.0655506390684961 -0.267066873813011 0.0296722256247314
-0.198527160933792 -0.0369952534675964 -0.264184154181428 0.0533253636515326
-0.228665244163585 -0.0434414014467087 -0.227983398157083 0.0489522592798836
-0.207154867501197 -0.103286180467235 -0.186205810843405 0.072343339726797
-0.163543978315429 -0.112527120339292 -0.150556155953987 0.0852726447454394
-0.203894108113887 -0.16767091677334 -0.162735049561593 0.111799752202158
-0.167020132344156 -0.328170656778628 -0.210081384111873 0.0690894875093184
0.095661151984748 -0.449276763438061 -0.196068618078295 0.0142277829896932
0.343403094114728 -0.37576783573106 -0.268080329927014 0.186816991453305
0.145472666323718 -0.190147618502589 -0.165390763531419 0.216788111435288
-0.0263648914004575 -0.213830234143909 0.0375584593036767 0.292812326593114
-0.105300978053163 -0.0475111244094839 0.166516681126908 0.00171938735558554
-0.0270039872025247 0.0495394232197302 0.0498449860334808 -0.148361006883605
0.0465986445759067 -0.0297938367750691 -0.135052736009657 -0.165163932462058
-0.0113521778190193 -0.0851184009906586 -0.259015368388076 -0.0699494590349003
-0.0807524872163439 -0.0753980774687805 -0.309195764652393 0.015761713642999
-0.0864950953364106 -0.0615865026122936 -0.324708489702255 0.0259625439580876
-0.0994876293804091 -0.0716011176470783 -0.291663332973379 0.0147854737179035
-0.0680578130515439 -0.0854170692155223 -0.229768777551441 0.0257892312225152
-0.042307162444768 -0.0485274799470635 -0.176473780696043 0.04689844024634
-0.117451563685111 -0.0516099925319782 -0.197651234891559 0.0872604057657772
-0.121239175540986 -0.20347857056916 -0.251781944336701 0.0257036642248464
0.0839835134226239 -0.314150887112119 -0.17770119132883 0.0159477795272845
0.267764970193535 -0.236215350191749 -0.31116545988524 0.273436804608691
-0.0693521371625998 0.0811640748773386 0.273069716504102 -0.42114953902314
0.0235853850678677 0.102017369678482 0.0749278450846294 -0.0919512525079325
0.114995982479476 0.0271260666394188 0.250920896896993 0.0102773345549163
0.0512064470898853 -0.116036936734907 0.204866284711125 -0.094987374450718
-0.074915730350529 -0.0651957924764165 0.157975713956313 -0.0374061919214845
-0.0765093874846689 0.0258979948602869 0.222109285496763 0.0164598662287996
-0.0397718572305369 0.0650751745492133 0.294281722184714 -0.00350163733069279
-0.0289131830925678 0.0652685592231861 0.330994402132559 -0.0148452064973684
-0.0333473841747562 0.0822035512947592 0.311936508628229 -0.00942733536803073
-0.0596830407658555 0.0613143892551872 0.235842762860222 0.0585187933642592
-0.0938011669514589 -0.00152682511873527 0.13422950285281 0.144023787325185
-0.0421624997180494 -0.115283656592933 -0.0178023623522043 0.109728900522297
0.0957406078447993 -0.0603863198587783 -0.106083460315861 0.017082037983513
0.058196583728028 0.0548987308934408 -0.0839569318656979 -0.155566507467872
-0.0620102770761381 0.0890310782263545 0.111482398183237 -0.193412129318321
0.0630138909412744 -0.110281957743131 0.260358056599084 -0.369596741297948
0.0881753255966991 -0.125293050116563 0.0315998481723093 -0.0200501596281955
0.0829252851263315 -0.178498140867607 0.286733580586977 0.0938123228690101
-0.0258460347903748 -0.265350931621363 0.239908318377616 -0.0886650772756742
-0.17682297200428 -0.175253861226358 0.138625722537804 -0.0597254772767903
-0.214107571438 -0.0421875295142135 0.17702288992668 0.0287422440739756
-0.19536234564291 0.058938805744807 0.257038309957072 0.0251493475218194
-0.149848627382598 0.077664885255437 0.294012382585257 0.0151242583142977
-0.142270839878646 0.0935366598741721 0.282687267301809 0.007445171264994
-0.146976972570302 0.0385974600194767 0.206825436421618 0.0668161429359628
-0.149222201389537 -0.0289336854961909 0.111498688501546 0.137253691282876
-0.104509234614064 -0.15861857571098 -0.0187446308240704 0.0991862963275427
0.0372650597448202 -0.158831114219005 -0.0897974805090987 0.0221812272151168
0.0916834283423771 -0.0855400885761405 -0.111408334030701 -0.141926706043712
0.0609082772536257 -0.0587589977304956 0.067559094931346 -0.212422887769885
0.201079343394681 -0.266542117440873 0.199849460035029 -0.267684669996733
0.164140125607219 -0.332800909159417 -0.014045195726574 0.080973330886946
0.048696648015238 -0.368732319134335 0.309951030331188 0.156794391874049
-0.106759213130423 -0.381871855697878 0.257081063949045 -0.104669896984164
-0.252174139894439 -0.255164349409096 0.0923104291519291 -0.11012251609992
-0.311715246288043 -0.105627143195394 0.0894084982948645 0.0156537776736384
-0.315230941385068 0.0373788075779911 0.170215514330615 0.0433867261478024
-0.248508519483972 0.0784983320507966 0.214119298483821 0.0423849134997292
-0.237686153148631 0.0984646370656116 0.220135054964879 0.0259057168592397
-0.232345595050181 0.0190339337703257 0.165635183501726 0.0785842566592653
-0.21308395260658 -0.051962045571432 0.0884124716431853 0.136028577519344
-0.182446175656891 -0.193928140965523 -0.0217601027263203 0.105579271360795
-0.0455335192025561 -0.24942395580536 -0.0888724807306544 0.0369915700293786
0.0937846260156274 -0.234660774114209 -0.143161645686785 -0.123946683966048
0.16578215073868 -0.217322363475229 0.00647875984265935 -0.195988847145647
0.307231994303287 -0.364608067046376 0.103004977089361 -0.13528484757262
0.209307968864587 -0.471855643463247 -0.0467391012968073 0.19539583244804
-0.000823456313441008 -0.483180644642467 0.324552126478274 0.185176500305573
-0.176621591925591 -0.415582862387166 0.247949038608289 -0.138324988833719
-0.280748639318247 -0.275409437533497 0.0202742549274228 -0.169818132262719
-0.349083963050057 -0.143726454617141 -0.0246616108366253 -0.0119745744597982
-0.376705325693754 0.0112573000569729 0.0503279078972367 0.0532203582949669
-0.308483497033953 0.0667498394258674 0.100222458897662 0.0656355571130006
-0.308271505240638 0.0903635552769966 0.12607734796925 0.0477253017120181
-0.304053781402818 -0.00184778764531475 0.100181734790584 0.09436842532373
-0.274264743692669 -0.0737241532172346 0.0499354527632769 0.140683633171048
-0.262082419259254 -0.221785834308596 -0.035463908747741 0.121975515024739
-0.136872785766379 -0.329530102053209 -0.101641354238464 0.0626472544501758
0.0768135914394095 -0.375722058948073 -0.172799199363383 -0.0910076954847348
0.247367262784281 -0.360551783488532 -0.0648234750950682 -0.136773179801749
0.348324657408627 -0.402980405445504 -0.00553590102697546 -0.00211680537545144
0.194526987159505 -0.514363628338911 -0.0490581327252203 0.291263210518793
-0.0595067509888442 -0.472253386799077 0.319761423608822 0.163144296823419
-0.200348454807785 -0.343121091309126 0.205411307245265 -0.175220625691505
-0.243650666283554 -0.23480455733501 -0.0612284702501207 -0.208743939292714
-0.316876167175435 -0.148376103196841 -0.137182066477487 -0.0365855216291247
-0.372081773307088 -0.0128618874859628 -0.0775714596707265 0.0563204075638555
-0.321286042103829 0.0435824048173572 -0.0311893649044747 0.0794759057635238
-0.3400270287271 0.0631207214707949 0.00719339335314478 0.0677107412352265
-0.338618507565745 -0.0318580754102236 0.00872484929734725 0.110078254483228
-0.303378184820675 -0.0979264335002427 -0.0108960972404757 0.143085107463488
-0.308965495786893 -0.234371168822611 -0.0669944964999102 0.137597702270677
-0.205499727819382 -0.380087038892228 -0.127690467142725 0.087146579748773
0.0593286315878855 -0.479197882408201 -0.192965356923984 -0.0469709222738513
0.306653753300943 -0.456545861574979 -0.137255180253036 -0.037537822217392
0.320641524407139 -0.381055501828678 -0.0954754725515966 0.110108197273826
0.125771577575603 -0.465171253330067 -0.0235135946552687 0.339241570514884
-0.103178087445238 -0.357112677439384 0.286440711193338 0.106255297562755
-0.164992757168125 -0.201152995881503 0.141879565862573 -0.193525837194327
-0.151334288268461 -0.161863829771935 -0.124480820459735 -0.212313221367932
-0.231411776555587 -0.13409196407797 -0.218438569130281 -0.0506742094905048
-0.309134371081259 -0.034840166498923 -0.18974077380422 0.0544990455807567
-0.285326415566808 0.0101066789996449 -0.159409171489706 0.0814867577571586
-0.317014101539502 0.0170619903568886 -0.119656434160825 0.0748517428115297
-0.312555933444104 -0.0700837604797968 -0.0956913954398512 0.109959483681912
-0.26924353241762 -0.118175416770723 -0.0865501336668815 0.129785378394235
-0.290087887290811 -0.221384648666188 -0.113362740648971 0.138515511648888
-0.220669870976936 -0.384344664516498 -0.165374409913991 0.0969723243105044
0.0591902773899034 -0.513419725479324 -0.201534415986442 -0.00289107560583137
0.335383644763613 -0.475327986305722 -0.204160031010118 0.0851511274627605
0.242698159193093 -0.311598862381136 -0.148731431600094 0.187346670743377
0.0371989528181003 -0.354254369067361 0.0158732972016438 0.333070415001426
-0.119436160826422 -0.194730125102462 0.229137358987161 0.0421915783031389
-0.0945870185464114 -0.0551787778637528 0.0808563377582944 -0.182386885661876
-0.0436163422419576 -0.0915966989964608 -0.150485626960231 -0.18782503765656
-0.123085379378464 -0.111595591772798 -0.25748434598748 -0.0548259821948247
-0.207847882211838 -0.0551308318022473 -0.270039719753143 0.0459842109960841
-0.206114591868914 -0.0259686911280035 -0.265920985546439 0.070025773239879
-0.237317306022965 -0.0311678448611345 -0.229021579942583 0.0620001014276049
-0.218922462016593 -0.0942470634374109 -0.184468265976318 0.0831536052300711
-0.172329063939496 -0.108658690052067 -0.149609308071337 0.0951625373304105
-0.213714890272827 -0.158124453783046 -0.159785830718115 0.121419646059028
-0.186946358782829 -0.322433992832073 -0.211234126862445 0.0811594667272471
0.0707411343688786 -0.460710620229678 -0.199014397895111 0.0238783165698302
0.324853698248971 -0.403981308775537 -0.260832451960111 0.203766968845356
0.136774895181629 -0.201357114429535 -0.158596437409093 0.228904007405444
-0.0402009132968789 -0.215126746426756 0.056908593505022 0.296004665030043
-0.108196406360873 -0.0422020963709588 0.167886019326205 -0.00752691699429765
-0.0215858437096116 0.051940477981891 0.0409267999049007 -0.154251170908303
0.0455603010516098 -0.0366778043540656 -0.146808991631482 -0.15938152365911
-0.0183569465819653 -0.0880522992698596 -0.264267299513436 -0.0573679162672846
-0.0880143514408367 -0.0720954208961817 -0.312941947440657 0.0333157381184945
-0.0946164201964947 -0.0581758886239515 -0.329775558554441 0.0465920911910844
-0.107723778695036 -0.0676655133473266 -0.296812060049375 0.0311016854119014
-0.0761010486771556 -0.0833935644027158 -0.23166545381265 0.0369000792776867
-0.0451810614519532 -0.0495675564845031 -0.177112985400321 0.0561517894433108
-0.119465863344717 -0.0443635246661826 -0.195897447480043 0.0985547384178133
-0.133590590407873 -0.198477452960921 -0.256719544635343 0.0409828588489414
0.0652734483475515 -0.32322060934951 -0.18148392017589 0.0241190813561104
0.255707309175228 -0.258391051687464 -0.299037422198031 0.294457810542463
-0.0633405554384376 0.0869299635844587 0.241519106739689 -0.429181453511635
0.0287627745640137 0.100341329907798 0.0698114230862455 -0.0909943684479003
0.116460966260601 0.0178946594254137 0.248946064790888 -0.0067020400308211
0.0415538149503513 -0.117719352952459 0.193226364854669 -0.105371289607202
-0.0792374852767948 -0.057955979522357 0.150974796169753 -0.0445702150348657
-0.0723509464938243 0.0331998352443427 0.220465368047382 0.00386268042860281
-0.0332872947205149 0.066960395448759 0.290035971460557 -0.0176041519636887
-0.0225395011323638 0.0662990285133186 0.327256978193056 -0.0341479015144999
-0.0252854824380302 0.0822095872005292 0.305939368649398 -0.0268594282822973
-0.0530365670802076 0.0637204558969392 0.235302890084242 0.0462614430511041
-0.0918342638365575 0.00545131132137752 0.141775305277155 0.13442233979098
-0.050090849487487 -0.109628445176748 -0.0121484393317548 0.110975220255458
0.0913898439984227 -0.0689655400800159 -0.104487567579661 0.025002376083695
0.0598108209116753 0.0503071706504846 -0.0892649902628788 -0.147840535048043
-0.0525470461087611 0.0933388334906417 0.099186263943343 -0.196315122065732
0.0554458870796879 -0.108300049467416 0.232849112413096 -0.377229116453781
0.0799575350332647 -0.127119417356357 0.0307991331687116 -0.0178602948295495
0.0732058600124901 -0.182458419847789 0.288112589170451 0.0733931664862872
-0.0439009171761881 -0.261154618867183 0.227685870406199 -0.102252331120915
-0.186477785469111 -0.160920174187 0.129570732029833 -0.0633734587773466
-0.213519615562377 -0.0258454120488768 0.177750621927597 0.0199568824681182
-0.186666997701218 0.0694377745861402 0.25409401652348 0.0136738531404566
-0.141629117280913 0.0852725989062392 0.294398476800941 -0.00361305900048443
-0.132026755561762 0.100331825444787 0.279375340689075 -0.00885956570774353
-0.14113869914691 0.0468081871727612 0.20810510769849 0.0562247247991085
-0.148396983680034 -0.0200552016623077 0.117803708086662 0.130313331697135
-0.114616193971705 -0.148747837036792 -0.0140134618867462 0.100693072716698
0.0275541748041835 -0.161294216545386 -0.0889480507943697 0.0272103951073407
0.084489163011949 -0.0899360096981236 -0.115843245099841 -0.133528772769861
0.0584758176464916 -0.0604683380817767 0.0539224518978896 -0.213194948127747
0.181665065641092 -0.271027098771677 0.179909192680825 -0.27313362314055
0.142089517040659 -0.336212951301201 -0.00751296756438483 0.0847195383959738
0.0262029098690776 -0.367777064232656 0.316423682543519 0.136518639602709
-0.129777171195559 -0.371431733666145 0.24324752914261 -0.118690754108531
-0.265314705915428 -0.237035233168489 0.0800225955338435 -0.109544180019928
-0.314182099965784 -0.0829609647682847 0.0913051596351404 0.0136176447539607
-0.305697700895695 0.0565302562633431 0.168797142582805 0.0379820761177357
-0.238581034527483 0.0926595957750299 0.217502275526527 0.0286827712016157
-0.22673517096344 0.111260923693393 0.219772358093786 0.0124653395443117
-0.226737633035593 0.0328483984352077 0.168499491764521 0.0700601858995921
-0.212121587429531 -0.0397868492485769 0.0948882586549753 0.131307985354452
-0.192192513557468 -0.17909612334029 -0.0176372450712884 0.106556096970938
-0.0592778102431499 -0.245488063658439 -0.0876842789981817 0.0414700955349989
0.0776832828841212 -0.236798507408145 -0.146030802434328 -0.114002795637977
0.151473720030341 -0.224013286866014 -0.00601477819764957 -0.19333615681653
0.279158362652243 -0.37556542594908 0.0910828465936236 -0.138713709170331
0.177228442703748 -0.477748503497096 -0.0325944505504151 0.199469323106646
-0.0302084041953598 -0.476392559607505 0.332609926927795 0.163616244738365
-0.198092156009412 -0.400472694179478 0.232043917285689 -0.151648119104128
-0.294369353894842 -0.257432555005182 0.00576934848592778 -0.163686116104864
-0.354359619073898 -0.118016162319724 -0.0231297676636731 -0.00688522545557685
-0.369977544576315 0.0345338195015115 0.0513647800077483 0.0548275473109895
-0.299748381255736 0.0850754375554166 0.106481537007968 0.0582677894134583
-0.297726457387853 0.107403507309081 0.128252405083219 0.0396050101114635
-0.30010272688762 0.0172381888842295 0.104773341377692 0.0896972895558364
-0.275009479976602 -0.058828829940041 0.057098386539474 0.138830672690894
-0.272033719692092 -0.202798212477451 -0.0304990155627377 0.123647313034669
-0.153533064588398 -0.31747921554046 -0.0985917311574633 0.0667567075998246
0.052066828373798 -0.374363503376016 -0.173848276805821 -0.0803972212736051
0.221914054574162 -0.370950710556643 -0.0725475944761206 -0.130852198081655
0.318072164520261 -0.415596109676226 -0.0084055388157558 -0.00111624837430078
0.159242758630259 -0.518649472814224 -0.0287169945103463 0.292709578893389
-0.0864873905249911 -0.462661219752414 0.32608307549958 0.142882980416654
-0.217266904099775 -0.327004428089938 0.188208122465828 -0.186190100334694
-0.255130872482753 -0.219984193706129 -0.0766546667055007 -0.197006436406216
-0.323849182544976 -0.126668032181573 -0.134817675516588 -0.0251226984338575
-0.366877410161902 0.0101462690559535 -0.074114219710488 0.0647638827015712
-0.314898512799611 0.0621787381686038 -0.0221238377074319 0.0805311541257195
-0.331395001174594 0.0825474983069442 0.0122158068410976 0.0659677221765061
-0.337179672770424 -0.0113638867069562 0.0158844307952742 0.109862023469627
-0.305026786494409 -0.0820981483342637 -0.00303347613831078 0.144836916302831
-0.316495750314642 -0.213031765973902 -0.0602333499250516 0.139687233251152
-0.223856378418538 -0.363770563521946 -0.12282926028208 0.092587286296635
0.0286708178527257 -0.475118360039017 -0.191279400322134 -0.0356945585813768
0.270929843503124 -0.47004737042843 -0.137400987395267 -0.0285126479066904
0.292973972901055 -0.393911385785337 -0.0911214180059355 0.11436712061597
0.0952937776573441 -0.465509850101049 -0.00103123643264274 0.337757740255183
-0.12254144471051 -0.343929486968986 0.289457101395718 0.0879057742794281
-0.173052871055586 -0.188498435313757 0.125477486394266 -0.199771977262009
-0.159818892865142 -0.154732358828833 -0.13732531059381 -0.197530134560191
-0.239130608660001 -0.119372700219066 -0.215419363126757 -0.0343718796313404
-0.306513887483783 -0.015884732996027 -0.184658006663382 0.0678122708222494
-0.282452748581272 0.0275826779152316 -0.150018492282616 0.0903342048612409
-0.313263161781078 0.0372372998411574 -0.112477605328846 0.0810790901720808
-0.314519026529251 -0.050233063087483 -0.0873595295329192 0.11474478065194
-0.27278383532827 -0.104555847693819 -0.0788127514771549 0.135579141674891
-0.298511614049474 -0.200888036976654 -0.104696520062367 0.143652810968932
-0.238836246745633 -0.365109887976631 -0.159600784707928 0.10451876551581
0.0268062347475859 -0.508078179153585 -0.198105830451486 0.00755619327158848
0.29829301718916 -0.488729278602801 -0.195741981558426 0.0951669564443282
0.219047849768155 -0.32115021980437 -0.138632041276684 0.193412938573405
0.0126089604850352 -0.350456096563347 0.0379617736802883 0.328481204707027
-0.129108440887963 -0.184082477822877 0.229119896983265 0.0283563874642822
-0.093756753332504 -0.0493580387811926 0.0668983253151827 -0.18505539658934
-0.0494560521192658 -0.0922223782487396 -0.160325158462797 -0.174212020259605
-0.131017831919023 -0.10483280791162 -0.25542764764231 -0.037942168119556
-0.209281603302037 -0.0417523488812236 -0.263354802012754 0.063285594206582
-0.206561905942359 -0.0130928614400943 -0.256782068896944 0.0859447686322903
-0.237983001797817 -0.0161425352016341 -0.222094262569564 0.0751691170065796
-0.223625567000296 -0.080194145249452 -0.176580615563298 0.0922761732873057
-0.176839394033648 -0.0999321865615047 -0.142527077433696 0.104555584070018
-0.218072501357593 -0.142459685966527 -0.151273874571522 0.12904842224185
-0.203192778174472 -0.305395539839444 -0.20520645105934 0.0932248416535889
0.0398443455891938 -0.457552548692337 -0.195726192082978 0.0344222053073757
0.290701317072291 -0.420169573486273 -0.243984068856565 0.215780718886238
0.122080313800349 -0.207556629501132 -0.146418380366339 0.234157032180958
-0.0548352873118073 -0.209197509396189 0.075769928881626 0.288943500736482
-0.108097399405199 -0.0342487058121047 0.165346872567085 -0.0164182729500141
-0.0147904572850583 0.0516313101325039 0.0300901574773266 -0.155172570771277
0.0418750437370309 -0.043431844716289 -0.153637847331623 -0.148099905634759
-0.025894405808875 -0.0881432873214082 -0.262740620298359 -0.0417915914536108
-0.0921795365104082 -0.0653523008191916 -0.306196766035213 0.0510367040255553
-0.0992570663649292 -0.0510297812170272 -0.324171561759409 0.0669859481190312
-0.112700805501302 -0.059805573281653 -0.291803343579568 0.0484807758531249
-0.0821977577720502 -0.0787071925167662 -0.226236311699634 0.0482435134458555
-0.0473812287364224 -0.0487582284514146 -0.171213635361947 0.0658235706668254
-0.117577130786489 -0.0357946632146813 -0.186846953633985 0.108083780626208
-0.14323088494053 -0.186210287111986 -0.252229730878236 0.0576243192168994
0.0426470061496021 -0.322134130149138 -0.179387730179929 0.0330746466136929
0.232623100787661 -0.273720532430588 -0.274943356117202 0.307021524788072
-0.057520331677552 0.0891115108135379 0.215763657145128 -0.417781570198292
0.0321569400370829 0.0977709641237206 0.0643557767808622 -0.0873075785006357
0.114263690609068 0.0109819504379582 0.240736539905183 -0.0165500112666697
0.0329100883261967 -0.115374118326158 0.180767786922607 -0.108097817909978
-0.0786686471024803 -0.0508219894331877 0.141869235932732 -0.0458029371798726
-0.0667512004480949 0.0373703015277565 0.213872520013517 -0.00298419560482288
-0.0279682247861867 0.065641184685288 0.280707268463599 -0.0249566933173081
-0.0173457476173186 0.0643943427934761 0.316143081905052 -0.0457918823669092
-0.0188864656228006 0.0803299507422593 0.294106443206443 -0.036885885466107
-0.0463489139421756 0.0630949051591849 0.2282342826284 0.0381338900399317
-0.0873174909132439 0.00984428767898787 0.14147834980208 0.124928426281594
-0.0545102906068725 -0.102771854826157 -0.009431282887031 0.109430204747457
0.0843035709841815 -0.0734203022181604 -0.0998951121996954 0.0296521619606516
0.0590479552264418 0.0460958880774015 -0.0896367698024179 -0.140172060707768
-0.0434472581293086 0.0933925785793006 0.0893558452774472 -0.192129723999475
0.0497665870070102 -0.102816415303489 0.208749451482739 -0.369580594181558
0.0730083842198589 -0.123911377290459 0.0302831661414199 -0.0147479810280903
0.064560232510785 -0.181579733670016 0.28162434948331 0.0602794608644294
-0.0541430595785713 -0.251650934924473 0.212537628104612 -0.106328134007248
-0.186501788351467 -0.148742540366334 0.119960448570964 -0.0617769306389249
-0.206261634198676 -0.0139098943704833 0.173712752712081 0.014976498151791
-0.176283368834953 0.0742290555137171 0.246743576948038 0.00838845251893202
-0.131719833250858 0.0877635778723341 0.285903360673469 -0.0149936010731223
-0.121476510639301 0.101276534554678 0.268779676571204 -0.0192959068861438
-0.132811488426416 0.0500589059673915 0.203917063047169 0.0499673471660467
-0.143174410458494 -0.0135793735460592 0.118786328023864 0.122815016680072
-0.117924273166035 -0.13797754244531 -0.0119217742476549 0.100011696112019
0.0204731724522314 -0.159314793071307 -0.0860795807067332 0.0304947378694126
0.077379731022641 -0.0905373377012207 -0.115109640851689 -0.125682512871864
0.0569233414811897 -0.0598778410605571 0.044411364316081 -0.206244913267694
0.165257784005114 -0.264654909474846 0.161332506150248 -0.268441723798778
0.124338776569654 -0.328049940502282 -0.00249404556390271 0.0851939183179999
0.0129918462013096 -0.3590632179775 0.312234521536543 0.119658147820762
-0.140435877837639 -0.354493552936967 0.226593142032139 -0.123338818725154
-0.266251227707611 -0.219773722036163 0.0701103486272705 -0.103691118872777
-0.307675319452023 -0.0659624358480781 0.090555458178771 0.0125308258195084
-0.291253940417649 0.0662168533015685 0.165160666512865 0.0363430573152738
-0.225987191750254 0.0987756776327373 0.214120653449213 0.018745715568352
-0.21275564247606 0.114951856131675 0.212923316794146 0.00378332240464265
-0.217277928780275 0.0399517802099899 0.165704388463319 0.0639876415013288
-0.206475740158782 -0.0317565088959276 0.0967685877310094 0.126219851428445
-0.19363686413815 -0.164799548281344 -0.0148561971004854 0.105426253150468
-0.0656575385319736 -0.236860586048197 -0.0848529371741197 0.0435404019116744
0.0651760460513917 -0.2313720355618 -0.143797870090155 -0.105232075815634
0.137804352220297 -0.221712529713886 -0.0130699200177845 -0.185482563224299
0.256149406989985 -0.370522702327478 0.0808777601383838 -0.135702074951606
0.153969436352267 -0.465601968395328 -0.0219629383768482 0.196562718641109
-0.0471103553822732 -0.458962033819153 0.329244880766847 0.145442351878883
-0.207836319580156 -0.380075181240798 0.215090315778582 -0.154872000561293
-0.294715161044757 -0.239899718252731 -0.00361864692149686 -0.152602061703545
-0.348065413789145 -0.0989267778811168 -0.0196615671792598 -0.00241025371844078
-0.353913997773619 0.0473442594871357 0.0519750932122512 0.0570902553717645
-0.286428771097911 0.0940327458491922 0.108538289900739 0.0514970464599
-0.282768031569572 0.11451702413982 0.125606978412395 0.0329351441424883
-0.288651875703116 0.0274484057870275 0.105507696928791 0.0847493844971737
-0.268177745383243 -0.0489916256845096 0.0615497284721215 0.135262717068155
-0.2702071370928 -0.18544924076267 -0.0264141991991261 0.121897648570565
-0.159404057202556 -0.301800153922178 -0.0950649908918863 0.0678169727439864
0.0345709554339367 -0.362258955486425 -0.168538634425821 -0.0719260053259142
0.19781110272423 -0.367337202367083 -0.0750826221685041 -0.12231090028317
0.290353724048183 -0.410971695713701 -0.0105302591972968 0.000309687388122713
0.133018828775959 -0.505540984412259 -0.0151003020564585 0.286812148815681
-0.101057411576321 -0.442487581319429 0.322706131216285 0.125655854110763
-0.222400415036332 -0.307805475304753 0.171334433946189 -0.186018346228958
-0.255905868429198 -0.205409201165491 -0.08309319202499 -0.18240344869174
-0.320300307263 -0.109390804037961 -0.127805559229513 -0.0160422334033095
-0.353097626314251 0.0236410710895042 -0.0689181565101125 0.0707265204489756
-0.301880616326867 0.0731157281050651 -0.0152718143315394 0.0777542844110592
-0.317415341957644 0.0927559810454759 0.0146433056046478 0.0626656642926731
-0.327065649521033 0.00212696928701477 0.0200066495574302 0.106876405833646
-0.299710288144859 -0.0710579555167825 0.00327413082169966 0.144044097507287
-0.314665216530462 -0.193809041084264 -0.0544131729892823 0.138644744603996
-0.228407624050853 -0.342685583116127 -0.117303102651413 0.0932218257572279
0.00778074378549025 -0.459201547030457 -0.185491019898713 -0.0285519927377541
0.241119708287761 -0.464071083283119 -0.133239972293985 -0.0221096536404505
0.267129799353942 -0.391247699073242 -0.0863115646456689 0.114424611365328
0.0705722726656099 -0.452238332594527 0.0141359959559907 0.328014835473046
-0.132600805077095 -0.327583149608073 0.284056034674323 0.074668196873003
-0.17338548707712 -0.175836405628431 0.110609106955483 -0.19690020451263
-0.161000741347326 -0.147955253919232 -0.14090242194988 -0.180973521986057
-0.238577999962078 -0.10671652765506 -0.207026859355768 -0.0229459633969871
-0.297212738052332 -0.00388378770625166 -0.174769885288673 0.0766676347527162
-0.272137319981291 0.038616207424612 -0.139438360909447 0.0920711813870547
-0.302405132806437 0.0485136627795565 -0.105272454660602 0.0823787907099621
-0.306803580456153 -0.0363693126426612 -0.0790231461417448 0.114576686171925
-0.268894317906275 -0.0937826260206057 -0.0705877709683213 0.137220460620264
-0.293896540640293 -0.181742621011378 -0.0972268168968674 0.142625955079574
-0.242676081136552 -0.344458380322364 -0.152330088077855 0.106800400135612
0.00544463325408424 -0.491767956870462 -0.191225021713551 0.0136047517113478
0.265917992601929 -0.484038371668418 -0.184364314558186 0.0985894800419624
0.197832525967357 -0.318286020194616 -0.129638278153022 0.192871214345273
-0.00295537258843324 -0.337709554253383 0.0514292279108735 0.316655965180863
-0.131079583823976 -0.172006420100722 0.222394896307422 0.0191662745232962
-0.0908039030389718 -0.0450079510256069 0.0555186686730658 -0.180497010442063
-0.0527464920421788 -0.091105126636733 -0.161379386889095 -0.159178835584052
-0.133900250603971 -0.0981754483193816 -0.245564668810693 -0.0257382523628701
-0.204766729594461 -0.0317183192895965 -0.25160764572646 0.0733110003171052
-0.202390643087271 -0.00422049681856756 -0.24372912925991 0.0934095805552407
-0.232650573860497 -0.00544360480814883 -0.211780509950727 0.0805785358477058
-0.220867417136866 -0.069266194776241 -0.166637559172467 0.0953330786204994
-0.175179412551597 -0.0931631524310909 -0.133947014697383 0.107702096335276
-0.213656906004839 -0.129364001051001 -0.14187239662565 0.129775085821176
-0.205118256916934 -0.285333214651296 -0.196712965174629 0.0975976181577197
0.0203076442244237 -0.442304213646428 -0.188265102577795 0.0386324530286366
0.259985692188376 -0.416084157197851 -0.22546113003926 0.216141713286959
0.109086155502636 -0.204586881387243 -0.135892573834924 0.231312946697762
-0.0628215472581041 -0.198632773131621 0.08702695472556 0.276290313220751
-0.105190038035366 -0.0281855582189949 0.15865875021579 -0.0212633323709581
-0.0103724768746896 0.0496548854031115 0.0221388600763304 -0.150781587159135
0.0368456334808362 -0.0469686915926292 -0.152718422795741 -0.13623864528012
-0.0312704353522392 -0.0864580422509 -0.25378561477786 -0.0315080624085222
-0.0934644126947994 -0.0593124890904892 -0.294305973925688 0.0613929761620685
-0.100520664110593 -0.0450178308049841 -0.310626892720426 0.0779378668717565
-0.113719885529482 -0.0533214171118847 -0.281355736344928 0.0579424761741783
-0.0842439262914331 -0.0736319326231441 -0.216004529426817 0.0535558608853718
-0.0477536141928901 -0.048267043784966 -0.162505565545829 0.0695237080497643
-0.11212174752077 -0.0290588710359868 -0.175969377503547 0.110670425559184
-0.14404398150812 -0.173295096953535 -0.242838745995679 0.0664135111226026
0.0272169843319251 -0.311509031712603 -0.173288061564181 0.0374859246425886
0.210190059838255 -0.273760371919751 -0.251210483405188 0.304100353299916
-0.053970575476781 0.0911406580548287 0.204082850629646 -0.404687822795732
0.0327151938989904 0.0966392720737014 0.0625916496484469 -0.0821573268878905
0.111397034631377 0.00719753513503239 0.233284491481559 -0.019263742554876
0.0284803088313765 -0.112905403400796 0.172939636136121 -0.106473539914793
-0.0773950372985686 -0.0468613958383712 0.135820812540489 -0.0431684373153124
-0.0621180930528008 0.0386454408188922 0.208034353639666 -0.0039933505606008
-0.024591576838732 0.0633832304974457 0.273731855988312 -0.023936015172603
-0.0143196333275306 0.062011115408255 0.307617055022425 -0.0470776590418194
-0.0146109616846667 0.0770132253609037 0.283463106815904 -0.0372071990733686
-0.0422290475672033 0.0610999272072269 0.221808305316657 0.0368830082619683
-0.0840761739528238 0.0121352748408897 0.138578128095514 0.12015536083408
-0.0556201090756088 -0.0975205035985987 -0.0087613528743258 0.108671352735722
0.0802440453460126 -0.0758154247965174 -0.096881072918736 0.0318025900005041
0.0573679233144001 0.0442199237249026 -0.086838874785829 -0.136356756019544
-0.0372803856669664 0.0910006008208322 0.0849515032100357 -0.185366597476354
0.0483929155882879 -0.096219482713159 0.1982996942518 -0.358249365464991
0.0700786769412145 -0.118420277708929 0.0306933629512398 -0.0113240604359211
0.0609307346666529 -0.17793585804115 0.276190247879193 0.0546543346529556
-0.0570356228556912 -0.243784948019694 0.202906673994284 -0.105341154138045
-0.184004395628249 -0.141934509884388 0.113844581198122 -0.0565698705165486
-0.199029100869991 -0.00927154403345114 0.170954868530737 0.0149854367967213
-0.167745509037575 0.0737364544221559 0.242136685813491 0.010228609886236
-0.125413309759877 0.0865008022760597 0.279870206309606 -0.0178818913880134
-0.114902191744485 0.098956608518743 0.260336370500934 -0.0201871084135018
-0.127093517232354 0.0492657827812604 0.198581635715045 0.0490033604363943
-0.13891432474718 -0.0116852515996365 0.117230449515001 0.120026996544425
-0.116779163718806 -0.13131407989627 -0.0116822444125381 0.0991942719620561
0.0172928333137051 -0.15764972177147 -0.0838279651073502 0.031585008455078
0.0730822361483365 -0.0880408225001301 -0.110545860919078 -0.121566183671695
0.0561018066769984 -0.0588150477788123 0.0409806758391786 -0.199101142416861
0.158130770822489 -0.254619581465369 0.151805727923423 -0.25916971752441
0.118305964977496 -0.317708578576876 -0.000520528303680344 0.0859250429994016
0.00768266622304376 -0.348662456623652 0.306775229815296 0.112725252786053
-0.142061709232773 -0.343120049544505 0.215870339379603 -0.121841046315657
-0.261429091177202 -0.212009516243933 0.0642967778691608 -0.0956118098824309
-0.299547298347802 -0.0590031694865402 0.0904075947172735 0.0140249751882533
-0.28128136963408 0.0671196885259592 0.162760308851673 0.039318105979782
-0.217033072915003 0.0980622994272851 0.211036095624559 0.015038782472826
-0.203827939485008 0.11390093890133 0.207086057892063 0.00181694321549845
-0.209312179277177 0.040900784739428 0.16268165104126 0.0629362368047623
-0.20135641711744 -0.0297687815799223 0.0961827317983383 0.124942018235072
-0.190050134139065 -0.157117865349039 -0.0149026750220159 0.104749396465075
-0.0669407941830258 -0.231260179686547 -0.0835424856025544 0.0435407614942445
0.0599209107441703 -0.225137214386816 -0.139174260026652 -0.101936990351361
0.132029144103997 -0.216578082828944 -0.0140053306561178 -0.177872015000149
0.243370445773891 -0.357801474809279 0.0742356971698252 -0.130484681352124
0.143486235112651 -0.451080030389336 -0.0176220208996377 0.194143784080284
-0.0505121519305478 -0.443727324677416 0.324562030836581 0.138196940863213
-0.207062062705606 -0.367297699620333 0.204163532654014 -0.151706685778138
-0.290574250878997 -0.233003456780579 -0.00737401867200893 -0.142061512059574
-0.341140234561258 -0.0904315698024601 -0.0156055591187271 0.000809366716348287
-0.341938774527389 0.0492664315511466 0.053172232580218 0.0613216954257742
-0.275668555231695 0.0945717996737557 0.108509366090906 0.0474915875280601
-0.272066874677065 0.11402616062745 0.122748280581984 0.0302931435085551
-0.28017213711488 0.0289665820076229 0.104603789139588 0.0834620932675146
-0.262522493631658 -0.0474088940286927 0.0613734441983595 0.134519093701572
-0.264588508349557 -0.175520750354313 -0.0261229577988936 0.120790513143833
-0.157555229312451 -0.292659907961594 -0.0934800361753091 0.0661687421004311
0.0285946700886269 -0.350361494156588 -0.163202000253309 -0.0698893682562702
0.186467748070001 -0.358146070918855 -0.0736064295744186 -0.11698558112291
0.276382779781584 -0.399925286467743 -0.0132048974033707 0.00181176387661715
0.122440240395828 -0.489712460252261 -0.00916669748454873 0.280743512346697
-0.103445707825015 -0.426984402288443 0.317266103077553 0.118599000554182
-0.219237078907002 -0.296594459389061 0.161624041278334 -0.181491597106755
-0.25283729682942 -0.200344774213219 -0.0840567829094951 -0.169804742903738
-0.313792300499585 -0.103292867844563 -0.121269482590078 -0.0111117188115959
-0.342153623733081 0.0266628232538951 -0.0641379777467729 0.0755541305339091
-0.291983553609784 0.0749666922557534 -0.0115347905274803 0.0751921308289978
-0.307184902772817 0.0930154790941742 0.0157447660643488 0.0605516123080245
-0.317790890303066 0.00479806539162258 0.0216246768002539 0.105076322967657
-0.293234565543586 -0.0687316337182535 0.0051940800780064 0.143275980350876
-0.306406854649226 -0.184277816073832 -0.0529381869697625 0.137019005614922
-0.224326944204428 -0.330600158660206 -0.114462919944678 0.0909981663065224
0.0023101581136357 -0.443975757070687 -0.179306169693964 -0.0274021006565623
0.22552778073068 -0.452531616988421 -0.129133135192416 -0.0195054989726041
0.253909779623952 -0.380654586545658 -0.085651231517904 0.11270789707691
0.0627617363790762 -0.437645950429187 0.0196966226216011 0.319578832428793
-0.132057893676147 -0.314790031488735 0.278777243507464 0.0700620409701269
-0.168597721609055 -0.169213421269725 0.102854026006419 -0.19149957800896
-0.160483901898765 -0.145421761587498 -0.138535479190369 -0.170007949473852
-0.235196126271181 -0.101773378005757 -0.197916741802948 -0.018397186488368
-0.288279721040912 -0.000586064346171984 -0.167405933124778 0.0811801048887555
-0.264908871928722 0.0396843151129159 -0.132664497941183 0.0915142137452784
-0.293605088022446 0.0510065985499038 -0.100984158260486 0.0801574768979885
-0.299333587956327 -0.0326047419075717 -0.0750835713814877 0.113032398757902
-0.264076899966234 -0.0914895566047593 -0.0663152295000039 0.137218547307736
-0.285339883183574 -0.173399171626963 -0.0941569708788435 0.139966389369331
-0.238282736665083 -0.331088741337694 -0.148137233457703 0.104632282932227
-0.00063475280658365 -0.475576963445366 -0.184897294972646 0.0137288441226283
0.248138403219764 -0.471340971072619 -0.176636335351122 0.0976335281865615
0.188492838061551 -0.310213230445334 -0.127593000517916 0.189240155857267
-0.00857969368270866 -0.326448777567714 0.0555869867711757 0.306801284595145
-0.129063404336343 -0.163713757829731 0.217400393400098 0.0167539173936621
-0.0868996157329265 -0.0436733049748458 0.0507931992041802 -0.175253878673585
-0.0541928482904035 -0.0918730427944161 -0.157168669969549 -0.150533219036519
-0.134156366337612 -0.0954972951658995 -0.236266544815449 -0.0224148036735642
-0.199931588989783 -0.0288757149523312 -0.241928766494355 0.0765446475369839
-0.197998201709828 -0.0013636018005069 -0.23452618150424 0.0936799964793485
-0.227061202307107 -0.00270231262801773 -0.204894386974521 0.0801483999148588
-0.216507872524711 -0.0654869221153253 -0.160744402086086 0.0934793540090362
-0.17265251485718 -0.0918990816208333 -0.128262237863845 0.107720140623214
-0.206694139959417 -0.122989984907168 -0.13674853452995 0.127521276858129
-0.200268441111497 -0.275256352045839 -0.19100992852596 0.0974943142637545
0.012571371188049 -0.427178861764899 -0.182166551619011 0.0382445481483869
0.244900260841293 -0.407506271207317 -0.215558922434064 0.210864865253385
0.102442251803114 -0.200298398786133 -0.132709120819674 0.225592610792675
-0.065715231465794 -0.191573302110255 0.0889391926906039 0.267073615143111
-0.101921059384179 -0.0258386578799875 0.154795290317599 -0.0213041923362595
-0.00732642317677227 0.0470776050754797 0.0192261311297419 -0.146451707771833
0.033150259735747 -0.0492722192610771 -0.148914552280381 -0.130425151526263
-0.0343714336846818 -0.0861774946361703 -0.245424677065175 -0.0280721052340074
-0.0925846418702781 -0.0563358801629347 -0.284545138421516 0.0637774121465499
-0.100126665883098 -0.0417881223257355 -0.301408239827805 0.0803362670838365
-0.113185341054574 -0.0499360936791513 -0.273395193395827 0.0582937247337416
-0.0839107617298451 -0.071490412673828 -0.209517984247635 0.0520904075047533
-0.0471576640526923 -0.0492749949012756 -0.157325557368625 0.0690746083587161
-0.106942013310326 -0.0264900374427444 -0.168601793453026 0.108775692163846
-0.141532997355494 -0.165094037832271 -0.23582578513157 0.068414016743516
0.0211846889913434 -0.301340638140028 -0.168730359090195 0.0361643314240127
0.197839106450221 -0.268907707979263 -0.238891450631535 0.29633731312443
-0.0315546435003134 0.0969344767371628 0.123618044096961 -0.442884944610276
0.0504019044457317 0.0871679439700676 0.0463523385627984 -0.0867207326518905
0.106897491755102 -0.0176756365409376 0.235295975505979 -0.0551448978826322
0.00181328241662701 -0.114430610389999 0.161564390605911 -0.138043409601309
-0.0820145324684081 -0.031092833283098 0.125742437361637 -0.0709380104226352
-0.0490525034052504 0.0469207505506677 0.202654856959745 -0.0406448099405394
-0.00747038042919143 0.0627464243369999 0.262112742085404 -0.0694289875848979
-0.000684746828091324 0.0598920443136404 0.294620991932465 -0.102355714911042
0.0041377071674325 0.0746999365679677 0.276800516488038 -0.088794905340028
-0.0260704973660442 0.0666508191897928 0.230000878003394 -0.00513056366026259
-0.0753701571329934 0.0282237304654361 0.162387620369904 0.0924297593889265
-0.0732958664590484 -0.0803438241134732 0.0152240995852787 0.111837840796073
0.0592721505177158 -0.089324785156348 -0.0877674938880786 0.0560023913703586
0.0652201455434363 0.0301615891835452 -0.118338541038999 -0.120640321582596
-0.0141802919500749 0.0935746462824247 0.051714642987415 -0.204683743732254
0.032440297122685 -0.0959637406837523 0.137898973278628 -0.398546423618202
0.0466059566979054 -0.123903015245221 0.0374145032372772 -0.0142720929142859
0.0255185425388034 -0.182653895988026 0.301603011380109 -0.00203993956776202
-0.104462961472318 -0.221613282784943 0.198294273379831 -0.152594365853514
-0.20270167247127 -0.102858431658983 0.101259958892464 -0.089045855264635
-0.190489021908614 0.0251699325269709 0.168147890016313 -0.0234585788206396
-0.14164575166864 0.100772203426063 0.234337234918961 -0.0394530063496312
-0.103297010387117 0.101643245229563 0.27266617278648 -0.0694350207373822
-0.0883567573366313 0.112370177934651 0.258937935339491 -0.0688023968721985
-0.110400873421366 0.0700229087741118 0.21230883417614 0.010584285562602
-0.131854293653033 0.013827890441391 0.142038507817905 0.0970192147216764
-0.136204801940941 -0.102391522152864 0.0110323138126133 0.102233149262447
-0.0150409605661465 -0.155280520367402 -0.0712251421439524 0.0515457450714357
0.0539184569560922 -0.101495785617415 -0.13595437471903 -0.0940390975253019
0.04737865911894 -0.0706665877918109 0.00519776368018251 -0.200097944978684
0.10791820520983 -0.263598639602768 0.120896189551275 -0.292111833633886
0.0548473558502703 -0.321919226653679 0.0334535000333908 0.0858685950974013
-0.0565097442984871 -0.332161707603059 0.352188655912763 0.0381214617144401
-0.203787178799579 -0.299236182955679 0.212339862217281 -0.180841208656395
-0.291427026097741 -0.155662421039864 0.0445640874868122 -0.125517740740985
-0.297477343050208 -0.00319584541158167 0.0878334822818689 -0.0166591703708881
-0.250811580194795 0.117532616613102 0.160515897799863 -0.00508781690806505
-0.19044811382994 0.128618053669626 0.21071004503281 -0.0257978102393838
-0.172185419953804 0.142745450402506 0.210311443447826 -0.0376974738184198
-0.192537635557904 0.0761828837120556 0.181036925070751 0.0300304001675917
-0.1950303461628 0.00562819929014042 0.122908794560407 0.105593905175265
-0.210538829136528 -0.114274138702096 0.0102678250546348 0.107354113301705
-0.106724486088715 -0.209313098974271 -0.0652871993964293 0.0600416971699237
0.0145104751643946 -0.2307891300426 -0.155164862169063 -0.0634377901889345
0.0891453080269216 -0.238398850726766 -0.0456357263402063 -0.159062407178809
0.169285106414454 -0.377196406719805 0.0747881533075129 -0.148474509132759
0.0537582610860599 -0.453180405702655 0.0422403433156049 0.194671880309166
-0.129752760161568 -0.410566786129543 0.377471589662247 0.052380635587621
-0.269993789941546 -0.308150421951021 0.195395587604222 -0.213908894724929
-0.323650976847078 -0.170377945725281 -0.0354119426326791 -0.160752221992009
-0.343886778187173 -0.0259544241819181 -0.0196905765301355 -0.0131640578253857
-0.313799336599138 0.113717770940634 0.0571029556000311 0.0302287562799056
-0.248236183256951 0.135420406680798 0.116699452664641 0.0241643117929422
-0.238791710242892 0.155400282237008 0.132961311235692 0.00600511522641745
-0.263462721889421 0.0774477694429235 0.127761172609394 0.0601945360313629
-0.256432875787933 -0.000696600150895722 0.091565357713709 0.121108583778131
-0.284873869355949 -0.120363637568744 0.00263666727582211 0.123503604363092
-0.203019667026807 -0.25082302362436 -0.0677831489644422 0.0817511693387603
-0.0403307268147155 -0.348192117142522 -0.167667533019357 -0.0211881859104071
0.115367589663553 -0.386082451662559 -0.0915823713518801 -0.0794167442765992
0.19191898351196 -0.421870889365074 0.0141539092615067 0.00118040240138422
0.0251031097817759 -0.486800607168372 0.0679481883257749 0.278238405394362
-0.1775680926351 -0.383630232540318 0.364122687641142 0.0318856460382188
-0.26620441750364 -0.239450623879976 0.142405714016955 -0.234645989731053
-0.282867810695611 -0.146923468245461 -0.116244068504865 -0.171565332978061
-0.321394867394986 -0.0405600565626208 -0.124996150710432 -0.00676525863011025
-0.319890213515112 0.0929651658818344 -0.0536858631291644 0.0629837085264671
-0.268746305340102 0.119719218125554 0.00371625600423613 0.0728640346149864
-0.27646515476858 0.14194899566044 0.0314797124428987 0.0561077548670147
-0.305735153864197 0.0601560145306506 0.0498518626078425 0.0969590625372936
-0.290533223121366 -0.0165008029567571 0.0375886083336238 0.140027727582292
-0.325903996875789 -0.120800292650364 -0.020551442607005 0.142953747333136
-0.272873207621878 -0.27500232692409 -0.082418622809242 0.10765789714134
-0.0845315310421758 -0.431045425223759 -0.170990441340054 0.027641005368979
0.132687201882732 -0.483533697482635 -0.127870882527682 0.0334988924914403
0.171782907475568 -0.400575658814625 -0.0406830206915575 0.127689865003739
-0.022366818992917 -0.426342103232872 0.100094845425527 0.309427439193074
-0.182077295063863 -0.27171180015998 0.307429016268498 -0.00523280867222357
-0.193617574703973 -0.129104439076729 0.074515728130895 -0.225924384954864
-0.185192925053643 -0.11079365544662 -0.168211970941947 -0.155265913054372
-0.247499258778344 -0.0531246884152888 -0.199992958304729 0.00287729030397887
-0.275754866102664 0.0577505095528017 -0.151533517458423 0.0887104680319103
-0.249874007774217 0.0834111205283771 -0.111979119819052 0.11140617636667
-0.272899333801031 0.0992553198689428 -0.0814736036619862 0.098434382996618
-0.29566075946422 0.0211351431500061 -0.0458564844733123 0.123013588478314
-0.26766398026934 -0.043464414043156 -0.0353992448277993 0.147476117092582
-0.303761633084576 -0.11511723219237 -0.0604163677695806 0.154327031771568
-0.286298950535685 -0.271161995251801 -0.112518096891463 0.127329342093965
-0.0942030676309362 -0.460886370961336 -0.16765576488333 0.0715166069071361
0.149760377024098 -0.506288038422884 -0.154163075800612 0.159804763298032
0.120294037368534 -0.323610529479712 -0.0738688304625895 0.211949152694319
-0.0685432672315927 -0.306937059127323 0.128010046335814 0.289859967902069
-0.151347582865563 -0.130356878002775 0.225405019446031 -0.0391141255097209
-0.0907149945173507 -0.0265065054295201 0.0198872072825761 -0.190547752740653
-0.0748406935009284 -0.0788002628741513 -0.180201925626838 -0.127012943004525
-0.149963510958207 -0.0657768781467293 -0.236719381592863 0.00970849605001011
-0.197428265588051 0.0139730720844755 -0.224059771929147 0.10256317264098
-0.192507416269702 0.0332718126162802 -0.212287461925611 0.133848254024112
-0.220679724898443 0.037480272057481 -0.186564353252668 0.11799836593457
-0.223613941150332 -0.0251344811188935 -0.137879066446127 0.121636656313471
-0.182023983362714 -0.0602853895789857 -0.103839369523063 0.131190165114223
-0.21945058429067 -0.0816253592757588 -0.107340921278221 0.150824760776289
-0.241234766495023 -0.225228468756079 -0.159479162323769 0.13035942257418
-0.0730788024782458 -0.416824757707532 -0.162785807425125 0.0944445523842382
0.155509124265962 -0.441633143737275 -0.173135815319323 0.275926403225718
0.060446864959975 -0.205514112717981 -0.0816069387083147 0.250998113577475
-0.0978250871603565 -0.168787635959022 0.147042984131309 0.244223922066371
-0.0990416506006558 -0.00525351824304151 0.148215041175639 -0.0566233838182185
0.00257325615029093 0.0428008355073553 -0.010717712371174 -0.147912416221709
0.0166805973084375 -0.0543182696055732 -0.167149846525518 -0.103286347147839
-0.0532059334571665 -0.0740383790974976 -0.245123730999585 0.0095230655467218
-0.101981894816459 -0.0326022931219409 -0.265976940277246 0.103074084413815
-0.106588470890132 -0.021619892743735 -0.280802102735684 0.13366522706282
-0.120703172901092 -0.0272428351774389 -0.261984155062804 0.10914223321598
-0.0971522609737366 -0.0549899734205911 -0.198861364911844 0.0906917950119558
-0.0556763958593573 -0.040476538328926 -0.14142460143035 0.0988215737609001
-0.106497145072688 -0.00756779827047335 -0.145839195544838 0.138861892553047
-0.165769708653943 -0.1316649115116 -0.214696759433448 0.112668122355284
-0.0411092385146118 -0.296018862246996 -0.154648083912533 0.0841741236371931
0.134963649711281 -0.297137682190287 -0.18361982926832 0.355829669884502
-0.0279844972728816 0.102066811834984 0.122912088355491 -0.447227460018692
0.0542266528595761 0.0897563817682782 0.0481073878546417 -0.0844529473479351
0.108222838320268 -0.0201718401681763 0.239193446000817 -0.0583111108729038
-0.000783878887683694 -0.115593893742895 0.162024419411196 -0.141528033546083
-0.0840014604650935 -0.0296900765329855 0.127203961922665 -0.0703208659496889
-0.0467886490333467 0.0480666628127339 0.206828108660843 -0.0416573045256823
-0.00556774945015804 0.0629630875571116 0.269662574268432 -0.0710886750372736
0.00124990127800423 0.0597518673360969 0.30117486434459 -0.105567330943925
0.00645236042393165 0.0739533570041484 0.281705359001248 -0.0903566913304076
-0.0244019555250047 0.0676889175260854 0.235193955441544 -0.00448126044304012
-0.0752386634447461 0.0306849397092806 0.166381124356477 0.093485175331213
-0.0765158321274576 -0.0794588761502672 0.0164583493914958 0.116232943300029
0.0570676521048881 -0.0938975678855635 -0.0879585819442884 0.0583686039238121
0.06632505260031 0.0303336886836918 -0.12092461684412 -0.122880279951357
-0.0116146264533325 0.0951337234536201 0.0531475464022364 -0.207013157457263
0.0355962445714759 -0.0946261606687956 0.137791156045474 -0.402009505125347
0.0481854775762453 -0.124499834242807 0.0398645562415691 -0.0101405908871682
0.0241501419493372 -0.18723471920943 0.308573307923725 -0.00563720915141407
-0.110253395740258 -0.224282707223663 0.198162852364533 -0.156394365236537
-0.208565756425337 -0.102943151836163 0.102704531553693 -0.0874335867519404
-0.191613424980232 0.0275824042142962 0.172862129720099 -0.0241401032500696
-0.141969811698393 0.102488374022675 0.242566945860113 -0.0385824702614806
-0.103286577675891 0.103399207267443 0.279371954930242 -0.0728083180045491
-0.0871015475646429 0.113190031146446 0.263429737591215 -0.0704667450076994
-0.110796556464514 0.070918595354248 0.218157259960643 0.0110717158078726
-0.13409797851557 0.0153772697151807 0.147084250751769 0.0995742662502234
-0.140712942901211 -0.101275023113306 0.0116008216991675 0.106758469476718
-0.0186686722818295 -0.159891260320464 -0.0725332751269271 0.0534161259812872
0.0539565012547126 -0.102993593518237 -0.138883542554384 -0.09665482933353
0.0481327524178967 -0.0718329918835331 0.00598336820676043 -0.201798387435757
0.111030398487271 -0.265445663495415 0.119752899775036 -0.295028178170867
0.0545540144458861 -0.325454476719178 0.0372572349362104 0.0911274355795561
-0.0594157480149516 -0.338298206623005 0.3617852873549 0.0349030597648284
-0.211234989518312 -0.302455038892162 0.213239129171331 -0.185051840200508
-0.301227164761021 -0.157335864488535 0.0449916826952054 -0.123304464537096
-0.301823662113263 2.25107414273708E-05 0.0923921097363426 -0.0159123242570049
-0.253406092952056 0.120277770046367 0.16936022122324 -0.00311307596481314
-0.191936891651638 0.131364596133793 0.217082099385959 -0.0279427228924287
-0.172527794747962 0.144750014683267 0.213981019983278 -0.0398090199542857
-0.195790291856527 0.0776866289306363 0.186668024582211 0.0311303361346993
-0.199365631217439 0.00672802733697209 0.128939166773463 0.109426120884701
-0.215616874434972 -0.113679810651441 0.0105791417354886 0.111522943071071
-0.111841643943802 -0.213162734701916 -0.0670643277281101 0.0620353182134778
0.0125441192268886 -0.233868205814776 -0.157479490576739 -0.0656500651236613
0.0883856355979102 -0.242587499493481 -0.0457543813622277 -0.160080942131536
0.171871343726716 -0.38188189015852 0.0738254070170603 -0.148590660901593
0.0520188745017295 -0.459242644239616 0.0468533717175968 0.201097707243443
-0.136229927590808 -0.41518400604738 0.388008651033558 0.0480886416549007
-0.27756507014775 -0.311007675565217 0.19497142985457 -0.218368606874462
-0.333737434296292 -0.171695657273365 -0.0359141169205413 -0.157906951435232
-0.349978512603605 -0.0232387588950021 -0.0165907288287674 -0.0119318899209546
-0.318206328369326 0.1170449707127 0.0644702281837991 0.0339509609956904
-0.251247769173853 0.139373170582991 0.121295534113032 0.0225348416994906
-0.240690910518338 0.158679170926427 0.135634797675281 0.00490970481656813
-0.268725042980457 0.079865740127342 0.132784306711431 0.0619290587896797
-0.262988506861547 7.08757456484377E-05 0.0969022112817387 0.125478914495071
-0.290042219824977 -0.119521191938192 0.00387757657473889 0.127500770917545
-0.209343500776879 -0.255576367138028 -0.0701799085547795 0.0832112730054707
-0.0431883431790456 -0.351508231707525 -0.170556474978754 -0.0231768070521157
0.112709127155188 -0.392614424604049 -0.0926096844543393 -0.0790963889322581
0.193232033919344 -0.428060110041066 0.0123700235600598 0.00392013316198461
0.0213986321214845 -0.49239255483045 0.0735556713825717 0.284579216877819
-0.183814105033335 -0.387633030170296 0.373899430568935 0.0277680312885252
-0.273443015934298 -0.241033352889468 0.142357205232223 -0.238858126862531
-0.291637676293938 -0.148546746469023 -0.117022448289866 -0.169882066843327
-0.329532342381389 -0.0387951138235196 -0.123100584464535 -0.0053727886591689
-0.324895274878986 0.0966784711271501 -0.048555884822658 0.0676424036303027
-0.273197176105155 0.123846895810095 0.00667112982172555 0.0728550610352062
-0.280610045585233 0.146842574162735 0.0326996105951263 0.0560234979416546
-0.311749353882237 0.0626823422452584 0.0529138059513903 0.0993693381102321
-0.298650557588621 -0.0165151308638044 0.042195629021973 0.145107192485151
-0.331791351724569 -0.120801181809316 -0.0201647386365943 0.147240396385973
-0.280267929020046 -0.278901493280249 -0.084842102149829 0.110519865580174
-0.0889928926552583 -0.437064014488428 -0.174114534461025 0.0265166073969824
0.128194648867876 -0.492669888522586 -0.12882091466418 0.0352976241869261
0.171792145519614 -0.406063230151446 -0.0421385972272972 0.13236320220553
-0.0272654322730167 -0.430757707549507 0.106822166715646 0.314516491899811
-0.187717856859467 -0.273155362821033 0.314994050766891 -0.00928032242447407
-0.197041258024617 -0.12980024360082 0.0737936660851869 -0.229225902874224
-0.192496318654189 -0.113329726861697 -0.169998578023769 -0.154888842683934
-0.254956834789496 -0.0529626171478467 -0.200114409871479 0.00455657010343029
-0.280602569695496 0.059934903294841 -0.148763679634934 0.0940192947381406
-0.25467643349591 0.0860990977116776 -0.111555367206201 0.113492988551574
-0.278163332840972 0.103382031104715 -0.0826472910469441 0.100411715158232
-0.303015531909313 0.022704393425518 -0.0451802164962067 0.12610211535539
-0.275382484694815 -0.0442192590203947 -0.0322136084435767 0.152927845410304
-0.30838741431496 -0.115664697416318 -0.0616439467046948 0.157630311411373
-0.291737373987848 -0.27506245267706 -0.115709513900509 0.130864214025815
-0.098547218234129 -0.466322823896882 -0.171006974715729 0.0715698631303673
0.144135912687635 -0.516026322802352 -0.154851873815391 0.163004305508225
0.121299083991195 -0.328330173305962 -0.0761845167339677 0.218695531336925
-0.0747763227184305 -0.30973578698957 0.134924283565424 0.294149736696854
-0.154885109935995 -0.130861511414866 0.23164932700793 -0.0422900860045304
-0.091977643317158 -0.0271205093731404 0.0183153379909536 -0.19258266318701
-0.0797707511453724 -0.0813446965102987 -0.182879359465159 -0.127037313546304
-0.157218249153972 -0.0659206502179531 -0.238598490750504 0.0109725832781741
-0.201995880166648 0.0153170516615061 -0.224512082676305 0.107099760648735
-0.197725770366991 0.0357944864253896 -0.214820226872679 0.137514280020148
-0.226191777263999 0.0405860367667432 -0.190081485603479 0.120709204063643
-0.229974383656182 -0.0250128334538769 -0.13941633112648 0.123744002157911
-0.188035873685221 -0.0620032690120313 -0.102436523617828 0.13535549774451
-0.220681245492551 -0.0822550503553184 -0.108383083967023 0.153308119677194
-0.245789468454295 -0.227449779566625 -0.162122775290478 0.135169216750687
-0.0767718031561774 -0.421434035037677 -0.166361148566648 0.0943761385069247
0.151653746600677 -0.449964516731916 -0.173405580280486 0.279602168786687
0.0586204779861608 -0.20947982539962 -0.0842160893662044 0.257456897740099
-0.102891276446277 -0.168795940596496 0.153308964449511 0.24661949660301
-0.10054616797176 -0.00503313909845041 0.151989933445502 -0.0581392065980855
0.00447236904610896 0.0423474405934503 -0.0111531172588685 -0.149398841251116
0.0137211690690734 -0.0563556510818185 -0.170230392954773 -0.105058793041669
-0.0590899528805982 -0.0755996654306995 -0.249033284630269 0.0107436137847627
-0.105101800355677 -0.0323360722357528 -0.268286005804046 0.107355663383209
-0.109691466795788 -0.0204043459922171 -0.284772800064341 0.139195314070209
-0.125662247460632 -0.0257893412415234 -0.26773523177303 0.112929160891761
-0.10141581778102 -0.05559194460444 -0.202261991890574 0.0915993563720788
-0.0579049277994542 -0.0431838338031594 -0.141824331644036 0.100767663247191
-0.105435221964721 -0.00759079384946583 -0.146810854217101 0.14143360541581
-0.168966431306274 -0.132051182279341 -0.218360989937655 0.118316781500147
-0.0450636531016738 -0.298911928069508 -0.158079832855877 0.0841340108115703
0.132465032031315 -0.303043908828007 -0.184139447710394 0.360717646587797
-0.020941183770352 0.107473553926283 0.109853525443723 -0.457512897162143
0.0624700413083503 0.0909903021616243 0.0485000903052672 -0.0838249973358267
0.110539859915139 -0.0261671212374358 0.243864442744059 -0.069731165568127
-0.00801076973307944 -0.117275769600292 0.158873781217527 -0.15043525797239
-0.0876087574380652 -0.0258615186330025 0.12804139344257 -0.0740412449512071
-0.0432306335864584 0.0509717119426364 0.211657807776868 -0.0488252576248781
-0.00224702681189019 0.0637092680512329 0.27765071242106 -0.0820518334424154
0.0044695604125072 0.0601612519553501 0.307500248297027 -0.118310589809521
0.0115724647321535 0.0735686707973997 0.286742451876776 -0.101250859404159
-0.0203036104096791 0.0692290415157557 0.241882486714588 -0.0108431506636098
-0.0749648750819623 0.0351676204699402 0.173895621913784 0.0899111106918825
-0.0820477397835153 -0.0761182610695203 0.0220792507092487 0.119714892769476
0.052032609652173 -0.100157151344784 -0.0872785575562696 0.0634092951846126
0.0693147434288615 0.0288642525210071 -0.128507036241314 -0.122775848137233
-0.00596285448094025 0.0972886224369525 0.0505626177633327 -0.213209795974886
0.0382301269714712 -0.0952086609081162 0.12629286557162 -0.412258071360002
0.0480139220522857 -0.127980890739465 0.0426967634311698 -0.00776904168998691
0.018128741714322 -0.192332640304374 0.317350142131583 -0.0193404973464204
-0.123323306804274 -0.225067774804097 0.194972070610149 -0.166748269594407
-0.219598398094909 -0.0965283086320484 0.102405386776101 -0.0898485807992257
-0.1935951555016 0.0356747428708449 0.178380626903274 -0.0298531029046915
-0.140079249743424 0.109249216528578 0.252896860624287 -0.0470227557204006
-0.101008726931005 0.108385055214679 0.286843319392488 -0.0849094272091876
-0.0828426739428687 0.118036393392106 0.267777225293635 -0.0812811019328586
-0.110226489351647 0.0761402762089751 0.225832060384777 0.00571519992602101
-0.136395305119232 0.02074489930414 0.156104573864573 0.0980886663713929
-0.148284387345494 -0.0965107742047526 0.0164526660575615 0.11010445424182
-0.0270928619770618 -0.164552149620444 -0.0728440393883943 0.0573544641314045
0.051178141544152 -0.106616181069685 -0.145535066273937 -0.0957814946016743
0.0477817570108226 -0.0750362247341177 0.00116820336613421 -0.204982153430133
0.107836942430064 -0.272888158154046 0.111619189896331 -0.301994677695177
0.0468952010218644 -0.333496967429399 0.0438130771360887 0.0958113308306041
-0.0736377073691973 -0.343125199013804 0.374784934631604 0.0197382496920055
-0.229020548467142 -0.301080859365056 0.209276611572118 -0.196457271453885
-0.315975179429921 -0.149457605708912 0.0429648664882895 -0.123016424927991
-0.308802288249035 0.0117108016360868 0.0970746142588352 -0.0191237762500279
-0.254291998654282 0.131904569981721 0.179097662998239 -0.0072476437282693
-0.191628784354304 0.140686643736459 0.224054814388296 -0.0375362649494362
-0.170094990800103 0.153092208577969 0.2179845640312 -0.0474967296926843
-0.196864007834921 0.0867247417725925 0.194844134218749 0.0274277329182853
-0.204826163847762 0.0144811309399062 0.138838157118833 0.109166097754004
-0.224933524388624 -0.107086985902806 0.0150086270029866 0.115494633411415
-0.124130560729777 -0.215368858484599 -0.0678220855461433 0.0661137973292736
0.00407847557714578 -0.2379520495722 -0.163087840388327 -0.0636423489816664
0.0802480143376727 -0.250707114454685 -0.0507131259550305 -0.160971025602348
0.164683628166709 -0.393322112566289 0.0694709722759823 -0.151999539751402
0.0386223444880127 -0.469956824745144 0.0579686915509274 0.207428531279793
-0.154236032322539 -0.419317610236865 0.402316486249831 0.0321567146360543
-0.296184890649792 -0.306877364637223 0.190849263959924 -0.230072738548578
-0.350555725028642 -0.162743144962686 -0.0408747111089004 -0.156144849915325
-0.360988441857995 -0.0094183990696322 -0.0134103358644172 -0.01158799211836
-0.321462281333505 0.131272129974117 0.0741865040702413 0.03446224040898
-0.252617297236136 0.150351955970225 0.127611272205948 0.017871998882794
-0.240014940576369 0.170559664026089 0.13916694640201 0.000277153907259943
-0.272901438749251 0.0909537020336171 0.140529500275486 0.0603789075328496
-0.271401861886057 0.00882182235795795 0.10762399480334 0.127220698078686
-0.300964922393351 -0.111340126228752 0.00730237425331999 0.132196082569789
-0.224739201759436 -0.254587879467339 -0.0705456816935836 0.0878007580187634
-0.0588981265370207 -0.355823564206953 -0.175150457488028 -0.0195471868449933
0.0977583476897882 -0.403526488731365 -0.0957675975406431 -0.0765983861131144
0.183753135900367 -0.442111328428692 0.0118690021874766 0.00606874343170563
0.0035534584988769 -0.503070640631403 0.0887787686333944 0.290879237434877
-0.202264060148573 -0.387810869376379 0.386905902611917 0.0123723546951912
-0.288679603098824 -0.23509547223575 0.135874522924543 -0.248862150937508
-0.306259807857837 -0.142246411031271 -0.124490225439138 -0.165750665645777
-0.341898331745824 -0.0270345515113108 -0.122570610389357 -0.000492151805966933
-0.329754757008385 0.109781826500157 -0.0406731550648945 0.0737023259029596
-0.275570663273848 0.135531017685256 0.0114469599096009 0.0734121816304192
-0.281793113116914 0.159807386744467 0.0355023620287988 0.0566022962918608
-0.318853756744616 0.0752758490646511 0.0594068912866079 0.100990097955981
-0.30911013717317 -0.00745220622895279 0.0525647076335385 0.149207177062482
-0.343029373142463 -0.111971070093054 -0.0162237334439958 0.15203352453473
-0.296666192809054 -0.275002679681392 -0.084877604891062 0.11602668708228
-0.106625966474932 -0.442336451697019 -0.177412279252454 0.0314084108252769
0.110639260398926 -0.506072882373966 -0.128917738593562 0.040031224083776
0.16158468692446 -0.420555923055506 -0.0400578365883898 0.13980798104568
-0.0454647115406138 -0.437349260187038 0.123295479564697 0.318561699062518
-0.202741550514931 -0.271080915848725 0.325125894275605 -0.023959792638
-0.206367842542038 -0.12460884828148 0.0669255567645714 -0.236946673056963
-0.203822202339753 -0.109566908102075 -0.178193366151667 -0.149160996906667
-0.26625878114381 -0.0444221399814161 -0.201591157404033 0.0116194561428046
-0.286348880634471 0.0712674371092509 -0.144186156054216 0.103477998613971
-0.258524104253013 0.0980416042322452 -0.108379846465637 0.119895677301285
-0.282412333045801 0.11686329645122 -0.0810321547113574 0.105418655552766
-0.311791408749844 0.0343258544407115 -0.0406718888067438 0.131352284008394
-0.286700040137793 -0.0373218834615908 -0.0235049241177172 0.158873516438385
-0.317573543340495 -0.108462968743905 -0.0581718019942846 0.163802610184665
-0.308060285409263 -0.269859618637818 -0.115066146829856 0.137585975435378
-0.117873579766719 -0.471779729339507 -0.17329894231572 0.0762181620864346
0.125237181341156 -0.530873246087931 -0.151211880375785 0.171145939456043
0.11215506289282 -0.339650265715425 -0.0713635592405973 0.22812694411796
-0.0899732382094626 -0.311941245780766 0.151257319729066 0.295471941931674
-0.163309837782254 -0.126612336282289 0.23726828867442 -0.0531299946890122
-0.0936076511347741 -0.0243596756646004 0.012343268571173 -0.197204574795651
-0.08783184631131 -0.0811616512195539 -0.190299044648639 -0.122767021785012
-0.167723432469172 -0.0614970764961366 -0.242845516634445 0.0188370650232062
-0.207670654956612 0.0227174088607263 -0.22175946271255 0.118887330217395
-0.202696366631474 0.0440950910526516 -0.21321173972649 0.148473737244698
-0.232119463180437 0.0507528146750568 -0.191437298153516 0.131527307411257
-0.239013372598693 -0.0177338337823005 -0.138510332628006 0.131522194281972
-0.196843008706809 -0.0590777902914342 -0.0977519346339334 0.142695536194229
-0.225549328304551 -0.0767718914749642 -0.106655686212939 0.160114445361295
-0.259457903729339 -0.223128171713053 -0.162263077647162 0.145115082706469
-0.0948327393033061 -0.42602999807592 -0.167669540536428 0.100570860703454
0.135541631313053 -0.464480237592158 -0.16684471167779 0.290519360475114
0.0518098461030573 -0.216041022701687 -0.0786993630387896 0.268339526508452
-0.113986506536369 -0.166802667974042 0.16726842615385 0.244482651068369
-0.102719290738642 -0.00144085348985359 0.15524237537222 -0.0656138655521158
0.00687415619021253 0.0417912920722994 -0.0160133146569797 -0.152031342356222
0.0098185404820312 -0.0592452495726416 -0.178405996834336 -0.102525637559529
-0.0673758472056599 -0.0749656987499929 -0.254137625211974 0.0183933877592892
-0.11027495252227 -0.0292467154323135 -0.270297368076127 0.119765369245593
-0.115386890419209 -0.0158591834976023 -0.286511331508561 0.154069535706595
-0.13179328305129 -0.0208464936687283 -0.272093196353143 0.12633785255723
-0.108132701029077 -0.0541229487421942 -0.206018374919487 0.0999804530073328
-0.0627784658208167 -0.0445584965651507 -0.140705453267141 0.106943055257115
-0.10460445380307 -0.00460959900990307 -0.14583305433099 0.149212216658877
-0.177392673529251 -0.127840792566319 -0.219928963133369 0.130826392982552
-0.0572654505678293 -0.302300360448162 -0.161184100106498 0.0892861740425987
0.121872296249926 -0.315191214335695 -0.174779542324169 0.37301298489049
-0.0101538124273756 0.109660540728491 0.0850891191053144 -0.459419615702999
0.0711508980971558 0.087919388439068 0.0460824142098363 -0.0829874481535497
0.108791650348031 -0.0344284480968823 0.240364560811735 -0.0846266395684154
-0.0167771894898509 -0.11550152169456 0.148118716428544 -0.160528075901001
-0.0889363808835243 -0.0177111287249496 0.124187873523522 -0.0790589098692012
-0.0381405710891102 0.0530008217982923 0.210200487256229 -0.060609193247984
0.00319657997765107 0.0626699942012964 0.275988839952011 -0.098338673841472
0.00919801277757899 0.0584771839497061 0.303252544419329 -0.137137055141208
0.0176362694254679 0.0709618417021256 0.28079561866358 -0.116649266251708
-0.0147883792509093 0.0695322753044637 0.243481334135637 -0.0234462534078008
-0.0712299796254875 0.0408033935289876 0.179876443311508 0.0803500883273473
-0.0881340464433995 -0.0689697125052645 0.0300326581534056 0.120087137193088
0.0426996924153823 -0.105094680579656 -0.0831260451478283 0.0680403295700549
0.0717430162902884 0.0257794324550036 -0.136919681705081 -0.116418516002398
0.00234813053470755 0.0981646696489618 0.0404767620571622 -0.21461360702293
0.0373340693089312 -0.0955109804256192 0.102834797909667 -0.415126508410487
0.0439114943853422 -0.129325615878532 0.0452925105705858 -0.00656892925098679
0.00708088692243401 -0.194921987438801 0.318366427195622 -0.0408424806520102
-0.138577717093436 -0.216374958980369 0.183093943660851 -0.178262060493632
-0.226865179407388 -0.0814490741220374 0.0983985310808866 -0.0922520229692824
-0.190414563230114 0.0480552185444067 0.178595617864567 -0.0404062647363787
-0.133115888305247 0.116523688399481 0.254850676768852 -0.0612809383801565
-0.0944912000844888 0.113102850995826 0.285260509938057 -0.102814984698113
-0.0750306861281287 0.120896098959784 0.264995730924595 -0.0960423527984135
-0.105090308450073 0.0819262381594301 0.228620579211834 -0.00559498274266263
-0.134831404071133 0.0301914751884298 0.163815585787287 0.0895234734014421
-0.154023756912992 -0.0855888963764956 0.0231695954406938 0.110937707951296
-0.0397252934184048 -0.163446478393436 -0.0697855730468683 0.0614487777373932
0.0445951381483984 -0.1074626132148 -0.151003222739642 -0.0881235101461819
0.0436529866239515 -0.0771783423568875 -0.00867101760382794 -0.204358874020554
0.0959464852199342 -0.277339399838042 0.094747069843622 -0.304944798128395
0.0301416888255569 -0.334302947700259 0.0525316748520532 0.0962835540415781
-0.0940718804593993 -0.338117760705146 0.377329705710351 -0.00619765312060624
-0.249049822194438 -0.28603775664635 0.195719947850722 -0.208539033984849
-0.327019399547196 -0.129260269313262 0.0371640994114444 -0.122299094298437
-0.307604815077985 0.0310535505375374 0.0985923597648102 -0.0246579744078124
-0.246110388436991 0.145667298278352 0.185084940839472 -0.0171780082299618
-0.183308833069011 0.150898690069067 0.225272262009888 -0.0521468702244862
-0.159583042783676 0.161687360132943 0.216513007923061 -0.0604271311460344
-0.191857307272801 0.0978016167564771 0.199221009329694 0.0173809603185117
-0.204523027604555 0.0264723078680636 0.148186008933765 0.102020340494917
-0.230712862836752 -0.092708576813242 0.0216466730133275 0.116447009683632
-0.138576712420016 -0.208236934081075 -0.0649659521879334 0.069996964941924
-0.0102624153859895 -0.236009276646568 -0.167494141918784 -0.0556428281362922
0.0649024533463637 -0.253105130795826 -0.0576145797867565 -0.156667736243523
0.144127566816705 -0.399531191859329 0.0605626858109097 -0.153383980800077
0.0113812557492218 -0.469503419134443 0.0731555621141883 0.205551067089256
-0.179211724503509 -0.408018366956429 0.406944702726839 0.00507736236749095
-0.314851519311559 -0.288120828298957 0.17570401973362 -0.239691257709616
-0.361846555306699 -0.142357887453728 -0.0473355513681958 -0.150327187905319
-0.361617812185459 0.0130189679093439 -0.0111093728116198 -0.0105194725740536
-0.313528618632134 0.150076508367671 0.0830612523461509 0.0309294499193465
-0.243995246249815 0.164195599564453 0.13173204115719 0.0084990316589833
-0.228870566551518 0.183372085273007 0.139693285112909 -0.00808134182444138
-0.267748972012667 0.106290868901451 0.146834665072835 0.0532388822342423
-0.272439850956505 0.0251248437400293 0.119178539081742 0.122111760183164
-0.306851988636588 -0.0932212885226835 0.01470921366455 0.132849193565469
-0.240988559058538 -0.241141886152883 -0.0672897650200101 0.0919126673256682
-0.0782266427350323 -0.350290025691707 -0.176849511187365 -0.0116702967825326
0.0718945587487156 -0.406514283280128 -0.098328636021602 -0.0704334053382489
0.158587767174254 -0.451174636142416 0.011883162687997 0.00775765265014201
-0.0256067231907586 -0.499873758936239 0.108378483734967 0.286203579869051
-0.225786657557022 -0.372919511758585 0.39045359981961 -0.0137631371898045
-0.302701760167568 -0.216578647892195 0.120582207608233 -0.256157591401913
-0.317266412833923 -0.12436576529302 -0.13103073388194 -0.155911341233355
-0.344781056529802 -0.00574374479777621 -0.119099559515277 0.00661990908573302
-0.324652914222516 0.128936851158719 -0.0302482013305514 0.0760683971775713
-0.269254096499596 0.150773340149768 0.0188430062995357 0.0716202381420156
-0.271836627943333 0.176695253388459 0.0390113523350595 0.0544149784679709
-0.31597077432044 0.0941153937820149 0.0672073092956162 0.0984394329212759
-0.311512833782833 0.00964928779404659 0.0652091746404877 0.147198014814811
-0.346952314205883 -0.0919711027368967 -0.00844342312609811 0.15359825635833
-0.31404023901834 -0.258142218227619 -0.0795477698355781 0.120984626757817
-0.131463920305285 -0.432411031136778 -0.176084650071894 0.0381976827474859
0.0774345519977058 -0.510563533320256 -0.12451456060022 0.0479363613701675
0.137693182193013 -0.428637025435584 -0.0319431462752215 0.143215072245113
-0.0721287449360353 -0.431502093355522 0.144721670171854 0.310499866810596
-0.218918514298613 -0.255800573230426 0.325629736425255 -0.0457318466672377
-0.212110703246689 -0.110678732251682 0.0527585115282959 -0.239927233367581
-0.212654919795636 -0.0978250935388215 -0.184622244346228 -0.137756729225104
-0.272170606811614 -0.0272973545297141 -0.198509360318661 0.0227384099577221
-0.283356232088035 0.0878109673217596 -0.131975247311353 0.111681563447585
-0.254755250469247 0.112697917793298 -0.0991573223411772 0.125266321474218
-0.275713455508189 0.134355052261257 -0.0747891768208057 0.110603475550459
-0.312723998173761 0.0518931513078311 -0.0319609148214116 0.134132412825688
-0.291882812059173 -0.0210678980014957 -0.0111691767976322 0.160074483942891
-0.321790777995999 -0.0896744987524505 -0.0499718217773144 0.166714274793646
-0.324611568711638 -0.252867312492622 -0.108406012625629 0.145600916615873
-0.146555677598857 -0.461034349029749 -0.168877775126853 0.0842526398621594
0.0921946251099696 -0.535407921014363 -0.139364611283116 0.178875979744476
0.0912528861063387 -0.345190510965366 -0.0587860762772604 0.233758996757813
-0.109970640322895 -0.30299101641644 0.17078745088087 0.284237971665457
-0.17085179956703 -0.114358775155601 0.236690500849472 -0.0687741301733511
-0.093384660007034 -0.018952542023673 0.00125032960488315 -0.197132464213414
-0.0945095236180188 -0.0767671116131932 -0.197377762549426 -0.111184564469956
-0.174818756147273 -0.0504843578647378 -0.239759568414486 0.0322682249402773
-0.20879555298495 0.0348152717085144 -0.210916856426566 0.132362529654719
-0.202098631670947 0.056103977499538 -0.203720285143305 0.161756006680766
-0.230426129388482 0.0659263224538525 -0.184568803571444 0.142902431584537
-0.242958788907666 -0.00384095080848268 -0.131158355484813 0.139383777413933
-0.203325804844876 -0.0487290957779294 -0.0870471894254525 0.148211208673993
-0.22731097812296 -0.0653883787016872 -0.0984646510393147 0.165704668401188
-0.271475507984218 -0.207466898780633 -0.154448177074464 0.155814611045352
-0.118739404800803 -0.418177944745209 -0.163377623160186 0.107572861632409
0.104036892091417 -0.471589610060492 -0.148564080685407 0.298863997536107
0.039356094767889 -0.219426559597745 -0.0649944713889878 0.274011897398185
-0.125403525646172 -0.157039733340846 0.183892592664795 0.232127463276005
-0.102741922922481 0.00575792086202713 0.153408159899673 -0.0752493703488451
0.0111489209610035 0.0407580137199665 -0.0243775709081069 -0.15166468400951
0.00427157231537556 -0.060434759619526 -0.184080464278549 -0.0930795567740796
-0.0758204638281124 -0.0700159675534167 -0.252483104299993 0.0326331879990009
-0.114034022976419 -0.0226347700798957 -0.261929789019318 0.136123959642836
-0.118404473871173 -0.007998960630151 -0.278222791867478 0.171623761222404
-0.135340030307052 -0.011935941603834 -0.266043733583875 0.143100626552995
-0.114026471735623 -0.048476936526589 -0.202555913094667 0.110983020663315
-0.0670337896780809 -0.0426750489873844 -0.132944754139947 0.113812842451302
-0.101667497430919 3.88663235299097E-06 -0.136726684390058 0.156310715539407
-0.184323278718538 -0.116490889583276 -0.211993751949373 0.145538376328053
-0.0752422720601824 -0.297101106283234 -0.158035243527292 0.0961190035282923
0.0997678586526791 -0.321959234031972 -0.151535547823941 0.380193706368813
9.34119460994191E-05 0.105904644894716 0.0603414004726722 -0.444745706164654
0.0759092405318866 0.0805591800492292 0.043748508815593 -0.0787182858356079
0.102875849818563 -0.0406316462212511 0.229416378878064 -0.0956997898936864
-0.0238852194113794 -0.109209344114513 0.132825873893483 -0.161795237915515
-0.0875194462663878 -0.0106787440812909 0.116531725457095 -0.0806087423553852
-0.0322911152938377 0.0523407748369262 0.200800647542157 -0.0688894530054078
0.00751374593155166 0.0592881799202109 0.263951006549758 -0.109157161452521
0.0128307030786927 0.0546657896414381 0.289342677867432 -0.149500817961849
0.0221610353204616 0.065159157881545 0.266972133507852 -0.125976147602314
-0.00952107212735688 0.0666403686109873 0.236421712361188 -0.0337018714870256
-0.0650797618631786 0.0445321383902281 0.178304772190978 0.0682183576464482
-0.0886795668768334 -0.0597814423423186 0.0358312128790833 0.115243520508721
0.0330074590847401 -0.104090353094269 -0.0772796198865627 0.0699624033815907
0.0706245063600652 0.022514343727893 -0.138828114648671 -0.106535181218217
0.00967558303502313 0.0942320322819422 0.0310355351991836 -0.208842415623457
0.0356727707941416 -0.0935969338321187 0.080229948781502 -0.403508709948831
0.0399510298352919 -0.127473449800037 0.0469868755647345 -0.00496929287380613
-0.00310769527282611 -0.188780565988493 0.30541445796007 -0.0575032238743394
-0.146586334317895 -0.200789567186483 0.165209672855179 -0.180828118604884
-0.224548761929023 -0.064649075374563 0.0908878732404838 -0.0914653074559576
-0.180581039557885 0.0562191615038233 0.171618778994347 -0.0477625142659525
-0.121338187864522 0.117429960813 0.247237168512998 -0.0734710276224515
-0.0851252481063782 0.112751156804954 0.273557016301511 -0.115463255542875
-0.0650330903181448 0.118019830889777 0.251517107988007 -0.105288686353644
-0.0958852209666431 0.0838325541564527 0.223407745102952 -0.0162846178620151
-0.127566001124082 0.0364051817345768 0.164144008755556 0.0785985444784523
-0.153137901881165 -0.0729167471663612 0.028321063873559 0.106943185049211
-0.049300677671159 -0.156035545642232 -0.065360592096795 0.0627252797908062
0.038106947003782 -0.103869223706381 -0.151100247962584 -0.0791653486896238
0.0394967957847547 -0.0749710763149817 -0.0153709250988372 -0.196198552965804
0.0832705682828569 -0.271061745277758 0.0771974556460168 -0.295954845675705
0.0156588437535641 -0.32298256065247 0.058911752946639 0.0934917588980538
-0.106698268880687 -0.320500258785016 0.365843197949602 -0.0293009081123047
-0.254375679224894 -0.26183926374028 0.176326245845746 -0.210611244073065
-0.323956897806749 -0.106382697949563 0.0314353187649399 -0.116520951985333
-0.295442895362607 0.0459047657158406 0.0961052511298044 -0.0287887420929555
-0.229953254551563 0.152116180965088 0.183001174591624 -0.0263465537680299
-0.169596530319921 0.153939386753634 0.218109338713098 -0.0637582974862222
-0.145129329774621 0.16307761665052 0.206884095425207 -0.0690183174323981
-0.180206015895539 0.103097407168866 0.196293294787381 0.00725728563729393
-0.196627239970135 0.0365590053290889 0.151142869118086 0.0918164606628211
-0.226767643760602 -0.0761229125281303 0.0265090602987019 0.11240216587369
-0.14636410939121 -0.194198980403996 -0.0608456508420485 0.0707556355280953
-0.0210370122683077 -0.22496375082849 -0.164884929101438 -0.0471298589550237
0.0497284571583492 -0.245170542357065 -0.0604872772542656 -0.148022685901485
0.122439386397838 -0.392790516179244 0.05090276821175 -0.148230268741605
-0.00966801895384682 -0.450678138685929 0.0839574330509327 0.196753055677943
-0.192893705352135 -0.382636334022731 0.394448880996048 -0.0209915273954
-0.317240318692742 -0.259951175203657 0.155707849871232 -0.2407345136204
-0.359221713202886 -0.117757737739286 -0.0514849806836336 -0.139243900304082
-0.349913057688157 0.0318654692224035 -0.00830719629639248 -0.0100519778514326
-0.295166104953447 0.159443443322904 0.0874064371337637 0.0246666453866941
-0.228180009803391 0.170730700259551 0.13076252995034 -0.0003924296427612
-0.211340359488699 0.187899854321724 0.135252001786417 -0.0147624766864336
-0.255125992066283 0.11621995566547 0.147265558815492 0.0450139233681154
-0.263262421949428 0.0374497126462587 0.124492210804066 0.112313098997158
-0.298969477835176 -0.0733318043572075 0.0197156876957084 0.127992854729306
-0.245672618318901 -0.220603441327736 -0.0621412534300063 0.0924968225386904
-0.0926202505705089 -0.330777961049588 -0.171866125147876 -0.00494067359886755
0.0475714540609221 -0.393482262965244 -0.0962233524954663 -0.0627624247177419
0.132679662275313 -0.441887634107103 0.0113626165831147 0.00795843564784866
-0.0481009318240286 -0.478187421738128 0.12161870106743 0.271354933088084
-0.235745559228612 -0.344580023927667 0.377524132940374 -0.0374006099515659
-0.301343521094184 -0.192121598437333 0.102789696935678 -0.252044192534009
-0.314474674970242 -0.103408384255814 -0.132248730609235 -0.14145287651859
-0.334776989960608 0.0138989489988661 -0.111709912123327 0.0112650136958769
-0.307072616481219 0.140476551517642 -0.0191852658280627 0.0737511654898489
-0.253179304896211 0.159245972114533 0.0242916923430667 0.0663150976969313
-0.253886734666639 0.183973333887353 0.0410184264906472 0.0508626727477476
-0.301893175666302 0.1067951372625 0.0726087077750463 0.0920721840598484
-0.303419629857085 0.0256146754838864 0.0741092150434069 0.13844569293819
-0.337940025295201 -0.071606697974262 -0.00215327547662072 0.149799620469823
-0.315598039244636 -0.23339698131397 -0.072770074704105 0.121087319320334
-0.148675671105833 -0.408406259779869 -0.168844171347612 0.0437517463368268
0.0476962912441477 -0.492114364954091 -0.115887338749112 0.0519079513320989
0.111338837136265 -0.419738580564015 -0.0239904343150019 0.141020425242096
-0.0913799436768246 -0.409602918865516 0.157671908141448 0.291106924082999
-0.223387086737458 -0.232176184880433 0.313517400144261 -0.0643972102124887
-0.208873375242243 -0.0956096772637641 0.039482996649412 -0.233876928993546
-0.21146174019748 -0.0843197140864286 -0.183166189996137 -0.1221814587736
-0.267388252003944 -0.011192879937889 -0.187896290332095 0.0306250516806951
-0.271517115375054 0.0987269953662472 -0.11716516919127 0.112986295965606
-0.242131962015857 0.121702484757643 -0.0874810190174038 0.124261643983548
-0.260550121345836 0.143290302299053 -0.0671181595763722 0.111112366100283
-0.301597895406661 0.0663557456566756 -0.0223831855393247 0.131273138535618
-0.285532998085238 -0.0065433838045467 0.000211211598730748 0.155459107684178
-0.312104594580022 -0.0725644783451343 -0.042100123088288 0.163806972287096
-0.324662226521178 -0.226254505393054 -0.0982279826308926 0.146401729522916
-0.164164820346758 -0.435294445665321 -0.160607916737487 0.0873779952444218
0.0574911763571504 -0.517844931398822 -0.12386134569689 0.178982752363622
0.0715324356474278 -0.337633041713003 -0.0458094427112009 0.228990352214967
-0.122260150564463 -0.2828116249687 0.180797013007459 0.263192425398925
-0.170758264439164 -0.099880373419499 0.226132272305193 -0.080730817123292
-0.0894509305520931 -0.0132005474627731 -0.00829766068149429 -0.189790783130286
-0.0968974690674431 -0.0697429410380734 -0.194410463798026 -0.0968713905101751
-0.175057710203684 -0.0382839663443684 -0.228642789570186 0.0420512686067217
-0.201906687612639 0.0441387568670947 -0.19433375465361 0.137326599629931
-0.194539175695042 0.0653079812188245 -0.187265767518464 0.165678644260307
-0.22083309882005 0.0762658786185639 -0.171930352228023 0.148043179877198
-0.236902535966782 0.00872763583572967 -0.120056655925572 0.140755238286457
-0.200816438785968 -0.0383242402700217 -0.0743267922905887 0.145786322761296
-0.219518675664453 -0.0532213126850813 -0.0881374677344644 0.164138546957813
-0.271608158825789 -0.185377555270639 -0.141783875316992 0.158485810581187
-0.13582371553884 -0.395979600988082 -0.154833687976839 0.109582304338465
0.0744134535597357 -0.456615268903217 -0.127133167041349 0.293710496651333
0.0261864539719738 -0.213895551865707 -0.0501805631577469 0.268351306376475
-0.130714864755922 -0.14202935784499 0.190026881448754 0.212145468928657
-0.0985064090077605 0.0123683232869014 0.146140887107192 -0.0817589503610811
0.0143729020209665 0.0382728957182068 -0.0299338471833411 -0.144984309988242
-0.000250728601280505 -0.0590341823569346 -0.182500255123938 -0.0809048810713161
-0.0800593509067634 -0.0627271568533798 -0.242015299653655 0.0430527971188587
-0.113267125277829 -0.0152658167123028 -0.244332348303905 0.143983293833389
-0.116380509611686 -0.00101894447877871 -0.260152839450027 0.179825343563585
-0.13373177412747 -0.00268997590433112 -0.251274736991138 0.152452544938635
-0.114580770081864 -0.0412268780980455 -0.192362808973843 0.116054418049557
-0.0686500772614854 -0.0392637067258092 -0.121519925188251 0.114964348164455
-0.0947205608563635 0.00404610397134748 -0.12546223739087 0.157302018623317
-0.182689099112398 -0.10139547555015 -0.196199815034193 0.152875272173475
-0.0872856466512204 -0.281193950781746 -0.150475684977971 0.0981975483497091
0.0771996751478478 -0.314514248130319 -0.126708279311024 0.371891960667914
0.0105204179468538 0.0902978594291137 -0.0132228903194307 -0.41814933077208
0.08258043807976 0.0616699525926811 0.0349818426101353 -0.0745795535261853
0.0890766037028922 -0.0563478042024283 0.210133729651398 -0.128357254912753
-0.0411451579904716 -0.0988556573284035 0.103802410011071 -0.180829757753753
-0.0829808950978442 0.000445483993603117 0.0931534190042341 -0.0942367929934886
-0.0235491094369617 0.0503274221033453 0.182174046663002 -0.0915254162998522
0.0148400983010993 0.0508996055652173 0.241499990714795 -0.140030622078004
0.0184441270581457 0.0466435553066853 0.256082075181982 -0.185199117780166
0.0294945844795486 0.0546973065135531 0.238368281272525 -0.161681823749088
0.00222194906227354 0.062267015544915 0.220832349656896 -0.069818502086686
-0.0529706114051266 0.0489125855648812 0.180743468563789 0.0363901346287188
-0.0913223029431396 -0.042100567123375 0.0541538162615503 0.103649937228809
0.015617910877316 -0.100757085903795 -0.0603225359795119 0.077910778500325
0.0692796789612007 0.0105881819340074 -0.149449436483031 -0.0774412931993173
0.0223233657080703 0.0850984866913731 0.00328168463465871 -0.20139460795232
0.0217483227944393 -0.0988061329018294 0.0144791583550432 -0.391520192384409
0.0232922555022453 -0.124160529903387 0.0505623664441477 -0.0144331171626472
-0.025062485444373 -0.179852839086604 0.283987478836988 -0.117145866309973
-0.165003064326491 -0.166620584092643 0.128017533905788 -0.214530952399317
-0.217548195518008 -0.031525511536154 0.0599459863666679 -0.104710962128701
-0.162109837206301 0.072204985980536 0.151019351907305 -0.0673920753961394
-0.0971116203680458 0.122148209302399 0.224272156692038 -0.103626858863607
-0.0671907733244931 0.112323145209418 0.244731338603988 -0.151220226713062
-0.0462540843750351 0.115748908874816 0.226776126325456 -0.141467689013392
-0.0783537509838695 0.0894725389260958 0.212806617213195 -0.0535899755987539
-0.113672447842883 0.0480582427807339 0.170979547500299 0.0488296922250945
-0.153116263525003 -0.0471373682593934 0.0462708061110771 0.0974539120594336
-0.0661683056659518 -0.13924287538229 -0.0512391626000854 0.0680935132494213
0.0217964044374257 -0.102127239379974 -0.153686687799449 -0.0491426082379468
0.0295399560186195 -0.0772633011898388 -0.0374940436698561 -0.181850586178159
0.0474586328692428 -0.267134505763342 0.03021685199858 -0.299657607747537
-0.0227769097041456 -0.300985174774257 0.0778088695494877 0.0692779375730153
-0.134812765180414 -0.287586646049475 0.340475270300385 -0.110768386773028
-0.272241678213955 -0.209639826458511 0.129726638687599 -0.252376605874705
-0.316444353203868 -0.0569541586752722 -0.00615953783051998 -0.122885799597337
-0.272002861693736 0.0785125231032599 0.076772280532725 -0.0400045887885413
-0.194525225275412 0.169361752909766 0.164740740928439 -0.0516561411343063
-0.142391878058356 0.161188302404844 0.198501419856769 -0.0946736884605999
-0.116823117892933 0.168567921344415 0.189474095758252 -0.101724284346206
-0.155986922723284 0.119797064239978 0.191127464950432 -0.0294490350615144
-0.179244548701491 0.054915879239371 0.161820269752051 0.0626942137318791
-0.222849848298122 -0.0414882862952531 0.0469195859640419 0.103280858931839
-0.159854447825496 -0.164128384850617 -0.0469815366408552 0.0732993236682438
-0.0495626775480669 -0.206804630530064 -0.158601969352352 -0.0172693081889351
0.0179284682984314 -0.237967513025058 -0.0724543909514163 -0.12968128216453
0.0705407228686676 -0.381085908579853 0.031267023447284 -0.163495136779967
-0.0618085457804954 -0.416082279510245 0.117274358444839 0.158330449150573
-0.221234441490916 -0.333131257278176 0.364690004718648 -0.113603326579694
-0.330770821243108 -0.198346198275242 0.102554644295478 -0.280516767113772
-0.35051515894826 -0.0619850472485776 -0.0908416943790176 -0.133378295516153
-0.324954233527423 0.0738362648797771 -0.0223769929013077 -0.00857415613347874
-0.254800163477391 0.186066788799003 0.076864354454475 0.00951410840992538
-0.196345080217039 0.185010769707183 0.123384591606246 -0.0225625514783743
-0.176477575680334 0.201465381618432 0.129263519094654 -0.0401087393178024
-0.226025401166863 0.142029851960293 0.149933787219076 0.0119805702674932
-0.242887029166529 0.0629796168758348 0.140486124423606 0.0861719648168779
-0.291693254703497 -0.0309060536585621 0.0438868395343842 0.119217056836308
-0.254641210477493 -0.177428246570424 -0.0458590812046046 0.0922620012306681
-0.129778544851918 -0.297061118266215 -0.155941617827797 0.0225803600864049
-0.00192833861251464 -0.375939678041078 -0.092541913497053 -0.044893459158481
0.0755647489189683 -0.425181581599893 0.0192559531993923 -0.0130288884785709
-0.100234804134138 -0.434008893457216 0.162602442741582 0.220457104471424
-0.256230491852136 -0.291988391224527 0.343338821382419 -0.124722909399088
-0.305899277396663 -0.136802972249934 0.0498008723637039 -0.27919298581401
-0.307653809917955 -0.0531553239516309 -0.164997429401007 -0.122118966879898
-0.313976060629346 0.0564319072933586 -0.117518505622233 0.0259375947295144
-0.268810621295424 0.171518216252552 -0.0194717723095013 0.0696869778958638
-0.221823723453999 0.178738611894412 0.0306014107300723 0.0562983995960178
-0.216878872191566 0.204479770090123 0.048734150204053 0.0363680242985524
-0.273409385967689 0.13985522567141 0.086551531379703 0.0681830651697396
-0.282250403860739 0.05589427189913 0.096664722998566 0.118600687179757
-0.327726491918476 -0.0253920032940511 0.0260130330856297 0.14188352795181
-0.319986224273257 -0.18226880651776 -0.0520537979872683 0.119549509683667
-0.192008146084288 -0.361251534972692 -0.143987372745602 0.0680612657898807
-0.0141115293587057 -0.468088881396122 -0.0953699114094594 0.0655703647716436
0.059053985986185 -0.400507462025874 0.00575315984163515 0.118217382051882
-0.131430549245608 -0.364073717857668 0.196876933875211 0.234882894888053
-0.232403179041149 -0.188361323158004 0.277041362814474 -0.131763286601724
-0.207131185930509 -0.0606742836955241 -0.00604640680516891 -0.242540649431213
-0.210738087830677 -0.0479034695111219 -0.203970171183981 -0.0951317623056361
-0.25386116617744 0.0261180381916054 -0.184726127543684 0.0543729253970051
-0.240662721425786 0.129652494177064 -0.106658925413463 0.120288073560725
-0.215649663002175 0.143124853325295 -0.0672148238353389 0.128030352058827
-0.227960722549487 0.169835863163607 -0.0452194036925025 0.111181888898704
-0.278499793196866 0.102700597968302 0.0011352381282168 0.1202984138655
-0.270774244421669 0.0242297692818337 0.0290115278465636 0.145722949826943
-0.303396496436952 -0.0303129423597502 -0.0105352860499692 0.160767623096696
-0.328655500008687 -0.173562126813646 -0.0716427223895093 0.147257224690926
-0.21035130276469 -0.38472455557842 -0.129183903432475 0.107126987372961
-0.00640781649227379 -0.492010552912698 -0.0866440882466286 0.184559810593466
0.0300258337841726 -0.317176244769894 -0.0030585438427927 0.207628898014243
-0.145155489119932 -0.244382979361032 0.211640803905569 0.207474754724666
-0.168488037216654 -0.0717832604575667 0.192192710485197 -0.123739550014404
-0.0857391298663748 -0.00101322699874867 -0.0402949432738784 -0.183831928631024
-0.102502767512782 -0.0491246088220807 -0.205187602002742 -0.0677771490298468
-0.171365377483846 -0.00999258249754542 -0.219008299314329 0.0700158532946062
-0.183552719794766 0.0705951851981494 -0.174900130703822 0.153987132028681
-0.177349702358782 0.0857422756932051 -0.156378218931667 0.182560922105373
-0.200127117372723 0.102500288694419 -0.140226487856964 0.16450969661023
-0.226037152637132 0.0400055446681675 -0.0909262738944579 0.147412236008242
-0.194926179264131 -0.0143626089464557 -0.0452787650741574 0.148016621576187
-0.213603619582301 -0.0240854106121533 -0.0555695176131064 0.168221746749955
-0.273289266032123 -0.141072324630108 -0.109434209730794 0.166647455007797
-0.180348572744647 -0.350962084773956 -0.121248832966103 0.127866753148507
0.0158918812755057 -0.435160013484211 -0.0750374050635181 0.292142076510566
0.00326926220291726 -0.196992826926271 -0.0033459130514465 0.250506148193231
-0.134901017728008 -0.113878573542243 0.210856860150714 0.16266523739584
-0.088382489932247 0.0219494547109321 0.119922896007336 -0.101978799434969
0.0169956083456569 0.0315641290730642 -0.0496319213890425 -0.130947049023968
-0.0116811688816349 -0.0520885906035887 -0.186608656338491 -0.0533640410491237
-0.0847108635217693 -0.0439160053941031 -0.22855800770229 0.0723016728774672
-0.108535727281185 0.00387030627814035 -0.218984566644209 0.167622125307405
-0.111200022491653 0.0156514048142121 -0.223298734995623 0.207697303092937
-0.12758534015683 0.0181877458379983 -0.217067642281194 0.183004482579728
-0.116840865252455 -0.0221160404913191 -0.165186239577107 0.137978379461317
-0.0702215361492809 -0.0292181151111788 -0.0969491184046707 0.125667497908314
-0.0886526518206879 0.0146354929358131 -0.0937524972510182 0.166355958362059
-0.182429974162981 -0.0724446250386722 -0.16170788487549 0.172801518613515
-0.121488003588293 -0.250403314040704 -0.122774063221355 0.116206235844814
0.0338612679727843 -0.300869900444762 -0.0655094612789628 0.364838385690658
0.011462233679265 0.0861399631800644 -0.00282247423988067 -0.402839956703141
0.0806425484346622 0.0597490559655819 0.0393520266655132 -0.0689416011151278
0.0860380960692559 -0.0537944369261816 0.206364911613908 -0.122305033356933
-0.0391527933119938 -0.0947389516072258 0.101761964343722 -0.172815357936927
-0.0793541909925085 0.00147238507793286 0.093215184651788 -0.0873022566162152
-0.0226046940507145 0.0486884474618806 0.179445162889349 -0.0841687430058444
0.0138853182096607 0.0483338757633661 0.238834822742862 -0.131535068897449
0.0174009586408623 0.0445531093412582 0.253986279480167 -0.176651450332308
0.0283648406654585 0.0518894346201138 0.23602735799065 -0.151630305435563
0.00169774495165 0.0591071441740512 0.217219785322333 -0.0633580350071261
-0.050408087872794 0.0471408733659 0.174922577647 0.0388675697622225
-0.0870620680392979 -0.0403129756782323 0.0501970397866391 0.101145291247778
0.0146227964190893 -0.0971598040811068 -0.060396137039889 0.0744514271562735
0.0685816453318123 0.0121342390080146 -0.143921065833614 -0.0778623668061013
0.0228572203979202 0.0822785052325485 0.0106067072998838 -0.196087554002298
0.0260704389115576 -0.0961386826560859 0.0236685291059806 -0.376612675041958
0.0279065270746744 -0.12126249122436 0.0534852360251605 -0.0100446589586393
-0.0205949395326662 -0.175683758624356 0.277652198581113 -0.111663329990999
-0.156977975359099 -0.162882300980673 0.125999508908196 -0.204187551361166
-0.209636612221658 -0.0319840219942975 0.0612705305495733 -0.0974990363798934
-0.157873530154863 0.0678173826603465 0.149430917636126 -0.0619148244663842
-0.0964064942754949 0.115438384105161 0.222706385083585 -0.0974243381103818
-0.0673485883966084 0.107247008826078 0.243328892631826 -0.144884646630011
-0.0467263596398519 0.109097083113773 0.223681499539384 -0.133157605851979
-0.0769275322210431 0.0843953452699543 0.209025807168787 -0.0480512717153705
-0.109876328413049 0.0450100076428869 0.166756694762627 0.0510571421123946
-0.146920634108254 -0.0466589944317576 0.0432136731975978 0.096147855387617
-0.0640128843409946 -0.135585721718638 -0.0515107122838034 0.0654144050525569
0.0245748323660395 -0.0964723997275503 -0.148948044693376 -0.0512498737588129
0.0322646901859548 -0.0729561189479329 -0.0295454841030847 -0.177222339969739
0.0540112014723567 -0.257790334539925 0.0363469999588461 -0.287709603635494
-0.0133562414096551 -0.292195730170053 0.0775445654604997 0.07103370181907
-0.124795565786994 -0.280024883939928 0.332485247916703 -0.104715952810726
-0.259075867608385 -0.206581887433924 0.128612267008188 -0.240931572247802
-0.305557559745009 -0.059181723171002 -0.00226927817568159 -0.116055764011911
-0.264399515180038 0.0720943658959401 0.077034509657225 -0.0365879573263473
-0.191721244410279 0.159784760580267 0.164874981498136 -0.048230721196671
-0.141475650565828 0.1539286096365 0.196526332362714 -0.0912532822136255
-0.116263967351539 0.15866401151615 0.186984255913391 -0.0951903888473986
-0.153630897857765 0.111984265909009 0.188490518485074 -0.0250550148433518
-0.174314841960596 0.0502563913613323 0.158360424855382 0.0637170604100911
-0.214251932077181 -0.0436432128414701 0.0423478349343823 0.102148319308059
-0.153717126448372 -0.160875605074237 -0.0483217845193157 0.070556541398689
-0.0421033561997329 -0.199455440761496 -0.154101627198794 -0.0211692860889784
0.0236881719596343 -0.227227853405344 -0.0643295707142507 -0.128197374122432
0.0779716951193235 -0.367824249370965 0.0334184224582648 -0.156441898304201
-0.0490493962748563 -0.403046398076073 0.113561120369761 0.156519945867431
-0.206121983818979 -0.325248975350498 0.35630657144875 -0.106181894110486
-0.31363656181406 -0.196712880426792 0.102934641550234 -0.268456113345641
-0.339172364497687 -0.0665819129375295 -0.082977613274048 -0.128472230885496
-0.316637746191493 0.065932749381009 -0.0192952706897046 -0.00844038924735882
-0.25109106299934 0.17500673569631 0.078938208930117 0.00858100464733346
-0.194533338267682 0.175403645283861 0.122263344413574 -0.0217524541984617
-0.175114835337934 0.189764999207036 0.126704937656334 -0.0358307634847184
-0.222475468736813 0.132705024558659 0.148498801934181 0.0140678571808415
-0.237416144000969 0.0566820077457296 0.137918046398651 0.08585685417414
-0.280425411415096 -0.0363084917318094 0.0387353169326804 0.118640587993931
-0.243737214477568 -0.176125176474695 -0.0474200166779922 0.0893721296700144
-0.117801496630107 -0.287931679446654 -0.153131569698353 0.017421017173733
0.00665720198499317 -0.359809924499938 -0.0860955824580263 -0.0461334543227102
0.0825383083767684 -0.410222788108391 0.0185727405610066 -0.0115228076311992
-0.0868515075478357 -0.420342926449418 0.155317957720916 0.216822767539528
-0.24173239452824 -0.285172185995882 0.334722224305584 -0.118412920103345
-0.290250215715369 -0.137037283912716 0.0528977314225978 -0.269608166571348
-0.298886871699194 -0.0574355406568183 -0.154813979565885 -0.119684973545202
-0.306263197843628 0.0499191810327916 -0.111875462391451 0.0218860576166104
-0.264696592416174 0.160812105249385 -0.0159848911941323 0.0650903882834729
-0.220795482691623 0.168625329853478 0.0309682277468159 0.0526939971241448
-0.214303028282218 0.193821407867715 0.0475227413431783 0.0365075164876848
-0.269166521262547 0.130441293361455 0.0847482224315382 0.0672504619253745
-0.275979764226498 0.0488931405546665 0.0942180446244014 0.115573781366796
-0.31580042299805 -0.0327623145169731 0.0209185225285967 0.140156141899388
-0.306804986351242 -0.181951032545385 -0.0540967416904061 0.114990608481061
-0.177040910618084 -0.350838140647436 -0.142747890151154 0.0607119416551027
-0.00453667557777177 -0.448888923751151 -0.0914850240856742 0.0596906994109728
0.0658419731284515 -0.385582851487199 0.00226428054375268 0.11467243547417
-0.120057788525353 -0.35213565326296 0.18754640216429 0.230054720440819
-0.219760781416448 -0.184354224267785 0.270660171577139 -0.125133972167351
-0.19671235053785 -0.0621443863323305 -0.000401104204934168 -0.234294833627325
-0.204074261082014 -0.0507795567410618 -0.194020349730722 -0.0943966585901782
-0.248299284510156 0.0222209171841246 -0.178437533666957 0.0473982291536507
-0.237605154782761 0.121506283147171 -0.101711123115839 0.111452563725083
-0.214098893537266 0.135529583647527 -0.0656812702244014 0.121120344570071
-0.224678357716093 0.160374071823946 -0.0453210180672614 0.107082879749776
-0.274375268884959 0.0941431272701038 -9.74360082730998E-05 0.116860760381983
-0.26490108372947 0.0184373677604223 0.0274612113357764 0.139852765336836
-0.291719123423951 -0.0373931119639274 -0.015136924007592 0.1573689172935
-0.313603200264491 -0.1742413536022 -0.0737203557510331 0.140990247701745
-0.195027176841028 -0.375355565914967 -0.129376286126059 0.0990923941311979
0.00245263016128815 -0.471414602808821 -0.0855469948666445 0.174383873874316
0.0356534840786757 -0.306472187809947 -0.00808494867159076 0.201118153959874
-0.135791713619178 -0.236133347105871 0.20106780821051 0.202885046056995
-0.16027379388986 -0.0705056669473073 0.189368562015895 -0.11867447151272
-0.0808963131608419 -0.00307815184977119 -0.0338235030794395 -0.179221390759741
-0.09925425199889 -0.050209304146577 -0.196038005247264 -0.0691771755638765
-0.167867942455533 -0.0109260804727189 -0.21306290330205 0.0620703426194974
-0.180967366281144 0.0658168000534521 -0.169842540455821 0.143670666539256
-0.17529413304739 0.0811141839125134 -0.154129991367636 0.173387921976513
-0.196247973857758 0.0971244664842701 -0.139303120619951 0.157202916766302
-0.222175040616413 0.0349043540567654 -0.0915932974147395 0.140826942621859
-0.190727707703421 -0.0179014980561637 -0.0448904638440697 0.14091653033379
-0.203793513548027 -0.0300434446790875 -0.0592910961588189 0.162121810450519
-0.260703912611411 -0.141254984001289 -0.109871408125852 0.159211497556893
-0.167418687093657 -0.341245590668374 -0.122067697235728 0.119516875926888
0.0209784828997538 -0.417638650788344 -0.0777752705036541 0.278524368290967
0.00663743801321075 -0.191026949533554 -0.00985657521045658 0.242923871184511
-0.128700805024562 -0.109071923495294 0.200405483663487 0.158717744227296
-0.0848957321714301 0.0208934310546454 0.119407106775163 -0.0981587731827214
0.0173073616675301 0.0294106941127793 -0.0436605925579446 -0.127945752778669
-0.0111878865090517 -0.0511893235349438 -0.179306179834408 -0.0557015464062496
-0.0839338192124134 -0.0418564191528583 -0.222918713962815 0.0643057614188551
-0.107251394999834 0.00245236882290554 -0.213986136678439 0.157471605132615
-0.109814800235147 0.0144517663596141 -0.219764631575291 0.19810076516546
-0.124883888172439 0.0167640506087426 -0.215296231502727 0.174397601926776
-0.114621203857744 -0.023561114906026 -0.164792506519595 0.130328995524197
-0.0687836993311359 -0.0303995646773731 -0.0964343594907099 0.116391798784936
-0.0839854662256204 0.0104290526057781 -0.0950010250815725 0.159109755946338
-0.173656906129824 -0.0728941285482329 -0.159522079068153 0.164971476986084
-0.113001939293615 -0.24290381607309 -0.123845758968246 0.108812596704624
0.0366284120706749 -0.288440987023848 -0.0711094267594705 0.348675184217371
0.0104398698351358 0.0859397240483394 0.0143997500498816 -0.401167406214573
0.0803854933885533 0.0608002122167376 0.0464082169144019 -0.0643533496600408
0.087142687209846 -0.0529589917090906 0.212906140921555 -0.117915030566676
-0.0369128394343453 -0.094097555305866 0.106567145096225 -0.169910239172717
-0.0794204470476401 0.00117466041492287 0.0979717461933506 -0.0827658505537389
-0.0224691529111496 0.0480165068438832 0.184958811822947 -0.0774771551226261
0.0131577529016823 0.0485454518143589 0.247634101367733 -0.125445387236245
0.0164337942023272 0.044673544635529 0.262927094413638 -0.172287070511765
0.0270722006526062 0.0511305626931697 0.243577397005852 -0.145338777184598
0.000533632335022027 0.0585671868830055 0.223124138520897 -0.0559892356439639
-0.0507565708030886 0.0462925215174218 0.175294749765693 0.0453801625452817
-0.0862563410553734 -0.0416512361028018 0.0474602648256366 0.103760789765286
0.014226329103677 -0.0970731342571552 -0.0630971199278725 0.0733257387316081
0.0705496103865777 0.0153019122075706 -0.143301483502798 -0.0836481278931005
0.0227859026695115 0.0826656503924668 0.0211553234798406 -0.197201228125899
0.0320765796768613 -0.0964364600233921 0.0396748308639871 -0.374161497608582
0.0338650914900868 -0.121796916603479 0.0579473706043811 -0.00532153008545358
-0.0149540874762928 -0.177663369287645 0.282608449167697 -0.104574417707075
-0.152356135970678 -0.167916403180125 0.130891695528574 -0.200188540111045
-0.210005564187362 -0.0373649954943444 0.0662869493824518 -0.0932945054920271
-0.159687759984785 0.0632250867686323 0.153810952512909 -0.0558315718319665
-0.100752460158736 0.111853670198311 0.231251914677951 -0.091387495798519
-0.0714983554826352 0.1054603494679 0.251477239428024 -0.139946988130614
-0.0506312697831321 0.105907627221602 0.23162361879833 -0.126891135110997
-0.0796598941331665 0.0809753007662778 0.215600238851157 -0.0418759674348597
-0.110841306393097 0.0418193353987159 0.167820251465692 0.0566717753206624
-0.145200130380413 -0.0507455515079974 0.039451529451257 0.099589523514642
-0.0623353338843584 -0.137945953577947 -0.0542112531945679 0.0650996349029249
0.0301500099617547 -0.0949651947023736 -0.148848711689784 -0.0572303906198068
0.0372940685960498 -0.0716656824296264 -0.0202873534615331 -0.180482201252457
0.0650041320673556 -0.257525531700704 0.0482328961177456 -0.285853996169232
-0.00120494024708962 -0.294705499900812 0.0794859157364761 0.0770832304447141
-0.114887516793653 -0.285604669547204 0.33726459194459 -0.0963552019625667
-0.252585616874869 -0.214556223921808 0.135578298072987 -0.236371109309748
-0.305413383411674 -0.0678467210859386 0.00384389852727873 -0.113429124708732
-0.267546159811732 0.0634285952935421 0.080949296443845 -0.0334063319970446
-0.197813416895249 0.153362829304104 0.171954332131546 -0.0438997065713669
-0.148090829464109 0.149693996255538 0.203003390884584 -0.0873919737161218
-0.12211892755147 0.154035420660606 0.192857766334628 -0.0889821216466076
-0.158486550299285 0.107003937109773 0.193906096079019 -0.0195084369980694
-0.176217753766405 0.0452009729571585 0.160088870213343 0.0697944486862597
-0.213405604456161 -0.0509955929853249 0.0385871698589757 0.106587667366659
-0.150771193043784 -0.166325413620742 -0.0520521964062007 0.0703281518063819
-0.0326683603139016 -0.199403656538921 -0.155634237661517 -0.0280489199579172
0.0327805358865177 -0.225333209970563 -0.0577577599212125 -0.131646429560602
0.093215610133016 -0.366521062609034 0.0390578702712937 -0.154956489880926
-0.0342496002664996 -0.405587525410339 0.111778550743102 0.16314767040554
-0.195297537414045 -0.332911066419634 0.361985135266474 -0.0983094506416365
-0.307300302432503 -0.206525786631718 0.11204391912316 -0.26626465038945
-0.339453484901607 -0.0773767982232433 -0.0764846779525259 -0.129190510598997
-0.321210099936568 0.056762688557264 -0.0170536842067588 -0.00923221559321041
-0.258927023119341 0.166930547786341 0.0833780276210762 0.00970291850209369
-0.203710849938432 0.16988229768116 0.126459983988015 -0.0205725861921721
-0.182547180313668 0.183798439194737 0.13033298456655 -0.0321372642748899
-0.229512743739516 0.12545905163505 0.151520392222363 0.0190911723325341
-0.240767015538909 0.0490048981518274 0.138666355937235 0.0905216580915773
-0.279436401561414 -0.0467780731078552 0.0336282994704361 0.122708713348726
-0.240319433155468 -0.184372877510625 -0.0525302625182772 0.0886708307008927
-0.10596669060198 -0.292010492032761 -0.15630321385603 0.0103095981974145
0.019565740649191 -0.358827387103436 -0.0823593239738653 -0.0511929867118592
0.0978952097359949 -0.409652535412768 0.0179134129660824 -0.00990868053590216
-0.0724914730385902 -0.422805007640781 0.150622521702814 0.223846484681019
-0.230641934661223 -0.292930886041747 0.340436635215152 -0.110205627241953
-0.285152779775287 -0.147333712300171 0.0621363475831045 -0.268430518616183
-0.298645789576674 -0.0679714653109023 -0.149365783426401 -0.123947889315891
-0.310473358395806 0.0416400672889197 -0.111220788529156 0.0170368335116134
-0.272437312632785 0.15316381991696 -0.0135415574506286 0.0624105582849454
-0.229257979474871 0.162958663088097 0.031672964436008 0.0520383610840214
-0.222771136867282 0.186427338650516 0.0472838109031832 0.0387153661881541
-0.276716007469183 0.12146005049024 0.0852789401046702 0.0699381177283629
-0.280721117909541 0.0396599448141749 0.0940255133728412 0.118881349387999
-0.315182357657356 -0.0458897142114335 0.0143319481976384 0.143778940301909
-0.302315947600728 -0.19153548087955 -0.0598158101095258 0.113821981018474
-0.164080751932385 -0.356727056494591 -0.146671907154694 0.0537589342370076
0.0120282045112627 -0.44704819446317 -0.0918254831123406 0.0544706030758219
0.0797294290447185 -0.38589397087047 -0.00270524152318268 0.115420040016031
-0.10684729370974 -0.35570178086116 0.181856516712644 0.237582240653358
-0.212976926932121 -0.190227129239256 0.276680684079833 -0.120363101622281
-0.192782330046969 -0.0690882428279568 0.00843878592540426 -0.236156434004332
-0.204142115150185 -0.0582445358716214 -0.189469124833529 -0.100780305217316
-0.252517481040456 0.0156932946144285 -0.179321368687895 0.0405036560480984
-0.244832455704883 0.114312286000095 -0.102681757860383 0.106827012010135
-0.222079752350448 0.130755005886021 -0.0682031660686904 0.118141446185323
-0.232587650239921 0.154316614553534 -0.0482209911528414 0.106916622131435
-0.281168234338356 0.0858442005535336 -0.00241387871502436 0.117158699676489
-0.26811818680339 0.00945638175793707 0.0253809941954183 0.140246837842524
-0.290084481064163 -0.0506206198030676 -0.0230108781288287 0.159416203863691
-0.307185076131883 -0.18526167594191 -0.0806143850039172 0.139160177755423
-0.182337493237201 -0.380932315244202 -0.135276850200346 0.0934598013513741
0.0182140664737644 -0.470676490026286 -0.0912594657591962 0.17007798020464
0.0461301899611963 -0.307597061489107 -0.0163552342533154 0.201647487175814
-0.128369961558549 -0.238661796741246 0.195492231326917 0.209124117535738
-0.157269184561167 -0.0747826434383525 0.195132768875019 -0.115086169394516
-0.0789324689052511 -0.0062939060833423 -0.0262995097701319 -0.182020597983368
-0.0996906731612803 -0.0545657300887528 -0.193345567722573 -0.0763970035064988
-0.171213006056616 -0.0146047853944556 -0.215340525249559 0.0534090139229604
-0.186512379360923 0.0608666330500742 -0.173256878993256 0.136335071614883
-0.181643639066214 0.0773378550992806 -0.158814899054937 0.168554773579464
-0.201759377779768 0.0921016173882409 -0.145351301228418 0.154096826650069
-0.227173210219816 0.0283532089869801 -0.0965758293843352 0.137937164507575
-0.192622184493174 -0.0249551156630902 -0.0489317461834128 0.137367794047191
-0.202246074895631 -0.0405031395834673 -0.0673149269241279 0.161982240596857
-0.255859204394981 -0.150106379768668 -0.116113036716774 0.156699057371095
-0.156525191776794 -0.345514794544526 -0.128961886336136 0.113792578008374
0.035060642713157 -0.415652097570993 -0.0873172350634547 0.274253078421036
0.0127083065293936 -0.192553191533047 -0.0201222047959155 0.244162943888068
-0.125472377606332 -0.111102100234209 0.195877760658099 0.164032769652246
-0.0849393155328847 0.018571202511181 0.125180330805843 -0.0965095682295964
0.0183734725279582 0.0291439948364533 -0.0383529538183591 -0.131724337736023
-0.0109058669692306 -0.0528331690540651 -0.177773159174653 -0.0619083672538579
-0.0853955736084732 -0.0431079364233683 -0.226905583573859 0.0561281846983886
-0.110465786000263 0.000846287628170884 -0.2195195860277 0.148711867353052
-0.112814798174454 0.0122929054724124 -0.226665860073282 0.192104887336785
-0.127157910488646 0.0147633212691397 -0.223069028912417 0.169606982927462
-0.117046987670285 -0.0271497715334223 -0.171483671158512 0.125961139089469
-0.0697413896912964 -0.0336547582683284 -0.101068994907305 0.111479388658501
-0.0826841725735521 0.00477647549479763 -0.101256905135231 0.157199649875789
-0.170655045147981 -0.0772746577627463 -0.165471618707461 0.160359891397865
-0.106138129665991 -0.24574218168943 -0.131197904269922 0.103200208812055
0.044743869061499 -0.286303247530925 -0.083047162572249 0.344419980873133
0.0113833913369705 0.0888772037212711 0.0257171345354851 -0.415186108053868
0.0837160332641254 0.0637805686648941 0.055856911968286 -0.0630305167124155
0.0911728671462315 -0.0549010758129959 0.225111961581431 -0.120667831459417
-0.0373168695869201 -0.0966787956436224 0.112982223545923 -0.174422396205658
-0.0829062263777377 0.00228024889483633 0.104521070160212 -0.0825092887011832
-0.0226413385785473 0.0496526649535607 0.197679469816411 -0.0764577482617493
0.0134685061245965 0.0497591378075056 0.264151522880424 -0.126849972320467
0.0165162967838145 0.0464035802914728 0.279993420805003 -0.178741933140515
0.0281188020321001 0.0521061373275261 0.259943260200103 -0.147490940863122
0.000242188116755719 0.0601649955558129 0.236558059866074 -0.0550816214439546
-0.052181111831851 0.047830355620951 0.182810074241977 0.0507422432972725
-0.0891323396850012 -0.043950107771438 0.0466074186398609 0.110312716441792
0.0135653782231116 -0.100547646454365 -0.0665560946283056 0.0763064829665187
0.0755707378427222 0.0176550784062261 -0.149561113938514 -0.0896275444884804
0.0257595006771279 0.0853857367068131 0.0293716516251942 -0.207686907304008
0.0375760295307267 -0.101648266336228 0.0495589654543709 -0.388916564454692
0.0400803713273386 -0.127905205462074 0.0659528824416155 -0.00122912363337961
-0.0124197784312499 -0.186784031643508 0.298057209603738 -0.10654727629222
-0.156057069868449 -0.177483816226074 0.139844957262873 -0.205680544193211
-0.219374489111399 -0.0403054315504858 0.0728642898080509 -0.0932548137647905
-0.166763596558879 0.0636587646403675 0.164753463318737 -0.0542620714389105
-0.106927442638693 0.113626401896782 0.247433232753928 -0.091727156984024
-0.0767522879013966 0.108139247022007 0.26725125132113 -0.144992712551239
-0.0540713521759093 0.108509871288732 0.246488582426511 -0.128901395613711
-0.0848553032139377 0.0821236930032095 0.228784370531318 -0.0399823360961217
-0.115101631588476 0.0421122449834058 0.176612636559607 0.0631201335645229
-0.1501595472573 -0.0545525638033725 0.0386046868471209 0.106491816483006
-0.0651073804167096 -0.144201789316159 -0.0584509555686177 0.0671713839780243
0.0362440138274683 -0.0979937942549084 -0.155676055052916 -0.0631869341816627
0.0434529947196428 -0.0742546704182636 -0.0148115222792663 -0.190132226140328
0.0755056129839308 -0.268136649793663 0.05671899584472 -0.296469757695588
0.00719483197195061 -0.308186080319414 0.0857077399668759 0.0843847716408375
-0.113606126761282 -0.302211235772384 0.354885633223241 -0.0970728031225996
-0.258365089926272 -0.228553132724071 0.144740636990107 -0.244299305592278
-0.318222827349915 -0.0759469385493209 0.00822431092013472 -0.115471604549817
-0.279954280999324 0.0621928050491974 0.0876017947389044 -0.0324812092251407
-0.210110622187554 0.155608874662347 0.185426915658754 -0.0449230756576571
-0.158956703316952 0.153620096837474 0.217162129868291 -0.0907505109664262
-0.130921135907106 0.156703835732472 0.205152728945479 -0.0900674495846222
-0.168358443406688 0.107590057841876 0.205410798049613 -0.0170565142726479
-0.185116437873293 0.0435973147213874 0.168837664275696 0.0762412450787863
-0.221184136163139 -0.057116702125503 0.0371888050757948 0.115189809019077
-0.156222633800645 -0.175445712804409 -0.0567381450982497 0.0728943583868792
-0.0277098359181461 -0.207650242677142 -0.163532187471778 -0.033482844516414
0.0410818371774837 -0.233158383889615 -0.0543187021301454 -0.140250806439364
0.105961136773282 -0.380673755660022 0.0430720999765577 -0.159500481050733
-0.0267266356575495 -0.424383779855785 0.116455589277282 0.17514120156583
-0.195608075869913 -0.350949409127103 0.379694122093517 -0.0987832747917204
-0.314606789889172 -0.221553213266088 0.121325968481431 -0.276344089459024
-0.353847827070473 -0.0864925452603359 -0.0750037948321532 -0.133511868981908
-0.336469566891576 0.0537090209165734 -0.0148659723161418 -0.0102439899186923
-0.274640164903111 0.168820360340397 0.0921741975290092 0.00955808812172283
-0.21785534828181 0.174416528992418 0.135145832361645 -0.0222445344603897
-0.195183450653745 0.18771280102617 0.137883421762099 -0.0307579327462288
-0.243520975715273 0.125391273092283 0.161107811197921 0.0214238584273155
-0.25369368978457 0.0461808630425723 0.146322558857975 0.0972198401032271
-0.29107333266559 -0.0555297395573584 0.0323878721113165 0.132639982051568
-0.24813349363763 -0.196100813706344 -0.0578620486676441 0.0918330053148951
-0.102351310655865 -0.304193476105912 -0.164742083799318 0.00599372614446373
0.0292012842890489 -0.371427876197806 -0.0829697787500024 -0.056820696522189
0.111234780297513 -0.42516513484939 0.0172582658267343 -0.00957235158288273
-0.0660984772221308 -0.44185414156448 0.155367595087602 0.237853137366479
-0.234147953273246 -0.309868966386051 0.357900591926286 -0.112434493167916
-0.291859467562265 -0.159126165217427 0.0701307091822315 -0.280263234384579
-0.311395505532298 -0.0763031628077404 -0.15171066777291 -0.130675533964603
-0.326987220649748 0.0375250863972605 -0.114277843343934 0.0154346534925953
-0.290333608502322 0.153693961419386 -0.011138565094535 0.0627447191663986
-0.244881026249388 0.167265380028294 0.0344227748597812 0.0519305072235325
-0.237540286174082 0.189771743166065 0.0497187375879136 0.0412575674339447
-0.294334805696082 0.121869230104519 0.0904973691834748 0.0744393402231063
-0.295821632301734 0.0361369199408167 0.0992415484514279 0.125227310464899
-0.327407009781213 -0.0566575943177029 0.0105283665328369 0.154180826168501
-0.312174542114499 -0.206347493886783 -0.0674439597287816 0.1183530386498
-0.161431831578574 -0.374436746258406 -0.156795344124869 0.0507036719063347
0.0219337294290921 -0.463180809596743 -0.0954890821402228 0.0530358990600554
0.0907819348056709 -0.401299979446972 -0.00705050831758384 0.12087521595358
-0.105490932684425 -0.37136268321313 0.18546103118398 0.251683779202842
-0.218294306300836 -0.201202519862558 0.29161685826959 -0.124218846600375
-0.197341302997804 -0.0759329227715138 0.0144648241232194 -0.247658734134214
-0.213480215247133 -0.0656492616851714 -0.194009543161691 -0.109038146264978
-0.266206016873804 0.0124497477494781 -0.186535856122229 0.0378889927900247
-0.260608503861549 0.115835443075527 -0.106062375097622 0.106255028561242
-0.237118951486754 0.133686925100022 -0.0720009194254639 0.120103874805403
-0.247102965764076 0.156525558704312 -0.052143730957666 0.111688277915339
-0.298342819974632 0.0846273191147235 -0.00337681595291284 0.122018330600055
-0.2822625857866 0.00424380916297637 0.0258941941743554 0.14525736595793
-0.301300084026113 -0.0614570987031977 -0.0287538947144222 0.169006250269774
-0.316519105185593 -0.198729343633445 -0.0882912128781572 0.143720030003184
-0.17922025064954 -0.400139198988001 -0.145495867071198 0.0915972405267725
0.0285038701133612 -0.487071407362475 -0.0971916871572501 0.172937734509642
0.0537233117119277 -0.320824959491218 -0.0237257434930471 0.21079653700095
-0.129953288552824 -0.248701241148161 0.200113679603065 0.221161390876408
-0.162580913666248 -0.0796617969859173 0.206658944301906 -0.120060978682035
-0.0791942319549435 -0.00970883063495887 -0.0227684391677121 -0.19257083962192
-0.104296760140968 -0.0595229694628888 -0.19924919603903 -0.083426705495524
-0.18098871006738 -0.0171924828196526 -0.225717054823915 0.0504045743407686
-0.198989596102416 0.0614148581507398 -0.181662422497982 0.135807467612243
-0.193805110953436 0.0788851947754907 -0.16860763730479 0.17212295844014
-0.213669656141091 0.0934139270613624 -0.154851751089008 0.160035353494271
-0.240718516784539 0.0254256912621594 -0.104090812832119 0.142295852389097
-0.202074317011792 -0.0300574243850765 -0.0537452150962192 0.140822030702945
-0.208804111548811 -0.0492380231691353 -0.0745470468580091 0.169407818970894
-0.262395761852144 -0.16014489938358 -0.125607494745735 0.160369519935884
-0.15569809616959 -0.361906987344328 -0.140209284337371 0.113514573034654
0.0435468562751817 -0.430569353369461 -0.0962816950186647 0.28127609911236
0.0164388029220674 -0.202236253966207 -0.0286829536848586 0.255462858838744
-0.128967050026811 -0.115884276468348 0.2004399316518 0.17320141278716
-0.0890700609962427 0.018920206544727 0.133045683216969 -0.101306681834076
0.0207044118313947 0.0291741651285024 -0.0352417413263191 -0.140758540795386
-0.0118635177019831 -0.0563418096939995 -0.184793872855662 -0.0689410163373682
-0.0911610706357688 -0.0447006551320777 -0.238951371814928 0.052328717807227
-0.117276878851891 -0.000580900346864192 -0.231909588933662 0.149554745477545
-0.120553487554921 0.0127048217776612 -0.240696838320188 0.197204155342993
-0.134522033663434 0.0148108591644428 -0.236855045962791 0.174479289906518
-0.123992083243983 -0.030421231545221 -0.184231022616199 0.127547107451313
-0.0731485819061886 -0.0376564490853754 -0.10829359718143 0.111548499597512
-0.0848836584105308 0.000832520593136252 -0.109660841209469 0.162646432051059
-0.176031389623905 -0.0826015962996215 -0.175691760518649 0.164198429342449
-0.106739523295909 -0.256954013419185 -0.142421901260212 0.103213605173635
0.0509164264505253 -0.295646647237107 -0.0943630133229921 0.35405392961517
0.0153861025359616 0.0932259619061531 0.0221927636732964 -0.441111656020006
0.0913548819570261 0.0650100679596551 0.0645185135980056 -0.0661573093783466
0.0942476200778892 -0.0620303328298363 0.237776990428182 -0.135359445434515
-0.0427469052671169 -0.100580612395691 0.114549239695426 -0.187729854070446
-0.0871297073539773 0.00648878129061206 0.111462757085648 -0.0876772064344008
-0.0214671980337429 0.0534935097031978 0.211622654244904 -0.0851352981941362
0.0166466015183305 0.0520025446850274 0.282193836824669 -0.14239036377181
0.0191449292107317 0.0485533957383127 0.296070899064201 -0.199704036403623
0.0312219063695776 0.0530841398353717 0.275115675763219 -0.164414855741434
0.00275020413569411 0.0629906099000448 0.253287793209236 -0.0650408220179793
-0.0528417161216724 0.0523265852383212 0.19680762373056 0.0508261737761756
-0.095768255992989 -0.0434690301105905 0.0519127206581482 0.117963047638471
0.00859852842368094 -0.107025610303338 -0.0689120885243626 0.0836081441960509
0.0834173010150746 0.0168204328480474 -0.163120902409574 -0.0915341237733724
0.0320762792954592 0.0882308946206439 0.0292691679771213 -0.224389266194748
0.0397212484867974 -0.108731777165862 0.0466096700803918 -0.412720165971348
0.0411958268996752 -0.137762245398204 0.0760220525627058 -3.65974166337331E-06
-0.0179134166740313 -0.200165846225103 0.314917032318678 -0.122848974180345
-0.169545529014069 -0.184163646747759 0.141444826836478 -0.222225924820185
-0.233615703951386 -0.0362926075770793 0.0775311875484098 -0.0977467533440523
-0.175089724632473 0.0713835702585175 0.177540600624116 -0.0600419170860745
-0.111324480157279 0.122937177999003 0.266991231511391 -0.105125457547585
-0.0792693447364813 0.117092640886225 0.283995526259647 -0.164736394220694
-0.0558228392917262 0.114622755407314 0.261409557940977 -0.143316208357787
-0.0883358045363045 0.0890885957596242 0.246440476254676 -0.0494208396823855
-0.121089673786185 0.0474797902666116 0.191847941130948 0.0637242561101234
-0.160991964631706 -0.053855987066254 0.0433562716864787 0.115769029661493
-0.0754625926810968 -0.150136278173223 -0.0606726795369075 0.0736938171689166
0.0395733742004896 -0.104497583800559 -0.16914580816048 -0.0640808747485636
0.0469275813681277 -0.0804977070393068 -0.0168954388662025 -0.204283009938025
0.0765294233367881 -0.288052966195542 0.0545332442337627 -0.315131283412509
0.00258271064290066 -0.328977072905482 0.0982162638444474 0.0912439278540682
-0.127483017955886 -0.318920953929851 0.37541229076198 -0.115085982971111
-0.279301597955163 -0.237692298691315 0.147255848942508 -0.263355592620164
-0.341135787695799 -0.0725108544262278 0.0089961316672215 -0.11998521317378
-0.297118836019074 0.0728584158851447 0.0961746510336775 -0.0357585872216532
-0.220689633355091 0.169765821124751 0.201793959258474 -0.0540339385981135
-0.166519288785798 0.167521252175822 0.231437024564792 -0.105748337094947
-0.13714060912646 0.168359614051851 0.218765940003123 -0.101456143879182
-0.178030487011212 0.118230864059815 0.222633744522891 -0.0244495275918378
-0.196187173599867 0.0504648048502114 0.185109002296978 0.0771527939139238
-0.23638227989558 -0.0562254881130007 0.0422560834845093 0.125443674806229
-0.172336552399341 -0.181449874793119 -0.0597160012580939 0.0797685294353517
-0.0307337319525755 -0.220240665727273 -0.177402901340223 -0.0324552575211592
0.0409342655892865 -0.248587411532251 -0.0586441667653901 -0.149945826869075
0.106691742305575 -0.408963011101053 0.0415424957212626 -0.16933580296935
-0.0342650691215232 -0.449993268657759 0.131339579067877 0.187023218789338
-0.215570200357462 -0.368264067785454 0.4021458317708 -0.118079314171295
-0.339706492075129 -0.230174119915482 0.121642249984597 -0.297432259791852
-0.379687103773487 -0.0842196896358314 -0.0798104774125828 -0.138416099779085
-0.358744104549198 0.0652025129708076 -0.013121666977668 -0.0102065239994331
-0.290150970040332 0.186625420983004 0.10359904069469 0.00501737974966754
-0.229716005980826 0.191339337133623 0.145656127562032 -0.0306408775085455
-0.205068312290046 0.203328722906317 0.14888543506215 -0.0363065450660893
-0.259016247202228 0.140537712533316 0.175423672372922 0.0184170178292102
-0.270175791927468 0.0547875362256281 0.162683725893672 0.0998289194669996
-0.310952050763815 -0.0543109789719285 0.0364972109605377 0.145170989796922
-0.269911508798425 -0.202238182808751 -0.0619004344566026 0.0998904664412237
-0.112128235833451 -0.321339997378148 -0.178264989031454 0.00845598983205629
0.0257781794845705 -0.393798800287022 -0.087622166367548 -0.0606693053783443
0.111044856793574 -0.456265095829733 0.0159318179525854 -0.00900470976233755
-0.0796187756801987 -0.467614868290485 0.172860526009798 0.252084210554461
-0.255413267735153 -0.323594543629915 0.378703370652171 -0.131848689305211
-0.311319380024913 -0.164018288828798 0.067687294539675 -0.301601517323264
-0.334513285258192 -0.0754457453217449 -0.161455194497809 -0.134702012975412
-0.349125489314542 0.048736189444407 -0.119936307262575 0.0185158222610438
-0.307966945061556 0.171763145932488 -0.00607537716010687 0.0634610015543467
-0.259365841309284 0.185320636382246 0.0398005475201933 0.0512238850357901
-0.250738930158109 0.206931698815144 0.0558185500738217 0.0430738609752982
-0.313898372827843 0.136886276832322 0.100454992063088 0.0761553675664775
-0.316236811823699 0.0437530977873054 0.11137223109226 0.129781539496106
-0.350210897686477 -0.0552487513424246 0.0139676626990013 0.168712903607229
-0.336942771054609 -0.211352749223566 -0.0714424872797938 0.127911954155125
-0.177266160643501 -0.394713224324225 -0.169194009745504 0.0563864031464248
0.0139494699813269 -0.490810268683372 -0.099214996125352 0.0563564458525863
0.087439061626124 -0.430039492622348 -0.00879342066424816 0.129926179082287
-0.120822161454904 -0.390197503585672 0.20446331271037 0.264034860728347
-0.237031775087545 -0.207345096584898 0.307855822141445 -0.142326348937362
-0.208605027871205 -0.0769724754695285 0.0098958164817137 -0.266373987685736
-0.230161612385921 -0.0664732340582358 -0.206674349925139 -0.110925578211201
-0.285583703123681 0.0220322054195629 -0.197171287233427 0.0436415510492002
-0.277961517197923 0.130232577272771 -0.107925715495847 0.112179202382175
-0.252242045718769 0.149314569771476 -0.0719503948854453 0.127071549016741
-0.262294248149198 0.173311247383777 -0.0519234360359066 0.120239055137664
-0.319790066615587 0.0974149167983199 0.000406922042928326 0.129908049428626
-0.302684079874676 0.00948089819273981 0.0324802828591986 0.152591975059369
-0.321877434578025 -0.0623720636812443 -0.0287537555393833 0.184334618952759
-0.341649843640854 -0.203412003716079 -0.0932210360171342 0.155420686041791
-0.198549941427837 -0.419784752844389 -0.156498361320417 0.0985903954925191
0.020729393491781 -0.516685215518073 -0.0992560890490068 0.183541247105108
0.0487453484890184 -0.345031969795103 -0.0240315824749792 0.22621802478448
-0.143294510911419 -0.258519635966169 0.217580682147915 0.230038231896972
-0.174793380544568 -0.0790209821430945 0.217114264052287 -0.136531158548318
-0.0818348641398598 -0.009563881303737 -0.0275790285026976 -0.207466425907644
-0.113760851227185 -0.0620121665892601 -0.213263673685403 -0.084579360646086
-0.195942558232735 -0.0118215463577127 -0.2397757981717 0.0577787918752168
-0.213813931955236 0.0716071349457122 -0.189659797905463 0.146381067551241
-0.207102809166944 0.0908898009050321 -0.174470151783499 0.185790680391116
-0.227895407842119 0.106133944024589 -0.161409778461188 0.175089578680601
-0.259610421713575 0.0329379424142596 -0.107945013881081 0.154278170654728
-0.217936400586326 -0.0290414643331726 -0.0532517740210923 0.14882421619069
-0.222356874763482 -0.0513950715552756 -0.0777476909790536 0.185398510647675
-0.282183529520213 -0.163790110787986 -0.131400133042908 0.17381178578819
-0.172112410059446 -0.381425783507505 -0.150816703898869 0.121929864974648
0.037647841845402 -0.456816760698053 -0.0974807079797455 0.297908056852711
0.0115156731892556 -0.218114470092963 -0.0286488585348607 0.273989117689602
-0.139966441212946 -0.117017526053513 0.215656919420257 0.178236227961941
-0.0942424723746354 0.0229283196247436 0.14064943580267 -0.114505409221633
0.024422007095987 0.0283957937000419 -0.0398010504735558 -0.151866475088237
-0.0148688219363042 -0.0610253210198179 -0.198208739005723 -0.0704368610072765
-0.101001156997468 -0.04343771034397 -0.254783849485952 0.0605958914049762
-0.128001069051201 0.00435325329347496 -0.244291090277195 0.162682100873182
-0.130098328373775 0.0184934544295222 -0.251009804937255 0.21536546480635
-0.144178309085575 0.0211005950830562 -0.249794967588324 0.192942468106759
-0.136267312721007 -0.0293252800206383 -0.195109003530883 0.141226891135002
-0.079675785728686 -0.0396355356365312 -0.114118422621145 0.118171013988507
-0.0885745076740223 -7.67111997262114E-05 -0.114163437433339 0.176734169357072
-0.187129549957385 -0.0834078477197983 -0.183829683855993 0.178575658286455
-0.118711170293835 -0.268599801582104 -0.153478737421829 0.110873553912361
0.0470950396401087 -0.314360440329932 -0.0938138754430335 0.375999330716135
-0.00563453605934328 0.0905706576703808 0.0961663413572977 -0.441918961480667
0.0825242302808636 0.0788847598128041 0.0865796793796363 -0.0531302363798928
0.105253849369255 -0.0527370310523027 0.27409142105426 -0.109263938928773
-0.0303565509717961 -0.110769579456866 0.147575628298304 -0.186211674102162
-0.0909763351973917 -0.00782922125679469 0.126787573329286 -0.0723021124876445
-0.0284583311267448 0.0485016653406698 0.236692646637721 -0.0550321287285434
0.0109655361097397 0.0534555415337547 0.323178988059316 -0.106115185345273
0.0122123391028317 0.0514796376662467 0.343412219176956 -0.164522693329479
0.0236101699603544 0.0580365129148048 0.315106180836751 -0.132698386369729
-0.00618363460430916 0.0645255322127348 0.275625659986249 -0.0323524970447124
-0.0625392715841955 0.0458262286749802 0.20065219768385 0.0812060842077425
-0.093321381709365 -0.0579434508995447 0.0413408539659206 0.133505986289495
0.0254737377156585 -0.108747304787559 -0.0844432712670466 0.0792887015519347
0.0859257084260371 0.0301181928297063 -0.160703322213994 -0.119824012600475
0.0195663723973413 0.0967561897259955 0.0732540812932955 -0.235466285584968
0.055945363277409 -0.110946779699302 0.118688665979081 -0.416716842781935
0.0670604257199755 -0.134961057635378 0.0871469057828857 0.0111608691460854
0.0169289231893911 -0.212255636800193 0.344863365991734 -0.0936443774889742
-0.145471541758176 -0.217291506827278 0.174865049798973 -0.225417759115655
-0.234071879238811 -0.0768272409880499 0.0854613506080793 -0.0871899352969166
-0.192024235303978 0.0416950369615171 0.194150791950989 -0.0342476963190296
-0.133023367944064 0.105884764950994 0.296770268853783 -0.0716303612888293
-0.104253022927047 0.103539902981779 0.326357721681128 -0.130421519595688
-0.077966343093942 0.107007015184234 0.29887856635743 -0.114088064101085
-0.106114532823871 0.0761674378043673 0.268330860873677 -0.0190294349451401
-0.133880755935412 0.0259621319269882 0.197208705547694 0.0929872297970269
-0.159185591880943 -0.0812428662026455 0.036761182605353 0.129389593935336
-0.0524806885820279 -0.169615153908734 -0.0732117486597156 0.0718006056072382
0.0623540034066056 -0.103518650911251 -0.169665976612723 -0.087405942490414
0.0681883989383949 -0.0802331511139743 0.0168689424055223 -0.214312000660663
0.127283190346973 -0.28598968388684 0.112296455548153 -0.322751928675851
0.0609082860614091 -0.334634697709945 0.0937496736143865 0.104351346707152
-0.0720940706797875 -0.352891563679761 0.400030199194843 -0.0835509891822448
-0.24759446705063 -0.28906607836982 0.180644680645917 -0.275431264629947
-0.338272810197872 -0.132146587220194 0.0114019049207869 -0.121424374701682
-0.319661292919981 0.0221829811899649 0.101467496217241 -0.0211804775451112
-0.254686000360784 0.13664689542007 0.216944049702679 -0.0293673122400205
-0.205603279882772 0.139693836896411 0.261218897558241 -0.0777794853992988
-0.172865387399286 0.148248521375941 0.247537053905704 -0.0780207294141807
-0.205975644777077 0.0906706144574229 0.241328206215058 0.000683807430260857
-0.214109542813613 0.0140873781357026 0.191662071333926 0.106730590402228
-0.237694533787881 -0.0975310194146555 0.0385708154954715 0.139019558242868
-0.146576511893408 -0.221644423330382 -0.0712684889529611 0.0797615455971131
0.00984605060141399 -0.236760585325672 -0.180042988850248 -0.0517081304097247
0.093519121164675 -0.25980606939947 -0.0405946519144095 -0.156243043912933
0.181455934006666 -0.402182340333521 0.0760832553733192 -0.18009219995549
0.0440111524645696 -0.464503239997043 0.112277645028484 0.204248694646234
-0.153019503098354 -0.418370056906121 0.422847433308195 -0.0860023264485092
-0.307851187023964 -0.289621959929796 0.156810749936386 -0.316976955612451
-0.377146666489404 -0.150608437643778 -0.0813569932132589 -0.155509768188611
-0.383242332302952 0.00590716171449737 -0.0181433820063691 -0.0116136936102823
-0.329666479743669 0.142925257968671 0.101269987737555 0.0162439841859401
-0.276753438115577 0.154102693291451 0.159159118920762 -0.0131485607883079
-0.249743071240553 0.173109330230609 0.164555241299528 -0.0220605331211491
-0.295999448329134 0.100024051033299 0.18667988213059 0.0377187279852765
-0.294061337680489 0.00310947553858952 0.168347722683407 0.126150932880152
-0.316096152129237 -0.108550423600188 0.0339951870334069 0.157172248477288
-0.244331497653829 -0.263486868877944 -0.0750169970749048 0.101708724346017
-0.057370599793018 -0.356753637933661 -0.183708254187904 -0.00531215765949433
0.104788438703379 -0.417842816842383 -0.0896593833063349 -0.0604345883077067
0.194589065413854 -0.447547102902071 0.0239573443865017 -0.0224620956705951
0.00186995744653027 -0.487906303688025 0.141540230178199 0.27679786038185
-0.202082460303638 -0.376625018404416 0.39800663965195 -0.102962372560087
-0.290860942807196 -0.217900237601594 0.101443313366517 -0.325411456461235
-0.332397348854596 -0.133373575139906 -0.16496513637233 -0.164817094133899
-0.372116847197294 -0.0085577278814438 -0.134601056752793 0.000345591701617378
-0.346940977756573 0.125683126064798 -0.024460473775179 0.0591604968348335
-0.307187526687413 0.142442487774938 0.0349220918956683 0.056492066039736
-0.298530553310263 0.170163585099383 0.0556108994370148 0.0475039489499177
-0.353412275523794 0.0867835613862222 0.0994226627238518 0.0866786493911753
-0.341020026645361 -0.0172523866340546 0.111826494251468 0.149503356592754
-0.358145616262034 -0.117560122920497 0.00888997110986966 0.177860116324927
-0.310635983485384 -0.286752815875279 -0.0879703792509946 0.130637769731264
-0.111084521650623 -0.443697429177906 -0.179093523401895 0.0474474768119097
0.113264663248957 -0.521266096170219 -0.124466612113845 0.0632931719186437
0.166736850623851 -0.424239538028215 -0.0251909906204493 0.117148263303447
-0.0522744651545595 -0.415059629078569 0.169743571902207 0.295163130889406
-0.203647497970392 -0.254234362068444 0.32665593551687 -0.117349138753944
-0.199939332960199 -0.113698034465521 0.0401626188062744 -0.290298583337563
-0.22770835123204 -0.10515307037684 -0.210217496507075 -0.148354687881651
-0.303136153361118 -0.0239533409588962 -0.219143790544571 0.0141298015894515
-0.310139620843104 0.0892318282410246 -0.139084881406089 0.0947425929354171
-0.293493365545706 0.10827415092211 -0.0948773222191205 0.118404902232389
-0.304245490612727 0.133469077937795 -0.0696692919222125 0.113140298925916
-0.353906956857103 0.0455599427209211 -0.0133667832148275 0.128239797367306
-0.320746860669124 -0.0503400151418301 0.0238536231720365 0.162073148692939
-0.327258892572814 -0.120745776703227 -0.0401039752173213 0.188316638702191
-0.316805020662714 -0.279159413557421 -0.115059050405722 0.155006280123907
-0.128980825199847 -0.474213670116557 -0.17206972811782 0.0944724480808219
0.123913205277013 -0.545428752456205 -0.148571618972114 0.196045258532589
0.112475943963537 -0.34116577840126 -0.0593303252093743 0.215978544602334
-0.0989399427260325 -0.285161491342884 0.186415877499519 0.264321024209546
-0.164376619564126 -0.111563014091528 0.235196710218752 -0.116695129856626
-0.0825924690995879 -0.0244075358340746 -0.00118337274195717 -0.227300703159511
-0.10958009481553 -0.0805097726397939 -0.215384588391613 -0.123185143517201
-0.204724748535457 -0.0414413549523486 -0.264512084882656 0.0226002216995924
-0.235295940833493 0.0408771001785038 -0.228114291485248 0.118803967227546
-0.235656188494583 0.0574938969255917 -0.211636129830485 0.165268000747082
-0.256867419123082 0.0699308587975515 -0.194447840512075 0.156089595856912
-0.281279667346531 -0.0106714158489379 -0.132169458379437 0.140665933623618
-0.225129195453684 -0.0743388018065913 -0.0696671762733326 0.145797407523983
-0.22462587939081 -0.093419501574346 -0.0966598342246027 0.181426932857822
-0.261742586862167 -0.226019795673974 -0.158765479322292 0.167048822998038
-0.110363718947536 -0.426683579406808 -0.171579135133901 0.116399404793628
0.12941317988857 -0.477714963478834 -0.165982928418711 0.312821240034679
0.0525090697224139 -0.218111188352149 -0.0744989621603809 0.269041933380451
-0.119371400080968 -0.141861950017539 0.192253899434631 0.213613084165819
-0.100682118072746 0.00589081475054169 0.158317764585366 -0.0994829884978917
0.0193117462547788 0.0305910737259071 -0.0160449633243936 -0.166672237992348
-0.00906289910358839 -0.0625446266110657 -0.197901615382308 -0.108167869064077
-0.10135467332634 -0.0575077261860007 -0.279822279614035 0.0231043844144327
-0.136058934007258 -0.0140125992809844 -0.286554793181574 0.129276782240883
-0.141711973287931 -0.00218547658385316 -0.297781346725879 0.185353953236758
-0.155136003770002 -0.00230129471764066 -0.291460411339089 0.164725404422982
-0.140927080875254 -0.05372054807333 -0.224652825392329 0.11724332487905
-0.077320294764352 -0.0585568230502701 -0.135486595918943 0.104607000566475
-0.093884672395561 -0.0160694174430677 -0.141306380058942 0.165423328669259
-0.180653749105767 -0.122582374048724 -0.214310730947756 0.162668535853716
-0.0773230541110488 -0.300067835510765 -0.175697083813222 0.0989348823627336
0.110601507845898 -0.322915795270509 -0.174618437784524 0.386570651997439
0.0040143060615943 0.0913208692927171 0.061003974425692 -0.449795436553129
0.091205969244904 0.0718214891013909 0.0894248587618348 -0.0588695539638694
0.0990371095283851 -0.0632541913178851 0.265595296547867 -0.136104737719844
-0.0413497026581383 -0.108165346396971 0.129075440158155 -0.199111731338117
-0.0912090129196068 0.00298243391743591 0.122788405019132 -0.0825143379759164
-0.0225990152596286 0.051123561472953 0.235866728004603 -0.0756184638505316
0.016685142534028 0.0519293369509291 0.318525575102041 -0.137535646802119
0.017749318276554 0.0500384763696414 0.330253617743545 -0.19952452449255
0.0291632322487753 0.0539995549530723 0.305897838698935 -0.162354814125143
0.00090680172968258 0.0644231323401385 0.276344458329191 -0.0581888898939994
-0.0569606444358131 0.051893609453633 0.210364999974526 0.0642844875977105
-0.099419673789438 -0.0485239693319966 0.0537666753922679 0.132289208175983
0.0126539001152279 -0.109152292481813 -0.0770511672700703 0.0870696619547181
0.0924721703156565 0.0210536047169332 -0.174429314680031 -0.104397975347482
0.0308498456213775 0.0923760795033272 0.0549281509310936 -0.244661452489191
0.0483771486363545 -0.116698526759783 0.0846975509223094 -0.426613899976757
0.0576806946160016 -0.141392426221163 0.0959576127896127 0.00599983440104658
-0.00240109562719086 -0.215592344997499 0.338591999707011 -0.126639900408314
-0.165395975571958 -0.204881256751355 0.152467764279316 -0.242149575004578
-0.240960789254523 -0.0537317310639199 0.0808419805785817 -0.093187266021168
-0.187603463282045 0.0586246060869371 0.195437700033504 -0.0511221860241862
-0.123627252854676 0.116966642795057 0.296299407617911 -0.101253015138858
-0.0946053726732006 0.112973734324321 0.316820847103945 -0.164935174836357
-0.0695889232855742 0.112171539730581 0.291468956699595 -0.142964820328101
-0.0996079379315459 0.0846823024471371 0.270080815786702 -0.0448984649881305
-0.130926461693639 0.0379055689442404 0.208908936060092 0.076587712026777
-0.167764502018094 -0.0664601834151424 0.0485666138101621 0.130091786279276
-0.0706641673339685 -0.162705091697237 -0.0673280969887414 0.0781983360613797
0.0568415330969126 -0.110401440435905 -0.180229860261264 -0.0715860741217864
0.0632649331035319 -0.0876235930380035 0.000169428036015204 -0.218351801947014
0.104289136924612 -0.29846609208787 0.0845330407647332 -0.331659940227419
0.0340979476921134 -0.341154379414514 0.109792086877405 0.0987774010459907
-0.103529626637029 -0.347538300716079 0.394236462533984 -0.122102764215092
-0.273077891666474 -0.269010437791556 0.154594131420109 -0.292461841499008
-0.351002730609606 -0.101413823364161 0.00376713846223848 -0.120593924767121
-0.318503514280664 0.0510647552192673 0.104106331845886 -0.030434953312793
-0.244625951570545 0.159235389865916 0.220538555273613 -0.0521204756903809
-0.194312577562259 0.159218997708213 0.256976497332962 -0.10596030450349
-0.161037549254038 0.162895214458679 0.24333616499053 -0.101379543011939
-0.199428260554721 0.109274609278797 0.245046385010036 -0.0221345842378655
-0.213791635297277 0.0324715701077488 0.206196189988516 0.089165678715358
-0.247414596782296 -0.0771757640382459 0.0517086501411265 0.14051114963786
-0.168879391046865 -0.207082218978393 -0.0655598908675211 0.0866719529562129
-0.00798453731368136 -0.238705906637048 -0.187554879908514 -0.0358794506512734
0.0728627137210014 -0.268774174677196 -0.0531105902118439 -0.154651635112676
0.147289440236449 -0.419840536162105 0.0591349211656268 -0.184936595255171
0.00531283964033207 -0.468972762070699 0.135255906498038 0.198260483977744
-0.189654814284591 -0.404673702105196 0.416549206822864 -0.126387822993954
-0.332478828997794 -0.264782901625717 0.125940187837687 -0.332685110927245
-0.391336212299491 -0.117283191687248 -0.0920290568764754 -0.146577562106212
-0.384491501306002 0.0400802341262541 -0.016431911824567 -0.0103521547447961
-0.320057024135954 0.17293898701343 0.10798994438718 0.00350597353468869
-0.26502677764419 0.17991208223799 0.159778899758879 -0.0320496144388713
-0.236390453639473 0.195664147599632 0.165073885636092 -0.0375502426114051
-0.289633874436035 0.127395490961663 0.192976388430064 0.0192502678965647
-0.295213330841168 0.0283414587733366 0.183522497217249 0.109678438693616
-0.328124854390307 -0.0827717444566069 0.048148668033227 0.159751814013044
-0.268603606813832 -0.240334299069305 -0.0680918918075489 0.110065152704698
-0.0849429796213225 -0.352687808201076 -0.188043623060177 0.0101130432724721
0.0690599970532492 -0.427006668117251 -0.0936812730652776 -0.0541964104080298
0.15573430707854 -0.464759331746794 0.0196495793999525 -0.0223545099758303
-0.0394502142930206 -0.487778578622262 0.169822494335831 0.267718337987199
-0.236449594025111 -0.357812496267242 0.389451601856482 -0.141934974335417
-0.308691138556743 -0.194035734667953 0.07093975440665 -0.337587087702318
-0.346058443664338 -0.105150363315197 -0.176558372748632 -0.150013726126885
-0.376132475635541 0.0260570359593742 -0.132943705452427 0.0119558964336331
-0.338949883912671 0.158357042433761 -0.0152347945321781 0.0577432453496891
-0.297922624670562 0.17217221939039 0.0411133046973939 0.0488982050481558
-0.285869494653017 0.197192254598169 0.0610918929212891 0.042169461411995
-0.350396785615705 0.120202583572396 0.110159804465677 0.0761550179194489
-0.345656679011591 0.0126539711705176 0.128879645013773 0.138685989094934
-0.369421217057948 -0.0891377215252108 0.02454564088118 0.182574824003573
-0.336155651095733 -0.259215813040704 -0.0793869510865989 0.139783134859266
-0.148857649299613 -0.434576159449459 -0.179723322325385 0.0619112981741218
0.0670803157246412 -0.531215073088639 -0.118195970368262 0.0730545717474543
0.127511982639126 -0.440057460203445 -0.0180810136137826 0.121695576821741
-0.0893206720078359 -0.408002484587268 0.198131166950327 0.281790262772049
-0.226771422672551 -0.233342767986234 0.315066201880124 -0.150575707916651
-0.207742988416887 -0.0975772304542053 0.0131773549385272 -0.297461706111099
-0.23929850094615 -0.0862371428147568 -0.222188301736946 -0.130461569778645
-0.308193653546551 0.00526447998758112 -0.217798068556288 0.0328718419547773
-0.305939786742234 0.11976649770651 -0.128797094538695 0.103172607697964
-0.287187907279813 0.137219706745935 -0.0834084940378928 0.124041319190073
-0.294679353231662 0.161286301382841 -0.058391641390711 0.120030239592587
-0.355201985739999 0.0788985935442395 -0.000489816668749283 0.129588988204683
-0.328998830931376 -0.0241596739995237 0.040394770967012 0.158531411281239
-0.338521796773782 -0.0967674180258866 -0.0242145862665646 0.197122264257944
-0.341253317221163 -0.251488538286256 -0.104662129230958 0.166204495225589
-0.168762418207874 -0.462763527325321 -0.168889953199212 0.107695651210129
0.075811912844253 -0.556112948310274 -0.131623490143147 0.207399825955051
0.079630908631835 -0.353690920679997 -0.0437977029392325 0.224095318301354
-0.124918097281752 -0.27381923398602 0.210669365569501 0.248377833424422
-0.175244814727975 -0.0935066951995121 0.224723269746212 -0.142202554062675
-0.0818968806217295 -0.0194079631416374 -0.0220857244621924 -0.231006054823484
-0.118468605064002 -0.0734591604848181 -0.225605329122221 -0.105687022172717
-0.212136327241152 -0.0206790534431243 -0.263783201795465 0.045669024256119
-0.235823484192132 0.0644812430893364 -0.218237126372391 0.136871697867458
-0.23392902322514 0.0810825035423473 -0.197058429730931 0.182641401230614
-0.252627027176906 0.0953444672570188 -0.179726836934333 0.175305888369661
-0.286471824104283 0.0159394308171872 -0.12061363186311 0.152949919872564
-0.234270090810348 -0.0569428901482139 -0.0568736244543179 0.150359728683073
-0.232571868918687 -0.0775885084811725 -0.0820177541640035 0.194200686026148
-0.281444230119876 -0.202716735489733 -0.146206803447549 0.182411514918926
-0.146766905475985 -0.417377567599968 -0.167138752351441 0.130159998156769
0.0881312021202998 -0.48814008429521 -0.140541547465227 0.325069601370741
0.0300091862315985 -0.225030597083953 -0.054104061386596 0.27953239462853
-0.132385551391817 -0.128214583476395 0.211033939194608 0.1965037271997
-0.100897255266601 0.0174014986832904 0.14956987997022 -0.117433514951377
0.0245381696729742 0.0260573235099969 -0.030778340354875 -0.169164428789856
-0.016077840203302 -0.0638363491529007 -0.208438626430402 -0.0915118165808203
-0.1094129372449 -0.0458716212510552 -0.279669524116737 0.0480618398784377
-0.140467495940068 0.000454855829835856 -0.277541716856374 0.153399744171584
-0.144218275280837 0.0130493658354889 -0.282169158836076 0.212498209961335
-0.157487656670574 0.0132798150396021 -0.277941079795435 0.193376401304198
-0.149396016431658 -0.0407235590212204 -0.216940429662388 0.138467781829507
-0.0840817513524631 -0.0538083835662816 -0.12849837694046 0.115006185004961
-0.0927850737573876 -0.0106515805248096 -0.127587715440754 0.179543215691388
-0.191217246743746 -0.105470485548047 -0.200854826925842 0.183191546401311
-0.103934015943959 -0.291469106276363 -0.172414531105657 0.112831912458207
0.0817058612532026 -0.332801546892238 -0.142431981906275 0.400090071213519
0.0117235359310342 0.086793439104651 0.0317062023280745 -0.436432752176943
0.0943103264659873 0.0620463274322927 0.0909210279419156 -0.0620374019886394
0.0898479301976351 -0.0690078458090466 0.248192010109567 -0.150803728651528
-0.0486157644641349 -0.10119296828512 0.108838060123648 -0.200580142191304
-0.0858961149931752 0.011561598780659 0.114196666213901 -0.0876533531841927
-0.0160742311860965 0.049949248890783 0.225397776298381 -0.0899476766773925
0.0208490160216825 0.0471311682077037 0.301035074341601 -0.157382701645753
0.0215993610428866 0.0466596887711513 0.305641087692478 -0.217922289217359
0.032071858872832 0.0484216048990412 0.285925232817806 -0.178123704664807
0.0061731373978995 0.0607967551187723 0.263972410184146 -0.0755775764655984
-0.0500041922353664 0.0546497918855006 0.208675772145744 0.0478365446451191
-0.0999212816528308 -0.038544238287752 0.0614241984517548 0.126128656629721
0.00318524730725014 -0.104493305532906 -0.0690110144590225 0.0884603343752918
0.0932535379428869 0.0117726462337016 -0.17637772714371 -0.0867605584910248
0.0373370204809814 0.084352556848977 0.0394914880647937 -0.242492055749928
0.0409873081291517 -0.11636779797314 0.0550601368634326 -0.415873877443492
0.0486708247986485 -0.140731303841839 0.0997745438215203 0.00131228573013844
-0.0173274678479925 -0.207915967887217 0.317916292036435 -0.146814901557464
-0.173983413089955 -0.187142473195652 0.127723259783671 -0.243039421917721
-0.235285658874433 -0.0346007716750978 0.0745201296213859 -0.0937168838775805
-0.175629980898017 0.0688098184065981 0.188268660126103 -0.0629519403357377
-0.111014709409686 0.120398261867885 0.283398054204071 -0.120943925385792
-0.0835564490464456 0.115514995125902 0.295161587386156 -0.184169408509507
-0.060255477589318 0.111381213476488 0.273053606218109 -0.158875556662387
-0.0900811413884648 0.0875248346354011 0.259548659457634 -0.0631530911860793
-0.122565040655572 0.0453169913270884 0.209088833625289 0.0590307493256814
-0.166266588497517 -0.051810851667111 0.0568214318680225 0.12514076012236
-0.0803691501891346 -0.149316775107094 -0.0605815515536045 0.0793415596511791
0.0505775799015758 -0.112038325268174 -0.180436876042896 -0.0551686793230753
0.0570852662395755 -0.0897140323408573 -0.0124756035376168 -0.212131005089743
0.0830579094292429 -0.295153601073392 0.0600480861494053 -0.323728187477161
0.0129743231055111 -0.330953698070224 0.119211566256481 0.0902810628735906
-0.122707671127553 -0.327590214194803 0.371820814040616 -0.146512688970378
-0.280913351916411 -0.242092454598879 0.125766859868832 -0.2920729518078
-0.345102473505574 -0.074247405192944 -0.00100760424018981 -0.115416503376377
-0.303785459198782 0.0709630685505729 0.101896961457483 -0.0366102119860099
-0.225737812699816 0.169504808024582 0.213236195670295 -0.0692673885497342
-0.176889288449062 0.166619201536939 0.241906902394257 -0.123607187780552
-0.145028058551227 0.167041908435171 0.230028846998253 -0.1156238818109
-0.186509622850042 0.118279613664489 0.237145018334718 -0.0396579712243192
-0.204098790076738 0.0450030556647713 0.20822302721102 0.0713741162641073
-0.24443307790583 -0.057535201241578 0.0601130385507542 0.135626326025892
-0.177188471715778 -0.185026748204328 -0.0588956186836514 0.0883115292855098
-0.0202120025456526 -0.231201703939431 -0.186086611947868 -0.0210195245022727
0.0537707574239142 -0.26397873232146 -0.0598436775265753 -0.14752595389079
0.11486789661653 -0.415102416371823 0.0440186561353628 -0.18019492424363
-0.0229633298787264 -0.451701317469217 0.148838411773865 0.184679845526514
-0.208114461722036 -0.376301533117551 0.392855632951765 -0.153641642888867
-0.336960113799709 -0.23584558600427 0.0964491896002437 -0.330191898831985
-0.385546864799093 -0.0876176842899692 -0.0949871183002731 -0.13436372034476
-0.369202155814024 0.0656904681685078 -0.0135318241662909 -0.00953080265236925
-0.297915739492125 0.188901211310257 0.108571630553703 -0.0083243218773379
-0.244655735017755 0.192802072522503 0.153143142038841 -0.0453898639359255
-0.215814597669723 0.20361782856605 0.158463321643091 -0.0486362392674583
-0.272847787561933 0.142226494350792 0.190216604659798 0.0042404770948706
-0.28477699671635 0.0476900651857038 0.188397130109414 0.0922163185935126
-0.322298487773666 -0.0586043690972659 0.0584605555821425 0.155420713194347
-0.274451899356388 -0.211541967986392 -0.0610414254306527 0.111037336131718
-0.102882148277593 -0.335131399628525 -0.184215746897148 0.0223952948458945
0.0389270323471744 -0.413486058032856 -0.0920991625562889 -0.0475576002945856
0.117816216999955 -0.459752113799624 0.0155383202274382 -0.0204701818947534
-0.0689438083089091 -0.465679679339525 0.184935145802311 0.24822981731504
-0.249676219086723 -0.32503615113043 0.364997212731634 -0.165686071579491
-0.307957360368113 -0.168829866763333 0.042954039742047 -0.331472377075534
-0.341904662707433 -0.0788323456757594 -0.177557451762585 -0.132192343307369
-0.361860235573452 0.0511793200357674 -0.124963599244898 0.0197857515611442
-0.319022485813801 0.177190469650647 -0.00789969733764584 0.0522826151644568
-0.27725066423537 0.187336605882005 0.0429414688455739 0.0403261164913101
-0.263421983224709 0.209344705545478 0.0637382725657723 0.0355330306945673
-0.333629730399822 0.140848989779423 0.113610745000123 0.0654558054458109
-0.334390003045728 0.0344383488181233 0.13571516003304 0.123006728726193
-0.363132734983868 -0.0641018264219833 0.0359849234871361 0.179216266614177
-0.340614351671334 -0.225038941166991 -0.0701647243916975 0.140482656693263
-0.168599045916463 -0.410749042754858 -0.173287455073088 0.0710516335167715
0.0303561106909498 -0.51312218951922 -0.107987849636441 0.075705146854255
0.0919431833284239 -0.432972942952758 -0.0118202373205523 0.120794098343645
-0.111689445315738 -0.384246163544899 0.211745302511782 0.2601890798697
-0.233064783979094 -0.205706295196899 0.292514626595278 -0.169962322779664
-0.204454433617083 -0.0822162098799099 -0.00997271783552495 -0.290206774529152
-0.237633551148004 -0.0683632154482358 -0.220922151297856 -0.111707348235614
-0.29835634798143 0.0277017337296367 -0.207442460371254 0.0456976186186446
-0.289575086401197 0.138128002821761 -0.115272790120736 0.105030838345982
-0.269758335622992 0.154251992426569 -0.0724851359864091 0.122213066123693
-0.275323684598753 0.176804020593444 -0.0472556778840491 0.119692350826698
-0.340904636998019 0.101416735440338 0.00866673863850718 0.124574524201185
-0.321691513254938 -0.00175832506353533 0.0510762792074658 0.148145997248245
-0.333048058245872 -0.0744909216070002 -0.0100840202921184 0.196295148150625
-0.343653522817214 -0.218300016989382 -0.0921990536495755 0.168311040595698
-0.191222436252282 -0.434664246576935 -0.160223345251512 0.113663242577264
0.0378623687310437 -0.538955772453106 -0.113447848435743 0.2064556595083
0.0504951976773732 -0.346421091807926 -0.0295507597480365 0.221517785874805
-0.138236257471664 -0.251224733196866 0.220364080815326 0.224918072037441
-0.173753121289808 -0.0745388967338336 0.204811811309584 -0.154997390922047
-0.0781596566920134 -0.0159128466236159 -0.0379649510270403 -0.223855945811532
-0.120917538655335 -0.0640921927718551 -0.223871674881044 -0.0874312800639496
-0.207728442234349 -0.00282038923334703 -0.251628883759102 0.0613411821186761
-0.225752335227754 0.0804580139956237 -0.200711736750427 0.144306640330475
-0.222708516613255 0.096463356652173 -0.178357551241137 0.187618685550015
-0.239060561134553 0.109812880031781 -0.162001529766963 0.182122356824745
-0.279103571028157 0.0358320587705165 -0.106487135046748 0.156378986658623
-0.232350246081397 -0.041044991505027 -0.0453163272096793 0.146594834891108
-0.229074289948954 -0.0627046246211853 -0.0663192279160414 0.195421656859617
-0.28280032545424 -0.175689801862469 -0.130282837720776 0.186399556879944
-0.16612425082029 -0.391454964740907 -0.157925559932449 0.134684620464968
0.0517908935652441 -0.476332589195211 -0.115000645194587 0.320592649744394
0.0111247221099421 -0.219957641549295 -0.036160287780303 0.275917804200538
-0.135864387572163 -0.111278117595942 0.215636255648203 0.17447351581469
-0.0946291188603041 0.0261906140402206 0.134956630535738 -0.126612040584615
0.0268615721200478 0.0206204987202755 -0.0417623488006936 -0.163572069676833
-0.0215011823241415 -0.0617997439457641 -0.208113309486265 -0.0749895917753336
-0.110363577616554 -0.0340039777141804 -0.268205613648255 0.0642405603941071
-0.138067018087402 0.0126241634226555 -0.258371659145321 0.166197326681174
-0.140468157046293 0.0244459664307385 -0.257956314956542 0.223721491339638
-0.151901979696928 0.0252426552029344 -0.255491531585108 0.20727376137764
-0.150399321372045 -0.0282298267822391 -0.201989894859975 0.149419373563634
-0.085992204459146 -0.0483979943911217 -0.118364785654168 0.116836885035528
-0.0887501675565552 -0.00686701623337493 -0.110706080037238 0.18323829243125
-0.189425503986714 -0.0880075275842921 -0.18194305770494 0.190887288599105
-0.118255126156879 -0.272159497031852 -0.164737549592296 0.118799859620375
0.0558081032719323 -0.325179323043023 -0.112328286394306 0.392423963801723
0.0157632314187564 0.082241496329761 0.0198764514459944 -0.417097804982929
0.0935592716461936 0.0561810403377963 0.0922982043341706 -0.062170246202048
0.0823423755338225 -0.0695071594438715 0.233681893636875 -0.153906068071567
-0.0509752434921929 -0.0944999554295721 0.0957368947148097 -0.195236782680344
-0.0803645693510236 0.0162680893398814 0.107864815057772 -0.0872191353280645
-0.0124956739785397 0.0473444153235128 0.215109583318827 -0.0939511587252061
0.0225837561987653 0.0429531227409469 0.286145577292304 -0.162679137998246
0.0228906789390024 0.0433356446596773 0.286048625127318 -0.220818352749371
0.0317559624327086 0.0440225981200985 0.269595638347633 -0.180427357437574
0.00806901153731721 0.0574284159452498 0.251953435669539 -0.0821357629706371
-0.0446803244348146 0.0540827035486771 0.202842364231798 0.0398168258927717
-0.0971719055094571 -0.0324528362346883 0.0636187605150916 0.120586720353629
-0.00175621244887491 -0.0982047757497117 -0.0641515763647996 0.0863608752418288
0.091513388605041 0.00610094150471901 -0.172658268492058 -0.0746653748766736
0.0393573503114293 0.0775458525131861 0.0318075397555797 -0.235375228388311
0.0378058331200716 -0.113110043212497 0.0426003386396769 -0.397956059934861
0.0449463359503335 -0.136876582246621 0.102594945049331 -0.00124113639552265
-0.0227196189072594 -0.199509987605127 0.299716298846781 -0.152896937638027
-0.173285397438009 -0.174214568218962 0.111550897954777 -0.235828694237006
-0.225381970810718 -0.0244251105030798 0.0708480633227427 -0.0917968992690069
-0.164471303040607 0.0706864150965283 0.181124173645621 -0.066202551385381
-0.102992324531021 0.117582995108622 0.270621022861484 -0.128329639323264
-0.0758945897358665 0.113418556215386 0.277325672594382 -0.188842844304878
-0.0549312744486939 0.107097082910551 0.258314267853275 -0.161955532305254
-0.0836662660660402 0.08601726723902 0.24813748051672 -0.0701443083831666
-0.115195631974652 0.0472731433792253 0.204637289822604 0.04931657291434
-0.160602082323148 -0.0436347504055099 0.0592915100887914 0.120822077995434
-0.0818767342000708 -0.138190909795491 -0.0573965242621766 0.0781825780432407
0.0474888930828583 -0.110472840761714 -0.176390800420182 -0.0454433688863486
0.0531038609431048 -0.0888257589935143 -0.017022521650891 -0.20444955234052
0.0727357648892064 -0.285279327112137 0.0484368498830477 -0.3097777125157
0.00593770356320875 -0.317658788142132 0.12327020045057 0.0838869985399032
-0.125562332309064 -0.309403274799365 0.351331739803983 -0.154625870965349
-0.275883569976622 -0.225269906906905 0.1077879298667 -0.28270555760788
-0.332663517408741 -0.0597649641394762 -0.00210353341368655 -0.110267193013224
-0.287776562611977 0.0771233799956074 0.0997041303419989 -0.0390505071456482
-0.211255219427242 0.169150030318792 0.205555190460427 -0.0773786724525901
-0.164695160773546 0.1658656988876 0.227323395950841 -0.130247676079821
-0.135048802951584 0.162985925626423 0.218146055531869 -0.119276484331274
-0.176062641013281 0.119039302557155 0.227550470504485 -0.0467275173259594
-0.194004133468147 0.0492767701695795 0.20463164219692 0.0600524588346517
-0.23588209098478 -0.0472408454894024 0.0629771098218533 0.132041539107749
-0.174989917786386 -0.1689928646176 -0.0562057236062155 0.0866891813705569
-0.0231817557078982 -0.221633653490028 -0.180721874589078 -0.0136810324251367
0.0450844764523905 -0.253869001998326 -0.0598728818616919 -0.140840497083652
0.0983396209481301 -0.400682012979559 0.0358669869909185 -0.17135966792543
-0.0337082172247644 -0.431097663945989 0.153193585377722 0.173866299945439
-0.209896963220211 -0.352783221178898 0.370613247766685 -0.162254774141427
-0.328240103224045 -0.216676193464829 0.0787095454602958 -0.318781402589507
-0.372200117877032 -0.0713092001164377 -0.0922148271714749 -0.125206046283405
-0.351805316989014 0.0738685908357761 -0.0104184446831826 -0.0102480484697943
-0.281132151139068 0.190463848637682 0.106768574557029 -0.015892646930747
-0.229168297908619 0.193348791543566 0.144703440026614 -0.0520127935073528
-0.202227922531357 0.201364866008237 0.151724354757836 -0.0530008596904063
-0.259747795576837 0.145503350215862 0.183997696101999 -0.0036134669186663
-0.27178996966114 0.0542742720839454 0.185876701431619 0.0803575776711114
-0.311010550365751 -0.0481515764516437 0.0621134827273358 0.151622940416321
-0.267902419920444 -0.191811750771877 -0.0572283041004381 0.10882588367372
-0.105116139697284 -0.318917906711334 -0.178726309827445 0.0271249835563036
0.0259144346488626 -0.396841168400801 -0.0884069477322385 -0.0443425517688495
0.099255701366956 -0.444514851703674 0.0125578551699944 -0.0172387278511973
-0.0784061431169999 -0.441896284274609 0.188995548870662 0.233163766633196
-0.24661052385046 -0.301548636773927 0.342466607076179 -0.172974326988935
-0.29796981959918 -0.153955715411817 0.0279273074923981 -0.31916775901833
-0.330503849715255 -0.066276960532241 -0.171952095140873 -0.121931959045953
-0.346060303563328 0.0613241307179518 -0.117890384691783 0.0210824981841701
-0.301712012093575 0.181041322925328 -0.00363428239651143 0.045981585427134
-0.261508208039018 0.189993701327968 0.0418480423870482 0.0337282739214491
-0.247847841749863 0.209696015380878 0.0637100192039069 0.0313802491532571
-0.317573940942411 0.146043303179452 0.111722742772669 0.0582610939577385
-0.320954974414627 0.0423926573064102 0.135850811209163 0.111063485178522
-0.350437403849725 -0.0529205420273661 0.0415395250951614 0.174954917501792
-0.331018033322542 -0.204543308179274 -0.0660161571488649 0.138251354583738
-0.170565701716038 -0.387352314106793 -0.167228226492993 0.0725156563579554
0.0152728487723272 -0.49132780293283 -0.100832811013376 0.0747191157173075
0.0725087236351825 -0.416484472594308 -0.00930218092222494 0.1184143511482
-0.118937027999676 -0.360751449021707 0.212493034965915 0.243496624201022
-0.227571560560834 -0.186339698926311 0.272316712481229 -0.173471442069532
-0.196184825850174 -0.0750420397295617 -0.0201376504478176 -0.278695797820264
-0.231315852180611 -0.0600825646947715 -0.213377913162106 -0.100369963222282
-0.286222601953453 0.0371097927402099 -0.195425475972325 0.0490381085324438
-0.275513370167785 0.143762263249924 -0.105981775358005 0.0999978608103016
-0.255794415178609 0.157955417109681 -0.0672207250196498 0.11609337106727
-0.259310873482979 0.178419305047969 -0.0410124561820327 0.115049161343546
-0.327738832621576 0.109454884177009 0.0131982386162256 0.118843945787436
-0.310451374818252 0.00678500714167444 0.0534393907321118 0.13751999876275
-0.321788763654036 -0.0637508745421936 -0.00281098672384829 0.19150889655272
-0.333150635320235 -0.1977062648289 -0.0856696116873424 0.164989576154169
-0.192605053275397 -0.409277381473641 -0.154817106210297 0.112537631940827
0.0206000879780323 -0.516053583957816 -0.102446857227319 0.199423879179733
0.0346235987414344 -0.333532411399975 -0.0231773022425684 0.216090933514738
-0.139141222572308 -0.233062254628869 0.218336961832578 0.209281853768182
-0.166810959041048 -0.0629467205212324 0.189095335790273 -0.157095359819533
-0.0738309421859737 -0.0150528945354772 -0.0456670496597754 -0.215219705591609
-0.119482205751351 -0.0586581185448492 -0.216851157311306 -0.0780203952746
-0.200298626092809 0.00606135915839372 -0.238919644754717 0.0662214626109597
-0.215961003672569 0.0868377234767693 -0.188308055446513 0.141536925816319
-0.21267016435667 0.10154992848185 -0.166010246245941 0.182845859597266
-0.226709054816625 0.114132208155246 -0.148370380815973 0.178684544840293
-0.269742837209956 0.0444278589633308 -0.0976961069248956 0.152937100459467
-0.226170258435083 -0.0335729371541484 -0.0401216709410474 0.139874930960657
-0.22056398671879 -0.0569416234422224 -0.0570139441217838 0.191924875576384
-0.2737393414378 -0.158744097298661 -0.120957063547626 0.183001220072573
-0.169319852308293 -0.367810627109911 -0.151670548552318 0.1321343313741
0.0364168025635184 -0.455863959710261 -0.101874204001415 0.308949683471009
0.000467794099665917 -0.211201677286542 -0.0275912560292585 0.267921989801984
-0.132939390092399 -0.0995579536128595 0.212120721068848 0.159970527681062
-0.0889281765860408 0.0306840493354872 0.123457304253608 -0.128112717582139
0.0270590258830512 0.0161902190728128 -0.0462889906920173 -0.158357850692958
-0.024700216264454 -0.0594153189147042 -0.20218658900019 -0.0669304130061333
-0.108354047784167 -0.0264687897574024 -0.255838523232224 0.0708211312334149
-0.134365675016947 0.0195153071372577 -0.243054399615248 0.166319598368508
-0.135724391139325 0.0300885556956339 -0.241072987066822 0.222085025406636
-0.145548390651026 0.030067586866587 -0.238586025992163 0.207383912477065
-0.148267677224152 -0.0211602068447788 -0.190096867549278 0.150983424110071
-0.0857133345462518 -0.0457168978364211 -0.112529858103598 0.113459072727626
-0.0839977973781737 -0.00687003973929302 -0.0999796708751217 0.179694793222385
-0.1829033565638 -0.077486402032975 -0.168768558707437 0.188898480929217
-0.120688872344472 -0.254802977483361 -0.159921525892716 0.117492314709251
0.043437191746119 -0.31259372230318 -0.0982831324357352 0.377606897174008
0.0169494973395623 0.079690508251107 0.0199981847990362 -0.406891270910758
0.0938942377722182 0.053318182780868 0.0968491897090133 -0.0622359241767299
0.0780819774778716 -0.0689978555607183 0.227910778273895 -0.154453471204456
-0.0520308970606673 -0.0911444769825995 0.0891634526615326 -0.189840489186968
-0.0762079315042475 0.0189660721271299 0.104989486541866 -0.085172623293479
-0.0099186832104001 0.0458145187383171 0.210899394777532 -0.0933759227282325
0.0226471736971524 0.0403839986263501 0.280420776719347 -0.163739630848581
0.0238020955470055 0.0416021671531787 0.277627719329505 -0.219570833735324
0.0307263082882355 0.0411740935328111 0.26363248925394 -0.179107090049789
0.0090436951338739 0.0549339598754525 0.246463418429704 -0.083268812206863
-0.0414719705241739 0.0531526992818366 0.199892843083584 0.0371762735953798
-0.0954967103004171 -0.0289155260497639 0.0639180393470387 0.119329006393774
-0.00309181573044902 -0.093967804215001 -0.0637214818665266 0.0849351296374129
0.0915352929642614 0.00231969789734473 -0.170251844880801 -0.0690147069862883
0.0401436524065049 0.0734823854548545 0.031218246091926 -0.23267247298037
0.0382208117480433 -0.111194366494335 0.0406446109809565 -0.388237494822611
0.0460926743989296 -0.134459676666634 0.107239863957235 -0.00252819333155726
-0.0237401848729702 -0.19506165657994 0.292676476780136 -0.153273292499872
-0.170825489201177 -0.169346463033028 0.1046441652095 -0.230166457526351
-0.219001667784613 -0.0202539246343896 0.0696081830228303 -0.0885657057977009
-0.159359269956434 0.0696189085218042 0.179366742157431 -0.0666703151661007
-0.0991203458290004 0.114440307161369 0.266770864473186 -0.131203110242759
-0.0728780200633355 0.110781610660273 0.269453588833404 -0.188886420117998
-0.0532945549643806 0.103546264992923 0.253056523522594 -0.161519713209835
-0.0813805568653441 0.0843942303184389 0.243013983852017 -0.0717216706923923
-0.111356138654442 0.0465711763997252 0.202310302847872 0.0463410409023399
-0.157409406649481 -0.0405418350282175 0.059743168811743 0.120489414576246
-0.0808444072332022 -0.1320264786821 -0.057723182069923 0.0762508144347303
0.0472649861232472 -0.110464332348207 -0.173459777165518 -0.0412209825348269
0.0526146449900829 -0.087517031359709 -0.0163390663536679 -0.202077788480326
0.0705247919694881 -0.279203201468377 0.046082586729927 -0.300157977432027
0.00730430925889957 -0.310539944232264 0.126757250692498 0.0811026844914242
-0.123749194469731 -0.301034625887167 0.341871676693812 -0.155000901476052
-0.270909628295113 -0.219579004690867 0.100559714253451 -0.275816485122541
-0.324143978235488 -0.0556650817461665 -0.000105703851854214 -0.106295504546062
-0.280248650837766 0.0764761375997123 0.0997179656180727 -0.0395635441615287
-0.2053027992049 0.165688497104033 0.20307817382305 -0.0810940143958393
-0.159765466188258 0.163771094526627 0.22100473535388 -0.132208047753771
-0.131671675410436 0.159692239047635 0.21360375192248 -0.120215430564868
-0.171841920575379 0.117846786503015 0.22352262987454 -0.0490773230560963
-0.189550029724465 0.0491807515433453 0.20270219534649 0.0559238059814611
-0.230887028559016 -0.0446383074286066 0.0641014620880411 0.131791435749567
-0.171231409294689 -0.1614568828324 -0.0569976990778136 0.0857823868816737
-0.0214581084137042 -0.217790930010019 -0.178923988852504 -0.0102941782992286
0.0433128029070312 -0.248277929944971 -0.0572113953433887 -0.138539172299365
0.0954338675492977 -0.391351202910053 0.0340298063926117 -0.165541395493173
-0.0313186180381393 -0.420809094376954 0.155295012688794 0.169696907495902
-0.204475588356116 -0.341267111439269 0.359615849923487 -0.162057671531625
-0.320785670210355 -0.212125134159538 0.0716609778207991 -0.311295886944094
-0.363755204677885 -0.0689318964028974 -0.0882942141510227 -0.121653903112114
-0.343187088412705 0.0745756790304579 -0.00839823054364392 -0.0109722263194239
-0.274538083138544 0.188390723001372 0.1066811594286 -0.0212170580508125
-0.223368915000664 0.19152252129196 0.140361351912883 -0.0558987293275295
-0.197137146455327 0.197966211229928 0.149064611474645 -0.0541410568070741
-0.253893077368732 0.144427643168151 0.181282781459718 -0.0057999929936585
-0.266483898777331 0.0537475487034397 0.183714828963353 0.0752701589105135
-0.304606757785252 -0.0457670002786277 0.0631447244474618 0.151079792679743
-0.261952871289115 -0.184129801886591 -0.0589893962353289 0.108030127483886
-0.101899284423339 -0.311812495706269 -0.177641349310722 0.0280902513912544
0.0259031555216517 -0.386013573614473 -0.0855207290937765 -0.04487028032832
0.0939499650459198 -0.433934041520541 0.0109585302266013 -0.0143733019809521
-0.075865014441823 -0.428253045365118 0.189003578654592 0.227762212004113
-0.240931588050472 -0.289467668216237 0.331330513645207 -0.172548468067058
-0.290180816288118 -0.150478185204568 0.0220743084218855 -0.312499568350207
-0.323622073557318 -0.0636959066612731 -0.166016654953263 -0.118232276099734
-0.338652491576471 0.0631193523258005 -0.113499863766333 0.0201680629790665
-0.294762770962544 0.180070767379363 -0.00214865585611468 0.0401062407867173
-0.255090530793932 0.189593615166412 0.0397685248033254 0.0296374672249327
-0.2417075234873 0.206208572461245 0.0633810657996194 0.0280989818825819
-0.311498352299294 0.146732135059013 0.111028047318146 0.0550709578094114
-0.315643964184983 0.0429293545960149 0.134575111117612 0.105259877945759
-0.343219942439351 -0.0511236857890867 0.0429669908571326 0.174868419466597
-0.321811609645689 -0.19768143276876 -0.0669303719147101 0.136705126564926
-0.166224442023027 -0.37867665498753 -0.166517659456273 0.0714785227715399
0.0148306692428169 -0.478077807072083 -0.0968710622106618 0.0713365070596864
0.0676571969310181 -0.4067341545265 -0.00969588698741259 0.118946465330686
-0.115453341252725 -0.349102046965562 0.211118958309967 0.236107788989471
-0.221253872449403 -0.176712881706056 0.262849683217408 -0.173412934072576
-0.189453890193126 -0.0739784032339487 -0.0246615256411359 -0.273336296665387
-0.227218189405504 -0.0580767296114788 -0.208055018579745 -0.097732004194071
-0.280559103036471 0.0400285292621717 -0.190736953022802 0.04789328698977
-0.270988434278353 0.144727200344417 -0.102391428486282 0.0947871077276009
-0.250935120441509 0.158511670066494 -0.0658222244214072 0.111365420819077
-0.253424883947697 0.176901311086888 -0.0382335081433889 0.112130776876085
-0.322049164118117 0.110973644662575 0.0143971572631741 0.115415087658175
-0.305779791791055 0.00772773000536014 0.0530253735132939 0.131973861640527
-0.31479396467404 -0.0640165356770656 -0.000897875077184847 0.191464385058232
-0.324819590924255 -0.190851969524258 -0.0854387662487054 0.162273208966983
-0.187562395384482 -0.399118258314813 -0.155225145846732 0.110474396024454
0.0193866604368263 -0.502457022684205 -0.0993015389298416 0.193996609686359
0.0291855686286187 -0.324744631636887 -0.0226714129384115 0.213715253359575
-0.135940914847755 -0.223472681163321 0.214908859199898 0.202829323967712
-0.161722544857592 -0.0566672600679764 0.181201047351008 -0.156638474739991
-0.0712418349027827 -0.0166879244729547 -0.0481449597166522 -0.21166451171929
-0.118702249724255 -0.0577812226522177 -0.212480779412845 -0.0763919933192832
-0.197045728698358 0.00966615573946389 -0.232922685377569 0.0657003416168092
-0.213390386057739 0.0893480551858583 -0.182816504084189 0.137056172662017
-0.208850845884479 0.103115851626909 -0.161869063889107 0.178302376758479
-0.222219322120007 0.114700466576191 -0.143368131984942 0.17567673637432
-0.2669767544775 0.0474157270404981 -0.0942917260571471 0.150919512095858
-0.223222275344855 -0.0324860976506479 -0.0398981430062007 0.134804050559216
-0.215548668283229 -0.0573767534206641 -0.0538519565186008 0.190785512116245
-0.266046675465107 -0.152785971081559 -0.119175867922074 0.180172113153517
-0.164693590086837 -0.358658386545221 -0.153065828633277 0.129875138556163
0.0329933027070711 -0.443323307292005 -0.0978039223840726 0.300793220366381
-0.00389662229569665 -0.205667228327233 -0.0257889146267944 0.264980601561309
-0.129750164494614 -0.0928081211088241 0.207448049601364 0.154726027534791
-0.0846404103295325 0.0329749726882611 0.118022126561904 -0.128233514630734
0.0268745131468595 0.0130100668313848 -0.0480419388897691 -0.156803645009506
-0.0266793039681169 -0.0590275925480003 -0.198969607241819 -0.0651509942197809
-0.107073014427034 -0.0224551274256693 -0.249822936441009 0.0707188490155472
-0.13248591594721 0.0234104238216803 -0.238084236028683 0.163544376579376
-0.133965035425424 0.03235585025533 -0.234505852599437 0.218157040362959
-0.143375067938017 0.0320502137649671 -0.23119872214914 0.204957532452692
-0.147516846311865 -0.0180128612563498 -0.185959930036179 0.149034807342803
-0.0857323899487392 -0.0454405323486962 -0.111625605393054 0.109944836247815
-0.0806672987779569 -0.00924556491981079 -0.0958482682010247 0.17762869077393
-0.176993003550279 -0.0745231253125493 -0.164226904385168 0.18627051005296
-0.117008362240305 -0.247088760024542 -0.161408562695098 0.115401391236502
0.0394940078342881 -0.304780752039297 -0.0949995959039874 0.368221991121781
0.0427908677991269 0.0692132509942132 -0.147810423649508 -0.379048120044227
0.105236359827473 0.00885273651539792 0.067921363105605 -0.104633808501189
0.0375869358526613 -0.094920399573268 0.136514197075974 -0.24323559171547
-0.0877861624458053 -0.0560072476408783 -0.00938747507654839 -0.209728798298306
-0.0602268135636221 0.0491879400804955 0.0565189332853309 -0.118632614693534
0.00898894873440541 0.0425714792172972 0.151845932463069 -0.177149827280158
0.0382045979256088 0.0250272675566236 0.185362755798837 -0.27402413034336
0.0382576662144482 0.0281089468257137 0.153831136277142 -0.322349797892317
0.0455978311582403 0.0239467708850021 0.159348407697355 -0.279977623562232
0.0322585309864061 0.0443248839967136 0.185277506351291 -0.183746704703859
-0.0133150064240836 0.0659718049272753 0.194829065708037 -0.0554505774585896
-0.0968431912102873 0.0178381978885486 0.108598388120024 0.0747766529873234
-0.0444979355328217 -0.0834283486550787 -0.0177647283137138 0.10409289389849
0.0831274204011799 -0.0421947993782801 -0.18300496096316 0.0171527472678349
0.0710055764456253 0.0454825240713288 -0.074035276335872 -0.227164126453927
-0.0129785298221563 -0.113364275223759 -0.126404880054245 -0.375586673504308
-0.0116566659345049 -0.142206581275245 0.0988932184156299 -0.0533325344218558
-0.104781528459416 -0.169197530172092 0.187452333973532 -0.266773958387806
-0.225331342821262 -0.0792202331110084 -0.0199565711026868 -0.250051500624618
-0.205186735963179 0.0719942544709984 0.0212616048425015 -0.102664290765878
-0.116717287449675 0.127605957981913 0.133078294463014 -0.135361536057443
-0.0422553539101274 0.142693084921614 0.183792916634352 -0.234946523473574
-0.0237978171009397 0.1326988405159 0.158571305663771 -0.2919733723107
-0.00608163085344657 0.116981561474182 0.156678587899931 -0.260582977305725
-0.0388351726902286 0.110731235842183 0.185348374670343 -0.173514399177454
-0.0812702944399971 0.0899119905475721 0.201141490746171 -0.0517622378093602
-0.158190076581761 0.0336117043159209 0.105169343952142 0.0737781542241686
-0.130782651667198 -0.0853335463931686 -0.0158515972728628 0.0915240686793884
-0.00610906281985262 -0.125385247776822 -0.168878397698832 0.0412848487990699
0.0084480725869268 -0.108920119794408 -0.0941584488193595 -0.176142099311571
-0.0481244824046185 -0.279935580867234 -0.0909487084580208 -0.300865693354253
-0.116666084999317 -0.28660752706807 0.14759882887989 0.0150371153923333
-0.237232944266532 -0.225359886120362 0.223985296718475 -0.287146179338723
-0.333548510144186 -0.0834182740124123 -0.0487703532991326 -0.288029181868409
-0.314858702039631 0.0843785802847588 -0.0516414903871575 -0.0844338600034314
-0.223437205270902 0.18582147018046 0.0706490744077862 -0.073569269584801
-0.117501835037347 0.234811786749324 0.145126553799531 -0.158061955782223
-0.0828660712815752 0.218491837201229 0.137826248897895 -0.218843190690068
-0.0548766230311472 0.201601537306906 0.137919276763038 -0.206303706337616
-0.108470219412014 0.180272526070249 0.175661819976328 -0.146503159816795
-0.153899998728617 0.124651131802697 0.204233047339226 -0.047134525329842
-0.226923575318675 0.0609343480654754 0.112670458170027 0.0770618018806588
-0.226005610202694 -0.0749797549938983 -0.0115472867787532 0.0953950901048668
-0.115355869087532 -0.193612242793204 -0.15620770656521 0.0671311729059136
-0.0730594716480025 -0.252026360232129 -0.0962296937394446 -0.0989532736199447
-0.069113137977387 -0.392986064865529 -0.049603025000031 -0.174452047349858
-0.195074491025542 -0.370646219157864 0.208370076895776 0.0835088503125718
-0.325714020337489 -0.228761821224142 0.234160180449237 -0.297764656206317
-0.374489130153462 -0.0565231050083856 -0.0912076591753237 -0.306381845395512
-0.356274955609946 0.0890798511830007 -0.139911124130809 -0.0589367377948971
-0.281193841457492 0.211099342901887 -0.015441958046502 0.000693727894272929
-0.171034388819767 0.284838100530665 0.0807562615326153 -0.0590324870142091
-0.130591841347976 0.271275893180989 0.0971551443856141 -0.114267599238087
-0.100114701858639 0.264204483104593 0.10665168910714 -0.118545032867173
-0.172920174087115 0.241636075721889 0.154669466237262 -0.0902990003472295
-0.225532327188287 0.162291761445705 0.194689882404523 -0.0252996794924139
-0.294333615810472 0.0910049395713274 0.117625669637145 0.0908966817348564
-0.319225455225516 -0.0580732971182248 -0.00358538322906782 0.113368090690589
-0.228825765746944 -0.244706422082233 -0.134890000477695 0.0968520331952335
-0.152092696460169 -0.371878312539052 -0.0747837131940723 -0.000678670887588212
-0.0848886072822542 -0.431818586921244 -0.00889275577059661 -0.0272956019890747
-0.239402056094977 -0.3601981897586 0.26199110008093 0.123992978658886
-0.337283518837244 -0.166357802604658 0.206332836209027 -0.29274464386056
-0.321313096359488 -0.0148209379225977 -0.134640035028686 -0.285888383732982
-0.317989416837681 0.0774081656436634 -0.208657590788048 -0.0233249961511526
-0.280606457817754 0.200231854312819 -0.0976107345614346 0.0740266190225575
-0.192762865263061 0.287180689624405 0.00807486568937611 0.0442658377090725
-0.16061146370259 0.283093680583937 0.0434086582082253 0.00695988274548554
-0.137175671751347 0.291949320559243 0.0649000971701612 -0.00616783735222802
-0.225850611634963 0.268559424669385 0.117047381952927 -0.00521580163889664
-0.276140492793504 0.174168296675788 0.162237772899434 0.0213959710893291
-0.333051072312654 0.101962213537195 0.108589706172362 0.118832993981796
-0.381016597946074 -0.0441950304379887 0.00174331252998211 0.139457840452911
-0.316181591784004 -0.27770085841383 -0.105494216701778 0.128752043072791
-0.204962334751433 -0.450026903187425 -0.031584328759757 0.110742683575054
-0.0990119256126975 -0.397711391377918 0.0275411605201922 0.104305481814839
-0.242697784353039 -0.27126903550743 0.286227819211081 0.124474837285667
-0.272362127511243 -0.0702586548668948 0.148324295358966 -0.261968917965916
-0.20083583365105 0.0127817580382771 -0.153645014001134 -0.232053155651245
-0.228590300201684 0.0429616648454431 -0.236732445083621 0.00993431240107674
-0.237112383742549 0.156339680017685 -0.154607165468204 0.131863618458392
-0.185509419357793 0.24615044391408 -0.0599135253422966 0.137772753139568
-0.168958741288953 0.252920929892419 -0.0159041884702877 0.128275904598709
-0.161027801698269 0.270297188852401 0.0101164629830644 0.114571441269092
-0.250981665256266 0.241458857914025 0.0560882177905176 0.0922148807948453
-0.283315763828889 0.136919278362536 0.101103058436792 0.0815460166643788
-0.313508454400201 0.0778536921505466 0.0775410998160407 0.153659413982803
-0.381697680817395 -0.0390286852613323 -0.00401806062972207 0.170504853535314
-0.343961604302559 -0.286517347744312 -0.078711947395305 0.157729864366254
-0.212137322691624 -0.473394062126003 0.0185234690937085 0.224115609936407
-0.100531075229566 -0.30756526978593 0.0586137604672289 0.199479244388745
-0.210419323688811 -0.148954490780599 0.276650132493954 0.0942335199088326
-0.168788339850846 0.015511546237419 0.0879488562358658 -0.212338168027011
-0.0719784717715837 0.0149295423860912 -0.142042396362063 -0.169143802482545
-0.130776872418249 -0.000186597157437756 -0.230188662249527 0.0273865673940495
-0.172945851434143 0.0947549796548557 -0.185179811335786 0.165477794486946
-0.155491668085757 0.173496470137847 -0.114828943039159 0.209835770582604
-0.151357947533643 0.184526771238705 -0.0720283318194155 0.23186589232427
-0.157914147599887 0.200602986344833 -0.0560020061248647 0.219646242113603
-0.227170494619714 0.160616791812538 -0.0240665230625415 0.173139312131844
-0.223714951868257 0.0647553951814039 0.0196608907834238 0.128176010221217
-0.22092082212857 0.0400094200656809 0.031549705810247 0.182406623082359
-0.310888991326179 -0.0282069104372917 -0.026595661654889 0.20258514995476
-0.306578481616375 -0.256604405493239 -0.0707118789030527 0.175232225557003
-0.17259493455476 -0.426451484597512 0.059931433335033 0.322232439419616
-0.0840275229038963 -0.187178690631522 0.0804715053272756 0.251914822194564
-0.152386796356805 -0.0332561895108075 0.252087358310642 0.0537116258267495
-0.0633650369719491 0.0660161813881532 0.0490608091863616 -0.161983096126822
0.0269256014547473 0.00113974170528346 -0.113618225326418 -0.123160730412279
-0.0483310256177038 -0.0394370295226581 -0.212249761048496 0.0292065055184585
-0.104842740047235 0.0286866020866971 -0.19768116431414 0.175963943362965
-0.110574041826078 0.0807237737126922 -0.150717436850358 0.255855992723489
-0.109948927254578 0.0879563889286908 -0.119393977174277 0.301130785581581
-0.119733082921547 0.0916253207954602 -0.120778928805097 0.286696933152155
-0.144916105073492 0.0494834078816736 -0.105102709443532 0.214708318453397
-0.101693305835741 -0.0059820436618206 -0.0547690060208894 0.143586190409293
-0.0778626205431516 0.0256645733240177 -0.0114741128104267 0.196962481630983
-0.196232351083942 0.00801235719014077 -0.0654116371873362 0.230712187106421
-0.215877018649096 -0.174746283668182 -0.0904337201674258 0.16903257906451
-0.105089254683497 -0.298928297420883 0.0830494745709881 0.381119824500295
0.0466538233862292 0.0679161874056392 -0.158790489435127 -0.381898599748028
0.108239154880114 0.00388546417768548 0.0704024105792651 -0.113123559729969
0.0336823447556444 -0.0976482266229679 0.131721111040477 -0.253061534230909
-0.0911706163174353 -0.0525000817566968 -0.0172532888837628 -0.210114099472473
-0.0569897405192205 0.0521292219500482 0.0553939255640557 -0.121747163111987
0.0114161902448398 0.0416557156535926 0.151294904152917 -0.185371419073718
0.0390006810829649 0.0225214587339184 0.180983190185093 -0.288310332388147
0.0406075535893897 0.0261513311524977 0.146990056153376 -0.334225907392538
0.0465287360530212 0.022561188805432 0.154455014045031 -0.291172586553858
0.0346349878735145 0.0438094773142263 0.18420512841429 -0.193835067265936
-0.00988483206723328 0.066489038215399 0.198202753471335 -0.0624434858104845
-0.0974011332281114 0.0227016587849736 0.115156688608494 0.073930368305806
-0.0471595169168697 -0.0819070718540072 -0.0162974271501845 0.108050330208411
0.0829384973262189 -0.0486289595502263 -0.184202816817698 0.0252803537521194
0.0728067927249302 0.0428936852456481 -0.0817573028222998 -0.232207098742227
-0.0145609716548348 -0.116471866365731 -0.13736310653513 -0.377559270089496
-0.0135879113840485 -0.147429712599813 0.103163283054273 -0.0607404878346159
-0.111916328382217 -0.168918221015738 0.182802809066102 -0.278255368114363
-0.232287518624581 -0.0727016685450026 -0.0296750970794525 -0.250116291549143
-0.204944213481027 0.0791808476879401 0.0202893284838802 -0.104820905747011
-0.115132604019797 0.131907844884841 0.133364362307672 -0.143191143977045
-0.0395831290342408 0.145993295163888 0.180883866759779 -0.248114254168845
-0.0200360262090787 0.135535055126072 0.151412276301305 -0.303892523143072
-0.00368311773674422 0.119561199797268 0.151741480309649 -0.271645274173792
-0.0361545480407972 0.113274969219203 0.184565822417924 -0.184506197182071
-0.0792328936096521 0.0923263588114174 0.204299854550422 -0.060654785188772
-0.159149860885963 0.0399902598190219 0.111876624645294 0.0737553438733156
-0.134324875083557 -0.0811911503940751 -0.0153100140548319 0.0963641982689821
-0.00940107334511615 -0.130133248454997 -0.170056956286147 0.0495133860401245
0.00598251335425093 -0.111605592529213 -0.100447110959053 -0.179237215830635
-0.0560163028168154 -0.284649577239208 -0.0999335539172947 -0.302528734127787
-0.123737394608698 -0.290831155882904 0.155538501288664 0.00813620699577659
-0.247233815047825 -0.223222759496894 0.219191833251503 -0.299565308469958
-0.342036259819544 -0.0759840255066403 -0.0604520709744652 -0.288867480233076
-0.317453066595476 0.0936305009569533 -0.0526996869732781 -0.0849623863529057
-0.223187835071391 0.194719212558318 0.0717031609172682 -0.0790743889078174
-0.113778749011143 0.241993472108064 0.142791077884665 -0.169737380302374
-0.0779563906009644 0.224968487757896 0.132597891579812 -0.228708985057161
-0.0509020480646953 0.206756075999391 0.133563210614059 -0.216291217932512
-0.105283743671054 0.187767576365511 0.175607258147867 -0.155986015173005
-0.153290338759397 0.130318328412766 0.207742703447047 -0.0561396517517308
-0.228813817826613 0.0689128489936545 0.120027962475917 0.0772243546113006
-0.230541091162771 -0.0687841441785095 -0.0107659905234959 0.100928527375864
-0.121985018126052 -0.196060307848114 -0.158035586817981 0.0745378015324852
-0.0806933568677538 -0.254288953374119 -0.100511679606758 -0.100988494500778
-0.0817040066631675 -0.398737935254404 -0.0546677756464703 -0.174408361641654
-0.205211950456503 -0.372442841043128 0.218806945113064 0.077507119237921
-0.334948483133797 -0.221903106904691 0.229322323972501 -0.310993673366464
-0.382014086830979 -0.0482288627590132 -0.104348992670963 -0.306998228048243
-0.359980899678386 0.0995776181031736 -0.141717926238294 -0.0568878798478505
-0.281045353672594 0.223708537602477 -0.0144472892822209 -0.000983670829396099
-0.166694704009123 0.296545052186433 0.0802059119553888 -0.0674498722423966
-0.125025910669311 0.281211533823202 0.0936603641097888 -0.121173863277216
-0.0952374824321592 0.272770047300744 0.104690329375801 -0.125979345360702
-0.170410911497743 0.252737893408423 0.156051357143285 -0.0981279236288426
-0.226610188748367 0.171469771575602 0.198237432324494 -0.033844545770719
-0.297966106947397 0.101375063804543 0.127210643133817 0.0919278653490837
-0.324513496971502 -0.0501630735884559 -0.00264227040695662 0.118963322114214
-0.238547454992297 -0.245111445893472 -0.136657859196819 0.104750573672969
-0.165027007510075 -0.372194154002954 -0.0746840291960851 -0.00136572892860706
-0.0990691235635004 -0.435962985312191 -0.00949984106507412 -0.0256236303547143
-0.249924908072184 -0.359664263671662 0.27400409727881 0.118021520539316
-0.344636754980795 -0.158026222030357 0.199696074401696 -0.303849132358161
-0.3259700029734 -0.00787661179010756 -0.147273339043223 -0.285602106867837
-0.322567371018024 0.0868372138104629 -0.211624982862413 -0.019005657142308
-0.281330362581963 0.212678447036592 -0.0968139481646036 0.0769122594290234
-0.1881293886734 0.300529297656374 0.00730613028791913 0.0410259534485007
-0.155619230044774 0.29484149413651 0.0419331843915866 0.00422785197801881
-0.132414226744987 0.302650738928078 0.0653389600155248 -0.00987055675388174
-0.223452926438351 0.283313876327401 0.120147773233168 -0.0103908929042762
-0.278386421911263 0.185014304640578 0.165725016063862 0.0149485866916833
-0.337932345706244 0.111318502979793 0.117833175224134 0.11997781403142
-0.387952163903142 -0.0354294654138602 0.00336825365509199 0.145647966637856
-0.327403349593884 -0.275860097112507 -0.107098378830677 0.135993540425468
-0.221081654586178 -0.450796151779834 -0.0285312892227249 0.111210567386315
-0.111377808541747 -0.398731299601451 0.0313417010848136 0.107731599468941
-0.251468388301861 -0.268466658295387 0.297468946537785 0.117862775796718
-0.274583096723469 -0.0608695486386718 0.141830972853601 -0.271054071916111
-0.202643893862956 0.0162814098533789 -0.166413479947987 -0.230638573760144
-0.233322904553809 0.0498169792105662 -0.239929421554964 0.0153830903378772
-0.238025416379157 0.167426672152068 -0.153578141971279 0.137447381399669
-0.182010396328308 0.2599556841141 -0.0598558344064236 0.139300818949471
-0.164707210516446 0.265845107800228 -0.0154473157586685 0.129936435994812
-0.156960791400138 0.281179662602364 0.0127355475994984 0.115409745604679
-0.249308745214084 0.257110647922518 0.0604888852475905 0.0909198736671229
-0.287283825220225 0.147494476088824 0.103980952268519 0.0793773990507432
-0.318727947389738 0.0850408634559862 0.0868746146396724 0.156914553946663
-0.386132259735591 -0.0301616190534592 -0.00168793985038936 0.176646665608275
-0.358407772947836 -0.281949364994417 -0.0791874166820429 0.164834242279945
-0.229278876672832 -0.476408797383468 0.0252332025893206 0.225779032122821
-0.112842426138857 -0.308286647809173 0.0655486696405992 0.203187527815133
-0.215374264515153 -0.14366607376137 0.286413980062676 0.0867870115754078
-0.167552834500162 0.023122933771574 0.0821465748962005 -0.218040420357588
-0.0725618934024345 0.0148274007822885 -0.152003829177172 -0.167931592546115
-0.135274419143216 0.00318293417978116 -0.233728705325761 0.0339147793610639
-0.173753964593586 0.103744835816655 -0.183773549132537 0.17313912013541
-0.152729608719238 0.185180027817026 -0.112746128607298 0.215964120280042
-0.149387959464274 0.195649033379525 -0.0693466644380573 0.238184213413096
-0.155803210033711 0.210489817083844 -0.0513302238119965 0.224918754921058
-0.227661106714448 0.173579369688849 -0.0193779523775576 0.176737738071925
-0.228808384985443 0.0722618184882541 0.0208797628763458 0.130275200161044
-0.225602747244215 0.0435944108719007 0.0401361901559812 0.186627821927376
-0.31580622688871 -0.0207493374899156 -0.0229249399191225 0.208777393711618
-0.31887673333124 -0.254505098728402 -0.0719371667610207 0.183525829805499
-0.187968433315934 -0.428309531940809 0.0697004897388159 0.324664209277788
-0.0925616632827149 -0.185695718292669 0.0894446244866495 0.256093898869535
-0.153394678590382 -0.0283180515108183 0.258507298990898 0.0476194443502365
-0.0588445099056574 0.0697826045186106 0.0427883691753204 -0.166563524486693
0.0266829621070583 -0.00179036054046521 -0.122086592393986 -0.122727854619097
-0.0528041768901716 -0.0385973439000082 -0.216809193266811 0.0357312743125469
-0.105514264004238 0.0349986890794927 -0.19743274089268 0.185542172977204
-0.109664136282077 0.0884460072103957 -0.148032184200498 0.264981814003848
-0.110028032929852 0.0956750949016357 -0.114315430183862 0.310774185506263
-0.119720889935472 0.0988646375175309 -0.114535488968633 0.296863677197592
-0.147505640126933 0.0575590005329668 -0.101555627878336 0.222723862039581
-0.106366460214784 -0.00366230660795081 -0.054651955062959 0.148818388604308
-0.0794200420278713 0.0249300601411109 -0.00371564424456428 0.201224338658782
-0.198015588352688 0.0138631394489596 -0.060701220479355 0.237488010557138
-0.223123420855374 -0.171838444786425 -0.0924130477417717 0.17812427880386
-0.116026984280452 -0.300379544294686 0.0941511231335811 0.384689076585554
0.0519195982835301 0.0641040340766464 -0.177026576193497 -0.375669783643443
0.110748099006347 -0.00410766769213486 0.0687426674862954 -0.121835624442698
0.0270325118751441 -0.0992412690512811 0.118769324763793 -0.263695421240204
-0.0946451751411924 -0.0452118951868826 -0.0294927758237413 -0.20759889061951
-0.0518267675431239 0.0552055698052294 0.0497370942697116 -0.123677168403955
0.0139922121588359 0.0395038915365398 0.143335478070971 -0.196283506031285
0.0397559621458494 0.0186128577732191 0.166879670298737 -0.302421136719085
0.0430221847479919 0.0226550905641991 0.129708058258254 -0.345946663401949
0.0474470752999572 0.019312038557348 0.139100287097394 -0.30269069629579
0.037233200088857 0.0403394283543858 0.175065408771547 -0.205859269865402
-0.00496616188401243 0.0658764516114749 0.196627203380386 -0.0747180421542723
-0.0956343012369697 0.0299611532831269 0.121689510170182 0.0686723771061724
-0.0512812458501934 -0.0787928101922921 -0.0113519551841595 0.111935800098819
0.0797390242668469 -0.0564221377013595 -0.181669375179977 0.0380623403576438
0.0753057440900382 0.0378383542897728 -0.0947004419438043 -0.233161407274894
-0.0195243626499515 -0.117571399954012 -0.157101954954911 -0.37132362775286
-0.0189725575185972 -0.149946181607173 0.105669044434257 -0.0708604673755653
-0.121407803525576 -0.164101501805098 0.168444565726068 -0.290993742034499
-0.237882106751062 -0.0606153581304057 -0.0442783116063334 -0.24598959366762
-0.200009995877685 0.0900021756362056 0.0167850668995086 -0.105851891684105
-0.109060818202198 0.13762543947743 0.128402010995798 -0.152870694758224
-0.0331462949043227 0.147641252497439 0.16753668675312 -0.263622722607564
-0.0127401391750343 0.136745671209441 0.135175371063764 -0.315878695553312
0.00193813831812016 0.119468995655476 0.136822134677221 -0.2838466075252
-0.0301574054475373 0.115410201396945 0.175751311935062 -0.196868722230262
-0.0744139865548313 0.0956044303260428 0.203267029920174 -0.0739151199644853
-0.15699683224271 0.0502816865152595 0.11985089609676 0.0695846813404444
-0.137348106126962 -0.0738507982948325 -0.0118530360028067 0.101221079086272
-0.0166776089605359 -0.133035119721824 -0.167382090850979 0.0608023368608182
9.30871093304739E-05 -0.112874802870904 -0.110176808379547 -0.17801149305914
-0.069547545641116 -0.283669134111183 -0.115329307745274 -0.297548529896497
-0.136636174703699 -0.289755740642189 0.161655101814429 -0.00277658904719733
-0.258592688084558 -0.211421925841315 0.204966196986874 -0.313867406204505
-0.347995225433313 -0.0591159837436656 -0.0770198056653426 -0.283777938504404
-0.313510321814188 0.110330887528879 -0.0552165033952483 -0.083404394587091
-0.214185433520429 0.207239755221739 0.0694153452912299 -0.0853376214813942
-0.102449201999104 0.249926430376546 0.133628671898142 -0.183036245644516
-0.0664062406112936 0.23099650389258 0.119986773868097 -0.239281774412224
-0.0413711736104066 0.210925180928611 0.122067403107855 -0.226626966364468
-0.0958370115782474 0.195213736381181 0.168933081740069 -0.168771288975068
-0.14718386690394 0.138790072523963 0.206710327487696 -0.0705457007855178
-0.226388580370232 0.0815206772241736 0.12924294108606 0.072878715143487
-0.232760252145387 -0.0572233765252804 -0.00754420716259023 0.106634528452891
-0.133056868191438 -0.192819224333367 -0.15489969153092 0.0856371186047646
-0.0930406740723089 -0.250986512445088 -0.105054177001521 -0.0997964500395301
-0.10154685697374 -0.396439774564481 -0.063516564605316 -0.170549217801332
-0.223093662767826 -0.366557206198586 0.22890668548971 0.0647903730652879
-0.346555192746421 -0.205251102835305 0.213434078568542 -0.325226383330971
-0.385570387469098 -0.0317537310247019 -0.122685079859667 -0.299078162486721
-0.357721448416593 0.118239833850201 -0.143376592548445 -0.0516591895711117
-0.272742680001647 0.240196888923195 -0.0134769160317313 -0.00234679221283963
-0.151873608603078 0.307805212569181 0.0749772151835886 -0.0763106405815301
-0.111789754260022 0.291115970997689 0.0858229194769164 -0.128478751830153
-0.0820563167554222 0.279738482300659 0.0979766769352923 -0.13397769341476
-0.157635049236224 0.265244306667409 0.152280829570513 -0.109884749995969
-0.219942115181716 0.183538929881581 0.197927738020434 -0.0467745435291921
-0.295162464549359 0.116504871480949 0.137112338214623 0.0869988829433353
-0.32631588908646 -0.0332980410575791 0.00170603329636824 0.12405047947796
-0.251579880438998 -0.235235961175188 -0.133510639624647 0.114268067577296
-0.182377822050008 -0.364858825396532 -0.0749844046308752 -0.000629441745033885
-0.122413660001208 -0.43224520051195 -0.0105373525164174 -0.023054398685775
-0.266884718882649 -0.349794717207585 0.285794439494331 0.102986410778807
-0.349726321301999 -0.138983745071155 0.184095750277717 -0.317423753959226
-0.328258381859108 0.00650885528535089 -0.165446898433678 -0.276939233024296
-0.32126607725089 0.103159763646804 -0.212574715386077 -0.00964887084222582
-0.273136804208731 0.229832701925834 -0.0928325910765063 0.0800903903460252
-0.173607082268903 0.315108301639525 0.00792081200059968 0.0370575565511935
-0.141624369025288 0.308357810278748 0.0403335065644954 0.00135793926824955
-0.118158530150843 0.311379633564988 0.0642701201460884 -0.0142781779281711
-0.20960804696254 0.299961923055333 0.120965709140138 -0.0189870122224674
-0.272812218121372 0.200719597395143 0.166780914167275 0.0053547463211598
-0.335575252261158 0.12862551841094 0.129743835559919 0.116600845046954
-0.387764183039264 -0.0166607971475924 0.00890582021774889 0.151489686985746
-0.342280260974944 -0.261313695633078 -0.103030274133216 0.144401659064487
-0.244709585034652 -0.440731943234708 -0.0226608276005956 0.109768626896916
-0.134710423670959 -0.39307544280151 0.0373266102440105 0.107893540899722
-0.262854866721638 -0.255979701465892 0.307932844221503 0.102672334673657
-0.274768934143398 -0.0455141591392352 0.127270083914277 -0.279249753877735
-0.202654222195597 0.0249753816382733 -0.181289733433578 -0.221414176998934
-0.234208485020918 0.0610991345634587 -0.240685049368221 0.0266951919723143
-0.231407292451808 0.183202521034415 -0.147173599435854 0.145576068509857
-0.16824337401543 0.274314352070936 -0.0542769623259963 0.140821801647345
-0.152115914913331 0.279383524390454 -0.0105998353731471 0.131966144952572
-0.143389447748036 0.293010625540665 0.0177213736927736 0.114139918515133
-0.238275146539668 0.275759351562019 0.066821832570385 0.0867145971772575
-0.283980937268593 0.164139683528741 0.107037818244771 0.0743324551207977
-0.318553194827852 0.100248812501513 0.0999436479085501 0.155666193866969
-0.388382843595835 -0.0109301611536209 0.00616126828193838 0.182305718644594
-0.371152938737682 -0.267173629121621 -0.0755616229641041 0.172058977725658
-0.254377102632301 -0.464599198449012 0.0376124727790814 0.222480037332064
-0.130329408949119 -0.30117149659869 0.0770415688007816 0.202503523398615
-0.221050825340841 -0.131717284908432 0.294100475040605 0.0721480214386138
-0.162136562319132 0.0330785723819007 0.0687579902802852 -0.222740459556585
-0.0718911896832434 0.0164244713260582 -0.164565521746416 -0.159688347366708
-0.138664378865344 0.00970381036361621 -0.233813570839954 0.0464454882693231
-0.169683744669107 0.116177158768159 -0.17547761377283 0.183471524656637
-0.143407699296799 0.198799751677827 -0.102943942530331 0.223005512681629
-0.140033845675798 0.208123766364189 -0.0593033202574788 0.244026938565134
-0.14589307379603 0.221772829521026 -0.0402517650815594 0.229190822594183
-0.219636640663256 0.190649811726029 -0.0103359535059389 0.178546500831503
-0.229580748846225 0.0846234880702417 0.0264032936296392 0.131045797455118
-0.22643551598823 0.0520762405969405 0.053853430538764 0.18692747833741
-0.315638109706795 -0.00467728482417979 -0.0131407382485482 0.213671938415493
-0.330560741244891 -0.239462246507051 -0.0665926948069873 0.191253050805684
-0.211913067318988 -0.41869016530399 0.0868685276985935 0.320430937616393
-0.10412892791938 -0.17917454663133 0.105168983931215 0.25377394202395
-0.153350242577513 -0.0196101087736511 0.262944803354577 0.0339927507081682
-0.0516569199814026 0.0738844423199315 0.0327160545928798 -0.169057693140956
0.0255663032760459 -0.00508400971978249 -0.132160742986466 -0.116725495310832
-0.0581329371100069 -0.0357795439505249 -0.216944749007396 0.0483585398418635
-0.104101798926358 0.0428809168412543 -0.188717447071922 0.197386077663021
-0.104766112254233 0.0994231823772825 -0.135726839773 0.275679425138406
-0.105713626686633 0.105025284093514 -0.0998087614185787 0.319886912865264
-0.115885088280992 0.107623598970189 -0.0990655110643934 0.305564436955426
-0.146279926992563 0.068709258490332 -0.089923153390981 0.230218221077944
-0.109845178409625 0.00173147333967499 -0.0499880918284644 0.153937466052392
-0.0800868468231792 0.0259430525077817 0.00896534392914254 0.2022172037585
-0.196137438802504 0.0246225681067233 -0.0482329162957392 0.242837968053249
-0.231777657544322 -0.160889281828547 -0.0884171145521625 0.187517748861537
-0.133942275684995 -0.294445283445472 0.113969515111712 0.381114891975463
0.0545322733408123 0.057908290818353 -0.192578933760862 -0.356514191025312
0.108316166209574 -0.0127205289511604 0.0637607422611078 -0.12717641880193
0.0193351615863748 -0.0978842076434545 0.100740197392593 -0.265875617159165
-0.0956919867448579 -0.0365303305787937 -0.0410177756707902 -0.197543023604472
-0.0443783474306788 0.0565894704624916 0.0424964206817341 -0.121259622425176
0.0160047910281659 0.0357797864904598 0.130272375443399 -0.201027892505606
0.0395272845294408 0.0143903469428756 0.146118858496389 -0.309111744357836
0.0438756250070748 0.0180507369276161 0.107720132342055 -0.345932837011889
0.0472210299158695 0.01541284573479 0.11817734717787 -0.305438457399933
0.0388996366592513 0.0359832919992611 0.159415697177415 -0.21249910856706
-0.000276962595351791 0.0631017948429289 0.189106792400945 -0.085167852504195
-0.0916664849015597 0.0358135003710575 0.124682771470591 0.0611202822449609
-0.0548440174686865 -0.0735763593111695 -0.00480359445268129 0.112997194802801
0.0736444732004388 -0.0619503721632863 -0.173562526255115 0.0491749301570476
0.0755891967789706 0.0318357996071006 -0.106804792387111 -0.225675158533121
-0.0246093721361064 -0.114854425440361 -0.1719334402327 -0.353333528662759
-0.0251533038815258 -0.149174653347876 0.103552229653467 -0.0786196670767403
-0.127398288096043 -0.153580755089315 0.148338669431755 -0.295715687957386
-0.235687486860322 -0.0452840551030197 -0.0574737923915092 -0.233807717304241
-0.188816600885289 0.0983852221652918 0.0116232501963854 -0.103691426813686
-0.0992161734922443 0.139414226948076 0.118154470311053 -0.158287849447539
-0.0248783330494143 0.145852048556924 0.14906024560926 -0.271070801057389
-0.00432752659565948 0.133419788269269 0.114273356825661 -0.318117762565564
0.00851928605024424 0.11645877374097 0.116766794774576 -0.286489624345691
-0.0230974279222806 0.113820944453218 0.161446149621137 -0.204434063743602
-0.0671441736575081 0.0963565196464438 0.195100167464362 -0.0851475062204925
-0.149714118302371 0.0586664702591918 0.123657567276047 0.0621090520133971
-0.136940719260123 -0.0640614702967888 -0.0058583230319294 0.102990335683531
-0.0237194637523988 -0.131016668347429 -0.158677233208918 0.0709043892449762
-0.00515788682392777 -0.110504649741837 -0.118274516222544 -0.171750593237729
-0.0832961784580037 -0.274341442493081 -0.127323530611565 -0.282963013229574
-0.147741380995833 -0.278465389593384 0.163272699498086 -0.0144575072435697
-0.262053505616638 -0.192799858131494 0.18317745368653 -0.32068550394685
-0.342998349933809 -0.0404511011484592 -0.0923192750811335 -0.268544987588391
-0.30004036121879 0.123548216346293 -0.0571513007682555 -0.0795329822820917
-0.199480696107373 0.214611932656707 0.0645744585612539 -0.0893080451614947
-0.0868715773091084 0.250447742657135 0.118709368190365 -0.190675989312283
-0.0524425242058766 0.230059395562824 0.102778972118492 -0.242179832921588
-0.0290249553863637 0.207887433950095 0.105572103803283 -0.230221509062081
-0.0828305720490634 0.196347821749118 0.156102413408297 -0.176266349788663
-0.137705984877325 0.142798226580535 0.198482198327795 -0.0824185393653268
-0.216206664592165 0.0930358935165142 0.133888574049647 0.06482933213592
-0.228552943526524 -0.0424300920943723 -0.00192375443561557 0.108760060716136
-0.139955002731786 -0.182863577603859 -0.146233545207423 0.094572280172382
-0.103207068291748 -0.238990353194166 -0.108462628846931 -0.0954796106637612
-0.120432446064709 -0.381749821512627 -0.0706033608811087 -0.16141380753574
-0.234701704142972 -0.35022049814477 0.231784889568578 0.0478493031351658
-0.345965679694491 -0.182758115125379 0.190569927853487 -0.331276527301331
-0.378286948946694 -0.0116546360433683 -0.138091525134139 -0.282115565301883
-0.34481226918335 0.133561369824317 -0.141911307470652 -0.044138385631682
-0.255182369138953 0.250309633222064 -0.0128181204367808 -0.00407524363204915
-0.131825962335648 0.310246293163598 0.0671708225780378 -0.0828340662737788
-0.0926504958961124 0.29197895951267 0.0750013510224807 -0.131010395313423
-0.0656560762946783 0.278458388416616 0.0868595990703789 -0.137522838552545
-0.139964267250372 0.269949200193042 0.143682708185571 -0.118102562195277
-0.206093150573171 0.1919164110018 0.190580789272496 -0.0585229645226729
-0.283154005101758 0.130339818604228 0.143164228766103 0.0781599570988863
-0.318708593721556 -0.0155356829981978 0.0083423607275961 0.12648927393353
-0.257546849816585 -0.217936181056447 -0.125090392803855 0.121961376576207
-0.197690675076055 -0.346867823989041 -0.073728595642146 -0.000264773252506935
-0.142786358333191 -0.413499457679461 -0.0109177766068849 -0.0196949912429522
-0.276172358167961 -0.32841620230984 0.288869385959479 0.0833752377946925
-0.345035868793341 -0.116261221011273 0.162730728259475 -0.321128977916197
-0.31898631890086 0.0211236863870559 -0.178384305142935 -0.258862349385392
-0.310248052917044 0.11664051825729 -0.207251865392754 0.000630478144847733
-0.25558523069507 0.240670879360915 -0.0856933972436384 0.0817940921066687
-0.151300430140379 0.319930441246472 0.00713709818395098 0.0329061353697996
-0.121119522555253 0.312110550210041 0.0377143175904976 -0.00145052770425899
-0.0992195855818357 0.311615156066507 0.0599275206463202 -0.0185677024662976
-0.188953860172603 0.30714296649056 0.117851072671552 -0.0271460879751316
-0.258575679881277 0.212007555301882 0.163192386408378 -0.00504807118986693
-0.323428859411563 0.143372706788533 0.138649501527857 0.107450356416568
-0.378331343048918 0.00384593664393839 0.0162190391721913 0.152127635227082
-0.347189036709711 -0.238251235511222 -0.0957552027162857 0.149435822088893
-0.26042294919387 -0.416755490254422 -0.0166846171690131 0.104984729650568
-0.153335773255212 -0.374190107941214 0.0423694660118726 0.105444868890551
-0.268671930703604 -0.236396664123607 0.309305388995402 0.0817557389321581
-0.265559095727869 -0.0285367765729911 0.108809356059016 -0.280566148170515
-0.196160491206874 0.0324721806885554 -0.191432775595908 -0.204064679480688
-0.227939780230927 0.0726223886925352 -0.233665559795861 0.0379464881381882
-0.216840311449669 0.193476087889666 -0.134821148971601 0.148784075543596
-0.147584362598127 0.280197922660252 -0.0472541434035401 0.138955627447939
-0.133615908684842 0.284846407657345 -0.00510983598125826 0.129497921628293
-0.125431937879818 0.295742153538782 0.0226493182414276 0.110282827682665
-0.216832728880384 0.285566798792039 0.0701680597674838 0.0798398232539244
-0.271550161363424 0.17616889350363 0.108537417159693 0.0665053853607572
-0.308989361165314 0.113911499811942 0.110786298583307 0.146236764479407
-0.377445838802317 0.00754037257713854 0.0145177209903916 0.18186019572814
-0.377162624736219 -0.242815999732884 -0.0674493907495439 0.175855321832486
-0.273476032815935 -0.437474966402456 0.0481241565142432 0.211756987429375
-0.1449011643411 -0.283955342174782 0.0864587317092018 0.195213428232034
-0.220354769111771 -0.115754165653932 0.293863008084529 0.053147870694367
-0.151673262856433 0.0420266603836144 0.0544788254926973 -0.221601096833637
-0.0694051792942821 0.018231646336009 -0.172077252629797 -0.145617247324458
-0.13756942700796 0.0170274607918442 -0.226321745797512 0.0581167728369619
-0.159580468470825 0.125138040853662 -0.161754115809288 0.188703931709523
-0.127064005575523 0.20557361737895 -0.0900850947239886 0.223176386236049
-0.125999589564533 0.215249549913212 -0.0456346344621352 0.24332820575222
-0.131485098007965 0.226907904648968 -0.0265690757463277 0.226371821626287
-0.205080739300816 0.201777171080022 0.000189619985869584 0.174958758849171
-0.223019585540671 0.0957601179911688 0.0315741188058094 0.12748430518735
-0.221304159736794 0.060780927282499 0.0661287147935324 0.179455529677054
-0.306575208821483 0.0111602917725254 -0.00241874461689618 0.212777393945336
-0.334309960450193 -0.217246386492319 -0.0587506015014175 0.194124791878829
-0.230189688381575 -0.396122348540072 0.101781081212442 0.306037883480559
-0.113389933401908 -0.166245995878481 0.117138681457102 0.243415539354072
-0.149021587042647 -0.00973862998191365 0.261016999423986 0.0181369155821896
-0.04255975360609 0.0746477457223621 0.0209076250799115 -0.166989125633238
0.0243655622406531 -0.00846887830159969 -0.137741610978755 -0.105771223563884
-0.0611271791772905 -0.0315061097395757 -0.20993610442668 0.0600530307189082
-0.0990269141278816 0.0499499154336255 -0.172922740424828 0.20441357801118
-0.0948836231975538 0.10650376116936 -0.117931253515446 0.278679379357579
-0.0975350655594932 0.112577382689526 -0.0801773830698664 0.320089733963789
-0.107903339816379 0.113848049999686 -0.0791518540892379 0.305704382650558
-0.139607080955444 0.0781867477864698 -0.0757697028313342 0.231607676332526
-0.110041211464468 0.00718318042121358 -0.0424003300474282 0.154603641561569
-0.0783762618712898 0.0265999189327856 0.0225664191866439 0.196776843237507
-0.188518758948402 0.03529043796202 -0.0340722693631223 0.241223011193478
-0.233743333131752 -0.144688588716536 -0.0801825988228885 0.192376161033081
-0.148610453560723 -0.279495770104853 0.130744113575859 0.363219081990786
0.0541677000352885 0.0521880210520447 -0.194764651701297 -0.333568028990161
0.104071128036458 -0.0185518618703209 0.0594868145596273 -0.127578151736904
0.0141198379310077 -0.0938052730375939 0.0871189908655896 -0.260511684553231
-0.0927362807570153 -0.0295683743070882 -0.0458809777817039 -0.184356796441465
-0.0383967201024619 0.0549893934945366 0.0375121823171907 -0.115150088656108
0.0166732469072182 0.0326662123345166 0.119155294143406 -0.198230524435871
0.0373654739866066 0.0109062508624474 0.128774623702507 -0.304426496902791
0.043334130691952 0.0138948816333989 0.090669479558038 -0.337547540752208
0.0458176403979164 0.0125392083945694 0.102842643396278 -0.297214487299169
0.0382935185453655 0.0321890340514867 0.145563503185508 -0.209276593365897
0.00258195537777224 0.0589527095669079 0.179060989719267 -0.088736106526796
-0.0850014821934075 0.0383093226475826 0.123485986405894 0.0544772306935091
-0.0549375979075771 -0.0685270760419074 6.76951446217458E-06 0.111104225858073
0.0660731237020287 -0.0638664363320997 -0.162327581370556 0.0550458965431269
0.0734499561597605 0.0267633307829782 -0.111900899925962 -0.21477148494602
-0.0266637236583043 -0.110111032184924 -0.174608778439644 -0.331627194849522
-0.0280714839953331 -0.145605061374246 0.100849284357592 -0.0826606041681638
-0.126897609309851 -0.143169157615431 0.132179172963342 -0.289964499432601
-0.226940558759052 -0.0347772884988873 -0.0632764924942139 -0.217876012375434
-0.176409043109712 0.0991655135588081 0.00934473918702375 -0.0990832395040034
-0.0915885184985856 0.136307328672614 0.10952926448213 -0.157167359470662
-0.01985964469723 0.139917743473855 0.13219410826914 -0.269428367480083
0.000527318676915151 0.127198363701001 0.0976675620814471 -0.310711770896928
0.0113865686951022 0.110774631339133 0.101235940102891 -0.278867565880717
-0.0180156869126677 0.109346418167299 0.147698407604197 -0.202761226259987
-0.0609147450441166 0.0935814001176392 0.184550532426841 -0.0899316135354188
-0.14086754121673 0.0622207919332262 0.123904268979665 0.0551941434333019
-0.132153182298696 -0.0564932359577112 -0.00240027303629074 0.102196228937679
-0.0283418977364519 -0.126681114868221 -0.147903907907349 0.0749828170200565
-0.00799202222736626 -0.105985585057258 -0.119254035841771 -0.163104649844804
-0.0870841451621031 -0.260005076662294 -0.130045003217367 -0.264902186204602
-0.14824671708388 -0.265224426783171 0.159892506042775 -0.0228292545082257
-0.255711921096196 -0.176005719752032 0.164981343870427 -0.314297485361702
-0.330580066941164 -0.0291940044370736 -0.0980611499447638 -0.250531088696627
-0.284082746193446 0.127145354558936 -0.0561279189803835 -0.075016655706763
-0.185313355477462 0.212493849579826 0.0596272089247655 -0.0898548659368304
-0.0756055068951584 0.242832671425365 0.10601042225346 -0.190347941423942
-0.042244165369279 0.222970857603959 0.0882083854587472 -0.237646950408828
-0.0215695142327934 0.200244374057248 0.0921929001170704 -0.224495481242997
-0.0726900356905277 0.19136663398223 0.14425112150626 -0.176700002241338
-0.128322070668842 0.141232523384072 0.188030873172439 -0.0876327726584294
-0.203566296729457 0.0968347087356509 0.13472995470919 0.0574766407774996
-0.218825358857874 -0.0330659657172442 0.00298523036069537 0.108576424196986
-0.140113577687082 -0.171721690085653 -0.136276939055167 0.0970248343115954
-0.105667741831508 -0.224999718248839 -0.107949770347548 -0.0905411017108965
-0.127116198113662 -0.359701566641493 -0.0721607999083517 -0.150570601649841
-0.234992049917018 -0.328112378861887 0.228558899499269 0.0352196510826702
-0.33369010344637 -0.164480878441824 0.172783192049458 -0.326076778707451
-0.362532337552714 -0.00141957185980368 -0.142075160440699 -0.263364420025575
-0.326985602747096 0.138071257463561 -0.136030076557202 -0.0391022822196445
-0.2366791371109 0.248881787429158 -0.0120578917133413 -0.0051746771440267
-0.116092594393401 0.30337351196062 0.0595901341422553 -0.0850768385243513
-0.0788746127035249 0.285283410805263 0.0666561163181828 -0.130119342999299
-0.0543553529423401 0.269569350365585 0.0773090835077986 -0.135117496098333
-0.124881403684043 0.26382287306655 0.134389063033876 -0.120451272288744
-0.193234059635463 0.190750183458206 0.180699797443893 -0.0638284935923221
-0.26744632622105 0.134750173809181 0.144149693467121 0.0702187494784156
-0.303816863909052 -0.00559433421603184 0.0122919369697691 0.125923209793877
-0.252572816173054 -0.202323466717111 -0.117767396144361 0.123165634112141
-0.197889098303848 -0.322833816945584 -0.0707678401411012 -0.00155657555046677
-0.150014347516573 -0.388910169721435 -0.0115796970183621 -0.0170684848501807
-0.274121680929026 -0.306080103967164 0.283041491100598 0.0675853972263575
-0.329151520049735 -0.100625535662557 0.144580733231278 -0.314306350636914
-0.304630238458664 0.0279451875445262 -0.180387454633784 -0.239406234418247
-0.296021085816191 0.121495018295703 -0.198270157523849 0.00538423965190802
-0.237776498840963 0.240583846934575 -0.079335140381321 0.0790996139234036
-0.134269849972424 0.313249927813448 0.00580605233042649 0.0285064758026376
-0.105339309185863 0.305389341346062 0.0349830703694056 -0.00307814888629615
-0.0860826835713505 0.303271998585595 0.0559879885154639 -0.0200764937051267
-0.169922031807625 0.30208280143031 0.112669107556838 -0.032189711722472
-0.243178808951116 0.212367126271005 0.156251092943211 -0.0115588426874715
-0.307151229794854 0.147569513996971 0.140532039389894 0.098878666714315
-0.360943125006662 0.0151579544191278 0.0211673858470963 0.150539585401534
-0.338677152260684 -0.219764693174316 -0.0889579885996448 0.149374923149078
-0.260288840644235 -0.3886275296491 -0.0134841648684014 0.0973051634697105
-0.158716202293866 -0.350943815413936 0.0442978928991337 0.100860468601862
-0.26299179687335 -0.218248236284194 0.302578167344203 0.0661987936523322
-0.250431575955067 -0.0179793984321304 0.0943854043952299 -0.273231662743462
-0.186122087077882 0.0346231734671538 -0.191407187900543 -0.187693203165456
-0.218579199944897 0.0763884262646625 -0.222452197813468 0.0425960195195596
-0.201506680038924 0.194501197005266 -0.125074054452577 0.145239229973338
-0.130575979781659 0.276932228015909 -0.0431146139421393 0.133195102081492
-0.118448756655275 0.281586934780437 -0.000754906059403971 0.124739160553614
-0.110811168921768 0.28932961788371 0.0250352007647771 0.105097130872115
-0.199010364888549 0.28356371749773 0.0704062748820433 0.0730194897139808
-0.257199483576525 0.178844878662105 0.105682572032932 0.0605661863487548
-0.294566576374465 0.117524071705195 0.115114699733194 0.137458653122619
-0.358982526358229 0.0190249318713833 0.0196084043285031 0.178148112252669
-0.366630874798783 -0.221618626296203 -0.062223224667206 0.173608857896377
-0.273599791619173 -0.40942783853457 0.0515627975958775 0.198373964221675
-0.148294074366514 -0.263986342909303 0.0896653314588583 0.185188733015389
-0.213258611312471 -0.103489463718296 0.285340377484143 0.0395233478859759
-0.139166397598791 0.0448263513700588 0.0442018121640515 -0.214004274337295
-0.0661746046121318 0.0170633017694291 -0.170584304181029 -0.13171710427218
-0.133730807948528 0.0211917605049975 -0.215444609181848 0.0621904264749178
-0.148320819329983 0.127329202850041 -0.148520182203169 0.18561156547177
-0.11270026731395 0.204444534830048 -0.0801149082932705 0.216991190643847
-0.113046077908542 0.214797970501784 -0.0357213044993717 0.235831529085821
-0.119753406857142 0.223783393395354 -0.0187648510747853 0.21836218998689
-0.189971866374203 0.202994006155593 0.00659564639658453 0.167380641771136
-0.213342144441075 0.0990988311891435 0.0334002226410858 0.121783551716134
-0.212175783814872 0.0630363058974164 0.0719853568614394 0.169382493272835
-0.290775787363248 0.0192765787796607 0.00453411657376969 0.206535267107842
-0.325205302931396 -0.197580539109005 -0.0535029272521159 0.191802202943388
-0.234707665227895 -0.36891668486152 0.106472079305921 0.28631202884278
-0.115323949513791 -0.153229261433622 0.121675476287121 0.230208422201526
-0.141090840970521 -0.00386058149729689 0.251519541091325 0.00708181531415541
-0.0347191096868085 0.0714630071412844 0.0139589640445377 -0.159909360801955
0.0222179034957878 -0.0105948259500621 -0.137087102910321 -0.0957825639639177
-0.0625139350641586 -0.0276641532715834 -0.199941888200615 0.0650446441995594
-0.0923537790903856 0.0535115587818582 -0.15954078921648 0.201314729580367
-0.0853521426395999 0.108610369046228 -0.103553831040853 0.272256145977768
-0.0891377573047599 0.114774996074576 -0.065970924232989 0.310908735907803
-0.100064373173822 0.114888106907897 -0.0648962320601317 0.29639276928216
-0.131418161050187 0.0819902158890576 -0.0648152988538168 0.225473680307584
-0.107566762120404 0.0105688712378381 -0.0362981665329543 0.151147311957074
-0.0753315659560487 0.0255876330383942 0.0302722418669317 0.186250401500038
-0.177185297508394 0.0396040160596963 -0.024692468931669 0.233176474811261
-0.227725575524647 -0.131455429445338 -0.0737545829026307 0.191342580242981
-0.152731193215392 -0.25996860560814 0.135971413754004 0.342030282237823
0.0471628918596434 0.0579880068281939 -0.163855335493782 -0.332368256398119
0.100537728058484 -0.0138746840802721 0.0659831821498612 -0.126773566358111
0.0155930527820383 -0.090099231434189 0.0918519350766879 -0.245442003036567
-0.0875993956131534 -0.0300048739914754 -0.0393566309763214 -0.172328802387985
-0.0387963105414381 0.0508968387427916 0.0427993130695786 -0.102828517561099
0.0128587252875982 0.0306311363284756 0.123854410340863 -0.183827586893211
0.0357044081125661 0.00856300142364237 0.133648598641505 -0.290866868351731
0.0427368239019383 0.0128528766712091 0.0967712757376332 -0.322600232399018
0.0449398827964464 0.0106894352173106 0.107876485818858 -0.283062716772265
0.0365681639202486 0.0294111847702376 0.146261142239901 -0.197105351192278
0.00234077595568536 0.0559820746426696 0.172948644823649 -0.0788894719882202
-0.0800832988127063 0.0355774213421562 0.113725319530588 0.0560403311026702
-0.050883238505794 -0.0663770235177615 -0.00289554170112166 0.105372227469382
0.0624156867451159 -0.0604752113841963 -0.153831863673244 0.0476143594194105
0.0681600477410823 0.0252052671521094 -0.095906043043591 -0.210848315689543
-0.0198791640016 -0.106583730376492 -0.153381027495794 -0.327288841729702
-0.0185616605460933 -0.146049645346599 0.100335533450638 -0.076915554427462
-0.117345749958734 -0.147705369776626 0.133544029634346 -0.266220977999656
-0.215657698980514 -0.0436477550744766 -0.0574138625663209 -0.200985915020209
-0.174602604730988 0.0846654980719389 0.0134112395790087 -0.0832410387702285
-0.0966618827635239 0.125881819854816 0.113056532747115 -0.142257466564747
-0.0263254784427764 0.130881530067414 0.137527405573066 -0.253270123384499
-0.00548551985026042 0.123438825831185 0.101792580549754 -0.295140071069586
0.00668231587108449 0.105282484514516 0.103986110919502 -0.265450171023957
-0.0215753259425656 0.103439283868676 0.146187537673874 -0.19151908474971
-0.0625239610179821 0.0873583392304579 0.176489078803348 -0.0815754214292756
-0.134129283941816 0.0556908442271279 0.112302265156334 0.0557548174880827
-0.124975117090675 -0.059104187159285 -0.00574029801840731 0.0959217692243901
-0.0259296237056681 -0.12368855575377 -0.140243631488036 0.0648736136936051
-0.00586588544445862 -0.103603955314947 -0.103519189400508 -0.165367848150035
-0.0687063848135887 -0.257421205143978 -0.120676002672309 -0.261337414812715
-0.127161665960198 -0.270285524595708 0.152031595028909 -0.0123355049473335
-0.238603081492862 -0.188874493733597 0.164872654577711 -0.283226695361719
-0.314599562654968 -0.0450027889024755 -0.0921467128386549 -0.230823599373908
-0.279646462438685 0.105476326127782 -0.0515333205818899 -0.0592837901077634
-0.19136807493291 0.194698574800841 0.0631937514981422 -0.0771732789475884
-0.0849460235793372 0.228568738787255 0.109479748681471 -0.176035958667415
-0.0531102695103778 0.215776062464286 0.0908466032821063 -0.224233851861465
-0.0295486777511922 0.192831395710381 0.0922900584698235 -0.213219695947638
-0.0781345158932079 0.18243700044525 0.140370934768801 -0.16663336746504
-0.130855712239712 0.131761510631659 0.177056026931836 -0.0811594921771142
-0.196541190212325 0.0861335653059739 0.119658498075972 0.0578640904608846
-0.20927694687825 -0.0403939297889178 -0.00388307626752401 0.101124943250835
-0.130886213922431 -0.171654776742498 -0.130632557611965 0.0835600817088577
-0.0956984165526064 -0.219481404753257 -0.0926910905095114 -0.09962816815728
-0.0985536322847784 -0.358655759942334 -0.0762434271681196 -0.146929582314355
-0.205545100785932 -0.336876130292833 0.213104904952562 0.0498536344248331
-0.314365171779067 -0.181930660305374 0.173458073595268 -0.289636489464309
-0.347011213216251 -0.0219201167829706 -0.134355939927702 -0.243901677110236
-0.321878556331962 0.113706981495069 -0.13064958824777 -0.0271998423127297
-0.241491819108078 0.228688250776428 -0.00853357148322889 0.00204568000855856
-0.127787380838126 0.286638784838928 0.0613730752395755 -0.0741634496458189
-0.0920660047925199 0.276966601756279 0.0657967394145771 -0.120398875496888
-0.0646848334745539 0.259538416895519 0.0744495081419174 -0.127950270577155
-0.131288189710321 0.253981414345042 0.127224870984088 -0.113339769060734
-0.198516399148327 0.17890587846979 0.167673991155132 -0.0597829229303579
-0.260043643073569 0.118611250008887 0.126277696207545 0.0698587089667393
-0.29241584440883 -0.0170136447972502 0.00210188142502003 0.115857988847544
-0.238167245120981 -0.20474930719985 -0.113695415497779 0.105750717546624
-0.181803411251285 -0.315645120320228 -0.0603949915116385 -0.016225714643929
-0.119312223858168 -0.388955362229916 -0.0268640357363148 -0.0148495417522651
-0.245264602891274 -0.317602413677755 0.264608055378638 0.0856027238540873
-0.312815701892968 -0.119891007707982 0.149073201924127 -0.279295185727931
-0.292900175442147 0.00935997626146885 -0.170142228972936 -0.224415577455076
-0.291218450485049 0.100227506640999 -0.192884002163076 0.010120522484713
-0.241987348812693 0.221252007245706 -0.0769256635687137 0.0790180198250827
-0.145709110095141 0.297057096343049 0.0061502471441828 0.0337969905909479
-0.119518127147547 0.296573237880819 0.03130560164764 0.000933150619238297
-0.0969221623942265 0.293119743625786 0.0499736953682578 -0.0175208177476964
-0.176650015862835 0.291506863173972 0.102346942558038 -0.0296876256886189
-0.248279348395317 0.198636963107209 0.140544671547958 -0.0107490312601721
-0.298846650589096 0.129743518355344 0.119206756291138 0.0960115142613376
-0.347913140232723 -0.00117521974780372 0.00670496023804003 0.139245853606931
-0.319177151081125 -0.224414412839117 -0.0893571823999669 0.130337680639556
-0.240486510592791 -0.37963034614962 -0.0102896544982851 0.0790444418208913
-0.129712488828352 -0.351985444891651 0.0207969497450095 0.102339596145072
-0.239938195988454 -0.230090246037167 0.284270431374992 0.0845175980040512
-0.239699695981864 -0.0345860656559835 0.102658454782508 -0.245097874165228
-0.17979177857859 0.022042446747603 -0.17916499381746 -0.179160945474595
-0.214509740628838 0.0623437333890565 -0.21686100372555 0.0417161964766135
-0.202950840510941 0.179283216095064 -0.123727649269673 0.13943432528647
-0.139771328421345 0.263249045915365 -0.0450370702605901 0.132229833628963
-0.130366317606535 0.273760248806848 -0.0065286414681419 0.122998263343565
-0.120937651241251 0.280113487512897 0.0160740364408272 0.10231474548798
-0.203096143287907 0.272736478431703 0.058521323993967 0.0698647108054884
-0.261214816794903 0.166273164451162 0.0899104608089035 0.0560943073961525
-0.286627607487881 0.101553722525391 0.0941683347846531 0.130768515763065
-0.346943338838616 0.00341609519902149 0.0035501601338435 0.164584657722642
-0.346406729121472 -0.226704315425814 -0.0655288207865816 0.15498011372363
-0.252213777041778 -0.397938463932591 0.0459118606433412 0.1783323712681
-0.12587837059035 -0.267710213078618 0.0632022555794908 0.185560971989864
-0.199076900674768 -0.115501578264724 0.27144353622648 0.0567435210434522
-0.135862414441794 0.0340438231966992 0.0545878998008448 -0.195504443096707
-0.0646592287020725 0.0123286345052354 -0.159996516487085 -0.130451437923816
-0.129992952982354 0.0149529945414056 -0.210867599577812 0.0559764332337989
-0.147608532259684 0.118068691987852 -0.148017082935025 0.174568396233588
-0.117824955612428 0.19581642886255 -0.0842126486463897 0.210678655364151
-0.121987732263846 0.209035770741646 -0.0427694405171769 0.229103985899818
-0.126753167154092 0.217872182355152 -0.0282211152942061 0.20969787714097
-0.191792986688048 0.195437908343684 -0.00458072121761328 0.158853202701993
-0.216013978114782 0.0898570840074529 0.0213583013523776 0.113572766492612
-0.205935114528672 0.0520219049627181 0.0550806917630999 0.159837747984523
-0.281138237668207 0.00811759840943251 -0.011382289777874 0.191599622549648
-0.305767872797558 -0.201677398551577 -0.059044549777441 0.174275248154595
-0.212917687487817 -0.358695719644335 0.0914573847595595 0.267629789082112
-0.101406525306057 -0.158313824793189 0.097523572687918 0.230837703821411
-0.136494055393622 -0.0145205044962603 0.242554039466487 0.0215437702785961
-0.0371155877456562 0.0668179940991199 0.0241765918620627 -0.149837104329086
0.0205994848046725 -0.00872887026291067 -0.128112106642961 -0.0986005189568336
-0.0586831600244048 -0.0274316718953556 -0.196676111439671 0.0566448303547302
-0.0891559880381518 0.0494995318382869 -0.159747434801135 0.188302576021448
-0.0864995211102142 0.105012213661929 -0.109046902580642 0.261268131418615
-0.0930998347520682 0.111876039151841 -0.072973901011496 0.299278679507581
-0.103183820454532 0.11331813112265 -0.073222165983376 0.283556489229056
-0.131709700375361 0.0795476910409491 -0.0719018636696717 0.213512190410592
-0.107837131837417 0.00749892937608512 -0.0434121940872433 0.141422658124228
-0.0731981835936586 0.0220317226364923 0.0189192190802389 0.176411247747229
-0.172054718628042 0.034115965272348 -0.0386859514678685 0.21718983215554
-0.215793104668829 -0.132487066201178 -0.079966105509133 0.17638139233788
-0.138701220521792 -0.250688288566618 0.113982971737848 0.325102028672679
0.0459144009536753 0.0569563139983163 -0.154795097868322 -0.327826518326508
0.0990697307537709 -0.0150854092539276 0.0693831113239193 -0.128033083746163
0.01553877467915 -0.0883019814132009 0.0928470730624562 -0.24329999293969
-0.08539317266884 -0.0288057452685991 -0.0359142926666858 -0.167298177948278
-0.0366431260994776 0.0488021846589331 0.0466545767843291 -0.0987437070738643
0.0126882098317243 0.0293259224787971 0.126350677074572 -0.181059899164843
0.0342752829321704 0.00767817758120458 0.134993753432787 -0.288577564242255
0.0421495585266636 0.011239835883669 0.0989249465343229 -0.318482951466267
0.0439077215734571 0.00998738579890679 0.109884743002196 -0.279199072099239
0.0359103545174355 0.0283418371424028 0.147514656242188 -0.194005814916699
0.00169220170400606 0.0536665177534212 0.172732094781836 -0.0763530592578692
-0.0785099374487199 0.0351672255442504 0.11403429447147 0.056944246925466
-0.0494892985750451 -0.0661935548308296 -0.0030746441458497 0.106481227996669
0.0609306631303801 -0.0609574899541161 -0.150311733176278 0.0463325394390349
0.0673418247793617 0.0245454766392407 -0.0936750558062119 -0.211556834650442
-0.0170702790033034 -0.105801393794318 -0.144533944155251 -0.324483870052301
-0.015474356900844 -0.14816644407466 0.103683900018862 -0.0783281482300253
-0.113161587625246 -0.148263549854215 0.136072039305416 -0.263690094472596
-0.213204512572157 -0.0462364724962106 -0.0538595025471672 -0.195594510981594
-0.172641060913785 0.0801203021513876 0.0171009741794221 -0.0812970043727335
-0.0977562316821479 0.122410916904512 0.115868796789552 -0.140075047346008
-0.0286966971641311 0.12798975694336 0.137741955072861 -0.251438390467769
-0.00697187599081753 0.120675663481452 0.103597891397828 -0.292396903197761
0.00457841815077247 0.103620212249926 0.106425263050345 -0.261884856895577
-0.0226520327094249 0.101497786228629 0.147078823578463 -0.188613934920938
-0.0632816365252673 0.0843244711144505 0.176253498602147 -0.0794094624401418
-0.132397462475883 0.0538001084299076 0.113181585705988 0.0567961680244583
-0.121759249226583 -0.0592612908141929 -0.0059824831785233 0.0981266951701134
-0.0240178097795327 -0.12428629713385 -0.137972306587416 0.064113130038951
-0.0034888310425261 -0.102537715721968 -0.10053820681763 -0.166968892445024
-0.0624796348413021 -0.254902497377314 -0.114348772314919 -0.25773670817979
-0.120037578088755 -0.272391790711935 0.154277043726423 -0.0139572485737763
-0.230590223337999 -0.190565257692272 0.167052764366286 -0.280594560204505
-0.310476291529625 -0.0498031559731652 -0.0871961141258633 -0.225099614122632
-0.27861254400202 0.0990087217748207 -0.0483232000341605 -0.0594295978515107
-0.192571847195659 0.189981488553327 0.0644521790208487 -0.076789132424547
-0.0883395426878328 0.224651968402412 0.10891755335873 -0.175234545898558
-0.055145695683411 0.212920755087649 0.0916088452567321 -0.222988599896284
-0.0329950448695609 0.18952278705676 0.0932434142904652 -0.209770436559983
-0.0794138911378646 0.179515211138343 0.141315990385929 -0.165117200107061
-0.132070346789523 0.128064558831118 0.176801876679677 -0.078815520437383
-0.194662023484178 0.0825723991985112 0.121146099676545 0.0583667643556697
-0.20467609570895 -0.0431823721714467 -0.00365925241196181 0.10330837760059
-0.126522934280422 -0.172784617158156 -0.129676160619875 0.08272038703466
-0.0894618741776787 -0.217955846662223 -0.0916450463733906 -0.102339001233141
-0.0914747035794026 -0.353628365239056 -0.0725399292747488 -0.143868168464432
-0.197068167376049 -0.338813405140863 0.213299323427249 0.0490231739608738
-0.302496462825952 -0.185357585798247 0.175072332192406 -0.286872178984947
-0.342272118427558 -0.0286933347916815 -0.129094640841245 -0.239285954197874
-0.321850216624995 0.106445659780661 -0.128077626705838 -0.0298887713270478
-0.243655976490546 0.22315655684193 -0.00807455277406276 0.000336385285231423
-0.130365760226047 0.282202283224711 0.0602944426339476 -0.0753776037971858
-0.0945646018562997 0.27351940611079 0.0657141295073689 -0.119675378805561
-0.0695799257904981 0.256082496249658 0.0753673624854942 -0.125809319358877
-0.133580965782174 0.249618772204164 0.127398803915836 -0.112609699564069
-0.200168229972634 0.174190042675889 0.167428980939148 -0.0586230314906473
-0.259637599512205 0.113826332568275 0.128100156613774 0.0698595948215485
-0.287807206260666 -0.0222149382552072 0.00250603228214047 0.119697413503058
-0.230893304886481 -0.207282292396411 -0.114557083189886 0.105184905669933
-0.172540911966363 -0.312205896024513 -0.0611346780872022 -0.0199681463456732
-0.110009955707001 -0.384599913738411 -0.0268984305616688 -0.0126393161114097
-0.234994686222937 -0.318429533246344 0.262924230780826 0.0850140304356176
-0.301852675377276 -0.123517848519372 0.151389384712945 -0.276602524663127
-0.288637726126771 0.00164774431853387 -0.16525076046694 -0.22192299900908
-0.291704810409083 0.0942801905116457 -0.190082528942492 0.00664851782151736
-0.242689340917542 0.217285252480995 -0.0770188124593584 0.0758706495885049
-0.146976070243581 0.292715277346802 0.00307541206208286 0.0311613585321701
-0.121637899615835 0.294217496348368 0.0305758805719588 0.000374047048307568
-0.101782248504633 0.289917437414457 0.0490309104099387 -0.016565016402029
-0.179051407704423 0.286783840773033 0.101879847978921 -0.029995757753045
-0.251246247947221 0.192807116314594 0.139815298046439 -0.00955106449448703
-0.298896798415795 0.12314414670087 0.121360468557486 0.0957722938324299
-0.341928548368269 -0.0069317288058397 0.00603462568794261 0.142018724171552
-0.310012123976973 -0.227908095743408 -0.0914312723513445 0.129898027308712
-0.229011469014807 -0.376014284105971 -0.0129075800958423 0.0744014245494233
-0.122417301348077 -0.346799617878796 0.0184301889606647 0.102703499677471
-0.231808921049776 -0.230519455869681 0.282422394606101 0.0839669536651978
-0.231469844961323 -0.0379618151017056 0.104694696355441 -0.242540404945704
-0.178006059087133 0.0165144482504632 -0.175356691354695 -0.177575538713506
-0.215160380548011 0.0578686023432924 -0.215426233550115 0.0370263744449919
-0.203953819210018 0.176494005570379 -0.124872038049231 0.134473533694464
-0.139861546329836 0.259877154966744 -0.0482180751434815 0.128867446378095
-0.131352000326332 0.271209894073876 -0.00835290092098286 0.12108691049393
-0.124490673285381 0.27717451450706 0.0138132573257459 0.101669724867027
-0.205224104527276 0.268620982202419 0.0564852670935292 0.0682853760393312
-0.263982789247471 0.160477841621787 0.0883335443496888 0.0565711968402509
-0.286880924057779 0.0943786767972434 0.0944746960471369 0.129716761913961
-0.340631600004197 -0.00326264630871983 0.00164612108372485 0.167202601299738
-0.337198046690438 -0.230862348242768 -0.0692512019818407 0.154992868534433
-0.240736599441776 -0.39569339971609 0.0408026508795158 0.173537402835018
-0.120227744495063 -0.263057758549475 0.0600316870972959 0.18444227422671
-0.193336406875401 -0.116584594256068 0.268082357632395 0.0569307217166783
-0.130448013422908 0.0307718388632276 0.0563042490752858 -0.193796122748944
-0.0639808259750825 0.00915518187807446 -0.156939881002412 -0.128974947370807
-0.131515591881766 0.0131001373846404 -0.209957801539619 0.0524777992896716
-0.147338041823993 0.116117468770945 -0.149282354952708 0.170163625902604
-0.117155524597994 0.193739123264301 -0.0870553385979879 0.206879257474713
-0.122014363714461 0.209097227244642 -0.044177764316251 0.225140513168246
-0.128715352752129 0.216049486099986 -0.030166041215549 0.207423778224035
-0.19333788899893 0.192165728128067 -0.00715060534584845 0.157083947562774
-0.217189281614949 0.0854215434211107 0.019177573752466 0.113240964009367
-0.206177947054468 0.0461227319373179 0.0543278267253003 0.157161332257564
-0.27558109259511 0.00251585936679171 -0.0139731291858923 0.192290467256241
-0.298473244989922 -0.205113420668534 -0.0636040513289112 0.174826002607889
-0.205316195136853 -0.355407319357812 0.0847765038735482 0.262895196099354
-0.0984947768104561 -0.154810376030399 0.092812009920383 0.229235367724325
-0.133436992026116 -0.0158529358769546 0.239763328778167 0.0221295044166552
-0.0357133844926774 0.0638426877759599 0.0254916960954968 -0.148257304347978
0.0193732366531186 -0.010366528951649 -0.126801280602885 -0.0984920170976672
-0.0600599121597152 -0.0268151511906579 -0.195209133261 0.0536366030275787
-0.0885068859394852 0.0495591023200806 -0.160754026099013 0.184204532570124
-0.084610553774153 0.104701438143805 -0.110858862317449 0.257806050511355
-0.0921424625269552 0.112951218914248 -0.0749809988135313 0.295566359834319
-0.104169758811437 0.11319228370709 -0.0758370787681251 0.279721841833234
-0.131087026053027 0.0784118994065843 -0.0747285192876963 0.210788115534639
-0.10904382850853 0.00573507290712412 -0.0454324392088339 0.140269195632818
-0.0738478728923383 0.0181608305191697 0.0173172193478758 0.172450598567119
-0.167800231651701 0.0304469213879929 -0.041309327338086 0.215607484137115
-0.210292711643649 -0.134486442739573 -0.0843619870335207 0.176949472808999
-0.133450121030537 -0.247863566492837 0.106086743146842 0.32086353268228
0.0468585909258032 0.0574554694695339 -0.151087076504836 -0.334233236732651
0.100843469431369 -0.0168395791763876 0.0751359835988871 -0.132449845810178
0.0156037728816928 -0.0888989589559687 0.0969237057958557 -0.247466878020512
-0.0861537559771644 -0.0278694029296612 -0.0332634823199355 -0.167155136679488
-0.0356020591515597 0.0484727089847297 0.0517352159160548 -0.0976677624586103
0.0122868106943793 0.029080135397884 0.131802424390239 -0.183348299070091
0.0339750993006628 0.00668208100883077 0.139008374445457 -0.29432881833942
0.0424271870206146 0.00907262808530006 0.102762217281654 -0.32505174044436
0.045040904944421 0.00917720614884658 0.114459724704192 -0.283343164042989
0.0361739901714005 0.0282859030132911 0.151407984208106 -0.196842397619042
0.00204930707574299 0.0532577849431988 0.177122142769932 -0.076586864423826
-0.0791642005524823 0.0365333439058278 0.117916442294241 0.0587303646410216
-0.0504441779639996 -0.0671716862098307 -0.00225897918652893 0.110316406691101
0.0612359047733358 -0.062825586966394 -0.151438600538978 0.0472652939029867
0.0683290977358628 0.025047368990177 -0.0956972327336689 -0.217187364160184
-0.0155964325747685 -0.108291861944554 -0.140887052954553 -0.328933424031303
-0.0141089441281336 -0.154642811953008 0.110681887423619 -0.0829624401161847
-0.112900122947979 -0.152491950990115 0.141061487721719 -0.268779137597549
-0.215617967712796 -0.0492625204069243 -0.0510373611668454 -0.195544308813177
-0.176369982189259 0.0786706780753598 0.0211876867847226 -0.080885509753234
-0.101212855212656 0.122903724260132 0.120915057887713 -0.142901561475518
-0.0318060909462624 0.129490403723778 0.141336177176631 -0.256754705856569
-0.00847731110261603 0.121181959106894 0.106911155402006 -0.299023597530445
0.0036109779588963 0.104898634456107 0.110528536653501 -0.265729132881397
-0.0244046469537027 0.102437685255244 0.152515501929183 -0.192078011412539
-0.0658956102435696 0.083997433469793 0.181477209635623 -0.0796249470833516
-0.134192680007324 0.0541920201316432 0.117251033071398 0.0583318384447791
-0.123095478985245 -0.0614517722775963 -0.00471750521860227 0.102479737720443
-0.0233411678497274 -0.127915165370084 -0.139029620793195 0.0649987743549648
-0.00130820241874913 -0.104760311883037 -0.102716526702507 -0.172847689297537
-0.0589577851465899 -0.259578767953226 -0.111646955540547 -0.261125581924722
-0.118488193861434 -0.281126050076846 0.161034078073861 -0.0164892714309368
-0.229748526150824 -0.198249143188417 0.173022515068266 -0.286514802307055
-0.31577231403515 -0.0560058899122865 -0.0851965480148653 -0.227010970779393
-0.285337751307349 0.0965648327855687 -0.04637420775269 -0.060628133319093
-0.198853878451672 0.19151807698978 0.0674898806395106 -0.0785696640787423
-0.0931080088689718 0.227825851018919 0.111414007264956 -0.179285975833566
-0.0579588816717305 0.215944035089569 0.0944074235255634 -0.227703585353928
-0.0367031463315129 0.192640687758499 0.0975101297791676 -0.212709593061231
-0.0836069766829045 0.181834865294198 0.145855939347378 -0.168263852981222
-0.137274566588016 0.128301043271995 0.182463087457793 -0.0794122290039767
-0.198788103199746 0.0825284570806261 0.12666618722386 0.0599760784910231
-0.206358919975009 -0.0468585874429772 -0.00265397247037458 0.109108513695516
-0.125823187511782 -0.178808536765704 -0.131470237803208 0.0844881895578468
-0.0866577263002658 -0.222007579346783 -0.0933458281809036 -0.10749863521031
-0.0859173695048006 -0.359833004723992 -0.0717281081044989 -0.144690925398677
-0.194871019231924 -0.348212446176177 0.22051869265401 0.0480834980873927
-0.302811775263353 -0.19391309450052 0.181617179925579 -0.293509255678274
-0.347796656289154 -0.0357469342277652 -0.128577553138762 -0.242458295641085
-0.330317979168939 0.103871600783709 -0.12873361833719 -0.0326008468557716
-0.251144856196424 0.225633037283586 -0.00781552662822077 -0.00150428219994063
-0.136405297743446 0.286541677540688 0.0594496264359193 -0.0784648308737047
-0.0986735957671347 0.278370814712343 0.0670390428825629 -0.123490222899357
-0.0747327798468385 0.260624198770516 0.0776819975741739 -0.127098694209918
-0.139085349163121 0.253690239256044 0.131031109947868 -0.115652985316057
-0.20833500056317 0.174744070265232 0.172277024854589 -0.0586707013489622
-0.26548748424213 0.113394886918607 0.133792354754874 0.0712516349552164
-0.291482718019767 -0.027100489875802 0.00376972312468855 0.125806985653835
-0.231499353710541 -0.215511764745515 -0.118204245351582 0.107912583490564
-0.169615064786845 -0.319080845115042 -0.0629669587606447 -0.0237878543624211
-0.10659968225149 -0.390733179037221 -0.0274928404699686 -0.010805204765686
-0.235615945609313 -0.328231891041589 0.268973225893514 0.0860777151246055
-0.300793627678343 -0.13033122327716 0.156464337467359 -0.282954506927753
-0.293917343684962 -0.00505180248466185 -0.165969933530805 -0.225191472237338
-0.300832537296731 0.0913313486136992 -0.193271993013472 0.00399344702872007
-0.250580497986872 0.219655508201332 -0.0796520061116053 0.0746875913252504
-0.152273419706317 0.297420362775429 0.000746901738670749 0.0293329519440029
-0.126319346874187 0.300290084034226 0.0297881293520874 -0.00152960780381133
-0.108432326275205 0.295314575599163 0.0500117782234996 -0.0160787393465179
-0.186109545373066 0.292063249301602 0.103973036771823 -0.0315471164030584
-0.26040359036794 0.194189614615562 0.143230672702379 -0.00938884163261874
-0.307340082275378 0.121256961565385 0.126319852475761 0.0975873977479763
-0.346397561870664 -0.0132435354689806 0.00631677477475113 0.14877793349589
-0.312029466541859 -0.23757405853406 -0.0964176911767144 0.134142063364185
-0.225496539487081 -0.384583802654359 -0.0157538779708052 0.0723855364021429
-0.119656712834379 -0.352396401109826 0.0167102671019655 0.106722954014015
-0.231948275757497 -0.237141897656346 0.287844483588178 0.085785127007375
-0.230618016133804 -0.041720369443674 0.108033094911694 -0.248260894042803
-0.180704155045087 0.0120468434777597 -0.177022977389376 -0.181188342139507
-0.2228742528208 0.0564687359081933 -0.219748055536225 0.0349266633424474
-0.209053122753987 0.178997609615016 -0.128619682445154 0.134446401193594
-0.144468744150503 0.264771661691067 -0.0522607724781163 0.129299696855833
-0.135916350059108 0.278217419595667 -0.0101462697547707 0.121678606279527
-0.131490867771 0.282329441637331 0.0126169392010898 0.10353922707567
-0.2125346840669 0.273283095682841 0.0565356741467094 0.0694104961912229
-0.273789380170259 0.160671662577311 0.0896921566241622 0.0584939622012055
-0.295095290294755 0.0910594494167672 0.0976384770172846 0.131431054607665
-0.345121504964649 -0.0100547327350736 0.000918306859845223 0.174346829266382
-0.338082954383185 -0.240314350838413 -0.0749772111905212 0.159754625135321
-0.239305290022275 -0.40323739662346 0.0377739582739626 0.1741642402118
-0.119787385457358 -0.26632644715239 0.0575986267572459 0.189403854684901
-0.193765561234991 -0.119954725296302 0.273578399914345 0.0577423550997661
-0.129396074581577 0.0297934310555863 0.0591257975792998 -0.197906136941782
-0.0654253858866229 0.00609052937402491 -0.159492122565249 -0.131808350034098
-0.136560639000981 0.0121967061854676 -0.214284013268705 0.0505801047785253
-0.150711085573949 0.119067581406813 -0.154634957209092 0.170641011989262
-0.118753876403531 0.198669919471568 -0.0916026611115242 0.208886029781712
-0.124928636810458 0.214497618781667 -0.047723236410422 0.227753476305997
-0.134046859408759 0.220824014997023 -0.0332108855865894 0.210876543302047
-0.199407823737464 0.195864527466718 -0.00939669261998053 0.159162756658443
-0.22523578984924 0.0854507081019655 0.0181784488423413 0.115483277964036
-0.212499063260876 0.0427759847300305 0.056689272344653 0.159031829671848
-0.277446011444558 -0.00191061272655996 -0.0156871171562422 0.198226922578617
-0.299021055174951 -0.213209845107534 -0.0698360036703777 0.180745341025091
-0.202680981170912 -0.361861563682382 0.0812700294840913 0.26493565157685
-0.098889252944315 -0.15658727297925 0.0912286220196122 0.23466452597378
-0.134379877317111 -0.0166583632098257 0.243450948335562 0.0228693050546175
-0.0343669450963453 0.0633858997728042 0.0269052718171036 -0.151693082200785
0.0193137317132427 -0.0123753819881018 -0.129645928700694 -0.100726015688133
-0.06356544329247 -0.0270426583875386 -0.200120235078585 0.0533127434984253
-0.0896215570855913 0.0513902053347555 -0.165707769800121 0.185542180566809
-0.085007538808387 0.108056448354702 -0.115327373304586 0.261397020746018
-0.0937992224972748 0.117617744105486 -0.0788473127794632 0.299103420956563
-0.107437652524464 0.116639733964696 -0.079984430698495 0.284668742454204
-0.135035860924867 0.080342479892929 -0.0790179960704264 0.214248973688176
-0.113606601922634 0.00466279869391101 -0.0487829044593797 0.143103841645402
-0.0767151802805253 0.015085141909938 0.0166699047079666 0.173643771620757
-0.168666931963522 0.0296824113328381 -0.0445089781147063 0.219334499125067
-0.211472150329163 -0.139973720352834 -0.0913439179416977 0.183143800065825
-0.133777129103329 -0.251534585514969 0.102310213394735 0.325381541289893
0.0491925882546442 0.0583818598006738 -0.157799806376296 -0.342707893783953
0.104218141115884 -0.0218371834832595 0.0788334366125471 -0.143511269584821
0.0141192049154626 -0.0918895951217381 0.0967603991984356 -0.260304187568964
-0.0888373396207528 -0.0257204991470793 -0.0355085272610696 -0.169897016205408
-0.0346078191472436 0.0500754350525376 0.0553641468269144 -0.100530758051722
0.013317758890814 0.0287660891554022 0.136070351845279 -0.193692496886971
0.0343432935097005 0.00512300121645294 0.138141719539221 -0.309518535856488
0.0444014320164405 0.00664137140935958 0.100129786907462 -0.340500566457938
0.0470100473429816 0.00825655740433343 0.114694023392611 -0.295758726932557
0.0381380085572913 0.0278902970948032 0.154915759667893 -0.206678921450496
0.00298494430089451 0.0543811867767917 0.18359078830755 -0.0830694181490566
-0.0804025494427267 0.0406699290310686 0.124646983298774 0.0588025278126092
-0.0540263118439482 -0.0684756269708989 0.00156999247204719 0.116919288058936
0.0609877922502034 -0.0671554230609391 -0.15365152847227 0.0521493909565072
0.0715829570412809 0.0238631947985059 -0.104404847894343 -0.22507057354195
-0.0163690414951438 -0.112489920247339 -0.147979660504772 -0.337429080104414
-0.0165464060888105 -0.162893157332802 0.117331232312194 -0.0915776212938138
-0.118480331662728 -0.156897270770591 0.142274872927707 -0.284578497250772
-0.224803868995048 -0.0473671570260524 -0.0543002192487808 -0.198738206382436
-0.181604145902785 0.0830907456783057 0.0239546888150938 -0.083507248563769
-0.103816576243931 0.128973108842865 0.12484796136539 -0.151114278002914
-0.032519469492168 0.134325600433469 0.141740118529212 -0.270936487466542
-0.00719571618676616 0.124668201951798 0.10491612667009 -0.313208498283949
0.00430280526313313 0.108142190802251 0.110792334184902 -0.277917732904417
-0.0243198429074466 0.105839556140005 0.155280627311366 -0.203040165675809
-0.0676266966549668 0.08763224875862 0.188273688359225 -0.0863282172456914
-0.137253867010705 0.059746617419852 0.125673124720967 0.0581761348997593
-0.128009367429131 -0.0621231342257726 -0.00112408480615694 0.109255845849241
-0.0266134090105452 -0.133596690174978 -0.141421744830366 0.0709929571624751
-0.00160641139443865 -0.109034039508729 -0.111091553904747 -0.179278406160574
-0.0628240533818913 -0.268545910004473 -0.117308334521352 -0.265977812323579
-0.125990182596338 -0.293866037214919 0.170933477699431 -0.0236510754538338
-0.238474187065737 -0.203449369954342 0.174254909349595 -0.303189378313739
-0.328648560674653 -0.0554338569704557 -0.0904934166742556 -0.231203298872831
-0.29633866829987 0.10304375655793 -0.0469648203552377 -0.0630067082717648
-0.204804508871485 0.202212945025959 0.0705181848722739 -0.0842522928065415
-0.0948356396709044 0.238072057785111 0.111979949809564 -0.190677393156342
-0.0567815342181509 0.224442550189498 0.0926290036899338 -0.239951591149844
-0.0368359419552034 0.200266815855219 0.098444721274451 -0.222504095233967
-0.0842421540137832 0.190225702029289 0.149123014310799 -0.179372472330025
-0.143158373454629 0.134728060264451 0.189119457071127 -0.0868936395061365
-0.203807624603862 0.0893263495901679 0.135607976564852 0.0588340646359983
-0.213884139675326 -0.0458466047120074 0.00147005955893729 0.116582239010189
-0.13274652551679 -0.184655961149162 -0.134424161059965 0.0908555191642268
-0.0909597276018711 -0.228821153048155 -0.0991720100915062 -0.112205877960371
-0.0918528134822462 -0.372064880204789 -0.0758307254192398 -0.14628209115697
-0.206636711280531 -0.361771189219951 0.232748580741381 0.0433213712038827
-0.313290824099278 -0.197765141416818 0.183663276043923 -0.310373879464422
-0.362033267368196 -0.0360097390739053 -0.136121154693123 -0.246828148586584
-0.343720289208944 0.110671879142494 -0.132744798291581 -0.0324177340165409
-0.259325495399613 0.237879849711994 -0.00748885408660667 -0.00331409513280234
-0.137934629695915 0.299825453280547 0.0592240351520336 -0.0842546880534064
-0.098772119701648 0.291291019506873 0.0663264147065165 -0.131333787214646
-0.0758162215565299 0.272639891861199 0.0788162366989392 -0.133041859466209
-0.141493201756451 0.265006944591976 0.134693246316546 -0.123618945587833
-0.216632648763687 0.184032683897638 0.17863129222998 -0.064477567642474
-0.274836873915778 0.120791618466037 0.143979300514954 0.0709826947200497
-0.300907582953985 -0.0253144569469543 0.00836778857253664 0.134646588998196
-0.241927661380183 -0.22248173668001 -0.12176999296824 0.115621085825747
-0.177801823432776 -0.327455395843357 -0.0671247498628001 -0.0265852795023745
-0.113563248033584 -0.401905035628607 -0.0289429229701311 -0.00850808159905082
-0.24657507744877 -0.337395087224497 0.283708082928335 0.0811652844316032
-0.30920293216142 -0.132303330777587 0.156773012526586 -0.298294597903872
-0.304844763159716 -0.0038152883476834 -0.174883445298834 -0.229553702370342
-0.313903235822004 0.0980199358767316 -0.20012324735313 0.00511397705868805
-0.258190667756567 0.232393717448449 -0.0816971216026722 0.0771372457158328
-0.153743067639655 0.312021383717598 -0.000765069912559404 0.0291912403770113
-0.126575939518195 0.3157297848126 0.0300396770123002 -0.00380916162289522
-0.110080932584401 0.309498310038188 0.0516888031379552 -0.017617471769363
-0.189389175977119 0.307012219078108 0.107073695759121 -0.0358679801372974
-0.271933313239183 0.205257069395413 0.149814205675363 -0.0127051882592749
-0.318858613392552 0.129292469780281 0.135556738034128 0.0976892356436692
-0.358079945270492 -0.0106418176955731 0.0113060983104889 0.159002203207076
-0.324564080382239 -0.244432406705295 -0.0996428769309105 0.142704075245641
-0.238463521276358 -0.39430886333215 -0.0171392239688799 0.0726492408259224
-0.126478364815428 -0.360385339775845 0.0173968595352398 0.1126160295592
-0.242396495757473 -0.242622853746589 0.30076098012397 0.0812313112218013
-0.234599794109026 -0.0412965212814318 0.107987750876378 -0.261703250227527
-0.187659115271841 0.0121455217953652 -0.186512261287307 -0.183550243492413
-0.233572236049072 0.0616931281117802 -0.227361234614108 0.0385345644167525
-0.214890845794143 0.19032028158971 -0.132250425181712 0.140059702737164
-0.144762783029265 0.278503059354874 -0.053810830025487 0.13330669808699
-0.136249109501849 0.293015173680888 -0.0105024152132726 0.124701255701767
-0.133523240187217 0.297929595194927 0.0147085277504912 0.107485268906636
-0.217102053871078 0.287769550855692 0.0592162521089007 0.0699048155346796
-0.285687748016601 0.171433816330697 0.0948241977134682 0.0583909901086414
-0.306941009750592 0.0969125503053992 0.106384610920795 0.133845573180155
-0.356522240752447 -0.00789352672793521 0.00511151997478413 0.185183221690928
-0.351475434639734 -0.246542682187701 -0.078143712173993 0.169731594748357
-0.250481463854187 -0.413457784906408 0.038651686342271 0.176325232783916
-0.127331036517885 -0.271731499139444 0.0608768080888802 0.196938461977799
-0.201366234032995 -0.120657357517938 0.284771924389819 0.0536895118613773
-0.12982515353437 0.0317429708230086 0.0580824317077409 -0.20832249581896
-0.067804502315687 0.00493084391650446 -0.167862130506868 -0.133057838631359
-0.14520903741781 0.0155622133157913 -0.222468681347193 0.0554305848002046
-0.154487309904942 0.126789049973446 -0.158608772348464 0.17888280632338
-0.118634565651576 0.209585821613036 -0.09333135911047 0.217499953223767
-0.124712337800855 0.227265734128074 -0.0471544963736229 0.235552338623113
-0.136784516800718 0.234227938581043 -0.0320455096686044 0.219833705763886
-0.204584861434405 0.208075208117752 -0.00866338836615089 0.16555889895957
-0.236246361052189 0.0920140233704116 0.0201996683555274 0.120156599471119
-0.222083053499062 0.0449352642274449 0.062135821123241 0.162616794236683
-0.284930482387648 -0.000225850925784127 -0.0130287265742182 0.208806616248033
-0.312109620016134 -0.218413728015453 -0.0732033130855801 0.191611528892745
-0.21484999539819 -0.371195296671125 0.084821982695134 0.271228552854086
-0.105534092739859 -0.158491886515672 0.0961487931542754 0.242104683575191
-0.138261787297315 -0.0143120918904306 0.252345356457317 0.0177621215215653
-0.0325868475323862 0.064834187854576 0.0241349538144076 -0.159130810956035
0.0186948703550386 -0.0150546852474165 -0.137877993588752 -0.101420855982372
-0.0686324569439404 -0.0259812979051331 -0.207120045777045 0.0584722487663383
-0.0916216375047318 0.056023962774422 -0.169924088570227 0.194958836669982
-0.0834061831186935 0.114287424947344 -0.116093944761178 0.273216737097891
-0.0933133877497234 0.125920631739381 -0.0772598164421049 0.310924634196938
-0.109716834463343 0.125990875588346 -0.0794056308273159 0.296561099654509
-0.139497022290424 0.087489053485698 -0.0807463370460102 0.223819877899086
-0.12146679417578 0.0059765682228629 -0.0491094485421431 0.149855730767549
-0.0808029262074984 0.0137977677373431 0.0201017015162116 0.177624267699042
-0.171505465663243 0.0325886745684229 -0.0429131608631142 0.229192969125175
-0.220204707943096 -0.142494303426164 -0.0956031714991475 0.194482927737925
-0.142090892329819 -0.256740629375079 0.107946832379075 0.33267817924843
0.0549978411107877 0.0581789613311917 -0.174810688839564 -0.344893543156689
0.105425310785977 -0.0308201466702252 0.0780280554887465 -0.155087656070533
0.0100160676816615 -0.0946172220335001 0.0885542180448939 -0.275994450992091
-0.0917572660671794 -0.0207025466112871 -0.0423415133152329 -0.170540823044398
-0.0315973875282329 0.0516785676780633 0.0564546371136721 -0.105108751448239
0.015272146184724 0.0279372632824168 0.13403658621908 -0.208388479791603
0.0343772855446724 0.00246533220000904 0.12645573569403 -0.328992615100641
0.0447882954224435 0.00125020972816674 0.0865656199407569 -0.355564843525622
0.0481053566266382 0.00388409080768679 0.104748498695204 -0.310811405947185
0.0409630038695472 0.0255344985992798 0.150493050262553 -0.221960287083695
0.00519762439355519 0.0552186971831635 0.187390145807693 -0.0947169345959408
-0.0795595941007326 0.0476822041713893 0.133550926183186 0.0536099797707894
-0.058988175852814 -0.0677164134089897 0.00916009301297644 0.122156143693655
0.0588000904426349 -0.0734264708359918 -0.154352331765483 0.0631099093358527
0.0752598656054305 0.0209630999264998 -0.121563759181427 -0.227018139141873
-0.0206153179813248 -0.115068124145031 -0.164466601824301 -0.339784457723985
-0.0257884293970276 -0.171692203641744 0.119876347818956 -0.104035959913142
-0.128149423359885 -0.157147439599337 0.133561000580672 -0.303325674473923
-0.234605123570012 -0.038220841823581 -0.0632373824042387 -0.200078559971312
-0.183690611817923 0.0937405153664354 0.0236610354619501 -0.0880453654270698
-0.101555419124408 0.137453413036992 0.123381041003672 -0.164091087301638
-0.0282380378930236 0.139755500519441 0.131996791503362 -0.288298529639681
-0.00183849151934774 0.127984526918874 0.0914290375520427 -0.330499126796061
0.00830948466904684 0.111234849100258 0.101964609595502 -0.292414338413711
-0.0199208039741993 0.109732365197297 0.150693256905803 -0.219155294322642
-0.0675555760896195 0.0936743652462946 0.192256662139057 -0.0996191532969035
-0.137527058565575 0.0681909516748576 0.135274535831503 0.0532232543251148
-0.135784336741066 -0.0580144049915765 0.00761664975606505 0.116725505452084
-0.0340647117162826 -0.137938554432006 -0.140508553921939 0.0807558998134047
-0.00576816330944147 -0.113205016735851 -0.124441352236809 -0.180421688258228
-0.0750901084148823 -0.273878756618167 -0.130657357892708 -0.267303328213035
-0.143911826845761 -0.300766958288254 0.178790698042605 -0.0372036715715841
-0.253231539510485 -0.200798246733906 0.165714295877794 -0.324083748866272
-0.342890984487039 -0.0431546348589229 -0.102118122978173 -0.231249406437291
-0.303457497596347 0.118417985394754 -0.0490103785043809 -0.0632868228883168
-0.203265265467991 0.218573091099762 0.0708735911082711 -0.0925922125973615
-0.0881346860967804 0.250721053042258 0.10492375961836 -0.204550260852582
-0.049065339542715 0.235006305872117 0.0830561561887642 -0.254323967501416
-0.030131416030924 0.209318938798991 0.0916385874984472 -0.234558347515703
-0.078109094715561 0.200033246767981 0.145256120134032 -0.194336945876337
-0.143499819132977 0.147010890068588 0.193875263560007 -0.100554283196305
-0.205743951973291 0.102555234546825 0.145800639932694 0.0527736165608263
-0.222352493319376 -0.0388381830754514 0.0105818748045492 0.123707809498258
-0.145411158953553 -0.186435515818764 -0.133403962770722 0.102273244304226
-0.10211352816802 -0.232023334821558 -0.109871122295884 -0.11296196519784
-0.11058712386232 -0.378676774742054 -0.0831389496396154 -0.144954202847613
-0.229595221063435 -0.365883659144298 0.244747699217244 0.0296756279173317
-0.32937778219498 -0.192172412611327 0.174150137913211 -0.33312967685259
-0.375946262769869 -0.022817756034061 -0.149712705627128 -0.246753287447072
-0.353026332176349 0.12902188488633 -0.137219507218366 -0.0294720649014623
-0.258242497612561 0.259169928545723 -0.00683586996087734 -0.00510182875889782
-0.129827673086181 0.31686813105234 0.0559310522593999 -0.0916091704340529
-0.0879233187479661 0.30682732898713 0.0605862079062043 -0.140190436906541
-0.0675214297784805 0.286000412615121 0.0754746123882341 -0.140929383522491
-0.133873630674446 0.281618255626847 0.132893991088793 -0.136865183327713
-0.218299830074283 0.201255516402487 0.184468187382172 -0.0772786321136785
-0.279383583036179 0.136779206284879 0.155196447559822 0.0646117900371147
-0.311144666474162 -0.0144244776465774 0.0177580969254092 0.14295033940887
-0.258754139279205 -0.220780157018102 -0.120025259121853 0.127395910267266
-0.194752183031955 -0.330974461786277 -0.0740620260203435 -0.0263437466582215
-0.134695009799434 -0.407712591340429 -0.0297198449443238 -0.00312596942859452
-0.269245037103725 -0.338490751684879 0.298320026666563 0.0672635185907342
-0.319900044874061 -0.123571649840849 0.147996435933251 -0.319265587325491
-0.31585623968358 0.00633987154485195 -0.191176750252538 -0.227000253944024
-0.32380436886691 0.116970357026033 -0.205466067012145 0.0143269125076123
-0.25658185177227 0.254218880063669 -0.0814269523951239 0.0817398617561827
-0.143819392053887 0.330802767149701 -0.00206356837514743 0.0285364463659629
-0.114463840201021 0.334547520531696 0.0287131510925897 -0.00818933154935921
-0.101668632661638 0.3272908026727 0.0529401608685487 -0.020734363234229
-0.182098829120746 0.327779487291624 0.108656197332722 -0.044230353582665
-0.275041601261384 0.226299315257195 0.155401004852317 -0.0215260262079717
-0.324808698317232 0.147836126109856 0.14900748956448 0.0930163815972231
-0.369571792818636 0.00239123262729229 0.0221057032771662 0.167800378800445
-0.34542221409172 -0.240700382096434 -0.0977694923866937 0.154910360532841
-0.260599079918152 -0.39672881452636 -0.0176225473941911 0.0722852415474672
-0.147799582170298 -0.364261612176026 0.0222772336448692 0.118097815547433
-0.26039373271859 -0.23856490664618 0.315553392705061 0.0670522140147925
-0.23936129043294 -0.0333300979493242 0.0976491156538622 -0.277950452186606
-0.193317097992736 0.0176215710405651 -0.201574314600861 -0.179101802200201
-0.241672372750496 0.0747335429322828 -0.233267978912263 0.0491136832406794
-0.213988479690475 0.208976327607236 -0.131867915219493 0.150151237265688
-0.13526179661942 0.296615059699381 -0.0509290867714251 0.140411460492185
-0.125166221382284 0.313334283356197 -0.0074351661693541 0.127533169003568
-0.125956497286935 0.317372535341012 0.019998307497001 0.111074198707171
-0.21150630029129 0.309442458260176 0.0640600632282762 0.0684743752893271
-0.291753878351769 0.191744476304574 0.101090751466435 0.0557782516669366
-0.315666133573161 0.112584124876271 0.11846617644968 0.130986471720575
-0.3661787269293 0.00535854182729222 0.0167475224834973 0.194730522734204
-0.374188951815529 -0.242401474647596 -0.0759022329119147 0.182597285288575
-0.275302821046791 -0.415131669098464 0.04514646884915 0.177311423327886
-0.143703347882015 -0.271339240115301 0.0704236295569879 0.203295101637217
-0.213202030889068 -0.113915404498504 0.296281656518185 0.0389460746379518
-0.128457957400283 0.0377150876455578 0.0475065084239102 -0.21874741715525
-0.0707988220234864 0.00480150237931805 -0.180404043101139 -0.129032987889805
-0.151849255102511 0.0238732186181191 -0.227715368943953 0.0684600524955645
-0.153139419849085 0.140565347449987 -0.156543166614658 0.191359568482234
-0.110165071076571 0.223285013056361 -0.0867941614147892 0.228800566942137
-0.116066513150723 0.244787969412346 -0.039349005222733 0.24453482917211
-0.130915926952187 0.251304887330403 -0.0233569126988579 0.229403297505836
-0.202064847368152 0.227271396145458 -0.00252766121719133 0.171043102599183
-0.244539105618654 0.106650606696523 0.0265135864656868 0.122636206045122
-0.229256308103429 0.0534021079757597 0.0725950922369392 0.16250336570616
-0.291925656520668 0.0100940616423548 -0.00379551887333484 0.219835152684631
-0.330171768987424 -0.213257375735738 -0.0697298387239983 0.205045332833762
-0.237632167464811 -0.370633962563569 0.0968829881756314 0.273386469161954
-0.116522433439432 -0.155511186825869 0.109722529553812 0.247670788103001
-0.142792685802432 -0.00608857773209273 0.261354245059297 0.00413227731446262
-0.0290904384406413 0.067083588335716 0.0153292496710079 -0.166642928085804
0.0177464500051289 -0.0189769518160308 -0.148388967328938 -0.097610465919922
-0.0744837070779076 -0.0217721027135297 -0.211927790490732 0.0707820067656368
-0.091711845396912 0.0635286712898709 -0.166413945064723 0.210483016462118
-0.078246147313692 0.123926054358001 -0.108081514113995 0.287591208721679
-0.088869571915085 0.138819757737317 -0.066068916247139 0.324374405801953
-0.107088517025458 0.138824199540642 -0.0676618896841188 0.310141066739853
-0.140131577171847 0.0989301911875544 -0.0731160358268994 0.237003939030041
-0.127716344248612 0.0125166818621564 -0.0452930858734692 0.157572486456119
-0.0840921335242181 0.0147788717109903 0.0285718007431234 0.179706826315665
-0.17240209977688 0.0401424729733834 -0.0338609085819095 0.240984270747784
-0.232714084575387 -0.136779420033781 -0.0924780538889953 0.209807492709912
-0.158511176774139 -0.256401892191318 0.123717524658094 0.335855380340905
0.0233381600496876 0.0823793625269525 -0.00377421573854162 -0.394420591014808
0.107249256699319 0.0166866445301584 0.140556443917166 -0.111155757930487
0.0455126034895013 -0.0805278352796121 0.200617214092428 -0.211703407020558
-0.0756680631275053 -0.0543095948703008 0.0366727124294822 -0.170162229592038
-0.0507621653473531 0.0327086440489195 0.103421897870454 -0.0675248791337029
0.000272521062897808 0.0299843775432347 0.216153144176057 -0.130053286979652
0.0296431099374126 0.0121457959120397 0.258508118749614 -0.245220976049804
0.0409616351126705 0.0185929447963789 0.229951952249948 -0.286523930860317
0.0419609124798782 0.0216875869574395 0.226791571902072 -0.236962952222261
0.027439633273361 0.0366639938396797 0.230983748267095 -0.137101767867841
-0.0179778516855456 0.0512496228550539 0.212015186701327 -0.00477819812306956
-0.0889907900560378 0.0107988666113225 0.0954834463812745 0.107596754075037
-0.0250620677728813 -0.0862587390253118 -0.0438482635634747 0.116216906758475
0.0825432575560931 -0.0434528076832618 -0.167216319152155 -0.00937376784137309
0.0606669662719116 0.0508139633078397 -0.00597285133305289 -0.264141929254222
0.0320618434530474 -0.108467315655086 -0.002062499187119 -0.382347023208106
0.0499434441151092 -0.171116280463373 0.159494557161511 -0.0422580758837443
-0.0518289912543987 -0.200102603209001 0.253689841566905 -0.214052687114954
-0.197410020199686 -0.133131607166446 0.0285925413605867 -0.199737113911998
-0.208438820990777 0.00254412742554746 0.0661533144525525 -0.0585230893243415
-0.154182955253182 0.0801978689952847 0.192506527284164 -0.0921924177125972
-0.0869101745578065 0.111173714610024 0.248138020947345 -0.204908624449246
-0.058562432875585 0.114224924565218 0.222819895442547 -0.260691778324169
-0.0416404545490176 0.102563036374291 0.217110028495738 -0.221839679446902
-0.064867292247209 0.0886949134930519 0.229065584916712 -0.135018525970017
-0.102279570056804 0.0547666938474351 0.217030456885077 -0.00928821828433271
-0.151401148656231 0.0048557750736973 0.0966039965429632 0.105577626911712
-0.0961190802865916 -0.11040099401079 -0.0437304289036127 0.108510740025558
0.0266909892577064 -0.141650421242539 -0.161819498605705 0.0122178604884766
0.0453136581635744 -0.105886461544313 -0.0270231190555005 -0.223181001687564
0.0526576455949528 -0.280007141610237 -0.00826136902844092 -0.299202118039504
-0.00118065462479871 -0.342251937289516 0.182980891809636 0.0515587500811197
-0.146703059294364 -0.296540003714948 0.293869051818413 -0.215351224691746
-0.291547463902277 -0.186619755911364 0.00601731503574183 -0.243303971408758
-0.328764471618047 -0.0273226203335848 -0.0109622479523886 -0.0619345184955148
-0.282265735502528 0.108858390767139 0.114610799213297 -0.0494362634689347
-0.1902232666694 0.188635522284968 0.188360032023112 -0.138919993678652
-0.150144412110246 0.193504442201239 0.183533117208952 -0.194706769338356
-0.119819346024709 0.176404649965896 0.183056267915049 -0.173923948907363
-0.157355586249947 0.148059339571502 0.211957005696996 -0.115866694738031
-0.196379245010854 0.0712230800952172 0.214741581418354 -0.0114675329747739
-0.227100508801815 0.00409520946141883 0.105966425782528 0.110861853893045
-0.184618613213413 -0.131893344138914 -0.044770486742161 0.116157497953284
-0.0520095445361806 -0.233001480503054 -0.162714858821521 0.0329089633413825
0.00800267931616431 -0.25647846055555 -0.0439311908217949 -0.15451549627292
0.0674149537752933 -0.392744960221954 -0.0231386713607799 -0.163863546430228
-0.0506681542662745 -0.441163405910439 0.215802946204474 0.145618327151413
-0.217191888282931 -0.321320419899129 0.306157677231479 -0.216457528054819
-0.330766681484822 -0.183897518391944 -0.0315963991647218 -0.27819327765561
-0.381024132862941 -0.0389909137240401 -0.107149472317643 -0.0670741005962352
-0.351220414866366 0.124715550065237 0.00511597102505314 -0.00385224645947467
-0.25865508883633 0.23366692099639 0.0934878483558255 -0.0579329202622435
-0.219464633370037 0.244915225869098 0.114277747000846 -0.101043326509214
-0.187873047216212 0.231709319472931 0.127169828828325 -0.0960101135439998
-0.244599039342998 0.200763753805245 0.174954377926937 -0.0697181419304149
-0.290705377770507 0.0912998542250899 0.194602822594511 0.00444125463064337
-0.308276951892625 0.00469596940229476 0.106726203769696 0.1238796877956
-0.274857983934695 -0.149650821139119 -0.0474252272752413 0.134448824584597
-0.139642811870967 -0.314279432541877 -0.161559365535716 0.0601763786714593
-0.03264330705548 -0.384864230097248 -0.0485182217953774 -0.0612292525000694
0.0592583238365756 -0.431945084185045 -0.0371569971728287 -0.00975333438464728
-0.100654073977345 -0.432001857618166 0.248648347192666 0.202737673430767
-0.239634258527935 -0.253586171055766 0.277152494641154 -0.217617430172859
-0.287737883076545 -0.130019550810739 -0.0774326491354489 -0.27988282976737
-0.347059434053696 -0.0375309553979573 -0.191016248538452 -0.061181309713488
-0.346874482000386 0.121036614116869 -0.100595462888998 0.0427152575676171
-0.27692056546897 0.242243927221863 -0.0116281966063513 0.0250475926699947
-0.255910098093119 0.260424067865896 0.0286656191964185 0.00564656053622978
-0.234565244737094 0.256508948420451 0.0544895259764566 0.00400877175740339
-0.308113669426574 0.223298459895482 0.111967234868775 0.00372010277740139
-0.354218312492772 0.0888387302668818 0.142633486771383 0.0415071738496351
-0.356220904978284 -0.00711436664672907 0.0862971472698989 0.145096971868003
-0.334877561541872 -0.162374232570897 -0.0569519640269894 0.159438762698251
-0.209595718957468 -0.369227150690397 -0.154692176028862 0.0946459994928959
-0.0638825639605338 -0.471629191462931 -0.044115972108559 0.055678130428091
0.0275517673938528 -0.397850434263262 -0.0429680791397821 0.125524918325934
-0.137228849585894 -0.334662772540357 0.265069714755724 0.208520963651784
-0.204131836481772 -0.134285514700759 0.213937002530639 -0.20520754312621
-0.181917464641304 -0.0674951331232113 -0.106477141988108 -0.244513838686659
-0.255370599998924 -0.036713558413437 -0.232776138211659 -0.0449804918995686
-0.286320133849031 0.0985955271788592 -0.178589671632907 0.0819520035479981
-0.252886647283749 0.21538161288081 -0.106248146141131 0.104905647945911
-0.254704614830133 0.236831069663094 -0.0606906210599084 0.113646351625883
-0.252682785131025 0.237247033301322 -0.0316252744699556 0.108378847473515
-0.32699291018363 0.195586532483709 0.0227433865433811 0.0861011887633903
-0.354303944387218 0.0502245242498568 0.0608010017358699 0.0879393333965065
-0.332350673298907 -0.0369066231290618 0.0425356975802477 0.166126760728124
-0.332351601612135 -0.157255946552876 -0.0758878537022133 0.179248067978389
-0.233460780926617 -0.381477259161556 -0.147536875861859 0.129393391826192
-0.0690171738942459 -0.495033554328888 -0.0379799687777301 0.179901702630287
-0.0107515151490527 -0.311813675229943 -0.0351862566500833 0.223496541973097
-0.1485413933239 -0.198106231628136 0.260052240056347 0.169905472546178
-0.133585146958569 -0.0190248632117062 0.143453459541008 -0.177715177318489
-0.0650543967176322 -0.0257005204102057 -0.109325103490605 -0.194006458224066
-0.149883227052871 -0.042264180120221 -0.237646164046254 -0.029439317800079
-0.200122593020065 0.0646836021328327 -0.223010759760967 0.106785428978367
-0.197920461513253 0.160729901501701 -0.179011464391113 0.169526764926956
-0.215779082954811 0.179334093113425 -0.141118655557995 0.205672523523821
-0.227982693617641 0.177659746269995 -0.120772828986699 0.19715716577781
-0.282671696882115 0.124706541980107 -0.0793241210910925 0.152472196025303
-0.273618062526787 -0.00736771574713439 -0.0354110159994457 0.117432712704103
-0.229456191883022 -0.0518533462921478 -0.0115769387967864 0.173723985952676
-0.266323804328387 -0.118339128963617 -0.105211364251789 0.193843482426758
-0.208033524875808 -0.335607613466142 -0.153570660067128 0.153112397329178
-0.053056695432791 -0.437604537944343 -0.0357826678435256 0.290299387444279
-0.0379216703826067 -0.195363706004504 -0.0141602749458545 0.279830966965714
-0.130639870292114 -0.0685023421667073 0.241294474175694 0.118208636899821
-0.0547647900409126 0.0503647452741012 0.0891419578312554 -0.147267665480302
0.0246921549763254 -0.00906199029295637 -0.0938707452711833 -0.154701911324318
-0.059159379096172 -0.0492049544971042 -0.228113016705685 -0.0244600645220276
-0.110039782686588 0.0213580513647578 -0.243406534483846 0.119575267746338
-0.12477550612014 0.0844508311566242 -0.223326276777874 0.213960413759796
-0.1424502867043 0.0934993308011652 -0.199535326282872 0.266432886085207
-0.155569712943719 0.0857841375865867 -0.194941097492804 0.252132990538773
-0.170659286909762 0.0348901050218719 -0.171051168973511 0.18234068201113
-0.125398105861725 -0.04408612117103 -0.112282995790754 0.120375301444321
-0.0817646416111066 -0.0234251683775292 -0.0555892629800787 0.171067945506127
-0.172008174902595 -0.0365322436908015 -0.141691124598981 0.200332457394933
-0.15234470746271 -0.223497870903071 -0.180757532180091 0.148106696005431
-0.0329310757777748 -0.300174079822312 -0.0440994551623113 0.361210881152732
0.0276242599938511 0.0805663139612629 -0.0224294183356233 -0.385444748017119
0.106907189543374 0.00829287148702358 0.135715151152246 -0.121546578485192
0.0401817521007231 -0.0825298473195053 0.184995163512719 -0.2241900020918
-0.0778436349104386 -0.0461895700490046 0.0264605509042178 -0.16715159466002
-0.0469976720887745 0.0359254726889041 0.100382341611363 -0.0704104853524849
0.00283353469616198 0.0282863172610121 0.207732293652234 -0.141986683905576
0.0297822053723215 0.00920159613538543 0.239456789355689 -0.258793781280257
0.0411184166575474 0.0122319507686122 0.209017481203227 -0.296540412688919
0.0431542317316578 0.0165204465484238 0.211296207636697 -0.247211586938162
0.0288502075126164 0.0340957801431057 0.219930206230682 -0.148654476965308
-0.0130107621748683 0.0511175715033092 0.209295476108979 -0.0186877735990372
-0.0871503369901532 0.0177389198287578 0.103421035635164 0.100404924621534
-0.0306333039508337 -0.0829974639149519 -0.0330799205767647 0.119162754308123
0.0773745401324011 -0.0497193373743855 -0.16361340230953 0.0032892800040181
0.0638773472841428 0.0440339874663915 -0.0221941341965917 -0.260510570187571
0.0274360989661965 -0.108319471606091 -0.0206323184358167 -0.373558668081986
0.040288139885361 -0.172961701459589 0.158894593867446 -0.0533241150865647
-0.0615102661259907 -0.195636963202319 0.238244971529133 -0.228234428383843
-0.202395941686324 -0.120565951331016 0.0171271460440417 -0.196513759106939
-0.20560299793907 0.0142063649040634 0.064252534326605 -0.0598659956266988
-0.148392205672488 0.0872962084521223 0.185929954885623 -0.104237365636313
-0.0807155516067629 0.11404347412915 0.232484930617249 -0.219960854261402
-0.051479606360531 0.113921362677064 0.204506637167471 -0.269591307149541
-0.0353710067075671 0.100978988923109 0.201860835896738 -0.230981728548543
-0.0584475127833523 0.0903167409326716 0.218363207477941 -0.147018534864659
-0.0977836933116625 0.0605542511623837 0.214280544014344 -0.023201410246306
-0.147280272125791 0.014359673713611 0.10518459175865 0.0990608709116889
-0.101637691334642 -0.103354786929266 -0.0338858016208239 0.111797661504972
0.0178156265346131 -0.142763171329267 -0.157127804887115 0.0235356592639281
0.0397226180873448 -0.107068259101494 -0.0413764141031594 -0.218638194707534
0.0390215730319378 -0.277210596429064 -0.023629453677541 -0.289394461448248
-0.0203541965426481 -0.339230919297313 0.188080536719139 0.0369690657420389
-0.157885720388505 -0.285653284506648 0.278299565164972 -0.232924303812887
-0.298795425860545 -0.168951781031806 -0.00784316999307983 -0.237955621062956
-0.328367808179679 -0.00917475414300979 -0.0120494008706556 -0.0601041853241848
-0.273531432195956 0.124111711628549 0.111668561893508 -0.0573426773155806
-0.178005311899834 0.196427752838916 0.176715696318783 -0.151328345632894
-0.136517992145251 0.199571514815386 0.167132023603653 -0.203943188611741
-0.109605141245234 0.179826026163914 0.170829821484067 -0.182324923039269
-0.147156473345887 0.15468387879188 0.202676741860795 -0.127352968767745
-0.191012420399107 0.0827952476242241 0.213524543524654 -0.0256687573272128
-0.223884561946206 0.0176109552457883 0.114445761820077 0.101900673056313
-0.187836279143635 -0.120497943850772 -0.0354093829773141 0.121019044314168
-0.064307592381236 -0.2285906953312 -0.157983022439022 0.0455302446227368
-0.00429469807932567 -0.252634354303368 -0.0535933065212711 -0.151673387629621
0.0472838421471668 -0.387461005621759 -0.030677805682948 -0.155392138376344
-0.0739747707234893 -0.43247779384997 0.224775188049376 0.127928673282969
-0.229344949032667 -0.306846798484906 0.289756138734766 -0.23665094221525
-0.336787513845765 -0.164692856360371 -0.0471810693611113 -0.270664700514317
-0.380661722515359 -0.0178774167659165 -0.107954245397031 -0.0616242899602702
-0.341293957437897 0.142677881771187 0.00578378131543478 -0.00531437591637603
-0.242086217022073 0.245620975430395 0.0890274881183946 -0.0661658895642412
-0.201208018403089 0.255328443976417 0.105173529439496 -0.10829224577329
-0.172636546901779 0.240901191106678 0.121783916651006 -0.1020896976734
-0.230636327523442 0.211852862916671 0.16965365775926 -0.079897587659244
-0.28473836730753 0.107871376246836 0.194347636788119 -0.00894778652116575
-0.304090075543918 0.021443916609414 0.116645777170835 0.114537242184763
-0.278682468258804 -0.133610962587607 -0.0362234494130007 0.140259371593091
-0.154657303388175 -0.30410489144252 -0.156478565026465 0.0718424250266651
-0.0524898851222692 -0.376541900833395 -0.0527613335725576 -0.0593348045520398
0.0364303892416719 -0.424113348115878 -0.0383978531252958 -0.00394101501606814
-0.123486574641089 -0.420201976650955 0.25879723003839 0.18361165106249
-0.24593206718891 -0.238249881080433 0.260420492355914 -0.234809388225638
-0.291168419596093 -0.115009144011263 -0.0924509574672251 -0.270691688616646
-0.347447681699323 -0.0164899871714451 -0.190483941797873 -0.0499161584896174
-0.336959174232259 0.140174917272033 -0.0976257082052275 0.0466491117097249
-0.260168479455281 0.256303709822374 -0.0106722077325133 0.0242111493375624
-0.235803379370655 0.274430036345143 0.0262907809126808 0.00216438848287242
-0.21964898281678 0.268846064844697 0.0550678052870501 0.0010597150464376
-0.292740048241422 0.239315474430979 0.110902770131833 -0.00350320992286873
-0.348553209515695 0.108993436109901 0.145576943383046 0.0312696865987098
-0.351968760405845 0.0116344463486518 0.0966057519345203 0.136922089689759
-0.337247657830549 -0.141581686482401 -0.0444273641862787 0.164558763127667
-0.225194179975539 -0.354038390511534 -0.149265018144253 0.105063354621334
-0.0872022435986619 -0.460776267755477 -0.0420143936366063 0.0540553678644824
0.00589012366905847 -0.390542760190639 -0.0367365456931101 0.128712374862668
-0.153543890871765 -0.320428873435648 0.274780156310085 0.187236673123821
-0.203993197161547 -0.120168106547167 0.199185023301809 -0.218836214647296
-0.182485370950433 -0.0582019259452212 -0.119496420207418 -0.235046408742027
-0.25734792861515 -0.0211069910762425 -0.232734821562319 -0.0313093073729065
-0.277683744105083 0.11617949186277 -0.172123916531938 0.0893971074435575
-0.236029086159786 0.229602195779061 -0.100101241844723 0.107141563330731
-0.236302476796984 0.252036634443856 -0.0556005254053695 0.114297906562241
-0.237108829202886 0.252838825788755 -0.0240106969309152 0.109304731773755
-0.312694838084647 0.214716279146144 0.0279236549093742 0.083376660384062
-0.351318424688226 0.0714986401977353 0.0651236530428204 0.0821783785432023
-0.330735639327543 -0.0189848364133792 0.0538545977124912 0.160195003738334
-0.333708785326658 -0.138179307057025 -0.0631527578096889 0.185601724703091
-0.249522118870133 -0.365213713961128 -0.142486577071401 0.138819750433974
-0.0948493843028823 -0.481151004967157 -0.0276736172380269 0.175013193258225
-0.0286067160095341 -0.304368318382554 -0.0225530225779883 0.225246753528088
-0.156221572969206 -0.18437472631432 0.266998500528449 0.14908032370212
-0.128420867359948 -0.0115640856421518 0.128950146250312 -0.185629363555728
-0.0656572605551898 -0.0234927885827161 -0.120086457404601 -0.183849419981471
-0.153847880750144 -0.0324362441206033 -0.236728297110578 -0.0152974679302813
-0.193404338371864 0.0769902352313176 -0.214782089261413 0.118601131308738
-0.183580600566808 0.172391288105602 -0.166455051868581 0.17636303510653
-0.200164488437628 0.193164252870149 -0.128545009981251 0.209058694959885
-0.214893791441586 0.192477640425464 -0.1071050599844 0.202477487247528
-0.271964477412383 0.141950527649571 -0.0697146992838538 0.155121494797843
-0.275251560365144 0.00904776557500137 -0.0283685990667118 0.117478589054592
-0.230823905419137 -0.0412697749381213 0.000101591151697475 0.171023568628495
-0.266495909480355 -0.10315226964932 -0.0921539979236557 0.199834834454494
-0.222576847885229 -0.320216073252981 -0.14814354395031 0.163245670642486
-0.077324257629334 -0.427600398432905 -0.0205203820997925 0.284307203600616
-0.0493902785013753 -0.187289361330382 0.00218587403408449 0.278308560121797
-0.131947606317754 -0.0579319103485477 0.246106931034479 0.100873939510027
-0.0486541987292144 0.0534394011831789 0.0783199112327995 -0.151687748820197
0.0227607989108411 -0.0127480442585439 -0.103836312223455 -0.146004724228194
-0.063927703491762 -0.0446629380461496 -0.226784471447117 -0.00919805529384707
-0.10609156324415 0.0294277305625399 -0.235276098825164 0.131899368381603
-0.11507000381846 0.0925233704699407 -0.208016624160892 0.224815447411229
-0.132726411535471 0.104304338760225 -0.183018219004035 0.274067358221862
-0.148992279283891 0.0976899126986829 -0.178666250614171 0.261308914014348
-0.168280652407348 0.0460682257345643 -0.158523702069492 0.191127509487081
-0.12917838602944 -0.0360168661811971 -0.105663606882146 0.124451940051913
-0.0816096320874912 -0.0215908070277119 -0.0440627537349752 0.171012487685
-0.167761297338452 -0.0268644465525894 -0.129183716987597 0.207109019545172
-0.163281757188727 -0.210517115102154 -0.173613334078572 0.160194685382977
-0.0498261592119108 -0.29212972876276 -0.0237441026012654 0.354003817650411
0.0329650649119628 0.077433603567261 -0.0349816485461146 -0.372503276007805
0.104823124032964 0.0011157826555637 0.131584603175431 -0.126740761867363
0.0347442754450647 -0.0827561756873371 0.171636444075239 -0.229193259559325
-0.0773263587786403 -0.0397660565404839 0.01901329866141 -0.162633954641447
-0.0420477227020149 0.0364403503896799 0.0983896757057073 -0.071805749547293
0.00429916107208741 0.0261443009911939 0.199505940203298 -0.149199422542327
0.0282675820497277 0.00607861165640843 0.221833359820108 -0.264472161498075
0.0402469335732396 0.007368093478341 0.190704990883911 -0.298222349293378
0.0427729632229535 0.0121448605771549 0.196614853534856 -0.249840503276076
0.0296856195597821 0.0298324599678436 0.209457257193109 -0.154883110748626
-0.0105140931546304 0.0497992892554484 0.205519120506532 -0.0287942448932021
-0.082893122035757 0.0228780053872822 0.107819180886736 0.0931779217075605
-0.0344452000115113 -0.0791991809357409 -0.0246150200814969 0.119700896970254
0.072831264787862 -0.053434342494257 -0.156824593361166 0.0119118273222599
0.0650897287216714 0.0384216943769919 -0.0354978884522349 -0.252952045626291
0.0244765508155951 -0.106471550855077 -0.0335181248724683 -0.360245250935734
0.0326801760523594 -0.173495522153273 0.156800365639478 -0.0616059369468711
-0.0675401657994719 -0.190589680845786 0.223303662723453 -0.236119022914274
-0.202008342235822 -0.108897609481746 0.0092639437345684 -0.189807336626136
-0.200088671457419 0.0224778626964269 0.0638605392640822 -0.0602238253381088
-0.141525784998662 0.0902247254853833 0.179138390444456 -0.111027667351047
-0.0755906864093839 0.114129319852204 0.215622475849054 -0.226758440201784
-0.0461804161371922 0.112145801873045 0.186350539240862 -0.272762960786765
-0.0305369370298714 0.0992314011170303 0.188064743390866 -0.234652299514189
-0.054169524532914 0.0895635090583538 0.208101555314365 -0.154893247113537
-0.0931612802960924 0.0636238555238803 0.210343068089939 -0.0345481126213619
-0.141820326763602 0.0217691866387968 0.109640648365773 0.091466314997817
-0.103810016722813 -0.0963045721847048 -0.0252881177911531 0.11372570559022
0.0107941434119491 -0.141523126060691 -0.150110506512554 0.0324791155646281
0.0351648417907451 -0.106993604294795 -0.0510833166263319 -0.212761502906767
0.0294997107477778 -0.270504504744561 -0.0331777494745182 -0.278466152495611
-0.0323106789037942 -0.332641854392781 0.189095543860929 0.0251485017883214
-0.163211365281905 -0.274828595588279 0.261860313309996 -0.243849107351569
-0.298641487457338 -0.153487393656715 -0.0179590008934484 -0.229474544975539
-0.322377612980746 0.00437761619394424 -0.0116929958235007 -0.0579565913641693
-0.262999096910705 0.1333818718761 0.107974817651656 -0.0622715953157256
-0.166427082467862 0.199531313649589 0.164968609681544 -0.15785569205872
-0.124563598630742 0.200575807556134 0.153846748259018 -0.207662829314616
-0.0998209563904973 0.180713984225035 0.161482440748588 -0.185359909160991
-0.138025540921513 0.157142416209615 0.193619967407529 -0.135715381464423
-0.184680243318308 0.0895258378830254 0.209518156461415 -0.0365428188335651
-0.216551907038447 0.0275888130247583 0.119306509479134 0.0944947648979111
-0.188248125216674 -0.108972864808012 -0.0258679127146285 0.122486971537924
-0.0721805764186455 -0.222279725787826 -0.151444594924466 0.0529195065287649
-0.013445580267625 -0.24559738058624 -0.0591694516293691 -0.147449294356852
0.0314615382089206 -0.378541516296969 -0.0353334811808046 -0.147247643365451
-0.0896524682525848 -0.41970358771806 0.227875286618423 0.112049179924041
-0.23178391015196 -0.292770461434946 0.272014534126195 -0.246929922177802
-0.335558244614408 -0.14839329080721 -0.058120091323412 -0.260101199727154
-0.374545636026796 -0.00222187987946764 -0.106263767784483 -0.0551779993941071
-0.328336079844582 0.154697934635758 0.006366005369758 -0.00706592016680828
-0.225856866885403 0.251127465873691 0.08295484317897 -0.0703788135579692
-0.18536636251952 0.258837380827756 0.0963733006382 -0.11203582402905
-0.159643391469713 0.243918148978867 0.116543545085476 -0.104539630251752
-0.216739937177188 0.218114222236615 0.162761799653283 -0.0873089450955647
-0.275479605190745 0.118789373037076 0.191064769732511 -0.0199755902863436
-0.296203259222132 0.0335084821695784 0.121624273950144 0.106569295618065
-0.276324109701887 -0.119932598007809 -0.0261276042171193 0.142143810572864
-0.162764741404183 -0.291820134850849 -0.15056434287672 0.0797945930292761
-0.0651297389361242 -0.364084937727817 -0.0549039531148982 -0.0580295903750674
0.0197646398674026 -0.413189404336953 -0.0374430213223411 0.000882763729706182
-0.136756114269083 -0.403020284148734 0.263030682760499 0.164886381073935
-0.245314045664468 -0.22354476931041 0.244134527783849 -0.244660561015211
-0.289020360494941 -0.103181514610744 -0.102094068660432 -0.259299855787332
-0.343927762248825 -0.00183261933507226 -0.18687765039207 -0.0416066055706193
-0.324052049384404 0.152440729511989 -0.0932795035511576 0.0480677951744289
-0.242272688958297 0.262509481252967 -0.0107409237520676 0.0219270255732081
-0.217759970180345 0.279956557864926 0.0240203454161708 -0.000411049358930954
-0.204082505817952 0.274299180508889 0.0555739473487001 -0.00125468021889127
-0.276672499524424 0.247018675446013 0.109266601387228 -0.00988449795222214
-0.339635581861433 0.123954660764135 0.144791740157836 0.0220561920163317
-0.344865917372918 0.0248961707564332 0.103533927824184 0.128938543531141
-0.333759288274218 -0.126499759756301 -0.0337388869019625 0.16636984530312
-0.234002219334411 -0.339953518851302 -0.14388754697531 0.112119695629719
-0.102432998216926 -0.444170720293693 -0.0402535389396443 0.0512710072164391
-0.0095289478202566 -0.378085415427157 -0.0306846453697653 0.130788594218872
-0.161820220568555 -0.304519409172294 0.277673681003304 0.167961203264567
-0.19937189920773 -0.10901609410129 0.183320151592103 -0.224499684963799
-0.180188665527152 -0.0521476583826281 -0.127792908321071 -0.223219757659973
-0.255068587897749 -0.00956129660854741 -0.227725652754461 -0.0213138576602915
-0.267768769679409 0.126789831764345 -0.164589431328981 0.0936734662555301
-0.219138899627857 0.235754670009803 -0.0943580951394982 0.108181544691101
-0.218443230504595 0.259866416999311 -0.0516515862023727 0.112029477956251
-0.221671065820786 0.260689184525934 -0.0179411942968685 0.108303320835499
-0.29774036392311 0.225066407235872 0.0310638415118383 0.0796816744665751
-0.344545599194359 0.0858719316826089 0.0676770854492031 0.0762505454236837
-0.326290961862562 -0.00684492864734554 0.0617074607052447 0.152529928141406
-0.329030559710356 -0.123109966043677 -0.0522882160692457 0.187776890086716
-0.258112631549465 -0.347938697954731 -0.136042712654414 0.145131981126702
-0.109313537559504 -0.467010533017388 -0.022396335658772 0.168590859397555
-0.040008386797749 -0.291611446867065 -0.0127766203062811 0.222647529705874
-0.159376761484815 -0.169757766877662 0.267617408800846 0.131964955927171
-0.121787010554205 -0.00616375137023106 0.117222833460763 -0.189033247590539
-0.0653293726896133 -0.0229186151782947 -0.126189025390612 -0.173560304693932
-0.154420007067285 -0.0232717584264418 -0.232114865767172 -0.00483772326313898
-0.186314001394527 0.0848574220687931 -0.2047159710618 0.123741280725455
-0.170088775268611 0.177522772850451 -0.155598896128438 0.179144936265043
-0.185441912052103 0.200453297970458 -0.118678765058092 0.209619278010535
-0.202042924586792 0.200865754589061 -0.096182974879817 0.202220268037642
-0.261781169408787 0.152258146739134 -0.0620282332719292 0.154712604548093
-0.271615664991404 0.0215803361659316 -0.023300982643514 0.115501538818579
-0.227549755366856 -0.0338755028123026 0.00807968292314094 0.164869955635405
-0.261306452517677 -0.0914189762125809 -0.0816163753508897 0.201581819862182
-0.229058891785106 -0.304698231207978 -0.141653457675112 0.169017365987905
-0.091840574835165 -0.411348205315806 -0.0106992175810182 0.27407778333312
-0.0560633124292828 -0.178374220125434 0.0133060210587392 0.272558887395846
-0.129700041102802 -0.0479917277566609 0.244827786937965 0.0850930288982453
-0.0426477736731896 0.0530272866005079 0.067915127767195 -0.152121134247174
0.0208219731693182 -0.0158831779093174 -0.108926498192993 -0.138108317883945
-0.0668421549080114 -0.0388185147781822 -0.222076732711356 0.00135762247719418
-0.102491225921936 0.0345742298847282 -0.223158555591006 0.139665947809882
-0.106732090086235 0.096686917148453 -0.193014263393076 0.227523020304243
-0.122451493914267 0.110578398401904 -0.167875165948597 0.274903795598404
-0.140085516306185 0.105727739248462 -0.163100014859785 0.262865187086683
-0.162983773383121 0.0543302566553483 -0.146914590309926 0.194857327098678
-0.131126261228349 -0.0299471287303075 -0.0987084453149339 0.126209362633423
-0.0817284416045432 -0.0204495437611345 -0.0355347018740658 0.165824707687969
-0.161417758325442 -0.0190292053970213 -0.118008778210166 0.20912645294703
-0.167807502911988 -0.199206286845982 -0.167332709369551 0.167643372889432
-0.061353083330207 -0.281508368628126 -0.0111868455982301 0.34239404685457
0.0367524379208609 0.0746784024373457 -0.0421407280108755 -0.361187437715638
0.102408847213565 -0.00470944552016497 0.128951574915905 -0.131285829493931
0.0302495909805176 -0.0820948007994153 0.160515255343574 -0.233027436672876
-0.0766843220645718 -0.03466717776771 0.0136905253997948 -0.158063740124934
-0.0374900858743962 0.0369549694533715 0.0974088083001134 -0.0722954707288046
0.00520885941385974 0.0248941844354002 0.191567113546375 -0.153927885834235
0.0262979381010713 0.00382162648342397 0.207475040702268 -0.268247351810491
0.0387478855253914 0.00303431126732897 0.177190141992779 -0.29834716339371
0.0425168630506087 0.00909393726986566 0.186091673650191 -0.251259608300167
0.0303031199296134 0.0270331957784874 0.200127508369624 -0.159944029297696
-0.00759048642450917 0.0488309815096092 0.201354313570629 -0.0368431425780338
-0.0794624261083515 0.0265380728352187 0.110973281753501 0.0874871686597521
-0.037670109192627 -0.0761484353231672 -0.0181400336792892 0.119368326101715
0.0686226114948143 -0.056628196478548 -0.151278781742269 0.0186281188191159
0.0653500374908396 0.0344748303168395 -0.0432296765033909 -0.246516078752349
0.0242830408466618 -0.104843773862537 -0.0406645561644794 -0.348936309480012
0.0277051910787821 -0.173643296281955 0.154945524884695 -0.0679689973371663
-0.0713803040282465 -0.186462061734836 0.211554493538619 -0.242618793639829
-0.201844633413467 -0.0999116955438359 0.00310313855535462 -0.184116006865425
-0.195352147822184 0.0277240474201177 0.0635140533701611 -0.0603127044791221
-0.136370346174629 0.0925803012448338 0.173882141756634 -0.116449366281419
-0.0715992383615465 0.113455149917024 0.203712539397844 -0.231507589456586
-0.0417462748605545 0.109389317101634 0.173437041568665 -0.274611060001875
-0.0272575083215949 0.0975895360966282 0.1787507125537 -0.236266537803532
-0.0500702517264878 0.0886690768412837 0.198482264508005 -0.159853288586847
-0.0895194680557313 0.0650801956657742 0.206345199566946 -0.0428148140024069
-0.136899089506125 0.0265155922716342 0.113502699506476 0.0853863075848504
-0.104832593339366 -0.0907539502037788 -0.018108292188847 0.11421138556987
0.0057505636986377 -0.140916729302473 -0.144216034343815 0.0389112934034421
0.0319188261645199 -0.106414036014687 -0.0570574202746077 -0.207190046157371
0.0237465619444365 -0.265673200525985 -0.0379921218813399 -0.268556003686378
-0.0406502191847775 -0.326425112901724 0.188788748799449 0.015603347296198
-0.16607284625998 -0.266577188040788 0.248830213202576 -0.25020673717927
-0.297997270361126 -0.143417903619849 -0.0244039818850496 -0.221981193174616
-0.316816130818037 0.0141130139871846 -0.0105313148565454 -0.0566401329655897
-0.254787921192032 0.138832121361198 0.104794540769655 -0.0664452324957782
-0.158469115846552 0.200668981164623 0.156182649708192 -0.162094303434198
-0.116270415132622 0.199014163586193 0.143657473162494 -0.20941425237616
-0.0931164779637033 0.180498793467469 0.153510570758093 -0.187207947213337
-0.131487022276217 0.158206518873647 0.186633608026019 -0.14081454934901
-0.17957586489866 0.0943013986252272 0.205714123054801 -0.0450830551484387
-0.210586114781384 0.0341469423308163 0.12313908478815 0.0879354472008941
-0.18730606021709 -0.101486393286763 -0.0180154536716201 0.123205425967339
-0.0779264015792632 -0.217681578245749 -0.146117490778152 0.0591684315950364
-0.0195222306650507 -0.240032599756582 -0.062793605479449 -0.144117528444994
0.0229590550124993 -0.371454591059004 -0.0377331287332188 -0.139807716194946
-0.0985037940480001 -0.410056625124245 0.229174065866194 0.0989928349667535
-0.233017611250985 -0.281533000182389 0.25899546748822 -0.255391899901728
-0.333205314465831 -0.138683890625736 -0.0652109204812102 -0.251627573174598
-0.37018664584794 0.0098914782984672 -0.104190825082687 -0.0512953301135245
-0.317923926824862 0.163002402797562 0.00604318936212922 -0.00865454521139014
-0.213477210226976 0.25325413921014 0.0775734093038338 -0.0738461579336634
-0.172695770552049 0.259702288624024 0.0894742312983527 -0.114567786466886
-0.150169809163825 0.244949605887413 0.112460927376997 -0.106922989168139
-0.207189164668996 0.220973382468566 0.157567493673189 -0.0927758376592562
-0.268918462883391 0.125927881988257 0.188184820162355 -0.0279937264130811
-0.289420909432806 0.0417820758317718 0.12603353700296 0.0996684613965177
-0.273223922926055 -0.109559733987883 -0.0179715577043971 0.143127663307882
-0.168216970953297 -0.283850469817322 -0.145403153689489 0.0857965965942823
-0.0732655586524592 -0.354091527801008 -0.0569260041297767 -0.0576696983940886
0.0090493930279985 -0.402995798142404 -0.035384717426166 0.00512737654160627
-0.143056122587328 -0.391583412497936 0.264524209550245 0.150512087272771
-0.242708542164129 -0.212865752718162 0.230711768851645 -0.251395516033878
-0.285639413489558 -0.0949665838064233 -0.108369788088006 -0.249518588004344
-0.339644030576322 0.00901071131107709 -0.183405938053741 -0.0361888055997811
-0.31463750738409 0.160876411062838 -0.0901702235507472 0.0482050685924817
-0.228038719154727 0.265775776846282 -0.0113915654220358 0.0200672217181352
-0.203904863845015 0.282132982123413 0.0215481608671005 -0.0020701776389335
-0.1917382450095 0.278053555924013 0.0554238247137512 -0.00322210032059547
-0.265662143040117 0.253712366253298 0.107301069702963 -0.0149852559686525
-0.332297815176461 0.133840439423798 0.143249829141448 0.0155036309833538
-0.33801073489258 0.0329544208631673 0.108207032644927 0.122072146468791
-0.329516758370488 -0.115129807515311 -0.025307955190701 0.166877307182318
-0.237584731168391 -0.32787104846401 -0.139265553729382 0.117839326675539
-0.112008446871301 -0.43215894683863 -0.0398755632527181 0.0479198837420509
-0.0183889262278126 -0.366866280884947 -0.0257071913287088 0.131495383889913
-0.166003468410109 -0.290609893724947 0.279147142247159 0.152336279317419
-0.19406737709677 -0.101359608981663 0.171126282828292 -0.229314538267337
-0.177786455787427 -0.0480701978306506 -0.132995062976871 -0.213742087059253
-0.253241915954846 -0.000156329976130411 -0.223722293678429 -0.0146868657082148
-0.258672000826292 0.134162310063596 -0.15926388476642 0.0952908338555115
-0.206088311916765 0.238875540984695 -0.0901744885512422 0.107428893855109
-0.204522987754313 0.263319347008891 -0.0497072318412847 0.110528813778972
-0.209103035347752 0.26586015880578 -0.0134078499888962 0.106630982458858
-0.286826625355799 0.232605752632472 0.0333689420797915 0.0762939142787708
-0.338549659535352 0.0962064573319195 0.0693277118453681 0.071341392283868
-0.321250345543473 0.000756446010702215 0.0665408292194787 0.147170427142033
-0.323452795373861 -0.112404098511231 -0.0441456557594595 0.187856730631223
-0.262307067477457 -0.335113371391397 -0.132391862851695 0.150286219522889
-0.120571045304843 -0.451470963267445 -0.0191117175219726 0.161828394597394
-0.0473019361405833 -0.281749500625374 -0.00551683202685126 0.219728724147321
-0.159386006946206 -0.159185201487586 0.267336232018805 0.117749340863966
-0.115713812335233 -0.0026601270461013 0.106494495391092 -0.191849643161859
-0.0651135871320234 -0.022387029463563 -0.129837272859553 -0.165727215079375
-0.154883003268493 -0.0160845556022629 -0.227385890284806 0.0020880377563951
-0.179893596994833 0.0901665443484886 -0.197449234768013 0.128086592601224
-0.159206416054494 0.180316129356878 -0.14830749903244 0.179768175729872
-0.173146227890185 0.204972032712967 -0.111142186277951 0.207767201598709
-0.190934736351951 0.206949177110127 -0.0877759592947116 0.20163090601252
-0.253292283965318 0.160297164321611 -0.0555481097904759 0.154199864164981
-0.269287027611427 0.0301444211272882 -0.0194103182503445 0.113989480060117
-0.225839281574691 -0.0299297762410847 0.0137580855191414 0.16062020955657
-0.25549056187813 -0.0830578588882176 -0.0732220341307376 0.202393781744149
-0.233010032143732 -0.292164109415926 -0.136485932592897 0.173896220276234
-0.101876297830561 -0.399830239312653 -0.00497424569428993 0.264768988302689
-0.0606430931504878 -0.170405317866968 0.0211496404705708 0.267011394785323
-0.126697229563035 -0.040899024072116 0.242254525541198 0.07274380874715
-0.0380639141853231 0.0535225690669128 0.0606953747589996 -0.153068202281832
0.0191623598895651 -0.0181358349422439 -0.11193894726014 -0.131353867335281
-0.06864865742723 -0.0340254844813569 -0.217903553596202 0.00877884030622686
-0.0988670906343194 0.0382900696832494 -0.215003512874135 0.144165033461351
-0.0997202644567294 0.0990413877978881 -0.182783448268448 0.22877139041635
-0.114584404082633 0.115105981098829 -0.156805393234507 0.274187222090655
-0.132514384628556 0.111651477967486 -0.151649683065109 0.263101057475368
-0.158959006698758 0.0606606417829006 -0.137369369511687 0.196978684186793
-0.131673728609297 -0.0248949286399316 -0.0938669231271764 0.127224292332874
-0.0815851664470598 -0.0206153221814217 -0.0301061648833864 0.161571049422714
-0.155332641392599 -0.0142691988232114 -0.11000860868261 0.208855752184458
-0.170380486290025 -0.190084049881104 -0.162453764030748 0.173791634342527
-0.0682692824495724 -0.27223058250708 -0.00358304751769963 0.331704561853522
0.0407151467074902 0.0713835573214133 -0.0487118218366091 -0.352991501148064
0.101075291144385 -0.0102632098775247 0.126578595179418 -0.135841023855705
0.0263414234714798 -0.0825632149085015 0.150869637483913 -0.237282607545764
-0.0757962240149158 -0.0297607390066195 0.00914100989020452 -0.153528092999581
-0.0342073469613803 0.0367327690282319 0.0971959485511767 -0.0737729713523136
0.0066580763171634 0.0237138515549135 0.18568545518273 -0.15946729217674
0.0256241147284777 0.0020179836514992 0.194268606822103 -0.271877489681964
0.0369788340705829 -0.00125446885272443 0.165266309927075 -0.299648254535367
0.0418498140367337 0.00461691940565289 0.177811155104455 -0.253913859583159
0.0307863314160533 0.0244098080797074 0.191991020518493 -0.16479006550816
-0.00540841538870896 0.0480222268898607 0.198250009259964 -0.0439827080315049
-0.0763883398071663 0.0299230139091627 0.113830897173806 0.0816532319032851
-0.0404638131045726 -0.073325858956038 -0.0112344792264867 0.119029821495132
0.0641270605839772 -0.0594293927166005 -0.146427386055563 0.0246362476794106
0.0657742013340069 0.0309612995591023 -0.051398006842651 -0.240496277636547
0.0237658651121491 -0.104281549108234 -0.0471665546555994 -0.340422013592121
0.0230118944251736 -0.174566973443048 0.153594473027393 -0.0748538851849894
-0.0753618725467908 -0.183364030579241 0.19982548505146 -0.248938896096957
-0.2021226210571 -0.092166829753955 -0.00200600164100771 -0.178820738290642
-0.190573504488303 0.0326132629037966 0.0644500126167493 -0.0610660667574586
-0.131673586004829 0.0946660927090059 0.16921795836719 -0.121849004268377
-0.0680324808683544 0.112986151275588 0.191916670207804 -0.235390167218588
-0.0396035416307297 0.106954427745412 0.162466496582937 -0.276230535763014
-0.0246411096990537 0.0950658399545963 0.170670681290047 -0.239101023849283
-0.0475927560827432 0.0871731786215754 0.191695430270038 -0.164870245805889
-0.086007970229304 0.0672689797212833 0.203576764294715 -0.0510704429866372
-0.133164982702628 0.0307285526742267 0.116666693151436 0.0800895394663517
-0.106351710698183 -0.0860971681246592 -0.0116997427866358 0.114706309774986
0.000549166746526578 -0.140939569732939 -0.139276077242995 0.0449892369849703
0.028986413129808 -0.106200086589062 -0.0631739348762421 -0.202930538862962
0.0195389445478959 -0.261803799337074 -0.0429502874758888 -0.260633108408563
-0.0479632722926913 -0.323473036655048 0.19012132117156 0.00744442486781948
-0.17020688116933 -0.261010745315004 0.236185821148644 -0.259415563489554
-0.297389705599672 -0.134422636912817 -0.0299790259792947 -0.215990985284867
-0.313707851689491 0.0230203259901531 -0.00969475442288292 -0.0562242957108368
-0.247664345286852 0.144756759865538 0.101689725657548 -0.0701720276764112
-0.151407547660959 0.202308900536377 0.147929795400913 -0.167386220061264
-0.109018544938888 0.198708002260989 0.132321003907538 -0.211760256206451
-0.0868016646675612 0.179916050956481 0.147867731318948 -0.191376255357779
-0.125679214335804 0.159317102229088 0.179956990454545 -0.14629897909274
-0.175384806460683 0.0993200063053928 0.203099621099246 -0.0529392978073191
-0.205644605662715 0.0398909137096278 0.126604241499559 0.0821376238990936
-0.187075795367703 -0.0948063945082371 -0.0104381916280678 0.124260264374523
-0.0838409124646952 -0.21368208600496 -0.140211142737032 0.0648917984915259
-0.0252614657098755 -0.235363298447738 -0.0672370462419011 -0.141551616350909
0.015661073568442 -0.366111767280779 -0.0400089445976291 -0.133975774901081
-0.107684794470536 -0.402775454115302 0.231090630453603 0.0886241384297779
-0.235483640472974 -0.271741584441475 0.246016310029436 -0.264773311585415
-0.332741242890483 -0.128988289958487 -0.0722213828866771 -0.24460947884091
-0.366695421346958 0.0203591831182943 -0.102614348807462 -0.049303472698592
-0.310771442679156 0.171643583930721 0.00524587979718538 -0.010428501542062
-0.203788128830047 0.256466823868176 0.0732843696968384 -0.0770538022941608
-0.162316329804298 0.2611166843591 0.0832590074245362 -0.116115514176002
-0.141385489634932 0.247522556423618 0.110170959018665 -0.110260149930967
-0.198628968545173 0.22543804171015 0.15288584307955 -0.0983303078266296
-0.263478725010625 0.13514378253026 0.185511916245968 -0.0360435256593849
-0.28419182848194 0.0489585202638526 0.129896169660951 0.0930093125746668
-0.271201362288933 -0.101479109516825 -0.0101650059075948 0.14380529896562
-0.173721813409169 -0.276395072395478 -0.140352095166437 0.0917395587408148
-0.0812731259143585 -0.345906754742498 -0.0594739297118025 -0.0572899773388263
-6.24178461458263E-05 -0.396923097939334 -0.0349771875015075 0.00898579695536773
-0.151282348077619 -0.381318450888605 0.266663705990769 0.138181063798771
-0.241545645844617 -0.204103752455459 0.218176481250999 -0.259257566012274
-0.28335876239875 -0.0883770915600162 -0.115256016536223 -0.24225454497375
-0.337560383788042 0.0183137110228779 -0.181537075853029 -0.0322647690307168
-0.306960415098788 0.168830240188215 -0.0889301624664107 0.0482716360435571
-0.217226899910555 0.269577773770627 -0.0115363369724681 0.0186840222595547
-0.191802159910421 0.285488808711915 0.0186899511267686 -0.00431209676398747
-0.181290009942238 0.281345968463301 0.0565109320548396 -0.00601404453323019
-0.255256495237717 0.259564256874494 0.105626392192631 -0.0195026992727888
-0.326088487256985 0.143969308638571 0.141901929285657 0.00852801923687277
-0.334762459632045 0.0421775428816454 0.112994562283852 0.115782725318443
-0.32617266165763 -0.106424903109565 -0.0170994060141523 0.168839428029659
-0.244783897540456 -0.318799806058467 -0.135107961275806 0.123546910618133
-0.119199024207238 -0.420964724196678 -0.0407353597497733 0.0448566781270452
-0.026895829130923 -0.359544232316175 -0.022202807378437 0.132313635761234
-0.170275429125375 -0.280691571439646 0.279851836382357 0.139358204577613
-0.190828655833892 -0.0950331898077979 0.159685520100569 -0.235534124016265
-0.176009651685695 -0.0446397218819235 -0.138146726424732 -0.206863679399887
-0.252477169557749 0.00918750562319733 -0.221864734381155 -0.00885247969220661
-0.251501996895897 0.140495886982232 -0.155688101191613 0.0976490829687143
-0.195169984031884 0.241831198141525 -0.0872975602849876 0.107485918035358
-0.191645203918748 0.267534602313267 -0.0475881628396283 0.109483359674261
-0.197835348796769 0.270933699267627 -0.00989456206382715 0.10481250830418
-0.275967034069386 0.240505565480266 0.0350540128763973 0.0736036273440176
-0.335507680221995 0.10681049427452 0.0704531682050787 0.0668929861809898
-0.318315334182787 0.00769213821556356 0.0714688961461751 0.141553308848399
-0.320482308138634 -0.103317965212049 -0.0361067790056432 0.189456026803725
-0.267078225702639 -0.324413747360929 -0.128356496294115 0.1554682088305
-0.130500135359982 -0.43963506909598 -0.0171022637372776 0.15585058095242
-0.0534728775152017 -0.274676506592229 1.12492980878754E-05 0.217668771093987
-0.159401751959454 -0.150431588771053 0.267422446471137 0.103684559605884
-0.110945843748795 0.000555130504244955 0.097881444772329 -0.195506774504656
-0.064602325124117 -0.0227476699388219 -0.13436505430408 -0.159260858701767
-0.155016109769188 -0.0100121841461178 -0.225481323965131 0.00839104310773511
-0.174990316082417 0.0962114662832105 -0.192034113608973 0.131096894867767
-0.149749907844479 0.183270217479566 -0.141913390850593 0.18122501916185
-0.162923745054731 0.209697205692464 -0.106216485204413 0.20801661054187
-0.180661477837071 0.212799219525476 -0.0802677714058239 0.201815400840834
-0.245989644202812 0.16752033589926 -0.0503278421370425 0.153428586225058
-0.26796649035279 0.0384354602724671 -0.0157973313503484 0.112101943663458
-0.225934288670374 -0.0263994453021238 0.0184764564977215 0.156614626660658
-0.251618636255086 -0.0770703648082227 -0.0663544228743447 0.203860399555239
-0.23795945232374 -0.282362234972662 -0.132914523171898 0.178712443020176
-0.111148283719366 -0.387869719150603 -0.000469830595247543 0.256504598847248
-0.0647249783993266 -0.165007902663904 0.0288123334720388 0.263367684460583
-0.124447610476109 -0.0343566014897788 0.241549298541456 0.0604157166259912
-0.0335768765059976 0.0533606213870874 0.0534185403548174 -0.15482783990575
0.0171629313540276 -0.0206012928992443 -0.115513873713094 -0.126106584624735
-0.0705066361030083 -0.0295199935185251 -0.215718339089152 0.0159206557094499
-0.0957054249751556 0.0424396996081117 -0.208933707128908 0.148909001115768
-0.0929580595755431 0.101614404019452 -0.172774963776968 0.230837026567725
-0.107066797502264 0.118563640426893 -0.147710104510403 0.27496965417942
-0.125563774817087 0.116737916710623 -0.142092416832343 0.264565364498382
-0.156006274322399 0.0664378336464899 -0.129348760803121 0.198147961950297
-0.133309699712574 -0.0206439105488245 -0.0898970345326506 0.128040932448943
-0.082125576383317 -0.0214712216494537 -0.0254435031520851 0.158568943411808
-0.149927875681532 -0.0104445702499355 -0.10279704151254 0.211820129258519
-0.172751022446913 -0.181909538531824 -0.158404653967528 0.179785546836129
-0.075031756552864 -0.265024573538295 0.00291492932495178 0.323796118503455
0.032278653973273 0.0778979720872429 0.0162018788190802 -0.347638845673983
0.0977381008594945 0.00656787402399524 0.15011138889296 -0.108930417733341
0.0397925849008422 -0.0706948882181345 0.189968006321765 -0.204012259268493
-0.064122363548467 -0.0370707637225635 0.0359576220456115 -0.14586044932924
-0.0379208309502283 0.0303435304208322 0.109897256704415 -0.053990413860009
0.00199561377312383 0.0239569863369808 0.210573477172291 -0.122279539916156
0.0217304390828288 0.00484322429595455 0.240334949271158 -0.229173791273919
0.0343742265920131 0.00321015964935656 0.214058751183765 -0.258171847807173
0.0384936559859326 0.0113484863545799 0.219552319858086 -0.212565875051435
0.024757306393151 0.0271910151766622 0.21680301788629 -0.12206154453127
-0.0139589312855763 0.0441547721230176 0.200189200285809 -0.00679316728096867
-0.0764364136622254 0.0144402992853278 0.0946526788386297 0.101663905965972
-0.0246302926685488 -0.0790405690061306 -0.0315486559248598 0.114120446473451
0.0720482787758538 -0.0457832874133702 -0.146016714297345 -0.00028990468606291
0.0583402333921852 0.0419233024997645 -0.00370407180337644 -0.250447129961591
0.0481551835329087 -0.0930033591495158 0.0159207297346912 -0.337123825140321
0.0511876578766761 -0.162162953947446 0.172238764493216 -0.0464372362540227
-0.0388571391588273 -0.185017593012553 0.242544929900786 -0.208675670526495
-0.172137135641841 -0.119478072595443 0.0316961907568624 -0.174277488138889
-0.188022068944628 -0.0022832657229043 0.0789391468346645 -0.0475572315090434
-0.144175844444956 0.0676349502726774 0.187821570972176 -0.0928583915725458
-0.0870577950892309 0.0959420366905202 0.230786543274406 -0.195544162007047
-0.0600353195045432 0.0953871959470044 0.207273679952013 -0.236561872243798
-0.0422460137370653 0.0857801065147657 0.21065352806296 -0.20042343425112
-0.0628340385367287 0.0741434979157699 0.214446484287363 -0.122469927736828
-0.0957510356054167 0.0477174022177603 0.202978919954801 -0.0117175149748756
-0.129952544694543 0.00361291881105282 0.0961004874373466 0.100523004671557
-0.0849996555399347 -0.104969170233892 -0.0333083533860156 0.10991181617604
0.0262668749239986 -0.136197183413939 -0.141633096707248 0.0195908786653176
0.0496930802802845 -0.0970187910068205 -0.0236132102270281 -0.216292891628701
0.0723197684068152 -0.24308661297851 0.00694873745981124 -0.261021231098601
0.00781971994761078 -0.315074992680588 0.198644332375262 0.0380805268386024
-0.114405687903821 -0.274807817841052 0.281868316332875 -0.215115249570932
-0.253743500411818 -0.176436541229598 0.0111798503329749 -0.217579097235458
-0.30323853690491 -0.034223059300013 0.00820820652231227 -0.0569495935734878
-0.264905989915354 0.0945550150079097 0.113678230479294 -0.05809669482005
-0.183219733364171 0.167594226691791 0.172855616240723 -0.137244001606153
-0.144152704298004 0.173504467924675 0.16611455607978 -0.180733191924842
-0.119646738175952 0.157386832516349 0.178430975887537 -0.158182433303316
-0.151356764286508 0.12905122787541 0.197032440478152 -0.106271605076938
-0.188989263634476 0.0627063820169252 0.200659730033406 -0.0128829733776128
-0.201517900407877 -0.00403312652149947 0.103935567426539 0.105199879763181
-0.161012173911836 -0.130321938248143 -0.0360465374207856 0.118973619900339
-0.0392484692099139 -0.223390533892691 -0.148051758247907 0.0369982575226077
0.0228123521317282 -0.232152116956695 -0.0400319620776828 -0.157701805300234
0.0854115032553738 -0.342498778582385 -0.0127551880253367 -0.138333247894606
-0.0366756408517542 -0.398134936438657 0.227750277333449 0.121917562239988
-0.172982692761411 -0.296984977290507 0.29227449444311 -0.219770009366724
-0.28709080094887 -0.179117987036196 -0.0248821062803329 -0.254111495534355
-0.353676544538647 -0.0460291096963199 -0.0835915261750224 -0.0672988492643656
-0.329059984365077 0.108629424180745 0.00873135131654466 -0.019021903997692
-0.241860857783929 0.210371726538926 0.081878226202346 -0.0641021826198114
-0.207073089431284 0.225342152462656 0.0999126987746299 -0.0979577691709805
-0.184925793828045 0.212401051076624 0.125838732721342 -0.0872536584618916
-0.234752950966089 0.179816276233079 0.160915376806838 -0.0653556993525734
-0.281049471953506 0.0792966803027802 0.178251260412363 0.00215154706540442
-0.27864610169291 -0.0120094428286137 0.102568261843276 0.11697434899329
-0.240884690169788 -0.155095027162554 -0.0416106486325805 0.138229048941025
-0.112711060250934 -0.301522595882459 -0.154202352851461 0.06178707965588
-0.00904259577618986 -0.349619430634408 -0.0503459048333341 -0.0734305485322259
0.0743921974998559 -0.375904279926215 -0.0324690794149097 0.000407600425489424
-0.0815686814204709 -0.384341196457944 0.252288189401818 0.174775810390257
-0.189744590793809 -0.231988666737285 0.260943568788529 -0.220706043204458
-0.245837104884414 -0.133270241398234 -0.067762961363893 -0.25908192005647
-0.32613987958842 -0.0427673204052208 -0.1644753283486 -0.0638019201790936
-0.325070325636015 0.107670831807653 -0.0942369585372465 0.0219537303197814
-0.255837758571597 0.221604688265072 -0.0194658061352228 0.0129156798799147
-0.239394102982203 0.244427177214782 0.0173702504627501 -0.00187684286711486
-0.229130174737268 0.237394870793917 0.0538932545833589 0.00336053115375962
-0.296098653508305 0.203738133182621 0.10006748704332 0.00149936891343786
-0.346029529402555 0.0755781023835125 0.125990951200324 0.0374953368134089
-0.325112841021055 -0.0301160800634366 0.080161584520443 0.136317810792374
-0.291993927362319 -0.172582087949092 -0.0561003732538671 0.161476912728504
-0.171456768931415 -0.355824726931 -0.156887954438667 0.0932223221535998
-0.0320406533943222 -0.430639173790247 -0.0531099244864363 0.0320332639712924
0.0390961106229007 -0.346448202046954 -0.0425672617521101 0.1224922755607
-0.117652303168004 -0.289904583317356 0.260567742594153 0.175238358152298
-0.159993759294369 -0.119157212813732 0.196983831328785 -0.207081632351015
-0.15364495258875 -0.0735200961273792 -0.0979943219023257 -0.227771948021456
-0.241109362513145 -0.0370302846552092 -0.208795238667783 -0.0485836499379549
-0.266593280118538 0.0903862217997657 -0.169217396266335 0.0589280723654648
-0.228747021674231 0.199813432133674 -0.110426569159739 0.0857900487701318
-0.23479537487696 0.227496161224296 -0.0677756735964175 0.0952588025558637
-0.243023922866405 0.22515836809089 -0.0306003017801847 0.0984959070302286
-0.312221970650311 0.181412376450397 0.0146838722574134 0.0771643527349289
-0.346426150528604 0.0385324206460603 0.0445631304726013 0.0790281720690741
-0.304129798858744 -0.0600878352316356 0.0334970041715533 0.15141490292841
-0.285331899034876 -0.1688251065428 -0.0794567442430222 0.179318623126028
-0.192105523902325 -0.366114828301709 -0.156742538181429 0.125943832550333
-0.0396402990715945 -0.450997130206167 -0.0536860101791499 0.146684763378031
-0.00398135540624316 -0.270742549278558 -0.0359515263900152 0.209566972067012
-0.128935634132316 -0.164411907031974 0.248789457525864 0.138288044943875
-0.100827130833935 -0.015090076209755 0.126369160580569 -0.177371824361209
-0.0535355964890492 -0.0340962373763293 -0.103138338020803 -0.178839966693625
-0.145503224494898 -0.0369043157821525 -0.217678648025304 -0.0310946548935717
-0.183890399678984 0.0613415734966577 -0.211129205916428 0.0875193111840641
-0.173946222259825 0.152095264889767 -0.176634299617659 0.147965412727911
-0.195153723426174 0.176506858693593 -0.141685150830015 0.180647174551313
-0.213880975514735 0.172481316289155 -0.116900626100023 0.17908192195707
-0.268531345443088 0.11727405720127 -0.0816074162743208 0.138182086198521
-0.2687487114845 -0.0137371949000391 -0.0453304930889548 0.104680138516247
-0.208988260910621 -0.0735929642099016 -0.0191829156904557 0.15431770303404
-0.223219979014983 -0.127920595894643 -0.110103148034364 0.187505687655956
-0.173619483789849 -0.318654996480243 -0.167324810183829 0.149306339741492
-0.030326179962754 -0.397921353864433 -0.0573234695193693 0.250434166143405
-0.0357763163321527 -0.168743090257126 -0.0170829726433977 0.258340042794802
-0.113677835954441 -0.0488028264468978 0.226780000362714 0.0919827033544612
-0.0371511719816386 0.0467601160034734 0.0754637662008008 -0.143185497333008
0.021441073140425 -0.0179497484356032 -0.0914159844630033 -0.142008564014
-0.0611236535978104 -0.0408812812652548 -0.210006919429647 -0.0204462461750828
-0.0983295060081974 0.0237732481550347 -0.230150502944157 0.105155772170666
-0.104804880276595 0.0831892093497622 -0.214967531722472 0.191559555620009
-0.123757869008347 0.0979523320257807 -0.194474167705278 0.237426169802683
-0.141480384542279 0.0898879004260192 -0.188292885950481 0.228542383412051
-0.162281860239318 0.0368264447959616 -0.164223543698879 0.166464644300008
-0.127189722422686 -0.0457383001225744 -0.116157391875831 0.105814137663344
-0.0729447520405876 -0.0397385803679427 -0.0583912153560618 0.146598063288398
-0.139514617592821 -0.0407370212273073 -0.145354014970045 0.188880866124009
-0.130759450570918 -0.207778771733247 -0.193503402565112 0.14772794672038
-0.0206104890787485 -0.27066742447883 -0.0667808975201856 0.317569625517098
0.035595255813983 0.0738975674506129 0.00919258794578389 -0.336175163114502
0.0954444795113524 0.000828335997999098 0.147344602232014 -0.112669017353885
0.0353248701119433 -0.0702096556155529 0.179194361314188 -0.207530802297432
-0.0626322329836358 -0.0320632716530035 0.0310842049183285 -0.139794007977283
-0.0344670682452303 0.0299424672544355 0.108260648357176 -0.0547367113751872
0.00343961759142691 0.0226504988183875 0.202776865036695 -0.126896876637397
0.0208375315370227 0.00311130626688771 0.226186877177016 -0.231242823619416
0.0318835248571707 -0.000302429868377778 0.201495864228092 -0.257977500712657
0.0381979711608628 0.00721221919929039 0.209829393976069 -0.214335987985045
0.0254310046145137 0.0245462947689201 0.208428962333989 -0.125445864738067
-0.0115258334816847 0.0429847277455918 0.195296520515333 -0.0136120246657764
-0.07312805073421 0.0180910661810649 0.0968532413343928 0.095413859227596
-0.0270965271295756 -0.0754865294723077 -0.0246795888464643 0.113079746555659
0.0674745064766611 -0.0481553197604444 -0.139725905953726 0.00559969800204637
0.0579651961644155 0.0384529477332787 -0.0121256937654796 -0.243536856478466
0.047053810463577 -0.092439002679557 0.00857916530873161 -0.325409185248677
0.0457082428449295 -0.162302915522538 0.170403706936463 -0.0526669925888456
-0.0428731315975365 -0.180103253194697 0.230198232048958 -0.215028797357699
-0.170444923603788 -0.110747067418668 0.0252526709477384 -0.167773170307977
-0.182383852864987 0.00247058152984405 0.0778281014785997 -0.0493020204340403
-0.138964530841915 0.0693021866852409 0.181632239267526 -0.0970628435227646
-0.0831809734749165 0.0949650958091561 0.218340397534093 -0.1987104177431
-0.0572064441396932 0.0933310830101396 0.194371148364479 -0.237169406156558
-0.0392335341563398 0.0838968422919949 0.200525218750735 -0.202947979743709
-0.058907598328647 0.0734582876714938 0.205453871931687 -0.127362820413565
-0.0919547858516398 0.0493663497441778 0.198472232354761 -0.0199403071402101
-0.125688733715833 0.00845339645975833 0.0990371826692698 0.0937403257435621
-0.0860369460418586 -0.0992273632887825 -0.026255185765244 0.109343696119928
0.0210690602091469 -0.134374077525919 -0.135250384994454 0.0247599272781384
0.0458175347909209 -0.0949563960432555 -0.0305183621480948 -0.210080853605737
0.0666565034634288 -0.239194896237228 0.00140309309340795 -0.251135779386585
-0.000109101246426769 -0.309551630705784 0.1978164103024 0.0292147292107787
-0.117681925077173 -0.266204310887386 0.268150873316283 -0.222786963911913
-0.252381214488962 -0.166088656225453 0.00349804307759489 -0.209762409849067
-0.297367041221286 -0.0255151453925732 0.00748911361967159 -0.0558270972524422
-0.256707390447822 0.0993455086808888 0.109849378028141 -0.0610973665597185
-0.174655571277431 0.16817223415612 0.163723165915166 -0.14081036094108
-0.136610399519946 0.172286047268244 0.155280041980737 -0.181553073606128
-0.112391153799811 0.156476712478763 0.170873799916831 -0.160945624593354
-0.14396090709034 0.130555035766536 0.190104667713253 -0.111550961718402
-0.184102136039668 0.0670001349491041 0.196000065321018 -0.0206626510729633
-0.19592070114269 0.00289701244725399 0.106739244609502 0.0977572871040162
-0.1599482213888 -0.121868815931323 -0.0283059849914281 0.119374817606499
-0.0451517012982973 -0.217615810493473 -0.141246450175794 0.0429772181823093
0.0170991117183955 -0.225358688443305 -0.0452137949034802 -0.153896416900377
0.0765335674997205 -0.336166137148465 -0.0155197074446753 -0.131359865663037
-0.0457769267846581 -0.388469593001601 0.226662597687289 0.110423185726918
-0.174023285595276 -0.285084201715437 0.276739856210915 -0.229208255847631
-0.283967928218565 -0.169679638824071 -0.0327585194567718 -0.245317435081417
-0.347695969325586 -0.0354710034820179 -0.0826474398709463 -0.0639021597616501
-0.320022436042205 0.115769607069413 0.00781122848671098 -0.0200550191733155
-0.229908128115485 0.212732348295617 0.0772299959382748 -0.0670345714514879
-0.196443323170142 0.225361368865025 0.093035506486765 -0.0993722636778056
-0.174849816086195 0.212454545023463 0.121719114938497 -0.0907210721881568
-0.224081138026736 0.183989543636961 0.155489827509412 -0.0704255513030932
-0.274172918549116 0.0871043603555678 0.174342498370055 -0.00571727769724062
-0.272586718088439 -0.00397917375371925 0.10594541251419 0.109834800575835
-0.23773304468595 -0.144837801066022 -0.0338127300816911 0.138734348042831
-0.118357365749458 -0.29201126235216 -0.148227455850741 0.0676629738088927
-0.0175839339823536 -0.338406555601586 -0.0529654233495311 -0.0723611475876245
0.0650378520494861 -0.366039564143314 -0.0319505107980334 0.00414562248466398
-0.0906155176727509 -0.372542440168451 0.251571486014361 0.160113370976071
-0.187682770727986 -0.220810547616091 0.246310693186424 -0.228417923103233
-0.242371858342469 -0.125966857215045 -0.0753875982610163 -0.250714905377436
-0.319781478950027 -0.0323649454530043 -0.162934745031085 -0.0593426111798389
-0.315738496204259 0.115819088302717 -0.0920987241891993 0.0229638441428219
-0.243283518807192 0.223791682631459 -0.0198404723697204 0.0105215294476528
-0.226185696546014 0.246274966995928 0.0144794849933858 -0.00325185199648226
-0.217565943202629 0.240308163927147 0.0540186714761047 0.000382014413272216
-0.282965399138653 0.208533177209454 0.0975379090314642 -0.00278975237540831
-0.337671244425349 0.0861320719406096 0.124273228207345 0.0307876113701642
-0.319067016725577 -0.0218638757264417 0.0831061202193249 0.128714776678004
-0.287234697361924 -0.161000775158075 -0.0474803076650968 0.160890789177108
-0.175763265966657 -0.342819225241949 -0.151037390526534 0.0986977301485544
-0.0431375489431608 -0.416183395653325 -0.0531451706272008 0.0291242228467181
0.0282707393266721 -0.336091478438518 -0.0390441371769511 0.122630612210263
-0.121286868317295 -0.278164632074217 0.259161712996063 0.160065436220861
-0.155273502632024 -0.110911959391139 0.183672878989155 -0.212229106428217
-0.150677390428102 -0.0704514053711212 -0.104090854962998 -0.218491745386761
-0.238220143838752 -0.0280811724888797 -0.206035278836827 -0.0424499093357722
-0.258464471821687 0.0970590003548758 -0.165270406163161 0.0621734512759905
-0.216805625139195 0.202371183613566 -0.1053149642184 0.0851791789243072
-0.221999400842195 0.23107008180182 -0.065572421317577 0.0944369567508021
-0.229948110278163 0.228930099189664 -0.0263977081363368 0.095859735272885
-0.299159689535198 0.189226628871593 0.0159315692579302 0.0738513878790579
-0.340217654570756 0.0488237463897411 0.0460634372598944 0.0746770674315164
-0.300232400506667 -0.0530877936128378 0.0379993279275779 0.146419986710514
-0.279693981760336 -0.158113472577823 -0.0713781638708283 0.179434321884585
-0.196430369170795 -0.352204260132869 -0.152169006945376 0.130630967921167
-0.049988758924109 -0.435896783480693 -0.0511657823997547 0.140398381727839
-0.011485747700435 -0.261388142520977 -0.0302704667822047 0.205686557610889
-0.129336697327948 -0.154190222508458 0.246200309074554 0.123868891688166
-0.0949499570855143 -0.0114919341427957 0.114762230663247 -0.180155664809242
-0.0526184148426126 -0.0338585579512158 -0.107295925114009 -0.171748291948701
-0.144582821445771 -0.0302627279510946 -0.213675882016311 -0.0239997268714846
-0.17824326042011 0.0661467008710958 -0.204473381777155 0.0913133841148774
-0.164047243999182 0.153708701883698 -0.168190061607956 0.14812248489755
-0.183298354520272 0.179709140450115 -0.135289778073347 0.179629010895624
-0.202365139259692 0.176254575703443 -0.108603660465345 0.177937369481176
-0.259113487028426 0.125005729426723 -0.0759950113292447 0.136169111739133
-0.26611960992759 -0.00532020917651765 -0.0425714804855368 0.104024238554074
-0.207655206938024 -0.0691484291190105 -0.0140369935862645 0.148901309450004
-0.217740439452971 -0.119984253038303 -0.102601471378389 0.188177823782534
-0.176800578527994 -0.306118420639196 -0.162098935120647 0.153502708495048
-0.0412609438037712 -0.38423456949899 -0.0524831344730054 0.240618757214091
-0.0409070707808918 -0.161410479365104 -0.00964570901765732 0.251939076739084
-0.111340102279178 -0.042043411609321 0.223557569082561 0.0791289798045144
-0.0326136973217205 0.0473805222398165 0.0660292398608258 -0.144334969301151
0.0197591801357674 -0.0202247237213393 -0.095221558524554 -0.135165953082037
-0.0624294860306408 -0.0359796311178695 -0.206744735345878 -0.0126757472124624
-0.0953830695597938 0.0276961492306262 -0.222272084481373 0.110387923359676
-0.0980211729732289 0.0847705671503496 -0.204006620322633 0.192513379683841
-0.115641498888273 0.100923321844947 -0.183782320573596 0.236692377298204
-0.133785238767356 0.0947124910535277 -0.176387932910939 0.228994490972716
-0.157982533972047 0.0428190483015395 -0.155819074965004 0.166508045298636
-0.12808783087715 -0.0410310528161873 -0.111410633188284 0.106558920912636
-0.0730855164512482 -0.040034227392355 -0.0527582680586919 0.142747007116723
-0.133486013738066 -0.0359094722059937 -0.137217234339613 0.189532265104983
-0.132839774064464 -0.198068780441762 -0.187970426064278 0.152801895468841
-0.0276113952894413 -0.26252414789589 -0.0597061206081894 0.30673832288757
0.0373461219108294 0.0702679112460473 0.00820288602666048 -0.323427790541546
0.0919272985312613 -0.00359262171408766 0.14518281459125 -0.114848258516258
0.0326932838200303 -0.0688777768942352 0.169733981109776 -0.20783393401187
-0.060913245429047 -0.0279315051410984 0.0280529412361301 -0.133796469366972
-0.0308082259028346 0.0295375517015725 0.107308376648925 -0.0541370281425283
0.00405842472899248 0.0200623868579634 0.196102842941376 -0.127371871601845
0.0194964205970801 0.00191048910338585 0.214551199210615 -0.228811522238958
0.0295459456593804 -0.00260829255100724 0.192218521314546 -0.253260812114145
0.0364936816628986 0.0040990895307752 0.201783113670743 -0.213071716964515
0.0254004569872922 0.021784872654768 0.200838593588262 -0.12639476607151
-0.00980413858527563 0.0419439005695408 0.18939809854597 -0.019180620622573
-0.0696188016974692 0.0208686072417891 0.0972606950782327 0.0901676703439424
-0.0293612429640375 -0.072495303736288 -0.019213413113992 0.111147321327287
0.0635257537825965 -0.0487642598964747 -0.13322100776745 0.00941720148104154
0.0579337215738903 0.0360326543964882 -0.0175562637098596 -0.2356388606299
0.0465230813898475 -0.0904557022498399 0.00647455042538386 -0.313143004479426
0.0424786626765777 -0.161894502384024 0.168543389671267 -0.0568179722883107
-0.0440823194784661 -0.175989376801041 0.218915060410833 -0.217414495008582
-0.166945125464719 -0.104993646725772 0.0216644808086934 -0.159958717994067
-0.176561775568095 0.00538151284013523 0.0770281790615208 -0.0479931177798337
-0.133761912941786 0.0687494157337558 0.175654033743076 -0.0985727920867979
-0.0810903678057164 0.0928991859163354 0.208199390455794 -0.19818241190652
-0.0557038204431942 0.0903536671860832 0.184260198600376 -0.233931364409592
-0.037070795932157 0.0804259836283113 0.19268604553175 -0.201556023133474
-0.0556992079162435 0.0710402367664019 0.197651641666814 -0.128130586050631
-0.0889321006807214 0.0496974466450134 0.193175850763695 -0.0249939224123341
-0.121140828894436 0.0115086568784596 0.099824095961335 0.0885647303717971
-0.084869368540725 -0.0939335861989279 -0.0205791514720797 0.107721425448777
0.0172914368027971 -0.131645701243117 -0.12869555441506 0.0281302283031608
0.0440121013303494 -0.092228005871568 -0.0342003402550647 -0.20450804864866
0.0635157464493099 -0.233784011233033 -0.00085690428982196 -0.241300358496143
-0.00316465078965474 -0.302882851339433 0.196132742173279 0.0224622450521044
-0.115725086697654 -0.258107567389803 0.254952810266207 -0.226334289808407
-0.247023018484163 -0.158974964903566 -0.000282181851333627 -0.201650400417659
-0.28956024679182 -0.0209338242470137 0.00804035237678559 -0.0547805440551291
-0.248822685070397 0.100556411197433 0.105529099457345 -0.0619577867193628
-0.167973286886759 0.166312233150255 0.156106902293583 -0.141799649780895
-0.131427455252299 0.168711116228244 0.14764608670406 -0.179660209114025
-0.107022896565378 0.153179839209476 0.164601024053217 -0.16177525390545
-0.138304691314237 0.129004106285362 0.182144919636324 -0.113133650160177
-0.178550483476826 0.0692964006820632 0.191573444770337 -0.0256774849900658
-0.189847854970708 0.00610042285564507 0.107818552252412 0.0921800781550947
-0.156690428793954 -0.11564362602303 -0.0225137297710561 0.117562183555294
-0.0476421556376002 -0.211772291022263 -0.135113086505423 0.0462579947717755
0.0143848743049295 -0.217063715150521 -0.0477044613779085 -0.150290941994457
0.0709620639491879 -0.326362213159115 -0.0159387268755552 -0.123664183036921
-0.0494822224649809 -0.379007374079613 0.224058719484033 0.102095411464157
-0.168673429603108 -0.275652667249516 0.26316758003482 -0.232488498562175
-0.27751558947099 -0.16348022959091 -0.036689570892119 -0.235767362842174
-0.340415611362699 -0.0294228925823446 -0.0815631902275498 -0.0622216319400558
-0.310049462888125 0.118382381598243 0.00633657064591196 -0.0203853229408799
-0.221573646100412 0.210063796956351 0.0735209940414812 -0.0686127410127155
-0.187575792574923 0.222850196610558 0.087029377510313 -0.0996395484992538
-0.166581095878972 0.210112892481555 0.11798104955701 -0.0916575714575257
-0.215020199757897 0.182950513727308 0.150310508169029 -0.0729200343514613
-0.266741081184633 0.0902219431763437 0.170856673047086 -0.0105333433539483
-0.264874160658731 0.00039795962686179 0.106851845448473 0.103475649857794
-0.231745990328816 -0.137808224125762 -0.0276050702580325 0.136964182714062
-0.119530390377765 -0.283016696916107 -0.142814559987375 0.0711164837344129
-0.0206980370018809 -0.325598598271422 -0.0548814694955105 -0.0723259484901384
0.0580430843287316 -0.355835359684096 -0.0309869979594475 0.00757978531559766
-0.0916350140325149 -0.360347390417916 0.248657828138865 0.149651869651777
-0.1811145568546 -0.212116224972252 0.232021999020126 -0.231172198712475
-0.236685309549741 -0.121690954616156 -0.0792540609769639 -0.240398694415873
-0.31335078957817 -0.0257371113824004 -0.160286901993354 -0.0558199609073187
-0.306637101077187 0.118579430352547 -0.0911610667648134 0.0232861018444179
-0.233618409665029 0.221857533002316 -0.02030378284081 0.00801079360137842
-0.21615479642711 0.243460963138977 0.0117485834246011 -0.00404302823359524
-0.207003126036071 0.239065135381569 0.0531099111891014 -0.00204391606735584
-0.272665277172277 0.209294977472664 0.094134287180445 -0.00604367671364274
-0.330110331692019 0.0910365750012602 0.122110362294573 0.0262001631514809
-0.311684169925867 -0.0177105669296916 0.0851283098064489 0.122389644739498
-0.279153547174162 -0.153478184858306 -0.0414564054258892 0.160040757747008
-0.175702305971746 -0.331684415497268 -0.146862672318104 0.101572568348149
-0.0443979404861285 -0.401911165838106 -0.0548522859407245 0.0254407526222917
0.0235723226400531 -0.324969919440122 -0.0371290635857912 0.122001472038317
-0.120950528372308 -0.266373463175745 0.254283749500127 0.148301858434462
-0.147721281508343 -0.104465134539249 0.170822340966783 -0.213603355300892
-0.146747797951048 -0.0693543259498584 -0.107013101913526 -0.210548850529913
-0.234074085953337 -0.0221136857247825 -0.202225395717201 -0.0382656984503961
-0.251061654425964 0.100292926850601 -0.160768226534285 0.0623461318387883
-0.207835458727686 0.200427854827208 -0.102346095087128 0.0815945489255144
-0.211740082668818 0.229052223631038 -0.0644675621887612 0.0928150997718166
-0.2192733792629 0.227752933103201 -0.0239732295984307 0.0926235845666896
-0.289155382749398 0.190368475846702 0.0161525907582949 0.0706358935774009
-0.333171591181344 0.0536541234871455 0.0456006832474951 0.0716502272051288
-0.294246712387221 -0.0490055568154861 0.0402692900675774 0.13946528893806
-0.271374586060737 -0.151599084221374 -0.0661882033943702 0.177944358317502
-0.194719407523627 -0.340061151501545 -0.14912324324003 0.132336356007384
-0.0534636018995736 -0.421289108320072 -0.0514307332098284 0.132893892947318
-0.0151059417014028 -0.250895167406766 -0.0278873601424135 0.200926025097358
-0.127183738294628 -0.145719494872114 0.241037943271787 0.111894460675788
-0.0885268685745595 -0.00823262377863068 0.10520600881698 -0.180446170790455
-0.0520981536687651 -0.0347624973929916 -0.109148081347258 -0.164770631148354
-0.142256229372214 -0.0261797316806712 -0.209728554928051 -0.0195197806192733
-0.172634075927707 0.0694200192721896 -0.19866505785317 0.09252223058049
-0.155928261466791 0.152386207876334 -0.161970587133521 0.144649165529287
-0.174387300975062 0.17914671599542 -0.130703407671093 0.176320617463575
-0.193761271827771 0.177002773519196 -0.103483504148218 0.174855648952315
-0.250265537701908 0.127781530195653 -0.0719693062137088 0.132969831560848
-0.262125162277358 -0.000784789069007179 -0.0399723020754904 0.100196031844397
-0.20482453573365 -0.06671751130657 -0.0101532153567884 0.143873843270133
-0.209504144690969 -0.115010478014081 -0.0972539481924843 0.186753860072851
-0.175523022163767 -0.294323206454667 -0.159255584209001 0.155459698271484
-0.0454990138121491 -0.37164671654982 -0.0506627455453667 0.230228053222896
-0.0434025530763831 -0.154300353049107 -0.00631430607418628 0.245257632181566
-0.107606374109041 -0.037292646283178 0.218288819906919 0.0688562995053565
-0.028612076002074 0.046652293137574 0.0592456903387429 -0.14370614312615
0.0180694625177317 -0.021919563921871 -0.0968201119337538 -0.130034869604532
-0.0630262651778299 -0.0328180196246868 -0.20285854831874 -0.00834478647616601
-0.092883495531123 0.0298529267433763 -0.214741130598987 0.110583566777254
-0.0932159875438441 0.0845310997754018 -0.196078881537542 0.188711838620204
-0.108508314073554 0.101273264041203 -0.176780773893837 0.233383624315686
-0.126984575278117 0.0958649308317893 -0.167780811148066 0.225837006385623
-0.153629749973846 0.0470779487373889 -0.148407106615223 0.164458330819896
-0.128382043814377 -0.03788315751683 -0.107599268404677 0.105448334964207
-0.0733407599000054 -0.0407679255914597 -0.0497541731756326 0.137294859529338
-0.126483505668026 -0.0333703532181986 -0.131710131084169 0.188268766168853
-0.131503836047529 -0.189903440848492 -0.183906791526127 0.15533177730243
-0.0316911681045605 -0.252758929547171 -0.0558503457480301 0.294257758267316
0.0386235816153863 0.0675430651784098 0.0106943351301464 -0.314320843834327
0.0890190693829183 -0.0064793804313332 0.146077438570858 -0.116165199560928
0.0307840195147832 -0.0683375194113136 0.16468586583655 -0.207274702708716
-0.0586404032251286 -0.0249739778105549 0.0284385315092034 -0.127726759417202
-0.0286635745644812 0.0285736642010531 0.107875849432553 -0.0525845650126703
0.00474297858650947 0.0189388315395831 0.193436935395066 -0.12671474429857
0.0186311711517674 0.000987708573629786 0.209008891752901 -0.22520130200901
0.0271145007095214 -0.00398014506831239 0.188468803268679 -0.24935948910607
0.0351854808497795 0.0014793302240085 0.198462350246378 -0.21010582572898
0.0250997013462312 0.0192151550877084 0.197130635872317 -0.125589491529731
-0.00909199863462136 0.0404781253624887 0.186293146692657 -0.0207474428013624
-0.066614431454635 0.022266857539655 0.0968528175859581 0.0866222794613211
-0.0299301086660199 -0.0704750273368684 -0.0157356216621684 0.109468001123544
0.061297554175233 -0.0495025087609621 -0.127899991489331 0.0104931259838951
0.0574969106140292 0.0351455345920609 -0.0188658143195099 -0.230933322977042
0.0480683556604866 -0.0897515446037405 0.0098315877036151 -0.303319304675894
0.0408066462526795 -0.161754674501779 0.16893278480914 -0.0584593621464761
-0.0422317211395199 -0.173609054729616 0.212699742017467 -0.218216411111375
-0.163245200046313 -0.102077437886122 0.0212522033455796 -0.154339168428079
-0.171870831207764 0.00482369930328302 0.0775526406402214 -0.0469759848265743
-0.131456384518909 0.0673250587164472 0.173010027773276 -0.0975656434548827
-0.0794107511138105 0.0911001792481585 0.20292858243439 -0.196575559752309
-0.0552356560233339 0.0877209557513994 0.180521011044418 -0.230272615312045
-0.0373703972225576 0.0778056116279232 0.189751754909557 -0.200425508576011
-0.054929470042603 0.0686564222918946 0.193666526866836 -0.127313993366644
-0.0865461531793176 0.0493140743837614 0.189742673858492 -0.0261354651126239
-0.117313621456486 0.0128314184923734 0.0993353254928962 0.0851606943619182
-0.083759446009951 -0.0911538486436523 -0.0165214134397684 0.10693718460517
0.0161524964178408 -0.129728360670237 -0.123896498363876 0.0288743154628791
0.0440850201665694 -0.0888944656966858 -0.0359531940966834 -0.200376625710476
0.0642607968198666 -0.228952078727614 0.00143061676409576 -0.232507176191562
-0.0042194612548341 -0.298740792985318 0.194892295662982 0.0190602003965548
-0.111505254241312 -0.254539194389386 0.247372007592789 -0.227894725828353
-0.241448745129671 -0.157379312259132 -0.000713382162616188 -0.194246924848397
-0.285095637957946 -0.0203049032324382 0.00845453627834879 -0.0538450550891547
-0.2448630656037 0.0994841624016958 0.103714352828784 -0.0613915834948909
-0.165530773199691 0.163027502015154 0.152543075715384 -0.141932467896148
-0.12979395053204 0.166200167273593 0.143457723018201 -0.177356745967348
-0.105301833029609 0.149719864226004 0.162072904955745 -0.160708775118821
-0.135971393748365 0.126828261853001 0.179366090542225 -0.112683588726162
-0.175222097667014 0.0695910675426734 0.187858462881247 -0.027819277300641
-0.184628525948909 0.00756758646538257 0.107659478830309 0.0884766244734247
-0.152962399104593 -0.113028245080785 -0.0190483191807236 0.116388944567864
-0.0476651429715862 -0.20783668517707 -0.130902464440191 0.047345302084477
0.0148233603003969 -0.210719747666998 -0.0490894302786827 -0.148912333975571
0.0717450285829477 -0.32045920494998 -0.0148335539075779 -0.117499913747202
-0.048670331694407 -0.372643045912788 0.222219121216907 0.0976984910064426
-0.162001114415779 -0.270943073918765 0.254475185342267 -0.23401728568038
-0.271724464687209 -0.162110754363518 -0.0371719515955496 -0.228490055307185
-0.33557335273909 -0.0287747990143615 -0.0800656652904102 -0.0610611598603848
-0.305976087345474 0.117208384735869 0.00611704611288579 -0.0207965448031729
-0.218071818715532 0.207158806956531 0.0713239159600957 -0.0700847083642559
-0.184333717312499 0.219629378245192 0.0837904029133145 -0.0980360808007389
-0.16324854877071 0.207241682493442 0.116727577890355 -0.0922615437915943
-0.211591043842526 0.181245878196615 0.147018914032556 -0.073249856063761
-0.263605946245199 0.0908540957292753 0.168479597990273 -0.0130751649561398
-0.259631703450892 0.000359891476787629 0.10667614929204 0.0993466390380231
-0.225895112135778 -0.134873988249791 -0.0249466436855375 0.135280623233924
-0.117261777308175 -0.277645965398473 -0.139743609274253 0.071715236718036
-0.0189405004769153 -0.316906811163608 -0.0563130455753569 -0.0727513048251825
0.0583396849364214 -0.347964691068589 -0.0304305991973665 0.0109324831402372
-0.0895255499804234 -0.351115906341423 0.244238651703447 0.144143711266433
-0.173265938952092 -0.207682464669288 0.223119612909869 -0.232156817480895
-0.232281574808829 -0.121780007225608 -0.0802999128971222 -0.232956737926085
-0.308996143980041 -0.0238836830180307 -0.158107188651514 -0.055198671583607
-0.301706064789288 0.117898198088442 -0.0904779388375979 0.0224685851057738
-0.228873204770277 0.21859345909167 -0.0207562619021667 0.0059368090848642
-0.211631124712389 0.240228165575019 0.00996303569138142 -0.00450333850467966
-0.202659201253276 0.235664256541833 0.0527961568960421 -0.00372466004646206
-0.267564598324314 0.206994466361838 0.0925283074339487 -0.00802560480893315
-0.325175677263415 0.0907027424284877 0.120763794349547 0.0237522033987584
-0.307492152739188 -0.0182592895353185 0.08453307129015 0.118354578724789
-0.271827888484883 -0.152358156220692 -0.0383355447224473 0.158906500453634
-0.172206020891294 -0.325903516738281 -0.145216153902322 0.102764976849746
-0.0433689193187205 -0.389975291912978 -0.0567500618511814 0.0226952508715916
0.0237155033815637 -0.315998136002596 -0.0357865508778805 0.122020552021692
-0.118832951936854 -0.258940125675691 0.24971139627874 0.142653652938505
-0.139533013972817 -0.101805000509393 0.162658615132732 -0.212919394845668
-0.143336019426116 -0.0703182931630335 -0.10739470356337 -0.204307018747111
-0.231406977576016 -0.0204710942989431 -0.199686260046968 -0.037671384829336
-0.247375332718552 0.100068371593841 -0.159115336030869 0.0620050892994043
-0.202867278049759 0.198241439049905 -0.101947221740665 0.0793172601614251
-0.206988757578292 0.22617003071577 -0.0654677590312035 0.090584083771075
-0.214132921027379 0.225988028987327 -0.0235328444569712 0.0902241998556695
-0.283991508047237 0.189244414266117 0.015815036020318 0.0680601007475039
-0.329728571131439 0.0548485806842132 0.0452977097082311 0.0685178162208901
-0.291061280459661 -0.0496597103831769 0.0410096618480931 0.135845892352028
-0.262842585023465 -0.150990955113795 -0.0629394917639934 0.177164209817049
-0.190756038861465 -0.335130491504064 -0.148849288953679 0.134400055731064
-0.0507676845878475 -0.410117142926177 -0.0539984141160982 0.126528345646553
-0.01539487141378 -0.24360459415541 -0.026875493586424 0.198489710226036
-0.123780582305022 -0.139009615783111 0.236022579514648 0.106439054402976
-0.0824278642686824 -0.00746627989004116 0.0987274505789584 -0.178896663329549
-0.0509106548149791 -0.0361861230026391 -0.109998194951788 -0.159568699251354
-0.141393249095551 -0.023810414373036 -0.20684166609509 -0.0185306136521758
-0.169719051295295 0.06979843730765 -0.196263421046505 0.0922038634234574
-0.152101343192926 0.150859984983422 -0.160166034354316 0.140472557161954
-0.169962718270486 0.177884527471368 -0.130335499476445 0.173509733925856
-0.188712807015082 0.175616124401667 -0.100774636185632 0.171264038850862
-0.245519437176226 0.128362225919802 -0.0712872643616703 0.129817459440828
-0.25988814831059 0.000314968826465797 -0.0395042252815581 0.0982988833381814
-0.20274273643409 -0.0685978381282008 -0.0108477124714533 0.138873771180589
-0.201761905482034 -0.114232558199874 -0.0951366896858786 0.18611591660497
-0.170880765526417 -0.28786960423458 -0.159085699581537 0.156738370892623
-0.0441070182594424 -0.3608290918453 -0.0532852924999598 0.222552662577954
-0.0438209156197468 -0.148612929492521 -0.00626127349257431 0.238906001676183
-0.104658538233653 -0.0339221184119472 0.212523416445423 0.0635657138307945
-0.0248207119959211 0.0460216699507481 0.0535561972763 -0.142333742552477
0.016124952333123 -0.0230761824442861 -0.0980949781678032 -0.126096082461269
-0.0636162070802821 -0.0302175907946199 -0.199251190043398 -0.00694520289731432
-0.0908564861468706 0.0315043251363402 -0.210649802763316 0.110758239670292
-0.0904683755963101 0.0840918608476852 -0.192372691038102 0.18461045303759
-0.105301148618972 0.101183793233342 -0.174109707750787 0.228618567240708
-0.122790858583403 0.0961130869948309 -0.164235337446966 0.221425044893703
-0.150396072598825 0.0485898413691626 -0.146642949131698 0.16189778315644
-0.128091405345594 -0.0370925055133756 -0.106128668963947 0.103318823945134
-0.0725829707430376 -0.043024138705866 -0.0493448594488765 0.132440566910575
-0.119979229391768 -0.0334267656786173 -0.130116815517108 0.187378049583623
-0.129453487691171 -0.184812919700804 -0.183347598094352 0.156874793083148
-0.0328144575519788 -0.246965510001974 -0.0582798264879281 0.284517927581624
0.0401137786066 0.0665848942130881 0.0156302466161879 -0.311059129867871
0.0874686840720589 -0.00858090039142255 0.150330814025987 -0.118950001287632
0.0297663522430752 -0.0686537983583886 0.164203021633332 -0.210294568041358
-0.0569868796519126 -0.0239180183090944 0.0297982019903703 -0.124853955152434
-0.0263731769534149 0.0280031276637989 0.11065839854461 -0.0510464707355913
0.00569346466757605 0.0176187121858276 0.194530658041696 -0.126467531013325
0.0184837067182517 0.000566942203536627 0.208071173140932 -0.224841789722135
0.0260918593595166 -0.00559501171921829 0.189389518484539 -0.248043235252788
0.0341937916030992 -0.00065378869546151 0.20025234749463 -0.210435244648602
0.0250570254649574 0.0175497539219173 0.197558110649293 -0.12578710133108
-0.00821177572340899 0.0405273421360038 0.186738979651703 -0.0221358764981726
-0.0649279744400112 0.0239435376681947 0.0985549999993841 0.085227295916945
-0.030778885793274 -0.0700339440329206 -0.0127755067657041 0.109772504227675
0.0601057098101185 -0.0501795137915491 -0.12584870273775 0.010778921695029
0.0589184026985929 0.0353748760714367 -0.0204958058684407 -0.229499741469982
0.0506527305377846 -0.0892595627527712 0.0148053854855221 -0.300196453430122
0.040872262367728 -0.163220470240831 0.172363739477133 -0.0607465983771487
-0.0411811070329746 -0.175052397222115 0.210858170076708 -0.221797153269548
-0.161785730014282 -0.102920991939273 0.0225193209809337 -0.150850348075383
-0.171580324359513 0.00327277159780528 0.0804220798400498 -0.0452641530573252
-0.131703781730505 0.0664104536451186 0.174644256104105 -0.0978311069013203
-0.080702285023135 0.0905755592172486 0.202786235466059 -0.196468826702446
-0.05719594505569 0.0866134399390594 0.181605238398266 -0.230127919088602
-0.0378931663413342 0.0754781709219772 0.19135171806902 -0.201432900075104
-0.0545415651199818 0.0674623337587375 0.194519901489767 -0.128707635775634
-0.0864174792713566 0.0498532123133519 0.190736406857346 -0.0278459460045452
-0.115074468242368 0.0137378041518132 0.100765009699462 0.0839400485663871
-0.0834723876348884 -0.0902223145059718 -0.0140897568908288 0.107716012419438
0.0150690633186118 -0.130122986625139 -0.1213458758975 0.0294931370223538
0.0461008039678221 -0.0878845771274907 -0.0376404822446431 -0.19982060914739
0.0677469090480926 -0.227361262259956 0.00491545954100603 -0.228634418677566
-0.00317954625781204 -0.299931106919698 0.197700594194864 0.0179205427825982
-0.107614117957724 -0.256402736136739 0.244496206938385 -0.231828910955535
-0.240417074411889 -0.160290277773902 4.85261186541899E-05 -0.190894705229624
-0.284693167801256 -0.0222571494868795 0.0105889809503448 -0.0536444546065655
-0.245921587014645 0.0982806706279623 0.1049034020549 -0.0618342146820486
-0.167665350193024 0.162695496247065 0.15205969744875 -0.143105380737164
-0.131878394100218 0.164946934782531 0.14376908680263 -0.177134707407323
-0.106483768773925 0.148809366209573 0.163421082950715 -0.162616955438303
-0.136783173944945 0.125979186357682 0.179405151026991 -0.114082611941588
-0.175579272708132 0.0704386272608384 0.189490409881218 -0.0303751028946138
-0.183278450706306 0.00742707338900328 0.108283260264653 0.0873826349491026
-0.151275981742537 -0.112526881512793 -0.0164940651522834 0.116803618915253
-0.0467842730453056 -0.208099908397026 -0.12919000608169 0.0479782506825107
0.0180304564667109 -0.207968367711448 -0.0502932085149786 -0.149691100063732
0.0759244035929376 -0.317413194473861 -0.0127070953025032 -0.11422577588967
-0.0461793992688101 -0.372589362771074 0.224223950139607 0.0967820949906945
-0.157549624567313 -0.273012377997204 0.251827938727478 -0.238047650695939
-0.270489989029001 -0.166564147935523 -0.0377721574188473 -0.226346812170886
-0.33641598776044 -0.0311800716914295 -0.0794741394829091 -0.0613225248991189
-0.306948349075725 0.116777946047022 0.00561683157269273 -0.0214437036707712
-0.219238570830359 0.206938883449018 0.0699095640094199 -0.0725532883412063
-0.186387075546222 0.219365591736448 0.0830666710646226 -0.0982415983913379
-0.164744809307455 0.206399381218035 0.117261390906452 -0.0946445114360094
-0.21295626492281 0.181298349298793 0.147656171340582 -0.075172446549272
-0.264864332461624 0.0918193083763293 0.16923346192655 -0.0152718577388036
-0.259221165428919 -0.00122345491003247 0.108080598653557 0.0986553192124113
-0.223277825593752 -0.136384340154672 -0.0216911886497619 0.136919704097184
-0.115965761799778 -0.278522159850825 -0.139498024593752 0.0737884865514321
-0.0150602606710004 -0.313768166393132 -0.0588864320493334 -0.0748985553208451
0.0621068309834637 -0.345967767783064 -0.0298432319732595 0.0138033301988899
-0.0871967485170464 -0.351803446981902 0.245433642234586 0.143257859431535
-0.167165933314816 -0.209274385542017 0.219214704137726 -0.235081980214204
-0.230955047382188 -0.125368409559098 -0.0806432348737732 -0.231491914078302
-0.310499057266566 -0.025054405328434 -0.158333286438212 -0.0564300909073285
-0.302863582650372 0.118081483255288 -0.0908663514155828 0.0220880253460571
-0.230735362912723 0.217944159499622 -0.0220794406845105 0.00316375646046457
-0.212402709114307 0.241281778970823 0.00770979834702296 -0.00502450160248592
-0.204096944446515 0.236162876458924 0.0531270905995028 -0.00558534991041497
-0.268531993279652 0.208002346063953 0.0922853718283448 -0.00918037466124532
-0.328114901261358 0.091273296527542 0.12083861852531 0.0217956802361719
-0.308008350333603 -0.0200037610901053 0.085177759817429 0.117463669260402
-0.267922222365744 -0.154825775527577 -0.0375382713559212 0.160926218947454
-0.171340540285662 -0.327841690080245 -0.145959634770018 0.105634611786156
-0.0395282308415996 -0.387539093907046 -0.0601083301351018 0.0191644881100448
0.0264756740037596 -0.313148294195088 -0.0368355345741342 0.123523972566325
-0.116669180154956 -0.256975720544384 0.24958675878193 0.140726353985813
-0.133848207670698 -0.102588836317646 0.158491849901116 -0.215258419690572
-0.142837812631895 -0.0734666319475877 -0.108907644309975 -0.20183044301126
-0.233049300960351 -0.0206732776850453 -0.200763270951366 -0.0377394208291413
-0.248031330225818 0.101129397400179 -0.160487443687956 0.0616829081407405
-0.20346741724788 0.198002073699922 -0.103529924940664 0.076163622721961
-0.20818070841565 0.226874126907197 -0.0676513959884361 0.0899541642436622
-0.214429984988509 0.226852414761285 -0.0236573518004603 0.0890119727012074
-0.285307392971706 0.190251436797639 0.0151477925329584 0.0674790696847976
-0.332817689027703 0.0551923373902628 0.0447166681161912 0.0669490697639792
-0.292188291817565 -0.0532505915036557 0.040008257711576 0.134723168364863
-0.259128931438944 -0.153939508704784 -0.0628746557998472 0.179463031416572
-0.189543434109501 -0.335078732092319 -0.150386619807847 0.137436021238921
-0.0488749610658957 -0.40686942469421 -0.0579836417690336 0.12304562800099
-0.0147363584913676 -0.24074882862244 -0.0282144380954202 0.199342567612899
-0.121706628900389 -0.135875780793848 0.234294107442592 0.104184629248625
-0.0775547151721368 -0.00749360426743185 0.0944936297370221 -0.180456443459865
-0.0512396852916375 -0.0386888202414463 -0.11138267633822 -0.158596554496243
-0.14281041726615 -0.022936733758522 -0.207014828450942 -0.0186519883536348
-0.170837887156762 0.0715377597210199 -0.196859991463435 0.0916451903478141
-0.152377243664374 0.150923355653871 -0.161667187415565 0.138353086402357
-0.16966365038136 0.179104410797981 -0.132427552589454 0.172857428171341
-0.187967691233948 0.177517767890547 -0.101801249531915 0.170092191023495
-0.246349476190123 0.129896300114633 -0.0723823417213338 0.129742312005702
-0.262864127201667 0.000339346864353939 -0.040948992077584 0.0981624950275019
-0.203719142961329 -0.0722371161845524 -0.0123779172149647 0.138025525514541
-0.197833257695465 -0.118046167252499 -0.0960914255994669 0.188297923355111
-0.168932368384245 -0.289020254059454 -0.162321010733102 0.160401641559981
-0.0421688032892348 -0.359846399615388 -0.0581590706025057 0.218208328701289
-0.0440806372245356 -0.146114113726494 -0.0079066009869827 0.238991276424003
-0.103325749954904 -0.0308151821723263 0.211606871302523 0.0599825992471362
-0.0215728489272384 0.0461316033483617 0.0501986428750967 -0.142199180434283
0.014948915658698 -0.0247610361682921 -0.0989233997250864 -0.125195671331444
-0.0652353437428338 -0.0288929106756966 -0.199542264163141 -0.00536650101582508
-0.0914086194094477 0.0330449848821234 -0.21168431096009 0.110510926766427
-0.0896232065952676 0.0846995865756507 -0.194207689937456 0.182789624049143
-0.104156277812839 0.102135147680672 -0.176085607108284 0.22849644001272
-0.121483009083095 0.0976856083851888 -0.165423628621885 0.221073705643994
-0.150456241639388 0.0501910503234237 -0.147107072879703 0.161343156400649
-0.130868881978124 -0.0363099856377108 -0.107899722098624 0.102650795039463
-0.0741752673780065 -0.0457454491433696 -0.0508368137028407 0.130359093393262
-0.11656086022334 -0.0359452766403355 -0.131791862360383 0.189016791007432
-0.12825250675261 -0.18444445350383 -0.186726126213583 0.16051840867507
-0.0329239178179807 -0.2453874223457 -0.0625764397882228 0.280891686019943
0.0703196277106297 0.0297247078864079 -0.167032044692541 -0.26360330399147
0.0631018168227912 -0.0585385213704212 0.0509314059582518 -0.194861718924513
-0.0176248987100351 -0.074885997625607 0.00157033346644221 -0.273923673587065
-0.058065625972164 0.0129841001032929 -0.0514355703189772 -0.117678926333714
-0.00424138932007505 0.035828742697467 0.0614950821468762 -0.109551494083105
0.0136921028179447 0.00930155699615584 0.0804245882307567 -0.221940217694048
0.01246067482945 -0.0111068322347702 0.0298605457051938 -0.312172126495752
0.0157120720198245 -0.0215378056625256 0.00267302083419285 -0.316531187757523
0.0252751815093043 -0.0250069794540306 0.0328467445786348 -0.2953352856756
0.0299324147030064 -0.00396822074454668 0.0835951862928836 -0.224859213116185
0.0201098633050146 0.0364675854295395 0.136146474020259 -0.134324422126294
-0.0357996625059402 0.0601037214776165 0.133651073498405 0.00648003368551672
-0.0702324958515082 -0.0372781986396967 0.0611906676491954 0.0945513841955427
0.0145011534496721 -0.0791923014505046 -0.0907583890173552 0.0892509871202977
0.0720428751099542 -0.0129131184715427 -0.166984997754007 -0.170696748198932
-0.00828695264322486 -0.105564085725706 -0.173337717623487 -0.25217847372339
-0.0615380756157936 -0.156224697975686 0.0985909060878791 -0.16320414367953
-0.135489780498395 -0.121835669382687 0.0265687180364571 -0.311398971068628
-0.188673947160067 0.00878691323550517 -0.0789664845829876 -0.131554641064414
-0.136214394987887 0.101509684020374 0.0382095760063424 -0.0839599440196209
-0.0681210276197721 0.130970523274388 0.0782744613432026 -0.183399277100711
-0.0134842004918121 0.120746354841489 0.0416011790057019 -0.284736404848929
0.00445857376081707 0.104397344116998 0.00630401666796407 -0.297665900923272
0.0132729523568511 0.0832106696207541 0.0300754999677727 -0.283864982078687
-0.00406313786051701 0.0880441181940337 0.0794554709496661 -0.226015308450569
-0.0384125580885333 0.0941996948796288 0.136414867300564 -0.141642650579714
-0.0838006258032128 0.0813339756478517 0.135121417428451 0.0034298822781132
-0.126353486897081 -0.0215602734314181 0.0600207294974789 0.0936727488651072
-0.0721510604857296 -0.115910673899402 -0.0730598269969769 0.100725980584247
-0.0161106869022933 -0.105480805457873 -0.157412786710313 -0.134744710042338
-0.0710454057657091 -0.229100179269102 -0.147490504704924 -0.188441622856416
-0.172795302168202 -0.240749415885725 0.161984384170972 -0.11706273985693
-0.235927802444245 -0.1509608514229 0.0417612539978985 -0.339629086087068
-0.284732695469727 0.00667789107467931 -0.126575948197436 -0.148655818880528
-0.242954028319293 0.147366251574866 -0.0254675571394776 -0.0450104801132308
-0.140647585191922 0.225027803782315 0.0413648762275786 -0.109740284713922
-0.0388016896420198 0.230900891269809 0.033527972746106 -0.208299433628185
-0.0074073227353298 0.215121001134849 0.00657834642816341 -0.232715744411214
0.00290569822001306 0.185993878152504 0.0295749307171903 -0.236000222492154
-0.0349134985999381 0.187297373485641 0.0752588899334165 -0.206483062083319
-0.0998471808626654 0.167186335394199 0.135512390972221 -0.142267282786992
-0.146431362345088 0.116613328791183 0.144651910686529 0.00102108830093153
-0.197190506190311 0.00233689528474012 0.0648588088466012 0.102870947065696
-0.172177532059428 -0.141005588555044 -0.0660143625358415 0.11896734285273
-0.11613715444433 -0.186810130383672 -0.130176279652899 -0.0836731755775117
-0.115110919602969 -0.308087636084692 -0.0991509175986285 -0.0850204342009502
-0.247773758332698 -0.273631468005224 0.22761359478992 -0.0696910641289328
-0.283368550715517 -0.136588007803834 0.0418011595584958 -0.345689341599938
-0.31353077500114 0.0170826437113389 -0.18077489976267 -0.153285091206725
-0.289902259664159 0.170985451178053 -0.104982744991517 0.00389642860320005
-0.179581010614075 0.278331559760664 -0.0149921231998619 -0.013880003521951
-0.0533601735330384 0.2979013063029 0.00985898738364952 -0.0989243925764639
-0.017981721058208 0.293393776082813 0.00505353948597859 -0.131400448849529
-0.00825996367455444 0.270953702035776 0.0335845504865983 -0.153061000251661
-0.0622005634331066 0.280539515292326 0.0735797788133921 -0.154445008689075
-0.161114429705594 0.242020797496631 0.129652565465542 -0.117306099704719
-0.215651833448266 0.15653455341969 0.151727424127228 0.010775820017609
-0.273443182160186 0.0268035401694029 0.0731362759777654 0.123118361772322
-0.274436320183102 -0.15546329350621 -0.055918180605577 0.145047307344074
-0.211696411049899 -0.253312573833571 -0.0858301560931491 -0.0170606281681463
-0.142387915292627 -0.322192730708269 -0.0377243295882853 0.0303369991355694
-0.267630348203457 -0.232750165863233 0.271611866474901 -0.0423527513102235
-0.253815169768278 -0.079109913301492 0.0198656451713802 -0.32180716480309
-0.259030520208318 0.0269626126916408 -0.21687999088602 -0.131183209246782
-0.265754136302789 0.162035724679172 -0.165207710966318 0.0566230649952823
-0.175514329685633 0.277096857648107 -0.0672614876855767 0.0806724418311121
-0.0532966351802825 0.314102442785301 -0.0186338819189479 0.0215195622038774
-0.0256224061992732 0.327566530900579 0.00102825752503543 -0.00929116142587275
-0.0216987648517356 0.319944856954219 0.0365674601093562 -0.041272025593455
-0.0897734375566341 0.339067724648461 0.0689058842501454 -0.066766504016858
-0.214711980899 0.282154180490471 0.114215127461956 -0.0563627549572472
-0.270109197754388 0.170020295380278 0.145327848741306 0.041055189657148
-0.323786735435839 0.0383556773321422 0.0772008654224992 0.152989496757801
-0.348924921897308 -0.162391002760017 -0.0397943464811946 0.174809975798954
-0.27861306815789 -0.297470962446727 -0.0241014928010654 0.0621936810422579
-0.152739861012334 -0.273799598547037 0.0260055438496787 0.124922208567671
-0.23565605339282 -0.138460612748577 0.273868880424491 -0.0444201804232972
-0.164707135165168 -0.0111111615635783 -0.0129562761283788 -0.266601519059781
-0.158413405277361 0.0199888876853959 -0.218508911585699 -0.0920246335221541
-0.200053306087343 0.121417675481662 -0.187871615544847 0.0963062973148391
-0.138259860445161 0.231255664075789 -0.0978093238072354 0.153593560400201
-0.0429502721885662 0.281026155937806 -0.0400379631937544 0.132115664808638
-0.0285027020582598 0.313996464592315 -0.00149032210724812 0.114600337023143
-0.0354055562550101 0.320175990551131 0.032721947905376 0.0824295615983521
-0.114407455584208 0.335397301272414 0.0531943037769571 0.0433866882799294
-0.241438816664639 0.255969056155826 0.0803556539309986 0.0283500603037604
-0.277820724009302 0.133499633867793 0.118713743319311 0.0838974082967728
-0.315301143670841 0.0323770886743671 0.0678983879255695 0.185970473594004
-0.37023109462673 -0.156328892760732 -0.0235094204550543 0.204404809411788
-0.299391744948295 -0.307261400013934 0.0437764865935183 0.145776567029942
-0.146172972089543 -0.188319585623509 0.0834607496083681 0.182665984980273
-0.170859845153744 -0.0391142999308433 0.241561907860829 -0.0614198250684604
-0.0638115322754988 0.0343481414055672 -0.0370237048558924 -0.198853852445328
-0.0653286143508044 -0.00272160932785538 -0.190848168719422 -0.057246900065209
-0.128002740922734 0.0683483927195095 -0.179640825589452 0.114214716308919
-0.0929808047801442 0.161083350587502 -0.106253897409482 0.198707736056341
-0.0293442364807401 0.213027229698282 -0.0490030938894478 0.21833038320922
-0.0268898563001429 0.251388880903069 -0.00378201610006422 0.220107635503848
-0.0431609229855185 0.263383291395342 0.0205612627376616 0.197554684761085
-0.120308671454421 0.261337146753907 0.0202659760036807 0.149633961498981
-0.218939119821907 0.167649894495279 0.0290211418001935 0.106181315542901
-0.215934715957511 0.063441174242376 0.0760493663243859 0.119999596168847
-0.239044160747183 0.0242657208546641 0.0453725684804532 0.214255193009389
-0.323292928931753 -0.128724343376479 -0.0197215253679068 0.231942463896792
-0.265380999475949 -0.26876363078354 0.101566193869356 0.222289387337843
-0.117769602776692 -0.0925551421154102 0.128963381192543 0.201796205814454
-0.0971124499925163 0.0339558712830647 0.199477116043337 -0.0801043496352144
0.0112865115175502 0.0463234540828281 -0.0464194709905187 -0.142806935233907
-0.0048665267573647 -0.0289095667024362 -0.158304307502606 -0.0406879753476572
-0.0688850349988592 0.0174155985631175 -0.164281219615709 0.118748173893091
-0.0520461158794503 0.0825987893262272 -0.104350001966451 0.221367234135895
-0.0181073885445587 0.122394442512404 -0.0467295575695784 0.271666946613948
-0.0197752861510871 0.148526865758895 -0.00481747644768394 0.293275602334651
-0.0379407673836519 0.157401427818103 0.001710612317704 0.279578618509898
-0.0906781223032801 0.136920575907816 -0.021223347730856 0.222459909419957
-0.133214763177817 0.0543799572345617 -0.023701015854467 0.151545776493476
-0.0910168283286442 0.00643941596214366 0.0376060056892428 0.13760173643752
-0.11804439040042 0.043531627975396 0.0155218439886891 0.236778207390404
-0.223779530502906 -0.0666736349472142 -0.0421983592185916 0.249557305631454
-0.185504456388947 -0.178336820844833 0.132754013326999 0.273492677110396
0.0744496785782477 0.0264170107401311 -0.17402367637197 -0.265407850363812
0.0598327651237792 -0.0625618772572557 0.0459498283253384 -0.205209659403754
-0.022731016016072 -0.0755086711003301 -0.0107419500485048 -0.281400715717129
-0.057436162915643 0.0153157766046929 -0.0530643694332272 -0.117775507669736
-0.00280095086830365 0.0350626522215124 0.062974928970342 -0.115856101109418
0.0138957942188717 0.00734536199679844 0.0755757527954724 -0.232328563763052
0.011226782946528 -0.0125546908414279 0.020456094068058 -0.320352038855202
0.0136393208242377 -0.0230518339485634 -0.00659377848550764 -0.325994322686176
0.0225139509417559 -0.0276442933493802 0.0236943158046839 -0.306780094099543
0.0291658525191816 -0.00690051368034795 0.0786175701311123 -0.234073934331177
0.022807139395348 0.0356821875503085 0.134421342471131 -0.143342036601159
-0.0322030471658854 0.0623510597165035 0.1370173774194 0.00133959562694214
-0.0737624445215147 -0.0345170103825393 0.0677861687518412 0.091986548695905
0.0101890019108167 -0.0821822042379819 -0.0883433416578477 0.0944824320599914
0.0741332869021769 -0.0170534468974037 -0.177073214595515 -0.166280875267415
-0.0092938415889288 -0.109488796597709 -0.180065893246078 -0.253380302650866
-0.0691124750791949 -0.158816843522145 0.0970912605139993 -0.174212604179494
-0.143509137653347 -0.122316642895018 0.0122453565155961 -0.320895431328141
-0.19272558353247 0.0137849770221921 -0.0810882019013372 -0.130810695523644
-0.136480909091662 0.106776248526528 0.038700743541539 -0.0895538387959988
-0.0659232172601361 0.135381144646035 0.0749522248426572 -0.192617224014783
-0.0112211032171849 0.123943532609114 0.0321226610561466 -0.293660906350902
0.00619129081962301 0.107069765803782 -0.00320650680355673 -0.306325542606215
0.0140477843638104 0.0836253500631044 0.021047019766264 -0.29356444277788
-0.00244782080789426 0.0889610803482528 0.0734789159814368 -0.235491191851481
-0.0355264008142397 0.0968246284819128 0.134640334631994 -0.151369216149528
-0.081067972136631 0.0855808513220383 0.138318544645377 -0.00213630336992063
-0.128997654081231 -0.0168307097728515 0.0670251696871721 0.0918329162990167
-0.0783722080197938 -0.116429504893572 -0.0700519395854115 0.10479673214089
-0.0172493667524639 -0.10855791460997 -0.166223741871123 -0.130513512021727
-0.0765017747177572 -0.233993383183734 -0.152161013830454 -0.188578104931804
-0.184544178552944 -0.242311003762379 0.164485135113675 -0.1282962131686
-0.245659161176347 -0.150553037781882 0.0253742519668019 -0.350248062938886
-0.293167377890133 0.0138292895444208 -0.131494821833848 -0.146457947844494
-0.245889360769651 0.158346043812157 -0.0257552917100516 -0.0478395666717577
-0.137650329933318 0.236436175702744 0.0387502357264814 -0.115359649434218
-0.0335344748433365 0.238076229868413 0.0258938883504828 -0.215998673028088
-0.00173251597152431 0.221777604338951 -0.00110806610409815 -0.238983439081203
0.00790097747015503 0.190046965701889 0.0217578181936611 -0.245405677769947
-0.0304258812119817 0.19334024438374 0.0699910395806841 -0.215735052610723
-0.0965372568008302 0.174878706854556 0.133410126437103 -0.152674658883905
-0.144735112760218 0.123712925859184 0.147744280871047 -0.0051506407543533
-0.200643272016089 0.00764217185792734 0.0729806167949214 0.101834301579524
-0.181349202236161 -0.138109113367294 -0.061286498339518 0.123800453694551
-0.121368695540334 -0.187354007176629 -0.13868456916657 -0.0799380865811409
-0.123357262045242 -0.313800940760965 -0.100352192924518 -0.0831715859678733
-0.261569136232049 -0.272671236852305 0.232587917189137 -0.0803931328588596
-0.293121448422729 -0.135911102694344 0.0244675821318179 -0.356404916252348
-0.322218728934441 0.0245983663319646 -0.188123293963208 -0.149566704534053
-0.294468676015659 0.184136657650587 -0.106397027092849 0.00647423726003999
-0.175027703495213 0.291979520117429 -0.0158416785090017 -0.0144329325389492
-0.0455923594372913 0.307530187236624 0.00428495345968259 -0.102383546128133
-0.0088163708049322 0.302781475275566 0.000481312464725515 -0.135171569661972
-0.00102468696183965 0.278084897362858 0.0287523388892545 -0.160261948953484
-0.054889919229846 0.290248546008004 0.0695414052641025 -0.162582548590661
-0.156890848835075 0.254344842723747 0.128021006511502 -0.126986476907125
-0.21617466043741 0.166817491126631 0.155337688742756 0.00459883644722857
-0.277982023490168 0.0342727791546836 0.0824662587853189 0.123169171434008
-0.286345845384021 -0.151011776787911 -0.0505848560580876 0.151649045866839
-0.219270001332689 -0.25201591382607 -0.0917614652649974 -0.0136737479593248
-0.152584657307638 -0.325474217946762 -0.0343765684043562 0.0345541429636883
-0.280246033537857 -0.228304064273926 0.277185904711214 -0.0546546710375722
-0.259835904864747 -0.0779443742540074 0.00387820383648352 -0.328952175650294
-0.266389010036878 0.0331304508054903 -0.225024009458956 -0.125319160014908
-0.26932388181909 0.17565939023577 -0.167538435944502 0.0626216595772354
-0.169835524875482 0.291395918258443 -0.0665233945317871 0.0851744421643378
-0.0452144575762537 0.324464240605121 -0.0215445600173311 0.0220823014335963
-0.015093999045699 0.338088429068896 -0.000157612743816986 -0.00921582033514326
-0.0124623814843777 0.329137873860209 0.0347811509046094 -0.0454559932404687
-0.0816245157972043 0.35145062746537 0.0678405492045902 -0.0714601669266365
-0.211460848645147 0.298720726129438 0.114391152361286 -0.0633551654193491
-0.272758882035985 0.182249847360616 0.150021201701567 0.0361024513772238
-0.329403596637768 0.0457112913269671 0.0871359000932658 0.154536486470683
-0.363408736434432 -0.155752594105107 -0.0329515465547354 0.183346248530706
-0.291152965027048 -0.29357654518973 -0.0272208211220865 0.0652600329049588
-0.162799881427629 -0.274561341428835 0.0327955376883715 0.128979868118472
-0.243118608014787 -0.132568229821495 0.278265718056276 -0.0554686865692665
-0.164925519768442 -0.0104279211874328 -0.027294223178787 -0.271231363109522
-0.16319346406175 0.0231504406117855 -0.225694110043615 -0.085087125221586
-0.201603935389515 0.132514780685397 -0.189787863946518 0.104948495966687
-0.134290908124999 0.243662357599765 -0.0949277891299244 0.161690769360156
-0.0348504585819785 0.290728527929195 -0.0399503071929094 0.136393274606264
-0.0182195653549281 0.324227414562343 0.000617338357341377 0.118528775424359
-0.0253558727915711 0.330159197618933 0.0358037846176735 0.082908503222843
-0.106083665740086 0.348338362464088 0.055712896082827 0.0425898928041591
-0.240761825208451 0.272869094082878 0.0825375725215811 0.0255417808826426
-0.283851522821919 0.14408871254335 0.123585009999162 0.0820464576444738
-0.32123152886248 0.0377466557854898 0.0777825861149233 0.189767088197374
-0.383436560981873 -0.148861848457124 -0.0154841636963983 0.21399947514432
-0.313019636517616 -0.302323486473829 0.0438959685274504 0.148669383382701
-0.153798826603266 -0.186264172093993 0.0916803663213992 0.185316391619287
-0.173343529590343 -0.0325259367058827 0.243788400213633 -0.0731803723403242
-0.0609368309639185 0.0336658726397505 -0.0490702006174153 -0.201128279613275
-0.068637584251759 -0.00221849487883829 -0.196317329265351 -0.0504452436985824
-0.128689944503302 0.0763030175941309 -0.180225893556204 0.124093910530785
-0.088924040633775 0.169548201804505 -0.10262325578966 0.208260979835098
-0.0218008987332563 0.220411583324928 -0.0458524560650022 0.225039105933634
-0.0173403024320642 0.259567845493713 0.00186674080507414 0.228012229186671
-0.0349203742240555 0.272165032383022 0.0265970110431829 0.201742183180945
-0.113090639210254 0.273446454868385 0.0251479230351192 0.15236897225001
-0.220827788863369 0.18086337884648 0.0326753884795604 0.107865024272389
-0.223196679702244 0.0702983565683116 0.0799768804163968 0.120834509303515
-0.242402379551535 0.0275363594262946 0.0557805682948967 0.220773625833463
-0.335193315172909 -0.121488752354131 -0.0108761910730222 0.242633745651198
-0.277927893019641 -0.265339128618402 0.104525643417166 0.224394374175795
-0.12312779038395 -0.0892752506156879 0.13829032691782 0.203446646661822
-0.0948300899971743 0.0392469609772921 0.198149481502859 -0.0907189613631304
0.0155767214664246 0.0439090220844261 -0.0551125606357062 -0.142871781865892
-0.007653205632078 -0.0297951815961513 -0.162665594018546 -0.0337768070127996
-0.0696967555779562 0.0223153042360105 -0.163106189760001 0.1284532771112
-0.0490295377358976 0.0879394516810002 -0.0995218510204748 0.231392625739168
-0.0132320988010168 0.126530312960426 -0.041137981689113 0.281334417330931
-0.0141319937962205 0.153450575686354 0.00368732400669501 0.302587302057775
-0.0317600214883616 0.162537824624438 0.00969094134126882 0.287172060319392
-0.0871831008861929 0.144881840211183 -0.0142589878744378 0.229242178876983
-0.136615663648915 0.0621015330854178 -0.0208389196563659 0.156992671147486
-0.0963871706182212 0.00817248794038445 0.0406490316612014 0.139864610657283
-0.117353144849313 0.044535661432886 0.0251391179932537 0.24494558355292
-0.230828423774415 -0.0595728445332458 -0.0334201190648259 0.261676887627142
-0.19520672442618 -0.17420736585209 0.138624856072899 0.275022388187758
0.0777483384699204 0.0205390801645113 -0.183812655659736 -0.260241848157273
0.0546614313927533 -0.0669696241602429 0.0353444241258696 -0.213405683474677
-0.028714887067762 -0.0738865901814425 -0.0291328474351531 -0.28337480836359
-0.0555115028653058 0.019295808055993 -0.056424152506397 -0.115778547131253
-0.000549546133084016 0.0329640200218093 0.0601537571692674 -0.123578066107746
0.0133485641095428 0.00501387474043634 0.0647138459285609 -0.239827243565608
0.00945599146542165 -0.0143671265056921 0.00402354957095278 -0.324121080049197
0.0100529445039707 -0.0244083900854055 -0.0227078645531697 -0.328785142144949
0.0185395432845932 -0.0300009132793004 0.00818153690392922 -0.312134857555447
0.0271385661948266 -0.00951855803163059 0.0657181389071365 -0.241964291254603
0.0259627066463902 0.0329953368935928 0.127325261443114 -0.152490191319544
-0.0270712862402788 0.0648874886655169 0.137443725253633 -0.00731463193561131
-0.0769447352921542 -0.0286152816999867 0.0750786639353604 0.0871049826177102
0.00388452173711894 -0.0830278082013493 -0.0829843780337076 0.100006101349322
0.0757504934789926 -0.0234544287183233 -0.186460869339092 -0.154589472243307
-0.012637198470066 -0.111839393003295 -0.189324480882129 -0.247279855289107
-0.0792419575323312 -0.157537494520774 0.0901043338788919 -0.184753490144208
-0.15250319995752 -0.117205236327213 -0.00992915027967431 -0.324318031512932
-0.193712445682931 0.0233578261325372 -0.0854900078488863 -0.126547170205528
-0.132184224925664 0.113849510694544 0.0367537357681066 -0.0955999215069734
-0.0606551529141867 0.139375171854538 0.0660180290757815 -0.200616877569254
-0.00560986023874951 0.125319681215476 0.0161098745065265 -0.29820478602836
0.0099801173569409 0.10776016390727 -0.0190936181426141 -0.309372441888599
0.0162002514207899 0.0826993771671915 0.00429883190676265 -0.300145582996137
0.000489198515211977 0.0894734474463765 0.0609842918098018 -0.243233411858644
-0.0300888705306846 0.0989152666832251 0.126654393784117 -0.161783324186199
-0.0752211385435514 0.0899935850406452 0.139491228844852 -0.0107922864175288
-0.130485786665297 -0.00962226315789491 0.074094584070526 0.0868459438695267
-0.086690651567437 -0.112717915604211 -0.0633377324595169 0.109249537241863
-0.0204992176173688 -0.109926799104927 -0.174719511358696 -0.119992632731944
-0.0864940150116531 -0.234161699809057 -0.159025147256982 -0.181517794106692
-0.199195600435601 -0.236072639964027 0.160777060587077 -0.140587689183742
-0.2557744830226 -0.142496934116173 0.00156350264108913 -0.35451019337156
-0.296761457067262 0.0266662428372597 -0.137165389725059 -0.139928270471462
-0.240750309687912 0.171958141891689 -0.0274269025780772 -0.049434369806532
-0.127346169132528 0.246422735709553 0.033844690436825 -0.119814628280322
-0.0229285448754987 0.242057949695101 0.0122388363346858 -0.220313256568274
0.00874666559640214 0.224712018132966 -0.0142218419725231 -0.242103214954909
0.0160448398447083 0.191502290511038 0.00818473386819795 -0.251065189137529
-0.0212775840376158 0.196883327992762 0.0584812171335008 -0.222504527308206
-0.0875372098798806 0.182208239865637 0.125188289276067 -0.163387646216373
-0.13833423925415 0.131615885871944 0.148822886501608 -0.0139410587469804
-0.200866836012081 0.0182919169878342 0.0809126812582139 0.0975000855337816
-0.190302146507612 -0.128931576824864 -0.0529599403373456 0.127839640410099
-0.127721421450452 -0.183618261705393 -0.145586215249857 -0.0715895667401146
-0.137174303057792 -0.312248919404693 -0.101837064428747 -0.0774498039290192
-0.276537427528206 -0.261596351048927 0.233013273361124 -0.0962079860788471
-0.300913376060641 -0.126199562517984 0.000960405261476175 -0.36070226922291
-0.326280568368428 0.0387356412601496 -0.1944140103601 -0.139319413501078
-0.288139442249229 0.20122096565115 -0.106663291941149 0.0100557425002106
-0.163526388812458 0.30597522305546 -0.0163388964390992 -0.0147070688076567
-0.0306955522069047 0.31322110782131 -0.00408549461563299 -0.105045277024157
0.00608750536139435 0.306775129800843 -0.00817986177906352 -0.136719240540365
0.0129878710803267 0.281196396530127 0.0190293219492635 -0.165539104695085
-0.0402198701025719 0.29729645553166 0.0611508530125791 -0.169250498850294
-0.144550439125787 0.267452856444173 0.12145281019548 -0.137365854457475
-0.210928560444064 0.178038510729085 0.156861057589714 -0.00415238221350906
-0.27752693321992 0.0461980296967449 0.0917149354940664 0.118301345529887
-0.296182174398018 -0.137402693975015 -0.0408242009992985 0.156118977971407
-0.230224415182734 -0.242913749997859 -0.0964502774331798 -0.00739147217542729
-0.167967926298433 -0.321081952625498 -0.0302951160933194 0.0377953442500568
-0.292062079864397 -0.214090844496573 0.277863955308889 -0.0720114759566356
-0.262726446352309 -0.069887498906382 -0.0202259088694705 -0.331660718238299
-0.268826178922811 0.0441832515224287 -0.231662612260624 -0.112740060374172
-0.263374867623875 0.192688529543812 -0.165927911991946 0.0720318413078752
-0.156202077934473 0.306169712001576 -0.0621361235294081 0.0890446973321891
-0.0283776144809375 0.330404511854779 -0.0240838304415968 0.0229294770091915
0.00334792994216143 0.343261865388169 -0.00203673569369599 -0.00850373545690646
0.00473580518012638 0.334138669942739 0.031247105274602 -0.0491476276918732
-0.0626120254117089 0.360712170751672 0.0640693397991087 -0.0775254105483399
-0.197888003602349 0.315404751267764 0.111204050718698 -0.0721381717701309
-0.268593760861784 0.196935894975959 0.153208161612993 0.0284645800740693
-0.32972067937791 0.059503364622699 0.0994484670541748 0.151453195180252
-0.373722293867271 -0.138465474672497 -0.0221069818345544 0.188832500106971
-0.303667547124641 -0.281558112194471 -0.0289448685970656 0.0688645997151899
-0.177335476754065 -0.268289453078464 0.040945483210941 0.130223541483283
-0.249779325970494 -0.119793767095888 0.277498616153267 -0.0723850084239372
-0.163613909736246 -0.00678787585539395 -0.0471326240112667 -0.269846371466265
-0.165399778987563 0.0290747000423995 -0.230643266488084 -0.0717185220982427
-0.197410154321108 0.146689182509692 -0.185583700302782 0.116577168144341
-0.121939542227143 0.255103006049976 -0.0874688302113306 0.168193876373122
-0.0192204198545994 0.294855320497715 -0.0362006433196835 0.140179903563395
0.00130954093630176 0.329085615577859 0.00520082895270887 0.120365741000532
-0.00836762042580094 0.335160210467165 0.0392559004045991 0.0809257350292734
-0.0879358921381264 0.358876796511888 0.0576138092589279 0.0398820203447666
-0.230748758154858 0.291411310046297 0.0845330971376982 0.0200537112286495
-0.282804300265909 0.158886137529661 0.127986880718491 0.0765754196928307
-0.322225495622684 0.0496660372811627 0.0928045587874754 0.188484144181801
-0.392832421787258 -0.131493121407884 -0.00268052269196174 0.220673988054205
-0.32719489679933 -0.287976297717477 0.0460019473226019 0.149107771066029
-0.164325024237145 -0.178741828935941 0.102901063162456 0.182801193390593
-0.173205979245509 -0.0220308613329208 0.238239563778593 -0.0879067176475617
-0.0567351619143908 0.0324908701365413 -0.0635056937417601 -0.1965831229941
-0.07067802985146 -0.000239289605717036 -0.199312187978271 -0.037881521346528
-0.125755789406149 0.0858067173519089 -0.17427815090925 0.135639373752883
-0.0794170480940626 0.17788216842816 -0.0922913036891033 0.216731066667752
-0.00978279105732604 0.223721304567873 -0.03711834464581 0.230546181809895
-0.00171654138549605 0.263611777313295 0.0123723636574194 0.231443104532799
-0.0195617696857153 0.276465688005065 0.0367424721853808 0.202560880096545
-0.0989633504838457 0.283116669616218 0.0338418755891606 0.1525458885986
-0.215225911656378 0.196874019421206 0.0375729798320167 0.107314047153193
-0.225883473668905 0.0808407542375934 0.0862621692567101 0.118415291430591
-0.242403445374001 0.0348851129622003 0.0708402407662025 0.221580547439798
-0.342373360709125 -0.104959880687519 0.00352866911319638 0.248623065198507
-0.290743200905396 -0.251015124258609 0.110534518701784 0.222185933382356
-0.127908234800392 -0.0811561325898506 0.149852260027346 0.198772360041042
-0.0909747683123155 0.0455216164575214 0.190661616719441 -0.10375784695397
0.0195802993834488 0.0400750096591137 -0.0655548664150611 -0.138359313029221
-0.0108874291483921 -0.0298808136589089 -0.165407717515532 -0.0232388787513076
-0.0684078159227238 0.0293198639570233 -0.156766015313803 0.139203790510712
-0.0437174330515567 0.0925204493820099 -0.0879385931825443 0.239551309857575
-0.00540103882940339 0.12871354328143 -0.0278765025072626 0.286779964385721
-0.00351285418362409 0.155960937591481 0.0184931559405052 0.306691899347462
-0.0215667917392555 0.165922975227121 0.0241843255696079 0.288653176812873
-0.0789314131365847 0.150856114236655 -0.0019035909079886 0.232435004041752
-0.136071520806079 0.0716574474902823 -0.0140683234663401 0.159700600510704
-0.100161479027178 0.010917924493923 0.0457976476033578 0.139140101923644
-0.114749710895997 0.0465362717085345 0.0408000630958853 0.249280641124166
-0.234736739387696 -0.0459955373535285 -0.017398106971925 0.269600486475113
-0.204865631847481 -0.163285087943466 0.146408975625308 0.270447179972357
0.0784647862751689 0.0135702888549276 -0.190428417045049 -0.247722182865276
0.0481811410647117 -0.0693095185885194 0.0241180175940839 -0.215139628069165
-0.0337924215889512 -0.0691323564007764 -0.0469313264791393 -0.278110856028976
-0.0522496279362069 0.0217881152401999 -0.058973222123763 -0.111343282628781
0.00143714605749159 0.0304327563069637 0.0553317964319954 -0.12815833177032
0.012026086634208 0.00256372990844599 0.0508421574765257 -0.242430976259002
0.00764569273566607 -0.0154882638162949 -0.0144851441170105 -0.318410244088792
0.00562089766592794 -0.0249074862507653 -0.0390943065016981 -0.323275350550756
0.0129537589519729 -0.0309655703810342 -0.00991736959146512 -0.310514394302671
0.0243806483055037 -0.0115677050143613 0.0511657747694846 -0.24301908118436
0.027392090157124 0.0291059863716798 0.116080725741982 -0.158366981767827
-0.0205362455843694 0.0644671496973991 0.135306460661267 -0.0155185345749563
-0.0775427659204152 -0.022138717639621 0.0798698261639846 0.0792027068778308
-0.00296469906714965 -0.0822620747344159 -0.0742173489406333 0.102852070429214
0.0734938925671284 -0.0298243528808653 -0.190811203017239 -0.138515314084013
-0.0161185402198631 -0.112239850484349 -0.194123245331901 -0.234187005358604
-0.0874287158797877 -0.152142892482545 0.0813618016224283 -0.190181723028476
-0.157803329588042 -0.108427502195873 -0.032028195914134 -0.318727719151306
-0.189946776613796 0.0324929625663549 -0.0874354490605959 -0.11984340689956
-0.124831100461249 0.117570026250192 0.0326764139394157 -0.099218883293307
-0.0532691601159987 0.140198162463906 0.0547138263044109 -0.203625225817716
-0.000663039079404698 0.123678116338719 -0.00179378874435618 -0.295817014890139
0.0135566361049322 0.106096000870087 -0.0351582531335989 -0.30482694132015
0.0173805810400472 0.0809781715795971 -0.0127997529907613 -0.298100158198087
0.00345364422014661 0.0874893531199215 0.0461391519412231 -0.244627663988147
-0.0233902688844575 0.0983082225659502 0.115143452912914 -0.168182034216154
-0.0675157460186668 0.0915463172861739 0.136780609101136 -0.0189982517430313
-0.128596024926299 -0.00164134205020108 0.0789210643632403 0.0792526991498338
-0.0927216114214569 -0.104954174790661 -0.0547840000339528 0.110272389525951
-0.023865815418675 -0.109200432915559 -0.178201002994235 -0.105787271449665
-0.0955763421927232 -0.228910167674016 -0.161082096412049 -0.170259434036079
-0.207919050931957 -0.222663079797421 0.153858138368353 -0.150964455745299
-0.259974709502699 -0.130491113206109 -0.022705696116452 -0.348405207773064
-0.29232661576892 0.0400649028302042 -0.139196161376912 -0.129151993711313
-0.22946635940686 0.181640085946335 -0.0284096261022775 -0.0498287299042362
-0.113323489476447 0.249817140629827 0.027079568247043 -0.121159614259435
-0.0104217020012096 0.239984030403682 -0.00240821372817684 -0.21868188321344
0.0196988395147481 0.22150058846306 -0.027741455649866 -0.239057992745469
0.0233318304283761 0.187871124042231 -0.00689913966932301 -0.250107446866807
-0.0117274958412221 0.195495272419137 0.0443750038874798 -0.224453682770665
-0.0759258885472733 0.184211656054909 0.113715260150444 -0.17054859501059
-0.129102118834561 0.135682628622705 0.146496289795412 -0.0226061988279545
-0.195628484982021 0.02712796262772 0.0867684021777676 0.0893325472733007
-0.194295766341139 -0.11618169369293 -0.0436285028201417 0.1289016106763
-0.131914226462873 -0.175770522766731 -0.148485607887875 -0.0597087624387957
-0.150291041958531 -0.302525581840422 -0.100227188314871 -0.0696739781210285
-0.285567098816326 -0.242694945647577 0.226602539628538 -0.109954322960607
-0.302429983256256 -0.112817471520457 -0.025701495587974 -0.353519153880521
-0.3222153071767 0.0531013460392944 -0.196992627978316 -0.125381248707949
-0.274426592661036 0.215169199409949 -0.104974232507245 0.014369987843435
-0.143476736772198 0.311912046895484 -0.0167221431120377 -0.0146474900157889
-0.0144742871334709 0.31164931893036 -0.0131156936608498 -0.103566663685461
0.0226910022112821 0.303628405641532 -0.0165134691364584 -0.133848236900269
0.0263180670246429 0.276816951271178 0.00809067307414993 -0.165410300745066
-0.0246439582483233 0.295592602142516 0.0502411898868528 -0.171832362298929
-0.129054355850758 0.27258757768139 0.111532010748055 -0.144101347191104
-0.198513960631304 0.186430424300424 0.15506360063222 -0.0129765899988662
-0.270273466311794 0.0576488271942056 0.099529474172382 0.110608787213775
-0.297850436664345 -0.119765245453387 -0.0294623291064164 0.157405577103908
-0.234318450455414 -0.228171762358369 -0.0979739017137197 0.000531934147362412
-0.181291413759636 -0.309186965267237 -0.0245308591346818 0.0405075118413301
-0.296755111477904 -0.19520692378754 0.271003923913792 -0.0880261893777732
-0.261112288783974 -0.0603290596413697 -0.042723532113692 -0.322971822930001
-0.265290933457409 0.0549427905339842 -0.232494294295648 -0.0973809501644619
-0.250548594153663 0.204130805089999 -0.160245109246441 0.0787013413910695
-0.137862668712803 0.311669335127098 -0.0564568106807711 0.0908745104177385
-0.0106375463265067 0.327864447037013 -0.025926340053733 0.024542721998092
0.0222267158468118 0.339960057025123 -0.00398729432773131 -0.00830546057971972
0.0215413033882057 0.330004484252329 0.0267887931180268 -0.051136415490281
-0.0428086995330074 0.35968068375366 0.0590553729034823 -0.0808101017803626
-0.179983635896429 0.324537802009749 0.104870781134612 -0.0787231800511941
-0.25779201627603 0.20711526202855 0.153248077732452 0.0200368978539037
-0.322756845223477 0.0720800715896155 0.109101176389694 0.143365398857955
-0.374488304384939 -0.116551465058352 -0.00897870513610273 0.190144354389096
-0.308655819329911 -0.262493696328984 -0.0293024361298499 0.0719433319827101
-0.18694839260628 -0.254327520474659 0.0494137352041051 0.127060732630971
-0.248595586991632 -0.102576589829254 0.267522782828021 -0.087832190839475
-0.159286818484852 -0.00345549557005788 -0.0658230873585443 -0.259675304189389
-0.163432737338006 0.0349633173290019 -0.229382885364785 -0.0572583072862854
-0.186588926100161 0.156120318037723 -0.177131508285254 0.125507703806019
-0.105374795471585 0.259645839234049 -0.0768378308320821 0.171188197184194
-0.00298531779960403 0.292661157226022 -0.0313642697543076 0.141336289435991
0.01969070288132 0.325572979414371 0.00987182883797467 0.120154689847301
0.00988310098296442 0.331315186809794 0.0419653773454372 0.0767557341401482
-0.0666605168307905 0.359396356429334 0.0590508407091697 0.0356660783703625
-0.213117858279428 0.302994314779525 0.0832843833340088 0.0152513757714388
-0.274792446606026 0.17071460503977 0.130620126530419 0.0702946653990884
-0.315626596683849 0.0604701588303099 0.105317801832395 0.181521945672176
-0.394448703728253 -0.108444280255438 0.0115973132900145 0.220846285880945
-0.3326534295814 -0.266219782112158 0.0476053926396326 0.146830316105001
-0.169585794912758 -0.165433608497468 0.111421775141216 0.1752148135633
-0.167350823797572 -0.0110140595081644 0.226695846934076 -0.101198070591231
-0.0520540547349776 0.0299902582911719 -0.077756706782711 -0.186378090848415
-0.0719864081811302 0.00125139002262119 -0.196819909532967 -0.0249420719410355
-0.118859906920305 0.0934311712216979 -0.163364209917846 0.144177392601487
-0.0678345387599395 0.181095472492887 -0.0785144358576779 0.219165955759366
0.00327643485388884 0.220633980150896 -0.0261099112226632 0.230825927504198
0.0142540957085049 0.259948706243024 0.023634752392135 0.229155790462681
-0.00377689374325439 0.274063274610539 0.04588696407727 0.197052620254756
-0.0824840783761096 0.285037136086074 0.0412879132634787 0.148743075269591
-0.203916307678906 0.208990136500993 0.0424764502981992 0.104491878362923
-0.222676547843189 0.0898508680492219 0.0894708646580571 0.11355166853577
-0.237478198707938 0.0422451643876197 0.0862216026910446 0.216414060356164
-0.340657951309481 -0.0838732736349298 0.0185990451492464 0.249131238864762
-0.296989363544392 -0.230841748282868 0.113974050818632 0.214994553426903
-0.129550312093016 -0.0706693495911203 0.157299818269499 0.187156490078568
-0.0832676186780071 0.0506149910614616 0.177175289221293 -0.113662213732044
0.0227296562328014 0.0344198895559154 -0.0739790628505587 -0.130210469414059
-0.0147678867694739 -0.0294552687637506 -0.162862329157511 -0.0122783637349299
-0.0647757625745851 0.0345661190692809 -0.145054851104336 0.146398527524068
-0.0363193029098909 0.0947227814451359 -0.0723709532778105 0.241522800629007
0.00339175094126161 0.127071003705299 -0.0134592966088629 0.285592965875661
0.00720382313753543 0.153976776487436 0.0335747286229179 0.303138774299957
-0.0109712319796287 0.163978203382729 0.0386971127206642 0.283778919834105
-0.0697853451537028 0.154459604196444 0.0108801027627613 0.229266079380586
-0.132416292579838 0.080985781573006 -0.00667416715678791 0.159487721265684
-0.102051683730601 0.0148621818687682 0.0511654210608798 0.135982813332367
-0.10940755920491 0.0474647439510961 0.0573669601156041 0.243815569291453
-0.231792176184754 -0.0313239560800976 -0.00168954896541288 0.269920739668898
-0.209356824055923 -0.148268598954657 0.15121164450807 0.260569863261959
0.0771467399347056 0.00774003065263999 -0.188198996131421 -0.234595227763715
0.0425904062120892 -0.0691383823347712 0.0171368876100524 -0.21267739259139
-0.0372904318113212 -0.0644040728753173 -0.0590619227793533 -0.267640390019875
-0.0481332056880584 0.0236285657967973 -0.0596097010922778 -0.106265076589792
0.00273795096514868 0.0280620117674601 0.0505124988710743 -0.130203650337726
0.0104316087307147 0.000597139724848324 0.0402872744283698 -0.238706005830743
0.00479485875256777 -0.0163084346732395 -0.0253891364937985 -0.308293314182651
0.00280611138633218 -0.0244730943246822 -0.048560310281591 -0.314386208224046
0.00857433364285337 -0.0304794193574427 -0.021720467680943 -0.30275119078165
0.0213822057496014 -0.0136894488090259 0.0406451141679491 -0.238523298005022
0.027970887209942 0.0255709241180405 0.105802890409086 -0.158832237520484
-0.0144989405304156 0.0628052703249348 0.130886345697603 -0.021168506326043
-0.0763486201241277 -0.016747007699454 0.0806783142215007 0.0715664840626953
-0.00785176516245125 -0.0789514744824107 -0.0667947974906539 0.103313649721252
0.0708319054878141 -0.0339571581393996 -0.188108243322963 -0.123631708286413
-0.018386571401632 -0.111518140019511 -0.192153745702871 -0.220278572041134
-0.0912772177760822 -0.145058684261348 0.0736637999676108 -0.191646182658495
-0.158294806629962 -0.100305600104426 -0.0472631272380116 -0.306355874767032
-0.18360856027391 0.0381369515958961 -0.0863431830464975 -0.113002726708784
-0.117654766038504 0.117099977761534 0.0297827252607476 -0.100814985197459
-0.0475844560803624 0.137194048789227 0.0455840957201418 -0.201337183335964
0.00205587347567733 0.119945955463357 -0.01354016255005 -0.287580749142603
0.0151525744647694 0.102821539003835 -0.0453664972574593 -0.296538980467695
0.0163165815424204 0.0787036329270792 -0.0241013665332368 -0.290782400258161
0.00476216339863485 0.0845056962451726 0.0354766674034825 -0.240389780165582
-0.0190189904379251 0.0950340459699451 0.104169981309894 -0.169167242678685
-0.0601307166396175 0.0899035160195681 0.13300066310461 -0.024107575569359
-0.123988331564997 0.00330977476220723 0.0801218566344407 0.0726742892121477
-0.0941753560559602 -0.0985075440439266 -0.0468354370630889 0.109369224053731
-0.0243527839438125 -0.107054709419447 -0.175843720142564 -0.0932077154607548
-0.0983508044400747 -0.22122815545316 -0.157006570684608 -0.159198825540458
-0.209792756741973 -0.209454473089308 0.146805771604419 -0.156049457955899
-0.257267052978747 -0.120431913495426 -0.0397310349037839 -0.335916231918387
-0.283969024099725 0.0480583655361106 -0.13699033905909 -0.120538589740582
-0.218009515590747 0.18384861143797 -0.0293234791698225 -0.0498644973172499
-0.101896508560652 0.247207983027017 0.0224047490999041 -0.12057175748113
-0.00330858167289425 0.234327616616484 -0.0129332654718941 -0.212222926815536
0.0254842444514401 0.215095509063741 -0.0362417823118134 -0.231713659131846
0.0273618585314428 0.181986509679513 -0.0176987855759354 -0.244373554734584
-0.00531876073305781 0.189706371559096 0.0345368773264294 -0.221396774654264
-0.0667032610743293 0.182151312984166 0.10263815784329 -0.172336439272732
-0.119578404079503 0.135400753909228 0.142392808661116 -0.0285757873026311
-0.188212425666934 0.0326682639865856 0.0893782639663101 0.0812606631659198
-0.192386160674518 -0.105274178659583 -0.0359925321571254 0.126791366610484
-0.130621470669635 -0.167230883589339 -0.146084808108203 -0.0504592494200667
-0.155491399479142 -0.288863414459319 -0.0946361157679668 -0.062937980920585
-0.284153236015648 -0.225181539614321 0.218795694065485 -0.119219654458217
-0.29768038438567 -0.104121972734475 -0.0427860054153349 -0.339863125776721
-0.313646599054342 0.0602586242094476 -0.192555681468905 -0.114907122539925
-0.261367302670831 0.218379909302057 -0.101408039779125 0.0159252603558277
-0.128953169315375 0.309017497751533 -0.0161883340621978 -0.014312602487849
-0.00463504725646789 0.304067117668006 -0.0193849547057146 -0.10002339278207
0.0322649686825691 0.294278886944987 -0.021928069990464 -0.129612830592891
0.0334506791204445 0.268888482798095 0.000720846048421125 -0.162647295832278
-0.0139037249699321 0.28915683078464 0.0419767948444915 -0.170454413410664
-0.115083408720897 0.271519780469158 0.102015760877535 -0.146128964834218
-0.186669738163186 0.186756942964531 0.151235574958262 -0.01889728141512
-0.26005094614454 0.0634698908347608 0.103377174881376 0.102497248212688
-0.292321329115673 -0.104495095803669 -0.0206296947746235 0.155429845951229
-0.231005798747032 -0.214669547894309 -0.0973682783765308 0.00656417313567805
-0.185094988339674 -0.293264266334808 -0.0189106625999114 0.0407221045523583
-0.292402452185154 -0.1787684726473 0.261076705378782 -0.0978437112004885
-0.254171541658108 -0.0553019618598183 -0.0582557108369545 -0.308429567672803
-0.258860970470285 0.0595079586169197 -0.227130626899388 -0.0852783855454004
-0.237468505228738 0.208532219989614 -0.153548999428818 0.0822595517259583
-0.121657545754366 0.309826531701611 -0.0512252995948556 0.090036770521242
0.000809721501519814 0.319319984623756 -0.0270507166638365 0.0258554194512187
0.0339798917311182 0.330073264809184 -0.00540701286294364 -0.00652924808474292
0.0319555048033976 0.32090060217058 0.0234988244384839 -0.052395803479979
-0.0295140141936124 0.352827499415793 0.053636970334841 -0.0817461316329979
-0.163501339790699 0.324272665370631 0.0982022421484097 -0.0821332107535889
-0.245608075757034 0.210113919935356 0.151297329718255 0.0141420879192362
-0.311273767084901 0.0772323528146597 0.114479851139403 0.133650677523906
-0.366182935594754 -0.100795991620436 0.000285534071575102 0.187381626219023
-0.304234795817814 -0.244200374690525 -0.0287844802747442 0.073623623540084
-0.188874500250101 -0.238940949587542 0.0546520284564326 0.122620902545482
-0.240299526656723 -0.090533566572406 0.255720032153486 -0.0969033292679866
-0.152749165361376 -0.00203419456856912 -0.0762112548822986 -0.244718102482545
-0.159222336808634 0.0371898418196367 -0.222184853336578 -0.0457224077953052
-0.176212702125748 0.159421126480595 -0.16712885466982 0.128291529849641
-0.0920277084148839 0.258287872972102 -0.0680216512043137 0.169411343521285
0.00785012783061933 0.285398278255507 -0.0285275514135216 0.139707204643716
0.0328691891920036 0.31581077155709 0.0125997723363686 0.117104397292889
0.0212556337247919 0.322500659410413 0.042440480859499 0.072865528993354
-0.0519435213159046 0.353174787612382 0.0583365331852484 0.0320422282812499
-0.197385828905062 0.305696696917347 0.0809592766457625 0.0104972730709469
-0.264422002868337 0.175388593082227 0.129930108084839 0.0638807414151675
-0.305542096118238 0.0644260780410373 0.11216564415171 0.172298023538081
-0.383287108360408 -0.0914631559990367 0.020931141856994 0.217047605245116
-0.328356784628053 -0.247402590058864 0.0461203448667984 0.143573231615342
-0.169204484178541 -0.152249715134797 0.114458066957693 0.166743415296776
-0.158496664467205 -0.00383624622667553 0.212758155724054 -0.107032926989131
-0.0479999121440077 0.0263379347583724 -0.0838737676784853 -0.175020494232907
-0.0716311110795901 0.00263357119276746 -0.189971561852503 -0.0157533080395003
-0.111115876447212 0.096085982424317 -0.153025447020796 0.145726667538943
-0.0576768614706601 0.180115994958218 -0.0679245899412083 0.216369144421857
0.0125867131432086 0.21509224484882 -0.019333584828054 0.227145142900994
0.0249665824554298 0.25245663727194 0.0295216099622881 0.223719093410116
0.00708603822918907 0.266827438030726 0.0511595775339492 0.18999434735665
-0.0689383160529563 0.280873731326698 0.0449197965328646 0.14332193619265
-0.191531892739522 0.213330855999109 0.0439912709313177 0.0998992714147862
-0.217185904877314 0.0941630615084662 0.0907344857131167 0.108975736936875
-0.229564152788471 0.0432113216418249 0.0949447949915663 0.207645981295867
-0.331486932576113 -0.0691582906005967 0.0283489906009199 0.24433171882902
-0.292636742869 -0.212763195264175 0.111675284478974 0.206119575690469
-0.127500755059533 -0.0608026887243776 0.158922133126315 0.176491511451316
-0.0754610974735475 0.0524956563508202 0.162762716631243 -0.11672676161275
0.024309831057188 0.0284754020057249 -0.0790649627767744 -0.120920658093254
-0.0175761316748491 -0.0288366440375422 -0.158052592811293 -0.00541275954250374
-0.0605270787600372 0.0372345094566629 -0.133219868532313 0.14787357850658
-0.0300990657589983 0.0943636777212532 -0.0603140764832676 0.239092280739924
0.00893679700213988 0.123348882560516 -0.00432281454017 0.279665132060039
0.0148165016268779 0.149300199961454 0.0425210742228682 0.29489561323487
-0.00339596667700441 0.159721858355563 0.0464555418697922 0.274863892521943
-0.0610778583321472 0.153197911471408 0.0180331879725576 0.222637724032307
-0.126430472309018 0.0861147552813941 -0.00118247907670339 0.155571635714481
-0.10212607641277 0.0169946501598538 0.0524791357900562 0.131781292704626
-0.104118330369299 0.0459942502916736 0.0684335181043243 0.236078123072375
-0.223937922555183 -0.0212163784687803 0.00946960566315497 0.264351252504521
-0.206922847048416 -0.134722937513177 0.148965334491351 0.249393187751247
0.0678804331548297 0.0382736405539461 -0.0678112823837601 -0.293526861201324
0.065153351300156 -0.0435253392745948 0.101401675960581 -0.188932604352196
-0.00849434530122228 -0.0724770080872516 0.0498363859313391 -0.262981375855408
-0.0511708820181734 0.00163766733112875 -0.00815054378216795 -0.115624147562446
-0.00915580184477288 0.0249313699865931 0.102227142340486 -0.0972598518885632
0.00797363732982327 0.00425737313969326 0.133426979225751 -0.197225759520634
0.00980631178557179 -0.0141832995720922 0.102983147727408 -0.285005667298282
0.00929255296233907 -0.0221226729844981 0.0841291796051479 -0.299746846426546
0.0155267233027495 -0.0266175620099278 0.102122464873458 -0.278308721172285
0.0207062422280659 -0.00606003656104499 0.132810546463847 -0.197308182087454
0.0146474009180622 0.0301301607182044 0.156759820740592 -0.0985361352235593
-0.0343208119745496 0.0494590647210717 0.124707161318169 0.0340658479559896
-0.06302745524076 -0.0425653819049745 0.0431718773837459 0.093309604954835
0.0200046755543503 -0.0725219913330553 -0.0947935320437879 0.0666576976911181
0.0745525439992309 -0.00920210575600878 -0.116558353671061 -0.178221603492966
0.0360781021356111 -0.111484908551387 -0.0884162893155599 -0.269099059615491
-0.0173516615539343 -0.167158498743564 0.140352984783547 -0.140073248541974
-0.099024225647606 -0.157601221331198 0.0729487603906628 -0.28501916515468
-0.175224328778297 -0.045257273861661 -0.0311527508806954 -0.124781393620448
-0.153082643007901 0.0527741393403964 0.0738514041459259 -0.0729255469332636
-0.0996797705635908 0.100356051741714 0.126254601024959 -0.156335344636004
-0.0480220779782885 0.105348522111554 0.104310244473245 -0.259949789287142
-0.0299213459207912 0.0969250133333086 0.0792535039554128 -0.28272291169474
-0.0199292681427874 0.0740342459069739 0.0936304523182933 -0.268829396894184
-0.0309557823564475 0.0746411535411185 0.12718034250901 -0.201199615539058
-0.0548361941350151 0.0748886643416547 0.159010849458479 -0.108864653542759
-0.0859999945987253 0.0552272587311934 0.127297529768376 0.0318849556934035
-0.112665090810278 -0.0432412925132798 0.0423475435185194 0.0932519395174089
-0.0486326529119948 -0.120353830290784 -0.0794073674378571 0.0749064667451707
0.0166006958350413 -0.109140715945728 -0.11335050196911 -0.150770168747741
0.0127963568048759 -0.246696748748784 -0.0934101968003915 -0.189638742044082
-0.0927538673840449 -0.273962001942311 0.186855642828812 -0.0718210763993708
-0.176749245791738 -0.218789810938721 0.0879396557823855 -0.301558024549578
-0.267924993895873 -0.080543034489502 -0.0758260913925653 -0.145658681167139
-0.268970809783684 0.0691122741368164 0.0018862973777985 -0.0448250142972702
-0.192185932290458 0.174948621878116 0.0752304835378667 -0.0893328092604982
-0.0996609766058273 0.204035088219328 0.0750655090901324 -0.191514654607093
-0.0653768701957234 0.20239241237556 0.0606866318134333 -0.222238229349846
-0.0511395500122216 0.172592514069905 0.0791756960729531 -0.225204180394994
-0.0805028550948173 0.165989690885048 0.116978259831263 -0.185405965870727
-0.130819632073681 0.135636182271621 0.158095777093688 -0.111807975176137
-0.158132522755577 0.0719162452756897 0.136671505357794 0.0320745157191656
-0.181275089515525 -0.0412117132795939 0.0455864127882167 0.104446367031819
-0.132540277731835 -0.162079924606097 -0.0771535142286136 0.0902164925603274
-0.0570027657825457 -0.201152620331621 -0.10129556892504 -0.104438937087523
-0.0082566250999631 -0.332589034773805 -0.0841503182168833 -0.0708307952771927
-0.149650477981247 -0.320501239912167 0.233521290800082 -0.00550767655157374
-0.217606908110735 -0.22207191390433 0.0874623376880995 -0.303317204723201
-0.299447126302156 -0.0835680937336505 -0.12901609789313 -0.161130351489619
-0.32150228168673 0.0810256815710242 -0.0890619628623232 -0.012339984747556
-0.240777769197575 0.218533340895867 -0.00145392531441383 -0.00862156451172451
-0.128310633656935 0.265373167432866 0.0235739666367548 -0.0926557605387683
-0.090022667954746 0.277066790431675 0.0318369504369567 -0.125932564460118
-0.0788800950922672 0.253077154898559 0.061033820852568 -0.145131524577075
-0.125458780072723 0.252489673453201 0.10161478183298 -0.136493050285138
-0.208906916645447 0.19799883948763 0.146984687501557 -0.0892344515747999
-0.240966301339447 0.0917668480324686 0.140005492433328 0.0436648503326634
-0.258722975020098 -0.0424578246162679 0.049101011183292 0.127601040617738
-0.22184730392131 -0.198964445107258 -0.0760684671874577 0.11713937190868
-0.12956512978549 -0.279283068170359 -0.0774967370529128 -0.0382611861587348
-0.0343931078480851 -0.347969048157772 -0.0596479779072676 0.0564570602462728
-0.176640450516374 -0.28036575352909 0.264383394439431 0.0322504484795718
-0.199350071777085 -0.160450389047607 0.0634934488234475 -0.282638207194245
-0.25155632518483 -0.0603935570565761 -0.171553549075974 -0.151856267887788
-0.295462795164325 0.0822264650790371 -0.162648563779596 0.0246221231092559
-0.233350330113575 0.222415568986354 -0.0746864708832587 0.0703092852590676
-0.129168656980543 0.28052891309114 -0.0346836538484047 0.0163185158530006
-0.101545360975747 0.310096061321684 -0.00352022397138992 -0.00914606012697804
-0.0995200032955348 0.299710606740864 0.0354330528694023 -0.0373656575322674
-0.162652600795587 0.30405304503364 0.0753604682046268 -0.0519663012467374
-0.27239898307406 0.227959028400677 0.117306736993343 -0.0330610091796263
-0.303494490995513 0.0892687992811589 0.124247854963934 0.072550679421671
-0.30935420043126 -0.0508858868668268 0.0460846072438972 0.159923168956823
-0.288184272687411 -0.222153942996033 -0.0716326945207635 0.151392578957547
-0.184237272516462 -0.330664705900283 -0.0428005890349647 0.0456285473243439
-0.0625903648443329 -0.299448702182898 -0.0223112077227113 0.158850835236969
-0.16824698550081 -0.17952194197188 0.261536470459264 0.0283860613716756
-0.131168167424726 -0.0715123439815922 0.0267107774298024 -0.239424975540573
-0.155911840752957 -0.037896651009237 -0.182232543753039 -0.120222071694237
-0.220030374558463 0.0657729742621769 -0.195750329947053 0.0571056093602537
-0.186186005492959 0.189831562277008 -0.123318929300843 0.132084739216708
-0.107647999351837 0.253537584427581 -0.0818152520391685 0.1183405484171
-0.0962555080315359 0.296775917797751 -0.0377438208925914 0.109176403930634
-0.107773021628385 0.298037784507619 0.00196282689233131 0.0815795557806992
-0.182166533170327 0.295056537712558 0.0328680780510095 0.052222319173337
-0.296174180330274 0.199031641917048 0.0636820327540237 0.0428002743658868
-0.30709792645791 0.0502880319446954 0.0852417316757287 0.109331672562332
-0.298436181747536 -0.0606980787674319 0.029354691886994 0.192746130640993
-0.305913878767965 -0.220702266561309 -0.0668366744499202 0.186891717662618
-0.204560871965992 -0.341719070871504 -0.00461264343343237 0.137631646387869
-0.0841136394594248 -0.210375686080786 0.0214372906040323 0.21765653878415
-0.133266253524703 -0.0689246896898076 0.23070325283688 -0.00181256628282491
-0.0505611016031293 -0.000559588128339747 -0.00610823538263522 -0.18527626669517
-0.065002227273077 -0.0299537480841357 -0.165918792628037 -0.0864911360703658
-0.136217386649584 0.037842895576427 -0.191299735532908 0.0747367289310945
-0.122337128067243 0.13498796950107 -0.14364183608957 0.170883236420077
-0.0759734480013622 0.194317932909361 -0.109747405845814 0.199341028751659
-0.076510562917431 0.237589999334998 -0.0646931268438831 0.211346961483093
-0.0972213832812139 0.242805959089391 -0.0363878058951855 0.188651265187512
-0.168239501968791 0.224795992833487 -0.0222246594833464 0.145924851342642
-0.254683854572742 0.119745945621995 -0.00459652908691818 0.106470110863539
-0.233452159155496 -0.00303427419563497 0.0330645660689609 0.132669493539091
-0.220944155625471 -0.0513397749784481 0.00132233344078792 0.218358746991018
-0.26684240680376 -0.179918845025496 -0.0720746943926979 0.217031844783025
-0.185433507857942 -0.296099593234274 0.0247760042558852 0.220632290071408
-0.0875077963209929 -0.107887299812033 0.0646115838231385 0.236713917677338
-0.0852175579776856 0.0154237650684547 0.1910307322721 -0.0353950962724448
0.0108268809050828 0.0329894166269274 -0.021324196641217 -0.139745864209552
-0.00511596534267905 -0.0329119491431602 -0.141959027854261 -0.0663972302363269
-0.0666353825417169 0.00786155119666301 -0.176589893505365 0.0810473788142908
-0.063352232994008 0.0712764654813868 -0.14742474892434 0.190326979235579
-0.0408180156285898 0.112931410901529 -0.118162347600278 0.251211925005878
-0.0446029916099524 0.140435538635244 -0.0818555414031569 0.280726122630887
-0.0633422966029752 0.142308391179136 -0.0722068560798477 0.262429433324824
-0.11182218342391 0.114185745298907 -0.0772075164544878 0.205526899281815
-0.146759426337887 0.0308034833081526 -0.0663538345204284 0.137917090864506
-0.0992352017788547 -0.0268670427503956 -0.0100633925123875 0.13742484684911
-0.105932068141949 0.000142107094326885 -0.0340994780714221 0.235574125392893
-0.188807547260386 -0.0952335110479845 -0.0974343549810388 0.232785725697316
-0.136542613194489 -0.19272262726037 0.0355133161305326 0.275029254934087
0.0695543673235281 0.0348046694597728 -0.0655794760101373 -0.289713466097337
0.0623191580115068 -0.0454160788975028 0.101491673797038 -0.19252001954884
-0.0115053242029884 -0.070589644222159 0.043120493801892 -0.262045054069022
-0.0488785518927763 0.00358846529002009 -0.0075067898893992 -0.114224703551423
-0.00749241272760003 0.0229569241757355 0.101317827289242 -0.100645615347956
0.00716194324516457 0.00239285273810065 0.130034013441951 -0.19967962195629
0.00753920271388973 -0.0151733094846302 0.0977776697152492 -0.283879334504498
0.00657645118275296 -0.0226114799633406 0.0806226833206668 -0.300571637891929
0.012329990340704 -0.0274135975827449 0.0972709530665892 -0.279767532115285
0.0184066841041864 -0.0076406554628435 0.12910181792538 -0.199206937335854
0.0156858739428133 0.028421766233181 0.153846401568947 -0.101823404200405
-0.0303788104520445 0.049459972740005 0.125258901712554 0.0311862442246695
-0.0640001367500748 -0.0394795047330432 0.0458365999236179 0.0905987145734853
0.0167299999681686 -0.0727034973593868 -0.0905730260268213 0.0694076138682134
0.0757608011904325 -0.012914799581531 -0.116479409843479 -0.172164523507323
0.0364983039089219 -0.113465683332459 -0.0852130320118575 -0.264144406950228
-0.0195894286810727 -0.167119542876105 0.141707218778156 -0.144200109985592
-0.101656916600565 -0.156535951973023 0.0641973900129081 -0.284354577916845
-0.175515194126488 -0.0428734671504528 -0.0302949944158203 -0.122454905087869
-0.151830175140986 0.0522788654090533 0.0733228354329126 -0.0757306774029854
-0.0984560785809934 0.100580116414281 0.123584264040976 -0.159255589059308
-0.0490681104013428 0.104461568454081 0.0984884439255035 -0.260337346058905
-0.0309118604239215 0.0969519652953728 0.0750903068192272 -0.283381163882725
-0.0215979727667437 0.0738893017458182 0.0883125245934911 -0.271486535066775
-0.0320523055141788 0.0742644699117596 0.123570056984682 -0.203511532488721
-0.0529335168714926 0.0748564186727202 0.156203369018576 -0.112429639966133
-0.0823603688695121 0.0556987480251096 0.128084855644509 0.0291392342109803
-0.112376802574606 -0.0400185247204202 0.0457998889070864 0.0906018463340999
-0.0505436574622909 -0.118101424654767 -0.0760191098453474 0.0765679172554214
0.0171927575685893 -0.109645168506722 -0.113476660340046 -0.14429515154284
0.0120945643577567 -0.246223752716881 -0.0896014424252911 -0.185315786479668
-0.0942962331927207 -0.272434579882235 0.190345630992445 -0.0781093296637307
-0.178118682983818 -0.218613432367651 0.0781826188258875 -0.300290052594476
-0.269168704614376 -0.0786990447627138 -0.0756869006986092 -0.142747233230558
-0.268539778460866 0.0709965472822699 0.00162961649548902 -0.046665617459804
-0.189383587697515 0.17693273573333 0.074407565095319 -0.0922234562221897
-0.0986614357425927 0.204308111227481 0.0701964480600865 -0.19204083354528
-0.0639541785092321 0.202754272650431 0.0561700723270767 -0.222441827874189
-0.0516806710969714 0.172490143571748 0.0745804958653898 -0.227254200186707
-0.0798568704826915 0.16611192694311 0.113677312480456 -0.187720549977542
-0.128486424816699 0.136991966274513 0.15510242912666 -0.115301834888549
-0.155421066478534 0.0731501118855742 0.137545514162203 0.0294719950471444
-0.180260186694639 -0.0387637989094385 0.0491492263654319 0.102414671175629
-0.13386625583334 -0.158858520794455 -0.0733108697176838 0.0920888282221953
-0.0546873969270147 -0.199956539386214 -0.102307285248728 -0.100215548925305
-0.0102531621406309 -0.331489740262021 -0.0803612371976926 -0.0671830289264725
-0.150311248594212 -0.316055353369839 0.237308945376031 -0.0121232188059998
-0.217806911048236 -0.222517279536912 0.0779723561031187 -0.301116050719777
-0.300188166671798 -0.0823655018282365 -0.129095346871794 -0.157019911686509
-0.320545161297566 0.0845517925889263 -0.0899419388823288 -0.0119178709845623
-0.237804786637402 0.2222997574905 -0.000840535607064086 -0.0099120291443604
-0.125552749639179 0.266283313145109 0.019560136480791 -0.0927966394457975
-0.0867730239164959 0.277617469252807 0.0280482076524032 -0.126181816241906
-0.0772091751187537 0.254046321954633 0.0571003708222912 -0.147882378440574
-0.123343239000455 0.25317203219743 0.0989411856815979 -0.138971634282393
-0.206305849310261 0.201384136521811 0.14367720454532 -0.0938839742646347
-0.238974837811056 0.0932833611028355 0.141420778407362 0.040684305898145
-0.256835540579558 -0.0405378223667309 0.0534962233344824 0.125582302841638
-0.221416890383384 -0.194322983008248 -0.0719582557791098 0.119284187202216
-0.127659490660919 -0.275984225346833 -0.0791281752953485 -0.0348495527859561
-0.0374025170955413 -0.346074741887552 -0.0560647837748805 0.0590348713449704
-0.17587970892103 -0.276079201253879 0.266299383343194 0.0242783348265474
-0.198191143476842 -0.162063776138335 0.0553272231657142 -0.279636857347683
-0.252869994314769 -0.0606562214101586 -0.171804488261034 -0.1480253976919
-0.294819173844977 0.0857509606660225 -0.162174210138226 0.0265687407865627
-0.228993337238574 0.22552448687498 -0.072502699612737 0.0705348475288653
-0.125509257633688 0.282055794597894 -0.037413904259931 0.0177064474514017
-0.0962319842041468 0.310693810164768 -0.00567177001715398 -0.00887759193409831
-0.09623586866303 0.30081671664573 0.033855664856246 -0.0392359644089066
-0.15887736087914 0.305393661691525 0.0740198917399589 -0.0543773479737935
-0.269535124993814 0.233457443814342 0.115464893961494 -0.0368113262801325
-0.303370019250422 0.0915054088626562 0.126990220697651 0.0712651291552537
-0.308300014331687 -0.0506327821354449 0.0514214332019265 0.158617039628758
-0.286771021757131 -0.216940301425076 -0.0668535128769014 0.154723315968602
-0.182940759602814 -0.32587541450223 -0.0450408986436062 0.0481179985220538
-0.0659116648215247 -0.295253432233619 -0.0179514879931473 0.159376662357201
-0.165815489623098 -0.174109321329425 0.260692025086628 0.0226188147921671
-0.128178209132627 -0.0730094933950509 0.0186903196490891 -0.235431236306352
-0.15752210650212 -0.0387492894653259 -0.182508420209227 -0.116602956550281
-0.219418421676135 0.0693724703234356 -0.193133037141145 0.0597243125224302
-0.182164652457956 0.193433627018163 -0.119960294654293 0.132908506657774
-0.103561495097094 0.255232325994886 -0.0829623235186661 0.120395695911178
-0.0914489719525102 0.298463701395692 -0.0375929545044962 0.109803848907156
-0.104000754380985 0.299694236696003 0.00227687519825806 0.0802790660733235
-0.178449939241872 0.298574786808002 0.0338024060199638 0.0499155996110227
-0.29384846496119 0.205146272128631 0.0632213908692721 0.0406918085332964
-0.309359250081036 0.0525392006634342 0.0870642245512279 0.108435919613623
-0.297945064980754 -0.0614727546200331 0.0348994947722424 0.192479500833582
-0.304337225582631 -0.215333567551506 -0.0628397640593579 0.190450862401618
-0.204397304620915 -0.335632924895196 -0.0080837919632117 0.1385071269968
-0.085019104237652 -0.205761425061569 0.0242210611064603 0.216581391269677
-0.128531084580984 -0.0642003724308145 0.226593384418366 -0.00661099059297586
-0.0474971651418447 -0.00386655560095854 -0.0114188531888067 -0.181563002612087
-0.0667385556294159 -0.0312839561466514 -0.166013381234344 -0.0823628347706764
-0.135741405057777 0.0408629136684309 -0.18897724124359 0.0778379406447555
-0.118900551866171 0.138211751400969 -0.139030182779469 0.172442589620347
-0.0716149457925999 0.195808388100691 -0.10832886739828 0.201278201261483
-0.0711931802486397 0.238472573852968 -0.0631711701783164 0.212455690214415
-0.0928096594801878 0.243473466679871 -0.034220821022323 0.187867541982959
-0.164847218101401 0.228045776666556 -0.0202429890671945 0.144738438646496
-0.254610535090262 0.125389195280233 -0.00433535524073304 0.106222914838318
-0.23682633707198 -0.00186041115575739 0.0341730856457238 0.133053187404531
-0.219515773056588 -0.0533187108211393 0.00706516944710733 0.218774230820238
-0.264435308590917 -0.174140375312802 -0.068044816797156 0.219959683871845
-0.185108498611633 -0.2902744343178 0.0207824345998837 0.219769506114727
-0.0878540165297108 -0.103414176704843 0.0666742045486211 0.234296135924771
-0.0804773248503037 0.01779466051869 0.185030454763373 -0.039337003090878
0.0131794480606873 0.0291646430080008 -0.0251862709635642 -0.137049504499317
-0.00771336886191223 -0.0338379450330419 -0.142380894305048 -0.0638802304461634
-0.0661438233198545 0.010412066695475 -0.173728022282874 0.0829886122082046
-0.0602111979453532 0.0739830806985822 -0.142655922313327 0.192427433086525
-0.0374300769064671 0.113073854942824 -0.116292252304526 0.252193166843243
-0.040227509846341 0.140856253974386 -0.0800790115281058 0.282499331323505
-0.0597298537069281 0.143768554054818 -0.0689121277522087 0.262573693034326
-0.109541006219794 0.117103471437253 -0.0737472047224723 0.205628984266783
-0.147719923735455 0.0344125963664253 -0.0652818895806437 0.138974132228904
-0.103083268463366 -0.0278041413607928 -0.00933802815813878 0.137919703644261
-0.103572578479562 -0.002442764999863 -0.0278615329537895 0.236199784295674
-0.186475154786858 -0.0901434661720107 -0.0942454225669521 0.236131737026159
-0.138255412014915 -0.187536448305482 0.0311676798372742 0.272412597000672
0.0722244973703877 0.0303708834356824 -0.0680522565682498 -0.288587190170716
0.0596905012907396 -0.0486905004265085 0.10025436078356 -0.200278261537507
-0.0156840814276372 -0.068623482386467 0.033590325577215 -0.265477550361763
-0.0469593152761279 0.00640741638445875 -0.00851038104156407 -0.113953999933585
-0.00581114868172397 0.0221072521572105 0.100677379466901 -0.106522194546283
0.00641146767045179 0.00109197490892528 0.124623206686631 -0.205849058751909
0.00530245408839669 -0.0166060046487292 0.0903598962095398 -0.288571614449317
0.00289341894389441 -0.0233854193097615 0.0738439517731316 -0.306810082586727
0.00796422875855844 -0.0287256024092003 0.0890991258557017 -0.286417713935187
0.0169853643242214 -0.0100756580738207 0.123696615071101 -0.205724158946604
0.0168196105224015 0.0262112729383006 0.150976013713463 -0.10941566599521
-0.0259718435953795 0.0503613447806511 0.127538490324024 0.0261646438402955
-0.0666565230507366 -0.0358967835549815 0.0498382873465664 0.0887844199200616
0.0127068621956125 -0.0741513699613629 -0.0868474171768876 0.0744534738532815
0.0762669762022086 -0.0179598173565573 -0.119067300203877 -0.164997472078975
0.0356548237710132 -0.117195779410922 -0.0863236815112704 -0.262653018539692
-0.0244826047493593 -0.169489166832655 0.143469380064209 -0.153899219137853
-0.107473974032822 -0.15547434088745 0.0527089983554724 -0.287515358636603
-0.176926139405262 -0.0382162348992038 -0.0315134950903035 -0.121095198766491
-0.151660558701825 0.0555441550644358 0.072475319869099 -0.0800688496106988
-0.0971153815542851 0.102820548384915 0.120235764724716 -0.165249403242566
-0.0485488659515164 0.106267654014841 0.0903132218635862 -0.264837777970003
-0.0310262951255056 0.0985626872028996 0.0680442860481333 -0.288394754201328
-0.0235521769781971 0.0750524973568456 0.0803557840856965 -0.27768338035585
-0.0316542155816239 0.0747254285306943 0.117278702555286 -0.209787472601791
-0.0503662917472871 0.0758338994046063 0.151978812281024 -0.120185719397503
-0.0790033597653187 0.0579486508810344 0.131422654776558 0.0249213674479127
-0.113652938231305 -0.0361203227855291 0.0506035827663033 0.0893665723497432
-0.0541952684407667 -0.116878193443524 -0.0718375411034865 0.0814248121848675
0.0169502669617707 -0.113557299862381 -0.117236015253512 -0.138936952530669
0.00772820435327659 -0.250146052397037 -0.0897769409313665 -0.182682518674278
-0.101321655865497 -0.27213500189544 0.194393004843242 -0.0888094260245223
-0.184836193130945 -0.218521958970836 0.0660917430524325 -0.303908791580588
-0.273977729656717 -0.0739215759298186 -0.0773845673479989 -0.139661880307877
-0.27017361689959 0.0775390160895088 0.00042552507881292 -0.0484064885069345
-0.187253285959248 0.183576150771837 0.0725133468842264 -0.0962974899524164
-0.0958941475481188 0.208852989792535 0.0628294219164371 -0.195272657127785
-0.0607220549991243 0.206582637237921 0.0492108033229264 -0.226841390646058
-0.0499693442067385 0.176441212352791 0.0677516539442193 -0.233482385161924
-0.077668409783775 0.170182687930563 0.108445986565823 -0.194462094856891
-0.125937997976177 0.142457730472769 0.151479728540083 -0.123392430397475
-0.153723891998375 0.0762747340039787 0.141504625378144 0.0244832025731077
-0.181084712058806 -0.034883728698876 0.0550093484989662 0.101093391842572
-0.137778151845545 -0.155190387220727 -0.0683397510251192 0.0968610495683797
-0.0565273022755662 -0.201363388442978 -0.105055779486155 -0.0955251453684497
-0.0177842238703485 -0.333528066171482 -0.0779949966854542 -0.0630860878544721
-0.157520527214913 -0.314085820143392 0.244186999422057 -0.0238598941211533
-0.224175751962194 -0.22260694195065 0.0650981997808392 -0.304138932119411
-0.307271390587391 -0.0779793771222665 -0.132710974530557 -0.153074199161587
-0.323354849823156 0.0935658524413557 -0.0906593578033887 -0.0105524516401575
-0.233847518841399 0.230774645131721 -0.00052578232555477 -0.0112943280764878
-0.120492491258886 0.27285195761977 0.0145618103936081 -0.0936350500454763
-0.0811422437821978 0.283713609774961 0.0232293820958208 -0.127626271355283
-0.0729362144779611 0.25959667288896 0.0517810524198565 -0.152230421399312
-0.118229959659238 0.259489742191915 0.0951971249236787 -0.145195789030356
-0.202032669314805 0.210982577551742 0.141466870881186 -0.100688889562046
-0.239914984117804 0.0996046338406154 0.145298114687268 0.0366173371570072
-0.259259800927443 -0.0361398828261988 0.0608715927455675 0.124120238264027
-0.226792565634298 -0.189217001571213 -0.066612483024645 0.124557736452894
-0.132368788621865 -0.275260612240902 -0.0821399168164193 -0.0305872106408646
-0.0458424028623608 -0.346324490852961 -0.0513010232471319 0.0624958730879232
-0.181199106933954 -0.270656618592696 0.272104350530992 0.0141709169125916
-0.200902567719368 -0.161209615832655 0.0439695851055981 -0.281451220714006
-0.258204157073297 -0.0577578865446014 -0.176044142337902 -0.142413097463962
-0.296542673245674 0.0955957485481957 -0.163801828468467 0.031174917556171
-0.225678547974475 0.237060230034501 -0.0709675833422113 0.0718246431377122
-0.119518467929308 0.288909158416781 -0.0396061018016812 0.0198561707217386
-0.0884411444429457 0.317059180766636 -0.00804653834893618 -0.00835363908396823
-0.0895895786500841 0.307480624077074 0.0308883818015599 -0.0426747348385683
-0.152647247768409 0.313988055166818 0.0727135659339268 -0.058380652983565
-0.266121191716037 0.245509477833456 0.1153044882231 -0.0419693120610863
-0.307128886207415 0.0994685782692675 0.132426253910707 0.0678762709947152
-0.311692316583701 -0.0463990158411648 0.0597229798798211 0.158070222013195
-0.293038763786089 -0.210205281098133 -0.0611643427439138 0.160972632058533
-0.188837548171431 -0.323440983710221 -0.0470459302294359 0.051749067631482
-0.0729621465757678 -0.293294209253358 -0.0124025887239382 0.162211998890223
-0.167205448246574 -0.169056037561732 0.264019240284968 0.0127879745745679
-0.128964440326532 -0.0747984078559194 0.00951418168158345 -0.234666154912344
-0.162006704836904 -0.0376863580039433 -0.186435238260387 -0.1106423260121
-0.220348670731819 0.0769062151174453 -0.193549904711592 0.0653831530534744
-0.177280299167919 0.201281690633103 -0.116900007497059 0.136032457696118
-0.0970263861859881 0.2606291845265 -0.0823471355023312 0.12459399380561
-0.082411931959804 0.303640209015193 -0.0367452357627381 0.113162178505419
-0.0969494875257182 0.305397941568065 0.00283772170171202 0.079301893208718
-0.17209131766585 0.306459373880785 0.0354509231846143 0.0478825941212783
-0.292235975807044 0.216953441062627 0.0648569976957441 0.0378244075850038
-0.315790191403904 0.0594614485501479 0.0933392293041018 0.107758470618865
-0.300767405995838 -0.0593522384510719 0.0450855407058437 0.193478645072226
-0.308217195627709 -0.208712862888202 -0.0563176032926238 0.197282534564206
-0.210976500252166 -0.332397092481981 -0.00943376179234322 0.141671129570885
-0.0908312970199807 -0.201435635854859 0.0301621612933416 0.217663558297218
-0.126762520800542 -0.0596332489558387 0.226194004658276 -0.0149298181345508
-0.0459679380214332 -0.00688190737288935 -0.0198385286950965 -0.179391822689403
-0.0704482771488122 -0.0310801168472313 -0.169775325422296 -0.0781179962745296
-0.135362713188421 0.0464583602876481 -0.187266026003298 0.0831494840520208
-0.114007459183614 0.144289208413015 -0.134428944542677 0.176796076373072
-0.0654971812214843 0.199093896472157 -0.105582974344871 0.207104336992556
-0.0626220632818282 0.242875835465353 -0.0593856745360187 0.216773559279223
-0.0868828981819112 0.249201728023703 -0.0315741834847064 0.190031735155887
-0.16020403185765 0.235452006388356 -0.0163574814169859 0.145024927436504
-0.25475451622568 0.136022907876364 -0.00231826121463735 0.106482709786447
-0.24349108050444 0.00265480015130661 0.0388687857763796 0.134173888650062
-0.221042441386554 -0.0526867223960571 0.0168314488834289 0.221550757030126
-0.267580205950377 -0.167517298432679 -0.0620225725981127 0.22764303124869
-0.192066058863056 -0.28612476518684 0.0204214941318474 0.222617939589446
-0.0907022612896422 -0.098546657395708 0.0719183361747553 0.233592499015842
-0.0762734001742122 0.0212425314665704 0.182088251990578 -0.0460692284407223
0.0158635072178935 0.0250447960872396 -0.0323139068684273 -0.134693678070733
-0.0109882941501962 -0.0344571021396104 -0.145244902105099 -0.0593624814876519
-0.0664448556465721 0.0135825423744321 -0.171650875697409 0.0889651809164526
-0.0567181984987194 0.0772326721087676 -0.136478355940895 0.196914811950605
-0.03294606555602 0.116696379017511 -0.110592079967842 0.259116243779283
-0.0336010062338663 0.142987754929638 -0.0731223107671914 0.288127063815296
-0.0549336620280839 0.146447543137163 -0.0633843641903526 0.265929025257772
-0.1060369827829 0.121853408300508 -0.0679287652325698 0.208636728051412
-0.149895479360033 0.0412907646667745 -0.0638856377441868 0.142431763024967
-0.10870332742079 -0.0272324053633364 -0.00686589178136879 0.139406942577842
-0.102136040661572 -0.00346294758879686 -0.0182072942457505 0.238693251830965
-0.186972949157416 -0.0834247788822833 -0.0883375002304059 0.243287245301433
-0.143822688820796 -0.182474153258826 0.0312191695606114 0.273823906767061
0.0747044059126177 0.0240363033423782 -0.0740204650785539 -0.283625530414976
0.0548579367868734 -0.0522951732489691 0.0938005284433739 -0.209155635367282
-0.0202711758613396 -0.065418812955319 0.016561278212905 -0.266268578455218
-0.0443539634101485 0.00912437215050953 -0.0118944609148881 -0.112250964147046
-0.00390371985976549 0.0195828415818075 0.0961898806419147 -0.113708774222867
0.0061101490751483 -0.000733057688697715 0.113747376005451 -0.21329623958938
0.00219277378562958 -0.0179704454581247 0.0748599958241438 -0.29135720356578
-0.00117772491222929 -0.0233376322567169 0.0589082751284847 -0.310132830927705
0.00374780475269904 -0.0289814508496615 0.0738980760027374 -0.291262488714821
0.0144859285951664 -0.0118835544736296 0.112774848368968 -0.212338393116733
0.0188177717752582 0.0235277087780341 0.144233587650768 -0.117727262449872
-0.0206137824688385 0.0506942432904584 0.128861569942269 0.0181183446954984
-0.0682989640761849 -0.0302765954388103 0.0555905756718467 0.0845112907968542
0.00700695170889891 -0.0744807810694578 -0.0800217886972445 0.0799326310627955
0.0751332738806849 -0.0248266346589651 -0.123497998758169 -0.155439169969512
0.0322064286187931 -0.120528874520214 -0.0921528767810272 -0.256672314467085
-0.0327904729586507 -0.169090709310217 0.139855580146778 -0.166694700475002
-0.11619997319627 -0.149904314266028 0.0346411301128646 -0.288490317857475
-0.177974607643104 -0.0298449896724398 -0.0346078537192771 -0.117458583971135
-0.14871920894982 0.0613741243306929 0.0695179770130774 -0.0858002527016748
-0.0929134319214766 0.107317683470929 0.111380234920233 -0.172773442457956
-0.0455692045857914 0.108846590314237 0.0767230634536072 -0.267955971106858
-0.028729875224816 0.100854308571193 0.0533726211387001 -0.292631336887739
-0.0223633961497419 0.0764212732281942 0.064226948040765 -0.28288060148243
-0.0297473479767808 0.0755288825445994 0.105575203853787 -0.216850524575377
-0.0462215920308749 0.0774578524459665 0.144565778922176 -0.129843928014156
-0.0737441239943143 0.0599854278791138 0.133304901658872 0.0167651559409216
-0.114258665611901 -0.0290655425658143 0.0567657795637445 0.0854020293170447
-0.0602103462533825 -0.112696803110875 -0.0643281913181435 0.0856321613417551
0.0130587130524659 -0.116243337324055 -0.12072728045972 -0.129247165526862
-0.0020661085959812 -0.251043004216844 -0.0921324721016263 -0.176235338432746
-0.112923999812502 -0.267248633553523 0.195552617289749 -0.104358080795073
-0.195245562230405 -0.212590590805126 0.0468106556680771 -0.304634779327923
-0.278135593576587 -0.0618705388782846 -0.0812584495859102 -0.134946318606398
-0.267012124820148 0.0901105456272085 -0.00211199127737826 -0.0498325330894782
-0.17860987223934 0.192330929309369 0.0678177569439859 -0.10202954357372
-0.0867289255099037 0.214221924033985 0.050932216647461 -0.198123529414599
-0.0515311334656525 0.210099149013932 0.0369860049402102 -0.229148068623454
-0.0437089161887065 0.178691225636326 0.0535549413493233 -0.238327935677143
-0.070169618613929 0.173642406209529 0.097581469955706 -0.201339683033067
-0.117857833653331 0.1490016413925 0.143569741176805 -0.133747951271451
-0.148280442569972 0.0829572317664976 0.143970731564534 0.0161863763314327
-0.181961599159954 -0.0261031487232192 0.0633758796973812 0.0966534147382585
-0.143503163122101 -0.147187977293677 -0.0606290553089221 0.101008736151421
-0.062910116684326 -0.199305997192344 -0.108870406481306 -0.087077335138893
-0.0319586072778977 -0.331789054568822 -0.0756244974586795 -0.058142135898394
-0.171228752919481 -0.305128882634531 0.246855945159076 -0.0416961972895927
-0.234000503165327 -0.215081261671761 0.0463348719917282 -0.305116286977769
-0.311814334252298 -0.0646318377545751 -0.137810388678977 -0.145125357550997
-0.320125977333868 0.108438641686271 -0.0913284613703088 -0.00664089863397391
-0.222746738829879 0.243770774425112 -0.000782922392618557 -0.0134666318930003
-0.108208285391472 0.278603384754192 0.00776278660487527 -0.0942705336010523
-0.0679931174760924 0.288072236827593 0.0148913896540176 -0.12824392339959
-0.0618958772045312 0.263901399754989 0.0421804724898995 -0.15714278719406
-0.106155885511099 0.266052163169704 0.0871762549321731 -0.152301900864609
-0.191215311937076 0.222245413424073 0.134846776543335 -0.110609156881495
-0.235403554358699 0.109884329689156 0.15026013701311 0.0281805359493022
-0.259721164118802 -0.0258616141741988 0.0700764553717026 0.120204949791846
-0.232639465617422 -0.177631038879981 -0.0566896701361785 0.129199862645512
-0.140677629441097 -0.269000699388371 -0.0838622864130492 -0.0237043944304211
-0.0620709186793384 -0.342837264818822 -0.0443649007997667 0.0669876144346624
-0.189783447142541 -0.260181112285106 0.274761465506981 -0.00480735145996776
-0.207563836404891 -0.155735060258728 0.0260924697271499 -0.280649372871643
-0.263235611850674 -0.0477536923474181 -0.181501464122332 -0.131655265083873
-0.293696077782059 0.110228724048487 -0.161740100468693 0.0396191009446546
-0.21257755543511 0.247809965734135 -0.0674887917415259 0.0735087497645196
-0.106121268659126 0.294833629621007 -0.0404499800857307 0.0225171810691079
-0.072383551773803 0.321501832708448 -0.0105670508978245 -0.00727595287356704
-0.0757243790491762 0.312631492145519 0.0276048603682796 -0.0452341839317615
-0.13764502918014 0.323061769680224 0.069151318985927 -0.0641609993496173
-0.254264031670932 0.261355745718202 0.111435102974785 -0.0496000398739197
-0.304247231411448 0.113588560799153 0.137679960086928 0.0605590966628772
-0.312919831846328 -0.0349975227889091 0.0717257993727523 0.154054846394105
-0.298692855982209 -0.195507885854971 -0.0504064915421351 0.166759611810691
-0.199680180588861 -0.313544452538346 -0.0466747617916908 0.0561591997223289
-0.085915685359698 -0.287120400727655 -0.00258860382319336 0.163655397489838
-0.17048318534743 -0.158260111384126 0.264550841210219 -0.00390311895549132
-0.130007138767075 -0.0726519341360954 -0.00578345655442591 -0.23164021606347
-0.165478317129714 -0.0323721338083246 -0.191423454892033 -0.0998519612013468
-0.217313270670655 0.0886984081436524 -0.18929488931548 0.0750255387641272
-0.165710561851509 0.210978820499942 -0.109570521357509 0.140653312095244
-0.0838944624553903 0.265340266372502 -0.0765145216746369 0.130025994290311
-0.0649883087751598 0.308364196557453 -0.0329561780265571 0.115437257081545
-0.0816658520619742 0.311847044060577 0.00474189506237876 0.0779644753007026
-0.15671641466333 0.316483221168578 0.0370412685079038 0.0446845140888996
-0.282102544338333 0.235656835273907 0.0655792429453717 0.0331349434185855
-0.316541878522726 0.074167054023349 0.100558146975259 0.102939555819066
-0.3028858579679 -0.0498052309737273 0.0582067787395716 0.190667341324313
-0.314214379661776 -0.193251004905091 -0.0448227209601062 0.203557151609176
-0.222218664861822 -0.320717491251373 -0.00658607841097442 0.144599865138305
-0.0990461783002871 -0.193486235061879 0.0413261249958153 0.215898768271067
-0.123847034598389 -0.0518744341226364 0.223236206406568 -0.0278812320183944
-0.043872788804618 -0.00865989340192523 -0.0313878736889785 -0.174780519784015
-0.073925789365489 -0.0293795933043374 -0.17301028279555 -0.0674049103073128
-0.13316652435319 0.0543195662060979 -0.181995029902781 0.0928233148777444
-0.105164323409374 0.150257329052494 -0.124605829508975 0.182625443347178
-0.053644970400717 0.202833370389442 -0.0962517463154889 0.213653550263507
-0.0488117622477255 0.245818493285289 -0.0501951648687474 0.221342991367184
-0.0734314008399679 0.253928515845433 -0.0236115697956562 0.190858514939375
-0.148114398957349 0.2446298633997 -0.00995258815801826 0.144437751797674
-0.24867906552249 0.150904391813759 0.00203339384351279 0.106570648365108
-0.248032865351747 0.0129324971662201 0.0455606925572092 0.132938805887534
-0.22252233944145 -0.047678545616166 0.0316816752704232 0.219102144058316
-0.270610886597894 -0.15422637459948 -0.0500359097656404 0.233327182655093
-0.202448237218137 -0.274174785785063 0.0247408213764167 0.222937074839674
-0.0949022065753749 -0.0896406062585708 0.0820420939606157 0.229462506772122
-0.0702451627921077 0.0250287592492512 0.175603227119054 -0.0553610637004359
0.0174275516002921 0.0203113101613849 -0.0405587937787864 -0.130505459076602
-0.0157535249608682 -0.0341301070392573 -0.148133067646043 -0.0509257629463724
-0.065575687564242 0.0186716176103244 -0.165342309807197 0.0966683244979368
-0.0507649882761171 0.080578559736494 -0.125152021745187 0.203917905214315
-0.0249446716991377 0.118731648075227 -0.0981834720858755 0.266753927282965
-0.024876196377398 0.144323263202255 -0.0600542641090153 0.292640089451397
-0.0464069486653647 0.149191247690223 -0.0506505077354943 0.26931527071089
-0.0997080155106696 0.128689078791142 -0.058052145643751 0.210415055984621
-0.148957359200493 0.0509848640674201 -0.057921273716895 0.146369411799287
-0.113784307034392 -0.0223825182892828 -0.000902630040716753 0.140040308630595
-0.100586989263236 -0.00254419126886691 -0.00229323636098683 0.239735724484542
-0.187256859631653 -0.0721617497214294 -0.0759166057963654 0.250366201379217
-0.151511596082278 -0.172532219379815 0.0373403862155601 0.272683835229504
0.0746708262176163 0.015954118681358 -0.0789752869603192 -0.270926846539929
0.0484250605593261 -0.0545284533545437 0.0830720384219977 -0.213358999578507
-0.0244836539161992 -0.0593246204860033 0.000427332018800924 -0.25852714755628
-0.0405748904313454 0.0117165533284092 -0.0151216195049652 -0.107484381652286
-0.00212988723467039 0.0173428463594456 0.0877090708556598 -0.117877008043863
0.00461411291983917 -0.00203365227918865 0.0983389846633838 -0.213235981386349
-0.0009415940092256 -0.0175904831358522 0.0577550583642907 -0.28617394054082
-0.00492827136296596 -0.021830716157872 0.0420610907186708 -0.306376290695495
-0.00148201930145157 -0.0276924171637116 0.0559620582131636 -0.287539827314581
0.0104976174836804 -0.0132223562075243 0.0976007922810777 -0.21229908799571
0.0196921820722589 0.0197913255992867 0.132036295443894 -0.122736361814763
-0.0140456266546269 0.0486303320998247 0.126328736563661 0.00955485942684409
-0.0684432195366411 -0.0233476917658869 0.0598149596931726 0.0776918579733463
0.00107171590672291 -0.0723864511693174 -0.0698558871162285 0.0837662201376201
0.0718857214166406 -0.0314183960716381 -0.124160800413821 -0.141462532167088
0.027106001104862 -0.121340300204622 -0.0955412381934717 -0.244018302468435
-0.0405357373507597 -0.163589396087762 0.131345070855208 -0.174540538988696
-0.120715749403953 -0.14038885657752 0.0154184543258996 -0.280639775327418
-0.173842109096561 -0.0203605218240604 -0.0371836490206508 -0.111692913923802
-0.141712689293832 0.065442137356337 0.0633158951902397 -0.0893745263446571
-0.0852497818712867 0.107345676130442 0.0985709234137284 -0.174723557192453
-0.0404056349697755 0.108158561004944 0.0595103154108017 -0.263452145551068
-0.0250717667690616 0.1001118292846 0.0352596254401926 -0.288091664841866
-0.02066054900374 0.0761175735858741 0.0458674899864852 -0.278932428615749
-0.0276117455431248 0.0753241712680357 0.0898253776616634 -0.21791808256166
-0.0401350643665831 0.0767492034832643 0.131784097744595 -0.135537634897414
-0.065992521144801 0.0605437148620256 0.131330593951795 0.00733722775625573
-0.111737067863548 -0.0204498564363623 0.0617932725530257 0.0782907698756505
-0.0638665823267029 -0.10507689955987 -0.0542667953778627 0.0872253340503069
0.00920274799535333 -0.116232943934026 -0.121562242979151 -0.116722766090673
-0.0122116176281346 -0.245272748663111 -0.0920960583698765 -0.16636990077786
-0.121717495189438 -0.254486494539906 0.187967225834267 -0.118278347999319
-0.200458291480396 -0.197378795168059 0.0261440624544128 -0.296336566731003
-0.273840247736906 -0.048108211795507 -0.0832980992315605 -0.125235333614563
-0.255800893407009 0.0995461704745526 -0.00439350289748538 -0.0497549920472783
-0.163787085222095 0.195384766870422 0.0602314649235611 -0.10416518775837
-0.0754481204068834 0.212697582285291 0.037638945354291 -0.194433855268529
-0.0410973951181158 0.207799167996847 0.0223646546638916 -0.225030548658786
-0.0348672606547457 0.177282511831489 0.0374231526227595 -0.235892065314676
-0.0607621277131635 0.172538625562014 0.0826151452509101 -0.202547972631187
-0.105642610585262 0.1512716312841 0.130245219567438 -0.139520987063975
-0.138676557240785 0.0872844743381762 0.142252164597507 0.00655910689108663
-0.176273716098007 -0.0159128661852277 0.067968238236876 0.0890729733802398
-0.145250728808145 -0.134876918648147 -0.0500600573076592 0.101854547465127
-0.0684123489683931 -0.191971474204807 -0.108691887575857 -0.0761899630928288
-0.0460343013436433 -0.321812012013387 -0.0718434286908779 -0.0518056142234408
-0.177948677899196 -0.287139678691744 0.240526534327197 -0.0600943974372975
-0.237022339771997 -0.200162634655096 0.0247934530104569 -0.296515172293808
-0.308006342326059 -0.0499638381850412 -0.139858019978567 -0.132069790503203
-0.306244903570644 0.121581375690568 -0.0891748961935173 -0.00237385591164749
-0.203504145802544 0.248657710593174 -0.00190742492061032 -0.0149833892966145
-0.0916716278257527 0.27715178613928 0.00068096210414932 -0.0921989894047608
-0.0512574349610569 0.284223723746177 0.00535329766864963 -0.125287116953188
-0.0476450357423999 0.260550243901063 0.0305813360138858 -0.156228925775427
-0.0903916977419335 0.265243837288169 0.075324768741345 -0.153828539879789
-0.173483878397333 0.227913928462116 0.123099541952062 -0.116849343449004
-0.223880321493988 0.118890612146196 0.149271994382277 0.0179656784422368
-0.253096267296123 -0.0135348217315804 0.077859396351074 0.111241051250389
-0.231545999366588 -0.160323900666553 -0.0452055974089461 0.130011086295494
-0.145663940011367 -0.25541879841972 -0.0827705645181611 -0.0162313941005319
-0.0758165024496639 -0.326966163589611 -0.0357781029303003 0.0680634333394723
-0.193688529963794 -0.241969243328182 0.268548976021899 -0.0244578590584388
-0.207743807650987 -0.143965436103927 0.00664987564153569 -0.271498592087584
-0.260120723881245 -0.0360284525021161 -0.181455748551188 -0.117395859509637
-0.280300174554218 0.123000946446223 -0.155062749620528 0.0466619229740845
-0.193710734785227 0.253105419733789 -0.0617652547643877 0.0729578092438328
-0.0876699715043142 0.292702164621124 -0.0395056253572703 0.0248430672264757
-0.0528624893357093 0.317119285714778 -0.0125084087054422 -0.00509060831220302
-0.0578520548941337 0.310106492533567 0.0215523485286355 -0.0467027857507586
-0.117813542654928 0.3222283392033 0.0626175199372553 -0.0681136750890376
-0.232916704357562 0.269561761589643 0.103694436759179 -0.0559806511769979
-0.29313488161799 0.12635664949003 0.138636994779658 0.0500799107400642
-0.305131760604799 -0.0218397852247377 0.0808258971141727 0.144343573510705
-0.295975821572063 -0.175159546555248 -0.0372550311095533 0.165937723594094
-0.20425782425265 -0.294257890526213 -0.0444503627982992 0.0593417306575113
-0.0967450146830796 -0.271758861836156 0.00727472197185023 0.159744373952436
-0.168434750773284 -0.143920008235954 0.25682103702893 -0.021645596977664
-0.127817889394415 -0.067507149421495 -0.020818774293674 -0.222035211573047
-0.16463947459753 -0.025062693967824 -0.190314275201162 -0.0859248909382467
-0.207192524251812 0.0986955271440957 -0.179706466751466 0.082822667926083
-0.148526814595788 0.214471407319423 -0.0990876394634149 0.141030003365705
-0.0669106005265849 0.262596233278598 -0.069632200728571 0.131724029316929
-0.0466177246705303 0.303229335776866 -0.0281659833018308 0.11553664899001
-0.0629317433052272 0.307553285116944 0.00733907886375899 0.0754428430454373
-0.135035994545613 0.317294067456796 0.037047083253625 0.039498299216933
-0.261907657113685 0.245363535545513 0.0637995160770627 0.0283462005242948
-0.307863657777372 0.0883106119975717 0.10433876117304 0.0943703535035403
-0.297013211379057 -0.0377760929640397 0.0700808429785671 0.180365067058879
-0.310146709225064 -0.172054496076825 -0.0304210749292942 0.202839047952758
-0.226976657704234 -0.297954313506302 -0.0034215244880473 0.142433941344395
-0.104577437938988 -0.179558947132008 0.051077606771731 0.208142610206646
-0.118020667814952 -0.0430466413336852 0.213660065850746 -0.0411095497382991
-0.0421745515001598 -0.0105703660400475 -0.0414820843134217 -0.165593818630979
-0.0762325304150457 -0.0253640327044795 -0.171116798679292 -0.0555093837684919
-0.126998004914716 0.0612911281689711 -0.171410614675887 0.0990442507809962
-0.0919919135279571 0.151957630412094 -0.111066917952824 0.182722873654282
-0.0399442960846141 0.199840825743958 -0.0833430964954836 0.214039746855998
-0.0328573611763027 0.240979776957455 -0.0383759894622979 0.219586581977458
-0.0577641809545773 0.250754869201181 -0.0144458623746637 0.186135478097031
-0.130991920868937 0.246267384081705 -0.00271764068248076 0.140189447019328
-0.235029167958098 0.162109490544269 0.00673665922092264 0.103955463946801
-0.244899858327286 0.0255762312692578 0.0521726902283938 0.126842998503817
-0.218307855461094 -0.0403720793754682 0.0458421340897203 0.21062683722195
-0.265575888159675 -0.135566051034935 -0.0355320188239897 0.233164330645535
-0.206841774952401 -0.253316615612308 0.0296234747798474 0.217393404934518
-0.0951778726109913 -0.0784696539510637 0.0899826747390069 0.219176330984274
-0.0630295676538895 0.0281079947963065 0.163661818976192 -0.0638869995985546
0.0182148714028454 0.0153196475246621 -0.0482745619612912 -0.12218072194993
-0.0194252156018908 -0.0320776283309269 -0.146794697241114 -0.0403075106328208
-0.0627604638473764 0.0232417041473815 -0.154817249078633 0.102615607968952
-0.0421416128863343 0.0812343151441807 -0.110124579170912 0.203546352266822
-0.0161665278590132 0.115767040960919 -0.0824383990003166 0.265388928917567
-0.0141063956075181 0.141220598724473 -0.0448317813097098 0.289970696077363
-0.0358298091643572 0.147719747755845 -0.0372239429495261 0.263636342654281
-0.089299447674938 0.131407489754967 -0.0465150687842753 0.207020445829813
-0.143710856207007 0.059844440694815 -0.0492314503595498 0.145859085263777
-0.115360819357229 -0.0157303979746381 0.00588245370392678 0.136195329268249
-0.0962671580104913 -0.00249027840047251 0.0137176266867312 0.231733324935797
-0.181259540745423 -0.0587508400821859 -0.0604623485753204 0.249996018039773
-0.154653704241242 -0.156557290034984 0.0428018122656612 0.264278007185047
0.0733477418693121 0.000822982471441993 -0.107834119677304 -0.248350037281786
0.03747336967034 -0.0588531901692058 0.0511786026200613 -0.215996476824594
-0.0312940032686606 -0.0518287594886624 -0.0339019720751125 -0.241342759767765
-0.0345275491385466 0.0146947548187708 -0.0253866672354952 -0.0996491681395218
0.000598277506312766 0.0143994860763968 0.067803924969978 -0.125896740837801
0.00269479333054517 -0.00406659592625808 0.0666980223184245 -0.214355675362768
-0.00549905752863123 -0.0181538226564838 0.0211841756434479 -0.279781955879387
-0.00982611882586358 -0.0192208077452542 0.00133331923332821 -0.293895323207948
-0.00859005723006135 -0.0244849551671028 0.0161937053198433 -0.278684665692872
0.00524280564057841 -0.0128471711286741 0.0644380948382048 -0.21422071383018
0.0187767517960274 0.0151531160353017 0.109002871058711 -0.132791809507836
-0.005893366883887 0.0445678979359381 0.122796292252104 -0.0065337239334424
-0.0662597088460111 -0.0106365404238242 0.0647807371615172 0.0657822511307141
-0.00882582565948889 -0.0655739957081605 -0.0522363703608208 0.0859484596444482
0.0602310447885534 -0.0398350236726401 -0.129964434715106 -0.118548154804274
0.0104489773369917 -0.12543164055304 -0.113414890764102 -0.209673545269591
-0.0572810740624917 -0.15261704178252 0.105954004757904 -0.183919220670189
-0.132888515862372 -0.119134503718413 -0.0183273460909095 -0.259859766243335
-0.165005189974897 -0.00156160361861533 -0.0422089102868571 -0.0957418672072483
-0.126268765321152 0.0764831342947188 0.0543180643766662 -0.0940763822254407
-0.0698014926204136 0.110025385126871 0.0769603727222687 -0.179523124185081
-0.028753079934407 0.104674150749388 0.0270759256331309 -0.257667951347767
-0.0136982234489352 0.0988797126471853 -0.0029933791221308 -0.274423495880936
-0.013581983192454 0.0763080437724682 0.00877606496025929 -0.268522714051718
-0.0195119790030743 0.074289379343129 0.0567707998605274 -0.216419003214187
-0.0295905518912343 0.0764308633720591 0.108560138450235 -0.142970844291845
-0.0535331791334826 0.0616110533800755 0.1274894722813 -0.00779999407672281
-0.105403336706105 -0.00452443817101706 0.0670230352707255 0.0673037115934916
-0.070326355780904 -0.0892390176153713 -0.0413117519001128 0.0871166868173245
-0.00744666388944201 -0.109615972375697 -0.125714692923423 -0.0973216199818491
-0.0437060416152947 -0.238918262344404 -0.0965199289293024 -0.126013254721137
-0.14115625376905 -0.229943284633036 0.168760754065118 -0.135897993654824
-0.21383203687707 -0.166812900664995 -0.00835421717510566 -0.273217100505808
-0.264378157967323 -0.0179523769218241 -0.0857448041286075 -0.0989606986520081
-0.231708442466155 0.121878841691031 0.000574077112033933 -0.0457302668645379
-0.134124399383086 0.202528057850975 0.053271683567001 -0.107501095928898
-0.0492506431549708 0.207265406211016 0.0177306366923176 -0.18755056973596
-0.0155468818313326 0.201918724148569 -0.00740492700890912 -0.212477116578577
-0.0140926520187207 0.173328511254387 0.00652549993484575 -0.225114110418717
-0.0378103120301436 0.169994191363961 0.0530465081692348 -0.199199879683038
-0.0812793691086581 0.154822421984374 0.108072232186022 -0.144940126615859
-0.119840431128546 0.0946648043178395 0.138176293911047 -0.00878001516765088
-0.164748641428676 0.00703370574260786 0.0736963565822182 0.078400892643446
-0.146369044371059 -0.106759126291861 -0.0392563320834382 0.101067723308759
-0.0861663706645254 -0.16845324958252 -0.112023409494776 -0.0636642946143858
-0.0852316708600719 -0.305811167908558 -0.0601059004794251 -0.0143380434892133
-0.197124038427267 -0.254876574936636 0.228126331903891 -0.0857672365222478
-0.247966513701001 -0.165528819789836 -0.00787182326688532 -0.272242365530389
-0.2982295877369 -0.0173998911047084 -0.140046489729649 -0.0972394202223358
-0.277205629520733 0.148935482746993 -0.0712699853917849 0.0113945689511313
-0.164855515808612 0.257694816343261 0.00753839942154399 -0.0159143878880965
-0.0573682180622423 0.269627940171356 -0.00439425204445981 -0.0828969905700327
-0.0150508102782245 0.275098563316165 -0.0108539079151214 -0.116221860495908
-0.0147869081667956 0.253348011761423 0.0103651638525496 -0.147498917188868
-0.0529751562269383 0.260083152713488 0.0531728644937419 -0.150733010666474
-0.13568099072441 0.236132414453671 0.105736425603018 -0.120945095503015
-0.196903715764103 0.134927240137972 0.146099281097958 0.00440060464007632
-0.236102439037926 0.0172708664393125 0.0834544317300454 0.100694952478577
-0.228143261192906 -0.120695740378336 -0.0360736222628882 0.127974388543905
-0.164403620654392 -0.216060118675297 -0.0837357090415395 -0.011575242422286
-0.114451102434581 -0.307121096019837 -0.0109971017868162 0.096001588910097
-0.204582121281455 -0.207449501017797 0.257471464511766 -0.0563265192141109
-0.213241418684677 -0.117086949587095 -0.0224591915061239 -0.24765145445593
-0.251314710980301 -0.00895106821862973 -0.1793819550275 -0.0786413572548006
-0.252080290880176 0.14780473253796 -0.128119255771458 0.0657138743247156
-0.154111213044512 0.26191415781602 -0.0383149579886787 0.0745595374013709
-0.0498282771982681 0.284542951509669 -0.0283252879114057 0.0329427181595057
-0.0116858671996668 0.306356606083901 -0.0124002448345046 -0.00041838283389787
-0.0167948247526824 0.299781452364889 0.0155878027506257 -0.0425452298814179
-0.0710147452481086 0.31642242800331 0.0527272517508829 -0.0661470206590491
-0.186324303215194 0.282842187682743 0.0959266089796084 -0.0594322218853014
-0.261764465883801 0.150547441688017 0.139602719064497 0.0391852113317927
-0.287759661954705 0.0153077831646531 0.0899937931992427 0.133016810907749
-0.287643193580093 -0.128150977082293 -0.0269863316575844 0.163928884109409
-0.222055289000393 -0.244627027770998 -0.0413839725838637 0.0556712109707299
-0.127382354540589 -0.246858978390747 0.0412258984596541 0.171724640076112
-0.168406700018816 -0.11755406619701 0.244639228193786 -0.0536633915980161
-0.128669681492536 -0.0529741385736615 -0.044544511263414 -0.20120785457288
-0.160784524860558 -0.00819797044920872 -0.186698975045371 -0.0501251066564928
-0.185103304599697 0.116468561422843 -0.150089825255204 0.103254781391076
-0.114168879646619 0.220027779852884 -0.0678803308914458 0.144495107498533
-0.0334118196553767 0.255090687942335 -0.0444888918461131 0.139684851448812
-0.00673554289549622 0.291150536594794 -0.0126498622050504 0.115618453357744
-0.0215811862742414 0.29838053065627 0.0164292613179568 0.0748395339567316
-0.0884039711396381 0.312527520392549 0.0430282943921539 0.0390827309703845
-0.215471469705327 0.264777936616052 0.0681498525060586 0.0268421217790118
-0.280608251380729 0.117015495200214 0.110354883196 0.086057744462476
-0.282574190239675 -0.00286530912256875 0.0838301781786702 0.168806697318301
-0.299060573172577 -0.123200617822821 -0.0168622787249174 0.19895304036282
-0.242729881046345 -0.244434857408987 0.005679756457759 0.129691754610504
-0.122598653216889 -0.156047382279522 0.0862700753758879 0.204839628061564
-0.109980088527387 -0.028516247523912 0.19794082544815 -0.0671435854980162
-0.0416458943091704 -0.008305155003827 -0.0602975370807114 -0.14821566343897
-0.0769465924899048 -0.0168968358725003 -0.167310485762612 -0.0251548472377607
-0.112967442463594 0.0728772123706869 -0.143022733463314 0.117022193172208
-0.0681178164477454 0.154255168335554 -0.0770643823179675 0.185126161070207
-0.013704289816173 0.192939042990771 -0.0482133106928548 0.219636878034171
-0.000263950849160861 0.231828598410075 -0.00994404330607529 0.213993113125565
-0.0223747208272471 0.243847973989686 0.00992116582099324 0.181984681230507
-0.0916616058515972 0.245824629872855 0.0162107644718117 0.13872031554408
-0.200813339837132 0.182314139146394 0.0208330669036664 0.10510532981128
-0.22876137844694 0.0507099283614414 0.06230056429871 0.121119797379406
-0.208055896371867 -0.0159473430208634 0.0652810442803633 0.197853913090399
-0.254249548415359 -0.0945649836460453 -0.0162473870547213 0.228724175825813
-0.218155882243735 -0.205454984506879 0.044595688688137 0.198699797374743
-0.0989962676267623 -0.0597178206086091 0.120335890621771 0.201202805280332
-0.0513792184035111 0.0323284046360834 0.14538044986935 -0.0825811081401055
0.017267461703623 0.00885508761731709 -0.0629394042947885 -0.108447250843684
-0.0248070071778921 -0.0278041596721751 -0.144814070739226 -0.0145969783424163
-0.0568488491958917 0.0297252193094774 -0.130578612099415 0.117767646460154
-0.0293223152365725 0.0821848977585926 -0.0761818649314088 0.205176825325607
-3.34720325224367E-05 0.111393805109242 -0.0432892952636221 0.266784417765994
0.00520475277648496 0.134293564274458 -0.00612962218016732 0.280079652424132
-0.0135869230433607 0.142718955535948 -0.00319015492940084 0.256158287553868
-0.0660457587231996 0.132768215619326 -0.0176481310137593 0.204620086949635
-0.126275234975049 0.0745200113969206 -0.0295188442708898 0.14919706761576
-0.111703003155245 -0.00254639139611248 0.0188472778708641 0.132754948276243
-0.0881126563890776 0.00481059440970911 0.0408286800024244 0.218744118224624
-0.166465336642866 -0.0330635070370194 -0.0335905489831047 0.249344537769749
-0.157236742729192 -0.121737301955771 0.0632465896853753 0.244316833105098
0.0692851691910888 -0.00236815077339393 -0.0944550213943888 -0.23842731713248
0.0337564852217565 -0.0562395171691437 0.0505894739435377 -0.211472835641829
-0.0300279916067218 -0.047812753209647 -0.0335517274165289 -0.230033604461449
-0.0309219863936928 0.0138009650204456 -0.0211573331928301 -0.0949876904658888
0.000476925615897748 0.0117020910730972 0.0648889178201501 -0.122195278392098
0.00117644242964073 -0.00489359986415765 0.0635480117305324 -0.204295667630265
-0.00736594913765826 -0.0174211524945493 0.0212246165696724 -0.266069199398202
-0.0106834894426022 -0.0175782877675315 0.00240524427019882 -0.280952711258221
-0.010730531090223 -0.021671432770651 0.0163325740778883 -0.265354245685709
0.00232803349388077 -0.0116993343514147 0.0602338617738079 -0.20398074152988
0.0177718627761092 0.0126714041261991 0.10270011679197 -0.12614482609244
-0.00374192540781301 0.0408758884780307 0.117196260911657 -0.00824617125598097
-0.0624014413838495 -0.00763416879157159 0.0628291789998958 0.0612392861319849
-0.00967249604455327 -0.0624937733023775 -0.0465708496993772 0.0819888372012166
0.056483753772981 -0.0409882267080885 -0.11831201846444 -0.111592720296505
0.0118233597246166 -0.122717409912096 -0.100781448505976 -0.201780504870328
-0.0537993584136249 -0.147745680201589 0.102713145366097 -0.182337130398871
-0.125712599197707 -0.114704978866196 -0.0196939967553269 -0.246704688799646
-0.157117683294208 -0.00347777494243292 -0.0368966176780661 -0.0918170491185425
-0.121813754494071 0.0704593598628608 0.0518446084918397 -0.09049627684801
-0.067956413351312 0.103258030459902 0.0724693962612231 -0.171961229912833
-0.0298272453637983 0.0999637342892507 0.0265089745859435 -0.244143894129949
-0.0152188324992767 0.0951399039490509 -0.00237816994323726 -0.262020886420058
-0.0155021047544089 0.0741407737749088 0.00716908773924928 -0.255494776343707
-0.0209299691762503 0.0712378388224379 0.0536517911839419 -0.206940266601677
-0.0277480296512786 0.0716640250337132 0.101302513595187 -0.136878123931974
-0.0499950749108464 0.0565959196327281 0.122446827747002 -0.00937776660749116
-0.0989223257376171 -0.00353659181764618 0.0649650550509452 0.0619859538230375
-0.0665046068669536 -0.0848862635505257 -0.0360880854903818 0.0830599067744466
-0.00563257478867803 -0.106750781244816 -0.116018930589811 -0.0918937134877957
-0.0391314117387344 -0.229580928255691 -0.0856255176790688 -0.121438211442556
-0.132156744577532 -0.220860384808085 0.163182642546967 -0.136517163400167
-0.202892491565034 -0.16159181293298 -0.0104322803854673 -0.258997135199349
-0.252290630716243 -0.0196689908414566 -0.0786853953611241 -0.0944301355886976
-0.222410635953424 0.114441920110365 -0.00014977594828865 -0.0444274606569581
-0.129715136539119 0.192163229392816 0.0502108710919387 -0.10437745435803
-0.049163268397889 0.198871477453735 0.0155329664504479 -0.17841570489568
-0.0173407475452409 0.19396262057803 -0.00784604385292857 -0.202594382772996
-0.0161068669379278 0.1666317671724 0.00391239771792308 -0.214704470463313
-0.0379445783134027 0.163170464958988 0.049403094740823 -0.191560479744018
-0.077231265079197 0.147586650189484 0.100980023242828 -0.13950207852149
-0.113484299067516 0.0888286530601056 0.132498878828855 -0.01034481624251
-0.155240604957148 0.00473163821501192 0.0714535666928934 0.0726899911246833
-0.136873546565486 -0.102904083115698 -0.0344942460682811 0.0957111898454724
-0.0789813622849683 -0.162413234768311 -0.103951765025956 -0.0603296307371802
-0.0786096812044438 -0.29304033325604 -0.0530697398812187 -0.0138814232686869
-0.181669389175249 -0.243149771820596 0.218403606181738 -0.0890843008107015
-0.235112489473009 -0.162077331250518 -0.0101191653651642 -0.256570690711932
-0.285942230169792 -0.0195916490741204 -0.130954053106845 -0.092670440932333
-0.266217223296888 0.141008137689855 -0.068551454126887 0.0104287887236493
-0.158402611851308 0.244698187823712 0.00635804592459499 -0.0167906603482531
-0.0559615291128994 0.258603746795705 -0.00609716745992767 -0.0797530540806706
-0.0159583957344628 0.263611318701593 -0.0113198605138562 -0.109487195094201
-0.0157646452558353 0.243137484179325 0.00798205151415478 -0.140324074503913
-0.0518690716609697 0.249019918294075 0.0488179566685388 -0.145266970957353
-0.128612958429879 0.225208632528574 0.0989707856286422 -0.116114560677282
-0.189221953679417 0.127609453733778 0.140448353902142 0.00235538937610532
-0.224686443148947 0.0132266344549975 0.0811924360246872 0.0938767555798816
-0.213094552564812 -0.117519117931045 -0.0309361334324431 0.121880347207654
-0.152359715377481 -0.208662420266013 -0.0788492277988267 -0.00986167519543785
-0.106831697892666 -0.29074855551189 -0.00717521838157362 0.0910340266565094
-0.189840178952481 -0.198872835187687 0.245674935406095 -0.0600232450868966
-0.201061413273593 -0.115619972379054 -0.02375838177806 -0.234061590952953
-0.242008214002721 -0.011229926872829 -0.169344326137471 -0.0746674863827801
-0.242337280157204 0.139981934180245 -0.122808319027008 0.0621584876165747
-0.147211482396667 0.249071126622555 -0.0383224559583987 0.0692595021487479
-0.049521231737489 0.272264028392797 -0.0292853444374311 0.0317162734230172
-0.0119869085841736 0.293502878762748 -0.0141032561706753 0.00149008143354156
-0.0181343222784515 0.287614334233303 0.0130054840452138 -0.0399450937351224
-0.0692546491549888 0.302216580631168 0.0490333633990819 -0.064520278090123
-0.177140919178128 0.271454130672885 0.0898145340131519 -0.0573039769397687
-0.252202643554796 0.142364753961032 0.135056444413098 0.0363740845593246
-0.275012691249903 0.00893365119998235 0.0874908335321306 0.125094589720488
-0.270243080361418 -0.125317360576541 -0.0226509141874221 0.156790174661641
-0.206368556239797 -0.234982629971377 -0.0409889898195449 0.05434306264594
-0.118957374217213 -0.233484208467522 0.0403602807958712 0.164153284599213
-0.155302600774875 -0.112561987899972 0.231681116517059 -0.0558873754554124
-0.121321373423958 -0.054437223553537 -0.0442658437052183 -0.18974424558702
-0.156154349708395 -0.00990839769493018 -0.17786665891573 -0.046458487236234
-0.177535529362224 0.111594417332408 -0.142804515581578 0.0980460251899289
-0.108582077464267 0.210179496220479 -0.0653142658344221 0.136070766011464
-0.0320556867643626 0.243354398608094 -0.0437069973217035 0.133469982679696
-0.00626794016999166 0.278396195826934 -0.0138536734244098 0.112348149291124
-0.0211534699938261 0.28686997029707 0.0136922133144499 0.0715231644953125
-0.0856708262943202 0.299945769247954 0.0390557633897333 0.0365427126185246
-0.206374014928745 0.253230259379216 0.0631653147744796 0.0250060154016549
-0.271501144016172 0.111048179562 0.10554427824196 0.0816119511224749
-0.269964036076312 -0.00860743149331196 0.0813105010142461 0.159279100887524
-0.279998880980509 -0.121478068210876 -0.0145032788920297 0.190990627338943
-0.226183321036124 -0.233897916847051 0.00240414090420238 0.125648496424022
-0.113733612515433 -0.146297122813661 0.0811818740771997 0.195719051060256
-0.0999703586361072 -0.0276788888431203 0.186739788335504 -0.066144949422784
-0.0391131215993457 -0.0114823122743273 -0.0590514099738525 -0.138935001985978
-0.0759643556078963 -0.0165295629500692 -0.159257908742663 -0.0226593774375311
-0.107996157662607 0.070009872122468 -0.136356360572951 0.111455561829651
-0.0638037876109995 0.146771482308104 -0.0741201173435081 0.175720595167211
-0.0126079771627416 0.183921034625968 -0.0475500733583411 0.209727880509437
0.000711100260801461 0.220600939153483 -0.0112382146442711 0.205712069667992
-0.0212784738525474 0.232645214089614 0.00663048450139039 0.173715445080453
-0.0879709892890157 0.235004543378074 0.0134449787488326 0.130950617230117
-0.19188162404311 0.175843889322351 0.0187557699497832 0.100536451234892
-0.222373613920936 0.0479239182124675 0.0599314276384463 0.116296228153165
-0.198381313987844 -0.0217038671905949 0.0630161732155924 0.186423306791006
-0.237222231763454 -0.093112163246852 -0.014650722160999 0.221016237570802
-0.204344803464785 -0.195357009041837 0.0373398843806434 0.192040613814891
-0.0923277139426664 -0.0544168719823601 0.112861024830589 0.19287582517802
-0.0448828813595365 0.0292974404672292 0.1356887555119 -0.0794446906090752
0.0162461262054026 0.00621288776577092 -0.0616067718195445 -0.101313557010853
-0.0258969065257681 -0.0257555629965304 -0.138337818718158 -0.012751032496133
-0.0531263731676157 0.0295421172438192 -0.12383515419894 0.112356777428867
-0.0263023183568045 0.0777078543528842 -0.0726978253135794 0.194557575609673
0.00144991577012195 0.106167410410025 -0.042671174710833 0.256057413498447
0.00715858952803622 0.127693066686095 -0.00733140461734087 0.268087842177586
-0.0120350440953047 0.135729834321207 -0.00601818672040109 0.244694890147754
-0.0620797723344538 0.126808618266302 -0.0185225817926893 0.194657961428966
-0.122038042845052 0.0731486790243811 -0.0294721970305649 0.143035685504609
-0.10940995233578 -0.00283322852648045 0.0171453721631822 0.126763921501966
-0.0840654200886081 -0.00030255575791494 0.0400616710817298 0.206429463428924
-0.155111415395815 -0.0319770201591661 -0.0324190087524193 0.239791022201152
-0.148572195401983 -0.114565115208863 0.0527330920742516 0.236088482809945
0.0676317852804886 -0.00351447789762971 -0.0782536644663691 -0.238086828782925
0.0326141842272578 -0.0553570888446603 0.0561890576421813 -0.211241826731585
-0.0283568490865929 -0.0453976615166345 -0.0296816054864339 -0.224506957452114
-0.0288779698931985 0.0122086938902699 -0.0158789160414453 -0.0941297986750337
-0.000217707887104465 0.00964645679511625 0.0656567675124523 -0.11954389423325
0.000480809747880625 -0.00562314868233011 0.0667391970326316 -0.198693642523268
-0.00910807706036686 -0.0172559181610167 0.0288934189352905 -0.258736668827497
-0.0119904096742566 -0.0163700589175244 0.0107174585530207 -0.275843840014849
-0.0124716287828122 -0.0202716759627859 0.0223249069045579 -0.259711059453174
0.000458121252100293 -0.0117133357867693 0.0632276633632515 -0.19859098300292
0.0168075734613586 0.0113123185961163 0.101715526278534 -0.1221911622132
-0.00295212574231788 0.0377287782786694 0.115225109431389 -0.0071600915870697
-0.0603003367420602 -0.00696842387378057 0.0607627136510451 0.0598770446349342
-0.0100770119048049 -0.0608458461618021 -0.0428198463337661 0.0790659544132204
0.0560787913007967 -0.0407744200564568 -0.1090745248233 -0.111657766695446
0.0158731685533552 -0.122463834028823 -0.0861781578591191 -0.202027562093203
-0.0486511756418225 -0.147808029791155 0.106888482274753 -0.183290994577302
-0.120183121700159 -0.115694727365913 -0.0161155035318863 -0.240664987613336
-0.152944726063155 -0.00846121120993794 -0.0313010843844439 -0.0908604043260623
-0.12186361896695 0.0639816067957685 0.0523792156026632 -0.0885890133578043
-0.0704043172779511 0.0984245564732886 0.0750717518114686 -0.16701841470924
-0.0337680282226964 0.0982215234901074 0.0315301928742032 -0.238361677601212
-0.0192821857131682 0.0943744679698097 0.00412833378743774 -0.257221462844319
-0.0190592217549738 0.0742451924752516 0.0122403909188946 -0.249601909339426
-0.02389975083477 0.0698400447349014 0.0566137914975183 -0.202410932576577
-0.0283885487697561 0.0683348581560305 0.100486843586155 -0.132315532021417
-0.0490033444257661 0.052697843597466 0.119880778856017 -0.00798087007222232
-0.0953565553595286 -0.00491146202863555 0.0631706315470495 0.0608628393999617
-0.0625769074428046 -0.0844340158777935 -0.0333245772012474 0.0803178855221366
-0.00139053968070504 -0.107380619461601 -0.107743878318625 -0.0925052736334607
-0.0307018225467531 -0.227995897162348 -0.0751159816248684 -0.12223012083126
-0.121569336719216 -0.22134956932782 0.163809725987803 -0.13860065180302
-0.193889784813403 -0.166702712528282 -0.00681085635641418 -0.251998020069443
-0.247463271902439 -0.0279197151732549 -0.0723255516589143 -0.0951012027195355
-0.222502796701699 0.105206271475472 0.000353616593489585 -0.0441596346581858
-0.132723440322461 0.184313797442591 0.0511677727399448 -0.102725059844913
-0.0549886398538074 0.19382936816826 0.0175369979920367 -0.174275146597797
-0.0227779795675839 0.19123915966609 -0.00400262713824581 -0.198133415683306
-0.0219401971913866 0.164586942200333 0.00788731517750778 -0.210032488006784
-0.0431296699680446 0.160022850294651 0.051025725235042 -0.18718326051146
-0.0784485369743132 0.142002494470887 0.100335836592178 -0.135368043887093
-0.11321902369637 0.0831540141259177 0.13109003947475 -0.00854138566593758
-0.150530595305316 3.67833367125787E-05 0.0693385066655298 0.0707166041952837
-0.12951916218221 -0.105070664432902 -0.0324608558249865 0.0922589213369757
-0.070141143922595 -0.163914398086181 -0.0986095617110117 -0.0605928458797314
-0.0673477958056379 -0.288582407059776 -0.0478131015823066 -0.0155530220311746
-0.168528382697332 -0.244595633008478 0.2158305063736 -0.0898301150191331
-0.22406898316393 -0.168190210401683 -0.00712737567741217 -0.250226174181862
-0.281648576311599 -0.029447162699224 -0.123858497688812 -0.0937473875100344
-0.266160740752363 0.131030989025773 -0.0672224660819648 0.00796381872136989
-0.161535483976325 0.235749789142167 0.00546494559447293 -0.0183332153014018
-0.0624831716334566 0.252628344278223 -0.00666895436484219 -0.0778865070585001
-0.0228200494150413 0.258868659490248 -0.0101412833613777 -0.106976927902885
-0.0232289800667911 0.239389028832654 0.00867980926191238 -0.137305206869465
-0.0587374565301932 0.244348490561855 0.0499812066405695 -0.142101223566904
-0.131357526719497 0.218254613531091 0.0977345010969237 -0.112503499797379
-0.1887406338655 0.119587756929223 0.138937338845299 0.00418946510847783
-0.219901610063155 0.00410128666091632 0.0791587149181224 0.0914961733901034
-0.20295612514501 -0.122856380547213 -0.0298717740415194 0.118409954988764
-0.139155417457528 -0.210305672341241 -0.0768754610828012 -0.0105950092451192
-0.0947793756905799 -0.28719878637255 -0.00702778237337879 0.0883761936344697
-0.176066345722592 -0.199645893633391 0.240493735485167 -0.0596663609023675
-0.192535379480018 -0.12188896588546 -0.0216107259342569 -0.22759891366529
-0.239095375882638 -0.0197623071979928 -0.162734870547893 -0.0762788785964347
-0.242328648781128 0.13141080470677 -0.121793147861103 0.0579198938623421
-0.15022774354719 0.240024149446522 -0.0406082863723439 0.0655882769643408
-0.0558403268274898 0.265686190945778 -0.0319765924730251 0.0304366852374104
-0.0191478015043694 0.287559411527934 -0.0155323522019797 0.00212293196905307
-0.025231577990429 0.282452754282819 0.0110852723729752 -0.0385107601991407
-0.0761368260677181 0.296019891928346 0.0477758761813516 -0.0633274900325313
-0.180824305460975 0.263725741131629 0.0879437141468113 -0.0543606480787099
-0.253541472214587 0.133335314790132 0.132412933287348 0.0373256596599233
-0.269408958140804 -0.00257153958170441 0.0837614671201146 0.122999680712689
-0.257120326348578 -0.133412856958657 -0.0231985182063776 0.153642820679142
-0.191010476931356 -0.23710178163911 -0.0426632991718274 0.0535918148056775
-0.107471943216466 -0.230277409448304 0.0360962534163868 0.161550470285466
-0.144459064787469 -0.115216893320613 0.22609389964633 -0.0535141451641835
-0.115773276686596 -0.0602044667910918 -0.0417807240597716 -0.183468033860611
-0.155017378962242 -0.0150909100054323 -0.171702127693937 -0.0493208808416414
-0.177360684846592 0.105100179553669 -0.142190604620271 0.0926555734167731
-0.111163314864608 0.203671387173448 -0.0688738430289437 0.130234404376257
-0.037228356810533 0.237867014564363 -0.0487132187331025 0.130221943402731
-0.0119710998297525 0.272552575827325 -0.0171736148140087 0.111593895477626
-0.027811926722419 0.28099423483956 0.00938633811926859 0.0708925469034528
-0.0914388027694712 0.291861473305205 0.0354376340418346 0.0359527521824072
-0.208959986431204 0.245703819691038 0.0603323308611375 0.0265230102308432
-0.272682968987494 0.101969176325978 0.103164379082661 0.0819920653063486
-0.265278134887215 -0.0219735928845585 0.0769499548877084 0.155792783478824
-0.267239917247326 -0.128615706905846 -0.0163244232749018 0.188665020702486
-0.210513122633923 -0.2353331938472 -0.00361913521508424 0.12522085398812
-0.105010713243527 -0.143345280541637 0.0750392732310611 0.193029713082634
-0.0924870551535734 -0.0308426773569299 0.180490881988322 -0.0631816588864842
-0.0366196774868552 -0.0146747757548684 -0.0564629824292229 -0.134795552386122
-0.0762873755601424 -0.0182540138351671 -0.155404529906431 -0.0249769292332278
-0.1077068912229 0.0678283284725321 -0.136147874067382 0.105348990917999
-0.0648853088155621 0.142426194343497 -0.077225295386935 0.168697134551501
-0.0159392677578667 0.180245519733984 -0.0528964881064458 0.20566485578194
-0.00309729300794395 0.215410963501637 -0.0175693695383494 0.203608097010229
-0.0262207248420655 0.228109845754717 0.000326805915124911 0.171555747510309
-0.0922584673297644 0.229192898141998 0.00872062038355723 0.128303703747137
-0.192676156079821 0.169278976412392 0.0143106695344247 0.0992135555332945
-0.222236871386613 0.0418850373833055 0.0551164016183844 0.115597779686776
-0.194478568934827 -0.0321676431106518 0.0589267640124388 0.182266606766682
-0.225510214802277 -0.0993018928385079 -0.0184624221030282 0.218141834259623
-0.191475017287364 -0.196076683511397 0.0273368485376922 0.192013359769708
-0.0859298676059121 -0.0532946436836116 0.103960457032784 0.191810112331923
-0.041404194186093 0.0261604672614625 0.130819247638132 -0.0748287735202312
0.0158593101721917 0.00357691296668036 -0.0599037627298814 -0.0976949754179974
-0.0268896350692176 -0.0252241816812841 -0.135477040550593 -0.0145573891260336
-0.0522509202522896 0.0290773406462007 -0.12369792736827 0.107197891339348
-0.0263821020703906 0.075372944278101 -0.0763983877445727 0.188017672319302
0.000591700985530575 0.103797736239433 -0.048440004826299 0.250478372780777
0.00553536597455318 0.124578396519686 -0.0151287864621237 0.264705581968937
-0.0142337688373279 0.132243377582045 -0.0133222108853446 0.239970110628981
-0.0639267506065764 0.12371272002174 -0.0248919543102471 0.189741711901794
-0.121638920852937 0.0705707394130061 -0.0327030058030241 0.140042797610124
-0.110092140674191 -0.00535296336107466 0.0118268127629963 0.12505684981566
-0.0816966339953536 -0.00737923457238109 0.0348159622670415 0.201098960969473
-0.146539897102076 -0.0359267147809306 -0.0380463845371446 0.237144654250534
-0.141040407716555 -0.114380948583074 0.0397957118962071 0.235927058239247
0.0680364339477822 -0.00514672649811682 -0.066070587693474 -0.246016159265482
0.0320467851483612 -0.0561042947947738 0.0628714577139218 -0.218965111441896
-0.0282052188198166 -0.0450897320297489 -0.0263612215444264 -0.227352932583988
-0.0268517031259476 0.0115277389221372 -0.0116556345460906 -0.0961741995308945
-0.000626059059386904 0.00777578243891734 0.0695014010865666 -0.120643533109967
-0.000638247290860391 -0.00697621994317739 0.073052721492819 -0.1997525496354
-0.0106960206183471 -0.0176166354351074 0.0365759920070272 -0.260712196879555
-0.013890666544293 -0.0158181855342642 0.0181855935111871 -0.280616543595723
-0.0140853216874173 -0.0192885037027981 0.0290309834209318 -0.262529757393713
-0.00113509400970206 -0.011672212524954 0.0689468614406468 -0.200267631630539
0.0164925454259251 0.0104942512642785 0.104892952531331 -0.121556460285861
-0.0016380942718489 0.0366462331993436 0.117023905792368 -0.00641723865218407
-0.0595923361157467 -0.00599658192426067 0.060277300441137 0.0607166700596536
-0.0109317499681162 -0.0609703287991921 -0.0413214694754921 0.079666121870906
0.05713694366166 -0.043544948504803 -0.102827755555026 -0.114783459190287
0.0201603867581952 -0.126722282201117 -0.0753683083646505 -0.208948565845382
-0.0455868990240234 -0.152386217770114 0.11389188221705 -0.190718001730222
-0.119756318436832 -0.121183435765749 -0.0129911517608121 -0.242679101906051
-0.154432830185667 -0.0133470297569473 -0.0264485183731825 -0.0937328333043082
-0.125951500604938 0.0602698884543666 0.0553275976600111 -0.0895916322971102
-0.0756311485391481 0.0970942771028498 0.0797238018721047 -0.168557556184214
-0.039447167636419 0.0995561714614205 0.0372065496840929 -0.240686794643095
-0.0229816118887372 0.0960766786742476 0.00974405393519991 -0.261027647314342
-0.023724380136859 0.0758841738491435 0.0179638406796752 -0.254190383762394
-0.0277786826599774 0.0710385552831257 0.0605123811896893 -0.203919729098349
-0.030666754161952 0.0671268843730641 0.103636456016415 -0.133131201562435
-0.0486571951654989 0.0501828845965152 0.121947954642964 -0.00723061583439021
-0.0943755902693442 -0.00689477493460437 0.0636965075540651 0.0610145488708042
-0.0609479579976644 -0.0869864894114879 -0.0316356162701396 0.0796934888806934
0.00253020345208911 -0.111219477214147 -0.103922529304302 -0.0958827379031578
-0.0226362738520601 -0.233652411727765 -0.067417504246562 -0.127734006354669
-0.115896601271675 -0.229757944001307 0.170379442412712 -0.145011705073993
-0.191964919080482 -0.176563864787477 -0.00466556758899085 -0.254118517185864
-0.252005874989499 -0.0360870632531725 -0.0691170664840323 -0.0981219439678323
-0.230271180935156 0.0998656762985816 0.00183847909374898 -0.0453071430566511
-0.140528344033507 0.182976993521305 0.0532715276405447 -0.104763057920462
-0.0629628187900171 0.195982804303493 0.0203035137257398 -0.175965322398181
-0.0296380516163114 0.19439048369991 0.000195975928389673 -0.200343545699867
-0.0282690623561026 0.167580243020063 0.010845378145537 -0.213177534966191
-0.0485943726558283 0.161943979466411 0.0548246131684378 -0.190423533420149
-0.082634287868978 0.141932708238638 0.102719007181984 -0.1362933112262
-0.115925644902669 0.0803379152937148 0.133790947524684 -0.0077309805021118
-0.151676829733384 -0.00517899267318017 0.0703959911131615 0.0716030540501219
-0.126853999260529 -0.110905375529049 -0.0315572169855226 0.0916269516807585
-0.0644774298055738 -0.170367753592512 -0.0964227636848422 -0.062459158132355
-0.059201446731893 -0.294928279230539 -0.0428680319071113 -0.0179120327832641
-0.161334185489928 -0.253622107039982 0.220765632323704 -0.0944338734305902
-0.22169213659739 -0.180375733864832 -0.00491668518948257 -0.251337376534451
-0.286680152383526 -0.0388892390617411 -0.121690209432516 -0.0983505486679504
-0.275375303333324 0.126133828620588 -0.0688996414491026 0.00631439206090721
-0.171509389556791 0.235028664182455 0.0045153092420708 -0.0204475545137384
-0.0717803204592671 0.256096997509711 -0.00762554106082353 -0.0793278816016979
-0.0294944667992809 0.263325247094796 -0.00876656783721453 -0.107440961233856
-0.030849685879523 0.244322771654616 0.00979262590459903 -0.13912028470319
-0.0666772784519991 0.24770711771946 0.052268197546348 -0.144690870982134
-0.137627439798454 0.218237633194356 0.0999029573886757 -0.113200286571991
-0.195404865512863 0.116171900801136 0.141768399228656 0.00516599572599804
-0.222439919208626 -0.00426072612143986 0.0788545893184852 0.0929464634564722
-0.200295603631455 -0.132187347380291 -0.0295565746012474 0.119209249741459
-0.131232315958192 -0.21860687012523 -0.0772572291388538 -0.0121966243352434
-0.0870284085648378 -0.292307896425463 -0.00594531206604824 0.0895523673952214
-0.168978432593826 -0.208258370096278 0.244354063359035 -0.0610997939011267
-0.1896370870067 -0.133256712017788 -0.0197197852111927 -0.228551238972518
-0.244868456533549 -0.0283737575417788 -0.162389154816473 -0.0813534677210179
-0.251485926862095 0.127975459508736 -0.12434063453316 0.0554644123010424
-0.15891944736086 0.24044920939962 -0.0438674671711393 0.0640316379952965
-0.0637280455599729 0.269933530085365 -0.0362851546379424 0.0315130648875963
-0.0262789873576705 0.292180417875113 -0.0169185273827333 0.00400387906464753
-0.0337421711939004 0.288784501551864 0.00969624822313816 -0.0384500847001451
-0.0852684544162378 0.300406585646839 0.0486429320144109 -0.0640916622284077
-0.189533097359737 0.263116345929058 0.0886721541684824 -0.0534272547097755
-0.262635843482959 0.129025684061057 0.13499702138502 0.0400536139840584
-0.274504467514796 -0.0148337992918147 0.0838389076409317 0.124164697614168
-0.254410257335505 -0.145470524096652 -0.0242858035554097 0.155435138881802
-0.182941499849623 -0.246858987290778 -0.0461324296499724 0.0551448102970908
-0.102181766954215 -0.2343334065944 0.03452311218067 0.165042053081751
-0.138312675440188 -0.120776211889164 0.227850281953731 -0.0540408868564647
-0.113715323899742 -0.067946547244848 -0.0413572386797456 -0.184463506213518
-0.159083126970143 -0.0210556147224668 -0.172220932286342 -0.052170968200322
-0.184147089765987 0.10394039982432 -0.146030264399086 0.090120848038253
-0.117222104164422 0.203645819795877 -0.0737675038410823 0.129434040285087
-0.0444961571315349 0.240749156804603 -0.0550970016583642 0.132198100922475
-0.0176974513393694 0.276894663042084 -0.021667018625743 0.114454724041836
-0.0352217078012716 0.286352963182882 0.00531990572221045 0.073055467681341
-0.100254668267821 0.295382783801938 0.0331311184103796 0.0362899798026828
-0.218530508464622 0.245449690464834 0.0590547605926786 0.0284903118048579
-0.282428403124963 0.0965600084851394 0.104187805235073 0.0852888684829908
-0.26943834257644 -0.0344225642931713 0.0761518567506778 0.157636199533065
-0.263506728355138 -0.141426237040705 -0.0186465602584642 0.192055946500626
-0.203426298334906 -0.244079730172552 -0.0105173001112347 0.129615367754735
-0.100431461087656 -0.145869586491903 0.0708788047665575 0.197755350279565
-0.0880596795751692 -0.0349913282758864 0.180978862628111 -0.0630586387909142
-0.0354309571983258 -0.0194542750365323 -0.056389957202988 -0.135253168516285
-0.0793647479229199 -0.0206514510226424 -0.156588719002582 -0.0272852752369061
-0.110974457621751 0.0669237253307332 -0.140413286940124 0.103547723042595
-0.0683997574986144 0.143388864265738 -0.0836693471004641 0.168244400941022
-0.0197639578584995 0.182190704367893 -0.0607686421579201 0.208494943736178
-0.00710105989800483 0.218425839102236 -0.0231576559980282 0.208552233825641
-0.031878376172859 0.231718892933485 -0.00596788086687756 0.174551639281225
-0.100069211200404 0.231364295792549 0.0035552753394373 0.130293649093738
-0.200793558422446 0.168885923083895 0.0119397702902243 0.101343884010511
-0.229960309000656 0.0365898410819348 0.053580649735963 0.119118529634703
-0.196670578387741 -0.0435170885986507 0.0568915608028465 0.184135455035706
-0.221679399363299 -0.109284886695557 -0.0230118319052734 0.223651678744758
-0.185615781530861 -0.202546044093518 0.0171129006920449 0.197785900166448
-0.0838496742116249 -0.053714746773492 0.099538171775934 0.197175236285544
-0.0393239948983459 0.0235939321290308 0.130823910101773 -0.0735141390152447
0.0155822636125058 0.00143854116629383 -0.0594074827961463 -0.098132729502975
-0.0287002615720731 -0.0249688173080049 -0.137359574350279 -0.0155460470620973
-0.0536516104305217 0.0297037060750036 -0.12718059276923 0.106009627582387
-0.0275092029037994 0.0757756540589593 -0.0818034015092437 0.187948074212058
3.16798963596763E-05 0.104664629226244 -0.0559409059863012 0.254454060496752
0.00413638395270067 0.125477842848494 -0.0230773127256652 0.270746336196303
-0.0168932362811197 0.133778720236847 -0.0215365876567611 0.244024555861786
-0.0676429870325877 0.123831086216404 -0.0311780161318607 0.192127726962077
-0.125444981154303 0.0700324153478446 -0.0377067774243659 0.141607725274876
-0.114536268569049 -0.00898334738717397 0.00768258826388915 0.127854708958281
-0.0823264916843827 -0.0139861930774111 0.0316259566170321 0.202609490276808
-0.144356831342702 -0.0404934237721446 -0.0437565017678138 0.2430914107171
-0.139183846890187 -0.117130772405157 0.0283159867746409 0.243429766713255
0.0701601686760659 -0.00912043820919523 -0.0609983461687412 -0.260439604839073
0.0310518997571083 -0.0595420110701171 0.0668104332478354 -0.234808956777273
-0.0291747526891423 -0.0450348735297124 -0.0303934931708365 -0.23672058757625
-0.0266116273179027 0.0117421840215838 -0.01001138967562 -0.101785429156648
-0.000808013440895795 0.00567315473758458 0.0716872257695486 -0.127336188286625
-0.00205540709723157 -0.00871774199083663 0.0758311311599968 -0.208989491696519
-0.0135473284274584 -0.0178931376881671 0.0398014976354192 -0.271593074034838
-0.0169216814451447 -0.0151333661262827 0.019529997218326 -0.294238661217686
-0.0173377645306902 -0.0182622508705854 0.0303537548380453 -0.275430727711206
-0.00353384614843859 -0.0114378159845791 0.0711876011181642 -0.209437878988922
0.0167176109585521 0.00885708005035948 0.107454008834123 -0.128019711175887
0.000233416463320946 0.0360663005121931 0.121173151395848 -0.0087203448330315
-0.0614193058695511 -0.00402948359828934 0.0649546938143394 0.06074055577076
-0.0140093542386324 -0.0624161437023168 -0.0374533182833122 0.0822612372663604
0.0594001487551288 -0.0492617615710414 -0.103212512679037 -0.120192893231892
0.0225143859116022 -0.135420831947529 -0.0719750417443714 -0.221568479233082
-0.0481003920271493 -0.160929143075548 0.119618516793963 -0.207272637998666
-0.124620169957045 -0.127573088464346 -0.0167579204077401 -0.252089749305691
-0.160714726145821 -0.0154288793357817 -0.0255612199215826 -0.0981743953650158
-0.133905946835633 0.0611809365891086 0.0572889220948974 -0.0946891134094435
-0.080860337423811 0.100915145570533 0.0824654068629999 -0.177190888233968
-0.0435688333616099 0.105219264192497 0.0377295169953569 -0.251033535482251
-0.0266546706563309 0.102300923977113 0.0104048752915067 -0.272481507448141
-0.0264346884784812 0.0818111362639689 0.0180567734427241 -0.265318853819364
-0.0306130484562016 0.074987897655848 0.0616189330281736 -0.214219937979154
-0.0313964334045503 0.0685784876306522 0.105545175781359 -0.139403719548805
-0.0486866470918885 0.0512360672876866 0.128390635704025 -0.0103875119070341
-0.0967520511749389 -0.00604554935902376 0.0677857537987956 0.0618161646660448
-0.0640979546651594 -0.091159031493266 -0.0290573241129394 0.0822162221649368
0.00365030070121715 -0.119480412756438 -0.104585666604255 -0.0992282182971845
-0.0214792904711274 -0.246063552349964 -0.0645738364193747 -0.135629536315747
-0.118905252813674 -0.243189730354934 0.17779769043654 -0.160296543092903
-0.199208505769507 -0.187056558615235 -0.00848718856969632 -0.26344947352698
-0.263659798888376 -0.0408363558889913 -0.0701173241828666 -0.10319517202041
-0.243297553104163 0.103448512339027 0.00202905258192878 -0.0478277337355698
-0.149092854727354 0.19095708475805 0.0541614981058175 -0.110156983196219
-0.0679385461683076 0.206777692221049 0.0187080042290736 -0.183083626477313
-0.0322884094779004 0.204706169167111 -0.00127835577195663 -0.209292856863148
-0.030857852826704 0.178535917329791 0.00916010374819334 -0.223025578204521
-0.052123946032928 0.170671292889988 0.0552868866345746 -0.200092253575277
-0.0856405357596156 0.147251445681823 0.104755797864732 -0.143147031392844
-0.1196486423786 0.0824948675167109 0.14058951853344 -0.010821652411306
-0.15671035782654 -0.00642076260009738 0.0748405399529868 0.072328047490233
-0.13124257509601 -0.117058576169855 -0.02839239807496 0.0950534387427579
-0.0644009014522294 -0.180771900735904 -0.0992775233259097 -0.0651988072086854
-0.0594639660066829 -0.309025230388987 -0.0405996302976869 -0.0202540176527076
-0.165573338819079 -0.267006611911745 0.229541260497124 -0.107739562635167
-0.230766834568342 -0.192808379526915 -0.0093496982668919 -0.261382881912027
-0.301710084043382 -0.0437852045509922 -0.125849887697876 -0.101839180604353
-0.29039117802505 0.131171197873269 -0.0714595471347768 0.00600574329929751
-0.179726824327015 0.245611438944458 0.00248971585879094 -0.0230046486320626
-0.0767739207251786 0.269164864772452 -0.0111000646430326 -0.0817031098992521
-0.0327101885347747 0.277302043552214 -0.0106231298116317 -0.11037192160969
-0.0329767298262193 0.257720178131635 0.00791345774983184 -0.145622091529205
-0.0698597119118268 0.260432456994804 0.052553465302758 -0.152446321763052
-0.143909676424434 0.228690227540701 0.102167069320635 -0.119076967626123
-0.204610447997814 0.119997879049519 0.149703550335452 0.00254248238646911
-0.23235238184653 -0.00812179911513312 0.0852988155709814 0.0951797223555831
-0.206445941228987 -0.140519677782797 -0.0274610583824711 0.124099227718421
-0.133236779088571 -0.23012166550454 -0.0802844675869722 -0.0115843514608656
-0.088186866640319 -0.304241435211505 -0.00378908719472044 0.0925436133501386
-0.171803571667341 -0.2184806412784 0.252742844014444 -0.0712245267172033
-0.195556226449173 -0.143253886702245 -0.025046659277321 -0.235334931300355
-0.258577775357153 -0.0319926577841718 -0.168646207138599 -0.0833950223339956
-0.264884393531494 0.134062057982702 -0.1301075846935 0.057050875148784
-0.166133100811428 0.251498819806836 -0.0482484577054425 0.0655817545330278
-0.0674989041551672 0.283737334511321 -0.041473112928195 0.0332661040113982
-0.0275282282400248 0.306213870428345 -0.0193439674072722 0.00616941964850133
-0.0358253421899637 0.303607297834526 0.00801823142741815 -0.0394381605482749
-0.0900675168404889 0.316075245772266 0.0483148687326315 -0.0679160904894088
-0.197979000760207 0.276301048861251 0.0906313702322296 -0.0573547815866289
-0.276744902092765 0.134843234168219 0.142673042811674 0.0394523610099407
-0.288476456618571 -0.0206606222318443 0.0891915724707807 0.127857252846227
-0.262364666285193 -0.155140574546348 -0.0216527054516472 0.162561044973044
-0.186068580197024 -0.25909097315085 -0.0498766223414646 0.059017107191529
-0.103962974678436 -0.241795352935404 0.0379089235301975 0.171451790844382
-0.139533046658509 -0.127451791395051 0.234301676417917 -0.0616320675620916
-0.11635474452547 -0.0748163449136285 -0.0456363374292855 -0.189130678488023
-0.168533462287663 -0.0226173914049617 -0.17903859601816 -0.0526698793127336
-0.192930146247878 0.110268646289058 -0.152010215257021 0.0939382372467919
-0.121948990060727 0.213470277037692 -0.079440648081758 0.133289963139425
-0.0452363844825112 0.253405304085211 -0.0602991967309447 0.139403496855458
-0.017334905479508 0.289585100827848 -0.0247794115672707 0.122143562498754
-0.0372180685334583 0.300818313497812 0.00381178863313923 0.0777505367006413
-0.106026245793322 0.311080954723976 0.0334826793406562 0.0374731819221168
-0.229783542757872 0.258639472150201 0.0602386297645941 0.0295449222053346
-0.299249044449658 0.101107814790109 0.109348491377402 0.0890313778911095
-0.283674061172263 -0.0423018077668313 0.0812410785392592 0.163237338566277
-0.271676092358011 -0.151373151868574 -0.0171659085577903 0.203195290710093
-0.207562525704265 -0.255693148765283 -0.0143151307936735 0.137844711048463
-0.103045088958368 -0.149603339437806 0.0744479272692538 0.207601061629185
-0.0874457863201849 -0.0376537802130725 0.185016625954775 -0.0693649066206502
-0.0357808690995535 -0.0240246603529984 -0.060896497943316 -0.137759367066155
-0.0849970653912008 -0.0219809891104991 -0.163458238917443 -0.0259004808480776
-0.116324769032488 0.0716913930355743 -0.145914921339946 0.108531044053149
-0.0705943976715818 0.15039981761743 -0.0880844012913002 0.175475891506068
-0.0193237504840169 0.191074183690286 -0.0644935327122288 0.219735852357965
-0.00583715444972063 0.227829030302019 -0.0259078516344949 0.220751850511471
-0.0324452972880777 0.242963083056799 -0.00861725355809467 0.183571986900162
-0.104630989227946 0.243115191820716 0.00210815965998643 0.13646632415193
-0.211114429574079 0.178328185446178 0.0108287137637337 0.106792509716954
-0.244442039655529 0.0378109870897252 0.056689627040725 0.125103784223033
-0.206873571780911 -0.0517915622251689 0.0596758037641383 0.191014219975006
-0.227400541349667 -0.116909071370329 -0.0227323682777886 0.23638062421952
-0.190548412064879 -0.210959345035643 0.0126536365545845 0.210689786628951
-0.0853253977109787 -0.0532211929019908 0.103047170140958 0.206675915645449
-0.0373417400738749 0.0237127963449984 0.131882592887093 -0.0789330872807184
0.01630688360734 -0.00183769054220593 -0.0646353011378107 -0.100046730627382
-0.0316372238793359 -0.0250913818747713 -0.143281905313784 -0.0135977353980392
-0.0556666206336024 0.0321722757648325 -0.131701027530387 0.110922955292745
-0.0269586700436279 0.079487018663994 -0.0863188849465423 0.195923876966008
0.00162117422150484 0.109439100414002 -0.0586067459004097 0.268543281807816
0.00688107453874235 0.130143995843888 -0.0241174928594291 0.28557947803422
-0.0166152844297153 0.140142644668819 -0.0244125889043144 0.256447330965391
-0.0701070794325911 0.130915158817465 -0.034225361347367 0.200595596701795
-0.131341340704299 0.075430752538945 -0.0412219742992813 0.149338109640214
-0.122901278669794 -0.00984287088148049 0.00748646528327289 0.135113551908072
-0.0865954590331375 -0.0192990801114991 0.0334397724365059 0.2092446023583
-0.146461250116783 -0.0435717740571642 -0.0454231209044021 0.257277440944649
-0.143557819247595 -0.120063973281634 0.0229514846391983 0.257636991289104
0.0738103103008601 -0.0236923233383744 -0.105914359024199 -0.262007207872843
0.0224337364529809 -0.0651974099064979 0.0301393564734754 -0.260859553840324
-0.0357165197175803 -0.0384092630730877 -0.071608139016966 -0.238186772476146
-0.0221588268915876 0.0154779279970805 -0.0254095027566166 -0.104722467033145
0.000100907767042594 0.00546296596548249 0.051205894446197 -0.146482462001208
-0.00422090956406027 -0.00807945562835697 0.044023961485333 -0.230503180692938
-0.0190392576836441 -0.0145354649530361 -0.00506691294878425 -0.291738863735757
-0.0199942987812282 -0.0110308468626198 -0.0266931626144993 -0.308141682396055
-0.0203236664338065 -0.013558285949992 -0.012821221388055 -0.29324702605686
-0.00594942906617749 -0.00960543465279708 0.0387036355278803 -0.229678577582359
0.0186966346409649 0.00581219438251217 0.0897747573323908 -0.151024287709299
0.00681245151817706 0.0349192583533546 0.124503932554871 -0.0317508834965867
-0.0619355670534387 0.00849725092133437 0.0789325736549355 0.0517585091191754
-0.0257015675006744 -0.0610783547470456 -0.0226823041046127 0.0906562990182674
0.050272094011702 -0.0616523041483188 -0.121005938519016 -0.109846017794643
0.00237581239240456 -0.149308081648703 -0.0994547821611614 -0.213425093692886
-0.0749040443457736 -0.16166620449718 0.0937451143589134 -0.240557861623677
-0.148746920624189 -0.112293709434195 -0.0532087819692215 -0.255069676912061
-0.167503216800476 0.00651828859711403 -0.0341150794831301 -0.0979560709653157
-0.129458924743427 0.0826219972129702 0.0493954500544523 -0.113176208519012
-0.070190550890367 0.117305281825369 0.0584462742009503 -0.204871842640318
-0.0316745149091266 0.117551811436771 -0.00300532149922965 -0.271915301684812
-0.0118685207238709 0.11261609322877 -0.0338667465060096 -0.283835462395015
-0.0145379328961845 0.0906498392380272 -0.0253304408388566 -0.279865635723159
-0.0197600530768042 0.084241104289249 0.0289073582965915 -0.233490345352795
-0.0204836605403263 0.0750895899263363 0.0869076361997339 -0.163041502893577
-0.0421342957007024 0.0574937282877788 0.133404658775776 -0.0347502039470094
-0.0990969681581254 0.0106216459311108 0.082148420385067 0.0525363569369248
-0.0791771665534616 -0.0833166034109479 -0.01458511099002 0.0889812229364438
-0.0149389067270376 -0.124961863460665 -0.120970462235493 -0.0885332457825894
-0.0630526200183243 -0.258186941949531 -0.0681150577781703 -0.119353601899944
-0.159566257524764 -0.237527250825933 0.166780844444335 -0.200461309053414
-0.236192920144737 -0.165670817461502 -0.0412999012515807 -0.267191612527889
-0.279893215660631 -0.00596978273428227 -0.0759690857254954 -0.0932390313723262
-0.238081110345296 0.142288240763152 0.00505799493432075 -0.0578727760212958
-0.127491594201167 0.221066735837874 0.0412692659533071 -0.135726715571895
-0.0416372750025081 0.227519709573659 -0.0100586212932556 -0.199581770135608
-0.00180426866385549 0.22007025730058 -0.0347865065301736 -0.215971109779881
-0.00264307102372982 0.191153915564009 -0.0265296336268317 -0.23313741293472
-0.0255314221546427 0.186323345719734 0.0245318315706709 -0.21704428426824
-0.0638023253388499 0.164716308682362 0.0866414738456184 -0.167899135684806
-0.111690493411943 0.100632095140364 0.148554751733408 -0.0364447455789007
-0.160668764753853 0.0178469164676567 0.0926728643505976 0.0633966518709613
-0.150496454882531 -0.100953967524688 -0.0134419279085157 0.104131527740828
-0.0915586907863123 -0.176959860654492 -0.111441162381368 -0.0537878419429581
-0.114245988230532 -0.316841098364465 -0.0190676603974261 -0.000458195337592496
-0.211311331725056 -0.254695983470942 0.231034655062872 -0.153923710265257
-0.268335681442691 -0.168443485821163 -0.039984116100036 -0.264403637000881
-0.321332057780148 -0.0046898440043177 -0.131928169958001 -0.0814018177599367
-0.283584342077087 0.178062240517574 -0.0591033396595382 0.00837164401330215
-0.150454090668479 0.282808106737893 0.00383166241543291 -0.0385957088819249
-0.0409796183984548 0.292605882899046 -0.0230395572306154 -0.0884113298352747
0.0100162653369858 0.294081639844372 -0.0302452811222096 -0.112263325399399
0.00784364933591463 0.272939409048437 -0.0165082305776178 -0.151812212234187
-0.0305192052989823 0.281687246584862 0.0305286417363239 -0.167399350171476
-0.110493741268558 0.259209382015625 0.0891186205352667 -0.143608929616706
-0.195193327863614 0.154143470161617 0.162212829373682 -0.023175903958997
-0.240281446239397 0.0261248189236785 0.107433137160616 0.0863272269938312
-0.230307827781155 -0.11647537226492 -0.00779580125765931 0.136262493787358
-0.16736697851785 -0.216207065790415 -0.0867310820265911 0.000348418325493296
-0.145579689810744 -0.304793380229981 0.0402941956515465 0.110121132154689
-0.210744341852718 -0.202657302659389 0.258285701882654 -0.121388272101898
-0.224156836820009 -0.123250925590472 -0.0545360795463562 -0.235246683986495
-0.27476838986462 0.000740441536213843 -0.174775688240661 -0.0537753703432717
-0.255850477618608 0.176775823898435 -0.11223764937537 0.0731042188914277
-0.134512431223068 0.286812609694109 -0.0357053031478856 0.0619414044958958
-0.0286860139445793 0.306172166605299 -0.0339874996624938 0.0382052796970064
0.0193039115740192 0.322810460595525 -0.0206365474415576 0.0100570109947751
0.012392076687692 0.320036922087916 -1.32218215424729E-05 -0.0421355965577285
-0.0430356223266718 0.340553272429386 0.0403288574462339 -0.0784404681516146
-0.159332016600483 0.317768466514098 0.08812549683451 -0.0770708592653183
-0.269370878197987 0.180270443720613 0.162776257518824 0.0165986886940434
-0.301371497278881 0.0215195130196931 0.117779544444753 0.121462340996425
-0.289549768947872 -0.123773837377576 0.00416436477038533 0.178548018633865
-0.22538719461565 -0.237268291703799 -0.0450697570047295 0.070422085572111
-0.150725061510357 -0.235748977616737 0.0927834402558419 0.181387467432373
-0.161366424922474 -0.111224854862337 0.236637221576729 -0.1079947556799
-0.130482575931039 -0.0632017109597774 -0.0740848635667113 -0.185511210984814
-0.180629518060382 -0.0018306944707733 -0.184520089182246 -0.0197065225918712
-0.18488719179277 0.141752058755901 -0.132216441045391 0.116915466546377
-0.0935271637158723 0.239577611208641 -0.0580741972702552 0.140772299582186
-0.00978102696025615 0.269461968873497 -0.0342387835190997 0.15307958145933
0.0266587729460634 0.302727487230539 -0.00736118740067069 0.131365588894644
0.0103290304503312 0.317842314719658 0.0145953260671206 0.0813747729165047
-0.0610285515775078 0.338290309674719 0.0418621798916355 0.0344744352275312
-0.195986103118025 0.303476038411624 0.0713614516234969 0.0185320354723557
-0.298326795344838 0.148600131436759 0.136500779178836 0.0754433458231686
-0.301543902651852 -0.00326317878839039 0.113860693108399 0.160349976098974
-0.297640111465667 -0.119396101432119 0.0148449770437023 0.220249986446637
-0.246831124116949 -0.229291794787017 0.00251963657625312 0.148314556835856
-0.134658708703907 -0.13784045573738 0.130576305098754 0.207622079921927
-0.0929497298206572 -0.0255973111352343 0.179849809820979 -0.107031572810054
-0.0404288288010104 -0.0229813074679808 -0.0864433753001397 -0.129103670954359
-0.0926851640818867 -0.0114833970888209 -0.167830279283861 0.00564697319957673
-0.110409548844432 0.0910449735446891 -0.12617663915154 0.133805848165524
-0.0488274036729901 0.165637185446675 -0.0614547304555396 0.188485915308267
0.00880272611897557 0.200213404297048 -0.0258794614196021 0.240480872442674
0.0290671695576015 0.235904185582387 0.00721295185855683 0.233659921794238
0.00501106832110636 0.256306444607542 0.0185399240519772 0.194338904886638
-0.0704550222744892 0.266709090305961 0.0250258067832999 0.142454880978003
-0.189742700485276 0.218172758481936 0.0310474934819363 0.10935814895309
-0.251449928612886 0.0736373238178323 0.0839532616817529 0.123458393100964
-0.223321220287394 -0.0258193749114038 0.0946185923717297 0.191082509217009
-0.246992797591216 -0.0900947666443533 0.0144247417468784 0.257155819571914
-0.223205834072367 -0.184752136098615 0.0405452546073428 0.221276921824086
-0.0986080658937857 -0.0396149568202436 0.151487172790525 0.197332862183307
-0.0327868478566618 0.0304014584429413 0.118670531284669 -0.107060336217288
0.0160106619086004 -0.00704272952373282 -0.0869515188496985 -0.0887042765082511
-0.0374527941386545 -0.0219087242556421 -0.14806108876172 0.0149229958978287
-0.0525978822770337 0.0411416831511959 -0.114322271383795 0.136167999607251
-0.014851982210477 0.0848637936125431 -0.0569440689501437 0.214117143988393
0.0196872497179744 0.111806403374764 -0.0116939364058987 0.291548052409765
0.0267699788644226 0.131829529463512 0.0201216201344443 0.300141872284162
0.00535792957226784 0.14655994644038 0.0134146821627869 0.272459991253599
-0.0525871837146248 0.145617056468138 -0.00453018082120605 0.215355436799784
-0.12471858798878 0.0995325230498121 -0.0175233108119693 0.16334827182087
-0.131443527224197 0.00731835839311892 0.0301996409016626 0.142712872517514
-0.092901386956775 -0.0123046674915183 0.068243099737621 0.212766965708049
-0.152253813704263 -0.0253335146982582 -0.00582799692909541 0.281929661428357
-0.161639569449307 -0.0978336061280046 0.057189329937908 0.270289085665806
0.0704535301286163 -0.0331807032362816 -0.121489936034428 -0.26113409094931
0.0138468895435464 -0.0673287470793927 0.0069520589954841 -0.273132648483968
-0.0384845861581619 -0.0334740048462778 -0.0942216010440429 -0.231630511595305
-0.0189639401073991 0.0165183831771056 -0.033261085757406 -0.104462206145027
-0.00044730793992893 0.00360696534453878 0.0384275403283808 -0.152065032284995
-0.00699422482160842 -0.00830803691180404 0.0242826590487302 -0.236383987376368
-0.0222583452069907 -0.0113802041298966 -0.028064054415432 -0.293590319240176
-0.0228734699675183 -0.00684040609674313 -0.0521342493044416 -0.309458846794706
-0.02326077775914 -0.00927269394643416 -0.0378332506505111 -0.294839410921972
-0.00907522445490033 -0.00763111073612712 0.0187641794056744 -0.23524544739632
0.0185196172833917 0.00217523673596606 0.07546490522824 -0.159609551310101
0.011347210013811 0.0315633849305278 0.122255283473473 -0.0449101768027596
-0.0594992920775375 0.0162321500198836 0.0846826649723452 0.0427944687261391
-0.0331444831944031 -0.0574102402164375 -0.00998279531801167 0.0912386352881298
0.0432658095704379 -0.0696642178460302 -0.126516010757741 -0.101948878778603
-0.0101295463930551 -0.15379419284452 -0.111142870036773 -0.212708983517438
-0.0910109480867667 -0.158440795101309 0.0713446625306868 -0.259772263361302
-0.159741684121006 -0.100998318613406 -0.0776148303713752 -0.248758186358823
-0.168280705001908 0.019384569144011 -0.0401726050635069 -0.096569406857587
-0.125793212936552 0.0933719071509928 0.0397310756327581 -0.119193340138794
-0.0634060873567551 0.124244125102647 0.0405790355493578 -0.211448620487556
-0.0242437019078031 0.122849990538343 -0.0255743989136887 -0.272403384112645
-0.00397308848624264 0.117186963226474 -0.0575225251361559 -0.283719835138455
-0.00835058427708026 0.0953847735393076 -0.0505729709664755 -0.280104076773917
-0.0138982604552973 0.0885718756252612 0.00684089557041559 -0.237542725490598
-0.015382075743657 0.0755555160314165 0.0710269994831875 -0.171436864423575
-0.0365988329026511 0.0589813884215757 0.130106215383886 -0.0485795197088041
-0.0960497693101318 0.0185662316411278 0.0884722894056336 0.0426538248911719
-0.087116632180144 -0.0761994449296398 -0.00191829480014955 0.0890434736315832
-0.025832140609526 -0.127681670766539 -0.125734420779411 -0.08024560172337
-0.0839529619166559 -0.257280931221721 -0.0737325731691871 -0.119182072086497
-0.180956882306086 -0.228112313459276 0.147099363023171 -0.226717963668599
-0.252521574531362 -0.150317520948401 -0.0679539157003084 -0.26174622748093
-0.284992492400859 0.0156117101091244 -0.0820019257481499 -0.0875807938434547
-0.230365451087693 0.163522369804656 0.00016113833072957 -0.0600955252974191
-0.111908397365484 0.233762279501345 0.02783135613492 -0.141351769781807
-0.0241015243615578 0.235325041773519 -0.0292369730071787 -0.198245539866968
0.0160051612727476 0.224405820023655 -0.0543177761360336 -0.213456237142349
0.0124600111544739 0.195338665620769 -0.0492068747012951 -0.23235709435594
-0.0109900609817865 0.192181755161398 0.0039620192569594 -0.221288217972594
-0.0499480791706936 0.171240234171689 0.0703308121206596 -0.177038696471325
-0.103225789260423 0.109372647450111 0.146264319005984 -0.0529303414731267
-0.159538073516035 0.0299452534737591 0.0995105913167856 0.0526083551894026
-0.159285176719452 -0.0912892610671223 -0.00135461614553147 0.103171209160019
-0.105791628448864 -0.173491195684601 -0.115215072642135 -0.0450437042148626
-0.139400647059339 -0.309735686503556 -0.0150260029275616 -0.00205624621167381
-0.231688979344497 -0.241800937683465 0.214244749939805 -0.183171191648007
-0.284804418252271 -0.152118555765164 -0.0662181688972899 -0.258674727343924
-0.327964078725617 0.0205121888670485 -0.137198123629941 -0.0715400286830447
-0.273121933065298 0.204362501731402 -0.0588725114476535 0.0133927623129734
-0.129827154789713 0.298405951684146 -0.00308963164153066 -0.0402752311597666
-0.0164657133465501 0.301739569957087 -0.0333388379560536 -0.0847625760173881
0.0345653997812323 0.297097150812948 -0.0407762467643778 -0.108457898926174
0.0306385398587296 0.27744042695471 -0.0315016090255612 -0.150251108671299
-0.00708079356436722 0.288706678181935 0.0138777116027502 -0.171854972678451
-0.0893876466354089 0.271495435186542 0.0752419194732969 -0.152064516268306
-0.185029814573675 0.170484050099472 0.162483918360732 -0.0407589883086907
-0.240611219488652 0.0439037401082008 0.11651610327545 0.0751087272026981
-0.240413055962473 -0.100935779527615 0.00670256522497846 0.135266218022348
-0.184812000680095 -0.20749750070232 -0.0864563465804243 0.00783926780783678
-0.170100184289211 -0.293448402191257 0.0527814411672676 0.105542938149168
-0.224661883459968 -0.188614907877674 0.243538808540425 -0.151213753647854
-0.236098514441112 -0.110760564940357 -0.078517499598046 -0.227716405902608
-0.281085619733808 0.0228179391769607 -0.179072993823811 -0.0392265696508474
-0.244478001442693 0.20267727713181 -0.107258390578908 0.0824006668370395
-0.111266879127783 0.301783961807971 -0.0339645449329061 0.0645392662430034
-0.00315272549690739 0.312065965590781 -0.0334217926358579 0.0443192195528097
0.0465180974704594 0.325200976281534 -0.0202991252897913 0.0152184237133628
0.0405920698523917 0.323985961469783 -0.00478064669321505 -0.0403165237140614
-0.013449842786678 0.349714352988313 0.0315232197858714 -0.08299664534762
-0.133331740723979 0.334822302564779 0.0804249665062181 -0.085434839502393
-0.25908868505757 0.205672680055565 0.16719528716969 0.000314387392302647
-0.305279555146053 0.0420978262016237 0.130462098570886 0.109132204289536
-0.300316930635472 -0.104599476306727 0.022106074622145 0.177812492586462
-0.24263421428534 -0.222430780820214 -0.040788132471799 0.0761833552561807
-0.169961449222014 -0.222708949024225 0.110281935478548 0.17404111309356
-0.167451816939139 -0.10000412172008 0.22191171601162 -0.133273293386813
-0.136435478232884 -0.0580226618146251 -0.0927701989760053 -0.175052527361998
-0.185104630864694 0.0132590884835257 -0.18666423715367 -0.00321010213446106
-0.175213875593536 0.161362160736316 -0.123162250461064 0.128629271291508
-0.073176997722589 0.25001880092585 -0.0498970705580063 0.146602999982515
0.0141284803234617 0.27309380498233 -0.0234823736243984 0.159575241416053
0.0538425219720799 0.302929928468813 0.00341992055773229 0.136510351800624
0.038444855328069 0.319308442517959 0.020403965348545 0.0826736086778247
-0.0321323909404965 0.348661219290701 0.0431497786761154 0.0310906331958744
-0.171321278000787 0.324779560881048 0.0722370344165923 0.0132731698991228
-0.292184726198809 0.17626863790687 0.145977182884327 0.0630340615888755
-0.307921849583088 0.0168707291474488 0.128893871281195 0.149042770858149
-0.308217508203974 -0.0997686789728376 0.0366161059027637 0.22153191251123
-0.262642627439781 -0.211370646862133 0.0118987683768029 0.152175197848306
-0.144201076218507 -0.125241646373623 0.148403519796993 0.197468626854802
-0.0913923128631714 -0.0192668696738811 0.164864059337564 -0.124933277118322
-0.0429199396146939 -0.0241845410957289 -0.0993755675146003 -0.117877935174855
-0.0971647708951846 -0.00293053267719882 -0.167116839243986 0.0218632710080211
-0.103386676373616 0.103533469396525 -0.114723133597577 0.145352542833915
-0.0343027837859395 0.170851663676575 -0.0478448791511385 0.19637202133112
0.028849265627525 0.200291300499732 -0.00589052859744611 0.246988293662327
0.0506557588558974 0.234719949321262 0.0282160110615699 0.238594797843068
0.0279339658699441 0.258391262930067 0.0344219699677995 0.196502867141095
-0.0480957762696884 0.277625589332252 0.036261307298915 0.142112254028546
-0.17353566541932 0.238952524244168 0.0404656070861225 0.108485823356509
-0.252072123845618 0.097690982538679 0.0959781155336114 0.117871608608495
-0.230656213669213 -0.013342829251022 0.111326296094647 0.182953908430912
-0.252532947384441 -0.074119149706647 0.0390182955428868 0.259880250345056
-0.235607668203957 -0.166787430374174 0.0557303629557326 0.224655381924536
-0.0998213938888333 -0.0298961496466538 0.167914453433581 0.18751328877952
-0.0266022383294615 0.0306476777053249 0.1037312659297 -0.117832180056478
0.0143098180845788 -0.0113990073868892 -0.0964060495899721 -0.0784890644031375
-0.0415340181205617 -0.0162212882830348 -0.146566630938757 0.0306303117293681
-0.0487256686100163 0.0482204820093142 -0.102293323058076 0.147695326031371
-0.0061683878091463 0.0865535990171732 -0.0400239358369257 0.22126971657917
0.0325609655202114 0.109482952684319 0.0142562767534616 0.297579387002552
0.0399872241296601 0.12866590184973 0.0466066540709295 0.304077936580413
0.0198520501608623 0.146288037583521 0.0366188559565636 0.276207726049102
-0.0400484568863783 0.153101361181875 0.0132637582658825 0.218426781577124
-0.117076911673126 0.114142509366568 -0.00457665259835171 0.16798109206064
-0.13564979719005 0.0193104403481545 0.0419957569440786 0.142022486435577
-0.0966058017162204 -0.00889102842706999 0.0870911865074937 0.206587981742011
-0.151566804927089 -0.0144879292282899 0.0209608053975289 0.287390576644093
-0.168546843090807 -0.0826373259912194 0.0746356037240472 0.273831056063595
0.0628277683125963 -0.0393742544335106 -0.129563851239485 -0.248967434905014
0.00468316534266432 -0.0647935845309111 -0.0162685264111908 -0.269659066688336
-0.0388222034135702 -0.0271957327152782 -0.108745754822273 -0.212343424377188
-0.0150806056100077 0.0151430066415995 -0.037659781433554 -0.0986881086131467
-0.001335925224912 0.00220809127049386 0.0249844530289025 -0.149027596841562
-0.0100904916499628 -0.00808587018315958 0.00555602677147204 -0.227912487277809
-0.0242981856886532 -0.00720453445875211 -0.0471372598448707 -0.279511607941127
-0.0236621455380399 -0.00206942668514998 -0.0727032740028211 -0.29407611969076
-0.0240557465200288 -0.00396634437880331 -0.059130178239888 -0.280581260679061
-0.0109609789856805 -0.00497846646411547 -0.000987863934380685 -0.226987166610791
0.0154633851611121 -0.000798445892101633 0.0592233506664495 -0.158505111692313
0.0141087554958947 0.0269031265909756 0.112059358120745 -0.0531076372216553
-0.0535085901609323 0.0224787374410309 0.0839843705904194 0.031670628301624
-0.0372275664169482 -0.0494563362245262 0.00246331887206759 0.0858432048884462
0.03253189381533 -0.0733459205491662 -0.124233488071543 -0.0906307313248849
-0.0217087536178191 -0.14965703845864 -0.11704877827901 -0.201111418827046
-0.100615102847669 -0.146439796614405 0.0453400673155471 -0.263429298444758
-0.161268211879593 -0.0857882046493355 -0.0949331100039951 -0.228635736040429
-0.159435976440966 0.0291197383780503 -0.0431418931285542 -0.0907173540674331
-0.115617985971249 0.0979636991345108 0.0290170767298537 -0.117930301756787
-0.0543849166701549 0.123674269144223 0.0211380405239583 -0.205721892643852
-0.0154342340794324 0.122268810059722 -0.0446120908626155 -0.257619138891617
0.0033989008851684 0.115825091324027 -0.0759076618386185 -0.267906988695168
-0.0020880775713511 0.0950342629705515 -0.0701059994491462 -0.263288898237942
-0.00803659815845216 0.0875388436517535 -0.0129790900117069 -0.228369751585223
-0.0100480670536574 0.0724210814696726 0.0528920556476135 -0.169975820878743
-0.0301404365417297 0.0557594202356077 0.120510903975283 -0.0585192563016791
-0.0883295206750192 0.0254976334414847 0.0878839413200446 0.0309121391025101
-0.0892043704181547 -0.0659668932180371 0.00806823010668345 0.0822832797590524
-0.0356739882394152 -0.123913356248841 -0.123110234845845 -0.0694262837209028
-0.0986771593637073 -0.242506134632689 -0.0749934887110279 -0.112874745029846
-0.189675357902505 -0.20716158095953 0.118825762454827 -0.237581916652976
-0.253707786827757 -0.128807075697282 -0.08661868501577 -0.241945504151252
-0.273779786906739 0.0343240756910986 -0.0820559185106029 -0.0790974759540194
-0.210985947968966 0.174708948343039 -0.0033966832846962 -0.0586852796982193
-0.0919323888802356 0.23331708990428 0.013895440585687 -0.137365848274858
-0.0070267952553914 0.229406618997495 -0.0435626176851767 -0.18561910880492
0.0311416163211737 0.216850272197429 -0.0676238856722621 -0.199954010071028
0.0259580437627121 0.188815037635839 -0.0652567960704715 -0.217828671973256
0.0037592751200241 0.18696315884764 -0.0147700103977324 -0.212621856031101
-0.0355256561825482 0.1666785676581 0.0517974294558428 -0.175186364735474
-0.0914248279519055 0.110604048771331 0.136030804852499 -0.064277141048264
-0.149393232151489 0.0390762420102165 0.0993329525395866 0.0394807170297884
-0.158030428468988 -0.0763771382264876 0.0098412945610542 0.0959111991166094
-0.113079891272581 -0.161766978891436 -0.111998592582115 -0.0357177847522323
-0.155388831233156 -0.286261251044048 -0.0111666756937839 -0.00397055058630702
-0.237719709421936 -0.217074659329106 0.184224629879044 -0.199750628878635
-0.284824949981449 -0.129764294553428 -0.0864084471445979 -0.237794189690466
-0.315680936984449 0.0423776373727796 -0.134824475547194 -0.0579745500965809
-0.249464070851859 0.21746633579607 -0.0550959946106459 0.0157671676391649
-0.103269276213208 0.296393663856174 -0.00902849979486169 -0.0382521060749556
0.00531196580199735 0.291396317368655 -0.0405574009913961 -0.0755494979635949
0.0546655844382279 0.284861971503466 -0.0467077762011929 -0.0995263271137203
0.049706250728819 0.26593216456096 -0.0421694029109343 -0.140444542907825
0.0153847098900231 0.279067137183363 -0.00208999297827639 -0.166238754956214
-0.0653128024151386 0.266693300520921 0.0582796992692726 -0.152448908326061
-0.165131138506562 0.17709700963866 0.152516260962098 -0.0547384274584604
-0.228778377265445 0.0569856676317972 0.117208401055247 0.0594243073192537
-0.236312152738499 -0.0824723232787426 0.0192872839505808 0.125988683970494
-0.188677139675343 -0.188172994215635 -0.0817216513266186 0.0138656606114096
-0.181571681254389 -0.266947664342051 0.0605401942572777 0.0943017755050917
-0.224664135163912 -0.165746025590564 0.214271549642525 -0.169621477876464
-0.233808093330075 -0.0933237075247135 -0.0937561891853383 -0.207625613672318
-0.27105964305919 0.0415305122289811 -0.171680267956859 -0.0240210441991245
-0.220601454032728 0.21495604204515 -0.0958398386484497 0.0859433213161865
-0.0849285935003657 0.297630867199599 -0.0304344380939988 0.0651035490591469
0.020793339610814 0.299889430840693 -0.0310476231464025 0.0471499273295949
0.0694308001545993 0.30934759241895 -0.0179046801164439 0.0178154784948092
0.0634871514914437 0.309203257659239 -0.00885206954191179 -0.0363570089006932
0.0132518960820835 0.338739470743746 0.0220800564237715 -0.0827570660000873
-0.103141245672659 0.333350239426253 0.0694222523414269 -0.0876860096369594
-0.235648393776288 0.216381561086352 0.160983181946563 -0.0151032156207485
-0.29200429810651 0.0592069604246283 0.133041231659113 0.0922275211360214
-0.293773841435566 -0.0827924570621834 0.0371740132624752 0.166447914284393
-0.244262261587057 -0.197883562977193 -0.0344876619989298 0.0775456875351332
-0.175966151966757 -0.197735928317222 0.119815018915718 0.156517509948597
-0.163036976454109 -0.085574537128002 0.195322563511348 -0.147155515436676
-0.135126729388921 -0.0512390899320266 -0.1033895200654 -0.155432005287212
-0.178898431448444 0.0267988829403224 -0.176695979323016 0.0118406025009297
-0.15521627995743 0.170032965075406 -0.108447669975726 0.131247496629813
-0.0506463653321443 0.245142296735258 -0.0385777316579327 0.144201094383638
0.0351050805699233 0.260705978756001 -0.0116383958970145 0.156648917892996
0.0745346717825697 0.286749136957186 0.0150221436953567 0.132930107511349
0.0612732759415027 0.305358801397892 0.0238862415249361 0.0797683084551079
-0.00469464939671731 0.338903976591347 0.042484843451151 0.0257689435596125
-0.140680934167349 0.327028543958513 0.069361765525552 0.00793681635925627
-0.271286898321327 0.192257764630081 0.144965487025243 0.0479237523705951
-0.298317775197885 0.0340933486358066 0.135247521843107 0.131288118723369
-0.299542352752572 -0.0783887313405741 0.0542756502255307 0.208915114263156
-0.262212036905429 -0.184929955546537 0.0199842022695257 0.148047322591493
-0.144084683750165 -0.106308138641772 0.157716957790248 0.177607832660565
-0.0847231114503558 -0.0141037908332694 0.141542967975616 -0.133179091365545
-0.0429445095601969 -0.0227358049675294 -0.105348856558995 -0.10057840933584
-0.0951893468308616 0.0054764258180806 -0.155931521544949 0.0351015217234093
-0.0896296167547115 0.109083088165062 -0.0990030329032535 0.147459061056626
-0.0179997954756931 0.166291541053985 -0.0327458358317444 0.191286605333126
0.0434121423420297 0.188825331996787 0.0137225251668284 0.238069950406119
0.0675250009014341 0.220086941118296 0.0451100032314601 0.228054621898811
0.0474791430304026 0.245502608198421 0.0472008952799369 0.187911053988259
-0.0251279673230839 0.271665651589716 0.0436126937612548 0.13332500715961
-0.148315236874748 0.244049664517895 0.0462105726406983 0.102981213111764
-0.239017796063691 0.113496017439236 0.102041955953544 0.104928243406122
-0.225511927044081 -0.00065279225910856 0.119871704039847 0.165441731269579
-0.244795105900273 -0.0565532867167688 0.0588405827075774 0.246202682312175
-0.233847795424535 -0.142208918032736 0.0661976787617543 0.215412342151442
-0.094939111959788 -0.019318897467708 0.174654457061997 0.167100761289484
-0.0204293989993325 0.0291505828247926 0.0842043524804682 -0.118969453997033
0.0117001419474924 -0.0132929314340414 -0.0983120107393961 -0.0640126941635452
-0.0423699940607948 -0.0107850022316715 -0.136150759337592 0.0421528845332603
-0.0417526265768471 0.0514895757308317 -0.0864371017674692 0.149114591413335
0.00208942129157644 0.0835376026035455 -0.0219332775851393 0.215164518612458
0.0410266440862289 0.100040098830151 0.0375693663927704 0.285364332527633
0.0493520424605268 0.118687451003955 0.0683221516298882 0.289671117994745
0.0304173544825795 0.138428752743902 0.0539142418743151 0.263309547051455
-0.0258009190496824 0.150174935731876 0.027789929771727 0.209134533571121
-0.103452736861224 0.11973195265346 0.00829535943893999 0.162794446941872
-0.132645058349125 0.0297100807376524 0.0509412957659862 0.134111211052526
-0.0953055052709374 -0.00684642861337722 0.0976033397164788 0.18991699237158
-0.142813497949112 -0.00505804853656182 0.0429996872086834 0.275893063303588
-0.164028400250167 -0.063829394113097 0.0880980551776852 0.263391843529894
0.0555098367076685 -0.0408621292502627 -0.123662714006097 -0.235366846552205
-0.000911682561385058 -0.0586241186522535 -0.0269486596607797 -0.259077227108464
-0.0365213757373765 -0.02205143500098 -0.108498101493279 -0.19269518115917
-0.0119223969564235 0.0129542268049943 -0.0367332691007984 -0.0922457985696168
-0.00245066784176642 0.000517500703203862 0.0183496681620904 -0.139975166047285
-0.0116059612796298 -0.00696216833156328 -0.00194401090074908 -0.213283793359072
-0.024580359426325 -0.0038331768712871 -0.0509570834503225 -0.259655270941508
-0.0237983085181009 0.00191452059568506 -0.0769711902196893 -0.274425297714097
-0.0236907968487834 -0.000631456663955222 -0.0640975806233534 -0.260849702119054
-0.0113277644823069 -0.00242370612838742 -0.00843003745337426 -0.212674758107525
0.0128359697406795 -0.00326446872547165 0.048198283934466 -0.149662006875428
0.014368794931696 0.021325589353621 0.101679968415053 -0.0550919094633191
-0.0468373351945099 0.0244548513916797 0.0793392802066356 0.0244705234200017
-0.0375471481220805 -0.0429697136623686 0.00929437969225865 0.0768918577142554
0.0243977531606827 -0.0715935982561082 -0.116334521534687 -0.0832806261355192
-0.0248607690520425 -0.141462748774216 -0.111901284490436 -0.189982225012429
-0.0999758466150214 -0.133839370227239 0.0293450886135562 -0.255508493717793
-0.153916656066793 -0.0757499052596167 -0.0971749190496523 -0.207799318584682
-0.148570156803339 0.0304836817712981 -0.0403312010923475 -0.0855157975069279
-0.107105484899296 0.0946936501451025 0.0234756758281848 -0.111697639042043
-0.0496040636633518 0.117659730233535 0.0123415038131218 -0.193175663426041
-0.0123812811741996 0.117376678503588 -0.0493887534098423 -0.238828349805218
0.00606987609767381 0.110659912558169 -0.0793182532148382 -0.248871574055488
0.000458892252931962 0.091944763049165 -0.0745795927501837 -0.244808746285239
-0.0059529706119925 0.0837633658329834 -0.0208884339546684 -0.213410939742371
-0.00851459258788663 0.0661856060249302 0.0413872312470273 -0.159913723739337
-0.026124077230644 0.0502528397310812 0.10938226219258 -0.0612572838150984
-0.0799056988904723 0.0270229192964368 0.0836484398545608 0.0236208374419237
-0.0848653654889972 -0.0580484148210688 0.0138149466687656 0.0734598047764707
-0.0386206632108027 -0.116726901876677 -0.114697888877506 -0.06318080414849
-0.0988328873324906 -0.224765772045618 -0.0699787743735902 -0.108783796634934
-0.18290744709485 -0.18931778422862 0.0970852104030218 -0.233144108613696
-0.24264839872215 -0.114752371003268 -0.0904439708122098 -0.219092664596103
-0.256621027000415 0.0397456925953804 -0.0766592013812983 -0.0736876960305186
-0.194184266844683 0.17003227065811 -0.00556990628724825 -0.0561301222280023
-0.0813615035840715 0.222418887046976 0.00690878652008624 -0.128902891132115
-0.000291594142525624 0.216706420768738 -0.0472892024444106 -0.17046867067233
0.0359483044164004 0.204427177907961 -0.0692285349981666 -0.184026365474508
0.0296668440936398 0.178789381761328 -0.0695383200589816 -0.20112399730244
0.00898994259769741 0.176550229576458 -0.0230419089050782 -0.198962953107483
-0.0286045687068745 0.156238646597339 0.0409364475500012 -0.164757164363173
-0.0825062458745395 0.104075442646732 0.124251367276686 -0.0678956264406093
-0.137364868128929 0.0396486138205193 0.0947155464513813 0.0310995609621618
-0.149239485047842 -0.0677509030012759 0.0146448246662157 0.085163642398708
-0.109656946002218 -0.150478841655357 -0.104330367031982 -0.0302715827471772
-0.151928105426255 -0.263586753332677 -0.0067440939595262 -0.00713677160129488
-0.226645078411872 -0.197255441794475 0.158275218309792 -0.199322561253014
-0.271053881044081 -0.115792312582522 -0.0889237853584869 -0.215438945278669
-0.297203288652015 0.0489170713592837 -0.124922734908006 -0.0515420333508802
-0.227994988164174 0.213244311311603 -0.0508205169356106 0.0151487346783779
-0.0887319652807197 0.281913297212453 -0.0119929278167763 -0.0351206156337261
0.0136247231454162 0.27393766957327 -0.0417340155496007 -0.0667853601568386
0.0605953506185449 0.266321933544415 -0.0460015077940022 -0.0893819793752644
0.0548824934985009 0.249876602819145 -0.0452726812052449 -0.128793623833073
0.0234917087555843 0.263150446845658 -0.00903965874816288 -0.156063761232714
-0.0530638974283787 0.252139269875647 0.048276013463777 -0.143844762922568
-0.150825064770218 0.170542156856191 0.141196317645176 -0.0590736717075614
-0.213795311553245 0.0578922164492215 0.111758100808718 0.0491288467276838
-0.22199256725346 -0.0725901504461587 0.0239864954766671 0.113941243740468
-0.179305704762846 -0.173118086378823 -0.0763769031350161 0.0159616408579976
-0.175694929296247 -0.243225908130133 0.0617659048781035 0.0839804551603897
-0.211728535467116 -0.150496386202392 0.187346328181403 -0.169550484950455
-0.221776954951469 -0.0856694978664555 -0.0964089746505973 -0.1856530104691
-0.255303209395735 0.0470841318275042 -0.159161666894077 -0.0178609729747744
-0.200414559590061 0.210209931271074 -0.0874011435742032 0.0819659915012915
-0.0698310944015289 0.282791463816782 -0.0292835156686089 0.0620055665085452
0.0290588607241656 0.280986865463109 -0.0286209909126201 0.0472818915130808
0.0755589713640893 0.288427308661452 -0.0153602100184418 0.0191870821204761
0.0689581729162275 0.28947225811305 -0.0101507348974405 -0.0317330713680456
0.0235583658993094 0.318415308656566 0.0160625860585148 -0.0780926839848819
-0.0854191057298382 0.316799930442457 0.0614131026511293 -0.0842704515006989
-0.216461008373578 0.211267946530332 0.149785549790346 -0.0222637182345793
-0.27537280062226 0.0615787413472931 0.127845326422188 0.0792002471652481
-0.275891109439035 -0.0723344461061431 0.0426161985683988 0.152718529299473
-0.230406751895482 -0.180682363585216 -0.0315240610128387 0.0751168448197554
-0.167339261031009 -0.176993875194991 0.117935918461564 0.141087794164847
-0.150201552955225 -0.0769288549340005 0.169040753783877 -0.146269889831774
-0.127948867255926 -0.0481329812169935 -0.102659501352436 -0.136472741094095
-0.169890773892314 0.0309763360819575 -0.162220153115175 0.0180639441571311
-0.139691344785499 0.165534590565429 -0.0974250631558367 0.1257904886989
-0.0385031327872176 0.231324442793356 -0.033682794917796 0.137420974480983
0.0422563479163854 0.243330334556427 -0.00665847356775213 0.14934167193549
0.0797797177133801 0.265162521548724 0.0183624323034342 0.126226298046696
0.0679453099499381 0.284172451521087 0.0245109842592604 0.0756573776613403
0.00703033991703966 0.319902411722595 0.0389765121964984 0.0231898175357912
-0.120897562501007 0.3125702042756 0.0658307223825405 0.00594505708498488
-0.251557442672909 0.190721473715891 0.138007428445589 0.0380541904321616
-0.28221846715934 0.0366836770560693 0.129979013403513 0.11604003900752
-0.280758458920055 -0.069153823699364 0.0585073148040951 0.192823241831982
-0.245748507940988 -0.166589508567791 0.0200282425867941 0.141418019981826
-0.134156231456363 -0.0929525412434593 0.153032567306697 0.160181675596006
-0.0752165914130075 -0.0131917618773076 0.120472308991258 -0.127600109556755
-0.0414909546896814 -0.0235483606893885 -0.101576917206071 -0.0864134057041075
-0.0905053076001853 0.0102235962793383 -0.142602830498308 0.0388208707788994
-0.0790695298245191 0.107151988992573 -0.0869483666803376 0.140685382154604
-0.0100609046252946 0.156293983582104 -0.025793146969339 0.181524429829864
0.0479341985910202 0.173447091667528 0.0201249259062789 0.224146792996182
0.0706285502929814 0.202360830991004 0.0508372746431804 0.214890667191737
0.0528775608478296 0.227992989276635 0.0490596892063242 0.176616106586486
-0.0138930916618387 0.257272097175264 0.0440478117335124 0.123208752463632
-0.131876454913238 0.236400461331011 0.046754224483745 0.0953760417362402
-0.223239355889071 0.115617017127093 0.0998092453332278 0.0936090559834516
-0.215540203887676 0.000828201115119965 0.116853278416637 0.148381838246347
-0.227068846690228 -0.0493063697119928 0.065091491005066 0.229281504985401
-0.217946992973106 -0.125419007715475 0.0649296056588291 0.204899668264574
-0.0861591276880285 -0.0129543474611073 0.167784434967163 0.151132732632307
-0.0148249887167104 0.025347640705454 0.0695689696994863 -0.111003524203325
0.00903912854100465 -0.0146478221290153 -0.094110037103135 -0.0534842003042406
-0.0412096070354933 -0.00561930623372472 -0.123821120001277 0.0456612933866397
-0.0351438823833791 0.0511983705041933 -0.0753058202811548 0.14201890475543
0.00643281640562837 0.0772320877470463 -0.014415523451575 0.202748799652133
0.0428565254600949 0.0896724710671312 0.0447729433545272 0.26559516559648
0.0505936506131218 0.107413004174206 0.0736510212133671 0.271210490696389
0.0334406466733421 0.127075797594059 0.0593697595287864 0.246577893071539
-0.0182173771933276 0.142112243523948 0.0317881347465627 0.195942711271741
-0.0927595305748321 0.11815480765218 0.0125351952188587 0.15323241921045
-0.126675375414048 0.0343540248408789 0.0513035007663851 0.123771435555702
-0.0923666180033203 -0.00894131337255025 0.0969176762403045 0.172776169948589
-0.130074488306717 -0.00314418982622337 0.0501336459189455 0.258117216973914
-0.15109247842377 -0.0526728781517067 0.0862156670456429 0.249285746549402
0.0515957332028205 -0.0403277976506614 -0.111263144047213 -0.2315339118681
-0.00246342565531645 -0.0539864645346595 -0.0273701428813093 -0.253114240811514
-0.0341054284183784 -0.0192708214681976 -0.10219498208429 -0.182280646174291
-0.0104131367303446 0.0106508910108347 -0.0311046212976548 -0.0897125064277473
-0.00392798151533772 -0.000927015049466102 0.0185092337147776 -0.133256712519268
-0.0133137300058826 -0.00649479019120105 0.000114173614771772 -0.202235803510026
-0.0254088269613741 -0.00162532615780525 -0.0448623692591928 -0.247775099222618
-0.0226503656922555 0.00421316107060344 -0.0693757203974441 -0.263525839245032
-0.0229397318589857 0.00213187484484574 -0.0592786389190071 -0.249886796719617
-0.0121551241930607 -0.000777262604281418 -0.00685796110094029 -0.202626431501222
0.00971687187918727 -0.00436119021913184 0.0461483734959594 -0.141025219306837
0.0136726687370498 0.0180105488727005 0.0952231240281083 -0.052684869437299
-0.0419026770656471 0.0247463200474435 0.0754473011976134 0.0219235745510733
-0.0358670460613109 -0.0393835435491387 0.0128538328592458 0.0705812644069068
0.0207092449856323 -0.0693598003946188 -0.106484574399956 -0.0825246892486847
-0.022465314992477 -0.13673127878278 -0.0993633540413688 -0.187849721459367
-0.0954473964930439 -0.128955771611522 0.0258154252995616 -0.249686364048897
-0.146317649252095 -0.0731506849419381 -0.0913294054457908 -0.19540944504528
-0.142215644602292 0.026090469467501 -0.0355227991684735 -0.0832124612657812
-0.104742519252286 0.0889054482586249 0.0240897521840107 -0.107145864037193
-0.0510214696092944 0.112442644422304 0.0125246286564212 -0.183793454179059
-0.0139190206947847 0.113840124118461 -0.04391477076814 -0.226686910423178
0.00496288492872488 0.108329595982946 -0.0720627799665894 -0.237928837863553
-0.000689331221919127 0.0901703088556173 -0.07019831961688 -0.233911608444399
-0.00657988608731148 0.0813489379835517 -0.0191542413459765 -0.203796313837438
-0.0101818963935826 0.061941597103156 0.0400847817493103 -0.151442435802539
-0.0257973468897745 0.0446429783605525 0.103239239775278 -0.059402988301427
-0.0732379127206981 0.0247064929154019 0.0788222095173506 0.0203295975824888
-0.079519099630538 -0.0556719047427606 0.0155406423827748 0.0665127553290918
-0.0374352817632533 -0.113922030506887 -0.107185601847035 -0.0626794397804498
-0.0899913824698245 -0.216542267113823 -0.0615618970663734 -0.108223598446628
-0.172269451902738 -0.183515227120915 0.087272699842728 -0.228102087065731
-0.230539339377826 -0.114468051740833 -0.0853693050583444 -0.205006463436626
-0.246633509792525 0.0333743999910787 -0.0697739284901863 -0.0720701436448454
-0.188884664889385 0.160179136722888 -0.00438853924468235 -0.0546442578220487
-0.0826553028335884 0.211323601008474 0.00605564232484852 -0.12234191729709
-0.00354936351800831 0.208579840010969 -0.0442252132058939 -0.160265936078632
0.0317642739331437 0.197952343575831 -0.0631274353198404 -0.175188786211752
0.0260946798540835 0.17305303045921 -0.0642568233586911 -0.191065055011959
0.00667569455847572 0.169927182932298 -0.0224984253764022 -0.189718597297623
-0.0297725638888698 0.147962990557694 0.0390152936155658 -0.156218472998149
-0.0802132369621658 0.0963007868523264 0.117873944901281 -0.0668240456874254
-0.130465235252166 0.0345584129097268 0.0894740136343322 0.027626693897056
-0.140149010815517 -0.0674237936701797 0.01557310082431 0.0775178083751326
-0.102630099978554 -0.147815830579286 -0.0983406510252265 -0.0313267969409288
-0.139465305484604 -0.251492790450482 -0.0039601678865311 -0.00977556193590704
-0.211542577891865 -0.191615885829918 0.14514465729737 -0.194284438288546
-0.257039725759888 -0.117678317470063 -0.0847384690799908 -0.200544815242512
-0.286238169357176 0.0421579528867971 -0.11621580383241 -0.0509188780219784
-0.221143151683429 0.202313000310669 -0.0497475971991559 0.0127465145644165
-0.0891223883155155 0.268407083762433 -0.0137248084319399 -0.033193708929999
0.00937156910722358 0.2630097473975 -0.0407149319882359 -0.0613178538762521
0.0547797128474554 0.256200008248957 -0.0425248237738864 -0.0849691737729813
0.0499086375642564 0.240160302007392 -0.0425566854813596 -0.121848615038063
0.0204752006890704 0.252744355632439 -0.00924510451858365 -0.148664041842918
-0.0529241572483719 0.240077283898949 0.045574999976544 -0.136825472985063
-0.146880141556489 0.160522768942409 0.134116062134779 -0.0592978971405696
-0.204721490720386 0.0504342552574759 0.105738110361741 0.0443693978556487
-0.209334439561068 -0.0742729751928084 0.0233082817394965 0.105590721791801
-0.166335513218386 -0.169811280686405 -0.0733486820281034 0.0150009220488162
-0.161488998584428 -0.230788926130434 0.0594942419820594 0.0781756407829719
-0.195513784650671 -0.147367249391777 0.171082059453365 -0.162965729016399
-0.210554039195899 -0.08822748304861 -0.091544792277444 -0.172668991393571
-0.247346420344682 0.0416759947473856 -0.149129286037341 -0.0177364062893892
-0.193501243188914 0.200132398175797 -0.0844052813490286 0.075808449485014
-0.0694395658613997 0.268807463094803 -0.0311669407893138 0.0599373490741377
0.0253996439411938 0.268759373369998 -0.0294387488376744 0.047521070854872
0.0691564219799442 0.275449456838929 -0.014558902816987 0.0200567450192135
0.0630214914945039 0.277593680278088 -0.00990511582753651 -0.0292075295923841
0.020265176888282 0.305361846535192 0.0143705734484973 -0.0745661682441255
-0.0843816958471209 0.302493775920946 0.0582837985673204 -0.0795154447386806
-0.210850653727165 0.200405344951196 0.143053800048096 -0.0230308241687876
-0.26515584380139 0.0518522799040948 0.120014867580192 0.0737254493790633
-0.260180715825603 -0.076786512634729 0.039889838470993 0.143066423527864
-0.213043522491656 -0.177274763779461 -0.0324259622493937 0.0739930274796277
-0.153865076664954 -0.167637086331306 0.11160297322264 0.134350029229566
-0.137207002184066 -0.0773812685763706 0.155157320682642 -0.137984337583425
-0.120846751167079 -0.0510299269539148 -0.096287716992172 -0.12584257513974
-0.164079864512479 0.0283837125731074 -0.152273779946027 0.0149849676317705
-0.133485465824458 0.158587542396108 -0.0939440525108725 0.117516090824481
-0.0383234731991534 0.22076511571623 -0.0349291336470721 0.131476620572808
0.0382891344214064 0.230845518169616 -0.0086814363091761 0.144014899219664
0.0734850811575465 0.253573742848163 0.0170874673928274 0.121780450424562
0.06222058249235 0.272335437422261 0.0224115842120923 0.0746943333819026
0.00412214440053645 0.306404324317504 0.0350662372727167 0.0219075153259672
-0.118305159848939 0.298790438880618 0.0620621327859201 0.00672444068167442
-0.244014492654196 0.181269050231434 0.131709156252193 0.034734635596953
-0.273699310286535 0.0280695356081109 0.122528733261328 0.109624675363729
-0.264414930705484 -0.0735870575282805 0.0560634963321253 0.182438954773974
-0.226719528787855 -0.163711103553256 0.0159488438889366 0.138571420700318
-0.123139668463008 -0.0867025801870759 0.144375397788266 0.153073252565381
-0.0674192072556678 -0.0159824843476464 0.109039548027345 -0.119343965791043
-0.0391678483287356 -0.0264976300273317 -0.095737262511258 -0.0787199126262201
-0.0881202203893282 0.0101547997678255 -0.133890457184734 0.0368243318980778
-0.0746667870078813 0.102466623209454 -0.0848097808854325 0.132084606546347
-0.00973080585366614 0.148373367197196 -0.0275511768773508 0.172919591657262
0.0450325870537503 0.164742068165906 0.0177840623585583 0.214384768548623
0.0663758512787565 0.191655617523294 0.0474945020194153 0.206320626971656
0.0485363686974063 0.2175774049975 0.0445734801132778 0.169895697340219
-0.0150037941934873 0.2455254072848 0.0393634642811709 0.118431468470442
-0.127362599441964 0.226095350498506 0.0438948297793358 0.0921979696271705
-0.218082968766428 0.110144927660519 0.0935436804571152 0.0895567070967181
-0.209253453530238 -0.00645242476839994 0.108980140547207 0.140782856619803
-0.212543318450327 -0.0540326371659083 0.0610144300525317 0.21936406648176
-0.201068211738006 -0.121871564114417 0.056894796028406 0.200845956900557
-0.0791078425562948 -0.0119126492510291 0.158346759881505 0.145174684260465
-0.0117245433365298 0.0208645527428928 0.0609813629715685 -0.102165182383524
0.00771237697210728 -0.0164486532114615 -0.0891026908228046 -0.0472748334338532
-0.0397232452272267 -0.00380470102647999 -0.116626685212885 0.0438355200129033
-0.032134230247779 0.0492195221057664 -0.0718923904904713 0.134386564439743
0.00748322893892514 0.0729077194966957 -0.015839413671298 0.193453436881327
0.0413175794342342 0.0839703812080865 0.0415833540023053 0.253547037223418
0.0479904744073392 0.100740130791787 0.0691039798476625 0.259816358995615
0.0319451336756219 0.120965088253751 0.0532280934051923 0.237234217600369
-0.0173786377578229 0.136780299504475 0.0266137257686339 0.187782837732846
-0.0883901684960373 0.114083992414558 0.0108778090336086 0.147740011149299
-0.124183448955025 0.0327618138186421 0.0474186339267141 0.119118491535782
-0.0898439433982472 -0.0133102099511357 0.0889064035079427 0.163501071018836
-0.120239632035705 -0.00656379580329249 0.046560563569159 0.248867564101562
-0.139346187702768 -0.0494962234997822 0.076019097431774 0.244450711091561
0.0552632269259065 -0.0334946205887239 -0.0692929314934713 -0.245319051635462
0.00446507969283233 -0.0508613843424934 0.0108424029807378 -0.258698401993571
-0.0285837664496447 -0.0210449130731842 -0.0706161022250946 -0.192988406565628
-0.00974358482168521 0.00714634175141359 -0.0149204584114748 -0.0936005111560489
-0.00376279407375326 -0.00297150527822669 0.0390190672971845 -0.126883768071256
-0.0150981126016531 -0.00793523667851023 0.033215378093671 -0.19827598627501
-0.0268982334223637 -0.00433629540985902 -0.00556530574657675 -0.248800881662724
-0.0247997645579003 0.00118846414385532 -0.0219252788770048 -0.269673690481013
-0.0259283610660064 -0.000857317100784545 -0.0165603925713226 -0.255297184494638
-0.014490409473468 -0.00212782695603889 0.0269046981440734 -0.198406721222147
0.00699523851145666 -0.00513516856198092 0.0671792600241355 -0.129639956431121
0.00994969632882019 0.0152376155844852 0.101522998840759 -0.0370452197271736
-0.0405094384836829 0.0176158258155705 0.0704814851295312 0.0324463356748126
-0.0282379101054243 -0.0423151490123717 0.00513043687587922 0.0689502888175604
0.0272084476535507 -0.0646665695004508 -0.0884907426550405 -0.102435676864237
-0.000764574580307035 -0.138578153924611 -0.0554716460600136 -0.201230873964972
-0.0716906756004994 -0.140415146686545 0.0665812741482127 -0.250053327700429
-0.128850838275307 -0.0945004934552501 -0.0523183727257103 -0.206546677512185
-0.140959986959062 -0.00188000722694844 -0.0144538067396788 -0.0914293327810747
-0.1172824036998 0.0651386410250852 0.0427815977037121 -0.106788048067331
-0.0720825009841333 0.100966535578599 0.0397014406169891 -0.182956742233292
-0.0360722346540733 0.110742801956676 -0.00788470971221749 -0.23027659315588
-0.0161740103943399 0.107857565882199 -0.0289803027016655 -0.243189983339396
-0.0201194406112729 0.0881770501289248 -0.0280849904437354 -0.240111316807895
-0.0221319851402295 0.0775185481860382 0.0154424197140514 -0.201926592123743
-0.0228351275032138 0.0547688299113668 0.0644054837120429 -0.140535809585429
-0.0332914438301117 0.0338969024090525 0.111799089526809 -0.0434017094933488
-0.0712038273292614 0.0105557279594331 0.074360234222751 0.0317505677981474
-0.0661263814065232 -0.0672870305192879 0.00740849647513413 0.0659961688340154
-0.0177359469610599 -0.118290660045962 -0.0931639626596298 -0.0814057282626221
-0.0536859402670195 -0.224736260300066 -0.0228852084809766 -0.116604770588828
-0.135276599528555 -0.207555447256527 0.127826120688581 -0.219482559149201
-0.204174617641386 -0.149687998911914 -0.0407797844746336 -0.216983726447838
-0.245032954567956 -0.013143993563937 -0.0455516514152846 -0.0879970888662119
-0.211368039715208 0.119277138896888 0.0099713360842331 -0.0650408630930638
-0.118153926760897 0.191847006703814 0.0207545071116916 -0.128896645147877
-0.0418850377652864 0.205097816631448 -0.0189961318910435 -0.165887583082143
-0.00408881990367615 0.199483841970244 -0.0318266831072419 -0.180270308682205
-0.00762367708795972 0.172292347177062 -0.0298751939033834 -0.196996104029538
-0.0237135134752785 0.164805328866428 0.0116565839770425 -0.189005840097169
-0.055758559150002 0.135273942973187 0.0655839866434353 -0.146656100838897
-0.095743957866389 0.0756403843649994 0.128777770741657 -0.0491166343411705
-0.12882393949723 0.0089987621758815 0.0838514375820821 0.0411629612332275
-0.121750724306718 -0.0901228476486765 0.00447114606184842 0.0792652740306449
-0.0725203944625243 -0.162257680887923 -0.0905879877335602 -0.0464974432939188
-0.095593753912872 -0.265176711872772 0.021400864893439 -0.0121433723841649
-0.16981248186003 -0.221545865927477 0.179114156320525 -0.177990981780201
-0.229136810756018 -0.159401141303604 -0.0395162114857597 -0.212770430985829
-0.285808832878751 -0.0117111027354765 -0.0928461705950622 -0.0757260586786222
-0.250112359560085 0.155153478943692 -0.0433544187480681 -0.00872871974335603
-0.132528705614741 0.246131102300593 -0.0148069557060293 -0.0466153039191051
-0.0377025730616339 0.260505606618393 -0.0307832752650483 -0.0691804837083059
0.00847768410998774 0.260135662577318 -0.0273810054699111 -0.0878248832045317
0.00524441571198109 0.2415785456231 -0.019715776086799 -0.124489138404825
-0.0234449885856635 0.247413941003072 0.0188677243958485 -0.147570116552347
-0.0931404774741273 0.220003078764699 0.0714333846566057 -0.126295868130178
-0.172420287288042 0.127076009298143 0.144808356382156 -0.0393454548885554
-0.205190066927514 0.0103403465179147 0.0979537721219957 0.0620927397820412
-0.185234534430184 -0.111135928935197 0.00670611931412088 0.110567141045702
-0.12732254060738 -0.196029842134474 -0.075697780247464 0.00578547448318947
-0.119902434687219 -0.245909849894068 0.069114024898114 0.0822380915985575
-0.161197762802688 -0.175753894952411 0.197716383327675 -0.141666098529753
-0.188953583670066 -0.124288960808801 -0.0524669403802121 -0.184826654824414
-0.24754753289676 -0.00363134230613425 -0.130670888006243 -0.0466718586303276
-0.222382750928054 0.157566706344495 -0.0887554798753964 0.0485913405845261
-0.112456413812256 0.24886257304466 -0.0468154522187534 0.0429957730614241
-0.0220383461136672 0.268633148109167 -0.0362980709814205 0.0397232622046372
0.0197487568670743 0.281405187793206 -0.0173643121148729 0.0195895871011963
0.0129852898990339 0.279243523808537 -0.00343541199226442 -0.0284125102401241
-0.0323474195065689 0.299159644769312 0.0299980148700536 -0.0709651760543279
-0.133601595391088 0.275146286403765 0.075553625294446 -0.067763242855431
-0.241720946613426 0.155508494438347 0.149916156396459 -0.00195064484694189
-0.264940625098656 0.000337806632760785 0.107406730421775 0.0948961906660133
-0.233245870985464 -0.12412937391099 0.0163279868983838 0.151626116755052
-0.168557107390148 -0.210948615748152 -0.0470687808010523 0.0722936957179541
-0.121657841109495 -0.182319507002271 0.107602904714632 0.142615683635247
-0.115757362219436 -0.0988035380988893 0.173374553629598 -0.11662846759227
-0.107587452148322 -0.0742012619252942 -0.0695448657376203 -0.135846541897622
-0.165204173901852 -0.00131548977766898 -0.14106204359309 -0.0116643442688785
-0.15640777531226 0.129571979002996 -0.105349873578548 0.0906504451071438
-0.0722481006863906 0.20672826882654 -0.0616920215664037 0.115294490144856
-0.00173584321161007 0.232676300923495 -0.0300871278777293 0.137223626156767
0.028585828430299 0.259494762566736 -0.00413311097659731 0.123694809793073
0.0144566594180521 0.273494053381149 0.0110762023719232 0.0777495143374616
-0.0463540926018265 0.297251911090774 0.0342493486911221 0.0280163458465786
-0.164499275680118 0.268284699179088 0.0646388467479652 0.017334161632845
-0.271588823343928 0.132339994252672 0.129026904948908 0.055519454007497
-0.268736292275815 -0.0256494725320957 0.102303909142989 0.131240294351028
-0.236412238428233 -0.122033630485738 0.0249591525975146 0.195162968051191
-0.183091670508354 -0.199338936060767 -0.01129092330848 0.146980607055409
-0.10449007980895 -0.10012695292992 0.128542109369819 0.165353352612096
-0.0580521835486544 -0.0287545382683445 0.12196424439385 -0.101811768253404
-0.0335394923575829 -0.0359982009510485 -0.0793055335190661 -0.087489636673892
-0.0883240591557518 -0.00436522579055498 -0.12942972123508 0.015004230449753
-0.0895145249633849 0.0864371695233194 -0.0995876599317802 0.10995421448007
-0.031473541221645 0.141252556635476 -0.0588072910593364 0.160813962517845
0.017132506114103 0.168436141427776 -0.0144563853972272 0.210247801746477
0.0324253549302742 0.197793201500477 0.0110922240412228 0.210664320353808
0.0117809910392475 0.218051894769573 0.0159605673817418 0.175156556259887
-0.0537946840858847 0.23575495220012 0.0212379413878876 0.12341537944277
-0.15935797721452 0.196720795024674 0.0317583919631877 0.0989129664061458
-0.232915800104582 0.0690270511259351 0.080952140009848 0.104439842851778
-0.200270823687793 -0.0476772470169409 0.0820238761649608 0.158502917881501
-0.188959607626779 -0.0926316190218295 0.0231793500484134 0.231973561938038
-0.163968381391573 -0.153249867845146 0.0175280139843285 0.216144242863761
-0.072836090949601 -0.0207376749517068 0.13793844955269 0.160056516525062
-0.0118577255478664 0.0156468636939308 0.0695468683300138 -0.0892721721203254
0.00907206606823604 -0.0177823063485817 -0.0794253198432428 -0.0550482860143908
-0.0384146202866964 -0.00877213444427783 -0.116092136190273 0.0267847716578446
-0.0392203344774316 0.0427340896603629 -0.087880419279106 0.117330987751391
-0.00270954652581784 0.0704467063756777 -0.0475953808348594 0.185669237997241
0.0280142987739539 0.0879409399954075 0.00368191153015909 0.253345822338137
0.0309424565621841 0.105152297790681 0.0233113069475453 0.266073878441016
0.0130581018240137 0.121735037576421 0.0124251837332193 0.242859546909236
-0.0374404428751315 0.130111395104216 -0.00497792967295744 0.18810084402708
-0.102815138411443 0.097263636488346 -0.0117843384536153 0.148551754934731
-0.127582970257804 0.0103544007609135 0.0273343713385771 0.126671860249236
-0.0835714312148382 -0.0331921573326625 0.0578266430042821 0.175049871338214
-0.107721885114809 -0.0289992874148659 0.00415001377387626 0.256570298833764
-0.117831257105524 -0.0710180491881609 0.0284754801298464 0.263136139739238
0.0548831242639931 -0.036263155636561 -0.0625858689721078 -0.257551901067041
0.00301185455537677 -0.0500868933124331 0.00961248938032031 -0.27098038132929
-0.0279884887038191 -0.0198395022445769 -0.0700978457915787 -0.195802480433391
-0.00894121172449945 0.0059850921554308 -0.0124926039063401 -0.097804977467502
-0.0051033123692827 -0.00478735575116118 0.041289621752547 -0.13006892066385
-0.0171518604160324 -0.00771127250502931 0.0357863018655489 -0.201077954011017
-0.0286823992569077 -0.00259373193609026 -0.00026075911463164 -0.254412659019846
-0.0265437723849291 0.00344208036719371 -0.0186291886577706 -0.2771981732693
-0.0270329998264572 0.0014293293492178 -0.0133791819791677 -0.261342842043189
-0.0165270259975394 -0.000943562081458918 0.0281731181368923 -0.202857629144353
0.00518401508453508 -0.00639835593067076 0.069179305299053 -0.130961477165726
0.010295979299697 0.012859005274131 0.102632353907059 -0.0391869637409532
-0.0386359468596671 0.0194364626566484 0.0716751250346383 0.0316141135923608
-0.0292104818327267 -0.0415441956363833 0.0089783469928278 0.0662172410588593
0.0253361500458166 -0.0680072749546555 -0.0858567398687128 -0.107380614505957
0.00160012952900602 -0.143905278169837 -0.0488723280864513 -0.210523208971985
-0.0717925721340283 -0.144285575131153 0.0649267967099878 -0.261730707499965
-0.130144809147799 -0.0978863785317712 -0.0518704768306798 -0.208120469605171
-0.144228014681678 -0.00418542724364988 -0.0110015417183037 -0.0956661970038589
-0.122592310118188 0.0639773324983852 0.0449635180571853 -0.110449756068123
-0.0776233576076265 0.103484219700339 0.0417187422910247 -0.18569743005787
-0.0400176120546214 0.114486687673507 -0.00514548690048742 -0.233551326606015
-0.0183737633067239 0.112275789158274 -0.0259070313646872 -0.249876781076845
-0.0220368397152238 0.0929007058931003 -0.026566272214614 -0.244867653135617
-0.0247604727439846 0.0809675521598544 0.0162195067803488 -0.206155704032214
-0.0258755413066623 0.0549968809085178 0.0659477652657646 -0.142814304270582
-0.0348074492124096 0.032319507474685 0.112947124657685 -0.0461146675127744
-0.0699774855426845 0.00973271757518045 0.0756098529041961 0.0302063425281737
-0.0665835275163469 -0.0685994131376186 0.0097864243159264 0.0638381182721754
-0.0185453916185339 -0.12295555165927 -0.0919065966096705 -0.0858391057119758
-0.0497556904145074 -0.231404483931632 -0.0182459778428582 -0.123774413723193
-0.13392125962813 -0.214662906140654 0.125489719727011 -0.229501482231457
-0.207255727618869 -0.157773427757573 -0.0401141038292112 -0.217848105805238
-0.251166340428221 -0.0178107543831657 -0.0429554754616965 -0.0920464604353573
-0.219245401703978 0.119531976427645 0.0103453079943388 -0.0687988940147955
-0.125433148185646 0.19564992801493 0.0207989949627503 -0.131128543304151
-0.0465453992363746 0.211631711206244 -0.0183511399610945 -0.167102536745279
-0.00688619916750522 0.205641605655362 -0.029752932487328 -0.184188233448536
-0.0104933275800875 0.178731233910084 -0.0291247300166683 -0.200230992018209
-0.0266163279885124 0.170093842625825 0.0116414796477311 -0.193307570963422
-0.0591818579894424 0.137047198691638 0.067377259341135 -0.149344290001845
-0.0991984947196348 0.0742344466950518 0.130961138737148 -0.0518132631204488
-0.130464619164202 0.00581977169953135 0.0851657990085673 0.0405659392733972
-0.121114029592289 -0.0956945549474183 0.00508541187901256 0.0769857860654885
-0.0716487329059666 -0.168971813927162 -0.0919591213587044 -0.0489872928640488
-0.091632637765284 -0.271482086655945 0.024779336816688 -0.0149929333208705
-0.167401802838755 -0.229759452480145 0.176663953220626 -0.1848811581568
-0.232332157967482 -0.170332613856878 -0.0392571637724576 -0.212730867093688
-0.294348658617632 -0.0163754205231448 -0.0912487761248476 -0.0793872463984131
-0.258204549062259 0.155715215506109 -0.0447869094951761 -0.0112086480682639
-0.14029516695561 0.250832117426861 -0.0168079487525734 -0.0473681065658092
-0.0419394938908978 0.267511728836379 -0.0319647371235794 -0.0680148104588473
0.00588224324151866 0.268130379454239 -0.0261311339606514 -0.0890245150362426
0.00184298809423288 0.24866835996266 -0.0198306490616349 -0.126158845675048
-0.0275149700221342 0.253978172352623 0.0184704301265393 -0.150971218611904
-0.0982685770969488 0.224412378181041 0.0732520652447603 -0.1289628558541
-0.179310403491084 0.127221143233225 0.147804411822331 -0.0416837800134344
-0.210099566688426 0.00412202275084076 0.0985761438851076 0.0617355399877879
-0.186700894519428 -0.118840196174675 0.00686763285276928 0.10984427074925
-0.124653102041577 -0.205122309883151 -0.078181196391366 0.006439058459028
-0.115906793438112 -0.251002620597575 0.0716207749764667 0.0827657091442796
-0.1575574733913 -0.183717434143566 0.194674851829515 -0.14559653606237
-0.190059479637917 -0.134801225558991 -0.0521934079948307 -0.183358362357033
-0.255846489982123 -0.00749187945272276 -0.130799923022036 -0.0498471826433862
-0.229199484393564 0.159595063964732 -0.091506952652012 0.04732244435786
-0.118415334499031 0.253266583347014 -0.0511840295244637 0.0441050021648573
-0.0255975886055124 0.275018155290001 -0.0393572158475792 0.0422942902773301
0.0168538872527367 0.288888813893013 -0.01725654572661 0.0209196353750362
0.0102342995144141 0.287117671843273 -0.00315231300072595 -0.0274943943653121
-0.0354570528816246 0.307240168123281 0.0301091012900255 -0.072631702224199
-0.140115452999333 0.281396117929411 0.0780669340982534 -0.0696264644263926
-0.25193927071958 0.157443449745859 0.152798985921623 -0.00343347291558439
-0.27315641789238 -0.00719834227933701 0.107938423951248 0.0957120400003073
-0.234933630468158 -0.133695647690754 0.0155727405867586 0.153834938634396
-0.165080994299592 -0.220896296030942 -0.0509186156236479 0.0762578838485001
-0.118392220057338 -0.184141937793459 0.108168621104468 0.144628589389504
-0.111745573442366 -0.104730074797151 0.16998125590815 -0.118306696745885
-0.108906968765681 -0.0815179198679005 -0.0692464406692767 -0.135428282826356
-0.171030245712761 -0.00262984827830288 -0.141768945606611 -0.0132592545727101
-0.160610479906042 0.131902676569265 -0.109567296345782 0.0900737593928438
-0.074899613939916 0.210460822485138 -0.0664050607287853 0.117394859479128
-0.00335297761724562 0.237248482614708 -0.0325877245837428 0.142487971610493
0.0259902446713257 0.265488113468414 -0.00462708331473991 0.127934547366123
0.0117543733985138 0.280342312384677 0.0097160207669992 0.0819060361439472
-0.0503115323758779 0.305115418419166 0.0337985874555643 0.0289479141700853
-0.171784764541155 0.274570136609693 0.0664283115884966 0.0186298923399431
-0.282919571282754 0.134303274788449 0.131424302903014 0.0558054895203891
-0.278696745173156 -0.0347642352017199 0.102140499413582 0.13370223287728
-0.237446771208707 -0.13242769971535 0.0231926837965122 0.199876145079932
-0.178665127315178 -0.208711011090176 -0.0167106043668276 0.153392855859471
-0.101566006199853 -0.100049125093557 0.12955881727531 0.168822048179447
-0.0543818623563522 -0.0332820448347529 0.117963865609997 -0.101468292711575
-0.0342533457820782 -0.0416808369882041 -0.0794288027380153 -0.0855195718368593
-0.0915445671792383 -0.00361950381424434 -0.130716795474157 0.014536955097075
-0.0899474658923406 0.0889464632044609 -0.102524594040598 0.110593328971043
-0.0322780846761411 0.143090423938476 -0.061926876251423 0.163506214790421
0.0169107862317516 0.170812112825783 -0.0180766186623783 0.215343107840151
0.0313536722383535 0.20126498961737 0.00889746337686128 0.216862563090324
0.0103774968990831 0.223008286956774 0.0140117871638117 0.181574957041176
-0.0565846410610243 0.242310865087389 0.0189976477976799 0.126807306940439
-0.165362825325003 0.202363313261091 0.032025386328714 0.102614059060591
-0.242531719980318 0.0698047129205525 0.0820628817684269 0.106676938325674
-0.207870663736079 -0.0566541871373628 0.0815801380074936 0.161351242496053
-0.188180164982448 -0.102307063431702 0.0211637865313286 0.238743903168357
-0.160312500438569 -0.159145252079673 0.0116445305253018 0.22641600344504
-0.0708807019040193 -0.0196813614824998 0.137917553230405 0.163501593448675
-0.00938491314975265 0.0129466675690163 0.0672101109395251 -0.0867773374979036
0.0079085041944801 -0.0204843046912482 -0.0804930509496838 -0.0524446881084818
-0.0398747838871466 -0.00707716871821367 -0.116702898354801 0.0283224582913801
-0.0389937247721679 0.0448772660207322 -0.0905205541177343 0.118396570948658
-0.00202131449555164 0.0708985244455979 -0.0500212399069223 0.188847073823128
0.02800105398552 0.0875373805498386 0.00196587620964671 0.2592631046691
0.0311391240252653 0.10616810514359 0.0211170529336154 0.272993280367628
0.0134272457205679 0.12345284946662 0.00869779415358242 0.249428098175374
-0.0384065222776571 0.133272183793629 -0.00819531215620711 0.192692535970126
-0.104729027268799 0.100318169952782 -0.0135596544240716 0.151780069068278
-0.133582109135475 0.0111784315840267 0.0256397838117058 0.129828289717328
-0.0874297278076237 -0.0398036731217036 0.0559575924100744 0.178245773117192
-0.105685755178611 -0.0334271305918705 0.0019573279015959 0.264597694358957
-0.115381143345587 -0.0720130083658388 0.0225584914751444 0.276013199631667
0.0539794932902328 -0.0414563660257399 -0.0667363873131574 -0.269390692520575
-0.000764853601244166 -0.0500610880073242 -0.00262069040602723 -0.28485796143311
-0.0287329590133598 -0.01667630181529 -0.0764381816026665 -0.197716167823344
-0.00822248468559093 0.00484280974971651 -0.014316845325069 -0.101962973382002
-0.0064944072340077 -0.00637788078991044 0.0394121818242011 -0.13454235579999
-0.0201533401925712 -0.00681171111272984 0.0323236439524398 -0.206315602636698
-0.0304977163521135 -3.94183443625778E-05 -0.00495537905691784 -0.261338723669051
-0.0268731640653109 0.00667895750174176 -0.0254240904811315 -0.286587538127166
-0.0284093880854486 0.00543522039676934 -0.0220118161738561 -0.269742544447533
-0.0180203382412593 0.000723543545661064 0.0231586924498756 -0.209430770048826
0.00262113581473905 -0.00710115756250359 0.06633888396692 -0.136669496380792
0.0113527711872588 0.0100966005693631 0.103144390862558 -0.0450621201044715
-0.035371204153434 0.0221240182071067 0.0745570394515252 0.0281286739235874
-0.0324886636209093 -0.0399650000114236 0.0169749416735631 0.064006602308984
0.0206209027738832 -0.072324932969425 -0.0891586509278901 -0.109668446546452
-0.00160270562958666 -0.15100508101512 -0.0517427393408677 -0.220922892970604
-0.0781455507530826 -0.147707707704598 0.053224794837364 -0.277032021336491
-0.136481290727322 -0.0970240185407651 -0.0579538626623262 -0.209586277019791
-0.148751939413714 -0.00247432557249548 -0.0118615988402726 -0.100514842367823
-0.126427802515884 0.0684252329607614 0.0430616238999605 -0.115719688594763
-0.0799291498193832 0.109138666206711 0.0364203571189631 -0.192195860071669
-0.0395672245562899 0.120708932762369 -0.0109287261010283 -0.238369739429048
-0.0163837057297118 0.119748202926364 -0.0319822558446265 -0.257703286985589
-0.0209166228049248 0.0990698453976064 -0.0348104134313987 -0.251711517390973
-0.023480217827555 0.0855547788293553 0.0103163538522913 -0.212142103507636
-0.0268001948736569 0.0569186392781593 0.0618702706846049 -0.148970591623864
-0.0348381854571837 0.031496411460398 0.113298826636748 -0.0524528740659773
-0.0695491774963148 0.0109635549078849 0.0782136581195134 0.0271316493020849
-0.0701391572348628 -0.0683363632141498 0.0153688873956223 0.0610634819698543
-0.0238829097743583 -0.128111416177173 -0.0947738365672371 -0.0861870989707499
-0.0546628199234501 -0.238242129574798 -0.0177342621267023 -0.131329224668922
-0.141864346760982 -0.220035490227185 0.114495935869852 -0.245909090753969
-0.217122012686935 -0.15972049473697 -0.0476685645831863 -0.218269589717373
-0.261061125353976 -0.0135364642060673 -0.0446149938295585 -0.0950060937400126
-0.224868938687102 0.128413155967128 0.00819787239226395 -0.0716053200599832
-0.126714715273215 0.206000579531419 0.0162287075212705 -0.134657006802159
-0.0437857126029013 0.22129150742129 -0.0231422672500009 -0.168658169426537
-0.00253584332995967 0.214706978512003 -0.0343114916350208 -0.188681961267953
-0.00646407268715622 0.187219791626856 -0.0362828633091928 -0.205145432325935
-0.0221504826441138 0.177536404354551 0.00542360967103752 -0.198843452138153
-0.0583777844292207 0.142503904419227 0.0642569235413409 -0.155522198197108
-0.101250151194498 0.0775996125793655 0.131967812554639 -0.0600164471592894
-0.132912736808855 0.00729620451455173 0.0887714008110465 0.0364976826657216
-0.126708681851975 -0.0968813982294669 0.009617788855391 0.0762061753195255
-0.0777341104115134 -0.175511871383831 -0.0950176804755212 -0.047222211855788
-0.097173952787131 -0.276314494377546 0.0279701213877773 -0.0190426490823986
-0.174510330388569 -0.235516824790702 0.168512047692802 -0.199287553299762
-0.243273659702808 -0.173927550360687 -0.0466198596073513 -0.212564617315818
-0.305776030769422 -0.0108129154492868 -0.0944932392494414 -0.0798205939678873
-0.264121622158026 0.167885878799314 -0.0474496931458376 -0.0120389039211549
-0.139117104778625 0.262436127067141 -0.0210002935098445 -0.0471052993292081
-0.036408261970901 0.278116090812095 -0.0364089876212018 -0.0660496594952828
0.0122475022672029 0.27781194706634 -0.0285104556747659 -0.089797351483387
0.00826072200897575 0.258994193316074 -0.0243572273378925 -0.128854939948888
-0.0202144715049233 0.263875375740558 0.0124883074202898 -0.155575420269546
-0.0951495091642168 0.234302099689234 0.071424860664462 -0.135328981449828
-0.182301547139777 0.135719735461383 0.15026781164139 -0.0502402478134947
-0.217820173833549 0.00666387447339413 0.102429426397513 0.0582912345584374
-0.194296705515051 -0.12153953818647 0.0105262484298326 0.109395097843707
-0.130996114698051 -0.210903819312664 -0.0807250633735331 0.0107368073092439
-0.120424273774965 -0.253413178332883 0.0770462834933903 0.0806328999462654
-0.161794036043044 -0.187468901012306 0.187336204181487 -0.156511459030299
-0.200219245471694 -0.139876299690343 -0.0588947619996578 -0.181057431563566
-0.265778441348381 -0.00170221531383794 -0.134105582839692 -0.047654117328842
-0.232023393160117 0.170939108947102 -0.0943222600052485 0.0496537362887503
-0.115556459996258 0.263626684038686 -0.0538115452616675 0.0476055142496758
-0.0194610687748664 0.283924340573129 -0.0401302772504882 0.0482137550868914
0.0245310076052157 0.297852059874705 -0.0172309064161921 0.0236017277864033
0.0181625052903645 0.29729440205453 -0.00482331083691881 -0.0271205360348609
-0.0272746114504793 0.317808770319624 0.0262251728426346 -0.075226764431885
-0.13675464042398 0.295342555555483 0.0780666296649237 -0.0747013089928696
-0.2575705806138 0.170225625219162 0.156905423102616 -0.0108137052350599
-0.286277831098405 -0.0051016402497588 0.112533198088447 0.0935218095460132
-0.243246098098908 -0.136883885957147 0.0208050465599958 0.156248371322316
-0.17140033722994 -0.227431216188352 -0.05170429581685 0.0836120060858868
-0.121625747280208 -0.183777681646676 0.114858998288849 0.144261986343084
-0.112093886986666 -0.107741945657906 0.163298828088866 -0.125493550491166
-0.114896778590868 -0.0871057690062104 -0.0744758225267573 -0.130972826186279
-0.177868164182175 0.00227718264544029 -0.144516169859945 -0.00971182095920453
-0.160556964653619 0.141329255673172 -0.11097576186845 0.09502558381678
-0.071414010103853 0.21797420779034 -0.0669680094205352 0.122928316627082
0.00332950902393354 0.244434747361012 -0.0316692132394328 0.149971981646916
0.0333276515759524 0.273375446763534 -0.00119941068989342 0.133678847316928
0.0197985202260951 0.288994220014052 0.0111596800648896 0.0853932985185844
-0.0422087554225791 0.316798529252349 0.0333052072791597 0.0284153489656314
-0.16910688664913 0.289371081776223 0.0694788883992021 0.0167106695510215
-0.291380008144244 0.147356860567006 0.136734875225381 0.0520197187271291
-0.293126924558295 -0.0336068531457349 0.107540599550784 0.133171734746035
-0.244636749208375 -0.136732684270377 0.0294230550965476 0.205226203483983
-0.184669622336283 -0.213030686046486 -0.0159981772630759 0.163558921871355
-0.102032803562431 -0.0971122609011116 0.136900000413368 0.168102206454133
-0.0528658837174462 -0.0353215370719536 0.111832620517273 -0.105718407965886
-0.037621708809855 -0.0460911760211942 -0.0836824117856973 -0.0804315417284515
-0.0947349248004489 -0.000226090354580817 -0.131584731629716 0.0195058679719321
-0.0884642548150171 0.0956423807128339 -0.102349430588585 0.116484860622706
-0.0278488595694288 0.147287944060474 -0.0602221579856408 0.169631633425823
0.0225960900589503 0.173525813211222 -0.0125166234647112 0.224757043763864
0.0371191208252205 0.205408684322938 0.0158312684480667 0.225157759516381
0.0167513296835816 0.229413988592053 0.0186031176931077 0.187783995532567
-0.051045378290745 0.252082876003197 0.0216354013157037 0.130363946463043
-0.164865751702425 0.214715671636229 0.0362910936370337 0.104737069889509
-0.251607593674227 0.0802274303992706 0.0867299048220408 0.107875816519599
-0.220592454791728 -0.058983443337687 0.0860483239834149 0.163257555221708
-0.192689371772209 -0.105467320091355 0.0279039273817772 0.246864662388077
-0.163779936945249 -0.161101491444648 0.0152072231522039 0.238863933085961
-0.0700906772966956 -0.016403552096996 0.144643406550124 0.164138824522211
-0.00722411249665092 0.0102572704560628 0.0617001753517819 -0.087607542560141
0.00534000346617813 -0.0244788774325707 -0.0833604227858629 -0.0474981854616251
-0.0414629214009918 -0.00349175844994337 -0.116794004073882 0.0330858893547576
-0.036558042102017 0.0485409599710706 -0.0889365791906236 0.123912465473923
0.00145122033961109 0.0716195411696231 -0.0465150290745562 0.195909929633441
0.0326147332871796 0.0875644261488334 0.00993052932755813 0.267961806366108
0.0343343118648313 0.105877326410501 0.0296251806228561 0.28239180944
0.0169356275468143 0.12501517848133 0.0151678405750258 0.257871467886985
-0.0345066395337616 0.139154416545599 -0.00485329615693462 0.200223850378033
-0.104804797534561 0.108098890144063 -0.0096554593573947 0.157586336923336
-0.140047834866812 0.0171562581080429 0.0290918398550874 0.133788040123912
-0.0945860916544302 -0.0440511933764673 0.0602706906939401 0.180706168197392
-0.105669471327322 -0.0350433273554961 0.00918091230868012 0.275420853199194
-0.116159429101867 -0.0698367859453785 0.0276511857286341 0.290270798611137
0.0498717180550314 -0.0470749784750035 -0.0764119965640352 -0.274293346305271
-0.00502720368522516 -0.0485501015439538 -0.0222169751197176 -0.291077093643625
-0.0280186054293974 -0.0133202380390737 -0.0875683327515261 -0.192619764158149
-0.00670675034261797 0.00399614780888525 -0.017766727553641 -0.103515528091003
-0.00841652097318217 -0.00732340228474151 0.0323714678686541 -0.13752706326155
-0.0224051035218894 -0.00510522549581366 0.0222364544290795 -0.207878865691714
-0.0321166611147046 0.00345064056194553 -0.0161286132999306 -0.261652598998547
-0.0267636239993435 0.0103325742753949 -0.0392330021149219 -0.289122515981741
-0.0280246928957175 0.00919995204646922 -0.0355057090061765 -0.269716775765819
-0.0187428532149791 0.00415530624349356 0.0107125845742971 -0.21255470384591
-0.000845189417441781 -0.008092996754676 0.0581516768293986 -0.140154546836185
0.0115649834491995 0.00689088493814219 0.0996094896980696 -0.0517744491338099
-0.0313270680205304 0.024266053095412 0.0759107475162862 0.0214629903556832
-0.036404290196739 -0.0365802198904775 0.024108863615765 0.0579890527367054
0.0124255288693271 -0.0744425590870147 -0.0934423797348782 -0.106976447536139
-0.00959689703263628 -0.154670709711333 -0.0588192113890286 -0.22478057160861
-0.0864732760574018 -0.144611536378998 0.0318861251613946 -0.28579477775798
-0.141999235261684 -0.0908571558397481 -0.0691358641307902 -0.204010937230803
-0.149269989523943 0.00372842822947135 -0.0156236373803903 -0.10176987683325
-0.125817217741137 0.0742890244412543 0.0363444376444169 -0.120147420949212
-0.0773012417340995 0.115271990191301 0.0265938973681998 -0.19315901662747
-0.0346576149821802 0.126518189528685 -0.0216536550304957 -0.236683303605407
-0.0101593479352494 0.123441026305425 -0.0450544590103277 -0.258312821171005
-0.0155509052363967 0.10359633042169 -0.0485578237530264 -0.25071711933667
-0.0199327672618348 0.0880425457748218 -0.00335461039519006 -0.214191543110976
-0.0257839591117843 0.0580838119219538 0.0536042540189905 -0.152853316385726
-0.034142898665803 0.0310317071639472 0.109234600436956 -0.0610979249393909
-0.0667244340424914 0.0137333411101255 0.0796618548839479 0.0201387400927866
-0.0735906351868293 -0.064971595578505 0.0211491492151695 0.0558723226685519
-0.0329828895814809 -0.128954286013055 -0.0986970341798743 -0.0819245658894271
-0.0652992155808439 -0.238970477394786 -0.0218166687502516 -0.134647081356352
-0.152280678358467 -0.215606564680473 0.0944828140463154 -0.256883935283949
-0.226249468850828 -0.152435881353916 -0.0592418495223635 -0.212704336440381
-0.264835731944769 -0.00134408694208836 -0.0476604242203844 -0.094549425791291
-0.221736131871069 0.141085718159362 0.00391340798083872 -0.0745236746645524
-0.11914352169813 0.214893947715552 0.00721154179753403 -0.134900784229862
-0.0333063812244492 0.226581334182874 -0.0319295821321397 -0.164917871456389
0.0083333304426606 0.218486011767547 -0.0440541241523661 -0.187954110336558
0.0031646954162677 0.19167660023767 -0.0476795381977844 -0.203563612191882
-0.0133080030501016 0.179558885915471 -0.00789004262037457 -0.200124023170034
-0.0523619442402385 0.146482457663296 0.0544769011550085 -0.160499437048198
-0.0981630550462611 0.0816061879115228 0.127574712984613 -0.0692316485232812
-0.13242862160557 0.0116065186648993 0.0901053632578172 0.0289610506241961
-0.131783161947387 -0.0921587739172714 0.0148713832903223 0.0720915371796038
-0.0858954917277077 -0.174457202307241 -0.0968846698213784 -0.0414984630890918
-0.106778371302697 -0.272174747296311 0.0291811676960351 -0.023820851206801
-0.183262243188246 -0.230686016097601 0.149658424222826 -0.211886036796239
-0.253958820077553 -0.167018258802068 -0.0580845363290827 -0.205267054253154
-0.310249874943865 0.0037488034390265 -0.0968411546943617 -0.0765420617786098
-0.25802476436725 0.182737831247703 -0.050034309321791 -0.0107003975718177
-0.128697760076289 0.272150130507686 -0.0260053976872935 -0.044752883650135
-0.023092948171715 0.282369229110312 -0.0403306719413978 -0.0603892271848411
0.0257416042833012 0.28030717780905 -0.0328398503969685 -0.0883550046733178
0.0214522490472599 0.261773253995421 -0.0313142771033199 -0.126690819207107
-0.0062455641779592 0.267295480494382 0.00162465123316214 -0.156836147944563
-0.0833958234552203 0.241358327449725 0.0629666703808686 -0.141049388952439
-0.176914686157778 0.145305723240885 0.146411973683528 -0.061571561488613
-0.219874637187422 0.0140313432557858 0.105274530383268 0.0509840905397622
-0.200365458771012 -0.115821668435514 0.0168490393197251 0.107399956981071
-0.139250176831911 -0.208393016924929 -0.0807570128304015 0.0173163811316156
-0.128201687252728 -0.246584135699924 0.0820757168662499 0.0754324347470264
-0.167677589174806 -0.183050685603858 0.170562466349174 -0.167739076122599
-0.20852675362929 -0.135402430896387 -0.068607904311647 -0.173097406597237
-0.269711471625237 0.0114014134708842 -0.134977608806506 -0.0418596676119497
-0.225063196495476 0.185751119614136 -0.0936515598145864 0.0539579282373038
-0.102712904830895 0.271333779033554 -0.0541159546499451 0.0522125924205942
-0.00493514002731083 0.286273908792905 -0.0392842418571498 0.0543883567210672
0.0397873088379131 0.298631931249629 -0.0152165445069048 0.0263710514043261
0.0329032186253855 0.298354849061633 -0.00694316876062809 -0.0249067502514664
-0.0102560570289161 0.323092063209161 0.0202665685008771 -0.0774022173613955
-0.121965702574688 0.304702994365093 0.0733785070205624 -0.0803094523617363
-0.250979613167971 0.185663929040436 0.156349744740036 -0.0221855927924317
-0.292167483756585 0.00497020442036235 0.116605892867791 0.0869353299551129
-0.25031904458628 -0.131112355676133 0.029107235656325 0.155446590681443
-0.179878019463328 -0.222181212032553 -0.0479972402679352 0.0907304465148342
-0.124891000843339 -0.175726304940317 0.122521143744434 0.137121906632668
-0.113776662972879 -0.105613661655711 0.149479323857039 -0.134581377966306
-0.120694537694491 -0.087218041215788 -0.0810789795817531 -0.122441420117419
-0.180295547127672 0.0113752203925586 -0.143589720725757 -0.00174608516158081
-0.152397808354676 0.151430033490052 -0.107126387253404 0.100713355587429
-0.0591143588140541 0.22163896056217 -0.0625236615206897 0.129033453403598
0.0159218539303549 0.244065284725267 -0.0252377406696583 0.154165256508244
0.047589604635889 0.271849533426679 0.00617739356725468 0.136493152789589
0.0347690301514497 0.289365640281702 0.0158893271220863 0.0874041768103796
-0.0249215157284634 0.321804351417584 0.0330050459727252 0.0275768846232935
-0.155323237486049 0.301108639050704 0.0703198196215595 0.0125105663749636
-0.28779296838242 0.166223948209612 0.139692760476279 0.0433780268127104
-0.30149055740954 -0.0235707340057273 0.112934203387123 0.127144945951531
-0.251646179067392 -0.13082787469653 0.0407528692529559 0.205697341556777
-0.191454542190845 -0.207612152632105 -0.00864678223419014 0.171084959501741
-0.102742349877459 -0.0893400085854534 0.144616264819357 0.160877898239969
-0.0523063086701097 -0.0359931645317948 0.100561215661169 -0.108746830961479
-0.0421242360792066 -0.0491750038690715 -0.0871608247318375 -0.0715481190782568
-0.0955233659287657 0.0066764389204922 -0.128463854302742 0.0275077620381826
-0.0817566358392591 0.101688994618655 -0.0969203358212996 0.121206682125875
-0.0197749143816599 0.14790270847856 -0.0523976338891077 0.174175185465545
0.0324247142456739 0.170782183957508 -0.00087695249008538 0.226583748803321
0.0478907132502995 0.203034151587643 0.0275854075513716 0.227623690874629
0.0286357546409887 0.228929520104183 0.0275173380973055 0.189735393827521
-0.0361796096630412 0.256059596435814 0.0261677304539845 0.130588767426535
-0.154143201735484 0.226614321785056 0.0420188698719206 0.103050850342734
-0.251564690570343 0.0966859124448609 0.0922598840550858 0.102782705517897
-0.230338952027654 -0.0532390263405891 0.0937716670876535 0.15875331531238
-0.195062557603703 -0.101269619442671 0.0414861834437761 0.249237530053756
-0.16769700276451 -0.154347976268089 0.0258206479711557 0.244496745448673
-0.0669265703354994 -0.0104861645031728 0.152278243326233 0.154543479007761
-0.0047799708452373 0.00739654394740125 0.0528507326768736 -0.087842363167573
0.00199926951962596 -0.0276447478461558 -0.0851297908275642 -0.0384723513188161
-0.041816991054451 0.000632918768956067 -0.113041592706101 0.0406122641376972
-0.0323123177620527 0.0514561183027258 -0.0815899787090132 0.128512464664489
0.0071227536894225 0.0702428567138836 -0.0357181644866311 0.19822985608254
0.0377022091232804 0.0830525876074192 0.0240359910680837 0.268021398508091
0.040232103460359 0.102935043190467 0.044876136681165 0.284473242377434
0.0237905531958493 0.123965464038636 0.0286826807896301 0.260947936054102
-0.0257153561481071 0.141281164915878 0.00495263534485801 0.201729260777748
-0.0987272075410014 0.115224154182594 -0.00120614425703295 0.159895952770345
-0.142184490222699 0.0267798761892943 0.0361726350391044 0.133652268145194
-0.101688454347455 -0.0444265003909784 0.0679917629087931 0.177552758130558
-0.103142346086696 -0.0330437923643526 0.0251241345030116 0.27892890211055
-0.114620016923501 -0.0635664906625357 0.0412937547209189 0.294991175705352
0.0440671337390406 -0.0505101264025202 -0.0825768231217147 -0.269398839663428
-0.00858417861581562 -0.0450678573185584 -0.0396777815605794 -0.285869765960238
-0.025435095180959 -0.00976176082500881 -0.0930167371271248 -0.180801932126026
-0.00522146024848368 0.00253045666775622 -0.0203783758680769 -0.101219054431915
-0.00988810579864687 -0.00835372698328985 0.0251175515710788 -0.135299750699531
-0.0231480606663006 -0.00297305420090447 0.0128628686151905 -0.200825965729187
-0.0311311281018805 0.0073402377208031 -0.0255532709870196 -0.253406075298326
-0.0256283375604118 0.013727514870707 -0.051139816443106 -0.280968240575247
-0.0261091180282308 0.0130034287878623 -0.0480188138218688 -0.260852533505386
-0.0189657665355451 0.00649367169148618 -0.000222000862777832 -0.206242424657797
-0.00314551797535816 -0.00787871745300013 0.0491064591601768 -0.137126393584875
0.0106062590948748 0.00366666963873106 0.0916538682154169 -0.0562745596440812
-0.0256432187260404 0.0255897703247698 0.0741356289653574 0.0149001674226706
-0.0376193666247995 -0.0315952712175202 0.0292771359523243 0.0497411137386581
0.00486475934069472 -0.0727800867684823 -0.0943227590223919 -0.100647016883371
-0.0162235507353956 -0.153558354639244 -0.0639559546356637 -0.220817356592662
-0.090505177418727 -0.13785188576693 0.011143896277977 -0.282768451074883
-0.14036272910372 -0.0821696942314173 -0.0762643213992679 -0.19210294393068
-0.14530265872428 0.0083878038609568 -0.0177592389307644 -0.0994138575066019
-0.120669246682793 0.0765433788097983 0.0300467334044019 -0.118020813910603
-0.0715671670860896 0.116183002968346 0.0167507109563704 -0.186893080105559
-0.0286171061069543 0.125980313426959 -0.0296891770222717 -0.226899011888182
-0.00485029529623864 0.121990326499759 -0.0553505606600065 -0.249750625658279
-0.0103485780176575 0.103422257656496 -0.0589881526239513 -0.239992470744402
-0.0147792940648554 0.0882228878012819 -0.014645078664698 -0.206946903938504
-0.0241123727166019 0.0576913531953608 0.043427761705704 -0.15017440524867
-0.0322104201392777 0.0293882901028595 0.101232659166212 -0.0659839831719668
-0.0612444528698617 0.0144072751140297 0.0776080441057773 0.0133388964795052
-0.0746747376192499 -0.0594502368132382 0.0248820687576063 0.0488227738294312
-0.0393301033031625 -0.124497053894099 -0.0974900106712836 -0.0749116157911934
-0.0708495281104926 -0.23133094999292 -0.0245064762410271 -0.134084023332775
-0.154753310306305 -0.205099555160713 0.0714220450893205 -0.256866072914562
-0.226196691301619 -0.141033458474611 -0.0665390517533883 -0.199177293459538
-0.258443143543509 0.00929051090451881 -0.0482979943111908 -0.0911207851837995
-0.211066397942517 0.146874398062923 -0.00111166338661355 -0.0731504738338407
-0.108522131594627 0.215176606053763 -0.000378329828202052 -0.129473509132708
-0.0237816541080699 0.222591174393874 -0.0374846532559781 -0.155331267688325
0.017275397037298 0.213834353020301 -0.0500937076869892 -0.180682090962866
0.0116611058994061 0.188055093161544 -0.0554929775128098 -0.193479577270527
-0.00376818819320576 0.176099273153469 -0.0193083531671893 -0.193000483676142
-0.0444868971196013 0.144361132251033 0.0444499224100735 -0.158376011429527
-0.0923485517065829 0.0817431451902499 0.118326098419527 -0.0765289430077996
-0.127581960410558 0.0142569018977697 0.0879270756314089 0.0222109337801443
-0.131407822528916 -0.0850469423685134 0.0191161333795254 0.0659479811556026
-0.0909149288404233 -0.166689045868926 -0.0945120636977747 -0.0348494442670323
-0.112064575647802 -0.260611450972945 0.0291332885452048 -0.0265081975423005
-0.184475128734309 -0.218740013100449 0.126287675690758 -0.213843994097223
-0.253273753425121 -0.156073452686181 -0.0653884397327182 -0.191557585186197
-0.302917736267944 0.0166282886473198 -0.0952591304498497 -0.0709603061481033
-0.243101588581046 0.189236719522593 -0.0505891903858012 -0.00934034894081353
-0.113672642328123 0.270404610480229 -0.0289168332234076 -0.0401833108871176
-0.0110337120764652 0.275362745960412 -0.0415001841795355 -0.0528610850515448
0.037693913563688 0.272029360644045 -0.0351907243471513 -0.0831300115138811
0.033243632316204 0.254265137434454 -0.0361487876746126 -0.119515264082029
0.00653822880712334 0.259804522823798 -0.0079022783502227 -0.151341537536923
-0.0693871838095229 0.238900992049245 0.0533054087156908 -0.140651989977978
-0.165930812769991 0.148790605130438 0.137407321291673 -0.0692689482883046
-0.215271865369349 0.020605223816642 0.103113322417296 0.0432810203428465
-0.198562279768303 -0.10732342627573 0.0221626898422612 0.101113317275412
-0.142511712141416 -0.198881406718835 -0.0766852591635408 0.0226617007117569
-0.129817919307309 -0.232123848631263 0.0838121591963719 0.0667960274674355
-0.165748498291882 -0.173379574110325 0.149684680256604 -0.17032589833075
-0.2090759415057 -0.128256364399113 -0.0728375001393883 -0.159605431392186
-0.263128672431092 0.0223403435588264 -0.130731167649709 -0.0350046831004459
-0.209954813527538 0.190635523578004 -0.0901795937515028 0.0562145385743052
-0.0886720182300435 0.268402352841559 -0.0520273302262025 0.0547324936056982
0.00755021772247957 0.277461784465864 -0.0354661880758958 0.0581486234017347
0.0518197857629905 0.288683900769122 -0.0134361918433722 0.0270584186196518
0.045939616820809 0.289266669659201 -0.0078383544416407 -0.0220457290348372
0.00593635007533084 0.313934439944328 0.0132149198652782 -0.0756813096086987
-0.103978864344132 0.303109074486378 0.0665534391618722 -0.0825938384590145
-0.236226946465128 0.192439335482926 0.148637111735305 -0.0306298709006195
-0.287313840405639 0.0148040598628579 0.11583467192335 0.0773762644338387
-0.247323550224668 -0.121127765162473 0.0355659894590185 0.148421057433518
-0.179938070433436 -0.211678657554989 -0.0430384033706226 0.0947777770093317
-0.122729028602583 -0.162610267773735 0.124538499774352 0.125509462860735
-0.110525937781996 -0.099993682154752 0.130912389454929 -0.135598779213585
-0.122037472620288 -0.0840959410056093 -0.0827406774211536 -0.109654404125464
-0.175108120643228 0.0199733098517996 -0.136687684638193 0.00388761708768632
-0.139452785421583 0.154081052523789 -0.100466458429104 0.102446858421005
-0.0472630665690902 0.216660385250367 -0.0564104897586531 0.128773383872949
0.0256342249163947 0.234378627037744 -0.0178443368735127 0.154315399703307
0.0583701753750391 0.261040251338685 0.0127212479416076 0.133156489329157
0.0463732633272407 0.279469882159771 0.0191364088303083 0.085792374656474
-0.00901764467437733 0.312651856895112 0.0308237629492302 0.0259187279835498
-0.136251221096785 0.300932194127666 0.0688992159553568 0.0079824039363978
-0.273284360958637 0.175209779147701 0.136720849272626 0.0341344020172676
-0.299586263679367 -0.0138755745712785 0.113861878424493 0.11794731717985
-0.247732842333461 -0.122415121858252 0.0498624433928828 0.198504659389049
-0.18991004361291 -0.194818899366713 -0.00144969413752128 0.171727630205793
-0.0972039074544587 -0.0800260837888686 0.145870031973787 0.147071264394064
-0.0485338569495291 -0.0361373477716113 0.0867639577557638 -0.107389344090984
-0.0447441921078986 -0.0490653556481099 -0.0852527850323809 -0.0614413852045631
-0.092960142710135 0.0118089466819289 -0.121989306848429 0.0325440630128388
-0.0719000686489439 0.103130222300956 -0.0882273996908378 0.121458128544094
-0.0115019689818078 0.142568904566013 -0.0442730751448616 0.171154466234435
0.0388006737262908 0.16181177897303 0.00927333524666716 0.222051080151321
0.055333217577863 0.193734483881642 0.0373275084619114 0.22020130386207
0.0378945115554228 0.220214655316982 0.0350108687988836 0.184787777083012
-0.0226020010869957 0.250522170908378 0.0296117583841288 0.12626109609697
-0.138975360061333 0.228660072440962 0.0459240204942012 0.0975610405580955
-0.242212268936029 0.10757907027001 0.0942992394700897 0.0952281658350619
-0.231956605628992 -0.0459680553114055 0.0957542132641547 0.150250833236668
-0.191353371494999 -0.0962047811384586 0.0522644807105524 0.242176652028401
-0.163549967886769 -0.143930124823269 0.034592708822261 0.242652199325047
-0.0607494068595538 -0.00516768690585698 0.152440313933724 0.142452816280906
-0.00237073368446572 0.0046695167684761 0.043052414291625 -0.083587398066892
-0.00204958740343161 -0.0283002783559496 -0.0828531736199056 -0.0306634415811417
-0.0403753810990167 0.00484447813736789 -0.106066558844231 0.0455206875342178
-0.0268309305916948 0.0522618213536348 -0.0730832632828464 0.127950249347081
0.0108311005586886 0.0655716579818178 -0.0257658996195074 0.193709371876732
0.0409028289582443 0.0762206678629661 0.0362096222753014 0.259610492681707
0.0431011912895821 0.0967349525192305 0.0561846025898331 0.275199304756357
0.0284865218293087 0.117659093172123 0.0390327474674751 0.253275230509827
-0.0166454424792399 0.137571473892919 0.0133775847148592 0.196477048558351
-0.0896622797102204 0.118610781428011 0.00685181999965331 0.155322927395155
-0.138696028794559 0.0350773189730097 0.0403945450064284 0.128887618431016
-0.104597586966138 -0.0419346013867992 0.0718876777500236 0.16877861063881
-0.0978864302248258 -0.0312911671599018 0.0380968767720629 0.273403363185668
-0.109775484768361 -0.0553730729229233 0.0519306923020369 0.289876946928243
0.0447015696015381 -0.0440185524475898 -0.0397888409704076 -0.264254388405835
-0.00373789518960888 -0.0411906655980007 -0.00945918523148581 -0.279596833359936
-0.0197859395013238 -0.0105593687468403 -0.0658930635637307 -0.179545464744626
-0.00363837130088884 -2.82141521315229E-05 -0.00547217230342019 -0.0976558734026266
-0.00941309032740693 -0.0105750591779271 0.0398486732896733 -0.123667453824975
-0.0227297662736188 -0.00380280052256383 0.0363081799978601 -0.186572048134494
-0.0317879488038924 0.00569670374475425 0.00823077694958329 -0.242018822548944
-0.0271252714612757 0.0118100924888651 -0.0121973111944877 -0.274612557588357
-0.0273538554682279 0.0117546626639093 -0.013528835600721 -0.256549032193671
-0.0204820885651748 0.00666075016098452 0.0238687617237201 -0.196494284770663
-0.00572195119963507 -0.00740177032226708 0.0628025780182525 -0.125431158610058
0.00816446967127481 0.00231896001179119 0.0932862287907392 -0.0446610481826492
-0.0244615773362297 0.0206638572928293 0.0698714183143102 0.0204878807418365
-0.0330761717916771 -0.0332876967941335 0.0272034135874955 0.0478588777812524
0.00931134246928528 -0.06934324382489 -0.0763569065235529 -0.107508615900878
0.0041735948524984 -0.146690079328027 -0.0211331505559064 -0.223251106784437
-0.0652009323126639 -0.140447642000463 0.0387493270567167 -0.27659541503434
-0.117761029669149 -0.0958376585208552 -0.0476123961109946 -0.194410726961742
-0.136330568465071 -0.0155580050358421 -0.00219576495763869 -0.101910210476563
-0.127276371494052 0.0517956105809521 0.0407663683278265 -0.11360838431797
-0.0851397773966348 0.101938868534308 0.0328918436647353 -0.174411017999549
-0.0451693807289645 0.119015140080445 -0.00111366305900364 -0.21852036009671
-0.0213988300256871 0.119071099014491 -0.0200669022110928 -0.244263559034359
-0.0246915483367682 0.101470560201317 -0.0257400564757918 -0.237792791915464
-0.0268703577681673 0.0839537349920839 0.0106038745363414 -0.200653648236415
-0.0330420390103304 0.0520466137325977 0.0604497600975991 -0.141001157208591
-0.0367961969057218 0.0214122545823985 0.104837258509923 -0.0546639578018854
-0.0586372594067506 0.00414367941579838 0.0754139148431945 0.0206779866100085
-0.0637985225066279 -0.0648777677123727 0.0235188396777567 0.0484090584628421
-0.024425094220057 -0.124655737190648 -0.0798096835267086 -0.0804145904509842
-0.0346773311076685 -0.225558220651741 0.00853742694136911 -0.140919691261601
-0.11386287099852 -0.213319569931649 0.0933768075355316 -0.249326419118658
-0.190594353125639 -0.164811542283591 -0.0363894726552685 -0.204782383066764
-0.243304533177508 -0.0327331232207553 -0.0315245766957027 -0.101819970460117
-0.223355132018582 0.103780600217962 0.00494708273777284 -0.079853598179712
-0.133365303782958 0.189144025542316 0.00403620873264758 -0.122702485500164
-0.0522131340472895 0.210988115346599 -0.0179156002316264 -0.151283084523263
-0.0114076246398522 0.208873155865081 -0.0228716328304917 -0.1765956389897
-0.01431871615661 0.184240923545401 -0.0276169384163619 -0.193618920694449
-0.0274959231489166 0.16897254479542 0.00537362762037013 -0.190156449059096
-0.0629956151784818 0.132622411100941 0.0639091313392313 -0.151951842701947
-0.101647226435513 0.0647620329174541 0.124026897553097 -0.0643503290203615
-0.123916606375243 -0.0052750431266712 0.0853096576457455 0.0311190238191123
-0.115045049366662 -0.0987545304253541 0.0179187281378029 0.0656090742194343
-0.0666319782762748 -0.173065765805181 -0.0792078791690743 -0.039752999919208
-0.0663896253284004 -0.25581381736872 0.0465368294075181 -0.0377544220432875
-0.137425945858884 -0.230020267019398 0.138977789666383 -0.203021141926605
-0.214425241443767 -0.184581630315579 -0.036326953844109 -0.198661537898051
-0.287609394590207 -0.0324169503607011 -0.0769172532914096 -0.0898809333000533
-0.259503281526691 0.139714153164696 -0.0503865021795442 -0.0281462338571259
-0.145277425518289 0.238726626618439 -0.0365694359479077 -0.0415466595491741
-0.0455231757465506 0.262170101156875 -0.0349430693672966 -0.054923199279258
0.000827389049731503 0.26718670706028 -0.0199270650829392 -0.0813597482351249
-0.00273155447035406 0.24969593059257 -0.0173307507738339 -0.121114238550766
-0.0273066396737439 0.248778483492409 0.012680133172973 -0.151862734675804
-0.099958596410322 0.218570887502692 0.0723998466875979 -0.136915248567283
-0.182169694799895 0.120819378888053 0.144409593004478 -0.0575414639983093
-0.21027289283036 -0.011252157541743 0.0998888735901132 0.05421988131705
-0.176869943441925 -0.131085269721234 0.0197760907412526 0.102530882815834
-0.110380301265493 -0.211724651188733 -0.0665962163223625 0.0207065815134944
-0.0856811580028075 -0.230071113528584 0.0825044963963583 0.0558195500991595
-0.12558881380929 -0.185476582936552 0.154610308709936 -0.156549219781417
-0.176236361050228 -0.152885784169007 -0.0472438005855984 -0.166340137183223
-0.25140057669654 -0.020011074308525 -0.114481406262052 -0.0591995113422862
-0.22727381166758 0.146039364267432 -0.0954935387720301 0.0288680983670515
-0.119880457835956 0.238674316578626 -0.0693251853554897 0.045521132439368
-0.0285605376439085 0.264842333867123 -0.0435324793352781 0.0507593203243856
0.0120166295152452 0.284015381657769 -0.0131701953779736 0.0263470951426344
0.00533680480482098 0.282723141366526 -0.00214467781889692 -0.0245806675648904
-0.0355995510665232 0.300017192081076 0.0244748262097082 -0.0780301966829174
-0.140168653355194 0.276655257781014 0.0811077054206192 -0.0815620917847084
-0.255879764601073 0.154462583460673 0.154141812989252 -0.0205643102057309
-0.281352525518045 -0.0257838463060528 0.110341362016876 0.0914300464497772
-0.221500447191572 -0.152968739447036 0.0296620222294525 0.15273848419423
-0.144294225738465 -0.228955660445427 -0.0424190652850556 0.0953828935292124
-0.0870757289102851 -0.164192067834237 0.108307165545519 0.118039489091783
-0.0834377315452004 -0.110548760902444 0.132420554817853 -0.119378971423608
-0.101948365795712 -0.0998278777521557 -0.0615566428573975 -0.115501458341572
-0.167482690929304 -0.0080628339792468 -0.125259313791142 -0.0191507737956916
-0.154401815011407 0.123494627326841 -0.109666653208232 0.0748331946063645
-0.0740020674287054 0.194840365133657 -0.0788304946627613 0.115037731639878
-0.00447948267376398 0.225048861288351 -0.036720790747899 0.142853656077932
0.0219876084193385 0.258288107804915 -0.00227658034372707 0.130141117401849
0.00740581390872644 0.272674689584063 0.0101396068244263 0.081990038384731
-0.0486885471513573 0.29652621893383 0.0295364399014975 0.0208940906619391
-0.170347618852296 0.271118843513121 0.0735255979072392 0.00607181278632376
-0.288702030721141 0.133068296850285 0.135689965052393 0.0423437967518664
-0.29107459896886 -0.0559696354575221 0.103768582690191 0.13153652590463
-0.219912627264598 -0.155035073533756 0.0362849001167476 0.204156167386441
-0.153908324398123 -0.214743150005887 -0.0123004923023789 0.176786400996113
-0.0746931309330865 -0.0838355121784056 0.120290931218989 0.14354796338696
-0.0360859550714724 -0.0421675827355837 0.0872826035047734 -0.0927518002282719
-0.0356198325285778 -0.055200950921621 -0.0704542306667731 -0.0666246961763418
-0.089080827433076 -0.00199120105793987 -0.113722336900637 0.0129224961097975
-0.0815953429574613 0.0852014065484496 -0.0995974067560367 0.0980276406779274
-0.0297210449793989 0.129609330285166 -0.0679172236390508 0.156833913299952
0.0173179929768731 0.155561156669071 -0.0186562182327787 0.20970358380171
0.0278594448138461 0.191874465413139 0.0103670812584113 0.215769593694605
0.00755210325349799 0.213304921466514 0.01242397221589 0.1803629910702
-0.0530637560156511 0.233856595610493 0.0167665746140377 0.118859612725584
-0.16233621135885 0.200632265675713 0.0395502815804244 0.0930224780406428
-0.250296171545018 0.0714323924626579 0.0858628421891999 0.100250807580087
-0.221298243503949 -0.0785856172439807 0.0792678774039798 0.160901258325534
-0.167238945500108 -0.122664672608254 0.0315636603090527 0.246868194619176
-0.134716323026797 -0.160778317192122 0.0111560051181291 0.248712888253305
-0.0514233694212347 -0.0104978865871296 0.122602352046339 0.143297809688727
-0.000346246617320321 0.00118179483715809 0.0450594305675244 -0.0711491772212769
0.000187114722657396 -0.0286485881596866 -0.0714142251007755 -0.0350865723663297
-0.0386659534009052 -0.000343329327334594 -0.100876354030385 0.0297006196802662
-0.0310488356211368 0.045651056014382 -0.0834268677386712 0.109063232528594
0.001583502480753 0.0606407766751064 -0.0497704797976145 0.178707467181056
0.0297843339176499 0.0734505543655845 0.00364637177169884 0.24778198586298
0.0299453593768989 0.095518530439655 0.0212871661796097 0.269137419588164
0.012780689669665 0.113698048880717 0.00622952246132267 0.246580211571913
-0.0321786623762611 0.126810682388758 -0.00995987408510244 0.186527859469104
-0.0987455054195438 0.10165830269748 -0.00806791043780349 0.147577060466402
-0.14037473521963 0.0152392757596278 0.0268404048714402 0.129033204361619
-0.097398834505199 -0.058948950061071 0.0495330519682622 0.173797646127007
-0.0849583528857741 -0.0473289749122781 0.0107128580983596 0.273616336118356
-0.0934462746514235 -0.0677649948317246 0.0181541814969069 0.29461934967781
0.0415305971581161 -0.0445973662314564 -0.0276851272222414 -0.265308122463089
-0.00438532457637026 -0.0388122437921762 -0.00883437376563007 -0.27710127048286
-0.0172102805038329 -0.00926141124819283 -0.0611760299963806 -0.175030637371739
-0.0017784841818369 -0.00145593324027032 -0.00165482158365178 -0.0975566271905044
-0.0110138778363618 -0.0121318672250492 0.0420426035469844 -0.120269597853558
-0.0235375305699051 -0.00322227603308915 0.0407164696205759 -0.181104716656959
-0.0328387998001606 0.00707166921835051 0.0161116728192839 -0.236425377395745
-0.027135059590875 0.0127047079213612 -0.00551698252588452 -0.270848954229675
-0.0268012032211057 0.0136740065773546 -0.00814029071900272 -0.250141317019712
-0.0201793163889974 0.00761346718328609 0.0257183836125176 -0.191446580446074
-0.00721148003475212 -0.00743513265529838 0.0625496343329413 -0.121531287872268
0.0075817164925704 -4.11094279243037E-05 0.0903938577033656 -0.0435211042335134
-0.0206968051126684 0.0194314928101176 0.0680785334442662 0.0195257794050443
-0.033009378623676 -0.0306670862053056 0.0290012296921578 0.0425467221288302
0.00758380191930664 -0.0681323544494173 -0.0699093161910443 -0.106380116891173
0.00691830159819823 -0.146499524859193 -0.0123252656166968 -0.222632878999151
-0.0609917142737396 -0.139561911072181 0.0376128301533264 -0.274803282201066
-0.112468789835199 -0.0970885070364004 -0.0419359663513427 -0.189198584377286
-0.13252126076949 -0.0203848475577475 0.00215089704658332 -0.101394432869111
-0.128259207372005 0.0473063407940193 0.040675539339411 -0.110625555878796
-0.0879555291081859 0.0992418886733065 0.0357033980283845 -0.168701325484368
-0.0488339826661953 0.118409218636114 0.00594592056128083 -0.211504008591876
-0.0242927215801086 0.11819761577517 -0.0141230415836095 -0.240354997946928
-0.0261586191885498 0.100873125570686 -0.0201069776824638 -0.232170372813748
-0.0281178448967752 0.0827403379127521 0.0127333155527912 -0.195236031661679
-0.0343851817291241 0.0497461054705598 0.0604589927050473 -0.1366822428178
-0.0367516049710959 0.0181635610286921 0.101488151063876 -0.0535115611492305
-0.0549359952917523 0.00146173917258733 0.0728460953302612 0.019523786951078
-0.0612579405063617 -0.064157079563097 0.0243823177013038 0.0434733129180891
-0.0225246389610088 -0.123497359259524 -0.0744435515894609 -0.0799041201584667
-0.0270428807402776 -0.223508455933697 0.0153342996253877 -0.14043350276674
-0.105212144731291 -0.21328434377218 0.0893111064504722 -0.245658145943931
-0.181962199212042 -0.168531242188156 -0.0312983199345684 -0.197859354197754
-0.238697977900652 -0.0385579888781602 -0.0260661117061285 -0.10166950624898
-0.22340359570564 0.0965201768045932 0.00553838074915133 -0.0787244350915122
-0.136603557439064 0.18324228839495 0.00503670399282297 -0.11849841213183
-0.0574855713334136 0.208004899787345 -0.0129798707877858 -0.145363997823192
-0.0159057911580643 0.206030994579457 -0.0178108321475831 -0.173854165132444
-0.0181727112847799 0.181993187187695 -0.0225509779478014 -0.18832959226589
-0.0302795321784929 0.165048821393431 0.00701911940100513 -0.184637084607478
-0.064491358666101 0.128100016182556 0.0634099305871666 -0.147913303208212
-0.101290715093615 0.0602399584136101 0.12042864721671 -0.0628856298410464
-0.120540744695132 -0.00986909257137168 0.0823941132285227 0.0300538966343646
-0.109235080224929 -0.0998807989677456 0.0174515695681295 0.0619181420605679
-0.0604355843222719 -0.172629621095896 -0.0747718926057331 -0.0388417805083884
-0.0559879385891151 -0.252673945178184 0.0486533379969722 -0.0375512526221952
-0.125817130226363 -0.231134593948014 0.131916234500594 -0.198387485282128
-0.205250342041589 -0.190029395672384 -0.0308984346459697 -0.190224039243053
-0.282161932511829 -0.0396923579395566 -0.0721920713710577 -0.0908173706488412
-0.258742025759977 0.131543658153867 -0.0495147297044551 -0.0293562713297303
-0.148968645932989 0.231478243298531 -0.0363091609432964 -0.0398910576348748
-0.0526486407058741 0.256508228500235 -0.0324777012866571 -0.0510904845738416
-0.00569020010350127 0.262714566058149 -0.0174711581788737 -0.0795481180981215
-0.00844811981785542 0.246463687567984 -0.0136166903059261 -0.117226467939726
-0.0319254210158494 0.243234360051583 0.0126881408685801 -0.147438802625273
-0.102123736088298 0.212278134349235 0.0717832075339098 -0.134186676799762
-0.181118671649528 0.113577548036916 0.140403768840825 -0.0562479519629484
-0.208135038284193 -0.0177110428763027 0.0970581629652001 0.0544992578836881
-0.169621750896934 -0.135226018437746 0.0184168494817536 0.0992774938585256
-0.100655920322838 -0.21219925577961 -0.0639898077552235 0.0218767847960248
-0.0731770882047717 -0.22717784952852 0.081287607119688 0.0555347553438438
-0.113047495130543 -0.187064342881762 0.146031559334806 -0.150615719692572
-0.169599223679648 -0.159429936055036 -0.0419228614074673 -0.158738067103096
-0.247039839563007 -0.0266044649572166 -0.108620277005728 -0.0605633861514882
-0.226039326580388 0.139180293215558 -0.094951012232685 0.025987322026093
-0.123505251195179 0.230884931232431 -0.0710105009667759 0.0447141221841598
-0.0344416204146318 0.258391022961302 -0.0426628924294478 0.0524920959816862
0.00472903343535039 0.279079739589911 -0.0131096468409394 0.0269017006794623
-0.00191646086362186 0.278429262287353 -0.00105155689009239 -0.0226952137780389
-0.0410992363056882 0.291953845788827 0.0229225501390451 -0.0751431202147629
-0.142722375195975 0.269254601131298 0.0790371132576071 -0.0796812912490722
-0.254735276554971 0.145509813877606 0.150041646780855 -0.0184843952868217
-0.279394541102196 -0.0351048386732227 0.106067990562439 0.0918198624764771
-0.212011651727567 -0.160294378803445 0.0266249864854217 0.150199079046873
-0.131123138444315 -0.229862432538229 -0.0427747571625 0.0964051568203567
-0.0759155153613466 -0.160909294529136 0.103596323133472 0.115909792376536
-0.0740641914490469 -0.111752074163583 0.124190019666401 -0.113343227458643
-0.0982771456015688 -0.105088006256688 -0.0573187726983223 -0.109402565332986
-0.164854404805245 -0.012178046645423 -0.119267056775605 -0.020922454420541
-0.152210984196996 0.118706040557481 -0.109739288275255 0.0700647289015978
-0.0765364723816972 0.188424804520457 -0.0818807241743773 0.112421420751123
-0.00966746326379985 0.217525561501323 -0.0391937261034598 0.141726545572683
0.0151957646843614 0.252423928485931 -0.00449564933245329 0.129165355826365
0.000326424656881746 0.266833720866232 0.00858435825599009 0.0823355956393423
-0.0528284479118188 0.288892160697959 0.0265612784923156 0.0209617112572193
-0.171870797568583 0.262750248923185 0.0709517706014215 0.00633396512307129
-0.287661708815794 0.12556012868518 0.131341785491336 0.0432291388551586
-0.288613375384053 -0.0647842023209561 0.0972806022496945 0.131551043273383
-0.210477056982543 -0.163191986684253 0.0328497644146578 0.203245466252302
-0.140987414036025 -0.215708057983945 -0.0158569558499219 0.177562707617316
-0.0653469824055834 -0.0814829041599152 0.112889867943892 0.141473475818479
-0.0305793257064375 -0.0449237461023578 0.0808701193951179 -0.0858860690188716
-0.035802107528719 -0.0586601727799913 -0.0663904097265382 -0.0627143677961136
-0.0868318358334678 -0.00326992115668194 -0.108964852708962 0.0107911831965965
-0.0797858140918724 0.0827524368430638 -0.0989612716176179 0.0932339438002692
-0.0314041832376116 0.124519211861043 -0.0709774676047918 0.152901584742199
0.0129152308757872 0.15048418861488 -0.0226931387352804 0.206460666764315
0.0236646867990877 0.186746463080961 0.0059531785122346 0.212297578636534
0.00265025823233308 0.208651947221343 0.00844432404072397 0.177586295621677
-0.0556604888106196 0.227243376293494 0.0121365163880817 0.116737641702678
-0.161457747874308 0.194426988672951 0.0366157583222675 0.0905532166440339
-0.247727372241823 0.0663728114338935 0.0821364238573905 0.0994332202034608
-0.220223336255939 -0.0856320793994991 0.0723496476244414 0.159974790019262
-0.158437071276435 -0.1297887654002 0.0273276058238711 0.24554186177331
-0.122962146204212 -0.160698990155615 0.00454051460534082 0.248033613621608
-0.0455772725899419 -0.00900530106542882 0.114046798197473 0.14197657963779
0.00122315082687977 -0.00177792290880278 0.0411524840495088 -0.0657146903203389
-0.00166281669272905 -0.0303381542926584 -0.0679084431549623 -0.0323719408814856
-0.0373326460208295 0.000474227715381851 -0.0970565452324766 0.0288757304668493
-0.0286177038103587 0.0445156467537246 -0.0829536936437942 0.105026674411936
0.00183035846062185 0.0576848770032286 -0.0525067003365625 0.174137858896
0.027987975908768 0.0696144811475461 -0.0015157941742041 0.242425797958131
0.0263793483160434 0.092798806869924 0.0151982882692229 0.264743438579218
0.0104896475536431 0.110485556909711 -0.000122234175608025 0.242395496774565
-0.0325946300624316 0.123099026232407 -0.0139080262183525 0.182485126732401
-0.0980988832923968 0.099364241121848 -0.0104066657946054 0.143676070462054
-0.139473159979486 0.0137270860487899 0.0232633386817008 0.127750565588391
-0.0983390037915605 -0.0638130277295167 0.0425899743180138 0.170671059483466
-0.0779625499851703 -0.0519941001702217 0.0061808000801745 0.270124915452327
-0.0856471790325794 -0.0681604502002924 0.0101526609026393 0.292974779711499
0.0403707559156505 -0.046852975078937 -0.0157795274860842 -0.276399911212513
-0.00527633425149244 -0.0385426322306084 -0.00623029442906946 -0.285638580407444
-0.0158990933259961 -0.00849225846898564 -0.0568506281373755 -0.17787882199475
-0.000150645464181541 -0.00340959903997423 0.00232615998831536 -0.101027570572957
-0.0127182653150627 -0.0134260067162502 0.0465445596702306 -0.121155242975275
-0.025786850858007 -0.0028399002550334 0.0472312353095208 -0.180777362245391
-0.0339670768669276 0.00863847639372108 0.0257805668016332 -0.239622043914332
-0.0279802927719258 0.0143390255474869 0.00132701646318674 -0.276435101108647
-0.0273404582306382 0.0151668145748168 -0.00119185660963876 -0.254722616210689
-0.021115091056861 0.00896476250679745 0.0302833220037076 -0.193451938427066
-0.00925960422673651 -0.00784938691170839 0.0658579916811169 -0.120905512142702
0.0076420131141238 -0.00167555433955189 0.0908390839418609 -0.0426220977949794
-0.0185994807506685 0.0190816659160505 0.0691879107912855 0.0191354310764003
-0.0332573879866863 -0.0293281828050867 0.0311551934506873 0.0386628622756878
0.00620766038684754 -0.0695603536064094 -0.065311945247091 -0.110297293579196
0.0108295335260712 -0.15097456266117 -0.000917812954250109 -0.231047856626151
-0.0582045417178826 -0.144738539453959 0.0395552918323501 -0.2815936336863
-0.110523166095033 -0.103457756697926 -0.0372956771758491 -0.189558722097447
-0.134193108488203 -0.0257956865545161 0.00695644262069323 -0.105030920006991
-0.134053164510086 0.0437140602440366 0.044601675379876 -0.111491858057184
-0.0942723953586875 0.0995420333622733 0.040881321473716 -0.168628251093026
-0.054375033834487 0.120689716616411 0.0146455147114417 -0.212881541542547
-0.0280926939714019 0.121800375821736 -0.00667459632728965 -0.245669558005673
-0.0293736351715966 0.10413465952703 -0.0144364876016626 -0.236338471409743
-0.0316293203622778 0.0844560624892686 0.0162813014608217 -0.196684253096009
-0.037785062748641 0.0499776234637683 0.0632777767713768 -0.137592471344193
-0.0380628255223694 0.0152791614184706 0.101705370095151 -0.0535659516832203
-0.054016515795229 -0.00165914553879852 0.0731448385780003 0.019790483435915
-0.0599650912641432 -0.0660420387929378 0.0255619090864471 0.0407732473381045
-0.020601860913706 -0.127245230979408 -0.0707263197494619 -0.0831195231881665
-0.0187538552885788 -0.229720550058004 0.0241885404786248 -0.145967071975498
-0.0985397907296669 -0.222423092509398 0.0898446737470912 -0.249791209836193
-0.180301906622806 -0.180643082223198 -0.0265510067384604 -0.197902023675709
-0.242120788885155 -0.0486276832953442 -0.0220561251314745 -0.106273623848591
-0.232358960202412 0.0907730978765991 0.00682302055699584 -0.080043252269426
-0.145910430962348 0.18325922916746 0.00767921209847977 -0.118284746618789
-0.0664599998972687 0.211064008385633 -0.00733688741674016 -0.145598164986295
-0.0227180033749368 0.211372663275534 -0.0128545699169409 -0.176870801899057
-0.0239223318986268 0.186564762327124 -0.0174162742093446 -0.190983249753539
-0.0359459921984463 0.167165736145729 0.0101348928930688 -0.186655567293881
-0.0700289672524304 0.128043479667623 0.0662844596713505 -0.149285841062183
-0.104621188338371 0.055646389717799 0.121894023281563 -0.062070172132071
-0.121804824842299 -0.0159268902743678 0.0831377544979601 0.0310923981464746
-0.107892171220593 -0.106059521256909 0.0174639577616731 0.0600745934585135
-0.0560322960092828 -0.178515101736968 -0.0719244257154823 -0.039379503854271
-0.0449777087865837 -0.258900616533423 0.0539250462964799 -0.0393117834272745
-0.117519566701155 -0.240818642198879 0.13208081497842 -0.199252889263618
-0.20331639627953 -0.20421304038196 -0.0254999144792987 -0.189942398023059
-0.28735111921088 -0.0508445697874219 -0.0675232473615009 -0.0953279563088462
-0.268881822808112 0.125403227123015 -0.0510621954954605 -0.0316443490986894
-0.160113843674202 0.231133954287575 -0.0382990814344977 -0.0396678066554168
-0.0626252511724067 0.25989432544527 -0.0312080222392587 -0.0488313453762021
-0.0134562049688337 0.269033111327184 -0.0151651349481455 -0.0800779523532184
-0.0155547807225071 0.25122985132479 -0.0108226091014733 -0.11826544792371
-0.0399907118903651 0.246386604000012 0.0148034443286965 -0.147925011006129
-0.108848459302954 0.213073864545611 0.0741311770723898 -0.135221546875246
-0.188474002128593 0.108588622693149 0.142446356801557 -0.0556806348595766
-0.212986473042229 -0.0273575158677764 0.097075074664849 0.0565950577052234
-0.16754239671721 -0.14560450968841 0.0173441378275797 0.0997524149090633
-0.0934323379506492 -0.220686738886536 -0.0633158964498961 0.0225883239519001
-0.0623741000009362 -0.231776986766529 0.0821072971359312 0.0570223841821334
-0.104803731024127 -0.196289579951729 0.144288503350322 -0.148922829656583
-0.168276623450251 -0.172970293172748 -0.0376385640876875 -0.157567706125284
-0.252176528838672 -0.0358860065474393 -0.106010616879052 -0.0651790899075164
-0.234230283808862 0.134907835853277 -0.0980802450227552 0.0236276263650558
-0.132721369749233 0.23122669530908 -0.0757495955125947 0.0453163275755345
-0.0443171523134854 0.261262656043514 -0.0449692604302878 0.0556029831079702
-0.0036697292339692 0.284431114237248 -0.014481409468942 0.0286171998769228
-0.0110589661182272 0.283394983201893 0.000216847609037871 -0.0221479009385278
-0.0500077960427267 0.2956835513784 0.0234543936393858 -0.0748002588013564
-0.152156738139289 0.27003708502541 0.0805097857631043 -0.0808642047109838
-0.264619447666679 0.14024744980403 0.151732085732768 -0.0166035094545789
-0.287157510955481 -0.0471713151489863 0.104644077098406 0.0958076364417349
-0.210409629325685 -0.174333284801733 0.02502595650382 0.153978850334695
-0.121969727257389 -0.240098109728015 -0.0449166663033519 0.101256194585969
-0.0663368503711952 -0.163705461049281 0.10169280947671 0.11890797514295
-0.0669077535089571 -0.119351606438688 0.121224292565616 -0.109215452592817
-0.0978511795291405 -0.114447376631006 -0.0537446918810218 -0.108111930201581
-0.168346716409315 -0.0172144923202001 -0.118457097298753 -0.0247607681324079
-0.157140691043854 0.116172963542768 -0.113998231298154 0.0678206415520473
-0.0835246065429847 0.188507848080378 -0.0883857026828951 0.113242729295194
-0.0179059651223611 0.220115323232437 -0.0443212139837765 0.145248192844841
0.00726641890695528 0.257804088661423 -0.00846149358601022 0.132861961319593
-0.00855840358876845 0.271960411016811 0.00685973997854615 0.0852943395504414
-0.0625199436544988 0.291762669500441 0.0238897476067639 0.0234557371961239
-0.181565713102112 0.263264139180845 0.0700012494237994 0.00689093882885308
-0.297497659596624 0.120333194322468 0.131805380509751 0.0460730241085809
-0.297257971379253 -0.0778200475957335 0.0940082609134844 0.137125498240589
-0.207033281406048 -0.178378196977758 0.0290820127970753 0.208438392187532
-0.1304436085185 -0.224755242603709 -0.0216399296597239 0.183704065084572
-0.0581974853240041 -0.0824506616065437 0.108857234506703 0.144897304535565
-0.0257123613895442 -0.0494436308468631 0.0779605387657781 -0.0827641750654933
-0.0362334235591712 -0.0644531303083756 -0.0646574033305612 -0.0606266663384673
-0.0886263866858184 -0.00534257373865256 -0.108456085386373 0.00842144260873397
-0.0812931076869678 0.0830983710338525 -0.103087901879917 0.0923669493445541
-0.0341391737024275 0.124359771970724 -0.0778234868163377 0.154680597850309
0.00818082790431702 0.150948692649285 -0.0290265649662214 0.210186027329863
0.0168786915417068 0.18919348950514 -0.000365304754797683 0.217268388141866
-0.00404063515978055 0.211223251886752 0.00339176304414452 0.182704187714108
-0.0632026022547795 0.228891513011183 0.00710801621212069 0.118967964148713
-0.1686429890885 0.194512560142338 0.0337108267616601 0.0925892198571866
-0.256011128944431 0.0616944977790627 0.0807067231738618 0.103028549408241
-0.225877674534053 -0.0974145266332476 0.0672202904267258 0.165377254106197
-0.154003509530814 -0.142775995546358 0.0227814310639131 0.252448846860608
-0.11510224882682 -0.167765455727417 -0.00398990863797367 0.257347622435656
-0.0406835790089994 -0.00874630699409854 0.108902579459009 0.144925263952657
0.00347173165754701 -0.00409662256234133 0.0391295968615163 -0.0621873650498715
-0.00274673540650177 -0.0323073027401424 -0.0674976647925048 -0.0307403211039088
-0.0373055543948688 0.00162597380579378 -0.0969775301568346 0.0279958778209784
-0.0281944175623827 0.0457588043482348 -0.0854873375919824 0.103962541019303
0.00095320183779654 0.0571159115818644 -0.0585866529194521 0.174820385347568
0.0258537387873352 0.06849894360885 -0.0082084876883885 0.245908875440798
0.0236201550400597 0.0924463037732214 0.00779104738164329 0.270300614946899
0.00738924517350911 0.111410410725808 -0.00758379496820965 0.247452298996073
-0.0359928885673707 0.122923713484911 -0.0205907300224505 0.184625542484198
-0.10075413408938 0.0987025390203464 -0.0148163943348431 0.145977743019511
-0.143906745904501 0.0118454368234644 0.0193889896766572 0.13088627813209
-0.10190839456414 -0.0714297613380805 0.0363873324008863 0.173952444091864
-0.0742424574339875 -0.059633796027566 0.000373697826386836 0.277930195054942
-0.0798449931632715 -0.0700970108633656 -0.00040585697992746 0.301928819837191
