TRXV5
3
4
4
9
string Extension=J
integer IsArchMeasurement=1
integer IsSpherical=1
string Generator=SPM
string GeneratorVersion=1.3.1 Dev
double ArchRadius=0.449999988079071
integer FrequencyAxisIndex=0
integer AzimuthAxisIndex=1
integer ElevationAxisIndex=2
Frequency
5 136 690000000 960000000 LIN
Azimuth
7 8 0 2.74889357189107 LIN
Elevation
7 15 -2.74889357189107 2.74889357189107 LIN
Polar H Real Part
13
Polar H Imaginary Part
14
Polar V Real Part
13
Polar V Imaginary Part
14
Polar H Magnitude (dB)
12 0xC0000002 0 1
Polar H Phase
7 0xC0000003 0 1
Polar V Magnitude (dB)
12 0xC0000002 2 3
Polar V Phase
7 0xC0000003 2 3
-0.202346801757813 0.107269287109375 0.070220947265625 -0.393096923828125
-0.147781372070313 0.18023681640625 0.22479248046875 -0.60321044921875
-0.00364685058593748 0.179901123046875 -0.082366943359375 -0.450958251953125
0.0813446044921875 0.0752105712890625 -0.141494750976563 -0.11962890625
0.0519676208496094 -0.005767822265625 -0.00670623779296875 0.0889129638671875
0.00199127197265625 -0.0301704406738281 0.189285278320313 0.0966796875
-0.00554847717285156 -0.0149593353271484 0.31732177734375 -0.024200439453125
0.00550603866577148 0.00371789932250977 0.35003662109375 -0.138092041015625
-0.00109100341796875 -0.0168294906616211 0.361175537109375 -0.19146728515625
0.01434326171875 -0.0423469543457031 0.381927490234375 -0.15234375
0.0513076782226563 -0.0488624572753906 0.362152099609375 -0.108062744140625
0.120620727539063 -0.0143051147460938 0.338897705078125 -0.005096435546875
0.105789184570313 0.120109558105469 0.250473022460937 0.14959716796875
-0.022613525390625 0.184295654296875 0.053985595703125 0.0238914489746094
-0.0945892333984375 0.131904602050781 0.12408447265625 -0.338653564453125
-0.18115234375 0.2769775390625 0.029388427734375 -0.3348388671875
-0.140838623046875 0.307220458984375 0.23095703125 -0.569580078125
-0.02069091796875 0.299163818359375 -0.09686279296875 -0.495849609375
0.0992279052734375 0.220184326171875 -0.190536499023438 -0.142181396484375
0.131027221679688 0.110580444335937 -0.0428848266601562 0.092437744140625
0.146133422851563 0.031829833984375 0.1807861328125 0.105270385742188
0.142349243164063 -0.018585205078125 0.2999267578125 -0.018402099609375
0.137832641601563 -0.00273895263671875 0.3236083984375 -0.132171630859375
0.143173217773438 -0.021484375 0.3416748046875 -0.17767333984375
0.152847290039063 -0.01629638671875 0.373077392578125 -0.131805419921875
0.152786254882813 0.016448974609375 0.349822998046875 -0.0810546875
0.185928344726562 0.0672607421875 0.3240966796875 0.0128173828125
0.141311645507812 0.195327758789062 0.23797607421875 0.142990112304688
0.02593994140625 0.286590576171875 0.0715789794921875 0.0517425537109375
-0.04742431640625 0.2852783203125 0.1060791015625 -0.283294677734375
-0.103607177734375 0.416839599609375 -0.017578125 -0.2315673828125
-0.065704345703125 0.398956298828125 0.20208740234375 -0.5069580078125
0.011383056640625 0.36474609375 -0.139251708984375 -0.518341064453125
0.130340576171875 0.312896728515625 -0.262619018554688 -0.16632080078125
0.204421997070313 0.19580078125 -0.109962463378906 0.0830307006835938
0.27362060546875 0.077728271484375 0.124130249023438 0.106918334960938
0.269012451171875 -0.023773193359375 0.230438232421875 9.15527343749985E-05
0.2510986328125 -0.008148193359375 0.252059936523438 -0.10284423828125
0.268386840820313 -0.02069091796875 0.281494140625 -0.14337158203125
0.274566650390625 0.0196685791015625 0.3289794921875 -0.09954833984375
0.240142822265625 0.0935211181640625 0.31964111328125 -0.0484619140625
0.233856201171875 0.162551879882813 0.31103515625 0.044891357421875
0.144821166992188 0.272293090820313 0.226959228515625 0.169097900390625
0.04620361328125 0.35882568359375 0.0840301513671875 0.118881225585938
-0.00408935546874996 0.389617919921875 0.0871734619140625 -0.183731079101562
0.00671386718749998 0.490509033203125 -0.049774169921875 -0.10150146484375
0.052337646484375 0.424591064453125 0.154693603515625 -0.422271728515625
0.075103759765625 0.355682373046875 -0.19879150390625 -0.498870849609375
0.1636962890625 0.33489990234375 -0.344818115234375 -0.1654052734375
0.253433227539063 0.230499267578125 -0.195480346679687 0.0765380859375
0.358734130859375 0.097625732421875 0.0265731811523438 0.112258911132812
0.353912353515625 -0.027862548828125 0.11871337890625 0.0317916870117188
0.325714111328125 -0.0108642578125 0.144805908203125 -0.0588226318359375
0.35528564453125 -0.008514404296875 0.187118530273438 -0.096405029296875
0.35546875 0.067138671875 0.249038696289063 -0.0620880126953125
0.292449951171875 0.17584228515625 0.265899658203125 -0.0115814208984375
0.246200561523438 0.259841918945313 0.28570556640625 0.084564208984375
0.1083984375 0.331390380859375 0.209228515625 0.223251342773438
0.037689208984375 0.388153076171875 0.0817413330078125 0.222366333007813
0.02947998046875 0.438690185546875 0.0570335388183594 -0.052001953125
0.120086669921875 0.47454833984375 -0.0611076354980469 0.0334320068359375
0.15478515625 0.359283447265625 0.095733642578125 -0.327911376953125
0.110992431640625 0.275177001953125 -0.260223388671875 -0.434356689453125
0.160614013671875 0.2891845703125 -0.410858154296875 -0.131195068359375
0.256179809570313 0.216766357421875 -0.2772216796875 0.0836029052734375
0.385772705078125 0.097412109375 -0.09100341796875 0.125946044921875
0.380767822265625 -0.030609130859375 -0.0150222778320312 0.0729598999023438
0.352264404296875 -0.01104736328125 0.0176429748535156 -0.00740432739257813
0.39044189453125 0.00946044921875 0.0684700012207032 -0.0501976013183594
0.378509521484375 0.1158447265625 0.141693115234375 -0.033447265625
0.286895751953125 0.2435302734375 0.18939208984375 0.016204833984375
0.202911376953125 0.32275390625 0.24365234375 0.124313354492188
0.038116455078125 0.339385986328125 0.171783447265625 0.29443359375
0.01123046875 0.359710693359375 0.046173095703125 0.34515380859375
0.057891845703125 0.42279052734375 0.012725830078125 0.0895004272460938
0.1988525390625 0.3687744140625 -0.0553131103515625 0.151718139648438
0.19415283203125 0.221649169921875 0.0417327880859375 -0.236114501953125
0.086761474609375 0.157119750976563 -0.297393798828125 -0.3375244140625
0.105850219726563 0.218399047851563 -0.440704345703125 -0.076171875
0.208587646484375 0.182022094726563 -0.3333740234375 0.09710693359375
0.34857177734375 0.086822509765625 -0.202438354492188 0.145034790039062
0.34918212890625 -0.027557373046875 -0.148330688476562 0.116714477539063
0.32598876953125 -0.0103759765625 -0.111221313476562 0.0416336059570312
0.36627197265625 0.025909423828125 -0.0571823120117187 -0.0154228210449219
0.340606689453125 0.146087646484375 0.0243492126464844 -0.0246162414550781
0.2255859375 0.268463134765625 0.107688903808594 0.0215377807617188
0.116943359375 0.324615478515625 0.18829345703125 0.148956298828125
-0.0371551513671875 0.270843505859375 0.110870361328125 0.362152099609375
-0.00210571289062501 0.262069702148437 -0.023651123046875 0.457977294921875
0.0950927734375 0.348907470703125 -0.0402374267578125 0.220062255859375
0.23333740234375 0.203521728515625 -0.0416107177734375 0.235061645507813
0.16156005859375 0.053955078125 -0.00456237792968747 -0.15625
0.0127105712890625 0.0463714599609375 -0.301422119140625 -0.239501953125
0.0244598388671875 0.1466064453125 -0.430328369140625 -0.0277099609375
0.129867553710938 0.142105102539063 -0.361114501953125 0.103546142578125
0.262176513671875 0.075927734375 -0.2911376953125 0.16229248046875
0.265396118164063 -0.0160675048828125 -0.260696411132813 0.157272338867188
0.250396728515625 -0.0083160400390625 -0.223312377929687 0.08544921875
0.290679931640625 0.036407470703125 -0.16937255859375 0.00708007812499998
0.251434326171875 0.143341064453125 -0.08050537109375 -0.0372467041015625
0.131256103515625 0.2342529296875 0.04022216796875 0.00427627563476564
0.0170440673828125 0.248825073242187 0.140029907226563 0.153167724609375
-0.0785751342773437 0.1373291015625 0.042633056640625 0.41156005859375
0.022491455078125 0.120796203613281 -0.11212158203125 0.53900146484375
0.148300170898438 0.233917236328125 -0.083404541015625 0.32318115234375
0.2232666015625 0.0127410888671875 -0.0282745361328125 0.275390625
0.0850830078125 -0.1031494140625 -0.0373077392578125 -0.102256774902344
-0.07232666015625 -0.0430374145507812 -0.2818603515625 -0.164642333984375
-0.0570144653320313 0.0796890258789063 -0.40045166015625 -0.00326538085937504
0.037567138671875 0.0981826782226563 -0.365936279296875 0.0973815917968751
0.14093017578125 0.06561279296875 -0.350128173828125 0.170806884765625
0.143478393554688 0.0030670166015625 -0.335968017578125 0.18548583984375
0.139244079589844 -0.00521087646484375 -0.298858642578125 0.117919921875
0.172943115234375 0.0348052978515625 -0.248794555664063 0.018402099609375
0.131248474121094 0.103538513183594 -0.153793334960938 -0.0610809326171875
0.0308837890625 0.145782470703125 0.00473594665527344 -0.0227603912353516
-0.0566024780273438 0.112564086914062 0.115615844726563 0.149276733398438
-0.0614967346191406 -0.0244636535644531 -0.00836181640625005 0.45318603515625
0.087493896484375 -0.0337142944335938 -0.19189453125 0.58416748046875
0.204376220703125 0.0920562744140625 -0.103302001953125 0.386474609375
-0.198974609375 0.12786865234375 0.041290283203125 -0.407135009765625
-0.13616943359375 0.199325561523438 0.1771240234375 -0.63836669921875
0.0136260986328125 0.183364868164063 -0.12353515625 -0.452117919921875
0.0890731811523438 0.0662002563476563 -0.149169921875 -0.105728149414063
0.0519485473632813 -0.0128173828125 0.0100860595703125 0.094879150390625
-0.00275993347167969 -0.0307559967041016 0.209701538085937 0.0825042724609375
-0.00882244110107422 -0.0121936798095703 0.326904296875 -0.05511474609375
0.00426840782165527 0.00378561019897461 0.345672607421875 -0.175872802734375
-0.00404548645019531 -0.0181980133056641 0.35125732421875 -0.22808837890625
0.00865936279296875 -0.0444488525390625 0.375091552734375 -0.187103271484375
0.0470314025878906 -0.0551872253417969 0.35894775390625 -0.1439208984375
0.121505737304687 -0.0285797119140625 0.344512939453125 -0.040313720703125
0.121932983398438 0.112525939941406 0.271881103515625 0.124679565429688
-0.00445556640625002 0.193527221679687 0.057769775390625 0.0170326232910156
-0.0863800048828125 0.143234252929688 0.10040283203125 -0.362152099609375
-0.1627197265625 0.300689697265625 0.00469970703124999 -0.3447265625
-0.1195068359375 0.32904052734375 0.18719482421875 -0.60699462890625
0.00289916992187498 0.307769775390625 -0.142974853515625 -0.496429443359375
0.119720458984375 0.215621948242188 -0.202316284179688 -0.123275756835938
0.143081665039063 0.100112915039063 -0.02667236328125 0.101043701171875
0.14996337890625 0.0186004638671875 0.203506469726563 0.09002685546875
0.142364501953125 -0.0311737060546875 0.3104248046875 -0.0487060546875
0.140655517578125 -0.0158538818359375 0.3201904296875 -0.166412353515625
0.14471435546875 -0.0371246337890625 0.33148193359375 -0.214324951171875
0.154220581054688 -0.0312652587890625 0.367523193359375 -0.16961669921875
0.15826416015625 0.00372314453125 0.3492431640625 -0.115814208984375
0.197097778320312 0.05133056640625 0.33245849609375 -0.019317626953125
0.162704467773438 0.187179565429688 0.25701904296875 0.119735717773438
0.051422119140625 0.293487548828125 0.0790023803710938 0.04351806640625
-0.025146484375 0.296722412109375 0.086395263671875 -0.30291748046875
-0.07220458984375 0.435150146484375 -0.0354766845703125 -0.2357177734375
-0.035552978515625 0.416168212890625 0.1649169921875 -0.53955078125
0.041900634765625 0.37445068359375 -0.189605712890625 -0.5177001953125
0.16119384765625 0.31103515625 -0.279159545898438 -0.140823364257812
0.227310180664063 0.182220458984375 -0.0967941284179687 0.0976104736328125
0.28662109375 0.054595947265625 0.144683837890625 0.0953826904296875
0.271087646484375 -0.0483856201171875 0.241058349609375 -0.024200439453125
0.255462646484375 -0.0333709716796875 0.248886108398438 -0.130722045898438
0.273330688476563 -0.048492431640625 0.273513793945313 -0.173965454101562
0.2828369140625 -0.0050048828125 0.32537841796875 -0.1324462890625
0.255126953125 0.0759124755859375 0.320556640625 -0.080841064453125
0.254653930664063 0.146102905273438 0.32073974609375 0.01324462890625
0.170623779296875 0.266525268554688 0.246414184570313 0.147720336914063
0.07672119140625 0.367401123046875 0.0982589721679687 0.111587524414063
0.02703857421875 0.4024658203125 0.075439453125 -0.198806762695312
0.047332763671875 0.50262451171875 -0.0584259033203125 -0.0986480712890625
0.08660888671875 0.43096923828125 0.122528076171875 -0.44940185546875
0.103729248046875 0.36065673828125 -0.250457763671875 -0.490631103515625
0.197235107421875 0.330474853515625 -0.3638916015625 -0.132293701171875
0.28125 0.214599609375 -0.185989379882812 0.098175048828125
0.377838134765625 0.068817138671875 0.0430526733398438 0.109565734863281
0.3590087890625 -0.061920166015625 0.130744934082031 0.0179595947265625
0.333404541015625 -0.043853759765625 0.14605712890625 -0.075225830078125
0.363861083984375 -0.045166015625 0.1805419921875 -0.116790771484375
0.371490478515625 0.0357666015625 0.247604370117188 -0.088104248046875
0.31610107421875 0.156494140625 0.268386840820313 -0.039947509765625
0.276580810546875 0.243728637695313 0.29888916015625 0.0562744140625
0.13671875 0.331634521484375 0.232376098632813 0.2066650390625
0.068511962890625 0.3978271484375 0.102691650390625 0.218719482421875
0.065216064453125 0.448028564453125 0.0547027587890625 -0.0595474243164062
0.161163330078125 0.47442626953125 -0.0591239929199219 0.0414085388183594
0.185150146484375 0.353790283203125 0.07025146484375 -0.346466064453125
0.13275146484375 0.273834228515625 -0.30743408203125 -0.418121337890625
0.1888427734375 0.2874755859375 -0.427276611328125 -0.09161376953125
0.283111572265625 0.201934814453125 -0.269134521484375 0.1121826171875
0.403778076171875 0.06475830078125 -0.0755691528320312 0.134101867675781
0.386444091796875 -0.06640625 -0.00297546386718748 0.0720138549804688
0.360595703125 -0.04656982421875 0.0197696685791016 -0.0118122100830078
0.4013671875 -0.031402587890625 0.0626220703125 -0.0594940185546875
0.401580810546875 0.08282470703125 0.138725280761719 -0.0494232177734375
0.31756591796875 0.225555419921875 0.192916870117188 -0.00486755371093749
0.2403564453125 0.31463623046875 0.25860595703125 0.100265502929688
0.065826416015625 0.345550537109375 0.1993408203125 0.283416748046875
0.03741455078125 0.369354248046875 0.0767822265625 0.349029541015625
0.094635009765625 0.429046630859375 0.01971435546875 0.0903701782226563
0.234771728515625 0.35992431640625 -0.0452880859375 0.1622314453125
0.212631225585938 0.209365844726563 0.0212249755859375 -0.244964599609375
0.0967559814453125 0.156875610351563 -0.3375244140625 -0.314788818359375
0.12725830078125 0.219696044921875 -0.453033447265625 -0.0340576171875001
0.232528686523438 0.172958374023438 -0.327880859375 0.129669189453125
0.368560791015625 0.0577392578125 -0.188873291015625 0.163558959960937
0.355926513671875 -0.061126708984375 -0.136131286621094 0.130035400390625
0.33404541015625 -0.044525146484375 -0.108245849609375 0.051727294921875
0.381134033203125 -0.010894775390625 -0.0628471374511718 -0.0108413696289063
0.365386962890625 0.11712646484375 0.0184116363525391 -0.0299835205078125
0.257675170898438 0.255706787109375 0.108688354492188 0.00807952880859377
0.150146484375 0.324066162109375 0.203643798828125 0.130264282226563
-0.018280029296875 0.281768798828125 0.144012451171875 0.35699462890625
0.0145721435546875 0.2703857421875 0.015045166015625 0.472076416015625
0.127960205078125 0.350921630859375 -0.023956298828125 0.228607177734375
0.255569458007813 0.185989379882813 -0.0244140625 0.2476806640625
0.165374755859375 0.0393524169921875 -0.019927978515625 -0.156570434570313
0.0122909545898438 0.0498504638671875 -0.3311767578125 -0.212432861328125
0.03765869140625 0.153488159179688 -0.44024658203125 0.0145568847656249
0.14764404296875 0.138198852539062 -0.356658935546875 0.13836669921875
0.278472900390625 0.0540924072265625 -0.280105590820313 0.18994140625
0.271530151367187 -0.04266357421875 -0.24932861328125 0.182083129882813
0.258132934570313 -0.0357513427734375 -0.219161987304688 0.107345581054687
0.304473876953125 0.006072998046875 -0.17596435546875 0.022857666015625
0.274520874023438 0.122238159179688 -0.0908966064453125 -0.0326080322265625
0.15765380859375 0.229537963867188 0.0379600524902344 -0.00400543212890624
0.041351318359375 0.255081176757813 0.153671264648438 0.138442993164063
-0.07220458984375 0.14776611328125 0.0788574218749999 0.417083740234375
0.028778076171875 0.120925903320313 -0.0694580078125 0.56500244140625
0.172775268554688 0.225616455078125 -0.06048583984375 0.33880615234375
0.228836059570313 -0.00970458984375 -0.008331298828125 0.287872314453125
0.0726318359375 -0.114959716796875 -0.04974365234375 -0.0965194702148438
-0.081329345703125 -0.03448486328125 -0.303070068359375 -0.1383056640625
-0.0518951416015625 0.0904159545898438 -0.406219482421875 0.0358276367187501
0.0490188598632813 0.100669860839844 -0.362518310546875 0.131927490234375
0.153701782226562 0.0541534423828125 -0.339599609375 0.203460693359375
0.147872924804688 -0.0115814208984375 -0.325042724609375 0.218658447265625
0.142547607421875 -0.0219268798828125 -0.294647216796875 0.147674560546875
0.182113647460938 0.0150299072265625 -0.255935668945313 0.0426177978515625
0.148300170898438 0.094146728515625 -0.16961669921875 -0.048004150390625
0.0468902587890625 0.148391723632812 -0.00241661071777344 -0.0293312072753906
-0.0471878051757813 0.121963500976562 0.128265380859375 0.134910583496094
-0.0675086975097656 -0.0199623107910156 0.0316162109375 0.463226318359375
0.0838699340820313 -0.0441818237304688 -0.1475830078125 0.6165771484375
0.21875 0.074127197265625 -0.075775146484375 0.40472412109375
-0.187881469726562 0.142623901367188 0.0107421875 -0.4052734375
-0.117691040039063 0.21124267578125 0.1241455078125 -0.64703369140625
0.0289154052734375 0.179824829101563 -0.15997314453125 -0.433807373046875
0.092010498046875 0.056365966796875 -0.148971557617187 -0.0886383056640625
0.0482063293457031 -0.0180168151855469 0.0266036987304687 0.0938873291015625
-0.00787544250488281 -0.0311012268066406 0.221832275390625 0.0629730224609375
-0.0111255645751953 -0.00983715057373047 0.322113037109375 -0.085357666015625
0.00355648994445801 0.00385713577270508 0.32586669921875 -0.205963134765625
-0.00789451599121094 -0.0177841186523438 0.326019287109375 -0.25567626953125
0.0033721923828125 -0.0447731018066406 0.351806640625 -0.21466064453125
0.0407028198242188 -0.0579910278320313 0.33984375 -0.171905517578125
0.115875244140625 -0.0407485961914063 0.334747314453125 -0.070343017578125
0.132156372070313 0.0993270874023437 0.280441284179688 0.094970703125
0.0135345458984375 0.19403076171875 0.0598640441894531 0.00899887084960939
-0.0751953125 0.149124145507813 0.07177734375 -0.36859130859375
-0.1385498046875 0.31121826171875 -0.020263671875 -0.33966064453125
-0.093597412109375 0.338165283203125 0.13775634765625 -0.61724853515625
0.025421142578125 0.304229736328125 -0.181671142578125 -0.47503662109375
0.13568115234375 0.201919555664063 -0.202606201171875 -0.102447509765625
0.149093627929688 0.0869598388671875 -0.00920867919921875 0.102783203125
0.148208618164063 0.00537109375 0.2164306640625 0.0691986083984375
0.136009216308594 -0.040740966796875 0.30718994140625 -0.078704833984375
0.13677978515625 -0.027801513671875 0.30133056640625 -0.196075439453125
0.138664245605469 -0.0497665405273438 0.30816650390625 -0.2401123046875
0.1488037109375 -0.0436248779296875 0.347015380859375 -0.1966552734375
0.155899047851563 -0.0091400146484375 0.332427978515625 -0.144622802734375
0.197479248046875 0.0331878662109375 0.32403564453125 -0.0499267578125
0.1763916015625 0.171844482421875 0.263763427734375 0.091644287109375
0.074920654296875 0.288848876953125 0.0821151733398438 0.0332412719726563
-0.00390624999999997 0.29638671875 0.06341552734375 -0.30963134765625
-0.038909912109375 0.438995361328125 -0.050933837890625 -0.228408813476562
-0.00570678710937502 0.41717529296875 0.121368408203125 -0.550445556640625
0.067291259765625 0.368377685546875 -0.23016357421875 -0.492218017578125
0.185089111328125 0.295928955078125 -0.280532836914063 -0.11181640625
0.240310668945313 0.16265869140625 -0.0790634155273438 0.104522705078125
0.286529541015625 0.030303955078125 0.158309936523438 0.07867431640625
0.262466430664062 -0.0701751708984375 0.241439819335938 -0.0495147705078125
0.25 -0.0561676025390625 0.236251831054688 -0.154052734375
0.265701293945313 -0.0729217529296875 0.253219604492188 -0.195022583007813
0.279632568359375 -0.0289764404296875 0.30816650390625 -0.157745361328125
0.259613037109375 0.05584716796875 0.3074951171875 -0.108001708984375
0.2642822265625 0.123184204101563 0.3157958984375 -0.017059326171875
0.188705444335938 0.250701904296875 0.254547119140625 0.121139526367188
0.10406494140625 0.359283447265625 0.105781555175781 0.0993118286132813
0.05853271484375 0.39703369140625 0.0601959228515625 -0.205825805664062
0.08612060546875 0.494232177734375 -0.06402587890625 -0.092254638671875
0.11529541015625 0.42010498046875 0.08489990234375 -0.455810546875
0.12677001953125 0.35052490234375 -0.2886962890625 -0.46295166015625
0.222259521484375 0.31329345703125 -0.3636474609375 -0.09771728515625
0.296478271484375 0.1912841796875 -0.167892456054688 0.111923217773438
0.379547119140625 0.036529541015625 0.05877685546875 0.100120544433594
0.34771728515625 -0.091217041015625 0.135726928710938 8.39233398437444E-05
0.325714111328125 -0.07305908203125 0.13922119140625 -0.0906906127929688
0.356292724609375 -0.0794677734375 0.166336059570313 -0.131103515625
0.371826171875 0.002349853515625 0.233535766601563 -0.108184814453125
0.326416015625 0.130828857421875 0.258926391601563 -0.0638427734375
0.29473876953125 0.219207763671875 0.29620361328125 0.026153564453125
0.158447265625 0.317840576171875 0.244140625 0.181594848632813
0.09454345703125 0.39276123046875 0.119903564453125 0.206268310546875
0.09735107421875 0.43939208984375 0.0499687194824219 -0.0666313171386718
0.196380615234375 0.45770263671875 -0.05426025390625 0.04815673828125
0.206634521484375 0.338104248046875 0.042572021484375 -0.35076904296875
0.148590087890625 0.26385498046875 -0.33880615234375 -0.383636474609375
0.2108154296875 0.27313232421875 -0.427032470703125 -0.050079345703125
0.298797607421875 0.181396484375 -0.250747680664063 0.132247924804687
0.407012939453125 0.032501220703125 -0.0583343505859375 0.134834289550781
0.376495361328125 -0.09881591796875 0.00816345214843752 0.0656089782714844
0.352783203125 -0.080413818359375 0.0202732086181641 -0.0172233581542969
0.395660400390625 -0.06988525390625 0.0540847778320313 -0.0642623901367188
0.40594482421875 0.04632568359375 0.129867553710938 -0.0617828369140625
0.335296630859375 0.19775390625 0.18585205078125 -0.0240631103515625
0.26593017578125 0.29315185546875 0.261062622070313 0.073150634765625
0.088592529296875 0.338592529296875 0.217819213867188 0.261734008789063
0.061614990234375 0.36517333984375 0.10443115234375 0.338531494140625
0.12493896484375 0.418121337890625 0.0264434814453125 0.0860671997070313
0.259124755859375 0.336822509765625 -0.03167724609375 0.166244506835938
0.222015380859375 0.190155029296875 0.001190185546875 -0.242568969726563
0.103042602539063 0.151351928710938 -0.35858154296875 -0.277496337890625
0.144561767578125 0.211883544921875 -0.445068359375 0.0091552734375001
0.24652099609375 0.155975341796875 -0.308624267578125 0.155853271484375
0.371246337890625 0.027557373046875 -0.16912841796875 0.173583984375
0.347259521484375 -0.091033935546875 -0.120101928710938 0.134262084960937
0.326263427734375 -0.07501220703125 -0.101181030273438 0.0568695068359375
0.376800537109375 -0.049163818359375 -0.0657081604003906 -0.00490188598632812
0.37457275390625 0.082427978515625 0.0113105773925781 -0.0316905975341797
0.278564453125 0.231887817382813 0.103355407714844 -0.00495147705078124
0.177459716796875 0.308624267578125 0.208328247070312 0.106109619140625
0.000701904296874999 0.281402587890625 0.167877197265625 0.339263916015625
0.031158447265625 0.267898559570313 0.052337646484375 0.466033935546875
0.15252685546875 0.336669921875 -0.00752258300781247 0.227066040039063
0.2659912109375 0.163131713867187 -0.00631713867187497 0.250686645507813
0.16021728515625 0.02618408203125 -0.033294677734375 -0.1497802734375
0.0122756958007813 0.0517959594726562 -0.3443603515625 -0.176483154296875
0.050384521484375 0.1533203125 -0.42913818359375 0.054901123046875
0.1602783203125 0.128372192382813 -0.335052490234375 0.166595458984375
0.28338623046875 0.031005859375 -0.257553100585938 0.207656860351562
0.265548706054688 -0.066619873046875 -0.228012084960937 0.196578979492188
0.250991821289063 -0.0599212646484375 -0.205841064453125 0.122650146484375
0.302642822265625 -0.025115966796875 -0.174896240234375 0.0384674072265625
0.284515380859375 0.095703125 -0.0983963012695313 -0.0242080688476562
0.176727294921875 0.21563720703125 0.0311679840087891 -0.011697769165039
0.0625 0.249114990234375 0.158477783203125 0.117141723632813
-0.063323974609375 0.153106689453125 0.110321044921875 0.40362548828125
0.0338134765625 0.117164611816406 -0.02410888671875 0.5662841796875
0.187759399414063 0.208419799804687 -0.0367431640625 0.33880615234375
0.224761962890625 -0.0300140380859375 0.0135498046875 0.28973388671875
0.05718994140625 -0.119094848632813 -0.0577392578125 -0.086090087890625
-0.0860366821289063 -0.0242156982421875 -0.3096923828125 -0.10626220703125
-0.043243408203125 0.0969161987304688 -0.395751953125 0.0714416503906251
0.05902099609375 0.0987701416015625 -0.3433837890625 0.160430908203125
0.160736083984375 0.04071044921875 -0.317230224609375 0.226776123046875
0.146072387695313 -0.02532958984375 -0.301727294921875 0.2406005859375
0.138916015625 -0.0360641479492188 -0.276779174804688 0.170745849609375
0.183639526367188 -0.004852294921875 -0.252639770507812 0.0665435791015625
0.15753173828125 0.07977294921875 -0.177871704101563 -0.0320587158203125
0.0598907470703125 0.144851684570313 -0.0106945037841797 -0.0335025787353516
-0.0361175537109375 0.125473022460938 0.13360595703125 0.116043090820313
-0.0707550048828125 -0.0140533447265625 0.06787109375 0.454742431640625
0.0768508911132813 -0.0514144897460938 -0.0972900390625 0.6243896484375
0.22247314453125 0.0531158447265625 -0.04620361328125 0.4071044921875
-0.175704956054687 0.14849853515625 -0.00598144531250003 -0.39251708984375
-0.103866577148437 0.215072631835938 0.0875244140625 -0.6351318359375
0.037872314453125 0.17401123046875 -0.17584228515625 -0.41217041015625
0.091400146484375 0.0487213134765625 -0.1416015625 -0.0766143798828125
0.0445938110351562 -0.0212173461914063 0.0395050048828125 0.0895843505859375
-0.0118446350097656 -0.0292434692382813 0.226806640625 0.047088623046875
-0.0115337371826172 -0.00726699829101563 0.311614990234375 -0.104461669921875
0.00306034088134766 0.00434494018554688 0.30267333984375 -0.219940185546875
-0.0108976364135742 -0.0167703628540039 0.30084228515625 -0.265350341796875
-0.00120925903320312 -0.0430984497070312 0.329498291015625 -0.225372314453125
0.0360260009765625 -0.0586433410644531 0.31805419921875 -0.18475341796875
0.108955383300781 -0.0476608276367188 0.318389892578125 -0.088592529296875
0.134971618652344 0.0888900756835938 0.278228759765625 0.0707550048828125
0.0239410400390625 0.189239501953125 0.0583839416503906 0.00231170654296876
-0.0683441162109375 0.14874267578125 0.051727294921875 -0.36505126953125
-0.11956787109375 0.30999755859375 -0.03253173828125 -0.327362060546875
-0.074951171875 0.3372802734375 0.10382080078125 -0.6070556640625
0.040069580078125 0.29681396484375 -0.20220947265625 -0.45074462890625
0.142715454101563 0.190322875976563 -0.195205688476563 -0.085479736328125
0.149337768554688 0.0760345458984375 0.00487518310546875 0.0999755859375
0.141220092773438 -0.0023040771484375 0.221084594726563 0.0521697998046875
0.128341674804688 -0.0462417602539063 0.2969970703125 -0.09832763671875
0.131256103515625 -0.035369873046875 0.279830932617188 -0.210739135742187
0.130584716796875 -0.0575942993164063 0.2845458984375 -0.249542236328125
0.141830444335938 -0.049896240234375 0.325958251953125 -0.2083740234375
0.151199340820313 -0.016021728515625 0.31317138671875 -0.15936279296875
0.193267822265625 0.0206451416015625 0.3082275390625 -0.068878173828125
0.17938232421875 0.158279418945312 0.259994506835938 0.06976318359375
0.0872039794921875 0.2796630859375 0.0820388793945313 0.0248260498046875
0.00982666015625 0.290130615234375 0.046722412109375 -0.30706787109375
-0.01617431640625 0.42987060546875 -0.05743408203125 -0.217910766601562
0.0146484375 0.407470703125 0.0904235839843751 -0.541595458984375
0.081817626953125 0.357452392578125 -0.248870849609375 -0.465240478515625
0.195892333984375 0.279037475585938 -0.271881103515625 -0.0912170410156249
0.24200439453125 0.145339965820313 -0.0634613037109375 0.105239868164063
0.278518676757812 0.0136260986328125 0.1646728515625 0.06396484375
0.250259399414063 -0.080841064453125 0.236099243164063 -0.06781005859375
0.239151000976563 -0.0685272216796875 0.22027587890625 -0.1666259765625
0.253097534179688 -0.0880279541015625 0.233001708984375 -0.203155517578125
0.270950317382813 -0.04437255859375 0.2886962890625 -0.170562744140625
0.256103515625 0.0416259765625 0.290008544921875 -0.12310791015625
0.264083862304688 0.105484008789063 0.3026123046875 -0.036529541015625
0.194717407226562 0.235336303710938 0.252044677734375 0.100631713867188
0.11688232421875 0.348602294921875 0.108230590820313 0.0888900756835938
0.07427978515625 0.3843994140625 0.04840087890625 -0.206390380859375
0.108123779296875 0.47833251953125 -0.0640106201171875 -0.0837554931640625
0.131500244140625 0.4063720703125 0.06103515625 -0.44732666015625
0.1368408203125 0.339324951171875 -0.3046875 -0.43035888671875
0.233001708984375 0.297454833984375 -0.35186767578125 -0.0711669921875
0.300262451171875 0.1724853515625 -0.149826049804687 0.116439819335938
0.370574951171875 0.0147705078125 0.0684585571289063 0.0894012451171875
0.332794189453125 -0.1064453125 0.136451721191406 -0.013336181640625
0.3116455078125 -0.0906982421875 0.1302490234375 -0.0998153686523438
0.341064453125 -0.09881591796875 0.152099609375 -0.136932373046875
0.36322021484375 -0.01885986328125 0.218582153320313 -0.11859130859375
0.326934814453125 0.110595703125 0.244476318359375 -0.0777130126953125
0.2998046875 0.19720458984375 0.286041259765625 0.00680541992187501
0.168212890625 0.303741455078125 0.24383544921875 0.161331176757813
0.10845947265625 0.381683349609375 0.126327514648438 0.192047119140625
0.11669921875 0.423736572265625 0.0451202392578125 -0.0689239501953125
0.213714599609375 0.43597412109375 -0.0495872497558593 0.0509834289550782
0.21514892578125 0.31903076171875 0.0233154296875 -0.341552734375
0.153350830078125 0.253173828125 -0.348968505859375 -0.351287841796875
0.220855712890625 0.259063720703125 -0.40985107421875 -0.0229492187500001
0.30224609375 0.16375732421875 -0.230194091796875 0.141357421875
0.399566650390625 0.00860595703125 -0.04498291015625 0.129478454589844
0.360076904296875 -0.117431640625 0.0148849487304688 0.0561294555664062
0.336822509765625 -0.0994873046875 0.0196399688720703 -0.0214271545410156
0.379425048828125 -0.093048095703125 0.0469207763671875 -0.06524658203125
0.39886474609375 0.020599365234375 0.1190185546875 -0.0672454833984375
0.337921142578125 0.17633056640625 0.175506591796875 -0.0358428955078125
0.275909423828125 0.271560668945313 0.25244140625 0.05267333984375
0.099334716796875 0.327423095703125 0.221817016601563 0.240829467773438
0.074676513671875 0.355072021484375 0.118316650390625 0.32208251953125
0.1417236328125 0.40185546875 0.028839111328125 0.0814208984375
0.2698974609375 0.314971923828125 -0.0219573974609375 0.166793823242188
0.222503662109375 0.1748046875 -0.0106964111328125 -0.233993530273438
0.1041259765625 0.145919799804688 -0.362060546875 -0.24761962890625
0.153472900390625 0.203811645507813 -0.426788330078125 0.0357666015624999
0.25115966796875 0.143524169921875 -0.285491943359375 0.167205810546875
0.365875244140625 0.0067138671875 -0.150955200195312 0.17401123046875
0.33294677734375 -0.10992431640625 -0.106666564941406 0.131790161132813
0.31219482421875 -0.094390869140625 -0.0939712524414062 0.0573959350585938
0.363677978515625 -0.0732421875 -0.0667304992675781 -0.00111007690429687
0.371490478515625 0.057586669921875 0.00519561767578128 -0.0312175750732422
0.285064697265625 0.21435546875 0.0945663452148438 -0.0138168334960937
0.189849853515625 0.292266845703125 0.203033447265625 0.0870208740234375
0.01129150390625 0.276687622070312 0.17864990234375 0.319793701171875
0.039794921875 0.261581420898438 0.074371337890625 0.450958251953125
0.1640625 0.319488525390625 0.00228881835937501 0.220962524414063
0.267105102539063 0.14434814453125 0.00645446777343751 0.247604370117188
0.153335571289063 0.0187225341796875 -0.0394210815429688 -0.139938354492188
0.0105934143066406 0.05377197265625 -0.34234619140625 -0.1488037109375
0.058258056640625 0.151229858398438 -0.40966796875 0.079803466796875
0.165283203125 0.120773315429688 -0.31280517578125 0.177978515625
0.28106689453125 0.01434326171875 -0.236587524414062 0.213043212890625
0.255203247070313 -0.080169677734375 -0.208831787109375 0.200164794921875
0.240081787109375 -0.0753021240234375 -0.191848754882812 0.12847900390625
0.292999267578125 -0.045928955078125 -0.170501708984375 0.049041748046875
0.285614013671875 0.076019287109375 -0.101295471191406 -0.0164031982421875
0.185348510742188 0.201858520507813 0.0233230590820313 -0.0159282684326172
0.0753631591796875 0.24005126953125 0.154708862304687 0.100387573242188
-0.0569305419921875 0.153640747070313 0.1273193359375 0.384521484375
0.034912109375 0.113800048828125 0.005462646484375 0.552459716796875
0.192977905273438 0.191726684570313 -0.021728515625 0.331634521484375
0.216552734375 -0.0424957275390625 0.026214599609375 0.285430908203125
0.0457229614257812 -0.1170654296875 -0.0607681274414063 -0.0753936767578125
-0.086517333984375 -0.0153121948242188 -0.30450439453125 -0.0823974609374999
-0.0366134643554687 0.100372314453125 -0.37432861328125 0.09393310546875
0.0656967163085938 0.0958480834960938 -0.321502685546875 0.173126220703125
0.163070678710938 0.0293426513671875 -0.293975830078125 0.235626220703125
0.1416015625 -0.033905029296875 -0.279388427734375 0.248550415039063
0.13201904296875 -0.0453948974609375 -0.2589111328125 0.18011474609375
0.179153442382813 -0.01947021484375 -0.244125366210938 0.0814666748046875
0.161087036132813 0.0675506591796875 -0.17987060546875 -0.018341064453125
0.0675125122070313 0.140365600585938 -0.019561767578125 -0.0351676940917969
-0.0281448364257812 0.125343322753906 0.130355834960938 0.100044250488281
-0.0726242065429687 -0.00941467285156249 0.089324951171875 0.437408447265625
0.0692138671875 -0.0551223754882813 -0.06195068359375 0.6151123046875
0.21929931640625 0.0378265380859375 -0.028961181640625 0.39642333984375
-0.170074462890625 0.149063110351563 -0.010101318359375 -0.3836669921875
-0.0959625244140625 0.216964721679688 0.0750732421875001 -0.624267578125
0.0431671142578125 0.170700073242188 -0.17950439453125 -0.39605712890625
0.0910415649414063 0.0454483032226563 -0.13458251953125 -0.0718917846679688
0.04168701171875 -0.022735595703125 0.04815673828125 0.0851821899414063
-0.0150318145751953 -0.0274982452392578 0.231536865234375 0.038299560546875
-0.0122718811035156 -0.00478744506835938 0.30596923828125 -0.114959716796875
0.00220870971679688 0.00533819198608398 0.288238525390625 -0.225616455078125
-0.0132999420166016 -0.0154075622558594 0.2867431640625 -0.267578125
-0.00324630737304688 -0.0413703918457031 0.31591796875 -0.229034423828125
0.0330085754394531 -0.0588531494140625 0.305938720703125 -0.188751220703125
0.104896545410156 -0.0509414672851563 0.30712890625 -0.096435546875
0.136299133300781 0.0832138061523438 0.274993896484375 0.0580291748046875
0.0298614501953125 0.187362670898438 0.0571632385253906 -0.00155639648437499
-0.0657501220703125 0.149002075195312 0.041900634765625 -0.36376953125
-0.111785888671875 0.30670166015625 -0.035888671875 -0.31707763671875
-0.06549072265625 0.3360595703125 0.09088134765625 -0.5989990234375
0.045440673828125 0.29254150390625 -0.20745849609375 -0.436279296875
0.145416259765625 0.184677124023438 -0.187515258789062 -0.0800323486328125
0.148193359375 0.070098876953125 0.0150604248046875 0.0972442626953125
0.137619018554688 -0.00531005859375 0.225677490234375 0.041748046875
0.123992919921875 -0.0472030639648438 0.2930908203125 -0.11004638671875
0.126968383789063 -0.0367431640625 0.268951416015625 -0.215179443359375
0.124557495117188 -0.0601272583007813 0.270584106445312 -0.251434326171875
0.137359619140625 -0.0533523559570313 0.312896728515625 -0.212249755859375
0.149795532226563 -0.0185394287109375 0.29998779296875 -0.163787841796875
0.18914794921875 0.0157318115234375 0.29827880859375 -0.0771484375
0.180435180664063 0.152801513671875 0.255905151367188 0.058135986328125
0.091644287109375 0.278152465820313 0.0805282592773438 0.0193328857421875
0.01422119140625 0.28607177734375 0.03973388671875 -0.305755615234375
-0.00793457031249996 0.423583984375 -0.058197021484375 -0.210464477539063
0.02130126953125 0.404510498046875 0.08001708984375 -0.533935546875
0.08575439453125 0.352996826171875 -0.25421142578125 -0.448486328125
0.200653076171875 0.2718505859375 -0.26177978515625 -0.0826110839843749
0.241744995117187 0.137908935546875 -0.0529632568359375 0.104454040527344
0.274368286132813 0.0059356689453125 0.170425415039063 0.054351806640625
0.243118286132813 -0.08587646484375 0.233612060546875 -0.078887939453125
0.23284912109375 -0.0742034912109375 0.21075439453125 -0.171829223632813
0.245437622070313 -0.094818115234375 0.22247314453125 -0.204574584960937
0.264984130859375 -0.050811767578125 0.276229858398438 -0.175262451171875
0.254318237304688 0.035430908203125 0.277740478515625 -0.128524780273438
0.262420654296875 0.0977783203125 0.292816162109375 -0.045074462890625
0.194900512695312 0.230209350585937 0.247772216796875 0.090789794921875
0.12200927734375 0.344573974609375 0.108375549316406 0.0817184448242188
0.0799560546875 0.37750244140625 0.043701171875 -0.206619262695312
0.114654541015625 0.468231201171875 -0.0617599487304687 -0.079742431640625
0.137451171875 0.399200439453125 0.053070068359375 -0.441741943359375
0.138031005859375 0.334869384765625 -0.307769775390625 -0.41619873046875
0.237823486328125 0.289886474609375 -0.340606689453125 -0.061767578125
0.299560546875 0.164459228515625 -0.137527465820312 0.118255615234375
0.36590576171875 0.005035400390625 0.0753402709960938 0.0820159912109375
0.324554443359375 -0.112396240234375 0.135902404785156 -0.0234298706054688
0.3035888671875 -0.09869384765625 0.124267578125 -0.10430908203125
0.331207275390625 -0.109161376953125 0.144378662109375 -0.137237548828125
0.35748291015625 -0.028900146484375 0.208831787109375 -0.122268676757812
0.325958251953125 0.10247802734375 0.233489990234375 -0.083282470703125
0.2999267578125 0.188934326171875 0.277267456054687 -0.00270080566406249
0.169921875 0.29766845703125 0.240753173828125 0.151443481445313
0.11456298828125 0.3778076171875 0.127944946289063 0.184661865234375
0.12115478515625 0.41748046875 0.0421905517578125 -0.0714187622070312
0.219696044921875 0.424774169921875 -0.0453224182128906 0.0532646179199219
0.2178955078125 0.31268310546875 0.01812744140625 -0.33648681640625
0.153121948242188 0.251052856445313 -0.350128173828125 -0.336181640625
0.224761962890625 0.254623413085938 -0.3973388671875 -0.011505126953125
0.30389404296875 0.1568603515625 -0.217437744140625 0.143692016601562
0.39605712890625 -0.001251220703125 -0.036102294921875 0.124755859375
0.352081298828125 -0.125885009765625 0.0178642272949219 0.0493927001953125
0.327728271484375 -0.108367919921875 0.0188522338867188 -0.0254745483398438
0.369598388671875 -0.1051025390625 0.0426864624023438 -0.0643730163574219
0.394744873046875 0.007049560546875 0.111686706542969 -0.0690231323242188
0.33917236328125 0.16802978515625 0.166351318359375 -0.0406494140625
0.277313232421875 0.260269165039063 0.243759155273438 0.04290771484375
0.1011962890625 0.32366943359375 0.220443725585938 0.229232788085938
0.077056884765625 0.353973388671875 0.123504638671875 0.3140869140625
0.14630126953125 0.393798828125 0.028472900390625 0.0780715942382813
0.27093505859375 0.30517578125 -0.017181396484375 0.166656494140625
0.220245361328125 0.169296264648438 -0.0140228271484375 -0.2283935546875
0.10260009765625 0.14630126953125 -0.359710693359375 -0.230804443359375
0.156906127929688 0.201141357421875 -0.411041259765625 0.0479431152343751
0.253372192382813 0.138427734375 -0.271865844726563 0.169189453125
0.365203857421875 -0.0025634765625 -0.141220092773437 0.171112060546875
0.325714111328125 -0.115203857421875 -0.100196838378906 0.126441955566406
0.30364990234375 -0.102447509765625 -0.0904159545898438 0.0562820434570312
0.35516357421875 -0.0849609375 -0.0663719177246093 0.00294113159179686
0.369232177734375 0.044647216796875 0.000467300415039084 -0.0297298431396484
0.28851318359375 0.20477294921875 0.0868606567382813 -0.0173797607421875
0.194580078125 0.2835693359375 0.195755004882813 0.0772552490234375
0.0131378173828125 0.274642944335938 0.180328369140625 0.309417724609375
0.040802001953125 0.260391235351563 0.08331298828125 0.44244384765625
0.167816162109375 0.3109130859375 0.00379943847656252 0.21624755859375
0.2664794921875 0.135833740234375 0.01116943359375 0.246200561523438
0.148300170898438 0.0163116455078125 -0.0410614013671875 -0.133819580078125
0.00988388061523438 0.0576133728027344 -0.3363037109375 -0.135589599609375
0.062255859375 0.151443481445313 -0.3934326171875 0.08935546875
0.16943359375 0.11871337890625 -0.29827880859375 0.18280029296875
0.28179931640625 0.0057373046875 -0.22454833984375 0.211578369140625
0.249710083007813 -0.0861358642578125 -0.20037841796875 0.198333740234375
0.233047485351563 -0.0823822021484375 -0.18475341796875 0.129180908203125
0.28668212890625 -0.0567626953125 -0.166915893554687 0.0544586181640625
0.286468505859375 0.065185546875 -0.104484558105469 -0.01190185546875
0.190048217773437 0.196533203125 0.015716552734375 -0.0184669494628906
0.0800933837890625 0.2347412109375 0.148788452148438 0.090484619140625
-0.055389404296875 0.153961181640625 0.1324462890625 0.373748779296875
0.03350830078125 0.112564086914063 0.017974853515625 0.544403076171875
0.192977905273438 0.183792114257813 -0.017974853515625 0.3260498046875
0.212554931640625 -0.0482940673828125 0.030670166015625 0.284271240234375
0.0392608642578125 -0.115020751953125 -0.0604438781738281 -0.0681686401367188
-0.0862350463867187 -0.0102691650390625 -0.29840087890625 -0.0695495605468751
-0.0330429077148438 0.103485107421875 -0.3621826171875 0.102630615234375
0.0699005126953125 0.095062255859375 -0.308502197265625 0.176513671875
0.16534423828125 0.02325439453125 -0.281112670898437 0.236160278320313
0.139656066894531 -0.0384140014648438 -0.268539428710937 0.249465942382813
0.126991271972656 -0.0498428344726562 -0.250289916992188 0.182876586914062
0.1761474609375 -0.0271759033203125 -0.239181518554688 0.090301513671875
0.163803100585938 0.061309814453125 -0.181991577148438 -0.00918579101562498
0.0719146728515625 0.138938903808594 -0.0276031494140625 -0.0353622436523437
-0.0249862670898437 0.125030517578125 0.124374389648438 0.0908432006835938
-0.0741348266601563 -0.00669860839843751 0.098388671875 0.425048828125
0.0640449523925781 -0.0554313659667969 -0.04827880859375 0.60955810546875
0.216461181640625 0.03076171875 -0.022735595703125 0.39068603515625
-0.171554565429687 0.151962280273438 -0.01080322265625 -0.384613037109375
-0.0925750732421875 0.222991943359375 0.0724487304687499 -0.62921142578125
0.0474090576171875 0.172531127929688 -0.18365478515625 -0.395843505859375
0.09368896484375 0.043304443359375 -0.131637573242188 -0.0713348388671875
0.0405044555664063 -0.0247230529785156 0.056732177734375 0.0841064453125
-0.0175971984863281 -0.0260543823242188 0.2418212890625 0.030670166015625
-0.0130805969238281 -0.00316047668457031 0.3087158203125 -0.1260986328125
0.00249385833740234 0.007049560546875 0.2833251953125 -0.2325439453125
-0.0160608291625977 -0.0143022537231445 0.282989501953125 -0.271881103515625
-0.00616455078125 -0.0417098999023438 0.315093994140625 -0.233734130859375
0.0326461791992188 -0.0590972900390625 0.302276611328125 -0.193328857421875
0.103645324707031 -0.0533523559570313 0.305572509765625 -0.10260009765625
0.140327453613281 0.0813140869140625 0.276870727539063 0.0489501953125
0.0340576171875 0.191848754882813 0.0572128295898437 -0.00477600097656249
-0.0671539306640625 0.153549194335938 0.038482666015625 -0.370819091796875
-0.111724853515625 0.31085205078125 -0.03497314453125 -0.319427490234375
-0.062774658203125 0.343109130859375 0.0883178710937501 -0.604248046875
0.049713134765625 0.298248291015625 -0.212554931640625 -0.434722900390625
0.14990234375 0.184417724609375 -0.184295654296875 -0.0780792236328125
0.150375366210938 0.06927490234375 0.0238418579101563 0.096282958984375
0.137496948242188 -0.007354736328125 0.236251831054688 0.034393310546875
0.123146057128906 -0.0481185913085938 0.295745849609375 -0.120941162109375
0.126564025878906 -0.038787841796875 0.264541625976563 -0.22259521484375
0.1229248046875 -0.0628585815429688 0.267303466796875 -0.256072998046875
0.137542724609375 -0.05511474609375 0.310394287109375 -0.217376708984375
0.151687622070313 -0.019989013671875 0.2965087890625 -0.168792724609375
0.19140625 0.013702392578125 0.29638671875 -0.082794189453125
0.183380126953125 0.1534423828125 0.257247924804688 0.0518798828125
0.097259521484375 0.283111572265625 0.081329345703125 0.0153961181640625
0.014923095703125 0.2923583984375 0.036529541015625 -0.3143310546875
-0.00396728515624998 0.426055908203125 -0.0565185546875 -0.210784912109375
0.02667236328125 0.411895751953125 0.07861328125 -0.53985595703125
0.089263916015625 0.359588623046875 -0.261260986328125 -0.44927978515625
0.208358764648437 0.273330688476562 -0.259780883789063 -0.0805053710937499
0.247329711914063 0.136627197265625 -0.0448074340820312 0.103691101074219
0.277114868164063 0.0030670166015625 0.179443359375 0.0469818115234375
0.242889404296875 -0.0886688232421875 0.236724853515625 -0.090423583984375
0.233535766601562 -0.0785980224609375 0.208419799804688 -0.1788330078125
0.244491577148437 -0.100540161132812 0.219955444335938 -0.208480834960937
0.26666259765625 -0.056549072265625 0.273895263671875 -0.17974853515625
0.260711669921875 0.034332275390625 0.274948120117188 -0.133865356445313
0.26654052734375 0.0962066650390625 0.290374755859375 -0.05157470703125
0.19830322265625 0.232131958007812 0.24896240234375 0.08685302734375
0.12799072265625 0.3533935546875 0.109481811523438 0.0787582397460938
0.0833129882812499 0.384765625 0.0413360595703125 -0.212265014648437
0.120513916015625 0.47015380859375 -0.0604476928710937 -0.0790023803710937
0.14422607421875 0.40557861328125 0.05206298828125 -0.447052001953125
0.142059326171875 0.342193603515625 -0.315521240234375 -0.413970947265625
0.24603271484375 0.2930908203125 -0.338470458984375 -0.0565185546875
0.308685302734375 0.163238525390625 -0.131507873535156 0.119453430175781
0.3724365234375 0.000152587890625 0.0829391479492188 0.0766143798828125
0.326080322265625 -0.1180419921875 0.1390380859375 -0.0324859619140625
0.303955078125 -0.104400634765625 0.122184753417969 -0.110649108886719
0.331085205078125 -0.116729736328125 0.142791748046875 -0.13995361328125
0.361297607421875 -0.036590576171875 0.2060546875 -0.125228881835938
0.333221435546875 0.100250244140625 0.23052978515625 -0.0879669189453125
0.306549072265625 0.186798095703125 0.274703979492188 -0.00859069824218749
0.1715087890625 0.301971435546875 0.242416381835938 0.147613525390625
0.11834716796875 0.386962890625 0.130828857421875 0.1832275390625
0.125762939453125 0.420928955078125 0.04083251953125 -0.0746231079101562
0.22589111328125 0.426849365234375 -0.0432624816894531 0.0550575256347656
0.22113037109375 0.3155517578125 0.016937255859375 -0.340301513671875
0.155227661132813 0.256744384765625 -0.356109619140625 -0.33319091796875
0.232955932617188 0.259017944335937 -0.39581298828125 -0.00527954101562493
0.31292724609375 0.157470703125 -0.212600708007812 0.14697265625
0.40386962890625 -0.00714111328125 -0.0293045043945312 0.121910095214844
0.3541259765625 -0.13128662109375 0.020111083984375 0.0428123474121094
0.32916259765625 -0.115692138671875 0.0176792144775391 -0.0292434692382813
0.369873046875 -0.113922119140625 0.0415000915527344 -0.0640373229980469
0.3995361328125 0.000518798828125 0.108192443847656 -0.0700225830078125
0.348114013671875 0.166168212890625 0.162063598632813 -0.0446319580078125
0.285797119140625 0.26025390625 0.241195678710938 0.0365142822265625
0.10345458984375 0.32904052734375 0.222518920898438 0.22796630859375
0.08056640625 0.36163330078125 0.12750244140625 0.31396484375
0.151824951171875 0.3963623046875 0.027679443359375 0.077392578125
0.2783203125 0.304443359375 -0.0150299072265625 0.170425415039063
0.223037719726562 0.170684814453125 -0.0155792236328125 -0.229522705078125
0.103012084960938 0.151779174804688 -0.365814208984375 -0.227142333984375
0.163543701171875 0.20587158203125 -0.409454345703125 0.0559082031250001
0.262298583984375 0.140350341796875 -0.267440795898438 0.17401123046875
0.372344970703125 -0.009521484375 -0.135894775390625 0.171035766601563
0.3294677734375 -0.123748779296875 -0.0979690551757813 0.12469482421875
0.304290771484375 -0.110076904296875 -0.0916213989257812 0.0560760498046875
0.355560302734375 -0.093597412109375 -0.0678367614746093 0.00499725341796873
0.375640869140625 0.0372314453125 -0.00323677062988279 -0.0279502868652344
0.29779052734375 0.204803466796875 0.0812911987304688 -0.0192718505859375
0.201446533203125 0.284881591796875 0.192337036132813 0.0727691650390625
0.01318359375 0.281524658203125 0.184356689453125 0.309600830078125
0.04010009765625 0.266067504882813 0.087982177734375 0.44561767578125
0.17181396484375 0.312774658203125 0.00335693359375002 0.219223022460938
0.270584106445313 0.132980346679688 0.0140838623046875 0.252288818359375
0.148117065429688 0.016937255859375 -0.04071044921875 -0.131568908691406
0.00830459594726563 0.0618743896484375 -0.339447021484375 -0.12994384765625
0.06707763671875 0.157806396484375 -0.39031982421875 0.097625732421875
0.177413940429688 0.120559692382813 -0.2945556640625 0.18914794921875
0.2891845703125 0.000213623046875 -0.2208251953125 0.214401245117188
0.252685546875 -0.092254638671875 -0.198638916015625 0.200729370117187
0.232894897460937 -0.087371826171875 -0.184555053710938 0.131851196289063
0.288299560546875 -0.065582275390625 -0.168045043945312 0.0606536865234375
0.293487548828125 0.05902099609375 -0.109817504882812 -0.00656127929687498
0.197784423828125 0.19793701171875 0.00793457031250001 -0.0196514129638672
0.084808349609375 0.237884521484375 0.144760131835937 0.0866546630859375
-0.0580902099609375 0.159011840820313 0.137481689453125 0.37359619140625
0.0319671630859375 0.115768432617188 0.0226135253906251 0.549530029296875
0.197036743164063 0.182693481445313 -0.018524169921875 0.3299560546875
0.214599609375 -0.05291748046875 0.034637451171875 0.291229248046875
0.0363235473632813 -0.115180969238281 -0.0607757568359375 -0.063812255859375
-0.088775634765625 -0.00620269775390625 -0.298919677734375 -0.0636596679687499
-0.0307388305664063 0.108802795410156 -0.359130859375 0.110107421875
0.0754928588867187 0.0968170166015625 -0.305633544921875 0.1817626953125
0.171279907226563 0.018707275390625 -0.278793334960938 0.241744995117187
0.1417236328125 -0.042083740234375 -0.267349243164063 0.255172729492187
0.126861572265625 -0.05230712890625 -0.249343872070312 0.187973022460938
0.177261352539062 -0.0337066650390625 -0.240936279296875 0.0979766845703125
0.169921875 0.057586669921875 -0.1881103515625 -0.00259399414062497
0.07733154296875 0.142196655273438 -0.0364151000976562 -0.0360488891601562
-0.02325439453125 0.128219604492188 0.120170593261719 0.0859298706054688
-0.0770339965820313 -0.00439453125000002 0.103546142578125 0.4248046875
0.0621566772460938 -0.056396484375 -0.0419921875 0.61651611328125
0.218368530273437 0.0274810791015625 -0.024017333984375 0.3955078125
-0.176284790039063 0.160507202148438 -0.0157470703125 -0.395050048828125
-0.088043212890625 0.2359619140625 0.06256103515625 -0.65130615234375
0.05621337890625 0.178146362304688 -0.19720458984375 -0.401611328125
0.0984268188476563 0.041259765625 -0.132415771484375 -0.071136474609375
0.039520263671875 -0.0262222290039063 0.0680999755859375 0.082977294921875
-0.0209159851074219 -0.0248241424560547 0.257644653320313 0.0191650390625
-0.0149202346801758 -0.00127792358398438 0.316070556640625 -0.143035888671875
0.00188589096069336 0.00800085067749023 0.28369140625 -0.24810791015625
-0.0199546813964844 -0.0116729736328125 0.283966064453125 -0.285736083984375
-0.0101089477539062 -0.0415573120117188 0.31793212890625 -0.247039794921875
0.0329818725585938 -0.062591552734375 0.3055419921875 -0.204986572265625
0.103965759277344 -0.0588531494140625 0.309600830078125 -0.1141357421875
0.148178100585938 0.079681396484375 0.286590576171875 0.038421630859375
0.04254150390625 0.200302124023438 0.0571708679199219 -0.00836181640624999
-0.0671539306640625 0.163375854492188 0.029388427734375 -0.387725830078125
-0.109710693359375 0.3233642578125 -0.037628173828125 -0.327667236328125
-0.054840087890625 0.3599853515625 0.08123779296875 -0.6256103515625
0.060394287109375 0.310638427734375 -0.227447509765625 -0.442718505859375
0.16168212890625 0.186721801757813 -0.188201904296875 -0.0766448974609375
0.156494140625 0.0676422119140625 0.0331039428710938 0.0967788696289063
0.140373229980469 -0.0109024047851563 0.251449584960938 0.0214691162109375
0.124870300292969 -0.0511703491210938 0.3033447265625 -0.139678955078125
0.130340576171875 -0.0430755615234375 0.264068603515625 -0.237518310546875
0.123092651367188 -0.0664825439453125 0.269668579101563 -0.269744873046875
0.139213562011719 -0.0607147216796875 0.311798095703125 -0.23114013671875
0.158493041992188 -0.0251007080078125 0.299835205078125 -0.182159423828125
0.197357177734375 0.0089263916015625 0.300567626953125 -0.093536376953125
0.194793701171875 0.155471801757813 0.26470947265625 0.043212890625
0.109619140625 0.294281005859375 0.0833511352539063 0.010986328125
0.021942138671875 0.303863525390625 0.029510498046875 -0.328857421875
0.00360107421874997 0.440185546875 -0.0587921142578125 -0.21612548828125
0.038726806640625 0.428131103515625 0.072113037109375 -0.561126708984375
0.10150146484375 0.37322998046875 -0.281097412109375 -0.456207275390625
0.2244873046875 0.279129028320313 -0.2659912109375 -0.0761871337890625
0.260406494140625 0.135574340820313 -0.0371017456054687 0.107170104980469
0.2860107421875 -0.0052490234375 0.192855834960938 0.0370635986328125
0.248764038085937 -0.09796142578125 0.242523193359375 -0.106338500976563
0.2381591796875 -0.08697509765625 0.20849609375 -0.191757202148438
0.247406005859375 -0.110580444335937 0.221527099609375 -0.220169067382813
0.2745361328125 -0.0654754638671875 0.276168823242188 -0.191177368164063
0.272232055664063 0.0285797119140625 0.276931762695313 -0.14447021484375
0.278793334960938 0.0934295654296875 0.293670654296875 -0.06109619140625
0.210235595703125 0.23876953125 0.256607055664063 0.0803985595703125
0.141876220703125 0.367279052734375 0.113227844238281 0.0756072998046875
0.09368896484375 0.39837646484375 0.0361785888671875 -0.223724365234375
0.13482666015625 0.4840087890625 -0.0611648559570312 -0.079345703125
0.1591796875 0.418182373046875 0.04632568359375 -0.463958740234375
0.154022216796875 0.355010986328125 -0.33599853515625 -0.42034912109375
0.265045166015625 0.299468994140625 -0.34783935546875 -0.05108642578125
0.32537841796875 0.162445068359375 -0.127471923828125 0.125709533691406
0.385833740234375 -0.010284423828125 0.0946426391601563 0.0707244873046875
0.333099365234375 -0.13134765625 0.143753051757813 -0.044189453125
0.311981201171875 -0.117645263671875 0.122039794921875 -0.120201110839844
0.337493896484375 -0.13140869140625 0.143417358398438 -0.147354125976563
0.37322998046875 -0.04913330078125 0.20703125 -0.133346557617188
0.351715087890625 0.096343994140625 0.231674194335938 -0.0965728759765625
0.32257080078125 0.186431884765625 0.2781982421875 -0.016693115234375
0.18463134765625 0.314056396484375 0.25115966796875 0.145858764648438
0.131256103515625 0.402130126953125 0.1392822265625 0.183197021484375
0.139495849609375 0.43487548828125 0.03900146484375 -0.08050537109375
0.2430419921875 0.43585205078125 -0.0412635803222656 0.0584144592285156
0.238433837890625 0.32269287109375 0.0123291015625 -0.35089111328125
0.1651611328125 0.267410278320313 -0.378021240234375 -0.3355712890625
0.251388549804688 0.26544189453125 -0.403045654296875 0.004547119140625
0.331878662109375 0.15728759765625 -0.210769653320312 0.15625
0.42059326171875 -0.01953125 -0.0225601196289062 0.12103271484375
0.36431884765625 -0.146759033203125 0.0234947204589844 0.0373458862304687
0.336151123046875 -0.128997802734375 0.0162982940673828 -0.0329418182373047
0.377899169921875 -0.130279541015625 0.0417366027832032 -0.0661468505859375
0.41473388671875 -0.013824462890625 0.106971740722656 -0.073760986328125
0.36822509765625 0.16253662109375 0.160919189453125 -0.050079345703125
0.303466796875 0.262451171875 0.2442626953125 0.0310211181640625
0.112457275390625 0.343292236328125 0.233566284179688 0.229095458984375
0.090789794921875 0.377471923828125 0.138671875 0.32110595703125
0.1656494140625 0.409423828125 0.0290069580078125 0.077728271484375
0.295318603515625 0.307342529296875 -0.0102386474609375 0.17852783203125
0.234909057617188 0.172744750976562 -0.0191192626953125 -0.236007690429688
0.108413696289063 0.159835815429688 -0.3809814453125 -0.224029541015625
0.177642822265625 0.2138671875 -0.417510986328125 0.068695068359375
0.279373168945312 0.140304565429687 -0.267822265625 0.186126708984375
0.39007568359375 -0.02252197265625 -0.13134765625 0.1759033203125
0.336822509765625 -0.1383056640625 -0.0975418090820313 0.126991271972656
0.310089111328125 -0.12286376953125 -0.093048095703125 0.0575637817382813
0.363006591796875 -0.111328125 -0.0696868896484375 0.00823593139648435
0.39166259765625 0.02435302734375 -0.00790214538574216 -0.0254936218261719
0.31646728515625 0.205169677734375 0.0769577026367188 -0.0217971801757812
0.217376708984375 0.290557861328125 0.194320678710938 0.06805419921875
0.017791748046875 0.29486083984375 0.19561767578125 0.313568115234375
0.0462646484375 0.279159545898438 0.100860595703125 0.45758056640625
0.185089111328125 0.320953369140625 0.00657653808593751 0.225830078125
0.283233642578125 0.12896728515625 0.0211181640625 0.263885498046875
0.152511596679687 0.015045166015625 -0.0440216064453125 -0.132766723632813
0.00856399536132813 0.0687408447265625 -0.352447509765625 -0.1231689453125
0.0761260986328125 0.165985107421875 -0.396636962890625 0.11346435546875
0.191360473632813 0.122451782226563 -0.29656982421875 0.202301025390625
0.303741455078125 -0.010650634765625 -0.219451904296875 0.223480224609375
0.260589599609375 -0.104034423828125 -0.198760986328125 0.209945678710937
0.2373046875 -0.0976104736328125 -0.188278198242187 0.140335083007813
0.295684814453125 -0.078521728515625 -0.172225952148437 0.0692291259765625
0.307281494140625 0.0496826171875 -0.116981506347656 -0.000328063964843754
0.213531494140625 0.20123291015625 0.000699996948242202 -0.019317626953125
0.0952606201171875 0.245407104492187 0.144378662109375 0.0824127197265625
-0.0593414306640625 0.169326782226562 0.149200439453125 0.382293701171875
0.0337448120117188 0.122550964355469 0.0380859374999999 0.56878662109375
0.207901000976562 0.184432983398437 -0.013946533203125 0.342681884765625
0.221282958984375 -0.0618896484375 0.042449951171875 0.304290771484375
0.03289794921875 -0.119224548339844 -0.0626144409179688 -0.060546875
-0.0928497314453125 -0.00118255615234373 -0.307708740234375 -0.0558166503906251
-0.0272674560546875 0.117034912109375 -0.362579345703125 0.125823974609375
0.0845565795898438 0.100578308105469 -0.305816650390625 0.1964111328125
0.181243896484375 0.0103302001953125 -0.27947998046875 0.25537109375
0.147064208984375 -0.04949951171875 -0.26806640625 0.27166748046875
0.128547668457031 -0.0573196411132813 -0.252288818359375 0.2015380859375
0.181793212890625 -0.0428009033203125 -0.246429443359375 0.110824584960938
0.18133544921875 0.05267333984375 -0.198394775390625 0.00759887695312504
0.0870513916015625 0.147125244140625 -0.0468406677246094 -0.0353050231933594
-0.0205459594726562 0.135322570800781 0.118865966796875 0.0830764770507813
-0.082366943359375 -0.00102996826171874 0.118072509765625 0.436492919921875
0.06103515625 -0.0590133666992188 -0.028564453125 0.63934326171875
0.226943969726563 0.0219268798828125 -0.020416259765625 0.409637451171875
-0.177322387695312 0.176193237304688 -0.033294677734375 -0.407623291015625
-0.0758209228515625 0.252288818359375 0.03338623046875 -0.67987060546875
0.0708160400390625 0.181976318359375 -0.225067138671875 -0.4046630859375
0.10528564453125 0.0358352661132813 -0.138084411621094 -0.0668869018554687
0.0383224487304688 -0.0285453796386719 0.0822677612304688 0.080108642578125
-0.025177001953125 -0.0232200622558594 0.275772094726563 -0.0021514892578125
-0.0178699493408203 0.00190925598144531 0.318023681640625 -0.17108154296875
0.00202369689941406 0.0110349655151367 0.27789306640625 -0.271987915039063
-0.0229969024658203 -0.00731086730957032 0.278839111328125 -0.311614990234375
-0.0134544372558594 -0.0413131713867188 0.316131591796875 -0.271820068359375
0.0300865173339844 -0.0676345825195313 0.302764892578125 -0.231475830078125
0.103172302246094 -0.06634521484375 0.311920166015625 -0.13623046875
0.160446166992188 0.074371337890625 0.29669189453125 0.020416259765625
0.0587310791015625 0.208099365234375 0.0559196472167969 -0.0127296447753906
-0.0622100830078125 0.1771240234375 0.006561279296875 -0.4051513671875
-0.100860595703125 0.34234619140625 -0.052825927734375 -0.335418701171875
-0.035186767578125 0.378662109375 0.0546875 -0.656005859375
0.08056640625 0.3212890625 -0.26129150390625 -0.44781494140625
0.180816650390625 0.183563232421875 -0.193145751953125 -0.0699615478515625
0.1666259765625 0.0605621337890625 0.0474700927734375 0.0983200073242188
0.144866943359375 -0.0185394287109375 0.26788330078125 -0.000473022460937501
0.126190185546875 -0.0586090087890625 0.306427001953125 -0.167144775390625
0.133026123046875 -0.0512924194335938 0.25897216796875 -0.260452270507813
0.12353515625 -0.07470703125 0.264556884765625 -0.29296875
0.1402587890625 -0.0724029541015625 0.30963134765625 -0.25494384765625
0.164382934570313 -0.03533935546875 0.298797607421875 -0.2042236328125
0.20697021484375 -0.00115966796875 0.303253173828125 -0.113922119140625
0.210678100585938 0.152587890625 0.2742919921875 0.0274810791015625
0.13250732421875 0.30218505859375 0.0850830078125 0.00538635253906252
0.0406494140625 0.319091796875 0.01123046875 -0.3465576171875
0.0228271484375 0.45867919921875 -0.0701904296875 -0.222747802734375
0.064727783203125 0.445098876953125 0.0498046875 -0.58892822265625
0.125396728515625 0.387786865234375 -0.3153076171875 -0.45794677734375
0.25128173828125 0.2784423828125 -0.275421142578125 -0.0648651123046875
0.279052734375 0.126922607421875 -0.025909423828125 0.111068725585938
0.2972412109375 -0.0230712890625 0.208419799804688 0.0188751220703125
0.251739501953125 -0.115203857421875 0.24566650390625 -0.131561279296875
0.242462158203125 -0.104415893554688 0.203704833984375 -0.211822509765625
0.25048828125 -0.128158569335937 0.218307495117188 -0.239654541015625
0.280899047851563 -0.0845489501953125 0.274154663085937 -0.211807250976563
0.286865234375 0.014373779296875 0.277099609375 -0.164016723632813
0.29571533203125 0.083343505859375 0.298370361328125 -0.079559326171875
0.231643676757813 0.238845825195313 0.2677001953125 0.0682830810546875
0.16912841796875 0.3778076171875 0.118782043457031 0.0712814331054688
0.118743896484375 0.41204833984375 0.0237884521484375 -0.237152099609375
0.1630859375 0.49566650390625 -0.0639419555664062 -0.0790863037109375
0.188446044921875 0.42669677734375 0.026519775390625 -0.486846923828125
0.17852783203125 0.36444091796875 -0.3731689453125 -0.41534423828125
0.293975830078125 0.29931640625 -0.35791015625 -0.033905029296875
0.350372314453125 0.15167236328125 -0.120361328125 0.137504577636719
0.401336669921875 -0.034637451171875 0.10589599609375 0.0594024658203125
0.3387451171875 -0.1572265625 0.14605712890625 -0.0621490478515625
0.316070556640625 -0.140380859375 0.119819641113281 -0.133865356445312
0.34185791015625 -0.155487060546875 0.140625 -0.159896850585938
0.3856201171875 -0.074798583984375 0.205123901367188 -0.147872924804688
0.372467041015625 0.080230712890625 0.232437133789063 -0.11279296875
0.348388671875 0.1768798828125 0.284027099609375 -0.032470703125
0.208526611328125 0.320281982421875 0.266265869140625 0.137252807617188
0.159820556640625 0.41668701171875 0.15203857421875 0.181915283203125
0.168609619140625 0.44720458984375 0.0342254638671875 -0.0873184204101562
0.273193359375 0.439605712890625 -0.039276123046875 0.063690185546875
0.267822265625 0.322540283203125 -0.00320434570312494 -0.3685302734375
0.184371948242188 0.276351928710938 -0.4111328125 -0.32611083984375
0.27886962890625 0.265670776367188 -0.414154052734375 0.027191162109375
0.35736083984375 0.147003173828125 -0.204925537109375 0.172744750976563
0.439300537109375 -0.04681396484375 -0.0117416381835937 0.119964599609375
0.370391845703125 -0.173675537109375 0.0260753631591797 0.0311107635498047
0.341461181640625 -0.15460205078125 0.0144157409667969 -0.0388374328613281
0.382537841796875 -0.1573486328125 0.0399856567382813 -0.0709075927734375
0.432220458984375 -0.04083251953125 0.1048583984375 -0.0790863037109375
0.39764404296875 0.1485595703125 0.15753173828125 -0.059814453125
0.33282470703125 0.2584228515625 0.2496337890625 0.0183868408203125
0.13446044921875 0.356201171875 0.251129150390625 0.224868774414063
0.113616943359375 0.392791748046875 0.15924072265625 0.32403564453125
0.19342041015625 0.418121337890625 0.0316085815429688 0.078338623046875
0.3211669921875 0.30218505859375 -0.00070190429687497 0.187149047851563
0.254531860351563 0.167556762695313 -0.0302734375 -0.243911743164063
0.11956787109375 0.166152954101562 -0.407958984375 -0.210845947265625
0.200027465820313 0.216796875 -0.423614501953125 0.0953979492187501
0.303955078125 0.133056640625 -0.262039184570313 0.206619262695313
0.406890869140625 -0.048248291015625 -0.124130249023437 0.184799194335938
0.34454345703125 -0.163970947265625 -0.0943527221679687 0.133834838867188
0.31488037109375 -0.14630126953125 -0.0940322875976562 0.0624160766601562
0.370574951171875 -0.13739013671875 -0.0711593627929687 0.013031005859375
0.409027099609375 -0.00146484375 -0.0120601654052734 -0.0236339569091797
0.346160888671875 0.196258544921875 0.0720367431640625 -0.0252227783203125
0.244293212890625 0.29193115234375 0.19775390625 0.0590057373046875
0.032684326171875 0.3109130859375 0.216705322265625 0.3150634765625
0.06292724609375 0.291351318359375 0.1280517578125 0.47015380859375
0.209869384765625 0.323944091796875 0.01611328125 0.23431396484375
0.30133056640625 0.11663818359375 0.0362396240234375 0.274765014648438
0.158721923828125 0.0072021484375 -0.0505142211914063 -0.134391784667969
0.01153564453125 0.0751113891601563 -0.3709716796875 -0.105316162109375
0.0911102294921875 0.172897338867188 -0.398956298828125 0.14031982421875
0.210098266601563 0.118789672851563 -0.292083740234375 0.22528076171875
0.318084716796875 -0.033843994140625 -0.212844848632812 0.241073608398438
0.265823364257813 -0.126052856445313 -0.194412231445312 0.2279052734375
0.240478515625 -0.115829467773438 -0.187103271484375 0.154312133789063
0.301513671875 -0.102203369140625 -0.173477172851562 0.0833892822265625
0.324981689453125 0.030059814453125 -0.123588562011719 0.0113067626953125
0.238052368164063 0.198211669921875 -0.00723838806152342 -0.0172348022460937
0.113632202148438 0.250778198242188 0.1466064453125 0.0772247314453125
-0.054473876953125 0.183197021484375 0.17431640625 0.3868408203125
0.0402603149414062 0.12744140625 0.0704345703125001 0.5899658203125
0.225723266601562 0.179763793945312 -6.10351562499707E-05 0.3572998046875
0.22650146484375 -0.0798492431640625 0.060333251953125 0.3173828125
0.0259246826171875 -0.125823974609375 -0.066680908203125 -0.0551605224609375
-0.0976181030273438 0.00661468505859374 -0.319610595703125 -0.038818359375
-0.0193939208984375 0.127212524414063 -0.36407470703125 0.150787353515625
0.0968856811523438 0.101417541503906 -0.303558349609375 0.219757080078125
0.191787719726562 -0.0037078857421875 -0.273162841796875 0.278396606445312
0.151565551757813 -0.0615234375 -0.262542724609375 0.29583740234375
0.13043212890625 -0.0670394897460938 -0.25048828125 0.223953247070313
0.185760498046875 -0.05792236328125 -0.247970581054688 0.131744384765625
0.19384765625 0.0406646728515625 -0.208145141601563 0.024932861328125
0.102935791015625 0.150161743164063 -0.0581283569335938 -0.0309600830078125
-0.0139923095703125 0.1441650390625 0.119819641113281 0.0784912109375
-0.08795166015625 0.00450897216796874 0.146728515625 0.444732666015625
0.0592269897460937 -0.0635871887207031 0.00518798828124997 0.6658935546875
0.2369384765625 0.0086212158203125 -0.00115966796874999 0.426971435546875
-0.17315673828125 0.194839477539062 -0.058502197265625 -0.40814208984375
-0.057861328125 0.262985229492188 -0.0142211914062501 -0.691162109375
0.0875701904296875 0.181640625 -0.25506591796875 -0.392333984375
0.113571166992188 0.0263214111328125 -0.139450073242187 -0.058502197265625
0.0349330902099609 -0.0346260070800781 0.0952606201171875 0.0716629028320313
-0.0277557373046875 -0.0213470458984375 0.28216552734375 -0.034912109375
-0.0177574157714844 0.00680923461914063 0.30828857421875 -0.205413818359375
0.00386142730712891 0.0114898681640625 0.2587890625 -0.294769287109375
-0.0214881896972656 -0.0012359619140625 0.26031494140625 -0.335113525390625
-0.0176925659179687 -0.0393295288085937 0.298980712890625 -0.29986572265625
0.02227783203125 -0.0706558227539063 0.28759765625 -0.253753662109375
0.10015869140625 -0.0783538818359375 0.30450439453125 -0.16314697265625
0.170272827148438 0.062530517578125 0.30059814453125 -0.00738525390625
0.0796966552734375 0.211380004882813 0.0549049377441406 -0.0175247192382812
-0.05029296875 0.188308715820313 -0.027801513671875 -0.41351318359375
-0.080291748046875 0.3544921875 -0.07586669921875 -0.3375244140625
-0.007568359375 0.38958740234375 0.0128173828125 -0.67303466796875
0.10687255859375 0.32354736328125 -0.297393798828125 -0.429229736328125
0.19970703125 0.171371459960938 -0.200286865234375 -0.0579986572265625
0.173324584960938 0.04705810546875 0.0626907348632813 0.0920181274414063
0.143417358398438 -0.0312042236328125 0.274948120117188 -0.0300445556640625
0.120452880859375 -0.0664749145507812 0.2987060546875 -0.19927978515625
0.130599975585938 -0.0630340576171875 0.241363525390625 -0.287841796875
0.119186401367188 -0.0842514038085938 0.248626708984375 -0.316864013671875
0.137046813964844 -0.0802078247070313 0.297607421875 -0.279876708984375
0.164825439453125 -0.0464630126953125 0.285552978515625 -0.2296142578125
0.210418701171875 -0.0164947509765625 0.29595947265625 -0.140380859375
0.226409912109375 0.14007568359375 0.280487060546875 0.00303649902343751
0.162384033203125 0.303924560546875 0.0826568603515625 -0.000938415527343731
0.06488037109375 0.3231201171875 -0.01715087890625 -0.354034423828125
0.055084228515625 0.466461181640625 -0.082916259765625 -0.21966552734375
0.100189208984375 0.447174072265625 0.00921630859374996 -0.601806640625
0.1575927734375 0.389556884765625 -0.355255126953125 -0.43963623046875
0.280166625976563 0.263351440429688 -0.2803955078125 -0.0461730957031249
0.297332763671875 0.106170654296875 -0.0116043090820312 0.111396789550781
0.2984619140625 -0.04595947265625 0.215347290039063 -0.0063629150390625
0.246231079101563 -0.1351318359375 0.236602783203125 -0.158981323242187
0.238906860351563 -0.12445068359375 0.188858032226563 -0.2349853515625
0.242950439453125 -0.148971557617187 0.203857421875 -0.261886596679688
0.2781982421875 -0.110519409179688 0.261199951171875 -0.234329223632813
0.296905517578125 -0.00775146484375 0.262893676757813 -0.184646606445312
0.307830810546875 0.061492919921875 0.29351806640625 -0.103424072265625
0.253173828125 0.22760009765625 0.272720336914063 0.0470428466796875
0.201873779296875 0.373748779296875 0.123809814453125 0.0615005493164063
0.1510009765625 0.41204833984375 0.00468444824218751 -0.245437622070313
0.201904296875 0.49237060546875 -0.0699234008789062 -0.0768508911132812
0.22467041015625 0.417633056640625 -0.00747680664062496 -0.50042724609375
0.209808349609375 0.362945556640625 -0.41217041015625 -0.394622802734375
0.3255615234375 0.285369873046875 -0.362701416015625 -0.00708007812499997
0.3729248046875 0.12744140625 -0.106658935546875 0.147415161132813
0.4053955078125 -0.069305419921875 0.117698669433594 0.0435256958007812
0.331268310546875 -0.185394287109375 0.142440795898438 -0.0812835693359375
0.310699462890625 -0.169189453125 0.1070556640625 -0.148941040039063
0.333251953125 -0.18634033203125 0.1309814453125 -0.176406860351563
0.384246826171875 -0.108734130859375 0.197952270507813 -0.162506103515625
0.388763427734375 0.051177978515625 0.22149658203125 -0.129623413085938
0.3704833984375 0.15521240234375 0.279647827148438 -0.052398681640625
0.23724365234375 0.314483642578125 0.276641845703125 0.120513916015625
0.197601318359375 0.415740966796875 0.166473388671875 0.17156982421875
0.205078125 0.442657470703125 0.0253829956054688 -0.093719482421875
0.30914306640625 0.42694091796875 -0.0332679748535156 0.0676994323730469
0.29644775390625 0.30792236328125 -0.027618408203125 -0.37554931640625
0.210357666015625 0.27093505859375 -0.443603515625 -0.2972412109375
0.305877685546875 0.251129150390625 -0.411529541015625 0.0589599609375001
0.38092041015625 0.121185302734375 -0.189895629882812 0.192428588867187
0.4425048828125 -0.084197998046875 0.00050354003906252 0.115371704101563
0.363525390625 -0.20684814453125 0.0292282104492188 0.0259132385253906
0.3343505859375 -0.185943603515625 0.00984573364257814 -0.0424385070800781
0.376556396484375 -0.19281005859375 0.034332275390625 -0.0774688720703125
0.43475341796875 -0.0771484375 0.100296020507813 -0.0846099853515625
0.419281005859375 0.12200927734375 0.153289794921875 -0.0708770751953125
0.360443115234375 0.2388916015625 0.249771118164063 0.000152587890625015
0.162353515625 0.357147216796875 0.27105712890625 0.2099609375
0.14532470703125 0.39300537109375 0.1849365234375 0.3150634765625
0.227081298828125 0.410308837890625 0.0370864868164063 0.0747756958007813
0.348052978515625 0.283416748046875 0.013458251953125 0.190170288085938
0.26947021484375 0.149658203125 -0.0471954345703125 -0.245437622070313
0.134658813476563 0.166915893554688 -0.430999755859375 -0.1790771484375
0.22442626953125 0.209457397460938 -0.417510986328125 0.128570556640625
0.3243408203125 0.11322021484375 -0.244094848632812 0.230926513671875
0.412200927734375 -0.08502197265625 -0.108139038085937 0.190032958984375
0.339263916015625 -0.197906494140625 -0.0838623046875 0.138259887695313
0.307342529296875 -0.1748046875 -0.0922698974609375 0.0677566528320313
0.361572265625 -0.17266845703125 -0.0692825317382812 0.0174903869628906
0.418426513671875 -0.037689208984375 -0.015716552734375 -0.0191478729248047
0.371307373046875 0.171539306640625 0.0660324096679688 -0.0286827087402344
0.27349853515625 0.276901245117188 0.198654174804688 0.045654296875
0.056671142578125 0.31781005859375 0.242950439453125 0.303955078125
0.08599853515625 0.294158935546875 0.166778564453125 0.468170166015625
0.23809814453125 0.312042236328125 0.0312957763671875 0.236099243164063
0.315887451171875 0.09368896484375 0.0576324462890625 0.279571533203125
0.160858154296875 -0.004974365234375 -0.0604934692382812 -0.131179809570313
0.0165252685546875 0.0806732177734375 -0.38299560546875 -0.077606201171875
0.108718872070313 0.173553466796875 -0.387451171875 0.172760009765625
0.228469848632813 0.1053466796875 -0.274505615234375 0.246536254882813
0.3238525390625 -0.063232421875 -0.194229125976562 0.256973266601563
0.262924194335938 -0.1522216796875 -0.178619384765625 0.246368408203125
0.234451293945313 -0.136962890625 -0.177139282226562 0.170974731445313
0.296722412109375 -0.13079833984375 -0.170166015625 0.100189208984375
0.33355712890625 -0.001495361328125 -0.125335693359375 0.0264968872070313
0.262908935546875 0.182952880859375 -0.0144023895263672 -0.014430046081543
0.135971069335938 0.246856689453125 0.147140502929688 0.0684051513671875
-0.0435333251953125 0.194305419921875 0.204803466796875 0.37884521484375
0.0492630004882812 0.128875732421875 0.11529541015625 0.59185791015625
0.244094848632812 0.164932250976562 0.02337646484375 0.362548828125
0.222488403320313 -0.10101318359375 0.086151123046875 0.32208251953125
0.0138626098632813 -0.130645751953125 -0.0694503784179688 -0.04803466796875
-0.100120544433594 0.0174713134765625 -0.32489013671875 -0.012603759765625
-0.00713348388671874 0.13470458984375 -0.35113525390625 0.181884765625
0.110023498535156 0.0951309204101562 -0.28765869140625 0.24346923828125
0.19622802734375 -0.0240478515625 -0.25469970703125 0.300323486328125
0.150131225585938 -0.076690673828125 -0.24163818359375 0.321990966796875
0.125999450683594 -0.0782012939453125 -0.235565185546875 0.247512817382812
0.183364868164063 -0.0772857666015625 -0.240509033203125 0.15545654296875
0.201690673828125 0.0224456787109375 -0.211044311523438 0.0478973388671875
0.1207275390625 0.145721435546875 -0.0679397583007812 -0.0234298706054687
-0.00181579589843749 0.148681640625 0.119148254394531 0.0702362060546875
-0.0907974243164063 0.0146026611328125 0.18212890625 0.436553955078125
0.0544624328613281 -0.0684890747070313 0.05517578125 0.676513671875
0.241851806640625 -0.010650634765625 0.0270690917968751 0.43389892578125
-0.161895751953125 0.203872680664062 -0.08135986328125 -0.398590087890625
-0.034576416015625 0.265853881835938 -0.0579833984374999 -0.6837158203125
0.10260009765625 0.168624877929688 -0.275482177734375 -0.364837646484375
0.110069274902344 0.0146408081054688 -0.138496398925781 -0.0504531860351562
0.0326957702636719 -0.036041259765625 0.105262756347656 0.0575180053710937
-0.0302162170410156 -0.0172615051269531 0.276519775390625 -0.0615386962890625
-0.0167064666748047 0.0114583969116211 0.2861328125 -0.22674560546875
0.00419902801513672 0.0136032104492188 0.231689453125 -0.3084716796875
-0.0240249633789063 0.00229835510253907 0.231292724609375 -0.348724365234375
-0.0248756408691406 -0.0355033874511719 0.27288818359375 -0.3133544921875
0.017608642578125 -0.0739898681640625 0.263412475585938 -0.270126342773438
0.0899124145507812 -0.0816650390625 0.284332275390625 -0.1805419921875
0.174453735351563 0.0472564697265625 0.2904052734375 -0.031219482421875
0.0953216552734375 0.202957153320312 0.0500297546386719 -0.0196723937988281
-0.0360565185546875 0.191055297851563 -0.055328369140625 -0.408203125
-0.059844970703125 0.360870361328125 -0.0904541015625 -0.32568359375
0.02496337890625 0.385009765625 -0.0308837890625 -0.6624755859375
0.130340576171875 0.31182861328125 -0.320709228515625 -0.39788818359375
0.208740234375 0.152633666992188 -0.194671630859375 -0.04345703125
0.176071166992188 0.032745361328125 0.0715560913085938 0.0807723999023438
0.137985229492188 -0.039825439453125 0.267303466796875 -0.0579376220703125
0.117782592773438 -0.0721206665039063 0.274139404296875 -0.22509765625
0.123886108398438 -0.0703887939453125 0.216949462890625 -0.2987060546875
0.108154296875 -0.0901031494140625 0.2216796875 -0.331207275390625
0.125579833984375 -0.0900421142578125 0.27203369140625 -0.295257568359375
0.159622192382813 -0.0599365234375 0.260757446289063 -0.24444580078125
0.205551147460938 -0.0313873291015625 0.277755737304688 -0.156524658203125
0.236175537109375 0.124130249023438 0.2681884765625 -0.0163726806640625
0.18353271484375 0.288970947265625 0.078399658203125 -0.00724029541015623
0.085723876953125 0.316741943359375 -0.04266357421875 -0.348724365234375
0.08319091796875 0.4576416015625 -0.095672607421875 -0.20947265625
0.132293701171875 0.4345703125 -0.0280761718749999 -0.597412109375
0.1827392578125 0.375518798828125 -0.3787841796875 -0.403533935546875
0.295989990234375 0.239837646484375 -0.274429321289063 -0.0265045166015625
0.29937744140625 0.08294677734375 0.00183105468750003 0.106758117675781
0.290252685546875 -0.068206787109375 0.211868286132813 -0.0308990478515625
0.233551025390625 -0.149444580078125 0.220016479492188 -0.178497314453125
0.224685668945313 -0.140182495117188 0.16845703125 -0.244094848632813
0.2276611328125 -0.164093017578125 0.1812744140625 -0.27215576171875
0.265289306640625 -0.12738037109375 0.241653442382813 -0.24603271484375
0.292205810546875 -0.029815673828125 0.242568969726563 -0.199554443359375
0.309814453125 0.04022216796875 0.276824951171875 -0.119888305664063
0.26910400390625 0.212432861328125 0.270172119140625 0.0281982421875
0.2308349609375 0.35882568359375 0.123855590820313 0.0504074096679688
0.177642822265625 0.39483642578125 -0.0154571533203125 -0.243560791015625
0.228424072265625 0.4755859375 -0.0734786987304687 -0.0707015991210937
0.253692626953125 0.398834228515625 -0.03875732421875 -0.49359130859375
0.233795166015625 0.34869384765625 -0.433349609375 -0.35723876953125
0.3443603515625 0.256866455078125 -0.3541259765625 0.0180969238281251
0.37799072265625 0.097320556640625 -0.086395263671875 0.147720336914063
0.394012451171875 -0.100677490234375 0.118637084960938 0.0258331298828125
0.31500244140625 -0.207855224609375 0.13275146484375 -0.09381103515625
0.292205810546875 -0.187744140625 0.095733642578125 -0.155654907226563
0.31329345703125 -0.207916259765625 0.11761474609375 -0.182876586914063
0.370697021484375 -0.1357421875 0.181320190429688 -0.172134399414063
0.391265869140625 0.021240234375 0.205551147460938 -0.140899658203125
0.37652587890625 0.127410888671875 0.26751708984375 -0.0712432861328125
0.25543212890625 0.299468994140625 0.278350830078125 0.098541259765625
0.22479248046875 0.398956298828125 0.171905517578125 0.159149169921875
0.23297119140625 0.42291259765625 0.0160446166992188 -0.0955429077148437
0.3321533203125 0.40069580078125 -0.0280494689941406 0.0699234008789063
0.31329345703125 0.28277587890625 -0.050506591796875 -0.370758056640625
0.22528076171875 0.260879516601563 -0.456878662109375 -0.25958251953125
0.32501220703125 0.2286376953125 -0.3983154296875 0.087066650390625
0.387237548828125 0.093902587890625 -0.167068481445312 0.198959350585938
0.431610107421875 -0.119842529296875 0.00951385498046878 0.104995727539062
0.344024658203125 -0.23345947265625 0.0274524688720703 0.0162792205810547
0.31500244140625 -0.20684814453125 0.00577545166015627 -0.04437255859375
0.35455322265625 -0.217864990234375 0.0314712524414063 -0.0794601440429688
0.422607421875 -0.1134033203125 0.091888427734375 -0.0894927978515625
0.4266357421875 0.085784912109375 0.14178466796875 -0.0772857666015625
0.37237548828125 0.20819091796875 0.239730834960938 -0.0151519775390625
0.1856689453125 0.34710693359375 0.276824951171875 0.18914794921875
0.172515869140625 0.3818359375 0.2003173828125 0.299102783203125
0.2523193359375 0.3887939453125 0.0382347106933594 0.070098876953125
0.362060546875 0.256103515625 0.025482177734375 0.189529418945313
0.276275634765625 0.127853393554688 -0.0593109130859375 -0.23980712890625
0.14434814453125 0.15924072265625 -0.43585205078125 -0.14398193359375
0.241195678710938 0.19256591796875 -0.3973388671875 0.155181884765625
0.333282470703125 0.08807373046875 -0.220916748046875 0.2415771484375
0.4019775390625 -0.118988037109375 -0.0913238525390625 0.188446044921875
0.320831298828125 -0.2220458984375 -0.0739898681640625 0.138862609863281
0.291412353515625 -0.193695068359375 -0.084930419921875 0.0703506469726562
0.344451904296875 -0.1964111328125 -0.0673065185546875 0.0230178833007812
0.409027099609375 -0.0701904296875 -0.015054702758789 -0.013026237487793
0.382049560546875 0.140960693359375 0.057708740234375 -0.0302200317382812
0.290008544921875 0.2547607421875 0.191940307617188 0.0314788818359375
0.0767822265625 0.31451416015625 0.258056640625 0.281097412109375
0.10589599609375 0.28936767578125 0.191986083984375 0.447723388671875
0.256561279296875 0.2911376953125 0.043060302734375 0.229736328125
0.31402587890625 0.069244384765625 0.0760955810546875 0.27459716796875
0.155227661132813 -0.0162811279296875 -0.0645294189453125 -0.124374389648438
0.0206680297851562 0.08270263671875 -0.38214111328125 -0.0471496582031251
0.12457275390625 0.165451049804688 -0.36456298828125 0.19677734375
0.238845825195312 0.088714599609375 -0.247833251953125 0.262649536132813
0.316253662109375 -0.08984375 -0.172561645507812 0.261932373046875
0.248764038085937 -0.172348022460937 -0.156997680664062 0.249984741210938
0.221359252929688 -0.15252685546875 -0.162643432617188 0.179290771484375
0.28240966796875 -0.153656005859375 -0.157424926757812 0.108444213867187
0.328887939453125 -0.028564453125 -0.121391296386719 0.0385894775390625
0.27630615234375 0.160354614257813 -0.021982192993164 -0.00897979736328124
0.1541748046875 0.234832763671875 0.141143798828125 0.0561676025390625
-0.0298004150390625 0.197555541992188 0.2259521484375 0.354827880859375
0.05694580078125 0.125785827636719 0.1524658203125 0.57501220703125
0.250381469726563 0.1436767578125 0.044921875 0.355194091796875
0.2105712890625 -0.119140625 0.10650634765625 0.313873291015625
0.00244903564453125 -0.1292724609375 -0.0685272216796875 -0.0406112670898438
-0.0984268188476563 0.0267486572265625 -0.3177490234375 0.0123291015624999
0.00624084472656249 0.135780334472656 -0.327667236328125 0.202850341796875
0.119659423828125 0.0874176025390625 -0.2615966796875 0.259201049804688
0.191604614257812 -0.0416412353515625 -0.2259521484375 0.310211181640625
0.144073486328125 -0.089752197265625 -0.2120361328125 0.3341064453125
0.120941162109375 -0.0862274169921875 -0.214370727539063 0.260543823242188
0.17449951171875 -0.090789794921875 -0.225677490234375 0.172225952148438
0.202056884765625 0.0027008056640625 -0.203567504882812 0.0670928955078125
0.134376525878906 0.134567260742188 -0.074462890625 -0.0142440795898437
0.00871276855468751 0.147872924804688 0.115592956542969 0.0616378784179688
-0.0899658203125 0.020843505859375 0.208709716796875 0.413238525390625
0.0482711791992188 -0.0709457397460938 0.10076904296875 0.6610107421875
0.23724365234375 -0.0277099609375 0.053070068359375 0.42633056640625
-0.150238037109375 0.207672119140625 -0.0890808105468751 -0.38153076171875
-0.0205230712890625 0.2603759765625 -0.08074951171875 -0.66070556640625
0.109207153320313 0.158782958984375 -0.27764892578125 -0.341094970703125
0.106834411621094 0.0074310302734375 -0.133987426757813 -0.044891357421875
0.0285263061523438 -0.0377960205078125 0.108207702636719 0.046417236328125
-0.0340652465820312 -0.0129661560058594 0.265609741210938 -0.0790557861328125
-0.015009880065918 0.0141773223876953 0.265579223632813 -0.236968994140625
0.00543498992919922 0.014124870300293 0.2103271484375 -0.309234619140625
-0.0239772796630859 0.00593566894531249 0.209228515625 -0.349395751953125
-0.0250644683837891 -0.0304603576660156 0.253448486328125 -0.313720703125
0.0130538940429687 -0.0729522705078125 0.24212646484375 -0.271621704101563
0.0846176147460937 -0.0837249755859375 0.26544189453125 -0.185562133789063
0.173385620117188 0.03887939453125 0.27740478515625 -0.0453643798828125
0.1058349609375 0.192657470703125 0.04608154296875 -0.0200309753417969
-0.0268096923828125 0.188186645507813 -0.0726318359375 -0.395355224609375
-0.046234130859375 0.35626220703125 -0.098724365234375 -0.310943603515625
0.040374755859375 0.374420166015625 -0.05548095703125 -0.6453857421875
0.142364501953125 0.299102783203125 -0.32391357421875 -0.37451171875
0.2103271484375 0.137771606445313 -0.18896484375 -0.03460693359375
0.170822143554688 0.0242767333984375 0.0786666870117188 0.0701446533203125
0.128936767578125 -0.04608154296875 0.257614135742188 -0.0770416259765625
0.110153198242188 -0.0739974975585938 0.252609252929688 -0.233627319335938
0.117294311523438 -0.07196044921875 0.194305419921875 -0.3006591796875
0.101173400878906 -0.0906448364257813 0.1988525390625 -0.332244873046875
0.118789672851562 -0.0926666259765625 0.252044677734375 -0.297515869140625
0.153060913085938 -0.067962646484375 0.240097045898438 -0.24432373046875
0.199172973632813 -0.0392913818359375 0.259552001953125 -0.161712646484375
0.236099243164063 0.1109619140625 0.2584228515625 -0.0288848876953125
0.194717407226562 0.274612426757813 0.075164794921875 -0.00942230224609373
0.0960693359375 0.304901123046875 -0.0596923828125 -0.33990478515625
0.09698486328125 0.445159912109375 -0.09814453125 -0.19818115234375
0.14727783203125 0.418670654296875 -0.049072265625 -0.58111572265625
0.1956787109375 0.3603515625 -0.384429931640625 -0.374969482421875
0.299224853515625 0.219268798828125 -0.266464233398438 -0.0153656005859375
0.29620361328125 0.065887451171875 0.0102081298828125 0.100929260253906
0.27716064453125 -0.0812225341796875 0.204849243164063 -0.0475006103515625
0.220596313476562 -0.155487060546875 0.202560424804688 -0.18792724609375
0.211929321289063 -0.145675659179688 0.150665283203125 -0.246292114257813
0.2119140625 -0.16864013671875 0.163925170898437 -0.274703979492188
0.252304077148437 -0.136184692382812 0.224090576171875 -0.248275756835938
0.285430908203125 -0.04351806640625 0.225845336914063 -0.203094482421875
0.304351806640625 0.026031494140625 0.260101318359375 -0.126998901367188
0.271194458007813 0.198486328125 0.2608642578125 0.015838623046875
0.240753173828125 0.34136962890625 0.120185852050781 0.04595947265625
0.188201904296875 0.378509521484375 -0.0282135009765625 -0.23760986328125
0.23907470703125 0.455780029296875 -0.0721588134765625 -0.0640869140625
0.261444091796875 0.375457763671875 -0.0543212890625 -0.481292724609375
0.2430419921875 0.336212158203125 -0.433990478515625 -0.32568359375
0.34991455078125 0.2349853515625 -0.339111328125 0.02978515625
0.3763427734375 0.077911376953125 -0.074066162109375 0.144195556640625
0.379058837890625 -0.11566162109375 0.114852905273438 0.0125503540039062
0.29742431640625 -0.217926025390625 0.122573852539063 -0.102867126464844
0.274368286132813 -0.196990966796875 0.0848846435546875 -0.1572265625
0.29400634765625 -0.216705322265625 0.10528564453125 -0.185714721679688
0.35491943359375 -0.14886474609375 0.169754028320313 -0.173553466796875
0.384033203125 0.003509521484375 0.190170288085938 -0.14312744140625
0.3739013671875 0.1072998046875 0.253097534179688 -0.0782928466796875
0.26116943359375 0.283966064453125 0.272140502929688 0.085113525390625
0.23614501953125 0.382110595703125 0.170547485351563 0.146530151367188
0.241668701171875 0.40264892578125 0.00841522216796877 -0.0957412719726562
0.33843994140625 0.379241943359375 -0.025238037109375 0.070281982421875
0.316375732421875 0.260284423828125 -0.064361572265625 -0.36004638671875
0.232009887695313 0.249588012695312 -0.454193115234375 -0.229705810546875
0.331207275390625 0.20904541015625 -0.37994384765625 0.09930419921875
0.385894775390625 0.073486328125 -0.148971557617187 0.197357177734375
0.416259765625 -0.1390380859375 0.0138092041015625 0.0942306518554687
0.3258056640625 -0.24365234375 0.0264759063720703 0.00976943969726561
0.29571533203125 -0.215789794921875 0.00155639648437502 -0.0465888977050781
0.3333740234375 -0.230316162109375 0.0248641967773438 -0.080169677734375
0.405426025390625 -0.131561279296875 0.0865707397460938 -0.088348388671875
0.421875 0.063385009765625 0.1304931640625 -0.0785369873046875
0.374053955078125 0.187469482421875 0.226165771484375 -0.021881103515625
0.197509765625 0.33349609375 0.274139404296875 0.173294067382813
0.1846923828125 0.36846923828125 0.204803466796875 0.282623291015625
0.2608642578125 0.3685302734375 0.0358314514160156 0.0662307739257813
0.361846923828125 0.235321044921875 0.0319671630859375 0.185501098632813
0.271957397460938 0.113052368164062 -0.0672760009765625 -0.231475830078125
0.147842407226563 0.15533447265625 -0.4298095703125 -0.11846923828125
0.24774169921875 0.179580688476563 -0.3741455078125 0.16558837890625
0.334197998046875 0.07086181640625 -0.197463989257812 0.241653442382813
0.386260986328125 -0.135955810546875 -0.0812530517578125 0.181838989257813
0.3031005859375 -0.2340087890625 -0.0667953491210938 0.134063720703125
0.27459716796875 -0.202926635742187 -0.0811309814453125 0.0719985961914063
0.324310302734375 -0.209869384765625 -0.0656661987304687 0.0232391357421875
0.394287109375 -0.09112548828125 -0.014434814453125 -0.00956249237060547
0.382904052734375 0.118560791015625 0.0518417358398438 -0.0272636413574219
0.293609619140625 0.236053466796875 0.181777954101563 0.025970458984375
0.08746337890625 0.3072509765625 0.259674072265625 0.263046264648438
0.114700317382812 0.27880859375 0.204254150390625 0.426422119140625
0.258651733398438 0.272140502929688 0.0484771728515625 0.221450805664063
0.3077392578125 0.0546875 0.0843048095703125 0.266128540039062
0.147369384765625 -0.0225982666015625 -0.0665969848632813 -0.116752624511719
0.0238113403320313 0.085113525390625 -0.370941162109375 -0.0278625488281249
0.133682250976563 0.158203125 -0.34027099609375 0.2049560546875
0.240386962890625 0.075164794921875 -0.225143432617188 0.263504028320312
0.302947998046875 -0.10601806640625 -0.1552734375 0.256759643554687
0.235748291015625 -0.181777954101563 -0.141860961914062 0.247787475585938
0.209457397460938 -0.158950805664063 -0.150177001953125 0.181060791015625
0.2650146484375 -0.164276123046875 -0.149139404296875 0.11322021484375
0.31988525390625 -0.047149658203125 -0.115043640136719 0.0472183227539063
0.27996826171875 0.142288208007813 -0.0249500274658203 -0.00299644470214843
0.160552978515625 0.223403930664063 0.133941650390625 0.0523452758789063
-0.0206298828125 0.196014404296875 0.23199462890625 0.335235595703125
0.0615768432617188 0.121322631835937 0.170013427734375 0.551422119140625
0.248916625976562 0.129379272460937 0.05401611328125 0.34368896484375
0.197280883789063 -0.12603759765625 0.11773681640625 0.30413818359375
-0.00637054443359376 -0.125244140625 -0.0654869079589844 -0.0342445373535156
-0.0951614379882813 0.0334930419921875 -0.305877685546875 0.025665283203125
0.0156097412109375 0.1337890625 -0.304290771484375 0.2076416015625
0.125099182128906 0.079132080078125 -0.239593505859375 0.2598876953125
0.1846923828125 -0.0531463623046875 -0.2066650390625 0.308074951171875
0.136772155761719 -0.0968399047851563 -0.189910888671875 0.3331298828125
0.114456176757813 -0.0895919799804688 -0.194900512695312 0.262954711914063
0.164932250976563 -0.0989227294921875 -0.210586547851563 0.178741455078125
0.198654174804688 -0.0099029541015625 -0.193206787109375 0.079498291015625
0.14080810546875 0.124740600585938 -0.077911376953125 -0.00558471679687501
0.0159759521484375 0.146255493164063 0.1085205078125 0.0562896728515625
-0.0867385864257813 0.0257339477539062 0.2174072265625 0.390350341796875
0.044281005859375 -0.0707244873046875 0.12384033203125 0.63702392578125
0.228866577148438 -0.037506103515625 0.063690185546875 0.412261962890625
-0.14801025390625 0.210769653320313 -0.0859375 -0.37200927734375
-0.014556884765625 0.258087158203125 -0.0848388671875 -0.6485595703125
0.111495971679688 0.15301513671875 -0.276153564453125 -0.3299560546875
0.104232788085938 0.00341796875 -0.131950378417969 -0.0425338745117188
0.0252685546875 -0.0393333435058594 0.109725952148438 0.0398788452148438
-0.0363578796386719 -0.0111808776855469 0.259140014648437 -0.08935546875
-0.0137748718261719 0.0161256790161133 0.2550048828125 -0.239227294921875
0.00687980651855469 0.0145387649536133 0.201446533203125 -0.307037353515625
-0.023101806640625 0.00997161865234375 0.199676513671875 -0.346282958984375
-0.0269756317138672 -0.0275325775146484 0.24468994140625 -0.312408447265625
0.0103378295898438 -0.0740203857421875 0.230712890625 -0.266189575195313
0.0814132690429687 -0.083770751953125 0.256607055664063 -0.185134887695313
0.173416137695313 0.034576416015625 0.268325805664063 -0.0507049560546875
0.110275268554688 0.188674926757813 0.0441818237304688 -0.0189781188964844
-0.024688720703125 0.18817138671875 -0.078857421875 -0.38653564453125
-0.042510986328125 0.354736328125 -0.09649658203125 -0.3028564453125
0.0462646484375 0.369232177734375 -0.0601806640625 -0.63629150390625
0.14666748046875 0.293182373046875 -0.32135009765625 -0.3616943359375
0.2088623046875 0.130325317382813 -0.184890747070312 -0.0330047607421875
0.168182373046875 0.019073486328125 0.0812149047851563 0.0642166137695313
0.12371826171875 -0.0469207763671875 0.251083374023438 -0.086669921875
0.10772705078125 -0.0743942260742188 0.242568969726563 -0.237991333007813
0.115303039550781 -0.0725631713867188 0.18505859375 -0.298431396484375
0.0981979370117188 -0.0885467529296875 0.188507080078125 -0.330780029296875
0.115318298339844 -0.0929946899414062 0.243560791015625 -0.296295166015625
0.149658203125 -0.07049560546875 0.231353759765625 -0.2427978515625
0.195587158203125 -0.041473388671875 0.251190185546875 -0.161788940429688
0.235824584960938 0.1068115234375 0.250961303710938 -0.0321502685546875
0.199722290039063 0.269210815429688 0.0717849731445313 -0.00973510742187498
0.09649658203125 0.301116943359375 -0.065643310546875 -0.334136962890625
0.0999755859375 0.4407958984375 -0.095458984375 -0.192276000976562
0.15216064453125 0.40936279296875 -0.05364990234375 -0.57550048828125
0.200469970703125 0.355438232421875 -0.38092041015625 -0.362213134765625
0.299163818359375 0.209869384765625 -0.260116577148437 -0.0123138427734375
0.2939453125 0.058746337890625 0.016204833984375 0.0953521728515625
0.268722534179688 -0.0861053466796875 0.19854736328125 -0.0572509765625
0.2149658203125 -0.157806396484375 0.193344116210938 -0.192062377929688
0.20526123046875 -0.147720336914063 0.142562866210938 -0.246231079101563
0.206100463867188 -0.168899536132813 0.155548095703125 -0.274154663085938
0.24554443359375 -0.139511108398438 0.218460083007813 -0.247573852539063
0.28167724609375 -0.04925537109375 0.217208862304688 -0.199966430664062
0.30133056640625 0.01995849609375 0.2513427734375 -0.126434326171875
0.272781372070313 0.195449829101563 0.255142211914063 0.0118865966796875
0.245086669921875 0.336517333984375 0.116958618164063 0.045379638671875
0.188446044921875 0.373077392578125 -0.0343780517578125 -0.234237670898438
0.24212646484375 0.4490966796875 -0.0716018676757812 -0.0608596801757812
0.262847900390625 0.366302490234375 -0.057952880859375 -0.476776123046875
0.24627685546875 0.332611083984375 -0.4307861328125 -0.310546875
0.350921630859375 0.2264404296875 -0.331329345703125 0.032989501953125
0.372802734375 0.0704345703125 -0.0656051635742187 0.139488220214844
0.36993408203125 -0.123016357421875 0.11309814453125 0.00335693359374999
0.28961181640625 -0.22064208984375 0.116531372070313 -0.107246398925781
0.266586303710937 -0.199188232421875 0.07958984375 -0.159820556640625
0.28424072265625 -0.220245361328125 0.0986480712890625 -0.185928344726563
0.34686279296875 -0.15667724609375 0.166107177734375 -0.173965454101563
0.380859375 -0.006805419921875 0.182449340820313 -0.139846801757812
0.37127685546875 0.099456787109375 0.243408203125 -0.0775146484375
0.263992309570313 0.279830932617188 0.2669677734375 0.0803680419921875
0.239501953125 0.376495361328125 0.168197631835938 0.14398193359375
0.24139404296875 0.396575927734375 0.00335693359375001 -0.0948562622070312
0.33843994140625 0.371368408203125 -0.0241622924804687 0.0722885131835938
0.31536865234375 0.25225830078125 -0.06488037109375 -0.35528564453125
0.234481811523438 0.248016357421875 -0.4482421875 -0.217315673828125
0.334320068359375 0.201934814453125 -0.368804931640625 0.1011962890625
0.3848876953125 0.064422607421875 -0.138565063476562 0.1932373046875
0.4075927734375 -0.14556884765625 0.0143890380859375 0.0862503051757812
0.3172607421875 -0.24969482421875 0.0250434875488281 0.00533866882324217
0.287841796875 -0.219635009765625 -0.000286102294921861 -0.0490036010742188
0.323455810546875 -0.23431396484375 0.020782470703125 -0.0811309814453125
0.397064208984375 -0.14068603515625 0.0852584838867188 -0.0876998901367188
0.420013427734375 0.052642822265625 0.124038696289063 -0.0754318237304688
0.373779296875 0.179595947265625 0.218414306640625 -0.0223388671875
0.20123291015625 0.330047607421875 0.272018432617188 0.1676025390625
0.188507080078125 0.363067626953125 0.203460693359375 0.277297973632813
0.259857177734375 0.360443115234375 0.0321235656738281 0.0643119812011719
0.360382080078125 0.22833251953125 0.033538818359375 0.184722900390625
0.267501831054688 0.107391357421875 -0.0669708251953125 -0.228759765625
0.148818969726563 0.155746459960938 -0.42303466796875 -0.10809326171875
0.252044677734375 0.173309326171875 -0.36248779296875 0.166473388671875
0.334747314453125 0.06292724609375 -0.187408447265625 0.237213134765625
0.3782958984375 -0.145172119140625 -0.0771484375 0.174606323242187
0.295867919921875 -0.239715576171875 -0.063995361328125 0.129463195800781
0.26666259765625 -0.205657958984375 -0.0793838500976562 0.0696792602539063
0.3143310546875 -0.214691162109375 -0.0658073425292969 0.0233001708984375
0.386444091796875 -0.1011962890625 -0.0120315551757812 -0.0076885223388672
0.382965087890625 0.107330322265625 0.0478515625 -0.0235061645507812
0.295013427734375 0.229278564453125 0.174209594726563 0.0261688232421875
0.09234619140625 0.30535888671875 0.257339477539063 0.255996704101563
0.117874145507812 0.275283813476563 0.203887939453125 0.4183349609375
0.257049560546875 0.26519775390625 0.0464935302734375 0.216888427734375
0.302947998046875 0.04962158203125 0.0865478515625 0.264389038085938
0.142379760742188 -0.024688720703125 -0.0645599365234375 -0.113929748535156
0.0252761840820312 0.0881805419921875 -0.362823486328125 -0.020721435546875
0.139419555664063 0.154647827148438 -0.327545166015625 0.203704833984375
0.243667602539063 0.0684814453125 -0.21331787109375 0.259307861328125
0.29815673828125 -0.11407470703125 -0.148605346679688 0.250564575195313
0.230056762695312 -0.1884765625 -0.13397216796875 0.244293212890625
0.205047607421875 -0.161941528320313 -0.144882202148438 0.17938232421875
0.2574462890625 -0.168991088867188 -0.1456298828125 0.114013671875
0.31512451171875 -0.056640625 -0.110305786132812 0.0513839721679688
0.2822265625 0.13311767578125 -0.0275344848632812 0.00166320800781251
0.164031982421875 0.218185424804687 0.126960754394531 0.0514144897460938
-0.0174407958984375 0.196044921875 0.2315673828125 0.3245849609375
0.0630111694335938 0.119789123535156 0.17327880859375 0.539886474609375
0.246124267578125 0.123046875 0.052764892578125 0.33648681640625
0.190902709960937 -0.1282958984375 0.1207275390625 0.301513671875
-0.0114059448242188 -0.122642517089844 -0.0618782043457031 -0.0312728881835938
-0.094329833984375 0.0379104614257812 -0.297698974609375 0.031158447265625
0.0215072631835938 0.132614135742188 -0.292633056640625 0.20684814453125
0.128738403320312 0.0743026733398437 -0.2281494140625 0.256179809570313
0.180953979492188 -0.0595703125 -0.197479248046875 0.302703857421875
0.133750915527344 -0.102005004882812 -0.17889404296875 0.330230712890625
0.112808227539063 -0.0915451049804688 -0.185836791992187 0.26226806640625
0.15997314453125 -0.102981567382813 -0.203445434570313 0.180770874023437
0.195755004882812 -0.0166168212890625 -0.187789916992188 0.08575439453125
0.1451416015625 0.118972778320312 -0.0803375244140625 0.000541687011718759
0.019378662109375 0.145462036132813 0.101875305175781 0.0558929443359375
-0.0855484008789063 0.027496337890625 0.218475341796875 0.377716064453125
0.0424880981445312 -0.0707168579101563 0.12957763671875 0.6259765625
0.226242065429688 -0.0407867431640625 0.063720703125 0.4051513671875
-0.150955200195312 0.217910766601563 -0.082183837890625 -0.3746337890625
-0.010223388671875 0.2633056640625 -0.0849609375000001 -0.65716552734375
0.115875244140625 0.1534423828125 -0.276458740234375 -0.331878662109375
0.104148864746094 0.0011749267578125 -0.131668090820313 -0.0415420532226562
0.0229835510253906 -0.0398902893066406 0.114593505859375 0.0350570678710938
-0.0389251708984375 -0.00982666015625 0.259963989257813 -0.0979461669921875
-0.0133190155029297 0.0174465179443359 0.253311157226563 -0.24664306640625
0.00737285614013672 0.0157642364501953 0.19866943359375 -0.312530517578125
-0.0230274200439453 0.0134010314941406 0.19732666015625 -0.35235595703125
-0.0280361175537109 -0.0253849029541016 0.246002197265625 -0.318267822265625
0.00795745849609376 -0.0759429931640625 0.229766845703125 -0.269271850585938
0.0816650390625 -0.085174560546875 0.255767822265625 -0.187835693359375
0.178176879882813 0.031646728515625 0.268173217773438 -0.055023193359375
0.116470336914063 0.190444946289062 0.0434341430664063 -0.0179710388183594
-0.025238037109375 0.193191528320313 -0.08258056640625 -0.39056396484375
-0.04205322265625 0.363616943359375 -0.092620849609375 -0.30474853515625
0.05084228515625 0.37493896484375 -0.06097412109375 -0.6434326171875
0.152801513671875 0.2972412109375 -0.324798583984375 -0.363739013671875
0.211883544921875 0.128555297851563 -0.184494018554688 -0.0319061279296875
0.16888427734375 0.0167083740234375 0.0866241455078125 0.0601806640625
0.121788024902344 -0.0476837158203125 0.251358032226563 -0.0960235595703125
0.107688903808594 -0.0767974853515625 0.240219116210937 -0.244873046875
0.114738464355469 -0.0743637084960938 0.182525634765625 -0.305938720703125
0.0990676879882813 -0.088623046875 0.18707275390625 -0.337066650390625
0.115333557128906 -0.0935745239257813 0.245025634765625 -0.301788330078125
0.15045166015625 -0.074188232421875 0.230209350585938 -0.243453979492188
0.199325561523438 -0.0441741943359375 0.251266479492188 -0.162857055664062
0.2431640625 0.107467651367188 0.251632690429688 -0.0353546142578125
0.207321166992188 0.273117065429688 0.071197509765625 -0.00865936279296873
0.098785400390625 0.307464599609375 -0.0703125 -0.338653564453125
0.103179931640625 0.450103759765625 -0.093505859375 -0.19268798828125
0.156890869140625 0.41485595703125 -0.05450439453125 -0.58349609375
0.2081298828125 0.363525390625 -0.385498046875 -0.36273193359375
0.305694580078125 0.209564208984375 -0.262039184570313 -0.0122833251953124
0.29718017578125 0.0556640625 0.020172119140625 0.0931243896484375
0.269302368164063 -0.089630126953125 0.198745727539063 -0.06549072265625
0.215560913085937 -0.163650512695312 0.191909790039063 -0.199722290039062
0.2060546875 -0.152374267578125 0.14080810546875 -0.253036499023438
0.206130981445313 -0.17279052734375 0.15264892578125 -0.279769897460938
0.246780395507812 -0.144271850585937 0.219894409179688 -0.253585815429688
0.28692626953125 -0.05523681640625 0.21710205078125 -0.200714111328125
0.307159423828125 0.01849365234375 0.251296997070313 -0.1265869140625
0.28045654296875 0.197540283203125 0.25628662109375 0.0106048583984375
0.25506591796875 0.341156005859375 0.116630554199219 0.0466766357421875
0.19097900390625 0.377838134765625 -0.0395050048828125 -0.237838745117187
0.248687744140625 0.457489013671875 -0.0702896118164062 -0.0587005615234375
0.268341064453125 0.369476318359375 -0.058929443359375 -0.48516845703125
0.2567138671875 0.340911865234375 -0.435699462890625 -0.31134033203125
0.36053466796875 0.226959228515625 -0.33343505859375 0.03460693359375
0.380340576171875 0.064910888671875 -0.0620651245117187 0.138778686523438
0.3721923828125 -0.1287841796875 0.112380981445313 -0.00307464599609376
0.29034423828125 -0.2293701171875 0.1153564453125 -0.114173889160156
0.268157958984375 -0.20391845703125 0.0760040283203125 -0.164764404296875
0.28515625 -0.225067138671875 0.095977783203125 -0.190261840820313
0.348419189453125 -0.1649169921875 0.167739868164063 -0.177734375
0.388916015625 -0.012847900390625 0.182266235351563 -0.139816284179688
0.379241943359375 0.099090576171875 0.24298095703125 -0.077301025390625
0.274017333984375 0.285003662109375 0.27001953125 0.0814666748046875
0.248565673828125 0.382293701171875 0.168304443359375 0.1468505859375
0.244720458984375 0.401702880859375 -0.00122070312499998 -0.0963973999023437
0.345245361328125 0.377349853515625 -0.02386474609375 0.076324462890625
0.318939208984375 0.25372314453125 -0.065826416015625 -0.361968994140625
0.24261474609375 0.255996704101563 -0.45379638671875 -0.2144775390625
0.34375 0.201751708984375 -0.37109375 0.1029052734375
0.394256591796875 0.060455322265625 -0.134445190429687 0.19207763671875
0.410797119140625 -0.155548095703125 0.0135345458984375 0.0812301635742187
0.317657470703125 -0.26123046875 0.0238933563232422 0.00111770629882811
0.28948974609375 -0.226593017578125 -0.00216674804687499 -0.0522994995117188
0.3243408203125 -0.24127197265625 0.018218994140625 -0.083587646484375
0.400726318359375 -0.1497802734375 0.087890625 -0.0892410278320313
0.428924560546875 0.046905517578125 0.122940063476563 -0.0738906860351563
0.381866455078125 0.17877197265625 0.217498779296875 -0.0201416015625
0.20794677734375 0.337432861328125 0.274658203125 0.168975830078125
0.19512939453125 0.3704833984375 0.205032348632813 0.280715942382813
0.262054443359375 0.365234375 0.0284423828125 0.0650253295898438
0.3658447265625 0.230926513671875 0.035369873046875 0.191162109375
0.26971435546875 0.107101440429688 -0.0670166015625 -0.232177734375
0.154006958007813 0.163360595703125 -0.42578125 -0.10418701171875
0.261383056640625 0.174118041992187 -0.36236572265625 0.168182373046875
0.34368896484375 0.05902099609375 -0.183700561523438 0.237625122070313
0.382049560546875 -0.154541015625 -0.0772552490234375 0.171401977539063
0.296478271484375 -0.2501220703125 -0.0633392333984375 0.127334594726563
0.267929077148438 -0.213455200195312 -0.0809478759765625 0.06854248046875
0.314910888671875 -0.222991943359375 -0.0686492919921875 0.0235862731933593
0.389678955078125 -0.1109619140625 -0.0107593536376953 -0.00676059722900391
0.392730712890625 0.10235595703125 0.0454673767089844 -0.0208053588867187
0.30352783203125 0.229949951171875 0.172119140625 0.028533935546875
0.0965576171875 0.312591552734375 0.25970458984375 0.255538940429688
0.121902465820312 0.279876708984375 0.20648193359375 0.423797607421875
0.261383056640625 0.267135620117188 0.0426177978515625 0.219696044921875
0.3062744140625 0.049163818359375 0.089385986328125 0.27093505859375
0.141754150390625 -0.0253753662109375 -0.0632553100585937 -0.114547729492188
0.0269546508789063 0.0942001342773437 -0.364288330078125 -0.015625
0.146575927734375 0.155349731445313 -0.32659912109375 0.205108642578125
0.252395629882813 0.06494140625 -0.21075439453125 0.259170532226563
0.300140380859375 -0.121917724609375 -0.149490356445313 0.250457763671875
0.230392456054688 -0.198013305664063 -0.13250732421875 0.245269775390625
0.206939697265625 -0.168594360351562 -0.144546508789063 0.180709838867188
0.257904052734375 -0.17608642578125 -0.147308349609375 0.117294311523438
0.317291259765625 -0.06463623046875 -0.108718872070312 0.0553207397460938
0.291717529296875 0.1292724609375 -0.0304031372070312 0.00571060180664063
0.16912841796875 0.22064208984375 0.123390197753906 0.0541915893554688
-0.016510009765625 0.200790405273438 0.234130859375 0.326385498046875
0.0648956298828125 0.121337890625 0.175994873046875 0.546173095703125
0.250473022460938 0.12396240234375 0.050140380859375 0.34112548828125
0.190536499023438 -0.132461547851563 0.124298095703125 0.307952880859375
-0.0153961181640625 -0.123054504394531 -0.0597419738769531 -0.0304489135742188
-0.0960235595703125 0.0430984497070313 -0.29864501953125 0.033935546875
0.0263137817382813 0.134811401367188 -0.29095458984375 0.20770263671875
0.135200500488281 0.07275390625 -0.22637939453125 0.2567138671875
0.182510375976563 -0.06512451171875 -0.196746826171875 0.304443359375
0.134506225585937 -0.110061645507812 -0.17559814453125 0.332550048828125
0.114845275878906 -0.0959854125976563 -0.184036254882812 0.266311645507813
0.160415649414063 -0.108169555664063 -0.204833984375 0.18603515625
0.198974609375 -0.0225677490234375 -0.1873779296875 0.091796875
0.152297973632813 0.117691040039063 -0.0842742919921875 0.00499725341796876
0.02288818359375 0.1484375 0.0982437133789063 0.057159423828125
-0.0875167846679687 0.0290298461914063 0.22198486328125 0.377593994140625
0.0427780151367187 -0.072967529296875 0.130859375 0.634033203125
0.229812622070312 -0.04296875 0.059814453125 0.408966064453125
-0.152664184570313 0.232650756835937 -0.084503173828125 -0.383819580078125
-0.0031585693359375 0.274017333984375 -0.09820556640625 -0.68035888671875
0.125274658203125 0.154922485351563 -0.291961669921875 -0.336761474609375
0.106536865234375 -0.00312042236328125 -0.134719848632813 -0.0395278930664063
0.0207443237304687 -0.0417938232421875 0.122047424316406 0.0295486450195313
-0.0436859130859375 -0.00626754760742188 0.26544189453125 -0.11419677734375
-0.0139713287353516 0.0193424224853516 0.252395629882812 -0.263717651367188
0.00847816467285156 0.0159177780151367 0.1962890625 -0.327545166015625
-0.0217704772949219 0.0171947479248047 0.193389892578125 -0.369110107421875
-0.0303363800048828 -0.0231876373291016 0.24688720703125 -0.337371826171875
0.00413513183593751 -0.0803756713867188 0.232208251953125 -0.27984619140625
0.082122802734375 -0.091827392578125 0.258651733398438 -0.200363159179688
0.18719482421875 0.0264434814453125 0.272628784179688 -0.0651092529296875
0.127685546875 0.194717407226563 0.0446128845214844 -0.0174369812011719
-0.022369384765625 0.203994750976562 -0.09539794921875 -0.403106689453125
-0.0360107421875 0.38177490234375 -0.096343994140625 -0.31231689453125
0.062164306640625 0.387908935546875 -0.0736083984374999 -0.669189453125
0.16790771484375 0.305328369140625 -0.342681884765625 -0.367431640625
0.222640991210938 0.126861572265625 -0.190048217773438 -0.0281982421875
0.17431640625 0.01226806640625 0.0935211181640625 0.0564651489257813
0.121627807617188 -0.0508880615234375 0.256179809570313 -0.111160278320313
0.108512878417969 -0.081573486328125 0.23895263671875 -0.262222290039063
0.116744995117188 -0.0804595947265625 0.1796875 -0.320220947265625
0.101211547851563 -0.0930862426757813 0.183197021484375 -0.354248046875
0.115455627441406 -0.0996856689453125 0.246978759765625 -0.32037353515625
0.1534423828125 -0.08197021484375 0.232452392578125 -0.255096435546875
0.205780029296875 -0.0503082275390625 0.254348754882813 -0.172683715820313
0.256851196289063 0.106246948242188 0.256759643554688 -0.043365478515625
0.224533081054688 0.278488159179688 0.0726470947265625 -0.00845336914062498
0.108123779296875 0.31988525390625 -0.08251953125 -0.34979248046875
0.116668701171875 0.466949462890625 -0.0962829589843749 -0.195816040039062
0.1715087890625 0.426483154296875 -0.06689453125 -0.607177734375
0.2275390625 0.375152587890625 -0.406036376953125 -0.364776611328125
0.322509765625 0.2080078125 -0.270156860351563 -0.00672912597656247
0.30889892578125 0.048828125 0.0272216796875 0.0928955078125
0.273345947265625 -0.0992431640625 0.202529907226563 -0.0779571533203125
0.217208862304688 -0.176010131835938 0.190200805664063 -0.215805053710938
0.208633422851563 -0.163101196289063 0.135879516601563 -0.266952514648438
0.209930419921875 -0.184539794921875 0.149017333984375 -0.294281005859375
0.250701904296875 -0.156570434570313 0.221893310546875 -0.269561767578125
0.295379638671875 -0.066009521484375 0.2188720703125 -0.210037231445312
0.31988525390625 0.011627197265625 0.25537109375 -0.13568115234375
0.298583984375 0.1998291015625 0.263565063476563 0.00538635253906251
0.274688720703125 0.350341796875 0.120071411132813 0.048095703125
0.205780029296875 0.39306640625 -0.0494232177734375 -0.245468139648437
0.267822265625 0.47119140625 -0.0714645385742188 -0.0560302734375
0.286285400390625 0.378265380859375 -0.069183349609375 -0.505035400390625
0.276947021484375 0.351531982421875 -0.456817626953125 -0.311920166015625
0.380462646484375 0.225128173828125 -0.343353271484375 0.04107666015625
0.39697265625 0.056915283203125 -0.05731201171875 0.141891479492188
0.37982177734375 -0.144805908203125 0.114799499511719 -0.0115737915039063
0.293365478515625 -0.24835205078125 0.114112854003906 -0.125434875488281
0.271270751953125 -0.22015380859375 0.071929931640625 -0.175445556640625
0.2906494140625 -0.2418212890625 0.0915985107421875 -0.20001220703125
0.35595703125 -0.181793212890625 0.171157836914063 -0.190536499023437
0.404266357421875 -0.025115966796875 0.18450927734375 -0.146377563476563
0.3985595703125 0.093109130859375 0.24774169921875 -0.0832977294921875
0.2930908203125 0.29376220703125 0.28009033203125 0.0790863037109375
0.26873779296875 0.39508056640625 0.175933837890625 0.151046752929688
0.261474609375 0.4150390625 -0.00824737548828123 -0.0992202758789062
0.367645263671875 0.385467529296875 -0.0212860107421875 0.0834808349609375
0.335418701171875 0.255615234375 -0.075164794921875 -0.376983642578125
0.261260986328125 0.265289306640625 -0.4737548828125 -0.210357666015625
0.365081787109375 0.20050048828125 -0.380645751953125 0.114990234375
0.413299560546875 0.050872802734375 -0.132034301757812 0.198959350585938
0.420379638671875 -0.172882080078125 0.0141830444335938 0.0785675048828125
0.3223876953125 -0.28302001953125 0.0233345031738281 -0.00427436828613283
0.294830322265625 -0.243743896484375 -0.00617599487304686 -0.0569000244140625
0.3302001953125 -0.25933837890625 0.0136184692382813 -0.086761474609375
0.410186767578125 -0.168975830078125 0.08953857421875 -0.0960617065429688
0.448455810546875 0.033660888671875 0.124641418457031 -0.0755462646484375
0.403594970703125 0.1754150390625 0.221038818359375 -0.0222320556640625
0.22650146484375 0.348907470703125 0.28680419921875 0.169097900390625
0.213287353515625 0.381683349609375 0.215576171875 0.28948974609375
0.279144287109375 0.3756103515625 0.024749755859375 0.0678901672363282
0.385986328125 0.2320556640625 0.0413818359375 0.201873779296875
0.280853271484375 0.105941772460937 -0.0731048583984375 -0.240432739257812
0.167312622070313 0.171859741210938 -0.440155029296875 -0.0971679687499999
0.279067993164063 0.174240112304688 -0.36968994140625 0.1795654296875
0.362579345703125 0.04998779296875 -0.181167602539062 0.246490478515625
0.391448974609375 -0.173065185546875 -0.0773773193359375 0.174896240234375
0.2989501953125 -0.273406982421875 -0.06365966796875 0.129013061523437
0.271957397460938 -0.230575561523438 -0.0834426879882812 0.0703201293945313
0.319671630859375 -0.24212646484375 -0.0718917846679687 0.0265579223632812
0.39971923828125 -0.129547119140625 -0.00858163833618162 -0.0073375701904297
0.412750244140625 0.0931396484375 0.0452728271484375 -0.0187225341796875
0.322479248046875 0.23040771484375 0.174880981445313 0.0286712646484375
0.108062744140625 0.324554443359375 0.272613525390625 0.260345458984375
0.13360595703125 0.289642333984375 0.221405029296875 0.4368896484375
0.276321411132813 0.273483276367188 0.043060302734375 0.228195190429688
0.31951904296875 0.043792724609375 0.0984497070312501 0.283233642578125
0.143112182617187 -0.0277862548828125 -0.0652542114257812 -0.117988586425781
0.0312881469726563 0.102798461914063 -0.3739013671875 -0.00747680664062497
0.159164428710938 0.158279418945313 -0.330841064453125 0.216705322265625
0.267715454101562 0.0589447021484375 -0.209518432617187 0.268112182617188
0.307647705078125 -0.138031005859375 -0.148788452148438 0.257598876953125
0.232254028320312 -0.217514038085938 -0.129928588867187 0.253005981445313
0.210235595703125 -0.182266235351563 -0.145172119140625 0.188873291015625
0.261581420898438 -0.19189453125 -0.150527954101562 0.126052856445313
0.326934814453125 -0.080078125 -0.108741760253906 0.0608901977539063
0.309112548828125 0.122650146484375 -0.0343379974365234 0.0106010437011719
0.182586669921875 0.22467041015625 0.12469482421875 0.0560836791992188
-0.012237548828125 0.210067749023438 0.247100830078125 0.331390380859375
0.0702743530273438 0.12445068359375 0.19232177734375 0.56396484375
0.262664794921875 0.1224365234375 0.052764892578125 0.353118896484375
0.193405151367188 -0.142288208007812 0.135986328125 0.320556640625
-0.022003173828125 -0.125251770019531 -0.0590858459472656 -0.0302848815917969
-0.098052978515625 0.051177978515625 -0.305755615234375 0.0429077148437501
0.0339431762695312 0.139457702636719 -0.293182373046875 0.217926025390625
0.145614624023437 0.070220947265625 -0.22674560546875 0.266220092773438
0.186477661132812 -0.0753631591796875 -0.196319580078125 0.31591796875
0.135887145996094 -0.121986389160156 -0.170684814453125 0.345550537109375
0.118141174316406 -0.105072021484375 -0.182235717773438 0.27911376953125
0.16265869140625 -0.11907958984375 -0.20751953125 0.200103759765625
0.206008911132813 -0.032379150390625 -0.189041137695313 0.103134155273437
0.16510009765625 0.115890502929688 -0.09027099609375 0.0111160278320313
0.029144287109375 0.154541015625 0.09765625 0.0598678588867188
-0.0911941528320313 0.0321273803710937 0.235321044921875 0.38433837890625
0.042755126953125 -0.0780181884765625 0.1468505859375 0.654296875
0.239578247070313 -0.0507965087890625 0.065704345703125 0.42474365234375
-0.147842407226563 0.253097534179687 -0.097686767578125 -0.3953857421875
0.013214111328125 0.28570556640625 -0.1337890625 -0.70416259765625
0.140380859375 0.152267456054687 -0.317230224609375 -0.334259033203125
0.108985900878906 -0.0102462768554688 -0.138748168945313 -0.0333786010742187
0.0167007446289063 -0.0455551147460938 0.130859375 0.0189132690429687
-0.048797607421875 -0.00098419189453125 0.26708984375 -0.1383056640625
-0.0142078399658203 0.0230159759521484 0.2451171875 -0.28863525390625
0.008819580078125 0.0167818069458008 0.184051513671875 -0.349609375
-0.0204753875732422 0.021728515625 0.179351806640625 -0.393402099609375
-0.0340518951416016 -0.0204486846923828 0.235931396484375 -0.364105224609375
-0.003143310546875 -0.0838851928710938 0.22528076171875 -0.2998046875
0.0802688598632812 -0.100387573242188 0.256149291992188 -0.220367431640625
0.1971435546875 0.0159149169921875 0.27471923828125 -0.082550048828125
0.14599609375 0.196395874023437 0.0456962585449219 -0.0182304382324219
-0.01275634765625 0.217132568359375 -0.120880126953125 -0.414093017578125
-0.01861572265625 0.40045166015625 -0.108734130859375 -0.319061279296875
0.086151123046875 0.400360107421875 -0.1068115234375 -0.69305419921875
0.194183349609375 0.3084716796875 -0.37091064453125 -0.3636474609375
0.237930297851563 0.118438720703125 -0.1968994140625 -0.019500732421875
0.178268432617188 0.0020294189453125 0.1033935546875 0.0492706298828125
0.120208740234375 -0.0572738647460938 0.257110595703125 -0.134140014648437
0.106712341308594 -0.0898971557617188 0.230560302734375 -0.2874755859375
0.115089416503906 -0.089599609375 0.165863037109375 -0.343170166015625
0.100486755371094 -0.100334167480469 0.169952392578125 -0.37774658203125
0.113067626953125 -0.109298706054687 0.238250732421875 -0.347747802734375
0.153610229492188 -0.0953826904296875 0.227615356445312 -0.274185180664063
0.21142578125 -0.064361572265625 0.252227783203125 -0.191436767578125
0.275146484375 0.0949249267578125 0.260330200195313 -0.0589599609375
0.250473022460938 0.279296875 0.0745925903320313 -0.0101470947265625
0.128662109375 0.3304443359375 -0.10711669921875 -0.3590087890625
0.146087646484375 0.4830322265625 -0.10455322265625 -0.197021484375
0.20068359375 0.4351806640625 -0.09765625 -0.6314697265625
0.26068115234375 0.38006591796875 -0.4378662109375 -0.358489990234375
0.34832763671875 0.19891357421875 -0.278900146484375 0.00733947753906245
0.322662353515625 0.03326416015625 0.036529541015625 0.0914993286132813
0.275863647460938 -0.117507934570313 0.203720092773438 -0.0965728759765625
0.213287353515625 -0.1951904296875 0.1827392578125 -0.237640380859375
0.205673217773438 -0.18145751953125 0.12335205078125 -0.286346435546875
0.20709228515625 -0.202255249023438 0.13592529296875 -0.313995361328125
0.249603271484375 -0.1776123046875 0.215576171875 -0.29486083984375
0.30364990234375 -0.08746337890625 0.215377807617188 -0.226638793945313
0.33453369140625 -0.005859375 0.255081176757813 -0.151565551757813
0.323638916015625 0.1927490234375 0.271530151367188 -0.00770568847656249
0.306243896484375 0.35107421875 0.126548767089844 0.0471649169921875
0.2347412109375 0.40069580078125 -0.067718505859375 -0.252090454101563
0.304901123046875 0.4783935546875 -0.0729446411132812 -0.0519180297851562
0.317230224609375 0.37908935546875 -0.097747802734375 -0.524169921875
0.3114013671875 0.354278564453125 -0.4886474609375 -0.299407958984375
0.40966796875 0.212677001953125 -0.3533935546875 0.061126708984375
0.415618896484375 0.0364990234375 -0.0483856201171875 0.146713256835938
0.385986328125 -0.17095947265625 0.116531372070313 -0.0237045288085938
0.2882080078125 -0.27532958984375 0.107986450195313 -0.140945434570313
0.267929077148438 -0.244659423828125 0.06103515625 -0.188079833984375
0.287841796875 -0.268096923828125 0.0825042724609375 -0.212646484375
0.357330322265625 -0.2105712890625 0.166732788085938 -0.209625244140625
0.420379638671875 -0.05279541015625 0.183197021484375 -0.159103393554688
0.420928955078125 0.073944091796875 0.250778198242188 -0.096710205078125
0.323944091796875 0.29168701171875 0.293701171875 0.068634033203125
0.30328369140625 0.39874267578125 0.189865112304688 0.151458740234375
0.292999267578125 0.420928955078125 -0.017974853515625 -0.101303100585937
0.4046630859375 0.38421630859375 -0.015106201171875 0.09197998046875
0.360748291015625 0.249359130859375 -0.095123291015625 -0.390411376953125
0.290252685546875 0.266357421875 -0.501312255859375 -0.194488525390625
0.39276123046875 0.18951416015625 -0.38818359375 0.136810302734375
0.4342041015625 0.029388427734375 -0.122909545898437 0.211212158203125
0.4263916015625 -0.20562744140625 0.0168914794921875 0.0760574340820312
0.315460205078125 -0.315826416015625 0.0210094451904297 -0.0104198455810547
0.29046630859375 -0.27032470703125 -0.0132102966308594 -0.0613861083984375
0.327667236328125 -0.290008544921875 0.00768280029296878 -0.0908050537109375
0.41473388671875 -0.20135498046875 0.0885162353515625 -0.107498168945313
0.471160888671875 0.006866455078125 0.123908996582031 -0.0820083618164062
0.4307861328125 0.160430908203125 0.225479125976563 -0.0316925048828125
0.255889892578125 0.35235595703125 0.305572509765625 0.161834716796875
0.2435302734375 0.38909912109375 0.23876953125 0.292755126953125
0.310272216796875 0.3782958984375 0.0248031616210938 0.0711746215820313
0.414703369140625 0.220611572265625 0.0543670654296875 0.212066650390625
0.295379638671875 0.095855712890625 -0.0865936279296875 -0.247970581054688
0.187515258789063 0.175765991210938 -0.460968017578125 -0.07696533203125
0.303131103515625 0.16705322265625 -0.37353515625 0.20452880859375
0.383270263671875 0.03009033203125 -0.17218017578125 0.261764526367188
0.3980712890625 -0.2037353515625 -0.0735626220703125 0.180877685546875
0.2921142578125 -0.306121826171875 -0.060821533203125 0.1331787109375
0.268310546875 -0.256484985351563 -0.0855712890625 0.0747528076171875
0.317108154296875 -0.2705078125 -0.075225830078125 0.0323104858398437
0.405914306640625 -0.159515380859375 -0.00793266296386717 -0.00890541076660157
0.436279296875 0.0687255859375 0.0437698364257813 -0.0179977416992187
0.350006103515625 0.22222900390625 0.179763793945313 0.0248565673828125
0.131011962890625 0.333770751953125 0.2940673828125 0.255767822265625
0.154937744140625 0.295013427734375 0.25030517578125 0.44580078125
0.30120849609375 0.271026611328125 0.0512542724609375 0.237167358398438
0.334869384765625 0.028717041015625 0.11859130859375 0.294281005859375
0.145431518554688 -0.0343170166015625 -0.071807861328125 -0.120529174804687
0.0414810180664062 0.110389709472656 -0.386444091796875 0.012054443359375
0.178421020507812 0.156387329101563 -0.32989501953125 0.240081787109375
0.28460693359375 0.044342041015625 -0.20074462890625 0.2862548828125
0.311920166015625 -0.1636962890625 -0.142471313476562 0.27203369140625
0.2264404296875 -0.243896484375 -0.12188720703125 0.264938354492188
0.207382202148438 -0.203521728515625 -0.141586303710938 0.201263427734375
0.259246826171875 -0.216644287109375 -0.149200439453125 0.140945434570313
0.334320068359375 -0.106475830078125 -0.1063232421875 0.0692825317382813
0.330810546875 0.106475830078125 -0.0369682312011719 0.0167884826660156
0.203598022460937 0.223846435546875 0.127960205078125 0.0551681518554688
-0.00260925292968752 0.220748901367188 0.271697998046875 0.330352783203125
0.079071044921875 0.125625610351563 0.2265625 0.57830810546875
0.281036376953125 0.11248779296875 0.0669250488281251 0.36767578125
0.192764282226563 -0.158599853515625 0.15936279296875 0.33013916015625
-0.0316085815429688 -0.126091003417969 -0.0599212646484375 -0.0285301208496094
-0.0981216430664063 0.0628128051757812 -0.3116455078125 0.060211181640625
0.0457916259765625 0.143768310546875 -0.291412353515625 0.23895263671875
0.1588134765625 0.0623931884765625 -0.2203369140625 0.2841796875
0.189544677734375 -0.092132568359375 -0.1871337890625 0.335205078125
0.132354736328125 -0.138938903808594 -0.157196044921875 0.36328125
0.117523193359375 -0.118751525878906 -0.17266845703125 0.298004150390625
0.161712646484375 -0.135726928710938 -0.20318603515625 0.221817016601562
0.212020874023438 -0.0490875244140625 -0.187408447265625 0.119308471679687
0.181289672851562 0.1077880859375 -0.0963592529296875 0.021026611328125
0.0405731201171875 0.160110473632813 0.100212097167969 0.058929443359375
-0.09527587890625 0.0386886596679687 0.261077880859375 0.3841552734375
0.0400314331054687 -0.0848922729492187 0.1849365234375 0.6728515625
0.2484130859375 -0.06756591796875 0.082305908203125 0.440032958984375
-0.134552001953125 0.271469116210938 -0.11865234375 -0.39703369140625
0.03570556640625 0.289306640625 -0.18231201171875 -0.7064208984375
0.155181884765625 0.141738891601563 -0.341644287109375 -0.31610107421875
0.109016418457031 -0.0194015502929688 -0.140174865722656 -0.0245513916015625
0.0107612609863281 -0.0473098754882813 0.1358642578125 0.00390625
-0.05230712890625 0.00675582885742187 0.25726318359375 -0.166229248046875
-0.0134620666503906 0.0276718139648438 0.224517822265625 -0.31219482421875
0.00959396362304688 0.0173368453979492 0.15716552734375 -0.366180419921875
-0.0172595977783203 0.0254783630371094 0.149810791015625 -0.411773681640625
-0.0362739562988281 -0.0153732299804687 0.2103271484375 -0.386810302734375
-0.0133819580078125 -0.08502197265625 0.20526123046875 -0.3199462890625
0.0723724365234375 -0.109161376953125 0.240997314453125 -0.240921020507813
0.202239990234375 -0.0013427734375 0.267440795898438 -0.104019165039063
0.165206909179688 0.1890869140625 0.0456657409667969 -0.019683837890625
0.00233459472656249 0.22509765625 -0.154266357421875 -0.411590576171875
0.008880615234375 0.411895751953125 -0.124755859375 -0.316375732421875
0.11663818359375 0.400177001953125 -0.154296875 -0.6978759765625
0.222503662109375 0.2977294921875 -0.400299072265625 -0.34112548828125
0.249664306640625 0.101409912109375 -0.198379516601563 -0.00527954101562495
0.179550170898438 -0.0120086669921875 0.110626220703125 0.0380020141601563
0.114959716796875 -0.0648193359375 0.247726440429688 -0.16064453125
0.0990219116210938 -0.0970840454101563 0.209442138671875 -0.31060791015625
0.1083984375 -0.0983810424804688 0.139556884765625 -0.36016845703125
0.0948486328125 -0.109100341796875 0.14080810546875 -0.3953857421875
0.105133056640625 -0.118362426757813 0.213165283203125 -0.372467041015625
0.146713256835937 -0.109161376953125 0.210052490234375 -0.29119873046875
0.2100830078125 -0.0818023681640625 0.240386962890625 -0.210647583007812
0.287445068359375 0.0758056640625 0.255889892578125 -0.0769805908203125
0.278366088867188 0.26580810546875 0.0746688842773438 -0.0131759643554687
0.155731201171875 0.330108642578125 -0.1361083984375 -0.356048583984375
0.18218994140625 0.481658935546875 -0.11322021484375 -0.191818237304687
0.235504150390625 0.426910400390625 -0.14093017578125 -0.636474609375
0.297332763671875 0.367645263671875 -0.467987060546875 -0.33135986328125
0.367523193359375 0.1748046875 -0.281585693359375 0.0277099609375
0.328460693359375 0.0079345703125 0.0465469360351563 0.0852890014648438
0.268768310546875 -0.138763427734375 0.195846557617188 -0.118118286132813
0.198196411132812 -0.213607788085937 0.164505004882812 -0.257171630859375
0.193359375 -0.19866943359375 0.099395751953125 -0.300445556640625
0.195037841796875 -0.222061157226562 0.112518310546875 -0.3280029296875
0.238388061523438 -0.20037841796875 0.195343017578125 -0.318023681640625
0.3009033203125 -0.113983154296875 0.201446533203125 -0.243423461914063
0.341217041015625 -0.031402587890625 0.245986938476563 -0.169326782226563
0.344879150390625 0.172882080078125 0.272018432617188 -0.0263519287109375
0.3411865234375 0.336090087890625 0.131866455078125 0.041290283203125
0.2667236328125 0.3951416015625 -0.089691162109375 -0.249404907226563
0.345062255859375 0.465728759765625 -0.07281494140625 -0.045196533203125
0.348419189453125 0.360809326171875 -0.132965087890625 -0.530242919921875
0.348419189453125 0.33905029296875 -0.51556396484375 -0.26776123046875
0.4332275390625 0.186981201171875 -0.3536376953125 0.0870971679687501
0.424835205078125 0.005035400390625 -0.0354156494140625 0.149322509765625
0.37762451171875 -0.202484130859375 0.113563537597656 -0.0373153686523438
0.26776123046875 -0.302276611328125 0.0959014892578125 -0.154312133789063
0.251174926757813 -0.268661499023438 0.0430755615234375 -0.196578979492188
0.27032470703125 -0.2950439453125 0.0651092529296875 -0.222427368164063
0.3455810546875 -0.242919921875 0.15191650390625 -0.228378295898438
0.422454833984375 -0.087799072265625 0.173141479492188 -0.171401977539062
0.4346923828125 0.04327392578125 0.244613647460938 -0.112060546875
0.35333251953125 0.274139404296875 0.300750732421875 0.049774169921875
0.339324951171875 0.385009765625 0.203384399414063 0.143692016601563
0.329132080078125 0.409332275390625 -0.0289306640625 -0.0987548828125
0.44073486328125 0.36187744140625 -0.00489807128906247 0.0986251831054688
0.384490966796875 0.22650146484375 -0.123504638671875 -0.39251708984375
0.320892333984375 0.252838134765625 -0.519805908203125 -0.1600341796875
0.416473388671875 0.162872314453125 -0.38330078125 0.16705322265625
0.445587158203125 -0.00543212890625 -0.106353759765625 0.219223022460938
0.41802978515625 -0.24188232421875 0.0207290649414063 0.0716323852539062
0.2926025390625 -0.345855712890625 0.0170841217041016 -0.0157184600830078
0.273162841796875 -0.29730224609375 -0.0227584838867187 -0.0631752014160156
0.30908203125 -0.320220947265625 -0.000785827636718723 -0.0920867919921875
0.40234375 -0.239410400390625 0.0811843872070313 -0.118919372558594
0.47821044921875 -0.0333251953125 0.11798095703125 -0.08831787109375
0.45111083984375 0.1318359375 0.22430419921875 -0.044677734375
0.2872314453125 0.3436279296875 0.319610595703125 0.1441650390625
0.27703857421875 0.379364013671875 0.26239013671875 0.283447265625
0.34161376953125 0.363494873046875 0.0260009765625 0.0736007690429688
0.438323974609375 0.19488525390625 0.0743255615234375 0.2169189453125
0.30657958984375 0.07659912109375 -0.104476928710938 -0.247100830078125
0.208587646484375 0.1685791015625 -0.46881103515625 -0.0451354980468749
0.324127197265625 0.146697998046875 -0.3634033203125 0.2333984375
0.39404296875 -0.0003662109375 -0.153717041015625 0.274246215820313
0.388153076171875 -0.239990234375 -0.063201904296875 0.185409545898437
0.2706298828125 -0.33544921875 -0.0555801391601562 0.135711669921875
0.25244140625 -0.2818603515625 -0.0853118896484375 0.0806732177734375
0.300628662109375 -0.301971435546875 -0.074188232421875 0.0394973754882812
0.39703369140625 -0.19793701171875 -0.00853919982910154 -0.0108804702758789
0.4498291015625 0.03125 0.0419769287109375 -0.0173797607421875
0.373321533203125 0.199249267578125 0.180267333984375 0.0162506103515625
0.157684326171875 0.33233642578125 0.316162109375 0.239532470703125
0.1788330078125 0.2899169921875 0.287017822265625 0.437530517578125
0.3265380859375 0.252655029296875 0.063690185546875 0.2413330078125
0.34246826171875 0.0032958984375 0.144073486328125 0.29571533203125
0.143630981445312 -0.043975830078125 -0.079559326171875 -0.118705749511719
0.0551986694335938 0.113479614257813 -0.388275146484375 0.041473388671875
0.196670532226563 0.145660400390625 -0.31719970703125 0.26495361328125
0.295166015625 0.0206298828125 -0.181549072265625 0.3006591796875
0.303619384765625 -0.19219970703125 -0.126495361328125 0.2828369140625
0.208023071289063 -0.267959594726563 -0.106246948242187 0.274032592773437
0.194976806640625 -0.225006103515625 -0.13055419921875 0.21295166015625
0.24517822265625 -0.242294311523437 -0.140914916992187 0.156082153320312
0.328399658203125 -0.137237548828125 -0.1009521484375 0.0770797729492187
0.34490966796875 0.079254150390625 -0.0383529663085937 0.0249519348144531
0.22509765625 0.212539672851563 0.130256652832031 0.0502471923828125
0.0121917724609375 0.2265625 0.297119140625 0.314483642578125
0.0888137817382813 0.121444702148438 0.27020263671875 0.573486328125
0.294830322265625 0.092041015625 0.087890625 0.37164306640625
0.183258056640625 -0.1768798828125 0.187591552734375 0.328125
-0.0428314208984375 -0.122917175292969 -0.0601425170898438 -0.0254287719726562
-0.0921630859375 0.074920654296875 -0.30859375 0.082794189453125
0.060455322265625 0.142684936523438 -0.276779174804688 0.258804321289063
0.168289184570313 0.0484466552734375 -0.201904296875 0.3009033203125
0.184555053710937 -0.110137939453125 -0.1661376953125 0.349945068359375
0.12103271484375 -0.155120849609375 -0.1328125 0.37744140625
0.110336303710938 -0.132278442382813 -0.152435302734375 0.313323974609375
0.152923583984375 -0.152801513671875 -0.187286376953125 0.242202758789063
0.211105346679687 -0.0695343017578125 -0.177841186523437 0.135848999023438
0.194534301757813 0.0927734375 -0.09783935546875 0.0336227416992188
0.0547943115234375 0.159942626953125 0.101768493652344 0.0556640625
-0.0962066650390625 0.0474014282226562 0.28948974609375 0.368927001953125
0.03350830078125 -0.0906524658203125 0.23553466796875 0.67205810546875
0.249435424804688 -0.089263916015625 0.11029052734375 0.444122314453125
-0.1165771484375 0.281341552734375 -0.1326904296875 -0.3868408203125
0.0552978515625 0.284881591796875 -0.21942138671875 -0.686767578125
0.16278076171875 0.127212524414063 -0.352691650390625 -0.28802490234375
0.103721618652344 -0.0277557373046875 -0.137077331542969 -0.0155029296875
0.00453948974609375 -0.0468292236328125 0.1334228515625 -0.0107192993164063
-0.0526199340820312 0.0139198303222656 0.238357543945312 -0.186050415039063
-0.01275634765625 0.0313644409179688 0.19830322265625 -0.324005126953125
0.00953865051269531 0.0172958374023438 0.129852294921875 -0.370513916015625
-0.0146980285644531 0.0285987854003906 0.118438720703125 -0.41436767578125
-0.0378189086914062 -0.0103492736816406 0.17864990234375 -0.39471435546875
-0.0220947265625 -0.0827102661132812 0.180328369140625 -0.326873779296875
0.0632476806640625 -0.113166809082031 0.21917724609375 -0.251739501953125
0.199615478515625 -0.01654052734375 0.252426147460938 -0.118515014648438
0.1778564453125 0.175399780273438 0.0445327758789063 -0.0214500427246094
0.0184173583984375 0.226531982421875 -0.179412841796875 -0.395416259765625
0.03399658203125 0.408966064453125 -0.134918212890625 -0.30670166015625
0.140380859375 0.3880615234375 -0.19427490234375 -0.68255615234375
0.240585327148437 0.278839111328125 -0.41253662109375 -0.31170654296875
0.251663208007813 0.081787109375 -0.194580078125 0.00753784179687504
0.17327880859375 -0.0232086181640625 0.113212585449219 0.0254974365234375
0.10687255859375 -0.068084716796875 0.229385375976562 -0.179702758789063
0.0894699096679688 -0.09906005859375 0.182525634765625 -0.322113037109375
0.098663330078125 -0.102668762207031 0.109466552734375 -0.362762451171875
0.0863037109375 -0.113601684570312 0.109954833984375 -0.398529052734375
0.0943450927734375 -0.122909545898438 0.1817626953125 -0.381683349609375
0.134880065917969 -0.117965698242188 0.187286376953125 -0.29925537109375
0.201736450195313 -0.095184326171875 0.221054077148438 -0.220901489257813
0.290130615234375 0.055084228515625 0.24359130859375 -0.090576171875
0.295745849609375 0.2447509765625 0.0731658935546875 -0.0151596069335937
0.175079345703125 0.319671630859375 -0.160003662109375 -0.341949462890625
0.211639404296875 0.4656982421875 -0.117828369140625 -0.182937622070313
0.25970458984375 0.40655517578125 -0.177490234375 -0.62359619140625
0.320709228515625 0.34307861328125 -0.48028564453125 -0.298431396484375
0.375762939453125 0.14678955078125 -0.2744140625 0.0461883544921875
0.32305908203125 -0.014495849609375 0.0535736083984375 0.0764846801757813
0.254379272460938 -0.153274536132812 0.182037353515625 -0.134307861328125
0.178329467773438 -0.222061157226563 0.141006469726563 -0.266754150390625
0.175994873046875 -0.20806884765625 0.073699951171875 -0.301849365234375
0.176193237304687 -0.231826782226562 0.0859375 -0.3309326171875
0.219589233398438 -0.21380615234375 0.1680908203125 -0.327484130859375
0.287689208984375 -0.134490966796875 0.18182373046875 -0.251113891601563
0.33587646484375 -0.053955078125 0.229751586914063 -0.179580688476563
0.353973388671875 0.148345947265625 0.26416015625 -0.041412353515625
0.361114501953125 0.311614990234375 0.134002685546875 0.0351791381835938
0.28900146484375 0.375518798828125 -0.107879638671875 -0.238693237304687
0.3709716796875 0.43853759765625 -0.0691604614257812 -0.0390129089355468
0.367645263671875 0.33441162109375 -0.16455078125 -0.518707275390625
0.369110107421875 0.31243896484375 -0.5235595703125 -0.232208251953125
0.442901611328125 0.15472412109375 -0.342620849609375 0.1087646484375
0.419830322265625 -0.024993896484375 -0.023040771484375 0.145172119140625
0.3575439453125 -0.22601318359375 0.107406616210938 -0.0483016967773438
0.241424560546875 -0.31591796875 0.080657958984375 -0.161972045898438
0.2286376953125 -0.281890869140625 0.0255126953125 -0.197052001953125
0.2462158203125 -0.309783935546875 0.046630859375 -0.222457885742188
0.321014404296875 -0.265380859375 0.131027221679688 -0.23736572265625
0.411041259765625 -0.1192626953125 0.158538818359375 -0.1773681640625
0.434295654296875 0.01397705078125 0.232315063476563 -0.12286376953125
0.368621826171875 0.25018310546875 0.298248291015625 0.031646728515625
0.362396240234375 0.3609619140625 0.210525512695313 0.131317138671875
0.350189208984375 0.3863525390625 -0.0383682250976562 -0.0933609008789062
0.45965576171875 0.329620361328125 0.00632476806640629 0.100013732910156
0.39349365234375 0.199615478515625 -0.1456298828125 -0.38330078125
0.339599609375 0.22930908203125 -0.521514892578125 -0.125335693359375
0.425811767578125 0.133636474609375 -0.367431640625 0.189605712890625
0.440399169921875 -0.03643798828125 -0.0881500244140625 0.218978881835938
0.394561767578125 -0.26904296875 0.0227928161621094 0.0658226013183594
0.262939453125 -0.3634033203125 0.012359619140625 -0.0201435089111328
0.248046875 -0.3128662109375 -0.0309295654296875 -0.0609130859375
0.28106689453125 -0.340118408203125 -0.00852203369140624 -0.0908203125
0.377777099609375 -0.2662353515625 0.0693511962890625 -0.125656127929688
0.46990966796875 -0.069061279296875 0.110137939453125 -0.0913848876953125
0.457122802734375 0.0989990234375 0.216278076171875 -0.0534515380859375
0.307373046875 0.32220458984375 0.32330322265625 0.122772216796875
0.300384521484375 0.359649658203125 0.278579711914063 0.266311645507813
0.36090087890625 0.3369140625 0.0259780883789063 0.0750503540039063
0.447174072265625 0.163330078125 0.09185791015625 0.213241577148437
0.306427001953125 0.05712890625 -0.11737060546875 -0.240631103515625
0.222320556640625 0.153961181640625 -0.463531494140625 -0.0142822265625001
0.3345947265625 0.12353515625 -0.341552734375 0.25335693359375
0.390472412109375 -0.02984619140625 -0.1318359375 0.276046752929688
0.365875244140625 -0.2662353515625 -0.0525665283203125 0.183822631835937
0.2403564453125 -0.351715087890625 -0.0484466552734375 0.134933471679687
0.228729248046875 -0.2977294921875 -0.0820693969726562 0.0844497680664062
0.27447509765625 -0.321014404296875 -0.0711288452148437 0.0446929931640625
0.375396728515625 -0.225860595703125 -0.0100526809692383 -0.0126724243164063
0.44500732421875 -0.00347900390625 0.0393600463867188 -0.0157241821289063
0.38323974609375 0.172271728515625 0.17608642578125 0.00920104980468751
0.177398681640625 0.321258544921875 0.325653076171875 0.217254638671875
0.195968627929688 0.277435302734375 0.311279296875 0.415679931640625
0.33837890625 0.22772216796875 0.0734405517578125 0.237747192382813
0.338226318359375 -0.01947021484375 0.164825439453125 0.287994384765625
0.138664245605469 -0.0517654418945313 -0.0851593017578125 -0.113655090332031
0.0662918090820313 0.110946655273438 -0.37799072265625 0.06365966796875
0.208419799804688 0.130661010742188 -0.294464111328125 0.28009033203125
0.29534912109375 -0.0018310546875 -0.158416748046875 0.30438232421875
0.287139892578125 -0.213897705078125 -0.108062744140625 0.28564453125
0.183990478515625 -0.28228759765625 -0.0884857177734375 0.274978637695313
0.17645263671875 -0.236831665039063 -0.11712646484375 0.21820068359375
0.223297119140625 -0.259445190429688 -0.127349853515625 0.164276123046875
0.31292724609375 -0.161895751953125 -0.0939712524414062 0.08148193359375
0.347198486328125 0.050933837890625 -0.0369186401367187 0.031829833984375
0.238021850585938 0.19464111328125 0.128120422363281 0.046295166015625
0.0259246826171875 0.225494384765625 0.310577392578125 0.29241943359375
0.0946121215820313 0.11505126953125 0.30291748046875 0.55059814453125
0.298004150390625 0.0693359375 0.10577392578125 0.36566162109375
0.169265747070313 -0.188156127929688 0.208770751953125 0.316375732421875
-0.0515594482421875 -0.11700439453125 -0.0596389770507813 -0.0229682922363281
-0.0829315185546875 0.0828704833984375 -0.29669189453125 0.100433349609375
0.07281494140625 0.136558532714844 -0.254684448242188 0.27197265625
0.17156982421875 0.034149169921875 -0.17950439453125 0.30621337890625
0.174331665039063 -0.123703002929688 -0.142578125 0.355712890625
0.106063842773438 -0.164031982421875 -0.10601806640625 0.3782958984375
0.0998382568359375 -0.14080810546875 -0.1302490234375 0.31732177734375
0.139556884765625 -0.163894653320313 -0.16595458984375 0.252883911132813
0.202621459960938 -0.0866546630859375 -0.164215087890625 0.145584106445312
0.200180053710938 0.07574462890625 -0.0962371826171875 0.0447845458984375
0.06658935546875 0.154937744140625 0.09991455078125 0.0515365600585938
-0.0944671630859375 0.0551528930664063 0.3070068359375 0.344818115234375
0.0257339477539062 -0.0922317504882813 0.274658203125 0.6500244140625
0.24237060546875 -0.108489990234375 0.130706787109375 0.435333251953125
-0.104339599609375 0.28369140625 -0.136505126953125 -0.38031005859375
0.065338134765625 0.27783203125 -0.2354736328125 -0.66864013671875
0.163787841796875 0.115158081054688 -0.351776123046875 -0.27093505859375
0.0987472534179688 -0.0331649780273438 -0.131340026855469 -0.0108642578125
-0.00021743774414063 -0.0453681945800781 0.129180908203125 -0.0198974609375
-0.0518989562988281 0.0192413330078125 0.220046997070313 -0.194869995117188
-0.0103473663330078 0.0337734222412109 0.179443359375 -0.32501220703125
0.00955772399902344 0.0181064605712891 0.112548828125 -0.365447998046875
-0.0113544464111328 0.0291309356689453 0.0972900390625 -0.407623291015625
-0.038421630859375 -0.00612258911132812 0.15478515625 -0.392333984375
-0.0291366577148437 -0.0788192749023438 0.1634521484375 -0.32330322265625
0.0566177368164062 -0.113601684570313 0.2027587890625 -0.251998901367188
0.194671630859375 -0.0269775390625 0.238693237304688 -0.122299194335938
0.18316650390625 0.164749145507813 0.0432968139648438 -0.0203514099121094
0.02783203125 0.224212646484375 -0.19024658203125 -0.38018798828125
0.047576904296875 0.400726318359375 -0.1361083984375 -0.300048828125
0.152191162109375 0.375762939453125 -0.2098388671875 -0.6639404296875
0.24737548828125 0.26116943359375 -0.411407470703125 -0.2918701171875
0.248184204101563 0.0688018798828125 -0.187835693359375 0.014129638671875
0.165420532226563 -0.0290985107421875 0.111122131347656 0.0161514282226563
0.0996551513671875 -0.068115234375 0.212661743164063 -0.188003540039063
0.0818862915039062 -0.0976715087890625 0.163482666015625 -0.3233642578125
0.0918197631835938 -0.103485107421875 0.091461181640625 -0.356719970703125
0.0794754028320313 -0.114158630371094 0.089630126953125 -0.391082763671875
0.0856781005859375 -0.120986938476562 0.158355712890625 -0.381195068359375
0.123687744140625 -0.121177673339844 0.17120361328125 -0.297882080078125
0.193527221679688 -0.1015625 0.20587158203125 -0.22119140625
0.287139892578125 0.0419921875 0.232467651367188 -0.0950927734375
0.30145263671875 0.22943115234375 0.0724868774414063 -0.0168914794921875
0.18365478515625 0.30999755859375 -0.16900634765625 -0.327545166015625
0.2232666015625 0.450103759765625 -0.11505126953125 -0.176910400390625
0.26666259765625 0.387237548828125 -0.19403076171875 -0.60662841796875
0.3287353515625 0.321807861328125 -0.478118896484375 -0.27508544921875
0.372467041015625 0.129119873046875 -0.265304565429688 0.0557403564453125
0.313262939453125 -0.026824951171875 0.0558395385742188 0.0689353942871094
0.24053955078125 -0.158401489257813 0.169662475585938 -0.141998291015625
0.1639404296875 -0.222152709960938 0.124267578125 -0.2685546875
0.162078857421875 -0.208969116210938 0.058013916015625 -0.29730224609375
0.1624755859375 -0.234664916992188 0.068634033203125 -0.324981689453125
0.20330810546875 -0.2181396484375 0.146942138671875 -0.32806396484375
0.274154663085938 -0.144271850585938 0.167755126953125 -0.249420166015625
0.32684326171875 -0.0670166015625 0.216659545898438 -0.180694580078125
0.35406494140625 0.133636474609375 0.255111694335938 -0.0474090576171875
0.368316650390625 0.292449951171875 0.133247375488281 0.03173828125
0.29742431640625 0.35931396484375 -0.115676879882812 -0.22784423828125
0.38037109375 0.41546630859375 -0.0625495910644531 -0.0362701416015625
0.370208740234375 0.3138427734375 -0.1773681640625 -0.502685546875
0.378509521484375 0.29156494140625 -0.520111083984375 -0.209320068359375
0.4407958984375 0.132965087890625 -0.32958984375 0.121185302734375
0.41015625 -0.041351318359375 -0.0152587890625 0.139053344726562
0.3402099609375 -0.234283447265625 0.100257873535156 -0.05426025390625
0.220733642578125 -0.31695556640625 0.069793701171875 -0.163467407226563
0.2108154296875 -0.283416748046875 0.01361083984375 -0.1939697265625
0.226287841796875 -0.314971923828125 0.0355682373046875 -0.21942138671875
0.300537109375 -0.272613525390625 0.114883422851563 -0.238815307617188
0.396697998046875 -0.134521484375 0.148590087890625 -0.176422119140625
0.426788330078125 -0.004730224609375 0.221878051757813 -0.12445068359375
0.372467041015625 0.2315673828125 0.29156494140625 0.022125244140625
0.37188720703125 0.342071533203125 0.212982177734375 0.123138427734375
0.357025146484375 0.366180419921875 -0.0439300537109375 -0.0871505737304687
0.4635009765625 0.30364990234375 0.0150222778320313 0.0983123779296875
0.390655517578125 0.1806640625 -0.15667724609375 -0.372283935546875
0.346282958984375 0.212738037109375 -0.513153076171875 -0.104827880859375
0.4261474609375 0.113067626953125 -0.3514404296875 0.19952392578125
0.43035888671875 -0.05499267578125 -0.07666015625 0.214248657226563
0.374603271484375 -0.281158447265625 0.0222549438476563 0.0608863830566406
0.238555908203125 -0.36578369140625 0.00795555114746095 -0.0221710205078125
0.2296142578125 -0.31597900390625 -0.0358238220214844 -0.057952880859375
0.259429931640625 -0.34503173828125 -0.01373291015625 -0.08868408203125
0.355438232421875 -0.277923583984375 0.06024169921875 -0.126808166503906
0.4560546875 -0.089813232421875 0.10455322265625 -0.0905380249023438
0.45196533203125 0.078033447265625 0.2076416015625 -0.0553741455078125
0.315582275390625 0.3070068359375 0.320098876953125 0.11126708984375
0.310028076171875 0.34356689453125 0.28350830078125 0.25213623046875
0.366607666015625 0.318389892578125 0.0250091552734375 0.0762176513671875
0.443634033203125 0.142547607421875 0.10150146484375 0.208053588867188
0.301177978515625 0.044708251953125 -0.123321533203125 -0.233551025390625
0.228927612304687 0.143020629882812 -0.452972412109375 0.00070190429687496
0.33551025390625 0.107513427734375 -0.324005126953125 0.259796142578125
0.38330078125 -0.045867919921875 -0.117263793945312 0.271331787109375
0.3480224609375 -0.27838134765625 -0.0469970703125 0.179641723632812
0.218353271484375 -0.355682373046875 -0.0444869995117187 0.131591796875
0.2115478515625 -0.300506591796875 -0.0798797607421875 0.08642578125
0.251861572265625 -0.326385498046875 -0.069091796875 0.0469741821289062
0.355133056640625 -0.2391357421875 -0.0124988555908203 -0.0140266418457031
0.435333251953125 -0.023529052734375 0.0382156372070313 -0.0126762390136719
0.384246826171875 0.153533935546875 0.170272827148438 0.00779724121093751
0.18701171875 0.311126708984375 0.324188232421875 0.202362060546875
0.204177856445313 0.2659912109375 0.320892333984375 0.3980712890625
0.338836669921875 0.2113037109375 0.07672119140625 0.234039306640625
0.329864501953125 -0.033111572265625 0.1756591796875 0.278427124023438
0.132835388183594 -0.0544815063476563 -0.0871047973632812 -0.109756469726563
0.0732574462890625 0.107353210449219 -0.367034912109375 0.0766601562499999
0.21185302734375 0.1192626953125 -0.276702880859375 0.282379150390625
0.29083251953125 -0.016998291015625 -0.14324951171875 0.299591064453125
0.27142333984375 -0.22283935546875 -0.096160888671875 0.28125
0.164581298828125 -0.285308837890625 -0.077850341796875 0.270004272460938
0.162033081054688 -0.241241455078125 -0.10748291015625 0.21710205078125
0.2060546875 -0.265045166015625 -0.1168212890625 0.165191650390625
0.2965087890625 -0.174346923828125 -0.0890579223632812 0.0814666748046875
0.34259033203125 0.032501220703125 -0.0351943969726562 0.0371780395507812
0.242385864257813 0.181121826171875 0.124137878417969 0.04449462890625
0.032806396484375 0.2236328125 0.31195068359375 0.274383544921875
0.0974349975585938 0.10968017578125 0.316864013671875 0.529083251953125
0.29266357421875 0.05413818359375 0.11224365234375 0.35870361328125
0.156936645507813 -0.191696166992188 0.21868896484375 0.305450439453125
-0.0558013916015625 -0.110404968261719 -0.0585517883300781 -0.0217819213867187
-0.074432373046875 0.0856094360351563 -0.28521728515625 0.107696533203125
0.079742431640625 0.130409240722656 -0.23876953125 0.273147583007813
0.17132568359375 0.023651123046875 -0.163787841796875 0.301971435546875
0.164825439453125 -0.130218505859375 -0.127471923828125 0.35174560546875
0.09442138671875 -0.167556762695313 -0.08978271484375 0.3709716796875
0.09185791015625 -0.144775390625 -0.115203857421875 0.314300537109375
0.128005981445313 -0.168426513671875 -0.150039672851562 0.253524780273438
0.193832397460938 -0.0969085693359375 -0.153228759765625 0.148178100585938
0.20086669921875 0.0637054443359375 -0.0923538208007812 0.0524368286132812
0.0731964111328125 0.149398803710938 0.096282958984375 0.0505218505859375
-0.0920944213867188 0.06024169921875 0.309417724609375 0.32464599609375
0.0203475952148438 -0.092193603515625 0.29150390625 0.6270751953125
0.233184814453125 -0.1190185546875 0.139434814453125 0.426422119140625
-0.09881591796875 0.28692626953125 -0.133514404296875 -0.38201904296875
0.0717010498046875 0.276382446289062 -0.24029541015625 -0.66387939453125
0.164047241210938 0.109832763671875 -0.350372314453125 -0.26556396484375
0.0958786010742188 -0.0363082885742188 -0.128509521484375 -0.00875854492187498
-0.0034332275390625 -0.045074462890625 0.126182556152344 -0.0257720947265625
-0.0520515441894531 0.0238380432128906 0.209320068359375 -0.199935913085938
-0.00960540771484375 0.0370140075683594 0.169464111328125 -0.32696533203125
0.00801467895507812 0.0193729400634766 0.103546142578125 -0.363739013671875
-0.0106143951416016 0.0296096801757813 0.088226318359375 -0.402923583984375
-0.0384101867675781 -0.00277328491210937 0.14459228515625 -0.3887939453125
-0.0330657958984375 -0.0761337280273438 0.156005859375 -0.3212890625
0.0531158447265625 -0.115074157714844 0.195999145507813 -0.2510986328125
0.193252563476563 -0.0322113037109375 0.232391357421875 -0.122955322265625
0.187698364257813 0.16070556640625 0.0450248718261719 -0.0190773010253906
0.0322418212890625 0.225357055664063 -0.193450927734375 -0.376434326171875
0.053863525390625 0.4010009765625 -0.131805419921875 -0.300201416015625
0.157745361328125 0.37152099609375 -0.21527099609375 -0.6610107421875
0.250900268554688 0.253021240234375 -0.4112548828125 -0.285552978515625
0.246566772460938 0.0623779296875 -0.183547973632812 0.0178985595703125
0.161956787109375 -0.0324859619140625 0.110191345214844 0.010101318359375
0.09613037109375 -0.0668182373046875 0.203598022460938 -0.193023681640625
0.078460693359375 -0.0953598022460938 0.153076171875 -0.325897216796875
0.0871047973632812 -0.102142333984375 0.0826416015625 -0.355621337890625
0.07659912109375 -0.114044189453125 0.079681396484375 -0.387359619140625
0.0813980102539063 -0.121467590332031 0.147491455078125 -0.3780517578125
0.119033813476563 -0.122589111328125 0.162689208984375 -0.296844482421875
0.19061279296875 -0.104705810546875 0.20037841796875 -0.22027587890625
0.2879638671875 0.035980224609375 0.227584838867188 -0.0962066650390625
0.3065185546875 0.222564697265625 0.07342529296875 -0.015655517578125
0.18902587890625 0.308319091796875 -0.1734619140625 -0.322052001953125
0.22918701171875 0.4451904296875 -0.111785888671875 -0.177810668945313
0.270721435546875 0.383392333984375 -0.19940185546875 -0.60357666015625
0.33428955078125 0.312591552734375 -0.47723388671875 -0.2667236328125
0.3726806640625 0.1197509765625 -0.260711669921875 0.05963134765625
0.308563232421875 -0.03277587890625 0.0574188232421875 0.0639076232910156
0.233901977539063 -0.160781860351563 0.1627197265625 -0.146255493164063
0.156387329101563 -0.221359252929688 0.116485595703125 -0.271087646484375
0.15582275390625 -0.209686279296875 0.049774169921875 -0.29608154296875
0.1553955078125 -0.235580444335938 0.05987548828125 -0.32293701171875
0.1953125 -0.220352172851563 0.136077880859375 -0.32659912109375
0.26739501953125 -0.149917602539063 0.161422729492188 -0.248626708984375
0.324615478515625 -0.0723876953125 0.212066650390625 -0.179107666015625
0.35601806640625 0.12750244140625 0.252456665039063 -0.048858642578125
0.37554931640625 0.28558349609375 0.134834289550781 0.0310516357421875
0.301177978515625 0.355438232421875 -0.1197509765625 -0.222915649414062
0.38372802734375 0.40875244140625 -0.0582847595214843 -0.037353515625
0.37164306640625 0.306488037109375 -0.183197021484375 -0.501190185546875
0.384613037109375 0.282012939453125 -0.517486572265625 -0.2015380859375
0.44317626953125 0.12371826171875 -0.324615478515625 0.125396728515625
0.405029296875 -0.049407958984375 -0.01104736328125 0.135154724121094
0.331695556640625 -0.24169921875 0.0958480834960938 -0.0586776733398438
0.20977783203125 -0.319183349609375 0.06341552734375 -0.16668701171875
0.202880859375 -0.28466796875 0.00654602050781251 -0.19140625
0.217071533203125 -0.318634033203125 0.02874755859375 -0.2174072265625
0.28985595703125 -0.2784423828125 0.106170654296875 -0.239425659179688
0.3900146484375 -0.144134521484375 0.14404296875 -0.175750732421875
0.425384521484375 -0.011962890625 0.217498779296875 -0.12237548828125
0.377349853515625 0.227691650390625 0.290283203125 0.01934814453125
0.379058837890625 0.3345947265625 0.215103149414063 0.121490478515625
0.359832763671875 0.359527587890625 -0.047760009765625 -0.0833892822265625
0.46661376953125 0.29486083984375 0.0213775634765625 0.0978622436523438
0.390228271484375 0.174102783203125 -0.160400390625 -0.37091064453125
0.3521728515625 0.2042236328125 -0.5107421875 -0.0960083007812501
0.4285888671875 0.10430908203125 -0.34466552734375 0.203765869140625
0.427520751953125 -0.064208984375 -0.070770263671875 0.209716796875
0.36578369140625 -0.288787841796875 0.02105712890625 0.0568771362304687
0.225494384765625 -0.368133544921875 0.0049571990966797 -0.0248165130615235
0.219970703125 -0.3199462890625 -0.0392532348632812 -0.0565605163574219
0.2489013671875 -0.349090576171875 -0.017486572265625 -0.0865020751953125
0.343292236328125 -0.285430908203125 0.05322265625 -0.127975463867188
0.4508056640625 -0.100189208984375 0.102005004882813 -0.0886001586914062
0.452880859375 0.06976318359375 0.204986572265625 -0.0535125732421875
0.321319580078125 0.3023681640625 0.31939697265625 0.106597900390625
0.317047119140625 0.336944580078125 0.287017822265625 0.24774169921875
0.367340087890625 0.311187744140625 0.0230560302734375 0.0783462524414063
0.44287109375 0.134368896484375 0.108993530273438 0.207061767578125
0.298431396484375 0.0401611328125 -0.126022338867187 -0.232101440429688
0.234298706054687 0.138092041015625 -0.44976806640625 0.00848388671875006
0.340118408203125 0.099334716796875 -0.316375732421875 0.262786865234375
0.38201904296875 -0.054107666015625 -0.109909057617187 0.268081665039063
0.340057373046875 -0.28546142578125 -0.0445404052734375 0.177734375
0.205657958984375 -0.358642578125 -0.0444183349609375 0.128730773925781
0.202880859375 -0.30548095703125 -0.0799407958984375 0.0877685546875
0.24114990234375 -0.330657958984375 -0.0679397583007812 0.0482025146484375
0.343597412109375 -0.247833251953125 -0.0147590637207031 -0.0150032043457031
0.43292236328125 -0.034820556640625 0.038055419921875 -0.00997161865234375
0.38519287109375 0.14471435546875 0.16845703125 0.010284423828125
0.19305419921875 0.3096923828125 0.324462890625 0.197113037109375
0.209854125976563 0.262191772460938 0.326202392578125 0.391265869140625
0.33856201171875 0.2017822265625 0.0763702392578125 0.235855102539063
0.32611083984375 -0.04010009765625 0.182098388671875 0.277755737304688
0.129379272460937 -0.0552978515625 -0.087738037109375 -0.108078002929688
0.0783233642578125 0.105545043945313 -0.360931396484375 0.0805664062500001
0.21710205078125 0.114212036132813 -0.267425537109375 0.28509521484375
0.2904052734375 -0.024505615234375 -0.135162353515625 0.296295166015625
0.265609741210938 -0.229965209960938 -0.0910797119140625 0.278854370117188
0.15411376953125 -0.28839111328125 -0.07342529296875 0.26702880859375
0.156082153320313 -0.24542236328125 -0.1036376953125 0.217803955078125
0.196945190429688 -0.269378662109375 -0.1126708984375 0.166717529296875
0.28765869140625 -0.181671142578125 -0.0878143310546875 0.08099365234375
0.34100341796875 0.022674560546875 -0.0333480834960937 0.0415115356445313
0.245635986328125 0.175277709960938 0.121894836425781 0.0470352172851563
0.0366363525390625 0.224655151367188 0.3128662109375 0.26824951171875
0.0989456176757813 0.107452392578125 0.323944091796875 0.52178955078125
0.290802001953125 0.046356201171875 0.1123046875 0.359130859375
0.151626586914063 -0.194381713867188 0.2249755859375 0.30389404296875
-0.0579071044921875 -0.106773376464844 -0.0583343505859375 -0.0206489562988281
-0.0701751708984375 0.0872268676757812 -0.28070068359375 0.110275268554687
0.0850143432617188 0.127593994140625 -0.231719970703125 0.27301025390625
0.172225952148438 0.017913818359375 -0.157928466796875 0.299530029296875
0.160980224609375 -0.134597778320313 -0.120208740234375 0.35003662109375
0.086883544921875 -0.170303344726563 -0.0831298828125 0.367584228515625
0.0878448486328125 -0.149032592773438 -0.1083984375 0.31402587890625
0.122528076171875 -0.173095703125 -0.143035888671875 0.254013061523438
0.189849853515625 -0.102645874023438 -0.148193359375 0.149017333984375
0.20294189453125 0.0565948486328125 -0.090057373046875 0.058013916015625
0.0769195556640625 0.147674560546875 0.0937728881835938 0.051971435546875
-0.091827392578125 0.0643692016601563 0.3099365234375 0.31634521484375
0.0181808471679687 -0.092620849609375 0.29974365234375 0.6185302734375
0.22943115234375 -0.126922607421875 0.139984130859375 0.42645263671875
-0.09637451171875 0.297393798828125 -0.13433837890625 -0.39398193359375
0.080322265625 0.281646728515625 -0.248291015625 -0.67822265625
0.167953491210938 0.107345581054688 -0.356719970703125 -0.269378662109375
0.0948104858398438 -0.0402755737304688 -0.128280639648438 -0.00859832763671877
-0.00707244873046875 -0.0458106994628906 0.127067565917969 -0.0304031372070313
-0.0530662536621094 0.0291481018066406 0.206649780273438 -0.20831298828125
-0.008941650390625 0.0409622192382812 0.1656494140625 -0.3375244140625
0.00782012939453125 0.0220451354980469 0.100006103515625 -0.370147705078125
-0.00983428955078125 0.0315876007080078 0.083221435546875 -0.407318115234375
-0.0398330688476563 0.000648498535156244 0.139556884765625 -0.3934326171875
-0.0376205444335938 -0.075408935546875 0.154327392578125 -0.327178955078125
0.0514068603515625 -0.118736267089844 0.194854736328125 -0.256988525390625
0.19671630859375 -0.0375823974609375 0.233047485351563 -0.12591552734375
0.196563720703125 0.1602783203125 0.0476837158203125 -0.0196113586425781
0.0376739501953125 0.232131958007813 -0.20245361328125 -0.3841552734375
0.059844970703125 0.410125732421875 -0.132293701171875 -0.31005859375
0.166046142578125 0.37689208984375 -0.223876953125 -0.674560546875
0.259414672851563 0.25311279296875 -0.421142578125 -0.28759765625
0.250457763671875 0.0581512451171875 -0.183547973632812 0.0198516845703125
0.161407470703125 -0.0350799560546875 0.112510681152344 0.006072998046875
0.0953521728515625 -0.0669403076171875 0.201400756835937 -0.200897216796875
0.078460693359375 -0.0951080322265625 0.14984130859375 -0.336090087890625
0.086334228515625 -0.103424072265625 0.078125 -0.363189697265625
0.0752334594726563 -0.116943359375 0.074371337890625 -0.393585205078125
0.0797958374023438 -0.124176025390625 0.141815185546875 -0.384490966796875
0.116920471191406 -0.125274658203125 0.161773681640625 -0.3017578125
0.192352294921875 -0.110595703125 0.201446533203125 -0.224807739257812
0.29510498046875 0.031707763671875 0.230422973632813 -0.09832763671875
0.319427490234375 0.22265625 0.0771865844726563 -0.0155715942382812
0.19744873046875 0.31524658203125 -0.180816650390625 -0.32806396484375
0.239990234375 0.45257568359375 -0.109207153320312 -0.183425903320312
0.279876708984375 0.388092041015625 -0.206298828125 -0.61767578125
0.3465576171875 0.3126220703125 -0.4893798828125 -0.26812744140625
0.3812255859375 0.115142822265625 -0.262863159179688 0.0640716552734375
0.31182861328125 -0.03802490234375 0.0606117248535156 0.0607643127441406
0.233932495117188 -0.16607666015625 0.160430908203125 -0.153305053710938
0.15496826171875 -0.224472045898438 0.112777709960937 -0.280960083007813
0.154739379882812 -0.214645385742187 0.04461669921875 -0.302093505859375
0.153045654296875 -0.242462158203125 0.054534912109375 -0.3280029296875
0.1927490234375 -0.225967407226562 0.13031005859375 -0.333648681640625
0.269073486328125 -0.157272338867188 0.160751342773438 -0.252914428710938
0.3306884765625 -0.079437255859375 0.213958740234375 -0.182647705078125
0.367584228515625 0.125396728515625 0.256195068359375 -0.05133056640625
0.390167236328125 0.285858154296875 0.139533996582031 0.0316162109375
0.3133544921875 0.36199951171875 -0.125900268554687 -0.224884033203125
0.39678955078125 0.4110107421875 -0.0545158386230469 -0.0382652282714843
0.382568359375 0.30908203125 -0.190948486328125 -0.51202392578125
0.398956298828125 0.282257080078125 -0.528961181640625 -0.199310302734375
0.454681396484375 0.11822509765625 -0.3271484375 0.132781982421875
0.412139892578125 -0.05712890625 -0.00790405273437497 0.133926391601563
0.333465576171875 -0.2510986328125 0.0943374633789063 -0.0634918212890625
0.206451416015625 -0.3258056640625 0.059295654296875 -0.17352294921875
0.20111083984375 -0.293701171875 0.00196838378906253 -0.194915771484375
0.2144775390625 -0.3271484375 0.0235595703125 -0.220901489257813
0.285186767578125 -0.28851318359375 0.100555419921875 -0.24432373046875
0.39471435546875 -0.15411376953125 0.143722534179688 -0.17822265625
0.435638427734375 -0.020263671875 0.220550537109375 -0.1229248046875
0.39007568359375 0.22821044921875 0.296417236328125 0.018585205078125
0.39642333984375 0.337005615234375 0.223236083984375 0.12255859375
0.3714599609375 0.367034912109375 -0.0511703491210937 -0.0832748413085937
0.4781494140625 0.29571533203125 0.0275115966796875 0.100379943847656
0.399566650390625 0.172454833984375 -0.167388916015625 -0.378387451171875
0.365997314453125 0.2017822265625 -0.51947021484375 -0.0921630859374999
0.441680908203125 0.098114013671875 -0.34722900390625 0.212158203125
0.4354248046875 -0.072418212890625 -0.0680694580078125 0.211044311523438
0.368499755859375 -0.301849365234375 0.0206527709960938 0.0552177429199219
0.22161865234375 -0.379547119140625 0.00300216674804689 -0.0290317535400391
0.21710205078125 -0.329345703125 -0.0429649353027343 -0.0568351745605469
0.2447509765625 -0.362030029296875 -0.020263671875 -0.0868988037109375
0.3404541015625 -0.298248291015625 0.048553466796875 -0.131446838378906
0.45709228515625 -0.11151123046875 0.102027893066406 -0.0890121459960938
0.46466064453125 0.06243896484375 0.209365844726563 -0.0519256591796875
0.335296630859375 0.306854248046875 0.32757568359375 0.1063232421875
0.331695556640625 0.34161376953125 0.2979736328125 0.251068115234375
0.377197265625 0.313751220703125 0.0217514038085938 0.0833740234375
0.453948974609375 0.130157470703125 0.118087768554688 0.212295532226563
0.303466796875 0.037811279296875 -0.130401611328125 -0.23577880859375
0.245071411132812 0.137130737304688 -0.4566650390625 0.013397216796875
0.352081298828125 0.09521484375 -0.317535400390625 0.272491455078125
0.389617919921875 -0.062957763671875 -0.107940673828125 0.270736694335938
0.342376708984375 -0.298583984375 -0.04376220703125 0.178268432617187
0.198883056640625 -0.3702392578125 -0.0450973510742187 0.129440307617187
0.201690673828125 -0.316864013671875 -0.0816497802734375 0.0910720825195312
0.2392578125 -0.343505859375 -0.0696830749511718 0.0502471923828125
0.341064453125 -0.259490966796875 -0.0185508728027344 -0.0153255462646484
0.440155029296875 -0.04705810546875 0.0391883850097657 -0.00725173950195313
0.397705078125 0.140655517578125 0.172149658203125 0.012969970703125
0.202880859375 0.316680908203125 0.334075927734375 0.19989013671875
0.219207763671875 0.2645263671875 0.337646484375 0.396026611328125
0.3453369140625 0.2015380859375 0.0769195556640625 0.24432373046875
0.33154296875 -0.04510498046875 0.193328857421875 0.284881591796875
0.129669189453125 -0.056549072265625 -0.0901947021484375 -0.109298706054688
0.0848312377929687 0.106163024902344 -0.366180419921875 0.0863647460937499
0.225860595703125 0.11224365234375 -0.26861572265625 0.2919921875
0.2974853515625 -0.03094482421875 -0.13409423828125 0.2998046875
0.26629638671875 -0.241302490234375 -0.09039306640625 0.2833251953125
0.148895263671875 -0.2979736328125 -0.0729217529296875 0.271011352539063
0.1531982421875 -0.255538940429688 -0.1029052734375 0.22320556640625
0.19329833984375 -0.279678344726563 -0.112533569335938 0.171005249023437
0.287689208984375 -0.192962646484375 -0.0897369384765625 0.083099365234375
0.349212646484375 0.014678955078125 -0.0323104858398437 0.0456886291503906
0.254348754882813 0.175186157226563 0.123497009277344 0.0518646240234375
0.04083251953125 0.232040405273438 0.3206787109375 0.269012451171875
0.103622436523437 0.107856750488281 0.3365478515625 0.528594970703125
0.295166015625 0.04071044921875 0.113922119140625 0.3701171875
0.149826049804688 -0.20111083984375 0.236358642578125 0.31158447265625
-0.0618209838867188 -0.106132507324219 -0.0585556030273438 -0.0196304321289063
-0.0681533813476563 0.09063720703125 -0.283050537109375 0.115142822265625
0.091278076171875 0.12774658203125 -0.23101806640625 0.280181884765625
0.17694091796875 0.0135040283203125 -0.157196044921875 0.30340576171875
0.161422729492188 -0.142547607421875 -0.118255615234375 0.356475830078125
0.0829620361328125 -0.1767578125 -0.079071044921875 0.3724365234375
0.0856781005859375 -0.15692138671875 -0.1051025390625 0.320159912109375
0.120407104492188 -0.181045532226563 -0.140472412109375 0.261001586914063
0.189971923828125 -0.110458374023437 -0.148590087890625 0.153884887695312
0.2099609375 0.05181884765625 -0.0905914306640625 0.0642547607421875
0.08251953125 0.14910888671875 0.0938186645507813 0.0561676025390625
-0.0938644409179687 0.069793701171875 0.317474365234375 0.3192138671875
0.0170669555664062 -0.095855712890625 0.3125 0.62591552734375
0.23046875 -0.1368408203125 0.143035888671875 0.437652587890625
-0.08935546875 0.314239501953125 -0.14642333984375 -0.413818359375
0.0958251953125 0.29034423828125 -0.27581787109375 -0.70245361328125
0.178054809570313 0.103790283203125 -0.377227783203125 -0.27142333984375
0.0937271118164063 -0.0450668334960938 -0.130264282226563 -0.00586700439453124
-0.0120010375976562 -0.0466957092285156 0.129814147949219 -0.039031982421875
-0.0547637939453125 0.0355796813964844 0.202560424804688 -0.224960327148438
-0.00565719604492187 0.0468063354492188 0.157867431640625 -0.357330322265625
0.00783538818359375 0.0242633819580078 0.091583251953125 -0.386505126953125
-0.00911140441894531 0.0339870452880859 0.07305908203125 -0.423492431640625
-0.0413322448730469 0.00385665893554688 0.1298828125 -0.4090576171875
-0.0440597534179688 -0.0755157470703125 0.1470947265625 -0.34320068359375
0.0478286743164063 -0.127006530761719 0.19329833984375 -0.271133422851563
0.20233154296875 -0.0474395751953125 0.23681640625 -0.136398315429688
0.212677001953125 0.159271240234375 0.0512199401855469 -0.0210380554199219
0.0496063232421875 0.242691040039062 -0.22259521484375 -0.39447021484375
0.07574462890625 0.4266357421875 -0.141937255859375 -0.325469970703125
0.185791015625 0.38690185546875 -0.2490234375 -0.69952392578125
0.277328491210938 0.251754760742188 -0.4432373046875 -0.287078857421875
0.26019287109375 0.05157470703125 -0.18792724609375 0.0259552001953125
0.163101196289063 -0.042633056640625 0.116310119628906 -0.000419616699218753
0.0951690673828125 -0.0704727172851563 0.197860717773438 -0.217819213867188
0.07867431640625 -0.0985794067382813 0.141143798828125 -0.35589599609375
0.0850753784179687 -0.108352661132812 0.068572998046875 -0.378082275390625
0.07318115234375 -0.12322998046875 0.064483642578125 -0.40875244140625
0.0769271850585938 -0.129592895507813 0.132415771484375 -0.400604248046875
0.115043640136719 -0.134834289550781 0.15704345703125 -0.315887451171875
0.19635009765625 -0.123275756835938 0.20208740234375 -0.237228393554687
0.309417724609375 0.02154541015625 0.235641479492188 -0.107986450195313
0.3438720703125 0.219512939453125 0.0818710327148438 -0.0186386108398437
0.2161865234375 0.323486328125 -0.200439453125 -0.336273193359375
0.262451171875 0.46380615234375 -0.114669799804688 -0.19244384765625
0.30328369140625 0.394500732421875 -0.2314453125 -0.6395263671875
0.37158203125 0.31219482421875 -0.514068603515625 -0.265777587890625
0.400665283203125 0.104827880859375 -0.268600463867187 0.0750885009765625
0.32122802734375 -0.04962158203125 0.0658187866210938 0.0586624145507813
0.235549926757812 -0.178359985351563 0.15869140625 -0.166397094726562
0.152847290039062 -0.235336303710937 0.10369873046875 -0.29876708984375
0.152542114257813 -0.226669311523438 0.033935546875 -0.31494140625
0.148162841796875 -0.2576904296875 0.045745849609375 -0.34063720703125
0.188934326171875 -0.241897583007813 0.120880126953125 -0.347442626953125
0.272186279296875 -0.173736572265625 0.157958984375 -0.265975952148438
0.342041015625 -0.09637451171875 0.217666625976563 -0.193527221679688
0.388763427734375 0.118133544921875 0.266250610351563 -0.0598602294921875
0.419097900390625 0.28350830078125 0.148788452148438 0.028778076171875
0.3353271484375 0.368804931640625 -0.140060424804687 -0.228897094726563
0.4259033203125 0.416229248046875 -0.0532455444335937 -0.0418968200683593
0.404998779296875 0.308990478515625 -0.21099853515625 -0.530853271484375
0.425384521484375 0.277557373046875 -0.55426025390625 -0.19158935546875
0.478057861328125 0.10540771484375 -0.33380126953125 0.148895263671875
0.42584228515625 -0.072906494140625 -0.00237274169921874 0.136489868164063
0.335723876953125 -0.27392578125 0.0945358276367188 -0.0712814331054688
0.201263427734375 -0.34417724609375 0.0536041259765625 -0.185806274414063
0.1982421875 -0.311767578125 -0.00653076171874999 -0.204849243164063
0.207977294921875 -0.348114013671875 0.0157928466796875 -0.228958129882813
0.283447265625 -0.30908203125 0.09259033203125 -0.255386352539063
0.40289306640625 -0.175567626953125 0.143051147460938 -0.187454223632813
0.452789306640625 -0.03759765625 0.227493286132813 -0.131622314453125
0.416595458984375 0.225830078125 0.3104248046875 0.010528564453125
0.42779541015625 0.3349609375 0.238204956054688 0.120712280273438
0.397125244140625 0.3709716796875 -0.0579071044921875 -0.0818252563476562
0.50689697265625 0.2928466796875 0.0374755859375 0.102455139160156
0.418731689453125 0.16827392578125 -0.184539794921875 -0.392608642578125
0.3895263671875 0.1971435546875 -0.542144775390625 -0.0820007324218749
0.464385986328125 0.08441162109375 -0.351654052734375 0.23272705078125
0.451171875 -0.0908203125 -0.0621337890625 0.21844482421875
0.37152099609375 -0.328094482421875 0.0220184326171875 0.0538673400878906
0.215240478515625 -0.40093994140625 -0.00144195556640623 -0.033071517944336
0.213653564453125 -0.351318359375 -0.0484771728515625 -0.0586624145507813
0.238922119140625 -0.384552001953125 -0.0253982543945312 -0.088836669921875
0.338653564453125 -0.322509765625 0.0420455932617188 -0.137611389160156
0.4696044921875 -0.13555908203125 0.104049682617188 -0.0934066772460938
0.4871826171875 0.04876708984375 0.217239379882813 -0.056793212890625
0.36199951171875 0.31024169921875 0.345428466796875 0.1007080078125
0.36065673828125 0.34271240234375 0.319183349609375 0.253509521484375
0.399688720703125 0.31524658203125 0.0227432250976563 0.089874267578125
0.47412109375 0.120269775390625 0.134994506835938 0.219024658203125
0.315277099609375 0.03106689453125 -0.141769409179687 -0.242523193359375
0.261764526367188 0.132064819335938 -0.47283935546875 0.0265808105468749
0.372650146484375 0.08489990234375 -0.319610595703125 0.29376220703125
0.404296875 -0.079803466796875 -0.102493286132812 0.280731201171875
0.34466552734375 -0.326568603515625 -0.04052734375 0.185134887695312
0.191192626953125 -0.390533447265625 -0.0453643798828125 0.132308959960938
0.195343017578125 -0.337005615234375 -0.0829620361328125 0.0959701538085938
0.23187255859375 -0.36700439453125 -0.0708236694335937 0.055572509765625
0.34063720703125 -0.28369140625 -0.0230789184570312 -0.0150318145751953
0.45513916015625 -0.066864013671875 0.0407829284667969 -0.00628662109375
0.4190673828125 0.13140869140625 0.179885864257813 0.01336669921875
0.224395751953125 0.3255615234375 0.353607177734375 0.195220947265625
0.23907470703125 0.267562866210938 0.36529541015625 0.401336669921875
0.362762451171875 0.19708251953125 0.08447265625 0.257339477539063
0.342315673828125 -0.058441162109375 0.215484619140625 0.292816162109375
0.132133483886719 -0.061279296875 -0.0952911376953125 -0.110931396484375
0.0940628051757813 0.107383728027344 -0.376495361328125 0.099639892578125
0.242172241210938 0.107818603515625 -0.26824951171875 0.311309814453125
0.30950927734375 -0.04364013671875 -0.129119873046875 0.31207275390625
0.267532348632813 -0.263931274414063 -0.084716796875 0.295166015625
0.140838623046875 -0.31512451171875 -0.0684051513671874 0.27996826171875
0.147140502929688 -0.27288818359375 -0.0994415283203125 0.234527587890625
0.187896728515625 -0.29974365234375 -0.110733032226562 0.181732177734375
0.287445068359375 -0.212371826171875 -0.0919723510742187 0.08941650390625
0.363128662109375 -0.00018310546875 -0.031646728515625 0.0523834228515625
0.271514892578125 0.172760009765625 0.130447387695313 0.0548248291015625
0.0514068603515625 0.242294311523438 0.341278076171875 0.269775390625
0.111915588378906 0.107658386230469 0.36529541015625 0.538421630859375
0.304656982421875 0.031036376953125 0.12677001953125 0.387115478515625
0.148361206054688 -0.214065551757813 0.259674072265625 0.32098388671875
-0.0675277709960938 -0.105789184570312 -0.0598983764648438 -0.0177841186523437
-0.0664215087890625 0.0970916748046875 -0.289093017578125 0.127655029296875
0.101768493652344 0.128898620605469 -0.229156494140625 0.29638671875
0.185684204101562 0.00628662109375 -0.152984619140625 0.317413330078125
0.162139892578125 -0.156524658203125 -0.111297607421875 0.3709716796875
0.07672119140625 -0.187469482421875 -0.070556640625 0.3868408203125
0.0817108154296875 -0.1685791015625 -0.0980224609375 0.3348388671875
0.116439819335937 -0.1943359375 -0.135894775390625 0.276214599609375
0.192108154296875 -0.123886108398438 -0.149246215820312 0.164199829101563
0.221908569335937 0.0429229736328125 -0.0911331176757813 0.0726165771484375
0.0925750732421875 0.152969360351563 0.0975112915039063 0.0595550537109375
-0.0954666137695313 0.0788116455078125 0.337982177734375 0.31878662109375
0.0137481689453125 -0.101799011230469 0.3414306640625 0.64068603515625
0.23291015625 -0.152099609375 0.157684326171875 0.4571533203125
-0.073333740234375 0.33270263671875 -0.1729736328125 -0.42706298828125
0.119873046875 0.29388427734375 -0.32513427734375 -0.71771240234375
0.189071655273438 0.094757080078125 -0.40679931640625 -0.26239013671875
0.0908355712890625 -0.0536727905273438 -0.131515502929688 0.00182342529296873
-0.0183334350585938 -0.0468254089355469 0.130882263183594 -0.0501480102539063
-0.0544013977050781 0.043853759765625 0.191574096679688 -0.245574951171875
-7.24792480468735E-05 0.0506820678710938 0.139068603515625 -0.381622314453125
0.00965690612792969 0.0273399353027344 0.0697021484375 -0.404449462890625
-0.00780487060546875 0.0372772216796875 0.0509033203125 -0.44091796875
-0.0422096252441406 0.007843017578125 0.109344482421875 -0.426971435546875
-0.052886962890625 -0.0735702514648438 0.130523681640625 -0.36181640625
0.0401535034179687 -0.136131286621094 0.181793212890625 -0.2919921875
0.206832885742188 -0.0648040771484375 0.23529052734375 -0.154052734375
0.232421875 0.1502685546875 0.0542755126953125 -0.0254478454589844
0.068023681640625 0.249923706054687 -0.2542724609375 -0.39801025390625
0.10284423828125 0.4385986328125 -0.161529541015625 -0.3359375
0.218017578125 0.389373779296875 -0.296875 -0.716064453125
0.302581787109375 0.242218017578125 -0.47589111328125 -0.27288818359375
0.270614624023438 0.035247802734375 -0.189712524414063 0.03814697265625
0.163375854492188 -0.052520751953125 0.120582580566406 -0.0112686157226563
0.0937042236328125 -0.0751419067382813 0.188461303710937 -0.2391357421875
0.0773696899414062 -0.103981018066406 0.120086669921875 -0.38055419921875
0.0813751220703125 -0.115592956542969 0.044403076171875 -0.3975830078125
0.0667800903320312 -0.13134765625 0.042633056640625 -0.42608642578125
0.0695724487304688 -0.137588500976563 0.112091064453125 -0.419464111328125
0.108505249023438 -0.146041870117188 0.143218994140625 -0.3343505859375
0.196197509765625 -0.141448974609375 0.1943359375 -0.256820678710938
0.321990966796875 0.002838134765625 0.23712158203125 -0.124771118164062
0.37274169921875 0.20343017578125 0.085906982421875 -0.024505615234375
0.245574951171875 0.32513427734375 -0.22918701171875 -0.337371826171875
0.299102783203125 0.466705322265625 -0.1251220703125 -0.1983642578125
0.338531494140625 0.390045166015625 -0.27410888671875 -0.65509033203125
0.40338134765625 0.299652099609375 -0.54730224609375 -0.246826171875
0.420867919921875 0.082763671875 -0.270736694335938 0.0950775146484375
0.32745361328125 -0.069854736328125 0.0726318359375 0.0533905029296875
0.231033325195313 -0.198226928710938 0.151473999023438 -0.184127807617187
0.144119262695312 -0.25103759765625 0.086029052734375 -0.3193359375
0.143035888671875 -0.24224853515625 0.013031005859375 -0.32958984375
0.136199951171875 -0.275192260742188 0.0263671875 -0.354949951171875
0.177871704101563 -0.260406494140625 0.10235595703125 -0.36517333984375
0.269012451171875 -0.197280883789063 0.147323608398438 -0.280990600585938
0.3489990234375 -0.12249755859375 0.214706420898438 -0.211593627929688
0.412841796875 0.0982666015625 0.272232055664063 -0.07818603515625
0.456085205078125 0.265106201171875 0.159347534179688 0.020477294921875
0.3717041015625 0.36431884765625 -0.160049438476562 -0.22796630859375
0.465179443359375 0.4058837890625 -0.0521965026855468 -0.0440902709960937
0.437469482421875 0.2958984375 -0.248931884765625 -0.543365478515625
0.45819091796875 0.25958251953125 -0.58612060546875 -0.16876220703125
0.50311279296875 0.076629638671875 -0.334503173828125 0.17535400390625
0.434722900390625 -0.100616455078125 0.00672912597656254 0.137481689453125
0.32843017578125 -0.304595947265625 0.0921249389648438 -0.0824737548828125
0.1876220703125 -0.366790771484375 0.0393829345703125 -0.199295043945313
0.18310546875 -0.334625244140625 -0.023040771484375 -0.212265014648438
0.190765380859375 -0.373779296875 0.00164794921875002 -0.237350463867188
0.26885986328125 -0.3388671875 0.07696533203125 -0.268478393554688
0.403839111328125 -0.209564208984375 0.136260986328125 -0.19989013671875
0.469085693359375 -0.06915283203125 0.230331420898438 -0.147445678710938
0.45025634765625 0.20770263671875 0.3236083984375 -0.00775146484374999
0.466522216796875 0.321502685546875 0.256439208984375 0.110595703125
0.43218994140625 0.36279296875 -0.06689453125 -0.0782699584960937
0.543548583984375 0.27294921875 0.0504302978515625 0.102340698242188
0.443084716796875 0.148529052734375 -0.21160888671875 -0.3984375
0.41729736328125 0.17718505859375 -0.5667724609375 -0.052978515625
0.4891357421875 0.057159423828125 -0.348114013671875 0.262908935546875
0.46295166015625 -0.121551513671875 -0.0499420166015625 0.2266845703125
0.3624267578125 -0.366180419921875 0.0255661010742188 0.0521163940429687
0.19586181640625 -0.42626953125 -0.00703811645507811 -0.0379714965820313
0.196502685546875 -0.37725830078125 -0.0573539733886719 -0.0591697692871094
0.219512939453125 -0.414642333984375 -0.0329513549804687 -0.0895843505859375
0.323944091796875 -0.354736328125 0.0317535400390625 -0.143020629882813
0.475860595703125 -0.171478271484375 0.101287841796875 -0.0994415283203125
0.50836181640625 0.01806640625 0.223861694335938 -0.0679168701171875
0.398193359375 0.301177978515625 0.365325927734375 0.083160400390625
0.397308349609375 0.3321533203125 0.34832763671875 0.24249267578125
0.43115234375 0.3048095703125 0.0264205932617188 0.0960693359375
0.499847412109375 0.09674072265625 0.158782958984375 0.218475341796875
0.32769775390625 0.013763427734375 -0.159683227539062 -0.244705200195313
0.2813720703125 0.119171142578125 -0.486846923828125 0.0551757812500001
0.394256591796875 0.0631103515625 -0.31182861328125 0.32305908203125
0.41522216796875 -0.109344482421875 -0.088714599609375 0.29412841796875
0.334442138671875 -0.3612060546875 -0.0305938720703125 0.191574096679688
0.17193603515625 -0.414215087890625 -0.0420074462890625 0.137153625488281
0.178619384765625 -0.36346435546875 -0.0817794799804687 0.102790832519531
0.213287353515625 -0.39501953125 -0.0702972412109375 0.0629043579101562
0.3297119140625 -0.31524658203125 -0.0277519226074219 -0.013479232788086
0.464691162109375 -0.101318359375 0.0422096252441407 -0.00521087646484376
0.445159912109375 0.10894775390625 0.190093994140625 0.00679016113281251
0.254913330078125 0.32470703125 0.37786865234375 0.180572509765625
0.266372680664063 0.260116577148438 0.402740478515625 0.3944091796875
0.385498046875 0.184814453125 0.101028442382813 0.267074584960938
0.34979248046875 -0.08087158203125 0.246978759765625 0.292144775390625
0.132301330566406 -0.069732666015625 -0.10382080078125 -0.109375
0.106040954589844 0.105079650878906 -0.381805419921875 0.12591552734375
0.2607421875 0.0942230224609375 -0.25775146484375 0.337890625
0.3194580078125 -0.066131591796875 -0.114349365234375 0.328643798828125
0.25909423828125 -0.293975830078125 -0.06976318359375 0.308563232421875
0.12310791015625 -0.335113525390625 -0.0552978515625 0.291961669921875
0.133056640625 -0.294189453125 -0.0898590087890625 0.247146606445312
0.173492431640625 -0.323699951171875 -0.102951049804687 0.1951904296875
0.280075073242188 -0.239883422851563 -0.0911026000976562 0.098052978515625
0.37640380859375 -0.027008056640625 -0.0288047790527343 0.0588302612304688
0.29364013671875 0.16192626953125 0.139320373535156 0.0525436401367188
0.0699920654296875 0.250732421875 0.368194580078125 0.25823974609375
0.122169494628906 0.102615356445313 0.41009521484375 0.535430908203125
0.313873291015625 0.0123291015625 0.15167236328125 0.400177001953125
0.13897705078125 -0.231201171875 0.294158935546875 0.3194580078125
-0.0767898559570313 -0.102096557617188 -0.0612831115722656 -0.014129638671875
-0.0610885620117188 0.104812622070313 -0.289886474609375 0.149810791015625
0.115715026855469 0.12640380859375 -0.21868896484375 0.318145751953125
0.194046020507813 -0.0069427490234375 -0.1396484375 0.3343505859375
0.15863037109375 -0.1749267578125 -0.09161376953125 0.38836669921875
0.064666748046875 -0.198867797851562 -0.05108642578125 0.401702880859375
0.0711212158203125 -0.182373046875 -0.0804443359375 0.350860595703125
0.105621337890625 -0.210906982421875 -0.1220703125 0.294403076171875
0.189529418945312 -0.143356323242187 -0.14373779296875 0.179443359375
0.234085083007813 0.0279541015625 -0.0888671875 0.0835342407226562
0.107421875 0.152847290039063 0.104515075683594 0.0592269897460938
-0.0936203002929688 0.0910873413085938 0.367919921875 0.308197021484375
0.00685882568359375 -0.107688903808594 0.3914794921875 0.64251708984375
0.228607177734375 -0.174346923828125 0.186798095703125 0.470367431640625
-0.049835205078125 0.342681884765625 -0.205352783203125 -0.42828369140625
0.14678955078125 0.28466796875 -0.3802490234375 -0.70849609375
0.196624755859375 0.0803680419921875 -0.43060302734375 -0.236663818359375
0.08642578125 -0.061004638671875 -0.129837036132813 0.0101699829101562
-0.0248489379882813 -0.0435943603515625 0.129043579101563 -0.0634613037109375
-0.0504035949707031 0.0524444580078125 0.172073364257813 -0.26263427734375
0.00602722167968749 0.0527496337890625 0.1072998046875 -0.397552490234375
0.0131092071533203 0.0302257537841797 0.039154052734375 -0.414154052734375
-0.00350189208984375 0.040435791015625 0.02044677734375 -0.4478759765625
-0.0429611206054688 0.0142784118652344 0.078826904296875 -0.43719482421875
-0.0620002746582031 -0.0676193237304687 0.103912353515625 -0.37335205078125
0.02764892578125 -0.143020629882813 0.160491943359375 -0.306854248046875
0.203826904296875 -0.0830078125 0.224090576171875 -0.17236328125
0.248733520507813 0.132675170898438 0.0562744140625 -0.0292816162109375
0.089752197265625 0.247955322265625 -0.29052734375 -0.38641357421875
0.13604736328125 0.436279296875 -0.1842041015625 -0.3338623046875
0.24908447265625 0.37603759765625 -0.3531494140625 -0.70904541015625
0.322967529296875 0.22015380859375 -0.500732421875 -0.24359130859375
0.27386474609375 0.0135345458984375 -0.184738159179687 0.0531768798828125
0.159439086914063 -0.064208984375 0.121841430664063 -0.0219039916992188
0.0880966186523438 -0.08087158203125 0.167327880859375 -0.2564697265625
0.0728225708007813 -0.107200622558594 0.0887451171875 -0.39654541015625
0.0731201171875 -0.120803833007813 0.013580322265625 -0.40423583984375
0.0579681396484375 -0.1348876953125 0.00964355468750002 -0.433074951171875
0.059234619140625 -0.141098022460938 0.081268310546875 -0.428192138671875
0.0971527099609375 -0.154129028320313 0.121856689453125 -0.3455810546875
0.186935424804688 -0.160507202148438 0.175628662109375 -0.27459716796875
0.3265380859375 -0.02374267578125 0.23046875 -0.144180297851563
0.3936767578125 0.17596435546875 0.0885543823242188 -0.0319900512695312
0.275146484375 0.312896728515625 -0.26019287109375 -0.32427978515625
0.336639404296875 0.449798583984375 -0.138824462890625 -0.198577880859375
0.371673583984375 0.368255615234375 -0.32598876953125 -0.6497802734375
0.429962158203125 0.27069091796875 -0.5709228515625 -0.211181640625
0.431182861328125 0.050323486328125 -0.262115478515625 0.116531372070312
0.325653076171875 -0.095916748046875 0.0774917602539063 0.0460586547851562
0.217071533203125 -0.217742919921875 0.138870239257813 -0.200057983398438
0.127334594726563 -0.263900756835938 0.056671142578125 -0.331390380859375
0.123977661132812 -0.254257202148437 -0.0159912109375 -0.336151123046875
0.11517333984375 -0.286590576171875 -0.00149536132812501 -0.359771728515625
0.157867431640625 -0.275131225585938 0.0733642578125 -0.375823974609375
0.254257202148438 -0.219985961914063 0.128021240234375 -0.29241943359375
0.34442138671875 -0.15362548828125 0.201690673828125 -0.2291259765625
0.427520751953125 0.067291259765625 0.269271850585938 -0.099090576171875
0.484039306640625 0.23272705078125 0.164520263671875 0.00892639160156251
0.403717041015625 0.34381103515625 -0.180908203125 -0.218002319335937
0.500213623046875 0.375 -0.0526809692382812 -0.0457496643066406
0.465728759765625 0.2666015625 -0.291259765625 -0.53558349609375
0.4835205078125 0.22760009765625 -0.60546875 -0.12750244140625
0.5169677734375 0.037200927734375 -0.3212890625 0.20233154296875
0.4334716796875 -0.13555908203125 0.0190353393554688 0.135581970214844
0.30743408203125 -0.33526611328125 0.08551025390625 -0.092010498046875
0.159637451171875 -0.38604736328125 0.0207366943359375 -0.209213256835938
0.15716552734375 -0.35186767578125 -0.0448760986328125 -0.213729858398438
0.161224365234375 -0.391021728515625 -0.01763916015625 -0.240280151367188
0.242279052734375 -0.3597412109375 0.054473876953125 -0.274932861328125
0.3909912109375 -0.243621826171875 0.123336791992188 -0.209197998046875
0.47113037109375 -0.107574462890625 0.223724365234375 -0.166351318359375
0.475128173828125 0.175323486328125 0.327789306640625 -0.034088134765625
0.500274658203125 0.28570556640625 0.27099609375 0.0914154052734375
0.46429443359375 0.33673095703125 -0.0758056640625 -0.0716781616210937
0.56939697265625 0.23638916015625 0.0626373291015625 0.0959091186523438
0.45697021484375 0.11944580078125 -0.242584228515625 -0.391845703125
0.435272216796875 0.146453857421875 -0.57489013671875 -0.0116577148437499
0.50079345703125 0.017547607421875 -0.330047607421875 0.29205322265625
0.459930419921875 -0.160797119140625 -0.03240966796875 0.229232788085938
0.338104248046875 -0.4013671875 0.0302085876464844 0.0479888916015625
0.163055419921875 -0.447021484375 -0.0150794982910156 -0.0408782958984375
0.167755126953125 -0.396759033203125 -0.066650390625 -0.0563926696777344
0.1854248046875 -0.434600830078125 -0.041290283203125 -0.0876693725585938
0.293975830078125 -0.38177490234375 0.01708984375 -0.14508056640625
0.46588134765625 -0.213043212890625 0.0962066650390625 -0.104660034179688
0.5179443359375 -0.023345947265625 0.22479248046875 -0.084503173828125
0.42828369140625 0.274932861328125 0.375274658203125 0.055267333984375
0.4287109375 0.302276611328125 0.371978759765625 0.218994140625
0.456878662109375 0.2784423828125 0.0334014892578125 0.0995254516601563
0.513763427734375 0.059600830078125 0.18267822265625 0.20819091796875
0.33074951171875 -0.008514404296875 -0.177932739257812 -0.238677978515625
0.293853759765625 0.0982666015625 -0.487518310546875 0.092193603515625
0.40594482421875 0.031402587890625 -0.28857421875 0.350250244140625
0.414520263671875 -0.144317626953125 -0.065460205078125 0.301055908203125
0.308319091796875 -0.396392822265625 -0.01678466796875 0.193832397460937
0.1395263671875 -0.43499755859375 -0.0360107421875 0.13916015625
0.149505615234375 -0.3814697265625 -0.0783767700195312 0.109565734863281
0.180877685546875 -0.41748046875 -0.0668411254882812 0.0697059631347656
0.303375244140625 -0.344573974609375 -0.031442642211914 -0.0106449127197266
0.461029052734375 -0.140899658203125 0.0426216125488282 -0.00503921508789063
0.45941162109375 0.07452392578125 0.195480346679688 -0.0049285888671875
0.285064697265625 0.3115234375 0.39556884765625 0.152679443359375
0.28875732421875 0.24114990234375 0.4376220703125 0.368804931640625
0.40093994140625 0.158721923828125 0.120758056640625 0.267196655273437
0.3470458984375 -0.10711669921875 0.27764892578125 0.2779541015625
0.127731323242188 -0.0778732299804688 -0.109779357910156 -0.104011535644531
0.115501403808594 0.0973739624023438 -0.376129150390625 0.155303955078125
0.273422241210938 0.0738067626953125 -0.231170654296875 0.361663818359375
0.320953369140625 -0.093536376953125 -0.09014892578125 0.338348388671875
0.238433837890625 -0.3203125 -0.047027587890625 0.314971923828125
0.096588134765625 -0.348541259765625 -0.037139892578125 0.297149658203125
0.10833740234375 -0.309051513671875 -0.073028564453125 0.255020141601562
0.145751953125 -0.3421630859375 -0.08843994140625 0.206558227539062
0.2613525390625 -0.2657470703125 -0.0860366821289063 0.106925964355469
0.3780517578125 -0.059783935546875 -0.0237846374511719 0.0650405883789063
0.31219482421875 0.139404296875 0.146255493164063 0.0463409423828125
0.0908355712890625 0.250076293945313 0.391265869140625 0.230804443359375
0.130867004394531 0.0931930541992187 0.453369140625 0.511962890625
0.315643310546875 -0.01055908203125 0.1820068359375 0.39947509765625
0.122039794921875 -0.243972778320313 0.328094482421875 0.3043212890625
-0.084625244140625 -0.0947341918945312 -0.060546875 -0.00873947143554687
-0.0524673461914062 0.111717224121094 -0.28118896484375 0.17138671875
0.129508972167969 0.11785888671875 -0.1966552734375 0.3388671875
0.197677612304687 -0.0237274169921875 -0.115631103515625 0.346038818359375
0.146438598632813 -0.191986083984375 -0.06365966796875 0.397308349609375
0.0478515625 -0.20697021484375 -0.02252197265625 0.4083251953125
0.0551605224609375 -0.191482543945313 -0.05511474609375 0.360015869140625
0.0887451171875 -0.223220825195312 -0.0987548828125 0.307403564453125
0.17828369140625 -0.163131713867188 -0.13165283203125 0.1925048828125
0.240005493164063 0.00628662109375 -0.0829010009765625 0.095001220703125
0.122894287109375 0.146575927734375 0.110130310058594 0.0550613403320313
-0.0865478515625 0.101951599121094 0.391571044921875 0.28314208984375
-0.00290679931640625 -0.111244201660156 0.4417724609375 0.622802734375
0.214553833007813 -0.195419311523438 0.22314453125 0.469940185546875
-0.0260009765625 0.342864990234375 -0.2303466796875 -0.412109375
0.165435791015625 0.268630981445313 -0.4229736328125 -0.6766357421875
0.199539184570312 0.066162109375 -0.438690185546875 -0.208709716796875
0.079254150390625 -0.0674972534179688 -0.123672485351563 0.01751708984375
-0.0288200378417969 -0.0410308837890625 0.123374938964844 -0.0706100463867187
-0.0451583862304688 0.0560264587402344 0.148361206054688 -0.271530151367188
0.0115432739257812 0.0510444641113281 0.078521728515625 -0.401580810546875
0.0157070159912109 0.0297927856445313 0.010040283203125 -0.40985107421875
-0.00177764892578125 0.0424919128417969 -0.0111083984375 -0.441925048828125
-0.0386428833007813 0.0205230712890625 0.05157470703125 -0.43115234375
-0.0672950744628906 -0.05938720703125 0.0792236328125 -0.37005615234375
0.0147552490234375 -0.143203735351563 0.1343994140625 -0.312042236328125
0.194778442382813 -0.0979766845703125 0.208740234375 -0.181106567382813
0.255355834960938 0.113555908203125 0.0551986694335938 -0.0354461669921875
0.10711669921875 0.243759155273438 -0.315185546875 -0.362579345703125
0.161529541015625 0.41998291015625 -0.202850341796875 -0.322662353515625
0.27325439453125 0.356658935546875 -0.39361572265625 -0.68292236328125
0.3321533203125 0.197479248046875 -0.5101318359375 -0.209625244140625
0.272186279296875 -0.008087158203125 -0.174179077148437 0.0621337890625
0.152740478515625 -0.07342529296875 0.117874145507813 -0.0308380126953125
0.0804672241210938 -0.0840072631835938 0.147689819335938 -0.264495849609375
0.0661392211914063 -0.111900329589844 0.0537109375 -0.398193359375
0.0673141479492187 -0.122940063476563 -0.01641845703125 -0.401580810546875
0.0469741821289062 -0.136154174804688 -0.01690673828125 -0.426788330078125
0.046966552734375 -0.140823364257813 0.050323486328125 -0.4217529296875
0.084197998046875 -0.155609130859375 0.0977783203125 -0.345367431640625
0.173095703125 -0.174514770507813 0.156219482421875 -0.281280517578125
0.32318115234375 -0.04705810546875 0.215499877929688 -0.156280517578125
0.402069091796875 0.14556884765625 0.08685302734375 -0.03857421875
0.2919921875 0.289337158203125 -0.2786865234375 -0.30670166015625
0.360198974609375 0.423095703125 -0.148544311523438 -0.193450927734375
0.389007568359375 0.338409423828125 -0.3614501953125 -0.62261962890625
0.4404296875 0.239013671875 -0.57745361328125 -0.172607421875
0.429046630859375 0.0177001953125 -0.248992919921875 0.12945556640625
0.313018798828125 -0.11474609375 0.08221435546875 0.0349502563476562
0.196868896484375 -0.22796630859375 0.120697021484375 -0.2073974609375
0.108200073242187 -0.2685546875 0.03076171875 -0.33135986328125
0.105438232421875 -0.256805419921875 -0.041656494140625 -0.3311767578125
0.0904541015625 -0.2891845703125 -0.025390625 -0.355560302734375
0.134796142578125 -0.27813720703125 0.047515869140625 -0.37091064453125
0.233261108398438 -0.235122680664063 0.107421875 -0.29144287109375
0.329010009765625 -0.17572021484375 0.18438720703125 -0.23736572265625
0.427520751953125 0.035308837890625 0.258392333984375 -0.11602783203125
0.495452880859375 0.194793701171875 0.166152954101563 -0.00500488281249999
0.422576904296875 0.31561279296875 -0.194793701171875 -0.20465087890625
0.514923095703125 0.338623046875 -0.0515098571777343 -0.0454559326171875
0.47564697265625 0.23284912109375 -0.320587158203125 -0.51934814453125
0.4908447265625 0.190643310546875 -0.602783203125 -0.0896606445312501
0.5093994140625 0.000946044921875 -0.300750732421875 0.21923828125
0.418121337890625 -0.163330078125 0.029022216796875 0.129806518554688
0.277587890625 -0.35272216796875 0.0785293579101563 -0.100967407226563
0.133270263671875 -0.38983154296875 0.0011444091796875 -0.2091064453125
0.129364013671875 -0.356109619140625 -0.0617218017578125 -0.207168579101563
0.130889892578125 -0.394378662109375 -0.033355712890625 -0.237045288085938
0.208526611328125 -0.372711181640625 0.0315093994140625 -0.272171020507813
0.366424560546875 -0.27008056640625 0.106582641601563 -0.21185302734375
0.45770263671875 -0.14208984375 0.210479736328125 -0.176406860351562
0.480499267578125 0.1417236328125 0.319244384765625 -0.056640625
0.51287841796875 0.245086669921875 0.27703857421875 0.0718536376953125
0.48040771484375 0.3045654296875 -0.0797042846679687 -0.0634536743164063
0.57647705078125 0.1949462890625 0.0698623657226563 0.0873870849609375
0.45733642578125 0.08770751953125 -0.265838623046875 -0.3751220703125
0.436798095703125 0.113922119140625 -0.569580078125 0.0228881835937499
0.497802734375 -0.0194091796875 -0.3018798828125 0.30999755859375
0.442901611328125 -0.190155029296875 -0.0147247314453125 0.22637939453125
0.30108642578125 -0.4193115234375 0.0303688049316406 0.042724609375
0.128143310546875 -0.45208740234375 -0.02203369140625 -0.0403938293457032
0.13427734375 -0.4013671875 -0.0746917724609375 -0.0504226684570313
0.150848388671875 -0.441558837890625 -0.0457687377929687 -0.083953857421875
0.258941650390625 -0.394134521484375 0.003936767578125 -0.141464233398438
0.444122314453125 -0.2423095703125 0.0867385864257813 -0.105682373046875
0.510498046875 -0.061614990234375 0.21661376953125 -0.0978851318359375
0.44439697265625 0.241607666015625 0.37371826171875 0.02716064453125
0.44561767578125 0.265716552734375 0.384796142578125 0.189666748046875
0.4691162109375 0.247955322265625 0.0380096435546875 0.0992050170898438
0.50909423828125 0.02459716796875 0.197860717773438 0.19097900390625
0.325714111328125 -0.028656005859375 -0.189697265625 -0.227615356445312
0.2967529296875 0.076995849609375 -0.4736328125 0.121124267578125
0.4052734375 -9.1552734375E-05 -0.256622314453125 0.364837646484375
0.401336669921875 -0.170745849609375 -0.04400634765625 0.298553466796875
0.273468017578125 -0.4169921875 -0.0030670166015625 0.187088012695312
0.105438232421875 -0.4385986328125 -0.0303115844726562 0.138229370117187
0.11767578125 -0.38531494140625 -0.0736160278320313 0.11297607421875
0.148284912109375 -0.4241943359375 -0.06170654296875 0.0706024169921875
0.2689208984375 -0.35845947265625 -0.0344257354736328 -0.00679779052734377
0.442596435546875 -0.17486572265625 0.042449951171875 -0.00529098510742189
0.457794189453125 0.04205322265625 0.195648193359375 -0.0157928466796875
0.304046630859375 0.286285400390625 0.396820068359375 0.12335205078125
0.300048828125 0.21551513671875 0.453277587890625 0.33380126953125
0.403533935546875 0.131195068359375 0.135772705078125 0.261337280273438
0.334686279296875 -0.12860107421875 0.29736328125 0.25628662109375
0.12030029296875 -0.0819015502929687 -0.113174438476562 -0.0971908569335938
0.121513366699219 0.0888671875 -0.360931396484375 0.175994873046875
0.276626586914063 0.052886962890625 -0.20111083984375 0.371185302734375
0.31201171875 -0.116241455078125 -0.067138671875 0.336456298828125
0.21142578125 -0.337371826171875 -0.024993896484375 0.308074951171875
0.07000732421875 -0.352020263671875 -0.02044677734375 0.294830322265625
0.08331298828125 -0.310028076171875 -0.0591278076171875 0.256668090820313
0.118316650390625 -0.3487548828125 -0.0714111328125 0.209335327148437
0.234786987304687 -0.278854370117188 -0.0787124633789062 0.110145568847656
0.367034912109375 -0.087188720703125 -0.0176811218261718 0.0672531127929688
0.319091796875 0.114837646484375 0.149017333984375 0.037109375
0.10833740234375 0.244293212890625 0.39801025390625 0.20001220703125
0.13482666015625 0.0803146362304687 0.47760009765625 0.474029541015625
0.306365966796875 -0.02984619140625 0.204742431640625 0.3897705078125
0.102386474609375 -0.248443603515625 0.3492431640625 0.2808837890625
-0.0879364013671875 -0.085052490234375 -0.0572853088378906 -0.00535964965820313
-0.0442428588867188 0.114242553710938 -0.264694213867187 0.187820434570312
0.136817932128906 0.107017517089844 -0.16778564453125 0.345458984375
0.19573974609375 -0.0383758544921875 -0.090576171875 0.346588134765625
0.12933349609375 -0.204421997070313 -0.03460693359375 0.392852783203125
0.0298919677734375 -0.207138061523438 0.00286865234375004 0.403961181640625
0.039276123046875 -0.192611694335938 -0.032135009765625 0.355926513671875
0.069488525390625 -0.22906494140625 -0.07550048828125 0.30810546875
0.1636962890625 -0.175323486328125 -0.117889404296875 0.198989868164062
0.23699951171875 -0.0127410888671875 -0.0744094848632813 0.101394653320313
0.132286071777344 0.135887145996094 0.11273193359375 0.0502471923828125
-0.0778579711914062 0.109764099121094 0.402252197265625 0.250701904296875
-0.0117950439453125 -0.110794067382813 0.47271728515625 0.58538818359375
0.195755004882813 -0.207382202148438 0.248870849609375 0.45306396484375
-0.012237548828125 0.336578369140625 -0.2415771484375 -0.40118408203125
0.17572021484375 0.254318237304688 -0.44073486328125 -0.6490478515625
0.197418212890625 0.05560302734375 -0.438720703125 -0.186492919921875
0.0726242065429688 -0.0684967041015625 -0.117446899414062 0.0194625854492187
-0.0332298278808594 -0.03662109375 0.116737365722656 -0.078399658203125
-0.0399093627929688 0.0603256225585937 0.130172729492187 -0.270553588867188
0.0167732238769531 0.0515251159667969 0.051544189453125 -0.396148681640625
0.0163516998291016 0.0312156677246094 -0.00799560546874999 -0.4041748046875
0.00184249877929688 0.04486083984375 -0.02679443359375 -0.434112548828125
-0.0366401672363281 0.0234870910644531 0.033843994140625 -0.42071533203125
-0.0709304809570313 -0.0523452758789063 0.0623779296875 -0.361663818359375
0.00613403320312499 -0.14166259765625 0.11669921875 -0.30633544921875
0.186248779296875 -0.106109619140625 0.19561767578125 -0.1846923828125
0.259017944335938 0.09832763671875 0.0566368103027344 -0.0378074645996094
0.117767333984375 0.232528686523438 -0.32489013671875 -0.3472900390625
0.175628662109375 0.40765380859375 -0.21124267578125 -0.313629150390625
0.282440185546875 0.33453369140625 -0.412353515625 -0.6580810546875
0.333251953125 0.17877197265625 -0.506561279296875 -0.186676025390625
0.2615966796875 -0.0201568603515625 -0.165557861328125 0.0661163330078125
0.141510009765625 -0.0775604248046875 0.114936828613281 -0.0401763916015625
0.0747909545898438 -0.0804901123046875 0.130355834960938 -0.266220092773438
0.0598602294921875 -0.112106323242188 0.0330810546875 -0.391387939453125
0.0581130981445312 -0.119972229003906 -0.03570556640625 -0.39117431640625
0.042144775390625 -0.132896423339844 -0.03662109375 -0.41827392578125
0.040252685546875 -0.136161804199219 0.031524658203125 -0.415435791015625
0.0715484619140625 -0.1572265625 0.081878662109375 -0.339508056640625
0.157608032226563 -0.17816162109375 0.139877319335938 -0.278121948242188
0.313446044921875 -0.062225341796875 0.205032348632813 -0.160171508789063
0.40460205078125 0.122833251953125 0.0862197875976563 -0.0439987182617187
0.30181884765625 0.276153564453125 -0.289794921875 -0.288238525390625
0.37017822265625 0.400634765625 -0.153228759765625 -0.185592651367188
0.395233154296875 0.31634521484375 -0.38043212890625 -0.6031494140625
0.44219970703125 0.215911865234375 -0.57470703125 -0.14617919921875
0.41876220703125 -0.00238037109375 -0.234344482421875 0.13812255859375
0.298583984375 -0.126129150390625 0.0810470581054688 0.0314407348632812
0.181198120117188 -0.229934692382813 0.107986450195313 -0.21063232421875
0.09423828125 -0.266799926757812 0.00869750976562498 -0.3292236328125
0.0912628173828125 -0.25445556640625 -0.06060791015625 -0.320770263671875
0.07757568359375 -0.286376953125 -0.040985107421875 -0.34820556640625
0.116256713867188 -0.275665283203125 0.02740478515625 -0.362091064453125
0.218063354492188 -0.239639282226563 0.094024658203125 -0.289398193359375
0.313720703125 -0.189239501953125 0.170547485351563 -0.241165161132813
0.42041015625 0.014251708984375 0.247634887695313 -0.124374389648438
0.493377685546875 0.1685791015625 0.164566040039063 -0.0142974853515625
0.4271240234375 0.295440673828125 -0.200836181640625 -0.189895629882812
0.521087646484375 0.310638427734375 -0.0539741516113281 -0.0466346740722656
0.473968505859375 0.210174560546875 -0.337646484375 -0.496856689453125
0.4910888671875 0.16729736328125 -0.59637451171875 -0.06396484375
0.5006103515625 -0.0274658203125 -0.281646728515625 0.22686767578125
0.402191162109375 -0.178131103515625 0.0342941284179688 0.120681762695312
0.251708984375 -0.3577880859375 0.0699234008789063 -0.103668212890625
0.111114501953125 -0.3885498046875 -0.014007568359375 -0.206863403320313
0.112274169921875 -0.35186767578125 -0.0764617919921875 -0.2000732421875
0.10980224609375 -0.392333984375 -0.0458831787109375 -0.230575561523438
0.1873779296875 -0.367340087890625 0.0183563232421875 -0.26629638671875
0.34619140625 -0.27899169921875 0.0982513427734375 -0.20709228515625
0.442413330078125 -0.161163330078125 0.198593139648438 -0.182952880859375
0.479522705078125 0.11566162109375 0.30865478515625 -0.06781005859375
0.51593017578125 0.21820068359375 0.274826049804688 0.05731201171875
0.481536865234375 0.283111572265625 -0.0820236206054687 -0.0556869506835938
0.5743408203125 0.167724609375 0.0751800537109375 0.07916259765625
0.453399658203125 0.06982421875 -0.2752685546875 -0.36126708984375
0.434814453125 0.093475341796875 -0.55645751953125 0.043701171875
0.485870361328125 -0.046905517578125 -0.27996826171875 0.315887451171875
0.4268798828125 -0.20635986328125 -0.00430297851562497 0.217559814453125
0.2728271484375 -0.4287109375 0.0330581665039063 0.0356903076171875
0.10430908203125 -0.45013427734375 -0.0264701843261719 -0.0403633117675782
0.1131591796875 -0.39813232421875 -0.0811233520507812 -0.0465469360351563
0.126556396484375 -0.438201904296875 -0.0510940551757813 -0.0804519653320313
0.23468017578125 -0.3956298828125 -0.00512695312499998 -0.137908935546875
0.42169189453125 -0.25811767578125 0.0838623046875 -0.104286193847656
0.497772216796875 -0.08404541015625 0.211181640625 -0.105010986328125
0.445648193359375 0.2197265625 0.363677978515625 0.011383056640625
0.44573974609375 0.242156982421875 0.38421630859375 0.169219970703125
0.467315673828125 0.22723388671875 0.0391616821289063 0.101470947265625
0.500579833984375 0.005706787109375 0.20465087890625 0.1783447265625
0.3175048828125 -0.04034423828125 -0.194793701171875 -0.217819213867188
0.293060302734375 0.063629150390625 -0.457855224609375 0.135528564453125
0.3980712890625 -0.019805908203125 -0.232940673828125 0.367401123046875
0.3870849609375 -0.188385009765625 -0.029205322265625 0.28973388671875
0.24627685546875 -0.4241943359375 0.0046234130859375 0.180007934570313
0.081695556640625 -0.43408203125 -0.0267105102539062 0.135635375976562
0.097259521484375 -0.381866455078125 -0.0724334716796875 0.114822387695313
0.123046875 -0.421356201171875 -0.05767822265625 0.0738067626953125
0.24468994140625 -0.3624267578125 -0.0368843078613281 -0.00373077392578128
0.42449951171875 -0.190582275390625 0.0422286987304688 -0.00355529785156251
0.452392578125 0.017547607421875 0.191116333007813 -0.0244140625
0.3116455078125 0.26959228515625 0.393157958984375 0.100616455078125
0.30322265625 0.198333740234375 0.4599609375 0.30767822265625
0.397552490234375 0.115203857421875 0.142852783203125 0.255157470703125
0.324310302734375 -0.1395263671875 0.306427001953125 0.239501953125
0.114822387695313 -0.0830764770507813 -0.113395690917969 -0.093170166015625
0.122642517089844 0.0822601318359375 -0.34405517578125 0.186431884765625
0.2762451171875 0.036590576171875 -0.1793212890625 0.371124267578125
0.3028564453125 -0.13037109375 -0.051177978515625 0.327789306640625
0.1878662109375 -0.344146728515625 -0.011962890625 0.30010986328125
0.0489501953125 -0.34716796875 -0.00973510742187499 0.288177490234375
0.066497802734375 -0.309967041015625 -0.04840087890625 0.253921508789063
0.09808349609375 -0.3468017578125 -0.06182861328125 0.207138061523437
0.212860107421875 -0.28662109375 -0.075653076171875 0.11285400390625
0.355255126953125 -0.104888916015625 -0.0124320983886719 0.0701560974121094
0.31805419921875 0.097686767578125 0.148605346679688 0.0318756103515625
0.118072509765625 0.234024047851563 0.393951416015625 0.178558349609375
0.13287353515625 0.0719451904296875 0.488067626953125 0.44512939453125
0.296905517578125 -0.0396728515625 0.214599609375 0.37921142578125
0.090911865234375 -0.2484130859375 0.35968017578125 0.261138916015625
-0.0894851684570313 -0.0765151977539063 -0.0530052185058594 -0.00333023071289062
-0.0380096435546875 0.114578247070313 -0.250274658203125 0.193069458007813
0.1414794921875 0.0973052978515625 -0.147369384765625 0.34356689453125
0.191497802734375 -0.048675537109375 -0.0745849609375 0.340179443359375
0.115615844726563 -0.2093505859375 -0.018310546875 0.3818359375
0.0186309814453125 -0.20513916015625 0.01739501953125 0.393035888671875
0.02740478515625 -0.191253662109375 -0.016876220703125 0.3509521484375
0.0552215576171875 -0.229202270507813 -0.059539794921875 0.305267333984375
0.149215698242187 -0.180374145507812 -0.108123779296875 0.2001953125
0.233566284179687 -0.0263519287109375 -0.0670318603515625 0.105377197265625
0.138008117675781 0.126800537109375 0.112892150878906 0.0452346801757813
-0.0695953369140625 0.111534118652344 0.4000244140625 0.228240966796875
-0.019195556640625 -0.10809326171875 0.483917236328125 0.55517578125
0.179656982421875 -0.20977783203125 0.2618408203125 0.441314697265625
-0.00543212890624998 0.337005615234375 -0.248382568359375 -0.39599609375
0.181976318359375 0.247314453125 -0.45245361328125 -0.6387939453125
0.199005126953125 0.0496063232421875 -0.4404296875 -0.174224853515625
0.067657470703125 -0.0693702697753906 -0.11383056640625 0.0190505981445312
-0.0356254577636719 -0.0332260131835938 0.11407470703125 -0.08123779296875
-0.0359878540039062 0.0636100769042969 0.119522094726562 -0.2706298828125
0.0181617736816406 0.0507354736328125 0.03802490234375 -0.39453125
0.0197296142578125 0.0335979461669922 -0.01824951171875 -0.39984130859375
0.0063018798828125 0.0463676452636719 -0.03662109375 -0.42926025390625
-0.0354194641113281 0.0272026062011719 0.024322509765625 -0.4166259765625
-0.073760986328125 -0.0484542846679687 0.054962158203125 -0.358062744140625
-0.000778198242187497 -0.140960693359375 0.10797119140625 -0.30389404296875
0.18182373046875 -0.112319946289063 0.19158935546875 -0.185348510742188
0.262191772460938 0.0899505615234375 0.055755615234375 -0.042205810546875
0.1234130859375 0.22802734375 -0.336181640625 -0.3365478515625
0.18212890625 0.40386962890625 -0.21832275390625 -0.310699462890625
0.288238525390625 0.323883056640625 -0.42376708984375 -0.646484375
0.335845947265625 0.1688232421875 -0.509857177734375 -0.173126220703125
0.257827758789062 -0.027099609375 -0.161941528320312 0.068267822265625
0.135810852050781 -0.0791244506835938 0.113059997558594 -0.0436248779296875
0.0709228515625 -0.0830917358398438 0.121292114257812 -0.26837158203125
0.0565109252929687 -0.111824035644531 0.01873779296875 -0.39129638671875
0.0565261840820313 -0.117813110351563 -0.0489501953125 -0.38616943359375
0.0376663208007812 -0.131294250488281 -0.04736328125 -0.414703369140625
0.0350112915039062 -0.13446044921875 0.022857666015625 -0.410797119140625
0.0653533935546875 -0.155624389648438 0.074615478515625 -0.33447265625
0.149444580078125 -0.182296752929688 0.130905151367188 -0.276809692382812
0.30938720703125 -0.072265625 0.198165893554688 -0.161819458007813
0.40704345703125 0.11077880859375 0.0864028930664063 -0.0491561889648437
0.306640625 0.2684326171875 -0.297332763671875 -0.2794189453125
0.37445068359375 0.38909912109375 -0.1561279296875 -0.185348510742187
0.400543212890625 0.303802490234375 -0.39129638671875 -0.5966796875
0.444244384765625 0.203948974609375 -0.5736083984375 -0.1336669921875
0.412750244140625 -0.015625 -0.226226806640625 0.139999389648438
0.292327880859375 -0.13214111328125 0.0815887451171875 0.0258941650390625
0.170852661132813 -0.232818603515625 0.100006103515625 -0.214187622070313
0.08453369140625 -0.26727294921875 -0.00503540039062498 -0.329010009765625
0.08367919921875 -0.25244140625 -0.0733642578125 -0.3143310546875
0.069549560546875 -0.28424072265625 -0.052398681640625 -0.344696044921875
0.106277465820312 -0.273727416992188 0.018218994140625 -0.358123779296875
0.2081298828125 -0.242706298828125 0.088226318359375 -0.285247802734375
0.3040771484375 -0.198394775390625 0.163436889648438 -0.241287231445312
0.419586181640625 0.003173828125 0.241287231445313 -0.127899169921875
0.498443603515625 0.152435302734375 0.164642333984375 -0.0200958251953125
0.43304443359375 0.28460693359375 -0.206329345703125 -0.18267822265625
0.524169921875 0.29815673828125 -0.0544776916503906 -0.0481147766113281
0.4755859375 0.198577880859375 -0.3487548828125 -0.493377685546875
0.489013671875 0.15472412109375 -0.59661865234375 -0.050537109375
0.49542236328125 -0.0408935546875 -0.27252197265625 0.2310791015625
0.394012451171875 -0.1876220703125 0.0376815795898438 0.117843627929687
0.237274169921875 -0.36236572265625 0.06536865234375 -0.108993530273438
0.0975341796874999 -0.388702392578125 -0.02471923828125 -0.206130981445313
0.099945068359375 -0.35064697265625 -0.086029052734375 -0.194107055664063
0.096466064453125 -0.391204833984375 -0.0542755126953125 -0.227264404296875
0.17144775390625 -0.365692138671875 0.008209228515625 -0.261199951171875
0.33282470703125 -0.288055419921875 0.09423828125 -0.205490112304688
0.431976318359375 -0.173858642578125 0.194091796875 -0.185791015625
0.479583740234375 0.104156494140625 0.30438232421875 -0.074249267578125
0.51800537109375 0.202392578125 0.275390625 0.048675537109375
0.48602294921875 0.272857666015625 -0.0844879150390625 -0.0502700805664062
0.57476806640625 0.15277099609375 0.0762405395507813 0.0761566162109375
0.451263427734375 0.06036376953125 -0.28338623046875 -0.358184814453125
0.4334716796875 0.0848388671875 -0.5537109375 0.05438232421875
0.479766845703125 -0.06036376953125 -0.26702880859375 0.318267822265625
0.41998291015625 -0.216339111328125 0.00177001953125003 0.213729858398438
0.253814697265625 -0.43328857421875 0.0314826965332031 0.0298900604248047
0.0875244140625 -0.448699951171875 -0.0335845947265625 -0.0403404235839844
0.100189208984375 -0.39569091796875 -0.0867080688476562 -0.04107666015625
0.111358642578125 -0.43988037109375 -0.0552825927734375 -0.0783767700195313
0.216339111328125 -0.395843505859375 -0.0119247436523437 -0.133430480957031
0.409942626953125 -0.269439697265625 0.0820159912109375 -0.102943420410156
0.489593505859375 -0.098846435546875 0.207061767578125 -0.108474731445313
0.45062255859375 0.206146240234375 0.3612060546875 0.00286865234375001
0.44952392578125 0.22833251953125 0.38671875 0.158111572265625
0.46875 0.218017578125 0.041351318359375 0.103591918945313
0.498565673828125 -0.007110595703125 0.209716796875 0.170883178710938
0.3148193359375 -0.044189453125 -0.199539184570312 -0.2159423828125
0.292755126953125 0.0577392578125 -0.4542236328125 0.14453125
0.39471435546875 -0.033050537109375 -0.220001220703125 0.367828369140625
0.38018798828125 -0.1986083984375 -0.022064208984375 0.28485107421875
0.226715087890625 -0.428680419921875 0.00727844238281253 0.174102783203125
0.066650390625 -0.433685302734375 -0.02691650390625 0.1343994140625
0.085052490234375 -0.380767822265625 -0.0721664428710937 0.11785888671875
0.107818603515625 -0.421295166015625 -0.0572357177734375 0.07464599609375
0.2276611328125 -0.36505126953125 -0.0408782958984375 -0.000144958496093781
0.415069580078125 -0.203155517578125 0.0453300476074219 -0.00151443481445314
0.448883056640625 0.004852294921875 0.190185546875 -0.0276336669921875
0.31683349609375 0.261260986328125 0.389617919921875 0.0906982421875
0.3033447265625 0.188323974609375 0.463134765625 0.294586181640625
0.396759033203125 0.109344482421875 0.146438598632813 0.25634765625
0.31890869140625 -0.1468505859375 0.314697265625 0.22894287109375
0.113471984863281 -0.0828170776367188 -0.114570617675781 -0.091766357421875
0.123054504394531 0.080657958984375 -0.337554931640625 0.1910400390625
0.27593994140625 0.0271759033203125 -0.16558837890625 0.37060546875
0.298675537109375 -0.139312744140625 -0.042510986328125 0.32269287109375
0.174285888671875 -0.3499755859375 -0.00479125976562498 0.29364013671875
0.037200927734375 -0.346649169921875 -0.004852294921875 0.2861328125
0.0555419921875 -0.3087158203125 -0.044769287109375 0.255279541015625
0.08380126953125 -0.347900390625 -0.056976318359375 0.20703125
0.199859619140625 -0.288238525390625 -0.074371337890625 0.115921020507813
0.348724365234375 -0.116302490234375 -0.00946044921874998 0.0722427368164062
0.317840576171875 0.08843994140625 0.148590087890625 0.0278472900390625
0.123687744140625 0.231613159179688 0.391387939453125 0.168060302734375
0.130264282226563 0.0683135986328125 0.492950439453125 0.431610107421875
0.291717529296875 -0.04351806640625 0.2210693359375 0.37677001953125
0.084075927734375 -0.24835205078125 0.368988037109375 0.251373291015625
-0.088226318359375 -0.0723724365234375 -0.0510520935058594 -0.00348663330078125
-0.0349807739257813 0.117034912109375 -0.2452392578125 0.19671630859375
0.14471435546875 0.091949462890625 -0.13653564453125 0.341400146484375
0.190582275390625 -0.0563507080078125 -0.06561279296875 0.3355712890625
0.105117797851563 -0.214141845703125 -0.00967407226562503 0.375396728515625
0.01055908203125 -0.2047119140625 0.024749755859375 0.390167236328125
0.019927978515625 -0.1912841796875 -0.00930786132812503 0.34979248046875
0.045135498046875 -0.23052978515625 -0.05126953125 0.304931640625
0.1409912109375 -0.185226440429688 -0.103759765625 0.201889038085938
0.231475830078125 -0.0360565185546875 -0.0635299682617188 0.108207702636719
0.142318725585938 0.121612548828125 0.112457275390625 0.0426559448242188
-0.06610107421875 0.114158630371094 0.397369384765625 0.2164306640625
-0.0243377685546875 -0.107582092285156 0.491607666015625 0.541168212890625
0.170608520507813 -0.211029052734375 0.267608642578125 0.438751220703125
0.000122070312499962 0.344024658203125 -0.257293701171875 -0.399169921875
0.192611694335938 0.242279052734375 -0.47174072265625 -0.639404296875
0.202362060546875 0.04339599609375 -0.451507568359375 -0.164215087890625
0.0655441284179688 -0.0711746215820312 -0.113433837890625 0.0203781127929688
-0.038818359375 -0.0317764282226562 0.11279296875 -0.0866851806640625
-0.0341339111328125 0.0671272277832031 0.112701416015625 -0.275985717773437
0.0206489562988281 0.0516853332519531 0.02581787109375 -0.399627685546875
0.0228462219238281 0.0360069274902344 -0.0303955078125 -0.40386962890625
0.00956344604492188 0.0491905212402344 -0.048919677734375 -0.4326171875
-0.0338382720947266 0.0307865142822266 0.01702880859375 -0.420196533203125
-0.0775146484375 -0.0437774658203125 0.048309326171875 -0.36077880859375
-0.00753784179687501 -0.142059326171875 0.101776123046875 -0.305816650390625
0.180084228515625 -0.1202392578125 0.18963623046875 -0.1910400390625
0.271148681640625 0.0821685791015625 0.0568046569824219 -0.0461196899414062
0.131851196289063 0.228759765625 -0.35296630859375 -0.33465576171875
0.192108154296875 0.40625 -0.226531982421875 -0.313446044921875
0.300445556640625 0.319793701171875 -0.4443359375 -0.65081787109375
0.343017578125 0.162384033203125 -0.520416259765625 -0.16204833984375
0.257354736328125 -0.0353546142578125 -0.159194946289062 0.0713043212890625
0.133338928222656 -0.0812606811523438 0.113937377929688 -0.0479278564453125
0.067840576171875 -0.08319091796875 0.113845825195312 -0.274749755859375
0.05316162109375 -0.113388061523438 0.00445556640625 -0.39691162109375
0.0540771484375 -0.118431091308594 -0.06256103515625 -0.3887939453125
0.0359725952148437 -0.13214111328125 -0.060516357421875 -0.419525146484375
0.0326309204101563 -0.133354187011719 0.01300048828125 -0.413848876953125
0.061065673828125 -0.157546997070313 0.06982421875 -0.337677001953125
0.143722534179688 -0.188003540039063 0.12518310546875 -0.28045654296875
0.31121826171875 -0.081573486328125 0.1973876953125 -0.167388916015625
0.416351318359375 0.09991455078125 0.0877914428710938 -0.0543899536132813
0.31829833984375 0.266143798828125 -0.31134033203125 -0.2760009765625
0.38787841796875 0.387939453125 -0.162307739257812 -0.186660766601562
0.411102294921875 0.298736572265625 -0.41168212890625 -0.60003662109375
0.453643798828125 0.1973876953125 -0.5880126953125 -0.12139892578125
0.41424560546875 -0.028045654296875 -0.22412109375 0.146835327148438
0.290252685546875 -0.139801025390625 0.0840682983398438 0.0223236083984375
0.163803100585938 -0.237747192382813 0.0944366455078125 -0.221969604492188
0.0766754150390625 -0.271514892578125 -0.01904296875 -0.33349609375
0.078216552734375 -0.255996704101563 -0.0865478515625 -0.314239501953125
0.061370849609375 -0.288116455078125 -0.0648193359375 -0.347625732421875
0.0987396240234375 -0.275390625 0.00857543945312502 -0.35968017578125
0.20147705078125 -0.251113891601563 0.085296630859375 -0.28753662109375
0.299591064453125 -0.20916748046875 0.158828735351563 -0.246978759765625
0.424774169921875 -0.008148193359375 0.240036010742188 -0.134033203125
0.509002685546875 0.14019775390625 0.167495727539063 -0.0269775390625
0.445281982421875 0.279876708984375 -0.215957641601563 -0.178085327148437
0.53594970703125 0.2899169921875 -0.0568008422851562 -0.0495414733886719
0.48468017578125 0.189605712890625 -0.36590576171875 -0.495452880859375
0.498199462890625 0.146759033203125 -0.60845947265625 -0.0380859374999999
0.49639892578125 -0.055816650390625 -0.267974853515625 0.239944458007812
0.392822265625 -0.1998291015625 0.0416183471679688 0.116645812988281
0.226165771484375 -0.370269775390625 0.0615463256835938 -0.116600036621094
0.084716796875 -0.395355224609375 -0.0361328125 -0.208847045898438
0.09246826171875 -0.355499267578125 -0.09747314453125 -0.19110107421875
0.085662841796875 -0.3984375 -0.0635223388671875 -0.227996826171875
0.16143798828125 -0.369964599609375 -0.000823974609374987 -0.26092529296875
0.326690673828125 -0.299560546875 0.0936737060546875 -0.206893920898438
0.4305419921875 -0.188720703125 0.191421508789063 -0.19195556640625
0.487518310546875 0.093719482421875 0.304229736328125 -0.08160400390625
0.528076171875 0.190277099609375 0.281402587890625 0.040557861328125
0.499267578125 0.26947021484375 -0.0887603759765625 -0.0470733642578125
0.5849609375 0.13995361328125 0.0800323486328125 0.0740432739257813
0.458038330078125 0.04833984375 -0.297271728515625 -0.360382080078125
0.440948486328125 0.076812744140625 -0.561065673828125 0.0674743652343751
0.483367919921875 -0.074432373046875 -0.2608642578125 0.328704833984375
0.421142578125 -0.232177734375 0.00759887695312501 0.213211059570312
0.239990234375 -0.444610595703125 0.030691146850586 0.0252151489257812
0.073822021484375 -0.45648193359375 -0.0401687622070313 -0.0414276123046875
0.090057373046875 -0.402984619140625 -0.0934982299804688 -0.035888671875
0.09716796875 -0.4476318359375 -0.060882568359375 -0.0772933959960938
0.2061767578125 -0.40155029296875 -0.01800537109375 -0.130722045898438
0.40594482421875 -0.28582763671875 0.0830459594726563 -0.103347778320313
0.492156982421875 -0.11419677734375 0.206024169921875 -0.114883422851563
0.46142578125 0.19830322265625 0.362030029296875 -0.00570678710937499
0.4591064453125 0.218292236328125 0.395599365234375 0.14892578125
0.480682373046875 0.21484375 0.0435409545898438 0.107711791992188
0.50506591796875 -0.0205078125 0.219207763671875 0.167526245117188
0.3177490234375 -0.0521240234375 -0.208343505859375 -0.217056274414063
0.297698974609375 0.052642822265625 -0.458709716796875 0.15673828125
0.397369384765625 -0.0465087890625 -0.2110595703125 0.37677001953125
0.38116455078125 -0.213134765625 -0.015655517578125 0.2855224609375
0.213348388671875 -0.441162109375 0.010009765625 0.171188354492187
0.052459716796875 -0.441009521484375 -0.0278091430664062 0.136154174804687
0.072906494140625 -0.38739013671875 -0.07464599609375 0.12445068359375
0.093414306640625 -0.429779052734375 -0.0583877563476563 0.0776519775390625
0.216217041015625 -0.371826171875 -0.0450630187988281 0.00428009033203123
0.412017822265625 -0.218597412109375 0.0482177734375 -0.00150680541992189
0.451934814453125 -0.009033203125 0.190567016601563 -0.0328216552734375
0.32855224609375 0.2579345703125 0.39300537109375 0.084075927734375
0.30987548828125 0.1820068359375 0.4742431640625 0.28729248046875
0.403594970703125 0.10662841796875 0.154434204101563 0.261932373046875
0.319091796875 -0.1575927734375 0.32861328125 0.225067138671875
0.11419677734375 -0.085479736328125 -0.11749267578125 -0.09259033203125
0.126365661621094 0.0817184448242188 -0.33905029296875 0.201263427734375
0.280181884765625 0.0191650390625 -0.156951904296875 0.37713623046875
0.29962158203125 -0.15203857421875 -0.0357666015625 0.324554443359375
0.16070556640625 -0.36041259765625 -6.10351562499633E-05 0.293212890625
0.025299072265625 -0.352203369140625 -0.000335693359374999 0.28924560546875
0.044830322265625 -0.313690185546875 -0.0418548583984375 0.260879516601563
0.071258544921875 -0.3555908203125 -0.0536956787109375 0.212066650390625
0.191009521484375 -0.295257568359375 -0.075653076171875 0.121627807617188
0.348419189453125 -0.130126953125 -0.00629425048828123 0.0757827758789062
0.324127197265625 0.079345703125 0.149856567382813 0.025177001953125
0.131088256835938 0.232681274414062 0.39678955078125 0.161590576171875
0.131248474121094 0.06585693359375 0.505462646484375 0.426025390625
0.292572021484375 -0.047576904296875 0.23291015625 0.3828125
0.078216552734375 -0.254959106445313 0.385833740234375 0.246551513671875
-0.0896148681640625 -0.0700225830078125 -0.0503082275390625 -0.00293350219726563
-0.0326614379882812 0.120834350585938 -0.244430541992187 0.205123901367188
0.150253295898438 0.0882110595703125 -0.1265869140625 0.3466796875
0.192245483398438 -0.064666748046875 -0.059661865234375 0.336273193359375
0.0970458984375 -0.22247314453125 -0.00396728515625003 0.37640380859375
0.00228881835937498 -0.207717895507813 0.03485107421875 0.393402099609375
0.0119171142578125 -0.195327758789062 -0.00177001953124997 0.354522705078125
0.035491943359375 -0.237075805664063 -0.043914794921875 0.3101806640625
0.134841918945313 -0.192840576171875 -0.10198974609375 0.208953857421875
0.233200073242188 -0.04644775390625 -0.0612564086914062 0.1126708984375
0.14794921875 0.118988037109375 0.113143920898438 0.0413970947265625
-0.06353759765625 0.11834716796875 0.40301513671875 0.209564208984375
-0.0294265747070313 -0.107582092285156 0.50555419921875 0.538909912109375
0.16650390625 -0.215316772460938 0.2808837890625 0.44384765625
0.011322021484375 0.35540771484375 -0.2781982421875 -0.403228759765625
0.20733642578125 0.237396240234375 -0.5079345703125 -0.64312744140625
0.209945678710938 0.0333709716796875 -0.46881103515625 -0.147186279296875
0.0621185302734375 -0.075439453125 -0.113861083984375 0.0246505737304687
-0.0433998107910156 -0.028594970703125 0.111900329589844 -0.0951004028320312
-0.0316238403320313 0.0720672607421875 0.102874755859375 -0.287322998046875
0.0227127075195313 0.0541343688964844 0.006103515625 -0.41070556640625
0.0258712768554688 0.0373191833496094 -0.048980712890625 -0.412017822265625
0.0147552490234375 0.0523452758789062 -0.068328857421875 -0.44317626953125
-0.0326080322265625 0.0361442565917969 0.00280761718749997 -0.42938232421875
-0.0833816528320313 -0.0380783081054688 0.037261962890625 -0.369537353515625
-0.017333984375 -0.144088745117188 0.0911865234375 -0.3143310546875
0.178359985351563 -0.132858276367188 0.187606811523437 -0.201705932617188
0.284423828125 0.070465087890625 0.057525634765625 -0.0529518127441406
0.146011352539063 0.229873657226563 -0.3804931640625 -0.3282470703125
0.20947265625 0.41119384765625 -0.243255615234375 -0.315948486328125
0.320098876953125 0.31207275390625 -0.48040771484375 -0.65570068359375
0.358612060546875 0.15057373046875 -0.541229248046875 -0.142608642578125
0.259994506835938 -0.0465545654296875 -0.158554077148437 0.079437255859375
0.130607604980469 -0.0875244140625 0.115127563476563 -0.0553436279296875
0.0641021728515625 -0.0847320556640625 0.1041259765625 -0.287384033203125
0.04931640625 -0.116462707519531 -0.01763916015625 -0.407257080078125
0.051361083984375 -0.121292114257812 -0.0845947265625 -0.393035888671875
0.0318222045898437 -0.13494873046875 -0.081146240234375 -0.42706298828125
0.0272979736328125 -0.134529113769531 -0.00241088867187502 -0.4224853515625
0.0525054931640625 -0.161239624023438 0.0594482421875 -0.347198486328125
0.1363525390625 -0.198348999023438 0.115936279296875 -0.2896728515625
0.315521240234375 -0.0987548828125 0.195388793945313 -0.17822265625
0.433074951171875 0.082122802734375 0.0873641967773438 -0.0623245239257812
0.3387451171875 0.2620849609375 -0.335113525390625 -0.269439697265625
0.4095458984375 0.38348388671875 -0.172607421875 -0.188400268554687
0.43414306640625 0.287841796875 -0.44598388671875 -0.60601806640625
0.47314453125 0.182861328125 -0.6090087890625 -0.0996704101562499
0.421478271484375 -0.0467529296875 -0.222366333007812 0.159103393554687
0.290252685546875 -0.15362548828125 0.0876007080078125 0.0179595947265625
0.153366088867187 -0.24658203125 0.0865020751953125 -0.234603881835938
0.0648345947265625 -0.278640747070313 -0.0390625 -0.340850830078125
0.0694732666015625 -0.263839721679688 -0.106658935546875 -0.3155517578125
0.0494384765625 -0.2965087890625 -0.084747314453125 -0.353363037109375
0.089019775390625 -0.28179931640625 -0.00729370117187502 -0.365936279296875
0.192901611328125 -0.264663696289062 0.078155517578125 -0.297393798828125
0.2960205078125 -0.2271728515625 0.151138305664063 -0.257095336914063
0.43505859375 -0.025970458984375 0.240386962890625 -0.145965576171875
0.52874755859375 0.1199951171875 0.17047119140625 -0.0381317138671875
0.470306396484375 0.2733154296875 -0.233047485351563 -0.17291259765625
0.559722900390625 0.27655029296875 -0.0587654113769531 -0.0508766174316406
0.5052490234375 0.174468994140625 -0.395782470703125 -0.5015869140625
0.51751708984375 0.131317138671875 -0.6279296875 -0.0130004882812499
0.502655029296875 -0.07806396484375 -0.262969970703125 0.25714111328125
0.394622802734375 -0.22021484375 0.0485153198242188 0.115097045898438
0.210418701171875 -0.38677978515625 0.0564651489257813 -0.12591552734375
0.0679931640625 -0.40576171875 -0.0523529052734375 -0.213638305664063
0.0775146484375 -0.366424560546875 -0.112808227539062 -0.187973022460938
0.0679931640625 -0.410980224609375 -0.0792694091796875 -0.230712890625
0.147674560546875 -0.38153076171875 -0.01318359375 -0.262832641601563
0.31939697265625 -0.3209228515625 0.090179443359375 -0.21484375
0.430450439453125 -0.212249755859375 0.186431884765625 -0.202713012695313
0.506072998046875 0.07696533203125 0.30816650390625 -0.095367431640625
0.551605224609375 0.17242431640625 0.28997802734375 0.02691650390625
0.523712158203125 0.258880615234375 -0.094879150390625 -0.0421218872070312
0.60284423828125 0.1214599609375 0.0866851806640625 0.0715866088867188
0.47119140625 0.032012939453125 -0.3212890625 -0.36175537109375
0.455291748046875 0.06243896484375 -0.577880859375 0.0942993164062501
0.49005126953125 -0.09808349609375 -0.2525634765625 0.3465576171875
0.421112060546875 -0.255584716796875 0.016937255859375 0.215591430664063
0.221405029296875 -0.46343994140625 0.029348373413086 0.0195865631103515
0.05291748046875 -0.470428466796875 -0.0490684509277344 -0.041778564453125
0.07318115234375 -0.414886474609375 -0.102569580078125 -0.0287322998046875
0.07781982421875 -0.462188720703125 -0.0690994262695313 -0.0752944946289063
0.191680908203125 -0.41546630859375 -0.0267410278320312 -0.128944396972656
0.3995361328125 -0.31182861328125 0.0832672119140625 -0.108505249023438
0.49609375 -0.139678955078125 0.204681396484375 -0.12451171875
0.48114013671875 0.186126708984375 0.36895751953125 -0.01910400390625
0.47882080078125 0.20538330078125 0.4114990234375 0.137847900390625
0.503387451171875 0.2039794921875 0.0481948852539063 0.11212158203125
0.514892578125 -0.0426025390625 0.234893798828125 0.162750244140625
0.32513427734375 -0.0662841796875 -0.223419189453125 -0.217330932617187
0.30718994140625 0.04425048828125 -0.466888427734375 0.180023193359375
0.404327392578125 -0.064117431640625 -0.199188232421875 0.393463134765625
0.38275146484375 -0.235626220703125 -0.00424194335937497 0.289703369140625
0.193389892578125 -0.4609375 0.013641357421875 0.170623779296875
0.030059814453125 -0.4544677734375 -0.0272750854492188 0.139732360839844
0.055816650390625 -0.3992919921875 -0.0749130249023438 0.133949279785156
0.072235107421875 -0.445770263671875 -0.0588912963867187 0.083831787109375
0.203643798828125 -0.385345458984375 -0.0482902526855469 0.0110893249511718
0.410064697265625 -0.24346923828125 0.050628662109375 -0.00131225585937501
0.46142578125 -0.029571533203125 0.191909790039063 -0.0410003662109375
0.347259521484375 0.252655029296875 0.404052734375 0.0714111328125
0.323883056640625 0.17376708984375 0.496978759765625 0.27496337890625
0.418487548828125 0.096832275390625 0.168655395507813 0.266937255859375
0.319488525390625 -0.17657470703125 0.3505859375 0.217498779296875
0.114707946777344 -0.0920333862304688 -0.124099731445312 -0.0921401977539063
0.133377075195313 0.0814437866210938 -0.342071533203125 0.220611572265625
0.288360595703125 0.006317138671875 -0.144500732421875 0.390716552734375
0.30224609375 -0.170623779296875 -0.02557373046875 0.330596923828125
0.14404296875 -0.376495361328125 0.007781982421875 0.2958984375
0.00735473632812502 -0.361053466796875 0.00869750976562502 0.296234130859375
0.029937744140625 -0.323333740234375 -0.0343475341796875 0.271896362304688
0.052703857421875 -0.367767333984375 -0.0469818115234375 0.220474243164062
0.179473876953125 -0.309814453125 -0.075103759765625 0.131698608398437
0.350189208984375 -0.150390625 -0.00209045410156248 0.0792617797851562
0.334136962890625 0.06719970703125 0.152435302734375 0.0197296142578125
0.143905639648438 0.234756469726563 0.409088134765625 0.1494140625
0.134956359863281 0.062103271484375 0.534637451171875 0.418426513671875
0.29888916015625 -0.057586669921875 0.254058837890625 0.387908935546875
0.0689849853515625 -0.266372680664063 0.412139892578125 0.23651123046875
-0.09234619140625 -0.06793212890625 -0.0500297546386719 -0.00239181518554687
-0.0282058715820313 0.128570556640625 -0.243759155273438 0.219894409179688
0.158721923828125 0.0832672119140625 -0.11468505859375 0.35723876953125
0.19476318359375 -0.0774993896484375 -0.050567626953125 0.345458984375
0.085693359375 -0.2333984375 0.00802612304687496 0.38226318359375
-0.0086212158203125 -0.212432861328125 0.04925537109375 0.402801513671875
0.00119018554687501 -0.2010498046875 0.0125732421875 0.364410400390625
0.0214691162109375 -0.245712280273438 -0.032135009765625 0.32122802734375
0.126571655273438 -0.20458984375 -0.0973358154296875 0.221481323242187
0.235870361328125 -0.06158447265625 -0.0574493408203125 0.120285034179688
0.15692138671875 0.114883422851563 0.115501403808594 0.03863525390625
-0.0601272583007812 0.125961303710938 0.41668701171875 0.199951171875
-0.0373611450195312 -0.109123229980469 0.53717041015625 0.535400390625
0.16229248046875 -0.226043701171875 0.305694580078125 0.447418212890625
0.031524658203125 0.36468505859375 -0.305389404296875 -0.395660400390625
0.225234985351563 0.22454833984375 -0.55535888671875 -0.62744140625
0.215011596679687 0.0182037353515625 -0.48272705078125 -0.117950439453125
0.0565643310546875 -0.08001708984375 -0.111274719238281 0.0317611694335938
-0.0481681823730469 -0.0241165161132812 0.108177185058594 -0.10467529296875
-0.0276031494140625 0.0775985717773437 0.08392333984375 -0.298187255859375
0.0272064208984375 0.0562858581542969 -0.022430419921875 -0.41455078125
0.0307388305664063 0.0389785766601563 -0.079071044921875 -0.414642333984375
0.0209999084472656 0.0532798767089844 -0.09912109375 -0.445220947265625
-0.0294723510742187 0.0408592224121094 -0.02337646484375 -0.4354248046875
-0.0879364013671875 -0.0292129516601563 0.015899658203125 -0.37481689453125
-0.0292205810546875 -0.143051147460938 0.073699951171875 -0.32080078125
0.171890258789063 -0.148727416992188 0.178314208984375 -0.21636962890625
0.296051025390625 0.049346923828125 0.0539512634277344 -0.0604782104492188
0.163497924804688 0.225448608398438 -0.41412353515625 -0.30804443359375
0.2347412109375 0.408416748046875 -0.263580322265625 -0.31005859375
0.3419189453125 0.29473876953125 -0.531005859375 -0.64276123046875
0.3734130859375 0.1300048828125 -0.5582275390625 -0.108306884765625
0.257888793945313 -0.06365966796875 -0.152923583984375 0.0897979736328125
0.12432861328125 -0.0941925048828125 0.11419677734375 -0.0647735595703125
0.0580062866210937 -0.0863037109375 0.08538818359375 -0.30023193359375
0.0419158935546875 -0.117950439453125 -0.048126220703125 -0.411590576171875
0.0458526611328125 -0.123970031738281 -0.113677978515625 -0.3914794921875
0.0248031616210938 -0.136909484863281 -0.113525390625 -0.429168701171875
0.0194244384765625 -0.134910583496094 -0.028564453125 -0.4268798828125
0.0405120849609375 -0.164154052734375 0.040985107421875 -0.353546142578125
0.123214721679688 -0.208892822265625 0.09979248046875 -0.297821044921875
0.312347412109375 -0.120361328125 0.18817138671875 -0.192337036132813
0.4462890625 0.052886962890625 0.0837860107421875 -0.0726242065429688
0.361602783203125 0.24591064453125 -0.36138916015625 -0.25091552734375
0.435943603515625 0.366912841796875 -0.185440063476562 -0.183395385742188
0.4556884765625 0.262603759765625 -0.49481201171875 -0.5943603515625
0.492828369140625 0.15704345703125 -0.62530517578125 -0.060302734375
0.419921875 -0.07330322265625 -0.212982177734375 0.175216674804688
0.283050537109375 -0.172515869140625 0.0919647216796875 0.0101165771484375
0.136062622070313 -0.255935668945312 0.0700836181640625 -0.246978759765625
0.046356201171875 -0.284271240234375 -0.0667724609375 -0.344207763671875
0.0549163818359375 -0.269271850585938 -0.131988525390625 -0.309967041015625
0.030487060546875 -0.303497314453125 -0.112335205078125 -0.352386474609375
0.072662353515625 -0.28778076171875 -0.0302734375 -0.3687744140625
0.175491333007813 -0.279464721679687 0.062835693359375 -0.305877685546875
0.282928466796875 -0.249237060546875 0.136764526367188 -0.267074584960938
0.439666748046875 -0.053924560546875 0.235382080078125 -0.162384033203125
0.545166015625 0.0853271484375 0.1700439453125 -0.0525360107421875
0.495025634765625 0.250732421875 -0.251022338867188 -0.159164428710937
0.58038330078125 0.24688720703125 -0.062103271484375 -0.0501785278320312
0.52130126953125 0.14471435546875 -0.437347412109375 -0.49041748046875
0.534271240234375 0.10247802734375 -0.640380859375 0.02935791015625
0.503326416015625 -0.112030029296875 -0.248703002929688 0.277084350585938
0.38653564453125 -0.246917724609375 0.0578155517578125 0.11175537109375
0.185333251953125 -0.40106201171875 0.0463790893554688 -0.136398315429688
0.040924072265625 -0.41522216796875 -0.0731964111328125 -0.213516235351563
0.0546875 -0.374603271484375 -0.131668090820313 -0.178985595703125
0.039581298828125 -0.421844482421875 -0.099273681640625 -0.226837158203125
0.12518310546875 -0.392730712890625 -0.0316619873046875 -0.262039184570313
0.299835205078125 -0.34515380859375 0.0797576904296875 -0.22332763671875
0.420318603515625 -0.24102783203125 0.175506591796875 -0.214630126953125
0.519134521484375 0.0469970703125 0.305450439453125 -0.114288330078125
0.56988525390625 0.13885498046875 0.29388427734375 0.00643920898437501
0.550537109375 0.23486328125 -0.101905822753906 -0.0342483520507812
0.61700439453125 0.08538818359375 0.0938873291015625 0.0659866333007813
0.4786376953125 0.0029296875 -0.351715087890625 -0.351715087890625
0.46673583984375 0.037261962890625 -0.5828857421875 0.1353759765625
0.488739013671875 -0.131072998046875 -0.232391357421875 0.36700439453125
0.412384033203125 -0.286651611328125 0.031982421875 0.215301513671875
0.189300537109375 -0.48236083984375 0.0276012420654297 0.0130157470703125
0.021087646484375 -0.478668212890625 -0.0585098266601563 -0.0394783020019532
0.046417236328125 -0.42327880859375 -0.109657287597656 -0.0172042846679688
0.0450439453125 -0.474273681640625 -0.078582763671875 -0.0699615478515626
0.166229248046875 -0.429107666015625 -0.0367889404296875 -0.124130249023438
0.381683349609375 -0.341705322265625 0.0791778564453125 -0.114608764648438
0.491790771484375 -0.171630859375 0.197662353515625 -0.137130737304688
0.50152587890625 0.160247802734375 0.3726806640625 -0.040557861328125
0.4990234375 0.17724609375 0.424285888671875 0.110382080078125
0.523773193359375 0.18084716796875 0.0542678833007813 0.114212036132813
0.518341064453125 -0.07623291015625 0.251815795898438 0.149551391601563
0.325042724609375 -0.088165283203125 -0.24273681640625 -0.210540771484375
0.31622314453125 0.02984619140625 -0.465789794921875 0.214263916015625
0.4061279296875 -0.091094970703125 -0.1768798828125 0.410888671875
0.3746337890625 -0.265899658203125 0.01385498046875 0.292449951171875
0.160980224609375 -0.4794921875 0.0200042724609375 0.16729736328125
-0.000885009765624961 -0.4613037109375 -0.024169921875 0.144363403320312
0.028961181640625 -0.40765380859375 -0.07000732421875 0.145477294921875
0.0391845703125 -0.456695556640625 -0.0571746826171875 0.0911331176757812
0.17791748046875 -0.40167236328125 -0.0500831604003906 0.0192375183105468
0.3966064453125 -0.27569580078125 0.0527076721191406 -0.00382995605468752
0.463134765625 -0.059173583984375 0.190536499023438 -0.0509796142578125
0.36883544921875 0.236328125 0.411468505859375 0.049713134765625
0.338104248046875 0.155548095703125 0.520172119140625 0.248565673828125
0.43194580078125 0.075408935546875 0.188186645507813 0.264923095703125
0.3104248046875 -0.201019287109375 0.375030517578125 0.197723388671875
0.110603332519531 -0.101486206054688 -0.132423400878906 -0.0882110595703125
0.140899658203125 0.077667236328125 -0.33453369140625 0.24664306640625
0.293487548828125 -0.011932373046875 -0.120391845703125 0.403228759765625
0.2957763671875 -0.194549560546875 -0.00616455078124999 0.33441162109375
0.116790771484375 -0.39093017578125 0.02264404296875 0.2962646484375
-0.01947021484375 -0.366912841796875 0.023773193359375 0.300628662109375
0.00677490234375 -0.328369140625 -0.0189208984375 0.281585693359375
0.02374267578125 -0.37750244140625 -0.03521728515625 0.228912353515625
0.158966064453125 -0.32379150390625 -0.0692291259765625 0.142852783203125
0.3414306640625 -0.178131103515625 0.00337982177734378 0.0815505981445312
0.342071533203125 0.04736328125 0.153778076171875 0.012481689453125
0.160964965820313 0.231369018554688 0.421478271484375 0.128570556640625
0.137969970703125 0.0544815063476562 0.56414794921875 0.39300537109375
0.30029296875 -0.075653076171875 0.282562255859375 0.3831787109375
0.0499114990234375 -0.276641845703125 0.4384765625 0.21356201171875
-0.0969009399414063 -0.0642547607421875 -0.0496292114257813 -0.000717163085937496
-0.020111083984375 0.135299682617188 -0.234375 0.239410400390625
0.167755126953125 0.0740814208984375 -0.0928955078125 0.367279052734375
0.192657470703125 -0.0939788818359375 -0.03253173828125 0.351593017578125
0.067962646484375 -0.242996215820312 0.028594970703125 0.384918212890625
-0.0248870849609375 -0.215499877929688 0.073333740234375 0.4052734375
-0.0149688720703125 -0.203903198242188 0.035186767578125 0.370147705078125
-0.000228881835937488 -0.251846313476563 -0.01104736328125 0.32904052734375
0.112823486328125 -0.216445922851563 -0.0858001708984375 0.234329223632813
0.23394775390625 -0.08148193359375 -0.0508575439453125 0.126998901367188
0.166412353515625 0.106185913085938 0.116844177246094 0.0332794189453125
-0.0530776977539063 0.133079528808594 0.432373046875 0.1788330078125
-0.0470428466796875 -0.108230590820313 0.5755615234375 0.512939453125
0.151412963867188 -0.238739013671875 0.338348388671875 0.442138671875
0.05364990234375 0.364349365234375 -0.32513427734375 -0.38018798828125
0.236419677734375 0.203933715820313 -0.59429931640625 -0.5938720703125
0.213165283203125 0.001617431640625 -0.48291015625 -0.0828247070312501
0.049835205078125 -0.084136962890625 -0.104881286621094 0.0371475219726562
-0.0512619018554688 -0.0186691284179688 0.1007080078125 -0.112663269042969
-0.0224227905273438 0.0808944702148438 0.061859130859375 -0.30084228515625
0.0315437316894531 0.0572128295898437 -0.054840087890625 -0.409149169921875
0.0352973937988281 0.0384941101074219 -0.107879638671875 -0.405242919921875
0.0276756286621094 0.0528221130371094 -0.129058837890625 -0.433807373046875
-0.0251388549804687 0.045074462890625 -0.050048828125 -0.429534912109375
-0.0906219482421875 -0.0191574096679687 -0.00689697265624998 -0.370574951171875
-0.0405044555664063 -0.13848876953125 0.053009033203125 -0.3201904296875
0.1591796875 -0.1610107421875 0.163406372070313 -0.226852416992188
0.29827880859375 0.025665283203125 0.0489845275878906 -0.0660781860351563
0.177139282226563 0.213226318359375 -0.43499755859375 -0.275726318359375
0.2569580078125 0.39349365234375 -0.281402587890625 -0.296295166015625
0.356475830078125 0.267425537109375 -0.57135009765625 -0.61077880859375
0.37835693359375 0.1036376953125 -0.557952880859375 -0.0683593749999999
0.248870849609375 -0.08038330078125 -0.14227294921875 0.098358154296875
0.11480712890625 -0.0994338989257813 0.110618591308594 -0.07354736328125
0.05029296875 -0.0849227905273437 0.062591552734375 -0.3045654296875
0.0332565307617188 -0.115982055664062 -0.08074951171875 -0.40435791015625
0.0388641357421875 -0.123565673828125 -0.142913818359375 -0.378204345703125
0.0160064697265625 -0.135528564453125 -0.1448974609375 -0.416534423828125
0.011688232421875 -0.132057189941406 -0.055938720703125 -0.419891357421875
0.027923583984375 -0.162109375 0.01812744140625 -0.353271484375
0.105697631835937 -0.213607788085938 0.080230712890625 -0.298858642578125
0.301055908203125 -0.140716552734375 0.173843383789063 -0.202743530273438
0.447967529296875 0.01873779296875 0.0767822265625 -0.08038330078125
0.374786376953125 0.222747802734375 -0.38031005859375 -0.221954345703125
0.452850341796875 0.339569091796875 -0.196365356445312 -0.174423217773438
0.4656982421875 0.230682373046875 -0.53466796875 -0.56414794921875
0.4989013671875 0.124176025390625 -0.62322998046875 -0.0172729492187501
0.409454345703125 -0.100555419921875 -0.19647216796875 0.187271118164062
0.267715454101563 -0.187667846679688 0.0933609008789063 0.00212097167968749
0.115432739257813 -0.257659912109375 0.049224853515625 -0.253372192382813
0.02630615234375 -0.2816162109375 -0.096099853515625 -0.33648681640625
0.036865234375 -0.267501831054688 -0.155670166015625 -0.29443359375
0.00854492187500003 -0.300872802734375 -0.13958740234375 -0.33984375
0.05267333984375 -0.286590576171875 -0.05499267578125 -0.360595703125
0.153533935546875 -0.28656005859375 0.0428466796875 -0.30609130859375
0.261016845703125 -0.264358520507813 0.118270874023438 -0.270889282226562
0.433135986328125 -0.08233642578125 0.222625732421875 -0.176040649414063
0.54736328125 0.046356201171875 0.163162231445313 -0.0661468505859375
0.509674072265625 0.219879150390625 -0.263336181640625 -0.137786865234375
0.58905029296875 0.21044921875 -0.0650444030761718 -0.0482368469238281
0.522216796875 0.10760498046875 -0.47137451171875 -0.462554931640625
0.537750244140625 0.06866455078125 -0.6341552734375 0.0718994140625
0.4888916015625 -0.14398193359375 -0.225616455078125 0.2906494140625
0.365386962890625 -0.271209716796875 0.0660858154296875 0.104347229003906
0.15325927734375 -0.406280517578125 0.032257080078125 -0.142822265625
0.01043701171875 -0.411834716796875 -0.0936737060546875 -0.206588745117188
0.030181884765625 -0.373077392578125 -0.145797729492188 -0.162918090820313
0.00747680664062498 -0.41796875 -0.117477416992188 -0.215530395507813
0.0968017578125 -0.3939208984375 -0.049530029296875 -0.253875732421875
0.270751953125 -0.361846923828125 0.065093994140625 -0.2257080078125
0.398681640625 -0.267333984375 0.159011840820313 -0.220916748046875
0.518707275390625 0.013946533203125 0.29534912109375 -0.132598876953125
0.57501220703125 0.09808349609375 0.29058837890625 -0.015106201171875
0.562042236328125 0.19915771484375 -0.106544494628906 -0.023468017578125
0.61419677734375 0.04620361328125 0.0982589721679688 0.0571670532226563
0.47198486328125 -0.029388427734375 -0.377716064453125 -0.33111572265625
0.4678955078125 0.008331298828125 -0.57037353515625 0.1751708984375
0.474334716796875 -0.161712646484375 -0.203033447265625 0.379058837890625
0.39141845703125 -0.31219482421875 0.0467529296875 0.208908081054687
0.1512451171875 -0.488983154296875 0.0233936309814453 0.00628662109374997
-0.0146484375 -0.47515869140625 -0.067352294921875 -0.034271240234375
0.016571044921875 -0.421112060546875 -0.112586975097656 -0.00364685058593753
0.00637817382812498 -0.471160888671875 -0.0855484008789063 -0.0606689453125
0.1336669921875 -0.433624267578125 -0.0452957153320312 -0.115921020507813
0.352142333984375 -0.363922119140625 0.0719223022460938 -0.118179321289063
0.47393798828125 -0.2027587890625 0.186630249023438 -0.14569091796875
0.509063720703125 0.1278076171875 0.365814208984375 -0.064422607421875
0.5050048828125 0.142059326171875 0.427703857421875 0.081298828125
0.533294677734375 0.1480712890625 0.05963134765625 0.114334106445313
0.505157470703125 -0.108917236328125 0.261856079101563 0.13128662109375
0.31439208984375 -0.10943603515625 -0.256851196289063 -0.19610595703125
0.316192626953125 0.0108642578125 -0.448699951171875 0.245330810546875
0.39605712890625 -0.11785888671875 -0.145050048828125 0.417205810546875
0.353546142578125 -0.289947509765625 0.03326416015625 0.285980224609375
0.124114990234375 -0.48529052734375 0.0272216796875 0.160552978515625
-0.03509521484375 -0.45794677734375 -0.0195159912109375 0.146026611328125
-0.00155639648437499 -0.40435791015625 -0.0616455078125 0.154205322265625
0.00265502929687496 -0.453857421875 -0.0515518188476563 0.0963134765625
0.14801025390625 -0.40789794921875 -0.0490226745605469 0.0271492004394531
0.37109375 -0.30084228515625 0.0522613525390625 -0.00693893432617189
0.45428466796875 -0.08819580078125 0.183486938476563 -0.0601654052734375
0.382537841796875 0.21392822265625 0.409820556640625 0.023101806640625
0.34344482421875 0.1322021484375 0.53009033203125 0.213226318359375
0.434295654296875 0.04803466796875 0.20318603515625 0.254425048828125
0.29205322265625 -0.21966552734375 0.38916015625 0.16986083984375
0.102073669433594 -0.108230590820312 -0.137260437011719 -0.08050537109375
0.146270751953125 0.0714874267578125 -0.317047119140625 0.269744873046875
0.2908935546875 -0.03143310546875 -0.091644287109375 0.405303955078125
0.281219482421875 -0.215057373046875 0.014495849609375 0.329681396484375
0.08526611328125 -0.39434814453125 0.03765869140625 0.288726806640625
-0.047027587890625 -0.362640380859375 0.0396728515625 0.297332763671875
-0.018768310546875 -0.32623291015625 -0.000915527343750018 0.283905029296875
-0.00799560546874998 -0.375274658203125 -0.0193939208984375 0.230804443359375
0.1341552734375 -0.330718994140625 -0.0594635009765625 0.150238037109375
0.32403564453125 -0.201263427734375 0.00865936279296876 0.08160400390625
0.34112548828125 0.024139404296875 0.151138305664063 0.0051727294921875
0.175079345703125 0.221893310546875 0.42327880859375 0.100982666015625
0.137504577636719 0.0446014404296875 0.58477783203125 0.35516357421875
0.29388427734375 -0.094024658203125 0.305572509765625 0.365570068359375
0.0274505615234375 -0.278518676757813 0.456024169921875 0.18060302734375
-0.100357055664063 -0.05841064453125 -0.0487174987792969 0.00109481811523436
-0.00975799560546876 0.139137268066406 -0.217086791992188 0.254928588867188
0.172454833984375 0.0612030029296875 -0.068145751953125 0.368804931640625
0.18463134765625 -0.108551025390625 -0.0115966796875 0.34857177734375
0.0472564697265625 -0.246017456054688 0.04949951171875 0.376800537109375
-0.041961669921875 -0.212783813476563 0.0975341796875 0.39788818359375
-0.0312042236328125 -0.201324462890625 0.05950927734375 0.36651611328125
-0.0223236083984375 -0.24969482421875 0.01177978515625 0.32763671875
0.0943450927734375 -0.223846435546875 -0.0697021484375 0.241729736328125
0.224273681640625 -0.099578857421875 -0.042633056640625 0.130989074707031
0.172454833984375 0.0942230224609375 0.115486145019531 0.0275421142578125
-0.0440750122070313 0.137626647949219 0.436737060546875 0.149993896484375
-0.0562973022460937 -0.104743957519531 0.6011962890625 0.47625732421875
0.1348876953125 -0.24713134765625 0.365570068359375 0.4195556640625
0.0693359375 0.358184814453125 -0.33587646484375 -0.36273193359375
0.236892700195313 0.183914184570313 -0.6112060546875 -0.55499267578125
0.206649780273438 -0.0113525390625 -0.470611572265625 -0.05670166015625
0.0421142578125 -0.0844345092773438 -0.096923828125 0.0393905639648438
-0.0538444519042969 -0.0141143798828125 0.093353271484375 -0.11651611328125
-0.0185317993164063 0.0828170776367188 0.04339599609375 -0.295684814453125
0.0354270935058594 0.0570411682128906 -0.07745361328125 -0.395660400390625
0.0386199951171875 0.0375785827636719 -0.126617431640625 -0.3907470703125
0.0326347351074219 0.0510940551757813 -0.148834228515625 -0.41595458984375
-0.0211029052734375 0.0480194091796875 -0.06854248046875 -0.415374755859375
-0.0896072387695313 -0.00965881347656249 -0.02423095703125 -0.35882568359375
-0.0479660034179688 -0.131278991699219 0.037628173828125 -0.31158447265625
0.145584106445313 -0.165725708007813 0.1488037109375 -0.229965209960938
0.2928466796875 0.005523681640625 0.0432777404785156 -0.0691871643066406
0.182968139648437 0.200942993164062 -0.441864013671875 -0.244415283203125
0.266754150390625 0.377685546875 -0.28948974609375 -0.281341552734375
0.355987548828125 0.242950439453125 -0.589599609375 -0.57598876953125
0.372589111328125 0.081787109375 -0.54400634765625 -0.0391845703125
0.235641479492188 -0.0900115966796875 -0.130531311035156 0.100791931152344
0.105232238769531 -0.100303649902344 0.106025695800781 -0.0790023803710938
0.0432510375976563 -0.0805511474609375 0.0428466796875 -0.301727294921875
0.0274124145507813 -0.111320495605469 -0.102783203125 -0.38946533203125
0.0344772338867188 -0.120124816894531 -0.159515380859375 -0.3602294921875
0.0103607177734375 -0.132003784179688 -0.163299560546875 -0.396942138671875
0.00537109375000001 -0.126609802246094 -0.075286865234375 -0.404327392578125
0.0179290771484375 -0.15576171875 0.00134277343750003 -0.343658447265625
0.091094970703125 -0.212005615234375 0.065399169921875 -0.291778564453125
0.28619384765625 -0.152587890625 0.15948486328125 -0.206619262695312
0.437408447265625 -0.007568359375 0.0683441162109375 -0.0846099853515625
0.377899169921875 0.201507568359375 -0.38616943359375 -0.19366455078125
0.45458984375 0.314910888671875 -0.200973510742188 -0.164581298828125
0.45989990234375 0.203216552734375 -0.553314208984375 -0.52947998046875
0.49267578125 0.09722900390625 -0.606201171875 0.0142211914062499
0.39141845703125 -0.117767333984375 -0.179153442382813 0.189987182617187
0.250762939453125 -0.19427490234375 0.0933303833007813 -0.00534057617187501
0.0984649658203125 -0.252487182617187 0.032135009765625 -0.252212524414063
0.0102386474609375 -0.272811889648438 -0.11627197265625 -0.322509765625
0.02423095703125 -0.260498046875 -0.169326782226563 -0.274887084960937
-0.00708007812500003 -0.292755126953125 -0.15692138671875 -0.32135009765625
0.0381927490234375 -0.278594970703125 -0.071075439453125 -0.345916748046875
0.13201904296875 -0.283599853515625 0.02777099609375 -0.29974365234375
0.24078369140625 -0.269195556640625 0.103775024414063 -0.266326904296875
0.419677734375 -0.101043701171875 0.208908081054688 -0.182144165039063
0.535797119140625 0.015167236328125 0.153045654296875 -0.074798583984375
0.508758544921875 0.19342041015625 -0.266067504882812 -0.116851806640625
0.58184814453125 0.18182373046875 -0.0663681030273437 -0.0462570190429687
0.5098876953125 0.082427978515625 -0.487762451171875 -0.4344482421875
0.52899169921875 0.042205810546875 -0.61431884765625 0.10400390625
0.467376708984375 -0.163665771484375 -0.202362060546875 0.292999267578125
0.3441162109375 -0.280029296875 0.0718612670898438 0.0952224731445312
0.12548828125 -0.399505615234375 0.0195770263671875 -0.144729614257813
-0.012603759765625 -0.39996337890625 -0.107666015625 -0.195510864257813
0.0107421875 -0.363525390625 -0.15264892578125 -0.146575927734375
-0.015899658203125 -0.406951904296875 -0.129348754882812 -0.201065063476563
0.07501220703125 -0.38427734375 -0.060760498046875 -0.241561889648438
0.24237060546875 -0.364227294921875 0.0525360107421875 -0.222122192382813
0.374755859375 -0.279052734375 0.145950317382813 -0.2193603515625
0.5079345703125 -0.010711669921875 0.28082275390625 -0.143524169921875
0.5655517578125 0.0662841796875 0.280471801757813 -0.030670166015625
0.558624267578125 0.171539306640625 -0.107925415039062 -0.0124588012695312
0.59814453125 0.01824951171875 0.098602294921875 0.049957275390625
0.45648193359375 -0.05096435546875 -0.388824462890625 -0.307342529296875
0.4583740234375 -0.011627197265625 -0.5479736328125 0.20068359375
0.45361328125 -0.18096923828125 -0.177520751953125 0.37841796875
0.365570068359375 -0.322723388671875 0.056640625 0.197158813476562
0.12017822265625 -0.480712890625 0.0177040100097656 0.000839233398437471
-0.041900634765625 -0.46197509765625 -0.0726470947265625 -0.028717041015625
-0.00451660156250003 -0.411102294921875 -0.111412048339844 0.00761413574218748
-0.02130126953125 -0.45721435546875 -0.0895919799804688 -0.0526123046875
0.109649658203125 -0.42633056640625 -0.0497512817382812 -0.106269836425781
0.3209228515625 -0.372283935546875 0.0646133422851563 -0.11712646484375
0.451812744140625 -0.218597412109375 0.174896240234375 -0.147293090820312
0.505096435546875 0.102508544921875 0.353485107421875 -0.079803466796875
0.498809814453125 0.112396240234375 0.418060302734375 0.057373046875
0.52752685546875 0.12213134765625 0.0616607666015625 0.11285400390625
0.485260009765625 -0.128082275390625 0.263916015625 0.113876342773437
0.299102783203125 -0.120880126953125 -0.26336669921875 -0.18109130859375
0.311370849609375 -0.001373291015625 -0.42578125 0.263885498046875
0.3812255859375 -0.134490966796875 -0.1207275390625 0.412200927734375
0.332244873046875 -0.301422119140625 0.046417236328125 0.274169921875
0.092315673828125 -0.476654052734375 0.0287017822265625 0.15118408203125
-0.062469482421875 -0.443817138671875 -0.0162811279296875 0.145278930664062
-0.021392822265625 -0.392913818359375 -0.053253173828125 0.158493041992187
-0.026611328125 -0.440704345703125 -0.0464324951171875 0.0983963012695312
0.122344970703125 -0.402191162109375 -0.0464935302734375 0.0329627990722656
0.3424072265625 -0.311004638671875 0.050079345703125 -0.00785446166992189
0.437530517578125 -0.1072998046875 0.176101684570313 -0.0640716552734375
0.3848876953125 0.19232177734375 0.399383544921875 0.00265502929687501
0.33905029296875 0.11175537109375 0.525787353515625 0.184112548828125
0.426300048828125 0.0274658203125 0.209014892578125 0.242904663085937
0.27020263671875 -0.2271728515625 0.39190673828125 0.145599365234375
0.0932159423828125 -0.110893249511719 -0.139251708984375 -0.0734405517578125
0.14849853515625 0.0659942626953125 -0.29656982421875 0.281524658203125
0.282928466796875 -0.04534912109375 -0.06756591796875 0.398406982421875
0.264373779296875 -0.225982666015625 0.02899169921875 0.318572998046875
0.060272216796875 -0.38861083984375 0.0462188720703125 0.2767333984375
-0.067596435546875 -0.352294921875 0.05096435546875 0.29046630859375
-0.036041259765625 -0.315826416015625 0.013671875 0.28009033203125
-0.0323486328125 -0.363189697265625 -0.00701904296874999 0.227447509765625
0.112091064453125 -0.3287353515625 -0.0503082275390625 0.152435302734375
0.30218505859375 -0.213714599609375 0.0117874145507813 0.080780029296875
0.333404541015625 0.00921630859375 0.146408081054688 0.000396728515625
0.18157958984375 0.210464477539063 0.41619873046875 0.079986572265625
0.1334228515625 0.0368423461914063 0.58587646484375 0.3211669921875
0.28167724609375 -0.105621337890625 0.314483642578125 0.346527099609375
0.01019287109375 -0.272201538085938 0.457275390625 0.152435302734375
-0.100814819335938 -0.0527801513671875 -0.0461196899414063 0.00197219848632813
-0.000480651855468754 0.139366149902344 -0.198837280273438 0.26116943359375
0.173568725585938 0.05120849609375 -0.047027587890625 0.359649658203125
0.174911499023438 -0.117385864257812 0.00369262695312503 0.33892822265625
0.0308837890625 -0.242507934570313 0.062957763671875 0.364501953125
-0.053924560546875 -0.2061767578125 0.114654541015625 0.38323974609375
-0.0433197021484375 -0.19384765625 0.07635498046875 0.355804443359375
-0.04010009765625 -0.241531372070313 0.028656005859375 0.32000732421875
0.078277587890625 -0.224472045898438 -0.0551910400390625 0.241439819335938
0.211990356445312 -0.110794067382813 -0.0360946655273438 0.13165283203125
0.173416137695313 0.08428955078125 0.111740112304688 0.0234451293945313
-0.035919189453125 0.137992858886719 0.430755615234375 0.12738037109375
-0.0627365112304688 -0.0990524291992188 0.6075439453125 0.4395751953125
0.119430541992187 -0.248275756835938 0.37591552734375 0.3966064453125
0.074493408203125 0.3544921875 -0.337158203125 -0.3515625
0.23260498046875 0.1729736328125 -0.6148681640625 -0.5333251953125
0.198898315429688 -0.0180816650390625 -0.457244873046875 -0.0442199707031249
0.0374908447265625 -0.0843429565429687 -0.0909271240234375 0.0376434326171875
-0.0559577941894531 -0.00992202758789063 0.08917236328125 -0.118209838867188
-0.016021728515625 0.085845947265625 0.033477783203125 -0.289764404296875
0.0393486022949219 0.0580787658691406 -0.08941650390625 -0.38385009765625
0.041046142578125 0.0379638671875 -0.135711669921875 -0.37799072265625
0.0356178283691406 0.0494270324707031 -0.1572265625 -0.401947021484375
-0.017608642578125 0.0497474670410156 -0.073883056640625 -0.405120849609375
-0.0880279541015625 -0.00271606445312501 -0.0294189453125 -0.3466796875
-0.0513534545898438 -0.126518249511719 0.0306396484375 -0.303558349609375
0.13677978515625 -0.168365478515625 0.140045166015625 -0.229141235351562
0.28662109375 -0.00604248046875 0.0385971069335938 -0.0708847045898438
0.184066772460938 0.194061279296875 -0.44134521484375 -0.224090576171875
0.269012451171875 0.371368408203125 -0.290985107421875 -0.27313232421875
0.3489990234375 0.2301025390625 -0.5968017578125 -0.55303955078125
0.365386962890625 0.07012939453125 -0.530242919921875 -0.025482177734375
0.225326538085937 -0.0939788818359375 -0.122665405273437 0.0985107421875
0.097625732421875 -0.0974578857421875 0.103538513183594 -0.0824127197265625
0.0399246215820312 -0.07489013671875 0.031097412109375 -0.297515869140625
0.025238037109375 -0.105690002441406 -0.115142822265625 -0.377105712890625
0.0322952270507813 -0.116676330566406 -0.168212890625 -0.345855712890625
0.00746154785156249 -0.128425598144531 -0.1727294921875 -0.380859375
0.00421142578124999 -0.121002197265625 -0.08160400390625 -0.39398193359375
0.0127410888671875 -0.148818969726563 -0.00442504882812501 -0.33428955078125
0.0831298828125 -0.20782470703125 0.058135986328125 -0.284149169921875
0.276473999023438 -0.157485961914063 0.15118408203125 -0.206832885742188
0.42767333984375 -0.021942138671875 0.0626296997070313 -0.0866928100585938
0.375030517578125 0.190032958984375 -0.384368896484375 -0.17626953125
0.449920654296875 0.303131103515625 -0.203048706054687 -0.159622192382813
0.450531005859375 0.189666748046875 -0.55938720703125 -0.510498046875
0.4852294921875 0.084808349609375 -0.591552734375 0.02996826171875
0.37786865234375 -0.12451171875 -0.167694091796875 0.188308715820313
0.23931884765625 -0.194000244140625 0.0929183959960938 -0.01104736328125
0.0892333984375 -0.243927001953125 0.020599365234375 -0.250640869140625
0.00291442871093751 -0.26434326171875 -0.128631591796875 -0.310821533203125
0.0192413330078125 -0.25494384765625 -0.175003051757813 -0.26092529296875
-0.0159912109375 -0.284271240234375 -0.164306640625 -0.307159423828125
0.0308837890625 -0.270645141601563 -0.07818603515625 -0.335174560546875
0.121337890625 -0.277938842773438 0.021148681640625 -0.29168701171875
0.228775024414063 -0.267669677734375 0.096893310546875 -0.2601318359375
0.40936279296875 -0.10833740234375 0.198928833007813 -0.18377685546875
0.525390625 -0.001708984375 0.144821166992188 -0.0787506103515625
0.503448486328125 0.180145263671875 -0.266632080078125 -0.103897094726562
0.57171630859375 0.16937255859375 -0.0681190490722656 -0.0455856323242188
0.4971923828125 0.07000732421875 -0.49298095703125 -0.414031982421875
0.520355224609375 0.03009033203125 -0.59783935546875 0.1160888671875
0.452239990234375 -0.17138671875 -0.18902587890625 0.29058837890625
0.330963134765625 -0.2816162109375 0.0748214721679688 0.0873641967773437
0.1112060546875 -0.38922119140625 0.0106048583984375 -0.1461181640625
-0.02410888671875 -0.3880615234375 -0.1165771484375 -0.187530517578125
0.00283813476562504 -0.35498046875 -0.15484619140625 -0.134002685546875
-0.027801513671875 -0.39471435546875 -0.1343994140625 -0.189804077148438
0.0633544921875 -0.37646484375 -0.0656585693359375 -0.232070922851563
0.22601318359375 -0.36083984375 0.04669189453125 -0.216629028320313
0.35968017578125 -0.27947998046875 0.13897705078125 -0.215438842773438
0.499847412109375 -0.02056884765625 0.271621704101563 -0.147476196289063
0.553375244140625 0.04864501953125 0.271530151367188 -0.03826904296875
0.55450439453125 0.157562255859375 -0.107879638671875 -0.00505065917968747
0.58319091796875 0.00775146484375 0.0980453491210938 0.0460128784179687
0.442291259765625 -0.05859375 -0.393157958984375 -0.29290771484375
0.451019287109375 -0.020263671875 -0.53131103515625 0.210296630859375
0.438873291015625 -0.18780517578125 -0.162109375 0.372711181640625
0.352142333984375 -0.326568603515625 0.06170654296875 0.18768310546875
0.102142333984375 -0.470947265625 0.0116796493530274 -0.00363826751708987
-0.05523681640625 -0.44873046875 -0.077392578125 -0.0236968994140625
-0.015838623046875 -0.400909423828125 -0.109176635742187 0.0153579711914062
-0.03741455078125 -0.444671630859375 -0.0910110473632813 -0.0453414916992188
0.09503173828125 -0.418182373046875 -0.0520095825195312 -0.0992431640625
0.301513671875 -0.371002197265625 0.0601272583007813 -0.114067077636719
0.435760498046875 -0.223236083984375 0.169021606445313 -0.145736694335938
0.50030517578125 0.09014892578125 0.3431396484375 -0.086700439453125
0.48846435546875 0.097503662109375 0.41015625 0.04571533203125
0.520416259765625 0.108642578125 0.0609283447265625 0.114585876464844
0.47021484375 -0.1336669921875 0.26300048828125 0.104507446289063
0.28729248046875 -0.12371826171875 -0.264373779296875 -0.172683715820312
0.30804443359375 -0.00616455078125 -0.4105224609375 0.27020263671875
0.36944580078125 -0.141082763671875 -0.105224609375 0.404998779296875
0.31964111328125 -0.305450439453125 0.0525054931640625 0.262939453125
0.07635498046875 -0.466583251953125 0.0261993408203125 0.143646240234375
-0.0772705078125 -0.43341064453125 -0.0156707763671875 0.143844604492188
-0.032958984375 -0.383514404296875 -0.0472564697265625 0.160690307617187
-0.04095458984375 -0.427490234375 -0.044586181640625 0.100204467773437
0.108734130859375 -0.39495849609375 -0.0446853637695313 0.0368499755859375
0.323760986328125 -0.311981201171875 0.0487632751464844 -0.00656890869140627
0.424163818359375 -0.11419677734375 0.171096801757813 -0.0641021728515625
0.3834228515625 0.18133544921875 0.39031982421875 -0.00546264648437499
0.3330078125 0.100982666015625 0.518157958984375 0.168060302734375
0.4190673828125 0.018402099609375 0.209030151367188 0.237762451171875
0.2564697265625 -0.227005004882813 0.390899658203125 0.131591796875
0.087158203125 -0.110420227050781 -0.138511657714844 -0.0698623657226563
0.149856567382813 0.0639190673828125 -0.2828369140625 0.282989501953125
0.277313232421875 -0.0517425537109375 -0.055084228515625 0.3892822265625
0.254684448242188 -0.229522705078125 0.03558349609375 0.30694580078125
0.045379638671875 -0.381072998046875 0.046783447265625 0.267242431640625
-0.079071044921875 -0.3427734375 0.055999755859375 0.284576416015625
-0.044525146484375 -0.308135986328125 0.021148681640625 0.277297973632813
-0.046295166015625 -0.352508544921875 -0.00157165527343748 0.224578857421875
0.098968505859375 -0.323944091796875 -0.045257568359375 0.154144287109375
0.287933349609375 -0.217742919921875 0.0131683349609375 0.0806045532226562
0.326751708984375 0.001983642578125 0.142532348632813 4.57763671875001E-05
0.18487548828125 0.204635620117188 0.407501220703125 0.069366455078125
0.128059387207031 0.032684326171875 0.57952880859375 0.30255126953125
0.273284912109375 -0.109359741210938 0.3143310546875 0.3367919921875
0.000808715820312484 -0.26519775390625 0.457122802734375 0.13568115234375
-0.100700378417969 -0.0500640869140625 -0.0438003540039063 0.00174713134765624
0.00569915771484376 0.139518737792969 -0.187713623046875 0.261642456054688
0.173110961914063 0.0453338623046875 -0.036468505859375 0.350189208984375
0.16827392578125 -0.121337890625 0.010284423828125 0.32763671875
0.0210723876953125 -0.238082885742188 0.067138671875 0.35272216796875
-0.061737060546875 -0.201065063476563 0.120635986328125 0.37384033203125
-0.04937744140625 -0.18841552734375 0.084808349609375 0.347137451171875
-0.0500335693359375 -0.233657836914063 0.03692626953125 0.31256103515625
0.0684967041015625 -0.223419189453125 -0.0479278564453125 0.24017333984375
0.2027587890625 -0.116165161132813 -0.0326919555664062 0.131744384765625
0.17315673828125 0.0786285400390625 0.108360290527344 0.0224685668945313
-0.03167724609375 0.138374328613281 0.421966552734375 0.11456298828125
-0.0665054321289063 -0.0953903198242187 0.60498046875 0.41900634765625
0.11004638671875 -0.246795654296875 0.37451171875 0.38348388671875
0.07867431640625 0.361785888671875 -0.3421630859375 -0.354339599609375
0.230804443359375 0.169326782226563 -0.62451171875 -0.53021240234375
0.195938110351562 -0.021484375 -0.45526123046875 -0.0397033691406251
0.0347366333007813 -0.0846633911132813 -0.0882034301757813 0.035675048828125
-0.0576019287109375 -0.00539398193359375 0.0888137817382813 -0.121307373046875
-0.014862060546875 0.09100341796875 0.02899169921875 -0.2891845703125
0.0424461364746094 0.0606040954589844 -0.097137451171875 -0.381195068359375
0.0448226928710938 0.038787841796875 -0.144287109375 -0.375213623046875
0.0386619567871094 0.0498390197753906 -0.16143798828125 -0.398223876953125
-0.0153656005859375 0.0526237487792969 -0.076873779296875 -0.4036865234375
-0.0875167846679688 0.0023651123046875 -0.03033447265625 -0.344451904296875
-0.0541229248046875 -0.124137878417969 0.029388427734375 -0.301788330078125
0.132369995117188 -0.171844482421875 0.136520385742188 -0.23223876953125
0.286712646484375 -0.013458251953125 0.0358428955078125 -0.0726165771484375
0.186370849609375 0.19439697265625 -0.446502685546875 -0.215728759765625
0.2701416015625 0.37451171875 -0.2960205078125 -0.2735595703125
0.346893310546875 0.227294921875 -0.60772705078125 -0.55120849609375
0.3651123046875 0.066986083984375 -0.52764892578125 -0.021453857421875
0.221298217773438 -0.0960235595703125 -0.119163513183594 0.0978164672851562
0.0953445434570313 -0.0951919555664063 0.103713989257813 -0.0865631103515625
0.0390548706054687 -0.0691947937011719 0.02581787109375 -0.2984619140625
0.0264892578125 -0.102897644042969 -0.125335693359375 -0.374755859375
0.0337142944335938 -0.116447448730469 -0.1751708984375 -0.341644287109375
0.00706481933593749 -0.127052307128906 -0.17919921875 -0.37640380859375
0.00400543212890625 -0.11767578125 -0.08526611328125 -0.39215087890625
0.0111236572265625 -0.14501953125 -0.00613403320312497 -0.330902099609375
0.079498291015625 -0.207412719726563 0.057891845703125 -0.283355712890625
0.2742919921875 -0.161758422851563 0.148422241210938 -0.20965576171875
0.426971435546875 -0.03033447265625 0.0583419799804688 -0.0888671875
0.37799072265625 0.1893310546875 -0.388946533203125 -0.168060302734375
0.45263671875 0.3062744140625 -0.20703125 -0.1590576171875
0.448089599609375 0.187896728515625 -0.57073974609375 -0.5078125
0.48590087890625 0.080413818359375 -0.5902099609375 0.03497314453125
0.373199462890625 -0.12701416015625 -0.16375732421875 0.187484741210938
0.236892700195312 -0.1939697265625 0.0954360961914063 -0.0155410766601563
0.0858917236328125 -0.239273071289063 0.013336181640625 -0.252975463867188
-0.0004730224609375 -0.260757446289063 -0.1378173828125 -0.30804443359375
0.0178375244140625 -0.254302978515625 -0.18060302734375 -0.254318237304688
-0.019195556640625 -0.282318115234375 -0.170806884765625 -0.301849365234375
0.02880859375 -0.268035888671875 -0.081268310546875 -0.33245849609375
0.117523193359375 -0.275787353515625 0.01995849609375 -0.289398193359375
0.2242431640625 -0.269393920898438 0.097625732421875 -0.259017944335938
0.4095458984375 -0.11285400390625 0.19683837890625 -0.186248779296875
0.5245361328125 -0.01031494140625 0.140609741210938 -0.082061767578125
0.507965087890625 0.17901611328125 -0.269317626953125 -0.095947265625
0.57098388671875 0.17047119140625 -0.0691909790039062 -0.0449905395507813
0.4937744140625 0.068634033203125 -0.50372314453125 -0.412017822265625
0.523590087890625 0.02618408203125 -0.59613037109375 0.12249755859375
0.44940185546875 -0.17535400390625 -0.183380126953125 0.290252685546875
0.328399658203125 -0.28521728515625 0.0775680541992188 0.081756591796875
0.10546875 -0.38677978515625 0.00227355957031252 -0.150299072265625
-0.03240966796875 -0.385345458984375 -0.125152587890625 -0.18353271484375
-0.00122070312499999 -0.355010986328125 -0.157669067382812 -0.127059936523438
-0.035430908203125 -0.392974853515625 -0.138900756835938 -0.184417724609375
0.059783935546875 -0.37457275390625 -0.0684051513671875 -0.227767944335938
0.221771240234375 -0.361358642578125 0.0458221435546875 -0.214324951171875
0.35662841796875 -0.28387451171875 0.1397705078125 -0.215316772460938
0.503692626953125 -0.025909423828125 0.268798828125 -0.15081787109375
0.554534912109375 0.0404052734375 0.267868041992188 -0.042510986328125
0.55633544921875 0.156097412109375 -0.1094970703125 0.00199127197265625
0.583251953125 0.00543212890625 0.099395751953125 0.044830322265625
0.439117431640625 -0.06060791015625 -0.40057373046875 -0.290740966796875
0.453765869140625 -0.02288818359375 -0.530181884765625 0.21710205078125
0.4368896484375 -0.19219970703125 -0.156768798828125 0.37237548828125
0.349639892578125 -0.3310546875 0.064605712890625 0.181976318359375
0.095977783203125 -0.46917724609375 0.00492095947265626 -0.00785112380981448
-0.0650634765625 -0.44720458984375 -0.082611083984375 -0.0203857421875
-0.02020263671875 -0.4010009765625 -0.109199523925781 0.0215911865234375
-0.046356201171875 -0.441497802734375 -0.0928192138671875 -0.0411376953125
0.089447021484375 -0.416473388671875 -0.0523300170898438 -0.0954437255859375
0.294189453125 -0.372283935546875 0.0599288940429688 -0.112533569335938
0.435089111328125 -0.2275390625 0.169708251953125 -0.144744873046875
0.505279541015625 0.086273193359375 0.340972900390625 -0.08990478515625
0.4896240234375 0.089691162109375 0.407012939453125 0.040374755859375
0.523773193359375 0.10675048828125 0.06134033203125 0.120384216308594
0.46710205078125 -0.13580322265625 0.26678466796875 0.100936889648437
0.2835693359375 -0.125274658203125 -0.269088745117188 -0.1712646484375
0.31182861328125 -0.007537841796875 -0.406982421875 0.27557373046875
0.369049072265625 -0.14532470703125 -0.099365234375 0.40350341796875
0.3177490234375 -0.31103515625 0.05487060546875 0.258453369140625
0.0662841796875 -0.467132568359375 0.020751953125 0.13916015625
-0.086456298828125 -0.43145751953125 -0.0172271728515625 0.1466064453125
-0.037811279296875 -0.3831787109375 -0.0442047119140625 0.165802001953125
-0.05157470703125 -0.42340087890625 -0.0445938110351563 0.103538513183594
0.101226806640625 -0.3956298828125 -0.0438499450683594 0.0403861999511719
0.318084716796875 -0.317413330078125 0.0490837097167969 -0.00521469116210939
0.4244384765625 -0.11767578125 0.171646118164063 -0.063446044921875
0.388641357421875 0.18035888671875 0.38958740234375 -0.00979614257812499
0.331207275390625 0.096405029296875 0.518768310546875 0.163116455078125
0.418609619140625 0.017181396484375 0.210479736328125 0.242019653320312
0.252761840820312 -0.2274169921875 0.39739990234375 0.125335693359375
0.0842666625976563 -0.110298156738281 -0.139259338378906 -0.0703506469726563
0.1544189453125 0.066009521484375 -0.27923583984375 0.288177490234375
0.278488159179688 -0.0548553466796875 -0.049713134765625 0.3868408203125
0.253311157226563 -0.235107421875 0.036865234375 0.302825927734375
0.037750244140625 -0.3814697265625 0.043548583984375 0.263748168945313
-0.087982177734375 -0.342620849609375 0.05767822265625 0.284698486328125
-0.0498046875 -0.30792236328125 0.026123046875 0.279922485351563
-0.05487060546875 -0.34881591796875 0.000778198242187476 0.225631713867187
0.092437744140625 -0.32537841796875 -0.0439300537109375 0.157180786132812
0.282501220703125 -0.2216796875 0.0140914916992188 0.0829544067382812
0.328216552734375 -0.000762939453125 0.142990112304688 0.000762939453125
0.188461303710938 0.2054443359375 0.406951904296875 0.065032958984375
0.125663757324219 0.031158447265625 0.58270263671875 0.2999267578125
0.271453857421875 -0.111007690429688 0.31817626953125 0.340118408203125
-0.00471496582031248 -0.26373291015625 0.46417236328125 0.1273193359375
-0.101432800292969 -0.049560546875 -0.0416221618652344 0.000438690185546868
0.0108184814453125 0.142318725585938 -0.184295654296875 0.264816284179688
0.176040649414063 0.0424041748046875 -0.032257080078125 0.34698486328125
0.167861938476563 -0.12615966796875 0.011077880859375 0.325164794921875
0.0152587890625 -0.239105224609375 0.0650634765625 0.348663330078125
-0.067718505859375 -0.201522827148437 0.126800537109375 0.37213134765625
-0.0534210205078125 -0.187896728515625 0.090118408203125 0.34857177734375
-0.0565643310546875 -0.230758666992188 0.04156494140625 0.312347412109375
0.06170654296875 -0.226181030273438 -0.0449981689453125 0.2432861328125
0.199600219726563 -0.120773315429688 -0.0315322875976562 0.135360717773438
0.175674438476563 0.076995849609375 0.107391357421875 0.0236663818359375
-0.0291595458984375 0.141372680664063 0.4215087890625 0.11175537109375
-0.069732666015625 -0.0942001342773438 0.61065673828125 0.41796875
0.107330322265625 -0.247589111328125 0.37664794921875 0.38616943359375
0.089385986328125 0.376983642578125 -0.358734130859375 -0.360687255859375
0.236328125 0.169784545898438 -0.653564453125 -0.533203125
0.198287963867188 -0.026031494140625 -0.4632568359375 -0.0339660644531251
0.0319595336914063 -0.08770751953125 -0.0874862670898438 0.0358505249023438
-0.0610389709472656 -0.000820159912109369 0.089263916015625 -0.129318237304688
-0.0119400024414063 0.0987167358398438 0.0235595703125 -0.296051025390625
0.04833984375 0.0634269714355469 -0.110809326171875 -0.387908935546875
0.0495338439941406 0.0400123596191406 -0.158843994140625 -0.379791259765625
0.0432815551757813 0.0511245727539062 -0.175628662109375 -0.404327392578125
-0.0123672485351562 0.057220458984375 -0.0838317871093751 -0.411376953125
-0.0889358520507813 0.00853729248046874 -0.03515625 -0.349090576171875
-0.0591354370117188 -0.125343322753906 0.025604248046875 -0.30853271484375
0.1292724609375 -0.181304931640625 0.133010864257813 -0.241317749023438
0.292510986328125 -0.02362060546875 0.032440185546875 -0.0760269165039063
0.196075439453125 0.198577880859375 -0.464599609375 -0.210235595703125
0.28631591796875 0.386810302734375 -0.309844970703125 -0.27587890625
0.355010986328125 0.229248046875 -0.6365966796875 -0.5552978515625
0.374603271484375 0.0618896484375 -0.539459228515625 -0.0130004882812501
0.22198486328125 -0.102615356445313 -0.118080139160156 0.0995407104492187
0.09454345703125 -0.0968399047851563 0.106483459472656 -0.0944442749023438
0.0397605895996094 -0.0658340454101563 0.01727294921875 -0.307037353515625
0.0263519287109375 -0.102035522460937 -0.14105224609375 -0.379364013671875
0.0344390869140625 -0.118064880371094 -0.189544677734375 -0.342376708984375
0.00659942626953125 -0.128608703613281 -0.19384765625 -0.380279541015625
0.00306701660156251 -0.118232727050781 -0.09283447265625 -0.399322509765625
0.0088043212890625 -0.145751953125 -0.00915527343749998 -0.33673095703125
0.07696533203125 -0.21331787109375 0.05645751953125 -0.29052734375
0.277328491210938 -0.172500610351563 0.145721435546875 -0.21905517578125
0.434722900390625 -0.0430908203125 0.054229736328125 -0.0928802490234375
0.393585205078125 0.19122314453125 -0.403961181640625 -0.16094970703125
0.469268798828125 0.313720703125 -0.215744018554688 -0.159423828125
0.4581298828125 0.187469482421875 -0.59967041015625 -0.5101318359375
0.500457763671875 0.0731201171875 -0.60247802734375 0.0473022460937499
0.377288818359375 -0.137237548828125 -0.162643432617187 0.193115234375
0.238906860351563 -0.201934814453125 0.0991973876953125 -0.0223388671875
0.0832977294921875 -0.240737915039063 0.00402832031250001 -0.261260986328125
-0.00592041015625003 -0.263381958007813 -0.15362548828125 -0.30999755859375
0.014129638671875 -0.259857177734375 -0.191757202148438 -0.252777099609375
-0.026611328125 -0.285797119140625 -0.183380126953125 -0.302276611328125
0.0251617431640625 -0.272613525390625 -0.089813232421875 -0.337738037109375
0.114044189453125 -0.281951904296875 0.0172119140625 -0.29437255859375
0.22589111328125 -0.279342651367188 0.0972137451171875 -0.266036987304688
0.4193115234375 -0.124908447265625 0.196533203125 -0.196014404296875
0.5355224609375 -0.02471923828125 0.138862609863281 -0.0877685546875
0.526092529296875 0.177398681640625 -0.279388427734375 -0.0877380371093749
0.5902099609375 0.17010498046875 -0.0727157592773437 -0.0440826416015625
0.504425048828125 0.06451416015625 -0.529510498046875 -0.413970947265625
0.539093017578125 0.0174560546875 -0.60760498046875 0.13726806640625
0.453765869140625 -0.187103271484375 -0.179901123046875 0.29840087890625
0.332794189453125 -0.2987060546875 0.0818710327148438 0.0773162841796875
0.0992431640625 -0.3931884765625 -0.00712585449218748 -0.155441284179688
-0.044189453125 -0.39129638671875 -0.137649536132813 -0.183029174804688
-0.00897216796874999 -0.362457275390625 -0.164535522460938 -0.122421264648438
-0.047149658203125 -0.397735595703125 -0.148330688476563 -0.1817626953125
0.05377197265625 -0.3819580078125 -0.0744781494140625 -0.229629516601563
0.217071533203125 -0.373016357421875 0.044769287109375 -0.217926025390625
0.3597412109375 -0.2969970703125 0.14129638671875 -0.221939086914063
0.518218994140625 -0.0369873046875 0.271835327148438 -0.16033935546875
0.56787109375 0.02685546875 0.269882202148438 -0.0497894287109375
0.57598876953125 0.154541015625 -0.112579345703125 0.00959777832031252
0.5977783203125 0.0015869140625 0.104255676269531 0.0452880859375
0.44677734375 -0.06695556640625 -0.418914794921875 -0.291656494140625
0.4678955078125 -0.031341552734375 -0.537567138671875 0.233306884765625
0.442657470703125 -0.205047607421875 -0.150970458984375 0.38262939453125
0.35418701171875 -0.349273681640625 0.0703887939453125 0.180160522460938
0.08599853515625 -0.479156494140625 -0.0034341812133789 -0.0110912322998047
-0.08087158203125 -0.453369140625 -0.0900955200195312 -0.01788330078125
-0.030609130859375 -0.409881591796875 -0.110687255859375 0.0292282104492187
-0.06036376953125 -0.4476318359375 -0.0969390869140625 -0.0365753173828125
0.082305908203125 -0.4263916015625 -0.05584716796875 -0.0932388305664063
0.291473388671875 -0.38702392578125 0.0602035522460938 -0.113685607910156
0.441162109375 -0.241973876953125 0.173828125 -0.150482177734375
0.522735595703125 0.079010009765625 0.347137451171875 -0.1002197265625
0.501251220703125 0.080169677734375 0.4163818359375 0.034698486328125
0.54144287109375 0.103668212890625 0.065948486328125 0.12847900390625
0.47509765625 -0.145355224609375 0.279159545898438 0.0976409912109375
0.286865234375 -0.1324462890625 -0.280975341796875 -0.171478271484375
0.3232421875 -0.012359619140625 -0.412445068359375 0.293975830078125
0.375274658203125 -0.155670166015625 -0.0924377441406249 0.41265869140625
0.322113037109375 -0.327484130859375 0.0599060058593751 0.258270263671875
0.0570983886718751 -0.47760009765625 0.016204833984375 0.139480590820312
-0.102783203125 -0.438140869140625 -0.0176239013671875 0.1513671875
-0.049163818359375 -0.392242431640625 -0.0393524169921875 0.173721313476562
-0.06640625 -0.429534912109375 -0.0438385009765625 0.109397888183594
0.09222412109375 -0.405792236328125 -0.0440635681152344 0.0459136962890625
0.317535400390625 -0.3306884765625 0.0515480041503906 -0.00324630737304689
0.4329833984375 -0.128662109375 0.176254272460938 -0.0667877197265625
0.405609130859375 0.178680419921875 0.39703369140625 -0.018310546875
0.33837890625 0.09112548828125 0.53277587890625 0.15704345703125
0.431396484375 0.01263427734375 0.221954345703125 0.250808715820313
0.253005981445313 -0.23583984375 0.4144287109375 0.11883544921875
0.0828018188476562 -0.114166259765625 -0.143447875976562 -0.071014404296875
0.163482666015625 0.065460205078125 -0.2802734375 0.302490234375
0.28619384765625 -0.06195068359375 -0.0427246093749999 0.3936767578125
0.2574462890625 -0.249008178710938 0.04150390625 0.304931640625
0.0283203125 -0.391021728515625 0.04241943359375 0.26654052734375
-0.1029052734375 -0.34832763671875 0.064056396484375 0.290496826171875
-0.059814453125 -0.313690185546875 0.035369873046875 0.288604736328125
-0.0682373046875 -0.353057861328125 0.00581359863281248 0.233108520507812
0.085296630859375 -0.33465576171875 -0.0416717529296875 0.165176391601562
0.28216552734375 -0.23388671875 0.0162277221679688 0.0877456665039062
0.33795166015625 -0.0062255859375 0.147003173828125 -0.0001068115234375
0.200180053710938 0.209609985351563 0.416900634765625 0.0579833984375
0.126106262207031 0.0288848876953125 0.6021728515625 0.29718017578125
0.276168823242188 -0.1175537109375 0.3321533203125 0.347412109375
-0.0116729736328125 -0.268539428710938 0.483062744140625 0.117095947265625
-0.105422973632813 -0.0498809814453125 -0.0407600402832031 -0.000835418701171872
0.0178375244140625 0.147567749023438 -0.181838989257812 0.277099609375
0.183624267578125 0.0387725830078125 -0.02484130859375 0.352630615234375
0.1705322265625 -0.13525390625 0.01470947265625 0.32928466796875
0.00773620605468749 -0.245864868164063 0.067291259765625 0.35430908203125
-0.0778350830078125 -0.2049560546875 0.1373291015625 0.377838134765625
-0.0613555908203125 -0.191009521484375 0.1025390625 0.355224609375
-0.0669708251953125 -0.232925415039063 0.0499267578125 0.32000732421875
0.0548553466796875 -0.234603881835938 -0.0404815673828125 0.2530517578125
0.200363159179688 -0.130096435546875 -0.029815673828125 0.141845703125
0.18377685546875 0.0755157470703125 0.109619140625 0.024444580078125
-0.0254669189453125 0.147994995117188 0.43267822265625 0.106658935546875
-0.0760574340820313 -0.0955123901367188 0.6346435546875 0.42041015625
0.104446411132812 -0.25653076171875 0.39361572265625 0.394073486328125
0.112335205078125 0.392791748046875 -0.386749267578125 -0.359466552734375
0.248336791992187 0.167877197265625 -0.70477294921875 -0.523193359375
0.201873779296875 -0.035430908203125 -0.475982666015625 -0.016082763671875
0.0263519287109375 -0.09295654296875 -0.0873489379882812 0.037353515625
-0.0650901794433594 0.00434112548828125 0.087890625 -0.139678955078125
-0.00505828857421875 0.107162475585938 0.010162353515625 -0.305938720703125
0.0571517944335938 0.0662727355957031 -0.135101318359375 -0.393829345703125
0.0572471618652344 0.0400848388671875 -0.183746337890625 -0.38385009765625
0.0512428283691406 0.0510711669921875 -0.200714111328125 -0.406646728515625
-0.00782012939453125 0.0626678466796875 -0.10394287109375 -0.42291259765625
-0.0900421142578125 0.016082763671875 -0.0458984375 -0.357513427734375
-0.0688018798828125 -0.126640319824219 0.01409912109375 -0.318450927734375
0.1224365234375 -0.195098876953125 0.123611450195313 -0.255569458007812
0.299102783203125 -0.04046630859375 0.0278167724609375 -0.0802154541015625
0.212738037109375 0.199569702148438 -0.4920654296875 -0.19134521484375
0.3153076171875 0.3956298828125 -0.333526611328125 -0.27423095703125
0.373870849609375 0.22589111328125 -0.68731689453125 -0.5469970703125
0.38922119140625 0.04779052734375 -0.5555419921875 0.0100708007812499
0.2222900390625 -0.115478515625 -0.115364074707031 0.105987548828125
0.0929183959960937 -0.101066589355469 0.106643676757812 -0.10589599609375
0.0410270690917969 -0.0632820129394531 0.00225830078125002 -0.318145751953125
0.0256881713867187 -0.103225708007812 -0.168060302734375 -0.38287353515625
0.0326385498046875 -0.122810363769531 -0.21435546875 -0.342132568359375
0.00260162353515626 -0.131706237792969 -0.218170166015625 -0.381561279296875
7.62939453125128E-05 -0.1192626953125 -0.115264892578125 -0.408660888671875
0.0034942626953125 -0.14697265625 -0.020416259765625 -0.34637451171875
0.069427490234375 -0.2237548828125 0.048095703125 -0.302154541015625
0.277938842773438 -0.192626953125 0.13787841796875 -0.232986450195313
0.444915771484375 -0.0679931640625 0.0490036010742188 -0.0983963012695313
0.4169921875 0.18304443359375 -0.426300048828125 -0.144195556640625
0.501068115234375 0.312652587890625 -0.229965209960937 -0.155242919921875
0.478607177734375 0.178436279296875 -0.64801025390625 -0.501953125
0.522308349609375 0.053924560546875 -0.62060546875 0.0749511718750001
0.381561279296875 -0.157684326171875 -0.157470703125 0.204574584960937
0.238876342773438 -0.2183837890625 0.10272216796875 -0.0321273803710938
0.0764923095703125 -0.2469482421875 -0.013275146484375 -0.271209716796875
-0.0169219970703125 -0.267364501953125 -0.179046630859375 -0.3106689453125
0.00552368164062498 -0.268112182617188 -0.211532592773438 -0.247894287109375
-0.0400390625 -0.291534423828125 -0.205047607421875 -0.300384521484375
0.0148773193359375 -0.280319213867188 -0.108154296875 -0.343109130859375
0.105224609375 -0.29400634765625 0.00845336914062499 -0.3043212890625
0.220123291015625 -0.29888916015625 0.0914764404296875 -0.279144287109375
0.428924560546875 -0.149688720703125 0.192047119140625 -0.212066650390625
0.549896240234375 -0.05224609375 0.135871887207031 -0.0974960327148438
0.554351806640625 0.164276123046875 -0.29339599609375 -0.0732421875
0.61907958984375 0.15777587890625 -0.0759506225585937 -0.041900634765625
0.522735595703125 0.049346923828125 -0.5697021484375 -0.40576171875
0.560699462890625 -0.005126953125 -0.62310791015625 0.17120361328125
0.4609375 -0.212921142578125 -0.17156982421875 0.314697265625
0.332122802734375 -0.32470703125 0.0889205932617188 0.0712203979492187
0.085296630859375 -0.405548095703125 -0.021575927734375 -0.162246704101563
-0.064483642578125 -0.398162841796875 -0.156845092773438 -0.179519653320313
-0.02496337890625 -0.373321533203125 -0.175994873046875 -0.114471435546875
-0.0688171386718751 -0.405303955078125 -0.163192749023438 -0.177261352539063
0.037628173828125 -0.39501953125 -0.0869903564453125 -0.230758666992188
0.20562744140625 -0.39239501953125 0.0396728515625 -0.225250244140625
0.359375 -0.32281494140625 0.13922119140625 -0.23492431640625
0.53717041015625 -0.062896728515625 0.271392822265625 -0.179443359375
0.58380126953125 -0.00091552734375 0.273956298828125 -0.06353759765625
0.6058349609375 0.13763427734375 -0.116096496582031 0.020721435546875
0.62005615234375 -0.019775390625 0.111618041992188 0.0415725708007813
0.456634521484375 -0.084991455078125 -0.450897216796875 -0.28363037109375
0.48681640625 -0.053497314453125 -0.546051025390625 0.2685546875
0.4481201171875 -0.2315673828125 -0.13763427734375 0.399658203125
0.354095458984375 -0.378753662109375 0.0797882080078125 0.177139282226562
0.06671142578125 -0.495208740234375 -0.0126609802246094 -0.0126733779907227
-0.108673095703125 -0.462005615234375 -0.09857177734375 -0.0116195678710938
-0.05120849609375 -0.422393798828125 -0.110885620117188 0.0388031005859375
-0.085296630859375 -0.455230712890625 -0.103202819824219 -0.0302047729492188
0.063720703125 -0.442352294921875 -0.0618667602539063 -0.0903778076171875
0.282562255859375 -0.412109375 0.0601882934570313 -0.11773681640625
0.447357177734375 -0.270538330078125 0.175491333007813 -0.162994384765625
0.54803466796875 0.057373046875 0.35198974609375 -0.120574951171875
0.517669677734375 0.05865478515625 0.42828369140625 0.01751708984375
0.5662841796875 0.0877685546875 0.07513427734375 0.135841369628906
0.485595703125 -0.16644287109375 0.2962646484375 0.087158203125
0.28851318359375 -0.146331787109375 -0.299713134765625 -0.165740966796875
0.33831787109375 -0.02606201171875 -0.4127197265625 0.325042724609375
0.3828125 -0.17852783203125 -0.0743408203124999 0.42767333984375
0.321044921875 -0.357391357421875 0.0718994140625 0.259628295898438
0.0347900390625 -0.493865966796875 0.0135345458984375 0.142578125
-0.131011962890625 -0.4459228515625 -0.0139007568359375 0.158843994140625
-0.071258544921875 -0.40228271484375 -0.0295867919921875 0.184005737304687
-0.09027099609375 -0.436126708984375 -0.0401611328125 0.117591857910156
0.075592041015625 -0.422119140625 -0.0433006286621094 0.0528106689453125
0.309844970703125 -0.35443115234375 0.0546493530273438 -0.00334930419921877
0.444793701171875 -0.151641845703125 0.180938720703125 -0.0759735107421875
0.431182861328125 0.166168212890625 0.407470703125 -0.03863525390625
0.350341796875 0.078399658203125 0.556854248046875 0.140777587890625
0.446563720703125 -0.00335693359375 0.242385864257813 0.255050659179688
0.250778198242188 -0.251724243164063 0.438018798828125 0.10040283203125
0.07965087890625 -0.119911193847656 -0.151504516601562 -0.0694427490234375
0.176742553710938 0.061859130859375 -0.2740478515625 0.327880859375
0.296234130859375 -0.07769775390625 -0.025909423828125 0.405487060546875
0.256454467773438 -0.273208618164063 0.053802490234375 0.309722900390625
0.008575439453125 -0.4046630859375 0.0466766357421875 0.273269653320313
-0.126983642578125 -0.35321044921875 0.077667236328125 0.297637939453125
-0.078704833984375 -0.321075439453125 0.05291748046875 0.2969970703125
-0.089385986328125 -0.356964111328125 0.0179443359375 0.242584228515625
0.068756103515625 -0.349090576171875 -0.0349884033203125 0.176193237304687
0.278961181640625 -0.255950927734375 0.02142333984375 0.092132568359375
0.350341796875 -0.02178955078125 0.1522216796875 -0.005889892578125
0.218765258789062 0.209487915039063 0.432281494140625 0.041778564453125
0.127647399902344 0.0244522094726563 0.6358642578125 0.28277587890625
0.28131103515625 -0.13201904296875 0.360382080078125 0.350830078125
-0.02508544921875 -0.274566650390625 0.509979248046875 0.093994140625
-0.112785339355469 -0.0473785400390625 -0.0398330688476563 -0.00238037109375001
0.0292816162109375 0.152999877929688 -0.173309326171875 0.297454833984375
0.194869995117188 0.02972412109375 -0.0101623535156249 0.3624267578125
0.17132568359375 -0.151351928710938 0.02593994140625 0.33721923828125
-0.00579833984374997 -0.25494384765625 0.078399658203125 0.362335205078125
-0.094970703125 -0.207061767578125 0.158355712890625 0.3826904296875
-0.074005126953125 -0.194381713867188 0.12518310546875 0.362335205078125
-0.0831451416015625 -0.234786987304688 0.067626953125 0.32977294921875
0.0409698486328125 -0.245956420898438 -0.0298309326171875 0.267257690429688
0.199356079101563 -0.146530151367188 -0.0245361328125 0.15155029296875
0.1951904296875 0.0697479248046875 0.113418579101563 0.0218887329101563
-0.018096923828125 0.156005859375 0.4521484375 0.09039306640625
-0.0865325927734375 -0.0948944091796875 0.67364501953125 0.40924072265625
0.0972900390625 -0.268508911132813 0.425628662109375 0.395904541015625
0.147918701171875 0.39959716796875 -0.420257568359375 -0.343231201171875
0.263763427734375 0.155593872070313 -0.75653076171875 -0.48492431640625
0.201858520507813 -0.0509185791015625 -0.482421875 0.0155944824218749
0.0182876586914062 -0.0972747802734375 -0.085113525390625 0.0416641235351563
-0.0676116943359375 0.0124931335449219 0.08001708984375 -0.151824951171875
0.00630950927734375 0.114189147949219 -0.01025390625 -0.31292724609375
0.0676231384277344 0.0648460388183594 -0.170806884765625 -0.39007568359375
0.0649147033691406 0.0365486145019531 -0.218048095703125 -0.37445068359375
0.0590972900390625 0.04779052734375 -0.235076904296875 -0.3995361328125
-0.000419616699218755 0.0666542053222656 -0.134124755859375 -0.424285888671875
-0.0892410278320313 0.027252197265625 -0.0672607421875 -0.362091064453125
-0.081024169921875 -0.123626708984375 -0.00631713867187499 -0.324920654296875
0.106735229492188 -0.208572387695313 0.104888916015625 -0.268447875976563
0.300262451171875 -0.06549072265625 0.0206451416015625 -0.0833816528320313
0.232330322265625 0.191268920898438 -0.518218994140625 -0.156402587890625
0.35357666015625 0.389678955078125 -0.357391357421875 -0.2568359375
0.395233154296875 0.208221435546875 -0.74395751953125 -0.50946044921875
0.4005126953125 0.0205078125 -0.56341552734375 0.0479736328125
0.215545654296875 -0.13299560546875 -0.108833312988281 0.114311218261719
0.0870208740234375 -0.1075439453125 0.103240966796875 -0.119972229003906
0.0408782958984375 -0.0623359680175781 -0.021697998046875 -0.324310302734375
0.0223541259765625 -0.103988647460938 -0.203460693359375 -0.37579345703125
0.0285186767578125 -0.12713623046875 -0.244049072265625 -0.33001708984375
-0.00423431396484375 -0.133766174316406 -0.251800537109375 -0.37005615234375
-0.0057220458984375 -0.118820190429688 -0.145172119140625 -0.408905029296875
-0.0056304931640625 -0.146942138671875 -0.040557861328125 -0.351898193359375
0.0540771484375 -0.232406616210938 0.029205322265625 -0.31182861328125
0.267074584960938 -0.217529296875 0.121444702148438 -0.246505737304688
0.44635009765625 -0.103912353515625 0.0398483276367188 -0.103294372558594
0.4417724609375 0.16143798828125 -0.446441650390625 -0.112213134765625
0.53692626953125 0.290679931640625 -0.244583129882812 -0.14239501953125
0.498809814453125 0.155181884765625 -0.70147705078125 -0.4671630859375
0.53729248046875 0.0189208984375 -0.625 0.11944580078125
0.375579833984375 -0.18634033203125 -0.144424438476562 0.217010498046875
0.228408813476563 -0.238784790039063 0.103233337402344 -0.0450592041015625
0.063629150390625 -0.251754760742188 -0.0377960205078125 -0.275314331054688
-0.034454345703125 -0.267913818359375 -0.210418701171875 -0.30010986328125
-0.0113677978515625 -0.2730712890625 -0.233901977539062 -0.2332763671875
-0.05987548828125 -0.29156494140625 -0.2322998046875 -0.287445068359375
-0.003448486328125 -0.2841796875 -0.1341552734375 -0.3402099609375
0.0865478515625 -0.304840087890625 -0.00823974609374998 -0.309661865234375
0.20355224609375 -0.32080078125 0.075408935546875 -0.291839599609375
0.42742919921875 -0.184967041015625 0.177719116210938 -0.230087280273438
0.55126953125 -0.093994140625 0.127326965332031 -0.10797119140625
0.5809326171875 0.1318359375 -0.304229736328125 -0.0491333007812499
0.6458740234375 0.125 -0.0784378051757812 -0.03741455078125
0.5357666015625 0.018341064453125 -0.61444091796875 -0.37408447265625
0.57403564453125 -0.0452880859375 -0.62261962890625 0.2193603515625
0.453125 -0.24749755859375 -0.15093994140625 0.331024169921875
0.3177490234375 -0.355438232421875 0.09600830078125 0.0610809326171875
0.060516357421875 -0.41644287109375 -0.04095458984375 -0.1632080078125
-0.095001220703125 -0.396026611328125 -0.178146362304688 -0.168670654296875
-0.0509033203125 -0.3782958984375 -0.186767578125 -0.100051879882813
-0.0986328125000001 -0.404937744140625 -0.180221557617188 -0.165557861328125
0.00964355468750002 -0.401702880859375 -0.1055908203125 -0.226242065429688
0.181304931640625 -0.41339111328125 0.0287322998046875 -0.231491088867188
0.344970703125 -0.355743408203125 0.12701416015625 -0.250885009765625
0.546142578125 -0.104949951171875 0.261032104492188 -0.202896118164062
0.590576171875 -0.04376220703125 0.271316528320313 -0.0831146240234375
0.63128662109375 0.10174560546875 -0.115127563476562 0.0348358154296875
0.63433837890625 -0.0592041015625 0.119598388671875 0.0338821411132812
0.45880126953125 -0.1142578125 -0.482513427734375 -0.257598876953125
0.495880126953125 -0.0882568359375 -0.537017822265625 0.313568115234375
0.441986083984375 -0.2662353515625 -0.109954833984375 0.41436767578125
0.3360595703125 -0.4150390625 0.09356689453125 0.170013427734375
0.03271484375 -0.50634765625 -0.0224018096923828 -0.0108833312988282
-0.14630126953125 -0.459197998046875 -0.105659484863281 -0.00140380859375001
-0.0823974609375 -0.423980712890625 -0.108192443847656 0.0505905151367187
-0.12030029296875 -0.4530029296875 -0.108200073242188 -0.0195999145507813
0.030059814453125 -0.4527587890625 -0.0690078735351562 -0.0842208862304688
0.256591796875 -0.438629150390625 0.0560760498046875 -0.122711181640625
0.437713623046875 -0.306884765625 0.168991088867188 -0.179550170898438
0.56658935546875 0.01824951171875 0.347442626953125 -0.149169921875
0.527099609375 0.023284912109375 0.43585205078125 -0.013092041015625
0.5872802734375 0.05206298828125 0.0882492065429688 0.138275146484375
0.484954833984375 -0.19921875 0.311676025390625 0.065277099609375
0.283660888671875 -0.1654052734375 -0.319671630859375 -0.148193359375
0.34759521484375 -0.050994873046875 -0.395355224609375 0.36151123046875
0.379547119140625 -0.209136962890625 -0.043548583984375 0.438018798828125
0.3045654296875 -0.392486572265625 0.0890960693359375 0.25506591796875
-0.00100708007812499 -0.503631591796875 0.0149078369140625 0.146133422851562
-0.169097900390625 -0.44122314453125 -0.00645446777343752 0.164688110351563
-0.101318359375 -0.40386962890625 -0.014068603515625 0.191482543945312
-0.125885009765625 -0.43389892578125 -0.0325469970703125 0.125045776367187
0.042999267578125 -0.432525634765625 -0.0394515991210937 0.060760498046875
0.2877197265625 -0.384490966796875 0.0577774047851563 -0.00508880615234377
0.4442138671875 -0.185699462890625 0.181137084960938 -0.090972900390625
0.4547119140625 0.139190673828125 0.40924072265625 -0.070343017578125
0.357086181640625 0.054901123046875 0.57666015625 0.104736328125
0.45831298828125 -0.0301513671875 0.267166137695313 0.247772216796875
0.238525390625 -0.271102905273438 0.457916259765625 0.067230224609375
0.071258544921875 -0.126533508300781 -0.159912109375 -0.0626373291015625
0.189834594726563 0.0511627197265625 -0.2529296875 0.3570556640625
0.299072265625 -0.10235595703125 0.00311279296875001 0.411773681640625
0.24395751953125 -0.30230712890625 0.073760986328125 0.309417724609375
-0.02178955078125 -0.4122314453125 0.058441162109375 0.2769775390625
-0.159210205078125 -0.349365234375 0.097991943359375 0.298004150390625
-0.1044921875 -0.320648193359375 0.0782470703125 0.298583984375
-0.11865234375 -0.354522705078125 0.0354766845703125 0.246932983398437
0.041839599609375 -0.360382080078125 -0.021942138671875 0.186325073242187
0.264251708984375 -0.2813720703125 0.0301055908203125 0.0958023071289063
0.358551025390625 -0.04632568359375 0.155014038085938 -0.016082763671875
0.240280151367188 0.198699951171875 0.44000244140625 0.00946044921875001
0.126617431640625 0.0167388916015625 0.667724609375 0.24517822265625
0.278823852539063 -0.151611328125 0.393951416015625 0.33905029296875
-0.0452880859375 -0.275543212890625 0.530059814453125 0.0557861328125
-0.1195068359375 -0.0400161743164063 -0.0395736694335938 -0.00340652465820313
0.0450439453125 0.154922485351563 -0.152801513671875 0.316680908203125
0.204055786132813 0.0147705078125 0.014404296875 0.367401123046875
0.16497802734375 -0.170578002929688 0.046142578125 0.34039306640625
-0.027374267578125 -0.259780883789063 0.09783935546875 0.36590576171875
-0.115325927734375 -0.203659057617187 0.187744140625 0.37890625
-0.0912933349609375 -0.192398071289063 0.15545654296875 0.359100341796875
-0.10430908203125 -0.230758666992187 0.09375 0.331573486328125
0.01983642578125 -0.25372314453125 -0.0101318359375 0.27801513671875
0.190216064453125 -0.165725708007813 -0.0133056640625 0.159835815429688
0.206832885742187 0.0567779541015625 0.11602783203125 0.0157012939453125
-0.00505065917968751 0.161911010742188 0.463470458984375 0.058013916015625
-0.098388671875 -0.0895156860351563 0.71826171875 0.37176513671875
0.0813140869140625 -0.280929565429687 0.462127685546875 0.37823486328125
0.181976318359375 0.388671875 -0.43951416015625 -0.31207275390625
0.270950317382813 0.13690185546875 -0.78460693359375 -0.42156982421875
0.194732666015625 -0.066070556640625 -0.472900390625 0.04901123046875
0.006805419921875 -0.0982208251953125 -0.0789947509765625 0.0452117919921875
-0.0670242309570313 0.0201034545898437 0.0688629150390625 -0.15887451171875
0.0191192626953125 0.1158447265625 -0.0318603515625 -0.308624267578125
0.0770034790039063 0.059600830078125 -0.20025634765625 -0.370758056640625
0.0702323913574219 0.0304985046386719 -0.24627685546875 -0.3519287109375
0.06585693359375 0.0421028137207031 -0.262725830078125 -0.376373291015625
0.00836944580078125 0.0686683654785156 -0.162811279296875 -0.41015625
-0.0844192504882813 0.0368804931640625 -0.088531494140625 -0.3521728515625
-0.09149169921875 -0.115303039550781 -0.02984619140625 -0.319915771484375
0.0860748291015625 -0.214141845703125 0.0815277099609375 -0.2703857421875
0.2901611328125 -0.089874267578125 0.0130844116210938 -0.0833511352539063
0.247024536132812 0.174575805664062 -0.5250244140625 -0.1112060546875
0.385406494140625 0.364654541015625 -0.371246337890625 -0.230712890625
0.40496826171875 0.181121826171875 -0.775634765625 -0.44793701171875
0.39764404296875 -0.008941650390625 -0.550811767578125 0.08740234375
0.200027465820313 -0.146881103515625 -0.09661865234375 0.117713928222656
0.0769805908203125 -0.111053466796875 0.094024658203125 -0.130989074707031
0.0404739379882813 -0.0602149963378906 -0.047698974609375 -0.319854736328125
0.0187606811523437 -0.102256774902344 -0.234161376953125 -0.3526611328125
0.0224456787109375 -0.128410339355469 -0.266815185546875 -0.303802490234375
-0.0114364624023437 -0.131515502929688 -0.2779541015625 -0.34429931640625
-0.011444091796875 -0.1142578125 -0.173004150390625 -0.393218994140625
-0.0152740478515625 -0.14190673828125 -0.061737060546875 -0.345672607421875
0.0347442626953125 -0.233535766601562 0.00732421875000001 -0.31005859375
0.246231079101562 -0.235137939453125 0.0988922119140625 -0.250640869140625
0.429901123046875 -0.137176513671875 0.028778076171875 -0.104316711425781
0.452484130859375 0.129669189453125 -0.449554443359375 -0.0732727050781249
0.558135986328125 0.2537841796875 -0.250076293945312 -0.12353515625
0.504669189453125 0.121795654296875 -0.730712890625 -0.40911865234375
0.534820556640625 -0.02069091796875 -0.60650634765625 0.1636962890625
0.354888916015625 -0.210845947265625 -0.124237060546875 0.223434448242188
0.208526611328125 -0.253662109375 0.0995330810546875 -0.0579605102539063
0.047393798828125 -0.249481201171875 -0.061065673828125 -0.268875122070313
-0.051513671875 -0.258529663085938 -0.23529052734375 -0.27642822265625
-0.029083251953125 -0.269134521484375 -0.249343872070313 -0.207916259765625
-0.079803466796875 -0.28265380859375 -0.2523193359375 -0.263092041015625
-0.0226898193359375 -0.277175903320313 -0.158233642578125 -0.324859619140625
0.063079833984375 -0.305511474609375 -0.027069091796875 -0.30645751953125
0.177215576171875 -0.3331298828125 0.054443359375 -0.29473876953125
0.408233642578125 -0.2149658203125 0.155624389648438 -0.239776611328125
0.534454345703125 -0.135345458984375 0.114883422851563 -0.115531921386719
0.58819580078125 0.09075927734375 -0.30340576171875 -0.0213012695312501
0.6531982421875 0.0809326171875 -0.0784759521484375 -0.03155517578125
0.530670166015625 -0.01495361328125 -0.63824462890625 -0.322021484375
0.5682373046875 -0.08709716796875 -0.597412109375 0.2623291015625
0.42791748046875 -0.278350830078125 -0.12213134765625 0.336273193359375
0.2872314453125 -0.378997802734375 0.0995025634765625 0.04736328125
0.029693603515625 -0.4124755859375 -0.057830810546875 -0.156600952148438
-0.123321533203125 -0.38116455078125 -0.19384765625 -0.148651123046875
-0.076934814453125 -0.37042236328125 -0.190902709960938 -0.0807342529296875
-0.12896728515625 -0.389923095703125 -0.19110107421875 -0.146270751953125
-0.01898193359375 -0.395172119140625 -0.119903564453125 -0.213363647460938
0.14764404296875 -0.419281005859375 0.0150604248046875 -0.23095703125
0.314239501953125 -0.37750244140625 0.108413696289063 -0.259124755859375
0.532196044921875 -0.144561767578125 0.239059448242188 -0.22039794921875
0.5748291015625 -0.08734130859375 0.258529663085938 -0.1014404296875
0.63824462890625 0.05670166015625 -0.1097412109375 0.0469589233398438
0.6279296875 -0.09912109375 0.122688293457031 0.0232467651367187
0.44696044921875 -0.142333984375 -0.498809814453125 -0.216949462890625
0.487579345703125 -0.125885009765625 -0.506072998046875 0.350616455078125
0.417266845703125 -0.296295166015625 -0.0756530761718749 0.415863037109375
0.30120849609375 -0.4407958984375 0.104248046875 0.155471801757813
-0.00585937499999998 -0.50213623046875 -0.0298137664794922 -0.00583457946777347
-0.18035888671875 -0.43890380859375 -0.10845947265625 0.00988006591796872
-0.11309814453125 -0.4146728515625 -0.101303100585937 0.060333251953125
-0.153594970703125 -0.435394287109375 -0.108673095703125 -0.00791168212890626
-0.00363159179687498 -0.44708251953125 -0.07354736328125 -0.074676513671875
0.220550537109375 -0.45233154296875 0.0496749877929688 -0.124526977539063
0.411041259765625 -0.337646484375 0.154693603515625 -0.191787719726563
0.56414794921875 -0.0244140625 0.3280029296875 -0.174530029296875
0.516754150390625 -0.016143798828125 0.426025390625 -0.04443359375
0.59014892578125 0.01141357421875 0.0994567871093751 0.133895874023438
0.468780517578125 -0.227386474609375 0.3165283203125 0.0389404296875
0.269073486328125 -0.182357788085937 -0.328582763671875 -0.125
0.344512939453125 -0.0770263671875 -0.360687255859375 0.388641357421875
0.36151123046875 -0.23516845703125 -0.00976562499999997 0.43414306640625
0.27252197265625 -0.41754150390625 0.104690551757813 0.241928100585937
-0.038543701171875 -0.497650146484375 0.018341064453125 0.146881103515625
-0.20330810546875 -0.4208984375 0.0031280517578125 0.165481567382812
-0.13079833984375 -0.392364501953125 0.0027923583984375 0.190780639648437
-0.157073974609375 -0.415740966796875 -0.02203369140625 0.128501892089844
0.00851440429687504 -0.427734375 -0.0332756042480469 0.067138671875
0.252716064453125 -0.399383544921875 0.0595855712890625 -0.0075340270996094
0.4281005859375 -0.218414306640625 0.172103881835938 -0.103973388671875
0.463623046875 0.104156494140625 0.39593505859375 -0.10101318359375
0.35113525390625 0.030120849609375 0.5762939453125 0.06280517578125
0.4547119140625 -0.0635986328125 0.284912109375 0.22955322265625
0.21783447265625 -0.28253173828125 0.460296630859375 0.0284423828125
0.060943603515625 -0.128555297851563 -0.163543701171875 -0.0530242919921875
0.195816040039062 0.0358123779296875 -0.219940185546875 0.373443603515625
0.290191650390625 -0.124603271484375 0.034149169921875 0.40386962890625
0.2203369140625 -0.32269287109375 0.092254638671875 0.297821044921875
-0.053955078125 -0.405792236328125 0.0712127685546875 0.273178100585938
-0.1868896484375 -0.33050537109375 0.116729736328125 0.2882080078125
-0.12811279296875 -0.3096923828125 0.102020263671875 0.2889404296875
-0.1455078125 -0.337890625 0.054962158203125 0.242874145507812
0.0106201171875 -0.35711669921875 -0.00613403320312501 0.189346313476562
0.236724853515625 -0.298797607421875 0.0389328002929688 0.0945968627929687
0.353607177734375 -0.073760986328125 0.152084350585938 -0.02764892578125
0.254852294921875 0.179214477539063 0.432220458984375 -0.025238037109375
0.121437072753906 0.009246826171875 0.6778564453125 0.19525146484375
0.267440795898438 -0.16986083984375 0.416656494140625 0.309051513671875
-0.0644073486328125 -0.267547607421875 0.530975341796875 0.00881958007812498
-0.122665405273438 -0.0306320190429688 -0.0395965576171875 -0.00546646118164062
0.06011962890625 0.149429321289063 -0.12261962890625 0.324951171875
0.20556640625 -0.003662109375 0.04046630859375 0.359649658203125
0.150238037109375 -0.185760498046875 0.066650390625 0.332427978515625
-0.04901123046875 -0.256072998046875 0.11846923828125 0.3582763671875
-0.133148193359375 -0.191452026367188 0.212554931640625 0.35992431640625
-0.105682373046875 -0.1834716796875 0.182464599609375 0.34161376953125
-0.122299194335938 -0.218093872070312 0.119140625 0.3218994140625
-0.00361633300781252 -0.251602172851563 0.01318359375 0.27911376953125
0.173629760742187 -0.1802978515625 0.000122070312499999 0.16241455078125
0.2110595703125 0.039459228515625 0.1151123046875 0.0079345703125
0.00889587402343751 0.161727905273438 0.459442138671875 0.021270751953125
-0.107307434082031 -0.079376220703125 0.738525390625 0.31640625
0.0615234375 -0.283935546875 0.487091064453125 0.34356689453125
0.203125 0.368194580078125 -0.440826416015625 -0.28497314453125
0.269195556640625 0.121170043945312 -0.78399658203125 -0.36859130859375
0.1837158203125 -0.0738525390625 -0.45391845703125 0.0689697265625001
-0.00217437744140625 -0.0958099365234375 -0.0720138549804688 0.0450210571289063
-0.0660896301269531 0.0264778137207031 0.0595245361328125 -0.161895751953125
0.0288162231445313 0.11407470703125 -0.0457763671875 -0.300018310546875
0.0836563110351562 0.0542755126953125 -0.217010498046875 -0.346527099609375
0.0734024047851562 0.0243911743164062 -0.258575439453125 -0.324462890625
0.0694999694824219 0.0343971252441406 -0.27545166015625 -0.348663330078125
0.0164794921875 0.0673294067382813 -0.1788330078125 -0.390960693359375
-0.077239990234375 0.0435943603515625 -0.1007080078125 -0.33990478515625
-0.0968780517578125 -0.105827331542969 -0.04388427734375 -0.30792236328125
0.0695037841796875 -0.211410522460938 0.0643310546875 -0.26397705078125
0.274749755859375 -0.105270385742188 0.00696563720703126 -0.0807647705078125
0.251907348632813 0.159210205078125 -0.516265869140625 -0.0762939453125
0.39910888671875 0.33709716796875 -0.370513916015625 -0.207855224609375
0.402679443359375 0.159393310546875 -0.7760009765625 -0.39520263671875
0.3856201171875 -0.02911376953125 -0.526885986328125 0.11077880859375
0.182418823242188 -0.152114868164063 -0.0853424072265625 0.1168212890625
0.0676345825195313 -0.109764099121094 0.0857315063476563 -0.136741638183594
0.0399551391601562 -0.05767822265625 -0.06256103515625 -0.308929443359375
0.0175399780273438 -0.099029541015625 -0.249420166015625 -0.32598876953125
0.0184555053710938 -0.127525329589844 -0.275558471679688 -0.27716064453125
-0.0156936645507813 -0.127822875976563 -0.2884521484375 -0.315948486328125
-0.0134811401367187 -0.108695983886719 -0.187042236328125 -0.3719482421875
-0.0202484130859375 -0.133827209472656 -0.073883056640625 -0.33465576171875
0.020233154296875 -0.227462768554688 -0.00823974609374997 -0.3013916015625
0.225189208984375 -0.240737915039063 0.08160400390625 -0.2464599609375
0.40716552734375 -0.15631103515625 0.0196762084960938 -0.101600646972656
0.45037841796875 0.10455322265625 -0.439910888671875 -0.0433349609374999
0.561431884765625 0.221405029296875 -0.247406005859375 -0.109161376953125
0.4970703125 0.096954345703125 -0.7293701171875 -0.35760498046875
0.519805908203125 -0.0484619140625 -0.57843017578125 0.18798828125
0.331634521484375 -0.221588134765625 -0.106552124023437 0.220489501953125
0.1893310546875 -0.256637573242188 0.0943145751953125 -0.0671539306640625
0.0372467041015625 -0.24212646484375 -0.07501220703125 -0.25799560546875
-0.0601959228515625 -0.24517822265625 -0.246963500976563 -0.25152587890625
-0.0401153564453125 -0.261245727539063 -0.252395629882813 -0.185150146484375
-0.090240478515625 -0.269607543945313 -0.259902954101563 -0.238601684570313
-0.0342864990234375 -0.265228271484375 -0.1695556640625 -0.3056640625
0.046966552734375 -0.297027587890625 -0.038421630859375 -0.29803466796875
0.15423583984375 -0.333160400390625 0.03863525390625 -0.28985595703125
0.3851318359375 -0.231231689453125 0.13555908203125 -0.239028930664063
0.507720947265625 -0.159088134765625 0.102859497070313 -0.11614990234375
0.58172607421875 0.05987548828125 -0.295135498046875 -0.00128173828125004
0.64642333984375 0.04888916015625 -0.0755538940429687 -0.0282211303710937
0.516357421875 -0.037750244140625 -0.636962890625 -0.2781982421875
0.54827880859375 -0.11529541015625 -0.5643310546875 0.28558349609375
0.4010009765625 -0.290435791015625 -0.098907470703125 0.329742431640625
0.25921630859375 -0.3848876953125 0.0988998413085938 0.0348892211914062
0.010345458984375 -0.399261474609375 -0.067840576171875 -0.147628784179688
-0.139801025390625 -0.360504150390625 -0.198989868164063 -0.129547119140625
-0.0927734375 -0.35687255859375 -0.187896728515625 -0.0649261474609375
-0.143798828125 -0.369537353515625 -0.193710327148438 -0.127914428710938
-0.037139892578125 -0.379364013671875 -0.126998901367188 -0.198196411132813
0.121490478515625 -0.412322998046875 0.00650024414062502 -0.226593017578125
0.286163330078125 -0.384796142578125 0.092437744140625 -0.25762939453125
0.512359619140625 -0.16943359375 0.21661376953125 -0.225448608398438
0.547821044921875 -0.113433837890625 0.242050170898438 -0.110122680664063
0.627685546875 0.02386474609375 -0.10260009765625 0.0548858642578125
0.61083984375 -0.1260986328125 0.123832702636719 0.0149459838867187
0.4288330078125 -0.158447265625 -0.497772216796875 -0.184967041015625
0.471099853515625 -0.148406982421875 -0.469757080078125 0.36767578125
0.391571044921875 -0.309722900390625 -0.049774169921875 0.4051513671875
0.270477294921875 -0.44873046875 0.107452392578125 0.141143798828125
-0.030792236328125 -0.48541259765625 -0.034149169921875 -0.00104331970214846
-0.199249267578125 -0.41180419921875 -0.107658386230469 0.0191879272460937
-0.131256103515625 -0.39776611328125 -0.093109130859375 0.0655746459960937
-0.172149658203125 -0.412506103515625 -0.105598449707031 0.00147247314453121
-0.0272216796875 -0.429351806640625 -0.0737991333007813 -0.0652236938476563
0.18804931640625 -0.449005126953125 0.0457992553710938 -0.124038696289063
0.382781982421875 -0.349853515625 0.14019775390625 -0.19488525390625
0.548309326171875 -0.053192138671875 0.30450439453125 -0.18511962890625
0.495819091796875 -0.039947509765625 0.409210205078125 -0.06341552734375
0.57769775390625 -0.0172119140625 0.105857849121094 0.128433227539063
0.44818115234375 -0.243499755859375 0.311767578125 0.018341064453125
0.253341674804688 -0.188751220703125 -0.327545166015625 -0.10565185546875
0.334503173828125 -0.09381103515625 -0.326446533203125 0.3975830078125
0.3394775390625 -0.2486572265625 0.013946533203125 0.418853759765625
0.242401123046875 -0.4246826171875 0.11212158203125 0.225357055664062
-0.065399169921875 -0.479736328125 0.019378662109375 0.14569091796875
-0.223724365234375 -0.393646240234375 0.00910949707031249 0.163101196289062
-0.147308349609375 -0.3748779296875 0.014892578125 0.184814453125
-0.174560546875 -0.39239501953125 -0.01409912109375 0.128814697265625
-0.014923095703125 -0.4127197265625 -0.026458740234375 0.0703125
0.222686767578125 -0.400177001953125 0.0607147216796875 -0.0095329284667969
0.404632568359375 -0.233428955078125 0.160430908203125 -0.110809326171875
0.45703125 0.077056884765625 0.374847412109375 -0.119140625
0.33709716796875 0.014129638671875 0.560882568359375 0.030487060546875
0.4434814453125 -0.084503173828125 0.28985595703125 0.211700439453125
0.199615478515625 -0.28387451171875 0.450469970703125 -0.000396728515625017
0.0528488159179687 -0.126693725585938 -0.162399291992188 -0.0457916259765625
0.195877075195313 0.0239715576171875 -0.190185546875 0.3739013671875
0.277572631835938 -0.138565063476563 0.05413818359375 0.388153076171875
0.19635009765625 -0.331146240234375 0.1016845703125 0.28314208984375
-0.07647705078125 -0.3912353515625 0.077392578125 0.267135620117188
-0.203338623046875 -0.307708740234375 0.127044677734375 0.274917602539063
-0.141357421875 -0.294891357421875 0.115936279296875 0.274139404296875
-0.160400390625 -0.31817626953125 0.0675048828125 0.234664916992187
-0.01165771484375 -0.34442138671875 0.00634765625000001 0.187088012695312
0.211761474609375 -0.3017578125 0.0451278686523438 0.0917510986328125
0.3409423828125 -0.0908203125 0.144485473632813 -0.034820556640625
0.25897216796875 0.16119384765625 0.4124755859375 -0.048187255859375
0.113601684570313 0.0057220458984375 0.668212890625 0.15570068359375
0.253280639648438 -0.178756713867188 0.4215087890625 0.281707763671875
-0.075439453125 -0.253768920898438 0.515869140625 -0.024688720703125
-0.121505737304688 -0.0230941772460938 -0.0392265319824219 -0.00707244873046875
0.0699920654296875 0.141433715820313 -0.09814453125 0.321990966796875
0.20159912109375 -0.0181121826171875 0.05816650390625 0.343536376953125
0.13623046875 -0.193267822265625 0.0780334472656251 0.318878173828125
-0.0643463134765625 -0.246170043945313 0.128265380859375 0.346221923828125
-0.143646240234375 -0.177108764648438 0.223358154296875 0.3380126953125
-0.113906860351562 -0.172653198242188 0.196075439453125 0.320037841796875
-0.131790161132813 -0.203460693359375 0.134490966796875 0.30712890625
-0.0204925537109375 -0.242599487304688 0.0299530029296875 0.27325439453125
0.15679931640625 -0.184844970703125 0.0103302001953125 0.160049438476563
0.209182739257813 0.0259857177734375 0.109962463378906 0.0027618408203125
0.018585205078125 0.1575927734375 0.443115234375 -0.00482177734374999
-0.111053466796875 -0.0695953369140625 0.73291015625 0.26983642578125
0.0468597412109375 -0.2796630859375 0.4906005859375 0.31256103515625
0.212646484375 0.354217529296875 -0.43792724609375 -0.27001953125
0.266220092773437 0.113021850585937 -0.77239990234375 -0.33807373046875
0.175735473632812 -0.076934814453125 -0.4375 0.0770263671874999
-0.00859069824218749 -0.0923843383789063 -0.066925048828125 0.0422706604003906
-0.0650787353515625 0.0309028625488281 0.0539093017578125 -0.163894653320313
0.03692626953125 0.112594604492187 -0.051483154296875 -0.2945556640625
0.0879058837890625 0.0497894287109375 -0.223724365234375 -0.32830810546875
0.0749893188476563 0.020050048828125 -0.262176513671875 -0.30633544921875
0.0711288452148438 0.0295181274414063 -0.277679443359375 -0.3319091796875
0.0224952697753906 0.0662155151367188 -0.183990478515625 -0.37725830078125
-0.071044921875 0.0473098754882813 -0.10430908203125 -0.330047607421875
-0.099639892578125 -0.09893798828125 -0.0499267578125 -0.297607421875
0.0592498779296875 -0.206512451171875 0.054901123046875 -0.257095336914063
0.261856079101563 -0.111282348632813 0.00366210937500001 -0.0777511596679688
0.252700805664063 0.149551391601563 -0.5032958984375 -0.0557861328125001
0.4017333984375 0.319732666015625 -0.364959716796875 -0.196624755859375
0.39794921875 0.148223876953125 -0.76470947265625 -0.3641357421875
0.375 -0.03857421875 -0.507720947265625 0.119537353515625
0.1705322265625 -0.151901245117188 -0.0776138305664062 0.113052368164062
0.0618057250976562 -0.106391906738281 0.0802764892578125 -0.141525268554688
0.0425033569335938 -0.0546760559082031 -0.06951904296875 -0.3011474609375
0.0194778442382813 -0.0959854125976563 -0.2547607421875 -0.30712890625
0.0163497924804687 -0.126472473144531 -0.276748657226562 -0.257766723632813
-0.0162506103515625 -0.125442504882813 -0.289825439453125 -0.297393798828125
-0.0116424560546875 -0.103721618652344 -0.19317626953125 -0.358306884765625
-0.0210037231445312 -0.127494812011719 -0.07769775390625 -0.326019287109375
0.012603759765625 -0.2220458984375 -0.014923095703125 -0.293121337890625
0.211517333984375 -0.23968505859375 0.071807861328125 -0.239608764648438
0.389251708984375 -0.163330078125 0.0148239135742188 -0.0978927612304688
0.445709228515625 0.092041015625 -0.4293212890625 -0.027099609375
0.559295654296875 0.20318603515625 -0.24176025390625 -0.102737426757812
0.487548828125 0.08441162109375 -0.7200927734375 -0.32928466796875
0.506317138671875 -0.061126708984375 -0.55645751953125 0.1968994140625
0.315185546875 -0.22283935546875 -0.095733642578125 0.214340209960938
0.176101684570313 -0.255599975585938 0.0906143188476563 -0.0743179321289063
0.033111572265625 -0.234130859375 -0.081573486328125 -0.250823974609375
-0.0615234375 -0.235443115234375 -0.250198364257813 -0.233535766601563
-0.043670654296875 -0.255340576171875 -0.249832153320313 -0.169448852539063
-0.0943145751953125 -0.260116577148438 -0.259078979492188 -0.221359252929688
-0.0364837646484375 -0.25531005859375 -0.172760009765625 -0.291778564453125
0.039306640625 -0.288421630859375 -0.042144775390625 -0.29132080078125
0.140411376953125 -0.32891845703125 0.02984619140625 -0.284210205078125
0.369537353515625 -0.235382080078125 0.122833251953125 -0.234024047851563
0.486328125 -0.166412353515625 0.094085693359375 -0.11358642578125
0.5732421875 0.0439453125 -0.286712646484375 0.010589599609375
0.637939453125 0.0321044921875 -0.0718688964843749 -0.0273818969726563
0.505096435546875 -0.047576904296875 -0.6287841796875 -0.2548828125
0.533905029296875 -0.128448486328125 -0.539794921875 0.290985107421875
0.3828125 -0.29351806640625 -0.0850830078125 0.320465087890625
0.241851806640625 -0.385345458984375 0.0963668823242188 0.0245437622070312
0.00143432617187496 -0.387481689453125 -0.0726470947265625 -0.141326904296875
-0.1435546875 -0.34375 -0.199920654296875 -0.115875244140625
-0.09930419921875 -0.34698486328125 -0.182525634765625 -0.055816650390625
-0.149871826171875 -0.35540771484375 -0.19232177734375 -0.11492919921875
-0.044921875 -0.365081787109375 -0.127609252929687 -0.186813354492188
0.10711669921875 -0.403533935546875 0.00373840332031249 -0.22235107421875
0.267181396484375 -0.38299560546875 0.0824432373046875 -0.254608154296875
0.49560546875 -0.180267333984375 0.201202392578125 -0.222808837890625
0.526885986328125 -0.1219482421875 0.230239868164063 -0.111358642578125
0.61663818359375 0.00799560546875 -0.0968170166015625 0.05963134765625
0.597900390625 -0.13677978515625 0.123634338378906 0.00868988037109374
0.416046142578125 -0.16229248046875 -0.49017333984375 -0.1676025390625
0.458465576171875 -0.15869140625 -0.444000244140625 0.368896484375
0.373321533203125 -0.3115234375 -0.0344543457031249 0.39068603515625
0.25091552734375 -0.451568603515625 0.10723876953125 0.128936767578125
-0.0430908203125 -0.470184326171875 -0.03680419921875 0.00213623046874997
-0.205047607421875 -0.392333984375 -0.106758117675781 0.0255126953125
-0.139495849609375 -0.38494873046875 -0.0857925415039063 0.0674057006835937
-0.178741455078125 -0.395599365234375 -0.102256774902344 0.00803375244140623
-0.03765869140625 -0.414031982421875 -0.071746826171875 -0.0582199096679688
0.1710205078125 -0.44073486328125 0.0446395874023437 -0.122772216796875
0.363494873046875 -0.351470947265625 0.130050659179688 -0.19439697265625
0.53497314453125 -0.06890869140625 0.286041259765625 -0.186859130859375
0.476837158203125 -0.049560546875 0.394256591796875 -0.070953369140625
0.56793212890625 -0.03228759765625 0.107673645019531 0.125862121582031
0.434722900390625 -0.24810791015625 0.307525634765625 0.00637817382812498
0.243148803710938 -0.18890380859375 -0.322113037109375 -0.09521484375
0.32708740234375 -0.101898193359375 -0.303375244140625 0.394134521484375
0.326324462890625 -0.2529296875 0.027557373046875 0.403350830078125
0.224273681640625 -0.427825927734375 0.1129150390625 0.213241577148437
-0.07867431640625 -0.465484619140625 0.01898193359375 0.145660400390625
-0.230560302734375 -0.373992919921875 0.012115478515625 0.160919189453125
-0.15643310546875 -0.362701416015625 0.0220794677734375 0.17938232421875
-0.18194580078125 -0.37469482421875 -0.00909423828125 0.128227233886719
-0.02716064453125 -0.3970947265625 -0.0218505859375 0.0725250244140625
0.204833984375 -0.396392822265625 0.0619468688964844 -0.0109939575195313
0.38922119140625 -0.24078369140625 0.152297973632813 -0.112335205078125
0.44915771484375 0.06317138671875 0.354827880859375 -0.1239013671875
0.324859619140625 0.009368896484375 0.544097900390625 0.01751708984375
0.4342041015625 -0.093994140625 0.289764404296875 0.20147705078125
0.190078735351562 -0.27996826171875 0.44219970703125 -0.01641845703125
0.0484161376953125 -0.123924255371094 -0.160629272460938 -0.0427703857421875
0.1956787109375 0.016357421875 -0.170501708984375 0.36761474609375
0.268814086914063 -0.145645141601563 0.0650634765625 0.372314453125
0.18145751953125 -0.33453369140625 0.103439331054688 0.271163940429688
-0.088165283203125 -0.379241943359375 0.0789031982421875 0.262939453125
-0.209930419921875 -0.29083251953125 0.12969970703125 0.265640258789063
-0.14788818359375 -0.285003662109375 0.122894287109375 0.262649536132813
-0.165069580078125 -0.30352783203125 0.0738372802734375 0.228652954101562
-0.022796630859375 -0.33203125 0.0135345458984375 0.185317993164062
0.19598388671875 -0.299835205078125 0.0485763549804688 0.089324951171875
0.33111572265625 -0.099273681640625 0.13763427734375 -0.037139892578125
0.258148193359375 0.151092529296875 0.39569091796875 -0.057525634765625
0.106842041015625 0.00679779052734375 0.65435791015625 0.13592529296875
0.244369506835938 -0.182281494140625 0.419158935546875 0.26800537109375
-0.0790252685546875 -0.24383544921875 0.50469970703125 -0.042236328125
-0.120567321777344 -0.0185165405273437 -0.0396156311035156 -0.00941848754882813
0.0757369995117188 0.1357421875 -0.082275390625 0.3150634765625
0.198623657226562 -0.02679443359375 0.0662841796875001 0.330169677734375
0.126495361328125 -0.197372436523438 0.081573486328125 0.308868408203125
-0.0729522705078125 -0.238174438476563 0.131011962890625 0.33843994140625
-0.148880004882812 -0.165725708007813 0.225494384765625 0.324066162109375
-0.118255615234375 -0.166290283203125 0.201080322265625 0.305023193359375
-0.135482788085937 -0.19317626953125 0.1417236328125 0.296173095703125
-0.0304412841796875 -0.234573364257813 0.0394439697265625 0.268646240234375
0.145294189453125 -0.18548583984375 0.0160064697265625 0.158401489257813
0.206558227539062 0.0177001953125 0.104812622070313 0.000724792480468751
0.0243377685546875 0.15386962890625 0.426605224609375 -0.016510009765625
-0.112800598144531 -0.0618972778320312 0.72174072265625 0.24481201171875
0.0395965576171875 -0.275680541992188 0.48785400390625 0.29730224609375
0.220855712890625 0.350372314453125 -0.437347412109375 -0.268768310546875
0.266876220703125 0.111373901367188 -0.77166748046875 -0.328125
0.173812866210938 -0.0783843994140625 -0.43072509765625 0.0791320800781249
-0.0130233764648437 -0.0900650024414063 -0.0639801025390625 0.03900146484375
-0.0655708312988281 0.0355682373046875 0.05181884765625 -0.169174194335938
0.04302978515625 0.112846374511719 -0.055023193359375 -0.29620361328125
0.09429931640625 0.0468902587890625 -0.228546142578125 -0.3206787109375
0.0775375366210938 0.0177078247070313 -0.26513671875 -0.29833984375
0.072998046875 0.02642822265625 -0.28143310546875 -0.3250732421875
0.0285186767578125 0.0653572082519531 -0.186859130859375 -0.372955322265625
-0.0675888061523438 0.0504150390625 -0.10498046875 -0.3292236328125
-0.102256774902344 -0.0958099365234375 -0.05169677734375 -0.295196533203125
0.0547027587890625 -0.205825805664063 0.05194091796875 -0.254592895507813
0.256744384765625 -0.11505126953125 0.00242614746093751 -0.0768508911132813
0.256622314453125 0.147598266601563 -0.5023193359375 -0.04595947265625
0.408966064453125 0.314697265625 -0.364715576171875 -0.19512939453125
0.397918701171875 0.14495849609375 -0.7633056640625 -0.35443115234375
0.373382568359375 -0.042999267578125 -0.501373291015625 0.123321533203125
0.165023803710938 -0.150222778320313 -0.07366943359375 0.109321594238281
0.058563232421875 -0.104087829589844 0.0779876708984375 -0.148284912109375
0.0463409423828125 -0.0532646179199219 -0.074310302734375 -0.30242919921875
0.023895263671875 -0.0956344604492188 -0.25994873046875 -0.298492431640625
0.0174179077148438 -0.127799987792969 -0.277603149414063 -0.248855590820313
-0.0167617797851562 -0.125541687011719 -0.292694091796875 -0.2890625
-0.00792694091796874 -0.102470397949219 -0.196990966796875 -0.3531494140625
-0.0196380615234375 -0.123809814453125 -0.0787353515625 -0.326202392578125
0.0083770751953125 -0.220306396484375 -0.0174560546875 -0.29107666015625
0.207321166992187 -0.240997314453125 0.067108154296875 -0.237335205078125
0.381500244140625 -0.167877197265625 0.0117645263671875 -0.0954132080078125
0.44964599609375 0.08648681640625 -0.427032470703125 -0.0175170898437499
0.564453125 0.19598388671875 -0.240982055664062 -0.102188110351563
0.4874267578125 0.082427978515625 -0.71917724609375 -0.32073974609375
0.504302978515625 -0.067840576171875 -0.54864501953125 0.20159912109375
0.30975341796875 -0.22247314453125 -0.0900421142578125 0.210769653320313
0.17108154296875 -0.256072998046875 0.0888290405273438 -0.0820159912109375
0.03314208984375 -0.231857299804687 -0.085723876953125 -0.250335693359375
-0.059539794921875 -0.231689453125 -0.253753662109375 -0.22503662109375
-0.0463409423828125 -0.256134033203125 -0.249465942382812 -0.162765502929688
-0.0962066650390625 -0.257369995117188 -0.260757446289062 -0.212615966796875
-0.03472900390625 -0.252029418945313 -0.174530029296875 -0.286376953125
0.03753662109375 -0.285247802734375 -0.04248046875 -0.292266845703125
0.13531494140625 -0.32879638671875 0.026611328125 -0.28369140625
0.36614990234375 -0.238525390625 0.118209838867188 -0.231399536132812
0.4775390625 -0.169677734375 0.090545654296875 -0.111473083496094
0.57745361328125 0.0374755859375 -0.283599853515625 0.017486572265625
0.639892578125 0.0252685546875 -0.0700798034667968 -0.02880859375
0.50433349609375 -0.050994873046875 -0.62799072265625 -0.24609375
0.53375244140625 -0.135162353515625 -0.530029296875 0.295806884765625
0.377349853515625 -0.2939453125 -0.0783386230468749 0.316436767578125
0.235321044921875 -0.38861083984375 0.0954437255859375 0.017333984375
-0.00234985351562503 -0.384857177734375 -0.0768814086914063 -0.140419006347656
-0.144744873046875 -0.335357666015625 -0.202301025390625 -0.108489990234375
-0.103515625 -0.346099853515625 -0.18011474609375 -0.05133056640625
-0.15325927734375 -0.3505859375 -0.191696166992188 -0.107864379882813
-0.04486083984375 -0.360137939453125 -0.127349853515625 -0.181991577148438
0.102813720703125 -0.400634765625 0.00402832031250002 -0.223419189453125
0.26177978515625 -0.386444091796875 0.07904052734375 -0.2547607421875
0.49334716796875 -0.184906005859375 0.194229125976563 -0.220504760742188
0.51995849609375 -0.125396728515625 0.226226806640625 -0.111099243164063
0.61993408203125 0.0009765625 -0.0945892333984375 0.0647048950195313
0.59893798828125 -0.1439208984375 0.125991821289063 0.00529479980468749
0.414398193359375 -0.1661376953125 -0.489501953125 -0.161712646484375
0.457427978515625 -0.166168212890625 -0.43426513671875 0.370758056640625
0.369476318359375 -0.31512451171875 -0.027313232421875 0.386688232421875
0.242828369140625 -0.4576416015625 0.10711669921875 0.121475219726562
-0.0487976074218749 -0.467010498046875 -0.0393028259277344 0.00425720214843747
-0.209991455078125 -0.3831787109375 -0.106864929199219 0.0297088623046875
-0.145172119140625 -0.384307861328125 -0.0817642211914063 0.0682907104492187
-0.183685302734375 -0.388885498046875 -0.100746154785156 0.012237548828125
-0.039398193359375 -0.4091796875 -0.0691719055175781 -0.0534858703613282
0.162841796875 -0.43914794921875 0.0459060668945313 -0.124137878417969
0.357696533203125 -0.358367919921875 0.1260986328125 -0.19512939453125
0.534698486328125 -0.074859619140625 0.278213500976563 -0.18597412109375
0.47174072265625 -0.0504150390625 0.388702392578125 -0.07342529296875
0.57025146484375 -0.039794921875 0.110252380371094 0.127693176269531
0.4351806640625 -0.25164794921875 0.308563232421875 -0.000244140625000015
0.241500854492188 -0.190673828125 -0.3218994140625 -0.0929870605468751
0.327789306640625 -0.107421875 -0.292633056640625 0.39398193359375
0.32342529296875 -0.25775146484375 0.034912109375 0.396575927734375
0.216552734375 -0.434814453125 0.113067626953125 0.207275390625
-0.08636474609375 -0.4609375 0.0180511474609375 0.148605346679688
-0.2362060546875 -0.36431884765625 0.0133514404296875 0.162307739257812
-0.162017822265625 -0.359771728515625 0.026885986328125 0.177169799804687
-0.18695068359375 -0.369903564453125 -0.00547027587890625 0.130744934082031
-0.030975341796875 -0.39306640625 -0.0176162719726562 0.075408935546875
0.197906494140625 -0.39520263671875 0.0639610290527344 -0.0128211975097657
0.386016845703125 -0.246551513671875 0.1488037109375 -0.113693237304688
0.451263427734375 0.05755615234375 0.345123291015625 -0.126434326171875
0.319366455078125 0.010345458984375 0.540924072265625 0.013031005859375
0.434783935546875 -0.098907470703125 0.292755126953125 0.201507568359375
0.189895629882813 -0.280319213867188 0.442169189453125 -0.026214599609375
0.0470962524414063 -0.123741149902344 -0.16107177734375 -0.0440216064453125
0.198272705078125 0.013092041015625 -0.159088134765625 0.365997314453125
0.267807006835938 -0.151702880859375 0.07061767578125 0.364959716796875
0.17486572265625 -0.34161376953125 0.103927612304688 0.267074584960937
-0.095245361328125 -0.37542724609375 0.0790557861328125 0.265823364257813
-0.215240478515625 -0.282135009765625 0.132080078125 0.264297485351562
-0.154083251953125 -0.2822265625 0.12811279296875 0.257888793945313
-0.1700439453125 -0.29840087890625 0.0787200927734375 0.228591918945312
-0.02783203125 -0.326812744140625 0.0189666748046875 0.187240600585937
0.189605712890625 -0.30029296875 0.0519485473632813 0.0886917114257812
0.3297119140625 -0.105712890625 0.133987426757813 -0.0377883911132812
0.26141357421875 0.147567749023438 0.386566162109375 -0.061492919921875
0.10333251953125 0.0097503662109375 0.652099609375 0.12835693359375
0.244003295898438 -0.185638427734375 0.42108154296875 0.266143798828125
-0.0793914794921875 -0.241134643554688 0.50244140625 -0.052490234375
-0.121170043945313 -0.0164871215820312 -0.0404548645019531 -0.0128822326660156
0.0805892944335938 0.132560729980469 -0.072601318359375 0.311767578125
0.198745727539063 -0.0335693359375 0.070465087890625 0.32257080078125
0.121170043945313 -0.203262329101563 0.081817626953125 0.306854248046875
-0.07965087890625 -0.236083984375 0.132904052734375 0.34088134765625
-0.154159545898437 -0.160232543945313 0.2274169921875 0.319915771484375
-0.123184204101563 -0.164535522460938 0.205108642578125 0.298797607421875
-0.139877319335938 -0.189224243164063 0.147918701171875 0.2945556640625
-0.035858154296875 -0.230484008789063 0.0459442138671875 0.269805908203125
0.140045166015625 -0.187347412109375 0.0197601318359375 0.159133911132812
0.207168579101563 0.0132293701171875 0.101966857910156 0.001708984375
0.028106689453125 0.154190063476563 0.41717529296875 -0.022003173828125
-0.115127563476563 -0.0571212768554687 0.72052001953125 0.23822021484375
0.037109375 -0.277420043945313 0.488037109375 0.2940673828125
0.234100341796875 0.352691650390625 -0.4508056640625 -0.26861572265625
0.275070190429688 0.108688354492188 -0.78936767578125 -0.3211669921875
0.175979614257813 -0.0841064453125 -0.432403564453125 0.0869140625
-0.017913818359375 -0.0893020629882813 -0.0629768371582031 0.0365867614746094
-0.0667572021484375 0.04296875 0.0487213134765625 -0.178253173828125
0.0511550903320312 0.114837646484375 -0.0623779296875 -0.30499267578125
0.102973937988281 0.0437240600585938 -0.241943359375 -0.3192138671875
0.0818099975585938 0.014678955078125 -0.276153564453125 -0.29461669921875
0.0767974853515625 0.023895263671875 -0.29217529296875 -0.3232421875
0.0350685119628906 0.0649604797363281 -0.1968994140625 -0.37762451171875
-0.0639457702636719 0.0549354553222656 -0.1103515625 -0.335235595703125
-0.10736083984375 -0.0926666259765625 -0.0576171875 -0.2984619140625
0.0496978759765625 -0.209625244140625 0.0475311279296875 -0.258621215820313
0.256759643554688 -0.123336791992188 0.000953674316406273 -0.0781707763671875
0.268112182617188 0.1463623046875 -0.511932373046875 -0.03350830078125
0.427734375 0.3138427734375 -0.37481689453125 -0.195556640625
0.409271240234375 0.14300537109375 -0.7850341796875 -0.347900390625
0.380767822265625 -0.052001953125 -0.504669189453125 0.13201904296875
0.162689208984375 -0.153656005859375 -0.07110595703125 0.10906982421875
0.0558547973632812 -0.104110717773437 0.07611083984375 -0.1585693359375
0.0507850646972656 -0.0539970397949219 -0.083465576171875 -0.310638427734375
0.0288467407226563 -0.0988845825195313 -0.272308349609375 -0.295013427734375
0.017303466796875 -0.132614135742187 -0.288909912109375 -0.24530029296875
-0.017547607421875 -0.128555297851563 -0.30413818359375 -0.287139892578125
-0.00544738769531249 -0.105003356933594 -0.2056884765625 -0.35516357421875
-0.0191116333007813 -0.123809814453125 -0.083648681640625 -0.334228515625
0.0030364990234375 -0.224029541015625 -0.022674560546875 -0.297027587890625
0.206298828125 -0.249404907226563 0.063629150390625 -0.2406005859375
0.38287353515625 -0.177581787109375 0.0100021362304688 -0.0958404541015625
0.464996337890625 0.08062744140625 -0.43450927734375 -0.00546264648437495
0.5853271484375 0.1890869140625 -0.246414184570312 -0.101470947265625
0.500396728515625 0.077911376953125 -0.7376708984375 -0.31341552734375
0.516021728515625 -0.080169677734375 -0.5516357421875 0.212677001953125
0.310699462890625 -0.231414794921875 -0.085113525390625 0.212677001953125
0.167129516601563 -0.263381958007812 0.0880279541015625 -0.0922698974609375
0.03314208984375 -0.234893798828125 -0.0948638916015625 -0.255767822265625
-0.060638427734375 -0.234893798828125 -0.265762329101563 -0.220535278320312
-0.051116943359375 -0.261947631835938 -0.256393432617188 -0.15789794921875
-0.10260009765625 -0.260406494140625 -0.270233154296875 -0.208023071289063
-0.03692626953125 -0.2562255859375 -0.18206787109375 -0.285919189453125
0.034698486328125 -0.290069580078125 -0.046783447265625 -0.300262451171875
0.1304931640625 -0.338287353515625 0.0223388671875 -0.28936767578125
0.370086669921875 -0.251312255859375 0.114456176757813 -0.234344482421875
0.481658935546875 -0.1805419921875 0.0890731811523438 -0.1131591796875
0.59490966796875 0.028564453125 -0.287200927734375 0.02734375
0.65997314453125 0.01263427734375 -0.0700836181640624 -0.0298347473144531
0.513763427734375 -0.06011962890625 -0.64337158203125 -0.24053955078125
0.543212890625 -0.15057373046875 -0.531097412109375 0.306304931640625
0.378387451171875 -0.30615234375 -0.0709838867187499 0.3192138671875
0.229339599609375 -0.4033203125 0.0961532592773438 0.00893402099609373
-0.00714111328124997 -0.389068603515625 -0.083465576171875 -0.141998291015625
-0.151824951171875 -0.33795166015625 -0.2098388671875 -0.103271484375
-0.11285400390625 -0.352386474609375 -0.183258056640625 -0.04815673828125
-0.163360595703125 -0.353118896484375 -0.197052001953125 -0.101898193359375
-0.049652099609375 -0.365509033203125 -0.131759643554688 -0.179779052734375
0.097442626953125 -0.4095458984375 0.00187683105468748 -0.23046875
0.2591552734375 -0.399810791015625 0.0753936767578125 -0.261154174804687
0.501373291015625 -0.199066162109375 0.19189453125 -0.224533081054688
0.525604248046875 -0.13330078125 0.2266845703125 -0.114715576171875
0.63787841796875 -0.011962890625 -0.0935821533203125 0.0719528198242188
0.6153564453125 -0.15771484375 0.131172180175781 -3.81469726562596E-05
0.42120361328125 -0.17626953125 -0.501983642578125 -0.157318115234375
0.465789794921875 -0.18084716796875 -0.432159423828125 0.382171630859375
0.371337890625 -0.3284912109375 -0.018096923828125 0.389404296875
0.236358642578125 -0.47515869140625 0.109657287597656 0.116592407226562
-0.05914306640625 -0.47332763671875 -0.042236328125 0.00629425048828123
-0.21978759765625 -0.38275146484375 -0.10955810546875 0.034912109375
-0.1572265625 -0.38970947265625 -0.0800628662109375 0.0702667236328124
-0.195343017578125 -0.3907470703125 -0.100074768066406 0.018646240234375
-0.046234130859375 -0.412078857421875 -0.069122314453125 -0.0508232116699219
0.15802001953125 -0.448455810546875 0.0468292236328125 -0.1297607421875
0.35748291015625 -0.3729248046875 0.123458862304688 -0.201248168945313
0.546173095703125 -0.088653564453125 0.275466918945313 -0.19036865234375
0.47662353515625 -0.0555419921875 0.394775390625 -0.079620361328125
0.58599853515625 -0.05169677734375 0.116622924804688 0.132217407226563
0.444366455078125 -0.2662353515625 0.317962646484375 -0.01043701171875
0.243194580078125 -0.198776245117188 -0.33013916015625 -0.091278076171875
0.335357666015625 -0.118682861328125 -0.286956787109375 0.40374755859375
0.325958251953125 -0.2701416015625 0.045074462890625 0.397491455078125
0.209869384765625 -0.45294189453125 0.117401123046875 0.205078125
-0.097808837890625 -0.4676513671875 0.0191650390625 0.154052734375
-0.248260498046875 -0.360992431640625 0.0162200927734375 0.166366577148438
-0.176605224609375 -0.364776611328125 0.032806396484375 0.1781005859375
-0.199249267578125 -0.370574951171875 -0.000450134277343758 0.135826110839844
-0.036834716796875 -0.39678955078125 -0.013031005859375 0.0805587768554687
0.1927490234375 -0.40618896484375 0.0669593811035156 -0.0150871276855469
0.38824462890625 -0.26104736328125 0.14727783203125 -0.117904663085938
0.4630126953125 0.049835205078125 0.343994140625 -0.13079833984375
0.323394775390625 0.009002685546875 0.5496826171875 0.00457763671875
0.444091796875 -0.111419677734375 0.303131103515625 0.2032470703125
0.192169189453125 -0.290313720703125 0.4527587890625 -0.040557861328125
0.0452880859375 -0.126113891601563 -0.166183471679688 -0.0449371337890625
0.206008911132812 0.0070343017578125 -0.15155029296875 0.371002197265625
0.271347045898438 -0.163726806640625 0.081024169921875 0.36456298828125
0.168548583984375 -0.3577880859375 0.108856201171875 0.26812744140625
-0.1077880859375 -0.380889892578125 0.08428955078125 0.273269653320313
-0.227188110351563 -0.278213500976563 0.139739990234375 0.267013549804688
-0.166351318359375 -0.285400390625 0.136978149414063 0.258026123046875
-0.181549072265625 -0.298553466796875 0.0880889892578125 0.2333984375
-0.035675048828125 -0.329986572265625 0.026397705078125 0.193222045898438
0.18536376953125 -0.310394287109375 0.0558090209960938 0.0899200439453125
0.3349609375 -0.115631103515625 0.133155822753906 -0.0395431518554688
0.272262573242188 0.14666748046875 0.38592529296875 -0.06756591796875
0.103073120117187 0.0129165649414062 0.66558837890625 0.12017822265625
0.246566772460937 -0.196990966796875 0.435211181640625 0.267059326171875
-0.08355712890625 -0.244400024414063 0.5140380859375 -0.070465087890625
-0.124969482421875 -0.0133743286132813 -0.0433387756347656 -0.0165023803710937
0.088134765625 0.132392883300781 -0.06414794921875 0.31365966796875
0.2020263671875 -0.0429534912109375 0.077789306640625 0.322601318359375
0.116775512695312 -0.214920043945313 0.087432861328125 0.310943603515625
-0.0897979736328125 -0.23797607421875 0.139923095703125 0.348968505859375
-0.163192749023438 -0.156387329101563 0.237579345703125 0.320770263671875
-0.132415771484375 -0.165130615234375 0.21600341796875 0.299102783203125
-0.148468017578125 -0.18841552734375 0.16070556640625 0.29815673828125
-0.0435943603515625 -0.232635498046875 0.055938720703125 0.276824951171875
0.136550903320313 -0.194869995117188 0.0244903564453125 0.163528442382812
0.213119506835938 0.0078125 0.100639343261719 0.0016021728515625
0.0338287353515625 0.157196044921875 0.419219970703125 -0.029571533203125
-0.119522094726563 -0.0526885986328125 0.74053955078125 0.22821044921875
0.0330810546875 -0.286956787109375 0.5045166015625 0.294403076171875
0.259368896484375 0.3524169921875 -0.474365234375 -0.26080322265625
0.287353515625 0.100860595703125 -0.82269287109375 -0.2972412109375
0.17718505859375 -0.0950775146484375 -0.436004638671875 0.104461669921875
-0.0241851806640625 -0.0880813598632812 -0.0617523193359375 0.0378074645996094
-0.0667991638183594 0.0522041320800781 0.0401611328125 -0.190170288085938
0.06256103515625 0.115814208984375 -0.07940673828125 -0.315185546875
0.113983154296875 0.0361404418945312 -0.263671875 -0.3131103515625
0.087799072265625 0.00981903076171875 -0.297454833984375 -0.286407470703125
0.0821914672851563 0.0196990966796875 -0.314849853515625 -0.317718505859375
0.0436897277832031 0.0641708374023438 -0.218475341796875 -0.38031005859375
-0.0592880249023437 0.0611038208007813 -0.125762939453125 -0.340972900390625
-0.116203308105469 -0.0886001586914062 -0.0706787109375 -0.302703857421875
0.0403594970703125 -0.21636962890625 0.038177490234375 -0.266311645507813
0.2572021484375 -0.138168334960938 -0.00233459472656248 -0.0800247192382813
0.285247802734375 0.139007568359375 -0.526611328125 -0.00701904296875009
0.455902099609375 0.30352783203125 -0.39398193359375 -0.18646240234375
0.427886962890625 0.13140869140625 -0.8179931640625 -0.32476806640625
0.389251708984375 -0.072479248046875 -0.508270263671875 0.154541015625
0.15899658203125 -0.162078857421875 -0.0664825439453125 0.111892700195312
0.0527191162109375 -0.105461120605469 0.069732666015625 -0.172760009765625
0.054656982421875 -0.0566864013671875 -0.1015625 -0.3194580078125
0.031890869140625 -0.105049133300781 -0.29461669921875 -0.286895751953125
0.0139923095703125 -0.13922119140625 -0.30694580078125 -0.236053466796875
-0.0219192504882813 -0.130889892578125 -0.32562255859375 -0.2769775390625
-0.00501251220703124 -0.108634948730469 -0.22528076171875 -0.356109619140625
-0.021759033203125 -0.125106811523438 -0.099578857421875 -0.341552734375
-0.00801086425781251 -0.2288818359375 -0.0364990234375 -0.302886962890625
0.201370239257812 -0.265457153320312 0.05560302734375 -0.246551513671875
0.383544921875 -0.198028564453125 0.00564575195312502 -0.097686767578125
0.48529052734375 0.062286376953125 -0.445098876953125 0.01708984375
0.61260986328125 0.1685791015625 -0.256607055664062 -0.09552001953125
0.51873779296875 0.06060791015625 -0.77008056640625 -0.291259765625
0.527496337890625 -0.106842041015625 -0.5540771484375 0.2386474609375
0.30877685546875 -0.24884033203125 -0.0759124755859375 0.218460083007812
0.159423828125 -0.27691650390625 0.0843734741210938 -0.105499267578125
0.0275421142578125 -0.242019653320313 -0.111984252929688 -0.261184692382813
-0.066864013671875 -0.239028930664062 -0.284423828125 -0.21044921875
-0.0633544921875 -0.268585205078125 -0.268798828125 -0.14874267578125
-0.11578369140625 -0.2620849609375 -0.28607177734375 -0.197296142578125
-0.04443359375 -0.26141357421875 -0.19793701171875 -0.284454345703125
0.025238037109375 -0.2974853515625 -0.059600830078125 -0.30853271484375
0.118438720703125 -0.35308837890625 0.00894165039062504 -0.2978515625
0.369659423828125 -0.27508544921875 0.107162475585938 -0.241546630859375
0.485015869140625 -0.203216552734375 0.0864181518554688 -0.11761474609375
0.61749267578125 0.0020751953125 -0.291839599609375 0.045623779296875
0.68359375 -0.01800537109375 -0.0718612670898437 -0.0284347534179687
0.527679443359375 -0.081329345703125 -0.66998291015625 -0.2196044921875
0.554168701171875 -0.18212890625 -0.529541015625 0.33514404296875
0.3768310546875 -0.32965087890625 -0.05670166015625 0.32611083984375
0.21527099609375 -0.42596435546875 0.0973129272460938 -0.00211334228515628
-0.0233154296875 -0.399078369140625 -0.095550537109375 -0.143692016601563
-0.1646728515625 -0.3382568359375 -0.221817016601562 -0.0933990478515625
-0.1337890625 -0.358123779296875 -0.188400268554688 -0.0403289794921875
-0.183990478515625 -0.35296630859375 -0.205230712890625 -0.0913848876953126
-0.062408447265625 -0.372222900390625 -0.140106201171875 -0.176712036132813
0.08477783203125 -0.422607421875 -0.00630187988281247 -0.23919677734375
0.246795654296875 -0.422210693359375 0.0644073486328125 -0.270645141601563
0.509796142578125 -0.22857666015625 0.185317993164063 -0.234054565429688
0.532440185546875 -0.1556396484375 0.2276611328125 -0.124862670898438
0.66082763671875 -0.04132080078125 -0.0903396606445312 0.0824661254882813
0.63116455078125 -0.19232177734375 0.136970520019531 -0.00859832763671876
0.4254150390625 -0.198760986328125 -0.521942138671875 -0.141510009765625
0.472747802734375 -0.208953857421875 -0.423919677734375 0.40814208984375
0.368011474609375 -0.3544921875 0.000793457031250054 0.39373779296875
0.217987060546875 -0.501953125 0.115936279296875 0.108596801757812
-0.080535888671875 -0.4818115234375 -0.04608154296875 0.00909423828124998
-0.240478515625 -0.380767822265625 -0.111473083496094 0.043426513671875
-0.18194580078125 -0.39288330078125 -0.0775680541992188 0.0751495361328125
-0.218505859375 -0.389678955078125 -0.0992507934570313 0.0273056030273437
-0.06329345703125 -0.422271728515625 -0.0691795349121094 -0.0461387634277344
0.14093017578125 -0.466949462890625 0.04400634765625 -0.137413024902344
0.350341796875 -0.40008544921875 0.116302490234375 -0.211318969726563
0.56121826171875 -0.11541748046875 0.272567749023438 -0.203292846679687
0.485504150390625 -0.07293701171875 0.400634765625 -0.09674072265625
0.6033935546875 -0.08203125 0.128189086914063 0.135040283203125
0.451019287109375 -0.296417236328125 0.3277587890625 -0.029083251953125
0.241867065429687 -0.2149658203125 -0.345001220703125 -0.081451416015625
0.34136962890625 -0.13909912109375 -0.27508544921875 0.42169189453125
0.3238525390625 -0.294891357421875 0.064361572265625 0.40008544921875
0.19134521484375 -0.4796142578125 0.128082275390625 0.200393676757812
-0.1231689453125 -0.473297119140625 0.02520751953125 0.159835815429687
-0.270477294921875 -0.355438232421875 0.0231170654296875 0.171722412109375
-0.2008056640625 -0.3656005859375 0.0435333251953125 0.178695678710937
-0.222747802734375 -0.3690185546875 0.00975036621093749 0.142242431640625
-0.054840087890625 -0.4044189453125 -0.00562286376953126 0.0856781005859375
0.179046630859375 -0.42486572265625 0.0699691772460938 -0.019378662109375
0.386932373046875 -0.287322998046875 0.143218994140625 -0.125732421875
0.4813232421875 0.028656005859375 0.34381103515625 -0.144805908203125
0.330352783203125 -9.1552734375E-05 0.56427001953125 -0.0186767578125
0.4542236328125 -0.137481689453125 0.32196044921875 0.199615478515625
0.189361572265625 -0.308563232421875 0.46368408203125 -0.0677490234375
0.040496826171875 -0.131004333496094 -0.175811767578125 -0.0416259765625
0.215301513671875 -0.00390625 -0.1361083984375 0.382293701171875
0.271774291992188 -0.184005737304688 0.099578857421875 0.36407470703125
0.152679443359375 -0.38128662109375 0.121963500976563 0.26788330078125
-0.130523681640625 -0.3843994140625 0.0976715087890625 0.280349731445312
-0.2469482421875 -0.27191162109375 0.15435791015625 0.268096923828125
-0.18780517578125 -0.284027099609375 0.153762817382813 0.255386352539063
-0.20147705078125 -0.29638671875 0.106048583984375 0.236679077148438
-0.05157470703125 -0.33563232421875 0.04058837890625 0.2003173828125
0.174591064453125 -0.3262939453125 0.063140869140625 0.0899124145507812
0.339935302734375 -0.135345458984375 0.132667541503906 -0.0444259643554688
0.289093017578125 0.13848876953125 0.388031005859375 -0.082855224609375
0.104713439941406 0.0132904052734375 0.68817138671875 0.0936279296875
0.246078491210937 -0.216064453125 0.46051025390625 0.258880615234375
-0.0947113037109375 -0.247787475585937 0.5245361328125 -0.102264404296875
-0.129814147949219 -0.00798797607421876 -0.0485649108886719 -0.0186004638671875
0.0989837646484375 0.130851745605469 -0.048919677734375 0.320037841796875
0.2047119140625 -0.057952880859375 0.09381103515625 0.321075439453125
0.106094360351562 -0.230804443359375 0.10205078125 0.314697265625
-0.106430053710937 -0.239486694335938 0.15869140625 0.35498046875
-0.177230834960938 -0.149169921875 0.257537841796875 0.317108154296875
-0.147842407226562 -0.162338256835938 0.237274169921875 0.293792724609375
-0.163528442382812 -0.185699462890625 0.183837890625 0.29925537109375
-0.0572967529296875 -0.234970092773438 0.074462890625 0.284423828125
0.129547119140625 -0.207534790039063 0.0336151123046875 0.168624877929688
0.219619750976563 -0.0033721923828125 0.100151062011719 -0.0001220703125
0.0442047119140625 0.160171508789063 0.422882080078125 -0.04632568359375
-0.126663208007813 -0.046417236328125 0.76947021484375 0.203857421875
0.021087646484375 -0.29913330078125 0.53167724609375 0.284088134765625
0.288543701171875 0.340484619140625 -0.498382568359375 -0.235931396484375
0.30023193359375 0.08404541015625 -0.85003662109375 -0.24993896484375
0.173126220703125 -0.10986328125 -0.42999267578125 0.13201904296875
-0.0318603515625 -0.0857925415039063 -0.0580062866210938 0.0392913818359375
-0.0631523132324219 0.06298828125 0.0263214111328125 -0.199325561523438
0.0761337280273438 0.112960815429688 -0.103515625 -0.31878662109375
0.123214721679687 0.0242691040039062 -0.28912353515625 -0.29644775390625
0.09295654296875 0.00173187255859375 -0.322113037109375 -0.26568603515625
0.0868911743164062 0.0134201049804687 -0.34173583984375 -0.297576904296875
0.0529975891113281 0.059661865234375 -0.24700927734375 -0.372222900390625
-0.0522346496582031 0.0669708251953125 -0.1474609375 -0.33843994140625
-0.124740600585938 -0.0788803100585938 -0.0909423828125 -0.300506591796875
0.0261688232421875 -0.220489501953125 0.0212860107421875 -0.2701416015625
0.248916625976563 -0.157638549804688 -0.00764465332031249 -0.0811233520507813
0.301971435546875 0.122467041015625 -0.532745361328125 0.032958984375
0.486968994140625 0.27642822265625 -0.410430908203125 -0.164764404296875
0.444000244140625 0.10626220703125 -0.84930419921875 -0.27716064453125
0.39093017578125 -0.102386474609375 -0.5010986328125 0.186737060546875
0.14996337890625 -0.172470092773438 -0.0577774047851562 0.114265441894531
0.0457916259765625 -0.106086730957031 0.0565032958984375 -0.185531616210937
0.0562629699707031 -0.0605087280273437 -0.127838134765625 -0.32080078125
0.0303726196289062 -0.112037658691406 -0.319671630859375 -0.266265869140625
0.00700378417968751 -0.143844604492188 -0.327545166015625 -0.21478271484375
-0.029052734375 -0.131729125976562 -0.348541259765625 -0.2547607421875
-0.00817108154296876 -0.111503601074219 -0.2513427734375 -0.344696044921875
-0.0264968872070313 -0.124588012695313 -0.12109375 -0.34124755859375
-0.0239410400390625 -0.229248046875 -0.055755615234375 -0.3035888671875
0.18634033203125 -0.281829833984375 0.0405120849609375 -0.250762939453125
0.374603271484375 -0.224822998046875 -0.000762939453124978 -0.09808349609375
0.500579833984375 0.029571533203125 -0.447296142578125 0.052215576171875
0.6380615234375 0.12841796875 -0.264450073242187 -0.0804748535156249
0.53204345703125 0.030609130859375 -0.79998779296875 -0.2469482421875
0.527496337890625 -0.14801025390625 -0.5426025390625 0.273712158203125
0.29498291015625 -0.271087646484375 -0.060333251953125 0.222549438476562
0.14080810546875 -0.288848876953125 0.07574462890625 -0.119110107421875
0.0147552490234375 -0.24603271484375 -0.13507080078125 -0.25921630859375
-0.0786590576171875 -0.23992919921875 -0.30352783203125 -0.190185546875
-0.08197021484375 -0.269378662109375 -0.28240966796875 -0.129730224609375
-0.1334228515625 -0.256332397460938 -0.3018798828125 -0.17559814453125
-0.0582275390625 -0.263916015625 -0.217758178710937 -0.2738037109375
0.00842285156250002 -0.3031005859375 -0.07928466796875 -0.311309814453125
0.0948486328125 -0.3651123046875 -0.010040283203125 -0.301483154296875
0.359344482421875 -0.3050537109375 0.093780517578125 -0.248504638671875
0.476959228515625 -0.23602294921875 0.07952880859375 -0.123313903808594
0.63092041015625 -0.0423583984375 -0.290008544921875 0.0699157714843749
0.69793701171875 -0.06494140625 -0.0723495483398437 -0.02520751953125
0.529998779296875 -0.11529541015625 -0.691650390625 -0.18060302734375
0.549713134765625 -0.22369384765625 -0.51275634765625 0.369049072265625
0.3612060546875 -0.3597412109375 -0.0340576171875 0.329254150390625
0.187591552734375 -0.446502685546875 0.09576416015625 -0.016265869140625
-0.046783447265625 -0.40203857421875 -0.110244750976562 -0.139976501464844
-0.187469482421875 -0.33245849609375 -0.23211669921875 -0.07666015625
-0.15985107421875 -0.3544921875 -0.19305419921875 -0.02752685546875
-0.21002197265625 -0.34344482421875 -0.211166381835938 -0.074371337890625
-0.085845947265625 -0.374420166015625 -0.150253295898437 -0.167800903320313
0.057586669921875 -0.433349609375 -0.020751953125 -0.2447509765625
0.22119140625 -0.446441650390625 0.046905517578125 -0.277816772460938
0.502777099609375 -0.268096923828125 0.173233032226563 -0.245254516601563
0.52886962890625 -0.189666748046875 0.222091674804688 -0.139633178710938
0.67156982421875 -0.08941650390625 -0.0830078125 0.09381103515625
0.63165283203125 -0.23974609375 0.140396118164063 -0.02008056640625
0.41790771484375 -0.2288818359375 -0.5384521484375 -0.111358642578125
0.46630859375 -0.246551513671875 -0.401123046875 0.435546875
0.35107421875 -0.385009765625 0.0269165039062501 0.3948974609375
0.183197021484375 -0.5267333984375 0.121856689453125 0.09503173828125
-0.1142578125 -0.482879638671875 -0.0489463806152344 0.0127029418945312
-0.26654052734375 -0.366943359375 -0.111709594726563 0.0531005859375
-0.213043212890625 -0.384918212890625 -0.073089599609375 0.0803451538085937
-0.248199462890625 -0.377716064453125 -0.0950469970703125 0.037322998046875
-0.0896606445312501 -0.42291259765625 -0.0686416625976563 -0.0404319763183594
0.1131591796875 -0.481475830078125 0.0368499755859375 -0.143325805664063
0.326263427734375 -0.429718017578125 0.10272216796875 -0.219253540039063
0.56414794921875 -0.15673828125 0.261489868164063 -0.218551635742188
0.486328125 -0.10040283203125 0.39837646484375 -0.1226806640625
0.61004638671875 -0.127685546875 0.141510009765625 0.132461547851563
0.4410400390625 -0.33331298828125 0.331695556640625 -0.05560302734375
0.230712890625 -0.23333740234375 -0.357269287109375 -0.061798095703125
0.33917236328125 -0.166717529296875 -0.248504638671875 0.4404296875
0.31005859375 -0.32293701171875 0.091583251953125 0.394287109375
0.157196044921875 -0.5040283203125 0.139892578125 0.188262939453125
-0.15777587890625 -0.4715576171875 0.0341644287109375 0.162185668945312
-0.296112060546875 -0.33758544921875 0.0338134765625 0.173721313476562
-0.231048583984375 -0.35626220703125 0.0565948486328125 0.175689697265625
-0.252685546875 -0.356292724609375 0.0239105224609375 0.144180297851562
-0.082244873046875 -0.40435791015625 0.00501251220703124 0.0889358520507812
0.1512451171875 -0.441131591796875 0.0711517333984375 -0.0247116088867188
0.372589111328125 -0.31719970703125 0.134902954101563 -0.133934020996094
0.494171142578125 -0.003631591796875 0.33612060546875 -0.165435791015625
0.333709716796875 -0.016876220703125 0.5694580078125 -0.054443359375
0.453582763671875 -0.17340087890625 0.341552734375 0.184783935546875
0.1739501953125 -0.327880859375 0.464691162109375 -0.105560302734375
0.0316009521484375 -0.13458251953125 -0.1839599609375 -0.03302001953125
0.220352172851563 -0.020355224609375 -0.111724853515625 0.390655517578125
0.263137817382813 -0.207855224609375 0.12274169921875 0.35601806640625
0.1246337890625 -0.401275634765625 0.138870239257813 0.259521484375
-0.160736083984375 -0.3792724609375 0.116897583007813 0.280548095703125
-0.268997192382812 -0.253692626953125 0.173995971679687 0.26202392578125
-0.213409423828125 -0.27374267578125 0.172943115234375 0.245223999023438
-0.226470947265625 -0.284149169921875 0.128677368164063 0.231964111328125
-0.07501220703125 -0.335296630859375 0.059539794921875 0.202102661132812
0.153411865234375 -0.34197998046875 0.0710372924804688 0.0880889892578125
0.335296630859375 -0.1610107421875 0.128814697265625 -0.0502090454101563
0.305816650390625 0.12127685546875 0.382415771484375 -0.105743408203125
0.105712890625 0.0110855102539063 0.7020263671875 0.04998779296875
0.2347412109375 -0.238876342773438 0.48565673828125 0.23468017578125
-0.1107177734375 -0.246978759765625 0.52276611328125 -0.143951416015625
-0.133827209472656 0.00196838378906249 -0.0548248291015625 -0.0182456970214844
0.111663818359375 0.123802185058594 -0.027801513671875 0.32183837890625
0.2017822265625 -0.0768890380859375 0.11279296875 0.31231689453125
0.0868988037109375 -0.24462890625 0.12158203125 0.310302734375
-0.128204345703125 -0.233505249023438 0.18328857421875 0.352874755859375
-0.19140625 -0.134429931640625 0.280303955078125 0.305450439453125
-0.1641845703125 -0.15283203125 0.26007080078125 0.279083251953125
-0.181594848632813 -0.175506591796875 0.2117919921875 0.288360595703125
-0.075775146484375 -0.232940673828125 0.099517822265625 0.284912109375
0.11505126953125 -0.2191162109375 0.0466461181640625 0.171234130859375
0.2236328125 -0.02001953125 0.0987701416015625 -0.0027008056640625
0.058013916015625 0.159393310546875 0.4202880859375 -0.0718994140625
-0.131874084472656 -0.035980224609375 0.79119873046875 0.154296875
9.15527343749688E-05 -0.308349609375 0.5594482421875 0.2564697265625
0.3116455078125 0.316650390625 -0.504852294921875 -0.201080322265625
0.3023681640625 0.062957763671875 -0.8502197265625 -0.19207763671875
0.162368774414063 -0.122283935546875 -0.409210205078125 0.15374755859375
-0.0372848510742188 -0.0806045532226563 -0.0515251159667969 0.039276123046875
-0.0552520751953125 0.072021484375 0.00936889648437498 -0.201812744140625
0.08721923828125 0.106071472167969 -0.1282958984375 -0.31048583984375
0.126655578613281 0.0097808837890625 -0.305938720703125 -0.26776123046875
0.0940628051757813 -0.00691986083984375 -0.33416748046875 -0.23419189453125
0.0900192260742188 0.0054931640625 -0.35687255859375 -0.26458740234375
0.0601539611816406 0.0532264709472656 -0.266082763671875 -0.3499755859375
-0.0430450439453125 0.0700225830078125 -0.165985107421875 -0.324798583984375
-0.128318786621094 -0.0662460327148437 -0.10772705078125 -0.287567138671875
0.00991821289062501 -0.217926025390625 0.00325012207031249 -0.26611328125
0.232696533203125 -0.172607421875 -0.01318359375 -0.07904052734375
0.30865478515625 0.099456787109375 -0.5181884765625 0.0725097656250001
0.5006103515625 0.240081787109375 -0.4124755859375 -0.1365966796875
0.44671630859375 0.07666015625 -0.85235595703125 -0.2188720703125
0.376861572265625 -0.130157470703125 -0.475067138671875 0.212127685546875
0.135025024414063 -0.178207397460938 -0.0459365844726562 0.112480163574219
0.0385284423828125 -0.102531433105469 0.0399932861328125 -0.191757202148437
0.0557289123535156 -0.0628433227539063 -0.152130126953125 -0.31036376953125
0.0261993408203125 -0.116897583007813 -0.333984375 -0.236724853515625
-0.00178527832031252 -0.144683837890625 -0.33551025390625 -0.18463134765625
-0.0345230102539063 -0.128410339355469 -0.359130859375 -0.22174072265625
-0.012237548828125 -0.111312866210938 -0.270538330078125 -0.32232666015625
-0.031341552734375 -0.120063781738281 -0.140899658203125 -0.33001708984375
-0.0395355224609375 -0.221969604492188 -0.074066162109375 -0.29388427734375
0.164337158203125 -0.290435791015625 0.024078369140625 -0.247283935546875
0.351898193359375 -0.24566650390625 -0.00805664062499998 -0.0959243774414063
0.49810791015625 -0.005218505859375 -0.434326171875 0.08544921875
0.64080810546875 0.08258056640625 -0.262374877929687 -0.0626983642578126
0.52734375 -0.0045166015625 -0.79986572265625 -0.19091796875
0.50933837890625 -0.184478759765625 -0.51318359375 0.3004150390625
0.272979736328125 -0.28497314453125 -0.042083740234375 0.218353271484375
0.117828369140625 -0.291412353515625 0.062896728515625 -0.128768920898438
0.00100708007812501 -0.242095947265625 -0.155975341796875 -0.248626708984375
-0.0904693603515625 -0.23272705078125 -0.31329345703125 -0.16229248046875
-0.0987548828125 -0.261077880859375 -0.285797119140625 -0.105804443359375
-0.146087646484375 -0.242660522460938 -0.30645751953125 -0.146820068359375
-0.0722503662109375 -0.257232666015625 -0.230606079101563 -0.253448486328125
-0.00942993164062502 -0.298583984375 -0.097747802734375 -0.3028564453125
0.067962646484375 -0.364654541015625 -0.02978515625 -0.29437255859375
0.3333740234375 -0.325958251953125 0.0775909423828125 -0.24798583984375
0.451995849609375 -0.26177978515625 0.0695877075195313 -0.125457763671875
0.6221923828125 -0.08709716796875 -0.277450561523437 0.092803955078125
0.686767578125 -0.1158447265625 -0.0697097778320312 -0.0211296081542969
0.5169677734375 -0.1473388671875 -0.693115234375 -0.132080078125
0.526763916015625 -0.260284423828125 -0.479156494140625 0.392547607421875
0.331878662109375 -0.37841796875 -0.010498046875 0.32135009765625
0.15057373046875 -0.4534912109375 0.0889511108398438 -0.0287857055664063
-0.07342529296875 -0.38958740234375 -0.122283935546875 -0.131446838378906
-0.203948974609375 -0.313262939453125 -0.235015869140625 -0.055694580078125
-0.182647705078125 -0.33868408203125 -0.191741943359375 -0.0120086669921875
-0.228363037109375 -0.32275390625 -0.209503173828125 -0.054656982421875
-0.10772705078125 -0.362884521484375 -0.156112670898437 -0.153366088867188
0.030242919921875 -0.42913818359375 -0.0359344482421875 -0.240158081054688
0.18701171875 -0.453521728515625 0.0268402099609375 -0.27435302734375
0.4786376953125 -0.300689697265625 0.155364990234375 -0.249374389648438
0.50738525390625 -0.218902587890625 0.208831787109375 -0.150787353515625
0.657470703125 -0.13751220703125 -0.0716171264648437 0.102294921875
0.6090087890625 -0.28497314453125 0.139381408691406 -0.0321502685546875
0.398193359375 -0.251434326171875 -0.538726806640625 -0.0726013183593749
0.444061279296875 -0.278167724609375 -0.365509033203125 0.45208740234375
0.32012939453125 -0.40399169921875 0.053985595703125 0.378570556640625
0.140045166015625 -0.531402587890625 0.121269226074219 0.0785446166992187
-0.1455078125 -0.465087890625 -0.0504035949707031 0.0167694091796875
-0.28662109375 -0.340423583984375 -0.107109069824219 0.062225341796875
-0.23876953125 -0.36358642578125 -0.0663223266601563 0.0832061767578125
-0.270416259765625 -0.35260009765625 -0.0862808227539063 0.0450515747070312
-0.116302490234375 -0.408721923828125 -0.0663414001464844 -0.0339317321777344
0.078369140625 -0.479705810546875 0.027679443359375 -0.1448974609375
0.291229248046875 -0.44580078125 0.0853118896484375 -0.220382690429688
0.546478271484375 -0.194244384765625 0.242538452148438 -0.228302001953125
0.471405029296875 -0.128448486328125 0.383026123046875 -0.14581298828125
0.59332275390625 -0.16943359375 0.151229858398438 0.124481201171875
0.415313720703125 -0.36309814453125 0.32281494140625 -0.08172607421875
0.210662841796875 -0.24322509765625 -0.357025146484375 -0.036651611328125
0.323699951171875 -0.189788818359375 -0.215911865234375 0.444854736328125
0.28326416015625 -0.341888427734375 0.114288330078125 0.375091552734375
0.114471435546875 -0.50946044921875 0.145767211914063 0.170989990234375
-0.1888427734375 -0.4501953125 0.04278564453125 0.158584594726563
-0.315704345703125 -0.30841064453125 0.0444488525390625 0.16937255859375
-0.254364013671875 -0.332427978515625 0.0674896240234375 0.166839599609375
-0.2738037109375 -0.3287353515625 0.03857421875 0.139686584472656
-0.108154296875 -0.390960693359375 0.0159072875976562 0.088409423828125
0.118896484375 -0.44305419921875 0.0695724487304688 -0.0293502807617188
0.34423828125 -0.339324951171875 0.122596740722656 -0.138053894042969
0.489288330078125 -0.03924560546875 0.316864013671875 -0.179779052734375
0.32720947265625 -0.0340576171875 0.555389404296875 -0.091064453125
0.434326171875 -0.20452880859375 0.35089111328125 0.161376953125
0.15057373046875 -0.338348388671875 0.449005126953125 -0.140106201171875
0.0209426879882812 -0.133132934570313 -0.186416625976563 -0.020751953125
0.2171630859375 -0.0375823974609375 -0.084442138671875 0.387939453125
0.243698120117188 -0.225494384765625 0.14068603515625 0.33355712890625
0.088836669921875 -0.40594482421875 0.14984130859375 0.2420654296875
-0.186859130859375 -0.35968017578125 0.133590698242188 0.270645141601563
-0.28277587890625 -0.227081298828125 0.18798828125 0.24591064453125
-0.231948852539062 -0.251754760742188 0.1875 0.2266845703125
-0.245391845703125 -0.261245727539063 0.147552490234375 0.216796875
-0.09771728515625 -0.324371337890625 0.0784454345703125 0.195755004882812
0.1256103515625 -0.34600830078125 0.0774612426757813 0.0826873779296875
0.31890869140625 -0.183135986328125 0.121292114257813 -0.0544586181640625
0.312530517578125 0.096923828125 0.36505126953125 -0.125244140625
0.103996276855469 0.0075836181640625 0.69189453125 0.0032958984375
0.214004516601562 -0.254119873046875 0.494476318359375 0.201995849609375
-0.124862670898437 -0.237274169921875 0.501190185546875 -0.182037353515625
-0.132888793945313 0.0122299194335938 -0.0590667724609375 -0.0149726867675781
0.119941711425781 0.111953735351562 -0.00555419921874997 0.31365966796875
0.190902709960938 -0.0925750732421875 0.1273193359375 0.2930908203125
0.0632781982421875 -0.24993896484375 0.137298583984375 0.29498291015625
-0.145736694335938 -0.2181396484375 0.2052001953125 0.33868408203125
-0.198959350585938 -0.114471435546875 0.29736328125 0.28021240234375
-0.175201416015625 -0.13641357421875 0.275421142578125 0.253326416015625
-0.1939697265625 -0.15679931640625 0.233245849609375 0.265411376953125
-0.092620849609375 -0.222824096679688 0.12353515625 0.274154663085938
0.0955963134765625 -0.223861694335937 0.0590057373046875 0.166976928710938
0.219085693359375 -0.036590576171875 0.0951995849609375 -0.00603485107421875
0.070404052734375 0.151962280273438 0.402252197265625 -0.09747314453125
-0.133407592773438 -0.0239181518554688 0.7877197265625 0.09765625
-0.022796630859375 -0.30548095703125 0.5682373046875 0.21661376953125
0.319793701171875 0.291656494140625 -0.497711181640625 -0.17596435546875
0.297271728515625 0.04620361328125 -0.83123779296875 -0.15155029296875
0.150100708007813 -0.127700805664063 -0.386688232421875 0.16131591796875
-0.0408401489257813 -0.074920654296875 -0.0449142456054687 0.036041259765625
-0.0476608276367188 0.077484130859375 -0.00242614746093751 -0.199417114257813
0.0943222045898437 0.098358154296875 -0.1434326171875 -0.29876708984375
0.125358581542969 -0.00146484375 -0.308807373046875 -0.242919921875
0.0931167602539062 -0.0138473510742187 -0.332855224609375 -0.20733642578125
0.0899887084960937 -0.001068115234375 -0.35595703125 -0.236083984375
0.0633773803710938 0.0465583801269531 -0.2744140625 -0.32672119140625
-0.0353317260742188 0.0704498291015625 -0.17327880859375 -0.30889892578125
-0.12701416015625 -0.0558395385742187 -0.11529541015625 -0.27191162109375
-0.00122070312500002 -0.210586547851562 -0.00875854492187501 -0.255447387695313
0.215805053710937 -0.177658081054687 -0.0175552368164062 -0.075775146484375
0.306488037109375 0.08294677734375 -0.495452880859375 0.097991943359375
0.50079345703125 0.209014892578125 -0.403411865234375 -0.1163330078125
0.438201904296875 0.055084228515625 -0.83203125 -0.17828369140625
0.357269287109375 -0.1451416015625 -0.44952392578125 0.219757080078125
0.122055053710938 -0.17724609375 -0.0362930297851562 0.107192993164062
0.0341339111328125 -0.0965347290039063 0.02667236328125 -0.191909790039063
0.0549812316894531 -0.0627975463867187 -0.167327880859375 -0.29620361328125
0.0223541259765625 -0.1185302734375 -0.33526611328125 -0.20941162109375
-0.0072784423828125 -0.142059326171875 -0.333221435546875 -0.158447265625
-0.0366897583007813 -0.124099731445313 -0.355316162109375 -0.19342041015625
-0.01409912109375 -0.109375 -0.276397705078125 -0.2991943359375
-0.0331039428710938 -0.11468505859375 -0.14959716796875 -0.315277099609375
-0.0482940673828125 -0.211029052734375 -0.0838775634765625 -0.279754638671875
0.14642333984375 -0.2886962890625 0.013671875 -0.23876953125
0.329345703125 -0.252349853515625 -0.0122528076171875 -0.091522216796875
0.485382080078125 -0.02862548828125 -0.412139892578125 0.107177734375
0.627197265625 0.04962158203125 -0.253524780273437 -0.05084228515625
0.513397216796875 -0.02655029296875 -0.78240966796875 -0.153564453125
0.483367919921875 -0.203765869140625 -0.485260009765625 0.307861328125
0.2509765625 -0.2880859375 -0.02935791015625 0.208816528320312
0.1005859375 -0.28424072265625 0.050689697265625 -0.1328125
-0.00633239746093748 -0.232574462890625 -0.166778564453125 -0.235076904296875
-0.0962371826171875 -0.223480224609375 -0.31170654296875 -0.138702392578125
-0.107559204101562 -0.249481201171875 -0.28070068359375 -0.0853729248046875
-0.150650024414063 -0.228256225585938 -0.29998779296875 -0.124114990234375
-0.079315185546875 -0.247344970703125 -0.232833862304688 -0.2342529296875
-0.0205078125 -0.288421630859375 -0.107177734375 -0.29119873046875
0.049072265625 -0.354766845703125 -0.0406494140625 -0.282196044921875
0.308929443359375 -0.3323974609375 0.0655059814453125 -0.24176025390625
0.425628662109375 -0.272491455078125 0.0614089965820313 -0.122947692871094
0.60125732421875 -0.113525390625 -0.2598876953125 0.1063232421875
0.66168212890625 -0.14605712890625 -0.0651206970214843 -0.0195999145507812
0.495697021484375 -0.164337158203125 -0.67633056640625 -0.0994873046874999
0.497772216796875 -0.278167724609375 -0.448211669921875 0.39874267578125
0.303192138671875 -0.381378173828125 0.00476074218750004 0.30633544921875
0.123626708984375 -0.442840576171875 0.0800094604492188 -0.0376968383789063
-0.086578369140625 -0.37225341796875 -0.127998352050781 -0.121101379394531
-0.20989990234375 -0.294281005859375 -0.23138427734375 -0.039703369140625
-0.19366455078125 -0.319366455078125 -0.185775756835938 -0.00088500976562502
-0.234619140625 -0.298431396484375 -0.200790405273438 -0.040985107421875
-0.118408203125 -0.34698486328125 -0.155303955078125 -0.14044189453125
0.010986328125 -0.417083740234375 -0.0441131591796875 -0.233200073242188
0.159271240234375 -0.447265625 0.0146484375 -0.264846801757813
0.4521484375 -0.316070556640625 0.140243530273438 -0.245681762695313
0.480255126953125 -0.2313232421875 0.194580078125 -0.153045654296875
0.63311767578125 -0.16558837890625 -0.0606918334960937 0.105918884277344
0.57879638671875 -0.30853271484375 0.135063171386719 -0.0403976440429688
0.37554931640625 -0.25994873046875 -0.524169921875 -0.0489501953125
0.41717529296875 -0.291961669921875 -0.335479736328125 0.45037841796875
0.29132080078125 -0.406219482421875 0.067626953125 0.359161376953125
0.10772705078125 -0.52197265625 0.115242004394531 0.0654220581054687
-0.1617431640625 -0.44134521484375 -0.051239013671875 0.019134521484375
-0.292083740234375 -0.315399169921875 -0.102226257324219 0.067962646484375
-0.248565673828125 -0.340240478515625 -0.0605621337890625 0.083648681640625
-0.27801513671875 -0.3243408203125 -0.0770416259765625 0.0481338500976562
-0.130615234375 -0.39129638671875 -0.0616302490234375 -0.0291175842285157
0.054046630859375 -0.46697998046875 0.02197265625 -0.14227294921875
0.260650634765625 -0.445343017578125 0.072540283203125 -0.214431762695313
0.52294921875 -0.218048095703125 0.225051879882813 -0.228897094726563
0.45135498046875 -0.1414794921875 0.363800048828125 -0.1561279296875
0.56683349609375 -0.1943359375 0.154815673828125 0.117355346679688
0.38641357421875 -0.37469482421875 0.30975341796875 -0.097198486328125
0.194000244140625 -0.243637084960937 -0.34881591796875 -0.0207519531250001
0.3052978515625 -0.20025634765625 -0.190216064453125 0.437530517578125
0.258026123046875 -0.345855712890625 0.123748779296875 0.35296630859375
0.083740234375 -0.5009765625 0.14276123046875 0.15411376953125
-0.203155517578125 -0.424896240234375 0.0467987060546875 0.154098510742187
-0.318267822265625 -0.28094482421875 0.049774169921875 0.163619995117187
-0.264678955078125 -0.30780029296875 0.072174072265625 0.156753540039062
-0.280029296875 -0.3026123046875 0.0481719970703125 0.131790161132812
-0.12335205078125 -0.37335205078125 0.0237197875976562 0.0848846435546875
0.093414306640625 -0.43408203125 0.0676155090332031 -0.0315055847167969
0.317138671875 -0.3448486328125 0.112190246582031 -0.135887145996094
0.47430419921875 -0.063385009765625 0.29827880859375 -0.18536376953125
0.315338134765625 -0.043304443359375 0.5316162109375 -0.111328125
0.411376953125 -0.219879150390625 0.349334716796875 0.14434814453125
0.13214111328125 -0.33819580078125 0.42669677734375 -0.160064697265625
0.0141448974609375 -0.128028869628906 -0.183502197265625 -0.01239013671875
0.209518432617188 -0.0477294921875 -0.0645751953125 0.37481689453125
0.224319458007813 -0.232467651367188 0.1475830078125 0.311370849609375
0.062347412109375 -0.39892578125 0.150100708007813 0.224456787109375
-0.199432373046875 -0.33642578125 0.140975952148438 0.258499145507812
-0.283843994140625 -0.202789306640625 0.192642211914063 0.229736328125
-0.237991333007812 -0.231048583984375 0.19091796875 0.2083740234375
-0.251129150390625 -0.237960815429688 0.157180786132813 0.199554443359375
-0.110443115234375 -0.307342529296875 0.089508056640625 0.184799194335937
0.10491943359375 -0.340972900390625 0.0807037353515625 0.0780792236328125
0.2996826171875 -0.19293212890625 0.114097595214844 -0.0544662475585938
0.309326171875 0.07757568359375 0.343719482421875 -0.135406494140625
0.100502014160156 0.00762939453125 0.667724609375 -0.02777099609375
0.19403076171875 -0.257308959960938 0.489288330078125 0.1768798828125
-0.131240844726563 -0.226486206054688 0.473876953125 -0.20330810546875
-0.128868103027344 0.0198974609375 -0.0607223510742187 -0.0114097595214844
0.122718811035156 0.101455688476563 0.00820922851562501 0.300048828125
0.178314208984375 -0.1009521484375 0.130630493164063 0.273391723632813
0.045318603515625 -0.246185302734375 0.141098022460938 0.277969360351563
-0.1531982421875 -0.20086669921875 0.214447021484375 0.321258544921875
-0.1982421875 -0.0969390869140625 0.299652099609375 0.25848388671875
-0.178543090820313 -0.121185302734375 0.278976440429688 0.230010986328125
-0.19720458984375 -0.13995361328125 0.242263793945313 0.242355346679688
-0.10198974609375 -0.209365844726563 0.137176513671875 0.2593994140625
0.07977294921875 -0.220977783203125 0.066741943359375 0.162216186523438
0.210708618164063 -0.046875 0.0899429321289063 -0.00615692138671875
0.077178955078125 0.142547607421875 0.3807373046875 -0.109710693359375
-0.131233215332031 -0.0144271850585938 0.76519775390625 0.0609130859375
-0.037384033203125 -0.296630859375 0.559478759765625 0.18890380859375
0.32061767578125 0.278289794921875 -0.4864501953125 -0.16448974609375
0.2921142578125 0.038421630859375 -0.809326171875 -0.134033203125
0.141693115234375 -0.1292724609375 -0.370880126953125 0.15814208984375
-0.0428237915039063 -0.0713043212890625 -0.0409431457519531 0.0313491821289063
-0.041168212890625 0.0809707641601563 -0.0082550048828125 -0.197357177734375
0.0985260009765625 0.0935897827148438 -0.151824951171875 -0.290069580078125
0.123420715332031 -0.0094757080078125 -0.307281494140625 -0.22613525390625
0.09173583984375 -0.0184478759765625 -0.327880859375 -0.18878173828125
0.0908737182617188 -0.00560760498046875 -0.34954833984375 -0.21844482421875
0.0656929016113281 0.0417900085449219 -0.27374267578125 -0.312713623046875
-0.0289230346679688 0.0701713562011719 -0.172821044921875 -0.29925537109375
-0.124801635742188 -0.04901123046875 -0.115707397460938 -0.260986328125
-0.00642395019531248 -0.203857421875 -0.0126953125 -0.24615478515625
0.205718994140625 -0.176986694335938 -0.0194549560546875 -0.0728988647460938
0.3038330078125 0.0748291015625 -0.477752685546875 0.109710693359375
0.493682861328125 0.193023681640625 -0.3929443359375 -0.107818603515625
0.429290771484375 0.045379638671875 -0.81292724609375 -0.159912109375
0.343292236328125 -0.1507568359375 -0.431976318359375 0.219024658203125
0.112930297851562 -0.174057006835937 -0.03076171875 0.0995330810546875
0.03326416015625 -0.0903091430664062 0.0189056396484375 -0.19171142578125
0.0570716857910156 -0.0612869262695312 -0.174346923828125 -0.285614013671875
0.0211868286132813 -0.119041442871094 -0.33209228515625 -0.193328857421875
-0.00910949707031249 -0.140190124511719 -0.3248291015625 -0.1436767578125
-0.0356903076171875 -0.121475219726562 -0.346649169921875 -0.176025390625
-0.0140228271484375 -0.107681274414062 -0.27471923828125 -0.284088134765625
-0.0312118530273438 -0.110832214355469 -0.150665283203125 -0.306182861328125
-0.0518035888671875 -0.202651977539063 -0.0857391357421875 -0.268966674804688
0.136810302734375 -0.28485107421875 0.0101318359375 -0.231796264648438
0.314300537109375 -0.251556396484375 -0.0153350830078125 -0.0876846313476563
0.47662353515625 -0.03900146484375 -0.39630126953125 0.116119384765625
0.61376953125 0.034423828125 -0.24517822265625 -0.0466613769531249
0.50146484375 -0.03472900390625 -0.76513671875 -0.13763427734375
0.46588134765625 -0.208526611328125 -0.466461181640625 0.304534912109375
0.236663818359375 -0.284271240234375 -0.0228424072265625 0.198760986328125
0.0917205810546875 -0.27490234375 0.04266357421875 -0.134979248046875
-0.00743103027343751 -0.22509765625 -0.173385620117187 -0.225250244140625
-0.096405029296875 -0.216751098632813 -0.307952880859375 -0.124176025390625
-0.111709594726563 -0.242355346679688 -0.273834228515625 -0.0738525390625
-0.14959716796875 -0.219375610351562 -0.291015625 -0.11138916015625
-0.0808868408203125 -0.240158081054688 -0.2303466796875 -0.221923828125
-0.02398681640625 -0.279632568359375 -0.10833740234375 -0.28302001953125
0.03997802734375 -0.344970703125 -0.04443359375 -0.272720336914063
0.29510498046875 -0.33233642578125 0.0599365234375 -0.234573364257813
0.40960693359375 -0.271148681640625 0.056427001953125 -0.118331909179688
0.58544921875 -0.12445068359375 -0.247421264648437 0.11212158203125
0.64154052734375 -0.159423828125 -0.0609664916992187 -0.0200881958007813
0.48193359375 -0.170135498046875 -0.66107177734375 -0.0866088867187499
0.478424072265625 -0.2833251953125 -0.429962158203125 0.39324951171875
0.28692626953125 -0.3782958984375 0.01104736328125 0.29364013671875
0.108978271484375 -0.432525634765625 0.0714187622070313 -0.0430908203125
-0.089752197265625 -0.35888671875 -0.132499694824219 -0.114982604980469
-0.20867919921875 -0.28125 -0.228164672851562 -0.0301208496093751
-0.196502685546875 -0.305572509765625 -0.180709838867188 0.00492858886718751
-0.233306884765625 -0.285369873046875 -0.1923828125 -0.0334320068359375
-0.1217041015625 -0.336181640625 -0.150924682617187 -0.132827758789063
0.00244140624999997 -0.404876708984375 -0.046417236328125 -0.227432250976563
0.1439208984375 -0.43817138671875 0.00936889648437498 -0.256500244140625
0.43450927734375 -0.3204345703125 0.13275146484375 -0.24005126953125
0.46405029296875 -0.231475830078125 0.185470581054688 -0.15106201171875
0.615234375 -0.17529296875 -0.0532150268554687 0.108207702636719
0.55792236328125 -0.316192626953125 0.133033752441406 -0.0445022583007813
0.360626220703125 -0.2611083984375 -0.512542724609375 -0.0395812988281251
0.399688720703125 -0.294647216796875 -0.319580078125 0.441314697265625
0.2738037109375 -0.403839111328125 0.071502685546875 0.34332275390625
0.09051513671875 -0.51031494140625 0.107475280761719 0.05755615234375
-0.1654052734375 -0.423797607421875 -0.0530586242675781 0.0206108093261718
-0.288726806640625 -0.2989501953125 -0.0995407104492188 0.0706863403320312
-0.252899169921875 -0.323089599609375 -0.0575637817382813 0.0830230712890625
-0.276763916015625 -0.308563232421875 -0.0704879760742188 0.0479507446289062
-0.13421630859375 -0.37725830078125 -0.0572395324707031 -0.0264015197753906
0.04345703125 -0.454864501953125 0.0197067260742188 -0.139923095703125
0.243408203125 -0.43951416015625 0.066680908203125 -0.2078857421875
0.505615234375 -0.226806640625 0.213836669921875 -0.224197387695313
0.436767578125 -0.141998291015625 0.3494873046875 -0.156768798828125
0.549560546875 -0.20233154296875 0.156280517578125 0.1151123046875
0.36956787109375 -0.3778076171875 0.29974365234375 -0.104217529296875
0.184661865234375 -0.240036010742187 -0.340911865234375 -0.0151672363281251
0.294036865234375 -0.202667236328125 -0.177886962890625 0.4266357421875
0.24237060546875 -0.34320068359375 0.124481201171875 0.33563232421875
0.066162109375 -0.488677978515625 0.135589599609375 0.144378662109375
-0.207855224609375 -0.40887451171875 0.04718017578125 0.150253295898437
-0.3148193359375 -0.2640380859375 0.05029296875 0.158905029296875
-0.2672119140625 -0.292144775390625 0.0729522705078125 0.149948120117187
-0.281158447265625 -0.286468505859375 0.053192138671875 0.125129699707031
-0.126983642578125 -0.35955810546875 0.0289764404296875 0.0821685791015625
0.081024169921875 -0.423248291015625 0.0668487548828125 -0.0316581726074219
0.3016357421875 -0.341949462890625 0.105934143066406 -0.131050109863281
0.46282958984375 -0.0748291015625 0.285614013671875 -0.1834716796875
0.305694580078125 -0.04339599609375 0.513763427734375 -0.117462158203125
0.395904541015625 -0.2249755859375 0.3448486328125 0.137054443359375
0.121124267578125 -0.336273193359375 0.411895751953125 -0.168426513671875
0.0112686157226562 -0.123191833496094 -0.180755615234375 -0.00833129882812505
0.204742431640625 -0.0516510009765625 -0.05621337890625 0.363250732421875
0.211334228515625 -0.232467651367188 0.144012451171875 0.295806884765625
0.04730224609375 -0.391265869140625 0.144821166992187 0.214157104492187
-0.201751708984375 -0.321258544921875 0.14178466796875 0.250839233398438
-0.279830932617188 -0.187591552734375 0.192031860351563 0.219772338867188
-0.239730834960938 -0.216659545898437 0.189437866210937 0.19537353515625
-0.2508544921875 -0.223175048828125 0.159881591796875 0.187149047851563
-0.115692138671875 -0.295318603515625 0.0956268310546875 0.177932739257812
0.092803955078125 -0.3330078125 0.0819320678710938 0.0751724243164062
0.2882080078125 -0.1951904296875 0.109466552734375 -0.0521163940429688
0.304534912109375 0.066192626953125 0.32806396484375 -0.134918212890625
0.09759521484375 0.00998687744140625 0.64697265625 -0.03936767578125
0.18280029296875 -0.256332397460938 0.480255126953125 0.165557861328125
-0.132659912109375 -0.22039794921875 0.454620361328125 -0.21063232421875
-0.125518798828125 0.023773193359375 -0.0616836547851563 -0.0100669860839844
0.122894287109375 0.095367431640625 0.013427734375 0.28826904296875
0.16845703125 -0.103286743164063 0.127029418945313 0.261260986328125
0.0344390869140625 -0.24176025390625 0.137741088867188 0.26806640625
-0.154861450195313 -0.190292358398438 0.21490478515625 0.31048583984375
-0.194610595703125 -0.086395263671875 0.296722412109375 0.2437744140625
-0.17877197265625 -0.1114501953125 0.275665283203125 0.214202880859375
-0.197463989257812 -0.129150390625 0.243392944335938 0.225372314453125
-0.106002807617187 -0.200271606445312 0.143890380859375 0.248641967773438
0.071075439453125 -0.216217041015625 0.0709228515625 0.158462524414063
0.204681396484375 -0.0517578125 0.08624267578125 -0.00402069091796875
0.07952880859375 0.136016845703125 0.363372802734375 -0.112091064453125
-0.128837585449219 -0.00790405273437501 0.7430419921875 0.04559326171875
-0.04486083984375 -0.28955078125 0.5479736328125 0.174835205078125
0.323272705078125 0.27392578125 -0.483673095703125 -0.163482666015625
0.291656494140625 0.035675048828125 -0.80731201171875 -0.130615234375
0.137710571289063 -0.131065368652344 -0.367034912109375 0.154144287109375
-0.0452766418457031 -0.0692558288574219 -0.0385932922363281 0.0262832641601563
-0.0363006591796875 0.0846786499023437 -0.0128631591796875 -0.199493408203125
0.103828430175781 0.0913543701171875 -0.1590576171875 -0.2884521484375
0.123764038085938 -0.0148239135742188 -0.30877685546875 -0.217926025390625
0.0925750732421875 -0.0218429565429688 -0.324493408203125 -0.18084716796875
0.0925369262695313 -0.0093231201171875 -0.346649169921875 -0.210205078125
0.0680427551269531 0.039337158203125 -0.27520751953125 -0.307769775390625
-0.0245437622070313 0.070648193359375 -0.1719970703125 -0.29876708984375
-0.124359130859375 -0.0452804565429687 -0.114578247070313 -0.25726318359375
-0.00833129882812498 -0.2012939453125 -0.013763427734375 -0.242782592773438
0.201904296875 -0.177597045898438 -0.0205535888671875 -0.0709228515625
0.3065185546875 0.071990966796875 -0.4700927734375 0.1160888671875
0.4951171875 0.188018798828125 -0.388946533203125 -0.10723876953125
0.429962158203125 0.041778564453125 -0.810302734375 -0.15631103515625
0.337005615234375 -0.153594970703125 -0.429229736328125 0.215240478515625
0.109893798828125 -0.172271728515625 -0.0286712646484375 0.0939102172851562
0.0344161987304687 -0.0856170654296875 0.0136260986328125 -0.194808959960938
0.0609169006347656 -0.0605506896972656 -0.182281494140625 -0.28387451171875
0.021636962890625 -0.121650695800781 -0.333099365234375 -0.18414306640625
-0.01055908203125 -0.1409912109375 -0.322906494140625 -0.135162353515625
-0.0347137451171875 -0.12322998046875 -0.34429931640625 -0.169158935546875
-0.0123062133789063 -0.1085205078125 -0.274200439453125 -0.280670166015625
-0.0289306640625 -0.109451293945313 -0.151275634765625 -0.30584716796875
-0.0529022216796875 -0.199127197265625 -0.0860137939453125 -0.265548706054688
0.13372802734375 -0.284515380859375 0.00909423828125003 -0.228347778320313
0.309295654296875 -0.251190185546875 -0.0165786743164062 -0.0847930908203125
0.475433349609375 -0.0438232421875 -0.38836669921875 0.122283935546875
0.6103515625 0.0289306640625 -0.240966796875 -0.04718017578125
0.5009765625 -0.0382080078125 -0.76324462890625 -0.13287353515625
0.460052490234375 -0.21441650390625 -0.463226318359375 0.303466796875
0.2308349609375 -0.282379150390625 -0.0211029052734375 0.192855834960937
0.08905029296875 -0.270889282226563 0.0366363525390625 -0.138923645019531
-0.00503540039062498 -0.222076416015625 -0.179153442382813 -0.222946166992188
-0.0956878662109375 -0.2161865234375 -0.309112548828125 -0.116180419921875
-0.113250732421875 -0.240234375 -0.271636962890625 -0.066741943359375
-0.149459838867188 -0.217926025390625 -0.286865234375 -0.105316162109375
-0.0803680419921875 -0.238388061523438 -0.22900390625 -0.217605590820312
-0.0244140625 -0.277542114257813 -0.109466552734375 -0.282928466796875
0.036376953125 -0.342529296875 -0.045379638671875 -0.26873779296875
0.290802001953125 -0.33477783203125 0.05914306640625 -0.233078002929688
0.40399169921875 -0.26959228515625 0.0542449951171875 -0.115715026855469
0.58447265625 -0.1297607421875 -0.240875244140625 0.117111206054688
0.6380615234375 -0.16607666015625 -0.0581207275390625 -0.0224685668945313
0.47979736328125 -0.171478271484375 -0.65826416015625 -0.0857543945312501
0.473052978515625 -0.287322998046875 -0.4276123046875 0.39208984375
0.280792236328125 -0.376953125 0.012451171875 0.28656005859375
0.103240966796875 -0.428131103515625 0.0649223327636719 -0.0473442077636719
-0.089141845703125 -0.354736328125 -0.13702392578125 -0.112396240234375
-0.208343505859375 -0.277740478515625 -0.228500366210938 -0.023681640625
-0.1998291015625 -0.30255126953125 -0.178482055664063 0.00875854492187494
-0.234481811523438 -0.280181884765625 -0.188705444335938 -0.0308380126953125
-0.12359619140625 -0.33245849609375 -0.149581909179688 -0.129241943359375
9.15527343749957E-05 -0.4029541015625 -0.046722412109375 -0.228118896484375
0.139373779296875 -0.43609619140625 0.00834655761718754 -0.252410888671875
0.430145263671875 -0.3245849609375 0.130630493164063 -0.23779296875
0.459625244140625 -0.230621337890625 0.18255615234375 -0.1494140625
0.6142578125 -0.1807861328125 -0.0478973388671875 0.111679077148437
0.552825927734375 -0.323760986328125 0.133949279785156 -0.0484161376953125
0.358642578125 -0.260833740234375 -0.510101318359375 -0.0383300781250001
0.3948974609375 -0.297332763671875 -0.317962646484375 0.438873291015625
0.26702880859375 -0.402191162109375 0.070709228515625 0.33636474609375
0.08221435546875 -0.50830078125 0.101051330566406 0.0529708862304687
-0.167083740234375 -0.41845703125 -0.0558242797851563 0.022369384765625
-0.28729248046875 -0.2921142578125 -0.10015869140625 0.074127197265625
-0.25604248046875 -0.318359375 -0.0572662353515625 0.0843276977539062
-0.27850341796875 -0.301544189453125 -0.0669174194335938 0.0475196838378906
-0.136138916015625 -0.37225341796875 -0.0537109375 -0.0256462097167969
0.03875732421875 -0.450958251953125 0.0198974609375 -0.140853881835938
0.23736572265625 -0.4378662109375 0.0648193359375 -0.204574584960938
0.502532958984375 -0.233154296875 0.210403442382813 -0.222488403320313
0.43408203125 -0.140594482421875 0.345184326171875 -0.15643310546875
0.546661376953125 -0.20758056640625 0.16009521484375 0.11676025390625
0.363739013671875 -0.38433837890625 0.298187255859375 -0.1092529296875
0.18218994140625 -0.239227294921875 -0.339508056640625 -0.0144348144531251
0.292572021484375 -0.205169677734375 -0.1748046875 0.422943115234375
0.236328125 -0.34381103515625 0.1224365234375 0.329345703125
0.056365966796875 -0.488311767578125 0.129806518554688 0.141021728515625
-0.2093505859375 -0.40142822265625 0.0461273193359375 0.150360107421875
-0.31439208984375 -0.257537841796875 0.0505218505859375 0.159591674804687
-0.27020263671875 -0.28570556640625 0.0732574462890625 0.147125244140625
-0.28240966796875 -0.279022216796875 0.0560531616210937 0.120529174804687
-0.130218505859375 -0.354705810546875 0.0337066650390625 0.080902099609375
0.0760498046875 -0.42041015625 0.06805419921875 -0.0329818725585938
0.29632568359375 -0.34271240234375 0.103828430175781 -0.127998352050781
0.460174560546875 -0.08074951171875 0.278961181640625 -0.18115234375
0.304351806640625 -0.0406494140625 0.5067138671875 -0.1177978515625
0.391448974609375 -0.228912353515625 0.34619140625 0.13763427734375
0.1170654296875 -0.339630126953125 0.40625 -0.1749267578125
0.0103378295898437 -0.1212158203125 -0.18084716796875 -0.00746154785156252
0.205062866210938 -0.0546875 -0.054901123046875 0.358428955078125
0.205856323242188 -0.233627319335938 0.14105224609375 0.29058837890625
0.03900146484375 -0.390960693359375 0.138961791992188 0.211807250976562
-0.20367431640625 -0.31610107421875 0.142074584960937 0.250686645507812
-0.27801513671875 -0.180557250976563 0.19134521484375 0.216537475585938
-0.24200439453125 -0.21136474609375 0.189926147460937 0.190567016601563
-0.253265380859375 -0.216583251953125 0.163070678710937 0.179885864257813
-0.11846923828125 -0.290740966796875 0.100799560546875 0.175643920898437
0.0887451171875 -0.330963134765625 0.084808349609375 0.0749893188476562
0.28509521484375 -0.19757080078125 0.107330322265625 -0.0491104125976563
0.304107666015625 0.061492919921875 0.321868896484375 -0.133270263671875
0.0973892211914062 0.0135879516601562 0.64154052734375 -0.04248046875
0.179306030273438 -0.258682250976563 0.47943115234375 0.164825439453125
-0.135025024414063 -0.220672607421875 0.4476318359375 -0.218170166015625
-0.124786376953125 0.0263900756835938 -0.0624542236328125 -0.00978088378906251
0.125198364257813 0.0933990478515625 0.014434814453125 0.28289794921875
0.164093017578125 -0.104949951171875 0.12298583984375 0.257400512695313
0.0272979736328125 -0.241683959960938 0.1331787109375 0.26702880859375
-0.156326293945313 -0.185348510742187 0.21539306640625 0.3096923828125
-0.193359375 -0.0804595947265625 0.29754638671875 0.239227294921875
-0.180221557617188 -0.106597900390625 0.275039672851563 0.206817626953125
-0.1995849609375 -0.123519897460938 0.246078491210937 0.217529296875
-0.108871459960937 -0.196197509765625 0.149948120117188 0.244781494140625
0.0673828125 -0.2158203125 0.0746002197265625 0.158843994140625
0.203659057617188 -0.054443359375 0.0843582153320313 -0.0011138916015625
0.080810546875 0.132766723632812 0.3544921875 -0.111297607421875
-0.1285400390625 -0.00389862060546876 0.736572265625 0.04058837890625
-0.048187255859375 -0.289276123046875 0.54473876953125 0.173095703125
0.336944580078125 0.2742919921875 -0.494415283203125 -0.161468505859375
0.297515869140625 0.0302734375 -0.824462890625 -0.122314453125
0.134841918945313 -0.1370849609375 -0.371337890625 0.158843994140625
-0.0497703552246094 -0.0673828125 -0.0386810302734375 0.02178955078125
-0.0304946899414063 0.0908203125 -0.0187225341796875 -0.206390380859375
0.112205505371094 0.0906219482421875 -0.172760009765625 -0.2921142578125
0.126068115234375 -0.0208358764648437 -0.3184814453125 -0.21270751953125
0.0949478149414062 -0.0260696411132812 -0.33154296875 -0.173126220703125
0.0959014892578125 -0.0146713256835937 -0.354034423828125 -0.2044677734375
0.0724029541015625 0.0372543334960938 -0.28460693359375 -0.3099365234375
-0.0205078125 0.0725173950195313 -0.1781005859375 -0.30364990234375
-0.12689208984375 -0.041107177734375 -0.119216918945313 -0.25787353515625
-0.011810302734375 -0.20318603515625 -0.016204833984375 -0.24517822265625
0.200546264648438 -0.183944702148438 -0.022735595703125 -0.0705642700195313
0.31634521484375 0.0684814453125 -0.474822998046875 0.130584716796875
0.509521484375 0.1834716796875 -0.39556884765625 -0.10577392578125
0.4390869140625 0.03521728515625 -0.8291015625 -0.1514892578125
0.33880615234375 -0.163665771484375 -0.434814453125 0.22247314453125
0.106002807617188 -0.174514770507813 -0.0275039672851562 0.0911407470703125
0.0360336303710937 -0.0843124389648438 0.00717163085937499 -0.202789306640625
0.0659561157226563 -0.0629005432128906 -0.19573974609375 -0.2862548828125
0.0207443237304688 -0.127944946289063 -0.34417724609375 -0.1767578125
-0.012725830078125 -0.145065307617187 -0.329193115234375 -0.126190185546875
-0.0360260009765625 -0.126899719238281 -0.350494384765625 -0.162933349609375
-0.0126571655273438 -0.111335754394531 -0.28326416015625 -0.27935791015625
-0.0286483764648438 -0.111396789550781 -0.157470703125 -0.310699462890625
-0.0567474365234375 -0.200515747070313 -0.090087890625 -0.26702880859375
0.130828857421875 -0.29217529296875 0.00648498535156249 -0.231842041015625
0.3101806640625 -0.25885009765625 -0.0185470581054687 -0.0838165283203125
0.488128662109375 -0.052642822265625 -0.390777587890625 0.134124755859375
0.6236572265625 0.01788330078125 -0.243743896484375 -0.047271728515625
0.510467529296875 -0.04638671875 -0.780029296875 -0.12896728515625
0.46270751953125 -0.226287841796875 -0.46990966796875 0.3138427734375
0.228912353515625 -0.290069580078125 -0.0185089111328125 0.191177368164062
0.0869903564453125 -0.2740478515625 0.0303802490234375 -0.146514892578125
-0.00445556640624999 -0.2247314453125 -0.192031860351562 -0.223297119140625
-0.09881591796875 -0.219680786132813 -0.31719970703125 -0.107025146484375
-0.119781494140625 -0.2430419921875 -0.27587890625 -0.0599822998046875
-0.154937744140625 -0.220245361328125 -0.290802001953125 -0.1002197265625
-0.08428955078125 -0.242355346679688 -0.236038208007812 -0.216751098632813
-0.02679443359375 -0.28240966796875 -0.115264892578125 -0.2891845703125
0.03192138671875 -0.348114013671875 -0.04937744140625 -0.271438598632813
0.290069580078125 -0.34783935546875 0.056884765625 -0.237045288085938
0.40777587890625 -0.279083251953125 0.052947998046875 -0.115806579589844
0.59710693359375 -0.14239501953125 -0.23876953125 0.126144409179688
0.64910888671875 -0.18182373046875 -0.0566139221191406 -0.0239601135253906
0.48724365234375 -0.1829833984375 -0.6739501953125 -0.0786743164062501
0.47589111328125 -0.301788330078125 -0.432220458984375 0.404052734375
0.278594970703125 -0.386016845703125 0.015899658203125 0.287445068359375
0.097381591796875 -0.435272216796875 0.0600967407226563 -0.0526657104492188
-0.093536376953125 -0.358123779296875 -0.146041870117188 -0.111282348632813
-0.214035034179687 -0.279083251953125 -0.234222412109375 -0.0157775878906251
-0.210601806640625 -0.303131103515625 -0.181182861328125 0.0144805908203125
-0.243133544921875 -0.280990600585938 -0.189971923828125 -0.0285186767578125
-0.129974365234375 -0.335540771484375 -0.15130615234375 -0.128372192382813
-0.00573730468749997 -0.408355712890625 -0.050872802734375 -0.233688354492188
0.135986328125 -0.44512939453125 0.00428771972656253 -0.255035400390625
0.432342529296875 -0.341461181640625 0.12921142578125 -0.243011474609375
0.4647216796875 -0.239654541015625 0.182357788085938 -0.151657104492188
0.62347412109375 -0.19732666015625 -0.0424041748046875 0.117744445800781
0.556121826171875 -0.34222412109375 0.137504577636719 -0.0540847778320313
0.3623046875 -0.272125244140625 -0.52203369140625 -0.0332641601562501
0.398345947265625 -0.31182861328125 -0.3193359375 0.451171875
0.264190673828125 -0.41241455078125 0.075225830078125 0.33685302734375
0.07196044921875 -0.516326904296875 0.0974197387695313 0.04962158203125
-0.175079345703125 -0.422210693359375 -0.0599594116210938 0.0247230529785156
-0.29656982421875 -0.2908935546875 -0.102104187011719 0.0802993774414062
-0.269256591796875 -0.31689453125 -0.0572738647460938 0.08721923828125
-0.2891845703125 -0.299957275390625 -0.0655250549316406 0.0478744506835937
-0.14495849609375 -0.375213623046875 -0.051727294921875 -0.0247917175292969
0.031524658203125 -0.459228515625 0.018951416015625 -0.14556884765625
0.234527587890625 -0.448272705078125 0.062744140625 -0.206146240234375
0.507720947265625 -0.2493896484375 0.209274291992188 -0.228179931640625
0.439788818359375 -0.14727783203125 0.347259521484375 -0.162109375
0.556182861328125 -0.22357177734375 0.168807983398438 0.120040893554688
0.363189697265625 -0.401092529296875 0.30255126953125 -0.119781494140625
0.182373046875 -0.246002197265625 -0.34771728515625 -0.011016845703125
0.295684814453125 -0.214874267578125 -0.173828125 0.43255615234375
0.23370361328125 -0.353424072265625 0.127197265625 0.33056640625
0.04547119140625 -0.497772216796875 0.128463745117188 0.14068603515625
-0.219970703125 -0.4052734375 0.047271728515625 0.153945922851563
-0.322174072265625 -0.25482177734375 0.0526123046875 0.162460327148437
-0.28271484375 -0.2838134765625 0.0756378173828125 0.147415161132812
-0.293548583984375 -0.276336669921875 0.0602264404296875 0.118156433105469
-0.13909912109375 -0.356903076171875 0.03997802734375 0.081146240234375
0.070648193359375 -0.427642822265625 0.0708465576171875 -0.0352859497070313
0.29644775390625 -0.354522705078125 0.103416442871094 -0.128730773925781
0.4676513671875 -0.094757080078125 0.277816772460938 -0.185684204101563
0.310211181640625 -0.041717529296875 0.512115478515625 -0.12567138671875
0.39508056640625 -0.24298095703125 0.357635498046875 0.139007568359375
0.111053466796875 -0.3511962890625 0.409942626953125 -0.188201904296875
0.00883483886718751 -0.122787475585938 -0.18585205078125 -0.00672912597656254
0.210784912109375 -0.0597991943359375 -0.050750732421875 0.363250732421875
0.204376220703125 -0.2406005859375 0.144256591796875 0.2913818359375
0.027984619140625 -0.399658203125 0.13958740234375 0.214248657226563
-0.213958740234375 -0.317352294921875 0.14862060546875 0.2550048828125
-0.28521728515625 -0.17718505859375 0.197738647460937 0.216827392578125
-0.25347900390625 -0.207595825195312 0.194564819335937 0.187301635742188
-0.26385498046875 -0.212295532226563 0.170181274414062 0.175582885742188
-0.126617431640625 -0.292266845703125 0.110504150390625 0.17584228515625
0.08331298828125 -0.33740234375 0.08929443359375 0.0753326416015625
0.287841796875 -0.20660400390625 0.107330322265625 -0.0479812622070313
0.310943603515625 0.055389404296875 0.32086181640625 -0.137908935546875
0.09967041015625 0.0165863037109375 0.650146484375 -0.05133056640625
0.176605224609375 -0.269424438476563 0.492523193359375 0.163330078125
-0.143035888671875 -0.225021362304687 0.44976806640625 -0.232818603515625
-0.127143859863281 0.0308074951171875 -0.065216064453125 -0.00971221923828125
0.131996154785156 0.0926895141601563 0.01800537109375 0.2847900390625
0.163482666015625 -0.109375 0.124130249023438 0.258651733398438
0.0189971923828125 -0.247161865234375 0.135284423828125 0.27215576171875
-0.162994384765625 -0.184921264648438 0.225311279296875 0.314666748046875
-0.197052001953125 -0.0768280029296875 0.305694580078125 0.237762451171875
-0.187652587890625 -0.102508544921875 0.28277587890625 0.20196533203125
-0.207916259765625 -0.1195068359375 0.25579833984375 0.21124267578125
-0.115859985351562 -0.196624755859375 0.162078857421875 0.24578857421875
0.064361572265625 -0.220993041992188 0.0808563232421875 0.162155151367188
0.207473754882813 -0.0601348876953125 0.08447265625 0.00164031982421875
0.0841445922851562 0.132736206054688 0.353485107421875 -0.115203857421875
-0.131179809570312 0.00120544433593751 0.74920654296875 0.031494140625
-0.054901123046875 -0.29693603515625 0.5574951171875 0.171173095703125
0.359771728515625 0.26849365234375 -0.511993408203125 -0.149658203125
0.305267333984375 0.018463134765625 -0.84991455078125 -0.0943603515624998
0.129257202148438 -0.146240234375 -0.374847412109375 0.17352294921875
-0.05645751953125 -0.0654830932617188 -0.0385246276855469 0.0185737609863281
-0.022979736328125 0.0968246459960938 -0.031036376953125 -0.214935302734375
0.123733520507813 0.087127685546875 -0.196258544921875 -0.291656494140625
0.127891540527344 -0.0313568115234375 -0.335357666015625 -0.200775146484375
0.0969467163085938 -0.033355712890625 -0.3436279296875 -0.158966064453125
0.0996780395507813 -0.0219879150390625 -0.36810302734375 -0.191192626953125
0.0783462524414063 0.0336837768554688 -0.30426025390625 -0.304656982421875
-0.0149612426757813 0.0749969482421875 -0.193756103515625 -0.3067626953125
-0.131317138671875 -0.0351333618164063 -0.1295166015625 -0.257400512695313
-0.020355224609375 -0.206741333007813 -0.0252838134765625 -0.248733520507813
0.19732666015625 -0.196258544921875 -0.0264320373535156 -0.0695648193359375
0.330718994140625 0.0570068359375 -0.477203369140625 0.155975341796875
0.532073974609375 0.167327880859375 -0.4075927734375 -0.09576416015625
0.4510498046875 0.0184326171875 -0.85693359375 -0.12225341796875
0.336761474609375 -0.18194580078125 -0.4381103515625 0.243011474609375
0.099334716796875 -0.180572509765625 -0.0248260498046875 0.0889205932617187
0.0365753173828125 -0.0838546752929688 -0.00505065917968751 -0.211761474609375
0.0703659057617188 -0.0670089721679688 -0.219268798828125 -0.28424072265625
0.0177764892578125 -0.135025024414062 -0.359283447265625 -0.1617431640625
-0.019195556640625 -0.150070190429688 -0.33917236328125 -0.111083984375
-0.04095458984375 -0.131111145019531 -0.36248779296875 -0.149017333984375
-0.0150146484375 -0.114898681640625 -0.30145263671875 -0.2734375
-0.03082275390625 -0.113296508789063 -0.174285888671875 -0.315643310546875
-0.066131591796875 -0.201416015625 -0.101287841796875 -0.268356323242188
0.1226806640625 -0.30560302734375 -0.00173950195312501 -0.236083984375
0.30706787109375 -0.276123046875 -0.0232162475585937 -0.082366943359375
0.50244140625 -0.074737548828125 -0.390655517578125 0.156280517578125
0.6427001953125 -0.0074462890625 -0.248504638671875 -0.041259765625
0.520477294921875 -0.068878173828125 -0.80645751953125 -0.10333251953125
0.4635009765625 -0.25103759765625 -0.471038818359375 0.33929443359375
0.222930908203125 -0.302581787109375 -0.0124664306640625 0.19268798828125
0.079803466796875 -0.280319213867187 0.019989013671875 -0.155105590820313
-0.00891113281249999 -0.229385375976563 -0.21234130859375 -0.22039794921875
-0.1083984375 -0.223785400390625 -0.329803466796875 -0.0920104980468751
-0.1337890625 -0.244674682617187 -0.2838134765625 -0.04620361328125
-0.167083740234375 -0.219879150390625 -0.29949951171875 -0.0885925292968751
-0.094482421875 -0.245758056640625 -0.248336791992188 -0.21063232421875
-0.037017822265625 -0.2879638671875 -0.130157470703125 -0.294342041015625
0.018402099609375 -0.356658935546875 -0.060394287109375 -0.273757934570313
0.2838134765625 -0.36981201171875 0.0492706298828125 -0.243499755859375
0.40704345703125 -0.29925537109375 0.0490570068359375 -0.117454528808594
0.6090087890625 -0.17303466796875 -0.235076904296875 0.14190673828125
0.65869140625 -0.21307373046875 -0.056121826171875 -0.0257415771484375
0.492218017578125 -0.20599365234375 -0.6953125 -0.0571289062499999
0.4752197265625 -0.329376220703125 -0.42962646484375 0.430511474609375
0.2684326171875 -0.403076171875 0.02484130859375 0.28936767578125
0.08209228515625 -0.447662353515625 0.0529670715332031 -0.0594329833984375
-0.1065673828125 -0.362030029296875 -0.159774780273438 -0.107009887695313
-0.228836059570313 -0.279144287109375 -0.241043090820313 -0.00195312500000003
-0.229736328125 -0.299957275390625 -0.184967041015625 0.0248260498046875
-0.2607421875 -0.276397705078125 -0.194244384765625 -0.0198211669921875
-0.14581298828125 -0.339141845703125 -0.157073974609375 -0.125
-0.020721435546875 -0.4176025390625 -0.061248779296875 -0.240097045898438
0.120086669921875 -0.4599609375 -0.00483703613281248 -0.25848388671875
0.4285888671875 -0.370697021484375 0.121810913085938 -0.251663208007813
0.4678955078125 -0.258392333984375 0.180877685546875 -0.15948486328125
0.63330078125 -0.22967529296875 -0.0335769653320312 0.124832153320312
0.55621337890625 -0.374908447265625 0.140762329101563 -0.06475830078125
0.36199951171875 -0.2940673828125 -0.538299560546875 -0.01629638671875
0.3956298828125 -0.33709716796875 -0.312408447265625 0.475189208984375
0.253509521484375 -0.432403564453125 0.08734130859375 0.3389892578125
0.05096435546875 -0.53076171875 0.09539794921875 0.04534912109375
-0.194549560546875 -0.42498779296875 -0.0646743774414063 0.029205322265625
-0.313507080078125 -0.287261962890625 -0.102607727050781 0.0896377563476562
-0.2906494140625 -0.3106689453125 -0.0556640625 0.0926742553710937
-0.3087158203125 -0.293121337890625 -0.0646896362304688 0.0509529113769531
-0.162506103515625 -0.3779296875 -0.0505485534667969 -0.0230751037597656
0.0166015625 -0.470428466796875 0.0147857666015625 -0.150955200195313
0.2220458984375 -0.469451904296875 0.0567779541015625 -0.210739135742188
0.509552001953125 -0.278564453125 0.203887939453125 -0.238983154296875
0.447967529296875 -0.161712646484375 0.3492431640625 -0.1766357421875
0.5604248046875 -0.256103515625 0.18255615234375 0.119552612304687
0.354217529296875 -0.42962646484375 0.30548095703125 -0.13885498046875
0.177688598632813 -0.26025390625 -0.359375 -0.000457763671875059
0.2967529296875 -0.23486328125 -0.162200927734375 0.448974609375
0.224456787109375 -0.369659423828125 0.1390380859375 0.33148193359375
0.02154541015625 -0.51141357421875 0.130424499511719 0.138748168945312
-0.2412109375 -0.4053955078125 0.0517730712890625 0.158096313476562
-0.338165283203125 -0.2470703125 0.0587615966796875 0.166030883789062
-0.303314208984375 -0.2752685546875 0.0813446044921875 0.146743774414063
-0.313232421875 -0.266143798828125 0.06640625 0.115531921386719
-0.157135009765625 -0.3585205078125 0.0478439331054688 0.0808944702148437
0.055328369140625 -0.44024658203125 0.072296142578125 -0.0392303466796875
0.289215087890625 -0.37469482421875 0.100364685058594 -0.132133483886719
0.475250244140625 -0.118194580078125 0.274383544921875 -0.197982788085938
0.31719970703125 -0.0506591796875 0.520233154296875 -0.1461181640625
0.394500732421875 -0.26788330078125 0.3753662109375 0.130035400390625
0.0975341796875 -0.367401123046875 0.41156005859375 -0.214019775390625
0.00470733642578126 -0.125228881835938 -0.1929931640625 -0.00115966796875001
0.216690063476563 -0.072021484375 -0.039459228515625 0.372711181640625
0.199630737304688 -0.253707885742188 0.1546630859375 0.290924072265625
0.00842285156250003 -0.410675048828125 0.147048950195313 0.21600341796875
-0.233001708984375 -0.31610107421875 0.161239624023438 0.258041381835938
-0.29815673828125 -0.168243408203125 0.209884643554687 0.214065551757813
-0.269561767578125 -0.1988525390625 0.205291748046875 0.18133544921875
-0.2816162109375 -0.202667236328125 0.181137084960937 0.168411254882813
-0.142974853515625 -0.2923583984375 0.12506103515625 0.173812866210937
0.071624755859375 -0.348724365234375 0.09716796875 0.0745773315429687
0.28704833984375 -0.224212646484375 0.107597351074219 -0.0494766235351563
0.320831298828125 0.04266357421875 0.31842041015625 -0.150604248046875
0.103507995605469 0.0174636840820313 0.66229248046875 -0.07537841796875
0.168670654296875 -0.28607177734375 0.511871337890625 0.151885986328125
-0.158172607421875 -0.226760864257812 0.448974609375 -0.2591552734375
-0.12884521484375 0.0379409790039063 -0.0684623718261719 -0.00871276855468751
0.142425537109375 0.0875396728515625 0.028594970703125 0.287017822265625
0.162002563476562 -0.118026733398437 0.133590698242188 0.259231567382813
0.005584716796875 -0.254486083984375 0.146759033203125 0.276931762695313
-0.176406860351563 -0.183013916015625 0.2447509765625 0.316192626953125
-0.204483032226563 -0.068939208984375 0.320068359375 0.229278564453125
-0.198043823242187 -0.0947113037109375 0.296478271484375 0.1912841796875
-0.220077514648438 -0.109634399414062 0.270919799804687 0.200546264648437
-0.128463745117188 -0.194686889648438 0.18157958984375 0.242950439453125
0.055999755859375 -0.228622436523438 0.092529296875 0.1650390625
0.211380004882813 -0.07171630859375 0.085357666015625 0.00254058837890625
0.0916290283203125 0.132133483886719 0.350860595703125 -0.12872314453125
-0.133934020996094 0.00963592529296875 0.76776123046875 0.00396728515625
-0.070404052734375 -0.30548095703125 0.57769775390625 0.15826416015625
0.383087158203125 0.24957275390625 -0.52471923828125 -0.1248779296875
0.30877685546875 0.00054931640625 -0.86456298828125 -0.0454101562500001
0.1180419921875 -0.154342651367188 -0.36810302734375 0.194122314453125
-0.0627059936523438 -0.0598526000976563 -0.0383644104003906 0.0166587829589844
-0.0127639770507813 0.100723266601562 -0.0488433837890625 -0.217453002929688
0.1353759765625 0.0793075561523438 -0.222198486328125 -0.2821044921875
0.127326965332031 -0.0421295166015625 -0.350677490234375 -0.17840576171875
0.0970611572265625 -0.0420989990234375 -0.3525390625 -0.135498046875
0.100570678710938 -0.0322265625 -0.37957763671875 -0.16748046875
0.084075927734375 0.027496337890625 -0.32562255859375 -0.289825439453125
-0.007049560546875 0.0763778686523438 -0.213897705078125 -0.301666259765625
-0.134757995605469 -0.0251083374023437 -0.143203735351563 -0.25030517578125
-0.0322418212890625 -0.20721435546875 -0.0392303466796875 -0.249038696289063
0.185638427734375 -0.209793090820312 -0.0315284729003906 -0.0668525695800781
0.341278076171875 0.0377197265625 -0.467742919921875 0.18988037109375
0.552154541015625 0.138031005859375 -0.41473388671875 -0.075897216796875
0.456298828125 -0.00775146484375 -0.87384033203125 -0.0731811523437499
0.32568359375 -0.202728271484375 -0.429229736328125 0.26922607421875
0.0878753662109375 -0.184555053710938 -0.0207672119140625 0.0872955322265625
0.035675048828125 -0.084259033203125 -0.023101806640625 -0.216567993164063
0.0728378295898438 -0.072784423828125 -0.245513916015625 -0.272552490234375
0.0101318359375 -0.140129089355469 -0.372344970703125 -0.136444091796875
-0.0287628173828125 -0.1517333984375 -0.34613037109375 -0.08709716796875
-0.0482177734375 -0.132400512695313 -0.371978759765625 -0.125732421875
-0.0195999145507813 -0.116447448730469 -0.319183349609375 -0.2574462890625
-0.0357437133789062 -0.112724304199219 -0.194915771484375 -0.310699462890625
-0.0781707763671875 -0.197555541992188 -0.1160888671875 -0.262451171875
0.10516357421875 -0.31561279296875 -0.0157012939453125 -0.237167358398438
0.292999267578125 -0.294830322265625 -0.0283050537109375 -0.0792388916015625
0.50555419921875 -0.1080322265625 -0.380645751953125 0.1844482421875
0.6510009765625 -0.04583740234375 -0.250991821289062 -0.029632568359375
0.5225830078125 -0.099609375 -0.8209228515625 -0.0592041015625001
0.451202392578125 -0.281463623046875 -0.4573974609375 0.37017822265625
0.20440673828125 -0.31573486328125 -0.0030364990234375 0.191543579101562
0.066131591796875 -0.28497314453125 0.0048980712890625 -0.160110473632813
-0.0171356201171875 -0.232330322265625 -0.23419189453125 -0.208572387695313
-0.12188720703125 -0.221527099609375 -0.33880615234375 -0.0679321289062501
-0.150985717773438 -0.238540649414063 -0.287445068359375 -0.025543212890625
-0.182525634765625 -0.212234497070313 -0.305755615234375 -0.0684814453125
-0.1082763671875 -0.242889404296875 -0.26104736328125 -0.197052001953125
-0.05328369140625 -0.289398193359375 -0.149017333984375 -0.291534423828125
-0.00274658203124997 -0.360015869140625 -0.0748443603515625 -0.270721435546875
0.26385498046875 -0.392822265625 0.034271240234375 -0.247116088867188
0.393585205078125 -0.323944091796875 0.0425872802734375 -0.118736267089844
0.6082763671875 -0.21405029296875 -0.223876953125 0.160446166992188
0.6522216796875 -0.25775146484375 -0.0557174682617187 -0.0256843566894531
0.485748291015625 -0.2369384765625 -0.70819091796875 -0.0177612304687502
0.45880126953125 -0.36187744140625 -0.411102294921875 0.46044921875
0.24676513671875 -0.420562744140625 0.0404052734375 0.28759765625
0.05609130859375 -0.453948974609375 0.0432281494140625 -0.0649490356445313
-0.12567138671875 -0.359771728515625 -0.173828125 -0.0964965820312501
-0.24658203125 -0.269241333007813 -0.243820190429688 0.0165252685546875
-0.250823974609375 -0.288665771484375 -0.185043334960938 0.0390472412109375
-0.279693603515625 -0.261947631835937 -0.196701049804688 -0.00630187988281253
-0.165618896484375 -0.33245849609375 -0.162918090820313 -0.116485595703125
-0.04486083984375 -0.420196533203125 -0.075714111328125 -0.240432739257812
0.09326171875 -0.470947265625 -0.0186309814453125 -0.257949829101563
0.410614013671875 -0.404083251953125 0.10650634765625 -0.259262084960938
0.458953857421875 -0.28643798828125 0.173080444335938 -0.1685791015625
0.6279296875 -0.2738037109375 -0.02166748046875 0.130889892578125
0.5390625 -0.41595458984375 0.139472961425781 -0.0771560668945313
0.34765625 -0.317596435546875 -0.54705810546875 0.0124206542968749
0.378875732421875 -0.365478515625 -0.289459228515625 0.498077392578125
0.23077392578125 -0.447998046875 0.1055908203125 0.33441162109375
0.0189208984375 -0.537994384765625 0.0922698974609375 0.0398406982421875
-0.2198486328125 -0.41796875 -0.0681877136230469 0.0359382629394531
-0.333160400390625 -0.272247314453125 -0.098968505859375 0.099578857421875
-0.31329345703125 -0.293914794921875 -0.0519943237304688 0.0982437133789062
-0.331024169921875 -0.27374267578125 -0.0625228881835938 0.0551338195800781
-0.186553955078125 -0.370086669921875 -0.0487060546875 -0.0208206176757813
-0.011962890625 -0.475250244140625 0.00614929199218749 -0.155105590820313
0.196563720703125 -0.48663330078125 0.045654296875 -0.211898803710938
0.495697021484375 -0.314422607421875 0.188385009765625 -0.249588012695313
0.4437255859375 -0.185394287109375 0.34149169921875 -0.196746826171875
0.551605224609375 -0.295074462890625 0.195709228515625 0.11248779296875
0.329376220703125 -0.458648681640625 0.300201416015625 -0.1629638671875
0.164352416992187 -0.273635864257813 -0.36669921875 0.01934814453125
0.28692626953125 -0.257293701171875 -0.138885498046875 0.46240234375
0.205169677734375 -0.385040283203125 0.15673828125 0.323089599609375
-0.011444091796875 -0.517120361328125 0.134559631347656 0.133216857910156
-0.268798828125 -0.394439697265625 0.0591888427734375 0.158981323242187
-0.356719970703125 -0.227996826171875 0.0677490234375 0.166046142578125
-0.324432373046875 -0.25689697265625 0.0885467529296875 0.142868041992187
-0.335235595703125 -0.245880126953125 0.0729446411132812 0.110855102539062
-0.180633544921875 -0.349761962890625 0.05767822265625 0.0773468017578125
0.029083251953125 -0.446685791015625 0.0719451904296875 -0.0443267822265625
0.2694091796875 -0.396240234375 0.0936203002929688 -0.13525390625
0.47064208984375 -0.148773193359375 0.261611938476563 -0.211395263671875
0.320037841796875 -0.065032958984375 0.5137939453125 -0.176055908203125
0.380950927734375 -0.29742431640625 0.389312744140625 0.113189697265625
0.073822021484375 -0.379150390625 0.401123046875 -0.24395751953125
-0.00251007080078124 -0.126716613769531 -0.198089599609375 0.00830078125000003
0.217559814453125 -0.088134765625 -0.019775390625 0.376556396484375
0.186248779296875 -0.267196655273438 0.169403076171875 0.2823486328125
-0.02044677734375 -0.415252685546875 0.156906127929688 0.211944580078125
-0.256195068359375 -0.3057861328125 0.177749633789062 0.253448486328125
-0.3114013671875 -0.1514892578125 0.222305297851562 0.203948974609375
-0.286346435546875 -0.18182373046875 0.214584350585937 0.167922973632813
-0.2984619140625 -0.18231201171875 0.191787719726562 0.154632568359375
-0.16314697265625 -0.284576416015625 0.141326904296875 0.1658935546875
0.05126953125 -0.356781005859375 0.105354309082031 0.0695266723632812
0.277694702148438 -0.244461059570312 0.105453491210938 -0.0516586303710938
0.3251953125 0.021759033203125 0.30780029296875 -0.1649169921875
0.107200622558594 0.0157470703125 0.6624755859375 -0.11334228515625
0.150543212890625 -0.3028564453125 0.5281982421875 0.126190185546875
-0.176010131835937 -0.22064208984375 0.435028076171875 -0.291778564453125
-0.127731323242188 0.04681396484375 -0.0726089477539063 -0.00659179687499998
0.152450561523438 0.0772247314453125 0.044219970703125 0.285125732421875
0.15704345703125 -0.128341674804688 0.146087646484375 0.252105712890625
-0.0135955810546875 -0.257736206054688 0.162139892578125 0.274871826171875
-0.191162109375 -0.174087524414062 0.26702880859375 0.307769775390625
-0.210769653320313 -0.055633544921875 0.33599853515625 0.210601806640625
-0.2073974609375 -0.080657958984375 0.30877685546875 0.170867919921875
-0.231338500976563 -0.0935516357421875 0.285400390625 0.179901123046875
-0.1434326171875 -0.1875 0.20306396484375 0.231292724609375
0.04241943359375 -0.235015869140625 0.106964111328125 0.162124633789063
0.210678100585938 -0.0874481201171875 0.0857162475585938 0.00137329101562499
0.099456787109375 0.127792358398438 0.34222412109375 -0.146240234375
-0.133842468261719 0.0209808349609375 0.7728271484375 -0.03948974609375
-0.092864990234375 -0.307281494140625 0.59344482421875 0.12908935546875
0.396148681640625 0.222442626953125 -0.523040771484375 -0.0958251953125001
0.30401611328125 -0.016448974609375 -0.85443115234375 0.00427246093750019
0.105194091796875 -0.157577514648438 -0.3505859375 0.210968017578125
-0.067626953125 -0.0522613525390625 -0.0379714965820313 0.0144691467285156
-0.00299072265624999 0.101364135742188 -0.0653228759765625 -0.214080810546875
0.144332885742187 0.0674285888671875 -0.24212646484375 -0.263076782226563
0.122840881347656 -0.0520706176757813 -0.356170654296875 -0.15179443359375
0.0925369262695312 -0.0495681762695313 -0.3509521484375 -0.109832763671875
0.0979690551757813 -0.041595458984375 -0.37872314453125 -0.140625
0.0871810913085938 0.0199813842773438 -0.33709716796875 -0.26593017578125
0.000289916992187505 0.0756149291992188 -0.228179931640625 -0.28857421875
-0.134025573730469 -0.0148162841796875 -0.152679443359375 -0.23748779296875
-0.0443115234375 -0.2021484375 -0.051788330078125 -0.241897583007813
0.169921875 -0.216827392578125 -0.0348129272460938 -0.0619087219238281
0.3424072265625 0.016387939453125 -0.446014404296875 0.21759033203125
0.5540771484375 0.103424072265625 -0.411865234375 -0.0533447265625
0.44921875 -0.03350830078125 -0.86566162109375 -0.0244140625000001
0.307525634765625 -0.217620849609375 -0.4071044921875 0.28924560546875
0.074249267578125 -0.1829833984375 -0.0163192749023437 0.0834808349609375
0.0335922241210938 -0.0829696655273438 -0.04071044921875 -0.21435546875
0.0731582641601563 -0.0777053833007813 -0.264678955078125 -0.252517700195313
0.00248718261718749 -0.141937255859375 -0.375457763671875 -0.1090087890625
-0.0374908447265625 -0.148681640625 -0.34259033203125 -0.0617675781249999
-0.0554885864257813 -0.129814147949219 -0.36968994140625 -0.09844970703125
-0.0239028930664062 -0.115196228027344 -0.328826904296875 -0.234405517578125
-0.0397186279296875 -0.110092163085938 -0.210906982421875 -0.298675537109375
-0.0887908935546875 -0.188064575195313 -0.126876831054688 -0.25091552734375
0.085601806640625 -0.318634033203125 -0.0287933349609375 -0.23077392578125
0.27239990234375 -0.3067626953125 -0.0325469970703125 -0.0733413696289063
0.495574951171875 -0.1383056640625 -0.358795166015625 0.20660400390625
0.6416015625 -0.08551025390625 -0.246490478515625 -0.0178680419921875
0.50921630859375 -0.12841796875 -0.81439208984375 -0.0114746093750001
0.426666259765625 -0.30255126953125 -0.431976318359375 0.390411376953125
0.182342529296875 -0.319122314453125 0.0070343017578125 0.18548583984375
0.05145263671875 -0.28192138671875 -0.0105133056640625 -0.15966796875
-0.0252227783203125 -0.228561401367188 -0.249099731445313 -0.18890380859375
-0.13360595703125 -0.214004516601563 -0.33734130859375 -0.042510986328125
-0.164108276367188 -0.225997924804688 -0.28216552734375 -0.0042724609375
-0.192184448242188 -0.199050903320312 -0.302703857421875 -0.046295166015625
-0.119476318359375 -0.233612060546875 -0.266860961914063 -0.17852783203125
-0.068267822265625 -0.282806396484375 -0.164154052734375 -0.281463623046875
-0.023193359375 -0.3541259765625 -0.0875244140625 -0.260589599609375
0.2357177734375 -0.404571533203125 0.0190582275390625 -0.243423461914063
0.37109375 -0.3389892578125 0.0360946655273438 -0.11639404296875
0.58941650390625 -0.25006103515625 -0.205535888671875 0.172622680664062
0.62847900390625 -0.2952880859375 -0.053955078125 -0.0255012512207031
0.465362548828125 -0.26336669921875 -0.70111083984375 0.0205078125
0.43035888671875 -0.384674072265625 -0.379913330078125 0.4774169921875
0.219268798828125 -0.425811767578125 0.0544586181640625 0.278900146484375
0.028564453125 -0.448272705078125 0.0330924987792969 -0.0671463012695313
-0.14178466796875 -0.347320556640625 -0.182693481445313 -0.081390380859375
-0.258956909179688 -0.252471923828125 -0.240478515625 0.0344085693359375
-0.265823364257813 -0.267166137695313 -0.179275512695313 0.0528411865234375
-0.2918701171875 -0.239654541015625 -0.193069458007813 0.00744628906249998
-0.18206787109375 -0.31707763671875 -0.164581298828125 -0.104949951171875
-0.069244384765625 -0.412200927734375 -0.0888519287109375 -0.23504638671875
0.06494140625 -0.46978759765625 -0.0321197509765625 -0.24993896484375
0.3782958984375 -0.4232177734375 0.0883331298828125 -0.258285522460938
0.43853759765625 -0.305755615234375 0.160751342773438 -0.173141479492188
0.603759765625 -0.31072998046875 -0.00868225097656246 0.132362365722656
0.505279541015625 -0.4456787109375 0.134941101074219 -0.0883407592773438
0.324066162109375 -0.3360595703125 -0.541778564453125 0.0434570312499999
0.352935791015625 -0.385589599609375 -0.258270263671875 0.508697509765625
0.202545166015625 -0.454559326171875 0.12017822265625 0.320831298828125
-0.015869140625 -0.529754638671875 0.0874786376953125 0.0344314575195312
-0.240753173828125 -0.398651123046875 -0.0693588256835938 0.0428619384765625
-0.34564208984375 -0.248077392578125 -0.0936737060546875 0.107444763183594
-0.32818603515625 -0.267974853515625 -0.0468521118164063 0.101638793945313
-0.34185791015625 -0.2459716796875 -0.0588188171386719 0.0593681335449219
-0.2047119140625 -0.352569580078125 -0.0457229614257813 -0.0189285278320313
-0.0399169921875 -0.46685791015625 -0.002197265625 -0.155029296875
0.16510009765625 -0.489959716796875 0.0336761474609375 -0.20758056640625
0.468658447265625 -0.341949462890625 0.169235229492188 -0.252410888671875
0.4288330078125 -0.206329345703125 0.324859619140625 -0.20941162109375
0.5240478515625 -0.32708740234375 0.203414916992188 0.101425170898438
0.295135498046875 -0.4736328125 0.285888671875 -0.182220458984375
0.145095825195312 -0.27996826171875 -0.363922119140625 0.0390014648437501
0.268218994140625 -0.273712158203125 -0.113372802734375 0.463653564453125
0.182586669921875 -0.39019775390625 0.16912841796875 0.30780029296875
-0.04425048828125 -0.5087890625 0.135330200195313 0.125541687011719
-0.2899169921875 -0.374603271484375 0.0655364990234375 0.15728759765625
-0.365875244140625 -0.204193115234375 0.0742950439453124 0.161239624023437
-0.33636474609375 -0.230743408203125 0.0933609008789062 0.135337829589844
-0.3447265625 -0.2169189453125 0.0766830444335937 0.103614807128906
-0.199920654296875 -0.33221435546875 0.0651321411132812 0.070556640625
0.002044677734375 -0.441925048828125 0.0700416564941406 -0.0494346618652344
0.24395751953125 -0.4068603515625 0.0860671997070313 -0.134483337402344
0.453887939453125 -0.17669677734375 0.241470336914063 -0.217803955078125
0.314300537109375 -0.079620361328125 0.496856689453125 -0.2003173828125
0.35498046875 -0.319671630859375 0.39306640625 0.09136962890625
0.04742431640625 -0.380645751953125 0.379913330078125 -0.267669677734375
-0.0103073120117188 -0.124969482421875 -0.198028564453125 0.018798828125
0.210220336914063 -0.103408813476563 0.000427246093750015 0.371673583984375
0.170150756835938 -0.274124145507813 0.178970336914062 0.26715087890625
-0.04827880859375 -0.4075927734375 0.163681030273438 0.202682495117187
-0.273529052734375 -0.285675048828125 0.190750122070312 0.242782592773437
-0.316680908203125 -0.13018798828125 0.229217529296875 0.188858032226563
-0.294525146484375 -0.159088134765625 0.218170166015625 0.150955200195313
-0.306060791015625 -0.157257080078125 0.195755004882812 0.1380615234375
-0.178497314453125 -0.268692016601563 0.153106689453125 0.151885986328125
0.02838134765625 -0.355194091796875 0.1102294921875 0.0621490478515625
0.259552001953125 -0.259445190429688 0.101188659667969 -0.05194091796875
0.321258544921875 0.0023193359375 0.2886962890625 -0.175079345703125
0.108932495117188 0.0130157470703125 0.64605712890625 -0.1485595703125
0.126617431640625 -0.30963134765625 0.529388427734375 0.097442626953125
-0.189651489257813 -0.207473754882813 0.409149169921875 -0.316619873046875
-0.122589111328125 0.0537796020507812 -0.07427978515625 -0.00316619873046874
0.1571044921875 0.063629150390625 0.0574188232421875 0.276138305664063
0.147933959960937 -0.135940551757813 0.15472412109375 0.239913940429688
-0.0322723388671875 -0.253875732421875 0.17474365234375 0.26507568359375
-0.2021484375 -0.159225463867187 0.283416748046875 0.29052734375
-0.211578369140625 -0.041168212890625 0.34088134765625 0.1888427734375
-0.209884643554687 -0.0647430419921875 0.30999755859375 0.147491455078125
-0.234954833984375 -0.07379150390625 0.29071044921875 0.15576171875
-0.154022216796875 -0.17425537109375 0.217926025390625 0.212600708007812
0.02691650390625 -0.235260009765625 0.11907958984375 0.1546630859375
0.203048706054687 -0.101226806640625 0.0843353271484375 0.00115203857421874
0.105789184570313 0.120964050292969 0.3223876953125 -0.156402587890625
-0.129898071289063 0.032012939453125 0.75732421875 -0.0826416015625
-0.113616943359375 -0.2994384765625 0.591552734375 0.09674072265625
0.39727783203125 0.2003173828125 -0.5130615234375 -0.076171875
0.29534912109375 -0.026702880859375 -0.83050537109375 0.0350952148437499
0.09405517578125 -0.155792236328125 -0.332427978515625 0.215789794921875
-0.0703125 -0.0455780029296875 -0.0370140075683594 0.0110588073730469
0.00479888916015624 0.0993881225585938 -0.0770721435546875 -0.20745849609375
0.148681640625 0.0560760498046875 -0.2525634765625 -0.244003295898437
0.117630004882813 -0.0585174560546875 -0.35400390625 -0.129425048828125
0.0878753662109375 -0.0536651611328125 -0.34112548828125 -0.0885925292968749
0.0937423706054688 -0.048797607421875 -0.370208740234375 -0.119842529296875
0.0881805419921875 0.0138015747070313 -0.337982177734375 -0.24468994140625
0.005615234375 0.0727310180664063 -0.23486328125 -0.275177001953125
-0.131362915039063 -0.00736236572265627 -0.154525756835938 -0.224685668945312
-0.0506134033203125 -0.195037841796875 -0.0584869384765625 -0.232101440429688
0.155364990234375 -0.217361450195312 -0.0361518859863281 -0.056549072265625
0.338531494140625 0.001251220703125 -0.42083740234375 0.231048583984375
0.5458984375 0.0770263671875 -0.400421142578125 -0.0398559570312499
0.43719482421875 -0.04766845703125 -0.8460693359375 0.00817871093749995
0.2890625 -0.223419189453125 -0.387664794921875 0.2945556640625
0.06414794921875 -0.177230834960938 -0.013580322265625 0.0778884887695312
0.0323257446289063 -0.0797195434570313 -0.052581787109375 -0.208572387695313
0.0741195678710937 -0.0817947387695312 -0.274093627929688 -0.231918334960937
-0.00344848632812501 -0.14105224609375 -0.369964599609375 -0.086578369140625
-0.042724609375 -0.144744873046875 -0.33160400390625 -0.04290771484375
-0.0587997436523437 -0.126419067382813 -0.359588623046875 -0.0784912109375
-0.0254364013671875 -0.113037109375 -0.32855224609375 -0.21527099609375
-0.0411453247070312 -0.106285095214844 -0.219024658203125 -0.285003662109375
-0.093414306640625 -0.178298950195313 -0.12969970703125 -0.237777709960937
0.069793701171875 -0.314453125 -0.036834716796875 -0.221832275390625
0.25262451171875 -0.307769775390625 -0.0343246459960937 -0.0670166015625
0.48138427734375 -0.15594482421875 -0.3360595703125 0.217193603515625
0.6224365234375 -0.1104736328125 -0.236953735351563 -0.0107421875000001
0.492767333984375 -0.14410400390625 -0.79632568359375 0.0180664062500001
0.40155029296875 -0.312225341796875 -0.406219482421875 0.395233154296875
0.166351318359375 -0.3145751953125 0.0123748779296875 0.177764892578125
0.04046630859375 -0.274459838867188 -0.0214996337890625 -0.15606689453125
-0.0298309326171875 -0.223892211914062 -0.256515502929688 -0.170394897460938
-0.139114379882813 -0.205322265625 -0.33123779296875 -0.0240173339843751
-0.169586181640625 -0.213470458984375 -0.272171020507812 0.010101318359375
-0.19561767578125 -0.186614990234375 -0.293182373046875 -0.0296630859375
-0.123580932617188 -0.223236083984375 -0.264190673828125 -0.162734985351563
-0.0759124755859375 -0.273834228515625 -0.172531127929688 -0.2705078125
-0.036346435546875 -0.34228515625 -0.0926971435546875 -0.248077392578125
0.212188720703125 -0.403778076171875 0.00883483886718753 -0.234237670898438
0.348663330078125 -0.34356689453125 0.0303878784179688 -0.111099243164063
0.56512451171875 -0.27032470703125 -0.188217163085938 0.177749633789062
0.599853515625 -0.3157958984375 -0.0506820678710937 -0.0259513854980469
0.443145751953125 -0.273345947265625 -0.6849365234375 0.0451660156249999
0.402984619140625 -0.393035888671875 -0.35235595703125 0.47998046875
0.198974609375 -0.420806884765625 0.06146240234375 0.267105102539063
0.0106201171875 -0.43719482421875 0.0245895385742188 -0.0667037963867188
-0.14910888671875 -0.33526611328125 -0.185409545898438 -0.06817626953125
-0.263946533203125 -0.236679077148438 -0.233749389648438 0.0469818115234375
-0.271575927734375 -0.248748779296875 -0.171554565429688 0.061370849609375
-0.294342041015625 -0.220367431640625 -0.185501098632813 0.0175628662109375
-0.188690185546875 -0.302276611328125 -0.161880493164063 -0.0962982177734375
-0.082550048828125 -0.39794921875 -0.09649658203125 -0.227935791015625
0.0450439453125 -0.4591064453125 -0.0372467041015625 -0.239837646484375
0.349761962890625 -0.42938232421875 0.0746307373046876 -0.250106811523438
0.416900634765625 -0.312530517578125 0.150650024414063 -0.170791625976563
0.57513427734375 -0.3302001953125 0.0020828247070313 0.130744934082031
0.4730224609375 -0.456207275390625 0.128997802734375 -0.0951309204101563
0.302398681640625 -0.339385986328125 -0.530303955078125 0.0623168945312499
0.32763671875 -0.3905029296875 -0.2340087890625 0.50494384765625
0.18212890625 -0.447540283203125 0.126861572265625 0.306915283203125
-0.03619384765625 -0.513946533203125 0.082244873046875 0.0307693481445312
-0.24847412109375 -0.380126953125 -0.0686416625976563 0.0484771728515625
-0.34820556640625 -0.227935791015625 -0.0880126953125 0.110923767089844
-0.33099365234375 -0.24603271484375 -0.042755126953125 0.103614807128906
-0.342742919921875 -0.22296142578125 -0.05523681640625 0.0614509582519531
-0.2120361328125 -0.333709716796875 -0.0421485900878906 -0.0184593200683594
-0.056640625 -0.453216552734375 -0.00775146484375 -0.152999877929688
0.142608642578125 -0.482574462890625 0.0275421142578125 -0.199737548828125
0.44073486328125 -0.352935791015625 0.152862548828125 -0.246414184570313
0.41204833984375 -0.2138671875 0.3079833984375 -0.213409423828125
0.494354248046875 -0.34344482421875 0.2059326171875 0.0936431884765625
0.264373779296875 -0.476043701171875 0.270904541015625 -0.19293212890625
0.12921142578125 -0.279098510742188 -0.356201171875 0.0514526367187499
0.249786376953125 -0.280319213867187 -0.094146728515625 0.455841064453125
0.164215087890625 -0.387237548828125 0.17376708984375 0.290374755859375
-0.064666748046875 -0.493682861328125 0.133110046386719 0.119071960449219
-0.29913330078125 -0.35302734375 0.068878173828125 0.153671264648437
-0.367523193359375 -0.18304443359375 0.07635498046875 0.156280517578125
-0.338836669921875 -0.208099365234375 0.0931472778320313 0.129348754882813
-0.3448486328125 -0.193145751953125 0.0772628784179687 0.097808837890625
-0.206573486328125 -0.31317138671875 0.0696296691894531 0.0634918212890625
-0.016937255859375 -0.43011474609375 0.0671730041503906 -0.0519828796386719
0.222076416015625 -0.406585693359375 0.0805892944335938 -0.129745483398438
0.433746337890625 -0.18963623046875 0.224258422851563 -0.214569091796875
0.305755615234375 -0.085662841796875 0.474700927734375 -0.21221923828125
0.328704833984375 -0.326507568359375 0.389312744140625 0.077178955078125
0.02783203125 -0.37322998046875 0.35693359375 -0.279541015625
-0.0162734985351562 -0.121231079101563 -0.195053100585938 0.025726318359375
0.2017822265625 -0.112762451171875 0.013092041015625 0.360198974609375
0.156875610351563 -0.27362060546875 0.180694580078125 0.251998901367188
-0.06640625 -0.39556884765625 0.16485595703125 0.193756103515625
-0.280532836914063 -0.266754150390625 0.1964111328125 0.231979370117187
-0.315155029296875 -0.112274169921875 0.229232788085937 0.176132202148438
-0.294952392578125 -0.1397705078125 0.2144775390625 0.138290405273438
-0.3043212890625 -0.1346435546875 0.1939697265625 0.124038696289062
-0.184906005859375 -0.252212524414063 0.158935546875 0.138580322265625
0.011810302734375 -0.3472900390625 0.112533569335938 0.0553512573242187
0.243408203125 -0.263885498046875 0.0981521606445313 -0.0502395629882813
0.312164306640625 -0.01055908203125 0.270370483398438 -0.174072265625
0.109466552734375 0.0126113891601563 0.62322998046875 -0.16754150390625
0.10693359375 -0.307769775390625 0.51873779296875 0.07855224609375
-0.195602416992188 -0.193832397460938 0.382476806640625 -0.3277587890625
-0.118438720703125 0.05792236328125 -0.0751419067382813 1.52587890625109E-05
0.157272338867188 0.0522918701171875 0.06451416015625 0.264923095703125
0.140190124511719 -0.138557434082031 0.15582275390625 0.226760864257812
-0.045440673828125 -0.245452880859375 0.179153442382812 0.254745483398438
-0.206375122070313 -0.145751953125 0.290313720703125 0.274627685546875
-0.208587646484375 -0.0296630859375 0.3387451171875 0.170074462890625
-0.208145141601563 -0.0518035888671875 0.3040771484375 0.12890625
-0.232528686523438 -0.0567169189453125 0.287384033203125 0.13543701171875
-0.15838623046875 -0.161407470703125 0.224594116210938 0.194259643554688
0.0157470703125 -0.232040405273437 0.125991821289063 0.146438598632812
0.194961547851563 -0.108871459960938 0.0823898315429688 0.00273132324218749
0.108634948730469 0.115074157714844 0.30352783203125 -0.158477783203125
-0.123039245605469 0.0388107299804687 0.73492431640625 -0.107421875
-0.12652587890625 -0.288360595703125 0.57843017578125 0.076904296875
0.3978271484375 0.1873779296875 -0.50390625 -0.06866455078125
0.29083251953125 -0.03125 -0.8140869140625 0.0497436523437501
0.0877227783203125 -0.153396606445313 -0.32208251953125 0.213897705078125
-0.071441650390625 -0.039215087890625 -0.03729248046875 0.00743103027343749
0.00913238525390624 0.0985183715820313 -0.08416748046875 -0.203384399414063
0.151199340820312 0.0471649169921875 -0.259429931640625 -0.23101806640625
0.114151000976563 -0.0630035400390625 -0.35089111328125 -0.115478515625
0.0851364135742188 -0.0565109252929688 -0.33203125 -0.0783996582031251
0.0906982421875 -0.0539321899414063 -0.360687255859375 -0.10931396484375
0.0891265869140625 0.00872039794921875 -0.33544921875 -0.23382568359375
0.0097198486328125 0.0708770751953125 -0.23834228515625 -0.268096923828125
-0.128631591796875 -0.00254821777343749 -0.151763916015625 -0.217193603515625
-0.053924560546875 -0.190948486328125 -0.0597076416015625 -0.225234985351563
0.1466064453125 -0.215362548828125 -0.035736083984375 -0.0525894165039063
0.33489990234375 -0.007110595703125 -0.402984619140625 0.236785888671875
0.5401611328125 0.064361572265625 -0.3907470703125 -0.035369873046875
0.428436279296875 -0.0546875 -0.8289794921875 0.0218505859375002
0.278091430664063 -0.223770141601563 -0.37408447265625 0.294464111328125
0.0585479736328125 -0.171279907226563 -0.0125808715820312 0.0737152099609375
0.0332717895507813 -0.0774993896484375 -0.060546875 -0.205062866210938
0.0757522583007813 -0.0856704711914063 -0.280380249023437 -0.218048095703125
-0.00665283203124999 -0.140670776367188 -0.36578369140625 -0.0718994140625
-0.0462799072265625 -0.141433715820313 -0.322265625 -0.03314208984375
-0.0615997314453125 -0.12530517578125 -0.35009765625 -0.0685424804687499
-0.0251617431640625 -0.112342834472656 -0.325958251953125 -0.203857421875
-0.0405731201171875 -0.103752136230469 -0.222915649414063 -0.277877807617187
-0.0953369140625 -0.171859741210938 -0.128829956054688 -0.230453491210937
0.061004638671875 -0.3106689453125 -0.0394287109375 -0.214263916015625
0.24212646484375 -0.304779052734375 -0.0339279174804687 -0.0624656677246094
0.470703125 -0.1658935546875 -0.31988525390625 0.220550537109375
0.60980224609375 -0.122802734375 -0.230331420898437 -0.0104522705078125
0.480682373046875 -0.150299072265625 -0.78173828125 0.0309448242187501
0.386749267578125 -0.3138427734375 -0.392333984375 0.39599609375
0.158233642578125 -0.30780029296875 0.0139923095703125 0.171646118164062
0.0358123779296875 -0.268798828125 -0.0282745361328125 -0.154037475585938
-0.0298309326171875 -0.22174072265625 -0.260467529296875 -0.157943725585938
-0.141265869140625 -0.200119018554687 -0.32623291015625 -0.0124206542968751
-0.17181396484375 -0.204879760742188 -0.264602661132812 0.0184326171875
-0.1959228515625 -0.178955078125 -0.28533935546875 -0.0213012695312501
-0.123611450195313 -0.217575073242188 -0.261215209960937 -0.155319213867188
-0.079376220703125 -0.266891479492188 -0.176437377929688 -0.264236450195312
-0.042816162109375 -0.334625244140625 -0.0919036865234375 -0.240264892578125
0.198272705078125 -0.401214599609375 0.00375366210937499 -0.226516723632813
0.3372802734375 -0.341796875 0.028900146484375 -0.105636596679688
0.550537109375 -0.27899169921875 -0.1761474609375 0.179092407226562
0.5814208984375 -0.32281494140625 -0.0475616455078125 -0.0288429260253907
0.4276123046875 -0.27777099609375 -0.67327880859375 0.0578002929687499
0.386138916015625 -0.39306640625 -0.3406982421875 0.47869873046875
0.18878173828125 -0.414154052734375 0.0632171630859375 0.259201049804688
0.00289916992187495 -0.42791748046875 0.0186119079589844 -0.0665321350097657
-0.15087890625 -0.326934814453125 -0.187530517578125 -0.0595703125
-0.264739990234375 -0.226791381835937 -0.229568481445313 0.05511474609375
-0.272659301757813 -0.235885620117187 -0.16595458984375 0.0677032470703125
-0.29241943359375 -0.208282470703125 -0.179473876953125 0.02459716796875
-0.187896728515625 -0.292694091796875 -0.158279418945313 -0.0924224853515625
-0.08929443359375 -0.3896484375 -0.101242065429688 -0.2239990234375
0.035614013671875 -0.45111083984375 -0.0377960205078125 -0.23187255859375
0.333038330078125 -0.4293212890625 0.0684356689453125 -0.24163818359375
0.405670166015625 -0.3115234375 0.145126342773438 -0.167526245117188
0.55712890625 -0.338409423828125 0.00907135009765629 0.12939453125
0.45123291015625 -0.46026611328125 0.125762939453125 -0.100227355957031
0.287628173828125 -0.339752197265625 -0.521636962890625 0.0700683593749999
0.313385009765625 -0.392364501953125 -0.222869873046875 0.501190185546875
0.17266845703125 -0.44317626953125 0.126739501953125 0.297454833984375
-0.047210693359375 -0.503936767578125 0.0776443481445313 0.0291595458984375
-0.25238037109375 -0.367584228515625 -0.0689582824707031 0.0527763366699218
-0.34759521484375 -0.2152099609375 -0.0860824584960938 0.113792419433594
-0.331878662109375 -0.230682373046875 -0.0411148071289063 0.104896545410156
-0.340850830078125 -0.207855224609375 -0.0520515441894531 0.0635871887207031
-0.214019775390625 -0.32159423828125 -0.0394439697265625 -0.0192909240722657
-0.065521240234375 -0.442779541015625 -0.0114898681640625 -0.152069091796875
0.131256103515625 -0.478240966796875 0.0264129638671875 -0.193023681640625
0.423675537109375 -0.355987548828125 0.144241333007813 -0.238311767578125
0.404296875 -0.2171630859375 0.297760009765625 -0.21307373046875
0.475677490234375 -0.347015380859375 0.207427978515625 0.0894775390625
0.2481689453125 -0.474945068359375 0.261566162109375 -0.198577880859375
0.119186401367188 -0.276077270507813 -0.351715087890625 0.0567932128906249
0.2392578125 -0.28289794921875 -0.085479736328125 0.450103759765625
0.156707763671875 -0.383026123046875 0.171768188476563 0.280487060546875
-0.0770263671875 -0.4825439453125 0.129859924316406 0.115730285644531
-0.302276611328125 -0.338531494140625 0.070556640625 0.153060913085937
-0.365966796875 -0.170501708984375 0.076507568359375 0.154312133789062
-0.339385986328125 -0.194488525390625 0.0911407470703125 0.127342224121094
-0.341461181640625 -0.17724609375 0.0764312744140625 0.09539794921875
-0.2083740234375 -0.300262451171875 0.0718307495117187 0.057952880859375
-0.026031494140625 -0.420867919921875 0.0658187866210938 -0.0543708801269532
0.209716796875 -0.40447998046875 0.07916259765625 -0.124664306640625
0.419952392578125 -0.19671630859375 0.213958740234375 -0.206832885742188
0.301727294921875 -0.08685302734375 0.4609375 -0.21551513671875
0.31201171875 -0.32861328125 0.385894775390625 0.072052001953125
0.016632080078125 -0.367340087890625 0.342315673828125 -0.28521728515625
-0.0201187133789063 -0.117630004882812 -0.194122314453125 0.0290069580078125
0.195266723632813 -0.11798095703125 0.01678466796875 0.353057861328125
0.150924682617188 -0.27349853515625 0.177780151367188 0.2430419921875
-0.076934814453125 -0.38653564453125 0.163864135742188 0.189544677734375
-0.284027099609375 -0.253326416015625 0.199386596679688 0.226516723632812
-0.31427001953125 -0.100677490234375 0.226470947265625 0.169219970703125
-0.293731689453125 -0.128021240234375 0.208984375 0.131301879882813
-0.30084228515625 -0.121002197265625 0.19085693359375 0.116409301757812
-0.186752319335937 -0.240890502929688 0.161148071289063 0.128768920898437
0.00308227539062498 -0.341461181640625 0.113677978515625 0.0512313842773437
0.233688354492188 -0.265655517578125 0.0972213745117188 -0.0470046997070313
0.30615234375 -0.016265869140625 0.259353637695313 -0.168350219726563
0.110710144042969 0.0129623413085938 0.6051025390625 -0.17413330078125
0.093658447265625 -0.306121826171875 0.5130615234375 0.07244873046875
-0.198455810546875 -0.186370849609375 0.364898681640625 -0.331146240234375
-0.116264343261719 0.0601272583007812 -0.0763015747070313 0.000953674316406254
0.155776977539063 0.044830322265625 0.066619873046875 0.256942749023438
0.136299133300781 -0.139968872070313 0.152694702148438 0.219589233398438
-0.0536956787109375 -0.238876342773438 0.180496215820313 0.249786376953125
-0.209304809570313 -0.135848999023437 0.29278564453125 0.2646484375
-0.206787109375 -0.022186279296875 0.335357666015625 0.15972900390625
-0.206710815429688 -0.0429229736328125 0.29681396484375 0.11895751953125
-0.229324340820313 -0.0456695556640625 0.282318115234375 0.12396240234375
-0.15948486328125 -0.1531982421875 0.22802734375 0.18182373046875
0.00952148437499999 -0.228652954101562 0.130508422851563 0.140579223632813
0.189804077148438 -0.112686157226563 0.0819625854492188 0.00585937499999999
0.109909057617188 0.111961364746094 0.291351318359375 -0.154144287109375
-0.117835998535156 0.0427017211914063 0.71588134765625 -0.11956787109375
-0.134796142578125 -0.281494140625 0.5693359375 0.06964111328125
0.402679443359375 0.180633544921875 -0.50250244140625 -0.066314697265625
0.2918701171875 -0.03472900390625 -0.81414794921875 0.05499267578125
0.0849609375 -0.15411376953125 -0.3199462890625 0.214691162109375
-0.0735244750976563 -0.0348052978515625 -0.0383720397949219 0.00366973876953124
0.0131378173828125 0.09979248046875 -0.0914154052734375 -0.203536987304688
0.155532836914063 0.0393829345703125 -0.268585205078125 -0.222900390625
0.113594055175781 -0.067962646484375 -0.352783203125 -0.10552978515625
0.0844345092773437 -0.0593414306640625 -0.328521728515625 -0.07244873046875
0.088653564453125 -0.0590744018554688 -0.356719970703125 -0.105255126953125
0.0911483764648438 0.00470733642578125 -0.339508056640625 -0.229095458984375
0.0129318237304688 0.0703125 -0.243759155273438 -0.267105102539063
-0.129409790039063 0.00170898437500002 -0.150985717773438 -0.215545654296875
-0.0565032958984375 -0.19085693359375 -0.060943603515625 -0.22393798828125
0.142654418945312 -0.215927124023437 -0.0352973937988281 -0.0494842529296875
0.339263916015625 -0.013671875 -0.39520263671875 0.241912841796875
0.542633056640625 0.0540771484375 -0.38958740234375 -0.03533935546875
0.4285888671875 -0.059661865234375 -0.8287353515625 0.0304565429687499
0.273635864257813 -0.226913452148438 -0.37158203125 0.297760009765625
0.0565948486328125 -0.167770385742188 -0.0125961303710938 0.0701065063476563
0.0347137451171875 -0.0761947631835938 -0.067230224609375 -0.206451416015625
0.0784072875976563 -0.0909500122070313 -0.2890625 -0.210845947265625
-0.00831604003906251 -0.143524169921875 -0.366424560546875 -0.062774658203125
-0.0486602783203125 -0.14166259765625 -0.319244384765625 -0.0261840820312501
-0.064056396484375 -0.126808166503906 -0.34613037109375 -0.0626220703125
-0.0243606567382813 -0.114349365234375 -0.327178955078125 -0.199310302734375
-0.0402450561523437 -0.104179382324219 -0.22918701171875 -0.277633666992188
-0.0973968505859375 -0.169204711914063 -0.127532958984375 -0.22821044921875
0.056365966796875 -0.31134033203125 -0.04071044921875 -0.211273193359375
0.237701416015625 -0.307220458984375 -0.0328178405761718 -0.0584945678710938
0.4725341796875 -0.174285888671875 -0.31158447265625 0.224517822265625
0.608642578125 -0.13189697265625 -0.227310180664063 -0.011688232421875
0.47869873046875 -0.1549072265625 -0.78369140625 0.0381469726562501
0.381927490234375 -0.318115234375 -0.39105224609375 0.399749755859375
0.155548095703125 -0.306304931640625 0.0148162841796875 0.169158935546875
0.0349273681640625 -0.267990112304688 -0.0348052978515625 -0.155319213867188
-0.0293426513671875 -0.224929809570312 -0.2677001953125 -0.15045166015625
-0.1444091796875 -0.198883056640625 -0.326629638671875 -0.00320434570312503
-0.176559448242187 -0.202011108398438 -0.26165771484375 0.02532958984375
-0.198959350585938 -0.176925659179687 -0.280838012695313 -0.0150299072265625
-0.124664306640625 -0.2174072265625 -0.26153564453125 -0.152572631835938
-0.0819244384765625 -0.266510009765625 -0.183181762695312 -0.264389038085938
-0.046722412109375 -0.333038330078125 -0.091033935546875 -0.238021850585938
0.1912841796875 -0.405059814453125 0.00251770019531252 -0.221954345703125
0.33416748046875 -0.3441162109375 0.0292129516601563 -0.103057861328125
0.548065185546875 -0.290008544921875 -0.16851806640625 0.1807861328125
0.5771484375 -0.33233642578125 -0.0458908081054687 -0.0329170227050782
0.42266845703125 -0.28314208984375 -0.67572021484375 0.06231689453125
0.379669189453125 -0.3995361328125 -0.3358154296875 0.483856201171875
0.18646240234375 -0.41436767578125 0.0638427734375 0.256927490234375
-0.00231933593749999 -0.426727294921875 0.0138664245605469 -0.0677413940429688
-0.1529541015625 -0.32696533203125 -0.191513061523438 -0.0534210205078125
-0.26885986328125 -0.223007202148437 -0.23046875 0.062347412109375
-0.277328491210937 -0.229873657226563 -0.163955688476563 0.0732421875
-0.295013427734375 -0.2021484375 -0.176620483398438 0.029144287109375
-0.19000244140625 -0.289947509765625 -0.15802001953125 -0.0918426513671875
-0.09417724609375 -0.388671875 -0.106109619140625 -0.225006103515625
0.0299072265625 -0.451812744140625 -0.037017822265625 -0.229644775390625
0.325531005859375 -0.43402099609375 0.066375732421875 -0.23675537109375
0.403717041015625 -0.316375732421875 0.143997192382813 -0.165557861328125
0.552001953125 -0.34710693359375 0.0156097412109375 0.129608154296875
0.44366455078125 -0.4696044921875 0.125541687011719 -0.106605529785156
0.28082275390625 -0.34393310546875 -0.523773193359375 0.0755004882812501
0.305633544921875 -0.39739990234375 -0.218719482421875 0.505615234375
0.169403076171875 -0.44366455078125 0.12701416015625 0.29498291015625
-0.055023193359375 -0.50164794921875 0.0741500854492187 0.0281753540039062
-0.2574462890625 -0.36505126953125 -0.0697097778320313 0.0569725036621094
-0.35321044921875 -0.20806884765625 -0.0871047973632813 0.119354248046875
-0.3372802734375 -0.2239990234375 -0.0404205322265625 0.108963012695312
-0.34375 -0.199127197265625 -0.050384521484375 0.0667533874511719
-0.214996337890625 -0.318756103515625 -0.0380630493164063 -0.0209159851074219
-0.072052001953125 -0.442230224609375 -0.0146026611328125 -0.153884887695313
0.1263427734375 -0.480743408203125 0.0283966064453125 -0.190673828125
0.417572021484375 -0.36138916015625 0.142059326171875 -0.232254028320313
0.405303955078125 -0.21807861328125 0.295745849609375 -0.211700439453125
0.46917724609375 -0.356170654296875 0.212905883789063 0.088897705078125
0.23828125 -0.4793701171875 0.25775146484375 -0.20574951171875
0.112991333007813 -0.277099609375 -0.355133056640625 0.0610351562499999
0.234100341796875 -0.28717041015625 -0.08251953125 0.450439453125
0.154296875 -0.38653564453125 0.17083740234375 0.278060913085938
-0.0867004394531251 -0.481842041015625 0.12933349609375 0.114997863769531
-0.308624267578125 -0.333251953125 0.0734710693359375 0.154800415039062
-0.369903564453125 -0.16278076171875 0.0761566162109375 0.156097412109375
-0.343017578125 -0.1845703125 0.090087890625 0.128677368164063
-0.3419189453125 -0.168060302734375 0.0774154663085937 0.0954360961914062
-0.210601806640625 -0.297637939453125 0.0741958618164062 0.0536880493164062
-0.033050537109375 -0.419891357421875 0.0654640197753906 -0.0573081970214844
0.2042236328125 -0.40667724609375 0.081329345703125 -0.122123718261719
0.416656494140625 -0.2022705078125 0.210464477539063 -0.201309204101563
0.30364990234375 -0.088348388671875 0.457427978515625 -0.217071533203125
0.30364990234375 -0.33319091796875 0.38934326171875 0.070770263671875
0.00988769531249997 -0.367889404296875 0.336151123046875 -0.29241943359375
-0.0238876342773437 -0.116325378417969 -0.19696044921875 0.0312347412109375
0.193344116210937 -0.123214721679688 0.018798828125 0.35186767578125
0.149566650390625 -0.276809692382813 0.176406860351563 0.240982055664062
-0.085845947265625 -0.3839111328125 0.165374755859375 0.189559936523437
-0.290191650390625 -0.247283935546875 0.205001831054687 0.225433349609375
-0.316253662109375 -0.093597412109375 0.22662353515625 0.167495727539063
-0.297332763671875 -0.12005615234375 0.207778930664062 0.130050659179688
-0.301849365234375 -0.111358642578125 0.190841674804687 0.113433837890625
-0.19000244140625 -0.237045288085938 0.16473388671875 0.122695922851563
-0.002197265625 -0.34130859375 0.116165161132813 0.0485305786132812
0.230560302734375 -0.269882202148438 0.0985183715820313 -0.04364013671875
0.306427001953125 -0.019775390625 0.254974365234375 -0.16302490234375
0.113800048828125 0.0132598876953125 0.59991455078125 -0.1802978515625
0.08502197265625 -0.306976318359375 0.5150146484375 0.07110595703125
-0.201980590820313 -0.182525634765625 0.35626220703125 -0.337921142578125
-0.116630554199219 0.0632400512695313 -0.0787353515625 0.00183868408203124
0.156845092773438 0.0405426025390625 0.0671539306640625 0.255661010742187
0.135711669921875 -0.143280029296875 0.151153564453125 0.217559814453125
-0.060577392578125 -0.237701416015625 0.184219360351562 0.25067138671875
-0.214401245117188 -0.129684448242188 0.301483154296875 0.262664794921875
-0.207748413085938 -0.0164794921875 0.335418701171875 0.155426025390625
-0.20782470703125 -0.0372161865234375 0.294189453125 0.114715576171875
-0.229156494140625 -0.0383148193359375 0.28240966796875 0.11724853515625
-0.162796020507812 -0.14910888671875 0.2333984375 0.174667358398438
0.00491333007812501 -0.22967529296875 0.135818481445313 0.138542175292969
0.189102172851563 -0.117584228515625 0.0832672119140625 0.00942230224609374
0.113105773925781 0.111305236816406 0.287689208984375 -0.150543212890625
-0.113967895507813 0.0454483032226562 0.71282958984375 -0.12469482421875
-0.142242431640625 -0.279815673828125 0.5701904296875 0.06890869140625
0.4163818359375 0.170928955078125 -0.5128173828125 -0.0613403320312499
0.29638671875 -0.042755126953125 -0.82489013671875 0.0745849609374999
0.0814971923828125 -0.158645629882813 -0.321533203125 0.222991943359375
-0.0764083862304688 -0.029937744140625 -0.0405426025390625 0.00063705444335938
0.0188369750976562 0.102455139160156 -0.102554321289063 -0.2056884765625
0.161407470703125 0.03125 -0.283721923828125 -0.21453857421875
0.112411499023438 -0.0754165649414063 -0.360687255859375 -0.093048095703125
0.0842514038085938 -0.064208984375 -0.3321533203125 -0.064208984375
0.0866851806640625 -0.0660476684570313 -0.36083984375 -0.09912109375
0.0941848754882813 -0.00018310546875 -0.3497314453125 -0.225341796875
0.0173873901367188 0.0703506469726563 -0.2569580078125 -0.266311645507813
-0.132072448730469 0.00740814208984377 -0.155593872070313 -0.216567993164063
-0.0634765625 -0.193374633789063 -0.065399169921875 -0.225662231445313
0.138839721679687 -0.220993041992187 -0.0352439880371094 -0.0473365783691406
0.34869384765625 -0.024017333984375 -0.391357421875 0.2547607421875
0.553924560546875 0.040679931640625 -0.394256591796875 -0.03131103515625
0.43377685546875 -0.071258544921875 -0.84271240234375 0.0484619140625001
0.271148681640625 -0.23748779296875 -0.3719482421875 0.310455322265625
0.0533599853515625 -0.168319702148438 -0.0128898620605469 0.0683364868164062
0.0359039306640625 -0.0766525268554688 -0.0780792236328125 -0.209823608398438
0.0805282592773438 -0.09918212890625 -0.3040771484375 -0.201416015625
-0.0130767822265625 -0.14825439453125 -0.373931884765625 -0.048828125
-0.0539703369140625 -0.142532348632813 -0.32177734375 -0.01641845703125
-0.0700912475585937 -0.128807067871094 -0.34942626953125 -0.053802490234375
-0.0259017944335938 -0.117996215820313 -0.337249755859375 -0.194122314453125
-0.0422821044921875 -0.105361938476563 -0.242752075195313 -0.277557373046875
-0.10357666015625 -0.167205810546875 -0.131515502929688 -0.229568481445313
0.0482177734375 -0.318389892578125 -0.0446624755859375 -0.211410522460938
0.234649658203125 -0.31573486328125 -0.0329513549804687 -0.0550346374511719
0.477508544921875 -0.19110107421875 -0.306488037109375 0.23565673828125
0.61456298828125 -0.15106201171875 -0.229019165039062 -0.012786865234375
0.4818115234375 -0.1678466796875 -0.79541015625 0.056396484375
0.377838134765625 -0.334625244140625 -0.38751220703125 0.417144775390625
0.1514892578125 -0.312225341796875 0.0170440673828125 0.169525146484375
0.0307769775390625 -0.271286010742188 -0.043914794921875 -0.159210205078125
-0.0325469970703125 -0.231826782226563 -0.28021240234375 -0.141616821289063
-0.15252685546875 -0.199737548828125 -0.3326416015625 0.0112304687500001
-0.185592651367188 -0.199371337890625 -0.2626953125 0.0360260009765625
-0.207916259765625 -0.174530029296875 -0.281494140625 -0.006591796875
-0.130172729492187 -0.220138549804688 -0.268890380859375 -0.149139404296875
-0.089569091796875 -0.268386840820313 -0.19580078125 -0.266067504882813
-0.056121826171875 -0.33648681640625 -0.0943145751953125 -0.239395141601563
0.182373046875 -0.41644287109375 -0.00039672851562499 -0.2220458984375
0.333343505859375 -0.355682373046875 0.0293197631835938 -0.102043151855469
0.551177978515625 -0.309906005859375 -0.162399291992187 0.187332153320312
0.5758056640625 -0.35400390625 -0.0457916259765625 -0.0378303527832032
0.4208984375 -0.29608154296875 -0.6864013671875 0.0778808593750001
0.374359130859375 -0.415618896484375 -0.333282470703125 0.501922607421875
0.181671142578125 -0.42608642578125 0.0695037841796875 0.25860595703125
-0.012908935546875 -0.433258056640625 0.00800323486328124 -0.0709915161132813
-0.161224365234375 -0.330078125 -0.199371337890625 -0.0454864501953125
-0.280532836914062 -0.218460083007813 -0.234329223632813 0.0746307373046875
-0.28948974609375 -0.2235107421875 -0.163604736328125 0.0823974609375
-0.305419921875 -0.196044921875 -0.175247192382813 0.0362396240234375
-0.19830322265625 -0.291015625 -0.161300659179688 -0.09063720703125
-0.104949951171875 -0.39208984375 -0.115707397460938 -0.2276611328125
0.019683837890625 -0.46063232421875 -0.038299560546875 -0.231521606445313
0.31829833984375 -0.44903564453125 0.063934326171875 -0.2359619140625
0.40557861328125 -0.3294677734375 0.143753051757813 -0.167999267578125
0.55181884765625 -0.368255615234375 0.0233917236328125 0.131782531738281
0.436004638671875 -0.487518310546875 0.125755310058594 -0.116294860839844
0.27423095703125 -0.354583740234375 -0.534423828125 0.0874938964843749
0.29937744140625 -0.41229248046875 -0.21185302734375 0.521148681640625
0.16497802734375 -0.45599365234375 0.133697509765625 0.29620361328125
-0.0703125 -0.507476806640625 0.0722579956054688 0.025909423828125
-0.27020263671875 -0.3648681640625 -0.07110595703125 0.06231689453125
-0.365570068359375 -0.200042724609375 -0.0879669189453126 0.127510070800781
-0.35003662109375 -0.2139892578125 -0.038116455078125 0.116127014160156
-0.352569580078125 -0.18951416015625 -0.0470733642578125 0.071441650390625
-0.225311279296875 -0.318206787109375 -0.0378875732421875 -0.0223922729492188
-0.085357666015625 -0.447052001953125 -0.02032470703125 -0.15765380859375
0.115631103515625 -0.491485595703125 0.0289459228515625 -0.192916870117188
0.41253662109375 -0.378448486328125 0.14031982421875 -0.232330322265625
0.408599853515625 -0.2310791015625 0.29571533203125 -0.219268798828125
0.4654541015625 -0.373138427734375 0.222885131835938 0.0871429443359375
0.227935791015625 -0.495147705078125 0.255599975585938 -0.219985961914063
0.104949951171875 -0.28265380859375 -0.362335205078125 0.0708618164062499
0.228729248046875 -0.299346923828125 -0.0759887695312499 0.46319580078125
0.14990234375 -0.397430419921875 0.17645263671875 0.279144287109375
-0.102508544921875 -0.48602294921875 0.131187438964844 0.114212036132812
-0.322998046875 -0.3304443359375 0.0785675048828125 0.157012939453125
-0.38037109375 -0.151336669921875 0.0780487060546875 0.159942626953125
-0.355621337890625 -0.1748046875 0.0929489135742187 0.132026672363281
-0.352691650390625 -0.156494140625 0.0812606811523437 0.096405029296875
-0.22052001953125 -0.296722412109375 0.077880859375 0.0495147705078125
-0.044342041015625 -0.425018310546875 0.0643424987792969 -0.0610084533691406
0.198760986328125 -0.420318603515625 0.0833740234375 -0.123100280761719
0.4173583984375 -0.21588134765625 0.20941162109375 -0.201141357421875
0.309478759765625 -0.096038818359375 0.45684814453125 -0.228057861328125
0.2958984375 -0.347137451171875 0.401153564453125 0.06622314453125
-0.00247192382812498 -0.374755859375 0.33184814453125 -0.30859375
-0.029205322265625 -0.1158447265625 -0.202835083007813 0.0371246337890625
0.192886352539063 -0.131271362304688 0.02557373046875 0.35845947265625
0.146942138671875 -0.28680419921875 0.18011474609375 0.241226196289063
-0.10125732421875 -0.387420654296875 0.171493530273438 0.190017700195313
-0.303802490234375 -0.241485595703125 0.216354370117187 0.224777221679687
-0.32525634765625 -0.0831604003906251 0.232192993164062 0.166702270507813
-0.305999755859375 -0.1102294921875 0.211563110351562 0.129470825195313
-0.30859375 -0.1004638671875 0.195281982421875 0.110153198242188
-0.19903564453125 -0.234512329101563 0.172866821289062 0.116287231445312
-0.012298583984375 -0.346649169921875 0.120262145996094 0.0449371337890625
0.2279052734375 -0.281524658203125 0.102333068847656 -0.0431289672851563
0.311248779296875 -0.027313232421875 0.25494384765625 -0.163009643554688
0.118743896484375 0.0119705200195312 0.60284423828125 -0.19482421875
0.073699951171875 -0.31402587890625 0.52728271484375 0.066009521484375
-0.211212158203125 -0.179931640625 0.352294921875 -0.355499267578125
-0.118087768554688 0.0691757202148438 -0.083160400390625 0.00350189208984375
0.160751342773438 0.03533935546875 0.0717010498046875 0.2578125
0.135848999023438 -0.150985717773438 0.154373168945313 0.2183837890625
-0.071380615234375 -0.238540649414063 0.194732666015625 0.252548217773437
-0.223602294921875 -0.122726440429688 0.3165283203125 0.258758544921875
-0.211471557617188 -0.00813293457031248 0.343353271484375 0.149444580078125
-0.212966918945313 -0.028900146484375 0.298309326171875 0.10906982421875
-0.233108520507813 -0.0283966064453125 0.288116455078125 0.1102294921875
-0.169906616210937 -0.145797729492188 0.243408203125 0.167190551757813
-0.00205993652343748 -0.23468017578125 0.144180297851563 0.13690185546875
0.18963623046875 -0.1263427734375 0.086181640625 0.011993408203125
0.119796752929688 0.110954284667969 0.286865234375 -0.1519775390625
-0.111961364746094 0.0497894287109375 0.71856689453125 -0.1431884765625
-0.15667724609375 -0.280929565429688 0.5819091796875 0.06390380859375
-0.0263562376398133 -0.430261047790553 -0.29618135230145 -0.437808142210319
-0.150205158492214 -0.241237225891671 -0.514606142377308 -0.686839646495128
-0.157648827422254 -0.00141302765506473 -0.353740453013315 -0.146325848672166
0.0367023347921857 0.0845895554376446 -0.00192178452632536 -0.0578464660300862
0.0734471384075078 -0.0738755346118446 0.1134396105232 -0.217307621282726
-0.0578385088037882 -0.115814827912471 0.0429627208021044 -0.331790277671499
-0.108545288112281 -0.0528203595217243 -0.0535377528519956 -0.35075335841096
-0.0786387637066023 -0.0173241387950127 -0.0963427393850386 -0.337214594205566
-0.0870988376570997 -0.0184879932077958 -0.0597594856189817 -0.365096636848417
-0.042431815818914 -0.0663871473228739 0.0129989793779884 -0.397972171117521
0.0485609390883498 -0.0478797990877333 0.109889449698817 -0.380367398561678
0.099702247306378 0.119205685990855 0.140401062689194 -0.264473140964111
-0.0821646976246218 0.200414167131989 0.169935607244335 -0.170838048240398
-0.245531307881095 0.030022423965236 0.0198772709364899 -0.0221469492637833
-0.180570831292249 -0.272989121095557 -0.463922095468577 -0.138987210338863
-0.21992304425861 -0.472542875140853 -0.247187367492551 -0.29021141830739
-0.258173310219752 -0.333125244066337 -0.512780392084902 -0.692361008744035
-0.334182287264827 -0.122397518612251 -0.469116064567758 -0.0945229751615896
-0.179642918669757 0.0658913163553332 -0.0293473519658421 0.0545282117836054
-0.0713274801148767 0.0468267929471005 0.158915692494642 -0.190168885800113
-0.103530746443359 0.0275695015508409 0.0459277653189643 -0.347157536600631
-0.104950631278953 0.0954146778811423 -0.0767220011998987 -0.351250900948902
-0.0464598284350372 0.128882935516864 -0.126267521375661 -0.312632518222752
-0.0486256242210504 0.14939263175355 -0.0783306086832919 -0.339699951444138
-0.0570284723807411 0.103331276108697 0.0189427776973665 -0.368773052142229
-0.0404165439157738 0.117650512789965 0.150829013402028 -0.360223448399376
-0.0708800622041597 0.205782769790553 0.180454224671546 -0.223660595484367
-0.24814052345732 0.215518101195688 0.170433440232233 -0.127160142554559
-0.375994425058826 0.0132063869652514 0.0222904122407022 -0.00894170638641612
-0.378649453548263 -0.287114866150147 -0.409585378138953 -0.0694139308572636
-0.425514541298107 -0.416843695376227 -0.147970639662175 -0.112276122591171
-0.371269257820507 -0.308914466718996 -0.488007275683271 -0.625210722194606
-0.48022668040302 -0.165294907430058 -0.570678613807756 -0.0141193636322152
-0.379188425163433 0.0757806505023011 -0.0804302385720397 0.1783196836481
-0.212939514234097 0.191321639722716 0.162069705121553 -0.12461702019099
-0.133496901686038 0.19173679004848 0.0306929843146126 -0.306481079972552
-0.0776937840914347 0.242830756690465 -0.0960664605922607 -0.299763543616141
-0.00575405254513242 0.256985384838628 -0.138182938267428 -0.240355199897743
-0.00921638115964064 0.288608978014622 -0.0794395551303163 -0.263756533445495
-0.0734156150059519 0.249847960408821 0.0341789482825658 -0.286828424660259
-0.129797379617557 0.263939905255314 0.185356962897291 -0.297797757445822
-0.248223647242094 0.271318823418489 0.220185952348029 -0.167166440729356
-0.414149106560371 0.196501621177289 0.200402861627149 -0.0781924571710845
-0.468745106692395 -0.035882570883751 0.0852007312156411 0.030774835450216
-0.51143303169328 -0.279545333636746 -0.293596748761504 0.0250297064178665
-0.588756270939949 -0.269365509946705 0.00796854072372727 0.0420662542095617
-0.44643840459748 -0.175534434427921 -0.426102854187531 -0.505591666095269
-0.555983507242377 -0.117750409690822 -0.603028474126306 0.0926107170818538
-0.505573393320309 0.124379170405325 -0.109802805265426 0.293036061539593
-0.304086952329577 0.335197289349524 0.135823472599891 -0.0279214910984065
-0.131484966462784 0.342007452398215 0.00416594916885678 -0.203350803934912
-0.0295033727145546 0.362679098546282 -0.102504660850198 -0.194960009220902
0.0371612059682608 0.345227032345254 -0.129791009211974 -0.13066028035946
0.0241249377398941 0.3790648842629 -0.064890074546689 -0.152523200244756
-0.0905987973354206 0.348061728085273 0.0508905088727807 -0.165404160232724
-0.212713364443036 0.356093617106791 0.203101704600081 -0.192936165385966
-0.404308764184451 0.282788572955828 0.243216087576631 -0.0873357132959973
-0.538622496911187 0.129715740555413 0.240350621805449 -0.019413716176548
-0.498944998692294 -0.102972380263223 0.190580141113223 0.097235217937049
-0.563128802849276 -0.246449358944565 -0.139998745852243 0.139473590149254
-0.640398502844746 -0.0723551326690329 0.201261884644986 0.136713630061705
-0.412520964511776 -0.0142674962134603 -0.331483573396736 -0.372275093989627
-0.519206561735114 -0.0565983413625584 -0.548941502873587 0.19970423625501
-0.527411269770259 0.160277885311548 -0.101799300114831 0.370121438488326
-0.323439979881985 0.425330353500579 0.0964009539960599 0.0815373618565874
-0.0992482300648797 0.434567275896217 -0.0210675032443713 -0.0520889022526662
0.0247019674729382 0.423818411833616 -0.0912864820527206 -0.0484622113631954
0.0759672711127038 0.381872010886902 -0.100727384785229 -0.000455292374764969
0.0495375603640625 0.409467951629402 -0.0409972055665485 -0.0243053328777668
-0.100181606283206 0.384042099384956 0.0577451938698732 -0.027296821785427
-0.270634412023227 0.375741767626383 0.189213633927624 -0.0610852279973157
-0.494818169140063 0.218468240656759 0.23172222731447 0.00856883185349624
-0.565070697781222 0.0119625677337459 0.265619078780962 0.0492532451820224
-0.434237059478809 -0.162133316060586 0.305547679163892 0.192761148411462
-0.531467932848401 -0.172881154562572 0.022028624293539 0.26603495851617
-0.545680776630315 0.113372406775057 0.382536415157257 0.161430293547174
-0.260648145384436 0.0825639559201376 -0.218093844357311 -0.256823825151124
-0.394218376422335 -0.0562394009835658 -0.437756876319763 0.266697322667434
-0.470832469721075 0.133078231598132 -0.0785245257008552 0.388899659709546
-0.289770310313172 0.425596145646017 0.0454481665533603 0.182157080152352
-0.05064207541161 0.439091692221161 -0.0384226067973805 0.11614902637278
0.068961542526901 0.410305676295721 -0.0645125695027579 0.111820512757858
0.098700584508217 0.359807111900076 -0.0559611925652031 0.130606958787225
0.0704867800606963 0.384614006539762 -0.0123547082110357 0.10174401286947
-0.0941625464837575 0.363742647154413 0.0504946719453918 0.103742680430935
-0.28542106345167 0.32744233022394 0.135835032888523 0.0689211881380995
-0.48984261734501 0.0979937913600666 0.175245821803161 0.0944332121223664
-0.463321317364367 -0.113706700603355 0.264546750024909 0.112572393587121
-0.281978678352386 -0.167227201880476 0.396954214496223 0.307840681113966
-0.433255374814754 -0.0522373521652867 0.160601034476645 0.387363738368772
-0.333072871776942 0.245274075992256 0.504902589255589 0.135252070350465
-0.0527321049265912 0.0906149197138503 -0.115545825892602 -0.166070552594519
-0.23871919910378 -0.114440765127717 -0.316944264321089 0.278109220977996
-0.373168551423047 0.0608224763138912 -0.0725494499538606 0.357912020799372
-0.224060898566896 0.345313051848427 -0.0173411093957273 0.262203238089974
-0.00698197259904149 0.35967432940787 -0.0488639297156883 0.26822743635318
0.0903516210526603 0.323169200306192 -0.028354060400934 0.25645491829517
0.105984580794332 0.283805316169125 -0.00250699386147429 0.242938609428425
0.0866257883947654 0.310466198928092 0.0157183582745103 0.211254215624776
-0.0643708339396674 0.305241630158806 0.0312810263598491 0.210531736330397
-0.251192639734532 0.244890731410927 0.0550781137465052 0.170388277822578
-0.391836463689273 -0.017144877099699 0.0906689001710021 0.13724761394351
-0.263674180345 -0.182449150536953 0.250215533838674 0.148883793168107
-0.0951139664498266 -0.0906830607436375 0.454579857536649 0.429440446735795
-0.301937374054388 0.103782160020331 0.257477389683062 0.479510248290692
-0.0649166295471194 0.31429464748744 0.548056380274823 0.0821479629586395
0.143957873308964 0.0489827685353391 -0.0421715260442731 -0.107298843700773
-0.0824306893065748 -0.176473293608979 -0.230987860952029 0.23984154023302
-0.245049011585823 -0.0240941026969128 -0.0996475655962708 0.30301448093141
-0.140192041680463 0.207421335291094 -0.0852694676071377 0.320645051127004
0.0241317989390554 0.217622286775839 -0.0541535905858846 0.377966665342055
0.0883200839746981 0.182809716136175 0.00729141384416519 0.35731739700825
0.0976774545013246 0.166684885206107 0.0491726750325688 0.320805177926346
0.0987418804054299 0.201220168233311 0.0434596652710525 0.296227672350767
-0.0178112149936007 0.223426537111481 0.012208343171696 0.288370866753033
-0.177812143894675 0.15721674846594 -0.0299631660450836 0.228966827957554
-0.233589962053858 -0.084135969937221 0.0188220135850367 0.125520424094593
-0.0366595710436555 -0.156836685270831 0.262510161387571 0.156361121904743
0.0650989311162924 0.0580896505085625 0.491036740089065 0.538539177017842
-0.164147290246126 0.265845699396462 0.313290545189269 0.517309676125546
-0.0537552797545438 -0.427724776379834 -0.316028172968124 -0.423337102912661
-0.164799062718099 -0.231866758056876 -0.550139371560068 -0.658711669706551
-0.1567145231111 0.00949847667158216 -0.360693696107192 -0.129003785121979
0.0448995505022086 0.0803633133329836 -0.00424523178115027 -0.0631365629956168
0.068299597159601 -0.0815940561005386 0.0980995896970499 -0.229039309838602
-0.0687366559613625 -0.110342864877552 0.0186421643193835 -0.334755717212007
-0.114508734541448 -0.0434724313106299 -0.0770167618913222 -0.344151052980416
-0.0811806062344571 -0.0126070025666926 -0.1149415058533 -0.327408642645099
-0.0893314523241343 -0.00989763190987849 -0.0788577877529626 -0.35824331351105
-0.0495869312004545 -0.0630880746611312 -0.0113851578567459 -0.39917011598947
0.0439265729983234 -0.0519518582781919 0.0863781084050676 -0.389915127683786
0.109123435503573 0.112375923366763 0.128515694250236 -0.271012779765178
-0.0703639130446582 0.206537432697228 0.16182536379171 -0.180189278628355
-0.243783602820199 0.0424105196391156 0.0189330453715448 -0.0205539642087273
-0.200822224696674 -0.263224998328662 -0.470346464780525 -0.110833495837954
-0.248491930577231 -0.459016551517084 -0.257455646144754 -0.278252016795405
-0.276696358109046 -0.319419942383383 -0.550412078091822 -0.66647765668103
-0.339420208508163 -0.10181431588142 -0.475376924745393 -0.0679520993765197
-0.174105034543699 0.0730096732467768 -0.0256296221893576 0.0530596722644539
-0.0691559819371081 0.0476096623716712 0.145808565825726 -0.20554866767936
-0.105848726640797 0.0354162199421121 0.0203677600835543 -0.351419659974859
-0.10156432840169 0.10393469665444 -0.101124127663215 -0.343098228423467
-0.0395730895823491 0.131945042246167 -0.144452690256345 -0.299983029010749
-0.0397117791648253 0.155000441733198 -0.0960709013870791 -0.331487507754437
-0.0550016797561659 0.10840799994937 -0.00262644085529493 -0.369864245452855
-0.0349562538528181 0.119490510692558 0.128187773271886 -0.372648810502785
-0.0570937571082274 0.209346077056066 0.171265104591609 -0.232329925843551
-0.23500061174992 0.231702262038677 0.163655489276307 -0.134507374757372
-0.374791476177825 0.0331326629502846 0.0216352203425409 -0.00727293449750824
-0.398461141743893 -0.264613903588489 -0.411037354386868 -0.0438932817230387
-0.450650090460199 -0.390760439433691 -0.14861901601651 -0.106559549265936
-0.387936521524101 -0.28900256885309 -0.522590133129731 -0.602466471999931
-0.487899131274313 -0.135959484364594 -0.57609123281815 0.0152262787060444
-0.375041738957635 0.0938756891131025 -0.0707833372127132 0.181554318694569
-0.20236460819934 0.201287496614264 0.153283127777016 -0.140956398862895
-0.126247899650416 0.200258036750557 0.007785434608808 -0.30956712418321
-0.0639320935213447 0.249644035153484 -0.118767325028613 -0.29169675956396
0.00963207423826028 0.256538773037189 -0.154278848445123 -0.226487070428465
0.00905550081567834 0.290000603977762 -0.0939815372687712 -0.255851716032331
-0.0622747732980956 0.255916298968091 0.0177984343543547 -0.28904449786548
-0.114954212332328 0.271035875480069 0.165622028267055 -0.312177153713599
-0.232452450631757 0.285625467269209 0.214796022555795 -0.177789966696892
-0.402810494928681 0.221800039951263 0.19577892404228 -0.0856583828795186
-0.471245004734993 -0.010542152727066 0.0860225287258785 0.0297107388719089
-0.531928916296772 -0.248992980245276 -0.290294290835656 0.0442372889226597
-0.60463501848553 -0.232454822513159 0.0160094794320394 0.0387016730822632
-0.454034560859059 -0.150133171543765 -0.455579035360212 -0.486951885228201
-0.560475451869264 -0.084920073161683 -0.600949262732635 0.126413881367253
-0.499517166989746 0.151984467533397 -0.0938091028052675 0.298065507175139
-0.283807783128931 0.351223040802209 0.132014540985594 -0.0427851379408506
-0.115127056303648 0.351205639974834 -0.0113693327691787 -0.20525709077926
-0.00750460067510903 0.364866941559227 -0.120374326072109 -0.187002330036269
0.0604817185600879 0.341118042687627 -0.141021942879401 -0.118964199615454
0.0486823820379534 0.376456560929144 -0.0744452410902756 -0.145648295666884
-0.0731601938617243 0.35448789548402 0.0426603291753737 -0.169123575950365
-0.192214530193083 0.371055800181977 0.19116700523871 -0.208495546803841
-0.388403956869155 0.308510518512568 0.242760534636724 -0.0981435807389273
-0.530465307688313 0.160106133486807 0.237405703430722 -0.0274982413326165
-0.50699486991613 -0.0770933542558856 0.194024033189794 0.0904546845947619
-0.578236363776598 -0.212051906904643 -0.129875425444067 0.151034267608862
-0.645128513973972 -0.0306043630689197 0.213519251992851 0.120873043550392
-0.410469508429919 0.00889302035615031 -0.354423153943555 -0.359579949303782
-0.520810124019676 -0.0255652311342017 -0.542566889047355 0.231287745454878
-0.521401021273872 0.188821420670813 -0.0828497870126464 0.37521341848309
-0.296841227363883 0.443800850780197 0.0978946519462634 0.0701805740054688
-0.074336009031552 0.442585442974948 -0.0264341061109152 -0.0526023867447644
0.0526554821143748 0.422014251413577 -0.101669506227923 -0.0435683343723105
0.101150402117143 0.374643503099614 -0.104654278873409 0.00885969694831022
0.077265426225003 0.404944111246779 -0.042930874889551 -0.0193033591516455
-0.0800168800119088 0.391161472533276 0.0584001952914586 -0.0320800810271024
-0.248442153370564 0.390629233605127 0.184574255822703 -0.0748079588486288
-0.483030534596461 0.248132376633449 0.235171890934101 -0.00120211283893023
-0.565459697181826 0.0459125427254439 0.265435160615028 0.0409859808971131
-0.444807925689019 -0.138378742014055 0.312924803126628 0.177972820487167
-0.54155676995365 -0.14046253015266 0.0390349008718913 0.26939273396511
-0.5374387841101 0.150808132513059 0.394915133833842 0.134111070068874
-0.251478790254699 0.0969043405581663 -0.23596696660698 -0.250005732200864
-0.397099119109384 -0.0330669796848353 -0.424920114011029 0.292779345352491
-0.467245676686415 0.159465835373241 -0.0585023148121684 0.392323649730381
-0.261821433219269 0.44449012038703 0.0536063476096736 0.17534201620365
-0.0237266963933847 0.444406962697966 -0.0324583709616209 0.117677081499789
0.0967275776995411 0.406146348159829 -0.0639847712133121 0.114322286907358
0.123913257416446 0.35138692027261 -0.0519791796902838 0.135892901216969
0.0967314766377323 0.375716332254722 -0.00753686722982169 0.103329864695507
-0.0727634586570391 0.369481080272303 0.0587181753915561 0.0998775357239307
-0.265342928444533 0.344005085764524 0.14001006210718 0.0596660174443643
-0.48595846241208 0.128014011294395 0.182125835075826 0.088762613839714
-0.469280881165868 -0.0864837796093238 0.266862181358006 0.10439814210441
-0.29236886610563 -0.153929513907989 0.411063944836619 0.288513988251034
-0.434046095493585 -0.0250866762210564 0.183081065179866 0.383977296316228
-0.317978039811763 0.268715716784176 0.514169193157135 0.0999319076459496
-0.042997041244291 0.0928017294346495 -0.127944505796931 -0.164587293108735
-0.246741982674639 -0.100128188776214 -0.303796109951281 0.296375093294829
-0.373525497050045 0.0829689498202938 -0.0551271414194246 0.361339382020963
-0.200862688513213 0.35989141996932 -0.0036708358211135 0.260873254935082
0.0167359737481714 0.360382262402459 -0.0329201544312464 0.270526844401289
0.112929093560307 0.316717629467793 -0.0171427568129115 0.256844617311215
0.126553411383161 0.275532305429653 0.00779876032148053 0.24213314303358
0.108091117796447 0.302462383738917 0.0276531668602423 0.209185984414204
-0.0451197962343642 0.309558042144267 0.0468109367979587 0.207236148536074
-0.236995798202857 0.260812243095657 0.0662710920870725 0.167377843146495
-0.39494719619332 0.00619202432780658 0.0973185986927972 0.136731991805204
-0.274400840706271 -0.168284099192717 0.253285073153764 0.140230025782262
-0.0999251074621295 -0.0870520991956314 0.473117988397111 0.405789779737877
-0.291926454752323 0.124429335436975 0.28440381287631 0.471196179126517
-0.0460153757401351 0.320478516523836 0.55252604392517 0.0447982023016657
0.150637952995683 0.0400634610804366 -0.0506347017603657 -0.109025885862575
-0.0944208071899319 -0.171208608209592 -0.218220015854828 0.252832602936351
-0.249140963226155 -0.00934952535306427 -0.0862258599446545 0.30802647781066
-0.125119735131823 0.215986148970921 -0.0682978847666458 0.326928727321357
0.0401551387319793 0.215086212501786 -0.0314701799508452 0.38158701099126
0.102705845758631 0.175857726868889 0.0262015364186992 0.355511017905401
0.111187153239857 0.159659994096503 0.0658248858471677 0.31504199670998
0.11323494503135 0.193367294594244 0.0622504583303186 0.290949812202321
-0.00282207471066957 0.225918551119058 0.0334583654197927 0.286553023961511
-0.168897775571386 0.169988381263473 -0.0147815423783497 0.232086810588703
-0.241577014549907 -0.0699394991792055 0.0239151576986229 0.12881286127918
-0.0461335421440978 -0.156045074428438 0.265349183436774 0.14573616265207
0.0683691235307287 0.053754187047205 0.516405264916706 0.510845941530148
-0.144705997640693 0.278799861841544 0.34097985224679 0.505840857909219
-0.0757742885972761 -0.415727616537189 -0.326971462533955 -0.401468551212888
-0.173621589640951 -0.218111700955515 -0.568544025462715 -0.617946628491566
-0.152469228836658 0.0193757655047809 -0.357547935032014 -0.110153034613872
0.0513757871427491 0.0748849018990559 -0.00770525792798909 -0.0665384412093829
0.0614264085472692 -0.0867880422976269 0.0812847843685462 -0.233612301516818
-0.0769429312930691 -0.102472092210861 -0.00335878111433709 -0.32963151911115
-0.117391368650131 -0.033698108577403 -0.0955462007803235 -0.328676436517964
-0.0817552365441381 -0.00745177996634683 -0.128580346535437 -0.310922215944939
-0.0890261405826466 -0.00260170625296248 -0.0931352968253236 -0.346444842459692
-0.0551389703912354 -0.0576199225837592 -0.0308725317025152 -0.391887379616996
0.0379020790953555 -0.0539319120917877 0.0635612123370371 -0.387244063638738
0.114861218496149 0.102356416257367 0.115640664792908 -0.271367286292685
-0.0581141632104218 0.208010481483267 0.151238282842487 -0.183948811568195
-0.23666903051636 0.0530611123750422 0.0184177585310013 -0.0188461305530533
-0.215448162802681 -0.247383813763143 -0.466688146082907 -0.0828240775248784
-0.267077606716708 -0.435358053506006 -0.260574221244557 -0.262324964834665
-0.285538578373294 -0.298938403202414 -0.570420800416556 -0.626676353083627
-0.336460921910892 -0.0801171082091634 -0.468389329708184 -0.0443314889719051
-0.165608995091854 0.0778181688892868 -0.0222533301844833 0.0504261171003193
-0.0660525122028251 0.0469072267236174 0.128698119563526 -0.215273561188807
-0.105846962763713 0.0421599146376505 -0.00246663029126995 -0.346517394052937
-0.0955647130094795 0.109307147261635 -0.120850611245628 -0.326823375862727
-0.0331239647633126 0.130888381682169 -0.156345633640774 -0.281560112465269
-0.0305060211931468 0.154934998888378 -0.109377883037475 -0.317724393878514
-0.0513123425202329 0.11044554136057 -0.0212868603718516 -0.362752704869333
-0.0298463936581104 0.118145592151681 0.104771690784964 -0.374165178768233
-0.0441070547963001 0.207159284972312 0.159982926026362 -0.235580144654119
-0.218600658046259 0.240162339113544 0.154866192802985 -0.137837981716462
-0.366592380347593 0.0499027209337323 0.0214039835008333 -0.00479655020942736
-0.40908500951643 -0.237337192838454 -0.404023693485837 -0.0196708257839942
-0.461864757833983 -0.357049616780638 -0.14465132018972 -0.0997650435999504
-0.391952234209641 -0.263366722865322 -0.540523828698791 -0.567976100399781
-0.48232531840976 -0.107091391441146 -0.564386142316742 0.04490293908283
-0.363617140719365 0.107940373365145 -0.0597593877842515 0.179851520095957
-0.188590309265141 0.20429462037551 0.139339865053955 -0.152204795028933
-0.116489884760564 0.204897469764389 -0.0125948915912324 -0.305373044092042
-0.0498224143786887 0.249163080441564 -0.136933591450364 -0.276060423817341
0.0232883334054824 0.249803189745883 -0.163479526284003 -0.208374175227549
0.0252488467394605 0.283933987817368 -0.1038390109093 -0.242290985349404
-0.051303269025622 0.254972332704596 0.00357870096588384 -0.284258588602506
-0.100045933802839 0.271252704919537 0.144380027746131 -0.317254852393152
-0.212566820538505 0.291919060603728 0.205474042992312 -0.183529970816789
-0.382651006967568 0.238308020793276 0.187894223758515 -0.0893108543649315
-0.464012245061357 0.0102559995180452 0.0855605151056834 0.0285117749647401
-0.536591142895059 -0.214087722360737 -0.27977424266664 0.0601525114411043
-0.604572109624016 -0.193415039038301 0.0229819436804225 0.0334274869088837
-0.448461623058588 -0.12611489715485 -0.472704228944364 -0.459509661456094
-0.552442349192632 -0.0541052209322897 -0.586216920609571 0.153685709715319
-0.485226098476853 0.17088417851127 -0.0783869783967254 0.297254800727969
-0.259274120143602 0.357264111852145 0.123382847216899 -0.055318800314508
-0.0973217863625246 0.352794405221495 -0.0253367051415453 -0.202520345627271
0.0129576798260833 0.358334061079704 -0.134271016303517 -0.175257815640966
0.0785097974021737 0.329434445713376 -0.14616566262364 -0.104216497939601
0.068829590554333 0.364388879819769 -0.079539305970099 -0.135417386307103
-0.0555756344659433 0.351997623352869 0.0338560138490404 -0.168441780079156
-0.169781441665469 0.372204676372537 0.174305322276796 -0.216436820057464
-0.365863137695389 0.321543147805573 0.236447228581148 -0.106445344414522
-0.511326742955987 0.185621272970673 0.231454489953001 -0.0326055947319871
-0.499267459376279 -0.051880921172378 0.193690057280145 0.0827931675064323
-0.579592523977862 -0.175226662473227 -0.11759148943771 0.15752668477966
-0.632516192559765 0.00758522546717232 0.219049823383707 0.10291111322126
-0.397657877922138 0.0284770534508055 -0.368352530542677 -0.340465179302485
-0.511320002963731 0.00308160141577841 -0.522975629095685 0.254478939477852
-0.50530306260223 0.209804951426061 -0.0634820060613083 0.372321325751426
-0.267100319217167 0.450634336819502 0.0963942370500171 0.058021724818188
-0.0506618843586893 0.439758128876964 -0.0312113883335105 -0.0523641775093703
0.0764518903989902 0.409344134692505 -0.109021967534438 -0.0360262308012174
0.120507642324217 0.358455820395667 -0.105408262508705 0.0182730727690265
0.0995866444387271 0.389896892009517 -0.0429617981676643 -0.0150297564323007
-0.0592918552342385 0.388505811992945 0.0571027874341398 -0.034823510849376
-0.221875421148912 0.395597683672479 0.176497695057246 -0.0848226980423028
-0.462935259026838 0.26949635685391 0.234194033525834 -0.00972613243118499
-0.550280203118964 0.0731962030352217 0.260827209832929 0.0342159363182854
-0.44389323453925 -0.115924398424952 0.313755518222433 0.162761413403583
-0.536821481043292 -0.107492971545913 0.0535096505087082 0.265478848481862
-0.518144209863042 0.179535652676843 0.395234895649669 0.105770462386998
-0.236310943490096 0.10747653557464 -0.247155105064583 -0.238613779090986
-0.390894684441767 -0.0118008672550046 -0.404380910315503 0.31049210868123
-0.453833068408693 0.181355691355881 -0.0396644812283609 0.387941255580229
-0.231183727454825 0.447754246475378 0.0579196330032068 0.165303758772736
0.00142796157741189 0.438410948457489 -0.0270332152241912 0.114600474069004
0.119591942955266 0.391326378206115 -0.0637889785354038 0.115667014199784
0.143006110729193 0.334617484586369 -0.0469110572733773 0.137889079563064
0.116890964948806 0.360098494793237 -0.00204012740983268 0.102263226213607
-0.0514328713831131 0.366884077832738 0.0646552186035298 0.0930820034268931
-0.242260311942616 0.350940262732214 0.139672606841865 0.0500962455826744
-0.472003936641141 0.151282427330988 0.184660712288395 0.0812842286934665
-0.465078013194426 -0.062487949554345 0.263225910165726 0.0962428599105599
-0.294738760555462 -0.137418504239768 0.411618056005964 0.265017557460399
-0.423114735648894 -0.000327191433858723 0.200534955820519 0.371586547538427
-0.295690836157374 0.282980112233725 0.508956437368709 0.0665127409607494
-0.0324690201214657 0.0920336295801192 -0.138065656243628 -0.159454791770419
-0.247270961147547 -0.0852696506002907 -0.284943801758837 0.306473846708534
-0.365124728634456 0.101462135991351 -0.03790285039545 0.357223248368476
-0.174966405721749 0.36286357921065 0.0075407664039805 0.254655935151754
0.0380504442376067 0.35302821886032 -0.0179334263591711 0.265518773166008
0.131018768644886 0.302108089328225 -0.00933965770732845 0.25169397767106
0.141924587881824 0.26103509702358 0.017125020724825 0.236691841997827
0.125504827951335 0.287073264054619 0.0381548266445596 0.202203989691079
-0.0270295408826645 0.306495908571183 0.0598376716213509 0.199063181165887
-0.217159455515395 0.269538936981009 0.073929020303507 0.160497101464254
-0.388347173564533 0.027244582503864 0.102599409755803 0.132423457929955
-0.278115505935885 -0.152110356714738 0.250386620009234 0.131853313751099
-0.102620216637047 -0.0810487405172907 0.48016632846777 0.374997097489898
-0.276173333371348 0.138131332913314 0.301403169619953 0.453159822253129
-0.0269313934382996 0.318040590755312 0.541543413293802 0.0101966968957172
0.153247977279351 0.0307029451001155 -0.058291390832809 -0.108308982936281
-0.102723180977938 -0.162487857546852 -0.201965364704743 0.2578179376024
-0.246934552851865 0.00418900220967234 -0.0722204605792401 0.304825998295277
-0.108180911618888 0.218738088698608 -0.0508489147838562 0.323850571110578
0.0538811261879832 0.20890710827494 -0.00966719878882932 0.373660661842722
0.112761700308798 0.164829570600041 0.0400317972496197 0.344731419976762
0.12023723547695 0.149307173282687 0.0785329065673754 0.302379560419392
0.124215339777652 0.180818394885204 0.0771404773265827 0.279512542769872
0.0116970065917404 0.222568161491529 0.0516929433956515 0.277428740921614
-0.156102623125518 0.177664649315214 -0.000401600088628217 0.229718540786592
-0.243354915962419 -0.0548626908960558 0.0280645912977907 0.129375418840499
-0.0544215460255915 -0.152453175406749 0.262848576766259 0.134395276111102
0.0699984004665512 0.0489413461396757 0.527290993835723 0.475358688441033
-0.123967957062589 0.282137012229966 0.357672187150212 0.484354559326192
-0.222775873683081 -0.362778738346504 -0.413612554803804 -0.260051482098376
-0.247322316388844 -0.139988266007247 -0.708477679416416 -0.390863883156281
-0.133270296186076 0.0749197348818094 -0.363103581457454 0.00156343642312097
0.0752200319602764 0.0470392638934 -0.0355661040885816 -0.0611115350189824
0.0245349353181594 -0.104543193919788 -0.00213560280966117 -0.240939229196006
-0.106499982023105 -0.0691271752697249 -0.112648221248683 -0.301811851611665
-0.122228462310706 0.00846003001607511 -0.196200444974611 -0.264440953939981
-0.0796978200938025 0.0193500324646005 -0.217382356327509 -0.238075081352679
-0.0816602289942989 0.028739561818521 -0.1921435937829 -0.286676120565139
-0.0732836520309748 -0.0308366175546195 -0.150803090121709 -0.349454937878033
0.0157153994489567 -0.0620686642963143 -0.069900242410061 -0.371122285231648
0.140316243058518 0.0540757311333687 0.0209405873508953 -0.28695324603079
0.0138206956333782 0.209754566318961 0.0847727624522811 -0.221216687065564
-0.200715198112849 0.12519804331998 0.0157727464527943 -0.0189110904718836
-0.27852614812254 -0.161812474456739 -0.450495716491826 0.0771887006139403
-0.407754173458588 -0.313144045016939 -0.300463372358343 -0.159980081677378
-0.378172490414533 -0.176263869228947 -0.707177038103505 -0.403309189317277
-0.336712937948235 0.0464858417244556 -0.436647592677273 0.0907612557881066
-0.122483419261425 0.128099851190415 -0.00633978707152477 0.0402552348383868
-0.0468232727404761 0.0597861409861067 0.0432676405769084 -0.246931445881517
-0.0852982285582233 0.0713522945262448 -0.12234738198085 -0.320842759344745
-0.053962251515328 0.134437059867744 -0.221873540798168 -0.258076837182297
0.0088013404117172 0.128594103523129 -0.236895663980681 -0.201099723703871
0.0238420631711962 0.151550751230299 -0.201888024221527 -0.254231727358162
-0.0147389584595773 0.121576145646269 -0.136509225504985 -0.328585490776925
0.0104556365326479 0.117910822109319 -0.0303306311873694 -0.377286572255122
0.0276618955950245 0.203064747798059 0.0756985243752834 -0.270740665439577
-0.122427335569932 0.290445712590222 0.106642481835122 -0.177431392486844
-0.322703965922014 0.165222989098064 0.024338097106693 -0.00371213609676803
-0.454796715456009 -0.0909215145814948 -0.369812055383782 0.118706974134449
-0.559062259201644 -0.171398423500102 -0.13946078356955 -0.0568378890700471
-0.463883928308665 -0.107767164345044 -0.661991866114552 -0.363198755395581
-0.481451317052824 0.0724432206645321 -0.491921391461013 0.199015667652022
-0.293982550524205 0.227690175973035 0.00300195875153684 0.16213423232531
-0.105540372530629 0.245449589515483 0.0690938829789983 -0.200397132154886
-0.0408731002159136 0.223772325753792 -0.124635028911635 -0.283406698725673
0.0361032369166622 0.248708656407163 -0.223526481875336 -0.209894251576874
0.0991935335050631 0.216985639740194 -0.222894046985828 -0.131305666091151
0.116683389791992 0.249168238558538 -0.174638174844185 -0.186228691550058
0.0333715440036831 0.253352417041892 -0.0893055185806243 -0.26735205305072
-0.00283586733557231 0.280141807470614 0.0227301807038684 -0.343585219012776
-0.100844353152056 0.336155078235403 0.136301988745142 -0.240234540574736
-0.2740942900199 0.340950914236441 0.156344641877507 -0.14053763798162
-0.425889724337777 0.161656304658759 0.0943041281015307 0.00980306802842826
-0.566937155807506 -0.0299851370630293 -0.229830230118475 0.1575389625743
-0.633692862317739 0.0333703651665918 0.0556520587125251 0.00296993126606772
-0.466108756843779 0.0409390180592478 -0.571756252745571 -0.290422330740559
-0.526939038662373 0.145471474428423 -0.479614673857594 0.303254239023142
-0.384336187814478 0.331206958643794 0.024115577411417 0.269784398807657
-0.119350255185183 0.409392005385513 0.0793236602448529 -0.11068457611451
0.0262645760582725 0.352227043134304 -0.107038667191129 -0.185933590885147
0.13300086185341 0.327836790481885 -0.192136262351371 -0.121246369757524
0.175908443443162 0.270393709756181 -0.175153818606566 -0.0411906987559827
0.182668655173643 0.306276240647997 -0.11935537220424 -0.0956130348437356
0.0614881522388428 0.342201210198598 -0.0258187755060465 -0.173866455546317
-0.033873065347973 0.395199886900724 0.0831534951872534 -0.264772151750276
-0.231596492351436 0.41501843999115 0.192794848479011 -0.181251224660648
-0.408986439501062 0.332953657939156 0.216425516703869 -0.097389338082201
-0.481200217857403 0.114258629753288 0.209364849162223 0.0271607679722215
-0.593462544576942 0.0203754201404821 -0.0503050608555313 0.198014493590837
-0.586196570298048 0.230914814911001 0.252342655325796 -0.00243873177363511
-0.359081276656029 0.164831564333393 -0.445390819897914 -0.216225014592682
-0.468858992562133 0.182769094975417 -0.392973167828444 0.377675725949585
-0.387469055705596 0.375095250620593 0.0591895576723333 0.33333961218735
-0.0927578552230572 0.498394136848582 0.0871629308012141 0.00129600009119042
0.0991934545293828 0.417668283363293 -0.0653020409626879 -0.0456580041229334
0.211355396607153 0.353643089588288 -0.125060882521332 -0.00376112509885476
0.224851288861643 0.282883898747202 -0.0992345722170482 0.0564581167708847
0.219371575791012 0.318178638862432 -0.0481751730493404 0.00217572364029751
0.0700778497688171 0.376022457232967 0.0377066803166012 -0.0591641027581844
-0.073076181582478 0.433425999747982 0.128294600977104 -0.146381795047311
-0.340133268179179 0.39636304788152 0.221731320025991 -0.0894967350246974
-0.479777036220305 0.24252860204421 0.263973967127509 -0.0421994415327551
-0.450370543378393 0.0359090616465697 0.34145704553306 0.0632466730583642
-0.530536162137088 0.0690621875737898 0.139167766308417 0.243915359484182
-0.417563137077032 0.350491222950555 0.405254273402179 -0.0573099977501203
-0.180779190065019 0.180049121973956 -0.310115004692603 -0.156445409552781
-0.3632611011007 0.128173532003882 -0.266549011268238 0.398298988448349
-0.352188675473221 0.331560513092494 0.0865293733430198 0.343719545239497
-0.0594996063901801 0.48695004449691 0.0871673884022274 0.114933088485966
0.147385766384385 0.400773969644111 -0.00519092508857282 0.107522831410372
0.244734643514725 0.321638311539886 -0.0330043701580417 0.120775724936579
0.238578571054465 0.254246300795449 -0.00695629950822338 0.144907946883858
0.225777048679481 0.284840015962924 0.0265153179439196 0.094279470714012
0.0715096710930652 0.353492430753231 0.0861842827075353 0.0556553183575643
-0.104675973182265 0.398831784557869 0.141193816443605 -0.0123185989864284
-0.385714852008638 0.293887636023221 0.205907836746361 0.0121938860171386
-0.444115060330027 0.09104790897659 0.281406530796813 0.0165222690323216
-0.320092256859446 -0.0336315596735668 0.46148712763013 0.123072105704603
-0.39260189216334 0.132134119725501 0.304377256532614 0.292588419946966
-0.172957709751818 0.368064167682341 0.487172035296907 -0.125792935519614
0.00403942351218389 0.0937516446957475 -0.188298097459605 -0.108139836343713
-0.256855818687712 0.0106572959150446 -0.154184229127985 0.363763747931809
-0.298573990136389 0.227217579418272 0.0796693890317291 0.32040568409224
-0.0359050742449332 0.391294052950395 0.0735269161365266 0.219143674105773
0.152580881507972 0.311226473248554 0.0579718401307641 0.245295166752451
0.226088178911488 0.236160618776479 0.0646739372892231 0.227315886915597
0.214556740323709 0.189081280858846 0.0857326941429553 0.211273042115576
0.20933154022145 0.216765639241026 0.0964107662528943 0.171202301468887
0.0770093419967734 0.288449038393577 0.116381320005313 0.154659150919952
-0.109369852550509 0.318487192742163 0.119995148200064 0.113184722391015
-0.350043277875298 0.152011476458055 0.144389213727628 0.0890593263145845
-0.303424037068751 -0.0520145408032907 0.274307577282531 0.0530655747433766
-0.124773062345882 -0.045598690408389 0.555798810088187 0.199505287720542
-0.211779920153012 0.213882727359314 0.421267826470773 0.33107043780659
0.0911071324425326 0.305094974470959 0.491027926457235 -0.179728776213322
0.155252938981019 -0.0292946504705777 -0.100201341689191 -0.0768922847604405
-0.150807166493481 -0.110623683047489 -0.0919735917891002 0.300836795462893
-0.22398679974684 0.096760823550714 0.0335525342647859 0.291753902796052
-0.023107589121802 0.238034478793913 0.0487185737767136 0.308202313832413
0.120162215293878 0.175198166536001 0.108348955718378 0.344909636569528
0.162742017141377 0.11466808938342 0.145114153678768 0.298278463903283
0.160065363957346 0.0953216408538771 0.165651689892226 0.248825896421851
0.1743604221072 0.121278286760065 0.158942312349843 0.2275521116673
0.0863016037018973 0.198576382989523 0.135377994326811 0.230917958976623
-0.0828273081130135 0.215785989554188 0.0766265603473587 0.203726448349616
-0.243482494957194 0.0298961303834547 0.0710494676747373 0.112932990082926
-0.0994744779519151 -0.124113436593444 0.281151291689238 0.0487868354698041
0.0769064519606841 0.0176144997269946 0.629739766193849 0.272156901097678
-0.0252924901506248 0.298960738088944 0.481586403518838 0.337130079710049
-0.226182931262049 -0.352281999848214 -0.406097167107167 -0.254198877817052
-0.24585686617604 -0.13250267031815 -0.702271013855925 -0.377335510931985
-0.126754188307757 0.0769373820945994 -0.356644719435948 0.00391441589700647
0.0766590667031749 0.041854810174592 -0.0380837832217888 -0.0618606663422947
0.0188880094428868 -0.105242649677024 -0.0106724969831346 -0.238936526782246
-0.107731309591538 -0.0636635555415752 -0.12151255048748 -0.294834798009115
-0.121213447714895 0.0145014415215622 -0.196179321266044 -0.252445120594321
-0.0804561515855468 0.0221841790951939 -0.214420983077607 -0.227427924849718
-0.0795041726507106 0.0320656832198728 -0.191181373374663 -0.278192390432347
-0.0750307583109173 -0.0260668851674084 -0.154587652800555 -0.340568554547614
0.0112062689144153 -0.0607096788981788 -0.0760331437426678 -0.363925224735675
0.140266992277702 0.0473845962135214 0.0183647221191802 -0.283470595161175
0.0186548336788455 0.208123825499303 0.0815592555218111 -0.220754069180318
-0.196675171692746 0.126188872208616 0.0174468147225373 -0.0178122634937009
-0.279969299636376 -0.150836987104875 -0.43993630021096 0.0846446606507683
-0.405227510803828 -0.299185297291721 -0.294127492970953 -0.157337693885957
-0.375037179816641 -0.168554481020307 -0.700521179211761 -0.39023023176205
-0.327172107441602 0.0516888880813119 -0.428302169174509 0.0951319031855092
-0.117809985964987 0.12568747864974 -0.0056279379519765 0.0384087955223645
-0.0478091744491374 0.0570306946206804 0.0326954672179222 -0.247011293293131
-0.0842603072567457 0.0745475704847845 -0.131125174151636 -0.313205677066525
-0.0506370199258712 0.136549681605868 -0.223658854780913 -0.244982926896266
0.0102491576475603 0.126471359536295 -0.23341894320317 -0.189410627502203
0.0262980158629435 0.148978321261727 -0.199548216001657 -0.24535174931293
-0.0144940601488123 0.122860697181096 -0.139987614057202 -0.321725168134884
0.0103187305800265 0.115625614009176 -0.0383600223576634 -0.371097079482337
0.0309424575113741 0.196218258225038 0.072502714668735 -0.269263657225779
-0.115136642540409 0.289342764387975 0.104465871515336 -0.175407974995141
-0.316508421426765 0.166576102048697 0.0259594333225571 -0.00176241753942486
-0.452656502411814 -0.07844276468525 -0.360956344757388 0.124681833313929
-0.551367922167584 -0.156168985827881 -0.133801752325064 -0.0585216368171929
-0.455862361095972 -0.100323777898905 -0.659226144484959 -0.35275533565109
-0.46960660263971 0.0783649127753905 -0.483132283178002 0.20451695168968
-0.287578558381683 0.227138160040893 0.00632003048926606 0.159163152944821
-0.102254285523581 0.24087212113534 0.0575486109369594 -0.20175071983263
-0.0374579077292164 0.22351698441921 -0.132903565524803 -0.275888989086419
0.0408174000132756 0.245520899492042 -0.226533491133189 -0.197064984000888
0.100931378832012 0.210807019109877 -0.219048166199098 -0.120402267839286
0.119464892200489 0.24055146360733 -0.172930904234386 -0.178236329705317
0.0359604856951856 0.251656997076731 -0.0931607034402918 -0.261847412816021
0.000508462710782883 0.275895896870945 0.0143242206181913 -0.338680594002026
-0.0933359372124502 0.331712808669448 0.134447910272667 -0.240307515457819
-0.264194972434882 0.342413401980418 0.154720302127775 -0.1382524883918
-0.419144779654823 0.165264825224464 0.0951000449580741 0.011009684449836
-0.558980022400258 -0.0163185653317963 -0.220971700273029 0.160356006243047
-0.621152009000672 0.0470846690867988 0.0581657663976344 -0.00259090678764985
-0.455237781599735 0.0440219668607843 -0.57083611063484 -0.282103408293062
-0.514541124890108 0.151075457773366 -0.46921647879439 0.308604600830954
-0.376930553307787 0.332553985048426 0.0284528825386833 0.26546973215772
-0.111801931325231 0.403719326411243 0.0699588950540072 -0.113259941403212
0.0329282674563911 0.348800043116188 -0.114202925374522 -0.181568328847997
0.138030725353254 0.319979948766266 -0.19486570871213 -0.110040062149053
0.177943928172759 0.260295096554851 -0.171775661271737 -0.031755673515638
0.18618097612527 0.294879025877474 -0.117214296477831 -0.0901750524361683
0.0656383691990459 0.338809434747941 -0.028884116584735 -0.170684485032612
-0.0256666857899024 0.387801546500006 0.0742532095073758 -0.262494945909736
-0.222389484715467 0.412672926381773 0.190607298254563 -0.182359792196613
-0.39716487734052 0.335389177814984 0.214382327526542 -0.0953334108480155
-0.474935904096044 0.117981421092081 0.207982140259049 0.0271953335858625
-0.584067438930413 0.0303611421784111 -0.0432324073564893 0.197956569940913
-0.569844101056451 0.239013434410081 0.248799363441029 -0.0110641333886087
-0.348898040515605 0.164803207926937 -0.448019750725477 -0.209200986386146
-0.456957560442017 0.187678200959895 -0.381791409575464 0.381315633921397
-0.378848552749203 0.376516947943507 0.0635296429313802 0.327335457378752
-0.0828299781206308 0.489902922225553 0.0797364810896235 -0.00204873198942521
0.106184586210084 0.409911234992045 -0.0704040873904576 -0.0443329067141344
0.216091635357343 0.342788007456058 -0.127898138086971 0.00484216473529069
0.228512180082228 0.270687775911156 -0.0965896555557558 0.0623186379973432
0.222583256145347 0.303873942677463 -0.046720828868108 0.00467157191009729
0.075836378981015 0.369553730992491 0.0361038833935428 -0.0597967652774261
-0.0646535126061581 0.427803787096944 0.122289093909399 -0.146370422440483
-0.32933512993674 0.397162396115056 0.220952353356732 -0.0915223518359676
-0.469224422449078 0.247001314541462 0.261647456486262 -0.0397947431177857
-0.443650839731148 0.0405865114139996 0.336539397321055 0.0608939453050213
-0.52022917298134 0.0785518138592023 0.144512220877175 0.239937726158443
-0.401812354558949 0.355472185318129 0.396907142632454 -0.0675626860421306
-0.171457962336308 0.176763914665486 -0.314359834516206 -0.150633142885263
-0.354515993499654 0.132621014224039 -0.255463928226872 0.398442512990111
-0.344012861509737 0.333790139878799 0.09044932076616 0.337471705453519
-0.0501777381736449 0.479309910003404 0.083178494689621 0.110202545747989
0.155024919570703 0.392072235730194 -0.0069408046076846 0.104922500679102
0.248613071262875 0.308590259800495 -0.035174083216145 0.124357147300347
0.240735820862146 0.241931979363452 -0.00630534473670908 0.145896827494912
0.228063294098899 0.271018928019191 0.0276873943012741 0.0925182383280205
0.0794346388898533 0.347133993257387 0.0863610072923207 0.05149883591147
-0.0951196870265783 0.394090560260372 0.138961206696862 -0.0130392225297746
-0.376500494162455 0.295914928172749 0.205642745753585 0.0101361292440247
-0.436985738286779 0.0960756558994445 0.278021160436206 0.0186841977939394
-0.315957634465369 -0.0298238763201437 0.453764930843016 0.117870817206088
-0.381230216487361 0.136242229611022 0.307794917188093 0.28604521976168
-0.160230331596034 0.368506618169583 0.473434272570933 -0.136616258248283
0.00861383004737376 0.087922752131009 -0.193462081368775 -0.1043054909444
-0.253729433615758 0.0150107482914019 -0.145488241163912 0.362353860469274
-0.292393308736433 0.230656072896712 0.0821926247173529 0.314215859224022
-0.0262934181241753 0.384732976368074 0.0726266673563224 0.213266105920506
0.160088459892951 0.302579382193342 0.0588183572532122 0.238766773478646
0.229055667102011 0.224572759882382 0.063405387812214 0.225868078739286
0.216906200009868 0.178290905123313 0.0848209261604153 0.207801678583406
0.21152888071427 0.20467958753678 0.0974449376907152 0.164737993174346
0.0831832797701312 0.282532008438426 0.119404739067887 0.147858315831982
-0.10008442124434 0.315419188617052 0.121007141106063 0.109391993640987
-0.343719686886936 0.15744142152323 0.14559319531627 0.0877418691668801
-0.30069303787933 -0.0470689505475522 0.270590392839055 0.0545581807778434
-0.123205748041765 -0.0451956530061022 0.547515121759857 0.190958721987033
-0.20063485756156 0.213347374353973 0.423321097337898 0.322726604202815
0.0975959482629768 0.300762502166513 0.476211383972074 -0.186892228311742
0.155640203122013 -0.0350616269306213 -0.105219569217042 -0.0742489915050477
-0.151678443836332 -0.105319455198891 -0.0852426813213467 0.296744199795493
-0.220618503825874 0.100676673410239 0.0358864923215484 0.287259175360449
-0.0165332839243519 0.234259132796371 0.0525663257812652 0.303064384605074
0.125560954201739 0.168836211153053 0.111144319416011 0.336393390582703
0.164273095976132 0.10710302110553 0.144180703898484 0.291884155445604
0.161782414085788 0.0881857231170335 0.163616414563231 0.239976684008151
0.175444592604503 0.11256041895536 0.160239253131255 0.217049872899975
0.0915998061101768 0.193777057052703 0.139969844046326 0.222106313389109
-0.0761417625090379 0.215435920010693 0.0815341546456743 0.199657384108225
-0.241259476906661 0.0356299401382326 0.0718158884932064 0.113006053716268
-0.101648696601414 -0.121127214576615 0.27583182379853 0.0478836182390276
0.0767975252095911 0.0148505670570134 0.620944345756182 0.260617401880416
-0.0158599729121803 0.293863281959178 0.480641753903784 0.329598613773413
-0.233800410078637 -0.350565720171905 -0.407901202193997 -0.253137558937216
-0.248517463442743 -0.128550115273809 -0.706433015273021 -0.371834364025653
-0.123090207908789 0.0798611550423913 -0.357765123453668 0.00865198517625862
0.0789289120275122 0.038443052131649 -0.0394245989414837 -0.0632886182732178
0.0135231629190981 -0.107800109547076 -0.0195019206136631 -0.240717844818229
-0.111684342642484 -0.0586975794784594 -0.130712381883391 -0.292371603932589
-0.12173138686558 0.020697379858956 -0.200328713746802 -0.246818149030942
-0.0826374894150672 0.0259498517748355 -0.213462900479192 -0.22102790904873
-0.0799090322631904 0.0352291852815686 -0.193395487523279 -0.27579645761892
-0.0777694756583867 -0.0220594861451085 -0.160530047038528 -0.339463378568559
0.00805300220936726 -0.0608819086559439 -0.0840117437599451 -0.363169666078914
0.141848668381827 0.041524871770169 0.0166411672952304 -0.286072214578235
0.0237396704052994 0.209588834724225 0.0800847754468459 -0.223546647570185
-0.196693922958841 0.129891666695101 0.0196896214981242 -0.0168310695645337
-0.285766799761903 -0.144256938972137 -0.439087524190277 0.0940779410299519
-0.412003700705708 -0.294193899285079 -0.292523608119935 -0.158570071405423
-0.3792541549871 -0.164293891343707 -0.707727295281888 -0.383312142457701
-0.324700984874773 0.0562607609246093 -0.428505312128 0.102606423927832
-0.115941156028301 0.125087638758838 -0.00512308722971384 0.0372012723744425
-0.0505478415803427 0.0557210226834574 0.0233262922650344 -0.249794493958796
-0.086361057166877 0.0781106499584292 -0.142553490417507 -0.310375802828248
-0.0486560323255214 0.140960943047055 -0.228187826010481 -0.238088381111789
0.0104051835939677 0.127674796911375 -0.233001275990165 -0.181702394596075
0.0290252391368281 0.148807448469212 -0.202084137782465 -0.241351995727246
-0.0144588848925032 0.127267277141167 -0.145047991951954 -0.318991491041923
0.00972675612840434 0.115957784115241 -0.0463675216176937 -0.370186138723653
0.03455178333868 0.194305195162503 0.0717521901532045 -0.272978015024967
-0.110131865759561 0.293180420881509 0.104769297532263 -0.177811123413962
-0.317755803221928 0.171718772520828 0.028161763492122 -0.000343662091162402
-0.455792235625414 -0.069418904982206 -0.358447486446971 0.132907194784394
-0.555972950981705 -0.146819503538946 -0.130674944760522 -0.0622500584299071
-0.457504281201786 -0.0971879504169469 -0.669331134120579 -0.34710392968874
-0.467741526852724 0.0849172947730777 -0.482229994042467 0.213658106572741
-0.287073865511361 0.231071083220049 0.00915754244011246 0.159592310826357
-0.100762563010474 0.241660239223773 0.0484839266506399 -0.204666963569546
-0.0351559326532338 0.226782062316593 -0.143924390826453 -0.274877072379184
0.0462198474758254 0.246406971593491 -0.231349763060408 -0.189262615888687
0.103651111871144 0.208502778267824 -0.218412224828167 -0.111164926016397
0.124051639185649 0.238115119111967 -0.173433643747353 -0.174145143613234
0.0390291018432616 0.254798004422673 -0.0985336176112515 -0.260883222836128
0.00305446798175656 0.276232024872904 0.00708442437532055 -0.339288406413564
-0.0887932418888149 0.333059371723798 0.133942913028215 -0.245073737449896
-0.259058477160894 0.34857341092667 0.156379555466047 -0.139240274673252
-0.421500228586505 0.170958238264692 0.0974171829997599 0.0124620082746171
-0.563372525897914 -0.00547715652487765 -0.21759379339471 0.167152391637131
-0.619546718815614 0.0582222149206819 0.0612141717771016 -0.0088171641815391
-0.454472402148699 0.0473826593972769 -0.579682866629986 -0.276187342672282
-0.512974013408758 0.158273609214059 -0.466242187095273 0.320410106977929
-0.374914161804163 0.337612193890408 0.0326571474374597 0.26596625591251
-0.106705945138296 0.404794909852023 0.0620002054246252 -0.116224651805645
0.0388971215410701 0.34978962627538 -0.123810812352193 -0.179050169975122
0.145610088133254 0.317801817909866 -0.200223205394254 -0.100848991800575
0.182678777967084 0.255627981425806 -0.170185791173798 -0.0234945213747715
0.191993657476913 0.288251029014433 -0.117628498298701 -0.0866049615365206
0.0707120602189972 0.341192283685517 -0.0316738303093618 -0.170716983659468
-0.0212486512258406 0.389763264114372 0.0687926548628585 -0.263846163395906
-0.217357694908962 0.415819183898838 0.191693032233462 -0.186866292842946
-0.393597322107407 0.344484127262819 0.217441872045693 -0.0953275142952562
-0.475809797037893 0.12580477066108 0.210774859407638 0.0283772899025077
-0.585225090495761 0.0430146267387125 -0.0372682793616379 0.2012443348615
-0.563679129007179 0.253407374989503 0.250732903252615 -0.0195647287442476
-0.344124520079195 0.166834249099946 -0.457515066299949 -0.204844188170728
-0.456226080783198 0.193365582431906 -0.376420263028784 0.391671314587912
-0.378022099830122 0.384565289315587 0.0692627532681639 0.327604923775126
-0.0768353512358475 0.491719167221303 0.074011191008015 -0.00457987875095957
0.115595854470261 0.411023667133972 -0.0760107280060778 -0.0434778462430176
0.224057710861386 0.337135461810555 -0.131995310971702 0.0133079810680153
0.233118221984272 0.263252161602552 -0.0952917644492228 0.0692413272283754
0.228720817036882 0.296411540456129 -0.0459679519127093 0.00664858360521016
0.0826732616224344 0.371375987203623 0.0354056912336002 -0.0611252388936068
-0.0579693439000768 0.428984465280114 0.118491721999609 -0.149005481199801
-0.324647245629473 0.4051793798157 0.223455709027225 -0.0960177136832848
-0.466928123811735 0.255743262783805 0.26442811548664 -0.0386233771064138
-0.445797055052807 0.0453981034935065 0.33806597630752 0.0609321172179509
-0.518766696104949 0.0869251946608475 0.152031600390473 0.241987019922161
-0.392208348334498 0.366671972692349 0.395601110679726 -0.0779705600409909
-0.166708609959948 0.174709239266345 -0.323500246233842 -0.146301918629987
-0.354654802163678 0.137276493570324 -0.252207030430778 0.405553718140934
-0.343986186691772 0.343009426660679 0.09517366785303 0.336830866932572
-0.0422587484919488 0.480551019437958 0.0800332728005401 0.108500100427473
0.164988928768556 0.390173658135183 -0.00968824587017454 0.105127504946706
0.257163775421575 0.301167018655261 -0.0379608509798362 0.130864020183365
0.247022688497889 0.233908083156701 -0.00498645966062307 0.150030640231998
0.233866330500085 0.262676304884444 0.0290266856521477 0.0921030870539037
0.0855843319275532 0.346630204117121 0.0881405994778698 0.0489844684044503
-0.0890984265804261 0.396429421972097 0.138697609898895 -0.0155273385011094
-0.374781017880573 0.303018308408487 0.208164129904771 0.00717170439354509
-0.437720152748841 0.104617165999664 0.280932383480096 0.0204663761570753
-0.318256139754093 -0.0281925043202097 0.456296205351403 0.11690215973554
-0.377639418766292 0.142267464296776 0.316747121194771 0.286193493817183
-0.149828489616418 0.374480310714847 0.470147961603034 -0.147161552928271
0.0137249231235764 0.0827640888974524 -0.201891041725644 -0.100890922201764
-0.255240831154274 0.0189081418280546 -0.140272095064265 0.366377435739797
-0.293381862838799 0.238768457690343 0.0863695452787835 0.313856028122812
-0.0187592944094198 0.385193291989923 0.0734028996233175 0.212669379395258
0.169076492756335 0.300302133532495 0.0604483847792623 0.238306826099192
0.235809487641926 0.217405844154665 0.0624657958807214 0.229666054971047
0.222640983355312 0.170128913796668 0.0856776363237998 0.208305999387585
0.21733359606922 0.196579723428475 0.0996731775682576 0.161053647737046
0.0902223618940809 0.281700354032577 0.123185080127826 0.144157557751593
-0.0940370486526489 0.318618609867993 0.1245253825223 0.107387477737373
-0.344469881401337 0.165442325624734 0.147927077300847 0.0877816996995438
-0.303564659475927 -0.0425606403998407 0.271146555814931 0.056298191526372
-0.12368612553947 -0.0457020238974192 0.54818122272314 0.187739884727017
-0.195087090040727 0.215956260192906 0.432201588090719 0.323169662250744
0.10667500681889 0.302159581019741 0.469918559963257 -0.198851198289514
0.15832793411774 -0.0420499537351556 -0.111205088490341 -0.0721010782226287
-0.155561485616654 -0.102608942277677 -0.080112916708515 0.29828125565887
-0.221484945253151 0.106781661597651 0.0384946875863563 0.288014906133813
-0.00996489183982843 0.234508022951628 0.0563427308454327 0.302961295981522
0.132152369544102 0.165021265331027 0.116844578030321 0.336045992573739
0.168323545805084 0.101544384654429 0.146810423296117 0.292217658302809
0.166278515345352 0.0818332834211198 0.163726410709311 0.237405468353369
0.180474399195014 0.105919806746705 0.164443732374102 0.210825750157969
0.0975523113923205 0.192634815557533 0.146323224606674 0.217262709097037
-0.0711592739068429 0.219404027373244 0.0877456905614536 0.199892823207417
-0.243220137374093 0.042120939508957 0.0736463197123157 0.115531498875117
-0.105431676840056 -0.120480806632647 0.275448839012421 0.0487341541449745
0.0781619739048087 0.0116427131197779 0.623048662302124 0.255685916582181
-0.00884529583379318 0.29410954607271 0.489103091378002 0.329631874786398
-0.249412781588206 -0.348047780907436 -0.415833684394533 -0.24802809116701
-0.256334520760351 -0.122171731939247 -0.724480355956123 -0.361306357460272
-0.118809208445577 0.0841097677274062 -0.361514823822174 0.0182754092140839
0.0837887167146791 0.0332837019624602 -0.0429042611862091 -0.0641989469667487
0.00673773562086923 -0.111325930424998 -0.0323804462156313 -0.243922904827329
-0.117444899813639 -0.052989892687643 -0.148003378627081 -0.29053031679046
-0.122294109579568 0.028293233109296 -0.209283817840973 -0.240195282458192
-0.0848267781741696 0.0314081192379622 -0.21805042856755 -0.214492930843768
-0.0796781850603487 0.0405523297562272 -0.201564936060565 -0.272866878444796
-0.081682256109232 -0.017274938911662 -0.173596943516893 -0.336397431133774
0.00389572425412969 -0.0616077082867435 -0.097168797912639 -0.364354044344545
0.145504302375149 0.0336204027071987 0.0105180256932313 -0.291475404275246
0.0320947180335212 0.213093176298038 0.075363924986721 -0.231268313388112
-0.196766332659274 0.137996577696691 0.0217894558788359 -0.0176018423729282
-0.296036055049196 -0.134028798578177 -0.440177816467599 0.112277977147154
-0.427947022098944 -0.284241243237481 -0.296830919512561 -0.15755855353526
-0.388386860945479 -0.156253035212509 -0.729339129763909 -0.373949887919496
-0.324804733717875 0.0661868889622553 -0.429993843814154 0.116751981513942
-0.114148514977173 0.127735012842655 -0.00346409333037791 0.0373855902096666
-0.0526584967971081 0.0566807225517047 0.00951382642401779 -0.254220916193459
-0.0861828930130464 0.0850608486648938 -0.160111333426264 -0.308661156100505
-0.0437152786542104 0.146469305907163 -0.238888818103568 -0.229824717260433
0.0136522660921524 0.130250290545768 -0.23667505558168 -0.172634351236998
0.0338884357963711 0.149887450884721 -0.209656689705728 -0.236681134033383
-0.0119301421645097 0.131727747714855 -0.158567616551785 -0.31773371190546
0.0112780090108293 0.117551582328755 -0.0604206986592404 -0.37366143604821
0.0408168784980097 0.193781696787576 0.0664149466120164 -0.280181310927138
-0.100722229668443 0.302351348064476 0.102557214974338 -0.183861380272108
-0.31760617575641 0.184352289356978 0.031015322800847 0.000718929708604041
-0.466585955036928 -0.0524704400592376 -0.357590560820272 0.148451731929487
-0.568541414387464 -0.12875451699033 -0.129975829201415 -0.0642488595172237
-0.467665967517479 -0.0873894802053366 -0.690141487781881 -0.334744655503747
-0.470716804891448 0.100095765586761 -0.480862060125254 0.233587489137484
-0.284685940604218 0.24222856774666 0.0152481279851811 0.16072994611015
-0.0978476371404603 0.246293290925644 0.0362021884680268 -0.209528897840017
-0.0298224262212296 0.232691975431444 -0.160138555973506 -0.271639097463
0.056593645169959 0.248760157684332 -0.24180882764914 -0.17919305673186
0.110961326353018 0.207344012097841 -0.220104535668769 -0.101444782264684
0.133115162683294 0.234346806579389 -0.178748322934644 -0.168699033940828
0.0467003872071717 0.260020923820025 -0.10814856916023 -0.260216763188473
0.00928421718036689 0.280340860894352 -0.00532482028260306 -0.343055382082304
-0.0801869567260295 0.339056554058307 0.130273307446645 -0.254254447718722
-0.250296265337521 0.363886010395135 0.157219537520742 -0.144844668406032
-0.422521741060565 0.186894213619048 0.101897789024125 0.0126452383251352
-0.571876712175943 0.0150847626143608 -0.212403206933984 0.178455693875847
-0.622519697814847 0.0825181822200858 0.0643916704516948 -0.0161281998173992
-0.458523542891502 0.0585927870166042 -0.600529586093713 -0.26443247054073
-0.514693789222345 0.175637800477034 -0.463335525560162 0.341339398684195
-0.371867456719305 0.354412350723477 0.0418627616178819 0.268751047956952
-0.0979453993181705 0.412958890424506 0.0531472568963796 -0.12018052996732
0.0503590352108655 0.355511371062682 -0.13597653332712 -0.176727074180016
0.160104248108783 0.314576355514349 -0.208889444727272 -0.0895160921733639
0.192451654703946 0.250037970055901 -0.17010170816096 -0.0130303187374359
0.203505514640321 0.281740103006382 -0.120300399417516 -0.081301733237262
0.0824365819073855 0.345300857712388 -0.0380414891683395 -0.170638164342023
-0.0108637843573017 0.394135804252387 0.0599545840009999 -0.268576756669174
-0.207531209573141 0.428995868132049 0.190242282024529 -0.197431265067268
-0.386634958369584 0.362988732099188 0.221191164619796 -0.100133790921996
-0.481037768411892 0.141256551640273 0.216160696409503 0.0263180649830204
-0.591945726434958 0.0639761645554326 -0.0278197253188927 0.207930366045625
-0.558798322087141 0.278470616695909 0.253827867404117 -0.0328329747956335
-0.341056178599733 0.173244982008803 -0.476735942727664 -0.192747674855919
-0.455796701344499 0.209806373859419 -0.369573092938131 0.412009021544012
-0.375222648242393 0.402701609534979 0.0809890093563859 0.330397149249635
-0.0632384709486623 0.501921623694126 0.0696580237222234 -0.00737211428627246
0.131700435228409 0.411793477813526 -0.0837105072326498 -0.0404166097256818
0.240777195668401 0.330681658236489 -0.136572226718701 0.0244484634690852
0.24485964701727 0.255117570665354 -0.0925260070514888 0.0780109284249647
0.240097822163803 0.286699974307762 -0.0459990104960541 0.00994846061527267
0.0961116763169518 0.374580798476374 0.0334619573227807 -0.0629905408986655
-0.0478726874843542 0.434100690834099 0.114138270944348 -0.15388521598884
-0.316970995059189 0.420861308193628 0.22514072680335 -0.10535965600844
-0.464673858007972 0.27511155130014 0.270577660000704 -0.0427361319009154
-0.453337298770383 0.0584856000891491 0.345829924730477 0.0553404529083435
-0.521545846853132 0.104979999284843 0.165486130453457 0.242251345285054
-0.379583090267895 0.386935555649005 0.396724468162442 -0.0955217257144593
-0.159955902462164 0.175738721024734 -0.338668628440224 -0.136491968212533
-0.356046541155191 0.150062423950478 -0.240621600144669 0.421593724302779
-0.341201051525959 0.361146100793599 0.107095748602849 0.338127271094179
-0.0273058734889639 0.488642751092208 0.0801818059829525 0.107939580775526
0.183833489964377 0.388229856341582 -0.010610840430091 0.107906378680172
0.272472706108743 0.293049269411198 -0.0376943858823291 0.140643976278427
0.257910004890878 0.223907182887456 -0.000393082049719244 0.156063584990153
0.246067338891186 0.251357971387147 0.0312700541823469 0.0923961194230499
0.099868180669187 0.34790477020888 0.0910293204767516 0.0459237155642676
-0.0782437733064675 0.403220773732304 0.14018666310402 -0.0201738627264591
-0.372511427127471 0.32137702950354 0.21267710270907 0.00143115446724698
-0.43965195490058 0.118420320789778 0.286298729077158 0.0181935373128696
-0.323959534682164 -0.0213330896808712 0.463948090562458 0.108878110142159
-0.376019908910202 0.156586688333318 0.333157230319081 0.282495526294565
-0.134624719603722 0.386440329130063 0.468489166734786 -0.167026194774262
0.018511179030531 0.0769083312632898 -0.213354371101804 -0.0938815595024272
-0.259356489411745 0.0278340058896113 -0.129826373734152 0.376004578392193
-0.293026861463035 0.254511377598219 0.0958281457978575 0.314852414310474
-0.00555701264984099 0.390884644967143 0.077855421460259 0.212829038275404
0.184677216665413 0.295643778953109 0.0665522577844051 0.240077603777834
0.247765855293007 0.208609334106056 0.0686282865142921 0.235703234615903
0.23204881451918 0.160343756575317 0.0910773911315927 0.210273064543673
0.226953128898947 0.18615091665293 0.104309121607959 0.157707981674857
0.103939084905385 0.281753945620729 0.129781437068442 0.139934830714083
-0.0839357189604536 0.325971035696321 0.131207962912737 0.104703006673327
-0.346041835413311 0.181453092398905 0.153256764078057 0.0854485694690686
-0.309238348041643 -0.0332888136013418 0.276550893471051 0.0551308790808447
-0.12728844815383 -0.0452820747738471 0.558093685462818 0.178228820190852
-0.188413252828633 0.224722866086656 0.450230953900078 0.31584908086313
0.122554297684461 0.303550097677324 0.465487837792046 -0.21861538093345
0.161512415006405 -0.0531001828794083 -0.119966097421487 -0.0679850485970313
-0.162220785061509 -0.0975127540112279 -0.0713607714173596 0.303204905457105
-0.223331800945422 0.118057646132118 0.0457566454644276 0.289568222707529
-0.00127955790553467 0.237422540498648 0.0657505863079663 0.305420446203428
0.143286019114841 0.160097989244908 0.129175240058118 0.336058871815276
0.174912734782456 0.09411387542505 0.156129625140679 0.293487691531218
0.17246939446873 0.073201326193568 0.16958576137096 0.23502535260123
0.188238736648644 0.0964829954643937 0.170905331326819 0.204029033750745
0.109151392333628 0.190896412753763 0.156905774400631 0.211901263061013
-0.0629026751265976 0.226608958150056 0.0977593717506998 0.199040237154742
-0.247701530912367 0.05351145768068 0.0777978351911105 0.117532646713332
-0.112505785819414 -0.119440447714538 0.278510016542611 0.0453670320826436
0.0792862826330219 0.00742723919169688 0.635707380196863 0.242629320133807
0.00282842548663572 0.297319028672031 0.507100587405961 0.321782684897459
-0.270742250643381 -0.337549863908205 -0.428304458461444 -0.235040534208251
-0.264057833676231 -0.109995819494695 -0.742650800415882 -0.334512010737145
-0.113411089721227 0.0897599404894406 -0.36090654473139 0.0344499261865333
0.087247207059554 0.0252258948527257 -0.0465140361161456 -0.063348703252773
-0.00242128329539171 -0.112525687542412 -0.0495159386341183 -0.242398352641518
-0.12277751237627 -0.0440490980529173 -0.168174788486047 -0.281966868934752
-0.120957807485252 0.0371659604825287 -0.221578342311126 -0.229220808400233
-0.0850326986920504 0.0387245142668107 -0.223605439221034 -0.203550213642202
-0.0783228617907326 0.0466168889572543 -0.212846548788729 -0.264609496618703
-0.0847473903305843 -0.0111138683521108 -0.19030224420021 -0.328298708850681
-0.00124302987365324 -0.0613739713109306 -0.114958392766311 -0.359067180953156
0.147638854024151 0.0224925685947933 -0.00192664924147574 -0.294400676079685
0.0449249260989045 0.213825809531008 0.0645334203596313 -0.238240792647692
-0.191209166532193 0.148664356609171 0.022852404858194 -0.018299898671973
-0.305339117095316 -0.118649240232317 -0.435979296681214 0.137914451157427
-0.444553307314452 -0.262893440287808 -0.300927075772986 -0.149926879101546
-0.397540083562776 -0.139656805628765 -0.75030400506874 -0.345867585578387
-0.321616677629962 0.0806759686654648 -0.42622170827034 0.137036078603989
-0.10798293197532 0.131393603938285 -0.00104409512227514 0.0368299670374287
-0.0545379914662573 0.0575974546270748 -0.00861866304810648 -0.254855564773705
-0.0846486338934319 0.0923736436345202 -0.181997410730405 -0.299954177535217
-0.0347316368777687 0.15031258462582 -0.251155109337339 -0.216114872974672
0.0184755665172951 0.131296714584793 -0.23957872604718 -0.159177729349715
0.0408628713101153 0.148883189968498 -0.218186382033027 -0.226438093842793
-0.00656812291360695 0.136132128342611 -0.174491577613856 -0.309441126654431
0.0151996747157799 0.118393437833141 -0.0802424090261021 -0.370492711993502
0.0500650652420639 0.189982526106786 0.0553110328566417 -0.286282170722873
-0.0843761925715878 0.310576777763139 0.0962686091968289 -0.190608613733473
-0.311786985427668 0.201359400120755 0.0336507244740961 0.000402867496658311
-0.471810356178371 -0.0279514188934113 -0.349247262647604 0.169213174898929
-0.573775951844427 -0.0999815492976523 -0.13048108172672 -0.0649461335006684
-0.472464417060139 -0.067317359096055 -0.712641372770728 -0.305732195024663
-0.467044705642695 0.120217080283426 -0.473409636510138 0.25893436723526
-0.276037277561702 0.255661905653644 0.0233486965792579 0.161229339820926
-0.0898744132297839 0.25090794851742 0.0214333597263028 -0.211088619088044
-0.0192508492422573 0.23687109286627 -0.180012595889157 -0.261883327668073
0.0710140667842947 0.246561604723897 -0.252650792202918 -0.162701971626473
0.120187181616198 0.202014918813478 -0.22044195363265 -0.0870176380760652
0.144400251745854 0.22650196518281 -0.185375843588447 -0.158289398140264
0.0591154002796889 0.261113951065938 -0.121459273543393 -0.254334515908589
0.0206644709396286 0.280665502725773 -0.0237931671047069 -0.342772453052105
-0.0637955666694904 0.343476691345042 0.121033863979489 -0.263287858552721
-0.231724910742443 0.378690273188108 0.153971691264719 -0.152231817775161
-0.417875708307147 0.208001396204528 0.105768426394633 0.00981730192770541
-0.572382629970146 0.045197387635846 -0.200617208516061 0.191619205378611
-0.617503635578269 0.116718723734302 0.066814998412899 -0.0246452783681681
-0.455949165741866 0.0764414477816312 -0.620360049377171 -0.239812608731486
-0.508699461207593 0.199210335610022 -0.448409700372012 0.367317467817093
-0.359044505094944 0.375387497141978 0.0561388595969806 0.268752530737717
-0.0819779917650181 0.41905562685292 0.0427055019558668 -0.121590456459658
0.0683958611343414 0.354601473997311 -0.150903393942855 -0.16846680401677
0.178645045473019 0.30589084527801 -0.216377007504978 -0.0738897806629286
0.203930080390671 0.239142363546354 -0.167019027578383 -0.00017314758807757
0.216373389733989 0.269021262531072 -0.12243328625499 -0.0727790153611823
0.0994804647267992 0.344554790665777 -0.0458522659240662 -0.168421437889124
0.00516606786594986 0.396200684772066 0.0455241391738509 -0.271500371171805
-0.188078741464577 0.44091021970805 0.182907993935865 -0.208942039556953
-0.368438687733801 0.384437798423375 0.221246520624339 -0.108664574748172
-0.478313701561443 0.164906703647533 0.221733967388891 0.0193659612194899
-0.590056419732955 0.0951244503023242 -0.0141733172405566 0.212065961184765
-0.542184322635936 0.30929144629378 0.254283791838022 -0.0492419043480909
-0.334420962042958 0.184105414331531 -0.492764326387696 -0.170215833761403
-0.449601750630445 0.232535500311905 -0.352439647063774 0.433826550776802
-0.361764087542836 0.426399562948941 0.097080907863355 0.329125484247818
-0.041095950946547 0.506149608760887 0.064735761800016 -0.00934018701734591
0.154466617092429 0.407105300732681 -0.0910721986934934 -0.0341382904011743
0.259597001087543 0.315151575611615 -0.13882655460576 0.0384255415232745
0.257702223271493 0.240009885767585 -0.0866660822445234 0.0872638297888759
0.253900013627004 0.2705547107132 -0.0455213662995682 0.0147950686890933
0.115193509666935 0.372587342802754 0.0311118640303947 -0.0639100978585847
-0.0289012807045963 0.438810391909621 0.106788025337667 -0.15935013243389
-0.29938344375535 0.440517494861086 0.22230973013004 -0.117262197763538
-0.452445993444678 0.299154216349912 0.27420806346475 -0.0505773950915307
-0.454305823969555 0.079744439659719 0.352387513775661 0.0442857116357464
-0.516624759976575 0.133910344064528 0.181915348092473 0.236893319749605
-0.356192295343916 0.408718079052415 0.393056517865552 -0.117693459162374
-0.151184270546028 0.177637026974332 -0.351686329129727 -0.118420082705405
-0.351939548070241 0.168000352269632 -0.221388240272008 0.436732159108111
-0.329363426406047 0.38276438561203 0.122800316966033 0.334838436835995
-0.00327622474877682 0.492028961870559 0.081856890746166 0.104750251856676
0.206875850561135 0.378945277529495 -0.00912306782119531 0.110118654467601
0.290718025636134 0.275814474415755 -0.0330778621669814 0.149354262790013
0.269860464422539 0.206785826154444 0.00716769254422439 0.16058270199969
0.258927598185142 0.234284826689429 0.0344277705090535 0.0916472381536966
0.119649522855194 0.343741567693239 0.0941840068420586 0.0409031761631656
-0.0583174695648326 0.409561907697982 0.139990385845784 -0.027228004339632
-0.358644054201583 0.344513158688492 0.214188929035849 -0.00823786944018134
-0.435905679327646 0.141278486695007 0.291491264441026 0.0110482819224239
-0.328570755387798 -0.00746795035215825 0.472576970845163 0.0919309268086655
-0.368246176726048 0.176118253284264 0.351481611460554 0.269978015367572
-0.109975039376796 0.396019882513577 0.459202796592639 -0.192181304535445
0.0233375624598308 0.069411635550483 -0.222948152044146 -0.0802970426072702
-0.261063044954134 0.0418030738447036 -0.111949245918953 0.383323962576347
-0.285118345927827 0.273711611186605 0.109938618434469 0.311684482410157
0.0150439912935349 0.391851586031343 0.0855727201980255 0.210769466682031
0.204561902181465 0.284538007620707 0.0758514441478692 0.238427893050316
0.260849635449282 0.1927095636419 0.0781314703902791 0.238485125027541
0.241714100396379 0.14456744623239 0.0991764171788323 0.209512433438625
0.237851976596128 0.168816749822685 0.110105571269522 0.151892678193085
0.120886920328774 0.276942263580998 0.138286102330849 0.131790846739576
-0.0680981915245216 0.332537707552956 0.138067149299884 0.0983629308290785
-0.340529766643492 0.202397011509669 0.157948050678878 0.0810245049521775
-0.313069145615764 -0.0189865555699831 0.281482933280501 0.0484343123729779
-0.131451944696605 -0.0417567099343759 0.567785020156345 0.15627557655227
-0.175080940540068 0.234888769395992 0.469903060509345 0.298159302672743
0.142554900959886 0.299061142364298 0.45200514208094 -0.242353265343753
0.159648830650108 -0.0675817978845942 -0.127469864708572 -0.0598112605497452
-0.168495525384522 -0.0882487797478219 -0.0579334797706098 0.305913784912785
-0.220203629823526 0.132843501625588 0.0567675612628985 0.288692115972472
0.0124438404179292 0.237770946521645 0.0802128412457352 0.303324026163969
0.156036583923947 0.149988834732888 0.144936535964283 0.331728731602852
0.182108787061456 0.0825684737878974 0.169946278365899 0.289855149889865
0.178311085865137 0.0609152405657341 0.177374276721885 0.227945016465135
0.194549849822893 0.0824867654651368 0.178703928144412 0.19232070594553
0.122663982609174 0.185082004351669 0.169950801482139 0.20178838851469
-0.0498310931720202 0.232742292171179 0.109850185698223 0.194944058091826
-0.247891409211935 0.0692619484283061 0.0826243607601637 0.117364370609041
-0.120128699364338 -0.114430294070722 0.280558266024687 0.0374196144572462
0.0796050342096311 0.00209835515877908 0.647964951018135 0.217072774086671
0.019552692696971 0.297962297537289 0.526959456706958 0.30287877960905
-0.335443460433593 -0.279061681031426 -0.424417235379485 -0.169747478480803
-0.293204958547916 -0.0549190512567798 -0.762207918045496 -0.223865826859992
-0.0981521441973621 0.109949983663478 -0.344417264657825 0.0794310094529214
0.0880835027365273 0.003307345914731 -0.0589184087858055 -0.0510148037864502
-0.0271518622272566 -0.113330848571863 -0.0847142327360647 -0.224585405214493
-0.134084849295574 -0.0239308214844198 -0.207355826609934 -0.244544342129957
-0.117803250520233 0.0595156089911797 -0.245446129870727 -0.187811810821163
-0.0819211577169279 0.05242238562794 -0.24095656735013 -0.165145049008302
-0.073557847459737 0.0603401572840145 -0.240374216518909 -0.231651887012716
-0.09057373467159 0.00876025120018175 -0.226300611114363 -0.297643276971721
-0.0164306111290346 -0.0580988261060803 -0.158431177759741 -0.333384932663925
0.143514962428713 -0.00429818533504336 -0.0404760644857004 -0.289505111806366
0.075034311160446 0.202303895490233 0.0311854899474479 -0.249008847798776
-0.165204468413963 0.172799606108101 0.0263130107059678 -0.0175386935930571
-0.315332597831449 -0.0679431322637015 -0.402525611581086 0.198494692244265
-0.485748886295445 -0.176394883857505 -0.290130491361968 -0.115678678752241
-0.42829321770379 -0.0625284475351392 -0.770286025423516 -0.235936478908313
-0.302313405808382 0.139319677003859 -0.386636173521986 0.180504768439217
-0.0816864426500856 0.143785624773342 0.00198991102913837 0.0270204191201665
-0.049601470532811 0.0591342260496514 -0.0536209073489048 -0.248378826642836
-0.0771515600205891 0.100587922682708 -0.228128218218779 -0.260002205978986
-0.0126826064833704 0.154412872994558 -0.278136130257877 -0.172656583617406
0.0312831872023786 0.125734619976904 -0.251380560180466 -0.118099735320831
0.0588671782714211 0.14057852140611 -0.240930903551183 -0.191975938895328
0.0101400271557848 0.139445203162799 -0.211949234733293 -0.283593666708286
0.0265875443573491 0.1130687707417 -0.128146136424617 -0.350794977183148
0.0741590209412387 0.175642429741721 0.0179825866076841 -0.29361974637084
-0.0361742597731873 0.314788803148598 0.0747350955767815 -0.2064041039467
-0.275521910588711 0.241189541393402 0.0435455046512111 0.00310029149124096
-0.465054575276604 0.045322294030411 -0.309669681224426 0.220833083227038
-0.576336280732552 0.00599924201555791 -0.115312151908043 -0.0679172747509627
-0.486319853587598 0.0182232449569193 -0.729892405697377 -0.207316304153208
-0.438724007767514 0.204393035712148 -0.411890108835168 0.299091764723898
-0.221323532999756 0.298193659276211 0.0442600236060337 0.132566088858387
-0.0517776206099167 0.252159298528363 -0.0265265533400143 -0.213542655040728
0.00946630843739828 0.23059649194259 -0.226388242187263 -0.224214624228539
0.108665589724154 0.229703802434551 -0.276993892256509 -0.122224602602668
0.140536717499064 0.178567288294302 -0.223698742669442 -0.0492484662037416
0.172989676244579 0.198934387181835 -0.200703662094122 -0.127604376261696
0.0955681645626413 0.250676542377813 -0.15341235362006 -0.23681886446083
0.0582642874342028 0.269852116918773 -0.0715521657308884 -0.333841745660894
-0.0138366219121815 0.345622533788139 0.0876429338602723 -0.28399502008624
-0.169662517889628 0.402008535347975 0.142516912930214 -0.175567337000083
-0.379472583347205 0.261860245944749 0.117558586628762 0.00669968855212458
-0.553132991581112 0.129746446087366 -0.159750981662973 0.225419521072544
-0.573848239981483 0.221367011021223 0.072280245809211 -0.0648745192427914
-0.443393283435797 0.1526796513313 -0.635809753698348 -0.155464072841315
-0.463255294509152 0.292048589608399 -0.374839670610059 0.39764759291587
-0.282411127383434 0.434144996591819 0.0899114344429044 0.22584959072748
-0.0143778971108723 0.414671018595573 0.00140834603416914 -0.132074236092512
0.115301767212801 0.331500402738202 -0.188266576436845 -0.137496409372284
0.225366779154176 0.269290326981635 -0.232598504183915 -0.0405879689068667
0.228365626825116 0.200455072388637 -0.160814674570817 0.0301329242145123
0.2504955827953 0.227158281430268 -0.129649878858166 -0.0514241087765256
0.150651914318058 0.324223996890704 -0.0699746572563744 -0.163680989346424
0.0623857849017248 0.383773267427987 0.00495685827681501 -0.275579651568495
-0.119744530033563 0.461502815549401 0.158861034392778 -0.239829327562481
-0.302787453863524 0.42740556737474 0.219448125306027 -0.1396853400855
-0.446858802170887 0.227828926072789 0.232436850831554 0.00439173758119354
-0.562352276946141 0.17721616359994 0.0261105757072058 0.221841086740695
-0.460961837587746 0.391678707361579 0.238948468447924 -0.118086299902894
-0.302163671501459 0.235378981228914 -0.509355706990752 -0.104192425752591
-0.39763160240242 0.312974137315193 -0.275343582060078 0.448378763957636
-0.272484016626913 0.486117591771619 0.136478344806335 0.276231792489097
0.0406585515460071 0.495768037479765 0.0365165783016843 -0.0255432033029293
0.211038747278339 0.367548711440155 -0.112552377382275 -0.0154044276616491
0.310002368270058 0.264798538281659 -0.14283988549991 0.0570034767237606
0.280447679869612 0.194039924261468 -0.0721523358826228 0.103887431707387
0.288854528801882 0.219959502980308 -0.0440160739296104 0.024148114959914
0.172795550325188 0.346177220578845 0.0185959756998648 -0.0719449700330941
0.0383168823569012 0.429548460998419 0.0799108887303858 -0.175440821418609
-0.226263761576544 0.478669584143853 0.211029252999754 -0.154519653404598
-0.396782902938373 0.355341610488285 0.280754476197222 -0.0850375413475358
-0.436142556889445 0.138740370473156 0.361684342295111 0.0131590376391477
-0.48590173271571 0.20175046407599 0.219577860456839 0.220982753357226
-0.261771523027276 0.452916989110041 0.352374856431455 -0.19881516919942
-0.124765565214189 0.193797025646287 -0.367506357409553 -0.066192589266917
-0.312356761874225 0.233169010882265 -0.146659458997971 0.435646813959834
-0.248255399352758 0.438435377644611 0.161346882246686 0.281075492675402
0.078326949388609 0.478580409791858 0.070855537998627 0.0843853564850631
0.261421454761404 0.334083151861325 -0.00957840611270732 0.112665335899409
0.335841414755752 0.219984710836352 -0.0237704177449448 0.149825590486945
0.290411377705179 0.158049306454149 0.0275174018693649 0.161032563909534
0.289251922791533 0.18292462785606 0.0427554675306049 0.0884270784277737
0.173853009681184 0.315551080445325 0.0937075777976492 0.0226677537616207
0.00625431033117762 0.404355602503178 0.130097291002274 -0.0511764267807986
-0.2989529419266 0.394779911749656 0.218148252562714 -0.0431442219827833
-0.404875886961596 0.196965072036289 0.303692757901736 -0.0207816487830108
-0.32646761028396 0.0336693776191542 0.481562435010202 0.0426940303514866
-0.331865495135433 0.22087294702594 0.386559522360173 0.228288445656556
-0.0252678861204683 0.394204454358564 0.398263872883352 -0.269491464248493
0.0279756713682595 0.05754040735889 -0.235302426185211 -0.0399273485953406
-0.245103212336532 0.0937129589571127 -0.0453515662901673 0.374213122250349
-0.22495427814817 0.324869899253664 0.147756684049302 0.265868630446979
0.0820906894126007 0.380309276924001 0.0964868719440923 0.188060840162628
0.249268547773067 0.243755862772572 0.0960837082735862 0.223543499112601
0.295440289142572 0.142708070402989 0.0997171154978187 0.219663465743152
0.256179666654119 0.100868355910812 0.121977017985378 0.193319289693463
0.259767628130946 0.122089283484226 0.123368153041388 0.135224898756251
0.166322885219675 0.248345514332962 0.149365414747127 0.105751409855149
-0.0111792538465404 0.33188194242609 0.146175158140747 0.071862315552829
-0.302495253597564 0.253632355443277 0.173278175460316 0.0562617339678489
-0.30941868394041 0.0232171095539564 0.291333625969438 0.0207483725429723
-0.139287054619808 -0.0296237179527575 0.579248648664665 0.088112456638533
-0.134775597796812 0.249763432497309 0.502067267356422 0.238237803900487
0.200286000043258 0.254243646551812 0.380807390514801 -0.304395052506771
0.138254367026686 -0.0998539917627975 -0.135463679561697 -0.0268838654952812
-0.177029604690315 -0.0499574549876067 -0.0016781317174897 0.29658000854964
-0.186617561258111 0.176659175998873 0.0970570794619191 0.258086755772526
0.0564131476566402 0.232542942713002 0.113747245995428 0.280978405469431
0.183256471389899 0.121392552432511 0.183220273218124 0.30064202237597
0.199558536960172 0.0488268153094917 0.201322696102191 0.256879944997628
0.185059489728262 0.029305410654859 0.199112987379893 0.198598773266132
0.20708826325354 0.0443875393909033 0.196070776548469 0.162902909736722
0.154888448099464 0.15699413166627 0.190186828969147 0.170532804155835
-0.00751669502242921 0.234161571579217 0.133360455536128 0.170527859765901
-0.232610497565696 0.109984278348654 0.10152080140152 0.105973892633185
-0.136788895566249 -0.0972470221339689 0.282128030384076 0.0101619150435086
0.0729650061185077 -0.0186155824680625 0.663652487217463 0.132379008454359
0.065090045243487 0.283723242717411 0.55436685617207 0.230085962959935
-0.337936709688842 -0.258125097657426 -0.416154898418368 -0.156241528709485
-0.285742880445911 -0.0438469433770157 -0.748349963545055 -0.197234556841056
-0.0902704489687036 0.108847244096819 -0.330120948567581 0.0852586966901503
0.0856492260540963 -0.00380099775723022 -0.0586473522649459 -0.048715943114262
-0.0339481731550957 -0.108786163159715 -0.0920777906275829 -0.211523519650801
-0.131910292631047 -0.0144125226135196 -0.212679974472661 -0.22523224471826
-0.11058336563678 0.0639593425089085 -0.245558042910575 -0.171193599496242
-0.0777684743184942 0.0566177564154175 -0.234527824524083 -0.153745517162522
-0.0688844490934375 0.0623998337899197 -0.237338702079735 -0.217721836613617
-0.0884410284005909 0.0145050848290936 -0.229072281307935 -0.279359947437422
-0.0204667670037202 -0.0557708200212576 -0.164328092726362 -0.315300752156062
0.136727479277164 -0.012782801899529 -0.0474429041813211 -0.280156693377126
0.0825777335061329 0.193632399090394 0.0205585567466043 -0.244139109242788
-0.154013811512215 0.172848319712454 0.0261450140284302 -0.0179088162564417
-0.30838443718523 -0.0532091344796449 -0.379720190604865 0.208704510998026
-0.475429282087041 -0.152120119999288 -0.283214635171587 -0.109305697957533
-0.41744462690855 -0.0475801694090519 -0.755583392066681 -0.208507066949222
-0.288320309174335 0.144071875041846 -0.367499285210894 0.188107026550368
-0.0752100458319966 0.139740217251269 0.00460021961633602 0.0258697837983717
-0.0495616199010455 0.0589444730909703 -0.0627877794707038 -0.236173479921083
-0.0715726302078318 0.103804847117345 -0.234895020981607 -0.239368085535788
-0.00607511950377974 0.150728972029936 -0.276184228909868 -0.153592270407388
0.0346703339724719 0.122369519992218 -0.242559744307393 -0.106158432350279
0.0602778497778519 0.134079268465448 -0.23686640174978 -0.177369620320636
0.0142805188771886 0.137690694040174 -0.213213555841487 -0.26482678927983
0.0275509494294423 0.109205516182071 -0.135060761957363 -0.333579387341038
0.0761510930296081 0.165355602126058 0.00917046432338007 -0.28702060010198
-0.0219210850096153 0.305013460038413 0.0656430446432204 -0.20320933892218
-0.259617363869984 0.242970058587589 0.044195368525197 0.00229934196122315
-0.449019781628968 0.0615041026898586 -0.289942973592928 0.225540420957681
-0.556147086129078 0.0257824499702136 -0.112224664370986 -0.0683450478961281
-0.472817098933296 0.0315142756169761 -0.716295454427893 -0.180769357856934
-0.418368646558433 0.212662780296145 -0.390480465453863 0.305850696261147
-0.207383909817044 0.29644580487018 0.0503052240519865 0.127622790453548
-0.045068461628175 0.246296865107481 -0.035698912272516 -0.203843481260323
0.016541043905557 0.225374333763895 -0.230665156532346 -0.205131237939489
0.113396631831511 0.216694140635452 -0.274028140804489 -0.102537678561032
0.141369297524166 0.167905599682804 -0.213435394337468 -0.039007975545705
0.1724303048199 0.185107455321288 -0.195514061259261 -0.115109652530481
0.101703074737378 0.241812399029593 -0.156459258702677 -0.222969113751351
0.0637430221951214 0.260136193897782 -0.0807719988882867 -0.319654570006696
-0.00238473512962881 0.334420065595221 0.0771063761304441 -0.279184077741681
-0.149137327202796 0.394510878565277 0.134864002605785 -0.174842142321321
-0.359432052174798 0.267171445708404 0.117692223551264 0.00389873542773487
-0.530145680263305 0.146616145397012 -0.143598270730395 0.224948714058296
-0.544658378094733 0.234563146748732 0.0694990935362224 -0.0711778005679836
-0.4269254624557 0.158768204721324 -0.624285249537563 -0.131418823517718
-0.440327499056357 0.295681914378329 -0.350785117157094 0.401440612784394
-0.260713715893943 0.431341559312547 0.0965225143110867 0.216972110959248
-0.00291050058144359 0.404523574941545 -0.00507161320133122 -0.126151621355867
0.122712334816272 0.31626524913077 -0.192143632594156 -0.122879717687579
0.228150216585026 0.248625104512922 -0.2280472529814 -0.0235618406345112
0.226555798803776 0.185518764548875 -0.149850897839953 0.0366831664196857
0.247431632080716 0.208228729608231 -0.124637769281952 -0.0432620868610755
0.158361117036406 0.309916415615122 -0.0728270176485424 -0.155175921278024
0.0710535667390927 0.370818994941413 -0.00465086256000094 -0.26587979655845
-0.100694897127423 0.450682932837033 0.147146575468767 -0.238912189594442
-0.27851176799768 0.42355948967656 0.212227693530999 -0.141147896641152
-0.425489620949553 0.23569042610566 0.228950538290418 -0.00197472490334399
-0.537844361151207 0.19218953184963 0.0359697615201104 0.214936368494956
-0.427955209550162 0.395361476124645 0.228498173350689 -0.126613447538778
-0.287927487146272 0.232553623093642 -0.498931535203761 -0.0837589925837705
-0.376701428693395 0.316078761850058 -0.250934055721804 0.447977338446468
-0.250795495231742 0.48429608852342 0.143159926647501 0.2649920810797
0.0535691472160558 0.480405796934213 0.031933362911433 -0.0241840665686165
0.21703534068871 0.348844201564584 -0.112519665630599 -0.00811410557129456
0.309330706325029 0.240016078283009 -0.13711594502397 0.0686342331489966
0.276760910967286 0.174449593393362 -0.0623535913683463 0.105901271513246
0.282864382159256 0.199550536674632 -0.0401444055016089 0.0275523646561202
0.180547428591816 0.328621172197287 0.0166137338991612 -0.0700701252270401
0.0497006568379791 0.416404830345187 0.0711684987939569 -0.171287550912198
-0.204444948118478 0.473249908720195 0.201008681184502 -0.156680303254584
-0.371986365968877 0.356787512805646 0.274798891683515 -0.0886675755175095
-0.419457623002281 0.148745886742961 0.354741555405542 0.0028333605350491
-0.461416349860236 0.213278259945869 0.222966656309744 0.208207990551008
-0.231795550636945 0.446410472152758 0.33434282764565 -0.208045348753083
-0.117169948166729 0.186451872010896 -0.35970634118498 -0.0493016911296212
-0.295794257361802 0.236077807836856 -0.128287474697891 0.431288589867456
-0.227776272225675 0.43788615382108 0.165904685633922 0.268720821356778
0.090598646357621 0.46092808359764 0.0690386802786337 0.0804206406681502
0.265800581580638 0.312198029390277 -0.00824882120146174 0.11155537291097
0.332752352997261 0.19492528002005 -0.0177908861964224 0.153503673344011
0.285305774833477 0.139098682223195 0.032945624201454 0.158520479143938
0.282209058088117 0.162955128370526 0.0437524274778481 0.0863586966859349
0.181703160857165 0.298374062104994 0.092223987005885 0.017494358497289
0.0199449635962786 0.393215810013255 0.124772042816105 -0.0535575657263075
-0.276360069988548 0.394983947610941 0.211250014929868 -0.0471597106086244
-0.385538358062469 0.202628347088112 0.298063196262486 -0.0260711299651243
-0.317262027067862 0.0425516085308122 0.470190213166589 0.0298792261067847
-0.310541396549005 0.225017593264561 0.384388363888101 0.210643009729374
-0.00547408075189781 0.38114644709336 0.375628289629604 -0.275969208654793
0.0261743698891401 0.0488712268703903 -0.230168525849031 -0.0273195547177485
-0.234926053894996 0.0991323383986991 -0.0322794040137769 0.366139252331339
-0.208157777837471 0.327246172214893 0.151061914528531 0.25439072205706
0.0924628018202516 0.366302373124007 0.0979144903561519 0.179914802338321
0.251113745272416 0.222377187316681 0.0992628640034562 0.214523204678723
0.290842879329151 0.122732449975463 0.104412602162267 0.215132894200168
0.251120151476134 0.085014361605258 0.123667705648061 0.186663301371119
0.253635664231863 0.103505220797742 0.120959737660226 0.12756639748698
0.17219487528513 0.232197771043123 0.148889238359264 0.095321241641953
0.00148669664137469 0.323261032610534 0.144588231948191 0.0641601591895738
-0.284150555463845 0.25915180920917 0.17047627723567 0.051874431804589
-0.299480328299688 0.0314606488483166 0.286629304633027 0.0156751612046458
-0.136924708747993 -0.0247979742306625 0.565847148390356 0.0702557363563754
-0.119146809784671 0.245400898423309 0.496112838715321 0.217009604372018
0.206694438152114 0.237994988131573 0.355981385357985 -0.30777738788143
0.127401353818815 -0.106522521925562 -0.133489188533724 -0.0183948499666169
-0.173561832506857 -0.0412815932008139 0.00599205164962561 0.287094512338539
-0.174983631033889 0.181892502655328 0.0997218514335249 0.249070973380433
0.0642209452063241 0.223115580779827 0.117429725139594 0.268063220883233
0.183637108790949 0.105811198358344 0.187893688972477 0.286025120045735
0.195557584013938 0.0364304033723847 0.203362166241932 0.24454513625603
0.179982513262088 0.0176973365728808 0.197175270722638 0.188938190359314
0.201556226432436 0.0300415478137339 0.191057363391385 0.14966392509884
0.158806586547363 0.143659256174425 0.190397983042068 0.155752877454916
0.00315702227108268 0.228897343129706 0.136467605165772 0.159819037267973
-0.221336053820243 0.118158126526509 0.102024695563941 0.10339661761463
-0.137317208505061 -0.0901833519673345 0.274818989081003 0.00527137073901239
0.0691261558032762 -0.0206650560177167 0.646406558391455 0.110006631490375
0.0755212469598889 0.271570147872321 0.546222386272342 0.208111654916759
-0.334095731598051 -0.246219374264621 -0.406995928070496 -0.153280596513322
-0.279304933712967 -0.039321386527013 -0.735516350830766 -0.189067842902978
-0.0858334864703392 0.106746282591393 -0.320993942797716 0.0835743306227787
0.0829513960763296 -0.00894265307950737 -0.0564600193297904 -0.0477611810400283
-0.0375792929930291 -0.106373253598529 -0.0932040575698574 -0.202867920751369
-0.128361340965163 -0.00865070903878555 -0.213486513213231 -0.212185532072874
-0.106177003388851 0.0656192685790755 -0.241746109328979 -0.161574683864574
-0.0751137221487439 0.0582209516295205 -0.22697671948513 -0.149595576219117
-0.0661964653190439 0.0635522218562351 -0.231653725700948 -0.212329673861674
-0.087505332074534 0.0183207710923631 -0.225264311789304 -0.26898221055502
-0.0230059758411004 -0.0549004564504484 -0.162239742944854 -0.303793646548741
0.130960249168016 -0.0172381898933514 -0.0474151858492257 -0.274628383716916
0.0859465703952341 0.187119673793947 0.0157377737506394 -0.239318651724569
-0.148920972955808 0.169493899492015 0.025740019921026 -0.017154901673134
-0.301431606166542 -0.0477831180938437 -0.366935573450193 0.208488685110174
-0.46596086549366 -0.142337010849857 -0.275383380532643 -0.109990993883694
-0.409149200459587 -0.0440086133976688 -0.742633430135763 -0.199611370156053
-0.279519184663821 0.142490279357572 -0.355142507422714 0.188332054175538
-0.0731478603043707 0.134840909283419 0.00724712516890087 0.0246832256683674
-0.0513807037160253 0.0583320533624217 -0.0650038508361873 -0.227306784173482
-0.0686387793818234 0.104874788213334 -0.235271431714724 -0.227067979600951
-0.00339650824576307 0.147261077097446 -0.271793577181737 -0.141646415229259
0.034477115840896 0.120453829197234 -0.233200103423893 -0.102138795610488
0.0601030763125867 0.130592138007463 -0.229911885898093 -0.170928804628988
0.0152244486967598 0.136501365720766 -0.210154478618106 -0.2542055932359
0.0256903881720717 0.106758779283654 -0.13445036938055 -0.322332213807834
0.0747521895146883 0.158099506023218 0.00789584306617245 -0.281469341468678
-0.0162605765187645 0.296938079462375 0.0624677727625201 -0.198193705931792
-0.251371169992066 0.239609361992218 0.044561725234411 0.00243739078441992
-0.435619379855412 0.0653396378359752 -0.276409897228136 0.225273606793001
-0.539091024716299 0.0308299290690358 -0.108323260940933 -0.0720529587335139
-0.46282720573584 0.0321226329963613 -0.705575663639008 -0.17225077210761
-0.406579670034232 0.210072616198988 -0.376068834019892 0.30466401722521
-0.201289867472799 0.29188303336739 0.0530833149343291 0.124195935711657
-0.0448198444221782 0.241463639137442 -0.0378890968315394 -0.196868561668822
0.0185885005913985 0.221726115628138 -0.232004711406008 -0.193867142218853
0.113651561634231 0.207829204991978 -0.269466222164938 -0.0901682475003878
0.13920629615701 0.16259620887706 -0.203851768915974 -0.0353564994813904
0.167784534015318 0.177378319228431 -0.188038470266842 -0.109258914815085
0.102807121144367 0.236947857979793 -0.153655234787688 -0.214761407564221
0.0625716645766391 0.254341656985226 -0.0816550353503816 -0.309262802530433
-0.000551799580153887 0.325317688499533 0.0737499583114146 -0.274573549998733
-0.139805801613516 0.385709288124065 0.13255421578896 -0.17170464310961
-0.349205321835946 0.264063643881341 0.116511151656653 0.00347397209147087
-0.514712727857293 0.149338852452002 -0.134362833783718 0.222282636557235
-0.523958386729125 0.234449387415444 0.0689164909809388 -0.0762366437048773
-0.417358532472413 0.156620694862656 -0.613676425452015 -0.122407125504578
-0.427578778778727 0.293865967321045 -0.335400947545833 0.39753410700883
-0.252066380407016 0.42666433670047 0.100224089559286 0.211637304695336
-0.00294863529523892 0.394681484211857 -0.00841713153582447 -0.121148042231421
0.123819803245133 0.308734300988313 -0.191435697692618 -0.114243407598844
0.225279548186646 0.235551246627064 -0.222828367014045 -0.0122683766945199
0.222114936678105 0.176498082982191 -0.141890162836456 0.0385249623445404
0.240364846988541 0.198057840518798 -0.118715050295546 -0.0387127552179299
0.158620971011825 0.301547368306177 -0.0717673488435166 -0.149463874619302
0.0720697066470348 0.36239785315615 -0.0078163113043676 -0.25830174653959
-0.0947697275963307 0.440845464002185 0.143382773468903 -0.234931927083314
-0.267189665686726 0.413470371536382 0.210129199485442 -0.138881831708909
-0.415931016550321 0.23414743434978 0.226257079464465 -0.0031121639326399
-0.519941528308083 0.193251090546651 0.0402244854546438 0.210218909564537
-0.407137436227816 0.389293281043071 0.222663884093464 -0.131049860090417
-0.281598116195377 0.226183878918031 -0.489160210484766 -0.0755566357775691
-0.365170294902305 0.311530358517644 -0.239459226876624 0.443422511821879
-0.240506742785146 0.479715693369088 0.144956880269971 0.258290735619925
0.056515367972483 0.47036050587559 0.0290204029336712 -0.0223222920316604
0.218324028867939 0.336811570116237 -0.113300536347031 -0.00408555362488507
0.304518958154309 0.225171843141854 -0.132535053995102 0.0770110408104696
0.270544874372499 0.164065641779061 -0.0567829651325183 0.106259706376404
0.274665049625189 0.187898073105907 -0.0371604267814064 0.02999567990121
0.181814678150999 0.319152414690466 0.0161455766690598 -0.0690225992719673
0.0516685083426668 0.407156586126106 0.0679058970129364 -0.167576358138293
-0.195091834578077 0.464480858911229 0.196451445783783 -0.153961765011018
-0.359747219768873 0.348408525247705 0.272489427423607 -0.0879845389968128
-0.409695787268194 0.147927937144708 0.348664095459076 0.00153657845915665
-0.443271282606617 0.211746947716296 0.222415041963006 0.20197721466842
-0.214798792971211 0.436791152290958 0.324146857441319 -0.210462375523264
-0.115618886430108 0.178842364861976 -0.353155517503874 -0.0429021605018212
-0.288368990877536 0.233241124292838 -0.119850974676099 0.425051855356535
-0.219040084740828 0.436443187219036 0.166143805807422 0.261937241267553
0.0923101338742992 0.45094681546035 0.0659253332564906 0.0794164082328835
0.265055857070072 0.298240081928576 -0.00925885457954419 0.110305826623029
0.325889071524227 0.179997593193598 -0.0148307970816503 0.157386397257724
0.278220673338489 0.128799834487312 0.0363014884522494 0.15715969714407
0.273619160545007 0.151229428857579 0.0437768777383583 0.0865840064328371
0.181647818467426 0.287600886498721 0.0908176343733638 0.015267922051887
0.0236981470146552 0.384894476112602 0.120788442945684 -0.0533799546319802
-0.2651839040145 0.390738478348762 0.207799395219769 -0.0460720695382417
-0.374386640614787 0.200232050506048 0.295875498659842 -0.0250781900976229
-0.310293464745285 0.0433747825756443 0.460462891993469 0.0260639287726705
-0.297737903069771 0.220454423414878 0.379584815306019 0.203942595910559
0.00470263989676293 0.370694967270821 0.361552371354192 -0.276344441062867
0.0224194930315492 0.0435828714304075 -0.22612294136021 -0.0220082769471244
-0.229851879877251 0.0995169640091608 -0.028345669213762 0.358247294325167
-0.199301639111369 0.326962513417106 0.149788521242628 0.248504693053051
0.0951919637468913 0.357310719198985 0.0941148431015237 0.174840314450672
0.248575902101704 0.209855192428253 0.0980292125044176 0.208891662472061
0.284408776622529 0.110739261307784 0.105400461213988 0.213536247792441
0.244321829013421 0.0759680580422756 0.122599948598173 0.184707226673909
0.245727838528758 0.093744222732364 0.117496417598931 0.124544339001417
0.172969067517146 0.221923179357707 0.146374912707852 0.0889831816220087
0.00674146750612549 0.316901723347203 0.141899310455683 0.0607637660200615
-0.273710874655553 0.258504472294986 0.168237902740015 0.0523919679273114
-0.293100905225591 0.033150212947867 0.283673359343222 0.0160894036312592
-0.134381046058199 -0.0235005477500147 0.552208580011852 0.0662028989243262
-0.110191961938168 0.239508102952225 0.487545413175438 0.210163531840227
0.207903088681146 0.228577418928579 0.341826483520249 -0.305083257905173
0.119881138438166 -0.109937383600277 -0.131720754268748 -0.0139198415878188
-0.170610553644802 -0.0380721390232524 0.0063082293845908 0.280227370744708
-0.168052284805402 0.183237800100303 0.0985548477892183 0.244763867104785
0.0665089748381431 0.21690971615856 0.115944300143973 0.261168822938988
0.180224626466537 0.0960153713304154 0.185785131049924 0.276627507537098
0.191478803738898 0.0288820780251167 0.201617975330465 0.238372252171605
0.175246681296176 0.0110047999353708 0.191931433257113 0.184730428919409
0.194825480205783 0.0224049617671443 0.184264894786601 0.143359446011018
0.159409088162077 0.135338121622623 0.187730361092316 0.146673972523852
0.00881278411178244 0.224899036139057 0.135537378429109 0.15441508128891
-0.215028879644403 0.121009138246128 0.100735845998635 0.103882629660975
-0.136634505582382 -0.0867771273962743 0.269050995486526 0.00572948129426272
0.0673300828320554 -0.0208676611339194 0.631713452884064 0.104687908302534
0.0791078984274442 0.262723904470675 0.53510254402632 0.202449678104339
-0.335050089668377 -0.243737539668627 -0.402157843414701 -0.159174520606255
-0.278936541773192 -0.0393203632756558 -0.734800774822928 -0.194231364989483
-0.0841699058067749 0.106674575986972 -0.320210820969356 0.0804805647205221
0.0817229247694698 -0.012293499623107 -0.055331557437802 -0.0488619187706649
-0.0404947972495439 -0.105188901399968 -0.0926961903112761 -0.200911318815397
-0.12802027987335 -0.00572716991249092 -0.21604365505869 -0.206326045652305
-0.104576003956577 0.0673177262174431 -0.241092227636491 -0.156994140585307
-0.0750921434216348 0.0601993075367116 -0.222484192739978 -0.150869890216196
-0.0658452647428163 0.0644457141063145 -0.227702897425093 -0.213786279474205
-0.0875554187590695 0.0206649701178632 -0.224678184020866 -0.266440119170207
-0.0252578219347463 -0.0545571029448152 -0.15920773309306 -0.302468717539755
0.128398741770865 -0.0203684797435437 -0.0454712590829302 -0.275427919431898
0.0876843138806024 0.185309847277327 0.0139493840235471 -0.238072965665231
-0.148645323215458 0.16818701649675 0.0260902767766793 -0.0160414521056621
-0.301249278778002 -0.0474548047503485 -0.362022313406434 0.210872334751873
-0.463993541232854 -0.141176730232017 -0.2716088135809 -0.11620036321827
-0.408603077135342 -0.0454341768763594 -0.743548975309262 -0.202804125685364
-0.277611943363942 0.140831209223769 -0.355853344626144 0.186901045479498
-0.07427377382757 0.132415869896119 0.00944284662345633 0.0234471591375179
-0.0544512600177942 0.0583085002727569 -0.0650544072559707 -0.22504991179436
-0.0687946108951298 0.107321097881786 -0.237263921504648 -0.221063602686028
-0.00348092284489485 0.146031102537631 -0.271217451847765 -0.134488455900264
0.0346186053246328 0.120748220247521 -0.228578292624975 -0.102818095638147
0.0588942851244516 0.130574771066354 -0.225567541150228 -0.171319258407505
0.014773613754626 0.138948619274847 -0.208030336296883 -0.253198346695108
0.0225748813423322 0.107069941876094 -0.132652066330032 -0.320561100618574
0.072387994402505 0.155191807772413 0.00996263898360686 -0.282812405928544
-0.0147195572690183 0.294341302756536 0.0627170320753195 -0.197931303610082
-0.251167302105843 0.237223751588646 0.0454093613299765 0.00370572774347266
-0.43416634648658 0.0660109005910268 -0.272790352002028 0.225572007261356
-0.534179737004734 0.0313481850917695 -0.106507793825574 -0.0790923847504197
-0.461909668207471 0.0292228932770528 -0.704897245419156 -0.175025393641631
-0.405850745287823 0.208497250405724 -0.37406954383864 0.304025685030679
-0.202290159625906 0.290449338132423 0.0561849408636003 0.123366945854967
-0.0479767441444253 0.242005116310019 -0.0384756149136735 -0.195495267170593
0.0185647976384729 0.223416180655134 -0.234735789758021 -0.189445952441456
0.111960210897504 0.204617801048525 -0.26840514747528 -0.0820313099160591
0.137835035344049 0.161073028156375 -0.199104897081978 -0.0352905728551802
0.165070887633441 0.176216636106913 -0.184394083800295 -0.108347148902606
0.102439234617149 0.238104948669489 -0.152047684484101 -0.213558316946458
0.0600781549109965 0.254929917654264 -0.0806405235754757 -0.30701774558822
-0.00202426498054829 0.32262020841023 0.0753527728578764 -0.27529590323678
-0.13817165191086 0.382794966317971 0.134728660996474 -0.170689784203977
-0.349940833275162 0.262023426193703 0.118834846550153 0.00422277144259277
-0.511956493236811 0.148299756684383 -0.131501901039172 0.222804947827861
-0.516083354231026 0.232570604960952 0.0696559865770216 -0.0828764800204699
-0.418338208726341 0.152200022831402 -0.614679349696694 -0.123238376461371
-0.427868832263018 0.291202134679144 -0.334183017049399 0.400273568204773
-0.253395374498703 0.427286659822651 0.103077183278994 0.21146737113037
-0.0049273920843313 0.396719267199155 -0.00913978038405307 -0.120009898771011
0.124435326408327 0.309363584444959 -0.194694417479788 -0.111073368506991
0.222280045221628 0.230616501043117 -0.220969403066384 -0.00298255934395993
0.220120298814086 0.17360282847834 -0.137838599731048 0.0388436100691544
0.235448918547935 0.195641968609849 -0.115228639088574 -0.0365340152624817
0.159282281331565 0.301110138075717 -0.0705501581564129 -0.148825608563354
0.0691239863678438 0.363426219658095 -0.0073607582701407 -0.256454627815123
-0.0964986929652691 0.440422223797803 0.144818380052743 -0.235145802497611
-0.265565168598104 0.411120548539909 0.214628129635687 -0.137999019135368
-0.415021744411612 0.232570864433911 0.228381465231412 -0.00155148601969104
-0.516451770217215 0.192866757429547 0.0434467388095721 0.21113941738373
-0.398983239726406 0.386789923570863 0.221780732741609 -0.13700808008076
-0.283800190965212 0.222089610829953 -0.489258382023342 -0.0759178214666088
-0.366844225909057 0.310365905532363 -0.23671160227607 0.445543658246222
-0.242235661389684 0.481529052918207 0.147862611578536 0.258650520629825
0.0541418679276559 0.470527960450732 0.0275298262197605 -0.0224654898349704
0.218649732720869 0.334565391145001 -0.116849158527009 -0.00211482068125556
0.301533435840003 0.217425727915626 -0.130057617456085 0.0849484682194259
0.267623036719668 0.159706352719699 -0.0534016494314141 0.107777097089974
0.269071606187632 0.184861096686733 -0.0349307805559781 0.0324105009906167
0.182096419812732 0.317320999840709 0.0167312299714991 -0.0687981724158492
0.050248846343038 0.406804722063179 0.0675202392298031 -0.16572799645799
-0.194567904166322 0.463202915771135 0.198145856289511 -0.152983442406137
-0.358796587736917 0.344718232983261 0.277017759726852 -0.0862222076063547
-0.41010890034663 0.146431726595491 0.350309637908519 0.00241745747533615
-0.439453032133312 0.210757305577357 0.224798391956577 0.202883258379642
-0.207134762798681 0.433726375631969 0.321247159917034 -0.215362602834806
-0.118082429519849 0.174692741795376 -0.353894724968288 -0.0421246967989621
-0.289885213587032 0.232717290163194 -0.118011675035506 0.426336547975507
-0.219266671502187 0.439521230626363 0.16750978770988 0.262726250037714
0.0915497593287091 0.450696550797464 0.0634258863840796 0.0796302430267376
0.264376218778958 0.29521276600836 -0.0124351255270461 0.111080409551366
0.322185625194798 0.172864340953533 -0.0128127986058262 0.163702086932871
0.275578203088326 0.12450282859192 0.0377837041702655 0.159229591063409
0.267579658483263 0.146802570878433 0.0437811451692489 0.0886082211832977
0.182540895311508 0.284879425713698 0.0907235070501925 0.0143303371945113
0.0226977135958638 0.384150998798525 0.120229863059659 -0.0523148205412469
-0.265225077706639 0.389580402045592 0.208870619352588 -0.0436512966210492
-0.37361422036134 0.197029834798347 0.30014995871266 -0.022812858226965
-0.310163328297265 0.0422768583288233 0.460283635917705 0.028115316014991
-0.292588196623882 0.219682720448691 0.380338424721661 0.20622053985215
0.010215714612915 0.366795679976371 0.356973874022132 -0.277953944157115
0.0194291273137324 0.0395028761288521 -0.225917808000472 -0.0205745343511509
-0.230610314199207 0.0989246276813275 -0.0282781260878507 0.359614394275493
-0.198985801818784 0.330480638236042 0.149766978230394 0.249806756516118
0.0950647522268651 0.357293619385798 0.0923705338053125 0.175167015922599
0.24810504158966 0.204784542226937 0.0955316959281378 0.207968506614425
0.282327089231038 0.104876705695611 0.106496408639676 0.217591589324129
0.242253498391932 0.0715606734690249 0.121979684648009 0.187348740703692
0.241449228091622 0.0889264522712584 0.115033696085293 0.126081518691526
0.174152086187093 0.21815040262094 0.145711012463241 0.0864070444739453
0.00907674685811823 0.317411072054114 0.141497915277328 0.0606517758595425
-0.274056161340438 0.259387603003136 0.168862934361159 0.0551699998857994
-0.292690958149951 0.0311611023949015 0.28559415570598 0.0198622563817813
-0.133662701761779 -0.0240003097958132 0.550440801032466 0.0699717228647
-0.106493215593889 0.236737399454923 0.486231783483582 0.213520193401434
0.212362158276237 0.225790798441416 0.337042693993796 -0.306325149473627
0.116521671304311 -0.112580140239541 -0.131668850330847 -0.012192652987461
-0.171028002741983 -0.037638793817747 0.00460460854054794 0.28054935320154
-0.166507492458054 0.186126911663314 0.0976686207651435 0.246387647875076
0.0678738164871514 0.215648041966117 0.11341202991378 0.259532310061414
0.179677526658706 0.0907091696561739 0.184478892690291 0.274807527959228
0.190657614183208 0.0248146173750418 0.200826855289825 0.238758852942232
0.173334537050441 0.00728272415364283 0.188921159905139 0.18767923284757
0.192574597062439 0.017920609489112 0.180080769185371 0.143666570141495
0.16068417174425 0.131783219912775 0.187278084465622 0.142609010251484
0.0117478835137392 0.225801399254224 0.135786587693205 0.153013508489966
-0.214531524210903 0.123403637073278 0.101307972692198 0.10736608513203
-0.137250383474995 -0.0866728123669759 0.269261697337191 0.00898313096537391
0.0674946637416592 -0.0201308099908617 0.628735830284151 0.107654149359081
0.0809375734958224 0.260030209122611 0.532832669463191 0.20764071879308
-0.345064343587099 -0.243910044237824 -0.408744693118398 -0.167551831360888
-0.285519104508673 -0.0374770948740909 -0.753836003241134 -0.196461720284545
-0.0834423513099585 0.108921011116929 -0.326360155970506 0.083019983985314
0.0826753014619055 -0.0165601319401384 -0.0557365747666085 -0.0514768378623717
-0.0455388727069499 -0.106596577237485 -0.0962151463699455 -0.203441497087994
-0.130666728809096 -0.000906578493648563 -0.224472758910488 -0.203163112837304
-0.104889222512066 0.071064496780206 -0.247688855852088 -0.154989041822674
-0.0762300298889314 0.0640113908250051 -0.226217575532816 -0.154831633709642
-0.0666803061743353 0.0678260481916968 -0.233205435520453 -0.219483404182791
-0.0897984047329533 0.0254986101868165 -0.228419267143609 -0.270720452412725
-0.0290468363681682 -0.0550221604794187 -0.162643371497358 -0.306827957890252
0.129604832020183 -0.0249707322953039 -0.0471282920199946 -0.283876397184383
0.0934728408325137 0.18702896282085 0.010480664493292 -0.243413524257845
-0.151574758233163 0.171670886035583 0.027273140811487 -0.0148300172398867
-0.308794036734807 -0.0454170075436055 -0.364681675248495 0.220461660639804
-0.473813671558741 -0.139577891175308 -0.275539815073765 -0.124845502423405
-0.418434364341635 -0.0441232431909225 -0.765655271223797 -0.2066213974463
-0.282368232227839 0.145834114837283 -0.360115848521531 0.193779499688905
-0.0758800316748799 0.134683849918391 0.0125557059274399 0.0221069876451803
-0.0582569343286823 0.0610357709233269 -0.0679779546250903 -0.228610018410232
-0.0688204518204429 0.113455887531334 -0.246845225655581 -0.218641486796167
-0.00294887767796109 0.148710595036114 -0.277665530421431 -0.129415068878724
0.0353887470071613 0.123871266811586 -0.23197575952163 -0.10456472032753
0.0597716091283719 0.13372250121664 -0.229252586453866 -0.174464551194247
0.0167687162350857 0.144488062853873 -0.213257265214605 -0.256777628441032
0.0216639987975461 0.110566330559363 -0.136795386034861 -0.326252359175891
0.0732657121680045 0.155887555780956 0.00967037816814151 -0.291455268701103
-0.0102530541695811 0.299997477322215 0.0627587463358205 -0.202917597976535
-0.256343497955563 0.243302901754212 0.047714400713054 0.00445035147952528
-0.442674653655106 0.0711579177787589 -0.273331238791041 0.234095008165906
-0.541411592389708 0.0354861001947628 -0.107306080135168 -0.0878686675988762
-0.472735274189081 0.0320387763862559 -0.726781588956211 -0.175413604032412
-0.41265992290889 0.215033798052668 -0.378490250237696 0.315591479970049
-0.205127362248209 0.29919084902188 0.0621852024671561 0.124246702103394
-0.0504013575921539 0.249391019596014 -0.0410310578056503 -0.199126503023293
0.0217773659009274 0.230362750191288 -0.244245637350903 -0.186098621897812
0.114494705436423 0.20580612274518 -0.273224673795589 -0.0736888261821469
0.141036723051094 0.162439784968421 -0.200270775613493 -0.035101352115204
0.167250459613253 0.178868135060897 -0.185953121899397 -0.109869577551206
0.107885072589303 0.243710027338491 -0.155790342004702 -0.215470563498247
0.0612461514659426 0.262266371043045 -0.0834253555732103 -0.31393935019111
-0.00129169045550954 0.328816727676837 0.0769890508334026 -0.283910296567065
-0.137371508857004 0.390373121047335 0.138879384978191 -0.175288800759872
-0.357279550341179 0.269821181376914 0.122952911173911 0.00528706148554346
-0.520845634237371 0.155904145874567 -0.128428369162882 0.229995380091781
-0.519804036212658 0.240155538657968 0.0709108110001704 -0.0922930993779928
-0.427935090661112 0.154407698453688 -0.632934330524539 -0.122829713001218
-0.436080652959287 0.299773614830077 -0.336522533470943 0.415365017434868
-0.257209391214289 0.442281627458083 0.111470734042522 0.214210562082342
-0.00395312483012466 0.408591257063862 -0.0107740897704316 -0.12292562744171
0.130635278355851 0.316313367204976 -0.203805317108572 -0.108502046345073
0.226389462576491 0.229845672218774 -0.222970598581197 0.0071794533921765
0.22419802175468 0.173492729673959 -0.137034023910624 0.0418892876995715
0.239227790167236 0.197143875183262 -0.115448096130489 -0.0356945480335108
0.165669966595284 0.306280456946281 -0.0724825066765766 -0.150754720375395
0.0722071636931134 0.372681600623786 -0.00918225458951053 -0.260809803013898
-0.0956916448839663 0.449950296272718 0.14838561864384 -0.242697723630256
-0.268361107258877 0.420519438039616 0.221815580121253 -0.143038733880823
-0.42299349423321 0.238081133849834 0.235821207852238 -0.00235116988728788
-0.523311347046442 0.200861679948121 0.0496464276555762 0.216197633877658
-0.397104183794902 0.394610832301294 0.22420985853389 -0.147584613603146
-0.290091099597041 0.226285316488334 -0.503914493493977 -0.0744806984616958
-0.375003837095418 0.320537682444228 -0.235558319435481 0.46025042145189
-0.244925242594552 0.497789016832888 0.156469991294408 0.263323368352567
0.0574794458837982 0.484375268153222 0.0270284234558898 -0.0228971146538043
0.226963398325886 0.339391522488354 -0.123292964510141 0.00134805032082399
0.30621234323503 0.215217793054647 -0.128582723455779 0.0960700849625893
0.273259841475548 0.157828116396275 -0.0508613461252579 0.112064156669636
0.272420843064339 0.185350738317681 -0.033343740190589 0.0352366423614922
0.188528920540304 0.320436424403931 0.0169388837080756 -0.0698539803294923
0.054675293309363 0.418105725343841 0.0679135262911187 -0.169414594642793
-0.196911054310663 0.47571807763776 0.203233100349947 -0.158143636778744
-0.364549966883116 0.354482892760677 0.287221744238229 -0.0892710895842457
-0.417777386177569 0.152297187622347 0.35993982229231 0.00214625545782097
-0.445090862157939 0.217475760004019 0.234322937726964 0.20784827094644
-0.201762458682799 0.442010200319682 0.323912688863505 -0.226353774876451
-0.122234118369867 0.17620988590795 -0.363667557881331 -0.0396220602072895
-0.296769697200817 0.240219720924318 -0.115701864888976 0.439090829668472
-0.221095231144482 0.454801382417695 0.177161903926256 0.268254098698981
0.0972112532595179 0.464200283081125 0.0634920092505294 0.0809149336609472
0.272608141104094 0.295655642968206 -0.0152170506980719 0.115762296542688
0.327922846723749 0.168511612964829 -0.00861182493916033 0.17375500193605
0.280096095592933 0.121457694381747 0.0421889307747928 0.16520296435267
0.270397802115386 0.14585229257191 0.0462402216126893 0.0926026426354824
0.190020028240157 0.286879748083279 0.092700446521798 0.0127678263023424
0.0285906949100707 0.39493691847937 0.122735847838293 -0.054141673433645
-0.268083178131348 0.401362222339564 0.21548139780664 -0.0448382099174247
-0.381834796158686 0.203149696945514 0.31085244901554 -0.0239036688156264
-0.316069456788869 0.0448896495993053 0.47239080462179 0.0276709124306075
-0.295777249560929 0.223170309446415 0.3922200452865 0.210480487727523
0.0201403795684278 0.371073362415657 0.359150088630972 -0.289532561205942
0.0169839569946228 0.0365589814994955 -0.232258834505924 -0.0181057809305558
-0.237483252288239 0.103854583451946 -0.0253485514191753 0.369635732850396
-0.200703400700779 0.34411376557574 0.156388271164973 0.255256833502523
0.10142613572277 0.365270584179336 0.0922974551278213 0.178398766083998
0.255015450729483 0.203882256305717 0.0965707259604647 0.212668854261288
0.287505032606488 0.0999669214439883 0.112657497828332 0.22518403498773
0.246194941720285 0.067711259421326 0.126653678598003 0.193404968104334
0.24349070597395 0.0856656136534665 0.117594523123239 0.130039442788348
0.180850576124808 0.218253257732736 0.14940355547433 0.0850395640901633
0.0135290257908699 0.325521466597257 0.145229333272505 0.0613886124736431
-0.277859101499785 0.269873886717773 0.175233403971624 0.0581914429715088
-0.300769679320507 0.0329737572584614 0.294843355592212 0.0207098844315574
-0.135466555109949 -0.0240256697592777 0.564548731107673 0.0697889134977857
-0.104132759909895 0.240886077212676 0.50055484674849 0.218363292977442
0.223922877928345 0.226663066747896 0.337848947641115 -0.316745727099266
0.115725689709528 -0.119467890676284 -0.135632542279502 -0.0105670502534368
-0.175777250167233 -0.0364358073993097 0.0052558306314651 0.287941277281186
-0.168022780291013 0.19458177868445 0.101344719936652 0.253537599990419
0.0727937418848831 0.220505221916317 0.115456400406655 0.265298246306825
0.183877449171067 0.0869171927360799 0.18802505115447 0.277508075725574
0.194149365363984 0.0199975109896739 0.208482596060286 0.243460567472989
0.175901375008351 0.00270853953014707 0.193117179987198 0.193873841229427
0.194714079302545 0.012553577713535 0.182405042313545 0.146226958911775
0.167875405750462 0.129949155477499 0.192033487053011 0.141305754724776
0.0176593698025847 0.231760512660069 0.140371608432022 0.15551463882467
-0.218866862323999 0.131130767961739 0.104938532559796 0.113199330020793
-0.142067528284664 -0.0875394206059891 0.276539818495497 0.0105905546077007
0.0700770944959068 -0.020418901571053 0.643012577904989 0.108336304469824
0.0871426464584021 0.264607205313339 0.547796042753089 0.214433866588179
-0.381170432220502 -0.192048824478322 -0.409315017024547 -0.175569988161029
-0.300224826028066 0.00798631709157899 -0.790559279937558 -0.164204663228025
-0.0692727934105194 0.125060754015879 -0.33493692468135 0.102534614631566
0.0789098070960084 -0.0305704236176333 -0.0601753688827721 -0.0428003951866365
-0.0642827157598425 -0.10249566492209 -0.109652827819716 -0.202836307668313
-0.136418853495795 0.0158120851465788 -0.247335287405205 -0.190392667554438
-0.100358875236205 0.0884518706067743 -0.264385804191916 -0.141447980686135
-0.0732794348940923 0.0744705943274996 -0.247287844574934 -0.140738973414599
-0.060037946103208 0.0786201772565392 -0.262518828315773 -0.211352682571317
-0.0853645999711451 0.0385750893042272 -0.261616616510732 -0.267749218570622
-0.0337900179437696 -0.0520407812793086 -0.195347745025895 -0.309088950566888
0.132147763370018 -0.0417025635344007 -0.0775900998663548 -0.294677122886976
0.122450305056348 0.182304214711 -0.0181801399408627 -0.264610892222957
-0.143378824920367 0.194251594831334 0.0429211009669041 -0.0205242466219592
-0.332328346355557 -0.0242116024906041 -0.345509437880337 0.271446279710495
-0.492768156417698 -0.0762957618223196 -0.277760784341829 -0.15259226558505
-0.435678889877686 0.0150778614796497 -0.798991557443099 -0.179663462263446
-0.265798493326613 0.188722587950242 -0.360366489831248 0.201109672047625
-0.0599613878254405 0.143927905328797 0.0068816451664695 0.0109641711191741
-0.0584046019338691 0.0675972917758043 -0.0951194489429409 -0.23247138104616
-0.0634022139467053 0.12590853215559 -0.27794541022998 -0.201724026552485
0.0123639231792154 0.15302841616074 -0.301684624571504 -0.108516319125859
0.0444819811502183 0.124437231713609 -0.24638982227067 -0.0855561516637828
0.0753136257066652 0.129780152973609 -0.254692739949995 -0.163734007960879
0.0366025561649062 0.147973946353247 -0.248307364205477 -0.254129020196041
0.0366383753766021 0.110825137076816 -0.173642814420614 -0.333968306849707
0.0955302543157558 0.151028190553099 -0.0208324419784322 -0.31481639271343
0.0260747823829472 0.309583867299048 0.0466838938546611 -0.233026146006926
-0.245254586174114 0.279679415753898 0.0745336788336668 -0.00281700531350968
-0.463281421288046 0.110681919205825 -0.238958030736763 0.277828489877138
-0.535984871691539 0.103743303219338 -0.115047610957322 -0.130831461645082
-0.482624470944973 0.0972727320528402 -0.76204875399712 -0.153369190744438
-0.389084743575481 0.277511740217856 -0.373626791970015 0.318287350014873
-0.167871627274109 0.330231829369346 0.056636766591247 0.0974999268745365
-0.0284896267306291 0.258351717506717 -0.0773819881929365 -0.203606532272813
0.0404688290409533 0.23586249941128 -0.280646883597403 -0.165482741104685
0.138615721316182 0.196319564101796 -0.29943209471034 -0.0466290554747493
0.154579855752574 0.153109443572968 -0.207688422755372 -0.01428221545012
0.188691085325478 0.162259779043584 -0.202489098625956 -0.0987694048397169
0.139292050356596 0.238215254357183 -0.187107759242831 -0.216221261852529
0.0935319192975741 0.260902976178487 -0.120990132074189 -0.326739453156072
0.0389158224392277 0.338791013379606 0.050791438193953 -0.320203860558858
-0.0966652938531373 0.416534243170961 0.134815182218995 -0.21699884286319
-0.348519543293155 0.317922694251647 0.160899232942523 -0.00714652620893024
-0.536810269069186 0.207374385756435 -0.080638971735723 0.261371798338145
-0.486945221770291 0.299451545854252 0.0509627989701184 -0.1458438166892
-0.421735809799207 0.215604426817114 -0.669160601303313 -0.105264869363154
-0.401877907269709 0.365916207393115 -0.326370595942995 0.414132364806669
-0.199506350065683 0.4827920097043 0.104085349387862 0.179178784989578
0.0383623352748796 0.414136307332129 -0.0505025702358782 -0.124863378061823
0.161716809071723 0.310750842133621 -0.238079425700923 -0.0835098437418991
0.25649066203215 0.205821799077369 -0.246717551530206 0.0362066310775962
0.23988343286588 0.155338315612434 -0.133676872736155 0.0612211326452589
0.262394294767823 0.17209555623636 -0.121100331257628 -0.0263213008315956
0.205570486671262 0.295118846940638 -0.0952895054637876 -0.156266763887713
0.116220277437405 0.372198196869871 -0.0397582612800049 -0.278488578359468
-0.0438770647956578 0.477090469049122 0.131511020161135 -0.287792077604873
-0.229421821675605 0.463027279712268 0.232977963489535 -0.192404571220041
-0.42238202495115 0.295700443189859 0.282285025323574 -0.0207501578631926
-0.536025624669681 0.258217232900229 0.106650471990844 0.232156246819218
-0.344619917852263 0.436749150841796 0.192105001112801 -0.20347480516326
-0.272095982880549 0.267013588439076 -0.537665696588134 -0.0566378465594245
-0.335271037752903 0.376898896136797 -0.223841888478379 0.456527677835041
-0.178050785050674 0.540048463970193 0.149694202804506 0.225536267995395
0.112607185070196 0.485630696801535 -0.00949596872375177 -0.0210133392411231
0.262787968564507 0.322842758535241 -0.14801156097149 0.0262243413685353
0.336247800221178 0.180594440385038 -0.144429236720835 0.122440269041233
0.287340068956217 0.134421900865399 -0.0387997043379862 0.126857369411256
0.293805863820597 0.155733520745228 -0.0292516916669117 0.041675868697156
0.229511221974807 0.307598498753469 0.00515149162685572 -0.0794470151217256
0.102862398176765 0.420494635288648 0.0488288933632623 -0.190167318635231
-0.147633727623832 0.515204123216091 0.200370700426446 -0.204041364204242
-0.338187323428104 0.405943968681809 0.312791451536483 -0.139212267194503
-0.425477660471168 0.205848138223833 0.411156874603609 -0.0222705608050617
-0.450330943034307 0.269558774858015 0.294478569358052 0.207251189357347
-0.142877801841723 0.455796162158996 0.282600014291255 -0.274738899095342
-0.1084486649072 0.194290811740953 -0.38784803177636 -0.0204185053076045
-0.267089580376488 0.285460728066443 -0.0963172125509006 0.433178376103743
-0.158619299837256 0.493504058932201 0.1718685865798 0.232161988366185
0.151710125814213 0.460604999212591 0.0382495425750194 0.0849041914993849
0.308001882961793 0.274263767237872 -0.0260955047622739 0.134795592350449
0.355246280985657 0.128903118011591 -0.0130851363120243 0.193019757853892
0.292443480569262 0.0953410064286432 0.0614118913667736 0.17294943817176
0.287925758940227 0.114631175845257 0.057540848574432 0.0948842127144321
0.225468891551526 0.269464258630838 0.092126046630031 0.000780051765908808
0.0721966491958779 0.399797454186613 0.117762980492663 -0.0734813419648522
-0.229058990078748 0.447416757098772 0.226573742097482 -0.0838021172062643
-0.373737978864372 0.253051077272183 0.345703604261256 -0.0647330848707208
-0.329582303489228 0.0848608160615962 0.522488050891509 -0.00197548052355214
-0.292049265529782 0.265305811566803 0.452653072258061 0.194747053582635
0.0695160301380467 0.357350522402324 0.317044621299108 -0.323781256658655
0.0160353998318544 0.0352300196653826 -0.242650241093415 0.00150875824941353
-0.224226245919613 0.139099229100495 -0.000190542413409475 0.359719472594307
-0.151823356574213 0.379752749567711 0.158022015502954 0.225263855994986
0.148495968547545 0.361107792215149 0.0831587280982561 0.1831656719806
0.282761887316003 0.17966183417504 0.101699535454324 0.22319516414059
0.306795311240748 0.0624962695543172 0.118727241355211 0.233880278906653
0.254168805926734 0.0434944004532191 0.150517271844797 0.194023822923945
0.25376957221284 0.0565949134747037 0.133985052701607 0.128159672448446
0.208766866813889 0.199856457963718 0.158739323679466 0.0726123099866874
0.0510787162196462 0.329968756124517 0.152853041060259 0.0459075895875171
-0.255333461628754 0.312783197344259 0.195590286789893 0.0347157855661951
-0.308289858882014 0.0695324479646219 0.328568288358231 -0.00615372936036615
-0.148858751669988 -0.0036267412431973 0.609488140046012 0.0332948145036879
-0.0897603345597254 0.267366449746798 0.556566229594953 0.189376825471123
0.253573248358807 0.188099311029163 0.302714946631301 -0.332114720037543
0.0979041217359297 -0.134699941606434 -0.133512900238252 0.00827786676925646
-0.180197102882116 -0.0119696376837109 0.0328085033724559 0.280016478135504
-0.139390189504819 0.223953018940568 0.113252197727522 0.234026201441204
0.104466812885988 0.216412349981995 0.123861598043992 0.268021833666864
0.199823068172939 0.0658930230252075 0.20890701025296 0.27724248371898
0.203043346070056 -0.00653267281049248 0.22451599456428 0.239915643122026
0.178818140803572 -0.0160749413445957 0.217859321272259 0.186374693015782
0.196512197123173 -0.0127186022057704 0.201900454742004 0.137524745543554
0.184836786810972 0.111655332326351 0.210190005718822 0.127978904977919
0.0448178260621654 0.234812943468969 0.158170475081595 0.147145639085722
-0.210751528664843 0.163734093652218 0.126882998911435 0.10540340278284
-0.15852492075689 -0.0698969780576147 0.300956025636516 -0.00828110219315102
0.0655584182480504 -0.0186505088799786 0.683603712911546 0.0606879559581907
0.113465034307944 0.27695207503542 0.595699236118225 0.173904896289664
-0.400093781051092 -0.16905785977363 -0.426468217543398 -0.161776898350044
-0.304902227213106 0.0271952570247795 -0.817430793067721 -0.118981921469985
-0.0613708245931473 0.131528619679989 -0.33565997640301 0.122972664575734
0.0776742148737274 -0.0378626427410899 -0.0630391354808701 -0.0420711656808001
-0.0736181185152636 -0.0984286887469233 -0.124284451575049 -0.200059100873277
-0.136284364972592 0.0282244619977349 -0.263270939435022 -0.173124469930253
-0.0954181202683641 0.0972908301482612 -0.276313855160739 -0.123746410783342
-0.0699185987586935 0.0834503559152409 -0.258417418048381 -0.130365070088413
-0.05616227353804 0.0862687434468756 -0.280078095501976 -0.20140892631619
-0.0848511730079363 0.0479142639090536 -0.28212403612703 -0.25714707548245
-0.0402674874005219 -0.0497215261735777 -0.21581146023856 -0.304324522331644
0.129300291958827 -0.0531712288958313 -0.0973544025362223 -0.298759923212561
0.138948165806984 0.176029971882846 -0.0371095006706571 -0.267527938722317
-0.136106762213811 0.206439852949236 0.0448352662535413 -0.0219080206997421
-0.34127379243454 -0.00276096178223579 -0.331399611979432 0.300097275783617
-0.503985347334116 -0.0464185642526144 -0.292282919054553 -0.147350236927198
-0.443776103622727 0.0409873261844029 -0.828974842839341 -0.13346978576573
-0.258839157719834 0.207680691897616 -0.35163911961106 0.226706533460773
-0.0525802214512147 0.148793092612374 0.00999216699354325 0.00770144716968777
-0.0576400087879186 0.0749742443429928 -0.11090993822612 -0.231632277270893
-0.0555849520540734 0.134725647407816 -0.296574276111353 -0.181975334425041
0.0211815692471665 0.155935208066112 -0.31026833740737 -0.0866220735577583
0.052219402468704 0.125545202968995 -0.254337113097132 -0.0734964970609688
0.084566472141509 0.129262780057553 -0.268097225041698 -0.153114328114168
0.0461144681390727 0.150846898246253 -0.266786446599757 -0.242411075294131
0.0425683564801426 0.113295368171396 -0.196981917891077 -0.33029340648126
0.104198911962722 0.146497952739216 -0.0403846205981139 -0.322175201330545
0.0476386597727762 0.310724829599367 0.0320774619877746 -0.239230426299175
-0.235917904404383 0.299703058334643 0.0788245218455763 -0.00526260979108704
-0.465050601541124 0.142857797437966 -0.220498561468844 0.298827367182941
-0.535109675625641 0.135205378285444 -0.126631367957981 -0.134218315427319
-0.486238799518658 0.126292812991151 -0.788550064651342 -0.110016129316864
-0.379759900176391 0.305737783021627 -0.358166444464526 0.345507292565767
-0.150760930798391 0.34669622201824 0.0674294932969398 0.0934863954453241
-0.0149697716009936 0.267792158175488 -0.0912776372370303 -0.203714605797187
0.0575059274445251 0.239640255601057 -0.297770544077226 -0.146293111670579
0.151136460596427 0.191182304280399 -0.301725561641939 -0.02367109032718
0.16496754796387 0.145936115050842 -0.209143862709978 -0.00247547747902906
0.20030472263531 0.154731118059777 -0.209856932051178 -0.0890962500315339
0.157809117436263 0.235523472599229 -0.202731127331512 -0.20783249215653
0.109714149943778 0.262613960866309 -0.142372579654167 -0.325276704018573
0.0584948828074024 0.342410240407921 0.0317532712864399 -0.332523011844515
-0.073064614318421 0.42873909869916 0.125958159171886 -0.229850542088536
-0.338030080114007 0.344682991755146 0.166628317396226 -0.0158733115548741
-0.533212010101363 0.245533545774837 -0.0610805142532274 0.270764179477915
-0.47102013330517 0.331677133809722 0.0413190077328702 -0.15916804030103
-0.418443481735917 0.242231805545536 -0.690502577394892 -0.0643354325975202
-0.388106451086678 0.398026727499833 -0.303862135367964 0.442449352551099
-0.174186938967145 0.50650592398608 0.122045811109359 0.173818397473236
0.062901189872664 0.423477229137805 -0.0594566123288764 -0.125238959606774
0.184665159747275 0.306341138670043 -0.250315979967233 -0.0658623848724114
0.269094849528157 0.191992891603376 -0.241735731231085 0.0586896377283452
0.251177985224779 0.142498946409403 -0.129550585093904 0.0707204304975531
0.276060396209902 0.15971535803969 -0.122077793524125 -0.0190932051941346
0.228470514405204 0.287997855530831 -0.105361383629713 -0.152017434074497
0.140999508376763 0.373903464284737 -0.0570565644195274 -0.282189839242998
-0.0180966602451389 0.487638677931063 0.117373637343186 -0.303385686793604
-0.206061414128946 0.483145820112746 0.228398009112373 -0.211799500731272
-0.414667222332055 0.325673367127322 0.289166399924329 -0.037037927064856
-0.527363736846288 0.296741245973096 0.127363076781611 0.230737271245688
-0.3174355617636 0.46047267537015 0.179960441353172 -0.224471393437564
-0.263864497057931 0.285817193261801 -0.554203605446903 -0.0235788391180837
-0.320302419808564 0.405244230074111 -0.195230629118039 0.480813971086016
-0.147578604904251 0.564905466157413 0.170828370418384 0.217589966974812
0.14478806603865 0.491225384828071 -0.0117577370561221 -0.0217174092360454
0.288720753633402 0.311527542546075 -0.15278360110887 0.0395499110325736
0.349995587889285 0.159898353594523 -0.132518461746195 0.139035894160202
0.298120006843469 0.116443877229742 -0.0287049822639543 0.133025748992053
0.306335759316663 0.13886224538522 -0.0246290063831582 0.04493886112629
0.253399684751929 0.29628212445106 0.000911658951112023 -0.0807827767359917
0.131053963168906 0.423287764187131 0.0390029884806869 -0.196655788687581
-0.118647271841202 0.536434813563631 0.193497023941404 -0.222273188709447
-0.320946429544791 0.433272844772936 0.314517032756117 -0.162254077784676
-0.421890890467681 0.233482331876074 0.419552469701436 -0.046258402245455
-0.439027910059819 0.301772682961283 0.316901653642731 0.193337293289381
-0.11069865807663 0.465247178429196 0.266771397182676 -0.299231550042129
-0.101750169558902 0.201371839092498 -0.39855435610272 0.00473106109419814
-0.256408748850263 0.309331867870272 -0.0692195660678751 0.44747853454522
-0.131363070042811 0.517147244096136 0.192810362564608 0.224494006651898
0.184618688116476 0.463134289417265 0.0416104395614016 0.0837431721209138
0.330646278189153 0.257115485440463 -0.0210293926722782 0.14170962053005
0.365769503300361 0.105299865868111 0.00423508039954242 0.201285456329035
0.300281994882837 0.0763230024052361 0.075655547583319 0.174605507930152
0.296935046353767 0.0970196361146073 0.0662390203018052 0.0949369556450678
0.246740610092156 0.257615698239227 0.0935949731282786 -0.00539457490172547
0.0998916066662317 0.402347607813014 0.116526196108169 -0.0813509950940384
-0.20741677932598 0.472712059608586 0.228427839326524 -0.0986916708990594
-0.367153007374813 0.279587374771391 0.351395805893934 -0.0863816951681723
-0.330128782764052 0.104061581359423 0.532997873399286 -0.0317641951464226
-0.277762228064047 0.285425152838927 0.475926137467477 0.171719422513804
0.0983496629599208 0.352246923259022 0.298585910866216 -0.34918443603229
0.0151414585497855 0.0319737870216035 -0.24850383839724 0.0174629314086986
-0.221883214518909 0.156992762920975 0.0237730169346627 0.367414443903436
-0.131382665906462 0.399979908543088 0.177539238229943 0.219547276079218
0.175179399953327 0.359483250084536 0.0930176427436615 0.182468263693508
0.298712650053429 0.161830495787783 0.114531690594322 0.222252285522756
0.313665696737757 0.0405502682742673 0.139212919355034 0.232932510200569
0.25910632203385 0.0251674139261489 0.166327955555954 0.191198615307828
0.258837771073429 0.0393532778802964 0.144334248784412 0.123565917971217
0.22572525278993 0.186777585763862 0.16493756411668 0.0627453682103901
0.0756323523318483 0.333125407698571 0.159712174992754 0.0376452848259636
-0.241519456870793 0.338304868499957 0.204055047664809 0.025454668198624
-0.311514259775741 0.089148312156617 0.336804824117245 -0.0254538545665713
-0.150352307863752 0.00305055979048327 0.620698247984292 -0.00193043262474219
-0.0715563594251313 0.275980991964222 0.580969591294833 0.161730609253033
0.273780796177941 0.169878959476755 0.283269326079204 -0.354677973785658
0.0879350011990299 -0.145457486271419 -0.136605471737448 0.0175178370538086
-0.185698897843024 0.000438546385267775 0.0510467269220082 0.285290653429947
-0.127678346930366 0.239315756809907 0.130539983323496 0.232452527473953
0.122110906169891 0.213006736481787 0.140372963118764 0.26641967789556
0.205924694319393 0.0510923056429682 0.227260820861554 0.270407608807901
0.205457952673007 -0.0236338570581977 0.243289619629147 0.231120622013338
0.179114107478099 -0.0299576082267455 0.233773663377907 0.179025541465074
0.197141236227818 -0.0284060932420505 0.212792093924445 0.129003265351448
0.196693946807427 0.0977036771442688 0.220868527817653 0.11479389568986
0.0644229999032379 0.235845119222425 0.171567427460225 0.140572375147651
-0.204721521308453 0.183821259664204 0.138084418384928 0.103300230593074
-0.167113808067334 -0.0613986651625549 0.306539669376605 -0.0252976642164533
0.0680556508449472 -0.0245380033047717 0.699210121793834 0.0229793625310433
0.135988025989698 0.271801545006083 0.61734182822786 0.144927251874915
-0.40529200150243 -0.138592222734605 -0.433804289328248 -0.140152950644338
-0.298753713001907 0.0463668598357684 -0.817956156960828 -0.0632711341250358
-0.0501387510568141 0.133918153934077 -0.322839027385662 0.140944114374101
0.0734446408998939 -0.0457416238844193 -0.0649524896822817 -0.0394414257291232
-0.0797220007762523 -0.090288773571933 -0.135626671891523 -0.190192830333772
-0.130553916315413 0.0397380919683511 -0.270015527055932 -0.147793264982162
-0.0868434638662354 0.104417992448603 -0.278558514020389 -0.10072287121524
-0.0632897276449257 0.089751912574204 -0.263378679879743 -0.114467938583429
-0.0492433201212653 0.0917566955610619 -0.290191220856749 -0.182615383369016
-0.0799948694741617 0.0564960343447622 -0.294040678939642 -0.235116710727338
-0.0450504979182577 -0.0445357279175177 -0.233249435742674 -0.287344673807602
0.12129408888902 -0.0638501368166734 -0.117146819432899 -0.291314979746127
0.151248215039318 0.161287996284065 -0.0570233029898062 -0.259989548926195
-0.122702993245524 0.213812037791569 0.0457430242743109 -0.0234010599427543
-0.337623491890299 0.0213712237845516 -0.301697628427875 0.317632258651192
-0.49870633133897 -0.0141824052479437 -0.29928754156388 -0.134657776209032
-0.436609752984496 0.0676553755224787 -0.830478791691767 -0.0764562611432287
-0.240650917214686 0.222600030231454 -0.331610969371344 0.24468452327403
-0.0420882834931044 0.149167396792196 0.0124322183197739 0.00375927359169112
-0.0530121005624319 0.0800321741184251 -0.124859154561939 -0.222946554553064
-0.0435030983637663 0.139050202713604 -0.30583105750267 -0.155316661596844
0.0307543765194713 0.154099847499841 -0.307268228607956 -0.0611351117271057
0.0591975794471464 0.121841417841291 -0.254656199815952 -0.0576420344629804
0.0914067863852104 0.124298738641225 -0.273903581662487 -0.134529029408241
0.056799284314017 0.14882805131613 -0.278664819918502 -0.221487227223934
0.0474597303681235 0.111617169886444 -0.216466337712972 -0.31359327355221
0.10989052107267 0.136376167959498 -0.0620514463841945 -0.318955891514508
0.0690258237246645 0.301381403116842 0.0153330362333524 -0.238173227544971
-0.214740022767815 0.312647949382958 0.0808194173328254 -0.00898276773875009
-0.448966669393994 0.173696395048732 -0.194032527527858 0.309336432559843
-0.515522981088305 0.166882041179299 -0.135186728837467 -0.13277721152378
-0.474593123997584 0.153909223517482 -0.788629822633822 -0.0561526255609135
-0.354312564838172 0.328085896405438 -0.328001685058756 0.36587442330034
-0.126453454512119 0.353430326377905 0.0770259235296707 0.0847559797666379
0.00266818241990418 0.26856651619173 -0.103314595397654 -0.197338268987071
0.0749640249302459 0.234153875368625 -0.305170584245014 -0.120444124575141
0.159302577434777 0.178904634916038 -0.293634076398322 0.00120577027172992
0.170778335173128 0.134047105433435 -0.204966318163747 0.0109434602727703
0.207980877115307 0.141027785254824 -0.2111001755931 -0.074128122345263
0.172713406211865 0.223301792020316 -0.212472634734835 -0.191261439990586
0.125573096343941 0.255502985454975 -0.162373138543733 -0.312791134531623
0.0790623589024821 0.335177686546252 0.00982170858303236 -0.333617336669163
-0.0445881728487045 0.426564758331163 0.110837567959936 -0.235628296133123
-0.312519060004791 0.363335073529065 0.167187752421235 -0.0252448138914339
-0.508498780536084 0.279352223839204 -0.0380654334313666 0.271294531889139
-0.438494454997062 0.353232856800005 0.0275582424815411 -0.166628548605546
-0.399427594779836 0.264552131321114 -0.690830923175002 -0.0167765730380949
-0.356121543555812 0.421110041354253 -0.269046206515261 0.456052133832331
-0.138029427747532 0.514052472146959 0.137110935824867 0.159787530554809
0.0910884542990944 0.419328902023111 -0.0671284848774717 -0.1226623579227
0.204752554604149 0.291436672503241 -0.254238063312628 -0.0445128396212576
0.27593005000785 0.171354091830944 -0.227233854658912 0.0772574594156223
0.254376959903127 0.123632017069164 -0.12051480002017 0.0788536138687034
0.281135946591101 0.139411587676918 -0.119108689554938 -0.0100937079984071
0.24510154922841 0.26909218875989 -0.112650574061846 -0.142718588331928
0.163554025508178 0.363272694149989 -0.0746056830177992 -0.275397691522969
0.0145352228477053 0.486459011715039 0.0965517753524088 -0.310725332298264
-0.172672970154948 0.491478708766202 0.214923547749855 -0.225712350642706
-0.388045271053458 0.348329696437963 0.286445858637112 -0.0553829023797494
-0.500245961345347 0.326850713726033 0.145610147739095 0.219347782835351
-0.278412034485663 0.468111153636135 0.159877459783616 -0.23796147466863
-0.244812759970542 0.297271851466475 -0.55167960830703 0.0154804989031293
-0.29067712498952 0.424554498191059 -0.157725677858708 0.4870061015518
-0.108255535824785 0.571504087124174 0.187485143341103 0.200494826547561
0.174715209890482 0.480628707867671 -0.0146276773359909 -0.0227300141748067
0.307464651174148 0.288193296321473 -0.151242083436498 0.0524785274646294
0.351196229722397 0.132211193288311 -0.1138442577228 0.149182673429558
0.298578881281834 0.0939320797797661 -0.0164668503192628 0.134286459891493
0.308407355223487 0.116148668172958 -0.0182154565316384 0.0474868334710937
0.270022119296874 0.273867581020989 -0.00360594628360271 -0.0796615670654506
0.158187503745365 0.411829191239239 0.0265007701899661 -0.197191961404243
-0.0815715353177142 0.5408551761522 0.177987840451953 -0.234289671151965
-0.290847223900464 0.447790170922386 0.303017272581399 -0.182329174160449
-0.401787871575947 0.257448469780585 0.41352417058028 -0.0731253386642425
-0.410852528882921 0.326772840776659 0.329670430304565 0.169631567087916
-0.0729806298902569 0.458195754669235 0.239629847505179 -0.315564068770004
-0.090887792012803 0.202962804379504 -0.395128586220738 0.0319821103377526
-0.233904665089441 0.323733631667168 -0.033637126314891 0.446073058025609
-0.094325972782091 0.524450560646602 0.209650040354994 0.206053702469135
0.215052749188497 0.446474788816849 0.0445302816311022 0.0799971254686574
0.345017912547071 0.229182101289204 -0.0149463512755776 0.145081675878858
0.364598480168119 0.0758241441268604 0.0237141944715876 0.20068685189481
0.298317481106707 0.052812067397866 0.0889924602480719 0.169612601588418
0.296323129012846 0.0745225891804957 0.074357306539717 0.0910817165362965
0.260903513158557 0.23492667329868 0.0924381913961588 -0.0120201546864488
0.128682927663918 0.39190583019361 0.11087514081707 -0.0890870347604866
-0.172808499613505 0.48486618572967 0.222063649296829 -0.112964856083532
-0.346288252470663 0.300381026778713 0.345889952093611 -0.109383737545653
-0.319368236534641 0.121316598121662 0.525110477961149 -0.063487843237559
-0.251365269821689 0.298163547568177 0.484789393287265 0.138993326486658
0.123483380486396 0.333245409300053 0.267429345991298 -0.364429965762657
0.0133103187817785 0.0275313577825804 -0.245353879734088 0.0353639799287029
-0.21034884987474 0.171857357276719 0.0497264012802136 0.362741572068464
-0.102032731660118 0.408696992480902 0.192596804483206 0.202716684297077
0.198176989942744 0.344911681342869 0.101391972386795 0.175746488362005
0.304666422292499 0.136633821896296 0.125568592291407 0.214690940107387
0.309943611090915 0.0156491409270438 0.15696087287215 0.222385454849101
0.254555643660732 0.00535747488434974 0.178735163790119 0.180784334925649
0.25523144562746 0.0178699322489444 0.151372593354136 0.114189217829201
0.235767895971748 0.164743444412609 0.166365699474302 0.0494343316232637
0.0997873461252616 0.324221996022164 0.161672334008001 0.0267911207028547
-0.215000623266351 0.354621884172531 0.206587300365899 0.0126146301205565
-0.303427110999908 0.108512305588724 0.334132175780639 -0.0470246445105653
-0.148298795317982 0.00974872616744494 0.613604955217913 -0.0390903503310787
-0.0498059170374876 0.273679780770994 0.585781116255768 0.126523926440996
0.284227252213314 0.142093509098407 0.250393890973929 -0.367665100015854
0.0733444271502103 -0.151492153453058 -0.134430712932639 0.0278798625402458
-0.184444326439211 0.0141392254383732 0.0701003302707916 0.280091061266796
-0.109579629590095 0.248311190496763 0.145775104588293 0.220335652383436
0.136395116460483 0.201558809242476 0.153468618893991 0.256057768915854
0.205201194740317 0.0330921962886763 0.240123144043534 0.253336003444951
0.200057795476459 -0.0406428391638823 0.256182928484355 0.213224813254717
0.172878823500577 -0.044082515346944 0.243322272485143 0.164955984286328
0.189920070170036 -0.0447745497638372 0.217179972995049 0.114332245507363
0.201510917420657 0.0789523446282872 0.224563803231744 0.0957641056180971
0.0837534389049412 0.228026085602243 0.179933810899307 0.126936091493792
-0.189140771050456 0.199808673381143 0.146145506594534 0.095753564468764
-0.17060278071046 -0.0485816037093528 0.30184586820386 -0.0440567020460134
0.0664943926072488 -0.0314362772624594 0.691344334593333 -0.0196597328888369
0.15525267167353 0.256798941118757 0.621087115909693 0.10748787311438
-0.396928171845297 -0.112824780374324 -0.426061181037234 -0.124825248944753
-0.287149049118289 0.0589039100486778 -0.795651870877626 -0.0245031533133299
-0.0399229280737712 0.131652993801024 -0.306930690717636 0.149992118536435
0.0678885374400078 -0.049912058070221 -0.0636240243318696 -0.0376795500216147
-0.0818430469669641 -0.0826240656734329 -0.139877918337037 -0.179971875497639
-0.121609489269803 0.046712419505857 -0.267342331600843 -0.126602670481608
-0.0785697230529578 0.106481171069237 -0.272184691167146 -0.0822243808062857
-0.0559572108910535 0.0924390403137905 -0.25895030041382 -0.100996835243165
-0.0422228024541529 0.0938002816838894 -0.288682573210587 -0.165184563225635
-0.0736864448402029 0.0623851304575723 -0.294687213185011 -0.215271263801339
-0.0477866630841529 -0.0392063534503532 -0.23848893157698 -0.269043937924378
0.11142429462755 -0.069298422164018 -0.128101735872191 -0.27837937867203
0.155528178620323 0.146151844926285 -0.0694135993481212 -0.246502179323528
-0.110415221460575 0.21266684170535 0.0462754265575287 -0.0239841315036854
-0.325561155012269 0.0376128590109262 -0.272191195616335 0.3190625364902
-0.481003983733738 0.00848150697886403 -0.296430216908 -0.124696042067157
-0.420681045918777 0.0844355860905431 -0.808031668000728 -0.0346760850292448
-0.220577783057161 0.226668653064382 -0.309452973752239 0.249819098466631
-0.0345943739700138 0.14522129801203 0.0145922625654796 -0.000290233392117209
-0.0478336749226846 0.0820860970245245 -0.131100547154403 -0.212491857890898
-0.0333537660094999 0.138575079124255 -0.302505618731745 -0.13183367649578
0.0361842792420799 0.149187558583377 -0.295663499350578 -0.0425934138138716
0.0628502393621209 0.117194411718013 -0.246752551295242 -0.0461347103099572
0.0945492773148085 0.117766419732617 -0.269258003566964 -0.118857121600931
0.0628582102328679 0.14452761975896 -0.278059557058429 -0.20147426369248
0.0507452764179747 0.108052100598768 -0.224116189377605 -0.294885502536922
0.109967315766548 0.1264849129188 -0.0762482558089062 -0.308719768798475
0.0801477283493137 0.285454214386045 0.00413088456769548 -0.229764996218903
-0.195183581894132 0.312076265019634 0.0809210773316909 -0.0115423644433057
-0.425512740324141 0.18933219167405 -0.169041793335856 0.305641943820622
-0.487472800678217 0.180309889800843 -0.138879159531141 -0.129825741462987
-0.45443682799335 0.16879950762356 -0.767841250412057 -0.0174903930840051
-0.3262603141802 0.334778397986605 -0.297647380439564 0.3668057526788
-0.106368457257442 0.347580419188287 0.0811711223733207 0.0742880070265511
0.0149387772214815 0.26295518130073 -0.109899198791911 -0.18982938363456
0.0849115570635469 0.223612358321288 -0.30187259224577 -0.0982465351237573
0.159791561199867 0.166545357200217 -0.277592247931954 0.0172047410410188
0.169553204200803 0.122644384377653 -0.194871242960809 0.0193460747430993
0.206248004943939 0.127557994270026 -0.204904891275462 -0.061583268367909
0.177513449864462 0.209805043435676 -0.213068719799957 -0.174291444404972
0.133041759200903 0.243781090633481 -0.171106386801425 -0.296134064701128
0.090091365378313 0.320944519717127 -0.00706544728828255 -0.32593366289825
-0.023546094841357 0.412887508839785 0.0973646158858276 -0.233149624120236
-0.287917306043935 0.366046517095292 0.164038640744476 -0.0315954700804243
-0.476828927772905 0.29437988386949 -0.019343667747476 0.262261265181284
-0.405074302965611 0.354118834949622 0.0161714805408932 -0.168033471546833
-0.37667503451981 0.271331464786318 -0.67088743739433 0.0157487080468307
-0.325130304544878 0.423902648654302 -0.235003672578262 0.453277185737171
-0.110667039592905 0.505541636478982 0.143793647176844 0.144090438320301
0.107264221624562 0.404823866819064 -0.0719572001503296 -0.118850934449013
0.213276027139885 0.272459967156174 -0.250609551750988 -0.0272926158358263
0.270662279075512 0.15281134850786 -0.208593299598346 0.0869204862094203
0.248547273877 0.107489739409692 -0.110075333170023 0.0818026869628269
0.275820335283573 0.120920433240858 -0.112343875115078 -0.00433989497130731
0.250009909676461 0.248593075808671 -0.113979824282445 -0.132222432812308
0.176484750336477 0.347196895702854 -0.0846899798947266 -0.2645044313218
0.0363379251902771 0.47114414497254 0.0790610339042823 -0.30820085385398
-0.146329564475477 0.482224613015661 0.200050068589261 -0.229942006135496
-0.361879635793417 0.353753753701813 0.277936520510815 -0.0659738086894277
-0.463856907678096 0.33916065384566 0.154400044847749 0.203377344420282
-0.244802633206174 0.456056444360731 0.140175338817116 -0.240796454549773
-0.227735792455496 0.295057246234094 -0.535609868622486 0.04239903532121
-0.261829326508182 0.425385261804291 -0.127030792848344 0.477257327941855
-0.0782761596312617 0.561615738474043 0.194765958388945 0.181160386505487
0.194245598066894 0.461268926603389 -0.0172455389337095 -0.0241707210372715
0.310920111330488 0.263136555548433 -0.146867652198564 0.0617393103145957
0.341181709480272 0.109942978349045 -0.0964492345007826 0.150508140245418
0.289022791466928 0.0757126616597273 -0.00669772403505476 0.131487986622735
0.300563677698951 0.0975118165615152 -0.0124077590743921 0.0474032180320361
0.273481414296086 0.251565233828402 -0.00577283804409983 -0.0768727447249979
0.174143712862547 0.392731022203397 0.0170767832058899 -0.192910874628528
-0.0539533986072909 0.52866848070145 0.162423739107571 -0.237120674590074
-0.261585982216625 0.446539781356175 0.287693159223044 -0.192353794764335
-0.377002456837893 0.264920861897901 0.399248495974192 -0.0882153208065152
-0.378711358548311 0.332661100760355 0.330224018781885 0.148862957660649
-0.0487217203771068 0.437245160664845 0.21383413019389 -0.316994422953
-0.0826668106522826 0.196623662632076 -0.381886527904682 0.0508255516672794
-0.212404125459562 0.326506071783754 -0.00925370106679001 0.434523513721767
-0.066683656794 0.516691945037386 0.215094134625348 0.185784870387032
0.230540198213365 0.425349152300127 0.0444678030810922 0.0744767054126761
0.343520479698711 0.203039542226851 -0.0112545217013949 0.144825882086259
0.35138033095585 0.0546268241285012 0.0380434297754499 0.192825797415087
0.287370203701722 0.0358380418049197 0.0964074974894533 0.161123667363157
0.286390144105723 0.0565040160191879 0.0781296721149667 0.0857685728912924
0.261913029653686 0.212353937851355 0.0887059398984533 -0.0165889918235089
0.144462923992888 0.373799621702827 0.10342349494995 -0.0918348317179611
-0.142289682315467 0.479697980587202 0.211537019346031 -0.121029109428554
-0.323296906391431 0.306307082768575 0.332074012008498 -0.122311039457049
-0.304628512756309 0.129268548995306 0.506668904383987 -0.0850032908796206
-0.226913725069894 0.297892501148142 0.47745545573045 0.113689708797387
0.136467283614881 0.307103507236416 0.237953094851097 -0.361725098105675
0.00922399707681037 0.0231368743853772 -0.236148004050497 0.0473070289911411
-0.196570607297463 0.177558835650766 0.0679761194864123 0.347711764024641
-0.0787885692346808 0.404082918646417 0.196826616787856 0.184872596813707
0.209203850718927 0.325966961498579 0.102898170116911 0.165902963218074
0.299410327205545 0.114267535233221 0.128128926281675 0.204095448715046
0.2966179111633 -0.00287454577896324 0.16450238818092 0.207549291889712
0.243156594220701 -0.00902642116559978 0.183625081523027 0.169193484176509
0.243758379697267 0.00268753941306277 0.152633907309768 0.105630768133116
0.235124374186688 0.144899641260149 0.162095775634777 0.0385136652466939
0.114678405523146 0.307579610253432 0.1583824241817 0.0176268312131087
-0.189585568093633 0.356983199489783 0.203174865650603 0.00339405430265605
-0.290338966587288 0.119904567852598 0.32303270228536 -0.0596476318134975
-0.142933829524766 0.012774323329574 0.591574814964819 -0.0634051202376552
-0.0316825768938126 0.263299903749042 0.573857219083549 0.0976499068553308
0.281192400023265 0.116661952972717 0.222964551861364 -0.362327518674219
0.0598868442580881 -0.152457239074319 -0.129443558054918 0.0345738417074856
-0.178693821392389 0.0235319239310956 0.081134674919739 0.269086507600272
-0.0931513991098503 0.248682881579179 0.151448025127977 0.205394894036724
0.142191540047144 0.189195128506317 0.158491800101219 0.242546120299229
0.197842009349865 0.0194899720703721 0.241391757127029 0.235096781169554
0.189939121031042 -0.0526122281219355 0.257746695301512 0.195089178330996
0.163103559284751 -0.0531802066629788 0.243791526833609 0.151618568777805
0.178791738580601 -0.0559034551188597 0.214485452203602 0.102252525137763
0.198051501016251 0.0629597488946064 0.220035012674262 0.0802248534166905
0.0954892253200921 0.215549261246979 0.181413059959226 0.114233374475618
-0.1724925391199 0.206642448346559 0.148526625223247 0.0885560795241581
-0.167675967828693 -0.0379305367068309 0.289943895162157 -0.0548238115733886
0.0637948366578962 -0.0361256966388848 0.668070209766156 -0.0471192470598225
0.164092970637206 0.238744405584109 0.608145769837853 0.0806526634160239
-0.385960540963169 -0.0997258450354948 -0.417595781943856 -0.121348510557841
-0.27710289132008 0.0629159026030175 -0.772246542525517 -0.00970233106829542
-0.0331988360531753 0.128463627132372 -0.296350264274844 0.149615154592031
0.0640334906392038 -0.0518633837884277 -0.0622480527190099 -0.0379043961469998
-0.0810328367800597 -0.0780531208406717 -0.140132774589978 -0.173776390287983
-0.114546954494056 0.049717386035907 -0.259322883119998 -0.114933579057454
-0.0725274340507168 0.107742285951537 -0.26312951346137 -0.0721139397845048
-0.0510460876835354 0.0933193472645608 -0.253345259028858 -0.0959751783393336
-0.036979645652457 0.0947564468212576 -0.283084975760628 -0.157824072014879
-0.0695707530075542 0.0653244465028382 -0.288002029273126 -0.203036648672414
-0.0492732853229333 -0.0351000050425565 -0.236598450740222 -0.257202278476294
0.103972590547667 -0.0708255006016122 -0.131969215999059 -0.270082791443997
0.154555846475617 0.135358680453342 -0.0728170796900852 -0.235638975627077
-0.105141195884274 0.210157851098761 0.0483491616434887 -0.0239044053156862
-0.315989670088531 0.043562246764098 -0.254840375970847 0.312694312617149
-0.462576274882017 0.0169413910958422 -0.292787156941684 -0.124362095536117
-0.406554927226294 0.089027161728722 -0.78726492999744 -0.0194324028923151
-0.206973240442485 0.223540986029205 -0.295486298563307 0.247677797487771
-0.0311960893502121 0.140476617656513 0.0158953357031932 -0.00373330720067009
-0.0448695770894286 0.0821118618439989 -0.132480916057643 -0.207085341512005
-0.0277404191191399 0.136272360011944 -0.296046017157814 -0.119414856788265
0.0373888833410265 0.14612959576033 -0.284305495358189 -0.034028994900285
0.0629022652143575 0.114820610966692 -0.240451428762093 -0.0420143652886614
0.0947002616695487 0.11425018929909 -0.262844910132524 -0.111368253508042
0.0650474208808208 0.141463578513824 -0.272394428401743 -0.189871876652801
0.0496740091564983 0.106565342143095 -0.224032388909073 -0.282758594725068
0.106670970891299 0.120161928632135 -0.0819488854195565 -0.300380695548289
0.0836616661467669 0.274028381889112 -0.000196009746291864 -0.222430637032166
-0.185521044855879 0.307112124936461 0.0826768129325992 -0.0124676163270395
-0.408701443022008 0.192598550228502 -0.154344557006612 0.297539419886445
-0.466866120115716 0.180198681136145 -0.139853582768161 -0.131234521759675
-0.439293769543764 0.170240623344616 -0.747252939857914 -0.00410818467775581
-0.309697832549045 0.332265688352248 -0.279043407615357 0.362056641071156
-0.0963232999050827 0.340139640196612 0.0837060419585416 0.0657758921826326
0.0202298014193934 0.258216289951724 -0.111753876352922 -0.186013319763523
0.0891113234831301 0.216111904881591 -0.296733523555667 -0.0855792157046963
0.156051546814698 0.16024178266874 -0.264439938824838 0.0229194220841488
0.165699772624329 0.117086545456656 -0.187069198011633 0.0207687076162828
0.202338025109482 0.120327703893794 -0.197612637919401 -0.0574679629936024
0.177617540510738 0.201892264961905 -0.208314200682223 -0.16499969226429
0.133878923858698 0.236476263269697 -0.173480155154981 -0.284731090471566
0.0917481322690946 0.310734931611769 -0.014966171758523 -0.318948061526836
-0.0159563374802714 0.400347794177818 0.0916744865482918 -0.229011493038937
-0.273947681125021 0.360295733219553 0.16289216308023 -0.0342679152929315
-0.456217969058816 0.29488126020953 -0.0109244335238673 0.252286425999172
-0.383637770970532 0.34527052955384 0.00914108902598562 -0.169466343742079
-0.364300145051246 0.267813727219636 -0.652499928002011 0.0286083634543455
-0.306448973325927 0.419337029776995 -0.218763394517444 0.443283907236143
-0.0953576207211814 0.495093569506312 0.145457086211268 0.131536193243066
0.114301472355886 0.395377078237781 -0.0747328747244562 -0.118514017186044
0.21368923715337 0.259941115269802 -0.24625158274666 -0.0179929187231166
0.262390275447855 0.143592554107187 -0.196060377215926 0.0883887361069664
0.241033609780794 0.0999631455112617 -0.1024448272288 0.0809407403367313
0.26861617061914 0.11262563221535 -0.105863256684156 -0.00180616113246133
0.246820377210581 0.236965171497137 -0.111349536169479 -0.126305014499697
0.179391751213122 0.335461532770984 -0.088270275416586 -0.256016867611986
0.0421891047342374 0.458471650408539 0.0695938149483352 -0.303618538739092
-0.134198818365702 0.470835273896687 0.191477343174767 -0.228467981444254
-0.345767280433802 0.349794789317603 0.271966501235328 -0.0698409890945517
-0.441607647721499 0.336384136074811 0.157241198397402 0.192478584984554
-0.227009444249225 0.438378805040835 0.127600789919215 -0.239477978500517
-0.218748813529076 0.288926750806226 -0.519801108088752 0.0529163076196736
-0.246075493327943 0.419682617669053 -0.111198459518535 0.465933222115532
-0.0636455821171968 0.550398447091233 0.195978968004775 0.166234728639688
0.200336458191377 0.446889858677555 -0.0207684879127177 -0.0261785669584752
0.307604986139122 0.248435484784222 -0.144678414719986 0.0664110508916145
0.329307509435743 0.0998815422001425 -0.0854217622863843 0.147066373119175
0.279145555080685 0.0681006226234987 -0.00073687453501255 0.128694540954484
0.29032185217379 0.0876641944770261 -0.0074162172484186 0.0470549301417971
0.269761432078949 0.237128470915071 -0.00621237004978058 -0.0750364087728816
0.178822410072291 0.378402393907293 0.012249068173873 -0.18909273600617
-0.0421790179465812 0.516293778689518 0.153355268406255 -0.235983209846811
-0.248354476387508 0.438894633765507 0.277846327625333 -0.193512383477638
-0.362316783469775 0.262439638329503 0.388263858681305 -0.0923879259842898
-0.35842947970723 0.327588539983078 0.32603708088954 0.137394456432924
-0.0378327105799745 0.415448376776029 0.197566187758575 -0.311685209354386
-0.0819009760692964 0.190138050832975 -0.371164111540923 0.05810558612038
-0.201351857009245 0.321896205794963 0.00205141925559033 0.420380199619868
-0.0534616441844898 0.507652173704248 0.214820197309599 0.17140668915051
0.234392473794586 0.41326217396116 0.0411526799060074 0.0705497241788251
0.336462155649797 0.189569443078255 -0.0114884108912218 0.144034267430204
0.33766832085363 0.0430370210626217 0.0443098026420856 0.185785841677452
0.276677296333436 0.0282082326883738 0.1003160571815 0.15659438212801
0.275332214824366 0.0481910241136218 0.0802439298062246 0.0833686257952749
0.257966061590938 0.198656122198271 0.0853437127674826 -0.0190478149047546
0.148345662361644 0.359674315182802 0.0990500565589061 -0.092573122357664
-0.128650581512135 0.471549268940471 0.204003943482599 -0.123267484103228
-0.309574419560425 0.303549187786955 0.321360438270261 -0.125490514130932
-0.293740116883603 0.128221891694836 0.490707481823529 -0.0893962795175002
-0.210726293587702 0.29060042284425 0.468075133698128 0.102238792481854
0.137361904416104 0.286566736628076 0.220545746372695 -0.353848239230355
0.00373288310473095 0.0202323072366541 -0.228728538093861 0.0521013065648993
-0.189308172994177 0.177618257509649 0.0744734611927328 0.336413168840576
-0.0666562062681254 0.39849561288122 0.195862571803807 0.172345724330386
0.212023925705569 0.3149153187856 0.100680615429044 0.160319854399892
0.2910961463806 0.103264440712444 0.124550521069601 0.198930390112141
0.285082351661123 -0.0125000663274357 0.165902029279375 0.198807694806487
0.233308681007158 -0.015214964358884 0.183997198331586 0.162679355893195
0.23247943368826 -0.00397455284016638 0.151126981685455 0.101170819803081
0.230276851541264 0.132975379146414 0.1574794965083 0.0324747565819078
0.120276952570532 0.295075668707182 0.154726225632812 0.0126478191962821
-0.174547221097997 0.35358867634073 0.198747732640957 -0.000874408485757038
-0.280868136838959 0.12138545611135 0.312931070766698 -0.0635868066048938
-0.138355281544185 0.0118280145883919 0.574152785289356 -0.0695790587775626
-0.0234537913317075 0.252724434405418 0.561736099095924 0.086957027686018
0.274120362157814 0.100219911791004 0.205463448693482 -0.35240960520614
0.0502853500976706 -0.15049342136937 -0.125640933335744 0.0380292144113595
-0.17456420613566 0.0277478508016766 0.0857462509536708 0.260223318945674
-0.0838474660693692 0.247462864467936 0.151367365860548 0.195687541115446
0.142818716267903 0.180917967810917 0.156330786587111 0.23496071503819
0.189887602907337 0.0121254367361873 0.236364500298093 0.226372120664809
0.180509075348777 -0.0586015253413692 0.253426969913773 0.185405956292572
0.155561020976337 -0.0566983397730937 0.241478004546773 0.144652826908073
0.168203168431233 -0.0608835347366684 0.210174292777378 0.0966615900852262
0.193212067677784 0.0532851501739885 0.21327618449788 0.0711844230740872
0.100487642498037 0.206231253461529 0.179671021628871 0.106354686605274
-0.160892141530164 0.20767196406274 0.148033927495207 0.0840908987323018
-0.16435972246358 -0.0330848882111674 0.280051711541982 -0.0570803890076136
0.0610577990597479 -0.0390186477088883 0.646153457627735 -0.0551132616263135
0.165796227371631 0.224820125162053 0.591978390615224 0.0724376905405469
-0.378233368466083 -0.0229798902622606 -0.461694918222101 -0.0694278300450958
-0.251253496655347 0.120398726150814 -0.790244228273151 0.126985619997045
-0.00382657005952896 0.128408431464783 -0.276326469997135 0.209318615806002
0.046919500607949 -0.0642321485595334 -0.0622672709558054 -0.0253711700947
-0.0955038709027424 -0.0583193465942683 -0.17431581794535 -0.154972736391678
-0.0994221397517675 0.0724867701155447 -0.282092031567948 -0.0663580517804794
-0.0466243252054375 0.120023652021713 -0.278828678644149 -0.0251550161096539
-0.0326175719577182 0.100959224485059 -0.268120209341978 -0.0480432828520533
-0.0181053119291641 0.0983136138495027 -0.312184513433712 -0.105378276188004
-0.0550586474879248 0.0750083258746187 -0.327944829689729 -0.149148820699128
-0.0556194303104487 -0.0255386939818252 -0.287721136597821 -0.209593886859408
0.0838128603844202 -0.0918125887493218 -0.188477668560261 -0.238345955664442
0.173082697831811 0.0928560265282941 -0.128733996038162 -0.212493027781937
-0.060196809801876 0.226408803645217 0.0449478001154523 -0.0482447066399721
-0.305187897237398 0.108092166691877 -0.17685066829058 0.346529563790308
-0.430812975348354 0.0976360608227315 -0.346167268299595 -0.0956945501382564
-0.370810754463372 0.169649410138707 -0.812550473422549 0.115067611265231
-0.147783720080865 0.253063993659282 -0.270491652149791 0.298816222986583
-2.06270045889981E-05 0.137163267452984 0.00485795422047514 -0.00942391905883424
-0.0299206697978627 0.0870204117924136 -0.180848206364209 -0.180306306680711
-0.000859709527489852 0.13925191352551 -0.321828682645663 -0.0565733763081549
0.0643741805314749 0.135120538437702 -0.292301288075232 0.0235224456814917
0.0789420635017812 0.10165924803636 -0.243550333666601 0.0030433256894981
0.109854373778893 0.0927353648552487 -0.283963361740092 -0.0634297745767067
0.0882803346211001 0.123764729527725 -0.313285597217467 -0.137135712531567
0.0640619727320175 0.0903713995893764 -0.283284924924292 -0.236541854855117
0.123501035603685 0.0901002646835271 -0.149761974144796 -0.281815384247366
0.131248794664398 0.238375085141834 -0.0579521299506855 -0.220277140910412
-0.117832951440813 0.336969307035627 0.0831508327467953 -0.0521527748943619
-0.36440525032717 0.269754499005174 -0.0805801356793817 0.301197199068285
-0.405210490656816 0.248697284341162 -0.200235367106472 -0.124161738729789
-0.387396653915985 0.253509258661309 -0.773467878206923 0.128877391019192
-0.222561061902429 0.375609550014943 -0.244268565514876 0.4075713904384
-0.017599653701785 0.339897121800298 0.0678500287295439 0.0479846375914366
0.0679832615099115 0.242546191466162 -0.163622930257983 -0.152623506847031
0.12556988224393 0.193470477206049 -0.316627435459771 -0.0136981375272795
0.178300027629935 0.123583337239676 -0.259883995623312 0.0849308192572253
0.177405846778168 0.0859894267350924 -0.178134303994049 0.0555404581329809
0.21219580252435 0.0791556959640048 -0.209143457994648 -0.0223199095442678
0.206950476966826 0.16040327509099 -0.246986166587369 -0.124430248350679
0.167826122410882 0.198125445909019 -0.236455404885252 -0.248204234091292
0.146920617934372 0.276001864245114 -0.0910477599493388 -0.317497907486642
0.061872987134574 0.37833803785443 0.0280285178580912 -0.253698537796128
-0.192672680867508 0.405422565062227 0.160878676620879 -0.0955937810825582
-0.385717266837926 0.37793767441617 0.0521261657677539 0.221055690631496
-0.296795715078905 0.385422553119284 -0.0601332723430895 -0.17979498204274
-0.296569174507225 0.331558910539507 -0.674124838837273 0.147304868667558
-0.203914575922689 0.457419522038347 -0.172504271905746 0.480703626307437
0.0167226661277631 0.486895047234015 0.130704212119785 0.106208745483689
0.186252240653925 0.355157470449447 -0.116348541204635 -0.0802933790398476
0.252829405861575 0.211112939267712 -0.25283408197746 0.052173679277954
0.274547414329392 0.0845576258430347 -0.178517607151852 0.143617764579479
0.246050112027725 0.0561196935180565 -0.0821936089978424 0.0995390246302945
0.273294939084108 0.0595267641087562 -0.106339388952534 0.0153944813701578
0.280749798986695 0.180406798197963 -0.145865817664694 -0.103885544748084
0.228866428909998 0.282651603212574 -0.147258633309079 -0.235438707203978
0.129813575160961 0.428441512378327 -0.00632348301956282 -0.321891349694349
-0.0357477718351789 0.469986366433972 0.126580174775216 -0.280729206458336
-0.262496503195137 0.409806908829915 0.266065517860612 -0.156053290605288
-0.361229602034624 0.416055541813495 0.206369624933193 0.128511025024884
-0.135055370677093 0.443376322653365 0.0487412991696143 -0.26031603893995
-0.154688135489048 0.321540629565049 -0.533699544366899 0.15416401717423
-0.146515167739782 0.448255525068904 -0.058604672422519 0.487721522296722
0.0602717570253772 0.533052126383729 0.183797376444435 0.136355846696724
0.280513257030104 0.390182105968564 -0.0434717772006536 0.00936966918478947
0.341696435044576 0.181108047699828 -0.133720666596636 0.121558567092383
0.328182924806803 0.0278715936772819 -0.0555703149180928 0.185518656837731
0.276695791315426 0.017997672452423 0.0265246537906103 0.126671232885891
0.288935290618135 0.0309623910597183 0.000434601443149515 0.0458583171380684
0.301654624978084 0.17605557249284 -0.0308218119984471 -0.0744986708497792
0.236271891258734 0.324238943061503 -0.0341909429534404 -0.189263605780791
0.0623891273387251 0.500222793995693 0.0911808536281964 -0.2741826507975
-0.149173734932728 0.461593632156093 0.222676966975375 -0.26853693676445
-0.294396009000634 0.328220046113753 0.379598049143584 -0.199212628197404
-0.279027243015662 0.390591038600946 0.359702954059179 0.0451940344054197
0.0369001847109477 0.387247074959722 0.115917305391414 -0.337385365752117
-0.0449382564161515 0.199881627898029 -0.372699464482213 0.133531258809551
-0.123615229205276 0.347091228902973 0.0536193225905859 0.417750658951097
0.0628632376542481 0.492011281813787 0.205844802672557 0.137820382508167
0.309195898765579 0.350768399007293 0.0404486479836292 0.0952701924712343
0.358398071156899 0.11675652102128 0.0157716234684658 0.172245209104251
0.324929693788973 -0.0286656597810696 0.0827964690281301 0.199625988462349
0.267413588290663 -0.0209863889813265 0.131509528641002 0.135689809796743
0.267092165400538 -0.00406966092928106 0.0947239575392832 0.0667643040809743
0.282906438329366 0.140802371385302 0.0722689946727221 -0.0363611012145457
0.20720628114968 0.311169358058378 0.0729600376300207 -0.111609375937142
-0.0282837649373729 0.477092477391216 0.16837615951964 -0.173337983884048
-0.232091220387667 0.347569057161292 0.287959234526801 -0.209361745034713
-0.253147379054192 0.185451393439246 0.482597033931729 -0.20852204274487
-0.141020181371075 0.323323537095192 0.489188251244117 -0.00853439730914867
0.178101397542831 0.235420490598794 0.145285794670412 -0.380010334324223
0.00263227764539282 0.020680277916936 -0.222133551108609 0.0987282464793484
-0.140717364217114 0.207768477614241 0.119974247768554 0.315082625906815
0.0261479988992403 0.392715490504701 0.194106302607729 0.140185142589304
0.268240761340873 0.260095287477764 0.12265583976132 0.168099479259448
0.298354172190175 0.0418050245875993 0.163589543282472 0.194595517963831
0.264042451300058 -0.0729214927668209 0.20656454605559 0.186454941706483
0.219459685348732 -0.0562447983805942 0.214980216489321 0.125578769360045
0.217250760968714 -0.0458703608873445 0.168759012424271 0.0722443025657111
0.244481508340402 0.0831006717062488 0.154960054265335 0.00102514508221313
0.169053324513392 0.256060743726044 0.15123714332824 -0.018531969089474
-0.0961614849651692 0.373981622128629 0.19307917604903 -0.0493497564253684
-0.23993242616124 0.170105385153776 0.298911444557901 -0.140816793835857
-0.126269862674127 0.0425791560708973 0.565095824052873 -0.194592491130215
0.035185539159741 0.250867932904557 0.57132392654069 -0.0317294629638458
0.272863762777473 0.0380618241454413 0.146428985945464 -0.375895620773258
0.0134623694710556 -0.150672377843415 -0.111295281941049 0.0612806812473406
-0.158005016498164 0.0631453726364535 0.126362116482513 0.231727700200047
-0.0215964912788412 0.253035194663247 0.165161288738292 0.166685202419069
0.177147984512472 0.144971306523149 0.198224770614282 0.221607880919152
0.184213272730923 -0.0279853606678407 0.280019342197959 0.190183874645977
0.157764609983688 -0.0967766309091065 0.290422117868385 0.150316380164197
0.138666868423741 -0.0826707504800634 0.266503359127645 0.0979756623722611
0.146812377018386 -0.0885208000956545 0.225758849182919 0.0574411246456604
0.194747267595267 0.0138790502923323 0.221504507094284 0.0284448002218031
0.134747766930445 0.175915512165803 0.196969294254374 0.0701903699811077
-0.111152118091708 0.233457925432588 0.164224831297235 0.0492552224679395
-0.158279740411279 0.00201112638837409 0.271010432763368 -0.119830763809085
0.0582944031200244 -0.0446694105342031 0.632905499539307 -0.185925135574324
0.213493879611638 0.187652682507205 0.593371248829676 -0.0436898975774822
-0.381338197789866 -0.0173503444518142 -0.473555035581841 -0.0709637174839822
-0.252839449667659 0.125715021754665 -0.802082360594321 0.139745146801864
0.00101706001138896 0.127987769130785 -0.277248350292589 0.216042638723858
0.045494736649775 -0.0681242333784941 -0.0623652817136471 -0.02790819102985
-0.0998257264304623 -0.0583324907596541 -0.182019640972412 -0.156754382299371
-0.0966249106836641 0.0752919326129366 -0.285652526698143 -0.0613956567576454
-0.0427604969903295 0.124819217475211 -0.280874658561929 -0.0202649533982116
-0.0299158731504771 0.104819084777025 -0.274353225798211 -0.0460093740046378
-0.0140504439540199 0.101529564677307 -0.319841450463428 -0.105003013469077
-0.0524249410434023 0.0802588586455973 -0.333899982985022 -0.146914938259977
-0.0576786003523353 -0.0221689961073387 -0.294543822188693 -0.208497411117203
0.0809557140440779 -0.0949058617992243 -0.196921681629903 -0.239158619272745
0.176555446581737 0.088936047825393 -0.133568972862244 -0.211207523465627
-0.0580538966043283 0.233072043182133 0.0489437976344197 -0.051589220224064
-0.307928380755255 0.116353336429263 -0.170337385158469 0.350962364602799
-0.432769502418384 0.102671679019014 -0.357112700020975 -0.0987951518839381
-0.374029158597648 0.177670880371167 -0.823282314799493 0.128904227742067
-0.143270640279429 0.257285995516665 -0.268817552601788 0.306286104483357
0.0019626725041569 0.137132036589481 0.00572648083682313 -0.0141669476354777
-0.0291086858935404 0.0888250944072655 -0.190475780198971 -0.182748994756236
0.00357905014321443 0.141155280094987 -0.327728003151962 -0.0491810480960702
0.06825389856256 0.138204697113471 -0.293537118736722 0.029321977706279
0.08261701868248 0.103715498722133 -0.247806067669919 0.00581851644719254
0.114564324854168 0.0932357279692096 -0.289135087448776 -0.0625584676088476
0.093497124972801 0.126415307435987 -0.317951767493898 -0.13574978740439
0.0665760687413212 0.0934211685256816 -0.292013572827304 -0.235785285591649
0.124469453599486 0.0898318509202434 -0.159478583208638 -0.284040007462763
0.136286648871529 0.238132891688417 -0.0616657871686941 -0.221609183643638
-0.114837988878472 0.345163533651157 0.0871360501637912 -0.05685485854859
-0.364619228512104 0.281835744739432 -0.0752968303180965 0.302626634269607
-0.406588705234246 0.253164724427446 -0.209941125667869 -0.129903029325738
-0.389964385719421 0.262945523176453 -0.782476954622283 0.143042498143437
-0.217480194507502 0.382363098597993 -0.240694318500176 0.416319429904581
-0.0118319973770169 0.344109521368438 0.0711776741080757 0.0410379241639433
0.0749062991094658 0.246591538692993 -0.173279272864944 -0.155224475593745
0.131677493735227 0.193834966355448 -0.322979414070081 -0.00461756834665888
0.182384367560232 0.124878955893273 -0.260281725508747 0.0902011094153026
0.180882150013218 0.0867522964013925 -0.178755083459809 0.0580608432158846
0.216524963350208 0.0775051667656252 -0.210335982307315 -0.0213207487893203
0.214229499287734 0.160882875938539 -0.251310758060742 -0.123065142212676
0.17475116771204 0.199858568380347 -0.245385119234355 -0.248049200282736
0.152268521755609 0.278601102276493 -0.100775808084057 -0.320786064850576
0.0676615567747403 0.382864254285763 0.0253076684338737 -0.259061961244644
-0.18968344590844 0.41579837019045 0.165230398300249 -0.10258291975919
-0.385217406603896 0.390874642145962 0.0581573036821482 0.220623835075698
-0.296161364932706 0.389104954835289 -0.0682276847362754 -0.186630608476704
-0.297683631778778 0.339170024152791 -0.683386451952702 0.161853322861033
-0.197746440391153 0.468212251250869 -0.165690223592876 0.488647939247996
0.0272221444631023 0.493975613709863 0.135183529647053 0.0987058466160907
0.19903107070503 0.360049506899955 -0.125689559373035 -0.0821934002782872
0.261405737135247 0.20894078120118 -0.25842769384597 0.0626527436235049
0.27801735171742 0.083638801885058 -0.175704055729195 0.147538579723399
0.248410727340757 0.0542197320263761 -0.079821408271332 0.101088552091146
0.27661585991523 0.056539903581865 -0.10529738476875 0.0156545403519187
0.287981293896181 0.179387010242504 -0.147498540199991 -0.10448263034476
0.238692032660795 0.285218276963711 -0.1546950966621 -0.23748257763774
0.139833459476847 0.433327515414984 -0.0148938847640053 -0.327319501265702
-0.0305029083836507 0.477456890947021 0.124878021668571 -0.289164034823551
-0.260983330605751 0.418698739998131 0.26924137282475 -0.164158302022608
-0.357214010683363 0.425942697073132 0.212488560755954 0.124635856272197
-0.132747548332201 0.444320435819331 0.0410801131623809 -0.267806979433214
-0.156550175055667 0.327304117367591 -0.53963562221511 0.163686091447578
-0.140597333854977 0.457578908729801 -0.050468152406121 0.493366709979838
0.0733468206950182 0.542400110056359 0.187530239366882 0.128371476702704
0.296937478664639 0.393165644286394 -0.0503452860641481 0.00913292254838187
0.34940964083602 0.177912982312453 -0.13612399753046 0.131935288459024
0.328067388562131 0.0245191822700388 -0.0504462181622947 0.18735082798356
0.278652753981532 0.0140937617068316 0.0331169338569351 0.126647781093563
0.290593432356842 0.0276278459965119 0.00425954701676151 0.0457073938860057
0.30884924975183 0.173822482692524 -0.0319171464817933 -0.0753946945493262
0.247415277766825 0.326108479952748 -0.0394193177817282 -0.192158287588417
0.0727898937022805 0.508351197796653 0.0852936611310924 -0.281112066518504
-0.144238240559785 0.471507196596822 0.223383694176286 -0.277755587141606
-0.295075780444568 0.336768986949943 0.384972470863659 -0.209177612262408
-0.274608059639128 0.395778127567342 0.366859065925713 0.0396441348507276
0.0408037434876356 0.384375259318092 0.110030034214761 -0.344213541212803
-0.0468747062720815 0.203921680060563 -0.375981537959417 0.142501930342763
-0.119934016532334 0.356709309470702 0.0623365449088846 0.420836848823529
0.0746124817325078 0.501691656399335 0.209741549411567 0.131591516827633
0.326009201072529 0.351896626903991 0.0371695360963676 0.0971314522575726
0.363782247429513 0.111679718683807 0.0167329428129913 0.180877095913018
0.323809373026988 -0.0345565675447415 0.0891084896576547 0.200329554041922
0.268225503088478 -0.0254498950863619 0.139396657795894 0.134610768917979
0.266489074857469 -0.00812988750803679 0.100169414470638 0.0660449627604903
0.288032836764759 0.136770236459958 0.071783250611551 -0.0381447700380567
0.216805493987685 0.312484578155429 0.0709745841328596 -0.115088516641619
-0.0192189434785678 0.484942868185117 0.167057482953835 -0.179405297313863
-0.230354435967244 0.35565768316498 0.290057397433867 -0.217937040678004
-0.255768911292947 0.189653865610016 0.487262492043457 -0.217994272190025
-0.135136160216552 0.325621192896313 0.497847515003315 -0.0152756509808058
0.179245058470316 0.229708013158993 0.141048843746906 -0.386070364967943
-0.00204011614519677 0.0221163282430805 -0.222658301437061 0.104280250418159
-0.14056266733481 0.21556054697822 0.128008391877374 0.316069831063014
0.0368611479709196 0.401031469978084 0.197295780365116 0.136211903369743
0.2820073062492 0.26075978184985 0.124287742159186 0.171677710599406
0.301199186774053 0.0364173023732837 0.166877490609609 0.200211819125606
0.261107765112739 -0.0798361035633787 0.213518436013896 0.186157512949673
0.219219619891177 -0.0612192445037335 0.223449732088611 0.124061144623221
0.215280176293649 -0.0508868157881035 0.174453973899696 0.0708396586627975
0.247907354978609 0.077602033166539 0.155565220688294 -0.00203242861049651
0.177196114425375 0.254867127914291 0.153369948696393 -0.0215567324599235
-0.0875507825465874 0.382671001337084 0.194899815186131 -0.053533069447486
-0.24092579689985 0.176788943104899 0.301654759434002 -0.146678500294787
-0.12796662764614 0.0424130980089426 0.56972126222135 -0.204500196704791
0.0409748035006392 0.248776808910015 0.581592909548893 -0.0377787875302211
0.27215511194228 0.0297120090962174 0.14275489937794 -0.380102895554497
0.00649289248205383 -0.151999806951453 -0.111359248872717 0.0647781285107601
-0.159853464324319 0.0686599352372066 0.132651964848364 0.232375400727257
-0.0141852065465714 0.259921212418328 0.168823725670229 0.165402153545521
0.185241735423791 0.144057307249147 0.203456151815996 0.224557575927204
0.183541285015067 -0.0321444900502778 0.285171227732145 0.192493529094615
0.153731888265192 -0.103490861375727 0.297023556608227 0.149315288241316
0.137805352959249 -0.0878580137625867 0.274332042635223 0.0962169771008384
0.143241735338122 -0.092855226829829 0.230845350896442 0.0559566010237491
0.196653120215587 0.00741232041381007 0.222186815894124 0.0236573032173442
0.142097046846744 0.173543878002983 0.201735062989112 0.0677635459759351
-0.105294692789933 0.240988082538889 0.168603908305298 0.0476861831892785
-0.160571712895676 0.00446529450966674 0.272969467310655 -0.12353722245861
0.057404890524726 -0.0492112556629163 0.63670349818952 -0.196280306879806
0.21988783720133 0.182254717599223 0.604157555957507 -0.0477414001823951
-0.386051450084726 0.000114279756954314 -0.490453815435317 -0.0597624408304723
-0.252657320597633 0.13886382506089 -0.810822458323007 0.176422376494264
0.00903602714564208 0.12702473454096 -0.272290173935053 0.231729601167164
0.0411712747247005 -0.0739486890079707 -0.0639525777690081 -0.0293955516233773
-0.106100127129353 -0.0549131601200072 -0.19577490032442 -0.153196882927151
-0.0929553097640883 0.0804812819696384 -0.293840249490483 -0.0487526990832267
-0.0342256031120965 0.130369109252948 -0.285534585033841 -0.00774089195732316
-0.0237570372451939 0.110626865808698 -0.283263777401609 -0.0349385668578828
-0.00652629836984484 0.104638628858743 -0.333571426660645 -0.0948212571741396
-0.0468988233373905 0.0869537324286496 -0.346085714125008 -0.136525588601022
-0.0603971624227445 -0.0171119478318933 -0.309132245477532 -0.200437412145275
0.0748896180554792 -0.100387998005561 -0.212621958121148 -0.234524557912025
0.183170214550704 0.0799597915724963 -0.144859626762975 -0.206648882020346
-0.0493284052225486 0.243545024044308 0.0515829897768215 -0.0577989307698224
-0.308382222575187 0.134835832181963 -0.156642750903242 0.361584052316841
-0.434603277040715 0.120065033906573 -0.373814262550776 -0.092752136762977
-0.373588581735051 0.196777500504422 -0.833680978395769 0.166650676086106
-0.132489816061584 0.265845136700919 -0.261349189455323 0.323026978278238
0.00773864304388761 0.137802559355879 0.00566821461200972 -0.0203490335615211
-0.0257875889759231 0.0926894547527558 -0.206754436332933 -0.179371104531081
0.0111565925743911 0.143359026170029 -0.335846590379304 -0.0323654186130158
0.0777332958046577 0.139869266005596 -0.296137336871735 0.0429206826366112
0.0897347665223101 0.104751049066284 -0.252888860173842 0.016089517840625
0.122617362113332 0.0905694336629616 -0.298362557353809 -0.0525424383358127
0.103864955643041 0.127445634429924 -0.328805658471666 -0.126050781260687
0.0729169639196099 0.0951213161566349 -0.308396336376919 -0.228116570854072
0.128401340615106 0.0868752639664072 -0.177438294700437 -0.281686850746066
0.148186253137487 0.235387307182231 -0.0716783746588515 -0.222909749265851
-0.102745470297457 0.359139163472123 0.0899559745376579 -0.0649124445332163
-0.357612268515427 0.304062779572715 -0.0610187085040475 0.307778780802064
-0.401648668453705 0.270390614959779 -0.226537082241889 -0.129951744997124
-0.388171426622401 0.283466374706191 -0.791811118050925 0.177757431418506
-0.204186608245557 0.399226733697354 -0.226272226891748 0.431206767321787
0.0042801971423482 0.350116574928727 0.0742838406240911 0.0321543906580079
0.0896914135806775 0.248444472437698 -0.18907623564333 -0.15227797638346
0.144730853474909 0.191616697830675 -0.330282626281711 0.0141405988327782
0.192261182191776 0.121843224450971 -0.258988681426541 0.102489777399446
0.187641521538071 0.0819584126667771 -0.178886780737014 0.066147236815356
0.224431963417689 0.0700245380980989 -0.214646288652994 -0.0134078752283987
0.228315753697377 0.156532208950818 -0.260099624666304 -0.115652304054735
0.188103083387995 0.198655656076593 -0.262037538838022 -0.242159315261323
0.166564966880187 0.278698217194653 -0.119922874805603 -0.322335337528142
0.0845509032907768 0.38704395938697 0.0157199488690784 -0.265911183577175
-0.175794508188728 0.433317954994433 0.16649266919575 -0.11549556602877
-0.371843601546526 0.413234081754294 0.0703723618111904 0.218424494897632
-0.287408254729496 0.402919721125095 -0.0839242436547983 -0.192534561099721
-0.290845190495236 0.358051289530782 -0.690437455034742 0.192399149219446
-0.179352954144367 0.485974100875838 -0.146553460729303 0.503477598858925
0.0508579695646453 0.503221938343695 0.141353010797661 0.0874744102701363
0.22332444474976 0.357868924838465 -0.137909311907916 -0.0788999293678008
0.277147280742466 0.201230187333268 -0.261935934746242 0.08203648509717
0.28436358206269 0.0751914468105999 -0.170793540797393 0.157338589133918
0.253529451973487 0.045482724405592 -0.074697310163156 0.104700701445116
0.281944492181229 0.0454480556673234 -0.103619446772853 0.018629911536436
0.303624154429053 0.170678641455552 -0.154135120329605 -0.101582662512929
0.257728029881822 0.281535714540272 -0.170642887407018 -0.235318433155269
0.161793212314572 0.43636692676766 -0.0333706218494087 -0.332377807019878
-0.0105544122394367 0.488041287600734 0.11589509906768 -0.302085485964543
-0.247772010636543 0.43969372323267 0.270103135338767 -0.183045473846322
-0.342136035675998 0.447184918997255 0.223284615644175 0.115080304419924
-0.118654506305437 0.451591797177884 0.0257094223682661 -0.277579570212919
-0.147966084668042 0.341224078190281 -0.542951121099728 0.189911855382515
-0.122467457247707 0.47429221970183 -0.0279769410776292 0.502245292839445
0.100861717461881 0.550654062875158 0.194650044534159 0.115680463472601
0.326528469136585 0.388675107096383 -0.0576893239739562 0.0117928367770363
0.364266756311921 0.164974334462618 -0.134715693188287 0.148011102024622
0.332297459690973 0.0118828089321532 -0.0412056814948763 0.19242013489691
0.281909504948527 0.00294793381285328 0.0425202990946007 0.126156010245637
0.293781540367221 0.016302359656183 0.00998066780875131 0.0446887181921091
0.32262239654019 0.162387791536747 -0.0356079768693589 -0.0770536554701143
0.26705534903256 0.321068526885856 -0.0507132983971604 -0.1953406252763
0.0990874132856754 0.515894233490715 0.0719837350291538 -0.290370373999338
-0.127738305576933 0.486490566783986 0.216650105440518 -0.295264162993333
-0.28779691135466 0.354602090019068 0.383266542956131 -0.23126657649455
-0.25967166838009 0.411022222337795 0.377318564675447 0.0224137626113558
0.0517654641394476 0.383418212306992 0.0934818762694288 -0.356143647976411
-0.0427395873698795 0.21083495162853 -0.377650900750918 0.16145671188627
-0.106357464681987 0.371149536100846 0.0823875083872073 0.423908946824442
0.102501618634769 0.509510898753842 0.216025594802924 0.119864969666051
0.354044492322322 0.343877849969212 0.0375741990811157 0.0991997020926379
0.375773924929322 0.0973827016672638 0.0236855656758589 0.191530778014556
0.323752680301808 -0.0489174939239014 0.100804814895418 0.199848932461754
0.269630359735861 -0.0374668677205977 0.151380762454309 0.12925942312694
0.267220635853911 -0.0198528344050131 0.108967725328726 0.0616584463663971
0.29892666609314 0.124724413756313 0.0704653786721073 -0.0431963613241007
0.237246003903661 0.307432423054212 0.065435246642677 -0.121345827355328
0.00508425308813211 0.495583783099482 0.160577781983521 -0.190342809204716
-0.220272981975245 0.373350022830072 0.287646278754265 -0.236386217567188
-0.253014742511037 0.201231175017899 0.48779038519451 -0.244139227086543
-0.121635396144847 0.332298052634424 0.508938717815087 -0.0358401948379632
0.186569257093953 0.220598892130435 0.125358352985659 -0.397085339092495
-0.00508638977786756 0.024210061259666 -0.22193989215451 0.116681384271599
-0.133538599416677 0.229559569133808 0.14404187147597 0.313603530584699
0.060294742867662 0.409549713792121 0.20397346186128 0.12641516409037
0.305009496373283 0.252717124226132 0.131562681042593 0.172312642848711
0.30661712680543 0.0227320398015645 0.178625080465195 0.203263179224135
0.257232541453966 -0.0929192516667034 0.227287189980432 0.180061359974204
0.218226601890602 -0.0730057130749766 0.236250602942949 0.115086107058088
0.212675370406394 -0.0615369685483881 0.184201545038833 0.0643325903597443
0.25484668612547 0.0653700760566183 0.156102425981996 -0.00940964684605702
0.194041967927535 0.249584141220996 0.153563115391961 -0.0294842597607882
-0.0691789227166473 0.395381678897388 0.196607153861471 -0.0624038317797507
-0.238460248618001 0.190879198357901 0.302872574564178 -0.16273569495685
-0.130179118628096 0.045330339671172 0.571971246849355 -0.230065762893869
0.0537533664317006 0.245734675854783 0.594462938229527 -0.0602222279840138
0.273707843856726 0.016093230819211 0.129521900950894 -0.389307599646428
-0.00373380386531503 -0.152438689614894 -0.109578121064893 0.0712926822585308
-0.160275855654157 0.0809415428958341 0.145975489433872 0.229234103617165
0.000724473238103281 0.268111727279972 0.177249383354657 0.159468875684209
0.200034542961612 0.137355826691939 0.216581632186113 0.222473901242463
0.182680036632957 -0.0417957390694352 0.298674997156559 0.188260952145826
0.146712336340182 -0.113417600727845 0.309944414925891 0.140522919197266
0.134746203128475 -0.097747428589893 0.286247445719199 0.0856292690379322
0.137489143647413 -0.101595576883854 0.239045613728369 0.0469848324944293
0.199558054196248 -0.0037133765627691 0.224463670679307 0.0134951362774818
0.154660072307477 0.168045272958541 0.208612996827272 0.0594053819369348
-0.092361009764203 0.252218650591837 0.175050276353507 0.0420497578456753
-0.163337729773738 0.0114976615762783 0.272726784174108 -0.136332905419783
0.05497072431068 -0.0551591071864215 0.640785337233751 -0.224293417716482
0.231135661137045 0.170688770193412 0.617214404831382 -0.0690109877573987
-0.380554591109811 0.0248070190104313 -0.497320951371991 -0.0351510443600092
-0.242551271499391 0.155220188079125 -0.793750225259486 0.226882603478677
0.0184654911495781 0.12270901677155 -0.255328604601372 0.24747873446397
0.0333905053942548 -0.0778774624397611 -0.0651262742359796 -0.0293676348166117
-0.111363821896435 -0.0471431583597439 -0.207737868680509 -0.140481662042862
-0.085292478957411 0.0847366933160119 -0.295317857874984 -0.0271329775616546
-0.0222675014533007 0.132893988982569 -0.282654950127655 0.011702530332244
-0.014710964341843 0.113692658117462 -0.28532462039335 -0.0163731242475485
0.00281777499638365 0.104890920956542 -0.339811974636465 -0.0738645429775514
-0.0379143642305504 0.0915659821843419 -0.351733374500119 -0.115541550382576
-0.0614912810115913 -0.0105182565024588 -0.319984922649165 -0.179593658136665
0.0643739765641461 -0.104472030162419 -0.227533332850045 -0.218058876067988
0.185861201187117 0.0653747569306723 -0.156235530724702 -0.193590444279344
-0.0332034856911027 0.247859135662383 0.0509404841068271 -0.064962477093163
-0.296657499003283 0.155682624889023 -0.131357806483576 0.367283743493298
-0.423897606827269 0.146358818085158 -0.384213916821077 -0.0752493675252661
-0.360700192198433 0.219150968768908 -0.817299667737236 0.21681279425341
-0.113360339277142 0.270341432095895 -0.236682581865079 0.33712018744955
0.0156156589857401 0.134178484540528 0.00409246387584462 -0.0264571295357647
-0.0199192015541905 0.0942844420367369 -0.221816049748181 -0.167126529816334
0.0219502555021992 0.141272769775476 -0.335628850066372 -0.00634426369036853
0.0889892142424902 0.135646536628432 -0.289072360552523 0.0624033068772752
0.0978314778110839 0.10050340783067 -0.250719083354315 0.0316100263229751
0.128533942737943 0.0828985686857237 -0.300117492782545 -0.0346768401255836
0.114828079402796 0.121312589083603 -0.334300828948038 -0.105737379121164
0.0795051855355114 0.091748989685737 -0.322590969727291 -0.206585816891002
0.130460891183312 0.0792276969580766 -0.195635692778234 -0.267024843337002
0.16134956987496 0.223580141996527 -0.0844304109134047 -0.216220945647897
-0.0788735942737582 0.366085839455022 0.0880177172997406 -0.0745210392497052
-0.332985265931456 0.326715837766131 -0.0407669768828336 0.306041309483739
-0.38419785134801 0.290774463646713 -0.240549170997268 -0.120810683270769
-0.369774124495726 0.307164033750513 -0.777312663015636 0.227248336629351
-0.174906804802047 0.407528726429348 -0.196662647183515 0.442600427274676
0.0259208227684042 0.345962712235447 0.0750093949096689 0.0203740176799219
0.10741526587271 0.241195156144514 -0.204072742899481 -0.140138425435399
0.157322152119528 0.180458898013921 -0.327572152847371 0.0415520563173263
0.199435522104313 0.110119102650089 -0.249975517711584 0.119353713928253
0.191679702910895 0.0719304113360953 -0.172456653692894 0.0763541199213725
0.226208560220407 0.055842320659844 -0.212759752721574 -0.00168392198373861
0.239618963079636 0.141421747158103 -0.264890862685453 -0.1004163074105
0.202005642043896 0.1871724973497 -0.278771810925502 -0.224210698358568
0.18243026486836 0.267435592516634 -0.142441291819972 -0.310714138960916
0.108708769444257 0.378914309692565 -0.000824404064291178 -0.266809361841498
-0.147211274031061 0.444275835942865 0.160493228053687 -0.129347411748375
-0.33881950949387 0.433095517781867 0.0844141184392818 0.209234319581265
-0.262611940101594 0.414203795795706 -0.101970732255074 -0.190082546250199
-0.26886811138146 0.375113308750944 -0.674133067568063 0.234069284083041
-0.14440372447666 0.492790029312012 -0.113594580517233 0.508675756938229
0.0843909684794814 0.496821366509867 0.143588417738888 0.0708053152170722
0.249003326719661 0.341385782009835 -0.148799269304498 -0.0697978160949737
0.289665420142509 0.181752628847228 -0.255559542212013 0.104584748643963
0.286366717223835 0.0576590967146075 -0.158202137447553 0.168172172249335
0.254410622861651 0.031057782261428 -0.0656708078875416 0.107255321572293
0.28165751106364 0.0274448706214996 -0.0994361956812333 0.0235305524465513
0.313755970244501 0.149261133214453 -0.158723539831015 -0.0919315838077112
0.276367650478603 0.263606422533649 -0.186876475748856 -0.222865928595263
0.189373756046403 0.424589288734804 -0.057062599236584 -0.32722500420096
0.0201232624274759 0.48502631717652 0.0961756486833731 -0.310539913191848
-0.219538171977276 0.451195172733441 0.257988578295494 -0.202589554341002
-0.308535613172658 0.464669895824131 0.230295493118936 0.0977908561784002
-0.0933597761884989 0.451498100044886 0.00195410556945117 -0.280831217828615
-0.127830268563882 0.349221941169876 -0.527850535930074 0.223660848640402
-0.0886987499758003 0.479301463885754 0.00398385935205867 0.499044801560043
0.139573737862953 0.543300413608876 0.198716393095104 0.0966830388907458
0.355571343431843 0.362768558101761 -0.0621773913572698 0.0173265055300107
0.372816939393656 0.139708872741428 -0.124007849465513 0.163114239494145
0.328045630014849 -0.00795628130419491 -0.0273353710208395 0.193881424604546
0.278155280894695 -0.0138210193212687 0.0525594035638716 0.120065321291289
0.290341948117011 -0.00240989399793384 0.0163993266904451 0.0414016616166011
0.331002575582225 0.139576883121768 -0.0408367774814335 -0.0747967714975545
0.289238466454512 0.300571714611181 -0.0651758663705148 -0.190601492200902
0.133880091389829 0.506948462834628 0.0505150226787558 -0.291938699440426
-0.0954682821707402 0.492612656753131 0.196450795396394 -0.30967522035771
-0.264212901591188 0.36852350311805 0.367483708422712 -0.256507050639378
-0.22822909892675 0.42106229991145 0.378183659161601 -0.00272961435111551
0.0696794183582724 0.373600831341926 0.0666566422206331 -0.360954320947707
-0.0321221185204011 0.213202625423738 -0.364668269765596 0.184598762127325
-0.0795624912797403 0.378584442514957 0.109802319368122 0.414158104217724
0.138309272810469 0.50184500899828 0.219869302487129 0.100773300501026
0.380417950284127 0.318266502338205 0.0394017846617873 0.099290124821032
0.379536890279712 0.0721322130125485 0.036754292747702 0.195376698025744
0.314202807916692 -0.0675788275079856 0.114781046928051 0.191770803192904
0.262935235399738 -0.0553524585029856 0.161164731645826 0.11605918169487
0.260089443440581 -0.0361513435756734 0.11511024272145 0.052497343497175
0.304020212749735 0.102761547742669 0.0661493083417674 -0.0474799097469782
0.257047020740161 0.289541082793188 0.0557084524212087 -0.124903959058552
0.0404570600501282 0.493324879249971 0.145509866888072 -0.19847900979407
-0.195814468755782 0.385664874480043 0.27181959689379 -0.255284296577555
-0.24132912108679 0.213832797617258 0.46952864150983 -0.272720961404117
-0.0986133153218149 0.332958631155916 0.505927371593695 -0.067228746752639
0.193840942698138 0.204596699384949 0.0981647463565696 -0.402491089258895
-0.00730180299926385 0.0265180150973303 -0.213600990561299 0.12980481521959
-0.116301644034387 0.240461465796585 0.163201708680965 0.300614707558811
0.0916195005645619 0.405556695529579 0.207860050161518 0.1105360705095
0.325710933834534 0.229164096131385 0.139337161416544 0.166099226011002
0.305456886135183 0.0028941813733861 0.191723214660273 0.19708909964141
0.243988097975506 -0.108233225831353 0.237945400049142 0.165457148764524
0.209873610471214 -0.0872924631066444 0.245014508714335 0.0971602272221191
0.202932599859965 -0.0736815629096372 0.189876800337471 0.051181534834207
0.255773574644416 0.0454949747699604 0.152443186078706 -0.0195419918401335
0.210910308456848 0.23438802329434 0.15087467500603 -0.0398517126042744
-0.0385850760593727 0.397300680571462 0.190325437046474 -0.074243852898353
-0.225305749867684 0.204279402930978 0.291177109696742 -0.18149959838276
-0.128553510769106 0.0501115594225528 0.555510881719156 -0.262669158437574
0.0679196929784314 0.235510292503278 0.590873067248281 -0.0944073464204836
0.267842194476239 -0.00336007256830908 0.105656340693476 -0.393182647918915
-0.0164176087031216 -0.148976489692209 -0.104372938794684 0.0781509209723459
-0.152934960920888 0.0943519477091766 0.160265411629267 0.216862098002868
0.0224433111614883 0.268864729250434 0.183834694242038 0.146761746324593
0.211407406969793 0.121246582167206 0.229325832993679 0.210287423819863
0.176763960102277 -0.0535115904846756 0.310210932679291 0.171139110812181
0.133244845897833 -0.123366212766383 0.318379886695606 0.121215302502483
0.125083506497832 -0.107425795564041 0.292628293893587 0.0652927797086084
0.125871490006733 -0.109946287386533 0.242132856796239 0.0304010185021763
0.196562740304059 -0.0205533974362394 0.22087844086234 -0.00131410576177767
0.166318258882655 0.1548400000508 0.211932746872061 0.0446833235975783
-0.071247115105969 0.257508307756965 0.177088119698523 0.0315393635783847
-0.162221014713375 0.0216809838615779 0.261863734669665 -0.15166905905562
0.0493451237119365 -0.0605965619715354 0.622455876419901 -0.260863629186375
0.238954301237484 0.15042160936519 0.613443752446995 -0.103558071374163
-0.361047823670408 0.0434114484156518 -0.483452616432208 -0.0136696767112581
-0.223765529948249 0.16229334638231 -0.749158001333573 0.258383918684671
0.024193478197083 0.113924958272953 -0.230314349396931 0.250915769425419
0.0257682463153239 -0.0780171532776064 -0.0645296287418136 -0.0292082632491035
-0.1115746346506 -0.037136785445712 -0.210143092910473 -0.122917030011603
-0.076512357463111 0.0849955433361377 -0.283592617222716 -0.0083026281611283
-0.0108373411238205 0.128672142257958 -0.269260455262629 0.0277708008705665
-0.00536685597059474 0.111812091938126 -0.274943676765165 -0.000341896759445624
0.0108742762048654 0.100395919097552 -0.331946384389437 -0.0536813397305346
-0.0282821578838892 0.0922587468203215 -0.342552763967084 -0.094158001387431
-0.0596480752068491 -0.00417593106426245 -0.315513713835348 -0.15637220649904
0.0527486375697591 -0.102421996859677 -0.229654190306219 -0.195521479378215
0.180634769931541 0.0511326370004918 -0.158872339606519 -0.175160265864375
-0.0173932905994429 0.242508203509264 0.0477566777398431 -0.0693625251156828
-0.273922491422946 0.166938854547243 -0.105215998220022 0.355800006483838
-0.398343183090703 0.160708630404823 -0.379262702846606 -0.0573012854655442
-0.335455742564089 0.230061053928513 -0.773360574359358 0.250548573538909
-0.0930902468499213 0.262271334260842 -0.207302419276047 0.33512211995742
0.0202880977064387 0.126619765071113 0.0017153562870802 -0.0312823756803314
-0.0147647579093767 0.091894220981567 -0.225662205886712 -0.1481889797456
0.0306389611944873 0.133802151010576 -0.322055391111089 0.0160447538445849
0.0953975645240485 0.125886236437238 -0.272870135554887 0.0765721015097026
0.10024970509303 0.0936967589661045 -0.237751531785465 0.0440362115459391
0.128836449957528 0.0726423102856958 -0.290654269286802 -0.0180741814050994
0.119648617954337 0.111513023022321 -0.325382335067799 -0.0853709552470823
0.0822308627314194 0.0863862754142804 -0.320774456682696 -0.181056447854958
0.126851504694449 0.0702751389617732 -0.202629752206085 -0.243896265047052
0.165925033328881 0.204571546629527 -0.0916603447988704 -0.202811653035082
-0.0543123146993394 0.357040815744761 0.081818327256144 -0.0811023605129648
-0.299303804995791 0.330902620659965 -0.0226708306895244 0.292948380913205
-0.3530739455556 0.29760312369896 -0.244407399127679 -0.107977953706973
-0.338841307658286 0.312541145833886 -0.734208473629435 0.256295747053588
-0.145285267728339 0.397816030344906 -0.163687366953123 0.434265805965642
0.0434235731542646 0.329334419313885 0.0713624957456347 0.00952565015397564
0.117667675024087 0.225755801063736 -0.20793494664744 -0.123223206938885
0.162075170488333 0.163972259311255 -0.310748496688718 0.0629492431477811
0.198348156615809 0.0963685139814923 -0.231028703818545 0.127996428113826
0.188513810652122 0.0609678103762387 -0.160633004529616 0.0814311607439031
0.21901672235758 0.0415865683153952 -0.202680304254998 0.00837958470817366
0.23902930500429 0.122987958648242 -0.258750942671577 -0.0836802262391393
0.205485860704567 0.170131810996215 -0.280821651871132 -0.198661612495517
0.188846503465845 0.247393214776991 -0.154430313487275 -0.28838954925371
0.123576752816157 0.357399253828008 -0.0145917724150183 -0.257070402868975
-0.116293742452368 0.434110250679721 0.147908667880238 -0.137649431553557
-0.298135553942107 0.4323217666785 0.0919079562949654 0.19332612469593
-0.233892142945236 0.406745645612922 -0.115391933146141 -0.180602899610302
-0.240285855314935 0.374576146078585 -0.633776707142403 0.260412041883916
-0.111333120230536 0.480927792097398 -0.0817869115524506 0.49132974774671
0.1085486187957 0.471279141450425 0.139399960728897 0.054177537902535
0.261197107369074 0.313570654716921 -0.152174505338038 -0.0578754891116798
0.288115805217143 0.157383409506988 -0.237444756584267 0.120984242994448
0.276981247674797 0.0421849968637943 -0.140592778987233 0.169449410898609
0.245007507691627 0.0175541880020826 -0.0549836280889256 0.104636940661392
0.268655607162374 0.0122497226431371 -0.0915565128321068 0.0254740959379217
0.310023770279843 0.125582224111186 -0.157055772456545 -0.0809414362993033
0.281467513338528 0.23910214764994 -0.193873731265542 -0.202948630116312
0.204774727208462 0.397921897579383 -0.0740226920043802 -0.308565614049199
0.0464428344454903 0.465849487380455 0.0753190917492577 -0.305059813779615
-0.186013202167278 0.444383366868674 0.236702136216621 -0.210690888629142
-0.267839477859926 0.457511862326152 0.226331273415075 0.0786705551939537
-0.0712248695548099 0.434195874476599 -0.0181554280294946 -0.270961626914743
-0.105869255003081 0.342189252301334 -0.496219024108705 0.241357051731968
-0.0580313829618953 0.466215262641514 0.0284522257364754 0.477858756997432
0.164920156868189 0.512369774971126 0.19199584558204 0.0765971576653388
0.366250479164979 0.326640089280295 -0.0638128300349606 0.0223792209829719
0.365961595529474 0.112753411079041 -0.10793141596304 0.169821690458193
0.312042182663589 -0.0231615310273126 -0.0142786174802175 0.187339924870199
0.264080043486523 -0.0262960722400483 0.0588725557793837 0.109844913275044
0.274720053939753 -0.0170874771031572 0.0206209453916824 0.0359354086524122
0.324173613480407 0.114581685655064 -0.0430736581252385 -0.069760840008695
0.296129711174845 0.273841141459529 -0.074844452520862 -0.178765709974936
0.156640304279895 0.479971570599082 0.0315129411054787 -0.2798529190383
-0.0646105730350781 0.477636659013859 0.171764841399932 -0.31044719364092
-0.23482402090498 0.366010900347609 0.33951293996206 -0.267397352134281
-0.194457505472622 0.411816959731703 0.36416586602424 -0.0232175266995292
0.0809451065425241 0.350904952613978 0.0415602307869122 -0.349478696204152
-0.0221915413845033 0.207772404208782 -0.342822309322526 0.195293169039402
-0.0539225710069963 0.368807861399548 0.127063308323435 0.390765901461438
0.162999950312465 0.473889789780978 0.212536373690197 0.0813656974555046
0.388131820840514 0.281230686345689 0.0396687541215436 0.0966862565930343
0.368350282298355 0.0472511677881407 0.0480067906039528 0.192220188752534
0.293348851128762 -0.079421112575659 0.121619679535816 0.177793337827949
0.246653145760028 -0.0660863095527403 0.162688965485958 0.0991944826504884
0.244208101622275 -0.047418586771758 0.115845709877663 0.0414905252218332
0.296150877838435 0.0798959492250187 0.0600372935631966 -0.049472501347406
0.26442703914206 0.262181381676923 0.044501056553333 -0.123064516103124
0.0681793200343412 0.470846358053935 0.128173915683791 -0.195917000780501
-0.167312510579132 0.380588215856105 0.24674498151166 -0.261374318082242
-0.222069697852549 0.214838041870734 0.436714386304244 -0.28578604680392
-0.0771001854650804 0.319282249071257 0.483744007510302 -0.0911756287651605
0.190305255296545 0.183649391516647 0.0714258519396024 -0.389713889322353
-0.0081933746700648 0.0280197265459377 -0.198638827705387 0.135256351320275
-0.0966786226440484 0.239350862498164 0.171986072580419 0.278250665576141
0.112828750652491 0.384563169993542 0.202990492742981 0.0929672996147632
0.329974347559503 0.198811024375325 0.141038349601413 0.155232721851194
0.292097610483995 -0.0144413446378177 0.196034655267591 0.183525171399466
0.22327218992679 -0.115566093054089 0.238762295995001 0.145239471286442
0.193795903542701 -0.0957064312087752 0.242093191090785 0.0778744749818541
0.187034973630897 -0.0807029719253799 0.187163979820894 0.0366511321787872
0.245638574589488 0.0274369150322326 0.143282548807935 -0.0261602062490962
0.216502143932728 0.210990093791585 0.14151464533146 -0.0467538441877468
-0.0117571372057574 0.382438253409773 0.178382574348849 -0.0794288084742634
-0.205967811822356 0.207742680369898 0.26910340824234 -0.189754327837595
-0.12347950904701 0.0528941787843196 0.518563338528295 -0.2792660283544
0.0765085380349689 0.217614458372338 0.564872108417814 -0.119937864907121
0.251540025342002 -0.0185740519788582 0.0806907255044283 -0.3804842238269
-0.0254089418949963 -0.13875723558126 -0.0964928825345088 0.0795683356636763
-0.139312064188418 0.101255990161475 0.16499139604233 0.19798118040261
0.0401647538169671 0.256605003932777 0.182113921503302 0.131661075155001
0.21328503779868 0.101636784761536 0.23084186303361 0.191582394135709
0.165096556711456 -0.0611318068658274 0.30852625952291 0.151212320238345
0.116868929528486 -0.124473559842554 0.312660391531927 0.0988835478446942
0.111600909079184 -0.111282441809274 0.285371052466734 0.0461203266290467
0.111493287437182 -0.111400089499497 0.234552528809445 0.015268446571706
0.184841095370728 -0.0333289382161474 0.209953668191427 -0.0121464154979548
0.169858414339766 0.136879049249821 0.205881909407227 0.0309754475193094
-0.0503394474032272 0.251370333746353 0.172557097890789 0.0220564959604939
-0.155291752760187 0.0289568256672226 0.24357859904361 -0.158181476732714
0.0421640358196521 -0.062987906301582 0.583141827832902 -0.279937019036178
0.234060530162209 0.127660435285172 0.587628100048486 -0.128003518244768
-0.333675610710342 0.0873640862766277 -0.476599250785972 0.0637758965895537
-0.184378536573408 0.193500335604815 -0.67701504559409 0.36581869632134
0.0387185386785081 0.104593902047219 -0.176907794940309 0.279775741503495
0.00897687453724506 -0.0736583302696758 -0.0623509261989216 -0.025457985013008
-0.112289047720109 -0.014567276334135 -0.227447766256209 -0.0876252259943236
-0.0604446026971085 0.0917082018964464 -0.272962193396951 0.0391736754600096
0.0094738329340973 0.122159820543654 -0.255793699768128 0.0707681687382352
0.0090134109374202 0.108071393516586 -0.261298655283532 0.0403574210336295
0.0229865064874511 0.095147017518169 -0.326816531536836 -0.00243566050649532
-0.0142084229428089 0.0924930832672558 -0.342668837895096 -0.0392781857110307
-0.0590645249255691 0.00551127884623969 -0.321609743676432 -0.098257598665922
0.0316423985124999 -0.104349081771 -0.244583227670086 -0.145474598992975
0.170354768652791 0.0244370031788349 -0.173436718077211 -0.135672443150819
0.0172544668050702 0.229295125649414 0.0304216069938585 -0.0803847020023596
-0.237912980685082 0.195403646015885 -0.0507633166291787 0.341901957826309
-0.355352618994279 0.19480594732557 -0.389103865875009 0.0091198139836299
-0.278703283849952 0.270150870606776 -0.707142202170851 0.363984731591279
-0.0482196732164964 0.255480539483019 -0.152065795372875 0.362354239480126
0.0336678314624202 0.111355705511207 -0.00869301710724015 -0.0261413439173503
-0.00622040446374541 0.0907180622467002 -0.24205961780119 -0.0981470061377215
0.0451615610434919 0.124487300333024 -0.300629034784214 0.07120410221041
0.10733025357616 0.107058672582025 -0.247459807817282 0.120449339296987
0.105441034064085 0.0793749778541985 -0.218476627861959 0.0773867321339251
0.129765357557051 0.0545793974642011 -0.281565253160987 0.0266529210121072
0.127002780093729 0.0911111547855055 -0.325307887532022 -0.0297209542494112
0.0835067967769771 0.0739027365864161 -0.33205164596263 -0.119475513426172
0.124409107405683 0.0488779672002535 -0.230333093407256 -0.197849785490683
0.17434424052201 0.169107206846724 -0.117108384528039 -0.172095164948279
-0.00293057861268386 0.339470741026131 0.0580708170719462 -0.0984096460392217
-0.241397201414687 0.350240015608898 0.0170097998131614 0.270430840636192
-0.299842292787322 0.313433633266205 -0.269832806462026 -0.0510483519132529
-0.272186615208426 0.345662152443959 -0.669646105311906 0.367556843778871
-0.0765150555469909 0.385389042798508 -0.102674921739672 0.457032624220793
0.0849017420868625 0.292402786014363 0.0561950122977745 0.0145152738115869
0.134254911544047 0.194553831273389 -0.214621643817731 -0.0673662015640415
0.172543942894324 0.136195088813217 -0.276612692233955 0.116912503136373
0.198579176316828 0.0667209840794956 -0.195626535935573 0.165098694008371
0.183691115791622 0.0385692459323759 -0.138062617282126 0.100806619846935
0.209889296676256 0.0141204644667178 -0.194524659344328 0.0386823930268487
0.240326886901768 0.0850838393155661 -0.262745745660838 -0.0352416234683458
0.208004856516099 0.138288363109009 -0.298290248488335 -0.142658031029331
0.206432869597469 0.207446044803246 -0.194746097006997 -0.248553678535538
0.153723466930578 0.315500133217024 -0.056927112904786 -0.235147245489731
-0.050377846349195 0.417835374409987 0.109295037240717 -0.16269358460687
-0.226690131908239 0.442762308880723 0.109094329853138 0.161528451844134
-0.177029325422066 0.398951562070881 -0.15626568195657 -0.133116266548294
-0.172425124403086 0.387594316525205 -0.572199431819662 0.357139217520985
-0.0327005285987254 0.456818065368875 -0.0156137213186965 0.506359545839198
0.166620345085829 0.412039203912174 0.124816075273373 0.0583279371459448
0.281678765022283 0.254179733341653 -0.14332171341084 -0.00647526373580061
0.290943797493665 0.113923526352571 -0.192313705646994 0.162151661685622
0.263756034380616 0.00592354652038693 -0.09892828234519 0.191139925406895
0.230340590975953 -0.00808206638587583 -0.0346881753153243 0.107133798758537
0.251569912781244 -0.0197338765999202 -0.085690030572727 0.0383920403935147
0.306572585741184 0.0780475134293551 -0.166966922259816 -0.0464217842588069
0.287161114970375 0.192780099080359 -0.217968416487121 -0.159412899639808
0.242789987439797 0.3449564499967 -0.12317975715546 -0.282223148639242
0.0944260876627177 0.423992600619243 0.0169056557304712 -0.295115259055652
-0.112902347214739 0.435306703455867 0.18137493344081 -0.24636448565516
-0.195853766394414 0.459741680595027 0.218979717590746 0.0373209456546219
-0.0257744429320658 0.403438471688616 -0.0712817771689141 -0.229973928303052
-0.0526984675973552 0.33800724542724 -0.439769135578167 0.319633889946844
0.0153117758746343 0.435171644752489 0.0905903754331373 0.475736444594663
0.225748383644973 0.44193357585914 0.180479110018372 0.077000279243566
0.382203984923618 0.251482331864843 -0.0398088301988703 0.0577954080861522
0.358699821786886 0.0610912279212108 -0.0587494034138411 0.188239283747404
0.285602673982565 -0.0600632341533188 0.027228061091561 0.188601049897858
0.242939629149295 -0.0536927747028353 0.073392007303222 0.0956301588027952
0.252608794358264 -0.0483717695654227 0.0232640642332505 0.0319462803019215
0.318103159373313 0.0647972437084839 -0.0580085136915817 -0.0532714224355512
0.305587213781931 0.221785379594775 -0.102832597589525 -0.156095202298567
0.20959172278155 0.428546112718522 -0.0202204410118177 -0.273735442651716
-0.00556431757634195 0.448590676766631 0.10530390047331 -0.317646754836775
-0.168300455272388 0.367237843901777 0.269756096323497 -0.312348198324413
-0.130731850179446 0.403523029471557 0.334025676733098 -0.0749884935040327
0.104501008644254 0.308784231598197 -0.019273887728639 -0.315937682302772
0.0060918403843693 0.20245070209686 -0.296938338602171 0.247397619667558
0.00605440071974694 0.345059244045299 0.168907427339605 0.371155650414027
0.221418079446346 0.406443357113621 0.201356701274889 0.0779325838167799
0.398130712400171 0.204367253740176 0.0727515447312673 0.109954744281851
0.350373650317125 -0.000541048178685341 0.093955823655969 0.183190496095415
0.260156764763571 -0.11121023707382 0.156319718274382 0.157469301566746
0.221715305763663 -0.0896140918813791 0.170643403511143 0.0700603961412362
0.219682292531893 -0.0737601796944633 0.115018094388358 0.0226960809698391
0.28593532152708 0.035235038325236 0.0443257180370412 -0.0490505278746852
0.27471732876445 0.214445671595478 0.0195492600467541 -0.12311174050145
0.127280457685032 0.431557901793243 0.0854789430748707 -0.209724243352209
-0.111291418824466 0.367691198773301 0.183578730926778 -0.284695193757033
-0.174137237207364 0.225291429409598 0.359663344587679 -0.341514441778632
-0.0301798731884855 0.301539735707481 0.438748554773135 -0.152208322909817
0.186998064622083 0.141149701716257 0.0107122649440733 -0.364948945665411
-0.00436101791551638 0.0330434360054594 -0.168369896206017 0.160320353338845
-0.0501828620237483 0.231702641866564 0.19406953445978 0.24834917233652
0.16294620064705 0.332761000372034 0.194335982153479 0.0840476500129088
0.335263835778378 0.134622313427927 0.176276041997191 0.143761954405004
0.272426317657434 -0.0516446239246128 0.229414841820836 0.149448282159126
0.189918602417828 -0.136197156266872 0.262218690698732 0.10699792204481
0.168283526765537 -0.113039903683768 0.242400136641892 0.038160438823204
0.162719100769547 -0.0987903858218993 0.182804145686775 0.00877562102497161
0.231647286097307 -0.00864827210293669 0.128065958599099 -0.0407691556724913
0.22622115457607 0.171254070351094 0.123413680870667 -0.0673631122200746
0.0417987144766005 0.361330506338839 0.153237416397894 -0.108194710869322
-0.165966428085344 0.213895971539351 0.217983180616791 -0.222238079845063
-0.102337256274325 0.0612687439892591 0.439640739560594 -0.343990902974181
0.102278249422464 0.188307577063329 0.513589151627374 -0.187535877369092
0.222209805994876 -0.0519909894536606 0.0271935913639519 -0.366300684294521
-0.0420775227958421 -0.120297290331469 -0.0794791786150388 0.0851404617633037
-0.10800758275609 0.110485859919869 0.174366632476124 0.164140766027657
0.0793831115559406 0.225536462008785 0.183082792613394 0.114776195348499
0.215655294179177 0.0592541555306968 0.260780676519085 0.15581390506192
0.147266187234755 -0.0807516752798351 0.324084553704226 0.0989588329617804
0.0887233038322106 -0.131912595073248 0.323346049813173 0.050555109819207
0.0899585231324938 -0.119650419651715 0.278959870382877 0.00113761430436056
0.0874567142833336 -0.11925937339178 0.225946656340477 -0.0190103079704123
0.167906919802402 -0.0583139025365462 0.194710965568571 -0.039509268140255
0.175294993670435 0.107135950878224 0.198201264047801 -0.00407300976066665
-0.0107986266551133 0.242934395267459 0.165342755606869 -0.00930182091734689
-0.138922889658246 0.0427540709400435 0.200786722352101 -0.187738989529326
0.0381330497343355 -0.0659410450336309 0.502137856415558 -0.349028047435533
0.240420440501727 0.0867618719422132 0.535840247048028 -0.195262973388687
-0.320752833024644 0.0759651934919725 -0.466407430362905 0.045427393757679
-0.180986764861853 0.183486647815688 -0.659609795888667 0.337913979974614
0.0347505306721909 0.0995911505974351 -0.172990362372707 0.265481131761972
0.00771547539895971 -0.0709771981817358 -0.0602470221640761 -0.02926403917098
-0.108869040705875 -0.0138748956945932 -0.21989009849753 -0.0876970440784088
-0.0596917134071855 0.0869759923209864 -0.261754592117884 0.0343786839940979
0.00894690860320831 0.117010235854635 -0.244633791026224 0.0648042165027493
0.00885632343835717 0.106022725410552 -0.2522930122272 0.0345913024290608
0.021285757502036 0.092683204962451 -0.31561080197757 -0.00853518295896426
-0.0125082459164177 0.089732807633649 -0.328634699509444 -0.0468931724157519
-0.0569751792275395 0.00709424025274866 -0.306348463942515 -0.102320543954171
0.0298097877789649 -0.0988751703189173 -0.230632533910094 -0.144425486500612
0.161979886046762 0.0260972191148462 -0.162032966201214 -0.132538531052445
0.0136617065551445 0.222180002195937 0.0316447318909323 -0.081264458485764
-0.231580641305615 0.18385025807236 -0.0551188817502596 0.325245190137748
-0.344559800003599 0.178839040319007 -0.381912609174788 -0.00257532369490329
-0.274450043863997 0.255515888761984 -0.687441819954921 0.33411812037409
-0.0517760139890142 0.242972599375847 -0.152906436274709 0.345931121716707
0.0281688143821541 0.107363018381058 -0.00962857032475743 -0.0303000706918869
-0.00770489137561349 0.0884449385090592 -0.234445727665218 -0.0985756857520355
0.0415207383343946 0.120412112417563 -0.287904195577897 0.0657946516926187
0.102870010237745 0.104750897728102 -0.237790621462546 0.111964732355313
0.102354385292323 0.0799986159044854 -0.211256752385047 0.07055172603235
0.123683446240737 0.0562547754369515 -0.272183210414563 0.0192951999103831
0.123200901106649 0.0905584223412016 -0.312500332534554 -0.0373137835332505
0.0801945877879183 0.0749445059040242 -0.317165081167743 -0.121546096830181
0.117335106713362 0.0507221137670336 -0.216770944746019 -0.193578669313871
0.163607944006263 0.165865611611871 -0.107743868191389 -0.16755586921154
-0.00894792921997095 0.32767742184237 0.0579047649316002 -0.0977943702107851
-0.238755504538451 0.331037351813602 0.0100847178047996 0.258924713106638
-0.296688946058785 0.293109755338436 -0.267297231871437 -0.0570620093392133
-0.270052866016666 0.32790591552756 -0.652619455783619 0.338130078869521
-0.0799759136596399 0.368168608341836 -0.105909854910187 0.436935245856003
0.0742183214317201 0.283264880546727 0.0511568762107193 0.00944961586609716
0.126343736047956 0.190084486914512 -0.209190335474649 -0.0680535588240943
0.164033926995114 0.134543348653507 -0.265425372032671 0.111119088163893
0.19052222342872 0.068505465612035 -0.188476927256512 0.156076149650734
0.177085645572745 0.0419487326811098 -0.133660468879342 0.0941025926635723
0.200412144160761 0.0194223455451607 -0.187366645819906 0.0310759283350644
0.231434627003616 0.0864271328347241 -0.252792642967983 -0.041041529995168
0.199060890930503 0.138013712560719 -0.284665251456805 -0.141297433559194
0.192972537836885 0.205663622374324 -0.181013828076664 -0.242097791835151
0.140973528807829 0.306610019843508 -0.0506516294918776 -0.228815389960056
-0.0559777941579723 0.401603795911455 0.10760535792844 -0.158607889052786
-0.22693761905853 0.417752129628817 0.101084627959745 0.155944946238285
-0.181026888261811 0.379254977612907 -0.154785103955593 -0.131956912330489
-0.174601136452365 0.369550350162277 -0.561049334029464 0.33266747976629
-0.0403855891596638 0.43671175011037 -0.0239272047843606 0.485250383920267
0.152452256491933 0.399835230173516 0.115868422445355 0.0533199538682653
0.267783998997914 0.249329708856461 -0.142175838437905 -0.00708681915698398
0.277658485934618 0.113935024307401 -0.184607477816425 0.156837069445654
0.252940082913449 0.0123178832187461 -0.0961537638582623 0.182517008638921
0.222004024047317 -0.00162271265183998 -0.0350017631365986 0.100332985158814
0.239963747371339 -0.0123818834271488 -0.0817436135124767 0.0317533970582393
0.294247805492128 0.0808545046037321 -0.159552354038738 -0.0494370319138373
0.27422040409411 0.190729776678477 -0.207265232240927 -0.156552970377116
0.22706273617502 0.338231917440241 -0.112466964169049 -0.272009763061382
0.0818279513848648 0.410430678624786 0.02095889218732 -0.285707489926082
-0.118967119684966 0.415181947988102 0.177747724675655 -0.235556717010746
-0.195374959773877 0.43296109436601 0.209334508865546 0.0386899694065644
-0.0376534879156943 0.387119994333528 -0.0694377275662219 -0.222613652263261
-0.0604749468117409 0.324982760683819 -0.433246623093044 0.298509391867954
0.00785708291518046 0.418842158303178 0.0799397826787017 0.458641511213289
0.210412046362799 0.430430179072994 0.168491118525249 0.0734002895394874
0.365179047064568 0.246662522859482 -0.0424137822993295 0.0576379959550541
0.344458615473999 0.0647772959166778 -0.0560575879603521 0.184163394292731
0.274679510189243 -0.0497693150915731 0.0242802470540338 0.182071705661942
0.234227612806477 -0.045443065692941 0.0698154132512877 0.0904640363575992
0.241270259576362 -0.0391398644928219 0.023366245569115 0.027352623401597
0.303595643436891 0.0675015607924629 -0.054568746270493 -0.0529249904469089
0.290796069425095 0.219078725175427 -0.0971413191818891 -0.15047717559917
0.193894807496996 0.416861626448564 -0.0130779550065912 -0.261351787746452
-0.0151991244610952 0.430581327706136 0.10607220270014 -0.30496557293434
-0.170048901703187 0.348733542290487 0.26423132462531 -0.297022646981864
-0.13500440870318 0.380285439100587 0.323687211287446 -0.0665469527769548
0.089849500357688 0.299376728540984 -0.0155563954361432 -0.303472741421037
0.000159547315217522 0.19629935273498 -0.293324807194691 0.232411459448418
0.000768213316856047 0.332628759734813 0.155058611868989 0.359821553870925
0.206685182504562 0.396499331859605 0.189839044610179 0.0761803814880221
0.382713768891194 0.201128593012203 0.0655976022740949 0.110351237252285
0.338829111040703 0.00405303133699617 0.0906818794799456 0.182755748602097
0.24939296644326 -0.0996022774298796 0.149137654727151 0.154687804520377
0.212895807626099 -0.08167963766371 0.163435228382238 0.0683192267196813
0.210007960058594 -0.0646470324908512 0.112422127066625 0.0201610112723807
0.272420260398784 0.038428259341545 0.0434181177654081 -0.0463531349719662
0.261164625453476 0.21074005105929 0.0196681079330234 -0.116942185155716
0.114838490303163 0.417646906875145 0.0870085705514435 -0.198364960115146
-0.113550138780897 0.352608645388227 0.180836285181607 -0.271122694559455
-0.174552384070236 0.211452954069376 0.353381473376208 -0.322565309535695
-0.0365934288514356 0.285096271072606 0.427796894514459 -0.137154145682027
0.172191447285391 0.140358672866138 0.0168693414649882 -0.350081202773619
-0.00604780824316279 0.0335202584982186 -0.167215226148236 0.150970772891699
-0.0510289866976197 0.223046539250487 0.181175703661498 0.24183630813883
0.15314685830702 0.324169288450475 0.183703039541996 0.0839606820898096
0.321981379356888 0.131870557156597 0.166529918479352 0.144781954955328
0.262831273572058 -0.0456141784994935 0.222041164294075 0.151756530289173
0.182059932374711 -0.125235927283317 0.251946269067693 0.108521099569981
0.16184338735981 -0.105855391654419 0.232900560165314 0.0392820165538798
0.155129266803542 -0.0901738892473733 0.17735085477593 0.0086905715472717
0.220600787213118 -0.00570101839235386 0.123464514443656 -0.0360583473619468
0.215619730926712 0.167040877387063 0.119399066331464 -0.0615249105825003
0.0351432976626783 0.34747703330912 0.151087320755675 -0.0990309707522315
-0.164859051681382 0.202695328586453 0.213339305699966 -0.210171104256747
-0.101970508114004 0.0555878534585481 0.42957021271135 -0.319441464835433
0.0923370790455149 0.179738011536833 0.50148109735252 -0.168967711794747
0.211030118677352 -0.0440094298438131 0.0333076643064754 -0.351504959676013
-0.0386769373548239 -0.114466666213811 -0.0799860089899941 0.0798865844796453
-0.10418300476545 0.105159628808244 0.163877366751673 0.160032276879598
0.0747943941282175 0.219590118077009 0.173225355682424 0.113961610857947
0.207882087868927 0.0567501596669088 0.248983028594244 0.157489742099597
0.141828081703184 -0.0753735793321977 0.312754674324235 0.103482407729119
0.0845550924974531 -0.124750319469919 0.310667865724458 0.0552298696605004
0.0860318435324904 -0.115164839384522 0.269087167877394 0.00523253923991497
0.083382372244346 -0.112191032727214 0.219023073818941 -0.0151656053079017
0.159651807145864 -0.0550379924599508 0.18750027478758 -0.0331877008168079
0.167819816793675 0.104066483168194 0.191118256243306 -0.000640352798880934
-0.0123314577603924 0.233677597210255 0.160814530368617 -0.0043184825467251
-0.135255393964821 0.0387432166078487 0.195663630221327 -0.175420920064025
0.0363111745393049 -0.0637670918227981 0.489647556914265 -0.323825558366672
0.226867504967764 0.0868253648504066 0.523766862520646 -0.174988855176679
-0.321837177127026 0.0632902902458944 -0.474370346520225 0.0240120463102214
-0.187654378714015 0.178328428322928 -0.673484924782434 0.312144819294698
0.0314354423986542 0.0992554898114892 -0.179520833513934 0.258160496197167
0.00832383272832463 -0.0708038961930337 -0.0598162507246049 -0.0353160136355603
-0.109877617182024 -0.0158845070122604 -0.218802172544848 -0.0950585370394264
-0.0635681465713437 0.0849288806112281 -0.261118587051412 0.0267813864976783
0.00656447874674487 0.116369213224368 -0.243811326040892 0.0569076699135629
0.00818668716080059 0.107695508101576 -0.252289622107609 0.0270091240840722
0.0191822873745103 0.0940299793209805 -0.316982583145478 -0.0193185328416387
-0.0129358836498574 0.0905127378942675 -0.328050322903088 -0.0603846679891703
-0.0570027892172284 0.00741314043018386 -0.302387032645996 -0.114573434403073
0.030674447823877 -0.0964111764791393 -0.225310915886534 -0.152531988284504
0.160083616296037 0.0315896321968384 -0.154371410326617 -0.137839937058195
0.006155809606053 0.224284551645385 0.0348554848042885 -0.0842439276368131
-0.237261766230531 0.176326122445368 -0.0661549138654823 0.321517932562176
-0.351689888201159 0.165608549108172 -0.390060966364626 -0.0192121602224784
-0.284361214214121 0.245858335511932 -0.700098670761037 0.306373612670175
-0.060279838094 0.23885605936079 -0.161318533161439 0.338134804605535
0.0224053174719259 0.108028887099461 -0.00957145405020243 -0.0347538721509206
-0.0115144663597267 0.0891790438075498 -0.234037391202026 -0.105942556220613
0.0375655692471544 0.121721946094407 -0.287774325943423 0.0572142737444157
0.100205054241905 0.108597185153416 -0.238393717994971 0.104721020411348
0.101671878936517 0.0856445448449651 -0.212425768643559 0.0627378246108117
0.121915022786407 0.0619757487019749 -0.272491378854492 0.00844302123804238
0.122492476881336 0.0951340729341252 -0.311911174643853 -0.0499038979358367
0.0780807325847183 0.079519981585137 -0.31154163032712 -0.133535792680834
0.113472309772552 0.0568052226084581 -0.208406163073043 -0.201837879084139
0.156825268811188 0.171859194089831 -0.100785640662245 -0.171954529211292
-0.0205962152550736 0.327957242138426 0.0610770977738561 -0.0990527102806799
-0.248723571431264 0.321118802988033 0.000569425844983025 0.258563149087596
-0.308168966436549 0.280817674528632 -0.272187345067048 -0.0681642329847496
-0.283762696551618 0.318289814003129 -0.668617097864267 0.314000737757012
-0.0934244161490333 0.363887660855785 -0.118441535731298 0.43172631372262
0.063701922544972 0.285972157388075 0.0491305846875158 0.00561503400742346
0.120319579056604 0.194424449129433 -0.210505580522071 -0.0744310270839732
0.159643495212029 0.138947831583969 -0.266097497580167 0.104274323455178
0.188548103372811 0.0759770721165525 -0.191050299455896 0.149768949227098
0.176932706003859 0.050505095715495 -0.135716023980196 0.0883439412595215
0.198632751043677 0.0285558624320582 -0.186750030906073 0.0225023053598251
0.230041813767723 0.0953167861113869 -0.250855118159725 -0.051576265862391
0.195355109059991 0.145851041442382 -0.279695123016971 -0.150682084975305
0.185660795302482 0.214583736507966 -0.171365605408669 -0.248142331115437
0.130174294439997 0.312205571869834 -0.0425903566525585 -0.231924619516066
-0.0719210295674345 0.39837394094224 0.112379585680509 -0.157123666435
-0.241238780385997 0.406438464463524 0.0953847211235011 0.158455885479391
-0.196961905656167 0.371274753124695 -0.157137534031438 -0.137292501840713
-0.190616005300312 0.364114889448834 -0.575658974884338 0.312645853379569
-0.0557726166736008 0.436121458406089 -0.0377704979095762 0.484847319480269
0.137140755612053 0.406061933769498 0.111523669563403 0.0517697484222862
0.260344401531723 0.257594911255024 -0.145426881171388 -0.0113797389978781
0.274483335893162 0.123345714337987 -0.18675701466981 0.153825537456531
0.252015209779085 0.022831986944636 -0.0993212471033295 0.179623020023229
0.222415652796161 0.00735821449687973 -0.0370082966615189 0.0978657444552844
0.238813090279679 -0.00118116487521509 -0.081260700806424 0.0255584084441018
0.290970258084851 0.091369879866577 -0.158378417875663 -0.0563809269886657
0.268788737686384 0.200053364398876 -0.202867137241069 -0.161764826055201
0.214697395467685 0.348502621143451 -0.100804676493976 -0.274578218575874
0.0667370966254418 0.413813905823457 0.029986781301837 -0.286415153438538
-0.136200486461746 0.409778672141071 0.185679563190368 -0.230492821212772
-0.212892630755938 0.42147017524262 0.208949878534739 0.0457567542181647
-0.0546439240619238 0.386226259346748 -0.0670714531647925 -0.224316036090024
-0.0743572062428269 0.324239890160411 -0.44750384593808 0.283480847956679
-0.00757707720932892 0.418086115889602 0.0639926042169993 0.460662106037258
0.194244591096976 0.43938441696361 0.162374844343429 0.0753211347291062
0.358165018039283 0.258139924265064 -0.0480973733662577 0.0581515307166576
0.342827618368632 0.075578769512544 -0.0583869631597206 0.186758492156893
0.274420914479262 -0.0374372901858537 0.0212041610903106 0.183580445516518
0.23469160374087 -0.0363592634631166 0.0675248124132159 0.0907773506497181
0.24054494998544 -0.0283602988793863 0.0238279431678995 0.0242862721198713
0.30013286194816 0.0780292721915529 -0.0531083021138056 -0.0552267999583125
0.284353563229383 0.228015721155132 -0.0930726124981731 -0.152631000195377
0.179827453079638 0.425117514679717 -0.00169309556211286 -0.260880175714444
-0.0309175816241544 0.43128198990983 0.115020764449487 -0.302592835058937
-0.186104812779028 0.340476346732173 0.274398553383719 -0.287885137216986
-0.149252612229387 0.371641526695647 0.327372698973689 -0.054834104065829
0.0743735526161771 0.303651493004215 -0.00691122032600278 -0.303034600327571
-0.00884227853230342 0.197530149127444 -0.305291481028362 0.223297590907438
-0.00932850993771523 0.332872141283806 0.142693895269804 0.364446976986241
0.194340149980947 0.405656185164788 0.183566248561029 0.0793660228518836
0.377928576460488 0.210854494177456 0.0601739222638911 0.115763471216277
0.338490340493486 0.0151995002316711 0.0885564484904912 0.189625732676977
0.2505652982914 -0.0869529260384652 0.14598012635538 0.160184574233415
0.214023662787438 -0.0736931280608176 0.161407524018307 0.0715684754703864
0.209204425951884 -0.054426284250599 0.113133358114229 0.0204124285887879
0.269244552779572 0.0476306021977869 0.0442790747046756 -0.044835741990072
0.25559761925214 0.216995289419205 0.0227147453582793 -0.114860723919823
0.100826576177417 0.42278126720198 0.0967459437361689 -0.194085292709689
-0.128258123097804 0.348936251706338 0.18841465805259 -0.26589124739334
-0.185676393282437 0.20359139542957 0.363405723308043 -0.307904380947378
-0.048560293362712 0.278991124541298 0.435784355978015 -0.120910788665505
0.162621127333775 0.148338945427783 0.0284403751948191 -0.34901383797604
-0.00918690289020139 0.0347606761965336 -0.176467821885867 0.146256614704794
-0.0572816937715008 0.221166331695453 0.17323264188761 0.24708915531108
0.144737297431835 0.331141602132694 0.178205428315449 0.0896328115504415
0.319643806539364 0.139702674720432 0.161156419957703 0.153585921825328
0.263925193950691 -0.0365564927731706 0.219759491982342 0.162437632502124
0.183500242891646 -0.116120159675829 0.249113149459559 0.117220132831494
0.162842920627455 -0.100811207271788 0.232038637762974 0.0456457494071673
0.154588895461336 -0.0827910167076986 0.17838505976485 0.0122417715995111
0.218351454929177 0.000983153310687082 0.124812850077337 -0.0314480781584299
0.210791494856756 0.172711627560252 0.120725408940049 -0.0567532927638494
0.0248916765576337 0.349117483731807 0.156266265596433 -0.0920336055984985
-0.173368123139033 0.196381547397034 0.219414473224133 -0.202732912899884
-0.106369190572913 0.0500387299469899 0.440706676583355 -0.302584813832299
0.0837363856724261 0.180410484576134 0.513497582910028 -0.148668444922616
0.209116659646232 -0.0346155753857158 0.0475890867947901 -0.35086020890022
-0.0355320270678461 -0.114666547466782 -0.0850355146028627 0.0784828144525015
-0.106548869533114 0.102087866589825 0.15806712315813 0.16559121534786
0.0699788679955706 0.222476412835063 0.167677630900024 0.120522651371126
0.206190379023173 0.0610621107833169 0.24455557421922 0.16839827553659
0.143291083697949 -0.0711139103970315 0.311822570108196 0.116380812757637
0.0858652046943997 -0.120128175416298 0.309621411781127 0.0665865499695447
0.0870652131141522 -0.11297449388035 0.269098778805155 0.013835863735562
0.0843701632469493 -0.107722916192001 0.220092522601694 -0.00960138690493382
0.158857270369689 -0.0511641882593902 0.188764400914092 -0.0266572980152918
0.165843024314639 0.10784688100004 0.191356823289113 0.00595487394084206
-0.0180633518094938 0.233775751136915 0.162650399136941 0.00285449476902269
-0.138128019277656 0.0339995635411409 0.201009349126307 -0.16763345684142
0.0368629034254866 -0.0636088493433646 0.500172842499772 -0.302807643584176
0.221678491399771 0.0931956850274934 0.537232176150093 -0.153369556850124
-0.335276517265374 0.0558077941253274 -0.500783655913795 0.0100591197475917
-0.198895884736132 0.182052096266377 -0.709624055507345 0.30694303616226
0.0300966347343927 0.102716520106616 -0.188162751942732 0.26342832642213
0.00833084236603702 -0.0739904909927397 -0.0616022899325454 -0.0416124002010037
-0.114808161129034 -0.0162848891046418 -0.22697008727042 -0.103579562954384
-0.0689192193067844 0.08811226713923 -0.270909757414149 0.0232107347786417
0.00507938919072937 0.12017591941651 -0.251919235585731 0.0549701104089119
0.00847547306776626 0.113484336585526 -0.261651384675176 0.0236368086976456
0.0190134112408874 0.0994790606003448 -0.330536901733409 -0.026683529288476
-0.0130100442188975 0.0951909343257892 -0.340893172436499 -0.0733556512520376
-0.0594266385962048 0.00851441715895027 -0.311035604458469 -0.128723828576219
0.0313625073532054 -0.0987577548278512 -0.229596345647317 -0.165343807127011
0.164437670715564 0.0355307899128083 -0.155858265405371 -0.145858722499639
0.00209452189742063 0.235371808230388 0.0390749729940226 -0.0913272961140178
-0.25176717466801 0.17874859790507 -0.0758921312325336 0.332456791236233
-0.369966776482701 0.162172441059775 -0.412906020103046 -0.0320672754484805
-0.302547143202697 0.249738292902091 -0.739708050839997 0.301186276553073
-0.0679525798855935 0.246216131720983 -0.171532431195341 0.347939880607158
0.0192368726505159 0.112983190046094 -0.0100923704913588 -0.0415454598092121
-0.0146004492207566 0.0939624311262109 -0.243856525657821 -0.11547580407341
0.0360042454664123 0.12842551084112 -0.298900456230966 0.055450472699375
0.102489983624549 0.115108182742346 -0.247128386203445 0.104601697233468
0.106158738222168 0.0923119603878936 -0.220454977943621 0.0610539373453617
0.125917724684071 0.0694722182368325 -0.28393008082145 0.00172705383675481
0.127181422886196 0.102764428689769 -0.323968383402079 -0.0605676462569843
0.0804088538133746 0.0862527273237907 -0.321460377189422 -0.145635845232704
0.114268116396506 0.0644858683584027 -0.21065669493975 -0.215285226289601
0.158126250251489 0.182531666210667 -0.0992387580586 -0.181384154691535
-0.028867300696187 0.341759437878006 0.0661017879867726 -0.105647187612172
-0.26812500848236 0.327624500310421 -0.00502428939685282 0.268599457218271
-0.328285912052401 0.283142298525551 -0.290247961728508 -0.0780427890850154
-0.304046847043207 0.325178850523787 -0.706554872018671 0.309975643819845
-0.105682941789514 0.375631187314464 -0.130511543707418 0.445674179684987
0.0585462172750502 0.299779522655341 0.0494021028206107 0.00136035395426459
0.121439057349177 0.204997290879999 -0.221343221249554 -0.081550175184142
0.163839148445627 0.148277861611479 -0.276949930704745 0.105671616205015
0.195209002040886 0.0845727094294075 -0.198416201575059 0.151871372806246
0.184197473332129 0.0572702222813784 -0.141488486259086 0.0883052752328979
0.205472655181529 0.0367013714204046 -0.19487364185104 0.0163088657406231
0.23878727623541 0.104580205896835 -0.260439519660638 -0.0607792196703525
0.202057738133292 0.15722228535749 -0.288057022579644 -0.162714878156121
0.187063338028106 0.229591996211008 -0.17115270329316 -0.262152048584122
0.127559788406618 0.328627967918595 -0.0388715464650197 -0.243193793539379
-0.0855510400024031 0.413045685343933 0.120379961800197 -0.164140869876312
-0.261765198845474 0.415874000827496 0.0961964254170741 0.166433638872872
-0.216358484241112 0.38016874664095 -0.166903741859402 -0.145704271778109
-0.209577622945246 0.375803825091356 -0.610609435376313 0.314733019696093
-0.0667715871337292 0.451044689080673 -0.0479404776120638 0.50432547232314
0.133204923510339 0.426267793601748 0.11156490910925 0.051415435567075
0.266838013678012 0.272755412992768 -0.155210797514462 -0.0136090709092806
0.283506545188044 0.133634943857393 -0.194611181297835 0.159090623149786
0.261132860011383 0.0319170267912332 -0.104417434495284 0.184583743325349
0.23120622796995 0.0141422743240729 -0.0395758790250579 0.0993979375514258
0.246676282065045 0.00718388782292586 -0.0843840178034388 0.0207387581408093
0.300726308654522 0.101538527875923 -0.163387933627647 -0.0631904017300674
0.276289335971759 0.214691845679695 -0.207515720063824 -0.171897806099429
0.215477222276512 0.370870005873506 -0.0966684600368304 -0.288104899677772
0.0613714957303823 0.432829598818081 0.0362024895355678 -0.298810071902241
-0.154397190553954 0.423227890381032 0.198105715495502 -0.238063819093779
-0.231594992559521 0.430263365281443 0.216898622942505 0.051512405392967
-0.0688879189989329 0.400976183137443 -0.0694187853852062 -0.23371583750096
-0.0862715418768766 0.336151575580923 -0.475277351160284 0.287453622690155
-0.0157876219848729 0.43449304991629 0.0580697676830247 0.480865341909862
0.193364595837485 0.46387786280551 0.164107384379114 0.0780360165699438
0.369192548276162 0.274270365668811 -0.0545279967255031 0.0625729179876798
0.354273651579777 0.0854688211719109 -0.0607901615441556 0.196540019071538
0.285174563423244 -0.0297911206332761 0.0204615420103116 0.191070289648091
0.243675126249727 -0.0316864889432387 0.0690051332278016 0.0939142097696165
0.248065427404255 -0.0202995871878035 0.0254477778384137 0.0210485774415921
0.309359327745561 0.0878045587699045 -0.0542829607885888 -0.0594272691456311
0.291697447900068 0.243298226504782 -0.0940721472614282 -0.158803500966566
0.17722542227717 0.448408838539604 0.00661106147945788 -0.270849063702869
-0.0430699842070451 0.44885374493693 0.125354866805595 -0.313002469187178
-0.205466826185658 0.348529869789826 0.291663763018332 -0.293306098085846
-0.165714016269935 0.37814381757594 0.344036669079822 -0.0494994441178907
0.0668777798765157 0.319188621246957 -0.00352704778572999 -0.313913433752015
-0.015813245499335 0.206949875377125 -0.326365423957603 0.228411133328908
-0.0162793276292205 0.345798795444314 0.141852588096837 0.381478944925645
0.195768318032583 0.429708666745791 0.185974313018102 0.0841083330398082
0.389668293788228 0.225778122753569 0.0582628469488303 0.124934171150652
0.353097934948975 0.021785783991641 0.0922918991442864 0.202994938814446
0.260583378548783 -0.0825682936705557 0.150526357358035 0.170334513374853
0.222366853102154 -0.0716109773268975 0.166570381584165 0.0762929443901675
0.216172055205107 -0.049575976654837 0.117972093218894 0.0194782582804367
0.276954517414938 0.0549038407781576 0.047185155219736 -0.045569402298932
0.26177188317766 0.230413285367427 0.0257526352639426 -0.118538633524413
0.0959744029204805 0.442975167532403 0.107860417102197 -0.198753984376091
-0.142582263872096 0.360518403937297 0.200681841600801 -0.273587681516958
-0.201155241131333 0.205256081136946 0.385969987516153 -0.31086526751944
-0.0598393171275877 0.285139606991972 0.459941482956519 -0.115827443879537
0.16278484290856 0.161286329444214 0.0379151148011887 -0.361326290388503
-0.011655371905105 0.0372534102394645 -0.18941296300557 0.150545940681637
-0.0632819684344196 0.23008504858158 0.174254469260199 0.261028524752356
0.145610544389635 0.349701420335447 0.180801472319531 0.0959134669527577
0.331335986305012 0.149410355422965 0.164577160835411 0.166777983868828
0.274902063646998 -0.0337294666146217 0.229309545044836 0.177709370459282
0.190968132881533 -0.114731033067012 0.258867085440041 0.12868219512493
0.169020712127756 -0.101174955407634 0.241177766477888 0.0508787835551546
0.160098196363239 -0.0802684621053818 0.186869317740785 0.0129288641289934
0.223934364161843 0.00437962921925368 0.130625096955749 -0.028866110742004
0.21704494493645 0.182314340971945 0.126894336002247 -0.0557786658730829
0.0194866815422266 0.364869520825538 0.167303072617836 -0.0913188607678048
-0.186658690094793 0.201222296327186 0.231251768737041 -0.205628742216745
-0.115027090092846 0.0473045874892388 0.464956414989228 -0.302121057126423
0.08075521916866 0.186244774530373 0.543132671843569 -0.142156404822045
0.215082901614198 -0.0286156403579721 0.0586756584300246 -0.363499137899804
-0.0355666228855493 -0.119566109136235 -0.0925169295892697 0.0819231721476972
-0.111629187897506 0.103878114242579 0.159610036502114 0.175306369597862
0.0704798727124449 0.234636268811058 0.170550526103446 0.129357630688249
0.213821915949301 0.0648160301835038 0.252020482843456 0.183568859596724
0.149874518127514 -0.0710554627076375 0.324207174794836 0.130655346692028
0.0886434161852262 -0.121066735800333 0.322755233138188 0.0778587302573248
0.0897244447794926 -0.116959240161193 0.280476649488321 0.019495014430335
0.0868358751825511 -0.108436488008846 0.230472209603195 -0.00765605001961306
0.163245146285218 -0.0519195786926887 0.196493396530846 -0.0226064301132803
0.171496251721621 0.113739083439935 0.199613608333753 0.0107817437186893
-0.0226779738094218 0.24295616631081 0.171377615123787 0.00858039530695647
-0.145744244785016 0.032037684216645 0.210961990880706 -0.169069566199402
0.0381316002208112 -0.0665035805790464 0.528248687596326 -0.301235621680293
0.225729921674093 0.100951531492489 0.568975632722564 -0.143971698916334
-0.355183833013525 0.0628932102429555 -0.541113910313942 0.0146169271864424
-0.208047209743083 0.199128361499839 -0.748864317479052 0.336937576629594
0.0333768948664032 0.107047139214442 -0.190199120360094 0.281605907111231
0.00479945111050024 -0.0789451454992126 -0.0660377590319344 -0.0477627847308148
-0.123247312611086 -0.0128561655637033 -0.245435418095971 -0.104809754359266
-0.0718037019143537 0.0962440957030107 -0.286816844951519 0.0306452986340492
0.00799783016068606 0.127251117529107 -0.264022236907413 0.0630521679689398
0.013886084805141 0.12151809416649 -0.276594085061592 0.0301342679005785
0.023695018399351 0.106189565385217 -0.352840345257389 -0.0211884950479075
-0.00932923500256704 0.102261841921004 -0.36516698377712 -0.0737141630219403
-0.0628421949189743 0.012938015275273 -0.332459527079435 -0.133683941840594
0.0280588507240951 -0.103834416114769 -0.246912797584868 -0.172314709401015
0.17469775952876 0.0345613568114952 -0.164930227583898 -0.152030838644419
0.00732699597854982 0.253284738925375 0.0404549123625341 -0.103495991701418
-0.264030846409048 0.195942862332668 -0.0745217690375915 0.354535599274821
-0.390889773550271 0.175660695647925 -0.448317386710221 -0.0288476627029969
-0.317873185483761 0.271942179724786 -0.783704487759001 0.333388973832474
-0.0685330884292576 0.262070881239152 -0.171587326879223 0.37079087348572
0.0203160536496423 0.120121540320668 -0.012745002315658 -0.0497665475655304
-0.0135795555544509 0.101204855680808 -0.264085808813451 -0.11770991918593
0.0407722876564008 0.136575761349845 -0.315177597833569 0.0665097213511223
0.112398881228057 0.121289087092134 -0.256786624070884 0.115281853993912
0.116280036265519 0.0971781765579383 -0.231247156013868 0.0686618407616447
0.135822301809925 0.0730354795643207 -0.302082132084899 0.00577934817346153
0.140053164782257 0.107963771085776 -0.346576041235489 -0.0608141424747372
0.0876697605248291 0.0922140681394264 -0.344262178133058 -0.150854492084809
0.121159287178662 0.0687910170919734 -0.227764005212796 -0.226412571859706
0.171080818072897 0.191397337730912 -0.107597088805092 -0.191639783625697
-0.0253554793062757 0.36659684557103 0.0684473906495019 -0.118113920089384
-0.277437516232915 0.35261940929633 -0.000550267724259274 0.284046951410042
-0.345586751639412 0.305180651415985 -0.31796353095593 -0.0777870758054344
-0.31680683333539 0.352395496505882 -0.749160836368605 0.342508384579181
-0.105703184000223 0.399406107288609 -0.126331910919031 0.475971936839604
0.0664824507463578 0.319440906235663 0.0495799311409569 -0.00517885324755008
0.133790850531176 0.215620339379463 -0.240571014367126 -0.0826677879371746
0.176807765689013 0.154162424131359 -0.290053166759119 0.119831581186007
0.208880687265651 0.0876633739040615 -0.204424679532693 0.165235011059445
0.197981722717538 0.059690324597679 -0.147063263661216 0.0957890911138407
0.219232239911511 0.0377607060431455 -0.206184973355442 0.0185166422309413
0.257242278034332 0.106543468629792 -0.278825227232482 -0.0615473084566779
0.218311803439605 0.165151999140987 -0.309302915739624 -0.168343478168434
0.202095565782392 0.243949634292614 -0.185004821788042 -0.276468229581349
0.141922680404815 0.347994227804767 -0.0451651529618581 -0.258774509682781
-0.0864697537619379 0.441701696966233 0.124449434269462 -0.179414356641859
-0.272708623985629 0.445152461376625 0.106197761873122 0.174581934994293
-0.22551829317457 0.408732119405489 -0.186568643479048 -0.150622073271453
-0.216739608507861 0.403177812615652 -0.646980438701064 0.345880059531786
-0.0629232890289788 0.479997061282039 -0.0384196692323416 0.535478558537304
0.149966633511221 0.454899846993983 0.116541191698319 0.0466942044570216
0.290744830588178 0.284166506737585 -0.169161244839173 -0.0100977288364832
0.305503407786455 0.135816638149139 -0.199904904644387 0.175583306560218
0.277606247088689 0.0312834541607223 -0.104154082307118 0.198587605038012
0.246164809969084 0.0120541528471587 -0.0388859948175839 0.104878196461465
0.261953418938581 0.00639852914299213 -0.0887183609209758 0.0193482942132029
0.322080403167721 0.103356557473566 -0.175699860883603 -0.0655464727020328
0.298873666990952 0.223908315012777 -0.223808411984138 -0.178144167711253
0.234942589575007 0.392358170323437 -0.105573177014003 -0.305388913073506
0.0728195542404617 0.45987835584771 0.0320640912777574 -0.318597654881403
-0.159945311059007 0.452737267557077 0.206154418388508 -0.25783890158022
-0.240859549747827 0.457862898092153 0.23315404232002 0.0510455666848158
-0.0692891562292925 0.428302244173271 -0.0821406072229638 -0.245295361010755
-0.0881055136981449 0.36104442340466 -0.504040960501635 0.317572699629337
-0.00802133744852399 0.462695700158857 0.0733824297177327 0.510697569153225
0.215594077180337 0.493784580285935 0.171412664303228 0.0757176658706199
0.400522615339129 0.282609073877236 -0.0598472599012347 0.069779781161186
0.38010225785278 0.0824771810887358 -0.0562698704626154 0.213735646441085
0.30169338638064 -0.0338960002621151 0.0279544615953732 0.203099999948644
0.256823312853434 -0.0366487397311098 0.075731805676313 0.0962492259487498
0.262015243926915 -0.0223075678091487 0.0282440295828255 0.017343285192105
0.330088730798223 0.0878730955935041 -0.0588449943401971 -0.0624442353479241
0.315229726405794 0.253240595636466 -0.103264059286954 -0.166849502745635
0.199190426898999 0.475094917232355 0.00447369283337592 -0.289216062565129
-0.0371422673114944 0.477949241974241 0.12504287798183 -0.335985493160328
-0.217486616974739 0.373081955109986 0.304861516777143 -0.316929119751045
-0.172324936118548 0.400843707045183 0.367696180962997 -0.058208619415034
0.073687290209429 0.340521081704189 -0.0111925213816352 -0.332010194556076
-0.0147692545697348 0.221602643892999 -0.346302274877272 0.253312386846795
-0.0100492143661075 0.369740678644531 0.159856833813082 0.403314332733894
0.217275231316379 0.455744318061102 0.195146297876915 0.0843925924605529
0.421524523222609 0.229076040900436 0.0638975046120708 0.135685065986695
0.376097258478359 0.0163006082139341 0.107016849012201 0.218087373306955
0.274176959828998 -0.0890829227664845 0.165877852201391 0.17856029799341
0.232684042666603 -0.0790448886859048 0.178077399098637 0.0759953548131794
0.227091962568935 -0.0526209995838098 0.12619962695593 0.0142857125733777
0.292855947770328 0.0531030181637842 0.0491219836382283 -0.0494189828393664
0.283462094846769 0.238998338743531 0.0243105955610995 -0.12530210914162
0.11290290450835 0.471245188063664 0.113285874276368 -0.214169969990926
-0.146559133060767 0.386848275529901 0.206551175803021 -0.294050228046853
-0.215433169701062 0.219641750415085 0.404893078325292 -0.335687786672175
-0.0608046355062928 0.300938542854695 0.491212952716379 -0.130631816150738
0.174132749131551 0.171084808902348 0.0326990877017998 -0.384760867930427
-0.01321842162958 0.0418256171253977 -0.201371555179609 0.167591791416915
-0.0617913030073767 0.2459291122009 0.19014276936869 0.274559090754891
0.164440592583824 0.371686433436107 0.191531307734882 0.0980789960321303
0.355968511653583 0.150073903593796 0.178684771328786 0.178253758372986
0.292011597023164 -0.0422571085471254 0.252326653577844 0.187356903802329
0.1988579745194 -0.122509960462261 0.280222384465069 0.132288768572688
0.174365986647628 -0.11154713173929 0.2571698572893 0.0483311756152615
0.166737138491196 -0.0853496497981329 0.198803593834231 0.00635617845360146
0.235706121137351 -0.000521662679804225 0.13867831719948 -0.0329991606959737
0.234869699193152 0.188188581344506 0.133807210533781 -0.0616130643294645
0.0289680100056703 0.388198360729737 0.178693776331328 -0.0993983429633611
-0.196073243416177 0.217752283356859 0.239777978947545 -0.222057188178451
-0.12483197166643 0.0506199712368626 0.489621792936736 -0.32646347880494
0.0859502478475466 0.194411664345125 0.580721343160269 -0.15912281575894
0.227377202535987 -0.0322342924341635 0.0571291871508326 -0.388167841074885
-0.0412077419409422 -0.125376464496476 -0.0988952281650973 0.0924261632092173
-0.115952989782513 0.113122469696183 0.172513932364297 0.184645822835168
0.0823223554699097 0.249932790634221 0.182312627497433 0.135116531329776
0.228539840925393 0.0619127034732037 0.273417405713793 0.193853577594606
0.156662350184326 -0.0795539407068309 0.35116738982704 0.136216739446851
0.0896709087893834 -0.128171955434793 0.347161623161575 0.078041661603111
0.0897955242497788 -0.12700296785138 0.299166660034697 0.0140129654398528
0.088119951576512 -0.115287074850507 0.245516609295686 -0.0151300252257221
0.169328305424971 -0.0599599556327855 0.208921355623548 -0.0272979660160332
0.185857800984609 0.115102747566953 0.213570733171241 0.00804656875768636
-0.0169558924325768 0.259773404814313 0.185062547499767 0.00776186736486839
-0.156636750848716 0.0369245806984029 0.219768227980335 -0.181760804306296
0.037405162075725 -0.0732829466338309 0.55709377404626 -0.325981190609034
0.23924159458948 0.102760202285092 0.611471380347874 -0.163601965916855
-0.380758170409976 0.00619805726614141 -0.580764945003998 -0.0793732841525751
-0.242664591123354 0.181156791956058 -0.83978623974532 0.235104593502862
0.0163850700018799 0.117953360958329 -0.233875032024678 0.265113097091536
0.0143724960543328 -0.0788068702320905 -0.0586267206435865 -0.0709562457710569
-0.127469514486101 -0.0287006485481992 -0.248864755414636 -0.147880604973573
-0.0936657195515477 0.0910121235493549 -0.306668939420465 -0.00873212076545709
-0.0133446787426408 0.132841057664434 -0.287870278085196 0.0293095115504951
-0.00895021762908062 0.13156550605064 -0.29178248119681 -0.0138494646260329
0.00619412096762999 0.115292566066742 -0.370655394069454 -0.0789673705210443
-0.0276538035532712 0.105763996148087 -0.374864051323567 -0.13703301063177
-0.0711609648116601 0.000959045312337896 -0.322597035618797 -0.193055439853394
0.0417618432894905 -0.106836258216946 -0.226808164919795 -0.213069911769805
0.174018547299596 0.068231104179592 -0.150619619726669 -0.184346144161299
-0.0381979028369584 0.267654778932236 0.0588579339027865 -0.117584718336697
-0.321811582988224 0.162567183939125 -0.12198173763131 0.351782165003191
-0.438292275939003 0.112624356420234 -0.479835503639608 -0.102086755396933
-0.367792678124677 0.235898529104914 -0.878275185911791 0.229088411593701
-0.112449049198922 0.257399939231244 -0.235296870594663 0.371147197085498
-0.00133912562216036 0.124836575772174 -0.00798171418993061 -0.0530002985725786
-0.035172959206645 0.106177829350922 -0.261026398064544 -0.159181292877104
0.016593596275681 0.152621377439801 -0.338386610389038 0.0267750730813691
0.0942903846676205 0.145286332056737 -0.287536240751119 0.0867473495766497
0.101618128239837 0.127648492609595 -0.251053370375417 0.0345178137161294
0.128173917782354 0.101883866496899 -0.322217021349742 -0.041087179010012
0.126865916448338 0.137722707444474 -0.359389386126463 -0.118337057725928
0.0706407538443564 0.114764806789135 -0.338565856608393 -0.213743526742518
0.110887226307607 0.0909069036326949 -0.207365594026334 -0.273807603208426
0.138675201369349 0.231908470418563 -0.0840431880047086 -0.222335850826736
-0.0950170392485903 0.378113331594305 0.0912364360419381 -0.132918410228389
-0.369773308088898 0.326019431928071 -0.0277828505218682 0.284825003608818
-0.415356140384385 0.250524692471471 -0.336591795349843 -0.122903089824472
-0.381679819334614 0.316075546327462 -0.846267930438602 0.249422757639645
-0.173424831326804 0.39163725700139 -0.209075143092385 0.495160049318125
0.0144547030959487 0.333918129138462 0.0480386782120807 0.0183120105887813
0.0962450313222468 0.248032259348183 -0.233610805138238 -0.112516763125768
0.15530745977722 0.194764913595685 -0.31609543044174 0.0868995791629599
0.199661719934721 0.128144178260529 -0.235271144099342 0.149490581429032
0.19280004903839 0.104597132241514 -0.1671227014109 0.0751761582492065
0.220322634467081 0.0809908390763982 -0.224446050830465 -0.0137402962014551
0.248161699589293 0.158410050645142 -0.289385319431673 -0.106087534383264
0.192967391161473 0.216685648331704 -0.304260912205226 -0.227562728366586
0.168391724934847 0.288553273725448 -0.163651160330045 -0.328034794193984
0.0775739429480197 0.389274684022765 -0.00905441705874152 -0.286212154900171
-0.173614166038593 0.444127680418849 0.162164938464415 -0.188609126671207
-0.380645611097759 0.42319474020003 0.105070933330358 0.184682142105568
-0.311865662054655 0.375208944441032 -0.184204894095249 -0.169664080291031
-0.288233040723659 0.384033276271485 -0.738196424825174 0.269607040864562
-0.143240784622215 0.479492030512583 -0.123879646516321 0.576782310986621
0.0790556221389702 0.484644321877926 0.109514098964434 0.0953632089113859
0.247132602733137 0.343049864057791 -0.161493995163755 -0.0224384828920256
0.292888785841846 0.197130900534687 -0.226204713082937 0.160332032639116
0.280370864149083 0.0831481671509238 -0.132544984849564 0.200764739387533
0.251311600377563 0.0647160550568006 -0.0558168297952607 0.102697202104546
0.268524691691993 0.057604248518575 -0.100434415473822 0.00572442760163745
0.316658755441765 0.166694219252408 -0.181898430770811 -0.0925854441997513
0.266547033298322 0.294563506227891 -0.217217149443931 -0.22755627485696
0.179436972169401 0.44981142135056 -0.0810790695944372 -0.3530581303241
-0.0170108734999388 0.491486977957919 0.0816298455257988 -0.339256799054551
-0.252868395309232 0.438846484979305 0.26178293506752 -0.255482550352023
-0.349760539886637 0.440347725224801 0.258902889011225 0.077421530843323
-0.156057347039871 0.424015085510807 -0.0535871233371732 -0.245842986668559
-0.149465281814016 0.360533621885585 -0.580212493813286 0.265386725103897
-0.0827789655070977 0.469410371012225 -0.00277825985837177 0.568173057910075
0.141435729555509 0.535254888630678 0.165086179918364 0.139157624779702
0.361894673549906 0.359140657013343 -0.0524432675415572 0.0780638805904832
0.381156658282458 0.153842662417649 -0.0786716087654204 0.221773678685298
0.315147068465628 0.020342544244521 0.00879098984847402 0.226187056658182
0.272252119710516 0.0154166935254727 0.0642895632912392 0.112183162207261
0.273543623367895 0.0281477471275302 0.0223957274384251 0.0210576502308125
0.326137587181511 0.151523230895029 -0.0594701534556751 -0.0704893115213805
0.279022305894151 0.328822428693924 -0.0932566043921727 -0.19727366999285
0.128656833094172 0.530232282182192 0.0307015981719948 -0.32330208843892
-0.135278764199433 0.489353942663454 0.183573812924167 -0.3430863187246
-0.29761808653118 0.344575467721452 0.376523038271241 -0.293259485532068
-0.263329401354471 0.39020941901544 0.414410922766381 -0.011067483173448
0.00595013240657011 0.358776417130244 0.0418147308352846 -0.326990292025633
-0.0517886582135029 0.229789970558699 -0.403065909840744 0.219224733424192
-0.0689751735503036 0.37454376974756 0.10340541336569 0.466946852473838
0.151699390662068 0.49816801262334 0.189876394261719 0.152282053880709
0.39489114454351 0.305791930415606 0.068935005505344 0.164165167653779
0.38954540130347 0.0827082710370563 0.0922369078996617 0.250239286149105
0.297018452748412 -0.0414640571331027 0.158666899810312 0.219989373293459
0.255220295713848 -0.0349560769203586 0.17520684705796 0.107642925852321
0.242478428372963 -0.00986295112209731 0.127610943111917 0.0329600718172067
0.293604247898107 0.108009311564943 0.0533998080426748 -0.0394959679012224
0.249851328698049 0.306924099770826 0.0341822298870084 -0.134397749317595
0.041248576260836 0.513682874591377 0.137474426113601 -0.229013279730623
-0.229736001557907 0.372474301127194 0.263599380983699 -0.283839303606963
-0.264315329591331 0.184545661253915 0.482517981907049 -0.28802146778205
-0.12339886599769 0.304370684702566 0.550474205084268 -0.0595954116694744
0.138685602514937 0.202215124913489 0.102658045106341 -0.379142636384532
-0.0205611112014371 0.0445469719378808 -0.23870577234404 0.148314252933163
-0.101049617516194 0.239009258127194 0.150805419612088 0.331044773552473
0.112430040341739 0.403041769643889 0.1827947843142 0.161531123652605
0.34254125497024 0.210314272980811 0.181476221284852 0.222936320352958
0.313541139712893 0.00524166126362744 0.24640385006152 0.239282616083932
0.22393251247405 -0.0886050662217323 0.284234261823634 0.187093636239805
0.201581494318963 -0.0811773328255226 0.262088271583203 0.091540580037581
0.186132617651528 -0.055582543053358 0.206948754614141 0.0364455264361521
0.242464597775489 0.0407319960761333 0.146305547723011 -0.00878236035987809
0.210458858608424 0.243597027048089 0.140717520688879 -0.0507025735757154
-0.0309283519123719 0.412775778533668 0.193581178845501 -0.0958510409983073
-0.247179037744511 0.186491771421549 0.2876137682868 -0.197818755218078
-0.134945313752042 0.0255456175866919 0.56584094831509 -0.255730388267529
0.0566398308099939 0.220017805543965 0.639160118430861 -0.0724245611885085
0.231465661451217 0.00450618494964694 0.132617713805135 -0.386791398978568
-0.0211354477204262 -0.13188305386052 -0.120021452957359 0.0803093802270449
-0.132907718526925 0.093205772841619 0.142742548546204 0.226643812605649
0.0499458095284699 0.26561553264868 0.166953707841327 0.189924856396609
0.228579578964253 0.0959969753015044 0.271315848893554 0.249319934077127
0.179636795404314 -0.0580810699011698 0.354048464615682 0.198035239453431
0.112158354064883 -0.116018560855988 0.360904468496216 0.137794798148341
0.116411372798656 -0.116314442862692 0.312924312189764 0.0629764076109581
0.109174772309229 -0.10134791604099 0.260725970555371 0.0219728937426731
0.185050423886063 -0.0340278365168817 0.221230414493708 0.00796342088537758
0.174271761705236 0.157310436367214 0.216176775679925 0.0368208626620989
-0.0580104840750716 0.271192516879181 0.1877854028801 0.0234304270617501
-0.169196203415263 0.00632343885465669 0.257691497577872 -0.152847199090636
0.0606326359996233 -0.0719298032403081 0.627463168820794 -0.238077461997129
0.240712415318418 0.153827586877231 0.661505302370785 -0.0681026982774635
-0.383482871960376 0.0367207360345536 -0.598381883707495 -0.0330891712499974
-0.228656769709671 0.203060103770187 -0.825425459384976 0.306555092581924
0.0261407549066087 0.116190002425894 -0.20858865122431 0.281617201584064
0.0054838751876875 -0.0808022012079553 -0.0653371513094441 -0.0727572689696261
-0.131689952395573 -0.0162080253792953 -0.264573863764686 -0.126976745371362
-0.0865672616135109 0.101096618570364 -0.307755854394567 0.0203893502906934
-0.00139496636854157 0.135534351426537 -0.28458733944547 0.0540834460478847
0.0045930728363845 0.134876755588093 -0.293286600939437 0.0112846612733121
0.0182199935336186 0.117100154061358 -0.380367243739045 -0.0468042742502345
-0.0161542973763373 0.109107079283772 -0.390551359158762 -0.108455261104513
-0.0722498510299769 0.00886927023180526 -0.341015713448117 -0.168817886584224
0.0303463934674264 -0.109402967984342 -0.246056574376681 -0.194552368832765
0.179629519077474 0.0534631421338 -0.164411314698242 -0.172216071390484
-0.0143633533643303 0.275096040921872 0.0476964106230665 -0.129376853291574
-0.308702829197145 0.191256753705114 -0.0913666666731687 0.363776726911949
-0.433258555750351 0.148072650146837 -0.499462572343773 -0.0610571467110948
-0.350320846632449 0.267833323871389 -0.867731264922752 0.304321417445642
-0.0915156726543016 0.266774767026082 -0.199989197896385 0.388002407319482
0.00836915474550948 0.125949258670494 -0.0146151617671351 -0.0587195979622013
-0.026976637843748 0.110169200964767 -0.278750053231669 -0.137918373784598
0.0291790420768501 0.152351026991715 -0.336695427776432 0.0580724796379103
0.107954744428174 0.138806836816474 -0.278734348050193 0.112742559513198
0.115093284054261 0.121121633613844 -0.2477132045806 0.0553025533212775
0.13915807142079 0.0936848606985973 -0.32781928333366 -0.0140241840826279
0.142127767618116 0.128368535114672 -0.373237091304697 -0.0886379827373151
0.0810102209720591 0.111542242629272 -0.359212462264896 -0.187253650774759
0.118035414448042 0.0840561970936676 -0.231897194942506 -0.258442919014316
0.158769592780669 0.221550017744124 -0.10091935331207 -0.216463597749536
-0.0640347642107896 0.39007279699126 0.0794796051269154 -0.145598214743319
-0.343015413742149 0.358086216947941 -0.00246250198249696 0.288114019090101
-0.398609745077135 0.284904578951678 -0.355048585992415 -0.093364800569984
-0.358880795671955 0.349448252512137 -0.83111660554733 0.322989223968913
-0.139721533094738 0.406019238452789 -0.162458963924305 0.511957157255831
0.0428694998821817 0.336081705862354 0.0459411897390863 0.00838933641337917
0.119046461213798 0.23992106531341 -0.24904422841186 -0.0929177317300438
0.173624470640987 0.182004013778502 -0.308452946756703 0.116767951454009
0.212858785122466 0.113760415726206 -0.221661505575549 0.170961981017058
0.203897742107734 0.0904327322237272 -0.160426350821928 0.0892926656114482
0.228678402649245 0.0656073861711512 -0.226912834583902 0.00323806690344452
0.265073964360043 0.138306922706905 -0.301169183716454 -0.0815867425970839
0.213602973556114 0.202972725380765 -0.326308634645682 -0.203262259758628
0.194106284161918 0.279489193965058 -0.192266282383484 -0.317245556896402
0.110520823668866 0.385506021868624 -0.0333836726566306 -0.287474815419524
-0.139677345763145 0.46331603619252 0.146234180370258 -0.20700121621508
-0.348435322261716 0.455691370131605 0.122506679308386 0.176685496174578
-0.282890176934368 0.401973489930426 -0.204640268536157 -0.152433565065805
-0.260116500863907 0.408650302389991 -0.722547440613423 0.337302037287328
-0.102606620206638 0.491921977738252 -0.0714081070000348 0.589281525109709
0.121202462019344 0.484483997871165 0.114320554837221 0.0817749759548932
0.279016872703562 0.322220619555017 -0.168960882517732 -0.00768053454689987
0.311832520699419 0.171416690892247 -0.211209640000393 0.18315648191337
0.289797801056089 0.0620831738783314 -0.113553560550511 0.213920987203847
0.257626190591883 0.0458772553789184 -0.045930342190673 0.107173603183789
0.274491586140085 0.0373235229054652 -0.101830828385826 0.0104590078977164
0.332790441046901 0.14036777073114 -0.190869911458073 -0.0782328319086439
0.293925538954677 0.274900381944739 -0.239143273517153 -0.208581958459726
0.22073416169753 0.440707709703037 -0.111480530807831 -0.349952503950026
0.0245119098590425 0.495778673369407 0.0526969938970576 -0.347996906074382
-0.221011955689248 0.464087047775526 0.241349773667116 -0.280274584115069
-0.315219208276417 0.468297582375396 0.268582078413865 0.0552640269783402
-0.12317152277089 0.437772064816411 -0.0779271436017405 -0.240535025364705
-0.121693303141965 0.374437846663917 -0.562393750425808 0.321077069115407
-0.043770670783241 0.479882324876827 0.0510218895184643 0.570944801389452
0.190838267243406 0.530012243879154 0.173484306434951 0.12344941887601
0.397685319044811 0.32817239239457 -0.0493421262067225 0.0857926285560844
0.397003522518892 0.119702632730988 -0.0561109232589648 0.232234286623047
0.319615650771896 -0.00309476434028167 0.0298127175389925 0.227290003961672
0.273140402923839 -0.00586690466849265 0.074410930108306 0.106963738427914
0.276663831343139 0.00751890514107608 0.0228647555865103 0.014768669539644
0.339440716511493 0.124227569219777 -0.0660594715144282 -0.0656773544468653
0.309501438358964 0.306684799725329 -0.112508783628643 -0.189032681083846
0.177275334622775 0.525853537790649 0.00393989665307518 -0.328904687166096
-0.0940556202879895 0.503371366918 0.153179702279853 -0.359376082275544
-0.273824056910738 0.371384487498768 0.353859787319562 -0.32622542361221
-0.233570925503997 0.410720554201501 0.419333865642349 -0.0461977658078353
0.0349348588172647 0.360365053077471 0.0127900868046162 -0.330458995234179
-0.0347908632322556 0.235494868495647 -0.388030171614408 0.259384633230332
-0.036059513973942 0.381863269678211 0.148239374564758 0.461148998068747
0.199284691029081 0.492320792580959 0.200466749624631 0.135788325561572
0.426306381892066 0.271934187660146 0.0829221014910056 0.162564430689549
0.398939398394363 0.0468692135484614 0.11917845228939 0.246053858058639
0.295147117143683 -0.0636518165422279 0.181031433757066 0.20838018196451
0.250669808822288 -0.056548415289748 0.185186772473669 0.0930592449805604
0.241630530999118 -0.0278563111980292 0.129424544791195 0.0177703989360243
0.301731562105917 0.0834853591157925 0.0507626611033747 -0.0437232871213865
0.27859632863059 0.287101976568899 0.0216621073178879 -0.137378680973077
0.0873371839879485 0.512459776571196 0.120101334132824 -0.242635828566676
-0.199878730662897 0.393727776731089 0.238363163791688 -0.305610817243005
-0.255565683035219 0.206609156649397 0.462321427482379 -0.327503359904312
-0.100399435772974 0.313162755297423 0.552965398487704 -0.106575939690137
0.156297444648902 0.193208617233445 0.0711388931944419 -0.389026016676428
-0.0182947134902495 0.0464107165320559 -0.227993509209995 0.174049424550762
-0.0790499875809014 0.248607511872257 0.18167652933908 0.320371821461885
0.151853360420559 0.398595422499957 0.19515766561847 0.14709392934393
0.365136032373495 0.179202589552114 0.202473762061584 0.211189406634954
0.315918696724508 -0.0238607703303148 0.27440406052008 0.221408566000544
0.217007551726777 -0.106306343748579 0.30455292563801 0.165039010226844
0.191383037198113 -0.0989038849787842 0.270764355626255 0.0686288795097301
0.180148611951602 -0.0695240212725862 0.210005150540107 0.0149237169184277
0.244409347179851 0.0193591935312268 0.146222675941502 -0.0207528161675194
0.233609792034751 0.225821180192695 0.136237329898795 -0.0621010778331025
0.00720329298189063 0.418879931892764 0.188061845101411 -0.112910657396539
-0.23411819656935 0.208686211941776 0.269658077004423 -0.220366426090382
-0.138218076657599 0.0348025806464341 0.547111868397031 -0.300360495033034
0.0733208819669492 0.214064731021111 0.643526261215075 -0.125802923602131
0.233522505844844 -0.0135987768667347 0.100375833491866 -0.400828709482906
-0.0335319219590539 -0.130539892640012 -0.11467597696386 0.095413268582235
-0.124869007662861 0.104877994514393 0.163528610082975 0.217105824202821
0.0778054454864387 0.26421801629735 0.18293171803868 0.177673792425156
0.238248726529129 0.0743265761032274 0.29579333099376 0.229678257364251
0.174492980780669 -0.0752497212968709 0.377330880871288 0.170941736019146
0.101530235547588 -0.124616340631617 0.377376385067355 0.109129867944322
0.102886663322404 -0.128196304426309 0.319041076664564 0.0359121667229826
0.0992588098169851 -0.109753143448835 0.263179823042686 -0.00407044265759224
0.17902617651713 -0.0514701737164734 0.22386637841027 -0.010912185730664
0.190251697139262 0.141100580050618 0.220992620121403 0.0183339188520954
-0.0321896218102927 0.278223228515051 0.192656160258892 0.00932625083575574
-0.17176283859175 0.0209083989763254 0.242341721291365 -0.171545311602965
0.0522998234891728 -0.0790690156918843 0.612094543766126 -0.288215569190592
0.252883945205107 0.132893517207993 0.669049876743548 -0.123555486851131
-0.368690732072138 0.057766907825556 -0.588179403109504 0.00521843492507121
-0.208208175718154 0.211873930387525 -0.781508418165556 0.346750464869207
0.0318948353585132 0.109516303212066 -0.180331537176467 0.281811980013295
-0.00154321576309794 -0.0785640473195558 -0.0698448963275519 -0.0715470101771944
-0.128879665091546 -0.00587077960116392 -0.266328080566363 -0.105579796131817
-0.0771908741873234 0.104756780482541 -0.29544834039922 0.0420696637330126
0.00844084552264791 0.130980624559102 -0.270065584947859 0.0712688085631668
0.0164598683828029 0.131115911514568 -0.281574966770642 0.0296030695201995
0.0270985079658893 0.113036377808623 -0.371607933523885 -0.0191122113608644
-0.00571154633766513 0.107055284056666 -0.387458522338197 -0.080190154902932
-0.0697291070875127 0.0157515629939221 -0.341815835551006 -0.143942654181431
0.0194753210102715 -0.105910928618541 -0.251386570445202 -0.17308024659938
0.177109090854224 0.0400825406443584 -0.166765391282202 -0.155767844167304
0.00593657336364756 0.268567287925682 0.035329864911532 -0.132704728943738
-0.28588117271779 0.204321386002333 -0.0648381040247277 0.357394935024677
-0.410514967077079 0.167220742130666 -0.494344838279742 -0.0267667093787243
-0.322741204437246 0.281864155510509 -0.821409079807753 0.349022341019571
-0.0719490253139973 0.262375788771836 -0.164979072268596 0.384406102132849
0.0152367871316244 0.121204453333797 -0.0204735156643481 -0.0610223432339331
-0.0188834574254406 0.108245034750251 -0.282212507449275 -0.114393500648901
0.0383311359528487 0.145394102551905 -0.320521041674693 0.0799036801897802
0.115641120103759 0.128474347798692 -0.260964175788101 0.128491773308856
0.121563389361901 0.110631086096145 -0.234858373406873 0.0691853784016255
0.142779165087878 0.0823045464850731 -0.319747896501981 0.00749976338035659
0.14851941980676 0.114743831813506 -0.368641209592398 -0.0627770189738932
0.0859840479657217 0.104026073824701 -0.361210002602977 -0.159051292007748
0.118533968348313 0.0765783650943914 -0.241403231259065 -0.23574807935568
0.167999310572402 0.203725202227307 -0.109923257567669 -0.203038330947232
-0.0371862792866944 0.383891305425614 0.0655108663084607 -0.149709874594945
-0.309439608556028 0.367704327165165 0.0168226608008054 0.278672211649926
-0.368533664137351 0.298474264809252 -0.355375190715116 -0.0651016802191363
-0.326769850653109 0.360492347182873 -0.788446058619625 0.365260069373185
-0.110233572272793 0.399295509275958 -0.120157089616127 0.503974074045816
0.0636027553089828 0.323925791344942 0.0419193339498423 0.000293637867703602
0.130822024336538 0.223787678795012 -0.251191170324588 -0.0734368080648532
0.179125169879974 0.163898328125464 -0.288902726852705 0.135392316044215
0.215055240700143 0.0978331079704329 -0.201742571431208 0.180536227612454
0.205026010868743 0.0753957259922317 -0.148147212866203 0.0968771381617219
0.226580932808691 0.0507715114303115 -0.221001185182841 0.0162139985828935
0.267412015836379 0.11641607740843 -0.298093377743772 -0.0596473010261686
0.220765077135487 0.184873000983007 -0.330530680379769 -0.175084123568981
0.206045115863374 0.260478998345607 -0.206374898157306 -0.295360073885769
0.131859817138247 0.365306693476461 -0.0493481922180124 -0.275458399865703
-0.107042558140253 0.458105349823385 0.12687958494412 -0.211537692910592
-0.308691603366046 0.460538544735144 0.130727163769087 0.16271306869117
-0.250437579683313 0.405942070556025 -0.211055310917429 -0.131588593851572
-0.227136498622645 0.410805957207556 -0.679506892794698 0.374952349005525
-0.0674380584443969 0.481328028288897 -0.0268322354170498 0.572987907243407
0.150192900268105 0.462852259866234 0.111649304256377 0.0676121474563633
0.292822343472453 0.293929752367887 -0.16805883681572 0.00542739503805488
0.3129320657752 0.14432710125437 -0.188854289927992 0.192610437191533
0.286272015243234 0.0437397588561691 -0.0936695021214537 0.215822133848113
0.253347418786715 0.0295888289898899 -0.0368952013296081 0.106517230619925
0.268624277786445 0.0211991601105069 -0.100368137555927 0.0137886345867665
0.332062606735255 0.114156530323939 -0.190450911500858 -0.0631920011377706
0.304260539477046 0.247826661081216 -0.246762407182937 -0.184721350220866
0.242973170754001 0.415257065314463 -0.130301270580839 -0.332106279786876
0.0563265444482054 0.477944864394362 0.0279983797664641 -0.338968235863719
-0.189238518274212 0.464683295631766 0.215397004640914 -0.287293356780088
-0.276902177483025 0.470414085966621 0.265613957166891 0.0358250072996572
-0.0928706587283754 0.432522336663769 -0.0929123015688264 -0.224573301401657
-0.0969995943986827 0.369703831225356 -0.526613577517315 0.350320039906354
-0.0106792213127674 0.464785895037844 0.089608419365499 0.5474815005494
0.222071739372008 0.504037338840925 0.172464302936538 0.106013672571695
0.407036000884007 0.289751336085949 -0.0448083565940388 0.0885602159009914
0.391719448369941 0.0879840212600249 -0.0355510911703035 0.230177142153901
0.310072000671109 -0.0215789769771085 0.0462448232946436 0.218689158425068
0.263235883686679 -0.0210191662516531 0.0797292746286092 0.0979182686413289
0.268331687349309 -0.00758905842033186 0.0202099226041157 0.00913473043330154
0.336007355145528 0.0994243844006363 -0.0679562905042271 -0.0591194739297253
0.320330921267854 0.27718314129455 -0.123022339806193 -0.172972266517533
0.206597144214247 0.49960857029566 -0.0158471437796234 -0.319239410116765
-0.060341867273702 0.491874840129896 0.123953162130249 -0.355503278688349
-0.247376166608481 0.377543789153791 0.322406045062654 -0.338134793060039
-0.202371241684292 0.409382267996971 0.4064103461188 -0.0721429166169347
0.0560645163147514 0.347479298192422 -0.00985003731111205 -0.318810953193039
-0.0211439457245195 0.229553883275746 -0.35950563831471 0.280783383122484
-0.00988154111737645 0.370628837538568 0.176556243178267 0.437961276500696
0.229462143157515 0.46577108048695 0.19924976585107 0.117947117987063
0.432367327028792 0.232166399615581 0.0894080274029676 0.154213654510741
0.390343521151882 0.0166163705628119 0.136061559366272 0.231775844407001
0.282515770204468 -0.0780511109691068 0.1909399176192 0.191153803694429
0.236179253453939 -0.0693577197789046 0.184965040762543 0.0775296377779681
0.23210131876863 -0.0398890271751537 0.122904187160561 0.005224986585672
0.296033292841202 0.0614664747025088 0.0465856494394659 -0.0451148819170655
0.29025486542777 0.25907640735945 0.00995447387341464 -0.131799354321305
0.120235141498026 0.492159279802338 0.10101792458664 -0.242977521553193
-0.170301884381736 0.392924986008621 0.208890949825202 -0.30853572486739
-0.239193173251248 0.21537698686766 0.426899057491255 -0.343889309167961
-0.0788572169958841 0.306351949414001 0.53212834781136 -0.139870708665964
0.163693816886092 0.178141809203676 0.0438973577517886 -0.380462117213841
-0.0170168530672544 0.0461727006543306 -0.208963334344499 0.188045528810147
-0.0597648027454511 0.244719707906508 0.199778564996619 0.299440197728655
0.177654241736374 0.377979728746622 0.196046182843265 0.130821593943776
0.366379572366234 0.14689368893802 0.210958791826536 0.193609486475492
0.30339870452451 -0.0454838757790829 0.284679182125677 0.198661979255128
0.2032001971959 -0.114915503765319 0.308859012225644 0.141064289632812
0.175596971732245 -0.107915421659212 0.26657994539075 0.0484832454451038
0.168989373103733 -0.0763907481891702 0.201169600663711 -0.00244602863753347
0.234493635847929 0.00348864946296926 0.141571045069323 -0.0292592378931669
0.242860224499962 0.200844255946443 0.126989658916875 -0.0674323741556104
0.0364123129004559 0.405576653686901 0.17532012294234 -0.121034778703494
-0.214819251311487 0.216465299628246 0.243960755154279 -0.227157320352566
-0.135971045629127 0.0414664992104091 0.512170843976273 -0.321779986115662
0.0824303040433522 0.201094119979382 0.620629237603436 -0.163283450327832
0.226525777340156 -0.0272864152682102 0.0727289463255933 -0.394553200913429
-0.0427820112871053 -0.124260980560459 -0.103609159367393 0.103206148959247
-0.113475027517801 0.108856419124924 0.173965447699707 0.200846053096713
0.0965521594828411 0.251104755045751 0.187392348108723 0.16133072505125
0.235666126310122 0.0539692062222187 0.3039758416483 0.204494241171901
0.162749677862206 -0.0856145638856337 0.380571763534161 0.142359475870545
0.0892008433020715 -0.12546751895869 0.374930729170424 0.0820202051991233
0.0875979055352069 -0.130411950427436 0.310871504069668 0.0136327060606363
0.0877335199540783 -0.111202989745501 0.252408276074837 -0.0242830472358994
0.166892532865202 -0.0620710615576522 0.216801959644344 -0.0246545409843251
0.195760370895143 0.121072079116743 0.215402644081041 0.00422297591763496
-0.0103296106463127 0.27138770077109 0.187904061992634 -0.0021929925030876
-0.166894199203356 0.0312686906450835 0.220769443664135 -0.177482642111797
0.0428424332690268 -0.0811112779627111 0.575373619595496 -0.312401844683375
0.251102783325651 0.112502568618074 0.645413147868224 -0.162857409862107
-0.354619617637526 0.0635746576713143 -0.572021378409876 0.0229893659438175
-0.193793725596546 0.210750292375443 -0.741122206322281 0.354760923775305
0.0330026933061024 0.103624547668291 -0.162735943578233 0.270664421553609
-0.00507741177712403 -0.0764736302544115 -0.0710899410040255 -0.0717562372375386
-0.124789499953698 -0.00144887141335451 -0.2601766312429 -0.0940077011162017
-0.0704424149818238 0.104212170148173 -0.281522146303744 0.0505861753244468
0.0124695155433142 0.126033551872558 -0.255997127857025 0.0775292247961465
0.022779293302106 0.126039280242946 -0.269035921456668 0.0351851859404117
0.0317253668539755 0.108304594312209 -0.358656518461931 -0.00665181585662175
-6.45090316985387E-06 0.103413823204803 -0.377221094887918 -0.0663812091194643
-0.0669078671055424 0.0191567571021569 -0.333983354538222 -0.130240056063494
0.0135901025285165 -0.101146197952359 -0.246444093304808 -0.158999835593361
0.171590472709359 0.0319048377279438 -0.162603222948831 -0.14534841988279
0.0156682085083613 0.259260333350437 0.0271707781842277 -0.132247175642796
-0.269471840401714 0.204461612944611 -0.051756059731295 0.345155652602653
-0.392408204518575 0.170469982757775 -0.481048046083228 -0.00935354169301756
-0.304276513310267 0.279472335269206 -0.782336394739314 0.358673201761334
-0.0618075068216321 0.252909747626071 -0.143662182824603 0.369080963777259
0.0178458912023795 0.115348230051484 -0.0236950245143246 -0.0632636948660713
-0.0157497177351856 0.10437356486584 -0.277744532308426 -0.101807821077692
0.0415410330384687 0.139473127242496 -0.303871293619501 0.0884451786759786
0.116484248213827 0.120073585863482 -0.245543461224671 0.132010513184917
0.122508724073339 0.104006898312054 -0.223113980317493 0.0729439983882909
0.140613379556609 0.0762978022216023 -0.307585690044355 0.016052578219606
0.148094818186324 0.105538920747932 -0.357948491581156 -0.0489777014543906
0.0863408361937569 0.0999153696655284 -0.353124399630134 -0.142726843976949
0.115260616233439 0.0725446391828363 -0.238842776563941 -0.221115217060797
0.166917885668372 0.189692856529235 -0.109723238657986 -0.191658712727493
-0.0248601893614112 0.370759321124612 0.0561427563699669 -0.148372756071663
-0.289173222106416 0.360650513751831 0.0240853457603542 0.26768146783691
-0.348840894004472 0.294721915112622 -0.346405549912264 -0.0504808704777454
-0.306846444829456 0.354710893788807 -0.746667948447651 0.375450563609382
-0.0936516918599326 0.385442534969932 -0.0982473265085053 0.483703776169661
0.0717140462973081 0.309558533384162 0.0366248939630757 -0.00458710140378038
0.132358569347614 0.210122618844392 -0.246854920420052 -0.0622930842900733
0.177122381171497 0.151784148863939 -0.271426850953877 0.140023765473266
0.212019905697633 0.0884075716535903 -0.186973164586286 0.180732914603275
0.200665426919822 0.068218253182428 -0.137961814390298 0.0967169219363881
0.22030214434579 0.0438530864833082 -0.213948677681216 0.021487954941263
0.262488601606929 0.103931711216513 -0.289741955155946 -0.0493586466422275
0.219521622392846 0.172001796131581 -0.324494583004247 -0.156841586025562
0.206477351076164 0.247142006123349 -0.206877999572354 -0.279161050876597
0.135916250012898 0.346695149507775 -0.0547101747329218 -0.262953973284928
-0.0928155366319521 0.446060290073026 0.11461514354109 -0.208609311567664
-0.283955644723484 0.450656987032606 0.131761297910416 0.151984897603259
-0.232647046604266 0.395791599259167 -0.208348813339429 -0.117614516776205
-0.209585877712792 0.401835617812866 -0.642996176357545 0.38414664033428
-0.0519568641229334 0.462661768680619 -0.00557062786313643 0.549940798659329
0.159935643275325 0.442924946514456 0.10598746050314 0.0592287682292334
0.289848038470029 0.271386498225862 -0.164942884391433 0.0117565977748124
0.304018715003987 0.12807284956845 -0.173689928812368 0.192469830630593
0.278661300342006 0.0346208138764802 -0.0820312780901018 0.210865931961081
0.245152484942314 0.0229019525593241 -0.0312032399987018 0.103140631198383
0.26040768714209 0.0147724943274535 -0.0984223951632715 0.0152871975740622
0.323560520710102 0.100868685721802 -0.185466483948128 -0.0546667701246419
0.301560903084883 0.230538150593323 -0.244221139522682 -0.167919076718737
0.248289909962301 0.394105705070144 -0.135048558225668 -0.316674199505321
0.0649170061429638 0.45795440547142 0.0171161441753573 -0.325884603575156
-0.171962481268397 0.453771091627316 0.197867214627132 -0.282730388448088
-0.254092979714036 0.458277708387333 0.258802952786524 0.0262916261440404
-0.0786355866349046 0.416697671409691 -0.0967305528774993 -0.211742940413113
-0.0856818320195768 0.35747840809644 -0.495801009597727 0.355787295712166
0.00191118810343089 0.446787456086579 0.105960689623072 0.522911400748618
0.232195104274459 0.48007177572569 0.165244104025042 0.0958566461574455
0.401684741569458 0.264581956828097 -0.0431805120094422 0.088538322707072
0.379874511067549 0.0709098606380752 -0.0242810609419717 0.223836630277301
0.299849455283524 -0.0283839814341108 0.0528674024665843 0.210064349942925
0.251767782234602 -0.0258086934508501 0.0798584564880386 0.0922885858130778
0.257839956528252 -0.0129711060550132 0.0158725523644826 0.00686375936916472
0.326447051440217 0.0870802384750654 -0.0670049307539626 -0.0543880694784016
0.318301907216127 0.257090385396994 -0.12494877957765 -0.160037618259751
0.215989607198824 0.475480241926804 -0.0239797526934672 -0.306591888437235
-0.0458943869862803 0.473903839352443 0.108113000275971 -0.342902033264406
-0.231886513288614 0.37080819713103 0.300873730561538 -0.332830475751461
-0.184514323543109 0.396045732398308 0.391143648369015 -0.082056924496571
0.0629893760307203 0.332706433657796 -0.0186095717834775 -0.305262808081481
-0.0171669402697143 0.221228247959379 -0.336844998632061 0.285049856907138
0.000818249440665091 0.35466813059914 0.18655174116829 0.413087972728003
0.23830513186873 0.44346500054522 0.19221305921471 0.107695949203942
0.422851606689487 0.208926015882934 0.0905848003995301 0.148191599170616
0.373567700310622 0.00240560765440239 0.14154276408066 0.219648083402569
0.270554544384844 -0.0821605044668061 0.191293907598673 0.179358861628793
0.223299831038714 -0.0715132640063152 0.180766327280528 0.0690151740427014
0.222154782702749 -0.0432387371135642 0.114346281994708 -0.000405839154421181
0.285091903893869 0.0515460203523814 0.0439633734393585 -0.0438523003604007
0.288254691283595 0.239032878455727 0.00451085069942381 -0.124074276451633
0.132470987191345 0.470646977048576 0.0906115759867141 -0.235118702953343
-0.153276109609985 0.382602234944989 0.190476149560881 -0.298788615568427
-0.229827757803911 0.21399972081393 0.403408113471466 -0.338810014401538
-0.0695210878800319 0.294613479737611 0.512178736531359 -0.14980552071905
0.162350348543761 0.16719316636499 0.0314506083620686 -0.366462287444972
-0.017528170240864 0.0446251861102692 -0.194554064549319 0.191863866739304
-0.0510462453746505 0.235345312406971 0.203112480527212 0.281827820042165
0.187498187941927 0.359304457813245 0.190739798899422 0.121298161220675
0.358507877787328 0.128280563229924 0.209865081169337 0.181642945576215
0.289448904300831 -0.0545625150338777 0.283558847686498 0.182922936951122
0.192352832171674 -0.115592388275516 0.303733521506693 0.126995096666842
0.163208846126582 -0.107718701060504 0.258005388450065 0.0385653234157057
0.160544344841909 -0.0773214978657129 0.189937609742001 -0.0102257147701708
0.223258468801439 -0.00359343378490949 0.136018220654535 -0.0324516593598604
0.241930165707478 0.183907908003828 0.118898064279713 -0.0661755731359059
0.049977115293147 0.389433231490631 0.16616097591208 -0.119667625938718
-0.203331424782595 0.214373380515195 0.226535779559653 -0.220954550938748
-0.133912482250062 0.0430059222319273 0.485971276745207 -0.319217380246064
0.0833993556528163 0.190240209033714 0.59764457532349 -0.175850797695258
0.217586261479314 -0.0325815848260912 0.0589752855652488 -0.382775184357213
-0.0463427809984331 -0.118415159161601 -0.0954550086782243 0.106974443565801
-0.105849074688451 0.106140841112946 0.175435499914995 0.189124557611279
0.104564379762629 0.239506328178264 0.184927612210898 0.150550961209169
0.227717921073992 0.0431794343823951 0.300896552072977 0.18845027162216
0.15255041135789 -0.0887078528583977 0.374551131123899 0.126183732618332
0.0815658707743417 -0.122937956634334 0.36595590333561 0.0684955540813495
0.0770313953949247 -0.128093430110895 0.299862808057075 0.00391637560606436
0.0805726595894844 -0.108417507904316 0.239353726190407 -0.0325641843527456
0.155554983284945 -0.0645005903388516 0.208817882492774 -0.0310365353188515
0.193280564464992 0.10857037831439 0.208345239025566 -0.00198374847241212
0.000618129927418224 0.261429363629968 0.181627245990321 -0.00556648875337921
-0.16188955091374 0.0349825980790238 0.205026106491318 -0.171615218493653
0.0361406999197456 -0.0798267661506436 0.546863591062589 -0.312955150374528
0.243201194488118 0.101066386395787 0.621858078884222 -0.173924660388155
-0.349251123257307 0.062643566731484 -0.566675158927818 0.0245155440166051
-0.188885493179182 0.20846034501218 -0.727361813921198 0.352319187968154
0.0321205312381289 0.101395378723749 -0.156351870586301 0.261097439294782
-0.00707236057068338 -0.0756788423846633 -0.0719701324655585 -0.0745510583534221
-0.123249366087417 0.000680268837608139 -0.258835763808987 -0.0914135747075413
-0.0679515286702573 0.103566268215725 -0.275317973996163 0.0524797680461527
0.0146357716110014 0.12393937992635 -0.248953012045622 0.0789396695200838
0.0253649196880031 0.123596841258257 -0.262593792699611 0.0370755752116852
0.0342125432879134 0.106024575419833 -0.352230643412586 -0.00366935315202877
0.00230716601993735 0.100964889262415 -0.37169224187059 -0.0624537079395472
-0.0666800191145349 0.0214829977081397 -0.329325313661755 -0.127821122693227
0.0110040729670456 -0.0974944182025198 -0.242685408644922 -0.154467367378082
0.167976700469205 0.0287373047910863 -0.157509611676497 -0.141187774037519
0.0181461263638107 0.255199615143663 0.023293386838862 -0.132309810587368
-0.262996375055461 0.202046395844683 -0.0473237707698339 0.340008937105312
-0.387094126020517 0.166115658239479 -0.476203650802291 -0.00619149311886486
-0.298415063735703 0.275791401677105 -0.764941608738697 0.354397416774292
-0.0596855500003455 0.24731388389457 -0.137382685661848 0.3579526787388
0.0178995629923843 0.112368790934323 -0.0259919243436053 -0.066645866995223
-0.0147518856871399 0.102019466128491 -0.275653720403173 -0.0987611754715639
0.0416659189016384 0.136773018386385 -0.296456268533197 0.0897126321555615
0.11682402039253 0.117513497070581 -0.238087591740394 0.131885693929638
0.123341782815166 0.102260456012722 -0.216537321256037 0.0722737472688129
0.140683141355272 0.0745280475527653 -0.302956887220377 0.0180384615839304
0.148456893803991 0.102646302543183 -0.35239190412039 -0.04619307895466
0.085739858023125 0.0993788781087475 -0.348744979111069 -0.137765142516487
0.113231855373916 0.0725070905530955 -0.236037426226844 -0.213808428830021
0.164540507337504 0.184459015075449 -0.106530048117305 -0.18746415851308
-0.0225922667212732 0.365957404552086 0.0523285517436088 -0.148373875840803
-0.281184857245471 0.353959499227051 0.0257247500321894 0.262613161999775
-0.343554528707817 0.29001394443561 -0.343344777328466 -0.045403288160682
-0.302164345211289 0.349650634601553 -0.731736964392651 0.372746091041666
-0.091649593886277 0.377446428440887 -0.0916104619011948 0.470456802437715
0.0727773643455453 0.303159886378249 0.0329140324271961 -0.00870480967200108
0.130822649632243 0.204410876253685 -0.247012674651782 -0.0598241957369265
0.174311327496863 0.147601954422763 -0.264419912370601 0.141007473631219
0.21046272312596 0.0854954522334047 -0.180663123568966 0.18017114350183
0.199310660818739 0.0671335543104113 -0.133389807226298 0.0960509881679174
0.217599299599182 0.042698993172869 -0.210571811775575 0.0228271314471715
0.259992537717886 0.100754850923367 -0.284248653234954 -0.0461323842298055
0.216783967874831 0.169223539259048 -0.320471940875677 -0.150150521548694
0.204609290058432 0.244414714348931 -0.204402658038559 -0.27253858374445
0.134839678744171 0.338556198102002 -0.0544623601929367 -0.256659928697049
-0.0903243326221338 0.439502028464583 0.109421460146862 -0.206996936081392
-0.277201816121136 0.44046720406004 0.130651110485625 0.148568995545335
-0.227792154316951 0.387971992077923 -0.206637250624865 -0.112229242242879
-0.20813481450472 0.394078039048223 -0.630125408675384 0.381843047055701
-0.0493356045730586 0.451904630119506 0.00157280702198379 0.53325809989343
0.163034429063884 0.433319769506345 0.101103763817026 0.054660932233627
0.286198802465638 0.263408162134029 -0.166368951457321 0.0136520179499483
0.29856507908363 0.122926833838911 -0.167774443670851 0.19111169640436
0.275136374121331 0.0326838999121344 -0.0774046652238403 0.208542374503432
0.241643599855459 0.0230659959994916 -0.0288818340441715 0.101172666152195
0.25607760910295 0.0146296686035387 -0.0988239763222098 0.0154576185426342
0.319321080768011 0.0974054983955712 -0.182434669336192 -0.0521915197024316
0.298504619823671 0.225050565597119 -0.241032974683933 -0.160007766622323
0.248093561782565 0.387347668493384 -0.13381650718379 -0.309488679224094
0.0647246468176036 0.446599238855469 0.0148270353240705 -0.316820056948207
-0.169809080753802 0.446817779992276 0.192337638049879 -0.278335905357287
-0.248571150544402 0.447386696596434 0.255239751145555 0.0237598168795872
-0.0765516710093783 0.408553901184202 -0.096304752311048 -0.205620496320094
-0.0865000177935662 0.351501629940034 -0.485020511301661 0.353885816329923
0.00355562034202347 0.435169059361306 0.111543126667254 0.508827209672209
0.233550250451181 0.471400144743073 0.160326588994457 0.0913111977075046
0.397482631790074 0.256344535799422 -0.0447593302668778 0.0893765933138488
0.371790521262086 0.0654770040921807 -0.0199363253102932 0.220747902639752
0.295826293290803 -0.0288334156370082 0.0551315254540236 0.207063734515609
0.246452378050122 -0.0249897838382459 0.0800502551016199 0.0899477251092674
0.253214754986273 -0.0123028068669334 0.012732424599674 0.00635469756207849
0.320797265079558 0.083644179269268 -0.0653752059852708 -0.0522508241596955
0.316095524366872 0.249307739990064 -0.124087877941434 -0.151748311780574
0.217282383752063 0.468434343672632 -0.0256166703028647 -0.300731462120759
-0.0444080070739437 0.465339619414326 0.104106299667694 -0.333450375047475
-0.229693648393954 0.366251757387674 0.294367387205538 -0.327108548289377
-0.181124483180246 0.386678763230815 0.386173355800865 -0.0826269601714705
0.0630504920472555 0.326629548830301 -0.0201662759564613 -0.297804994321622
-0.0189376331419215 0.216771182400891 -0.32727106145486 0.285761752766117
0.00224611233770559 0.347232907980599 0.188948619748733 0.401458242839248
0.241122074460349 0.434705525047402 0.186868165244889 0.104096662793322
0.418745552901096 0.199548803467755 0.0884542758421037 0.146186562246418
0.366364305413683 -0.001275578671276 0.143684732205757 0.21535681944112
0.266253127589885 -0.0811029293178027 0.191345803326086 0.175577156892732
0.217290580992221 -0.0700433790615974 0.178598540550892 0.0668819077832766
0.217808201965428 -0.0423270604392673 0.108929636503087 -0.00139280367835963
0.279488673611723 0.0492518950193079 0.0436295364670468 -0.0431896924441636
0.286686877269332 0.231410952557943 0.00259545070294589 -0.118090653469809
0.135865110622001 0.463800748668627 0.0881726458527341 -0.230850973414155
-0.150940571528775 0.375586413116677 0.184697279543359 -0.290315001270542
-0.228676110037888 0.212041510278488 0.396272318540755 -0.333409421962991
-0.0675474775013025 0.286963402216341 0.505640359698567 -0.151105110499321
0.160242871569135 0.163517333262271 0.0286791706774848 -0.359832137464009
-0.0195701013967995 0.044500054481282 -0.187463553520088 0.193662181578095
-0.0491771535790044 0.230109929585648 0.20479000449375 0.273643260752164
0.192024177178414 0.352432618040891 0.186127998156338 0.117554581052241
0.353409535537009 0.121498590634533 0.20775118080909 0.178369850822701
0.28209949799929 -0.0570376060882209 0.283728806393588 0.177803135792387
0.188671591587898 -0.114318445350836 0.302251194119597 0.123594691903923
0.15678626528275 -0.105748761972879 0.253431380736207 0.0363804847928414
0.156789435144417 -0.0760637064245332 0.183304947284537 -0.012070895750359
0.217470082785019 -0.00427314248788432 0.133875841917815 -0.0320975423292248
0.240194021723088 0.176256096427553 0.11581513563904 -0.0636117018787143
0.053765671003697 0.382607304442652 0.162972169238156 -0.117965333962035
-0.200697145036291 0.21133696099734 0.219886103202731 -0.213463406503183
-0.135280628264287 0.0431514405105921 0.478587857229639 -0.311986938980553
0.082204862513495 0.184246399557918 0.590936559203361 -0.174608928177813
0.214062442451531 -0.0333762596446864 0.0559951977522397 -0.375374016837562
-0.048623802502639 -0.115544667733958 -0.09068157366389 0.109247551006415
-0.103916102292436 0.103997822117368 0.175634271334049 0.183328726761484
0.108439520260774 0.2341368707909 0.181332544178104 0.147557840239487
0.224457207466917 0.0385306604179102 0.297986132417442 0.183445032473221
0.147454847502078 -0.0889720839303926 0.372164796762616 0.121291981277286
0.0788643684805231 -0.120373712366499 0.362430481331399 0.0651156449860158
0.0715571464255807 -0.125360468967087 0.294525551741899 0.00129164316756142
0.077731846411324 -0.10616949638577 0.231887526500458 -0.0346569073226849
0.149703080409415 -0.064315918100905 0.205270921403857 -0.0326137515639633
0.192263582279934 0.102739486658694 0.204263268864273 -0.00244978123386183
0.00404656675175613 0.256338614737126 0.179234940043992 -0.00449555455620291
-0.160633690260293 0.0357986159725933 0.198820274925678 -0.164788621640509
0.0328210213067673 -0.0785661246313195 0.538149048228009 -0.305457169040665
0.238150150898417 0.0978205612758118 0.615589780117387 -0.174104083736813
-0.290703442179555 0.200643250122467 -0.519420550305927 0.277617239118437
-0.0719078537258947 0.267015291474456 -0.508657348462959 0.643074826766303
0.0752223679873037 0.0780825657629278 -0.0234238704557677 0.299518721323507
-0.0387359066397902 -0.0633163184218165 -0.106382561532771 -0.0419826738494138
-0.109481041656063 0.0564115728883267 -0.279825415454088 0.0366663165624536
-0.0159536128459552 0.125325378997311 -0.22364645692271 0.172209278696593
0.0658582727800665 0.105855225826396 -0.188213023455285 0.185277156318001
0.0788700854186189 0.104475819424017 -0.223060993985178 0.14976267577944
0.0768718440252879 0.0823366663429673 -0.323782481810933 0.154778309818713
0.0460793198741787 0.0923365223017742 -0.369062960292122 0.110173953794551
-0.0537159260962136 0.0515484191193069 -0.357777089303478 0.0244729033037618
-0.0369181405522844 -0.0923395323144313 -0.279987052727945 -0.0378393768469219
0.166243938921411 -0.0480607048732849 -0.200547764382733 -0.0534655346397153
0.130003470135347 0.225904512193174 -0.0518690292659129 -0.13056065722411
-0.152918551389936 0.31278083920572 0.092212850706662 0.315571781302531
-0.284499285575278 0.309884264534266 -0.444991355771836 0.215291519511363
-0.144409748475312 0.372204493320634 -0.539871305141086 0.665799221025108
0.0507892065610735 0.245747397733915 0.0408371597230137 0.385239298498078
0.0603105017257563 0.0930028452346944 -0.0528967769465084 -0.0494459372792008
0.0293662314585936 0.102832787878635 -0.29431465625127 0.0359626168638223
0.0977794878432934 0.109191228477448 -0.224025070930557 0.213854973158095
0.156191293410148 0.0572880446259975 -0.150462888463635 0.228054058908508
0.161654712412292 0.0435335953257093 -0.163057294392271 0.162657154939615
0.161897471027293 0.00925960769082805 -0.267685403562537 0.154811360073442
0.18099375359775 0.0310862921508262 -0.339884408988292 0.119475406696313
0.122045571722094 0.0583648319986273 -0.379883594200076 0.0320918722144506
0.131512367644829 0.0164211611168716 -0.307465545463082 -0.0835087259649016
0.229113318649564 0.0980933946128445 -0.181871101585849 -0.115484211265402
0.140102483618948 0.34625177117413 -0.0377794244511306 -0.158430559639706
-0.0990049127181501 0.462860716506721 0.11929546967483 0.209776378489041
-0.198461795593481 0.404938248299578 -0.332106343943113 0.12352567439247
-0.119681941773553 0.440393957131361 -0.499122599898668 0.669916760471124
0.0745744956635882 0.374933336244379 0.137585296130739 0.470100513567287
0.189193597578161 0.238586794525628 0.0352932118590144 -0.0181265976676688
0.203849447085062 0.132860883025996 -0.244225828397761 0.0559538156504075
0.222889942859145 0.0623179039751492 -0.17014143232432 0.243410481257032
0.227876449225463 -0.0105988251063696 -0.0741239937807393 0.243923486027025
0.218079478403489 -0.0198030603805629 -0.0764946076516338 0.146951755792578
0.220006152820322 -0.0521692525595606 -0.181999040609428 0.118465489697143
0.283970626675703 -0.0175506465205303 -0.276489718237963 0.0920647012455696
0.275567822543848 0.0666137844470828 -0.359925296220906 0.0149638701798563
0.289956039403613 0.130768810374706 -0.312137225360951 -0.137038340234126
0.267942567302564 0.254534318143806 -0.171131183953744 -0.199774374022369
0.107935446462081 0.444524570685769 -0.0135051847876203 -0.239116118219581
-0.0571042308601146 0.539606728752715 0.162186389708346 0.0594196800427466
-0.0563403374550864 0.450294602627399 -0.22827892050571 0.0026920836390655
-0.0194328222823729 0.442911407857475 -0.398814705233994 0.631018357399374
0.141941049863092 0.424818043793006 0.25263471152085 0.487093385692555
0.324518299855714 0.317686135851783 0.133944947458619 0.0122884103897491
0.369218392858323 0.118321525544073 -0.133384748217933 0.0813989209230947
0.325691228802736 -0.0141096998351547 -0.0588981270786191 0.24331851975238
0.265318590102757 -0.085189125871393 0.0341544417041375 0.221237936044037
0.237345276306097 -0.0779529191201973 0.0221016813955677 0.105648450405685
0.243648292893232 -0.0928073018482552 -0.082959243182831 0.0629358924177197
0.337129573989578 -0.0453962796171685 -0.184744313856014 0.0418313438281098
0.374497841346371 0.0822628296297673 -0.293844894902756 -0.0216688452473101
0.391798501552373 0.241902033526525 -0.271077857391102 -0.193774822873923
0.250263315976006 0.385855107738712 -0.139691211317007 -0.285901887948015
0.0394924314406853 0.487187330909267 0.0323981820948878 -0.34378061927966
-0.0269000891548888 0.531166739090208 0.22350811664865 -0.106969597937607
0.0891240659055995 0.409045467294553 -0.162738682789792 -0.134975997429088
0.070843531721088 0.353673186066577 -0.275236664302633 0.539575192255493
0.182299846675784 0.388128499839723 0.340671803642475 0.413028266699349
0.404433206615937 0.320055920815777 0.208322775635068 0.0192522191824119
0.465870365868412 0.0640581526749062 0.013212085265867 0.091847648446827
0.367206861559328 -0.0982028987830126 0.0894822219953944 0.201795344429973
0.25819332827895 -0.149485582972831 0.155018817742949 0.158815214589888
0.220009675031201 -0.124622123599689 0.115997851811049 0.047418808370603
0.230140737644368 -0.116780504397637 0.0139015584529848 0.00536815486047802
0.332618430223906 -0.0589218410275002 -0.0785801206955246 -0.0095661037302836
0.402285516738263 0.0970337020593235 -0.184979100015896 -0.0642391475954221
0.400604707738337 0.326591193421731 -0.174390225458545 -0.231743937760113
0.157108528158702 0.450117795194001 -0.0685580000829693 -0.34180579253978
-0.0513266887611643 0.438286023627981 0.110170881971805 -0.433489696139455
0.00914077290837896 0.442092537326152 0.301863896913238 -0.256753159838737
0.182619108497802 0.278876528770253 -0.130353626956221 -0.259370038409109
0.0750483529115088 0.204739339128075 -0.1644640200284 0.407245026304098
0.14336948170956 0.307604967042639 0.362319260002423 0.282912185939649
0.397729654257776 0.282582879989235 0.238296980435051 0.0186784691580852
0.460895829462718 0.00235792326176328 0.159294774138405 0.0827206330995406
0.332396689603138 -0.15966383064785 0.234509449063833 0.123055719598895
0.208820693223173 -0.184447774331483 0.263711265629926 0.0687050816824362
0.172711172317951 -0.154378711097063 0.195173316017848 -0.0171645098507781
0.184843087625148 -0.12961995741703 0.0978967525910821 -0.0449995467796996
0.278639527630585 -0.0727748950673899 0.0249922296178917 -0.0514277164697919
0.36697900315895 0.089861592468337 -0.0548631851762919 -0.0900601297339222
0.325348667378213 0.356799479227134 -0.04311783743304 -0.221978514851685
0.020836936613531 0.412412820418982 0.0258991650996997 -0.340998615976809
-0.11659348087445 0.294853682878403 0.209445380943075 -0.481667919061072
0.0707022270967488 0.295414501620932 0.388272870390248 -0.362133598834023
0.207255662660646 0.0902178291449601 -0.11564482041948 -0.344673319169443
0.00205772386554386 0.0493255731747328 -0.0812131414911951 0.260304455995754
0.0475195412411102 0.224311616480976 0.314746086896568 0.162280359082595
0.319585515574455 0.22959042132375 0.239429859098017 0.0310852417837356
0.368662684161671 -0.043029457985321 0.278455577716292 0.0581408143367312
0.231620086419478 -0.174295445932453 0.342826037133988 0.0280235597689842
0.12473615250492 -0.181365887402494 0.337720302140637 -0.0276875389552372
0.0997318696012269 -0.162369990604357 0.249054089252872 -0.0791456871097464
0.114046934575472 -0.135016574934205 0.160132731862936 -0.0889163806165545
0.19858472280956 -0.0956112411816549 0.11160417515362 -0.0841246740260309
0.300376452968462 0.0579995353073277 0.0728014901979942 -0.0935704169082085
0.217859584846299 0.320527170597505 0.0760805495019774 -0.158939192118873
-0.0953395832669955 0.282067258661722 0.0967244377529131 -0.289548481802237
-0.102019724186154 0.0974207985329553 0.302494669379623 -0.493082709432263
0.16515617264596 0.130484316512062 0.459024126776111 -0.411639584719688
0.177634978893117 -0.11232821165271 -0.103216449496595 -0.377157304963198
-0.0897392485784421 -0.0838472648404935 -0.0347837515318207 0.14077296590084
-0.0541440948949318 0.132381796077482 0.242199324365577 0.0943179746985701
0.19651289439177 0.15812875456026 0.241061612591085 0.059496590403357
0.217064691814573 -0.0658639219668745 0.357767965024261 0.0255015380476603
0.0939073922181657 -0.147151586296472 0.393935815629118 -0.0599634419709569
0.0214854101206565 -0.141633681172094 0.362983289267728 -0.105705861660866
0.0103781785193123 -0.145912318358708 0.269297614761584 -0.129769571676726
0.0279769727584736 -0.13057774423997 0.195098001376044 -0.132866402532244
0.109643218865435 -0.121884093129371 0.175398489060294 -0.118846324731751
0.224452581138259 0.0092696517060489 0.181399673578101 -0.0815940036865263
0.119158878515578 0.229915807226086 0.146513095906145 -0.0706473762717912
-0.133647615360145 0.102145898815764 0.106113122417725 -0.235267707156281
0.00218977955775809 -0.0889606359384421 0.36592713123954 -0.503723578245852
0.272845929830583 -0.0215522224311869 0.486005447682917 -0.412714871751302
-0.294288005687952 0.214026799823975 -0.528328355966732 0.299299386755326
-0.0646170090259326 0.276334140624845 -0.502725962531097 0.672731863410665
0.0800888827167741 0.0778034518961531 -0.0165518432455008 0.301977912360436
-0.0437314143851985 -0.0639840140383253 -0.11462976382872 -0.0430089566871977
-0.11064773368523 0.0610445042256095 -0.287528948173121 0.0469211055505805
-0.011441834648761 0.128811526415519 -0.221539622519844 0.182656587240386
0.0722495832984077 0.105526418208036 -0.184533696387226 0.195924228732764
0.0867047343237886 0.102877728241995 -0.223962362818699 0.159165491184074
0.0827607185931823 0.0807606645934092 -0.326346813180245 0.169282835867697
0.0511938801432163 0.0917763850684216 -0.374342190150554 0.124424994698261
-0.0523083912538077 0.056791083801936 -0.36796500184522 0.0346373803960944
-0.0411848305343039 -0.091655367475242 -0.287077310384336 -0.0299477685481792
0.166709199476221 -0.0558173607303291 -0.20413638950322 -0.0503482970861619
0.141829186850122 0.227257269995199 -0.0611175230089026 -0.132835389024008
-0.146909445789969 0.324074964230658 0.105712022115282 0.320190836494268
-0.286623653710807 0.327120620354667 -0.451742209497104 0.234437442616529
-0.13763687219814 0.386552587176592 -0.533762580864306 0.698141554631592
0.0598162410741599 0.249115003507848 0.05217851677252 0.386296214390393
0.0633760036320495 0.0922635651983505 -0.0609094810784228 -0.0514611457592741
0.0321817511251325 0.104313924603018 -0.304707077622124 0.0476654371481372
0.103536821966143 0.109145833510452 -0.221503445388152 0.226775429264143
0.163330326707169 0.0524946486873502 -0.145220778983311 0.238775122004259
0.169622620996513 0.0385428732061361 -0.160959828434993 0.170468043370495
0.16781949750746 0.00379583165094692 -0.269050482143838 0.167748575517779
0.187896985255526 0.0251364110058604 -0.345009522882147 0.132994248079173
0.128267073198384 0.0577686603710252 -0.388073202133709 0.0452119703734802
0.136029759997808 0.0150142241796161 -0.316463256611419 -0.0762166116814524
0.235277384417392 0.0936041917531522 -0.186326491019592 -0.114666818522521
0.154951455914709 0.351518045807045 -0.0463893282641123 -0.161322471541074
-0.0882370629907533 0.475585406308231 0.129760874216301 0.211348923549149
-0.194311258926058 0.420846696540831 -0.337583805011909 0.139028632701073
-0.112375061404854 0.454625121726877 -0.49168209733473 0.700919683960054
0.0869038706389999 0.380295023419799 0.152809146612422 0.471095340986388
0.200079836375922 0.237378820913796 0.0310641452792394 -0.0215914907331587
0.211156815022459 0.12861591158468 -0.2531152799979 0.0673594501178212
0.229786653151763 0.0572147966329589 -0.16575294255751 0.255531018373605
0.235147608409671 -0.0198056181733164 -0.0653534532673536 0.252779595604737
0.224766504969535 -0.0276820516026899 -0.0718169639696169 0.151355497568438
0.224869199093298 -0.0601588627148386 -0.182778392196193 0.128167492704652
0.29104430619658 -0.0282728775726454 -0.280092403763707 0.102529885750401
0.285585453363806 0.0604465396449713 -0.367900431606696 0.0291737306828719
0.302715164478721 0.125857035849044 -0.323275482525865 -0.130975956340609
0.27929626320411 0.252747524670249 -0.178749871695812 -0.200101523184608
0.123766342373138 0.454871249179064 -0.0231231549889308 -0.244212818652436
-0.0444317920309988 0.551450768887593 0.168143302203495 0.055018727093867
-0.0453134401089538 0.462145837021297 -0.234458406355973 0.0114569839812846
-0.0108576550591118 0.453442035396894 -0.387881297132372 0.658418324303071
0.156452921106052 0.428643830432011 0.271329167260189 0.483755334540928
0.34212089837747 0.313430607759477 0.133303918366094 0.00702980344141743
0.380393799027768 0.109802069810655 -0.138170654047479 0.09107920617916
0.331600641822917 -0.0246284417752359 -0.051385343398136 0.251779056574868
0.270494184160505 -0.0973986765317771 0.0452781049826338 0.225796329787644
0.242614349683616 -0.08667887030457 0.0274526510837456 0.106076126892545
0.247304321985864 -0.101873470473293 -0.0838297656005012 0.0687798599541606
0.344791264384399 -0.058307182179657 -0.18749643913684 0.0487246952526134
0.388434773507465 0.0724955526828752 -0.299098417091133 -0.0102385741807918
0.411494301463291 0.236415075136403 -0.283076839136457 -0.189770516206482
0.265454180308432 0.388308092204737 -0.149012514827157 -0.286307104238521
0.0529347913984491 0.499261136909111 0.0214569434894117 -0.352197656416248
-0.0148793771270081 0.542107509504197 0.22647543937013 -0.117658700207016
0.10333140829131 0.41609704357458 -0.170235711469824 -0.131471610846096
0.0795087703462797 0.36184113588762 -0.262951382531079 0.561362372234748
0.19611753701593 0.39010051311452 0.362059404932359 0.407226892279233
0.426185920164866 0.313443660806392 0.210006120265189 0.0128165013712449
0.477409927319717 0.0491864665718314 0.0127544135441323 0.0966605382967319
0.37191422726446 -0.111281853113871 0.099636095047149 0.204272068129059
0.26136778552293 -0.162326532367166 0.166979148672148 0.157416288054528
0.223208202921463 -0.133194547485741 0.122011801278823 0.0437816184702668
0.232741290926763 -0.125545196616734 0.0134972479555677 0.00714193655615219
0.338203231623599 -0.0705023689324825 -0.0802055721677492 -0.00680218723393617
0.415472572021025 0.0841590089906058 -0.188416815759259 -0.0558820919841505
0.422517204419596 0.322020092339812 -0.184177522175152 -0.231834639226039
0.172490837505801 0.456942777212865 -0.0775597527814349 -0.344955924542158
-0.0412969048059077 0.453221078052286 0.100547203172396 -0.445964331600469
0.0189710428105567 0.448150006778539 0.301872731540223 -0.273644245340603
0.195965061498104 0.27973574176243 -0.141096848305135 -0.260683296268844
0.0802835108829797 0.20952205846517 -0.152012651586663 0.421344961966803
0.152926187706469 0.310321778472262 0.378769728510618 0.273879835506701
0.418559221845408 0.275322843325352 0.242287836904924 0.0121917477699025
0.472561078545737 -0.015063339410398 0.163606418724513 0.0819075246714211
0.333584836189669 -0.172767269173753 0.246502238809223 0.119095804860923
0.209451602918123 -0.19674793578304 0.275599198596775 0.0610582515641368
0.172124909189065 -0.1615166999296 0.200518142610778 -0.0242834677031521
0.185215045632037 -0.138217168702559 0.0972265114443927 -0.0465844098295661
0.283190284929982 -0.0829488710056952 0.0240736898868353 -0.0530057350648572
0.377753756428819 0.0777975622246699 -0.0565004635126634 -0.0865739942628964
0.347333466231385 0.354449945127735 -0.0499538052637406 -0.226166633749924
0.0300535757582403 0.423961770579504 0.0190685076163459 -0.345766124500315
-0.113299053471522 0.307085516385076 0.202309955357446 -0.49762582954981
0.0775913909716257 0.297771816275454 0.387179129083693 -0.384145463160259
0.215274517204896 0.0858029443851841 -0.128474663889365 -0.348848848382252
0.00109595049506551 0.0525297593381243 -0.0709850658380583 0.269081573688743
0.053924116705603 0.227534687544657 0.326930951366363 0.1527270944386
0.338513126365727 0.222720243690792 0.244444498037167 0.0247790025718951
0.375819686075813 -0.0584492620922267 0.287319661036591 0.0511852749015339
0.229992943827128 -0.186580144197653 0.354248360662385 0.0168767739689724
0.122217376361056 -0.190018762178584 0.347925713460346 -0.0402199320324908
0.0954380797083952 -0.16709488359663 0.252956019789292 -0.088930152095954
0.112295078874731 -0.141760930936541 0.159092562052646 -0.0940717901381555
0.199713221944576 -0.103012918580893 0.111274123142203 -0.0902564441192569
0.309101434252036 0.0462060574266532 0.073142454092526 -0.0946828639296474
0.234631038875833 0.32037605881813 0.0749550946139073 -0.164639811179589
-0.0917425462669091 0.29329660911332 0.0922821281425546 -0.293657444646402
-0.103850960814269 0.103902717829059 0.298886477354432 -0.511031006190466
0.170577661053088 0.126738520929893 0.459564485091001 -0.437574679361613
0.178723556916548 -0.12066174299043 -0.11685831796967 -0.382433418857306
-0.0959881689877071 -0.081536217575084 -0.0274242198118453 0.145051158920947
-0.0529799781640217 0.137146889529501 0.251312713811602 0.087113020547474
0.209070336056055 0.152933476801341 0.247026809476747 0.054416174219433
0.219723051301352 -0.0755863097744277 0.367594564924137 0.0144820964530731
0.0899449033730641 -0.153371068055306 0.404024133924987 -0.0743350989419138
0.0169352763527737 -0.144787724838513 0.371242578692256 -0.120870046596641
0.0039946689479922 -0.147744344608163 0.271427672132894 -0.141031127176368
0.0242097777837039 -0.134107664772722 0.192544278558244 -0.141017595087288
0.10714494340173 -0.127295098768523 0.175424338589382 -0.127756748067085
0.229695026627176 -0.00156144632345429 0.184586778925807 -0.0879117720458589
0.130870556183118 0.230545771557395 0.149762613333794 -0.0758634119855318
-0.135454685160857 0.111033288177818 0.103171579822309 -0.238273576424025
-0.00168771280380643 -0.0901504888507177 0.364452186645496 -0.525098453354332
0.277592225460545 -0.0309682408068212 0.489034621779923 -0.438785942729696
-0.287220745227859 0.232921166341472 -0.520256123744564 0.334977531483378
-0.0487839340927061 0.281464242060607 -0.47235086606149 0.706993904822686
0.0863781524317186 0.0734364647064894 -0.00152616806728864 0.300927995833672
-0.0495105420733383 -0.0626250382259974 -0.123098146409981 -0.0384665888501605
-0.108815342755623 0.0682036355483795 -0.291122543596749 0.0651502697198527
-0.00376571272614504 0.131488503355708 -0.212914685025466 0.198156507193736
0.0802217721514917 0.101522482508686 -0.173603070530334 0.208812740956463
0.0949175912092868 0.0974794578256676 -0.215987582201184 0.173942515290152
0.0894351643901993 0.075202126090073 -0.320631993152537 0.190548899873805
0.0591342075886664 0.0887075842327024 -0.372571255373923 0.145788582447746
-0.0487511462369121 0.0628029142434886 -0.37199064992444 0.0545151298062115
-0.047585102810966 -0.0890175034610747 -0.289677266437858 -0.0128430832612825
0.163061782568324 -0.0652039687645916 -0.206535602751528 -0.0428449641132035
0.158080240221425 0.221501135250574 -0.073850576492346 -0.130525657286141
-0.13017288583076 0.334751171200047 0.126975290656217 0.317659954777468
-0.272168532174183 0.345529109751247 -0.444622368030552 0.264544617903501
-0.118305669206937 0.396472846914543 -0.501876145037276 0.733750264910993
0.0747517372229962 0.246397214483498 0.0715421261412627 0.382450565290173
0.0673551302851009 0.0879836521301294 -0.0693996838815158 -0.0514194942478176
0.0367967217564914 0.103266600760977 -0.309260600096692 0.0679466045557662
0.111271262896706 0.10479647111662 -0.210899051408677 0.24234618697939
0.168808627712234 0.042080944828959 -0.130388670195535 0.249610480570219
0.175842875823228 0.0280607459332524 -0.151665900387905 0.180564117433166
0.170746810766759 -0.00687282271610592 -0.261748073988608 0.185803907258581
0.192909290067872 0.0132342956707894 -0.340854491870903 0.153937621821163
0.134635610608421 0.0521937351073654 -0.390964988002909 0.068472938418247
0.138489007022329 0.00820830642608154 -0.322629095180059 -0.0585903959361078
0.239906176800891 0.0821022086614735 -0.192889346670535 -0.107316465615352
0.176223730039747 0.347237975746296 -0.0596996135608286 -0.159795489930069
-0.0644336260910636 0.482073642603234 0.143426884898584 0.206562658271196
-0.174625704354154 0.435193582169164 -0.334541411241987 0.160795637757495
-0.0904544577528889 0.465841774040708 -0.457861038241767 0.735950548736137
0.108878804957938 0.377458323979177 0.179418832965173 0.461438630208512
0.213820584243944 0.226636925589339 0.0251545122804956 -0.0256417011706844
0.21822929792533 0.117813185525202 -0.25726908053399 0.0857965973983397
0.235015556006046 0.0448334164469687 -0.15302858177668 0.268748331722639
0.236806389124053 -0.0346661408155767 -0.0490647209321874 0.258329518915029
0.227809469391721 -0.0412348510677209 -0.0621544576192241 0.155665214276621
0.225134162704891 -0.0733487109663618 -0.177164295239947 0.141103517381699
0.294393340764141 -0.0466544181318788 -0.278195143802031 0.119761425018857
0.29352996282127 0.0454919495500974 -0.368331345151316 0.0523444585496764
0.314468534308989 0.110951022465997 -0.332965284829885 -0.114236329950073
0.293571585961265 0.241301915963182 -0.18922897471079 -0.193512925281195
0.148660274021427 0.453408291680149 -0.0395214003241115 -0.244034588749281
-0.0154965409098245 0.558305236582805 0.173850438098938 0.0455983235377144
-0.0221153036995711 0.468831282308504 -0.236216116591434 0.0263805422860564
0.0122251153104574 0.460070077386835 -0.354896480808409 0.685861939432185
0.181351691690604 0.422955106409633 0.299679548476196 0.469406425330396
0.363271908216005 0.295829104897228 0.129940878856653 -0.00207789041706317
0.388618956882432 0.0884512560912954 -0.139366138535424 0.104348933001267
0.33289036855819 -0.0437949488287227 -0.0365786218420003 0.258603413927898
0.268676971289386 -0.114946062873673 0.0621509645724413 0.225218508535432
0.242459992152169 -0.101162737308916 0.0356875505211382 0.103765661669473
0.245003932103333 -0.116061547986337 -0.0807493884727917 0.0754738734472378
0.345684170968785 -0.0792780761780325 -0.187112579247633 0.0606275462804594
0.396964207770753 0.0514456296307057 -0.300612257244751 0.00971215712953369
0.432226138478317 0.214899444952229 -0.296144575926045 -0.176617096435375
0.287441718186347 0.379123244100024 -0.162803326420839 -0.281013538990447
0.0780539805243599 0.504565097331519 0.00152432562522972 -0.354973222966665
0.0129193647534777 0.546321324146694 0.222298821276088 -0.133247112383735
0.126500896909875 0.414683781694794 -0.179280328703201 -0.122103676408239
0.0970356459805411 0.363115986627413 -0.233661412020461 0.582246392706273
0.218972056309267 0.381514479979997 0.386440712282939 0.385977635069404
0.449974344479668 0.291714310551301 0.209057374096496 0.000729622424577614
0.484019262453446 0.0218393310910957 0.0145582851101506 0.101284106372537
0.368179063009804 -0.135323272691736 0.113728584393917 0.201751827897055
0.2553537453982 -0.180001853709854 0.181234735525771 0.148906287092068
0.219289365833283 -0.145617705210044 0.127650631691555 0.0359554403738039
0.22826095069852 -0.139267714725019 0.0134679207450399 0.00849052983891455
0.338763463454449 -0.0908095963509926 -0.0811158133682616 -0.00245407188630637
0.424842988475075 0.0613207258988961 -0.189942789265546 -0.0425887894390918
0.44787046883489 0.299782388428443 -0.198425771782903 -0.223698503827164
0.19687818615111 0.453554562889928 -0.0937715421096581 -0.342378152905861
-0.0190517298721975 0.462588910159549 0.0771470154812802 -0.453794842812182
0.0416315428164574 0.449904551899643 0.291145663582656 -0.294653859187256
0.213275335822266 0.270591096284193 -0.15632038951209 -0.254312297965433
0.0896026923925046 0.210053666081688 -0.126900032928739 0.432675350876696
0.170865830175376 0.304344208473525 0.39628018890869 0.251998852079039
0.44135596907022 0.253153869589017 0.242866018450227 -0.00120809356848576
0.475241614608531 -0.0421343281678118 0.167666969993077 0.0758458080383366
0.326179442234137 -0.195002834957373 0.257725858999402 0.105660158011123
0.200272751179961 -0.211037298306138 0.285047476081451 0.0448686858703249
0.165277340607588 -0.170472167318047 0.202025041484846 -0.0366131566251871
0.178356075031968 -0.149105749374202 0.0948247318937321 -0.0498895952353407
0.281225147238466 -0.100507134525158 0.0216887316858091 -0.0548268359758696
0.386466401714347 0.0542312817946965 -0.058679346253086 -0.0808109561322338
0.373049581528284 0.337118248659877 -0.0618527250279107 -0.225699937705449
0.0522926060188046 0.427230104123077 0.00318999185302529 -0.347283351116878
-0.100095413196111 0.318670918080796 0.180332288573081 -0.511739777723952
0.091912933358545 0.293829925567139 0.370768676878263 -0.41137471646217
0.222183299620519 0.0738281699600144 -0.148274859688089 -0.344253853970888
0.00208134761859019 0.0558428677906157 -0.0538184834658566 0.273540424574993
0.0654694447100476 0.227158625069016 0.337221400771199 0.133425009089984
0.3568339099203 0.20307871992968 0.247199635482262 0.0123698879282506
0.375875402470793 -0.0814649441600593 0.291427560811422 0.036780021384385
0.221023140733388 -0.201498075805467 0.360964662885899 -0.00454381399712149
0.112693790232483 -0.199367453363857 0.352667514132979 -0.0617166186601611
0.086543064696291 -0.171868661849344 0.250789083777119 -0.104728624837475
0.104757577436376 -0.149156211305366 0.15423057193859 -0.102032211168787
0.194657801924237 -0.11494364271284 0.107998864658279 -0.0973430116750899
0.314091803421669 0.0259989559290172 0.0716888950781048 -0.0971222894629223
0.258215485464895 0.308838525160303 0.0678149504696006 -0.169516875744506
-0.0776067036966161 0.30325711619147 0.0798133189513113 -0.297271612898338
-0.101538735198328 0.111481525253848 0.276763563000303 -0.531117819866493
0.176322855636842 0.116999615594058 0.442343663016476 -0.470367984921542
0.173835021314399 -0.133086470496389 -0.138820706260272 -0.379980588109465
-0.10286671261914 -0.0749369988345091 -0.0163687436028175 0.146235016937438
-0.0473591613849203 0.142681974547567 0.257711488602835 0.0727227213335967
0.222566209032888 0.138684552685433 0.25224367917168 0.0425560618369969
0.21722739979493 -0.0906217483556861 0.37211754141682 -0.0069849446514435
0.081384759941103 -0.160457482845546 0.405900825317024 -0.100199484704306
0.00846455081653919 -0.14708860321417 0.371709711956165 -0.144731617711356
-0.00632236030411623 -0.147076292375148 0.266761317865744 -0.158374283734162
0.0165305555354419 -0.136422835148519 0.184653985425644 -0.152463898138924
0.100469773529043 -0.133271780294793 0.169586172876802 -0.139494927118269
0.23103509024988 -0.0178400519359773 0.183674494051587 -0.0979704736596935
0.147264189620038 0.224293113909039 0.149104892424733 -0.0833686256228851
-0.130972593709301 0.121233083028232 0.0931869959126969 -0.240615522361079
-0.00769520000876232 -0.0913673280108597 0.342002489137332 -0.549218469488139
0.27715389214801 -0.047309000157189 0.471536806298805 -0.471876866532786
-0.270259238174955 0.245477906023123 -0.494434119685865 0.360138384394107
-0.029921119030118 0.277728095570452 -0.420717195223489 0.719886639057608
0.0908746534650779 0.0656673738943715 0.0146165363301106 0.290404464967229
-0.0541919569247658 -0.0591347236717003 -0.127405182758478 -0.0326400721038839
-0.103974961242934 0.0738781193824586 -0.284878568813033 0.0829442486238499
0.00509606534152765 0.129485499715575 -0.197023985465723 0.207331304829315
0.0856342308282195 0.0935184902982623 -0.154665218009119 0.215057972186761
0.101052670599555 0.0884912264510525 -0.201293376399182 0.183004626553664
0.0933790899785854 0.0665698692603214 -0.302525896207704 0.206959911658149
0.0647194569936054 0.0818670533053513 -0.357778438917776 0.164497269759432
-0.0422590268685155 0.0669394527320238 -0.364463592107533 0.0760410728755638
-0.0523950454278674 -0.0830378767201511 -0.283088732711689 0.00378770466703771
0.153852817502626 -0.073293387788702 -0.203591205081683 -0.032000150062196
0.170162501893645 0.206820675781969 -0.0840382621844733 -0.122918024457185
-0.109139107030914 0.333914000411387 0.145743281926019 0.304421591911568
-0.248006136790194 0.355387324092227 -0.423021833688004 0.287522730401269
-0.093808560090529 0.394855956546565 -0.450065151579263 0.747940490680156
0.0877486611108192 0.234490329113617 0.091096143292841 0.365862318123402
0.0694623205281505 0.0819242866309191 -0.0755720025208116 -0.0477873686482284
0.0401868526661242 0.0992700592674094 -0.303046120272099 0.0887928864156711
0.115307170148534 0.0967287689292491 -0.192762995869208 0.251809860992069
0.169203468717469 0.0291541866210773 -0.109613535792733 0.253470005475407
0.176315785608736 0.0156247929087595 -0.137491920117184 0.184961996050477
0.167592382935589 -0.0175467415231337 -0.244633757647159 0.198472004332167
0.191067111781848 -0.000594698136262626 -0.326945386324933 0.170914042088322
0.137335792857783 0.0450000518592677 -0.380065558680594 0.0921760122478438
0.137453355678953 0.000890943302008947 -0.319270784539036 -0.0381869068088813
0.237954586839889 0.0671398978590209 -0.19382966125144 -0.0971103437573212
0.194404052544472 0.330172756080636 -0.0716696351963032 -0.151761985456768
-0.0368449733190713 0.475438571455478 0.154884108532084 0.193592010756566
-0.147489967710932 0.436637012387381 -0.319011656654991 0.178449703390564
-0.0643117796831273 0.462554292332285 -0.407279234633269 0.746506680070112
0.126814746719174 0.359059662787419 0.199837902003099 0.438538775528794
0.221521463482002 0.20932548126544 0.0180342568043923 -0.0288146661800051
0.21946073065829 0.1034793499543 -0.251954757850695 0.104084462091662
0.233535954513897 0.0305016542134029 -0.133703758049354 0.274471495595391
0.231169222141851 -0.0497177581897936 -0.0291034407043014 0.257073280293086
0.22377454472267 -0.0555644650120558 -0.050725340735199 0.153952329361116
0.217194769977645 -0.0852305480952861 -0.163973775438896 0.149536210149033
0.286128983085762 -0.0648997780174851 -0.26585524258968 0.133863528602086
0.292447199970582 0.0275530249837007 -0.357480939812214 0.0756808476104774
0.316894786804335 0.0909586718190578 -0.333211352952136 -0.092958547189267
0.300014643150905 0.22073819789418 -0.195079620715581 -0.180429822219679
0.173504925351658 0.436474775751579 -0.0556002605458951 -0.234903382070636
0.0133501224628008 0.546784138936431 0.174056435851199 0.034311090727028
0.00485973003784214 0.459943568805203 -0.22933214399545 0.0407955687477213
0.0349037095409514 0.453195836353056 -0.307497703582213 0.691268999914789
0.200446227689603 0.401754294751181 0.317071213986871 0.438147537593535
0.372193661861492 0.268185531521111 0.122576270639978 -0.0109165567272828
0.384777958185063 0.0644453608914307 -0.13463967554425 0.115884080357424
0.324375852971506 -0.0622630074367103 -0.0196163836504764 0.257992147721241
0.257203841520834 -0.130861604440359 0.0776106330452659 0.216540831563473
0.23435306213372 -0.113754796060959 0.0420137391747454 0.0972081075791091
0.23380887625361 -0.127529516386879 -0.0738271844786758 0.080183112099478
0.33476878178446 -0.0997352975522909 -0.179740051347319 0.0705879041958718
0.394524102158702 0.0261224687771678 -0.290475013352319 0.0297915397388225
0.438500918095838 0.185673564477775 -0.299898511871034 -0.156251092710884
0.302101898346389 0.357338572993857 -0.173592625061684 -0.266510396001917
0.106380973846093 0.492055976605559 -0.0199107004006142 -0.346544071085891
0.0400991405177792 0.53182606831883 0.210647385411964 -0.143881005120612
0.147963402306872 0.397137857185175 -0.181740033381249 -0.108951679698048
0.113494112073772 0.353679481176707 -0.192787753105904 0.581562824867973
0.233467553771227 0.361309048485157 0.397487067284802 0.351573286723605
0.458062705816029 0.258413461373745 0.200866890118423 -0.012348727788393
0.475268066975558 -0.00688693086349011 0.0171209122821479 0.103826528540843
0.352318141044046 -0.153941658964694 0.125173925619422 0.192067966449127
0.240491070738898 -0.193773312430118 0.190479638325754 0.132845424424013
0.20864982888483 -0.155032072333849 0.128012339513428 0.025162471647257
0.215869381236778 -0.149196411300921 0.0139549334640123 0.00950900334875446
0.326690356068614 -0.110971093116418 -0.0797851559162067 0.0027340977581425
0.42194461231328 0.0328325713593479 -0.185164637473277 -0.027671657265021
0.459086334182546 0.266369876213495 -0.207297269991247 -0.208197797082952
0.216439045040864 0.436100210945666 -0.108622242121282 -0.328982035559552
0.0045346547890799 0.456395338094867 0.0508920078670432 -0.448576100812338
0.0626412589366996 0.435952097934463 0.268775986845025 -0.306739256104769
0.224325125365866 0.251422376038857 -0.167874126704998 -0.239814888883462
0.0975856829578532 0.203981392571907 -0.0984754461247795 0.428606149221409
0.183717023332559 0.288739836280942 0.399368760376528 0.218366252163923
0.450020579639719 0.220338526225455 0.234510679416248 -0.0151808312418464
0.463004828318351 -0.0710851356435438 0.165760330974722 0.0682862501167229
0.307854790188545 -0.210693784689154 0.260913194878396 0.0869707455442005
0.184570785448457 -0.220571793404002 0.285233139104002 0.0240377187076551
0.15331165187991 -0.175819126024644 0.196491439117146 -0.0499995196159415
0.166291231765559 -0.155960942535552 0.089934190169051 -0.0530253817065113
0.268377377126305 -0.115392128294775 0.0186847244613946 -0.0544773272986588
0.380780722481636 0.0278427116869877 -0.057887896817249 -0.0730406514357032
0.389432187131634 0.306964683258904 -0.0737804642268151 -0.217492177115022
0.0739970724967005 0.418675584890104 -0.0135612123300141 -0.337451622641009
-0.0816851611035138 0.320132088349751 0.149674185935966 -0.511874768663509
0.103399622182244 0.280623664430577 0.340996302336646 -0.425296353751104
0.222175217243979 0.05800275529569 -0.164687047392124 -0.330304072269814
0.00390055765289535 0.0575023296272807 -0.0351510670667221 0.268863528511331
0.0757346432016658 0.219745806438601 0.337214339658857 0.108199957880916
0.364283266565063 0.175084700724491 0.241177815329224 -0.0015595269286683
0.363681636457488 -0.104495674185137 0.286091272259437 0.0202258141451295
0.203963441742181 -0.211581669405058 0.356205848300494 -0.0269432945432199
0.0986845743042378 -0.203231708418276 0.344787451924851 -0.0857602028342002
0.0749699426183305 -0.171638733250924 0.23971912980288 -0.118712818527472
0.0931139557105569 -0.151494647204441 0.144083365039376 -0.107394400580585
0.183384188081167 -0.12429757921591 0.0996849241223579 -0.101921974975806
0.308771099664151 0.00320567464746288 0.0678826236454096 -0.0973196618946071
0.272847941516314 0.285625520424311 0.0576567048276556 -0.169657910068648
-0.0599369661786657 0.302753499917811 0.0638117675326015 -0.291753493051693
-0.095642151453193 0.116452539676791 0.244531236304572 -0.536309598367876
0.177862764422583 0.104199939665756 0.40701084288507 -0.488398027776193
0.162311773995553 -0.141927996728401 -0.157967901205082 -0.365102595028809
-0.105906343503013 -0.0651290233462186 -0.00540784931280937 0.142024238984182
-0.0392073828200034 0.143598330983944 0.256000291117482 0.053938065607373
0.227966421402153 0.119326626362739 0.249257844407391 0.0276205839339575
0.206628200391467 -0.103647622140161 0.363582764638029 -0.0297272688048627
0.06909979431626 -0.162485895366038 0.393612024530732 -0.124259157642455
-0.00139524842069391 -0.145010835588283 0.357746521136864 -0.167147309175453
-0.0161272370664189 -0.14167783861026 0.251680679067573 -0.171254317548072
0.00696433620768435 -0.134585373605928 0.169800348607812 -0.158814816123346
0.089443851217422 -0.135189993507032 0.157383419443637 -0.147596859386921
0.224283031555786 -0.0354070641166159 0.175772611392404 -0.106324503164909
0.159796761039895 0.21002838884774 0.143111707345077 -0.0894698218225328
-0.121894806501031 0.128001754499183 0.0793282853933592 -0.23606854831853
-0.0142676447410002 -0.0889934166218123 0.306541092644697 -0.555945908382388
0.267576885675567 -0.0616954994859743 0.439283455995114 -0.493338388393658
-0.251264075038688 0.245708967763489 -0.46589429910424 0.365839256942745
-0.0181269388116647 0.266993367619692 -0.378994096220325 0.705572048551881
0.0911086086321165 0.0572339371134301 0.0229125121339257 0.27516846745292
-0.0564623135652245 -0.0549410162014597 -0.127563378374723 -0.0282984623316752
-0.0985420853725034 0.0752640947294248 -0.273688854770534 0.0926351242173012
0.0106222688449338 0.125068184164167 -0.181414156539538 0.207982142608885
0.0870369994318227 0.0852083629617315 -0.13898522757622 0.212854363954575
0.102277395606168 0.0789486063931775 -0.18541653395239 0.183229191097689
0.0922170691492846 0.0588723065775994 -0.282543512355189 0.210922119800289
0.0665806728918598 0.0745599323175832 -0.341115126293424 0.171834876136092
-0.03582389258945 0.0675780251262648 -0.349650689881251 0.0878871616864089
-0.05511529171648 -0.0763350096576424 -0.269128766435436 0.0131427048463629
0.143657947774244 -0.0755648360961277 -0.196743617768359 -0.0262322669960692
0.17289239555653 0.191270121335553 -0.0888226873860683 -0.112446397271283
-0.0943198908212465 0.323381041753172 0.152389221616685 0.28632678327757
-0.22694279802929 0.348722753728595 -0.397481627529281 0.291544119481994
-0.0766183304284647 0.382269527599374 -0.406552627813712 0.734043575798991
0.0932069224876464 0.218998097637279 0.0977548982324292 0.344209318989895
0.0674928667989038 0.0751812848181726 -0.0788348753691439 -0.0448380041686857
0.0401057921541845 0.0945978787820823 -0.291788923958469 0.100373988631593
0.115161102794649 0.088923996792208 -0.174994961078891 0.251216100769438
0.164083118536272 0.0200458505348567 -0.0932492075324358 0.247184576701351
0.172264858152247 0.00654770766384194 -0.123477475759816 0.182025547826469
0.16183261592649 -0.0234808002227166 -0.226693809186203 0.199730519369363
0.184414112140433 -0.00958303101307194 -0.309000440746789 0.176359260000929
0.135880771507555 0.0396148128292696 -0.361202907610811 0.103791480199364
0.13184398941184 -0.00263372526635511 -0.306026640963343 -0.0264721316897984
0.230262860691082 0.0574612139163522 -0.189779010583106 -0.089138635442531
0.199329485999318 0.309862819168164 -0.0769026340874262 -0.140476263346894
-0.0203613291911619 0.455287143728192 0.156809886449828 0.180867573083878
-0.125615935468009 0.423447949498459 -0.300208889384808 0.184414629390716
-0.0485071331681216 0.446966946570555 -0.364780663463139 0.730671841699975
0.13279119175242 0.338343680586466 0.203583032174244 0.408854333196154
0.219566259247131 0.192632851917229 0.0111656672644186 -0.0301552869967315
0.213358702774073 0.0913745806844876 -0.242001890952086 0.115422719792227
0.225945370697084 0.0206053695150449 -0.118277309417331 0.272096415889117
0.22037118121707 -0.0589840638236619 -0.015891670064566 0.248390510659003
0.215076509468861 -0.0630188569417418 -0.0418437897741547 0.148218522337001
0.206948329972393 -0.0896245283320595 -0.150843496536573 0.149357978463855
0.273511574611448 -0.0755825986007592 -0.25094573591067 0.13855216509662
0.284979670659817 0.0163883909174885 -0.33799189579003 0.0873883232377374
0.309911401171962 0.0755490839998046 -0.322896211517365 -0.0770750029458746
0.294424010956374 0.20441667151482 -0.19221411971666 -0.168432510255808
0.182583416976321 0.414604647731537 -0.0632133891530926 -0.22186524999161
0.0299517429998329 0.521323070073395 0.169040981114834 0.0264336911536599
0.0201370230044935 0.439094970984728 -0.218712546343449 0.0484191766361323
0.0488731219866214 0.436268843349755 -0.272395132232537 0.675854521258815
0.204566203747141 0.376970550656253 0.316644746301895 0.404961115537702
0.367128957658394 0.242099950064612 0.112182287854294 -0.0164981324128859
0.370505365256096 0.0480218172633555 -0.129447041035644 0.123101071786405
0.308926857197432 -0.0718943268201264 -0.00856564372316043 0.251222107274628
0.241456138814932 -0.137112673260406 0.0857610690153113 0.204090871956869
0.222936760319963 -0.118935162089258 0.0441529282232101 0.0891638561037188
0.221462976774634 -0.130534289280256 -0.0671177814713641 0.0801067985888172
0.318309193326945 -0.110015998666169 -0.170027188151408 0.0752004971481197
0.381836247466639 0.00966840082580984 -0.274137855462083 0.0408615539042922
0.429422249186544 0.160719086613496 -0.294293161130046 -0.13923832303562
0.301515701627157 0.335036330272473 -0.17433072550297 -0.251008666625088
0.118891474183206 0.470741772370505 -0.031359493404292 -0.329967598298146
0.053579480366374 0.506850251301558 0.197870734525838 -0.146315957108943
0.155035666534932 0.375314139038782 -0.178035386975124 -0.0977618789653526
0.119614079584793 0.338468547111908 -0.165192896351532 0.563205495960398
0.234491321905325 0.337408196410545 0.391629662151659 0.319898094159287
0.452410159622166 0.229707242532044 0.188135295575139 -0.0204105664943867
0.457286800562152 -0.0246403845800078 0.0170003320287104 0.105370020409987
0.333405731679862 -0.161308649991078 0.129160869248956 0.181690066321553
0.222780843365125 -0.196058615654336 0.190732440775776 0.118757628239176
0.196548085480289 -0.156437307427101 0.123720128745079 0.0174467964650469
0.202578067890361 -0.149949563264403 0.0145533895860715 0.00954469038437808
0.309605900559746 -0.120037300495473 -0.0761473206261334 0.00536150945019527
0.406091067695958 0.0141973524577497 -0.174057167693563 -0.0178306059227168
0.45346608648897 0.237988134068756 -0.20698886451323 -0.192442616194132
0.221218761572492 0.414252309078847 -0.11261719141436 -0.311781953813651
0.018955355501987 0.440067675192007 0.0340945703396278 -0.431116279732493
0.0710241286379393 0.413833964927581 0.246719391277743 -0.30464904024579
0.224072590380745 0.231395035872287 -0.168930163940079 -0.224849477602203
0.0995081996047876 0.196355510649837 -0.0793562338941869 0.413721913237022
0.184398220353579 0.270873082703995 0.390597941707492 0.193440579940111
0.44233642231956 0.193732058791709 0.221221436610795 -0.0236824660933984
0.442625236790425 -0.085966750140086 0.159220894918869 0.0638909685906355
0.288395057387475 -0.214905527478024 0.255412517005805 0.0751450326825381
0.168221814132788 -0.219837841491488 0.278166343412057 0.00936796959983861
0.142165316120332 -0.173431167505838 0.186519964893541 -0.0572270438376962
0.153387669340963 -0.154809770545762 0.0843545788280925 -0.0524517716953388
0.253429934207826 -0.121529320852996 0.0165169226042634 -0.0531651726339153
0.366471863776927 0.0104520425190276 -0.0536371535027954 -0.066251951743729
0.386314424602833 0.279628990360745 -0.0784032225377613 -0.205858259220718
0.0845187134511159 0.401881405631673 -0.0208384070796573 -0.321681699348498
-0.0699170354766251 0.311100227011575 0.127553402336391 -0.496043212700369
0.106225490370536 0.263913557737775 0.311394112908514 -0.422569503462234
0.214793015262157 0.0463943855529811 -0.170141611545848 -0.31030908091192
0.00510735726903405 0.0583457033744445 -0.0234244766229646 0.257370556079493
0.079140167636093 0.209146624839489 0.326520735549922 0.0886163918186618
0.357494168006853 0.152743728880281 0.229211534955389 -0.0103291873587704
0.345597648145079 -0.115011548762059 0.273644307605513 0.0111931461644849
0.186162588421353 -0.211756709386472 0.342214932500664 -0.0401128978464434
0.0860861073416923 -0.1992614862607 0.330274982173783 -0.0991520314208052
0.0649969539389846 -0.165715745851933 0.225347462001718 -0.123851740783534
0.082931605114937 -0.148378054874136 0.13397962333668 -0.106781499143112
0.171075494631976 -0.126170979802561 0.0920080715865829 -0.102025016679966
0.295437132394006 -0.0115030807960956 0.0646099914616732 -0.0945424351648519
0.275210720046426 0.263005121959806 0.0493973371317627 -0.164072496294404
-0.0482675143986524 0.294914159555206 0.0544915631722452 -0.279106813264731
-0.0906512230990991 0.115558638685165 0.217829104892079 -0.523229118389567
0.171749156192697 0.0925044531058935 0.37560356994159 -0.485452876169764
0.150507856623411 -0.143326657260542 -0.165565362397291 -0.345545225213609
-0.104445516718449 -0.0566565724006485 0.000630398974328381 0.134876459312272
-0.0335158088833909 0.141017642798852 0.246674245564124 0.0410788296791114
0.224956124865484 0.103547965562459 0.238853255259006 0.0186140156585365
0.195023061191981 -0.108593572800865 0.34536428996894 -0.0414828275013927
0.0582647389254102 -0.158845032452566 0.375213571029199 -0.135214206342817
-0.00805513908874935 -0.139216813951479 0.339230038974123 -0.178398530918183
-0.0217617092792632 -0.133353790207741 0.234248104051781 -0.175082604927998
0.000985245022387608 -0.128971958407826 0.155267602287669 -0.158356090704103
0.0800646365250022 -0.132436364003233 0.145694076917362 -0.148449632810894
0.212092079780755 -0.0448779917746 0.167374881473214 -0.108601720901852
0.163522747012696 0.195178517905388 0.135106511654862 -0.0897693050328182
-0.113118794142309 0.128642542251319 0.0706346030402313 -0.224875749466481
-0.0180225163419193 -0.0848100533344658 0.278840462284478 -0.546081243312748
0.25358506802889 -0.0679639688051492 0.406065637681542 -0.491155661668584
-0.257194687634301 0.227415446888389 -0.463224839639522 0.341344177255721
-0.0236997797989278 0.254493609072414 -0.389913933788801 0.65970384819422
0.0888685297315259 0.0575794086130797 0.00951120688044554 0.254862433239852
-0.0528314200189621 -0.0538361020401218 -0.12860106313281 -0.0342001231505054
-0.0972250332689645 0.070375669353947 -0.267393201109681 0.0870229361548244
0.00697244954027315 0.122450807006042 -0.177960904590284 0.194596961704921
0.0790000223712534 0.0868745160646911 -0.134705999018648 0.200349664760604
0.0975562800561709 0.0813363828806161 -0.179869318103493 0.172296561839925
0.0865679469650936 0.0619839372421563 -0.277474908806596 0.197793276366489
0.062071195086863 0.0757635876225472 -0.334286310119548 0.158273716635251
-0.0377335758550117 0.0681482066939806 -0.341816185963181 0.0732963111041358
-0.055139308654154 -0.0718460907349776 -0.256071440955736 -0.00418498534104576
0.139127241231907 -0.0676944521894161 -0.182294030141443 -0.0333796379132901
0.161521490214908 0.187369458326197 -0.0875568833705432 -0.104634855255417
-0.0975435088405057 0.311531112018424 0.122605170518932 0.280161424224758
-0.241378742793949 0.328034434347847 -0.388655275582716 0.275039464465222
-0.0894032805444691 0.363475141953459 -0.414546972884242 0.685928917698132
0.0799492943650694 0.2129734594548 0.0831954942077924 0.324881420651845
0.0585330796976238 0.0760410763531832 -0.0744723290971318 -0.0488446589057217
0.0349507183449771 0.096203257838288 -0.280821259774727 0.0911164877397661
0.109778259702422 0.0921690489368746 -0.171946779263713 0.23368850590647
0.156727563967377 0.0280462850824899 -0.0913288373693084 0.232717445782015
0.170654376982242 0.0133689898635304 -0.120066291797542 0.170351269037795
0.157999310687523 -0.0152561583957435 -0.222246223028856 0.188006901135451
0.179889646199778 -0.00312492674280719 -0.300927760156629 0.165151306202449
0.132539515222986 0.0461875205787958 -0.348849115882796 0.0930484136641853
0.122373586947111 0.00427825526573824 -0.287502026397549 -0.0338678510600309
0.217098131811264 0.0649161420647548 -0.174038975327267 -0.0883162720652474
0.183418608404055 0.30463092597819 -0.07709839568248 -0.129306190038357
-0.0298641954081504 0.44018436838284 0.128162727794747 0.182053086770343
-0.148953443467329 0.407171155575472 -0.285469668329421 0.172849588178151
-0.0658730993594123 0.429120620656843 -0.373688020501373 0.683415696445258
0.11229690967999 0.330192263012245 0.185404786879731 0.390722623228096
0.197611676446067 0.194678130340002 0.018476170270916 -0.0325595655967415
0.200971369880233 0.10216687200162 -0.22932155687875 0.101768999205707
0.219574278711188 0.0307855556128366 -0.117047991688164 0.252299684099247
0.215066532232827 -0.0456131646499722 -0.0168275214414615 0.232085266583746
0.216410985634735 -0.0527578203377409 -0.0410845470853209 0.138321690321596
0.205067789292113 -0.0779029233925661 -0.146796022813197 0.142617354789616
0.269414141715018 -0.0645531530068956 -0.241597905350231 0.131182040578893
0.279278182096332 0.0283039688050312 -0.321311276681957 0.0829207371293034
0.290231597575752 0.0840357128277742 -0.297660412652435 -0.075033277246229
0.273734491051296 0.209069074441958 -0.175701028460728 -0.159304487189201
0.162131436757831 0.405887154353115 -0.0624210659953268 -0.206346097064549
0.015193346497241 0.502057853387702 0.146691750696291 0.0382863082156871
-0.00822546748386605 0.432512122890868 -0.196136199129518 0.0397703278642357
0.0251085996050258 0.42379096573881 -0.281397094494159 0.630098712135623
0.177019942971249 0.37145292037568 0.295172829370845 0.389918442470516
0.337435248957827 0.250275814489657 0.120400330894193 -0.0184190105115433
0.355500949269175 0.066372863618144 -0.119133548828224 0.106233325690511
0.303191674796152 -0.0557784109441576 -0.0131562404911316 0.232999682457895
0.24054108884725 -0.120302284132381 0.0802798190389783 0.190666945563737
0.226876909016856 -0.10654931770708 0.043001308141031 0.0828218707043536
0.222074964614342 -0.117374383059544 -0.0637160432477358 0.0776686562272365
0.314165257097456 -0.0975154694609105 -0.160805166908535 0.0724990097285269
0.37457197731357 0.0242324673001065 -0.256752843330558 0.0424639622505204
0.402757541169639 0.167913272951916 -0.266115106432402 -0.12590851781775
0.275002377820897 0.337412978633717 -0.156961695444425 -0.234353124164069
0.0982253643013507 0.456815610782095 -0.0272647409722308 -0.31072425207781
0.0374594093172929 0.488278135122352 0.183274681227096 -0.123862403331348
0.126628688806062 0.378316384626916 -0.149944861644536 -0.104652438691972
0.0992867425452386 0.335441603330011 -0.177360398091642 0.528063681857645
0.208137308230113 0.336850420829079 0.368450208313419 0.311408403988489
0.419101100532808 0.241172010649375 0.195519020422196 -0.0208634753846843
0.439369114294274 -0.000233337445712478 0.0207052807207034 0.0897960320347531
0.330166517880754 -0.142137043758439 0.118529875283164 0.169522888728107
0.225960948992297 -0.178827246032996 0.181607911423044 0.110526540191876
0.20257979542113 -0.144388872283307 0.11931717812815 0.0159341352248957
0.204535793580815 -0.13808457320345 0.0166707974081946 0.0118543876977963
0.306346853310088 -0.106667841329891 -0.0677671754017602 0.00737380171112601
0.398364613932086 0.0269131315419277 -0.158069099912451 -0.00896031411276655
0.425134328844544 0.241452717091234 -0.182399115867229 -0.169282629343525
0.197272723689837 0.408236955700034 -0.0989537931562312 -0.288858983345485
0.00226969764483006 0.422856733280771 0.0419934073579941 -0.408047109889034
0.0560270493693797 0.395986259452963 0.241603806004061 -0.272585674886595
0.201740444118111 0.243499427089636 -0.139159783128954 -0.231525174459623
0.0882554301447647 0.196648622462466 -0.0901418728817897 0.388603381387741
0.161966124389585 0.270284892216535 0.370411145949739 0.192923203724531
0.412145500028141 0.203859215712876 0.226910167638715 -0.0227493282897046
0.431055375170463 -0.0624282317788468 0.156176409961293 0.0532547485795476
0.287009248294056 -0.196099641580284 0.241395809675609 0.0721609356090078
0.174846478868998 -0.204350266315128 0.267098533466283 0.00769221893501042
0.149641416993419 -0.16238600079471 0.180617693118744 -0.0539325476117486
0.156680600574792 -0.145396633208741 0.0853970559053398 -0.046249230140018
0.251453161841925 -0.111156778225986 0.0217350689058386 -0.0480260947846217
0.359003694473532 0.0209013389013134 -0.0416033368706826 -0.0530481540183658
0.359945013845269 0.275984933580273 -0.0614893590557426 -0.176983929301284
0.0649047049906228 0.390008023341212 -0.0133553689412695 -0.296743123333271
-0.077920802464875 0.29393055254473 0.138439327664083 -0.4686280008007
0.0943064998265562 0.250691492643161 0.314748828523228 -0.380756220997535
0.204456573688809 0.0617296130580878 -0.143351085036603 -0.316921986892044
0.00341276647201385 0.0581261108273628 -0.0329857233079521 0.244582481440986
0.0629691448432274 0.205924378629396 0.313176632697234 0.0945552736317603
0.334286683770876 0.159919240311599 0.231530802941985 -0.00717689402381929
0.335916903455431 -0.0962545956814345 0.263471375226582 0.00810861611734417
0.187239026508131 -0.198445298722363 0.326036287737328 -0.0336856067206995
0.0943848000824179 -0.189637382318722 0.319827980074431 -0.092730968526914
0.0732099220327114 -0.158508478192634 0.218967721405178 -0.116109886585193
0.0867250321170254 -0.142478879590476 0.133110960254451 -0.0979830559754575
0.170893424863856 -0.118690281575598 0.0952498725252999 -0.0946802231405239
0.288892894455546 -0.00440201474881884 0.0726317509446997 -0.0791321377267578
0.256475626580268 0.257465977915336 0.0560910414873937 -0.136040284300954
-0.0587953243819586 0.282348414794891 0.0586515397865052 -0.256700525520885
-0.0888118806817708 0.102289715908418 0.233408093188373 -0.492177990941839
0.162865701340024 0.0861347748231126 0.383785703945044 -0.436581787257716
0.15307762204467 -0.128129909186378 -0.145268511812228 -0.350417830980191
-0.0961113842426587 -0.060125833895983 -0.00661470987968615 0.131139129545139
-0.042627789372966 0.134227948622972 0.2378054592528 0.051233384547988
0.209814997575787 0.105670864491179 0.236019582110619 0.0241952015396267
0.189849782104987 -0.098601904352742 0.330136850273189 -0.0356347253181269
0.0610018883278046 -0.152716016796165 0.359487391147808 -0.119446185614014
0.000755927773730862 -0.136588580834459 0.329960815137702 -0.166571507667165
-0.0148489891566734 -0.130489605787949 0.228235630214539 -0.163315367208237
0.00609544007790372 -0.12693235546019 0.153823554700704 -0.148179251933986
0.0828260166297814 -0.128489489922132 0.14617764841992 -0.139946263916113
0.209142922639979 -0.0405488168080457 0.170459324756801 -0.0925318261605461
0.153747418473216 0.189404434944334 0.134109400749995 -0.0667573342142189
-0.114315030226981 0.118595022890469 0.0743873876043807 -0.207550960964145
-0.0105113928598654 -0.0905407738486116 0.297781141494448 -0.50887436874319
0.247074030283463 -0.0669668316187576 0.418530655649621 -0.439454288560644
-0.258232213845109 0.220924500190306 -0.464215925759302 0.333164193796176
-0.026720266439605 0.249908497987421 -0.393963666417516 0.643386425561877
0.0879413753431739 0.0550669711044009 0.00487286708784484 0.247389077235179
-0.0538793709792 -0.0541825132625409 -0.13108548900474 -0.0378456557972735
-0.0988288115387123 0.0699930613701961 -0.267364197712721 0.0861079810220327
0.00705174981529572 0.121955651488939 -0.178083987594319 0.19211477130712
0.0780584025635406 0.0856281549084422 -0.132668861410916 0.197670141243339
0.0970799835431308 0.0795228356440307 -0.177849238983399 0.166749608807891
0.0857290368867393 0.0619595040582536 -0.27556743223157 0.192485989191632
0.061596483562656 0.0745105796239045 -0.334814750664394 0.153156635895831
-0.0360175901122681 0.0688518710463324 -0.339493646586147 0.0694181470688836
-0.0544401225777024 -0.0700195855670252 -0.251236722740839 -0.00831238071505921
0.137720537567977 -0.0644806001532718 -0.179208471610425 -0.0371569739463728
0.158735170253364 0.185588979310782 -0.088214538183423 -0.102303732054787
-0.102557978349156 0.306040215581318 0.119966522784972 0.277315973998533
-0.243973912243439 0.321079632148673 -0.388446813274104 0.265753610577584
-0.0938617831508678 0.358316256411339 -0.419396748487481 0.671269543508939
0.075836538071498 0.207787601047937 0.075796031049107 0.31700322354402
0.0550847055184495 0.0753940437067603 -0.078164662517622 -0.0517582049885153
0.0321619930244469 0.0966450271261646 -0.280828676453076 0.0913027609565574
0.108687462323591 0.0926135468396395 -0.172178801847582 0.232077077720391
0.154601857221199 0.027869472053195 -0.089397545780297 0.22953658920635
0.17027187056579 0.0135316547669314 -0.118945652348048 0.165142414594756
0.157203500747743 -0.0133275760353766 -0.220703002447128 0.183729913215633
0.179059656297086 -0.00268757773356867 -0.301263261434022 0.160744890602915
0.133317983825783 0.0478305128092673 -0.346082055202967 0.0893321916876231
0.121741298135498 0.00661096672418749 -0.283416560645453 -0.0385916219659181
0.21293524149833 0.0687444457252755 -0.171433553942458 -0.0921204884454331
0.177000238529616 0.302503031140214 -0.076206631304976 -0.12682981986399
-0.0386947693187585 0.434237831005984 0.12679190561091 0.180802531840737
-0.15463792165671 0.398324638259774 -0.284121746298534 0.16599456923615
-0.0725101087975432 0.424125768220427 -0.379538001970217 0.66880178831815
0.103151902960943 0.324420657189106 0.174705294147604 0.385600459309818
0.191952924800431 0.194037513831734 0.0131334723842669 -0.0341693192146528
0.197067693748619 0.104322373457497 -0.23093622282616 0.103650423342868
0.216898776763097 0.0326591781253491 -0.11741589428628 0.250480675386314
0.212325671039583 -0.0439285288150333 -0.015767673454133 0.229190245815039
0.2158138608754 -0.0514581199818129 -0.0413489985583597 0.133672873065693
0.204851562599371 -0.0745151095230325 -0.146253377548339 0.138618422472781
0.266909820402395 -0.0625215848031682 -0.241039798415293 0.127574608560455
0.27883034216547 0.0308374291528055 -0.317048923496934 0.0787137139550666
0.287851156936382 0.0866264026589962 -0.294373877992954 -0.078428590246604
0.268567752168299 0.212179044924581 -0.171588996415041 -0.162350688230994
0.153739124947951 0.403588292152002 -0.0603493187669663 -0.202745753758754
0.00531819067933759 0.496258453084173 0.145941872289303 0.0385945418104938
-0.0156891505175349 0.425011875805601 -0.19452635031392 0.0357515526859733
0.0170883298909229 0.422464924839198 -0.287849749983922 0.619316469964891
0.168414125258855 0.367776850571035 0.28259624037956 0.386670467694735
0.33080434146236 0.251116920743212 0.113295888973537 -0.0181269309900697
0.350522686865866 0.069706882953184 -0.121362744226291 0.11011920787212
0.300923659494955 -0.0522747264933198 -0.0133052431497032 0.232757034677907
0.238387725767149 -0.117075923303709 0.0804029963220545 0.187988894543859
0.227279796640375 -0.104006878674178 0.0407592049532708 0.080196196615967
0.22232130574862 -0.113057591834416 -0.063674755588625 0.0758113916356766
0.311780037510469 -0.0932844838815497 -0.15965278243764 0.0695892473898922
0.37157968955301 0.02815104480121 -0.251039738005179 0.0393118366440915
0.400548262864326 0.169889374715532 -0.2624852044676 -0.127706220395889
0.26786752290379 0.338239909199144 -0.151262405677377 -0.234842899411656
0.0895338130875847 0.454785721486239 -0.0234187182315822 -0.306234013817377
0.0269437223347339 0.480799251919987 0.183137165803147 -0.121224725784343
0.117515685463901 0.37287369035877 -0.147105680637633 -0.106276974624944
0.0922927173964727 0.336667332730503 -0.183238038821413 0.519336196720745
0.199898730744164 0.333793857265037 0.35543260512472 0.309897662644143
0.412648166837643 0.242609092022027 0.18827518624833 -0.0186016430590399
0.435704923870698 0.00489663078047836 0.0173738980035292 0.0954192230029517
0.327692266105427 -0.137926516494109 0.117161436294339 0.170359466470143
0.224567351348636 -0.17525482601017 0.180670936002627 0.109036252757638
0.203641341765029 -0.140628886463673 0.116497263573699 0.0155448460591293
0.204509584882096 -0.133304972486191 0.0165952235689826 0.0122172872107193
0.303760119627262 -0.102991817333387 -0.0673700181508311 0.00668082446866402
0.393722926665493 0.0297961911130898 -0.151977915792277 -0.0104045891920171
0.419371045195477 0.240919161255166 -0.178382811435584 -0.16870854673791
0.188144484785268 0.409020661407235 -0.0917520233279114 -0.287390578734338
-0.00548508114111771 0.420432503965469 0.0469243095366848 -0.401556943325824
0.0476371703419089 0.390371334955113 0.242486880981204 -0.266968977897201
0.194465648311727 0.241100469726502 -0.135801622284129 -0.230876247995282
0.0834457523857444 0.198894623756389 -0.0949479390953818 0.382550201289103
0.155243627613864 0.270357615086932 0.360935245758532 0.192156590760254
0.407790203154179 0.206866241046501 0.220413993553604 -0.0192771617312255
0.427001967659208 -0.0569382124088998 0.151823392490616 0.0599596175570626
0.283858631938882 -0.192569236731347 0.239554083884554 0.0739818069073029
0.173894952736824 -0.200766950102486 0.264896196040254 0.00744937065606971
0.150443009224204 -0.158788883327877 0.176958642542925 -0.0513171768042136
0.156792375097743 -0.141194696056905 0.0842609474420456 -0.0442399191305707
0.248729505813422 -0.107542582085503 0.0216944144211063 -0.0474190250160949
0.353479006491226 0.0228962177185376 -0.0364735238486606 -0.0520363851229613
0.354979506077325 0.275174646419729 -0.0590792165818176 -0.174403984052089
0.0581801201229328 0.388809469591512 -0.00603632836988489 -0.292455940234832
-0.0835669253936651 0.290317320205637 0.14407507866764 -0.460364374956626
0.0873859154959285 0.248245895917282 0.317085049754418 -0.373725440925824
0.199667452279007 0.0623239518463916 -0.138203023957088 -0.315804261554263
0.00235320944680448 0.0601470313840034 -0.0359978906386646 0.239965620602991
0.0590744672551305 0.206646084336757 0.305317469358078 0.0960740061246214
0.330673003606931 0.160437511669336 0.226670915938425 -0.00353543718509372
0.334644771534226 -0.0927080492418132 0.258149834771674 0.0147950408696055
0.186197929984829 -0.19491764691232 0.324998590640415 -0.0300367854595175
0.0941091391660734 -0.186421324615313 0.31702525740695 -0.0927400722882155
0.0743242609480792 -0.155553454296702 0.216074021502629 -0.112819941302468
0.0867881370316735 -0.139158073398676 0.131768758520748 -0.0950164027220109
0.169505674544055 -0.115522982074213 0.0943402560991095 -0.0933294394468503
0.284410679195179 -0.00304216861876645 0.0754190947808891 -0.0774565737597686
0.252981887344721 0.255823100176784 0.057612360597403 -0.131853553631849
-0.0622472326164759 0.280435864379524 0.0639456441233586 -0.2504102905174
-0.0910574967935097 0.100522398774276 0.23827570240088 -0.483609555030221
0.158460940429028 0.0864239323988526 0.386427631390475 -0.42822518475387
0.152131982510421 -0.124820929031916 -0.140306130786131 -0.348729554954211
-0.0946937863982712 -0.0586431022355058 -0.00816345465114417 0.128301401913402
-0.0442633068665346 0.134512828241162 0.233036851502017 0.0518916260449353
0.20724497127827 0.104426367150023 0.230764334350604 0.0281346913942626
0.189096646022149 -0.0972165654181782 0.32473070927561 -0.0288927391792975
0.0598654172414614 -0.151259809548347 0.357926388994126 -0.115177186798583
0.000593390969780271 -0.134924382444373 0.327768133355781 -0.164607993269652
-0.0138412693964917 -0.127562921270806 0.22525356135657 -0.159145325936334
0.00641671062704157 -0.124701098643039 0.152187641166641 -0.144132703760938
0.0825270014752039 -0.125679999222291 0.145598413342822 -0.137441073130918
0.205374543234829 -0.0403049448807364 0.171343894761067 -0.0903074775637632
0.151846638051199 0.188526269274774 0.134958324022856 -0.0626475534221848
-0.115193107127388 0.117576672524635 0.078905702307747 -0.199736806754607
-0.0105724780938302 -0.0897928451399437 0.301681572606201 -0.499190031169246
0.244502754767623 -0.0628380120138192 0.420733980644626 -0.43025220842921
-0.26512465004719 0.222011866823425 -0.478817697358752 0.332024496122048
-0.0293072499036637 0.253382574640392 -0.408912650294962 0.649117644151447
0.0892461588355592 0.0537376885902776 0.00176369852871163 0.246206642804362
-0.0568448301957519 -0.055163834425833 -0.138276486409875 -0.0424609726230768
-0.102052817677677 0.0718458377500393 -0.275020686537918 0.0879563013182486
0.0082197900504046 0.124661198116378 -0.180970000133873 0.195964218324794
0.0795443553877976 0.0874775329395116 -0.132776769674154 0.200828335754169
0.0995269949918218 0.0808002920080771 -0.180050379851616 0.167065741157642
0.0870748904389625 0.0633178129285618 -0.28212043098411 0.193673776605506
0.0631204497782876 0.0750783605185346 -0.344295609686655 0.153709024772164
-0.0352778161726686 0.0715492716108691 -0.347232480851205 0.0677781146240751
-0.0553148523427264 -0.0703380825390177 -0.254092947485694 -0.0135760073896724
0.140116916812769 -0.0641845935167723 -0.18252159848515 -0.041592446921685
0.16080847735701 0.189554938295037 -0.0906534270465158 -0.103358273457995
-0.109695541349065 0.31110391519106 0.121859399576509 0.281815801644977
-0.252215587503486 0.322378711571608 -0.400025316530101 0.265992401219427
-0.100709317379383 0.363672043861301 -0.435392034710981 0.67679089314701
0.0735226736753586 0.208513528499743 0.0707659839855371 0.319749895789039
0.0535430611761138 0.076674139519324 -0.0849313230419481 -0.0564146784015545
0.0302753069796937 0.100412792406951 -0.289315944096974 0.0944055386122613
0.111315166413987 0.0952529298173193 -0.175372155442848 0.237613089988535
0.157327648699439 0.029226556447467 -0.0884738334796189 0.233089992468444
0.1748166565362 0.0133430288915246 -0.121043851212222 0.164737221286072
0.161053021935458 -0.0120098518504037 -0.224787881328389 0.184844351200726
0.183224606210475 -0.00295166600009207 -0.309956554485514 0.161132669932456
0.13758205462709 0.0510344852637891 -0.352461316696098 0.0875273285305889
0.12418541505555 0.0084961056489128 -0.287541779500467 -0.0430811769280056
0.216444058333325 0.0732991140469278 -0.173708618777842 -0.0974140699467813
0.176894755212277 0.309161845957845 -0.0781115446170265 -0.127549058398435
-0.0472863235524812 0.441590962811437 0.129829977440068 0.184274305293875
-0.163156475225757 0.40062922366981 -0.291781019889347 0.165004385298655
-0.0802006433126629 0.433142074048051 -0.395143955962814 0.676070858578303
0.0994453843748127 0.327725838213316 0.171064585555404 0.390209950258031
0.193175235554815 0.199693959665742 0.0073366479538165 -0.0368419383152052
0.198726357683983 0.108899937845076 -0.237831316069523 0.109016921416044
0.221536062059543 0.0349298077076284 -0.119726713961607 0.256925095833999
0.215698197520634 -0.0438249547970286 -0.0137603872318391 0.232556721866137
0.221632055421612 -0.0522650270640164 -0.0435819663481333 0.133911396967095
0.210884938773562 -0.0734384912090245 -0.148632521452492 0.139570016901682
0.273206459906428 -0.0624841373453082 -0.24730714523318 0.128177025185328
0.286032692381022 0.0347658724872921 -0.321813316362966 0.0773697770376254
0.293854738470268 0.0912660764480223 -0.298968905355739 -0.0831641149821753
0.271101126701499 0.22156714112425 -0.173011735600667 -0.169340291003069
0.151548615603396 0.413276570782699 -0.0596424604314073 -0.205013096316307
-0.00314304232609268 0.505865313737637 0.149524355549126 0.0396320088640752
-0.0207373929978138 0.431463119415162 -0.199122415140133 0.0333546791785611
0.0117405551831827 0.4338332143932 -0.302252294194721 0.625479885630772
0.163802924838238 0.373859487618566 0.278654337245634 0.394137443359914
0.335080540068285 0.258977583239663 0.109593507370637 -0.0188286338023076
0.356159174656678 0.0759815891658732 -0.126567685852843 0.117308000170932
0.307010950078678 -0.0512432014174813 -0.0135513345530149 0.239014064685101
0.243572520003035 -0.117958047718975 0.0833390017245716 0.190080059081137
0.232965817268076 -0.106093935651556 0.0398672372928776 0.0805579505019686
0.228465328228497 -0.112049831618011 -0.0650233440774886 0.0757628486321395
0.318241558288607 -0.0936038227025151 -0.163573000356791 0.0697367228935076
0.38074044686019 0.0317168023187299 -0.253254429584139 0.0380558631113334
0.406770552400426 0.176539862521114 -0.266553941772804 -0.132572568424166
0.268616901656288 0.349995758337039 -0.151141191491223 -0.243089945392468
0.085596385157269 0.465133541798828 -0.0205946360153382 -0.309745779100912
0.019969675177255 0.488556670007152 0.188062541231253 -0.122287987757408
0.114989730063398 0.378530890328966 -0.148790007314416 -0.11004287274551
0.0899790056751407 0.347418522842914 -0.193139323687902 0.524575259796512
0.196576753059543 0.343004362560569 0.354008086143428 0.316035023598058
0.4199218263138 0.251736572280748 0.186263079821415 -0.0180252079698619
0.445838596751116 0.00926520093839567 0.0145707150322518 0.10383682866091
0.335090848912721 -0.137964139785329 0.120346152509781 0.17593659533739
0.228731443368985 -0.175928234900826 0.185092515626326 0.109426451834471
0.209427382362182 -0.141911675656972 0.116547504686089 0.0158482801791565
0.210435238554552 -0.132451352284764 0.0166615075764831 0.0123121160294882
0.30937217180305 -0.102261186403713 -0.0685676984377119 0.00698233525525817
0.401307408494764 0.0342689331181388 -0.151239402668928 -0.0120253432123778
0.426735697825188 0.248238083467638 -0.180346824129666 -0.172680032405984
0.188014265368451 0.420681328711224 -0.0888476285446921 -0.294753281165922
-0.0119648993444852 0.429757204060455 0.0527114212730189 -0.40723611057182
0.0403146546299488 0.397161810732271 0.24977471086097 -0.270260516599806
0.194425855800429 0.246587968900318 -0.136010396236683 -0.237168467653544
0.0828846124151045 0.207394955379591 -0.102071918748296 0.387356808127176
0.153861990542894 0.27676192821505 0.361585282569207 0.197615678824291
0.414808351023691 0.213601619555974 0.220308950989015 -0.0168789078282579
0.436633826290723 -0.0554901725623654 0.15195750988826 0.0683318370521919
0.2912152923069 -0.193579287333619 0.245070328421052 0.0780158434051703
0.177970428017904 -0.203310537752766 0.270550735642026 0.00639013483496066
0.155424536679966 -0.160282612737355 0.178229040019467 -0.0504544282272695
0.161112768871483 -0.140844323572041 0.0853886871519871 -0.0438986345696785
0.253065957455996 -0.107543539720468 0.0223017902046416 -0.0479874471421328
0.359117014970197 0.024645643192657 -0.0336667191850682 -0.0534180978066548
0.361710028118177 0.280654599583016 -0.0590644767101393 -0.176623419089336
0.0547658496281793 0.398939739223836 -0.000697356512340762 -0.296953614972661
-0.0897297402950335 0.297012698834646 0.153591963220412 -0.468346791017917
0.0841609890801772 0.252240220465961 0.326983389574634 -0.37732012330355
0.201674747092159 0.0650975538179059 -0.138309108252278 -0.32346297389615
0.00183174125358342 0.0641193047941876 -0.0399350919488785 0.242650619479519
0.0575408913020958 0.212366537488241 0.3076740394893 0.0987540835938182
0.337378219547129 0.16496673430863 0.226994179671499 -0.000531757918729827
0.342371399748056 -0.09292275893828 0.261044197142125 0.0222894418237052
0.190512863844093 -0.19696862320389 0.332460136452804 -0.0284099148988327
0.0962519842211552 -0.189279355972955 0.322924628824781 -0.0950986370087301
0.0769453321929376 -0.156921906063048 0.21809802396095 -0.111538279550501
0.0891160052720685 -0.139822881333314 0.133750144083856 -0.0952270954351255
0.172845536469737 -0.115884851206243 0.0968605834658992 -0.0946549869217432
0.288609128801305 -0.00319126217158586 0.0802765624631008 -0.0774119140748143
0.257011805568724 0.260453770228244 0.0604613110877921 -0.131668293881131
-0.0672620776819974 0.287066666838331 0.0700620834258764 -0.251073128895669
-0.096017800971351 0.102772068590243 0.24839433952073 -0.489111515041649
0.15946513458266 0.0888381520531039 0.397798029046665 -0.431732626319318
0.155373422229492 -0.125938042966071 -0.140394046849463 -0.356399654648728
-0.0953697627204174 -0.0588098997372654 -0.00921506435739665 0.129728995811544
-0.0456581968881727 0.138841218680555 0.235294312049837 0.0544835054042518
0.211369106732272 0.106618139124021 0.233332037535305 0.0321542824230344
0.19379763391629 -0.0992082652374494 0.329100915325476 -0.0235111951200795
0.0608542708042933 -0.152871855597185 0.366461794670866 -0.115708754318851
-0.000132939186523176 -0.136683892857351 0.334093085114297 -0.168706064551516
-0.0139420741317542 -0.128864952717468 0.22897808335308 -0.159236239027942
0.00627167747368991 -0.126741469861927 0.153681769061874 -0.144716197404273
0.084795229711351 -0.127003701631527 0.148067871840753 -0.139989874828395
0.207995879910894 -0.0413563483799974 0.176880833783736 -0.0900137371266067
0.154902348990874 0.192359601783915 0.139474463779085 -0.0599415233219828
-0.119169081174004 0.119821845375612 0.0849642813054371 -0.198414758799928
-0.0116426660446468 -0.0908440477833603 0.315055960413462 -0.504934928420757
0.249738470278851 -0.0604129090732307 0.434131397375404 -0.434099377607924
-0.273515035576632 0.233206106954549 -0.497309158147837 0.349226773354775
-0.0278646674768437 0.262498163568447 -0.415450186614315 0.675459300243314
0.0928397324511464 0.0512635407293629 0.0016552985940598 0.249796125967054
-0.0612551243304908 -0.0558154993990301 -0.149569504440909 -0.0442215984498951
-0.106717832316626 0.0782655747690024 -0.285146628747705 0.0972938785683194
0.0117990461789277 0.130001155170767 -0.185146173303722 0.20914210712638
0.0849286547856086 0.0892174876864737 -0.130600729045215 0.210257795266564
0.106733762034208 0.0811417489109972 -0.182191742073993 0.172969961930867
0.0920022134037219 0.0643986546077249 -0.288581475573636 0.204479679350767
0.0674802500066879 0.0752269717848161 -0.357895837756895 0.165194814742063
-0.033556469374575 0.0767014758304334 -0.360399101251069 0.0744421186252448
-0.0594272955192809 -0.0695973217514527 -0.263558100289913 -0.0133342929298135
0.144694402566766 -0.0675642509509755 -0.190278438297717 -0.042565731719455
0.16959729673882 0.192896134296466 -0.0972989280937334 -0.104683359241098
-0.112651749847083 0.326453323826735 0.13359480531404 0.2884384021224
-0.259241713858392 0.336080610933472 -0.414347083591634 0.278959447548737
-0.100764614353752 0.378884758476314 -0.445748999721837 0.706774060321891
0.0769535650382391 0.211909528294116 0.0742249770832457 0.325904545162111
0.0548884380330327 0.0787682490729669 -0.0949929332812945 -0.0595636925160358
0.0320130331578048 0.105758098687986 -0.300189373280865 0.105686439219168
0.117445834053534 0.0971761282839443 -0.177152414896503 0.251817188201059
0.163869221289725 0.0273303523380835 -0.0834457241360717 0.242884880847877
0.182841589652657 0.00929243252073468 -0.122252521118941 0.169635498678533
0.168517687794581 -0.0143159058966114 -0.229747389087537 0.193269013977608
0.190535884353242 -0.00638893615862593 -0.319379015073646 0.17255713737092
0.146248737464744 0.0521167734315793 -0.363922532073241 0.095625250586245
0.129817697477655 0.00887967832262934 -0.299584529250568 -0.0429275812293732
0.225856383357293 0.0747746305985691 -0.182555558115623 -0.102040016760718
0.187611083659884 0.318048815048439 -0.0840504861967495 -0.128900524598803
-0.0449093260737186 0.46091042778002 0.139699081864934 0.186821229650588
-0.165299644432649 0.417422596001418 -0.302565463405571 0.172644918014231
-0.0785777539433782 0.452124678252234 -0.404698619465554 0.704013376637882
0.104669968340698 0.336418726738761 0.17814011983672 0.399503244179482
0.202078727797597 0.203937869090534 0.000448391865914583 -0.040166877107862
0.207792147333291 0.11175353295186 -0.247383783818538 0.121002906287575
0.231177791162119 0.0331502928209787 -0.118516968619259 0.27105720925211
0.223348936453935 -0.0490623015732358 -0.00616391507720658 0.239976333258161
0.230730753222859 -0.0595387978528932 -0.0428812817967258 0.136566168294006
0.219130925353044 -0.0782553706468487 -0.151341210110665 0.145511590388935
0.283076339267021 -0.0693939832451279 -0.255959002594063 0.136559789798481
0.300406408428975 0.0322681266119665 -0.331363747845177 0.0842361249770305
0.30841119563667 0.0900836317287474 -0.312393776423898 -0.0832673723930826
0.284459569509355 0.228259397575741 -0.182246855245912 -0.176199133541614
0.163405051115404 0.428267975780646 -0.0654444850506254 -0.21016907838173
-0.000726666962199733 0.523623646107078 0.156673376900945 0.0377204710761809
-0.0194448878654764 0.44593247618006 -0.206982933544836 0.0355254478437963
0.0172227619781459 0.451605220976708 -0.307937128470376 0.653094458232836
0.171152507913459 0.385617419888573 0.28884664429748 0.403095752739974
0.352010809883336 0.264489518058167 0.106644759577286 -0.0224641853362396
0.372743268848932 0.0732497419636679 -0.13189054604498 0.129452104103513
0.317981575063286 -0.0571561642584618 -0.00916104195163063 0.250758686336059
0.250121146361083 -0.126171224752705 0.0918847671181001 0.193065301758759
0.242727318059476 -0.114168622170974 0.0413838361931641 0.08114739701682
0.237251953930669 -0.118296605022389 -0.0661968511557623 0.0787550572862415
0.328813925222034 -0.102242226122547 -0.168795339597372 0.0756382708191877
0.39772627360548 0.0274552790979447 -0.259731420331888 0.042575890574256
0.426380511156923 0.176106899403169 -0.279292096872058 -0.133780030507168
0.28256255634842 0.362203412331453 -0.159581404245301 -0.252587993307897
0.0919325810081791 0.483869905029432 -0.0249593359004016 -0.320406128689326
0.0218121048743023 0.506895412654058 0.194547138503419 -0.130636687475988
0.123215140991472 0.390602931254385 -0.156655287180715 -0.113210096486903
0.0978571978224359 0.362264349741296 -0.196744423373638 0.546599540830553
0.206158972555808 0.352649238840528 0.36758236505168 0.323619055913762
0.440975831884422 0.254971864417821 0.18681871944325 -0.0212088457140774
0.464137919310783 0.00317485141262918 0.0150456884006177 0.114620711627856
0.345892745579631 -0.147933946800423 0.129567142650321 0.182894552676128
0.234484054573804 -0.186112421791871 0.195241348454485 0.107476460170663
0.216488599378294 -0.151151817758585 0.119612115953561 0.0145271008321077
0.218101973846273 -0.139835441427117 0.0171875692438667 0.0124156692938349
0.319177358448534 -0.111443409461678 -0.0709954249999172 0.00826120652629042
0.41916525378057 0.0280348792611185 -0.153893577939791 -0.0108163653546018
0.448530795181555 0.249413175890583 -0.190287789546867 -0.175563287890171
0.19873337685742 0.435725946569559 -0.0943886641769971 -0.30536970409484
-0.00885406782715599 0.447596515537251 0.0512611786411409 -0.422176231780445
0.0437499742347313 0.409984249729672 0.256386181588347 -0.284113007089384
0.204169331763048 0.251759448100272 -0.144579641218999 -0.24438048376331
0.0891915584430904 0.217344213565244 -0.102410856019273 0.402203167604058
0.162204012256295 0.286451161626136 0.373290353419609 0.200547191208063
0.4373798113719 0.214497346627363 0.224112255368367 -0.0198705956938169
0.45451107345025 -0.0654107131914384 0.157856814589346 0.0759452795838352
0.298295393432823 -0.205623042098046 0.2576737212553 0.0785714335043731
0.180417518339764 -0.213303139450802 0.280362542372193 -0.00128839339639766
0.15920424587015 -0.168641039637691 0.182658971803125 -0.0543197802369935
0.165758612955089 -0.147615396837451 0.0871062616954442 -0.0458658100563623
0.261485604567497 -0.114413649210901 0.0220661362012394 -0.0503885146921769
0.373763193209237 0.0188724510372766 -0.0323373361124413 -0.0548856496662893
0.379265100882732 0.28559093720733 -0.0627914961898517 -0.180994321940959
0.0604249591392711 0.415038082717596 -0.00229627860100272 -0.307479520056186
-0.0915873549577517 0.311192298137047 0.153741773501411 -0.485702996934277
0.0876774282000348 0.258716618809627 0.334581170796452 -0.395756139096874
0.209926362272248 0.0641051934723809 -0.147785406426477 -0.333652733802754
0.00354907973614005 0.0695369643580934 -0.0394999814031303 0.251544221585761
0.0620360268010324 0.220985592748983 0.316609769848913 0.0978291424500569
0.355086995692172 0.165008976243659 0.232912941153511 -0.00168685928906168
0.355945261899971 -0.103918108005852 0.270176523792284 0.0254005000219476
0.192682143360737 -0.207079992622253 0.345597952129918 -0.0344064180087376
0.0956808171130207 -0.197668045068307 0.33200565502731 -0.106380798225099
0.0775523043303512 -0.163127960891499 0.223090467347255 -0.117483856707475
0.0906211833719313 -0.14525718553864 0.135594890946333 -0.0995879572773913
0.1762860629509 -0.122711334946668 0.0979694174118337 -0.100436286623033
0.298721165230381 -0.00968981444447541 0.0847937967298878 -0.0818192505510335
0.272330061336194 0.2650701975142 0.0614589136572746 -0.135280421933203
-0.0667041703070168 0.300223747827305 0.0720131037513425 -0.258557902763663
-0.101155554033275 0.108579955147779 0.252907619907719 -0.511471707611033
0.165639406867527 0.0891349598281569 0.406942836906048 -0.45197802776255
0.159809923056769 -0.133419776261052 -0.150302281349055 -0.367691032838522
-0.0989287895006025 -0.0581869093879731 -0.0081892716936367 0.133405733460622
-0.0449769737537018 0.146486250041623 0.242722058464211 0.0518758090778106
0.22187259348038 0.105845617056129 0.241263946416338 0.0318213400999484
0.199804073235234 -0.107803783410175 0.340393177630215 -0.024701579463661
0.0593112542044416 -0.159220959813953 0.379421908904881 -0.126176110493411
-0.00359821261126353 -0.14141119730206 0.342903315458717 -0.183316759657736
-0.0169034579016365 -0.132164948807725 0.233018711783472 -0.166953941806446
0.00388949388193623 -0.130935447351034 0.154856082103173 -0.151059716471974
0.0849086945020186 -0.133002960189168 0.150756786639312 -0.148587758652177
0.213800361891273 -0.0482691567928809 0.18497232501656 -0.0964224203156887
0.165413756131272 0.19622535975451 0.145860544658782 -0.0615976696858236
-0.123265206010733 0.127381966736947 0.0880416108908748 -0.202092960713738
-0.0148088257935575 -0.0944814077138507 0.321863918957985 -0.527782912462816
0.259054420766084 -0.0667539334681811 0.447167949380436 -0.456045063882918
-0.273725553165392 0.254818670076473 -0.500622196149261 0.381228174377384
-0.0170647941254922 0.272342835711079 -0.401030880622466 0.713470132454427
0.0964372076404969 0.046908075766667 0.00951315704474698 0.251958144809622
-0.0675776587165749 -0.0545068997846673 -0.162880421671887 -0.0408651521715699
-0.107452552705548 0.0888144823673748 -0.29235313565648 0.115151436047144
0.0213162433277246 0.133656000664967 -0.180724541344184 0.226663961810411
0.0932416514452966 0.0879972623351524 -0.12070657300899 0.22118170023336
0.115957135663444 0.0784110157603743 -0.179668433297529 0.183198734866646
0.0993107206397022 0.0629513892304364 -0.28832355130774 0.222652187951894
0.0736496031637828 0.0739434221533488 -0.364994624143417 0.187654505498788
-0.0286533092136893 0.0823734088827785 -0.370358318663172 0.0934034314887064
-0.0649065108735851 -0.0673668797647166 -0.271677171898445 -0.00531727021668211
0.146689446363828 -0.0756466948866677 -0.198585945631471 -0.0382187872457248
0.184690571520767 0.190342415265642 -0.107565759816209 -0.101998658950167
-0.104817284542695 0.344988148592941 0.154586218708231 0.289508597667837
-0.254049673677989 0.357801083842676 -0.418531597249537 0.304687089217
-0.0878164004226786 0.398184196251167 -0.429779114983378 0.748215899395542
0.086400065059601 0.212869037343904 0.0889091992130415 0.328900357643657
0.0595455223035486 0.079026418946682 -0.10759586632297 -0.0592599441965527
0.0371960349056506 0.110569569734758 -0.306907664842629 0.125392533918145
0.128263844008309 0.0949709787350067 -0.170146727698308 0.270748952396579
0.170672512002837 0.019625206793943 -0.0696274782229215 0.252446967102632
0.191348673904233 -0.00103533269514 -0.117897737590752 0.177474564292814
0.17447323518901 -0.0222064123396508 -0.228057895957056 0.209041812513925
0.196380140551187 -0.0165150370841805 -0.324488714894572 0.194103618357526
0.157095633906407 0.0486244815316249 -0.372425233376741 0.114525713047972
0.135529467738186 0.0040728700691282 -0.311915732578614 -0.0335937546451174
0.237465337285902 0.0695496406644017 -0.194553664522824 -0.0998497334961323
0.207293677653394 0.322449701418096 -0.0932046614895874 -0.127956571289508
-0.029229294820318 0.481232402477484 0.154644233054197 0.184099249413163
-0.153366772890513 0.43651092285119 -0.306117834773817 0.18950793697369
-0.0622077567054126 0.472443438462208 -0.389238180334904 0.747118945279442
0.118039566752607 0.34184907184707 0.195250378104582 0.402056915935575
0.217554733090703 0.201864310381811 -0.00807694956619741 -0.0436960919850366
0.220253830213772 0.107522885718275 -0.251831250412829 0.142142942284772
0.240384194861734 0.0229272577047283 -0.108292313161914 0.289377134008732
0.227646437866059 -0.0613299693158825 0.00846097074408075 0.245048363526493
0.236979958596243 -0.0742473363973978 -0.0379830749146155 0.140108978919544
0.225714660763331 -0.0905622826747404 -0.149942002195855 0.154913875479674
0.289239187624877 -0.085383734343177 -0.258797991340483 0.154139236981064
0.316146747010435 0.0200570999252101 -0.33740352922005 0.102281764786853
0.324381778106821 0.0796928873221759 -0.327137934272512 -0.0731329391278134
0.305239867662895 0.226181797487576 -0.198384445304911 -0.176369276255951
0.18531100160772 0.437761029615456 -0.0768319146582081 -0.212329541124509
0.0194660832532855 0.544178885349273 0.165006055808697 0.0300018852313934
-0.00291526054951392 0.458843009537201 -0.215160582641324 0.0442730476715392
0.0387880760171987 0.468131639559268 -0.293386284030987 0.687316017419274
0.189585650838983 0.389683937235132 0.313202559848594 0.401787242982832
0.376772136206411 0.257194343536645 0.101729666335627 -0.0276429426756736
0.389632941100297 0.0605480241288349 -0.132609296392342 0.146909074257911
0.326524623992324 -0.0746807216116618 0.00435179285921406 0.261463827846427
0.252371330927888 -0.14144861378624 0.106533221703662 0.192072059254034
0.245441314997205 -0.131263448658732 0.0458907581154267 0.08092813070444
0.241485183838648 -0.132755985443671 -0.0645878068533181 0.0824351292729827
0.335499789292709 -0.121721130131973 -0.171192728092297 0.0861271315952998
0.416282230384118 0.00936282832013638 -0.264694828905687 0.0556266332892466
0.451974540612594 0.161188510250938 -0.295445193003466 -0.12482379481749
0.310601583274646 0.365859511820203 -0.176839019533145 -0.255912032537048
0.11475234813977 0.498696569427122 -0.0404059630429551 -0.327856033075993
0.0411539447378299 0.522970778950901 0.195389124620964 -0.145327667301122
0.142533568159709 0.396280646742898 -0.168390844415621 -0.11197489298468
0.117489806559719 0.373760806290644 -0.182298288378113 0.575030360376364
0.224991407202357 0.355928170290521 0.38939830842927 0.316140100202114
0.468524379319462 0.243771598093209 0.185469826522558 -0.0302893974546098
0.484229351593411 -0.0183999080385265 0.0199350693252119 0.124683624774059
0.349811386121115 -0.169414903188898 0.144692687865452 0.184317558947299
0.233124949508821 -0.203394852466281 0.207081740647858 0.0986450060669834
0.217160940836061 -0.167069968278908 0.123461909990602 0.00910973481969696
0.220697359952229 -0.152529669922874 0.0183927471105984 0.012511658806882
0.325997486136394 -0.12874884536439 -0.0730790838001994 0.0119306023943422
0.437467544589374 0.00772458905506575 -0.156906949408255 -0.00478755376319157
0.477395227353836 0.236779262488165 -0.204503888184529 -0.172062392710226
0.225815718341431 0.445859786918002 -0.111249964302086 -0.312334757412634
0.00888744516339149 0.466708058172823 0.0342432098543485 -0.436826286662473
0.0597005476302833 0.420205696156081 0.252443705956327 -0.304495911785515
0.221126946441204 0.2494095442999 -0.160951317705603 -0.247407188559174
0.103197356860074 0.224147300908802 -0.0902700971910217 0.420906228506848
0.177982189127229 0.289727600218184 0.392709933195785 0.188728698252332
0.463798455719387 0.200799214296177 0.224963646842804 -0.029601375631173
0.471006784345131 -0.0903547444370833 0.166232887356523 0.0783127714499094
0.298626276669218 -0.226762877162472 0.271674567970676 0.0696347517641771
0.176372190897349 -0.228409747533556 0.288897565270252 -0.0177101493024514
0.156884648203373 -0.182444482739264 0.185280198385046 -0.0634116103008465
0.16608048803587 -0.159374915509571 0.0872135722990027 -0.051797366014837
0.263725021986667 -0.130081628552009 0.0196803565741715 -0.0533108322675767
0.38804519305477 -0.00010657566167061 -0.0323716926356478 -0.0558448894191289
0.408564331258256 0.275337931170081 -0.0732885101811552 -0.181021310603245
0.0819985879256295 0.43021216657201 -0.0133747448609181 -0.316941673030245
-0.0835685417790797 0.328149215045292 0.137237287611925 -0.507959204196811
0.100202192262143 0.261975817346694 0.32822732072658 -0.425647956557475
0.21900058231857 0.0554925635360566 -0.168798274516888 -0.339041807847553
0.00850775513314885 0.073935740680284 -0.0313794708439451 0.261236263891788
0.0740133742987043 0.227116373815216 0.329636778019651 0.0849828128242706
0.378099317272744 0.153276011613149 0.237296880180038 -0.00967753402313429
0.365343685264414 -0.12702331146006 0.280274071870435 0.0199747902823387
0.188754287162706 -0.224007391230423 0.357552058320142 -0.052092085837569
0.0881000139152348 -0.208026305273517 0.33706994381121 -0.128970003390212
0.0721793395891466 -0.172591744578831 0.22383763850434 -0.129334231031596
0.0863114386124924 -0.154072987085904 0.134221240186876 -0.108932749563108
0.175721876207492 -0.134667016176693 0.0958492184013947 -0.108496913430825
0.307579924150226 -0.0260933938841013 0.0875961649624302 -0.0887295782616894
0.296391229285115 0.258934824024819 0.0587656241975698 -0.139595468489932
-0.0569814807093527 0.316120065789928 0.0662602778385728 -0.267356111448542
-0.101934160611091 0.11867799529113 0.240176983288275 -0.539467863416506
0.17407290466532 0.0827393596466657 0.401639365569672 -0.48649326864859
0.158405260418922 -0.14619930250607 -0.172144248886614 -0.373782589720844
-0.104542262542107 -0.0546106344293663 -0.00312837781523126 0.137762019806073
-0.0398571420148101 0.155473893181661 0.252420788905447 0.0414647249243726
0.236429723794528 0.0976236971755186 0.250148451916545 0.0240237527709966
0.201469655004897 -0.123836354410642 0.350683161581931 -0.036433117004212
0.0519894443055124 -0.167042716089698 0.387332153855891 -0.150014844929486
-0.012267676627429 -0.145853228934798 0.343533174746368 -0.207337556210437
-0.0246113850878088 -0.134992027044213 0.232753437844885 -0.181008748715394
-0.00280586293466531 -0.135204142451738 0.150438099294665 -0.162153948733647
0.0818676826255079 -0.140800936211258 0.148246856549845 -0.161723682749518
0.217275884701363 -0.0614486806298001 0.189761927718331 -0.109344572095306
0.182140097355546 0.194004933986214 0.150069087326787 -0.0677259387098852
-0.122206709685238 0.139268163066706 0.0856742092494552 -0.207988348984097
-0.0209013623450802 -0.0972635404547747 0.308713813371272 -0.560577989169708
0.264354324708172 -0.0818706761283951 0.442948325268219 -0.491768656025436
-0.357937968913009 0.112717118259215 -0.62961973884627 0.133772025401366
-0.124114147835371 0.23719038561603 -0.681703794642243 0.466953184294155
0.0719328346659424 0.0812805451941198 -0.10406206795635 0.222944542677889
-0.0381553512136088 -0.0763408539885137 -0.13759802776204 -0.111967215960581
-0.135987323335718 0.0391638821277011 -0.31674451412811 -0.0167443615025159
-0.0364686476519282 0.133027700468796 -0.261603717069993 0.126181033020823
0.0485859507739792 0.124529827883908 -0.201589960885383 0.146258809542525
0.0741267456316097 0.125123526246051 -0.238283960303034 0.0851791795868734
0.0641910772269424 0.103749591434888 -0.356671292225885 0.0779864547871551
0.0350128654975256 0.101236203199403 -0.413196889209331 0.014435797110822
-0.0615832408080024 0.0679928289698392 -0.380221542690473 -0.0762012792582359
-0.0355772092698747 -0.0855812100455799 -0.242253715550041 -0.131880805934167
0.165403626628003 -0.00302151858058016 -0.160789554411881 -0.124684788442472
0.0838900179103599 0.251817516922665 -0.0600979632360682 -0.139647581773131
-0.247269310580698 0.271271646152645 0.00404017370364088 0.329412708457289
-0.388521900192275 0.216796076821879 -0.514760931122491 0.0978551112235764
-0.244155335567439 0.321056466070212 -0.71951757017707 0.483707621333042
-0.0146286551584382 0.22726853090543 -0.063861624325082 0.32623959875624
0.0186896615721816 0.0981223814136427 -0.0766085696540373 -0.107190833577173
-0.0119890786150007 0.121901574750498 -0.332596724866423 -0.0189475112689401
0.0787068348420821 0.145291292916481 -0.272987249101727 0.168463949134952
0.148393238867771 0.0952507076518955 -0.170083003480571 0.194084612134576
0.178895048238856 0.084646828287318 -0.180760919381428 0.105014388224271
0.17080190198813 0.0590031955185042 -0.295270642869063 0.0913575028271841
0.186405257484118 0.0713597773820698 -0.376330476892564 0.0394257314160386
0.125974926258754 0.117678797380389 -0.385902365710081 -0.0530851618951744
0.115071938284222 0.0663144816586935 -0.263445394059065 -0.168011832276518
0.182565381239495 0.168673581992158 -0.132572468431417 -0.176064096932301
0.0461093382609047 0.382406599665597 -0.0380129553172875 -0.157939123975013
-0.238079707093801 0.426616861034264 0.050092880499279 0.233671891016104
-0.332939858277998 0.330854241207799 -0.356901523508248 0.038148318203846
-0.255802106146628 0.401956435152155 -0.68040376198336 0.497753421035747
-0.0443689527090514 0.3570361457782 0.00408400983868071 0.439948984713241
0.108081905709102 0.277559876985446 0.0117945359731832 -0.0543285320389975
0.156281590010314 0.198932504146791 -0.28994825016619 0.0124998508901845
0.212596921565696 0.128984083552016 -0.227012729542081 0.210488087540361
0.237004229249666 0.0467072722937524 -0.0970655253072098 0.221501113711151
0.253714612078737 0.0377801001082289 -0.0933445264430493 0.105685276642038
0.247150236524006 0.0187426420135326 -0.201316403583232 0.0753326899362889
0.301280623485228 0.0475454042562268 -0.29815699626766 0.0326991498708354
0.284170875742737 0.157340087304493 -0.346757294047183 -0.0458355881993728
0.254262754566987 0.214939696067941 -0.257906689437907 -0.203789058794232
0.174981816853352 0.342926481065056 -0.103940958945452 -0.244218838313602
-0.0252927661445468 0.478740058000694 0.0140798592114681 -0.230343906763312
-0.222851960690271 0.504397716870433 0.132258673369956 0.0978492689490096
-0.204894963831011 0.418450162255323 -0.205840939096161 -0.0571450006024394
-0.163437808432267 0.443768546386222 -0.569325983607202 0.485687430391459
-0.00290825241777476 0.433416975022787 0.111784047468338 0.490332251732136
0.227564371038206 0.39703528075272 0.106829794579169 0.00472822231495815
0.331602205284476 0.229010498554847 -0.183414887431291 0.0618174607703343
0.334821438931427 0.0749711963479294 -0.114973870776744 0.23352584970536
0.295370484237032 -0.018245362840801 0.0140351835976825 0.216163144614316
0.288220087932033 -0.0123173988386122 0.00816189213738259 0.0888525787411763
0.280233340816671 -0.0136917955902382 -0.0926580835289157 0.0484671154600403
0.358733852090457 0.0332608877690349 -0.188142786402827 0.00930244676702735
0.380858919998763 0.18957695314788 -0.257258678470673 -0.0532002174024047
0.334266780868379 0.341532709680649 -0.205837964318443 -0.230147103262423
0.116742826882906 0.471698142794577 -0.0506997219161017 -0.3044138403049
-0.116616199946678 0.502325242444094 0.101472905953797 -0.320505182414178
-0.19237233465251 0.493261603487555 0.241998739938881 -0.0437170069409515
-0.0470986037359457 0.426138269185372 -0.094961591865173 -0.183164176091683
-0.0491157532974663 0.391521852397956 -0.420891550986417 0.433809850016452
0.0454804585164941 0.420845844894934 0.215243799016157 0.447022510577803
0.320259867309266 0.423693068255122 0.184894472460837 0.0380296720239813
0.452039663798629 0.196231451082208 -0.0374369459922175 0.105129147349752
0.396320821133479 -0.00234384564855578 0.0436047456686518 0.224897682874177
0.305019145311469 -0.0845291381064401 0.143076080199212 0.174788494633239
0.277378663960189 -0.0578476610792196 0.107578810458661 0.0594716334772945
0.269762034059659 -0.043992637327835 0.0122564204134492 0.019884416363805
0.353238697152119 0.0202951711755988 -0.0680406204719941 -0.0163087016786545
0.398837650590541 0.196235101511831 -0.13206154799997 -0.0590906223061666
0.327806047649556 0.416919820568185 -0.105087980906993 -0.228235689849909
0.00565841255553106 0.505819996950912 0.0328789269351601 -0.326155378598159
-0.198704053352575 0.423393387021253 0.222174008115649 -0.389201395368097
-0.131371857031675 0.406181692337451 0.370645436946272 -0.161388037199814
0.0899561512034224 0.329986547441024 -0.0314580014354267 -0.307325144518084
0.00174352153395733 0.249248518520786 -0.270588020829301 0.337555142478032
0.0307187055904391 0.341070432836425 0.273806392588703 0.333742868082746
0.333834360485297 0.382185947861348 0.220422622233397 0.0578443745023625
0.47163724532631 0.12255283561897 0.113684286462265 0.12750526926759
0.373514713674189 -0.0788116103682906 0.210456948696202 0.179013267817098
0.262767543714614 -0.133776520352156 0.267113072552959 0.10629408700682
0.22791270516658 -0.0989225944844721 0.19351108417842 0.0207941966317408
0.219614999484348 -0.0740252171920145 0.101751234556123 -0.00804003944454688
0.296963504356803 -0.0070344074815785 0.0443501698582592 -0.0365615963673908
0.358140693464343 0.165330106386382 0.00237334579966929 -0.0531244287312166
0.249146092459803 0.419939046913024 0.0175866621749039 -0.178088990170291
-0.119735057220568 0.426988771759326 0.123755400839328 -0.286917432237028
-0.220929253175579 0.255918526688862 0.355332110626849 -0.406093231756935
-0.0256711475676153 0.27791648333714 0.498275535325459 -0.230352168277226
0.174388879658009 0.151338089963319 -0.00119531559565786 -0.394884140733114
-0.0220217048563251 0.0693840934209266 -0.144565178170811 0.222484398958915
-0.0378313377489973 0.239096511020529 0.264253857662483 0.21609972116994
0.27645765169844 0.299898710291768 0.223562788430154 0.0839040844999747
0.388580401636905 0.040363629212663 0.242237878504335 0.128928807153503
0.269003560885399 -0.12453653286066 0.342566069396327 0.10843697940284
0.1728657063362 -0.154497287748008 0.360081641103622 0.0270825404025302
0.142983340207741 -0.127261254696142 0.257234180479239 -0.0217886491405075
0.144818381447158 -0.104960093550494 0.166662613980924 -0.0404386769790819
0.218579622831422 -0.0502840462823438 0.134302476469083 -0.055863324279263
0.294370079634234 0.104739990747071 0.125951733129073 -0.0336013595907491
0.158386072003048 0.359093243272931 0.116375883044727 -0.0847631363400328
-0.193089744758507 0.261216380348191 0.175575288507336 -0.208744353971442
-0.143480305531091 0.0559768971776113 0.469259711698597 -0.385648101150501
0.122247762345931 0.147171527590526 0.595514065194502 -0.248230822996615
0.208265637488876 -0.0593402591026251 0.00438405894782205 -0.425358879482962
-0.0710513791619427 -0.0973733657171081 -0.0628615984971555 0.126885418142137
-0.108939693987044 0.124545975618186 0.214616042252944 0.146432397864426
0.171658017608553 0.187321929807554 0.219675090116025 0.127080479473561
0.236537915627507 -0.029195450708127 0.331305850117515 0.114616880776939
0.117983682293406 -0.13396042801261 0.415230754509536 0.0356739272236905
0.0529433813779997 -0.142264607044931 0.400654587595813 -0.0392109243447451
0.0365011239084072 -0.136724702112106 0.285966728662361 -0.0624682992616017
0.0543050923319513 -0.126620246471899 0.203813814140074 -0.0816006938948255
0.133431853400039 -0.09639898744267 0.204102781167073 -0.0830837359209881
0.226029116648411 0.0329972120851272 0.226855244633045 -0.0115317133932087
0.0851050896148058 0.25143016786196 0.166456433983996 0.0181125875126365
-0.174395404232069 0.0716528808208779 0.169151757018946 -0.14754470234644
0.0261277927259252 -0.105671456830606 0.545604805425583 -0.369713764636355
0.276507357569144 0.0383059013150252 0.638223681152281 -0.230552490180313
-0.348117582096984 0.13281302526463 -0.616257875081147 0.164171570143442
-0.110106431304923 0.241943847240651 -0.648820421133997 0.494637326586539
0.0751085909210293 0.0743801108387678 -0.092955945482092 0.220153820408367
-0.0437649948221942 -0.0732073831894053 -0.147131075098178 -0.105446920561832
-0.13306268267164 0.0492443335469493 -0.316701013353888 0.00216591711601863
-0.0259050412658267 0.13488150319013 -0.250309790575906 0.142042720310372
0.0574806087873491 0.119427880018781 -0.18575744828254 0.154988782885574
0.0840104651783613 0.117789878756428 -0.229065548514289 0.0925245255485513
0.0712621871677233 0.101162909935281 -0.348588605962829 0.0945174317911553
0.0418731594462595 0.0978317225266425 -0.410157529304852 0.0387420722260669
-0.0545943519442742 0.0748785069163238 -0.381754240609244 -0.0558344413810509
-0.040982579770702 -0.0797228539884552 -0.246170960820215 -0.121056299062384
0.163954463075383 -0.0121328302686387 -0.167103727799639 -0.117727952093256
0.0972910089686147 0.244325619914269 -0.0692029430146275 -0.13461684960935
-0.231641161426747 0.285723288197941 0.0247153162735656 0.321678883722697
-0.373481009656412 0.231510340189667 -0.504312010079028 0.119770115623627
-0.224308280060522 0.331960609751539 -0.687191341574162 0.514987679912806
-0.00412466603541581 0.222546266520056 -0.0483411600804328 0.321520895296068
0.0224791761293755 0.0958723931682497 -0.0868017489374021 -0.10603225764848
-0.00659299280466427 0.123349810748151 -0.333816664547782 0.00213701454488487
0.0859786930060392 0.139392862362377 -0.25953683017157 0.186444114410743
0.153423538886089 0.0864035531599975 -0.15202473095618 0.200616861601517
0.184425090907231 0.0727549556741561 -0.170348201492203 0.110576334501137
0.173999631024667 0.0510721017211915 -0.285892638837183 0.103948350741542
0.189751814507753 0.0593620891699158 -0.371618677949616 0.0611775466361427
0.134196718668104 0.110389008711057 -0.386331534544948 -0.0315058668229844
0.118074215801554 0.0607985801533708 -0.270899512386928 -0.153139607612758
0.190159770725578 0.15901727693588 -0.14183738821924 -0.17050160742533
0.0650314222709108 0.376345307313362 -0.0475386582423404 -0.153776200171251
-0.215419789127334 0.437961288042842 0.0661451829053031 0.224864377562571
-0.312188944852052 0.341989825895066 -0.352551124384501 0.0546972367994657
-0.232879558421439 0.411227156111317 -0.647993839668732 0.527897347224053
-0.0274550103838091 0.354063283300519 0.0267755708984892 0.43043601806094
0.122209481221231 0.267319457977556 0.00152922305594069 -0.057912295902476
0.16535509706826 0.189324594415948 -0.288680290291643 0.0322767999895344
0.218545787640006 0.114697243833284 -0.212658998113292 0.224086188495052
0.237351305107569 0.0321172558161913 -0.0792763171223575 0.223008686241641
0.25476381449749 0.0206981456789226 -0.0850862180702936 0.106942884671278
0.246799826287583 0.00560005792201846 -0.194299782927755 0.0843661419138859
0.300508499335114 0.0295596551594022 -0.292558619048845 0.049822350431031
0.293159369797651 0.140286258785934 -0.344026208219586 -0.0252104125601799
0.26506345733206 0.198653165908195 -0.267159291936623 -0.187406753796961
0.191426963666485 0.332136643595922 -0.117109182074521 -0.238552295226445
-0.000809570030206614 0.474985169582578 0.000660647925155841 -0.226629458569042
-0.194609903822429 0.512399551117996 0.137470993279548 0.086457333135144
-0.180293367551673 0.422263658247451 -0.207822530461577 -0.0480440586334884
-0.138191133497854 0.448777995575116 -0.537984320453245 0.513247526887733
0.0167934140585045 0.427596825193038 0.132100220793608 0.475642954656785
0.248967653956353 0.378956440562563 0.0992389150031182 -0.00485124649219656
0.343768748261823 0.20819203948051 -0.18153300834043 0.0774644667376787
0.335068947458756 0.0549368739511513 -0.0998236932008815 0.24191145186864
0.289375614551481 -0.0335402190010235 0.0274969694403628 0.210892992393146
0.284166445404636 -0.0291902724598373 0.0122231034207374 0.0851877878009361
0.277656422069846 -0.0286285738376198 -0.0890132664744367 0.0508762963854295
0.357089380160492 0.0141633334265458 -0.185093704502097 0.0202909518768019
0.391218077054981 0.165873703310972 -0.254869618629587 -0.0377724622770702
0.351647160795924 0.318250371829715 -0.217605191466541 -0.216166769862321
0.142854477737636 0.462452723899713 -0.0679135250744537 -0.300270344405321
-0.0905962497269633 0.504082187803273 0.0830343787360075 -0.320641665515541
-0.166330389291133 0.497325255283285 0.237746431273327 -0.0585915559669041
-0.0246154919630677 0.421641555362446 -0.1055351183636 -0.178648512909923
-0.0289056436540822 0.392554830324241 -0.393616427157351 0.451299777280022
0.0644997110596229 0.413013877817251 0.23553464229086 0.427141885925582
0.342218821238566 0.401461623503064 0.178416310297416 0.0256173014815632
0.461262424625097 0.166943391638774 -0.0337333764022941 0.114113368064799
0.391219117563773 -0.0253543689720524 0.0587601885518233 0.223372354075951
0.295317421648502 -0.100202291284067 0.152556061220488 0.162758392493166
0.271475150098116 -0.0745540977301266 0.109144156789028 0.0515310916250541
0.264700891492959 -0.0572409459715917 0.0120680687742848 0.0167589617987826
0.350008371670484 0.000385147124202858 -0.0678995670681588 -0.0117965072813835
0.408699114060217 0.169755297303049 -0.130470931381265 -0.0509044833004714
0.348069795410292 0.394954059578059 -0.116269689599413 -0.218457932843105
0.0320987814081615 0.50352297745887 0.0149168450481029 -0.324295515300423
-0.17595152394181 0.431889336032822 0.199095848464369 -0.395167178400418
-0.11229318331946 0.406595385208591 0.358604387504562 -0.179271531003246
0.105457202594562 0.317813891140398 -0.0491007919078246 -0.304154840038414
0.0148755018041956 0.247790339328127 -0.251790246953157 0.347999061267072
0.0457438824284457 0.336634263761463 0.285824383257744 0.311836952863902
0.35474082057695 0.36022364409776 0.215986738979481 0.0437518585054755
0.475048332253036 0.0928563339575753 0.118681603702862 0.127978072278867
0.363452501585722 -0.0990179147979995 0.220126300401581 0.166638964654217
0.250851134139416 -0.146677258324289 0.270762921530756 0.0874728684319094
0.218244883550985 -0.11122437356632 0.19291656964451 0.0103489689412788
0.213675987683072 -0.0855325433424988 0.0988082543831542 -0.0138480717359631
0.292826811969519 -0.0235125771342799 0.041232931812856 -0.0384036911421793
0.363734528925218 0.139777723626545 0.0038892737100176 -0.0522620325625607
0.27481093401985 0.401063168128542 0.00778383120310302 -0.174406974666877
-0.0959440310992998 0.430045379260457 0.10712946415363 -0.289056977948746
-0.206690936213526 0.266444755124827 0.329682704584563 -0.419975735232146
-0.0119404786070399 0.273408937175773 0.480177276847557 -0.254677043402577
0.180295187724278 0.137488290701467 -0.0248160466212257 -0.391366976284106
-0.0184057116127896 0.0712888653679977 -0.13205405011952 0.227618527413878
-0.0255074945040594 0.240041430403215 0.272503961830721 0.196892742377789
0.292178501781467 0.280962054816254 0.222093753587675 0.0701704443835237
0.388848520445505 0.0155806204595374 0.246247441003888 0.12009577881877
0.257546689644145 -0.140031985419236 0.346894711549117 0.0873050068553994
0.159660304417215 -0.161997789407493 0.355407585453187 0.00484781399841896
0.132812351933917 -0.134678265221715 0.252093519353637 -0.0330649723499867
0.135703615101772 -0.111871341419503 0.16074402518994 -0.0484604599040703
0.21160325435352 -0.0618576890292557 0.130162739757293 -0.0635623944100596
0.296431395468752 0.0835250294772993 0.125930997840673 -0.0402732442636276
0.179687028741748 0.344322728262654 0.111298291570091 -0.086261526660169
-0.178048348172127 0.27078034130193 0.163755705331418 -0.21260599670178
-0.141877359305117 0.0627344383279019 0.440946432956995 -0.404877178144251
0.127172755231042 0.13595901868996 0.577354239658194 -0.277394644997817
0.201534319614507 -0.0720281571876716 -0.0193752308604436 -0.421523422810129
-0.076145885239586 -0.0915948714944847 -0.0556758160988848 0.128055088059932
-0.100615903620719 0.130512538834188 0.220609183352128 0.131147247847853
0.182506697002025 0.175490312130421 0.222526798348161 0.113316120450681
0.232158164609037 -0.0462415947712325 0.333969553343724 0.0991397208544544
0.106749639505556 -0.139516876647159 0.414296647800591 0.011413617403899
0.0420721036219816 -0.142829208857953 0.393211836193339 -0.0624738052095324
0.0255761098666406 -0.136415201025624 0.278265028251431 -0.0761351288149635
0.0446942920454291 -0.129156737889194 0.193947959569733 -0.0913330251945039
0.125887025143453 -0.102773825879494 0.196277939394729 -0.0968685867149429
0.22457921748834 0.017511797369092 0.227264469651948 -0.0246903661997106
0.100406785935398 0.242684749609076 0.167981772047475 0.0132912894036201
-0.170788554756242 0.0815920623674599 0.160759486701828 -0.149193876694922
0.0180427407102981 -0.106403330010705 0.519134063352561 -0.393828269962016
0.275526811917143 0.0204771073039599 0.617811670071643 -0.261454255950905
-0.337134191759698 0.143599881210164 -0.60038503724842 0.181600186150144
-0.0975437274968064 0.241399098276903 -0.616572626173525 0.508546834784508
0.0763103664631601 0.0679622894927682 -0.0852015903879827 0.214363029418046
-0.0474038560410381 -0.0698971387392869 -0.152708763194161 -0.100553051619519
-0.129381264771907 0.0573750421766596 -0.313008593698271 0.015332003910845
-0.0181603881553448 0.133415400665576 -0.239159975505747 0.15205881838244
0.0621286568390363 0.113255029120519 -0.17138330258222 0.157323595952851
0.0895671279415408 0.111917916422498 -0.220161805995237 0.096299121819495
0.0755932821012589 0.0972755232677793 -0.338007698603579 0.10565836909695
0.045969045287059 0.0945691856308166 -0.40223244512639 0.0560727595479361
-0.0477808534037748 0.0781237102511598 -0.377094506554761 -0.0393203248723853
-0.0443969658229505 -0.0744252658355394 -0.245824535239996 -0.111855296512043
0.160323333441103 -0.0176340879687102 -0.169676798109642 -0.110782992458342
0.105287511027767 0.235784080283552 -0.0750668893621763 -0.128193872404538
-0.216671695882196 0.292464972922748 0.0401230260334299 0.309886118325442
-0.358179060952487 0.240604722877128 -0.491888302867921 0.135044121934577
-0.208299974014876 0.33508210454878 -0.655090970314561 0.530377002535623
0.00215093848836134 0.216769495268749 -0.0364243690635252 0.312547565084903
0.0241130241569479 0.0919356418586704 -0.0941082535445105 -0.103450520103906
-0.00171628707956458 0.123622812618688 -0.330587841739895 0.0173082246911594
0.091624681044414 0.133220665569835 -0.245550323427678 0.1967000919082
0.154200345704275 0.0776376254327134 -0.136289655090532 0.201698578683274
0.184953710077443 0.0622064114522398 -0.162459681926993 0.111373625311128
0.174761843702422 0.0445256932234121 -0.27612183517247 0.110713198402267
0.188481500549562 0.0509296019073609 -0.362084839569985 0.0767941789013853
0.139520417484834 0.103785474391391 -0.379733591112461 -0.0141176374640268
0.118257345376999 0.0566203229038284 -0.271830668779944 -0.141207560367364
0.193778084295895 0.150419816806015 -0.14803141476755 -0.163129606331853
0.0790495890465518 0.368710760155636 -0.0533361979883285 -0.147525876771876
-0.194323356002385 0.440730397907127 0.074967803172109 0.213755272730197
-0.294649586879891 0.344046921524005 -0.345171298001495 0.064227592598752
-0.213293469853119 0.413928664769997 -0.616495457002755 0.543321316925605
-0.0175494358303237 0.347011229483721 0.038971414269148 0.416871483295046
0.129934155907954 0.257044491923531 -0.00698000474962684 -0.0597114743706742
0.17025939242948 0.179665371667422 -0.285913640163149 0.0467767550737676
0.219635753177825 0.103218078687386 -0.196077338387814 0.232089837383279
0.233211348562329 0.0220610833905175 -0.0651684335928968 0.220525202520079
0.250656016854701 0.00795025403535743 -0.0793862514089612 0.104839848471534
0.243890319630172 -0.00284754406064739 -0.18670946187069 0.0877458928273482
0.296118201555902 0.0173705225924508 -0.284705587551437 0.0621490328136081
0.297559344654214 0.126382420221934 -0.336648010307969 -0.0107918914729274
0.269652327592568 0.185193018748486 -0.270362074110246 -0.173882227698626
0.201780820138654 0.320245291250558 -0.126022162419306 -0.231806752053317
0.0173729414300523 0.468707145604076 -0.00766872807157222 -0.219994616626389
-0.173210128057358 0.509634455649369 0.138937535937464 0.07750779602145
-0.162772785295952 0.415990524119362 -0.206778022841596 -0.0418077409448124
-0.119803061111509 0.447503584985572 -0.508632155905885 0.524309946377299
0.0286622611156223 0.418561039089496 0.144750209792091 0.457200272077806
0.259861507698754 0.361241135049427 0.089835944392822 -0.010513297006879
0.348175070655143 0.189572674758862 -0.177302175395385 0.0891769915856114
0.330749032143906 0.0403187636700301 -0.085334047127758 0.244004744945982
0.281823213609102 -0.0447872254383882 0.0377603611302475 0.203387271578216
0.27743724537688 -0.0415067564494053 0.0158960071194599 0.0818115958837103
0.272493893791161 -0.0387084337450305 -0.0860347310159388 0.0519055017743134
0.350696505209655 -0.000662318662098691 -0.180509855332853 0.0290316096401142
0.393565897270627 0.145926807791824 -0.248971859402232 -0.0270344969981018
0.359469484762059 0.298934287870934 -0.2213690102905 -0.202505231268705
0.157948468709282 0.451897630470527 -0.0785557823361128 -0.293045136013362
-0.0732932863586611 0.501304962427973 0.0696835933112971 -0.315865727757701
-0.146840079491138 0.494815365653212 0.231091412434729 -0.0683267802301361
-0.00864595602417658 0.410268017517796 -0.111459424597473 -0.173605098764243
-0.0135912432912402 0.387712667207982 -0.371474034189855 0.4578219139121
0.0752329274221685 0.403626762503731 0.242673603177058 0.40807037527375
0.353934236187908 0.379696553001311 0.168964113573114 0.0174911850425391
0.462601201977323 0.142606383146248 -0.0303089760704916 0.120037632864759
0.382213376190916 -0.0419919179566395 0.0681644332402253 0.219699731584795
0.284094029736154 -0.10965589684452 0.156722070747057 0.151047250344355
0.261409851901407 -0.084940302994907 0.108949206573944 0.0466144164635886
0.257180432237502 -0.067146954008611 0.0118110148849007 0.016315749843293
0.342850401951691 -0.0128338828123371 -0.0660389695357996 -0.00814516542252165
0.407975286773704 0.147775132999976 -0.126878711956427 -0.0443961695018542
0.35794584427869 0.37082973401518 -0.121904141985817 -0.206818615421524
0.0507992927396064 0.495372797327609 0.00317296178668144 -0.318436738089494
-0.159215369678739 0.433574077157298 0.180294434909912 -0.39277846555626
-0.0953781974270217 0.402556124650676 0.344583649175773 -0.191059794714787
0.114040215220573 0.303916779039821 -0.0604672821556952 -0.298175163994109
0.0229550737583104 0.244170946865034 -0.234309376013385 0.351669290747764
0.054630990023924 0.329911094584851 0.289353692817465 0.294137491784265
0.364353884193714 0.338517810975957 0.207726638063937 0.0337010643898529
0.472007265405345 0.0687866612413519 0.120917276497621 0.127697342772445
0.351018367183981 -0.112954718080884 0.224865423082927 0.155522857086477
0.238182054061709 -0.153809484896946 0.267835374988202 0.072505019992243
0.208341475752242 -0.118360744323098 0.189630651628021 0.00440894705570675
0.205079861292158 -0.0932223742246987 0.0946118997840744 -0.0165001061047551
0.285583506743302 -0.0346616012900609 0.0389832155140224 -0.0391547314415113
0.36241094048651 0.119856400111963 0.00503190170205753 -0.0509097842539119
0.285399760331978 0.380271906093779 0.00196742537962058 -0.167207735431968
-0.0775736383637907 0.428949974715592 0.0950508882217107 -0.285666121575882
-0.196466427304607 0.271666085776917 0.306840599849775 -0.423345468637401
-0.00352447515228019 0.26586034176791 0.461808741266625 -0.266546550368236
0.180161495293935 0.125545164909592 -0.0407148426395674 -0.383185784304012
-0.0163918914780574 0.0722138262191909 -0.122043430014114 0.22892088141456
-0.0178474522852032 0.238231099326105 0.272236754382664 0.180477253280363
0.301640771327209 0.262632545098614 0.216414352337118 0.0614783399343342
0.383397380952998 -0.00477492474178028 0.24708145750679 0.114415119884507
0.244491305706268 -0.148281539747462 0.346083334217463 0.0720768014551382
0.147424302810989 -0.165754529941151 0.347841187060487 -0.0119827600287846
0.123015344218899 -0.136944269574487 0.246159170634418 -0.0411973757591904
0.126869398163093 -0.116009112835401 0.153696726157051 -0.0531160274675535
0.204694011542594 -0.0686969502921446 0.123970367257025 -0.0689670602416581
0.29283533486482 0.0665287057702796 0.125458613802108 -0.0449746965636989
0.191863884840342 0.327990493257397 0.107538321633003 -0.084037067234139
-0.165194297366629 0.274955138185782 0.153185495567655 -0.210967564436806
-0.138702234163307 0.067685687665266 0.415900770669436 -0.412935945789495
0.12848443714694 0.126264162778211 0.555156590205756 -0.291788391476757
0.192988766764276 -0.0801880845145899 -0.0369164073687484 -0.412721871721101
-0.079186371298238 -0.0861328733932699 -0.050448637709543 0.126775203692425
-0.0945875354815264 0.133445798735535 0.219959738752834 0.118334007834144
0.188327177410771 0.162748995838598 0.221326229611986 0.103724427163557
0.22579988123357 -0.0580165014191555 0.332572514220983 0.0888855686323222
0.0958071497613718 -0.141225072435394 0.406567588082849 -0.00704987354632155
0.0321402206367318 -0.14157713814116 0.380458182580846 -0.078724636770893
0.0171333160022121 -0.134335134714428 0.269666643274041 -0.0834282822144108
0.0362371763287981 -0.129061521749975 0.183799436954538 -0.0957557247144174
0.118370952137268 -0.105984167834092 0.187002637315096 -0.104535857937828
0.219247027142419 0.00495269393104235 0.22517360402052 -0.0348743409995643
0.110437963226459 0.233419388453872 0.167688924491087 0.0104062561479927
-0.166353805997515 0.0883777141648995 0.15415428775924 -0.147233033055608
0.0113950750131172 -0.105720465044254 0.493127488038337 -0.404387894011998
0.269749285972892 0.00792441018824327 0.598316275569756 -0.276809208180021
-0.328963868057352 0.150561908243316 -0.587482729036461 0.193828436186024
-0.0895522857226832 0.240975936835487 -0.592237681284904 0.51404315896313
0.0766690043644547 0.0629994200763183 -0.0784749160588088 0.208483734415698
-0.0505244343853063 -0.0677797480730598 -0.157667825854762 -0.097576498263035
-0.126535374530163 0.0634509440226943 -0.311151486175645 0.0247493420201656
-0.0122223448623444 0.131456701354584 -0.23007000330058 0.160515073997013
0.0659160264281152 0.108590593160489 -0.160365150326384 0.159680316939846
0.093805728168472 0.105834690075489 -0.214942623927287 0.0980551161045788
0.0793928903116859 0.0951547293440569 -0.329927523523416 0.112699116042441
0.0484355315610434 0.0916925771452838 -0.396608808013539 0.0680068359855237
-0.0419918665200425 0.0800391009038863 -0.373293056468032 -0.0281041568263975
-0.0467278094560231 -0.0691910262338132 -0.245319236867931 -0.106198111814518
0.158090638181187 -0.0219245723821547 -0.17210629257489 -0.105711054727122
0.111042979910491 0.229310279151159 -0.0792301954403877 -0.123068920302921
-0.205748371655938 0.29759852153959 0.0511827637985107 0.300222401824425
-0.348186150882646 0.244160328170181 -0.481560978551433 0.142700764563802
-0.196825089538038 0.336328526131412 -0.630139719339165 0.538005534394873
0.00606671182480192 0.211847993884028 -0.0289872237701997 0.304808085942984
0.0247391524424358 0.0896332366837295 -0.101411690556514 -0.102681167471559
0.00181308359384035 0.123697221457721 -0.32890756853987 0.0298337890139717
0.0947803573246813 0.12841545093699 -0.234226395662023 0.205172723161008
0.154133008265875 0.0708882576570743 -0.124429147779086 0.200442934417969
0.185066088874811 0.0542992095291357 -0.156848969096035 0.110828814855692
0.175689981800019 0.0397878078474353 -0.268869372436307 0.115292307787088
0.187635644837209 0.0445825892181268 -0.354784140505505 0.0878737336291338
0.143919420159633 0.0990421352186203 -0.373477748140615 -0.00317156653572732
0.118821937777838 0.05385540243975 -0.272358275189269 -0.133228645099922
0.195666822708115 0.14325110133695 -0.152248859834199 -0.158887162699758
0.0871210222453643 0.362710899368089 -0.0568760468077175 -0.141938085607279
-0.179696100653379 0.440977584856958 0.0816603913904732 0.205912610000144
-0.283791467783786 0.343351442063946 -0.339423049993919 0.0700609346794677
-0.19913861763826 0.41369434979856 -0.592342405467338 0.552163035990147
-0.0114953996096242 0.341664365760741 0.0480798276273309 0.40738977152531
0.13415869192247 0.248217863310442 -0.0150540384412431 -0.0608741585252011
0.173750554003333 0.172711240319692 -0.283115697198325 0.0596485099944733
0.219348039699253 0.0954816345733069 -0.183485679066085 0.238632897119079
0.229384696997025 0.0149339453014617 -0.0546077521696998 0.216899347516587
0.247432314309204 -0.000547465077398484 -0.0751409647734321 0.103358106658514
0.242634336874086 -0.00925686711178036 -0.181698480652457 0.08988318071383
0.293091445936649 0.00867214964704 -0.27819455185308 0.0707266370448155
0.300232333479865 0.114893506572151 -0.33048546744154 -0.00125231691392454
0.272056511232541 0.175364020316724 -0.271447228773497 -0.163342604022702
0.208656231805496 0.31181418903504 -0.132312959274465 -0.226179278892084
0.0285161776045271 0.464116783599946 -0.0139349112093896 -0.215589603564677
-0.157358225325565 0.509225675058795 0.139540082518853 0.0695393141379615
-0.153959772153132 0.410230968832872 -0.206599949979982 -0.0374697860607108
-0.106894221048251 0.445138799939926 -0.487593548363977 0.528924724630866
0.0352405795007438 0.411760057433274 0.1508197607348 0.445627950098094
0.266177721963669 0.348379381924064 0.0812945243159152 -0.0138137745820976
0.348676347702083 0.176098724920064 -0.174535576214436 0.099853921819426
0.327075748844226 0.0302933170932113 -0.0738803498635157 0.247351775878618
0.274740999704102 -0.0528660747657666 0.0455188316073431 0.197207786839076
0.271446290365929 -0.0500838873267349 0.0183364417784875 0.078594296542054
0.268278827089678 -0.0450979231391419 -0.0839085129876331 0.052274474947769
0.346167939821231 -0.0107720931940755 -0.17594388160074 0.0338770878687933
0.39479063301797 0.13016787794603 -0.24348044687279 -0.0185661330160041
0.364708899967013 0.283734661746086 -0.223697560018148 -0.190975968137324
0.169093516300038 0.442887000655638 -0.086748097110417 -0.28741902137728
-0.058324501543666 0.500078432915442 0.0604188326178891 -0.311178728077518
-0.133591138028155 0.490291182524393 0.225583745775798 -0.0746220955042037
-0.00116080689097183 0.400034857117066 -0.116309324984047 -0.169909598837073
-0.00411709762456481 0.38388741106117 -0.355652976457761 0.462903513909905
0.0804118972351435 0.397041605216479 0.247533536118292 0.394030539720384
0.361921541184731 0.363039686670769 0.160171375131198 0.0126418377457366
0.461466328504132 0.12529867373044 -0.0266685100014559 0.126775764120682
0.374930385346357 -0.0520943638811974 0.0771765031134049 0.216767036964234
0.275265676124563 -0.115471433545611 0.159586290528886 0.142234776615955
0.2540783329143 -0.0919169016312175 0.10955703924236 0.0431192100295637
0.251302163424341 -0.0736145486507116 0.0111612625464692 0.0155528831068328
0.337222525163275 -0.0226873416950866 -0.0651384926072804 -0.00562549704406074
0.408459675445646 0.130755872111539 -0.122580115533993 -0.0400714807047938
0.365745506370952 0.353648190888265 -0.124529782052864 -0.197839338070396
0.0641961376262759 0.48894271384149 -0.00556516665973657 -0.31338268378723
-0.147286267271225 0.435144086727102 0.16774744485645 -0.39060848659557
-0.0859274835498056 0.396217358929194 0.334899609903015 -0.196762936974487
0.117612015119482 0.293386918987221 -0.0702960616492883 -0.29282532197433
0.0284848232512756 0.242232395566843 -0.223205124189067 0.353920116435727
0.060298350132638 0.326124998808489 0.290825284559668 0.280822662714442
0.371934409731971 0.322291233163925 0.200266047161429 0.0286908223067577
0.468756860002903 0.0516153770672394 0.123911588870937 0.129939247091229
0.340973591803556 -0.122500320995053 0.228357209786651 0.149180477847836
0.227912100337706 -0.158084817577408 0.265551164773371 0.0619475958706606
0.200032129522133 -0.122584294311722 0.188083100709172 -0.000431789785252484
0.19746819959856 -0.0978799017554226 0.09126533432566 -0.0183249077251424
0.279487788306115 -0.0432914367341262 0.0367848786833705 -0.0399663387731324
0.360106809190364 0.104636755989692 0.0072829610412896 -0.0505804842105456
0.294629600203889 0.364289330049351 -0.000770727732874027 -0.161289732385424
-0.0657844775478314 0.426569100118638 0.0873385767428096 -0.28252516388733
-0.188457905036866 0.274570444489635 0.289454943166278 -0.422953884121632
0.00227851039105907 0.25893712173716 0.448080572443366 -0.274430062702979
0.17855026554088 0.116634960274604 -0.0516186821103933 -0.377255482053173
-0.0147659291712146 0.0732914335038218 -0.115711889411835 0.229231447099037
-0.0124688578112938 0.237029213412621 0.270902630876585 0.169278237636486
0.307893897548283 0.248460070157498 0.211442034791411 0.0555921513424097
0.379256766003756 -0.0196906891020298 0.248923164895365 0.11171103173486
0.234564973265472 -0.152630921132369 0.344532665915311 0.0615305004307473
0.137975680091759 -0.166678588226756 0.339968789952869 -0.0235481461842724
0.114816467397959 -0.137670288305377 0.242184135694818 -0.0464925083676052
0.119309740483986 -0.118509520723344 0.147790956252612 -0.0547146918353434
0.198802899556162 -0.0741254386902491 0.118730722774697 -0.0726522198077901
0.289806831986809 0.0537113195352528 0.125764977304485 -0.0487654236044011
0.200161819937502 0.315976761333422 0.10668035936781 -0.0821093576215109
-0.156639967877416 0.277862988434688 0.147578750314196 -0.208534868175014
-0.137957654815306 0.0712540710354412 0.398547255985038 -0.414460312969421
0.127994947168444 0.118320030048077 0.540593105979685 -0.301766820357307
0.186512019498441 -0.0855897881407117 -0.0487754325320408 -0.405892327424265
-0.0816663127669184 -0.081895970145594 -0.0471145447551292 0.126428126040056
-0.0899505732900023 0.13646750969406 0.219027976312833 0.108700172041428
0.19270767899108 0.153358581372443 0.217956258841 0.0973104759593388
0.220101762394442 -0.0670269801043107 0.331749257037354 0.0818992682261962
0.0878017962928096 -0.141212665573423 0.401979246323504 -0.0192722058224313
0.02466336335495 -0.139528147140621 0.370958662182699 -0.0915189467093983
0.0105221971900508 -0.131230630510914 0.263746122483558 -0.088238398408396
0.0289237771978687 -0.128485722365574 0.175846730475467 -0.0972689811471422
0.113046654584781 -0.108146791533262 0.178475705387701 -0.10999223559049
0.215003418199678 -0.00381360662283171 0.223796484777419 -0.0424101617910353
0.117346560757932 0.225661323836258 0.16928061714471 0.00961166598395616
-0.16305330088197 0.0942651147194297 0.150330470586969 -0.144188914062445
0.00637222140306228 -0.104560443842118 0.474003981961619 -0.411686981017798
0.264479635489347 -0.000417261890891793 0.584504494086522 -0.286143880328253
-0.324024263797573 0.157369578914994 -0.577359454129165 0.204954013525553
-0.0821948474248305 0.242060366451045 -0.574332135377382 0.522351520300794
0.0772425196851775 0.0587575003407308 -0.0741490553886005 0.204219332598539
-0.0542701198979879 -0.065335717483474 -0.163316130257549 -0.0951489789546267
-0.123150358268758 0.0697659018635397 -0.311436624527661 0.0349923903474084
-0.00738405165501324 0.130366667804774 -0.221285849299534 0.168371455445457
0.0694984752632043 0.104623376308746 -0.150454508188636 0.161624906548685
0.0976822055001657 0.100145113069798 -0.210996561294727 0.10004413611927
0.0831144079082888 0.0930468464837067 -0.325714800813842 0.120223624245798
0.0508918853545975 0.0898044105321199 -0.392759246145174 0.0804734442661195
-0.0366140340991766 0.0822166612484219 -0.370249165154241 -0.0189790783163795
-0.0488957212190576 -0.0657119096321398 -0.24671497133305 -0.101286386014616
0.156803077392646 -0.0258706301380681 -0.176242254212771 -0.101505032883612
0.116327964118563 0.224257580750584 -0.0828698934549181 -0.118853301164396
-0.195224572632153 0.303971205987781 0.0601897604778796 0.292182380065845
-0.339897098461152 0.248657717215208 -0.476625529200155 0.150734792212346
-0.186789314014739 0.338776102651969 -0.611138048534571 0.547617246083017
0.00951544862921278 0.208327860983019 -0.023377157870137 0.299050712937069
0.0251194744822162 0.087241432086322 -0.108164316164926 -0.100831641646112
0.00521578235673838 0.124496423307746 -0.328609133100995 0.0419740146572733
0.0981159764019924 0.124553576617698 -0.223895734908269 0.213220926180474
0.154650525855968 0.0654364706844554 -0.112963796315213 0.20094982668901
0.185402133145784 0.0467878962791459 -0.152948833307519 0.111221646480889
0.177372971778685 0.0351860115554069 -0.263804153267829 0.119849090171206
0.18807679589227 0.0396391885370269 -0.349626598461608 0.0976946743900658
0.14898019164043 0.0951458347309857 -0.370023272458883 0.00684057349131196
0.119679215200487 0.0518101441761497 -0.273558093684061 -0.125587431181989
0.199345317943801 0.137917100442067 -0.158182742495539 -0.153925166974097
0.0953107100172385 0.360064796492908 -0.0598208069578196 -0.138501440070904
-0.16588007932048 0.445917325510356 0.0877075826197143 0.197978915996447
-0.274503150462196 0.345529734944708 -0.335757011280769 0.0743979756992342
-0.18795759553718 0.416572662721159 -0.575157739731486 0.562111013065251
-0.00532345007382507 0.339136531386797 0.0545954719828471 0.401202680222225
0.138861863461986 0.24162454969267 -0.0228885483250313 -0.0619273002918434
0.17754143908495 0.166088754858581 -0.281530445147578 0.0724566952122516
0.220068467118891 0.0884577568753304 -0.172520088271483 0.24581104819351
0.227327713726654 0.00809767095542995 -0.0448437814352163 0.215121585072149
0.244886455119003 -0.00857933311558527 -0.0715926637979711 0.101975606179807
0.241810609951786 -0.0151363855844508 -0.178961939617374 0.0926228838393714
0.29170505301685 0.000295757804164722 -0.272863630382394 0.0787693529224465
0.304788819821506 0.105227443782968 -0.326189021578889 0.00800196622962153
0.276142056065275 0.166966120636019 -0.274147377833252 -0.154496855258006
0.216661186209551 0.306082352937264 -0.138656431395092 -0.221537608271483
0.0380359334020378 0.464033404126599 -0.0183458223069635 -0.211404493698435
-0.142744102630581 0.509354370592686 0.140066587757732 0.0635973135423968
-0.14340832768485 0.407734439675631 -0.207426719943034 -0.0343812724965516
-0.0961543484557063 0.446196678225565 -0.472624588774512 0.537584321897664
0.0426137054697009 0.409015023786141 0.15891206023508 0.436562032678841
0.273731517538191 0.336759433017716 0.0738202991243612 -0.0168386405055646
0.351372538390383 0.163676790985067 -0.171372843196276 0.110762155269101
0.325398862539015 0.0200772744210531 -0.0627546162202928 0.250828919211705
0.269742117284367 -0.0601122907914574 0.0523956891043351 0.192217054961638
0.267315199657516 -0.0577721967370457 0.0200278910604972 0.0765200779176017
0.265954066604087 -0.0525573430641808 -0.0830553138522266 0.0534946143959788
0.343620585881567 -0.0190129332876171 -0.172840339263512 0.0389547609904677
0.397968924159555 0.116529903635655 -0.238837880674245 -0.0115655964371227
0.372100752598198 0.269943817217373 -0.226328170001798 -0.182436935927726
0.179582752307489 0.438098532600017 -0.0940296573269678 -0.283513319822212
-0.0469482450796608 0.503353013137149 0.0525318339347557 -0.308626245585487
-0.119499464483079 0.490016679576789 0.221551186265947 -0.0811420505644683
0.00577883919959242 0.395064619972306 -0.121096565004692 -0.167096497510986
0.00600611939512988 0.383790641843785 -0.340676630606867 0.46832659795385
0.0872315588276144 0.394535867807991 0.25179027723243 0.38392794286347
0.368507786276387 0.349875264223472 0.152887403758198 0.00854701231692412
0.462680319554243 0.108592401121132 -0.0225717992137373 0.133625512583238
0.370712340790899 -0.0632278920605279 0.0862906019771393 0.215406803257421
0.268025773097246 -0.121879237334211 0.162701311987939 0.134478747160857
0.248152037345823 -0.0982635095428354 0.110659698622975 0.0394512129935594
0.246717701401569 -0.0793717463975598 0.0110382613492273 0.0159076456177811
0.333891800515055 -0.0320708192708572 -0.0639738168179077 -0.00333405410095006
0.41116169982586 0.116542018556801 -0.119826222510535 -0.0360500033776301
0.374019146431064 0.339758742094258 -0.127006886065315 -0.190002451053773
0.0780381012958913 0.484054173574317 -0.0135604992907047 -0.309918115872877
-0.136722622311595 0.438854268274561 0.157085890073095 -0.388798346348895
-0.0765453275209966 0.394464940194047 0.326486205457268 -0.20431302374966
0.122024771264895 0.285164051107101 -0.0791195866201348 -0.28913740036816
0.0339847423741986 0.241623752786293 -0.214421722107517 0.358466926281256
0.0657687039528143 0.32451229055432 0.293852430008371 0.270272145006889
0.380396185978756 0.307527669122561 0.194474146696938 0.0241208208104818
0.469681700503616 0.0326103381140008 0.128403536105608 0.132415602644827
0.334209834286368 -0.130842034029232 0.235053325754831 0.14255605840555
0.219515139072025 -0.161621957457724 0.264789196138535 0.0524492973459467
0.192939574047936 -0.126318361449096 0.187822156789504 -0.00471602173830961
0.191140468437666 -0.102461028585949 0.0894534835732181 -0.0189778018893017
0.276216043913786 -0.0502195306509172 0.0358239777861323 -0.0400799215638452
0.360958829836732 0.0906614903661299 0.0089597541725655 -0.0506541700628235
0.304039203891346 0.351587133170587 -0.00258397326951371 -0.156610405424808
-0.0544734776246195 0.426502902080867 0.0809799428378724 -0.280682851194747
-0.18239018305764 0.280360987697684 0.276865038840493 -0.42448546701848
0.00668796726990372 0.254992513866402 0.438419434079108 -0.282518988622421
0.178331092676077 0.10917863428903 -0.0636442748662933 -0.373747630625904
-0.013667246131734 0.0744994127869137 -0.110532345808672 0.2318749824218
-0.00705051988798279 0.238422779076234 0.270433279538127 0.159444523545031
0.314944727109192 0.236547520335451 0.207528827751552 0.0509893642014939
0.375361992807008 -0.0330212813331606 0.251972845044733 0.108922025436265
0.226561086766591 -0.157766773885562 0.345325976074813 0.0510222139560707
0.129523167419824 -0.167848248295275 0.335854934973778 -0.0345604407777255
0.107610123287175 -0.138496176171501 0.240571137342368 -0.0507291806218621
0.112439682770693 -0.119857795495403 0.143713299007552 -0.056059986660225
0.194565668146502 -0.0794551196475279 0.113793123176213 -0.075614987272876
0.286879299795786 0.0426333993684518 0.126763489793196 -0.0531939295329652
0.209473299780507 0.306573581728382 0.106117232934958 -0.0808066872658895
-0.148019927639137 0.281454260828605 0.143074709902139 -0.207000067028992
-0.136949384188061 0.0750435954179535 0.382121712095227 -0.420728139661434
0.128388043346407 0.112001757162059 0.52881624712164 -0.310140600087793
0.180907536878773 -0.0907163379865443 -0.0612123724977695 -0.401898237776739
-0.0840404987553871 -0.0774018262974102 -0.0448936827851578 0.127709208369825
-0.0865513288642419 0.14039366983148 0.219004225119037 0.101302738366409
0.197310319139236 0.144452075856961 0.217543517071234 0.0919719326068625
0.216044168710905 -0.075525810261905 0.333107439878841 0.0755023709774947
0.0807378779161832 -0.141391321262927 0.398795835436745 -0.0323403569812484
0.0177669812228706 -0.138450552183872 0.364373178635717 -0.102204876474975
0.00481829665873835 -0.129321713217712 0.260181089232475 -0.0934382584584402
0.0218683422871396 -0.127955797822009 0.169389679739061 -0.0991189840261659
0.10807110565558 -0.111262617246612 0.171400104577425 -0.115821635102387
0.211425054393951 -0.011226244734489 0.224108977946102 -0.0500739313691166
0.124940484862343 0.219865754764424 0.172257054227723 0.00812386089352973
-0.160582836695425 0.100636589094319 0.147782069922032 -0.141929926311161
0.00123362828616742 -0.104529368658711 0.458333562265924 -0.416154917569164
0.260569369315334 -0.00890955493037955 0.574374142021472 -0.297877582037434
-0.335634111614816 0.0836477574863147 -0.60875843463794 0.0947781558824335
-0.120116329594405 0.206239294231197 -0.660621200913858 0.402850237005243
0.0622273927159639 0.0657682558076948 -0.111634582081579 0.180828927385943
-0.0387055356891444 -0.0715110648789156 -0.145085760840621 -0.12678443982584
-0.127730456413333 0.0449232126678081 -0.310658690679214 -0.0208121593124381
-0.0283612342880918 0.123689343370423 -0.249017450237864 0.125958245107035
0.0500394011894848 0.11285261087037 -0.175411591148865 0.130682874087878
0.0797248890538114 0.115479944551975 -0.223249032865563 0.0544821041444733
0.0661949810380238 0.107596698639122 -0.339166130303946 0.0553487217560662
0.0339510584299057 0.0978888750566813 -0.394862339454206 0.00607342730128189
-0.0491390988616407 0.0749899423211845 -0.358051288377533 -0.0860099706253551
-0.0360520609230008 -0.0687939368858275 -0.222245656110372 -0.151346085403471
0.15852329709832 0.00870141756407243 -0.151719558705525 -0.134785000357079
0.0665909543462902 0.24206707932529 -0.062950188381843 -0.12943940857501
-0.251686220078997 0.261334152529756 0.00230446764410747 0.304637116114105
-0.369359455314996 0.167390949762873 -0.498855682784465 0.0607069375246355
-0.237095211059836 0.281073875220456 -0.705121276872381 0.416691557851873
-0.0319343524937284 0.197909599836963 -0.084530501275661 0.280962498192904
0.00911971217659426 0.086092864282508 -0.0934493718178601 -0.121175754811469
-0.0134117360776798 0.119089147378814 -0.330425612295095 -0.0155238525119431
0.074760813495439 0.136785356336207 -0.260397577325279 0.171625314265813
0.139785133222205 0.0907192542117939 -0.1453045258757 0.176871749523563
0.174690511803592 0.0790765669859049 -0.168853396340258 0.0761430989900201
0.167766368497549 0.0701111564120929 -0.279104729416879 0.0674702689412459
0.175777992262775 0.0750287082016338 -0.353043411968312 0.029759331409009
0.129001727385478 0.122638076421678 -0.354713531044219 -0.0596009935008144
0.102701872454164 0.0772972879413587 -0.238558722622369 -0.177238835311355
0.164551300233089 0.178230102939024 -0.122339103646971 -0.177865384316548
0.0197970181901742 0.369976599820939 -0.0381898830839276 -0.14271213818606
-0.253038407207814 0.403405134170413 0.0493967062160602 0.21647066994668
-0.326790684090413 0.27379465061656 -0.348950077856885 0.0136546865926343
-0.25247328975238 0.356138267238168 -0.675078558526888 0.435924626928506
-0.0720888000819137 0.32099052920118 -0.0330094347061808 0.392933161344105
0.0891419431554996 0.252202117700197 -0.0218908693030082 -0.0639259298007337
0.143652903919377 0.189088289233684 -0.292645620609567 0.0226777126149443
0.198086147059773 0.123520774182013 -0.215965876630582 0.215833366949425
0.2189717190905 0.0482882743451837 -0.0804563357532328 0.20416787201283
0.242715682114007 0.0355759894335198 -0.0883544378496495 0.083001465122456
0.239020156613268 0.033143826708154 -0.19120698976224 0.0574184313022829
0.283177009015624 0.0565735035396855 -0.27362027053715 0.0267036066865976
0.278904547477097 0.160978134143382 -0.306717074113776 -0.0497673279764672
0.230115816601063 0.218733096796572 -0.228180209785561 -0.199876414668012
0.146064682138881 0.346775006868755 -0.0897956724145969 -0.236226751397247
-0.0584971532316822 0.460964356565133 0.0161329009140226 -0.207111445156425
-0.241921859831996 0.469466147699506 0.129339202280085 0.0936435825109587
-0.213516670638477 0.359256529130658 -0.203384985299951 -0.0687068437621054
-0.169995864328701 0.40028024545843 -0.573584076647088 0.436961160692674
-0.0392465336330213 0.398204169455345 0.0593061366528819 0.450089709095432
0.198809586568383 0.366511801250682 0.0617826818295225 0.00122850316898976
0.310521347987446 0.217503756778335 -0.193674529121066 0.0812347865457543
0.310578710212852 0.0766274869230803 -0.108824333260825 0.243169879844605
0.27206564154701 -0.0098187428889062 0.018663970349548 0.20136526893713
0.272738104481274 -0.00760135817617826 0.00587430793851897 0.0764693107093463
0.26855839361469 0.00150473527104517 -0.0901194819990754 0.0386256001614986
0.337282886286131 0.046694872160146 -0.168265384982455 0.00750149648807843
0.365768850231545 0.189488807577458 -0.21414874416887 -0.051707415007924
0.300885712798234 0.333977560399308 -0.171318920310894 -0.213534896014024
0.0818352419606256 0.465424417011634 -0.0340969380611076 -0.283086855264462
-0.150738944069533 0.480757342298714 0.104710789633759 -0.290663175582512
-0.217005882018249 0.452544029433961 0.240887344448301 -0.0334995186458089
-0.06652093849972 0.375594502270164 -0.0930566123595261 -0.181178448308765
-0.0627295807780406 0.361254793808326 -0.431413255335483 0.397108332872164
0.00562729589067476 0.395073934153517 0.159918738644813 0.41822069177599
0.287566829285762 0.394504431060934 0.134309432286324 0.0426961237189793
0.426334335455604 0.183061272353558 -0.0534248657979252 0.131609166307768
0.368924821625804 0.00447569110100879 0.044352225961362 0.236957923048157
0.280201906994565 -0.0713845380857111 0.1372730463442 0.164942724065004
0.260594359565682 -0.0499811716091679 0.100806901915281 0.058482555233143
0.253842732491028 -0.0277993179884686 0.00820359849485103 0.0197072117934129
0.329202742862658 0.0326609428342473 -0.055325636190279 -0.0129618995606216
0.375853003334148 0.191420620458279 -0.0924607298873782 -0.0528829873328857
0.289171291189164 0.401116265678047 -0.0718737799022559 -0.198887697672814
-0.0287008430782256 0.490782203159469 0.0494450840710448 -0.292589708602705
-0.226967938218243 0.399668018039094 0.223515483512893 -0.352297787261559
-0.156298024235662 0.368588253879253 0.37281979519721 -0.134211792600828
0.0658044130454271 0.294942516300356 -0.0283337009703202 -0.294350995149142
-0.0110597453638142 0.233050135094969 -0.282231150688433 0.313648358592403
-0.00110452359932131 0.326213370675656 0.221823777440332 0.315496602324596
0.304885746708224 0.357992224567877 0.174497267653476 0.0659817628927957
0.443524116920523 0.112466335174837 0.0955691591124251 0.156793076189917
0.344061531517813 -0.0658003160892753 0.205297641655977 0.192209185266647
0.23830314005436 -0.118962233369354 0.252079353220246 0.10237219128309
0.211106083164698 -0.0882264891349238 0.184634768394335 0.0304038340514622
0.202819554057459 -0.0615183202585134 0.091490877355263 0.00179924766951349
0.274979827726997 0.00203138904121831 0.0458876043419693 -0.0303812844304935
0.331264447725529 0.155495114713194 0.0333697231256006 -0.0443516046392726
0.220744356117146 0.396956593994997 0.0412409823137743 -0.140352699527613
-0.147175370375903 0.40587538266356 0.133155196749602 -0.245128312416076
-0.237723291106067 0.233085760700018 0.351241457655185 -0.366750867505635
-0.0470727022845699 0.247402508819941 0.501290564741055 -0.191641381825464
0.152961587192136 0.138241929455793 0.00249808123650009 -0.37375889586748
-0.0280212496174742 0.0674071559216596 -0.152300052094017 0.207644548958285
-0.0540115714800157 0.231623681507824 0.225162501075339 0.201749914141221
0.256402144059806 0.279441684715797 0.185372121577954 0.0944155678744372
0.363078093547948 0.0321285887515522 0.222267680509109 0.156282367726116
0.242912546706596 -0.111011403506725 0.331485591940413 0.118994464803954
0.151186604089442 -0.140563952300345 0.337641392307086 0.0298757681942398
0.128908108455168 -0.115860543100784 0.243561052489925 -0.00360388762100596
0.128675830125666 -0.0939576360688603 0.149840720254403 -0.0243105397917497
0.201750840886532 -0.041428467062961 0.126701508404487 -0.0514193579101576
0.269360954261473 0.0946813048645956 0.144965668279695 -0.0273926056151883
0.138541138949934 0.334005609785063 0.131035997425073 -0.0448936448528848
-0.206656933897133 0.244007478892476 0.177169991043617 -0.164021139355773
-0.152716709669517 0.0414416084376544 0.458562804493617 -0.34476732242764
0.101048452056059 0.132655264336153 0.599200728191553 -0.201538783988058
0.193063884259675 -0.0517523780861423 0.0111526821260696 -0.403297455290719
-0.0690958471093077 -0.0882004307308005 -0.0634194193225299 0.114931863772332
-0.110440304954531 0.12330866601305 0.188737318567617 0.133193894118073
0.159775654844522 0.170939641993954 0.190855548132339 0.13400265145882
0.215778782613175 -0.0357821970925437 0.310447268022723 0.137218249582436
0.0983552517539355 -0.120281024281063 0.399596594899417 0.0457526990311803
0.0374858964172043 -0.131403957981888 0.377403864663355 -0.0327295259154795
0.025791203699988 -0.1247592417856 0.269966902956781 -0.0410641992092131
0.0421193713758851 -0.118724554424485 0.18221903105218 -0.0629008286995631
0.123990031673061 -0.0883128431752079 0.187719572970642 -0.0808693781175651
0.206118966671793 0.0277039681890508 0.236198748560343 -0.00867766555134227
0.0776544129987359 0.234250090952455 0.174545066354942 0.0514212826694369
-0.180265445144653 0.0639489678780993 0.169037692287521 -0.103910580470985
0.0188500927157594 -0.106530057440028 0.537003922624425 -0.326264783638792
0.255381991477563 0.0432387952542971 0.641882293454239 -0.179201535700082
-0.330127177456454 0.0921799571767221 -0.598082007412971 0.105432702548127
-0.111893577466143 0.206202419497194 -0.638332016045162 0.410398742155193
0.0622207708251786 0.061392351129605 -0.105678833436013 0.174485865370802
-0.0417268210298855 -0.0696559756048802 -0.15051093937383 -0.124073572704932
-0.123828000723496 0.0506529731554579 -0.308963714418436 -0.00942276774336234
-0.023652838798067 0.122699853918133 -0.23914461380448 0.134353338789838
0.0526131278743438 0.108301789329423 -0.163283711739857 0.132267207531134
0.082553581729233 0.10968049149609 -0.217847684451983 0.0573439292294677
0.070773354508795 0.10396197772495 -0.332343239184496 0.0637957358503466
0.0367795362018272 0.0955378811230217 -0.3888651192355 0.0188730413842897
-0.0437979194305968 0.0761257134246405 -0.354935017008453 -0.0747259471251999
-0.0384283054567107 -0.0646390025089734 -0.222844480912962 -0.144927978295449
0.156544288073068 0.00321109837351871 -0.154147308067566 -0.127225040302281
0.072822788145901 0.236258688280417 -0.067094175255088 -0.124107491759613
-0.238362669498384 0.264382232680284 0.0127450806695474 0.294523680060843
-0.361453033019536 0.173193930091395 -0.490001298639356 0.068757249471056
-0.225238618223575 0.283476464795528 -0.681463445286959 0.425529829412346
-0.0275185022668386 0.194147213735508 -0.0767085157467797 0.274015152747598
0.00991437364785296 0.0826373890259109 -0.100981536890963 -0.119700348019672
-0.0100451428883537 0.118249908471831 -0.32818407426284 -0.00206050052488123
0.0774661930783621 0.132121961903372 -0.248507814312154 0.180922467406114
0.139645755112663 0.0847877526132927 -0.132829023816657 0.177298707669946
0.174265656139462 0.0712719001996355 -0.164086202439733 0.0774308604595116
0.169111731893586 0.0645280560006572 -0.272912781612246 0.0735780311030333
0.175470191386118 0.0683755275744269 -0.345498386741473 0.0409965400143356
0.133848284983729 0.116666018875978 -0.350438122826562 -0.0483237977873274
0.103232585363465 0.0740748987444389 -0.240099696083524 -0.168351616712803
0.167623670027708 0.170610197845878 -0.126752822945044 -0.172040137029266
0.0298121644150891 0.364760367689553 -0.0416132383388949 -0.1377326978237
-0.23574539451238 0.405282802558014 0.0557087626167572 0.208588873726679
-0.315640160857535 0.274613513023314 -0.343878775319563 0.0189570289672488
-0.238226212191802 0.357907466031151 -0.652872793240197 0.446049939334641
-0.0655537688201677 0.316329841982752 -0.022708431669529 0.385337880606231
0.0935730956732241 0.244144481266974 -0.0284583069880588 -0.0643953729115815
0.146233264286205 0.18109213544853 -0.287897319213233 0.0358555363277453
0.199082408132052 0.115444322628572 -0.202514355217628 0.222253675644015
0.215237505090014 0.0409713448740673 -0.0688002042179946 0.201604395284979
0.239318359573043 0.0282533638581312 -0.0840914890720706 0.0826860010453689
0.237286880880075 0.0268074055633952 -0.186197632502216 0.0611387229365897
0.280338086927724 0.0471720500107786 -0.266724321852149 0.0355826311348226
0.281284547461929 0.149326966872986 -0.300966792379718 -0.0403474591892714
0.233579347533409 0.208693063319437 -0.229538066143446 -0.189733066060096
0.154030981906403 0.337953342493225 -0.0964696174387524 -0.229114416237567
-0.0439076408523257 0.45756387506854 0.0107186874566487 -0.202289638171085
-0.224882895903201 0.466787667134955 0.130268651295081 0.0868780997666802
-0.201078658176761 0.356270777045329 -0.202677032795842 -0.064475999927502
-0.157154882283515 0.399834545429077 -0.553022054013115 0.444456982226797
-0.0310753001462905 0.393047063956902 0.0674621704286485 0.440256444689278
0.205620546165654 0.352730779784518 0.055577351274674 -0.00172530937435938
0.311827239557316 0.202932189907428 -0.187536683795501 0.0913971051188321
0.308223517880554 0.0656731512145679 -0.0954841295122321 0.245004244330539
0.265578269623193 -0.0168897896350014 0.0266907388157045 0.19640164198051
0.266650898479 -0.0147356351935441 0.00887903225631354 0.0740491557081168
0.264053865525805 -0.00492464319605787 -0.0873741148000009 0.040914574942813
0.332499775074947 0.0358437607895489 -0.163246886022737 0.014015272242861
0.366104633025642 0.174101205262963 -0.209424575124577 -0.0447355850121653
0.30654040534068 0.320532728577892 -0.173567961377841 -0.203826635302733
0.0952623915354423 0.457383736788019 -0.0428282850626293 -0.277152929899108
-0.135887445028094 0.479013955636084 0.0958902595163357 -0.286284754803741
-0.199824982270132 0.44890191673916 0.235490344346844 -0.0401436913495444
-0.0568798248431458 0.368042804404273 -0.0980479571958169 -0.177939185231087
-0.0514469178641874 0.358629959030738 -0.41356715180271 0.404997648495879
0.014294698692601 0.389217785910797 0.167494039475085 0.407528372198544
0.295036328289526 0.379972472834885 0.128603552552039 0.0383482473441942
0.425216427861357 0.164899588509412 -0.0470295970032952 0.137085070308231
0.362656741507891 -0.00691825355844769 0.0547593949482971 0.233928155686478
0.271373222890392 -0.0774095897097132 0.140192964488551 0.156752445603708
0.25337380799568 -0.0552655408668503 0.101759354662048 0.0546377508698274
0.247787768458329 -0.0343323287710795 0.00849733975604116 0.0210385815669636
0.324526499913252 0.0211894412899722 -0.0536934096367438 -0.00949764300337189
0.375640419878143 0.173715913272023 -0.0890633550856157 -0.0497939952658496
0.298816499175518 0.384621888553681 -0.0749539198700682 -0.190603118955924
-0.014173912651764 0.484838985803604 0.0403685291787028 -0.286952657024189
-0.211596092498978 0.400199410274159 0.210958901339051 -0.349422130077155
-0.143416786035078 0.36261836866676 0.362239986451825 -0.141205521088948
0.0699037507259868 0.285881859750742 -0.0367335838604984 -0.288825975059108
-0.00468937881964049 0.231304832721683 -0.269189670927071 0.317948437808614
0.00629509352716247 0.322753198860948 0.225682520385793 0.304849898737595
0.312121184300533 0.341886397539966 0.168876626003926 0.0612775769598722
0.440834385616811 0.0950793281800519 0.101128880133439 0.157741182482031
0.334982035836319 -0.0753620457879953 0.211561204573207 0.183814537036393
0.228693575793967 -0.122718905310204 0.248886683889317 0.0927155265507535
0.202917244121922 -0.0910169829161822 0.182521225730566 0.0256678699750553
0.195386430161796 -0.0649998127174126 0.0894875812438567 0.00123336522219671
0.270007765661531 -0.00643444230449616 0.0443754372744574 -0.0305794059733762
0.330717904099239 0.140367999906313 0.0353988017736567 -0.0453741436296285
0.2290367141276 0.380576150807406 0.0397931007656521 -0.135540074045136
-0.132662122668617 0.403463107557979 0.125784352791525 -0.241573887381966
-0.229663026663249 0.237132723603705 0.336293083223798 -0.365636424196885
-0.0410166443173698 0.240797541496814 0.486788527208053 -0.198845499039152
0.152395412479989 0.129472177211179 -0.00887426062245887 -0.368901849231995
-0.0253328000245222 0.068991527045375 -0.143996619004266 0.210726177457991
-0.0477274155430792 0.231440235148349 0.225233698716246 0.191895569582169
0.261262847760582 0.265433584358276 0.182132459707921 0.088780171676125
0.358624431667548 0.0181050466754315 0.226289853776147 0.152879677043739
0.234012172088361 -0.11535549223658 0.332679640074214 0.108179537667401
0.141994864564421 -0.140382802047027 0.330182784390195 0.0185157108028407
0.121185089906183 -0.116004049218191 0.240737929939235 -0.0101457659578238
0.120281593976472 -0.0949952216145325 0.145852533002772 -0.0263707987202447
0.195518226390588 -0.0479614648388396 0.121789612367905 -0.0529653208188945
0.266221911389599 0.0821767781903553 0.145453046437769 -0.0320921250936446
0.149284597579385 0.322264899170773 0.130013144447042 -0.0444704883755935
-0.197389960198893 0.247234331519234 0.17226082797424 -0.161389840295275
-0.151618769137326 0.045020516786931 0.440562799082825 -0.346160060578045
0.10174169983175 0.124995018204729 0.583554979277685 -0.210483208932956
0.187286921609807 -0.0573537564607284 -0.00123027445269669 -0.394931409580147
-0.0710047991728251 -0.0836401581429761 -0.0590118651376334 0.115894491472571
-0.105823918561403 0.126831653347539 0.188629535446191 0.123869940134761
0.163884545637484 0.162607333760598 0.189765554281715 0.127371296704443
0.210434358726741 -0.0438178638565427 0.310913101790555 0.129484795314185
0.0918114106731754 -0.119684306581671 0.395697705159523 0.0327168371096329
0.0300808630253546 -0.128765358602483 0.36674742932283 -0.0439357077455731
0.0194491187415856 -0.122097347573817 0.265322646672666 -0.0474969751951796
0.0349793253601377 -0.116690025554688 0.175186496714178 -0.0647397564584624
0.117958734248659 -0.0909409750456374 0.179376039577619 -0.0846233945358242
0.202343311232455 0.0194125016540663 0.233849344534578 -0.0175720915534112
0.0850438871081707 0.227289018366618 0.176802777769007 0.0493520692567321
-0.176945750132103 0.070445983957268 0.165121210716892 -0.101726645155607
0.0130863688952076 -0.105667058281095 0.516554665026652 -0.331495348097735
0.250282081618541 0.0348189968314471 0.628951984964936 -0.189767381225567
-0.322521879253366 0.0961662247555672 -0.586780865853367 0.107829193493648
-0.105683788607705 0.20402545893764 -0.619825764519543 0.408663021138194
0.0629878016285806 0.0580804240850077 -0.102797791120923 0.16827349089111
-0.0436006064862557 -0.0679048920894411 -0.154662749155673 -0.122896963445591
-0.120408453354996 0.0541045891762341 -0.306321949145319 -0.00192522425717987
-0.0195678868090316 0.120738770848809 -0.229989872734724 0.1405507320278
0.0533579325009828 0.104464614999897 -0.152415277838415 0.131194673808166
0.0842049751893912 0.10405652781822 -0.212620732282745 0.0577695511989639
0.0736299711557269 0.101602150829509 -0.325889871343484 0.0679281711752971
0.0377615512607901 0.0939413454487179 -0.381410535824847 0.0264331549637672
-0.0390791987675985 0.0765440757672702 -0.349604284272277 -0.0677553529288331
-0.0398035782444685 -0.0616252636756012 -0.221449802225827 -0.140777172655618
0.154349103863839 -0.000142343790824097 -0.154386388895514 -0.122135968025575
0.0751588460678324 0.231086802984252 -0.0688771433123634 -0.119638369659335
-0.22821767248008 0.264742562039409 0.0189897459401197 0.285024797343798
-0.35445709698843 0.176141406781028 -0.482231370505146 0.0684796172417927
-0.217063251859334 0.281584715359278 -0.659359578830314 0.424706491593945
-0.0247959519119225 0.188989066283179 -0.072476725367718 0.267590791689895
0.00922308124392958 0.0800399821372906 -0.106022325762345 -0.11886750865325
-0.00817413501126672 0.117612928123671 -0.32342706348423 0.0060299841340426
0.0793321185294179 0.127973980267518 -0.236193939214152 0.186219530238083
0.137224721427158 0.0805198687938561 -0.122381533920748 0.174521397386037
0.1722672897243 0.0662315746791967 -0.159410037784762 0.0760128892152922
0.169200150201807 0.0603872761522588 -0.26710739074114 0.0762940437057837
0.173412552800628 0.0649063039696536 -0.337362896311222 0.0481586991552466
0.13545459534159 0.111822625638689 -0.343447293919469 -0.0418127454702511
0.102235287874441 0.072132877674265 -0.237535520307449 -0.162245275103869
0.16825126382231 0.165107028128341 -0.129067250983268 -0.165954013307677
0.0345906411479307 0.358425932856975 -0.0437139110580812 -0.132960634391035
-0.22346941136084 0.399990350727214 0.0585735159577572 0.200666302639839
-0.307937099465513 0.27270601469741 -0.338240188290374 0.0185464711886896
-0.227873917936169 0.356025783314484 -0.633642557540394 0.446401663025744
-0.0613737699731127 0.310325667235519 -0.0194061162816273 0.377271681776897
0.0939443544892499 0.235894937626996 -0.033602027898793 -0.0646470822170823
0.146063982934151 0.174548503546083 -0.282844687895091 0.0445219897658707
0.197996549868387 0.109000152095389 -0.190195608804822 0.225334609838731
0.211571428694476 0.0363483396192966 -0.0602871249985844 0.197958943006982
0.234585307612808 0.0229313731560951 -0.0803982431238315 0.0805301907729631
0.235434337513516 0.0222953950696229 -0.181894604065905 0.062897931054036
0.276168768489293 0.0417467316284052 -0.259272257939961 0.0407325726596357
0.281477108476151 0.139679237548975 -0.293658760626046 -0.033583510922651
0.233285979595643 0.200191824047944 -0.227500105775665 -0.182488636074272
0.157374339065724 0.328887858112883 -0.0997745256087195 -0.222833463000597
-0.0367904279295201 0.451523475138172 0.00793023175204486 -0.197243919909304
-0.213481024982296 0.459408378204706 0.129907020734449 0.0827945112204092
-0.194987051029145 0.349491260842271 -0.201568556394348 -0.0628699015787964
-0.147539868944027 0.39617922454755 -0.535567377451133 0.444908682994467
-0.0262475358897116 0.386151042653247 0.0711719369735367 0.432079495725882
0.206541092338153 0.342747252605144 0.0491776475065752 -0.00326958020447503
0.308978527085532 0.191688724161261 -0.182924526253595 0.0976556819065841
0.303714612805681 0.0582626433092782 -0.084455646643778 0.244558962526754
0.258517283591917 -0.0205805184339232 0.0306787612612352 0.190694994998355
0.260366150395937 -0.018770122620078 0.0106999985191318 0.0712848541668969
0.259492731050763 -0.00922842722712018 -0.0852849529535315 0.0416774290700567
0.327397141363885 0.029260231746846 -0.158260664715767 0.0178320109729957
0.365349241378239 0.162462119077123 -0.203737219531298 -0.0404420914811176
0.307467333201812 0.307440212985656 -0.171627110141085 -0.194810096189897
0.100533493092552 0.447736912343383 -0.0459975323570428 -0.269856460008531
-0.126367997362975 0.47491106740782 0.091105599416193 -0.279600741880849
-0.190703862337253 0.440701989483469 0.231030823882756 -0.0422242370848617
-0.0537263765700183 0.358468793370734 -0.0995026735579833 -0.1744680227939
-0.0452542921191733 0.355197819432235 -0.399447027927793 0.402218684238456
0.0169971120044072 0.382589589182625 0.168459683965674 0.399168881625295
0.295599731350953 0.366918357326018 0.121842626891743 0.0356759964299783
0.419690638482117 0.151011551983671 -0.0419018973989999 0.140029405690205
0.355408622781403 -0.0142840593887575 0.0628871239123052 0.230058057142769
0.263362672106684 -0.0784687454103095 0.140149052868337 0.150892296775234
0.246644795230136 -0.0576655574717923 0.101737111280074 0.0511699730352868
0.241147649861034 -0.0369164955408275 0.00957567510760011 0.0221097277566279
0.317365893110993 0.0139010832995011 -0.0510200439392672 -0.00687645064847434
0.372924511638885 0.161530029626347 -0.0850138126378816 -0.0476454488987358
0.299953148569213 0.369418003442966 -0.0739466553841114 -0.183201012057856
-0.0062453400701525 0.477366860339264 0.0360461166036851 -0.279660129375018
-0.204595875730184 0.398730051143954 0.203645442289781 -0.342770993871954
-0.137119711516288 0.353310808608258 0.353900694904149 -0.142285427232481
0.0708531883453338 0.276979800949011 -0.0408780203923697 -0.283073127495743
1.12407000740686E-05 0.228411689282242 -0.26034351464143 0.318105529895127
0.00955723968772034 0.317836277137542 0.22622395498126 0.297960957713669
0.313356811335647 0.329436939772135 0.163077170537065 0.057835383447471
0.434307315066406 0.0798659627153415 0.105564676592014 0.157217859998704
0.32851943610624 -0.0795940934455662 0.21469105457286 0.17653191651008
0.219682181990991 -0.122536717541512 0.244991576089092 0.0863149268551036
0.196513298402114 -0.0917985715993146 0.180931644749818 0.0226391208503857
0.188594829580947 -0.0663326593457093 0.087538489655703 0.00198445960658951
0.263757538569776 -0.0118811403103562 0.0442101058890272 -0.0285171587044971
0.32543416166143 0.128442287527509 0.0366944949662094 -0.0457186767364962
0.232812214239456 0.367853447281409 0.039326381474632 -0.130712864352719
-0.124411199116598 0.398851948239818 0.121310180687927 -0.236437255159391
-0.223374038637266 0.237282043779155 0.325178205301477 -0.360975377711925
-0.0380600184521767 0.233901413530886 0.476153354138353 -0.199896869499624
0.149867252269219 0.12275528904591 -0.0151975029020223 -0.359432502019613
-0.0237247287941496 0.0694239788199396 -0.138676092289817 0.210513311751154
-0.0436402416090781 0.229598675423302 0.223933234340949 0.1852647929097
0.263585999863449 0.254739544981542 0.177641209654819 0.0847468388081136
0.352069839653237 0.00830804614269189 0.22823244869894 0.148846284412956
0.227586829645284 -0.116835721413829 0.330771648694735 0.098246674536168
0.134522626013518 -0.138470367843161 0.322060912571303 0.0128768519782126
0.115112517523 -0.114185151100053 0.236741120011681 -0.0133310307512539
0.113831824830873 -0.0937786150011482 0.141958776555739 -0.0255969686815444
0.189626887281996 -0.0515305853834652 0.117106713617165 -0.0530024470741888
0.261718158029629 0.0725289508746469 0.143954530097613 -0.0353029997203133
0.15460281488605 0.310794518262928 0.129646243878855 -0.0427582977171919
-0.19048331893189 0.246801563260843 0.168459537654454 -0.157261265007161
-0.150328071863219 0.0470750071122797 0.428026467595021 -0.343271287126719
0.100522428332028 0.118707275875605 0.571761737018392 -0.214637906704027
0.180490509873846 -0.0601794517502692 -0.00799344271581125 -0.386535781892965
-0.0718595939660205 -0.0796173371705071 -0.056522679413749 0.116214473302363
-0.102318319063637 0.128049254380797 0.1869435311262 0.116722753788886
0.164707412825541 0.155007632526852 0.187074906164388 0.123280804602957
0.204629629899984 -0.0489040014627092 0.30930262702642 0.124478172232449
0.0869185536073806 -0.118286385703642 0.388910763677529 0.0235418898553049
0.0253243398429205 -0.124884728018207 0.356182618706617 -0.0500147596768685
0.0153123631062089 -0.118389838536833 0.259207734114192 -0.0511772130162574
0.0295989536458872 -0.114050682847089 0.168693768141078 -0.0644772364983828
0.112569200537691 -0.0921393015224388 0.172874131502947 -0.0862958999095099
0.197869738454747 0.0137801734300654 0.231598115824519 -0.0238075793951646
0.0900930112520802 0.220726271189352 0.177591681042665 0.0492399467101254
-0.174153925584664 0.0740784954476889 0.16240337834376 -0.0977549294350356
0.0085225779954889 -0.103763426382923 0.501917273656279 -0.32983655730416
0.245311225954064 0.0297762977927122 0.614571547841709 -0.193704078344793
-0.319610185585679 0.0963452638215172 -0.583787531202442 0.102323577899492
-0.103291425479583 0.201637882720105 -0.611385539032832 0.404011315503832
0.0624917985147045 0.0558533856164269 -0.10309052627684 0.161989456906469
-0.0459669557415658 -0.0673046233816338 -0.158141763892829 -0.123440959915937
-0.118867446793174 0.0562790141187689 -0.306007662682211 0.0010372560268575
-0.0180522847312277 0.119631309156191 -0.223570851616935 0.144027453991018
0.0538008761631614 0.102556294582268 -0.145146073668842 0.12808503838212
0.0842562458061153 0.102211925517255 -0.21035816129466 0.05594928574502
0.0767725745460727 0.100663141834451 -0.322272659943038 0.0682600084523828
0.0387839028995147 0.0932188526257916 -0.378395887044722 0.0284437766222616
-0.0362375389970109 0.0765469604902532 -0.345894093043338 -0.0664274908439122
-0.0410109248919083 -0.0585817096018229 -0.21867141995548 -0.140491843226037
0.153571513499146 -0.00172007018232031 -0.154010736129877 -0.118733818434692
0.0753769740363794 0.228227030760208 -0.0699497389370825 -0.116367673449913
-0.224392144657977 0.26260845283488 0.0217117255296786 0.278280029833662
-0.350672167214264 0.17376145182953 -0.478515873102905 0.0644324089154477
-0.213417029910624 0.279161994711852 -0.652691710911128 0.422120250585672
-0.0255328259840545 0.185544063415491 -0.0725198731986465 0.26179063849547
0.00779837568959442 0.0779133021815032 -0.110142592789446 -0.119179715397447
-0.00821508929817143 0.11626012266803 -0.321853081495707 0.0103048568097497
0.079935229315482 0.125776450488792 -0.229294432929805 0.188737979119417
0.135537439684007 0.0790465897714582 -0.115161955300478 0.171117507081992
0.170579339481883 0.0640660030310641 -0.15696693305508 0.0739722473698586
0.170732479185802 0.0601662710688807 -0.263781905544719 0.0756732793233124
0.172510177657197 0.0636737612941334 -0.332265534086478 0.0501245453332454
0.137401208731253 0.10933217535487 -0.339736927471709 -0.0404772148848843
0.101606118503382 0.0716683454795187 -0.235969141025137 -0.160332021575778
0.167885138139266 0.16242007268065 -0.129114253626906 -0.163043105158198
0.0362236357860431 0.355037855855617 -0.0435800377220068 -0.130117940143658
-0.218877464204701 0.395648745808721 0.0600188096173191 0.195963544687951
-0.306009429012835 0.266547563472484 -0.336932808048608 0.0158852664722827
-0.224615666695249 0.351916380983054 -0.62563735967685 0.443288001951249
-0.0623852889518154 0.306640031532821 -0.0176043289058283 0.372519304336999
0.0916195615985596 0.231928201923957 -0.0388699309010716 -0.0657691348505851
0.144721080199979 0.171115086476096 -0.28065754618412 0.0478534320247185
0.196516920485744 0.106281063662251 -0.182274580260533 0.226648232685594
0.207952387461554 0.0359371075423867 -0.0557036690515634 0.193904883568867
0.231208861939051 0.0215498200842825 -0.07905359186598 0.0777263800886073
0.234219609011554 0.0212959120457931 -0.180083737480617 0.0631842275223237
0.273658987286445 0.0405910113042414 -0.254720181511472 0.043522206786706
0.281019473752813 0.135065900058352 -0.289583511555788 -0.0320097719611257
0.232728935278297 0.196773299441257 -0.224693299723648 -0.178852386079329
0.157427306348783 0.325179081177937 -0.100278181686412 -0.218801130565428
-0.0360635130400251 0.449844209795465 0.00830505745795999 -0.192792402468336
-0.211184847515636 0.451456158534422 0.129216582014996 0.080885217486465
-0.194681207050099 0.342167048462724 -0.20022159079714 -0.0655020615313901
-0.144664549347846 0.39329102594593 -0.529302797126805 0.441863769782972
-0.0278069132194386 0.381793488406899 0.0708243494737357 0.427306974137378
0.204890807275084 0.33683806513029 0.0439658433736017 -0.00412858074190774
0.306205341969549 0.186323676344348 -0.179759905990799 0.100878467840657
0.300847439695544 0.0554446187088437 -0.0777737859841926 0.243881485246178
0.255332495259781 -0.0207813962706956 0.0339784149270283 0.187841720766228
0.257077843205733 -0.0189183210872868 0.011194473954409 0.0686230596473675
0.257180708394541 -0.00951462264383404 -0.0838251271330916 0.0433093368559304
0.323579199985629 0.0262737304065786 -0.154056614391289 0.0199580091780116
0.363366827377673 0.156497643464503 -0.198288610337167 -0.0387689725631011
0.305503354620352 0.300986204247558 -0.169030359806223 -0.190601314926284
0.100761376757126 0.443393502990285 -0.0462466002340679 -0.265170500734987
-0.125105055259186 0.473123539985572 0.091424155202266 -0.275095437094773
-0.189034193643707 0.432032717942927 0.229191927768505 -0.042080486969101
-0.0537547709848804 0.35129174882997 -0.100415033444231 -0.174119820767278
-0.0433465072633188 0.351415066550097 -0.395893869428642 0.400139163667906
0.0149923778484913 0.378935549361424 0.166787626257204 0.395248201255097
0.294106196457529 0.361588221907734 0.116540340085854 0.0352555820311091
0.417047969205509 0.145612069446988 -0.0393665198088499 0.142928623252079
0.352021113127005 -0.0162188607694366 0.0674125299502436 0.227693372025641
0.258965989471862 -0.0774963783014809 0.140136401437615 0.148402499611271
0.243355468705045 -0.0576326693965295 0.101877684839677 0.0492090561631215
0.238260249614412 -0.03677572827417 0.00991430979552511 0.0233823436117321
0.314086000513849 0.0130854327840257 -0.0482642272091097 -0.00485932688228501
0.370038699617119 0.156099671075122 -0.081376797596902 -0.046414114444743
0.298931958053865 0.359947270262034 -0.0711991037640462 -0.177623627785856
-0.00547050302407321 0.471636990388442 0.0363191945987858 -0.274761589711728
-0.202019313207543 0.397975447530432 0.202698387948873 -0.337288826632899
-0.136009564637006 0.345164479752087 0.350298603952504 -0.140035394485462
0.0694109392679935 0.270321085181979 -0.0421951542748091 -0.280554707942703
0.00121278451005862 0.227376520772218 -0.256493458061796 0.316516373308782
0.00813975606038942 0.315441168971183 0.224440077683812 0.293944585659877
0.312413219899324 0.32373966060959 0.157170921226673 0.0578870780703198
0.429640827440673 0.0743435993017444 0.107071088498685 0.159160070041488
0.323400263425209 -0.0804168737428676 0.216162690575842 0.173054483878465
0.215209459689982 -0.120034206535667 0.241365707712071 0.0847871733438644
0.192699734962453 -0.0902426630620763 0.179894603684005 0.0206574976622807
0.184625378294006 -0.0643204060619524 0.0879253765991576 0.00360438569705738
0.259625379680138 -0.0138172237171423 0.0446267380666013 -0.0271913439507076
0.320891911323151 0.122253417990374 0.0384551042249427 -0.0455212085990857
0.233217529036989 0.358880758091264 0.0414876908113306 -0.125070963649732
-0.122828426871168 0.396397022428591 0.121702103239293 -0.230956369361031
-0.223246860375622 0.236668545654559 0.322641907130806 -0.355297794486836
-0.0385415284130628 0.227082735840547 0.470742783780881 -0.196137551850403
0.146774599498264 0.118816556357426 -0.0170010083142838 -0.355781946437875
-0.0227676179177857 0.069647462393125 -0.135921785530903 0.210002538138217
-0.0440603787631436 0.229409191188095 0.221339639236989 0.181811676996697
0.263082280291644 0.250505767494076 0.172590250153693 0.0844408584202041
0.348360007212727 0.00279941745269624 0.229703458088247 0.14960762755846
0.223609347368744 -0.116533984799688 0.328913332897296 0.0955693293403939
0.130626048719726 -0.135528131587103 0.315631732494805 0.011564603576771
0.112497597074135 -0.112419614583355 0.234660902374257 -0.014433436385005
0.109940959663073 -0.0914172112284419 0.14036640298252 -0.0233360491119055
0.185817644845229 -0.0524318868227863 0.116367750708238 -0.0521724645279462
0.257766831798491 0.0676802440504356 0.144128739369368 -0.0369718226143261
0.155194555266552 0.304348946300487 0.132283250983762 -0.0387359145484335
-0.189260037088877 0.24634713119784 0.168848020909413 -0.152250898616694
-0.15118081798336 0.0477699004572068 0.421381873442333 -0.337754353105154
0.0985193584465612 0.114150825813796 0.565012443745437 -0.21014244526836
0.176782618689828 -0.0611233761289669 -0.00950657712572846 -0.381551653514427
-0.0707302059919416 -0.0774212276943869 -0.0551103267271775 0.116127595099572
-0.100615913750668 0.129785985087999 0.184963340074507 0.112868266030556
0.16535560048622 0.151568699128544 0.184030902471583 0.121710437483683
0.201518341116686 -0.0523658050448198 0.309632783299687 0.12333368854738
0.0842111781639531 -0.115686007697124 0.385109942829446 0.0203367398751194
0.0220606717052718 -0.121638025987452 0.348544549563882 -0.0509125944218394
0.0131683635102032 -0.115489745649107 0.256609081242916 -0.0502779193404234
0.0262838084248952 -0.111291972083965 0.165627299158945 -0.0610887742597645
0.109471734242833 -0.0919348569583023 0.169170530776612 -0.0860932438829836
0.194776660451714 0.0107045828382559 0.229802510875556 -0.0268627246568813
0.0927114192400234 0.216534120833887 0.179269910309471 0.0509851014018477
-0.173836196285271 0.0756816654428826 0.162548298550048 -0.0915872955954047
0.00604889832505261 -0.102270968246915 0.496727780061684 -0.325188724258583
0.242911108584063 0.0286779353079467 0.609857802039023 -0.193317176348903
-0.321468785752011 0.0971211095253762 -0.590345382823795 0.098377551674015
-0.104214897951888 0.203855522761509 -0.617336294461531 0.402757592417506
0.0631411129703452 0.054559425784352 -0.105000982054537 0.158992637014744
-0.048233225989496 -0.0683499045999372 -0.164124770895496 -0.125906323957
-0.120004438434131 0.0588727730067545 -0.310365414259195 0.00295011950757837
-0.0162551462404148 0.120231045829414 -0.220901854768224 0.148647825049996
0.0540750906085903 0.102623234988443 -0.140899604826006 0.126221961655218
0.08597579140662 0.101717613747744 -0.212639259383904 0.0535134148030515
0.0800500825501203 0.100877757007715 -0.325390856028475 0.0693256281296749
0.0395942091394598 0.0948453080673687 -0.38027842310363 0.0306178842831343
-0.0344535794705238 0.0773526258431267 -0.349183982968647 -0.0676965038066939
-0.0425795053440142 -0.0569651371788383 -0.221051657570026 -0.144399096890585
0.155528805306324 -0.00275512983578442 -0.156820501712854 -0.118517329580669
0.0759939752103568 0.230419090427687 -0.0706968649609634 -0.115104455512849
-0.225780916757244 0.265841310862649 0.0233879783174617 0.276433139615871
-0.354543119505257 0.172533280191203 -0.484778119689562 0.060256840626074
-0.21524046757251 0.281788768458642 -0.658905621407804 0.421841806889969
-0.0266900697404198 0.185506662153479 -0.0744381236487726 0.261293727580936
0.00538461427159754 0.0774727399355233 -0.115757292474092 -0.121945602626561
-0.00924100728168539 0.117935774528363 -0.326855893447368 0.012983043010253
0.0816631193331837 0.125938643647 -0.225818700840709 0.193347390265414
0.136645820384173 0.0793274942468697 -0.111602335071943 0.169796095920828
0.171573862397063 0.0644677092650846 -0.158220066399974 0.072093649227631
0.173686720244034 0.0600571927889808 -0.266640169206755 0.076815174295494
0.175086228393569 0.0646842347076974 -0.333557259384941 0.0521246467003153
0.1404961107793 0.109299187972827 -0.341246061832607 -0.0404895782249092
0.102459731433608 0.073044117625934 -0.237010661707919 -0.16283637020181
0.169733789523985 0.162871798011331 -0.13153903283022 -0.162303253487367
0.0351913720733702 0.360418219432204 -0.0435865079729691 -0.128864002046527
-0.220910400608384 0.396784140229276 0.0611658519876387 0.1947623495122
-0.310702157028807 0.264863436800321 -0.341270023212618 0.0108745878404596
-0.226570210565253 0.354830015742244 -0.631341101159852 0.444320934753478
-0.0656190857032102 0.307813049230787 -0.0193041804602325 0.374069632205969
0.0909280316592814 0.232717223085251 -0.0441247857906745 -0.068495437876495
0.1450712015089 0.172155183180843 -0.28461836515721 0.0509796560896968
0.198976095201588 0.105222445932409 -0.178981183257171 0.230971393978771
0.209677099684298 0.0360080649458497 -0.0519716244396388 0.193567545521746
0.232656954830386 0.0224663919721806 -0.0796123328736551 0.0764974798620378
0.237803756155829 0.0214932206135678 -0.182113104162923 0.0642538132915746
0.276190235828881 0.0405001141631393 -0.254036854321963 0.0445927537833836
0.285035605924881 0.133800398112928 -0.289829305994343 -0.0326430138114812
0.234805253402671 0.197916562430984 -0.225883983625541 -0.179633113323938
0.158775773138479 0.327439573064722 -0.101316208558817 -0.21970759685735
-0.0370452009386803 0.455115653683371 0.00996803807621527 -0.192644114505814
-0.213085469819387 0.4520444943923 0.131315714549658 0.0803937320387641
-0.198392204288334 0.339578541707905 -0.204070618826976 -0.0694484437757955
-0.146066241991863 0.397003083306281 -0.534714491015155 0.442247219841559
-0.0314691748586539 0.385783769836 0.0712905558926237 0.43105492541696
0.205612508511533 0.338033781025476 0.0390630012067991 -0.00526143154111071
0.308914611847409 0.185461298472444 -0.181786829459918 0.105246728411192
0.303719021998558 0.0539493076352061 -0.0732206293723399 0.247502031200267
0.255893972717347 -0.019955543744918 0.0361604130172425 0.187903019842376
0.258238935695241 -0.0186780865052764 0.0119466493841821 0.0682959025828287
0.259295387304079 -0.00966129006602368 -0.0842813116569306 0.0445415639475834
0.326337932792086 0.0265349642951782 -0.152865660380299 0.0207399200581908
0.36663327818509 0.153837050527278 -0.198097201749346 -0.038898852699856
0.308987988049491 0.303173599848834 -0.168073266685678 -0.190469345215631
0.100990434638531 0.446360625429133 -0.0459576082180651 -0.265620687456445
-0.12743521384106 0.479443683398837 0.0947697331289945 -0.27498531395618
-0.19198180832702 0.432167704821752 0.231243051330965 -0.0409191394533714
-0.0581976727382272 0.350831286442053 -0.1017153631587 -0.176902756748059
-0.042725173899491 0.35427422426331 -0.396985036791796 0.403405059176969
0.0117375685921991 0.382396195277356 0.169688531204914 0.399421200499841
0.297112276033118 0.363426085421514 0.112756665384786 0.0353902493874182
0.420004856651922 0.144059836915128 -0.0384961750795497 0.147570105209578
0.354854060768475 -0.0173876753933834 0.0724810157032235 0.229335851976048
0.260322156258403 -0.0772226750877229 0.141559893783196 0.149901836579688
0.244458050060036 -0.0568633589707508 0.103245009270858 0.0496478888220613
0.239006720224906 -0.0363875082002478 0.0109344511607572 0.0254695547477044
0.316033377459805 0.0117637433646115 -0.0464770518591362 -0.0040880269992318
0.372112682708323 0.151899406543741 -0.0788059372924482 -0.0472208197535295
0.302824696375171 0.361473654946604 -0.0678492002348894 -0.176641191852169
-0.0066883619953041 0.475260020041702 0.0381004474126481 -0.275312006824321
-0.205521730220006 0.401538990844874 0.206642580870576 -0.33682071311228
-0.140657353878151 0.343127204824677 0.353378241589484 -0.138265551747165
0.0661119205817207 0.269446958808393 -0.0436394912362002 -0.283641448981611
0.0014950167703147 0.229472572965073 -0.257560824668504 0.318939764916226
0.00623113524475854 0.319804376839568 0.225337404913345 0.295822019122428
0.317278719612038 0.326805877499837 0.155088924770998 0.0589843966428617
0.434102463000678 0.0709792861657644 0.110408413795154 0.163352685345816
0.32693325300728 -0.0817238913917128 0.221440701276321 0.173577637384571
0.215921667848516 -0.119094155559743 0.242562209045272 0.0869246045324061
0.193038160574796 -0.0898092615058989 0.182240234149525 0.0216815485516799
0.184170163574283 -0.0640767272860166 0.0890917831421083 0.0055133224523172
0.260437859721887 -0.0153996101439929 0.0461846449322073 -0.0261925619776779
0.322253615800053 0.118761828352902 0.0411895743225717 -0.0466196509625528
0.236944003515213 0.359344437305815 0.0464736872493283 -0.12225055174822
-0.12493201685502 0.399312836989403 0.124902938631172 -0.228723638417781
-0.226815059456413 0.238717367689401 0.326709716069386 -0.353492518204073
-0.0406166748072476 0.224721770108297 0.47492926590744 -0.194800184614237
0.145273143109339 0.117448895608817 -0.016650675011023 -0.357855180025013
-0.0226405390250338 0.0708200578615621 -0.136809010480308 0.212155785537232
-0.0449373732954686 0.233214533183774 0.222627777184771 0.181369457277221
0.267871179082677 0.250864143289855 0.170202342559166 0.0862188276209874
0.351391341554754 -0.000552427362116163 0.233452461099606 0.152990941180952
0.225892392940242 -0.117853956057089 0.333109398970456 0.0944733743890968
0.13063262129188 -0.134262883045468 0.316488052854178 0.0124559096474464
0.111747565427716 -0.111672957152815 0.236871065267469 -0.0131546251889322
0.108272500086496 -0.0904682202670519 0.141482277650685 -0.0217999342343438
0.18555239045807 -0.0542671906526939 0.117389361305552 -0.0517986057587151
0.258490394523267 0.064633562665869 0.146769088860825 -0.0380839371341942
0.157979519489012 0.304278714296071 0.13774191507395 -0.034903824109741
-0.191861958317122 0.24892479241982 0.173233428379676 -0.148778447359731
-0.154437356909869 0.0485003084830426 0.427172263229305 -0.336354748550208
0.0975469487867588 0.112403838883343 0.571090929583262 -0.207924601627118
0.176479919226714 -0.0622763361774536 -0.00857140917257152 -0.382745629512392
-0.0714665216521913 -0.0776209675060918 -0.0548181797943494 0.117235227797543
-0.101042631327642 0.132250999303722 0.184576984334891 0.111536930305524
0.168780379669814 0.151347568247117 0.183845727222057 0.122686470288762
0.202580786538303 -0.0542138436169696 0.315059425800034 0.126174253041817
0.0844248023173977 -0.115836895426528 0.387970525684334 0.0187498684593895
0.0202874740761168 -0.120411209841581 0.349146949376891 -0.0500549601609705
0.0120342173170708 -0.114770467368783 0.258002642446882 -0.0500574721084517
0.0246511584567132 -0.110077958143298 0.165522397168925 -0.0596940304218716
0.109487505387971 -0.0934476288288254 0.169150421400199 -0.0866299352885776
0.194930432202499 0.00878254551343176 0.232219895248631 -0.0285336137580631
0.0954257268253666 0.216548498107341 0.184850245446936 0.0545972401133009
-0.176801114666677 0.0791419930632711 0.16694450861655 -0.0877798351828248
0.00433446578679553 -0.103539116314041 0.498586004901339 -0.325253866165586
0.244065314556658 0.028164991887314 0.615254778579797 -0.18991973245173
-0.213944176971644 0.268569041929478 -0.413445620545311 0.464489179120574
0.034930437390571 0.227563208097483 -0.248691306159039 0.711445661130862
0.0831218815961442 0.00725523762144489 0.00966818339910421 0.190621178104953
-0.0807024105287951 -0.0247794852926758 -0.221744818322382 -0.000253564722080138
-0.0604046081019161 0.121044649325677 -0.24982998084571 0.200314202402347
0.0611904554875235 0.106478062951457 -0.0800201970028704 0.260009912861022
0.106943023099469 0.0494983024374362 -0.0322608703086977 0.18757439745783
0.13284840024877 0.029619481116908 -0.140989470828842 0.174116587737879
0.129531569120777 0.033141375339959 -0.222861724666894 0.261219148424087
0.0929777057900986 0.0546219530982804 -0.291734231135309 0.262664107964607
0.0196566651055599 0.087544276962283 -0.324038145871867 0.162219847420611
-0.0723838211897385 -0.0178593362075363 -0.272315837530411 0.0196961087607993
0.127496865122379 -0.103435341291086 -0.202236081883479 0.00653336100279501
0.21049296137328 0.143436007245843 -0.137496802331391 -0.0426374212163553
-0.0154933295576633 0.375646520286847 0.190601808579426 0.192047162001634
-0.202126915290846 0.347928212213648 -0.345091041673567 0.367727971546474
-0.00893727852089225 0.35341600075872 -0.272227846800303 0.757122484354609
0.0862803008515364 0.168051591960781 0.101445361203407 0.26258771936615
0.0452672951716732 0.0609503629112281 -0.17267034585779 -0.0252382836548636
0.0628581312399463 0.102739980495882 -0.253779644220385 0.21600488617626
0.142392588491888 0.051725635649898 -0.0531885035485749 0.298266291695186
0.15888279689607 -0.0177987658893349 0.0202391198757634 0.202055705575295
0.18025413238036 -0.0530818220467485 -0.086320825907212 0.155560912280761
0.181977749982573 -0.0591708387602745 -0.170172895514118 0.231149432848496
0.185282356521903 -0.0554335065998201 -0.240000992792516 0.250409063393222
0.184536885464662 0.00223919265298922 -0.301500143186851 0.177235441576932
0.129092084235568 0.000194743321190885 -0.297916254509528 0.0142119974029614
0.24556919166786 0.0279973745442669 -0.21109549360577 -0.0466735436801936
0.261354465732541 0.277257675538674 -0.128248464391302 -0.0722148368303423
0.0720224941550493 0.480246977384414 0.164268482994628 0.0990271268497158
-0.112878299034415 0.399420895385029 -0.251705157155892 0.235202386645045
0.0236227659167082 0.420365343333733 -0.235233114481251 0.764434761360062
0.127061709312486 0.292671988322467 0.220069959256663 0.327398475575466
0.204384031450043 0.135670986641675 -0.0721833666337499 -0.02421230033786
0.218113704466788 0.054391773816968 -0.192535205872824 0.218605800480371
0.224051513738048 -0.0352883523848231 0.0097938873223524 0.296554503888869
0.191359877549814 -0.097335883846485 0.0837515308234304 0.184540685119288
0.20381678042103 -0.125066580818626 -0.0184948852235088 0.110756777322891
0.210020984634284 -0.129476449472379 -0.108250178221317 0.169021481805709
0.25279279287925 -0.139689726030144 -0.179344266189276 0.19546155357449
0.318975441461112 -0.0689598283998123 -0.254476824019089 0.150197239731282
0.316711437245794 0.0209073278501427 -0.298528107994715 -0.00749170120348957
0.343458785796529 0.17372845917529 -0.223346765567474 -0.113633469067702
0.261447856404101 0.402751573402368 -0.127606451768009 -0.162339780098021
0.1155431179214 0.51840254171534 0.145266246792194 -0.0401688714542619
0.0215779802710003 0.39763604967715 -0.18554766394523 0.0789054065480848
0.113002904195697 0.406614774765086 -0.151486507917597 0.70259976260543
0.199751407794202 0.336572180296464 0.335188142952537 0.320788108233818
0.358691095792498 0.154591492542243 0.0429541864930713 -0.0258597570765863
0.358028104845397 -0.0331849308559367 -0.0739026470219341 0.196334877735367
0.277149035941232 -0.140313117133808 0.10674153804114 0.240589997400214
0.194305155968529 -0.171041188992843 0.152296739731341 0.124489560420522
0.200357416132485 -0.174371318652766 0.0515719716635204 0.0481663905082761
0.208629332865639 -0.168508473679865 -0.0397484448918526 0.0919353517050282
0.284278786328977 -0.182918194189186 -0.110970729333982 0.112189008121314
0.398713993000528 -0.10634655526441 -0.184466509807377 0.0860692761546709
0.442403915693808 0.0591112201247771 -0.257012009769545 -0.0524895831350983
0.369584067109317 0.312012000735001 -0.207102451928725 -0.187904295740564
0.200538029367166 0.479982764694527 -0.112534292265822 -0.28611678342401
0.117647217857956 0.485133044665461 0.152277192027924 -0.202061302201649
0.146202143698784 0.324713094706433 -0.169463492128404 -0.0805973390064888
0.171301673569325 0.313202391217891 -0.0637881861889691 0.582946338732264
0.235769689392187 0.309693910869687 0.395948195553757 0.232415253307378
0.448649234959817 0.120302670933317 0.132558061501732 -0.0401748159759965
0.423232697123781 -0.133291275771283 0.0687757298510695 0.139338046497148
0.276054993088446 -0.230403009245457 0.212800203814204 0.133781748479309
0.161915493003138 -0.219424215199528 0.212903990073519 0.0289849189504486
0.165167497070187 -0.197343267446368 0.114843936953282 -0.0240998229734854
0.174364778553255 -0.177061282770978 0.0267381409770707 0.0171415268564814
0.26608619980078 -0.189792178044143 -0.0392756513180393 0.0260423769313343
0.401346375537159 -0.110603936689496 -0.0930816052227221 0.00525847140033001
0.474473050789333 0.111615947862896 -0.165700676717025 -0.104884526947694
0.297611509983055 0.406910157736416 -0.141897416252216 -0.250723218110479
0.085366697573179 0.464234105410076 -0.0597170139797653 -0.411489117759125
0.105069232344722 0.375153641483183 0.193156903298641 -0.355917043914307
0.20347977375112 0.18493684397256 -0.193593929787742 -0.209863282337848
0.134795611091548 0.184328045132364 -0.00527730027271253 0.42384695857598
0.194789100091778 0.259849075390617 0.377627575589643 0.111773827617964
0.444210719292533 0.0768966607284687 0.181355163724255 -0.049037598006714
0.391875082330821 -0.201148340115946 0.1981390972661 0.0579548968136784
0.213584793421331 -0.26499587963869 0.295844464949235 -0.0047248452523816
0.100569504999091 -0.226271881077412 0.253751962357772 -0.0847241137981311
0.102699615717955 -0.192801212659277 0.161956715848543 -0.0951535060214128
0.111265225288138 -0.165542986817311 0.0784978120958633 -0.0479381529925101
0.202249717222662 -0.175975640038025 0.0226909598900887 -0.0493752346661099
0.339221784913981 -0.108069687674134 0.00440203310087869 -0.069173578169122
0.41811657654801 0.150272342553206 -0.0367646119937668 -0.132720288828438
0.149380376924972 0.41820657107222 -0.0411607761487021 -0.268250297031984
-0.0365983909042668 0.339972613535372 0.0328288148102403 -0.503880464987447
0.112540090830177 0.208628163373432 0.260898927560601 -0.472637018407613
0.183526043019798 0.0128424373310209 -0.227585366330482 -0.289535545246206
0.0233995209887741 0.0712385853698679 0.0220963659334032 0.25936167922567
0.10254429082204 0.218803972284798 0.300376864373272 0.0205509328402115
0.360509776458032 0.0454120393788238 0.207773389476941 -0.0366282140693958
0.282180034547777 -0.211365831821069 0.288641034912619 -0.0264444534569647
0.110837797369365 -0.231827387970952 0.333141182380581 -0.136791711453059
0.0218547688814924 -0.186469701078997 0.266956084269046 -0.189197253642576
0.0220691799894369 -0.160140599525173 0.185166656613646 -0.156251573034652
0.0331848589107353 -0.140600940518459 0.104082886310673 -0.103219634947639
0.116617000131084 -0.161309945427751 0.0640554504696705 -0.114360729744795
0.252596235519599 -0.111800096455088 0.0934103112427064 -0.127486483273726
0.320905878768165 0.151682217701648 0.0937035020380818 -0.118444910933749
-0.00289296278359064 0.334789724969969 0.0505453286437496 -0.231812907924807
-0.0982361915816172 0.13318546399048 0.128816656444581 -0.551506560402115
0.159453523328473 0.0242450436071924 0.332509684100771 -0.535559158959252
0.10809041090186 -0.154104059673016 -0.249200213968302 -0.315564960241764
-0.101745390061977 -0.020371876204594 0.0233348467409107 0.129009311818557
-0.00191964982159492 0.168627664553303 0.219709375145963 -0.0152895106716691
0.224673988139249 0.0215180838306144 0.23573995123983 -0.0132170646626871
0.129233659550763 -0.165831107855224 0.334597783074574 -0.0964665304550003
-0.0021141773067872 -0.144761484585491 0.325464749672873 -0.228938114841579
-0.0587696745767953 -0.108038269729096 0.251884437607666 -0.259249348685155
-0.0615294295386021 -0.100270452554862 0.180072490036453 -0.198760513956241
-0.0484418187306499 -0.105024079658787 0.0996036383733532 -0.148894106194066
0.029349396839284 -0.146032724506408 0.0837118737005444 -0.17529789355645
0.165864856705901 -0.119177637410058 0.167806636435961 -0.172255517773889
0.216041396984308 0.118227530039786 0.189308910874978 -0.0741735908253904
-0.0980231796554134 0.180744873073063 0.0853677674696082 -0.176401576246028
-0.0627126232319422 -0.0959895582695869 0.199077076552794 -0.583452835400129
0.23026218840042 -0.140162522903736 0.382470314262891 -0.543294142517112
-0.212383267669668 0.284729532254071 -0.414767306543339 0.490870221633881
0.0448191833517191 0.233805197213233 -0.232739360284391 0.737298661344411
0.0846985284750229 0.00221035219610535 0.0129186341077883 0.194073515821191
-0.0861567923089807 -0.0209701586917389 -0.233581707260286 0.0107336929379382
-0.0563413588865603 0.128159247744829 -0.252553219991275 0.220054167842082
0.0672812414583674 0.106277325322215 -0.068310858311224 0.26986257744706
0.111498541992893 0.046620526162992 -0.0259259080443755 0.1881374801331
0.138875425577895 0.0247705827041666 -0.141114316660157 0.183597639714907
0.136351260144401 0.0271343369771933 -0.219201179745224 0.278850066129253
0.10005645165522 0.0521989664278667 -0.289713256435617 0.282078284707197
0.0246396568969489 0.0885753281987567 -0.329076029916391 0.178565768086525
-0.0748006266834765 -0.0138656376147084 -0.28198984569452 0.0291363584090167
0.125751684518574 -0.112717051326657 -0.207313810973199 0.0163120297391855
0.223065788389834 0.140258652803163 -0.142301823038276 -0.0376706008948607
-0.00125182334231518 0.388712727604741 0.201187142638245 0.186721501089373
-0.198640129412519 0.36587488623023 -0.348303804821133 0.388682241389412
0.00236345581782172 0.365881797675788 -0.256256793761756 0.788341640467259
0.0934898051717368 0.168872615574853 0.111501617445494 0.265528153002037
0.046985572093101 0.0622279296333088 -0.184175093146812 -0.0178095046848313
0.0686837401845371 0.105139842791915 -0.255104849325644 0.236334429569841
0.147983221413422 0.0472027406382445 -0.038839086130449 0.306836901080044
0.163178110708847 -0.0244219022668638 0.0293230341877954 0.202638540676413
0.185016153754207 -0.0617273814703112 -0.085100413647372 0.161576522560848
0.186123389580074 -0.0697742035763798 -0.166529872005618 0.245097795038301
0.189994396885485 -0.0646957884218597 -0.236319854161155 0.266563474107239
0.190091609143415 -0.00590625096546559 -0.304132720655345 0.193153115805031
0.133324886084902 -0.003523780959065 -0.307441210859229 0.0248363376069797
0.2537454945447 0.0183433191361152 -0.218605293405931 -0.0384788640010434
0.280403773741131 0.278152200386927 -0.132560045831167 -0.0706401807396642
0.0913577775763887 0.492488498113543 0.171070858085773 0.092408731166725
-0.107276723187013 0.414796411124449 -0.256862537836659 0.25007589536285
0.0386177550499063 0.43256069900394 -0.217597101762088 0.79176144016698
0.138187979409714 0.298076736160098 0.239412153277994 0.329859038803802
0.213238702736229 0.133518568311721 -0.0809751213982237 -0.0200942993632047
0.225889983809064 0.0483432455783846 -0.191562275688229 0.237813017791798
0.22827296124289 -0.0456257271644306 0.025699315414958 0.302789792432752
0.193633390982204 -0.106334393139441 0.0942028316027343 0.183122386796075
0.206552042683456 -0.136059882130867 -0.0164423684630719 0.113869352120932
0.212554812522548 -0.14186450897087 -0.103816252889498 0.178666388026245
0.25633834678799 -0.154107610143683 -0.175897452428815 0.20558678332334
0.325216934761257 -0.0843886268163743 -0.255730275283206 0.162529902980909
0.326958897383574 0.00935147348353743 -0.306600199208541 0.0033743191788856
0.359089911445972 0.16615332829486 -0.232813870309305 -0.107467289229786
0.285912897055591 0.40749463169928 -0.135416600145574 -0.162760272713033
0.133584006333038 0.52948642313209 0.148755048254204 -0.0484792878903121
0.0307558408876269 0.408811811467175 -0.192390398019168 0.0864066534995767
0.130520684663269 0.41405031280597 -0.134380024543648 0.729051078037173
0.213809019699488 0.341920983395239 0.358265096618763 0.318228639337878
0.374185763812123 0.147363230411027 0.0379833032005242 -0.0259017848634698
0.365853636334062 -0.0474385958888513 -0.0682089392587629 0.209427869892261
0.278246403192937 -0.15615546590695 0.121885301798924 0.241971350623616
0.194338427099135 -0.181907146413691 0.162208247496832 0.121364934975753
0.200919549386535 -0.186556664914507 0.0544197787868848 0.0464690005068419
0.209090297992631 -0.180763314749225 -0.0357268035884442 0.0969196017349115
0.286403948578913 -0.199339131417157 -0.108040577340581 0.117784150629174
0.405464295063331 -0.125674552220917 -0.185078254690892 0.0937278720813975
0.457702938079376 0.0432238568466489 -0.264075839801071 -0.0460741794984834
0.39243753280945 0.310464822016382 -0.218575034343215 -0.186321517290699
0.226111643118623 0.489926019501499 -0.123631816282194 -0.29166884028508
0.133059858112917 0.493561111814106 0.151525744588832 -0.213900868755522
0.155705769602353 0.32917421767974 -0.180419357307974 -0.0772340878604237
0.18745773483626 0.316889969023863 -0.0488681328553817 0.602357006076754
0.253105603556049 0.313260617874235 0.418488470478714 0.226164714014845
0.467943266989431 0.107966577008772 0.130572891321418 -0.0433478570796878
0.429909017153382 -0.155683453324892 0.0784409761126248 0.144777955159237
0.273829126790065 -0.248531498906089 0.226486942108807 0.127039768012269
0.159098132362309 -0.230792273858065 0.221763906702347 0.0213363579134171
0.163655461087969 -0.20868415269642 0.1182179682466 -0.0295560542946511
0.173560321532428 -0.187301088251864 0.0299267825240528 0.0168415350143433
0.265182674399306 -0.205335044883604 -0.0373672235511156 0.0267328368324796
0.407079506397004 -0.130354586276808 -0.0931067408033713 0.00652437942854299
0.491926622757011 0.0966113240928987 -0.168903971304252 -0.103587462425443
0.321141460163035 0.409494679667712 -0.152703546383573 -0.253393601321985
0.105841909581254 0.478288707954747 -0.0732605994775138 -0.422974763275854
0.115009497948221 0.379628183575503 0.191184789522957 -0.372828281863386
0.211304436648275 0.184121145038507 -0.208720418586493 -0.208747538081073
0.145752119168077 0.185452877761236 0.00908469047074513 0.437501053466142
0.20916360017663 0.264446639234133 0.394127968848332 0.101149981019061
0.461781306778728 0.0609965589911352 0.182174616484809 -0.0532733177652268
0.394562440199062 -0.225569181009782 0.210083812538586 0.0546029030686214
0.209170878694953 -0.282637601011413 0.305417172425583 -0.0184253620446934
0.0961928814473655 -0.235126974200829 0.260106170498324 -0.0951496723917434
0.099278025628155 -0.201254443861309 0.164871538617229 -0.10354972059728
0.109298759623759 -0.172251697003112 0.0811285522322941 -0.0517838797900961
0.200274588533209 -0.189557178609819 0.0231299053882267 -0.0530614861510459
0.342146522486968 -0.125039628535166 0.00356508719002491 -0.0732520906423976
0.434008597185387 0.136402522215289 -0.0367519592310636 -0.136298362381344
0.168260471858656 0.426690234202375 -0.0482400078118307 -0.275732165071543
-0.0264071276154529 0.353065702983774 0.0171936593910894 -0.520194354726289
0.118042453564561 0.207830446279632 0.256335898717369 -0.494022966389972
0.186141745746568 0.00745062101783983 -0.245997016071943 -0.289890928471854
0.0264051044339262 0.0729002618441481 0.0319626566581975 0.267587575105046
0.11426148510044 0.224474235172095 0.308192081233798 0.00960074156406672
0.375644191647778 0.0312849526334719 0.210730284460334 -0.042446222752245
0.280820287222697 -0.230784878012895 0.300368742666715 -0.0372753805291627
0.105509977953889 -0.244456709884089 0.338731869759256 -0.15420037563591
0.0169574765580394 -0.190554701091472 0.269031293876681 -0.202330483302642
0.0168015999029172 -0.164732095061829 0.186484285188282 -0.167785822000237
0.0284393908135193 -0.143589034896227 0.105418853141355 -0.10792339990632
0.112301897199044 -0.170275069928398 0.0615327204644923 -0.120750356598446
0.252653336868358 -0.125935931883347 0.0919899796989557 -0.135840002854316
0.335517357308409 0.141779290510201 0.098242940287787 -0.12533340831924
0.00892286647173828 0.346330731535574 0.0493474222921967 -0.240269568373252
-0.0976179474304967 0.14137637528188 0.115218608272007 -0.570828593137015
0.161049800688185 0.0170220332591684 0.328933584576855 -0.562769403869027
0.104226968791439 -0.162797078975701 -0.267901183916496 -0.31418755893498
-0.106084093274525 -0.0167855092887483 0.0286246359872324 0.133027141197438
0.00538160239209206 0.176037849292993 0.222823162493232 -0.0236840122391821
0.233147568329801 0.0114917199805914 0.240744770035615 -0.0208357538417614
0.12573776474246 -0.178429525809046 0.343552494763924 -0.11142444279467
-0.00697364370870536 -0.149108106650031 0.327191586518783 -0.24797358295857
-0.0641975385591941 -0.106634732507807 0.250474334146339 -0.273567525717111
-0.0678579416735025 -0.0996854983877628 0.179312105566767 -0.211240515717467
-0.0542489503850947 -0.103746969734861 0.0985687344708554 -0.154186533015268
0.0238076897056364 -0.15080059967767 0.07856225496028 -0.183241764958829
0.16466086706333 -0.129367353541796 0.16585115821381 -0.186326362761554
0.227827446921583 0.112303758058173 0.198071758253476 -0.0837198545425565
-0.0935045950710831 0.192973980558867 0.0874304475469716 -0.183043814189986
-0.0688712988679682 -0.0950884090298716 0.186165518720891 -0.605237472697277
0.230724395133538 -0.15377344984638 0.379821045208632 -0.570659018284782
-0.200649774095654 0.300072210134376 -0.39782995433109 0.520283493316671
0.0586531301328652 0.234977013721679 -0.19803347426808 0.756799663837628
0.0846753536797531 -0.00468444276985834 0.0204520344996927 0.19413436326003
-0.0890540431353702 -0.0148184577601088 -0.239948362288333 0.0264758110221356
-0.0474258623339935 0.135367979579412 -0.244061444726311 0.243518911260202
0.0743586507242294 0.102541232577243 -0.0497333452923199 0.276130656202972
0.115724145834169 0.0406804034236163 -0.0151889401151787 0.186346119453334
0.143653202945101 0.0164253884910066 -0.134667744331784 0.192478323910318
0.1410382841907 0.016910522353476 -0.206247198498953 0.29585155819913
0.10517333260505 0.0461049213134531 -0.275657512381984 0.304539023998055
0.031519163355965 0.0881190230638765 -0.324898632119322 0.199104360474262
-0.0754045626982473 -0.00792586572579729 -0.286472043236982 0.0449544487412802
0.119443000812808 -0.123963972213559 -0.206847302124982 0.0310550689647008
0.235727372581884 0.130180227244517 -0.144959755187328 -0.0290811127408293
0.0231510901709854 0.394966069610686 0.211019530338927 0.173184601650193
-0.182367256412725 0.383462117352005 -0.337860129322734 0.411781091877742
0.0237554758432596 0.371079462971503 -0.216900868173752 0.811334598950425
0.101843381091108 0.165988096069092 0.126173917182659 0.261727844594456
0.0494922764609362 0.0619049417400975 -0.192953265569359 -0.00524972379016937
0.0759710712111651 0.104386527791977 -0.244531664670182 0.260333738914207
0.151654174368772 0.0388434559587942 -0.0177656546459389 0.310925025423261
0.163672698469425 -0.0339355958713424 0.0412322680682966 0.198016243314296
0.185380239347772 -0.0730306773159477 -0.0790888824416665 0.167735714852757
0.186712849097087 -0.0826027822602406 -0.153518824969342 0.25857334807237
0.190005395313855 -0.0763704730414086 -0.222965223353474 0.283035599298585
0.193280298860423 -0.0176829313188138 -0.297254314442002 0.211937522588381
0.135432033716383 -0.0101741413134991 -0.310839481899235 0.0424455537138698
0.257219466896999 0.00293098379482149 -0.222037897171074 -0.0250497436789777
0.301523400549049 0.266867234806797 -0.137099384264855 -0.0638850442996349
0.120409052304461 0.492940729951336 0.176240995687727 0.0808416549180715
-0.0900986646023969 0.42722302120457 -0.25206697719227 0.266153203905141
0.0626565715887161 0.436015914015803 -0.178539189577527 0.813180443475912
0.154423440509607 0.294811588668107 0.260601344841828 0.319884394535577
0.222464126295123 0.123623975402572 -0.0882093291449094 -0.0143581529414166
0.230880596069136 0.0371545480516568 -0.179402781403744 0.257883953859016
0.226799650878082 -0.0594851913089235 0.0467161265443241 0.303130566828549
0.190480617016268 -0.117544197220066 0.106241674187639 0.17584306680619
0.20305166103732 -0.149419590553707 -0.0118736584472325 0.114717831204503
0.208722110439949 -0.156230061766995 -0.0941009794509041 0.187498682582705
0.251507354977106 -0.171470288583997 -0.164770013952386 0.216559095592231
0.324659879606257 -0.106311095564381 -0.248792220849818 0.178041268665131
0.331639352428682 -0.0089884579307584 -0.309286910813115 0.0192598758975183
0.373020084924563 0.148713387258746 -0.241238536525616 -0.0947655108218214
0.315346147963093 0.398632024946655 -0.144351599339464 -0.158097537932171
0.162784422543989 0.52777608015045 0.147238346803656 -0.0594596721729363
0.0492514658940109 0.414754393051741 -0.194138291879675 0.0971885134258223
0.155852494647513 0.412819732399332 -0.095748849884921 0.745121891321626
0.234461427236642 0.338094748551349 0.380886637735178 0.302457933683416
0.387037451360729 0.127798854180636 0.031738380167067 -0.0255352969978017
0.366446907192257 -0.0692924541694847 -0.0548523048930098 0.221753251835179
0.27132923408426 -0.174478957970666 0.140330812882539 0.23603833997878
0.186753804265083 -0.194884532911835 0.17241959605468 0.110929857520858
0.193890614483561 -0.200708485727312 0.0572488353005046 0.0425019239755698
0.202590449917777 -0.193280269638561 -0.0289194172600725 0.100174163653942
0.277850050136999 -0.219248470725075 -0.100378629594748 0.12408424707251
0.402794695881944 -0.152519710966095 -0.179667565405256 0.103357329295235
0.465718431073349 0.017550618681404 -0.267037058069432 -0.032899256432342
0.415681949283382 0.29241698833347 -0.229744808914589 -0.176330589671444
0.259607835631168 0.484313204755128 -0.140055475508592 -0.289655325072575
0.157717956587812 0.490104255775466 0.143046568054713 -0.225745677179311
0.169845898736472 0.327209477947599 -0.191076613777088 -0.0686915452220644
0.207967845275655 0.309539514106633 -0.0148548344631767 0.615280200250876
0.271608953734121 0.307232257714494 0.438269248085319 0.205613343206117
0.479007975613946 0.0811888438317069 0.125568502565749 -0.0475231105537748
0.424584666681206 -0.18502078519385 0.0909160579710751 0.146035908941752
0.261458433067067 -0.267145229263919 0.238242895409618 0.113409143025056
0.148944330823805 -0.241218437418745 0.227826731896616 0.00869932228466521
0.154965526230863 -0.220241607577307 0.11876768678617 -0.0376837030586883
0.166112020172586 -0.197132223652566 0.0342115302011815 0.0146923346856699
0.25531966714433 -0.223937496510526 -0.0344772479103375 0.0274753031728881
0.401813064345599 -0.157200323423184 -0.0926668677670335 0.00949493685626418
0.502427059406995 0.0690392398434333 -0.172612460789115 -0.096277071523326
0.346762802317153 0.398818086594964 -0.166055576304378 -0.2490167406839
0.13439757479403 0.479301395266037 -0.0944274846019559 -0.423741768429951
0.131679004045138 0.376355659201006 0.175491149540781 -0.387127487776767
0.220367787639415 0.175780498764057 -0.2256713598018 -0.199582341286865
0.157730726490438 0.179600841412164 0.0338344399542808 0.445212858417875
0.22721966528946 0.259845256724118 0.405026858522413 0.0795993682878553
0.472266891061935 0.0345103409728409 0.177767419431994 -0.0609242670998936
0.383694013187106 -0.254104199747164 0.218878433009484 0.0474666186219737
0.194030478670364 -0.299803980513706 0.30839253731964 -0.0386870135788974
0.0839629169008879 -0.241729281894625 0.259276637653071 -0.110958880149534
0.0893649532746585 -0.209405608729727 0.16276944569343 -0.115410324652428
0.100832454612551 -0.178133906543806 0.0820602372525939 -0.0564233482640017
0.189874304506689 -0.202580667876107 0.0212095188631116 -0.0557839084583578
0.336239615093664 -0.147083437157198 0.00149693472303671 -0.0763954994114326
0.447206726199993 0.11035549042669 -0.0387522492962359 -0.137629185955844
0.193669251535418 0.425569335452854 -0.0593407749951834 -0.276936350492179
-0.00795996087395179 0.36068929667875 -0.00822602342062885 -0.526428222383106
0.124764281770566 0.201037570950467 0.237519932568203 -0.513597523935691
0.185963446888247 -0.00139333084982148 -0.266849736871337 -0.279289958794519
0.0306695105599 0.0721156727578119 0.0484607670790159 0.270470010721164
0.129869661969175 0.224423897441624 0.312039645982573 -0.00754522165476176
0.383385792789256 0.00725050255496577 0.208741950578741 -0.0517802851378181
0.266956068351172 -0.253123568657165 0.306093827420454 -0.0530318459992792
0.091621938238978 -0.254233698707875 0.333713806674295 -0.177260165247758
0.00614254963946193 -0.19146791503088 0.261466066794505 -0.218333332898327
0.00760081916041143 -0.166067828146652 0.181435577965368 -0.180375417695441
0.0208105293135996 -0.1441868967494 0.10345272818003 -0.114725065114187
0.101717305527542 -0.178991590267123 0.0548728983006087 -0.125461998798456
0.245091288646497 -0.143418071376291 0.0868859548838881 -0.145252606814663
0.346527502680245 0.121218725780912 0.0990975832959742 -0.134519402687558
0.029248534358452 0.353497612539302 0.0409254801450382 -0.246118547793111
-0.0921005856212635 0.150216554830461 0.0878255279955579 -0.581910237755093
0.159181134753664 0.00638358491021504 0.306701489698908 -0.587240794244132
0.0951221753767929 -0.169585658653488 -0.288468869792455 -0.304098121202881
-0.108892317900163 -0.010399836224981 0.0374831751622984 0.134564599553625
0.0173551777003571 0.179647618769441 0.221884057193735 -0.0375142857444765
0.236617652342363 -0.00419858391137552 0.241303774651176 -0.0320470463322369
0.114092039902293 -0.190453438846232 0.344660089993294 -0.132771531512311
-0.0157409417461361 -0.151102958605271 0.316148367444533 -0.270510042779337
-0.0708634359966765 -0.101389714020792 0.237883537600492 -0.289802398386356
-0.0749824545143829 -0.0957030032427603 0.17119550402943 -0.222296976586116
-0.0605387703875389 -0.0996248408886563 0.0926665652664511 -0.1596299727179
0.0138805467824649 -0.153366789866664 0.0669737164955721 -0.189752190846373
0.156445539480213 -0.141524663388581 0.156721516035767 -0.198378618863983
0.237165887882872 0.0975080424866128 0.201762235439872 -0.0974115049366888
-0.0831047639981227 0.203934978857558 0.0823498850229982 -0.190783034252934
-0.0764674080716887 -0.0918412407735843 0.154399513436707 -0.620993163100361
0.223668677334876 -0.171211660653936 0.356821084114362 -0.598628625558001
-0.182171264436064 0.309285442273452 -0.371108527672392 0.536858646269456
0.0721511866301847 0.229289560740844 -0.156675435270974 0.756432425605076
0.0821173629136555 -0.0109898720682216 0.0277680988231955 0.189969115572527
-0.0894162858276157 -0.00821360687808504 -0.239256786011427 0.0428821668443281
-0.0368354154928144 0.138215437286156 -0.226661864881248 0.260910775287903
0.0795341868649826 0.0962983261352166 -0.0286636574145215 0.274113000572263
0.116648163911021 0.0330321688610932 -0.00517908418941731 0.179935988936428
0.143948749268829 0.00612739103064662 -0.125020980702927 0.198244965114048
0.141860738663881 0.00613159735174596 -0.185648763402278 0.304974042748254
0.107244286839361 0.0389471093212419 -0.253938449733775 0.315723467672608
0.0379796560273317 0.0853788651929339 -0.311525422192376 0.215844232486666
-0.0737064499157683 -0.00200200629513012 -0.284450095136891 0.0611017062668938
0.10933661755551 -0.131353758213039 -0.200448928576164 0.0434948235613056
0.242141369314351 0.115499648888444 -0.143723040259302 -0.0201151421500391
0.0477332800900228 0.389988380695918 0.213938971406725 0.156408061534368
-0.161607038775888 0.390988504875563 -0.315848254713737 0.424833543749529
0.0453286093079365 0.365864152242857 -0.173370389782649 0.81167510303237
0.108456870148396 0.157968217500863 0.138114711506152 0.250139153157469
0.0511439450496381 0.0591300520289801 -0.19573747677423 0.00832572302530235
0.0820902897068755 0.100274127341182 -0.226063624285897 0.277474763966239
0.151914324031528 0.0296687557593907 0.00490298148110543 0.306056791063178
0.160898832253533 -0.0422867915064108 0.0515609474017984 0.188354048000317
0.180440738936831 -0.0838544482340633 -0.0710989958654317 0.169602697429114
0.181286664267256 -0.0933576994014458 -0.136997622134498 0.26454681023102
0.184632378073424 -0.0876698765062482 -0.202479368373168 0.291459090296702
0.191219384953937 -0.0289745613224553 -0.281598692755135 0.22652940047101
0.134740104796873 -0.0165838353699852 -0.306393155225 0.0590373818950185
0.253486065924592 -0.011306989957382 -0.219567397233686 -0.0101798142161302
0.316277788702172 0.248975078399462 -0.137794528904234 -0.0563694850051444
0.146197226023653 0.480745289237794 0.176693089870749 0.0672828706609155
-0.0699625843110368 0.430123565441853 -0.239574803538203 0.275931655145611
0.0871599105887976 0.42735857379194 -0.132224427961574 0.814015346813263
0.167724683571448 0.28505195158313 0.277285935805249 0.299393597953241
0.225230034763684 0.110776091653403 -0.0942256054189752 -0.0059880581446704
0.229637751775289 0.0241384708967837 -0.161024361573088 0.271026389328838
0.219513178630799 -0.0715168594398246 0.0670514903160055 0.293980676440736
0.182866972536051 -0.126590516503599 0.11575293566701 0.16422264772233
0.193576732354202 -0.160168372651284 -0.00666066741575146 0.112813144530828
0.199014771604066 -0.166121584973388 -0.0812046515174494 0.190002765802453
0.238859102108065 -0.18445064243457 -0.149154337637626 0.222426590486751
0.315628798963215 -0.124881701379425 -0.235674649674102 0.189346339989591
0.328230467325431 -0.0276280666458278 -0.304130258958315 0.0352920692747263
0.376057000202148 0.126178907295879 -0.241903248465517 -0.0787494767056253
0.337371386278601 0.377909016866885 -0.150619969648437 -0.149521954876623
0.187862557934024 0.511892889495438 0.141545660971084 -0.0684275868090681
0.0667236998416049 0.408967249969488 -0.19167836610201 0.105871824055142
0.177181296999328 0.399114947857664 -0.0547768949434188 0.742195861092602
0.249101380090774 0.324758069318494 0.396408272868214 0.276327517543432
0.389070174735708 0.104102553289081 0.0242149372650475 -0.0238683301990026
0.356885104039081 -0.0894255070419075 -0.0388808320619909 0.227637823083657
0.257158047881138 -0.188682688878982 0.153741035650226 0.222758142603758
0.174173003998609 -0.201098508799515 0.177726046957826 0.097199743245166
0.181754757084984 -0.208983640249156 0.0582693293507641 0.0378206024206598
0.191013593719018 -0.201701689000153 -0.0209387211677243 0.0997501243448048
0.261071902417383 -0.232927435378822 -0.0916089766271621 0.126474151481637
0.388673562849328 -0.175582588960142 -0.17123533264095 0.110556981581006
0.46123748283929 -0.00780184250811885 -0.262775487875471 -0.0199470441833967
0.426130661818101 0.26693278600553 -0.234795486837215 -0.160819459117188
0.284451087074018 0.4662629340043 -0.152841595992907 -0.279932030677402
0.176795735324669 0.475338883842296 0.129986514836118 -0.23249321148887
0.182416522828862 0.315349465548287 -0.196099064735861 -0.0575510890294722
0.223743364097475 0.293579408873037 0.019120563325768 0.609282024544975
0.28622110933842 0.2926192995051 0.447834676531282 0.1772684647484
0.479017555062159 0.0533815304351351 0.116791439790375 -0.0504712953559402
0.406936699288908 -0.208141251893544 0.102973559401741 0.143625328548831
0.240544948108632 -0.280722053971201 0.243722672723004 0.0959231264461962
0.134586725801239 -0.245273088060732 0.22731996874002 -0.00477984519559813
0.141223131726214 -0.226933600909012 0.115116152587116 -0.0451980008486855
0.154428112344185 -0.202779088361072 0.0367089261812952 0.0118594555046983
0.237871613645465 -0.235501859223574 -0.0311494617520463 0.0272594447909106
0.386563130697152 -0.180729101904925 -0.088898013848114 0.0128734802866097
0.498849726014414 0.0380377021476891 -0.171485003355097 -0.0888619765825303
0.366407055530468 0.37545876491781 -0.17616545391422 -0.237243612590134
0.159528162270723 0.467778726608882 -0.11562798797131 -0.415054196208117
0.143076296557324 0.363213436520211 0.155821072425881 -0.393829521406194
0.224262604093262 0.1629436330583 -0.236802824231206 -0.185043063215043
0.16602049314133 0.167519628632085 0.0598572908037175 0.43856751563168
0.239441330634384 0.247943789895706 0.406099936396215 0.055794401119138
0.469303983871797 0.00644354612259943 0.168520296778411 -0.0661488893821974
0.361820001729623 -0.274893298032642 0.223609443711894 0.035000571385778
0.172998989988264 -0.308069520039864 0.304169822105995 -0.0577073964021489
0.0709265377571165 -0.242332709095543 0.25256050136655 -0.123770732790443
0.07634169966926 -0.211394561908918 0.154496857504679 -0.124327907523482
0.0905128662060702 -0.179388269784509 0.0804511512276361 -0.0607563423716256
0.17331639921731 -0.211264403836092 0.0184031200546885 -0.0576447301078763
0.32056504106089 -0.165756693507315 -0.00234181883246018 -0.0776247674982089
0.446336009475477 0.0829242484129491 -0.0409417171910469 -0.137190398283187
0.217101653089547 0.413103353592715 -0.0717642205400236 -0.271358226252133
0.0116824811128519 0.358049440230976 -0.035800212964565 -0.5184406602919
0.128052800254532 0.19106247287461 0.210885951663064 -0.520980703227705
0.181913120801926 -0.0112900265325689 -0.279570470969816 -0.260382416729696
0.0338191174484877 0.0688949104892577 0.064730967429882 0.26691718962018
0.142211377659938 0.217467980455213 0.307479109488125 -0.0267263742261179
0.380684640957448 -0.0175044331174927 0.201076427368616 -0.0589470408386822
0.245818433330691 -0.268307648975071 0.30292714731358 -0.0698014512399068
0.0742977094032303 -0.257845970971878 0.320365542647971 -0.196035429045051
-0.00381021837076884 -0.188180179153224 0.248328462119986 -0.229845772864129
-0.00270221528991327 -0.163914218735635 0.169863708599964 -0.189165442167208
0.0124588306414962 -0.140998086479135 0.0972273806732405 -0.117829852900373
0.0880935543151434 -0.18174103704752 0.0468230589733784 -0.126916539004087
0.231848787176836 -0.156326610320964 0.0775928524221455 -0.148848533867991
0.348611967371843 0.0970579284188053 0.096135676871681 -0.141389077482879
0.0496353210275194 0.349937903569626 0.0299236112431879 -0.245851114315905
-0.0846062849536112 0.154292966948594 0.0556385751308761 -0.577332003822822
0.152543883775699 -0.00485642177055685 0.275143010904484 -0.596754770721144
0.0835763091332007 -0.172532221220642 -0.301889294573692 -0.283398898112236
-0.108625403888951 -0.00341764800753014 0.0453723822001968 0.133272555113462
0.0286486977445051 0.178449630294329 0.214600457708659 -0.049354049065026
0.234976307019268 -0.0203677338547669 0.235182139552815 -0.0428931874062568
0.0987139949241345 -0.197225230438219 0.335124270253131 -0.152146835365894
-0.0251432162010207 -0.148846936203509 0.298003947782276 -0.28681157535499
-0.0746569118007682 -0.0933901033107418 0.220706521954038 -0.298357624284998
-0.0806875744027551 -0.0884475753442173 0.15856528047148 -0.228588766595143
-0.0655828707655335 -0.0929744688783949 0.0847647172037787 -0.160802497907805
0.00361582727849536 -0.152268012292135 0.0533087064066548 -0.190318593210102
0.144340738712416 -0.149687532642323 0.142448283812398 -0.206931618658497
0.240996928290342 0.0801222368702264 0.2003419210613 -0.110075702596155
-0.0687885467312496 0.208787916437327 0.0754076973980658 -0.192034052169934
-0.0830237211812325 -0.0855490613397403 0.120237060617148 -0.616867373214929
0.208911091828294 -0.182353813722605 0.324362138373767 -0.612586147887223
-0.164930141056673 0.309727450183256 -0.346739801605732 0.534904305457474
0.0803503833441112 0.220840415709873 -0.128064766977648 0.739267186614141
0.0782986497341692 -0.0155935002214282 0.0312141797493471 0.181596242346379
-0.088070316133056 -0.00406480349681608 -0.23363578591954 0.0533652122416035
-0.0281590754071456 0.136917203924066 -0.208604306204436 0.268676426660275
0.0818160923381306 0.0903250266372237 -0.013383817937874 0.265770978073246
0.115258391140688 0.027447858452093 0.000829774183445582 0.169864358768901
0.141687425693426 -0.00135617675325382 -0.116017686301861 0.197599112027634
0.140126127874388 -0.00173114174411824 -0.168754829821037 0.304176761974144
0.107443103926549 0.0327423001610965 -0.233417899132128 0.31834071341116
0.0421360211535809 0.0810674208872643 -0.296964538275613 0.222941191792883
-0.0714062147282493 0.00229289441732702 -0.276222466429958 0.0720184468541555
0.0997704107141534 -0.132085089323614 -0.190135155867822 0.0512489821786533
0.242362079085444 0.10239863587681 -0.140423921988698 -0.0141048948110402
0.0645543550044172 0.375888518612659 0.209309489984811 0.141216958560839
-0.146208578419528 0.388386900088376 -0.2995280851251 0.423982926492502
0.0585790829107459 0.354098036060914 -0.142802080917505 0.793756341772505
0.110181130128564 0.149202721654275 0.143450199896465 0.235688287862082
0.0508477226773612 0.0561606942981342 -0.194802411241663 0.0179468112075121
0.0850084007339982 0.0961798323179621 -0.20661516847124 0.285642678042331
0.148681048587189 0.022757020317549 0.0202749227471299 0.295441726923604
0.155651759664742 -0.0469276107888322 0.0568631859265894 0.175590923842483
0.174438187106014 -0.089572821775283 -0.0647895070559163 0.167256570392547
0.175023275781255 -0.0999989523823244 -0.122665684633359 0.262734649480981
0.17710633898091 -0.0930083860059422 -0.184591785929243 0.290791818637163
0.186677571491423 -0.0376519984604449 -0.26736019990286 0.231596662172891
0.130767810772907 -0.0214797456253974 -0.296624576571015 0.0697910556439687
0.245578586413607 -0.0209212204043586 -0.211474624189567 -0.000362735800927555
0.320110151629783 0.227038520048004 -0.13525299813755 -0.04973633683422
0.160088681249494 0.461069775665947 0.170965463590847 0.0559404870252702
-0.0552050301359963 0.423210865473239 -0.230077787285084 0.277418741667255
0.101805540414445 0.412068779648941 -0.102240973723082 0.795499916301089
0.172890893023133 0.272186744210942 0.281976007498913 0.279271768720126
0.222395197403052 0.0992826959344145 -0.0973385930597138 0.000362964653774951
0.224547590315359 0.0165089548955403 -0.142324558958627 0.275710078816361
0.209981558229353 -0.0776670163819908 0.0793199926109212 0.281456463153335
0.173724376960227 -0.129604143386983 0.118084002643246 0.151005137683658
0.184322796488787 -0.163966587793372 -0.00349151108933023 0.109607450911927
0.190305926073049 -0.171275319045899 -0.07170421598728 0.187760267682485
0.225595524338499 -0.188933989135046 -0.135397278181112 0.221158392641966
0.303247916128352 -0.1357171928309 -0.221855310574395 0.192422214134292
0.318582603245258 -0.0390314247184962 -0.294208770867689 0.0452786399093318
0.371687661438597 0.108608737561614 -0.236441570398896 -0.0666089562928622
0.344117008309775 0.353832992371494 -0.151501874916999 -0.140879003634991
0.197438882684853 0.490261859179962 0.133863033859936 -0.0736774936832678
0.0772734929280864 0.3966851435809 -0.188220107136206 0.110007664753621
0.187656353986428 0.380989714985113 -0.0277172368304897 0.722470104474434
0.253532770128116 0.310944838842369 0.397685548777325 0.25079625224267
0.381914099509464 0.0869411679662657 0.0175493261224938 -0.0197133208487917
0.342975282315882 -0.101239175425182 -0.0247178436506886 0.227328393386932
0.241691779290403 -0.193936261063176 0.160266811524164 0.208771492233401
0.163658378081848 -0.201974510741401 0.177093153041701 0.0854326825690658
0.170531177578753 -0.212027353897766 0.056706104721793 0.0338801335445154
0.180691931740425 -0.20328533128791 -0.0147550472797629 0.0963946388422708
0.245132067912128 -0.236650419523026 -0.0829390841322047 0.125007879086528
0.3693664958133 -0.188533954120087 -0.161052332669991 0.112764772474671
0.448821261575916 -0.0274653664086638 -0.255001158652723 -0.0117578789107268
0.425943689662131 0.245083450622689 -0.233154430125171 -0.148188370959997
0.294283159771695 0.444282249052262 -0.157708086877741 -0.267924415212453
0.183241494559482 0.457265820490654 0.119380925820656 -0.232349951817445
0.186268911217431 0.302708466271251 -0.197126413789857 -0.0483974822619183
0.226994378095502 0.275936077724168 0.0406067292287045 0.592306815202882
0.289140406272412 0.277276951039068 0.444359213263565 0.152055700893375
0.468379659383895 0.0320443661355976 0.107452447840689 -0.0483161823708772
0.384866014244122 -0.219332221589103 0.110921387103974 0.13854992877431
0.222388063243667 -0.284768536989088 0.241350045074047 0.0821821312222188
0.123066641045731 -0.243535165322066 0.223080211061838 -0.0152495250741847
0.1294498204363 -0.22698377495683 0.110601544513268 -0.0493609496813547
0.144589026215072 -0.2024098467618 0.0383264434350491 0.00956130914739796
0.222168590996517 -0.23757523764019 -0.028847465808143 0.0259963462397322
0.36813920719105 -0.191426530021833 -0.0857759408881444 0.0138215806207842
0.485219647882227 0.0161290833609822 -0.166948006374347 -0.0833024815871329
0.37151856377188 0.354258119989286 -0.178481313187937 -0.225601720494093
0.173268614228764 0.449333110530791 -0.126042078277147 -0.400000612163501
0.14612285620945 0.347812471607161 0.139636697439749 -0.389199199700559
0.22096764316697 0.151173426681226 -0.239900410123572 -0.169959739493524
0.166438310719641 0.155103949150446 0.0770819537798579 0.42649849000717
0.243082992582516 0.236701992825311 0.399527802220277 0.0365304769327214
0.4577761899234 -0.0140500503538166 0.158687694046041 -0.0653614674286837
0.338343432850207 -0.283938344874111 0.223896276278524 0.0274000872001476
0.153366473502808 -0.309120111718751 0.294722296454703 -0.0695886024479517
0.0610849611041103 -0.237634748373467 0.242260257463075 -0.130483723100448
0.0665289375581262 -0.208070001918744 0.146777685963402 -0.127867498420157
0.0823128821591061 -0.1758335368009 0.078405175255459 -0.0628963745263567
0.158247695611924 -0.211100568285729 0.0157555911485316 -0.0572610099887607
0.302552204184013 -0.175185589548492 -0.00326665870490748 -0.076936227843842
0.436591252788294 0.0610109367346238 -0.0401842211569807 -0.136210130052986
0.225874912786995 0.394447432213061 -0.0766496970667829 -0.261965097794361
0.0230764317439505 0.349122817283968 -0.0506894926257959 -0.502171040940724
0.124129883868749 0.180712659120841 0.189542690623353 -0.515329859954267
0.17419410921748 -0.0174538046408296 -0.283984717796443 -0.241022305805683
0.0347976000757587 0.0649722811959453 0.075121354585612 0.257544573080554
0.148139517234469 0.208447298244816 0.297954114294184 -0.0393735988226483
0.370021427262839 -0.0333694547466174 0.191463939871886 -0.0605073489097802
0.225030031576603 -0.272566800317515 0.294911476424992 -0.0800905786430414
0.0602350633541449 -0.254936652432093 0.304036436293173 -0.204259055168662
-0.00960120803955631 -0.181599523560134 0.23483642337872 -0.231829329796275
-0.00937693890969171 -0.158517358027359 0.1599641184939 -0.190972734493648
0.00756053767709202 -0.13533167404773 0.0934865555493769 -0.118795413521234
0.0765518313044995 -0.178966582295304 0.0392130178576126 -0.124954091233164
0.215712972868067 -0.162436200952668 0.0698273781635088 -0.149744401846754
0.341916439739676 0.0785731605765764 0.0938012012878143 -0.144553524175755
0.0623392956213539 0.342140026950985 0.023646176978738 -0.240691788022141
-0.0792166456398875 0.154541739932322 0.0348704585727508 -0.560515690873042
0.142778693824129 -0.0115031477413885 0.252396611581592 -0.591858098224476
0.0736808377208822 -0.171246242693115 -0.304598248990854 -0.262263384734271
-0.106143813608294 0.000717790098464371 0.0521473493610182 0.128512242548157
0.0369140296035487 0.173643771284493 0.204901974696442 -0.055910187645358
0.227767176369967 -0.0311955315057206 0.226236503944413 -0.0474911437322169
0.0839325574803307 -0.197621682487971 0.322570872157861 -0.162065841866482
-0.0316505610160133 -0.144235871787292 0.27858905426188 -0.290998557691118
-0.074775610341233 -0.0863961701918744 0.204542984256433 -0.295500667071754
-0.0820490849112327 -0.0813747224651935 0.147297007945507 -0.229444413592814
-0.0674080824587436 -0.0861394962407537 0.078331654281047 -0.158668743239893
-0.0036884634044805 -0.147308296407764 0.0424156810097224 -0.185689982458811
0.13253053782875 -0.152381705297813 0.129923382958187 -0.207834213851247
0.238305158964258 0.0662562760974538 0.194928371847525 -0.118361253971809
-0.0573779262738247 0.208614472959138 0.0700123784284378 -0.188866158399055
-0.0857668009414469 -0.0790615772073025 0.0954624358122987 -0.601749839861917
0.193935232237101 -0.187102533079911 0.297213182211883 -0.609419070273112
-0.288217896150624 0.209126690266016 -0.496852665511941 0.345738104233471
-0.0219577443890867 0.227904585768601 -0.409129562233927 0.602701558569687
0.0762832011718902 0.0167770050016336 -0.0495920108724633 0.168443962935314
-0.0753582144898583 -0.0396564068100189 -0.239108824068409 -0.0406643808751831
-0.0775311309977401 0.108133750033352 -0.290205869444665 0.1646323912065
0.0353956311473723 0.111462879562768 -0.111263052005414 0.230424186075007
0.0909761877344994 0.070634637595667 -0.0669299269493845 0.146359065621331
0.129868911017737 0.0544750917624997 -0.185200031676984 0.127556794121812
0.128814355056136 0.0539886177124976 -0.271411335143106 0.20568643914551
0.0864490440027321 0.0728446255669179 -0.33730414939361 0.191963742944173
0.00937724188449828 0.0936936787854693 -0.354514575830287 0.0771729031021954
-0.0660911696956468 -0.0206646120706596 -0.277421777161682 -0.0494194986458898
0.138990238686628 -0.0825100052148803 -0.182820036028536 -0.0283588499466111
0.181696039008177 0.182119689322948 -0.121759254699504 -0.0542029685375505
-0.071868302405001 0.369269997877916 0.109559702659639 0.203639588508743
-0.308562448870796 0.288582738085193 -0.403353491976771 0.263299975068168
-0.0985705722246858 0.334108934313237 -0.434695073636951 0.649651045567735
0.0346137918947363 0.178426476015927 0.0416378683701431 0.262026005891597
0.0192715234468693 0.0708293893514242 -0.184394886436366 -0.0645988805156459
0.0381983688372074 0.119145119700112 -0.295447145419192 0.172619682788362
0.120938408962087 0.0803593429551901 -0.0942913610736692 0.26603248479657
0.15682093256396 0.0220683816111771 -0.0180032915680877 0.173796066534762
0.194976787226854 -0.0121237489058287 -0.128258419095276 0.121667865641607
0.199150243256461 -0.0198068007717418 -0.211679626758612 0.187123044696823
0.196946174376846 -0.0125810100586041 -0.280011135714639 0.187782911563601
0.1842631033284 0.0418258235913862 -0.328863568676632 0.0962397263423019
0.124760895475168 0.0367777273751311 -0.292062792557998 -0.0568440973661089
0.230016938098427 0.0748511596600729 -0.182518471181045 -0.0796282140517495
0.206344712307933 0.324220818128321 -0.1085144164209 -0.0809234787628065
-0.017724472406917 0.477957667477032 0.103314786798662 0.115410239890077
-0.242311664136405 0.361036977988716 -0.277129184950465 0.148148098582746
-0.0866897955643657 0.403459209114954 -0.396769941053746 0.665861155175189
0.0382698398994847 0.31607199352258 0.158606911350223 0.354433716741437
0.15101961294526 0.181775706020449 -0.0843173163898871 -0.0492644228806266
0.192710643942696 0.106937299320341 -0.235559366026251 0.181875890041572
0.21558862270512 0.017092568123519 -0.0381469106908686 0.272328942030792
0.205880187003984 -0.0426209776961411 0.0473698337500332 0.175759809210587
0.233046977646744 -0.0734636512505905 -0.0499407786318771 0.0951937398746365
0.241049101907238 -0.0766155163496646 -0.134148825279427 0.140757965102365
0.276294483549092 -0.0803941749338142 -0.205530184786438 0.14441722001028
0.32601862409423 -0.00312733128079291 -0.27040886703775 0.080070607808834
0.300031000641137 0.0916237959391457 -0.276804904975446 -0.0762285186384251
0.295646925308503 0.242869374169137 -0.179685631865148 -0.145323653276431
0.179770115122449 0.4455126111574 -0.091623954037554 -0.165619183669584
0.00146339625351906 0.517433368327816 0.122955797153759 -0.0137293150351808
-0.112982058846956 0.394732304170812 -0.177629568450364 0.00238581455109238
0.00112168393166894 0.412357336857409 -0.300611952931345 0.628931387723635
0.0954466915301588 0.38597133761519 0.278049243519926 0.372933187079964
0.29610728697664 0.238790554119642 0.0299074401930353 -0.0297621248330629
0.344123785306552 0.0538078764267402 -0.113633734461531 0.179518515068859
0.289670877163183 -0.0717995154328063 0.0592169357474758 0.236837316758128
0.226562495856827 -0.110923288079439 0.12678733470905 0.141421262914882
0.239267820770889 -0.122208505688663 0.0359397625631631 0.0521380311604416
0.245520766368821 -0.110153161940835 -0.0471804101861619 0.0820991481585914
0.310679734490304 -0.116038736593398 -0.11841001997179 0.0795649469065828
0.405178724495305 -0.0271405267418241 -0.183792094158347 0.0334444291056659
0.410561138728816 0.151742621501347 -0.215409845565259 -0.109864752017125
0.294050769544895 0.387228850705385 -0.146058388058865 -0.213912740325327
0.0999448811525267 0.506714946414144 -0.0520314764409771 -0.282897462845408
-0.00300160707998633 0.477816073834649 0.178250255360044 -0.160257844301385
0.0294173711576287 0.357285622275878 -0.131746555485242 -0.15100783974392
0.0798743494553342 0.336577344788045 -0.190003092185715 0.537681082235978
0.140360219619163 0.372171653253469 0.357975887277703 0.299732828983414
0.394965556639928 0.226802143490106 0.122065249600102 -0.0242181966945094
0.428563209476724 -0.033889182677893 0.0391018283791025 0.151083076275491
0.309252335145662 -0.159049224531708 0.178775283323282 0.155404656605315
0.208525039883373 -0.163668692558439 0.207748865263451 0.0717011490379008
0.20789604527415 -0.151342676860611 0.117728980718926 -0.000227497248348654
0.211281230745796 -0.12271363248374 0.0354749507697498 0.0250760510491745
0.287772284982614 -0.126524908233134 -0.0307246530208235 0.0129545740572057
0.40215306598494 -0.0323889224209662 -0.0758078994642488 -0.023648402578985
0.426459999219046 0.20291895673351 -0.106791530734812 -0.137823800659681
0.202314678655019 0.466592453244897 -0.0682483655228339 -0.260335443250448
-0.0159629163128612 0.466846608941541 0.0272663539527689 -0.393312224170409
0.0010995607267505 0.363091350934261 0.268145325956639 -0.292152822857772
0.128930106118598 0.236979749473266 -0.136792164140439 -0.277360574423959
0.0783010582263026 0.205267335793066 -0.0963132605542982 0.40668881339139
0.117933069075547 0.316489668535486 0.362184873375785 0.180164257146026
0.407030482901432 0.180683390338277 0.173064605711027 -0.0183408741019126
0.411482475554424 -0.111175826473835 0.182559862035988 0.0983658835784565
0.259536362252375 -0.210383039601126 0.284408976311232 0.0439512740618807
0.151508102545058 -0.183333998988196 0.271580770046854 -0.0213192612226025
0.14308138542721 -0.159812342538289 0.182369035579671 -0.0549062795806444
0.144612483796305 -0.12417936787144 0.099603311437942 -0.0233120050210423
0.220608146582221 -0.127746146652969 0.0420705629514268 -0.0441016389526929
0.335619218301572 -0.0435717625022741 0.032589792974854 -0.0711307065340811
0.364658423621675 0.221294848259468 0.0276566874669748 -0.132624679665214
0.0546587532903187 0.449296306941499 0.0345814014903044 -0.254667085613729
-0.115878412883566 0.317888181595469 0.136786212035956 -0.462370207392671
0.0415288182941215 0.199420577477876 0.373939604761964 -0.382421825536336
0.163275810140078 0.0610113965674431 -0.163019910804849 -0.348545338284407
0.000945058195731788 0.0707973261494447 -0.0321008793899595 0.262222192002749
0.0446477107406002 0.25049493194133 0.298192311636416 0.0780842753789833
0.337803560486924 0.125076920086439 0.199075151020033 0.00404346561850641
0.306121922310993 -0.148159592207653 0.288673408450443 0.0358160049741404
0.155242785200225 -0.199707491242383 0.347229462120682 -0.0668198312082817
0.0666068126832753 -0.161921529990161 0.304721373563106 -0.113365715162483
0.0540084336093634 -0.145037585141681 0.220046495841547 -0.105235414945492
0.0590501774538482 -0.117565201981454 0.134127049966371 -0.0674024527138705
0.134300963311351 -0.131457189652717 0.0886460699491016 -0.0951928851340726
0.252199075491095 -0.0672500484579928 0.125871485444095 -0.105549309643085
0.275432447981156 0.198662315745547 0.1495952106553 -0.0866456074795195
-0.0735172288976654 0.33668797673057 0.115145684987559 -0.197991639747761
-0.135993338598073 0.102660391543432 0.245544591538072 -0.486863588054521
0.130905277024568 0.0295140959265323 0.467537142524103 -0.420118464184717
0.142327140969769 -0.123322415869265 -0.186326221089993 -0.3619108089943
-0.0943301411387512 -0.0458496065857438 -0.00339898912649032 0.144056042421267
-0.0389138932623827 0.171152002838906 0.215881812056414 0.0325067816362529
0.212355041396223 0.066617813365257 0.22382672973797 0.0382995157089232
0.150668323198191 -0.139601321163615 0.347595497810893 -0.0193344001547682
0.0293112794198148 -0.13984104854733 0.361213622243803 -0.148843081213212
-0.0296641645227057 -0.104087590696798 0.30284764053269 -0.180891713564596
-0.0421286230523297 -0.104615118440714 0.224428829409353 -0.144016697674984
-0.0275870149262617 -0.102286580198505 0.135589957741762 -0.109109172189981
0.0506983062568404 -0.134756295124835 0.1132469232894 -0.148896358699085
0.174448180256807 -0.0900821931739415 0.201197889163851 -0.133085277876317
0.189690055430013 0.145816696110738 0.22922885229987 -0.0230287855690658
-0.132075801867826 0.169771415484571 0.136126679539519 -0.13566042245626
-0.0557741557872194 -0.111909099959935 0.325109406963103 -0.501223470866153
0.24460136313256 -0.112256074151929 0.522546819951548 -0.412184904485901
-0.284233609818277 0.214737771280424 -0.496462444116234 0.348843461249708
-0.0159215702746206 0.228208246940559 -0.402786143188525 0.604393125068427
0.0757826899115632 0.0138133476810952 -0.0494458026604266 0.165259949734416
-0.0768323023993865 -0.0389320023784523 -0.242155916064232 -0.0373951882195515
-0.073624191076454 0.110780290717939 -0.285145731107783 0.173315097917234
0.0378976958280666 0.11066484215937 -0.103677769272997 0.230919087636767
0.093031335013902 0.0691284451815283 -0.0647867788684804 0.141961849689868
0.132833547806317 0.0508851732439462 -0.18572042143175 0.129141550936291
0.132377332557683 0.0493854785758557 -0.267979886962101 0.209066979295177
0.0885995311710067 0.0725753273353913 -0.332947565834923 0.197832613499445
0.0133385200437578 0.0930141038589965 -0.354730719332371 0.0818826280975101
-0.0659182194264733 -0.0181692946313127 -0.278985957052681 -0.0443323880793294
0.135494472146617 -0.0855014788131358 -0.179611316566422 -0.0241590664917079
0.186691265514766 0.178766449499461 -0.122274129042239 -0.0522399015664348
-0.063708459495893 0.368167245602673 0.10788064299148 0.198107241886391
-0.303192615253697 0.293569333364647 -0.404105609338831 0.26385530589172
-0.0924696797158555 0.335293055845674 -0.42871233259152 0.649231228022789
0.0362226792367261 0.176363334375018 0.0446910680167169 0.256243657409987
0.0187391715783325 0.0700176585514271 -0.189439258923533 -0.0609685434859027
0.0407405587205152 0.119369830463709 -0.290468328062315 0.182712733491581
0.121884440018798 0.0779105718758716 -0.0863039382642555 0.265312654828312
0.158524816117518 0.0203447472284262 -0.0160800853743361 0.167969080580399
0.196620169396094 -0.0160541848434134 -0.127087135101353 0.123107120185398
0.201876699781283 -0.0233174577579112 -0.208080115324705 0.189053026981215
0.197887956155075 -0.0157173511935211 -0.275043545512531 0.191324854614101
0.186696333674991 0.0377448907588172 -0.326572079861649 0.101143515909388
0.125496155820649 0.0363158044870832 -0.293233132034082 -0.0520680987997646
0.229950747158734 0.0713730486192138 -0.180406945235093 -0.0757351826548448
0.211737452037461 0.320093885977744 -0.109454252424667 -0.0791438289146569
-0.0120888466586923 0.476569769619093 0.101169589193984 0.111056092245293
-0.238839664050331 0.363705476803804 -0.281965215197137 0.148087161675023
-0.081177027764886 0.402532325075311 -0.388676033260946 0.66736154548151
0.041455068700065 0.315790783985347 0.163131483581346 0.346221791523365
0.152135667041407 0.179358866645781 -0.0910101384384229 -0.0468531717050365
0.193943122906042 0.104512806784645 -0.230509442834204 0.189802560600965
0.215417612792847 0.013840556897699 -0.0303580146339791 0.270863744555618
0.20681951721926 -0.0449134276392433 0.0506684197441186 0.1700920916291
0.234626486782983 -0.0786690560739111 -0.0498667589311957 0.0948971670756877
0.242476927704865 -0.0801834994795732 -0.130870697818334 0.141565779252514
0.27616230908166 -0.0838482967362242 -0.201346654648579 0.145614181272195
0.326805129212743 -0.0107190936347341 -0.268252655030638 0.0835092903764551
0.301465965140829 0.0880728821920336 -0.277101164752511 -0.0736975705415712
0.299503268396095 0.238788043495978 -0.179604457771662 -0.141777190201589
0.185841705199477 0.443766629809918 -0.0933933980650298 -0.165370957259698
0.00360678247692614 0.515141965900989 0.121770106674306 -0.0170927228583536
-0.110577577226673 0.396484550100502 -0.182623547267311 0.0024752821745678
0.00574944004540058 0.409482014946118 -0.293147859039692 0.627895374240204
0.100126905582245 0.386044595582691 0.283401084318981 0.362878417406522
0.299502364608285 0.234101350575358 0.0231429213985973 -0.0281917751771605
0.343488849791858 0.0465997205007176 -0.107563008281242 0.185188427039132
0.28720444746816 -0.0765329744680688 0.0645076120336783 0.233863124326709
0.226270304831705 -0.112721075769068 0.130773621499306 0.136630356185656
0.238839419036479 -0.126303769480037 0.036136714484558 0.0506392354885198
0.246518070297333 -0.112888519057383 -0.0448210345240029 0.0819467990638089
0.308223053991291 -0.120115084552246 -0.115478990726134 0.079767024952955
0.404117237320041 -0.0347526569085349 -0.181585204666579 0.0352012321931995
0.412314033395013 0.144163378218058 -0.21447809195408 -0.109020891858697
0.299859343794002 0.383511533336112 -0.147074946192023 -0.211296849598538
0.107377277859015 0.505646854113425 -0.0551526974713006 -0.282621706069812
-0.00222921348071435 0.476360924502862 0.176864742687217 -0.164410610792062
0.0298481403275574 0.356221798593416 -0.138436911798329 -0.149147777564657
0.0821711999706369 0.333737074516707 -0.184119828343584 0.537023752337213
0.144207850505164 0.373400076171689 0.363059311280605 0.288907935604612
0.398072702484822 0.219536923153298 0.115464072150396 -0.0218418634988277
0.426237122835838 -0.0406491799256939 0.0449546033701658 0.1537248260965
0.304885488546024 -0.165632950062742 0.181548734997793 0.151800013764287
0.20739222884703 -0.16574637386345 0.209935780375896 0.0666039259822482
0.205751385642395 -0.153802010708955 0.117633308275591 -0.0028653284535619
0.211046360442507 -0.124501664719933 0.0376822198744485 0.0244211187151602
0.284953192632321 -0.129795310825801 -0.028664568198134 0.0126949641648631
0.398681833381328 -0.0419858266102251 -0.0741447049650502 -0.0233530579581171
0.428644624683867 0.19517531178853 -0.105261269427256 -0.139300802269151
0.209821801627206 0.464657735900356 -0.0696676939820109 -0.258929402958641
-0.00964538248346393 0.465885000349801 0.0230122950702125 -0.392752593120388
-0.00236536671762219 0.36031417286169 0.267141047410229 -0.295299596645164
0.128350965415097 0.23344645650334 -0.143150486215421 -0.273091589517999
0.0787383778410877 0.202274739609749 -0.0893243339416411 0.405761739878841
0.121625941668751 0.317637227749925 0.364368131503476 0.169817993202941
0.410203842347381 0.173583683894273 0.167566100927624 -0.0164791654213791
0.406369626967425 -0.118164715728442 0.186901452522549 0.0978851273915332
0.253425197435046 -0.213667597221793 0.283898977904437 0.0386589049476147
0.149360217978264 -0.184699070675186 0.273642589360981 -0.0263571830873306
0.140318919879547 -0.16118566943207 0.183363211093537 -0.0577775059951386
0.143366065898274 -0.124036201191512 0.101082346468805 -0.0253475580709224
0.216229578598686 -0.130220352968636 0.0414705468080566 -0.0439654106874061
0.331553793189116 -0.0511562318228691 0.0332525471600731 -0.0717284642832149
0.366010316637935 0.213247865948692 0.0304532366293856 -0.135574056611099
0.0609976337646504 0.450267484568422 0.0330202406525797 -0.254057264853675
-0.113468466004042 0.318919739478619 0.131406122745166 -0.461581342528193
0.036924753498686 0.195559147054501 0.373431055601686 -0.386479884490815
0.160612240486985 0.0578195885015409 -0.167856571298481 -0.34393771630829
-0.000369342575179821 0.0693749984141429 -0.0264643185298907 0.262476318944798
0.0484152682500872 0.251952806245289 0.297146484255663 0.0712795037508067
0.34000705900182 0.117721951848162 0.195499052186123 0.00586136834936679
0.300462193768091 -0.155538602005412 0.290729630292228 0.0332909926512376
0.149272453833254 -0.201976598260116 0.344090329641194 -0.0726962892521124
0.064716894555241 -0.161434567608194 0.305653029315069 -0.116032984218832
0.0511672357400291 -0.144259943553241 0.220670904835895 -0.10822732512023
0.0575702184002276 -0.116233755123743 0.13418361566342 -0.0680876965723624
0.130240103807766 -0.133064322524104 0.0855729858677807 -0.0951511395975623
0.246873934692289 -0.0723170744925374 0.124710071073132 -0.107630014205264
0.277843149258701 0.191699352708919 0.153506239681835 -0.0913615619681628
-0.0681762592713645 0.339332943701007 0.114889882754144 -0.19750062729852
-0.137576901036572 0.104430670279288 0.238763381979711 -0.484774117656735
0.125328275476676 0.0250033801326208 0.466271588328608 -0.424234105690473
0.138838457390087 -0.126349453525954 -0.190822044818812 -0.356585659977059
-0.0966122424359842 -0.0445597940526888 0.00117966274685278 0.144376423717321
-0.0357055008277199 0.173484645364061 0.214000839205663 0.0289032824539311
0.214900449933676 0.0610151736029937 0.221349182543558 0.038683620030406
0.144733073555817 -0.143026398623395 0.347881239468205 -0.0238274245294803
0.0258913526721667 -0.140280748741671 0.356780960702356 -0.152120387899243
-0.0305182833272487 -0.102522111298943 0.301485485783072 -0.182679903433807
-0.0451218794407245 -0.102411087224024 0.223978218635026 -0.14601405269972
-0.029351347505117 -0.100536909009702 0.135270694230585 -0.109357454506107
0.0469283081855618 -0.135515280488453 0.107614675636454 -0.148157786376747
0.170365307825846 -0.0943731514704032 0.19872953799615 -0.137605917276131
0.19160826797999 0.141360914603122 0.233191359686162 -0.0276017855664941
-0.128130137797524 0.174297334704019 0.136555794852616 -0.134661641799826
-0.0596501290780141 -0.110542115180366 0.3168273780361 -0.500669847747409
0.240516082288012 -0.116775881267384 0.521812577227201 -0.416606846095901
-0.279559928303934 0.226004721390945 -0.50113950246617 0.362089415524112
-0.00726193713860483 0.231892832044037 -0.395934330418632 0.616532578173333
0.075383186761865 0.00937737400615839 -0.0476802527833923 0.163869530184422
-0.0809021032681651 -0.0366626124901489 -0.248783133360159 -0.0315945151938795
-0.0683428687038791 0.114592412513748 -0.28134457318208 0.187529567960096
0.0419136588430787 0.110002561041782 -0.0942316593300265 0.234326573657647
0.0968040403798252 0.0671265837103664 -0.0632567095905269 0.140014969823637
0.13785262656383 0.0451787873145548 -0.184930007108621 0.135804956689792
0.137908848584071 0.0443599063975106 -0.263657293656218 0.219231517436565
0.0938893110067684 0.0705342551797144 -0.328757598750808 0.208402960260797
0.018514793777593 0.0936360417561692 -0.3585424533332 0.0935924121196087
-0.0674563581553626 -0.0144308213622362 -0.284102931488748 -0.0369204036290465
0.132753830518042 -0.0916902407454377 -0.178392738133475 -0.0187122760932653
0.195724337817817 0.174239094041974 -0.125269721430131 -0.0489223515591656
-0.052469854419494 0.37251222007488 0.109806979510361 0.194181187080827
-0.298768920021969 0.304737694802795 -0.410812808005066 0.272425517336649
-0.0822875171571014 0.340736534461647 -0.420060664657455 0.664150332806349
0.0404131362382113 0.176005392974737 0.0506066541497828 0.252953322092951
0.0189324586789508 0.0704201564262856 -0.198619866922792 -0.0565587988277094
0.0457996638566018 0.120372287470167 -0.286267851835536 0.196736998758737
0.126010382389223 0.0750768428905236 -0.0758713242098474 0.268752130632332
0.16115367697477 0.0159796304188785 -0.012148700900383 0.165014234493435
0.20098765498088 -0.0241512276238736 -0.127533560054612 0.126829043116478
0.207235533845697 -0.0318729109801046 -0.204116059898239 0.196643536768143
0.202200421325633 -0.0208046082217672 -0.271262850465758 0.198748454643807
0.191660299235994 0.0318607563679727 -0.327971922086474 0.11147873452835
0.128772677294086 0.0339639972400849 -0.297893875803215 -0.0456577622808421
0.233939662742396 0.0646110087096599 -0.182546179619483 -0.0702341576487507
0.2244928616891 0.317920693380155 -0.112629863245723 -0.0771202828745023
-0.000683140801515577 0.480755487062325 0.102221022605316 0.107235695543991
-0.233786135531677 0.374085182652903 -0.288580951435829 0.153836981759841
-0.0706124843778505 0.408269490061552 -0.378393373172576 0.681408268030113
0.0494462746218072 0.318769419291342 0.173104599794602 0.339341880103279
0.156980070393869 0.176670526195981 -0.0991191932290625 -0.0440154578095482
0.199197246578487 0.100338651712378 -0.224289040398488 0.203318566400299
0.217360317636357 0.00802120343036894 -0.0205711193020568 0.273568795135385
0.209028509040603 -0.050984768961345 0.056046500641705 0.166283813808666
0.236505961157968 -0.0873307870485784 -0.0485183412463968 0.0970184891275058
0.246054312913815 -0.0899471778690042 -0.127570211161129 0.146129765062554
0.278964861924159 -0.0913430518689024 -0.198470081693439 0.151177320846721
0.331344987142879 -0.0216755465404797 -0.268357201938126 0.0918240862658156
0.306399449358047 0.0814350058776804 -0.281129839352864 -0.0673960200107693
0.307798843806543 0.23297357563413 -0.183288991451758 -0.138763931474208
0.203259899783909 0.441647615555409 -0.0994000265137758 -0.164416065690979
0.0140799708095966 0.520269893346543 0.120806808129616 -0.0232061370964934
-0.104767934310103 0.402935834508451 -0.191455692458678 0.00666514630521319
0.0154925851420977 0.412730989656719 -0.283127104730653 0.641731333456565
0.110309551672874 0.390259000571427 0.296871973275149 0.352287042696831
0.308261894278769 0.227436434079644 0.0162443594536849 -0.0258955605037555
0.348309527081049 0.039077973547724 -0.0996334458362526 0.19462394954937
0.287049420843153 -0.0858181374293779 0.0739833483387605 0.233723149132806
0.226670812595318 -0.120699944371353 0.136429822515401 0.13050657181474
0.239143934472274 -0.135553824844558 0.0378050714445918 0.0500055961847808
0.248641750887534 -0.120980213626211 -0.0413312625110006 0.0833055067196158
0.30936388989698 -0.129261770708293 -0.113056191544989 0.0822606100690454
0.406638260169827 -0.0497461134626004 -0.180197474398094 0.0398475504803758
0.420010568537265 0.135996749966481 -0.218206862804085 -0.106189887948317
0.31367891179854 0.38012869360581 -0.152887488088481 -0.209418394785915
0.123358507379291 0.50855069329131 -0.0631671428931047 -0.284675650493012
0.00328861982162546 0.480564716056376 0.176113139728724 -0.172230043669883
0.0349272248056609 0.359701308001915 -0.148000178673178 -0.147044189223308
0.0905223761160239 0.332965430858801 -0.171255329587719 0.546464426925721
0.155251176121836 0.377671022447211 0.374563065202289 0.277678565470824
0.410284130347492 0.211483900210111 0.110344670858589 -0.021275048114186
0.427303329008962 -0.0535731348744581 0.0537077434853066 0.156683567822533
0.300830092927796 -0.175483019631142 0.188398512744408 0.147721827763672
0.205477185472971 -0.172903921732114 0.216501048998748 0.0587225632491876
0.204528439824604 -0.162208889952743 0.120010108290287 -0.00625333308224301
0.212398239807378 -0.130813545492145 0.0410817630936561 0.0231421938386981
0.283801726407666 -0.138684713725637 -0.026909934206734 0.012623129084649
0.400750450500115 -0.0549227431649831 -0.0733137278119159 -0.0225619168751659
0.438310706358096 0.184782692972477 -0.106796352027295 -0.140445863946947
0.22379563563692 0.465400015957886 -0.0756667706566165 -0.259739447730156
0.000205411890502518 0.472664854067128 0.0138669097359061 -0.396602348535187
-0.000291451362292937 0.363693982792978 0.265117839311283 -0.306566111141715
0.131667869036414 0.23179388438399 -0.154102665554858 -0.270155516839523
0.0822375241961994 0.201831094949746 -0.0779700963135448 0.411726666897521
0.131812967882927 0.321672981981737 0.370962720119624 0.157799065751995
0.420066394209153 0.162228212381855 0.16444776207649 -0.0160618382645967
0.406334869918954 -0.132021924634168 0.196050920940034 0.0951708416143973
0.247057519613147 -0.224055764621585 0.28854957887273 0.0311521684311039
0.146727246826463 -0.190815641314163 0.277920314457735 -0.0349703688445268
0.136498219594796 -0.16655922252289 0.184911225474886 -0.0647325485869098
0.141982221134599 -0.127303803829497 0.10352729376306 -0.0279263893389884
0.213128285214317 -0.136699159087775 0.0414806948727869 -0.0462900958113372
0.330705443287161 -0.0630376271949829 0.0337487007046203 -0.0748699394821034
0.375617976879745 0.204006992032349 0.0306435123587501 -0.141111275568509
0.0747582514887376 0.454706472075995 0.0293596901322462 -0.256833853818519
-0.108560017035164 0.325475959258366 0.121798703928864 -0.467235617999519
0.0350878135342178 0.195369285375764 0.372040492060392 -0.398583837021246
0.16043406845285 0.053213466363023 -0.178822312306308 -0.339832517154802
-0.00106506264260726 0.0702323675467222 -0.0179833492087445 0.265085401798147
0.0562661330282233 0.256847013701273 0.300043065946597 0.061254498270819
0.348475988654712 0.107339491344926 0.193632326602718 0.00582966736593897
0.296501374506498 -0.166057195806162 0.298211940292203 0.0259651463108281
0.143113305621061 -0.208570462748652 0.345006586432376 -0.0821949886253492
0.0620695935455536 -0.164439106027172 0.307289058630656 -0.125448823891983
0.0458267851751405 -0.145658427313427 0.221139323772387 -0.116215790368576
0.0554773528248091 -0.117014482268226 0.136181215789554 -0.0718331443355151
0.125810198108928 -0.137453729317128 0.0834483384562359 -0.0975325110407531
0.244918499401002 -0.082108622918894 0.124568183800038 -0.113648574050732
0.285676904421917 0.182367590676679 0.156843760654637 -0.0992842319870859
-0.058612583262965 0.347135612528982 0.113000619661235 -0.200742382987368
-0.13954004963659 0.109772230076495 0.228950307087451 -0.491422852677449
0.121987350586578 0.0201730987055993 0.465884081715461 -0.440572573550992
0.13421525630237 -0.131988072713256 -0.199471164392747 -0.351391564338885
-0.101165163218203 -0.0414563878613394 0.00776892114291945 0.14612657332496
-0.0301983711951527 0.178336014892611 0.214212418823743 0.0226177024906874
0.219244041675233 0.0530479105546752 0.221885450753985 0.0380997571985517
0.139110700655251 -0.150014201731864 0.351142464005103 -0.0326429104651808
0.0199796168928056 -0.142533327706805 0.355477397961763 -0.164331137901028
-0.0332461321457169 -0.101489134249562 0.30133219504106 -0.191272923586761
-0.0500814232789513 -0.0998841009048007 0.223374346579152 -0.153249720047262
-0.0334290169017742 -0.0992072673562812 0.134749007108277 -0.112434823137298
0.0415319447202652 -0.138655409711959 0.102445847721247 -0.150660879216589
0.167081625024859 -0.101302428512318 0.197189395911868 -0.145514448775017
0.199294985465912 0.134442722871 0.239678893949703 -0.0364599715646833
-0.123567044851117 0.18239023511158 0.137108867891794 -0.136937817780334
-0.0663191028470985 -0.108967229047837 0.307909226743853 -0.508565989557735
0.236115748621551 -0.126717457462604 0.520039481729789 -0.433107647599812
-0.26668731810855 0.24033818166625 -0.490541896652631 0.383786994067414
0.00712090681014877 0.232315599553831 -0.369595358750889 0.633804860379539
0.0750646962199795 0.00257246121213736 -0.043079239464108 0.16324839589019
-0.0843468144514302 -0.0321923186079706 -0.254785552064291 -0.0207329933750765
-0.0606938184057368 0.119156179752573 -0.270236458123966 0.205055160766372
0.0486533102371789 0.107105167664709 -0.0788966362178078 0.237696062729808
0.10153807729211 0.0621973421984934 -0.0585060592186828 0.139284919464522
0.142560453761284 0.0349891394469424 -0.181468283333007 0.144190523791833
0.142533758901315 0.034734324859008 -0.253117560461925 0.232791208194637
0.0999935485225791 0.0661809356445463 -0.31802746384515 0.224999184601457
0.0253350791214624 0.0923181177770295 -0.355051927315512 0.112691143348153
-0.0682969777741066 -0.00881766341915234 -0.286113315379978 -0.0218397401045354
0.127610432997638 -0.099755811109125 -0.175940059124657 -0.0102751662727896
0.207566347509346 0.162574257352696 -0.128298492983199 -0.042573948967134
-0.0321302545135198 0.373907740618666 0.114627775650111 0.186365730280329
-0.284046228436128 0.321082961516732 -0.407398423057274 0.290332223786596
-0.0643577753918165 0.343392420993938 -0.394596547769583 0.683357882753593
0.0484459334144234 0.172901855498846 0.0607588329576204 0.24593321863784
0.0198543506997603 0.0699123217120154 -0.206830980505956 -0.0467679556257178
0.0529896870599248 0.117881282623261 -0.274919468606539 0.215316427833671
0.129998841969477 0.0686722454924219 -0.0586609841393101 0.271339783772547
0.163460973486149 0.00799808266904607 -0.00580964054267187 0.161643667011262
0.20182127801993 -0.0363623890888388 -0.122347687997207 0.132747647721322
0.208083769618839 -0.0439825056692704 -0.194288084993772 0.206771374923814
0.204107490712105 -0.0311732568046331 -0.261528623123214 0.211252654625775
0.195351825977589 0.020182412633327 -0.322588071650645 0.128924940248342
0.130947865044616 0.03023624070832 -0.300335509056216 -0.031326150430243
0.236165528606641 0.0530314583366132 -0.183470617278264 -0.0622747701076826
0.242643840795661 0.304722372975409 -0.116371693746304 -0.0719028202355573
0.021878809781202 0.480189586811714 0.10356563325918 0.0998802749975569
-0.21749055782878 0.386259212609136 -0.290522077024038 0.165834473260251
-0.0503701479319541 0.410511550367529 -0.352842886901583 0.6986782155204
0.0648200404873902 0.317201683668663 0.18867845271231 0.326026213207877
0.163811449576214 0.169939006251853 -0.107623546230935 -0.0374311966435603
0.204844953691687 0.0905543862917856 -0.212285543202953 0.217838781071878
0.216853855785499 -0.00324198195577491 -0.00460708863089843 0.273485204723114
0.208032123278607 -0.061493312023945 0.063715742347398 0.15975923188671
0.234595388310781 -0.10128423310674 -0.0449410108260053 0.0989073638980231
0.24513751215253 -0.102971270447433 -0.119414555843623 0.151950381458637
0.276537172505088 -0.105632271564911 -0.190002427940029 0.160449844338618
0.331118953484993 -0.0406573716053006 -0.26266499400777 0.105126044362237
0.312353571398998 0.0673979508194996 -0.284307035191588 -0.0551740536832879
0.320553471783098 0.218572386065708 -0.188820890687165 -0.129108322828321
0.225299340143719 0.432557019702888 -0.107093983415264 -0.160524380144674
0.0356135485591966 0.519094047404124 0.117632500866491 -0.0305041859723962
-0.0874051107711632 0.409892297481495 -0.198203098252282 0.0143922101100594
0.0338506886944043 0.41003247669903 -0.257568098829024 0.654918735746292
0.129099033233746 0.388140281489653 0.311545318886843 0.333312267398758
0.319702324763185 0.212475114203424 0.00885616202949516 -0.0233785339402694
0.349548529001477 0.0207522861026673 -0.0869555707509694 0.201842023161846
0.281460481157653 -0.100157332289734 0.0868929710200952 0.228847092653097
0.222521610201543 -0.131797527605098 0.143560232547092 0.120463467773697
0.233856838077501 -0.148493388775467 0.0401876055295791 0.0469800139439732
0.245720569857161 -0.134306039411175 -0.0357118528032758 0.0840254151999824
0.304052242319121 -0.145220648137024 -0.107839063334909 0.0862106840103434
0.40436791922221 -0.0730373870883561 -0.176831489524789 0.0483273241640884
0.428515324860552 0.114129322231267 -0.222382335345196 -0.0983400453214077
0.332789686276396 0.367357925626923 -0.162112180111664 -0.202211779402352
0.146510729588459 0.502477609649584 -0.0770124556452206 -0.282077215356875
0.02104892920786 0.480517401152905 0.167899501092581 -0.182772431958713
0.04931383215888 0.357254661168019 -0.160779874968384 -0.139793860424941
0.103612996483444 0.328255098631548 -0.148714230517745 0.555245034042826
0.173847843628294 0.374343561390242 0.387253822358121 0.255296160375145
0.421630897953596 0.191479927789995 0.10460029837729 -0.0224457300249333
0.424797669696848 -0.0767871809468961 0.0656013203894772 0.156289310553511
0.291851219770478 -0.190821142928597 0.197196301340464 0.138245393923866
0.198547638985541 -0.183810825872531 0.221435770419531 0.045359342525078
0.197390165956084 -0.173366353619065 0.121089919142542 -0.0138273265377378
0.208319894552889 -0.141019094834886 0.0437303584898368 0.019624661060007
0.276724171174045 -0.151975457274967 -0.0255289831412136 0.0127945019049671
0.395635896187006 -0.0787137312745079 -0.0718526707337157 -0.0205290803718864
0.447690939206556 0.162065784681772 -0.111313025728426 -0.139259913296642
0.248690301173573 0.456471551328038 -0.0862440981397677 -0.256842808214033
0.0218547870919087 0.473452055609778 -0.00469805573829739 -0.396892571688705
0.00896181366811146 0.363814498847782 0.254098231495149 -0.322208836627089
0.139251565758501 0.225714195784594 -0.169072586281422 -0.261428795780944
0.088516622743775 0.197786475709568 -0.0586223173044612 0.416408678336402
0.14903119331988 0.320079838050127 0.377749285174767 0.135760061164698
0.430695901257924 0.141371372112288 0.160961408618915 -0.0179610104506935
0.397892465224526 -0.154268158647601 0.205257686411453 0.0869059770080427
0.234915631706062 -0.236442593916994 0.290060787830433 0.0164606682076931
0.138286124854916 -0.198224976155885 0.279134755893319 -0.0494263875862819
0.128020747338691 -0.173046713587009 0.183412440972516 -0.0745777587574319
0.137252945325242 -0.133156308747454 0.104899989699732 -0.034128624234702
0.204963720214383 -0.147194458301422 0.039065522422521 -0.0484006142401985
0.324310643770694 -0.080790495984248 0.0320032385652842 -0.0783123119107399
0.384710632506202 0.182911627846713 0.0273680351761337 -0.146212216348081
0.0968616449702994 0.452108670699902 0.0183966986466274 -0.258330988033379
-0.0964461726944517 0.332627003698304 0.101292986744578 -0.471416933132956
0.0362747082494338 0.193955965631192 0.358419165478405 -0.419809169761925
0.159352554641412 0.0454226026176449 -0.196373639871008 -0.329609962394602
-0.000709048094624303 0.0710801405964797 -0.0031878404817427 0.265916994410728
0.0703886892540302 0.258445630779598 0.301320349146701 0.0436445973546747
0.356262036248867 0.0887656240099171 0.191812041554874 0.0022930943950956
0.285139431809115 -0.181965859918078 0.303046615512971 0.0120441914247781
0.130620374681708 -0.21623917144371 0.342195586438469 -0.0997471574213608
0.0549730968194851 -0.167563426937142 0.30441330731006 -0.141243715839537
0.0383441102652446 -0.145970338667551 0.217969168346808 -0.127379508341813
0.0494819816164412 -0.118026448497084 0.13485081154493 -0.0781102851961537
0.116709833138983 -0.143329701840938 0.0777204251038794 -0.100452420996266
0.237644719020556 -0.0956175656020659 0.11978208619225 -0.121550787778788
0.294322670135261 0.16618035297643 0.156127711245314 -0.10998926908924
-0.0410810591021498 0.351857441375096 0.105164826300795 -0.205614449692624
-0.138839555779426 0.117508298095061 0.207746130880621 -0.498045915743216
0.116414833590199 0.0130132614052067 0.449977224418842 -0.465356747750039
0.125594886022673 -0.138741888115558 -0.21530787702573 -0.340306318781242
-0.105842582785201 -0.0354979397356596 0.0179456326374831 0.144449736142374
-0.0200271306264133 0.182807090048742 0.2129884911903 0.0115673301392199
0.223092963672487 0.0396374907866094 0.222120361609248 0.0319104912432262
0.128932515764036 -0.157636192910396 0.351712787596964 -0.0495329873022564
0.010801261706824 -0.143022597163493 0.346822566634532 -0.181012774720205
-0.0373219737202803 -0.0991026562725826 0.294604531781463 -0.205758621920743
-0.0563674166544033 -0.0951939213077391 0.218841858270706 -0.165406400902109
-0.0388444365862122 -0.0954610594456303 0.130783514695371 -0.117945903839229
0.0330698366712224 -0.140584339199124 0.0931399594895441 -0.153843980592683
0.159643107173989 -0.110531936581158 0.189043745746594 -0.156911362424856
0.20662243881006 0.12191414331761 0.241961738606157 -0.0508028781515532
-0.113301978516627 0.191138671081721 0.133037809654448 -0.14148735767149
-0.0750202142499764 -0.104579895917233 0.283512873478651 -0.517118548258921
0.227053974267875 -0.139397518321391 0.506611396299595 -0.458262219496055
-0.24577783278254 0.24892324998417 -0.467696474820561 0.396809687926679
0.021625377278844 0.225573001585827 -0.332310947198046 0.6352998848271
0.0713561668065026 -0.00360087647803359 -0.0366441747033841 0.1584295818877
-0.0857899397727414 -0.0259065667327698 -0.253779631380087 -0.00725396581830695
-0.0507364890557696 0.119013296695281 -0.250757742722476 0.218102756903529
0.0532168313283611 0.101145721908759 -0.0612256377404295 0.233747041968736
0.103129686164843 0.0544708177934074 -0.0526546892504223 0.135220392072333
0.141897416524319 0.0239332540737572 -0.171270377320684 0.150053988403648
0.142431072584981 0.0228453877031182 -0.233805601053537 0.239427361569554
0.103630440674752 0.0587034922482859 -0.298744681115796 0.233695938434819
0.0308944238721887 0.0878650368544706 -0.342145501297891 0.129297520617025
-0.0665343875969285 -0.00316481277931125 -0.280050450191869 -0.00643226024441695
0.117826310205661 -0.104530525591435 -0.168608051863169 -0.00204380166289087
0.212452413345151 0.145792088813185 -0.127721176266237 -0.0341126433250487
-0.0106172712118182 0.364496306362947 0.116367603354948 0.174249237920655
-0.260728150172521 0.327560650669362 -0.390351371808833 0.302050205766474
-0.0426574313532752 0.33637998282927 -0.354718778852213 0.683894552927624
0.0544112528367824 0.164444798032881 0.0698923011813233 0.23216702605738
0.0212709339834797 0.067724589705191 -0.209985125468892 -0.0350380024158437
0.058818979123528 0.112465391216351 -0.254078700475352 0.227089541782531
0.129812612947282 0.0602946026856391 -0.0399217084155505 0.266213335122397
0.161407055116344 -0.00104548074957083 0.000692957649897704 0.15460258939988
0.195520825951773 -0.048160750043706 -0.114434664224876 0.135741402351245
0.203670216608909 -0.0565055670401016 -0.178028023940363 0.211231984504216
0.199601475705782 -0.0413654337447791 -0.243051049878119 0.21768175500522
0.192695244930049 0.00797235606100621 -0.308005524238512 0.142924136960901
0.130117122442487 0.0238424088309423 -0.294085484687087 -0.0152487324448578
0.231971303022702 0.0392483788054484 -0.179359949021882 -0.0505122054185618
0.252979446982388 0.28338008667682 -0.11862696454136 -0.0633469486839943
0.0440912725422352 0.465307437714259 0.102427354978331 0.0911666713327234
-0.195253755753243 0.38708884510115 -0.283352427057665 0.176752865695413
-0.0293689991513856 0.400929888827597 -0.315210581607173 0.698157654891432
0.0787436009856717 0.306060043205477 0.197756885821186 0.303656362726182
0.167441025709068 0.157730378740978 -0.112943593476841 -0.0291864218997965
0.204107730888534 0.0776799022110088 -0.192550358888085 0.225799427811856
0.210980820199547 -0.0144837048902456 0.0117457083509841 0.264857437130637
0.200657337707991 -0.0707906343842792 0.0690042256019683 0.148813692548808
0.225179253881972 -0.112668590702827 -0.0388638444435773 0.0975239249260756
0.236712315270187 -0.114894254213798 -0.107212441764162 0.153064948693562
0.266267603509603 -0.11846083526119 -0.175855238627895 0.163684205468152
0.321117535905417 -0.0596877263477679 -0.249608626092479 0.115725568561739
0.308917329783295 0.0505326384010838 -0.279253117866753 -0.0408894815262278
0.322800305520065 0.196174028318576 -0.188923226455176 -0.116480966699966
0.242727870040513 0.409332486149082 -0.113656535717426 -0.151363631925091
0.0560798270605728 0.504465659886549 0.111417650810135 -0.0372987638787662
-0.0684790905220709 0.403603550524252 -0.199748222406616 0.0250678838032985
0.0519432848135358 0.396871684156382 -0.224918336010926 0.651560460834216
0.146354394504773 0.373319889928745 0.318557278635348 0.304842432503886
0.322158825009395 0.192586771212656 0.00269227564116998 -0.019983689101097
0.34061403774696 0.00149602468691137 -0.0716192704111671 0.203357222383626
0.268292868893423 -0.112284572870557 0.0983540805727524 0.217349232537244
0.210877486894298 -0.139940619377926 0.146498561159951 0.107280111745815
0.221438812750906 -0.158492818586145 0.0424474096353712 0.0429324010257818
0.235679907991661 -0.144889178513906 -0.0287544324387297 0.0823416313153685
0.289772659127821 -0.156909010587331 -0.0994421898969707 0.0881295544314159
0.389715209236667 -0.0932211235775685 -0.167064615708121 0.0542885726038772
0.42427291743904 0.0896719427981352 -0.220712363786296 -0.0871698126861346
0.343548731850367 0.341706749347257 -0.167361907454729 -0.189015351745157
0.167114261807766 0.483159118047344 -0.088762929483106 -0.271198968478299
0.0376537625194957 0.468440220299615 0.154697552989585 -0.18782926000136
0.0608452645593036 0.346539494596897 -0.168296691428799 -0.125828027605165
0.115519443192936 0.315386368754656 -0.121715970814745 0.548476774311731
0.190360251054543 0.358723771980302 0.387365551835765 0.224802712421209
0.421715246275057 0.165721579560038 0.0970876976346463 -0.0221673265927299
0.407762868319162 -0.0963284089968312 0.0761929837545603 0.149637231226828
0.271801785676984 -0.201304841000918 0.199836037483914 0.123590657807861
0.184452810413219 -0.189343883137032 0.219330262516729 0.0301651154762391
0.184103309080056 -0.179272440081598 0.11842151061022 -0.0205509859896018
0.1971810545023 -0.147674294182705 0.0462344128995992 0.0157201203832752
0.261432673376025 -0.162221451622678 -0.0235387107164578 0.0125302255312673
0.378815777766102 -0.0991979815084332 -0.0691235239066444 -0.017455250262131
0.444513629944561 0.133657097808207 -0.11431505103554 -0.132385432103703
0.266845231068283 0.434289156212469 -0.0965744091338439 -0.245817866137668
0.0417722678792625 0.461315404053984 -0.0230146329606559 -0.385695595825113
0.0197846266692872 0.356199628062622 0.234546469431113 -0.328673007161349
0.142693213230292 0.212754626017861 -0.180841226133278 -0.244789581876747
0.0924541101315301 0.189153659957614 -0.0384190330582978 0.40703506989602
0.162899632504967 0.30810735600814 0.372767581978794 0.110671834751225
0.429178289856148 0.114001403361788 0.152947885100933 -0.0203530286036421
0.378882353992739 -0.171197742832547 0.208453004522245 0.0743776852234769
0.214467734229261 -0.240009112283089 0.284401798588877 0.00125463428398524
0.125779603014964 -0.200388152090731 0.272707928483684 -0.0656896887136955
0.11597713175905 -0.174791257252154 0.177092910716142 -0.0837041686436477
0.127868697375739 -0.135996737384761 0.103184970243335 -0.039782713600768
0.190689140461344 -0.152257466138962 0.0368394820796786 -0.0488461580312564
0.308189639738934 -0.097384966315162 0.0297185998223246 -0.0797079832710674
0.384528476675231 0.155881389591429 0.0215490795089135 -0.14708378329789
0.118129932047917 0.43699679601303 0.0062479079804696 -0.251907548664517
-0.0800619737934273 0.331152190584573 0.0786710066970964 -0.46123299507643
0.0366864019985184 0.187869534597717 0.332657070637573 -0.428072598025311
0.1544191571865 0.0360967085580942 -0.206755638260372 -0.310223995542803
-0.000712978418362005 0.0704352233713968 0.0112545978307533 0.257776810672055
0.0836688018838701 0.251658066490817 0.292997763898497 0.0255303577295905
0.352748357021079 0.065930251813312 0.185722281349966 -0.00134930868163675
0.265655423713059 -0.192456426114096 0.29834327081181 -0.00333816660731599
0.112925550274185 -0.216517695860892 0.328078178526096 -0.114133748494354
0.0449474406077092 -0.165156713482906 0.291829446110287 -0.154289051785944
0.0295520449177395 -0.142197569838431 0.208129583967012 -0.136292639156404
0.0424076740825778 -0.115334315131834 0.129935869079745 -0.0829945940366211
0.104447060017621 -0.144906386655602 0.071157768751542 -0.100185241530405
0.22312069546442 -0.106879814198675 0.112403886466638 -0.12592703759571
0.295222540237224 0.143892135055601 0.148619388526242 -0.117436125688393
-0.0207143318329229 0.347141361971873 0.0948514083378251 -0.203892502345464
-0.132410817831728 0.123911879689087 0.17934567890938 -0.492299863378309
0.107523736626006 0.00779230709422099 0.420484304135191 -0.47445357440447
0.112991310464007 -0.141677899070104 -0.224587334627888 -0.320072574278612
-0.106719186630397 -0.027503793007715 0.0270976961587749 0.138223110738125
-0.00826492833723524 0.181980336736549 0.205925297358984 -0.000343472847225805
0.219614516307985 0.0251700040405538 0.217781726448209 0.0253072032742345
0.114678554599506 -0.160997748778759 0.342417199203251 -0.066206419794931
0.00124420193981299 -0.13907793738184 0.328540923708095 -0.192925238877301
-0.040970909851757 -0.0938490076203746 0.279438637892393 -0.215458085924664
-0.0602156493681374 -0.0875430701772961 0.206803665055298 -0.172074419665473
-0.0432854896835476 -0.0891602964566143 0.122898919510087 -0.120043607179084
0.0227031199218073 -0.138216987897219 0.0819599652581918 -0.151833712144894
0.147256676529142 -0.116763667900044 0.176637487748381 -0.164764504692576
0.207641881395092 0.105343642710332 0.237102726967404 -0.0646900334704103
-0.0993268577866533 0.194722074871297 0.125963619987248 -0.142338665546616
-0.0814083426373475 -0.0965821656589395 0.253005111932008 -0.513571925635273
0.210705374713109 -0.147773824908011 0.477355744114215 -0.472785519601484
-0.20501431309044 0.279050401807472 -0.387476676240544 0.409091239323282
0.0492176131808575 0.213612130330251 -0.243830330489351 0.635934013968404
0.0659637970817765 -0.0128417012858398 -0.0216711061149886 0.153013270422912
-0.0857680151409138 -0.0140719822506335 -0.2450993999148 0.0305020847064066
-0.0341836426361026 0.117846874864624 -0.203622206178413 0.23866860151154
0.0625459527983738 0.0902543788497786 -0.0256104761451649 0.224429737392423
0.104288906404216 0.0402240570787606 -0.0351960642303618 0.131679257293858
0.137594855966749 0.00354659552804495 -0.144283210027004 0.162130722422424
0.14001507310209 0.00133710437420308 -0.190145771744747 0.253222623995938
0.108582186930022 0.0409771888012228 -0.249700806504208 0.256857959708751
0.0444063450016813 0.0782191368408919 -0.307848455141906 0.163282175605798
-0.0592692769712592 0.00915749244697593 -0.269459574576618 0.0281574459181869
0.0952555506377535 -0.112662567918089 -0.158377723470906 0.0120967976809967
0.215430443195218 0.109060397679519 -0.11360159466645 -0.0152857252380753
0.0412207077354828 0.335459931047081 0.126970611307581 0.163305189825434
-0.211114243886716 0.357581486007481 -0.327247121628643 0.303126063634471
-0.00303806191520286 0.327823319444023 -0.256114362684958 0.683813597700463
0.0708350337453005 0.149086414216461 0.0903904195380752 0.201480821858986
0.0246706099016237 0.0623839157241318 -0.209059654739711 -0.00555191041825881
0.067181492453463 0.0992544238224636 -0.209183990311715 0.247080877303685
0.130635314910742 0.0428983655189272 -0.0044105971984357 0.250808872405362
0.153180890951089 -0.0184031312663315 0.0184583528759783 0.141343789442597
0.180399839269598 -0.0714788762409711 -0.0918052199104109 0.140378637500979
0.187570814316851 -0.0818713207892012 -0.141255987468289 0.217446992681878
0.185653145828537 -0.0644390483203227 -0.19919815711632 0.231511108225947
0.185496551471637 -0.0176456935882082 -0.274124616797697 0.166602757182037
0.128050594325678 0.0115025898450029 -0.281389186352798 0.0170443164890023
0.22217450438273 0.00774053511668025 -0.16894500109774 -0.0334908398983058
0.26778353858009 0.232675783073861 -0.103629992151547 -0.0410743783070811
0.10134342973154 0.424150301201305 0.105572827680071 0.0884298592112077
-0.141283994498332 0.406008075567742 -0.246282671566569 0.167189305626272
0.0154511199265424 0.387787671347493 -0.21555988527731 0.689603330310188
0.11133761139267 0.28148376367121 0.221822641284888 0.246923338450083
0.172297498430392 0.131994489302018 -0.119560865588083 -0.0177242020839628
0.200075412636413 0.0502966956148007 -0.157116031787041 0.235369263197818
0.198294535265346 -0.0363805387176343 0.0407206762428138 0.243985463256941
0.18316618829858 -0.0882587453367332 0.0822989386953359 0.125766810724892
0.199614784138794 -0.136228882920144 -0.0249925094934844 0.0951345569130252
0.212977331750974 -0.140235386624163 -0.0816257416073748 0.152510107076861
0.237813298194184 -0.143952852975088 -0.14307087347201 0.1687878404345
0.296562745330876 -0.0975258241875214 -0.221797948922004 0.129021959262073
0.297957527280458 0.0138648076417312 -0.266349350610666 -0.0145275621164505
0.329551793271539 0.144253257763555 -0.180126573901002 -0.0934870102828821
0.271468171470542 0.350110267926325 -0.106497920685345 -0.118767485604927
0.113372278887307 0.459006744514948 0.0999000998805813 -0.0347030138984901
-0.0190412133841332 0.404787791507324 -0.193959170887859 0.0143071097205993
0.0909211738837526 0.375708352765663 -0.138555531364447 0.635593212168567
0.185631394456342 0.338712662898867 0.334914321500291 0.22917544007502
0.323435919720565 0.148381082565351 -0.011478960707762 -0.0274853163214966
0.320860561569678 -0.0364562942222701 -0.0502869775080173 0.196774066916433
0.241408297488314 -0.13597930240141 0.112341657768009 0.189718035340196
0.185183200725412 -0.154924947055181 0.150228082249075 0.0753491971861185
0.190719247065312 -0.177496274032867 0.0461047117906496 0.0322470984109756
0.207551754180578 -0.166948165008508 -0.0156328589303263 0.07532399089586
0.254328190798685 -0.182674463656956 -0.0801556627562189 0.0863204932596823
0.354381137991214 -0.136944960566988 -0.151094731712036 0.0589713957869646
0.408792591419781 0.0370007449893458 -0.213128037628706 -0.068693559383396
0.366393224219383 0.27770637980606 -0.163912808130147 -0.162734300878683
0.210237794786034 0.430630075811488 -0.0987102004799396 -0.229973425678404
0.0874138569497137 0.429693659434629 0.124538239806365 -0.186125855947687
0.0999796978248186 0.331427562215635 -0.190082978032896 -0.126559695550283
0.140788125973079 0.290425451155671 -0.0533530100432994 0.528275526925437
0.227618673218771 0.320187117902391 0.387818332482011 0.144772235625159
0.417080488946324 0.111115617634674 0.0757107251163761 -0.0425449630576387
0.373928481603602 -0.13611140196883 0.0788966347421473 0.127896464979545
0.234222907323724 -0.220082818189168 0.194729916382539 0.0896360130811306
0.155320802698186 -0.199326397090766 0.212008071085207 -0.00674116443701351
0.152351638906329 -0.191906576790505 0.110445539420807 -0.0382653712756749
0.170139156314286 -0.164735889229529 0.0484028191280402 0.00250595833108413
0.225143481700709 -0.182929179531216 -0.0177751583947334 0.00629235360246216
0.341440043238591 -0.139343694560205 -0.0659914393836269 -0.0222602490138089
0.430012968101759 0.0746722005909198 -0.11430588418752 -0.125934983284569
0.304433834333916 0.376571138793129 -0.102251176211709 -0.220421770781351
0.0874564094802714 0.427596157456142 -0.0557408341330808 -0.344643790884487
0.0529551661860365 0.327749449040546 0.185286785544177 -0.334682497444378
0.16129114671849 0.189185746618811 -0.21847622591612 -0.225109439406496
0.107014630511575 0.173577768513703 0.00959624249488996 0.387048368339218
0.195586974799505 0.275681122202144 0.360130067758011 0.0407651148459468
0.417692796044024 0.0622377913837023 0.130303774373712 -0.046483802514493
0.336675069043629 -0.203978847234151 0.193454235548451 0.0410724105908106
0.17402351784214 -0.252657105032971 0.26117694894887 -0.0340335308047809
0.0976093097043084 -0.203213421206131 0.250511765755081 -0.103416745927051
0.0894843270137237 -0.178042937927188 0.158636935049485 -0.103897768711508
0.106351191985433 -0.142820249166777 0.0941189696202846 -0.0547491538718915
0.159321006013821 -0.164567977760912 0.030588277330108 -0.0573356867991557
0.273433061409583 -0.12977395746955 0.0201378203649304 -0.0901837195848705
0.374241237748138 0.101408802245523 0.0137233543541365 -0.154174908229664
0.16626691988888 0.398369584242533 -0.00675427034509187 -0.234059404490536
-0.0434119364263985 0.319788419752673 0.0230461489083929 -0.429805775569774
0.0459982936036084 0.16855722323232 0.269049900050465 -0.446112913794745
0.148830099028648 0.0141127513661164 -0.248123857185784 -0.269221004721367
0.00575569737812127 0.0700671562465831 0.0432018370702037 0.240074143816606
0.11250923833698 0.230968070302109 0.277589680970976 -0.0256597956936053
0.341003205566579 0.0233146818325784 0.167077085126909 -0.0303749628847566
0.228705190369424 -0.211009737709703 0.273308118027314 -0.0412548455055967
0.0826517941400788 -0.217715527194796 0.291418788099854 -0.145574406988817
0.0254816826462136 -0.162660880245175 0.260285385034377 -0.188205453963077
0.0106964687620084 -0.136407504033776 0.181428376394899 -0.156616578819002
0.0263964988301635 -0.112203123246318 0.113346645626112 -0.0968492351773206
0.0775271973104835 -0.146579252483825 0.0544196244646645 -0.107422215972928
0.191237453815702 -0.127223253625282 0.0916017554180526 -0.140555173109438
0.28915329552557 0.0985187075773297 0.138771328944094 -0.139592697194275
0.0246087459772518 0.330426681413031 0.0786205977319003 -0.19642971800788
-0.117512786896766 0.133412774619126 0.109477230171784 -0.476696132790572
0.0886510475205347 -0.0101526162426987 0.353164552656092 -0.50689522907368
0.0860983580302855 -0.154312437369798 -0.256707318975945 -0.262504003454307
-0.105997657049336 -0.0117126845330683 0.0486723728327373 0.125749542634686
0.0163245264202532 0.174968199387477 0.195167325170513 -0.0344980985219311
0.210530569306782 -0.00158905204801231 0.205397909250875 -0.00645778926420984
0.0885201717469128 -0.163477625797973 0.311808921233141 -0.103937784961261
-0.0152412692470423 -0.131957673822018 0.287551113983817 -0.220361266683669
-0.0482552414780313 -0.0856376872471735 0.242516625204076 -0.240520804599295
-0.0677809983773275 -0.0734530481102383 0.176475460034905 -0.188486220960909
-0.0527711488943372 -0.0768561128355878 0.103035575132962 -0.128611791855484
0.00197843481529004 -0.130563573155871 0.0566601074236597 -0.154283899148548
0.120300064105643 -0.127320511567937 0.146262579804885 -0.183185543417166
0.203903422843856 0.0711762438763709 0.227053500019483 -0.0967698384638463
-0.0676387011018489 0.197473863067547 0.110077259929584 -0.14117878450017
-0.0966658937573586 -0.0772279010588472 0.172670053774591 -0.514232356433021
0.166242180749552 -0.168729106717198 0.408311616086695 -0.51533953200627
-0.195614401681305 0.264820522514112 -0.382007054237484 0.390516149649123
0.0484728967947801 0.203205885197787 -0.240108158019003 0.607614380029793
0.0613595029818532 -0.0132353448606771 -0.0250490840256998 0.144381296635351
-0.0833922670636304 -0.0125494796610155 -0.240596307774 0.0291323454126495
-0.0313293539806693 0.112654925289607 -0.193310863535071 0.230246181934405
0.0601809194492194 0.0856267314760124 -0.0226220163342606 0.212268963206276
0.100544707402975 0.0386853328666828 -0.03647597633824 0.123796606871182
0.132093370331759 0.000872818713147977 -0.141638246179134 0.155263200604521
0.135229583781717 -0.00160187517027613 -0.182881097539354 0.241668120678961
0.105987839847338 0.0383944179991808 -0.241233440598192 0.24481561210888
0.0435301616385633 0.0741019914587742 -0.29661346876388 0.15616218934337
-0.0560887070926194 0.0100699530848315 -0.258057562489011 0.0254336471685333
0.090179293759375 -0.108207147489262 -0.148681897258066 0.00915805262803123
0.206813044639254 0.103183881134929 -0.109124369628684 -0.0137551109554548
0.0380865334375221 0.319623351625677 0.11667310148455 0.157759738677161
-0.205897973002422 0.340913939681224 -0.323756678995485 0.291857218256913
-0.00412377627679038 0.310716834503039 -0.252608904146535 0.654684543427767
0.0654218771034278 0.141467268570323 0.0826618591046188 0.190823137066328
0.021932386435317 0.0613593754457837 -0.205638962414266 -0.00348069064949837
0.0645287027163845 0.0954345244915855 -0.199063356461155 0.237304074458137
0.124593727035985 0.0416647547216611 -0.00270851728241463 0.237795853710589
0.148521924216195 -0.0172824803397443 0.0150466848210807 0.133100453155632
0.174412612964594 -0.0704459792725718 -0.0899804941097257 0.134743198199257
0.182053510211807 -0.0806784216667049 -0.136100415224353 0.206777929342158
0.181041070829216 -0.0624652214163924 -0.19205204949056 0.219157139346022
0.178232382762118 -0.0177034717999422 -0.262825135761696 0.158189876466784
0.124214979646975 0.012911164200124 -0.269344265252889 0.0143387978353915
0.212115414026114 0.00876853143658784 -0.159420549706036 -0.033577180238012
0.2558947929437 0.22117655642311 -0.09953675652513 -0.0385231510640775
0.092028996436872 0.406112696170603 0.0966238551096014 0.0863702920949325
-0.140696637635449 0.388519299266744 -0.245017434260345 0.162086765423908
0.0124280583308659 0.369864406852931 -0.216511959206536 0.66150960960674
0.10420112003355 0.269979894760615 0.207762946983387 0.234641293170319
0.163319307274979 0.128093914068683 -0.119342530799343 -0.0135997144899698
0.191031140512162 0.0489247173340138 -0.148853684665279 0.226746774829393
0.189785924133255 -0.0334115989265377 0.0395591990043689 0.231934670225891
0.176936712660684 -0.0840757558990302 0.0773882248667815 0.119271964934285
0.192043947738586 -0.131471509742039 -0.0247104815742197 0.0897813925206673
0.206378572249735 -0.136578328463468 -0.0779818164218051 0.144277293670619
0.230757234007861 -0.13852153897338 -0.137170020774801 0.160267682017881
0.28366953349563 -0.0936288779464785 -0.210898509698855 0.122248311021703
0.28726453789094 0.0144344737755811 -0.25538892100628 -0.0161801064318376
0.314321467762841 0.140833817246934 -0.170147167249372 -0.0902288636221808
0.256581470177636 0.338376399556829 -0.101723955043838 -0.113357349652425
0.101804870994224 0.441606673009708 0.0939303753300313 -0.0320856092060485
-0.0239236799020462 0.388167588115937 -0.191671722234283 0.0159808771265641
0.0826436399623752 0.361601576379428 -0.140440497456151 0.611305727225355
0.174868773438782 0.326403234780888 0.316948844939209 0.21866977896298
0.309571007464703 0.143515618629803 -0.0150817355253332 -0.0213435658438255
0.306710864433611 -0.0330917626009586 -0.0460926347615519 0.189545336492924
0.231412140986074 -0.128093562478523 0.10778751731592 0.181345975771171
0.178475351769633 -0.148060268784005 0.14354386430403 0.0705912584674891
0.184670332031574 -0.171387009581826 0.0443424271905293 0.0288809348437731
0.201124257804488 -0.160886188794889 -0.0134229894425539 0.0697448255947168
0.245287260281756 -0.174370914201825 -0.0764712429126768 0.0809893071193281
0.3379807818712 -0.131656165368465 -0.142922991402959 0.0533521036944147
0.392282091711918 0.0367483907769558 -0.204019995014944 -0.0690366651848164
0.351104229853761 0.269447728455623 -0.154493921010123 -0.156609975776901
0.197715022415726 0.41560408466613 -0.0936144570788878 -0.220505352806246
0.0752286960052405 0.413435351118585 0.119561982897783 -0.17779518340115
0.0897130539622233 0.318762552689213 -0.184712616202152 -0.118874368875064
0.131639927294864 0.27993411322843 -0.0557838117902105 0.507497358190243
0.217609651671328 0.310643107745448 0.36763199591012 0.138934474567987
0.39922632022742 0.110096099711107 0.0713977932924967 -0.0344541417814051
0.358467625739518 -0.130187278425392 0.0770118973063663 0.122643396335061
0.225489187540441 -0.209098690945127 0.18756075701147 0.0865135180304808
0.150339476976011 -0.190269370017871 0.203029774316889 -0.00772823385491846
0.147268842441577 -0.184445228763549 0.106647037278868 -0.038601151476032
0.166507674653186 -0.156575857062606 0.0478709530331431 0.000767036764983762
0.216910169849823 -0.174106189105057 -0.0161228006672129 0.00507750488702607
0.325146938641354 -0.134115574649376 -0.061085074989445 -0.023452757209123
0.411083716427989 0.0725933125821469 -0.107538770168332 -0.123799588648291
0.291340272240243 0.364302153977878 -0.0951367648495142 -0.21081242474922
0.0809980839347199 0.413164930967655 -0.0504272339757238 -0.329214446845256
0.042748319838749 0.317240995125155 0.180367247001079 -0.321487793614036
0.148788021580289 0.183581906209322 -0.209042469762724 -0.2153440532094
0.0988286871641466 0.16891265429707 0.00599767965229429 0.371633140856846
0.187712419930004 0.267198237581499 0.341917522252438 0.0382127706348561
0.400856477601971 0.0615408584159665 0.12519739546462 -0.0378951507563441
0.322481128260582 -0.194209012009039 0.187836293068126 0.0404772344131055
0.167574979528967 -0.240125973648734 0.251103071916348 -0.0313311432452377
0.0947471224324824 -0.195174488753445 0.242607568503101 -0.100460127489009
0.0858963630005695 -0.169330640985294 0.153470045612627 -0.102131830030287
0.103102235464615 -0.135559484763299 0.0935447142365191 -0.05354715555413
0.152239606328837 -0.156604492994922 0.0302676026111974 -0.0546245112237025
0.258867177524168 -0.123688145291225 0.0208615150209171 -0.0883294408765336
0.357148932901464 0.0955912547801139 0.0157482226474815 -0.150603713444007
0.15899034331469 0.384638340813991 -0.00328649501845563 -0.223066242350853
-0.0463110090797393 0.309798990160587 0.0268863160774176 -0.409580306547871
0.0375899123120869 0.165042640116925 0.263103608351933 -0.428698521577617
0.139145460432085 0.015219325589658 -0.234059445534427 -0.258685300897461
0.00240855152829063 0.0705481550937144 0.0406607679927032 0.229297309707616
0.109786482928152 0.224726065792897 0.263640825330472 -0.024837815631223
0.327844555876744 0.0221646569624234 0.16119183317488 -0.0223699570879563
0.218140038966463 -0.200472636633003 0.265067812888141 -0.0387931466586836
0.0792833686959311 -0.206436645061712 0.281790005113299 -0.138775322050273
0.0249650720368467 -0.155430849254268 0.252811083347096 -0.180917806808366
0.0105856229129949 -0.129540916962306 0.177116201637048 -0.152187304753718
0.0270653991328523 -0.105924119769519 0.111875943045748 -0.0940481516006194
0.0735572543858232 -0.137915983984692 0.054011540392166 -0.101138795666788
0.18019171819824 -0.120422861435162 0.0885178560751375 -0.136990427340125
0.27521878601375 0.0925651121566808 0.135492599274482 -0.135663283213917
0.0237788277568336 0.319332940799104 0.0789711997512031 -0.185786324968932
-0.115845065338805 0.130189751508366 0.110710915010597 -0.451795010276791
0.0804149124388758 -0.00684548569210944 0.345740087450179 -0.486871284979522
0.0804889299380144 -0.14711765390412 -0.242286022807195 -0.253228914618521
-0.103602875369823 -0.0088419180768885 0.0479322996628267 0.117898746857313
0.0172452872173954 0.169927169782531 0.185363384142204 -0.0329833174277694
0.202520226706294 -0.00313618992440541 0.199350740424748 -5.70955834895902E-05
0.0836391332047845 -0.156249089096853 0.302129250849977 -0.0984913675656729
-0.0146861498511465 -0.124947070902797 0.276844253388646 -0.208919321354125
-0.0463984075765479 -0.0818622593670261 0.235663412808034 -0.231586574822647
-0.0647972292324578 -0.0684115172359782 0.172220219657649 -0.181545412214448
-0.0500155027285315 -0.0717366325099071 0.101250270626049 -0.122728368425323
0.000286918111074229 -0.123836820476539 0.0551145656963142 -0.145834548516615
0.113762048438942 -0.121912510264588 0.140040495253949 -0.175824058684725
0.194877241092021 0.0665545065336108 0.220518098734075 -0.0944538254905434
-0.0641137609324963 0.191782492621193 0.109503407633971 -0.131743034560565
-0.0951806993388648 -0.0715499243686531 0.171270470849497 -0.486365328890924
0.157371522557943 -0.159666227436678 0.400289115447407 -0.493214144565554
-0.199330120084458 0.256023669952755 -0.394468025758517 0.374397263121019
0.044307754369027 0.19862142384135 -0.257522104304412 0.592609877795395
0.0587222360419959 -0.0127633295587154 -0.0310514116741616 0.139496681844658
-0.083432555172766 -0.0132776603985467 -0.242808851203847 0.0238107239310307
-0.0327978120130109 0.110079335105936 -0.194809719105288 0.225375625428331
0.0566307049721573 0.0863164986023832 -0.0245925856406338 0.20677727000688
0.0993233132621291 0.0404212252589985 -0.0420493429627216 0.119977783207637
0.130517634202057 0.00188545212430541 -0.145589139821707 0.150436906478047
0.133652894128473 -0.00129044728604931 -0.187098139051611 0.232388639353195
0.105308243706424 0.0389411967423437 -0.244051778420711 0.234431177684423
0.0418798949687925 0.0734273020172663 -0.296795158063706 0.145757422654847
-0.0542256509980297 0.0101489904608833 -0.255663539191356 0.0175403412085569
0.0901948378024567 -0.10440859984009 -0.144517541893709 0.00339704845176743
0.201449160208235 0.104734488357994 -0.108142075101166 -0.0157107931010201
0.0281783579973276 0.314522486542827 0.106167676751792 0.159452110747977
-0.213336290962123 0.329118996456734 -0.336056513038347 0.280899339331084
-0.0112886733349229 0.304465897373181 -0.271292810028234 0.638927497398246
0.0586656068169885 0.140071846850579 0.0736391831554065 0.1870325551678
0.0184853813336894 0.0620041177905597 -0.207750527051257 -0.00636422516465514
0.0613521560649503 0.0957766303380345 -0.200263674400689 0.231086942154695
0.121644593734539 0.0440789352971618 -0.006791345094869 0.232417471501225
0.148277929038895 -0.0135875989885809 0.00916744144853755 0.130444688501807
0.173517680377037 -0.068080794909772 -0.0937068977967939 0.130510852876916
0.182656205719732 -0.0778574277436097 -0.139319533645551 0.19895969922693
0.18146229420105 -0.0590901318828301 -0.194586094199271 0.210638943865603
0.176632056774747 -0.0140635583752673 -0.26269704544703 0.148302001924434
0.123802084652769 0.0162536539770314 -0.265657840940709 0.00644461861768569
0.207258312928145 0.0151160804042072 -0.153820543385939 -0.0382491654693758
0.246175894163837 0.224566364057107 -0.0979862486149583 -0.0389992423360523
0.077208913109763 0.403225745032816 0.0897908885364101 0.0883681809864165
-0.151686097856823 0.378885178280912 -0.253963695947161 0.155967151600882
0.00121921711814664 0.364323988649102 -0.236870604806696 0.648461551579951
0.0935526952020828 0.267990067875855 0.195877644177212 0.234035020204066
0.156523538471562 0.13140505624706 -0.121815068098641 -0.0129253534303798
0.186677240469662 0.0541969133296003 -0.150571392798175 0.221175028803423
0.187309734852913 -0.0279965918080737 0.0347132155204884 0.229263879454231
0.178586337641475 -0.0781592177777923 0.0722306855772155 0.117792590888572
0.193269783689997 -0.126733309754771 -0.02707753662105 0.0870743548731341
0.208538120811957 -0.131394830063324 -0.080026963000541 0.13828966763031
0.232483030916571 -0.131577812626797 -0.138741603166129 0.151673525021204
0.281242245000845 -0.0865995507756893 -0.209679364588188 0.11223839804108
0.283371367393831 0.0217744761457915 -0.251211710252453 -0.0242309124390703
0.305777114629759 0.147747592433823 -0.163473946392708 -0.0940734528574786
0.245003185622562 0.339384923955381 -0.098064693159684 -0.113761983714416
0.0840779074811622 0.439669505411236 0.0911259003435962 -0.0285813340451101
-0.0379413838042002 0.384585908245393 -0.194957910562624 0.0138511571113431
0.068927432211241 0.357942403895385 -0.159627587557261 0.601157947270258
0.163180393170953 0.326750335514997 0.302256921915963 0.221385539353317
0.299969240701696 0.15073140751083 -0.0174756170110027 -0.0175141506308672
0.30265614592963 -0.024888678836884 -0.0487523362922342 0.186145470229179
0.230786430214256 -0.119802126633289 0.103218148993433 0.181005488452671
0.181547136019408 -0.141609291623747 0.13967299569736 0.0718903711802364
0.186163602053786 -0.165607159615249 0.0427608640619473 0.0273598162271958
0.205101119714569 -0.154858756846105 -0.0136716278922242 0.0660905704267827
0.248067408107033 -0.166203995780325 -0.0763465552533649 0.0758052431125383
0.334421622924424 -0.122223719095632 -0.139999008436369 0.0464222392108824
0.385126823674387 0.0450611968740627 -0.198841818478703 -0.0757058113305132
0.338945459474462 0.276137189075688 -0.146405847161386 -0.158083351682491
0.18165435402122 0.416878580042657 -0.0852275771887488 -0.21873541629434
0.0570315799423992 0.415119343133976 0.123012485339851 -0.173476691904354
0.0750644644525283 0.318359851281741 -0.182059217306378 -0.120161035191596
0.117924061248865 0.282209455500308 -0.0750839662259086 0.500897713064257
0.206880756643104 0.314065647498208 0.355795902831293 0.144409798361054
0.391703685164751 0.117075863570166 0.0698026383552839 -0.027402173828155
0.355730533420896 -0.118780111259077 0.0756018611499057 0.123061909429102
0.226724932782807 -0.199317492242786 0.183148854232834 0.0897898001019609
0.153786037615817 -0.184174122506535 0.201395228274126 -0.00385092461383927
0.149820001217815 -0.17854440135394 0.107132508909791 -0.0381177654208547
0.169692527846083 -0.151091136988305 0.0487058014729426 -0.000702465360727862
0.218680200980084 -0.165620896162424 -0.0139824095351688 0.00293557747392251
0.320324319963979 -0.123256434466306 -0.0569295518292145 -0.0274802826446754
0.402329488841804 0.0804473220219793 -0.10210127385599 -0.128317944463982
0.277982480537704 0.367573014204659 -0.0854322568939654 -0.210183502728645
0.0652817446288659 0.412944046551175 -0.0387504231439687 -0.324592770893023
0.0269508629706528 0.317720604221354 0.187568025489779 -0.31274555278822
0.13687989264855 0.187060389504313 -0.200647093110755 -0.216272177605515
0.0891943466345816 0.171860177704179 -0.00644444454790388 0.36595241922199
0.179942602269453 0.271479166296396 0.332259469553569 0.0453410013253397
0.395184499000439 0.0691483005812146 0.125281464980978 -0.0287821881126231
0.32181763558642 -0.182613448918654 0.186391651711653 0.0436629566545066
0.171079447730971 -0.230367489291712 0.249194164992312 -0.0241775299776664
0.0991495728473879 -0.190127012885695 0.243277880375011 -0.0951324820889347
0.088983320060567 -0.164295394700115 0.155675675080165 -0.0992238258960848
0.107032439996984 -0.129981653423953 0.095453000424651 -0.0522399558961859
0.152514582955618 -0.148668158277839 0.0330847367078921 -0.0536339110962622
0.253465945166122 -0.115239641568442 0.024735011082683 -0.089379014509103
0.347078085644171 0.102995273550296 0.0215208981750774 -0.150839003317439
0.147052891542016 0.38550469129654 0.00645519347905806 -0.218822490998162
-0.0568022528661731 0.30787755307021 0.040525980709555 -0.399850462624345
0.0273714038573861 0.167098222724133 0.275123323228527 -0.417033809101866
0.132080766828317 0.0202351661584 -0.222119725101545 -0.260754313539754
-0.00192614493534718 0.0717938701973452 0.0333320846216118 0.225748603300804
0.104057969145788 0.226905125242112 0.257333915471307 -0.0181421767569924
0.323588345800805 0.0298921627043996 0.161523849223147 -0.0129797394487895
0.218151833925276 -0.192091607938989 0.264436348790621 -0.0320762610613558
0.0827304818587487 -0.200395664504031 0.282848609859613 -0.128648003243573
0.0285682876239573 -0.152110870413865 0.256716283869526 -0.17359703786038
0.0138856294403228 -0.125789296536185 0.180731371779 -0.148381280806179
0.0302441234389494 -0.102209334385345 0.11453978269421 -0.0903108979829356
0.0745444259552012 -0.133164076163294 0.0567411481575421 -0.0976317351701706
0.178121625774049 -0.114545519099854 0.0913038042526651 -0.134849165466571
0.267139619057549 0.0973412989238571 0.139947049409156 -0.133548283622191
0.0148465227576982 0.316583383919043 0.086456106582372 -0.178448659482878
-0.120850890603018 0.129178792417664 0.125298053592557 -0.439269877183501
0.0747830103762746 -0.00114258376895779 0.358914093683726 -0.470758762031609
0.0802900194704512 -0.142572523468503 -0.228918502459613 -0.25707841411491
-0.102984911292291 -0.00870332967208953 0.0438912140733748 0.115247624648185
0.0141150951795734 0.169631139219188 0.181276718962641 -0.0277073911533003
0.200101555441289 0.000502236953110734 0.198685317268274 0.00935961541475233
0.0841406408432504 -0.151445783932943 0.301087555240458 -0.0892837419119658
-0.0119766969025269 -0.122136051092494 0.280823444610735 -0.197828334997644
-0.0437901027242634 -0.0818757759004382 0.241450699402833 -0.223827640750384
-0.0625955634341819 -0.0667102381980583 0.177367380802538 -0.176443460515268
-0.0473757300728056 -0.0703105901986265 0.105628969736125 -0.118188951949877
0.00202233848044886 -0.120617513935506 0.0584726205553771 -0.140016353841869
0.112865341999763 -0.117178793909592 0.142195003433484 -0.171037392466039
0.188907763326024 0.0691576807730405 0.223570897538531 -0.0904138435077238
-0.0665791740423639 0.189559698851071 0.114930788043543 -0.124637917854453
-0.0934466653824762 -0.0703102184466014 0.187346480758976 -0.470834992261205
0.156343256946281 -0.151134849898951 0.412893683183271 -0.477437402994726
-0.209826832345684 0.255115502147551 -0.423208550841741 0.375228659897809
0.0423970108798416 0.201818347815137 -0.282080104810103 0.598349886912623
0.0586508530034304 -0.0130034192022594 -0.0382698362355543 0.138207440007586
-0.0854053066324784 -0.0149912210030884 -0.254126129152062 0.0192474894270313
-0.0346196143409221 0.111456864775132 -0.202507672790451 0.22791576078717
0.0559597760492165 0.0889642247645284 -0.0283220493794104 0.208102645881846
0.102219539350111 0.0429368836043591 -0.047733116449293 0.12123875843563
0.133687483642776 0.00213543982484444 -0.154527941222708 0.151431935932945
0.137180576725958 -0.000940182131208563 -0.197447884933216 0.232226729694286
0.108601179921927 0.0413676024748401 -0.25531996762707 0.233168871696289
0.0418425494110694 0.0757788392317062 -0.307053884046302 0.142652349376977
-0.0542542755426413 0.0102565429206156 -0.262201028024616 0.0109418403788954
0.0928547125168439 -0.104598239647896 -0.144829852006055 -0.00226874829274837
0.203979423988526 0.110213923788079 -0.110741182538767 -0.0169650687631312
0.0200079488933798 0.321164078170805 0.100036534262637 0.166559423838084
-0.228916817333621 0.331428522469698 -0.358301829204952 0.280817877143222
-0.0204287726137099 0.30843852669632 -0.299641920483163 0.645682257518167
0.054247581865715 0.143535558532383 0.0674037263897029 0.189631062699841
0.0154370065722892 0.0645969176881505 -0.217721788579496 -0.00939925757103999
0.0604456416461483 0.0995615965735874 -0.208640946854795 0.233546529991586
0.123562069357722 0.0486004071574338 -0.0101688574698202 0.235232831724064
0.153517343278847 -0.0107699671004 0.00475738608513319 0.132314680192021
0.178961356292682 -0.0672126345505864 -0.100146289153863 0.130438537039456
0.189326271633071 -0.0780597025524161 -0.147913958240184 0.199322616965291
0.190276862771967 -0.0572056803118595 -0.204933391857116 0.208066518973168
0.180922767246693 -0.0108217893047761 -0.270822187511491 0.144973422323609
0.127108546010094 0.0200145173310207 -0.271937893757022 -0.00122000185116923
0.210824729584904 0.0211508453591522 -0.15421601402589 -0.0441221395035567
0.2455636204727 0.234798526948853 -0.0995022056722638 -0.0419981959315152
0.0659316380902193 0.413722222691618 0.0856748250783151 0.0948064040898048
-0.16901804216802 0.38446679845342 -0.270872480045384 0.156842145091058
-0.0113537555541586 0.370927619984776 -0.262739540183152 0.659172337676125
0.0867762771775517 0.276131063668198 0.191598464490059 0.241303982179562
0.155563686131618 0.139179623953942 -0.127933856740847 -0.0126745266403261
0.188845860658723 0.0599844181057466 -0.15752361287013 0.224046263742077
0.191779919192225 -0.0235213813074564 0.0320123034219496 0.233350139531349
0.18610015813669 -0.0771181478664979 0.0705575890356012 0.120388472626642
0.200794064892545 -0.126783566143257 -0.0306605767772279 0.0875301556389653
0.217808150445524 -0.132083940431454 -0.0846656373794926 0.138066316930982
0.243410185491892 -0.130478434410643 -0.144981513538694 0.149513055487739
0.288787240621612 -0.08202545239413 -0.215340690075945 0.107863014678201
0.290438616854747 0.028936318249116 -0.255911938479402 -0.032400967588755
0.308656864876147 0.160120722568241 -0.162826157969672 -0.100864489296497
0.24099929324633 0.355333269321195 -0.0972351773973899 -0.118175180103885
0.0692682041037673 0.454161754015963 0.0924847486231692 -0.0264232773905452
-0.0534380394561514 0.392360914441254 -0.204679101681639 0.0133386575178496
0.0583989138338758 0.369132511383483 -0.182058006961137 0.614510065481593
0.15772772279803 0.339050023665477 0.300624861728211 0.231966039566012
0.302038160295662 0.162195025503946 -0.0198803982542272 -0.0132941940839694
0.309928516059552 -0.0172040052591508 -0.0528595554434913 0.190433765652637
0.238492540306158 -0.116283293943048 0.102329617462118 0.187504019619958
0.191038584633768 -0.141420064972382 0.142153123809898 0.0750018411435314
0.19412190800358 -0.165860120297796 0.0432810952439138 0.0275630412180205
0.215589298904171 -0.155022875018819 -0.0145988802301703 0.0654334144403581
0.258811578169682 -0.164124001514891 -0.0787413487651246 0.0735701157524069
0.343266639038621 -0.117345306339769 -0.142300938182914 0.0412455319289296
0.393023340972565 0.0548615313903133 -0.200841343932913 -0.0847254560037608
0.339034861330261 0.293455799506846 -0.143481555020266 -0.165460481535848
0.173684628006202 0.434304599099105 -0.0815785801668443 -0.225011793498367
0.0420985707700392 0.427695190900989 0.129727933209553 -0.173524210443179
0.0636262115711038 0.329864062213764 -0.184831710886782 -0.12400565764161
0.109885556283599 0.293528056690632 -0.0915478832940782 0.513472538338106
0.203092213618444 0.329325357383461 0.356588483216627 0.153527422292237
0.397733044802675 0.130391546582638 0.0709869585681793 -0.0211634940589239
0.365793648375792 -0.111558959940928 0.0757447533380816 0.128424217021637
0.236391279884652 -0.197132157035199 0.186177387427676 0.0972639084423043
0.162817222813494 -0.185247851257118 0.207200067178896 -0.00153155110537566
0.157892912632283 -0.178799914218957 0.110824668189177 -0.0389932988791142
0.17989742774992 -0.15023325918853 0.0518069889399875 -0.00115677434962609
0.227720483715386 -0.163288821517156 -0.0129583223994633 0.0007563327066222
0.327288067383738 -0.118614333090601 -0.0553189371272334 -0.0320904839061386
0.407734474905777 0.0926599132906916 -0.100376219665018 -0.136395533776505
0.273639673301784 0.385546160322892 -0.0794679393806602 -0.215704665607593
0.0542580451775655 0.4266074115835 -0.0294707219922334 -0.331579038338911
0.0131165141321893 0.329799254489442 0.202146587058986 -0.315224054210924
0.12959301010217 0.197184896157183 -0.198688496658375 -0.224797724523353
0.0836718222225986 0.181510633291392 -0.0175368582027986 0.375884423463149
0.177774657537775 0.284202195396807 0.33546440948114 0.0527066093745249
0.404021963183361 0.0794164155425666 0.128794399360414 -0.0218890224698575
0.333063782295249 -0.177862060806923 0.191876944494497 0.049183715936671
0.180876509581771 -0.230746388353774 0.257338235603377 -0.0178165208576558
0.106398681247303 -0.192195793022029 0.252434123429801 -0.0933572998386204
0.0947799679836484 -0.165060355461859 0.162737681119281 -0.101120262703638
0.114369424003248 -0.129608844366168 0.10150960967224 -0.0531614063915332
0.159786146437567 -0.146941312239658 0.037546178469889 -0.054818629901071
0.259550210128515 -0.110766712189436 0.0295215657030444 -0.0929066260668101
0.351004644444664 0.113157065498957 0.0280616877387645 -0.157181639164153
0.139602762800887 0.399268632044732 0.0162275881202691 -0.221521406408697
-0.0681287497041355 0.317900942322828 0.0552002072909942 -0.405453303940354
0.0172854405130689 0.175650995880114 0.295342745077046 -0.421170293832591
0.130106904139892 0.0255828856654447 -0.218362376453414 -0.271993800659212
-0.00608065807239191 0.0775224434221772 0.0270450105920837 0.231721896015544
0.102901329145536 0.237859623899042 0.260635742852696 -0.014063950604112
0.331162713860324 0.0359104376814916 0.167151058608392 -0.00486703331596139
0.227152172121644 -0.191209067939973 0.272548382733511 -0.0264991110022867
0.0893271284014653 -0.201356158381112 0.29396856925101 -0.124275898347899
0.0332956510314675 -0.155388392486051 0.269300985736615 -0.172719086959866
0.0171032331339854 -0.12660803554484 0.189824804797454 -0.150619989010835
0.0338444803585862 -0.10153802990769 0.121845205817887 -0.0907356047861108
0.0780430380726613 -0.132728212624806 0.0622260236358528 -0.0974468100454686
0.18089608608382 -0.113029738812156 0.0982651790806533 -0.136600913553229
0.268966762198505 0.104516605845807 0.149163256983727 -0.135981149007996
0.0077104276417641 0.326888609673444 0.0969646354511677 -0.178420972690668
-0.128670498446352 0.132021478396419 0.144705058423003 -0.441046145057434
0.0718827699747385 0.00312952200779297 0.383074415670875 -0.474751218860553
0.0821535230949819 -0.142591410376475 -0.223862099402897 -0.270363483864466
-0.105924869203766 -0.00844857598325295 0.0428171076288023 0.116823268497316
0.0127200344881998 0.175856836643342 0.182863687802809 -0.0246524296033708
0.204740356068063 0.00327511340906802 0.205365928028153 0.0184204530038255
0.0876946524798944 -0.15222055669392 0.31260294658576 -0.0832994846999144
-0.00904277196752998 -0.124327587341132 0.293400349531453 -0.194809543542662
-0.043499665813972 -0.0845230236355452 0.255768421218769 -0.224368973966655
-0.0630977453575365 -0.0675965749200032 0.187235138579201 -0.178405712119704
-0.0464889734782579 -0.0712072277130676 0.112781979545454 -0.118826253802143
0.00411496265965863 -0.121855799540513 0.0647774589239043 -0.139902124961089
0.116440354943867 -0.116909932577594 0.149866199033228 -0.172320257406956
0.190927595904489 0.0736189465476736 0.233110762810932 -0.0890570158545735
-0.0708982859860903 0.193747236825813 0.125351773743706 -0.120770319345093
-0.0949276024370827 -0.0708129550308023 0.20843471856457 -0.472048324526705
0.162288754733257 -0.149383121110971 0.43974326419255 -0.477881494536246
-0.219657918287481 0.267769946130587 -0.453350159731844 0.396915868977132
0.0462057517486985 0.208985017979632 -0.301394649742524 0.631002623275901
0.0597433817132812 -0.01532200901993 -0.042720930927321 0.142649276448362
-0.0916335263021842 -0.0143355001956954 -0.272053043549246 0.0223144121699284
-0.0352366984770121 0.117249136401397 -0.210411530755374 0.242472825955539
0.0597272369243294 0.0932823748545047 -0.0264992852545148 0.215263347513755
0.109059753836851 0.0438919087786585 -0.0520207122048407 0.127201050123957
0.141434673420846 -0.000579295124323117 -0.164554182269437 0.160851173272292
0.145184934809688 -0.00491504352691998 -0.208395881433815 0.244371004223025
0.116363573991106 0.0413529085222623 -0.269807314374885 0.245221581323609
0.0443339003813003 0.0792854583772628 -0.323987520067802 0.150954361988676
-0.0566390591969295 0.0110477400801157 -0.275435825029545 0.0106648461663011
0.0962560108092099 -0.110889843416209 -0.150242058096715 -0.00354456520473043
0.215137714452648 0.113514762254069 -0.116144421771881 -0.0163430558827762
0.0200359575522322 0.337268752807506 0.101881136130052 0.177482008235881
-0.242292498307549 0.34843302505049 -0.387176832088314 0.29956544336719
-0.0211562070010911 0.323388825616591 -0.319056546025896 0.683386217214505
0.0543773869379006 0.149857011376733 0.068143006482118 0.195826530980112
0.0146543384418862 0.0690320706100482 -0.234319396435504 -0.0079049625952047
0.0644425110663845 0.104705445546109 -0.217242425699353 0.247364229011066
0.130131277426998 0.0511106985827635 -0.00798912839140942 0.245328470061291
0.163325574905341 -0.0132565290138539 0.00409165333730467 0.137602087847311
0.189528330467919 -0.0736554202632631 -0.107346908491361 0.138140877498768
0.201383205255906 -0.0859955123460854 -0.15511010452497 0.208575941421559
0.202794275080371 -0.0629285702443401 -0.215411424545768 0.21853502830533
0.190687580791208 -0.0129670224970428 -0.284972052574747 0.151718598785467
0.135008792970348 0.0211752497825091 -0.286203746344925 -0.00147683030510517
0.221515742587159 0.0226604744198439 -0.160481627015458 -0.0476974475705701
0.258052838025678 0.246769207264319 -0.105731387047816 -0.042210105564964
0.0658442749737364 0.4374394710174 0.0878611664694141 0.101652855174463
-0.1812913674981 0.406322983767277 -0.291149377469555 0.169630529679981
-0.0139962541053289 0.389756152766515 -0.280864939072787 0.696995225894435
0.08864992000852 0.291032000669337 0.198515614692643 0.250796380642639
0.162266647780239 0.147796231188705 -0.139411250197824 -0.0100460092458722
0.199788161147472 0.0637447689414383 -0.163986208983901 0.237314007601899
0.202095349836736 -0.0247258485884615 0.0358574408366829 0.244116972393337
0.197459342929282 -0.0828766801347419 0.074413883970456 0.125504334309558
0.211519732708627 -0.135959603061425 -0.0327177196693111 0.090580784842182
0.232003673408876 -0.142152147620017 -0.0886226430586936 0.143344206822006
0.257969241865455 -0.139682188064698 -0.152849843900972 0.155941771568415
0.302802418899273 -0.0878164681827448 -0.22546075563601 0.11162690566455
0.30601959105464 0.0300605467339698 -0.270348636259576 -0.0350149274856695
0.32465186828174 0.169656309498331 -0.169461597362523 -0.10604894648989
0.253558305062182 0.375520315474607 -0.102732148119059 -0.122645480780388
0.068853311890886 0.480209044970209 0.0956396082523187 -0.0254790247003469
-0.0591272939571245 0.417903375126148 -0.219470444438502 0.0177319323262282
0.0584254383706746 0.390685374643924 -0.194898233939547 0.650185082018569
0.165034139650192 0.359962223422513 0.313835679207359 0.241148772744573
0.318475646747213 0.171984268404957 -0.0235393878356211 -0.0103999049999589
0.326359809682144 -0.0184629275128743 -0.0541680476175401 0.200527473013604
0.251025755954074 -0.122561512890455 0.109457254041622 0.196802206133837
0.201387368572801 -0.151227489822351 0.150545022464202 0.0764616527161893
0.204839030957339 -0.176437271740149 0.0455630871208594 0.0262775361582596
0.22878851519093 -0.165382031667535 -0.0141994355187476 0.0664938446917723
0.273959088190849 -0.174741874160013 -0.0818560177437902 0.0749541171448306
0.358986037853163 -0.125280079299167 -0.147365436736352 0.0409783239435542
0.414268467545207 0.0574458492904696 -0.210916118885813 -0.091065865889676
0.356997135392633 0.310159324065223 -0.148170648465277 -0.173421402835415
0.182492993014686 0.45912731629166 -0.0850150478779145 -0.235992191487833
0.0387616933767047 0.455258862987707 0.13694087623365 -0.182317161306496
0.0633947307995307 0.350418159802422 -0.196696255958646 -0.127802005840135
0.11437069431923 0.31227182199568 -0.0992720568497966 0.5469340726681
0.214415614815043 0.348940507054884 0.372585742182906 0.159394385720217
0.419547471011846 0.136908702435161 0.0736083567269386 -0.0179990445849023
0.384269239537094 -0.117997327191678 0.0815074136637105 0.134536869756487
0.24879139659165 -0.207890273933197 0.19763962336254 0.102175441266526
0.172089770815582 -0.197157789847081 0.220018227880481 -0.00522729010508582
0.165616917756539 -0.189264236848237 0.117452395618522 -0.0443948394788924
0.190884027899461 -0.160431177206325 0.0564289450263527 -0.00434069282256176
0.240203567339245 -0.172922259951254 -0.0114596211397881 -0.000939078016535897
0.341461050663215 -0.124941311793942 -0.056005980582692 -0.0376798348734622
0.428579860836129 0.0958039795271574 -0.105280051348196 -0.145688249666192
0.289146576374171 0.406777137514573 -0.0805446134937924 -0.226343998202682
0.0564628591570677 0.453429010403049 -0.0290443294033033 -0.34762929677724
0.0083105368369753 0.351760275172881 0.213756382102162 -0.334066869818846
0.133280734035454 0.210737558064295 -0.208715187345949 -0.23525903768948
0.0869277802378892 0.195428098496534 -0.0197831775900536 0.399286707538185
0.189824888252855 0.302656079032036 0.350543288043436 0.0530978707283946
0.426981311976492 0.0826258614242919 0.136631228651144 -0.0192214863935119
0.350212296607616 -0.188159630100693 0.203803602686935 0.0511896570068024
0.189556006383034 -0.242935421071882 0.272950506268162 -0.0187173308234771
0.111970799265548 -0.203436778474673 0.26861364440503 -0.102309953600685
0.099805892072487 -0.173044081206453 0.17150898132435 -0.110436713485062
0.122227393023698 -0.136764271192375 0.108375868254664 -0.0589729050047563
0.167467221913027 -0.154277440662902 0.0414114935586868 -0.0594844716120638
0.269228569967783 -0.116213783373041 0.0321102308358669 -0.100618492773888
0.367779927460086 0.117921077299006 0.0300907136740135 -0.168888988969955
0.147699093158305 0.423446355645805 0.0200858240067059 -0.232428930028123
-0.0737644895724181 0.338953466530659 0.0615211735698732 -0.425361965759361
0.0128935218379504 0.187821856015148 0.313676948414548 -0.444968133234596
0.132578379476772 0.0298756949496372 -0.227502553427109 -0.287009232822125
-0.00746475275389208 0.0857299589323459 0.0281401839922941 0.24411788270291
0.110980408752254 0.253371618947621 0.271436650593473 -0.0169744160113908
0.349079533300983 0.0355588913733284 0.178136178694483 -0.00140597215724029
0.23765359381013 -0.201902745319952 0.290396514820106 -0.028478266152559
0.0931431581469246 -0.211887823543478 0.311338354230528 -0.130827900890863
0.0342083337521404 -0.164300367162681 0.285049691355691 -0.187182996879552
0.017368655352707 -0.13208783458093 0.200848558362777 -0.16195687040591
0.0366469122816033 -0.106325133517948 0.131616922347875 -0.0977103682067521
0.0811561292350587 -0.138270426930425 0.0674523192476841 -0.103414227570941
0.187112652519311 -0.118167169397595 0.10394539464651 -0.14557897666485
0.281118300493158 0.109107815051598 0.159030933248776 -0.146199420524549
0.00967452955364923 0.346330508765786 0.106857438967879 -0.18577568020698
-0.137863620738482 0.143470162635271 0.157074182037787 -0.462314509966412
0.0727151011340645 0.00570603518486154 0.407306351492758 -0.501420505599333
0.0831186391331694 -0.148843028547962 -0.23275685971263 -0.286760877994672
-0.111938463966523 -0.00524151271674929 0.0451079590994482 0.12006141750051
0.0158893082623462 0.187583647423958 0.189650377790139 -0.0271681653749664
0.215952098638429 0.000783030220795534 0.218568141213602 0.0223228015036102
0.0904466918136633 -0.159826773354847 0.331248800001172 -0.0877458658267133
-0.0101892563184432 -0.129470875291824 0.311350034466409 -0.205393606704654
-0.0464223550391791 -0.0891112252400625 0.270578653765848 -0.239622849545113
-0.0664746847421985 -0.0686581690834526 0.198743438145213 -0.191313311510602
-0.0488007563579154 -0.0726872625360135 0.121382859909596 -0.126408973363296
0.00245347399258743 -0.127172167778669 0.0690779171445127 -0.14562496534053
0.120185729032971 -0.123238127437546 0.157643310132691 -0.182190131775817
0.200849798521247 0.0762979715464579 0.249052318801103 -0.0971315138300807
-0.0728594844166608 0.206171276316367 0.136757903194259 -0.125005268521652
-0.101511795272761 -0.0712740850741888 0.224580997426829 -0.493961442822449
0.169359038604235 -0.15612012041848 0.469214234610877 -0.506745482389467
-0.185161842792751 0.316474326854778 -0.419780542099589 0.474252259999709
0.0778996777566034 0.203245488710613 -0.217766855273281 0.71086245362922
0.056624573279848 -0.0284641699643268 -0.026706326257584 0.157756904080401
-0.0982637749753937 -0.00298976453811288 -0.280178833537853 0.0775945899282934
-0.0204454657277262 0.122974662161058 -0.173066631848482 0.286545165033524
0.0761426934130197 0.0870585618541287 0.00722135557919826 0.223518821689723
0.122633044275928 0.027697588301178 -0.0356827205196208 0.140724034966219
0.146390072715303 -0.0279550737299144 -0.147159432786638 0.195876608899277
0.147254274068394 -0.0338937009736136 -0.179934111136407 0.29000594620925
0.128321373461253 0.0200528237324966 -0.242713635538445 0.298694835422248
0.0596668886111516 0.0712901636828214 -0.316574275096751 0.209959427186672
-0.054378355748564 0.0211755272975549 -0.28799517952107 0.0566682146245643
0.0792941338733744 -0.131081767870057 -0.159357061949431 0.0179140934644003
0.240077733049347 0.0797056408104473 -0.122123647886046 -0.00188229298790144
0.0738056155960535 0.341118018085731 0.131003160955571 0.17411371329095
-0.195269822588329 0.409940663887642 -0.370056433779122 0.353546245137569
0.0227850461167227 0.336307872407542 -0.229469242042439 0.762809394303911
0.0763060377265115 0.147862556365428 0.0947943101417839 0.184014236260495
0.0247949688144577 0.0685714713185476 -0.250718407074109 0.0366558247552274
0.0805149194945481 0.0954333067707105 -0.183601635874698 0.295985039814705
0.143003675417529 0.032321466061974 0.0284079901549612 0.254260676987541
0.169987593229994 -0.0398227991100969 0.0247497321760107 0.141982645318354
0.185131288120399 -0.111457586749392 -0.091362732240215 0.162416689115107
0.192555186582178 -0.127542008500467 -0.130450811991942 0.24382053424358
0.200147966388678 -0.102016379180908 -0.191477326317724 0.260762647765876
0.195291422250057 -0.0473724315358985 -0.278486173277244 0.203562149321025
0.146027660267444 0.00134785158349997 -0.304776971108154 0.0427668467254175
0.231929763765624 -0.0132708760130762 -0.176303951233574 -0.0291627968161872
0.306299040953039 0.213571644220542 -0.111214223744407 -0.0313856871573082
0.134674557395581 0.438138474864527 0.105884675175207 0.0975066696092993
-0.121382809944332 0.462823310431939 -0.297455821916395 0.199163474373698
0.0404517872727147 0.40909850972879 -0.188714780224876 0.771738546858657
0.134649965364139 0.29302519779254 0.235559849407731 0.213878832016973
0.190796661889617 0.130196970550696 -0.159520849864586 0.013458924368043
0.214048422748351 0.0331220452316029 -0.137376365043109 0.27786108301161
0.205889140895296 -0.0578565479346167 0.0714057436193766 0.251061139876452
0.194254523901157 -0.118243154113894 0.0947967051941337 0.116076910345612
0.198868493808798 -0.179096583542103 -0.0212395463847007 0.0996263894698289
0.216152700146826 -0.190012726677144 -0.0710061190901803 0.163858693371527
0.245891787255517 -0.189818596650996 -0.136523122105647 0.18330985558652
0.29772128978046 -0.143677350135277 -0.222773433845255 0.150140318591236
0.324855029333832 -0.0148702860950034 -0.295163963032856 0.00190119519169656
0.365101720315693 0.122074143047765 -0.194137698652428 -0.0915170856335826
0.320272003927046 0.348566772311199 -0.118334325906418 -0.116502862945426
0.143515777377196 0.486078541361088 0.096259685459799 -0.0374018217868505
0.0102511310251385 0.455725999640843 -0.2547321170887 0.0323998011568712
0.115525979921158 0.39994930722416 -0.108399178943916 0.711234422055426
0.226660530575596 0.354288228767541 0.349557994631979 0.18275587242207
0.359358140955346 0.132381611922356 -0.0461626897658184 -0.00816764401988601
0.334185151725995 -0.0694463632842477 -0.0349426909027742 0.224566039616442
0.241552428697663 -0.167585486248836 0.138819665389986 0.19528875213424
0.188207238332881 -0.189706461134796 0.165772309176277 0.0516240494935329
0.185661115374251 -0.217957914904666 0.049917838747143 0.0185000054195661
0.210474820374786 -0.212410823323904 -0.00499416639244545 0.0697344464155716
0.256481352416937 -0.227270319750904 -0.0747795440565148 0.08691366304392
0.348867477413203 -0.189128474696628 -0.152941224082432 0.0629905483181473
0.439707055481709 -0.00215202427807927 -0.243265881683229 -0.0683462283762576
0.422517062540372 0.262183392764166 -0.180502696053524 -0.167287250319605
0.262012659735848 0.44989331377307 -0.11579165243201 -0.236418130872895
0.107102092450526 0.466962381595677 0.115205917029935 -0.210624506670912
0.129150459932696 0.365390805405225 -0.257706848815712 -0.115946372890708
0.163297482805702 0.311948072943444 -0.0231176771175256 0.587644999884133
0.278234541425181 0.335806602500956 0.395175001948429 0.0888188448611676
0.459938345558816 0.0818377614465638 0.0514819629681862 -0.0330958024267909
0.382474839509951 -0.181116191667946 0.0917312122358283 0.135139435067312
0.225305287983859 -0.256139668244238 0.217398312978943 0.084946012674448
0.150205707655267 -0.232932380917 0.224663156631839 -0.0464476437044905
0.143220457096046 -0.223001150906344 0.113285476014704 -0.067336342260555
0.173496103298368 -0.198290174137537 0.0583510278364927 -0.0171589228365177
0.221083296304231 -0.217192689544894 -0.0130849057880066 -0.00459017442771435
0.330870793084644 -0.183541480435429 -0.0690282910015088 -0.0348579625324911
0.459201232953346 0.0354043676057726 -0.139370580839579 -0.145173042855699
0.368895005833365 0.376414639490974 -0.115532415285474 -0.233696168777032
0.129993497790734 0.466596389783659 -0.0743562311858607 -0.360251830543674
0.0579003788356544 0.366290896466275 0.174450779616321 -0.383932995167039
0.179589540966416 0.204337675168168 -0.284876049922134 -0.215787239284091
0.117509610993682 0.19562104020608 0.0402545404798226 0.421471978967451
0.248564499529832 0.293902955807138 0.355265578926674 -0.018434323879309
0.460037952113604 0.0229312375414181 0.118360247310672 -0.0430227157392538
0.333859339223533 -0.246838940283444 0.208353041903577 0.0290024161908822
0.158392752839784 -0.282113736837672 0.277827039516139 -0.0529662272030063
0.085706972740216 -0.228936436403909 0.261053293256912 -0.157600072692706
0.0770905723514118 -0.194647615898445 0.161032897786383 -0.146123126716636
0.105601644587963 -0.161089404160432 0.105037916811974 -0.0826130399797348
0.148394255036956 -0.184701072903179 0.033588978020052 -0.0720825624343149
0.256892363607969 -0.161665343265286 0.0147888059647752 -0.115043755368571
0.397333096475745 0.0675681828598579 0.000251544358694067 -0.191498369241383
0.224971995772931 0.41614453922778 -0.00713752474935069 -0.254286398088186
-0.0231559835220772 0.369223137807391 0.0076593185619964 -0.452194426974596
0.0360639295581755 0.196671463299788 0.263763064644591 -0.519602339989895
0.146868162901695 0.0117094283324476 -0.299211737594387 -0.259097203555885
0.00280864499966793 0.0952144056846638 0.0700960603005106 0.248803691809609
0.159541307609629 0.252865664146785 0.264496409600416 -0.0757600038725938
0.370767588722575 -0.0141736855761327 0.170554612457898 -0.0314903265736869
0.216182199249519 -0.240891707482836 0.289510426901932 -0.0711073077917246
0.0636930424048346 -0.23349304745935 0.304527321791409 -0.180048803539624
0.00999823194393879 -0.176124099294138 0.265572233968265 -0.25115156095071
-0.00216661505871089 -0.136428643485361 0.183426490579723 -0.20555461741162
0.0228531920947226 -0.114154066984938 0.123634586808149 -0.126870372576152
0.0614484458199141 -0.153704555528415 0.0538464805452115 -0.119480581033549
0.171157135023984 -0.149108072521049 0.0834561970248188 -0.172471387963393
0.306136430529471 0.0713424508391323 0.141387452479977 -0.188557000583539
0.0697999210331249 0.359627282050158 0.0929864499869187 -0.214757955625633
-0.121591423516565 0.177524148695431 0.0970738654544592 -0.504481047426072
0.0677653664135344 -0.00221852206900033 0.354311693987848 -0.593690199423456
0.0618543957857663 -0.170884005553651 -0.290001043230745 -0.249388177987981
-0.120290766725325 0.015434695890257 0.0725696058710702 0.114505204139217
0.0496363889823914 0.198356971047965 0.184031844583431 -0.071737704063743
0.224905565004143 -0.03118665060498 0.22478359389812 -0.0142159852090832
0.0691745738458816 -0.174320957129211 0.329046600920373 -0.143557693891607
-0.0316883015322065 -0.130650460833225 0.295526306820284 -0.262946960866762
-0.0636776357141891 -0.0840985078369629 0.245003783974441 -0.304830883683773
-0.0793223397094418 -0.05684038395214 0.177775587362671 -0.236315431924074
-0.0612627334848682 -0.0648540448372875 0.108805864512246 -0.153345054935074
-0.0175217941831913 -0.129472903293889 0.0482401088569931 -0.162761824576545
0.102625989526546 -0.143840063493302 0.133234152280095 -0.217489523326133
0.217143227809106 0.0487644533576408 0.245534101734244 -0.150230432795402
-0.0381656940337542 0.228651184044787 0.133200146244601 -0.152862169602787
-0.117868149668205 -0.0503121967601394 0.158115026558003 -0.547183457095132
0.14281500186576 -0.185537720029962 0.419963072812592 -0.609296930463267
-0.159427706713074 0.336185800300027 -0.392856802554503 0.525965263187783
0.0968284183022032 0.195800482399248 -0.161800416680401 0.744558881770614
0.0524423920383191 -0.034094625949808 -0.018256776736509 0.159077121449938
-0.100942978679561 0.0075734136293534 -0.281504915163292 0.107777651102795
-0.00950347999404757 0.125959633107517 -0.145893236073898 0.308209852710014
0.0865687233628478 0.0818682433471254 0.0282976701250819 0.222347990981814
0.128323388867231 0.0151364555637943 -0.0249973854954684 0.145967293899791
0.145373973460029 -0.044590880935748 -0.133715793106207 0.213842434677341
0.145697230354483 -0.0507699358924214 -0.157844214391875 0.311962969014245
0.133427183846307 0.00610451946669979 -0.219973926140538 0.324874305542848
0.0681846117401962 0.0672095705912661 -0.303905690856732 0.242606808487317
-0.0526593522861921 0.0270640360797625 -0.288226108624915 0.0811752574533627
0.067067967799925 -0.1396649302285 -0.158037305811402 0.0298718984459882
0.249465345281216 0.0569625362184068 -0.123018898731976 0.0111796430034614
0.105198637155191 0.340885584279445 0.145963226637464 0.168571320464014
-0.162356000496696 0.433980070734215 -0.350490811272727 0.400622676251599
0.052253634054014 0.336922722638895 -0.166910345385991 0.79903860030478
0.0879231031768849 0.143625622386386 0.107699939445976 0.176825617514432
0.0300036025508495 0.069116769135716 -0.255416455525901 0.0631892130537595
0.0902069903622723 0.0896607762732489 -0.15786539440806 0.317296674944556
0.148296679597655 0.0199582557402481 0.0528148371048717 0.251959950331193
0.170289657288772 -0.0577646516211185 0.0360308151104342 0.140788224421925
0.17775986042964 -0.132736574683372 -0.0799041897304391 0.173683704347487
0.184741680783128 -0.150880105999045 -0.11095582814651 0.258641352490842
0.195793287637968 -0.124993879119538 -0.172136911011229 0.280327031848582
0.194455621355169 -0.0665060394699765 -0.264070818541241 0.229537739474306
0.148989741477014 -0.0108925209290296 -0.305944378076602 0.0695669594426203
0.233616729955324 -0.0341005806129599 -0.179091588543668 -0.0155818949257616
0.328533929991193 0.187607145850612 -0.115844405970079 -0.0203715097497334
0.173510155417203 0.436693852558525 0.113913792398271 0.0933880201373795
-0.0828087067179952 0.48372481322466 -0.288797520798052 0.235249123172629
0.0750491395162748 0.41111186679964 -0.124100889446874 0.805556076673289
0.161543191347885 0.286798987805742 0.253335073903848 0.193360395410445
0.204484190151519 0.116366488261584 -0.164842867502127 0.0322164461581692
0.220395642867562 0.0152720379469433 -0.113176405210341 0.294862532619761
0.204707665179339 -0.0771558821967181 0.0953862111783481 0.246854374545836
0.187601554561792 -0.138814420111743 0.10573833317257 0.107112510307234
0.184963382760386 -0.202226039894042 -0.0148928502559505 0.102238569923494
0.203713622307269 -0.216218054165322 -0.0575506271613535 0.170777237208921
0.233517012647946 -0.218806328528089 -0.122781807632613 0.195961229348242
0.289876656902879 -0.171693986409099 -0.212732682303672 0.169263830871377
0.328400988408162 -0.0446037694097177 -0.30023636376812 0.0274681375225622
0.381112963847911 0.0920193374224019 -0.203012054258735 -0.0765529216590465
0.35701550277183 0.327295809351536 -0.130515265149363 -0.105639825956016
0.186386774279082 0.485647554942756 0.0932969017274215 -0.0432019942604421
0.0482126456792102 0.464815661978648 -0.258632311110319 0.0610506481336102
0.151756951073637 0.397000277122758 -0.0473529235344746 0.737644002563899
0.260676955513528 0.340999710037694 0.366761526490765 0.152318303638861
0.377991674645115 0.10402532484636 -0.0494592636580079 0.000175876878280099
0.333740526001492 -0.100528228083267 -0.0147421597826002 0.232262831554887
0.230179492988393 -0.191450833946408 0.159796955648871 0.185174345280464
0.174653342315056 -0.210622427321688 0.172514015144085 0.0348932135437054
0.168408106506376 -0.239634065331642 0.0506251989139664 0.0115528186000708
0.196648498130517 -0.237565721831806 0.00161387899223449 0.0675980177661334
0.240912097119365 -0.256092656843279 -0.0687737032813755 0.0917738245267413
0.336202568329601 -0.222196043842506 -0.149598949019051 0.0723299063198239
0.444405915735586 -0.041958312299139 -0.253497609469308 -0.0489623446142434
0.452938625088669 0.23242059435995 -0.195511051443976 -0.154903099995327
0.306859429506081 0.434599182845207 -0.13738017406099 -0.22727562422008
0.147639857067745 0.469657002796774 0.0989647374917504 -0.223094042448685
0.161784460102039 0.363864245161441 -0.273204578861293 -0.0923675185903386
0.192440188275857 0.305662477695332 0.0292141222180411 0.605222441486133
0.314172989355938 0.320385653550208 0.404378924783108 0.053323899295781
0.476435787373215 0.0415404380063117 0.0488132302486858 -0.0339727993875655
0.372953644094472 -0.217617497839565 0.106306835968006 0.128465716668389
0.205515336174547 -0.280097516081544 0.230229860423355 0.0665788047166066
0.130508748323024 -0.251082937257237 0.222916009433336 -0.0715270891117596
0.125691929233586 -0.240081260750431 0.106858184108273 -0.0825537401795741
0.159521285079482 -0.219227657173281 0.0581110571891757 -0.0263197009110198
0.205505470878863 -0.241385969687094 -0.0140843928621874 -0.00619867242569378
0.317145943711593 -0.214629584024725 -0.0725392363811785 -0.0338974691112326
0.467836897642049 -0.00426991974291149 -0.154795742442345 -0.138218412652581
0.409138359296966 0.351666757290421 -0.133666651555589 -0.228151758281713
0.173801305795889 0.46541858910636 -0.105546698264017 -0.357395321158183
0.0873390277774874 0.372209444820826 0.144856549262686 -0.406355147476556
0.197985813933804 0.196434930806758 -0.307017309733699 -0.194635661094119
0.135970875024647 0.191754857216464 0.0801487424173051 0.428386847199726
0.282321994003256 0.278520790351054 0.354051320148107 -0.0503895227398381
0.470973559595271 -0.018103679937956 0.116818053365411 -0.0508610252100196
0.31743876592911 -0.281070224403531 0.214540018157951 0.0104268964659102
0.135748472330419 -0.300162582966466 0.280209310767379 -0.0806659277563233
0.0651294886335327 -0.241272335939806 0.249873015790015 -0.188277784154263
0.0616896033044204 -0.204026595573557 0.147312411909391 -0.167034867756139
0.0944351296280611 -0.173953463860159 0.0994335335774714 -0.0972678469012041
0.133281817685957 -0.200437545393233 0.0284962344034756 -0.0790213232520069
0.243289042424274 -0.185958384016714 0.00555464773005405 -0.121403675406499
0.408124655158958 0.0339050976700001 -0.0163864370256754 -0.198836419232868
0.267345112743749 0.404887640138205 -0.0256047787979491 -0.257927671133461
0.00915494709816686 0.380918115644891 -0.0288520491665641 -0.457721076666163
0.050383898562723 0.201291919180655 0.222614443491939 -0.553487809979717
0.147550200918173 0.0034698171007198 -0.326453116571845 -0.239182125567955
0.0117043188749987 0.100525819068987 0.0947055742551224 0.248483871720802
0.189253268892869 0.244228004188846 0.257072239626469 -0.101109841869542
0.377155287132757 -0.0488965490325909 0.173648054323241 -0.0447479409203078
0.197241130321769 -0.263835074430852 0.289256273387836 -0.0983256004502597
0.0436468682760625 -0.242714892556151 0.295562122728732 -0.211356602622597
-0.00750076158358631 -0.179002911434413 0.246834009758182 -0.283655903888146
-0.013480997911333 -0.136723833030128 0.166540521185708 -0.22939027383186
0.0136396104791222 -0.116385102066695 0.1156222180683 -0.142917887598673
0.0474609817875983 -0.160271281662747 0.0453822303358669 -0.127540420678072
0.158384609613062 -0.165729466824388 0.0698243391553118 -0.184695155970592
0.315508238145663 0.0444048376076686 0.127557871088545 -0.207554033776881
0.104546404849989 0.36083574630508 0.0805586587491874 -0.226808810767892
-0.106955270993203 0.195737687630584 0.0601200357566817 -0.519004462454398
0.0655380813808989 -0.00557412613360918 0.311537943895675 -0.639942488822504
0.0449570150592771 -0.175009921822861 -0.314367097790662 -0.232477998643894
-0.119386737913995 0.0291372481074268 0.0843234770734651 0.106918431804239
0.0719304583047197 0.197701232136893 0.175094543211531 -0.0884417414851542
0.22517664342027 -0.0537635465107054 0.230408433966556 -0.0320561146724304
0.0529465974146369 -0.182737973545045 0.323752613768919 -0.176075106874537
-0.0445027980285514 -0.129254824723294 0.27947315113678 -0.295145123348155
-0.0738236667158458 -0.0784823362143882 0.221787086184342 -0.335525788204217
-0.0845888508776867 -0.0474196226545133 0.159970768434476 -0.259897692281451
-0.0670740490116993 -0.0581979949719937 0.0984997521766393 -0.167186681257502
-0.0305043503699194 -0.128185376936603 0.0361574949763396 -0.168978597924315
0.0898242170293708 -0.155236005148941 0.115941238491512 -0.234436710058115
0.22497177710044 0.0290225205158405 0.23741606888214 -0.17777824511961
-0.0154761593956943 0.237492696433071 0.127753212935646 -0.166044340400129
-0.124023709015359 -0.0365837547285588 0.114787611845488 -0.567230207084103
0.12655487985272 -0.200790393649631 0.375480090320603 -0.660490874877642
-0.127039708226264 0.335747496031181 -0.342565448968024 0.544611749719733
0.108940671915617 0.177522116777987 -0.097863259741595 0.731088210443109
0.045031460247661 -0.0364003390664403 -0.00968664844710091 0.152311911655968
-0.0981038393791499 0.0173462207704365 -0.267236614297801 0.129220747039085
0.00151013613065574 0.121525103785603 -0.113924873554717 0.307843317617174
0.090689335153149 0.0715827093984189 0.0449895844463465 0.208481076477499
0.125829846988088 0.00281812522804905 -0.0135008375045879 0.142573657583761
0.135214663859363 -0.0580939403427101 -0.112644838312105 0.21937538336154
0.134822526582909 -0.0641566323767386 -0.12762094290095 0.314299866869661
0.130112518095301 -0.00756972128396185 -0.187435288247251 0.33071424211937
0.0724465914470574 0.0592913502907426 -0.274484961985919 0.258144550352245
-0.0484283989545067 0.0308737392173593 -0.271670836432264 0.100396097774759
0.0517507800400352 -0.139679346634456 -0.148452464241574 0.0381034474129687
0.243244254547194 0.0331987219598178 -0.117241067232394 0.021973053246024
0.127024855592519 0.319712333593113 0.15209926514646 0.155775280841842
-0.122998978287658 0.431919032088623 -0.310499818360645 0.41993700956795
0.0756175995562291 0.318762444304076 -0.09957126583631 0.789110204675205
0.0936252857873921 0.131711540492378 0.112353852344116 0.158917333604806
0.0332403982876196 0.0660227505963477 -0.245181469051401 0.0854475213963945
0.0936725296299484 0.0791451097255731 -0.123860735553214 0.319836975511044
0.145462670521225 0.00790884593015025 0.07092281357123 0.236397767712029
0.159752800773189 -0.0714526551202331 0.0444176748916537 0.131234917289668
0.159560186097699 -0.144724823027995 -0.0648396655972695 0.174210011926775
0.165470547280919 -0.163918457088003 -0.0873813272267176 0.258193932010368
0.17996898607593 -0.139698808275369 -0.144884457203126 0.28303376601741
0.183543475776063 -0.0793038335826627 -0.237439609206247 0.241489165178293
0.143760045478967 -0.0216628505687963 -0.290971578901105 0.0900606924980053
0.221918115444928 -0.0505770615925307 -0.172451989807539 -0.00194685820174394
0.331208559196548 0.154550029948375 -0.112647719300329 -0.0082862224664267
0.200177436447754 0.40921008074279 0.116939186477097 0.0854302505351305
-0.0424399665228898 0.473991013238045 -0.262486085498754 0.25682419670279
0.102667108796014 0.390468679274478 -0.0569865699859028 0.794337544856913
0.176445209815823 0.26457745649278 0.254857140911552 0.16500716863223
0.20576331313793 0.0972104240534151 -0.159061837197854 0.0485542180102905
0.213230446165259 -0.00323410683536265 -0.0844737206118802 0.294781293251516
0.191418744142659 -0.0908656062187442 0.112793448770623 0.228730163610216
0.169296882247696 -0.151093832393531 0.108967246023748 0.0932052617280794
0.161523768974949 -0.211457898881079 -0.00831410880706335 0.0983273111142446
0.178817402774784 -0.228625669611496 -0.0426831643166482 0.16742657182405
0.208504609707096 -0.2337083794346 -0.104256012915296 0.197001462242659
0.266213895397288 -0.18927616606789 -0.191901898214385 0.17704009884617
0.31420384159943 -0.0688970189600751 -0.288428244661088 0.0490159192312042
0.375608483693159 0.0600814912862218 -0.199050677074935 -0.0591081495916572
0.369479673476044 0.287129154075985 -0.133777071285769 -0.08926644543974
0.215607359038989 0.458941035317747 0.0867985956476565 -0.0459454427938864
0.0826724878598325 0.446582172428608 -0.246067970949345 0.0832704694086359
0.17651453947154 0.372664582256042 0.0129491377825547 0.720925215709794
0.278045252213337 0.310808101425524 0.361010846013131 0.117023675493557
0.372661388803181 0.0699223948689547 -0.0504880343702475 0.008894489157598
0.314194000707872 -0.123972984784899 0.00375653630294855 0.226218796314505
0.206639634635247 -0.203700454727317 0.170482898933692 0.165308353396007
0.15055791963849 -0.218894980235244 0.1671612655453 0.0175654801953423
0.142256005103151 -0.245941784251192 0.0465082744546946 0.00594874249450086
0.170753128825056 -0.247847720328454 0.00578288314636808 0.0625819904096833
0.212363486845095 -0.269018839700658 -0.0602907635295828 0.0909845578142847
0.305659711040117 -0.241352489951862 -0.138969338684211 0.077202542149576
0.42573977609258 -0.0755804204696612 -0.24930716744984 -0.0291686656045857
0.45726153474243 0.188974944846837 -0.198261687902579 -0.134641404613733
0.331743104571978 0.397910431955208 -0.148958347723334 -0.206204895075702
0.175561351736641 0.447230239236885 0.0793519791693482 -0.221356867878419
0.184111281486278 0.342308574661429 -0.270438737121803 -0.0642344706992373
0.209105243006817 0.282140657227376 0.077999896342535 0.585390178472882
0.331163614581327 0.285356057316886 0.389608722451019 0.0194191460466101
0.464079169990285 0.00234921830123483 0.0433574814780901 -0.0322115618195763
0.342198400613319 -0.240511847049876 0.113435435817756 0.117290662098087
0.176512764299678 -0.286973295540659 0.230142148046184 0.0457454848393985
0.105101608379143 -0.252868973654679 0.207202346605367 -0.0897793544349836
0.10158396197704 -0.241807889944061 0.0936389483151145 -0.0905373630320651
0.136908694331748 -0.225989716658401 0.0524135855287587 -0.0334017567574655
0.178428503722039 -0.25033694932788 -0.0141118805474526 -0.00778015671178315
0.286601509667255 -0.230752970775471 -0.0724611025156375 -0.03151508491345
0.450539439815786 -0.0410540482525672 -0.160902036151932 -0.123411402313058
0.423196951447588 0.308457590620391 -0.143706193491721 -0.210913845177622
0.205468482790162 0.438854008589701 -0.127068275181574 -0.33377033319125
0.110478481251278 0.357247263762747 0.109565523265168 -0.403574223049869
0.205309629655353 0.178744276453284 -0.311447365309295 -0.16340459872866
0.146948354328588 0.177338559561087 0.113259700261161 0.411050732495814
0.297627375387892 0.247203913192487 0.333167287661338 -0.0766498484005446
0.452822895116591 -0.0561007021039049 0.110212070101207 -0.0544149380091431
0.284005412628833 -0.297073336536115 0.208518440622364 -0.00706068002403489
0.106655846110544 -0.301449359389809 0.267331906341491 -0.100521495379488
0.0424331168689242 -0.237210046287747 0.224527277068562 -0.204285728205735
0.0426889855696504 -0.201248777734834 0.125605804177452 -0.177051161711846
0.07822927690107 -0.175627709450614 0.0885949346556703 -0.105326742792317
0.111949425437615 -0.203561975260104 0.0220433177924881 -0.0806174243685582
0.216765417002753 -0.196170207144322 -0.00437364663532425 -0.121975579930528
0.394803611063823 0.000594903084650099 -0.0317067601508128 -0.192852022201239
0.292198749416799 0.369806738754937 -0.0404598688837775 -0.247505038434255
0.0399653014546588 0.369995417036729 -0.0608631613423761 -0.437591193481891
0.0607145006124446 0.194627016370036 0.175088624040167 -0.553991178190915
0.140538870210301 -0.00388092874628662 -0.332431736640051 -0.207004565215738
0.0199614342767373 0.0995617061028819 0.112829778354284 0.232202442132415
0.205322675258954 0.221484472341813 0.235502999863769 -0.11701404117515
0.358552418561796 -0.0808798913584697 0.165443379759482 -0.0537933501496594
0.168475801232184 -0.270922283198039 0.2724091037061 -0.118028068642907
0.0224134581196445 -0.237422590528852 0.271259073649202 -0.22952508212836
-0.021857686657496 -0.171395774767292 0.213745531713884 -0.298085851051805
-0.0231359971144503 -0.128680376572601 0.140175200538345 -0.238100072092665
0.00562527968419313 -0.112959319189808 0.100387006681549 -0.150292395384327
0.0326140886403777 -0.156550425545231 0.0349442271903548 -0.12810170240842
0.136839926420254 -0.171395891660323 0.0520279954378372 -0.18600251294072
0.306644267292438 0.0175930633624034 0.106554306236042 -0.213602084824022
0.131626905385952 0.341216517102476 0.0645865624581874 -0.22531577944934
-0.0869754906203141 0.200441125255833 0.0208663708991867 -0.504294247355267
0.059506172821748 -0.00768137858574804 0.254275873489706 -0.645017877663812
0.027961858237755 -0.168184554893041 -0.321143411304592 -0.204559756706269
-0.111548193597608 0.0409207106787863 0.0895413707315774 0.094361123211701
0.0894189433521903 0.184426835625607 0.158287704836021 -0.0974844194888761
0.211431067883908 -0.0715618409116293 0.223064347841233 -0.0471790375476281
0.0352078954216372 -0.179835953880526 0.300420722489077 -0.19625681764034
-0.0532042721364847 -0.120296372448558 0.248884638799665 -0.307726286551195
-0.0778543628666121 -0.0680214635095822 0.185474369337805 -0.345124043843324
-0.0858036703672027 -0.0364408852011034 0.133203614858055 -0.267002179694422
-0.0682999725622495 -0.0493061365943563 0.0835597791985556 -0.171798070712912
-0.0404559809051306 -0.120036787945229 0.0231242616419525 -0.166115483993585
0.0723486364865095 -0.156364462123169 0.0921700194513329 -0.236394036103878
0.218302996217854 0.00893673599631185 0.214816257721677 -0.193910890689075
0.00599162116097399 0.231580993905731 0.115648055046829 -0.170366966624828
-0.122185674107357 -0.0222949306008473 0.0739284690631175 -0.552797789612367
0.103080037636177 -0.202346534247613 0.313590828266977 -0.671083443553564
-0.107406617931985 0.318572620973873 -0.305833034809642 0.530701103273569
0.108182296494479 0.15973285419136 -0.0682541939470958 0.693572577372814
0.0394658937938007 -0.035803977170068 -0.00852837198498148 0.142239310021614
-0.0916845965633734 0.0218540760105682 -0.249224326613207 0.134774395089589
0.00598986202679309 0.114412204855518 -0.0931318905922623 0.294130692496326
0.08913803932637 0.0636275896180964 0.0498697715593998 0.191458278120225
0.118711229387439 -0.00497535633822057 -0.0085581029508497 0.134635684737602
0.12359544305403 -0.0622584333042571 -0.098536747245395 0.212725411947477
0.122982553880277 -0.0690179266908163 -0.109072964381607 0.300439400141529
0.123000491971346 -0.014874264705672 -0.16559602764405 0.318496475593157
0.0716641009186289 0.0537010216130284 -0.24917113346475 0.253523312930154
-0.0440212562194299 0.0326438259242521 -0.252211171310006 0.103245752785899
0.0417277912333728 -0.132601516652741 -0.136585107733872 0.0386191209051465
0.228073857399963 0.0211756485208373 -0.109221745957242 0.0263713419231381
0.131132174104214 0.296331716162196 0.147809587689947 0.14550286789932
-0.101301115020212 0.409826835379744 -0.279329652323888 0.41527054141105
0.0819572962668041 0.294681163722232 -0.0657750813780873 0.747923194527563
0.0908360802406818 0.120261197376188 0.106516126516373 0.144504270835186
0.0323809625872732 0.0626288645641808 -0.230921719873717 0.0939033248641404
0.090653141450754 0.0718101487310916 -0.103787027973105 0.306073778050789
0.137480207271135 0.00174697930678086 0.0747511796218727 0.2171259341238
0.147934423163545 -0.0756148898643671 0.045025346834426 0.120851692312583
0.143554027141475 -0.145006860145812 -0.0565045353251956 0.167159985554659
0.147948055653738 -0.164280875729801 -0.0738320218881117 0.246713268618139
0.164214835281781 -0.141903592374125 -0.127941823209708 0.271616483250564
0.170443855595947 -0.0818725162942364 -0.21504882934964 0.233973318500937
0.135628580002102 -0.0251131217585285 -0.27072986021867 0.0948003108795072
0.206310967981005 -0.0548133512075604 -0.159979889116451 0.00242512434270232
0.315393527954148 0.132774449118524 -0.105627008418659 -0.00216200628182874
0.202795695203395 0.38132927333508 0.112543684988389 0.0809356017631918
-0.0240381277392737 0.448143092579496 -0.239883291023067 0.257543751089532
0.110141141046402 0.362836237863804 -0.0258074056513146 0.753012809263737
0.174124485151707 0.243049525177704 0.240582198596773 0.144146256771153
0.196355620483002 0.0856813878052363 -0.15075142957804 0.0568574384918805
0.200450683421834 -0.0112621208117549 -0.067379326642199 0.281978450749473
0.176846392259048 -0.092697808846627 0.115238010270271 0.209844284840195
0.15327824221075 -0.149894041535818 0.104265407199996 0.0823032954531358
0.143119542949871 -0.207809397516661 -0.00704021481285205 0.0933931301385539
0.15921517278913 -0.224521836221865 -0.0350995082831984 0.158032283198006
0.188471642186067 -0.230720351251043 -0.0928003923297714 0.187502369379711
0.243219723115991 -0.188924369386256 -0.175970052797719 0.170978069242517
0.294081009043225 -0.0764001302700436 -0.270513822810691 0.0559474489870924
0.356097335902859 0.0432177983143929 -0.187459009834411 -0.0492242273338838
0.356425152663459 0.258431633948526 -0.127746116400686 -0.0765983744850233
0.217015330826173 0.427416978768643 0.0820619009551406 -0.0431865631536791
0.0939028901156762 0.421272441241139 -0.230037244807447 0.0915580583003589
0.177905915513157 0.345564014691987 0.0394006890298622 0.682647847715117
0.274229736147311 0.283419121530669 0.339431540012611 0.0961416492069693
0.352606540945989 0.0535922683334202 -0.0484016541767293 0.0154035127130819
0.290460288085177 -0.129567037559376 0.0128494267102009 0.215080134791689
0.186913432751069 -0.199185583055184 0.168009680656808 0.147849449286989
0.132705468870778 -0.212096925536922 0.155577126448713 0.00851780789184088
0.124056190614973 -0.238669119914189 0.0413369670358688 0.00268825879855546
0.151099052767727 -0.242690302077916 0.00635169649307867 0.0561891045547249
0.189063579916397 -0.263384853847803 -0.0546332845782063 0.0857105299669791
0.278531985319002 -0.237349429418011 -0.129279589623707 0.0736581142150694
0.399348534445413 -0.0858404942939246 -0.236572252470437 -0.0198013866224203
0.437583030031024 0.163032778359531 -0.188628614811571 -0.120182168967118
0.326264784247593 0.363588222965249 -0.145936163870155 -0.186088708828942
0.178434436302193 0.419600023857829 0.0688162589363991 -0.208818799951593
0.184349495080051 0.31841970790822 -0.25777162273117 -0.0490047578947748
0.206241692994088 0.26027831818029 0.0973760006005606 0.552968539555134
0.324210978887522 0.257116140403679 0.362901966321593 0.00250969394257721
0.437494638503855 -0.0164983330780789 0.0388845364640754 -0.0276728891011844
0.313413846748018 -0.241686913995332 0.110977268092189 0.108056151903281
0.154462468575979 -0.277485574629935 0.220015568731858 0.0333008091454689
0.0885164311449201 -0.242452990120816 0.190161710598971 -0.0942333007658512
0.0853506469106303 -0.231911594572588 0.081490805103666 -0.0904216490435748
0.120753125068202 -0.219676137096895 0.0476256148390779 -0.0364450998276595
0.158981346202019 -0.24309691966877 -0.0144945829246973 -0.00904444506305651
0.259531200469304 -0.226492868851896 -0.0705356664274928 -0.0320351945095312
0.421842100888423 -0.0550504232547043 -0.156658639509006 -0.111266629726729
0.411624969067384 0.276733539868154 -0.13949397047652 -0.19360287928629
0.210684429218063 0.407415344711346 -0.128281991022292 -0.307041911032252
0.112704233207396 0.33795521782552 0.0907834638377239 -0.384472877846539
0.198742916916422 0.164573318940001 -0.298514388280383 -0.142723698656332
0.144984933425229 0.163871980613347 0.124188777163944 0.383000423785269
0.291576812658277 0.222866569911291 0.306841202985902 -0.0841407151094467
0.426299914362726 -0.0719258821517836 0.102403794344534 -0.0517894261534823
0.256822400485003 -0.291787257248729 0.197036171151299 -0.013460615782642
0.0886626493302571 -0.287730725500127 0.250403228300156 -0.1057662929642
0.0312525039604698 -0.224910191158088 0.200786706413952 -0.204028215409132
0.0340400805999211 -0.190105250270092 0.109546710672057 -0.173063450897153
0.0686098976850054 -0.16859501091361 0.0780573447791206 -0.106361630903786
0.0986880767292527 -0.19515125357194 0.0181345994169423 -0.0787347963359231
0.194369957998868 -0.191849143226881 -0.00894548342781937 -0.117888307839487
0.369768268670623 -0.0138750233766195 -0.0368429198206975 -0.182628484970048
0.289105410952113 0.339986125194965 -0.043213697129211 -0.232058160348148
0.0520307387386291 0.349129082806824 -0.0682912729370328 -0.407568761844493
0.0609977713549495 0.18431245444807 0.147556040068541 -0.529877779791116
0.131182820566597 -0.00475236806663783 -0.321022268108374 -0.185372667183873
0.0230259725986989 0.095710927836835 0.115651585190426 0.213062438656714
0.204529199206768 0.200560357988395 0.21247788693149 -0.117742857492271
0.335615256933763 -0.0906867742603501 0.156371514977963 -0.0542723808076953
0.148270987947199 -0.262052760827626 0.253564825369986 -0.121432806511309
0.0120080249781725 -0.224731922079656 0.247594360714095 -0.228118476859122
-0.0277674897838984 -0.158926735702323 0.189499561494483 -0.29046994214459
-0.0257894848502946 -0.118451448354627 0.120789829383519 -0.232382584341966
0.00175369643916461 -0.10592481931456 0.0885362091486072 -0.148191447155618
0.0239554204218168 -0.147087400745288 0.0293918983559008 -0.123081341095826
0.119787664519905 -0.164346981627627 0.041471305832001 -0.18006580429928
0.28873331869077 0.00406343616145173 0.0927960958797459 -0.207863723837069
0.138284555548322 0.31760810997652 0.0575339058446256 -0.215780939184566
-0.0738783218778928 0.194383262473678 0.00732769349018455 -0.472575545905365
0.0519997130601861 -0.00644922067574953 0.217261693084592 -0.619582653470728
0.0194996261700208 -0.155814099210411 -0.310093394833254 -0.184909880194116
-0.102532250536431 0.0446427149398098 0.0875110528076891 0.0826811807594817
0.0936246727608806 0.169732320118911 0.141204965664505 -0.0952053448011816
0.196022769573429 -0.0776987365243855 0.211081017587948 -0.0515148321442367
0.0252060983579609 -0.169930084999659 0.277221871505476 -0.196239638876112
-0.0555511380087337 -0.111604296421832 0.224265747131035 -0.302023070673613
-0.0765087872312507 -0.0592592140466905 0.160747656066621 -0.334731322645594
-0.0807741113082072 -0.0285515602578529 0.114005422286189 -0.25867366302067
-0.0651346208331064 -0.0425152843269426 0.072624941640696 -0.167301685724759
-0.0430270526985735 -0.109984139435361 0.0177882876488224 -0.157060746984906
0.0601819437157907 -0.148915760670398 0.076766937847882 -0.226841723774737
0.205358973739001 -0.00109116340212475 0.19574242867009 -0.19307568980887
0.0171321944762245 0.218089025252294 0.108066762790108 -0.16528765715841
-0.114810609363347 -0.0135596376343873 0.0555506008202652 -0.521747817783098
0.0876972566346155 -0.193471438593591 0.274579736631552 -0.646744980844971
-0.10463708542178 0.302353694438154 -0.297315856265114 0.512766913740511
0.101181839709416 0.15025161050946 -0.0704619873386593 0.664430221856764
0.0362677249091242 -0.0342729239174932 -0.0140583247856813 0.134643957475006
-0.087883700168143 0.0225343415689303 -0.24248673907825 0.132627235034895
0.00562678617724748 0.109358881369258 -0.0886387933925151 0.280623430940772
0.0859865404667838 0.0607431033754539 0.0463520108524059 0.180151332215546
0.113394905006796 -0.00630657448126867 -0.00976954417033334 0.127791646983549
0.116715107377531 -0.0615714444951166 -0.0959066178774035 0.204907993647752
0.115854476220565 -0.0679409616121452 -0.106048046185595 0.288511322287805
0.118200010349439 -0.0164917110943471 -0.161168416694258 0.304222800389162
0.0702387896152234 0.0517070243601635 -0.240568627395926 0.241293385378119
-0.0417078975518458 0.032329475659031 -0.24253886548123 0.0964395485040013
0.0386877989093184 -0.126520091346512 -0.128934237638791 0.0333403133498702
0.21612179152095 0.0200760833167598 -0.104096963022943 0.0265461133535264
0.12387532344737 0.284164250150718 0.139919030680839 0.144532473603653
-0.0994850361348904 0.391967487363319 -0.272255724431645 0.401003802449287
0.0747015325532881 0.280275469725247 -0.0686661117479453 0.716942676894825
0.0841793309434258 0.115821387288962 0.0956588256871498 0.136751193463832
0.0307819363066028 0.0620700007453418 -0.224056593480001 0.0928165312167004
0.086400430634521 0.0689994110006045 -0.0989630758347462 0.292614521253611
0.13237042447261 0.00186752980199529 0.0712337180302541 0.206192643105641
0.14173965644674 -0.0732604234893721 0.0415618465625852 0.115777699899754
0.135765676802316 -0.140307802052996 -0.0559042457108335 0.161157178976285
0.141484093407221 -0.158890740167003 -0.0720102647280602 0.235255091788432
0.157970057117406 -0.138458454595456 -0.125669464945743 0.259331615359652
0.165187945875788 -0.0783431141478332 -0.20791409125013 0.22200688601371
0.130357405267337 -0.0228014792863343 -0.260140802209413 0.0892422629982025
0.19623442686775 -0.0513071455624763 -0.151509246949565 -0.00057799451110984
0.298748093437063 0.129494257322268 -0.0997705258183411 -0.000247776036504921
0.191140720388111 0.369585125624278 0.109044091144513 0.0823857575682719
-0.0260827397775433 0.429074799567991 -0.231656678453965 0.250701322050044
0.102519206378045 0.345832907302374 -0.0263064933844764 0.723351140310371
0.163643394812187 0.234195563001461 0.224699330004935 0.138098332699361
0.187226650606289 0.0835480310902299 -0.147821900000899 0.0582692359511692
0.192045971235369 -0.00966752054616849 -0.0653937288817419 0.27136964597646
0.169588478339914 -0.088077285949768 0.110435411127411 0.199955931965685
0.147509250628152 -0.143921963490149 0.0972042278675725 0.0783428933486646
0.135999583803455 -0.199846346844555 -0.00943464920810288 0.089817686040266
0.152398650430217 -0.218047377491877 -0.0349389874448194 0.149695125065871
0.180464503446185 -0.222337216182698 -0.0913656415007097 0.178434994350207
0.234476444556569 -0.180063321817241 -0.17053933469943 0.159356442048301
0.282892657607105 -0.071193613345289 -0.25945079606023 0.0511826587875869
0.340339691907323 0.0450386831877577 -0.177477783591153 -0.0491521346143826
0.339785122190594 0.249193428682855 -0.119932258425974 -0.0707319913893553
0.203941692637047 0.414666927869542 0.0812431521883485 -0.0378560826343999
0.0854743327984536 0.40383363260268 -0.220192865182181 0.0910399753485143
0.167296321526988 0.330930506936851 0.0365694698113731 0.655968191095721
0.259043018530271 0.273634976318168 0.320017447787713 0.0929186054104338
0.338251274284993 0.0535708273458411 -0.0485368282902354 0.019506287360397
0.278685623981581 -0.12313947904029 0.0115057983790133 0.207352444436883
0.179816208427451 -0.190312580012723 0.162148614809282 0.141636565312534
0.126662263706098 -0.203121251655543 0.147693145613784 0.00767291065794781
0.118703752030559 -0.228764234295432 0.036143984366437 0.00214555511352822
0.146156387570891 -0.234120140046607 0.00490919593639503 0.0513719821672055
0.181826311321597 -0.253640122686962 -0.054261708307922 0.0799161861763698
0.266888775027206 -0.225815067746254 -0.12520139141001 0.0654588222577314
0.382151619209963 -0.0805112146660823 -0.226328006446978 -0.0200159357680205
0.418858903526743 0.160635742314943 -0.177709434465247 -0.117118841527734
0.310666590457494 0.351842683426976 -0.135549945885718 -0.175334953248823
0.166575199000884 0.408006253808922 0.0698707850243068 -0.198522458594193
0.173844363430868 0.307743672521971 -0.246427376900155 -0.0460661773689835
0.194215192685759 0.251780050724518 0.0939248496835681 0.531504424478681
0.309951301767401 0.249891266636953 0.343229341014656 0.00354166910491016
0.418298136523669 -0.0141337218710904 0.0371223746688486 -0.0214956888731596
0.301412648213911 -0.230007675630696 0.106147198396816 0.105958798378488
0.1487397137679 -0.264572192491787 0.21217832436224 0.0317002620145225
0.0845790601799877 -0.232182422852547 0.180318603383715 -0.0899232598255164
0.0827048032368792 -0.221349545210053 0.0748947058571516 -0.0873298244741717
0.117236822408244 -0.211210673505715 0.0442179886492529 -0.0373683716297396
0.151824872810328 -0.232578882516356 -0.0144081884217105 -0.0113318474117057
0.247088598398767 -0.214320342608774 -0.0690232414348294 -0.0348597834934033
0.404529282311116 -0.0506645605021779 -0.148967677380808 -0.108219547314857
0.392677751945286 0.268787317710336 -0.129647105399083 -0.185692464224783
0.199148575077172 0.392431984907088 -0.116701542433255 -0.291115917975543
0.103794921260229 0.328575411567924 0.0911474070550756 -0.367152727173381
0.188258358825008 0.161256645806718 -0.285981248754613 -0.138173798132124
0.137319759183909 0.160832202461093 0.11974802183642 0.367771364606038
0.280083990454529 0.21537294631869 0.289037866068728 -0.0774890783688651
0.409557450219164 -0.06869199425334 0.0988701797573566 -0.0451420626473618
0.246440026600626 -0.279941984510871 0.189583566872098 -0.010348250270369
0.0848146883688328 -0.275005036980272 0.240443025480399 -0.102435635458399
0.0293917540689536 -0.214774731050175 0.190456673536049 -0.195887658359596
0.0325739565690258 -0.180990716692362 0.102321667153009 -0.166640049567239
0.0663279252858186 -0.161474270097977 0.0745429008203427 -0.104736665671675
0.093931340039415 -0.1860217832598 0.0174570869073477 -0.0770906210993935
0.184658064320653 -0.181022302572252 -0.0091258149083635 -0.116915957890124
0.354100842672745 -0.0123027229524436 -0.0337709177215753 -0.176343369197175
0.276148078841491 0.328311869199357 -0.036533416210367 -0.2234887142738
0.0484364316790975 0.336808464210273 -0.0582641980633465 -0.388136123840637
0.0532728690119853 0.181686701472914 0.147061353550929 -0.508295620873638
0.124921374291154 -6.0858983642215E-05 -0.306807602630412 -0.181739673185958
0.0215942416817877 0.0949190770123923 0.111183211927691 0.203524847301236
0.198256755041576 0.19328857224605 0.199604782628262 -0.110091522524757
0.321937646016251 -0.0882143729017678 0.152130670453048 -0.0488558675552648
0.141781690955725 -0.250729240808604 0.24442172313907 -0.115248018375015
0.0118025121288171 -0.215306409851179 0.240082597962533 -0.219695708025086
-0.0266865923932687 -0.151189093840767 0.180635315476146 -0.280257784025398
-0.0235492542565883 -0.112194050635439 0.114155134141064 -0.224498171774385
0.00298558891328632 -0.101009538660206 0.0851645030065646 -0.144174757013792
0.0233095335321149 -0.139471834283711 0.0293935559519764 -0.119105475981769
0.113007909483018 -0.155685339916921 0.0397873736936922 -0.173612847258248
0.27464267051931 0.00500470626581371 0.0899993787367857 -0.19936319601227
0.132205208088203 0.306541948980087 0.0596792135538494 -0.205778709638594
-0.0708227944683563 0.188121786460088 0.0130668765894433 -0.4489993113147
0.0461604108709336 -0.00352870786332394 0.213076153164561 -0.593912441181016
0.0185647212826786 -0.145209389895565 -0.296487793897602 -0.182123017394655
-0.0969063272473562 0.0449532511287206 0.082948120704237 0.0761236957789836
0.0917193699954954 0.162447317250871 0.13169509378718 -0.0885465762777406
0.186795523947898 -0.0753559687121627 0.203877366842687 -0.0469867915688737
0.0237986580908011 -0.161931401151888 0.267093645548567 -0.187030927185257
-0.0523593823484219 -0.106312435940296 0.216408475581609 -0.289543253189231
-0.0731477077485957 -0.0548299711083734 0.152846103807846 -0.321772422463624
-0.0755301987565308 -0.0252706191998724 0.108542239337915 -0.249208320883454
-0.0616388850050327 -0.0398077853915883 0.0696998343596571 -0.161641475974732
-0.0416846171747393 -0.103888782021526 0.0192109778307754 -0.149743102071871
0.0557350128356336 -0.141559816540025 0.0749456446539208 -0.2171041935806
0.19630638241304 -0.00125595170958684 0.188953068666101 -0.185715248201182
0.0177913979521112 0.209934264500265 0.108847621978209 -0.158844290878603
-0.108223580123313 -0.0118272705091101 0.0603800122197281 -0.497329241234711
0.0827116815411391 -0.18331155354055 0.267578708156883 -0.621799453698712
-0.144466291430429 0.277678007749991 -0.385062181378919 0.449300595877741
0.0723124075789667 0.156810013024372 -0.177085980795039 0.648141221295938
0.0383223136168281 -0.0288013064249504 -0.0380773026632464 0.132087726265592
-0.0890700208136306 0.00747836457581412 -0.253613326564866 0.0954275029365575
-0.0153415749957685 0.106445795915864 -0.126938389173773 0.257456910525933
0.074957273764832 0.0713464310137302 0.0128470485056793 0.183109764706875
0.114369448579914 0.0115000552321112 -0.0302211748339438 0.124186693384142
0.122071034411912 -0.0420556636233825 -0.12661218320573 0.186615474884691
0.123691243739939 -0.0461556893683654 -0.151494614307943 0.265148638157206
0.118453307197703 0.00417831942674366 -0.208561264103306 0.269314475756273
0.0616589342763423 0.0659609202080506 -0.277040884347781 0.195597549136436
-0.0450211060105343 0.029321159225883 -0.255677480118627 0.0531581451795681
0.0555391858804209 -0.114110017686914 -0.132948858486473 0.00788648641656395
0.203624652907057 0.0564355059562925 -0.108527346287674 0.0043562086317828
0.0733953797068705 0.296615349709396 0.113825047526701 0.168156937381245
-0.153345012468415 0.365557263211098 -0.347963017672765 0.340213783898576
0.0250289557426158 0.280267137560313 -0.187883418236564 0.696683462693731
0.0615861598468026 0.125494737089141 0.0604111085494475 0.146842489987254
0.0189047029505348 0.0650329800017324 -0.237339078582396 0.0619611653181622
0.06896633773561 0.0816499686670077 -0.142710786152872 0.271042138403118
0.12947496398459 0.0217172478570433 0.0343112266220146 0.215870741989221
0.152683487355771 -0.0507388394127534 0.0201928527319396 0.120172843438164
0.155074429637041 -0.116712398749479 -0.0815814638227537 0.149088944825139
0.163420611836834 -0.131671041880817 -0.110338957563632 0.217751199881922
0.176218664380919 -0.109104936321868 -0.169719748838693 0.230365172939913
0.174101941472871 -0.0447241156004184 -0.244956261515667 0.17921392324778
0.132661534589755 0.00450868341013314 -0.274115974802692 0.0423808023431513
0.195527683661346 -0.0138199168750253 -0.148687044705229 -0.0311236128024912
0.26576274708684 0.177346668660809 -0.0974948145717828 -0.0230699695320436
0.121840045811326 0.391927574030591 0.0966263512084294 0.0998889526741247
-0.087177183933227 0.414498887863658 -0.291753475613896 0.200158822218888
0.0400482140583655 0.351863018956235 -0.149047097352784 0.707382228194864
0.119469879822673 0.2536556562928 0.179344002549009 0.167402348320852
0.166543471606628 0.112210895068749 -0.163969343366791 0.0418485556514804
0.184068351744691 0.0245788084958645 -0.110566033340077 0.261147489203964
0.179708522054248 -0.0589679908832178 0.0752970149705886 0.221594974653595
0.169555490323643 -0.118416753001255 0.0804756071861228 0.0924731681881054
0.165309650487308 -0.17349282526204 -0.025295073942795 0.0862368920887329
0.18396200810015 -0.186825298787936 -0.0605167732396033 0.138638014861448
0.211750264354065 -0.187459589271517 -0.124451855750976 0.155153195384047
0.256598116677954 -0.132201361035049 -0.19999690685017 0.122479040586745
0.287256151135258 -0.0162991016648827 -0.26948217935776 0.00592162688241195
0.319105392104516 0.102759529331994 -0.164081504128711 -0.0856301733661899
0.285527220040969 0.302053897325279 -0.101731786094981 -0.0975636571304305
0.123155821762915 0.440581781174552 0.0919849719091559 -0.0263335603390874
0.0250710696771936 0.406854389055329 -0.260949708045497 0.0512847660842052
0.10640057844333 0.349816334350462 -0.0771695426047566 0.653982377340098
0.207956254510995 0.308121674631253 0.274116074443502 0.13974991690927
0.318103342552471 0.108748583514103 -0.0670925515531652 0.0224491834084621
0.287753245466455 -0.0699068386997635 -0.0279811021762413 0.216499649675862
0.204627626708973 -0.157344281512213 0.137789826717888 0.176232293826933
0.159422802533624 -0.180065928732936 0.139353267815706 0.0308336349465278
0.153385793760585 -0.204668796391297 0.0334611977892956 0.00740877041994447
0.180446736740915 -0.204612256973944 -0.00615022884716753 0.0480626083480843
0.217217055185931 -0.216925291486108 -0.0721029255221978 0.0644369390834045
0.294005094650599 -0.171091825801764 -0.14093357290433 0.0363012182579935
0.385114545254241 -0.00925496415813707 -0.226034146706879 -0.0615467236871089
0.374551934022263 0.225764538380937 -0.151155253934958 -0.153477577932498
0.237677943683836 0.395570633187158 -0.0946144790715114 -0.203228111780179
0.0861077759895576 0.427851083844933 0.109298341617872 -0.18894972833047
0.125494023645763 0.326387755332943 -0.263413541989998 -0.0787519720426169
0.146143439163322 0.277635525968959 0.000281221295936508 0.541329542450997
0.261050679244791 0.29359359930631 0.309821042918967 0.059921112808252
0.408938632647871 0.0574901133229658 0.0210431382145179 -0.000967747364075029
0.329555799311709 -0.170300054555959 0.0797214310112225 0.135732889136036
0.186538049468129 -0.234637482188138 0.207355195988533 0.076872307434536
0.12185610397677 -0.2146999981944 0.186298647194547 -0.0609432644574414
0.11862401708775 -0.203587841599084 0.0858139454181124 -0.0743071786504927
0.148809077089921 -0.187302441369994 0.0473694947961146 -0.0337135707500194
0.18344411263281 -0.20189994911219 -0.0171646856831058 -0.018535294236589
0.271994844594841 -0.165012809557281 -0.0679946118740469 -0.0527536890554563
0.398795636087253 0.0220769465861139 -0.13454008338626 -0.135962733689941
0.332982063652743 0.325852643868268 -0.0899115352851465 -0.212979410889603
0.122191262444354 0.415202025058844 -0.0532839027953245 -0.312170562618697
0.0353351732299549 0.339531603780266 0.161135493496319 -0.35281578882844
0.160643317700203 0.18653753096085 -0.280367404666421 -0.169761696986254
0.105838787624309 0.181528423211545 0.0551170452440107 0.382378804738255
0.239128579078938 0.255861118641167 0.270934978891357 -0.0282675423923731
0.408157130406765 0.00190693550713073 0.0871262056274466 -0.0137283083122325
0.285427472806278 -0.227331526649524 0.181164329263257 0.0346017138250837
0.126265780116435 -0.255072753551898 0.258533753824879 -0.0530212077316828
0.0633800127803706 -0.207491103265578 0.212014198445287 -0.162158175346331
0.0625632602364433 -0.17212217659294 0.124725009487917 -0.147480656231317
0.0914728011153578 -0.147496039579705 0.088487708164367 -0.0942438893402997
0.11929351329833 -0.164531601410807 0.0261136561409627 -0.0767393084768314
0.204034570992957 -0.142207204428128 0.00554539532387894 -0.121385530557181
0.342842357448403 0.0488505064485423 -0.00880204784721536 -0.183888501683724
0.211846505222533 0.364073182843484 0.0100968524506196 -0.231980826748198
-0.0153538793671327 0.336067418510899 0.0215502379848759 -0.391513392822994
0.0100690218264858 0.18638326374425 0.237887596984028 -0.48281696665276
0.12249501808634 0.0207248849943439 -0.281455549198022 -0.216341684737598
0.00496775412207991 0.098789687945134 0.0764899836975409 0.212578496544289
0.165426192872972 0.220614893834777 0.191445307415911 -0.0750548482318442
0.326436578439096 -0.0316421740015778 0.145107413315716 -0.0129321917931491
0.180781731255946 -0.216389954221596 0.254679223082942 -0.0626691276275038
0.0439575429582827 -0.207227161435383 0.277154681621956 -0.173300499990313
-0.00222512560563471 -0.153885349817092 0.214589743637268 -0.24875382871693
-0.00303901180531567 -0.113509201991608 0.146261700828001 -0.20296884943855
0.01956734040275 -0.0982782176197661 0.10539425069181 -0.130719439890101
0.0436103635564838 -0.131604790838901 0.0468690686371445 -0.113848435278458
0.130640759156991 -0.13135972752193 0.0644540882092215 -0.166714017930139
0.262443433322793 0.0484998975212158 0.118873753162634 -0.185855603947693
0.0772348071599281 0.315888878366165 0.102257816153802 -0.195843944726359
-0.105751853161919 0.17041506366774 0.100245335765265 -0.435136994941634
0.0344009633355984 0.00204537992472236 0.31877997246304 -0.557108256518529
0.039371535784325 -0.135949079150297 -0.258050081313786 -0.218586056679251
-0.101685844044434 0.0307859920916849 0.0705869103610294 0.0780093946567406
0.0661525028453105 0.17322740409915 0.127057872252699 -0.0668853277664871
0.192781517317326 -0.0422200631444768 0.20173747334399 -0.00811390923900784
0.0519771486160225 -0.150516738589202 0.291488523516567 -0.136706922040544
-0.0369475017899918 -0.111227558183572 0.263786311395544 -0.251706899854463
-0.0644411081111402 -0.0660626761387057 0.196050064908218 -0.296390156970784
-0.0684683560779876 -0.0368645385278111 0.14506116540881 -0.228919290721626
-0.0531214200220876 -0.0492485189576238 0.094709004820432 -0.148564892655341
-0.0249186292676252 -0.107477841554763 0.0429149571918419 -0.143356544175221
0.0739522864399686 -0.129153828099607 0.106638203178089 -0.20130386976516
0.188358198346894 0.0273509449624552 0.216271144132866 -0.155366820952746
-0.0159329199553237 0.203996557587916 0.141086634457058 -0.137276398512488
-0.107959617993583 -0.0307308941696173 0.149413543945164 -0.471466625660227
0.100778305052537 -0.167615184089534 0.375170851240801 -0.571658493645874
-0.15043008934856 0.281221690782263 -0.399470029024788 0.463539467587763
0.0712400065293897 0.156930876538637 -0.186825211680295 0.661253169212468
0.0382716496508723 -0.0303358519960086 -0.0444129501728958 0.133835286484623
-0.0914827980114358 0.00847838692931346 -0.263879599927315 0.0992203194732033
-0.0162798315673692 0.109225019053703 -0.130049824729693 0.263420000154497
0.0774189284505473 0.0725857091248401 0.0118245201948755 0.184952064798271
0.116224631941445 0.00947815544795234 -0.0328019524579377 0.126259038642806
0.122753904611566 -0.0446918256981035 -0.13182676565734 0.191833871713584
0.125171018090365 -0.0496044216517179 -0.157099997080936 0.270955860550162
0.12193368206575 0.00189131417948141 -0.217338773421582 0.275734443418184
0.0652025022827945 0.0674583556258582 -0.285711250040445 0.198340952991618
-0.0458983437328655 0.0315373316935344 -0.262414480208072 0.0522154328975818
0.0548399201843382 -0.116119246472438 -0.13450000488308 0.00366430350958916
0.205970544141437 0.0585032741459263 -0.110862433297523 0.00691792558660857
0.0729943667014245 0.303503070911372 0.11579144306577 0.177189073531913
-0.160478200495806 0.372782065366646 -0.360644172122612 0.350049860056723
0.0221890225450405 0.28400899147978 -0.198023620387022 0.712930243146998
0.0598791713237141 0.128034321915278 0.0561732553411609 0.150231379177889
0.017627748639297 0.0674446239886985 -0.245431562401146 0.0664137557435959
0.0697345002601098 0.0846262041767306 -0.146448306102226 0.277929313361437
0.132924124927979 0.0219505162444063 0.0345885041712336 0.219900102417683
0.156880431368154 -0.0521114378094249 0.0197982791135152 0.122671613927056
0.157456571637811 -0.119947959364753 -0.0859804637307318 0.154705363109836
0.167090685954028 -0.137185148440365 -0.115126106047269 0.222058472095103
0.181185939976111 -0.114595084799496 -0.177054209310628 0.235285962680387
0.180199919395795 -0.0456178922722218 -0.254099103883524 0.180246410970846
0.136203518793205 0.0066790029906232 -0.281031306386139 0.0410839652539708
0.199116270880628 -0.0113311853913753 -0.149651254942877 -0.0351069093426172
0.270376668952293 0.184204070142558 -0.0981427207948929 -0.0206112833308649
0.12181361480855 0.405059067452258 0.101066606026512 0.106788241155448
-0.094977503238336 0.423386594479874 -0.301779036756012 0.208033246812955
0.0359540634347885 0.358792534349236 -0.157162250747517 0.725155918790384
0.118439513838338 0.260989253739476 0.177551826184483 0.170674732784453
0.169055942379894 0.116856062400617 -0.170844857135247 0.046507371492318
0.187257592799921 0.0263026459695675 -0.11381534861717 0.268940490662427
0.183538194070633 -0.0599704098275452 0.0769351169828108 0.226118684955394
0.173575297147037 -0.122090059079796 0.0813448310686097 0.0941782385455435
0.16926433986177 -0.1781755663485 -0.0282744858946236 0.0889874129938204
0.18940732783064 -0.194086463080115 -0.0648461983648092 0.141157428296349
0.216564039764083 -0.194345076418794 -0.13030490265834 0.157582055757685
0.264898492254923 -0.135002745796844 -0.208944056234402 0.121283014374739
0.295977951223388 -0.0148660546161492 -0.275383460381474 0.00273159375362461
0.325605724545121 0.108212276796381 -0.164644948384332 -0.0904996493030694
0.290279790392137 0.313740765648491 -0.0999441216228403 -0.0973924042915062
0.122703121801465 0.456729176837229 0.0973476190275302 -0.0242195770603917
0.0226447277522041 0.417407725668734 -0.268135084508727 0.0549305339458245
0.104535550423987 0.360041238622707 -0.0819016582316722 0.672247171717458
0.20928164925392 0.317864254900743 0.275163199143674 0.143503558039088
0.324127763320595 0.113032346728275 -0.0706127347849107 0.0275715846361894
0.294543698556613 -0.0705705424440706 -0.0290586689281624 0.224044117446873
0.209977644258605 -0.159996693897416 0.142501100401471 0.180841711340053
0.163301848979353 -0.184274912719538 0.142086051391751 0.0316793612281405
0.157902222428034 -0.209673543887527 0.0312543882568577 0.00787168150122936
0.186088350157217 -0.211805149089554 -0.00781415222879325 0.0470943720028281
0.22216558144242 -0.223733404156125 -0.0751311778066443 0.0638976749056385
0.301868863109538 -0.173935729974179 -0.147551542803859 0.0338976700719128
0.395488371363928 -0.0073979852792587 -0.231240071507939 -0.0657804313045742
0.383837522150133 0.235655178962399 -0.15049084166923 -0.15860822598898
0.240195312062243 0.409294906843721 -0.0913030471905164 -0.205123926616846
0.0829326121188971 0.445553003077317 0.117747097990585 -0.192036169719357
0.125616660463152 0.337085469663305 -0.269610701625783 -0.0806096035260776
0.146441378144805 0.28802771511083 -0.00100715351585753 0.555025006848581
0.264741469148067 0.304265872382722 0.311758258645295 0.0617425581751626
0.419399982481109 0.0591917554604419 0.0203785123581619 0.00432214718802116
0.337377259264058 -0.174412670112586 0.0811038668773232 0.142756375398717
0.191296760898055 -0.239902251532174 0.21346972574735 0.0795705018992684
0.124679789249084 -0.219695317063934 0.190000501879401 -0.0619173364522291
0.122513519915051 -0.208873935554236 0.0848419031104969 -0.0764507084128882
0.153391195893402 -0.192716975706777 0.0474435498762885 -0.0365228476528242
0.188680843600266 -0.205918291502064 -0.018005224730193 -0.0207732950686127
0.277731276475012 -0.166020011681839 -0.0717804806697153 -0.057181633047671
0.409093680249355 0.0238741073773957 -0.135863228894684 -0.14174664619232
0.339349779123501 0.339130598519416 -0.0862587135871042 -0.219044630044743
0.122845133420838 0.428616261300197 -0.0463442502560473 -0.316128740391103
0.0309653124983373 0.353285221517265 0.17008768387773 -0.361919761651809
0.161950736873262 0.194851599036981 -0.286244716438511 -0.175877891827702
0.106258452206674 0.189753529103127 0.0568598526364091 0.391762678944356
0.246056056319053 0.265675206841378 0.272720477290814 -0.0263216192594612
0.419875076890784 0.00202019305145846 0.0901858131843936 -0.00978746015038129
0.292913188317705 -0.232695808592704 0.186489104951323 0.0390157303670523
0.129540481248342 -0.260950202214767 0.265886909062365 -0.0532212706443999
0.0658001944602885 -0.211847244909158 0.216060320294628 -0.167722069818071
0.0655325196252573 -0.174557590711875 0.125658080553686 -0.151987366512768
0.0946012501858781 -0.15071273721551 0.0898797565977408 -0.0976361462434757
0.121755114931737 -0.168079944576655 0.0270408427835311 -0.0800901463882392
0.207745566665617 -0.142936074177372 0.00517053751494717 -0.127356460888185
0.348919571148227 0.0504144216668327 -0.00683089146213474 -0.189181394518736
0.214874951605515 0.374954287981465 0.0161665629029301 -0.236923407535553
-0.0183150110574161 0.346231018484596 0.0311340354023573 -0.398810612551954
0.00471560337354788 0.194647105147006 0.249950084399175 -0.492739834965132
0.12455621695027 0.0253635443279368 -0.288133736890394 -0.224044575821661
0.00462556483032713 0.105154146853268 0.0770423027887509 0.216972652780394
0.169970331222127 0.228010269688261 0.192077978649459 -0.0733825633751739
0.336603530583414 -0.0326165184360905 0.149864170348192 -0.00891535376451849
0.18560280754074 -0.222123408725043 0.262439493019643 -0.0620085295364778
0.0457325691254043 -0.212430742460691 0.284707324258622 -0.177071837523919
-0.00224755363495164 -0.156453976504743 0.21931679152836 -0.254686976312856
-0.0015685620670566 -0.114674835868083 0.148559230570289 -0.208194186540825
0.0215663296699279 -0.100500287594251 0.107830328062934 -0.135032572114597
0.0441377583478701 -0.132764375520523 0.0496695833901444 -0.117799083689489
0.132051920523081 -0.132775310997887 0.0661929409597938 -0.172223944755335
0.268251421446106 0.0497491767873871 0.124769349691618 -0.191499573318666
0.0793971024498999 0.326365989720611 0.110108015004682 -0.198778179404334
-0.110211101239408 0.175405961852326 0.112966135500479 -0.442182592804762
0.0311874034704111 0.00622986534125655 0.333340624572645 -0.568568948108219
0.041160015678333 -0.1358450674434 -0.264416936154457 -0.228739142090657
-0.103220282472543 0.0337524786995408 0.0696076775247339 0.0770415214237972
0.0697997629610932 0.177584251554629 0.12610320494943 -0.0650575629601515
0.196974682494954 -0.0438365714972127 0.208932682728002 -0.0058145142473379
0.053313560250097 -0.153861592259042 0.300484978067903 -0.137306396089782
-0.0379276608356198 -0.114242118697331 0.27158678219964 -0.257330448401405
-0.065954435765147 -0.066558231415905 0.201003925080705 -0.303044941033263
-0.0682288448584299 -0.035680319921684 0.148139057481501 -0.235855657782359
-0.0534562454249246 -0.0494064775357102 0.0982226916738706 -0.152920995160129
-0.0254231630948252 -0.108217043994249 0.0459868435941798 -0.14782732162475
0.0738203040001056 -0.13155375639404 0.110220405640856 -0.205164630753856
0.192392002982617 0.027764865032211 0.223600136749211 -0.159965675169606
-0.0146486469826509 0.210308438255933 0.149677576574545 -0.139463437581641
-0.109876987899145 -0.0301763753066581 0.161602875362291 -0.479851519076161
0.100514357917208 -0.17003139472968 0.389719067770182 -0.586318309083352
-0.14744201327811 0.293531567426941 -0.39877574576263 0.493884347711035
0.076052009300774 0.156972545849431 -0.17182547821222 0.686783542637442
0.0356450704195877 -0.033947969962259 -0.0465347364781538 0.137974753638438
-0.094260689283363 0.0124887736254529 -0.270954130763354 0.115360946103168
-0.0127840816103683 0.113545166890163 -0.123431626589999 0.275997543620868
0.0833207439734883 0.0709276662049035 0.0178328230411533 0.188543701060537
0.120269457506136 0.00388937685875333 -0.0298727133016682 0.131376069038507
0.122746065419501 -0.0520808914054248 -0.130888324510739 0.205363899814751
0.125356931115959 -0.0579377603950882 -0.153588147950283 0.285935842568809
0.125338705178682 -0.00483002575559252 -0.217449866436785 0.291646771588275
0.0713998498971497 0.0672578057313125 -0.2898543774344 0.213438487193286
-0.0459384610408087 0.0360533804083791 -0.269998965930396 0.0611577025099959
0.0508033938043423 -0.120971026162513 -0.137500299611238 0.00459099457181357
0.212483061273232 0.0538712906314011 -0.11318907645481 0.0139753603040494
0.0844839202235096 0.310201847335238 0.126767468421427 0.182431681522719
-0.155859602654666 0.388451561348739 -0.361700664449104 0.376665199081718
0.0285870066005359 0.289606703523609 -0.1804659910582 0.741343527192809
0.0626561439303935 0.129595195049569 0.0563158153776823 0.151342060319754
0.019695551786036 0.0703388091777024 -0.253688785606317 0.0791874024727497
0.0742717550092631 0.0857693305606482 -0.139973621388567 0.292763159143228
0.138035155306525 0.0182497981301529 0.0430091436703026 0.224197015379428
0.159117717491487 -0.0605623709642293 0.0235435522809411 0.125222111339843
0.156773499824594 -0.130566307849799 -0.0852428830467208 0.164340541061231
0.166169543549029 -0.150138847514431 -0.111682302512679 0.232630998031827
0.182124857996849 -0.127237976868948 -0.17647971389188 0.248965472778512
0.186487998750112 -0.0543206607017367 -0.258293163976359 0.192981488232035
0.141905521599103 0.00323694752364056 -0.289420160119158 0.0508768920192148
0.20395653742861 -0.0172417992885308 -0.153407152944991 -0.033941304749817
0.283313138008332 0.183120856807087 -0.0996420795553242 -0.0148381511931116
0.136964925003796 0.414988820187985 0.110746282034541 0.108822788582219
-0.0866408288476528 0.438731612913769 -0.304739523753578 0.227402236310501
0.0463953058001343 0.368452615845052 -0.139484959462038 0.754267559681628
0.127512934546968 0.266106250244745 0.181907556695131 0.169437406648239
0.176765679589625 0.115620444315032 -0.17681902813878 0.0576294756495725
0.193202458416408 0.0213523379367091 -0.107284268696125 0.284071949649861
0.187899584789227 -0.0681787717788988 0.0885941662669096 0.229018352925651
0.174849216802823 -0.132752061434692 0.0865693338004897 0.0933155141089241
0.168161689483519 -0.19083773805179 -0.0286743394538862 0.0945392215999821
0.188123266490747 -0.210129003169022 -0.0626594752067347 0.146461349514617
0.216440023389134 -0.21175598264955 -0.130314321212221 0.167363646939778
0.270070759571106 -0.148239519374245 -0.214174371211331 0.129392349171814
0.305517103069819 -0.0243966275717474 -0.284354434812621 0.0103432337928968
0.339380602746095 0.104153406800938 -0.169300953756927 -0.0892402887559697
0.308791998770391 0.316428786496799 -0.101826421420889 -0.0940052608673712
0.138534710871131 0.471252140174528 0.10432106751756 -0.0275467379291968
0.0318019783016752 0.430072314122948 -0.274062886445289 0.0681275420673446
0.116033193648256 0.368875150968814 -0.0606953526336876 0.69682786766502
0.223779060877936 0.323789970154571 0.282287517920872 0.138417092140257
0.338392514351075 0.105768613384505 -0.0742823546959844 0.0351790239701352
0.300924020352912 -0.0829758534165654 -0.0223264821166604 0.235866193999074
0.210854055004156 -0.171559621157438 0.154037888223864 0.181278536077758
0.161992690534777 -0.195467314841143 0.146831347951029 0.0269360341442165
0.155102264240749 -0.221636681687729 0.0295400787742028 0.00833765963947337
0.184645752808856 -0.227490954637704 -0.00808025702763586 0.0469221639774926
0.221275365485992 -0.239459414381996 -0.0771066838008974 0.0673483392914342
0.305845129128762 -0.188806557432498 -0.154660278504779 0.0361657527350392
0.406984023606144 -0.0204401145539072 -0.239615741865219 -0.0617686607529346
0.404132593533019 0.233983643010616 -0.155799006041658 -0.159095536810152
0.261166038663542 0.416683892409679 -0.09439793986146 -0.206001580822899
0.0987371224156391 0.461814584628722 0.119792529206606 -0.202814927007822
0.13589930279655 0.344853934071659 -0.280097594772911 -0.0720587180491561
0.159142356579609 0.295505021913057 0.0200720707738886 0.572271181512492
0.283676120445178 0.307665494998433 0.317532832238245 0.053864650442716
0.434403882739239 0.047273406829495 0.0208886194467299 0.00889705745395628
0.342244435984162 -0.191490842405117 0.0905513417778762 0.148051666148886
0.188538386326249 -0.25314779600828 0.225214409390097 0.0745724747374591
0.121013340130894 -0.22993801722885 0.193005680590336 -0.070626855932207
0.11977321812736 -0.218006969817462 0.0819404848863206 -0.0817015036482176
0.152044648735323 -0.205269978399385 0.0463031459748053 -0.041564746595479
0.186044212898095 -0.219189437767128 -0.0200148624240265 -0.022658367665263
0.28032434450059 -0.179157857133891 -0.0791508661063199 -0.0599390210126041
0.421212198747265 0.0110634862321588 -0.143444133794153 -0.14389409582376
0.361276863931405 0.342245423360169 -0.0913946431055019 -0.223461713740093
0.139183786160213 0.441337231936313 -0.0500309235610653 -0.321799866903651
0.0397689286510098 0.368941367624121 0.168286417936673 -0.380408318292035
0.17066160082393 0.197964317895793 -0.300939591428483 -0.172354563611425
0.11542139259002 0.196382494036729 0.071626187937213 0.400852583337605
0.264327868036277 0.267227436104343 0.274693503807991 -0.0353505643420048
0.433429076090574 -0.0142386489766947 0.0930926614087085 -0.00844902567589399
0.294602237075819 -0.250572257555312 0.196838521376439 0.0372519712999458
0.124380498034086 -0.273370973050566 0.274027271125952 -0.0636602335098951
0.0610476662939638 -0.219473059220756 0.217515820277525 -0.17993272877751
0.063108142262809 -0.18207103923915 0.122824806922933 -0.161404608806936
0.0930012984222416 -0.159598054728695 0.0878749515332712 -0.105420985674449
0.11925275131496 -0.176642948137309 0.0249914035854145 -0.0862295983708855
0.207863950050391 -0.152738783685415 -0.000308274307526759 -0.134129575586111
0.360556535693974 0.039979001501415 -0.0106217963789026 -0.1961468013227
0.234296638563535 0.382063157832269 0.0136075607604539 -0.244370391735084
-0.00827457499054426 0.359594668274149 0.0282532616336216 -0.409139547607873
0.00793245298052283 0.206321380557192 0.245133881833697 -0.521304385198437
0.12802458110372 0.0252942858271101 -0.305052035348584 -0.223681383963204
0.00954648684936795 0.112257634927239 0.0850739352613666 0.218470638240276
0.185783165319632 0.231318085211953 0.190574120197228 -0.080717086253878
0.345484663606806 -0.0465648796157503 0.155749400315094 -0.0104516378246493
0.183838572184577 -0.236276636975366 0.272812052739068 -0.0699902745003853
0.0390434615725414 -0.220169418398779 0.288384552487824 -0.192139015277193
-0.00765887332065206 -0.160415641044746 0.216201689094382 -0.271199194104849
-0.00384517791922458 -0.116933305711677 0.14511710793801 -0.22130986192211
0.0197739820348921 -0.103856413132193 0.106077012976317 -0.145045923004763
0.0409091540750347 -0.137606455392008 0.0473792854771228 -0.124967470856143
0.129409628609778 -0.139453766022529 0.0628792477385308 -0.180751075788626
0.277125063280192 0.0407379786795982 0.123614590566627 -0.20317948587293
0.0940804503513293 0.335203581823543 0.111725264361085 -0.207934697690607
-0.107848716500949 0.186640306384689 0.110759452420703 -0.458097572063329
0.0283108893546302 0.00912277628856871 0.327305434397227 -0.600808380282293
0.03821465985423 -0.138520803145103 -0.280661201061819 -0.229649278802733
-0.103535997668271 0.0409485305980399 0.0719348165366608 0.0736132844048235
0.0804023474719876 0.181257426518059 0.123798627558915 -0.0682231092728576
0.201446262574884 -0.0534798479985809 0.217095467381534 -0.0100071944320162
0.0497070818362653 -0.160630218277698 0.307997038840234 -0.150013788456861
-0.0433431081874096 -0.115900819226167 0.272649459526009 -0.275123440990786
-0.0705968025379927 -0.064808438585494 0.195649819282388 -0.320311752356726
-0.0697352965923065 -0.0334232949947564 0.144090349543005 -0.250786562927007
-0.0552112673528936 -0.0478884268123154 0.0957839158455995 -0.162979795152555
-0.0308311177361963 -0.109605936889797 0.0426170112032668 -0.155385967807506
0.0703550738517147 -0.136967384976018 0.107258347147356 -0.216515853034486
0.198645975180973 0.02045804301378 0.226167514879879 -0.173638855504165
-0.00542412925627358 0.217722826559426 0.154286841581914 -0.147975828352449
-0.113187571058653 -0.0264401165476383 0.159113851179778 -0.497115618888305
0.09490869426323 -0.175800828809474 0.385158760656219 -0.619566658753842
-0.132870031854066 0.301867709038474 -0.375909063941562 0.522575535170808
0.0823270552482709 0.150924315014646 -0.135266736873782 0.698335669927071
0.0309426913980555 -0.036398344074621 -0.0433658696065272 0.141437898652569
-0.0939963047268193 0.0193728263712356 -0.268081436805633 0.134452679704616
-0.00619566146219872 0.115246648328988 -0.10685930209407 0.283967357757546
0.0879090972362773 0.0650101208729027 0.0280084981939479 0.186572982278246
0.1204921961665 -0.00561968315065145 -0.0228082524851298 0.133427216950208
0.117424579399253 -0.0598953623998374 -0.120172455872408 0.21629804767504
0.120252547847121 -0.0676619544702727 -0.137176285734992 0.296421652437777
0.125568349379662 -0.0149902931180302 -0.201702734137849 0.307695030965166
0.0777259714994192 0.0621422853378825 -0.280722462743319 0.231931041884006
-0.0436962386353692 0.0405029642947946 -0.268608896971155 0.0765421863749497
0.041925384848105 -0.123340372792193 -0.137160114686411 0.00830138731394815
0.214794662993889 0.0422679083484284 -0.110995545502942 0.0237414156378293
0.103022094681846 0.306067275093187 0.139933348797227 0.180069495000197
-0.136534917021248 0.39719993314354 -0.344240740334815 0.40287249855732
0.0414132013246985 0.288295981609346 -0.140795834944071 0.756964849411736
0.0662463626224596 0.127057225805819 0.0605170356169 0.148368970177907
0.0225015409500606 0.0701610125031015 -0.25252892281434 0.0980363238664555
0.079041550913401 0.0828563950399626 -0.122664139032231 0.30330720038651
0.139502850165485 0.0096904879424638 0.0559013059167404 0.220615775050429
0.15605350710692 -0.0713651382215819 0.0308700073661428 0.122899385182835
0.148290845035137 -0.14130145822078 -0.0766096683448696 0.172310480037852
0.156866791303067 -0.164247468490588 -0.0999423791473048 0.240673253304132
0.175275325660462 -0.141706079319645 -0.164484699160757 0.260845503110212
0.186099325563034 -0.0665688149227871 -0.25251378033261 0.209161768659145
0.143869445711984 -0.00413207564121664 -0.288161927292009 0.0664639588784702
0.203575988973711 -0.0268435118230077 -0.153780019354355 -0.0286501440975902
0.294033280719071 0.169454935045679 -0.0972761777429391 -0.00576146096698472
0.161581893227647 0.411865938780049 0.120605325968599 0.10433429913788
-0.0652169116575597 0.447064909002049 -0.293584233758106 0.250058588692637
0.0638258401311075 0.367777357058932 -0.096256994526799 0.766393281577091
0.139820166296469 0.261479458471126 0.186536918881325 0.159803825516346
0.183156467808083 0.106658759117584 -0.17675150169533 0.0725344307548742
0.194909557927402 0.01130846609191 -0.0901189014372941 0.293286669015542
0.183534078712582 -0.0789714423582709 0.102282994368066 0.223980439001255
0.167395801996474 -0.143774388980862 0.0921615892675402 0.0870136754357204
0.156642305201714 -0.201950512826525 -0.0250417904425324 0.0982272464824831
0.176299509870641 -0.224738087269114 -0.0555980665628577 0.149503657776533
0.203725749206395 -0.227345650456833 -0.122772130105718 0.175701082090009
0.264197283411541 -0.166311995515633 -0.211462101390772 0.142273473410561
0.306180016534823 -0.042133900356277 -0.285586436341432 0.0265205630129254
0.347263114266431 0.0884275713399449 -0.171813781498674 -0.082508598048745
0.327651517352947 0.303060088394539 -0.102640898200987 -0.0863462657652162
0.166329628078967 0.470424546520834 0.106196492762491 -0.0341076484151123
0.0521730249264045 0.430646179288607 -0.270343165701123 0.0860614898628557
0.135147662709323 0.365513396576287 -0.0202174963847554 0.704499207714806
0.241918955639824 0.315815723605315 0.285433697224145 0.122765017794846
0.345226010366282 0.0869574542115307 -0.0739738633956389 0.0450956345584816
0.297121785993873 -0.100182162926964 -0.00661689895545067 0.241361340216953
0.201393386925518 -0.184096355034041 0.166767796003421 0.173215754287273
0.150851532406122 -0.206131353701802 0.148542201644216 0.0174609339458883
0.143709079656869 -0.232325418418384 0.0279136099614539 0.00782545712693918
0.171842544988663 -0.241699230466171 -0.00677019983446521 0.0462408856333916
0.205746247019406 -0.255297783125194 -0.0746394330603427 0.071650009907032
0.296747328823064 -0.208299546991136 -0.156366091076646 0.0436983224799881
0.407994227716899 -0.0443366308059361 -0.243708111191905 -0.048885468072081
0.420291726746945 0.215054296359043 -0.160227734415112 -0.152832712381141
0.285576256567929 0.407972185556813 -0.0986983019383752 -0.200453065627248
0.122115862614232 0.463158019129137 0.112478611079456 -0.211827262033788
0.152900937343066 0.340128627067921 -0.286236463650514 -0.0564416327255457
0.175032015814884 0.29189141394324 0.0534273718083932 0.573815941157507
0.302164456880699 0.295739962350985 0.316781237822658 0.0375075736564007
0.438837411804072 0.0208912568886193 0.0205678406174037 0.0128355330666878
0.332194354458078 -0.212813213294811 0.1023948493415 0.146846273910163
0.174792775015348 -0.264326444558943 0.232013022861075 0.0613358110043491
0.107485088295441 -0.2373241791238 0.188867127309527 -0.0834153364703128
0.108422010138976 -0.227313029426232 0.0756719497840291 -0.086278006765035
0.141411448168984 -0.216703241711682 0.0425741455414082 -0.0474271675201829
0.171740002758709 -0.231701567086902 -0.0221375662448961 -0.0229612832157058
0.270422523535394 -0.195543948849873 -0.084653164813433 -0.0580386829633854
0.423513907545257 -0.0141633132149583 -0.1517731039248 -0.137487129066171
0.384574321485421 0.326200281658166 -0.0985769077914554 -0.219259846271852
0.165624147708228 0.438100112938802 -0.0610067013625475 -0.32026287285229
0.0586546644126629 0.374523900331114 0.150246127920257 -0.393551494465556
0.181038370174043 0.191467440684388 -0.310814820319931 -0.156233290472746
0.127653096244583 0.194735005587633 0.095656538782478 0.396187279461943
0.283458048217555 0.256852389838518 0.266884338300046 -0.0497967616941246
0.434753013624598 -0.040623530490798 0.0943186149605939 -0.00872201910287059
0.279879729325982 -0.270851315345482 0.202068917121674 0.0284431465793767
0.108716347420665 -0.281959078020621 0.272706951070642 -0.0803393000700509
0.0474742114471813 -0.223106952913342 0.205834677216145 -0.194637380767426
0.0546690740708726 -0.186848749371523 0.111217605957019 -0.17007581445182
0.0854841916512582 -0.16588753180328 0.0809636015998223 -0.113529723993321
0.107656364427405 -0.183183984732979 0.0198558252213679 -0.0896576143119478
0.198739616781858 -0.163645987215014 -0.00975383465136047 -0.137066029028272
0.363031961767463 0.018483345393177 -0.0207571759751799 -0.19844547828383
0.260561281976968 0.373900929900348 0.00571219069463 -0.245924252046255
0.0129273732079138 0.363365506034784 0.0135527740166562 -0.411811730527929
0.0156148072234437 0.212231277668802 0.219125319374752 -0.538310378933652
0.12986859918708 0.0207999375405994 -0.31969398530385 -0.208428083181466
0.0179021855734776 0.115917311635337 0.0974824998407157 0.21235287106063
0.202821687965641 0.222260790450487 0.181435708227728 -0.0885497115975682
0.345182778154163 -0.0696297387844962 0.157640472011156 -0.0158413545892938
0.170710128121097 -0.249614735399798 0.272800331860045 -0.0844346652318821
0.0259158534840946 -0.223498089066862 0.280824176772497 -0.21003126680899
-0.0175868889791943 -0.158994841311331 0.199799958910577 -0.286018649302574
-0.00870127868270498 -0.116981166811872 0.130413148083951 -0.231701047018909
0.0150640078013727 -0.104942041676126 0.0976387396696553 -0.153814119236558
0.0312549128201541 -0.139570007050032 0.0401699790170629 -0.129371596499527
0.120251498770481 -0.146073550865009 0.0519180418073937 -0.187487097647279
0.278534461848523 0.0241597774044676 0.114146646845459 -0.212401071609767
0.116513142908066 0.33291449142549 0.10611280474746 -0.214557988018571
-0.09756299046926 0.194834865537137 0.0942599377111062 -0.464206146837383
0.0256331904136367 0.0124676433081524 0.295005185460722 -0.62442112758735
0.0311993176582072 -0.138606225390736 -0.29700125595818 -0.217370833562503
-0.0998111997307259 0.0495408213736632 0.0728392235306865 0.066502219447647
0.0945436508357593 0.177015480386081 0.115945939952241 -0.0717108809223367
0.198782276049549 -0.0673677123418042 0.220134748662516 -0.0196884838519395
0.0394585992407067 -0.1647076832534 0.303725756432297 -0.168882812812912
-0.0502858912955825 -0.113271131013532 0.259377577186281 -0.291718953032902
-0.0749974468706939 -0.0588627583539581 0.176445087099598 -0.334780293217448
-0.0702835335794175 -0.0278753770782676 0.129166014033907 -0.262522120618421
-0.0571956226509951 -0.043419024489961 0.0862473258991892 -0.171243585018621
-0.0376351760696631 -0.107563000536264 0.0345784124975392 -0.159576033333313
0.061017620143505 -0.140436064693271 0.0964324028393866 -0.226047235937456
0.199721861198742 0.00742668550444308 0.218609819736999 -0.189575874507235
0.0101070179392344 0.219088362518157 0.150844065196654 -0.157381720775439
-0.115264880871715 -0.018581864602679 0.137588067202255 -0.505716206937431
0.0825686913635886 -0.178128846431839 0.351389881608233 -0.647048042321419
-0.114926652565323 0.298221033677501 -0.340403906240626 0.526813535458358
0.0836971727400382 0.140913734635935 -0.0995432893796121 0.681204678722439
0.0251635855612473 -0.0363307840849394 -0.0393475416014769 0.139045151805382
-0.0903558951419382 0.0241037152539414 -0.254656478311133 0.146828774955053
-0.000335609886883283 0.112690229545783 -0.0892608970097869 0.280057739637987
0.0885372494322832 0.057461630098606 0.0353756473970295 0.177792960244968
0.116225247076071 -0.0134657879017793 -0.0156645709145861 0.12959940890326
0.109786196327083 -0.06416077755704 -0.104404896830513 0.2187086011167
0.110606885916633 -0.0734459954131632 -0.119153587137278 0.295627269274458
0.120236883920254 -0.0231408248663664 -0.181452677833334 0.308021686072502
0.0802803116493893 0.0554449391776075 -0.263069061012372 0.238874993516081
-0.0386506890516486 0.0432373507064843 -0.257308202333786 0.0852109752683829
0.0323082934919994 -0.120593651729189 -0.132422982789454 0.0113509864062628
0.209549871219663 0.0308607050438966 -0.104380887209475 0.0319001709980816
0.113904690812686 0.291083062967097 0.145535478185272 0.169672269546308
-0.11481466287557 0.391718795116044 -0.313825496098151 0.409142199141053
0.0509180761569457 0.276589103373568 -0.100406570416544 0.739219136765604
0.0676230121226623 0.120840204153188 0.0609995773835517 0.140374369531664
0.0234770426914742 0.0676608763820104 -0.242231750067398 0.111274299391744
0.0806251370137414 0.0772884910759865 -0.10297136589774 0.300479928014289
0.135623760354122 0.00184640815710252 0.0648055650658697 0.209538322272109
0.146448334816723 -0.0786512658499123 0.035443988136711 0.117184976162971
0.135338940392843 -0.144523289450438 -0.0664131682520288 0.173533587194207
0.141385205692587 -0.169241781311605 -0.0852101339923723 0.23814118845426
0.161047991469891 -0.147845097572803 -0.146360088370458 0.261246284571391
0.178530104018254 -0.0760076099156331 -0.23622979715502 0.21547593520429
0.14056708649555 -0.00981211865637542 -0.276163246261939 0.0779082949199206
0.195108310091453 -0.0337585621679945 -0.148465990507885 -0.0233102912276738
0.293187268491641 0.151622611990003 -0.0909870302852574 0.000784645875258775
0.176247644708744 0.391996155477651 0.124040469488596 0.0958505947027545
-0.0444312973809877 0.436659763981634 -0.271895985014178 0.258710123801249
0.0756326848991343 0.352973130834284 -0.0559688531237381 0.749208740809737
0.145487706083094 0.248738814546538 0.182194457824994 0.145800083159278
0.181257849869629 0.0952615331762838 -0.16988792847946 0.0830520045817255
0.189167373335592 0.00228697878221456 -0.0712410670112581 0.290700555715821
0.174402446168715 -0.0855039046409907 0.11128055339808 0.211642716535148
0.15488934983155 -0.147669556898277 0.0928347475141738 0.0795029165095971
0.141315325850351 -0.204710502754896 -0.0205210944860137 0.0984509062413709
0.158205567097592 -0.229267117623337 -0.0475658183789057 0.146643861117651
0.184052600022517 -0.232147545932753 -0.110780487239957 0.176460831004462
0.248066512655446 -0.175821566925709 -0.200843553569384 0.14813922470434
0.295327051096672 -0.0550909823676535 -0.274688534458329 0.0380958368201715
0.341312726341707 0.0711864273408193 -0.166693317196924 -0.0744794712896492
0.331784775423922 0.279700387326814 -0.0976287270892174 -0.07797098708748
0.183467917749578 0.450040916167817 0.104856190938617 -0.0391313265474642
0.0685751741442311 0.41635979242467 -0.259287824566731 0.0991794381936776
0.145936998071291 0.349395881069537 0.015094855331223 0.682941334994522
0.246788176493613 0.296896081998788 0.276672360556803 0.106877004528977
0.337527392965017 0.0671400881365253 -0.070969496209416 0.0520209028441707
0.282650218729353 -0.111556629540806 0.00733069858500763 0.236894518531205
0.186064549833523 -0.187413241028826 0.171505784477194 0.158630076713526
0.13576739262657 -0.205983145723565 0.144034370684857 0.00829244143640074
0.127891893522872 -0.232758014096194 0.0258580996667925 0.00777933511742568
0.153718072462947 -0.244992401922174 -0.00556575510798011 0.0429315784636257
0.184852133681135 -0.258444215231536 -0.0701191438166443 0.0719659808868498
0.276413680009545 -0.216714879578319 -0.152493748743051 0.0498116086305081
0.392453079677155 -0.0640860218845193 -0.237573675522174 -0.0374012000818993
0.41907902093411 0.1907743118672 -0.158201344620455 -0.142836892135474
0.296119885469062 0.384274705145828 -0.0990130301104812 -0.190013424756922
0.140898130967607 0.447959453433037 0.101771954721502 -0.214224439307613
0.161672313436918 0.324981496132168 -0.279453462501387 -0.0396207370775437
0.18381748160974 0.27696941608898 0.0779146306918539 0.552366480653191
0.307899536291807 0.275977844952065 0.301531604732005 0.0229966403934966
0.425340920202075 -0.00222038689643237 0.0212087905621916 0.0165915630533676
0.310362638581647 -0.222810953385293 0.109230881020369 0.139067698351722
0.156312039614337 -0.264940644959091 0.2293062509373 0.0486453687071113
0.092826031940523 -0.234010212473911 0.1789163319155 -0.0912123776121114
0.0943526825092485 -0.225746411594453 0.0667678041940205 -0.0865488683141165
0.126471816139504 -0.218451039940461 0.0376586180459554 -0.0496108406637972
0.153407591199029 -0.232384635718221 -0.0237757240468845 -0.0230026122228478
0.252007027593268 -0.201121838587412 -0.0878284350048379 -0.0539362394204599
0.407093043079446 -0.033765006193468 -0.152834217704297 -0.127451715937371
0.390647104003349 0.299936325233007 -0.100497920230494 -0.210310100274591
0.180571745717673 0.420125016260242 -0.0655491080892223 -0.30854426497498
0.0732370920514049 0.366010857752182 0.129925821575445 -0.391514335427815
0.182621307656213 0.179379026434116 -0.309615646775837 -0.13632358052701
0.134372647233738 0.186151921134185 0.111153957855987 0.378076297805615
0.288990045179767 0.236889417939939 0.250001326030086 -0.0582628454883311
0.418683767735281 -0.0619362448537091 0.092504671843574 -0.00878714611973597
0.258296506708747 -0.278967162931019 0.201024773433254 0.0193597895969447
0.0921981394818368 -0.27721395210052 0.262540591097751 -0.0913619556660037
0.0345291445306042 -0.216421022168475 0.189489765646663 -0.199072206534359
0.0444331250391691 -0.183119513323759 0.0972365614007582 -0.169540290956861
0.0756627837182843 -0.166471202172085 0.071888697637845 -0.116698787679717
0.0944675623558088 -0.181695861408227 0.0146484497763095 -0.0898705724993485
0.182573344887528 -0.166016689130258 -0.0181556523949595 -0.133856420017272
0.35090969644753 -0.00119078342077963 -0.02840037068927 -0.192841176269573
0.272848841867538 0.35084075704832 -0.000541342705606905 -0.239771607917275
0.0282713655834972 0.353798291912784 0.00171738807089662 -0.401070551145133
0.0236647568248897 0.210270874005517 0.18841758143717 -0.534323611655746
0.126123541206716 0.0165364705791771 -0.32111455939407 -0.187413346256407
0.0250419213082514 0.114615874530596 0.102590310363223 0.198183085181304
0.210808085665169 0.2055585918904 0.165591953226135 -0.0908596885573238
0.329626738874774 -0.0868926210935784 0.154184000416595 -0.0189094968393413
0.152513796621366 -0.251439182382738 0.262122329236497 -0.0940606055843752
0.0140255351007741 -0.217159228188595 0.262608502225084 -0.216778172687132
-0.0254158888310782 -0.151035172687001 0.17909908268876 -0.287034911408354
-0.0130504736881488 -0.112550349272025 0.112540200362653 -0.231974731280316
0.0103061669354591 -0.103295443309816 0.084963906701227 -0.155180051306307
0.022308487592754 -0.135162191347716 0.0323565834932197 -0.128754775634499
0.107576961399373 -0.145745933610785 0.0399401502238763 -0.18585648487062
0.269759576490775 0.0087905251212848 0.102837494086325 -0.212393862498168
0.131410381774892 0.317441410117557 0.0974010505036447 -0.213116173005351
-0.084995519851516 0.194450205425024 0.0758557669619272 -0.454653477089976
0.022454347145231 0.0154976998245491 0.257539541996616 -0.621907309317475
0.0246429682301342 -0.134182886493453 -0.299816968570243 -0.199090547497429
-0.090937821926977 0.0543559305549533 0.0697105850584612 0.0587066266550765
0.10322888287552 0.165339448757039 0.104422065475053 -0.071240445509865
0.188362919642194 -0.0763756587052582 0.213994391267281 -0.0273300164533071
0.0297398805364092 -0.161830226847275 0.288476185259567 -0.177073899773258
-0.0542380826488336 -0.107159426124465 0.237934094688983 -0.295018118522122
-0.0759115751754745 -0.051116039611668 0.153438382951643 -0.33322863149768
-0.067881383638924 -0.0233604959520907 0.110653705663511 -0.262542790856814
-0.0564633529515844 -0.038617650466278 0.0740372730827127 -0.171520215888507
-0.0418351873089835 -0.100517908579731 0.0253380682713879 -0.157028087505208
0.0509689967664974 -0.137911353984428 0.082340052641003 -0.224011375714707
0.192868900309839 -0.00405908786582552 0.203280965329634 -0.194814356665035
0.0235379450516503 0.211337040105357 0.14297593880179 -0.158420630806905
-0.112104140233174 -0.0119527326674631 0.116058284388231 -0.495358800264884
0.0686867182913339 -0.173468204015894 0.309166023053107 -0.643902869183828
-0.143828420076905 0.261169532409557 -0.397609688502448 0.45538779591839
0.0563112179888992 0.140007699093794 -0.172974540838432 0.63567149217931
0.025857831458667 -0.0302649120118696 -0.0546688660799569 0.125060014207002
-0.0897870982325767 0.0088419409457554 -0.254687337418954 0.104937292003862
-0.0172998529874704 0.106198015313912 -0.117874794772177 0.247690421395311
0.0743103175117698 0.0630618780320982 0.0112649313017241 0.173389731618347
0.111631201473708 -0.000670993247909984 -0.0313764088998661 0.120328531468004
0.111819686984079 -0.047664499685262 -0.125231720133898 0.195559457746184
0.114389496231692 -0.0579148017476788 -0.151227610483611 0.268481291380699
0.118482949163127 -0.00969133402059838 -0.213870518383179 0.272725807244043
0.0737364649164124 0.0622368166711572 -0.285516569912522 0.195604937491655
-0.0381952570040363 0.0384674154520351 -0.258080163566327 0.0496695688347491
0.0435578196096185 -0.109072685495222 -0.130232596145782 -0.0049761366013132
0.19634943479519 0.0544275034615636 -0.111285151351311 0.0210743825963783
0.0753310461191119 0.291777969064768 0.112951258074358 0.177082077744417
-0.156682455067035 0.348247267055787 -0.366460292071243 0.352753503246607
0.00742947432634395 0.260915746066719 -0.186306612585641 0.69347226422777
0.0431724651816425 0.121802271957885 0.0314150266141839 0.144094083763639
0.00984450686880718 0.0668417081761978 -0.241461292206575 0.0783853346618598
0.0632913830011815 0.0854753265043535 -0.13382328221959 0.270161761559287
0.125546466686023 0.0180322475330926 0.0389937745811539 0.208528506467096
0.149280167179071 -0.0586916481816596 0.0189455886031522 0.114300770893835
0.147121567641982 -0.122396271073299 -0.0846660125926454 0.15726923525092
0.156800326834828 -0.14511545187641 -0.114353266398215 0.217690130982066
0.172252242255636 -0.123209280299609 -0.178175153640032 0.233508223512546
0.184068729461641 -0.0513060935955573 -0.263561568790635 0.17888516530805
0.141762444697225 0.00981791972881461 -0.28132643136425 0.040647738607022
0.191367453599777 -0.00582998666959438 -0.144985579164822 -0.0454699984444966
0.262956032353916 0.181860049298196 -0.0976383992777809 -0.013398267111983
0.122919877012643 0.398682614099124 0.0974835714512408 0.0987219043226601
-0.0978518335767251 0.399022929235391 -0.312475799095345 0.221881626507144
0.019774541261844 0.337309876716809 -0.150275793480909 0.711528449486149
0.0987650013474338 0.252733987090501 0.139464046989274 0.170541027896879
0.152810006496439 0.115475706013113 -0.173259275185334 0.0681151091138137
0.175878459294957 0.0316309069308094 -0.101889142731553 0.271848977836072
0.17337569068196 -0.0572899097685969 0.0863085443815948 0.216976700255733
0.164757342911964 -0.122399507191499 0.0771617946298748 0.0865868081913494
0.161259628867285 -0.178426171727772 -0.0331725727973538 0.0909213841505068
0.179233343095883 -0.200816299597958 -0.068665585643159 0.134372771322265
0.203690334605914 -0.199083626199583 -0.136057244794389 0.157555731643297
0.262287384159325 -0.137516028558345 -0.225530373158464 0.121046465029832
0.295581675508129 -0.0138178460502562 -0.279214282152207 0.00526096049705058
0.320089525287632 0.113148001984847 -0.158824782050373 -0.100899767995712
0.284867338017145 0.309616052345869 -0.0960584919428508 -0.0969796422676344
0.124003874997661 0.4587632022667 0.0926908593250847 -0.0402602091404981
0.00976766843007565 0.395313542376214 -0.276957580832504 0.0810279550436507
0.0866886675225254 0.344976373282237 -0.0739817668023167 0.661856083515766
0.188568492340325 0.311729553337525 0.229769592161542 0.151914930201117
0.303134750474005 0.113704717005724 -0.0773851031729066 0.0574272156384669
0.281107436981067 -0.0611485139275281 -0.0198750375841745 0.237250815687676
0.196982131003453 -0.1511467911318 0.153750642765998 0.174284939621642
0.15427139135116 -0.179741462398267 0.134472709925266 0.0261526354411413
0.151983144536411 -0.208447194601499 0.0205266570154413 0.00964281896274666
0.17795569872821 -0.215554027896827 -0.0165650640121987 0.0390142153857496
0.207061365266263 -0.22253706795987 -0.0842604439857066 0.0629608216411993
0.293092447148957 -0.171007922520003 -0.167807748659052 0.0320212880784414
0.387934847157813 -0.00902315703256576 -0.236372533245442 -0.0641653945247487
0.381854466567704 0.238835917481932 -0.141897368562457 -0.170467201564644
0.238715056002223 0.406866799302711 -0.0816097056471922 -0.21165683648602
0.0813344744501526 0.452276507465444 0.112112547260425 -0.212267749153415
0.106546896305336 0.323564403026445 -0.271917291658129 -0.0478328215926984
0.131666056848686 0.284096284375226 0.00662168178424233 0.545578821826357
0.249853973764704 0.299987280853071 0.264703472273154 0.079856399277366
0.397831486230454 0.060554589400681 0.0149817883870314 0.0396776277209894
0.323735524036802 -0.162300813331175 0.0907502113762921 0.160868059684087
0.179854560460634 -0.226605362895954 0.223701930756708 0.0760667170035945
0.116174332821989 -0.210834896401328 0.178331884402386 -0.0639125967957631
0.119670409434518 -0.20511689556825 0.0704428099833678 -0.0749283987535274
0.148435162144258 -0.194124384642076 0.035631804940608 -0.0445562859360928
0.174012450655648 -0.199954908385549 -0.0283091093888478 -0.0230984261120032
0.265154052868082 -0.158310403276237 -0.0916751839080601 -0.0600926396931281
0.39612518863614 0.0217549439868125 -0.142914077303321 -0.142022422427061
0.341515189153135 0.336918629992854 -0.0750685677216234 -0.230253963338364
0.121070736936039 0.427911513497734 -0.0293608705995106 -0.324696988924085
0.0238313272802277 0.36774631022609 0.164440336375596 -0.381974299227959
0.144831537679844 0.191404245053397 -0.28025592274023 -0.144369030083538
0.0998979273691305 0.193820202097045 0.0574955771638253 0.378379682860672
0.238583917193778 0.260619807593124 0.228632999423894 -0.00224260109381217
0.400452839654237 0.00219875985729974 0.0878608719387824 0.0236718973408238
0.28345882436784 -0.221362597598985 0.194673389584873 0.0577789449062947
0.121535257660759 -0.246090168530932 0.270350002889395 -0.0546896671435345
0.0590819599479394 -0.200096729540815 0.201265311378911 -0.164627887652745
0.0664384128218143 -0.170774346999881 0.109183739284347 -0.151052023616254
0.093640307761526 -0.149491860236934 0.0778065780573969 -0.10498086448442
0.111668375970956 -0.158932100005223 0.0184526824442908 -0.0826269206103297
0.193248509344324 -0.132635736188298 -0.0113183082541978 -0.129074906375524
0.334301603753477 0.0462605850178795 -0.0125369915326833 -0.191901100813105
0.219968076975611 0.372090936965164 0.0295866157531543 -0.245282719600089
-0.0157893315366436 0.346354397084562 0.0539252739594529 -0.403123310934375
-0.00686035514498162 0.213046926415684 0.243893895319544 -0.508978154062397
0.11395192234055 0.0334935078952931 -0.276654642050668 -0.202866311998357
0.00942614750592421 0.112106702091764 0.0679172326996903 0.200468186904801
0.171375471031087 0.220370273922853 0.154006647643985 -0.0472106428369387
0.322113793507207 -0.0334587182236332 0.14799974591647 0.0172022603265682
0.180068799750651 -0.213465687836947 0.266400097497113 -0.0463779169886203
0.0411472473899624 -0.199258505925258 0.282038601183004 -0.175629011333458
-0.00664963357060028 -0.144343560455631 0.202462444252934 -0.249535219257027
0.00190787794699331 -0.109427267858557 0.132307933300703 -0.208208205844653
0.0233315403588971 -0.0963075732874983 0.0973524113385091 -0.138985817795631
0.0375097404256527 -0.123655187572085 0.0422367966114387 -0.117298476261871
0.11882768934882 -0.122416986074515 0.054622150694754 -0.171290154196911
0.25336034758735 0.0428670970792864 0.117419955112254 -0.195698446507307
0.0880995413181273 0.321034769168879 0.124139305520705 -0.204059809329088
-0.107968288778788 0.18004513309624 0.136429290242352 -0.439656152149624
0.0135133763804373 0.0251182640983571 0.325514130540061 -0.576669873814609
0.0399454564835288 -0.119272461870158 -0.249903208976718 -0.221295941100606
-0.0896318350862468 0.0403757587320622 0.0503527991101926 0.0578441358981694
0.07666776156294 0.167431965451353 0.0948839839549001 -0.0416817361833985
0.187116932087676 -0.0449235280050505 0.205628710000773 0.00991896261994964
0.0516691782846496 -0.147133234469047 0.29755333656236 -0.12748969674949
-0.038561185596136 -0.103903698474546 0.26253966415581 -0.254096676701169
-0.0674903002066313 -0.055368985906649 0.182593467953393 -0.297475122906015
-0.0612441349115041 -0.0301559858575568 0.133066338719342 -0.236937772478277
-0.048579185427901 -0.0435030058452733 0.0907570102811061 -0.155040717593282
-0.0276544008084869 -0.0994549022547673 0.0420970582117871 -0.14482791785533
0.0641880118757416 -0.123256346114161 0.102809766357406 -0.203311023634558
0.181059842035647 0.0209871609898407 0.216231449867454 -0.166371681492423
-0.00277913510183343 0.205187775186332 0.162710444430129 -0.140803344109038
-0.108774945375085 -0.0211328390629433 0.181240801851515 -0.46372032073731
0.0799080167044799 -0.152160180743545 0.382110927426719 -0.585043892199391
-0.145935541163163 0.251066950077926 -0.399574686579677 0.438479003589014
0.0499690886411778 0.136441453993559 -0.183981801040339 0.616812728608696
0.0234585748904455 -0.0291898792378116 -0.0589071809575716 0.12005425512972
-0.0883351295551407 0.00852929604197865 -0.25300789820658 0.100315452904011
-0.0177952071734093 0.104637328528768 -0.120765566511723 0.239195190409962
0.0717074826920169 0.0615761848625896 0.00730353253456796 0.168466650512054
0.108558808754137 -0.000409901200702485 -0.0329229094771664 0.115902902869826
0.109067488745188 -0.0443963457771432 -0.124614488134611 0.191482837475364
0.110756012542504 -0.0550205059079483 -0.152753638706934 0.259485388787701
0.115616166867137 -0.00909952715116517 -0.215572482543289 0.26297446424348
0.0731646902745486 0.061605698222484 -0.284168704087284 0.185811779343951
-0.0370074750896508 0.0386565643240606 -0.254155094715457 0.0414765229157136
0.0432508899730872 -0.103711514033675 -0.126605114986197 -0.0112830723946674
0.190124910939884 0.0579263075868868 -0.106626901745696 0.0208833366526977
0.0670797913312703 0.2858757240505 0.107559119316796 0.177737803091658
-0.161886831363326 0.33714622928268 -0.36754414479092 0.338162684464303
-6.34074041579785E-05 0.254424763550909 -0.197242877468296 0.674726436802118
0.037212878896581 0.121129549175746 0.0237899211087439 0.140468790014525
0.00667284931851524 0.0670422969101392 -0.240026704462877 0.0751754247921378
0.0607433657082123 0.085963147254417 -0.134782882507132 0.262443878847007
0.122359513199393 0.0193649867927663 0.0339869987774476 0.203456153648987
0.147032853786596 -0.0551723677575574 0.0152891683393838 0.11111173622409
0.14563083757351 -0.117299005787727 -0.0847029297553153 0.153808179816116
0.154171819497145 -0.140992912733094 -0.116850734381559 0.209746317136768
0.169338258174839 -0.118554043185103 -0.178682997397703 0.224866884891491
0.182118276912899 -0.0482650663692137 -0.26279488976689 0.170568668425513
0.139292561274226 0.0139078125281725 -0.275925419480665 0.0332908936286688
0.186397947321923 0.00144348919286872 -0.139322592271233 -0.05126043459603
0.253817864796298 0.18453328988694 -0.0910770127833384 -0.0135114197871407
0.112106599312532 0.393562514217111 0.0939419292908283 0.0980188549591988
-0.106771490732075 0.389639492654987 -0.310958669499871 0.210474423692664
0.0105794046226518 0.330044971404166 -0.160492901294427 0.692350227364997
0.0893683740426933 0.250789150022209 0.128394182450949 0.16906372232892
0.14454202713298 0.117556262615895 -0.172928102259928 0.0660305436579438
0.171446431371149 0.0351508428100165 -0.103721278169417 0.264645508720138
0.170565969574829 -0.0534755910175469 0.0814146713973221 0.213312183140115
0.164422823517443 -0.117079382445678 0.0728482416369377 0.0844642571468231
0.160891264809551 -0.172585911229866 -0.0351961954549042 0.0897678016909699
0.178477501806064 -0.19459563336377 -0.0712180201715912 0.12818634627291
0.20145421586654 -0.192014745194189 -0.135467945986259 0.150299836048595
0.259428329919635 -0.130263220638794 -0.224249917525368 0.113741417286375
0.289975505501514 -0.00715945013338114 -0.272448622756721 -0.00235588025293511
0.312225414471359 0.119945842595752 -0.149589181001864 -0.105749106770181
0.273174258953797 0.311933287649443 -0.0873985322912167 -0.0974131458423751
0.111128144447253 0.452777441781851 0.0927482935551056 -0.0393117980046219
-0.00269446813189598 0.389159461914237 -0.273297750770612 0.0739043844423208
0.0762196176660409 0.340666151399317 -0.0850500695844534 0.646389628664587
0.176532082129379 0.31174472530489 0.216048162804271 0.154170889808901
0.293301503902853 0.117653170372311 -0.0781264901440222 0.05898384753269
0.275909485439285 -0.0548851406152237 -0.022950083031715 0.233242451572675
0.195875549369303 -0.143488253548946 0.148366212618999 0.173373445790902
0.154698066450836 -0.172631861815014 0.130100269259753 0.0267619752439492
0.152874074822586 -0.201079810830447 0.0185502584170202 0.0110645616841363
0.1768613138128 -0.210071935899719 -0.0194549822700191 0.0357126427663371
0.205457753759182 -0.213624020873976 -0.0838645993596514 0.0581850976341372
0.289105889209116 -0.163309037288911 -0.166876955740394 0.0284696231113089
0.37922427017796 0.000372697088794611 -0.228718615481312 -0.0703167781650914
0.36966174107985 0.243325632762658 -0.130394225620962 -0.172909721527594
0.225992205379175 0.404958499553477 -0.0693472081478389 -0.210123974813328
0.0686907473873676 0.447920886340997 0.115129729119738 -0.208579583718026
0.0943985767804793 0.319970829421892 -0.265989387179979 -0.0525266049021556
0.122091799670147 0.283034181787331 -0.00629518126578905 0.532802087741008
0.238614705837354 0.302455229221543 0.251380826085842 0.0858115410537342
0.387276155361636 0.067463881347916 0.0136438170470947 0.0421846454469967
0.319977542753027 -0.154034211068459 0.0875234440733966 0.161179666990753
0.180294051716076 -0.217113333350289 0.219017515682419 0.0779526912486785
0.118971839552742 -0.202955323813746 0.175672822731457 -0.0596072018895834
0.121695404675601 -0.198976354475126 0.0683825097483748 -0.0708992952112329
0.148480568747283 -0.187974003869562 0.0339355463456186 -0.0451495051787536
0.173570739715209 -0.191673373318704 -0.0273164456719878 -0.0243783952025284
0.260917814356312 -0.149247903426051 -0.0905397667462422 -0.0602745101857478
0.38577874242558 0.0315289795511285 -0.135540590991256 -0.144378838621591
0.329505748192376 0.339246885000281 -0.0629705955791045 -0.230318160814216
0.10967163525116 0.423711983496805 -0.0152859288124389 -0.32004238493022
0.0143648681771965 0.364854601552089 0.171118408343873 -0.372917243746154
0.134792070264457 0.192041468964723 -0.271985054998013 -0.147879002838568
0.0944399571865861 0.19409797461358 0.0474191936423975 0.370021607298206
0.230018378996919 0.262180606042257 0.21895396633334 0.0055994702197562
0.390817075580067 0.00906694897559763 0.0859400101401208 0.0286768452997328
0.281840985356381 -0.21243863380641 0.191493471676442 0.0618679229962935
0.123279482631255 -0.237854488051106 0.268099613467215 -0.0480492004789694
0.0620145554842841 -0.193565706251161 0.199228557790035 -0.158513031879508
0.0690551497011188 -0.165569505685219 0.106964109363205 -0.145245604394125
0.0942658417740632 -0.145025793677787 0.0776169451247322 -0.102316256699521
0.110869276646376 -0.15130432093633 0.0190216762328596 -0.0813655495029916
0.189798570720641 -0.125163395346307 -0.0095925234609071 -0.126958003565825
0.323762579250793 0.0516154651286254 -0.00679309142599551 -0.189838965148426
0.210463126261986 0.36899243152638 0.0404157230776298 -0.240910727940331
-0.0239068127092393 0.341897674868814 0.0685979457748956 -0.39472961590605
-0.0132353376700678 0.212500775564935 0.250583517590558 -0.495044033571071
0.108989634949057 0.036960171015862 -0.266844379703531 -0.204896969440157
0.00800039841835039 0.111940419081109 0.05984414364876 0.195754813577954
0.165772323511948 0.220211693295242 0.146704841389261 -0.0391425155332254
0.31422241692117 -0.0279183959699428 0.146714246401952 0.0222106355347279
0.179329769707986 -0.206195575854023 0.263969628587374 -0.0396669515684481
0.0432566854155491 -0.19327195928895 0.280888785480324 -0.166867984772699
-0.0030517094169829 -0.139612850068877 0.200636953531074 -0.24154013729992
0.005688317335018 -0.106856347406027 0.129608256147602 -0.202597255105128
0.0257624848028397 -0.0943485052774174 0.0969532468974561 -0.136437760905782
0.03856934152271 -0.117931992035336 0.0433195719077909 -0.114362187907698
0.116337210854655 -0.115954918547765 0.0569611274509328 -0.167975649724664
0.244173680160708 0.046270148749581 0.119871682903936 -0.190538520312611
0.0823975254816973 0.315310698721034 0.131628590461566 -0.196720467751135
-0.110302325504312 0.175529804677093 0.149541393405733 -0.425808563852702
0.0111846830056697 0.0294818810695428 0.332451636669906 -0.557127885359638
0.0409207844826514 -0.113925103291904 -0.241954487869946 -0.223665472706694
-0.0862541956715242 0.0393221500121872 0.0439772671203198 0.0554396546773372
0.0739420756540368 0.164545482683129 0.0900173767795907 -0.0346866693264452
0.183234747903633 -0.0420463794948262 0.20261499446701 0.0156306758157212
0.0530986436044396 -0.14408284230531 0.297201779704497 -0.118419760126552
-0.0355671518914175 -0.101695379951659 0.263605638789356 -0.243277644169084
-0.0645644334086758 -0.0524990281559851 0.182824227060892 -0.288317485600254
-0.0581443872809561 -0.0295380310736402 0.133075258474743 -0.231212640429092
-0.0454536054048385 -0.0427556784166981 0.090426992673391 -0.15092811979118
-0.0247304003192054 -0.0967089865801717 0.0428341670977379 -0.141549298616539
0.0639474360258025 -0.118471331011444 0.10409164455926 -0.198491690650622
0.175647956497655 0.0227058384836451 0.215305638970487 -0.159769602005225
-0.00390588591826246 0.200470022955834 0.166896651039624 -0.133010560856201
-0.106003396090954 -0.0209503107532147 0.191454104455465 -0.448856861964546
0.0796310981749846 -0.143286454070663 0.387130311376337 -0.562524108634896
-0.155237140176658 0.249879967626365 -0.4218331723284 0.433926389756584
0.0450337618687432 0.13890453093041 -0.206086688595951 0.618873843363148
0.0226541149839614 -0.0282850376852343 -0.0669248237318459 0.119010251316068
-0.0900090498244481 0.00705385481250226 -0.261723863784073 0.0969608507665212
-0.019977385629461 0.106634648222944 -0.128816713866996 0.239817994822145
0.0711018034157845 0.0639770054739336 0.00248520152088547 0.170312293984174
0.109945048351231 0.000648141908822303 -0.0373969085228291 0.115936638057545
0.110970747269534 -0.0429440987694202 -0.131417566900537 0.192526223337355
0.112058493104796 -0.0540596015187654 -0.163002382043813 0.258898378265043
0.116764252215807 -0.00745778621211668 -0.226648213469057 0.261450540214528
0.0745252986298769 0.0635974300061038 -0.295227276841317 0.181154355106721
-0.0375652104155516 0.0400791797563637 -0.259471073815218 0.0324589918309158
0.044894523966191 -0.102558719198577 -0.12847503156536 -0.0184779600454426
0.191524437325874 0.0639459916696629 -0.106339807921124 0.0205639820002512
0.0601143481136079 0.291865805764332 0.105443703228255 0.184531131557075
-0.174622776849702 0.337460381954596 -0.384578255178806 0.333689244739066
-0.0103169577603838 0.257107346339375 -0.222042196126368 0.67807790385019
0.0318763919372429 0.125687614049226 0.0154171767569165 0.142233953126575
0.00369177155036571 0.0695508729085855 -0.2483767549309 0.0721032329683473
0.0593506114164003 0.0896303891428512 -0.144371499030461 0.263278445250912
0.123747101009873 0.0224458597771671 0.0280832993060103 0.206747041088826
0.151180282572247 -0.0535557877981284 0.0121363704971287 0.111742545298677
0.151030674077849 -0.116162503081686 -0.090233230756685 0.155269585633421
0.158724513110818 -0.140591245837255 -0.124973955122435 0.2090928901009
0.174763436856984 -0.117743361919237 -0.188352704412168 0.22338521499572
0.186961803851453 -0.0457863206271279 -0.273388465055803 0.166118520384398
0.142093071886417 0.0192830675757697 -0.280951406391064 0.0231015995335339
0.190010051432414 0.00882680520443581 -0.137998362543812 -0.0596862080560409
0.252989534846967 0.195225439728949 -0.0897835556669663 -0.0152795764297454
0.101392740742499 0.404108354028362 0.0944561234853294 0.102458218898344
-0.121867340830037 0.392078862243331 -0.32371647879709 0.20621381277947
-0.00092311007455558 0.335185831664779 -0.182046761302521 0.69929404990651
0.0808274130633285 0.259961360431835 0.119374460647948 0.175430642956349
0.141659180762473 0.12518858305388 -0.180384909257438 0.06626632817762
0.17306617994709 0.0410184670840028 -0.112483470979592 0.267551425029425
0.173790659878205 -0.0496814350262231 0.0768851732404983 0.217276315660689
0.170679633772138 -0.11499659490002 0.0712586362692455 0.0860398330403081
0.168566959783844 -0.17206573606297 -0.0379672107059106 0.0921120734606216
0.18519432154 -0.195417315055083 -0.0779067893732484 0.127009504352058
0.209196399138523 -0.190216106507558 -0.142056607760098 0.147613161725563
0.2672341668525 -0.127799297294245 -0.232916661077387 0.110966603247213
0.294995895410604 0.00193443051164474 -0.275534594356065 -0.012829187663428
0.31591881401664 0.132976676848976 -0.146425974635107 -0.116860155288915
0.269187757367029 0.326579839724456 -0.0820862904503134 -0.101686860047151
0.0991541906067498 0.465648423295218 0.096968156472848 -0.0389627741525682
-0.0173420269015138 0.396270610371108 -0.281444392729388 0.0678584028307757
0.0645219688220198 0.350251473453999 -0.105424075664965 0.653870708156452
0.170097291901131 0.325826773027872 0.209038725585005 0.16391361299474
0.292233733416863 0.129633677212842 -0.0831906977625537 0.061271469254799
0.281893953695561 -0.0475983656061295 -0.0280037687620581 0.238061658227085
0.202721836455753 -0.140226537466247 0.147622887501545 0.1790894334609
0.162911527848575 -0.170748141316564 0.131289391383315 0.029767187203726
0.162276347403976 -0.200987121483751 0.0179152802620331 0.013019594957752
0.184833421564428 -0.210420783576105 -0.0229427806533689 0.0340106881626218
0.21391316139808 -0.211360995069007 -0.0869796963156951 0.0554523165661448
0.296529101394167 -0.158763148465026 -0.171702933874994 0.0243129835988695
0.385182256816613 0.0120270552228651 -0.229147057838247 -0.0798734867395473
0.372628952721913 0.26088614702507 -0.123396981268716 -0.18369771901189
0.218065586083863 0.421343716868042 -0.0596360896469902 -0.21719887513449
0.0561030654484795 0.46005603521286 0.124031990224781 -0.212135741779185
0.0832023045656804 0.330599133332741 -0.26903333051242 -0.0604348928200169
0.114868352345594 0.294209258244316 -0.0200707747053554 0.541211753840014
0.234335473748135 0.316586184556998 0.248412439800006 0.0978376783809249
0.390287634568948 0.0801907368920745 0.0112469382624996 0.0479652920792915
0.330545540005336 -0.148142695495575 0.0864665839130086 0.1671965922182
0.189281230651614 -0.216123372706744 0.222479634525933 0.0851377781192195
0.127472434453269 -0.202630238654098 0.178745643331931 -0.0566467361113314
0.129890470768532 -0.199626272569257 0.0704964724596272 -0.0689838257755618
0.155535270005972 -0.188282855510096 0.0331177368256472 -0.0469820584351677
0.180404384454615 -0.188763715571469 -0.0271373932069757 -0.0274882841721565
0.267835804823707 -0.143844995445943 -0.0909987044045936 -0.06433466887919
0.389227801631538 0.0422000994694757 -0.131229837239663 -0.153003080226992
0.326740984166495 0.355828930202836 -0.0510257110088618 -0.238366815616375
0.0998517712113305 0.437115826638647 -0.000889503727600939 -0.327883576962469
0.00245270629538138 0.374686955784052 0.184162298754909 -0.375589596499634
0.128714403637672 0.202070276073929 -0.272384248972181 -0.159054574433389
0.0902155906588079 0.204156526796611 0.0355143645703829 0.377847016220445
0.228344093084303 0.275007679967705 0.216602476603089 0.015984109172823
0.396614575480281 0.0199553760222202 0.0873409056075888 0.0356472511910842
0.292122365106992 -0.21019762622156 0.195895462140096 0.0681344047036928
0.132108378185101 -0.238988378890104 0.275716342811856 -0.041352323104038
0.0696384178119461 -0.193112408735723 0.206202116511061 -0.155858353745675
0.0757082535110344 -0.166399941119238 0.111143809743233 -0.144502984435478
0.100175461926837 -0.145988310766641 0.0779770767666861 -0.104580825240841
0.115900823265104 -0.149187277205973 0.0210733237918524 -0.0837630835417681
0.194097996177994 -0.120311273437126 -0.00698922925039128 -0.129895138559979
0.32520621201015 0.0616167031319656 0.000611600001923638 -0.195562800799834
0.205110076192592 0.383137265876069 0.0543727385875038 -0.244465357564184
-0.0349135833788124 0.347652732787517 0.0876932965649035 -0.400319216221783
-0.0214431827574353 0.220703469508399 0.27052229837718 -0.496875666659493
0.107901693532049 0.0433642887191403 -0.265772610904503 -0.217912713081896
0.00644937726408084 0.117217277869796 0.051756650126739 0.199368796530692
0.164875606162392 0.229349862251501 0.145382130107426 -0.030157059475059
0.319057210841422 -0.0214049749447052 0.150169998987753 0.0298871514544397
0.187240334484701 -0.206344453776173 0.272914832883576 -0.0326820123112748
0.0501725415537368 -0.195854980350627 0.292833204883807 -0.161319110309539
0.00184927449256972 -0.139401872391262 0.209493428521546 -0.240482373340293
0.00911421936515341 -0.107140774140835 0.135823724175841 -0.202085154867952
0.0290846934626669 -0.095223667917475 0.100282505936016 -0.136828636821822
0.0414510041258085 -0.117656976893127 0.0465015906181958 -0.116924183019801
0.119371154047085 -0.113060883613246 0.0614633984516067 -0.17005517686417
0.24538202862241 0.0541479812757937 0.129072135031509 -0.192209860671583
0.0767796943065365 0.323088585514478 0.144484345764285 -0.195157711125061
-0.117759814327952 0.176903393360218 0.170579357331285 -0.427933419353033
0.00847526696844458 0.0341991120223971 0.355553076820347 -0.557756159803005
0.0447591004001832 -0.112744664100332 -0.239555469445901 -0.235707538217
-0.0873913858323186 0.0388218123045516 0.0383415873860865 0.0562314917165669
0.0731460953119508 0.169123634416024 0.0885614987502333 -0.0281258360539426
0.186432554580527 -0.0394570873255789 0.207987471739786 0.0237973709804444
0.0561750185245018 -0.145357544752924 0.307572814604664 -0.112731474004567
-0.0333919489331438 -0.104008314036966 0.27692213777186 -0.240330528625886
-0.0636056482051778 -0.0528998182168949 0.193235419644209 -0.288507065787175
-0.0571190373797377 -0.0304968507924604 0.138409267459245 -0.232088870876285
-0.0438991701509788 -0.0450567032663699 0.0948539349726242 -0.151989194442523
-0.0229160079737048 -0.0977374389287999 0.0466682188149961 -0.14267539845347
0.0663034450422057 -0.117850088870142 0.110448730028188 -0.20075822941831
0.176838777603535 0.0268432937307896 0.224785498741015 -0.157462668680383
-0.00691737553268809 0.202739801354451 0.177609818650508 -0.128445545565811
-0.107877902676264 -0.0225741685840897 0.214171334278022 -0.447562699798686
0.0833739157049296 -0.139414906662543 0.409896417362645 -0.560259103297829
