TRXV5
3
4
4
9
string Extension=J
integer IsArchMeasurement=1
integer IsSpherical=1
string Generator=SPM
string GeneratorVersion=1.3.1 Dev
double ArchRadius=0.449999988079071
integer FrequencyAxisIndex=0
integer AzimuthAxisIndex=1
integer ElevationAxisIndex=2
Frequency
5 136 690000000 960000000 LIN
Azimuth
7 8 0 2.74889357189107 LIN
Elevation
7 15 -2.74889357189107 2.74889357189107 LIN
Polar H Real Part
13
Polar H Imaginary Part
14
Polar V Real Part
13
Polar V Imaginary Part
14
Polar H Magnitude (dB)
12 0xC0000002 0 1
Polar H Phase
7 0xC0000003 0 1
Polar V Magnitude (dB)
12 0xC0000002 2 3
Polar V Phase
7 0xC0000003 2 3
-0.203140258789062 0.124298095703125 -0.00469970703125 -0.425537109375
-0.127655029296875 0.206253051757813 0.11553955078125 -0.693115234375
0.0399017333984375 0.17578125 -0.1697998046875 -0.490692138671875
0.1046142578125 0.0330276489257812 -0.183624267578125 -0.144088745117188
0.0399703979492188 -0.0462379455566406 -0.0222969055175781 0.063629150390625
-0.0392417907714844 -0.0484542846679688 0.176345825195313 0.0657501220703125
-0.0473670959472656 -0.0106239318847656 0.311370849609375 -0.058837890625
-0.026519775390625 0.0107669830322266 0.355743408203125 -0.173126220703125
-0.0372695922851563 -0.00819778442382813 0.377685546875 -0.22711181640625
-0.0251617431640625 -0.0458335876464844 0.4114990234375 -0.183502197265625
0.0233383178710938 -0.0694007873535156 0.40234375 -0.136810302734375
0.116912841796875 -0.0455551147460938 0.38739013671875 -0.027557373046875
0.130226135253906 0.106483459472656 0.312713623046875 0.152740478515625
-0.00569152832031249 0.194915771484375 0.0883712768554688 0.0358200073242188
-0.089508056640625 0.139663696289063 0.111114501953125 -0.373046875
-0.161407470703125 0.2958984375 -0.023468017578125 -0.36920166015625
-0.109344482421875 0.339080810546875 0.1505126953125 -0.670654296875
0.033599853515625 0.30706787109375 -0.1798095703125 -0.544158935546875
0.143142700195313 0.18731689453125 -0.232574462890625 -0.160659790039063
0.139305114746094 0.066802978515625 -0.053741455078125 0.0824966430664062
0.119842529296875 -0.00168609619140625 0.183303833007813 0.0836029052734375
0.109001159667969 -0.0303115844726563 0.310272216796875 -0.050384521484375
0.113975524902344 -0.00780487060546875 0.3406982421875 -0.1722412109375
0.116500854492188 -0.0262527465820313 0.368194580078125 -0.224639892578125
0.12530517578125 -0.0288848876953125 0.408935546875 -0.177154541015625
0.136077880859375 -0.008270263671875 0.392852783203125 -0.11944580078125
0.189666748046875 0.033355712890625 0.372711181640625 -0.013763427734375
0.173583984375 0.178665161132813 0.2943115234375 0.13800048828125
0.059661865234375 0.293365478515625 0.104988098144531 0.0530929565429688
-0.021453857421875 0.292938232421875 0.092864990234375 -0.321197509765625
-0.07366943359375 0.43170166015625 -0.049560546875 -0.262725830078125
-0.0367431640625 0.42510986328125 0.1531982421875 -0.6116943359375
0.055908203125 0.381103515625 -0.21343994140625 -0.5770263671875
0.174652099609375 0.29901123046875 -0.31158447265625 -0.178131103515625
0.221343994140625 0.163955688476563 -0.119796752929688 0.0888214111328125
0.264068603515625 0.04449462890625 0.139419555664063 0.100456237792969
0.249252319335938 -0.04486083984375 0.25347900390625 -0.0240936279296875
0.239044189453125 -0.0251617431640625 0.27825927734375 -0.142608642578125
0.253799438476563 -0.0402374267578125 0.313568115234375 -0.193939208984375
0.262832641601563 -0.00982666015625 0.3724365234375 -0.151702880859375
0.241653442382813 0.057525634765625 0.36724853515625 -0.091400146484375
0.255203247070313 0.12066650390625 0.362884521484375 0.01171875
0.193344116210938 0.2481689453125 0.28717041015625 0.160614013671875
0.102386474609375 0.360931396484375 0.123825073242188 0.117332458496094
0.04400634765625 0.3980712890625 0.0813446044921875 -0.2188720703125
0.04559326171875 0.504364013671875 -0.0662918090820313 -0.126655578613281
0.0748291015625 0.44580078125 0.121978759765625 -0.5257568359375
0.1005859375 0.38018798828125 -0.27252197265625 -0.56658935546875
0.196563720703125 0.341278076171875 -0.398681640625 -0.17279052734375
0.275161743164063 0.220199584960938 -0.207443237304688 0.094146728515625
0.36920166015625 0.07720947265625 0.0478286743164063 0.117744445800781
0.3529052734375 -0.054046630859375 0.151016235351563 0.01629638671875
0.328460693359375 -0.037567138671875 0.178253173828125 -0.090179443359375
0.356964111328125 -0.045928955078125 0.224639892578125 -0.141189575195312
0.3651123046875 0.01959228515625 0.298370361328125 -0.10992431640625
0.31719970703125 0.125579833984375 0.321868896484375 -0.052276611328125
0.29107666015625 0.20703125 0.34716796875 0.052490234375
0.179779052734375 0.308013916015625 0.279693603515625 0.21343994140625
0.114501953125 0.387298583984375 0.13885498046875 0.21978759765625
0.0999450683593749 0.445220947265625 0.0695571899414062 -0.0813369750976562
0.1602783203125 0.48223876953125 -0.0669670104980469 0.0178070068359375
0.171356201171875 0.37359619140625 0.070831298828125 -0.41943359375
0.11993408203125 0.30267333984375 -0.335479736328125 -0.494354248046875
0.1805419921875 0.317169189453125 -0.470855712890625 -0.1318359375
0.280029296875 0.230010986328125 -0.292755126953125 0.104522705078125
0.410797119140625 0.089111328125 -0.0708694458007812 0.138420104980469
0.3985595703125 -0.056793212890625 0.0169219970703125 0.0666618347167969
0.37103271484375 -0.043426513671875 0.0515327453613281 -0.0278549194335938
0.4078369140625 -0.0372314453125 0.109512329101563 -0.0784988403320313
0.411956787109375 0.057464599609375 0.195693969726563 -0.0632171630859375
0.337493896484375 0.190032958984375 0.2509765625 -0.00830078124999999
0.274154663085938 0.278717041015625 0.313568115234375 0.1026611328125
0.12286376953125 0.3265380859375 0.256744384765625 0.2935791015625
0.0966796875 0.360748291015625 0.129364013671875 0.348785400390625
0.1385498046875 0.427154541015625 0.0477180480957031 0.0696830749511719
0.238983154296875 0.372222900390625 -0.0543060302734375 0.145401000976563
0.202926635742188 0.226593017578125 0.01068115234375 -0.30682373046875
0.082611083984375 0.184112548828125 -0.37371826171875 -0.38116455078125
0.119354248046875 0.256332397460938 -0.500457763671875 -0.0702514648437501
0.235809326171875 0.209442138671875 -0.35595703125 0.116424560546875
0.389404296875 0.0889892578125 -0.190261840820312 0.161392211914063
0.381744384765625 -0.052215576171875 -0.124290466308594 0.120277404785156
0.354522705078125 -0.042999267578125 -0.0812301635742187 0.0371932983398437
0.400543212890625 -0.019012451171875 -0.0172157287597656 -0.0210742950439453
0.391357421875 0.09466552734375 0.0756378173828125 -0.027557373046875
0.29400634765625 0.230621337890625 0.167129516601563 0.022491455078125
0.195526123046875 0.30487060546875 0.263046264648438 0.146194458007813
0.0377044677734375 0.27996826171875 0.21124267578125 0.376739501953125
0.07098388671875 0.270187377929688 0.0859680175781249 0.47943115234375
0.172607421875 0.349517822265625 0.0193939208984375 0.214553833007813
0.264633178710938 0.19610595703125 -0.037750244140625 0.238494873046875
0.160903930664063 0.0490570068359375 -0.0421295166015625 -0.203689575195312
-0.000324249267578124 0.0684432983398438 -0.375732421875 -0.261993408203125
0.0323638916015625 0.187744140625 -0.48876953125 -0.0140991210937499
0.159133911132813 0.172103881835938 -0.388916015625 0.124847412109375
0.310089111328125 0.078948974609375 -0.292816162109375 0.18231201171875
0.30718994140625 -0.03973388671875 -0.248764038085937 0.170684814453125
0.28778076171875 -0.036041259765625 -0.201507568359375 0.096923828125
0.334625244140625 -0.0001220703125 -0.135108947753906 0.023193359375
0.310302734375 0.113128662109375 -0.040985107421875 -0.0151901245117187
0.196151733398438 0.226943969726563 0.0883026123046875 0.0278244018554688
0.0782318115234375 0.261688232421875 0.208602905273438 0.170364379882813
-0.0384368896484375 0.16241455078125 0.14697265625 0.4498291015625
0.0640792846679688 0.12506103515625 0.0128173828125 0.58648681640625
0.207672119140625 0.225494384765625 -0.00741577148437502 0.330047607421875
0.240646362304688 -0.0039520263671875 -0.020751953125 0.284942626953125
0.0734100341796875 -0.113929748535156 -0.077606201171875 -0.12994384765625
-0.0917282104492188 -0.0242538452148437 -0.348388671875 -0.1693115234375
-0.052520751953125 0.117576599121094 -0.451873779296875 0.0155029296875001
0.0663375854492188 0.124282836914063 -0.3995361328125 0.119384765625
0.189834594726563 0.0678558349609375 -0.366973876953125 0.195465087890625
0.186538696289062 -0.0156097412109375 -0.338653564453125 0.21136474609375
0.178359985351563 -0.024139404296875 -0.28863525390625 0.142578125
0.22064208984375 0.01519775390625 -0.226486206054688 0.0487213134765625
0.183929443359375 0.103485107421875 -0.130355834960938 -0.0241622924804687
0.07464599609375 0.1702880859375 0.036590576171875 0.0114707946777344
-0.0340576171875 0.15106201171875 0.173171997070313 0.176055908203125
-0.0694580078125 -0.00291824340820313 0.0899047851562501 0.5074462890625
0.09222412109375 -0.044586181640625 -0.0684204101562499 0.65350341796875
0.240615844726563 0.0723724365234375 -0.021270751953125 0.404144287109375
-0.198806762695313 0.146408081054688 -0.038330078125 -0.436279296875
-0.110580444335937 0.225997924804688 0.05633544921875 -0.721923828125
0.0582122802734375 0.1741943359375 -0.21685791015625 -0.4840087890625
0.108489990234375 0.0202178955078125 -0.19293212890625 -0.127212524414062
0.0356864929199219 -0.0525360107421875 -0.00731277465820313 0.0687294006347656
-0.0463638305664063 -0.0450706481933594 0.193832397460937 0.0500946044921875
-0.0503273010253906 -0.0037078857421875 0.317108154296875 -0.092987060546875
-0.0266265869140625 0.0142364501953125 0.34600830078125 -0.21392822265625
-0.0405464172363281 -0.0051422119140625 0.363616943359375 -0.268280029296875
-0.0313453674316406 -0.0435409545898437 0.400726318359375 -0.22308349609375
0.0159988403320313 -0.0729293823242187 0.39605712890625 -0.17669677734375
0.113395690917969 -0.0607757568359375 0.39080810546875 -0.066864013671875
0.144790649414063 0.095062255859375 0.335540771484375 0.12005615234375
0.0158843994140625 0.201202392578125 0.0937576293945313 0.0248260498046875
-0.080291748046875 0.150909423828125 0.081939697265625 -0.395050048828125
-0.14117431640625 0.318756103515625 -0.05413818359375 -0.375396728515625
-0.08233642578125 0.359100341796875 0.09564208984375 -0.703125
0.06231689453125 0.311553955078125 -0.231658935546875 -0.539703369140625
0.163055419921875 0.17633056640625 -0.245010375976562 -0.1378173828125
0.1470947265625 0.0544586181640625 -0.0370025634765625 0.0901947021484375
0.119964599609375 -0.01300048828125 0.203903198242188 0.0659332275390625
0.106559753417969 -0.0392532348632813 0.317047119140625 -0.0850830078125
0.116096496582031 -0.0189056396484375 0.331207275390625 -0.212738037109375
0.115623474121094 -0.0390090942382813 0.351318359375 -0.265045166015625
0.124732971191406 -0.0416259765625 0.398101806640625 -0.218231201171875
0.138229370117188 -0.0194931030273438 0.388397216796875 -0.158294677734375
0.196517944335937 0.014556884765625 0.377685546875 -0.0521240234375
0.194381713867188 0.165924072265625 0.314697265625 0.108001708984375
0.088348388671875 0.297088623046875 0.111709594726563 0.0414199829101563
0.00350952148437497 0.30255126953125 0.067535400390625 -0.3402099609375
-0.039031982421875 0.451019287109375 -0.0717010498046875 -0.266265869140625
-0.00146484374999999 0.442169189453125 0.10308837890625 -0.64520263671875
0.0892333984375 0.386871337890625 -0.27410888671875 -0.5687255859375
0.206207275390625 0.2900390625 -0.3275146484375 -0.148284912109375
0.243179321289063 0.147628784179688 -0.104331970214844 0.102729797363281
0.273117065429688 0.0200347900390625 0.159194946289063 0.0853729248046875
0.249267578125 -0.069305419921875 0.263076782226563 -0.053619384765625
0.241622924804688 -0.0511016845703125 0.272079467773438 -0.17547607421875
0.256912231445313 -0.0686187744140625 0.299224853515625 -0.229217529296875
0.26873779296875 -0.03436279296875 0.3629150390625 -0.188690185546875
0.253646850585937 0.0373382568359375 0.36541748046875 -0.129241943359375
0.271820068359375 0.100112915039063 0.37017822265625 -0.025177001953125
0.2191162109375 0.236557006835938 0.306488037109375 0.133514404296875
0.1351318359375 0.3629150390625 0.136688232421875 0.105415344238281
0.081024169921875 0.4049072265625 0.0645751953125 -0.234054565429687
0.0888671875 0.51226806640625 -0.0770034790039062 -0.122840881347656
0.11346435546875 0.45135498046875 0.07989501953125 -0.5518798828125
0.133697509765625 0.382415771484375 -0.332611083984375 -0.55133056640625
0.233551025390625 0.334136962890625 -0.418060302734375 -0.13433837890625
0.3038330078125 0.20062255859375 -0.195144653320312 0.1153564453125
0.384307861328125 0.042938232421875 0.0667724609375 0.111190795898437
0.35308837890625 -0.0888671875 0.161270141601563 -0.00247192382812501
0.332427978515625 -0.073150634765625 0.175216674804688 -0.112548828125
0.36138916015625 -0.085205078125 0.21380615234375 -0.166961669921875
0.377044677734375 -0.016143798828125 0.291290283203125 -0.141326904296875
0.33843994140625 0.101104736328125 0.3212890625 -0.086029052734375
0.31939697265625 0.185760498046875 0.35833740234375 0.017242431640625
0.209320068359375 0.300140380859375 0.302581787109375 0.190521240234375
0.147796630859375 0.390228271484375 0.160247802734375 0.210464477539063
0.140533447265625 0.44879150390625 0.0639495849609375 -0.091094970703125
0.20526123046875 0.47991943359375 -0.0653572082519531 0.0257987976074219
0.203521728515625 0.36712646484375 0.03546142578125 -0.43695068359375
0.144622802734375 0.302459716796875 -0.3914794921875 -0.471160888671875
0.215087890625 0.312286376953125 -0.488189697265625 -0.0871276855468749
0.31097412109375 0.213043212890625 -0.281768798828125 0.133087158203125
0.430999755859375 0.052001953125 -0.0526123046875 0.1429443359375
0.401580810546875 -0.097869873046875 0.0289077758789063 0.0612335205078125
0.374969482421875 -0.08251953125 0.05218505859375 -0.0370826721191406
0.4140625 -0.083770751953125 0.100967407226563 -0.0920486450195313
0.428802490234375 0.018463134765625 0.189666748046875 -0.084503173828125
0.367279052734375 0.1639404296875 0.253463745117188 -0.0352020263671875
0.3101806640625 0.260528564453125 0.327301025390625 0.070831298828125
0.154144287109375 0.32598876953125 0.286407470703125 0.274383544921875
0.127685546875 0.36468505859375 0.162384033203125 0.345062255859375
0.178955078125 0.4273681640625 0.0541419982910156 0.0674972534179688
0.27490234375 0.35833740234375 -0.043182373046875 0.155960083007813
0.222061157226563 0.2135009765625 -0.016754150390625 -0.313873291015625
0.0946044921875 0.18475341796875 -0.4195556640625 -0.350128173828125
0.146621704101563 0.257095336914063 -0.513519287109375 -0.020050048828125
0.264556884765625 0.196243286132813 -0.347320556640625 0.15252685546875
0.409576416015625 0.052825927734375 -0.174835205078125 0.177627563476562
0.385894775390625 -0.09210205078125 -0.111244201660156 0.129570007324219
0.359893798828125 -0.083251953125 -0.0774917602539062 0.0432662963867187
0.408416748046875 -0.063873291015625 -0.02294921875 -0.0206394195556641
0.412872314453125 0.05548095703125 0.0696067810058594 -0.0368156433105469
0.325408935546875 0.20880126953125 0.169235229492188 0.00331115722656251
0.232025146484375 0.294158935546875 0.2794189453125 0.119781494140625
0.06170654296875 0.284942626953125 0.247161865234375 0.3646240234375
0.0920562744140625 0.272323608398438 0.13006591796875 0.484832763671875
0.2073974609375 0.343902587890625 0.0367889404296875 0.218658447265625
0.285858154296875 0.17498779296875 -0.0182037353515625 0.251083374023438
0.162384033203125 0.0347442626953125 -0.0619659423828125 -0.20123291015625
0.000999450683593751 0.0739517211914063 -0.40679931640625 -0.22637939453125
0.051055908203125 0.193878173828125 -0.494384765625 0.0345153808593751
0.18121337890625 0.165267944335938 -0.381256103515625 0.162353515625
0.328216552734375 0.051025390625 -0.27874755859375 0.21014404296875
0.311248779296875 -0.071990966796875 -0.2352294921875 0.195602416992188
0.292205810546875 -0.0693359375 -0.194931030273437 0.116836547851563
0.34539794921875 -0.03851318359375 -0.139907836914063 0.0369033813476562
0.33172607421875 0.084320068359375 -0.0485343933105468 -0.0114593505859375
0.224411010742188 0.213973999023438 0.0883255004882813 0.0159683227539063
0.107406616210938 0.26190185546875 0.2255859375 0.149063110351563
-0.0276031494140625 0.170578002929687 0.189208984375 0.4451904296875
0.0725784301757813 0.122383117675781 0.0648193359374999 0.60174560546875
0.23333740234375 0.211166381835937 0.018951416015625 0.339752197265625
0.243927001953125 -0.0283966064453125 0.00299072265625004 0.297210693359375
0.0584030151367188 -0.123916625976563 -0.09228515625 -0.119941711425781
-0.099639892578125 -0.0122299194335938 -0.37078857421875 -0.136627197265625
-0.041900634765625 0.129158020019531 -0.45697021484375 0.0609130859375
0.08245849609375 0.12384033203125 -0.39349365234375 0.157318115234375
0.203689575195313 0.0503997802734375 -0.35418701171875 0.231414794921875
0.18939208984375 -0.035736083984375 -0.324371337890625 0.246612548828125
0.179412841796875 -0.0465850830078125 -0.279647827148438 0.173126220703125
0.22906494140625 -0.010284423828125 -0.229690551757812 0.0732269287109375
0.201858520507813 0.0864105224609375 -0.141510009765625 -0.010284423828125
0.094329833984375 0.16864013671875 0.0329666137695313 0.0039196014404297
-0.0192413330078125 0.158767700195313 0.18878173828125 0.158065795898438
-0.0738296508789063 0.003814697265625 0.136322021484375 0.51043701171875
0.0870208740234375 -0.05517578125 -0.0130615234374999 0.67938232421875
0.25262451171875 0.05029296875 0.00949096679687498 0.41632080078125
-0.184219360351563 0.162139892578125 -0.0693054199218751 -0.42645263671875
-0.088775634765625 0.236038208007813 -0.00329589843749996 -0.71722412109375
0.0728607177734375 0.166839599609375 -0.25390625 -0.45794677734375
0.107086181640625 0.00917816162109375 -0.19281005859375 -0.10906982421875
0.0289840698242188 -0.055633544921875 0.00775146484375 0.0682640075683594
-0.0512733459472656 -0.0394401550292969 0.204071044921875 0.03045654296875
-0.0496826171875 0.00312805175781251 0.30859375 -0.123046875
-0.0259342193603516 0.0176448822021484 0.32098388671875 -0.244598388671875
-0.0430335998535156 -0.001922607421875 0.334503173828125 -0.29541015625
-0.0368423461914063 -0.0392837524414063 0.373291015625 -0.252166748046875
0.00816345214843749 -0.072723388671875 0.371551513671875 -0.206573486328125
0.104301452636719 -0.0723419189453125 0.376434326171875 -0.10174560546875
0.152923583984375 0.0793609619140625 0.341705322265625 0.083770751953125
0.034332275390625 0.198410034179688 0.0943222045898438 0.0139541625976563
-0.069091796875 0.155563354492188 0.046875 -0.399658203125
-0.11370849609375 0.32745361328125 -0.081512451171875 -0.366241455078125
-0.0521240234375 0.364471435546875 0.03619384765625 -0.70379638671875
0.08538818359375 0.302093505859375 -0.274383544921875 -0.50970458984375
0.174285888671875 0.159011840820313 -0.244461059570313 -0.113433837890625
0.149917602539063 0.0406646728515625 -0.0194473266601562 0.0919876098632813
0.11590576171875 -0.024444580078125 0.21466064453125 0.04327392578125
0.100250244140625 -0.0469436645507813 0.3096923828125 -0.117034912109375
0.112045288085938 -0.029510498046875 0.306549072265625 -0.241912841796875
0.109489440917969 -0.0505752563476563 0.32171630859375 -0.29180908203125
0.118484497070313 -0.0513153076171875 0.37274169921875 -0.24810791015625
0.135040283203125 -0.0305099487304687 0.367431640625 -0.189971923828125
0.194442749023438 -0.002960205078125 0.366119384765625 -0.085479736328125
0.206466674804688 0.146591186523438 0.317169189453125 0.075225830078125
0.112457275390625 0.28887939453125 0.11395263671875 0.0284347534179688
0.02630615234375 0.29913330078125 0.0389404296875 -0.3438720703125
-0.00390624999999998 0.4508056640625 -0.0895843505859375 -0.254638671875
0.032806396484375 0.438507080078125 0.049560546875 -0.64654541015625
0.117950439453125 0.376434326171875 -0.31622314453125 -0.5360107421875
0.227767944335938 0.271804809570313 -0.3275146484375 -0.115447998046875
0.25213623046875 0.124313354492188 -0.0848007202148437 0.110580444335938
0.26953125 -0.00439453125 0.171310424804688 0.06494140625
0.239456176757813 -0.08892822265625 0.25970458984375 -0.0825042724609375
0.234039306640625 -0.0723876953125 0.251922607421875 -0.200042724609375
0.246307373046875 -0.093475341796875 0.273818969726563 -0.253448486328125
0.262725830078125 -0.0584259033203125 0.33935546875 -0.21832275390625
0.253768920898438 0.016265869140625 0.34619140625 -0.1622314453125
0.277603149414063 0.0747222900390625 0.361053466796875 -0.058990478515625
0.234970092773437 0.216812133789062 0.3118896484375 0.101531982421875
0.163604736328125 0.34967041015625 0.141815185546875 0.0898284912109375
0.11260986328125 0.39495849609375 0.0438690185546875 -0.239059448242187
0.12835693359375 0.49981689453125 -0.0841522216796875 -0.114128112792969
0.146728515625 0.4373779296875 0.03363037109375 -0.55303955078125
0.159515380859375 0.37005615234375 -0.375640869140625 -0.512664794921875
0.259613037109375 0.31317138671875 -0.415924072265625 -0.0928955078125001
0.3182373046875 0.173492431640625 -0.173294067382812 0.129196166992188
0.3822021484375 0.007598876953125 0.0823211669921875 0.0973129272460938
0.3394775390625 -0.11810302734375 0.163955688476563 -0.023651123046875
0.321258544921875 -0.10406494140625 0.163055419921875 -0.130935668945313
0.34954833984375 -0.11981201171875 0.19281005859375 -0.183258056640625
0.3720703125 -0.05059814453125 0.271865844726563 -0.1646728515625
0.345001220703125 0.071258544921875 0.306304931640625 -0.113983154296875
0.334320068359375 0.15673828125 0.350982666015625 -0.016143798828125
0.2301025390625 0.280899047851563 0.3104248046875 0.158843994140625
0.175567626953125 0.37750244140625 0.173858642578125 0.19244384765625
0.17431640625 0.4344482421875 0.0538253784179688 -0.0975265502929687
0.2403564453125 0.45892333984375 -0.0614814758300781 0.0321006774902344
0.22723388671875 0.3482666015625 -0.000396728515624943 -0.43487548828125
0.16412353515625 0.289886474609375 -0.42498779296875 -0.42755126953125
0.23980712890625 0.294281005859375 -0.480743408203125 -0.041107177734375
0.326812744140625 0.185943603515625 -0.259765625 0.154708862304687
0.43206787109375 0.01397705078125 -0.0342941284179687 0.139656066894531
0.3875732421875 -0.1328125 0.0378227233886719 0.0506248474121094
0.361358642578125 -0.11883544921875 0.0494155883789063 -0.0445213317871094
0.401641845703125 -0.122528076171875 0.0889892578125 -0.0999679565429688
0.426300048828125 -0.02301025390625 0.1761474609375 -0.100006103515625
0.3792724609375 0.130950927734375 0.243072509765625 -0.0597381591796875
0.331085205078125 0.229400634765625 0.325439453125 0.038360595703125
0.176849365234375 0.31146240234375 0.302703857421875 0.243988037109375
0.15216064453125 0.353485107421875 0.18804931640625 0.326385498046875
0.21075439453125 0.4093017578125 0.0572319030761719 0.0614852905273438
0.299041748046875 0.332061767578125 -0.02960205078125 0.160614013671875
0.231643676757812 0.19384765625 -0.042510986328125 -0.307373046875
0.1055908203125 0.179931640625 -0.44140625 -0.305633544921875
0.16778564453125 0.246612548828125 -0.501678466796875 0.027862548828125
0.280258178710938 0.174972534179688 -0.32244873046875 0.178680419921875
0.410980224609375 0.0172119140625 -0.151580810546875 0.184310913085938
0.37255859375 -0.126251220703125 -0.0950164794921875 0.131240844726562
0.346923828125 -0.118133544921875 -0.0715789794921875 0.0454330444335938
0.39825439453125 -0.10467529296875 -0.0271282196044922 -0.0174503326416016
0.41436767578125 0.015716552734375 0.0608329772949219 -0.0421257019042969
0.34130859375 0.178131103515625 0.162704467773438 -0.0143585205078125
0.256866455078125 0.270553588867187 0.281097412109375 0.089874267578125
0.0821533203125 0.279342651367187 0.27081298828125 0.337646484375
0.108993530273437 0.264175415039063 0.167022705078125 0.467498779296875
0.23236083984375 0.323516845703125 0.0519561767578125 0.213211059570313
0.294342041015625 0.149261474609375 0.00270080566406254 0.252426147460938
0.15753173828125 0.02288818359375 -0.07757568359375 -0.188812255859375
0.00295257568359375 0.0771865844726562 -0.41778564453125 -0.183135986328125
0.0679473876953125 0.191848754882813 -0.47955322265625 0.080108642578125
0.196823120117187 0.151321411132813 -0.357269287109375 0.192108154296875
0.332122802734375 0.021240234375 -0.2532958984375 0.226776123046875
0.29986572265625 -0.10015869140625 -0.212966918945312 0.208282470703125
0.280960083007813 -0.09844970703125 -0.180557250976562 0.129852294921875
0.336669921875 -0.074493408203125 -0.13775634765625 0.0505523681640625
0.338287353515625 0.050994873046875 -0.0543098449707031 -0.00469207763671875
0.242218017578125 0.192672729492188 0.0828704833984375 0.00505065917968751
0.130462646484375 0.249176025390625 0.228424072265625 0.122848510742188
-0.0152740478515625 0.1719970703125 0.22259521484375 0.422607421875
0.0773773193359375 0.116470336914063 0.11456298828125 0.59130859375
0.246322631835937 0.188430786132812 0.0440673828125 0.33502197265625
0.236221313476563 -0.050384521484375 0.026519775390625 0.298004150390625
0.0415115356445313 -0.125724792480469 -0.100875854492188 -0.105125427246094
-0.102188110351563 -9.15527343749791E-05 -0.3741455078125 -0.0984802246093749
-0.0287246704101562 0.134063720703125 -0.43963623046875 0.099884033203125
0.0952682495117188 0.118003845214844 -0.371337890625 0.186798095703125
0.209747314453125 0.030853271484375 -0.326629638671875 0.25494384765625
0.183380126953125 -0.0541534423828125 -0.296142578125 0.268218994140625
0.170852661132812 -0.0650177001953125 -0.259994506835938 0.194244384765625
0.22613525390625 -0.0361175537109375 -0.223358154296875 0.0955657958984375
0.210281372070313 0.06536865234375 -0.146072387695313 0.00599670410156253
0.108993530273437 0.159591674804688 0.0258293151855469 -0.00240325927734374
-0.00424194335937501 0.158645629882813 0.19329833984375 0.1341552734375
-0.0740737915039063 0.0107574462890625 0.17779541015625 0.490386962890625
0.0780410766601563 -0.062255859375 0.0423583984375 0.67474365234375
0.254180908203125 0.0257720947265625 0.03955078125 0.41168212890625
-0.170394897460938 0.167449951171875 -0.087127685546875 -0.409698486328125
-0.0713043212890625 0.236343383789062 -0.04071044921875 -0.69482421875
0.08074951171875 0.1580810546875 -0.26690673828125 -0.4273681640625
0.103744506835938 0.0018768310546875 -0.185028076171875 -0.0953826904296875
0.0232620239257813 -0.0564155578613281 0.0206451416015625 0.0639686584472656
-0.0544357299804688 -0.034912109375 0.208084106445313 0.0152587890625
-0.0485267639160156 0.00797271728515625 0.294281005859375 -0.141510009765625
-0.0245399475097656 0.0199909210205078 0.293426513671875 -0.25897216796875
-0.043365478515625 0.00127029418945313 0.3043212890625 -0.304840087890625
-0.0391082763671875 -0.0345420837402344 0.347747802734375 -0.263763427734375
0.0032196044921875 -0.0712738037109375 0.346893310546875 -0.2213134765625
0.09515380859375 -0.0775146484375 0.35650634765625 -0.121307373046875
0.154525756835938 0.0669708251953125 0.335235595703125 0.05682373046875
0.0465240478515625 0.192169189453125 0.0905075073242187 0.00652313232421876
-0.060760498046875 0.155014038085938 0.02392578125 -0.392669677734375
-0.092742919921875 0.32562255859375 -0.095489501953125 -0.349273681640625
-0.0301513671875 0.361419677734375 -0.000549316406250009 -0.68450927734375
0.098480224609375 0.289306640625 -0.291168212890625 -0.47601318359375
0.178573608398438 0.145431518554688 -0.235336303710938 -0.0963897705078125
0.146514892578125 0.030426025390625 -0.00430297851562499 0.0876922607421875
0.109306335449219 -0.029937744140625 0.217880249023438 0.0250701904296875
0.0940704345703125 -0.0502395629882812 0.29693603515625 -0.137451171875
0.106239318847656 -0.0354080200195313 0.280014038085938 -0.255279541015625
0.102043151855469 -0.0559844970703125 0.29278564453125 -0.301666259765625
0.112068176269531 -0.0564498901367188 0.3463134765625 -0.260589599609375
0.129722595214844 -0.0363082885742187 0.342742919921875 -0.205963134765625
0.187774658203125 -0.0150146484375 0.345916748046875 -0.106536865234375
0.208587646484375 0.130355834960938 0.30999755859375 0.0509033203125
0.12603759765625 0.276412963867188 0.110343933105469 0.018951416015625
0.03985595703125 0.291107177734375 0.018798828125 -0.339202880859375
0.02093505859375 0.43731689453125 -0.0980682373046875 -0.24151611328125
0.05450439453125 0.4278564453125 0.0151977539062499 -0.629638671875
0.132476806640625 0.36163330078125 -0.335113525390625 -0.499298095703125
0.237350463867188 0.251083374023438 -0.315185546875 -0.093414306640625
0.2523193359375 0.107269287109375 -0.0676422119140625 0.108146667480469
0.260177612304688 -0.0201873779296875 0.176589965820313 0.0477447509765625
0.22509765625 -0.099273681640625 0.249801635742188 -0.101821899414063
0.222381591796875 -0.0852508544921875 0.230133056640625 -0.212966918945312
0.232696533203125 -0.107192993164063 0.248428344726563 -0.260391235351563
0.251739501953125 -0.0717010498046875 0.314361572265625 -0.231475830078125
0.2496337890625 0.00262451171875 0.323760986328125 -0.177276611328125
0.273971557617188 0.0571441650390625 0.34326171875 -0.081085205078125
0.238449096679687 0.198898315429688 0.3048095703125 0.077972412109375
0.176910400390625 0.33514404296875 0.141647338867188 0.077484130859375
0.128631591796875 0.379974365234375 0.029205322265625 -0.237106323242187
0.151611328125 0.481109619140625 -0.0849380493164062 -0.105239868164062
0.16302490234375 0.421112060546875 0.00555419921874997 -0.538421630859375
0.171966552734375 0.353851318359375 -0.390899658203125 -0.4737548828125
0.270050048828125 0.292877197265625 -0.39971923828125 -0.0665283203125
0.320159912109375 0.151641845703125 -0.153472900390625 0.132553100585938
0.37255859375 -0.01361083984375 0.0912933349609375 0.0845260620117188
0.32244873046875 -0.134613037109375 0.160308837890625 -0.0394744873046875
0.304931640625 -0.121551513671875 0.149627685546875 -0.141006469726563
0.32977294921875 -0.13983154296875 0.173721313476563 -0.189010620117188
0.359375 -0.07208251953125 0.2515869140625 -0.1761474609375
0.340789794921875 0.050933837890625 0.28680419921875 -0.130218505859375
0.333526611328125 0.1337890625 0.335235595703125 -0.038177490234375
0.237594604492188 0.262130737304688 0.30767822265625 0.13531494140625
0.190948486328125 0.362548828125 0.178115844726563 0.174896240234375
0.191558837890625 0.413543701171875 0.0471343994140625 -0.0989608764648437
0.25775146484375 0.434173583984375 -0.0558738708496094 0.0360450744628907
0.23663330078125 0.330047607421875 -0.02227783203125 -0.42254638671875
0.171478271484375 0.278640747070313 -0.4334716796875 -0.387847900390625
0.251800537109375 0.27667236328125 -0.461456298828125 -0.010894775390625
0.331085205078125 0.16583251953125 -0.235824584960937 0.162063598632813
0.421600341796875 -0.010955810546875 -0.0202865600585937 0.131942749023438
0.36785888671875 -0.151885986328125 0.041351318359375 0.039581298828125
0.34234619140625 -0.139678955078125 0.0444450378417969 -0.050811767578125
0.381561279296875 -0.14691162109375 0.077972412109375 -0.101119995117188
0.4140625 -0.050537109375 0.161453247070313 -0.106689453125
0.37701416015625 0.10589599609375 0.22760009765625 -0.073455810546875
0.3355712890625 0.205413818359375 0.31243896484375 0.01568603515625
0.18511962890625 0.295989990234375 0.30267333984375 0.219390869140625
0.16387939453125 0.33935546875 0.19964599609375 0.30633544921875
0.2257080078125 0.387542724609375 0.0572471618652344 0.055908203125
0.307769775390625 0.307159423828125 -0.018402099609375 0.159912109375
0.231536865234375 0.180419921875 -0.05572509765625 -0.29388427734375
0.108169555664062 0.173675537109375 -0.4437255859375 -0.267913818359375
0.178390502929687 0.23486328125 -0.477569580078125 0.05596923828125
0.285919189453125 0.15802001953125 -0.2967529296875 0.189056396484375
0.404541015625 -0.0076904296875 -0.134201049804687 0.18280029296875
0.354156494140625 -0.145843505859375 -0.0831527709960938 0.126800537109375
0.328887939453125 -0.138427734375 -0.0669670104980469 0.0450592041015625
0.380035400390625 -0.131256103515625 -0.0299415588378906 -0.0139560699462891
0.406341552734375 -0.01141357421875 0.0527992248535157 -0.0423851013183594
0.344024658203125 0.154815673828125 0.150772094726563 -0.0249481201171875
0.265411376953125 0.24871826171875 0.2718505859375 0.067596435546875
0.091949462890625 0.269119262695312 0.278045654296875 0.31158447265625
0.117034912109375 0.254867553710938 0.18817138671875 0.44537353515625
0.240692138671875 0.30145263671875 0.0594635009765625 0.20477294921875
0.2940673828125 0.128509521484375 0.0157928466796875 0.249481201171875
0.150100708007812 0.0172271728515625 -0.0837554931640625 -0.176040649414063
0.00439453125 0.08038330078125 -0.412841796875 -0.151214599609375
0.0789031982421875 0.187332153320312 -0.45306396484375 0.10638427734375
0.203872680664063 0.139068603515625 -0.330902099609375 0.203460693359375
0.32757568359375 6.103515625E-05 -0.230484008789062 0.2296142578125
0.28564453125 -0.115966796875 -0.193374633789062 0.209716796875
0.26458740234375 -0.115432739257813 -0.16754150390625 0.133163452148438
0.322509765625 -0.097198486328125 -0.13238525390625 0.0591354370117187
0.334014892578125 0.02630615234375 -0.056976318359375 0.000839233398437505
0.2481689453125 0.174636840820313 0.0738525390625 -0.00127410888671874
0.141494750976563 0.234130859375 0.222305297851563 0.102691650390625
-0.00878906250000001 0.170059204101563 0.23712158203125 0.396209716796875
0.0777740478515625 0.110260009765625 0.1414794921875 0.56951904296875
0.248397827148438 0.168533325195313 0.056854248046875 0.323760986328125
0.226165771484375 -0.0634002685546875 0.0418701171875 0.2918701171875
0.0300445556640625 -0.121513366699219 -0.101783752441406 -0.0908966064453125
-0.0998916625976563 0.0099945068359375 -0.3638916015625 -0.0706787109375
-0.0196762084960938 0.135536193847656 -0.4158935546875 0.12274169921875
0.102081298828125 0.111328125 -0.3455810546875 0.2021484375
0.20947265625 0.0153045654296875 -0.300384521484375 0.263916015625
0.17626953125 -0.064788818359375 -0.2734375 0.274856567382812
0.1610107421875 -0.0747833251953125 -0.239501953125 0.201553344726562
0.216796875 -0.053863525390625 -0.212936401367188 0.109298706054687
0.211257934570312 0.05035400390625 -0.146530151367188 0.018402099609375
0.116180419921875 0.149993896484375 0.0173311233520508 -0.00528430938720702
0.00538635253906251 0.154510498046875 0.188323974609375 0.115158081054688
-0.0742568969726563 0.01544189453125 0.19830322265625 0.465667724609375
0.0691680908203125 -0.0648612976074219 0.077880859375 0.65576171875
0.247055053710938 0.0086212158203125 0.05645751953125 0.39862060546875
-0.163986206054687 0.167984008789063 -0.09185791015625 -0.399688720703125
-0.0616912841796875 0.23724365234375 -0.05340576171875 -0.68011474609375
0.085906982421875 0.154129028320313 -0.269012451171875 -0.41082763671875
0.101638793945313 -0.0010223388671875 -0.176361083984375 -0.091400146484375
0.0193519592285156 -0.0566368103027344 0.0298271179199219 0.0598297119140625
-0.0562934875488281 -0.0315361022949219 0.211822509765625 0.005859375
-0.0477104187011719 0.0110244750976562 0.28619384765625 -0.152923583984375
-0.0246162414550781 0.0213565826416016 0.275924682617188 -0.263442993164062
-0.0454597473144531 0.00363922119140625 0.28839111328125 -0.3060302734375
-0.0412254333496094 -0.0315284729003906 0.33319091796875 -0.265899658203125
0.00148391723632812 -0.0687408447265625 0.332794189453125 -0.22515869140625
0.0894393920898437 -0.0791854858398438 0.343597412109375 -0.129425048828125
0.15435791015625 0.059906005859375 0.329498291015625 0.042510986328125
0.052978515625 0.188751220703125 0.088134765625 0.00160980224609376
-0.05853271484375 0.15576171875 0.013916015625 -0.38897705078125
-0.085052490234375 0.32122802734375 -0.09716796875 -0.340057373046875
-0.022216796875 0.359039306640625 -0.0130615234375 -0.671875
0.10516357421875 0.285797119140625 -0.293609619140625 -0.45794677734375
0.1795654296875 0.138015747070313 -0.225845336914062 -0.0897369384765625
0.144302368164063 0.02532958984375 0.00607299804687502 0.0834426879882813
0.104240417480469 -0.0309600830078125 0.221923828125 0.013580322265625
0.0909805297851563 -0.0499114990234375 0.28875732421875 -0.148681640625
0.103080749511719 -0.0374679565429688 0.264846801757813 -0.261642456054688
0.0973587036132812 -0.0580673217773437 0.277679443359375 -0.303070068359375
0.108535766601563 -0.0575485229492188 0.331207275390625 -0.26318359375
0.126480102539063 -0.0371856689453125 0.328643798828125 -0.211273193359375
0.182601928710937 -0.019012451171875 0.333526611328125 -0.114532470703125
0.206817626953125 0.123992919921875 0.302520751953125 0.0377197265625
0.131484985351563 0.272201538085938 0.107276916503906 0.0136642456054688
0.044342041015625 0.28717041015625 0.01129150390625 -0.33587646484375
0.03076171875 0.429534912109375 -0.0973052978515625 -0.233169555664063
0.063385009765625 0.425018310546875 0.00250244140624994 -0.61920166015625
0.137847900390625 0.356719970703125 -0.3385009765625 -0.48126220703125
0.239959716796875 0.242355346679688 -0.30377197265625 -0.084320068359375
0.2501220703125 0.098968505859375 -0.0559463500976563 0.105094909667969
0.253662109375 -0.0267181396484375 0.18157958984375 0.03668212890625
0.217010498046875 -0.102386474609375 0.244461059570313 -0.114700317382813
0.214797973632812 -0.090850830078125 0.217086791992188 -0.218170166015625
0.223861694335938 -0.113296508789063 0.233810424804687 -0.261260986328125
0.246063232421875 -0.078582763671875 0.30035400390625 -0.23419189453125
0.247222900390625 -0.0026092529296875 0.309967041015625 -0.181732177734375
0.2708740234375 0.0496978759765625 0.330413818359375 -0.08837890625
0.237777709960938 0.191360473632813 0.2974853515625 0.067291259765625
0.181427001953125 0.330047607421875 0.139656066894531 0.0707550048828125
0.133087158203125 0.372589111328125 0.0223388671875 -0.235855102539062
0.15826416015625 0.46978759765625 -0.0823822021484375 -0.100128173828125
0.16912841796875 0.413299560546875 -0.004119873046875 -0.52862548828125
0.17486572265625 0.349395751953125 -0.391693115234375 -0.453155517578125
0.27557373046875 0.28399658203125 -0.386444091796875 -0.0553283691406249
0.319671630859375 0.142547607421875 -0.139442443847656 0.130989074707031
0.365692138671875 -0.0233154296875 0.09759521484375 0.0746612548828125
0.311279296875 -0.14129638671875 0.157928466796875 -0.051544189453125
0.295440673828125 -0.12872314453125 0.140029907226563 -0.14605712890625
0.318572998046875 -0.14996337890625 0.163238525390625 -0.188735961914063
0.35174560546875 -0.082275390625 0.2392578125 -0.178817749023438
0.33917236328125 0.04107666015625 0.273056030273437 -0.134918212890625
0.332122802734375 0.12298583984375 0.3236083984375 -0.048675537109375
0.238113403320313 0.255096435546875 0.300567626953125 0.1243896484375
0.19378662109375 0.356353759765625 0.17742919921875 0.16650390625
0.19635009765625 0.404144287109375 0.0424575805664063 -0.0996017456054687
0.26214599609375 0.42132568359375 -0.0511207580566406 0.03839111328125
0.2392578125 0.321929931640625 -0.02899169921875 -0.414093017578125
0.171890258789062 0.27490234375 -0.43292236328125 -0.3677978515625
0.255630493164063 0.271072387695313 -0.4456787109375 0.000427246093750069
0.33197021484375 0.1566162109375 -0.221084594726563 0.162246704101562
0.4154052734375 -0.02301025390625 -0.0119781494140625 0.123680114746094
0.3555908203125 -0.15985107421875 0.0436019897460938 0.0304222106933594
0.330322265625 -0.148223876953125 0.0407066345214844 -0.0546493530273438
0.36920166015625 -0.15863037109375 0.071014404296875 -0.100212097167969
0.407257080078125 -0.061798095703125 0.15179443359375 -0.108169555664063
0.37530517578125 0.095428466796875 0.215576171875 -0.07843017578125
0.33673095703125 0.192352294921875 0.302001953125 0.00610351562500001
0.186920166015625 0.289337158203125 0.298583984375 0.208038330078125
0.1666259765625 0.335296630859375 0.202117919921875 0.2952880859375
0.228729248046875 0.3763427734375 0.0560836791992188 0.05328369140625
0.30877685546875 0.295379638671875 -0.0128326416015625 0.16021728515625
0.229751586914062 0.17413330078125 -0.0596923828125 -0.2852783203125
0.107452392578125 0.174362182617188 -0.437957763671875 -0.249725341796875
0.182586669921875 0.230560302734375 -0.461517333984375 0.067657470703125
0.288665771484375 0.150482177734375 -0.281082153320313 0.19183349609375
0.399658203125 -0.01953125 -0.123092651367187 0.177871704101563
0.343994140625 -0.154144287109375 -0.0780487060546874 0.120796203613281
0.31683349609375 -0.146881103515625 -0.0652580261230469 0.042449951171875
0.366119384765625 -0.14410400390625 -0.0309009552001953 -0.010772705078125
0.400726318359375 -0.02587890625 0.0465469360351563 -0.041900634765625
0.344940185546875 0.145294189453125 0.141387939453125 -0.0290069580078125
0.26849365234375 0.237213134765625 0.261688232421875 0.0578460693359375
0.09478759765625 0.26556396484375 0.2772216796875 0.29791259765625
0.117919921875 0.251327514648438 0.1943359375 0.432525634765625
0.244049072265625 0.291717529296875 0.060028076171875 0.200210571289063
0.2911376953125 0.11981201171875 0.0232086181640625 0.247894287109375
0.144882202148437 0.0157928466796875 -0.0836944580078124 -0.167190551757813
0.00440216064453125 0.0845565795898437 -0.405120849609375 -0.135040283203125
0.0840911865234375 0.186920166015625 -0.435760498046875 0.116851806640625
0.208053588867188 0.134719848632813 -0.314361572265625 0.206817626953125
0.32586669921875 -0.010528564453125 -0.217254638671875 0.226608276367188
0.27850341796875 -0.124237060546875 -0.184173583984375 0.207061767578125
0.254608154296875 -0.122512817382812 -0.160858154296875 0.133438110351563
0.311981201171875 -0.10888671875 -0.129417419433594 0.0645217895507813
0.33123779296875 0.01422119140625 -0.0596923828125 0.00520706176757812
0.250747680664063 0.1668701171875 0.0643348693847656 -0.00369644165039061
0.145370483398437 0.226974487304687 0.213302612304688 0.0923614501953125
-0.0071868896484375 0.170089721679688 0.23956298828125 0.382049560546875
0.0757598876953125 0.109344482421875 0.1527099609375 0.556396484375
0.247085571289062 0.159423828125 0.060333251953125 0.318603515625
0.220077514648437 -0.0680389404296875 0.047454833984375 0.28948974609375
0.0239181518554688 -0.11761474609375 -0.0993194580078125 -0.0829391479492188
-0.0991668701171875 0.0160446166992188 -0.353607177734375 -0.05731201171875
-0.0143508911132813 0.137596130371094 -0.39849853515625 0.1317138671875
0.106620788574219 0.109024047851562 -0.329620361328125 0.203643798828125
0.210128784179688 0.0070343017578125 -0.2860107421875 0.2640380859375
0.171646118164063 -0.07037353515625 -0.259567260742188 0.275054931640625
0.153121948242188 -0.07940673828125 -0.229400634765625 0.203811645507813
0.2109375 -0.062744140625 -0.206863403320313 0.116302490234375
0.211837768554688 0.04046630859375 -0.147308349609375 0.0264892578125
0.120529174804688 0.147430419921875 0.00883007049560548 -0.0061655044555664
0.00958251953125 0.15252685546875 0.179855346679688 0.105300903320313
-0.0745315551757813 0.0179901123046875 0.20361328125 0.45025634765625
0.063751220703125 -0.0651206970214844 0.0924682617187501 0.6434326171875
0.241790771484375 0.00128173828125 0.060394287109375 0.391448974609375
-0.163848876953125 0.170272827148438 -0.092864990234375 -0.401275634765625
-0.056243896484375 0.242843627929688 -0.05975341796875 -0.6834716796875
0.0918731689453125 0.15472412109375 -0.273101806640625 -0.408416748046875
0.102821350097656 -0.0034637451171875 -0.172836303710938 -0.0913848876953125
0.0171585083007813 -0.0574760437011719 0.0384788513183594 0.056427001953125
-0.0591468811035156 -0.0290489196777344 0.220947265625 -0.00341796875
-0.0478477478027344 0.0139389038085938 0.28717041015625 -0.16278076171875
-0.0243167877197266 0.0228996276855469 0.269134521484375 -0.270599365234375
-0.0467720031738281 0.00671386718749999 0.28216552734375 -0.31072998046875
-0.0428466796875 -0.0300941467285156 0.331573486328125 -0.270538330078125
3.81469726561762E-06 -0.0690727233886719 0.327850341796875 -0.22882080078125
0.0864486694335938 -0.0820693969726563 0.340179443359375 -0.134979248046875
0.15777587890625 0.056488037109375 0.330657958984375 0.03253173828125
0.058258056640625 0.191864013671875 0.0867233276367188 -0.000946044921874988
-0.058563232421875 0.160171508789063 0.00756835937499998 -0.394775390625
-0.082855224609375 0.3245849609375 -0.096954345703125 -0.340911865234375
-0.01348876953125 0.366424560546875 -0.01812744140625 -0.67620849609375
0.111328125 0.290008544921875 -0.300079345703125 -0.45697021484375
0.184829711914063 0.137130737304688 -0.222885131835937 -0.0898895263671875
0.145172119140625 0.0233154296875 0.0138931274414063 0.0801162719726563
0.102592468261719 -0.0327911376953125 0.230819702148437 0.0032501220703125
0.0884170532226563 -0.0501937866210937 0.289520263671875 -0.161529541015625
0.102348327636719 -0.03790283203125 0.258514404296875 -0.2684326171875
0.0950851440429688 -0.0596160888671875 0.271881103515625 -0.307830810546875
0.107864379882813 -0.0592575073242188 0.32861328125 -0.269287109375
0.128334045410156 -0.0387191772460937 0.324951171875 -0.21575927734375
0.183547973632812 -0.0221099853515625 0.330657958984375 -0.119842529296875
0.211151123046875 0.122421264648437 0.30291748046875 0.030487060546875
0.137939453125 0.276580810546875 0.106834411621094 0.0102996826171875
0.046722412109375 0.2923583984375 0.00537109375000002 -0.341949462890625
0.0340576171875 0.43328857421875 -0.097259521484375 -0.233535766601563
0.0715637207031251 0.4307861328125 0.000671386718750037 -0.6234130859375
0.143951416015625 0.362579345703125 -0.344635009765625 -0.47900390625
0.248611450195313 0.242233276367187 -0.30157470703125 -0.08294677734375
0.25592041015625 0.0956268310546875 -0.0474014282226562 0.103660583496094
0.2547607421875 -0.0308837890625 0.189117431640625 0.026947021484375
0.214950561523438 -0.105850219726563 0.244949340820313 -0.125885009765625
0.213775634765625 -0.094451904296875 0.212417602539063 -0.224929809570313
0.221466064453125 -0.118255615234375 0.230026245117188 -0.264556884765625
0.245849609375 -0.0848541259765625 0.296356201171875 -0.2396240234375
0.251495361328125 -0.00567626953125 0.3060302734375 -0.187469482421875
0.275115966796875 0.0464324951171875 0.328155517578125 -0.0941162109375
0.242263793945312 0.192214965820313 0.297882080078125 0.061431884765625
0.187957763671875 0.3350830078125 0.140213012695313 0.0675201416015625
0.137451171875 0.37744140625 0.018798828125 -0.240188598632812
0.16571044921875 0.471435546875 -0.0808334350585937 -0.100082397460937
0.177581787109375 0.419036865234375 -0.00723266601562498 -0.53265380859375
0.17938232421875 0.355712890625 -0.3997802734375 -0.45111083984375
0.28363037109375 0.283843994140625 -0.383819580078125 -0.0511474609375
0.327423095703125 0.140167236328125 -0.132377624511719 0.1309814453125
0.369293212890625 -0.029571533203125 0.104965209960938 0.0659561157226562
0.312347412109375 -0.146759033203125 0.159317016601563 -0.0622100830078125
0.29461669921875 -0.13604736328125 0.135940551757813 -0.15191650390625
0.316375732421875 -0.15875244140625 0.160446166992188 -0.19171142578125
0.354248046875 -0.091461181640625 0.235107421875 -0.183303833007812
0.346466064453125 0.03851318359375 0.269119262695313 -0.140411376953125
0.33843994140625 0.1197509765625 0.320159912109375 -0.05340576171875
0.241119384765625 0.257492065429688 0.30169677734375 0.12091064453125
0.200927734375 0.362823486328125 0.180007934570313 0.16448974609375
0.202056884765625 0.408782958984375 0.0402374267578125 -0.103050231933594
0.270477294921875 0.421234130859375 -0.048492431640625 0.0396194458007813
0.24420166015625 0.325103759765625 -0.031890869140625 -0.415435791015625
0.175445556640625 0.280792236328125 -0.43994140625 -0.3624267578125
0.265792846679688 0.272384643554688 -0.44244384765625 0.00698852539062492
0.34088134765625 0.154510498046875 -0.215133666992187 0.164199829101562
0.420318603515625 -0.0306396484375 -0.00517272949218747 0.117935180664062
0.356292724609375 -0.167572021484375 0.045196533203125 0.0235481262207031
0.329345703125 -0.15716552734375 0.0382919311523438 -0.05902099609375
0.36663818359375 -0.1697998046875 0.069580078125 -0.100212097167969
0.411224365234375 -0.073394775390625 0.147994995117188 -0.109909057617188
0.38525390625 0.091156005859375 0.21124267578125 -0.081878662109375
0.344512939453125 0.1898193359375 0.2987060546875 0.000762939453125012
0.189697265625 0.293609619140625 0.300628662109375 0.20538330078125
0.17156982421875 0.340728759765625 0.205780029296875 0.294708251953125
0.236083984375 0.379241943359375 0.0548515319824219 0.0524482727050781
0.31646728515625 0.294677734375 -0.00994873046874999 0.162796020507813
0.232940673828125 0.176406860351563 -0.060455322265625 -0.28497314453125
0.110153198242188 0.180618286132812 -0.442474365234375 -0.243682861328125
0.1922607421875 0.234222412109375 -0.45697021484375 0.0750732421875001
0.29827880859375 0.150421142578125 -0.275039672851563 0.195358276367187
0.407073974609375 -0.028533935546875 -0.11700439453125 0.175765991210938
0.34344482421875 -0.16180419921875 -0.075714111328125 0.117622375488281
0.31591796875 -0.1551513671875 -0.0672035217285156 0.0416831970214843
0.36529541015625 -0.1551513671875 -0.0323352813720703 -0.00842857360839845
0.404449462890625 -0.03607177734375 0.0426673889160157 -0.0397567749023438
0.35235595703125 0.140380859375 0.135940551757813 -0.0303192138671875
0.276718139648437 0.23687744140625 0.257705688476563 0.05291748046875
0.09674072265625 0.269622802734375 0.280120849609375 0.297027587890625
0.120590209960938 0.256942749023438 0.201751708984375 0.4351806640625
0.248321533203125 0.292572021484375 0.0617523193359375 0.20269775390625
0.295440673828125 0.115264892578125 0.027008056640625 0.252456665039063
0.14471435546875 0.0165863037109375 -0.08441162109375 -0.16510009765625
0.0037689208984375 0.0904464721679688 -0.40771484375 -0.12835693359375
0.09027099609375 0.192337036132813 -0.432098388671875 0.12457275390625
0.216339111328125 0.13494873046875 -0.307647705078125 0.209442138671875
0.333251953125 -0.019866943359375 -0.212677001953125 0.228302001953125
0.2789306640625 -0.131820678710938 -0.1815185546875 0.208206176757812
0.251983642578125 -0.12786865234375 -0.160736083984375 0.136520385742187
0.310943603515625 -0.119964599609375 -0.129814147949219 0.06988525390625
0.33642578125 0.0047607421875 -0.0641098022460937 0.010589599609375
0.258758544921875 0.165634155273438 0.0583839416503906 -0.00384140014648437
0.1514892578125 0.227737426757813 0.20965576171875 0.087677001953125
-0.00775146484375002 0.174423217773438 0.2445068359375 0.3812255859375
0.0753707885742187 0.112052917480469 0.161956787109375 0.560272216796875
0.25091552734375 0.157394409179687 0.061309814453125 0.322235107421875
0.222137451171875 -0.07330322265625 0.05230712890625 0.2957763671875
0.0204925537109375 -0.116493225097656 -0.099029541015625 -0.0777130126953125
-0.099853515625 0.020965576171875 -0.354278564453125 -0.0508117675781249
-0.01092529296875 0.14227294921875 -0.393890380859375 0.14019775390625
0.114227294921875 0.109565734863281 -0.325836181640625 0.209991455078125
0.216720581054688 -0.0004425048828125 -0.281768798828125 0.267669677734375
0.172531127929688 -0.0758209228515625 -0.256668090820313 0.280410766601562
0.151641845703125 -0.082977294921875 -0.228469848632813 0.208892822265625
0.209884643554688 -0.0707244873046875 -0.206283569335938 0.123916625976563
0.217071533203125 0.0349578857421875 -0.15130615234375 0.034698486328125
0.127395629882813 0.148345947265625 0.000576972961425789 -0.00476884841918944
0.0123291015625 0.155563354492188 0.174636840820312 0.101654052734375
-0.0772705078125 0.0208358764648437 0.21160888671875 0.449859619140625
0.0605659484863281 -0.065582275390625 0.1019287109375 0.64886474609375
0.2432861328125 -0.0024261474609375 0.0621337890625 0.3948974609375
-0.167633056640625 0.180465698242187 -0.1026611328125 -0.41082763671875
-0.0484771728515625 0.253921508789062 -0.075927734375 -0.70458984375
0.101638793945312 0.1571044921875 -0.289215087890625 -0.4139404296875
0.10693359375 -0.0069122314453125 -0.175643920898438 -0.091796875
0.0147590637207031 -0.0590438842773438 0.0476837158203125 0.053466796875
-0.0631942749023438 -0.0261802673339844 0.235122680664063 -0.017333984375
-0.0497169494628906 0.0179710388183594 0.29083251953125 -0.182342529296875
-0.0242042541503906 0.0265865325927734 0.266357421875 -0.28485107421875
-0.0512199401855469 0.0109672546386719 0.2822265625 -0.326507568359375
-0.0467262268066406 -0.0277976989746094 0.332977294921875 -0.286285400390625
-0.00145721435546875 -0.0712661743164063 0.3292236328125 -0.2430419921875
0.0856857299804688 -0.0870742797851562 0.34375 -0.148468017578125
0.165664672851563 0.05352783203125 0.338226318359375 0.020050048828125
0.0680694580078125 0.19927978515625 0.0876388549804688 -0.00505065917968749
-0.0574493408203125 0.17034912109375 -0.00329589843749997 -0.411346435546875
-0.079986572265625 0.337921142578125 -0.104278564453125 -0.34881591796875
-0.002685546875 0.381195068359375 -0.0321044921875 -0.6981201171875
0.124298095703125 0.297760009765625 -0.318756103515625 -0.4632568359375
0.196456909179687 0.136215209960938 -0.226806640625 -0.0892181396484375
0.150650024414063 0.0197906494140625 0.0244674682617188 0.0789108276367188
0.103614807128906 -0.0352020263671875 0.244659423828125 -0.0113983154296875
0.0896835327148437 -0.053253173828125 0.294036865234375 -0.181793212890625
0.104156494140625 -0.0422821044921875 0.2550048828125 -0.283966064453125
0.0948944091796875 -0.0637435913085938 0.271026611328125 -0.322845458984375
0.108718872070312 -0.0641555786132812 0.32867431640625 -0.285369873046875
0.133949279785156 -0.0438766479492187 0.3265380859375 -0.22979736328125
0.1885986328125 -0.02783203125 0.334197998046875 -0.133392333984375
0.221206665039063 0.121719360351563 0.31134033203125 0.02069091796875
0.1524658203125 0.285736083984375 0.107833862304688 0.00573730468750002
0.055419921875 0.303924560546875 -0.00512695312500002 -0.35626220703125
0.04388427734375 0.44744873046875 -0.1007080078125 -0.2392578125
0.086669921875 0.4453125 -0.010498046875 -0.6463623046875
0.157867431640625 0.374725341796875 -0.367462158203125 -0.485595703125
0.266036987304688 0.243988037109375 -0.307708740234375 -0.078948974609375
0.267547607421875 0.091522216796875 -0.0396499633789062 0.1048583984375
0.261505126953125 -0.03863525390625 0.202362060546875 0.0140838623046875
0.21954345703125 -0.114822387695312 0.249114990234375 -0.14471435546875
0.217941284179688 -0.1038818359375 0.209945678710937 -0.23919677734375
0.2232666015625 -0.129409790039062 0.2283935546875 -0.278472900390625
0.250946044921875 -0.095367431640625 0.29620361328125 -0.25250244140625
0.262115478515625 -0.0123748779296875 0.306793212890625 -0.200164794921875
0.285858154296875 0.040985107421875 0.330902099609375 -0.1060791015625
0.254745483398438 0.19488525390625 0.30474853515625 0.053924560546875
0.205108642578125 0.346893310546875 0.143997192382813 0.064666748046875
0.152801513671875 0.38934326171875 0.0111846923828125 -0.251708984375
0.181976318359375 0.482421875 -0.0820846557617187 -0.101509094238281
0.195281982421875 0.43157958984375 -0.016876220703125 -0.551910400390625
0.195587158203125 0.36798095703125 -0.424407958984375 -0.45538330078125
0.304534912109375 0.287933349609375 -0.39385986328125 -0.044525146484375
0.34454345703125 0.137420654296875 -0.127799987792969 0.136009216308594
0.381195068359375 -0.04302978515625 0.115554809570313 0.0577011108398438
0.317169189453125 -0.1611328125 0.161651611328125 -0.0760498046875
0.298004150390625 -0.149871826171875 0.133880615234375 -0.163253784179688
0.319793701171875 -0.174774169921875 0.159591674804688 -0.200927734375
0.362274169921875 -0.1068115234375 0.234954833984375 -0.192703247070313
0.361419677734375 0.029754638671875 0.270095825195313 -0.151321411132813
0.35540771484375 0.1156005859375 0.32403564453125 -0.064300537109375
0.255416870117188 0.2650146484375 0.3109130859375 0.116668701171875
0.216796875 0.3746337890625 0.188949584960938 0.164260864257813
0.219573974609375 0.420166015625 0.0366439819335938 -0.109001159667969
0.288482666015625 0.428985595703125 -0.0472259521484375 0.0425605773925782
0.263275146484375 0.3330078125 -0.03875732421875 -0.42962646484375
0.187713623046875 0.292144775390625 -0.462799072265625 -0.36285400390625
0.28607177734375 0.277435302734375 -0.452117919921875 0.0183105468750001
0.36077880859375 0.151702880859375 -0.21221923828125 0.173171997070313
0.436767578125 -0.04693603515625 0.00231933593750004 0.114471435546875
0.363616943359375 -0.1837158203125 0.0467910766601563 0.0162353515625
0.334503173828125 -0.172576904296875 0.0358924865722656 -0.0641059875488281
0.370697021484375 -0.188873291015625 0.0683746337890625 -0.104377746582031
0.42303466796875 -0.09100341796875 0.146316528320313 -0.11517333984375
0.40374755859375 0.083587646484375 0.21063232421875 -0.0885162353515625
0.3631591796875 0.188140869140625 0.30242919921875 -0.00805664062499999
0.203033447265625 0.304290771484375 0.312042236328125 0.204071044921875
0.186767578125 0.35345458984375 0.219482421875 0.299072265625
0.25201416015625 0.38818359375 0.0561943054199219 0.0525970458984375
0.333221435546875 0.295013427734375 -0.00439453124999997 0.169387817382813
0.245529174804688 0.178680419921875 -0.066497802734375 -0.2930908203125
0.116912841796875 0.189773559570313 -0.46160888671875 -0.239013671875
0.208572387695313 0.241897583007813 -0.46307373046875 0.09039306640625
0.317230224609375 0.14886474609375 -0.274093627929688 0.20660400390625
0.42340087890625 -0.044036865234375 -0.112518310546875 0.177032470703125
0.3519287109375 -0.179901123046875 -0.074859619140625 0.118270874023437
0.319793701171875 -0.1697998046875 -0.0690956115722656 0.0433769226074219
0.37103271484375 -0.17388916015625 -0.0330333709716797 -0.00582504272460938
0.418304443359375 -0.053558349609375 0.0396766662597657 -0.0384445190429688
0.373291015625 0.135772705078125 0.133209228515625 -0.0335693359375
0.2940673828125 0.237335205078125 0.261383056640625 0.047576904296875
0.105133056640625 0.281402587890625 0.294097900390625 0.29998779296875
0.129974365234375 0.266387939453125 0.218719482421875 0.443450927734375
0.263702392578125 0.296417236328125 0.0660552978515625 0.208358764648438
0.30859375 0.110626220703125 0.03509521484375 0.262420654296875
0.149551391601563 0.0155029296875 -0.08837890625 -0.1658935546875
0.00599670410156251 0.0981063842773437 -0.420745849609375 -0.121063232421875
0.101959228515625 0.200103759765625 -0.43585205078125 0.13995361328125
0.232101440429688 0.13519287109375 -0.3096923828125 0.2235107421875
0.34698486328125 -0.03326416015625 -0.210693359375 0.236557006835938
0.2847900390625 -0.146392822265625 -0.181961059570312 0.217742919921875
0.255447387695313 -0.140945434570313 -0.162918090820312 0.144119262695313
0.314910888671875 -0.136260986328125 -0.131202697753906 0.0787124633789063
0.34979248046875 -0.0089111328125 -0.0683403015136718 0.0179824829101563
0.276763916015625 0.164703369140625 0.0527877807617188 -0.00277328491210936
0.164657592773438 0.232254028320313 0.209747314453125 0.084228515625
-0.00563049316406252 0.183837890625 0.259552001953125 0.386138916015625
0.0785980224609375 0.117744445800781 0.1806640625 0.5745849609375
0.262588500976563 0.156478881835938 0.067901611328125 0.332977294921875
0.226882934570312 -0.0835113525390625 0.061431884765625 0.306854248046875
0.0165939331054687 -0.118988037109375 -0.102188110351562 -0.0752487182617188
-0.102836608886719 0.0276107788085938 -0.363677978515625 -0.0415344238281249
-0.005126953125 0.1507568359375 -0.39703369140625 0.155670166015625
0.124176025390625 0.110847473144531 -0.326873779296875 0.221710205078125
0.226730346679688 -0.0115814208984375 -0.280364990234375 0.281494140625
0.1761474609375 -0.085540771484375 -0.25714111328125 0.29534912109375
0.152618408203125 -0.090789794921875 -0.229232788085937 0.223464965820313
0.212539672851563 -0.08343505859375 -0.208541870117187 0.138519287109375
0.228759765625 0.0252532958984375 -0.158294677734375 0.0467529296875
0.139892578125 0.151382446289063 -0.0072941780090332 -0.00259971618652343
0.0172271728515625 0.161880493164063 0.174911499023438 0.0992584228515625
-0.082122802734375 0.0257644653320313 0.228973388671875 0.457244873046875
0.0587806701660156 -0.0671463012695313 0.1224365234375 0.6676025390625
0.251113891601562 -0.010833740234375 0.07012939453125 0.4097900390625
-0.166900634765625 0.19683837890625 -0.12408447265625 -0.4190673828125
-0.0333251953125 0.269760131835938 -0.11358642578125 -0.72747802734375
0.1185302734375 0.156723022460938 -0.319000244140625 -0.411346435546875
0.110687255859375 -0.0151138305664063 -0.182540893554688 -0.0882568359375
0.0113182067871094 -0.0629730224609375 0.060638427734375 0.0471458435058594
-0.0685615539550781 -0.0219306945800781 0.247467041015625 -0.03961181640625
-0.0513572692871094 0.0251846313476562 0.289703369140625 -0.211669921875
-0.0236988067626953 0.031402587890625 0.256134033203125 -0.308868408203125
-0.0528564453125 0.0174140930175781 0.274658203125 -0.352020263671875
-0.0503654479980469 -0.0245819091796875 0.3299560546875 -0.3121337890625
-0.00637054443359375 -0.0748214721679687 0.32666015625 -0.269989013671875
0.0824203491210938 -0.095733642578125 0.34686279296875 -0.17132568359375
0.177322387695313 0.0445709228515625 0.3489990234375 -0.002288818359375
0.08526611328125 0.204177856445313 0.08636474609375 -0.00976562499999999
-0.0516510009765625 0.1839599609375 -0.029541015625 -0.427215576171875
-0.06756591796875 0.35479736328125 -0.123992919921875 -0.35723876953125
0.02154541015625 0.397979736328125 -0.0675048828125 -0.72406005859375
0.147918701171875 0.305572509765625 -0.353973388671875 -0.46099853515625
0.2132568359375 0.128250122070313 -0.2337646484375 -0.081756591796875
0.156784057617188 0.0113983154296875 0.0378189086914063 0.0755691528320313
0.104652404785156 -0.0417556762695313 0.257522583007813 -0.0348968505859375
0.0889511108398437 -0.0582427978515625 0.2916259765625 -0.21270751953125
0.106163024902344 -0.0489120483398438 0.24676513671875 -0.308746337890625
0.094268798828125 -0.0693283081054688 0.262359619140625 -0.349365234375
0.109260559082031 -0.0722274780273438 0.32586669921875 -0.311492919921875
0.1378173828125 -0.0534133911132813 0.322357177734375 -0.2552490234375
0.19512939453125 -0.0391998291015625 0.33642578125 -0.157318115234375
0.238113403320313 0.116058349609375 0.319610595703125 0.00167846679687501
0.17822265625 0.29193115234375 0.109390258789063 -0.000488281249999982
0.075347900390625 0.316436767578125 -0.0272216796875 -0.37139892578125
0.06646728515625 0.463409423828125 -0.114334106445312 -0.24462890625
0.115509033203125 0.45989990234375 -0.04266357421875 -0.67218017578125
0.187713623046875 0.382537841796875 -0.407958984375 -0.479949951171875
0.291534423828125 0.238433837890625 -0.319305419921875 -0.066192626953125
0.284423828125 0.081756591796875 -0.0301437377929687 0.107917785644531
0.2696533203125 -0.057708740234375 0.212738037109375 -0.0063629150390625
0.220504760742188 -0.130615234375 0.248214721679688 -0.171142578125
0.220230102539063 -0.120376586914063 0.200775146484375 -0.260147094726563
0.224151611328125 -0.146331787109375 0.22174072265625 -0.30010986328125
0.255142211914063 -0.113922119140625 0.29315185546875 -0.2772216796875
0.274749755859375 -0.029205322265625 0.3040771484375 -0.22406005859375
0.3004150390625 0.0277099609375 0.33447265625 -0.129547119140625
0.276473999023438 0.192306518554688 0.31707763671875 0.038299560546875
0.23651123046875 0.35455322265625 0.149978637695313 0.060394287109375
0.17987060546875 0.399322509765625 -0.00503540039062496 -0.2633056640625
0.21160888671875 0.4942626953125 -0.0892486572265625 -0.101844787597656
0.228057861328125 0.43890380859375 -0.0424804687499999 -0.574951171875
0.223358154296875 0.378875732421875 -0.465423583984375 -0.446014404296875
0.335418701171875 0.28271484375 -0.40576171875 -0.026824951171875
0.368682861328125 0.123138427734375 -0.118026733398438 0.145904541015625
0.39300537109375 -0.068084716796875 0.125831604003906 0.0422134399414062
0.318328857421875 -0.185211181640625 0.162689208984375 -0.0954437255859375
0.299560546875 -0.174285888671875 0.126876831054688 -0.179367065429687
0.3206787109375 -0.199432373046875 0.153732299804688 -0.216766357421875
0.37261962890625 -0.13629150390625 0.230270385742188 -0.210769653320312
0.38177490234375 0.0089111328125 0.268646240234375 -0.170654296875
0.378265380859375 0.099456787109375 0.328125 -0.084564208984375
0.280624389648438 0.266082763671875 0.326446533203125 0.103668212890625
0.250152587890625 0.3829345703125 0.20220947265625 0.1591796875
0.252471923828125 0.4266357421875 0.0298919677734375 -0.116218566894531
0.322052001953125 0.4295654296875 -0.0450019836425781 0.047119140625
0.293548583984375 0.332000732421875 -0.059844970703125 -0.44464111328125
0.21148681640625 0.29840087890625 -0.49884033203125 -0.350433349609375
0.31634521484375 0.274871826171875 -0.463104248046875 0.0424194335937501
0.387725830078125 0.1392822265625 -0.20562744140625 0.189132690429688
0.45184326171875 -0.075439453125 0.0121078491210938 0.109840393066406
0.3668212890625 -0.213348388671875 0.0480461120605469 0.00719451904296874
0.33551025390625 -0.19989013671875 0.0316123962402344 -0.0699844360351563
0.37164306640625 -0.2200927734375 0.066680908203125 -0.112319946289063
0.43267822265625 -0.12335205078125 0.143218994140625 -0.124847412109375
0.428375244140625 0.062957763671875 0.208221435546875 -0.103134155273438
0.391510009765625 0.174468994140625 0.307098388671875 -0.02301025390625
0.228912353515625 0.308074951171875 0.332244873046875 0.196533203125
0.214324951171875 0.3614501953125 0.242767333984375 0.29864501953125
0.284637451171875 0.390167236328125 0.0582656860351563 0.0520286560058594
0.362335205078125 0.287841796875 0.00512695312500002 0.178543090820313
0.265350341796875 0.17364501953125 -0.081573486328125 -0.3013916015625
0.131317138671875 0.197006225585938 -0.489990234375 -0.2213134765625
0.23492431640625 0.242691040039063 -0.470611572265625 0.118560791015625
0.343719482421875 0.13909912109375 -0.267593383789062 0.227340698242187
0.438323974609375 -0.0755615234375 -0.10382080078125 0.183456420898438
0.355987548828125 -0.208282470703125 -0.0718536376953125 0.1229248046875
0.3201904296875 -0.196044921875 -0.0701332092285156 0.0460090637207031
0.372772216796875 -0.206451416015625 -0.0333404541015625 -0.00391387939453127
0.432586669921875 -0.08612060546875 0.0373764038085938 -0.0378684997558594
0.40069580078125 0.11859130859375 0.130363464355469 -0.0389175415039062
0.32122802734375 0.229156494140625 0.266265869140625 0.0358123779296875
0.1236572265625 0.291717529296875 0.320343017578125 0.295166015625
0.150665283203125 0.274948120117188 0.251617431640625 0.4493408203125
0.290802001953125 0.294036865234375 0.0778961181640625 0.213241577148438
0.32574462890625 0.097076416015625 0.051361083984375 0.27349853515625
0.156036376953125 0.00811767578125 -0.096771240234375 -0.166427612304688
0.0100326538085938 0.106674194335937 -0.4422607421875 -0.1014404296875
0.121902465820313 0.205734252929688 -0.4383544921875 0.170074462890625
0.254287719726563 0.1285400390625 -0.30340576171875 0.2489013671875
0.361785888671875 -0.060394287109375 -0.20294189453125 0.251800537109375
0.28778076171875 -0.170623779296875 -0.17578125 0.233901977539062
0.2559814453125 -0.162521362304688 -0.160369873046875 0.158432006835938
0.316436767578125 -0.162841796875 -0.129997253417969 0.09088134765625
0.363555908203125 -0.035797119140625 -0.0709381103515625 0.0278854370117188
0.3021240234375 0.1539306640625 0.048095703125 -0.00233459472656249
0.185821533203125 0.232345581054688 0.214385986328125 0.07647705078125
0.00283813476562501 0.19500732421875 0.289886474609375 0.385986328125
0.0871047973632813 0.121391296386719 0.22119140625 0.586181640625
0.280792236328125 0.147491455078125 0.08599853515625 0.34381103515625
0.2291259765625 -0.1019287109375 0.08074951171875 0.319366455078125
0.00925445556640626 -0.123420715332031 -0.106689453125 -0.0693588256835938
-0.10711669921875 0.036773681640625 -0.374847412109375 -0.0227050781250001
0.00709533691406249 0.160537719726563 -0.39794921875 0.183197021484375
0.139968872070313 0.109146118164063 -0.32171630859375 0.246337890625
0.235549926757813 -0.0301361083984375 -0.274932861328125 0.304931640625
0.178863525390625 -0.101333618164063 -0.250091552734375 0.32293701171875
0.153366088867187 -0.102127075195312 -0.225967407226563 0.244842529296875
0.213973999023437 -0.10101318359375 -0.2064208984375 0.15838623046875
0.240554809570313 0.0091094970703125 -0.16192626953125 0.0638885498046875
0.158538818359375 0.149429321289063 -0.0151453018188476 0.00310802459716798
0.02716064453125 0.168426513671875 0.178695678710937 0.0927276611328125
-0.0861892700195313 0.0328521728515625 0.26373291015625 0.459320068359375
0.057708740234375 -0.0714187622070313 0.164306640625 0.687744140625
0.258193969726563 -0.0260009765625 0.091461181640625 0.423431396484375
-0.159500122070312 0.215591430664063 -0.15386962890625 -0.413665771484375
-0.0104522705078125 0.276992797851563 -0.16729736328125 -0.72998046875
0.135635375976563 0.149276733398437 -0.353302001953125 -0.38995361328125
0.110992431640625 -0.0250778198242188 -0.188934326171875 -0.076995849609375
0.00523757934570313 -0.0649299621582031 0.0689125061035156 0.0363960266113281
-0.0737838745117188 -0.0143508911132813 0.250885009765625 -0.0708770751953125
-0.0501976013183594 0.0325126647949219 0.273391723632813 -0.24407958984375
-0.0211067199707031 0.0358314514160156 0.23284912109375 -0.332061767578125
-0.0520095825195313 0.0256195068359375 0.2503662109375 -0.37750244140625
-0.05499267578125 -0.0180931091308594 0.310516357421875 -0.339752197265625
-0.0150222778320312 -0.0754623413085938 0.307861328125 -0.2965087890625
0.0750656127929688 -0.102813720703125 0.3333740234375 -0.199981689453125
0.18292236328125 0.031646728515625 0.348846435546875 -0.033782958984375
0.105758666992188 0.203842163085938 0.0867996215820313 -0.0149383544921875
-0.0362091064453125 0.194503784179687 -0.06756591796875 -0.4327392578125
-0.048095703125 0.367706298828125 -0.148193359375 -0.350494384765625
0.054229736328125 0.402862548828125 -0.12017822265625 -0.733154296875
0.1748046875 0.299774169921875 -0.39117431640625 -0.439727783203125
0.229400634765625 0.10968017578125 -0.239242553710937 -0.0644378662109375
0.163314819335938 0.0004425048828125 0.048553466796875 0.0685539245605469
0.100250244140625 -0.0493240356445313 0.258285522460938 -0.068115234375
0.08544921875 -0.0604324340820313 0.27606201171875 -0.24493408203125
0.102760314941406 -0.0559463500976562 0.220947265625 -0.33172607421875
0.0880966186523438 -0.0737457275390625 0.241058349609375 -0.3740234375
0.104110717773438 -0.0815200805664063 0.3062744140625 -0.33856201171875
0.134674072265625 -0.064849853515625 0.307830810546875 -0.28564453125
0.195571899414063 -0.0534820556640625 0.325225830078125 -0.183990478515625
0.252395629882813 0.1005859375 0.318603515625 -0.0235595703125
0.204925537109375 0.28759765625 0.109703063964844 -0.00804138183593748
0.1021728515625 0.3194580078125 -0.060577392578125 -0.375335693359375
0.101348876953125 0.466217041015625 -0.131576538085938 -0.2373046875
0.1600341796875 0.46148681640625 -0.0917358398437501 -0.6805419921875
0.22039794921875 0.375518798828125 -0.448577880859375 -0.45654296875
0.3218994140625 0.216278076171875 -0.3255615234375 -0.04388427734375
0.29779052734375 0.05816650390625 -0.0178070068359375 0.108512878417969
0.266769409179688 -0.0788116455078125 0.21722412109375 -0.0371246337890625
0.213592529296875 -0.1510009765625 0.236480712890625 -0.201141357421875
0.21234130859375 -0.140121459960937 0.181365966796875 -0.280426025390625
0.214324951171875 -0.167083740234375 0.201873779296875 -0.321441650390625
0.250900268554688 -0.134445190429688 0.2725830078125 -0.303375244140625
0.279739379882813 -0.05255126953125 0.28759765625 -0.247100830078125
0.308746337890625 0.00323486328125 0.3238525390625 -0.156219482421875
0.296356201171875 0.177642822265625 0.321868896484375 0.014190673828125
0.271270751953125 0.342529296875 0.154647827148438 0.048126220703125
0.213897705078125 0.396026611328125 -0.029876708984375 -0.266769409179688
0.251495361328125 0.484466552734375 -0.0981826782226563 -0.0968856811523437
0.27001953125 0.42767333984375 -0.0844726562499999 -0.58319091796875
0.256988525390625 0.370758056640625 -0.50457763671875 -0.416748046875
0.366455078125 0.261993408203125 -0.409454345703125 0.00216674804687509
0.387664794921875 0.095184326171875 -0.105209350585937 0.153518676757813
0.39276123046875 -0.103057861328125 0.132476806640625 0.0211181640625
0.309326171875 -0.2144775390625 0.154647827148438 -0.116058349609375
0.2894287109375 -0.201690673828125 0.112030029296875 -0.194869995117188
0.306304931640625 -0.22784423828125 0.141082763671875 -0.234710693359375
0.36407470703125 -0.168609619140625 0.216201782226563 -0.227218627929687
0.391571044921875 -0.025115966796875 0.253463745117187 -0.19378662109375
0.39312744140625 0.070770263671875 0.319793701171875 -0.108123779296875
0.3087158203125 0.25146484375 0.33551025390625 0.078948974609375
0.286163330078125 0.37310791015625 0.214889526367188 0.1451416015625
0.289886474609375 0.4171142578125 0.0183868408203125 -0.123680114746094
0.35772705078125 0.413909912109375 -0.0403099060058593 0.0499420166015625
0.326416015625 0.313262939453125 -0.0912475585937499 -0.447418212890625
0.2403564453125 0.293975830078125 -0.53448486328125 -0.3167724609375
0.347320556640625 0.256439208984375 -0.460235595703125 0.077362060546875
0.41033935546875 0.109832763671875 -0.18731689453125 0.20318603515625
0.4554443359375 -0.1175537109375 0.0223617553710938 0.102615356445313
0.3536376953125 -0.2457275390625 0.0486602783203125 -0.00268173217773439
0.323028564453125 -0.231475830078125 0.0242462158203125 -0.0758132934570313
0.35711669921875 -0.2530517578125 0.0586090087890625 -0.120613098144531
0.42950439453125 -0.162322998046875 0.133155822753906 -0.134750366210938
0.442779541015625 0.0299072265625 0.20013427734375 -0.11602783203125
0.413238525390625 0.147247314453125 0.303558349609375 -0.0467529296875
0.25836181640625 0.301177978515625 0.34735107421875 0.1746826171875
0.248077392578125 0.355743408203125 0.265380859375 0.285064697265625
0.31982421875 0.37542724609375 0.0609512329101563 0.0490303039550781
0.389129638671875 0.26715087890625 0.0219879150390625 0.1800537109375
0.283843994140625 0.15576171875 -0.1024169921875 -0.2999267578125
0.148269653320313 0.196685791015625 -0.51654052734375 -0.18450927734375
0.261550903320313 0.230300903320313 -0.4627685546875 0.15582275390625
0.3646240234375 0.111358642578125 -0.249237060546875 0.24853515625
0.439697265625 -0.115081787109375 -0.0890045166015625 0.185699462890625
0.345550537109375 -0.2435302734375 -0.06317138671875 0.126609802246094
0.308746337890625 -0.22576904296875 -0.0708541870117187 0.0510330200195313
0.35980224609375 -0.2415771484375 -0.0348224639892578 -0.00222015380859376
0.43023681640625 -0.124969482421875 0.034698486328125 -0.038360595703125
0.422393798828125 0.0859375 0.125411987304688 -0.0466079711914063
0.346527099609375 0.207122802734375 0.264022827148437 0.0184783935546875
0.1494140625 0.2926025390625 0.342987060546875 0.27569580078125
0.175186157226563 0.271453857421875 0.28778076171875 0.4368896484375
0.319183349609375 0.27581787109375 0.09246826171875 0.21209716796875
0.337921142578125 0.071380615234375 0.0744781494140625 0.275848388671875
0.158432006835938 -0.0029296875 -0.1072998046875 -0.161087036132813
0.0193939208984375 0.113662719726563 -0.453704833984375 -0.0681152343750001
0.143875122070313 0.203964233398438 -0.425811767578125 0.20452880859375
0.273529052734375 0.111434936523438 -0.283447265625 0.272735595703125
0.36614990234375 -0.094818115234375 -0.184890747070312 0.265838623046875
0.279876708984375 -0.201629638671875 -0.159820556640625 0.249267578125
0.246917724609375 -0.185272216796875 -0.151870727539063 0.172943115234375
0.30712890625 -0.195709228515625 -0.123817443847656 0.103622436523437
0.3658447265625 -0.07098388671875 -0.0703964233398437 0.0402297973632813
0.323822021484375 0.1318359375 0.0433921813964844 -0.000297546386718742
0.208602905273438 0.221435546875 0.217056274414063 0.063690185546875
0.0178070068359375 0.200942993164062 0.32049560546875 0.369293212890625
0.0980682373046875 0.11993408203125 0.26666259765625 0.5792236328125
0.295074462890625 0.127593994140625 0.11181640625 0.3450927734375
0.22259521484375 -0.123611450195312 0.10845947265625 0.323577880859375
-0.00223541259765626 -0.125808715820313 -0.108856201171875 -0.0603866577148438
-0.10540771484375 0.0479278564453125 -0.38165283203125 0.00689697265625001
0.02288818359375 0.167617797851563 -0.38446044921875 0.214111328125
0.155197143554688 0.100006103515625 -0.304412841796875 0.27471923828125
0.237960815429688 -0.053741455078125 -0.250213623046875 0.3258056640625
0.172821044921875 -0.119033813476562 -0.223785400390625 0.346832275390625
0.147247314453125 -0.115676879882812 -0.208450317382812 0.269851684570313
0.206954956054687 -0.121566772460938 -0.19647216796875 0.179000854492188
0.245635986328125 -0.0142364501953125 -0.158004760742187 0.084136962890625
0.176223754882813 0.138534545898438 -0.0212841033935547 0.0092601776123047
0.043060302734375 0.169021606445313 0.181198120117188 0.082733154296875
-0.0871734619140625 0.0436477661132813 0.299896240234375 0.443267822265625
0.0502090454101563 -0.0783004760742188 0.22235107421875 0.6845703125
0.260482788085938 -0.047210693359375 0.121124267578125 0.424407958984375
-0.145599365234375 0.224655151367188 -0.17486572265625 -0.3966064453125
0.0134735107421875 0.273590087890625 -0.2130126953125 -0.70599365234375
0.146194458007812 0.134353637695312 -0.36956787109375 -0.359466552734375
0.107490539550781 -0.0359878540039062 -0.189163208007813 -0.0675201416015625
0.00041580200195312 -0.0644073486328125 0.0772552490234375 0.0249481201171875
-0.0743179321289063 -0.00728607177734375 0.240829467773437 -0.098480224609375
-0.0446205139160156 0.0391578674316406 0.248672485351563 -0.262115478515625
-0.0169868469238281 0.0391769409179688 0.203643798828125 -0.34356689453125
-0.0490646362304688 0.0320358276367188 0.21722412109375 -0.389495849609375
-0.056854248046875 -0.0132675170898437 0.28057861328125 -0.35736083984375
-0.0199127197265625 -0.0742034912109375 0.279296875 -0.31378173828125
0.0660629272460937 -0.107269287109375 0.31182861328125 -0.220611572265625
0.187026977539063 0.0165252685546875 0.33837890625 -0.060882568359375
0.12310791015625 0.1937255859375 0.0804901123046875 -0.0196762084960937
-0.021240234375 0.196365356445313 -0.098236083984375 -0.421539306640625
-0.02349853515625 0.369659423828125 -0.166595458984375 -0.336273193359375
0.08441162109375 0.395416259765625 -0.16650390625 -0.714599609375
0.198974609375 0.28302001953125 -0.41387939453125 -0.4010009765625
0.234390258789063 0.0928497314453125 -0.238800048828125 -0.052764892578125
0.158721923828125 -0.0135040283203125 0.0566520690917969 0.0569000244140625
0.0940628051757813 -0.0562667846679688 0.250396728515625 -0.095733642578125
0.0793838500976563 -0.0645751953125 0.250686645507813 -0.267791748046875
0.0986862182617188 -0.0616455078125 0.194580078125 -0.3426513671875
0.0812225341796875 -0.0782012939453125 0.208282470703125 -0.386138916015625
0.0934982299804688 -0.087127685546875 0.27789306640625 -0.35491943359375
0.131599426269531 -0.0763473510742187 0.2786865234375 -0.299041748046875
0.18914794921875 -0.066925048828125 0.304351806640625 -0.2041015625
0.258255004882813 0.0804901123046875 0.309326171875 -0.04864501953125
0.228729248046875 0.269287109375 0.103477478027344 -0.0165939331054687
0.12548828125 0.30792236328125 -0.0869140625 -0.36737060546875
0.129364013671875 0.45513916015625 -0.143905639648437 -0.225570678710937
0.18743896484375 0.4403076171875 -0.134765625 -0.66937255859375
0.246368408203125 0.362213134765625 -0.4737548828125 -0.416961669921875
0.33013916015625 0.19097900390625 -0.319305419921875 -0.0239257812499999
0.295501708984375 0.036102294921875 -0.00167846679687499 0.101272583007812
0.25537109375 -0.0986785888671875 0.210403442382813 -0.060028076171875
0.198348999023438 -0.16180419921875 0.212188720703125 -0.221939086914063
0.199676513671875 -0.154281616210937 0.1566162109375 -0.292022705078125
0.19757080078125 -0.177780151367188 0.174652099609375 -0.333831787109375
0.2353515625 -0.155181884765625 0.248077392578125 -0.31646728515625
0.273056030273438 -0.0736541748046875 0.263565063476563 -0.264877319335938
0.306182861328125 -0.018768310546875 0.30584716796875 -0.1739501953125
0.307769775390625 0.15643310546875 0.314453125 -0.00830078124999999
0.29461669921875 0.3223876953125 0.152877807617188 0.037872314453125
0.239776611328125 0.3736572265625 -0.050384521484375 -0.262405395507813
0.279266357421875 0.466094970703125 -0.0991668701171875 -0.0885162353515625
0.295928955078125 0.4010009765625 -0.12152099609375 -0.572509765625
0.282196044921875 0.355316162109375 -0.52783203125 -0.370208740234375
0.384124755859375 0.23199462890625 -0.399505615234375 0.0299987792968749
0.39068603515625 0.06463623046875 -0.08453369140625 0.153152465820313
0.380889892578125 -0.1326904296875 0.130928039550781 0.00376892089843749
0.2882080078125 -0.233367919921875 0.138900756835938 -0.131118774414063
0.26763916015625 -0.218719482421875 0.096588134765625 -0.200881958007813
0.285125732421875 -0.248291015625 0.12176513671875 -0.242172241210938
0.346099853515625 -0.193389892578125 0.197341918945313 -0.238876342773438
0.388153076171875 -0.054443359375 0.2340087890625 -0.205093383789063
0.396636962890625 0.040740966796875 0.305145263671875 -0.128448486328125
0.321990966796875 0.230712890625 0.334625244140625 0.058837890625
0.31243896484375 0.350189208984375 0.219329833984375 0.130889892578125
0.313629150390625 0.39111328125 0.00746154785156251 -0.121475219726562
0.38201904296875 0.3861083984375 -0.0363655090332031 0.0532188415527344
0.343841552734375 0.2884521484375 -0.12054443359375 -0.438812255859375
0.258880615234375 0.279800415039063 -0.549774169921875 -0.271636962890625
0.365631103515625 0.2298583984375 -0.444793701171875 0.108734130859375
0.41802978515625 0.077972412109375 -0.165863037109375 0.21142578125
0.43939208984375 -0.15264892578125 0.027862548828125 0.0893096923828125
0.332366943359375 -0.2723388671875 0.0446052551269532 -0.01153564453125
0.30181884765625 -0.25201416015625 0.01763916015625 -0.0783843994140625
0.331024169921875 -0.27923583984375 0.0500106811523438 -0.122962951660156
0.409393310546875 -0.197418212890625 0.12359619140625 -0.137969970703125
0.44464111328125 -0.009307861328125 0.18524169921875 -0.12567138671875
0.420166015625 0.113006591796875 0.291656494140625 -0.0628662109375
0.27642822265625 0.282135009765625 0.354248046875 0.149200439453125
0.271575927734375 0.336822509765625 0.27911376953125 0.2625732421875
0.34112548828125 0.348236083984375 0.0607643127441406 0.0429115295410157
0.401458740234375 0.23492431640625 0.0328216552734375 0.179718017578125
0.291412353515625 0.13323974609375 -0.12017822265625 -0.28851318359375
0.160751342773438 0.188827514648438 -0.520355224609375 -0.14306640625
0.282562255859375 0.211944580078125 -0.438629150390625 0.1829833984375
0.373748779296875 0.084228515625 -0.22332763671875 0.259017944335938
0.427581787109375 -0.1497802734375 -0.075408935546875 0.18310546875
0.3212890625 -0.2679443359375 -0.0561141967773438 0.123916625976563
0.28778076171875 -0.245147705078125 -0.0646171569824219 0.0559539794921875
0.3330078125 -0.2659912109375 -0.0329303741455078 0.000169754028320292
0.415008544921875 -0.16033935546875 0.0319175720214844 -0.0356216430664063
0.426177978515625 0.053314208984375 0.114166259765625 -0.049835205078125
0.35906982421875 0.178009033203125 0.2584228515625 0.00122070312500001
0.168182373046875 0.28240966796875 0.356475830078125 0.2491455078125
0.192535400390625 0.258514404296875 0.310546875 0.409515380859375
0.332244873046875 0.248321533203125 0.10308837890625 0.202728271484375
0.33685302734375 0.045745849609375 0.0916595458984375 0.270172119140625
0.153640747070313 -0.014251708984375 -0.116455078125 -0.150238037109375
0.0261611938476562 0.116256713867188 -0.448760986328125 -0.0331726074218751
0.161834716796875 0.192474365234375 -0.398468017578125 0.228424072265625
0.284088134765625 0.088226318359375 -0.256317138671875 0.28466796875
0.350494384765625 -0.125823974609375 -0.16339111328125 0.267913818359375
0.262039184570313 -0.22235107421875 -0.139022827148437 0.25341796875
0.228591918945313 -0.201187133789063 -0.13690185546875 0.179916381835938
0.285888671875 -0.21710205078125 -0.112464904785156 0.110809326171875
0.355010986328125 -0.100616455078125 -0.0649871826171875 0.0499191284179687
0.332489013671875 0.103240966796875 0.0388908386230469 0.00122070312500001
0.223770141601563 0.203201293945312 0.211212158203125 0.0514984130859375
0.032257080078125 0.201004028320313 0.340576171875 0.340972900390625
0.105857849121094 0.113319396972656 0.301422119140625 0.5496826171875
0.30078125 0.1036376953125 0.130584716796875 0.33172607421875
0.211380004882813 -0.142501831054688 0.132110595703125 0.312835693359375
-0.0127716064453125 -0.125343322753906 -0.10845947265625 -0.0489883422851563
-0.101570129394531 0.0599822998046875 -0.372100830078125 0.0347900390625
0.03955078125 0.16278076171875 -0.35736083984375 0.23687744140625
0.16339111328125 0.0878448486328125 -0.27655029296875 0.288787841796875
0.229766845703125 -0.0762939453125 -0.22418212890625 0.334320068359375
0.162368774414063 -0.134063720703125 -0.192108154296875 0.357635498046875
0.136917114257813 -0.124458312988281 -0.184173583984375 0.279876708984375
0.194137573242188 -0.139434814453125 -0.177886962890625 0.192535400390625
0.242477416992188 -0.037200927734375 -0.150680541992187 0.101226806640625
0.190704345703125 0.124008178710938 -0.024209976196289 0.0169410705566406
0.0539093017578125 0.166229248046875 0.176422119140625 0.07342529296875
-0.0822906494140625 0.0513839721679688 0.325531005859375 0.4130859375
0.0439605712890625 -0.0764236450195313 0.26251220703125 0.658203125
0.252166748046875 -0.0672760009765625 0.147430419921875 0.411163330078125
-0.134750366210938 0.228683471679688 -0.18072509765625 -0.37554931640625
0.0279998779296875 0.267776489257813 -0.23358154296875 -0.68231201171875
0.15191650390625 0.121902465820313 -0.369903564453125 -0.333526611328125
0.102210998535156 -0.0436553955078125 -0.184295654296875 -0.0601806640625
-0.00522232055664063 -0.0642662048339844 0.078277587890625 0.0150146484375
-0.0734634399414063 -0.00248718261718749 0.2294921875 -0.114608764648438
-0.0401763916015625 0.0422325134277344 0.226364135742188 -0.270645141601563
-0.0130500793457031 0.0385780334472656 0.180267333984375 -0.341796875
-0.0461044311523438 0.0383377075195313 0.195068359375 -0.388519287109375
-0.057281494140625 -0.00639343261718749 0.257080078125 -0.358734130859375
-0.02264404296875 -0.0735931396484375 0.25555419921875 -0.314056396484375
0.0577316284179687 -0.106201171875 0.289154052734375 -0.2264404296875
0.183746337890625 0.00537109375 0.32049560546875 -0.075347900390625
0.1331787109375 0.183349609375 0.0763320922851563 -0.0207748413085937
-0.012847900390625 0.193389892578125 -0.115509033203125 -0.403350830078125
-0.00894165039062499 0.365447998046875 -0.17144775390625 -0.31671142578125
0.102203369140625 0.382354736328125 -0.18890380859375 -0.69110107421875
0.208602905273438 0.267364501953125 -0.416351318359375 -0.372833251953125
0.232025146484375 0.0759124755859375 -0.232620239257813 -0.0428009033203125
0.152542114257813 -0.0232391357421875 0.0625801086425781 0.0484733581542969
0.087615966796875 -0.05926513671875 0.236923217773438 -0.112213134765625
0.0765304565429687 -0.06585693359375 0.226181030273438 -0.275299072265625
0.0928802490234375 -0.0652694702148438 0.170257568359375 -0.341644287109375
0.07470703125 -0.0788040161132813 0.1844482421875 -0.385833740234375
0.0880813598632813 -0.0880126953125 0.25396728515625 -0.357574462890625
0.124351501464844 -0.083099365234375 0.254119873046875 -0.30010986328125
0.180740356445313 -0.0732879638671875 0.283233642578125 -0.209320068359375
0.256591796875 0.069305419921875 0.295806884765625 -0.06085205078125
0.240005493164063 0.252288818359375 0.0974349975585938 -0.0177536010742187
0.133148193359375 0.29571533203125 -0.103179931640625 -0.35272216796875
0.142822265625 0.443572998046875 -0.146804809570313 -0.212234497070313
0.204193115234375 0.421356201171875 -0.1571044921875 -0.6468505859375
0.2606201171875 0.344879150390625 -0.477081298828125 -0.382598876953125
0.333740234375 0.167938232421875 -0.308929443359375 -0.01123046875
0.29217529296875 0.018341064453125 0.00631713867187502 0.0941238403320313
0.242294311523438 -0.109024047851563 0.199935913085938 -0.0774383544921875
0.186935424804688 -0.164321899414063 0.191802978515625 -0.22900390625
0.184677124023438 -0.157638549804687 0.136627197265625 -0.2919921875
0.182098388671875 -0.183334350585938 0.15350341796875 -0.334930419921875
0.221115112304688 -0.162353515625 0.22772216796875 -0.3157958984375
0.264404296875 -0.08642578125 0.2415771484375 -0.266891479492188
0.298370361328125 -0.0316162109375 0.28656005859375 -0.179718017578125
0.309173583984375 0.14154052734375 0.301971435546875 -0.019195556640625
0.3050537109375 0.30230712890625 0.147598266601563 0.0317230224609375
0.249969482421875 0.355133056640625 -0.0623931884765625 -0.253875732421875
0.290557861328125 0.444793701171875 -0.0991668701171875 -0.0798416137695312
0.306976318359375 0.379669189453125 -0.140228271484375 -0.55426025390625
0.293609619140625 0.336395263671875 -0.528778076171875 -0.336578369140625
0.38800048828125 0.2066650390625 -0.384765625 0.0453186035156251
0.3865966796875 0.04180908203125 -0.0720367431640625 0.149215698242187
0.362030029296875 -0.1484375 0.125816345214844 -0.0103912353515625
0.270599365234375 -0.24114990234375 0.126152038574219 -0.138755798339844
0.2510986328125 -0.22662353515625 0.0807952880859375 -0.200637817382813
0.263351440429688 -0.25592041015625 0.105239868164063 -0.241806030273438
0.327117919921875 -0.208160400390625 0.181228637695313 -0.240951538085937
0.37786865234375 -0.073150634765625 0.21502685546875 -0.20660400390625
0.3890380859375 0.022613525390625 0.28692626953125 -0.134796142578125
0.327362060546875 0.2144775390625 0.325225830078125 0.0450439453125
0.3216552734375 0.331573486328125 0.215484619140625 0.119354248046875
0.322052001953125 0.36724853515625 -0.00273132324218748 -0.117912292480469
0.38665771484375 0.361114501953125 -0.0330352783203125 0.0558509826660156
0.345977783203125 0.2637939453125 -0.1329345703125 -0.424346923828125
0.266067504882812 0.266281127929687 -0.54412841796875 -0.23760986328125
0.371673583984375 0.2069091796875 -0.42498779296875 0.121063232421875
0.4149169921875 0.054901123046875 -0.146697998046875 0.20892333984375
0.4200439453125 -0.172149658203125 0.029327392578125 0.0779266357421875
0.31268310546875 -0.28302001953125 0.0394096374511719 -0.0172882080078125
0.279769897460938 -0.259231567382813 0.0110702514648438 -0.0795135498046875
0.30804443359375 -0.288116455078125 0.0406875610351563 -0.124488830566406
0.390533447265625 -0.214569091796875 0.114990234375 -0.138511657714844
0.435028076171875 -0.031768798828125 0.170852661132813 -0.1270751953125
0.4146728515625 0.091461181640625 0.276458740234375 -0.0709228515625
0.283905029296875 0.267730712890625 0.34906005859375 0.1317138671875
0.282684326171875 0.319366455078125 0.281036376953125 0.2447509765625
0.345977783203125 0.325347900390625 0.0571823120117188 0.039154052734375
0.398162841796875 0.2130126953125 0.0394287109375 0.175933837890625
0.287445068359375 0.115814208984375 -0.126739501953125 -0.2783203125
0.168014526367188 0.182876586914063 -0.51055908203125 -0.113861083984375
0.2886962890625 0.19354248046875 -0.41387939453125 0.19580078125
0.3731689453125 0.063507080078125 -0.200851440429687 0.258712768554688
0.40850830078125 -0.171112060546875 -0.0672760009765625 0.174530029296875
0.30255126953125 -0.278656005859375 -0.0497512817382812 0.120346069335937
0.267059326171875 -0.252944946289063 -0.0617866516113281 0.0551071166992187
0.309295654296875 -0.276947021484375 -0.0342350006103515 -9.34600830078242E-05
0.395263671875 -0.179931640625 0.0324287414550781 -0.0334262847900391
0.41943359375 0.0277099609375 0.108139038085938 -0.0498886108398438
0.3590087890625 0.157257080078125 0.244338989257813 -0.00500488281249999
0.178558349609375 0.26995849609375 0.3555908203125 0.226409912109375
0.200515747070313 0.24615478515625 0.318511962890625 0.386566162109375
0.333160400390625 0.22845458984375 0.105621337890625 0.193099975585938
0.328155517578125 0.03045654296875 0.102035522460938 0.2620849609375
0.1468505859375 -0.020172119140625 -0.115509033203125 -0.141021728515625
0.03167724609375 0.116691589355469 -0.4375 -0.00997924804687497
0.172637939453125 0.180938720703125 -0.373199462890625 0.23736572265625
0.28643798828125 0.072357177734375 -0.232421875 0.284820556640625
0.336700439453125 -0.14300537109375 -0.147750854492187 0.263351440429688
0.24407958984375 -0.23052978515625 -0.123916625976563 0.251007080078125
0.213592529296875 -0.207748413085937 -0.123870849609375 0.18121337890625
0.264923095703125 -0.226852416992188 -0.104667663574219 0.111930847167969
0.340576171875 -0.121002197265625 -0.057373046875 0.0543670654296875
0.332366943359375 0.082550048828125 0.0350284576416016 0.00421142578125001
0.227447509765625 0.1884765625 0.201141357421875 0.0443115234375
0.0404510498046875 0.197921752929688 0.342742919921875 0.3153076171875
0.107902526855469 0.107345581054688 0.315399169921875 0.522491455078125
0.29632568359375 0.087249755859375 0.1376953125 0.318634033203125
0.1966552734375 -0.148406982421875 0.1412353515625 0.30218505859375
-0.022186279296875 -0.11968994140625 -0.104736328125 -0.0420379638671875
-0.0961380004882813 0.0661849975585938 -0.3572998046875 0.0518493652343749
0.0501861572265625 0.15869140625 -0.33135986328125 0.242279052734375
0.16851806640625 0.076080322265625 -0.2540283203125 0.28936767578125
0.218963623046875 -0.0891265869140625 -0.20196533203125 0.332763671875
0.152908325195313 -0.140823364257813 -0.1700439453125 0.355438232421875
0.128608703613281 -0.128250122070313 -0.16455078125 0.280197143554688
0.180816650390625 -0.146453857421875 -0.163009643554688 0.1956787109375
0.233078002929688 -0.05242919921875 -0.137802124023437 0.109642028808594
0.194580078125 0.109466552734375 -0.0256996154785156 0.0225944519042969
0.062347412109375 0.160308837890625 0.168426513671875 0.065155029296875
-0.0792770385742187 0.0544281005859375 0.331878662109375 0.384796142578125
0.0399932861328125 -0.0766448974609375 0.283203125 0.62860107421875
0.243499755859375 -0.07666015625 0.15631103515625 0.394622802734375
-0.131118774414063 0.231765747070313 -0.177001953125 -0.36517333984375
0.034332275390625 0.264114379882813 -0.2392578125 -0.6668701171875
0.152938842773438 0.115402221679687 -0.368255615234375 -0.32147216796875
0.0985641479492188 -0.047027587890625 -0.18115234375 -0.057098388671875
-0.0077056884765625 -0.0638885498046875 0.0798797607421875 0.0077972412109375
-0.073822021484375 0.00105285644531251 0.22100830078125 -0.123764038085937
-0.0371627807617188 0.0440902709960938 0.213165283203125 -0.2720947265625
-0.0107192993164062 0.0401229858398438 0.168212890625 -0.337799072265625
-0.04400634765625 0.0420570373535156 0.182373046875 -0.386016845703125
-0.0570411682128906 -0.00284576416015624 0.247833251953125 -0.356201171875
-0.0251617431640625 -0.073211669921875 0.24432373046875 -0.3101806640625
0.0550918579101563 -0.105522155761719 0.279312133789063 -0.225555419921875
0.182281494140625 -0.0002288818359375 0.310516357421875 -0.080657958984375
0.138763427734375 0.177566528320313 0.07421875 -0.0193939208984375
-0.00900268554687498 0.193511962890625 -0.1209716796875 -0.39556884765625
-0.00463867187500002 0.364288330078125 -0.167388916015625 -0.3082275390625
0.110260009765625 0.375640869140625 -0.19525146484375 -0.67877197265625
0.2125244140625 0.259414672851563 -0.41351318359375 -0.35955810546875
0.2305908203125 0.068572998046875 -0.22747802734375 -0.0396575927734375
0.148239135742188 -0.0265350341796875 0.0659675598144531 0.0421943664550781
0.0821914672851563 -0.0598831176757813 0.227828979492188 -0.121902465820312
0.074981689453125 -0.0655364990234375 0.21295166015625 -0.277450561523438
0.0909500122070313 -0.0655517578125 0.15911865234375 -0.34136962890625
0.0722885131835938 -0.0770645141601563 0.1727294921875 -0.384185791015625
0.0853500366210938 -0.0873565673828125 0.244873046875 -0.355133056640625
0.120429992675781 -0.085113525390625 0.243896484375 -0.296539306640625
0.17633056640625 -0.07568359375 0.273178100585938 -0.207565307617188
0.256591796875 0.0639801025390625 0.287506103515625 -0.06414794921875
0.244400024414062 0.24530029296875 0.0943984985351563 -0.0167083740234375
0.135711669921875 0.292327880859375 -0.10980224609375 -0.346099853515625
0.147064208984375 0.43890380859375 -0.144058227539063 -0.20538330078125
0.210113525390625 0.413055419921875 -0.1629638671875 -0.63653564453125
0.264312744140625 0.337005615234375 -0.473175048828125 -0.366424560546875
0.33282470703125 0.15771484375 -0.3028564453125 -0.00750732421874994
0.288055419921875 0.01031494140625 0.0106658935546875 0.087127685546875
0.23431396484375 -0.112319946289063 0.192779541015625 -0.08673095703125
0.181777954101563 -0.166549682617188 0.1812744140625 -0.232177734375
0.178863525390625 -0.159591674804687 0.126068115234375 -0.29193115234375
0.175491333007813 -0.183090209960938 0.14361572265625 -0.33319091796875
0.214187622070313 -0.164352416992188 0.22003173828125 -0.31573486328125
0.26123046875 -0.0933380126953125 0.231796264648438 -0.262786865234375
0.295013427734375 -0.036712646484375 0.276779174804688 -0.179397583007813
0.30999755859375 0.136260986328125 0.295440673828125 -0.02276611328125
0.31060791015625 0.2958984375 0.144027709960938 0.02996826171875
0.25048828125 0.348236083984375 -0.068450927734375 -0.248443603515625
0.29345703125 0.438262939453125 -0.0969085693359375 -0.0761260986328125
0.30975341796875 0.36810302734375 -0.14617919921875 -0.54779052734375
0.297760009765625 0.330322265625 -0.523651123046875 -0.32049560546875
0.389251708984375 0.195220947265625 -0.3756103515625 0.0494384765625
0.381805419921875 0.032684326171875 -0.063995361328125 0.143814086914063
0.351409912109375 -0.15631103515625 0.120353698730469 -0.0195846557617188
0.263351440429688 -0.2452392578125 0.118499755859375 -0.144027709960938
0.24371337890625 -0.228836059570313 0.0734710693359375 -0.201431274414063
0.253204345703125 -0.259292602539063 0.0962371826171875 -0.242156982421875
0.317596435546875 -0.213775634765625 0.175689697265625 -0.239593505859375
0.372589111328125 -0.082305908203125 0.206314086914063 -0.20416259765625
0.38543701171875 0.01373291015625 0.277481079101563 -0.134613037109375
0.329925537109375 0.20855712890625 0.32012939453125 0.040985107421875
0.32672119140625 0.323577880859375 0.212127685546875 0.116058349609375
0.322662353515625 0.358001708984375 -0.00812530517578122 -0.115447998046875
0.387420654296875 0.35400390625 -0.0305557250976562 0.0579109191894531
0.345611572265625 0.2542724609375 -0.13665771484375 -0.4189453125
0.2705078125 0.264053344726563 -0.53790283203125 -0.2227783203125
0.373992919921875 0.19610595703125 -0.41253662109375 0.123687744140625
0.412384033203125 0.043701171875 -0.136932373046875 0.204116821289063
0.408416748046875 -0.18096923828125 0.0276107788085938 0.0699310302734375
0.302001953125 -0.2874755859375 0.0356674194335938 -0.0212554931640625
0.271072387695312 -0.26263427734375 0.00763702392578126 -0.0807342529296875
0.295074462890625 -0.29144287109375 0.0353622436523438 -0.125320434570313
0.376678466796875 -0.2235107421875 0.113540649414063 -0.13787841796875
0.431640625 -0.043060302734375 0.164108276367188 -0.124359130859375
0.413421630859375 0.080474853515625 0.267227172851563 -0.071258544921875
0.288299560546875 0.26165771484375 0.345367431640625 0.1273193359375
0.28717041015625 0.31268310546875 0.2781982421875 0.237701416015625
0.345550537109375 0.315338134765625 0.0529327392578125 0.0387306213378907
0.396697998046875 0.2052001953125 0.042022705078125 0.176071166992188
0.284423828125 0.10888671875 -0.12744140625 -0.274169921875
0.1707763671875 0.182769775390625 -0.50421142578125 -0.101593017578125
0.293609619140625 0.185943603515625 -0.40106201171875 0.195404052734375
0.374267578125 0.053436279296875 -0.188507080078125 0.252304077148437
0.3988037109375 -0.18194580078125 -0.0648193359375 0.166458129882813
0.292510986328125 -0.285308837890625 -0.048309326171875 0.115676879882812
0.258392333984375 -0.255813598632813 -0.0611038208007812 0.0532341003417969
0.296844482421875 -0.281158447265625 -0.03448486328125 -0.00124359130859376
0.384490966796875 -0.19000244140625 0.0328598022460938 -0.0319652557373047
0.4176025390625 0.015167236328125 0.102973937988281 -0.046356201171875
0.35888671875 0.14794921875 0.237014770507813 -0.00491333007812499
0.182861328125 0.266937255859375 0.35186767578125 0.219451904296875
0.204193115234375 0.241928100585937 0.31793212890625 0.375396728515625
0.331756591796875 0.219512939453125 0.1029052734375 0.189224243164063
0.323028564453125 0.02484130859375 0.105133056640625 0.259780883789063
0.142242431640625 -0.02227783203125 -0.113922119140625 -0.137916564941406
0.0348129272460938 0.119331359863281 -0.428558349609375 -0.000671386718750043
0.178024291992188 0.175552368164063 -0.359466552734375 0.236083984375
0.2884521484375 0.06402587890625 -0.21954345703125 0.279998779296875
0.3275146484375 -0.152923583984375 -0.141220092773438 0.256622314453125
0.23602294921875 -0.237548828125 -0.1163330078125 0.246353149414062
0.206390380859375 -0.210235595703125 -0.118179321289062 0.178970336914063
0.254302978515625 -0.231597900390625 -0.101806640625 0.111968994140625
0.332000732421875 -0.13092041015625 -0.0524749755859375 0.0576248168945313
0.3326416015625 0.07110595703125 0.0325565338134766 0.00886535644531251
0.229782104492188 0.181884765625 0.193695068359375 0.044219970703125
0.044219970703125 0.19708251953125 0.341339111328125 0.304351806640625
0.109809875488281 0.104354858398437 0.317596435546875 0.510894775390625
0.293060302734375 0.080474853515625 0.13616943359375 0.31231689453125
0.188858032226563 -0.150405883789063 0.1448974609375 0.29937744140625
-0.026214599609375 -0.116256713867188 -0.10028076171875 -0.0390090942382813
-0.0934295654296875 0.0711593627929687 -0.348297119140625 0.0578613281250001
0.056732177734375 0.155670166015625 -0.317047119140625 0.2406005859375
0.172592163085938 0.07012939453125 -0.241180419921875 0.28533935546875
0.213150024414063 -0.096221923828125 -0.19342041015625 0.327239990234375
0.148727416992188 -0.147048950195313 -0.157501220703125 0.351654052734375
0.125267028808594 -0.130607604980469 -0.154617309570313 0.27813720703125
0.173492431640625 -0.15087890625 -0.156265258789063 0.196914672851563
0.228759765625 -0.0606231689453125 -0.130104064941406 0.114952087402344
0.197845458984375 0.101486206054688 -0.0274639129638672 0.0276107788085937
0.0652313232421875 0.158432006835938 0.162200927734375 0.0648193359375
-0.0771408081054688 0.056243896484375 0.3309326171875 0.37200927734375
0.0380859375 -0.0764236450195313 0.2879638671875 0.61688232421875
0.238861083984375 -0.080108642578125 0.15655517578125 0.387054443359375
-0.131103515625 0.240310668945313 -0.17529296875 -0.368377685546875
0.04095458984375 0.268508911132813 -0.24407958984375 -0.6751708984375
0.158096313476563 0.112503051757813 -0.3720703125 -0.322235107421875
0.0972518920898438 -0.0501937866210938 -0.183120727539063 -0.0563507080078125
-0.0111160278320313 -0.0645523071289063 0.082427978515625 0.0016632080078125
-0.07745361328125 0.00396728515624999 0.22015380859375 -0.13458251953125
-0.0368766784667969 0.0465621948242187 0.208480834960938 -0.279571533203125
-0.00980758666992187 0.0408554077148438 0.16522216796875 -0.3441162109375
-0.0423202514648437 0.0457077026367188 0.1785888671875 -0.392120361328125
-0.0577392578125 0.000377655029296867 0.247467041015625 -0.363861083984375
-0.0286865234375 -0.0747604370117187 0.244049072265625 -0.312591552734375
0.0541458129882813 -0.107986450195313 0.278427124023438 -0.229446411132813
0.187896728515625 -0.0033111572265625 0.310333251953125 -0.0860595703125
0.145370483398438 0.177978515625 0.0746078491210938 -0.0176544189453125
-0.00790405273437498 0.1983642578125 -0.1278076171875 -0.398406982421875
-0.00167846679687502 0.37371826171875 -0.166473388671875 -0.309844970703125
0.1168212890625 0.380096435546875 -0.19927978515625 -0.6885986328125
0.221145629882813 0.26165771484375 -0.419525146484375 -0.35986328125
0.232742309570313 0.06475830078125 -0.229583740234375 -0.038299560546875
0.147857666015625 -0.030487060546875 0.0687637329101563 0.0366325378417969
0.0798568725585938 -0.0605850219726563 0.226272583007813 -0.1326904296875
0.0753097534179687 -0.0676498413085938 0.20880126953125 -0.28594970703125
0.0906219482421875 -0.0669097900390625 0.154266357421875 -0.34686279296875
0.07232666015625 -0.0773086547851563 0.167999267578125 -0.391143798828125
0.0836257934570313 -0.088043212890625 0.244384765625 -0.363861083984375
0.120330810546875 -0.089324951171875 0.24261474609375 -0.2999267578125
0.1795654296875 -0.07989501953125 0.272216796875 -0.210296630859375
0.263519287109375 0.061737060546875 0.2869873046875 -0.068023681640625
0.25445556640625 0.246475219726563 0.0942611694335938 -0.0155792236328125
0.1396484375 0.298004150390625 -0.116790771484375 -0.34881591796875
0.15386962890625 0.447174072265625 -0.14288330078125 -0.204177856445312
0.21734619140625 0.416046142578125 -0.16748046875 -0.64666748046875
0.2755126953125 0.3426513671875 -0.47979736328125 -0.365814208984375
0.33978271484375 0.153564453125 -0.30615234375 -0.00680541992187493
0.2916259765625 0.005859375 0.015655517578125 0.0843429565429688
0.233078002929687 -0.116714477539062 0.19061279296875 -0.096588134765625
0.180892944335937 -0.1727294921875 0.176239013671875 -0.241012573242188
0.178665161132813 -0.164077758789063 0.121337890625 -0.298431396484375
0.174209594726562 -0.18670654296875 0.138702392578125 -0.341033935546875
0.213714599609375 -0.170272827148438 0.220703125 -0.322418212890625
0.263641357421875 -0.0999603271484375 0.231399536132813 -0.265151977539063
0.299835205078125 -0.041595458984375 0.275665283203125 -0.1815185546875
0.320159912109375 0.1368408203125 0.297271728515625 -0.025604248046875
0.322418212890625 0.2978515625 0.14410400390625 0.0327301025390625
0.256988525390625 0.353271484375 -0.075286865234375 -0.25006103515625
0.30328369140625 0.44415283203125 -0.0967788696289063 -0.0735092163085937
0.316619873046875 0.37042236328125 -0.150482177734375 -0.555084228515625
0.310028076171875 0.33624267578125 -0.532623291015625 -0.319976806640625
0.39813232421875 0.192626953125 -0.379425048828125 0.0509338378906249
0.389251708984375 0.02716064453125 -0.060638427734375 0.141983032226563
0.351318359375 -0.16436767578125 0.11907958984375 -0.028167724609375
0.261962890625 -0.254501342773438 0.11492919921875 -0.151229858398438
0.2415771484375 -0.23602294921875 0.0692596435546875 -0.206787109375
0.251388549804688 -0.264938354492188 0.0915985107421875 -0.248123168945313
0.317657470703125 -0.222442626953125 0.17669677734375 -0.246231079101563
0.377960205078125 -0.092071533203125 0.205551147460938 -0.205215454101563
0.39324951171875 0.008636474609375 0.277481079101563 -0.135406494140625
0.338897705078125 0.210662841796875 0.32373046875 0.039886474609375
0.33892822265625 0.326995849609375 0.214523315429688 0.119369506835938
0.3299560546875 0.36175537109375 -0.0131072998046875 -0.116363525390625
0.397796630859375 0.357269287109375 -0.0287742614746094 0.0619964599609375
0.352447509765625 0.254608154296875 -0.1395263671875 -0.426544189453125
0.2806396484375 0.270217895507813 -0.54608154296875 -0.21893310546875
0.3861083984375 0.194366455078125 -0.415618896484375 0.12799072265625
0.42083740234375 0.03778076171875 -0.133651733398437 0.203933715820313
0.4102783203125 -0.19097900390625 0.025665283203125 0.0640792846679687
0.302001953125 -0.2991943359375 0.0342216491699219 -0.0269565582275391
0.270401000976563 -0.270614624023438 0.00436401367187502 -0.0848312377929688
0.2933349609375 -0.300872802734375 0.0315933227539063 -0.128074645996094
0.377471923828125 -0.23468017578125 0.11480712890625 -0.14117431640625
0.43927001953125 -0.05401611328125 0.1636962890625 -0.124298095703125
0.422210693359375 0.076629638671875 0.266860961914063 -0.0706634521484375
0.298248291015625 0.265960693359375 0.350341796875 0.126312255859375
0.29718017578125 0.316650390625 0.2818603515625 0.24078369140625
0.351959228515625 0.317535400390625 0.0501480102539063 0.03961181640625
0.405364990234375 0.20599365234375 0.045257568359375 0.18145751953125
0.286895751953125 0.108856201171875 -0.128829956054688 -0.277877807617188
0.178070068359375 0.189376831054688 -0.506011962890625 -0.0965881347656249
0.304107666015625 0.183990478515625 -0.402099609375 0.198699951171875
0.383209228515625 0.046905517578125 -0.185195922851562 0.254150390625
0.4017333984375 -0.192047119140625 -0.066680908203125 0.16375732421875
0.2913818359375 -0.299041748046875 -0.0481719970703125 0.113029479980469
0.2576904296875 -0.264907836914063 -0.0619964599609375 0.0519676208496094
0.29388427734375 -0.290283203125 -0.036956787109375 -0.000617980957031271
0.385345458984375 -0.201873779296875 0.0361442565917969 -0.0320930480957031
0.42608642578125 0.00506591796875 0.1029052734375 -0.04351806640625
0.366973876953125 0.14599609375 0.23675537109375 -0.00277709960937499
0.189559936523438 0.271987915039063 0.357025146484375 0.2197265625
0.211288452148437 0.244430541992188 0.32257080078125 0.3809814453125
0.33758544921875 0.219970703125 0.101470947265625 0.192581176757813
0.326751708984375 0.022430419921875 0.109817504882812 0.265823364257813
0.141708374023438 -0.0229034423828125 -0.1134033203125 -0.139266967773437
0.0378189086914063 0.125877380371094 -0.4315185546875 0.00515747070312509
0.187301635742188 0.175262451171875 -0.357330322265625 0.2386474609375
0.297760009765625 0.05780029296875 -0.218414306640625 0.281097412109375
0.3289794921875 -0.162933349609375 -0.14141845703125 0.2569580078125
0.235382080078125 -0.2489013671875 -0.113449096679688 0.248153686523438
0.206100463867188 -0.21771240234375 -0.11749267578125 0.181167602539063
0.252334594726563 -0.240631103515625 -0.10260009765625 0.115501403808594
0.333221435546875 -0.14154052734375 -0.0495872497558593 0.0601844787597656
0.341522216796875 0.063995361328125 0.031637191772461 0.0126094818115234
0.237167358398438 0.181686401367188 0.192718505859375 0.047027587890625
0.0478668212890625 0.201400756835938 0.346343994140625 0.305511474609375
0.113449096679688 0.105361938476563 0.322784423828125 0.51580810546875
0.29736328125 0.079010009765625 0.135528564453125 0.316436767578125
0.188018798828125 -0.155410766601563 0.1514892578125 0.304901123046875
-0.0309829711914063 -0.1158447265625 -0.0988311767578125 -0.0385665893554688
-0.0947113037109375 0.0773773193359375 -0.348663330078125 0.061279296875
0.062896728515625 0.157135009765625 -0.316314697265625 0.243377685546875
0.17950439453125 0.0661773681640625 -0.23828125 0.28631591796875
0.213897705078125 -0.103729248046875 -0.192413330078125 0.3292236328125
0.14739990234375 -0.15533447265625 -0.1534423828125 0.354156494140625
0.125816345214844 -0.136001586914063 -0.15142822265625 0.2825927734375
0.171356201171875 -0.157684326171875 -0.1551513671875 0.202301025390625
0.231246948242188 -0.0683135986328125 -0.126907348632813 0.120758056640625
0.205642700195313 0.0974273681640625 -0.0298271179199219 0.0331687927246094
0.070098876953125 0.1607666015625 0.159805297851563 0.06768798828125
-0.0777206420898438 0.0586776733398437 0.3348388671875 0.372314453125
0.0380401611328125 -0.07867431640625 0.294921875 0.62164306640625
0.242294311523438 -0.083404541015625 0.15667724609375 0.392913818359375
-0.130203247070313 0.256851196289063 -0.18145751953125 -0.3780517578125
0.05242919921875 0.27777099609375 -0.2662353515625 -0.69488525390625
0.168960571289063 0.110366821289063 -0.39068603515625 -0.32427978515625
0.0977096557617188 -0.0557861328125 -0.1884765625 -0.05389404296875
-0.0159263610839844 -0.0662956237792969 0.0874557495117188 -0.00612640380859376
-0.0824203491210938 0.00907897949218751 0.221649169921875 -0.152420043945313
-0.036651611328125 0.0506210327148438 0.204681396484375 -0.297332763671875
-0.00867462158203125 0.0431747436523437 0.1595458984375 -0.3590087890625
-0.0411758422851562 0.0523719787597656 0.17156982421875 -0.412078857421875
-0.0605964660644531 0.004608154296875 0.245361328125 -0.38470458984375
-0.0350341796875 -0.0774383544921875 0.24334716796875 -0.326995849609375
0.0524673461914062 -0.114151000976562 0.280776977539062 -0.244461059570313
0.19561767578125 -0.0115203857421875 0.315460205078125 -0.0989990234375
0.158447265625 0.179718017578125 0.0775299072265625 -0.0173492431640625
-0.00346374511718752 0.209854125976562 -0.1444091796875 -0.41015625
0.00848388671874996 0.39276123046875 -0.173004150390625 -0.316314697265625
0.134002685546875 0.39044189453125 -0.22137451171875 -0.71148681640625
0.239456176757812 0.264633178710938 -0.440887451171875 -0.360992431640625
0.242782592773438 0.058868408203125 -0.237548828125 -0.0342559814453124
0.150802612304688 -0.0370025634765625 0.0748519897460938 0.03082275390625
0.0774307250976563 -0.0628738403320313 0.22735595703125 -0.149703979492188
0.0746917724609375 -0.0718154907226563 0.20355224609375 -0.30535888671875
0.0909652709960938 -0.0721588134765625 0.146240234375 -0.3648681640625
0.073944091796875 -0.0802459716796875 0.16009521484375 -0.410369873046875
0.0833740234375 -0.0937118530273438 0.242095947265625 -0.384246826171875
0.120658874511719 -0.098236083984375 0.242431640625 -0.313446044921875
0.18426513671875 -0.088165283203125 0.2757568359375 -0.223770141601562
0.277801513671875 0.0560150146484375 0.292755126953125 -0.0780029296875
0.274215698242188 0.249130249023438 0.0968170166015625 -0.015899658203125
0.151641845703125 0.30816650390625 -0.132476806640625 -0.357421875
0.1724853515625 0.46380615234375 -0.147735595703125 -0.207321166992188
0.237579345703125 0.426483154296875 -0.1875 -0.66937255859375
0.3006591796875 0.349334716796875 -0.50543212890625 -0.366119384765625
0.3565673828125 0.14849853515625 -0.315216064453125 0.00152587890624995
0.300262451171875 -0.004791259765625 0.0203094482421875 0.0822830200195313
0.234466552734375 -0.127334594726563 0.191879272460938 -0.111373901367187
0.180099487304687 -0.18487548828125 0.171463012695313 -0.257492065429688
0.178695678710938 -0.175765991210938 0.113494873046875 -0.314453125
0.175125122070313 -0.198211669921875 0.12994384765625 -0.356109619140625
0.214813232421875 -0.1837158203125 0.219146728515625 -0.343719482421875
0.269515991210938 -0.1143798828125 0.23114013671875 -0.27850341796875
0.3111572265625 -0.052398681640625 0.279342651367188 -0.192626953125
0.3388671875 0.1329345703125 0.305816650390625 -0.03216552734375
0.346588134765625 0.300994873046875 0.149734497070313 0.0331878662109375
0.274444580078125 0.363037109375 -0.0880279541015625 -0.2567138671875
0.327728271484375 0.45513916015625 -0.0983200073242187 -0.0713653564453125
0.33819580078125 0.3763427734375 -0.1689453125 -0.57568359375
0.33563232421875 0.34381103515625 -0.556304931640625 -0.313995361328125
0.421112060546875 0.186859130859375 -0.390838623046875 0.062103271484375
0.404541015625 0.014678955078125 -0.056304931640625 0.144683837890625
0.357025146484375 -0.18121337890625 0.119132995605469 -0.037689208984375
0.262115478515625 -0.2738037109375 0.111068725585938 -0.163894653320313
0.241943359375 -0.252731323242188 0.0624847412109375 -0.219467163085938
0.251220703125 -0.282440185546875 0.0846099853515625 -0.259109497070313
0.320770263671875 -0.24298095703125 0.176910400390625 -0.261795043945313
0.39068603515625 -0.1102294921875 0.206832885742188 -0.214202880859375
0.4090576171875 -0.0032958984375 0.282958984375 -0.144775390625
0.36273193359375 0.211151123046875 0.335479736328125 0.03363037109375
0.364471435546875 0.3311767578125 0.22467041015625 0.121673583984375
0.349365234375 0.3699951171875 -0.0207061767578125 -0.117706298828125
0.423980712890625 0.362396240234375 -0.0259971618652343 0.0684127807617188
0.371124267578125 0.2542724609375 -0.154205322265625 -0.442840576171875
0.30377197265625 0.277496337890625 -0.56884765625 -0.2113037109375
0.408294677734375 0.189117431640625 -0.42584228515625 0.14215087890625
0.439361572265625 0.02398681640625 -0.129989624023437 0.210968017578125
0.4190673828125 -0.213104248046875 0.0252761840820313 0.0602645874023437
0.301666259765625 -0.32269287109375 0.0317173004150391 -0.0331172943115235
0.26983642578125 -0.2908935546875 -0.00107574462890624 -0.0907363891601563
0.2933349609375 -0.32110595703125 0.0258560180664063 -0.133720397949219
0.3819580078125 -0.25799560546875 0.116653442382813 -0.151473999023438
0.455230712890625 -0.07269287109375 0.165267944335938 -0.128616333007813
0.442047119140625 0.066864013671875 0.2728271484375 -0.076751708984375
0.320343017578125 0.2701416015625 0.36474609375 0.123321533203125
0.320465087890625 0.3212890625 0.297027587890625 0.24676513671875
0.372802734375 0.322174072265625 0.0484848022460938 0.042266845703125
0.42755126953125 0.202606201171875 0.0532989501953125 0.190765380859375
0.298828125 0.106109619140625 -0.1392822265625 -0.287322998046875
0.194244384765625 0.197128295898438 -0.526275634765625 -0.08575439453125
0.324188232421875 0.18157958984375 -0.410308837890625 0.21490478515625
0.402099609375 0.03497314453125 -0.183120727539062 0.263717651367188
0.409027099609375 -0.214569091796875 -0.0668487548828125 0.1666259765625
0.289794921875 -0.323638916015625 -0.0483551025390625 0.114143371582031
0.257232666015625 -0.284027099609375 -0.0654525756835937 0.0528488159179687
0.293853759765625 -0.3118896484375 -0.0405044555664062 0.000400543212890601
0.389404296875 -0.226287841796875 0.0389328002929688 -0.0354804992675781
0.4427490234375 -0.012176513671875 0.103767395019531 -0.0442581176757813
0.387451171875 0.139923095703125 0.242431640625 -0.00524902343749999
0.206802368164063 0.278305053710938 0.374237060546875 0.220794677734375
0.226654052734375 0.248336791992187 0.34136962890625 0.390533447265625
0.355804443359375 0.2210693359375 0.105789184570313 0.199264526367188
0.339630126953125 0.014251708984375 0.122634887695312 0.277191162109375
0.14349365234375 -0.025726318359375 -0.118865966796875 -0.143142700195313
0.0455474853515625 0.13543701171875 -0.442962646484375 0.0168457031249999
0.2030029296875 0.1761474609375 -0.36285400390625 0.253692626953125
0.313201904296875 0.0478515625 -0.21429443359375 0.2916259765625
0.335052490234375 -0.183074951171875 -0.142044067382812 0.2652587890625
0.2335205078125 -0.271270751953125 -0.111114501953125 0.255462646484375
0.206756591796875 -0.234664916992187 -0.116607666015625 0.188507080078125
0.25152587890625 -0.2589111328125 -0.104316711425781 0.123420715332031
0.33837890625 -0.161346435546875 -0.0458908081054687 0.0639991760253906
0.358245849609375 0.051605224609375 0.0314674377441407 0.0171585083007813
0.253280639648438 0.181472778320313 0.197418212890625 0.0484771728515625
0.0557403564453125 0.20855712890625 0.363311767578125 0.3062744140625
0.120567321777344 0.106201171875 0.34814453125 0.529449462890625
0.31036376953125 0.074005126953125 0.144378662109375 0.327484130859375
0.189056396484375 -0.166641235351563 0.166015625 0.315643310546875
-0.037353515625 -0.116508483886719 -0.0995025634765625 -0.03765869140625
-0.0942230224609375 0.087158203125 -0.35699462890625 0.0726623535156249
0.0732574462890625 0.160659790039063 -0.31842041015625 0.254364013671875
0.19146728515625 0.060546875 -0.23681640625 0.298309326171875
0.217208862304687 -0.117538452148437 -0.190826416015625 0.341949462890625
0.14654541015625 -0.17095947265625 -0.1468505859375 0.3671875
0.126815795898438 -0.147720336914063 -0.14794921875 0.2947998046875
0.171279907226563 -0.1702880859375 -0.153793334960938 0.216354370117187
0.235870361328125 -0.082550048828125 -0.123680114746094 0.131011962890625
0.21942138671875 0.091400146484375 -0.0315132141113281 0.0404167175292969
0.07958984375 0.165267944335938 0.163192749023438 0.07037353515625
-0.0802764892578125 0.063568115234375 0.35479736328125 0.3740234375
0.0374984741210937 -0.0842208862304688 0.3182373046875 0.6387939453125
0.2503662109375 -0.0944976806640625 0.166534423828125 0.404998779296875
-0.1219482421875 0.277206420898438 -0.20062255859375 -0.38372802734375
0.073211669921875 0.285430908203125 -0.312255859375 -0.70721435546875
0.182373046875 0.1025390625 -0.42034912109375 -0.3138427734375
0.0966033935546875 -0.0643234252929688 -0.196212768554687 -0.0454864501953125
-0.0227470397949219 -0.0680770874023438 0.0914306640625 -0.0172805786132813
-0.0872421264648438 0.0183563232421875 0.216827392578125 -0.17706298828125
-0.0356407165527344 0.0566177368164063 0.1910400390625 -0.32025146484375
-0.00616836547851563 0.0456771850585938 0.14080810546875 -0.380462646484375
-0.0374641418457031 0.0592460632324219 0.15301513671875 -0.435546875
-0.0630302429199219 0.0109939575195312 0.230560302734375 -0.4150390625
-0.0449142456054688 -0.0792007446289063 0.234039306640625 -0.35089111328125
0.046905517578125 -0.122772216796875 0.275115966796875 -0.267654418945313
0.203048706054688 -0.025604248046875 0.31622314453125 -0.12060546875
0.178115844726563 0.177230834960938 0.080230712890625 -0.0199966430664062
0.00886535644531248 0.2216796875 -0.174102783203125 -0.416595458984375
0.031463623046875 0.40966796875 -0.190093994140625 -0.3189697265625
0.162933349609375 0.39813232421875 -0.26690673828125 -0.726806640625
0.2679443359375 0.260543823242188 -0.474639892578125 -0.350250244140625
0.254837036132813 0.0452423095703125 -0.245437622070313 -0.0219268798828125
0.15203857421875 -0.0475921630859375 0.0811004638671875 0.0226898193359375
0.0740203857421875 -0.0674285888671875 0.223114013671875 -0.17462158203125
0.07147216796875 -0.07720947265625 0.188446044921875 -0.328857421875
0.0889816284179687 -0.0802001953125 0.12689208984375 -0.385040283203125
0.0729598999023437 -0.0868988037109375 0.138702392578125 -0.435028076171875
0.0799102783203125 -0.101455688476562 0.227752685546875 -0.415618896484375
0.117393493652344 -0.110527038574219 0.232635498046875 -0.338287353515625
0.185928344726562 -0.102981567382812 0.271163940429687 -0.245361328125
0.293701171875 0.040802001953125 0.296173095703125 -0.09637451171875
0.30279541015625 0.2437744140625 0.0998077392578125 -0.01861572265625
0.17547607421875 0.315704345703125 -0.160491943359375 -0.362091064453125
0.206207275390625 0.475067138671875 -0.1593017578125 -0.206634521484375
0.271697998046875 0.429168701171875 -0.22979736328125 -0.68670654296875
0.33587646484375 0.347015380859375 -0.54144287109375 -0.349761962890625
0.379730224609375 0.131439208984375 -0.326080322265625 0.01873779296875
0.31005859375 -0.0234375 0.0287399291992188 0.0797882080078125
0.233383178710937 -0.144943237304688 0.188491821289063 -0.131088256835938
0.1724853515625 -0.203201293945312 0.158096313476563 -0.27935791015625
0.17291259765625 -0.193649291992188 0.094512939453125 -0.33392333984375
0.169281005859375 -0.215301513671875 0.111907958984375 -0.3778076171875
0.21014404296875 -0.2047119140625 0.20684814453125 -0.371856689453125
0.272720336914063 -0.13787841796875 0.22369384765625 -0.299591064453125
0.320892333984375 -0.074554443359375 0.277511596679688 -0.213363647460938
0.3623046875 0.117523193359375 0.312591552734375 -0.0509033203125
0.380096435546875 0.292877197265625 0.1568603515625 0.0298309326171875
0.306304931640625 0.365936279296875 -0.108856201171875 -0.258682250976563
0.368072509765625 0.457611083984375 -0.101272583007812 -0.0662841796875
0.37286376953125 0.371124267578125 -0.2060546875 -0.59326171875
0.374420166015625 0.34112548828125 -0.592529296875 -0.2958984375
0.4488525390625 0.168487548828125 -0.400665283203125 0.086761474609375
0.421661376953125 -0.010589599609375 -0.0475311279296875 0.149002075195313
0.358551025390625 -0.20916748046875 0.117660522460938 -0.0508041381835938
0.251739501953125 -0.301513671875 0.100921630859375 -0.1795654296875
0.23284912109375 -0.2769775390625 0.0466461181640625 -0.232757568359375
0.242218017578125 -0.3094482421875 0.0694732666015625 -0.274948120117187
0.314300537109375 -0.274078369140625 0.167816162109375 -0.2847900390625
0.399139404296875 -0.1417236328125 0.20184326171875 -0.231521606445313
0.42633056640625 -0.028594970703125 0.28326416015625 -0.161956787109375
0.391448974609375 0.19842529296875 0.34881591796875 0.017669677734375
0.400360107421875 0.324066162109375 0.239242553710938 0.117355346679688
0.38629150390625 0.3677978515625 -0.031707763671875 -0.118392944335937
0.461944580078125 0.353790283203125 -0.0193634033203125 0.0757293701171875
0.399627685546875 0.2442626953125 -0.183502197265625 -0.4537353515625
0.33709716796875 0.2738037109375 -0.59942626953125 -0.18682861328125
0.43780517578125 0.17218017578125 -0.4344482421875 0.170623779296875
0.45965576171875 -0.004302978515625 -0.120376586914062 0.221923828125
0.419921875 -0.246978759765625 0.0261116027832031 0.0568313598632812
0.2884521484375 -0.355987548828125 0.0272865295410156 -0.0399208068847656
0.260650634765625 -0.31951904296875 -0.0110321044921875 -0.0964431762695313
0.28314208984375 -0.3515625 0.0161361694335938 -0.139419555664063
0.376922607421875 -0.294921875 0.112091064453125 -0.166961669921875
0.469940185546875 -0.10955810546875 0.163253784179688 -0.140640258789063
0.465301513671875 0.04095458984375 0.277053833007813 -0.091094970703125
0.351348876953125 0.2630615234375 0.38458251953125 0.108551025390625
0.3536376953125 0.31683349609375 0.323333740234375 0.24359130859375
0.406494140625 0.316619873046875 0.0485763549804688 0.0446510314941407
0.45654296875 0.187042236328125 0.068695068359375 0.199066162109375
0.315765380859375 0.09466552734375 -0.1593017578125 -0.293212890625
0.218658447265625 0.198806762695313 -0.5478515625 -0.0579528808593749
0.350494384765625 0.169708251953125 -0.411407470703125 0.245574951171875
0.42266845703125 0.008880615234375 -0.173080444335937 0.278900146484375
0.41009521484375 -0.250091552734375 -0.0634613037109375 0.173126220703125
0.276702880859375 -0.3587646484375 -0.0467681884765625 0.117454528808594
0.248138427734375 -0.313751220703125 -0.0675315856933593 0.0559501647949219
0.28369140625 -0.34228515625 -0.043731689453125 0.00432968139648436
0.388092041015625 -0.261962890625 0.0396270751953125 -0.0411567687988281
0.46075439453125 -0.044464111328125 0.1044921875 -0.0476455688476563
0.412261962890625 0.120147705078125 0.248703002929688 -0.0137786865234375
0.23272705078125 0.278717041015625 0.399322509765625 0.20867919921875
0.251724243164063 0.245681762695313 0.37713623046875 0.390380859375
0.38189697265625 0.2095947265625 0.115936279296875 0.205612182617188
0.35394287109375 -0.0045166015625 0.145782470703125 0.28521728515625
0.145843505859375 -0.03253173828125 -0.129302978515625 -0.142532348632813
0.059234619140625 0.142929077148438 -0.45538330078125 0.043121337890625
0.22491455078125 0.170913696289063 -0.36114501953125 0.281036376953125
0.331878662109375 0.02777099609375 -0.20562744140625 0.309295654296875
0.335479736328125 -0.21307373046875 -0.1339111328125 0.279312133789063
0.2216796875 -0.29986572265625 -0.101898193359375 0.2672119140625
0.199386596679688 -0.258316040039062 -0.111419677734375 0.199996948242188
0.243927001953125 -0.28564453125 -0.100875854492187 0.135528564453125
0.3385009765625 -0.19329833984375 -0.0407180786132812 0.0680618286132813
0.376312255859375 0.026763916015625 0.0329875946044922 0.0203647613525391
0.275253295898438 0.172607421875 0.20367431640625 0.0430908203125
0.0693511962890625 0.214767456054688 0.39154052734375 0.298553466796875
0.130882263183594 0.10235595703125 0.38885498046875 0.5316162109375
0.328155517578125 0.0574951171875 0.1624755859375 0.33587646484375
0.18572998046875 -0.18548583984375 0.19281005859375 0.3223876953125
-0.0477294921875 -0.115669250488281 -0.102554321289063 -0.03436279296875
-0.0907974243164063 0.101089477539063 -0.362884521484375 0.0955810546874999
0.0884857177734375 0.162246704101563 -0.314605712890625 0.278350830078125
0.205581665039063 0.0485076904296875 -0.230010986328125 0.318572998046875
0.216232299804688 -0.138427734375 -0.180633544921875 0.36138916015625
0.137710571289063 -0.190200805664062 -0.130889892578125 0.385711669921875
0.123092651367188 -0.163619995117188 -0.135589599609375 0.3126220703125
0.166168212890625 -0.189926147460938 -0.146377563476562 0.234954833984375
0.238189697265625 -0.1036376953125 -0.11663818359375 0.143081665039063
0.23583984375 0.0772857666015625 -0.0318145751953125 0.0492095947265625
0.0938720703125 0.167587280273438 0.169906616210938 0.067291259765625
-0.0810928344726562 0.07086181640625 0.38531494140625 0.368255615234375
0.0327606201171875 -0.0911407470703125 0.365478515625 0.64703369140625
0.255889892578125 -0.114730834960937 0.190673828125 0.415802001953125
-0.103729248046875 0.293731689453125 -0.224365234375 -0.3773193359375
0.09710693359375 0.28302001953125 -0.36700439453125 -0.69500732421875
0.19390869140625 0.086883544921875 -0.4461669921875 -0.286163330078125
0.0911483764648438 -0.0737838745117188 -0.199371337890625 -0.0321044921875
-0.0311660766601563 -0.066192626953125 0.091339111328125 -0.030975341796875
-0.0886154174804688 0.0297393798828125 0.200912475585938 -0.202255249023438
-0.0316276550292969 0.0622215270996094 0.164764404296875 -0.3392333984375
-0.00323867797851563 0.046905517578125 0.11083984375 -0.39404296875
-0.0304603576660156 0.0652008056640625 0.117645263671875 -0.452301025390625
-0.0637969970703125 0.0189094543457031 0.197723388671875 -0.439788818359375
-0.0555801391601562 -0.0759811401367188 0.209136962890625 -0.370269775390625
0.0365066528320312 -0.128837585449219 0.255706787109375 -0.291534423828125
0.203857421875 -0.0450592041015625 0.30462646484375 -0.145294189453125
0.197555541992188 0.164886474609375 0.0801849365234375 -0.0238037109375
0.0267791748046875 0.2283935546875 -0.20855712890625 -0.407318115234375
0.062713623046875 0.416534423828125 -0.208984375 -0.31170654296875
0.196929931640625 0.39080810546875 -0.3226318359375 -0.7193603515625
0.29327392578125 0.241424560546875 -0.504547119140625 -0.31768798828125
0.26092529296875 0.024169921875 -0.248611450195312 -0.00373840332031251
0.147232055664062 -0.0612640380859375 0.0853729248046875 0.0102996826171875
0.0667495727539062 -0.070556640625 0.207244873046875 -0.199813842773438
0.0638427734375 -0.0824127197265625 0.159759521484375 -0.348846435546875
0.0822525024414063 -0.0875244140625 0.094207763671875 -0.39825439453125
0.0674057006835938 -0.0920639038085938 0.103302001953125 -0.4493408203125
0.0714340209960937 -0.107536315917969 0.194061279296875 -0.4407958984375
0.107002258300781 -0.122123718261719 0.209869384765625 -0.35821533203125
0.180007934570313 -0.119888305664063 0.253524780273438 -0.26678466796875
0.3026123046875 0.016693115234375 0.28826904296875 -0.119354248046875
0.32928466796875 0.222747802734375 0.100692749023438 -0.023834228515625
0.2037353515625 0.310546875 -0.192138671875 -0.35302734375
0.24566650390625 0.4678955078125 -0.16998291015625 -0.1976318359375
0.308563232421875 0.414215087890625 -0.28350830078125 -0.6834716796875
0.371826171875 0.323883056640625 -0.57257080078125 -0.31396484375
0.395843505859375 0.101470947265625 -0.32666015625 0.044769287109375
0.310791015625 -0.049835205078125 0.0366668701171875 0.0737838745117188
0.22137451171875 -0.163375854492188 0.175689697265625 -0.152633666992187
0.155502319335938 -0.217498779296875 0.1328125 -0.2972412109375
0.15753173828125 -0.208786010742188 0.064788818359375 -0.344207763671875
0.153640747070312 -0.23175048828125 0.0782470703125 -0.3909912109375
0.194549560546875 -0.223846435546875 0.176666259765625 -0.396209716796875
0.262741088867188 -0.163375854492188 0.201629638671875 -0.31805419921875
0.319793701171875 -0.1019287109375 0.262664794921875 -0.234756469726563
0.378814697265625 0.0911865234375 0.311065673828125 -0.074249267578125
0.41180419921875 0.269287109375 0.16162109375 0.021392822265625
0.339080810546875 0.350128173828125 -0.132308959960937 -0.251785278320313
0.409698486328125 0.43670654296875 -0.101585388183594 -0.059173583984375
0.40692138671875 0.348602294921875 -0.25201416015625 -0.58837890625
0.4127197265625 0.31768798828125 -0.6209716796875 -0.25360107421875
0.4708251953125 0.133209228515625 -0.3980712890625 0.117950439453125
0.425384521484375 -0.045013427734375 -0.0341796875 0.15069580078125
0.344696044921875 -0.2403564453125 0.111129760742188 -0.0652847290039063
0.227691650390625 -0.326568603515625 0.08355712890625 -0.1922607421875
0.211669921875 -0.29864501953125 0.0233612060546875 -0.239669799804688
0.21929931640625 -0.3328857421875 0.045623779296875 -0.283203125
0.29302978515625 -0.305511474609375 0.144989013671875 -0.30487060546875
0.39068603515625 -0.179901123046875 0.185470581054688 -0.24798583984375
0.431732177734375 -0.063934326171875 0.27252197265625 -0.1829833984375
0.415435791015625 0.1724853515625 0.353485107421875 -0.00750732421874999
0.4351806640625 0.298797607421875 0.252609252929687 0.104095458984375
0.419342041015625 0.346282958984375 -0.044189453125 -0.114730834960937
0.4989013671875 0.323638916015625 -0.00904083251953122 0.0818252563476563
0.423736572265625 0.21661376953125 -0.218780517578125 -0.447998046875
0.369873046875 0.253814697265625 -0.61834716796875 -0.143310546875
0.4609375 0.13934326171875 -0.42529296875 0.205047607421875
0.466522216796875 -0.04345703125 -0.10247802734375 0.229644775390625
0.404571533203125 -0.285125732421875 0.02685546875 0.0513687133789062
0.259063720703125 -0.386138916015625 0.0197639465332031 -0.0462226867675781
0.23651123046875 -0.344879150390625 -0.0241851806640625 -0.0968856811523438
0.256134033203125 -0.38079833984375 0.00238037109375003 -0.141830444335938
0.35552978515625 -0.3319091796875 0.0993499755859375 -0.181259155273438
0.465423583984375 -0.152984619140625 0.154006958007813 -0.151397705078125
0.475616455078125 0.003173828125 0.272537231445313 -0.10906982421875
0.37945556640625 0.24200439453125 0.398590087890625 0.0816650390625
0.385406494140625 0.29522705078125 0.346435546875 0.225494384765625
0.43585205078125 0.29168701171875 0.0492820739746094 0.0456924438476563
0.479705810546875 0.155059814453125 0.0900115966796875 0.201095581054688
0.327239990234375 0.07196044921875 -0.181976318359375 -0.28765869140625
0.24371337890625 0.186920166015625 -0.55621337890625 -0.01708984375
0.373748779296875 0.1439208984375 -0.398284912109375 0.278533935546875
0.431121826171875 -0.027679443359375 -0.15240478515625 0.292327880859375
0.393798828125 -0.2891845703125 -0.054168701171875 0.176559448242187
0.247161865234375 -0.386962890625 -0.0415267944335937 0.119003295898438
0.224456787109375 -0.338775634765625 -0.0688247680664062 0.0608787536621094
0.257415771484375 -0.37225341796875 -0.0454292297363281 0.0089912414550781
0.366943359375 -0.300994873046875 0.0373687744140625 -0.0478935241699219
0.462860107421875 -0.087615966796875 0.102073669433594 -0.0523910522460938
0.429443359375 0.0885009765625 0.248580932617188 -0.0279388427734375
0.258941650390625 0.2666015625 0.419921875 0.18121337890625
0.274215698242188 0.230499267578125 0.412567138671875 0.36822509765625
0.40374755859375 0.1837158203125 0.129440307617188 0.203826904296875
0.359405517578125 -0.032562255859375 0.172760009765625 0.282684326171875
0.145126342773438 -0.042236328125 -0.140060424804687 -0.136863708496094
0.07666015625 0.144027709960937 -0.45465087890625 0.07733154296875
0.244827270507813 0.155258178710938 -0.34320068359375 0.3089599609375
0.340576171875 -0.001556396484375 -0.18511962890625 0.32598876953125
0.3216552734375 -0.24530029296875 -0.1175537109375 0.29058837890625
0.195465087890625 -0.32464599609375 -0.08453369140625 0.275100708007813
0.1795654296875 -0.279708862304687 -0.099578857421875 0.209671020507812
0.2215576171875 -0.31170654296875 -0.091033935546875 0.14678955078125
0.3236083984375 -0.226593017578125 -0.03363037109375 0.06976318359375
0.38336181640625 -0.007843017578125 0.0343036651611328 0.0226783752441406
0.294097900390625 0.1522216796875 0.207534790039063 0.033782958984375
0.08624267578125 0.214401245117187 0.41888427734375 0.2718505859375
0.140480041503906 0.0936050415039063 0.434600830078125 0.511688232421875
0.337982177734375 0.03131103515625 0.185699462890625 0.333221435546875
0.173294067382813 -0.203369140625 0.222991943359375 0.316436767578125
-0.0586166381835938 -0.110969543457031 -0.103904724121094 -0.0294952392578125
-0.0802154541015625 0.113716125488281 -0.35711669921875 0.122711181640625
0.105575561523437 0.15740966796875 -0.297027587890625 0.304107666015625
0.214141845703125 0.0290069580078125 -0.20733642578125 0.335723876953125
0.206878662109375 -0.159927368164063 -0.156524658203125 0.377960205078125
0.120452880859375 -0.2076416015625 -0.1025390625 0.39764404296875
0.110397338867187 -0.178970336914063 -0.11248779296875 0.325531005859375
0.151138305664063 -0.207901000976562 -0.1270751953125 0.251327514648438
0.231552124023438 -0.128067016601563 -0.103012084960938 0.153427124023437
0.246658325195313 0.0563507080078125 -0.0296173095703125 0.0568695068359375
0.110198974609375 0.162872314453125 0.173797607421875 0.0593719482421875
-0.0800704956054687 0.0798263549804688 0.415679931640625 0.342620849609375
0.0246353149414063 -0.095489501953125 0.4190673828125 0.6309814453125
0.25164794921875 -0.13946533203125 0.220855712890625 0.411895751953125
-0.082427978515625 0.3021240234375 -0.23736572265625 -0.362091064453125
0.117874145507812 0.272872924804687 -0.40447998046875 -0.66180419921875
0.19677734375 0.0690155029296875 -0.454315185546875 -0.25286865234375
0.0826644897460938 -0.0808563232421875 -0.196380615234375 -0.01953125
-0.0382575988769531 -0.0623550415039062 0.0858078002929688 -0.0429763793945313
-0.0864334106445313 0.0402069091796875 0.17626953125 -0.218002319335938
-0.0263252258300781 0.0672378540039062 0.134979248046875 -0.346527099609375
-0.000988006591796878 0.047698974609375 0.079925537109375 -0.393463134765625
-0.0230255126953125 0.0680999755859375 0.081298828125 -0.44989013671875
-0.0623626708984375 0.025909423828125 0.1595458984375 -0.446380615234375
-0.0639724731445312 -0.0690650939941406 0.1783447265625 -0.37725830078125
0.0256271362304687 -0.129798889160156 0.22967529296875 -0.300384521484375
0.197311401367188 -0.06134033203125 0.284912109375 -0.16162109375
0.20849609375 0.148101806640625 0.0789260864257813 -0.02764892578125
0.0434722900390625 0.226699829101563 -0.23345947265625 -0.384796142578125
0.09136962890625 0.409393310546875 -0.217864990234375 -0.296295166015625
0.2218017578125 0.371551513671875 -0.36309814453125 -0.6885986328125
0.30828857421875 0.215087890625 -0.513763427734375 -0.278289794921875
0.25836181640625 0.0034637451171875 -0.242752075195312 0.0129852294921875
0.138214111328125 -0.0710067749023437 0.0845718383789063 -0.000778198242187504
0.05828857421875 -0.070892333984375 0.183517456054688 -0.215240478515625
0.0553665161132813 -0.0820236206054688 0.130096435546875 -0.354705810546875
0.0735321044921875 -0.0906524658203125 0.05950927734375 -0.397003173828125
0.06011962890625 -0.0944366455078125 0.066925048828125 -0.4481201171875
0.060760498046875 -0.109390258789063 0.156280517578125 -0.447418212890625
0.0938720703125 -0.127876281738281 0.18084716796875 -0.36407470703125
0.168365478515625 -0.132171630859375 0.228652954101563 -0.277816772460938
0.299560546875 -0.006591796875 0.27178955078125 -0.13360595703125
0.343017578125 0.19677734375 0.0990829467773438 -0.0274658203125
0.223480224609375 0.29541015625 -0.214324951171875 -0.332672119140625
0.27545166015625 0.447021484375 -0.174270629882812 -0.184844970703125
0.33258056640625 0.38720703125 -0.32379150390625 -0.656494140625
0.392181396484375 0.29278564453125 -0.58221435546875 -0.26947021484375
0.397186279296875 0.070465087890625 -0.316741943359375 0.0659179687500001
0.29949951171875 -0.072235107421875 0.0422706604003906 0.0641098022460938
0.204483032226563 -0.17431640625 0.157684326171875 -0.166275024414063
0.133926391601562 -0.2237548828125 0.10552978515625 -0.303802490234375
0.13885498046875 -0.215225219726563 0.034271240234375 -0.341552734375
0.133407592773437 -0.239837646484375 0.0469970703125 -0.38873291015625
0.171920776367188 -0.233627319335938 0.141021728515625 -0.4029541015625
0.244232177734375 -0.182220458984375 0.17474365234375 -0.32470703125
0.308319091796875 -0.123748779296875 0.240432739257813 -0.245529174804688
0.3814697265625 0.062042236328125 0.2987060546875 -0.090606689453125
0.42919921875 0.236602783203125 0.162887573242188 0.01239013671875
0.35894775390625 0.325592041015625 -0.149856567382812 -0.235641479492188
0.434356689453125 0.4033203125 -0.0986404418945312 -0.0518264770507812
0.423797607421875 0.31549072265625 -0.2867431640625 -0.5662841796875
0.43511962890625 0.28399658203125 -0.62750244140625 -0.20819091796875
0.473968505859375 0.09735107421875 -0.382568359375 0.144927978515625
0.414886474609375 -0.0765380859375 -0.021392822265625 0.1458740234375
0.319091796875 -0.26043701171875 0.100250244140625 -0.0752410888671875
0.1961669921875 -0.3360595703125 0.0643157958984375 -0.19769287109375
0.18475341796875 -0.308624267578125 0.00170898437500003 -0.236373901367188
0.1907958984375 -0.344940185546875 0.020904541015625 -0.280364990234375
0.262298583984375 -0.32196044921875 0.116485595703125 -0.312469482421875
0.369720458984375 -0.20831298828125 0.164993286132813 -0.253616333007813
0.42181396484375 -0.09454345703125 0.254241943359375 -0.19537353515625
0.423980712890625 0.14019775390625 0.34661865234375 -0.028900146484375
0.45068359375 0.264129638671875 0.258255004882813 0.08929443359375
0.437164306640625 0.31402587890625 -0.0538101196289062 -0.105331420898437
0.5150146484375 0.28472900390625 0.00246429443359379 0.0820846557617188
0.431884765625 0.184814453125 -0.24658203125 -0.4305419921875
0.389739990234375 0.224609375 -0.6180419921875 -0.0967407226562499
0.466156005859375 0.102386474609375 -0.404022216796875 0.231201171875
0.456085205078125 -0.078155517578125 -0.08343505859375 0.228988647460937
0.3759765625 -0.31048583984375 0.026641845703125 0.0457229614257812
0.221832275390625 -0.399322509765625 0.0113792419433594 -0.0491867065429688
0.2054443359375 -0.35589599609375 -0.0350189208984375 -0.0936126708984375
0.2225341796875 -0.39556884765625 -0.00946807861328122 -0.138679504394531
0.320709228515625 -0.353424072265625 0.0820770263671875 -0.18841552734375
0.445526123046875 -0.18768310546875 0.141006469726563 -0.157012939453125
0.47027587890625 -0.030517578125 0.2586669921875 -0.121673583984375
0.392852783203125 0.21295166015625 0.396728515625 0.055023193359375
0.402191162109375 0.26641845703125 0.35943603515625 0.201568603515625
0.44842529296875 0.259185791015625 0.04888916015625 0.0460853576660156
0.484527587890625 0.11834716796875 0.107711791992188 0.194717407226562
0.32659912109375 0.049407958984375 -0.198165893554687 -0.273895263671875
0.26025390625 0.168853759765625 -0.546600341796875 0.0202941894531251
0.381591796875 0.114990234375 -0.37103271484375 0.299896240234375
0.42462158203125 -0.06060791015625 -0.12823486328125 0.2933349609375
0.36578369140625 -0.315216064453125 -0.04449462890625 0.175674438476562
0.20916748046875 -0.400787353515625 -0.0360031127929687 0.117721557617187
0.193878173828125 -0.350341796875 -0.0673637390136718 0.0653190612792969
0.223724365234375 -0.386627197265625 -0.0447731018066406 0.0130462646484375
0.334503173828125 -0.325592041015625 0.0310935974121094 -0.0528717041015625
0.447174072265625 -0.12335205078125 0.0967178344726563 -0.0544052124023438
0.429962158203125 0.055389404296875 0.241073608398438 -0.0390625
0.274734497070313 0.247039794921875 0.425140380859375 0.15228271484375
0.2882080078125 0.209869384765625 0.433990478515625 0.337432861328125
0.409576416015625 0.152435302734375 0.138137817382813 0.196273803710937
0.350982666015625 -0.058349609375 0.194412231445313 0.270370483398438
0.139236450195313 -0.0503921508789063 -0.145965576171875 -0.127456665039063
0.0914993286132813 0.138534545898438 -0.43994140625 0.10546875
0.255874633789063 0.134689331054688 -0.315093994140625 0.325836181640625
0.337921142578125 -0.02978515625 -0.157745361328125 0.328582763671875
0.296844482421875 -0.266754150390625 -0.098785400390625 0.2926025390625
0.164794921875 -0.335723876953125 -0.0666046142578125 0.274566650390625
0.155670166015625 -0.2900390625 -0.0862884521484375 0.212982177734375
0.192840576171875 -0.324249267578125 -0.078125 0.15142822265625
0.298553466796875 -0.25018310546875 -0.0281562805175781 0.0685234069824218
0.376922607421875 -0.039886474609375 0.0359764099121094 0.0245933532714844
0.302001953125 0.12921142578125 0.20477294921875 0.0236358642578125
0.100006103515625 0.20794677734375 0.428253173828125 0.240020751953125
0.144210815429688 0.0831146240234375 0.46405029296875 0.47625732421875
0.33392333984375 0.004974365234375 0.20220947265625 0.32086181640625
0.1556396484375 -0.213241577148438 0.245391845703125 0.29998779296875
-0.0653839111328125 -0.102035522460938 -0.102745056152344 -0.0236053466796875
-0.0673141479492188 0.119758605957031 -0.340545654296875 0.143402099609375
0.118484497070313 0.146636962890625 -0.2698974609375 0.316680908203125
0.214813232421875 0.0106201171875 -0.1812744140625 0.341766357421875
0.190261840820312 -0.174972534179688 -0.128936767578125 0.381072998046875
0.099395751953125 -0.214859008789063 -0.07476806640625 0.396484375
0.09521484375 -0.186599731445313 -0.08819580078125 0.328155517578125
0.132232666015625 -0.217605590820312 -0.104568481445312 0.256942749023438
0.216552734375 -0.146514892578125 -0.0880737304687499 0.156814575195313
0.247634887695312 0.0336761474609375 -0.0248908996582031 0.0633316040039063
0.12225341796875 0.153045654296875 0.172393798828125 0.051116943359375
-0.075408935546875 0.087249755859375 0.42822265625 0.308502197265625
0.0158615112304688 -0.0962142944335937 0.45587158203125 0.59490966796875
0.2392578125 -0.1590576171875 0.240142822265625 0.395782470703125
-0.0677490234375 0.30218505859375 -0.23895263671875 -0.35028076171875
0.128097534179687 0.261505126953125 -0.41571044921875 -0.63397216796875
0.194473266601562 0.056182861328125 -0.448394775390625 -0.2305908203125
0.0757064819335938 -0.0837020874023438 -0.189804077148438 -0.012451171875
-0.0425567626953125 -0.0582542419433594 0.078643798828125 -0.0501556396484375
-0.0831527709960937 0.0466842651367188 0.1568603515625 -0.222747802734375
-0.0226821899414063 0.069427490234375 0.113677978515625 -0.343414306640625
0.000770568847656252 0.0480422973632813 0.059722900390625 -0.3834228515625
-0.0179405212402344 0.0679130554199219 0.05743408203125 -0.43994140625
-0.0593490600585937 0.03131103515625 0.132659912109375 -0.437255859375
-0.0695762634277344 -0.0621833801269531 0.157806396484375 -0.372772216796875
0.017608642578125 -0.128311157226563 0.20806884765625 -0.29962158203125
0.19000244140625 -0.0716552734375 0.2674560546875 -0.16534423828125
0.211807250976563 0.134780883789063 0.0768585205078125 -0.0282821655273437
0.053497314453125 0.222564697265625 -0.243682861328125 -0.365386962890625
0.1055908203125 0.398773193359375 -0.218170166015625 -0.285247802734375
0.231903076171875 0.353759765625 -0.37872314453125 -0.6612548828125
0.310394287109375 0.194305419921875 -0.5098876953125 -0.25250244140625
0.249984741210937 -0.008880615234375 -0.233779907226562 0.0215606689453125
0.128913879394531 -0.0742721557617187 0.0799942016601563 -0.0096588134765625
0.0526504516601563 -0.0683822631835938 0.164581298828125 -0.220321655273438
0.0499954223632813 -0.079681396484375 0.107330322265625 -0.352294921875
0.06591796875 -0.089508056640625 0.0400390625 -0.387847900390625
0.05450439453125 -0.0939712524414063 0.04254150390625 -0.4371337890625
0.0526504516601562 -0.106948852539062 0.1270751953125 -0.442535400390625
0.0820159912109375 -0.128425598144531 0.158966064453125 -0.359710693359375
0.15814208984375 -0.13604736328125 0.210464477539062 -0.2774658203125
0.29278564453125 -0.019622802734375 0.257095336914063 -0.138763427734375
0.346405029296875 0.176422119140625 0.0967559814453125 -0.0287399291992187
0.231658935546875 0.282012939453125 -0.222991943359375 -0.313873291015625
0.286651611328125 0.425384521484375 -0.169219970703125 -0.176895141601562
0.33917236328125 0.36407470703125 -0.3399658203125 -0.62908935546875
0.39703369140625 0.26702880859375 -0.5751953125 -0.2421875
0.389892578125 0.049530029296875 -0.305206298828125 0.0771484375
0.28662109375 -0.083709716796875 0.0437278747558594 0.0558853149414062
0.18896484375 -0.176712036132813 0.1416015625 -0.171981811523438
0.119003295898438 -0.221420288085937 0.08587646484375 -0.30145263671875
0.124237060546875 -0.214828491210937 0.016448974609375 -0.33221435546875
0.118026733398438 -0.239288330078125 0.026123046875 -0.3780517578125
0.153701782226563 -0.234893798828125 0.115203857421875 -0.399139404296875
0.228103637695313 -0.189117431640625 0.157196044921875 -0.321929931640625
0.294708251953125 -0.13592529296875 0.222885131835938 -0.245864868164062
0.37591552734375 0.04510498046875 0.2855224609375 -0.098175048828125
0.4320068359375 0.213043212890625 0.161163330078125 0.00773620605468751
0.364532470703125 0.30474853515625 -0.156723022460937 -0.221343994140625
0.441314697265625 0.374114990234375 -0.0918884277343749 -0.0481338500976562
0.42645263671875 0.288604736328125 -0.301666259765625 -0.5445556640625
0.438385009765625 0.2574462890625 -0.61871337890625 -0.17803955078125
0.468017578125 0.07354736328125 -0.364654541015625 0.155670166015625
0.39849853515625 -0.09344482421875 -0.0141220092773437 0.139495849609375
0.297607421875 -0.2677001953125 0.0904617309570313 -0.0799942016601563
0.172119140625 -0.334442138671875 0.050445556640625 -0.197052001953125
0.1644287109375 -0.307647705078125 -0.0128631591796875 -0.229583740234375
0.167999267578125 -0.3438720703125 0.00625610351562503 -0.272018432617188
0.2371826171875 -0.326019287109375 0.095428466796875 -0.3099365234375
0.348846435546875 -0.22210693359375 0.149765014648437 -0.251968383789063
0.407867431640625 -0.111297607421875 0.239822387695313 -0.195709228515625
0.420623779296875 0.121368408203125 0.3360595703125 -0.040069580078125
0.45538330078125 0.240478515625 0.258407592773438 0.0777587890625
0.438079833984375 0.28961181640625 -0.0577621459960937 -0.0976181030273437
0.5142822265625 0.254425048828125 0.0107345581054688 0.0790328979492188
0.427581787109375 0.1629638671875 -0.25665283203125 -0.4114990234375
0.394256591796875 0.20281982421875 -0.6033935546875 -0.0716552734375
0.461212158203125 0.079010009765625 -0.383392333984375 0.24139404296875
0.44097900390625 -0.096923828125 -0.07080078125 0.222732543945313
0.351776123046875 -0.321624755859375 0.0244827270507813 0.0412940979003906
0.19580078125 -0.39923095703125 0.00573348999023438 -0.0496368408203125
0.182220458984375 -0.35577392578125 -0.0426025390625 -0.0885162353515625
0.19598388671875 -0.395782470703125 -0.018096923828125 -0.134201049804688
0.2923583984375 -0.36004638671875 0.0673370361328125 -0.188919067382813
0.42376708984375 -0.20562744140625 0.130813598632813 -0.155609130859375
0.45904541015625 -0.0523681640625 0.246826171875 -0.123825073242188
0.393798828125 0.194000244140625 0.3896484375 0.040191650390625
0.40594482421875 0.24420166015625 0.361358642578125 0.18341064453125
0.447845458984375 0.2333984375 0.0480270385742188 0.0461959838867188
0.4775390625 0.094482421875 0.117111206054688 0.18646240234375
0.31982421875 0.035308837890625 -0.203948974609375 -0.261703491210938
0.266357421875 0.153350830078125 -0.530303955078125 0.04083251953125
0.3804931640625 0.093292236328125 -0.34857177734375 0.306182861328125
0.41162109375 -0.07989501953125 -0.111907958984375 0.287139892578125
0.341552734375 -0.32562255859375 -0.039154052734375 0.171661376953125
0.183685302734375 -0.39984130859375 -0.0331802368164062 0.115554809570312
0.172821044921875 -0.3505859375 -0.0659332275390625 0.0667839050292968
0.197906494140625 -0.38824462890625 -0.0437431335449219 0.0152778625488281
0.305389404296875 -0.334075927734375 0.0258445739746094 -0.054962158203125
0.429595947265625 -0.142974853515625 0.092376708984375 -0.0537261962890625
0.423187255859375 0.034332275390625 0.233154296875 -0.042816162109375
0.279434204101563 0.2320556640625 0.418212890625 0.13262939453125
0.29107666015625 0.193878173828125 0.438201904296875 0.312286376953125
0.4033203125 0.1309814453125 0.140594482421875 0.191543579101563
0.33892822265625 -0.072662353515625 0.205230712890625 0.257797241210938
0.132682800292969 -0.0535354614257813 -0.146804809570313 -0.121047973632812
0.0997238159179688 0.131675720214844 -0.42230224609375 0.1195068359375
0.258804321289063 0.118972778320313 -0.292999267578125 0.329132080078125
0.328857421875 -0.04669189453125 -0.140472412109375 0.322967529296875
0.276718139648438 -0.276092529296875 -0.08587646484375 0.288604736328125
0.141265869140625 -0.336090087890625 -0.0557403564453125 0.268447875976563
0.13751220703125 -0.291717529296875 -0.07696533203125 0.211883544921875
0.169525146484375 -0.327545166015625 -0.069122314453125 0.151123046875
0.275787353515625 -0.25970458984375 -0.02532958984375 0.0655670166015625
0.365081787109375 -0.05828857421875 0.0373191833496094 0.0267562866210937
0.30120849609375 0.112335205078125 0.199539184570313 0.02056884765625
0.1055908203125 0.2017822265625 0.425079345703125 0.217620849609375
0.144302368164063 0.0756683349609375 0.472686767578125 0.44775390625
0.325103759765625 -0.010772705078125 0.206756591796875 0.310150146484375
0.14007568359375 -0.216705322265625 0.25543212890625 0.284759521484375
-0.0687103271484375 -0.0957183837890625 -0.1007080078125 -0.0207595825195313
-0.0568618774414063 0.120552062988281 -0.324798583984375 0.15234375
0.12530517578125 0.137298583984375 -0.250213623046875 0.31866455078125
0.210906982421875 -0.0026092529296875 -0.16229248046875 0.33819580078125
0.177108764648438 -0.181320190429688 -0.112060546875 0.375762939453125
0.0833740234375 -0.215591430664063 -0.05609130859375 0.385406494140625
0.0843658447265625 -0.188430786132813 -0.07293701171875 0.321990966796875
0.11676025390625 -0.221237182617188 -0.088592529296875 0.25482177734375
0.201919555664063 -0.155059814453125 -0.0780181884765625 0.155181884765625
0.243255615234375 0.01947021484375 -0.0207061767578125 0.0676651000976563
0.126968383789063 0.143936157226563 0.1676025390625 0.047821044921875
-0.07135009765625 0.0908584594726563 0.427978515625 0.28289794921875
0.010223388671875 -0.0953140258789063 0.4686279296875 0.561492919921875
0.225982666015625 -0.168975830078125 0.246429443359375 0.381683349609375
-0.05938720703125 0.304473876953125 -0.23638916015625 -0.349212646484375
0.134689331054687 0.2574462890625 -0.41986083984375 -0.62286376953125
0.193359375 0.0495758056640625 -0.444580078125 -0.22161865234375
0.0704193115234375 -0.0863800048828125 -0.186050415039063 -0.00976562500000002
-0.045379638671875 -0.0562744140625 0.0743026733398438 -0.055206298828125
-0.0815582275390625 0.0519256591796875 0.14337158203125 -0.22552490234375
-0.0199050903320313 0.0720291137695313 0.103057861328125 -0.341949462890625
0.000534057617187503 0.0489387512207031 0.050445556640625 -0.378997802734375
-0.0156211853027344 0.0681228637695313 0.045257568359375 -0.4327392578125
-0.0577049255371094 0.0344810485839844 0.118316650390625 -0.4324951171875
-0.0730438232421875 -0.0585174560546875 0.1483154296875 -0.368804931640625
0.01300048828125 -0.128250122070312 0.19915771484375 -0.298980712890625
0.185226440429688 -0.07708740234375 0.258468627929688 -0.16485595703125
0.215072631835937 0.127731323242187 0.07794189453125 -0.0278472900390625
0.0603179931640625 0.222488403320312 -0.247589111328125 -0.35845947265625
0.113006591796875 0.395721435546875 -0.214508056640625 -0.284393310546875
0.23724365234375 0.347076416015625 -0.3848876953125 -0.6513671875
0.312042236328125 0.1832275390625 -0.507171630859375 -0.243499755859375
0.2447509765625 -0.0166168212890625 -0.22900390625 0.0254058837890625
0.122413635253906 -0.0763473510742188 0.0780410766601563 -0.0147781372070313
0.0485954284667969 -0.0658683776855469 0.151412963867188 -0.223373413085937
0.04681396484375 -0.0760116577148438 0.0960693359375 -0.35052490234375
0.0624465942382813 -0.0889892578125 0.02886962890625 -0.38116455078125
0.0517807006835937 -0.0940170288085937 0.0306396484375 -0.430511474609375
0.0482177734375 -0.105728149414063 0.11334228515625 -0.437286376953125
0.0753402709960938 -0.127876281738281 0.150634765625 -0.3570556640625
0.152313232421875 -0.139663696289063 0.20147705078125 -0.275253295898437
0.289215087890625 -0.027374267578125 0.250564575195312 -0.13909912109375
0.35009765625 0.166107177734375 0.0977096557617188 -0.0287551879882812
0.236175537109375 0.27801513671875 -0.22674560546875 -0.305511474609375
0.293243408203125 0.416717529296875 -0.166900634765625 -0.176773071289063
0.343170166015625 0.355224609375 -0.346923828125 -0.62127685546875
0.401123046875 0.2537841796875 -0.57373046875 -0.22979736328125
0.386199951171875 0.03875732421875 -0.29736328125 0.083221435546875
0.279067993164063 -0.0887908935546875 0.0442085266113281 0.0513420104980469
0.181488037109375 -0.17718505859375 0.131637573242188 -0.175338745117188
0.110733032226563 -0.21795654296875 0.075653076171875 -0.3016357421875
0.116500854492188 -0.212982177734375 0.00588989257812503 -0.326934814453125
0.10968017578125 -0.239166259765625 0.014251708984375 -0.37188720703125
0.144134521484375 -0.234909057617187 0.09954833984375 -0.39483642578125
0.218338012695313 -0.19244384765625 0.1490478515625 -0.319854736328125
0.28997802734375 -0.141632080078125 0.216171264648438 -0.243621826171875
0.37445068359375 0.036407470703125 0.28070068359375 -0.0992889404296875
0.435028076171875 0.201080322265625 0.162338256835938 0.00602722167968751
0.3670654296875 0.2978515625 -0.159942626953125 -0.214614868164062
0.445068359375 0.3626708984375 -0.0867919921875 -0.0487823486328125
0.426605224609375 0.2786865234375 -0.3077392578125 -0.536834716796875
0.443389892578125 0.244293212890625 -0.6134033203125 -0.16680908203125
0.465423583984375 0.0596923828125 -0.357818603515625 0.16229248046875
0.391021728515625 -0.1026611328125 -0.0108718872070312 0.133995056152344
0.2869873046875 -0.27032470703125 0.0847244262695313 -0.0833282470703125
0.16058349609375 -0.332061767578125 0.0421295166015625 -0.198043823242188
0.154296875 -0.30712890625 -0.0204315185546875 -0.224777221679688
0.156402587890625 -0.34588623046875 -0.00245666503906248 -0.267990112304688
0.22216796875 -0.32769775390625 0.083160400390625 -0.308349609375
0.337982177734375 -0.229248046875 0.143356323242188 -0.249252319335938
0.402008056640625 -0.12042236328125 0.233810424804688 -0.1943359375
0.422271728515625 0.1104736328125 0.33270263671875 -0.043487548828125
0.460174560546875 0.22967529296875 0.259414672851563 0.073760986328125
0.440155029296875 0.28033447265625 -0.060699462890625 -0.092803955078125
0.513580322265625 0.241302490234375 0.016845703125 0.077545166015625
0.4261474609375 0.152435302734375 -0.263031005859375 -0.406768798828125
0.39776611328125 0.1905517578125 -0.5982666015625 -0.05926513671875
0.461669921875 0.06573486328125 -0.371673583984375 0.2469482421875
0.433807373046875 -0.107177734375 -0.064117431640625 0.217910766601563
0.337860107421875 -0.32708740234375 0.0220794677734375 0.0386390686035156
0.180328369140625 -0.39794921875 0.00175857543945313 -0.0515975952148438
0.170684814453125 -0.35626220703125 -0.04705810546875 -0.0853729248046875
0.182403564453125 -0.3983154296875 -0.0219955444335937 -0.131416320800781
0.274169921875 -0.364837646484375 0.0580902099609375 -0.18853759765625
0.4124755859375 -0.21575927734375 0.127227783203125 -0.153518676757813
0.454376220703125 -0.06396484375 0.242645263671875 -0.122604370117187
0.397186279296875 0.1859130859375 0.385894775390625 0.033935546875
0.41156005859375 0.233978271484375 0.362548828125 0.177001953125
0.447845458984375 0.222503662109375 0.0467147827148438 0.0495071411132813
0.4744873046875 0.083160400390625 0.124893188476563 0.183273315429688
0.31597900390625 0.028533935546875 -0.20697021484375 -0.256881713867188
0.271041870117188 0.144790649414063 -0.522369384765625 0.0494689941406249
0.382171630859375 0.0826416015625 -0.337615966796875 0.308929443359375
0.406219482421875 -0.09136962890625 -0.104705810546875 0.28179931640625
0.329803466796875 -0.33233642578125 -0.03662109375 0.168701171875
0.167724609375 -0.399993896484375 -0.0329513549804687 0.112403869628906
0.1607666015625 -0.352203369140625 -0.0657615661621094 0.0687484741210937
0.18389892578125 -0.390899658203125 -0.0442771911621094 0.0166206359863281
0.290252685546875 -0.33978271484375 0.0208282470703125 -0.056304931640625
0.420806884765625 -0.154571533203125 0.0918426513671875 -0.05133056640625
0.421142578125 0.023651123046875 0.230361938476563 -0.041961669921875
0.28436279296875 0.226104736328125 0.415985107421875 0.125030517578125
0.294830322265625 0.185821533203125 0.441314697265625 0.30279541015625
0.4012451171875 0.120513916015625 0.140151977539063 0.191696166992188
0.332763671875 -0.079620361328125 0.212249755859375 0.253524780273438
0.129264831542969 -0.0549392700195312 -0.147506713867188 -0.11773681640625
0.105400085449219 0.128067016601563 -0.41448974609375 0.126068115234375
0.263168334960937 0.110397338867187 -0.281524658203125 0.32928466796875
0.32525634765625 -0.055419921875 -0.13250732421875 0.318359375
0.26617431640625 -0.282318115234375 -0.079925537109375 0.2857666015625
0.1275634765625 -0.3365478515625 -0.0506591796875 0.26519775390625
0.127777099609375 -0.293426513671875 -0.0717926025390625 0.211257934570312
0.15740966796875 -0.329803466796875 -0.0646514892578125 0.150741577148437
0.261642456054688 -0.265151977539063 -0.0251731872558594 0.0637550354003906
0.35931396484375 -0.0689697265625 0.0391120910644531 0.0294570922851562
0.302398681640625 0.104217529296875 0.197189331054688 0.0217132568359375
0.109954833984375 0.200332641601563 0.423919677734375 0.2083740234375
0.145034790039063 0.0721588134765625 0.4766845703125 0.432281494140625
0.319305419921875 -0.019500732421875 0.2076416015625 0.3084716796875
0.132476806640625 -0.21820068359375 0.261795043945313 0.2803955078125
-0.0704727172851563 -0.091705322265625 -0.0991668701171875 -0.0185470581054687
-0.050628662109375 0.121078491210938 -0.317138671875 0.15576171875
0.130455017089844 0.131629943847656 -0.239654541015625 0.316619873046875
0.209564208984375 -0.010528564453125 -0.15338134765625 0.332244873046875
0.169769287109375 -0.185073852539063 -0.10418701171875 0.373046875
0.0730438232421875 -0.216934204101563 -0.0484619140625 0.3812255859375
0.0771484375 -0.192123413085938 -0.064849853515625 0.31982421875
0.108383178710938 -0.223739624023438 -0.08026123046875 0.252883911132813
0.193679809570313 -0.1607666015625 -0.0732879638671875 0.152938842773438
0.2421875 0.010650634765625 -0.0168991088867187 0.0712661743164063
0.131011962890625 0.139152526855469 0.166213989257813 0.048553466796875
-0.06976318359375 0.0948867797851562 0.426055908203125 0.270843505859375
0.00693511962890625 -0.095184326171875 0.473663330078125 0.54644775390625
0.218048095703125 -0.17608642578125 0.2491455078125 0.378875732421875
-0.054443359375 0.313140869140625 -0.240814208984375 -0.358612060546875
0.144302368164062 0.259017944335938 -0.43292236328125 -0.63067626953125
0.19586181640625 0.0441741943359375 -0.453460693359375 -0.221923828125
0.06756591796875 -0.0895614624023438 -0.187088012695313 -0.00860595703124999
-0.0505790710449219 -0.0554580688476563 0.0717544555664063 -0.0597381591796875
-0.0811920166015625 0.0583343505859375 0.135498046875 -0.232620239257813
-0.0166091918945313 0.0770263671875 0.096282958984375 -0.349151611328125
0.001312255859375 0.0513687133789063 0.043670654296875 -0.3824462890625
-0.0139541625976563 0.0702667236328125 0.038604736328125 -0.435150146484375
-0.0579795837402344 0.0391426086425781 0.109466552734375 -0.436187744140625
-0.07843017578125 -0.0556488037109375 0.142822265625 -0.37408447265625
0.00906372070312501 -0.131095886230469 0.19488525390625 -0.3028564453125
0.186126708984375 -0.0838775634765625 0.259048461914063 -0.16827392578125
0.223358154296875 0.124710083007813 0.0813064575195313 -0.0283584594726562
0.066864013671875 0.226333618164063 -0.255767822265625 -0.36279296875
0.121246337890625 0.4002685546875 -0.2156982421875 -0.29217529296875
0.248443603515625 0.347686767578125 -0.3966064453125 -0.65911865234375
0.320770263671875 0.178070068359375 -0.514190673828125 -0.2412109375
0.246231079101562 -0.022857666015625 -0.229156494140625 0.0282745361328125
0.119621276855469 -0.0794525146484375 0.0773086547851563 -0.018646240234375
0.04705810546875 -0.0639305114746094 0.145095825195313 -0.230300903320313
0.0463104248046875 -0.0750274658203125 0.0875244140625 -0.3580322265625
0.0618972778320313 -0.0885238647460938 0.02264404296875 -0.384857177734375
0.0498199462890625 -0.095550537109375 0.02215576171875 -0.4329833984375
0.0462493896484375 -0.105743408203125 0.103240966796875 -0.44110107421875
0.0718841552734375 -0.130165100097656 0.146209716796875 -0.362457275390625
0.151870727539062 -0.144882202148438 0.200042724609375 -0.279220581054688
0.294708251953125 -0.034942626953125 0.2520751953125 -0.141738891601563
0.361114501953125 0.161041259765625 0.101448059082031 -0.0293197631835937
0.24664306640625 0.281524658203125 -0.234161376953125 -0.307525634765625
0.303009033203125 0.419403076171875 -0.166458129882812 -0.181289672851563
0.3548583984375 0.3544921875 -0.36016845703125 -0.62994384765625
0.412750244140625 0.24835205078125 -0.58221435546875 -0.2276611328125
0.391876220703125 0.03057861328125 -0.298492431640625 0.088226318359375
0.278640747070313 -0.0955810546875 0.046234130859375 0.0478591918945312
0.178253173828125 -0.180633544921875 0.126312255859375 -0.180435180664063
0.10760498046875 -0.219085693359375 0.068634033203125 -0.30926513671875
0.113082885742187 -0.216278076171875 -0.00201416015624999 -0.330352783203125
0.104721069335938 -0.244140625 0.006500244140625 -0.376129150390625
0.138656616210937 -0.240264892578125 0.090789794921875 -0.399261474609375
0.21600341796875 -0.198974609375 0.144317626953125 -0.324188232421875
0.29180908203125 -0.151153564453125 0.216293334960938 -0.2484130859375
0.383209228515625 0.03057861328125 0.284423828125 -0.103607177734375
0.4503173828125 0.19610595703125 0.167098999023438 0.00488281250000001
0.37860107421875 0.298828125 -0.165298461914062 -0.214431762695312
0.455108642578125 0.360198974609375 -0.0842819213867187 -0.0509185791015625
0.436767578125 0.275146484375 -0.32000732421875 -0.543243408203125
0.457366943359375 0.237823486328125 -0.623291015625 -0.1605224609375
0.474517822265625 0.050048828125 -0.356781005859375 0.1688232421875
0.3939208984375 -0.11126708984375 -0.00814056396484372 0.131874084472656
0.28448486328125 -0.28045654296875 0.0811843872070313 -0.0885391235351563
0.15362548828125 -0.336944580078125 0.0360260009765625 -0.20343017578125
0.14959716796875 -0.3138427734375 -0.0269012451171875 -0.226730346679688
0.14862060546875 -0.3536376953125 -0.00949096679687497 -0.270065307617188
0.21453857421875 -0.336456298828125 0.073822021484375 -0.312347412109375
0.336669921875 -0.2392578125 0.140640258789063 -0.252777099609375
0.40704345703125 -0.133148193359375 0.235183715820313 -0.19732666015625
0.434478759765625 0.106048583984375 0.337860107421875 -0.047576904296875
0.474365234375 0.224090576171875 0.26629638671875 0.0722503662109375
0.451934814453125 0.2803955078125 -0.063873291015625 -0.0903396606445313
0.5260009765625 0.236724853515625 0.0230331420898438 0.0770263671875
0.43499755859375 0.149017333984375 -0.271728515625 -0.412200927734375
0.412109375 0.184356689453125 -0.606689453125 -0.0538330078125001
0.4710693359375 0.057037353515625 -0.371978759765625 0.256072998046875
0.4378662109375 -0.11798095703125 -0.06103515625 0.218185424804687
0.33770751953125 -0.339447021484375 0.02105712890625 0.0366363525390625
0.17242431640625 -0.4053955078125 -0.00167465209960936 -0.0546302795410156
0.1661376953125 -0.364776611328125 -0.0513916015625 -0.0845870971679688
0.174285888671875 -0.40631103515625 -0.0269775390625 -0.131660461425781
0.26611328125 -0.374725341796875 0.050689697265625 -0.191574096679688
0.4127197265625 -0.226837158203125 0.126907348632813 -0.155715942382813
0.460906982421875 -0.074188232421875 0.246261596679688 -0.123748779296875
0.409088134765625 0.18328857421875 0.39410400390625 0.030731201171875
0.42523193359375 0.2291259765625 0.374053955078125 0.1739501953125
0.45709228515625 0.22149658203125 0.0468215942382813 0.0530128479003906
0.482330322265625 0.0753173828125 0.134628295898438 0.185073852539063
0.319610595703125 0.0244140625 -0.2132568359375 -0.258941650390625
0.281402587890625 0.14111328125 -0.528717041015625 0.0581359863281251
0.3922119140625 0.07550048828125 -0.335906982421875 0.31915283203125
0.411041259765625 -0.100372314453125 -0.100738525390625 0.2840576171875
0.324951171875 -0.3458251953125 -0.0356903076171875 0.170486450195312
0.15838623046875 -0.40869140625 -0.0335235595703125 0.112052917480469
0.15557861328125 -0.361053466796875 -0.067626953125 0.07073974609375
0.174591064453125 -0.401275634765625 -0.0451736450195312 0.0187873840332031
0.28271484375 -0.350494384765625 0.0172119140625 -0.0585060119628907
0.422454833984375 -0.1685791015625 0.0935287475585938 -0.0510940551757813
0.4298095703125 0.0137939453125 0.23492431640625 -0.04071044921875
0.294464111328125 0.22772216796875 0.426605224609375 0.12213134765625
0.30499267578125 0.184051513671875 0.454437255859375 0.300506591796875
0.406402587890625 0.11578369140625 0.14288330078125 0.197067260742187
0.33514404296875 -0.0877685546875 0.224441528320313 0.25628662109375
0.129165649414063 -0.0564498901367187 -0.150375366210938 -0.117477416992188
0.112739562988281 0.127593994140625 -0.417999267578125 0.132781982421875
0.271575927734375 0.106155395507813 -0.279022216796875 0.33740234375
0.329986572265625 -0.064422607421875 -0.128692626953125 0.3214111328125
0.263458251953125 -0.2933349609375 -0.076904296875 0.289459228515625
0.117919921875 -0.34344482421875 -0.0482025146484375 0.267288208007813
0.121826171875 -0.302947998046875 -0.0701904296875 0.216049194335937
0.1505126953125 -0.338653564453125 -0.0630035400390625 0.153976440429688
0.255615234375 -0.275604248046875 -0.0260467529296875 0.0638961791992187
0.36279296875 -0.079345703125 0.0418128967285156 0.0318489074707031
0.3095703125 0.098876953125 0.20147705078125 0.0239715576171875
0.116043090820312 0.204833984375 0.432586669921875 0.2054443359375
0.149200439453125 0.070953369140625 0.4913330078125 0.4337158203125
0.32159423828125 -0.02716064453125 0.21319580078125 0.316162109375
0.128768920898437 -0.223495483398437 0.273956298828125 0.2838134765625
-0.0746841430664062 -0.0890655517578125 -0.0994338989257812 -0.0167617797851563
-0.0473480224609375 0.124038696289063 -0.31793212890625 0.1612548828125
0.136550903320313 0.130050659179688 -0.237457275390625 0.323028564453125
0.2127685546875 -0.0166168212890625 -0.1517333984375 0.336517333984375
0.16766357421875 -0.193634033203125 -0.0985107421875 0.37799072265625
0.0662384033203125 -0.222457885742188 -0.04364013671875 0.384063720703125
0.072845458984375 -0.1990966796875 -0.0599365234375 0.324432373046875
0.103363037109375 -0.231353759765625 -0.076202392578125 0.257034301757813
0.190765380859375 -0.169387817382813 -0.0723724365234375 0.155059814453125
0.246902465820313 0.00311279296875 -0.0139617919921875 0.0753173828125
0.136665344238281 0.139488220214844 0.16815185546875 0.0517730712890625
-0.0694580078125 0.101356506347656 0.434417724609375 0.270111083984375
0.00432586669921876 -0.097503662109375 0.4893798828125 0.548980712890625
0.215789794921875 -0.18548583984375 0.2557373046875 0.38616943359375
-0.04388427734375 0.327239990234375 -0.256988525390625 -0.37158203125
0.162109375 0.261993408203125 -0.46539306640625 -0.64495849609375
0.202926635742187 0.0364532470703125 -0.473876953125 -0.2181396484375
0.0633468627929688 -0.0954360961914063 -0.19146728515625 -0.00456237792968754
-0.0567665100097656 -0.0550041198730469 0.0694656372070313 -0.0662803649902344
-0.0813369750976563 0.067230224609375 0.126785278320313 -0.245269775390625
-0.0123672485351563 0.0822830200195313 0.08392333984375 -0.36529541015625
0.00298690795898438 0.0557937622070313 0.033203125 -0.39544677734375
-0.011199951171875 0.073638916015625 0.02447509765625 -0.44744873046875
-0.058197021484375 0.0448989868164063 0.0981750488281251 -0.449432373046875
-0.0846939086914063 -0.0517654418945312 0.134765625 -0.389190673828125
0.00382995605468751 -0.13690185546875 0.18994140625 -0.3175048828125
0.188156127929687 -0.0955657958984375 0.259796142578125 -0.180526733398438
0.237899780273437 0.119049072265625 0.0858383178710938 -0.0322494506835938
0.07940673828125 0.233383178710938 -0.27734375 -0.367462158203125
0.13885498046875 0.412261962890625 -0.228546142578125 -0.30328369140625
0.270904541015625 0.350311279296875 -0.42706298828125 -0.67559814453125
0.336944580078125 0.169708251953125 -0.538665771484375 -0.23480224609375
0.25177001953125 -0.0344696044921875 -0.233551025390625 0.036407470703125
0.117485046386719 -0.0853805541992188 0.0777664184570313 -0.0258255004882813
0.0462646484375 -0.0645790100097656 0.137619018554688 -0.244110107421875
0.046722412109375 -0.0755462646484375 0.0750732421875 -0.375030517578125
0.0592498779296875 -0.0913848876953125 0.00714111328124999 -0.39715576171875
0.0472793579101563 -0.0998916625976563 0.00775146484374999 -0.445281982421875
0.0424118041992188 -0.108657836914063 0.089111328125 -0.455108642578125
0.06695556640625 -0.135795593261719 0.13800048828125 -0.37628173828125
0.15093994140625 -0.157257080078125 0.1968994140625 -0.2940673828125
0.30377197265625 -0.047821044921875 0.2550048828125 -0.153366088867188
0.3824462890625 0.152008056640625 0.106246948242188 -0.0346221923828125
0.26580810546875 0.2841796875 -0.25408935546875 -0.31060791015625
0.328216552734375 0.424041748046875 -0.172073364257812 -0.187774658203125
0.378570556640625 0.354583740234375 -0.38873291015625 -0.64520263671875
0.435791015625 0.23895263671875 -0.6085205078125 -0.21832275390625
0.405120849609375 0.0157470703125 -0.303253173828125 0.10040283203125
0.28216552734375 -0.108856201171875 0.0492668151855469 0.0439605712890625
0.177047729492188 -0.19140625 0.12152099609375 -0.193084716796875
0.103851318359375 -0.22784423828125 0.0557861328125 -0.324127197265625
0.108474731445313 -0.226455688476562 -0.01580810546875 -0.34124755859375
0.0986785888671875 -0.2542724609375 -0.00720214843749996 -0.38616943359375
0.132339477539063 -0.251663208007813 0.077117919921875 -0.41351318359375
0.213912963867188 -0.21331787109375 0.138916015625 -0.337249755859375
0.296875 -0.167694091796875 0.215911865234375 -0.261062622070313
0.40020751953125 0.016510009765625 0.291046142578125 -0.11529541015625
0.47552490234375 0.182769775390625 0.176712036132813 -0.000640869140624989
0.403045654296875 0.298187255859375 -0.178741455078125 -0.215118408203125
0.482421875 0.357452392578125 -0.0832443237304687 -0.0537033081054687
0.46014404296875 0.2708740234375 -0.34454345703125 -0.555877685546875
0.482208251953125 0.2265625 -0.6483154296875 -0.1485595703125
0.493377685546875 0.032958984375 -0.36175537109375 0.186431884765625
0.401580810546875 -0.128265380859375 -0.00366973876953122 0.132926940917969
0.2816162109375 -0.299713134765625 0.078338623046875 -0.0953750610351563
0.145904541015625 -0.3515625 0.0261383056640625 -0.213760375976563
0.142242431640625 -0.32879638671875 -0.039093017578125 -0.233963012695313
0.138031005859375 -0.370025634765625 -0.0213775634765625 -0.277618408203125
0.2059326171875 -0.354034423828125 0.06109619140625 -0.323089599609375
0.337127685546875 -0.26129150390625 0.136062622070313 -0.2640380859375
0.4163818359375 -0.153106689453125 0.23876953125 -0.208938598632813
0.455413818359375 0.094696044921875 0.349334716796875 -0.060302734375
0.50250244140625 0.212371826171875 0.2813720703125 0.0653076171875
0.475494384765625 0.276092529296875 -0.0700225830078125 -0.0887451171875
0.55029296875 0.226409912109375 0.032379150390625 0.077484130859375
0.45281982421875 0.139495849609375 -0.2919921875 -0.420867919921875
0.43524169921875 0.173370361328125 -0.62762451171875 -0.03631591796875
0.491302490234375 0.03900146484375 -0.373748779296875 0.27691650390625
0.44866943359375 -0.135650634765625 -0.054779052734375 0.22320556640625
0.333587646484375 -0.364044189453125 0.0215950012207031 0.0356369018554687
0.160858154296875 -0.4224853515625 -0.00696563720703124 -0.0595207214355469
0.15673828125 -0.382568359375 -0.0582122802734375 -0.0862579345703125
0.160064697265625 -0.42791748046875 -0.0333938598632812 -0.133346557617188
0.25592041015625 -0.39703369140625 0.04193115234375 -0.1981201171875
0.415679931640625 -0.252593994140625 0.125030517578125 -0.162322998046875
0.47564697265625 -0.096588134765625 0.253250122070313 -0.132080078125
0.432830810546875 0.17578125 0.410186767578125 0.0181884765625
0.451873779296875 0.22161865234375 0.395355224609375 0.167327880859375
0.4781494140625 0.21484375 0.0489463806152344 0.0576019287109375
0.499847412109375 0.061859130859375 0.151382446289063 0.186996459960937
0.329833984375 0.01513671875 -0.227279663085937 -0.262939453125
0.29949951171875 0.133941650390625 -0.54388427734375 0.0750732421875
0.411285400390625 0.060943603515625 -0.334442138671875 0.339752197265625
0.420806884765625 -0.11962890625 -0.09417724609375 0.293792724609375
0.322906494140625 -0.371307373046875 -0.0327606201171875 0.17547607421875
0.1456298828125 -0.426788330078125 -0.0338134765625 0.113807678222656
0.1434326171875 -0.380279541015625 -0.068389892578125 0.075653076171875
0.16241455078125 -0.421417236328125 -0.0472221374511719 0.0213890075683593
0.272674560546875 -0.373077392578125 0.0116119384765625 -0.0600128173828125
0.427947998046875 -0.190826416015625 0.0953903198242188 -0.0543289184570313
0.4442138671875 -0.001953125 0.244155883789063 -0.0463104248046875
0.3154296875 0.226898193359375 0.446075439453125 0.1126708984375
0.3233642578125 0.178131103515625 0.479644775390625 0.295013427734375
0.421783447265625 0.1060791015625 0.152923583984375 0.2047119140625
0.342193603515625 -0.102294921875 0.246994018554688 0.25921630859375
0.130012512207031 -0.0607376098632813 -0.157302856445313 -0.117340087890625
0.123321533203125 0.126205444335937 -0.425018310546875 0.15069580078125
0.28753662109375 0.097625732421875 -0.275299072265625 0.35601806640625
0.339202880859375 -0.080596923828125 -0.12451171875 0.333343505859375
0.26007080078125 -0.315582275390625 -0.070404052734375 0.299652099609375
0.106231689453125 -0.3587646484375 -0.0422210693359375 0.275466918945313
0.11212158203125 -0.31890869140625 -0.0650177001953125 0.224624633789062
0.13897705078125 -0.35736083984375 -0.0591888427734375 0.161407470703125
0.24896240234375 -0.29498291015625 -0.0272674560546875 0.0665855407714844
0.372039794921875 -0.09979248046875 0.0454254150390625 0.0342445373535156
0.324737548828125 0.09033203125 0.21026611328125 0.022857666015625
0.128616333007813 0.210968017578125 0.452178955078125 0.199859619140625
0.156753540039063 0.0667724609375 0.52130126953125 0.43182373046875
0.32733154296875 -0.03973388671875 0.22857666015625 0.325592041015625
0.12420654296875 -0.235305786132813 0.298492431640625 0.287078857421875
-0.0809173583984375 -0.086944580078125 -0.101821899414063 -0.0137557983398438
-0.0423812866210938 0.129852294921875 -0.320892333984375 0.175140380859375
0.148941040039063 0.1285400390625 -0.23321533203125 0.339813232421875
0.219970703125 -0.02679443359375 -0.146942138671875 0.34942626953125
0.16510009765625 -0.208160400390625 -0.0899658203125 0.3924560546875
0.0569000244140625 -0.231964111328125 -0.031646728515625 0.394775390625
0.0649566650390625 -0.210845947265625 -0.049896240234375 0.336029052734375
0.095550537109375 -0.244842529296875 -0.069183349609375 0.268295288085938
0.188278198242187 -0.184585571289063 -0.069793701171875 0.162063598632813
0.256210327148438 -0.0089263916015625 -0.0107955932617187 0.0811386108398437
0.148529052734375 0.139450073242188 0.176071166992188 0.0515899658203125
-0.0674209594726563 0.110748291015625 0.456207275390625 0.264129638671875
-0.000320434570312499 -0.101631164550781 0.52166748046875 0.549713134765625
0.21307373046875 -0.20135498046875 0.27508544921875 0.39959716796875
-0.0225830078125 0.3419189453125 -0.285797119140625 -0.377471923828125
0.18670654296875 0.258041381835938 -0.517822265625 -0.644287109375
0.21026611328125 0.0229644775390625 -0.49993896484375 -0.199981689453125
0.0562210083007813 -0.10247802734375 -0.194869995117188 0.00630187988281246
-0.06500244140625 -0.0510787963867188 0.065032958984375 -0.0741500854492188
-0.077178955078125 0.0777816772460938 0.1099853515625 -0.259994506835937
-0.00428009033203125 0.0877761840820313 0.060943603515625 -0.3818359375
0.00737762451171875 0.0593910217285156 0.00799560546874998 -0.408477783203125
-0.00624847412109376 0.0780258178710938 -0.00216674804687501 -0.461456298828125
-0.0552101135253906 0.05224609375 0.073883056640625 -0.462799072265625
-0.0933074951171875 -0.0463638305664063 0.11492919921875 -0.405120849609375
-0.007049560546875 -0.142425537109375 0.175628662109375 -0.33673095703125
0.187286376953125 -0.1129150390625 0.255599975585938 -0.19964599609375
0.2550048828125 0.10601806640625 0.0890045166015625 -0.0390472412109375
0.0993194580078125 0.236862182617188 -0.30950927734375 -0.364288330078125
0.169586181640625 0.418121337890625 -0.2513427734375 -0.305633544921875
0.30181884765625 0.34326171875 -0.4813232421875 -0.67694091796875
0.356781005859375 0.15185546875 -0.568359375 -0.21405029296875
0.254409790039063 -0.051849365234375 -0.235382080078125 0.0507354736328125
0.112594604492187 -0.0940017700195312 0.0781402587890625 -0.0339202880859375
0.0430831909179687 -0.0665626525878906 0.121612548828125 -0.259628295898438
0.04608154296875 -0.0782318115234375 0.0498046875 -0.392852783203125
0.0555419921875 -0.0957183837890625 -0.016937255859375 -0.40972900390625
0.0423049926757813 -0.104972839355469 -0.018768310546875 -0.458221435546875
0.0362396240234375 -0.113334655761719 0.063568115234375 -0.470123291015625
0.0580596923828125 -0.142868041992188 0.11846923828125 -0.392364501953125
0.144195556640625 -0.17303466796875 0.1845703125 -0.3116455078125
0.31060791015625 -0.069915771484375 0.254409790039063 -0.171966552734375
0.40728759765625 0.1302490234375 0.110244750976563 -0.0428619384765625
0.294525146484375 0.278472900390625 -0.281524658203125 -0.305450439453125
0.36181640625 0.419281005859375 -0.186203002929687 -0.190078735351563
0.412567138671875 0.340606689453125 -0.43695068359375 -0.64886474609375
0.4647216796875 0.216644287109375 -0.6405029296875 -0.18914794921875
0.416748046875 -0.0118408203125 -0.303497314453125 0.121673583984375
0.28240966796875 -0.12774658203125 0.053436279296875 0.0392227172851562
0.168487548828125 -0.205703735351563 0.110122680664063 -0.20751953125
0.09344482421875 -0.237869262695313 0.033111572265625 -0.339996337890625
0.095794677734375 -0.238250732421875 -0.040557861328125 -0.350921630859375
0.083587646484375 -0.26776123046875 -0.031890869140625 -0.395904541015625
0.117095947265625 -0.265304565429688 0.051666259765625 -0.425750732421875
0.203521728515625 -0.233047485351563 0.122039794921875 -0.352325439453125
0.295135498046875 -0.19329833984375 0.208358764648438 -0.2801513671875
0.4150390625 -0.00927734375 0.293701171875 -0.1356201171875
0.504852294921875 0.156829833984375 0.184295654296875 -0.0122222900390625
0.436065673828125 0.28436279296875 -0.198379516601562 -0.21014404296875
0.5208740234375 0.3397216796875 -0.0849685668945312 -0.0553741455078125
0.49041748046875 0.25054931640625 -0.38848876953125 -0.5576171875
0.511810302734375 0.20159912109375 -0.6766357421875 -0.11553955078125
0.50958251953125 0.000640869140625 -0.358062744140625 0.215850830078125
0.404022216796875 -0.156158447265625 0.00504302978515627 0.133949279785156
0.270111083984375 -0.325347900390625 0.0725021362304688 -0.104965209960938
0.128387451171875 -0.369781494140625 0.00895690917968749 -0.226699829101563
0.12347412109375 -0.346221923828125 -0.058990478515625 -0.238800048828125
0.115875244140625 -0.39080810546875 -0.039642333984375 -0.282745361328125
0.185272216796875 -0.37554931640625 0.040374755859375 -0.334197998046875
0.32733154296875 -0.29034423828125 0.123428344726563 -0.277435302734375
0.420562744140625 -0.186737060546875 0.236343383789063 -0.22735595703125
0.479156494140625 0.0682373046875 0.358001708984375 -0.083709716796875
0.5340576171875 0.18487548828125 0.297271728515625 0.049713134765625
0.508026123046875 0.2569580078125 -0.0776443481445312 -0.0842132568359375
0.58111572265625 0.1998291015625 0.0428619384765625 0.07464599609375
0.4742431640625 0.117034912109375 -0.324859619140625 -0.4207763671875
0.45989990234375 0.148162841796875 -0.64923095703125 -0.000976562499999993
0.509674072265625 0.00677490234375 -0.365753173828125 0.307281494140625
0.45263671875 -0.16937255859375 -0.04248046875 0.229904174804688
0.318359375 -0.39764404296875 0.0233268737792969 0.0331535339355469
0.139495849609375 -0.44317626953125 -0.0149879455566406 -0.0648040771484375
0.132843017578125 -0.4049072265625 -0.0690536499023437 -0.0866775512695313
0.135406494140625 -0.451446533203125 -0.043853759765625 -0.134162902832031
0.23321533203125 -0.423126220703125 0.0266876220703125 -0.204803466796875
0.40924072265625 -0.289764404296875 0.119720458984375 -0.172164916992188
0.48455810546875 -0.13067626953125 0.255645751953125 -0.149948120117188
0.46148681640625 0.153594970703125 0.424774169921875 -0.00704956054687499
0.48077392578125 0.196441650390625 0.419158935546875 0.14935302734375
0.504241943359375 0.194000244140625 0.0532073974609375 0.0602493286132813
0.51708984375 0.033050537109375 0.173049926757813 0.1812744140625
0.340606689453125 -0.001922607421875 -0.248199462890625 -0.260528564453125
0.318206787109375 0.11737060546875 -0.553863525390625 0.10894775390625
0.428375244140625 0.033782958984375 -0.3221435546875 0.369476318359375
0.42730712890625 -0.15106201171875 -0.078948974609375 0.305145263671875
0.307647705078125 -0.4063720703125 -0.0228424072265625 0.180252075195313
0.12139892578125 -0.44757080078125 -0.0309600830078125 0.116958618164062
0.120697021484375 -0.40167236328125 -0.0677947998046875 0.0808334350585937
0.135223388671875 -0.445281982421875 -0.047943115234375 0.0255966186523437
0.2515869140625 -0.3997802734375 0.00471115112304689 -0.0610580444335938
0.42724609375 -0.227386474609375 0.0960922241210938 -0.0586166381835938
0.460174560546875 -0.03155517578125 0.251953125 -0.0596466064453125
0.342498779296875 0.214752197265625 0.4666748046875 0.08636474609375
0.34588623046875 0.1610107421875 0.514892578125 0.274932861328125
0.438751220703125 0.085845947265625 0.16998291015625 0.206756591796875
0.3443603515625 -0.1258544921875 0.276519775390625 0.252471923828125
0.129966735839844 -0.0678863525390625 -0.166656494140625 -0.113433837890625
0.136627197265625 0.121688842773438 -0.42816162109375 0.1793212890625
0.30609130859375 0.080078125 -0.261322021484375 0.383026123046875
0.346099853515625 -0.105316162109375 -0.105438232421875 0.3472900390625
0.246612548828125 -0.34521484375 -0.05419921875 0.311248779296875
0.08428955078125 -0.37493896484375 -0.02972412109375 0.2833251953125
0.09173583984375 -0.337127685546875 -0.0540771484375 0.233596801757812
0.116729736328125 -0.37725830078125 -0.05078125 0.170333862304687
0.233612060546875 -0.320648193359375 -0.0262527465820312 0.0703964233398437
0.375244140625 -0.129730224609375 0.0507583618164063 0.03515625
0.3426513671875 0.071380615234375 0.220733642578125 0.0142669677734375
0.148330688476563 0.211471557617188 0.4794921875 0.177032470703125
0.165573120117188 0.0568084716796875 0.56304931640625 0.41253662109375
0.330902099609375 -0.06103515625 0.25494384765625 0.32830810546875
0.111282348632813 -0.250137329101562 0.332611083984375 0.28009033203125
-0.0880584716796875 -0.08154296875 -0.102973937988281 -0.00891113281250003
-0.0336532592773438 0.13623046875 -0.3201904296875 0.197998046875
0.163619995117188 0.120697021484375 -0.218780517578125 0.362030029296875
0.226654052734375 -0.042724609375 -0.129791259765625 0.365936279296875
0.1563720703125 -0.22796630859375 -0.06732177734375 0.40545654296875
0.040985107421875 -0.242279052734375 -0.00912475585937495 0.40570068359375
0.0500946044921875 -0.222824096679688 -0.029571533203125 0.347564697265625
0.0801239013671875 -0.259872436523438 -0.052642822265625 0.280715942382813
0.179702758789063 -0.203475952148438 -0.0627593994140625 0.171646118164062
0.264404296875 -0.0291595458984375 -0.00412750244140623 0.08660888671875
0.163894653320313 0.134323120117188 0.185272216796875 0.0458831787109375
-0.0611190795898437 0.121650695800781 0.483734130859375 0.242919921875
-0.00772094726562499 -0.106170654296875 0.570068359375 0.5369873046875
0.203521728515625 -0.221954345703125 0.306243896484375 0.399505615234375
0.00323486328125001 0.346893310546875 -0.315673828125 -0.367401123046875
0.210845947265625 0.242279052734375 -0.5699462890625 -0.6153564453125
0.2120361328125 0.0062408447265625 -0.51898193359375 -0.166839599609375
0.0463333129882812 -0.107589721679688 -0.192367553710938 0.0186614990234375
-0.0710830688476562 -0.0445938110351563 0.0590057373046875 -0.0811309814453125
-0.0702285766601562 0.086578369140625 0.0855255126953125 -0.268356323242188
0.00665283203124999 0.0898208618164063 0.029052734375 -0.390380859375
0.01275634765625 0.0617523193359375 -0.023193359375 -0.410369873046875
0.00154113769531251 0.0810546875 -0.0345458984375 -0.460540771484375
-0.0513496398925781 0.0597419738769531 0.040771484375 -0.4686279296875
-0.098785400390625 -0.0369949340820313 0.08538818359375 -0.413848876953125
-0.0205535888671875 -0.144912719726563 0.149749755859375 -0.350067138671875
0.180328369140625 -0.129806518554687 0.24200439453125 -0.21795654296875
0.267333984375 0.0857391357421875 0.0888290405273438 -0.0474014282226562
0.120285034179687 0.232147216796875 -0.34228515625 -0.3455810546875
0.20050048828125 0.409759521484375 -0.274627685546875 -0.297088623046875
0.331207275390625 0.32196044921875 -0.5338134765625 -0.6513671875
0.3687744140625 0.12506103515625 -0.5880126953125 -0.17510986328125
0.249908447265625 -0.0721893310546875 -0.230865478515625 0.0670318603515625
0.103515625 -0.101707458496094 0.0747528076171875 -0.0416107177734375
0.0391769409179688 -0.06658935546875 0.099761962890625 -0.27081298828125
0.042449951171875 -0.0805587768554687 0.01605224609375 -0.4005126953125
0.0507049560546875 -0.0982284545898438 -0.05120849609375 -0.40997314453125
0.03436279296875 -0.105865478515625 -0.052703857421875 -0.45733642578125
0.0270843505859375 -0.113563537597656 0.028167724609375 -0.474853515625
0.044464111328125 -0.145919799804688 0.090911865234375 -0.400360107421875
0.130966186523438 -0.187576293945313 0.163909912109375 -0.32696533203125
0.3087158203125 -0.097808837890625 0.24237060546875 -0.19189453125
0.421051025390625 0.09674072265625 0.11083984375 -0.05255126953125
0.31964111328125 0.25933837890625 -0.30755615234375 -0.286712646484375
0.395721435546875 0.3955078125 -0.197708129882812 -0.185791015625
0.4403076171875 0.31170654296875 -0.48846435546875 -0.62554931640625
0.4842529296875 0.18145751953125 -0.6591796875 -0.146484375
0.418853759765625 -0.047515869140625 -0.293182373046875 0.145355224609375
0.2713623046875 -0.14959716796875 0.0574455261230469 0.0347633361816406
0.15228271484375 -0.217941284179688 0.090850830078125 -0.219039916992188
0.0775146484375 -0.24566650390625 0.00128173828124998 -0.346527099609375
0.0781707763671875 -0.245269775390625 -0.07061767578125 -0.35040283203125
0.062835693359375 -0.27496337890625 -0.063720703125 -0.394439697265625
0.0949859619140625 -0.2724609375 0.0191955566406251 -0.429443359375
0.183944702148438 -0.249618530273438 0.0953369140625001 -0.3612060546875
0.280654907226563 -0.218963623046875 0.188934326171875 -0.29730224609375
0.419952392578125 -0.04290771484375 0.286102294921875 -0.15936279296875
0.521881103515625 0.1160888671875 0.1883544921875 -0.0274200439453125
0.462127685546875 0.2574462890625 -0.217056274414063 -0.195480346679687
0.547698974609375 0.30419921875 -0.087310791015625 -0.056365966796875
0.511383056640625 0.2174072265625 -0.432952880859375 -0.539031982421875
0.530120849609375 0.16070556640625 -0.689453125 -0.0679931640624999
0.513458251953125 -0.041839599609375 -0.341583251953125 0.2435302734375
0.394989013671875 -0.188690185546875 0.015869140625 0.130928039550781
0.244384765625 -0.347442626953125 0.0624465942382813 -0.114051818847656
0.100250244140625 -0.378448486328125 -0.014007568359375 -0.231536865234375
0.095428466796875 -0.35675048828125 -0.0818023681640625 -0.236114501953125
0.08380126953125 -0.399688720703125 -0.063232421875 -0.279464721679688
0.1533203125 -0.390869140625 0.011627197265625 -0.33685302734375
0.30535888671875 -0.3197021484375 0.10552978515625 -0.2852783203125
0.4095458984375 -0.224456787109375 0.2220458984375 -0.245651245117188
0.490234375 0.030242919921875 0.3538818359375 -0.11126708984375
0.5556640625 0.142730712890625 0.3067626953125 0.0263671875
0.529327392578125 0.22589111328125 -0.085968017578125 -0.0772247314453125
0.599609375 0.15997314453125 0.0528068542480469 0.0673637390136719
0.485015869140625 0.0823974609375 -0.358123779296875 -0.404144287109375
0.47393798828125 0.1136474609375 -0.65277099609375 0.0447998046874999
0.515106201171875 -0.036163330078125 -0.34320068359375 0.33807373046875
0.444732666015625 -0.20623779296875 -0.0238494873046875 0.232254028320313
0.288482666015625 -0.42706298828125 0.0247783660888672 0.028238296508789
0.10455322265625 -0.45703125 -0.0256500244140625 -0.065948486328125
0.100555419921875 -0.416961669921875 -0.0804290771484375 -0.0815734863281251
0.09844970703125 -0.46307373046875 -0.0557479858398438 -0.130577087402344
0.19671630859375 -0.441497802734375 0.006988525390625 -0.204330444335938
0.386810302734375 -0.325469970703125 0.109130859375 -0.180633544921875
0.477874755859375 -0.172027587890625 0.250640869140625 -0.168731689453125
0.47979736328125 0.119415283203125 0.42791748046875 -0.040618896484375
0.500579833984375 0.15802001953125 0.435028076171875 0.116912841796875
0.521575927734375 0.159912109375 0.057159423828125 0.061248779296875
0.523529052734375 -0.00311279296875 0.192764282226563 0.167739868164063
0.341461181640625 -0.025146484375 -0.2677001953125 -0.248443603515625
0.329132080078125 0.093475341796875 -0.5498046875 0.1500244140625
0.4373779296875 -0.000946044921875 -0.294891357421875 0.396575927734375
0.42169189453125 -0.1865234375 -0.05621337890625 0.30987548828125
0.276824951171875 -0.43450927734375 -0.00968933105468749 0.181198120117188
0.085601806640625 -0.459136962890625 -0.0261306762695313 0.118637084960937
0.0880126953125 -0.412506103515625 -0.0663223266601563 0.0866470336914063
0.09942626953125 -0.45794677734375 -0.0466880798339844 0.0298995971679687
0.215301513671875 -0.420867919921875 -0.00253677368164061 -0.0600624084472657
0.410125732421875 -0.26544189453125 0.0939712524414063 -0.0629653930664063
0.4608154296875 -0.06951904296875 0.253204345703125 -0.0771026611328125
0.3643798828125 0.19085693359375 0.478118896484375 0.052032470703125
0.3603515625 0.13385009765625 0.539703369140625 0.2384033203125
0.445709228515625 0.05487060546875 0.186050415039063 0.20208740234375
0.337127685546875 -0.15179443359375 0.304595947265625 0.233795166015625
0.125038146972656 -0.0761184692382813 -0.174911499023438 -0.104171752929688
0.146774291992188 0.111648559570313 -0.417266845703125 0.21063232421875
0.315948486328125 0.055023193359375 -0.232391357421875 0.405242919921875
0.341796875 -0.134552001953125 -0.081268310546875 0.355926513671875
0.21978759765625 -0.36907958984375 -0.03118896484375 0.3150634765625
0.054962158203125 -0.3836669921875 -0.011077880859375 0.284881591796875
0.062957763671875 -0.346954345703125 -0.0380401611328125 0.238433837890625
0.084869384765625 -0.38922119140625 -0.038299560546875 0.175537109375
0.205810546875 -0.340423583984375 -0.0233230590820312 0.0739593505859375
0.36724853515625 -0.16143798828125 0.0550498962402344 0.0343284606933594
0.350982666015625 0.04461669921875 0.226181030273438 -0.000854492187499997
0.1676025390625 0.204238891601563 0.494415283203125 0.1405029296875
0.170364379882813 0.044097900390625 0.5980224609375 0.37451171875
0.32537841796875 -0.08544921875 0.281341552734375 0.31829833984375
0.091705322265625 -0.259811401367188 0.3614501953125 0.256805419921875
-0.09307861328125 -0.0734405517578125 -0.101432800292969 -0.00277709960937502
-0.0238876342773437 0.140098571777344 -0.305511474609375 0.221710205078125
0.17706298828125 0.108047485351563 -0.191650390625 0.38006591796875
0.226165771484375 -0.0623016357421875 -0.103607177734375 0.374725341796875
0.137863159179688 -0.244857788085938 -0.037384033203125 0.41204833984375
0.020843505859375 -0.2464599609375 0.018798828125 0.40887451171875
0.0301666259765625 -0.229019165039062 -0.00473022460937496 0.35150146484375
0.056915283203125 -0.270156860351562 -0.03143310546875 0.287841796875
0.163116455078125 -0.221389770507813 -0.0504608154296875 0.177413940429688
0.263961791992188 -0.05328369140625 0.00233459472656251 0.0903472900390625
0.177597045898438 0.122268676757813 0.191085815429688 0.03619384765625
-0.0498123168945313 0.130149841308594 0.50250244140625 0.20904541015625
-0.01788330078125 -0.106681823730469 0.6123046875 0.49981689453125
0.184555053710937 -0.240158081054687 0.337615966796875 0.38720703125
0.02532958984375 0.34259033203125 -0.335052490234375 -0.3477783203125
0.226119995117188 0.224472045898438 -0.60076904296875 -0.57476806640625
0.207809448242187 -0.0092010498046875 -0.521240234375 -0.131744384765625
0.0358200073242188 -0.106826782226563 -0.18585205078125 0.0290069580078125
-0.0733871459960938 -0.0353851318359375 0.0519256591796875 -0.084808349609375
-0.0602645874023438 0.0947723388671875 0.0629425048828125 -0.267303466796875
0.014678955078125 0.0846710205078125 -0.00030517578125004 -0.383941650390625
0.0201377868652344 0.06317138671875 -0.05072021484375 -0.400909423828125
0.00967407226562501 0.0820159912109375 -0.06341552734375 -0.449462890625
-0.0450820922851562 0.0638771057128906 0.00863647460937502 -0.45806884765625
-0.102493286132813 -0.024078369140625 0.05755615234375 -0.406585693359375
-0.0335693359375 -0.14239501953125 0.12213134765625 -0.3494873046875
0.167922973632813 -0.142059326171875 0.2236328125 -0.228073120117188
0.269149780273438 0.0649566650390625 0.0854110717773438 -0.055023193359375
0.136505126953125 0.219696044921875 -0.36041259765625 -0.319244384765625
0.226104736328125 0.3902587890625 -0.290008544921875 -0.283172607421875
0.34906005859375 0.292724609375 -0.5677490234375 -0.6116943359375
0.37152099609375 0.099578857421875 -0.58868408203125 -0.1380615234375
0.240447998046875 -0.09173583984375 -0.2188720703125 0.0786285400390625
0.0916671752929687 -0.105888366699219 0.0736846923828125 -0.0486373901367188
0.0355567932128906 -0.0643844604492188 0.0767669677734375 -0.270553588867188
0.038848876953125 -0.0804519653320313 -0.01336669921875 -0.39239501953125
0.0404586791992188 -0.0956573486328125 -0.07855224609375 -0.397705078125
0.0261459350585937 -0.10565185546875 -0.0849609375 -0.4454345703125
0.0192413330078125 -0.110176086425781 -0.00347900390625003 -0.464691162109375
0.030548095703125 -0.142059326171875 0.063140869140625 -0.39642333984375
0.112548828125 -0.193099975585938 0.13800048828125 -0.332733154296875
0.295501708984375 -0.1173095703125 0.225494384765625 -0.200851440429688
0.422027587890625 0.06597900390625 0.107444763183594 -0.05792236328125
0.333984375 0.2364501953125 -0.326171875 -0.26263427734375
0.410736083984375 0.3607177734375 -0.207687377929688 -0.17572021484375
0.449981689453125 0.278350830078125 -0.521240234375 -0.5914306640625
0.48785400390625 0.1484375 -0.65545654296875 -0.10382080078125
0.404052734375 -0.07452392578125 -0.274948120117188 0.159164428710937
0.254669189453125 -0.164459228515625 0.0561676025390625 0.0265617370605469
0.13214111328125 -0.224716186523437 0.0741119384765625 -0.222122192382813
0.0628662109375 -0.246810913085938 -0.02752685546875 -0.343170166015625
0.0590362548828125 -0.243301391601563 -0.09710693359375 -0.337371826171875
0.0399017333984375 -0.2708740234375 -0.092041015625 -0.382965087890625
0.0724334716796875 -0.272415161132813 -0.0101318359375 -0.4202880859375
0.160873413085938 -0.258712768554687 0.069854736328125 -0.3555908203125
0.259735107421875 -0.238311767578125 0.16888427734375 -0.3028564453125
0.407073974609375 -0.071685791015625 0.267776489257813 -0.174972534179688
0.519683837890625 0.07843017578125 0.187332153320313 -0.0396728515625
0.46929931640625 0.225341796875 -0.228042602539062 -0.174850463867188
0.5560302734375 0.263427734375 -0.087188720703125 -0.0546493530273437
0.51519775390625 0.1793212890625 -0.46075439453125 -0.50579833984375
0.52996826171875 0.1256103515625 -0.6805419921875 -0.02520751953125
0.500396728515625 -0.07611083984375 -0.317291259765625 0.258575439453125
0.374664306640625 -0.210235595703125 0.0279541015625 0.123291015625
0.218017578125 -0.357452392578125 0.0518646240234375 -0.118049621582031
0.073333740234375 -0.382415771484375 -0.0349884033203125 -0.2227783203125
0.071197509765625 -0.35400390625 -0.10064697265625 -0.223495483398438
0.05340576171875 -0.393096923828125 -0.08154296875 -0.27069091796875
0.121490478515625 -0.386566162109375 -0.01312255859375 -0.3292236328125
0.275726318359375 -0.335235595703125 0.08648681640625 -0.28271484375
0.387603759765625 -0.24920654296875 0.205581665039063 -0.255722045898438
0.48486328125 -0.0048828125 0.339752197265625 -0.135589599609375
0.5550537109375 0.098541259765625 0.304107666015625 0.00387573242187501
0.534942626953125 0.191436767578125 -0.09014892578125 -0.0671005249023437
0.60150146484375 0.1192626953125 0.0579071044921875 0.0587348937988281
0.4820556640625 0.05035400390625 -0.37908935546875 -0.3778076171875
0.469879150390625 0.079681396484375 -0.63720703125 0.085205078125
0.503265380859375 -0.0738525390625 -0.310943603515625 0.353515625
0.42706298828125 -0.231719970703125 -0.00863647460937498 0.226303100585938
0.249359130859375 -0.440826416015625 0.0251312255859375 0.0227108001708984
0.0703125 -0.456024169921875 -0.0349960327148438 -0.0648117065429688
0.072296142578125 -0.41278076171875 -0.090850830078125 -0.0739974975585938
0.062652587890625 -0.45611572265625 -0.0627975463867188 -0.125801086425781
0.160064697265625 -0.442718505859375 -0.00732421875000001 -0.19921875
0.355926513671875 -0.345977783203125 0.093658447265625 -0.178436279296875
0.457183837890625 -0.20355224609375 0.237747192382813 -0.180709838867188
0.4803466796875 0.08270263671875 0.41693115234375 -0.067535400390625
0.499908447265625 0.117584228515625 0.4373779296875 0.086669921875
0.52069091796875 0.126373291015625 0.0605659484863281 0.061920166015625
0.514556884765625 -0.036041259765625 0.202667236328125 0.14801025390625
0.334686279296875 -0.045684814453125 -0.280914306640625 -0.232574462890625
0.328369140625 0.07025146484375 -0.529388427734375 0.1800537109375
0.42840576171875 -0.0347900390625 -0.260528564453125 0.407470703125
0.40289306640625 -0.213409423828125 -0.035888671875 0.30462646484375
0.239044189453125 -0.448974609375 0.00228881835937501 0.173095703125
0.05255126953125 -0.45574951171875 -0.0229568481445312 0.114776611328125
0.055999755859375 -0.409576416015625 -0.062713623046875 0.0893478393554687
0.06256103515625 -0.45635986328125 -0.0439529418945312 0.0338935852050781
0.179779052734375 -0.424224853515625 -0.00952911376953124 -0.0585403442382813
0.381500244140625 -0.28887939453125 0.0879745483398438 -0.0649032592773438
0.44952392578125 -0.101593017578125 0.247055053710938 -0.0917816162109375
0.37078857421875 0.1634521484375 0.4713134765625 0.020904541015625
0.362152099609375 0.103179931640625 0.54437255859375 0.19927978515625
0.4404296875 0.02874755859375 0.194732666015625 0.19097900390625
0.320220947265625 -0.170440673828125 0.317657470703125 0.207733154296875
0.117935180664062 -0.0797882080078125 -0.176864624023438 -0.0945281982421875
0.151458740234375 0.100204467773437 -0.39404296875 0.2310791015625
0.315643310546875 0.031219482421875 -0.1998291015625 0.413238525390625
0.3287353515625 -0.15625 -0.057281494140625 0.35015869140625
0.1866455078125 -0.382232666015625 -0.01043701171875 0.308135986328125
0.024993896484375 -0.38104248046875 0.00527954101562502 0.281051635742187
0.034454345703125 -0.3447265625 -0.0241241455078125 0.238250732421875
0.054168701171875 -0.38958740234375 -0.024566650390625 0.17633056640625
0.17620849609375 -0.347564697265625 -0.02008056640625 0.07501220703125
0.3477783203125 -0.18585205078125 0.05804443359375 0.0334663391113281
0.35009765625 0.019073486328125 0.224411010742188 -0.0142669677734375
0.180496215820313 0.188140869140625 0.493072509765625 0.105804443359375
0.168136596679688 0.030670166015625 0.60980224609375 0.3311767578125
0.3126220703125 -0.103302001953125 0.295135498046875 0.301910400390625
0.073944091796875 -0.259384155273437 0.377716064453125 0.228729248046875
-0.0941696166992188 -0.0625762939453125 -0.097198486328125 0.00295257568359373
-0.01226806640625 0.139823913574219 -0.285552978515625 0.237060546875
0.180862426757813 0.093902587890625 -0.160308837890625 0.38623046875
0.219146728515625 -0.0792236328125 -0.077056884765625 0.372894287109375
0.119033813476563 -0.252655029296875 -0.00924682617187498 0.402252197265625
0.00254821777343748 -0.240371704101563 0.0433349609375 0.398101806640625
0.0103607177734375 -0.226593017578125 0.016021728515625 0.34332275390625
0.0356597900390625 -0.270538330078125 -0.00851440429687498 0.2830810546875
0.141036987304688 -0.22821044921875 -0.039642333984375 0.177078247070312
0.257064819335938 -0.071136474609375 0.00906372070312501 0.0901031494140625
0.18499755859375 0.105682373046875 0.190383911132813 0.02471923828125
-0.0403213500976562 0.13311767578125 0.504119873046875 0.1722412109375
-0.0254669189453125 -0.1044921875 0.630859375 0.45123291015625
0.161865234375 -0.244293212890625 0.35723876953125 0.366668701171875
0.038055419921875 0.335113525390625 -0.340484619140625 -0.329620361328125
0.229827880859375 0.203643798828125 -0.608154296875 -0.53814697265625
0.203994750976563 -0.0183258056640625 -0.51629638671875 -0.108306884765625
0.0295791625976562 -0.106483459472656 -0.177230834960938 0.03326416015625
-0.0769424438476563 -0.0307464599609375 0.046173095703125 -0.0851058959960937
-0.05169677734375 0.0959396362304688 0.0475921630859375 -0.262420654296875
0.019622802734375 0.0843276977539062 -0.021942138671875 -0.375335693359375
0.0217208862304687 0.0620269775390625 -0.06622314453125 -0.388214111328125
0.0134124755859375 0.0820236206054687 -0.08026123046875 -0.437408447265625
-0.0397453308105469 0.0681533813476563 -0.00576782226562503 -0.446502685546875
-0.102958679199219 -0.0166015625 0.04010009765625 -0.398834228515625
-0.0427322387695312 -0.137840270996094 0.102874755859375 -0.343719482421875
0.156478881835937 -0.147933959960937 0.206954956054688 -0.2286376953125
0.267257690429688 0.0494537353515625 0.0849456787109375 -0.0568466186523438
0.143569946289062 0.210845947265625 -0.367584228515625 -0.296722412109375
0.2342529296875 0.37115478515625 -0.291595458984375 -0.26934814453125
0.352081298828125 0.270599365234375 -0.5787353515625 -0.579345703125
0.36309814453125 0.080169677734375 -0.5831298828125 -0.11114501953125
0.22589111328125 -0.0989837646484375 -0.207138061523438 0.0842437744140625
0.0826873779296875 -0.105865478515625 0.0649909973144531 -0.0509223937988281
0.0299224853515625 -0.0622482299804688 0.061248779296875 -0.267822265625
0.035308837890625 -0.08233642578125 -0.037506103515625 -0.3853759765625
0.0375518798828125 -0.0943527221679687 -0.098236083984375 -0.384674072265625
0.0226974487304687 -0.101043701171875 -0.10015869140625 -0.430267333984375
0.012481689453125 -0.105789184570313 -0.021270751953125 -0.450225830078125
0.0231475830078125 -0.14105224609375 0.0469970703125 -0.386260986328125
0.100723266601563 -0.194473266601563 0.121673583984375 -0.324615478515625
0.28533935546875 -0.1304931640625 0.210845947265625 -0.20501708984375
0.418182373046875 0.043243408203125 0.10479736328125 -0.0664749145507812
0.33770751953125 0.217376708984375 -0.328857421875 -0.243804931640625
0.4185791015625 0.3414306640625 -0.209869384765625 -0.167251586914062
0.453125 0.251983642578125 -0.53057861328125 -0.5604248046875
0.480194091796875 0.123565673828125 -0.64410400390625 -0.0759887695312499
0.390411376953125 -0.090087890625 -0.258880615234375 0.164337158203125
0.2418212890625 -0.170211791992188 0.0562171936035156 0.0215072631835937
0.119522094726563 -0.222137451171875 0.0594635009765625 -0.220443725585938
0.0471649169921875 -0.24188232421875 -0.045654296875 -0.331634521484375
0.0475311279296875 -0.238845825195312 -0.11566162109375 -0.322265625
0.0285491943359375 -0.26531982421875 -0.105499267578125 -0.370330810546875
0.06121826171875 -0.2633056640625 -0.03253173828125 -0.406982421875
0.145965576171875 -0.257354736328125 0.05657958984375 -0.346160888671875
0.2415771484375 -0.2427978515625 0.150665283203125 -0.300750732421875
0.39654541015625 -0.08966064453125 0.2564697265625 -0.180618286132813
0.513885498046875 0.05194091796875 0.180999755859375 -0.0496978759765625
0.470001220703125 0.20367431640625 -0.23175048828125 -0.164230346679688
0.55401611328125 0.236724853515625 -0.08984375 -0.0526580810546875
0.51104736328125 0.156646728515625 -0.470458984375 -0.48297119140625
0.522674560546875 0.099365234375 -0.6663818359375 0.00164794921875011
0.484161376953125 -0.09808349609375 -0.295867919921875 0.2646484375
0.355926513671875 -0.222259521484375 0.0289535522460938 0.117050170898438
0.190460205078125 -0.360748291015625 0.0449676513671875 -0.120468139648438
0.05426025390625 -0.373199462890625 -0.047943115234375 -0.22125244140625
0.052490234375 -0.345306396484375 -0.113693237304687 -0.213470458984375
0.03338623046875 -0.388427734375 -0.0945587158203125 -0.260101318359375
0.09796142578125 -0.380828857421875 -0.028778076171875 -0.315338134765625
0.25152587890625 -0.3375244140625 0.073699951171875 -0.277755737304688
0.364959716796875 -0.2637939453125 0.189849853515625 -0.257614135742188
0.474578857421875 -0.027191162109375 0.325408935546875 -0.144287109375
0.547607421875 0.072509765625 0.29937744140625 -0.00827026367187499
0.53143310546875 0.1663818359375 -0.0923080444335937 -0.0586318969726562
0.5899658203125 0.091552734375 0.0592079162597657 0.0521011352539063
0.472625732421875 0.030303955078125 -0.38714599609375 -0.359588623046875
0.464874267578125 0.058319091796875 -0.6197509765625 0.10498046875
0.487060546875 -0.095245361328125 -0.28533935546875 0.357147216796875
0.40313720703125 -0.24664306640625 0.00204467773437505 0.21807861328125
0.22283935546875 -0.441619873046875 0.0257530212402344 0.0191917419433593
0.04730224609375 -0.44879150390625 -0.0431976318359375 -0.0617637634277344
0.04833984375 -0.404876708984375 -0.0973739624023438 -0.0654754638671875
0.0372314453125 -0.451385498046875 -0.0709991455078125 -0.118179321289063
0.132537841796875 -0.433807373046875 -0.0193634033203125 -0.191787719726563
0.331787109375 -0.3548583984375 0.08941650390625 -0.175750732421875
0.43707275390625 -0.22113037109375 0.224945068359375 -0.186355590820313
0.4739990234375 0.0596923828125 0.402587890625 -0.08587646484375
0.494140625 0.09405517578125 0.4324951171875 0.065948486328125
0.513427734375 0.108673095703125 0.0595932006835938 0.0606040954589844
0.501129150390625 -0.056243896484375 0.20745849609375 0.135116577148438
0.3240966796875 -0.056121826171875 -0.280868530273438 -0.217636108398438
0.323028564453125 0.056549072265625 -0.51007080078125 0.19464111328125
0.4180908203125 -0.05364990234375 -0.2342529296875 0.40667724609375
0.386444091796875 -0.226348876953125 -0.021148681640625 0.2958984375
0.21026611328125 -0.4512939453125 0.0084991455078125 0.165817260742187
0.02874755859375 -0.44793701171875 -0.0215225219726563 0.113960266113281
0.033477783203125 -0.400177001953125 -0.063140869140625 0.0915298461914062
0.039398193359375 -0.44647216796875 -0.0425453186035156 0.0336227416992187
0.151336669921875 -0.419219970703125 -0.0150070190429687 -0.0534286499023438
0.35882568359375 -0.30047607421875 0.0869674682617188 -0.06488037109375
0.432952880859375 -0.122314453125 0.238616943359375 -0.0985107421875
0.37237548828125 0.14324951171875 0.4578857421875 -0.00198364257812499
0.35626220703125 0.087310791015625 0.542022705078125 0.171051025390625
0.428192138671875 0.013641357421875 0.198837280273438 0.183273315429688
0.308563232421875 -0.17938232421875 0.323822021484375 0.188812255859375
0.113700866699219 -0.0799407958984375 -0.1748046875 -0.087890625
0.153213500976563 0.093719482421875 -0.376953125 0.239227294921875
0.311553955078125 0.013519287109375 -0.17529296875 0.408203125
0.31732177734375 -0.170257568359375 -0.039794921875 0.342041015625
0.1632080078125 -0.384552001953125 0.00186157226562503 0.29644775390625
0.00619506835937499 -0.37298583984375 0.0126953125 0.27349853515625
0.017822265625 -0.3372802734375 -0.018096923828125 0.232574462890625
0.0311279296875 -0.38226318359375 -0.0180206298828125 0.1710205078125
0.153076171875 -0.345733642578125 -0.0192413330078125 0.0761184692382812
0.330657958984375 -0.199005126953125 0.0592155456542969 0.0310401916503906
0.342620849609375 0.00262451171875 0.220977783203125 -0.022308349609375
0.184951782226563 0.177764892578125 0.482086181640625 0.083984375
0.162612915039063 0.0227508544921875 0.60791015625 0.2967529296875
0.29827880859375 -0.109283447265625 0.302764892578125 0.288299560546875
0.0590667724609375 -0.255722045898438 0.384063720703125 0.20782470703125
-0.0928726196289063 -0.0540618896484375 -0.0925674438476563 0.00407409667968749
-0.00616455078124999 0.138992309570313 -0.2698974609375 0.241058349609375
0.183212280273438 0.0814361572265625 -0.13983154296875 0.3809814453125
0.212982177734375 -0.089263916015625 -0.0604248046875 0.363922119140625
0.102340698242187 -0.254898071289063 0.00817871093749998 0.39068603515625
-0.0087127685546875 -0.238311767578125 0.05615234375 0.38775634765625
-0.00154113769531251 -0.22174072265625 0.028900146484375 0.33551025390625
0.017364501953125 -0.266128540039063 0.00302124023437497 0.27630615234375
0.125167846679687 -0.232757568359375 -0.033294677734375 0.17510986328125
0.24737548828125 -0.0850830078125 0.0160140991210938 0.0905990600585938
0.185989379882813 0.096038818359375 0.188186645507813 0.017333984375
-0.031341552734375 0.13201904296875 0.495086669921875 0.147064208984375
-0.0324859619140625 -0.09991455078125 0.63079833984375 0.4173583984375
0.14453125 -0.243240356445313 0.362274169921875 0.348388671875
0.04644775390625 0.33148193359375 -0.34429931640625 -0.325531005859375
0.234405517578125 0.194839477539063 -0.61590576171875 -0.523681640625
0.2020263671875 -0.0236053466796875 -0.513153076171875 -0.0983581542968749
0.02410888671875 -0.106788635253906 -0.174026489257813 0.0333099365234375
-0.0784149169921875 -0.0271453857421875 0.04443359375 -0.0872344970703125
-0.047515869140625 0.0983200073242188 0.03814697265625 -0.25836181640625
0.0241622924804688 0.084075927734375 -0.034759521484375 -0.36920166015625
0.0251274108886719 0.0617713928222656 -0.07489013671875 -0.382568359375
0.0173721313476562 0.0828933715820313 -0.0889892578125 -0.429840087890625
-0.0361328125 0.0703353881835938 -0.01458740234375 -0.438140869140625
-0.1033935546875 -0.0115509033203125 0.0325927734375 -0.391143798828125
-0.047149658203125 -0.133598327636719 0.09375 -0.338897705078125
0.150146484375 -0.151931762695313 0.20159912109375 -0.228652954101563
0.269638061523437 0.0404510498046875 0.0847091674804688 -0.06170654296875
0.149276733398438 0.20556640625 -0.37530517578125 -0.288909912109375
0.239593505859375 0.3662109375 -0.296356201171875 -0.264312744140625
0.35382080078125 0.258087158203125 -0.5855712890625 -0.56695556640625
0.36456298828125 0.06951904296875 -0.5787353515625 -0.0981445312499999
0.219146728515625 -0.104522705078125 -0.202362060546875 0.0850677490234375
0.0785980224609375 -0.104835510253906 0.064544677734375 -0.0544319152832031
0.0287055969238281 -0.061126708984375 0.05096435546875 -0.266510009765625
0.0329437255859375 -0.080108642578125 -0.05010986328125 -0.378570556640625
0.036651611328125 -0.0926132202148438 -0.10699462890625 -0.376129150390625
0.0212326049804687 -0.0987548828125 -0.109649658203125 -0.424102783203125
0.0110855102539063 -0.102088928222656 -0.030914306640625 -0.44329833984375
0.0178070068359375 -0.137016296386719 0.038787841796875 -0.380218505859375
0.091461181640625 -0.196487426757812 0.112060546875 -0.3218994140625
0.277389526367188 -0.137283325195313 0.204345703125 -0.205963134765625
0.41644287109375 0.030517578125 0.10406494140625 -0.0708160400390625
0.341156005859375 0.2093505859375 -0.334625244140625 -0.23406982421875
0.420623779296875 0.330780029296875 -0.211898803710937 -0.164779663085938
0.455078125 0.2392578125 -0.54083251953125 -0.5501708984375
0.478424072265625 0.11114501953125 -0.6435546875 -0.0619506835937501
0.380950927734375 -0.1031494140625 -0.250076293945312 0.166824340820313
0.232086181640625 -0.172286987304688 0.0570716857910156 0.0173225402832031
0.111053466796875 -0.220809936523438 0.0525360107421875 -0.2200927734375
0.0412139892578125 -0.239776611328125 -0.058135986328125 -0.3270263671875
0.043609619140625 -0.234848022460938 -0.124542236328125 -0.315521240234375
0.0216217041015625 -0.261810302734375 -0.113861083984375 -0.36431884765625
0.0508270263671875 -0.25970458984375 -0.04022216796875 -0.39813232421875
0.135177612304688 -0.256805419921875 0.04974365234375 -0.342864990234375
0.230422973632813 -0.2491455078125 0.143218994140625 -0.30010986328125
0.391143798828125 -0.1004638671875 0.248550415039063 -0.183547973632813
0.512847900390625 0.03594970703125 0.180343627929688 -0.0570068359375
0.474273681640625 0.19219970703125 -0.2340087890625 -0.154525756835938
0.553466796875 0.22332763671875 -0.0893936157226562 -0.0537796020507812
0.51043701171875 0.143890380859375 -0.479278564453125 -0.473907470703125
0.51922607421875 0.08782958984375 -0.66412353515625 0.016357421875
0.473388671875 -0.1134033203125 -0.284423828125 0.26727294921875
0.34716796875 -0.228607177734375 0.0323257446289063 0.113990783691406
0.17633056640625 -0.359405517578125 0.0407562255859375 -0.122505187988281
0.040679931640625 -0.370697021484375 -0.060211181640625 -0.218307495117188
0.043487548828125 -0.342926025390625 -0.122467041015625 -0.20489501953125
0.022491455078125 -0.3829345703125 -0.1019287109375 -0.255722045898438
0.08563232421875 -0.37481689453125 -0.03851318359375 -0.308929443359375
0.23919677734375 -0.34112548828125 0.0689544677734375 -0.273574829101562
0.3515625 -0.27117919921875 0.18157958984375 -0.2593994140625
0.47003173828125 -0.03863525390625 0.319122314453125 -0.149017333984375
0.543243408203125 0.057037353515625 0.298187255859375 -0.018768310546875
0.531158447265625 0.156158447265625 -0.0932235717773437 -0.0540237426757812
0.586669921875 0.07861328125 0.0605430603027344 0.0484771728515625
0.468719482421875 0.021514892578125 -0.3922119140625 -0.352447509765625
0.4620361328125 0.049224853515625 -0.616455078125 0.1171875
0.47900390625 -0.1082763671875 -0.272857666015625 0.357757568359375
0.39422607421875 -0.25518798828125 0.00683593750000002 0.213241577148437
0.204986572265625 -0.442657470703125 0.023162841796875 0.0135917663574218
0.032501220703125 -0.44476318359375 -0.0485076904296875 -0.0604400634765625
0.036956787109375 -0.400604248046875 -0.101898193359375 -0.0592269897460938
0.024383544921875 -0.446624755859375 -0.0758438110351562 -0.114898681640625
0.11712646484375 -0.429534912109375 -0.027557373046875 -0.185134887695313
0.315521240234375 -0.359619140625 0.08612060546875 -0.174591064453125
0.425201416015625 -0.23272705078125 0.2191162109375 -0.191024780273438
0.4710693359375 0.0487060546875 0.395263671875 -0.09228515625
0.490997314453125 0.081146240234375 0.4296875 0.05291748046875
0.511505126953125 0.098724365234375 0.0612907409667969 0.0629348754882813
0.495941162109375 -0.06707763671875 0.210052490234375 0.127838134765625
0.32159423828125 -0.06085205078125 -0.286285400390625 -0.21368408203125
0.322235107421875 0.04888916015625 -0.50482177734375 0.204010009765625
0.412628173828125 -0.066497802734375 -0.221038818359375 0.407257080078125
0.377532958984375 -0.235809326171875 -0.012847900390625 0.290008544921875
0.19036865234375 -0.452667236328125 0.0102691650390625 0.160049438476562
0.013641357421875 -0.443695068359375 -0.022186279296875 0.113243103027344
0.022613525390625 -0.39837646484375 -0.0642852783203125 0.0958480834960937
0.023651123046875 -0.44378662109375 -0.0443878173828125 0.0352821350097656
0.136199951171875 -0.41583251953125 -0.0191726684570312 -0.0483551025390625
0.346435546875 -0.307891845703125 0.087677001953125 -0.0630416870117188
0.4246826171875 -0.132110595703125 0.234298706054688 -0.104476928710938
0.371978759765625 0.13372802734375 0.45074462890625 -0.012603759765625
0.352996826171875 0.07708740234375 0.540771484375 0.157318115234375
0.42449951171875 0.0079345703125 0.202682495117188 0.182601928710938
0.301605224609375 -0.184539794921875 0.3275146484375 0.178253173828125
0.113044738769531 -0.0798568725585938 -0.176239013671875 -0.0862884521484375
0.153411865234375 0.090850830078125 -0.369873046875 0.24407958984375
0.30780029296875 0.00390625 -0.161956787109375 0.4052734375
0.310882568359375 -0.178680419921875 -0.03125 0.334716796875
0.146026611328125 -0.386474609375 0.00769042968749999 0.288909912109375
-0.00753784179687499 -0.3695068359375 0.0173492431640625 0.270614624023437
0.007171630859375 -0.333221435546875 -0.0149078369140625 0.23388671875
0.01788330078125 -0.379425048828125 -0.014312744140625 0.170547485351562
0.13641357421875 -0.34429931640625 -0.0202178955078125 0.07818603515625
0.320465087890625 -0.207763671875 0.0623817443847656 0.0327186584472656
0.339630126953125 -0.008453369140625 0.218399047851563 -0.0264739990234375
0.188735961914062 0.1729736328125 0.4749755859375 0.07257080078125
0.159515380859375 0.0179443359375 0.6080322265625 0.2823486328125
0.291168212890625 -0.111358642578125 0.306640625 0.28570556640625
0.0540618896484375 -0.25543212890625 0.390838623046875 0.1964111328125
-0.0912322998046875 -0.0491714477539062 -0.09033203125 0.00506591796875
-0.00218963623046874 0.139183044433594 -0.26312255859375 0.2440185546875
0.185226440429688 0.074371337890625 -0.1268310546875 0.378753662109375
0.209457397460938 -0.0959320068359375 -0.05340576171875 0.357757568359375
0.08978271484375 -0.258651733398438 0.01446533203125 0.383148193359375
-0.0192413330078125 -0.235183715820312 0.06341552734375 0.382537841796875
-0.00901794433593752 -0.220230102539062 0.037506103515625 0.3323974609375
0.00805664062499997 -0.265304565429688 0.00973510742187503 0.27294921875
0.115280151367188 -0.233688354492187 -0.031036376953125 0.17626953125
0.242385864257813 -0.0946197509765625 0.019195556640625 0.0917587280273437
0.188217163085938 0.0885772705078125 0.188125610351563 0.0137939453125
-0.02685546875 0.133499145507813 0.48895263671875 0.135345458984375
-0.037750244140625 -0.0980072021484375 0.63336181640625 0.39990234375
0.136077880859375 -0.243255615234375 0.368072509765625 0.34429931640625
0.05224609375 0.336578369140625 -0.355712890625 -0.324310302734375
0.2437744140625 0.18792724609375 -0.63360595703125 -0.52056884765625
0.203933715820313 -0.0309600830078125 -0.522186279296875 -0.0865783691406249
0.0195388793945313 -0.107864379882813 -0.173919677734375 0.03607177734375
-0.0816192626953125 -0.0228347778320313 0.0416717529296875 -0.09014892578125
-0.0442276000976563 0.101142883300781 0.0311279296875 -0.261001586914063
0.026824951171875 0.08489990234375 -0.0465087890625 -0.371856689453125
0.0288810729980469 0.0643959045410156 -0.085235595703125 -0.384674072265625
0.0227279663085938 0.0847015380859375 -0.099822998046875 -0.431640625
-0.0327529907226562 0.07415771484375 -0.021636962890625 -0.439666748046875
-0.1063232421875 -0.00459289550781248 0.025909423828125 -0.3931884765625
-0.0549545288085938 -0.132865905761719 0.0877685546875 -0.340850830078125
0.145904541015625 -0.159042358398438 0.1998291015625 -0.233062744140625
0.276153564453125 0.0320892333984375 0.0848388671875 -0.0669784545898438
0.15789794921875 0.204620361328125 -0.39093017578125 -0.2825927734375
0.2484130859375 0.367645263671875 -0.30596923828125 -0.264556884765625
0.364410400390625 0.250274658203125 -0.60455322265625 -0.56549072265625
0.3699951171875 0.060577392578125 -0.58929443359375 -0.08544921875
0.216781616210937 -0.111007690429687 -0.2005615234375 0.089080810546875
0.074188232421875 -0.105934143066406 0.0638618469238281 -0.0573234558105469
0.0264930725097656 -0.0606575012207031 0.043975830078125 -0.269973754882813
0.0313568115234375 -0.0810012817382813 -0.06427001953125 -0.380706787109375
0.0362319946289063 -0.0929183959960938 -0.119964599609375 -0.376251220703125
0.0199050903320312 -0.0982894897460938 -0.1221923828125 -0.426788330078125
0.00974273681640624 -0.100303649902344 -0.040740966796875 -0.443267822265625
0.01251220703125 -0.135986328125 0.033721923828125 -0.383148193359375
0.0836181640625 -0.200103759765625 0.10589599609375 -0.324859619140625
0.275527954101563 -0.147186279296875 0.201858520507813 -0.211105346679687
0.4228515625 0.016815185546875 0.104095458984375 -0.0767135620117188
0.352142333984375 0.20550537109375 -0.348114013671875 -0.228424072265625
0.429962158203125 0.32659912109375 -0.217041015625 -0.165008544921875
0.464324951171875 0.2313232421875 -0.559967041015625 -0.54998779296875
0.486175537109375 0.10125732421875 -0.65386962890625 -0.0476074218749999
0.37957763671875 -0.113128662109375 -0.248077392578125 0.173385620117188
0.22882080078125 -0.177841186523438 0.0583457946777344 0.01470947265625
0.103256225585937 -0.22296142578125 0.04620361328125 -0.225906372070313
0.0340423583984375 -0.24151611328125 -0.072601318359375 -0.32952880859375
0.036834716796875 -0.235748291015625 -0.137481689453125 -0.312042236328125
0.0153045654296875 -0.262664794921875 -0.128082275390625 -0.363677978515625
0.0432891845703125 -0.258758544921875 -0.051025390625 -0.398956298828125
0.1285400390625 -0.261444091796875 0.04656982421875 -0.34442138671875
0.2237548828125 -0.258270263671875 0.136383056640625 -0.305389404296875
0.3931884765625 -0.11187744140625 0.2471923828125 -0.189620971679687
0.519927978515625 0.02191162109375 0.181365966796875 -0.0649566650390625
0.484161376953125 0.185699462890625 -0.242568969726563 -0.150054931640625
0.564208984375 0.21343994140625 -0.0913772583007812 -0.0553970336914062
0.519287109375 0.13275146484375 -0.495452880859375 -0.473907470703125
0.527496337890625 0.076812744140625 -0.67584228515625 0.03070068359375
0.472747802734375 -0.127838134765625 -0.2801513671875 0.2752685546875
0.34332275390625 -0.237518310546875 0.0360336303710938 0.112358093261719
0.164581298828125 -0.364654541015625 0.0356369018554688 -0.127822875976563
0.031158447265625 -0.373779296875 -0.07086181640625 -0.21807861328125
0.034088134765625 -0.345794677734375 -0.134078979492187 -0.19964599609375
0.011444091796875 -0.385711669921875 -0.113693237304687 -0.25433349609375
0.07427978515625 -0.3773193359375 -0.0477294921875 -0.306884765625
0.230072021484375 -0.3509521484375 0.0663604736328125 -0.275894165039063
0.34649658203125 -0.28521728515625 0.177459716796875 -0.26605224609375
0.475677490234375 -0.05084228515625 0.317626953125 -0.1572265625
0.551788330078125 0.04327392578125 0.30108642578125 -0.028961181640625
0.542236328125 0.151092529296875 -0.0968399047851562 -0.0501174926757812
0.59344482421875 0.0657958984375 0.0633430480957032 0.0459213256835938
0.47564697265625 0.0118408203125 -0.406707763671875 -0.35174560546875
0.46746826171875 0.040496826171875 -0.62353515625 0.13275146484375
0.479705810546875 -0.12371826171875 -0.26544189453125 0.366607666015625
0.392974853515625 -0.26629638671875 0.012786865234375 0.2127685546875
0.18927001953125 -0.45135498046875 0.0212860107421875 0.00924301147460935
0.017669677734375 -0.45037841796875 -0.0555801391601563 -0.0609359741210938
0.026397705078125 -0.403594970703125 -0.109336853027344 -0.0529327392578125
0.00988769531250004 -0.450347900390625 -0.0830612182617187 -0.112327575683594
0.10455322265625 -0.43267822265625 -0.035491943359375 -0.181854248046875
0.305755615234375 -0.371856689453125 0.0860137939453125 -0.175994873046875
0.42120361328125 -0.2484130859375 0.215347290039063 -0.198043823242188
0.479461669921875 0.037689208984375 0.395477294921875 -0.101165771484375
0.49725341796875 0.068878173828125 0.43487548828125 0.04058837890625
0.519927978515625 0.093414306640625 0.0636558532714844 0.0659980773925781
0.500030517578125 -0.0823974609375 0.217666625976563 0.124038696289063
0.32476806640625 -0.069091796875 -0.2958984375 -0.213104248046875
0.327056884765625 0.043365478515625 -0.5078125 0.21783447265625
0.41387939453125 -0.07806396484375 -0.210418701171875 0.4146728515625
0.375518798828125 -0.2486572265625 -0.00640869140624997 0.28985595703125
0.17498779296875 -0.462066650390625 0.01220703125 0.156951904296875
-0.00158691406250004 -0.44842529296875 -0.0237350463867188 0.114601135253906
0.01068115234375 -0.4000244140625 -0.0660400390625 0.102859497070312
0.00878906250000002 -0.44793701171875 -0.0466461181640625 0.0382156372070312
0.122344970703125 -0.4197998046875 -0.0238418579101562 -0.0437889099121094
0.33905029296875 -0.32196044921875 0.0890655517578125 -0.0648956298828125
0.423736572265625 -0.145782470703125 0.233901977539063 -0.110733032226563
0.3804931640625 0.1263427734375 0.45343017578125 -0.0216064453125
0.357177734375 0.0693359375 0.54901123046875 0.146759033203125
0.429290771484375 0.004364013671875 0.209640502929688 0.18609619140625
0.300262451171875 -0.195587158203125 0.33935546875 0.172271728515625
0.115348815917969 -0.08221435546875 -0.180511474609375 -0.085113525390625
0.157821655273438 0.0911102294921875 -0.369842529296875 0.256591796875
0.311187744140625 -0.00445556640625 -0.151824951171875 0.41168212890625
0.309722900390625 -0.19049072265625 -0.025970458984375 0.33612060546875
0.13275146484375 -0.394989013671875 0.0118408203125 0.28753662109375
-0.020355224609375 -0.3726806640625 0.0214691162109375 0.272186279296875
-0.003631591796875 -0.33685302734375 -0.011871337890625 0.23968505859375
0.00372314453124998 -0.384368896484375 -0.0112762451171875 0.173873901367187
0.12548828125 -0.349395751953125 -0.02142333984375 0.082733154296875
0.316131591796875 -0.220947265625 0.06585693359375 0.0331497192382812
0.341583251953125 -0.018157958984375 0.219863891601563 -0.031005859375
0.195266723632813 0.171432495117188 0.479644775390625 0.06341552734375
0.159042358398437 0.0145416259765625 0.6199951171875 0.27484130859375
0.29150390625 -0.115631103515625 0.318267822265625 0.2872314453125
0.0481109619140625 -0.260208129882813 0.40509033203125 0.189239501953125
-0.0906219482421875 -0.0467071533203125 -0.0904541015625 0.00507354736328124
0.00193786621093751 0.14361572265625 -0.261459350585938 0.252273559570313
0.190017700195313 0.0695648193359375 -0.119232177734375 0.381805419921875
0.21014404296875 -0.1051025390625 -0.046844482421875 0.35882568359375
0.0792388916015625 -0.265304565429688 0.02093505859375 0.383392333984375
-0.0282745361328125 -0.236862182617187 0.072967529296875 0.38458251953125
-0.0177459716796875 -0.22296142578125 0.04443359375 0.33575439453125
-0.00340270996093747 -0.269317626953125 0.01593017578125 0.277862548828125
0.10675048828125 -0.239501953125 -0.0289306640625 0.182357788085937
0.241378784179688 -0.1046142578125 0.0222015380859375 0.09454345703125
0.193023681640625 0.0845489501953125 0.189666748046875 0.0105133056640625
-0.0235824584960937 0.137123107910156 0.494354248046875 0.126983642578125
-0.0433883666992188 -0.09771728515625 0.64678955078125 0.39508056640625
0.131698608398438 -0.246368408203125 0.3809814453125 0.3468017578125
0.064727783203125 0.345703125 -0.375091552734375 -0.321868896484375
0.25738525390625 0.177947998046875 -0.67108154296875 -0.51361083984375
0.2080078125 -0.0428924560546875 -0.5394287109375 -0.0669555664062501
0.0137252807617187 -0.110946655273438 -0.1759033203125 0.04205322265625
-0.0857772827148437 -0.0178070068359375 0.0392303466796875 -0.0952606201171875
-0.0396652221679688 0.106658935546875 0.019378662109375 -0.266937255859375
0.03216552734375 0.0866622924804688 -0.066162109375 -0.3770751953125
0.0340957641601562 0.0663261413574219 -0.105377197265625 -0.39019775390625
0.0300064086914062 0.08819580078125 -0.12109375 -0.43792724609375
-0.0285186767578125 0.0798568725585938 -0.0390625 -0.44671630859375
-0.110092163085938 0.00428009033203123 0.01123046875 -0.401763916015625
-0.0651473999023438 -0.131477355957031 0.076202392578125 -0.348785400390625
0.141098022460938 -0.170883178710938 0.196746826171875 -0.24530029296875
0.288055419921875 0.018463134765625 0.0845794677734375 -0.0748443603515625
0.171600341796875 0.203582763671875 -0.41754150390625 -0.272674560546875
0.2672119140625 0.369537353515625 -0.32183837890625 -0.262664794921875
0.38348388671875 0.239044189453125 -0.64422607421875 -0.56109619140625
0.38165283203125 0.045166015625 -0.60784912109375 -0.0618286132812501
0.213348388671875 -0.12347412109375 -0.200103759765625 0.098358154296875
0.0688323974609375 -0.1090087890625 0.0633087158203125 -0.0631217956542969
0.0232620239257813 -0.0601005554199219 0.0324554443359375 -0.279190063476563
0.0274734497070313 -0.0826187133789062 -0.085906982421875 -0.38531494140625
0.0336837768554687 -0.0936355590820313 -0.1412353515625 -0.377655029296875
0.0182952880859375 -0.100349426269531 -0.14630126953125 -0.43115234375
0.0059967041015625 -0.099151611328125 -0.0596923828125 -0.44921875
0.00634765625000001 -0.136581420898438 0.0216064453125 -0.391143798828125
0.074066162109375 -0.206756591796875 0.09576416015625 -0.33270263671875
0.274703979492188 -0.16375732421875 0.19970703125 -0.222885131835938
0.435760498046875 -0.003143310546875 0.103164672851563 -0.0861053466796875
0.37030029296875 0.196929931640625 -0.369537353515625 -0.21759033203125
0.4532470703125 0.3194580078125 -0.229217529296875 -0.163772583007812
0.48516845703125 0.21673583984375 -0.5977783203125 -0.54681396484375
0.50146484375 0.08392333984375 -0.67431640625 -0.0216064453125001
0.380645751953125 -0.13226318359375 -0.244964599609375 0.1876220703125
0.22406005859375 -0.189483642578125 0.0621147155761719 0.01141357421875
0.0934295654296875 -0.22857666015625 0.035369873046875 -0.235443115234375
0.0226898193359375 -0.246170043945313 -0.091827392578125 -0.333831787109375
0.02911376953125 -0.241180419921875 -0.157501220703125 -0.309783935546875
0.00411987304687501 -0.26788330078125 -0.14996337890625 -0.3660888671875
0.0347442626953125 -0.26287841796875 -0.069244384765625 -0.402130126953125
0.1170654296875 -0.271713256835938 0.035064697265625 -0.3548583984375
0.214569091796875 -0.2740478515625 0.127777099609375 -0.31536865234375
0.39642333984375 -0.131439208984375 0.245925903320313 -0.202468872070313
0.534912109375 -0.0025634765625 0.182022094726563 -0.0773468017578125
0.506561279296875 0.173675537109375 -0.257583618164062 -0.141159057617187
0.583251953125 0.1981201171875 -0.094940185546875 -0.054473876953125
0.53582763671875 0.115081787109375 -0.53057861328125 -0.470794677734375
0.54461669921875 0.058837890625 -0.6934814453125 0.06109619140625
0.474639892578125 -0.149078369140625 -0.2730712890625 0.293975830078125
0.341156005859375 -0.255889892578125 0.0426712036132813 0.11102294921875
0.1485595703125 -0.3768310546875 0.028656005859375 -0.136260986328125
0.013275146484375 -0.38275146484375 -0.08758544921875 -0.220199584960938
0.019744873046875 -0.3526611328125 -0.150253295898438 -0.19384765625
-0.00671386718750001 -0.395233154296875 -0.13104248046875 -0.253555297851562
0.0595703125 -0.3848876953125 -0.063140869140625 -0.308319091796875
0.2171630859375 -0.367767333984375 0.059295654296875 -0.283966064453125
0.339019775390625 -0.306304931640625 0.16986083984375 -0.277618408203125
0.484161376953125 -0.07080078125 0.31927490234375 -0.1724853515625
0.5655517578125 0.0189208984375 0.306915283203125 -0.04498291015625
0.5640869140625 0.13677978515625 -0.102920532226562 -0.0440750122070312
0.6085205078125 0.04327392578125 0.0675926208496094 0.0431900024414063
0.48736572265625 -0.008453369140625 -0.43475341796875 -0.348480224609375
0.480438232421875 0.023468017578125 -0.6363525390625 0.16455078125
0.48291015625 -0.14715576171875 -0.2547607421875 0.386505126953125
0.3909912109375 -0.2896728515625 0.0218658447265625 0.214553833007812
0.1695556640625 -0.466888427734375 0.0188674926757813 0.0038948059082031
-0.00485229492187503 -0.459197998046875 -0.0652198791503906 -0.0598068237304688
0.00637817382812502 -0.412261962890625 -0.118858337402344 -0.0441055297851563
-0.012603759765625 -0.461334228515625 -0.0936126708984375 -0.108963012695313
0.085601806640625 -0.441497802734375 -0.045654296875 -0.179397583007813
0.294189453125 -0.394561767578125 0.0829925537109375 -0.183517456054688
0.41796875 -0.271026611328125 0.212326049804688 -0.209884643554688
0.492340087890625 0.019989013671875 0.399658203125 -0.1181640625
0.512542724609375 0.048980712890625 0.4464111328125 0.023895263671875
0.5400390625 0.07879638671875 0.0676765441894532 0.069488525390625
0.506591796875 -0.105010986328125 0.229812622070313 0.1170654296875
0.330474853515625 -0.085174560546875 -0.314300537109375 -0.20916748046875
0.33697509765625 0.0340576171875 -0.514739990234375 0.24407958984375
0.418121337890625 -0.098602294921875 -0.198150634765625 0.431732177734375
0.374786376953125 -0.271697998046875 0.0052490234375 0.2943115234375
0.154571533203125 -0.480010986328125 0.0147705078125 0.155258178710937
-0.024017333984375 -0.45733642578125 -0.0249404907226563 0.11822509765625
-0.00939941406249999 -0.409912109375 -0.0669708251953125 0.112236022949219
-0.014678955078125 -0.458465576171875 -0.0485115051269531 0.043914794921875
0.105682373046875 -0.430938720703125 -0.0282173156738281 -0.0388679504394532
0.32904052734375 -0.34674072265625 0.0907363891601563 -0.0701828002929688
0.424591064453125 -0.16741943359375 0.233688354492188 -0.121856689453125
0.394500732421875 0.116302490234375 0.461181640625 -0.03851318359375
0.366668701171875 0.05609130859375 0.5657958984375 0.12725830078125
0.441436767578125 -0.009735107421875 0.223068237304688 0.186737060546875
0.298553466796875 -0.213897705078125 0.359283447265625 0.161102294921875
0.115646362304687 -0.0897293090820313 -0.189193725585937 -0.0821990966796875
0.166305541992188 0.0889739990234375 -0.3707275390625 0.2779541015625
0.31793212890625 -0.019073486328125 -0.1380615234375 0.42535400390625
0.310211181640625 -0.210693359375 -0.014678955078125 0.342864990234375
0.1138916015625 -0.409698486328125 0.019561767578125 0.2900390625
-0.039886474609375 -0.380218505859375 0.0299835205078125 0.277694702148438
-0.021453857421875 -0.343780517578125 -0.00364685058593748 0.249038696289062
-0.017608642578125 -0.393096923828125 -0.0064544677734375 0.18096923828125
0.11016845703125 -0.36077880859375 -0.0205230712890625 0.0904312133789062
0.311798095703125 -0.241973876953125 0.0708236694335938 0.0311660766601562
0.347442626953125 -0.03338623046875 0.222824096679688 -0.03985595703125
0.20684814453125 0.169647216796875 0.490264892578125 0.04669189453125
0.161514282226562 0.009063720703125 0.642333984375 0.25689697265625
0.2955322265625 -0.12738037109375 0.33917236328125 0.287506103515625
0.037261962890625 -0.270477294921875 0.427520751953125 0.176727294921875
-0.092742919921875 -0.0450210571289063 -0.09185791015625 0.00732421875000001
0.0083465576171875 0.149795532226563 -0.2601318359375 0.269485473632813
0.198074340820313 0.0623321533203125 -0.105621337890625 0.391387939453125
0.211044311523438 -0.119293212890625 -0.035308837890625 0.366302490234375
0.065155029296875 -0.275161743164063 0.033355712890625 0.388092041015625
-0.0419464111328125 -0.241317749023437 0.088348388671875 0.39056396484375
-0.0304412841796875 -0.226882934570313 0.060302734375 0.343017578125
-0.0202178955078125 -0.276199340820313 0.02838134765625 0.284820556640625
0.096588134765625 -0.249893188476562 -0.0238037109375 0.190933227539062
0.241119384765625 -0.121002197265625 0.0283050537109375 0.0966644287109375
0.20062255859375 0.0770111083984375 0.19293212890625 0.00404357910156251
-0.01776123046875 0.142852783203125 0.507293701171875 0.1124267578125
-0.0502166748046875 -0.0970993041992187 0.67474365234375 0.38153076171875
0.125747680664063 -0.255157470703125 0.406280517578125 0.344635009765625
0.08642578125 0.351104736328125 -0.39837646484375 -0.309417724609375
0.27239990234375 0.1605224609375 -0.7139892578125 -0.48492431640625
0.207168579101563 -0.0598907470703125 -0.54913330078125 -0.0309753417968751
0.00554656982421876 -0.112648010253906 -0.173416137695313 0.0534515380859375
-0.0899505615234375 -0.0103912353515625 0.0340347290039062 -0.100212097167969
-0.032318115234375 0.112648010253906 0.00144958496093749 -0.271484375
0.0386734008789063 0.087554931640625 -0.093963623046875 -0.377166748046875
0.0410728454589844 0.0669326782226563 -0.13250732421875 -0.388702392578125
0.0393753051757813 0.0884170532226563 -0.151580810546875 -0.435272216796875
-0.0218505859375 0.0848770141601563 -0.06591796875 -0.449676513671875
-0.111663818359375 0.0156784057617187 -0.011688232421875 -0.405181884765625
-0.0770721435546875 -0.126724243164062 0.0562744140625 -0.3548583984375
0.130630493164063 -0.184326171875 0.185348510742188 -0.261505126953125
0.295135498046875 -0.004241943359375 0.0803756713867188 -0.08343505859375
0.187973022460938 0.1954345703125 -0.44732666015625 -0.246978759765625
0.29168701171875 0.361785888671875 -0.34173583984375 -0.2520751953125
0.403106689453125 0.21551513671875 -0.69024658203125 -0.536865234375
0.3895263671875 0.02020263671875 -0.61981201171875 -0.0223388671875
0.2060546875 -0.13787841796875 -0.194549560546875 0.112442016601562
0.0608139038085937 -0.112068176269531 0.0609855651855469 -0.0687828063964844
0.0186653137207031 -0.0584373474121094 0.012939453125 -0.28515625
0.0228118896484375 -0.0820770263671875 -0.11627197265625 -0.384246826171875
0.0296096801757813 -0.0951461791992188 -0.1702880859375 -0.37274169921875
0.0130691528320313 -0.100738525390625 -0.178955078125 -0.425750732421875
0.00160217285156251 -0.0980148315429688 -0.088531494140625 -0.45062255859375
-0.00437164306640626 -0.135025024414062 -0.00103759765624999 -0.397552490234375
0.05865478515625 -0.212493896484375 0.076690673828125 -0.34088134765625
0.26629638671875 -0.18426513671875 0.189498901367188 -0.23736572265625
0.44281005859375 -0.0347900390625 0.0982131958007813 -0.0975112915039063
0.389892578125 0.178070068359375 -0.3931884765625 -0.195068359375
0.474822998046875 0.29888916015625 -0.241607666015625 -0.156448364257813
0.504425048828125 0.18817138671875 -0.64349365234375 -0.525390625
0.514495849609375 0.053741455078125 -0.68414306640625 0.0236816406250001
0.373321533203125 -0.15753173828125 -0.234085083007813 0.204681396484375
0.213027954101563 -0.204376220703125 0.0641021728515625 0.00545120239257811
0.0778045654296875 -0.233261108398437 0.0178680419921875 -0.243667602539063
0.00697326660156251 -0.248397827148437 -0.122161865234375 -0.330902099609375
0.01531982421875 -0.2431640625 -0.182464599609375 -0.2998046875
-0.0133209228515625 -0.27099609375 -0.17962646484375 -0.359344482421875
0.0187225341796875 -0.264572143554688 -0.097259521484375 -0.400054931640625
0.0988922119140625 -0.2801513671875 0.015594482421875 -0.359893798828125
0.197174072265625 -0.289337158203125 0.10919189453125 -0.3243408203125
0.393341064453125 -0.158447265625 0.2376708984375 -0.2203369140625
0.5413818359375 -0.039337158203125 0.178482055664063 -0.0930023193359375
0.527252197265625 0.147247314453125 -0.274200439453125 -0.123916625976563
0.60089111328125 0.16790771484375 -0.0991973876953124 -0.0524368286132813
0.548065185546875 0.081573486328125 -0.57080078125 -0.4493408203125
0.555694580078125 0.0262451171875 -0.6995849609375 0.10614013671875
0.469970703125 -0.180938720703125 -0.25579833984375 0.314361572265625
0.3292236328125 -0.2802734375 0.0514068603515625 0.107467651367188
0.123931884765625 -0.385711669921875 0.01641845703125 -0.143417358398438
-0.013580322265625 -0.3868408203125 -0.109283447265625 -0.21697998046875
-0.00311279296875002 -0.356231689453125 -0.1683349609375 -0.180633544921875
-0.035980224609375 -0.398162841796875 -0.153121948242188 -0.2452392578125
0.036895751953125 -0.3885498046875 -0.085235595703125 -0.303863525390625
0.1925048828125 -0.38629150390625 0.04351806640625 -0.291748046875
0.320556640625 -0.33099365234375 0.154449462890625 -0.2890625
0.486419677734375 -0.101837158203125 0.313018798828125 -0.193695068359375
0.5750732421875 -0.01708984375 0.306976318359375 -0.067840576171875
0.583251953125 0.10595703125 -0.109107971191406 -0.0351028442382812
0.61663818359375 0.0064697265625 0.0728759765625 0.0379562377929688
0.491973876953125 -0.038177490234375 -0.466156005859375 -0.332305908203125
0.490264892578125 -0.003570556640625 -0.6370849609375 0.20965576171875
0.47796630859375 -0.179351806640625 -0.2325439453125 0.4056396484375
0.37884521484375 -0.31842041015625 0.0369873046875 0.213333129882812
0.1370849609375 -0.480194091796875 0.0149145126342774 -0.00168132781982425
-0.035064697265625 -0.463592529296875 -0.0762252807617188 -0.0558853149414063
-0.02099609375 -0.41705322265625 -0.126113891601563 -0.0308074951171875
-0.04754638671875 -0.465087890625 -0.105094909667969 -0.1009521484375
0.057708740234375 -0.449066162109375 -0.058563232421875 -0.173507690429688
0.267608642578125 -0.418914794921875 0.074249267578125 -0.191131591796875
0.402740478515625 -0.301025390625 0.201187133789063 -0.223587036132813
0.500274658203125 -0.00909423828125 0.3968505859375 -0.1435546875
0.521697998046875 0.016143798828125 0.45391845703125 -0.005584716796875
0.554229736328125 0.049346923828125 0.072540283203125 0.069549560546875
0.504669189453125 -0.138336181640625 0.243484497070313 0.102798461914062
0.329376220703125 -0.107513427734375 -0.334930419921875 -0.196319580078125
0.345916748046875 0.01593017578125 -0.508453369140625 0.28253173828125
0.41693115234375 -0.12542724609375 -0.172576904296875 0.4493408203125
0.363739013671875 -0.30108642578125 0.022918701171875 0.295806884765625
0.120758056640625 -0.4930419921875 0.02020263671875 0.152801513671875
-0.057525634765625 -0.461151123046875 -0.0224533081054688 0.122329711914062
-0.037506103515625 -0.412689208984375 -0.0628433227539062 0.123931884765625
-0.050445556640625 -0.463287353515625 -0.0482406616210938 0.0502777099609375
0.077392578125 -0.439117431640625 -0.0321407318115234 -0.0317115783691407
0.30780029296875 -0.37158203125 0.0896072387695313 -0.0764312744140625
0.41693115234375 -0.19573974609375 0.228073120117188 -0.135665893554688
0.408538818359375 0.09521484375 0.4638671875 -0.064788818359375
0.3740234375 0.034454345703125 0.580810546875 0.09478759765625
0.4495849609375 -0.03558349609375 0.23858642578125 0.179901123046875
0.285797119140625 -0.23663330078125 0.378662109375 0.1397705078125
0.111579895019531 -0.0995635986328125 -0.198562622070313 -0.0739288330078125
0.175445556640625 0.08331298828125 -0.36041259765625 0.30914306640625
0.32183837890625 -0.038604736328125 -0.112060546875 0.43780517578125
0.301513671875 -0.235443115234375 0.00527954101562504 0.34539794921875
0.084197998046875 -0.421356201171875 0.0333251953125 0.289642333984375
-0.067474365234375 -0.382049560546875 0.0440673828125 0.280227661132813
-0.04693603515625 -0.345672607421875 0.01116943359375 0.256561279296875
-0.049652099609375 -0.39691162109375 0.00463867187499999 0.18603515625
0.08612060546875 -0.369873046875 -0.0160446166992187 0.0980911254882812
0.295928955078125 -0.26702880859375 0.0747909545898438 0.0278472900390625
0.348114013671875 -0.05584716796875 0.221755981445313 -0.052490234375
0.221450805664063 0.161148071289063 0.497802734375 0.0203857421875
0.161529541015625 0.00042724609375 0.66876220703125 0.22283935546875
0.2926025390625 -0.145050048828125 0.36383056640625 0.27490234375
0.0178985595703125 -0.278091430664063 0.450958251953125 0.148773193359375
-0.0950393676757813 -0.0416107177734375 -0.0919113159179688 0.0114822387695312
0.0190277099609375 0.154464721679688 -0.248138427734375 0.291717529296875
0.2060546875 0.0503997802734375 -0.0826721191406249 0.401641845703125
0.206558227539063 -0.137374877929688 -0.01611328125 0.372894287109375
0.044281005859375 -0.28314208984375 0.05316162109375 0.388458251953125
-0.0601806640625 -0.241363525390625 0.1126708984375 0.390777587890625
-0.04925537109375 -0.227752685546875 0.082427978515625 0.345672607421875
-0.044708251953125 -0.278732299804687 0.0477294921875 0.28887939453125
0.0783843994140625 -0.2593994140625 -0.0120849609375 0.1998291015625
0.234024047851562 -0.140670776367188 0.0344696044921875 0.0975875854492187
0.208633422851562 0.06524658203125 0.193923950195313 -0.005615234375
-0.00874328613281252 0.148239135742188 0.5191650390625 0.08612060546875
-0.0591201782226562 -0.0941238403320313 0.7076416015625 0.348876953125
0.112335205078125 -0.266647338867188 0.435821533203125 0.32928466796875
0.10894775390625 0.34765625 -0.41510009765625 -0.28717041015625
0.278701782226563 0.135894775390625 -0.7425537109375 -0.4390869140625
0.19921875 -0.07635498046875 -0.543670654296875 0.00680541992187503
-0.00307464599609375 -0.11151123046875 -0.165008544921875 0.0620880126953125
-0.0917587280273438 -0.00189208984375002 0.027435302734375 -0.103507995605469
-0.0234603881835938 0.116096496582031 -0.0191650390625 -0.268875122070313
0.0457534790039062 0.0869522094726563 -0.1221923828125 -0.365875244140625
0.0473251342773438 0.0652198791503906 -0.158294677734375 -0.375823974609375
0.0488815307617188 0.085113525390625 -0.181549072265625 -0.419921875
-0.0138473510742187 0.0873565673828125 -0.0936279296875 -0.441131591796875
-0.109619140625 0.0283737182617188 -0.036651611328125 -0.399139404296875
-0.0869522094726562 -0.117828369140625 0.03582763671875 -0.35302734375
0.114837646484375 -0.1932373046875 0.167083740234375 -0.271713256835938
0.29327392578125 -0.02886962890625 0.0727005004882813 -0.0907135009765625
0.19927978515625 0.181625366210938 -0.4630126953125 -0.2109375
0.3118896484375 0.34423828125 -0.35614013671875 -0.23382568359375
0.40972900390625 0.1832275390625 -0.72406005859375 -0.4923095703125
0.387054443359375 -0.007843017578125 -0.61279296875 0.0206909179687499
0.192062377929688 -0.149978637695313 -0.181915283203125 0.122634887695313
0.0506210327148437 -0.112594604492188 0.0572357177734375 -0.0743331909179687
0.0139923095703125 -0.0552215576171875 -0.00915527343749998 -0.283935546875
0.0182113647460937 -0.0795669555664063 -0.145294189453125 -0.371124267578125
0.0248489379882813 -0.0942230224609375 -0.195098876953125 -0.3543701171875
0.008544921875 -0.0997772216796875 -0.20953369140625 -0.407012939453125
-0.00389862060546875 -0.0945205688476563 -0.117279052734375 -0.43865966796875
-0.01422119140625 -0.129600524902344 -0.02484130859375 -0.39306640625
0.042022705078125 -0.212188720703125 0.0543212890625 -0.339141845703125
0.250137329101563 -0.200973510742188 0.172561645507813 -0.248550415039063
0.436737060546875 -0.068359375 0.0883331298828125 -0.106269836425781
0.39886474609375 0.150543212890625 -0.40606689453125 -0.163360595703125
0.488800048828125 0.268585205078125 -0.25054931640625 -0.143753051757812
0.507781982421875 0.151519775390625 -0.67962646484375 -0.48211669921875
0.5137939453125 0.0177001953125 -0.67413330078125 0.0717163085937499
0.3558349609375 -0.181976318359375 -0.214279174804687 0.217086791992188
0.195724487304688 -0.214614868164063 0.0653610229492188 -0.00115966796875001
0.0595703125 -0.231033325195313 -0.001678466796875 -0.244598388671875
-0.0110626220703125 -0.242218017578125 -0.14910888671875 -0.3179931640625
-0.000610351562500024 -0.239639282226562 -0.203414916992187 -0.279876708984375
-0.0322113037109375 -0.265777587890625 -0.207275390625 -0.340057373046875
0.00109863281250002 -0.259857177734375 -0.122222900390625 -0.387451171875
0.076904296875 -0.280517578125 -0.00729370117187503 -0.358245849609375
0.173309326171875 -0.298309326171875 0.087799072265625 -0.325714111328125
0.378173828125 -0.18408203125 0.22113037109375 -0.23486328125
0.533905029296875 -0.080535888671875 0.167724609375 -0.107192993164062
0.532958984375 0.112213134765625 -0.28192138671875 -0.100830078125
0.60296630859375 0.12823486328125 -0.102035522460937 -0.0489654541015625
0.546234130859375 0.044921875 -0.60247802734375 -0.41156005859375
0.553802490234375 -0.009490966796875 -0.68609619140625 0.15765380859375
0.449737548828125 -0.21026611328125 -0.22894287109375 0.327423095703125
0.3057861328125 -0.298828125 0.0599746704101563 0.100601196289062
0.094085693359375 -0.38671875 0.00193786621093751 -0.14691162109375
-0.0416259765625 -0.377777099609375 -0.130615234375 -0.205657958984375
-0.02716064453125 -0.350311279296875 -0.181533813476563 -0.161117553710938
-0.06439208984375 -0.38983154296875 -0.172271728515625 -0.228424072265625
0.00915527343749998 -0.38336181640625 -0.1046142578125 -0.290985107421875
0.161834716796875 -0.39361572265625 0.02459716796875 -0.29156494140625
0.292144775390625 -0.3487548828125 0.133697509765625 -0.293060302734375
0.475860595703125 -0.132415771484375 0.29693603515625 -0.21337890625
0.5693359375 -0.0589599609375 0.29736328125 -0.08953857421875
0.58831787109375 0.06927490234375 -0.112327575683594 -0.0232467651367187
0.6092529296875 -0.03118896484375 0.075592041015625 0.0304107666015625
0.48223876953125 -0.0721435546875 -0.489776611328125 -0.300048828125
0.488189697265625 -0.035308837890625 -0.61712646484375 0.253173828125
0.45953369140625 -0.208831787109375 -0.201019287109375 0.41766357421875
0.353790283203125 -0.34130859375 0.052001953125 0.206222534179687
0.100799560546875 -0.48199462890625 0.00986194610595704 -0.00632667541503909
-0.0716552734375 -0.4541015625 -0.0861892700195313 -0.0481796264648438
-0.0498046875 -0.40863037109375 -0.128509521484375 -0.0157928466796875
-0.083221435546875 -0.45501708984375 -0.1136474609375 -0.0887298583984375
0.0250244140625 -0.44549560546875 -0.07049560546875 -0.16229248046875
0.233795166015625 -0.432373046875 0.0611114501953125 -0.193450927734375
0.376190185546875 -0.3248291015625 0.184326171875 -0.231765747070313
0.496856689453125 -0.0421142578125 0.384307861328125 -0.16790771484375
0.516998291015625 -0.018524169921875 0.44696044921875 -0.037933349609375
0.5546875 0.0146484375 0.0755767822265625 0.0688705444335937
0.4869384765625 -0.1700439453125 0.250961303710938 0.0839996337890625
0.31671142578125 -0.129150390625 -0.34857177734375 -0.17401123046875
0.345977783203125 -0.004241943359375 -0.485565185546875 0.31866455078125
0.404052734375 -0.152313232421875 -0.1385498046875 0.455169677734375
0.3411865234375 -0.324066162109375 0.042877197265625 0.28826904296875
0.0819396972656249 -0.4942626953125 0.024688720703125 0.146530151367187
-0.09307861328125 -0.4512939453125 -0.0193710327148438 0.124343872070312
-0.066619873046875 -0.404144287109375 -0.0543212890625 0.132408142089844
-0.08740234375 -0.451263427734375 -0.0462455749511719 0.0564422607421875
0.0455322265625 -0.437225341796875 -0.0343379974365234 -0.0240707397460938
0.27484130859375 -0.39007568359375 0.083587646484375 -0.0814132690429688
0.3970947265625 -0.22210693359375 0.216567993164063 -0.147216796875
0.412322998046875 0.06817626953125 0.4541015625 -0.094635009765625
0.371002197265625 0.009002685546875 0.58123779296875 0.055419921875
0.44573974609375 -0.062255859375 0.24896240234375 0.166061401367188
0.26348876953125 -0.252975463867187 0.3887939453125 0.11053466796875
0.10235595703125 -0.107177734375 -0.202835083007813 -0.0622100830078125
0.181854248046875 0.0740203857421875 -0.33782958984375 0.333526611328125
0.316436767578125 -0.060699462890625 -0.080078125 0.44012451171875
0.283294677734375 -0.256195068359375 0.027923583984375 0.340057373046875
0.051177978515625 -0.42205810546875 0.047271728515625 0.281494140625
-0.0972900390625 -0.373504638671875 0.0601654052734375 0.276809692382813
-0.0723876953125 -0.33770751953125 0.02783203125 0.257614135742188
-0.082244873046875 -0.38739013671875 0.0171966552734375 0.186203002929688
0.0576171875 -0.370635986328125 -0.00904846191406249 0.103157043457031
0.270721435546875 -0.28680419921875 0.0756759643554688 0.02301025390625
0.341033935546875 -0.077911376953125 0.215286254882813 -0.0644378662109375
0.231063842773438 0.147048950195313 0.492919921875 -0.010711669921875
0.15802001953125 -0.0105133056640625 0.676025390625 0.17962646484375
0.281219482421875 -0.163482666015625 0.3798828125 0.251220703125
-0.00517272949218752 -0.27630615234375 0.461669921875 0.11370849609375
-0.09661865234375 -0.0365982055664063 -0.09014892578125 0.015533447265625
0.0313568115234375 0.155197143554688 -0.2266845703125 0.30804443359375
0.209335327148437 0.035430908203125 -0.054443359375 0.40179443359375
0.194854736328125 -0.15277099609375 0.00695800781249998 0.369659423828125
0.021240234375 -0.283355712890625 0.074310302734375 0.379119873046875
-0.07989501953125 -0.235488891601562 0.136383056640625 0.380767822265625
-0.067413330078125 -0.221176147460938 0.105804443359375 0.338531494140625
-0.0688934326171875 -0.27130126953125 0.06884765625 0.2840576171875
0.0569305419921875 -0.262527465820312 0.00201416015625001 0.202438354492187
0.219329833984375 -0.15802001953125 0.041229248046875 0.0960159301757813
0.211669921875 0.0504608154296875 0.190048217773438 -0.016754150390625
0.000976562499999996 0.149749755859375 0.516387939453125 0.05194091796875
-0.0672378540039063 -0.0887603759765625 0.7236328125 0.3023681640625
0.0940399169921875 -0.271987915039063 0.455535888671875 0.30035400390625
0.12371826171875 0.339019775390625 -0.419891357421875 -0.2664794921875
0.275146484375 0.115524291992188 -0.7498779296875 -0.39520263671875
0.188003540039062 -0.0868988037109375 -0.52490234375 0.0350646972656251
-0.010162353515625 -0.108322143554688 -0.154830932617188 0.0661773681640625
-0.0913848876953125 0.00466918945312498 0.021820068359375 -0.104156494140625
-0.0166854858398438 0.116378784179688 -0.0339508056640625 -0.2593994140625
0.0517730712890625 0.0849227905273438 -0.140899658203125 -0.348419189453125
0.0522193908691406 0.0622329711914062 -0.176025390625 -0.357330322265625
0.0548095703125 0.0809097290039063 -0.199554443359375 -0.397552490234375
-0.0069122314453125 0.0882034301757813 -0.111053466796875 -0.422393798828125
-0.104812622070312 0.0381011962890625 -0.055267333984375 -0.384246826171875
-0.0913314819335938 -0.107803344726562 0.0177001953125 -0.342254638671875
0.0999298095703125 -0.195602416992188 0.149551391601563 -0.27337646484375
0.284027099609375 -0.048248291015625 0.0643768310546875 -0.0938873291015625
0.204025268554688 0.16839599609375 -0.463958740234375 -0.178497314453125
0.320159912109375 0.32611083984375 -0.359466552734375 -0.216339111328125
0.40533447265625 0.157745361328125 -0.7344970703125 -0.44781494140625
0.374908447265625 -0.028076171875 -0.59295654296875 0.0520019531250001
0.176956176757813 -0.155746459960938 -0.167755126953125 0.125808715820313
0.0413360595703125 -0.109672546386719 0.0535659790039062 -0.0778121948242188
0.0103912353515625 -0.0495681762695312 -0.0258331298828125 -0.277267456054688
0.0152664184570313 -0.0749740600585938 -0.165557861328125 -0.35247802734375
0.0215301513671875 -0.0916519165039063 -0.2110595703125 -0.332305908203125
0.00453186035156251 -0.0966110229492187 -0.228057861328125 -0.38385009765625
-0.0066986083984375 -0.0884552001953125 -0.1358642578125 -0.419708251953125
-0.0217361450195313 -0.120384216308594 -0.044830322265625 -0.380767822265625
0.0281982421875 -0.206344604492187 0.037811279296875 -0.33026123046875
0.232421875 -0.20953369140625 0.156265258789063 -0.251144409179688
0.420989990234375 -0.09320068359375 0.0783538818359375 -0.109588623046875
0.397735595703125 0.1287841796875 -0.40625 -0.13360595703125
0.48773193359375 0.243499755859375 -0.252685546875 -0.132049560546875
0.497894287109375 0.122344970703125 -0.69183349609375 -0.43914794921875
0.501129150390625 -0.00848388671875 -0.6500244140625 0.1058349609375
0.333343505859375 -0.19329833984375 -0.194808959960938 0.220474243164063
0.1785888671875 -0.21685791015625 0.0661659240722657 -0.00851440429687501
0.0458221435546875 -0.223114013671875 -0.0186767578125 -0.240188598632812
-0.022674560546875 -0.232833862304687 -0.166595458984375 -0.30084228515625
-0.0111083984375 -0.23162841796875 -0.214431762695312 -0.257675170898438
-0.0455169677734375 -0.255523681640625 -0.221893310546875 -0.3143310546875
-0.010345458984375 -0.249176025390625 -0.138153076171875 -0.367919921875
0.0589447021484375 -0.27398681640625 -0.02410888671875 -0.34716796875
0.15277099609375 -0.29681396484375 0.071014404296875 -0.318634033203125
0.35980224609375 -0.197540283203125 0.202590942382813 -0.239425659179688
0.515472412109375 -0.107879638671875 0.155044555664063 -0.115097045898438
0.526275634765625 0.08575439453125 -0.28155517578125 -0.079132080078125
0.59130859375 0.1011962890625 -0.102981567382812 -0.0457687377929687
0.529754638671875 0.017242431640625 -0.6134033203125 -0.3759765625
0.5399169921875 -0.035888671875 -0.658447265625 0.1878662109375
0.425201416015625 -0.2269287109375 -0.20330810546875 0.327850341796875
0.282562255859375 -0.30548095703125 0.06475830078125 0.0911865234375
0.07037353515625 -0.376495361328125 -0.0107421875 -0.146621704101563
-0.060882568359375 -0.363250732421875 -0.143997192382813 -0.19183349609375
-0.04278564453125 -0.338043212890625 -0.186233520507813 -0.142059326171875
-0.087005615234375 -0.373992919921875 -0.182205200195312 -0.209320068359375
-0.00927734375000003 -0.3719482421875 -0.116439819335937 -0.273818969726563
0.1353759765625 -0.38812255859375 0.00915527343750002 -0.283935546875
0.2646484375 -0.3511962890625 0.116943359375 -0.2890625
0.458221435546875 -0.15350341796875 0.278823852539063 -0.222518920898438
0.54864501953125 -0.087799072265625 0.28228759765625 -0.10345458984375
0.5777587890625 0.04095458984375 -0.1123046875 -0.0117645263671875
0.5885009765625 -0.05596923828125 0.0750503540039063 0.0235824584960937
0.462432861328125 -0.093597412109375 -0.498260498046875 -0.270843505859375
0.475738525390625 -0.055938720703125 -0.58746337890625 0.279052734375
0.434906005859375 -0.225189208984375 -0.17071533203125 0.4149169921875
0.328704833984375 -0.350860595703125 0.0621490478515625 0.19390869140625
0.071136474609375 -0.472381591796875 0.00305271148681641 -0.0103769302368164
-0.09454345703125 -0.437713623046875 -0.092437744140625 -0.0398483276367188
-0.070220947265625 -0.393890380859375 -0.126487731933594 -0.00244140625000004
-0.1080322265625 -0.435699462890625 -0.117340087890625 -0.0764923095703125
0.00259399414062497 -0.431396484375 -0.0767669677734375 -0.150253295898438
0.200958251953125 -0.431610107421875 0.0495452880859375 -0.191452026367188
0.3486328125 -0.332855224609375 0.1690673828125 -0.231781005859375
0.484222412109375 -0.063232421875 0.364013671875 -0.182342529296875
0.50030517578125 -0.044403076171875 0.4320068359375 -0.059661865234375
0.54290771484375 -0.0111083984375 0.076019287109375 0.06829833984375
0.4625244140625 -0.186737060546875 0.2506103515625 0.0678863525390625
0.299224853515625 -0.141387939453125 -0.352081298828125 -0.153778076171875
0.339019775390625 -0.0194091796875 -0.455841064453125 0.338592529296875
0.385833740234375 -0.167816162109375 -0.108489990234375 0.44970703125
0.31732177734375 -0.335235595703125 0.0563201904296875 0.275253295898438
0.05218505859375 -0.484100341796875 0.0258102416992188 0.13848876953125
-0.11614990234375 -0.43536376953125 -0.0170516967773438 0.124977111816406
-0.08636474609375 -0.388946533203125 -0.0460433959960938 0.137115478515625
-0.114654541015625 -0.433319091796875 -0.0428543090820313 0.0611610412597656
0.020599365234375 -0.426055908203125 -0.0338516235351563 -0.0177783966064453
0.243194580078125 -0.393310546875 0.0767974853515625 -0.0824356079101563
0.3753662109375 -0.234893798828125 0.204299926757813 -0.150543212890625
0.4071044921875 0.0489501953125 0.437103271484375 -0.114349365234375
0.359588623046875 -0.0096435546875 0.5679931640625 0.02618408203125
0.432373046875 -0.0819091796875 0.25103759765625 0.15423583984375
0.240814208984375 -0.258132934570313 0.387939453125 0.086029052734375
0.0928192138671875 -0.109916687011719 -0.202743530273437 -0.05145263671875
0.1834716796875 0.065887451171875 -0.311920166015625 0.34417724609375
0.306121826171875 -0.075836181640625 -0.054473876953125 0.42974853515625
0.263229370117188 -0.265518188476563 0.04290771484375 0.3262939453125
0.024871826171875 -0.412139892578125 0.05535888671875 0.269638061523438
-0.118255615234375 -0.3583984375 0.0697784423828125 0.268020629882813
-0.08935546875 -0.323516845703125 0.0418701171875 0.252670288085937
-0.105926513671875 -0.3701171875 0.02685546875 0.182952880859375
0.0352783203125 -0.362640380859375 -0.00267791748046876 0.104476928710937
0.246063232421875 -0.292999267578125 0.0748138427734375 0.0199356079101562
0.326416015625 -0.0919189453125 0.20599365234375 -0.070892333984375
0.233627319335938 0.134429931640625 0.478759765625 -0.033843994140625
0.150802612304688 -0.0169677734375 0.66534423828125 0.1435546875
0.266754150390625 -0.172714233398438 0.3824462890625 0.23028564453125
-0.0231170654296875 -0.267654418945313 0.460052490234375 0.08642578125
-0.0968246459960937 -0.032135009765625 -0.08685302734375 0.0184326171875
0.0415191650390625 0.152984619140625 -0.204620361328125 0.31292724609375
0.206893920898438 0.023681640625 -0.032073974609375 0.390167236328125
0.18121337890625 -0.161285400390625 0.022674560546875 0.3565673828125
0.0030059814453125 -0.27728271484375 0.087158203125 0.3643798828125
-0.093048095703125 -0.225601196289063 0.150543212890625 0.36456298828125
-0.07940673828125 -0.210342407226563 0.121551513671875 0.325592041015625
-0.0866241455078125 -0.258468627929688 0.08221435546875 0.273284912109375
0.0391387939453125 -0.259414672851563 0.0131072998046875 0.199874877929687
0.203170776367188 -0.167144775390625 0.0443496704101563 0.0923690795898437
0.209426879882813 0.0395355224609375 0.182968139648437 -0.023101806640625
0.00994873046875 0.148101806640625 0.505279541015625 0.02667236328125
-0.0724334716796875 -0.08203125 0.71893310546875 0.26348876953125
0.07763671875 -0.270248413085938 0.458892822265625 0.27337646484375
0.12969970703125 0.3338623046875 -0.419525146484375 -0.256011962890625
0.267730712890625 0.102783203125 -0.74835205078125 -0.369140625
0.178268432617188 -0.091583251953125 -0.508575439453125 0.0477294921875
-0.0152435302734375 -0.10540771484375 -0.147781372070313 0.0660400390625
-0.09149169921875 0.0111236572265625 0.0190048217773438 -0.104804992675781
-0.0130462646484375 0.117698669433594 -0.040863037109375 -0.2509765625
0.0559158325195313 0.0832595825195313 -0.14971923828125 -0.3343505859375
0.0556907653808594 0.0608482360839844 -0.184295654296875 -0.343841552734375
0.0582122802734375 0.0772781372070313 -0.206390380859375 -0.380889892578125
-0.0021514892578125 0.088714599609375 -0.116943359375 -0.409027099609375
-0.10052490234375 0.0442352294921875 -0.06201171875 -0.36968994140625
-0.0934066772460938 -0.101150512695312 0.00991821289062502 -0.33221435546875
0.0900726318359375 -0.195632934570313 0.137954711914063 -0.27264404296875
0.275558471679688 -0.0593719482421875 0.059051513671875 -0.0945663452148437
0.2041015625 0.160507202148438 -0.4609375 -0.157012939453125
0.3203125 0.317291259765625 -0.359588623046875 -0.2056884765625
0.394927978515625 0.1448974609375 -0.7366943359375 -0.420654296875
0.363739013671875 -0.03851318359375 -0.5731201171875 0.06756591796875
0.165298461914063 -0.155715942382813 -0.15789794921875 0.124481201171875
0.0351333618164063 -0.1041259765625 0.0510482788085937 -0.0806732177734375
0.00883865356445313 -0.04376220703125 -0.0350799560546875 -0.270156860351563
0.0146484375 -0.07086181640625 -0.17578125 -0.33782958984375
0.02166748046875 -0.0883407592773438 -0.21844482421875 -0.316375732421875
0.0027618408203125 -0.0933990478515625 -0.23486328125 -0.36480712890625
-0.0069122314453125 -0.0835723876953125 -0.141632080078125 -0.404876708984375
-0.0239334106445312 -0.112541198730469 -0.052276611328125 -0.367340087890625
0.0212249755859375 -0.199569702148438 0.03125 -0.322296142578125
0.220870971679688 -0.212066650390625 0.1456298828125 -0.250045776367188
0.407073974609375 -0.10675048828125 0.0707778930664063 -0.110145568847656
0.39300537109375 0.117767333984375 -0.401763916015625 -0.115386962890625
0.48236083984375 0.232086181640625 -0.253204345703125 -0.125350952148437
0.48419189453125 0.107208251953125 -0.6922607421875 -0.41595458984375
0.489715576171875 -0.020843505859375 -0.62994384765625 0.11871337890625
0.318267822265625 -0.19635009765625 -0.182281494140625 0.217422485351563
0.167800903320313 -0.213882446289063 0.0649604797363281 -0.01318359375
0.0378265380859375 -0.214019775390625 -0.02862548828125 -0.235946655273437
-0.02813720703125 -0.223342895507813 -0.1766357421875 -0.285888671875
-0.0151824951171875 -0.224655151367188 -0.218154907226563 -0.240997314453125
-0.05230712890625 -0.245574951171875 -0.227020263671875 -0.2987060546875
-0.0157318115234375 -0.240097045898438 -0.14385986328125 -0.3531494140625
0.049041748046875 -0.265090942382813 -0.033294677734375 -0.33563232421875
0.1397705078125 -0.29193115234375 0.063629150390625 -0.3106689453125
0.3472900390625 -0.20208740234375 0.19207763671875 -0.239486694335937
0.49835205078125 -0.12188720703125 0.1453857421875 -0.117218017578125
0.51922607421875 0.073211669921875 -0.278656005859375 -0.0648040771484375
0.57843017578125 0.0906982421875 -0.104072570800781 -0.043609619140625
0.51220703125 0.005767822265625 -0.6136474609375 -0.35247802734375
0.528717041015625 -0.048736572265625 -0.63714599609375 0.20379638671875
0.406646728515625 -0.23150634765625 -0.188690185546875 0.324188232421875
0.26898193359375 -0.304534912109375 0.0673828125 0.0828781127929687
0.057098388671875 -0.365478515625 -0.0204315185546875 -0.145584106445313
-0.071441650390625 -0.350494384765625 -0.151596069335938 -0.179733276367188
-0.05047607421875 -0.327911376953125 -0.186538696289063 -0.128372192382813
-0.095794677734375 -0.360595703125 -0.185714721679688 -0.193695068359375
-0.01904296875 -0.35894775390625 -0.120880126953125 -0.260528564453125
0.119293212890625 -0.379364013671875 0.00216674804687499 -0.275741577148438
0.249237060546875 -0.349090576171875 0.10882568359375 -0.28302001953125
0.44561767578125 -0.16064453125 0.266311645507813 -0.2247314453125
0.533477783203125 -0.102935791015625 0.269500732421875 -0.1094970703125
0.568603515625 0.02972412109375 -0.110076904296875 -0.00286865234375001
0.5712890625 -0.06622314453125 0.0733718872070313 0.0208969116210937
0.446044921875 -0.101593017578125 -0.497772216796875 -0.251953125
0.465667724609375 -0.06573486328125 -0.56585693359375 0.2891845703125
0.41851806640625 -0.231292724609375 -0.154052734375 0.407745361328125
0.311492919921875 -0.351409912109375 0.06634521484375 0.183486938476562
0.0543212890625 -0.459869384765625 -0.00377178192138672 -0.0130758285522461
-0.1087646484375 -0.422088623046875 -0.0961380004882813 -0.0333480834960938
-0.078277587890625 -0.3822021484375 -0.123451232910156 0.00662231445312497
-0.122344970703125 -0.418670654296875 -0.118331909179688 -0.0667190551757813
-0.010040283203125 -0.41790771484375 -0.077850341796875 -0.140838623046875
0.181121826171875 -0.42425537109375 0.0435943603515625 -0.18621826171875
0.331451416015625 -0.332305908203125 0.160934448242188 -0.228759765625
0.474853515625 -0.07330322265625 0.35162353515625 -0.188568115234375
0.487823486328125 -0.058868408203125 0.41790771484375 -0.070465087890625
0.53125 -0.02154541015625 0.0761947631835938 0.0700912475585938
0.4449462890625 -0.19097900390625 0.248336791992188 0.058319091796875
0.28607177734375 -0.144073486328125 -0.350616455078125 -0.141204833984375
0.33453369140625 -0.02569580078125 -0.435699462890625 0.343963623046875
0.372650146484375 -0.17401123046875 -0.092376708984375 0.437744140625
0.300994873046875 -0.337188720703125 0.0623779296875 0.263656616210937
0.03546142578125 -0.47052001953125 0.0223236083984375 0.131187438964844
-0.129150390625 -0.419342041015625 -0.0168991088867188 0.125640869140625
-0.0965576171875 -0.3759765625 -0.0398712158203125 0.139999389648437
-0.12841796875 -0.416595458984375 -0.0408554077148438 0.0637931823730468
0.00659179687499998 -0.413818359375 -0.0324993133544922 -0.0124073028564453
0.222564697265625 -0.390167236328125 0.0729217529296875 -0.0805206298828125
0.359466552734375 -0.2369384765625 0.196563720703125 -0.15020751953125
0.40179443359375 0.0382080078125 0.42279052734375 -0.121337890625
0.34942626953125 -0.01904296875 0.555755615234375 0.0115966796875
0.420074462890625 -0.089202880859375 0.249740600585938 0.149703979492188
0.225738525390625 -0.255813598632813 0.384674072265625 0.07171630859375
0.0864410400390625 -0.108993530273438 -0.2001953125 -0.045867919921875
0.185012817382813 0.061737060546875 -0.294281005859375 0.346099853515625
0.298095703125 -0.081573486328125 -0.04034423828125 0.418609619140625
0.250808715820313 -0.269393920898438 0.0494384765625 0.314544677734375
0.009246826171875 -0.401763916015625 0.05517578125 0.259521484375
-0.129425048828125 -0.34613037109375 0.07318115234375 0.26165771484375
-0.098663330078125 -0.312103271484375 0.0493316650390625 0.2489013671875
-0.119293212890625 -0.354034423828125 0.03118896484375 0.17919921875
0.02203369140625 -0.354034423828125 0.00104522705078125 0.1060791015625
0.228424072265625 -0.29339599609375 0.0731582641601563 0.0196609497070312
0.317718505859375 -0.098236083984375 0.200347900390625 -0.071441650390625
0.234130859375 0.127685546875 0.465667724609375 -0.044677734375
0.144363403320313 -0.0197296142578125 0.6552734375 0.1248779296875
0.255294799804687 -0.17498779296875 0.380126953125 0.21875
-0.031951904296875 -0.258987426757813 0.457611083984375 0.067291259765625
-0.0963668823242188 -0.0291824340820312 -0.083160400390625 0.0190811157226563
0.04852294921875 0.150588989257813 -0.190460205078125 0.312103271484375
0.205093383789063 0.0164947509765625 -0.0208740234375 0.378936767578125
0.17315673828125 -0.165084838867188 0.030029296875 0.3450927734375
-0.00810241699218752 -0.270523071289062 0.09075927734375 0.35125732421875
-0.100418090820312 -0.217819213867188 0.1566162109375 0.3524169921875
-0.08538818359375 -0.203048706054688 0.128265380859375 0.316650390625
-0.0966796875 -0.247482299804688 0.088653564453125 0.265487670898438
0.02777099609375 -0.254714965820313 0.0186004638671875 0.197662353515625
0.190704345703125 -0.170913696289063 0.0453414916992188 0.0915985107421875
0.20660400390625 0.0332794189453125 0.177276611328125 -0.0250396728515625
0.014617919921875 0.146224975585938 0.492340087890625 0.015167236328125
-0.075286865234375 -0.0771560668945313 0.71124267578125 0.2418212890625
0.0681304931640625 -0.26641845703125 0.454925537109375 0.25970458984375
0.1361083984375 0.338409423828125 -0.424530029296875 -0.256439208984375
0.26361083984375 0.0992584228515625 -0.7552490234375 -0.36126708984375
0.1734619140625 -0.0955810546875 -0.50384521484375 0.0538330078125
-0.0182113647460937 -0.1051025390625 -0.144805908203125 0.06439208984375
-0.0930328369140625 0.0153045654296875 0.0173568725585937 -0.107650756835938
-0.01055908203125 0.121711730957031 -0.0452880859375 -0.248825073242188
0.0600128173828125 0.0843429565429688 -0.1568603515625 -0.329559326171875
0.0589103698730469 0.0612258911132813 -0.190673828125 -0.33807373046875
0.0620193481445313 0.076385498046875 -0.210601806640625 -0.3748779296875
0.00147247314453124 0.090576171875 -0.119049072265625 -0.405853271484375
-0.0980911254882812 0.0500411987304688 -0.063446044921875 -0.365081787109375
-0.0957107543945313 -0.097747802734375 0.00753784179687497 -0.3291015625
0.0850372314453125 -0.198867797851563 0.13250732421875 -0.273635864257812
0.272171020507813 -0.067657470703125 0.055938720703125 -0.0959014892578125
0.206161499023438 0.15997314453125 -0.46270751953125 -0.14654541015625
0.324737548828125 0.3192138671875 -0.364959716796875 -0.204376220703125
0.3912353515625 0.138427734375 -0.74432373046875 -0.41204833984375
0.361114501953125 -0.043487548828125 -0.567626953125 0.0738525390625
0.159805297851562 -0.157135009765625 -0.154708862304688 0.123046875
0.0327224731445313 -0.101112365722656 0.0501708984375 -0.0840072631835937
0.00918960571289062 -0.0381011962890625 -0.0415191650390625 -0.268463134765625
0.0159988403320313 -0.0677871704101563 -0.184417724609375 -0.332183837890625
0.02294921875 -0.0873489379882813 -0.224273681640625 -0.309967041015625
0.00265502929687499 -0.0921401977539063 -0.238861083984375 -0.3568115234375
-0.00579071044921875 -0.08026123046875 -0.14520263671875 -0.4010009765625
-0.0244216918945312 -0.108184814453125 -0.054351806640625 -0.362548828125
0.017974853515625 -0.197540283203125 0.029998779296875 -0.319244384765625
0.216064453125 -0.21533203125 0.141036987304687 -0.252410888671875
0.402496337890625 -0.115478515625 0.0664825439453125 -0.111709594726563
0.3956298828125 0.115234375 -0.40350341796875 -0.10589599609375
0.48309326171875 0.232421875 -0.256423950195312 -0.124465942382812
0.48052978515625 0.104705810546875 -0.701904296875 -0.40582275390625
0.48968505859375 -0.02569580078125 -0.62603759765625 0.12640380859375
0.312652587890625 -0.19854736328125 -0.176712036132812 0.21630859375
0.163314819335938 -0.212020874023437 0.0657997131347656 -0.0182418823242188
0.0347900390625 -0.207687377929688 -0.0360565185546875 -0.235931396484375
-0.030731201171875 -0.2191162109375 -0.186248779296875 -0.280303955078125
-0.016265869140625 -0.222488403320313 -0.223159790039063 -0.233612060546875
-0.0555267333984375 -0.241912841796875 -0.232269287109375 -0.289398193359375
-0.017547607421875 -0.236297607421875 -0.14813232421875 -0.34759521484375
0.0455474853515625 -0.261016845703125 -0.035247802734375 -0.33233642578125
0.13580322265625 -0.291473388671875 0.0618896484375 -0.308929443359375
0.34466552734375 -0.2061767578125 0.187408447265625 -0.242630004882813
0.493316650390625 -0.130767822265625 0.140045166015625 -0.119651794433594
0.521331787109375 0.068328857421875 -0.2794189453125 -0.056854248046875
0.5791015625 0.08978271484375 -0.105499267578125 -0.0424041748046875
0.508392333984375 0.001800537109375 -0.6240234375 -0.34320068359375
0.528900146484375 -0.054931640625 -0.63134765625 0.2099609375
0.401519775390625 -0.235107421875 -0.181488037109375 0.322662353515625
0.26385498046875 -0.305389404296875 0.0689010620117188 0.0768814086914063
0.050933837890625 -0.35992431640625 -0.0280303955078125 -0.147323608398438
-0.07781982421875 -0.344970703125 -0.158889770507813 -0.174118041992188
-0.054107666015625 -0.325408935546875 -0.1885986328125 -0.1201171875
-0.103302001953125 -0.354583740234375 -0.189224243164062 -0.185791015625
-0.0234375 -0.35528564453125 -0.1236572265625 -0.254501342773438
0.111968994140625 -0.377349853515625 -0.00030517578125002 -0.272613525390625
0.2440185546875 -0.350189208984375 0.10797119140625 -0.2823486328125
0.4451904296875 -0.16534423828125 0.262039184570313 -0.22802734375
0.528472900390625 -0.111724853515625 0.265090942382813 -0.113082885742187
0.56988525390625 0.02349853515625 -0.110298156738281 0.003448486328125
0.5694580078125 -0.0670166015625 0.0740203857421875 0.0192947387695313
0.441619873046875 -0.1038818359375 -0.505340576171875 -0.246124267578125
0.467254638671875 -0.0716552734375 -0.560028076171875 0.297210693359375
0.413543701171875 -0.233551025390625 -0.14697265625 0.405609130859375
0.30908203125 -0.354461669921875 0.0689849853515625 0.176956176757813
0.046112060546875 -0.454803466796875 -0.0113143920898437 -0.0159702301025391
-0.117156982421875 -0.41717529296875 -0.10089111328125 -0.0290451049804688
-0.08447265625 -0.379180908203125 -0.122352600097656 0.0137100219726562
-0.131317138671875 -0.411407470703125 -0.119529724121094 -0.0607986450195313
-0.01568603515625 -0.41461181640625 -0.0793075561523438 -0.13543701171875
0.17303466796875 -0.423797607421875 0.042144775390625 -0.183837890625
0.32708740234375 -0.335479736328125 0.159881591796875 -0.228408813476563
0.4761962890625 -0.078582763671875 0.3480224609375 -0.192474365234375
0.48394775390625 -0.0675048828125 0.41265869140625 -0.074249267578125
0.53314208984375 -0.02630615234375 0.077972412109375 0.07489013671875
0.44158935546875 -0.192474365234375 0.2506103515625 0.0541839599609375
0.28192138671875 -0.1461181640625 -0.354522705078125 -0.13726806640625
0.33734130859375 -0.02880859375 -0.430267333984375 0.351226806640625
0.369354248046875 -0.1785888671875 -0.085479736328125 0.433868408203125
0.29852294921875 -0.34210205078125 0.0650787353515625 0.256591796875
0.0252685546875 -0.469085693359375 0.0163955688476562 0.128120422363281
-0.13995361328125 -0.415740966796875 -0.0179214477539063 0.127227783203125
-0.102325439453125 -0.37335205078125 -0.0355224609375 0.144683837890625
-0.138580322265625 -0.408905029296875 -0.040252685546875 0.0677452087402343
0.000396728515624969 -0.410675048828125 -0.0320281982421875 -0.00800514221191408
0.214752197265625 -0.389312744140625 0.0718307495117188 -0.079498291015625
0.35614013671875 -0.2412109375 0.196563720703125 -0.150482177734375
0.405029296875 0.034637451171875 0.420440673828125 -0.12677001953125
0.345794677734375 -0.023773193359375 0.554290771484375 0.0059814453125
0.419219970703125 -0.09246826171875 0.251449584960937 0.151840209960937
0.220703125 -0.255325317382813 0.388427734375 0.063690185546875
0.083343505859375 -0.109756469726562 -0.201263427734375 -0.0445404052734375
0.19000244140625 0.0617523193359375 -0.288238525390625 0.350189208984375
0.298492431640625 -0.08544921875 -0.0334472656249999 0.41387939453125
0.248947143554688 -0.274612426757813 0.0516357421875 0.308837890625
0.000335693359375006 -0.40032958984375 0.05133056640625 0.256210327148438
-0.138153076171875 -0.3416748046875 0.075286865234375 0.260986328125
-0.104034423828125 -0.309326171875 0.0551300048828125 0.249771118164062
-0.12823486328125 -0.34735107421875 0.0340423583984375 0.180450439453125
0.0137939453125 -0.35260009765625 0.00302886962890624 0.108352661132812
0.221832275390625 -0.296112060546875 0.0734024047851563 0.02056884765625
0.31634521484375 -0.100982666015625 0.199462890625 -0.072174072265625
0.237106323242188 0.126846313476563 0.463470458984375 -0.048736572265625
0.141250610351562 -0.02166748046875 0.6551513671875 0.1177978515625
0.252182006835938 -0.175888061523438 0.38372802734375 0.220306396484375
-0.03741455078125 -0.255477905273438 0.46075439453125 0.056732177734375
-0.0972747802734375 -0.0291061401367188 -0.0817794799804688 0.0178375244140625
0.054412841796875 0.151748657226563 -0.1844482421875 0.31646728515625
0.20697021484375 0.01226806640625 -0.014801025390625 0.37432861328125
0.170822143554687 -0.169662475585938 0.032470703125 0.340667724609375
-0.0150299072265625 -0.2701416015625 0.088958740234375 0.347625732421875
-0.108184814453125 -0.215377807617188 0.161712646484375 0.349456787109375
-0.0898284912109375 -0.199539184570312 0.1353759765625 0.313720703125
-0.104354858398438 -0.2420654296875 0.093994140625 0.263824462890625
0.0203857421875 -0.255645751953125 0.022216796875 0.201034545898437
0.186019897460937 -0.1749267578125 0.0464248657226563 0.0936965942382812
0.2086181640625 0.0306243896484375 0.176498413085938 -0.024871826171875
0.018707275390625 0.148666381835938 0.490264892578125 0.00894165039062501
-0.0783615112304688 -0.07513427734375 0.71356201171875 0.236083984375
0.064208984375 -0.266143798828125 0.457305908203125 0.258819580078125
0.149627685546875 0.349700927734375 -0.44110107421875 -0.255462646484375
0.268402099609375 0.0964508056640625 -0.7840576171875 -0.35186767578125
0.172821044921875 -0.101547241210937 -0.509063720703125 0.0639038085937499
-0.0226821899414063 -0.106636047363281 -0.14508056640625 0.065673828125
-0.0952682495117188 0.0217056274414062 0.0150146484375 -0.112739562988281
-0.00514984130859375 0.129280090332031 -0.0526275634765625 -0.251251220703125
0.06719970703125 0.0867156982421875 -0.171478271484375 -0.331268310546875
0.0652732849121094 0.0624618530273438 -0.205718994140625 -0.339569091796875
0.068267822265625 0.076751708984375 -0.222686767578125 -0.376708984375
0.00622558593750001 0.094940185546875 -0.129547119140625 -0.4112548828125
-0.0967330932617187 0.0573577880859375 -0.06817626953125 -0.369293212890625
-0.100639343261719 -0.0965042114257813 0.00338745117187503 -0.334747314453125
0.0785675048828125 -0.207061767578125 0.1273193359375 -0.28277587890625
0.2742919921875 -0.078643798828125 0.052459716796875 -0.0989608764648438
0.215499877929688 0.161590576171875 -0.478424072265625 -0.135986328125
0.34039306640625 0.327301025390625 -0.37847900390625 -0.203704833984375
0.399078369140625 0.1368408203125 -0.77325439453125 -0.40655517578125
0.36663818359375 -0.052093505859375 -0.57525634765625 0.08624267578125
0.156936645507813 -0.163482666015625 -0.152923583984375 0.125198364257813
0.0303726196289063 -0.100059509277344 0.0502243041992188 -0.091217041015625
0.01068115234375 -0.0329418182373047 -0.050689697265625 -0.273162841796875
0.0170936584472656 -0.06707763671875 -0.1995849609375 -0.33154296875
0.0238113403320313 -0.0886154174804688 -0.237457275390625 -0.3077392578125
0.00296783447265625 -0.0926132202148438 -0.25335693359375 -0.355682373046875
-0.00544738769531251 -0.07940673828125 -0.156036376953125 -0.405853271484375
-0.0259857177734375 -0.106132507324219 -0.059661865234375 -0.366943359375
0.01336669921875 -0.201156616210937 0.025390625 -0.325531005859375
0.214569091796875 -0.225875854492188 0.136123657226563 -0.260910034179687
0.406219482421875 -0.12982177734375 0.0617446899414063 -0.115859985351563
0.408782958984375 0.11236572265625 -0.414459228515625 -0.0949096679687501
0.500518798828125 0.234771728515625 -0.26654052734375 -0.12164306640625
0.488525390625 0.100067138671875 -0.729736328125 -0.39971923828125
0.49908447265625 -0.038116455078125 -0.635009765625 0.14080810546875
0.31201171875 -0.20831298828125 -0.174606323242188 0.222213745117188
0.162521362304688 -0.218215942382813 0.0673561096191406 -0.0251197814941406
0.0328521728515625 -0.206832885742188 -0.0473480224609375 -0.24072265625
-0.0354461669921875 -0.219223022460938 -0.202117919921875 -0.2783203125
-0.0207061767578125 -0.226242065429688 -0.234115600585938 -0.228515625
-0.0620880126953125 -0.243743896484375 -0.24444580078125 -0.286041259765625
-0.0217437744140625 -0.23846435546875 -0.15826416015625 -0.349578857421875
0.040863037109375 -0.263839721679688 -0.040435791015625 -0.337432861328125
0.13153076171875 -0.2998046875 0.059295654296875 -0.315277099609375
0.34820556640625 -0.21929931640625 0.184860229492188 -0.251480102539063
0.4989013671875 -0.148468017578125 0.136711120605469 -0.125434875488281
0.537841796875 0.063232421875 -0.286163330078125 -0.0474853515625
0.5941162109375 0.08575439453125 -0.109077453613281 -0.04150390625
0.516204833984375 -0.004638671875 -0.6494140625 -0.337890625
0.541534423828125 -0.067596435546875 -0.64080810546875 0.2286376953125
0.402923583984375 -0.24798583984375 -0.17724609375 0.331146240234375
0.263641357421875 -0.318817138671875 0.07244873046875 0.0715103149414062
0.044403076171875 -0.363555908203125 -0.0387420654296875 -0.1507568359375
-0.088226318359375 -0.346923828125 -0.171615600585938 -0.170242309570312
-0.061798095703125 -0.329986572265625 -0.194412231445313 -0.1124267578125
-0.115875244140625 -0.3553466796875 -0.1982421875 -0.1810302734375
-0.030670166015625 -0.358734130859375 -0.130584716796875 -0.25408935546875
0.104278564453125 -0.384765625 -0.00375366210937497 -0.276168823242187
0.241241455078125 -0.36151123046875 0.107269287109375 -0.290435791015625
0.454681396484375 -0.18115234375 0.261032104492188 -0.239593505859375
0.534423828125 -0.128326416015625 0.2645263671875 -0.120635986328125
0.58453369140625 0.01611328125 -0.111099243164062 0.0118331909179687
0.5804443359375 -0.075439453125 0.0771713256835938 0.0182037353515625
0.444488525390625 -0.111602783203125 -0.523895263671875 -0.24072265625
0.479522705078125 -0.0814208984375 -0.56451416015625 0.31683349609375
0.415130615234375 -0.2474365234375 -0.139190673828125 0.415435791015625
0.308319091796875 -0.370758056640625 0.0740814208984375 0.173294067382812
0.03680419921875 -0.46173095703125 -0.0197944641113281 -0.0166473388671875
-0.1322021484375 -0.4190673828125 -0.108779907226563 -0.0239181518554688
-0.09576416015625 -0.384185791015625 -0.122573852539063 0.0215835571289063
-0.145599365234375 -0.412628173828125 -0.123779296875 -0.0545730590820313
-0.027618408203125 -0.420257568359375 -0.0832748413085938 -0.132881164550781
0.16546630859375 -0.435638427734375 0.0403594970703125 -0.186599731445313
0.3258056640625 -0.348388671875 0.161529541015625 -0.2354736328125
0.487762451171875 -0.092010498046875 0.34918212890625 -0.20458984375
0.490081787109375 -0.079986572265625 0.419189453125 -0.083892822265625
0.5458984375 -0.034210205078125 0.0830001831054688 0.0809402465820313
0.446624755859375 -0.20184326171875 0.259750366210938 0.0487213134765625
0.28204345703125 -0.153289794921875 -0.366668701171875 -0.133453369140625
0.347930908203125 -0.03619384765625 -0.430267333984375 0.368255615234375
0.374176025390625 -0.190338134765625 -0.076141357421875 0.442047119140625
0.299591064453125 -0.358612060546875 0.0697479248046875 0.255996704101563
0.013824462890625 -0.47613525390625 0.0115509033203125 0.128700256347656
-0.157135009765625 -0.418243408203125 -0.0186233520507813 0.132400512695312
-0.11651611328125 -0.37725830078125 -0.030181884765625 0.151611328125
-0.1531982421875 -0.40814208984375 -0.0395355224609375 0.0730438232421875
-0.01177978515625 -0.4171142578125 -0.0321044921875 -0.00385093688964846
0.20806884765625 -0.401763916015625 0.073150634765625 -0.0797958374023438
0.359405517578125 -0.2537841796875 0.199813842773438 -0.156753540039063
0.418060302734375 0.026885986328125 0.42572021484375 -0.139190673828125
0.3507080078125 -0.032012939453125 0.56427001953125 -0.00506591796875
0.428680419921875 -0.1009521484375 0.26263427734375 0.156219482421875
0.218734741210938 -0.262542724609375 0.402252197265625 0.052978515625
0.08026123046875 -0.112960815429688 -0.206298828125 -0.0430145263671875
0.199676513671875 0.0594635009765625 -0.285491943359375 0.367156982421875
0.305267333984375 -0.095001220703125 -0.02459716796875 0.419189453125
0.248748779296875 -0.28936767578125 0.05706787109375 0.3104248046875
-0.0111083984375 -0.407806396484375 0.050140380859375 0.258895874023438
-0.1539306640625 -0.344146728515625 0.08111572265625 0.265701293945313
-0.115936279296875 -0.3128662109375 0.065277099609375 0.255599975585937
-0.1427001953125 -0.3468017578125 0.039764404296875 0.1846923828125
0.00317382812499997 -0.35955810546875 0.00642395019531249 0.114219665527344
0.2169189453125 -0.307647705078125 0.0757675170898438 0.0220794677734375
0.32208251953125 -0.109649658203125 0.203445434570313 -0.0765838623046875
0.248550415039062 0.125152587890625 0.470977783203125 -0.059814453125
0.140625 -0.024169921875 0.67230224609375 0.1092529296875
0.25439453125 -0.18450927734375 0.397857666015625 0.22314453125
-0.045745849609375 -0.2578125 0.47564697265625 0.043670654296875
-0.102012634277344 -0.028076171875 -0.0813674926757812 0.0172576904296875
0.063201904296875 0.154586791992188 -0.180206298828125 0.3284912109375
0.214569091796875 0.00689697265625 -0.00729370117187496 0.3790283203125
0.171554565429688 -0.179733276367188 0.036956787109375 0.344482421875
-0.024749755859375 -0.275466918945313 0.09149169921875 0.35296630859375
-0.11932373046875 -0.21630859375 0.173919677734375 0.351531982421875
-0.098846435546875 -0.201004028320313 0.147979736328125 0.317413330078125
-0.115570068359375 -0.240676879882813 0.103759765625 0.267669677734375
0.01025390625 -0.261932373046875 0.0288848876953125 0.207916259765625
0.182891845703125 -0.184646606445313 0.0494155883789063 0.097564697265625
0.215408325195313 0.0258636474609375 0.179855346679688 -0.0274505615234375
0.0244903564453125 0.153579711914063 0.500732421875 -0.00131225585937499
-0.084320068359375 -0.0742416381835937 0.73480224609375 0.228759765625
0.0588836669921875 -0.273284912109375 0.473602294921875 0.259307861328125
0.1763916015625 0.359710693359375 -0.46826171875 -0.246551513671875
0.277008056640625 0.089324951171875 -0.8270263671875 -0.3272705078125
0.170745849609375 -0.112945556640625 -0.516632080078125 0.08746337890625
-0.0300827026367188 -0.108680725097656 -0.14544677734375 0.0709228515625
-0.097869873046875 0.0300521850585938 0.0101165771484375 -0.118995666503906
0.00428771972656251 0.137092590332031 -0.0653533935546875 -0.254669189453125
0.0782089233398438 0.08709716796875 -0.194915771484375 -0.33026123046875
0.074188232421875 0.0606613159179687 -0.230194091796875 -0.33599853515625
0.077880859375 0.0757522583007813 -0.2479248046875 -0.37603759765625
0.0140151977539062 0.099578857421875 -0.15081787109375 -0.41961669921875
-0.0948867797851563 0.0672607421875 -0.082794189453125 -0.374298095703125
-0.110000610351563 -0.0937118530273438 -0.010833740234375 -0.34356689453125
0.067108154296875 -0.218093872070313 0.1151123046875 -0.296630859375
0.276443481445313 -0.0968170166015625 0.0475997924804688 -0.104400634765625
0.231460571289063 0.15863037109375 -0.5 -0.11358642578125
0.371063232421875 0.3292236328125 -0.40057373046875 -0.194061279296875
0.413299560546875 0.12841796875 -0.8199462890625 -0.38226318359375
0.3743896484375 -0.071563720703125 -0.58673095703125 0.11285400390625
0.151321411132812 -0.17462158203125 -0.150665283203125 0.133651733398438
0.0266799926757812 -0.101356506347656 0.0476150512695312 -0.0997161865234375
0.0136070251464844 -0.0291690826416016 -0.0672607421875 -0.278152465820313
0.0182685852050781 -0.0662956237792969 -0.225830078125 -0.329132080078125
0.023834228515625 -0.0916519165039063 -0.260711669921875 -0.302459716796875
0.00131988525390626 -0.0941238403320313 -0.277435302734375 -0.35150146484375
-0.00637817382812499 -0.0795974731445312 -0.17779541015625 -0.409149169921875
-0.0300064086914063 -0.10443115234375 -0.074493408203125 -0.3736572265625
0.0037384033203125 -0.206756591796875 0.013519287109375 -0.336151123046875
0.207992553710938 -0.244293212890625 0.125595092773438 -0.2745361328125
0.40802001953125 -0.156463623046875 0.05548095703125 -0.121780395507813
0.428680419921875 0.099273681640625 -0.432464599609375 -0.0746459960937501
0.529754638671875 0.2279052734375 -0.28045654296875 -0.113296508789062
0.50518798828125 0.087493896484375 -0.7740478515625 -0.37786865234375
0.512481689453125 -0.061920166015625 -0.6448974609375 0.17303466796875
0.3094482421875 -0.227264404296875 -0.167861938476563 0.23394775390625
0.157333374023438 -0.230255126953125 0.0682106018066407 -0.0334663391113281
0.02728271484375 -0.208450317382813 -0.0647125244140625 -0.245941162109375
-0.0451812744140625 -0.220413208007813 -0.225692749023438 -0.2730712890625
-0.0290985107421875 -0.230712890625 -0.252197265625 -0.21875
-0.074066162109375 -0.2451171875 -0.2667236328125 -0.2784423828125
-0.031646728515625 -0.241958618164063 -0.177581787109375 -0.350311279296875
0.0303192138671875 -0.270660400390625 -0.053497314453125 -0.343597412109375
0.12103271484375 -0.314117431640625 0.049530029296875 -0.327911376953125
0.3485107421875 -0.245208740234375 0.176239013671875 -0.267807006835938
0.50341796875 -0.17919921875 0.131248474121094 -0.134918212890625
0.559234619140625 0.041748046875 -0.296905517578125 -0.030609130859375
0.61859130859375 0.0689697265625 -0.113441467285156 -0.036956787109375
0.5294189453125 -0.02264404296875 -0.688232421875 -0.31640625
0.557464599609375 -0.095123291015625 -0.64642333984375 0.2652587890625
0.402069091796875 -0.271728515625 -0.165435791015625 0.346435546875
0.25848388671875 -0.340362548828125 0.0774612426757813 0.0651321411132812
0.029876708984375 -0.370574951171875 -0.0536956787109375 -0.152557373046875
-0.107452392578125 -0.348297119140625 -0.18975830078125 -0.162994384765625
-0.078826904296875 -0.335235595703125 -0.204910278320312 -0.10211181640625
-0.13519287109375 -0.356689453125 -0.213607788085938 -0.172286987304688
-0.04827880859375 -0.364288330078125 -0.145782470703125 -0.25250244140625
0.08868408203125 -0.3994140625 -0.014556884765625 -0.282806396484375
0.231231689453125 -0.384063720703125 0.099700927734375 -0.3037109375
0.461090087890625 -0.209503173828125 0.255416870117188 -0.259017944335938
0.54168701171875 -0.158660888671875 0.2635498046875 -0.13623046875
0.60791015625 -0.007568359375 -0.112258911132812 0.02227783203125
0.59649658203125 -0.0980224609375 0.0821151733398438 0.0144805908203125
0.451934814453125 -0.13067626953125 -0.553863525390625 -0.223358154296875
0.493499755859375 -0.10711669921875 -0.56585693359375 0.3531494140625
0.41754150390625 -0.27325439453125 -0.122314453125 0.4296875
0.30169677734375 -0.398345947265625 0.0826568603515625 0.170196533203125
0.01580810546875 -0.473480224609375 -0.0295772552490234 -0.0169143676757813
-0.159088134765625 -0.420989990234375 -0.116874694824219 -0.01531982421875
-0.117523193359375 -0.38922119140625 -0.122627258300781 0.03192138671875
-0.172088623046875 -0.41229248046875 -0.130538940429688 -0.0467758178710938
-0.047943115234375 -0.428131103515625 -0.0904998779296875 -0.128990173339844
0.14788818359375 -0.452850341796875 0.035491943359375 -0.191146850585938
0.31988525390625 -0.375518798828125 0.157791137695313 -0.250350952148438
0.502777099609375 -0.11859130859375 0.34722900390625 -0.226837158203125
0.49664306640625 -0.107513427734375 0.423736572265625 -0.10565185546875
0.565185546875 -0.05682373046875 0.0916595458984375 0.0843429565429688
0.4512939453125 -0.2232666015625 0.273040771484375 0.0354766845703125
0.281829833984375 -0.167266845703125 -0.385711669921875 -0.12139892578125
0.360931396484375 -0.054046630859375 -0.424896240234375 0.40045166015625
0.377685546875 -0.21282958984375 -0.05670166015625 0.455474853515625
0.292388916015625 -0.38641357421875 0.08172607421875 0.255935668945313
-0.00827026367187504 -0.488616943359375 0.00880432128906249 0.133392333984375
-0.186065673828125 -0.41815185546875 -0.0159988403320313 0.139335632324219
-0.137420654296875 -0.3807373046875 -0.0206756591796875 0.16021728515625
-0.1798095703125 -0.4072265625 -0.0362701416015625 0.0800552368164062
-0.035064697265625 -0.42645263671875 -0.0320072174072266 0.00149726867675779
0.19207763671875 -0.42315673828125 0.0735626220703125 -0.0834426879882813
0.359832763671875 -0.2774658203125 0.200271606445313 -0.17083740234375
0.435394287109375 0.007904052734375 0.42840576171875 -0.16424560546875
0.354705810546875 -0.04962158203125 0.57891845703125 -0.03070068359375
0.43798828125 -0.11932373046875 0.2806396484375 0.154144287109375
0.2125244140625 -0.276702880859375 0.419403076171875 0.032257080078125
0.0755386352539063 -0.118133544921875 -0.215118408203125 -0.0368804931640626
0.212661743164063 0.0522918701171875 -0.274627685546875 0.393280029296875
0.31134033203125 -0.112274169921875 -0.00582885742187496 0.43011474609375
0.243438720703125 -0.31353759765625 0.069244384765625 0.313262939453125
-0.03240966796875 -0.41766357421875 0.0552978515625 0.26568603515625
-0.17938232421875 -0.343597412109375 0.0938720703125 0.269515991210938
-0.135528564453125 -0.314697265625 0.0826568603515625 0.261032104492188
-0.16522216796875 -0.34515380859375 0.0511627197265625 0.190216064453125
-0.017333984375 -0.36810302734375 0.0137100219726562 0.121536254882812
0.205322265625 -0.327178955078125 0.080963134765625 0.0218887329101562
0.328033447265625 -0.127685546875 0.207565307617188 -0.08721923828125
0.265350341796875 0.118804931640625 0.480499267578125 -0.084808349609375
0.139999389648438 -0.0308151245117188 0.697021484375 0.081787109375
0.255035400390625 -0.198806762695312 0.423553466796875 0.21630859375
-0.0604400634765625 -0.260086059570313 0.495330810546875 0.017486572265625
-0.108161926269531 -0.0242156982421875 -0.0821533203125 0.0181427001953125
0.07666015625 0.156356811523438 -0.16717529296875 0.348052978515625
0.224029541015625 -0.004852294921875 0.00930786132812502 0.387603759765625
0.168548583984375 -0.19732666015625 0.049560546875 0.351226806640625
-0.04150390625 -0.281768798828125 0.10400390625 0.359832763671875
-0.1375732421875 -0.214996337890625 0.193817138671875 0.35186767578125
-0.113037109375 -0.200469970703125 0.170135498046875 0.318511962890625
-0.133712768554688 -0.237823486328125 0.120498657226562 0.271469116210938
-0.00595092773437501 -0.269424438476563 0.0413665771484375 0.21612548828125
0.177536010742188 -0.2010498046875 0.0561904907226563 0.101264953613281
0.2247314453125 0.016326904296875 0.183700561523438 -0.0343780517578125
0.0348663330078125 0.15789794921875 0.513214111328125 -0.023956298828125
-0.0934677124023437 -0.0715484619140625 0.76849365234375 0.20281982421875
0.0484619140625 -0.283355712890625 0.501373291015625 0.251495361328125
0.211334228515625 0.357330322265625 -0.4942626953125 -0.21844482421875
0.286163330078125 0.073760986328125 -0.86614990234375 -0.27081298828125
0.162796020507813 -0.126663208007813 -0.51513671875 0.122222900390625
-0.0404586791992187 -0.109298706054688 -0.141998291015625 0.079254150390625
-0.0975494384765625 0.0408935546875 0.000999450683593741 -0.124435424804687
0.018890380859375 0.141281127929688 -0.0836334228515625 -0.253662109375
0.090362548828125 0.0826034545898438 -0.224517822265625 -0.318572998046875
0.0837554931640625 0.0556869506835938 -0.260223388671875 -0.322540283203125
0.0886077880859375 0.0697402954101563 -0.280426025390625 -0.362213134765625
0.0253067016601563 0.101531982421875 -0.178924560546875 -0.4156494140625
-0.0891571044921875 0.0788497924804687 -0.10577392578125 -0.373809814453125
-0.120048522949219 -0.0863265991210938 -0.033538818359375 -0.346435546875
0.0474853515625 -0.226486206054688 0.093536376953125 -0.306671142578125
0.27044677734375 -0.120742797851563 0.0395965576171875 -0.108497619628906
0.248519897460938 0.146484375 -0.51678466796875 -0.0751037597656249
0.405975341796875 0.31427001953125 -0.420806884765625 -0.169342041015625
0.42822265625 0.103973388671875 -0.86273193359375 -0.32891845703125
0.373687744140625 -0.099395751953125 -0.58380126953125 0.15509033203125
0.138473510742188 -0.187789916992188 -0.1416015625 0.1431884765625
0.0189590454101563 -0.102157592773437 0.0412139892578125 -0.108345031738281
0.0159568786621094 -0.0256767272949219 -0.08905029296875 -0.276657104492187
0.0180892944335937 -0.0671653747558594 -0.25726318359375 -0.313079833984375
0.0211563110351563 -0.0953292846679688 -0.28900146484375 -0.282867431640625
-0.00269317626953126 -0.0954513549804688 -0.307952880859375 -0.332916259765625
-0.00911712646484376 -0.0777206420898438 -0.2081298828125 -0.401824951171875
-0.0358352661132813 -0.100257873535156 -0.09710693359375 -0.37408447265625
-0.0120391845703125 -0.208892822265625 -0.00802612304687499 -0.34197998046875
0.191421508789063 -0.263519287109375 0.10546875 -0.28564453125
0.40045166015625 -0.189300537109375 0.045074462890625 -0.126800537109375
0.445648193359375 0.072601318359375 -0.44384765625 -0.0407714843749999
0.558074951171875 0.2008056640625 -0.291656494140625 -0.096588134765625
0.518035888671875 0.057952880859375 -0.81512451171875 -0.326904296875
0.51641845703125 -0.101043701171875 -0.63775634765625 0.22027587890625
0.294647216796875 -0.2513427734375 -0.152069091796875 0.246414184570313
0.14447021484375 -0.2440185546875 0.0667343139648438 -0.0440788269042969
0.0164642333984375 -0.208892822265625 -0.086578369140625 -0.242935180664063
-0.0584716796875 -0.2174072265625 -0.253402709960938 -0.255706787109375
-0.0439453125 -0.231613159179688 -0.271560668945312 -0.199203491210938
-0.0910186767578125 -0.240982055664062 -0.2899169921875 -0.259765625
-0.0477752685546875 -0.24127197265625 -0.204681396484375 -0.3411865234375
0.0115509033203125 -0.273956298828125 -0.0740966796875 -0.34454345703125
0.100799560546875 -0.32684326171875 0.028839111328125 -0.33709716796875
0.334808349609375 -0.274444580078125 0.156097412109375 -0.283172607421875
0.493194580078125 -0.218536376953125 0.120559692382813 -0.144912719726563
0.5745849609375 0.00701904296875 -0.301666259765625 -0.00585937499999995
0.6375732421875 0.032958984375 -0.116546630859375 -0.0299224853515625
0.53533935546875 -0.054901123046875 -0.72454833984375 -0.27166748046875
0.5611572265625 -0.136962890625 -0.6348876953125 0.3140869140625
0.38629150390625 -0.304046630859375 -0.141143798828125 0.360626220703125
0.238433837890625 -0.36492919921875 0.0830001831054688 0.0549087524414062
0.00595092773437497 -0.374359130859375 -0.071685791015625 -0.14984130859375
-0.13409423828125 -0.341552734375 -0.209518432617187 -0.146942138671875
-0.102081298828125 -0.333251953125 -0.214065551757813 -0.0845794677734375
-0.16162109375 -0.347869873046875 -0.228713989257813 -0.154800415039063
-0.07476806640625 -0.363922119140625 -0.16485595703125 -0.242645263671875
0.061370849609375 -0.409271240234375 -0.030120849609375 -0.283935546875
0.2086181640625 -0.406402587890625 0.081817626953125 -0.31658935546875
0.45263671875 -0.247100830078125 0.237548828125 -0.28106689453125
0.532928466796875 -0.202362060546875 0.254547119140625 -0.155380249023438
0.620849609375 -0.04833984375 -0.10968017578125 0.0348281860351563
0.6036376953125 -0.13629150390625 0.0866241455078125 0.00731658935546874
0.449493408203125 -0.159576416015625 -0.58026123046875 -0.18524169921875
0.496368408203125 -0.14520263671875 -0.54583740234375 0.401580810546875
0.405059814453125 -0.306243896484375 -0.0920410156249999 0.442626953125
0.280426025390625 -0.42877197265625 0.095184326171875 0.161392211914062
-0.01715087890625 -0.47705078125 -0.0387039184570312 -0.01220703125
-0.19354248046875 -0.410552978515625 -0.1239013671875 -0.00380706787109379
-0.145904541015625 -0.384979248046875 -0.119438171386719 0.0438156127929688
-0.204376220703125 -0.4017333984375 -0.135307312011719 -0.033966064453125
-0.08111572265625 -0.42706298828125 -0.0996170043945313 -0.120773315429688
0.115325927734375 -0.468475341796875 0.02618408203125 -0.195297241210938
0.29815673828125 -0.403717041015625 0.143936157226563 -0.266632080078125
0.502655029296875 -0.160400390625 0.333770751953125 -0.2557373046875
0.4918212890625 -0.144287109375 0.42108154296875 -0.136474609375
0.5728759765625 -0.09417724609375 0.102447509765625 0.0834197998046875
0.445037841796875 -0.253326416015625 0.282257080078125 0.01336669921875
0.273910522460938 -0.186264038085937 -0.40179443359375 -0.0964965820312499
0.366058349609375 -0.080718994140625 -0.398681640625 0.439178466796875
0.37005615234375 -0.2425537109375 -0.0238037109375 0.464385986328125
0.272125244140625 -0.41754150390625 0.0981597900390625 0.249481201171875
-0.0458984375 -0.492706298828125 0.0103302001953125 0.138160705566406
-0.220977783203125 -0.40533447265625 -0.00900268554687502 0.145339965820312
-0.167327880859375 -0.375732421875 -0.00581359863281251 0.164932250976563
-0.214385986328125 -0.395294189453125 -0.0300979614257813 0.0863876342773437
-0.068328857421875 -0.426513671875 -0.0309600830078125 0.00796508789062497
0.16021728515625 -0.440887451171875 0.0713653564453125 -0.088165283203125
0.34588623046875 -0.307403564453125 0.191879272460938 -0.188446044921875
0.4443359375 -0.024078369140625 0.420989990234375 -0.197845458984375
0.351776123046875 -0.07470703125 0.58367919921875 -0.0711669921875
0.4400634765625 -0.15032958984375 0.299407958984375 0.140594482421875
0.19683837890625 -0.29180908203125 0.431182861328125 -0.00256347656250002
0.066619873046875 -0.123138427734375 -0.221511840820313 -0.0250244140625
0.223602294921875 0.037628173828125 -0.246795654296875 0.420166015625
0.310638427734375 -0.13818359375 0.02496337890625 0.432708740234375
0.22650146484375 -0.34112548828125 0.088836669921875 0.3099365234375
-0.06494140625 -0.420013427734375 0.067291259765625 0.269302368164063
-0.210906982421875 -0.332489013671875 0.112945556640625 0.267288208007813
-0.1610107421875 -0.308319091796875 0.105484008789062 0.257232666015625
-0.193695068359375 -0.332366943359375 0.0665435791015625 0.190338134765625
-0.047698974609375 -0.369415283203125 0.0248031616210937 0.125503540039062
0.182098388671875 -0.346923828125 0.0858535766601563 0.018707275390625
0.32537841796875 -0.1541748046875 0.204727172851563 -0.103851318359375
0.280059814453125 0.101318359375 0.47857666015625 -0.120147705078125
0.135696411132813 -0.0394973754882813 0.71240234375 0.03411865234375
0.24627685546875 -0.218841552734375 0.448394775390625 0.193939208984375
-0.07928466796875 -0.2564697265625 0.50616455078125 -0.025726318359375
-0.1141357421875 -0.0163345336914062 -0.0819778442382813 0.0199661254882813
0.0929412841796875 0.153076171875 -0.141204833984375 0.366058349609375
0.229904174804688 -0.023529052734375 0.0361633300781251 0.3887939453125
0.156707763671875 -0.216384887695313 0.070770263671875 0.35107421875
-0.06536865234375 -0.282379150390625 0.123809814453125 0.360931396484375
-0.159011840820313 -0.206085205078125 0.220062255859375 0.342803955078125
-0.129547119140625 -0.194900512695313 0.197235107421875 0.309661865234375
-0.154052734375 -0.22796630859375 0.14385986328125 0.266448974609375
-0.0304718017578125 -0.2716064453125 0.0598602294921875 0.219573974609375
0.163055419921875 -0.218460083007813 0.066619873046875 0.101753234863281
0.231185913085938 -0.0007476806640625 0.184188842773438 -0.047088623046875
0.04864501953125 0.158859252929688 0.518035888671875 -0.06134033203125
-0.102615356445313 -0.0636672973632813 0.79608154296875 0.154541015625
0.029754638671875 -0.29022216796875 0.529510498046875 0.222625732421875
0.24261474609375 0.337493896484375 -0.502777099609375 -0.1834716796875
0.28619384765625 0.0533447265625 -0.8731689453125 -0.20196533203125
0.149078369140625 -0.13775634765625 -0.494049072265625 0.1552734375
-0.051177978515625 -0.104629516601563 -0.133262634277344 0.0858230590820313
-0.0939559936523438 0.050048828125 -0.00825500488281251 -0.124420166015625
0.0336761474609375 0.14031982421875 -0.099517822265625 -0.24365234375
0.0998382568359375 0.074066162109375 -0.24774169921875 -0.293914794921875
0.0898056030273437 0.0467987060546875 -0.2823486328125 -0.294921875
0.0959854125976562 0.0597763061523437 -0.3033447265625 -0.33203125
0.0362930297851563 0.0997467041015625 -0.205810546875 -0.396820068359375
-0.0785980224609375 0.08758544921875 -0.12689208984375 -0.361053466796875
-0.126922607421875 -0.0744400024414063 -0.057586669921875 -0.337005615234375
0.0258331298828125 -0.22503662109375 0.06817626953125 -0.3052978515625
0.254470825195313 -0.140167236328125 0.0295181274414063 -0.109390258789063
0.258468627929688 0.12762451171875 -0.51397705078125 -0.03070068359375
0.430145263671875 0.283416748046875 -0.42535400390625 -0.138580322265625
0.42803955078125 0.075714111328125 -0.8734130859375 -0.25885009765625
0.359893798828125 -0.126708984375 -0.560211181640625 0.1922607421875
0.118515014648438 -0.193923950195313 -0.127716064453125 0.148590087890625
0.0106964111328125 -0.100051879882813 0.0330352783203125 -0.113632202148438
0.0190315246582031 -0.0237388610839844 -0.109146118164063 -0.265151977539063
0.01776123046875 -0.0663185119628906 -0.279327392578125 -0.28460693359375
0.0171432495117188 -0.0963211059570312 -0.3050537109375 -0.251312255859375
-0.0069732666015625 -0.0941543579101563 -0.32769775390625 -0.3006591796875
-0.0111846923828125 -0.0737991333007813 -0.234161376953125 -0.379913330078125
-0.040435791015625 -0.0924148559570313 -0.117919921875 -0.3616943359375
-0.0286865234375 -0.203384399414063 -0.03082275390625 -0.33544921875
0.1654052734375 -0.273178100585938 0.080963134765625 -0.28729248046875
0.374847412109375 -0.2178955078125 0.03192138671875 -0.126556396484375
0.44866943359375 0.04022216796875 -0.43902587890625 -0.00247192382812502
0.57159423828125 0.1617431640625 -0.293212890625 -0.07427978515625
0.51507568359375 0.023773193359375 -0.82940673828125 -0.261962890625
0.50201416015625 -0.138336181640625 -0.6104736328125 0.2630615234375
0.26873779296875 -0.267471313476562 -0.129989624023437 0.250335693359375
0.124557495117187 -0.249557495117188 0.0628204345703125 -0.0528373718261719
0.00526428222656251 -0.20343017578125 -0.105697631835938 -0.231796264648438
-0.0697021484375 -0.2061767578125 -0.272262573242188 -0.227508544921875
-0.0571746826171875 -0.225479125976562 -0.28192138671875 -0.170867919921875
-0.105010986328125 -0.229141235351563 -0.304595947265625 -0.229644775390625
-0.0622100830078125 -0.230865478515625 -0.225494384765625 -0.31884765625
-0.00796508789062501 -0.2672119140625 -0.09423828125 -0.33465576171875
0.0738525390625 -0.329345703125 0.00503540039062497 -0.335479736328125
0.308074951171875 -0.2960205078125 0.130828857421875 -0.289031982421875
0.46417236328125 -0.25189208984375 0.104721069335938 -0.150238037109375
0.57177734375 -0.0347900390625 -0.296142578125 0.0203857421875
0.6361083984375 -0.00958251953125 -0.115516662597656 -0.022186279296875
0.524383544921875 -0.0889892578125 -0.73455810546875 -0.2130126953125
0.54443359375 -0.17608642578125 -0.600341796875 0.3551025390625
0.3575439453125 -0.32403564453125 -0.11090087890625 0.362457275390625
0.208526611328125 -0.378631591796875 0.084869384765625 0.0428619384765625
-0.018035888671875 -0.3662109375 -0.0861282348632812 -0.139739990234375
-0.155609130859375 -0.322509765625 -0.220199584960938 -0.1240234375
-0.12384033203125 -0.321044921875 -0.214889526367188 -0.0635986328125001
-0.1845703125 -0.327789306640625 -0.236221313476563 -0.130523681640625
-0.0987548828125 -0.348663330078125 -0.179306030273438 -0.223342895507813
0.0294189453125 -0.403778076171875 -0.0467529296875 -0.27813720703125
0.173980712890625 -0.415069580078125 0.05755615234375 -0.31866455078125
0.428924560546875 -0.2801513671875 0.2093505859375 -0.293243408203125
0.504302978515625 -0.2366943359375 0.235992431640625 -0.170440673828125
0.61328125 -0.0927734375 -0.102706909179687 0.0458602905273437
0.58935546875 -0.17474365234375 0.0875930786132813 -0.000732421875000011
0.4312744140625 -0.18597412109375 -0.58721923828125 -0.1396484375
0.48187255859375 -0.180877685546875 -0.50567626953125 0.43475341796875
0.3763427734375 -0.331085205078125 -0.057769775390625 0.43829345703125
0.24517822265625 -0.4478759765625 0.103317260742188 0.146652221679687
-0.050872802734375 -0.466949462890625 -0.0447120666503906 -0.00610733032226566
-0.221282958984375 -0.384918212890625 -0.125221252441406 0.0102844238281249
-0.171539306640625 -0.367828369140625 -0.111656188964844 0.0546188354492187
-0.229217529296875 -0.375091552734375 -0.135093688964844 -0.0193710327148438
-0.11114501953125 -0.410675048828125 -0.105461120605469 -0.107933044433594
0.0772705078125 -0.467254638671875 0.0152435302734375 -0.194046020507813
0.262939453125 -0.4205322265625 0.122100830078125 -0.27447509765625
0.48553466796875 -0.1954345703125 0.306365966796875 -0.276519775390625
0.46734619140625 -0.176361083984375 0.400909423828125 -0.163787841796875
0.56268310546875 -0.1351318359375 0.110023498535156 0.0778350830078125
0.4228515625 -0.277984619140625 0.280731201171875 -0.0107574462890625
0.255752563476562 -0.200881958007812 -0.40380859375 -0.0660400390625001
0.3582763671875 -0.108062744140625 -0.356689453125 0.461578369140625
0.347869873046875 -0.26751708984375 0.01275634765625 0.45458984375
0.23773193359375 -0.436614990234375 0.112442016601562 0.2340087890625
-0.080902099609375 -0.47979736328125 0.0136032104492187 0.139297485351563
-0.250030517578125 -0.37969970703125 -0.000885009765625024 0.146484375
-0.1917724609375 -0.35650634765625 0.00944519042968747 0.162979125976562
-0.238433837890625 -0.36859130859375 -0.022491455078125 0.0897979736328125
-0.100433349609375 -0.41070556640625 -0.0271377563476563 0.0131912231445312
0.122467041015625 -0.443603515625 0.0672149658203125 -0.0909957885742188
0.318572998046875 -0.329437255859375 0.175338745117188 -0.200531005859375
0.4375 -0.05804443359375 0.394378662109375 -0.2266845703125
0.335418701171875 -0.096771240234375 0.567626953125 -0.11102294921875
0.42437744140625 -0.179534912109375 0.308807373046875 0.118988037109375
0.175018310546875 -0.29827880859375 0.426116943359375 -0.038604736328125
0.0563583374023438 -0.124069213867187 -0.221038818359375 -0.0106353759765625
0.227096557617188 0.018951416015625 -0.2073974609375 0.43182373046875
0.297332763671875 -0.16064453125 0.05670166015625 0.42059326171875
0.197540283203125 -0.357635498046875 0.10723876953125 0.296234130859375
-0.097320556640625 -0.40740966796875 0.0795745849609375 0.264404296875
-0.23516845703125 -0.307281494140625 0.1295166015625 0.256088256835938
-0.181243896484375 -0.2908935546875 0.126068115234375 0.244522094726563
-0.216278076171875 -0.308868408203125 0.0812225341796875 0.18389892578125
-0.077423095703125 -0.356781005859375 0.0361862182617187 0.124458312988281
0.149444580078125 -0.35430908203125 0.0884933471679688 0.0140533447265625
0.309967041015625 -0.176727294921875 0.193527221679688 -0.117782592773438
0.285003662109375 0.078765869140625 0.45843505859375 -0.15435791015625
0.126541137695313 -0.0458145141601563 0.703125 -0.01702880859375
0.22918701171875 -0.232818603515625 0.457733154296875 0.161407470703125
-0.0960235595703125 -0.244049072265625 0.496734619140625 -0.06854248046875
-0.114715576171875 -0.00725555419921878 -0.0800247192382813 0.0217819213867187
0.10650634765625 0.142608642578125 -0.108062744140625 0.3712158203125
0.22637939453125 -0.043670654296875 0.0635986328125 0.377716064453125
0.137725830078125 -0.229629516601563 0.0914001464843751 0.3397216796875
-0.08837890625 -0.271881103515625 0.143768310546875 0.350067138671875
-0.174911499023438 -0.187896728515625 0.24041748046875 0.319854736328125
-0.143020629882812 -0.181182861328125 0.219024658203125 0.287261962890625
-0.169342041015625 -0.210052490234375 0.162612915039062 0.25225830078125
-0.0541534423828125 -0.26300048828125 0.07843017578125 0.21453857421875
0.140579223632813 -0.227432250976562 0.0746688842773438 0.0979537963867187
0.2296142578125 -0.0190582275390625 0.176620483398438 -0.05902099609375
0.0617523193359375 0.153427124023438 0.50164794921875 -0.099365234375
-0.109130859375 -0.0523529052734375 0.79400634765625 0.09344482421875
0.009307861328125 -0.287872314453125 0.53875732421875 0.184844970703125
0.25799560546875 0.313323974609375 -0.49554443359375 -0.154693603515625
0.279281616210938 0.038299560546875 -0.85302734375 -0.14947509765625
0.134628295898437 -0.140579223632812 -0.467132568359375 0.17144775390625
-0.0589370727539063 -0.09820556640625 -0.122917175292969 0.0867996215820312
-0.088836669921875 0.0562896728515625 -0.0140533447265625 -0.123634338378906
0.0446319580078125 0.134819030761719 -0.106948852539063 -0.231887817382813
0.105377197265625 0.0649490356445313 -0.256027221679687 -0.267013549804688
0.0922622680664063 0.0381546020507813 -0.289093017578125 -0.2659912109375
0.0987396240234375 0.050140380859375 -0.3095703125 -0.30401611328125
0.0449981689453125 0.0947799682617188 -0.217315673828125 -0.373687744140625
-0.0681991577148438 0.0913772583007812 -0.1375732421875 -0.344512939453125
-0.128227233886719 -0.0640182495117187 -0.07061767578125 -0.321685791015625
0.010162353515625 -0.2176513671875 0.0498046875 -0.29571533203125
0.235733032226563 -0.150833129882813 0.0223770141601563 -0.106353759765625
0.25927734375 0.111343383789063 -0.497100830078125 -0.000122070312500048
0.437042236328125 0.252899169921875 -0.4161376953125 -0.115570068359375
0.41741943359375 0.054290771484375 -0.85546875 -0.2064208984375
0.339874267578125 -0.14068603515625 -0.52825927734375 0.210723876953125
0.101425170898438 -0.191543579101563 -0.11383056640625 0.146392822265625
0.004791259765625 -0.0947799682617188 0.0257720947265625 -0.116233825683594
0.0226993560791016 -0.022430419921875 -0.118087768554688 -0.251296997070313
0.0183906555175781 -0.0648956298828125 -0.287200927734375 -0.255889892578125
0.0141143798828125 -0.09552001953125 -0.30682373046875 -0.222991943359375
-0.00858306884765626 -0.0922088623046875 -0.332061767578125 -0.27069091796875
-0.0103607177734375 -0.0696983337402344 -0.24468994140625 -0.355712890625
-0.0413131713867188 -0.0848007202148438 -0.127899169921875 -0.3460693359375
-0.039154052734375 -0.194366455078125 -0.045257568359375 -0.323272705078125
0.143890380859375 -0.271102905273438 0.06256103515625 -0.278839111328125
0.346527099609375 -0.23016357421875 0.0227203369140625 -0.122085571289063
0.438079833984375 0.016693115234375 -0.423065185546875 0.023193359375
0.568115234375 0.12921142578125 -0.285400390625 -0.059539794921875
0.5001220703125 0.002197265625 -0.814697265625 -0.20782470703125
0.479034423828125 -0.16009521484375 -0.57354736328125 0.28167724609375
0.243942260742188 -0.270477294921875 -0.110733032226562 0.245513916015625
0.106948852539063 -0.246719360351563 0.0576248168945313 -0.0596733093261719
-0.00102233886718751 -0.194549560546875 -0.1158447265625 -0.217987060546875
-0.0743865966796875 -0.19390869140625 -0.277084350585938 -0.2003173828125
-0.0645294189453125 -0.216262817382813 -0.279525756835938 -0.146163940429687
-0.111358642578125 -0.215469360351562 -0.305572509765625 -0.2020263671875
-0.0686187744140625 -0.217269897460937 -0.233306884765625 -0.294647216796875
-0.0194244384765625 -0.255264282226562 -0.104736328125 -0.32061767578125
0.054290771484375 -0.32080078125 -0.010986328125 -0.324951171875
0.282135009765625 -0.301300048828125 0.109466552734375 -0.2830810546875
0.43115234375 -0.265899658203125 0.0911712646484375 -0.148483276367188
0.5548095703125 -0.06195068359375 -0.2830810546875 0.03790283203125
0.62164306640625 -0.03955078125 -0.110794067382812 -0.0175094604492188
0.503387451171875 -0.10748291015625 -0.72027587890625 -0.1673583984375
0.517791748046875 -0.199554443359375 -0.55926513671875 0.37188720703125
0.329010009765625 -0.33050537109375 -0.087799072265625 0.351593017578125
0.182220458984375 -0.377960205078125 0.082977294921875 0.0308303833007812
-0.0338134765625 -0.350616455078125 -0.0933609008789063 -0.128768920898438
-0.163604736328125 -0.30108642578125 -0.2218017578125 -0.102645874023438
-0.134368896484375 -0.305633544921875 -0.2081298828125 -0.04681396484375
-0.193206787109375 -0.3056640625 -0.233642578125 -0.110260009765625
-0.111572265625 -0.328277587890625 -0.182601928710938 -0.204971313476563
0.00863647460937502 -0.38922119140625 -0.0554656982421875 -0.267623901367188
0.146453857421875 -0.410675048828125 0.040740966796875 -0.312042236328125
0.4002685546875 -0.29254150390625 0.185150146484375 -0.29095458984375
0.471649169921875 -0.25213623046875 0.2161865234375 -0.174575805664063
0.5921630859375 -0.1185302734375 -0.0944442749023437 0.0522384643554688
0.5670166015625 -0.19500732421875 0.086578369140625 -0.00708770751953126
0.409027099609375 -0.198089599609375 -0.5760498046875 -0.10418701171875
0.45745849609375 -0.202239990234375 -0.46307373046875 0.445068359375
0.347076416015625 -0.337860107421875 -0.030426025390625 0.422515869140625
0.214202880859375 -0.449066162109375 0.106002807617188 0.131362915039062
-0.07110595703125 -0.4468994140625 -0.0476646423339844 -0.000537872314453155
-0.232421875 -0.356201171875 -0.122604370117188 0.0210494995117187
-0.1842041015625 -0.347869873046875 -0.101692199707031 0.0598907470703125
-0.241455078125 -0.34747314453125 -0.130035400390625 -0.00861358642578127
-0.127044677734375 -0.3870849609375 -0.104598999023438 -0.0956039428710938
0.04937744140625 -0.45306396484375 0.00816345214843751 -0.189010620117188
0.233245849609375 -0.420654296875 0.104248046875 -0.273056030273438
0.458526611328125 -0.2147216796875 0.277481079101563 -0.28045654296875
0.438812255859375 -0.1904296875 0.377044677734375 -0.176605224609375
0.542083740234375 -0.158416748046875 0.113533020019531 0.0723876953125
0.4002685546875 -0.287841796875 0.272048950195313 -0.0275421142578125
0.238479614257813 -0.204559326171875 -0.395233154296875 -0.0441284179687501
0.34368896484375 -0.12432861328125 -0.3179931640625 0.46429443359375
0.323883056640625 -0.276824951171875 0.03485107421875 0.434356689453125
0.207000732421875 -0.439208984375 0.118072509765625 0.216705322265625
-0.105133056640625 -0.457977294921875 0.015838623046875 0.137779235839844
-0.26324462890625 -0.3487548828125 0.00508117675781248 0.144744873046875
-0.204437255859375 -0.335479736328125 0.01983642578125 0.1568603515625
-0.24981689453125 -0.340179443359375 -0.015960693359375 0.0903472900390625
-0.1181640625 -0.387176513671875 -0.0230731964111328 0.0172863006591797
0.0943603515625 -0.43328857421875 0.0633697509765625 -0.0916900634765625
0.29083251953125 -0.336273193359375 0.158462524414063 -0.203475952148438
0.422088623046875 -0.078887939453125 0.365478515625 -0.23675537109375
0.314849853515625 -0.106658935546875 0.540924072265625 -0.134063720703125
0.405731201171875 -0.1953125 0.306976318359375 0.101898193359375
0.157684326171875 -0.294891357421875 0.409576416015625 -0.063385009765625
0.048248291015625 -0.121116638183594 -0.215911865234375 -0.00109863281249998
0.224441528320312 0.0057373046875 -0.174896240234375 0.427825927734375
0.281036376953125 -0.17242431640625 0.076324462890625 0.399261474609375
0.17236328125 -0.3614501953125 0.114532470703125 0.27947998046875
-0.11749267578125 -0.3887939453125 0.0856475830078125 0.2569580078125
-0.246047973632813 -0.280197143554687 0.136322021484375 0.241943359375
-0.191574096679688 -0.271987915039063 0.136001586914063 0.227783203125
-0.224395751953125 -0.28424072265625 0.0893402099609375 0.174758911132812
-0.09454345703125 -0.336151123046875 0.0440292358398437 0.122062683105469
0.1246337890625 -0.348785400390625 0.0892791748046875 0.00950622558593748
0.291656494140625 -0.188262939453125 0.179519653320313 -0.123016357421875
0.281463623046875 0.06201171875 0.430206298828125 -0.173431396484375
0.116096496582031 -0.0457382202148438 0.67779541015625 -0.05010986328125
0.212432861328125 -0.237030029296875 0.45281982421875 0.13470458984375
-0.103195190429688 -0.229110717773438 0.475799560546875 -0.0960693359375
-0.112213134765625 0.000465393066406238 -0.0784378051757813 0.02166748046875
0.113479614257813 0.131988525390625 -0.080535888671875 0.3629150390625
0.2181396484375 -0.05718994140625 0.07958984375 0.358062744140625
0.11981201171875 -0.233993530273438 0.101959228515625 0.322906494140625
-0.102554321289063 -0.25848388671875 0.151947021484375 0.336517333984375
-0.182449340820312 -0.16961669921875 0.246795654296875 0.297760009765625
-0.148834228515625 -0.168624877929688 0.22686767578125 0.263763427734375
-0.175155639648438 -0.191421508789062 0.171646118164063 0.235366821289063
-0.0684661865234375 -0.248306274414062 0.0901336669921875 0.205780029296875
0.121719360351563 -0.226852416992188 0.0796356201171875 0.0930328369140625
0.222305297851563 -0.0320587158203125 0.16619873046875 -0.0651397705078125
0.0697784423828125 0.145553588867188 0.475128173828125 -0.121551513671875
-0.109977722167969 -0.042266845703125 0.773681640625 0.05242919921875
-0.00418090820312502 -0.279556274414063 0.532684326171875 0.155487060546875
0.262939453125 0.2967529296875 -0.4833984375 -0.142822265625
0.272430419921875 0.03167724609375 -0.828857421875 -0.12432861328125
0.125679016113281 -0.139259338378906 -0.4459228515625 0.173126220703125
-0.062744140625 -0.09228515625 -0.1153564453125 0.083587646484375
-0.0853805541992188 0.0606918334960937 -0.0172348022460938 -0.123306274414062
0.051300048828125 0.130104064941406 -0.107864379882812 -0.225555419921875
0.108421325683594 0.05810546875 -0.256607055664063 -0.249847412109375
0.0925369262695313 0.0322799682617188 -0.287445068359375 -0.24652099609375
0.0991973876953125 0.0426559448242188 -0.306121826171875 -0.285186767578125
0.0513687133789063 0.090911865234375 -0.21990966796875 -0.35736083984375
-0.0604629516601562 0.09246826171875 -0.138031005859375 -0.3326416015625
-0.12811279296875 -0.056427001953125 -0.0748291015625 -0.30902099609375
0.00143432617187501 -0.20953369140625 0.0411376953125 -0.2860107421875
0.221893310546875 -0.153030395507813 0.018157958984375 -0.102645874023438
0.257644653320313 0.102020263671875 -0.48175048828125 0.015472412109375
0.434906005859375 0.234771728515625 -0.4071044921875 -0.105743408203125
0.408599853515625 0.045654296875 -0.835205078125 -0.1773681640625
0.32611083984375 -0.14483642578125 -0.504241943359375 0.213836669921875
0.0902099609375 -0.186767578125 -0.105331420898438 0.14166259765625
0.00147247314453125 -0.0901641845703125 0.02191162109375 -0.118293762207031
0.0256595611572266 -0.0208988189697266 -0.121261596679688 -0.242965698242187
0.0212860107421875 -0.0637359619140625 -0.2864990234375 -0.236541748046875
0.0130386352539063 -0.0957260131835938 -0.30450439453125 -0.204864501953125
-0.00841522216796875 -0.0910263061523437 -0.327789306640625 -0.251495361328125
-0.0070037841796875 -0.066619873046875 -0.245361328125 -0.338470458984375
-0.0388565063476563 -0.079254150390625 -0.130279541015625 -0.334716796875
-0.044189453125 -0.18597412109375 -0.0513916015625 -0.31243896484375
0.131195068359375 -0.265243530273438 0.0530548095703125 -0.269058227539063
0.327423095703125 -0.231658935546875 0.0171661376953125 -0.117149353027344
0.429718017578125 0.006439208984375 -0.40765380859375 0.0364379882812501
0.5614013671875 0.111968994140625 -0.277023315429687 -0.0539093017578124
0.487091064453125 -0.00738525390625 -0.7933349609375 -0.1829833984375
0.46148681640625 -0.167236328125 -0.546905517578125 0.284912109375
0.228073120117188 -0.266891479492188 -0.10015869140625 0.237030029296875
0.0966949462890625 -0.24310302734375 0.0533599853515625 -0.0657806396484375
-0.00215148925781249 -0.187240600585938 -0.118316650390625 -0.209487915039063
-0.0732269287109375 -0.1851806640625 -0.274978637695313 -0.181808471679688
-0.0664520263671875 -0.210372924804688 -0.2734375 -0.13128662109375
-0.112136840820312 -0.206771850585938 -0.300933837890625 -0.184661865234375
-0.0671539306640625 -0.20733642578125 -0.232009887695312 -0.2784423828125
-0.0226898193359375 -0.244857788085938 -0.10626220703125 -0.311004638671875
0.04315185546875 -0.3123779296875 -0.0177001953125 -0.315185546875
0.265838623046875 -0.299774169921875 0.098663330078125 -0.274520874023438
0.408538818359375 -0.267181396484375 0.0819091796875 -0.14385986328125
0.54083251953125 -0.07403564453125 -0.271820068359375 0.0470275878906249
0.609619140625 -0.052734375 -0.106224060058594 -0.0161209106445313
0.4876708984375 -0.113739013671875 -0.7034912109375 -0.1436767578125
0.49859619140625 -0.20892333984375 -0.52972412109375 0.370697021484375
0.3104248046875 -0.327880859375 -0.073699951171875 0.33917236328125
0.16705322265625 -0.37359619140625 0.0797576904296875 0.0219039916992187
-0.038787841796875 -0.33795166015625 -0.095794677734375 -0.121650695800781
-0.163848876953125 -0.283905029296875 -0.219253540039063 -0.0892333984375001
-0.137054443359375 -0.29437255859375 -0.200286865234375 -0.038299560546875
-0.193511962890625 -0.290435791015625 -0.228057861328125 -0.09710693359375
-0.1136474609375 -0.31304931640625 -0.180465698242188 -0.190353393554688
-0.000793457031250001 -0.375396728515625 -0.057708740234375 -0.260543823242188
0.13250732421875 -0.40277099609375 0.03118896484375 -0.305084228515625
0.381439208984375 -0.29473876953125 0.169281005859375 -0.284820556640625
0.447418212890625 -0.253997802734375 0.203094482421875 -0.172592163085938
0.578369140625 -0.1302490234375 -0.088287353515625 0.0559158325195312
0.551727294921875 -0.20233154296875 0.08636474609375 -0.011383056640625
0.39532470703125 -0.200042724609375 -0.560028076171875 -0.0879211425781251
0.442169189453125 -0.209930419921875 -0.4342041015625 0.439697265625
0.32916259765625 -0.33624267578125 -0.01800537109375 0.407440185546875
0.195831298828125 -0.4459228515625 0.103462219238281 0.119735717773437
-0.080169677734375 -0.43084716796875 -0.0493049621582031 0.00380706787109373
-0.235565185546875 -0.336822509765625 -0.119064331054688 0.0279541015625
-0.18743896484375 -0.334686279296875 -0.0940170288085938 0.06170654296875
-0.241455078125 -0.32989501953125 -0.1251220703125 -0.00105285644531252
-0.131683349609375 -0.3685302734375 -0.101593017578125 -0.0871734619140625
0.0367431640625 -0.43756103515625 0.00582885742187499 -0.185714721679688
0.215484619140625 -0.413848876953125 0.0939483642578125 -0.26800537109375
0.441741943359375 -0.220550537109375 0.258392333984375 -0.27569580078125
0.41845703125 -0.19219970703125 0.358978271484375 -0.1787109375
0.52642822265625 -0.16839599609375 0.114036560058594 0.0699691772460937
0.3858642578125 -0.288238525390625 0.264938354492187 -0.036468505859375
0.227752685546875 -0.202346801757813 -0.3848876953125 -0.034332275390625
0.333587646484375 -0.1309814453125 -0.292083740234375 0.45648193359375
0.30914306640625 -0.277435302734375 0.046722412109375 0.4169921875
0.188629150390625 -0.4366455078125 0.116622924804688 0.203277587890625
-0.113677978515625 -0.441162109375 0.0153732299804687 0.137527465820313
-0.265411376953125 -0.327178955078125 0.00741577148437498 0.143173217773437
-0.20855712890625 -0.32196044921875 0.02581787109375 0.15081787109375
-0.25067138671875 -0.321380615234375 -0.0114364624023438 0.090972900390625
-0.12353515625 -0.369476318359375 -0.0189647674560547 0.019927978515625
0.079132080078125 -0.420379638671875 0.0620498657226563 -0.091552734375
0.27410888671875 -0.33544921875 0.147079467773438 -0.201751708984375
0.409210205078125 -0.08782958984375 0.34466552734375 -0.2364501953125
0.3001708984375 -0.105987548828125 0.520263671875 -0.141693115234375
0.393218994140625 -0.199310302734375 0.302459716796875 0.09381103515625
0.148834228515625 -0.289276123046875 0.396484375 -0.07611083984375
0.043670654296875 -0.116958618164062 -0.21063232421875 0.00236511230468745
0.220840454101563 -0.0012359619140625 -0.153533935546875 0.4166259765625
0.269622802734375 -0.177734375 0.08477783203125 0.38214111328125
0.156097412109375 -0.3607177734375 0.115737915039063 0.265838623046875
-0.125732421875 -0.3726806640625 0.08660888671875 0.2520751953125
-0.248016357421875 -0.261871337890625 0.136947631835938 0.23333740234375
-0.194198608398438 -0.25994873046875 0.138961791992188 0.215240478515625
-0.225845336914063 -0.268020629882813 0.0928955078125 0.168472290039063
-0.1019287109375 -0.320068359375 0.0489349365234375 0.119400024414063
0.109710693359375 -0.3404541015625 0.0892257690429687 0.00743103027343748
0.278549194335938 -0.191497802734375 0.169418334960938 -0.123489379882813
0.277450561523438 0.0526580810546875 0.4075927734375 -0.1761474609375
0.109039306640625 -0.0430450439453125 0.6568603515625 -0.0631103515625
0.202133178710937 -0.235855102539062 0.445709228515625 0.12286376953125
-0.103713989257812 -0.218475341796875 0.4583740234375 -0.1094970703125
-0.11016845703125 0.00450134277343748 -0.0772705078125 0.0198211669921875
0.116905212402344 0.124176025390625 -0.06488037109375 0.350830078125
0.211288452148438 -0.0648345947265625 0.0863037109375 0.341339111328125
0.1083984375 -0.235198974609375 0.103607177734375 0.311309814453125
-0.109878540039062 -0.247146606445313 0.152984619140625 0.32843017578125
-0.184524536132813 -0.156356811523437 0.245208740234375 0.28253173828125
-0.151397705078125 -0.16015625 0.227615356445313 0.248519897460938
-0.176010131835938 -0.178787231445313 0.175094604492188 0.225250244140625
-0.075897216796875 -0.236495971679688 0.09552001953125 0.199127197265625
0.109878540039063 -0.223464965820312 0.0821151733398438 0.0897598266601563
0.21533203125 -0.0380859375 0.15765380859375 -0.066009521484375
0.0732650756835938 0.139945983886719 0.453033447265625 -0.129974365234375
-0.109642028808594 -0.0347442626953125 0.752685546875 0.03179931640625
-0.00964355468750002 -0.272308349609375 0.522674560546875 0.1405029296875
0.26763916015625 0.289642333984375 -0.48284912109375 -0.1409912109375
0.270416259765625 0.03009033203125 -0.8216552734375 -0.115478515625
0.122283935546875 -0.138870239257813 -0.43743896484375 0.173431396484375
-0.066741943359375 -0.0891647338867187 -0.112480163574219 0.0796051025390625
-0.0844955444335938 0.0646133422851563 -0.018646240234375 -0.126754760742188
0.0571746826171875 0.128746032714844 -0.109344482421875 -0.22601318359375
0.11322021484375 0.05426025390625 -0.257568359375 -0.241180419921875
0.0940170288085938 0.0291213989257813 -0.287445068359375 -0.23779296875
0.100227355957031 0.0387344360351563 -0.305572509765625 -0.2781982421875
0.0566253662109375 0.0879669189453125 -0.220489501953125 -0.35394287109375
-0.0552749633789063 0.0939559936523437 -0.136962890625 -0.3304443359375
-0.1292724609375 -0.0527267456054688 -0.07525634765625 -0.3046875
-0.00216674804687498 -0.206069946289062 0.038604736328125 -0.281646728515625
0.215805053710938 -0.155517578125 0.0164108276367188 -0.10174560546875
0.259201049804688 0.0989532470703125 -0.47552490234375 0.0235290527343751
0.43927001953125 0.226776123046875 -0.40472412109375 -0.104888916015625
0.40625 0.043243408203125 -0.82843017578125 -0.1700439453125
0.321533203125 -0.147430419921875 -0.496307373046875 0.214202880859375
0.0850677490234375 -0.183563232421875 -0.10186767578125 0.137115478515625
-0.000679016113281251 -0.0863571166992188 0.0191879272460938 -0.12335205078125
0.0301322937011719 -0.0202007293701172 -0.12298583984375 -0.242233276367188
0.0258750915527344 -0.0642166137695313 -0.28759765625 -0.227783203125
0.0140457153320312 -0.0974273681640625 -0.30255126953125 -0.1961669921875
-0.00791168212890625 -0.091766357421875 -0.327117919921875 -0.24432373046875
-0.00253295898437499 -0.0662956237792969 -0.245330810546875 -0.333221435546875
-0.035888671875 -0.0758438110351563 -0.130340576171875 -0.33349609375
-0.0470733642578125 -0.18218994140625 -0.052642822265625 -0.3084716796875
0.126785278320313 -0.26361083984375 0.0503082275390625 -0.2645263671875
0.31903076171875 -0.231414794921875 0.0151290893554688 -0.115020751953125
0.431060791015625 0.001708984375 -0.40313720703125 0.04248046875
0.56207275390625 0.10577392578125 -0.274932861328125 -0.0538177490234375
0.48406982421875 -0.007965087890625 -0.78643798828125 -0.17523193359375
0.456298828125 -0.17156982421875 -0.536895751953125 0.28466796875
0.22198486328125 -0.26318359375 -0.0953826904296875 0.232040405273437
0.0919952392578125 -0.24072265625 0.051361083984375 -0.0717315673828125
-3.05175781249933E-05 -0.18536376953125 -0.120773315429688 -0.208053588867187
-0.06982421875 -0.1817626953125 -0.275772094726563 -0.173126220703125
-0.0667266845703125 -0.209640502929688 -0.269683837890625 -0.125076293945312
-0.11175537109375 -0.204803466796875 -0.299163818359375 -0.176239013671875
-0.064422607421875 -0.2047119140625 -0.230865478515625 -0.272796630859375
-0.022247314453125 -0.24053955078125 -0.106842041015625 -0.309906005859375
0.0386962890625 -0.310333251953125 -0.019989013671875 -0.31268310546875
0.261016845703125 -0.30010986328125 0.0939178466796875 -0.2706298828125
0.397735595703125 -0.266937255859375 0.0788116455078125 -0.140243530273438
0.54180908203125 -0.077911376953125 -0.266998291015625 0.0519866943359375
0.61004638671875 -0.05865478515625 -0.104011535644531 -0.0178146362304688
0.484375 -0.115264892578125 -0.69659423828125 -0.13787841796875
0.494873046875 -0.213104248046875 -0.51910400390625 0.370086669921875
0.3035888671875 -0.326202392578125 -0.068145751953125 0.332977294921875
0.1600341796875 -0.37359619140625 0.077728271484375 0.014801025390625
-0.039031982421875 -0.3338623046875 -0.0980606079101562 -0.119911193847656
-0.162429809570312 -0.27740478515625 -0.218551635742188 -0.082305908203125
-0.139190673828125 -0.292816162109375 -0.196044921875 -0.03424072265625
-0.1942138671875 -0.285247802734375 -0.226181030273438 -0.0897216796875
-0.112030029296875 -0.307403564453125 -0.178359985351563 -0.18524169921875
-0.00219726562499999 -0.36920166015625 -0.0574188232421875 -0.260589599609375
0.12548828125 -0.402496337890625 0.02825927734375 -0.30279541015625
0.375885009765625 -0.296539306640625 0.163467407226563 -0.280242919921875
0.437255859375 -0.252288818359375 0.199050903320313 -0.169387817382813
0.57672119140625 -0.13543701171875 -0.0849761962890625 0.0592880249023437
0.550689697265625 -0.206787109375 0.0867385864257813 -0.0148162841796875
0.390625 -0.20123291015625 -0.555694580078125 -0.0819091796875001
0.438690185546875 -0.214569091796875 -0.4232177734375 0.4385986328125
0.32415771484375 -0.336456298828125 -0.012237548828125 0.398590087890625
0.186981201171875 -0.448211669921875 0.101394653320313 0.112091064453125
-0.083953857421875 -0.424224853515625 -0.0512619018554688 0.00559997558593748
-0.2335205078125 -0.326812744140625 -0.118621826171875 0.0319442749023437
-0.191558837890625 -0.329742431640625 -0.0899581909179688 0.0618743896484375
-0.2421875 -0.3231201171875 -0.121536254882813 0.00349426269531247
-0.131072998046875 -0.361785888671875 -0.0989151000976563 -0.0830841064453125
0.031036376953125 -0.43231201171875 0.00697326660156248 -0.185806274414063
0.2076416015625 -0.413970947265625 0.0900421142578125 -0.266738891601563
0.43798828125 -0.224853515625 0.250579833984375 -0.27288818359375
0.409881591796875 -0.189849853515625 0.35272216796875 -0.17816162109375
0.52679443359375 -0.172393798828125 0.116401672363281 0.0714035034179687
0.385162353515625 -0.289886474609375 0.264846801757813 -0.04229736328125
0.22503662109375 -0.20147705078125 -0.381256103515625 -0.03192138671875
0.332305908203125 -0.135528564453125 -0.280792236328125 0.452484130859375
0.30474853515625 -0.28021240234375 0.05078125 0.40777587890625
0.1802978515625 -0.442169189453125 0.114974975585938 0.19708251953125
-0.11865234375 -0.436676025390625 0.014892578125 0.139610290527344
-0.266204833984375 -0.31622314453125 0.009307861328125 0.144378662109375
-0.21148681640625 -0.316802978515625 0.0296173095703125 0.147903442382812
-0.251312255859375 -0.313507080078125 -0.00795745849609377 0.0927810668945312
-0.124359130859375 -0.3597412109375 -0.0153675079345703 0.0225868225097656
0.07281494140625 -0.415740966796875 0.0636215209960938 -0.0928802490234375
0.268310546875 -0.335906982421875 0.142868041992188 -0.201263427734375
0.407684326171875 -0.091339111328125 0.33489990234375 -0.234832763671875
0.29437255859375 -0.103240966796875 0.5135498046875 -0.143157958984375
0.391326904296875 -0.203338623046875 0.30322265625 0.093505859375
0.1484375 -0.287994384765625 0.393646240234375 -0.0831298828125
0.0423049926757813 -0.115234375 -0.209793090820313 0.00132751464843753
0.221755981445313 -0.0047607421875 -0.144805908203125 0.41162109375
0.26702880859375 -0.181320190429688 0.088134765625 0.373199462890625
0.149139404296875 -0.36553955078125 0.1143798828125 0.260696411132812
-0.130584716796875 -0.36773681640625 0.0869140625 0.25311279296875
-0.249526977539062 -0.2523193359375 0.137786865234375 0.231185913085937
-0.198516845703125 -0.256240844726563 0.141937255859375 0.2110595703125
-0.227218627929688 -0.260986328125 0.0964202880859375 0.168136596679687
-0.10400390625 -0.312774658203125 0.0530014038085938 0.120536804199219
0.103271484375 -0.336883544921875 0.090484619140625 0.00612640380859373
0.2750244140625 -0.194244384765625 0.16497802734375 -0.122970581054688
0.27740478515625 0.0496978759765625 0.398101806640625 -0.17559814453125
0.106094360351562 -0.038848876953125 0.64923095703125 -0.06829833984375
0.200546264648438 -0.237960815429688 0.44342041015625 0.12152099609375
-0.102996826171875 -0.215087890625 0.454132080078125 -0.11798095703125
-0.110153198242188 0.00635528564453124 -0.0778427124023438 0.0177459716796875
0.120681762695313 0.120552062988281 -0.0562744140625 0.345550537109375
0.209548950195312 -0.070770263671875 0.08697509765625 0.333465576171875
0.102310180664063 -0.238983154296875 0.10333251953125 0.307708740234375
-0.114471435546875 -0.2427978515625 0.15374755859375 0.3292236328125
-0.186737060546875 -0.149459838867187 0.246170043945313 0.2783203125
-0.155288696289063 -0.157363891601563 0.22918701171875 0.241607666015625
-0.17724609375 -0.174362182617188 0.1785888671875 0.22186279296875
-0.0798797607421875 -0.230621337890625 0.100448608398438 0.198333740234375
0.10400390625 -0.222518920898438 0.084442138671875 0.0889892578125
0.214202880859375 -0.0424041748046875 0.153732299804688 -0.0652923583984375
0.07568359375 0.138702392578125 0.44329833984375 -0.131622314453125
-0.110214233398437 -0.0294418334960937 0.74578857421875 0.0255126953125
-0.0114898681640625 -0.273040771484375 0.52008056640625 0.1383056640625
0.280242919921875 0.2890625 -0.493988037109375 -0.1407470703125
0.27618408203125 0.0261993408203125 -0.83319091796875 -0.106201171875
0.121902465820313 -0.143295288085938 -0.4395751953125 0.18096923828125
-0.0713119506835937 -0.0868301391601563 -0.112358093261719 0.0790939331054687
-0.0849456787109375 0.0713424682617188 -0.0228424072265625 -0.133079528808594
0.0647430419921875 0.12921142578125 -0.115493774414063 -0.232437133789063
0.12109375 0.0494842529296875 -0.267562866210938 -0.238311767578125
0.0976409912109375 0.0261993408203125 -0.296173095703125 -0.233489990234375
0.103919982910156 0.0348739624023438 -0.314666748046875 -0.27655029296875
0.0636672973632813 0.0870361328125 -0.22906494140625 -0.35662841796875
-0.0503692626953125 0.0983352661132813 -0.141998291015625 -0.335357666015625
-0.133544921875 -0.0484085083007812 -0.0797119140625 -0.307403564453125
-0.00700378417968748 -0.2078857421875 0.035430908203125 -0.28509521484375
0.214248657226562 -0.161712646484375 0.0150833129882813 -0.103584289550781
0.268463134765625 0.0964813232421875 -0.481597900390625 0.0358276367187501
0.454681396484375 0.22381591796875 -0.413543701171875 -0.105010986328125
0.413421630859375 0.040008544921875 -0.8419189453125 -0.16131591796875
0.32525634765625 -0.15631103515625 -0.497406005859375 0.221588134765625
0.0815277099609375 -0.18475341796875 -0.100112915039062 0.136863708496094
-0.00286865234375001 -0.0845184326171875 0.0163345336914063 -0.131568908691406
0.0351314544677734 -0.0207710266113281 -0.1302490234375 -0.248458862304688
0.0311241149902344 -0.067626953125 -0.296417236328125 -0.223052978515625
0.0144805908203125 -0.100677490234375 -0.309356689453125 -0.1920166015625
-0.00847625732421875 -0.0945587158203125 -0.336151123046875 -0.239837646484375
0.000862121582031244 -0.06854248046875 -0.253265380859375 -0.333953857421875
-0.0338363647460937 -0.0751953125 -0.136962890625 -0.338653564453125
-0.051788330078125 -0.183349609375 -0.057647705078125 -0.313568115234375
0.12408447265625 -0.269119262695313 0.0474395751953125 -0.2674560546875
0.318023681640625 -0.23956298828125 0.012847900390625 -0.115119934082031
0.4417724609375 -0.00537109375 -0.407379150390625 0.052764892578125
0.57843017578125 0.09674072265625 -0.279464721679687 -0.0528717041015624
0.49383544921875 -0.01348876953125 -0.80133056640625 -0.16595458984375
0.46221923828125 -0.18328857421875 -0.53826904296875 0.2940673828125
0.2197265625 -0.269363403320313 -0.0915069580078125 0.232681274414062
0.0880889892578125 -0.244644165039063 0.048828125 -0.0800628662109375
0.00102233886718751 -0.187240600585938 -0.12841796875 -0.21234130859375
-0.06842041015625 -0.1844482421875 -0.283477783203125 -0.167755126953125
-0.0703582763671875 -0.213836669921875 -0.274063110351563 -0.119964599609375
-0.116256713867188 -0.205902099609375 -0.3050537109375 -0.170501708984375
-0.0644378662109375 -0.207412719726563 -0.237289428710938 -0.272659301757812
-0.0239105224609375 -0.242828369140625 -0.111328125 -0.315765380859375
0.03369140625 -0.31500244140625 -0.025390625 -0.317962646484375
0.261016845703125 -0.3101806640625 0.091400146484375 -0.272674560546875
0.399200439453125 -0.274932861328125 0.0775909423828125 -0.1417236328125
0.553558349609375 -0.0899658203125 -0.268508911132812 0.0602874755859375
0.6241455078125 -0.07086181640625 -0.104988098144531 -0.0189895629882812
0.49273681640625 -0.123077392578125 -0.70758056640625 -0.130859375
0.50164794921875 -0.2266845703125 -0.519744873046875 0.38140869140625
0.303466796875 -0.334686279296875 -0.062408447265625 0.334075927734375
0.15472412109375 -0.384368896484375 0.0768356323242188 0.00738525390624998
-0.04290771484375 -0.3375244140625 -0.104179382324219 -0.121246337890625
-0.165542602539062 -0.277816772460938 -0.224105834960938 -0.075958251953125
-0.14715576171875 -0.29632568359375 -0.197311401367188 -0.030364990234375
-0.202545166015625 -0.284881591796875 -0.2294921875 -0.0828094482421875
-0.114593505859375 -0.310546875 -0.181564331054688 -0.183868408203125
-0.00711059570312497 -0.37322998046875 -0.0607452392578125 -0.266372680664063
0.121124267578125 -0.410125732421875 0.023040771484375 -0.309051513671875
0.3798828125 -0.308685302734375 0.16082763671875 -0.28314208984375
0.44012451171875 -0.259918212890625 0.198013305664063 -0.173110961914063
0.58990478515625 -0.14935302734375 -0.0830383300781249 0.0648727416992188
0.56280517578125 -0.22039794921875 0.0901031494140625 -0.0194473266601563
0.39532470703125 -0.20953369140625 -0.5672607421875 -0.0761718750000001
0.444793701171875 -0.227264404296875 -0.419891357421875 0.446746826171875
0.325347900390625 -0.34722900390625 -0.00531005859374999 0.400390625
0.1800537109375 -0.462432861328125 0.102325439453125 0.107002258300781
-0.092254638671875 -0.42864990234375 -0.0542221069335938 0.00743865966796871
-0.240570068359375 -0.324981689453125 -0.119918823242188 0.0371170043945312
-0.2012939453125 -0.333831787109375 -0.088165283203125 0.0634841918945312
-0.251953125 -0.320831298828125 -0.120681762695313 0.00955200195312496
-0.1365966796875 -0.36279296875 -0.098602294921875 -0.0806427001953125
0.02593994140625 -0.438446044921875 0.00585937500000001 -0.191513061523438
0.2034912109375 -0.42578125 0.0856170654296875 -0.2724609375
0.443634033203125 -0.236663818359375 0.247650146484375 -0.277313232421875
0.4127197265625 -0.19500732421875 0.355316162109375 -0.18426513671875
0.535552978515625 -0.18621826171875 0.12164306640625 0.0737152099609375
0.391815185546875 -0.302764892578125 0.2701416015625 -0.050567626953125
0.226333618164063 -0.207489013671875 -0.388671875 -0.028717041015625
0.3385009765625 -0.14495849609375 -0.273193359375 0.458709716796875
0.306610107421875 -0.290435791015625 0.060455322265625 0.40618896484375
0.17333984375 -0.45635986328125 0.118240356445313 0.193939208984375
-0.128448486328125 -0.439300537109375 0.0153350830078125 0.144134521484375
-0.27471923828125 -0.3123779296875 0.011016845703125 0.148162841796875
-0.223785400390625 -0.31915283203125 0.034576416015625 0.147750854492188
-0.261871337890625 -0.31158447265625 -0.00348663330078127 0.0965728759765625
-0.130584716796875 -0.361480712890625 -0.0116996765136719 0.0258827209472656
0.066650390625 -0.42193603515625 0.06463623046875 -0.0969696044921875
0.267669677734375 -0.3468017578125 0.140228271484375 -0.206207275390625
0.415069580078125 -0.100830078125 0.33172607421875 -0.239501953125
0.296722412109375 -0.104461669921875 0.519378662109375 -0.152557373046875
0.39910888671875 -0.21600341796875 0.312835693359375 0.0931396484375
0.149810791015625 -0.295623779296875 0.3994140625 -0.095794677734375
0.0409774780273438 -0.117103576660156 -0.214797973632812 0.00204467773437496
0.228347778320313 -0.0104522705078125 -0.134429931640625 0.41558837890625
0.269454956054688 -0.19158935546875 0.095428466796875 0.37060546875
0.141357421875 -0.378875732421875 0.118560791015625 0.261459350585938
-0.14190673828125 -0.37017822265625 0.09161376953125 0.26007080078125
-0.258560180664062 -0.2471923828125 0.143768310546875 0.232833862304687
-0.209487915039062 -0.256134033203125 0.148941040039063 0.208953857421875
-0.236495971679687 -0.25897216796875 0.103668212890625 0.170669555664062
-0.110931396484375 -0.31304931640625 0.0600814819335937 0.123199462890625
0.09796142578125 -0.343170166015625 0.0937728881835938 0.00428009033203123
0.276443481445313 -0.203323364257813 0.1639404296875 -0.125839233398437
0.28533935546875 0.046295166015625 0.396484375 -0.182586669921875
0.105934143066406 -0.0366287231445313 0.658447265625 -0.0777587890625
0.201889038085938 -0.248016357421875 0.456787109375 0.11944580078125
-0.106231689453125 -0.217010498046875 0.45989990234375 -0.133056640625
-0.11279296875 0.0102691650390625 -0.0811767578125 0.0157852172851562
0.127555847167969 0.11962890625 -0.047607421875 0.347381591796875
0.211868286132812 -0.0798492431640625 0.09423828125 0.33062744140625
0.0959930419921875 -0.249282836914063 0.108123779296875 0.310577392578125
-0.124237060546875 -0.243194580078125 0.16107177734375 0.335662841796875
-0.194610595703125 -0.143966674804688 0.253250122070313 0.278594970703125
-0.163497924804687 -0.15618896484375 0.237396240234375 0.238998413085938
-0.185348510742188 -0.172134399414062 0.188995361328125 0.222457885742188
-0.0861053466796875 -0.23028564453125 0.109024047851563 0.201934814453125
0.0999908447265625 -0.228195190429688 0.08868408203125 0.0902175903320312
0.218002319335938 -0.048095703125 0.152633666992188 -0.0667724609375
0.0818099975585938 0.139793395996094 0.44158935546875 -0.138092041015625
-0.113006591796875 -0.0253829956054688 0.7572021484375 0.0150146484375
-0.0153350830078125 -0.280029296875 0.532012939453125 0.136444091796875
0.302093505859375 0.2843017578125 -0.512939453125 -0.127410888671875
0.2855224609375 0.016632080078125 -0.857421875 -0.0770263671875001
0.118637084960938 -0.153091430664063 -0.43939208984375 0.199005126953125
-0.0785675048828125 -0.0840377807617188 -0.111343383789062 0.0825653076171875
-0.0835494995117188 0.0817031860351562 -0.0310287475585938 -0.139495849609375
0.0764846801757813 0.1287841796875 -0.129913330078125 -0.237579345703125
0.131027221679687 0.0411300659179687 -0.28485107421875 -0.229095458984375
0.103836059570313 0.0204696655273438 -0.313873291015625 -0.223541259765625
0.108970642089844 0.029266357421875 -0.33380126953125 -0.267791748046875
0.072906494140625 0.0842208862304688 -0.24755859375 -0.357696533203125
-0.0433731079101563 0.103523254394531 -0.15704345703125 -0.3404541015625
-0.139503479003906 -0.0411758422851563 -0.09234619140625 -0.3106689453125
-0.0173797607421875 -0.2113037109375 0.0257568359375 -0.2921142578125
0.21112060546875 -0.17498779296875 0.0112457275390625 -0.106170654296875
0.2822265625 0.08721923828125 -0.490020751953125 0.059234619140625
0.478607177734375 0.209991455078125 -0.42840576171875 -0.092437744140625
0.428131103515625 0.02593994140625 -0.86785888671875 -0.1319580078125
0.32696533203125 -0.17523193359375 -0.497100830078125 0.2432861328125
0.07501220703125 -0.190048217773438 -0.095855712890625 0.141082763671875
-0.00708770751953125 -0.082550048828125 0.00842285156249999 -0.1409912109375
0.0392112731933594 -0.0230751037597656 -0.14617919921875 -0.25286865234375
0.034423828125 -0.0741958618164063 -0.313873291015625 -0.21246337890625
0.01251220703125 -0.105804443359375 -0.323974609375 -0.18096923828125
-0.010772705078125 -0.0968551635742188 -0.353363037109375 -0.229522705078125
0.0031585693359375 -0.0725555419921875 -0.273345947265625 -0.330902099609375
-0.0337142944335938 -0.075225830078125 -0.151824951171875 -0.343231201171875
-0.0610198974609375 -0.183639526367188 -0.069793701171875 -0.318756103515625
0.116302490234375 -0.2811279296875 0.0396270751953125 -0.2730712890625
0.314483642578125 -0.2572021484375 0.00869750976562501 -0.117050170898438
0.45709228515625 -0.024627685546875 -0.413604736328125 0.0741271972656249
0.6015625 0.07586669921875 -0.288604736328125 -0.04498291015625
0.5076904296875 -0.032073974609375 -0.8251953125 -0.1409912109375
0.46685791015625 -0.2098388671875 -0.537506103515625 0.318206787109375
0.21356201171875 -0.28265380859375 -0.0830535888671875 0.238296508789063
0.07861328125 -0.25274658203125 0.0440444946289063 -0.0906524658203125
-0.00314331054687502 -0.191314697265625 -0.14349365234375 -0.214645385742188
-0.0723419189453125 -0.187896728515625 -0.298248291015625 -0.15631103515625
-0.0807952880859375 -0.218124389648438 -0.28521728515625 -0.109283447265625
-0.12615966796875 -0.2061767578125 -0.318115234375 -0.157928466796875
-0.0699462890625 -0.21063232421875 -0.252212524414063 -0.268646240234375
-0.031524658203125 -0.246353149414063 -0.12548828125 -0.321563720703125
0.020782470703125 -0.3236083984375 -0.037994384765625 -0.325225830078125
0.2562255859375 -0.3289794921875 0.0832061767578125 -0.280059814453125
0.396331787109375 -0.295074462890625 0.0738372802734375 -0.145706176757813
0.5692138671875 -0.1162109375 -0.27020263671875 0.07598876953125
0.6427001953125 -0.10009765625 -0.107582092285156 -0.0173416137695312
0.5010986328125 -0.143035888671875 -0.7298583984375 -0.10626220703125
0.506622314453125 -0.2557373046875 -0.51531982421875 0.406524658203125
0.299072265625 -0.355621337890625 -0.049163818359375 0.34033203125
0.139801025390625 -0.40093994140625 0.0761871337890625 -0.00152587890625002
-0.055999755859375 -0.34295654296875 -0.114822387695313 -0.120704650878906
-0.177108764648437 -0.277587890625 -0.233184814453125 -0.0656585693359375
-0.16339111328125 -0.29815673828125 -0.202224731445313 -0.02276611328125
-0.2181396484375 -0.28167724609375 -0.235031127929688 -0.0720367431640625
-0.126220703125 -0.312744140625 -0.190399169921875 -0.178543090820313
-0.022979736328125 -0.381744384765625 -0.0718994140625 -0.273239135742188
0.10443115234375 -0.426116943359375 0.010650634765625 -0.31719970703125
0.3765869140625 -0.334564208984375 0.153656005859375 -0.293243408203125
0.43817138671875 -0.281280517578125 0.196380615234375 -0.182769775390625
0.60357666015625 -0.1788330078125 -0.0793533325195312 0.0729446411132813
0.5736083984375 -0.252197265625 0.0930862426757813 -0.0260543823242188
0.3980712890625 -0.2301025390625 -0.58209228515625 -0.0581054687500001
0.448089599609375 -0.2537841796875 -0.4100341796875 0.47027587890625
0.319488525390625 -0.371185302734375 0.012542724609375 0.404693603515625
0.16253662109375 -0.484588623046875 0.106773376464844 0.0992202758789062
-0.1109619140625 -0.434539794921875 -0.0575981140136719 0.0105247497558593
-0.257293701171875 -0.321685791015625 -0.121971130371094 0.0447998046875
-0.2230224609375 -0.332672119140625 -0.085601806640625 0.0676956176757813
-0.2711181640625 -0.31756591796875 -0.120399475097656 0.0174026489257813
-0.15081787109375 -0.365631103515625 -0.100082397460938 -0.0762939453125
0.00927734374999997 -0.448516845703125 -0.000335693359375012 -0.199111938476563
0.190765380859375 -0.446044921875 0.075714111328125 -0.281646728515625
0.446746826171875 -0.263153076171875 0.2425537109375 -0.28857421875
0.414031982421875 -0.211639404296875 0.35772705078125 -0.20074462890625
0.545867919921875 -0.217041015625 0.13153076171875 0.0734634399414062
0.394989013671875 -0.328857421875 0.275894165039063 -0.0675048828125
0.22406005859375 -0.221206665039063 -0.4002685546875 -0.0162353515625
0.34320068359375 -0.165496826171875 -0.259918212890625 0.47698974609375
0.303924560546875 -0.312957763671875 0.07879638671875 0.4073486328125
0.15234375 -0.480133056640625 0.126083374023438 0.18914794921875
-0.1513671875 -0.444549560546875 0.0206756591796875 0.149215698242188
-0.29351806640625 -0.305084228515625 0.016815185546875 0.152252197265625
-0.2457275390625 -0.3162841796875 0.0424346923828125 0.147323608398437
-0.28204345703125 -0.3056640625 0.00463867187499998 0.101226806640625
-0.147705078125 -0.36492919921875 -0.00625991821289064 0.0286140441894531
0.04986572265625 -0.433837890625 0.0637130737304688 -0.103515625
0.25897216796875 -0.369049072265625 0.133926391601563 -0.215545654296875
0.424072265625 -0.12152099609375 0.3287353515625 -0.252960205078125
0.2998046875 -0.11395263671875 0.5247802734375 -0.176513671875
0.40234375 -0.240997314453125 0.32659912109375 0.08587646484375
0.1453857421875 -0.311553955078125 0.4053955078125 -0.120452880859375
0.036346435546875 -0.120079040527344 -0.222015380859375 0.00820922851562499
0.236831665039063 -0.022369384765625 -0.119171142578125 0.4241943359375
0.268875122070313 -0.211013793945313 0.112213134765625 0.36907958984375
0.12451171875 -0.399627685546875 0.129348754882812 0.259597778320313
-0.1630859375 -0.371795654296875 0.10382080078125 0.265823364257813
-0.274856567382813 -0.2373046875 0.15631103515625 0.232894897460937
-0.229110717773437 -0.252243041992188 0.162124633789062 0.204696655273437
-0.255264282226563 -0.25335693359375 0.11798095703125 0.170852661132812
-0.126068115234375 -0.3148193359375 0.0712432861328125 0.125595092773437
0.08477783203125 -0.35467529296875 0.0978012084960938 0.000312805175781228
0.274581909179688 -0.221786499023437 0.160842895507813 -0.133987426757813
0.29742431640625 0.03460693359375 0.3948974609375 -0.19866943359375
0.107040405273438 -0.0370712280273438 0.671875 -0.10723876953125
0.197189331054688 -0.265670776367188 0.474853515625 0.1055908203125
-0.115341186523438 -0.2188720703125 0.4647216796875 -0.16046142578125
-0.115928649902344 0.0166168212890625 -0.086181640625 0.016326904296875
0.13818359375 0.115623474121094 -0.03326416015625 0.35107421875
0.21234130859375 -0.0951690673828125 0.108123779296875 0.328643798828125
0.0838470458984375 -0.263885498046875 0.121490478515625 0.3128662109375
-0.140899658203125 -0.242446899414063 0.179290771484375 0.340423583984375
-0.206451416015625 -0.13531494140625 0.270660400390625 0.2738037109375
-0.177749633789063 -0.151229858398438 0.253219604492188 0.232315063476563
-0.199630737304688 -0.1669921875 0.208236694335938 0.219757080078125
-0.099609375 -0.229995727539062 0.125381469726563 0.204818725585937
0.0911865234375 -0.237838745117187 0.0960540771484375 0.0896377563476563
0.222122192382812 -0.060546875 0.152084350585938 -0.0717926025390625
0.0916290283203125 0.1397705078125 0.44207763671875 -0.156585693359375
-0.116836547851563 -0.0182723999023437 0.77752685546875 -0.013671875
-0.028839111328125 -0.289764404296875 0.55426025390625 0.1197509765625
0.32745361328125 0.267791748046875 -0.528961181640625 -0.09930419921875
0.2913818359375 -0.000946044921875 -0.869873046875 -0.0261230468750001
0.110275268554688 -0.164154052734375 -0.4290771484375 0.224639892578125
-0.0854644775390625 -0.077972412109375 -0.106864929199219 0.0877227783203125
-0.0771026611328125 0.0934219360351562 -0.042877197265625 -0.142532348632813
0.0901565551757813 0.124069213867188 -0.148895263671875 -0.236480712890625
0.139503479003906 0.0274505615234375 -0.303436279296875 -0.211181640625
0.10888671875 0.01177978515625 -0.33148193359375 -0.202301025390625
0.114501953125 0.02117919921875 -0.35443115234375 -0.248321533203125
0.0833740234375 0.0779190063476563 -0.272613525390625 -0.34747314453125
-0.0332489013671875 0.108261108398438 -0.177886962890625 -0.336334228515625
-0.144485473632813 -0.0294342041015625 -0.11065673828125 -0.30731201171875
-0.03173828125 -0.211959838867188 0.00845336914062501 -0.29571533203125
0.201126098632813 -0.19061279296875 0.00521087646484376 -0.107963562011719
0.29443359375 0.06982421875 -0.48992919921875 0.0955810546875001
0.501312255859375 0.1812744140625 -0.43963623046875 -0.068206787109375
0.436492919921875 0.000396728515625 -0.88458251953125 -0.0820312500000002
0.31890869140625 -0.200531005859375 -0.484039306640625 0.27264404296875
0.0631103515625 -0.194320678710938 -0.0868072509765625 0.145156860351563
-0.01177978515625 -0.0782318115234375 -0.0028533935546875 -0.147842407226563
0.0425300598144531 -0.0259933471679688 -0.167404174804687 -0.25042724609375
0.0341644287109375 -0.0822525024414063 -0.331451416015625 -0.191741943359375
0.00720977783203125 -0.110504150390625 -0.338958740234375 -0.15875244140625
-0.0146713256835938 -0.0983047485351563 -0.371673583984375 -0.20458984375
0.00192260742187499 -0.0764007568359375 -0.295135498046875 -0.318817138671875
-0.0347213745117188 -0.0735244750976563 -0.173858642578125 -0.34088134765625
-0.07293701171875 -0.179641723632813 -0.089691162109375 -0.317291259765625
0.10028076171875 -0.2911376953125 0.0239105224609375 -0.277420043945312
0.301025390625 -0.27886962890625 0.00120544433593752 -0.118583679199219
0.46527099609375 -0.05615234375 -0.41119384765625 0.104949951171875
0.61737060546875 0.0379638671875 -0.29388427734375 -0.029449462890625
0.5137939453125 -0.061798095703125 -0.84283447265625 -0.0938110351562501
0.458831787109375 -0.24407958984375 -0.521484375 0.350006103515625
0.1995849609375 -0.2982177734375 -0.0674896240234375 0.24267578125
0.0624847412109375 -0.25787353515625 0.0351715087890625 -0.100090026855469
-0.0120086669921875 -0.193649291992187 -0.163009643554687 -0.210540771484375
-0.0811920166015625 -0.18841552734375 -0.312469482421875 -0.136199951171875
-0.095794677734375 -0.21759033203125 -0.294647216796875 -0.0903625488281251
-0.139373779296875 -0.199508666992188 -0.329833984375 -0.135162353515625
-0.0812530517578125 -0.211029052734375 -0.270416259765625 -0.2540283203125
-0.0440673828125 -0.2471923828125 -0.145904541015625 -0.32025146484375
0.000244140624999973 -0.327545166015625 -0.0584716796875 -0.3260498046875
0.238311767578125 -0.35113525390625 0.06890869140625 -0.28643798828125
0.3812255859375 -0.321258544921875 0.0654296875000001 -0.150787353515625
0.57281494140625 -0.15655517578125 -0.265548706054688 0.0971221923828125
0.6485595703125 -0.14422607421875 -0.107711791992187 -0.0120773315429688
0.5009765625 -0.175201416015625 -0.74481201171875 -0.0662841796875
0.49713134765625 -0.29449462890625 -0.4935302734375 0.437347412109375
0.280609130859375 -0.37890625 -0.0277709960937499 0.342742919921875
0.113616943359375 -0.414154052734375 0.0734939575195313 -0.01275634765625
-0.076904296875 -0.34356689453125 -0.127761840820313 -0.115982055664063
-0.193099975585938 -0.270111083984375 -0.240936279296875 -0.048431396484375
-0.18548583984375 -0.29248046875 -0.205154418945312 -0.00918579101562505
-0.238021850585937 -0.269622802734375 -0.239486694335938 -0.0542144775390625
-0.144439697265625 -0.30950927734375 -0.201080322265625 -0.167709350585938
-0.044708251953125 -0.383392333984375 -0.0889434814453125 -0.2740478515625
0.078216552734375 -0.4364013671875 -0.00927734374999998 -0.320587158203125
0.362579345703125 -0.365142822265625 0.138275146484375 -0.30322265625
0.427947998046875 -0.3095703125 0.187164306640625 -0.195114135742188
0.6029052734375 -0.2254638671875 -0.072113037109375 0.0818939208984375
0.5701904296875 -0.29498291015625 0.0938491821289063 -0.035125732421875
0.391082763671875 -0.256683349609375 -0.5928955078125 -0.0244750976562501
0.43988037109375 -0.28912353515625 -0.3843994140625 0.49603271484375
0.3017578125 -0.3955078125 0.0379638671875001 0.401458740234375
0.129486083984375 -0.50238037109375 0.109764099121094 0.087677001953125
-0.13946533203125 -0.432647705078125 -0.0603485107421875 0.0149307250976562
-0.27801513671875 -0.307220458984375 -0.121337890625 0.0549163818359375
-0.248687744140625 -0.322723388671875 -0.0823287963867188 0.0731887817382812
-0.29486083984375 -0.301422119140625 -0.116264343261719 0.028076171875
-0.1737060546875 -0.361480712890625 -0.101394653320313 -0.0696487426757813
-0.019256591796875 -0.452972412109375 -0.012115478515625 -0.20343017578125
0.16455078125 -0.46282958984375 0.0579833984375 -0.28863525390625
0.43829345703125 -0.29736328125 0.227813720703125 -0.303955078125
0.40618896484375 -0.237762451171875 0.3486328125 -0.223724365234375
0.542327880859375 -0.25799560546875 0.140716552734375 0.06927490234375
0.383758544921875 -0.362579345703125 0.27545166015625 -0.0904083251953125
0.213272094726563 -0.237350463867187 -0.408203125 0.00750732421875002
0.33935546875 -0.19256591796875 -0.232269287109375 0.49267578125
0.288330078125 -0.33892822265625 0.103485107421875 0.401092529296875
0.119781494140625 -0.49908447265625 0.1357421875 0.17803955078125
-0.18133544921875 -0.4384765625 0.0286865234375 0.151702880859375
-0.314849853515625 -0.287841796875 0.0261077880859375 0.153640747070312
-0.27093505859375 -0.302154541015625 0.0527191162109375 0.144393920898437
-0.306182861328125 -0.288543701171875 0.0158920288085937 0.102775573730469
-0.170745849609375 -0.35736083984375 0.000911712646484367 0.0308513641357422
0.022705078125 -0.441070556640625 0.058502197265625 -0.109550476074219
0.237213134765625 -0.3896484375 0.12091064453125 -0.224044799804688
0.424530029296875 -0.152252197265625 0.315887451171875 -0.27227783203125
0.29669189453125 -0.13037109375 0.520263671875 -0.210052490234375
0.393463134765625 -0.272674560546875 0.339324951171875 0.06927490234375
0.13031005859375 -0.327056884765625 0.40228271484375 -0.151824951171875
0.0290603637695313 -0.122550964355469 -0.227783203125 0.0203399658203125
0.241287231445312 -0.04010009765625 -0.094085693359375 0.431243896484375
0.258331298828125 -0.234329223632813 0.13427734375 0.35955810546875
0.09521484375 -0.416015625 0.143478393554688 0.250869750976563
-0.191314697265625 -0.363677978515625 0.121810913085937 0.264755249023438
-0.29388427734375 -0.218902587890625 0.172637939453125 0.225830078125
-0.250656127929687 -0.238265991210938 0.17706298828125 0.1934814453125
-0.276397705078125 -0.23675537109375 0.135498046875 0.1639404296875
-0.14752197265625 -0.308258056640625 0.0858001708984375 0.123481750488281
0.061279296875 -0.36383056640625 0.0998306274414063 -0.00579833984375002
0.2637939453125 -0.243087768554688 0.152816772460938 -0.142822265625
0.305938720703125 0.0155029296875 0.384765625 -0.22119140625
0.106040954589844 -0.0401992797851562 0.67181396484375 -0.1483154296875
0.1824951171875 -0.284942626953125 0.490081787109375 0.080169677734375
-0.129119873046875 -0.2159423828125 0.457122802734375 -0.197509765625
-0.117218017578125 0.025604248046875 -0.0899887084960938 0.0205230712890625
0.149978637695313 0.105865478515625 -0.010833740234375 0.35113525390625
0.207260131835938 -0.1131591796875 0.1263427734375 0.319305419921875
0.062530517578125 -0.275436401367188 0.139801025390625 0.30657958984375
-0.16156005859375 -0.234039306640625 0.203399658203125 0.335601806640625
-0.218734741210937 -0.118667602539062 0.290313720703125 0.259002685546875
-0.19232177734375 -0.139007568359375 0.270843505859375 0.215301513671875
-0.215377807617188 -0.153610229492187 0.228958129882812 0.206039428710937
-0.116424560546875 -0.225234985351563 0.145355224609375 0.1998291015625
0.07476806640625 -0.24664306640625 0.104171752929688 0.0861358642578125
0.220794677734375 -0.0770263671875 0.147247314453125 -0.079132080078125
0.104164123535156 0.135177612304688 0.432891845703125 -0.182281494140625
-0.120063781738281 -0.00842285156249998 0.78436279296875 -0.06243896484375
-0.048583984375 -0.294097900390625 0.56982421875 0.090087890625
0.342742919921875 0.241302490234375 -0.526153564453125 -0.064208984375
0.2879638671875 -0.02020263671875 -0.854736328125 0.0274658203125
0.0963134765625 -0.170578002929688 -0.402801513671875 0.243194580078125
-0.089263916015625 -0.069366455078125 -0.0976181030273438 0.0899276733398437
-0.0665435791015625 0.101959228515625 -0.0539398193359375 -0.140823364257813
0.10076904296875 0.115402221679688 -0.165802001953125 -0.2271728515625
0.14117431640625 0.0116424560546875 -0.312530517578125 -0.184906005859375
0.110069274902344 0.0014801025390625 -0.338226318359375 -0.17132568359375
0.116828918457031 0.010833740234375 -0.36492919921875 -0.217803955078125
0.0902023315429687 0.06781005859375 -0.290924072265625 -0.32391357421875
-0.0217437744140625 0.108230590820312 -0.1939697265625 -0.3212890625
-0.143768310546875 -0.016357421875 -0.126861572265625 -0.294158935546875
-0.0455780029296875 -0.204910278320313 -0.00958251953125002 -0.2899169921875
0.18280029296875 -0.20166015625 -0.00267028808593749 -0.106460571289063
0.296905517578125 0.04913330078125 -0.47344970703125 0.13031005859375
0.50830078125 0.14544677734375 -0.4361572265625 -0.0400085449218749
0.432891845703125 -0.02679443359375 -0.8739013671875 -0.029296875
0.300201416015625 -0.22088623046875 -0.456573486328125 0.2939453125
0.048980712890625 -0.193679809570313 -0.073760986328125 0.145095825195312
-0.0149688720703125 -0.0717391967773437 -0.016693115234375 -0.1500244140625
0.0445442199707031 -0.0287055969238281 -0.18572998046875 -0.237701416015625
0.0309677124023438 -0.0880126953125 -0.339447021484375 -0.162994384765625
0.00141143798828125 -0.111793518066406 -0.3427734375 -0.1287841796875
-0.0182876586914063 -0.0971145629882813 -0.377777099609375 -0.172637939453125
3.8146972656255E-05 -0.0781097412109375 -0.310943603515625 -0.294342041015625
-0.0352706909179688 -0.0700263977050781 -0.192138671875 -0.326141357421875
-0.0832977294921875 -0.169647216796875 -0.107269287109375 -0.305389404296875
0.07891845703125 -0.29327392578125 0.00762939453124999 -0.273223876953125
0.276824951171875 -0.2933349609375 -0.00653076171874998 -0.11578369140625
0.456878662109375 -0.086395263671875 -0.394439697265625 0.133636474609375
0.614013671875 -0.0059814453125 -0.288726806640625 -0.01123046875
0.50408935546875 -0.0927734375 -0.83245849609375 -0.0412597656249999
0.435577392578125 -0.27447509765625 -0.489013671875 0.373443603515625
0.176177978515625 -0.30523681640625 -0.0490875244140625 0.23822021484375
0.044677734375 -0.255294799804688 0.0240478515625 -0.106254577636719
-0.0211944580078125 -0.18890380859375 -0.178558349609375 -0.198226928710938
-0.0897369384765625 -0.183670043945313 -0.3165283203125 -0.109130859375
-0.107803344726563 -0.20947265625 -0.294281005859375 -0.0660400390625
-0.147628784179688 -0.18731689453125 -0.3294677734375 -0.10662841796875
-0.0907440185546875 -0.20477294921875 -0.281341552734375 -0.231719970703125
-0.056243896484375 -0.239578247070313 -0.163421630859375 -0.307403564453125
-0.02215576171875 -0.32073974609375 -0.078125 -0.3155517578125
0.2130126953125 -0.36236572265625 0.05181884765625 -0.284271240234375
0.354095458984375 -0.33880615234375 0.0547027587890625 -0.151168823242188
0.556640625 -0.19549560546875 -0.251373291015625 0.116317749023438
0.63226318359375 -0.18682861328125 -0.10455322265625 -0.00665283203125
0.482757568359375 -0.20379638671875 -0.7352294921875 -0.0186157226562499
0.469024658203125 -0.326141357421875 -0.45745849609375 0.4576416015625
0.2510986328125 -0.390380859375 -0.00439453125 0.33392333984375
0.0821533203125 -0.4140625 0.0660591125488281 -0.0230865478515625
-0.095733642578125 -0.33154296875 -0.137222290039062 -0.106216430664063
-0.204986572265625 -0.254302978515625 -0.240936279296875 -0.0291900634765625
-0.202194213867188 -0.275177001953125 -0.201675415039062 0.00564575195312502
-0.250030517578125 -0.247787475585937 -0.235076904296875 -0.0341033935546875
-0.160186767578125 -0.296661376953125 -0.205001831054688 -0.150604248046875
-0.06591796875 -0.3741455078125 -0.104141235351563 -0.266021728515625
0.0477294921875 -0.4344482421875 -0.029571533203125 -0.31378173828125
0.333709716796875 -0.384765625 0.1182861328125 -0.304595947265625
0.4002685546875 -0.328704833984375 0.171173095703125 -0.202789306640625
0.5811767578125 -0.2637939453125 -0.0619964599609375 0.0884933471679687
0.5438232421875 -0.331756591796875 0.0918960571289063 -0.0440673828125
0.36822509765625 -0.277008056640625 -0.58526611328125 0.0117187500000001
0.414093017578125 -0.316070556640625 -0.346954345703125 0.507171630859375
0.27032470703125 -0.4102783203125 0.06195068359375 0.38763427734375
0.090545654296875 -0.504425048828125 0.109054565429688 0.0734100341796875
-0.16485595703125 -0.414276123046875 -0.0617141723632813 0.0194931030273437
-0.291717529296875 -0.282745361328125 -0.11669921875 0.06451416015625
-0.267913818359375 -0.299835205078125 -0.0757980346679688 0.0770187377929687
-0.308319091796875 -0.27288818359375 -0.107376098632813 0.036773681640625
-0.19384765625 -0.343902587890625 -0.100334167480469 -0.0616226196289063
-0.04742431640625 -0.442840576171875 -0.024749755859375 -0.20037841796875
0.12890625 -0.465850830078125 0.038726806640625 -0.285888671875
0.41351318359375 -0.32366943359375 0.204986572265625 -0.309326171875
0.38507080078125 -0.256011962890625 0.326690673828125 -0.2418212890625
0.518310546875 -0.293304443359375 0.146652221679688 0.061370849609375
0.355712890625 -0.3868408203125 0.264907836914063 -0.110397338867188
0.19482421875 -0.245681762695313 -0.40234375 0.0322265624999999
0.322784423828125 -0.21502685546875 -0.197540283203125 0.493377685546875
0.2613525390625 -0.354034423828125 0.125244140625 0.381561279296875
0.080108642578125 -0.500579833984375 0.1392822265625 0.16168212890625
-0.208404541015625 -0.41766357421875 0.0361785888671875 0.148239135742188
-0.3272705078125 -0.25872802734375 0.034881591796875 0.15069580078125
-0.289306640625 -0.277191162109375 0.0606307983398437 0.136711120605469
-0.3204345703125 -0.261016845703125 0.027374267578125 0.0991592407226562
-0.191314697265625 -0.3397216796875 0.00747489929199218 0.0299205780029297
-0.00619506835937497 -0.43414306640625 0.05108642578125 -0.112197875976563
0.20587158203125 -0.399688720703125 0.103378295898438 -0.225372314453125
0.40985107421875 -0.180450439453125 0.292877197265625 -0.28466796875
0.28448486328125 -0.14404296875 0.49658203125 -0.2393798828125
0.36834716796875 -0.297119140625 0.341217041015625 0.0482177734375
0.108001708984375 -0.33441162109375 0.383697509765625 -0.180328369140625
0.0211181640625 -0.120445251464844 -0.225738525390625 0.03472900390625
0.2364501953125 -0.057525634765625 -0.064056396484375 0.42486572265625
0.237335205078125 -0.250411987304688 0.1500244140625 0.3372802734375
0.060760498046875 -0.417724609375 0.152816772460938 0.233917236328125
-0.214324951171875 -0.34356689453125 0.136062622070313 0.254989624023438
-0.30242919921875 -0.1922607421875 0.183425903320312 0.21160888671875
-0.264877319335938 -0.214553833007813 0.186294555664062 0.176177978515625
-0.28814697265625 -0.210784912109375 0.148605346679687 0.149978637695313
-0.16571044921875 -0.292144775390625 0.0970916748046875 0.11590576171875
0.035736083984375 -0.3607177734375 0.0989151000976563 -0.011444091796875
0.242294311523438 -0.257476806640625 0.1400146484375 -0.1470947265625
0.304290771484375 -0.00701904296875 0.361297607421875 -0.238555908203125
0.101654052734375 -0.0426483154296875 0.64849853515625 -0.1903076171875
0.1595458984375 -0.29437255859375 0.4893798828125 0.050994873046875
-0.140716552734375 -0.205581665039063 0.4329833984375 -0.22869873046875
-0.114303588867188 0.03472900390625 -0.0912017822265625 0.0257568359375
0.156494140625 0.0919189453125 0.012359619140625 0.34124755859375
0.194595336914063 -0.128021240234375 0.139373779296875 0.30047607421875
0.037628173828125 -0.277206420898438 0.153045654296875 0.290435791015625
-0.176651000976563 -0.21575927734375 0.22271728515625 0.31854248046875
-0.222946166992188 -0.0976409912109375 0.30194091796875 0.235809326171875
-0.201278686523438 -0.120773315429688 0.280746459960938 0.191375732421875
-0.22467041015625 -0.133407592773437 0.2431640625 0.183547973632813
-0.131103515625 -0.212066650390625 0.161087036132813 0.186355590820313
0.05517578125 -0.248123168945313 0.110023498535156 0.0798416137695312
0.212356567382813 -0.0914306640625 0.13873291015625 -0.0833892822265625
0.112922668457031 0.125289916992188 0.409912109375 -0.2039794921875
-0.118698120117188 0.00277709960937501 0.76593017578125 -0.112548828125
-0.069732666015625 -0.288055419921875 0.5677490234375 0.05279541015625
0.3470458984375 0.21771240234375 -0.512176513671875 -0.042816162109375
0.279464721679688 -0.0326690673828125 -0.82537841796875 0.0573730468750002
0.0836181640625 -0.170394897460938 -0.376983642578125 0.24566650390625
-0.0906295776367187 -0.06201171875 -0.0882720947265625 0.0872955322265625
-0.05609130859375 0.10589599609375 -0.0610809326171875 -0.136978149414063
0.107666015625 0.106002807617187 -0.175628662109375 -0.215530395507813
0.13818359375 -0.00067901611328125 -0.3104248046875 -0.162506103515625
0.108505249023438 -0.0066070556640625 -0.33447265625 -0.1475830078125
0.116500854492188 0.0027008056640625 -0.36016845703125 -0.19061279296875
0.0929641723632813 0.0587310791015625 -0.29583740234375 -0.30206298828125
-0.0125350952148438 0.106132507324219 -0.199432373046875 -0.30438232421875
-0.138641357421875 -0.00698089599609376 -0.1329345703125 -0.277969360351563
-0.054046630859375 -0.19537353515625 -0.0203704833984375 -0.279159545898438
0.166473388671875 -0.202911376953125 -0.00798034667968749 -0.10302734375
0.29254150390625 0.03436279296875 -0.450103759765625 0.1500244140625
0.50286865234375 0.11614990234375 -0.422760009765625 -0.0232849121093751
0.420989990234375 -0.043609619140625 -0.84478759765625 0.00726318359374992
0.278656005859375 -0.229049682617188 -0.428314208984375 0.297760009765625
0.0381927490234375 -0.188873291015625 -0.063446044921875 0.13897705078125
-0.0160102844238281 -0.0648612976074219 -0.0255889892578125 -0.148147583007813
0.0459251403808594 -0.0299186706542969 -0.195343017578125 -0.2247314453125
0.0278701782226563 -0.091766357421875 -0.336578369140625 -0.139129638671875
-0.00267791748046874 -0.110679626464844 -0.335357666015625 -0.1058349609375
-0.0194320678710938 -0.0952911376953125 -0.369598388671875 -0.14727783203125
-0.000946044921874999 -0.078216552734375 -0.31304931640625 -0.270050048828125
-0.0336799621582031 -0.0665664672851563 -0.19830322265625 -0.309814453125
-0.0875244140625 -0.158172607421875 -0.115509033203125 -0.29022216796875
0.063385009765625 -0.287811279296875 -0.00289916992187498 -0.263809204101563
0.254669189453125 -0.294891357421875 -0.0126190185546875 -0.1109619140625
0.44158935546875 -0.10504150390625 -0.3726806640625 0.149566650390625
0.59716796875 -0.03424072265625 -0.277877807617187 -0.000732421874999959
0.486846923828125 -0.111236572265625 -0.8076171875 -0.00775146484375009
0.408416748046875 -0.28643798828125 -0.45849609375 0.375579833984375
0.157867431640625 -0.302215576171875 -0.035888671875 0.228500366210937
0.031829833984375 -0.245529174804688 0.0138397216796875 -0.108283996582031
-0.026123046875 -0.180572509765625 -0.186614990234375 -0.18548583984375
-0.09283447265625 -0.176925659179688 -0.312225341796875 -0.088531494140625
-0.113723754882813 -0.199554443359375 -0.2864990234375 -0.048553466796875
-0.148590087890625 -0.175094604492188 -0.32025146484375 -0.0858764648437501
-0.094573974609375 -0.196334838867187 -0.280258178710938 -0.211181640625
-0.062042236328125 -0.23065185546875 -0.170684814453125 -0.2923583984375
-0.035491943359375 -0.307830810546875 -0.088226318359375 -0.301483154296875
0.1900634765625 -0.362213134765625 0.0393218994140625 -0.27728271484375
0.328765869140625 -0.343017578125 0.045623779296875 -0.147186279296875
0.533203125 -0.215972900390625 -0.23480224609375 0.126602172851563
0.60614013671875 -0.21173095703125 -0.0988388061523437 -0.00486755371093752
0.462677001953125 -0.21697998046875 -0.713623046875 0.0106811523437501
0.438995361328125 -0.338714599609375 -0.42376708984375 0.457550048828125
0.22662353515625 -0.388092041015625 0.010406494140625 0.3184814453125
0.059356689453125 -0.402374267578125 0.0573196411132813 -0.0299148559570313
-0.1051025390625 -0.3150634765625 -0.142013549804687 -0.096405029296875
-0.208358764648437 -0.238632202148438 -0.2357177734375 -0.01416015625
-0.20941162109375 -0.258270263671875 -0.19403076171875 0.0157318115234375
-0.250930786132813 -0.228164672851562 -0.224105834960938 -0.02069091796875
-0.166717529296875 -0.281341552734375 -0.201751708984375 -0.136566162109375
-0.078826904296875 -0.358306884765625 -0.11187744140625 -0.254852294921875
0.026275634765625 -0.422271728515625 -0.040924072265625 -0.30096435546875
0.3079833984375 -0.390838623046875 0.10308837890625 -0.298675537109375
0.373870849609375 -0.33447265625 0.156280517578125 -0.20196533203125
0.553375244140625 -0.2847900390625 -0.0519332885742187 0.0913238525390625
0.514617919921875 -0.349273681640625 0.0887985229492188 -0.0489425659179688
0.348297119140625 -0.282928466796875 -0.5665283203125 0.0357055664062499
0.3863525390625 -0.32720947265625 -0.31683349609375 0.50244140625
0.243255615234375 -0.41119384765625 0.0760498046875 0.36688232421875
0.062408447265625 -0.49200439453125 0.102546691894531 0.062042236328125
-0.177154541015625 -0.392822265625 -0.0619049072265625 0.0224494934082031
-0.2935791015625 -0.26025390625 -0.111068725585938 0.070159912109375
-0.272262573242188 -0.276718139648438 -0.07049560546875 0.0779800415039063
-0.31109619140625 -0.249114990234375 -0.0978775024414063 0.0400619506835938
-0.202301025390625 -0.323516845703125 -0.0960617065429688 -0.055389404296875
-0.065185546875 -0.426483154296875 -0.0315399169921875 -0.194183349609375
0.104705810546875 -0.456268310546875 0.0249481201171875 -0.275985717773438
0.38726806640625 -0.3365478515625 0.18658447265625 -0.305999755859375
0.36328125 -0.261993408203125 0.306640625 -0.24517822265625
0.489349365234375 -0.31005859375 0.148696899414063 0.055938720703125
0.328948974609375 -0.39398193359375 0.252273559570313 -0.121292114257813
0.178436279296875 -0.24481201171875 -0.3902587890625 0.0469665527343749
0.303253173828125 -0.223876953125 -0.171905517578125 0.481170654296875
0.236358642578125 -0.35614013671875 0.13433837890625 0.35845947265625
0.0511779785156251 -0.489593505859375 0.136016845703125 0.146820068359375
-0.222015380859375 -0.392547607421875 0.0399017333984375 0.144058227539062
-0.3267822265625 -0.233062744140625 0.0385284423828125 0.14593505859375
-0.29388427734375 -0.2545166015625 0.0642776489257812 0.127876281738281
-0.322509765625 -0.234039306640625 0.0354690551757812 0.0932159423828125
-0.199920654296875 -0.31976318359375 0.0129032135009766 0.028390884399414
-0.02740478515625 -0.418426513671875 0.045989990234375 -0.110877990722656
0.182373046875 -0.395843505859375 0.0905609130859375 -0.21966552734375
0.39105224609375 -0.195709228515625 0.271575927734375 -0.284881591796875
0.270126342773438 -0.147842407226563 0.469940185546875 -0.251983642578125
0.34442138671875 -0.305938720703125 0.33544921875 0.03497314453125
0.09136962890625 -0.332275390625 0.36224365234375 -0.194671630859375
0.0154571533203125 -0.115715026855469 -0.219146728515625 0.04278564453125
0.228622436523437 -0.068603515625 -0.046112060546875 0.410064697265625
0.217330932617188 -0.2548828125 0.154266357421875 0.315765380859375
0.035064697265625 -0.408538818359375 0.151214599609375 0.217376708984375
-0.2236328125 -0.319976806640625 0.1422119140625 0.242645263671875
-0.300811767578125 -0.16845703125 0.185775756835938 0.197311401367188
-0.267379760742188 -0.193740844726563 0.18701171875 0.159866333007813
-0.290283203125 -0.187774658203125 0.153732299804687 0.135101318359375
-0.1739501953125 -0.274520874023438 0.103866577148437 0.106719970703125
0.016937255859375 -0.349822998046875 0.0971755981445313 -0.0147933959960938
0.22344970703125 -0.260772705078125 0.128524780273438 -0.144866943359375
0.296661376953125 -0.0218505859375 0.338897705078125 -0.24261474609375
0.0974273681640625 -0.0415725708007813 0.61932373046875 -0.20965576171875
0.14007568359375 -0.29327392578125 0.47760009765625 0.029144287109375
-0.144775390625 -0.194931030273438 0.405853271484375 -0.2425537109375
-0.109283447265625 0.040740966796875 -0.090240478515625 0.0293502807617187
0.157623291015625 0.0804901123046875 0.024749755859375 0.32550048828125
0.179763793945313 -0.134185791015625 0.141632080078125 0.28125
0.0186767578125 -0.270370483398438 0.1553955078125 0.27410888671875
-0.18310546875 -0.1978759765625 0.22894287109375 0.300994873046875
-0.219818115234375 -0.0809173583984375 0.301727294921875 0.215576171875
-0.202239990234375 -0.105056762695313 0.27923583984375 0.169464111328125
-0.22503662109375 -0.116104125976563 0.24609375 0.162094116210937
-0.137405395507813 -0.196853637695312 0.169219970703125 0.17242431640625
0.040557861328125 -0.241607666015625 0.112068176269531 0.0741119384765625
0.2022705078125 -0.099151611328125 0.129951477050781 -0.082763671875
0.11669921875 0.114837646484375 0.384857177734375 -0.210845947265625
-0.115837097167969 0.01068115234375 0.734375 -0.14166259765625
-0.0825958251953125 -0.276535034179687 0.553131103515625 0.029541015625
0.344940185546875 0.203399658203125 -0.4998779296875 -0.0351867675781251
0.272430419921875 -0.0375823974609375 -0.80181884765625 0.0704345703125002
0.0759124755859375 -0.168960571289063 -0.361602783203125 0.240875244140625
-0.0907363891601563 -0.0578384399414062 -0.0824737548828125 0.081634521484375
-0.0483016967773437 0.107955932617187 -0.065277099609375 -0.134902954101563
0.110572814941406 0.0998916625976562 -0.181228637695313 -0.20843505859375
0.134918212890625 -0.00890350341796875 -0.306396484375 -0.148223876953125
0.106758117675781 -0.0112533569335938 -0.325408935546875 -0.132080078125
0.115257263183594 -0.0027923583984375 -0.3525390625 -0.17510986328125
0.0940322875976563 0.0531463623046875 -0.29437255859375 -0.288818359375
-0.00627899169921876 0.104026794433594 -0.198089599609375 -0.29498291015625
-0.134681701660156 -0.00183105468750002 -0.132110595703125 -0.267486572265625
-0.0572357177734375 -0.18853759765625 -0.024322509765625 -0.270187377929688
0.156509399414063 -0.20050048828125 -0.0105514526367187 -0.098876953125
0.288482666015625 0.02740478515625 -0.431304931640625 0.15838623046875
0.494476318359375 0.101715087890625 -0.41143798828125 -0.017608642578125
0.4107666015625 -0.051300048828125 -0.8223876953125 0.0184936523437501
0.26507568359375 -0.230377197265625 -0.41156005859375 0.29107666015625
0.0319671630859375 -0.1832275390625 -0.05706787109375 0.131698608398438
-0.0139694213867188 -0.0590057373046875 -0.0320892333984375 -0.14715576171875
0.0484504699707031 -0.0300483703613281 -0.200607299804687 -0.21551513671875
0.0262680053710938 -0.0933990478515625 -0.331085205078125 -0.12469482421875
-0.00452423095703124 -0.109954833984375 -0.326812744140625 -0.0922241210937501
-0.0188217163085937 -0.0942764282226563 -0.359893798828125 -0.131805419921875
-0.000808715820312495 -0.0789794921875 -0.309234619140625 -0.257415771484375
-0.0307884216308594 -0.0646858215332031 -0.198333740234375 -0.300567626953125
-0.087615966796875 -0.150405883789063 -0.116104125976563 -0.279373168945313
0.055511474609375 -0.28155517578125 -0.00672912597656252 -0.256576538085937
0.2408447265625 -0.291534423828125 -0.0149307250976562 -0.10589599609375
0.43133544921875 -0.113037109375 -0.35595703125 0.155609130859375
0.5826416015625 -0.04803466796875 -0.26824951171875 0.00154113769531249
0.474090576171875 -0.115966796875 -0.78564453125 0.00360107421874989
0.38848876953125 -0.28900146484375 -0.440521240234375 0.36859130859375
0.146209716796875 -0.2962646484375 -0.029632568359375 0.21820068359375
0.0271453857421875 -0.236862182617187 0.0070343017578125 -0.109504699707031
-0.0247802734375 -0.174652099609375 -0.190338134765625 -0.176956176757813
-0.09234619140625 -0.172409057617187 -0.306488037109375 -0.0751953125
-0.115432739257813 -0.19281005859375 -0.278091430664063 -0.038177490234375
-0.146484375 -0.169143676757813 -0.309661865234375 -0.074920654296875
-0.0948486328125 -0.190338134765625 -0.276443481445313 -0.19976806640625
-0.06280517578125 -0.22271728515625 -0.17108154296875 -0.28411865234375
-0.03973388671875 -0.298065185546875 -0.090240478515625 -0.291259765625
0.178131103515625 -0.357879638671875 0.033905029296875 -0.269485473632813
0.3123779296875 -0.33758544921875 0.0405731201171875 -0.141952514648438
0.518310546875 -0.22210693359375 -0.221649169921875 0.130599975585938
0.588134765625 -0.22161865234375 -0.0943145751953125 -0.00505828857421878
0.448822021484375 -0.21954345703125 -0.69366455078125 0.0188598632812499
0.419952392578125 -0.33966064453125 -0.40643310546875 0.45068359375
0.212066650390625 -0.38275146484375 0.0150146484375 0.304779052734375
0.04931640625 -0.391845703125 0.0499649047851562 -0.0339202880859375
-0.106292724609375 -0.303375244140625 -0.14459228515625 -0.0908660888671875
-0.20526123046875 -0.2283935546875 -0.230789184570312 -0.00566101074218751
-0.21026611328125 -0.246734619140625 -0.187850952148438 0.021240234375
-0.247268676757813 -0.21600341796875 -0.214035034179688 -0.01513671875
-0.16656494140625 -0.270660400390625 -0.196823120117188 -0.128387451171875
-0.082794189453125 -0.346832275390625 -0.112594604492187 -0.247406005859375
0.016571044921875 -0.409820556640625 -0.045074462890625 -0.291412353515625
0.291961669921875 -0.389556884765625 0.095977783203125 -0.291748046875
0.3572998046875 -0.329833984375 0.147857666015625 -0.197265625
0.535186767578125 -0.289642333984375 -0.0449981689453125 0.0922317504882812
0.494049072265625 -0.356109619140625 0.0870590209960938 -0.0525283813476563
0.33538818359375 -0.280914306640625 -0.550537109375 0.0420837402343751
0.369384765625 -0.32891845703125 -0.302398681640625 0.491302490234375
0.22845458984375 -0.404754638671875 0.078216552734375 0.351837158203125
0.04766845703125 -0.479705810546875 0.0948486328125 0.05535888671875
-0.178924560546875 -0.37646484375 -0.0631523132324219 0.0247077941894531
-0.289093017578125 -0.245147705078125 -0.107872009277344 0.0730819702148438
-0.274490356445312 -0.262771606445313 -0.0667266845703125 0.0778656005859375
-0.3072509765625 -0.23321533203125 -0.090484619140625 0.04010009765625
-0.20294189453125 -0.3101806640625 -0.091217041015625 -0.0509872436523438
-0.07196044921875 -0.41192626953125 -0.032958984375 -0.189361572265625
0.091339111328125 -0.445953369140625 0.0198822021484375 -0.2677001953125
0.370758056640625 -0.336700439453125 0.17681884765625 -0.300689697265625
0.348785400390625 -0.258209228515625 0.29217529296875 -0.242462158203125
0.4720458984375 -0.312744140625 0.149581909179688 0.0544281005859375
0.3126220703125 -0.395965576171875 0.242767333984375 -0.126632690429688
0.170578002929688 -0.241012573242188 -0.379791259765625 0.051544189453125
0.291229248046875 -0.2264404296875 -0.159912109375 0.468292236328125
0.2220458984375 -0.352203369140625 0.1334228515625 0.341766357421875
0.035400390625 -0.4783935546875 0.128448486328125 0.138320922851562
-0.22412109375 -0.375946044921875 0.0398406982421875 0.140975952148437
-0.321807861328125 -0.219573974609375 0.03973388671875 0.142913818359375
-0.292510986328125 -0.239471435546875 0.0642013549804687 0.122703552246094
-0.31890869140625 -0.2178955078125 0.0389938354492187 0.0875015258789063
-0.20147705078125 -0.3050537109375 0.0169200897216797 0.0268077850341797
-0.034393310546875 -0.40570068359375 0.0441665649414063 -0.109451293945313
0.16900634765625 -0.389251708984375 0.083740234375 -0.213424682617188
0.377197265625 -0.201629638671875 0.258041381835938 -0.280807495117188
0.261398315429688 -0.145050048828125 0.450531005859375 -0.25189208984375
0.328460693359375 -0.306396484375 0.330413818359375 0.030426025390625
0.08154296875 -0.329254150390625 0.347503662109375 -0.199371337890625
0.013031005859375 -0.11102294921875 -0.214401245117188 0.0451202392578125
0.222396850585938 -0.073028564453125 -0.038665771484375 0.396697998046875
0.204574584960938 -0.253021240234375 0.1512451171875 0.302001953125
0.0213623046875 -0.3990478515625 0.14532470703125 0.208297729492187
-0.224884033203125 -0.30517578125 0.142837524414062 0.235626220703125
-0.294189453125 -0.15557861328125 0.183273315429687 0.188308715820313
-0.266281127929688 -0.180343627929687 0.184371948242187 0.14990234375
-0.28656005859375 -0.173492431640625 0.154632568359375 0.124252319335937
-0.175735473632813 -0.261871337890625 0.10797119140625 0.100486755371094
0.00881958007812496 -0.3397216796875 0.095855712890625 -0.0159988403320313
0.212387084960938 -0.258148193359375 0.12261962890625 -0.140220642089844
0.289306640625 -0.030029296875 0.321502685546875 -0.239898681640625
0.0947113037109375 -0.0381927490234375 0.5975341796875 -0.21466064453125
0.129669189453125 -0.28973388671875 0.4678955078125 0.0224609375
-0.145599365234375 -0.190032958984375 0.387908935546875 -0.24798583984375
-0.105674743652344 0.04345703125 -0.0888290405273438 0.03057861328125
0.156387329101563 0.0740509033203125 0.029144287109375 0.312713623046875
0.169815063476562 -0.13531494140625 0.136978149414063 0.269073486328125
0.00856018066406249 -0.264678955078125 0.151077270507813 0.264602661132813
-0.182220458984375 -0.185928344726563 0.229278564453125 0.291961669921875
-0.214492797851563 -0.0706634521484375 0.29754638671875 0.202117919921875
-0.200439453125 -0.0954437255859375 0.2745361328125 0.156951904296875
-0.222457885742188 -0.104598999023437 0.244674682617187 0.147750854492188
-0.139663696289062 -0.187210083007813 0.172943115234375 0.162307739257813
0.0329132080078125 -0.235015869140625 0.112922668457031 0.0715484619140625
0.194900512695313 -0.101730346679688 0.124176025390625 -0.0793609619140625
0.116813659667969 0.107795715332031 0.36669921875 -0.209991455078125
-0.112373352050781 0.0161285400390625 0.71026611328125 -0.1492919921875
-0.087432861328125 -0.268692016601563 0.53948974609375 0.020904541015625
0.34698486328125 0.199127197265625 -0.497650146484375 -0.03387451171875
0.271804809570313 -0.04107666015625 -0.7977294921875 0.0715332031250002
0.0717926025390625 -0.169113159179687 -0.358001708984375 0.235687255859375
-0.0923995971679688 -0.055023193359375 -0.0809707641601562 0.0770187377929688
-0.0428466796875 0.110702514648437 -0.06854248046875 -0.136360168457031
0.115341186523438 0.0965042114257813 -0.188262939453125 -0.206436157226562
0.133491516113281 -0.0147781372070312 -0.30615234375 -0.141326904296875
0.107337951660156 -0.0142822265625 -0.3221435546875 -0.124114990234375
0.116920471191406 -0.007171630859375 -0.350128173828125 -0.16741943359375
0.095458984375 0.0494461059570313 -0.293731689453125 -0.285003662109375
-0.00203704833984376 0.103042602539063 -0.19781494140625 -0.294219970703125
-0.132911682128906 0.00183868408203122 -0.130905151367187 -0.263992309570313
-0.05938720703125 -0.185531616210938 -0.0250396728515625 -0.266586303710938
0.15252685546875 -0.200286865234375 -0.0121002197265625 -0.096435546875
0.29095458984375 0.024261474609375 -0.423126220703125 0.162628173828125
0.495452880859375 0.09637451171875 -0.4072265625 -0.017791748046875
0.40985107421875 -0.053802490234375 -0.8182373046875 0.0209350585937501
0.2586669921875 -0.231857299804688 -0.4091796875 0.287445068359375
0.0287017822265625 -0.180831909179687 -0.0554656982421875 0.125579833984375
-0.0117111206054688 -0.0550041198730469 -0.0366973876953125 -0.149185180664063
0.0524101257324219 -0.0309066772460938 -0.206893920898438 -0.213531494140625
0.02581787109375 -0.0972671508789063 -0.33062744140625 -0.116790771484375
-0.00547027587890625 -0.111244201660156 -0.323211669921875 -0.0845642089843751
-0.0182037353515625 -0.0967483520507813 -0.355560302734375 -0.125701904296875
0.000701904296875008 -0.0794677734375 -0.309906005859375 -0.25311279296875
-0.0279998779296875 -0.0646171569824219 -0.19842529296875 -0.299102783203125
-0.087677001953125 -0.146743774414063 -0.115692138671875 -0.276565551757813
0.052581787109375 -0.280532836914063 -0.00785827636718748 -0.25360107421875
0.235687255859375 -0.289794921875 -0.0162353515625 -0.103103637695313
0.430999755859375 -0.11614990234375 -0.348388671875 0.161041259765625
0.5814208984375 -0.05352783203125 -0.264755249023437 0.000991821289062505
0.472412109375 -0.12060546875 -0.781982421875 0.00561523437500003
0.382843017578125 -0.2911376953125 -0.4384765625 0.367645263671875
0.140716552734375 -0.294708251953125 -0.0282135009765625 0.212188720703125
0.0255584716796875 -0.232406616210937 0.00149536132812501 -0.112373352050781
-0.022003173828125 -0.172470092773438 -0.196151733398438 -0.174057006835937
-0.0921630859375 -0.172637939453125 -0.306610107421875 -0.068603515625
-0.117050170898437 -0.191650390625 -0.274322509765625 -0.0316619873046875
-0.14599609375 -0.167938232421875 -0.30438232421875 -0.0697021484375001
-0.09405517578125 -0.189926147460938 -0.2740478515625 -0.195449829101563
-0.062042236328125 -0.221649169921875 -0.172149658203125 -0.282958984375
-0.04193115234375 -0.294219970703125 -0.09100341796875 -0.28814697265625
0.17291259765625 -0.358489990234375 0.03265380859375 -0.267669677734375
0.307342529296875 -0.33551025390625 0.0395050048828125 -0.138969421386719
0.51629638671875 -0.227508544921875 -0.215133666992187 0.134033203125
0.58306884765625 -0.22802734375 -0.0917663574218749 -0.00698089599609376
0.4471435546875 -0.2215576171875 -0.69110107421875 0.0209350585937498
0.413665771484375 -0.3441162109375 -0.404388427734375 0.4473876953125
0.205535888671875 -0.382171630859375 0.016448974609375 0.298431396484375
0.043853759765625 -0.3878173828125 0.0440902709960938 -0.0370979309082031
-0.10516357421875 -0.298919677734375 -0.148605346679688 -0.087646484375
-0.204635620117187 -0.22552490234375 -0.230224609375 0.000717163085937488
-0.212539672851562 -0.242279052734375 -0.18524169921875 0.025604248046875
-0.24737548828125 -0.212692260742187 -0.209487915039063 -0.0126190185546875
-0.166427612304688 -0.268112182617187 -0.194595336914063 -0.125244140625
-0.083251953125 -0.344024658203125 -0.113006591796875 -0.247482299804688
0.013214111328125 -0.4066162109375 -0.04705810546875 -0.2880859375
0.28662109375 -0.392822265625 0.09405517578125 -0.289947509765625
0.35321044921875 -0.328399658203125 0.145355224609375 -0.194381713867188
0.5322265625 -0.2938232421875 -0.0395278930664062 0.0953216552734375
0.488067626953125 -0.361480712890625 0.0879974365234375 -0.05572509765625
0.333221435546875 -0.281494140625 -0.5498046875 0.0423583984375
0.364837646484375 -0.33160400390625 -0.30035400390625 0.488372802734375
0.222381591796875 -0.405059814453125 0.07794189453125 0.34466552734375
0.0404052734375 -0.475738525390625 0.0883865356445313 0.0518112182617187
-0.18017578125 -0.371551513671875 -0.0654525756835938 0.0262908935546875
-0.2879638671875 -0.241546630859375 -0.108192443847656 0.0766830444335938
-0.275711059570313 -0.257064819335938 -0.0656585693359375 0.07891845703125
-0.306427001953125 -0.227142333984375 -0.0866622924804688 0.0395736694335937
-0.2027587890625 -0.30615234375 -0.0876693725585938 -0.0503158569335938
-0.07391357421875 -0.408355712890625 -0.033843994140625 -0.189834594726563
0.086761474609375 -0.442413330078125 0.0175018310546875 -0.264129638671875
0.36590576171875 -0.341888427734375 0.172821044921875 -0.297760009765625
0.346527099609375 -0.256439208984375 0.28887939453125 -0.24169921875
0.468597412109375 -0.31634521484375 0.153045654296875 0.0556640625
0.306182861328125 -0.399749755859375 0.24066162109375 -0.131088256835938
0.168991088867188 -0.240829467773438 -0.37939453125 0.052215576171875
0.289093017578125 -0.22894287109375 -0.15899658203125 0.464813232421875
0.2169189453125 -0.35247802734375 0.131561279296875 0.335845947265625
0.026885986328125 -0.4752197265625 0.122444152832031 0.13568115234375
-0.224151611328125 -0.37139892578125 0.038543701171875 0.141647338867187
-0.319915771484375 -0.212646484375 0.0395050048828125 0.14361572265625
-0.2943115234375 -0.232940673828125 0.0638351440429687 0.12042236328125
-0.318939208984375 -0.21209716796875 0.0418014526367187 0.0836410522460938
-0.202362060546875 -0.300262451171875 0.0209846496582031 0.0258140563964844
-0.03643798828125 -0.4007568359375 0.0442733764648438 -0.109901428222656
0.165496826171875 -0.38726806640625 0.0818939208984375 -0.21051025390625
0.374114990234375 -0.206878662109375 0.25299072265625 -0.278396606445313
0.2596435546875 -0.141952514648438 0.44561767578125 -0.251922607421875
0.324615478515625 -0.309356689453125 0.332977294921875 0.030517578125
0.076324462890625 -0.331512451171875 0.342193603515625 -0.204071044921875
0.0127410888671875 -0.109962463378906 -0.214279174804688 0.045379638671875
0.222381591796875 -0.0757598876953125 -0.037628173828125 0.391265869140625
0.2000732421875 -0.254104614257813 0.148223876953125 0.296783447265625
0.01348876953125 -0.396881103515625 0.14068603515625 0.20635986328125
-0.22637939453125 -0.299346923828125 0.143157958984375 0.234512329101562
-0.292083740234375 -0.149383544921875 0.182952880859375 0.186203002929688
-0.268081665039063 -0.174148559570312 0.183135986328125 0.145263671875
-0.287384033203125 -0.16607666015625 0.156341552734375 0.117385864257812
-0.177520751953125 -0.2564697265625 0.112174987792969 0.0980453491210937
0.00531005859374997 -0.33709716796875 0.09686279296875 -0.0164337158203125
0.209381103515625 -0.259429931640625 0.120002746582031 -0.137359619140625
0.288055419921875 -0.034637451171875 0.3154296875 -0.2379150390625
0.0951461791992188 -0.0350112915039063 0.59027099609375 -0.215576171875
0.125640869140625 -0.290313720703125 0.467864990234375 0.023529052734375
-0.147781372070312 -0.190475463867187 0.380126953125 -0.251953125
-0.104385375976563 0.045928955078125 -0.0897369384765625 0.0307846069335938
0.158782958984375 0.0708465576171875 0.029449462890625 0.306915283203125
0.16607666015625 -0.136825561523438 0.1331787109375 0.265396118164063
0.00144958496093751 -0.2626953125 0.147232055664063 0.263473510742188
-0.183303833007813 -0.182022094726563 0.229827880859375 0.289459228515625
-0.211944580078125 -0.06524658203125 0.295654296875 0.197662353515625
-0.201202392578125 -0.0902099609375 0.272384643554688 0.150314331054687
-0.22418212890625 -0.0989990234375 0.245452880859375 0.14013671875
-0.141571044921875 -0.183074951171875 0.17767333984375 0.158355712890625
0.0296478271484375 -0.233367919921875 0.115699768066406 0.0714950561523437
0.193740844726563 -0.104110717773438 0.122169494628906 -0.0768280029296875
0.117607116699219 0.104995727539063 0.35760498046875 -0.208770751953125
-0.110923767089844 0.0198822021484375 0.70361328125 -0.15313720703125
-0.0909271240234375 -0.26763916015625 0.537353515625 0.02130126953125
0.359588623046875 0.19549560546875 -0.50799560546875 -0.029693603515625
0.276214599609375 -0.0474090576171875 -0.81170654296875 0.0834960937500001
0.0673675537109375 -0.173812866210938 -0.36224365234375 0.2415771484375
-0.0970916748046875 -0.0527877807617188 -0.0814895629882813 0.0740737915039062
-0.036712646484375 0.11602783203125 -0.0753250122070313 -0.140190124511719
0.123580932617187 0.0944976806640625 -0.201629638671875 -0.207183837890625
0.135047912597656 -0.02142333984375 -0.314849853515625 -0.135040283203125
0.109611511230469 -0.0195770263671875 -0.326812744140625 -0.116180419921875
0.11993408203125 -0.0130233764648437 -0.355712890625 -0.162109375
0.100479125976563 0.0469818115234375 -0.303863525390625 -0.285064697265625
0.00296783447265626 0.103973388671875 -0.20513916015625 -0.298736572265625
-0.134696960449219 0.00644683837890624 -0.135025024414062 -0.264984130859375
-0.06427001953125 -0.186279296875 -0.0286712646484375 -0.269638061523438
0.149826049804687 -0.206222534179687 -0.0139846801757812 -0.0965957641601563
0.299652099609375 0.019622802734375 -0.4241943359375 0.175262451171875
0.5079345703125 0.090911865234375 -0.414306640625 -0.0149841308593749
0.417694091796875 -0.06365966796875 -0.834228515625 0.0330810546875
0.256546020507813 -0.241104125976563 -0.41461181640625 0.29644775390625
0.0241241455078125 -0.182464599609375 -0.0546035766601563 0.123817443847656
-0.0094757080078125 -0.0524940490722656 -0.043701171875 -0.154159545898438
0.0577850341796875 -0.0330963134765625 -0.220703125 -0.213363647460938
0.025054931640625 -0.10223388671875 -0.338897705078125 -0.109130859375
-0.00712585449218751 -0.114753723144531 -0.32733154296875 -0.075958251953125
-0.0182647705078125 -0.100669860839844 -0.360626220703125 -0.118621826171875
0.00115203857421875 -0.083282470703125 -0.319000244140625 -0.251678466796875
-0.0266571044921875 -0.0658416748046875 -0.206146240234375 -0.304107666015625
-0.091583251953125 -0.145950317382813 -0.12054443359375 -0.277969360351563
0.047821044921875 -0.2862548828125 -0.011688232421875 -0.257278442382813
0.23486328125 -0.2977294921875 -0.0184783935546875 -0.101593017578125
0.44036865234375 -0.12774658203125 -0.348480224609375 0.17205810546875
0.593505859375 -0.0654296875 -0.268386840820312 0.00291442871093752
0.480682373046875 -0.129486083984375 -0.79876708984375 0.0161132812499999
0.38360595703125 -0.304534912109375 -0.441802978515625 0.3792724609375
0.13720703125 -0.300537109375 -0.02630615234375 0.211395263671875
0.0234527587890625 -0.23297119140625 -0.00477600097656251 -0.117622375488281
-0.0208892822265625 -0.175247192382813 -0.208023071289063 -0.173110961914063
-0.0956268310546875 -0.176071166992188 -0.313446044921875 -0.0595703125
-0.123504638671875 -0.193557739257813 -0.278778076171875 -0.0244598388671875
-0.150421142578125 -0.16986083984375 -0.308074951171875 -0.0642089843750001
-0.097320556640625 -0.192398071289063 -0.281280517578125 -0.193145751953125
-0.0642852783203125 -0.224685668945312 -0.1790771484375 -0.28790283203125
-0.046966552734375 -0.29705810546875 -0.096771240234375 -0.290557861328125
0.16973876953125 -0.369354248046875 0.0291595458984375 -0.272171020507813
0.30609130859375 -0.34527587890625 0.0373611450195313 -0.138168334960938
0.524627685546875 -0.241455078125 -0.21234130859375 0.142669677734375
0.5919189453125 -0.243896484375 -0.0917205810546875 -0.00870513916015626
0.45294189453125 -0.232330322265625 -0.707275390625 0.02764892578125
0.414947509765625 -0.3572998046875 -0.407470703125 0.461181640625
0.201080322265625 -0.389556884765625 0.019439697265625 0.298370361328125
0.0386962890625 -0.39202880859375 0.038848876953125 -0.0412635803222656
-0.108642578125 -0.3017578125 -0.157257080078125 -0.085845947265625
-0.210311889648438 -0.226577758789063 -0.23486328125 0.00938415527343754
-0.221282958984375 -0.241668701171875 -0.187240600585938 0.030914306640625
-0.254684448242188 -0.212158203125 -0.2113037109375 -0.0087890625
-0.173095703125 -0.268951416015625 -0.197509765625 -0.123947143554688
-0.089752197265625 -0.3485107421875 -0.11968994140625 -0.251968383789063
0.00662231445312496 -0.412384033203125 -0.051361083984375 -0.2908935546875
0.283721923828125 -0.40740966796875 0.090484619140625 -0.295501708984375
0.354766845703125 -0.337158203125 0.144058227539063 -0.197128295898438
0.539520263671875 -0.311676025390625 -0.0333633422851562 0.0993118286132812
0.49066162109375 -0.377899169921875 0.0893630981445313 -0.0616226196289063
0.334197998046875 -0.29296875 -0.561553955078125 0.04864501953125
0.365570068359375 -0.3455810546875 -0.299652099609375 0.500213623046875
0.218994140625 -0.4139404296875 0.081787109375 0.34588623046875
0.031219482421875 -0.484222412109375 0.0846176147460938 0.0497970581054687
-0.1878662109375 -0.374847412109375 -0.0698585510253906 0.0290184020996094
-0.29461669921875 -0.24072265625 -0.109848022460938 0.0830917358398437
-0.28704833984375 -0.254119873046875 -0.0654373168945313 0.0820999145507812
-0.3157958984375 -0.224639892578125 -0.0859298706054688 0.0400848388671875
-0.211456298828125 -0.306732177734375 -0.0865859985351563 -0.049468994140625
-0.081573486328125 -0.4130859375 -0.037017822265625 -0.194183349609375
0.08099365234375 -0.4515380859375 0.0137786865234375 -0.26715087890625
0.36572265625 -0.35833740234375 0.170379638671875 -0.30426025390625
0.35015869140625 -0.26348876953125 0.289520263671875 -0.247222900390625
0.4720458984375 -0.33367919921875 0.161712646484375 0.056304931640625
0.30377197265625 -0.41497802734375 0.24322509765625 -0.140777587890625
0.168960571289063 -0.247390747070313 -0.3870849609375 0.0571594238281249
0.29217529296875 -0.24017333984375 -0.1566162109375 0.474609375
0.214202880859375 -0.3623046875 0.136199951171875 0.336822509765625
0.01617431640625 -0.483612060546875 0.120765686035156 0.135749816894531
-0.23431396484375 -0.373046875 0.0393829345703125 0.145538330078125
-0.326904296875 -0.209991455078125 0.04058837890625 0.147705078125
-0.305938720703125 -0.228973388671875 0.0659637451171875 0.120330810546875
-0.329071044921875 -0.206756591796875 0.04473876953125 0.08111572265625
-0.21148681640625 -0.30108642578125 0.0256156921386719 0.0244865417480469
-0.04510498046875 -0.4072265625 0.0439834594726563 -0.113945007324219
0.161529541015625 -0.396087646484375 0.0803985595703125 -0.212646484375
0.376922607421875 -0.220245361328125 0.250762939453125 -0.2845458984375
0.264801025390625 -0.144912719726563 0.448883056640625 -0.261016845703125
0.32623291015625 -0.322540283203125 0.343505859375 0.02783203125
0.070709228515625 -0.34283447265625 0.344573974609375 -0.217376708984375
0.0116424560546875 -0.110877990722656 -0.21905517578125 0.048675537109375
0.227310180664062 -0.0828094482421875 -0.0336914062499999 0.39617919921875
0.198638916015625 -0.261810302734375 0.150970458984375 0.298065185546875
0.00195312499999998 -0.40460205078125 0.14080810546875 0.208724975585937
-0.235992431640625 -0.300750732421875 0.148208618164062 0.238662719726562
-0.298126220703125 -0.145233154296875 0.18756103515625 0.18695068359375
-0.2777099609375 -0.16925048828125 0.186920166015625 0.142242431640625
-0.296875 -0.16107177734375 0.161422729492187 0.112594604492187
-0.185745239257813 -0.255996704101563 0.119598388671875 0.0958480834960937
-0.00122070312499999 -0.342193603515625 0.100395202636719 -0.0184707641601563
0.209243774414062 -0.268280029296875 0.119766235351563 -0.138374328613281
0.29254150390625 -0.04254150390625 0.314178466796875 -0.24334716796875
0.0978012084960938 -0.0331268310546875 0.59649658203125 -0.228515625
0.12249755859375 -0.30010986328125 0.4798583984375 0.017730712890625
-0.155929565429687 -0.193344116210938 0.38031005859375 -0.26544189453125
-0.105155944824219 0.049407958984375 -0.0925140380859375 0.0319442749023438
0.16558837890625 0.068115234375 0.032928466796875 0.309295654296875
0.164993286132812 -0.142013549804688 0.134628295898438 0.267501831054688
-0.00695800781249997 -0.268447875976562 0.150131225585938 0.268417358398438
-0.190582275390625 -0.18060302734375 0.23992919921875 0.29345703125
-0.215591430664063 -0.060577392578125 0.30291748046875 0.195281982421875
-0.207839965820313 -0.08599853515625 0.278564453125 0.144119262695312
-0.230804443359375 -0.0933990478515625 0.2530517578125 0.132980346679688
-0.148574829101562 -0.18133544921875 0.187896728515625 0.155975341796875
0.0251007080078125 -0.238052368164063 0.121673583984375 0.0718307495117187
0.1961669921875 -0.111160278320313 0.122596740722656 -0.0770950317382813
0.121040344238281 0.103622436523438 0.35760498046875 -0.21405029296875
-0.111686706542969 0.0252151489257813 0.71319580078125 -0.164306640625
-0.0987091064453125 -0.272689819335938 0.550018310546875 0.015655517578125
0.378570556640625 0.184234619140625 -0.521087646484375 -0.0127258300781249
0.280059814453125 -0.06011962890625 -0.82977294921875 0.1181640625
0.0588226318359375 -0.18060302734375 -0.3621826171875 0.258056640625
-0.103622436523438 -0.0479049682617187 -0.081817626953125 0.0743865966796875
-0.027801513671875 0.121940612792969 -0.087005615234375 -0.14324951171875
0.134712219238281 0.0897598266601563 -0.221099853515625 -0.203582763671875
0.136322021484375 -0.0311126708984375 -0.32672119140625 -0.12078857421875
0.111747741699219 -0.0273818969726562 -0.335906982421875 -0.1004638671875
0.123069763183594 -0.0220947265625 -0.367340087890625 -0.1480712890625
0.106941223144531 0.0419845581054688 -0.3231201171875 -0.278594970703125
0.0109481811523437 0.105926513671875 -0.2205810546875 -0.301239013671875
-0.137062072753906 0.0139846801757813 -0.14593505859375 -0.264984130859375
-0.0736846923828125 -0.186447143554688 -0.03912353515625 -0.273574829101563
0.143722534179688 -0.216766357421875 -0.0177841186523437 -0.0957107543945313
0.311676025390625 0.006622314453125 -0.424102783203125 0.20001220703125
0.52716064453125 0.0712890625 -0.424407958984375 -0.000885009765625053
0.42431640625 -0.0814208984375 -0.85595703125 0.0642700195312501
0.249786376953125 -0.257369995117188 -0.4132080078125 0.31793212890625
0.0152435302734375 -0.18426513671875 -0.0517959594726562 0.124557495117187
-0.00827407836914062 -0.0502662658691406 -0.0558013916015625 -0.159164428710938
0.0624465942382812 -0.0370635986328125 -0.241119384765625 -0.208236694335938
0.021331787109375 -0.109359741210938 -0.35076904296875 -0.0921936035156249
-0.0121078491210937 -0.118545532226562 -0.335052490234375 -0.059844970703125
-0.0227737426757813 -0.105171203613281 -0.37066650390625 -0.103668212890625
-8.39233398437496E-05 -0.0868988037109375 -0.33648681640625 -0.2423095703125
-0.0271148681640625 -0.0674591064453125 -0.223052978515625 -0.305328369140625
-0.0984039306640625 -0.144180297851563 -0.132247924804688 -0.278518676757813
0.03692626953125 -0.29510498046875 -0.0211334228515625 -0.261184692382813
0.2269287109375 -0.311798095703125 -0.0227813720703125 -0.100593566894531
0.449066162109375 -0.150360107421875 -0.345550537109375 0.193328857421875
0.60601806640625 -0.0909423828125 -0.273162841796875 0.010223388671875
0.489776611328125 -0.153228759765625 -0.8184814453125 0.0457763671875
0.377838134765625 -0.32733154296875 -0.439910888671875 0.40399169921875
0.126739501953125 -0.309417724609375 -0.0198822021484375 0.2132568359375
0.0168914794921875 -0.23602294921875 -0.0155181884765625 -0.122421264648438
-0.0241851806640625 -0.17926025390625 -0.226394653320313 -0.167144775390625
-0.103607177734375 -0.178466796875 -0.32269287109375 -0.042999267578125
-0.134597778320313 -0.193145751953125 -0.283111572265625 -0.010223388671875
-0.161575317382813 -0.168624877929687 -0.314971923828125 -0.0511474609374999
-0.10614013671875 -0.193954467773438 -0.293243408203125 -0.185089111328125
-0.0736083984375 -0.228195190429688 -0.195404052734375 -0.28961181640625
-0.0594482421875 -0.300689697265625 -0.109100341796875 -0.29193115234375
0.158233642578125 -0.38653564453125 0.019134521484375 -0.27886962890625
0.300537109375 -0.363555908203125 0.0333328247070313 -0.139945983886719
0.530609130859375 -0.271331787109375 -0.206985473632812 0.156509399414063
0.59698486328125 -0.2745361328125 -0.0926742553710937 -0.00827789306640626
0.455902099609375 -0.257476806640625 -0.72430419921875 0.0555419921875
0.40869140625 -0.3858642578125 -0.40155029296875 0.487030029296875
0.190643310546875 -0.406005859375 0.029541015625 0.30206298828125
0.023834228515625 -0.4010009765625 0.031585693359375 -0.0457878112792969
-0.119903564453125 -0.304046630859375 -0.169906616210938 -0.0803680419921875
-0.223358154296875 -0.224349975585938 -0.23992919921875 0.0234222412109375
-0.237701416015625 -0.237472534179687 -0.189483642578125 0.0421142578125
-0.2691650390625 -0.205551147460938 -0.214767456054688 0.00022888183593753
-0.186935424804687 -0.268783569335938 -0.204620361328125 -0.118453979492188
-0.104827880859375 -0.353179931640625 -0.132232666015625 -0.255050659179688
-0.00958251953125 -0.42144775390625 -0.06329345703125 -0.29339599609375
0.272674560546875 -0.4306640625 0.079925537109375 -0.305145263671875
0.35040283203125 -0.35693359375 0.140243530273438 -0.203872680664063
0.54150390625 -0.34393310546875 -0.0253219604492187 0.105026245117187
0.48663330078125 -0.41064453125 0.0901107788085938 -0.0696487426757813
0.330810546875 -0.313690185546875 -0.5745849609375 0.07122802734375
0.3603515625 -0.371826171875 -0.29034423828125 0.524871826171875
0.2071533203125 -0.430572509765625 0.0950317382812501 0.348846435546875
0.01043701171875 -0.494232177734375 0.0821990966796875 0.0465774536132812
-0.20562744140625 -0.37579345703125 -0.0744476318359375 0.0345916748046875
-0.310302734375 -0.234222412109375 -0.109405517578125 0.0933074951171875
-0.306243896484375 -0.2454833984375 -0.0641708374023438 0.087860107421875
-0.332916259765625 -0.21380615234375 -0.0856170654296875 0.0438919067382813
-0.227386474609375 -0.304443359375 -0.0874786376953125 -0.0479354858398438
-0.099609375 -0.41827392578125 -0.0451812744140625 -0.198806762695313
0.063873291015625 -0.464508056640625 0.00428771972656251 -0.271621704101563
0.357879638671875 -0.38397216796875 0.1605224609375 -0.3157958984375
0.3494873046875 -0.2806396484375 0.285186767578125 -0.26116943359375
0.470947265625 -0.365203857421875 0.1728515625 0.052490234375
0.291107177734375 -0.441192626953125 0.24359130859375 -0.157989501953125
0.163467407226563 -0.2603759765625 -0.396087646484375 0.072235107421875
0.290435791015625 -0.260650634765625 -0.144073486328125 0.4913330078125
0.204071044921875 -0.378662109375 0.148101806640625 0.33599853515625
-0.00683593749999999 -0.494476318359375 0.123062133789063 0.134536743164062
-0.254852294921875 -0.371307373046875 0.043548583984375 0.149200439453125
-0.3416748046875 -0.200836181640625 0.046844482421875 0.150772094726563
-0.32470703125 -0.217926025390625 0.0713577270507813 0.11962890625
-0.34539794921875 -0.1939697265625 0.0484848022460937 0.0783309936523438
-0.228912353515625 -0.295928955078125 0.0310783386230469 0.0228595733642578
-0.062255859375 -0.413238525390625 0.0418319702148437 -0.119277954101563
0.148712158203125 -0.411895751953125 0.073974609375 -0.217987060546875
0.375946044921875 -0.243896484375 0.243408203125 -0.298126220703125
0.266845703125 -0.156051635742188 0.449005126953125 -0.28131103515625
0.320556640625 -0.34722900390625 0.35626220703125 0.016387939453125
0.05572509765625 -0.355621337890625 0.3419189453125 -0.240020751953125
0.00781249999999999 -0.113151550292969 -0.224838256835938 0.0575714111328124
0.231979370117187 -0.096832275390625 -0.020660400390625 0.404510498046875
0.192794799804688 -0.276229858398437 0.1624755859375 0.29693603515625
-0.018310546875 -0.41363525390625 0.14788818359375 0.210906982421875
-0.255126953125 -0.297088623046875 0.160552978515625 0.241165161132812
-0.31005859375 -0.135528564453125 0.198089599609375 0.184432983398438
-0.292510986328125 -0.158538818359375 0.194290161132812 0.135726928710938
-0.311614990234375 -0.14794921875 0.1688232421875 0.10369873046875
-0.200851440429688 -0.25274658203125 0.130538940429687 0.0907211303710937
-0.015228271484375 -0.34954833984375 0.104446411132813 -0.0234146118164063
0.203643798828125 -0.284271240234375 0.117401123046875 -0.143630981445313
0.297149658203125 -0.05706787109375 0.30792236328125 -0.258270263671875
0.100669860839844 -0.0337142944335938 0.60003662109375 -0.25445556640625
0.110626220703125 -0.315093994140625 0.494354248046875 0.00167846679687498
-0.170425415039063 -0.192398071289063 0.375518798828125 -0.289886474609375
-0.105255126953125 0.05694580078125 -0.0952911376953125 0.0356369018554687
0.175491333007813 0.060028076171875 0.044677734375 0.311614990234375
0.162857055664063 -0.151748657226563 0.144241333007813 0.267333984375
-0.0223388671875 -0.2735595703125 0.161026000976562 0.272216796875
-0.204681396484375 -0.176300048828125 0.2576904296875 0.293975830078125
-0.221908569335938 -0.0525360107421875 0.314910888671875 0.18621826171875
-0.216842651367188 -0.07623291015625 0.288543701171875 0.1328125
-0.242202758789062 -0.081939697265625 0.263870239257813 0.120101928710938
-0.160858154296875 -0.178115844726563 0.203582763671875 0.148513793945313
0.01519775390625 -0.245086669921875 0.130355834960938 0.0695571899414062
0.19677734375 -0.123382568359375 0.122032165527344 -0.0798873901367188
0.128410339355469 0.101142883300781 0.352935791015625 -0.228179931640625
-0.11248779296875 0.03369140625 0.72119140625 -0.1966552734375
-0.113800048828125 -0.277420043945313 0.56494140625 -0.00329589843750002
0.3963623046875 0.16180419921875 -0.52691650390625 0.0164794921875001
0.278228759765625 -0.0780181884765625 -0.830322265625 0.1702880859375
0.045135498046875 -0.184310913085937 -0.35162353515625 0.279327392578125
-0.109031677246094 -0.039031982421875 -0.0793685913085937 0.0756149291992188
-0.01605224609375 0.125022888183594 -0.100601196289063 -0.141036987304687
0.145843505859375 0.079864501953125 -0.241592407226562 -0.189071655273438
0.134590148925781 -0.0429153442382813 -0.337005615234375 -0.0985107421875
0.110847473144531 -0.0371017456054688 -0.340423583984375 -0.07696533203125
0.12322998046875 -0.033538818359375 -0.3758544921875 -0.123809814453125
0.112266540527344 0.0333328247070312 -0.342193603515625 -0.260955810546875
0.0206680297851563 0.105400085449219 -0.2406005859375 -0.292816162109375
-0.136604309082031 0.024932861328125 -0.159988403320313 -0.257293701171875
-0.0854644775390625 -0.182022094726563 -0.054473876953125 -0.271286010742188
0.130157470703125 -0.226409912109375 -0.0233840942382812 -0.0937118530273438
0.317779541015625 -0.01324462890625 -0.41058349609375 0.231353759765625
0.5384521484375 0.039154052734375 -0.427459716796875 0.021881103515625
0.423248291015625 -0.108154296875 -0.8592529296875 0.115966796875
0.233840942382813 -0.273971557617188 -0.398468017578125 0.3428955078125
0.00265502929687498 -0.183731079101563 -0.0461044311523438 0.123886108398437
-0.00785446166992187 -0.0477790832519531 -0.07086181640625 -0.15911865234375
0.0655403137207031 -0.0432853698730469 -0.262039184570313 -0.1937255859375
0.0145645141601562 -0.11456298828125 -0.35809326171875 -0.0676574707031249
-0.0196685791015625 -0.120033264160156 -0.3370361328125 -0.03570556640625
-0.029327392578125 -0.107109069824219 -0.3768310546875 -0.080169677734375
-0.00357818603515625 -0.089324951171875 -0.35284423828125 -0.22369384765625
-0.0290069580078125 -0.0669021606445313 -0.244049072265625 -0.29827880859375
-0.107040405273437 -0.138130187988281 -0.148284912109375 -0.271942138671875
0.018463134765625 -0.29962158203125 -0.0365753173828125 -0.261093139648438
0.20892333984375 -0.326995849609375 -0.0284576416015625 -0.0972061157226563
0.447509765625 -0.18194580078125 -0.332275390625 0.217987060546875
0.6085205078125 -0.131591796875 -0.2734375 0.02410888671875
0.483551025390625 -0.182830810546875 -0.82489013671875 0.0954589843749998
0.358062744140625 -0.353363037109375 -0.42169189453125 0.433074951171875
0.1077880859375 -0.31610107421875 -0.00996398925781247 0.212997436523437
0.004974365234375 -0.23663330078125 -0.0288009643554688 -0.12432861328125
-0.0301513671875 -0.17938232421875 -0.244369506835938 -0.152069091796875
-0.11517333984375 -0.176544189453125 -0.327392578125 -0.019256591796875
-0.14801025390625 -0.186447143554688 -0.283721923828125 0.0108337402343749
-0.172698974609375 -0.160873413085938 -0.31787109375 -0.029693603515625
-0.11712646484375 -0.190170288085938 -0.30517578125 -0.167755126953125
-0.086029052734375 -0.226669311523438 -0.215423583984375 -0.28314208984375
-0.078277587890625 -0.298919677734375 -0.125732421875 -0.286376953125
0.1343994140625 -0.4002685546875 0.00216674804687501 -0.28076171875
0.28216552734375 -0.38165283203125 0.0255126953125 -0.139678955078125
0.521636962890625 -0.309906005859375 -0.194076538085937 0.172454833984375
0.5853271484375 -0.31634521484375 -0.09222412109375 -0.00531005859375
0.4451904296875 -0.286956787109375 -0.7293701171875 0.0968017578124998
0.386383056640625 -0.414337158203125 -0.377593994140625 0.515899658203125
0.166778564453125 -0.415435791015625 0.0457763671875 0.299896240234375
-0.000183105468749986 -0.40252685546875 0.0230484008789063 -0.0493392944335938
-0.1358642578125 -0.299896240234375 -0.181427001953125 -0.0675811767578125
-0.238357543945312 -0.214126586914062 -0.240188598632813 0.0420074462890625
-0.2548828125 -0.222793579101562 -0.18701171875 0.056671142578125
-0.284637451171875 -0.189544677734375 -0.214691162109375 0.0145111083984375
-0.202789306640625 -0.25909423828125 -0.21051025390625 -0.106475830078125
-0.1263427734375 -0.34881591796875 -0.149581909179688 -0.251541137695313
-0.03436279296875 -0.423431396484375 -0.08038330078125 -0.29022216796875
0.24627685546875 -0.452392578125 0.0611572265625 -0.309967041015625
0.33404541015625 -0.37689208984375 0.129913330078125 -0.210952758789063
0.527252197265625 -0.384918212890625 -0.0137939453125 0.108757019042969
0.4637451171875 -0.4468994140625 0.0879058837890625 -0.0793075561523438
0.316162109375 -0.336669921875 -0.57916259765625 0.103759765625
0.33984375 -0.398590087890625 -0.263458251953125 0.548095703125
0.18316650390625 -0.445281982421875 0.113006591796875 0.342498779296875
-0.020416259765625 -0.497039794921875 0.0792236328125 0.0418701171875
-0.2271728515625 -0.36651611328125 -0.0770416259765625 0.0421829223632812
-0.326385498046875 -0.21820068359375 -0.105873107910156 0.103645324707031
-0.32421875 -0.2254638671875 -0.0600814819335938 0.0933151245117188
-0.349090576171875 -0.1923828125 -0.0836181640625 0.0495071411132812
-0.247589111328125 -0.292083740234375 -0.087738037109375 -0.0435943603515625
-0.125335693359375 -0.415008544921875 -0.057342529296875 -0.19964599609375
0.036712646484375 -0.4716796875 -0.0110015869140625 -0.270767211914063
0.33404541015625 -0.411956787109375 0.14141845703125 -0.324798583984375
0.337432861328125 -0.301727294921875 0.271759033203125 -0.276718139648437
0.45294189453125 -0.39984130859375 0.181991577148438 0.0438995361328125
0.265533447265625 -0.46630859375 0.23529052734375 -0.17767333984375
0.148941040039062 -0.272674560546875 -0.39910888671875 0.0951232910156249
0.27685546875 -0.28350830078125 -0.117767333984375 0.504241943359375
0.183990478515625 -0.39312744140625 0.165435791015625 0.329254150390625
-0.03887939453125 -0.497772216796875 0.12689208984375 0.12939453125
-0.279876708984375 -0.3597412109375 0.0508575439453125 0.150497436523437
-0.3564453125 -0.181884765625 0.0552825927734375 0.151641845703125
-0.342254638671875 -0.19793701171875 0.0770263671875 0.116737365722656
-0.36083984375 -0.168853759765625 0.0523834228515625 0.0742340087890625
-0.2464599609375 -0.283905029296875 0.0364494323730469 0.0191497802734375
-0.08892822265625 -0.4129638671875 0.0358428955078125 -0.123886108398438
0.12451171875 -0.425933837890625 0.0619964599609375 -0.220382690429688
0.36175537109375 -0.2708740234375 0.22412109375 -0.310516357421875
0.262237548828125 -0.169448852539062 0.434295654296875 -0.307952880859375
0.300079345703125 -0.374176025390625 0.36492919921875 -0.00363159179687502
0.0311279296875 -0.363922119140625 0.3282470703125 -0.266754150390625
0.00118255615234375 -0.114730834960937 -0.226425170898438 0.07061767578125
0.229461669921875 -0.115707397460937 0.00152587890624998 0.407440185546875
0.178741455078125 -0.289154052734375 0.177032470703125 0.287933349609375
-0.04693603515625 -0.41619873046875 0.157577514648438 0.205795288085938
-0.276947021484375 -0.28369140625 0.175674438476562 0.235763549804687
-0.321044921875 -0.1173095703125 0.209426879882812 0.174667358398438
-0.3055419921875 -0.139007568359375 0.201370239257812 0.122879028320312
-0.324005126953125 -0.125701904296875 0.174957275390625 0.091064453125
-0.21820068359375 -0.240036010742187 0.141342163085938 0.0803680419921875
-0.037200927734375 -0.351409912109375 0.105789184570313 -0.0302047729492188
0.18804931640625 -0.30035400390625 0.109786987304688 -0.147567749023438
0.295135498046875 -0.0765380859375 0.29248046875 -0.27410888671875
0.102630615234375 -0.036712646484375 0.58868408203125 -0.29034423828125
0.09027099609375 -0.32666015625 0.50128173828125 -0.026458740234375
-0.186264038085938 -0.184417724609375 0.357879638671875 -0.3194580078125
-0.102127075195313 0.064727783203125 -0.0965805053710938 0.0406570434570313
0.183319091796875 0.0461578369140625 0.061676025390625 0.308929443359375
0.155120849609375 -0.162857055664063 0.157333374023438 0.261276245117188
-0.042510986328125 -0.274520874023437 0.176132202148438 0.268173217773438
-0.21917724609375 -0.165328979492188 0.2783203125 0.282958984375
-0.226486206054688 -0.0379791259765625 0.3277587890625 0.16949462890625
-0.224029541015625 -0.06109619140625 0.295196533203125 0.113250732421875
-0.250030517578125 -0.062469482421875 0.27203369140625 0.09954833984375
-0.173980712890625 -0.167251586914063 0.21820068359375 0.1339111328125
-4.57763671875136E-05 -0.247970581054688 0.139389038085938 0.06207275390625
0.191543579101563 -0.138717651367188 0.118194580078125 -0.0836181640625
0.135475158691406 0.0943756103515625 0.33843994140625 -0.246002197265625
-0.109733581542969 0.0437698364257812 0.71533203125 -0.2401123046875
-0.135696411132813 -0.274505615234375 0.570068359375 -0.035400390625
0.402191162109375 0.133331298828125 -0.51715087890625 0.044952392578125
0.268814086914063 -0.0930633544921875 -0.80523681640625 0.21453857421875
0.031005859375 -0.182373046875 -0.3284912109375 0.29071044921875
-0.111137390136719 -0.0291061401367188 -0.0751953125 0.0755691528320313
-0.003936767578125 0.124351501464844 -0.111961364746094 -0.133796691894531
0.152664184570313 0.0668182373046875 -0.25518798828125 -0.168853759765625
0.128158569335938 -0.0531082153320313 -0.3370361328125 -0.073394775390625
0.106712341308594 -0.0451507568359375 -0.333404541015625 -0.0521240234374999
0.119720458984375 -0.04449462890625 -0.37066650390625 -0.097564697265625
0.115104675292969 0.0234451293945312 -0.351165771484375 -0.235992431640625
0.0292129516601562 0.101486206054688 -0.253921508789063 -0.278152465820313
-0.131904602050781 0.0348968505859375 -0.168701171875 -0.243560791015625
-0.0948486328125 -0.173248291015625 -0.0675048828125 -0.263290405273437
0.113067626953125 -0.2296142578125 -0.0282135009765625 -0.0891036987304688
0.316009521484375 -0.0340576171875 -0.3857421875 0.252716064453125
0.534149169921875 0.00244140625 -0.41766357421875 0.04498291015625
0.410797119140625 -0.131011962890625 -0.83831787109375 0.16387939453125
0.210235595703125 -0.281280517578125 -0.3726806640625 0.35931396484375
-0.00955200195312499 -0.1766357421875 -0.0394821166992188 0.121337890625
-0.00691604614257812 -0.0454444885253906 -0.083953857421875 -0.153564453125
0.0676193237304688 -0.0489463806152344 -0.275863647460937 -0.171356201171875
0.00698852539062499 -0.116378784179688 -0.355621337890625 -0.041259765625
-0.027496337890625 -0.118392944335938 -0.329254150390625 -0.011871337890625
-0.034759521484375 -0.105812072753906 -0.370819091796875 -0.0529479980468749
-0.00667572021484375 -0.0896377563476563 -0.359130859375 -0.19805908203125
-0.0300865173339844 -0.0654869079589844 -0.257675170898437 -0.28076171875
-0.113121032714844 -0.127105712890625 -0.159133911132813 -0.257659912109375
9.15527343750143E-05 -0.29541015625 -0.0512542724609375 -0.252838134765625
0.1856689453125 -0.33203125 -0.032623291015625 -0.0908584594726563
0.43206787109375 -0.20867919921875 -0.308624267578125 0.23614501953125
0.59307861328125 -0.168212890625 -0.265823364257812 0.0371856689453125
0.46588134765625 -0.209197998046875 -0.80859375 0.1400146484375
0.32879638671875 -0.367523193359375 -0.390167236328125 0.45025634765625
0.0867919921875 -0.313262939453125 0.00122070312499998 0.206680297851563
-0.0068511962890625 -0.230422973632813 -0.041259765625 -0.121208190917969
-0.0362091064453125 -0.176589965820313 -0.255111694335937 -0.13214111328125
-0.124679565429688 -0.16864013671875 -0.32281494140625 0.00476074218749998
-0.157501220703125 -0.174148559570312 -0.275146484375 0.0306396484375
-0.179306030273438 -0.148117065429688 -0.311492919921875 -0.00775146484374998
-0.125335693359375 -0.18072509765625 -0.30853271484375 -0.146331787109375
-0.0964813232421875 -0.21868896484375 -0.229019165039063 -0.267593383789063
-0.09442138671875 -0.287750244140625 -0.138351440429687 -0.27276611328125
0.105865478515625 -0.403411865234375 -0.0149993896484375 -0.273605346679688
0.255645751953125 -0.38946533203125 0.0185546875 -0.136009216308594
0.496734619140625 -0.340362548828125 -0.17523193359375 0.182235717773438
0.55767822265625 -0.348114013671875 -0.0891189575195312 -0.00354766845703127
0.419921875 -0.308837890625 -0.71368408203125 0.1375732421875
0.353546142578125 -0.4310302734375 -0.343719482421875 0.528411865234375
0.1392822265625 -0.416015625 0.05963134765625 0.289825439453125
-0.0225830078125 -0.394134521484375 0.0143547058105469 -0.0493927001953125
-0.14813232421875 -0.288360595703125 -0.187240600585938 -0.05206298828125
-0.247650146484375 -0.199020385742187 -0.234207153320313 0.0595245361328125
-0.264785766601563 -0.202239990234375 -0.179107666015625 0.06939697265625
-0.29083251953125 -0.167327880859375 -0.208267211914063 0.0290374755859375
-0.21417236328125 -0.242355346679688 -0.210189819335938 -0.0925750732421875
-0.14337158203125 -0.33599853515625 -0.16265869140625 -0.2406005859375
-0.058319091796875 -0.412994384765625 -0.094085693359375 -0.277572631835937
0.2115478515625 -0.461944580078125 0.040618896484375 -0.3045654296875
0.308807373046875 -0.389007568359375 0.1160888671875 -0.211410522460938
0.494476318359375 -0.413299560546875 -0.00186157226562497 0.108787536621094
0.429779052734375 -0.47100830078125 0.0824432373046875 -0.0865325927734375
0.290802001953125 -0.3509521484375 -0.5654296875 0.1358642578125
0.308563232421875 -0.41455078125 -0.229522705078125 0.55303955078125
0.15399169921875 -0.44635009765625 0.127288818359375 0.32818603515625
-0.051300048828125 -0.485595703125 0.0755233764648438 0.037628173828125
-0.245269775390625 -0.34716796875 -0.0768966674804688 0.050048828125
-0.3360595703125 -0.19598388671875 -0.0979385375976563 0.111618041992188
-0.333465576171875 -0.20086669921875 -0.054107666015625 0.0976181030273438
-0.353912353515625 -0.164154052734375 -0.0796966552734375 0.0545425415039062
-0.260543823242188 -0.269790649414063 -0.085845947265625 -0.0393142700195313
-0.147186279296875 -0.401336669921875 -0.0688629150390625 -0.194854736328125
0.00836181640625004 -0.46588134765625 -0.024871826171875 -0.2626953125
0.30242919921875 -0.42694091796875 0.117767333984375 -0.322662353515625
0.316864013671875 -0.313873291015625 0.252044677734375 -0.2855224609375
0.419158935546875 -0.42510986328125 0.186080932617188 0.032989501953125
0.230010986328125 -0.475006103515625 0.220260620117188 -0.192626953125
0.129806518554688 -0.27777099609375 -0.389892578125 0.116302490234375
0.25543212890625 -0.298492431640625 -0.08740234375 0.50152587890625
0.159088134765625 -0.396087646484375 0.178802490234375 0.3126220703125
-0.070953369140625 -0.48681640625 0.128158569335938 0.121528625488281
-0.29766845703125 -0.336578369140625 0.056396484375 0.148605346679687
-0.36212158203125 -0.1575927734375 0.0616455078125 0.148178100585938
-0.348175048828125 -0.1697998046875 0.0800552368164062 0.110366821289062
-0.365142822265625 -0.140106201171875 0.0541496276855468 0.0694961547851562
-0.259674072265625 -0.260818481445313 0.0399856567382812 0.0139541625976562
-0.1119384765625 -0.400054931640625 0.02880859375 -0.125686645507813
0.0965576171875 -0.427032470703125 0.0489501953125 -0.216751098632813
0.33807373046875 -0.28924560546875 0.19970703125 -0.313018798828125
0.251556396484375 -0.180389404296875 0.40869140625 -0.326904296875
0.26971435546875 -0.389434814453125 0.362030029296875 -0.023834228515625
0.00549316406249999 -0.360809326171875 0.304931640625 -0.285369873046875
-0.00586700439453126 -0.112335205078125 -0.221282958984375 0.0818328857421875
0.219619750976563 -0.131439208984375 0.023193359375 0.39935302734375
0.1597900390625 -0.295318603515625 0.18743896484375 0.272598266601563
-0.07470703125 -0.406005859375 0.163894653320313 0.196044921875
-0.291839599609375 -0.26165771484375 0.1873779296875 0.224456787109375
-0.32342529296875 -0.09539794921875 0.214447021484375 0.160385131835938
-0.310699462890625 -0.115570068359375 0.2017822265625 0.108184814453125
-0.326446533203125 -0.09814453125 0.175277709960937 0.076629638671875
-0.229339599609375 -0.220596313476562 0.146926879882812 0.06744384765625
-0.058990478515625 -0.343292236328125 0.104331970214844 -0.0368499755859375
0.167755126953125 -0.30743408203125 0.100555419921875 -0.1475830078125
0.285186767578125 -0.093536376953125 0.268234252929688 -0.280242919921875
0.101432800292969 -0.0389938354492188 0.561920166015625 -0.317657470703125
0.0655517578125 -0.32916259765625 0.493804931640625 -0.053192138671875
-0.196823120117188 -0.169052124023438 0.330780029296875 -0.33758544921875
-0.0967788696289062 0.070556640625 -0.0951309204101563 0.0450668334960938
0.184646606445312 0.0306549072265625 0.076019287109375 0.29791259765625
0.143539428710938 -0.169677734375 0.166397094726563 0.247207641601563
-0.0621185302734375 -0.267166137695313 0.188232421875 0.256790161132813
-0.227890014648437 -0.147842407226563 0.29205322265625 0.2640380859375
-0.2255859375 -0.0218505859375 0.329437255859375 0.147491455078125
-0.22479248046875 -0.044189453125 0.293243408203125 0.091583251953125
-0.249420166015625 -0.0418853759765625 0.270599365234375 0.07684326171875
-0.182464599609375 -0.152481079101562 0.225860595703125 0.11431884765625
-0.0160064697265625 -0.2451171875 0.143905639648438 0.0530242919921875
0.180709838867188 -0.149749755859375 0.111740112304688 -0.0848541259765625
0.139137268066406 0.0856552124023438 0.3145751953125 -0.256011962890625
-0.102714538574219 0.052398681640625 0.68792724609375 -0.276611328125
-0.153518676757813 -0.262985229492188 0.5596923828125 -0.0655517578125
0.3983154296875 0.111358642578125 -0.499786376953125 0.0603332519531251
0.257614135742187 -0.100296020507812 -0.77227783203125 0.23876953125
0.021392822265625 -0.176361083984375 -0.30810546875 0.293182373046875
-0.111228942871094 -0.0206832885742187 -0.0722122192382813 0.0725860595703125
0.0040130615234375 0.1207275390625 -0.118812561035156 -0.125740051269531
0.155563354492188 0.05352783203125 -0.260574340820312 -0.150802612304688
0.121337890625 -0.0585861206054688 -0.329833984375 -0.0541076660156251
0.101058959960938 -0.05023193359375 -0.3203125 -0.035491943359375
0.113609313964844 -0.0522842407226563 -0.359405517578125 -0.0799255371093749
0.114852905273438 0.0154266357421875 -0.350128173828125 -0.214080810546875
0.0352630615234375 0.0963516235351563 -0.259384155273437 -0.261505126953125
-0.1265869140625 0.041046142578125 -0.169815063476563 -0.230178833007813
-0.0990447998046875 -0.163925170898438 -0.0742340087890625 -0.251800537109375
0.0987701416015625 -0.226318359375 -0.0300445556640625 -0.0834197998046875
0.30889892578125 -0.0477294921875 -0.3587646484375 0.2618408203125
0.521087646484375 -0.02069091796875 -0.403045654296875 0.0556030273437501
0.3934326171875 -0.142547607421875 -0.80621337890625 0.19091796875
0.191787719726563 -0.280624389648438 -0.34881591796875 0.3603515625
-0.0172882080078125 -0.1673583984375 -0.0354156494140625 0.1162109375
-0.00533294677734375 -0.0426750183105469 -0.092315673828125 -0.146591186523437
0.0687942504882813 -0.0540199279785156 -0.280929565429687 -0.151809692382812
0.00155639648437499 -0.115402221679688 -0.347015380859375 -0.021881103515625
-0.0316543579101563 -0.114517211914063 -0.31549072265625 0.00427246093750004
-0.0386734008789063 -0.104530334472656 -0.357574462890625 -0.035430908203125
-0.00827789306640625 -0.088897705078125 -0.355072021484375 -0.177001953125
-0.029937744140625 -0.0635910034179688 -0.264068603515625 -0.264816284179688
-0.113983154296875 -0.118072509765625 -0.160751342773437 -0.24371337890625
-0.012725830078125 -0.286834716796875 -0.0590667724609375 -0.241470336914063
0.1668701171875 -0.328216552734375 -0.03399658203125 -0.084320068359375
0.4139404296875 -0.223052978515625 -0.284454345703125 0.241119384765625
0.56976318359375 -0.1888427734375 -0.254470825195313 0.0430145263671874
0.444244384765625 -0.219879150390625 -0.77972412109375 0.1651611328125
0.303009033203125 -0.37115478515625 -0.3638916015625 0.452056884765625
0.071197509765625 -0.304351806640625 0.00775146484375003 0.198379516601562
-0.013519287109375 -0.222381591796875 -0.0492401123046875 -0.11651611328125
-0.0372467041015625 -0.173080444335938 -0.2579345703125 -0.11383056640625
-0.12841796875 -0.160598754882812 -0.31280517578125 0.021270751953125
-0.1607666015625 -0.1622314453125 -0.26263427734375 0.043548583984375
-0.180130004882813 -0.137481689453125 -0.29913330078125 0.00765991210937498
-0.12646484375 -0.171676635742188 -0.302581787109375 -0.12939453125
-0.101242065429688 -0.20947265625 -0.23468017578125 -0.252685546875
-0.102264404296875 -0.274734497070313 -0.141387939453125 -0.258026123046875
0.085113525390625 -0.395263671875 -0.025360107421875 -0.262374877929688
0.23468017578125 -0.38592529296875 0.0138473510742188 -0.129585266113281
0.468505859375 -0.353118896484375 -0.157669067382812 0.184173583984375
0.52874755859375 -0.36328125 -0.0846786499023437 -0.00353240966796877
0.395965576171875 -0.31561279296875 -0.68902587890625 0.1619873046875
0.32470703125 -0.433990478515625 -0.3160400390625 0.5267333984375
0.119659423828125 -0.40771484375 0.0669403076171875 0.277114868164063
-0.037628173828125 -0.378814697265625 0.00746536254882813 -0.0478973388671875
-0.152175903320312 -0.275421142578125 -0.187744140625 -0.0387420654296875
-0.2491455078125 -0.183502197265625 -0.225128173828125 0.0705566406249999
-0.266510009765625 -0.184219360351563 -0.16986083984375 0.077362060546875
-0.288726806640625 -0.14892578125 -0.199295043945313 0.039276123046875
-0.2154541015625 -0.226837158203125 -0.205551147460938 -0.08209228515625
-0.15234375 -0.32147216796875 -0.168624877929688 -0.229248046875
-0.0732421875 -0.399261474609375 -0.099822998046875 -0.263885498046875
0.184967041015625 -0.456390380859375 0.02716064453125 -0.293121337890625
0.28631591796875 -0.386627197265625 0.105621337890625 -0.207183837890625
0.4642333984375 -0.423675537109375 0.00714111328125003 0.105514526367187
0.396087646484375 -0.47662353515625 0.0775527954101563 -0.09100341796875
0.267913818359375 -0.353057861328125 -0.546844482421875 0.15338134765625
0.28179931640625 -0.41632080078125 -0.202606201171875 0.5460205078125
0.1331787109375 -0.4388427734375 0.134307861328125 0.312713623046875
-0.07025146484375 -0.46942138671875 0.071044921875 0.034820556640625
-0.25103759765625 -0.3277587890625 -0.075531005859375 0.055328369140625
-0.335662841796875 -0.1763916015625 -0.0916290283203125 0.115028381347656
-0.332611083984375 -0.179351806640625 -0.04876708984375 0.0990371704101562
-0.349365234375 -0.142333984375 -0.0750579833984375 0.0583572387695313
-0.261489868164063 -0.250778198242187 -0.0825653076171875 -0.0368728637695313
-0.15985107421875 -0.38226318359375 -0.07464599609375 -0.188568115234375
-0.0103759765625 -0.451812744140625 -0.031890869140625 -0.250701904296875
0.273651123046875 -0.426361083984375 0.100677490234375 -0.312164306640625
0.29937744140625 -0.31512451171875 0.23431396484375 -0.2850341796875
0.38818359375 -0.431304931640625 0.18634033203125 0.02508544921875
0.201507568359375 -0.47222900390625 0.205886840820313 -0.199066162109375
0.113906860351563 -0.274444580078125 -0.376953125 0.1285400390625
0.234710693359375 -0.303009033203125 -0.068634033203125 0.4898681640625
0.141021728515625 -0.39080810546875 0.1815185546875 0.295867919921875
-0.09002685546875 -0.46868896484375 0.125869750976563 0.115386962890625
-0.303741455078125 -0.313934326171875 0.059906005859375 0.145767211914062
-0.36077880859375 -0.1383056640625 0.064239501953125 0.143798828125
-0.34637451171875 -0.147979736328125 0.0799102783203125 0.106132507324219
-0.359039306640625 -0.116973876953125 0.0542182922363281 0.0653495788574218
-0.261215209960938 -0.241424560546875 0.0417251586914062 0.00930023193359373
-0.1256103515625 -0.38427734375 0.02337646484375 -0.124740600585938
0.07720947265625 -0.4183349609375 0.0423736572265625 -0.20855712890625
0.314300537109375 -0.294769287109375 0.180023193359375 -0.304443359375
0.240081787109375 -0.181488037109375 0.3841552734375 -0.32989501953125
0.242828369140625 -0.39013671875 0.353271484375 -0.03631591796875
-0.01177978515625 -0.350982666015625 0.282745361328125 -0.292205810546875
-0.0111083984375 -0.108299255371094 -0.21490478515625 0.0883331298828125
0.207916259765625 -0.13958740234375 0.034454345703125 0.3861083984375
0.145233154296875 -0.294342041015625 0.187850952148438 0.256088256835938
-0.091949462890625 -0.39019775390625 0.165313720703125 0.18658447265625
-0.296295166015625 -0.240875244140625 0.192230224609375 0.213287353515625
-0.3197021484375 -0.07781982421875 0.213058471679687 0.14849853515625
-0.307098388671875 -0.09698486328125 0.196640014648437 0.09722900390625
-0.319671630859375 -0.0765380859375 0.170364379882812 0.0660247802734375
-0.231948852539063 -0.202484130859375 0.147506713867188 0.0552215576171875
-0.072052001953125 -0.331512451171875 0.101692199707031 -0.0416641235351563
0.14990234375 -0.307037353515625 0.093597412109375 -0.143112182617188
0.272506713867188 -0.101974487304688 0.248275756835938 -0.27447509765625
0.100578308105469 -0.0397186279296875 0.53143310546875 -0.329071044921875
0.046173095703125 -0.3228759765625 0.47833251953125 -0.069183349609375
-0.20068359375 -0.156112670898438 0.30413818359375 -0.342742919921875
-0.0911636352539062 0.0733108520507812 -0.0928955078125 0.0485458374023437
0.181564331054688 0.01898193359375 0.08251953125 0.28466796875
0.134353637695313 -0.171829223632813 0.16693115234375 0.233200073242188
-0.0748443603515625 -0.255462646484375 0.192123413085938 0.245086669921875
-0.230560302734375 -0.132583618164063 0.29620361328125 0.246673583984375
-0.220596313476563 -0.0105743408203125 0.32501220703125 0.12939453125
-0.221160888671875 -0.03131103515625 0.284332275390625 0.07574462890625
-0.243682861328125 -0.025360107421875 0.262557983398438 0.0608062744140625
-0.184127807617188 -0.137710571289062 0.22711181640625 0.097869873046875
-0.0267181396484375 -0.237564086914062 0.145050048828125 0.0445556640625
0.16998291015625 -0.15509033203125 0.106246948242188 -0.0826416015625
0.139617919921875 0.0783157348632813 0.2935791015625 -0.252716064453125
-0.0947265625 0.0573043823242187 0.6563720703125 -0.29461669921875
-0.163558959960938 -0.249404907226563 0.54217529296875 -0.081329345703125
0.3935546875 0.0987548828125 -0.48870849609375 0.0657348632812501
0.2510986328125 -0.103271484375 -0.75 0.24664306640625
0.016357421875 -0.1710205078125 -0.2960205078125 0.289794921875
-0.1103515625 -0.014434814453125 -0.0708160400390625 0.068695068359375
0.00868225097656249 0.118080139160156 -0.12310791015625 -0.120986938476562
0.15655517578125 0.0445098876953125 -0.26336669921875 -0.138336181640625
0.116905212402344 -0.062530517578125 -0.32440185546875 -0.04248046875
0.09765625 -0.05316162109375 -0.309326171875 -0.027191162109375
0.109611511230469 -0.0574417114257813 -0.348663330078125 -0.0701599121093751
0.114189147949219 0.009521484375 -0.34637451171875 -0.2039794921875
0.0385894775390625 0.0922317504882813 -0.259857177734375 -0.25396728515625
-0.122703552246094 0.0451126098632813 -0.166580200195313 -0.2218017578125
-0.100570678710937 -0.158721923828125 -0.075103759765625 -0.243728637695312
0.0911102294921875 -0.221847534179687 -0.0297393798828125 -0.0790786743164063
0.30352783203125 -0.055267333984375 -0.3411865234375 0.26416015625
0.51141357421875 -0.0316162109375 -0.3919677734375 0.05810546875
0.384002685546875 -0.146514892578125 -0.78485107421875 0.20001220703125
0.1807861328125 -0.276382446289063 -0.335205078125 0.35736083984375
-0.0204925537109375 -0.159637451171875 -0.034088134765625 0.111274719238281
-0.00379562377929687 -0.0406913757324219 -0.0978851318359375 -0.142120361328125
0.0694160461425781 -0.0585899353027344 -0.28289794921875 -0.13836669921875
-0.00136566162109375 -0.115188598632813 -0.339691162109375 -0.00979614257812499
-0.0339736938476562 -0.112144470214844 -0.30352783203125 0.0123291015625
-0.0408554077148438 -0.103515625 -0.345245361328125 -0.0260009765625001
-0.0085296630859375 -0.0887451171875 -0.349334716796875 -0.16668701171875
-0.0289306640625 -0.0628013610839844 -0.265365600585938 -0.256576538085938
-0.113426208496094 -0.111480712890625 -0.159378051757812 -0.235748291015625
-0.019775390625 -0.280258178710938 -0.060302734375 -0.233123779296875
0.157470703125 -0.322784423828125 -0.0334854125976562 -0.0790557861328125
0.40118408203125 -0.229034423828125 -0.2691650390625 0.242721557617187
0.552490234375 -0.1976318359375 -0.246566772460937 0.042877197265625
0.430511474609375 -0.223541259765625 -0.75970458984375 0.1759033203125
0.288116455078125 -0.3680419921875 -0.3482666015625 0.4488525390625
0.064910888671875 -0.295501708984375 0.00976562499999999 0.19140625
-0.0155487060546875 -0.21527099609375 -0.05462646484375 -0.113487243652344
-0.036865234375 -0.171478271484375 -0.259658813476562 -0.101837158203125
-0.12994384765625 -0.155929565429687 -0.306427001953125 0.0315551757812499
-0.161209106445313 -0.154998779296875 -0.252838134765625 0.0501251220703125
-0.179031372070312 -0.131027221679688 -0.28802490234375 0.01556396484375
-0.125518798828125 -0.1666259765625 -0.296295166015625 -0.120849609375
-0.101974487304687 -0.203018188476563 -0.236724853515625 -0.245635986328125
-0.105789184570312 -0.265426635742188 -0.141159057617188 -0.249313354492187
0.072998046875 -0.388153076171875 -0.029083251953125 -0.2523193359375
0.22210693359375 -0.38116455078125 0.0127716064453125 -0.123741149902344
0.4527587890625 -0.3580322265625 -0.146011352539062 0.18310546875
0.50848388671875 -0.369110107421875 -0.0813751220703125 -0.00567626953125001
0.3812255859375 -0.316680908203125 -0.67254638671875 0.168212890625
0.30657958984375 -0.432464599609375 -0.300384521484375 0.5220947265625
0.11126708984375 -0.398284912109375 0.0685882568359375 0.268173217773438
-0.0430908203125 -0.36981201171875 0.00263595581054688 -0.0471458435058594
-0.1524658203125 -0.26849365234375 -0.188064575195312 -0.0302581787109375
-0.248855590820313 -0.174591064453125 -0.219451904296875 0.0778961181640625
-0.264999389648438 -0.172988891601562 -0.162994384765625 0.0816497802734375
-0.28515625 -0.139373779296875 -0.190902709960938 0.0450897216796875
-0.213043212890625 -0.217498779296875 -0.200485229492188 -0.0771636962890625
-0.15606689453125 -0.310455322265625 -0.171295166015625 -0.22332763671875
-0.079345703125 -0.386199951171875 -0.09893798828125 -0.254623413085938
0.16937255859375 -0.449615478515625 0.02130126953125 -0.28265380859375
0.275115966796875 -0.382598876953125 0.10101318359375 -0.201217651367188
0.44427490234375 -0.427154541015625 0.0139083862304688 0.103111267089844
0.37591552734375 -0.474945068359375 0.0746612548828125 -0.0944442749023438
0.253265380859375 -0.349884033203125 -0.53485107421875 0.16070556640625
0.265167236328125 -0.415069580078125 -0.191162109375 0.538299560546875
0.12548828125 -0.42938232421875 0.13470458984375 0.302032470703125
-0.0775146484375 -0.4560546875 0.066802978515625 0.0335617065429687
-0.251007080078125 -0.3154296875 -0.0745391845703125 0.05938720703125
-0.332733154296875 -0.1630859375 -0.0888214111328125 0.118186950683594
-0.329254150390625 -0.165283203125 -0.0463638305664063 0.100967407226562
-0.343902587890625 -0.13018798828125 -0.0707626342773438 0.0609970092773438
-0.257644653320313 -0.238845825195312 -0.0791168212890625 -0.036407470703125
-0.163482666015625 -0.37030029296875 -0.0779876708984375 -0.184524536132813
-0.017730712890625 -0.442291259765625 -0.0322723388671875 -0.242630004882813
0.25616455078125 -0.422119140625 0.092254638671875 -0.30108642578125
0.288848876953125 -0.31219482421875 0.225234985351563 -0.2803955078125
0.369049072265625 -0.431854248046875 0.1865234375 0.0217437744140625
0.184112548828125 -0.46795654296875 0.196014404296875 -0.201950073242188
0.104339599609375 -0.27001953125 -0.369537353515625 0.133331298828125
0.22210693359375 -0.30352783203125 -0.060791015625 0.48272705078125
0.1326904296875 -0.3857421875 0.177978515625 0.2843017578125
-0.099761962890625 -0.456634521484375 0.123077392578125 0.112144470214844
-0.3048095703125 -0.29974365234375 0.0616912841796875 0.144866943359375
-0.356536865234375 -0.124298095703125 0.0644378662109375 0.141250610351563
-0.344024658203125 -0.134552001953125 0.0778427124023437 0.104011535644531
-0.35101318359375 -0.10247802734375 0.0537147521972656 0.0644302368164063
-0.259033203125 -0.228317260742187 0.0428428649902344 0.00495910644531249
-0.1295166015625 -0.372833251953125 0.0203933715820313 -0.124214172363281
0.068450927734375 -0.411895751953125 0.04046630859375 -0.20166015625
0.300445556640625 -0.2945556640625 0.17059326171875 -0.294189453125
0.235122680664063 -0.180877685546875 0.36920166015625 -0.32794189453125
0.2259521484375 -0.3876953125 0.3475341796875 -0.04071044921875
-0.021728515625 -0.34271240234375 0.267852783203125 -0.293975830078125
-0.01422119140625 -0.105239868164063 -0.211166381835938 0.090789794921875
0.20001220703125 -0.143768310546875 0.03875732421875 0.376861572265625
0.138519287109375 -0.291656494140625 0.184600830078125 0.246795654296875
-0.1007080078125 -0.37939453125 0.163345336914063 0.1817626953125
-0.296844482421875 -0.22705078125 0.193740844726562 0.20758056640625
-0.315460205078125 -0.066802978515625 0.210311889648437 0.142288208007813
-0.302825927734375 -0.08447265625 0.190765380859375 0.0923614501953125
-0.31243896484375 -0.0639343261718749 0.166107177734375 0.0606536865234375
-0.230453491210937 -0.190399169921875 0.147674560546875 0.04718017578125
-0.07855224609375 -0.321868896484375 0.099700927734375 -0.0440826416015625
0.14154052734375 -0.30438232421875 0.091888427734375 -0.137847900390625
0.264602661132813 -0.105377197265625 0.23529052734375 -0.265274047851562
0.100975036621094 -0.0389175415039063 0.512847900390625 -0.32928466796875
0.03460693359375 -0.31671142578125 0.4676513671875 -0.073211669921875
-0.201339721679688 -0.146896362304688 0.28717041015625 -0.341583251953125
-0.0882339477539062 0.0744400024414063 -0.092315673828125 0.0483169555664062
0.177520751953125 0.0115203857421875 0.084075927734375 0.27593994140625
0.1287841796875 -0.171920776367188 0.1634521484375 0.224868774414063
-0.0816192626953125 -0.2479248046875 0.193252563476563 0.239166259765625
-0.230514526367188 -0.121322631835938 0.298431396484375 0.2359619140625
-0.216476440429688 -0.00315856933593752 0.319732666015625 0.12109375
-0.217575073242188 -0.0225677490234375 0.275131225585938 0.068389892578125
-0.237457275390625 -0.0153045654296875 0.25543212890625 0.05206298828125
-0.182357788085938 -0.128692626953125 0.226303100585938 0.08599853515625
-0.03253173828125 -0.232025146484375 0.145660400390625 0.0390472412109375
0.162994384765625 -0.156875610351563 0.103919982910156 -0.0787277221679688
0.139991760253906 0.0746383666992188 0.28118896484375 -0.24468994140625
-0.088134765625 0.0594940185546875 0.635498046875 -0.300048828125
-0.168899536132813 -0.240768432617187 0.5291748046875 -0.086578369140625
0.39532470703125 0.091217041015625 -0.48486328125 0.0675048828125001
0.248931884765625 -0.105499267578125 -0.74261474609375 0.25091552734375
0.0136871337890625 -0.169998168945313 -0.29345703125 0.289031982421875
-0.11151123046875 -0.00942993164062501 -0.0715179443359375 0.0659408569335938
0.0127029418945313 0.118148803710938 -0.128662109375 -0.119087219238281
0.158523559570312 0.0369720458984375 -0.269775390625 -0.12945556640625
0.114707946777344 -0.0666046142578125 -0.32281494140625 -0.03338623046875
0.09588623046875 -0.055419921875 -0.304534912109375 -0.023040771484375
0.106109619140625 -0.06256103515625 -0.34283447265625 -0.066680908203125
0.115058898925781 0.00485992431640625 -0.3468017578125 -0.198638916015625
0.0419464111328125 0.0908432006835938 -0.264938354492188 -0.2513427734375
-0.121955871582031 0.0485153198242188 -0.166091918945312 -0.22088623046875
-0.102264404296875 -0.156723022460938 -0.0756683349609375 -0.241561889648438
0.087554931640625 -0.22088623046875 -0.0288925170898438 -0.0761871337890625
0.304046630859375 -0.061767578125 -0.33233642578125 0.26763916015625
0.510101318359375 -0.040496826171875 -0.38836669921875 0.05804443359375
0.381011962890625 -0.15045166015625 -0.78118896484375 0.20654296875
0.175338745117188 -0.277328491210938 -0.33148193359375 0.35906982421875
-0.0228424072265625 -0.1549072265625 -0.0343780517578125 0.108169555664062
-0.00130462646484375 -0.0391921997070312 -0.103775024414063 -0.140823364257812
0.0717391967773438 -0.0640029907226563 -0.2889404296875 -0.128662109375
-0.00375366210937499 -0.116706848144531 -0.338287353515625 -0.00122070312499999
-0.0361175537109375 -0.111625671386719 -0.29925537109375 0.01715087890625
-0.0435256958007813 -0.104957580566406 -0.3394775390625 -0.0208740234374999
-0.00769042968750001 -0.09112548828125 -0.348876953125 -0.161865234375
-0.0277290344238281 -0.0633926391601563 -0.271240234375 -0.253952026367188
-0.114479064941406 -0.108757019042969 -0.158203125 -0.233718872070313
-0.0243377685546875 -0.278396606445313 -0.06097412109375 -0.229782104492188
0.152740478515625 -0.32122802734375 -0.032318115234375 -0.075164794921875
0.398651123046875 -0.23583984375 -0.26055908203125 0.24444580078125
0.549102783203125 -0.207000732421875 -0.242660522460937 0.0410003662109375
0.426239013671875 -0.22845458984375 -0.75762939453125 0.18206787109375
0.279754638671875 -0.36962890625 -0.343292236328125 0.450408935546875
0.06219482421875 -0.29205322265625 0.00978088378906252 0.188156127929687
-0.0157318115234375 -0.21356201171875 -0.0600967407226563 -0.113456726074219
-0.035736083984375 -0.174697875976562 -0.264404296875 -0.0931549072265626
-0.132034301757812 -0.154525756835938 -0.304229736328125 0.03973388671875
-0.163543701171875 -0.1512451171875 -0.248825073242188 0.055908203125
-0.181106567382813 -0.1295166015625 -0.28277587890625 0.02008056640625
-0.12493896484375 -0.166229248046875 -0.29608154296875 -0.11737060546875
-0.103515625 -0.201812744140625 -0.241592407226563 -0.243255615234375
-0.107986450195313 -0.262496948242188 -0.13958740234375 -0.2470703125
0.066314697265625 -0.3875732421875 -0.030181884765625 -0.247756958007813
0.21820068359375 -0.38116455078125 0.0134353637695313 -0.120155334472656
0.446258544921875 -0.36578369140625 -0.138442993164062 0.183486938476562
0.5003662109375 -0.374420166015625 -0.0797653198242187 -0.00920104980468753
0.374053955078125 -0.3197021484375 -0.6710205078125 0.175537109375
0.29840087890625 -0.432708740234375 -0.296478271484375 0.524932861328125
0.107879638671875 -0.395233154296875 0.069061279296875 0.26531982421875
-0.046600341796875 -0.365631103515625 -0.00142669677734375 -0.0479812622070313
-0.153350830078125 -0.267730712890625 -0.191009521484375 -0.0228729248046875
-0.251129150390625 -0.170455932617187 -0.218780517578125 0.08441162109375
-0.267440795898437 -0.166305541992188 -0.16021728515625 0.086761474609375
-0.285980224609375 -0.1336669921875 -0.186752319335938 0.04949951171875
-0.21319580078125 -0.21484375 -0.19921875 -0.075714111328125
-0.157073974609375 -0.30780029296875 -0.175918579101563 -0.222030639648438
-0.083160400390625 -0.384552001953125 -0.0979156494140625 -0.251922607421875
0.161895751953125 -0.45037841796875 0.020050048828125 -0.276153564453125
0.2718505859375 -0.381988525390625 0.10003662109375 -0.198654174804688
0.4361572265625 -0.43402099609375 0.0189208984375 0.102394104003906
0.3662109375 -0.480316162109375 0.0740585327148438 -0.099212646484375
0.246368408203125 -0.349853515625 -0.533477783203125 0.164337158203125
0.257965087890625 -0.417236328125 -0.185546875 0.54046630859375
0.120758056640625 -0.4298095703125 0.133880615234375 0.298309326171875
-0.083251953125 -0.452545166015625 0.0639495849609375 0.0326347351074219
-0.254486083984375 -0.312347412109375 -0.0751800537109375 0.06353759765625
-0.33465576171875 -0.157318115234375 -0.088958740234375 0.122581481933594
-0.332061767578125 -0.15667724609375 -0.0451812744140625 0.104301452636719
-0.343231201171875 -0.121185302734375 -0.0677871704101563 0.0631141662597656
-0.257537841796875 -0.234054565429688 -0.0778121948242188 -0.0373153686523438
-0.168182373046875 -0.3660888671875 -0.0819549560546875 -0.184616088867188
-0.023681640625 -0.440155029296875 -0.031463623046875 -0.239883422851563
0.24835205078125 -0.424072265625 0.09033203125 -0.294830322265625
0.287872314453125 -0.31378173828125 0.221725463867188 -0.277633666992188
0.359527587890625 -0.43646240234375 0.189697265625 0.0200653076171875
0.175750732421875 -0.469512939453125 0.192291259765625 -0.2073974609375
0.0981903076171875 -0.269668579101563 -0.36920166015625 0.1365966796875
0.215576171875 -0.30706787109375 -0.057037353515625 0.482208251953125
0.1298828125 -0.387237548828125 0.176971435546875 0.281051635742187
-0.107391357421875 -0.452545166015625 0.121475219726562 0.111129760742187
-0.308624267578125 -0.294158935546875 0.0634307861328125 0.14569091796875
-0.358489990234375 -0.11724853515625 0.06402587890625 0.143234252929688
-0.344329833984375 -0.125732421875 0.0768508911132812 0.105880737304687
-0.349578857421875 -0.0944213867187499 0.0539741516113281 0.0647239685058594
-0.258834838867188 -0.223831176757813 0.0440330505371094 0.00150680541992186
-0.135711669921875 -0.3675537109375 0.017852783203125 -0.125358581542969
0.06268310546875 -0.41058349609375 0.0416107177734375 -0.198989868164063
0.294830322265625 -0.296905517578125 0.16766357421875 -0.286651611328125
0.235488891601563 -0.181610107421875 0.363311767578125 -0.32806396484375
0.21673583984375 -0.388336181640625 0.349609375 -0.042755126953125
-0.027923583984375 -0.3406982421875 0.261505126953125 -0.298492431640625
-0.0171051025390625 -0.103057861328125 -0.212127685546875 0.0931549072265625
0.196441650390625 -0.147430419921875 0.040679931640625 0.376708984375
0.136260986328125 -0.2947998046875 0.18170166015625 0.243850708007812
-0.108306884765625 -0.375701904296875 0.164260864257813 0.181442260742187
-0.300140380859375 -0.2196044921875 0.19720458984375 0.204803466796875
-0.31634521484375 -0.059295654296875 0.208969116210938 0.141311645507813
-0.3035888671875 -0.076324462890625 0.188018798828125 0.0921478271484375
-0.310302734375 -0.054931640625 0.16461181640625 0.058685302734375
-0.230575561523437 -0.185089111328125 0.148361206054687 0.0414276123046875
-0.083251953125 -0.319244384765625 0.0998382568359375 -0.04669189453125
0.136688232421875 -0.30560302734375 0.0928726196289063 -0.135337829589844
0.262542724609375 -0.107345581054688 0.232009887695313 -0.258941650390625
0.103965759277344 -0.0389328002929688 0.505035400390625 -0.33245849609375
0.026123046875 -0.315826416015625 0.468048095703125 -0.074737548828125
-0.203414916992188 -0.142257690429688 0.27911376953125 -0.346343994140625
-0.0875473022460938 0.076995849609375 -0.0939483642578125 0.050018310546875
0.176956176757813 0.0069122314453125 0.083404541015625 0.272933959960938
0.127456665039063 -0.174835205078125 0.160919189453125 0.223297119140625
-0.0877838134765625 -0.24407958984375 0.195144653320313 0.2388916015625
-0.233413696289063 -0.114303588867187 0.302825927734375 0.231414794921875
-0.215972900390625 0.00292968750000005 0.318084716796875 0.11663818359375
-0.217803955078125 -0.016510009765625 0.271194458007813 0.0650482177734375
-0.2357177734375 -0.00756835937500005 0.252761840820313 0.0474853515625
-0.183502197265625 -0.123443603515625 0.227737426757812 0.079193115234375
-0.0364227294921875 -0.23114013671875 0.147537231445313 0.0357666015625
0.160354614257813 -0.160369873046875 0.105010986328125 -0.0755081176757813
0.142257690429688 0.0729217529296875 0.27587890625 -0.239044189453125
-0.0838394165039063 0.0612945556640625 0.6260986328125 -0.30413818359375
-0.175033569335938 -0.237060546875 0.528594970703125 -0.086151123046875
0.403839111328125 0.080291748046875 -0.490203857421875 0.076629638671875
0.251220703125 -0.114166259765625 -0.74652099609375 0.26861572265625
0.00885009765624999 -0.172409057617188 -0.2919921875 0.29583740234375
-0.113304138183594 -0.00329589843750001 -0.07366943359375 0.064666748046875
0.0185928344726563 0.119636535644531 -0.137016296386719 -0.117500305175781
0.1622314453125 0.02825927734375 -0.280380249023438 -0.118499755859375
0.113258361816406 -0.0730133056640625 -0.326995849609375 -0.021087646484375
0.0949020385742187 -0.0597763061523437 -0.30450439453125 -0.015228271484375
0.10400390625 -0.0686569213867188 -0.34515380859375 -0.0616455078125
0.117874145507813 -0.00077056884765625 -0.356536865234375 -0.193756103515625
0.0463714599609375 0.0896148681640625 -0.27728271484375 -0.249298095703125
-0.121871948242188 0.0548095703125 -0.169418334960938 -0.220901489257813
-0.108612060546875 -0.15655517578125 -0.0796051025390625 -0.243438720703125
0.0821685791015625 -0.223663330078125 -0.0293197631835938 -0.0750045776367188
0.3092041015625 -0.072357177734375 -0.326812744140625 0.277313232421875
0.5159912109375 -0.056640625 -0.391510009765625 0.06414794921875
0.3834228515625 -0.161895751953125 -0.785400390625 0.2239990234375
0.169281005859375 -0.284820556640625 -0.32989501953125 0.370025634765625
-0.0261077880859375 -0.152908325195312 -0.0338134765625 0.10748291015625
0.000202178955078128 -0.03857421875 -0.1124267578125 -0.14080810546875
0.0732192993164063 -0.0711517333984375 -0.299346923828125 -0.1180419921875
-0.00753784179687501 -0.120246887207031 -0.341461181640625 0.0123291015625
-0.0399398803710937 -0.112220764160156 -0.29888916015625 0.0260925292968749
-0.04852294921875 -0.107009887695312 -0.34063720703125 -0.0138244628906251
-0.0086669921875 -0.095184326171875 -0.35638427734375 -0.155792236328125
-0.0281219482421875 -0.0642280578613281 -0.282958984375 -0.252288818359375
-0.118003845214844 -0.105278015136719 -0.161956787109375 -0.234146118164062
-0.0316162109375 -0.281280517578125 -0.0651702880859375 -0.230438232421875
0.147796630859375 -0.326904296875 -0.0321121215820312 -0.0729446411132813
0.400726318359375 -0.2508544921875 -0.253890991210938 0.252044677734375
0.551910400390625 -0.223785400390625 -0.244140625 0.0426025390625
0.4261474609375 -0.241180419921875 -0.7633056640625 0.198486328125
0.274810791015625 -0.379974365234375 -0.339569091796875 0.463043212890625
0.057830810546875 -0.29400634765625 0.0128936767578125 0.188461303710937
-0.0198974609375 -0.213790893554687 -0.06768798828125 -0.114639282226563
-0.0380706787109375 -0.179763793945313 -0.273818969726563 -0.0830841064453125
-0.138168334960938 -0.154647827148437 -0.3070068359375 0.053314208984375
-0.169464111328125 -0.148239135742187 -0.2471923828125 0.0648193359375
-0.187942504882813 -0.126327514648438 -0.282562255859375 0.028106689453125
-0.12835693359375 -0.16717529296875 -0.30133056640625 -0.113037109375
-0.108016967773437 -0.202041625976563 -0.253875732421875 -0.24188232421875
-0.115005493164062 -0.26220703125 -0.143585205078125 -0.24755859375
0.057220458984375 -0.3931884765625 -0.0334930419921875 -0.24761962890625
0.21392822265625 -0.388458251953125 0.0133132934570313 -0.118721008300781
0.44427490234375 -0.38427734375 -0.132080078125 0.187606811523438
0.495819091796875 -0.39385986328125 -0.0799102783203125 -0.0127334594726563
0.371917724609375 -0.3316650390625 -0.67791748046875 0.1920166015625
0.2904052734375 -0.446075439453125 -0.289581298828125 0.5394287109375
0.10308837890625 -0.401397705078125 0.07366943359375 0.266448974609375
-0.05511474609375 -0.368499755859375 -0.0069427490234375 -0.0494956970214844
-0.15972900390625 -0.270294189453125 -0.196685791015625 -0.015167236328125
-0.25909423828125 -0.165313720703125 -0.219955444335938 0.09625244140625
-0.275299072265625 -0.159912109375 -0.157867431640625 0.0951080322265625
-0.29205322265625 -0.127349853515625 -0.18426513671875 0.055938720703125
-0.218505859375 -0.213516235351562 -0.202163696289063 -0.074127197265625
-0.166046142578125 -0.307708740234375 -0.186019897460938 -0.222183227539063
-0.09332275390625 -0.388092041015625 -0.101333618164063 -0.253311157226563
0.15203857421875 -0.459442138671875 0.016387939453125 -0.274993896484375
0.269378662109375 -0.392425537109375 0.0987701416015625 -0.200225830078125
0.43072509765625 -0.45147705078125 0.02545166015625 0.102638244628906
0.3572998046875 -0.49639892578125 0.0725250244140625 -0.106689453125
0.239990234375 -0.359832763671875 -0.538482666015625 0.17822265625
0.249176025390625 -0.429107666015625 -0.179107666015625 0.554412841796875
0.11492919921875 -0.436798095703125 0.14007568359375 0.299713134765625
-0.096466064453125 -0.455596923828125 0.0617332458496094 0.0308341979980469
-0.262786865234375 -0.312225341796875 -0.0756378173828125 0.0693740844726562
-0.34320068359375 -0.149261474609375 -0.0884780883789063 0.130882263183594
-0.340484619140625 -0.147796630859375 -0.0429306030273438 0.110923767089844
-0.34967041015625 -0.11090087890625 -0.0648841857910156 0.0676002502441406
-0.263961791992188 -0.231613159179687 -0.07904052734375 -0.0381546020507813
-0.17730712890625 -0.36602783203125 -0.08953857421875 -0.186126708984375
-0.03424072265625 -0.444427490234375 -0.03314208984375 -0.241607666015625
0.23992919921875 -0.43505859375 0.088165283203125 -0.294036865234375
0.286590576171875 -0.32281494140625 0.218475341796875 -0.2838134765625
0.35101318359375 -0.451995849609375 0.196441650390625 0.016143798828125
0.1632080078125 -0.47955322265625 0.188034057617188 -0.218460083007813
0.09124755859375 -0.273162841796875 -0.373809814453125 0.146575927734375
0.209320068359375 -0.316375732421875 -0.050048828125 0.492156982421875
0.124786376953125 -0.39605712890625 0.181884765625 0.281707763671875
-0.121612548828125 -0.454498291015625 0.123306274414063 0.109832763671875
-0.31915283203125 -0.289642333984375 0.0676422119140625 0.1475830078125
-0.36688232421875 -0.106964111328125 0.0667266845703125 0.147384643554688
-0.352325439453125 -0.1143798828125 0.079864501953125 0.109230041503906
-0.3543701171875 -0.0826110839843751 0.0572776794433593 0.0662384033203125
-0.265823364257813 -0.219467163085937 0.045196533203125 -0.00239944458007814
-0.145782470703125 -0.36871337890625 0.0137176513671875 -0.1290283203125
0.05352783203125 -0.417816162109375 0.04156494140625 -0.200790405273438
0.29083251953125 -0.30706787109375 0.166290283203125 -0.286346435546875
0.237457275390625 -0.189346313476562 0.3599853515625 -0.33782958984375
0.206329345703125 -0.3984375 0.356536865234375 -0.048858642578125
-0.0380859375 -0.344268798828125 0.255035400390625 -0.311676025390625
-0.021087646484375 -0.101387023925781 -0.215789794921875 0.0997314453125
0.194290161132812 -0.155532836914063 0.04669189453125 0.380615234375
0.13275146484375 -0.303619384765625 0.18548583984375 0.24468994140625
-0.12188720703125 -0.376251220703125 0.169692993164062 0.180831909179687
-0.3104248046875 -0.21295166015625 0.206375122070312 0.203201293945313
-0.321441650390625 -0.0487365722656249 0.213180541992187 0.140304565429687
-0.310211181640625 -0.065582275390625 0.189682006835937 0.09173583984375
-0.313812255859375 -0.04376220703125 0.1669921875 0.0560302734375
-0.236083984375 -0.18011474609375 0.15234375 0.03515625
-0.09234619140625 -0.32098388671875 0.100349426269531 -0.050933837890625
0.13189697265625 -0.314300537109375 0.0941543579101563 -0.136199951171875
0.264266967773438 -0.114654541015625 0.230697631835938 -0.258575439453125
0.107460021972656 -0.0414276123046875 0.501434326171875 -0.344818115234375
0.015167236328125 -0.31890869140625 0.475860595703125 -0.083160400390625
-0.209747314453125 -0.138320922851562 0.271331787109375 -0.358856201171875
-0.0876922607421875 0.0822601318359375 -0.096160888671875 0.0528564453125
0.179092407226563 0.00054931640625 0.0880279541015625 0.27496337890625
0.125762939453125 -0.182571411132813 0.163238525390625 0.223648071289062
-0.097869873046875 -0.243209838867188 0.204238891601563 0.239059448242188
-0.240493774414063 -0.106674194335937 0.314697265625 0.225921630859375
-0.219085693359375 0.0107574462890625 0.323089599609375 0.1114501953125
-0.221343994140625 -0.00837707519531248 0.2724609375 0.0606842041015625
-0.237136840820312 0.00155639648437501 0.254852294921875 0.0410614013671875
-0.189361572265625 -0.1192626953125 0.233840942382812 0.069793701171875
-0.04345703125 -0.234115600585937 0.152603149414063 0.0313262939453125
0.159286499023437 -0.167770385742187 0.106826782226563 -0.0754623413085938
0.147781372070313 0.0707550048828125 0.275360107421875 -0.2418212890625
-0.080902099609375 0.063262939453125 0.625732421875 -0.3197021484375
-0.1871337890625 -0.234786987304688 0.534027099609375 -0.094970703125
-0.0967818710389998 -0.384337673705272 -0.387156747283218 -0.335001570255595
-0.190304300941946 -0.174557365602679 -0.638000769320896 -0.514042661461951
-0.12995137865036 0.060363487231822 -0.395708047593909 -0.0956295931301895
0.0867820522112067 0.0907935956077895 -0.080192120498464 -0.0678774594557588
0.088166319052311 -0.0942607081054858 0.00930178489411567 -0.196908207170976
-0.0585295830226512 -0.123874978359183 -0.0404116007706557 -0.282915975062883
-0.107726649982645 -0.0585501921620851 -0.107130814118396 -0.292477461736917
-0.0844688165232964 -0.0318602296621019 -0.129602208127678 -0.286020382398902
-0.0992650537183524 -0.0341854011595365 -0.0872166827145192 -0.330788223887969
-0.0569293052584273 -0.085124044492665 -0.0182722085377708 -0.383801140804102
0.0438811966915992 -0.0826344021488746 0.0800117907608933 -0.386172080928183
0.134372141221603 0.0813967395493548 0.13229891163671 -0.284403236224906
-0.0242167720771942 0.204226089700049 0.17735253904427 -0.19828500288481
-0.213891239341475 0.0743649588549361 0.0531166782470081 -0.0333779625444787
-0.199903919958917 -0.218079902847723 -0.436684425440618 -0.0730215533651265
-0.277239390119706 -0.398617459859361 -0.310637414391595 -0.230160186987919
-0.308026255371437 -0.248500264810777 -0.625976356224603 -0.546864827127113
-0.317386026013279 -0.0148365190354179 -0.478961129852095 -0.0402923205252347
-0.107983010584623 0.118354299148108 -0.0706977129337436 0.0319036625773339
-0.0145110882183269 0.0373115349075247 0.0698088593592495 -0.186760678540589
-0.0760938591060197 0.00739084815532507 -0.0286089317352008 -0.306296973836821
-0.0839015275723687 0.0718386592328618 -0.124444702617423 -0.300822310002894
-0.0357649801886403 0.0965970457949161 -0.156886654796578 -0.270214896695949
-0.0421142301312086 0.114595143470393 -0.114503923817477 -0.314437468658261
-0.0495148981101922 0.0723705493079926 -0.0277288344000097 -0.366519402514904
-0.0176818110166146 0.0780607953983297 0.102039413942176 -0.386051903820897
-0.0062894861052951 0.178960246945141 0.164423890143239 -0.263798141267076
-0.163383148291906 0.241407697563372 0.176910056162776 -0.162729226937452
-0.331085574634005 0.0855495040651933 0.0481795741281012 -0.0203582500922549
-0.386637640074636 -0.196833287630176 -0.38073859254875 -0.014049528976491
-0.446319410084575 -0.334174226078743 -0.189515358478091 -0.0971795585828259
-0.400605389162048 -0.231045592579659 -0.58264019637579 -0.521922478751962
-0.46150933043248 -0.0531512459154318 -0.563185230862327 0.03650735570924
-0.295668994501892 0.13988924057755 -0.0944108223088587 0.156082104477252
-0.132538446384932 0.179813920562065 0.0993748292661736 -0.129157009772319
-0.0903082108715545 0.156700782492338 -0.0251549813961507 -0.27677060100318
-0.045985767807948 0.203076207496231 -0.130893342470392 -0.26354403099561
0.0188689292804909 0.210570250587357 -0.162431662186821 -0.212463768997838
0.0201342998634478 0.240024500930692 -0.115341618439659 -0.251730153105559
-0.0321211441576872 0.211589631736773 -0.0170477075089879 -0.301789114923335
-0.0657141669073065 0.230222907207315 0.129006905417416 -0.346968206156829
-0.144837447576048 0.27491343765382 0.202110576472121 -0.233047432982181
-0.303900022182632 0.264094791874032 0.209843698270275 -0.129998269466432
-0.419060888301741 0.0736111849722307 0.10622127593067 0.00580260236534468
-0.51388384683818 -0.16046620112564 -0.263338201038444 0.0545974352530912
-0.570282613371882 -0.188268838103362 -0.0224372875502527 0.0197423091591817
-0.446945862176876 -0.12470085248956 -0.513017052371647 -0.441717631506741
-0.533027571410635 -0.0337295806786716 -0.598400558576066 0.135268452562577
-0.427347696943712 0.173323149518911 -0.111374907553844 0.276073146784963
-0.225061124348065 0.314610272705614 0.0988421329521441 -0.0368444447933447
-0.0880196077469764 0.298673381843311 -0.0297403327510551 -0.188764153253885
0.0038118179062108 0.313506806802173 -0.124897319234568 -0.177510427672805
0.072433508890134 0.292147980164379 -0.14419817270221 -0.12032658873063
0.0760722211692823 0.324236491666449 -0.0928706293981494 -0.157930616034535
-0.0154418587964246 0.31061539549909 0.012012323332218 -0.202154228925176
-0.105784060811306 0.343369285007445 0.160773046051202 -0.269755360699882
-0.267966997038524 0.335456190426204 0.239034892687209 -0.177543931515981
-0.421062262097485 0.248269863229686 0.258346079870815 -0.0906991574225003
-0.460767926047063 0.0388667377172076 0.213066327393059 0.0426531224209366
-0.564985616278337 -0.110987939595908 -0.103079925247436 0.130405913296103
-0.594897777081017 -0.0077812477258996 0.169742449952542 0.0870233509971027
-0.396593517788922 0.0060204544847951 -0.412043068947844 -0.335641480952926
-0.504031236845992 -0.00685081206976665 -0.549720322567772 0.236493388503896
-0.475178008665178 0.187231370398639 -0.101299499920045 0.360786364879645
-0.265281202314221 0.401741653128434 0.0771091845904582 0.0691005652385565
-0.0625000234325197 0.394173226040591 -0.0367488761246333 -0.0551627607274785
0.0576858960826285 0.376034567604094 -0.101669958578813 -0.052491695453357
0.115998017326891 0.331016402192556 -0.103134726841755 -0.00910557385930939
0.114953924708515 0.35998011836409 -0.0506342865569749 -0.0481022555498091
-0.00655380965001072 0.357061540710541 0.0479029082055026 -0.0831728911772958
-0.14457526295507 0.390680792151047 0.182707040604478 -0.156965291186045
-0.358738316285654 0.318366986278434 0.259891671122858 -0.0945154389199531
-0.473817639049802 0.171181818676346 0.304486841788305 -0.0364915891787174
-0.426616651373037 -0.0106674054002268 0.338425361542014 0.0977487780286551
-0.531367571681016 -0.0438103971008376 0.072315102174167 0.210272037549192
-0.490077350404099 0.154338324895244 0.344459069185861 0.0959502280612707
-0.244250656080584 0.0786270287285919 -0.295398761930801 -0.232415827725742
-0.398670244209724 -0.0327189377413189 -0.442340940832184 0.30484192873304
-0.45105600597215 0.152108534778095 -0.0768908373099913 0.388022770102579
-0.252915779465755 0.414321695059591 0.0394853456235964 0.167732034749534
-0.0223391992186861 0.412456556428111 -0.0405196007262086 0.100324872698008
0.0996533601135891 0.372110560455848 -0.0637101022474762 0.091426293951653
0.140675072152123 0.319301378314127 -0.0458286314774422 0.104475661886481
0.13608707731135 0.343623933654414 -0.000381763545016954 0.0604520573634663
-0.0023393684120717 0.350578053751971 0.0769269870594883 0.0376305945967377
-0.171913376901911 0.364146492185958 0.177392268775434 -0.0280005255727191
-0.395327423471636 0.224803068457994 0.244145416549681 0.000847252275971016
-0.429873226625622 0.0432598588872653 0.327660718708932 0.0273394308874534
-0.304552982761871 -0.0517015238584701 0.453438336154025 0.176637542173681
-0.424650834627166 0.0455158861654856 0.230387062854906 0.287547643599146
-0.280254055892085 0.255153326186402 0.460212100585369 0.061479300847935
-0.0468356879273493 0.0673436627632576 -0.184424195050841 -0.146460931886796
-0.26191130277159 -0.103021216445694 -0.321606311902233 0.31276337173857
-0.37633288124935 0.0839785156709546 -0.0673073609605033 0.361170966314238
-0.200711490541939 0.350889915558129 -0.0115239187769746 0.249885235099508
0.0196580889597881 0.347574045201914 -0.0385379675572803 0.245747045460531
0.118424414709651 0.301378101787078 -0.0147982354053004 0.224143797468336
0.140458363274475 0.259409694970432 0.0191196164303171 0.202025559218365
0.137784220723961 0.284528442432779 0.048511364762842 0.156480138559889
0.00391405778130492 0.302524416225887 0.0897779558011649 0.144167827705643
-0.177024256799469 0.28916472325477 0.138754305912328 0.091791644091545
-0.357038159135727 0.089852893551806 0.189064632761582 0.0767298575330253
-0.287444418075169 -0.0808251844967572 0.327014348477612 0.0797941118442863
-0.124098885395273 -0.0414152664412925 0.535928053801507 0.271860320471597
-0.272253931639238 0.156401283456991 0.345956586411499 0.350600819274778
-0.0236047626603459 0.288641063141327 0.496655237544439 0.00836649878793681
0.134652364735531 0.00998845855730462 -0.10125614373373 -0.0919692089045502
-0.123696522888597 -0.172349977632771 -0.23324640810454 0.271610159332304
-0.264724042274097 0.00638058751204647 -0.0913985722778727 0.314237228067953
-0.125157082742071 0.230492592327886 -0.0665163365517691 0.316751684544507
0.0451321426615113 0.222176914510608 -0.0288225719177059 0.357517865431379
0.109676057662196 0.180704686817472 0.0341042541177797 0.320248767103956
0.119827968417024 0.161836738895489 0.0800605294747519 0.270860056616236
0.126050537463728 0.191486939941735 0.0896882751352179 0.232757029400497
0.0170261201302327 0.224836812483109 0.0876081016543835 0.226590601230192
-0.149335652057511 0.190317759049036 0.0746163909862609 0.178719803781145
-0.249847771902937 -0.0278268363854752 0.118199368000206 0.1027701069139
-0.083786170044035 -0.139811812242544 0.330278881041678 0.103553973614621
0.0606250132674278 0.0359341876379327 0.589251963279592 0.370746079972891
-0.108619865634498 0.271169588580672 0.408202206925557 0.378512104760207
-0.119814971390842 -0.376886341699183 -0.402157695316989 -0.317431262468001
-0.199797210271513 -0.16272292189887 -0.661952061127177 -0.477952783609018
-0.125184734355901 0.0685459078254141 -0.398156424715667 -0.0783441010839954
0.0951038921710694 0.0833945444195266 -0.0840526077046718 -0.0689442751371444
0.0815599938359317 -0.101628017488179 -0.00425623434803545 -0.200787373652825
-0.0692760102164201 -0.117346535185153 -0.0612797316288279 -0.27955574056879
-0.112517424346289 -0.049710456269293 -0.126418488140054 -0.281716772544605
-0.0871129496899744 -0.0261083078445076 -0.143424866223649 -0.275050337544797
-0.101512464862165 -0.0253418534542096 -0.10209800127202 -0.323364104839935
-0.0648714655216083 -0.0801106789851249 -0.0388153500538419 -0.382698891159638
0.0370602090058546 -0.0856324362732069 0.0575003897839181 -0.392354185119693
0.141045801763723 0.0722254110962135 0.120523397087322 -0.290692666514404
-0.0129086860525519 0.206066222278089 0.167773678081062 -0.207307246740728
-0.208240995688365 0.0850569840182146 0.0521872615129008 -0.0337890535979992
-0.215894385957731 -0.206243693161332 -0.437073837445318 -0.0463471217506047
-0.298958521361872 -0.380641228218702 -0.318556531036083 -0.216439756840872
-0.31958778405061 -0.229887339602517 -0.651409315243739 -0.51490911850169
-0.31671381959069 0.00462778835319736 -0.477952733458935 -0.0165646671959447
-0.0999619852314727 0.120353414371236 -0.0684202594433165 0.0322516798178641
-0.0132972610762894 0.0347901602925639 0.0572021094834334 -0.195555667999743
-0.0797751696401202 0.0139595342771147 -0.050485807847043 -0.303931617050743
-0.0816791147602708 0.0789125623065601 -0.144842970946161 -0.289816850535075
-0.0307816883008802 0.098337828028565 -0.171243463660807 -0.256170240795998
-0.0350539787686876 0.119043310114879 -0.129072726406267 -0.305077200028145
-0.0488303160517908 0.0763888035492457 -0.0483176855061376 -0.365258559650172
-0.0150656084527528 0.0789014164746701 0.0785403567223939 -0.392933875998079
0.00464913027328904 0.177645477501898 0.153707844900225 -0.271196381964825
-0.149255307666026 0.250929431248966 0.168890377140713 -0.169865659170604
-0.325540767678671 0.101534554745815 0.0469684562556806 -0.0194442406319074
-0.400637289717973 -0.173557977117871 -0.378578578619065 0.00911915912497149
-0.465071449205981 -0.30605560159733 -0.189353663805135 -0.0895141702481312
-0.409500407802277 -0.209311039643563 -0.609780678293856 -0.493314233860847
-0.461857112796753 -0.0255458962983105 -0.562197619983958 0.0632077015640294
-0.287100475974495 0.152968117610365 -0.0859003769304342 0.15911115954096
-0.122477378144913 0.184041879502388 0.0890667499570059 -0.139857648766366
-0.0850090007568699 0.16392532646436 -0.0442139218672248 -0.275160465619341
-0.0355184481521051 0.206283591856205 -0.149958401782495 -0.252356925213577
0.0310027587296638 0.207790401327572 -0.174050393615862 -0.19769580224274
0.0345133539474182 0.239273951124792 -0.128030264222939 -0.241508149840617
-0.0232018497137771 0.214195025789574 -0.0324892661201421 -0.300517130112434
-0.0545860130621555 0.233519300002219 0.107449119110573 -0.3566684620383
-0.128313698808144 0.282717138016184 0.192674320755014 -0.242401820568931
-0.288654620834511 0.280306640601726 0.203140265200036 -0.137559390891355
-0.41563442094649 0.0946798136640347 0.106388334081714 0.00368969040914838
-0.524192647882369 -0.129782105378205 -0.257756583593223 0.0706713529984033
-0.581187984936588 -0.154710013592701 -0.0167954453277538 0.0171980468569735
-0.449961286079771 -0.100106700685929 -0.536920175578224 -0.41813933893225
-0.531483763851424 -0.00326426409160279 -0.59212877080432 0.16602523368776
-0.418879125900214 0.193975037750843 -0.0973954391633423 0.280816937720026
-0.206563002693278 0.324227961749535 0.0937284749915995 -0.0481433060588276
-0.073966951514385 0.304187027511159 -0.0437526921049654 -0.187956659031886
0.0224811261067625 0.312389107117785 -0.140165182843793 -0.16869638785322
0.0901122238219267 0.285570727181682 -0.152830410829281 -0.107962748358601
0.0956518780022962 0.318877297630574 -0.100557388166787 -0.149172584269764
-0.00160032610314531 0.311796286049177 0.00232898904236643 -0.203262082729764
-0.0874594231847813 0.348426701391448 0.143765659984039 -0.280827371163147
-0.248485689802316 0.347841230207434 0.232250716416819 -0.188671875154529
-0.404633734225073 0.270638495632943 0.25293839601435 -0.0992219792984816
-0.459475264451642 0.0620149282537621 0.213849853556276 0.035349817713466
-0.572139458681634 -0.0746854620927064 -0.0929569878770666 0.138092960505962
-0.594724488634243 0.028469861561731 0.17806182398948 0.0730617308330376
-0.391185953770542 0.0273112921072075 -0.430912488955131 -0.317776180040371
-0.5027862076282 0.0223973653012549 -0.539543872760967 0.266984240813562
-0.467695775016365 0.211420420321231 -0.0836477669193057 0.365729854700968
-0.241767035137024 0.414867445633863 0.0784029696880615 0.0594205513144467
-0.0419862346462999 0.397188106118748 -0.042523725110794 -0.0541847712870283
0.0805683043955083 0.371367843347697 -0.11123999202117 -0.045605319064137
0.135669244317697 0.320472409493522 -0.106450274976636 0.000680145080897482
0.137336045348385 0.349463332122268 -0.0536596004702619 -0.0426736047522716
0.0115566707667731 0.357429641366688 0.0450014009145926 -0.0864227738418172
-0.122312457135882 0.396259259229967 0.171789440969579 -0.169008305492921
-0.341198164215051 0.338413858674068 0.257172597250394 -0.105993568532889
-0.46315516674599 0.197470018488694 0.300964614273216 -0.0462676379985976
-0.427983757146599 0.0102523374881082 0.341144690382748 0.0827717896422805
-0.532657288964322 -0.0115071624042697 0.0856004454711279 0.208570463161317
-0.480886864825594 0.183956110199809 0.351463916147436 0.0717225089175728
-0.235551096696489 0.0912917940701102 -0.310055819274377 -0.220861438353734
-0.39838660062565 -0.00917659856697078 -0.427973924953067 0.327665635317761
-0.445121513159509 0.177039888838503 -0.0573738756395294 0.390203143325079
-0.226226206157939 0.426106701330797 0.0462287006465025 0.161602188138165
0.00223409119054176 0.412312795180401 -0.0365087211453009 0.100650760223382
0.12282541324161 0.364778099917207 -0.0638386446391178 0.0949433663369769
0.161027041266254 0.307326956336364 -0.0434893874825834 0.108966342952576
0.156831890990703 0.331903259702891 0.0022128928118576 0.0616936844643488
0.0159808534123411 0.350426569849302 0.0803728061524296 0.0316183410769775
-0.151275465060638 0.372429143664225 0.174850372783676 -0.0394373397371345
-0.382924851349114 0.246695407101015 0.246047662701112 -0.00848952088434658
-0.426057973453818 0.0663821032339043 0.326353673282071 0.0162341196101385
-0.308464021758465 -0.0371639139472515 0.458181671230587 0.153619914285173
-0.418879673450026 0.0718012872973702 0.247501259988912 0.278743076113685
-0.26359714809308 0.272788408532523 0.463225115983277 0.0309558749299611
-0.0389088863493769 0.068432799325669 -0.195795644608517 -0.140632443566587
-0.267487750019361 -0.0875799841368977 -0.305632083466558 0.329167911995667
-0.374807563859781 0.104931859519875 -0.0502669371768121 0.363994362164611
-0.177854063827224 0.360980033896808 8.90718153018529E-05 0.24824855051446
0.0400639386923968 0.346066197608602 -0.0241090503490995 0.246810500759386
0.13789565308683 0.292897007725351 -0.00731608038729646 0.223898239371074
0.157780280739476 0.248720736062558 0.0266637671151706 0.200942093190847
0.155680495600039 0.273043998476071 0.0566295774542934 0.15316990679427
0.0206526153666408 0.301882220746457 0.10000478573935 0.136824927035233
-0.159279775182096 0.299375354013625 0.144099988968943 0.0836152745110556
-0.353374396560965 0.109896686611638 0.192973421417921 0.0706658488297337
-0.292075858129228 -0.06565052689545 0.327399353694484 0.069336905886334
-0.127282837740857 -0.0361117371574727 0.545296635508819 0.245216174064071
-0.25995532736486 0.172637888266247 0.365565621995151 0.335838214291023
-0.00658285887645943 0.290614394822571 0.494081795662626 -0.0235872252764011
0.138242736902564 0.00128565995478432 -0.109435829261415 -0.0894959258291957
-0.134513185146083 -0.164053188481291 -0.218402541333403 0.282321519085716
-0.266277545169075 0.0216138078744033 -0.0772189706135341 0.31802694146109
-0.109361982545558 0.236898158724468 -0.0497318442375082 0.319902176675862
0.0607378311252228 0.218447326437778 -0.00895219560587066 0.357342061238226
0.122312765799577 0.172432354573118 0.0488465027523291 0.316277705997534
0.131458833034049 0.153407448867194 0.0916302655095314 0.263674139126154
0.138814138775194 0.181618031376895 0.103253182449407 0.225685961646225
0.0307905708092674 0.223971107741532 0.103849567009662 0.219862576050978
-0.137680273820059 0.200366451779104 0.0865226693051686 0.174938397391281
-0.253278624791911 -0.0134590329529967 0.122637282427968 0.100767577341683
-0.0926350244666147 -0.136488348644637 0.332660648522647 0.0901738500162395
0.0615805846904253 0.0319952068252914 0.604097921442889 0.339608902566054
-0.0901201389357463 0.277920677066725 0.427481454824473 0.362801707745266
-0.135744839413097 -0.361403055953676 -0.404888303608173 -0.292706284845446
-0.203268222912614 -0.148393458851285 -0.665647851685133 -0.439446692720364
-0.118544301518824 0.0750741362550431 -0.392546322116855 -0.0620583689446938
0.0995875702972204 0.07536637468156 -0.0864112120577371 -0.0679913651511608
0.0731503136922723 -0.106212428559344 -0.0169021059644054 -0.199480100268191
-0.0762470280327421 -0.109006257917355 -0.0771957053091651 -0.269684112580077
-0.113861892892955 -0.0401768412370556 -0.138022248350074 -0.265230242550096
-0.088026342052222 -0.0207337186487857 -0.151334677232977 -0.257590806011685
-0.100808999273556 -0.016914047366502 -0.112156048922751 -0.311120503791061
-0.0702003552291584 -0.0736839950809786 -0.0554307918578372 -0.372398013670725
0.0303848476665685 -0.0860750155724221 0.0364629646914808 -0.387160859678996
0.14314696692091 0.0611238384580081 0.107170061712704 -0.290440666563944
-0.00158293364683295 0.203673738075808 0.156154731057208 -0.211325363318659
-0.200037281377291 0.0917850275223222 0.0501196598970839 -0.0336620316655358
-0.224375946767141 -0.189674631730181 -0.428142548002933 -0.0227269770040043
-0.31137406319538 -0.357598453154753 -0.31934634600622 -0.197376295236022
-0.322011276047643 -0.210602379352512 -0.658282503622853 -0.477070635696098
-0.307421495860001 0.0216296856925891 -0.46873172375742 0.00308243281843745
-0.0904448438251919 0.120215709517682 -0.0660464874023746 0.0319523551926316
-0.0126955791051553 0.0317048955181457 0.0427351330442595 -0.198462361053071
-0.0806091931577393 0.0200877471963923 -0.0678680321971656 -0.294640043204128
-0.077308931866743 0.0833153818692369 -0.157884939275823 -0.271514600177379
-0.0270001493827512 0.0975226197122827 -0.178299793969636 -0.237489818286367
-0.0281706454519905 0.119964714625648 -0.138033108940774 -0.289997913679647
-0.0467409959922849 0.0794292758680816 -0.065034733600411 -0.355339436934253
-0.0129759345624775 0.0770541473252474 0.0562710823437665 -0.390342733405287
0.0149391842325364 0.171628722908466 0.141092205272939 -0.272929975334258
-0.133531372346099 0.253348661726795 0.158628859657188 -0.172643275522855
-0.314373458856647 0.112953520560935 0.0460889262835272 -0.0183380061284924
-0.40302432231895 -0.147881632449214 -0.368236931622871 0.0272129387980225
-0.469421611388931 -0.2751414128063 -0.184723486105638 -0.0822448168975515
-0.409211278698804 -0.186401322819782 -0.619069060251782 -0.457770391625884
-0.450628994768431 -0.00294366787085967 -0.548411300698559 0.0889745479593611
-0.274208747745697 0.160519905996519 -0.0765821190169418 0.158134712799499
-0.111330521092534 0.181955613490086 0.0766040124932258 -0.147058452821781
-0.0776931401117957 0.166235964268241 -0.0609658519168421 -0.267514361664317
-0.0250813685978336 0.205261277257517 -0.162858957462232 -0.236101379870413
0.0403067163625356 0.200685716395595 -0.180009599907465 -0.17983668637595
0.0474558954367446 0.232223459714547 -0.134492366692409 -0.227340358467188
-0.0149133163057911 0.212410797469216 -0.0458428521060138 -0.292884796597463
-0.0429570528711719 0.23072811926784 0.0850395023668328 -0.356551198119039
-0.111386495307109 0.281061947358655 0.180896918436373 -0.245829909464204
-0.268227385060531 0.288272219582517 0.192928398324719 -0.14094418252289
-0.404457037335563 0.111244612984032 0.104998537045712 0.00300264789480717
-0.521186326492558 -0.0982013790356524 -0.245718862858456 0.0822641164864549
-0.575283638890447 -0.120954240269999 -0.0117133987553232 0.013823883823049
-0.443104795534234 -0.0775364592875986 -0.545517146454955 -0.388387791914632
-0.518033771249225 0.0241598325511702 -0.573156505004439 0.191591832272863
-0.40388983970518 0.207928853453101 -0.0821472551208462 0.279457587822256
-0.1861281685927 0.324310338457754 0.0855684802766154 -0.0575695797204998
-0.0588723662476072 0.303535125440437 -0.0554091654865696 -0.183194317638886
0.0379497725357392 0.305283145727231 -0.15103278000087 -0.154918816010945
0.102637581571112 0.272760830160285 -0.15569622302797 -0.09330740049696
0.110682087995379 0.305581360993765 -0.104761004822043 -0.137441749398052
0.0119349896431978 0.306781908684815 -0.00697341587478398 -0.199267073366509
-0.0697704736946139 0.344248754399607 0.123909256895791 -0.283744883372441
-0.22584291782401 0.35341111958837 0.222098881379422 -0.194492307452523
-0.382692595262758 0.284585089949887 0.243485874450612 -0.104260219129333
-0.448650382606945 0.0809175471307405 0.210839725014074 0.0280751124548095
-0.5642122717372 -0.0437079609355191 -0.082121748168892 0.141731125552089
-0.579519041683041 0.0603148871042779 0.180304255411628 0.0583743383423112
-0.37821168277698 0.0449708098177157 -0.438523232623225 -0.296051131843296
-0.488576749689463 0.0463736465337673 -0.519467500524938 0.288631875178266
-0.451012300518362 0.228940826580923 -0.0649078434284607 0.361589014948131
-0.21540478761805 0.416932165887826 0.0756513423123558 0.049449053840546
-0.0211036291525132 0.393723283466782 -0.0468682607427387 -0.0531825359915069
0.0999336793358072 0.357772742741302 -0.117572067720932 -0.0372337443196403
0.150900075337925 0.304530735670238 -0.106373107009283 0.00972940871052887
0.153045386862834 0.331812265336006 -0.0541935144103749 -0.0363629569995936
0.0272517031393706 0.350312037628379 0.04084638687534 -0.0879209823316351
-0.100255208359822 0.392526646024385 0.157732943032553 -0.175919409701318
-0.31786282389513 0.347019515139267 0.249993475549358 -0.113692833875146
-0.442306289720526 0.214125384150156 0.292869141685863 -0.052867519332419
-0.418574507863922 0.0286048422872646 0.336600950568061 0.0690013060915399
-0.520165328752387 0.0172571686356189 0.0964918329761596 0.202417367840751
-0.459676511606637 0.208227642552957 0.34802343729651 0.0480220237989983
-0.221849146018296 0.0984571171641001 -0.317523891916213 -0.205270723623365
-0.389767685858003 0.0107663973589532 -0.406632372444753 0.342177680013266
-0.431548291903545 0.194706937205273 -0.0396633064257471 0.384840097211771
-0.199576034752125 0.428226665290237 0.0492746015816203 0.1511479664624
0.023419357591078 0.405173894537118 -0.0323658323919588 0.0984039976647541
0.141943032226921 0.348730785699282 -0.064867583473036 0.0972291680007763
0.17503875733044 0.289720055138626 -0.0400617881208268 0.111164726732789
0.171903640031472 0.314332458459562 0.00556900464452341 0.0608948246336447
0.0326282159574426 0.342133569269826 0.0815623674207041 0.0257210171768636
-0.129217968063084 0.371042636264593 0.167855925211987 -0.0482049891349699
-0.362781256734742 0.25921302845483 0.242132177404376 -0.0177066010522156
-0.414466771506836 0.0843978502112408 0.318844835083605 0.00832853981682612
-0.304520189875136 -0.0227991004144871 0.452479959316683 0.131896656603114
-0.403319108696314 0.0914778192500966 0.257831768430067 0.264248337359583
-0.242914956016713 0.282768065562478 0.454165298625394 0.00317434915766593
-0.0306133512870408 0.0665560609343685 -0.202414769865098 -0.131678906715744
-0.265475073844845 -0.0720229857587555 -0.285912275110056 0.337743077870442
-0.364747203598831 0.122029779945229 -0.0344387587551341 0.357696323833888
-0.154002580128228 0.362035563883055 0.00990644858549974 0.239929020940269
0.0585057240503013 0.336399983623412 -0.0125470487163709 0.241000990524993
0.152606981840123 0.277208358434823 -0.00156559161295089 0.219716636009389
0.169385074649817 0.232889454129398 0.0327439337619283 0.195608710811472
0.168195737549848 0.254975646913611 0.0628012408320494 0.146575818323739
0.0362924521718419 0.294778464417903 0.106496813615056 0.127076803939101
-0.140389676016182 0.301504516577073 0.144902580240944 0.0739545103523942
-0.341994155833125 0.125502801329357 0.193320081307025 0.0635033406933743
-0.2892103572823 -0.0517052595966416 0.32110183930366 0.0595734038149422
-0.126616090439773 -0.0300874390989567 0.541259499926503 0.216293177947968
-0.24199930475948 0.182645143305758 0.373415915510289 0.315505277884733
0.00930873832906276 0.286191745832439 0.480135020779566 -0.050557838804947
0.137852443772153 -0.00728668708059632 -0.115114641903999 -0.0848856738350069
-0.141042533682354 -0.15304883548914 -0.202062538134535 0.286947769341782
-0.261402322160269 0.0353732379982742 -0.0641239330481225 0.314683069212341
-0.0923106190762891 0.236743870082494 -0.0343725130032197 0.315115456450117
0.0727678684997237 0.209759642933709 0.00950476542989448 0.348016587518774
0.130665656066265 0.160908604928204 0.0588986334703626 0.305640437471599
0.138536863593003 0.141224027130337 0.0990518381462665 0.251846639141858
0.146425982260609 0.167612886806653 0.111889182544 0.213155602780422
0.0430666306012382 0.217911235983317 0.115122462574188 0.207478435617625
-0.12433975968006 0.204736481292762 0.0941688800272423 0.167107649740451
-0.250220115166965 0.000554612032339349 0.123596704600703 0.096475104020391
-0.0983839017078996 -0.129888422608688 0.326504375915871 0.0793693920799423
0.0615687155275428 0.0284114912380528 0.602550380289422 0.305759212098442
-0.0702841533077194 0.277116385888853 0.433540118435162 0.33977606169466
-0.256997679785178 -0.288646078724259 -0.45162458510876 -0.139601701659543
-0.248282406424239 -0.0626856035347329 -0.741214716535338 -0.199985329447533
-0.0831949030287285 0.113897354710283 -0.38385269826957 0.057498815221534
0.118401532596701 0.0300276777835197 -0.111121853769376 -0.0340129215807903
0.028215500441769 -0.124428789513738 -0.0806496611197292 -0.175591136156596
-0.107381913858728 -0.0741712390567677 -0.158876627611743 -0.221943413191747
-0.121358686375577 0.00197657658216656 -0.211275310195653 -0.192124604953889
-0.0895770131073591 0.00956818970164706 -0.218090266714682 -0.183904236342226
-0.0970551443628203 0.019192925998972 -0.198265556195933 -0.249873672541584
-0.090740314441695 -0.0408666282461861 -0.16706750060432 -0.323452101442865
-0.00185804632112721 -0.0880511977882788 -0.091540693426519 -0.360891235413942
0.151485474055666 0.00729951666648859 0.00693087519086044 -0.3001487052324
0.0636407038623254 0.187239417442886 0.0796173151332236 -0.248417879396094
-0.15425703596677 0.148333300020321 0.0410792387997181 -0.0436316395224629
-0.267699580025807 -0.10452887561066 -0.395639744475991 0.116864510121733
-0.419392142936164 -0.224744384951495 -0.33575436622032 -0.0868223513622636
-0.380609893261601 -0.0804328914173104 -0.743426093814764 -0.240629316007122
-0.274857267039294 0.12896286148297 -0.427248418349162 0.134462292645727
-0.040036334637616 0.139579111277085 -0.0570324568798015 0.0405162550309207
-0.00349138500865174 0.0288216702878632 -0.030004695130877 -0.200541221077989
-0.0687517530944038 0.0441139736384487 -0.163822564435575 -0.25029317388536
-0.0459519734985679 0.104172690207533 -0.235578591444475 -0.194411027789381
0.00396108669343389 0.0960478521811794 -0.240116098312426 -0.154698347963333
0.0137241045575882 0.118364784753385 -0.217757295853517 -0.220155454039861
-0.0203537179827047 0.0919261185676583 -0.169662820891791 -0.306385358430242
0.0121139929124983 0.0747225748705074 -0.0779031285638039 -0.375192883494764
0.069190662982549 0.150773430223922 0.0449090138602844 -0.297344736069237
-0.041297002998852 0.274028533629047 0.097738220897883 -0.211713712482854
-0.253515095044531 0.205373220874732 0.0436833019232013 -0.0256982104802327
-0.420858735273532 -0.0105311029003869 -0.3214213400319 0.14837129362534
-0.536594021140859 -0.0928299136155827 -0.173997539016299 -0.0301487896615911
-0.451016411286012 -0.0283361256491547 -0.699438742815753 -0.240457611355319
-0.414608116079236 0.156619676576469 -0.471723084971235 0.231441318415671
-0.193841098076105 0.242780806389927 -0.0251990903159922 0.151205982659772
-0.043435120529832 0.199343533982809 0.0126415377865273 -0.17028622586347
-0.018754218386412 0.176364937986294 -0.153183121469243 -0.229762528733841
0.0436492181448834 0.199737743518804 -0.232864365203027 -0.162519297346046
0.0972914005755118 0.16803661855012 -0.225283535608582 -0.10003747185849
0.117749140136958 0.195100439854674 -0.196202505235214 -0.162828452848061
0.0514968226835865 0.203263593995952 -0.136186853103012 -0.25870846182197
0.035066297941804 0.224450375110579 -0.042931164467616 -0.357536988276318
-0.0117380432903216 0.29203511160954 0.0917996332367834 -0.288559837278776
-0.15479130862722 0.348195155701054 0.143162439015364 -0.191009502956034
-0.338423677738813 0.231723913696569 0.105166132190858 -0.0221734947359137
-0.515360481167985 0.0718125886094321 -0.189969168693052 0.163869003434166
-0.579384207669198 0.0880615235635752 0.0135522823937601 -0.00416334880420397
-0.441597665424219 0.0829194768274056 -0.61556231166236 -0.205151607791995
-0.467293563512606 0.203680155555049 -0.463076896925162 0.329928951784323
-0.295280240538726 0.332307553868652 0.00881950004056662 0.257851469063637
-0.0651269187681817 0.356392598218742 0.0441562725779027 -0.0963929284154582
0.0435094664177605 0.295736666313792 -0.125376816911798 -0.155828084792126
0.13710216890944 0.270563218968868 -0.198093313361131 -0.0950794768712735
0.178256155784149 0.212347055653354 -0.178442603866181 -0.0283861183345346
0.199727281497298 0.239619658926448 -0.141739054933448 -0.0899440348050913
0.107278656078334 0.279848640987576 -0.072763555693243 -0.186737515418251
0.0474190421513436 0.336371993688616 0.0140075513685558 -0.306532277259017
-0.0947686375738246 0.396561648415077 0.148434950814782 -0.256940717548227
-0.259989043570892 0.382694993791189 0.203932300995361 -0.170537224677614
-0.389007175036186 0.219600575759636 0.210675596627064 -0.0303169823895383
-0.53643498160647 0.135147882536765 -0.0206192224536776 0.168819214526883
-0.518507376819349 0.258657407363063 0.19748792254226 -0.0290632583739742
-0.337816590105984 0.172118353897147 -0.496628934198734 -0.152647747350702
-0.432756033759024 0.215647433785628 -0.382078983528107 0.407086101165729
-0.332286682485113 0.370600534667589 0.0511741570493835 0.3265496368452
-0.0584461902248901 0.450204736352361 0.065829190150232 0.00272913860002399
0.108255668335695 0.366424677547951 -0.0777050154783361 -0.0395961633788227
0.212672278148026 0.299779074567539 -0.131462504574876 0.000411700555258227
0.233402467585518 0.224920697590357 -0.101956786388695 0.0495120007381272
0.246399734183163 0.249205687867033 -0.0645906421297901 -0.0134385116640623
0.136099974119745 0.312995163181565 0.00518611828180932 -0.10042893450015
0.0360964685066909 0.390407343306913 0.0796487630432139 -0.22041008163071
-0.181101030855926 0.421078151006909 0.200475492371909 -0.190752257211234
-0.338145561484173 0.335931350070732 0.265579029606513 -0.135857631128401
-0.381217755207003 0.16162865402867 0.336539421772166 -0.0311382012241356
-0.477367439536837 0.177998756155645 0.161125372419744 0.169553231470893
-0.354834445482269 0.353068348321471 0.339856118203154 -0.091946721401185
-0.171247721316169 0.166491113230388 -0.362752151755368 -0.102208982796467
-0.352876545767662 0.147490428178315 -0.260801566472279 0.425763358052879
-0.32493391128328 0.333645487749846 0.0830666360639882 0.341930755300572
-0.0382612126684055 0.456466019152621 0.0738879351677633 0.106980012070695
0.153583666064444 0.362391867551755 -0.015333066576471 0.0960952010913867
0.24942318700443 0.275952620888765 -0.0398809811329289 0.106004968842597
0.251297681030372 0.203460102394172 -0.00854160201610158 0.119379672770558
0.25817735276457 0.225191604560222 0.0202611685790781 0.055895953303386
0.140363144408419 0.303015794736322 0.0785892922588504 -0.00977986078315373
0.00243222821586537 0.381006036902343 0.131785167654039 -0.107161288124595
-0.251255959347017 0.356044799404669 0.224827833536026 -0.0979240924626361
-0.352925253787386 0.207150694903319 0.306393642030728 -0.0848720083244019
-0.292268356759952 0.0759101458934509 0.459321806335338 -0.0097151630527034
-0.345702256009007 0.209479133781421 0.326299206955434 0.174643390140084
-0.125231656704322 0.347763295981766 0.413836151830567 -0.161476717299271
-0.00412040470082417 0.0695216719143419 -0.237569402873081 -0.0607589753452558
-0.268364569172396 0.0285769945855936 -0.147148946229924 0.391917841585631
-0.290961075440426 0.244895031658325 0.0812401617952779 0.320546860384577
-0.018845556650955 0.382713844807249 0.0691691718520066 0.205680156445251
0.165457195547289 0.289619042284758 0.0529233359606112 0.221323429224076
0.236798123870531 0.206081281044112 0.0602294115766462 0.19788739309989
0.229050519409724 0.15497691644347 0.0856957008364561 0.171057302358156
0.236844444091611 0.173798170119921 0.100060238306052 0.113573378133256
0.129088285091017 0.257056812505771 0.134380393120876 0.0750550593950233
-0.0295425560964728 0.320851416011034 0.153102013667477 0.0127060386159376
-0.275159586761454 0.226384927655009 0.204734269541237 -0.00454849171484323
-0.282107208755298 0.0430174758847774 0.319786469345957 -0.0372354499929046
-0.131102613744671 0.0105629245732215 0.563214145327128 0.0363742215322126
-0.167370195047276 0.243036130927753 0.446745869126913 0.18199392417549
0.112022149813902 0.262273598026585 0.414159063689046 -0.212220736764848
0.126614228454869 -0.0580630802020978 -0.142878066669657 -0.0356657492683335
-0.181340462077877 -0.0886235188724751 -0.0838941295451543 0.324257256845536
-0.226741364909957 0.129289783261714 0.0419324341287152 0.297023956323417
-0.00335293387503542 0.248808251162559 0.0583629247652286 0.294001027427464
0.137061032275768 0.169775357980946 0.115106068281976 0.315249121376485
0.176891977674358 0.10498507691218 0.147219068282104 0.258375636223997
0.173480137710943 0.082716109846301 0.16722141586815 0.197869327486026
0.188903262386019 0.101863558841369 0.168019578937005 0.157605914635115
0.111960855636446 0.184100042080567 0.168943598832749 0.1472063850437
-0.0455424055940475 0.228849349994321 0.1397742595991 0.115639222776352
-0.23173552698895 0.0822432949420196 0.149579846136799 0.0518454660668532
-0.133060207977226 -0.089136345441493 0.324457739948881 -0.0213385200038
0.0609030453145683 0.00277159360300229 0.6450441978609 0.0950136574548007
0.02063390695411 0.277731075531972 0.507687982083877 0.181715893534026
-0.257150615573632 -0.280116653490297 -0.443118636755948 -0.134381490172216
-0.245107312642324 -0.0579187418224815 -0.727441958634699 -0.190585595980677
-0.0775642372470881 0.114319442091646 -0.377116357469161 0.0586371708950898
0.117729037611313 0.0252299554620315 -0.111989123480812 -0.0336938740526077
0.023052441053502 -0.124789051435684 -0.0856566694763118 -0.172769850959103
-0.108393871938767 -0.0683704251198382 -0.163089269181269 -0.215067415976532
-0.119315754850021 0.00708607182487913 -0.209192863247446 -0.182529616931849
-0.0898750612239915 0.0124372194146298 -0.213632705688964 -0.175516877294859
-0.0943757613252963 0.022679181716216 -0.195387344545625 -0.243471031997712
-0.0916001770741338 -0.0359916734120218 -0.16885361746502 -0.315708973719868
-0.0058198663440608 -0.086204836609387 -0.0966003863163823 -0.354106126831867
0.15025593559587 0.00175751193351709 0.00529578980967284 -0.297738423118075
0.06666601885873 0.184341787370157 0.0766347174062763 -0.24710340831263
-0.151070697049464 0.147522367536751 0.0417456878166989 -0.0421830307247435
-0.267603449606848 -0.0963516612650125 -0.386358869638329 0.121606414096304
-0.415692254551189 -0.214250888195685 -0.328538218004256 -0.0847991285268538
-0.375726804357575 -0.0752677004716064 -0.733293272213358 -0.231659349301235
-0.266514132641666 0.130766301019258 -0.419746119607055 0.136924062527971
-0.0373224314580162 0.135473907320975 -0.0566269032683239 0.0394091777786655
-0.00580233183925915 0.0258485938479055 -0.0372017738905852 -0.19881321158664
-0.0687048137549748 0.0469385594161693 -0.169318763495057 -0.242195550439175
-0.0434588994646032 0.106137316782126 -0.23409411149313 -0.183411266064182
0.00380925159160536 0.0957251693005001 -0.234900470486487 -0.145174498004096
0.0155576155973396 0.117055504289772 -0.214375778879641 -0.212735133003163
-0.0201914588761368 0.0936968286031225 -0.17182237088859 -0.299608641921655
0.0109585922441347 0.0736484834655708 -0.08248865221271 -0.367870965546722
0.070287233166752 0.144971861449709 0.0425864466228629 -0.29585123659114
-0.0358684205903014 0.270470427531905 0.095292676305434 -0.209372165177045
-0.249344174256853 0.204749455916257 0.0444897751472686 -0.0238366315622738
-0.415754748178019 -0.00179971449578733 -0.311868586167158 0.151327229872591
-0.528077443652648 -0.0809635872951928 -0.16873328980505 -0.0317668684004368
-0.443554169279998 -0.0246695929215362 -0.693078858057707 -0.232485378078202
-0.403811589737807 0.158714280394083 -0.461425749630181 0.235767558448253
-0.189118276021369 0.2397699755733 -0.0221155418886917 0.148776811826182
-0.0425667010704064 0.194448868733527 0.00474227141219427 -0.169967185059322
-0.0169775840759844 0.176382409998025 -0.159150361263771 -0.223212743515325
0.0466329799755234 0.197463381574489 -0.232768161608394 -0.152285974130173
0.097209470890885 0.163268972575052 -0.220687909786993 -0.0906534169947484
0.119484214747358 0.188908566521847 -0.192716104104315 -0.155363247291106
0.0522806586260862 0.202187367523075 -0.138007620531247 -0.252367870600151
0.0360756722477 0.220623173154154 -0.0493585369851777 -0.350712426007276
-0.0077187555912908 0.286704788314922 0.089437811227032 -0.287510393401506
-0.146618113910676 0.345059197932826 0.141968846230314 -0.187934933239419
-0.331785803558352 0.231837567164487 0.105647559563992 -0.0207108337176225
-0.506653593709081 0.0807307019906423 -0.181810534363511 0.164758344306009
-0.56765814343949 0.0986854618418813 0.0160523478282753 -0.00945716292447473
-0.431379405001047 0.0852307225009091 -0.610239327895844 -0.196872688070841
-0.455622558815662 0.207455127029407 -0.451219189001539 0.334444990348494
-0.288571869172293 0.331843028795479 0.0122256649999537 0.253559894870023
-0.0602662380240705 0.34802381696169 0.0362063368621933 -0.0970968097995036
0.047512677316896 0.292554016015208 -0.130589222572623 -0.15134331514278
0.139784673736372 0.264063800231541 -0.199416294886054 -0.0847535925663454
0.178334177914743 0.203952290263577 -0.174330384496685 -0.0200628662926156
0.20079410605469 0.229532297168734 -0.138787545140704 -0.0845735016377619
0.108624838278237 0.275931759923079 -0.0746172895229685 -0.182846947443681
0.05049557706051 0.330200216522184 0.00668208651432831 -0.301348658742619
-0.088101003265329 0.391517518895972 0.14578853816943 -0.25609630919077
-0.251455562232692 0.380323254964295 0.202350591106006 -0.166852249573659
-0.381598524786588 0.219235450202574 0.208904757537347 -0.0291270395848907
-0.52678259970251 0.143063274966187 -0.0151263598772366 0.167443515976249
-0.503422524576309 0.265153494487802 0.195077774286957 -0.0359846899840356
-0.328347699471109 0.171438208824529 -0.494027286542793 -0.146284015953736
-0.421644120359444 0.216323015008764 -0.371321425152658 0.406584856342968
-0.324845901590862 0.369840552289 0.0549320374169191 0.32041409918571
-0.0535499901682617 0.442143746980453 0.0590789702216026 0.000247487830444939
0.113260290063484 0.359500697481888 -0.0821415882820273 -0.0377308128645814
0.214054037660217 0.288897899895412 -0.133168309965366 0.00839205245612672
0.232462780205874 0.213888949451246 -0.098765634925309 0.055544286486401
0.247265408434146 0.236388561106351 -0.0621891338803704 -0.010641961261574
0.137847560767311 0.307583471128254 0.00328690351839434 -0.0996936848084123
0.0405086410119496 0.382458618195109 0.0732799188094382 -0.217645294520959
-0.173350788008321 0.416355266256458 0.1976689160856 -0.191176804929514
-0.327876066671124 0.33563614579459 0.26272449200454 -0.132836539648981
-0.374258403706982 0.163008472551144 0.331232970233606 -0.0315875649255587
-0.465104399834418 0.182410212247008 0.164205894669683 0.165921215171771
-0.338907382671243 0.355417322280645 0.331846623113394 -0.0997028647172755
-0.163446372735926 0.161952613821426 -0.364456435058818 -0.0963882188993468
-0.345159911468011 0.149797243592805 -0.251280708301359 0.424588502920324
-0.318634307780114 0.33506130163552 0.0858615828771047 0.334849418550631
-0.0323787348563006 0.449277338573034 0.0696085799159157 0.103032830772548
0.159222467658409 0.353852862049545 -0.0171577237428061 0.0938126986589252
0.251690128411737 0.264031667776172 -0.0419198454018084 0.10985685162189
0.250673578788697 0.192943773599968 -0.00801883031566109 0.121541239508065
0.257390692539051 0.212594638696585 0.0209088602373531 0.0551211517040961
0.142736662450111 0.295788191536947 0.077349924147939 -0.0124998606973581
0.00819535742177001 0.374457202232875 0.127203264526164 -0.107693472346501
-0.244200489728089 0.353426865487573 0.222109689671964 -0.0992575585596365
-0.345394055449189 0.208495331049127 0.303125455825084 -0.0818989665642579
-0.286847610913454 0.0779076203811202 0.451257518053331 -0.0111980106605246
-0.334630665755558 0.210388156544633 0.326497538100017 0.169352719968297
-0.114269898948847 0.345706114268418 0.401904677302366 -0.167462550098749
-0.0004154729027198 0.0642090922900036 -0.239927845241724 -0.0563195854824343
-0.26406772911105 0.0320173172106226 -0.139620103032653 0.388693264238688
-0.285320015414398 0.247806479538352 0.0828178683011074 0.314208207979846
-0.0120357317031313 0.375865483155431 0.0676234385695854 0.200390389307258
0.170237148785109 0.280991092688519 0.0527374567492611 0.216263172064381
0.236674331202201 0.195515740222134 0.0578231654372192 0.198051553471896
0.229293093214526 0.144797962405088 0.0845732302168993 0.169350264692841
0.235809329570556 0.162540695574477 0.099469540446163 0.109587448792931
0.132365480762487 0.250607981665215 0.133497081150536 0.0697196048875615
-0.0231839396641684 0.315886497656262 0.150719878319714 0.010287317087431
-0.268607031610817 0.227565719715828 0.203194819302034 -0.00576090305076809
-0.27872463800013 0.0461631911416472 0.315238803014068 -0.0349035242704169
-0.12898521157718 0.010374113012591 0.55224068305426 0.0325524794461681
-0.158049595700715 0.240202709461067 0.443926050600812 0.176964696294408
0.116607697369441 0.257276824268228 0.400129559792496 -0.215433882329842
0.125994200535042 -0.0629374352322645 -0.145680607888126 -0.0323571138202617
-0.180583746528717 -0.0837692979177381 -0.0783765046964012 0.320174864026764
-0.222579779660273 0.132577928850456 0.0434220956188768 0.291771787308454
0.0019219798538972 0.243722309962771 0.0597613349996956 0.288192708265924
0.14063531883189 0.163636985569691 0.117579229502742 0.30727238419931
0.176965467837294 0.0977375438004902 0.145177169007547 0.253830561192468
0.173734724068279 0.075460005407497 0.163163285880224 0.192066664657562
0.189305632640594 0.0937038574663476 0.166861908495385 0.148984852916156
0.115552911449436 0.178988748961227 0.1699689671127 0.139450504344617
-0.0398244264491144 0.227346325942249 0.14107040450981 0.111707478375866
-0.228516341095232 0.0864544917291182 0.148376226435813 0.0517230494646245
-0.134366199295034 -0.0861013147035284 0.319182912786777 -0.0202925640511206
0.0604624338926089 0.000462246026667102 0.632896185296643 0.0886952428011297
0.0276282432093756 0.270698932402268 0.503720780863978 0.176230124893622
-0.261562050822426 -0.278042431745249 -0.444708842230829 -0.134972808506294
-0.247058167207763 -0.0539107203803994 -0.732981239163576 -0.186814148810567
-0.0736055091283038 0.116103625500201 -0.377866710342594 0.0616060042927678
0.119824984021493 0.0216283465850849 -0.113863360292142 -0.0334584021488025
0.0183656470720979 -0.126658530021326 -0.0924137596480897 -0.172720089553934
-0.110852656881672 -0.063519789779163 -0.169959433764116 -0.21136501554728
-0.119502449312226 0.0120846276381183 -0.211206381788298 -0.177350334349287
-0.0920423975797908 0.0160196873495564 -0.21139339156261 -0.171430064061054
-0.0943535445395435 0.0259452734481634 -0.196207900721253 -0.242200735211674
-0.0941693863635002 -0.0320523195175782 -0.172503161728698 -0.313920878210569
-0.0093324051456198 -0.0856477817486244 -0.102713786317971 -0.353189717113364
0.150709031366867 -0.00407794320767686 0.0031220463720525 -0.299983339057253
0.0714351895617157 0.184725634713465 0.0747274881293769 -0.250435433071668
-0.15102946897707 0.150030036678671 0.043899373348447 -0.0418553589354732
-0.27156021637363 -0.0899725611034152 -0.384527295565605 0.128056469699822
-0.419466737274651 -0.210065755878705 -0.32786095651841 -0.0865338698620666
-0.376485428734497 -0.0703581318817057 -0.736868425007763 -0.227773875683838
-0.262690710811766 0.134380406961588 -0.42100766031659 0.141061849789017
-0.0357224732634469 0.135244042130805 -0.0564039488634092 0.0388024039504329
-0.00891241499623562 0.0240119148781407 -0.0452859382779878 -0.200199192449909
-0.0692172530100826 0.0508794668134523 -0.178141119320842 -0.239079236231502
-0.0411569433606837 0.109489291427081 -0.237085319943101 -0.176281237795987
0.00311092244870308 0.0967100278751459 -0.232676782407988 -0.139449535294516
0.0171585892624419 0.117105204347178 -0.214798678734003 -0.210373189758951
-0.020602088579292 0.0972288530734895 -0.174924570954292 -0.298615002779629
0.0094204967802562 0.074509500495157 -0.0900285577272985 -0.366860535405886
0.0720656566758931 0.141901318757088 0.0416513650760378 -0.299381273467088
-0.0309809536275814 0.273421362379348 0.0955192577916344 -0.21125468070378
-0.249062786565272 0.208184378331715 0.0474212632943113 -0.0226833603372346
-0.418084329636993 0.00750057601010043 -0.309723839774921 0.157315887917292
-0.530116754684886 -0.0740818105447569 -0.166099273893988 -0.034881006479573
-0.445464363315475 -0.0205062484111525 -0.70006442772867 -0.227619901786372
-0.399873486551138 0.16408606126247 -0.459528026043898 0.241380081207277
-0.187810162253294 0.241734370222077 -0.0201518588066932 0.148476287507267
-0.042950286681667 0.193484468812437 -0.00378341306701102 -0.171973043254103
-0.0156188818138788 0.179238574106084 -0.167417496082136 -0.220501894356738
0.0504649885651675 0.198340109528047 -0.23634872059189 -0.144134202865167
0.0986625953935364 0.16226142414253 -0.218764628491967 -0.0839601516260429
0.122379405974636 0.186730290437396 -0.193018711854613 -0.152254720178379
0.0544544575322798 0.204661485720536 -0.141565885432378 -0.250200122413057
0.0368873912890156 0.22114085833426 -0.0555388586558536 -0.351181396306057
-0.00500109660768143 0.286337863172944 0.0887465628724128 -0.291579670957418
-0.142447508967227 0.349887352300962 0.143022354604594 -0.188926997273189
-0.332339637612143 0.23654385337111 0.108570407676326 -0.0197373475046713
-0.507731535632945 0.0919254205959611 -0.178543879987546 0.169485173148599
-0.565663918397054 0.107876504617458 0.0182731046009421 -0.0141047724967623
-0.431890772172982 0.0868258197351663 -0.619836923035383 -0.19380577691486
-0.451906072813664 0.211716215579987 -0.448430975765129 0.343744620023401
-0.288720060507923 0.336867763473445 0.0164836748466141 0.254181751627892
-0.0581755090792297 0.348831857814835 0.0287400943138214 -0.098681152751843
0.0521245776221601 0.294513916795764 -0.137643287667364 -0.149208408494527
0.144753505282209 0.262070251303595 -0.203352253481745 -0.0761937467379473
0.180450585834398 0.199918899979025 -0.172372811801709 -0.0125073957677415
0.203920074761673 0.223881524024468 -0.137998599377339 -0.0806365486303902
0.111940432671037 0.277302829616763 -0.0773144547083305 -0.182350467660958
0.0539296470326765 0.329903504519639 0.000878917699222863 -0.301547520599658
-0.0853537651094604 0.392587693584299 0.145195103286883 -0.260887423236013
-0.246106113874984 0.384760240529949 0.204968818634787 -0.167926437242706
-0.382920866749922 0.226590102654477 0.21160565771407 -0.0283183860053165
-0.524585545246494 0.151559623103996 -0.0105753639458367 0.169745887384905
-0.497256012554882 0.274900043669926 0.195941219960909 -0.0432260789816978
-0.325217688288813 0.170968429362942 -0.503193738498227 -0.140953999479319
-0.418531205652981 0.221222821024101 -0.366876846800499 0.415717115150767
-0.324465878484276 0.376037420499063 0.0593525228271109 0.321573182974507
-0.0471162945274194 0.443860906482203 0.0532397641386953 -0.00157065323490497
0.11998149062919 0.359706059308744 -0.0877468252248114 -0.0361249807668713
0.221432459280134 0.283961723447767 -0.136736134596272 0.0164160617208565
0.235138349287832 0.208224101537205 -0.0966707393063272 0.0618185558823618
0.250319970874272 0.228548578803708 -0.0616630713013743 -0.00816900796530995
0.142791533538737 0.307571401256 0.00226327900669452 -0.100484585768633
0.0450207542111942 0.38308221496604 0.0691613063397107 -0.218532315476096
-0.168346367329289 0.420268531247796 0.198471852891422 -0.195472771528557
-0.324406086733847 0.340996690005424 0.266804444961642 -0.132395888738271
-0.375393532842176 0.167515829027107 0.333173446103749 -0.0312766721648199
-0.464483781782069 0.190119372022777 0.169875688115778 0.166520084250861
-0.330818965080759 0.363386350683921 0.330574867268404 -0.107399265586371
-0.159476833101289 0.159422188494399 -0.371869239502361 -0.0919236152129005
-0.343576395225073 0.153834949529295 -0.24585196849349 0.431601565114178
-0.318614563479279 0.342210645975994 0.0897776795406635 0.335074110491961
-0.0262974228394324 0.450877076868249 0.0656075507193043 0.101276166351038
0.16783754365208 0.353671605268056 -0.0199603373127661 0.094078187014688
0.257495692066365 0.259069130861237 -0.0434735159751692 0.116516050759733
0.25422702608422 0.18549753365909 -0.00597652504195658 0.126271853640557
0.260362623851606 0.204210719002142 0.0215689454716508 0.0555264770228788
0.147952489772985 0.295571223311355 0.0776252701306418 -0.014800179286325
0.0141186375670539 0.37351570760039 0.125808328572656 -0.109175818423689
-0.241951781643925 0.35937765759556 0.224603851671866 -0.102340358846078
-0.344782939578189 0.214704020749452 0.306516013038478 -0.0808552076881178
-0.288382985783612 0.0801748344029796 0.452306841622966 -0.0133320124274838
-0.331718772685316 0.215582809827618 0.332907691300291 0.167807028018944
-0.105674759669791 0.349911488863619 0.398038766265871 -0.176700628698297
0.0025688800344011 0.0586869803919651 -0.246987388447838 -0.0515715542928423
-0.264997759411788 0.0358000211991347 -0.134988066055116 0.392381807680839
-0.285341602436177 0.254325207379344 0.0855505081584073 0.313830855616129
-0.00570708556648998 0.376256040316739 0.066808552847723 0.199519204790999
0.17739008578966 0.278132019867686 0.052777676831602 0.215925553231781
0.241815155322907 0.189204574190536 0.0576273701200295 0.201873029556196
0.233048119744634 0.137994877468478 0.0851244135827434 0.171002279811404
0.239845126278564 0.155128529867351 0.10040987828901 0.106467667775823
0.138074539739736 0.249049626692289 0.135053317818132 0.0659624480334755
-0.0179807185799757 0.317193443757287 0.152017258950536 0.00895906862688029
-0.269334933952019 0.233687159646803 0.205118332507054 -0.00701547454137078
-0.280344838750428 0.0500969824493351 0.317329936975317 -0.0336077423588215
-0.129677127943285 0.0107116315709747 0.553730172575593 0.0300137501029516
-0.153619051452843 0.241973900660547 0.450288712891548 0.174112657212005
0.124183533217032 0.257815501741082 0.394867784681606 -0.224100846383817
0.127492470661306 -0.0692083452799983 -0.150958712088066 -0.0291209897365745
-0.183650353858985 -0.0807394442477728 -0.0744038657001418 0.32108501356808
-0.22269687967903 0.138712867854164 0.0443419894203417 0.291542069421096
0.00695136983614167 0.243755648840853 0.062272868340676 0.28817474481036
0.146158829739745 0.159678646838777 0.119262535783653 0.306979543167726
0.179868239774641 0.0920363428333914 0.146635394086472 0.255668151775356
0.17667136232442 0.0693798637798434 0.162890269026377 0.1909921457832
0.19208546349142 0.0875167782765997 0.167646059553517 0.144155359515961
0.120884648069926 0.176899900654296 0.173127368693538 0.134168248914512
-0.0348964957369271 0.229958636796583 0.144579498169016 0.110191160197323
-0.230467509676262 0.0915109578142635 0.150510609388678 0.0530272320364158
-0.137374620682311 -0.0844532153838357 0.319067194937274 -0.0201944330927571
0.0604768723025511 -0.00175497128998551 0.633728802539666 0.0846574148838487
0.0329910320762237 0.269551668977541 0.51054411243747 0.17483285885972
-0.275259670107823 -0.274770855576066 -0.452066340138711 -0.126514713823355
-0.252184295811607 -0.0472657960446627 -0.746653414106663 -0.170867827471291
-0.0678935084713655 0.120119458882564 -0.381849286467971 0.0703599531176548
0.124359823327458 0.0149857410740655 -0.118187022615294 -0.0320100778853432
0.0113318264069379 -0.130020033745567 -0.10310833465313 -0.171820537296612
-0.115537185878288 -0.0581266529701273 -0.183730215551379 -0.208081473417768
-0.120212815836022 0.019107505420543 -0.217769330732742 -0.171157218813979
-0.0943267242187032 0.0218077650801459 -0.214521988309492 -0.166062171897088
-0.0951651418408719 0.0308891736008377 -0.204011211574175 -0.239742515094669
-0.0979841938770686 -0.0269549901770527 -0.184033539753607 -0.312493255198127
-0.0144189458065849 -0.0858760928284802 -0.114857456194015 -0.35333700320536
0.152175399842239 -0.0126475659657752 -0.00395537615334939 -0.30552740955332
0.080036537968397 0.185921363382532 0.0692567444584779 -0.258100502490303
-0.149670118930221 0.156639150090841 0.0456306095184511 -0.0433296044983981
-0.278804630781186 -0.0806154269945283 -0.383940456581479 0.144079137996562
-0.432286801933764 -0.199002767811096 -0.331936783303516 -0.0826410537883008
-0.384996283719305 -0.0617213839050207 -0.753211013754274 -0.212972094764713
-0.259591255677548 0.142887883794865 -0.42200721772647 0.155241614852929
-0.03242931939046 0.135052237952361 -0.0563208973280932 0.0407582447302148
-0.0118966763031033 0.0231957093850065 -0.0572890674243549 -0.201279374083894
-0.0703393888936473 0.0558948004520028 -0.192372151504354 -0.235363739129485
-0.0369844585189255 0.114180134572637 -0.244599187332926 -0.168480370473266
0.00492168864233579 0.0995537226193024 -0.234613615253314 -0.13173830288507
0.0205979530712757 0.118598718424318 -0.221274237945315 -0.206289593117282
-0.0189603088146527 0.102222484111596 -0.188143705613016 -0.296156110782605
0.00956745789978064 0.0763105922450777 -0.103258472157485 -0.367954514164315
0.0765743992010456 0.138890608624423 0.0351894052464959 -0.306469396242494
-0.0223655820642964 0.279004956263175 0.0924441258813414 -0.217492045865309
-0.248294800610889 0.219989398977469 0.0505455163875628 -0.0234979109007943
-0.424555979628993 0.0227469082443324 -0.307193795101292 0.170835055315619
-0.53696533427148 -0.0584979341730306 -0.166654149970951 -0.0363016040474914
-0.452421315686869 -0.0104509952996158 -0.717605911676358 -0.214119190093439
-0.398497174806596 0.176980364479499 -0.460279746541262 0.259563079441955
-0.184336072886141 0.249823197955492 -0.015170285739085 0.15017132685636
-0.0411606889639309 0.196363487838462 -0.0138549494308198 -0.174204896226466
-0.0111288717268732 0.183615781478086 -0.181588813676872 -0.217200551934457
0.0591763758654811 0.199691970702896 -0.244057460087859 -0.134076458375317
0.103110662054444 0.160855680730085 -0.219252298191833 -0.0745814877710081
0.128158619468089 0.183702504171673 -0.197029995252107 -0.146562400018491
0.0603263355585985 0.209038889917075 -0.15118670797071 -0.249064881633291
0.0426053364543726 0.224070055285389 -0.0685885879590396 -0.353453827459903
0.00283012315146368 0.288846725328869 0.083044144902056 -0.300424876467579
-0.132120662178947 0.359876638231252 0.142728349753974 -0.195263928440827
-0.332170668368323 0.250458436431339 0.113113491267096 -0.0213104719951493
-0.512235507247292 0.110886616768703 -0.173463517063034 0.179042704226397
-0.566849196665649 0.128196282488422 0.0195723477860586 -0.0207646934641579
-0.433655315416074 0.0962884560715002 -0.637062000455009 -0.178751406638415
-0.451215522058547 0.22660399941726 -0.443863360771269 0.363651341765028
-0.284750087940112 0.350455894175476 0.0249392943612147 0.257221492224793
-0.0503668159572296 0.353727611800676 0.0209993935863885 -0.100892083480848
0.0623542550718608 0.297585019152501 -0.149769626823114 -0.145767998722809
0.1566483777852 0.259328957697718 -0.209617745063816 -0.0654492186677759
0.187367603364689 0.195120229456068 -0.170649807417833 -0.00336795316821446
0.211239892683449 0.217254782045419 -0.14008228404203 -0.075348080185827
0.121741473071751 0.280646021208177 -0.083642877745992 -0.181878905379364
0.0625003012170923 0.333323663156227 -0.0089855518323849 -0.305266831827276
-0.0746441369476451 0.400310615879735 0.140967639606106 -0.270368869031161
-0.237686311633485 0.398633776916604 0.207609284158087 -0.174236695966226
-0.383861920345837 0.240527605878623 0.21659002631989 -0.0320507695025457
-0.528419334267539 0.171296658119147 -0.00210664163257259 0.174782090576779
-0.490811621668564 0.295308219893575 0.198153061325878 -0.0540558239045946
-0.323818527993693 0.177363440232817 -0.518284002316061 -0.128001910348413
-0.416950199535984 0.236591786344068 -0.358680334059171 0.43455376322638
-0.321598074679489 0.393359380470968 0.0700595739996714 0.32394508982261
-0.0363521860690825 0.449995880199966 0.0483642282827838 -0.00261518343584841
0.134028099103322 0.360670326369723 -0.094603756674945 -0.0329279610884841
0.234358568793236 0.277953842807881 -0.139665623791289 0.0276662629855191
0.244042438239067 0.200136490325754 -0.0937511665266656 0.0706764318724272
0.259719319244842 0.21952831451052 -0.0613927411925045 -0.00472892195202736
0.154024354407473 0.30874922793167 -0.00111482497486145 -0.101574848854161
0.0554396333746422 0.386482789756965 0.0619869233583823 -0.22264967597125
-0.160025187012674 0.432378661484873 0.197263614628996 -0.20572936626385
-0.318800452270616 0.356340021826611 0.270367617225577 -0.138867872663967
-0.377345448992508 0.180457343253567 0.338620893623712 -0.0376832486966493
-0.46358574618349 0.207425184109942 0.180981264640724 0.165060231495906
-0.319101484365454 0.380926245258381 0.330299149295556 -0.122729810273168
-0.155942225051351 0.160746453003263 -0.383851246084959 -0.0804643500737015
-0.344842619377354 0.165579052646034 -0.235912704306962 0.446727278561711
-0.315688604507657 0.360246781185439 0.100062444528412 0.336282201758387
-0.0125980260027864 0.457609157543807 0.0649621142469052 0.101672864079381
0.183871621774007 0.351520413030296 -0.0219803216515761 0.0970694748473133
0.269208994532351 0.248849989115247 -0.0429074671282505 0.126567343040752
0.26291936121697 0.175993611382287 -0.00128494685096392 0.132126941079984
0.269672283881231 0.192842123463595 0.0231534959312873 0.0564919943675635
0.159803695414114 0.294924356546965 0.0780036004879283 -0.0185525182234013
0.026001995398616 0.378080341623546 0.123164333986786 -0.114328078267028
-0.234097367126674 0.372792256720173 0.225777548560859 -0.110810613871639
-0.34261015017461 0.229044640677839 0.312044463321025 -0.0866245375297798
-0.291532666941971 0.087875343582163 0.459257962129438 -0.0212316257415995
-0.327984522572455 0.228321021384639 0.345035448868807 0.162107832488615
-0.0908656391643222 0.358566192594098 0.394699531387247 -0.193057989676891
0.00549276052212331 0.0534548096391599 -0.255557741812467 -0.0422840481054443
-0.269507996163034 0.0451581018318375 -0.123793871824471 0.401900694794462
-0.284725063611664 0.270618426932618 0.0942897568098616 0.315101858400309
0.00620109232543662 0.381761431462647 0.0697633392780397 0.200608229059516
0.192125385834829 0.274027915374683 0.0566733347363622 0.217856081307459
0.252438011056185 0.179796524752082 0.0619710826444518 0.208202893556011
0.240909737927669 0.127356442497638 0.0898418471724809 0.173609272861274
0.246978789550777 0.144351097930445 0.103063623190896 0.103915971596488
0.149303699290094 0.247075238669375 0.139310166766744 0.0608320868479019
-0.00786463042018602 0.322287734899258 0.155054267919857 0.0038981881989169
-0.268101673883179 0.247695117168204 0.208819381962393 -0.0116392073103644
-0.283676301847254 0.0593898178464799 0.322120972275522 -0.0380255489001858
-0.131984281518294 0.0125687977014865 0.558859942164167 0.0174225394315641
-0.146161862596395 0.248877598251445 0.465487153237751 0.165733880033454
0.137337936836771 0.257564011778063 0.389812478207952 -0.238767569186101
0.12838560172906 -0.0793995420864902 -0.1572387403622 -0.023250499393626
-0.189780011230775 -0.0751548063559802 -0.0656765660762635 0.326841241409529
-0.223418685872029 0.150310851942325 0.0508765843024389 0.294434359050663
0.0158365297302453 0.246298367448159 0.0695976189238648 0.290211101934735
0.156337956606288 0.154514559147727 0.128305344888707 0.307203638180167
0.186429447982898 0.0850795830615578 0.154221287163476 0.257887466213127
0.183021388400694 0.0599377997892436 0.166955965126378 0.190004917226419
0.198621946949458 0.0774965722258539 0.172923957892306 0.137632344212336
0.130441839666229 0.174801331870894 0.180491090032279 0.128275805916459
-0.0264044789812699 0.235314552897379 0.151451559934302 0.107242803909029
-0.23365597333871 0.102800875215299 0.154446910853925 0.0513030075227259
-0.143581201061889 -0.0815334810866117 0.323796871738595 -0.0245348015474893
0.0616694201178411 -0.00501650776464074 0.642229708370608 0.0710791292683911
0.0432019728673159 0.270574542136132 0.524279339804387 0.165094083042455
-0.292131390815382 -0.263286291477307 -0.456544809170139 -0.11175952981204
-0.256082057050801 -0.0350282257036106 -0.757325652488763 -0.142201224614626
-0.0604703660410722 0.122771428480964 -0.379859325448381 0.0874843252739304
0.126941125810557 0.00576949105411803 -0.120906095897411 -0.0271098585186439
0.000947400235002036 -0.132120676669995 -0.1162714296012 -0.165839489580769
-0.120365552020954 -0.0499755993875568 -0.198780850922986 -0.197009749395599
-0.119568091660875 0.0273892247756458 -0.225413812712427 -0.159204678830778
-0.0952503442902276 0.0289818206154815 -0.217788771557849 -0.156208824484292
-0.0936896542920056 0.0378930395432584 -0.213274221854737 -0.232961349681261
-0.101437650305939 -0.019643801113658 -0.19942623588538 -0.304387453690671
-0.0203666107633207 -0.0850248858368474 -0.130501409735318 -0.349561564234314
0.151713931883696 -0.0243875690342953 -0.0163492939362493 -0.308031497536673
0.0913225085755594 0.183738518195795 0.0570222984157625 -0.264691630301424
-0.143570837270885 0.164639489485247 0.046203633460107 -0.0459612144335534
-0.285060936163462 -0.0652403733671865 -0.377198423524171 0.165461772491229
-0.445194698477074 -0.178724935249947 -0.333790704088567 -0.0730014642206881
-0.39049895199326 -0.0449004200800409 -0.7673960421389 -0.184368666755435
-0.253146632069159 0.155422051275699 -0.416504412550791 0.175072467783502
-0.0255433018905706 0.134780063742825 -0.0543159895255386 0.0425486355804933
-0.0147229044339399 0.0227360125559523 -0.071706523264865 -0.197939777864099
-0.0697309246567806 0.0621870139827494 -0.209010004913646 -0.224343860025721
-0.0306990378612622 0.117752330595775 -0.253946246864252 -0.15465917744589
0.00818174291831248 0.101136515038135 -0.235718534733208 -0.119369157160996
0.0254697210930407 0.118626385487846 -0.229255326251162 -0.196055447758589
-0.0155599511392665 0.106913792822248 -0.20221525194415 -0.28735008523734
0.0109200733825241 0.0769667747213751 -0.121499102717034 -0.364492412972182
0.0827050282277266 0.132933490946291 0.0220928368156193 -0.311328080919562
-0.00641869302325401 0.281181545947719 0.0841330922682385 -0.224249999169114
-0.240326268872554 0.232718622273469 0.0520663624404086 -0.0249305095804524
-0.425300249954837 0.045953940150246 -0.298195253793886 0.187992212097863
-0.544398203386819 -0.0308587616522891 -0.1664787548722 -0.0340892019472069
-0.455841330448586 0.0081271620712355 -0.73411025462215 -0.183793158347545
-0.391182775002177 0.19458719486002 -0.450111328353972 0.283392270777448
-0.174936768016244 0.258728462582436 -0.00788482754235853 0.151887123822885
-0.0359211216936181 0.198316022452141 -0.0277394168419559 -0.172881001702997
-0.00313231017692171 0.187300243573591 -0.197560547786744 -0.20630919321237
0.070512741400905 0.197053966394824 -0.252521103750005 -0.11878204723542
0.110388925555451 0.156738262918057 -0.218568737610388 -0.0615377018048541
0.136646061752188 0.176535894492534 -0.202251517650412 -0.136688496845073
0.0697027721135867 0.209438735623186 -0.164035559241763 -0.242151083259295
0.05102065823515 0.223220397249174 -0.0877216227413474 -0.350174901268353
0.0153268710937442 0.288649449317276 0.0704517293863406 -0.307457554393104
-0.114746982136994 0.36776156486148 0.136671817634528 -0.202991057938658
-0.32358220197825 0.267460414066463 0.11553140599685 -0.0248252014464155
-0.508507263985214 0.137464900988663 -0.162860012960541 0.189870746924619
-0.560701165201817 0.158256980224369 0.0210349671849463 -0.0266699297492031
-0.432611499990872 0.113215743946524 -0.651418945285229 -0.151344511915329
-0.442102169416732 0.247917024085451 -0.430517352007442 0.38689062537501
-0.271748450679246 0.366737120153255 0.0377517844659232 0.257019429801102
-0.037757958458327 0.357258644673807 0.0109540504159235 -0.101394421751103
0.0763239069249294 0.297007108669608 -0.162217745247593 -0.136620962649936
0.171311212962188 0.250487867861689 -0.215249169488423 -0.050079266976949
0.196356556342758 0.185601669813562 -0.167207830816374 0.00917816229510615
0.220565003126117 0.20507397324357 -0.14185701576198 -0.0667410558034343
0.135233220607739 0.278182242025338 -0.0926990123239648 -0.17789631839586
0.0761838066231966 0.331988185944055 -0.0255281672659312 -0.304181517713418
-0.0565275816391289 0.405981266167727 0.129992795313741 -0.280519175097046
-0.22022183287388 0.412034954856705 0.203961034885635 -0.183359026477815
-0.376546600847327 0.260244979810463 0.220013282090025 -0.0395452794535828
-0.521697286695139 0.200310366097989 0.00962077925385988 0.176836684185008
-0.474848809413271 0.321634982731144 0.196565261188725 -0.0676348185517309
-0.315876328829438 0.187289903353701 -0.531623296980024 -0.104035299630251
-0.40860064880839 0.255486509346855 -0.341263492479017 0.455957483011327
-0.306916406321296 0.413171730734649 0.08505909344563 0.322659108319029
-0.0171855225197011 0.454268798860124 0.0442973822806737 -0.00410197552506415
0.15338770036527 0.355815933847331 -0.101315226788871 -0.0265246192950859
0.250862720896885 0.263459990696577 -0.140877375150732 0.0407618765768797
0.25398025373093 0.186090895195199 -0.0874983776287316 0.0792661640407457
0.268369392231243 0.203394486352479 -0.0610890285965029 0.000578470493561833
0.170153390595276 0.304194669490794 -0.00561331079006537 -0.10175862382337
0.072336897977167 0.384605475704864 0.0507264924705826 -0.225966616308517
-0.141672008996744 0.442004487843413 0.189337954196326 -0.216338787344896
-0.302787123164904 0.373606415245781 0.269868390315821 -0.148780783024665
-0.372629165446044 0.198191836678146 0.342040055144404 -0.0498284388101656
-0.455139757666087 0.232052201391794 0.193387438764615 0.158843983940431
-0.296977188501226 0.398183437616874 0.325293936408204 -0.140770103575307
-0.148618675350436 0.1615947049584 -0.393862266290173 -0.0601833962678753
-0.339228444584084 0.182266591460311 -0.215577174650224 0.46089728647826
-0.303313711939 0.379706430274053 0.115509415679059 0.334362339003651
0.0077176822136913 0.460622616036617 0.0657701824992723 0.10015849445236
0.202471329963214 0.3422073064135 -0.0214295854577027 0.100823463633718
0.284424302620433 0.232896741917125 -0.0385218153562905 0.134914761061061
0.271532740813539 0.159942043559674 0.00584423297175231 0.136446007319947
0.277152944886464 0.174880622278982 0.0250223244791875 0.0564525909142957
0.17640480920567 0.288394208872315 0.0775142045224911 -0.0225496667464164
0.0415585220327137 0.378134766786281 0.118409597596544 -0.119661210682395
-0.219780544902228 0.388524358917689 0.222690271740466 -0.121598142573321
-0.33391790107479 0.245667708122644 0.313250168591108 -0.0967639248964204
-0.290541440718407 0.100861894926193 0.460966539340473 -0.0384364179760756
-0.315889891914251 0.245021013632912 0.358376852837422 0.147404959179077
-0.0685797465676077 0.364713110925723 0.385842084432489 -0.213475072805551
0.00794138965553529 0.0464447942227698 -0.262564153417399 -0.0273438717896435
-0.26920780881831 0.0579973754335621 -0.10585574125855 0.409889686790232
-0.275421246845666 0.288970584294765 0.106858403872363 0.31306376285493
0.0253943548495577 0.382848694109666 0.0762868177879913 0.198970590889289
0.209466115713876 0.262897152604259 0.0646669859848521 0.217846826536767
0.264116939838204 0.16405494105231 0.0707899436612632 0.21174184527334
0.247976125869788 0.112103295757172 0.0970963561940858 0.173489730791529
0.253435196384364 0.126975585356532 0.106069236546382 0.0990621059279221
0.164216229767189 0.240542377131165 0.14276643588883 0.052445834740226
0.00776165777312226 0.324595325804543 0.155778352184862 -0.00365939833664437
-0.257975008329412 0.264425972901732 0.209379046697895 -0.0197360242729877
-0.282677262496756 0.0729146684838575 0.323951897596865 -0.048359268880171
-0.133451718506509 0.0174384610260518 0.563230333304884 -0.00209798069463399
-0.133160267486052 0.256408774923296 0.477530650860265 0.145786885620544
0.154121192867402 0.25137469839562 0.376762121416723 -0.259247983571554
0.12542273653281 -0.0922952470525678 -0.162276458175577 -0.0125287036287567
-0.194816906489858 -0.0645952991811436 -0.0513245336646628 0.330266819452739
-0.218851508042766 0.16510793959014 0.0614937482322902 0.293831318086822
0.0292254916301023 0.246235727523669 0.081720681993396 0.288607515376107
0.167636449704928 0.144031185737495 0.143037680713266 0.302811351489849
0.192429170097216 0.0729200555666798 0.16604550454891 0.255292348676714
0.187205257448139 0.0478418719140244 0.173566306273806 0.184638093415011
0.203392325509614 0.0633953200999086 0.176294210690224 0.128110954039208
0.142435561049264 0.167859404559478 0.187759715536675 0.117204255900968
-0.0135833156828391 0.238911281030384 0.158738892177691 0.0995833635262087
-0.231234462262537 0.118300966354771 0.157444352386887 0.0471047285810806
-0.149705140723189 -0.0746674243806627 0.324811182394443 -0.0347617769785596
0.060459533552876 -0.00956271849850926 0.648139456436121 0.0461122665045814
0.057938572607624 0.268724884843205 0.536681832876289 0.142525171381169
-0.342019151606584 -0.201181774632129 -0.439959188159889 -0.0488602460557786
-0.269887348862107 0.0195477978695513 -0.751014468904753 -0.0372621328041342
-0.0407602865269681 0.134160231492791 -0.359426589342942 0.135263425390176
0.121955836772851 -0.0206620559326027 -0.126400374121205 -0.00165091618128382
-0.0272656862392563 -0.129593399423034 -0.136413957703174 -0.140310324112129
-0.131688580957796 -0.0277488925533886 -0.222443504144852 -0.158605515134554
-0.116846072303465 0.049805845810253 -0.238417018959994 -0.120276058022574
-0.0917988446733623 0.0449403809427043 -0.228583905873229 -0.12187385862195
-0.0896328184288068 0.0547799505817922 -0.236278095203117 -0.201803595672983
-0.107555738397069 0.00199043912676455 -0.231668886522064 -0.273928084552238
-0.0388887537507644 -0.0776082291720098 -0.171348416737032 -0.321661249537345
0.139348413698743 -0.0501215939638123 -0.056942215002239 -0.3007420001675
0.114445595120992 0.165938547432083 0.019772883901054 -0.273951931650297
-0.117957572358103 0.181986308898695 0.0463575308486341 -0.0489679967289553
-0.286697997267598 -0.0194363329048543 -0.343099807803334 0.215538219472637
-0.471194496314239 -0.0917814294633187 -0.314373747430397 -0.0389686902810818
-0.403612216144117 0.031593329969698 -0.766395410566517 -0.0768491736131556
-0.222885821159485 0.200201892507923 -0.37651891041111 0.216280033858389
-0.00229584097558041 0.134044211685449 -0.0514805614080668 0.0443836014932596
-0.0181919673557463 0.0215437191274469 -0.104762894403254 -0.180297762016648
-0.0657093142573884 0.0717207254457336 -0.241159566449002 -0.183094279883717
-0.0142414895938123 0.122717017904043 -0.269602097964922 -0.112706254457081
0.0177723540276294 0.0989909603822611 -0.242205431603878 -0.0812161317873914
0.0392606077558758 0.113955265214655 -0.247218000524325 -0.161277027677304
-0.0028275459347563 0.112662803057829 -0.235301390255875 -0.257124812096528
0.0167996003816676 0.0750240170732053 -0.167100567542365 -0.340402619486437
0.0962613923432448 0.116083323992306 -0.018095541649085 -0.313153811215419
0.033230262685943 0.275623313429193 0.0570007964799949 -0.238148910919548
-0.201458770155022 0.261722109438585 0.0586673575101707 -0.0271361326442193
-0.409180799060145 0.108146661823156 -0.258232369073435 0.229872528901708
-0.535727381458969 0.0669430256355688 -0.150646500364606 -0.0331817091391668
-0.456050919548615 0.0917954483987368 -0.734937708647153 -0.08719060885549
-0.351886757305327 0.264133516633961 -0.393048438377912 0.321428549048096
-0.123783893873924 0.283605464797478 0.00964723168860705 0.132986986361417
-0.00844862064654772 0.194115191174171 -0.0648752785446932 -0.165643561510746
0.0175420582676017 0.181338296953063 -0.232534324227225 -0.166740707697168
0.0996460795821586 0.182838839830551 -0.267983632771057 -0.077750781023582
0.124962754870074 0.137360200248655 -0.21766775751224 -0.0246669306783341
0.157720854252469 0.152392633055564 -0.213980200985207 -0.105167483429787
0.0982876636748298 0.199589557595042 -0.194306070386868 -0.219083152952533
0.0782513101816675 0.210455728585527 -0.133635345265177 -0.331812504732661
0.0549135444763069 0.280271901455743 0.0307673187156829 -0.319114196157074
-0.0580655094613174 0.374673841795584 0.116725671758494 -0.225131628528848
-0.279175834274539 0.307269102751165 0.123759926064335 -0.0321956116864101
-0.478071007553198 0.208973528360756 -0.122320599122536 0.215831978388263
-0.515049876995186 0.251975222467458 0.0247138875059166 -0.0591485160704381
-0.4129502002501 0.186413728508705 -0.655737933174345 -0.0679569877511117
-0.390118184700523 0.325689692063725 -0.35793539963329 0.41614287522062
-0.198466389780023 0.408943828308588 0.0676513942232515 0.222288478273012
0.0174537054455847 0.350200261740702 -0.0232502262437615 -0.103877572203373
0.11367500185053 0.27519432344937 -0.19218603054923 -0.104205929882291
0.209296984174961 0.217353491487396 -0.226525406226699 -0.0169068613982489
0.21232674558936 0.151793679188539 -0.158629307514145 0.038429646271717
0.244539239924178 0.164717963096744 -0.146621433195455 -0.0441599510140598
0.174722385230788 0.253873956871645 -0.117299030287322 -0.165889601840566
0.120552954362053 0.310623120291931 -0.0688934703276917 -0.296868197021869
0.00365201879024773 0.406314963711177 0.0941096134922951 -0.302471724109696
-0.155529276259457 0.433020406553258 0.18919504561641 -0.213566490291696
-0.333794154777304 0.307431634563384 0.224176620341392 -0.0580648975670958
-0.482122420201828 0.270719220716199 0.0458559520021508 0.181491380932965
-0.397607561144372 0.391253023396908 0.179267175899736 -0.124282069281561
-0.285208501649885 0.237393694543113 -0.535483303181727 -0.0339168519519805
-0.354894728950774 0.32967835727055 -0.262644863703892 0.470223939407489
-0.221475658367685 0.463173028224857 0.121543758346653 0.275219660300513
0.0554030707161218 0.442607340085157 0.0194225124738038 -0.0144063371798779
0.200315645792259 0.319313470837721 -0.119320421714151 -0.00571797388094082
0.291405752292568 0.2157517864222 -0.143019132408187 0.0607454978959812
0.269355080579615 0.14214661485756 -0.073133730544152 0.0958098730590281
0.291130268068223 0.153773818476592 -0.0599575286508737 0.0119994694247368
0.214197141621857 0.271947419027491 -0.0234156572305093 -0.10310330778961
0.126138118695653 0.361823922511106 0.0154178079654788 -0.231183361638562
-0.073757134399605 0.456776947902785 0.162637019567568 -0.247247964950126
-0.243126815857275 0.406204256394148 0.261134147420285 -0.185056948925746
-0.338603393545779 0.245389385439409 0.342428862562967 -0.0825904242386183
-0.411943401249169 0.28985506571108 0.222628370399624 0.139803017971231
-0.209396806679708 0.431129114762591 0.283015043671089 -0.20812587926666
-0.125347706829654 0.180263546715473 -0.397896686175408 -0.00451911166504549
-0.297775874790849 0.244753043896856 -0.138668536948887 0.460828829431217
-0.223716914896156 0.431075307452539 0.153749020816675 0.283247090394287
0.0837345434711576 0.446686409960145 0.0559211032478234 0.0838620083865017
0.250744336602642 0.299788630814034 -0.0222808216608458 0.105949008073281
0.32265752212785 0.178478867705775 -0.0303341313247864 0.137364424798484
0.284776002698758 0.112730612383543 0.0238594007596565 0.138147447365058
0.297540156420824 0.123585486354788 0.0303278723173126 0.0556679975295478
0.218882151464017 0.253063443672615 0.0675716762283899 -0.0362327108044005
0.0979381555850216 0.361133025133783 0.0956095070901773 -0.137257498873827
-0.157088021359049 0.415579697572757 0.209625743078614 -0.156333446614607
-0.291703071485186 0.285347991139934 0.3097990918474 -0.135394401584802
-0.274602523610856 0.136185080687382 0.456670388396673 -0.0874010964311167
-0.275162865068363 0.280974207942974 0.379834607935458 0.106356894372122
0.006344255343571 0.356778129987625 0.32509268825033 -0.276592105047771
0.00803331661911927 0.0396549683385747 -0.262314588512746 0.017398138037654
-0.249778644680079 0.110930053948485 -0.036088270910507 0.398548253976729
-0.211407269547558 0.338288217297053 0.143569927562298 0.268212630037871
0.090808561338787 0.37040761713325 0.0851427851628123 0.180168534378969
0.248385186648805 0.222175194179609 0.0818539806929927 0.205818793906271
0.292301763510496 0.114674805393418 0.0894138340965193 0.195621828950621
0.256947878255285 0.0691082440710814 0.116657380473753 0.159583987725318
0.268203330227016 0.0787362156500143 0.113541305435497 0.0852763791540848
0.200621764417656 0.205680943737912 0.142342960002382 0.0287529983497042
0.0594749125396044 0.312438765796588 0.148918381484134 -0.0288600680703556
-0.213802512962011 0.301351056946131 0.210065190095401 -0.050483907306996
-0.267975388906102 0.108703851476059 0.323438927342221 -0.0832517054285229
-0.133770457541254 0.0302739433445271 0.558210953087037 -0.0671190163917646
-0.093192879481413 0.264670530108243 0.49240628736808 0.0871717210904698
0.20161104936134 0.20643584016908 0.308880408977349 -0.306694861297281
0.0987529390226433 -0.115158918307702 -0.158598123720729 0.0233266366332195
-0.198209889304426 -0.0226654109242849 0.00725076313169926 0.317838088208322
-0.178532652211011 0.207725255122486 0.100541935137802 0.263031486682004
0.0736438772975344 0.238928497713703 0.111918648489558 0.267302772275656
0.192954336816815 0.113281131088147 0.175154847392602 0.275091597794446
0.207983398988831 0.0373752423443482 0.192215188569099 0.224129907217881
0.190724948964354 0.0154262546215379 0.191139764810714 0.158093123484587
0.210766452557979 0.0242941611181383 0.185368850746402 0.102398359133828
0.170227732654139 0.137543075099161 0.195633584292612 0.0868193735158211
0.027152856045357 0.233046130112985 0.166753756942087 0.0727964206171072
-0.209339623943386 0.153821114177094 0.166822639889329 0.0266407279923471
-0.160762872282198 -0.0545056594907332 0.318567891386354 -0.0678560475765343
0.0517218527899416 -0.0248366399348929 0.643168067361342 -0.0341817109176884
0.0964074252941458 0.250268352863858 0.546866990332956 0.0739501537258348
-0.341243053205726 -0.182289187036469 -0.427815207819521 -0.0368375290605106
-0.261473899240055 0.0277163208264323 -0.731252180235913 -0.0173252618655609
-0.0339457062872439 0.131069002686713 -0.342000976694561 0.140874314451752
0.117465670249004 -0.0284375552962739 -0.122834259178774 0.00237871623585837
-0.0342860937291671 -0.124054859686301 -0.138587118689413 -0.127857837777151
-0.128704086407761 -0.0191289926156892 -0.224002529802638 -0.141185544331546
-0.110646459832426 0.0543008346380298 -0.234848143839513 -0.10694639994962
-0.0876036166086839 0.0497914922108057 -0.221433840401354 -0.112479292369423
-0.0847440261411646 0.0575724973894931 -0.233611109634324 -0.189405518362169
-0.105400903920308 0.00852486086894291 -0.23276317656368 -0.256310534676371
-0.0423085801824647 -0.0737069904683983 -0.176309146445984 -0.303954125287167
0.130878008642753 -0.0569137257461611 -0.0636926915419516 -0.290815726756456
0.119220953825911 0.156253291690233 0.00790084164493638 -0.267301374669043
-0.107845451655022 0.180315545620178 0.0446541304395326 -0.0490652848675447
-0.278763244264874 -0.00785124421013702 -0.322389956231905 0.223213171461334
-0.459715166072274 -0.0727343668668988 -0.304903280377055 -0.0343786557384549
-0.390915993397411 0.0432568565059861 -0.748237042691902 -0.0559322619922477
-0.208752409194206 0.199940115081264 -0.357926709202005 0.221935717961071
0.00192926384974211 0.126480431054118 -0.0480654178423722 0.0445741488470924
-0.0200704964938003 0.021550583483165 -0.109560252552636 -0.168460203243554
-0.0619842617596163 0.0746615496376754 -0.2433786947121 -0.164295922717835
-0.00861538393564002 0.119454356343416 -0.264926039760191 -0.0956512647043158
0.0201941128802186 0.0972711600445807 -0.23265126572608 -0.0712958384599629
0.0413984704579477 0.110009846381615 -0.241808475149141 -0.148940329494347
0.00112701122425001 0.112105561155833 -0.235853366621174 -0.240183713087698
0.0168676606750717 0.0730572251130562 -0.172799945516944 -0.322092018198571
0.095216501143189 0.10627114661309 -0.0274648173815136 -0.304082666362103
0.0440664311997753 0.264474474958984 0.0473472816651086 -0.233589382880843
-0.187442402458124 0.261231059332582 0.0579936498100761 -0.0279739220771821
-0.392389706846242 0.120985549913611 -0.239097045729823 0.233296523157609
-0.515610928411073 0.0829312396335751 -0.146426032297904 -0.0329350312227788
-0.440507085545474 0.101613032059647 -0.718276269206309 -0.0632829706703985
-0.332887441091261 0.266946739434775 -0.368116980298032 0.325136754233965
-0.112218462808931 0.278688410649946 0.0153094741521324 0.128885041010229
-0.00599594658396261 0.189085355738126 -0.0704701042499253 -0.155403113955648
0.022928330178808 0.178055848493614 -0.234653339720425 -0.149844927651268
0.103236067830704 0.172170977807273 -0.26267021350879 -0.0611366000893503
0.124734384161017 0.129338481851402 -0.206828161113814 -0.0168993322181324
0.155327070389046 0.141409196067144 -0.207626150196221 -0.0940437437733368
0.102331717244119 0.192683403932221 -0.193908388054648 -0.204138063838995
0.0806928533562 0.202092492835596 -0.141035558234608 -0.31566461812193
0.0611850609393659 0.268322638590906 0.020017186147766 -0.311849195387976
-0.0431460694694138 0.364301999725729 0.107894629067589 -0.221974574927331
-0.261739346943215 0.307534007193214 0.121450547989029 -0.0348662130378661
-0.454550327728577 0.220894202120229 -0.107868313342378 0.213884583375674
-0.485839121827357 0.261315735948762 0.0226833663969887 -0.0633863734784402
-0.397387743583465 0.1918990830293 -0.640333396355816 -0.0448229973697246
-0.367808054439512 0.327875547652417 -0.333504545416823 0.417084229151598
-0.17971317583638 0.404870187252201 0.0751754425530504 0.214260062602115
0.0256668751456424 0.340021046730586 -0.0276701516339184 -0.0974606050244058
0.119914527356908 0.264170484365344 -0.193402107841429 -0.0908069813324037
0.210212606210159 0.200352142387153 -0.220402961710471 -0.00219099706192646
0.210128250127669 0.138905928870034 -0.147980344942998 0.0435767082889529
0.239726083608642 0.149161385188987 -0.140595980400124 -0.0358426893008909
0.178346586103828 0.24229333977883 -0.118403759254224 -0.155585582662955
0.125165083723994 0.298641563695031 -0.0768765747519777 -0.283619498844839
0.0153930193664431 0.393761472820713 0.0831147511008533 -0.297403967088443
-0.134923042418754 0.42296724970393 0.181014435249813 -0.213052382147854
-0.314714890987973 0.309235484146117 0.219655016974535 -0.0624219594717629
-0.455468903727594 0.278451961521893 0.0536833275310432 0.174415452042939
-0.36711869728542 0.392784303201852 0.169747974966112 -0.13114320869015
-0.272151221717555 0.234681037838556 -0.522398567962067 -0.0152543610562731
-0.332503824774945 0.330246798567328 -0.23788662611741 0.466557456672007
-0.202060901758841 0.459844735997692 0.129610614681909 0.264544942908486
0.066132003325645 0.427698537825214 0.0165732450836238 -0.0128482656954468
0.206701628365206 0.302950401287813 -0.119191920160006 0.00160136677091505
0.288932862154113 0.194070473938576 -0.136496296489946 0.0718014575885784
0.264340733704975 0.126806123157187 -0.0637533260673834 0.0973345004528421
0.283814477806453 0.136023214349582 -0.0556926504972905 0.0159983724240709
0.218072225144078 0.256624019979136 -0.0253562525840296 -0.0984639783300005
0.131492939661976 0.348258773951183 0.00708676843698272 -0.22307335872785
-0.056671298976218 0.445897538871649 0.150870451668837 -0.245583953570587
-0.221024227244051 0.401226036692082 0.252445125991602 -0.187188950193819
-0.322322032173672 0.24828979939028 0.332478640641823 -0.0891189056858968
-0.387135123700058 0.294206705920971 0.222828883565344 0.128960777808276
-0.182659407099201 0.423862391302555 0.267530160854677 -0.214647675728864
-0.119098862435682 0.174456240160667 -0.386558093671994 0.0109458703984979
-0.281559978915223 0.24687709640297 -0.119012838693301 0.452849909706881
-0.204075606613287 0.429722201231501 0.158351952420398 0.272122475030221
0.0955032561872403 0.432450852378667 0.054434727760136 0.0811089837894336
0.254419668708474 0.279982996549933 -0.0205842049632718 0.105828640796433
0.316920748263911 0.156358726194331 -0.0239245106877065 0.141919591627061
0.277764400370466 0.0963030334546013 0.0302852717429601 0.135701595304833
0.288245922393597 0.105328132285616 0.0310139044636249 0.0552294298438431
0.222210656833322 0.236916302862115 0.0649680544217113 -0.0376806510210567
0.106589995834405 0.346371325770972 0.0880473014944626 -0.135070426326341
-0.138386208094825 0.408946411601425 0.198988362862605 -0.1568573941246
-0.273238491392381 0.28467709023352 0.301851326008409 -0.13851600954876
-0.263100901601906 0.141014367714882 0.442269234979579 -0.0964780523043925
-0.253912186001083 0.281313078751632 0.373837487195085 0.0914930590769311
0.0226399508888951 0.343554924233806 0.304670611330617 -0.280628434152699
0.00500740521420528 0.033043977069679 -0.254482745718606 0.0279274085456177
-0.239409186361588 0.115969061353308 -0.0226837678809899 0.388788590194327
-0.193897758226258 0.340240601192854 0.147419556938437 0.257648960169587
0.100075748385357 0.356616284120118 0.0859799583848499 0.172991896975781
0.249263636919556 0.202415054734423 0.0850739617857412 0.198319310569764
0.286271921523229 0.0959458370661028 0.0941542866519587 0.191731033876324
0.249971014518165 0.0542872798754396 0.118141781505803 0.15385251461164
0.259187790833993 0.0622238360064224 0.110853405160808 0.0796933882935601
0.203529395021699 0.189913012765897 0.138834323422028 0.0223958059986447
0.0685941950417376 0.301243424149742 0.143861468678444 -0.0324852939231445
-0.196874146216228 0.301762392803748 0.203099690938911 -0.0533535131634193
-0.256827554724443 0.114079272038635 0.315628581630613 -0.08754441903258
-0.129810499189842 0.0333222718313464 0.539953526764661 -0.0796922672259963
-0.0791501429940328 0.258184871901101 0.482218691641623 0.0703248287921689
0.2060202571704 0.191354142010714 0.286382917572621 -0.307588842048601
0.0880570030794781 -0.120151225374287 -0.153945957992806 0.030498089659109
-0.192698398691212 -0.014503202629082 0.0149016820112948 0.30825689567786
-0.166103630045475 0.210952359434489 0.103974444255762 0.254951052086099
0.0807258984160222 0.228681304021061 0.114556764676311 0.256531523493292
0.191823339492573 0.0977785705166817 0.178619084511689 0.261967348325966
0.202404918454464 0.025105943790006 0.194523737233538 0.213974728628332
0.184765885409937 0.00432073677599497 0.189394633713639 0.150757322113228
0.203594074018169 0.0114403120131959 0.179134905390733 0.093002626923981
0.171433643833001 0.124514945881513 0.192566900417306 0.0752683036631258
0.0366465250732906 0.226502052888597 0.164700320299314 0.0644861718961795
-0.197548015007114 0.159341122073786 0.16335474138538 0.0235383814709423
-0.159085540765828 -0.0474021838642105 0.308939570272593 -0.0721859814725542
0.0484654054707338 -0.0259050461301723 0.62316578485537 -0.0511639703610901
0.102823825270264 0.237683018304588 0.533858042852064 0.0556477659812122
-0.336551891510675 -0.172342092435383 -0.415975635528917 -0.0366075204374414
-0.255228115788935 0.030931772587048 -0.717173374280142 -0.0127333014363806
-0.030938472489931 0.127610372189788 -0.334083327071076 0.139432481838112
0.113670566542326 -0.0327138798779711 -0.11955076903553 0.00320664401602808
-0.0379273831221551 -0.120570076085384 -0.137035408622584 -0.12061115756666
-0.125591768479833 -0.0140472647979854 -0.22265218156456 -0.130594512724561
-0.106393260579613 0.0560606112523344 -0.230284791969668 -0.0989644574775455
-0.0851826748080775 0.0517764263815176 -0.214157691078246 -0.10971272214368
-0.082385484546438 0.0588352463704957 -0.227430212639876 -0.184193688147546
-0.103254578664544 0.0128896917314543 -0.228758272171683 -0.246825798414054
-0.0444058605420527 -0.0717922168982024 -0.172826325532903 -0.294157770405834
0.124209227035497 -0.0598809492265766 -0.0640743891491675 -0.284607993999122
0.120572015257358 0.149459654040895 0.00283059168469773 -0.260815453688131
-0.10324632470736 0.176433257943896 0.0434796086518127 -0.0484436166005296
-0.272283329364568 -0.00333250688000006 -0.310200171172579 0.222669847972299
-0.448132286886913 -0.0652696844632049 -0.297252998133745 -0.0341225016596736
-0.382024085743681 0.0445684583285105 -0.733194361562787 -0.0497941081434974
-0.200848855667212 0.197175888746044 -0.346799600422818 0.219492566211735
0.00229429746759882 0.121070571710199 -0.0444551437868238 0.043170611677273
-0.0226070283085541 0.0213864363297537 -0.10942207256904 -0.1604420508408
-0.059191276395459 0.0765913660730776 -0.241922210186431 -0.153335280676466
-0.00656346291096805 0.117107780599922 -0.260391168908372 -0.0861451404364233
0.0204626367276237 0.095933508730646 -0.223611027332265 -0.068533954432519
0.040991427318065 0.107174789674234 -0.23464158428596 -0.143590799086792
0.00214179978581581 0.112505356859346 -0.231257431086648 -0.230554344023511
0.0145460642111518 0.0714131271841964 -0.171003688377858 -0.311073981169658
0.0918271095496505 0.100569245624914 -0.0286813327843093 -0.298100939564384
0.0474342592658236 0.255619690045332 0.0433060164038551 -0.228381198651351
-0.180439092201109 0.25592734769361 0.0574653827181776 -0.0276240047165271
-0.381013398290719 0.123345837266565 -0.227766996636184 0.23146161776887
-0.500125763971398 0.0860285175069948 -0.141571060569919 -0.0368799540049449
-0.4317254918692 0.101116138207457 -0.704234574428618 -0.0560428286935245
-0.321572937400776 0.262809600595411 -0.355948503998826 0.321066113997838
-0.107895799786548 0.272682226078245 0.0184886348512642 0.125542384492073
-0.00648893209620772 0.185707668358137 -0.071393772206959 -0.148838425402932
0.0245589644270903 0.175661592665368 -0.233627249868695 -0.139425397337246
0.102199670202094 0.164937802154175 -0.257152726125816 -0.0504168661121114
0.122064720990292 0.124762448761922 -0.196662641933274 -0.0147836225046665
0.151576881185632 0.135877400773807 -0.200132098352452 -0.089084554705231
0.102381654953042 0.188466887546619 -0.191486088843543 -0.196056352524086
0.0793707481404919 0.198025119534109 -0.140998125783971 -0.30511318494228
0.0612655753475095 0.260453955188011 0.0178514343920876 -0.306033727049454
-0.0362958461875377 0.354324578890664 0.104938356932355 -0.21820952537547
-0.252601144502923 0.302324736323479 0.120346948329831 -0.0348565934517539
-0.439945244180792 0.221845608532864 -0.100003401659564 0.210966457631544
-0.468351894091396 0.259838423133965 0.022345905697022 -0.0681602395376412
-0.389625001358054 0.186790832241323 -0.627829627875261 -0.0368296840170967
-0.356851780264149 0.322325902295935 -0.319930915306392 0.412567375985866
-0.173302864782789 0.398086538236023 0.0787707593754086 0.208732386537691
0.0257014791854502 0.332557919291692 -0.0290608577799653 -0.0926703768403154
0.120337550032635 0.257303443557383 -0.193208690844189 -0.0829999836993502
0.206216723930237 0.189384198669476 -0.214590448207274 0.00867499046388518
0.205106131461972 0.132368976247309 -0.139340290873655 0.0442860831814386
0.232011606825619 0.141283079743343 -0.134663909638013 -0.0320306023585835
0.17768754115466 0.234950351831573 -0.11656986163432 -0.149655815190821
0.123562433887974 0.291306247309844 -0.0778478576459019 -0.275229184222706
0.0183097155950143 0.383701635788039 0.0790590669939647 -0.291632110232278
-0.126586634682338 0.412840424105082 0.178654473059786 -0.209521269075673
-0.304975299837055 0.304367072318691 0.216010915916835 -0.0625104820103681
-0.439839351963136 0.277072364260159 0.0575248947778067 0.170488165663491
-0.349731949064371 0.385589520072416 0.164907431220194 -0.13475184742748
-0.266228262783755 0.228645201114251 -0.511776189698762 -0.010674458662997
-0.322763949686812 0.32477330333678 -0.227608862825635 0.460262074188824
-0.193159829620913 0.45467767131081 0.131330241800593 0.258530735159012
0.066218865086461 0.418489723004326 0.0146658228121172 -0.0108928453986673
0.205513978883565 0.292684870996551 -0.119170653725794 0.0052006768517225
0.282899142092429 0.181994860750262 -0.131282251601945 0.0785363672677554
0.256819195372793 0.118267213672422 -0.0577175988609117 0.0972637818878684
0.273456470351889 0.127374998528712 -0.0516945252054934 0.0177695475179316
0.215954752220754 0.247460980222882 -0.0250111751508927 -0.0954868644263525
0.131424744540027 0.340249460344861 0.0042844468852551 -0.216447185769391
-0.0516021967314144 0.436847645162379 0.146742432708707 -0.24132125382636
-0.211810927417111 0.392183989402122 0.250077268205698 -0.184691974649365
-0.31313052940115 0.246178652255072 0.326364602496499 -0.0892643771808544
-0.372401586929265 0.292307963015758 0.222517575463773 0.124063637414148
-0.167959598251206 0.41282420168106 0.258024068999348 -0.21689124069275
-0.119005021024275 0.16740492669508 -0.378464836101851 0.0166145880936751
-0.273832143185264 0.242873732637044 -0.11077426811466 0.44728803170225
-0.194192550548636 0.426484584260575 0.159455708664673 0.265646210249275
0.0956304881484444 0.42028521108129 0.052318027819968 0.0802650640795008
0.251469814584292 0.268298284351758 -0.0212401075493627 0.105621817011802
0.309147762721371 0.144541772621451 -0.0202833162226039 0.144780497034079
0.270298541606068 0.0869771528872197 0.0333763965063102 0.134621966229417
0.278003449395962 0.0965004337590277 0.032084197950816 0.0550538936700518
0.219955399025026 0.226841623889499 0.0631557329447501 -0.0377726591064582
0.107176885725615 0.338376368943704 0.0846116440348615 -0.132356063366537
-0.130984684081299 0.402606809093513 0.194840105620157 -0.153858413012663
-0.264374003626088 0.279760202870007 0.298512325614634 -0.136530685872061
-0.256349180464631 0.139580483162385 0.433007617046251 -0.0957118330936581
-0.24306305429152 0.27497389816106 0.367534998157161 0.0869697097878209
0.0302309470320594 0.332378524678931 0.292858103706959 -0.279138731355736
0.00107468743753684 0.028206829094903 -0.248189868682622 0.0315025483576151
-0.233696072959935 0.115574766356917 -0.0189018233522866 0.381132853054573
-0.186101164598273 0.338557968521907 0.147319649792722 0.252528846886355
0.101757562833237 0.348621045794634 0.0838506050159544 0.169132084153291
0.245620196895229 0.1911900319718 0.0834337699791654 0.193946402282587
0.279165703466726 0.0854399945797877 0.0955367630739969 0.191008207260825
0.242640820139373 0.0460360836245242 0.117745815861694 0.152084114793325
0.249768637883968 0.0539664021374942 0.108017224843945 0.0788643495935585
0.202094969706468 0.180816663069217 0.135762011670754 0.0185901931378592
0.0719781670569532 0.29450599044622 0.139956601706444 -0.0333706729962345
-0.189595953148215 0.298741414361971 0.200126894633462 -0.0519620787939113
-0.249675137234767 0.112909786200406 0.311497722564186 -0.0860415038328949
-0.127180897990797 0.0337191845175741 0.526972549362722 -0.0801224840580494
-0.0726032627564885 0.25110573544709 0.473743638763389 0.0658670040718559
0.205975875609778 0.182453622564721 0.274560309969209 -0.304926173807289
0.0805751836855808 -0.121662508177235 -0.1498707905559 0.0336156509851985
-0.189081906666943 -0.0118902147396824 0.0157949584052568 0.30173335702306
-0.158763506142954 0.211164944604488 0.103041886657879 0.250996434481132
0.0825975575959208 0.22232417297903 0.112880747616131 0.25035579958395
0.187840830746283 0.0887797143075258 0.176100817248744 0.253709841228871
0.197690530975386 0.0178210652060764 0.192472389779389 0.208285449231121
0.17890219990351 -0.00173965068030776 0.184344663661419 0.147661238886528
0.196402755125153 0.0047326103450787 0.172808647126021 0.0888988313135063
0.170975569332975 0.116542568299091 0.188599612240141 0.0683526349169964
0.0411442211878927 0.222076695485762 0.162034706986192 0.0605882222609984
-0.190875923170122 0.160769834204868 0.161226056306035 0.0248250693300609
-0.156600593527047 -0.0445752565604218 0.303087966398959 -0.0708685008826425
0.0468412359046603 -0.0258468558003541 0.606465389011953 -0.052989779015311
0.105000730808545 0.229593701538062 0.520912154286514 0.0535806367676725
-0.337345064660299 -0.169788151927142 -0.412983429313627 -0.0421863976060903
-0.254105015409792 0.0313871864190135 -0.716603302984918 -0.0173103491266819
-0.028697572320618 0.127209944179869 -0.33269646567773 0.136749865018997
0.112018652035423 -0.0365138502761484 -0.118188712253459 0.00232932558724085
-0.0404316145874969 -0.118865339632436 -0.136009807498724 -0.118017392624404
-0.124484629995924 -0.0106562066675691 -0.224326894238651 -0.124516351065726
-0.104115212336146 0.057622259116597 -0.228656201411314 -0.0958749922457595
-0.0848243724695697 0.0540539462156864 -0.210708894705613 -0.111444415861535
-0.0807780681060477 0.0601989448552584 -0.224498571399684 -0.185927760996687
-0.103032437095836 0.0153939998860573 -0.226485453503231 -0.245962345672622
-0.0470555937715764 -0.0710444664106457 -0.169579992257485 -0.291326756078478
0.121454142857096 -0.0628172010503267 -0.0623106771509705 -0.285145599052711
0.122263207424514 0.147483757930362 0.00134000279952779 -0.259767057451407
-0.103374191267454 0.175064153667735 0.0436463065966922 -0.0473860969850035
-0.27132580778208 -0.00238958441729285 -0.305026739897779 0.224135173061371
-0.447193405303291 -0.0637523454862525 -0.294260414386461 -0.0405306572408854
-0.381216906814706 0.044805750473736 -0.733657231862976 -0.052532646023991
-0.199137300149502 0.195364397838821 -0.345953618757522 0.218458187541663
0.00100521091936658 0.118773998055384 -0.042091863540364 0.0422519639246402
-0.0260344759263606 0.0223175323339601 -0.109109959527607 -0.15847399827169
-0.0582075273182906 0.0789391212497605 -0.244298044847488 -0.147355108593743
-0.00612636828685488 0.116325197682164 -0.258146201720845 -0.0808457665082395
0.0202725840589437 0.0971767311489264 -0.219118441962425 -0.0707906529654343
0.039683542645762 0.107925635524829 -0.231047237766797 -0.144076785479736
0.00230388382396795 0.11461237973308 -0.228752977780626 -0.229771170219445
0.0122548382455548 0.0726102434575074 -0.168757445475528 -0.308820486935193
0.0893714767381568 0.0982322196577458 -0.0270889992011 -0.298859709093762
0.0493372246585255 0.253147203867364 0.043156443748774 -0.228150714887662
-0.180165577986377 0.25345003082401 0.0586951401933254 -0.02680824904151
-0.378355436751418 0.123383704626283 -0.223862241524664 0.231470080183869
-0.494897055854368 0.0870837594149382 -0.140515829344542 -0.0435735560997274
-0.43138678579528 0.101117002484325 -0.704817206999468 -0.0587342289889549
-0.320158587450271 0.261045100483525 -0.353424538848047 0.322495562438984
-0.108620554209103 0.27153758879749 0.0219245036513146 0.124720843352192
-0.0094764337304911 0.186088118585625 -0.0712667573371011 -0.147185007379423
0.0248595502727472 0.177099133355017 -0.235684530585763 -0.134867069932345
0.10082321040622 0.162858277956787 -0.254455278961439 -0.043574676034621
0.120748266697753 0.124441259898829 -0.192183752493838 -0.0153158982631169
0.14821721821793 0.135592125029495 -0.19570732990902 -0.0889214467981502
0.102652672880546 0.189887528231162 -0.188659953184611 -0.194238339035453
0.0763731307120383 0.199295424493994 -0.138765578782957 -0.30285819904602
0.0584005889004631 0.257740275833687 0.018939403579022 -0.306544012382137
-0.0357482982033674 0.351776391760651 0.107339108266764 -0.217959143841363
-0.253301158672736 0.300934499536587 0.121848234588306 -0.0346151719401652
-0.436913270998089 0.220773896362261 -0.0965903952736855 0.210802441477837
-0.46203532476586 0.258295454292573 0.0231421193284065 -0.0741848846629762
-0.389604802575856 0.1852026647343 -0.62834741673252 -0.0410870205881586
-0.355323865388615 0.320413195532665 -0.316702147403937 0.413704969643684
-0.172509280592647 0.397360332177343 0.081030375187085 0.207935362113371
0.0223366967465154 0.333319268784056 -0.0290094662715684 -0.0920894743715861
0.120507771470037 0.257799571167111 -0.194652048594068 -0.079129942761479
0.203326646041071 0.185846521276799 -0.211894040817388 0.0161661071884494
0.202801277177948 0.130551520977796 -0.135033621441647 0.0445237383768712
0.227525173152073 0.140153247244974 -0.130183881686666 -0.0308927439526759
0.178084309088974 0.234488099719048 -0.115176811639788 -0.148247777226126
0.121362360384488 0.292290788938831 -0.0774189699746185 -0.272967911977207
0.0160884846818683 0.381684564128517 0.0805757451195629 -0.291787981033221
-0.12592946927561 0.410030522135413 0.181091619549591 -0.209404153704863
-0.304878252234618 0.301511447924433 0.218272865170513 -0.0615892736705475
-0.435788390484497 0.275661023771315 0.0603655120221303 0.17057283363489
-0.342800098221569 0.380986873537245 0.163386174145797 -0.140228777605847
-0.268814427866477 0.224714633629757 -0.512976078673445 -0.0106292774753052
-0.324234006718573 0.322456722585662 -0.224415926637946 0.462251434179399
-0.192099926756958 0.454394241847612 0.133999709238144 0.258378961339238
0.0647091719626658 0.419662142660382 0.0141132315684088 -0.0101257427199754
0.204775606440597 0.290814927392779 -0.121775115981264 0.00808953730387553
0.278902407751608 0.176295903125238 -0.128057111701091 0.0867592982069215
0.254155251980481 0.115291838865716 -0.0535925637525409 0.0983795821772658
0.268526796265669 0.125057729908725 -0.048869036365416 0.0197615462685523
0.215850404507933 0.246070984677924 -0.0247101762684861 -0.0945658852128212
0.129926740727101 0.340645543392989 0.00453016394473605 -0.214745443588434
-0.0516871751071203 0.435151412467776 0.147848549397015 -0.24077432659937
-0.211500519775705 0.388196317376827 0.253963701400322 -0.183436255193179
-0.314052011780379 0.243334832844574 0.327906511166044 -0.0877298356888091
-0.368878488156175 0.289420007937102 0.223918562777372 0.124463493780681
-0.161055204245387 0.408893060053551 0.254620919389115 -0.220683531351912
-0.121653272767426 0.163717286255479 -0.377999810363808 0.0159212895477181
-0.273217670221543 0.241927182149172 -0.109820731562445 0.447602560201382
-0.193782571318993 0.429438838022113 0.161613154587263 0.266021817384169
0.0951922819273106 0.421704885060745 0.0505319905193471 0.0808000249759619
0.251532866232197 0.265031107876466 -0.0240964400773167 0.107045332433178
0.305928113748847 0.138367165229483 -0.0174094279048222 0.150820614175243
0.266900602304362 0.0830840029634729 0.0354547474275109 0.135638314431508
0.271376828548729 0.0935425345659626 0.0330671852639587 0.0575751524914442
0.220388853161555 0.224086744118209 0.0631917803170538 -0.0381408419823863
0.107559524751798 0.337486222280664 0.0836745496870699 -0.13106876463394
-0.130731810447191 0.401480025601446 0.196229841867534 -0.153094792900275
-0.264398818540042 0.277564206279903 0.302822066452159 -0.135083326755889
-0.255364412330922 0.138037721064043 0.433612656498901 -0.0945553514044037
-0.239013771219669 0.272428609134597 0.368574243277778 0.0888094051902962
0.0356203051682192 0.328204861066153 0.289023150092051 -0.281248203103814
-0.00248792346334239 0.024955721163159 -0.248158611928275 0.0326355280402378
-0.234364630235999 0.115142422562853 -0.0194406897277591 0.381176194157688
-0.185974896578566 0.340819674885891 0.148292579473293 0.254256560832937
0.102953900564487 0.348026596230671 0.0808195821635311 0.169382106626447
0.244191412682729 0.187210701251024 0.0803775547247851 0.193870732225262
0.275821975791066 0.0804980371584403 0.0971032281921301 0.194763221662205
0.239931666951547 0.0428274913027058 0.118427848141662 0.154058256610498
0.244548181144879 0.0506599897714335 0.106544078324794 0.0807008221451765
0.203050360604668 0.177106651008156 0.134536185006271 0.0166326561901158
0.073185609250428 0.294146043221414 0.139340904185397 -0.0327476407381303
-0.188504187244488 0.299177864856142 0.201214579295193 -0.049611624265938
-0.250012059548955 0.111800316679522 0.314075349230755 -0.0836153830390956
-0.126228528507425 0.0333837560465195 0.527588038991074 -0.0782602432972388
-0.0700401489162352 0.248201554919112 0.4727590864911 0.0691002439814578
0.209387859375762 0.179555216309389 0.270011261870319 -0.304970557185483
0.0766239570813024 -0.12333593705696 -0.149432159738889 0.0346107286421826
-0.189160199205954 -0.0110157266228999 0.0144825765481503 0.302130759170287
-0.156638818842258 0.214126069722044 0.102588885281357 0.252491959691723
0.0841509346025346 0.221364230671258 0.109864259260687 0.249550381233964
0.186489452325851 0.0842791691967766 0.174451010498785 0.252291684566956
0.19556465879032 0.013283904565484 0.192197212826984 0.209422009349688
0.176775416646742 -0.00549158771771508 0.183102035370673 0.150267841628213
0.19272290456017 0.000834741205383828 0.169809061407498 0.0901624857335939
0.171268879133025 0.112932666307966 0.187341804938083 0.066335100700704
0.0438239210056241 0.221853594701735 0.161401990324771 0.0602843110390475
-0.19060382534531 0.162938296250161 0.161948134263864 0.0278068792336408
-0.157353471015639 -0.0444539445928802 0.303978183534881 -0.0683954810478473
0.0469783781832926 -0.0254287295161995 0.604807106112074 -0.0507954390623511
0.105989963339317 0.227186665087045 0.521785804687638 0.0575715485349725
-0.346138001748437 -0.167842020306543 -0.419392836487284 -0.0451605692208167
-0.259043959594461 0.0344773484725271 -0.733906001764271 -0.0156043531490062
-0.026887426588514 0.129714633340556 -0.340223525107783 0.139502445861252
0.113038231871254 -0.0409587551437958 -0.119890755591036 0.00232264248259913
-0.0451547168551389 -0.119369000049908 -0.139597970664465 -0.11857184542519
-0.12620166206514 -0.00694073563927235 -0.230560046057309 -0.120209774408459
-0.104577620426945 0.0607252732596661 -0.233932981555075 -0.0927782252494569
-0.0859963214316766 0.0576506156604797 -0.213140060541273 -0.114750659670147
-0.0819825639090644 0.0636720036281218 -0.228906298430331 -0.191492285673128
-0.105183992388378 0.0194197843135163 -0.230554211736777 -0.249409346445847
-0.0509485586550927 -0.0713302599381279 -0.173369702507359 -0.2973574817614
0.121068673525852 -0.0674845420982633 -0.0645577840466889 -0.293124095252384
0.127843190702495 0.14809424410008 -0.00211341491836653 -0.265273766554015
-0.104874580495769 0.178256457214639 0.0451574647501983 -0.0474547910473871
-0.27729887744348 -0.000111828565913845 -0.307237289593608 0.232508001897379
-0.45576149116166 -0.0611419033205297 -0.299508302994348 -0.0467772181592328
-0.389349461043058 0.0469930236283855 -0.752359684739387 -0.0514768367497273
-0.20052480109192 0.200485606176364 -0.349350606177236 0.224918557793549
0.0013496362097792 0.119494559550801 -0.0407240802509133 0.0422255676988234
-0.0293488407443056 0.0240781428704763 -0.112320306068242 -0.159754637583852
-0.0581457752531004 0.0838933775362462 -0.251678784961982 -0.143708254934801
-0.00497338344376951 0.11887862440523 -0.262280134098438 -0.0760966520481799
0.020703126443933 0.100026902691529 -0.221314384119334 -0.0719203866345104
0.0406723472398103 0.111191886436331 -0.234827493151062 -0.147560519204766
0.00343629767889373 0.119686457662948 -0.233787399934855 -0.232242122780484
0.0108612835111443 0.0759605459816003 -0.173263210537422 -0.313806919730446
0.089140822833491 0.0976698532221133 -0.0287571512753095 -0.307295235078943
0.0533848259438813 0.255997969226154 0.0429565390130949 -0.232925691587207
-0.183865055099989 0.259476732115359 0.0608597089519973 -0.026928852871548
-0.385133409666498 0.129436981484148 -0.222742762044059 0.23978534896954
-0.502326661199443 0.0923949353654076 -0.142410328616941 -0.050571438891829
-0.441822822980629 0.102998266933685 -0.723053723352649 -0.0560356468809631
-0.324674079859129 0.268862313831384 -0.35685413879398 0.332108567243007
-0.109663687854076 0.278015520788023 0.0261356485022208 0.125411927194802
-0.0117615774529287 0.191721117655797 -0.0735143540878049 -0.148981950505393
0.0280207769602959 0.182261584267509 -0.243965935379854 -0.130695003441821
0.102568458084984 0.164540796202716 -0.257611460199383 -0.0356289389287014
0.123245861047718 0.125504278563018 -0.194001986899124 -0.015359309862178
0.150436745279598 0.137613366575055 -0.198319391945776 -0.0895917577729553
0.106956361718303 0.194815679073531 -0.192926478743042 -0.196194308122101
0.077907030595933 0.205066678225307 -0.143364552703038 -0.308024104941995
0.0601067740534986 0.261436399339313 0.0179684774098825 -0.315003247099783
-0.0334362134309491 0.357067869800738 0.109229805712486 -0.223698871965102
-0.257242258318738 0.30793591743458 0.126014747686274 -0.034978039987273
-0.443200593969505 0.228380335919432 -0.0935669262718967 0.216707842760687
-0.465041187495993 0.265166999237894 0.0221016665345095 -0.0827240970748925
-0.398615688731302 0.190458442947268 -0.644958987219732 -0.0385740318043724
-0.362628210026851 0.328448484641429 -0.317882354778342 0.427677679161563
-0.17466746821417 0.408477603095897 0.0891977548022079 0.210884035649698
0.0238010660254707 0.342951344344681 -0.0299668099658666 -0.093154064015193
0.12658977077635 0.263483314088741 -0.203068420518969 -0.0753752146884226
0.206979627297054 0.185030552939009 -0.212744983999692 0.0258264463671731
0.206375751884216 0.12998988329536 -0.134358344363279 0.0461497106579046
0.230106334372512 0.141315997860115 -0.130615622935059 -0.0303487393162063
0.184666744986927 0.239335703237057 -0.118313987558273 -0.149343666204884
0.125226930947631 0.299541048188769 -0.0802517744641224 -0.277539809942787
0.0182214319327388 0.389836001509644 0.0812581198388141 -0.30011723754205
-0.125981497901425 0.418328949902946 0.187291773399031 -0.21630842740207
-0.308905110763019 0.309077725346409 0.224121934491423 -0.0640711908611254
-0.441259849150223 0.284621885319279 0.0659825801501244 0.174079449183678
-0.340900175314919 0.38937736251008 0.164285977441613 -0.149818238799871
-0.27544058199278 0.229347551259698 -0.52688563953117 -0.00720246067277699
-0.329447317971114 0.3310516778131 -0.223666396406424 0.475444164863965
-0.19383619574219 0.467714313686204 0.142976630102661 0.2628544293075
0.0685611991735114 0.431658567420525 0.013194598734545 -0.0106817795911511
0.213027359650715 0.294746277631053 -0.127692911045576 0.0123608124574537
0.282919032173613 0.174032663471038 -0.126494480755651 0.0968407782423776
0.257747884043045 0.113489305918555 -0.0512939605698254 0.101102901809548
0.270852337981695 0.124225807781638 -0.0470813806832229 0.022064666101765
0.223475891551666 0.248484364391115 -0.0253112127392558 -0.0958793330859201
0.135042912962282 0.349099148066511 0.00346031527363304 -0.218123288154477
-0.0516921393415042 0.445012575678522 0.151247187550433 -0.247697177590747
-0.214324126600936 0.397368944389612 0.262541339951448 -0.19039086874556
-0.317800389551054 0.250003350987727 0.33697015692482 -0.0908365880102267
-0.371238742556341 0.296717794971471 0.23250794703373 0.125940728637784
-0.154719421657582 0.414604130662825 0.255917400039076 -0.230753773393043
-0.126854567191154 0.165293656258156 -0.38804194313105 0.0201000392729721
-0.280591284482162 0.249149055041199 -0.105667550236413 0.460355224286155
-0.194628042358019 0.443164049133179 0.169765222745749 0.270302587813647
0.100182757067002 0.433220007443793 0.0508198100303693 0.0823713093699513
0.259037038167148 0.26556455910506 -0.0272905139132322 0.111805140781479
0.310253021349994 0.134266009273785 -0.0131935711305954 0.159739703548367
0.270149338526922 0.0805696193720543 0.0392022576493766 0.139981103364803
0.274272716948973 0.091677506649527 0.0355801156508325 0.060133769065262
0.227887999782811 0.224532251528423 0.0637624385773032 -0.0398845349017063
0.113282790773439 0.345650640728129 0.0852192562159113 -0.133272070763178
-0.131867563491959 0.413135729830352 0.2012978620183 -0.157159889410264
-0.268663832980109 0.283782702987685 0.312043637027765 -0.139917182810796
-0.260123401105157 0.142287582467333 0.443102247200893 -0.0978278181182645
-0.239865595969307 0.279324148953902 0.379648245630365 0.0888974575089741
0.0437940267536297 0.330382289124603 0.288682346384383 -0.291570216389469
-0.00586674344232511 0.0230733614487458 -0.253854074781564 0.0358130068842905
-0.240528369243506 0.119673207024356 -0.0150681610632284 0.391880296762317
-0.185884863621681 0.35236745605672 0.155323646597363 0.25925660529521
0.108635972488232 0.355431183256209 0.0818666703034026 0.173362005651834
0.250713747330643 0.186051934464719 0.0808955610103278 0.198820063552642
0.280432660214173 0.0758036431351486 0.103080089244184 0.201125278811405
0.24271263068778 0.0381039941541395 0.122466341953677 0.158842623529973
0.246188435180034 0.0469479443696338 0.109208750396737 0.0839794262627718
0.209220156364314 0.176154765558497 0.136680564742884 0.0145347465565742
0.0789309601679441 0.300643408527731 0.142373534256415 -0.0340827033713661
-0.190123922477018 0.309008291331933 0.207351330439262 -0.0505210037666405
-0.255660047534804 0.115678451701129 0.323866764010959 -0.0866553276934695
-0.127740775188659 0.0341751850308062 0.537542763977278 -0.0805931176894691
-0.0670683727257867 0.252724095974932 0.486137129328006 0.0693368361002306
0.219217432339989 0.177592227148489 0.269520986773155 -0.313881741203865
0.0744017006949713 -0.129474545668217 -0.152926653003314 0.0374824325615774
-0.194512308177644 -0.00925706189585846 0.0157274705098691 0.309524517566682
-0.157604829063142 0.222579729243909 0.108396873205848 0.259023263873041
0.0888231995520519 0.225123832894171 0.112341881041682 0.255459490960954
0.190269324290066 0.0806130902207854 0.178152513988455 0.2556134407311
0.199157084912362 0.00908789368284327 0.198121739050235 0.213420280264701
0.178733248198813 -0.00984768730053016 0.187572337347639 0.15437071895177
0.193681361709098 -0.00375555770611964 0.172106736751063 0.0923325293768432
0.177273476152486 0.110279691820711 0.190876896030587 0.0637598595460256
0.0499632391105903 0.226706637271438 0.16555085271721 0.060617203458863
-0.193058872082484 0.170668361557013 0.167138479031386 0.0296674860266399
-0.162211156236938 -0.0434885983932516 0.311801305462441 -0.0695946878796285
0.048896531150933 -0.0261093650444274 0.617454047318878 -0.0513028225213987
0.112540734838143 0.229633786361905 0.533953532749559 0.0581104398409718
-0.371767200528696 -0.116052277772147 -0.419079991158732 -0.0486992553116489
-0.261307739030474 0.079267741984183 -0.756395022795662 0.0233820067686532
-0.00971934162028628 0.139274347372523 -0.345866310219544 0.166525939994904
0.106103663329368 -0.0574918168105113 -0.120003836001577 0.0205459748413616
-0.0645270443734797 -0.113353688071887 -0.144996544790056 -0.111885897681183
-0.131101010591165 0.0101909230803322 -0.244921456397578 -0.104101653402096
-0.10045672363093 0.0775896760112726 -0.243568058941888 -0.079614003483437
-0.0834723800870966 0.0693948318099496 -0.230517710074958 -0.101291988096642
-0.0757145307635812 0.0759224685668912 -0.256526540979794 -0.182102402068242
-0.102005790527062 0.0342500496704607 -0.261190197640181 -0.244739737234455
-0.0575984237475236 -0.0660336922396129 -0.204074373896439 -0.298028361161613
0.118798492716503 -0.0843237608644934 -0.0961209896708886 -0.301628469374208
0.153781205599084 0.137626136066283 -0.0342777410374118 -0.283571613509203
-0.0936833348744378 0.197188609572267 0.0572844170764001 -0.0585145306213498
-0.295172043637735 0.0209095043505631 -0.285070123164163 0.27651975899114
-0.464999363736335 0.00110963690615417 -0.301919270817988 -0.0680155767844533
-0.392234953217837 0.106458663144992 -0.778288729829141 -0.0202245980310874
-0.175332576215035 0.233335831829855 -0.353519583334891 0.238819256416698
0.0161659999979599 0.120115794977197 -0.0461578594765644 0.0412998946121536
-0.0323452306897236 0.0291081988195631 -0.130989059855796 -0.155233267661036
-0.0542170399866083 0.0952068982862553 -0.27483350459672 -0.123010767017227
0.00708817343559018 0.123563458853113 -0.278768819607403 -0.0541936757639929
0.0276786004069468 0.101581993201271 -0.233399791633715 -0.0545452400398948
0.0534905654368441 0.109239555572938 -0.258058747288915 -0.135188848793947
0.0201877417917708 0.123668580688973 -0.266533581098202 -0.226455685455232
0.0218448119588586 0.0765230491307341 -0.210220611596741 -0.31623620987471
0.105379791777127 0.0896075720330138 -0.0616641202039176 -0.326634521900839
0.0867019617452911 0.256101796065713 0.0195961353097607 -0.259948272736698
-0.166922262875227 0.289593151583334 0.0826312663321765 -0.0406328866862297
-0.396286894400951 0.167601902162416 -0.186172405055225 0.274788562814949
-0.487552135476867 0.15544459086496 -0.15494370106129 -0.0869828387355473
-0.439219951990301 0.167181278599408 -0.754728556575978 -0.0310825622679302
-0.292185252620148 0.317648789627632 -0.35474097596093 0.337778088731479
-0.0739707800775574 0.29578141110258 0.019386021865454 0.109645187355026
0.00401973669180756 0.196299201495288 -0.101562139921661 -0.147092522475453
0.0435116456167358 0.186328656761216 -0.272085630143867 -0.108134970163514
0.122220526164461 0.155181101530769 -0.277207150857519 -0.00932387381032605
0.13263438850125 0.117423770207371 -0.198481952393077 0.00388497548793972
0.167470436475348 0.123214682131911 -0.213550564903363 -0.077973765556324
0.133637952750462 0.188098978665079 -0.223737754528971 -0.191753677366242
0.103584601654929 0.200157355944079 -0.182089111451945 -0.313303244581759
0.0943235144741039 0.261651210855769 -0.0150312308426392 -0.344571799138279
0.00711641201197258 0.370387927883711 0.094476058465527 -0.261904467951719
-0.240189867641318 0.348492477762776 0.156743775805285 -0.0549541451831571
-0.448915399740025 0.27681224345367 -0.0464305403442063 0.237884296885701
-0.427971008657696 0.320206214131302 -0.000772724501299558 -0.128493114563814
-0.386538906224745 0.248054812808646 -0.67537997708409 -0.0149192544960793
-0.322421327455887 0.384386263181932 -0.311203630241468 0.428565379064525
-0.120158954398617 0.438257312735889 0.0811388221116832 0.184364156872063
0.0589531190002102 0.345570903828769 -0.0628356632175624 -0.0914063699707499
0.152263144222647 0.257567682115498 -0.230821587405552 -0.0509120598156854
0.231316304855401 0.162948909960748 -0.230568784112302 0.0549750107086961
0.21711734702077 0.113391705847983 -0.130375013917403 0.064485791993569
0.246968224108732 0.117321637785478 -0.136202100893747 -0.0195871045738223
0.216358436797236 0.223994325650911 -0.141935835468096 -0.149093303178857
0.161901834523464 0.291948394280049 -0.116649028029901 -0.287501794860161
0.0655367649488197 0.399870783588054 0.0521437083054163 -0.338445648673013
-0.082742443028088 0.445758672810553 0.182743725900684 -0.265715786870097
-0.293624716575734 0.357663271673614 0.261012335903166 -0.0923561615414329
-0.440944952597916 0.338895896717653 0.119967116293708 0.178988598562664
-0.288354139670717 0.425241353855239 0.129197069862175 -0.197696664727364
-0.256730204379773 0.270803164389841 -0.554018694499594 0.0155699596042069
-0.288016915575899 0.38173850223683 -0.210405060344555 0.474584719533241
-0.130760460601159 0.503767651571887 0.136845417479916 0.22939722791094
0.115971597082958 0.430818597673474 -0.0174170804138661 -0.00697268704132331
0.243403894417633 0.280148341184736 -0.148633073040654 0.0368993260631658
0.307364707282454 0.141005070200045 -0.138817177735665 0.122742595030791
0.267435305341692 0.0903655470487976 -0.0397653965286852 0.1147098032837
0.28507668263558 0.0947273237732616 -0.0444947723282554 0.0280228436801953
0.256731505382539 0.228594410779812 -0.0412921535893707 -0.101115728623931
0.178006137524102 0.340244389786855 -0.0235138169592573 -0.232858198697461
0.00169625090946626 0.465578107883005 0.131829633803205 -0.291823952615257
-0.177185826807927 0.43414074172647 0.269467958702013 -0.244596026503326
-0.308961290862033 0.298052158393835 0.375700872621337 -0.12758947458364
-0.365397035183019 0.347429425924479 0.286174866530985 0.113594305672739
-0.0997605653264742 0.423853919703715 0.213614966159809 -0.270871223012622
-0.113504587714815 0.185749490625751 -0.407138293654183 0.0419265753532872
-0.248211683306153 0.291907865056462 -0.0858226713850798 0.453196326279136
-0.134448183520495 0.476905636132892 0.166394060439332 0.23715577903561
0.152876913115422 0.429313590947677 0.0272616557795413 0.0875733208172863
0.29052278371698 0.243671921443213 -0.0363320408924891 0.131421462837327
0.33182052079185 0.096626783362207 -0.0171358300026903 0.179068822825944
0.278205654291032 0.055611107686997 0.0575877531036328 0.146615789219767
0.284241318168906 0.0606075734425293 0.044231717243402 0.0609821952963597
0.256731155955549 0.203236817325473 0.0572446445685183 -0.0497008530736169
0.154546296207358 0.339373090910496 0.0697695271944809 -0.151450803417559
-0.0858381293457476 0.442870062650403 0.196484978833586 -0.199937090068078
-0.246249443115592 0.324241697027989 0.33024516218723 -0.190665526512142
-0.258571317976587 0.181827430874496 0.480412721576085 -0.138547391534009
-0.225777100947529 0.31865721250176 0.429461185196483 0.061329085548935
0.0866045586272675 0.313505908200038 0.246945537736875 -0.318358033735976
-0.00802770419517993 0.0263303432045373 -0.259387642013747 0.0566915329890805
-0.224404029758038 0.154968480162851 0.0110495902527591 0.380891716901622
-0.136336750470895 0.385195836491861 0.156744389494249 0.229869865550281
0.154031371199079 0.349554905494192 0.0716234258035078 0.179466649076698
0.275250733546417 0.162182495149114 0.0858515805558025 0.210454471487926
0.295681238851197 0.0390764406034086 0.108700582561619 0.210355584302416
0.247013334031153 0.0149045976136568 0.144227001547143 0.157734058432368
0.251386268555729 0.0177826985180119 0.121218726228411 0.0795810268576055
0.232841994735344 0.154217243370343 0.13889681886058 0.00093774401750812
0.115098506598511 0.297266529141136 0.140317321398644 -0.0520297181999485
-0.158881270894046 0.344693029203979 0.216542016261067 -0.0841678371398361
-0.251690557590119 0.150487619506997 0.347004399219763 -0.126709006574203
-0.132459205702565 0.0574500344089371 0.570251838318253 -0.125686040682906
-0.0482180560381006 0.276256991232576 0.527490481784228 0.0307778678517251
0.241320900765263 0.139892317837354 0.236574830817594 -0.324052410854187
0.0547434689189845 -0.137721120368521 -0.146590346459879 0.0560575928886616
-0.194576174827443 0.018251988604114 0.0450823681238572 0.299549959465237
-0.124569434755017 0.250013330442695 0.118094655618998 0.239859676524404
0.121392611466205 0.21953304163704 0.119300059648688 0.258995340500848
0.204875064032233 0.0601548358134945 0.195631778108194 0.257771588733941
0.205607757081651 -0.0182058630358027 0.213215709889217 0.21072624012999
0.179834726367892 -0.0291053232971451 0.209791855130462 0.146675716354832
0.193306098089229 -0.029063813325138 0.186265051366894 0.0823503699713441
0.192253866251611 0.0905512547345381 0.200984856993442 0.0481030828764534
0.0775328014913454 0.22582755830923 0.175557648564286 0.046027405071087
-0.179206377398096 0.202500853488466 0.18397093518524 0.0103503360631272
-0.172381858319317 -0.0217635805893476 0.331247972851191 -0.0992543345509859
0.046362241367105 -0.0216843123659148 0.644736734370434 -0.105737186104271
0.138478084230087 0.236987713125336 0.564953588124119 0.0124365739302106
-0.383476706903914 -0.0921119937869078 -0.429126814321131 -0.0317418984215789
-0.260938275028652 0.0963050744903345 -0.772883478864981 0.0696148667874137
0.000575998066659308 0.140599098215242 -0.343185726629547 0.187167755160792
0.102342148545241 -0.0675858653401736 -0.119822414642022 0.0265924237146819
-0.0735332860163038 -0.108689378160488 -0.153272289250508 -0.104771104851469
-0.130528422372508 0.0218691980112048 -0.254482285869667 -0.0857878352897599
-0.0955885417216219 0.0858685366098632 -0.250405008234198 -0.0634033016648125
-0.0799357150389041 0.0779318163051644 -0.239069216844471 -0.0914412230743832
-0.0719839848459274 0.0842178794842537 -0.271867409763813 -0.172162332245595
-0.101172481191438 0.0444313466711539 -0.279388940137574 -0.234026706133631
-0.064601477935657 -0.062245958296705 -0.224459498428754 -0.292318596752086
0.112675334313477 -0.0948208769793061 -0.116698848075277 -0.30274310314422
0.166332265016898 0.127489779576827 -0.0548048675021416 -0.284767305626604
-0.0844245808054255 0.205915181291462 0.0564761013591171 -0.0618918328098832
-0.298603492175182 0.0406185908178345 -0.26737862905386 0.297353527761824
-0.469700486916019 0.0305145677632654 -0.313155250018311 -0.0589012801702577
-0.393648404982445 0.131617437717044 -0.795485130828907 0.0260175889988033
-0.16351125133964 0.247615527671987 -0.34196990517696 0.262454572903448
0.0228492759024441 0.119335529786405 -0.0428195967556728 0.0428129920728469
-0.0327673543589775 0.0342467288451762 -0.14161098609376 -0.151040597101122
-0.0467153762487018 0.102661423271609 -0.286505884186706 -0.103764049128248
0.0138906917033696 0.125658413349929 -0.282055436062798 -0.0347640667438057
0.0341404824067456 0.103423695332814 -0.238446129924461 -0.0429821913170775
0.0607423530722712 0.11017653930873 -0.269435274144255 -0.123162908341199
0.0285691978117656 0.127046382992333 -0.283730466356346 -0.213576491911614
0.0250409026332964 0.0787312789230986 -0.232377726570651 -0.309694720243338
0.109889947852517 0.0831864314498775 -0.0833661737307241 -0.33011187912868
0.105124158997585 0.253230605401376 0.00338796852260204 -0.264815590379083
-0.15491700650033 0.304145711660206 0.0842434766284375 -0.0443428389224175
-0.39218577844826 0.195726497548626 -0.168209940986006 0.289297797689425
-0.483900706287816 0.186381064113556 -0.163728988064096 -0.0861459135099354
-0.43640013291015 0.195163530920805 -0.770632981007767 0.0143277572859774
-0.277545851144085 0.340100335448796 -0.337134288093888 0.365412543389381
-0.0573524055631548 0.304919607678785 0.0293386551961958 0.107650440780899
0.0154214826533267 0.202103714620669 -0.112037836885819 -0.144458296848367
0.0572542915828479 0.188353476301905 -0.284125528281277 -0.0884241259248879
0.131299109100534 0.150629643296003 -0.276611479282451 0.0128448326426262
0.140441018107303 0.112448785592152 -0.198685764613516 0.0152504381934312
0.175667988684723 0.116472614147623 -0.219202034988836 -0.066611138235019
0.148425724324197 0.184696160427772 -0.237558613334017 -0.180867277160848
0.117105176997164 0.200577645574303 -0.204174576951954 -0.308261806506917
0.108968170063165 0.260404332085346 -0.0365696138874175 -0.351498203176844
0.0301501705090433 0.373987261229601 0.0809176879850622 -0.272627268020557
-0.224057236377736 0.368612077879532 0.158092489502253 -0.064525941179452
-0.438184018754862 0.311149607433801 -0.027789969281403 0.243940266984131
-0.411945647349391 0.347370147634656 -0.0113000434999132 -0.137039740125662
-0.378484084052116 0.274184338681135 -0.690562769514332 0.0272554505682802
-0.303697192877145 0.411783176558423 -0.287896330246116 0.455552977331117
-0.0954814042053486 0.454476124244071 0.0978911011674563 0.179290672217583
0.0802467701708419 0.351223927401754 -0.0696946565245247 -0.090461718229743
0.171823211759825 0.252444852037378 -0.239451692256032 -0.0328039084500562
0.241127943744401 0.150275606941631 -0.224280961493831 0.0742602158285806
0.224809704302686 0.101721238890622 -0.126520382746931 0.0731796147610178
0.256277928528486 0.105423512941417 -0.137046464085577 -0.0119633390772122
0.235057717911362 0.215077150820335 -0.152693188651855 -0.141918503735989
0.182216933214322 0.28926581584859 -0.135679646982437 -0.285409818856849
0.0893560586855938 0.402469485459294 0.0327977818001481 -0.349948559966282
-0.0561906002757727 0.456094223579594 0.17180721488383 -0.283160513062043
-0.279253200176665 0.381154680747105 0.262849886919681 -0.109115933567712
-0.425614692817423 0.371638427291269 0.13626054299316 0.174069470004187
-0.262373923388162 0.444035083404123 0.115661846406322 -0.213146273881318
-0.248313684165814 0.288494240813522 -0.565032249747231 0.0502152323190372
-0.269628451149088 0.406932750875288 -0.179797128191537 0.49490270148877
-0.101236161738628 0.522511808587628 0.157188683763914 0.222553991148357
0.145445933432714 0.434149118777442 -0.0199118783232189 -0.00764635560555055
0.266585963459976 0.269026566065002 -0.151475503177184 0.0503047089334641
0.317019678833376 0.122686120996787 -0.126640572340975 0.137548212842608
0.27423309500503 0.0747140459899151 -0.030582432494771 0.119232594818095
0.292766779337875 0.0791191916916012 -0.0412944992715613 0.0316258531982518
0.275047059720616 0.215086827085259 -0.047337813700809 -0.0992742402409055
0.200958893547683 0.337215334816003 -0.0384827440935817 -0.235314916341394
0.0285115038534301 0.475904450188366 0.118045500619379 -0.306213532993316
-0.153946707893015 0.450461864124553 0.262096113910621 -0.26707439928621
-0.297052664423444 0.320626902610571 0.376159936750362 -0.151589047466456
-0.347739413375152 0.374606300196366 0.301260024069363 0.0985066132263202
-0.0719502581560263 0.429359503259603 0.197270553344001 -0.290772606133127
-0.107502570100596 0.193243551279175 -0.412447281065331 0.0682184955437072
-0.236093664237 0.31259894826697 -0.0565386448387398 0.468395271308893
-0.106874683538661 0.49707708582817 0.187400889189691 0.229122006577552
0.183342332303432 0.429076003033115 0.031317534104838 0.0870224226792068
0.310151834520724 0.228396430657884 -0.03197041627964 0.139492585309912
0.338973948426759 0.0744408044449811 -0.000500679990437604 0.186287360555151
0.282776385242999 0.037254822247533 0.0693996280252334 0.146717526076065
0.289265836902648 0.0432489172275356 0.0501584901598542 0.0610193523996552
0.274188979611817 0.187603611539773 0.0550956697343782 -0.0539149092738631
0.178555010362051 0.336333825509856 0.0628457832658098 -0.158060356840624
-0.062125921998004 0.457585889378125 0.190591309084162 -0.215524943141689
-0.232416251899357 0.343908722879194 0.32795184863312 -0.215168029765991
-0.252289719822583 0.198258870633465 0.481568386798938 -0.16958297166065
-0.209518731923824 0.335614349008683 0.443259707136517 0.0372802314136191
0.110503620843155 0.306382660353453 0.228438656866717 -0.339034806043915
-0.0105261495729989 0.0243760697037056 -0.261845625600852 0.0743561552020024
-0.220431910198369 0.173266704603213 0.0356328424878203 0.386841233029748
-0.114599395847163 0.403751859680367 0.175921540265696 0.223322079906064
0.179459032579305 0.346778647460863 0.0813531020328214 0.179110118766725
0.288856885253456 0.144846295905572 0.0966280248907512 0.211375638263883
0.299535581384442 0.018553889327417 0.126796178162124 0.209555048629679
0.248867978510543 -0.00239018627170021 0.157818024513345 0.15401723283623
0.253179604269515 0.000873829497701466 0.128784927098032 0.0756535027620405
0.245685839996383 0.139071332616489 0.140195387940408 -0.00794472579613697
0.137585358227336 0.295626389093205 0.140445406391214 -0.0611308224747952
-0.140383181257276 0.362624613174928 0.217921239123383 -0.0975862403859349
-0.248271044802106 0.168516120283668 0.348683464244308 -0.149601067653777
-0.130260127734159 0.0641091577843818 0.572415238424185 -0.161352363669976
-0.0298681985100101 0.281409579594224 0.54058701530816 0.000406259648591065
0.256066654345101 0.121614490453016 0.216415300517572 -0.341523147266481
0.043906444764187 -0.144692486621005 -0.146215655399531 0.066595566498829
-0.197520194129644 0.0321779303385922 0.063978308085215 0.30342526649611
-0.110624557429688 0.264741882962302 0.135847401797841 0.236328581415279
0.138888496117327 0.215327783346774 0.134710582144056 0.257999283763266
0.210055949351171 0.044666581316983 0.212142710409806 0.25119670923423
0.20672897044733 -0.0343047521384516 0.230284031512609 0.20268577404169
0.177962170847942 -0.0427096568765163 0.222872482703855 0.138995100967124
0.192173592167582 -0.0440358595330828 0.193510938364373 0.0746733909751925
0.201188829003936 0.0764268454734916 0.205873421571217 0.0345280640363876
0.0960945088169743 0.224241469776345 0.182041403027129 0.0364564033466288
-0.169264645766062 0.22116954395323 0.190639244139104 0.00182029778657465
-0.17813962911364 -0.010789054127852 0.333358525071371 -0.11915645423208
0.0468630009620063 -0.0266599442119668 0.64913930256387 -0.142488146259494
0.157242126730723 0.230238955404137 0.578812888142277 -0.0197333482395881
-0.383029997894515 -0.0628625076541485 -0.42668613707049 -0.0101740566007652
-0.249611987902761 0.112798136886228 -0.75767761449158 0.116622546894849
0.0117128060744927 0.138272082143765 -0.326909989801069 0.20520787982431
0.0958331722494781 -0.0756313470643634 -0.115798554533756 0.0316650460974425
-0.0799074538611087 -0.100939932362812 -0.157166032370899 -0.0939145765310593
-0.125130659660624 0.0326107431659385 -0.254760697774557 -0.062836905259128
-0.0874407156148723 0.0924969999049306 -0.24924847932785 -0.0442255329427688
-0.0725588532658416 0.0852556209967738 -0.240956114066043 -0.077912866404086
-0.0646193614565384 0.090418242809124 -0.279803540793513 -0.154222477672713
-0.0967730812213215 0.0541251607664959 -0.289443757919761 -0.213737252270545
-0.0699657352690037 -0.0551752536154354 -0.240215762350816 -0.274916039814357
0.101987572670826 -0.102881257518026 -0.135727688369244 -0.293933699946212
0.174210087352026 0.112475310342197 -0.0746385476355109 -0.274974985180431
-0.0713891100713659 0.209476989156789 0.0543176558586541 -0.0643837405271971
-0.29197145551778 0.0603758011976218 -0.240974676257284 0.310790333589843
-0.458506516072268 0.0604828979956459 -0.314984746368421 -0.0444445647830348
-0.380477113013119 0.154401035193171 -0.78601814309222 0.0772409742834056
-0.142933289956983 0.254234828739371 -0.32049003679949 0.280028704167005
0.029607695987134 0.11486008435185 -0.0375580130682419 0.0420273908422619
-0.0309773590281108 0.0387555505146126 -0.149357247984387 -0.140506285706907
-0.0375376173264304 0.106042440499461 -0.288093209864543 -0.0788105411225003
0.021802828811952 0.124267805492693 -0.276809495826727 -0.0137524162499095
0.0397588697373844 0.102074386080696 -0.236421008024157 -0.0289116402144099
0.0671916023188832 0.106786062433563 -0.272613429497501 -0.105327470957173
0.0375199745830949 0.126395975984457 -0.292683438820711 -0.192285298724183
0.0288479468725164 0.0787663958996735 -0.249292580822079 -0.291467645889994
0.110451415430769 0.073749678682251 -0.104956895637752 -0.322140860371433
0.120632949719726 0.240388858469276 -0.014327106374551 -0.260377926402528
-0.134080807569675 0.310953594621171 0.0834380886208736 -0.0487954702116746
-0.372309073503684 0.219982645335358 -0.142590860784033 0.294760892339144
-0.461527448204232 0.213174086013526 -0.169436013037596 -0.0809967352782284
-0.420271842483496 0.218652579083714 -0.76155936967794 0.0657261832071729
-0.250158883142799 0.355105644754997 -0.306630538135358 0.381406990214206
-0.0364816087909081 0.304370585695448 0.0396391128618463 0.10081678470723
0.0276813546295287 0.2011277712766 -0.119525373512635 -0.137110186709043
0.0712487748490528 0.182796786879354 -0.286458113615495 -0.0640415462977357
0.137417467040028 0.140266152792559 -0.265228568445951 0.032543935539114
0.144614164216046 0.102872906832483 -0.193816146771679 0.0269455262828848
0.18041554336906 0.105058211708868 -0.218350363742376 -0.0519705431847642
0.159904387705673 0.174679663459461 -0.244664216041762 -0.162373299426895
0.127757024847175 0.192333928826874 -0.222072354184966 -0.291039563029942
0.122760283355913 0.249682869701412 -0.0599482616379561 -0.346714397342995
0.0535381859208279 0.365010100292145 0.0633684662778927 -0.274941558178997
-0.199118346380466 0.378798368084325 0.155724927657332 -0.0735852287413787
-0.409889265031567 0.335939883385636 -0.00692081923481695 0.240919332335065
-0.378968024501835 0.36437177913311 -0.0235535562066518 -0.139967131668383
-0.35839303654993 0.293953021827857 -0.682275749774277 0.0737092052405555
-0.272429277485114 0.425486868436235 -0.252453725664666 0.466690118587444
-0.0638094213176891 0.455977224207621 0.112926169842065 0.166963203634929
0.102807356643015 0.344520159832468 -0.075191236090835 -0.0872338332361183
0.187995429327737 0.237947451639457 -0.240095124596756 -0.0125305201794867
0.244004694119609 0.132601124528875 -0.20856522841653 0.0907661944733491
0.225607242708464 0.0859747855148705 -0.11652009307153 0.0804441984997114
0.258126203215823 0.0874407352713135 -0.133260921350569 -0.00290103172682033
0.245922448713787 0.19721399763071 -0.158301006024503 -0.129686181292782
0.199449505571579 0.276078272516315 -0.152430582823531 -0.273384308465926
0.113665636135894 0.392765245500606 0.00855282942731658 -0.349890396156074
-0.0273988204169554 0.451602360583962 0.153058112905407 -0.291870890544152
-0.250425414542981 0.393139736740066 0.254997294823209 -0.12473554483514
-0.392896406171172 0.39413372675717 0.150158117814217 0.161890615443188
-0.226663695332965 0.448518944572272 0.0968072137200369 -0.221758690970535
-0.22754332967754 0.297967055601661 -0.555902011627464 0.0866534684816291
-0.240998069766763 0.419665206038795 -0.142536014190696 0.500472082464198
-0.0641642178611555 0.523636140294861 0.173927847955059 0.205546280429239
0.17238079203529 0.422126682984578 -0.0208940721403035 -0.00777414931939632
0.281258634408574 0.245416895418222 -0.148504656118087 0.0634611437304461
0.317050740678871 0.0992195453721329 -0.108627411526192 0.146241895330112
0.272068997414098 0.0547734428680418 -0.0190767403554962 0.120298322446915
0.291825434644259 0.0585556812744316 -0.0359146025021107 0.0345692940756948
0.285461750441606 0.193482048596777 -0.0519922350219223 -0.0945498329212279
0.221672717345971 0.32126531457655 -0.052006955630504 -0.229662987490653
0.0590005805925328 0.469170155861627 0.0969927257066641 -0.312099113205937
-0.124489853314052 0.453966741012406 0.244083937396113 -0.282876223951764
-0.272940688536734 0.334386390796953 0.363562456155249 -0.172933186558028
-0.314831716557176 0.391011674840069 0.307282976684772 0.0762297772649344
-0.0405214676213112 0.420716317335961 0.171199588458901 -0.30127931572878
-0.0966293405722552 0.19481632838447 -0.404211942524695 0.0959451686704426
-0.213220696877237 0.326191890927281 -0.0208191469422956 0.464624581696005
-0.0722468803579086 0.501275603227302 0.203617176000611 0.210260193101291
0.209954317539059 0.413427915004874 0.0345100929073146 0.083386037339235
0.320599854300937 0.202006652113057 -0.0249472137795711 0.14343490402829
0.335225116521793 0.0498340209922523 0.0178728164398123 0.185138313952431
0.27742386005154 0.0174512879758157 0.0811089044404254 0.141519587380651
0.284339936510313 0.0221048946625122 0.056094844726646 0.0580056867527659
0.281227267085727 0.164748496873958 0.0510053332249258 -0.0566443039891994
0.200482066050459 0.320343165810157 0.0518070259502188 -0.159728512828262
-0.0304400244521814 0.458899022672948 0.175740072289383 -0.226234858437952
-0.208385247116221 0.354111114297102 0.31244005360656 -0.235330793194254
-0.236690991784545 0.210044386967946 0.465745218760983 -0.196657162146592
-0.181833884153411 0.341921633462133 0.44202825411006 0.0079594419696274
0.130860975378588 0.286496890251683 0.19895177900949 -0.348445821876806
-0.0128883190093187 0.0225861960413588 -0.253984719617646 0.0916047445333179
-0.206915706640675 0.186735565551525 0.0638666122703182 0.379997884234813
-0.084131067883266 0.409833136838537 0.189995225980309 0.206071556979128
0.20142736438876 0.331984244454231 0.089545059223586 0.172537450180767
0.293610130664813 0.121157019034225 0.10771809588469 0.204409511269436
0.293200228687913 -0.00479289047504777 0.141962854152693 0.199160322788888
0.242341146790854 -0.0207428133481761 0.167600244563612 0.14352905013439
0.246003453333064 -0.0177904959143667 0.132800017956646 0.0677518957139064
0.251006139667471 0.117361156789185 0.137117068655967 -0.017775742895706
0.157243020251219 0.281050914648525 0.135095589025959 -0.069581268513839
-0.113475310090615 0.37116662783908 0.211441541114376 -0.110449565821331
-0.23576999523573 0.183081118022783 0.336526625777164 -0.170816612749863
-0.124074777429341 0.068468286529903 0.554729541920596 -0.194236519079748
-0.0085275674327545 0.276465933083511 0.534638970484633 -0.032997460202991
0.260778346670827 0.0961601733383965 0.188382797590449 -0.347561974479358
0.030015989347553 -0.147292685040333 -0.140603864201629 0.0766415978973577
-0.193763267000504 0.0461819199430801 0.0842642299232833 0.296321299936631
-0.0907944393274075 0.271436996589019 0.151272440279677 0.223394932558092
0.152578724482987 0.202552870639971 0.14670965480084 0.24797316479081
0.207994172830924 0.0277068409133765 0.223449525202216 0.235281059233518
0.199243034990232 -0.0511564325752535 0.240724063174163 0.185675101801064
0.170677130153825 -0.0559059824388564 0.229484601082048 0.124978200002573
0.183273968156752 -0.0586025427744264 0.195440753429448 0.0619711754587938
0.20382284975538 0.057757516791647 0.204467718611799 0.0187179078848236
0.112916676201361 0.213264111190787 0.183505382159079 0.0239596644568604
-0.151557795436678 0.233318744450411 0.191173504326421 -0.00892263198487377
-0.177553688258436 0.00188923797536784 0.321548997968297 -0.138796911805493
0.0453858488683641 -0.0318183991919815 0.630237309596352 -0.180426623112901
0.172518151720101 0.213853521017347 0.571238138735924 -0.0530551069302725
-0.371005858532226 -0.0416692484980667 -0.413842915183079 0.000551197420028429
-0.235588457877706 0.119960213734334 -0.726895558576712 0.146816771677084
0.0195695883637612 0.132589435481917 -0.308079427250531 0.210967166035971
0.0878080379900211 -0.0799422004659657 -0.110141975386752 0.0338621292354713
-0.0807930343880639 -0.092623341349956 -0.155665889162694 -0.0848716884177277
-0.116352523056401 0.0391281623570039 -0.246365826193168 -0.0457172444458489
-0.0796615713514192 0.0950847535907992 -0.240313459773356 -0.0302386857442265
-0.0647665960540367 0.0879262589155144 -0.236038637113892 -0.0674778474393049
-0.0567360480608493 0.0935610078808636 -0.276634489053196 -0.138157624595014
-0.0889874686022338 0.0594369489895116 -0.289875745283654 -0.194801130240233
-0.0719685405001613 -0.0478862984608125 -0.243304849900525 -0.256249951501465
0.0907025049428416 -0.105741857461929 -0.145728128104702 -0.27907465565705
0.174105074454937 0.0976067518812083 -0.084851984077256 -0.259751748186909
-0.0614477802229691 0.206171924867182 0.0528415305536269 -0.0638361427723592
-0.278524152637699 0.0729169134269017 -0.213300857491673 0.308282208920341
-0.437542953857173 0.0772748958661694 -0.307563058792331 -0.0366302702371142
-0.35992145380671 0.164802565725786 -0.755711300857221 0.108704752001214
-0.125086486966513 0.25207335127444 -0.296390688976553 0.281474218110499
0.033348124240776 0.107737746266145 -0.0323429399376535 0.0390769996704773
-0.0281751944273859 0.0402478197351933 -0.150168665473705 -0.131613210540849
-0.029106307754684 0.105500883114371 -0.280987023961238 -0.0596228062510619
0.0261327640490816 0.120460461667472 -0.26360757629644 0.000192897207976877
0.0429476074952523 0.0988538877696528 -0.22887763490163 -0.0199228902047211
0.070076427750379 0.10193351039186 -0.267374058710529 -0.0910164372159879
0.0432118904797229 0.123008364697209 -0.289906459228888 -0.172713849704718
0.0301057814804382 0.0771414869462665 -0.254556021917097 -0.271875324266888
0.106742798839606 0.0656436943858298 -0.116752178118211 -0.308999250131835
0.12694169343407 0.223830379696467 -0.0250522759180421 -0.249710554540466
-0.11745450519061 0.305856540582402 0.0816106392636467 -0.0507950736449802
-0.34967882647382 0.228570033843216 -0.12029561721261 0.289358707009635
-0.433170367805113 0.223466430105322 -0.170054309674966 -0.0777778886944399
-0.398589667231349 0.227946129420881 -0.732217982574718 0.0958583851265972
-0.224193730372381 0.354153074847084 -0.278365593507328 0.37861585122691
-0.0214568665252392 0.295373782792612 0.0454058744673367 0.0912576040290387
0.0365724413207084 0.195661559682875 -0.121877644321341 -0.130769846706279
0.0784617589441036 0.173629963316644 -0.279693581317844 -0.0452322796320436
0.137687559697789 0.131157055255255 -0.250134222042713 0.044094828354724
0.143202160026041 0.0945477540341789 -0.183184217777021 0.0335984694571585
0.177986210150935 0.09453588271526 -0.211009046117141 -0.0414274635195045
0.163096311997375 0.163158263466437 -0.241822199988985 -0.14570658170347
0.13227821759787 0.183066232748539 -0.228412668452151 -0.272072156460565
0.12742295760722 0.236693568459822 -0.0747193869006542 -0.33451737150324
0.067232063035942 0.348072022216949 0.0498589176994305 -0.268941772612881
-0.176774287106053 0.373829213224465 0.150854487081086 -0.0780128721847913
-0.378909671084275 0.342593831395574 0.007626857217921 0.23096097661992
-0.347218657574452 0.362817944276818 -0.0317603817238697 -0.139621449738968
-0.335834310449118 0.29638193641706 -0.656324622683392 0.10104993082466
-0.244270198790966 0.424036885504948 -0.220261901837054 0.461080655234454
-0.0420870502204214 0.443003898438943 0.12029489450991 0.151597207914084
0.115631990445281 0.331899569223087 -0.0777778975081508 -0.0845878196010294
0.193566914807637 0.220824364808248 -0.233544235587834 0.00212095990287396
0.23936823256828 0.116980450268487 -0.191378489580205 0.097298103050847
0.219240145514734 0.0737998078257845 -0.106555714427416 0.0821032846845225
0.250663310039765 0.0730314514521144 -0.125473374296236 0.00300948191663915
0.246715621182449 0.179325409707561 -0.157119069958899 -0.117555112512913
0.205314729749464 0.260855988115879 -0.159678250034401 -0.25770951001241
0.126418822473766 0.375731670711026 -0.00777565148271947 -0.340614802277115
-0.00775205371393153 0.436304889451836 0.136794757746551 -0.289784847338936
-0.226574787839138 0.390098094877107 0.243829927590561 -0.13089697587115
-0.36018321781139 0.398213093762241 0.155701129925287 0.147690797138526
-0.196183636439434 0.433704451236885 0.079700286445244 -0.222048139565816
-0.211825166992352 0.295163248099606 -0.534886005226422 0.110209822426683
-0.214500735531585 0.417516607820288 -0.113161697942377 0.48798485732241
-0.038965558492149 0.511305779151295 0.180223507434253 0.185790542529483
0.187782108318081 0.403513338800964 -0.0228984555873708 -0.00972288822798585
0.283717328262503 0.224306457787851 -0.143081951656001 0.0713759241942342
0.306840145941747 0.0804691125270276 -0.092185568088418 0.145780075075914
0.261402004981346 0.0412620117999632 -0.0103377605568195 0.117250360232183
0.281236535337952 0.042711301622038 -0.0303090832655862 0.0354270765065829
0.283792667961497 0.172511319991447 -0.053179497743073 -0.0890063631153265
0.23000434062134 0.301832776103872 -0.0608729181397867 -0.220400345382573
0.0766138072388348 0.45273828751717 0.0799963145469913 -0.307846249339167
-0.102494156568399 0.443797583023774 0.225194638314102 -0.285505020592681
-0.249460772620282 0.332221384726174 0.346382257947259 -0.182155685129944
-0.284914011847074 0.389759474342606 0.302859414592233 0.059512537247865
-0.0199906629127634 0.397532389018129 0.147646237420124 -0.298483216315148
-0.0896973961938008 0.189834533234683 -0.387240682852564 0.112153684660195
-0.191912492197833 0.324771264999931 0.00187120966865596 0.447819749122184
-0.046243583689578 0.490567721434097 0.207991478277397 0.189472620831391
0.223527385146114 0.393290530451486 0.033949494263405 0.0778134888557654
0.318363661558062 0.179583478699155 -0.0205069822265033 0.142765349081197
0.32131200660575 0.0307110866606518 0.0302448419954487 0.178216436546518
0.265557429631004 0.0029405501840583 0.0872189114392644 0.134048475137373
0.271802267547257 0.00828521297664872 0.059507264797514 0.0550508072293683
0.278271307066706 0.144413811404593 0.0468852299261902 -0.0570896698288268
0.208461553337773 0.300478741502516 0.0437564160130089 -0.157068669478959
-0.00831886768081237 0.447070357243308 0.16031846257165 -0.228606880223506
-0.187271005224644 0.351647515649441 0.29288782697105 -0.24229780856903
-0.220116628861795 0.210303773403476 0.443322320806357 -0.209515964600146
-0.156584469494698 0.335640641440139 0.429708772898696 -0.011579390343302
0.138511333855783 0.262077359796557 0.173010271932192 -0.343073872386186
-0.0164039363417695 0.0203904774840043 -0.240824527802438 0.101319611555878
-0.192292926429863 0.190713885888154 0.0812366359512394 0.363225294021195
-0.0613064552951189 0.403499879886784 0.194484881572833 0.187482573930386
0.211222765734556 0.313197605574919 0.0913212094257647 0.163791739677598
0.287865087660613 0.101038560907623 0.110042852828916 0.19634301900653
0.27983842578365 -0.0205911700311219 0.149484245434425 0.186873499795919
0.229759944653798 -0.0323240133225025 0.170555165854904 0.132934653116161
0.232751799390763 -0.0301354091828863 0.132698894453704 0.0614224685616898
0.246350687913606 0.0988398364128053 0.130650653779062 -0.0238184620489593
0.167028051230112 0.264103948904303 0.128100782443646 -0.07397764020841
-0.09164755131724 0.366023624875005 0.201011221579887 -0.116491762878366
-0.220967293120769 0.187454698095268 0.318319999302824 -0.180134186570001
-0.117386824299454 0.0689304342151738 0.528445079804976 -0.20890306872471
0.0060562518368671 0.263836819197545 0.517749727529825 -0.0531929536312698
0.255421399226184 0.0738831382091313 0.163118822404625 -0.340968165277567
0.0182969672783742 -0.144935297419157 -0.132359108049719 0.0812810384280177
-0.185731431418055 0.0540621220444674 0.096358349513419 0.283435429786014
-0.0736106609772536 0.270119143860705 0.156386110305324 0.206928938378915
0.157611379311884 0.188616488881204 0.150698724493513 0.234775735782228
0.19996345807662 0.0143813293273553 0.223997556167228 0.219778018946835
0.187829917396541 -0.0618683916718688 0.240637492399945 0.169965509647227
0.159633531490443 -0.0634023339342333 0.228651348675825 0.113028249383433
0.170602364892054 -0.067505148236577 0.191158815751042 0.0528313032337618
0.198226859946168 0.0428865268848748 0.196795854594925 0.00796311807314571
0.122396549353491 0.199360049288278 0.178660828226836 0.0140971397887475
-0.133195098897669 0.235723248196983 0.186576815165796 -0.0161712260499355
-0.172034848000862 0.0108937697073438 0.305146981006726 -0.147171984648974
0.0423680137534128 -0.0360788628226112 0.599031679171543 -0.198467108059105
0.17645505702674 0.195977046819815 0.551887805450733 -0.0732226974867757
-0.358479507875692 -0.0318911939449493 -0.402293851865949 0.00105768087870607
-0.226023063385375 0.12022090896312 -0.70204860846606 0.152753324758664
0.0244899204503279 0.127829836531855 -0.295923654426613 0.209215975696509
0.0821836476548485 -0.0808519669538091 -0.105720776991497 0.0324379049189637
-0.0799110990277591 -0.0887636393424492 -0.153122384762216 -0.081815486951451
-0.109678301262795 0.0405658365450533 -0.237400012266161 -0.0376157418859833
-0.0742767283802953 0.095257750241329 -0.232241771294258 -0.0238385495987506
-0.0599293036414776 0.0885276211043542 -0.23094196183584 -0.064300382901525
-0.0509721148688983 0.0942116118834257 -0.271013190423149 -0.131831906008646
-0.0839603179402121 0.0619916298116068 -0.283252882367723 -0.18424565016101
-0.0727861554649965 -0.0429943328934151 -0.240960093507598 -0.244821136882874
0.0825772618615034 -0.105020101849562 -0.148131010056254 -0.268735150606601
0.17132754196034 0.087889494444175 -0.0879789097805745 -0.247750714541057
-0.0575009511334781 0.202133635736251 0.0537232630213577 -0.0634558704812628
-0.26806522380991 0.0758522118546799 -0.198385362016897 0.301297376585671
-0.421614693927196 0.0812019076313797 -0.301296075548588 -0.0369382031847757
-0.347580719434152 0.166566574176908 -0.730244592240476 0.117013531242606
-0.113897422819405 0.246288917845293 -0.282997565985862 0.276742902175555
0.033659041939491 0.102290526335179 -0.0290748590023887 0.0349721440851983
-0.0261085366715193 0.0404324329087302 -0.148840822252053 -0.1281678744393
-0.0242149848422121 0.103285949013871 -0.272147203867902 -0.0499959808585907
0.0266668697969134 0.118576912026212 -0.252354419683914 0.00576517502760825
0.0441188071781993 0.0971757398491828 -0.221935091462303 -0.0174619083917885
0.0710515144208049 0.0999859761841574 -0.259880331466086 -0.0855223216698997
0.0455276905024358 0.12114368715308 -0.283047927417196 -0.16230538031725
0.0300999132358722 0.0774995914052643 -0.251876512920763 -0.259399413697515
0.102028020812971 0.0616383003537824 -0.120874687967813 -0.298892119656552
0.126278760035707 0.21229117096938 -0.0283827956241413 -0.240874615522011
-0.110189199353282 0.299632572708004 0.0818314080987911 -0.0505155462434593
-0.333505327117719 0.227295882362311 -0.108298129468214 0.279651390231397
-0.413723173235288 0.220319331559218 -0.16967517274473 -0.0784775290175496
-0.384381790678985 0.226918793205481 -0.708614412359108 0.105467757585372
-0.208923045354142 0.346070324622746 -0.26149227460463 0.37129795766996
-0.0154345203289647 0.286098598451682 0.0476998983466062 0.0830896053573641
0.0400522611438136 0.19144043445018 -0.121995736701521 -0.128842334087574
0.0810583797427551 0.167338072486466 -0.272574304143081 -0.0358229420842516
0.134136409770024 0.125732474380185 -0.236815427273903 0.047240944196312
0.139472616635616 0.0909376777574057 -0.175738405159366 0.0336371841912359
0.174482234880757 0.0897577667420172 -0.203284232087382 -0.0370085882124425
0.161965283404016 0.156819829516899 -0.235319213042847 -0.136392208993004
0.131165587489539 0.178216686576872 -0.226310329771847 -0.260470780019789
0.125757161581838 0.227842970454205 -0.0801974240546584 -0.325158510625225
0.0699375757369218 0.335216873978659 0.0438185870512479 -0.261500573342173
-0.166483058424243 0.365430580009087 0.148135451566956 -0.0785735182073468
-0.359985120570453 0.338335922614711 0.0145840608691049 0.220727489357359
-0.329891536246095 0.350954879440546 -0.0372742546369018 -0.139391979251671
-0.323383650368075 0.291164634879655 -0.635620697221433 0.108866912402959
-0.228731234601145 0.416046480500623 -0.202690910263938 0.449252826840368
-0.0332172680053308 0.43333409293707 0.121321808287079 0.138645453477801
0.120402015094793 0.323032284177783 -0.0798094925891554 -0.0851649153143733
0.192611434221677 0.209421845150935 -0.228847585152743 0.00991244307961642
0.230893253313354 0.109774407154767 -0.178959141212526 0.0969196232777502
0.211906276022665 0.0691728593938826 -0.0992056388762585 0.0806836112227196
0.242679668673193 0.0675721894638696 -0.119060705488921 0.00463344203201765
0.24225326817917 0.170106536429099 -0.15218308521661 -0.110914282271699
0.204442554209809 0.250670623074491 -0.16060904080721 -0.247489122947482
0.128408782780776 0.36374192803507 -0.0153907218910343 -0.332998653230019
-0.00141026002156871 0.423278870697774 0.128468384445912 -0.28559585289995
-0.214443712539758 0.38196869095609 0.237775198224785 -0.131903555498494
-0.338996706611077 0.389647538738874 0.155915526370899 0.138187168323733
-0.182368703382126 0.416469584680423 0.0696121839196476 -0.218701511705941
-0.203835858968035 0.287577675172965 -0.517443807818962 0.117019062060811
-0.199964019049044 0.409517217613149 -0.0984329211108013 0.473986037667129
-0.0275253467070544 0.498909073218162 0.180080901530355 0.170837629278514
0.191835236290729 0.39180965961182 -0.0263503201791323 -0.0118545552521458
0.279556182746917 0.210566539608423 -0.140392266147833 0.0758774035607846
0.295316620854378 0.0726724875854166 -0.0822172026307621 0.142514280226695
0.251557702250973 0.0360825729301415 -0.00490531906640133 0.113726620659066
0.27027333823396 0.0368196552168631 -0.0254711702993646 0.0349562902726541
0.277714874462236 0.162077947865663 -0.0521569986982166 -0.0850927950836559
0.229075207843755 0.288787762170005 -0.0633421376293817 -0.21270427964053
0.083750502174805 0.439318296938739 0.0711703208907576 -0.302170504500866
-0.0927474595563682 0.433277644132822 0.214998557228632 -0.282858681196743
-0.238512012625517 0.325787075237929 0.335332208760145 -0.182132503820191
-0.265590962518641 0.381345685634493 0.296898793089941 0.05077405967072
-0.0133587462288566 0.377761816602602 0.13463342181191 -0.292336395865986
-0.0887035702148621 0.184363042988416 -0.373313585735531 0.116339441537771
-0.180986731241019 0.319408043787914 0.0134007028654148 0.431830450509206
-0.0335758576453632 0.479907206792146 0.20580833616556 0.175048415597394
0.225638185537226 0.380655200287649 0.0310014914503588 0.0742050359373051
0.311575150401678 0.166428189561101 -0.0206028748985964 0.142820700901649
0.307789829243456 0.0224144135602491 0.0357252647506856 0.171361094551972
0.254041026985278 -0.00198654292013893 0.0903241255930296 0.129199864676453
0.259756810842879 0.00210237792449815 0.0613803580776658 0.0530402227644
0.270761229620064 0.133571509326552 0.0444908205506367 -0.0568658692734734
0.210159011676691 0.288235668872184 0.0389383644194853 -0.154016734245565
0.00113794847326451 0.43699412921376 0.151858830521667 -0.225886361669472
-0.176238558568045 0.34423938727789 0.281548491425296 -0.241635624841591
-0.210502724371654 0.205828403485828 0.427886364144089 -0.207994839023058
-0.143772291581839 0.324862666183329 0.417723086961552 -0.0179908973559301
0.136691584132647 0.243138908242008 0.159507080164684 -0.332957646104039
-0.0204143847515911 0.0190032487763715 -0.232807004894446 0.103985183429692
-0.184674857509644 0.189760213000545 0.086151264302676 0.3495362465853
-0.0506539464597241 0.396828477715335 0.192401228221286 0.174035477747894
0.212791867269541 0.301242765132999 0.0887025729077097 0.158762818271654
0.278358558051221 0.0909156392572325 0.107494523453688 0.191687009321784
0.266535422255169 -0.0274666084665147 0.150515486131015 0.178395488193372
0.219629876903876 -0.0365025642457149 0.170830086750562 0.127071679652311
0.220856789599592 -0.0347280782455412 0.131363773581472 0.0593201565425618
0.239321297747179 0.0886852186927868 0.125863675913387 -0.0266145750187382
0.169317152513414 0.25146234364394 0.122761378948033 -0.0747086900644484
-0.0803558296684875 0.35998398715819 0.194144180138887 -0.117327997852691
-0.211700631494178 0.186752364292689 0.307389636823284 -0.179682583073381
-0.113416624737914 0.0657446273080084 0.508860619034725 -0.209145248265634
0.0121892619174295 0.252114603903746 0.501664384931456 -0.0582305236644873
0.245350851990975 0.0611685313525056 0.15146328434089 -0.329243698747296
0.0104894086512681 -0.141620195801279 -0.126795748007134 0.0822835121008317
-0.179835008629489 0.0573452521812334 0.0996643041892411 0.272555738307995
-0.0638620717943438 0.265640666442553 0.155104445392191 0.196278570493166
0.1573635989882 0.180275915673574 0.148635925740648 0.228019536667635
0.191557551561313 0.00778804272276034 0.218583472558528 0.211696166890349
0.178239777728438 -0.0668607669236717 0.236490311021748 0.161545670384769
0.151425360636883 -0.0659852930892063 0.225651643212259 0.107755447181491
0.159939893464954 -0.0703141170605565 0.186289909239963 0.0500086711587893
0.192016201172976 0.0349312422201633 0.189076555565058 0.00230095603431978
0.124750776967906 0.189319500704902 0.174043905607499 0.0101979756245217
-0.122743058656074 0.234587095242156 0.182968367859742 -0.0184448003181114
-0.166460453971919 0.0142876784312964 0.293274514186143 -0.14701024810988
0.0403025981331495 -0.0380971171851243 0.577940958147351 -0.198426947909305
0.175846401995889 0.183350731415508 0.534450622198008 -0.0761075932755308
-0.340474265518816 0.0346405405782479 -0.423634249780752 0.0561721496605831
-0.18897766251762 0.164880281732724 -0.689751452236969 0.278794352416529
0.0505514416116136 0.116564645354582 -0.263004475494396 0.270118485603048
0.0583279482125555 -0.0936375128385491 -0.0898979847058747 0.0532045759168615
-0.0949153306226704 -0.0679148938357278 -0.168281191081406 -0.0624582747148129
-0.0947336006154255 0.0626551805971926 -0.244140272558123 0.00435815034102489
-0.0501087381102485 0.108659344807583 -0.237920030869481 0.0150335600377613
-0.0417429283645128 0.0975419332948007 -0.239661738657817 -0.0221582737476956
-0.031280903682336 0.099458155255432 -0.294428312663529 -0.0822388311807025
-0.0689828341807144 0.0748921879102038 -0.317863161091086 -0.131788367838156
-0.0785842025959108 -0.0289984724608703 -0.287853284600495 -0.197619218616675
0.057289321311657 -0.120356278715751 -0.20230444710514 -0.234680819365277
0.178460773225982 0.0454771288450801 -0.143329822409984 -0.220682321775115
-0.0148745080238766 0.208802186766449 0.0399859671504587 -0.0871552398553948
-0.25121236930785 0.129406528020461 -0.126542415913253 0.322015910411774
-0.378664996284411 0.14984655001304 -0.337205690358013 0.000815327371751515
-0.296604253157232 0.229243126124294 -0.730227153607208 0.245932993637453
-0.0563227455162383 0.254764919041418 -0.250378993921792 0.332230271463282
0.0521471163723651 0.0881945723514423 -0.0288208163247231 0.0417853831679335
-0.0192462741778922 0.0441037545935808 -0.177950735093613 -0.100830792460207
-0.00261871912210003 0.106383169106769 -0.282687458554828 0.00588912912318798
0.0488781236245032 0.110229287430995 -0.251876817012849 0.0552339797878266
0.0584721467854193 0.0882663275618259 -0.221109401273773 0.0231339968756748
0.0851528499926877 0.0834482293299686 -0.274802852038984 -0.0390233102853117
0.0652730633282977 0.107893489514082 -0.317350416772855 -0.108493631220367
0.0396025827732989 0.0665429000370472 -0.305201350700744 -0.207406039453295
0.107293895221044 0.0356968214261932 -0.185630894081626 -0.271776604727034
0.15910699386509 0.172391196947294 -0.0873343693292691 -0.229895873920478
-0.0466021521987503 0.313397065392368 0.0703842491256483 -0.0870421789747373
-0.28323373064777 0.289059849392401 -0.043185048438079 0.273954078351371
-0.347335276529679 0.275521626540783 -0.218564650870156 -0.060762678492382
-0.322073097793462 0.295146390047599 -0.715877296761072 0.230540338627179
-0.127352024581157 0.368676377594213 -0.222843431961823 0.420252016651985
0.0461858037956015 0.27190994063973 0.0416869241380113 0.0767392258744134
0.0738657896341926 0.175606214824839 -0.157569719470864 -0.0958000111904039
0.109124541919052 0.147725159033373 -0.280317443313738 0.0278626672791202
0.150974219278444 0.0954936410666436 -0.227361540676021 0.10138063233536
0.148523150087305 0.0659704018461465 -0.165285838312692 0.0652605043616672
0.180482990237791 0.055628901188722 -0.210630209493465 -0.00179455323245085
0.183338838122976 0.12109825130129 -0.266846707144477 -0.0901039634517079
0.154002509207905 0.142899073993819 -0.282191486536588 -0.211745840040506
0.161986108314302 0.190023605339575 -0.154528035979039 -0.307259588577744
0.129273432710857 0.299581200350144 -0.0228338557951825 -0.271774182768561
-0.0871605420390443 0.38802983464241 0.131052738321814 -0.134282400228146
-0.285300811267642 0.400564724259693 0.0644681662649389 0.186155398191122
-0.246498737467192 0.380246074594054 -0.0982895053584389 -0.137401322407168
-0.252914848151855 0.344963357029306 -0.641984499620882 0.225387826408758
-0.131258950210039 0.437411212525277 -0.152688756847026 0.487534254982999
0.062906467158303 0.413731152170298 0.113592140236272 0.121728762723125
0.176623427717154 0.285747614058338 -0.110595219792569 -0.0493506679117163
0.223195713606823 0.167300159947083 -0.228154877646026 0.0723123162806604
0.238856721766181 0.0601621708096166 -0.158259900796969 0.145968312481068
0.213421383991839 0.0319834889499125 -0.0800531761165684 0.0974146562341911
0.240503898992562 0.021596389918329 -0.118607084703772 0.0246499919897786
0.262520469317231 0.118879801691574 -0.180979646421822 -0.080666429853397
0.236416884961289 0.199046643138152 -0.215438368820288 -0.211111191690452
0.191509580973946 0.320425187919149 -0.095085367741892 -0.329739062478153
0.0792198220399887 0.397913342972199 0.0531848552235636 -0.317873929787231
-0.130339644438268 0.411900437984707 0.211090244043049 -0.207056185747947
-0.251027757881037 0.445694889186816 0.186676914841226 0.0747705829068235
-0.0988628707105505 0.414624297017209 -0.00228633763316268 -0.226474100233157
-0.140432084630884 0.317358131673752 -0.515735272782651 0.216522287253645
-0.104967160244266 0.425991229117426 -0.0435508225056811 0.493518646876097
0.0820638732628728 0.476882773603001 0.172466932274843 0.14507357981873
0.260964218838039 0.336544463548082 -0.0439232716647578 0.0215162020152398
0.306391948562714 0.151171733734855 -0.126404504819609 0.126007863618253
0.290860458611972 0.01080633554903 -0.0520158066751244 0.176207981456373
0.245650236409596 -0.00682530592705937 0.0195763927767944 0.112768123838911
0.260267279238091 -0.0118850959263619 -0.0196397156525637 0.0382072787486913
0.294604941525627 0.103433792784503 -0.0766574398065783 -0.0736844896529398
0.267480764430032 0.230544026829034 -0.112507859415991 -0.195976012671082
0.164740422184514 0.400660181778267 -0.00361006350162435 -0.319383457190365
-0.00434710803524484 0.424748151158447 0.14002580032204 -0.337501277376219
-0.162513296547232 0.36283386151303 0.300060651218531 -0.275494369411549
-0.179699158748463 0.421079281090545 0.307087780032719 -0.0348477510285712
0.0520061239878883 0.347237623517068 0.059154729271126 -0.306000780699486
-0.0519374431765935 0.195923933502971 -0.364317019873394 0.190491116495279
-0.105872476243954 0.338910957442769 0.0666309882822586 0.428185009437298
0.0739712724139119 0.459366261489814 0.199945905017924 0.144790139210305
0.293302200882674 0.320024259263465 0.0320206096423851 0.0990456420504613
0.328896568740764 0.101527033388998 0.00738430991147595 0.170346581435863
0.293207110988824 -0.0408869749134899 0.0717520645036895 0.184083032531038
0.241570537648458 -0.0442851474391946 0.116145344618701 0.110525811607073
0.244142198145918 -0.0429529601855255 0.069703806764935 0.0407255658829019
0.281979141000294 0.0770980416038245 0.0249657223452303 -0.0636244422615986
0.250163013659227 0.232167441274529 0.00136333883443275 -0.158365588106715
0.0869195200549135 0.41660486744592 0.0946770247749411 -0.260915819182116
-0.0989925225705145 0.358874257076096 0.220306047554717 -0.311273002399916
-0.157946321034446 0.241379985210815 0.390113257488915 -0.313902550926779
-0.0707485839455278 0.342135943279768 0.411087434031832 -0.11797517217055
0.167457524893241 0.195849254132719 0.0890275045922983 -0.348410021857708
-0.0201437456318693 0.0252407024134441 -0.215731633028084 0.148926340466637
-0.134399500971576 0.217560674208627 0.133017815747748 0.325387753663915
0.0402945818641202 0.385062982313546 0.19105875484814 0.144408546244124
0.266590372913666 0.247322500243853 0.110397529785651 0.168375436335391
0.283700494536162 0.0341583882284356 0.145069621390363 0.190275982766798
0.243933409079631 -0.0821291923063453 0.186930146948751 0.167249671940949
0.203107853643262 -0.0726032232277528 0.194408570299751 0.0938038427400289
0.200817217092478 -0.0717841417291029 0.140798357667677 0.0342905498870477
0.244232413769229 0.039713024556484 0.112373059654639 -0.0491596665167784
0.205876853043347 0.205070678001881 0.102214610831324 -0.0971774864482564
-0.0046258383270173 0.359224735120183 0.162399731842939 -0.162034626851967
-0.161257699679224 0.216210556727432 0.265115287989607 -0.253598579451623
-0.0905729800505403 0.0881357422002722 0.469038543896448 -0.32089149913505
0.068351786984794 0.241521958501478 0.482517362992034 -0.162630620905216
0.237037035336257 0.00764942914471906 0.0958878589076381 -0.344746598475548
-0.0213364511038827 -0.133408442817138 -0.105836116216349 0.10427499878702
-0.157021833976397 0.0911611147417248 0.139571651294123 0.241738327383606
0.000311603902961728 0.265917570401057 0.167507924462343 0.169069796774761
0.190257739587065 0.140967420699497 0.18814696376001 0.217590413323872
0.18542003201655 -0.0306286469905139 0.259743744323667 0.181357881223315
0.153298873536119 -0.103123120711113 0.269805097494438 0.129531969081501
0.133464601882087 -0.0906654250090434 0.243624290759221 0.0647360567211075
0.136937646596289 -0.095855353491248 0.193550217639123 0.0166416548016856
0.190282253102777 -0.00327493760546653 0.18320036525039 -0.0337202643617182
0.153949261285206 0.154563874373506 0.172235087964165 -0.0234465392807812
-0.0683903335823469 0.249571908412111 0.175522341224876 -0.0601186502255969
-0.150573248880777 0.0460422955245042 0.264335714962602 -0.212613897170332
0.0380951703618452 -0.0418165945373188 0.535842980755169 -0.314783794489941
0.214168850514277 0.143469014997333 0.506864740308464 -0.176375894883184
-0.342270298260033 0.0408703740525795 -0.432198493826041 0.0558856647779195
-0.189191260651459 0.168888715417596 -0.697831261057395 0.290977750398855
0.0551085637190372 0.114654068572281 -0.264092363169624 0.277445743241848
0.056234233318028 -0.0973775697199774 -0.0899234571762343 0.0519562361275305
-0.0985899598178806 -0.0679795205494241 -0.173365849712546 -0.0629916971118824
-0.092481552053543 0.0639978169086904 -0.245924951709429 0.00804039270561015
-0.0466757988261674 0.112375515266015 -0.239956175395758 0.0191053552375352
-0.0389581092245008 0.101378956827752 -0.245502432874929 -0.0199531305918497
-0.0267493768724497 0.10267748778205 -0.301210375741999 -0.0828125411769074
-0.067015745859151 0.0791615358482743 -0.323562780327236 -0.130757135298485
-0.0807500716969864 -0.0252933977980013 -0.294279986643307 -0.197415561587371
0.05340204490139 -0.12282245467888 -0.209674769577764 -0.234999406794314
0.180838667368534 0.0405771775025854 -0.147560805305238 -0.219457066491311
-0.0126402945269134 0.214050107752687 0.0424921778508088 -0.091514262731858
-0.252919942566499 0.136175857286673 -0.12170690350749 0.325903743789142
-0.379971332775211 0.155519241119049 -0.346825041417093 -0.00196060384155705
-0.298530397650769 0.236505513258418 -0.738351462967432 0.258229272023031
-0.0515136740232049 0.256833577737382 -0.249936779620087 0.338694047711721
0.0536806608385242 0.0863617184460402 -0.0281693800646241 0.038095165685243
-0.019092016532966 0.0451789990611879 -0.18530596921844 -0.101994255092458
0.000622226601845031 0.107554497642838 -0.285666868866174 0.0115244220361867
0.0526322315251658 0.113663014292568 -0.253014003545754 0.0591706576027601
0.0613663815938285 0.0909386447447689 -0.224796612892251 0.024444897010808
0.0893940173580091 0.0843798065164172 -0.278958797088731 -0.0376948891653134
0.0704668910513362 0.110732026288141 -0.321265044865831 -0.106914349949515
0.0416592297041898 0.0692968991415703 -0.312840646588568 -0.207186809903605
0.107053395422245 0.0352764684403129 -0.194418029713219 -0.273882261360571
0.162549100818804 0.170728187138809 -0.0899479302341832 -0.231392749391135
-0.044502456987888 0.319880186899123 0.0735570405544701 -0.0918804468975579
-0.282353469902869 0.297688948616404 -0.0395594041587772 0.274855852685663
-0.348597682855442 0.277920910600336 -0.227812140489436 -0.0645196214383516
-0.323742926704287 0.3039038080144 -0.721928625629181 0.242929029657921
-0.121555600251143 0.373531304195089 -0.2182341941598 0.426006256631285
0.0507509114442685 0.273438053944363 0.0441209949510551 0.0709941145582897
0.0783149792385008 0.17764207364403 -0.1658785596071 -0.0975422778051654
0.113840881304586 0.147743848304781 -0.284918275815265 0.0354760085010804
0.154290491883098 0.0966196385148183 -0.227089886291886 0.104683727104104
0.15136320226172 0.06660849831538 -0.165886601407262 0.0672009951901809
0.183804458616691 0.0545900127769323 -0.212568449762414 -0.000741586937311998
0.190182288834191 0.121697643244917 -0.271152129994742 -0.0886399245212861
0.159469347522247 0.145054171716684 -0.289990100002572 -0.210756395389637
0.165601089885104 0.191682272062856 -0.164577515923759 -0.309532806958978
0.133598094250908 0.302451346544009 -0.0260051983514639 -0.275956127677275
-0.0846249247240784 0.39716087836033 0.134793149696965 -0.140295662107982
-0.282020814602409 0.409580538864668 0.0693003973514153 0.184066579148912
-0.245882776216541 0.383244696731929 -0.106994150609351 -0.14196497462009
-0.253402244742605 0.353084989692383 -0.647865272515335 0.23625951665163
-0.125332509653809 0.44459200128606 -0.147171491841829 0.495093966363165
0.0711080888609219 0.418806847027935 0.11678417739604 0.114612968506599
0.186923801502505 0.288662293123937 -0.118765173716886 -0.0504903353606935
0.229390222382385 0.166450324385346 -0.231937899601308 0.0812773395126
0.241323970798261 0.0600367731970796 -0.156082506304889 0.148631961414853
0.215552347520289 0.0313408849054072 -0.0782292193999366 0.0987576656384259
0.24289895016271 0.0200636794474431 -0.117685321747288 0.0246279941201225
0.269440917813286 0.117637848033909 -0.183115558909537 -0.0801491396257736
0.243926261621122 0.199832454230318 -0.222395647696596 -0.210769456159608
0.198065121648528 0.323586314554232 -0.104189825393978 -0.333421243688958
0.0845795509397327 0.402605152193995 0.0508407542097233 -0.323827607553211
-0.127972930021936 0.420209023197254 0.213807677814087 -0.215848874502355
-0.247514198236305 0.453957104043277 0.191369006371551 0.070959068581093
-0.0979329070073411 0.414962514712548 -0.00945971111260033 -0.232064826740453
-0.140672507651496 0.32426388429822 -0.521755559076382 0.226533075037579
-0.101512488704421 0.434685722680911 -0.0361096617587876 0.499013168033733
0.0915421385977802 0.483001209424109 0.176712225509624 0.138666170048656
0.273993845110579 0.33934775914513 -0.049497004777463 0.0221688084597014
0.311778025779178 0.148644122867917 -0.128226006721601 0.135778714898694
0.291410019623044 0.00822253020720938 -0.0483976709682137 0.178336922281124
0.246640645057623 -0.00910268344641398 0.023806302682637 0.112902517162298
0.260900267149609 -0.0145700733917373 -0.0160938302376287 0.0374754475278365
0.299669448517863 0.101182117821796 -0.0782078144130917 -0.0743730054776302
0.276259110129379 0.230654560353689 -0.118576714603281 -0.197499837467957
0.17406704349853 0.407076980913855 -0.010708365487367 -0.323895307146515
0.00100569902049981 0.430658312040018 0.138234621210011 -0.345833541506287
-0.160468152142098 0.369874455005991 0.303305596147192 -0.284652280603011
-0.174841621854775 0.426154279239954 0.311560299556559 -0.0403693024520891
0.0517761517951627 0.345117532187518 0.0535970606059277 -0.311449702062143
-0.054101727138497 0.200312504631631 -0.367242711895535 0.197986022449472
-0.103030637085967 0.346131038369203 0.0749270056462619 0.430290181136818
0.0837740271701544 0.467676145082483 0.203531361467919 0.138549233063769
0.307026116426328 0.32160069900751 0.0290342060581467 0.101273093144628
0.334898210997307 0.0978993809463115 0.00778257985366239 0.17930669698191
0.291630005572586 -0.0455137673239296 0.0767819861427197 0.185377419445139
0.241337286938039 -0.0474747900331476 0.121622733776177 0.109355239228123
0.24308949598196 -0.0461172795950799 0.0742928662574482 0.0402945676669123
0.286428167249852 0.0728749073591169 0.024198373607259 -0.0656584382355594
0.258198763088274 0.23157278542475 -0.00201401977981027 -0.161154064726993
0.097139954628053 0.421683975093418 0.0903011454455827 -0.266347683356649
-0.0963032055521409 0.364952739219898 0.22030211956434 -0.319543011987941
-0.15939616689706 0.245049330999766 0.391739428321441 -0.322918163538623
-0.0655965961479524 0.343738862717564 0.416109588854516 -0.124308979349538
0.167236977670782 0.191600047893341 0.085543305815238 -0.353331753102483
-0.0244342203794599 0.027725018442888 -0.216135591227559 0.154381176245295
-0.134290813401265 0.22427544062326 0.140096291962086 0.325816733334051
0.0501779394650387 0.39346798560676 0.193976732996364 0.140372809254621
0.277813963653889 0.24742162155902 0.111425249944042 0.171754839677994
0.286544573259826 0.0296622699106098 0.148469978675988 0.197013238723323
0.24128171566235 -0.0871909438783502 0.19308311792943 0.16703299593165
0.20226019334548 -0.0768541079612846 0.201071178804702 0.0912467470019864
0.198345982916394 -0.0750080947844305 0.146109973477974 0.0332332263795647
0.246312158319503 0.0348632116075748 0.111912732366979 -0.0512573771331334
0.212762094928711 0.203027166360766 0.101445579126213 -0.0998379400583629
0.00379273881488224 0.366517658186385 0.162210117640722 -0.167108040179332
-0.161230882998944 0.222096857332219 0.266506257847199 -0.260296082798656
-0.0924580470762215 0.0878265112522192 0.471883544896713 -0.328930745673085
0.0722485551310103 0.239405479954249 0.489925919457803 -0.168773994199163
0.235413469766763 0.00166168070574522 0.0926021661402946 -0.347749235994872
-0.0275763226493732 -0.132921470662015 -0.105651182794813 0.107842176983196
-0.158489015325709 0.0970870596711291 0.145590176217374 0.24220955149674
0.00736130824661782 0.271584074128673 0.170470030421554 0.167381514436495
0.19891032256348 0.140322967954377 0.193053080313458 0.22074988140479
0.184953622368685 -0.0346632343836419 0.265165644548763 0.185005380033279
0.149101315163972 -0.108378633476155 0.275327997108718 0.128514333709716
0.132598752867031 -0.0948629268454945 0.25072274497162 0.0620779913059388
0.1333319736146 -0.0989766683701433 0.198234084960186 0.0147164688389462
0.191315718775846 -0.00893709699639475 0.182484423058281 -0.0368273045433753
0.160300705147836 0.15208997924225 0.174372568714511 -0.0262479750015359
-0.0618829163817595 0.256140941754867 0.17786452711439 -0.0633728138091698
-0.1517903745765 0.0492195003577311 0.265212102079504 -0.216936151484976
0.0366503628279749 -0.0448002494857111 0.540318575804676 -0.323122460365811
0.218503785994393 0.13877499670257 0.515017126802474 -0.181446506709369
-0.344572526316446 0.0556186478412559 -0.443923051617915 0.0691506101516468
-0.185810500372212 0.18016100474914 -0.69893235025398 0.322807958034155
0.0626665826845016 0.111354447072485 -0.256807253648557 0.292915318640026
0.0511958408987626 -0.103799204217466 -0.0889839283074088 0.0533851354423853
-0.105120610439533 -0.0653715809210132 -0.182067062526265 -0.0582132931865326
-0.0891052683851962 0.0682285723823524 -0.248488177229711 0.0187383160579521
-0.0394548581703992 0.11783035702385 -0.242893475136276 0.0289526629961515
-0.03310160889215 0.106886935907354 -0.253391453992141 -0.0114711972628058
-0.0202192216258573 0.106173614615115 -0.312510780844516 -0.0740211300022897
-0.0621637194812783 0.0861628759598496 -0.334313725687695 -0.121760404864126
-0.0833726043709229 -0.0200060691117139 -0.30843258739781 -0.189824420203566
0.0460441446436464 -0.127032036321834 -0.224468868296729 -0.230107184781448
0.184243783008652 0.0318760390885206 -0.158106730439606 -0.215377859328768
-0.00410901533427118 0.221216203957441 0.0429238908680475 -0.0983732155868923
-0.251296290976738 0.150747746858518 -0.108693039738607 0.333288838606182
-0.379738359257659 0.171490258104106 -0.358878041436807 0.00622801248292624
-0.296001928290655 0.253583968413222 -0.742761606801165 0.291690429725472
-0.0405114806861261 0.26055178978451 -0.239974866514461 0.355083959100959
0.057141573393511 0.0841722887379687 -0.026980252938055 0.0345532362214499
-0.0177931407357984 0.0462582224729443 -0.197779610787293 -0.0978856507554581
0.00684147627558732 0.10918463037693 -0.290197246550011 0.026324350649032
0.0609828163641626 0.115032011386237 -0.253946654034719 0.0706661146361852
0.068162944088595 0.0917603098894734 -0.229482328514585 0.0337311175428594
0.0964021116305324 0.0830991785135844 -0.287465302701775 -0.0293858065307234
0.0798288246403352 0.111977294931448 -0.330543110879486 -0.0970704989905737
0.0465764245632206 0.0719499056696496 -0.328371430511386 -0.198086372629147
0.107671710772609 0.0323011999813367 -0.21236509220282 -0.269218841802185
0.171207123339303 0.165893879647926 -0.100740308139261 -0.231066665481158
-0.031398913993284 0.330294683364625 0.074265793575395 -0.100590275640373
-0.273904375707895 0.31565060994065 -0.0277901174379241 0.27778410355123
-0.344038597123632 0.295464849586922 -0.240753174074861 -0.0618273803739486
-0.317463092298717 0.321551383947909 -0.725831834757257 0.275557685005307
-0.106123784926615 0.384090112625104 -0.204884311391112 0.441759333388311
0.0635833386604162 0.275493024806278 0.0474736034868325 0.0638095387495332
0.0886008271747335 0.17839938581374 -0.17842137620533 -0.0935250257852816
0.124217542273208 0.145495613188917 -0.289950463410048 0.0526907210031722
0.162246964155496 0.0945516633439171 -0.225573573200121 0.116025069115486
0.157235945434047 0.0640593719350537 -0.16582445336883 0.0744288855625868
0.190465142558118 0.0492085657709796 -0.215879903272648 0.00667496120950165
0.201364223717652 0.117708708293181 -0.278681706553744 -0.0811097089040373
0.170791140384433 0.143781417559626 -0.30577436883844 -0.203258724823271
0.174941150662193 0.189666117093507 -0.183052623906405 -0.307707071378003
0.147923484337022 0.302514666044087 -0.0369735403284877 -0.281160003490717
-0.0699607573260279 0.408088779310999 0.133980955716946 -0.152549508275529
-0.2681428652823 0.429446597751644 0.079521544247781 0.181446775171681
-0.236493963030385 0.395095828952378 -0.120631379715091 -0.14459073275155
-0.246586117176709 0.370110125842134 -0.650171137145173 0.266268916117066
-0.108447114834436 0.456757655559782 -0.130697774418015 0.507418229316477
0.0900918310022367 0.422451423315703 0.122410906075104 0.105054313600588
0.206304531149775 0.286275469415245 -0.128780549628677 -0.0473110483288059
0.241496566139951 0.159049726566243 -0.233659837969299 0.0980793102891922
0.247476573705985 0.0527159868916517 -0.151606938643128 0.157088449632937
0.220390895660245 0.024467129118638 -0.0734010768682783 0.10222048194588
0.246864644359941 0.0108361724364275 -0.116819217317679 0.0282043576601833
0.28117189733168 0.108978126572129 -0.188542667044561 -0.0754156590082638
0.259569883213663 0.194486563328925 -0.237409698343052 -0.205068983961741
0.215890345542453 0.322884880279032 -0.122741597901581 -0.334697095247532
0.101663531978548 0.407349924397369 0.0384382645546146 -0.334462675750114
-0.112945838018157 0.434642474761641 0.211568502161907 -0.23164983884307
-0.229489334947018 0.47104242287347 0.199028687318128 0.0614318073895612
-0.0865510011352803 0.421235628160553 -0.0241327992994473 -0.238847373323161
-0.132309849950787 0.33676906532896 -0.521633658042672 0.25081576475695
-0.0832942277309046 0.447052413502923 -0.0179216987882377 0.507486306001893
0.117213182814087 0.489141171891658 0.182626717638756 0.126743039206058
0.298638509409046 0.334332757534958 -0.0557739032897671 0.0251477513150815
0.32571764273621 0.136728877615608 -0.125834037297708 0.150483039784671
0.294858037554275 -0.00237282674298407 -0.0404963343587246 0.182753798678053
0.249548737390324 -0.0185454366864839 0.0319899900711816 0.111888525214819
0.262440362477875 -0.0244150974770182 -0.0117867179404747 0.036954029933841
0.310439944086557 0.0904531385640224 -0.082660071607765 -0.0739029111916042
0.293488914529005 0.223579501672007 -0.13090545435242 -0.195306272346363
0.196636732141715 0.408698249135112 -0.0276307367947627 -0.329036346226763
0.0190620494355264 0.438701002519111 0.127497630150322 -0.360437714350754
-0.150510100768935 0.382169394548379 0.298578604966272 -0.304689901439741
-0.159102815921446 0.437887473542298 0.316644742502961 -0.0555564640874265
0.0620754256652067 0.344714174270641 0.0383819555711676 -0.319259314380927
-0.0497264877251696 0.207881714717596 -0.366427941736143 0.215939012427057
-0.0898631904053819 0.359312573124174 0.0939461632781209 0.432670499488907
0.107831000080985 0.473898627215828 0.20998394999801 0.126694004630479
0.332423532670813 0.314131664974118 0.0295522704578947 0.104467216239218
0.34443460478402 0.0844349639074932 0.0153211656437651 0.188747714325435
0.290979027441682 -0.0576125186960912 0.0877133954347229 0.185229174888295
0.242091733141766 -0.057577133912469 0.131934057886406 0.104461863901737
0.242485530575725 -0.0562335775970067 0.0806746358904331 0.0361121081820921
0.293712444292555 0.0611894263899362 0.0214066228934048 -0.0682890347480254
0.274989917038982 0.2236191615502 -0.010365476507455 -0.163695194548943
0.119829107405403 0.425540364190699 0.0784872536369394 -0.274666757674336
-0.0836293498230338 0.376401779604571 0.211469322631681 -0.336387658689059
-0.153425533107325 0.254461886361162 0.387157856259956 -0.345180707791134
-0.0518947578578184 0.348871103571042 0.420458111835934 -0.14372818620318
0.172161135368457 0.185202719872102 0.0713328084054743 -0.36180199551486
-0.0269484282877823 0.0315211355439975 -0.214064150102348 0.165941711882702
-0.126945747066901 0.237430436522591 0.155985363019136 0.323757246536763
0.0708838226224744 0.399991147823047 0.199814609410691 0.131466210381317
0.300239568328104 0.239420343914667 0.118068042163912 0.173212809053492
0.291786391803046 0.0175845087335512 0.159264509133022 0.201300262534672
0.236970777818814 -0.0978676561772671 0.204855267190879 0.162695942375927
0.200784854919592 -0.086736972994106 0.211181814239652 0.0835345715458278
0.195315201107096 -0.0837047437425598 0.152684623333794 0.0267997709567074
0.251343428709638 0.0234563461876511 0.110384973148684 -0.057027040312197
0.226801966627593 0.19662347539805 0.098164618720472 -0.106082361168493
0.0229207073869216 0.37398203293944 0.156875134283428 -0.17649921895922
-0.155220048337673 0.232645969031394 0.262003614111915 -0.276897735673403
-0.0925563596838065 0.0912210494922353 0.468837864282011 -0.352336312861438
0.0837161226984567 0.236329970880072 0.494759579909175 -0.189682627875135
0.234568072601093 -0.0100839436506913 0.0805174490043774 -0.355451704791271
-0.0366208413831649 -0.131231347201759 -0.102646699841391 0.113911223426538
-0.157109144449049 0.109297846848417 0.158705428100745 0.238870432304744
0.022898623290718 0.277889268450943 0.178570932722583 0.162655032450461
0.212871493243451 0.132737727604484 0.205252928458648 0.220116381721037
0.184253154685048 -0.0438024311108445 0.278181324979706 0.182276068913068
0.142183860118505 -0.117522936924093 0.286736901410179 0.121111251542586
0.1286709289918 -0.103960499024806 0.259993253723659 0.051602079858883
0.128069512777958 -0.106400025547953 0.204580554132565 0.00641271408769053
0.192785961999631 -0.0194924485820666 0.182234654361562 -0.0452962191174639
0.171021420881842 0.145403735240057 0.176093122036279 -0.0341738252856099
-0.048000598160859 0.264722026967133 0.178744146075319 -0.0713036056036992
-0.153320916790551 0.055585434222887 0.26164245462816 -0.23107435500431
0.0341770384639945 -0.0494307966664974 0.53814698036356 -0.349275924819664
0.226954586044745 0.127833687389059 0.521427434520084 -0.202031140327246
-0.335455237716351 0.0770730062888618 -0.443054636708211 0.089166501461377
-0.173524921018051 0.190828959809498 -0.675513641766735 0.363112531054382
0.0700510246596929 0.103507170355682 -0.237700319532283 0.307420107316725
0.0418084604178183 -0.107941986243717 -0.0855074067156809 0.0542562842060537
-0.110930701984416 -0.058336758426609 -0.18784409558807 -0.0477290735148652
-0.0825980853767061 0.072219159424389 -0.245543510223897 0.0351815841157058
-0.0282168285020679 0.119407306215262 -0.238438861106997 0.0451709769105931
-0.0238015302106972 0.110024617677857 -0.25438536521418 0.00489213565122011
-0.0102689884665751 0.107010734365099 -0.318394808152081 -0.0545623729885812
-0.0533940570283402 0.0918390155792763 -0.34005759356007 -0.102832022795183
-0.0841860424259361 -0.0122776307200544 -0.318324698296838 -0.170364559891634
0.0344163404870413 -0.128173038139561 -0.237393556479798 -0.213827250473984
0.184236135367281 0.0180044962109884 -0.169584716524754 -0.202120527714707
0.00997507700665259 0.223002404340864 0.039169797767593 -0.104000012936289
-0.23999949837281 0.166954576089367 -0.0871216197610652 0.335544972555059
-0.365631224830533 0.191734928349332 -0.363327709508037 0.0227210021064449
-0.278726926447835 0.269764332626733 -0.718724226622246 0.335065002251176
-0.0221685163678131 0.258921100260249 -0.215111181494646 0.36667926907632
0.0609049891060972 0.0782273884821828 -0.0256671064245449 0.0307577184968679
-0.0156536172568241 0.0478223549340669 -0.207179287915155 -0.0856594394771299
0.0148202088081374 0.106715815845397 -0.287377591835323 0.0470800048667226
0.070188413038756 0.111747702824918 -0.247109529645682 0.0863702491756543
0.0756263641248331 0.089587855966262 -0.226184758275022 0.0474547139317184
0.102873960615186 0.0766939462654361 -0.288113111167806 -0.0121182182097635
0.0891611462050824 0.107731326587094 -0.334112640060334 -0.0775835669275995
0.0513460817016084 0.0709719488517563 -0.339509371141317 -0.176504672567112
0.106668256975791 0.0269124110556439 -0.228142508932172 -0.253367725486826
0.179006873857048 0.153623256167336 -0.113589202248321 -0.223754566481162
-0.0109263079376466 0.332000259525942 0.0694974074983887 -0.10844931458939
-0.250908011970331 0.331740656311396 -0.00966313602504973 0.274628013681934
-0.324788479379219 0.309783007315649 -0.250227559252807 -0.0514259501653971
-0.297970542610892 0.339505770790569 -0.706824252643406 0.317890764065792
-0.0818780712195356 0.385933363419863 -0.17607768957292 0.450928100667416
0.0791753708255168 0.268065983010968 0.0491603830943238 0.0545705670708986
0.100468085473144 0.171444986045928 -0.188758560384244 -0.0829271094276741
0.133001711134175 0.136015028601395 -0.284142620047819 0.0744649934574773
0.168074572112542 0.0851696265056958 -0.215522764129112 0.129270528955996
0.161323740043796 0.0557281187374337 -0.159989229050938 0.0832786258837215
0.192258260561515 0.0369988681347116 -0.21322894508547 0.0180935923446537
0.210606656084833 0.105371726306949 -0.28088834196151 -0.0651080502610482
0.18042127860724 0.134203271429737 -0.318543214124187 -0.182848592215073
0.185609621583849 0.178721999026397 -0.204148452394332 -0.293262732179497
0.164648415925632 0.291410892958769 -0.0532206018887424 -0.278232764996613
-0.0451145584850611 0.411938120003468 0.125066830162653 -0.163485160780171
-0.23646667358445 0.441065067426343 0.0894800688529136 0.172020106156938
-0.214993426355081 0.403116261333029 -0.135632118950968 -0.139874299829943
-0.223190633790005 0.382609723548614 -0.631684025580141 0.303818445693377
-0.078715004388959 0.459940259164356 -0.0991293446699828 0.511622725949605
0.116671789580115 0.413905398091321 0.125644743686698 0.0908271266558017
0.226051533664369 0.270860176792177 -0.137257192734686 -0.0383592910801584
0.251412345810375 0.142787291263164 -0.22604333176124 0.118728527648833
0.249218615660968 0.0384853484507618 -0.139549936397291 0.165832309049422
0.220183096341338 0.0126709918178555 -0.0656772908189461 0.105093835118171
0.245647792872315 -0.00401075670465481 -0.112408858741223 0.0329887743022371
0.288114560859422 0.090825149129677 -0.191569824310324 -0.0641868339251328
0.272849263028991 0.178447005211973 -0.250973003044656 -0.188249002374292
0.235687823211128 0.308329523723419 -0.145677047150057 -0.322411775660823
0.126767464549435 0.398587054503426 0.0170677498341216 -0.337718060974527
-0.08615472590904 0.438575327431511 0.196598007156987 -0.247228192469868
-0.196868868383078 0.480002138556374 0.201627096449435 0.0462542646954248
-0.0648696610168373 0.41903981291545 -0.0442439581522318 -0.237646518263919
-0.112722844222814 0.343642132311114 -0.5050118908206 0.280095692819224
-0.0543404473264633 0.450389707756658 0.0148251238423848 0.502428904899196
0.147542789001908 0.479334532816366 0.187007072339436 0.109349105583954
0.32338891695939 0.313340706853241 -0.0594885065436998 0.0304744428299915
0.33280129746238 0.115632598745125 -0.114858711594683 0.164332431248185
0.290600160416196 -0.0182537985651884 -0.0272770573357649 0.184135260012954
0.245094001836909 -0.032016030215059 0.0402404372218308 0.107234554814646
0.257249701715469 -0.0400332537940133 -0.00675514625540436 0.0350808352938969
0.314234893208686 0.0693424542051463 -0.086535400886339 -0.0691782563616342
0.30829325095181 0.204881623072283 -0.144620694958043 -0.185577777780241
0.222370901991421 0.395089878853253 -0.0499397316389166 -0.323164487307419
0.045957632749918 0.436512446399681 0.103720402503937 -0.369035370366528
-0.125882627755141 0.388398176497941 0.27841338424704 -0.324128881753917
-0.129193474535513 0.441164415060666 0.312308068588297 -0.0765329197085889
0.0769623764476824 0.335423872460128 0.0146908635331723 -0.32081599432273
-0.0391981754457895 0.21139522794301 -0.351824974422707 0.236973710965162
-0.0654367482698168 0.364809406678199 0.118923386587217 0.422193401499316
0.140502268564678 0.465799162082611 0.212852633262485 0.108737690798204
0.356212795592694 0.289738635066052 0.031953844661858 0.105043240275796
0.347675752752435 0.0621842916110027 0.0278528716911665 0.194061721389078
0.282039458943925 -0.0735400050690934 0.0992532732492919 0.178225537819808
0.234704675570475 -0.0722931013773278 0.138696079335001 0.0929023317489004
0.234248876278407 -0.0696732290938388 0.0848783883377144 0.0289812967810208
0.295209854802317 0.0418979922065398 0.0167381303821768 -0.0693224013952556
0.287954370989197 0.204578654973538 -0.0222375830265121 -0.16155285862864
0.146871989210409 0.416250483988812 0.0592027110781346 -0.276010617783592
-0.0595716134829585 0.379898475338005 0.190382580696327 -0.349968486825778
-0.139323505427713 0.260615970787188 0.365139109175881 -0.367181275490569
-0.0295854557459058 0.34539229076589 0.411062779940719 -0.169158130674694
0.176352764582788 0.171244025440192 0.0474786057880772 -0.363810485490575
-0.0278890164432503 0.0354893796326049 -0.202954329208175 0.177277386483586
-0.110019488419541 0.24655638785635 0.17411615229075 0.309918513411002
0.0998225912531537 0.394697213425198 0.204107178488492 0.115637534047586
0.319032513109196 0.217221257490634 0.126225225875184 0.168452430169179
0.290102880028116 -0.000749972020253193 0.172452733432933 0.195347195250321
0.225261867812057 -0.111285547991741 0.21502290737586 0.149532166649698
0.191338229650221 -0.0994586230000913 0.217094309253429 0.0681256517087892
0.185339752686903 -0.0941983189476622 0.1560601269485 0.0156840508650367
0.250012587518147 0.00538114425876418 0.1044778953078 -0.0633839263760671
0.239291231631357 0.179070197589704 0.0899668704067597 -0.111703974240167
0.0495117056595927 0.370315092447146 0.144185656207239 -0.1843216112161
-0.140774387294457 0.241495338817353 0.24368353867278 -0.292567482657699
-0.0891715739226436 0.0942451581181105 0.445498990477763 -0.377011837411657
0.0966623193465297 0.225369699479536 0.483014277681562 -0.217036371589705
0.227821939411592 -0.0249307384030097 0.0594935248415862 -0.357760216412177
-0.0471040324323979 -0.125224796605417 -0.0949696287730434 0.119067812093425
-0.14845528343876 0.120795971065958 0.17137401673563 0.225874334463705
0.0438082973593803 0.276312463508508 0.185223345224022 0.150053199957794
0.223812987132155 0.116002844127669 0.217218159602185 0.208626308081429
0.178668261623666 -0.0550236868571074 0.290011159815303 0.168077612911694
0.129011176759382 -0.125317833672641 0.294186992739216 0.103487509526606
0.119391697956409 -0.112360304738269 0.263906322412934 0.0339920320582729
0.116820334402514 -0.112445452052372 0.205718437931888 -0.00761194120196214
0.188247918912935 -0.0340069230155426 0.176726247902776 -0.0560940146301413
0.180376563055951 0.132134742034584 0.173613555965789 -0.0448411290461806
-0.0271147922602382 0.266284182363635 0.173592851551334 -0.0812145686002465
-0.14886421419861 0.0648463408088639 0.246128298202327 -0.245516120504479
0.0285105995008729 -0.0532184237034226 0.513706959925139 -0.376416753723062
0.230857184241538 0.109173343382693 0.510632697935196 -0.230222765683464
-0.314977376263162 0.0909959669263928 -0.425405166980983 0.103540325385417
-0.156230743709228 0.192629770058237 -0.629619384936163 0.38182694575082
0.0724340746270956 0.0928475952414609 -0.210902717683657 0.306837241818385
0.0316869577449933 -0.107486008523238 -0.0799421665342086 0.0527595775447187
-0.111902611508135 -0.0485260536408503 -0.185250778175115 -0.035953318142121
-0.0743854698339652 0.072333382968032 -0.233450789845717 0.0477148380910033
-0.0176323344516495 0.116465095396268 -0.22567100324618 0.0569212142900924
-0.0152606540052051 0.10834710525616 -0.244995827133785 0.0181821114957818
-0.00194190071313045 0.103167898139087 -0.310514893412882 -0.0362753511121556
-0.0434185217371097 0.0927514270483433 -0.33094405355801 -0.0832440408316004
-0.0813667373603702 -0.00449221072571775 -0.313378244326678 -0.148280638975474
0.0230160931946699 -0.123649367447121 -0.239463488864641 -0.191648884698929
0.176223463124926 0.00642504233299768 -0.172078176569439 -0.18343745910149
0.0226188177571958 0.21584163241465 0.0338956016000676 -0.105837187599769
-0.219928633257397 0.17447762659379 -0.0648537268189781 0.323574780938473
-0.340002095311487 0.200662771473006 -0.354470469924141 0.0348126180528378
-0.254690796285676 0.272766010122286 -0.673716199698922 0.356695012234332
-0.00810316977264977 0.246692293275701 -0.18740660428037 0.362309005016317
0.0604839213770492 0.0701621360034432 -0.0242173492863562 0.0260642109686326
-0.013332702163916 0.0475414824686085 -0.20673305736158 -0.0712259891056541
0.0205889326495205 0.101211036255553 -0.27176891332439 0.0632293408328994
0.0757890392623441 0.104081557944698 -0.231191998960035 0.0965250944149416
0.0789644397517362 0.0843051392430405 -0.215072528331841 0.0576475059350425
0.103220464339651 0.0684901799585532 -0.278633243214778 0.00269384382013787
0.0947040623046901 0.100041931085305 -0.324315052542874 -0.0591624025255728
0.0541887528272269 0.0677132516380863 -0.334969668144925 -0.151685205052522
0.101337839401896 0.0221299855441977 -0.23271523559996 -0.229686376212084
0.178692889736274 0.137006461209725 -0.119349735973153 -0.20814488500007
0.00833588973464784 0.321094066858231 0.0618653246382496 -0.112602006992198
-0.221144410058653 0.330957044481922 0.00481546848754329 0.261304118664486
-0.296568115209521 0.312106575084768 -0.249790399665854 -0.0402890437619861
-0.268984790379908 0.341019670593888 -0.663035360511033 0.339197590441105
-0.0578502400918075 0.372445747184986 -0.146700136675875 0.440854991837046
0.0894599249035142 0.251663602682694 0.0474427079119566 0.0444912024657541
0.106844715871875 0.159062249200022 -0.190234739267272 -0.0690918889107544
0.135092794858002 0.122909625740336 -0.267192333773127 0.0915784220185888
0.167185818579193 0.0744619233477789 -0.198760422455426 0.135826279944201
0.158773790997362 0.0477933089760056 -0.148145358837096 0.0873537843386073
0.186251957216708 0.0265789410875417 -0.203167201048161 0.026515297834335
0.209922017185582 0.0900876695908191 -0.272897627953555 -0.0501313873343448
0.181728794181935 0.119595250777838 -0.317313305612772 -0.156815349379107
0.186021393639283 0.164031622417751 -0.212039898106608 -0.26892584017501
0.172285259727187 0.271246855662832 -0.0655110093741679 -0.26513927840904
-0.0218238351000837 0.399309272176035 0.112246995299167 -0.167974623488252
-0.202088936746124 0.434161542079556 0.0949764648081493 0.157560940903235
-0.186957599995489 0.394641168205036 -0.144171333371712 -0.129368040201001
-0.196875560891754 0.379366740680324 -0.590525509741486 0.323828059830283
-0.0506235684900718 0.443690748869067 -0.0682786461556884 0.494720474973928
0.13402182329148 0.389596234708453 0.122412753620044 0.0747065792447643
0.233638866751633 0.246834327058166 -0.13910829969293 -0.0281048690551609
0.249428425566834 0.122969225311031 -0.208935440349235 0.13098684369324
0.240655168616572 0.0261192692145899 -0.124087983608904 0.166173779220705
0.21204040095207 0.00329583643645645 -0.0559886302979176 0.102608884945549
0.233230390424736 -0.0150868395940669 -0.104253046364479 0.0350125874900263
0.282587145952788 0.0717446725080184 -0.187098222267226 -0.0535656401818988
0.273020611470982 0.157125853649869 -0.252025631307175 -0.166188680138139
0.241910576721489 0.284884442359034 -0.157784378327237 -0.299644520136181
0.142262214773022 0.376747907396147 -0.00171146518472928 -0.326921976285947
-0.060263567520621 0.425511739470392 0.176306594148022 -0.250893301046468
-0.160707229285575 0.468123101459806 0.195475901256382 0.0312474820550784
-0.0455335987629726 0.40234217027732 -0.0604231106963185 -0.227344070294265
-0.092868372201233 0.335754618980906 -0.472071155312536 0.294518576043218
-0.0272022382794292 0.433594606827069 0.039205035773717 0.481052156599584
0.167459097498752 0.451549435878005 0.182069928611797 0.0902571363381064
0.330580833322792 0.281549544821792 -0.0599734148982099 0.0341072401541582
0.326167220488318 0.0935578923949097 -0.0994786273484139 0.169478065022203
0.276107291963021 -0.0310162927472236 -0.0153361912520852 0.178259888666887
0.232502651281442 -0.04167925678817 0.0456656004253869 0.0984608444532574
0.242065586368289 -0.0501948521406659 -0.00224348786746239 0.0314477743829389
0.304617141538241 0.0492465672983854 -0.0867528088090635 -0.0623571397333649
0.307835929236995 0.179636885574018 -0.149950391095351 -0.169206133373878
0.235276212787812 0.365776020768703 -0.0664598730471237 -0.305085193017336
0.0665066072265766 0.417264302031999 0.080207994170362 -0.361937699422104
-0.102968685253926 0.379241521597706 0.250876447215966 -0.326682800147698
-0.0985858676402298 0.425183382253596 0.29618114940836 -0.0903040098425267
0.0858437279470313 0.316258362437005 -0.00558645776503846 -0.307905561571659
-0.029043205539419 0.206305310965785 -0.327347638674539 0.245007487183168
-0.0425539722586345 0.354286664529163 0.134794337276888 0.398488764227251
0.161298650073356 0.440013280458401 0.206599995455357 0.0911155893284478
0.361041282390047 0.255943239902002 0.0330766601009314 0.102285458687453
0.33749547034926 0.0412953142615212 0.0395339975467011 0.190711182665872
0.263630803117817 -0.0822677292472566 0.106306241924828 0.165916256211196
0.219896885401503 -0.0805618172447108 0.139664239553191 0.0791554326453577
0.218364958331155 -0.0772126420951567 0.0853968010095987 0.0202273936589001
0.284662074398412 0.0228308198640557 0.0113668496736158 -0.0675207205531442
0.288576827195941 0.180024968383772 -0.0314109837924696 -0.152722875170428
0.165784646339078 0.392566895724899 0.0419651052839662 -0.265949985416899
-0.0377260751407294 0.368324899864124 0.163711175992734 -0.347860156708351
-0.122379623669901 0.255737782908015 0.332015831499301 -0.370664791647879
-0.0108718441762531 0.328050905078432 0.387247863039373 -0.182972402283921
0.172427124473627 0.154262009021947 0.0250508457217879 -0.350738827678364
-0.026601420794034 0.0375712053427092 -0.187179205433547 0.180277198081206
-0.0907714343816855 0.244279290509097 0.182477703927145 0.287070102716921
0.119500838528594 0.374224889993581 0.198316397285859 0.0992990885167973
0.320806722990524 0.187666342544301 0.12874558303805 0.159147922187235
0.277212190140611 -0.0160737039117223 0.179026657521768 0.183729584881691
0.205981109037044 -0.117334196930516 0.215032609429198 0.132992555406629
0.176093552396961 -0.105502522356183 0.212867103430876 0.0517224699385925
0.169318128887147 -0.0989151088656851 0.152796529305981 0.00475782091629711
0.237850139098649 -0.00958623615147885 0.0963028818669101 -0.0657233025280126
0.239914215902034 0.157891868724539 0.080124396561165 -0.111524541116335
0.069925587587549 0.353084884121405 0.128876586101652 -0.182261199028683
-0.123433823841643 0.239113758849587 0.218602504037412 -0.293819963197398
-0.0829827996569726 0.0934892326018533 0.408758684341957 -0.383851817933407
0.102188807608464 0.207506987903774 0.455264257474802 -0.232388083665998
0.212634504221051 -0.0353661056340867 0.0390974515298364 -0.344708384882564
-0.0528350978975618 -0.114919811653466 -0.0858083637763437 0.118740841827866
-0.133524184732091 0.126043156853052 0.175821014998749 0.206571830854174
0.0601766318951997 0.263340601037645 0.183790797524658 0.133858336091523
0.223500803856409 0.0957513257581749 0.220032529257197 0.191794306350665
0.167086514827589 -0.0623503318594301 0.288788898156267 0.149569322841016
0.113635737471464 -0.125980483065586 0.288420105326826 0.0847011155110812
0.105841848215683 -0.115555751466324 0.256221631158066 0.0178590231159803
0.102990328867924 -0.112604376873501 0.198187844604052 -0.018894872914344
0.176717752818664 -0.044912577315807 0.165015545239907 -0.0619346441373617
0.181287150850181 0.114817473734156 0.164067633640481 -0.052396315185632
-0.008272252712729 0.25699336546455 0.162931571561008 -0.0855784003021112
-0.140577199215289 0.069834187561167 0.223601408479622 -0.247517392508515
0.0220137570011395 -0.0537643322438588 0.47538581182545 -0.386413588794801
0.224131737538625 0.0906964592314721 0.484309163156485 -0.244552273154482
-0.283941692889384 0.125048719904237 -0.401632945334103 0.164727400153903
-0.115887526286141 0.210325637244519 -0.544083330206723 0.465226655455027
0.0805827480085992 0.0793455174715992 -0.14784337512979 0.328534889204949
0.0120389304797754 -0.0997259042252819 -0.0634502255621361 0.0531193630555208
-0.11220300058841 -0.0247021291112791 -0.190357051506136 -0.0099977928061524
-0.060291458970669 0.0787174446863412 -0.216905107703956 0.0836568056399768
0.00192347875026456 0.111349735507954 -0.210668720811124 0.0908881581285344
0.000379199326148333 0.106097761122384 -0.230692161775684 0.0532574990506817
0.0115848032427755 0.0994477149749465 -0.304481889626324 0.00927091000416175
-0.0287224308141769 0.0943598616296445 -0.330056059500135 -0.0308996545239307
-0.0792309187074281 0.00741616925819823 -0.318716406694935 -0.0926101558729283
0.00181084308725351 -0.120694684622445 -0.25237703541228 -0.14110874846027
0.160983278753735 -0.0156610270167538 -0.186405518170165 -0.14238663657286
0.0509191356895215 0.198460715264277 0.0109686235984847 -0.11100276878998
-0.185666606491131 0.195303338770592 -0.0182962044226141 0.306166080619662
-0.296045055313831 0.227310773969145 -0.347724909466459 0.0940395250879343
-0.19758394279368 0.297516085646471 -0.594297598560975 0.450999590556441
0.0270796703058624 0.230362903849667 -0.12572770295984 0.386123940140238
0.0630133757984557 0.0560366180561596 -0.0206017506806808 0.0305263479151125
-0.00948817085963214 0.0503274406268061 -0.211278572895876 -0.0322211302963845
0.0325937071241361 0.095223371109816 -0.246172418796344 0.106325695465698
0.0864110112007407 0.089111652575876 -0.20620060525079 0.131596609822689
0.08487713685557 0.0729990751223178 -0.19572952056844 0.0857420643144712
0.106595882243783 0.0541879191864588 -0.267724569572417 0.0429088013514065
0.102599077304909 0.0834701367904333 -0.321047025485473 -0.00551282174999968
0.0555633321588841 0.0600052491151927 -0.341311849821881 -0.0908637588259487
0.0940734929501053 0.0073870876981117 -0.255568891489013 -0.178921998076842
0.177536233403957 0.105665982216832 -0.143071204512303 -0.173891004669388
0.0508499293952968 0.297952646525026 0.0342809388163246 -0.122965964002896
-0.168918446449064 0.340541127611672 0.0370603852971144 0.238423583291971
-0.245374720394917 0.321648096461283 -0.261771576849185 0.0134455665406435
-0.202942137023931 0.361868380362101 -0.587715756207864 0.433955921343831
-0.000198615960256575 0.352129472801678 -0.0804216937028277 0.461863429805863
0.115676849490431 0.216093716219536 0.0447446133666394 0.0484917446149135
0.116025633891642 0.13564451034496 -0.189005547717654 -0.0234032159207563
0.14241244340213 0.10162268670235 -0.232899387085095 0.134311185167841
0.166661889078152 0.0496398299059665 -0.165174674585869 0.165767115977988
0.155205301580599 0.0293264117466768 -0.126620866029391 0.104702042294411
0.177881235639144 0.00475143439594218 -0.191983274118764 0.0560669216770506
0.208682328066015 0.0590863171522123 -0.269854932339802 -0.00143682959293894
0.181064234931984 0.0954718149693198 -0.325263321909009 -0.0978237468190802
0.192971309636468 0.13021292613475 -0.24454013764648 -0.220644912739608
0.187630560216606 0.230817402454492 -0.10431396599045 -0.235767919904863
0.0339107773992826 0.372559998737053 0.0706719200371794 -0.183190438707168
-0.13683608381891 0.432734181566572 0.105597841450626 0.12918540135954
-0.135536088381721 0.38427530111157 -0.172369204395531 -0.0811260120598142
-0.131672728099978 0.386616752071563 -0.520639004624126 0.411153155957492
0.0165276423115263 0.41622030992065 0.00113526318044498 0.504985955742815
0.177144470862451 0.335878901518323 0.116751067045043 0.0768724547426847
0.246506634405239 0.198527945980587 -0.126524386040142 0.0141496967922977
0.249260238891159 0.0866808653907524 -0.165318265235003 0.165136297797891
0.228139452070299 -0.00439222165740948 -0.0851909121233781 0.184354134850772
0.199250864634675 -0.018126934794615 -0.0366746612563352 0.104641690803071
0.215988148551336 -0.0406631993099222 -0.0961234835289195 0.049606645381164
0.274879738562118 0.031788763541151 -0.189798277437591 -0.0161536048265058
0.270256900258953 0.118842693475114 -0.266643291208039 -0.115904962736937
0.26180854779705 0.235943040174842 -0.200098010103638 -0.258965804584313
0.172794004880876 0.330168736449391 -0.0560624650466602 -0.303105524113995
0.000978453942389461 0.400760618486594 0.117117791068505 -0.270324494652189
-0.0950932776096764 0.455047926727045 0.182681715970325 -0.00113715954246636
-0.00544775174045682 0.374504124161733 -0.102108679218209 -0.183834716630831
-0.0415594950206081 0.331650988342983 -0.408993963320234 0.364267951232998
0.038018013802508 0.403206614069011 0.101178816132915 0.475401123782781
0.219334101945195 0.386358124415231 0.174168687888315 0.088878738792253
0.341687419037368 0.214439552865652 -0.0353189466526461 0.0652093004332719
0.318238409011989 0.0486811530975582 -0.0525991436927226 0.185218323153961
0.252309423951961 -0.062153289409515 0.0235365868075016 0.178897218352113
0.212955994285786 -0.0631931990875708 0.0594320875413457 0.0857458734003907
0.218919006738277 -0.0749481794890601 0.000652125723163407 0.0311381538001573
0.292860283231042 0.00703342205879122 -0.0957354262717636 -0.0395547813328429
0.305106442834614 0.135485477371986 -0.170695762552176 -0.135008801769997
0.267279747849206 0.313787430215756 -0.115321327218946 -0.279476607991993
0.107678371456236 0.376756207645546 0.0132306448312669 -0.34936189534636
-0.0443034483822667 0.361248643469725 0.176078717876563 -0.352597458890166
-0.0416414546097284 0.405880270184996 0.261035894219543 -0.127787401422331
0.104007522988964 0.278035488022551 -0.055900294121381 -0.271352896088275
0.000478648715978285 0.201832820040723 -0.276301642450797 0.291830307514843
0.0138901033548539 0.330414937836369 0.178434086161082 0.37694294714878
0.212780240974717 0.376021577132364 0.197893766324456 0.0857516257957992
0.369378408412542 0.185895307126795 0.0658809745878642 0.114179448425664
0.321009024631465 -0.00369637225541831 0.0842015915027659 0.182087866436626
0.233039980534084 -0.108790755628596 0.139220366050003 0.148674194390725
0.196302200083941 -0.0992313579226316 0.145812912228948 0.0548862836485256
0.19291170784216 -0.0982851827685182 0.0835603248150774 0.00769524991168225
0.268372012292625 -0.0159148273259774 -0.00273075430775006 -0.0585929448131007
0.288645680653057 0.136357522082018 -0.0562647483595896 -0.138426141919807
0.206717990407187 0.346248502466002 -0.00621562889720928 -0.260457556374121
0.00589123434637703 0.342729999182633 0.0944738578079599 -0.350677809103475
-0.0773447576496312 0.249166220531198 0.247969883019974 -0.404711467118163
0.0304534521751312 0.303022929721175 0.336436224284256 -0.224285644951851
0.167026618546672 0.11879578782564 -0.0267341197640591 -0.32331586938807
-0.0188684303212382 0.0445322411450335 -0.151511008735553 0.2010376745079
-0.044576957886238 0.234563025805505 0.204750986492096 0.256452242046319
0.167074825453531 0.32167219500148 0.192942000827871 0.0910754372101611
0.325390952202242 0.126335536160805 0.165131735163087 0.148556434587943
0.259143255776845 -0.0514376027060857 0.212604519317195 0.15203662081095
0.174303032258987 -0.134190564399515 0.237572421819398 0.0982094348419866
0.151384750414498 -0.119368858271035 0.211579965428994 0.0173386343516965
0.144104700678114 -0.112717342238357 0.146565921175327 -0.0166111406151977
0.220287601973025 -0.0412882958720864 0.0786665902652745 -0.0707534339976593
0.240973929166356 0.119714904906918 0.0557044949705061 -0.117197415152474
0.11370290527593 0.321123985198303 0.0900595812616282 -0.19544747013077
-0.0862617717114195 0.232844748670673 0.15550038157473 -0.30994503545859
-0.0604021925965671 0.0931861110028162 0.320311824046313 -0.423533358876387
0.123043754507261 0.17584992424452 0.396023556368525 -0.277877512014456
0.184582265240917 -0.0602599644245571 -0.00850692521185324 -0.328018800743341
-0.0620354460078296 -0.0945961131763639 -0.0653387331403653 0.1206900138481
-0.0997236445616723 0.131826899485432 0.185247311376133 0.173049239782071
0.0983106932889124 0.229012105557175 0.18559800755541 0.118492708329424
0.224342740860283 0.0529904144219333 0.252164378691374 0.158357512282999
0.149316722929112 -0.0820550181612136 0.306868897908364 0.100463384165359
0.0866201492440193 -0.132634191152445 0.297469131673342 0.0396737007514005
0.0845261236062311 -0.122395730093487 0.246953444585216 -0.0202423048236028
0.0803854542176674 -0.119202513335544 0.186743320242988 -0.0462264155149724
0.158536007463018 -0.0675439970789995 0.146034598960652 -0.0791054957927082
0.182881232710095 0.0855673858071342 0.146232620850053 -0.0753734805996931
0.0282383181268938 0.242421779220747 0.139467832407945 -0.108299653242701
-0.120795225572626 0.0781310085050887 0.169053959982497 -0.267855323848099
0.020241077903374 -0.0571987581964341 0.383974784925209 -0.430100004891579
0.225031046166366 0.0527982435219014 0.422575633327026 -0.290408525745017
-0.274151952568774 0.113249022548063 -0.396543456387431 0.145992564746357
-0.115780965117608 0.201026632662382 -0.53364158993094 0.435363153991382
0.0754135396430987 0.0764526204629596 -0.147110522712028 0.312622026532139
0.0113760150058268 -0.0958181812503272 -0.0643526006579038 0.0468438641887708
-0.108871027885655 -0.0239349271183784 -0.185380246885504 -0.0122760732237177
-0.0597988545649008 0.0743472468891956 -0.208155125475667 0.0771007648638118
0.00172562610041962 0.106191818137242 -0.202760689318759 0.0844377286564499
0.000120111871714379 0.103897258845039 -0.223058654038096 0.0474806740402304
0.0105521132235807 0.0961132686002366 -0.295411532687507 0.00389453550358242
-0.0263426669682581 0.0919551738010781 -0.317600522376607 -0.039115323497026
-0.0761684640299058 0.00859209167955449 -0.303856744243138 -0.0965283318494628
0.00153588107354048 -0.114815004306074 -0.239407049193119 -0.140943086859703
0.154372044573737 -0.0123899690242891 -0.174287212194946 -0.140215036400876
0.0461710073538025 0.19388016665887 0.0126909383089222 -0.110436927863861
-0.182008843315323 0.183723664825016 -0.0242840653224843 0.292729111074781
-0.289992518001307 0.209784337556655 -0.344376701082461 0.0812945699652414
-0.196961142809989 0.283846120414922 -0.581964530506979 0.419787195665934
0.0210070604603086 0.220454432035389 -0.127050429092633 0.367485933825422
0.0576074275761752 0.0552145497656656 -0.022812102381371 0.024763272675103
-0.0107169725269318 0.0493453000807243 -0.205325929242308 -0.0344045152916237
0.0295320722212811 0.0918592562167967 -0.236823120613988 0.0993883484021039
0.0834278001073065 0.086960908612208 -0.198957878937679 0.123258905426338
0.0826679048185745 0.0736734682201854 -0.19010347129651 0.0789734362276228
0.102393742038885 0.0556147363577979 -0.259423290056268 0.0352112915417182
0.0997185734781114 0.0827711238347662 -0.309133185040944 -0.0139529192939777
0.0538197704694037 0.0610609942718183 -0.32679325900391 -0.0945850125534303
0.0888003763618285 0.0112023466492244 -0.241134666853431 -0.177648854080466
0.168000739995121 0.105904289088568 -0.133253421291894 -0.171079573666126
0.0430773947549997 0.288535929428689 0.0350847652582097 -0.121040239841887
-0.169050424008097 0.323506564515914 0.0298067556506993 0.228876853461164
-0.244670735034865 0.302990457561642 -0.259665460732575 0.00624145212537991
-0.204493585669376 0.344976319328941 -0.577119347830586 0.406632380702659
-0.00778197520493007 0.337252518534639 -0.0847881955885858 0.440750047492014
0.105870969922869 0.210189274240169 0.0392801684792892 0.0428745524142485
0.109783342611816 0.132905078336169 -0.185222675740848 -0.0260417677181685
0.136020131971138 0.0998758520061817 -0.224003843827222 0.127879149845694
0.161007800690973 0.0522059547023419 -0.160053824016304 0.156711290558149
0.151019820014137 0.0335072851185605 -0.123971068083418 0.0975529493217967
0.170238813201556 0.00879882012552428 -0.186015220681021 0.0478596244740118
0.20174976758371 0.0605236329995819 -0.260316610397279 -0.00788404072568701
0.173981362944029 0.0961597891277341 -0.310711897526146 -0.0993995601143739
0.182449280573339 0.130982974651662 -0.229895453850756 -0.216030457021305
0.175544689153332 0.225925595231922 -0.0957130105261759 -0.230149689844164
0.0252953382524167 0.359073129275675 0.071175418483715 -0.178380378498214
-0.140508189950798 0.410494679219482 0.0983780604139836 0.125323449656094
-0.143087688334966 0.365244599196677 -0.170704831208834 -0.0820857253709209
-0.135824445553376 0.370349974213019 -0.513177042019974 0.383424068566666
0.00927024762009637 0.400776724146695 -0.00764672265674576 0.485652217282424
0.163303706541303 0.32714929533559 0.107241792440123 0.0717114210464302
0.235120939139605 0.194938528675016 -0.125577821598099 0.0126315878521924
0.239721756867756 0.0875025362066859 -0.159445029447754 0.159559668713341
0.21949055537314 0.00198563071797648 -0.0834821454079104 0.176164659135404
0.193251550931009 -0.011924923693655 -0.0361436820202077 0.0982340150747408
0.207386700347861 -0.0324810807031431 -0.0925070347904436 0.0426397678267631
0.264739599263258 0.0351693370203398 -0.183109605020679 -0.0205868602784865
0.259338666922881 0.120668454687146 -0.254810891828067 -0.115167167366584
0.247388028161739 0.234016926010506 -0.186314857152673 -0.25146304207315
0.15951295646441 0.323551881191267 -0.0490269826877578 -0.295257527284051
-0.00805629997058548 0.386519977319311 0.117455198360418 -0.261124977845359
-0.101327267169999 0.433097884858122 0.176006804319474 0.00139313714813097
-0.016455480522532 0.359770695276959 -0.0991011482553215 -0.178236443774855
-0.0483776723826662 0.319644080861548 -0.404935908103317 0.342401068223949
0.0291684304990484 0.388748650163266 0.0878013864829808 0.458897411230517
0.203367487847162 0.37772462375702 0.163012289386359 0.0847393318184004
0.327695984180415 0.212304459480235 -0.0389770110626185 0.0645566041410696
0.305554317999835 0.0516083885596745 -0.0503990532020157 0.181082592866858
0.24316868209742 -0.0524625985486726 0.0214156217743279 0.173157943995147
0.206192312198431 -0.055845565657353 0.0567119031378948 0.0817925135414373
0.21034069067156 -0.0643857615239935 0.00160519522975104 0.0260151538497724
0.280914400465485 0.0125093791326164 -0.0912567315462636 -0.0407202962425548
0.292438760988036 0.135030830402858 -0.162375423624416 -0.131469180893157
0.251863499624097 0.308446731707571 -0.103802016753217 -0.269545494305128
0.0947807212049117 0.365551853190948 0.0192734795590695 -0.338067443547658
-0.0521767683623754 0.3459199972848 0.176778628419931 -0.337421914846017
-0.0496901140516064 0.385131465409199 0.254832648127806 -0.117678788389345
0.0896680600383997 0.270864843097848 -0.0516040317198365 -0.261307634654695
-0.00494706840322816 0.196002193597388 -0.274196216688983 0.274549999086563
0.00814079821815854 0.318652614627998 0.16346623057099 0.365060986414537
0.197672974242002 0.367020810691351 0.186247287950423 0.0835712309915269
0.354056931379529 0.182744166935943 0.059283000502886 0.113994918486719
0.310533874848392 0.00232946188146591 0.0810032201617261 0.180928539938821
0.225262501792289 -0.0974832100414218 0.132703864988982 0.146068950330761
0.189194996655042 -0.0908285404251995 0.139695208653287 0.0531196643278717
0.185323635648553 -0.0873117090140876 0.081908423182536 0.00577433999685801
0.257505401378846 -0.0102984770044668 -0.00137124459223162 -0.0564896920441482
0.276597616522199 0.135636544218222 -0.0517585233495203 -0.132950547662281
0.19268172458388 0.337556330151846 0.00133680983801587 -0.249618920775862
-0.00164629635299507 0.330684029464558 0.0968303658762138 -0.336957981019168
-0.0822334500225826 0.237765349671664 0.247402894620222 -0.38328620922998
0.0215435037160251 0.288733167984013 0.330370608411982 -0.208706540756665
0.153623322416799 0.119629243296153 -0.0195039188635265 -0.310586078654404
-0.0201414619749562 0.04419874848362 -0.152615998403634 0.191126127446198
-0.0456588870366349 0.225493562521445 0.191391513177881 0.250741664403906
0.156385559304898 0.314445481148262 0.181466445678803 0.0900576741333723
0.312564485911118 0.124768272071801 0.155569580559542 0.149129257271079
0.250074294560879 -0.044819200456825 0.205295943559562 0.153949155872555
0.168293992768356 -0.123591192938085 0.228368272175375 0.0997614992445816
0.146076501146159 -0.112210076624072 0.203388769589779 0.0189679316706489
0.138514487900064 -0.103533568271202 0.142306200348789 -0.0158749817121066
0.21036960944429 -0.0365175093040937 0.0772447222117396 -0.0661266444816413
0.230910547750187 0.11822366888587 0.055678834537125 -0.110785241407662
0.105064484588785 0.311782437903485 0.0926633375858918 -0.184980050730709
-0.0888427064647853 0.222941085281546 0.154735104823726 -0.296082236703446
-0.0629086953590597 0.087383349857764 0.317447097148877 -0.398883837671108
0.112701474922197 0.16970935051799 0.390241669387003 -0.257964573873611
0.175113770551983 -0.0528492297081463 -0.000376256545029998 -0.315664922747334
-0.0583995489098929 -0.0908531839948668 -0.0674993890533307 0.115416222645533
-0.0969930995002766 0.125016100663177 0.174802869055441 0.169528121134969
0.0926881350461889 0.222851802981482 0.174938523223339 0.117852835065702
0.215519083375111 0.0516959993702391 0.241047349936028 0.15989167573827
0.14501152420108 -0.0763110666443312 0.296033057931561 0.104791496877159
0.082936899119691 -0.124053828314442 0.287094214075416 0.0449874645046459
0.0811158458907216 -0.116486355422416 0.238724560000257 -0.0157457657775379
0.0771885088842503 -0.111945746018157 0.182041603544333 -0.042164631406229
0.151144143535453 -0.0630538353183011 0.141797699271454 -0.072530138477044
0.175247478235834 0.0839540298088385 0.142470848455538 -0.0692878854334189
0.025115859360852 0.23360486517918 0.138107642776062 -0.100435843753516
-0.118934983934452 0.0733303905936684 0.167984143429763 -0.254415435635437
0.018796775737295 -0.0548323679009149 0.380112007607295 -0.40559398851979
0.212473155908478 0.0542973241869656 0.418236823535363 -0.268264353090429
-0.277585049617876 0.101971454510213 -0.408653088496184 0.128184616882986
-0.123591069702273 0.198173133078096 -0.552163732664615 0.413956919020663
0.0722495574038438 0.0780528560882699 -0.156212615215338 0.307373730222571
0.0126201249451436 -0.0950901103433555 -0.0669144808171216 0.0417351487921003
-0.109196270678316 -0.025792710833537 -0.186737394334163 -0.0193748528263223
-0.063112194388496 0.0726125101295842 -0.210239947200182 0.0699553091871551
-0.000701437791583814 0.105250768853483 -0.202598170761134 0.0783433818944125
-0.000451963561995324 0.105392389028028 -0.224905820910117 0.0408685035369792
0.00855959437828905 0.097125141967232 -0.29755650118143 -0.00693893020557489
-0.0271211821035369 0.0921071261000165 -0.317668764069423 -0.0525312966113381
-0.0759082467208487 0.00822357148228144 -0.300420860930819 -0.10992398530611
0.00302566302031073 -0.112952416887773 -0.232684231102797 -0.150286764594128
0.153278230225071 -0.00767348814332635 -0.167419134730657 -0.145492649473773
0.0399618882553239 0.19723360312028 0.0173103610850595 -0.11443830731667
-0.189014805461037 0.177884228788754 -0.0341548720530875 0.290719570744474
-0.297995520203141 0.19861630880269 -0.35497910794704 0.0656125349008678
-0.208309513181317 0.277360189571559 -0.599839844714663 0.395977468931391
0.0127116404967985 0.219945625926284 -0.137422899355456 0.361976145277962
0.0537872578366034 0.0573249798583019 -0.02537396199932 0.0201954788325747
-0.0131297267539043 0.0502662876609728 -0.20677348859563 -0.0417381701648064
0.0261266057402286 0.0934691353352009 -0.238788114455533 0.0918836547859798
0.0818365296395524 0.0900186460397156 -0.200854543707714 0.116859724305164
0.0826818816943701 0.078043861489155 -0.191802346697915 0.0730725807613132
0.1005889452583 0.0602332382128917 -0.261475454400116 0.0258089585658397
0.0995115854896311 0.086911106759793 -0.309903037238381 -0.0272882292967714
0.0528272396107014 0.065136892585158 -0.32268004291537 -0.107028378684205
0.0864225025753332 0.0163650218780038 -0.234052933937729 -0.186598635916543
0.163310600668904 0.112301355751325 -0.125512358274119 -0.17689108802998
0.0334112412947906 0.291629090034939 0.0389220691368306 -0.123485377741987
-0.181377618644947 0.316520278314682 0.0213113415083946 0.22862013952119
-0.25764711705056 0.293248581414971 -0.267241327640288 -0.00467695610752608
-0.219189482383036 0.339169877264576 -0.595381038844897 0.382598786659902
-0.0207572750707394 0.335701380463158 -0.098165196210186 0.438169910110052
0.0965745049923185 0.214079367414511 0.0357712938370455 0.0402556647060562
0.105291081712069 0.136907328282497 -0.187397993732122 -0.031661172853713
0.132694593509502 0.105068077700983 -0.225587062200953 0.12207317511216
0.159827759737548 0.0581392830922999 -0.162309097102994 0.152678348963472
0.151024039005052 0.0400714181635532 -0.125875094947761 0.0928283731328139
0.170879897243547 0.0172025309303329 -0.186664968466616 0.0392316109429723
0.20169625310732 0.0684175803044565 -0.2605790596251 -0.0195875060065976
0.172275574681805 0.103763888242393 -0.307009525005841 -0.110055581499374
0.17689330120854 0.139793525478659 -0.221064523897044 -0.22427930892198
0.167170894274808 0.233531067562726 -0.0876320425726514 -0.235282244843328
0.0115686231778538 0.360802710133307 0.076614583524606 -0.179120002439461
-0.1560663147086 0.40376970386912 0.0933508723532474 0.127598256554736
-0.159776492502308 0.359247609126955 -0.174193584825556 -0.0882091430551849
-0.150697124854789 0.36621770836794 -0.529979184616619 0.365259324132722
-0.00618441807864555 0.399860080242758 -0.0243074644089185 0.485574192417006
0.150983917285433 0.332925081145703 0.10207458447509 0.0713819756395392
0.229447979996895 0.203115800144022 -0.129831263165693 0.00932227494673252
0.237204530276218 0.0954202791811096 -0.161592759392484 0.156838373843583
0.219545727656619 0.011038842316496 -0.0869724015455465 0.173866953787326
0.194698603466133 -0.00400459697031106 -0.0388688936406804 0.0960730834568842
0.208004955648611 -0.0225898454153054 -0.0929328431382406 0.0361918217313565
0.264544660872205 0.044804421964776 -0.182223727111184 -0.0287064161098143
0.257272712790539 0.129781258972045 -0.251235858699223 -0.122757396908649
0.238734024199177 0.244936300676131 -0.175742267303977 -0.25835298669636
0.147161133814095 0.33108677819699 -0.0392213173630556 -0.298135840142131
-0.0240474684144144 0.384759255395369 0.125912634341099 -0.258396760588395
-0.118062002715697 0.426027694237753 0.176272968262426 0.00663422402131733
-0.0347113611657693 0.360008600316438 -0.0980000502687764 -0.181058506179748
-0.0619823981094343 0.319090020171471 -0.420491945082602 0.328134786404329
0.0159790112334174 0.389117447903625 0.0735390845836864 0.462628011724768
0.189403724657188 0.386896404089098 0.156496600175909 0.0864738081595447
0.321703965160977 0.222468638689916 -0.0442512442811072 0.0653668995237549
0.304794164679433 0.0619950097524099 -0.0527391218063923 0.183231554405893
0.243785751640957 -0.0416581504108166 0.0179589888567746 0.17490451272377
0.207752076170981 -0.0472336338804818 0.0539236373155689 0.0819095462267577
0.211127748684105 -0.0545117675558796 0.0017236523035068 0.0219651939737637
0.279747516034637 0.0224923431391293 -0.0899681779465557 -0.0441361864113171
0.28971598981619 0.144330647404492 -0.158369747316176 -0.135836497233156
0.241232709227114 0.319367272763315 -0.0923512925890363 -0.272736871925929
0.0826152470311298 0.370755203830505 0.0295353998309767 -0.339085174925186
-0.0678673265468438 0.343669447325745 0.188783504115805 -0.332000211392891
-0.0649061844556924 0.381198497116881 0.260711729166036 -0.109014422033683
0.0757135012736197 0.276320179611958 -0.0448444992761549 -0.26244302069505
-0.0140264301716765 0.197236340631477 -0.288175894782347 0.266904697324122
-0.00264130823888296 0.319216494467207 0.151968946197441 0.371448091190448
0.186282576183538 0.376766509243694 0.179597197485792 0.0875327625830946
0.349820776973963 0.193706407253009 0.0536003268648821 0.119227819837285
0.310826517600613 0.0119112826867365 0.0793627930620533 0.187591151435115
0.226920444984806 -0.086919451267582 0.129826387210271 0.151511002077712
0.191318647333296 -0.0831055496495348 0.138048013083907 0.05641393910498
0.186136665674699 -0.0784476989504072 0.0828322418931464 0.00522823198691461
0.25603402843268 -0.00130598397429704 0.000565199169660953 -0.0568527186110622
0.272510889142611 0.144464055019712 -0.0477412862067079 -0.133002012607199
0.182559090852123 0.345610854404795 0.0122060427182774 -0.248770608506905
-0.014453474953534 0.332165642588961 0.107642944365173 -0.335180684697653
-0.09335512606273 0.233628811101222 0.260833182815737 -0.374841296149122
0.0084565686243922 0.286169425496573 0.340835455099869 -0.196406660317334
0.146130204429534 0.127591958392121 -0.00950286591429403 -0.310239516338365
-0.0229114317196973 0.0448412125011379 -0.162906663408223 0.18677057977734
-0.053112387903522 0.224817972421851 0.182520618020881 0.256735289313291
0.146719698756563 0.321365725983226 0.17571045222803 0.09567557243893
0.309191853982256 0.13265757436055 0.150370251686087 0.157750168250821
0.251854857717055 -0.0363647469251879 0.204324022210857 0.164597644815566
0.170433678354941 -0.115107472371519 0.226491853666051 0.108939360199064
0.148155064962469 -0.10705535992659 0.202686537984027 0.0250795675502778
0.140139609616579 -0.0959528562573705 0.144354726955708 -0.0140171763067812
0.20935114514154 -0.0296715587527656 0.0799315691043418 -0.0630277491324482
0.227877209534569 0.125056882064976 0.0597554478816091 -0.10767412808939
0.0951167858225667 0.315670537287156 0.101532148774176 -0.180405343632635
-0.0980202878608593 0.221032484779805 0.16504842985877 -0.291351817479317
-0.0685400149359753 0.0841048686080214 0.333570844333795 -0.387360947788362
0.10416472387138 0.171540550802606 0.404159860066354 -0.242848462653128
0.174589500929227 -0.0438491664582738 0.0118632969154083 -0.31558006208874
-0.0558637588736629 -0.0917035170322119 -0.0738265943915489 0.114024336617832
-0.0997653241212422 0.122441032890873 0.168058704730982 0.175476355972643
0.0874734529672116 0.226976440279073 0.169526426742599 0.124539140326506
0.214507641705394 0.0565527093796954 0.236022607996086 0.171169921091004
0.146388323227655 -0.0714831081614563 0.295447505040784 0.117824325131071
0.0843289230772055 -0.119702135528683 0.287603698998043 0.0565150801547527
0.0823628356891005 -0.114590107088544 0.239588315205794 -0.00931485370029307
0.0782264416687914 -0.107427457564437 0.184714186021519 -0.0379447181376068
0.151382021222474 -0.058909219263603 0.144491107290235 -0.0667927914148346
0.173254780133744 0.0882391256240821 0.145757253636735 -0.0636412381345033
0.0188629723939451 0.234935687758021 0.143770323148674 -0.0943105971504192
-0.122533697953477 0.0693186249024785 0.175605954711631 -0.247280241636938
0.01905330060244 -0.0550169538808563 0.394479546870475 -0.389726622876219
0.208381646616589 0.0610734635285668 0.433503861853551 -0.253282032225989
-0.290794477893572 0.0977469921946942 -0.435074930789746 0.121257995485418
-0.13254673401292 0.204599193500231 -0.585232720785638 0.416393050447483
0.0730446727018019 0.0808330962225434 -0.165851849650598 0.316223834814201
0.0130062188779538 -0.0986927475948441 -0.0705573427458425 0.0392120308711907
-0.1144686560751 -0.0273355341410956 -0.196256238209838 -0.0235401892169843
-0.0679229284222366 0.0748952697775259 -0.219224320599494 0.068696875194934
-0.00230589925833119 0.108481610144273 -0.210570640572528 0.0775708482400287
-0.000362921120008831 0.110627459212399 -0.234036701257283 0.0386735840067228
0.00815068478216749 0.101933452754003 -0.310987777646855 -0.013313566210968
-0.0276712120931538 0.0955711044355262 -0.331019802010115 -0.0645658027486468
-0.0790974312794512 0.00939420808901087 -0.31015967155547 -0.123494726819325
0.00335346400446282 -0.116404163314618 -0.238819118416441 -0.163329290054803
0.158551494573949 -0.00456358329434192 -0.168834668573907 -0.155268913116486
0.0383124717301466 0.208230947414466 0.0206035767529315 -0.122566135507848
-0.201569640747216 0.182088623461045 -0.0422066623973757 0.301643992037355
-0.314570886281603 0.198582194809872 -0.379268974969481 0.0583142770587404
-0.224119590378394 0.285484160622533 -0.637008862545187 0.396084221522456
0.00794968549162495 0.228171762895181 -0.149044325769778 0.37358186134677
0.0528115769543237 0.0615676339033174 -0.028343050007852 0.0163809434790245
-0.0155976281215974 0.0534878059851197 -0.217288323491139 -0.0479095455486475
0.0249862584618628 0.0979694027668259 -0.248922214898064 0.0915617405962733
0.0837797824594265 0.0952756024206417 -0.208984698251963 0.117851015699086
0.0867329029451678 0.0843792949978512 -0.199712969482339 0.0717003967651583
0.103952562641839 0.066874022313838 -0.273044825435444 0.0193689927234598
0.103948587168055 0.0935745682183282 -0.322843062769864 -0.0369253346467288
0.0548045958785637 0.0710368928098475 -0.334014265274769 -0.119152526987647
0.0880633229741808 0.021503395428168 -0.239044209115194 -0.199767627272583
0.16627190248742 0.120677689025171 -0.125823604534477 -0.186751022872963
0.0281793668520437 0.30520994688901 0.0432031543423027 -0.131366643108207
-0.196315432501757 0.325055584938825 0.0171256770742872 0.237669690559023
-0.277248682220238 0.298033544938199 -0.285850203533559 -0.0110449990665372
-0.236603861504642 0.34890657702963 -0.631935899087352 0.38351581184631
-0.0288068547365644 0.348424776977972 -0.109570556827336 0.452250122707909
0.0947399338302196 0.225805396613122 0.0339203660565252 0.0379717308424194
0.106842418643323 0.145706504976855 -0.198067479918547 -0.0371520337971795
0.135916071938273 0.112352126323007 -0.235487964637973 0.124076267401874
0.165098268193222 0.0651161224615072 -0.170223582186826 0.154422696823211
0.158453735615943 0.0467311095375169 -0.131914040386642 0.0928007253597057
0.176875595730568 0.0241434804746892 -0.19545159901914 0.0342871697093155
0.210134183425903 0.0760254394354631 -0.271903598458875 -0.0278865607827585
0.178917431999856 0.112702443546825 -0.318112739888863 -0.121369042170341
0.179873135740805 0.152046765478056 -0.223654015136187 -0.238614619972228
0.16790407952424 0.248546016375411 -0.0853717510819735 -0.247764790411558
0.00132286740394782 0.376320542770673 0.0831664921444936 -0.187027627625631
-0.173348222464268 0.414939254536252 0.0947469055951254 0.134307922127155
-0.175320173545222 0.370647430330013 -0.186198383877476 -0.094735680889426
-0.167284982200784 0.378963110733675 -0.564241059019643 0.367356393811957
-0.0158846193680051 0.415226444299746 -0.0337690476068999 0.50448185434216
0.148656945994673 0.352581759680936 0.101810346475994 0.0712355938402539
0.2353447699711 0.215260151166128 -0.138869443968611 0.00747684963831646
0.245543897193112 0.104459146565547 -0.168384628545167 0.1617593032627
0.227874377323052 0.0183968183617171 -0.0911790056838504 0.179201406675381
0.20346648295245 0.00158449583768389 -0.041913369966233 0.0982179704086294
0.216052024506481 -0.015701172346647 -0.0969688218179699 0.0316237311716778
0.275189893042391 0.0530558507072652 -0.189602941897616 -0.0353383807593483
0.266361915041834 0.140507266441645 -0.258979769031347 -0.132518235429984
0.243620114407816 0.263248077804233 -0.174892548558923 -0.2729706316063
0.145224065490078 0.348033293080655 -0.0346469557187581 -0.313053694182999
-0.0361470058915698 0.400498630968443 0.136643570805026 -0.26813886167666
-0.13458051795989 0.437342709998675 0.183733218038314 0.0102968340466267
-0.0460397582044207 0.374820891329445 -0.102715728176714 -0.189498657448972
-0.0734623039466406 0.33183005604005 -0.449296221914667 0.335481126169985
0.00743261241470194 0.405594508691577 0.0675030324567476 0.483724278386099
0.189176033792321 0.408220633845018 0.156877677355379 0.0904522825719175
0.33081567853624 0.237173027281442 -0.0502402407899291 0.068429379284644
0.31656071057164 0.0701144666534225 -0.0543770102135297 0.192077683660266
0.254310860723719 -0.0344767350456871 0.0166669148121147 0.182440551365487
0.21684602370495 -0.0431137251096323 0.0551419942534018 0.0851845591073452
0.219748228721409 -0.0482562319964446 0.00205372981148064 0.0188818380556574
0.290145400190704 0.029941781805624 -0.0926153854107868 -0.04936607621011
0.299117856328095 0.157019222854597 -0.161978849089395 -0.143435522543806
0.244315796790156 0.340171867451959 -0.0876560593925673 -0.286479591777526
0.0764998614069384 0.389183430626015 0.0371923124743188 -0.35391668268034
-0.0812323292035778 0.35555045022067 0.204004089174344 -0.341436380858205
-0.0785183297611574 0.390663804096895 0.275387165122847 -0.107549481806966
0.0694073442694485 0.290850524645849 -0.043856333223257 -0.272769397077727
-0.0208356347062284 0.206260814310967 -0.309043280258668 0.273410468527441
-0.00923025300125139 0.332160516671696 0.149998012808596 0.389468325403974
0.187500516527836 0.399350272967417 0.181444078154025 0.0927071891664281
0.362120203450417 0.207640707036347 0.0513086089110192 0.12785154787374
0.323872548175927 0.0187186385727304 0.0829385877579457 0.200149699390063
0.23647792344284 -0.0822897533178358 0.134247181549679 0.16114795987064
0.199504366484718 -0.0821862143720658 0.14284396883051 0.060305564918329
0.19414501713578 -0.0741499012149846 0.0870752586664433 0.00272671888272527
0.264637674914789 0.00448033059090092 0.00241469967672322 -0.0589491505907619
0.281080426030237 0.155201063806629 -0.0467963407377261 -0.137911586718166
0.182246151748999 0.366643799354367 0.021138745123367 -0.258809568842382
-0.0231301679322645 0.346281047477669 0.117877764929223 -0.347524293592814
-0.106666590528575 0.239848807810716 0.280840900695131 -0.38341084930713
-0.000503591383903346 0.295321067747533 0.362852831716679 -0.195630355442105
0.146211912250756 0.139562794094855 -0.00323311150476889 -0.322564364209017
-0.0262918550989992 0.047716579156375 -0.176628113728271 0.193441142860856
-0.0596591149155351 0.233313036844652 0.18386176426266 0.272037042773612
0.148261305193282 0.339585989275032 0.1774616466277 0.102566517979296
0.320905625256275 0.142608433121937 0.153394436705615 0.170781493886291
0.263625865134178 -0.0335913446310016 0.213610158231068 0.178936466814051
0.177963848366441 -0.113127686645952 0.235763405003765 0.118517775678328
0.153982387928518 -0.107767637070669 0.210644697877745 0.0288853708449358
0.145188989762124 -0.09390830427943 0.151649161356096 -0.0148251391670363
0.216199601776516 -0.0262592523569156 0.0846233593944118 -0.0632040017809817
0.23505625343256 0.133713291531245 0.064897627963802 -0.109672664409621
0.093509651545524 0.332081705504806 0.112244038913875 -0.18561481475474
-0.107708393949643 0.227898889462724 0.176808322159271 -0.299692242150272
-0.0762584899257253 0.0848441015057333 0.358430928137141 -0.393876166591213
0.101611943099534 0.179024989453722 0.432762570074581 -0.242790532920394
0.181021946266797 -0.0385574665085783 0.0207551332060313 -0.328298341458665
-0.0570700519681709 -0.095185679793118 -0.081463007969286 0.119403416972615
-0.105921485716735 0.125535567549188 0.169832964906361 0.186738172186248
0.0890151379193914 0.239876480804666 0.172346678581578 0.133758801121533
0.221928869665676 0.0606479392785519 0.243467358054341 0.185220774438118
0.153301535687946 -0.0719649063584809 0.309198193173304 0.131516112829917
0.0877680734298194 -0.120440657201915 0.299915110642349 0.0662220672564337
0.0851542057037825 -0.118071503561303 0.250466319896819 -0.00451370851141391
0.0816444336036944 -0.10806137078808 0.193552831057444 -0.0383159846512133
0.155484502199985 -0.0587586659201489 0.152168461045254 -0.0660868380371733
0.179331904869053 0.0939167350033753 0.153830354321886 -0.0621745886414286
0.0157729458222067 0.245849117063371 0.154645007693598 -0.0941533479812009
-0.130497781668276 0.0700394175302887 0.187441189065565 -0.252669548943281
0.0187665513615416 -0.0576435793019535 0.422111419446977 -0.393812247769106
0.21354431385852 0.0682936207073876 0.464685692787575 -0.253183822593572
-0.307150549361859 0.107522644201631 -0.469501569890287 0.13324967246468
-0.137163562578605 0.221425280007568 -0.615904888265072 0.451053352848341
0.0781008966940227 0.0844644171085204 -0.166676091967238 0.336950208776942
0.00974343280230068 -0.105331165356849 -0.074363916736384 0.0387628902965797
-0.123406017343307 -0.024484583012629 -0.210874259087724 -0.0214262413651539
-0.0715701017959072 0.0824848551423628 -0.231628391896426 0.0771886329606109
0.000286789235633834 0.114875610665794 -0.219388108132427 0.0868710777471447
0.00421941328250545 0.118569120190435 -0.246525937315871 0.0460193658913938
0.0119352264793342 0.109396493014923 -0.332904670655464 -0.00731267136150274
-0.0248120129129161 0.103239496123163 -0.354668588321323 -0.064498210290944
-0.0836259733542728 0.0140187766682239 -0.331642995717529 -0.128481911711701
-0.0017104121177398 -0.122653374675179 -0.256461416753452 -0.170079774204274
0.167673076396527 -0.00828601494291375 -0.179924801473777 -0.161752840852096
0.0454320266599282 0.223644178718227 0.0198580028932607 -0.13584139225301
-0.211064557579533 0.198453234962955 -0.0384074987371572 0.320439249567043
-0.3327511401111 0.214922764288827 -0.410742622000928 0.0667722846981833
-0.233632964066183 0.308735748230272 -0.672410272737141 0.432537934274709
0.0121979494785447 0.241921059243528 -0.147049999753103 0.39687628600212
0.0558195869562586 0.0640107974305536 -0.0308756591156457 0.0132066032051779
-0.0153847411065127 0.058400494427499 -0.23518888553254 -0.0464398427658492
0.0283701758587101 0.104608410653816 -0.261714944634183 0.103924363215858
0.0914478741354142 0.100167999130516 -0.217117975203702 0.129032872406296
0.0960465278725014 0.0891676971825 -0.209829071996696 0.0802434348329691
0.113687039947951 0.0702958602035618 -0.291061975230406 0.0258757371476647
0.11521947320904 0.0978212542925187 -0.345424433054095 -0.035115547708025
0.0605003164245239 0.0760063924236661 -0.357550218704028 -0.122086626016004
0.0920704026631901 0.0234471831033009 -0.257361951215919 -0.209707471484602
0.178286510642827 0.126152677387022 -0.1355240890404 -0.197378627064805
0.034723267331796 0.326139409535412 0.0434654853027652 -0.143923456160063
-0.20332198034589 0.349825000116809 0.023127274291378 0.252207597964467
-0.290608698314286 0.320106606153233 -0.31170670221005 -0.00635607926527421
-0.247539460367055 0.376224321023663 -0.667603126462718 0.418223638639549
-0.0246394447880879 0.370302907571466 -0.104890639200664 0.48089282923345
0.103682591539083 0.239958666852149 0.0341709855008422 0.034306589792509
0.116538559619368 0.153209198797801 -0.214861969716144 -0.0355900085595332
0.147735413761896 0.116642649962759 -0.245462434868537 0.137751752922227
0.17742857960904 0.0677185890529381 -0.174847420153126 0.16736526155471
0.171535327406985 0.0474340157753274 -0.137000062566184 0.100706996447005
0.189926930207095 0.0246918514647533 -0.207446462881727 0.0377280299443679
0.227681781613442 0.0769769571336292 -0.290917778583802 -0.0256854203461027
0.193406239225968 0.118149266193261 -0.340681025474673 -0.123196495732648
0.193232324816618 0.162327597452057 -0.240337938303711 -0.250928546879708
0.183366622930658 0.261802125928805 -0.0957390292187101 -0.263597956304725
0.00796732654974316 0.401816353595339 0.084777018748181 -0.204469235112838
-0.178356110814652 0.443706601532385 0.103990537628593 0.140788996791121
-0.184190951497171 0.396057829935643 -0.205549538692728 -0.0957539553113678
-0.172798256006493 0.406691099240898 -0.597917452623781 0.40233403959652
-0.00964894957588747 0.440943714522675 -0.0243488987479655 0.535825137369093
0.164459288059758 0.373929567668804 0.106424729990924 0.0698235516959309
0.256039219675891 0.223849429019293 -0.151916756957132 0.0119063263899184
0.263746151849843 0.10603465583098 -0.17295659680277 0.177437618457348
0.242979861211708 0.018200163242079 -0.0910715818887466 0.192121768410019
0.217030156327599 -0.000690124122082319 -0.0411376982862047 0.103573836940887
0.229525714533937 -0.017590219247889 -0.102479843419313 0.0315313539621489
0.294911703264924 0.0513473090943086 -0.202584429712776 -0.0351049702466206
0.287324017007996 0.14528447261422 -0.277221775176956 -0.135200611778836
0.264387103894757 0.279445066887759 -0.190177596151123 -0.287964255057756
0.160904795901829 0.369140653490377 -0.043694050607797 -0.333078167222365
-0.0343386816444128 0.427269648066244 0.140091177592636 -0.289860785635056
-0.137743780696215 0.465490697666382 0.197030681404133 0.00727416307942226
-0.0466542799382798 0.40009436988239 -0.116769457418257 -0.196944733182253
-0.0740134423918444 0.35535943449992 -0.475880948096821 0.366272631915288
0.015527704244263 0.431331182147322 0.0828076507857572 0.511156680543256
0.209306887804108 0.433037712327995 0.165304001895829 0.0892089377420098
0.358845274730123 0.244155327338764 -0.0555892206696413 0.0760857677187971
0.339141561840516 0.0679720705232729 -0.0502010185798668 0.207894917556833
0.26955762527528 -0.0385623754080279 0.0241507792805368 0.193517243112081
0.229349134038875 -0.0488412014716024 0.060530300171405 0.0878523554500378
0.232198894871307 -0.0517781524829707 0.00257732224806899 0.0157455727965857
0.308747301891588 0.0265755895437244 -0.100159213169082 -0.0506992650546556
0.322554112187693 0.161583001368632 -0.174469334771832 -0.148209352725995
0.267495916595793 0.359767546479254 -0.0961541918792313 -0.304439924469661
0.0883600642925062 0.414162102077894 0.0312693797917979 -0.377443855389049
-0.0838540367127942 0.380160718914246 0.210558607883785 -0.367730631543412
-0.0787933571824602 0.414048275697365 0.293181685140129 -0.120001268287453
0.0764993444122299 0.311267948792213 -0.0529400580720175 -0.286740588950802
-0.0199110599900929 0.221016189619049 -0.326465504163677 0.300057189099167
-0.00310333771975308 0.353554387543906 0.168739289577665 0.412439874491068
0.208773831370667 0.424680644442911 0.190460838257793 0.0934781761215796
0.391173818228188 0.212038723056222 0.0558755441847586 0.13875485254698
0.345855918978577 0.0132095869871632 0.0972427064957002 0.213673657927673
0.250380806990641 -0.0884287081437634 0.148648901760065 0.169187115897728
0.208933688511458 -0.0896773638855139 0.153253806925937 0.060099425472272
0.203264546883953 -0.0786811116580852 0.0926482987607118 -0.0033554308763489
0.280450175505117 0.000234737550476492 0.00134289251637388 -0.0631300715719915
0.303926897203464 0.159398511912096 -0.0516032937440392 -0.144948350460458
0.204166058595822 0.388437875026699 0.0203787255094054 -0.276705007594407
-0.0193244958679882 0.370293391315958 0.117351192597532 -0.371532866342051
-0.113217398829775 0.256714764781269 0.293273138900565 -0.411671651331774
0.00125766943931023 0.311300323403032 0.385958373179123 -0.215367236801935
0.156692916745848 0.148546307651807 -0.0101597686987669 -0.342409062794936
-0.0281339309562943 0.0526142675551811 -0.186201189922992 0.213381311355186
-0.0582931093532893 0.249216034433368 0.201456414857716 0.28607729554334
0.167563537956627 0.362024175787252 0.187487805347232 0.105593020169615
0.344857436587784 0.143024003804707 0.167092109129302 0.182230209960021
0.279776148464261 -0.0418106209200468 0.235678012594977 0.188718483012825
0.185770917908897 -0.120419041779283 0.255781589974951 0.123329099890054
0.159277388545096 -0.117511102260183 0.224912047619139 0.0257472124099741
0.15152405239737 -0.100079461611222 0.161469901038396 -0.0226205245166165
0.226596403197765 -0.0326250358606217 0.0893327689559627 -0.0685403567079778
0.25366534707374 0.136468568430718 0.067380960560341 -0.117385698390754
0.107350854741541 0.352627009968869 0.118940720918917 -0.199688840064152
-0.112168201016281 0.245126110112101 0.181261211758172 -0.321481138169691
-0.0831710447561396 0.0903156882210727 0.374635480109325 -0.422050948337533
0.108219189855684 0.187110457811506 0.460825633669747 -0.266599822916849
0.191124155670709 -0.041426234530107 0.0163826128465544 -0.350459982043909
-0.0634445370726938 -0.0995184375168457 -0.0860707336829196 0.131542871782914
-0.109355918597011 0.135887254178406 0.184136108906047 0.196605129955644
0.101672294385518 0.254546823918969 0.18396630287645 0.139400642188922
0.237399499510588 0.0572736903965997 0.26429096074564 0.1963648780594
0.160482713224956 -0.0797246384023601 0.33549461085267 0.136200786096727
0.0897808973088872 -0.127579080925474 0.32342841300079 0.0659766293646455
0.0851575006222723 -0.128154512506389 0.266909232996558 -0.0106819483977077
0.0826401017706747 -0.114677947251924 0.206029036424724 -0.0472917284713659
0.161404340979488 -0.0665722482644353 0.161458052817635 -0.073155472047499
0.193130734798055 0.0944017859771407 0.163988829770692 -0.06896274264167
0.0238070727497455 0.261603559917009 0.164862776093003 -0.101816852522778
-0.139486165878536 0.0770864866674306 0.193754154490154 -0.27048829603485
0.0169552991438424 -0.0629100878812337 0.442943585330316 -0.422887921407327
0.22624176209187 0.067996232287835 0.496525218567008 -0.277958504739752
-0.337234731406273 0.0613746722191821 -0.522497309511503 0.0570319128182183
-0.17253893610422 0.214894712764155 -0.717079477205992 0.377979060816307
0.0668837943290031 0.102645365390769 -0.216211488701577 0.324282709210254
0.025239245099993 -0.104147753357626 -0.0810712152266507 0.0177308757372403
-0.124047935775534 -0.0401973993433495 -0.226328525905231 -0.0558140015587669
-0.0898749864306657 0.0764244763030683 -0.256125703251202 0.0486182754749789
-0.0195929197027326 0.118955302872798 -0.2455508957871 0.0601369739828924
-0.0177651207089197 0.126350049950839 -0.264324016478335 0.0078658316947551
-0.00587402957338145 0.116072436737352 -0.351081381533177 -0.0611156438012401
-0.0438283682085464 0.103868164833493 -0.364426694845685 -0.126444306101839
-0.0931349418757378 -0.00275506970371392 -0.322982933430742 -0.186199726389559
0.0141786782862274 -0.130732692764647 -0.236003579133635 -0.211791871256352
0.175149284637499 0.02254899073245 -0.1638558609266 -0.195827456175826
0.00763596356694922 0.242837540978289 0.0405631734209684 -0.152730015991154
-0.265530196641739 0.175251451574412 -0.0809536656963231 0.321016748992995
-0.384917928117831 0.164543999102698 -0.454506125742365 0.00498547559369657
-0.286372046507436 0.287769103876001 -0.776364082589664 0.352599185888353
-0.0268028171101325 0.251381650912303 -0.210672158733924 0.40044295047787
0.0445905162514362 0.0742234773845435 -0.0336285009400002 0.00846030333253049
-0.0288780953202718 0.0618243536096046 -0.241929277972098 -0.0819067329695958
0.00985623646843926 0.117513874864561 -0.28838235415793 0.0716711142301962
0.077140092030151 0.120278345790221 -0.246615072334573 0.106785896807315
0.0824245492154839 0.114519258211032 -0.230838583111369 0.0498700847784222
0.106758234961883 0.0951203180885058 -0.313367807989184 -0.0187073289459325
0.102765247314154 0.123171046006058 -0.361304517938943 -0.0903540463060043
0.0454835498586155 0.0924901288467622 -0.355197487831144 -0.185793843425121
0.0885191078632355 0.0389541245205917 -0.23824492787508 -0.259622711695109
0.159533888568654 0.165588917812828 -0.11285358652976 -0.231078570025097
-0.0236322597146494 0.34787566229454 0.0666086257404538 -0.16129148665589
-0.287400127847614 0.337103367605235 -0.00247204954928457 0.253185194162135
-0.361212373617578 0.277843933490401 -0.3398419083076 -0.047768933622162
-0.312075507502274 0.353239963417334 -0.771473832055609 0.341185498913753
-0.0858392592063065 0.374601341167196 -0.18340234721902 0.503516943114611
0.0655909810373853 0.260584862097348 0.028879874707625 0.0529833957587115
0.0903353322002093 0.180901034275441 -0.215716154526581 -0.0628310821467134
0.13150582564158 0.150810741597219 -0.27343867120377 0.111440781093506
0.171661877530457 0.102285629657226 -0.205810039464916 0.155259933255205
0.168548087812748 0.0865312364602022 -0.158164172207328 0.0824295813355016
0.192214322445494 0.0627198189447165 -0.227932829707209 0.00687577867188258
0.223299894404264 0.121889416021888 -0.306378053150673 -0.0698350489436979
0.176745202540475 0.162776191518835 -0.343066177366312 -0.184642462940381
0.172424051363067 0.200261043418501 -0.224288481385914 -0.304978874029154
0.137834789693036 0.308380819080267 -0.0617802456616584 -0.297199238938215
-0.0670294444018288 0.420079535097341 0.120309470524251 -0.218366872729935
-0.280707167929096 0.440238492564181 0.103519041438357 0.146773539595729
-0.265917572385794 0.373416427365086 -0.210910572267914 -0.115727969819568
-0.242748099320668 0.394923659931631 -0.693389864645791 0.339639474944289
-0.0813041778160436 0.450228742957241 -0.108298452204039 0.577017459738177
0.107055643806893 0.405815590985321 0.0981047330573901 0.112183458865132
0.223046125758006 0.275616818686717 -0.148855095842751 6.18945701136432E-05
0.254933549895263 0.159013539788543 -0.199611922137141 0.165087084368526
0.247206092729561 0.0626207002699251 -0.117330563522278 0.195340693390253
0.224909446061311 0.0455704808477291 -0.0587498893289479 0.100375270924112
0.240455128280582 0.0266911955160936 -0.116736650017558 0.0170457819267597
0.296566004795941 0.107623478858542 -0.213281303323221 -0.0647489887193977
0.270043498824308 0.210406942012751 -0.279260064801919 -0.187359918641338
0.228525367724612 0.335418037950783 -0.171263767789137 -0.341862276724334
0.0935193143529879 0.415567911751815 0.00211489153856266 -0.364449583460717
-0.117013137739968 0.437911436453761 0.193696218495086 -0.297914300396545
-0.240888385410275 0.468775762419653 0.223666400622148 0.0223103471400383
-0.126954703365786 0.400017372208821 -0.0962851227459498 -0.203526697835089
-0.133752248836258 0.35819854688103 -0.556640845283117 0.31965821224136
-0.0542359052292777 0.441937865430676 0.00749930512060945 0.56846469924429
0.144374819679288 0.473981632696811 0.157564601796373 0.150118246468678
0.325558392186333 0.312413835943206 -0.0518259512161156 0.0839024393349837
0.341326210964848 0.131417551983054 -0.0729378533869661 0.2156502493635
0.284161924802297 0.0101801481415747 0.00595041076489111 0.214617972987655
0.246605941069721 -0.00282167792289119 0.0505055228096771 0.101000835348472
0.248516297737234 -0.00797546839502112 -0.0032174598203164 0.0159741002845203
0.316018846039078 0.0834823322209307 -0.10334269720932 -0.0641949194589803
0.303942288688629 0.233184804462722 -0.17109548585712 -0.185327128465777
0.219867560185849 0.420503505089271 -0.0731877939065692 -0.347214530072732
0.00997676153659651 0.447093970002971 0.0887331486152362 -0.399723499652927
-0.158944354708112 0.377044856703054 0.281753710235766 -0.362495935819594
-0.166944109477097 0.424405482698907 0.344130164712059 -0.0918630637264573
0.0148486323480011 0.329253529769953 -0.008530588564823 -0.288051360694056
-0.0565905963763105 0.228664676993458 -0.389692868557748 0.271715024196635
-0.0591814205234132 0.359476204438285 0.110983640518587 0.475235523467187
0.14757571638295 0.464551560577114 0.184038458668788 0.159056316571697
0.366852959543946 0.283259895729127 0.0591130628502084 0.165038075700223
0.359557442938849 0.0738320783154814 0.0820050696341392 0.243468151970967
0.272295461567568 -0.0453492628790141 0.142184980710898 0.206596591112275
0.233175913710803 -0.0504141343487757 0.152124877819594 0.0872836216624818
0.223865856491737 -0.0409479407227159 0.0948085220495007 0.0100994799092429
0.28983204225459 0.0504121132459813 0.00661919277582246 -0.0604201628707838
0.285726917996086 0.227011420402666 -0.0422958419620399 -0.163686395764591
0.149758069117516 0.440717145872066 0.0464340293610691 -0.303228776520499
-0.0922975885414198 0.379878869935775 0.180380662490519 -0.378142578111753
-0.164806375903166 0.241517660218292 0.374981002322492 -0.38714202626439
-0.0601064290787446 0.328756175315434 0.452769735181922 -0.170551257002305
0.12590013936659 0.178236505214029 0.0505195515842074 -0.344227057413627
-0.0370909409417513 0.0528181334730522 -0.229495612792311 0.198020523020429
-0.0976908325166185 0.242726532861938 0.160716170107298 0.343982829677576
0.116570865010099 0.393599115498666 0.178557424304336 0.168162262682928
0.333500511371828 0.201685571160741 0.166978676282548 0.224668343887974
0.300340100099389 0.00411646879997996 0.230039828966932 0.236708510187837
0.211506967476714 -0.0895598516785681 0.261307828178957 0.172073050534139
0.186580754760706 -0.0908300565478539 0.232791226589396 0.0629703725302714
0.173137637110823 -0.0731216134260974 0.171586445122366 0.000441926177897285
0.239858715767992 0.0065756970784488 0.101485368045616 -0.0532923332087172
0.23916270488723 0.191667442771782 0.0790986146249737 -0.116143214718571
0.0570949592014191 0.387322792822503 0.143441374469724 -0.206912402785296
-0.164557029758041 0.232068231644067 0.240084433699681 -0.310918982879905
-0.100143149626329 0.0734436118049388 0.459526912616655 -0.374855272906801
0.0807719085437462 0.2166865095375 0.532882814882062 -0.206264344364195
0.197342257051531 -0.0106891133066263 0.0833981640204331 -0.355872561749651
-0.0472627931876161 -0.109796558013015 -0.112428656935804 0.12428520283497
-0.130760957946994 0.117996002470216 0.152994211488766 0.241985071623879
0.0684883973383576 0.273533072281832 0.169182596682135 0.195455089504105
0.237604683851664 0.0933074090658796 0.261509827020825 0.249562383929863
0.18352893149276 -0.0578633453610202 0.339373145615842 0.195485617829473
0.112628529286525 -0.114686064890171 0.33903312021658 0.12094736682484
0.112194541816787 -0.117807830607465 0.282350720099614 0.0319848511867812
0.104192254972423 -0.100971564935513 0.224219692238467 -0.0185489702458513
0.177656366251645 -0.0421470724925885 0.178940268216538 -0.0473886735555997
0.185374373501447 0.136125704275116 0.175438317434595 -0.0504286891308688
-0.0149592723926386 0.279009711727483 0.182313284242678 -0.0935659099327996
-0.158892352656831 0.0512324644406235 0.244762538212273 -0.251366491534963
0.0363998759580269 -0.0670907029130868 0.527346055961304 -0.358191955140598
0.231590697465508 0.113201952929975 0.563769081630827 -0.206497129612435
-0.335059789174181 0.0891477053592812 -0.529753771713136 0.100549411941434
-0.154875881265685 0.231498466160071 -0.689523215371439 0.440877695420745
0.0752013649108367 0.0961442027662248 -0.185825220592826 0.340610816059558
0.0141919306043454 -0.10671016637206 -0.0808068528126666 0.0198804903204144
-0.129290642714646 -0.0282318668071662 -0.234161197639914 -0.0361352946481569
-0.0838447114246281 0.0860914569750431 -0.252655624084172 0.0716638749977799
-0.0087236431931372 0.121315704102826 -0.240130310858731 0.0816674311253626
-0.00403848060963906 0.129547737650768 -0.263768387338086 0.0302566173600457
0.00674477847920053 0.118163109514675 -0.360175498966873 -0.0296878171287172
-0.0323023521706562 0.108450585131625 -0.379692011616035 -0.0965932286651087
-0.0938081371879954 0.00756694328020844 -0.34048057583269 -0.162792203847097
9.06414978758437E-05 -0.131252467441369 -0.255251166650846 -0.192989700519137
0.177098864685067 0.00766455572186349 -0.178923266492442 -0.182966271481303
0.0302372071663632 0.245381944455467 0.0256476025276209 -0.161748204534588
-0.250646747129854 0.199858502185876 -0.052964429401415 0.328564772146965
-0.374000784140684 0.195520924305851 -0.464099581157218 0.0443699875440896
-0.264780693630214 0.313305506583898 -0.751732803510784 0.419943280583292
-0.00650510022498886 0.253218556274917 -0.173111005364386 0.416847529906184
0.0495948386306843 0.0713552172029094 -0.0351005215478976 0.00488593620130286
-0.0243471071412627 0.0658957258817951 -0.253624016479781 -0.06157035365986
0.0199185942036767 0.117971581047845 -0.281719124976849 0.098834103692405
0.0886539168179277 0.115576157174011 -0.236939774069887 0.129054018731917
0.0959115388385117 0.108701653955436 -0.227128950081994 0.0686477385863152
0.116288951464181 0.088381127027544 -0.317415574410473 0.00794204231663849
0.116886753972415 0.114599462790827 -0.372583869213563 -0.0613188588946567
0.0545331307877976 0.0909203565264394 -0.375160754952167 -0.15743802122906
0.0904635247662523 0.0339232685929735 -0.261887811849357 -0.241819991478531
0.174613146096389 0.15284959884101 -0.130889623212379 -0.222648899507473
0.0062669558572889 0.353293384829438 0.0518164491681976 -0.17220827681121
-0.26010052024134 0.36280111614948 0.0204613414533421 0.253727644757007
-0.341446404667396 0.307633712819917 -0.352093041307806 -0.0168548568043075
-0.285504941884115 0.380858101383435 -0.747669668956262 0.408942754419441
-0.0546070516024927 0.382168281588571 -0.138465816132247 0.518290170997404
0.087992095065969 0.257405140782369 0.0301086627718622 0.0451756178003857
0.107098392926208 0.173710402838414 -0.226063573632756 -0.0438266153204645
0.145354125013883 0.13985852396351 -0.262869201935883 0.137624997480428
0.182081555534103 0.089790998827432 -0.191004280186938 0.174619825038243
0.178529551759241 0.0738249084503394 -0.150350250763984 0.095576348067822
0.199871313028804 0.0483575167562895 -0.229698100417058 0.0246985649310359
0.236568457589134 0.103250623214151 -0.315472897977182 -0.0448648880089949
0.192678320072583 0.150683101885706 -0.361453011590394 -0.156576114857483
0.190389535002601 0.190163469473536 -0.251080775413467 -0.288576598977604
0.165060198574146 0.298509943874115 -0.0873614916959589 -0.29364278744139
-0.034778486736901 0.429345167445237 0.101154860856642 -0.232400225513167
-0.243672001432989 0.464240418847316 0.117725978949598 0.137611899556535
-0.237453023734175 0.39537510605909 -0.226978785950687 -0.0955534441870645
-0.212115714317233 0.417384601035853 -0.670127407984171 0.40230321650333
-0.0433073036214032 0.457603024057714 -0.0553218864817148 0.587654213566549
0.143729100641195 0.400632302979717 0.104206658242243 0.100324344503858
0.248150933065099 0.25656197680686 -0.153579086007522 0.0139475574614353
0.270188541137032 0.136047002632698 -0.182551985900049 0.184755438059542
0.254796963961395 0.0442551457500586 -0.0994847258186857 0.206553898993654
0.230646469834089 0.0273600047672226 -0.0493584458793994 0.105618666846622
0.244292743620759 0.00849270368190769 -0.117486411322029 0.0233250020263498
0.30854633124916 0.0823758566659248 -0.221164214330418 -0.0470724018091696
0.290382855355872 0.189317777222341 -0.297310119446894 -0.163462995958769
0.258759443720841 0.32035364635811 -0.201247881871983 -0.329932441400573
0.130485840591488 0.410656136550011 -0.0294831548984882 -0.367090483715436
-0.0832449423586908 0.450288671203356 0.168728055884771 -0.317421625924866
-0.203142685265425 0.489533583504566 0.227889512798928 0.00268597856843311
-0.0958463868283101 0.412816513433047 -0.116703846056133 -0.194006416960573
-0.1061230984166 0.371546892190931 -0.533638881225577 0.373267849650692
-0.0156440200667167 0.448382180965437 0.0600651664520896 0.57004026273372
0.188121760190213 0.467009832085769 0.166927942385844 0.134121423196359
0.356200571897362 0.284177868573263 -0.0473935266756527 0.0905021986808017
0.354762627577319 0.10058167433144 -0.0504983433801304 0.224582102352798
0.287673341819587 -0.0118493113259036 0.0267278087043945 0.215543110754893
0.246700519865477 -0.0223561507575303 0.0600245226115522 0.096512980570641
0.248923551019437 -0.0265384492063081 -0.004567636961323 0.0123588792929656
0.323859424148346 0.0574393345866722 -0.108873888327414 -0.0556350801120423
0.326951558822388 0.208491120506271 -0.188573491673043 -0.169690137525235
0.259374802580492 0.407307359168152 -0.10210103355015 -0.344490135695218
0.0491733687508301 0.448769505296522 0.0534040516284831 -0.408090468189762
-0.1321780896346 0.392427414803502 0.252174302151718 -0.388084961304687
-0.136273065006623 0.437763126951221 0.340963097164744 -0.121100545718745
0.0415142972622522 0.331490006487012 -0.0344784539693744 -0.286587100541483
-0.0389544439780486 0.235004050325337 -0.370158872392728 0.310490447914721
-0.0275111781798838 0.365719125176649 0.15637912061311 0.468296067296198
0.191309326086267 0.457158492969848 0.194464617368441 0.143388040276787
0.394102213603975 0.25040268315061 0.0725115829224719 0.163523963112408
0.367913284463508 0.0410437049533526 0.107691320248641 0.239270136521336
0.270780901437123 -0.065856931896951 0.162978056217446 0.196383923704848
0.228036952022887 -0.0695432737004009 0.1596720788426 0.0739822519643858
0.220664587808306 -0.0573293880413005 0.0941436584053959 -0.00233818572792866
0.294205712778756 0.0258727843807549 0.0013911785847488 -0.0609570141900606
0.307272240815114 0.202878665319371 -0.0575639862941019 -0.15925746642899
0.190782960947788 0.431583363440146 0.0215968087886511 -0.30986601051211
-0.0616990703151108 0.39083750628286 0.146432414496621 -0.393927568647729
-0.150220907140364 0.256108574671616 0.344946722392279 -0.419112825018028
-0.0347669618612154 0.333497399934591 0.445213312447023 -0.209953744047465
0.141562557830359 0.169738273624566 0.0210768495520731 -0.348702694205907
-0.0340922519798498 0.0569153503745875 -0.214023453782596 0.223146507223447
-0.0758637590284298 0.25163221222158 0.193087659076144 0.332541331488145
0.155881221711176 0.387699962678038 0.191301048996882 0.153814777480521
0.353499293677804 0.172318762371366 0.188832892926502 0.214021091919308
0.302826751575183 -0.0235647373146361 0.256111117869611 0.219982105280489
0.204809535558368 -0.105905754538761 0.280478812646096 0.151986598200131
0.177290676535379 -0.106575340247438 0.239109807810334 0.0430869825180502
0.166847733208251 -0.08610606922364 0.171081295432194 -0.0184581182371038
0.238619370407409 -0.0145821098087057 0.0980621166791122 -0.0618983397167614
0.257753969035282 0.171962069583603 0.0700134780461221 -0.122341962910903
0.0934733283832686 0.386264407304117 0.127509409566593 -0.220544662844902
-0.146579187854571 0.247382863682662 0.212351983717532 -0.330730352524182
-0.0991545039093304 0.081520284103471 0.432584774034452 -0.412954731434153
0.0968778597367086 0.209827436206009 0.524012140511449 -0.253185557335009
0.197243676270705 -0.0258896226400739 0.053325154103767 -0.364079431212988
-0.0578496741881595 -0.10612305079878 -0.102563526137638 0.138772923412487
-0.120378965671944 0.128794664660254 0.175987596388636 0.231177956560005
0.0966166791065446 0.27016558414173 0.184715652687218 0.18301571591293
0.247386495825666 0.0708934085956173 0.287592299072606 0.230642129419728
0.178554178007563 -0.0756932156073812 0.361567123512564 0.16912145698857
0.102386711182691 -0.123328416191 0.354020670800439 0.0937505661363745
0.0983889040475557 -0.127824772273574 0.286484560223527 0.00795450560764769
0.0946933916556856 -0.109163219849409 0.222896687340606 -0.0411918405395641
0.171453785416237 -0.0584578727900491 0.176788044709908 -0.0631160671885511
0.199976883624788 0.118409373311055 0.17287544011559 -0.0655439402193591
0.0122163847553367 0.281942549885737 0.176577476139797 -0.108761126433244
-0.157045107648079 0.0654314372298117 0.221782835393423 -0.269650851615523
0.0277225833680393 -0.0716845925517326 0.500618918543256 -0.4009731732963
0.23998410007565 0.0943454746952566 0.555974288779124 -0.257162086155185
-0.317919632074123 0.105538631657318 -0.512552055964356 0.130524829416488
-0.134635494305414 0.23456143870306 -0.64140957236174 0.467210613750188
0.0779807711791667 0.0872528246045808 -0.155282571154477 0.336213079445203
0.00503363249168188 -0.104068632301695 -0.0788586353706074 0.0194163309887203
-0.12753287606166 -0.0174930196043577 -0.230269030461628 -0.0191191687035421
-0.0753892888708248 0.0906764229193907 -0.238801474511426 0.0879610150581843
0.000169184593446324 0.118046557597434 -0.225371510553379 0.0950272885594634
0.00769593760279611 0.126394101748844 -0.252234061181113 0.0455630949338155
0.0163861064251618 0.114535312793676 -0.350949408100592 -0.0045198772782923
-0.0221437793245448 0.107299518337526 -0.376450871727585 -0.0695887736459898
-0.0904811721142521 0.0152767702015836 -0.341401704157039 -0.137844199501375
-0.0109214541250133 -0.124970654639488 -0.259886826911641 -0.170038069690359
0.17153375783025 -0.00487506163230495 -0.182252360253837 -0.164865218137384
0.047464924201449 0.236741484321172 0.0119166487827023 -0.162315083289441
-0.229129309565024 0.208896791586723 -0.0292583897357761 0.320105259294176
-0.35112701482453 0.211540086674648 -0.452478392070495 0.0753280765678749
-0.235557657912349 0.320446276280341 -0.702447137281115 0.45154105080366
0.010176917235177 0.244531322696155 -0.138122441215264 0.408692651420621
0.0511622147251224 0.0656650248421456 -0.0365741310978998 0.00268784563365607
-0.0196800787222582 0.0658447905716899 -0.251936777676643 -0.042388382286467
0.0273556988408988 0.113326627974332 -0.2651405997011 0.115839253226683
0.0951107807750699 0.106447466776098 -0.21888214909065 0.141119997187108
0.102258628135016 0.100196511805178 -0.214277756575796 0.0813743225867348
0.120839335385509 0.0785651295618585 -0.308424741499186 0.0282937117420946
0.123139495904742 0.103665250068645 -0.36633985060531 -0.0355471799764755
0.0597477601317871 0.085988351021034 -0.373823534070494 -0.128512240365777
0.0888576492350857 0.0294903559756131 -0.269230122286669 -0.21760630173591
0.178363977554732 0.136398257594966 -0.139677062601486 -0.207084069498219
0.0285484140906406 0.342225911628139 0.0368188392798311 -0.172773035940819
-0.228086285766362 0.366744250695515 0.0366061974538672 0.243347197218663
-0.312443775881227 0.317881885271576 -0.346739278506605 0.00906269629968716
-0.253483818259422 0.385057289126796 -0.697824370319232 0.445402896433309
-0.0284106246458104 0.371820907272546 -0.0960047532060857 0.507493863356186
0.101172885323779 0.243607898899466 0.0287352699190443 0.0377528486654972
0.114427373270598 0.160211091070348 -0.22553076645005 -0.0274206730329778
0.14981542886821 0.124606909386611 -0.243003113641892 0.151340781237981
0.183412391115905 0.0759759467330336 -0.171328132435925 0.180971769976808
0.178871865378655 0.0611392264415094 -0.138164952568126 0.101700882108218
0.197772588030221 0.0351749016700442 -0.221990679122298 0.0378958902070942
0.237957848515743 0.0842922983053225 -0.309147148384589 -0.0228363925914243
0.197368413831394 0.133844528347446 -0.361283874728712 -0.125462101680879
0.196933360095458 0.174246025807317 -0.261617902314332 -0.264660756287263
0.178864311341795 0.278084542840154 -0.102968699218647 -0.277928361422858
-0.00586219537803698 0.419062051934493 0.0810618215990948 -0.233582328696623
-0.206462199489873 0.463042773912058 0.123462030029074 0.124715898487886
-0.206222367978265 0.397280802183362 -0.228694520871583 -0.0752798630486575
-0.180957821246947 0.417038573371212 -0.624302099798611 0.434861791622447
-0.0120455268598417 0.443496247256554 -0.0120117440281749 0.567886615941507
0.165645764590821 0.37992999158436 0.102831990084161 0.0873213808130371
0.25721290364116 0.231010326684701 -0.151627919446658 0.0251130270803201
0.270394429935603 0.112635858964296 -0.162562503785062 0.191385806153074
0.251685103327702 0.0277230212504157 -0.0805803945577517 0.207191524609013
0.225635417687725 0.0137122038022669 -0.040086834177197 0.104897299937968
0.238142258937162 -0.00499925673742969 -0.114571551551435 0.0283669731662041
0.304528827312488 0.0601934650638781 -0.217117349521643 -0.0307211051211964
0.294621887249003 0.164762176872348 -0.298902770479085 -0.136855311742145
0.273175511859877 0.29584509626993 -0.21486625894454 -0.307302857580284
0.152866929160746 0.387592682451374 -0.0531371120888592 -0.351659832285823
-0.05587392406435 0.441877623650038 0.142364069965607 -0.318028747294034
-0.165832602272182 0.483768998507175 0.222523061575277 -0.0125874150364827
-0.0670750905137702 0.405915361377235 -0.127246002191496 -0.177255468540941
-0.081048816355558 0.365445282143111 -0.493825146300955 0.397901196094734
0.0121081020314017 0.432323072967582 0.100081091231291 0.546779770428478
0.215832205378309 0.442019298711652 0.166019243642534 0.116646711959718
0.364268612293355 0.250302390388515 -0.0425871906641052 0.0934143405761836
0.349957538811301 0.0724999139053121 -0.031158799283916 0.221318097823202
0.279037780986529 -0.0283855879588306 0.0423015940721806 0.207084399281707
0.237223864597468 -0.0359064434529622 0.0645657905959606 0.0894086212541839
0.239812311688469 -0.0390135491424773 -0.00611775124828677 0.00984486799708736
0.31689117932654 0.0349820026581784 -0.109345367768594 -0.0466505235778718
0.331334884715741 0.180433694675309 -0.194098220005403 -0.149851478580717
0.279381882193899 0.378907065772218 -0.121058859905086 -0.327775696893293
0.07431709257514 0.43178099819908 0.0244378006638577 -0.396706444814098
-0.107475671178423 0.389500254955456 0.219579818769133 -0.391144199854165
-0.104715797692513 0.429627426977078 0.324073730137427 -0.140173315289389
0.0603219186325945 0.318671869291389 -0.0527125312410496 -0.272803724850117
-0.0248130346281509 0.229343505290041 -0.338463664853474 0.328818484099931
-0.00313526486102688 0.353584240234955 0.185378422987799 0.441812328402669
0.21832104032165 0.432087890042421 0.19428089066205 0.126330317546935
0.399397053674962 0.212809375065821 0.0796683429252924 0.15609877504443
0.358351559523999 0.0135107364375691 0.124370516689414 0.225369888722897
0.259142196639631 -0.0796203571201513 0.173128471206923 0.179622278241677
0.215021995994185 -0.0808876000378953 0.160157141918363 0.0610648246771732
0.209546467923055 -0.0676496100156188 0.0877000033375856 -0.0110532116722812
0.285755596135736 0.00653779213721922 -0.0025430538691283 -0.0589278477320064
0.312143835780224 0.17525625134695 -0.0671929859894335 -0.147706965534925
0.215276928427524 0.407069490899438 0.000987886095898927 -0.301794926844936
-0.0352071633857916 0.381500352174476 0.114655284926493 -0.388295136225364
-0.134269357242874 0.258563221733514 0.309944625157832 -0.42565180394927
-0.0143510221661419 0.323018026772267 0.420087073303949 -0.232945625896899
0.147892505788307 0.156353772836284 -0.00187235637829691 -0.337391158260236
-0.0312782402086611 0.0572928831608026 -0.192089592906763 0.234571719153721
-0.0574006448268079 0.246870098130715 0.210744986810357 0.30914164475137
0.179984128550302 0.366512078899326 0.193051013432396 0.137697610352011
0.354292925450955 0.140741250078229 0.197901119207838 0.196794416570684
0.290407587558343 -0.0450028910713353 0.267018170252777 0.196629511628945
0.192208661069882 -0.113996073707551 0.283988245306211 0.129060032413903
0.161835319592588 -0.113489659961427 0.23457902249633 0.0257725099363367
0.155156300254462 -0.0917718993226008 0.161664333921431 -0.0314716655724736
0.227936307925758 -0.0289316386947697 0.0912738016835543 -0.0659411025826584
0.261905830666839 0.147517646746829 0.0590708004831924 -0.120643407188669
0.117967645137939 0.368202857958996 0.109868245145786 -0.221536528090717
-0.127384568590954 0.249246492974003 0.182065695300142 -0.330036351549023
-0.0947723128362278 0.0848207509109132 0.393888330439884 -0.424423571783255
0.104806307705663 0.195757135290436 0.495133860587668 -0.278600782535794
0.190698000563607 -0.0364446052849643 0.0292561148435203 -0.356260344661947
-0.0646545885481988 -0.0986367069498884 -0.0898773228326424 0.144474144964142
-0.107766525944584 0.131705044174213 0.186884074555649 0.212888696243487
0.115454897737745 0.255592943220781 0.190311138947189 0.166893950035621
0.244114211354068 0.0506063951495164 0.295523865181601 0.205922333941949
0.166468727593412 -0.0865884212765967 0.36524817993847 0.140519335365999
0.0902981745154473 -0.124293385873499 0.352023090210191 0.0676354906067222
0.083435081981842 -0.130182865210051 0.278234998516529 -0.0121505388366884
0.0842806741200971 -0.110221393314909 0.209580467804707 -0.0572519835515063
0.159470289604125 -0.067493006624585 0.167768398580462 -0.0726888260130963
0.202362725153426 0.0996938934693097 0.163567557159489 -0.0740462763203224
0.0327199911472899 0.272132094572129 0.164424271750759 -0.116078895363468
-0.149507064096595 0.074048635328234 0.195562886340297 -0.270618280129016
0.0188573881111151 -0.0718349827442427 0.460559028377746 -0.416062991824077
0.236551721173036 0.0761933009228226 0.527473848442215 -0.285471723228818
-0.304037185136919 0.10773790554749 -0.495959350526391 0.141283830663786
-0.121821980411255 0.229801358873143 -0.604217186772008 0.467222332706205
0.0764840473337013 0.0807709804307758 -0.137323007505127 0.323062974850989
4.49917314122618E-05 -0.1008341216913 -0.0771651547856957 0.0165241309013973
-0.12364114569243 -0.0115767202188141 -0.223182795915873 -0.0118206191071791
-0.0689295378836709 0.0902357651606415 -0.225392952917411 0.0930698761021356
0.00463742421521373 0.113489171766247 -0.211634941705736 0.0980628641329292
0.0139219961879176 0.121333558330435 -0.240128029207199 0.0511951313884865
0.0210712980121251 0.109578602519546 -0.338139431661062 0.00706230961349462
-0.0161036416729333 0.103367010006638 -0.3658671071936 -0.0566332676537544
-0.0864252295659718 0.0193944491655616 -0.334096161950328 -0.123843253019358
-0.0167805595381172 -0.11815597993316 -0.254232083400184 -0.156319253935291
0.164082712216995 -0.0102494140653562 -0.177436267437915 -0.153082548930447
0.05496886053849 0.226583554961405 0.00339149796764986 -0.159520729197591
-0.21418069562172 0.206417861927823 -0.0188993383126177 0.30860700898662
-0.333228335914309 0.210416331684051 -0.438103802557675 0.0861788218475735
-0.217778438784635 0.313920360943576 -0.662028975919303 0.452418719535338
0.0155214675835342 0.233258034198926 -0.118506206446317 0.393485805310068
0.0505725103444665 0.0613329958655719 -0.0378708649455859 -0.000427323646990055
-0.0176811872297952 0.0635332187182716 -0.245979528429632 -0.0328726772932005
0.0297721063199938 0.108475257263706 -0.249252363818232 0.120693102428142
0.095623472023197 0.0997258753888023 -0.20517294431705 0.142669497570331
0.1035693578985 0.0936031920237139 -0.20203514137023 0.0841340691222833
0.120311341826341 0.072492077567027 -0.296146178975162 0.0361938625095344
0.123661694460983 0.0954926192188702 -0.354028700190656 -0.0234471932946032
0.0604488382060451 0.0823794376826936 -0.363880700842202 -0.112779035431447
0.0852523050495143 0.0285674631923467 -0.265316252189482 -0.201211284358177
0.174770816017827 0.125051052814037 -0.138591253632154 -0.194624145561593
0.0370656883012886 0.328756788487467 0.0277529633582232 -0.169408246879816
-0.209444389240901 0.357562992202648 0.042264788186087 0.232373689412623
-0.293685042715406 0.312557568884584 -0.336527915027783 0.0213298639134523
-0.234285118094771 0.377805845070849 -0.659491069137478 0.446814776825511
-0.0172942099241474 0.356376066233619 -0.0747744215393146 0.48512084725235
0.104929265219507 0.230956973029302 0.0254387071924731 0.0314013475629223
0.114570394489745 0.150095242548866 -0.220502329290901 -0.0186980780740893
0.147199262325398 0.115677027469357 -0.227085201966475 0.153702503014319
0.180923269450602 0.0681117967553336 -0.158103790778203 0.180021166448509
0.175996607159787 0.054434428966109 -0.129372698884059 0.101420730919111
0.192434381076934 0.0292909685433222 -0.214329497220692 0.0424320612184001
0.232461903648201 0.0737069525935308 -0.297863348214055 -0.0127501117339229
0.195528121048206 0.123811807981342 -0.351447125404719 -0.109439535425944
0.194590287605968 0.16503846090382 -0.258673951381044 -0.247330234122741
0.179118550111363 0.261363434427562 -0.106045515199493 -0.26343996144511
0.00354723148132669 0.402923018086916 0.0700968805010991 -0.227897327365903
-0.187223717537863 0.448788974613968 0.122850965877036 0.115849541703463
-0.18919862360017 0.385884783812884 -0.223970249058749 -0.0633391165150347
-0.16390437251707 0.405209471069067 -0.58848809654649 0.436464989763546
-0.000340242760921459 0.424406762356226 0.00858016776635454 0.543967368499487
0.171878190253879 0.361062459005254 0.0986723785491035 0.078301553154911
0.253978831716712 0.212912365057443 -0.1484897363993 0.0302113202221324
0.262621705766674 0.0990488470886235 -0.148383298377961 0.189849577166274
0.244436206776222 0.0201569340185318 -0.0695978773234188 0.201930837042966
0.218527860952093 0.00776727960935567 -0.0345020922219014 0.101902651881566
0.230006984931409 -0.00967569348826957 -0.111500396518477 0.0298454927215122
0.295637673566476 0.0492619703338583 -0.209751988662903 -0.0228202756433383
0.289157275924702 0.150795732064264 -0.29151896160303 -0.120237858813169
0.272369642819106 0.278503982982829 -0.216044147153109 -0.289283561051621
0.156838686327695 0.368029919020967 -0.0613829349628521 -0.334774353027174
-0.0437378227315231 0.427670268246644 0.126818166518064 -0.310406467978731
-0.148381051941696 0.466432864578117 0.214671092093506 -0.0192512929334729
-0.0552068610018191 0.391474808651501 -0.128283268981549 -0.163497347719717
-0.0705106333378373 0.352168475168559 -0.46298802049863 0.400328657425739
0.0240840777055965 0.413511723298962 0.114575873631505 0.519300027618463
0.223820202212589 0.419378764615893 0.159707569358847 0.106079382433398
0.358515962664374 0.227471041172386 -0.040851710065699 0.0924618535284126
0.337572900825623 0.0572071180565503 -0.0204524026859103 0.214230255083938
0.268857805596272 -0.0349289572174679 0.048706047111171 0.19910130101284
0.226969323214658 -0.0392473930341928 0.065577504075594 0.0842126778389082
0.230002464883926 -0.0426433769752023 -0.00832504316252359 0.00866952981145385
0.306252055133978 0.0252294112827079 -0.106365909576934 -0.0408223049211672
0.3249605768725 0.163529333695436 -0.191134787974454 -0.134382489128437
0.281851354018002 0.35813594822165 -0.125554209721258 -0.310960933240239
0.0839245800135483 0.411043052832627 0.0105868730465927 -0.379518330064358
-0.0964744810577383 0.378710419412659 0.20104208397824 -0.380914377206127
-0.0913497133099014 0.413816977869013 0.309922943999915 -0.144320820430354
0.0665427305860462 0.304614817747448 -0.0583638902969649 -0.258849352328858
-0.0201209173622856 0.221058236386757 -0.314842029121782 0.330068627548084
0.00590583892341803 0.337777250954799 0.192916443779095 0.417083781662558
0.22631688595683 0.410097194166969 0.18798185924439 0.11490312726925
0.392066207672856 0.191625570646113 0.0808433015266514 0.149474193774543
0.343543635587979 0.000349568273133774 0.129939167320993 0.213168083939696
0.248211121922734 -0.0824801044297947 0.17426896218983 0.167950233379808
0.202707936064941 -0.0821689399005128 0.155646182388589 0.0540189341163695
0.200550989034955 -0.0693984511770825 0.0802148030396924 -0.0145357665703955
0.274145202237553 -0.00156666447199374 -0.00377708129029568 -0.0560276552911945
0.307151847499423 0.158876856719594 -0.0686235049562898 -0.137237031514203
0.221720668471064 0.385953141285115 -0.00746849792277011 -0.290299612870739
-0.0242735634856431 0.367551380084176 0.0983115056714971 -0.373819450354825
-0.125928155882447 0.253390172770477 0.287547784028284 -0.415441561161533
-0.00634078967621404 0.309124852264712 0.400058665897793 -0.236198147647357
0.147030727617224 0.146572049983757 -0.0109385033086348 -0.323224850961986
-0.0313423577039359 0.0559334748806955 -0.17676007655214 0.234569502075508
-0.0481189142578671 0.237369798096447 0.21469983912959 0.290083450712473
0.188506879474506 0.348055181806325 0.187812893675863 0.127360280438153
0.345590794288756 0.122411601820028 0.196889592954677 0.185148246440858
0.276100480782552 -0.0537813514821589 0.267031913392111 0.181307231122412
0.182000059050238 -0.114305123182586 0.279633615539471 0.115806492535618
0.149533046999862 -0.112731357836606 0.22591866490067 0.017875123019175
0.147370497477573 -0.0909524358012146 0.150261709715152 -0.0362172772206576
0.216498259419141 -0.0338825299842526 0.0865664701131677 -0.0661157570716153
0.258604162979826 0.132945394711656 0.053196232290247 -0.116665492702213
0.127055556264698 0.351129766176162 0.0995047703946873 -0.215679331132807
-0.117088701349065 0.242585554051878 0.164544280404557 -0.318354134363524
-0.0931378642362027 0.0846437755756086 0.36908932297002 -0.41580835875446
0.104834417964786 0.184877707796229 0.471670022053051 -0.283619515975213
0.182664003417332 -0.0405446219399746 0.0175368297437871 -0.343748910714787
-0.0664707715647734 -0.0929539250071376 -0.0804376999130331 0.145120441323801
-0.0997728567159002 0.128341037525372 0.188248405897362 0.199254272667034
0.122882064678888 0.241675550554909 0.186602135255782 0.155380235150169
0.236010800298084 0.0390924176871606 0.29231944714877 0.189983646737249
0.155853741790328 -0.0893816229571445 0.359891085872927 0.12391263050358
0.0828866368881119 -0.121478132600616 0.342608279924382 0.0550123969508987
0.0727998609756625 -0.126569018548371 0.266653039248526 -0.0206213302973662
0.0774714260959631 -0.10694470928654 0.19736969362883 -0.062338504809259
0.148458310567053 -0.068997645846689 0.159517787660533 -0.0749855686963726
0.199125294328928 0.0870517975544614 0.154980442589851 -0.075720567806745
0.0418438886695131 0.260406849344618 0.155265127674497 -0.114163693895402
-0.143130363678807 0.0755212882620558 0.178745635768086 -0.261288153603226
0.0136201263255222 -0.0692785910231484 0.43452988781227 -0.409569822910014
0.227841615394186 0.0674304475032789 0.504574924361563 -0.289157168900855
-0.299222487781625 0.105033761083146 -0.490856974185612 0.142279242666255
-0.118307934170661 0.226462946318059 -0.590498895136201 0.459223826975411
0.0745092721097994 0.0786028589214082 -0.132427314512013 0.312840342871583
-0.00205968221091997 -0.0991327156798001 -0.0773867915338841 0.0128226165679554
-0.121818155642556 -0.00929711254568263 -0.220433438339385 -0.0108738519169609
-0.0664056115818136 0.0893158821099712 -0.218370516995046 0.0930286178990723
0.00601864470778043 0.111426379701912 -0.20557907258412 0.0980425744016449
0.0173335188944428 0.118209393321746 -0.234980278523958 0.0510882558692262
0.0234830559076575 0.107348796330292 -0.331855354064166 0.00967431743070701
-0.0126665316208042 0.100975806417573 -0.360564854886697 -0.0530466365185989
-0.0854579346942992 0.0214503715936526 -0.328470897716531 -0.121584116417296
-0.0191001197140215 -0.114404802992834 -0.250368182541765 -0.151288825709418
0.16068180839379 -0.0122642305527218 -0.172311217473764 -0.149258892138573
0.0562001570078258 0.222984116855349 0.000183345790492579 -0.158681963723431
-0.209379927531698 0.203274081958604 -0.0164109803095127 0.302749179180527
-0.328091843342657 0.205516084024023 -0.432728875328007 0.0885909988758958
-0.213482434277414 0.309267061545364 -0.651107787087146 0.447175810546977
0.0163435964311265 0.227650054893741 -0.111882014995609 0.380728261097202
0.0492955206798627 0.05955403599235 -0.0395997878517276 -0.00438720729160909
-0.0175109975383227 0.0624873075001192 -0.243592997578015 -0.0312889554706982
0.0295805790158865 0.106354735130937 -0.242812015488251 0.119993270480539
0.0958388758411412 0.0971918423700869 -0.198303526312729 0.141898424106228
0.105104360637266 0.0918954840862075 -0.196667917065803 0.0832728569282277
0.119989568490234 0.0706876539723365 -0.290872074785106 0.0386436739781254
0.123717749608116 0.092994767602244 -0.348711084608394 -0.0202389701283648
0.0603831991874878 0.0824677991457766 -0.358553189315714 -0.107402495232306
0.083149279541197 0.029843219139249 -0.260856424662775 -0.19491754824941
0.170491922310035 0.120492135389164 -0.134844857233909 -0.190033369784831
0.0386190003375045 0.323599210329489 0.0247088606458128 -0.168302915178479
-0.204202213955608 0.350785145595918 0.0431690903263549 0.227378500724908
-0.289142009743725 0.304911915334079 -0.332076145970047 0.0242692779333857
-0.230142031394776 0.371244867120088 -0.645774103813606 0.442576853169039
-0.0160807562827937 0.347583126257358 -0.0690764598084119 0.471343546832985
0.104610933032913 0.22567567777867 0.02207106404523 0.0274230500768793
0.112615320549517 0.145240666975909 -0.219850375590895 -0.0171221508469811
0.144846198410719 0.111636658709676 -0.22017993651369 0.152849208272282
0.179456386263742 0.0660642408755162 -0.151918798508458 0.178588293598966
0.174773355163251 0.0526457054266336 -0.124008552642338 0.100422724456243
0.19045861505196 0.0288389461641 -0.210889199590893 0.0433150449723798
0.230439531986789 0.0700177233208793 -0.292755878822699 -0.0104527143423598
0.193082629137666 0.121715765409774 -0.344923672061243 -0.102786152590062
0.192701465653854 0.163187182619682 -0.255405233725687 -0.240623574781495
0.17571904888759 0.254312822093598 -0.104543200467282 -0.257037329047782
0.0034498544929678 0.397152084590267 0.0658404813709802 -0.2245846876858
-0.182470933791184 0.440278724135341 0.122063542075975 0.11183917976189
-0.18587798875612 0.379195502002982 -0.221750926159951 -0.0578083564431847
-0.161591644775596 0.39706872955079 -0.575979622427042 0.434572967706425
0.00175281520940438 0.414507697901635 0.014337288132438 0.528324245648152
0.171967653458054 0.352913176727792 0.0938830481614784 0.0731943098215562
0.250191697166062 0.206334543005158 -0.148755265461453 0.030913247189826
0.256604095789785 0.0945455816317631 -0.142425909662732 0.187706222111102
0.241829244200921 0.0190884089184645 -0.0649067912661855 0.199545283615142
0.215982416880009 0.0078495933537372 -0.0315453225372783 0.0997747789307966
0.225877996466868 -0.00936441394566602 -0.111075064161082 0.0301436579916192
0.291695024942929 0.0457740653915763 -0.206070754285567 -0.0207084659125753
0.286238818014875 0.145880737875647 -0.286539349810606 -0.113002829329633
0.270990920276952 0.273768650352654 -0.21318593977415 -0.282127316959318
0.154287926692546 0.359543194526725 -0.0607804414739046 -0.326929109769351
-0.0452685932007406 0.421755867073434 0.122526357505593 -0.304449896367083
-0.145169805698789 0.45637961067574 0.211255156858788 -0.0205041732827907
-0.0548100403924538 0.38313421381902 -0.127169938928958 -0.158031953326032
-0.070790379802334 0.346779191008567 -0.451530149570758 0.398236243776302
0.0252396836889668 0.403071857053446 0.119209993043687 0.504094862378793
0.222888687610427 0.412246831341818 0.154065063854775 0.101270755899056
0.353151312850168 0.218852977436649 -0.0424147907775886 0.0920628759613949
0.329678568614951 0.0524033930121962 -0.0168733915531388 0.211324791275095
0.265783837834745 -0.0343796625571593 0.0511773953479813 0.195845491328664
0.222346084053576 -0.038742558351952 0.0658954355223637 0.0819039698356747
0.226238743681908 -0.0415781127160706 -0.0113893207691917 0.00849202463793779
0.300425952160531 0.0231005406251419 -0.103339847572312 -0.0389905096192301
0.321020066123194 0.158706272303422 -0.187870405464098 -0.127306326681608
0.281487238114714 0.351517635761715 -0.124306965753359 -0.304719793458222
0.0830268955328085 0.402949780949883 0.00909867550672313 -0.369998095935109
-0.0970060604951994 0.374096194301054 0.1962229828456 -0.373542442068549
-0.088886798199719 0.403867017227616 0.305172572617295 -0.144135052647454
0.0660340657455188 0.29904817720498 -0.0582270931305737 -0.252051945542641
-0.0220573685638716 0.217148184816396 -0.304215932630346 0.327608289139991
0.00668436030878514 0.329227893218352 0.194020506369981 0.404855078436589
0.228752195215584 0.401328262031981 0.182370304044008 0.110995252590359
0.385632728522113 0.184562650823952 0.0783303681362572 0.147339128030082
0.335505350858959 -0.00358909433599954 0.131462985121166 0.208713733821588
0.244052888884966 -0.08206572638741 0.174288335671265 0.16481859219218
0.197046524386938 -0.0804565816298008 0.153640550493042 0.0522858351329453
0.197134828953236 -0.0674107607111248 0.0755282537462374 -0.0141925559070586
0.267561212419813 -0.00212982553574461 -0.00332037237343924 -0.0545976016329178
0.30373918206254 0.151833813992879 -0.0679980334852825 -0.130130342550014
0.223225862443436 0.376827067916817 -0.00898657746997886 -0.283769406204807
-0.0234646328468135 0.360197771555329 0.0938106049421809 -0.363335008246602
-0.126407066195775 0.250171318555131 0.281813369804337 -0.407728752156212
-0.0066374443352477 0.300991222549745 0.394769993641304 -0.234731963367214
0.144527148592618 0.143571886476437 -0.0124541924633946 -0.316306125966254
-0.0325366554350681 0.0554948675995502 -0.16955596334307 0.23431882479846
-0.0475809544063441 0.231840196695352 0.214687028827196 0.280857390927258
0.1916621477959 0.340388150385566 0.183250143433649 0.124118253659012
0.339941547521766 0.116388413615189 0.194844136056487 0.180487337757117
0.269017522730971 -0.0557385251379377 0.266015540097609 0.175508229694769
0.178397964561365 -0.112787150443992 0.277974367680031 0.11251898349693
0.144068271662023 -0.11018337662899 0.222223014745367 0.0162014691044007
0.144224413736361 -0.0893740300629763 0.143734033249772 -0.0372212038015907
0.210501384067062 -0.0336707064627068 0.0850951695187461 -0.0645580653778652
0.255601903681627 0.126286919249655 0.0512226622856995 -0.112011217607741
0.129804106780406 0.34264178174652 0.0966415240841594 -0.211130909103843
-0.115178078817917 0.23911280966023 0.159169048644425 -0.309053913672337
-0.0941349128147575 0.084430200217678 0.364525103224699 -0.406779201382975
0.102978346247308 0.179869126762849 0.465155728511201 -0.282172487782981
0.180135510461597 -0.0409110188957881 0.0156312654887157 -0.336324217468336
-0.0672924281202716 -0.0901772585163122 -0.0751997664083072 0.145984558633076
-0.0980597823734504 0.125255126128528 0.18795716070311 0.193094371037453
0.126136931183102 0.235645922678354 0.183073231840151 0.151961733737855
0.231802641105491 0.0353284064189059 0.289572403562198 0.183995565849122
0.150487715157498 -0.0897009734180561 0.355976865525323 0.119151999318003
0.0804377737167611 -0.119340072407146 0.339364247386325 0.0514605229201002
0.0682341444243694 -0.12389250686185 0.260868645155084 -0.0215026536750757
0.0749413218882706 -0.10463311238837 0.190070499320216 -0.0630569414292128
0.143320304518836 -0.0680134207946114 0.156657115036555 -0.0749967092818334
0.197008200066447 0.0818536105414364 0.152315296036469 -0.0736307815759508
0.0451950782564452 0.255017391110337 0.152581585094649 -0.111911011196791
-0.142011553129756 0.0754120871144685 0.172471261297259 -0.252033101267185
0.0107787265514694 -0.0671422103918203 0.427529336490908 -0.40128323632233
0.223552316418906 0.0648364664558269 0.496840937827502 -0.288261886415361
-0.227106430950613 0.218558004161809 -0.398416704517091 0.350833163480871
-0.00171053531888339 0.252349976153399 -0.336589395011154 0.679225639476035
0.104064206496809 0.0402668224084191 0.0189802861446937 0.332352042617622
-0.043107145218414 -0.086076610057488 -0.0728768129671194 0.0390543311912217
-0.111137247204631 0.0456302170494159 -0.209479863736952 0.0923852860712647
-0.0204545075304341 0.110521798130939 -0.155373241409118 0.183383313616988
0.053161505790073 0.0979602967073584 -0.140616674318276 0.18337084867631
0.0689625211433109 0.102510023099072 -0.191541355599733 0.150361192593525
0.0674888408815932 0.0874603931971795 -0.299029973993249 0.158530190892301
0.0313526296400039 0.0986730606913417 -0.354100925889397 0.113202480555757
-0.0711339241695893 0.0594917245984551 -0.353583552761647 0.0283141260245759
-0.0706905406665836 -0.0945628765252005 -0.284948872348865 -0.0338924642423542
0.141418732548896 -0.082887576767509 -0.215190102066844 -0.0548057027470157
0.150789550892665 0.178654765694933 -0.0821532657934294 -0.141678056727282
-0.101728490224426 0.289560644587108 0.10446195521943 0.270204097612504
-0.215565136552657 0.322284866720235 -0.362681932413411 0.281575708424053
-0.0544472002267951 0.366571490641619 -0.393726818540206 0.69780390275723
0.111391895217674 0.19708922366693 0.0718191439204104 0.390118134222582
0.0672134253682794 0.0321947757861684 -0.0387752521759372 0.0104448996433788
0.0118502961896148 0.0672391204853566 -0.235667766163186 0.0820423595042541
0.0742569472068184 0.0857557733438421 -0.162758031278057 0.216680370518214
0.129009842565917 0.047551177883341 -0.111514072133052 0.218397592450955
0.139623456321171 0.0411287313549556 -0.14105760022648 0.163129401865874
0.141281053152307 0.013584075635415 -0.248281661586603 0.166863275337465
0.154169222276507 0.0324319454290647 -0.325427955140081 0.139611629727877
0.0910107790265332 0.0536681710744027 -0.374776393743596 0.0619115599093914
0.0846638220705278 -0.00870688579047532 -0.319904839817693 -0.0586484144783439
0.208103999305638 0.0362974197160671 -0.20527875645993 -0.10650422680353
0.176521247803212 0.280160516557934 -0.0687881609456169 -0.160978624999597
-0.0303347007719621 0.423380957941732 0.118839907446808 0.174345233920343
-0.142721965136421 0.398485829403633 -0.291397774037186 0.181363792931216
-0.0460388210795059 0.429885897913304 -0.389091794294808 0.693568400379169
0.130417518042741 0.317249048828403 0.155428704800855 0.455744789762853
0.184945572906838 0.156859758111629 0.0394274193777251 0.0163939232150501
0.163375086035747 0.0869326088756168 -0.202632549862414 0.0821058759565724
0.180782956246565 0.0419813685012007 -0.1269343806958 0.234427281977505
0.191281374630189 -0.0155012608887836 -0.0508523144618418 0.228881693161497
0.18904820499919 -0.0230492416678278 -0.0659350666360943 0.146728718082881
0.189301270658698 -0.0535505770097135 -0.172447715280452 0.136652471006708
0.243508066055577 -0.0328646683814002 -0.268114925934226 0.126701208235674
0.232393276908954 0.0323452783974123 -0.360354486035199 0.0671906441358617
0.24273540131905 0.0632606120029079 -0.338850911527757 -0.0901001742138235
0.269670297613414 0.158297872676201 -0.21193905370544 -0.177688744348727
0.176405431196066 0.363889544500923 -0.0578281576298926 -0.231807185336187
0.0302072725459697 0.495148907035689 0.137357224694738 0.0356913259636697
-0.0203476738221848 0.424171612577254 -0.218963028359674 0.0572181232069583
0.0242281063789103 0.425599747050033 -0.325800279755287 0.651778059336704
0.172638936817852 0.368640810799249 0.259977254376888 0.472676722369245
0.297833662249498 0.241621841265368 0.131977842896855 0.0289639188307944
0.31218641617039 0.082804879953825 -0.112391088798671 0.0898792940429476
0.275648055195443 -0.022201671443262 -0.0390790990708885 0.228697041096558
0.228370711934242 -0.0841139706514626 0.0396610287195032 0.206819508228811
0.206737922928046 -0.0818761222991803 0.0184448178968769 0.105242469491341
0.206433586326238 -0.102885854425421 -0.0876029239542194 0.0814201793900913
0.288686698165053 -0.0811352156325809 -0.191709572300878 0.0800905242826881
0.32957063993659 0.0147695444969313 -0.310521242679185 0.0382808473568036
0.363320612145386 0.12934546324815 -0.323010088080552 -0.137443482288369
0.29578644786416 0.265885542465813 -0.208121708810438 -0.258358827553472
0.14299735427114 0.407424177052551 -0.040447406408593 -0.330387137386782
0.0728993301040181 0.493030873497817 0.162373327660793 -0.123389209691841
0.100815610982987 0.375989366629242 -0.170225254363222 -0.0797741707819215
0.0835059619412295 0.34164948649565 -0.226903438480434 0.563351276453995
0.187462479267914 0.349179062930671 0.343242788728489 0.405500299881481
0.369550396557654 0.270804073719101 0.203996930699414 0.0300734581298959
0.410399905399109 0.0512349121121167 0.014020028383411 0.0949499498628564
0.322531941489048 -0.0922338979137694 0.085678139149879 0.192360889444133
0.228035256916229 -0.142267918973383 0.144308458821947 0.150232881727906
0.192612368970746 -0.127445870842641 0.0996651983972285 0.0460393404743201
0.192681006000915 -0.132262644445272 -0.00621252320408239 0.0172593901862303
0.287491407080474 -0.106036553733996 -0.106287243253353 0.017799191801883
0.366923855774579 0.00995923495677504 -0.22666092480048 -0.0155389862458705
0.407152930083272 0.192468574630343 -0.256291407441132 -0.192090327909898
0.247497511318054 0.337474988581427 -0.165398725396078 -0.328426895093145
0.0741000184771908 0.385372986222284 0.00146892633846376 -0.427635213003304
0.102903942001099 0.415684833231485 0.198692403947782 -0.272951043903395
0.175287147327461 0.251491346485495 -0.147360273540318 -0.201773765848681
0.0726008292655473 0.205140844450658 -0.126572100646464 0.433953214282723
0.139331504570271 0.290434334690576 0.366340380797212 0.281662715664751
0.371458041400704 0.259421543433494 0.234973944038286 0.0262434719564964
0.424176546227921 0.000930848457766557 0.148766311557646 0.0883479567196727
0.303717516098931 -0.146514955957705 0.218783873226937 0.123410985561042
0.18816100881472 -0.175926948426047 0.241577099479032 0.0658438553997945
0.150645449962346 -0.155918678129326 0.166081367179092 -0.0206488778269548
0.154845515711887 -0.144428710259078 0.0624346392452177 -0.041822833298904
0.24560000232786 -0.11517253501791 -0.0219345426475509 -0.0422227741037695
0.347560259505375 0.0103520885656106 -0.120108127241448 -0.0711912442050136
0.367001630378024 0.240726667491815 -0.145663232711127 -0.22561921888273
0.132030801119349 0.343560501332183 -0.0840579772732988 -0.362513083627725
-0.00560955005759259 0.284187840840238 0.0729881988957537 -0.496202270756039
0.132559638707704 0.28060358769258 0.24861031032253 -0.388598245967027
0.185664850870641 0.0780574639829973 -0.135077000865645 -0.28723501222791
-0.00461998349647623 0.0636525212008098 -0.0470949166900684 0.289341915359678
0.0494714147503253 0.224418029845035 0.325944147459374 0.163641262592241
0.313499248524873 0.219237568306243 0.238620942953006 0.0375494330833176
0.354231861890191 -0.0419781128943235 0.266308250468171 0.0673665325475695
0.219981337642871 -0.167744395984156 0.324234927525219 0.0343450090050866
0.115889265975796 -0.176347748276053 0.309826047688556 -0.0274955846622905
0.0869436815413186 -0.161792151805827 0.211969609457609 -0.0833280783697042
0.096656621947159 -0.1423124034981 0.114667951313055 -0.0940692571486112
0.179325865599463 -0.120048079894877 0.0532190164262845 -0.0923705277632004
0.291889540861627 0.00482236723671188 -0.00386679182241254 -0.108911350766456
0.268563714018017 0.251506515192968 -0.0189564581956469 -0.212147287469218
-0.00434198942616082 0.270432285133264 0.00172242660138669 -0.346191283382326
-0.0466426339273242 0.117022776159949 0.157215773839205 -0.527810615636843
0.181164296865437 0.116886323590765 0.299118777528141 -0.45437305790017
0.144966287548288 -0.105402322468469 -0.123627447450523 -0.322967547011767
-0.0962727081490028 -0.0542665230377247 -0.00416923984752554 0.167920702810417
-0.04023113907861 0.148939672076644 0.258180627884509 0.0978923379700001
0.212167246074479 0.152197730246081 0.245446389928316 0.0623517574161952
0.22189971811074 -0.0712690932462269 0.349573974207976 0.0302615963707751
0.0969389734059452 -0.148296761016583 0.377541015951732 -0.0554210291694276
0.0234000418916905 -0.141400779970912 0.335860461405155 -0.107792467650695
0.00883955484891938 -0.14272829752995 0.229440669091038 -0.135063347848794
0.0260692836985604 -0.128408434561093 0.144540345533264 -0.139226953785228
0.102087910930552 -0.12255082260932 0.112915208384788 -0.135508527239664
0.219105010933229 -0.011431882277479 0.105250304022909 -0.122800027994468
0.154500066383231 0.208607616285236 0.0775559891053262 -0.154086380885612
-0.0984888761497468 0.129813318128577 0.0447673097218756 -0.30230562778803
-0.0144041315231389 -0.0695580221842011 0.225445684398087 -0.545264557548073
0.242194437355164 -0.0450335671169837 0.331332844434787 -0.465412558347762
-0.228548580984958 0.229837392813609 -0.399965266209799 0.372426810510661
0.00665142627230955 0.258697546514251 -0.326494123347926 0.703082483723001
0.107919130827198 0.0382973010893601 0.0265439871692604 0.334317393897332
-0.0484551266933958 -0.0867909423394819 -0.0783859001081266 0.0400951917352779
-0.113190247931345 0.0505387120796528 -0.213870182099624 0.101516599133763
-0.0170616586693241 0.113912228486724 -0.152326993535221 0.191624726036186
0.058105964395172 0.0980601889074346 -0.136337675399437 0.191532521924064
0.0755515930853234 0.101105195837587 -0.190813935103009 0.160086663025616
0.0732646264933572 0.0858116281794858 -0.301040196090971 0.171154615618702
0.036582425606544 0.0985661551496952 -0.359894575475707 0.126558825824848
-0.0700869234730471 0.0653250579200842 -0.362451763180889 0.037890675521878
-0.0761160324129773 -0.0929999279250784 -0.291377776789575 -0.0260861363333766
0.140385787017154 -0.0898191779397759 -0.219495134486642 -0.051986698963268
0.160817233007763 0.177689756591797 -0.0918940823771868 -0.142186191172774
-0.095201045398076 0.298072802593551 0.115308828954791 0.273117325632159
-0.21401738975771 0.336275907612681 -0.365308900838765 0.301463907782918
-0.0460985433375531 0.376652640241966 -0.384399850023329 0.723312703008545
0.119552742788937 0.197523489138213 0.0831637893158722 0.390911346781876
0.0682353172712773 0.0310676410227208 -0.0446066931535674 0.00995043434739592
0.0130288791411573 0.0682181865081721 -0.242525260123942 0.092965066989745
0.0785897515518684 0.085629562637052 -0.159125688671053 0.225783306027828
0.134515586423056 0.0433306204256662 -0.105049419275365 0.226349725708055
0.146525294191536 0.0366438710800647 -0.138202596078528 0.170656294387998
0.146321387169459 0.00894405486759699 -0.248518532781059 0.178794708196722
0.159923300638425 0.0270112617023049 -0.32892047075858 0.153490173559912
0.0960996260262582 0.0535182427007289 -0.38212487430077 0.0745415474365729
0.0869275779359206 -0.00965503395611489 -0.328220172288544 -0.0500226634226881
0.210999849877977 0.0312565128554278 -0.210375116087053 -0.104568481130252
0.190271986373221 0.281998105923891 -0.0783991894202291 -0.162828203717903
-0.0187376689490448 0.432789673997383 0.126834997633376 0.17477073493578
-0.137097020438663 0.411723547216289 -0.293700037564455 0.196116035728354
-0.0366628680976353 0.440121613764134 -0.379236497081658 0.71962545501079
0.142061972626808 0.318673116588627 0.170678416856603 0.456754950308333
0.19264183833971 0.153443265555483 0.0361551027987526 0.0135427311154842
0.167740792303006 0.083677561252102 -0.209974702948333 0.0923123399246594
0.185480221124377 0.0375533992523076 -0.121930476925854 0.243390102387812
0.196769155471573 -0.0235359564681132 -0.0424492468157893 0.236041925891683
0.194497995567616 -0.0302501875817584 -0.0619029140503698 0.15119315127592
0.193245653548781 -0.0604462832287557 -0.172516104876649 0.146261790169649
0.248745549679928 -0.0426497796339348 -0.270602887606495 0.137410351749097
0.24008923985182 0.0270828281695605 -0.365253728952556 0.0810932718453426
0.252360619796013 0.0587117651542098 -0.348812836477074 -0.0820091905188248
0.277762394385428 0.155055070036939 -0.219881264206614 -0.176908454404748
0.191914808025133 0.368870515878925 -0.0682767492931177 -0.234694869023997
0.0429226221896987 0.504066610783257 0.141628014681796 0.0320314517842505
-0.0101864900344789 0.434697226155694 -0.222457336288729 0.0664784289438851
0.033803257829526 0.435341330527802 -0.313740518113419 0.675744034559088
0.185260711399971 0.371175205775946 0.277127258764517 0.470068759451946
0.312799426176558 0.237268930648827 0.131391168325802 0.0248469534866779
0.320284211354753 0.0749882111626354 -0.116531338080158 0.0985917398862424
0.279844445712036 -0.0300982866219237 -0.0321222577197943 0.235948436859891
0.232956856223696 -0.0945670520116706 0.0499070468023179 0.210683926806376
0.211144771200185 -0.0898909557508879 0.0236557189451694 0.106284182805409
0.209017562474143 -0.111278719241892 -0.0869855895824519 0.0873385421340191
0.2942329231027 -0.0925914942491383 -0.193645115116024 0.0872962936308811
0.338217586858559 0.00497845507771562 -0.31365542374923 0.0509758847278579
0.377604519700398 0.121631159451809 -0.333565326297931 -0.131372588483069
0.307599705024204 0.263893284397263 -0.21747905105183 -0.257104533784226
0.156414181652621 0.414965809120944 -0.0514606068089429 -0.336015605705058
0.0863806346086216 0.49971649606201 0.163666719040886 -0.131630486721701
0.112210074691893 0.382446477762505 -0.175927631830736 -0.0745773508046455
0.0918486181730318 0.349143122563739 -0.215723639452969 0.581643634614971
0.19959506968093 0.3506263273483 0.362022123395283 0.399625440846595
0.387489984909625 0.264892603579466 0.20518158462612 0.0237497154628183
0.420780581636632 0.0379091613434006 0.013916020379361 0.100132690502594
0.32638929736583 -0.103585646880329 0.0946602152529865 0.194381766463954
0.229851865033869 -0.153722731948134 0.155078455270217 0.14844289599654
0.194504917369259 -0.135323895076147 0.105012676713721 0.0429884141404034
0.194464638699648 -0.139999384853587 -0.0068956833319219 0.0200410898541573
0.29144268796699 -0.118137911590769 -0.108069566869369 0.0218971339126685
0.376044053845328 -0.00250078338306848 -0.229707264753384 -0.00591640126255102
0.425103189752915 0.183439174649798 -0.267184893712635 -0.188299402330168
0.260652495704414 0.337777227566976 -0.174677838173232 -0.329252362649413
0.0849123147222276 0.396023328130323 -0.0102046421753068 -0.43669403774184
0.112996202157093 0.420276938610244 0.196337085403695 -0.286180469896553
0.186446696997211 0.252607324182977 -0.155840099679744 -0.200548762765114
0.0773304378034961 0.20988111147385 -0.113676067501552 0.4467892582773
0.148475166129319 0.292584830312491 0.382349488184364 0.273939048514022
0.389403005875798 0.252167366171746 0.238040894777937 0.0199533692081982
0.432796175496216 -0.0122378065368215 0.152542718472621 0.0882508092744245
0.304190867186821 -0.159671249330844 0.228839536996126 0.118872572691446
0.18843570317781 -0.186760811015838 0.252039944297092 0.0592424419026018
0.149210079386845 -0.162498417214078 0.170441059289983 -0.0262283360184541
0.153996834462585 -0.151986386259432 0.0613871262252475 -0.0425083422384057
0.248291853602768 -0.125472115847037 -0.0229492835716629 -0.0420241941733341
0.356236758734272 -0.00255183068827473 -0.121986182642796 -0.0659467933984541
0.384174397385258 0.234999440528928 -0.154339467815709 -0.226663007484695
0.142770693378347 0.348268021365093 -0.0937319660469248 -0.365426216559454
5.03733176457424E-05 0.293673297913443 0.0628683804851097 -0.507317562811329
0.141638543512581 0.281405302693357 0.242986607312121 -0.406995066763831
0.192762774342779 0.0740913150327783 -0.146342921941443 -0.288639131640262
-0.00488379506322103 0.0675243599704874 -0.0361983515516172 0.296087823809292
0.0549671437029322 0.228196265533869 0.337289468634479 0.154040222727358
0.329682380972412 0.212319160432561 0.242877348709726 0.0324334381154785
0.360530263268504 -0.0558959431220385 0.273252734129153 0.0616872099706216
0.218440566627772 -0.178035395423278 0.334290095201229 0.0242550139612678
0.112925806734098 -0.184778317743947 0.319134464282619 -0.0387037045155954
0.0830909457458088 -0.165635363486254 0.214526246969197 -0.0926391077025775
0.0943838998818405 -0.148948228873763 0.11265728488667 -0.0974503368540375
0.179102146719888 -0.127419841651992 0.0521012401368862 -0.0963900621536327
0.297767471720033 -0.0067864129533821 -0.00486132240172614 -0.109010393193321
0.285051023127168 0.246962653839981 -0.0250175627477119 -0.215741433863386
0.00205882615562545 0.277799974386149 -0.00591363225643788 -0.350061198557771
-0.0460870637615678 0.122669088662209 0.148181369600992 -0.544009290932457
0.186150376652875 0.112926902159127 0.294592971109955 -0.476091967389454
0.145313176515872 -0.112839870414156 -0.135804972172627 -0.326363344265028
-0.101594520351889 -0.0505079980403977 0.00371807704771104 0.17108798638335
-0.0381291625872439 0.153669767610286 0.26593856557259 0.0900788879068446
0.224288474999484 0.146057811847335 0.251776764016069 0.0582678410207789
0.224038576135624 -0.0812087185985114 0.358810437396117 0.0204192583688645
0.0933261145821084 -0.154189320527174 0.386730097426413 -0.0687937772978836
0.0190542133848893 -0.145616348102035 0.342053837866487 -0.122371976726475
0.00328003881192838 -0.143959853653305 0.230241536417116 -0.145111945375053
0.0225209791204264 -0.131727442817077 0.141564535542392 -0.145509057417273
0.0996644732247591 -0.127404517631545 0.111247057508896 -0.142295091330572
0.222277647405506 -0.0217724833590392 0.105386544339478 -0.127316025384533
0.16608077865818 0.207770267236747 0.0763286968736032 -0.158519958070199
-0.098130446812145 0.137190780247969 0.0395252289797796 -0.30541087347009
-0.0176076653853199 -0.0693894031544136 0.219502409943193 -0.563097879751884
0.245633255643264 -0.0537320976062946 0.327895086075947 -0.488653695639452
-0.220059646606843 0.244992389999985 -0.386548373761719 0.400379330602097
0.0220641869602715 0.260106831568159 -0.293343335079514 0.727132356917368
0.11217935451063 0.0326356041313084 0.0424736431883755 0.332672730812826
-0.0553137115459434 -0.0849088966243521 -0.081752302753222 0.0434451217430759
-0.111352264192298 0.0576833947120334 -0.213189014254247 0.115696215106805
-0.0102781489626796 0.116359859078965 -0.142892032246969 0.201682751141605
0.0653889369232378 0.0949085464883295 -0.124979132116792 0.200261461722546
0.0836549234997482 0.0955216817596111 -0.183371215362742 0.172033714782196
0.0800679593471146 0.0805999866439691 -0.293608455217103 0.191168110215824
0.0444310621123432 0.0965368518675615 -0.356916426774809 0.146721146198554
-0.0658083047976778 0.0716582998347956 -0.366941238524815 0.0582804668006847
-0.0823980446729042 -0.0881978430888391 -0.293034065821958 -0.00989984057684187
0.134782401692328 -0.0978561034505454 -0.22208739502481 -0.0435418809563216
0.174082319533348 0.169439391193762 -0.104056653531932 -0.138565158339081
-0.0797461841223282 0.305132785524065 0.133034384096961 0.26924865414811
-0.19923269329708 0.351042066878772 -0.354807994435306 0.32547497371873
-0.0265143030542784 0.382036955110827 -0.348718200505139 0.748741651785653
0.131674599622829 0.191569188487993 0.101779819960517 0.38453997175579
0.0691320070915024 0.0267288780393904 -0.0492632469098285 0.0105396447715464
0.0153720415502243 0.0687520858800615 -0.243263640914616 0.109267453722278
0.0841266544047338 0.0830223525233086 -0.148446512419606 0.237329373447433
0.139200348162823 0.0343425916423335 -0.0916647806969124 0.234943058675819
0.152132393725364 0.0272945457708614 -0.129237771435051 0.178989710137875
0.149470703673885 -0.00035410867517102 -0.239809719092701 0.195536453076019
0.164236571761067 0.0167226273055695 -0.324623168069156 0.172330597323547
0.102016026981996 0.0499824709968466 -0.382321756843197 0.0967104296081927
0.0879294622327709 -0.0130558656001544 -0.332415050731271 -0.0324863496325173
0.213064208035415 0.0206705534124714 -0.216352311037653 -0.0965363564693079
0.207173080554653 0.27494522205544 -0.09046973069457 -0.159033624097009
0.00230662868876333 0.436674243996001 0.138874693297344 0.169790673762745
-0.117515816899654 0.422400951044727 -0.287654002425926 0.217193345385475
-0.0141707942391342 0.447213753704338 -0.344463158458246 0.746812566862995
0.159966199425967 0.312528107384692 0.193885684306203 0.446322551804498
0.2019932877909 0.143626991822242 0.0315131072597685 0.0103958118257894
0.172733533113078 0.0754019561582787 -0.210578411369824 0.108576350650321
0.189212267643314 0.0283360070598293 -0.109497932859234 0.253454437291454
0.198365066199431 -0.0363270859895706 -0.026779929764182 0.241064074131357
0.197200999794349 -0.0425498467389285 -0.0529271791881797 0.154247552111475
0.192725860529186 -0.0720764987180485 -0.165069526309871 0.158495715137071
0.250532345974161 -0.0585179361217162 -0.266096876348651 0.153116625843505
0.246055777254109 0.014786046693428 -0.362639519602218 0.103186294539977
0.259975296646596 0.0461738798444534 -0.355998207935276 -0.0638169077726372
0.286647294274301 0.142700922963413 -0.229506074454225 -0.167455233822904
0.212182275250422 0.362557308815637 -0.0830997357785231 -0.232227789309979
0.0696360247355751 0.504984246651099 0.144843596996036 0.0242511839019183
0.0115366002241464 0.438980943798387 -0.220078086333924 0.0807198631845259
0.0546147175588066 0.438963022685335 -0.279637212844319 0.697718493842025
0.204704795553819 0.36321492172334 0.302613762264656 0.453906899849075
0.327102198102161 0.220881396422681 0.129039010186057 0.0164940921457158
0.325713099868141 0.0578634812913122 -0.116487126706673 0.110844549970251
0.280433004734606 -0.04565741248775 -0.019241493368736 0.241072147198991
0.230126472112867 -0.110170177543602 0.0651135466060605 0.209072552567872
0.210124672309572 -0.102510364376907 0.0317782859800149 0.1038699282667
0.206168579754433 -0.12392568551068 -0.0831464563775943 0.094468456667693
0.292614299238146 -0.111797002862519 -0.190632800621092 0.0986953957846979
0.343633733621052 -0.0141521678098573 -0.311204074292862 0.0708916312736425
0.390126890962095 0.102254952254989 -0.34288313097194 -0.11426144499063
0.322277442454365 0.251456438754949 -0.229950472573494 -0.248230119140332
0.180796918885313 0.413344604679279 -0.0708669478513642 -0.335970731750833
0.110498188425362 0.498786426426372 0.157825553043102 -0.142974872912869
0.134682272148369 0.37908507072957 -0.180798400503985 -0.0643358159829985
0.109169315908857 0.349731630870455 -0.183809879541091 0.597502762774538
0.218072136685249 0.342948249275358 0.383608622063292 0.378887708295128
0.404927128612338 0.244997376542657 0.204603370238015 0.0115531938585968
0.424971720621605 0.0146442473438523 0.0161645260108196 0.104400934175103
0.32287927643031 -0.122275320991287 0.107254467040705 0.191750208970373
0.224404466967763 -0.169588489414381 0.168242855354372 0.140637467111095
0.190494835383629 -0.146491929541759 0.110077051823559 0.0355365801276045
0.188838160142874 -0.15134518705696 -0.00502179470326061 0.0225778394727056
0.288323664375853 -0.136032042460368 -0.107024026117667 0.0282147458360645
0.379653586065169 -0.0239034685216876 -0.228235967332694 0.00886825493841944
0.441262334753629 0.163063263269148 -0.279422318348841 -0.176738585004565
0.280168011682546 0.328612218844236 -0.192060512086491 -0.321387038818752
0.105883453555327 0.397832114498246 -0.0331785037176884 -0.439612274771573
0.134262574668331 0.416498455726105 0.182794016137478 -0.300746262765526
0.202172905513837 0.24373448281558 -0.166622245870342 -0.19303503145365
0.0867931707737074 0.210490184645834 -0.0879241840222518 0.455317213410906
0.163431740645387 0.287570501644064 0.399108369480569 0.250679079821838
0.408629361041279 0.230975992894896 0.238442191192109 0.00736108354220328
0.435834272562004 -0.0385271914564579 0.156027771461382 0.0830575961076127
0.297765578577103 -0.177482232417831 0.239066279485455 0.107214908834307
0.180554924022164 -0.200339514190299 0.261287034145406 0.0437542215731618
0.142841481306164 -0.17047361885329 0.172024111210611 -0.0370529155431841
0.146734270383613 -0.161006241015814 0.0597265546921072 -0.0438943057002103
0.243350801238223 -0.141108940981953 -0.0251383441931041 -0.0410263885602119
0.359079260824192 -0.0239657632863717 -0.122337309358799 -0.0576521302441333
0.403597810359275 0.214166122657733 -0.167346043296039 -0.220362890423008
0.161059621205841 0.345399138320106 -0.111265243166843 -0.361665836966056
0.0143857795333026 0.299159395888513 0.0382734700452876 -0.516080519116892
0.154874850591326 0.274717012011472 0.224072555067194 -0.426349951240511
0.198616695278117 0.062952866806009 -0.162019797440241 -0.283590395030476
-0.00315151738257323 0.0709821579453038 -0.0172064331098284 0.298865214376937
0.0658456972181798 0.227597972629559 0.347386359181714 0.134424906760231
0.347367527982231 0.192463788298599 0.245819158804936 0.0196969279956102
0.360729752214472 -0.0778334385268789 0.278447355684641 0.0478014283074815
0.209356627344189 -0.192165492175963 0.341248541364106 0.00519563651515802
0.103787237823417 -0.193701836704599 0.323201698289273 -0.0591282996086503
0.0741014995448185 -0.169828853293097 0.212325255792644 -0.105978250268553
0.0863685202749306 -0.155149468792711 0.107361350320841 -0.102164145281513
0.173086553224356 -0.138485458692546 0.0477602876068813 -0.0999735671004033
0.299554966922625 -0.026108916975357 -0.0073148856605457 -0.107609402415951
0.30270379338167 0.233044563802201 -0.0358311587811336 -0.21533088358176
0.0151820181268939 0.281833458271507 -0.0207834794456852 -0.349203215689762
-0.0416228714499981 0.128416659594851 0.124527129730073 -0.556664977299558
0.192476706414808 0.103500330051869 0.273470211555907 -0.499715432634409
0.140821701014935 -0.122887090569246 -0.154278566566792 -0.322356594327942
-0.105772117465148 -0.0438099262800407 0.0164125747349826 0.169837189522232
-0.0317332127308943 0.15796611151402 0.272318879268225 0.0744414301336338
0.236482413044019 0.131324503451867 0.256344580654443 0.0458208309328758
0.22065657478451 -0.0964260619983082 0.362545031022095 -0.00059543471631764
0.083936779643871 -0.161061349808426 0.388234511979069 -0.0929395017779649
0.010258427377425 -0.14772945237777 0.341494316740175 -0.144382531138873
-0.00632880095927187 -0.143222299776249 0.224791091812693 -0.16018675728816
0.0147212805668107 -0.133889390805817 0.132705726536704 -0.153318415032956
0.0931025852043578 -0.133134431578538 0.103984302487822 -0.150218536696513
0.222489149367024 -0.0377282858206052 0.100961463009187 -0.133443623399478
0.180743120286628 0.198957166346843 0.0701024050236631 -0.163016317696748
-0.0919209394814365 0.145649288707454 0.0262168512414918 -0.305689619808203
-0.0228817736581894 -0.0686011242198855 0.194578540280958 -0.578898324812588
0.24363345131349 -0.0674009320926049 0.305109614884808 -0.512662308229579
-0.203220512408693 0.253474422449953 -0.360375377120357 0.418125969505558
0.0379818462586975 0.253031200891145 -0.246460591810437 0.728483809614683
0.113084478446947 0.0242364160217006 0.0578463560632831 0.319624633809153
-0.0611134277439623 -0.0798537753475103 -0.0816716540732357 0.0459677222580546
-0.106569207641705 0.0643174725969633 -0.204561821054454 0.127458224624725
-0.00264095856018455 0.115370064855502 -0.128184098572614 0.206678563268565
0.0711897204446499 0.0878227615236955 -0.109931678576115 0.204250816300592
0.0892195609291924 0.0869308771335955 -0.168985921882396 0.179489670907137
0.0835096570780246 0.0726726504502746 -0.275973959480045 0.205371574933509
0.0501078990049356 0.0905107719190007 -0.343404709652553 0.164424545199503
-0.0586488976521287 0.0760812491582518 -0.359212475167061 0.0793682220552311
-0.0868755620181587 -0.0800449711492405 -0.286015789672298 0.00652316734033943
0.124756104634894 -0.103876677036258 -0.219316738836218 -0.0322171108041083
0.181947512672908 0.154941968432611 -0.11331134723903 -0.128157043419691
-0.062439871453339 0.301743708535453 0.147250588384294 0.256641171796933
-0.177685278394921 0.356683865273905 -0.331258087435921 0.342040908576006
-0.00423594825735828 0.375862422053178 -0.301074347894555 0.754045686602442
0.1402436223979 0.17836737562909 0.117959748987257 0.368744837252885
0.0669011550243337 0.021588044511389 -0.0526299414950206 0.012464316794238
0.0179486878926747 0.0671568789062111 -0.234942700941269 0.125414224951194
0.0874979536351693 0.0769626384212985 -0.13201761472477 0.242726794140076
0.1396653323452 0.024395208718625 -0.0739420019967875 0.235743978768249
0.152803319074496 0.0157333639893746 -0.114626054353116 0.182519306526381
0.147671100740332 -0.0103819403609755 -0.222766768193972 0.206446076293442
0.163434396511598 0.00530601805330021 -0.309270931706706 0.187683713845405
0.104425986104584 0.0436309149630685 -0.369539476750033 0.118856384817968
0.0856749744838582 -0.0165829266843651 -0.326428666774069 -0.0128165077112947
0.207856662674583 0.00957550755605915 -0.216655167229227 -0.0851229731358506
0.219352572546097 0.257487643621264 -0.100024080449092 -0.148791660713479
0.0260395581624906 0.425954745720909 0.146685634438317 0.158119548618498
-0.0916956683656465 0.420936664168086 -0.269393921077236 0.230890366207413
0.00943109770196564 0.439894957973454 -0.296026216601014 0.748506558579756
0.173441892606888 0.29501126757063 0.211697592753099 0.421825672505288
0.204379152560928 0.128671774661373 0.027472324856767 0.00694310430743855
0.171542377679462 0.0641813103724568 -0.203512149953875 0.123060033981216
0.187175373075734 0.0170661007387395 -0.0926126279342294 0.25650988581658
0.192509004823579 -0.0497386841323158 -0.00966686794164682 0.237467381144459
0.193020974655111 -0.054990060810257 -0.0419881061122613 0.152705055607888
0.186030838256879 -0.0822938360419064 -0.151181731149306 0.165402526332091
0.242496254428905 -0.0741422680901473 -0.2520718019892 0.166401885375475
0.243030091560094 0.000578952749491858 -0.348035042951821 0.124369935151149
0.258849215483961 0.031421953890157 -0.351987087602101 -0.0426016645670671
0.287817142455297 0.125498384601173 -0.232807766854481 -0.153225685021108
0.229415685290268 0.344787822107883 -0.0963956459623925 -0.220819496406283
0.0929198128264759 0.48920322219118 0.143956186668349 0.0160093491368448
0.0348269299151683 0.428920742042434 -0.211224850608136 0.0939569259010348
0.0765297808377781 0.429414781145611 -0.235322229637348 0.698799994046864
0.218945220289611 0.342979744838434 0.317221085040652 0.423545098903463
0.3330358906291 0.197724733775921 0.122439727894306 0.00803040529300661
0.321098027760141 0.0379235926101723 -0.112078037412052 0.120288917571499
0.272137864840015 -0.0610401314736149 -0.0041797116482796 0.238873104144382
0.219941854141209 -0.123328156255522 0.0791787680413976 0.200920671700438
0.20237059128191 -0.113770426930952 0.0378789861499592 0.0970945875754257
0.195969943640442 -0.132604322724928 -0.0746551397128568 0.0977423800741783
0.2812603049517 -0.127471165121757 -0.181211999884141 0.10878768372024
0.337482584218885 -0.0339550733122757 -0.297576359270766 0.0889426536209932
0.391092635553548 0.0773575889772552 -0.343840303829759 -0.0932485376080138
0.32780806212701 0.230618016493769 -0.237057957629962 -0.230544640147127
0.199495297892178 0.397205012123244 -0.089053568064515 -0.323327724201125
0.132891617972509 0.480031738764504 0.146921083535549 -0.14893347208719
0.152179828922535 0.362545496256652 -0.18029378260508 -0.0511782442984992
0.123596609139085 0.338740939398561 -0.146928656294278 0.59409032154254
0.230737461733416 0.322565075311237 0.393090688963682 0.346176431427195
0.41210866565952 0.215225831441303 0.196967146784643 -0.000285497778129032
0.416343809033782 -0.0106350987642668 0.0180915304448569 0.10632800756931
0.309336388062311 -0.138968259103458 0.1176028537077 0.183045047711619
0.209940841351281 -0.181797035021291 0.176125964876489 0.126324892261587
0.1805531092698 -0.154667481914442 0.110339436456844 0.0261943005593671
0.177578422550435 -0.159560820585079 -0.00328681864105235 0.0236054395333376
0.27423068218916 -0.150580442565342 -0.102655713077265 0.0347326342361226
0.372050818311439 -0.0468001060687379 -0.218912203582796 0.0234566225991624
0.445182523895212 0.132714026703576 -0.28381192643141 -0.157077727531569
0.2914476154981 0.307514398762575 -0.202774617882152 -0.304884858051695
0.125085428027042 0.386678863902661 -0.0557728117375975 -0.427763794870495
0.151519924455028 0.399516032038266 0.162489099831183 -0.307116973926276
0.21111896406698 0.225729992403239 -0.17333173573057 -0.179124941755495
0.0945912280853473 0.204061583247305 -0.0591087380148987 0.449704677178833
0.174313123776028 0.272760307361495 0.40207715782487 0.220722474926262
0.414488069504787 0.201296362114273 0.230773082030961 -0.00691810187433999
0.42484262490855 -0.0624124500960887 0.155505116503188 0.0767359114802838
0.281055759982269 -0.191649582273216 0.241862628916766 0.0916525861595334
0.164754793931163 -0.208554657176284 0.261899951157583 0.0255826024862407
0.131424287514292 -0.174629638283571 0.167084371518639 -0.0483360352377168
0.13537784304571 -0.165404315405447 0.056323458157897 -0.045087201217802
0.229771996307258 -0.152543938545614 -0.0262298569883931 -0.0386459941101841
0.349772583698662 -0.0466414032385192 -0.119327269893263 -0.0473145789773189
0.410843233795064 0.185001580706443 -0.176248615117867 -0.205686738696694
0.17625611967301 0.331348676930353 -0.1254135679089 -0.347027894444872
0.0289799156696468 0.294282191711498 0.0113065696365878 -0.506615461541816
0.164972557318621 0.259461182255175 0.196825250482427 -0.430445874971981
0.19787213319861 0.0497659522383964 -0.174475770846588 -0.268471638503165
-0.000206943133017806 0.0726651542622853 0.00115648240580959 0.291312527515484
0.0759729737646415 0.220136565079874 0.346142330553096 0.108292742985357
0.352384546244361 0.166473545185619 0.239521644388088 0.00542028624294884
0.348403074846262 -0.0982783721433202 0.273685358276875 0.0328360074249651
0.193176387312728 -0.200770551348753 0.335941919212285 -0.0159984546599495
0.0901946918650067 -0.197168152241704 0.315489720842208 -0.0803984677507933
0.0630556936726814 -0.169263041509676 0.201697683445243 -0.117370563005116
0.0752446470550446 -0.156469200178 0.099635055929367 -0.105000745404455
0.161408756145036 -0.145194673944241 0.0412295715762339 -0.100614812939743
0.290961423695855 -0.0455334672020049 -0.0096461609816891 -0.103474328392489
0.311879813760713 0.208122500801202 -0.0472188293614338 -0.208980346678512
0.0304189361843441 0.277510472874139 -0.0364823824854766 -0.337950191593404
-0.0353366134409645 0.129051883015587 0.094488142116076 -0.552907670835935
0.192086019520437 0.0896652497111192 0.239951901602267 -0.505186271458063
0.130551745762143 -0.129343453973842 -0.16891418594923 -0.307399016289188
-0.106944136660878 -0.0349017772798491 0.0271681301384142 0.163306555235572
-0.0234100331366312 0.158068090907006 0.269856394597814 0.0555503091926081
0.240899972114507 0.112031324132114 0.252371827810487 0.0311553399086757
0.209942647728139 -0.108485866315355 0.353442959561548 -0.0210059862131117
0.07167303768573 -0.163006426782108 0.376888421965997 -0.115713854761546
0.000966025414946947 -0.146162473855516 0.328296208244133 -0.165391929626509
-0.0156455136291355 -0.138060179145053 0.210891001093452 -0.17020293498137
0.00572844372508763 -0.132643055080486 0.119938849972059 -0.156579333373136
0.0828781969822789 -0.135050412678806 0.0938397242581851 -0.153653211583056
0.213839377686545 -0.0525452238257932 0.0943764706401632 -0.136023795158434
0.190767573038628 0.183467740235011 0.0605309534410471 -0.162345432895999
-0.0818571479162597 0.149148360332024 0.0112846083337591 -0.297107491354697
-0.0275969045527067 -0.0654780848251424 0.162816727419171 -0.576728886563092
0.234198110242113 -0.0796653693070626 0.272231201293221 -0.521953919682832
-0.186946896973199 0.250414241248422 -0.334585033118467 0.41548613403981
0.0458845603488904 0.240471013538304 -0.211814776116028 0.706316407245311
0.110303944707036 0.0180248253914317 0.0649253333798791 0.302239793828622
-0.0629798136852301 -0.0747233177504374 -0.0807071307969333 0.0457352071554969
-0.100646521250999 0.0664278046988349 -0.194185457000826 0.132128925799511
0.00191211434925987 0.110932582669406 -0.116477029171918 0.203567265088232
0.0716315872526779 0.0804401536065422 -0.0960782292931033 0.199643543999893
0.08987952603812 0.0784672141858207 -0.154756935578953 0.178960531694797
0.0825709590892949 0.0650660359779712 -0.257874561369836 0.207735005648034
0.052928619862814 0.0833597099535898 -0.326182589811716 0.169828518052473
-0.0514706255130205 0.0765373095979172 -0.343268110876146 0.0895070129814707
-0.0868287570035381 -0.0718838026139135 -0.27192204199688 0.0148152681884452
0.11542222522516 -0.103102091513375 -0.211665409942259 -0.0258502854886751
0.181537979339142 0.141562817731582 -0.11596904259699 -0.116714876654459
-0.0513716880386332 0.291011976038554 0.151478771468219 0.240495682884483
-0.15827096910674 0.348170591532367 -0.30805441062222 0.341342425537829
0.00767838495810122 0.360951000256775 -0.263899084839157 0.734104640179676
0.140930590467061 0.163752249857294 0.123901422866711 0.345595901664354
0.0632885164297721 0.0180590989444592 -0.0542411799692695 0.0120961548418373
0.0180798359195255 0.064632080737844 -0.224805211197331 0.13249571264478
0.0871216046180674 0.0712044200222902 -0.117506630664912 0.23903199731314
0.135077587065083 0.0163357592670751 -0.0599727491234509 0.229872893918248
0.149074373938106 0.00770468168606376 -0.102554715917657 0.178570058650747
0.141862514016658 -0.0157694850609151 -0.205471575861561 0.207053118813512
0.157888238518605 -0.00276769567452072 -0.291794823721787 0.191454646302882
0.10439174599098 0.039489935753117 -0.349914256290198 0.128815339145146
0.082556250097178 -0.017750597239436 -0.313190778573255 -0.00275663966698961
0.199299075209369 0.00316085536169685 -0.210426049624437 -0.076539909023019
0.22012387097525 0.23939875608534 -0.103893310789239 -0.137653687106163
0.0369417943805996 0.407400260411103 0.147497035390883 0.146940407954665
-0.0744677396630824 0.405814540079474 -0.250886098511417 0.232013291546606
0.0224712821399949 0.423622085317469 -0.260302771670959 0.728386929047985
0.174932637839417 0.275145272223275 0.213790472762712 0.394922175251096
0.198828252016457 0.115773640096334 0.0210468194215439 0.00460251104001758
0.165575801414275 0.0563892751161647 -0.193957706402175 0.130821231673301
0.180556063130314 0.0102108271080308 -0.0794695821386658 0.251806814266356
0.183846343061372 -0.0560228054952768 0.00215397898220906 0.228273351556332
0.185637079609293 -0.0616946326549356 -0.0336441538102336 0.14642153903204
0.176595051133446 -0.0857544972157485 -0.138108894042648 0.163934488954475
0.231328944802819 -0.0813289375317326 -0.237071397308254 0.168953442327744
0.236431390659872 -0.00790085083698871 -0.328182958674458 0.132611768110645
0.251401083013543 0.021041833279858 -0.339063802062659 -0.0290649077410417
0.279809400487415 0.112410609432401 -0.227901076375337 -0.141179478599437
0.231193102616832 0.32446983680935 -0.100821987909868 -0.206959126192196
0.102733998378815 0.466311658804814 0.139845574724302 0.00995437489982892
0.0466537343479943 0.410277823703038 -0.198760677115496 0.0979542568851681
0.0849182860437776 0.411698459381882 -0.20374724365449 0.677833154767483
0.21955221517758 0.320650076734797 0.314717361963784 0.393131363894333
0.325432546326319 0.177590576082872 0.112995840424694 0.00255156130552161
0.308287537710704 0.0255042201179789 -0.106444572262312 0.125961603744563
0.259581865659645 -0.0682338549774187 0.0047542813188657 0.232196549020044
0.206648145183662 -0.127997264701681 0.0852806935692063 0.189141932873945
0.192273200373681 -0.118193501230182 0.0400345115503384 0.089543999272889
0.185047687648227 -0.134423960241135 -0.0672248088571507 0.0971791240729867
0.265424772606579 -0.133849770275741 -0.170041447045275 0.110656170539631
0.324710758091297 -0.0444874097083881 -0.278823773579785 0.0966595426282254
0.379638530787111 0.0598096411281895 -0.332958517494762 -0.0779352386002217
0.322080986701532 0.21245785384191 -0.234060198872736 -0.215470443962404
0.204265030420594 0.377236917562006 -0.0960832173616908 -0.306241420817622
0.141487044894774 0.455605642881993 0.135866210461387 -0.148787157299594
0.157795269325934 0.340716140035103 -0.172989039564808 -0.0429827683847654
0.128256634454336 0.323865179549542 -0.118818133231357 0.574407380575703
0.230425571297025 0.301391784852545 0.38659255723613 0.31456283221718
0.403522076776884 0.191756356533591 0.184005392215072 -0.00754091747175411
0.39884469496818 -0.0248374410940749 0.0182559155869707 0.107106307495287
0.292125133795609 -0.145051922276502 0.120275980773605 0.173515605065169
0.194678769315056 -0.182941362281415 0.176389245061218 0.112995425510274
0.169101840903345 -0.156034357614675 0.106673869688723 0.0190689145974305
0.165315302531125 -0.158310573818919 -0.00127858294112897 0.0235848133426072
0.257811919721134 -0.155835676136802 -0.0970314722080271 0.0373814214312053
0.356401074709388 -0.0589065867236775 -0.204975011203135 0.0310061643716329
0.434592357647873 0.108948561576614 -0.278865278706223 -0.140746174715543
0.28898351554917 0.288167008863884 -0.202689116702599 -0.286053210619207
0.131975853292914 0.368958052483602 -0.0663928725996963 -0.408032961394409
0.155968221772966 0.377288497505569 0.14610407293496 -0.300296799612553
0.209754977716892 0.208502931547438 -0.171948803288785 -0.166837897371703
0.0971443110462942 0.196052675824863 -0.0425788573125806 0.432054815987965
0.1748018470614 0.2566282290191 0.389983363288939 0.194549100740524
0.406369013482459 0.178244914284829 0.216745381159889 -0.0140047943265705
0.405922758840061 -0.0756826697388107 0.149572048721891 0.07332545206534
0.262352685291591 -0.194502315336539 0.236517908818355 0.0804581289081184
0.150259423940439 -0.206940294142053 0.254083399955224 0.0118357005788944
0.120527527827912 -0.172028632579693 0.157543972897322 -0.054482901087889
0.123583922025463 -0.163376305241741 0.0529149740638025 -0.0442002141722325
0.214428166407004 -0.155409360282667 -0.0259774668485875 -0.0355095567687024
0.333666755786992 -0.0589122621631997 -0.111981526441797 -0.0407640281168316
0.402952192873588 0.161207001786911 -0.177459452064203 -0.190927318309004
0.179449510291193 0.314414905561821 -0.129161706845869 -0.326896131058577
0.0360260099304179 0.283494908649322 -0.0037277556849841 -0.487607544649743
0.163940733785103 0.24249698540223 0.174898510394027 -0.421245970389256
0.191169618529997 0.0391316719274571 -0.1763984742165 -0.251950023066797
0.00150282189625107 0.072402376584966 0.0116417993821644 0.278051149040196
0.0791952532154005 0.210460621284657 0.332889219541177 0.090563883170057
0.345389693885528 0.145798683826678 0.226905246246832 -0.00226770253950671
0.331109849298065 -0.108026640193268 0.262059220472222 0.0248314186918578
0.177051723564168 -0.200119687984625 0.32313574465964 -0.0277301153067947
0.0783628128088005 -0.192726886967052 0.302023625615261 -0.0919516340559672
0.0547849621882386 -0.163731944471619 0.188961611643289 -0.121161104100748
0.0659316058676883 -0.152677382419248 0.0915498425859333 -0.102977514547157
0.148797665121207 -0.14552175155659 0.0368120713895912 -0.0986024645159095
0.276514268960376 -0.0563965000342208 -0.00997550270236704 -0.098853663563324
0.309380710322435 0.187287512769424 -0.0516925215189745 -0.197820044376126
0.037671917241475 0.266832851640813 -0.0434781252659005 -0.321073804536761
-0.0315632031991547 0.126477768761074 0.0738840285627252 -0.533254207030139
0.185548240159247 0.0789171713339837 0.213068466111521 -0.494891889603462
0.120644627227263 -0.130227874183682 -0.173768703321379 -0.290415543338697
-0.104092960269127 -0.0276818423777945 0.032263666164588 0.153599794266954
-0.0181438743720321 0.15414591884216 0.259171234842155 0.0426216935310943
0.235846350034657 0.0966456747472094 0.241359258887401 0.0218167960090679
0.197578672487632 -0.112504030727386 0.336731215411571 -0.0325669609266554
0.0617536922020119 -0.159177995655628 0.358438050829295 -0.125798775844083
-0.00550204497981261 -0.140436299851317 0.310577851805883 -0.174165372097285
-0.0204530190512069 -0.130361768758602 0.195254210670826 -0.172294790412029
0.000147130704947114 -0.127141221114233 0.108601589127161 -0.15304571382101
0.0742368253074129 -0.131776734997338 0.0841414254272876 -0.151548072483615
0.202300240301047 -0.06113385413696 0.0878469874241646 -0.134203989913665
0.191465446176438 0.167689467336963 0.0538659626623441 -0.156914962359681
-0.0745942884041589 0.147646193429837 0.00460374378367325 -0.281710895790053
-0.0299919501946251 -0.0616941508982397 0.138625721187659 -0.560141108317094
0.221320647582873 -0.0840905139568962 0.244181060213459 -0.513019716608013
-0.195579122912359 0.234768780573815 -0.340102097346346 0.395096650502582
0.0384930578858896 0.23158294235912 -0.232089663191089 0.665484714913741
0.11057747240141 0.0207443462237053 0.0456067320148004 0.282484192293364
-0.0573867812140182 -0.0733494958333263 -0.0871486163380008 0.039106264805072
-0.0987451585045528 0.0603367269501068 -0.192774761868736 0.127026554024565
-0.000751760769225999 0.108584383548104 -0.116498938705034 0.192008122791141
0.06525907235092 0.0815637387400019 -0.0950514009885697 0.189004426563609
0.0851619611463151 0.0799674995226254 -0.151359351470612 0.168335000518028
0.0768561004164423 0.0673900710340118 -0.25480450482085 0.194541945385728
0.0481032474019718 0.0841364530754269 -0.321539238737432 0.157010473163923
-0.0534363865533994 0.076281166146444 -0.337425850920752 0.0736376471468673
-0.0855265059059528 -0.0689144478419255 -0.260091390714387 -0.00343958589892716
0.112400398974226 -0.0958006551928964 -0.19517776772346 -0.0346578212952814
0.170628683562067 0.139673540097316 -0.111185158977103 -0.109995958524315
-0.0552984651782635 0.280732246091294 0.124301688364404 0.237586523526018
-0.175455571496986 0.331325224184534 -0.304378663043489 0.32486793459077
-0.00666037983913508 0.347291700614117 -0.279474517679858 0.690091620822006
0.130029520254022 0.162798274083228 0.105623848994312 0.325383227973773
0.0577051027360708 0.0210768367384879 -0.0546816108152195 0.00577076906661653
0.015491606534317 0.0656803797084296 -0.218742349954129 0.123001237547343
0.0834619251121724 0.0738803013199464 -0.118355467233462 0.223925987123206
0.129249684043889 0.0231602937214133 -0.0604329604214274 0.216707467486256
0.147346125668114 0.0136030192293988 -0.100484424364888 0.167233670693954
0.138338817905372 -0.0090893414581432 -0.203341551916027 0.195261367628894
0.15423525181803 0.0030518292766304 -0.286129176893636 0.18003269859243
0.101581072991604 0.0448101626650533 -0.340475401513011 0.114798850114325
0.0753802780856661 -0.0111712198981919 -0.295561673410928 -0.0140749606118302
0.189126919249319 0.0114530909255209 -0.193763881564395 -0.0785287363344909
0.204439882535352 0.236780235018231 -0.100265611382334 -0.127464634905646
0.0255981207126346 0.394541135264636 0.122054665461044 0.15164796035681
-0.0977074502480531 0.393741688848214 -0.239449619013557 0.219285011313151
0.00111429787851052 0.408290194634432 -0.273776456682637 0.684189082774438
0.154833293150232 0.271445315577515 0.194268694081758 0.376287567828135
0.182861344858031 0.121074271349899 0.0238707294060186 0.000673521816349866
0.157045616583922 0.0650062820224876 -0.186666880389541 0.118106900716555
0.176363880059129 0.0190587954921084 -0.0824037634881267 0.2351041700675
0.18004660567041 -0.0446338558298589 -0.000541542951732159 0.21460429635687
0.186910188801965 -0.0522507696495018 -0.0330746687673514 0.137126639703907
0.176301587501016 -0.0756815274633253 -0.135573416007629 0.156168883965774
0.228570616579975 -0.0715569393055742 -0.230018087099631 0.159559936406047
0.232696945327718 0.0023526383170641 -0.314003449687525 0.12412068927168
0.23653577733635 0.0311009280039267 -0.315143199077028 -0.0337659354085851
0.263274375394882 0.120095586562964 -0.208781848899354 -0.137146179572955
0.212230132523108 0.31969576172619 -0.0961763113221435 -0.193555892886857
0.0878956433136643 0.451892636960307 0.121055505865171 0.0224014003583222
0.020218113099223 0.40389537434815 -0.17983736591023 0.0872868708436852
0.062390883857342 0.402099966252714 -0.218664115266611 0.636679924337753
0.193959816311058 0.31836363965684 0.2910017715841 0.378204646029244
0.30106039409709 0.185846035571884 0.117223296103494 -0.000171042016778471
0.296028862535029 0.0428549993194183 -0.0994600350962618 0.111291954200563
0.255604503320941 -0.0535651367198846 -0.00143176881692536 0.216356867320915
0.205780859894411 -0.113336297437383 0.0799340513340383 0.177233804371877
0.19670559923772 -0.107125397965068 0.0385376408562651 0.0835394198453382
0.186834130850779 -0.122798948857081 -0.0645396131014172 0.0936991177911945
0.264067278366977 -0.122329424175264 -0.161692745057144 0.106288662699536
0.320292275328564 -0.0313367238508489 -0.262074754487369 0.0929752635928577
0.359813635119309 0.0704925451740293 -0.304387036143138 -0.0739043836510593
0.300790050812044 0.219361691181292 -0.212647046817074 -0.204957581578487
0.183283081507935 0.369339339519757 -0.0869434087993946 -0.289521465973436
0.123039489839075 0.441528618360103 0.126890432700191 -0.127687211226135
0.131093154304455 0.345014193444337 -0.148796663592723 -0.0524992118310919
0.108611179191279 0.32153840295716 -0.13558904984976 0.539296265638469
0.204193832409363 0.30287040125687 0.360879971424487 0.307456165095596
0.374299054775772 0.203540101334167 0.188986802796266 -0.00799658289546343
0.385049810245327 -0.00333153625906565 0.0210263092467461 0.0933843634573052
0.288756754341763 -0.126777664657547 0.110173594160972 0.162573288775296
0.197951195114437 -0.167355937416755 0.168177541127491 0.105443123647136
0.176146975196907 -0.145594481505288 0.103509224085981 0.0171186652180285
0.169145085371721 -0.147429468398377 0.00091280410797703 0.0241832657061523
0.257383633316123 -0.143731743931322 -0.0888053617088061 0.0357156785168636
0.351280203382072 -0.0452764177667195 -0.186948571114892 0.0333060259528105
0.4093676421678 0.118742929640254 -0.249082855004485 -0.127934851927067
0.266435978400012 0.290874614253903 -0.181060472365041 -0.269313968502533
0.113876519834639 0.357405174382018 -0.0529026003050192 -0.388212134199893
0.137731454847738 0.364044362773969 0.146922746211882 -0.272114967301117
0.189329810238851 0.21931615573381 -0.145659419754665 -0.175349611873791
0.084726467001652 0.196613866266728 -0.056197756177268 0.408168696561527
0.152617920590539 0.256072961892599 0.369813114273643 0.195253695117357
0.378491456827574 0.18917224696064 0.220758458934609 -0.0128546094831469
0.39362892542352 -0.0533287648369191 0.145397259996695 0.0628783580009347
0.261815001494921 -0.17751565131803 0.223063887032777 0.0776771590358455
0.156587343913455 -0.193181408180405 0.24421398585559 0.0109513202252785
0.128560052193998 -0.162584216277488 0.153593292151282 -0.0512490349705167
0.128053552111893 -0.154752644942874 0.0550839363429481 -0.0399060833932369
0.214577896028353 -0.144949714543424 -0.0184812887170192 -0.0334285952995741
0.328674100904443 -0.0469941038695057 -0.0960424282634499 -0.0326301250339411
0.378433159033957 0.165657276227415 -0.151810932120962 -0.17069690187741
0.158964761666571 0.309572594380217 -0.11074277711547 -0.30674852479462
0.0249354784565742 0.27064296617551 0.0131556340023169 -0.465188302634723
0.149607835842396 0.233401308516781 0.184734490164789 -0.386793122840843
0.182126041749482 0.0529674962825305 -0.151977115265838 -0.260175549744016
-0.00140361875219046 0.070865530574839 -0.000462996603535181 0.265448446447232
0.0619619407869037 0.207523183364685 0.319049666513979 0.0975922979854718
0.322689044804495 0.153328020917637 0.229023721840599 0.00105618720046337
0.322089459083918 -0.0893196004320343 0.25147237665774 0.0218018949396495
0.178912547276499 -0.186809380960797 0.307410120228734 -0.0209432922847396
0.0869602965803787 -0.183283537578935 0.291953897421254 -0.0862676639485423
0.0625515527889615 -0.157478964451921 0.184905879865959 -0.113811759771933
0.0706122975362637 -0.147009984581631 0.0930022745183777 -0.0951347299835269
0.150292484977171 -0.138578674872762 0.0414853798868081 -0.0932306338863614
0.271843672355897 -0.0482154389337001 0.00258177166668305 -0.0869904582768758
0.290299666212435 0.186075123022337 -0.0356203225368746 -0.173181461022173
0.0243955804427525 0.25758870876986 -0.0302764093601008 -0.300499545833265
-0.0342446628242509 0.114840523737825 0.0942857700511047 -0.507900097330716
0.175885711505306 0.0742423565791454 0.231982626304273 -0.455124897583281
0.124377161693602 -0.116722965905415 -0.155051331639403 -0.296289216505603
-0.0981017349471178 -0.0324827113982141 0.0231817773959475 0.151293878961196
-0.02842811042624 0.147575963938295 0.250128493148312 0.0525504851865107
0.219863875180273 0.100234343177625 0.238673349608727 0.0268714403522481
0.193221653262226 -0.10196243531843 0.322266101184654 -0.0267926599062849
0.0646678544801973 -0.152519680430983 0.34381993485726 -0.110263599135236
0.00282704637604191 -0.137145735927897 0.301874245521111 -0.162360187378257
-0.0134169229787742 -0.127875000089508 0.190857626506525 -0.161658118336314
0.00457553424165484 -0.125176528218559 0.10965080952885 -0.144810831283391
0.0764090225117534 -0.127976809787707 0.0877775865141784 -0.144093548426473
0.199574916668385 -0.0552287350662845 0.095639719669123 -0.120141695881865
0.179569365232419 0.164099347808693 0.0611394165710608 -0.134405611142748
-0.0783941060712086 0.137512006343023 0.0147342136075178 -0.264178609164736
-0.0238760517000741 -0.068336464473865 0.164081850128281 -0.531213063750497
0.214539070767702 -0.0819244178720947 0.267121127584973 -0.46975006985366
-0.197173551714488 0.229512509618229 -0.343699404428481 0.387007983221521
0.0353273637006538 0.227984048635489 -0.24023626019154 0.652964705306243
0.109429121224855 0.0196877306401067 0.0397749760901614 0.275954680524753
-0.0577124327236108 -0.0731661664253559 -0.0905644815402513 0.0352476700726487
-0.0992678224460405 0.0597899223474689 -0.193794470566392 0.125590276600623
-0.000774825274471045 0.108251905271042 -0.117440878906327 0.190118814039923
0.0642048032778023 0.0803346955060906 -0.0934405386887461 0.186791745768599
0.0844762531904912 0.0784955067812411 -0.149233860938413 0.163537038532715
0.0755263816513443 0.0671157017525786 -0.253456818596902 0.190557736477675
0.0473883059539244 0.0825497472093618 -0.321804254245837 0.151708712478096
-0.0518678200796861 0.0759056772660951 -0.335286386193299 0.0692891513302888
-0.0845302619058216 -0.0677850414315455 -0.255817376850662 -0.00898097480962619
0.112203979573814 -0.0928510319734513 -0.192436912073209 -0.038167941575709
0.167626801413205 0.138853139271507 -0.110719684057936 -0.108062956762165
-0.0606402152228604 0.277551587037564 0.121394632667362 0.235703630066649
-0.178622135919723 0.323924286105142 -0.306814200931904 0.316934696265619
-0.0122108186711192 0.342949972293223 -0.288550129554904 0.674791532574006
0.125500198589357 0.159874918506618 0.0970998640400446 0.320509735664095
0.0554207614851866 0.0216160434891093 -0.0591020665269043 0.00327927455915112
0.0133160810695989 0.0665631621646572 -0.219858718439777 0.12270735934273
0.0826320512495131 0.0745200459392368 -0.119722968400936 0.222910748385528
0.127752887481971 0.0232823059799678 -0.0597887374252191 0.213797523523649
0.146661468254025 0.0130210243893728 -0.0999632706358442 0.162802937988831
0.138102294678742 -0.00698955034699323 -0.201334900126806 0.191185888277672
0.153200384353793 0.00316540466061429 -0.286252724599481 0.174575978067279
0.102454702916821 0.0465151493183881 -0.337286632827586 0.110607450003622
0.0755448094288172 -0.00904221630332008 -0.291496003406776 -0.0195144567930204
0.186932476702888 0.0148500156699112 -0.19078335575458 -0.0823703578530596
0.199694426857137 0.237242091773889 -0.0988410811393035 -0.12533876371796
0.0163783744965149 0.391131148062791 0.120336765310649 0.150968859856048
-0.103029431797234 0.386553355493807 -0.24062867533858 0.213246326991752
-0.00555757290807339 0.406386703620581 -0.282800087408766 0.67184352489042
0.1470247936559 0.267934414040429 0.182387291108186 0.370862597333201
0.177866985615977 0.121993259235911 0.0183830161263478 -0.000864524422713261
0.153933007794673 0.0677472650694625 -0.188166802228778 0.119716584042224
0.174532820241121 0.0209493715401937 -0.083784157236009 0.234078480872977
0.178236759358737 -0.0434458525496293 -7.78424875026799E-05 0.212489212598914
0.187121547759598 -0.0518936761870804 -0.0341828715865558 0.133668653859814
0.176862200104101 -0.0723377696616133 -0.135466915114818 0.152602265750781
0.227487787468969 -0.069942971744879 -0.230078711667975 0.155826756340626
0.232237597345349 0.00571281497630204 -0.310772140178571 0.118485346183006
0.235221132044624 0.0343983342231899 -0.312226756969411 -0.0383345385286967
0.258692171522314 0.124527286173987 -0.20406475800847 -0.140992873836581
0.20549568006741 0.320196133616007 -0.0931095251476525 -0.191172568214566
0.0761864893025694 0.448662973420419 0.120445008751143 0.0230047675203727
0.0125066337815012 0.397975076018862 -0.179571435599572 0.0838956316499836
0.0541565671850935 0.400648681633558 -0.226399689897802 0.623899004961595
0.185313221790297 0.316510373852559 0.277858651398774 0.375758559777892
0.294755371976588 0.187385329938496 0.110387251149015 0.000416473640059964
0.291706943792403 0.0467984041708576 -0.101919674238317 0.114415945974654
0.2535602657424 -0.0500557306291835 -0.00233481788433975 0.216256285045371
0.204116792740463 -0.110878708099174 0.080030493679568 0.175098387341644
0.1973447469625 -0.105921715807644 0.0361161341680823 0.0810221548565895
0.187460713572704 -0.118425515434279 -0.0643683901976044 0.0913745717282062
0.262467399818798 -0.118892231556271 -0.160746930761717 0.103002672492665
0.31963372860121 -0.0269474517525253 -0.258076470434102 0.0882640440731002
0.356960943018625 0.0736883654566861 -0.30090292922045 -0.0769605263865183
0.294911059105588 0.223021160619107 -0.20689541357006 -0.207077021126066
0.175340391726539 0.370229039828019 -0.0816285209504846 -0.286653039606425
0.112067661110948 0.437634407030972 0.12726813103738 -0.124960320177897
0.122144420632706 0.34166179381848 -0.146535872188525 -0.0549515040692819
0.10169889400377 0.323412124064191 -0.143713897937543 0.530846424715664
0.196254530850408 0.301398342158689 0.349362937785129 0.305971546260225
0.367801696179026 0.205548809995718 0.181552662125694 -0.00555459028954101
0.382259049841682 0.00270448944328905 0.0176998490933885 0.0990349566921455
0.287612548062565 -0.122427845256652 0.108570233055141 0.164151687900029
0.197275767968413 -0.164061924252318 0.166838247495208 0.104291001925584
0.176877476355317 -0.142602413487241 0.100644269458782 0.0167388493136778
0.170612978795303 -0.143074055281699 0.0012020330985687 0.0241769116179207
0.255887929399158 -0.140600817395821 -0.0877048288525156 0.034676402942137
0.348719379923617 -0.0412550736079032 -0.182272314892511 0.0303727538947885
0.405595393173699 0.122342904690557 -0.245439835892496 -0.12951492859191
0.258350162301405 0.291950159494078 -0.173788324632115 -0.26959117443543
0.105729365486755 0.357310644166205 -0.0463882271719394 -0.383782055062793
0.127073526742589 0.360969367336388 0.14975889438384 -0.267067985567956
0.183518115860804 0.218071287761041 -0.141605567970337 -0.176766856112409
0.0807099724493451 0.198788233330605 -0.0623755842381746 0.400903324264733
0.145374831399814 0.256950732858541 0.357845006052767 0.19669549850106
0.373187892183426 0.190555526024219 0.214442415605152 -0.0089644154122243
0.391195442411501 -0.0477913907522486 0.141492996429705 0.0695228804041327
0.260683270098395 -0.172163358057134 0.221619697404888 0.0802390233343821
0.155930114506038 -0.189988653191998 0.242307775783277 0.0104092758867034
0.129985896109294 -0.15955320375921 0.150389056151103 -0.0499481988121094
0.129183620535575 -0.150773023126901 0.0551177267762386 -0.0381095204355698
0.213785525367566 -0.141053965808117 -0.017636091064416 -0.0330524865723918
0.325058296962692 -0.0433247618807304 -0.0904890796387377 -0.0342603402177714
0.374077935102576 0.16578079319819 -0.14815647215305 -0.169594692088346
0.152457688731226 0.310343484489807 -0.102997449689258 -0.304810270977185
0.0194357539198846 0.270320152047761 0.0222145204254654 -0.459877765200804
0.142574690936052 0.231976179361373 0.189367427491877 -0.380648388516117
0.178063638839201 0.0536863031192456 -0.146942443645984 -0.259957814158752
-0.00191780647227767 0.0730014152965947 -0.00458805848051399 0.260927927179861
0.0578380715296643 0.208061994088198 0.310838056868172 0.0988160586835696
0.318936564332293 0.154591898547165 0.222950867964062 0.0051190788809596
0.320357900159568 -0.0855238165218452 0.246951947059679 0.0285690635855226
0.178561578893875 -0.182645798686406 0.305833264562465 -0.0167467483261771
0.0864242975500477 -0.180550575222553 0.289585939567424 -0.0849008213475572
0.0642315619763487 -0.15418170884938 0.181852007344364 -0.110467120022443
0.071328904115262 -0.143557876561094 0.0932243406665086 -0.0925929460949093
0.149445888191372 -0.13456326839173 0.0424153449755608 -0.092219036614029
0.268443223446888 -0.0461929154607376 0.00691248331861558 -0.0863409144100294
0.286124558608156 0.185920767129708 -0.0323620679652073 -0.170142776795999
0.0203187959438355 0.256658735567587 -0.0228262203816279 -0.29541260682832
-0.0371180527856957 0.114396322941284 0.103180014150337 -0.501947249606853
0.170892112051694 0.0755447717126144 0.235934810470539 -0.448052119750441
0.123439930519236 -0.114616953773067 -0.150076917079848 -0.2956136150483
-0.0963710051632054 -0.0317121192576439 0.021002842611361 0.148220477640373
-0.0305401432285714 0.147833539991725 0.244783513951953 0.0543337399075181
0.217507018458731 0.0998423759454568 0.23405721233458 0.0314008317212171
0.192070995013803 -0.099730858027338 0.317152824689718 -0.0202272859459281
0.0639154768691348 -0.149874274811296 0.342533056947875 -0.105907464508337
0.00306375642201821 -0.135620343167078 0.300031293983242 -0.161011964553465
-0.0123650727401398 -0.125540705667349 0.1892380096113 -0.157989050246832
0.00539143640100326 -0.122948985989355 0.109110956454368 -0.140621869266861
0.0766525631193307 -0.125145832067687 0.0879639739694999 -0.142390736704471
0.195598338917489 -0.0546793596542471 0.0978889297336816 -0.11787786191646
0.176948325265288 0.162769655225411 0.0636211939379922 -0.130565999315199
-0.0798958756823818 0.136543198692403 0.0218331136121023 -0.258346393118864
-0.0245521282023785 -0.0673445158074571 0.172720842838155 -0.52319103362001
0.213597414825284 -0.0778937174730029 0.272064624896299 -0.461718831724557
-0.204053824227487 0.231738161153347 -0.356985800848288 0.389570634133949
0.0335059589061334 0.231806417802256 -0.252251210136552 0.659178876843939
0.111092835296498 0.0186635461305938 0.0352169389786558 0.276822768210008
-0.0601611389811137 -0.0742165105304617 -0.0976389458779565 0.0329757764232618
-0.102736725854479 0.0615635312030871 -0.199811949494412 0.128273107151726
0.000126821523364147 0.110700571779048 -0.121812808121354 0.194595221299348
0.065496555268678 0.0817635488181213 -0.0944049248499861 0.189989998152664
0.0864752241006086 0.079367092411066 -0.151756015045598 0.163573631930963
0.076935039381198 0.0688690489354463 -0.259339260850919 0.19125326752058
0.0485016830840017 0.0829674405084958 -0.331367245034375 0.151699923916223
-0.0519733923132694 0.0783653082609434 -0.343458196567896 0.0683087394488493
-0.0862228377163798 -0.06793756746386 -0.25918552791115 -0.01425302667684
0.114759348465767 -0.0928659434663603 -0.195571748605538 -0.0427563341774793
0.169756132827677 0.142098064262905 -0.112889631094469 -0.109908752232061
-0.0671756560752508 0.282777284640341 0.1229090520749 0.240299877424684
-0.185641434317533 0.327213108254555 -0.318116145368995 0.318526025687731
-0.0168634288671179 0.349641937990749 -0.302249433587212 0.681971088255767
0.124267792174606 0.161360652230954 0.0917804747016622 0.323008648416901
0.054461721276828 0.0225424089965802 -0.0657406407561462 0.000609368681891404
0.0120238151889671 0.069269000034753 -0.226518213372601 0.126635099493751
0.0845945448334017 0.0766050490162301 -0.123220179432767 0.227753836125826
0.130130092680095 0.0234192733846496 -0.0590199145536428 0.217031267888453
0.150753738913277 0.0127385059872788 -0.101985348661152 0.162748294390247
0.1417749549241 -0.00600681815719051 -0.206291106986746 0.191791673941756
0.15657545413299 0.00279924325467846 -0.294871644542164 0.175456353751592
0.106067425722953 0.0494166212974599 -0.344555626621782 0.109502305703861
0.0775481028021843 -0.0068897912841574 -0.296353732057664 -0.0242859575829811
0.189946521917875 0.0189144680726247 -0.193218083803723 -0.0888901387425874
0.199941347852777 0.243129627671134 -0.100907191355962 -0.127072869454893
0.00998447075217857 0.399376960449342 0.122622884225183 0.154404111349199
-0.111919769567586 0.390810402725939 -0.248212844280816 0.213805424919431
-0.010589870964983 0.415757938225107 -0.298783025466971 0.67819164382997
0.144712366607412 0.272190742190718 0.176948608764714 0.377838690257818
0.178708248021658 0.12531435346849 0.0127586982409776 -0.00270678289435905
0.155451684055907 0.0722094593119345 -0.194658112539859 0.124243025493482
0.178601896228069 0.0231855695276611 -0.0865307165941234 0.240360750223269
0.181553201819818 -0.0431706926747144 0.00138692810408892 0.215631682332989
0.192654885668366 -0.0533452121132767 -0.0360506077600957 0.133622264738915
0.182327968658427 -0.0720644533912859 -0.138306947505375 0.153393825098248
0.232577070517919 -0.0702087950827039 -0.235851321272522 0.157398446385108
0.239580200738141 0.00881788183505591 -0.315274077263443 0.116921510808341
0.241552026420766 0.0374296618395457 -0.317659056655333 -0.0434463665950955
0.262316862543847 0.131548766144491 -0.206744254982216 -0.148341416192719
0.205119983022268 0.328964754615895 -0.0932389017764227 -0.193971744906228
0.0703245840824109 0.457891422793264 0.123576583870982 0.0240445392269262
0.00528050882461456 0.404935752019516 -0.184145750195149 0.0819804187941427
0.0503095241251886 0.411804046431254 -0.240241706155654 0.632001101797946
0.182464825022313 0.322962831351117 0.27499111952016 0.383531010285465
0.298849463429025 0.19470434076834 0.106638472513361 0.00136991870679508
0.297362092021342 0.0513614119424782 -0.106527245334968 0.1208854348558
0.258974594284271 -0.0487622453469899 -0.00255146082454077 0.222755942710021
0.208550648214659 -0.111283047091793 0.0823585209416709 0.177345369518093
0.203241868302147 -0.107026177205816 0.0357284425305967 0.0813089177418753
0.194243684095242 -0.118487987158481 -0.0660406474056991 0.0920488966414587
0.2686482188105 -0.119891061839779 -0.164984856643405 0.103647476284238
0.327535724314397 -0.0243685209198498 -0.260463326314372 0.0868456865421158
0.364927804706053 0.0777199270066706 -0.306497376445106 -0.0817292134802215
0.297884728613332 0.232557070310723 -0.207252870684257 -0.216189785900304
0.173439818853502 0.379501050415586 -0.0796851447571825 -0.291591851087566
0.105674307264059 0.446933124954574 0.132030054429262 -0.127079155340095
0.12002939181018 0.347579600742071 -0.148426499382435 -0.0588187233962644
0.0982855440239939 0.333439604175565 -0.154836493098205 0.537121074977146
0.193748213178165 0.309133485817759 0.347004770227735 0.315073747961126
0.373605980433721 0.213276881541164 0.17879103786137 -0.00359545128374225
0.389890899854278 0.00734557034865466 0.015053787709726 0.107009849628419
0.294343128425373 -0.122503491263224 0.111106485706781 0.169820429401996
0.201734542747637 -0.165328473189294 0.171257792277286 0.104054818466373
0.18234213353796 -0.1445847478453 0.100564162770331 0.0170186999698592
0.176061437027344 -0.143619819532113 0.00116619575686054 0.0242401777650884
0.261881742670994 -0.140595283718872 -0.089115783550412 0.0347159559836836
0.357703871006523 -0.0389521288427773 -0.183265055797856 0.0277447649757328
0.414101483783845 0.126137795470525 -0.248514552278927 -0.133647535841357
0.260497229419485 0.303081439742021 -0.172168034297843 -0.278394559868151
0.103143990229519 0.368017044525363 -0.0418346526579017 -0.391392898790214
0.122669236176053 0.368339177099718 0.155891634680509 -0.27108981481801
0.18209494754405 0.223085184566509 -0.142082840153633 -0.181857510113366
0.0798378308670576 0.20662628672295 -0.0702349506315506 0.405899314843435
0.144254156010951 0.263460380354323 0.358917919826407 0.202134619531566
0.379738574637319 0.197824073230098 0.213816460137226 -0.00575498579998559
0.4013353396997 -0.0447383741101816 0.141466339298359 0.078137409348874
0.266754244120705 -0.173737691792077 0.22709664518161 0.0847444558369522
0.159122502991892 -0.192384092185522 0.247509178906309 0.00989905887586776
0.134376622640962 -0.161361183801742 0.152574998464752 -0.0495645121658147
0.133425362657332 -0.151026194762673 0.0562976258943577 -0.037992254200646
0.217365287706006 -0.141564241715098 -0.017195058263646 -0.0341489507984888
0.331945799867051 -0.0418483989768258 -0.0886859694057922 -0.0361642987278673
0.381708633178897 0.171251277603779 -0.149236469553378 -0.17263725611186
0.151840594255372 0.319581562188374 -0.0992550715924015 -0.311976923334373
0.0154010331635044 0.277412492343043 0.0279578530008904 -0.467318719768738
0.139825222791937 0.237152916879679 0.196772119911596 -0.386380852159164
0.179878474314703 0.0566214999710518 -0.147152655644163 -0.266993063229156
-0.00279302902132497 0.0771371919403356 -0.00915213780003189 0.264717952526254
0.0553415871390139 0.214228756335246 0.312787146319601 0.104126065589414
0.324112943577149 0.160229284271677 0.223967612671392 0.0088398778839218
0.328524016904839 -0.0853214496796742 0.249187887440637 0.0368427288907134
0.182392213085202 -0.184580361976381 0.314061476539135 -0.0144632348540161
0.0879341845624406 -0.182858263971493 0.295242659621639 -0.0878187614772237
0.0665277753761176 -0.155973493847419 0.185058224960695 -0.110313628805881
0.0737937008387842 -0.144752913958582 0.0950354306419464 -0.0931584103026639
0.152645905029493 -0.135402437847923 0.0439858800429834 -0.0943326426112317
0.272606225644331 -0.0458735287786872 0.0107031912225563 -0.0880955358633355
0.291949724807739 0.190568943993929 -0.0303299875099775 -0.171878009058935
0.0169479628092422 0.263654702719836 -0.0162172030201809 -0.299879373370599
-0.0404651462594409 0.117662986202369 0.112772796602217 -0.51019487212838
0.172513577647118 0.0780690531541117 0.245189570807324 -0.453487238376316
0.125924076723663 -0.115763292844728 -0.149711262356586 -0.302676564759352
-0.0971833558190566 -0.0317922060426421 0.0194804086044906 0.149979548037946
-0.0322133411916022 0.152685546609862 0.246707637678528 0.0567835677054956
0.220797891752517 0.102085675094541 0.235929030892249 0.036126308208214
0.19743148503095 -0.101630635389619 0.321196056634019 -0.0140320130133764
0.0647966159883459 -0.151685472125043 0.351020326430058 -0.105472646782361
0.00261963478184237 -0.137326055451242 0.30519765876842 -0.163883294267712
-0.0118474348543571 -0.126977423774128 0.192798462430911 -0.157528417011317
0.00519649473407381 -0.12481834073162 0.11111121481376 -0.141626031426097
0.0787302702482262 -0.126176922740641 0.0902407118627321 -0.145116035623099
0.19854881683263 -0.0548609347275521 0.103157328554878 -0.120089903364377
0.180699311792843 0.16640862491345 0.0678322727283332 -0.129647437487413
-0.0833211979952558 0.139624958089219 0.0283578385381937 -0.259543760112821
-0.0252235400664414 -0.0686438462142362 0.182988610443083 -0.531319489915329
0.21934211919008 -0.0773397764007396 0.282928685375875 -0.468707672907014
-0.210441066456164 0.242791956861418 -0.368887850499495 0.408186068901797
0.0377389947080644 0.239811094581846 -0.254892498447289 0.684864021080633
0.115692639359169 0.0156273272119299 0.0373454289797163 0.281899992872175
-0.0652426303336593 -0.0755948408215995 -0.106517066653914 0.0335764525141766
-0.10683325033039 0.0676338572556873 -0.206258310850987 0.137163114167399
0.00341640449830335 0.115649732510927 -0.122881450030069 0.205549290044875
0.0702050031327082 0.0837252561785876 -0.0916433927765114 0.198496046878802
0.0928197988656035 0.0799279771556007 -0.153889790005158 0.168833865328366
0.081480815763279 0.069714184139926 -0.265947719103425 0.201709589477136
0.0520821404867076 0.0842160103328867 -0.344630355176777 0.16300935715877
-0.0509328519840955 0.0836970033504847 -0.356345576063106 0.074928722816052
-0.0908874949290636 -0.067479171726286 -0.268355870871153 -0.0141726219741521
0.117650036903413 -0.097213389373177 -0.203365402552033 -0.044837321459785
0.178700061878566 0.144508429419552 -0.119933921189481 -0.110941035281502
-0.0689276441195637 0.296920495696492 0.133010829871087 0.245808794972904
-0.191001384744473 0.340783590615985 -0.328715661020992 0.33349607088083
-0.0144558616455054 0.363538098066785 -0.309837686737026 0.711209304481682
0.129693067822731 0.163203450444578 0.0959003659018508 0.329411777373962
0.0557822128006967 0.0230156127023723 -0.0740975354938227 -0.000243498212561523
0.0126570843365981 0.0743425118457474 -0.23453473735291 0.136953669456647
0.0902608357889709 0.0788903929798803 -0.123995381416739 0.240721769283439
0.135540109103017 0.0216598219196176 -0.0541223903123546 0.225745376987733
0.158298402115455 0.00905554548653827 -0.102476161157259 0.167636521336441
0.148540185358019 -0.00868323365968386 -0.210253544991631 0.201082677631994
0.16313943165662 -0.000278556930493489 -0.305395622128711 0.187654896944069
0.113632091438828 0.0508671508261835 -0.356286349651038 0.117556792261361
0.0815831483669966 -0.00695490264346705 -0.308137919296749 -0.0230145535318283
0.19781611336375 0.0182653979640403 -0.20246356630939 -0.0923501181478601
0.210921199339321 0.25024211558385 -0.106492916353576 -0.128974248105905
0.0126739136481575 0.416894004559392 0.131167934719843 0.156823662354621
-0.113038831684991 0.405503298262655 -0.256966077195191 0.222746481617587
-0.00831615378366615 0.432697922809666 -0.305145295803009 0.706941868158283
0.150652768706978 0.279261590610836 0.183620452635972 0.387250343276186
0.18658625016344 0.129095431810698 0.0072044987377494 -0.00430205819413621
0.161968923572427 0.07451909094625 -0.201616631093463 0.136526440852224
0.186177814488451 0.0211755067183539 -0.0844109883145479 0.253324523663714
0.187452511798154 -0.0483618971431443 0.00831297295566971 0.221895042888627
0.200617875669433 -0.0591616982500328 -0.0349898785465921 0.136453237849362
0.189710833080784 -0.0769402365153095 -0.141287601166807 0.159997945163244
0.240740950596085 -0.0774776535712906 -0.243842517540936 0.167309139805529
0.25179825155331 0.00567152663354727 -0.325589307119698 0.126017463559957
0.252086439238527 0.0358773510220833 -0.330724750282809 -0.0414068400170151
0.274402439056705 0.135069892169593 -0.21747367728955 -0.153771018772043
0.217061917732664 0.340871296690011 -0.0995856304399162 -0.1989432603393
0.0765750939235979 0.476001557713648 0.129396493200918 0.0223964752601347
0.0095009952307486 0.41808924859885 -0.190446952887823 0.0862954632231493
0.0557692532484394 0.430174923562426 -0.244736845371063 0.658319553825477
0.190138340611134 0.331759745792631 0.284336444498623 0.393009444330502
0.312068264534694 0.199019803674063 0.104249149245527 -0.00107275844501973
0.310427172002326 0.0505575585153927 -0.110627125261425 0.132018740997363
0.268757681293498 -0.054478676288105 0.00203559814193294 0.233388488842404
0.214095844873238 -0.119030382535958 0.0908452037224469 0.179814082467943
0.210941694659854 -0.115436205165639 0.0375045259897178 0.0820547673288643
0.202090986212903 -0.125656800083365 -0.066945936489889 0.0955026090653401
0.277717669668554 -0.129185166167649 -0.170113708035319 0.110354643705317
0.342861451559355 -0.0294481231217007 -0.26781063965202 0.0924571538890624
0.381903351342814 0.0752156496065312 -0.319390009475041 -0.0802146730249784
0.312096947341056 0.239677779725168 -0.218526742720373 -0.224176910713911
0.184306262707293 0.395361256572287 -0.0863646303482859 -0.300977689128705
0.110949717180156 0.46316206486441 0.136144701050356 -0.134602260710767
0.125457290656992 0.358922025722056 -0.15615659691013 -0.060574503178475
0.106861519872051 0.347863979614121 -0.156399187176221 0.559042659626141
0.201587039977784 0.319261584155842 0.360246810514994 0.321588170712466
0.392379014935424 0.217030403512645 0.180291809927398 -0.00652877642262722
0.406652582807471 0.00143428162333586 0.015286342380317 0.117093160792851
0.304085795473298 -0.131034000418508 0.119664912514203 0.176475089696153
0.205957669278552 -0.174465417219383 0.18005481552719 0.103522552315618
0.188551555998538 -0.153366209478994 0.103782775007533 0.0160011826841633
0.18283571991717 -0.151258937837378 0.00159533490243607 0.0249718593475593
0.270304181155261 -0.149403386214338 -0.0921235976358957 0.0366756856839839
0.372408839312635 -0.0453688202668902 -0.186587904472347 0.0308180249050435
0.432843209885916 0.124511185137372 -0.260165784913858 -0.134480720419409
0.274082467484422 0.314789029232456 -0.181143134850994 -0.289076976350987
0.109538421700915 0.383796199911127 -0.046309017429304 -0.405804337211609
0.129468112710688 0.380749552154089 0.158822348133139 -0.284456440859185
0.189934883801014 0.229226557259954 -0.149859285636634 -0.187765164227064
0.0856696228782914 0.217237822895476 -0.0704551919787313 0.421613453167815
0.150792828935928 0.273565938658242 0.371670489621842 0.204860772051355
0.399107329400637 0.201556202849876 0.216551776233997 -0.00839559306312112
0.417054117244559 -0.0533987085507651 0.147032590898847 0.0859219388517267
0.274432115260035 -0.184289196145911 0.238662955510356 0.0864729692254931
0.161440146766916 -0.201740150689202 0.256828596041277 0.00278815587995358
0.138092285099997 -0.17027717353965 0.155999701567124 -0.0526936404622737
0.137564949740842 -0.158428935297348 0.0578889737811763 -0.0401717866933452
0.224011435341578 -0.15045848468122 -0.0185775688202856 -0.035640704796891
0.344714561970321 -0.0492450283691766 -0.0892833593047779 -0.036914006568325
0.400011348321273 0.170334638095077 -0.157189064370302 -0.175419829269997
0.16104501102286 0.332772665393645 -0.104920465029409 -0.323258151809775
0.0171709072172551 0.290241318679022 0.024851855941828 -0.485870833468463
0.146106258826789 0.243105856842564 0.200491332649965 -0.403342997931046
0.186618534358438 0.0556235269466328 -0.1555797832786 -0.276484049184319
-0.00105703115238292 0.0826414646182423 -0.00810372705229439 0.27337281790155
0.0601571437677569 0.222834902779487 0.322146453225728 0.102889520052306
0.340602308231148 0.16132078434564 0.229585219457953 0.00764639058142059
0.341634109441382 -0.0951748518234748 0.258674812742561 0.0407999065406889
0.185625892251448 -0.194568971195527 0.326851792294813 -0.0196132067781677
0.0872338668792782 -0.191158946197875 0.304118313846268 -0.0982611523070159
0.0669096640952439 -0.162688873908901 0.18926223033712 -0.115851980882105
0.0748433856560697 -0.150745908904292 0.0961458454099216 -0.0974730566028176
0.156239589893635 -0.14244325703272 0.043999079810874 -0.0986399240748042
0.282065239594467 -0.0528212571096361 0.0125505472138315 -0.0919523066762227
0.307471136434247 0.190952049581013 -0.0324982673075557 -0.175575770500813
0.0206715547377876 0.275519178645227 -0.0185141613796561 -0.30944228338998
-0.0424321674546058 0.124397161375647 0.111651635940167 -0.531144134196856
0.179474774825452 0.0781412334949713 0.249509052444798 -0.474119984714923
0.128998988435477 -0.1223086198955 -0.159323416304841 -0.312195139586955
-0.100713759733966 -0.030377612377867 0.0210499025851449 0.153517612370372
-0.0305841692734105 0.160620761589113 0.254595503600647 0.0550610839952629
0.231982487181842 0.101347700604596 0.244253640734207 0.0361927513761341
0.203550864254924 -0.110118447732669 0.332118916872002 -0.0142146113557837
0.0638481872310538 -0.158414434362312 0.36365976667892 -0.115303443089942
-0.000945909801124464 -0.141714630777462 0.313647758330888 -0.177407860602963
-0.0153795116881152 -0.130427445191392 0.197052277863447 -0.164490152937555
0.00341320641220394 -0.128894658979552 0.111570434125301 -0.147842079513684
0.0794329655406563 -0.132196616723934 0.0907866840288927 -0.152423063014478
0.204617813300182 -0.061984970283067 0.1083838876123 -0.126260178741223
0.191310234590506 0.169114414337017 0.0708289421318883 -0.133330109086567
-0.0854291328249205 0.147000951798709 0.0292645064336376 -0.266169955907387
-0.0283266268028706 -0.070483751155041 0.185287336733632 -0.554333790436728
0.226299916107815 -0.082812868647986 0.289860553375931 -0.490559143212909
-0.208080204857141 0.262277498078128 -0.367083690665348 0.43918527827851
0.0492825817137766 0.246303700203428 -0.238647586386018 0.717133198116105
0.119787174662312 0.0086441290506779 0.0463475605296905 0.284050511259007
-0.0724090668426262 -0.0737325038835129 -0.114618782184754 0.0377180549202963
-0.107622442136057 0.0778322528349756 -0.209929514802158 0.151989086779091
0.0115969344133476 0.119605746400549 -0.117649014530196 0.219551841065563
0.0776200160033903 0.0823534683757974 -0.0815633275915989 0.208027071349723
0.101047637632379 0.0774242933663792 -0.150310207053351 0.17799378491142
0.0881821921964601 0.0685722036122748 -0.264887577401355 0.221092887221276
0.0582399957746796 0.0837707732680276 -0.351955313936048 0.185614393011053
-0.0459998209157744 0.0908806614904983 -0.367544298972265 0.0933155681958785
-0.0975949066786578 -0.0634840697815031 -0.278255530789094 -0.00605159060660659
0.11777029898971 -0.105255647559763 -0.212355624698312 -0.03907440287796
0.192046037993653 0.140965887034042 -0.131164276561354 -0.108211847571302
-0.0594146555185192 0.312873148161092 0.151282197458319 0.2457257685235
-0.185280965467871 0.360429349137399 -0.327916412130549 0.35842383615601
0.00234557453401791 0.377652597592429 -0.291130951674736 0.747775916028186
0.138737450302184 0.161152460773035 0.108304589762103 0.332310250573453
0.0577258617595966 0.0210054328989193 -0.0836744648613952 0.00158751712976096
0.0155154339210871 0.0782788572215922 -0.238134020836076 0.15538195720845
0.098125145199796 0.0780119763594147 -0.116270402001042 0.255823584942456
0.14183843486138 0.0163773169799415 -0.04188918915962 0.233021125536701
0.16590290581759 8.27187691713141E-05 -0.0984708473263157 0.17425050451134
0.155174120253184 -0.0150748521408346 -0.208972643388954 0.215867399092747
0.169219060024039 -0.00943277887077669 -0.309194539671737 0.209081592762345
0.123032525786941 0.0480913299086456 -0.363916273561067 0.13816058036426
0.08429284301398 -0.00966230613474238 -0.320100410648934 -0.0127112805029991
0.206131028627578 0.0120755850816438 -0.215887125587587 -0.0894684500286704
0.228635518030577 0.249878819899614 -0.116604727091078 -0.127220942165733
0.0293202830866677 0.432823794566433 0.144685671496769 0.15428811955969
-0.100432512465261 0.423346530613659 -0.257249038044065 0.240478821159094
0.0105456561612814 0.449547166872624 -0.288814695252696 0.744035984359426
0.164434925481899 0.280687008611977 0.203217522833268 0.390385366204258
0.197727311986955 0.125006116338239 9.71158235582091E-05 -0.00573436964006995
0.171865034801193 0.0715128540209091 -0.204366231673936 0.153641452055307
0.194470191622669 0.013627037792264 -0.0739221476750858 0.26773184112818
0.191276830548495 -0.0587128050652233 0.0220460619876487 0.22582194042604
0.205620150184353 -0.0730340335891717 -0.0304512115950018 0.139759517012572
0.19565740600316 -0.0872751615381551 -0.137436083894779 0.169420083144895
0.246717158987497 -0.0916748228529175 -0.245652059802043 0.184407284148042
0.265439321965483 -0.0050597341298995 -0.330822413044522 0.144204245961599
0.264732228899878 0.0260670879060869 -0.345115885144838 -0.0294162100507056
0.291204352029874 0.129591845647315 -0.233825454248129 -0.152410836102166
0.238351261408305 0.345482142345055 -0.111073824845814 -0.200852181897104
0.0979966068627954 0.489778875698343 0.135665112651503 0.0152762479794787
0.0249361224566813 0.430119827438008 -0.194871436823403 0.0960157001195596
0.0759451921252189 0.444480910052864 -0.227542124533353 0.690456168025584
0.206232351044258 0.335418409083642 0.307041052464422 0.391663531041848
0.332060020787734 0.191334717249635 0.100900469463786 -0.00626038887966891
0.325629295088316 0.039861019585131 -0.110419518426272 0.148084004219768
0.275736880900971 -0.0686195745951947 0.0143441138777867 0.243554088402411
0.215482737568121 -0.133233973907365 0.104198297421408 0.179366607301296
0.213749362071147 -0.131768888721815 0.041743242259895 0.0821868659360996
0.205710677670448 -0.138989495567067 -0.0648462003091648 0.100157815129991
0.281279998118246 -0.146746996129818 -0.170892171423402 0.122434491480865
0.356946774380211 -0.0476329209086344 -0.271709139460833 0.107350121472014
0.401157780562505 0.0595591297295735 -0.334983748223255 -0.0681764824682636
0.335665498111694 0.236606329270569 -0.237519029956387 -0.224084860809346
0.20632886154668 0.404484436346223 -0.100918588597999 -0.306215204572451
0.132750237744672 0.47434614543066 0.135145450355455 -0.145797804619164
0.143227634254999 0.363425819026169 -0.164562946055223 -0.057356385230082
0.126340592747553 0.358293366298447 -0.140316061963958 0.585440260466507
0.218897373087341 0.321680449559135 0.381921615945974 0.316458773590356
0.417413828737646 0.208194296411549 0.180049552186258 -0.0137111280914152
0.423435667591623 -0.0168542834759271 0.0202091473105248 0.127271548560379
0.30935860865093 -0.150230675539621 0.134305839793527 0.178344864921094
0.203695003400318 -0.189360903757633 0.19147366436412 0.095011657431809
0.188674540476152 -0.168352116240175 0.107212666700881 0.0113766555953398
0.183503080369096 -0.164266732826763 0.00290895888550682 0.0246194398139327
0.272521975968104 -0.167033364085332 -0.0932051596505015 0.0424883733714303
0.386348901976134 -0.0662034118122156 -0.18909401782267 0.0394324672089352
0.456252748806376 0.106301483671324 -0.275966153123662 -0.126464375076452
0.29747448026683 0.315986068316893 -0.200814464005974 -0.292296904303419
0.129113636555688 0.395204910872724 -0.0658414638037312 -0.41663750057121
0.147225940824781 0.388965512258966 0.1527117851886 -0.30151727175669
0.205411369266008 0.22620122834672 -0.164526498204177 -0.189615693220176
0.100002627325849 0.22323355063987 -0.0570470644987354 0.438718283896437
0.166480537350303 0.277717718928591 0.388348618846671 0.19637215700205
0.423959705829612 0.189436755387569 0.219548159518765 -0.0172694337369425
0.431638704383799 -0.0767036067578621 0.156141805072712 0.0896701691972247
0.275379604038133 -0.203772781117415 0.253815754078552 0.0788455355221728
0.155763515904923 -0.215695186029951 0.264790350202378 -0.0117832939275784
0.135413263546398 -0.183256697121059 0.157937032087953 -0.0610987434747667
0.136229367754642 -0.169685048704342 0.0575323144386551 -0.0443502300617142
0.224048342977896 -0.165140315190379 -0.0203243767160704 -0.035701227813544
0.355904964905091 -0.0687533803020988 -0.0906159148941664 -0.03556191563868
0.423649905091 0.156110044372498 -0.169061628014125 -0.173119648082003
0.182303555833765 0.339694985485364 -0.121760714727334 -0.329489185143138
0.0290263793109594 0.302218854779014 0.00650991539833948 -0.504362701897612
0.15995511961177 0.24399067015848 0.189928155756707 -0.426124298717248
0.194198838155934 0.048324522515589 -0.174347805114251 -0.280205092232688
0.00341803856574852 0.0869993857757058 0.00205070925281927 0.282677000756849
0.0719089974135868 0.229822824619549 0.334964065612901 0.091889299895854
0.362008595299693 0.149654644192833 0.23407792396095 -0.000482932102151834
0.350863474862995 -0.116258684910406 0.269570831258909 0.0371392619865705
0.182631513469157 -0.210033067058275 0.339007692528686 -0.035335511579598
0.0800706702033453 -0.200736330699119 0.30788770685453 -0.119347051882539
0.06112447254626 -0.171273119268101 0.18904202012609 -0.12739350485477
0.0699127231872361 -0.158989011130637 0.0939658723791063 -0.104011259492245
0.153963336759583 -0.154100880941463 0.0403296534586232 -0.104318519620762
0.288436251990643 -0.0693092405034536 0.011916826315005 -0.0961855381547171
0.328219224763992 0.181669333267827 -0.0396098458270839 -0.177341834860375
0.0338950215030122 0.287083297805382 -0.0300239587766495 -0.318492079114169
-0.0401497767062087 0.132198064570961 0.0932616564829674 -0.553608587299449
0.187593542742378 0.0717153251175163 0.238561873002843 -0.502002814789514
0.127265059027616 -0.132712171260121 -0.178352655671439 -0.317397252813474
-0.105267141998626 -0.0259071768538332 0.0278926404039141 0.156968923253701
-0.0247401121755407 0.16983214214373 0.264272796732118 0.0442635361368706
0.246350304525419 0.0930641283956766 0.252994402379828 0.0283902034218723
0.205513207216668 -0.126132029328112 0.344167136544436 -0.0252408403167072
0.0571073185107288 -0.166170509860086 0.37147837711165 -0.137515757455111
-0.00889829759147226 -0.145878905760346 0.313887024117267 -0.200458356977051
-0.0230537807333382 -0.133511971417301 0.195142406485551 -0.177693192911438
-0.00378075889989109 -0.133963458764226 0.107156615155544 -0.156616860378245
0.0750596579543806 -0.140407886580354 0.0863628700531162 -0.163058551247571
0.207255720289535 -0.0748942286755286 0.109072905526352 -0.136634795293861
0.207654508564314 0.163870719155847 0.0700411337805745 -0.138421393772017
-0.0827723466504917 0.157809203274289 0.0220568065278674 -0.273842281049631
-0.0337195216773679 -0.0714749287963072 0.168016039683211 -0.581380782709902
0.23015406862851 -0.096739977310054 0.27865797947675 -0.518933560893234
-0.30211926430586 0.148548541492027 -0.531842186382845 0.245202803125969
-0.0532684974546557 0.241592433431631 -0.534760280521053 0.541986921387535
0.108964180388067 0.0557958207371361 -0.0878790884653835 0.269249951991378
-0.0334465826446106 -0.0976431597052511 -0.128915880284257 -0.0168149856743661
-0.130419001136353 0.0270521496303781 -0.25742344859932 0.0541148203796077
-0.0385939341294548 0.116586646775781 -0.20147924564089 0.148061998567068
0.0371687472594833 0.112523470609472 -0.161597176760643 0.151003092724144
0.0612814725041394 0.11823542933381 -0.209768753703555 0.0924654268484693
0.0519092276554179 0.10463060219191 -0.335400543053751 0.0859425581093142
0.0176144123862762 0.105162750534821 -0.400893858285559 0.0185520384420432
-0.0809327590948811 0.0683067572266521 -0.37744182110758 -0.0748151530884534
-0.0660760075097061 -0.0955522826095029 -0.248630901109263 -0.136210703168486
0.152331702604911 -0.0429767743693565 -0.1717276009284 -0.132611232758409
0.112220844899635 0.209755493612197 -0.0771137354279167 -0.156154536259211
-0.191234000617894 0.262024896730595 0.0203395341923688 0.289106509980215
-0.326436121609741 0.248665285865878 -0.454687190419992 0.186940119084268
-0.155889762135194 0.340658684747939 -0.595468015668134 0.543143884579065
0.0562569546722237 0.204082514595263 -0.0492951065943665 0.338706794365123
0.0419951209615021 0.0455216756860764 -0.0815915732749665 -0.0406794049460035
-0.0183434719531323 0.0836399833592632 -0.283922067669176 0.0382544922524692
0.0590892631871557 0.115838982598332 -0.218695390413418 0.180170240046204
0.123006068078245 0.079064660701591 -0.135792867650306 0.190768984035805
0.155215548639414 0.0747159340824449 -0.161590844048935 0.111128801715799
0.149679962894489 0.0571119516396399 -0.281270820465686 0.105689565169009
0.15896023019319 0.0667975429404962 -0.368597771115531 0.0590088690463811
0.0936161178252348 0.102115880918936 -0.389919715742709 -0.0309289160157461
0.0764777320118924 0.0322524629666682 -0.282575453616352 -0.154828630616185
0.180263490751155 0.103634369475339 -0.155083057719304 -0.176659674902807
0.0965926793760954 0.327499904265751 -0.0574156290493474 -0.167362355034972
-0.163964455886641 0.411451085789725 0.0551428157659169 0.20204705202147
-0.278586237018221 0.340408948905208 -0.33590886459583 0.105049796027182
-0.18011905262508 0.412535723412595 -0.589680336748766 0.541434950956418
0.0243977491631361 0.324250843513452 0.0120106399054601 0.430036998694714
0.123456469705909 0.198722481719063 0.000572633348880288 -0.0156686207325747
0.127492612184408 0.143892700132397 -0.253395374044405 0.0458272920993206
0.175018989482201 0.0992629120572374 -0.188264280252357 0.207977907576747
0.202876821413141 0.0321665931427944 -0.0771656527364449 0.21085250782465
0.225209581717984 0.023265427940252 -0.0854310949422507 0.10821806996501
0.218859488580155 0.00632725842066049 -0.197719765164625 0.0943128074755081
0.264951011657877 0.0214383459205761 -0.298720327334517 0.0656362587503789
0.248578000113656 0.112542578998266 -0.357948223968872 -0.00585048099489661
0.224531186254212 0.14133303521169 -0.295638656018062 -0.174556114247006
0.205320286264034 0.249883275109785 -0.144697904263775 -0.238958312666133
0.0642375737928672 0.417209357060731 -0.0216441748978131 -0.232890358941473
-0.127892718363868 0.49250128284944 0.111514810297957 0.0725249771892443
-0.168658270327793 0.404325338780705 -0.213281408924267 -0.00208047179537231
-0.118327334751868 0.43680509709513 -0.512944961239225 0.521156875702018
0.0385770906586395 0.391793922692387 0.107004398329239 0.477235081980511
0.217629179786314 0.317806282598481 0.0944084544758479 0.0262790347256493
0.281530646036027 0.182012611305726 -0.165234520845478 0.0748737417602477
0.285844899844706 0.0582412973000498 -0.0978795792766564 0.223044433716996
0.257411062567895 -0.0255894956737921 0.0175314768938285 0.204320372875667
0.258223703169585 -0.0273343331653402 0.00350388753437662 0.0877653097609751
0.250490141653323 -0.0361937283384891 -0.100068464663913 0.0635346501027426
0.32007568510578 -0.0128657992288781 -0.203369524467392 0.0419987231575445
0.351809888021416 0.112511701814053 -0.284551361398914 -0.0126597843327989
0.333437020408454 0.228331700494679 -0.266622433590193 -0.200659084629182
0.196716413956858 0.365865878201499 -0.118749569227468 -0.303883483891738
0.00847171549060365 0.455884763733959 0.0354995386078387 -0.325935069395289
-0.0888092987908552 0.490862794844612 0.187277421241352 -0.0732480462062699
-0.0321477096599884 0.398104648679451 -0.117256370808121 -0.131694641185156
-0.0347042521520661 0.381389441123508 -0.389943383992002 0.461822526199473
0.052616127893205 0.386424696377978 0.207598650647393 0.444391801417672
0.288178831703587 0.369442516793469 0.170731134378914 0.0515684756200213
0.396695414577517 0.172306859419252 -0.0381964982341837 0.110816585516506
0.349784725492834 -0.0030452727444874 0.0368460268579456 0.216324852535493
0.272211326499539 -0.0841739513521007 0.131577707839187 0.16548542185427
0.251008581290246 -0.073665197064272 0.0923939515410623 0.0529190179170301
0.241717640448236 -0.0697121429091783 -0.00697993144719032 0.0231417707443025
0.321407205855931 -0.0364610011601931 -0.0989311997686043 0.00155801651300004
0.385636814759391 0.106621378530822 -0.177662976938168 -0.037089605686623
0.362954257412886 0.293721080718282 -0.186118846677336 -0.222461903431586
0.129408643895362 0.420797043106045 -0.055533452333741 -0.348072199958411
-0.0582254444127927 0.413237805047975 0.121628149709065 -0.413490770370143
-0.0381658944077732 0.416792092467108 0.277829255891811 -0.205608853874221
0.0858654824997354 0.302003487683917 -0.0619894148902508 -0.255978176803294
-0.00278666336887251 0.246115200899564 -0.24889010856909 0.370051283256444
0.0234206469226857 0.325175402198854 0.268863673334116 0.339257533675623
0.301797793731911 0.355453169000561 0.209280178711328 0.0677484105449251
0.42901154339862 0.119437295299242 0.100712784506542 0.135674476830373
0.341692935401204 -0.0678239594868043 0.188853588733146 0.179843251682586
0.238533350844749 -0.12972278938748 0.243496528127715 0.101035411727855
0.207471749429865 -0.110553085221691 0.168481911711705 0.0118648029657037
0.198387540547493 -0.0967526185720769 0.0709379271997534 -0.0150187229940943
0.275204015787178 -0.0562925443936704 0.000587752054795106 -0.038947268204061
0.357427095688047 0.0889925245573722 -0.0567709562621756 -0.0622502617775718
0.314766904637418 0.321825419984566 -0.070695391255362 -0.216980560768025
0.0111940186500096 0.389475244744101 0.0338439191691208 -0.347257209599619
-0.107993588867294 0.282116761088426 0.230175983021049 -0.460979477859635
0.0359492900740606 0.288811044850941 0.373285001008487 -0.298314925761782
0.154457715285413 0.133524673473967 -0.0335527840764173 -0.342574477263981
-0.032615354876746 0.0794291637440416 -0.124540889569485 0.256457963903569
-0.0411667808103389 0.241488226522495 0.26676637767149 0.224357130970925
0.263321165921981 0.292348775891321 0.216318226977099 0.0923035735064973
0.371431170116079 0.0443212419020559 0.225712615150987 0.139886372316057
0.257191174315087 -0.115101618068099 0.318919801881639 0.11535501550635
0.162509525383693 -0.151329011763892 0.329642511478877 0.0250369077627571
0.132450579712228 -0.131663312376391 0.224206246662941 -0.0332648324256332
0.132076328630013 -0.11597800873283 0.130331292470302 -0.0539058481004127
0.20614897104214 -0.0773282974392005 0.0842272026320548 -0.0761160819567172
0.295294644173343 0.0583154988603619 0.0624063132520679 -0.0754561112157188
0.218773316841666 0.302307144739755 0.0462929028426161 -0.16456270085685
-0.0986047939456457 0.275120003721162 0.112087882385645 -0.297989413799528
-0.0943741692646609 0.0960388081812889 0.340071333696994 -0.466206993919548
0.137765557868506 0.143733727466262 0.455414696157432 -0.341133007325866
0.174346087236488 -0.0625657036825797 -0.0273903728410003 -0.376342902809018
-0.0837145151687876 -0.0715767579417598 -0.0438216535191995 0.157131546668331
-0.101148396140206 0.144360247973521 0.223866973166916 0.154635053475896
0.182245114818302 0.187825643316922 0.219720358406685 0.131035982266455
0.241200406001265 -0.0290314935935885 0.319304695939151 0.122880636884336
0.122653485269789 -0.130279928560714 0.396607999762404 0.0399707659360614
0.055688015755335 -0.140222202387273 0.370888439737486 -0.043593854417656
0.0372111738987886 -0.134283429997645 0.250698506818336 -0.0762942304163917
0.0524675300883757 -0.125824487952805 0.163066733551693 -0.0952313606996712
0.128293087058257 -0.0974999721526716 0.148559369554731 -0.111830873409043
0.222127147927812 0.0174993232372184 0.166863057315935 -0.0715921988765608
0.119153210564902 0.235210377444864 0.127258909647316 -0.0818327081942686
-0.146351718944111 0.105811295703814 0.141339423746036 -0.235917485477507
0.00117482976282853 -0.0885510280125517 0.426699700039756 -0.453855252376838
0.252598295985738 0.00918538932084158 0.503214133590674 -0.336387230574956
-0.290187813456771 0.164548910627196 -0.514412412582248 0.269388450433526
-0.0387672090563955 0.241927540342183 -0.499907886790605 0.562966778227426
0.110204802730434 0.048264271328813 -0.0756791407546044 0.266397215315453
-0.0402243879551575 -0.0940180336290891 -0.132867713269674 -0.0126772247514292
-0.128766142746241 0.0379154114695745 -0.253202049681582 0.0670500354930429
-0.0290066295473977 0.117500667817554 -0.191779943709047 0.159915603909296
0.0447535593196643 0.107842365159896 -0.147029409141273 0.157002698606505
0.07000177566747 0.112182501144512 -0.201542136100475 0.100177143877504
0.059110157507967 0.101903514661866 -0.326738226828113 0.101578199741662
0.024296522922528 0.102191576845053 -0.398322676926677 0.0413923572476098
-0.074539032898767 0.0748315191400119 -0.379124567103443 -0.0546933100422774
-0.0719466539937374 -0.08866994924297 -0.25166634271784 -0.124435554145063
0.148294805517858 -0.0513278899597008 -0.178824601328871 -0.124737884403909
0.123506661204885 0.201370099446416 -0.0870294962044804 -0.149375764512507
-0.176583469078865 0.272990817851035 0.0395705620383388 0.282532639913234
-0.310141890490613 0.262754961642053 -0.441481413197258 0.207143974089615
-0.135200739324249 0.346312568741342 -0.56076953631077 0.569049994555013
0.0654522499876982 0.19550753683654 -0.0333859925390226 0.333040525678442
0.042616065039776 0.0423464744601814 -0.0890442077311696 -0.0392455389206202
-0.0133709457110183 0.085305187535887 -0.282197685961865 0.054480272477592
0.0669992937387704 0.11135901797255 -0.205172485799035 0.193555151683152
0.128489510787553 0.0706557000754871 -0.120201417289894 0.194355449993837
0.159807897755577 0.0637381331821689 -0.152923273688759 0.115152687454337
0.153243909746689 0.0484681286896909 -0.271559325746684 0.1189247583405
0.161602823560736 0.0561438102789505 -0.363251355440231 0.0817209830241557
0.10261289917858 0.0967735532776834 -0.386408960845196 -0.00780757251541916
0.0769761603511133 0.0292704724152525 -0.288434967714624 -0.139173060964055
0.184667713281148 0.0933511165174369 -0.163953938432314 -0.169501617385076
0.114292972350029 0.319686633119639 -0.0679004534320507 -0.161405799573255
-0.141045971177229 0.41760861997938 0.0683892882465556 0.194352226123872
-0.25830300842188 0.351023103943598 -0.32772952734805 0.12164309930332
-0.155092786962648 0.418216841097465 -0.555539720993256 0.566487407581348
0.0396062395515391 0.316698702361207 0.0325587284267302 0.420836490682805
0.133544085251915 0.190433763917205 -0.00619097633397894 -0.0180057257334178
0.134813230186069 0.13717856462247 -0.25122888093321 0.0623803749869058
0.179353970741773 0.0885199741039982 -0.172668328484825 0.219110627428077
0.201456305804665 0.0205373813864545 -0.0602031672394938 0.211359861217328
0.225072156634793 0.00904792469999827 -0.0781491084889172 0.109006806897755
0.218490033761238 -0.004825956617059 -0.189102969093099 0.103025837703834
0.264118636623426 0.00720751241986764 -0.292735860326058 0.0828385655046181
0.255919098331471 0.0972485507225951 -0.353737780131854 0.0137155280747489
0.231203795904596 0.128359844365431 -0.301892734015524 -0.157190839096952
0.216853953628694 0.237127392038183 -0.158533180975625 -0.231686728237435
0.0852864938598579 0.41231091625754 -0.034571605604548 -0.227400622053979
-0.103462475993197 0.495080330721684 0.116007272248754 0.0638260044321987
-0.145615365916672 0.407437648871518 -0.211953526667006 0.0070817317744985
-0.0928683547613084 0.440587172666511 -0.481102319343859 0.539663235990789
0.0554885371554526 0.386159787399986 0.128465973344224 0.465123410356002
0.232038082282926 0.302285116089837 0.087624491376229 0.0178654284819943
0.291192227776754 0.163961987185949 -0.16203540155314 0.0892034709265462
0.286230700391523 0.0415803025136644 -0.0840066766604901 0.229258523187359
0.251139023812176 -0.0402857977195609 0.0312339360513606 0.198242253411967
0.254013421455684 -0.0438793825025386 0.00810125855360729 0.0845962267109222
0.24710640011031 -0.049445415102218 -0.0963837562889832 0.0656964232064188
0.316333332035863 -0.0304097294398053 -0.198681141071762 0.052739186702072
0.358099547689985 0.0906920725465421 -0.280267360307367 0.0042249258852093
0.343724147945481 0.207421887093945 -0.27525924343901 -0.183698431419714
0.215413066141061 0.354494392392119 -0.134123960624695 -0.296593017322646
0.0299181555271345 0.453570123719755 0.0181278866943772 -0.323583932741873
-0.0645985902589694 0.491958482268479 0.182357966924005 -0.0840088926414726
-0.010917035518853 0.393234188296242 -0.124061127946031 -0.127015988437711
-0.0154684181171729 0.381303218416369 -0.36233976823831 0.477271678171598
0.0720767277674902 0.379956802484294 0.224728557467418 0.42399475061709
0.307493824048925 0.350194938458149 0.165670779781158 0.0407194487287544
0.403631290419833 0.146625460997529 -0.0342693467021411 0.118088508587659
0.346440772356327 -0.0228632426545148 0.0511346328512327 0.214779384761319
0.262872471008414 -0.0986833985685263 0.140031977698642 0.154128481051805
0.2443760135467 -0.0878366140651601 0.0936860843423913 0.0472619928294204
0.236083263578249 -0.0820188075292541 -0.0062764822096774 0.0228755891141679
0.315266937539324 -0.0538122422009745 -0.0974618260039087 0.00784145640767768
0.389347954298345 0.0816147878764168 -0.176517957797488 -0.0263904267964017
0.378680329459146 0.267513109384675 -0.196977074954699 -0.208530475930322
0.151968398896018 0.411387230997823 -0.0739470924404498 -0.342778939471268
-0.0371015871953104 0.415555106113054 0.0987989811071403 -0.414609790054722
-0.0178553409489529 0.413510562128583 0.264375664191509 -0.218557058848413
0.0993663106437816 0.291118040593712 -0.0749889706667393 -0.251509441453847
0.0105019275740951 0.245626074954833 -0.22860495532128 0.378427393616356
0.0391773726526436 0.321006988579547 0.28077362742517 0.318442516234398
0.32086408029946 0.334748144230898 0.204325822293604 0.054811301679377
0.433993278657592 0.0921008191748543 0.104881449658806 0.135335301490779
0.333556012546852 -0.0873234011754083 0.199761415645471 0.168516531054216
0.227538006574335 -0.141205083766877 0.247316412307526 0.0834321852455316
0.197853363105391 -0.121497829044404 0.167722745801797 0.00219770701890409
0.191085503289834 -0.107099408011485 0.0696098900878792 -0.0194140349678889
0.269359733833228 -0.0704398192400062 -0.00150599135712268 -0.0384795257537916
0.359703132167867 0.064472243521831 -0.0571215522375812 -0.0590206804041474
0.331481026502213 0.297770631802785 -0.0808914313018967 -0.20705425443862
0.03286595311175 0.386923628946257 0.0155447195557984 -0.34595332506815
-0.093235711810167 0.287317882919858 0.204311937596276 -0.467110446548413
0.0489918024862629 0.282057883379682 0.35342137439648 -0.314941779365229
0.159405224909402 0.121607931107377 -0.0536241078119987 -0.33898548573812
-0.0285658594847299 0.081970247395752 -0.110593894253836 0.260738818826739
-0.0288369220940714 0.242655476096236 0.273940081304313 0.203803228611667
0.279733472218791 0.273609455789743 0.214573627255526 0.0797812553108894
0.371559912811071 0.0202262697858047 0.231487009177064 0.132270007773142
0.246825877788717 -0.129059095724423 0.32395765615681 0.0971482892457462
0.149971948925426 -0.15783550293588 0.325420561960956 0.00373423462092309
0.122349325714849 -0.138090666833018 0.220015395179718 -0.0441123354085471
0.122961492003918 -0.123035748279803 0.123863683033219 -0.0597388582055126
0.199113712257011 -0.0872237355646888 0.0782226698059143 -0.0810336113889828
0.295618323017963 0.0374656757574812 0.0607684172298162 -0.0781577895440678
0.236263869802811 0.28473098964936 0.0385884632010477 -0.161546502342347
-0.0842703108970447 0.279644240431628 0.0967783325398831 -0.297521469958454
-0.0912527235816386 0.101019750742236 0.310777411591125 -0.47972523905858
0.143547135084061 0.132360691306497 0.434321094623508 -0.360975199677916
0.167435884036907 -0.0727947414451478 -0.0476602827321443 -0.371600108661181
-0.0880170369804178 -0.0661076584919001 -0.0352622713210042 0.156673186383765
-0.0921413697302649 0.149530248606689 0.228679181278882 0.137914009450267
0.193017886202585 0.175747134673607 0.221952087297068 0.117476684361036
0.23747733262207 -0.0460816348234911 0.322864559341838 0.107710215522899
0.11163008840269 -0.136474371499574 0.395464467968094 0.0164079531380126
0.0442550966794718 -0.1416560849487 0.36207587124678 -0.0671566371272538
0.0268004377826234 -0.13364761898553 0.24464707209066 -0.0872063576353894
0.0430105511606752 -0.12740824243383 0.153649394577164 -0.102177430894431
0.120915693152522 -0.104116534354756 0.140387767042411 -0.120305994311845
0.21963513045945 0.00159092579541761 0.163550920566613 -0.0811310546269372
0.133452308141084 0.224236676929387 0.124240797245531 -0.08486130989259
-0.141114922325082 0.114408035294162 0.129735345830526 -0.236584169454172
-0.00526506222267663 -0.0866471937681203 0.396776675981679 -0.473907730641617
0.249535017654043 -0.00544071338960295 0.48094184489329 -0.358007077920863
-0.27856058809884 0.173042072385849 -0.496580612403213 0.283363961968432
-0.0278100377513623 0.238633414774161 -0.468980811085625 0.5672019652921
0.110204783363346 0.0416014899025853 -0.0660852768875449 0.259051581924918
-0.0444018774291069 -0.0903871851001462 -0.136118575693072 -0.00914302311621469
-0.124607558027983 0.0457416577120444 -0.248803312120623 0.0751839976687861
-0.0214206103584583 0.116586096281033 -0.180916268856193 0.167093217504741
0.0502267435709088 0.102919018221305 -0.135268554664433 0.158935203561886
0.0751723067011237 0.106086719353992 -0.193475614459608 0.102977702094481
0.0638058638990268 0.0978890980467706 -0.315836877171004 0.112160525325747
0.0289072572084735 0.0989640188177288 -0.391268854915993 0.0583742743911002
-0.0672754903360563 0.0790896709734974 -0.37410617680881 -0.0384084559778739
-0.0753894658600371 -0.0813280303493724 -0.251494758151517 -0.114443542127471
0.144134184410219 -0.0554999179271653 -0.181464732470195 -0.117330921226948
0.129556136538296 0.192148784420617 -0.0935659155401928 -0.141869316723406
-0.162635389426552 0.277877697564023 0.0522477276817888 0.271291297971045
-0.29433410105791 0.26871469584866 -0.426851482747904 0.21869982786457
-0.120031637633496 0.345891958636773 -0.529638324421824 0.577815083330612
0.0700216825735333 0.188105231107601 -0.0227195462455045 0.323870141018812
0.0420648886643822 0.0393525802418095 -0.0941012569989803 -0.0374923940593387
-0.00981235155325249 0.0870278774046128 -0.276947270552626 0.0665667872529319
0.0716829647994893 0.106797362063703 -0.192401982787031 0.201265721183973
0.129212420363825 0.0628911801117427 -0.106658256449784 0.194518566039354
0.161005242204139 0.0541056344981051 -0.144413053337887 0.116393608380563
0.154208917873559 0.0424366354776364 -0.261383212003025 0.125384566049114
0.16176924472711 0.0484346914698532 -0.353746777544934 0.0960979486266267
0.107540727336853 0.091977695359225 -0.379774659969604 0.00802993656671731
0.0772660062013491 0.0275954899200413 -0.288411007336606 -0.126683830914448
0.185353514840243 0.0854282725247051 -0.169305717153823 -0.16184490499756
0.123954979240852 0.310402396663355 -0.0739511062424195 -0.154041359335025
-0.122801359382749 0.41883682365773 0.0766208045133543 0.184510125486928
-0.241468013969214 0.351927909870464 -0.31790410391571 0.129414535444308
-0.13746231312147 0.416478899625363 -0.523825377753333 0.576364310049909
0.0481588487598593 0.30876677048899 0.0450591567834861 0.407793595920591
0.137625977059773 0.180596571651802 -0.013625354627927 -0.0200068972548453
0.138173513777071 0.129963099084117 -0.246539067585577 0.0754200072724078
0.180905157723194 0.0790251479630059 -0.159413172392251 0.225387464016983
0.198544831251661 0.0116762362597806 -0.0477133717980709 0.207947771213293
0.221511977274521 -0.0021749380930174 -0.0727660737901999 0.107647938672731
0.216426349369052 -0.012748574840004 -0.181365993545203 0.105325076672933
0.259179320245704 -0.00361449903380941 -0.283559443545984 0.0939237668452597
0.258636572417769 0.0857041208596906 -0.345042616832068 0.0278584610992923
0.232963178179572 0.11682977491007 -0.303058497659384 -0.141922719667201
0.222655644543764 0.2264201891058 -0.165760343268501 -0.222999739038329
0.0977614824218942 0.403610031717872 -0.0428059126572366 -0.220755669435116
-0.0836791228204665 0.489874082560676 0.117614668274548 0.0555561007910808
-0.130425847143003 0.401490124228136 -0.208416124968753 0.0134577630790341
-0.0752830251041796 0.437536791107273 -0.453390332459347 0.548121762957653
0.0656689973469781 0.376348064654134 0.140771273774274 0.447034425076827
0.24061990437207 0.286664227459767 0.0802930545508562 0.012660025344102
0.293601263794181 0.149208213014322 -0.158425217889879 0.0993839068692364
0.28259126198198 0.0291643217967203 -0.0701655689030435 0.231569980465832
0.244159277370039 -0.0493610035088891 0.0401483452122549 0.190783431347057
0.246288478266054 -0.0542109996221136 0.0115654676145339 0.0814375913853663
0.24147085476654 -0.058328957446784 -0.0916647885998325 0.0667316536651023
0.309284538451821 -0.0427984321811399 -0.191699424967552 0.0609558480583697
0.356631221677152 0.0735149495423132 -0.272493859598642 0.0159417829922679
0.347325159414266 0.18962607855068 -0.276894386153852 -0.168096543643665
0.225832804789702 0.341344604044721 -0.144514835165649 -0.286730786876395
0.0472860623306682 0.446762402217851 0.00581493059583445 -0.316724031976798
-0.0465165788061174 0.486104080081271 0.175916892739784 -0.0913971858136499
0.00135747511056874 0.383407251207021 -0.127741131943607 -0.120778198069752
-0.000947544181091284 0.376898717548374 -0.337039222847277 0.482718660744828
0.0802300974327507 0.371715251916801 0.23435554856031 0.405976648925838
0.316714736156957 0.330633239870724 0.157079629797743 0.0329315579438569
0.404348588348434 0.125734870691515 -0.0304191608705593 0.123659484135946
0.338595217967918 -0.0375333744325909 0.0608334071907967 0.211455067001614
0.251635927631275 -0.106680065760645 0.144924551276007 0.143314479462424
0.234433359131551 -0.0970786063920379 0.0939056491765264 0.041896105965059
0.22778352357445 -0.0903377504929934 -0.00603441069351506 0.021804990333073
0.306975135395212 -0.0657124750508137 -0.0940697770185917 0.0120282744981703
0.386865752861561 0.0626317675890079 -0.171047670814513 -0.0191048079941445
0.382778470674144 0.24576010547177 -0.200804285484134 -0.194147173520645
0.164676279672793 0.400391979088068 -0.0858304411037837 -0.333415730758287
-0.0222480443165746 0.411126321154405 0.0814935790571381 -0.408564018178612
-0.00397870089365321 0.405698880060685 0.250968799678905 -0.225143027730378
0.10698074259977 0.279321554473577 -0.0849961933105723 -0.245082245475512
0.0189833423762407 0.241964293366103 -0.210322915816439 0.380816230644253
0.0483226965522153 0.315662956392552 0.284269008972441 0.300201916407407
0.331152511435413 0.315292451148342 0.196824022152782 0.0460997561108655
0.431819347697842 0.0698170425793728 0.108145126690229 0.135435023225334
0.322417105356345 -0.0989810482808595 0.204797815139747 0.158906513497243
0.216022552856261 -0.146855385191569 0.24520652317117 0.0700291709075908
0.186951975540409 -0.127687681501864 0.164223059703412 -0.00357994375629404
0.181612005402791 -0.112948028057115 0.0657011773851957 -0.0210912888489919
0.260673700193509 -0.0798684029550928 -0.00266246875846716 -0.0381075925904271
0.35590798948658 0.0461168829333987 -0.0549932035762344 -0.0557562068708341
0.338152974810699 0.277254539336761 -0.0866143181457295 -0.196818511338617
0.0476745461909186 0.381198159825122 0.00268483024441084 -0.338500925628172
-0.0828581752107276 0.288341295294196 0.182370252797375 -0.465796609099354
0.0569873447155132 0.273189181583495 0.335173568036123 -0.322552140936172
0.15896936922282 0.110878447898267 -0.0663174915539985 -0.331169434177526
-0.0254523523582062 0.0826577953665907 -0.10018763074857 0.259883812496886
-0.0200479869411721 0.241470293419513 0.273385197938393 0.188469676668196
0.28796416550155 0.2556285278217 0.208980987555078 0.0706900640183673
0.367161429589881 0.00117423226990931 0.232712423644152 0.126281828653641
0.235773477109266 -0.136884683044571 0.323041784802254 0.0818460902778016
0.13799722121649 -0.159870291100995 0.318417222566398 -0.011720111619278
0.111926216534509 -0.140195582948062 0.21448366275614 -0.0509136373168902
0.113348757255762 -0.125986853915214 0.117329566047487 -0.0625807159516779
0.190751505859945 -0.0939823442190838 0.0732713206310498 -0.0831128799286984
0.290485211383255 0.0224095863408173 0.0599791816789793 -0.0794523120663244
0.244686572767439 0.267656908869027 0.0333905850576604 -0.156090490234023
-0.0713893090491556 0.279690324463086 0.0848668860309416 -0.293146199668697
-0.0873584666388117 0.103751228055846 0.286676205814426 -0.48098168629765
0.143920870220134 0.122137532552876 0.412250607750801 -0.369725495034167
0.160063090131078 -0.0792579721060591 -0.0632362292731436 -0.36276338594604
-0.0904569602245246 -0.0604506262442207 -0.0303359058186799 0.154656635620753
-0.0855213668674201 0.152499750418251 0.22768111849751 0.124003095881302
0.198776421445848 0.163053433322193 0.221020592472665 0.107906470815432
0.230623425769974 -0.0581075398713309 0.32221656643297 0.0962737717447185
0.101703848793807 -0.137381342941568 0.389175267496472 -0.000177892785165445
0.0349329187590505 -0.13944507105515 0.350646965911805 -0.0830659046744055
0.0184715316490581 -0.131609803227544 0.235599906687988 -0.0938028604608365
0.034501072213414 -0.126585492662149 0.144357771182271 -0.104835109143089
0.112966655999721 -0.106906523797843 0.131570941820364 -0.125121933659765
0.214518505934588 -0.00935277449472787 0.159538896273206 -0.087553122858321
0.142483796010028 0.213612331940847 0.121491216315718 -0.0840326575146656
-0.135392660037899 0.120032425577185 0.12071507864753 -0.232530725425465
-0.010539261606191 -0.0852411437577348 0.370454134128745 -0.478087940847723
0.24342440920343 -0.0171687967048534 0.458684913565502 -0.36939365069126
-0.269984804865205 0.178387070221524 -0.481557655159863 0.291416559139774
-0.0203576903483972 0.235595072550082 -0.448012755085607 0.569739743395292
0.109444407789622 0.0363209589819318 -0.0603003757701273 0.252530307509804
-0.0478810281507226 -0.0866390129871021 -0.138869822062294 -0.00765382064398256
-0.121722298562274 0.0520528790099506 -0.245818031368661 0.0818976295465156
-0.0162303635556686 0.114934193706104 -0.172244446423625 0.172624923412401
0.0537399797670657 0.0982502266776834 -0.125413397527335 0.159162451969365
0.0795311097172791 0.100766409166569 -0.188502406417199 0.103519267457345
0.0674591776731146 0.0956142769126154 -0.309112642350246 0.119147555610121
0.0318767043813878 0.0968275699041622 -0.384333167579801 0.0711406282834063
-0.0609737480948272 0.0814272938319653 -0.370253459768641 -0.0267065134415858
-0.0772056084021944 -0.0755351844311146 -0.251366686433132 -0.109073803599337
0.140683072567265 -0.059118162092743 -0.183264302362297 -0.111375261653995
0.133645072674305 0.185724858919704 -0.0971250597949016 -0.135671289251022
-0.152743378636499 0.281939731773728 0.0609496695737862 0.261651890608479
-0.283627206713655 0.27177344672396 -0.415854952909088 0.224991359645887
-0.109226086065813 0.345334053710036 -0.505103723140908 0.57999424857577
0.0731406463663476 0.182588502124701 -0.0156406963992589 0.315581151349958
0.0410078743968889 0.0368521200514428 -0.0992888657149015 -0.0366284032333654
-0.00676547877116637 0.0879036044632364 -0.274009368200213 0.0760220099996653
0.0747942385089689 0.102549952786961 -0.182266894458123 0.207612074175206
0.128941960308041 0.0580433875493803 -0.0958007054041818 0.193481009289621
0.161538843825416 0.046773053383781 -0.139692737175074 0.115595612147046
0.155505522099501 0.0381018757909855 -0.254290809137739 0.129545745122648
0.161877459745855 0.04258658902288 -0.345978619769299 0.106359001515237
0.11170659498868 0.0881025780496187 -0.374072755014909 0.019040153179725
0.0770640338082179 0.0265048773044455 -0.287795489233199 -0.1183499751099
0.185950068552692 0.0803960814617592 -0.173635334901332 -0.156301044291926
0.130841572614489 0.303218728125999 -0.0774806454977631 -0.148623292987572
-0.109127221812999 0.417622688026176 0.0813011075361235 0.176770469069599
-0.230068992078127 0.349741397763745 -0.310767230853426 0.134385120113764
-0.125125127598208 0.416641593772942 -0.501763579982831 0.580094275932408
0.0527238276212882 0.302577640563326 0.0513870103075926 0.398408605360977
0.139777259820836 0.172921960601032 -0.0199049121719956 -0.0209028367344773
0.14048720750355 0.124698108669502 -0.243809009296248 0.0850648670183827
0.180880792151325 0.0721364411934404 -0.148317035416382 0.230079552687793
0.195079472000166 0.00501053403702823 -0.0383667557914751 0.204286617275092
0.218315750919462 -0.0105327776817709 -0.0687629326181846 0.10580558959992
0.214630783878732 -0.018921191573581 -0.176194417268861 0.107887280733568
0.256362954667017 -0.0111979846258245 -0.275097722431832 0.102580336937844
0.260136940874355 0.0765193146506701 -0.337680525325375 0.0377631265667506
0.234222367855914 0.109656604045269 -0.302712578525763 -0.131894692209029
0.227600194514571 0.218533435268828 -0.171707554634469 -0.216220961728768
0.107224447782263 0.397239646543783 -0.0482315442457615 -0.214890537829563
-0.0688895373316453 0.487907278172354 0.117065508847407 0.0490065056316688
-0.119615187578154 0.397117614909384 -0.206479674290736 0.0170336025181648
-0.0626428593192738 0.434921992022849 -0.432900908869304 0.551744626843146
0.0701930817704696 0.369764042924348 0.147286702092906 0.435250741445448
0.245110119826093 0.274736191464099 0.0727118841439841 0.00890210749386256
0.294475157853352 0.137047331496378 -0.154722220836142 0.107823186955202
0.279078304737523 0.0196101759528913 -0.0595020857064062 0.234090622815231
0.238658001042017 -0.0562327716200653 0.0471293748570692 0.185656638409437
0.24126303248411 -0.0623072916966137 0.0135014935744576 0.0781013338921831
0.237243701170195 -0.0639283169685482 -0.0888276611734867 0.0672315503348181
0.303975679686918 -0.0509440115504409 -0.185976653944934 0.0659284381788669
0.356565722920393 0.0605983201707632 -0.265272582919422 0.0229463850442706
0.350166130527961 0.176066900953796 -0.277481143242573 -0.156290755322309
0.233774242354571 0.331345240789683 -0.151955378302473 -0.278870770673296
0.0570328605721433 0.44335065865025 -0.00248582232255352 -0.311323356275902
-0.0330019222804344 0.480647225113798 0.171007737197592 -0.0962091894335641
0.00977095301129579 0.374060489386791 -0.131234348098952 -0.117419479962261
0.00888371914824794 0.372595998113592 -0.32211690929165 0.486618504592774
0.086806318771607 0.365318316362223 0.238026520728201 0.391449360084882
0.322627563543821 0.315834860801039 0.149718462184791 0.0283769596379998
0.404586354365982 0.109718599616449 -0.0266490105120353 0.129292370495107
0.331703597901233 -0.0470363692831513 0.0696568174314238 0.209487307488316
0.244448027578853 -0.112375864122852 0.147277134852337 0.134469458693976
0.227106738925851 -0.103038539031715 0.0938165448863464 0.0380302055499685
0.221904782797597 -0.0964685167818459 -0.00611772947173551 0.0216019205428842
0.300783739385535 -0.0731581249540844 -0.0914602547839283 0.0148125282029641
0.384386152858384 0.0478723468649164 -0.165451336190611 -0.0138801245858558
0.385380676561641 0.230258051028539 -0.201446373503986 -0.182916053085841
0.174267735672312 0.392159578643961 -0.0939485203418564 -0.32591103859011
-0.0122176163449951 0.409822611903677 0.0694537199919274 -0.403354166254161
0.00517973361133308 0.398886063355633 0.241512190987921 -0.229360765710939
0.110018821345626 0.269671806879921 -0.0914581832909092 -0.240328776815878
0.0246834039778057 0.240183291911223 -0.199052292694139 0.381184015410965
0.0540045671140199 0.312263521722982 0.284961659305881 0.287236497163227
0.337851447628541 0.299356598031718 0.190080179356463 0.0411473158040999
0.429013408668868 0.0535113321844327 0.111755654299384 0.137152236131398
0.313580852230255 -0.107375227097352 0.208874943285654 0.152201940504846
0.206136521605899 -0.150484188327484 0.243020862815023 0.0605437898886279
0.178511279073668 -0.130608596768577 0.162100290942807 -0.00755188109630611
0.174465062098934 -0.116797177866143 0.0633314237970735 -0.0224897079241964
0.253913857061467 -0.0865456296401585 -0.00378702634837954 -0.0378044769005539
0.351478838420087 0.0327545741568296 -0.0522283380870789 -0.0538802268954293
0.342270684335654 0.260487219614247 -0.0880790856713241 -0.187828640683374
0.0579857251853426 0.375776628585548 -0.00513759096177184 -0.331220810564107
-0.0750230254735217 0.288800342326241 0.167114984825812 -0.461864738396064
0.0612966056920268 0.266626110080634 0.321839385416685 -0.326051926798421
0.157431302554997 0.103568306006997 -0.0768239074047951 -0.324043427604861
-0.0239362415002149 0.083861743594462 -0.0937166305807434 0.259023767428474
-0.0149526536658266 0.240880671849748 0.271964576191301 0.17748328144724
0.293688277124121 0.24220600223309 0.204437882756282 0.0652298892479283
0.362703661769151 -0.0124649440231403 0.235048596171219 0.1236262485857
0.225800361908395 -0.141613713243378 0.323205403208165 0.0710526636838195
0.128862970247924 -0.160846020665426 0.311603133324701 -0.0220001952634636
0.104070502360491 -0.140507037746613 0.211215499753865 -0.0552233612554556
0.105576877393641 -0.127387984521646 0.112731331061379 -0.0640941314646768
0.184394689697356 -0.098125547949686 0.0689338025492933 -0.0848104279993075
0.286101209308622 0.0105749265645494 0.0597106042233938 -0.0808297163018077
0.250703785671787 0.254947734598195 0.0312494665939337 -0.151475627695453
-0.0635190545239433 0.279417706156759 0.0775342253101387 -0.288150091416002
-0.085019041988739 0.106395276067782 0.268939279372218 -0.479458887221429
0.143049285371286 0.11458132256469 0.396974596618408 -0.373668087828927
0.153594648540711 -0.0831879820887233 -0.0731321634214143 -0.355501532803074
-0.091839014335418 -0.05556372601868 -0.0270595709455747 0.153285154462078
-0.080109774141269 0.155254721858646 0.225986321482134 0.114870342597508
0.202784072161935 0.152693856972861 0.217498630230753 0.101192274423707
0.224953717670704 -0.0666779444800634 0.321805754084837 0.0899762484209022
0.0937290134883103 -0.138027207027235 0.384473355021475 -0.0118129753694819
0.0277665706856499 -0.137536849548829 0.341354362058357 -0.0926371599612674
0.0120698180988211 -0.128776517511081 0.230225506702204 -0.0976994694131971
0.026649470888969 -0.126149271494062 0.137052360911986 -0.105731714185404
0.107569001994928 -0.109176457774502 0.123787299401996 -0.128606977447095
0.209498636027059 -0.0179606738618393 0.158132208576954 -0.0928093352428907
0.147786215914272 0.204786105305476 0.120760187524903 -0.0829188030728211
-0.131201375828145 0.124543673594477 0.115284401375226 -0.228460441398409
-0.0143274848742467 -0.0831486926650113 0.350978571843943 -0.47884410177171
0.237841692083186 -0.0246218223392253 0.443666901401838 -0.373355547518468
-0.26365338381572 0.185918338646357 -0.471312632997574 0.298911660982638
-0.0131171553852763 0.23498728677606 -0.430293471992522 0.572664803007193
0.109063792266348 0.0314306599398111 -0.0550716500178498 0.247684215948702
-0.0520705800028013 -0.0839679145887573 -0.14238754111041 -0.00614689172638013
-0.118481864100205 0.0585954837207305 -0.24499622112138 0.0891585328916697
-0.0116651461068997 0.114053671372003 -0.164945981429189 0.178593834575672
0.057163430193209 0.0943838581558557 -0.116160900684446 0.160678177848318
0.0831689276276683 0.0953223847692739 -0.184731094595908 0.105379090137898
0.0723111981247393 0.0937472150465743 -0.303883198341267 0.125748296554949
0.03491329041656 0.0950738894546774 -0.381196022413171 0.0842899638718211
-0.0553296826937004 0.0840354794916912 -0.368223174295178 -0.0169026762692069
-0.0792880074178933 -0.0705596106987655 -0.252444233389401 -0.103726970021827
0.138454240508365 -0.0622746517081351 -0.186664286845582 -0.106557409061013
0.137697652361281 0.180512878023933 -0.101233578476785 -0.130305603900082
-0.143009274467839 0.287234175014817 0.0687777700303492 0.254469004794628
-0.276527125119341 0.275351395168239 -0.408224430768744 0.23226383513385
-0.0982596780735975 0.345817200684791 -0.486031813119525 0.588232438411404
0.0756636697913639 0.177919980303487 -0.0105935452876435 0.30962905147594
0.0403577806228487 0.035314647182942 -0.104733037275263 -0.035592746275082
-0.00380164929910942 0.0892497410996403 -0.272786073797717 0.0857118687256668
0.0774868486796675 0.0999037532362682 -0.172278184291265 0.214579701598592
0.129362474872535 0.0528392637390812 -0.0855846815349114 0.19261699934619
0.161744503116534 0.0404171353434466 -0.135489015927787 0.115840707575325
0.157037760961904 0.0336093510232917 -0.248032268512282 0.134530161650366
0.162593488557889 0.0375596795984579 -0.33935675198758 0.116538243890294
0.117018912214498 0.0847622514481953 -0.369722004381781 0.0291136371534537
0.077724087514137 0.0261732053591623 -0.289202719718986 -0.110251332170331
0.186880530054305 0.0749614148004036 -0.178513675083792 -0.151108361117888
0.138141155353523 0.29872836542156 -0.0808467961970554 -0.143795872960005
-0.0971712592542499 0.421569192824682 0.086118113870572 0.169713115410389
-0.223572597412887 0.350441831753468 -0.305822590618514 0.138235303415834
-0.114456321485494 0.416830453788273 -0.483809609128489 0.588166763107227
0.0573444126277173 0.299059115055091 0.0590135803360651 0.390989194028808
0.142483572113209 0.16695232924511 -0.0266622651526177 -0.0216557667899302
0.14357049501235 0.120812152559188 -0.241282393251849 0.0960011474732423
0.181914356059073 0.0661474998339418 -0.137104323467337 0.23516349847864
0.193169643745159 -0.00110236738135759 -0.0285076644446693 0.202159656990486
0.215894517497124 -0.0174771643046857 -0.0652697314644142 0.105280075110466
0.21422644971341 -0.0239470563752508 -0.171897570165691 0.111106367688244
0.254848723543835 -0.0185535946848085 -0.269047284769481 0.109990070406392
0.263978179693759 0.0675405934692701 -0.332136685245586 0.0466824327756984
0.237078828385307 0.10260517321061 -0.303574087221078 -0.122263426071233
0.232651377368294 0.211838540138343 -0.1780788071164 -0.21069405451028
0.116061965122114 0.394681653893073 -0.0526472295708411 -0.210580319307448
-0.0543715334637055 0.486804143028353 0.117624732281401 0.0436773855680815
-0.112895021849375 0.394165772901832 -0.205506082118227 0.0197943610028889
-0.0527826610757287 0.43539442502094 -0.41607875035062 0.559765071534799
0.0762625169910483 0.366024721184535 0.15379188612943 0.426381569225796
0.251346527700011 0.26621721459121 0.0662211427843867 0.00652344658390858
0.296320912943965 0.127266932333249 -0.151774370629032 0.117468666119472
0.277227125433616 0.01168017904635 -0.0489064224250388 0.236638017589293
0.233410249835498 -0.0615183276984356 0.054570933334516 0.18086414568881
0.236157585161998 -0.0689682955560197 0.0156073964732 0.0756934144837221
0.234684275844874 -0.0702788162939319 -0.0871129130918819 0.0688879389786789
0.301886527815087 -0.0594419412870147 -0.181748423773752 0.0713422478737768
0.358540009651364 0.0475956305204934 -0.25964941811137 0.0299121152211098
0.354010040036985 0.164361993475282 -0.277795001674918 -0.146567448531804
0.242958606022871 0.323752341643178 -0.159425675970762 -0.273118495124183
0.0696500529342441 0.442131295437304 -0.00991737607225485 -0.307284886618364
-0.0216357719029378 0.477948919795615 0.167434138007396 -0.100878406339764
0.0148043518028761 0.369462906082775 -0.1351824803084 -0.113480058941637
0.0175051566081201 0.371374360456164 -0.30734240411556 0.490955749028791
0.0926031821967929 0.362838676527919 0.242431726565988 0.382919373217737
0.328698844735051 0.302826675871563 0.143173045025626 0.0244788792221457
0.405091480781194 0.0957270299613018 -0.0220740316077963 0.135870981082311
0.328369604643729 -0.0560949795662561 0.0793605438793283 0.207281995069146
0.237635373999862 -0.116984518864838 0.150899344085495 0.127808390017216
0.220581196334287 -0.1084331403476 0.0948699377403055 0.0350746748079236
0.216799220361409 -0.101293988330854 -0.00585731909509988 0.0217399270652022
0.296409695051369 -0.0821413747505714 -0.0893428080468907 0.0171704945704266
0.38421601859839 0.034308378788165 -0.161322317573501 -0.0098333380498247
0.390863591521853 0.216802216579839 -0.2037938926591 -0.174144392619638
0.183767627713092 0.386339998399472 -0.101197998781422 -0.320167141746659
-0.00272238786090777 0.4107694067012 0.0600375945960469 -0.400607215066282
0.0129129211344252 0.394539453893198 0.233259561982092 -0.233786370166276
0.112356085617136 0.26298874089171 -0.0992452315110214 -0.236053159620801
0.0306603171479689 0.240006183844749 -0.188347766802792 0.384223657437035
0.0590758335687381 0.311361598767856 0.28661978403455 0.277176856028955
0.344965011573541 0.287353756842153 0.18461288341941 0.0371241447091252
0.428832187234241 0.0370806769137953 0.117000419373202 0.139248258361317
0.307740874554936 -0.115836110034236 0.215989684917935 0.146330627591366
0.19862954612945 -0.154034738315686 0.241537060148125 0.0513535643160818
0.171745965592108 -0.133211351929337 0.162169491473225 -0.0119811026654378
0.167473999069077 -0.119714783985577 0.0616033162421796 -0.0223103691510518
0.249107911878564 -0.0936737874046926 -0.00455519409624766 -0.0372224480960648
0.351128353727737 0.0210153886731594 -0.0497007894966977 -0.0527192013624818
0.346429954570121 0.247778850995184 -0.0900661716231266 -0.180962469525013
0.0675857859096516 0.373966572281831 -0.0126719349465508 -0.327098088920437
-0.0681918555465036 0.291184480590615 0.155258719901885 -0.46055479466377
0.0663207448696141 0.260094796476492 0.311101630240483 -0.330569531878987
0.156914528215473 0.09775934262243 -0.0865516478534177 -0.319266695422903
-0.0219270699414925 0.0864411856549592 -0.086416741932228 0.260666360302564
-0.0088399345731693 0.242180349588248 0.272174941056682 0.169079067239396
0.300549585977554 0.23219922226155 0.200787668183852 0.0604995847133238
0.360121636836145 -0.0270822412833662 0.239013176376379 0.120614622312524
0.218293674812006 -0.146434469917713 0.324934687096869 0.0617617426179366
0.121498583320319 -0.161733753003659 0.307259738190622 -0.0320749409309526
0.0968154424214765 -0.140673491819299 0.208810512397638 -0.0591289286638169
0.098324429386146 -0.128719113592859 0.108929287012195 -0.0647438033041962
0.179198576611537 -0.102522640543551 0.0653004110793233 -0.0858445234898053
0.283432320871426 -0.000329568467164325 0.0601109828762812 -0.0832138035456546
0.257597675480677 0.242890133976302 0.0301773724472603 -0.147995238447448
-0.0558411853735606 0.279753838929755 0.0718670247995565 -0.285149989266044
-0.0837314056220446 0.109611249607103 0.254991633148796 -0.479443366416935
0.143010324522736 0.107798365791883 0.384775488605133 -0.38092637359273
0.148242928201607 -0.0866508642438318 -0.0836829505874343 -0.350536834605859
-0.0931708036704249 -0.0509803520138252 -0.0232858665174791 0.153737783080193
-0.07503434664303 0.158271736198287 0.225598817208411 0.10778705265052
0.207691727132687 0.144202751928404 0.217105441998652 0.0959521756608951
0.220744813031553 -0.0747307447520321 0.323363217037956 0.0837423917601016
0.0871924935185193 -0.137988760312645 0.381593301642921 -0.0242227484941712
0.0212834038770024 -0.13571657138 0.333896075041414 -0.102884215000128
0.00592651631520495 -0.126172441426331 0.227512729698015 -0.101344375151523
0.0199811825844981 -0.124767651960358 0.131194520199999 -0.106371943705117
0.102426284271214 -0.111714897720096 0.116970428435895 -0.131907427682484
0.205683598814336 -0.0252143254806274 0.156379934017224 -0.0979335346616677
0.154332533888972 0.198215465599325 0.121067961797443 -0.0831127761463938
-0.127900868373963 0.128576666745692 0.111293065285268 -0.226233134194955
-0.0184516870602347 -0.081325996610808 0.334196549905207 -0.482541612924297
0.233588417821854 -0.032348291756034 0.435549232806925 -0.381746698377387
-0.285687040751541 0.121973731414995 -0.519584305469202 0.208083125408413
-0.0547108631197586 0.211062334000291 -0.527032455342987 0.479405239584005
0.0967591040913832 0.0447251540106194 -0.102030753441667 0.227422050892466
-0.0343367523368232 -0.0891538559088597 -0.140030795994923 -0.0357692370080432
-0.121072888178381 0.0345445124138149 -0.255379165186521 0.0440107932343924
-0.029584047349903 0.106944497417009 -0.194828908342446 0.145705345419043
0.0397671214797228 0.100457663232767 -0.142155047990521 0.135603441948395
0.0662433768158905 0.107725992141876 -0.199597681157146 0.064442294208474
0.0544521518979905 0.105092168091766 -0.319572259633953 0.0652928588218571
0.0174112632584885 0.0989507894904985 -0.383902906288453 0.0105672088450719
-0.0676619900754359 0.0716498423054285 -0.356338620930057 -0.0832292880601392
-0.0640522441378553 -0.0798462041999349 -0.229400005089771 -0.155128240085779
0.147960440226051 -0.0317494208025076 -0.161364064212568 -0.142022074724214
0.0968038421896265 0.203311033171979 -0.0782482517979421 -0.144396743073118
-0.196121727553477 0.253890164509803 0.0188299538239551 0.267507887062288
-0.315332038247744 0.205530910327587 -0.446373065701318 0.153352631579889
-0.153369220801619 0.303105396737989 -0.591462184023583 0.482206446913435
0.0371516077917296 0.179935040488875 -0.074544301928958 0.294705695572609
0.0316990479030929 0.0390243595674376 -0.101155116335693 -0.0554559766221599
-0.0168594978164959 0.0837864326969419 -0.283586849875597 0.0370043555694075
0.0589377162863911 0.108774987667056 -0.209731900865223 0.181542401194786
0.117039902601499 0.073583537410236 -0.117054533395495 0.17368091591696
0.152817528839074 0.06831101577447 -0.153455540862598 0.0836621813078044
0.148930246241727 0.0640600847684299 -0.266842415430707 0.0847468993648893
0.150853565737068 0.0680079888376937 -0.347069256042576 0.0506220563070308
0.0999530467378034 0.105638554164794 -0.359731862940797 -0.0383099988145821
0.0676830264567202 0.0443034338751883 -0.258515812351354 -0.165602911151701
0.166108551243603 0.113865271887154 -0.143267470435413 -0.180880493086248
0.0730288031114367 0.319585062021422 -0.0567915943530174 -0.152209016022292
-0.178897957868711 0.393785452797934 0.0526441165285898 0.187342770763677
-0.279152859648334 0.288810872697008 -0.33009838296208 0.0816366252203117
-0.183154838395897 0.367952895812489 -0.590389382932408 0.480764974407356
-0.00367715093638598 0.293805187593618 -0.0258748551637627 0.385916817515622
0.104056717687068 0.181868931819247 -0.0314361035287534 -0.0252437950672956
0.118198231354608 0.13855215693659 -0.256114780124616 0.0529758543827997
0.164542518840334 0.0954444484345208 -0.178662747754845 0.211228737104638
0.187877420288091 0.0334207572942922 -0.0625706190049672 0.194028707374126
0.215570832342633 0.0212228380349575 -0.0831435022985542 0.0870544441838403
0.214651294541664 0.0187634829340242 -0.187499518233607 0.0764355552272297
0.25096526573251 0.0307899136554852 -0.275902872990691 0.0572519580446232
0.245570742520039 0.116521516914026 -0.320755231293535 -0.0143866000548998
0.205608828420668 0.149330935289094 -0.265502033719763 -0.17591142953615
0.181434727187431 0.257550788368142 -0.130827853418964 -0.234473088201206
0.0315399672761313 0.409346732853832 -0.0161258985411774 -0.212701364349087
-0.15201180694222 0.465517428458909 0.111373630222142 0.0685540554134675
-0.181834067607249 0.351613720777746 -0.209816242213944 -0.0142698278906414
-0.127520783509805 0.398161058001733 -0.520823730878439 0.468556724876832
0.00158371626145151 0.363430610276414 0.0554328329716506 0.439230569015811
0.189850293171211 0.294861496792027 0.0519868448282794 0.0219438680503183
0.263529769374275 0.172047926382039 -0.173598898382228 0.0908330654908577
0.265518080177312 0.0597497603145606 -0.0922536991686192 0.230938408191638
0.236827138493323 -0.0184405137399514 0.0222733320771493 0.189117739671915
0.243850398991865 -0.0244370898815831 0.000901749193690877 0.0748202304303156
0.241571551221241 -0.0219690660677793 -0.0965499938226754 0.0520350828295266
0.302912909608415 0.000139900534380377 -0.183087036538046 0.035964695724284
0.340730101151411 0.115060676490958 -0.243829386938379 -0.0176168506381028
0.304931411617218 0.23065014069419 -0.230317628403981 -0.192113308890682
0.166683039585712 0.368427405168364 -0.0984351978099767 -0.288789801725901
-0.0243958584939749 0.445736761508893 0.0442596064671648 -0.300750544600495
-0.117305891739439 0.462125045744259 0.190103194499348 -0.0654971407023929
-0.0542186542566149 0.352962562835212 -0.115686210171941 -0.131968214053705
-0.0495468705609937 0.351752952237534 -0.402419483660262 0.424531763780299
0.0164611588463037 0.365676761376558 0.151214465477109 0.415289673213386
0.256915984136318 0.34490198316886 0.123023720728263 0.05543017258097
0.372164867286945 0.160694931755803 -0.0519648642558953 0.132337552970721
0.325231942534964 0.00351968384450614 0.0402370532475324 0.226540075774669
0.249189606873573 -0.0717526689505427 0.126195724072491 0.154486640709479
0.235457716915922 -0.0652102211820225 0.0858794629004484 0.051057139436998
0.229336524614093 -0.055070580021304 -0.0092878603812306 0.0221325011728729
0.301526774937015 -0.0219746284547571 -0.0835612367140281 0.00096176851056984
0.367222043419699 0.105604193696771 -0.139257795314642 -0.0380682711243054
0.330314553018455 0.286596588809514 -0.149994269805789 -0.201959540899673
0.0971316340869353 0.417273197041846 -0.0337070878269865 -0.321695705006997
-0.0898193225202405 0.399702151861919 0.131449307603889 -0.380573019198584
-0.0675901862365458 0.3873790094847 0.285028490614676 -0.184397670164132
0.0606889046827905 0.272010246977689 -0.0575734255388528 -0.245328280552588
-0.0151582112955883 0.230720141789047 -0.260868756124595 0.343687267580127
-0.00491374933328318 0.312007983022865 0.214810550553968 0.320303713820601
0.275282392248329 0.332243786048406 0.161734769216496 0.0760106988489583
0.403416896663934 0.108747369455734 0.0832887794482678 0.160541360806833
0.315400670926656 -0.0570122703066555 0.186346255308684 0.191063070173794
0.216417221524853 -0.114377857628527 0.229622458671649 0.0972317005045171
0.192121145657378 -0.0985553226708603 0.159607084132547 0.0191515236896361
0.184279730538753 -0.0829498644739261 0.0651536374199295 -0.00814796683669808
0.257918701431134 -0.0437317885978074 0.00723035934421913 -0.0353851127805211
0.336380560809895 0.0855388377703638 -0.0234784016040188 -0.0596951389808951
0.282915202854103 0.305544492204748 -0.0387370854378223 -0.18522448739279
-0.0155997359586777 0.379822357378039 0.0534393235516622 -0.31185721837132
-0.129376056833831 0.268185007390482 0.237935552942712 -0.424433264357117
0.010207957769978 0.265943185698836 0.383148310021221 -0.266833730585246
0.133737602261976 0.122526783045013 -0.0281347751445712 -0.326352224725579
-0.0385693677646219 0.0773871762469399 -0.134845388679869 0.239884227395568
-0.0563456737514224 0.234499341741809 0.223231380008316 0.211397341815725
0.243131422818405 0.271988394410124 0.176066668310769 0.101464043926466
0.348088274524082 0.0356695755145258 0.206453458763053 0.164584658772143
0.234262377592912 -0.101637543803015 0.309043848225885 0.126332229161765
0.142937859702295 -0.135037714021732 0.309064570938697 0.0263257213640411
0.11851823016743 -0.118895669914088 0.214477866035585 -0.017536288539522
0.11711408729864 -0.1041193880775 0.118367641693033 -0.0404153559702509
0.19092416248039 -0.0663075102626565 0.0809889007318768 -0.0704202393018419
0.273424049070616 0.0521691185148913 0.0863358019946638 -0.0695913739380707
0.197681425715806 0.282277277807246 0.0701486143103071 -0.128291729654541
-0.116076539215978 0.262209391622848 0.125548232916571 -0.255562291019201
-0.107961544247632 0.0862854903062341 0.3421958391386 -0.425891475648911
0.11622213847027 0.132185952201024 0.46779397559792 -0.301608330327862
0.161097597675947 -0.0545486549578611 -0.0198422559618587 -0.356922896107772
-0.0826204749349679 -0.0648240152631212 -0.0485800839668198 0.143918484638948
-0.103539812109853 0.142313454111422 0.193241328577851 0.141026418620782
0.169273095658955 0.171777487044673 0.189254725056841 0.13796951125621
0.22030063854594 -0.0344719508135282 0.299097653862086 0.143141722609398
0.104129524950153 -0.116196224036048 0.380016720761084 0.0499059243133982
0.0406955369571396 -0.128000884379239 0.34793382438235 -0.0380161614603214
0.0264503028793812 -0.121431806486959 0.239430169455623 -0.0548543224675484
0.0403343243639031 -0.116226043516927 0.146978842581938 -0.0770865563947095
0.11917366788283 -0.0891964415379513 0.137827355455482 -0.104627191866606
0.203756452484052 0.0136442156343158 0.179110315573642 -0.067934584429944
0.109372511229494 0.218412087859142 0.143298086990766 -0.0489206957259801
-0.154124389239954 0.0992785192850088 0.150608276419935 -0.193132388685227
-0.0056652546155446 -0.0874495738227816 0.427536058176763 -0.415353301082317
0.233701350698238 0.015041806662246 0.516689000323527 -0.29211901503072
-0.277142668842504 0.128329813808063 -0.507322469245334 0.212607097253153
-0.0474334205300922 0.209105085547171 -0.505357094247215 0.481694329391551
0.096430978894634 0.0400547482369079 -0.0953138765714192 0.221482459465512
-0.0376850146711972 -0.0866161938593387 -0.143036381249634 -0.0339735594674262
-0.117844227550484 0.0401973230189501 -0.253486620857063 0.052556167912482
-0.0252408638796995 0.106041399007886 -0.185712527739451 0.151898104004259
0.0423188252772081 0.0961740386484772 -0.131438966528003 0.136221168656836
0.0694833447781823 0.102989096292269 -0.194596478735913 0.0667023570030802
0.0592025080924679 0.102064850819293 -0.313307536561082 0.0736208652142953
0.0204425163929656 0.0976217708985841 -0.3768771651432 0.0218423840434823
-0.0618943175939951 0.0738959460958378 -0.353229693961206 -0.0721154874222978
-0.0661519175471501 -0.0742864457539601 -0.229044871051164 -0.147919237460603
0.145322508916758 -0.0356190927904036 -0.163335285892606 -0.13482498431098
0.101388245845301 0.197100937944027 -0.0819577959002184 -0.138232663478485
-0.184561709236523 0.256413700624635 0.0276033792518642 0.258974448124434
-0.305706066780365 0.210273264346496 -0.436307861114155 0.159398770236584
-0.144189647341788 0.302466365614837 -0.566846101694455 0.485765291797898
0.0397051871716421 0.174522579607051 -0.0674188501712043 0.287661331664323
0.0306766697023405 0.0369170572632052 -0.105551716200018 -0.0544671865318088
-0.0140750421680131 0.0842665721565733 -0.280028239648335 0.0465743758417444
0.0620132524159956 0.105049124875968 -0.198039677745357 0.188156321172793
0.117206315732034 0.0687331784590102 -0.10630876837756 0.172742070135214
0.152443592100892 0.0612384640926347 -0.148457031757368 0.0842717632868633
0.150459570848598 0.0582447771101716 -0.260329546250529 0.0898744830794377
0.150585199131407 0.062158007630269 -0.339964669576273 0.0607890244422365
0.104235523773859 0.100934017174853 -0.353146244150579 -0.0275034266593582
0.0679668837827577 0.0428359111181297 -0.258758875936521 -0.156314385376615
0.16742187816688 0.10676781290882 -0.147898625904681 -0.173262663034368
0.0806815036729143 0.313234982605372 -0.0600442304811496 -0.146874118943871
-0.16204572850645 0.39194352642418 0.0578217712211073 0.180018268828468
-0.268868409046168 0.289255690739 -0.323859617177737 0.0856781242032192
-0.169571234323667 0.367647512432557 -0.567754882015273 0.487427165159003
0.00226299051150999 0.28795093540233 -0.0174813110919457 0.378467747351928
0.106706992721345 0.174644990679266 -0.0362051389778527 -0.025975713618917
0.120502989890545 0.13232790600542 -0.251013439288264 0.0632655684944138
0.164451154385192 0.0880593501196729 -0.16614891559338 0.216194977229797
0.183718958098192 0.0274076316620519 -0.0524984479903124 0.191561690701938
0.211913415136866 0.0140935112336356 -0.0785393785283621 0.0861604356344302
0.212636680847348 0.0115951469210502 -0.182216012627335 0.0799602945482514
0.247646910061311 0.023243207401052 -0.268219408310621 0.0647376685778038
0.247902847883819 0.105898940058049 -0.313867573164291 -0.00467671295637426
0.207125255465514 0.141013646916529 -0.264591571958539 -0.165502354165878
0.187099428488538 0.248040461717412 -0.135679868679602 -0.226299218296516
0.0423317795785622 0.404354191899561 -0.0207131952350791 -0.206699516459003
-0.134292200531248 0.461318625384484 0.111492452596461 0.062586571053132
-0.171644847239276 0.348548741861985 -0.207512279898323 -0.0113167299641141
-0.114777758367829 0.396163446826732 -0.497884911568023 0.474375323596165
0.00930655067516601 0.356634097450498 0.0633356621224785 0.430273404374541
0.19493105070784 0.283023081952065 0.0462952018712034 0.0191185037458493
0.263796691268842 0.159910169205598 -0.16845802415306 0.0985008633048695
0.262897227709198 0.0506494379132331 -0.0797389581163055 0.231853664430296
0.230326894168626 -0.0244610520668827 0.029610966359237 0.183776569132554
0.238081890856964 -0.0309513219920879 0.00361868429980741 0.0727395867008316
0.237133986760831 -0.0283616980279218 -0.0941114341026075 0.0543283664055753
0.297725618406362 -0.00923616847131187 -0.177276948962293 0.041503448351111
0.341043938592051 0.10044479386783 -0.23739538732287 -0.0103381416497005
0.307611766116427 0.217770171579458 -0.231187536107652 -0.180283420628474
0.174936901287333 0.359372633941728 -0.10512207822265 -0.280339872974488
-0.011522220923831 0.441303518994627 0.0367071799269244 -0.294422221584666
-0.102221394072496 0.456044801261866 0.185056340881556 -0.0698659131654941
-0.0460082447407022 0.346311774010107 -0.117715516731914 -0.128588045748782
-0.039448933859582 0.349845619647215 -0.381991557597761 0.427413483412247
0.023299692665635 0.360139803710149 0.156027978112531 0.40479174347916
0.262334645036314 0.330824729219896 0.117304067195354 0.0516192149946501
0.370359854394603 0.145188486491843 -0.0459058690891593 0.136962329932215
0.319540731985126 -0.00636591791916348 0.0488705758299429 0.223411187371573
0.240965385527246 -0.0765147863122618 0.129612446465052 0.147347265722973
0.228069077294556 -0.0703580923161778 0.0871473288010626 0.0470659281206957
0.223280877900157 -0.0602532890745334 -0.00808548892292651 0.0229527381409928
0.295169328891986 -0.0320719758995016 -0.0809241557265071 0.00494095121170372
0.3636600664761 0.0916388722419652 -0.134092911609368 -0.0344669996274484
0.33471033034165 0.271167674851967 -0.151184398160778 -0.192203726742592
0.106901498034242 0.408229455679214 -0.0415071613815685 -0.314080539957625
-0.0775419770944938 0.398347159038694 0.120512006578988 -0.375709031189913
-0.0571339862729012 0.379698068847086 0.275244810715742 -0.187899497163108
0.064840053241977 0.263798567938218 -0.0636874262917107 -0.239893732840803
-0.00838906530355306 0.228920909466502 -0.248256430808047 0.345976642946931
0.00260803610331245 0.308650729115567 0.217808357236268 0.310515417905113
0.281047301664066 0.317441878090997 0.156990153142134 0.0715148611465028
0.399616396682389 0.0921703490444405 0.0888586667213897 0.160700957281294
0.307960937311099 -0.0650026071200523 0.191987503264802 0.182775856333117
0.207415118133856 -0.117106964961201 0.227168283231755 0.0879587575253223
0.183412962158806 -0.101122647081272 0.159133009884871 0.0140999264548017
0.176203667037068 -0.0853865854923948 0.0634866406959815 -0.00769818890511904
0.250680822784422 -0.0509762770721554 0.00687607703994145 -0.0340511827679881
0.331128517364032 0.0713563647748663 -0.0220993760277156 -0.0585205038548244
0.287623421162761 0.289771035344535 -0.0399475342447461 -0.177665806024097
-0.00401552133902389 0.373981041900716 0.045017696201485 -0.304534410858592
-0.121574871950932 0.268502055368068 0.224210360482167 -0.420449808407976
0.0160123061769896 0.257983138305625 0.369371054171788 -0.270779398641588
0.133109827847293 0.115486159944774 -0.0382817139857348 -0.318977853695756
-0.0353085442668325 0.0783566224678068 -0.126204052326806 0.240531111322222
-0.0494064262414645 0.233901925593059 0.223029336119202 0.200782472744343
0.248173967204567 0.257769395270469 0.17270047393746 0.0967002051869294
0.34169998542941 0.0216084591625985 0.210969072459218 0.160237268433617
0.226339134995328 -0.10579182968016 0.309932813526526 0.114886618118841
0.134364839412241 -0.135365453582064 0.302581213636592 0.0170947992070299
0.111661756869965 -0.118504652819176 0.210965662353163 -0.0237965137126896
0.109223870809228 -0.104617627724149 0.114089728814829 -0.04063451461906
0.18518573303854 -0.0716450908489076 0.0771238824127397 -0.070205584499492
0.269274370121434 0.0405613950009452 0.0858435591145923 -0.0729156893633083
0.204299240614252 0.269353525899827 0.068514224348857 -0.124802440206372
-0.107268376035359 0.262478809688595 0.118170453185364 -0.251094729222217
-0.105792236138806 0.0886582295352949 0.32608203693838 -0.423027134683087
0.116176970522315 0.125425079157688 0.451930625216259 -0.305846358998121
0.155350560416175 -0.0584729661624326 -0.0298829197786623 -0.348965104421904
-0.0839109158920079 -0.0597966346043415 -0.0438514314886152 0.144079048722753
-0.0973168230104749 0.145301392190684 0.192396095926567 0.131565914669847
0.172785918114037 0.162307256160486 0.187793459751578 0.130769808845535
0.214214764999797 -0.0429561806031017 0.300317240107375 0.134673869075162
0.0981440238475078 -0.116161331635759 0.376405010127098 0.0358122610445419
0.033835165821242 -0.124802247824702 0.338216903382291 -0.0493272763400377
0.0204132882757363 -0.118391818433325 0.234351236220509 -0.0603103629632612
0.0333995709476401 -0.113529934606173 0.140527306891096 -0.0775331160244347
0.11321333843271 -0.092130384371448 0.130579246725296 -0.106585254473967
0.198800092872047 0.00523038472042822 0.176211904643427 -0.0734339282623283
0.115838697186628 0.210478392454785 0.142763362359294 -0.0484219978303938
-0.149618407248566 0.103281509838354 0.145434000333479 -0.189455621850566
-0.0100393928734672 -0.0859167844321168 0.408106795305999 -0.416439895162693
0.228921418489323 0.00800983434395068 0.501757725752745 -0.298882080668676
-0.270374074615947 0.131067696778713 -0.496366016213795 0.21372381425906
-0.0427648313870182 0.205519339856763 -0.488354881742794 0.477207652710802
0.0949319628285332 0.0364609690042129 -0.0916174393984423 0.21305674001441
-0.0398976424460034 -0.0839390268645226 -0.145449637656655 -0.0335225430612559
-0.114429407924741 0.0436237193996621 -0.250223213153262 0.0567599625690251
-0.0213211053873035 0.104347835764305 -0.177650573945145 0.155017592331374
0.0433631462444514 0.0928842485081962 -0.121680318020025 0.134344070177215
0.0709299265933476 0.0981261274745297 -0.190287948945758 0.0667138640457745
0.0626513762784788 0.0993987350722408 -0.305918509040834 0.0780148744211864
0.0224378028060391 0.0953387187019821 -0.370143639443426 0.0295810501830487
-0.0574739615357487 0.074272508360535 -0.346982002003467 -0.0657298160475534
-0.0667898616281134 -0.0700959462476771 -0.227149256045348 -0.143914933220893
0.142672516712553 -0.0385927412494361 -0.163705859966664 -0.128664576426911
0.102837790729419 0.191652545776346 -0.0831784285085771 -0.13291092050313
-0.175677784797805 0.255319324602637 0.0323756368119478 0.24969427350544
-0.29797492608576 0.210534533323935 -0.427481935617867 0.158246703917624
-0.136169873197087 0.298726031673289 -0.547715161298552 0.482790210305115
0.0410275564270046 0.16886439430098 -0.0639077582549548 0.280071803225779
0.0288947913961072 0.0346407516495049 -0.109414355234229 -0.0541980239457438
-0.0124539144610115 0.0840742469284771 -0.274946621246948 0.053270489096849
0.0632953568389956 0.10199995001355 -0.18752645051567 0.191084787113402
0.114509298340977 0.0646529985286794 -0.0962611778212098 0.169668317242543
0.151023977902778 0.0567031287284035 -0.144749942093708 0.0831709503294455
0.151191246518434 0.0551599374704192 -0.253490288606393 0.0917942955249924
0.149058705746132 0.0586223482948524 -0.330311291214651 0.0663233796246858
0.106497831874181 0.0967424265308811 -0.345997541371519 -0.0218611344707353
0.0671839130000934 0.0418494528731987 -0.255995434304449 -0.149194330069968
0.165969509751526 0.101366401687819 -0.14874210837967 -0.166820886031087
0.0846160229539916 0.306809103443861 -0.0613712953260373 -0.141551381081216
-0.153258470280873 0.386235684070586 0.0604980843904378 0.173864147935982
-0.261121436773021 0.286076716746869 -0.317331454306914 0.0843427881806277
-0.160211756374433 0.363671622277905 -0.549825678665846 0.483790372151302
0.00450113642010658 0.281419441188207 -0.0141600812162741 0.369052159286183
0.105558973732642 0.168396337917938 -0.0411262411651711 -0.0262877506101095
0.11978251593684 0.127312444818486 -0.246029981839347 0.0692951462285837
0.163637060371898 0.0838821441672182 -0.155621416420656 0.217924727346477
0.180152689409578 0.0240155837922593 -0.0444312132523969 0.186415050378375
0.207031609621988 0.00980601731206356 -0.0755944380306394 0.0835284407282745
0.210281418309708 0.00812050279444374 -0.177039612632544 0.0814071135316739
0.243005541610435 0.0183033023357949 -0.259661185276088 0.069023444722989
0.247356643277658 0.0978284166698566 -0.306095925075726 -0.000181913327573861
0.205797851144937 0.134591561431211 -0.26127660067124 -0.157913009967488
0.186979573215537 0.240778232493256 -0.137412202355386 -0.218916727027457
0.0473010414809064 0.398445439354351 -0.022578631042414 -0.201485322951789
-0.124004618141111 0.451855349990549 0.110231124727226 0.0585335716948486
-0.165683054307944 0.341918480096915 -0.204780897354487 -0.0102872043068203
-0.106674561184147 0.392166760828105 -0.483684033739335 0.471430031933526
0.0114943496204428 0.349444843287207 0.067232700767758 0.42107778031933
0.193585209906139 0.273209661802063 0.0403859278652427 0.0177808035642175
0.261082925152207 0.150742644605672 -0.162469525637998 0.104023754914112
0.258873173395864 0.0441334469524211 -0.0702991779749846 0.230826930729541
0.224818529151949 -0.026833584843569 0.034101411981658 0.177876633653466
0.232026005762423 -0.0341944331027582 0.00547092140777075 0.0694138607980564
0.233187332834179 -0.0313867533585988 -0.0911527436768845 0.0550876446779839
0.291562367701863 -0.0151737423337694 -0.170618318726614 0.0451823724631815
0.336722282446316 0.0913988148024734 -0.230537924571507 -0.00691372717577807
0.307314529932801 0.206871889120248 -0.227448095037998 -0.171730968864604
0.176913361426227 0.349602934326882 -0.107635994995993 -0.271826069803943
-0.00507574655709459 0.435518315593382 0.0330765381501107 -0.287617755762767
-0.0948326952686098 0.445489761680057 0.180918150870816 -0.0711337187804195
-0.0419235209100409 0.336913240744744 -0.11824951454109 -0.12569137924397
-0.0338974120244531 0.345104344155666 -0.369916165280591 0.42520079548445
0.0267233842816775 0.352749854862281 0.157399095293214 0.394966095348018
0.262441673680992 0.320087818125912 0.111617808865709 0.0495806336096023
0.365418911176717 0.135450960448409 -0.0412257894172304 0.139183025477586
0.313427741067225 -0.011564013838799 0.0565124258912919 0.218915434584725
0.23374573567732 -0.0772814473728365 0.129418096056409 0.141866656581666
0.22110555188508 -0.0719952448969141 0.0870326459520337 0.0441212261875699
0.217238620554934 -0.0616642210035204 -0.00780648727574285 0.0242752113535095
0.288593378128741 -0.036723161346942 -0.0768102888051157 0.00722168795769849
0.36011809193538 0.0799040594913891 -0.129115244406631 -0.0321137813970818
0.332932472117919 0.256585729416387 -0.148549924413747 -0.183762845551856
0.111183158250644 0.398840508769769 -0.0444577365701889 -0.304711997362053
-0.07127638322271 0.393785628143269 0.115708509280358 -0.368010396169225
-0.0509277011065323 0.369034241251069 0.266734244382256 -0.187420663610397
0.0649416287876607 0.255594645219414 -0.0669709246130706 -0.234918851533866
-0.00391079853537061 0.225999318491011 -0.239377713586652 0.345389587751343
0.00502756029486842 0.303666605451258 0.217623451961636 0.301390521928753
0.281616654614826 0.307113201890736 0.151125547302623 0.0688111937179757
0.394464489805477 0.0809507772069251 0.0924962428835582 0.160069669282631
0.300608766066324 -0.0689112186588494 0.194715187250083 0.175940906442786
0.201072697014924 -0.116057324862236 0.223489279379669 0.0819675153506717
0.177055124047202 -0.101028076511275 0.157263995423899 0.010776108307871
0.169896579016907 -0.086047656995506 0.0629483965747144 -0.00678332251978647
0.244266256801871 -0.0544525548670964 0.00720586363680897 -0.0325778221387972
0.32513960693637 0.0611586762148148 -0.0192190604838127 -0.0579013602795994
0.288154368249474 0.277495601406113 -0.0395955804723465 -0.170948820896333
0.00153186583569946 0.367950801481011 0.0410635256133401 -0.296698188723895
-0.116122247450414 0.266658244737576 0.215106653173109 -0.412736250223116
0.0174696233398623 0.24979815195329 0.359103391541849 -0.268677788806411
0.129915070609684 0.109539757057094 -0.042976235706876 -0.311736513684019
-0.0331571520890613 0.0792638769788563 -0.12029355294381 0.239017316992556
-0.0456189534753897 0.231923673871095 0.221125461555948 0.193426283335049
0.249555858046196 0.247631307465334 0.167944758110904 0.0930501704625474
0.33545343444936 0.0119662036966883 0.211888982796026 0.156293585279886
0.21967784141577 -0.107273989966564 0.308157511230854 0.106716877294128
0.127184747781653 -0.133148063161845 0.294700689769784 0.010423290407581
0.106370257110086 -0.116843393253255 0.207651896253447 -0.0256870371777959
0.103576451396352 -0.102689648040464 0.111673626983396 -0.0391759220859886
0.178557753728846 -0.0741539557573681 0.0745597758770273 -0.0691801491519476
0.264102031364324 0.0325818774769742 0.0845460661978644 -0.0741224495038761
0.205488228238726 0.25874419309842 0.0689432028488312 -0.120175785111285
-0.102085691249554 0.259602993557083 0.114560815615034 -0.244889807341868
-0.104330999806162 0.0898014860151048 0.314908705736044 -0.418022503032012
0.114581927212173 0.118739148344432 0.439872367475256 -0.304569769304893
0.149943228135498 -0.060608829674229 -0.0348161004355645 -0.340213361382691
-0.0827074201048583 -0.0557305197941256 -0.0411014043801991 0.142663500404184
-0.09361576670518 0.145822236246336 0.189514533324285 0.124991511710052
0.173449564978919 0.155675439533978 0.183887141342947 0.126971117467233
0.208315725531215 -0.047433907839202 0.298844630013784 0.129372676905423
0.0928605313707471 -0.114605576401839 0.372105874888429 0.0289030999820448
0.0286296992491713 -0.120944101791914 0.327893382554261 -0.0527134044236782
0.0167986005162739 -0.114924881794552 0.228617198046991 -0.0623524914190794
0.0286288788308725 -0.110396990788538 0.135580987257771 -0.0754667786461071
0.107799552118911 -0.0923813842942709 0.125379520093195 -0.106046590955844
0.194055906440505 0.000594312240295135 0.173483982191542 -0.077759916263199
0.119444608432674 0.202212555388751 0.142808684797196 -0.0465667498911459
-0.145977549767077 0.105414980897618 0.142063725851462 -0.18325389798222
-0.0134142296633738 -0.0834126696747061 0.392526448695537 -0.410442123749683
0.22306491700637 0.00411302481830811 0.488588102033419 -0.298343318343281
-0.266113406117081 0.131097841100046 -0.492866309364697 0.20713595373816
-0.0413620782656365 0.203126362213575 -0.481963187713755 0.468194722181785
0.0944449134861711 0.0344074615047033 -0.093601140928953 0.207295942789713
-0.0413585047653118 -0.0826919018915408 -0.149124999773433 -0.0342812439609053
-0.112192224623009 0.0456608070444262 -0.249551639456131 0.0584899280374919
-0.0196831022688231 0.103256383905408 -0.17201664820683 0.156974981961033
0.0426786893893683 0.0910219221306596 -0.115457133986468 0.131568015294513
0.0714467902601079 0.0953249710085148 -0.188783073746516 0.0651263706017332
0.0645686066456905 0.0979828276974893 -0.303018754826894 0.0780607236224863
0.0224939747042515 0.0942920715760955 -0.365974529841032 0.0324737327437832
-0.0543794281331317 0.0740820101312273 -0.34361085392448 -0.0644792896317745
-0.0672558215012145 -0.0669690757181512 -0.224835514344094 -0.143918205510414
0.141789991572656 -0.0394644609360151 -0.162230474651879 -0.125746113987739
0.101791304335055 0.189375780589779 -0.0837915251531876 -0.129221743502114
-0.172570735297413 0.253307851094739 0.0334866372061881 0.243538231507735
-0.295691552460396 0.208236305521788 -0.423973041325743 0.152593623543349
-0.134029261624682 0.296270627043894 -0.542584486946948 0.475719347573919
0.0396541345533708 0.165721173020297 -0.0647367784953394 0.274005978575707
0.0267250316599176 0.0332392476656236 -0.113370671800445 -0.0550724235357452
-0.0116611612302275 0.0836074317193388 -0.273302826094825 0.0555444965732533
0.0635817259576216 0.0999528829564274 -0.180580644394203 0.19284411205115
0.1131610851514 0.0636814082910016 -0.0904578821231048 0.165965637935094
0.149384793480649 0.0541459050956316 -0.142696485546164 0.0803712806323389
0.151499532248772 0.0537285487891587 -0.25044846971811 0.0913865957416484
0.148697189650098 0.0578462318575341 -0.325905756744829 0.0684979928507784
0.107538484906832 0.0944041242757125 -0.34189297641076 -0.0209710130833724
0.0672504395836666 0.0423157912401384 -0.253268457421478 -0.147987462291353
0.165340018329967 0.100580165001667 -0.148743950784046 -0.163411227974126
0.0838729104943965 0.304487403860414 -0.0609796690605182 -0.138211282373169
-0.150195131877654 0.381480355240166 0.0614373801394393 0.168822056222016
-0.26005684543275 0.280852914956964 -0.315766997064964 0.0799716597875817
-0.156931180838384 0.360409689420252 -0.54178781532727 0.479073089733675
0.00296944096583301 0.276716485099652 -0.0152547877337031 0.36387602430186
0.103023374343586 0.164823128250909 -0.0458909837951223 -0.0275255861173778
0.118455073146938 0.125305042953155 -0.244434269035842 0.0726032524563475
0.162474439106564 0.081184083830327 -0.148284231726379 0.218420527189796
0.177201164172167 0.0240140358736641 -0.0397046425248844 0.182316927826121
0.204476698946169 0.00884309996591234 -0.0747704332987435 0.0813087821107051
0.209849864446774 0.00748548655658858 -0.175722901546805 0.0812618768298123
0.241022570756178 0.0163964674042859 -0.254516849724776 0.0706321496402764
0.246362629567379 0.0943571210897048 -0.30093030635258 0.000786183302522096
0.204518524146589 0.132301667050468 -0.258510274679199 -0.154267207095479
0.186492190538754 0.236929559201255 -0.1374961737529 -0.214875409716334
0.0490801132197356 0.394987530847274 -0.0221009169158399 -0.197189914931393
-0.122905370568354 0.445981432476378 0.110042707393141 0.0566959782133992
-0.164813373866165 0.335777913979428 -0.204062189430011 -0.0125216698913073
-0.105116240236708 0.38757821371466 -0.477258625360324 0.465276342140299
0.00797849845311502 0.345087003451169 0.0671808170822091 0.416834531497849
0.19098992260988 0.26891905526509 0.0359863778916915 0.0164993792560564
0.25822551616523 0.147316982681044 -0.15978874757998 0.106186886392757
0.255948539662767 0.0418720477600998 -0.0641567758324696 0.229588932737086
0.220958215911766 -0.0258483969835005 0.0359874234417386 0.174571387472383
0.228613944845094 -0.0343361497931793 0.00594005035996777 0.0676868562381214
0.231197691054785 -0.0317876518439217 -0.0898473233554842 0.0551047537483628
0.287894730381087 -0.0159741011815597 -0.166274390294169 0.0460961405677057
0.33518649960571 0.0860983237491212 -0.225440971307463 -0.00588454740453082
0.304757691215651 0.202970011081763 -0.223568980316926 -0.167965395566514
0.176750851113473 0.345519728610508 -0.107089569707338 -0.267164002845644
-0.00553297480082242 0.433696180726417 0.0338990850496923 -0.282668907365839
-0.0923232703099766 0.437448651782335 0.179130925004294 -0.0702568189839575
-0.0432175591534487 0.330771013542021 -0.118677000033108 -0.125664764627876
-0.0313744390111303 0.341964275960171 -0.36588214596889 0.420841836908316
0.0242366275985483 0.349923855240346 0.1560183498339 0.390335986061141
0.260175550724598 0.314684752084265 0.105435062251096 0.0482231306999305
0.361908746642517 0.129457715530532 -0.0387332102058674 0.140967942626185
0.309672284169351 -0.0141627070023126 0.0610315256857046 0.216435927370795
0.229147753672377 -0.0763693654610212 0.129187320494414 0.138804199897189
0.218162852581638 -0.0709313196404744 0.0869090234716282 0.0428731329340946
0.213874212339665 -0.0616452019439924 -0.00645864154048888 0.0249685774117512
0.28436955498795 -0.0379177467191655 -0.0736576940769518 0.00819356318652287
0.356111589609013 0.0756321166488788 -0.125229057366157 -0.0317614715860534
0.330674150554782 0.251445603127151 -0.144737450401827 -0.178884999801526
0.11016489480347 0.393182601067785 -0.043326911490991 -0.299359808378088
-0.0694332762166491 0.390646816840964 0.115022216839405 -0.361407013338548
-0.0502294849508638 0.362504878373882 0.264250975619926 -0.184539995460923
0.0623237100236869 0.249947272422498 -0.0673122533807634 -0.232648641128237
-0.00267916444130614 0.224399043346694 -0.234640245905146 0.341384194894183
0.00358884399487219 0.302021249293944 0.214968201507049 0.297684445628712
0.279866167262097 0.302015481842997 0.145846976879849 0.0682867248177448
0.389674551713456 0.0757877367528997 0.0940536737926755 0.161249487685594
0.296670976637997 -0.070073050047561 0.19665685030703 0.172032736999469
0.196662612545832 -0.11427552897128 0.220167232389199 0.0805815227655408
0.174359507679802 -0.0992154755701335 0.156232378001984 0.0100268917426311
0.165829435480088 -0.0838014558886919 0.0629072824430103 -0.00526498540805657
0.240015689190561 -0.0553858121456166 0.00888345773211082 -0.0303510290932796
0.321370298960475 0.0565170347737569 -0.0169721885825187 -0.0583610512889383
0.28638432030724 0.27054813940242 -0.0362478707210359 -0.1657920267717
0.00143365247891256 0.36404477666194 0.0420999489565462 -0.290746108299312
-0.115971344317512 0.266174520638596 0.214420375503564 -0.4068068742153
0.0163202870877756 0.243645225354715 0.354915072188212 -0.264463925191247
0.126672280746012 0.106120180059404 -0.0432503781956933 -0.30775965108801
-0.0321226861004001 0.0792832586711284 -0.117637395226654 0.237785560566948
-0.0453610605179522 0.231256917117174 0.218631145072477 0.190115330082374
0.24807584961594 0.243953217529674 0.163517306033013 0.0925564406062784
0.330429664297436 0.00824118088095991 0.212566679386587 0.15611058129297
0.215862925080064 -0.106552234049124 0.307331519825448 0.102476915731618
0.124056118842257 -0.129501862796115 0.289197685718504 0.0102045514237673
0.103286476510988 -0.114591208827292 0.205989562336822 -0.0263654070662016
0.0994476016892719 -0.0998971539829459 0.110379594374056 -0.036808061997352
0.174290392845339 -0.0744304245042783 0.0740123645796637 -0.0676395986226618
0.259876477853968 0.0292603820168727 0.0851787954080042 -0.0742574487628052
0.205780095398413 0.25228643780845 0.071454499039363 -0.115836150579565
-0.101017569441408 0.258655201879352 0.115598410267665 -0.238698610581217
-0.104539280820931 0.0896769475370599 0.311676599640137 -0.411327945726362
0.112431178405228 0.114898394865164 0.435952098179678 -0.299436707076563
0.146792532415045 -0.0610003257207805 -0.0354219045879089 -0.335451316219889
-0.0818138000986602 -0.0540611647618466 -0.0390570801601924 0.142015909997711
-0.0918207964777766 0.145726882550922 0.186786916593602 0.121443501457797
0.173674535783288 0.151434338110441 0.180722063666205 0.125712695528746
0.205054991493962 -0.0501439020588834 0.297664016164313 0.129070129253439
0.0908416684397917 -0.1121331842733 0.366998601563571 0.0254373352105015
0.0263672642570036 -0.117461221994804 0.321152378248976 -0.0534648913344179
0.0152163193467044 -0.111789352457312 0.226979806848622 -0.0621639727264312
0.0253521039926808 -0.106814488227044 0.133321106391749 -0.0734441768262379
0.104840435552824 -0.0922180145542499 0.122201138255912 -0.104348900567604
0.190301351365174 -0.00280206027953668 0.171784328780149 -0.0789055669225965
0.12004057340388 0.197918326933618 0.14500636313045 -0.043613680928883
-0.145587929468244 0.106660356789724 0.142885927759204 -0.177698724800108
-0.0153860374033934 -0.0814447920284855 0.388317927277779 -0.404753334713618
0.220002894954894 0.00268015220345257 0.483283434466292 -0.294285352109407
-0.268263103501858 0.13165774405038 -0.500407886506483 0.205338532534953
-0.0415573138696957 0.204511080807788 -0.486408252082896 0.468329980871882
0.0950045945256859 0.0336044622419235 -0.0965447940426532 0.205244329844181
-0.0434766913526738 -0.0829999455438036 -0.154967900179547 -0.0368788651770418
-0.112562814522997 0.0477156111632387 -0.254012131802752 0.0605598338315706
-0.018129077306829 0.103317179545772 -0.169710334494046 0.161390410228502
0.0430868489213869 0.0909295516319421 -0.112809613536659 0.12932524228596
0.0725050462337736 0.0952171345407057 -0.190663702989683 0.0635549078087258
0.0681202698469941 0.0981615485190742 -0.305464832853391 0.0791358828902524
0.0232556816766729 0.0956108723323969 -0.367681236392238 0.0334564276780909
-0.0531083869347205 0.0748411175188967 -0.345629306451033 -0.0664516680048422
-0.0680041115922521 -0.0658256577190577 -0.226828869762095 -0.14735506920486
0.142524653330747 -0.0408394463902004 -0.163929474060892 -0.124947150849907
0.10236800597387 0.190751809324261 -0.0849541340331622 -0.128121245488207
-0.173518005495732 0.256152500144014 0.0341108089302304 0.241385900934182
-0.298491847699713 0.207282744078656 -0.430014980518122 0.148604959281162
-0.135109673865726 0.297811061789228 -0.547753088385485 0.475572346852427
0.0391356943844494 0.165567892520753 -0.0673312143606976 0.273362831174681
0.0243339279344237 0.0334833960306686 -0.119036319114596 -0.0570089530291231
-0.0127280459353871 0.085049114573777 -0.277459703655375 0.0580474947943865
0.0650996217906498 0.0999585994529255 -0.177983677613202 0.196208669831153
0.1135744226145 0.0639974077832881 -0.0872185582774011 0.164286269925507
0.150494130914801 0.0543403134342155 -0.144567607390336 0.0795325102596135
0.155206143757288 0.0538237904512957 -0.252752058702578 0.0925680631339473
0.150104000336696 0.0586280325703344 -0.325953622546153 0.0700698848570381
0.110626860564456 0.0942368942238296 -0.343639308907218 -0.0211584805636529
0.067456503003939 0.0439010308674766 -0.254763827987486 -0.150443309285099
0.166557391259232 0.0999464140773669 -0.150162651254981 -0.163437202361357
0.0838629697427747 0.307846154859451 -0.0604125845482539 -0.137301970963393
-0.151542494855247 0.383441001491631 0.0624344717628721 0.168317127376049
-0.263481402981367 0.280785586325572 -0.320721475572089 0.0762210209103451
-0.158482242429112 0.36382102730149 -0.548020668713007 0.479118839793908
0.000348976382289549 0.27851104397925 -0.0164211881278611 0.366097571204575
0.101693892042033 0.165273147007347 -0.050835949342134 -0.0290672150168436
0.118673259714264 0.125904867588759 -0.24628101237766 0.074158330794607
0.164098138748732 0.080261025512241 -0.143842854747272 0.221596553514473
0.177690599456617 0.0245388348390098 -0.0367062795017923 0.182311863173145
0.205039928824581 0.00906104290363744 -0.0752071563026334 0.0800037656273965
0.212514264497121 0.00692754334404702 -0.176790022292883 0.0817930506271047
0.243145375563312 0.0179982114382416 -0.254437343969042 0.0718790113348661
0.249681957834659 0.0929650717586221 -0.301739729075369 -0.000500273141843683
0.206428972804811 0.133071240288826 -0.259217478519342 -0.155601375659099
0.187850217205324 0.238790355369576 -0.137802076788929 -0.215095991159009
0.0479677860198899 0.399832062130558 -0.0199945046939982 -0.197097858842569
-0.125485123731627 0.446976995665706 0.11162354524462 0.0564370125980524
-0.169756598608023 0.334837408993041 -0.207348878704602 -0.0164467597405805
-0.106614144506681 0.392263062513271 -0.480975790997856 0.465623837844493
0.0063084175015287 0.347306147778975 0.0649700683391601 0.420587265571729
0.190445895558516 0.270251300881493 0.0309959594163276 0.0159371673405258
0.259473496061493 0.146656321171497 -0.161778559068991 0.109201439806555
0.257926828790836 0.0404684349507455 -0.0600582735877475 0.232050154332957
0.22155360027934 -0.025348246933999 0.0390048353668617 0.174722091365897
0.230317601950369 -0.0336401744897086 0.00652788886069865 0.0669409876742153
0.232746544071322 -0.0315082917776526 -0.09021525706091 0.056286477064137
0.290469350133513 -0.0163499052871018 -0.164779341674593 0.04676375923454
0.33877589742492 0.0840557123922006 -0.22470016779045 -0.00663484272404693
0.306811222642352 0.202558489135802 -0.22312395517508 -0.167336300930505
0.17728704140549 0.348003658498639 -0.106606301212191 -0.267473063444367
-0.00565949847534334 0.440264287971568 0.0378404151452357 -0.283507207913301
-0.0953968265472375 0.436473129436835 0.18165413894976 -0.0696781636902745
-0.0480932186251053 0.330369498646563 -0.120642097762312 -0.128630755700137
-0.0313121344791547 0.344696419808811 -0.368949936954891 0.422769781015929
0.0214514315052858 0.353891071655934 0.155771436682229 0.394312305430818
0.260448171212553 0.317089735271473 0.102071214073125 0.048584915205317
0.364556061507832 0.126866459159675 -0.0386757999067758 0.144650492074034
0.311592359296108 -0.0155232322336832 0.0644633011234903 0.217231795997988
0.230730169138638 -0.0749668537081352 0.13057762076039 0.139874735918107
0.218980094418349 -0.0702364534726915 0.0879237262072472 0.0419232488602191
0.215283584765324 -0.061562569048072 -0.00563265808599935 0.0270059940809629
0.2861025143047 -0.0378792806339465 -0.071453304990873 0.00972343758625894
0.35887859139461 0.0735711690836623 -0.123010199549838 -0.0327732868988243
0.333630760017725 0.251070236153806 -0.142173378191772 -0.17789028310759
0.109827621392441 0.396596334188511 -0.0408182299798623 -0.299506658224117
-0.072110099838581 0.396934171174102 0.119319116400934 -0.362731317930369
-0.0547467430005898 0.360783390002252 0.267589114153542 -0.182985844686415
0.0594833030515792 0.248694998446489 -0.0682098567961574 -0.235398836139548
-0.00278632641365291 0.226612437175092 -0.236547504775155 0.343453112725036
0.00120339445169207 0.304978792436846 0.215661741532712 0.301360984646128
0.282404524869358 0.303164563548795 0.14329852231541 0.0696560091165242
0.391117263179448 0.0727140919579578 0.0962682603773368 0.164334068935247
0.298560032144174 -0.0712870593939177 0.200641749010307 0.173163300867396
0.196874528828865 -0.113068171084309 0.22176793775947 0.0812017790563099
0.175236080310673 -0.0992795358819046 0.158372614064729 0.00992128197405288
0.16659260611471 -0.0834799118084731 0.0647824547436023 -0.00364598056706776
0.239562451438877 -0.0568384147623513 0.0112662972622143 -0.0300829105571893
0.322804865515628 0.0540712446235381 -0.014248301152787 -0.0592275600810463
0.289856605905381 0.269391263576606 -0.0319425312593254 -0.164024563967118
-6.82070961263576E-05 0.367634289517162 0.0460630102157116 -0.2900515996769
-0.118734466564713 0.269516456793795 0.218539124389459 -0.407117143470384
0.0141947557736817 0.241822778181879 0.359841242353758 -0.263432403638915
0.125519823147527 0.105445687615211 -0.0434504350030252 -0.310219655111566
-0.0322488552534988 0.0801905291407569 -0.118114082239218 0.239385262747648
-0.0476946171573959 0.234898571174147 0.218758390718048 0.190716060973373
0.251113737514191 0.24375007081729 0.161081359241506 0.094114275165142
0.333140800889066 0.00573488279869568 0.216256168306076 0.1599182320219
0.217192188749362 -0.107660744841294 0.310307789193806 0.102086354074486
0.123754112698468 -0.128904479842483 0.28996050491616 0.0118570582103622
0.103142653187659 -0.114359969657069 0.207863069113542 -0.025687134420319
0.0984942539597173 -0.0988686408158159 0.111762980356006 -0.0355457860873923
0.174400475036896 -0.0750984620162147 0.0756224331996501 -0.0674119942644579
0.259860756172991 0.0259523114284539 0.0878363780357124 -0.0758675565076832
0.208015653715386 0.251034814517645 0.0763070615030033 -0.113034083802131
-0.103196283486328 0.261702025402344 0.120184109128069 -0.236189851985684
-0.106655621487239 0.090906647489295 0.316668197012659 -0.409822161009953
0.111309617564725 0.113540596082794 0.440124355402423 -0.297897311860761
0.146256945684297 -0.0621292367817956 -0.0350263295544273 -0.336735434258853
-0.0822745445577416 -0.0541404924312018 -0.0397395729143699 0.143195269925916
-0.0932580736282391 0.148772433069835 0.186047631349146 0.121005627066724
0.176851034516219 0.151191069814229 0.180035549228148 0.127632158803826
0.205751934868833 -0.0525521617496087 0.301701150437856 0.131484170344874
0.0914446299604879 -0.112244717013418 0.369340755404493 0.024246029226112
0.0251044747792936 -0.116381258660331 0.321104364501369 -0.0519488002688699
0.0145439168586779 -0.111237900223593 0.228914949147101 -0.0616171410708385
0.0239966974944614 -0.105953323067728 0.134041813831183 -0.0708758661780908
0.104315609217185 -0.092636206019638 0.12281190313791 -0.104653848264795
0.190756845698454 -0.00460580834376441 0.174341014007908 -0.080500827827221
0.122012754322746 0.19817487601835 0.150615196572225 -0.0404307787088974
-0.147847593353839 0.109792364093367 0.147704737612305 -0.173876202698142
-0.0168753647566934 -0.0812458197933832 0.395339784524662 -0.403023110142034
0.221580668116286 0.00270816906602446 0.491158160282314 -0.292704730707019
-0.149504467024762 0.266598552714528 -0.272408211768637 0.49045294446506
0.0860605164940338 0.191092535770886 -0.104638323329516 0.683755163574504
0.0963713896766999 -0.0285313739733046 0.0438649994251209 0.222114873463742
-0.0845817900869099 -0.0394066498064418 -0.159306961686763 0.0673671817624567
-0.0602268945874085 0.106717347221095 -0.170201540569611 0.210722881189841
0.0487926628227057 0.0935200555241379 -0.0326525250500005 0.237955837574392
0.090572176406913 0.0465604394059361 -0.00767831905410872 0.172274947621237
0.118288811383631 0.032299812748241 -0.117419107420148 0.168630901350862
0.117370154654492 0.0388914076367803 -0.199693984333934 0.255524872047989
0.0809512259661321 0.0651326911484302 -0.281672174119999 0.256995658587671
0.00185430850181049 0.0968089818393284 -0.320690943486453 0.161052287221744
-0.0994888598872194 -0.00921086580743177 -0.277495774526986 0.0212231010457041
0.0911908001534469 -0.127060029301107 -0.211546940353828 0.00564131823135273
0.206066407600849 0.0931688380135454 -0.155474269147301 -0.0434115324433628
0.021659551127958 0.332405769237594 0.175594511194546 0.159243949794258
-0.134171419077192 0.345117279844307 -0.244964208358837 0.401396158271786
0.0646151237037741 0.321940013923178 -0.149606754616034 0.730854692925624
0.128234134244967 0.113378415913512 0.115218116520136 0.265944150465345
0.0360417455973226 0.0140111430870273 -0.137196782911849 0.0286682954508856
0.0409009139275632 0.0774361327759131 -0.187430968905102 0.220862453495176
0.113632864059189 0.040755940748743 -0.014781679762227 0.269862463632329
0.131664683158216 -0.0165209834444441 0.036228449709387 0.183585784556291
0.155936015598198 -0.0483957218299025 -0.0698915451456168 0.152785217371785
0.162459298831065 -0.0528589174507041 -0.148202753291577 0.23536229982591
0.160845425449349 -0.0446187318887379 -0.222863994110876 0.26012054254934
0.149211938716124 0.00928694949983383 -0.290704992016474 0.19469437648525
0.0821421805980161 -0.00185661979113332 -0.30379076452689 0.0360454170774858
0.201511422613996 -0.0232700307049008 -0.226067234869246 -0.0357164768205895
0.267102155645042 0.202839298301247 -0.14464952611258 -0.0674050711984917
0.122280576828524 0.423283408336853 0.145876934999155 0.0799817042812079
-0.0657160071569176 0.385788861743155 -0.194661486852181 0.273219597296694
0.0822727798972447 0.387562958186457 -0.146287293181035 0.737371145204047
0.162552248851902 0.229890443937921 0.21747922256679 0.316529430677305
0.174384422260882 0.0755002612505379 -0.0562851894967406 0.00908744733066879
0.170044277698114 0.0330350418502338 -0.149891205177833 0.213793346635676
0.181250310805063 -0.0347505534221902 0.0297202592323109 0.26713262814306
0.159072536913305 -0.0878169735108642 0.0874172976228693 0.165981021571907
0.173823072197218 -0.119037397145342 -0.0129733681804851 0.111083208424216
0.180624993072251 -0.125995640947206 -0.0925347818648586 0.179976569422354
0.211290479312728 -0.138112282737512 -0.162624503553043 0.216429298208576
0.264138016294574 -0.0801769724625405 -0.244059108252273 0.183783996996098
0.254235738009899 -0.014191677721051 -0.310248078096943 0.0326134824093372
0.309185523656342 0.0815954937408898 -0.249776468810791 -0.0865805886918181
0.296395106284668 0.303573501912575 -0.153300306160749 -0.143752329279713
0.184003605786826 0.455518764252973 0.111523143390041 -0.0423331816102857
0.0431327694468438 0.376448804607185 -0.15617473551077 0.121387507616492
0.140750873716491 0.379870601833728 -0.0956859816462673 0.684905235751835
0.209351034817079 0.284647955271103 0.320713244615716 0.312525819902122
0.30740328010844 0.108717836293924 0.0459090471667161 -0.00413829026025178
0.29574055959866 -0.034199470122611 -0.0573966176348825 0.187223169700832
0.232714724996159 -0.123496712488561 0.105691032929115 0.221169814472305
0.1635529708005 -0.154047453855372 0.144170452996078 0.112929840933317
0.167554966840671 -0.16959812828684 0.0460076582592601 0.0499284030622578
0.17216110059262 -0.170514342210731 -0.0365376400833972 0.105406757237039
0.228944108360543 -0.194953354893732 -0.104866111024792 0.140380140528588
0.330583078085167 -0.14363614696896 -0.18636716106017 0.129093937427335
0.380967525802235 -0.020359600908632 -0.289108206310196 0.000756553277093806
0.370415561543696 0.180179334531616 -0.257059259720888 -0.150834133794023
0.275673395124427 0.370051961727359 -0.162914055983575 -0.253465400067158
0.202586678100539 0.428135307585037 0.0892008859262136 -0.189778718180005
0.142591843476065 0.302620132660228 -0.155558881797111 -0.0308772927033922
0.174579307150999 0.298710398742492 -0.0280971149548917 0.581682173546742
0.225616742627087 0.279492498115066 0.381480895522627 0.236129454648097
0.391494790517038 0.103146377858524 0.128718133487243 -0.0220959092257446
0.36804009022238 -0.112497330626927 0.065146352056661 0.136809661036485
0.242233024728797 -0.201018363303623 0.197338773548601 0.129660361164795
0.140553699270122 -0.199460621437664 0.197379650633139 0.0275248925277083
0.135787097393029 -0.191726801406302 0.0980411171264367 -0.0202173927429902
0.139278973510313 -0.183150340257081 0.0143720914881831 0.0276684999914021
0.210371050128656 -0.210673576745047 -0.0514822718413447 0.0517459339705842
0.340740971489738 -0.167096065630287 -0.120284169157422 0.0439211254408118
0.431692104938441 0.0024379560719162 -0.227997062890035 -0.0589015178525764
0.345139446107179 0.265512296369991 -0.223549753706856 -0.219335079584764
0.193416994908333 0.373940700530024 -0.146509419994176 -0.372734228040508
0.186893028228896 0.333658820780359 0.0898644266315057 -0.334145293628808
0.185886910535361 0.173406836657455 -0.184666242471239 -0.154508798779673
0.129500601932121 0.185125780351485 0.0268480071121142 0.429780126292995
0.182195686828187 0.251685506045376 0.370467294211489 0.122436455641597
0.401809168344738 0.0804683081475856 0.175924284178569 -0.0314356093660491
0.359036458591557 -0.173816452612538 0.186236935454295 0.0688590025669727
0.198404785869743 -0.239264910559981 0.277511262367573 0.0076017343557219
0.0893588685566156 -0.209691533647666 0.233678513763558 -0.0752581656540665
0.0825575068158995 -0.188276317993624 0.135545012540028 -0.0893426918526049
0.0854779274235526 -0.170520558455797 0.0527262847915727 -0.040019157378162
0.160983465908946 -0.19662108581134 -0.00840915119750218 -0.031062423308974
0.297874341052529 -0.160457108626635 -0.0493790303615435 -0.0450091218020503
0.406319700388241 0.0438286554545994 -0.126883040026171 -0.117090937457793
0.233411461581525 0.311097238336339 -0.144431539713051 -0.267343627643983
0.0720716490121931 0.296358025172754 -0.0896492275633623 -0.473326986555005
0.168549021779579 0.187653584543712 0.118695888147705 -0.45270215942969
0.160451169721704 0.01472119574467 -0.220175161437622 -0.232806680164292
0.0211941200309536 0.084131520338473 0.0536030341786677 0.270549762387103
0.101686626407948 0.22157084037689 0.302577446788479 0.0309525113374854
0.343844237215984 0.0505075306118954 0.20479814325243 -0.0223816395531351
0.270667907003562 -0.194311108627366 0.278344990334269 -0.00850860006566549
0.110384592149885 -0.219000251329539 0.319258342431987 -0.116131761372375
0.0206756445349874 -0.177827871406376 0.244973769198202 -0.173896409094454
0.0143324567147254 -0.156420583875699 0.154115333207282 -0.148776639355284
0.0197615066764164 -0.141263104272266 0.0723628344250925 -0.0958911846903503
0.0950418601839729 -0.170760738664812 0.0207877097070714 -0.101055876576472
0.228731419027485 -0.144067166357688 0.0225932777137603 -0.120440510812184
0.32799983839311 0.0777030703109448 -0.00611375970882321 -0.143218118168294
0.0788838759316941 0.287443615917176 -0.0487941059828096 -0.26997957747772
-0.0323273361687458 0.138728415622718 -0.00711585010007493 -0.539693018189213
0.169255158228674 0.0163579565527038 0.166779073759541 -0.527021117521304
0.0829309837126649 -0.136912048048207 -0.240240149882404 -0.260375905149394
-0.0968329068942262 0.0045771197970314 0.0523846015525733 0.142638908862552
0.014436413196236 0.176998797779777 0.226893967671775 -0.0074397976558956
0.230603372378219 0.0174200328451905 0.234530891537906 -0.00732035907201338
0.133651276812904 -0.166709320263107 0.327734585903041 -0.083515867688767
0.00669313772759566 -0.146211559729559 0.314393011563995 -0.213280415963582
-0.0514905496215868 -0.10841185242467 0.229466316484131 -0.243312112104851
-0.0570818476056691 -0.0988727417693065 0.149115034562008 -0.190081917450442
-0.0460463807053918 -0.10113662275022 0.0677447182239164 -0.138477505276493
0.0251410177466272 -0.142041902965684 0.0352034985481559 -0.16105031815526
0.153179862678387 -0.126831756108751 0.088818822332376 -0.176954137896169
0.225521049984865 0.08554195636419 0.100990979070895 -0.129414820726467
-0.0550484450884588 0.187465723883824 0.0151356572529379 -0.23545451164971
-0.0673892485669059 -0.0639454747456768 0.0648119046825496 -0.579581666219197
0.192119850746953 -0.147653696777775 0.213977196295928 -0.545848930487767
-0.145465577188137 0.27974952158661 -0.270442931618787 0.515007877448872
0.0954053415398041 0.194615111761215 -0.0876061797778256 0.704457847306614
0.0978670400380899 -0.0345693726023715 0.0484646065712163 0.225853711954792
-0.0896446852048125 -0.0358206475295574 -0.165972082822123 0.0780860004048162
-0.0565535975963863 0.114051591751211 -0.1695827026979 0.226905666896609
0.0541656463893603 0.0941022908781381 -0.0212540465181278 0.244030699552826
0.0952272605344376 0.0440801342630456 -0.000940351805457971 0.172826057283968
0.123097582412211 0.0277480258625989 -0.116624939467723 0.177637506476665
0.124472033152822 0.0332023322876701 -0.195875107582611 0.271035539975206
0.0868888063471053 0.0632070986026454 -0.27907499018177 0.276468729601179
0.00712968837904159 0.0993697917476902 -0.325439343512588 0.177033934608454
-0.101834661190734 -0.00334878241603578 -0.287889279143767 0.0306108377248093
0.0881017977962763 -0.136413664818238 -0.216201869537175 0.0147708412394277
0.216917763437947 0.0893500169219985 -0.160236460086581 -0.0387598494853583
0.0348122801852711 0.343149110228167 0.184874823542152 0.154259517815284
-0.128286462700982 0.360259858921106 -0.244336102204038 0.422983399001737
0.0779237489276338 0.328974173963397 -0.131903203007561 0.755743678640154
0.13446790008662 0.111789592020741 0.124619930646113 0.269040036987435
0.0364535410987368 0.0151881223984927 -0.144474208293412 0.036715517632091
0.0453402478308715 0.0798105208640729 -0.186810937064816 0.238348902377254
0.117889370311389 0.0363340944984035 -0.00108370517987705 0.276208967378674
0.135408858429246 -0.0218811052601856 0.0435493035310664 0.183024309087522
0.160117232065212 -0.0557106194012422 -0.0684041351699761 0.159150472409602
0.166546821765852 -0.0617604218693167 -0.143910673718822 0.248305754476983
0.165332492013581 -0.0529438672474339 -0.219181350165073 0.276047625413781
0.155056928435231 0.00273976016454571 -0.292781572981258 0.209526796482039
0.0854165930890121 -0.00351135649381414 -0.312403204813691 0.0468948720121263
0.206745506354144 -0.0319495758428133 -0.232897483675489 -0.0269215054305214
0.284348300615155 0.200954880801127 -0.14967183318675 -0.0639272000847087
0.140881293000142 0.432525608067447 0.151749753226536 0.0741583882450948
-0.0580189259105102 0.40002384845512 -0.195930336603766 0.286935680834139
0.0978307575083969 0.396919388681458 -0.126883892354194 0.762453531099758
0.173810401886592 0.232091936099181 0.233697201816277 0.318429018097827
0.180507942138636 0.0732833486464199 -0.0620828186149932 0.0139574397750439
0.175134770427551 0.0289662176816134 -0.147220531118577 0.22976387909798
0.183757808592864 -0.0429060507991938 0.0436201329029398 0.272027317291151
0.161151479881178 -0.0958138457558441 0.0974715775929114 0.163924878867023
0.176121075207527 -0.128838321860769 -0.00990685035765644 0.113458016111533
0.182420346339685 -0.137088846877639 -0.0878684755882917 0.188782712680598
0.213242360989023 -0.150431129292568 -0.158497087203471 0.227820381831589
0.268552892896608 -0.0941060612461969 -0.243893932865683 0.197166256475635
0.261180612184079 -0.0240399502826568 -0.317868414978146 0.0447987579343912
0.320809314931418 0.0723314581963345 -0.259301004183282 -0.0790658315566974
0.317622766499712 0.303967263555488 -0.160559969801989 -0.143884396736205
0.201976760340306 0.462458884797884 0.113642339978714 -0.0488081464004409
0.0524918307677685 0.387438945659376 -0.160870064896818 0.130065611071326
0.158996132839038 0.386371911658613 -0.0772124650412563 0.71052500524305
0.223740629130058 0.288824154113532 0.341323815847292 0.311897448851353
0.319480157828738 0.102561776137735 0.0420658082350757 -0.0033035440995806
0.301366406407574 -0.0460811291455166 -0.0528913197790626 0.198867551847046
0.234154596833159 -0.135889728856398 0.119361961024607 0.221357275615242
0.163654905016503 -0.164013520719801 0.153741249997118 0.108895490645524
0.167467279191904 -0.180072785064431 0.0488685196555471 0.0487821157294471
0.172244290454415 -0.180974633431892 -0.0325502593976015 0.109549631399185
0.227901012700047 -0.209388222981695 -0.101461965612099 0.14627741359481
0.335177207382887 -0.162223117791142 -0.185682759303651 0.137393107345077
0.390113611177666 -0.0355313707195503 -0.294376008886973 0.00967358250940886
0.38835566785548 0.174221547917416 -0.268238285360048 -0.146462048426398
0.298804658949382 0.373311956608345 -0.174307795784639 -0.256564812395306
0.218476764063111 0.432732825248558 0.0864208651686849 -0.198687484005932
0.151793397284164 0.308105295836541 -0.163967133317043 -0.0272082324914042
0.190394984801333 0.301161786969228 -0.0122198404057986 0.598924995645158
0.238888597893788 0.284216433758178 0.402598835016989 0.230757486955322
0.407749359793498 0.0932772855544595 0.127863958961473 -0.0246218670302178
0.374141117863909 -0.130686938458876 0.0735770032562114 0.142864087718423
0.240587525650751 -0.216705047042589 0.209487771137865 0.124232650495722
0.138017558266091 -0.209440627972416 0.205071440080617 0.0202744268761873
0.133715400412546 -0.20276656968898 0.100635092518782 -0.0247695882574559
0.137386394092483 -0.192105980396076 0.0175769568394589 0.0284306476424245
0.208084823412753 -0.224961083905526 -0.0494537919994553 0.0532467744079199
0.342627629298207 -0.185313208666699 -0.121191261405023 0.0477320308387738
0.443746216612076 -0.0133955060000973 -0.232451649101453 -0.0547850386969874
0.364820279130309 0.262465882389459 -0.234704523255051 -0.21925613460806
0.213056469035328 0.380923355764815 -0.161169511683736 -0.380467696029073
0.199692853128276 0.33595230842199 0.0843033514017519 -0.347030278196681
0.193397785151209 0.173698803842305 -0.197194252425782 -0.154167868424114
0.139480941465764 0.186956261192972 0.0408321893718654 0.442417728094423
0.195126973170197 0.256343822780754 0.387059506111462 0.113847595412292
0.41798930925593 0.0677617610234464 0.176832690572325 -0.0353397043251915
0.361084593255549 -0.194441185390937 0.196819444844507 0.0673733817053511
0.19461968599968 -0.25438496955075 0.287173561316729 -0.00401304448934011
0.085321872947675 -0.218144717814639 0.239043253110358 -0.0864397502300529
0.0780363680636523 -0.196173583257957 0.137673815769561 -0.0973606877371422
0.0817093121202243 -0.176267027561353 0.0554048000049752 -0.0431332440795103
0.156845395091132 -0.208254336779404 -0.00846437382088581 -0.0329099457059571
0.298337569159273 -0.177137355009697 -0.0507201575967087 -0.0462774759813491
0.418033491956444 0.0283863620272384 -0.129644898321087 -0.117751937801899
0.251152273240553 0.313379269587281 -0.15389158307217 -0.271325133371686
0.0849066682791018 0.305159677280795 -0.105653194666858 -0.485221169589338
0.175026999822874 0.185784256884898 0.111959804372589 -0.469444386833004
0.162380350866412 0.010818488931598 -0.234834097647597 -0.232807961848126
0.0244030374425533 0.0859350458975734 0.0651236357671468 0.277078151934178
0.112086506378329 0.227483521640383 0.311329900107398 0.0215942197446767
0.357398062029839 0.0371532287661808 0.207219412624926 -0.0276025218334459
0.268837214152119 -0.213083926602578 0.289363986474728 -0.0172332457300343
0.105218401689328 -0.229884351291926 0.324325719207515 -0.13226541861486
0.0154345871487519 -0.182210457722186 0.247589907420199 -0.18622771220066
0.00845759603863504 -0.160658403658839 0.155272771187304 -0.159168721906061
0.0148990156305658 -0.144267122974271 0.0728182478941549 -0.100212282729957
0.0894669247222488 -0.179227505999598 0.0182965323481592 -0.105431114540764
0.227380291310019 -0.157735224139926 0.0195623755690132 -0.126045886084426
0.339155161768618 0.0659521430890908 -0.00538472176738242 -0.148467049244762
0.091398158810204 0.294255957619543 -0.0542950781180265 -0.276439383390367
-0.028771032501719 0.145080230547568 -0.0238757347773685 -0.55358564648631
0.171403737658126 0.0094579187210895 0.159026966209198 -0.547389436779144
0.078690013270947 -0.142609661608155 -0.256192412994007 -0.259995859266263
-0.0995295425993424 0.00850966079917487 0.0593157880759731 0.145015632620939
0.0224905523954998 0.183598549557975 0.231449859500779 -0.0152652797371263
0.238387636595635 0.00766743417873931 0.240242078012881 -0.0130990746039502
0.129569480192875 -0.178813513553914 0.336722552090329 -0.0974777131511183
0.000809231526911153 -0.150995203486634 0.316181113361326 -0.230305309674495
-0.0564911780839466 -0.107182465631869 0.227813804964553 -0.257280836509317
-0.0629004580408842 -0.0984539450534586 0.148142685972576 -0.200384319487298
-0.0514416302101146 -0.10058614272762 0.0662912112722562 -0.142936599957328
0.0198987824743197 -0.146641278856148 0.0303076938678741 -0.166916699636472
0.151124353196631 -0.13654661877614 0.0844023515234016 -0.186412508035797
0.235175213425306 0.0784041127315856 0.105386774324273 -0.137911947720923
-0.0491364293543715 0.197694493914143 0.0119625136633347 -0.242492820705807
-0.0723777280990377 -0.0629033335167008 0.0474061437848337 -0.598015504785484
0.191233353870498 -0.160339755151421 0.20753549468823 -0.570611541169005
-0.132394172481876 0.292402793355765 -0.249448893929798 0.53672329303295
0.107510913267251 0.192410979505563 -0.0527209627737028 0.715532425429979
0.095905493319761 -0.0413962785378168 0.0577667639334459 0.225247000831481
-0.0935276955777247 -0.0297258623344234 -0.167936307169853 0.0916125457201984
-0.0491502868404857 0.120006350516273 -0.159834784696966 0.24471669904474
0.0601705869957392 0.0904486941849234 -0.00418388673582339 0.247341343634842
0.0989543691458854 0.039188267962853 0.00878059786915433 0.170479652114073
0.127461472461991 0.0200001002079821 -0.110263302444861 0.186691687459949
0.128427515899446 0.0238152356251611 -0.182857806640886 0.286966573344531
0.092666953963961 0.0585168920314407 -0.265489842462636 0.295865984445745
0.013867759961831 0.100133914179522 -0.321560393038594 0.196908166490348
-0.102346002891204 0.00381961858520804 -0.292447276833143 0.0461685889929354
0.0798934618534129 -0.144525383689567 -0.216113870274173 0.0281539778809155
0.226815663283932 0.0780115699976053 -0.162678943905664 -0.0291436148651945
0.0580825860609883 0.346660659699156 0.192811232044569 0.14290986545715
-0.112733545022443 0.373372850055803 -0.230441325529789 0.441308720863553
0.0964644366873775 0.329906244067304 -0.0946332222777091 0.770914958781763
0.140590255254904 0.105577023344752 0.138933475070327 0.265719650558722
0.0358246755037058 0.014391346839524 -0.149069477866675 0.0479556661879769
0.0510650227935998 0.0802889760436563 -0.177068852923522 0.257869829226794
0.120843109118076 0.0299503246928732 0.0178615990879012 0.277327567426083
0.135616596537658 -0.0294256308523486 0.0550167215479883 0.178342705696504
0.159874440190476 -0.0658205098817511 -0.0621951921744781 0.163714335321256
0.166379091766189 -0.0731805527909276 -0.130989895830591 0.259745877524003
0.165018540687262 -0.0641654840401194 -0.205686032771794 0.292136676335095
0.157968544973638 -0.00637324604486437 -0.285293257547478 0.228144500113192
0.0870717630499242 -0.00797400883804347 -0.315165548657674 0.0643301597358224
0.205896007463774 -0.044634591215785 -0.236480167029569 -0.0135280083022186
0.300951961839793 0.188640795661032 -0.153797021901141 -0.057001176556083
0.167637341362708 0.429324569283621 0.155127963781702 0.0644881941901185
-0.0411964060900692 0.409787377591279 -0.188130387790648 0.300826071049884
0.121936293123362 0.396787368245864 -0.0897910402928657 0.777906058039076
0.187135974853793 0.226847241002869 0.25319635735098 0.30949279833262
0.185343923163357 0.0652270755000754 -0.0670026385473785 0.0203899778924224
0.178004894420618 0.0200563365353847 -0.137363920390882 0.246126527568958
0.182714416679157 -0.0543066010088977 0.0616570627538291 0.270176500496236
0.157832006559425 -0.104658934363832 0.1076546736243 0.157135708838972
0.172351631035094 -0.140131793587889 -0.00566436074693399 0.114569946066779
0.178616783737929 -0.150527325907445 -0.0772175339900075 0.195919765219769
0.208593240044307 -0.165278716423265 -0.145970439708725 0.237847167241254
0.267524719071366 -0.111455084240355 -0.235623179784081 0.211896724438785
0.263896514197443 -0.038665887604437 -0.319763671690714 0.0627783273477733
0.328498884404478 0.0558971476639996 -0.266174726706836 -0.0652782533164914
0.341995643986908 0.290739169792019 -0.169604517818914 -0.137644063912471
0.228081521962171 0.458648448352286 0.111934225734609 -0.0576702751099304
0.069327073687032 0.391568966376167 -0.159579162956905 0.139301364551645
0.181983456390351 0.382064391903942 -0.0413968876480626 0.722213623894279
0.241141293373323 0.281765472189674 0.363296790137847 0.297963141695182
0.328652858182034 0.087061274029294 0.0375680059480203 -0.0028323868521527
0.30151512446626 -0.0633974688364225 -0.04092966081427 0.209556904166363
0.227712443520743 -0.151546205515812 0.134586035733731 0.215207884051129
0.157117438098501 -0.174168502874268 0.162661776621021 0.0993598475240193
0.160606920458024 -0.191653475910088 0.0516223756212331 0.0455407264181387
0.165405794394906 -0.193093844490171 -0.0249489842767678 0.112676761105002
0.219262597681193 -0.226200957188154 -0.0929421355440123 0.152244073579356
0.328438310529367 -0.185292696222223 -0.179801393223455 0.147423957269392
0.393263939792207 -0.0585756763921378 -0.295366053230855 0.0245576830302195
0.401670523529482 0.155041559566772 -0.278690463492025 -0.133196147249559
0.32668401789232 0.362615734886541 -0.189483910289767 -0.251831543858348
0.241831970756748 0.425214850311188 0.0779048187709455 -0.206153038166892
0.166503120543779 0.306827852618365 -0.171283306850092 -0.0191356754379164
0.209467685244966 0.294827626072635 0.0174540464693253 0.607400944718056
0.258699551115828 0.278481331835633 0.422313063913493 0.212391387731953
0.417830761700937 0.0732540020400161 0.123488080266183 -0.0279604917443838
0.368800120406735 -0.152821499171634 0.0847549551601257 0.144955027666409
0.230610145710698 -0.234044985936681 0.220929117203978 0.111698803306857
0.128810965183205 -0.218288163145796 0.210010467157937 0.00810208128456345
0.125215550538223 -0.213042107532475 0.100865030550877 -0.0325472192216785
0.129804669553531 -0.200466793727909 0.0220834682784552 0.0272746947619252
0.196998983568794 -0.239461630302473 -0.0460046511101786 0.0548477200710617
0.333641599746132 -0.209177619490921 -0.118358556616072 0.0527499456704965
0.447163709882013 -0.0418570179652712 -0.234554294893004 -0.0440881992736579
0.384249304540054 0.248006419763324 -0.24781742053567 -0.209791282198704
0.238648918470875 0.375728972818176 -0.181645022464752 -0.377907080510997
0.214792682380052 0.328885627160843 0.069418605273632 -0.356734818454043
0.201658270652552 0.16690476017511 -0.21015739345866 -0.144433688145673
0.151753743378686 0.180392959684373 0.0662355519648919 0.447847684961531
0.212796001534249 0.252493027314235 0.398236858853451 0.0944262588012053
0.428761497990217 0.0445205274119943 0.174062904572689 -0.0413114223826648
0.353427053471199 -0.219203392591473 0.206654077720937 0.060310558637059
0.181060656824965 -0.269695953856727 0.291499670366454 -0.0218257810238039
0.0750722639589739 -0.223712904428752 0.238311748258848 -0.0997017114487543
0.0693657268704246 -0.202302569689099 0.135396404768968 -0.106937699310941
0.0730257121389033 -0.181372728539453 0.0564404410083714 -0.0463877613284399
0.145883605444051 -0.219942215050941 -0.00921802062596545 -0.0349437915856888
0.289808121282284 -0.196606511534134 -0.0522168610088169 -0.0464053722913509
0.424707936427022 0.00234154055626952 -0.132319684645572 -0.113675458350487
0.272046271372328 0.305332583297752 -0.167404895274693 -0.267562008802016
0.102954791431424 0.305201663534449 -0.131403944049859 -0.48747240619864
0.18264119289185 0.177321702479634 0.0901677410144774 -0.481290212969244
0.162402074060981 0.00397313083075935 -0.251083724825893 -0.223109420940779
0.0306094259334218 0.085629894487219 0.0821411391885844 0.278564730930466
0.128347145176464 0.226569718011129 0.316580530951417 0.00414686151541595
0.364632436815947 0.0163557840068889 0.206136649071351 -0.0354635435242421
0.258807962263018 -0.233017502877807 0.29555140055308 -0.0320479204086369
0.0924235977503907 -0.239991581082553 0.321365279748582 -0.153418906250617
0.00613580797864887 -0.183119397248279 0.240700910442618 -0.200934801961512
-0.000284456777596168 -0.161766073988532 0.149496255133643 -0.17019010185684
0.00756677455792671 -0.144177803211826 0.0704708448226612 -0.105447499136083
0.0786964940414852 -0.185764627134125 0.0130237957881158 -0.108139489243335
0.218502942907088 -0.173272870564814 0.012996703676258 -0.131023627601507
0.346689884120868 0.04527304062818 -0.00757171968796158 -0.152691801072394
0.110027308100078 0.296126888365312 -0.0665515068046843 -0.27840808414799
-0.0228196551332869 0.149626823537919 -0.052744944899941 -0.558490236049875
0.169560970071032 -0.00130670016868333 0.134720046917066 -0.563080525395787
0.071518321456557 -0.14822108489944 -0.273689845595089 -0.249138580642428
-0.100726997413824 0.0146371306362146 0.0690147850423398 0.14509739243657
0.034476110712889 0.186169725893155 0.231212663327953 -0.0282961122921753
0.242154642701166 -0.007632225929755 0.240423792908335 -0.0229580751103341
0.118756693807871 -0.190754583271731 0.337595072162925 -0.117015785246803
-0.00771349226664819 -0.153393446657473 0.307747129820946 -0.250080448573572
-0.0628898699480075 -0.103485118109977 0.217043795901291 -0.271003631561733
-0.0697075658506016 -0.0943615668059692 0.141294367685463 -0.211210689259301
-0.057700661455116 -0.0961048563388056 0.0618183648203104 -0.147188657381523
0.011075296017282 -0.148863672197104 0.020434821391045 -0.16993433116354
0.143662438298712 -0.147469380363701 0.0751314032634704 -0.195715842750586
0.242906538379717 0.06310085434489 0.104138762104647 -0.148298783842352
-0.0375581030626846 0.206200984349824 0.00357131202851497 -0.247282273955496
-0.0776966901193889 -0.0587392511794101 0.0171152679012995 -0.605940607180768
0.183654308332127 -0.174358600340211 0.18198017867986 -0.589536376570059
-0.11488979724727 0.297445409932698 -0.221694031433616 0.545555504204577
0.11790088096224 0.18473698491393 -0.0175103712604137 0.708281644076546
0.090788738893905 -0.0479152933634477 0.0652867018765692 0.219220053037342
-0.0941725345031874 -0.0227611619218563 -0.163799799341498 0.103376297218973
-0.0396248167045545 0.123155725672521 -0.144408223995013 0.257264834685539
0.0647791243652294 0.0857193156469762 0.0132709354430644 0.243063798957315
0.0998896926923898 0.0327338266469856 0.0162510927454332 0.163535854438646
0.12832087439728 0.0111250228029368 -0.100515150628996 0.190863459885779
0.129915460665741 0.0136749209771475 -0.164393599067549 0.294686745511766
0.0955428097435028 0.0521464294230897 -0.24447406697528 0.30848700697363
0.0207012772395729 0.0978953177501254 -0.308502805921371 0.212568974543271
-0.100158090067033 0.0103105834246101 -0.288665781169613 0.0621317974068103
0.069388013615507 -0.148293571615656 -0.21007871409736 0.0412443742541742
0.230159734501536 0.0644300170855419 -0.161630122936935 -0.0192610797674765
0.078806171890456 0.339691160173658 0.195698477813497 0.127833603692939
-0.0930190401679039 0.376699844398189 -0.207586618631873 0.449003370373577
0.114836429845037 0.321458468322373 -0.0550536622178961 0.766569967565073
0.14328075684178 0.0967047671753613 0.150260419209961 0.254306092357531
0.0353465937960806 0.0132179168728412 -0.148747876141365 0.0582349447985975
0.056183633317448 0.0777374126077814 -0.159746961779574 0.270651798631603
0.12068226502368 0.0224520355300426 0.0358437832812111 0.271168810011346
0.133574940670432 -0.0370032535446628 0.0634211520819452 0.16835296541303
0.156408376043616 -0.0753975769713449 -0.0540807450423284 0.165756200032986
0.162541832150634 -0.0838089883011377 -0.115096815527262 0.264163006560905
0.160802173544867 -0.0736134238282433 -0.185401214445358 0.299367531926935
0.156617142147749 -0.0164444293718817 -0.270311509254009 0.241849562435014
0.0867243448881299 -0.0117797325541789 -0.309469469084916 0.0801749360547206
0.200475757276509 -0.0563770166570128 -0.231990603261699 0.0012931949395057
0.310817154433278 0.168960657343625 -0.154185416792923 -0.0481026262229588
0.189293357109864 0.416773382385871 0.154635047355091 0.0529693604407847
-0.0208149810511994 0.409861318600072 -0.174705661827875 0.307018877828307
0.14252818537012 0.386433475469524 -0.0487951125185529 0.772766772842659
0.196696450787076 0.215404425418327 0.26747668427276 0.291074251470357
0.186287006084844 0.0554869984728929 -0.0704234593234011 0.0271259801853628
0.17757182121338 0.0112472212690948 -0.120238008712926 0.257398786333864
0.176662919308716 -0.0633421469836509 0.0793924746404222 0.261648269898033
0.15167547962762 -0.112182371508311 0.114676562222057 0.145038542698344
0.164402768029331 -0.149254935465032 -0.000656148713146014 0.112748299495155
0.169227817940848 -0.159120663579376 -0.064932038705168 0.1973682603822
0.196682563916084 -0.175144313444647 -0.130250718784869 0.242624677129054
0.25801486877525 -0.126616283096879 -0.221320605115099 0.221753192727115
0.259149274975485 -0.0538080458918492 -0.312482802252739 0.0779254098617541
0.327582998238276 0.0370119705847303 -0.265213155383055 -0.0492007434414977
0.357145340959942 0.268841798077079 -0.173691407990188 -0.127964416120769
0.249480486969102 0.439270879363718 0.10630286470666 -0.0646900444504726
0.0871715918794067 0.385432930422205 -0.154967541174284 0.146088233936309
0.201422400645055 0.367365994337839 -0.00428775872193606 0.717026537646388
0.252037483418585 0.269069474819019 0.377154266389692 0.272256173374129
0.329245885523385 0.0676186513203714 0.0316003590841385 -0.00182169682761464
0.293915011164585 -0.0792798764661193 -0.0265757008410169 0.215156722747089
0.215567345799951 -0.162525306928849 0.147470704306654 0.203253353695982
0.146467036243907 -0.17977638722054 0.166541590283575 0.0865022834356499
0.150175607724637 -0.198829816525513 0.0521939484070704 0.0411483247111346
0.154596648614123 -0.200009252187699 -0.0165360113319015 0.112195200740568
0.203623897754727 -0.236413991211681 -0.0821682090574901 0.154060412869224
0.313998252940204 -0.202983023509935 -0.169003966727028 0.154120876407467
0.384279792265566 -0.0798093685369396 -0.28893067103725 0.0389556606398297
0.40633203174292 0.132716446798315 -0.280992041972485 -0.116375194262749
0.34560559785391 0.341245401368945 -0.199655308636055 -0.240312262181676
0.257184318650756 0.408654986244491 0.0664523180730232 -0.209864110375311
0.177922468522104 0.296386083954667 -0.173816132604375 -0.00997587897742047
0.223846622573851 0.280066018125057 0.0503165696041834 0.59990853788469
0.271685661831052 0.265237361938152 0.43072078081223 0.185645083528365
0.417438523602255 0.0486702876027472 0.115893839096258 -0.0302340499528517
0.355057657364829 -0.174704947420166 0.0949511070806182 0.142494882299371
0.212954970745651 -0.244952871980607 0.224957420606574 0.0956002073053124
0.116724938516014 -0.22234554549221 0.209308349869663 -0.00387978466879833
0.113177052572382 -0.217738806071002 0.0974137556363489 -0.0391748335744908
0.117723035875059 -0.205145079547485 0.0254469132905235 0.0248074588156581
0.180009161467586 -0.24820991065485 -0.0415375436895213 0.0550715437138052
0.317561770688846 -0.226775689306409 -0.113273442131104 0.0566519298134758
0.438129398393048 -0.0669603011130746 -0.230439861266949 -0.0331449327912104
0.392865823679329 0.224169098269408 -0.254863525008161 -0.194446208929168
0.259251711408888 0.359490591498577 -0.199481639870796 -0.364977429174829
0.224914756238543 0.312754767195874 0.0519529014021665 -0.357123119442353
0.205381117049677 0.156040175643704 -0.218062208771563 -0.131574519371513
0.159697055489468 0.169638788709113 0.0909302051815801 0.43953875616188
0.225204979487789 0.241805022188456 0.400231959615765 0.0710471146158994
0.426876393802548 0.0195632107083383 0.165827888503328 -0.0461981936789903
0.333797277389134 -0.239028973492595 0.211460247284824 0.0505198010437433
0.162968154332339 -0.27788663273155 0.287236441304832 -0.0396742222365837
0.0633027398900955 -0.224569471179325 0.232399040980147 -0.112148652195719
0.0570112978852829 -0.203818354504743 0.128586833488701 -0.114868558966081
0.0636751433810343 -0.181682252661612 0.0551748092206346 -0.0497121718755165
0.130472820797323 -0.225106981666258 -0.0105484501501848 -0.0347994692189674
0.27246661874143 -0.211951390193644 -0.0544606488644629 -0.0449194075889952
0.417983195325779 -0.0222380706493929 -0.13250055852757 -0.109217099337754
0.285764500775915 0.289195311452923 -0.177836321972419 -0.257093386514113
0.119321947627402 0.297351121842899 -0.153949778918657 -0.474276533161877
0.18363170221799 0.165834820298527 0.0673508386387418 -0.481577130524921
0.158200316873417 -0.00462378143237663 -0.262666292695354 -0.206283516311524
0.0333372569281754 0.0822976538108337 0.0971966182755862 0.272003707657987
0.14026276292876 0.220392716210591 0.312580424605483 -0.0136045027580431
0.362217928818155 -0.00669701589561134 0.198797296789989 -0.0419598323413055
0.238916816203865 -0.24784226164783 0.294296461697266 -0.0474350302030445
0.0764977781959189 -0.244234593558098 0.310144404638822 -0.170880689261505
-0.00315561859744775 -0.18027213323951 0.228035663895348 -0.21147055764324
-0.00935420820564284 -0.158913569719501 0.139715000383262 -0.177216580745475
3.25742356850739E-05 -0.141349899805833 0.0668384467606932 -0.107660935364316
0.0659731604489953 -0.187419459845501 0.00659393673617879 -0.107868439707927
0.203806364880143 -0.184267861142501 0.00647002743484874 -0.13188143016221
0.343933882151897 0.0226710347962364 -0.0102850165062581 -0.153764644808986
0.125716104829031 0.289345267155656 -0.0774962885107689 -0.272451314759509
-0.0147215751648033 0.149874335992826 -0.081493559605428 -0.5481320200684
0.162472012969261 -0.0120996080599148 0.107052596896901 -0.564472058950889
0.0609528201774293 -0.149899904232235 -0.284870833788915 -0.230406773532549
-0.0991733496340092 0.019761622187425 0.0774854801827724 0.140054617405954
0.0463012234376306 0.184029527211541 0.224682312612396 -0.0407330739080892
0.239449125234196 -0.0236410703712501 0.235022106754505 -0.0330777818933427
0.102977216388115 -0.196989187345377 0.330370474970934 -0.134840121069085
-0.0169470019915087 -0.151975521554579 0.29069032395757 -0.266499391252937
-0.0667227291206084 -0.096270664685451 0.200538561517736 -0.278396892101258
-0.0747056289328638 -0.0876563224408431 0.128873609981812 -0.215931556175962
-0.0616846994352914 -0.0899367979149572 0.0547526855771208 -0.147707834287125
0.00136557908312792 -0.147178601968491 0.00933320969463063 -0.168898767800113
0.131095755748484 -0.154677422306653 0.0631759966277724 -0.19876082634995
0.2436834278115 0.0469160712621429 0.100709734458217 -0.155112031528507
-0.024241344587284 0.20767787151267 -0.00539268176755378 -0.24468480353029
-0.0816731024748454 -0.0531089493676267 -0.0137717226742472 -0.596175936136647
0.169050947085225 -0.183806584948143 0.152340141033262 -0.592592185050753
-0.10042599284997 0.294796791526646 -0.200856561012436 0.54082718960617
0.122862272670298 0.175967035876434 0.00428927157292042 0.688384286822485
0.0857700664101366 -0.0516935081339075 0.0678603759938372 0.21072400954225
-0.0928092645891178 -0.0171404822545762 -0.158435433723594 0.109588039376014
-0.0311595997083371 0.121890744730637 -0.129006019392148 0.262498914917455
0.0665517129013783 0.0803352933228129 0.0245308221318505 0.234443205602243
0.0987052311917073 0.0279936404391587 0.0207324542792312 0.15430483657892
0.12677270352988 0.00409598244509009 -0.0922760074915309 0.189681610706656
0.128326634447571 0.00579295318138171 -0.148063368867773 0.293036562483407
0.0961645923779196 0.0464891896898547 -0.224499157988297 0.310847009204421
0.0260200703057941 0.0942023904523533 -0.294031755785037 0.219077438119776
-0.0964280987776866 0.0152963085372412 -0.280870130238559 0.0719517278827136
0.0594374961124532 -0.148447992205482 -0.199710621057928 0.0485220929961431
0.228090443262846 0.0534502300238128 -0.157335671797087 -0.0124151042291675
0.0922572779522705 0.327166154188922 0.190826273029575 0.115307358975594
-0.0774241518392798 0.372110699705864 -0.191676725968818 0.444743291836362
0.124221632621015 0.309158461384734 -0.0301481910118251 0.745687938189965
0.141819168870979 0.0884204135526384 0.153546341526707 0.240266136355546
0.0342972802769368 0.0122763241377139 -0.146926547523521 0.0662779139642905
0.0585302501517719 0.0745766309063015 -0.142558759587715 0.275248485327705
0.117938885579883 0.0171219450149611 0.0481785616782745 0.260952543893926
0.129139780914804 -0.0408545218970558 0.0668477607879589 0.15696125431847
0.151299183102668 -0.0808852210148426 -0.0487254049715012 0.162799968841562
0.156127778768582 -0.0905717631163458 -0.101307265466182 0.261294807206726
0.154446856654716 -0.0779100898511632 -0.167690071569795 0.297826156074494
0.153742796200392 -0.0230035278971748 -0.254442674831511 0.245102452916389
0.0855334602766895 -0.0138754562275319 -0.300104165473974 0.0898750736187548
0.191351796339783 -0.0620902887526489 -0.223894680605102 0.0113913283441893
0.311393735562534 0.152860735630299 -0.151105005333826 -0.0414460264480328
0.199378067082551 0.396911691697809 0.150122843834512 0.0443375739201008
-0.00739283948845306 0.402304692573689 -0.16437772744723 0.305181500554468
0.154178056061365 0.371519786776418 -0.0228577818799642 0.753931499608386
0.198324513446066 0.204215716213333 0.271947632742197 0.271633403399164
0.182276140187255 0.0476874105580017 -0.0725033393872091 0.0324629627125062
0.173945606884719 0.00470623434944245 -0.10428887484006 0.259900182417113
0.169030540588059 -0.0686075759132023 0.0887834753726998 0.249489221856892
0.144043775482939 -0.114221138991484 0.116670698653717 0.13333590978897
0.155244942988201 -0.153376218198172 0.00208356024081353 0.109900570326358
0.160752341430475 -0.163001558034743 -0.0552539313822857 0.194453232311864
0.185422503684542 -0.179532912627251 -0.116493234939276 0.239514656908348
0.247792255806508 -0.135338003355503 -0.207442454357718 0.223246422463223
0.25093579994116 -0.0617177300401749 -0.300626008683468 0.0872845875870964
0.320549456961935 0.0244144736348956 -0.258408890090225 -0.0374664409422417
0.360656855516971 0.247105082471235 -0.174154599855281 -0.118570801445174
0.257574933439478 0.419627086370399 0.100008318182953 -0.0680988973128599
0.0962304263633131 0.374382061976691 -0.151215706262616 0.147331558953065
0.210059622973219 0.349760798896631 0.0193679399813251 0.698441489514935
0.256030023269511 0.255557512054278 0.378486981595217 0.249037262631999
0.322888926002308 0.0546162253413397 0.0261500494002896 0.00192007983863015
0.282409020029623 -0.088319302857684 -0.0140222404924005 0.214252348231148
0.202136327990564 -0.16674915505205 0.151907112673144 0.190174528436756
0.137757672180677 -0.179548413229826 0.165803313728479 0.0754967047478404
0.14017010064943 -0.200652691382375 0.0516242628087081 0.0371901008438312
0.145357787510067 -0.200730429545368 -0.0109364965175391 0.108616847245924
0.189862087564289 -0.238148327220746 -0.072920828869261 0.151523010396035
0.299562063937084 -0.209903479425448 -0.157833462110276 0.154210386154793
0.373312240245081 -0.0930187223031041 -0.278414023280762 0.0458781019519628
0.401735386716236 0.115139390061039 -0.276924274610164 -0.102761566656643
0.351887343036953 0.319399924684235 -0.20340859217787 -0.227822356687426
0.262244649062836 0.386587820162239 0.0578854024774174 -0.207714931928157
0.182127705337626 0.284572540608885 -0.172848324848885 -0.00293276978970927
0.22832726038192 0.263228490740651 0.0704605086503562 0.582058344761078
0.273968809055795 0.25146279049905 0.42760255875701 0.161959137785952
0.409216277078098 0.0315384320886056 0.107462155034461 -0.0288148841720433
0.336752137506188 -0.184135291358058 0.101499783865014 0.138709126197621
0.196801060124062 -0.247246098772135 0.224045354128975 0.0831204839649229
0.106864080539992 -0.219907387843853 0.204910874869654 -0.0135915089569516
0.102832785113686 -0.216212296724947 0.093405669650429 -0.0425919195908037
0.108777307017266 -0.203389036030949 0.0274260449418689 0.0221343857306147
0.165273505587196 -0.247712131241557 -0.0378557070990265 0.0538834567179992
0.298812173308631 -0.23343944745477 -0.107726895541845 0.056445401052316
0.424733784070541 -0.083295048612285 -0.223481280221044 -0.0275948220513884
0.392868747468809 0.207184179841593 -0.253478922585556 -0.180960866371026
0.264975792650276 0.340696737435857 -0.206155843052914 -0.348484223650481
0.225181328625577 0.296764862302181 0.0400316994615553 -0.350519555392942
0.203022252949584 0.146200411499715 -0.220279867925303 -0.11895902123602
0.161042721118112 0.158354843071426 0.105303590162924 0.425349943110822
0.229199737985815 0.230859677400641 0.393076833888687 0.051791203639586
0.4180016661748 0.00259712026504419 0.157309570276141 -0.0456704087195391
0.313203692920707 -0.246352533679595 0.211929253004221 0.0431507918072263
0.146114855993163 -0.277675839704601 0.278264800123274 -0.0504320448399911
0.0547696121422889 -0.220533724254215 0.223415658074542 -0.118362399314678
0.0479867444005767 -0.200724065608418 0.121414271761443 -0.117708235578123
0.0571219852391421 -0.177246888050841 0.0538654008806241 -0.051653462023626
0.116995439044445 -0.22379720603393 -0.011097396886578 -0.0345912661888177
0.255370113406154 -0.218113526902808 -0.0539222085816889 -0.0437687194167519
0.403892228491028 -0.0384132598272301 -0.129006998531816 -0.1047739906048
0.289311311464928 0.273133662427809 -0.180054593340933 -0.24426859800024
0.125683337033165 0.285118690984005 -0.164897716928395 -0.45633510351069
0.178059409378485 0.154165959772891 0.0541441095640676 -0.473358087506757
0.152198534420088 -0.00935337900431933 -0.264763082907733 -0.190544580262302
0.0346030342824278 0.0783741981384085 0.105980032649474 0.262091278904702
0.146899589761208 0.212004562751455 0.302719398594046 -0.0255982391960864
0.353414508082331 -0.0221999950279673 0.190308129283117 -0.0432842089882975
0.220108703112825 -0.251220262330158 0.287850736002889 -0.0560261509954777
0.0637324856448304 -0.241598926428065 0.294821757037387 -0.178870849353784
-0.00772138760342737 -0.174460117568447 0.216714923806894 -0.213545504970055
-0.015508397294477 -0.153316809943371 0.131371081532421 -0.179239639748311
-0.00468064078374261 -0.135366822053103 0.0636617269870368 -0.107318447467881
0.0551154686087062 -0.184378205905148 0.00188801001470152 -0.105742787985165
0.188750798412815 -0.187866285625228 0.0017013297612457 -0.129786790819497
0.334264567196502 0.00734345485272972 -0.0111699403187781 -0.153105898587105
0.13429732623009 0.279485188371035 -0.0823310888042707 -0.263926006469484
-0.011078317847083 0.147306648507308 -0.0970764917133895 -0.529487098771215
0.152333147227783 -0.0182639281692626 0.0894453673719642 -0.554551823413849
0.052301781282121 -0.148317165847755 -0.285840633224168 -0.213202871495279
-0.0965567700813041 0.0231049924662418 0.0822566933391372 0.133188958923959
0.0538590850513802 0.178713431979217 0.214904838456153 -0.0469322626491893
0.232515015933051 -0.0337389645388732 0.22690963249803 -0.0366634579055882
0.0891452232159969 -0.197284006239839 0.318399709604844 -0.143869039527014
-0.0240048078948093 -0.148099113088399 0.272271235397372 -0.270948304962846
-0.0670930641283588 -0.0900931413292316 0.186792820632423 -0.277818412241964
-0.0758044207332967 -0.0809973612717206 0.118476456970236 -0.216833314943577
-0.0625429651307401 -0.0837256169293489 0.0500303135061379 -0.145417151394488
-0.0059315713624802 -0.142943439537297 0.00164393069513324 -0.16327067250892
0.119351656641518 -0.156505637702517 0.0539018670137711 -0.196522215335222
0.238431177527078 0.0335772282594288 0.0969518457472204 -0.158078165244603
-0.0149055714444449 0.205527824078238 -0.010525288140191 -0.238172796245073
-0.0833679932636164 -0.0479546249610967 -0.0331992467269039 -0.576855965137021
0.154930695281743 -0.185627098007104 0.132123466670381 -0.584702307922534
-0.223522946485517 0.2246932708193 -0.372655264429675 0.404427822539278
0.0343237604652396 0.207252813453682 -0.269812402885943 0.609157347760964
0.0978653730049996 -0.0114171645267208 -0.0317323030345331 0.209839118065991
-0.0740016978575085 -0.0544142484879725 -0.194336343980929 0.0412227463220577
-0.0745417782848445 0.0937093347336644 -0.217212526678551 0.190268876641835
0.025714970817855 0.0968964808470293 -0.0667865412647187 0.218007037633014
0.0764031629486948 0.0643577613714728 -0.0428178420133276 0.140706782907033
0.113824080815779 0.0530009582827465 -0.160930644325833 0.131490619108381
0.115082175778752 0.0558594832138587 -0.248903740615039 0.203523448971096
0.0709742312705611 0.0808653604778439 -0.326685860762348 0.189160760984881
-0.0105735370425803 0.0991544914939287 -0.350966220972204 0.0748847285024333
-0.0931058203538275 -0.0189180419426786 -0.283408668787423 -0.0509795884298158
0.108128046062773 -0.112132492327981 -0.190276257184882 -0.0365307890548504
0.186382755862556 0.133707721953749 -0.134531280369346 -0.0610572671662135
-0.0283416815588361 0.334099162809217 0.104401825533629 0.175554722342161
-0.238798472347267 0.30546339441297 -0.316706059275632 0.317861586863866
-0.0213237961318336 0.323927028412717 -0.317469213084958 0.649723749741411
0.0889529878670886 0.138127976908745 0.0446444761210556 0.268468123468866
0.0238791810992067 0.0258674678487231 -0.163633587711659 -0.000932250807685675
0.0234731490373677 0.0899066661027666 -0.23658326039653 0.190293834829514
0.0967186486796568 0.0635783653554868 -0.0571222073099995 0.247828015002598
0.130986144574801 0.016598869930014 -0.0023387419388488 0.161224932220592
0.169958120823158 -0.0132952623248965 -0.111053958666602 0.125151224656778
0.178659892514649 -0.0188713767204756 -0.193040408143207 0.193840066218021
0.17160261588985 -0.00854317513083147 -0.26842587553866 0.201321920650135
0.149541637710629 0.0419553546017051 -0.32412059281458 0.113048871127859
0.0815854625923985 0.0255887824023341 -0.304468544854343 -0.04076115091138
0.195808422338711 0.0176734657330552 -0.197289429379779 -0.0765495585113708
0.224588464347361 0.253649505405729 -0.121823414180326 -0.0801721716317736
0.0410790186863446 0.435662164530945 0.0918951187539244 0.100175793128903
-0.18984134637228 0.36312289603367 -0.233971476056327 0.196278913011552
-0.0233328459960807 0.390419110619318 -0.312278595509943 0.658840561810517
0.0901756048274697 0.26612982362003 0.146899186980497 0.34360530336202
0.138562635641875 0.119316035395088 -0.0776843897671093 -0.0084575807445062
0.152860841171836 0.0766531874911406 -0.196643100049708 0.185671421919063
0.175830326239174 0.00855111821633764 -0.0185149559756882 0.250020413626027
0.174218131544848 -0.0415485928412839 0.0523159161088724 0.160018807373313
0.203172898163368 -0.0747990626613461 -0.0440978989813441 0.0980275215282837
0.21195035949336 -0.0815979734368553 -0.122806936201966 0.15328093620516
0.23714600540851 -0.0879020370095874 -0.196951139848802 0.168939014164647
0.276727645234746 -0.0241900027334057 -0.271560273714154 0.112988061526834
0.249165702048711 0.0463812300793246 -0.300904840995577 -0.0425856277549344
0.281115986782212 0.147079554719597 -0.208955929687193 -0.130188090750591
0.232423415598262 0.357464650395015 -0.115412431182279 -0.155641508443093
0.0822960327588123 0.475088639831415 0.0921412755580441 -0.0181576681437357
-0.0851212859058393 0.384431152598957 -0.161661123691404 0.0505413988043672
0.0346064761418419 0.395022586837205 -0.249929615993589 0.623597735881516
0.119818645219204 0.338070296075815 0.25719412789042 0.363082569524931
0.258190553173073 0.185784342833916 0.026340620709236 -0.00432839835231519
0.28532944609453 0.0400779061607744 -0.100486485709274 0.174780570605418
0.245222690737573 -0.064398059229703 0.0589183719129927 0.219856094112284
0.194968747912701 -0.102074808696855 0.119067323994021 0.128370360245456
0.207742198588272 -0.12401761767813 0.0298564217948984 0.0534186763396378
0.212761731712636 -0.121288133660653 -0.0486249883705008 0.0936764375633674
0.261923029590625 -0.13867802936721 -0.121063931740299 0.106366833452317
0.350659831427053 -0.0747632748333574 -0.198223904692429 0.0716684150677589
0.368975493518636 0.0639706775718241 -0.260432805892199 -0.0693471922267898
0.320980048353951 0.259784278274674 -0.199468405958492 -0.194034715406325
0.195603418106376 0.417553243088439 -0.101779574068709 -0.264667852491581
0.0930482532977996 0.444739413938053 0.113884158085199 -0.158866119002129
0.0326420469711759 0.339624054755393 -0.131207293839719 -0.0998027214195301
0.0865361737499775 0.325954675991671 -0.160125951824657 0.538401143465159
0.138780028692491 0.342523265619332 0.336990128992736 0.304425761008746
0.343442776107735 0.201888340305778 0.113239321900904 -0.0022993982023636
0.37183248001828 -0.0221486357318718 0.0320974140595286 0.150418699260223
0.272683207640147 -0.137575926965638 0.162884292117476 0.15173353653647
0.184892650960898 -0.149872862963292 0.189906883936977 0.0658521601732171
0.180049849534531 -0.15340688054606 0.0998066747963448 -0.000943876462392893
0.1803908920907 -0.137602202278157 0.0210106670199484 0.031022834473331
0.243421767312211 -0.157396143692412 -0.0488943186376997 0.0327295303705426
0.357804776030835 -0.0962590483298156 -0.113753360915064 0.00503246755359957
0.41100007083509 0.0926282477901231 -0.179217736452636 -0.112505909664922
0.277916794569249 0.339980097344494 -0.149545227399579 -0.253348387877682
0.108146955151591 0.402499265491577 -0.0585344034920797 -0.377390284979499
0.0912791385887666 0.347351447402739 0.162701150286338 -0.293329917269105
0.115541379944973 0.223829448334577 -0.139463478319322 -0.222186465879859
0.0717316137779172 0.206469973792571 -0.0696531480877231 0.416019517441713
0.107270013596375 0.305256215745075 0.349655942059407 0.192223741561345
0.363975328843053 0.178642246444919 0.164991761386964 0.0020763731075666
0.375222514920696 -0.0864254742407068 0.166085349479675 0.109761181556104
0.239878938689781 -0.185230940881583 0.263929415464309 0.0561483617331451
0.138782285147412 -0.170734193712701 0.249115037123879 -0.0182307655155357
0.123826202028574 -0.160994648049628 0.156301365138249 -0.0566433375623789
0.121670680593909 -0.136261980324771 0.0741218612935486 -0.0239101434613574
0.188868646444241 -0.153857789456543 0.00861072459335054 -0.0352015050228452
0.309922576444576 -0.099490719177742 -0.0255021201638509 -0.0622321263316257
0.374416476916112 0.12266002009024 -0.0637589240284031 -0.143507966730511
0.158188246744781 0.361144668825901 -0.0610252130031207 -0.281418087690024
0.000196983061067014 0.301111575207375 0.0205630134765645 -0.463049647167878
0.0996487304989702 0.196937318930427 0.233184649101269 -0.397118604001373
0.139426831478106 0.0593149708586168 -0.164922205534148 -0.293565326615877
-0.00492975095588064 0.0825317995105764 -0.00527087779656081 0.276985903412595
0.0421801868610771 0.25232847496459 0.29726869093697 0.0924886620826257
0.318390786576065 0.129015331800465 0.192439092728044 0.0210023745677943
0.293219040540812 -0.129951469068782 0.273551664988882 0.0549316509789547
0.152732713621837 -0.186607968970448 0.329477588980698 -0.0480056320507815
0.0645323746938479 -0.155553124346723 0.280723234655921 -0.104139267913171
0.0473289543718981 -0.142867925052887 0.190129639280539 -0.106867583862757
0.0498796183764906 -0.121730325244082 0.10355158566726 -0.070471919268807
0.118188123971124 -0.1435262096036 0.0480770811145581 -0.0933018195588157
0.23786574407414 -0.0989764768657287 0.0572987653398776 -0.115600547885582
0.29467976312773 0.13337101658604 0.0598443424904413 -0.138004736603928
0.0142050348571033 0.307173798358999 0.0327819530598804 -0.260598032406749
-0.072455250369402 0.123548818237278 0.117329145018408 -0.509393236020115
0.140168251443671 0.0286109409661346 0.307928111224259 -0.453580617124492
0.112835267231091 -0.111338677800786 -0.1867361260271 -0.309203626548448
-0.09654024117627 -0.0219778702115343 0.0216432495396968 0.160294502133987
-0.0261917810925899 0.183334357920571 0.22295915489848 0.044054087618543
0.217852377808473 0.066071469705143 0.220408815080273 0.048007233640983
0.154959335961999 -0.136774798878029 0.336727753101351 -0.00423940044481127
0.0380556210907557 -0.139536103958666 0.345958769566843 -0.133184692725135
-0.0220809351544218 -0.105095883951216 0.279652901909046 -0.171564262888648
-0.0369226544362288 -0.102458083817414 0.194809383907375 -0.144513028883303
-0.0247155697227339 -0.0989426625222787 0.106735271058775 -0.109192658113249
0.0475745424796534 -0.13080780340743 0.0685009577349354 -0.145452764840209
0.16375702639951 -0.0974429287082122 0.129273401346983 -0.153454107931744
0.200711370357149 0.118888295173061 0.157464972811739 -0.0989376102665131
-0.0934355649106874 0.183180304077722 0.0865055470118185 -0.211823112730961
-0.0664233955373067 -0.0803358006959523 0.20003034320194 -0.529472257486427
0.2065773148457 -0.124423862186513 0.366095924070381 -0.459212579427213
-0.218434819935027 0.228576597489112 -0.371695403473568 0.407446174067677
0.0386946186727188 0.207148264332265 -0.267096501156757 0.609089379028249
0.0967665417597724 -0.0151853421574317 -0.0317248075787344 0.207461752700139
-0.0755017264752235 -0.0530120094931151 -0.19625237448431 0.0439593030620839
-0.0707402686468562 0.0960579465770556 -0.212579297406154 0.197694766557734
0.0284746097111385 0.0959313131002185 -0.0608982424133072 0.217329916190313
0.0778316448805994 0.0632628892022542 -0.0413198928992702 0.13626846148759
0.116846709874449 0.0497139063770534 -0.159987953691194 0.133378160530582
0.117858029641908 0.0519430268328096 -0.245445073652375 0.207531585376484
0.0740508121160454 0.0802635296157347 -0.322314609234757 0.1930498831282
-0.00722032584109373 0.0988205149351405 -0.3521772537215 0.0801025608779173
-0.0934684528348199 -0.0160223130803024 -0.284046401261422 -0.0473638568929418
0.10497945694323 -0.114236609073837 -0.186832998903317 -0.033043926146872
0.189466267899276 0.129491225766756 -0.134712720892422 -0.0581107800408727
-0.021712804177642 0.333190087996058 0.102515142968373 0.171772992674056
-0.235624048566461 0.309356562447348 -0.318693893652197 0.319469865776664
-0.0159428806255885 0.323048089932679 -0.313134243537362 0.650817745666816
0.0893627373874135 0.135433550299819 0.0462030592284817 0.264571552370913
0.0225557659452306 0.0255238460175012 -0.166630275610335 0.00243128626305043
0.0263943009643866 0.0896726878570182 -0.231050634436 0.198366010880184
0.0974854251743549 0.0616166178770622 -0.0509810477565161 0.246300004885669
0.132623735080496 0.0147901851194663 -0.000229592111404935 0.156240564920295
0.172398857165636 -0.0171837015811628 -0.110591386828882 0.125863362330766
0.180929947453177 -0.0231739334223952 -0.189092677379721 0.197122535085098
0.172545839321504 -0.010725138958458 -0.263607815934076 0.203741412851141
0.151915730250248 0.0384692814563183 -0.322805148495854 0.118061692538084
0.0822592520964112 0.0258315987300103 -0.304484235746509 -0.0365297566182308
0.195310261242901 0.0147984938756416 -0.195446724905674 -0.0730427415571462
0.229946229298809 0.249306227843671 -0.122059865941358 -0.0785025747012299
0.04675007802883 0.433632948513771 0.0900767587320921 0.0970268538243409
-0.187515607228934 0.366528139740775 -0.237606250357265 0.195690729568201
-0.0181569466043284 0.388543660621246 -0.306501796090217 0.65978375964019
0.0926402362332825 0.265608936525584 0.150431852227379 0.335209243724718
0.138487664062419 0.118092410573415 -0.0834332974031312 -0.0066426876248303
0.153875618762028 0.074630880393783 -0.19231512051679 0.192881617352782
0.174987542400896 0.00621818075627624 -0.0131881583798396 0.249043185428382
0.175045423535549 -0.043171700450481 0.0546931763181426 0.154700638616439
0.203978139505869 -0.0794720154121601 -0.0438911847089107 0.0975442651781228
0.213643852593982 -0.0859586111968705 -0.120037977078429 0.153658969135198
0.236882721927551 -0.0910147949873999 -0.192112503392987 0.170347794641434
0.277635858901918 -0.0299885840565463 -0.268885550407086 0.116706134116004
0.250237746470741 0.0438919861552834 -0.300223258243417 -0.039018063156339
0.282706393890313 0.143661555338276 -0.208375365608784 -0.126330144544225
0.237601602254177 0.353258469428736 -0.116684109568415 -0.154170138811946
0.0849581036620306 0.471336932178333 0.0909517049585528 -0.0203385382220185
-0.0823287652881627 0.386247878170513 -0.166152705755019 0.050671340740759
0.0389258810428838 0.393016790226537 -0.245393834280773 0.624806239384883
0.123602516139549 0.337657727365342 0.262313297947812 0.354657657100979
0.260332249495644 0.181700000388457 0.0205645876395975 -0.00135795804754509
0.284698813610072 0.0359923720127173 -0.0956656546204035 0.180695769829345
0.243068482697596 -0.0673077100453102 0.063602888103681 0.217795704594105
0.195229039083569 -0.104445453130434 0.121975421648637 0.123132273979455
0.206982224092048 -0.128199657228145 0.0308398897878544 0.0515318573362744
0.213270546125178 -0.124591175437056 -0.0457608932881979 0.0931472611226492
0.260400785619923 -0.141829743020513 -0.117437369880601 0.106086159829628
0.349877839110786 -0.0813714199027487 -0.196017677965424 0.0729755755730906
0.370670522071154 0.0583620168262476 -0.259546505623539 -0.0676084351021121
0.323766591270375 0.2568969901379 -0.200326220898156 -0.190503078274871
0.203684651189854 0.414513940415662 -0.104850066050057 -0.263625597456093
0.0955592735726178 0.442929420569432 0.112209999321259 -0.160904726208765
0.0329717335831391 0.340347222934482 -0.136256672699897 -0.0987066665719288
0.0888623876084482 0.322909053008559 -0.154730190822261 0.538266462335527
0.142191076328321 0.342833763771693 0.340111278471013 0.293794899170288
0.34736367786579 0.196984355078363 0.108391291926241 -0.000830558247378139
0.370398747343438 -0.0263406306503248 0.0372437756913845 0.153716126035395
0.269273080885408 -0.141890796721966 0.165182633733064 0.148592549632711
0.183710108851514 -0.151993057779004 0.192538498433379 0.0615453868596484
0.178617730129436 -0.15594128371813 0.099894802001534 -0.00313946273649908
0.180113028642115 -0.139371798907892 0.0231016801581204 0.0299668849125765
0.240134723530172 -0.159549419137469 -0.0479376094565662 0.0322341180794474
0.354541416577186 -0.102865442538966 -0.112238427301581 0.00556971102642636
0.410747817702987 0.0844554335252746 -0.177555116101308 -0.113344726156345
0.283726784453808 0.338901137030955 -0.150321247707549 -0.251904577499197
0.113943352034464 0.401571362877158 -0.063261028971426 -0.376074384980195
0.0887044657132164 0.344218897060149 0.161420816686176 -0.295835604063878
0.114712071933586 0.222053999187283 -0.144926935515973 -0.21929022301427
0.0727458037984944 0.204329433756735 -0.0649813321296885 0.415674140512551
0.111660533042597 0.307387695889683 0.351157563115463 0.184098618996181
0.36683419930905 0.172578964751459 0.159720954774704 0.00461980952056249
0.371395560138788 -0.0935622269991737 0.170734690309833 0.109615071935842
0.235851744705782 -0.188883449341047 0.264311952854399 0.0512494096652052
0.137429495151027 -0.172373049396043 0.250609193796118 -0.022299832817557
0.121522316581289 -0.161693487352497 0.156340402054777 -0.0598015024281183
0.121935592290133 -0.135890560878385 0.0755360846908905 -0.0255773083090328
0.185377894016863 -0.155564838032321 0.00861171129739774 -0.0365333499039669
0.305561253356638 -0.10506548687798 -0.02474291427087 -0.0625121559720096
0.376637889649476 0.114767956304973 -0.0614273156877708 -0.144759732120201
0.16427286910324 0.361326456192769 -0.0622760171339242 -0.280050933705093
0.00244530631351927 0.300711427850839 0.0160381580015635 -0.46203301932936
0.0959550359574955 0.194795687339159 0.231110426973326 -0.398857876607285
0.137549451344032 0.0567013747202902 -0.168928273394573 -0.290529737066588
-0.00622835753955614 0.0814166347537124 -0.00030556574646436 0.275779160994574
0.0465595438016719 0.254999635812777 0.296728910746565 0.0854820999781834
0.321198938461675 0.122579592946883 0.188909634782545 0.0235843814722465
0.289579154666042 -0.135943900909444 0.276564100057901 0.0532258759962432
0.147618518951091 -0.188899139412593 0.327958507315951 -0.0522676624202184
0.0632257642640659 -0.155706721037718 0.281585255696694 -0.107795125314053
0.0444128476706714 -0.142762834224396 0.189072650936834 -0.110093740103609
0.0482354882202379 -0.120370929129828 0.104647698008089 -0.0721191140030677
0.114400481488581 -0.144450528194836 0.0459737000197047 -0.0936125314870567
0.233175660595416 -0.103741894708304 0.0567149643591519 -0.117388595086101
0.296658637973652 0.127026593079766 0.0626000994636289 -0.141392583110752
0.0192410708440511 0.308827453250136 0.0319258785799434 -0.259630916925437
-0.0730748949776929 0.12521064973989 0.111561189057752 -0.507385339332384
0.134993954059755 0.0251524453731511 0.307722912267121 -0.455943986183895
0.108839190797627 -0.113828842612891 -0.1892452739072 -0.304154394093069
-0.0981696289452476 -0.0206530318887538 0.0264923126474885 0.15868554638696
-0.0226683825291272 0.185082804351701 0.220983595859382 0.0404934563684521
0.219742652 0.0607926905082181 0.218272308946082 0.0501013074043705
0.149959719878457 -0.140314902166333 0.337467798364253 -0.00686784129580355
0.0346880299391515 -0.140096714121655 0.344678388445959 -0.137217519248916
-0.0224841480391519 -0.104008428405155 0.278304770023345 -0.173821732306693
-0.0391835546441731 -0.100294319149345 0.194004282628439 -0.147209491818944
-0.0263203331581302 -0.0963235183798661 0.106450528008947 -0.109564476110894
0.0444997694601779 -0.132141195408292 0.0644903054376551 -0.144459756762182
0.160406852514393 -0.101416732397038 0.126804996902643 -0.155313347165012
0.202796520536481 0.113134248298198 0.161254194668965 -0.102758701380308
-0.0890398670232802 0.186733052230993 0.0864625012887909 -0.211216578606286
-0.0697433895436798 -0.0792871737824332 0.194282360348413 -0.527208466115803
0.201620352759084 -0.128579217571866 0.364873395302832 -0.462149313011981
-0.21292135874131 0.238138234901603 -0.371034592229253 0.418975553087108
0.0472539300074952 0.20883468624477 -0.258903074186693 0.620674890266562
0.0956515357104538 -0.0201639971274967 -0.0297885405473458 0.208040753683883
-0.0792398844674854 -0.0507610577618155 -0.199763935189946 0.0497109410035769
-0.0663435501198677 0.0998160049084502 -0.208013227009954 0.210067105230792
0.0319736114821617 0.0956606532990796 -0.0521280341196987 0.221049675622932
0.0818387681344989 0.0608263965940716 -0.0404769304840196 0.134449083068926
0.121478698404023 0.0443511066520694 -0.15997386794494 0.138775065755371
0.123192755325863 0.0469781373775506 -0.241867698463571 0.216996072627214
0.0790104461270885 0.0791509618966722 -0.318762157664103 0.204351942033421
-0.00219314485813638 0.100093979563361 -0.355127270464242 0.0907824711160231
-0.0948208523462712 -0.0118549030742391 -0.288877476980186 -0.0389828565965446
0.101582512979538 -0.11979332611961 -0.186827967993385 -0.0276296876969913
0.19817874703493 0.124423664843243 -0.13765111732648 -0.0548408772948278
-0.00960844532511474 0.336698582365518 0.104817470199283 0.168383909557598
-0.229438110149663 0.320464664689074 -0.320111114405051 0.327945880218233
-0.00511463539695092 0.326753582737521 -0.30409852948567 0.663546642745291
0.0933828939382052 0.133897906038226 0.0524446594331612 0.261829618682197
0.0222054550287467 0.0252206765205938 -0.17313506699683 0.00750115956562093
0.0305683819021542 0.0908430707717628 -0.227059483811998 0.210528016963324
0.100447626921734 0.059619808486595 -0.0419064936125019 0.249829427821194
0.135792583049559 0.0111056475146658 0.0026440034281185 0.153417631001796
0.176050081043202 -0.0239727079932322 -0.109563246552328 0.130143403771722
0.185454575620236 -0.0312143222651706 -0.185424115275281 0.204727802957624
0.176550429525005 -0.0162770818584326 -0.259331204278073 0.212595220296059
0.156520511831742 0.0332554409976579 -0.324554727467294 0.12951044051065
0.0843304531303075 0.0248821558511476 -0.309321474050753 -0.0281009472087978
0.197194272448545 0.00925692116021708 -0.197616572144803 -0.0682801639128045
0.24172878513799 0.244221760186273 -0.125197927671493 -0.0759505812955016
0.0592120017732277 0.43431750472596 0.0904785698828106 0.0941509221485543
-0.181814863846116 0.376333915531856 -0.242160103100067 0.202588274589763
-0.00777575185564522 0.392996926467625 -0.296141722269806 0.671228959710356
0.100459876714918 0.266406416492136 0.16113137219555 0.329991776586408
0.141831353614117 0.114575993351847 -0.0902663528515352 -0.0028951041632155
0.158395000505702 0.0712842043641016 -0.187596091476126 0.203907101621513
0.176978199918365 0.000849701941114462 -0.00305833862255546 0.251499894977852
0.176998919190366 -0.0493532912490207 0.0592292696816427 0.150204432500124
0.20596431669562 -0.0878635837577316 -0.0421245953901726 0.099675744310011
0.215917745028932 -0.0942085751531731 -0.116008042346726 0.15854368482712
0.238791771605721 -0.0983225579379653 -0.188560049965438 0.175836680253302
0.280531357832868 -0.0408320283985532 -0.267775171026716 0.125712467743853
0.254937195009923 0.0380193841358316 -0.304527751023696 -0.0322103155653828
0.29010307200314 0.137015256029044 -0.212680061714268 -0.122049450587834
0.253965522550697 0.350328671718761 -0.12224031437647 -0.15278422901684
0.0962123408155316 0.47407979738951 0.0900318873471042 -0.0246367946907004
-0.0758594632178089 0.393255400352533 -0.173383563298343 0.054916978845864
0.049653977629043 0.395769971549087 -0.235638513843485 0.63489949288955
0.133629769427189 0.341099183863893 0.273456117044292 0.347439346792629
0.267405597627282 0.176432969787807 0.0148370597073827 0.000709095277743624
0.289136102746242 0.0277047454823847 -0.0889158759225349 0.188257618978854
0.242584387763136 -0.0751176823224442 0.0715981319679543 0.217437444154175
0.195861949138379 -0.111411062363242 0.127146312161881 0.118122024084926
0.206926764415468 -0.137307147125531 0.0312802461650937 0.0510101583676854
0.214992899528463 -0.133212063257217 -0.0416049270100748 0.0949744625394001
0.260239749679496 -0.151023817997035 -0.115298377453829 0.108892011014079
0.350286705926972 -0.0945319743760461 -0.195239306696827 0.0786402377251886
0.376564650037555 0.0493502041638275 -0.262614488922875 -0.0637827813448166
0.335660982656549 0.251189232681523 -0.206193151907654 -0.187765369981346
0.216611531562094 0.413765047710013 -0.112454440962694 -0.264077866453006
0.102294987247842 0.44433537273341 0.109674690783314 -0.166791280884148
0.0398902304734771 0.343026094291104 -0.144804643956881 -0.0963843621003254
0.0973758578890039 0.324084052365942 -0.145870693093718 0.546947112642584
0.152825725690471 0.346389109588651 0.351814800674574 0.282505977640103
0.356846697757116 0.189682877846458 0.104185248512994 0.00058890597334976
0.372513595214574 -0.0386910235661806 0.0449338122200706 0.157119822639758
0.266449253858569 -0.151326047927679 0.171710554967971 0.144845775467941
0.18295321399939 -0.158641900754245 0.197762350584326 0.0540367487841843
0.177061159995025 -0.163723332202173 0.101401010268287 -0.00741131689739485
0.181435416104404 -0.146162306321407 0.0255534082171374 0.0286568737156671
0.238581222421793 -0.168147796390403 -0.0460818352755207 0.0328513476064981
0.354423514573203 -0.116370072680154 -0.111540845416716 0.00735974313215407
0.417578647439186 0.0740806763274772 -0.181351962587923 -0.112142327348677
0.295717580335121 0.334802884093196 -0.158242306123133 -0.250628503407258
0.126726335205822 0.404053177277927 -0.073042847850788 -0.378704424825448
0.0915129146132412 0.345016986599355 0.158120081767695 -0.304400454466797
0.118360683330004 0.221845439185437 -0.154602542418623 -0.217194011502113
0.0765623242901417 0.204407243012537 -0.0558229455135538 0.42045063491123
0.121899574515822 0.311872413616082 0.358885135557221 0.173319180401768
0.378044454783374 0.163795031438887 0.157766526335995 0.00526013109017563
0.370854247699057 -0.10550575866083 0.179505066691814 0.108679976620144
0.230057830078052 -0.198059001839186 0.268736444464115 0.0438282053373766
0.134663545303861 -0.178230250326767 0.255246075567793 -0.0309951845747113
0.11806713461123 -0.166641264700454 0.157462394288235 -0.0658461436660481
0.120614715244545 -0.139633401743755 0.0778117830312045 -0.0285960676462956
0.181589855648911 -0.161853264236903 0.00829636502379803 -0.0368067574085277
0.303094231800074 -0.117107310570699 -0.0246821831855994 -0.0639908244491403
0.382828305826067 0.104222410936625 -0.0629031300502017 -0.148338049154561
0.176427915615108 0.362074791139487 -0.0683802349977519 -0.281366194839771
0.00858240566827089 0.304674782215758 0.00460644139231046 -0.465394784047808
0.0950093420999881 0.193105513264092 0.228188476300519 -0.409715238368828
0.137214604076931 0.0536929798833891 -0.179281349416201 -0.287432380997804
-0.00654640683224648 0.0829494836284532 0.0069884905471981 0.277122837717532
0.0546316869963388 0.26012495098047 0.300032289736764 0.0764269396135329
0.329375473376774 0.113194565050306 0.188860705588182 0.0240277931362492
0.285718722973871 -0.146504129939229 0.283600825072236 0.047596014466233
0.141652232220161 -0.195352080964133 0.329660349066655 -0.0623886659276706
0.0604682880237528 -0.15892884473461 0.283834148140669 -0.117346443283689
0.039556480563372 -0.144339732951237 0.190621966989868 -0.116841753957526
0.0457953712741376 -0.121329979903104 0.105582930228918 -0.0751551475597329
0.109762485955615 -0.148424246596914 0.0434826508406796 -0.0949832338519809
0.230073214972247 -0.113145134022812 0.0556561136127305 -0.121422983958391
0.302727768767235 0.117465503430706 0.0635686883960383 -0.147841613287683
0.0288522471119785 0.313743069235176 0.0282894079601228 -0.262956753940549
-0.0737880397070115 0.128494254417594 0.100286631545236 -0.510846618549881
0.131191802294272 0.0206253186316335 0.304593239357582 -0.469191505723928
0.104902947693757 -0.118273448657178 -0.198067285594314 -0.301159161325659
-0.101809190649006 -0.0172065424368809 0.0327549057025072 0.158810364871517
-0.0163432781081674 0.189982781858918 0.221076365897516 0.0345573535897935
0.224184873599954 0.0524822492512041 0.220433427785183 0.0495936111955019
0.144920211485272 -0.146426756035825 0.343212103705158 -0.016272505015713
0.0289070033876669 -0.14262694524421 0.342386690536281 -0.148543328402424
-0.0255974481659486 -0.103196433945452 0.278804209022727 -0.182497518731765
-0.0435683502675085 -0.0983408443428161 0.193491535924187 -0.155015255607474
-0.0287917997016818 -0.095000659252617 0.105770928772 -0.112859933885536
0.0392584281541837 -0.133769026571589 0.0602846580884318 -0.146052335867155
0.15671714743196 -0.107801635359087 0.125075118609964 -0.162097429926176
0.208636289043481 0.106403957366702 0.163989231104011 -0.110627912176767
-0.083356906188061 0.19420860311714 0.0846880756767879 -0.21375960289051
-0.0751725133567461 -0.0775276074274261 0.184713647564225 -0.535020810558273
0.196920834676617 -0.136901098902026 0.361839205227513 -0.475999064362267
-0.200693869128395 0.250265336474305 -0.3582201734359 0.437073611821368
0.0602159091454349 0.20756512719023 -0.233951915137649 0.631293805237382
0.0935548102403861 -0.0270549237799487 -0.0238651593922453 0.20713577854449
-0.0830813992200632 -0.0463485618796598 -0.201884685374117 0.0593200780331437
-0.0590093084384429 0.103426791532535 -0.195651236272676 0.224103966871339
0.0375498658976604 0.0938171564703719 -0.0385929742245373 0.222452209738343
0.0860281166003537 0.0566912562727078 -0.0364414699853799 0.133229509819883
0.125514742225945 0.0352703599829964 -0.154539418166031 0.146464763200566
0.127810985998763 0.0374263513978609 -0.230441132957006 0.229873738795396
0.0854595200653305 0.0749188477209777 -0.308819905504401 0.220258725092543
0.00467503875134129 0.0997574978699507 -0.352853672995277 0.110250245843492
-0.0954030791830436 -0.00520934116378835 -0.291657487970133 -0.0245131432436488
0.0938422250979884 -0.125923820350515 -0.185075678797295 -0.0185935192918422
0.206779805720532 0.113333332927662 -0.140610261290933 -0.0473228455764741
0.00853920852221423 0.336049321122203 0.10886341782132 0.16263038724611
-0.214859815832949 0.332583295320365 -0.313317300729698 0.343010840768859
0.0127949740624382 0.327308984840843 -0.277378319462333 0.6754593531968
0.0995589057131108 0.128903684579625 0.0621542296401725 0.256557804193102
0.021335163677648 0.0245935841133599 -0.178164864467492 0.0160798778153584
0.0363163183969204 0.0896108740841829 -0.21436461620738 0.22566966421219
0.103881690183023 0.0539682888637529 -0.026766978129695 0.250797004304592
0.138037047800896 0.00445849317769006 0.00894962560431455 0.14912648718025
0.17665154265408 -0.0361922512496084 -0.104919418640646 0.135756979320599
0.186642371108101 -0.0432270427684017 -0.174202560654973 0.213492960334047
0.178797616991581 -0.0253609824898833 -0.247736084760132 0.224841602473893
0.160090508080486 0.0234273740935056 -0.318588969675282 0.146069579549696
0.0866749261571021 0.0223647198730857 -0.311610672099107 -0.0129440619301319
0.196839229293069 -0.00049095255371309 -0.198283739453008 -0.0586606763248648
0.255603866255425 0.231373167730678 -0.129332660342892 -0.0701631816143622
0.0796400256996238 0.431508456360807 0.0922114017352855 0.0879524571037534
-0.164034715155332 0.386731464106029 -0.241189702786468 0.213700888813958
0.0127884739686616 0.392935775563827 -0.270384983594882 0.685995596477551
0.11285305665372 0.261760703224077 0.174998229385673 0.318917265804827
0.146137599707789 0.108271575421475 -0.0965166810651279 0.00304413719995292
0.162535712199834 0.0636713275734065 -0.174864190875603 0.217274755018862
0.177043428634655 -0.00782489923334827 0.0106880744253213 0.251058444669596
0.176506149434139 -0.0579646335945654 0.0658567445357918 0.144765627588462
0.203585226094198 -0.10096102722969 -0.0384103345896672 0.10114774654724
0.215451980144179 -0.107687520377022 -0.107299890724918 0.163268307559475
0.236459229355142 -0.110267797655062 -0.178994298414488 0.183742883228609
0.280061371555778 -0.056958028665083 -0.261185023467987 0.138077890760018
0.258215834063772 0.0262058159855597 -0.306140907077579 -0.0182716510747262
0.297622140167139 0.124018599769483 -0.217479876235534 -0.112374288857311
0.272446683025027 0.337362420099681 -0.129945484909863 -0.148316684898515
0.116655313434451 0.469015214148471 0.0865477149892913 -0.0300663993818586
-0.0594708780731338 0.398383997004896 -0.17760311758004 0.0630567223171912
0.0677604109260807 0.392058543775655 -0.209551735646434 0.645912262639669
0.151612748356639 0.336814293967133 0.288479107358221 0.329911994701258
0.275945316909894 0.164821205258262 0.00983792897968595 0.00247990678345573
0.291155498045696 0.0134334237556 -0.0767437242407529 0.196174929957608
0.238205766353956 -0.0871230073196863 0.0843306458822429 0.213207754438432
0.191556238455388 -0.121187061218473 0.133585673489412 0.109264545072534
0.201731617178777 -0.149220807067386 0.0339027928406525 0.0480467681991259
0.211182006130735 -0.14531359753954 -0.0361529099180031 0.0963652572258015
0.254035109086643 -0.163742351868525 -0.108590009496221 0.113285153317433
0.346456830083134 -0.115211088856711 -0.190213522795371 0.087337189374518
0.381792626133869 0.0297549238233589 -0.26585836850719 -0.0528679588287735
0.350365702142774 0.235828680964964 -0.214813831240625 -0.179043642977718
0.237975496568856 0.403427752403249 -0.125722118420159 -0.259352172928088
0.117877618472545 0.440779708720158 0.102190278194375 -0.174001639024201
0.0541249986544191 0.342178006646538 -0.154755032584881 -0.0888688760106405
0.110110993480365 0.319315944861989 -0.123539734054049 0.553877424011647
0.17146765841409 0.343505411836977 0.364388792930419 0.262954388310957
0.366933297119023 0.172374430887484 0.100575239047213 6.22166689939892E-05
0.370577689505625 -0.0578358150986133 0.0561259205018614 0.157498211547037
0.257573596668327 -0.164870671407603 0.180307905380196 0.136252377225456
0.176417780900908 -0.168550708606249 0.201980276765238 0.0416494640462516
0.169817428079785 -0.173427265598597 0.102434611086045 -0.013409899922884
0.176141053364338 -0.154790125498442 0.0292985887597569 0.0264319557982621
0.230739354700679 -0.179258458069491 -0.0435636051310657 0.0328620346481737
0.347767001045692 -0.136406745763882 -0.10920479974886 0.0113150393945708
0.422348534796186 0.0528967238877096 -0.184529301298193 -0.106527393746976
0.313623501148177 0.322434849414699 -0.168993589619943 -0.244196688706152
0.144339296034812 0.398447833246767 -0.0906531582893491 -0.376038530876288
0.101579656047817 0.342201783742592 0.145649698007247 -0.314564303784501
0.126146100820506 0.21649494147978 -0.167528341546526 -0.20859626626988
0.0837212555024544 0.201067632456103 -0.0379473279928287 0.422416957270866
0.138833914346866 0.310067119674827 0.365615954983335 0.152231155520498
0.388314245548205 0.144414239612381 0.155337138350518 0.00291237927946094
0.364156719480454 -0.12458035633052 0.188710897356928 0.102001620917762
0.219307108539198 -0.210251798240383 0.27142555886676 0.0309453155088801
0.127622033412457 -0.184643245268037 0.254790087607714 -0.0462036628761918
0.109857742656089 -0.172702589980236 0.155945043495027 -0.0744653470351182
0.114800096858783 -0.144003043099615 0.0788385310903691 -0.0337319417013258
0.173229963395281 -0.169930609036527 0.00757626291593794 -0.0379216467639128
0.295379786724355 -0.133716957776916 -0.0261832400525337 -0.0645789399986226
0.388390999535296 0.0835435024323264 -0.0678981317440526 -0.148732588814189
0.195333862746646 0.356308958718199 -0.0807271481724096 -0.279421541468653
0.0214710263673989 0.306166978483437 -0.0170999830634465 -0.465869213374248
0.0969542498530849 0.189462378516673 0.212853135347136 -0.424322798778573
0.137020755452918 0.0470776947817657 -0.193089588162705 -0.278029406636965
-0.00516529017933898 0.0848855830860416 0.02120486121036 0.275312978867712
0.0691316329284991 0.261229377205447 0.301318787806505 0.0597770163989526
0.337693939761652 0.0958117069442922 0.188622432052528 0.0207932773293888
0.276090992258384 -0.161995308198833 0.28959916264404 0.0342929058076274
0.130684081870484 -0.202232370327446 0.327047999248632 -0.0781080918950575
0.0531608847943442 -0.161765947350281 0.281342514738113 -0.132129912051775
0.0318252521777133 -0.145225977919205 0.186541412349309 -0.127733190099013
0.0400348228421664 -0.121983999592116 0.104269571838697 -0.0813374017221235
0.101261242526452 -0.153787035140157 0.0389583132113077 -0.0970098546984701
0.221813611952333 -0.125984989447995 0.05109759887832 -0.12554572439716
0.308401569081652 0.100623741557994 0.0596313643193524 -0.154421232347041
0.0454859982261055 0.315061381916827 0.0187714549869134 -0.263883907543145
-0.0705872383669961 0.134764800743096 0.0796010567300875 -0.515538676531397
0.125846137212518 0.0145047625685408 0.286445733902115 -0.486055406636965
0.0967730613019118 -0.12373322529486 -0.211814329975775 -0.290886539130308
-0.105118826001911 -0.0114069932862358 0.0421913965615828 0.155761668085432
-0.00572410440204356 0.194216940189344 0.221086412807432 0.0233814660427817
0.228042593949787 0.0397274242675228 0.222317588760993 0.0440857069732157
0.135053649084626 -0.154436441255136 0.34487557647558 -0.0317419684513593
0.0194248739452106 -0.143949504225666 0.334761492604753 -0.16385958695534
-0.0303808619424247 -0.101115960050135 0.272796727477342 -0.19603520549714
-0.0495380438756963 -0.0936950167622921 0.188027002571479 -0.165141010314675
-0.0343814949568927 -0.092019168242889 0.102515790770482 -0.117989082617062
0.0308487942015446 -0.135969600212079 0.0523656610759156 -0.147495034410189
0.148401503811527 -0.116421818739894 0.117450496854547 -0.169741647239846
0.215005843005663 0.0933965829147731 0.162971432976508 -0.12175321254765
-0.0727316342567886 0.200336814107678 0.0773674246899397 -0.216615669858907
-0.0819126766877145 -0.0721304426828397 0.160118081364481 -0.538785553763452
0.187178226209644 -0.147538490774519 0.344118401275142 -0.495085238185645
-0.181166861109184 0.253965547668214 -0.333328361877699 0.443340491887262
0.0724519067607513 0.198008758248945 -0.200089438415965 0.625181884994654
0.0887461681976078 -0.0329617572370618 -0.0164209953988049 0.201728234297537
-0.0844558104975526 -0.0393881019538032 -0.197507946536215 0.0682410113365087
-0.0490217347102511 0.10457873374505 -0.17738201920791 0.231211002336238
0.0423426749992004 0.0888434962752021 -0.0237289074415315 0.217640128195344
0.0878282432459891 0.0500590764273668 -0.030889915727152 0.128622935603305
0.125152799276026 0.0245518863701203 -0.145295953213899 0.151003453990825
0.127353152489408 0.0265574971638112 -0.212004797165545 0.236343975401268
0.0891927942108848 0.0676410179072394 -0.288937473687783 0.229379672191562
0.0114005114220726 0.096170032931284 -0.33912124685962 0.12675253050596
-0.0924737129007466 0.00265873931480431 -0.286082394659617 -0.00893538546641512
0.0832188398163122 -0.128591315684986 -0.177314008158649 -0.00920814853935701
0.209263815317475 0.0974911963834305 -0.139475769307266 -0.0384433646805901
0.0273112699244274 0.325195244956471 0.110570454797707 0.151644198399479
-0.192505542384448 0.335132549380192 -0.296752620799904 0.350582580807562
0.0299393031494199 0.317047862184852 -0.240258826229659 0.670690743805273
0.102380148604198 0.11849458095297 0.0714684584103524 0.243832793558265
0.0206437368628912 0.0238515009887846 -0.177270386114906 0.0257114630501693
0.0414755146418756 0.0859793795143931 -0.194711700643637 0.233887604332286
0.104315698962434 0.0474129241331806 -0.010302585674825 0.244477427467846
0.135586241771739 -0.00360623137052205 0.0134724620672498 0.142267014818169
0.170569357440205 -0.0471215486607843 -0.0962745442932703 0.137090975479227
0.181062671208859 -0.0549741733581353 -0.158095043204047 0.216613946627491
0.175036691925924 -0.0353255142040472 -0.229065360741793 0.230100301385516
0.158371135596539 0.0138407065567441 -0.303023217536436 0.159130652366408
0.0868421305949466 0.0184941514171577 -0.304733586119719 0.00361926446771671
0.190701673530618 -0.0109118450602844 -0.194037441431038 -0.047786657135882
0.262086621298972 0.210785739118296 -0.129850148215739 -0.0613033517877848
0.0974650535389287 0.415864689382109 0.091128457879648 0.080636224032463
-0.141717083981089 0.385815931928274 -0.231893982588033 0.22117267457824
0.0328210382096032 0.38069919316081 -0.233708000248053 0.682760139576852
0.123249669438233 0.24966804352275 0.183189867995982 0.297907223729091
0.146490924721054 0.0991174570888348 -0.0987123073879807 0.0104714010772862
0.161445056392335 0.0530060465077676 -0.156625658025292 0.223873743858632
0.17180464589501 -0.0173175827789266 0.0265005968333541 0.242846361928493
0.170167553650988 -0.0658574718819771 0.070574267039817 0.134975173989806
0.194100440869292 -0.112040609452329 -0.0328126898269906 0.100095072138411
0.206134381601515 -0.118744106721047 -0.0946922501008944 0.164241443073737
0.226526195526264 -0.120922985026668 -0.164097516160053 0.186800064385358
0.269653132320122 -0.0724176362413468 -0.246422381719344 0.148879445909576
0.2539019536982 0.0127749653399377 -0.298260113974602 -0.00345698925038378
0.295953268445793 0.105531670966976 -0.215819409358682 -0.0991125271208929
0.283891119450385 0.313882445732341 -0.134694134031628 -0.137671407633321
0.133732178599014 0.451683737496966 0.0815665371082838 -0.0347223663335169
-0.040717859208348 0.391716390731537 -0.177094354553137 0.0714628123727003
0.0842901011683353 0.378525889577919 -0.177421822079006 0.639806472478672
0.166007204716935 0.322141361396289 0.295993036095061 0.301774141302727
0.276434095981052 0.146731874609039 0.00470493991352298 0.00584337720699264
0.283720544290457 -0.0025162597734839 -0.0620687201350945 0.197151450625328
0.226758291271261 -0.0980831813695759 0.0941721541076134 0.202915879671959
0.181808973956069 -0.128590196203219 0.135675967668822 0.0961085031700163
0.189745361264107 -0.15728143649018 0.0362429724564628 0.0448218606416297
0.201022824435487 -0.153956220287156 -0.0288901587480812 0.094195867064903
0.240977880613514 -0.173763923286986 -0.0989124727202623 0.113886019356677
0.330745437293127 -0.132570763569959 -0.17862653879762 0.0938666185865556
0.373867665871807 0.00964931823008586 -0.260606379727093 -0.0399012587681351
0.353164290013925 0.214129411217661 -0.217844892195116 -0.163860893652275
0.253722453577421 0.380543445202353 -0.136241557456245 -0.246169425649303
0.131450640213417 0.424207807810801 0.0912573946502398 -0.176045676884422
0.0666006367942431 0.332562026708778 -0.160018741512746 -0.0772142888493677
0.12093907440915 0.305248779169692 -0.0969616257736039 0.546983677816621
0.185478685886946 0.328823405743822 0.366577892896407 0.234041000612734
0.367547563694837 0.148583372743035 0.093999378075638 -0.000241735751342316
0.356241903396329 -0.0755861880295129 0.0661035378382204 0.151662668815884
0.241438857427029 -0.174052940595547 0.183558525389402 0.12299506285508
0.163938644023378 -0.174096722598581 0.19913828735526 0.0274944877291781
0.15691634638977 -0.178571475457636 0.0998685855168555 -0.0197789637907137
0.165402083217773 -0.161387307768162 0.0319181050491599 0.0223251025467169
0.215381184286854 -0.186353749303634 -0.0394815879974199 0.0330507017904223
0.329655841293577 -0.152816773989808 -0.103530804802869 0.0152574860935535
0.414481629613413 0.0282881561715086 -0.184012575965275 -0.096882661616355
0.323782165940212 0.299977258714807 -0.176178264994896 -0.229688608872468
0.159964177988853 0.382793538850561 -0.10703302899946 -0.360664180068777
0.108843179240802 0.330169326537553 0.128196457342628 -0.315692913690779
0.130291078367886 0.205957223910733 -0.176141320994594 -0.193861267885132
0.0892710847923306 0.192556190999575 -0.0189351440676513 0.412452151565755
0.152549509512893 0.29811643128363 0.359843822784907 0.128495755838302
0.387225384982726 0.119727427634104 0.149042758534826 0.000342145008703051
0.3480688714977 -0.141502286218994 0.192560706581693 0.0895362209140006
0.200627671446073 -0.215356137166807 0.267140174798087 0.0157752662060223
0.11563962133471 -0.187441627198097 0.248512948267902 -0.0597874884931224
0.0979654268094446 -0.173067423427824 0.14994459910477 -0.0823498348127774
0.105986985615284 -0.145922803003061 0.0768534633370211 -0.0386118275487626
0.15970340146633 -0.173886830195577 0.00621781320369108 -0.0381417741493202
0.27817357082844 -0.147596028879797 -0.0268296459725759 -0.0633419959060292
0.381785413009895 0.0583975273123983 -0.071830296782712 -0.145530475906733
0.209314446176392 0.340294210012534 -0.0907762218964998 -0.268025866775139
0.0345449337958708 0.298927389747658 -0.0371712983964114 -0.451547639289846
0.0960727736293022 0.181814694682154 0.190001754227951 -0.425937797346133
0.132666352669715 0.0398334662776069 -0.202225232729069 -0.260031149301183
-0.004205789965301 0.0841943134934458 0.0337250083786324 0.266031533680875
0.0824967104088684 0.254120857146957 0.294102176664893 0.0413267944671125
0.334504057545199 0.0743919161022201 0.183978325564575 0.0166089784226738
0.258654517277692 -0.172564526480165 0.288209410425654 0.0186858091688012
0.114316003871055 -0.203592097163135 0.315401882062602 -0.0928343295075249
0.043778032120102 -0.16069594543909 0.268854297265337 -0.145224368189811
0.0233463278333285 -0.141435125779855 0.177349951552403 -0.136149788105882
0.0335619463417276 -0.119094693987775 0.0992716636900663 -0.0856385932687242
0.089209767575115 -0.154123949752382 0.0337643702793054 -0.095356369603772
0.205929058884065 -0.134907115942186 0.044831598435722 -0.126823126403437
0.30496756163284 0.0791281226919942 0.0531307499084975 -0.15626805471991
0.0613946404567555 0.306444312193942 0.0062341580980794 -0.256909700295287
-0.0646019316720265 0.137735037646132 0.0541659741323995 -0.501726729810203
0.117005915205529 0.0088578411374413 0.260329528334909 -0.489874519464006
0.0861160636174104 -0.125402577927829 -0.2179293013228 -0.272324556408966
-0.104658786585677 -0.00335549310858127 0.0502240272711906 0.148206175721698
0.00639853269445776 0.191596928593702 0.214177534684008 0.011272257578701
0.224988610451414 0.0252948191470372 0.218422435015271 0.0369761177288927
0.120968321214916 -0.157566599526425 0.33621351974356 -0.0486222076491057
0.0103181345261614 -0.139896043385883 0.318891398930821 -0.175849670381929
-0.0342360543688363 -0.0966412427630658 0.258401337437786 -0.206164369038191
-0.0546398405890211 -0.0860097113318755 0.176765291609276 -0.170681963028111
-0.0387551231438001 -0.0857133587972682 0.0959903973656775 -0.12078524234131
0.0202652351442913 -0.133578201845394 0.0433736673664155 -0.144132410794113
0.136662344980418 -0.121161610915438 0.106641921265185 -0.173002188893255
0.213906154719888 0.0772292809672803 0.156407627940217 -0.13012312252497
-0.0591692007796603 0.20118548347211 0.067056396009544 -0.213410890076189
-0.0865226656159028 -0.0635905572049355 0.132835031413017 -0.529585353015371
0.170619346281408 -0.15243185119225 0.316985441477173 -0.50288544620448
-0.140643547924839 0.275318406519191 -0.259559468815393 0.438316516646633
0.094409633333419 0.182094496128333 -0.119818043787029 0.614372773027411
0.07951284826063 -0.0416437318068432 0.00235720417108357 0.193205776180154
-0.0850991357757073 -0.0265286076244472 -0.180884819407965 0.0964098070335898
-0.0342104258216916 0.10356611651107 -0.13233756437462 0.242656388463476
0.0508179971026568 0.0790711235182547 0.00764148404359341 0.205340598691597
0.0888740842501001 0.0370427291188901 -0.0154510972584821 0.123625917711207
0.121438104956041 0.00583172905516694 -0.118929588944627 0.160494536470327
0.125675730929366 0.0069089079119666 -0.169850262475419 0.246855130744125
0.0958340606114132 0.0508308120832406 -0.241699880446474 0.252886156415602
0.0267405280017465 0.0886508457289056 -0.306551857432795 0.161088861611572
-0.083873986095036 0.0175003157419529 -0.275997521040267 0.0287591949022773
0.0599672466129581 -0.130745828309493 -0.169209428416737 0.00597718721647517
0.206544482742815 0.0651601099147377 -0.125935655740624 -0.0195104195898016
0.0707187406452196 0.293661582227947 0.120542763567038 0.141470022701018
-0.142234555557942 0.35498986806935 -0.237326261982403 0.338380684218972
0.0666762518431737 0.300591668327497 -0.151819579379824 0.66009342098353
0.111526061237794 0.100065539976642 0.0904211614478726 0.214729071405768
0.0198943288094458 0.0212158596738159 -0.170524341316687 0.0498116480757658
0.0483848962967956 0.0758210077999791 -0.152140052363981 0.246655915350125
0.10478754493413 0.0334185260796488 0.021084658719813 0.228034067527277
0.129070894708286 -0.0184301996437549 0.0283990504844378 0.129480935913154
0.157096739550401 -0.0679197559965004 -0.0743209138957389 0.139981549246745
0.167199417493837 -0.0775593442993457 -0.121828603310555 0.220224011764351
0.163530416999156 -0.0557306034196261 -0.185269614818053 0.241672333917774
0.153798523281381 -0.00902522442272247 -0.268031756719776 0.182706060863368
0.087064427672869 0.0112447524869579 -0.288673288771441 0.037315095147413
0.176931785552785 -0.0338361597073506 -0.184853895478283 -0.0283192144511409
0.269641485551961 0.164130338947713 -0.114754698996075 -0.0393204223469334
0.145441214484828 0.36952313548366 0.0960695932122988 0.078687910644257
-0.0902366014666146 0.396729235689467 -0.196211321303034 0.205588631146514
0.0736386990188406 0.361839268473239 -0.142779687101273 0.665711417755949
0.14787305399875 0.221945857448165 0.205188721799379 0.246610706438078
0.147522035349941 0.0789718648068829 -0.100603719166021 0.0207703628048997
0.15727766155866 0.0315025593070701 -0.123122308298367 0.229834758922893
0.16159547474962 -0.0344460515559949 0.0517864414523536 0.222610731264339
0.154603344795031 -0.080990947273644 0.0815635869957868 0.113634142834572
0.17099524725662 -0.131354334791209 -0.0181098359703125 0.0962934166523421
0.182279136771232 -0.140959439520167 -0.0676385827855439 0.161831517456103
0.200517192177058 -0.14300489677736 -0.129253466892575 0.18954902237039
0.246626078159571 -0.103063630506195 -0.216735278633076 0.161558705033113
0.242528999904335 -0.0150079465532394 -0.282266393371199 0.0249184942786297
0.292060273994958 0.0628706415283153 -0.206901943518289 -0.0752152504054779
0.2992739830179 0.258131473478481 -0.125654220412373 -0.107969589984139
0.179449585233055 0.401250355089437 0.074632074775725 -0.0297208382985054
0.0104669866325298 0.389291747787452 -0.168316832248521 0.0562868101548084
0.120496456787517 0.353399515331854 -0.0960034628730416 0.621529760693331
0.197200521254031 0.285765056746953 0.311843629873166 0.232832801024575
0.276795465918602 0.110928721582718 -0.00464466603528837 -0.00107374780936719
0.265909654443489 -0.0344037728814385 -0.0415989157588506 0.191286369529602
0.203679942801774 -0.117537949013538 0.107732018165821 0.177221877883258
0.158864310941134 -0.141345418945858 0.138931103997935 0.0681104473061494
0.161289356586198 -0.173725173738735 0.0397654300817298 0.0341354289067861
0.173232288851052 -0.172543032274854 -0.014529551319682 0.0860391504359586
0.206782916415535 -0.192896087351555 -0.0775421853877274 0.111452553684955
0.294775897517793 -0.167050413441876 -0.158634016799349 0.0990576309399156
0.351574812962865 -0.0324501403851771 -0.248582009990594 -0.01804311172364
0.359771453547537 0.157500928626478 -0.211859230943547 -0.135898116702749
0.277297119159967 0.325449162910333 -0.139515588643723 -0.207212171641928
0.170122392089846 0.377475516336545 0.0679117558043299 -0.167532972417571
0.104399429523444 0.316007168759858 -0.176648642060319 -0.0791667035290189
0.148034289341925 0.280711709847748 -0.0303294178308108 0.522210180122909
0.218277226240149 0.290641699010601 0.367625996520252 0.158865658236592
0.363769710620796 0.101967198217715 0.0773829709879662 -0.0198926553106927
0.326551275800658 -0.111821491686448 0.0715882994716007 0.131117950196346
0.209051643242484 -0.191512698553077 0.180889055668149 0.0914868044348363
0.136617463764257 -0.182586252114566 0.191519506396554 -0.00606691103150266
0.127198781820538 -0.189007653895177 0.0927475585713646 -0.0344072093064304
0.137989391789285 -0.173020915785136 0.0340365189083962 0.0111666371882409
0.179699743384828 -0.200982994911856 -0.0318739993440774 0.0281804658320512
0.289529525977855 -0.185200972837079 -0.0983024986192704 0.0145403861374563
0.391668855027403 -0.0204200316217729 -0.180299966419417 -0.0836935493300891
0.342284318865353 0.242596393714747 -0.178711148721007 -0.200598115461011
0.188996545729182 0.339908612669389 -0.129985067546306 -0.317131405126592
0.134312510746357 0.293276660142499 0.0879803132930762 -0.309532445743372
0.149251328661626 0.183947334797319 -0.207287351171658 -0.177654837371345
0.104330415707712 0.176709754500296 0.0297891690288144 0.390408778330189
0.183689922187009 0.267072830310513 0.351252074563442 0.0595727428585507
0.380616328267807 0.0724166799369086 0.130908107364665 -0.0261520950602701
0.31137423733738 -0.172240870675674 0.182843797434109 0.0580912089737571
0.165447695275219 -0.226747021089678 0.246340494719604 -0.017347838538267
0.0888860817245194 -0.190762592611017 0.227816654250147 -0.0945955152992617
0.0723020684103487 -0.175751694659597 0.132355395615206 -0.100024081231793
0.083220893315083 -0.150196046188474 0.0697870334771236 -0.0507500238829145
0.127140170485914 -0.181262422170983 0.00200197131019835 -0.0436845859425921
0.239733650418872 -0.172508042200206 -0.0337243394367826 -0.0679508243987269
0.363248234536939 0.0101432240699047 -0.0775751113048933 -0.142171156119088
0.24003006426766 0.294713433760915 -0.10282566026367 -0.24303199738369
0.0605501778144125 0.278414830345197 -0.0811670959089922 -0.410161365550692
0.101991057623186 0.157190512121445 0.135133086152268 -0.427872563958924
0.128979172794666 0.0216230024533203 -0.235959400811709 -0.223253684748306
0.00447925487178586 0.0835348212087995 0.0644405713321155 0.245211635805624
0.112217161192206 0.233213531620469 0.280450503803718 -0.0109077067933281
0.32625892364394 0.0340082726474351 0.168587476017414 -0.0139968711826106
0.223780104037904 -0.190986503900821 0.266372459835925 -0.019019956753139
0.0849521069222372 -0.20475226213908 0.282274142263483 -0.125344502501297
0.0239615949303736 -0.157732053058685 0.238630101925701 -0.17703360794077
0.00522126922023333 -0.135168333885004 0.151652973329793 -0.153166131583785
0.0176782587080046 -0.115316912992495 0.0848803157459061 -0.0960571037304116
0.0631831876796065 -0.153439449215444 0.019951027913802 -0.0984424411128619
0.172339727916862 -0.151630099648194 0.0262963303471398 -0.134267020261099
0.291272170680223 0.0376293754998265 0.0406489980846159 -0.166147173548584
0.0968742153525814 0.282555801377407 -0.0113786094255668 -0.24012520052364
-0.0517246553717359 0.139469159980596 -0.00756614569874011 -0.472932112118417
0.0984509444432426 -0.00671445255497232 0.195957383692008 -0.501859117295588
0.062083128291013 -0.133857141208708 -0.244651538832009 -0.221034208302392
-0.100962946666322 0.0114016869952342 0.0700664347045181 0.132218052171981
0.0314821736973451 0.182661255316945 0.204064947634122 -0.0252366332058985
0.215887801905294 -0.00221349013104259 0.207478899726921 0.00419424565715511
0.0953963375656819 -0.161078725521109 0.308675989524274 -0.0869534121119475
-0.00686992245533302 -0.132977323613287 0.280179853702251 -0.20222438625571
-0.0423175068898144 -0.0883193407328519 0.222679488190413 -0.231010900771846
-0.0612304795184769 -0.0733861542336847 0.147058158246487 -0.184686404074988
-0.0475744428549482 -0.0744944026235405 0.0769581519143039 -0.126864300137044
0.00142275969817708 -0.125483347322035 0.021526733266613 -0.143921822941149
0.109618826793388 -0.129967704388728 0.0787638853678974 -0.182585509765227
0.206338641068776 0.0451661740251132 0.14148841154327 -0.149853410056333
-0.0291048251700138 0.19916563418471 0.0462653536382603 -0.20380888841332
-0.0966355188322466 -0.0449338050892788 0.0576788822427667 -0.515351025554527
0.128098425112513 -0.165633567547866 0.250906541026714 -0.524387271145102
-0.134341317223831 0.263113428906196 -0.256862479927491 0.420521236646843
0.0927298915485376 0.172599597940119 -0.122239433468718 0.589352265221801
0.0740073000418385 -0.0408205226062653 -0.00201379283782023 0.184345508862643
-0.0827971125306887 -0.0248514860434085 -0.178232071124905 0.0926486908439472
-0.0318622635238082 0.0990739465144235 -0.125925154789288 0.234391865967902
0.0482800067398734 0.0758957520779328 0.0085583742714958 0.194509875111444
0.0860037115138869 0.0351019407280983 -0.0174229251647099 0.117644186923624
0.11692883900682 0.00329627998192004 -0.11593424079163 0.15354309574648
0.121478566107218 0.00354428829652538 -0.163235290539667 0.236024895120778
0.093542332434696 0.0478855913864054 -0.232267493144053 0.241217584489887
0.0264419888311728 0.0840990802688276 -0.295059764417347 0.154152140729749
-0.0792851615352706 0.017813268006807 -0.264074441397678 0.0254500641043311
0.0558705762649767 -0.125362471036839 -0.160025304566466 0.00302645226314816
0.198589098510128 0.0607597303435534 -0.120819971557428 -0.018055147039224
0.0665289852370175 0.27934166893818 0.111031099783722 0.136671016000922
-0.138338174945992 0.339534225871692 -0.236848554346561 0.32517988986831
0.0634437609247927 0.285498938511164 -0.154105727000208 0.632264058059338
0.104294041818379 0.0959214515436124 0.0828699244332971 0.204112220290852
0.0174940871821775 0.0218857541418841 -0.168433812900592 0.0490641131309941
0.0467171917204087 0.0730206127996416 -0.145152531368676 0.238227681327431
0.100148232346103 0.0324427570012576 0.0215569162238522 0.217079723153125
0.124714320251492 -0.0171789638408882 0.0249112446493357 0.122646001753857
0.151024081745917 -0.0666887899438122 -0.0735505783148693 0.13424090580784
0.161098208699505 -0.0768397793215975 -0.11659341146636 0.209786081326274
0.158499903974007 -0.0547124419381173 -0.179030608389848 0.230334196644493
0.147946006596523 -0.00913738054201306 -0.256330393534799 0.17428021947828
0.0851567639569162 0.0122871211813892 -0.277136737859907 0.0335447867945474
0.168658275227861 -0.0308435859305665 -0.174383444503062 -0.0290783425412307
0.257102523588819 0.157394668621709 -0.109427780124412 -0.0377549584894437
0.134930414667619 0.354854404570438 0.0885219852081178 0.0767564234939434
-0.0905403298309338 0.380518079390189 -0.195798097380484 0.198512655100601
0.0680143562973911 0.345798477414863 -0.145406742544886 0.638805419360881
0.139170835805441 0.213001717864655 0.191752884684034 0.234837501888752
0.139806163957539 0.0773626259331456 -0.100853404160262 0.0223453625094687
0.150800546093246 0.0315521840872129 -0.116773824898249 0.220704778827501
0.153866947341534 -0.0322209601583957 0.0503875922462452 0.212335561667071
0.14999402527334 -0.0780545784755514 0.0764251466165875 0.10717279875782
0.164009310072125 -0.127292011743394 -0.0186337872711529 0.0913897463362659
0.176479729745176 -0.136804823870504 -0.0653472191025705 0.153072767751495
0.194920496317004 -0.138068083286685 -0.124869176291519 0.180089146315895
0.236160858952081 -0.0999284551332365 -0.206725267732841 0.153959704861674
0.233676058444008 -0.0138245695641808 -0.269931653496666 0.0218395158837215
0.279237672039844 0.0624059036750472 -0.196500301033869 -0.0729607661098226
0.284095738789397 0.248585403217876 -0.119580254018434 -0.103572164839421
0.16593333327503 0.386163938250928 0.0698713312798771 -0.0269084529403694
0.00345445175920178 0.374771454841938 -0.16729404290253 0.0570011386428447
0.112305481244827 0.33979545372291 -0.0998434415800474 0.595879454681324
0.187229751873363 0.275799866037644 0.292767487368558 0.222016452269394
0.264405385819999 0.107136589634637 -0.00827707714017621 0.00317773602857908
0.254094641713181 -0.0311594235064464 -0.0380759017561304 0.184137157472709
0.19505354741361 -0.111351713343625 0.103870115273168 0.16951449508564
0.153303362833436 -0.135122096419665 0.131813211620256 0.0641433937408001
0.15471204539445 -0.167658551411953 0.0384778292577296 0.0312228112181289
0.167390795547 -0.1667033948676 -0.012731311423531 0.0804521173239486
0.199086608064355 -0.185142102541979 -0.0742044924750499 0.104911854923974
0.280723666945441 -0.161284790839082 -0.150401278637243 0.0924165389045457
0.339268284861032 -0.0306874837025714 -0.238071253368328 -0.0206875389204228
0.344535613717477 0.153780172363679 -0.20164491289323 -0.130905152348612
0.263303304197798 0.313595770115466 -0.131893374281685 -0.199017100685932
0.156904072842015 0.364898876580751 0.0653582370701723 -0.160505378760529
0.0947582272973639 0.305649941196036 -0.171731168590644 -0.0746577895882277
0.137372390943812 0.270455702833122 -0.0359743694369717 0.502162244207724
0.208776326244951 0.281793152652224 0.348687638647519 0.152087775427048
0.349141408982596 0.0994746219516074 0.0725493583594115 -0.0141376252470056
0.312611768682943 -0.10570428746882 0.0699529909050886 0.127377503376134
0.200346157692993 -0.181847132009973 0.172748762841702 0.0883318285601167
0.132158643138068 -0.175025529954456 0.183994669707013 -0.00679561845706056
0.122124640680793 -0.181220673481975 0.0898096583573021 -0.0348523851091669
0.134539501082169 -0.166602925903913 0.0335759408647224 0.00865789253645981
0.172866856910909 -0.192139971430804 -0.0302553940563738 0.0251248785935635
0.274928041919688 -0.177425041369591 -0.091042613539272 0.0113863542112399
0.375950405658349 -0.0180053594362608 -0.17155111600071 -0.0837623719296938
0.327925939708706 0.235100028451526 -0.168701602991014 -0.19286319634895
0.178708079299384 0.329271559847075 -0.120819944629354 -0.30369218273642
0.121528611733853 0.285365686848854 0.0869572493134728 -0.297680656341359
0.137812680504438 0.178660311910888 -0.198577998670797 -0.169451802161644
0.0962063852706695 0.172150174637854 0.0236637822698799 0.372471238591985
0.176973946166812 0.259015890732511 0.33316027637571 0.0572708147602627
0.365268000407453 0.0703246346294441 0.124944558327217 -0.0191292208634741
0.298411045068373 -0.163490348049818 0.178051199036233 0.0564704746997876
0.158185571072124 -0.214805234131704 0.237271898441019 -0.0167814076693473
0.0858975167244951 -0.181716402019486 0.220088060076787 -0.0916495819522184
0.0696930605022838 -0.168063613949033 0.128044774973671 -0.098248016597511
0.0815050751298087 -0.143751161792205 0.0689852478015697 -0.0505676834032361
0.121762943345344 -0.172123926612265 0.00255768254547377 -0.0424684015431006
0.227485640710018 -0.164606584324164 -0.0305412993546754 -0.0678422064101663
0.346004792990878 0.0111078718060306 -0.072129099068817 -0.139581371754979
0.230505401466468 0.283959873347989 -0.094768538717867 -0.232745109892499
0.055378033425453 0.270030922406764 -0.072788457568494 -0.392619537222554
0.0912423588530266 0.155247792259739 0.134119527755921 -0.410795863921823
0.120476025800349 0.0220409608494489 -0.223602384608923 -0.215192807677105
0.00115761943756251 0.0828139596258415 0.0594343667796197 0.234067303757928
0.10882630038178 0.226370130036491 0.265561461252423 -0.00933345456291501
0.312933001851211 0.0322413817647596 0.163001522230341 -0.00673449986539827
0.213636322219369 -0.182194337872795 0.257577000455322 -0.0181321992998775
0.0808283476942565 -0.19471040598083 0.271865318632158 -0.118570232493175
0.0238252000955577 -0.150258967497271 0.231048441918163 -0.170863438788578
0.00558456428408187 -0.12822250839822 0.147106271656223 -0.148652130038384
0.0184797088265578 -0.108623627494763 0.0844562849741224 -0.0937092341409455
0.0601699359085861 -0.145327408007775 0.020198647544694 -0.0933814904504884
0.162984562817693 -0.144627378646351 0.0267286555102559 -0.130047172269045
0.277794233801489 0.0348009992681931 0.0422172633837427 -0.162330256534064
0.0928867540643529 0.273213879152736 -0.00691196198581252 -0.229743779635633
-0.0529304891408525 0.136819527504955 -0.0014095295053243 -0.450687723241787
0.0899491863920342 -0.00284177784706937 0.194443220210214 -0.483609932127507
0.0576619110468985 -0.126885200880533 -0.231796334424684 -0.213705213353865
-0.0980342702124727 0.0129737665256775 0.0665289876264951 0.124072700009155
0.0320021844070584 0.176566444556149 0.193128957215846 -0.0240925841293529
0.206743200010343 -0.00321541421749566 0.200609849539221 0.00921813815124907
0.0894500665462866 -0.153800015559983 0.298260752044427 -0.0826287144282354
-0.00725016902482697 -0.127287651758259 0.269718361883516 -0.192392923328157
-0.0409527479341801 -0.0851342101217542 0.216582864892506 -0.221391153573529
-0.0585556118144234 -0.0690176485636653 0.144512319222024 -0.179415371779476
-0.0445396525592391 -0.069069155102913 0.0763850591585772 -0.121612231740493
0.000514091302503064 -0.119749987257776 0.0227213414644569 -0.135594988069326
0.10326008453654 -0.124910987805389 0.0762380787544982 -0.175959141274151
0.19606593476884 0.0420825080087807 0.138550143606155 -0.146107553365841
-0.0273026115899188 0.192713371745913 0.0496323146049129 -0.193784822642147
-0.0940721290955368 -0.040596234505736 0.0617062180795415 -0.490531694096673
0.121088015681992 -0.155762432090157 0.248060400689458 -0.505472112128531
-0.137941584186349 0.254379037611666 -0.272317356325154 0.407469458983805
0.0886626896092762 0.170330119820294 -0.141581465122781 0.57782213419762
0.0729999699218641 -0.0388465609628433 -0.00963414539956568 0.180432064987282
-0.0819497823152788 -0.0250762078345702 -0.182913449385123 0.0874196595428137
-0.0322335450752581 0.0961560427901339 -0.128523374310715 0.229684858724759
0.0459131798751613 0.0754478053216774 0.00530189084482938 0.190163722490907
0.0852757338458186 0.0363833440182108 -0.0230264173094492 0.114419359174349
0.115305859316421 0.00369745969103211 -0.12072796567078 0.149370677468116
0.119362382498071 0.0033505019069595 -0.166881549923205 0.227554432257829
0.0928542228684668 0.048226730635701 -0.235486084028193 0.231178818038062
0.024532037209842 0.0835112027169283 -0.295423092609815 0.1451276602724
-0.0776884112894675 0.0171620026246212 -0.260423581157649 0.0173568686321219
0.0569284430403701 -0.122052197340369 -0.154711265322339 -0.00365010955205662
0.194621993976815 0.0630052152398622 -0.118043336021027 -0.0202274787181644
0.0574586983708837 0.276130965088816 0.102567335789644 0.138617104748412
-0.145664537019533 0.330282221817528 -0.249449357566513 0.316965532511385
0.0547461927897894 0.281255405346071 -0.172632151382588 0.619062313774279
0.0985601079590803 0.0958589078510688 0.0733089512734079 0.201254479194724
0.0155945279211065 0.0225568780227816 -0.172117742931426 0.0461378805788093
0.044618240060543 0.0727921068428731 -0.14821463013707 0.232373414182063
0.0976924801407632 0.0343680183641125 0.0173561069647124 0.21286611245227
0.124287628840506 -0.0151571048247777 0.0197615696766686 0.120423991079167
0.150166514722866 -0.0647051396321714 -0.0767740548787023 0.130366231377253
0.161556310541949 -0.0747277071910888 -0.120300068982547 0.202746012724215
0.15967652776203 -0.0516266106040721 -0.181288808306134 0.220945112174136
0.14608097931613 -0.00615943745703824 -0.25651747888303 0.165134293495225
0.0845279013652449 0.0148213892356456 -0.273258586831301 0.0249906634149011
0.165818657521836 -0.0252929243638429 -0.169552926176308 -0.034912473991452
0.249739473080118 0.159989190649744 -0.107233470312068 -0.0395721315615494
0.121382046684447 0.353409454530473 0.0822807362105869 0.0790556950836488
-0.100969123771436 0.372691147822374 -0.204913967268737 0.193740582862806
0.0564712361885192 0.341057548370877 -0.166825089549041 0.629198065833448
0.130102138001102 0.213087076985274 0.180648134539861 0.234492687859357
0.134752372240478 0.0804408485494331 -0.103851290224828 0.0228672157669186
0.147199273543402 0.0352985225649763 -0.119109390598343 0.217649051590153
0.152162693166336 -0.0274944028544047 0.0461374938937554 0.208880386174208
0.151115243350543 -0.0732310217510461 0.0714098113792903 0.106423919489229
0.164867844148059 -0.12372437633804 -0.0215912018075404 0.0883394722529662
0.179688829484191 -0.132869980959715 -0.0677248467539799 0.147117434474947
0.196548727902865 -0.131943485257667 -0.127752903265678 0.171698904906546
0.2347013130758 -0.0940809059283403 -0.205671018935747 0.14444902069363
0.231636531875237 -0.00767625845662597 -0.266647614243531 0.0135228113432497
0.273617823698945 0.0701198294522982 -0.189581156261973 -0.0782956878466471
0.274399934291473 0.252406617205442 -0.115184776735647 -0.104948714629648
0.148025192519957 0.386360971365495 0.06809880973723 -0.024405719415192
-0.00914064018139436 0.369304791514018 -0.171103418310611 0.0545190553470056
0.0990657714827027 0.337356531684086 -0.120173824200835 0.587416448028368
0.175288427474866 0.277297559301403 0.279826721248913 0.225655136383959
0.257061881213556 0.112815462111294 -0.0114267039127859 0.00783493374546006
0.250960355641798 -0.0237842047425119 -0.0406330758036501 0.181760973426436
0.194561790280617 -0.103783609086115 0.0988822073742672 0.16951513138771
0.156204455514991 -0.13031233493318 0.128514300336558 0.0648559452158522
0.156733343764397 -0.163174748278693 0.0371100672546316 0.0304082467130592
0.171333855557868 -0.161562799295813 -0.0138493008812712 0.0770488644345565
0.202353112986074 -0.178301083590687 -0.0747380188981898 0.0996863963370152
0.278870773224428 -0.152360439936253 -0.148539415533043 0.0851440231236611
0.333993758098772 -0.022287791237651 -0.232877583405866 -0.0281116632997558
0.336377158135776 0.162474677551624 -0.193123535585066 -0.135091916764901
0.250659162944595 0.31845412069379 -0.124734760723324 -0.198849020817266
0.13916664124744 0.367217049898658 0.0684247941855793 -0.155985427978573
0.0803443808858775 0.305268636833195 -0.170130769768185 -0.0749067600571598
0.125682405881299 0.271954122068748 -0.051729912320378 0.49780584006402
0.198735700832797 0.283598100873406 0.335320764541828 0.157869229505363
0.34125877388757 0.106634184645369 0.0704701957397276 -0.00716223393025472
0.310099101149185 -0.0957586881813633 0.0682549645165581 0.126805782899414
0.200545583311292 -0.173597928560249 0.169316095607836 0.0913946651694306
0.135555425885842 -0.169841209160509 0.182288426585079 -0.00334093629864182
0.124854959314828 -0.176138943859919 0.0895127521261305 -0.0351788676367326
0.138386356112592 -0.161243109284251 0.034125287417668 0.00684401238206736
0.175871015237828 -0.185011668988291 -0.0290701260343627 0.0224289822515177
0.272384844517801 -0.168797794883086 -0.0881721159181688 0.00606262281126024
0.369955045936314 -0.0101527465750958 -0.165933685309968 -0.0896735330550034
0.317324709093667 0.241378791902092 -0.158950407263881 -0.194065398945948
0.166403634943458 0.331571374525289 -0.109446203913199 -0.301031469659718
0.10664983562198 0.289261620482226 0.0950734012043401 -0.291820767879314
0.12740350059279 0.181960856649695 -0.191746011735831 -0.170993982738171
0.0873531444787994 0.175196531624664 0.0108475995141288 0.370592582926402
0.168355729908944 0.261455249303237 0.323474444168853 0.0637372182154094
0.358504948949254 0.0785107849328622 0.124552941081626 -0.010494005619705
0.296809614955126 -0.153643147694453 0.175993803343257 0.059242089089984
0.160965420498804 -0.20656629193121 0.235141931766242 -0.00961127511073689
0.0895783844492452 -0.177894690798249 0.220163588447933 -0.0870133714695239
0.0727223064445518 -0.163174662929223 0.129247478855218 -0.0966959596298449
0.0854834584111228 -0.138603521216306 0.0712012499276506 -0.0498643253052277
0.12471238429439 -0.166270618095636 0.0056003767027633 -0.0426821264627361
0.22540129027278 -0.155884752668214 -0.0265120009688779 -0.0696583668371289
0.33920800371159 0.018245510319562 -0.0654261906074028 -0.142244793332889
0.220078335692578 0.287302456962467 -0.084884926023393 -0.230869392820052
0.0457550290634436 0.270853881213061 -0.0579634724935415 -0.386764258488115
0.0810816167839765 0.159814823789959 0.145131301391579 -0.404096599199207
0.113686142475638 0.0270081966658304 -0.213926002039062 -0.217865784368358
-0.00283900192513056 0.0849766510539986 0.0503080134472631 0.232319728365212
0.103448836084344 0.228183854422348 0.258840917073735 -0.00433119364637015
0.307352596310273 0.0387165881491617 0.16267174949968 0.00220791156188091
0.21315226426123 -0.173364152226152 0.256633204001367 -0.0113700116742478
0.0842392580678843 -0.188970294324702 0.27191176520824 -0.109184736911888
0.0273448788083461 -0.148092903941858 0.233641331898022 -0.16420318813076
0.00792903268241994 -0.125347637115039 0.1503886915592 -0.145881024443201
0.021613846636279 -0.105375672385504 0.087712781112732 -0.0918374798817704
0.0614744788400356 -0.140661541688034 0.0244453065706203 -0.0919052548518251
0.161717465524395 -0.13795184937796 0.0305830591245324 -0.129324702077523
0.270710390207503 0.0406067524883932 0.0479257675489175 -0.162071849390623
0.0853749216895863 0.27259393270205 0.00339590056029112 -0.225073852766777
-0.057167388963514 0.136659793103927 0.0147883007643974 -0.442289957608377
0.0844821781185913 0.00284793208768041 0.207884249811768 -0.472992109355136
0.0567801505764222 -0.123548002582016 -0.219881777426726 -0.218005441818506
-0.0982478441989059 0.0127414979729286 0.0614702039688431 0.121847244774721
0.0292996081777829 0.176293808227581 0.188774062351073 -0.0185892120067424
0.203950528878626 0.000431662205296624 0.200705407810648 0.0194274481840071
0.0900989594333356 -0.148566357108479 0.297958139547325 -0.0738125020777026
-0.0048732363897751 -0.123094427224892 0.272242388054368 -0.182464414421169
-0.0386103791015737 -0.0839847282124797 0.221392105441413 -0.214736578393275
-0.0565374921702659 -0.067353398998988 0.148221204567737 -0.176465187228348
-0.041670634074091 -0.0679347944345504 0.080508929769471 -0.118840685525897
0.00205800456661144 -0.116758788407227 0.0271191929715464 -0.132216912815255
0.102747915099703 -0.119915578324113 0.0796729665734217 -0.172236323854422
0.19035532608341 0.045724462205832 0.143038789965335 -0.143940338932659
-0.0297962414920019 0.19086015517405 0.0578133851843167 -0.187469970412401
-0.0928000787506089 -0.0393417818235441 0.0783037250879399 -0.4786343998086
0.120616108791573 -0.148775032855442 0.261536574239219 -0.49314378196354
-0.145683331116588 0.255108741085036 -0.296364160083103 0.411575274601798
0.088278892025627 0.172992308927794 -0.163176700562431 0.587053848740029
0.073737803840746 -0.0393613886800402 -0.0169238217158853 0.182091778368748
-0.0839250730299349 -0.0272262263381527 -0.193712053070392 0.0866616429620937
-0.0337793844150993 0.0976521884621794 -0.134617911109215 0.233737462053434
0.0455691344339344 0.0780560308098364 0.0028482836814111 0.192322279812625
0.0880384199736044 0.0387664424414849 -0.0287119433197997 0.116371828635641
0.117581886505663 0.00377103740047485 -0.128668921455793 0.150916360800266
0.122360449709984 0.00306358191374491 -0.175804659304624 0.22734080760581
0.095405935444078 0.0500966412190186 -0.245880442379789 0.229939263651618
0.0238015916732843 0.0858085455760472 -0.305759708899163 0.141124797178031
-0.0779446211826381 0.0167890633019012 -0.266873686517699 0.0104539792442161
0.0594480454128529 -0.123586402664895 -0.155309363386689 -0.00947245805886424
0.197082637379746 0.067015614581353 -0.119980970744105 -0.0227910704804066
0.0508444033959688 0.282100845935494 0.0981126802182119 0.145819555169381
-0.158721557603551 0.334088402119343 -0.27028979213594 0.321328861627054
0.0486189334387006 0.286516019583115 -0.198665620656341 0.62954368713877
0.0960911919987413 0.0996885391005604 0.0667449249411284 0.204635393279377
0.0139179945131032 0.0250363054746443 -0.181026617591019 0.044914631558824
0.0439347061661191 0.0757898054843332 -0.154866412145181 0.235618981426371
0.0993812832338992 0.037485412735323 0.0146074808247682 0.215314901615344
0.128874397108548 -0.0126722394162704 0.0153332822515613 0.12227952458962
0.15542482554478 -0.0654665577155098 -0.0828139834625901 0.130954993176487
0.167412271446381 -0.0751867778162001 -0.128292466502068 0.203472668492396
0.166534913327586 -0.0509909276915225 -0.190957689509508 0.220061731268518
0.149760459730125 -0.00319905105139558 -0.265109636758482 0.16127842507807
0.0877398411830465 0.0174937688975576 -0.279964782826896 0.0178845227176621
0.168793781434752 -0.0213725768083417 -0.169906318955639 -0.0415301974475984
0.250681549201664 0.168850076848005 -0.108458205800869 -0.0422511202868221
0.112403601223554 0.364088350697199 0.0798100638453506 0.084142200830889
-0.115556209358349 0.379171856169924 -0.220533937799451 0.196871368712231
0.0471068728527192 0.348915596857596 -0.190855129332057 0.640202581070303
0.125194189956054 0.220756516986269 0.174653491371192 0.240966193804994
0.134159781629447 0.085983070954844 -0.110607956496912 0.0235659868545299
0.149374032808642 0.0400175104873556 -0.125502739803685 0.220598634883211
0.155323075039363 -0.0239500798668611 0.0430160463842059 0.212928802134373
0.156844037755294 -0.0723258134643113 0.0699750064574732 0.109414000114333
0.171951455024556 -0.124463933925519 -0.0249595074471552 0.089160047311501
0.186759590934902 -0.13411813407619 -0.0721782158295064 0.147929381992146
0.206045093094651 -0.131883455622614 -0.133003387542653 0.171068683202148
0.240957106067172 -0.0909940715054658 -0.212832357678561 0.14037615223167
0.238521853574857 -0.00167441460917816 -0.272000517321843 0.00535696327489909
0.276833408329388 0.0789434367146162 -0.189644527485924 -0.0856296363325757
0.27357570241622 0.266183256883613 -0.114446132549358 -0.108576647184802
0.139452735379712 0.401220400668261 0.0686904128773826 -0.0220368386079553
-0.0238161451526394 0.379631769408675 -0.181156881466703 0.0556555160160023
0.0898635172202436 0.348608511184393 -0.142615425576159 0.602030258685396
0.171060887598635 0.28923940426679 0.277392759553741 0.2359118354143
0.259241516206149 0.122925831086306 -0.0146065364723215 0.0113128314310517
0.256718193930821 -0.0178402587201219 -0.0449323637515933 0.18622985454565
0.200394964230622 -0.101308840515889 0.0983693613268464 0.174684273839653
0.163107496483674 -0.130298531620307 0.129838879303676 0.0681486224130414
0.163342932602162 -0.164363453500488 0.0365885110817366 0.0293784132830286
0.180331990983065 -0.16308292486424 -0.0150277661526171 0.0762463322317295
0.212079823942328 -0.178125524863543 -0.0784067263163244 0.0974506453163653
0.287139269627967 -0.149350817393465 -0.152843698205781 0.0802821773495848
0.34255460011656 -0.0152253640228418 -0.237312055092477 -0.0363204488189117
0.339497278627343 0.175287132423047 -0.192355235594585 -0.143033731428066
0.247051106379227 0.333722377102582 -0.121039741318795 -0.205661602929334
0.128454030686256 0.382642975031286 0.0742331556423094 -0.157549191041791
0.0708090087193165 0.316480752897935 -0.174083211974638 -0.0786142648773889
0.117740785781708 0.28354324182735 -0.0709832728716421 0.509655137713637
0.195079469282711 0.298189624196907 0.336196684926688 0.168059030674556
0.346448883543563 0.118860944664976 0.0709718868112827 -0.000902095468439813
0.319903619056766 -0.089207699769133 0.0670675471132785 0.132555428339298
0.209061133419241 -0.171379041604384 0.171824872703229 0.0982324038493884
0.143529251774848 -0.171522128375346 0.18643377703289 -0.00119897572782141
0.13116754598444 -0.17757605827523 0.0924818054505561 -0.0363059935650791
0.147374358765817 -0.162513802597493 0.0367372115667688 0.00580894291693617
0.1852546524957 -0.185178333291445 -0.0290547120632416 0.0202295667267633
0.2802341630068 -0.165693893942104 -0.0881861566360508 0.00142055689059925
0.377138247674825 -0.00139621106905616 -0.16694727675755 -0.0982414202024167
0.318160564779304 0.257053177458986 -0.154474602045536 -0.20203697109319
0.160764985207842 0.346312837252002 -0.102338681039735 -0.309355294801437
0.096124304862774 0.302567176071757 0.10615959474556 -0.296382640615267
0.121057235053912 0.191272728865859 -0.19233032683821 -0.177524390072913
0.0826379944317219 0.184198869215761 -0.000604069711441785 0.380965814657981
0.16649900059436 0.273718367581051 0.325490739262219 0.0721483132336063
0.365672930279415 0.0885921761364598 0.127847992004057 -0.003384848810961
0.30672955111394 -0.147514617157276 0.179445165317342 0.0645553008609059
0.168963613450343 -0.206432476437799 0.241235447459042 -0.00343519483730075
0.0967340880465088 -0.180018856991929 0.228359622449533 -0.0851478790364079
0.0773683971461679 -0.164885962545951 0.135095374282495 -0.098643483155461
0.0925281258957816 -0.139768038170239 0.0748354578106776 -0.0521302959828752
0.131094707249997 -0.166375684446243 0.00791726675773619 -0.0448572883836572
0.230911097319039 -0.153952365517494 -0.0235978956219005 -0.0747007281896086
0.344401290675871 0.0257718410535427 -0.0624810547612249 -0.15086150398006
0.217722049001314 0.300970406692759 -0.0765598150226582 -0.237842724565718
0.0381703017457798 0.281919468741624 -0.0459055711425978 -0.395528642430123
0.0735177890455176 0.169810111912342 0.160671714383972 -0.411041102805378
0.111270779483866 0.0329759169181067 -0.211003330292705 -0.227268529855543
-0.00622659478217689 0.0898701911804486 0.0443085832148956 0.238470682431537
0.101515389059804 0.237910206776222 0.26182021645637 0.00108108164730207
0.314196364903538 0.0460050041458809 0.167311555248329 0.0101789864888633
0.221241530731535 -0.171799394240564 0.264371433762471 -0.00543302533348293
0.0905300769450822 -0.189714618439804 0.282496657628956 -0.103810280679805
0.031481716360009 -0.150378302800564 0.245150184617616 -0.164203837985444
0.0107307887531929 -0.126041672714428 0.158026595994024 -0.148258877150957
0.0260008165590347 -0.106893750445607 0.0932074808787464 -0.0932699492163667
0.0656081288143562 -0.140789214990443 0.0287366297550925 -0.0931765232747521
0.165476550039868 -0.135939883027359 0.0359985885443553 -0.133061972523298
0.274399528374614 0.0472579397903967 0.0552753156688895 -0.167167835543151
0.0812822929898186 0.282701531146952 0.0128136948212624 -0.229063350930134
-0.0631712028484254 0.141883972288505 0.0322125201185095 -0.449079592018888
0.0824109877392528 0.007979529643297 0.22947739417753 -0.480259025963302
0.0579553648632356 -0.122906909766333 -0.216821159887658 -0.230125510994441
-0.101591790398524 0.0138892848080308 0.0586972841000108 0.124498872434407
0.027356631985273 0.182460967067548 0.190481918730633 -0.0139392464629277
0.208875898561839 0.00342215007258913 0.206455429252736 0.0278330452164244
0.0946486101998059 -0.149199600883322 0.307995733493185 -0.0673553664582324
-0.0018900757735791 -0.124978606949099 0.285534019786089 -0.179325882026292
-0.037809107049211 -0.0869334161600864 0.23283015687108 -0.216312173356509
-0.0562212851195526 -0.0680751527213107 0.157934497917517 -0.178601903683469
-0.0402278590448974 -0.0690062937631878 0.0867592977880999 -0.120333123409906
0.00395014974061181 -0.117598795247088 0.0323426902966007 -0.133580666018395
0.10625214991914 -0.119684228642953 0.0862934866314677 -0.175592891619405
0.191986823192038 0.0498607526859053 0.153056074540388 -0.146158862732626
-0.0341448449821411 0.196370956794304 0.0689837847832021 -0.189116215830889
-0.0953061978425278 -0.0397621616293177 0.0982628984259866 -0.484627648280332
0.124674995127048 -0.146716705831519 0.285950715700152 -0.500070500525148
-0.152668946277912 0.267323638030948 -0.318783509567559 0.436638083913448
0.0942232101328511 0.179318553136249 -0.175148312587317 0.617795732811553
0.075719031895091 -0.0425285430024374 -0.0215065946357374 0.189337241334191
-0.0891798401710016 -0.0272082987117643 -0.208312286090306 0.094012712219224
-0.0338899154447831 0.102132960247223 -0.139375662746532 0.248320530065282
0.0485645238268956 0.0816457146039336 0.00507359162670794 0.199702725210459
0.0934539386498194 0.0395829410716037 -0.0315926999573234 0.122246998712984
0.124235220014261 0.000853462933950593 -0.136480413443592 0.160288448446222
0.128792557584457 0.000442360838879945 -0.185185641013496 0.239025385377539
0.102275394945358 0.0504956329615247 -0.25881292587919 0.241401926254044
0.0256441943334111 0.0899763539518746 -0.32179322487017 0.148552950328017
-0.0812898009743946 0.0185325454755225 -0.280433142002605 0.0104655592140297
0.0608262598702316 -0.129880587270679 -0.160744527622776 -0.0124031138457508
0.207897927430635 0.0673222619443277 -0.125831623578889 -0.022172697970706
0.053992027544645 0.296089301704291 0.100560690081445 0.154739980217032
-0.167625798625536 0.351196077945308 -0.292049253542487 0.341436140906947
0.051528371773502 0.299652834301597 -0.211650052372776 0.665296147584167
0.0995294570713541 0.103452147169042 0.067044259655968 0.212630343294878
0.0133144524156512 0.0269611728730017 -0.195680066027281 0.0499257983639722
0.0473190345808586 0.079652670923391 -0.160600037761314 0.250804816275884
0.104574004803051 0.0400672801243413 0.0170893758180275 0.224449815118334
0.137253023775297 -0.0151331724682416 0.0149109793351415 0.128044983690659
0.163538248792869 -0.071455251260852 -0.0884544205906995 0.138411947603641
0.176600566951734 -0.0830017628073095 -0.134041870327928 0.21223343125093
0.176501642490101 -0.0557274703096491 -0.200410545963906 0.229856135501267
0.157083902174282 -0.00456933597002264 -0.278750479704529 0.169135768204925
0.0935861652314302 0.0186697396689898 -0.295469470239854 0.0181795644875388
0.176769330564269 -0.0219615441770681 -0.177246004153988 -0.0446888395072217
0.264467526545917 0.176207837844913 -0.113921176254608 -0.0426626524044186
0.116631584794195 0.384040878015744 0.0811539302742284 0.0907232698203451
-0.124153701193365 0.400020468787655 -0.238908309848684 0.211333952034377
0.0485633886023822 0.36674056530065 -0.203948726184558 0.677567216914356
0.129777982734861 0.232524635377684 0.181555695001215 0.250802802931698
0.13979899531957 0.0917843683317209 -0.121204738144814 0.0292793250021468
0.157430463836751 0.0418601246708198 -0.130318916583131 0.23373281102033
0.16339887897773 -0.0252188089044042 0.0470096131700737 0.222792085294271
0.166310523099214 -0.0776440294529176 0.0739163753917803 0.113629455074165
0.18017623305723 -0.133608068118742 -0.0265006771420785 0.0924356374244834
0.198017080358923 -0.14450290086722 -0.0760465721580748 0.153238563410611
0.2175906663341 -0.140917201080838 -0.140198229549874 0.177631253796514
0.253136775055315 -0.0974978700281255 -0.222013157321874 0.145863268136957
0.251170806964051 -0.00243945806236338 -0.287580296075255 0.0049382956661599
0.291001675465596 0.0843997333298675 -0.197881783751986 -0.0911290701437015
0.289347529247214 0.279899399358466 -0.120359483633319 -0.113552070035712
0.14102436590791 0.424545910315026 0.0710738009038983 -0.0223280359621033
-0.0279684936102288 0.402629785758761 -0.194155086377697 0.061660067038962
0.093381582948196 0.368038777461717 -0.152408176013003 0.636046287762608
0.178533109678205 0.305474854303486 0.288234673005016 0.245600414309996
0.2729054513177 0.129814062866217 -0.017981426113917 0.0152664491727181
0.270042454735769 -0.0182756168751594 -0.0453210551874536 0.196698343157913
0.210138383754008 -0.106479774628161 0.105109900690401 0.183399680405206
0.172443148951008 -0.139221115727726 0.137542781557219 0.0691556655709201
0.171840415194058 -0.174699531056992 0.0380726181711144 0.0292333872146003
0.191599670880228 -0.174135734176813 -0.0152668378315324 0.0774787558096744
0.22440512082802 -0.189108530899311 -0.0814466384114472 0.100503432374301
0.300201784974786 -0.158101848190954 -0.15886575297189 0.0812033654767803
0.359845349731559 -0.0171144983690424 -0.249568493963351 -0.0405561248256052
0.358681778895753 0.184626614222897 -0.199990361187063 -0.15055213465665
0.260330403975246 0.352161557878493 -0.126930524647267 -0.215226779261323
0.130490524262541 0.407694326674774 0.0784109055092757 -0.165933586674652
0.0707711248460745 0.335823646050575 -0.185276452106514 -0.0792439584314035
0.123244455193746 0.30081770271947 -0.0766117448729678 0.540928068493695
0.205411292820667 0.315791723443119 0.350476410080167 0.174200588579883
0.366225473798433 0.124200918359926 0.0724162619839223 0.00223590667090096
0.335542438790147 -0.0936762215143326 0.0727561748191086 0.139116073066228
0.219222064498112 -0.180274508096031 0.182465617734575 0.103002195059966
0.150578103317549 -0.181397643802283 0.197597530222327 -0.00416624793809007
0.137326867283721 -0.187924657208259 0.0974823396145696 -0.041773083181236
0.156915530688833 -0.173157837073476 0.0400092892496865 0.00308622879937898
0.195204621107574 -0.195612472703789 -0.029416179835653 0.0188551657334026
0.291528912211378 -0.174618148158151 -0.0911437702608962 -0.00165678865086451
0.396098370070423 -0.00278027809472509 -0.174449141643893 -0.106915674900525
0.336076069272964 0.271794357681732 -0.160319856618503 -0.213055132199714
0.169516118892975 0.367586640952892 -0.105801469236808 -0.324304298555883
0.0968452941787874 0.322790413623371 0.11189298274774 -0.312804621495045
0.123394995840318 0.205474499864682 -0.202214925885734 -0.185134511887878
0.0854385977829195 0.197299826941311 -0.00267973351285976 0.403222336467428
0.177298112058663 0.290973605550069 0.340012727417707 0.0742498183331233
0.386315446176402 0.0921768315552906 0.134644508287296 -4.92609539605531E-05
0.322948710008845 -0.1565377480361 0.190508757303407 0.0678304759371377
0.177573208326504 -0.217284774361533 0.255771163615724 -0.00387313986112643
0.100796466897117 -0.190445987231141 0.241040376545914 -0.0938329703636513
0.0809118508476456 -0.172521658490361 0.14224888884086 -0.107773024247547
0.0989195237016907 -0.147417617107552 0.0811736540121246 -0.0574724261685834
0.137555110451853 -0.174271940608898 0.0104225216227253 -0.0490551345244329
0.239382412390761 -0.162169132741718 -0.023389579964438 -0.0817301774497812
0.360190409206445 0.0266150315196901 -0.0642321919946053 -0.16205829292967
0.229097067258777 0.32044238921994 -0.077309539407374 -0.250069558456439
0.0394745411604736 0.300228280076634 -0.0458786307687939 -0.414276512444425
0.0728399379957071 0.18278364216045 0.172677927535186 -0.434610129409349
0.113247832742157 0.0374051650234751 -0.219816969740218 -0.240825571967393
-0.00833346719848711 0.0989434681821032 0.045715132736893 0.252254051720467
0.10983085548966 0.252943971341896 0.272481191068883 0.00134511878160606
0.331346755545413 0.0472766440568315 0.178157010639261 0.0142719677060233
0.232310895626624 -0.180956182426675 0.280293274707378 -0.00565193502825953
0.0949918603192676 -0.198838177296006 0.298638260342173 -0.109343825956442
0.0318482529481537 -0.158655887909728 0.258425678677137 -0.175793565582436
0.0116431951325674 -0.130961072482132 0.167124245006751 -0.16048225903814
0.0284541082074739 -0.110730425350937 0.0996547965890307 -0.100745572600366
0.0683043604090149 -0.147397908218756 0.0317429548262856 -0.0992928275959898
0.171020412133671 -0.14296567491797 0.0390376426786275 -0.142220256116043
0.286943704213707 0.0482323473513642 0.0595654148466049 -0.179968571278868
0.0866087310873481 0.300296904688431 0.0177695219579379 -0.239569436306322
-0.0680481106084053 0.153532276055741 0.0372867265524641 -0.470644975574368
0.0836765689371059 0.0122041749590836 0.244076895931614 -0.508172831798157
0.0584166542911213 -0.127429186475631 -0.22597228447624 -0.244431962051385
-0.106919231325081 0.0179724742179966 0.0616130592249734 0.130083799252504
0.0317391405070146 0.193984428067624 0.197031042595012 -0.0152490355347187
0.219837254305704 0.00150056454620311 0.220403391573747 0.0324410458740921
0.0971873530346676 -0.15675242587478 0.326141597470207 -0.07216155839933
-0.00217183071339477 -0.131013197308655 0.302061982970841 -0.18901683134848
-0.0409353913229838 -0.0907176081400504 0.246722487838021 -0.231252711546596
-0.0600387062710003 -0.0688792491421646 0.166311399003967 -0.19174684797217
-0.0423222304575404 -0.0705552850491453 0.0933537855289496 -0.128070165076049
0.00219032419327905 -0.122294063189326 0.0349066063949707 -0.140323600322518
0.109066509380493 -0.125913206116747 0.0906349305221719 -0.186023161823224
0.201812335301622 0.0512393525414795 0.163151692583929 -0.158121438772061
-0.0338433949449947 0.208254397558978 0.076529311124116 -0.19668887378233
-0.100769664221966 -0.0378997041426857 0.109413132900047 -0.506073038541902
0.129654890094774 -0.152872363724746 0.304374239815062 -0.52849534631615
-0.114692942544921 0.304674256105451 -0.274126915569026 0.494193326174006
0.123530860758619 0.165880655056011 -0.0882776895032412 0.678801859131682
0.0692921662115806 -0.0593798177292697 0.0042567196208868 0.206118903166149
-0.0983206021408286 -0.016523573319612 -0.199332434725031 0.140080086869946
-0.0216232788968404 0.108036193240002 -0.0978065517068411 0.281058972304169
0.0629158293208588 0.0771772642832484 0.0378638602314798 0.202287960530219
0.10470392902328 0.0256472818445175 -0.0151352330433806 0.132822811960448
0.128110440098459 -0.0232332831470884 -0.117636610753516 0.190588650511476
0.13158782777795 -0.0256040134006323 -0.156207466259861 0.281401983959281
0.113919732272914 0.0315023230687115 -0.231369826613053 0.293597974728301
0.0417136910312403 0.0845572807863366 -0.314541636548744 0.207673040162235
-0.078828212302849 0.0322178899477569 -0.292591405413674 0.0550099322265089
0.038905695557598 -0.144599560165829 -0.17184436445022 0.0111076133771366
0.225875641205205 0.0341311680122061 -0.133564239853093 -0.00621199037016965
0.102182457603745 0.294341634350274 0.126523176431607 0.150161368530842
-0.117763302760582 0.399034583050083 -0.264107343758717 0.385763072478782
0.0953524125560116 0.299979430188031 -0.121093097626709 0.729764992508028
0.1166450089093 0.0915570600029099 0.0950612039023605 0.206815442339407
0.0161784372543312 0.0251213058020246 -0.198646241676487 0.0917542423486772
0.0582951921413312 0.0723293046582609 -0.123452004779259 0.288623055919543
0.114299140383239 0.0245494322553146 0.0522450000208583 0.228124290916401
0.142142005807363 -0.0381538209016776 0.03496704510579 0.129963973904917
0.157900905692783 -0.10442252867599 -0.071523279079422 0.159334421110058
0.168099244965201 -0.119488829895801 -0.107920484671831 0.244396040707044
0.173956533648551 -0.090708088112363 -0.173877824930744 0.270914660574048
0.162232110879265 -0.0337259105647105 -0.267714828234675 0.220535306432296
0.102847635857691 0.00517947811469101 -0.310017157200006 0.0649566178460202
0.178667158204356 -0.0514882581770055 -0.193329928538312 -0.0227374313791608
0.300339924884076 0.139305839914844 -0.121797353846248 -0.0319006373162846
0.178373806110541 0.377188318777091 0.0980610556117231 0.0865981663873204
-0.0610199411151544 0.446703004851025 -0.236677698341745 0.237261088209542
0.102290748355399 0.374050549937589 -0.111076809936139 0.737852007489811
0.16840432488589 0.224030130433405 0.216702840153948 0.221071604525838
0.158933153627532 0.0748691440708911 -0.130341788874439 0.0524953698462858
0.166206170202503 0.0182928059549146 -0.100937354542104 0.268627965083094
0.165826342835463 -0.0516977342954047 0.0815062886848857 0.225812391676208
0.162213068640685 -0.107692003022608 0.0928526600053344 0.104216310724865
0.16604244338702 -0.170863938212744 -0.0144517693134008 0.100670480120941
0.181026542284592 -0.185578785885996 -0.055449185951255 0.171067208207917
0.20311683420396 -0.185239972580936 -0.119178575159937 0.204809638204214
0.244188634269847 -0.143593056329634 -0.213331050862664 0.186217764865695
0.263487202186892 -0.0419818931516007 -0.305397165282642 0.0479162172785094
0.316175453628641 0.0390977870576805 -0.222971950300225 -0.0689873464620835
0.341817983577987 0.244233240783186 -0.137455398852784 -0.10476352856577
0.210206529621226 0.416814331662141 0.0715364491646807 -0.030193574017447
0.0406425872395898 0.433381849809842 -0.220723553623773 0.0776616316954753
0.147993074947581 0.370224844930678 -0.0643538405046819 0.690264989628516
0.231947595369266 0.294503610356942 0.32407005755498 0.195480445124963
0.303306317627002 0.0969749802976856 -0.0321315796387337 0.0191507747535534
0.274674345053515 -0.0606195695127539 -0.0243316470651095 0.218329602928101
0.201970511182261 -0.143588269564641 0.13295151187382 0.180399592562035
0.159161622251266 -0.172637124038202 0.151436576486536 0.0468582507057523
0.150391015951438 -0.210427824192081 0.0427270369620062 0.0225904889114806
0.169782864715575 -0.21542318542565 -0.00410685570596426 0.0818051267804703
0.202440419256364 -0.233919074100428 -0.0709146113856471 0.113331496970956
0.28221473454625 -0.214034878175156 -0.157677990565384 0.109101485909662
0.372943833366121 -0.0725817068411246 -0.276376661388943 -0.00742552828128721
0.402340393990684 0.13306627559086 -0.233525927309546 -0.133642689454743
0.326008467246941 0.325667610325587 -0.158892015162426 -0.210466977750222
0.193943632691899 0.403298564583074 0.0580198266447158 -0.183988290863795
0.134521831117085 0.347540971488775 -0.236229766225612 -0.0653605716946718
0.170162838938546 0.297837113655613 -0.00148316812891009 0.580364558143361
0.263801668660346 0.30294619255865 0.375324517270904 0.111273442631515
0.401086455819509 0.077556957868516 0.0570705203317874 -0.010499224029244
0.334405668420321 -0.147993885958369 0.0858656846009254 0.140527421814262
0.199259385342513 -0.221740793252661 0.201325883107046 0.0875784797505765
0.129732126670339 -0.212665481244214 0.201335919823091 -0.0405431364931352
0.113679052653079 -0.217036726343055 0.0924675539102698 -0.0609523028062791
0.135048252292019 -0.206191755920318 0.0418955954977327 -0.00666657233424014
0.171120666732051 -0.23448010473187 -0.0293015761996564 0.0203298172545688
0.271674833141646 -0.227476541865844 -0.100675656465573 0.00936189583064593
0.41016916874449 -0.0623649416146708 -0.206585968716039 -0.0900950972026543
0.396377820135786 0.226726548690417 -0.199085046585126 -0.206373988232876
0.232719573610347 0.358273873321833 -0.152636360056634 -0.325854091443417
0.145275084530586 0.322862510035098 0.0706840472687738 -0.346248863150701
0.16752255304414 0.199722570580258 -0.266389674376781 -0.164902917122148
0.116217918456402 0.197644935745984 0.0579129569645325 0.423258038129057
0.232476908692127 0.283037233152841 0.347407699859832 0.00795393829573126
0.417270010044251 0.0403322295628552 0.12113634368336 -0.0238106104328327
0.310675749745801 -0.208707078281672 0.198111576366615 0.0466278310980107
0.149590684480632 -0.252526929063844 0.263403258295474 -0.0357636105419868
0.0764572278165029 -0.213934667945051 0.232528133498727 -0.14300395020862
0.0575919561384757 -0.191017839010833 0.128809919139942 -0.137754594776544
0.0798347939215095 -0.16933926950494 0.0758763107112063 -0.0766783437483911
0.114595920089556 -0.201622697390099 0.00261576998686512 -0.0563755362408817
0.219598990430048 -0.203973742872731 -0.0406161432184921 -0.0854612441878229
0.377530871578331 -0.0260138902824714 -0.0993939024404677 -0.16742001670038
0.293044697118437 0.294551315876405 -0.115694304942416 -0.257392697690856
0.0882286783096031 0.311371432244608 -0.103621144813084 -0.427190920688803
0.0982552658874681 0.182672532657939 0.117060132272532 -0.48491442375203
0.128177318451547 0.0231499235376717 -0.283867458192454 -0.212297164856351
0.00440898931281801 0.108833077859097 0.0887694284372915 0.255420937428174
0.156874187326802 0.252428167339083 0.269412818118215 -0.0570175149579865
0.353500059016143 0.000356610842988154 0.173278579524966 -0.0151628105784685
0.212699150929317 -0.219107495048737 0.283842763161651 -0.0459708003458433
0.0667890527705356 -0.220351179204458 0.294486212225338 -0.15691378699691
0.00900578863723897 -0.169378872609435 0.238973375283265 -0.233652385862963
-0.00818840101370147 -0.135393589875785 0.147142023608645 -0.197172584935092
0.0131026289289163 -0.118318012821001 0.0893367353553999 -0.125650873483012
0.0468416695178383 -0.161856046819041 0.0179485954200994 -0.110636857614919
0.151611391558 -0.173027819468354 0.0151514576087755 -0.15762981384437
0.30332820868038 0.00825072364934298 0.0311751960710897 -0.205914195004513
0.1423679133576 0.297713057603262 -0.0115554161560207 -0.259166921449868
-0.0458237392906216 0.176283264155137 -0.0282259435207609 -0.494820881079035
0.0817378097238859 0.0047289787151444 0.181112498124784 -0.575227168945866
0.0392922044131658 -0.142720789328145 -0.275468941212147 -0.209334532496108
-0.110780077821852 0.0393055145631791 0.0900985123523332 0.121898807949304
0.066156876180236 0.201402931993227 0.193334241019614 -0.0598977474121294
0.228032251282865 -0.0303853928125545 0.22776153426276 -0.00486832705873481
0.0771114447502329 -0.17242787879423 0.326391076008426 -0.125749377372523
-0.0236997575499137 -0.132542192374315 0.287972349966131 -0.243283699909102
-0.0574553870478037 -0.0866511892395875 0.219579312824332 -0.290393929819436
-0.0722642522307614 -0.0587605071639901 0.14247104558194 -0.23049665882838
-0.0533373070483543 -0.0647122026772555 0.0787918381264012 -0.151989690466198
-0.0170853785842585 -0.124895154287083 0.014722053396894 -0.15175870047047
0.0915706506027569 -0.14512937814508 0.063408260865706 -0.21028803239239
0.215371035715688 0.0229848748375774 0.145297272573895 -0.199265478781379
0.0024572059501781 0.2231515871797 0.0586446421423115 -0.219758681229164
-0.11024849003026 -0.016230040986754 0.0360265937671645 -0.542369830178111
0.103513535647444 -0.174221774818039 0.241564887982946 -0.608130073808474
-0.0894922106425706 0.317510529695133 -0.241204620740424 0.533131865375606
0.139598965434331 0.153517455112041 -0.0318105685978898 0.698859591844846
0.0631464314828811 -0.0668326923236913 0.0183303543964387 0.206997633784487
-0.101921075407867 -0.00616717676776367 -0.1936378227548 0.163733891146307
-0.0118746379179322 0.110107870595086 -0.071532626452016 0.29420025889369
0.0716925398236542 0.07274811654502 0.0566766430152955 0.198348567229218
0.109021431782792 0.0144315041281348 -0.00481211065693852 0.136667115496363
0.12676981852478 -0.038485788377913 -0.104027452470231 0.205710164430308
0.129832825799065 -0.0408587617851055 -0.134105227701432 0.299529514686678
0.119722381310727 0.0193355986246685 -0.209339775061763 0.319052435352634
0.0511322955608711 0.0831816127718752 -0.30233501043336 0.238294698325303
-0.0768195757022651 0.0405106376081373 -0.29195471144462 0.0809276842086561
0.0250924384556845 -0.149665504435658 -0.17145364832659 0.0239224792349236
0.230351356395446 0.0122173422561804 -0.13425871235374 0.0065074772301952
0.128959950493528 0.289034785634602 0.139790300441083 0.1445177807709
-0.084048292796501 0.415304768111605 -0.240421225510649 0.421528627414104
0.122878438397022 0.293413819795404 -0.0610359013293941 0.754161926543057
0.123821130380534 0.0827373490222452 0.11027463253349 0.198860336256968
0.0174882468154156 0.0256336167688604 -0.197288718920471 0.113821153279459
0.0659687174020448 0.0679255699119888 -0.0967996215546933 0.304726856878633
0.118683802383495 0.0156176177699214 0.0742127953705348 0.223844653717101
0.140774915170287 -0.0534234385320603 0.0457443506485556 0.128297128714522
0.149757275316993 -0.123467099009617 -0.0594375699912913 0.168190120190717
0.158691133888136 -0.140356923627785 -0.0878195228524614 0.257433567759249
0.169285808610912 -0.110781558986858 -0.152404481699405 0.288395909442512
0.162278355189372 -0.0481983130401921 -0.252975719746888 0.245733352144529
0.105482720022116 -0.00339114044897584 -0.308559826461314 0.0921109371615899
0.175455049609675 -0.0668617214448419 -0.19678450795134 -0.00780178859733909
0.315709820299209 0.113900840570849 -0.125163954715416 -0.0200818426171849
0.212638089763345 0.36781816175361 0.106051938198341 0.0826064150690237
-0.0245586527630681 0.460083346427248 -0.22219558544403 0.268295747075218
0.135256510124264 0.370951885308805 -0.0498693237548266 0.765517303749919
0.189283017378062 0.212700336737599 0.234172841403323 0.203754689494396
0.166673243741603 0.0633287609214914 -0.131660590231909 0.0694713928398875
0.169960742738333 0.00374890851143874 -0.0761218524307113 0.282056282564895
0.163972033651444 -0.0667881740938935 0.103198850096655 0.221104481427212
0.155058226530981 -0.124759903972746 0.101877813760668 0.0957706288362358
0.151673635633784 -0.190392148641346 -0.00768015816455245 0.102612009861255
0.167283114235227 -0.209368234966864 -0.0408612056742446 0.176922916153286
0.190899952751314 -0.209729885569941 -0.103961329108144 0.215729728582167
0.235195946239396 -0.167956720489139 -0.200162000586925 0.204991893903155
0.263190834412753 -0.0660496093723785 -0.306450759566881 0.0747681345112088
0.32414697628959 0.012703350577331 -0.230898389881033 -0.0522021701533364
0.368694763590257 0.217533991357069 -0.147324064286041 -0.0931268281182967
0.248178810561459 0.407965622701645 0.0687888911791049 -0.0341580743583881
0.0792821277337663 0.440583508630276 -0.219101987354573 0.10370580023071
0.181317745982379 0.364049733816761 -0.00638679849450911 0.711414582858687
0.2608320847568 0.279717693547281 0.341797816097437 0.168740233316557
0.317231636959772 0.0720563783095872 -0.0332976377713639 0.0269310523028173
0.273564553170851 -0.0858470334231252 -0.00399456514505368 0.22427185876913
0.192311595525262 -0.163302734307825 0.152153678658985 0.171095609847128
0.145937042100223 -0.190015373128002 0.156736011136216 0.0318069288192499
0.132460395738437 -0.229436535074956 0.0427612572998527 0.0167370986057375
0.152779327134879 -0.237107397090902 0.00304642029471575 0.0802004836785647
0.184829592634538 -0.258390778198623 -0.0630751390000086 0.118381023078109
0.265931531804306 -0.242185616003374 -0.150489738699193 0.120439777086659
0.370428224862186 -0.107010924965621 -0.281057061191399 0.0146025935925915
0.422257106629869 0.100156225620255 -0.247212489888807 -0.116674499509494
0.359693213067927 0.303694024125417 -0.178158773580187 -0.197707378502763
0.229871097303364 0.397011003161508 0.042598005704961 -0.190219363554622
0.165616266804015 0.345697720937567 -0.246663225832125 -0.0433810507840857
0.197958064871471 0.290669969973352 0.0507867190682201 0.594854469929281
0.296885566798841 0.286086670350829 0.385338271917877 0.0784870305756617
0.415089922308024 0.0432949758191135 0.0559433988104173 -0.0118908584241971
0.32568482841764 -0.180469028919001 0.100108123371655 0.13545378263976
0.182393270659251 -0.242417625996373 0.214035058858575 0.0706436262895812
0.112096086352687 -0.228475411800769 0.199622463764427 -0.0617587124979741
0.0955204474055916 -0.231215378427702 0.0857699258873672 -0.0736295416486668
0.119076377054728 -0.223656141376896 0.0418769156738988 -0.0135095627841718
0.153110522054495 -0.253770378674545 -0.0277541102175443 0.019887708452464
0.252730567166616 -0.254085514967775 -0.101010602009932 0.0138606767635223
0.408927560951718 -0.0994852471196929 -0.219289236321181 -0.0761519467067469
0.423662252862402 0.196917725977321 -0.217656787462347 -0.193183830728447
0.269015454519523 0.344854664038952 -0.181648816969737 -0.316373293090336
0.173254944394443 0.321277008960669 0.0431159890135701 -0.357980355490961
0.186293313187591 0.192983958879032 -0.284963753775517 -0.144179768369579
0.135151967850397 0.193342709898568 0.0971377112132205 0.429172620324213
0.263500429052772 0.267971980042515 0.349560580271967 -0.0233453480850256
0.428390173289341 0.0028381567825008 0.121355538971796 -0.031396423623197
0.296534927346061 -0.239963205191823 0.206659707677909 0.0304796811805714
0.129911961015772 -0.26943318450009 0.266051184394137 -0.0605346271364018
0.0568160401107357 -0.224500522900841 0.221900760033796 -0.168797173968376
0.0417936352618908 -0.198508201830628 0.116503354191072 -0.15532010281363
0.06696773927571 -0.179619838144508 0.0702720946298266 -0.0887135416676285
0.0984072209826668 -0.215048806635268 -0.00203057232426694 -0.0599056381495478
0.202165588699464 -0.224896212305113 -0.0484840292137426 -0.086248827035593
0.37886340815457 -0.0593622206802442 -0.11573515313516 -0.164807422537592
0.325681617587972 0.273770484574919 -0.136182566842568 -0.252472836880197
0.118777933662972 0.310679445438903 -0.139556234548276 -0.423250151576305
0.113040193481752 0.182047629665775 0.0774404900813527 -0.505897389274815
0.130198157941861 0.0174037286078958 -0.306190604756714 -0.192866240904412
0.0148246461407895 0.113417889795151 0.113295899984854 0.252681551213716
0.185764420047228 0.243477862421087 0.263207816020745 -0.0814395586932025
0.358808394545746 -0.0324333495922725 0.176246089354104 -0.028229356405824
0.195824068955425 -0.241237895257373 0.285468547677329 -0.0730578815419132
0.0483402605876369 -0.229283978488908 0.287267883931241 -0.186039183625591
-0.00673903911304458 -0.171855425312853 0.221187078148592 -0.262277064845968
-0.0198236253851633 -0.135417251973784 0.129440177173612 -0.217661454100826
0.00384750484189206 -0.120390428642398 0.080118294416738 -0.138692336319235
0.0321655835185701 -0.167357456883754 0.00896590708981258 -0.115426079986557
0.136060103055163 -0.187872307298004 0.00140201038735547 -0.16426293724565
0.306663967000301 -0.0190059710049606 0.0132269422306739 -0.215539698330966
0.17299255643549 0.290838268699057 -0.0288972029443913 -0.262885492610427
-0.0303990858658 0.186324422312768 -0.0675566062484414 -0.500290000343814
0.0814708105577579 0.000924265745539162 0.13693457087748 -0.604001510661778
0.0257643093307484 -0.144994213466095 -0.297872802972986 -0.193733962016387
-0.107614742163166 0.0522912522855411 0.101527696614467 0.114151555876397
0.0894941974141954 0.198687541728441 0.186717501669845 -0.0761734712274718
0.228473661403146 -0.0529778276996414 0.233492939972079 -0.0216655931878036
0.061752720039792 -0.180821596595035 0.321309773938847 -0.1570592108143
-0.0350754057251678 -0.132351350869057 0.273514036694199 -0.273764013905995
-0.0667121701267806 -0.0815439238345062 0.196350914107292 -0.318177851344288
-0.0780062515546423 -0.0501800543958937 0.122542324391141 -0.249806555808354
-0.0590321500586057 -0.0589608732472689 0.0671582794609751 -0.163798294199866
-0.0291229217308886 -0.123641408754428 0.00271854358857563 -0.155808798775564
0.0776833720173032 -0.155247434288413 0.0459228338009955 -0.220857999323315
0.219464064759724 0.00391573241785259 0.130683968129399 -0.218384752771646
0.0255819343186261 0.227122700596631 0.0458025669328842 -0.229620955618871
-0.113427352686317 -0.00300072077816926 -0.00446170327680389 -0.553607674627109
0.0878840345593552 -0.184310013015997 0.194361518732797 -0.642963381934253
-0.0610307786595366 0.311175862662406 -0.195035026692342 0.540358424106026
0.145797705453978 0.133876254274301 0.0207283130298123 0.678280768428189
0.0532336719843154 -0.0690101518042653 0.0287791504426886 0.196752290635009
-0.0997061178533681 0.0041574947652591 -0.176557919221518 0.176779806026719
-0.00229639553235895 0.10682586280473 -0.042935561493919 0.289411380380368
0.0757004767203962 0.0644397590575686 0.0704982788710666 0.183981017563348
0.107329858674998 0.00343236225190966 0.00534914203406895 0.132102046686835
0.117461681340233 -0.0497507709229185 -0.0851752262302536 0.20857389026582
0.120260199844842 -0.0530143951012466 -0.105159703376607 0.299981454511517
0.117699973705598 0.00638231940616948 -0.177860980935152 0.323112157797072
0.0575311588198919 0.0761129342188741 -0.272739268926911 0.253730043209351
-0.0697422480524922 0.0462627302383226 -0.275280584764819 0.100195100507463
0.0106486868540603 -0.145754975158499 -0.162145371528707 0.0330795825985601
0.220703971830167 -0.00788871828151253 -0.127737347584603 0.0172284218576866
0.147394403724377 0.268378330788853 0.144047588257673 0.131414842644058
-0.0489101267504178 0.407439276584732 -0.203044954409664 0.432341080749568
0.140462737562969 0.271838265157095 -0.00152174729636694 0.734207849536002
0.123925608042133 0.0700201358910698 0.116771518596895 0.181827805959632
0.017630611333434 0.0254610510837593 -0.184160110659541 0.129975321505947
0.0684413336882101 0.0601662098821653 -0.0683433509406858 0.301947513593047
0.116290691991199 0.00580982493067054 0.0889642810600021 0.20771919378036
0.132190702417267 -0.064221438446012 0.0523417689693029 0.118993644976846
0.132892173591374 -0.133657473518389 -0.0458810939708875 0.168104774350864
0.140886314981528 -0.151337513624241 -0.0648121629635974 0.254273583973435
0.155021558467235 -0.123425448642582 -0.125732604633937 0.288757842484739
0.153228458031363 -0.059920274556011 -0.225068862962821 0.256148309002928
0.102191381791777 -0.0111988143459467 -0.291465281312929 0.111789702035981
0.163432243475425 -0.077497229761867 -0.188563968402049 0.00585288432226629
0.31152546804046 0.084360509752955 -0.120606130234594 -0.00858408614481865
0.232306128761671 0.340989174254799 0.107995586041288 0.0755113893760866
0.0114568878803845 0.447135692678385 -0.195645621978436 0.283796525488145
0.158346660964908 0.345896913808861 0.00921513382940494 0.746764693348786
0.197924994500941 0.190911664696608 0.23644331962273 0.176972381478118
0.164714518786535 0.0496725026491919 -0.124391664810034 0.0813314794824517
0.164476943294021 -0.00983470516214186 -0.0506834520902894 0.278860437701208
0.15344221493763 -0.0773259497694231 0.117924976241885 0.203041097794856
0.139765114088509 -0.135189900839517 0.104121115520882 0.0828048798948301
0.129529920096543 -0.19772680490636 -0.00135872846255343 0.0991632835676176
0.143727809170065 -0.218652456589287 -0.0266956163853598 0.172378206048164
0.167106003251798 -0.220176611046028 -0.084263972362073 0.214521161015195
0.21381151684771 -0.181249161782727 -0.177313043505138 0.210336701752066
0.249333151862849 -0.0837960679978071 -0.290417614209135 0.0948362128623965
0.31425344332144 -0.0117061116373994 -0.224531371683603 -0.0340952745265016
0.371237794955364 0.180816173633941 -0.148578717028921 -0.0770779376530258
0.268430842966174 0.378959064104183 0.0645241758179508 -0.0351248962448318
0.108664265122924 0.420176168098044 -0.204695760956513 0.121899632012522
0.20236696666941 0.337794443892012 0.0488005880803105 0.692739889776219
0.274050786988714 0.250481831794554 0.337260317519679 0.134625949427876
0.31187034128313 0.0451544957265906 -0.0325483160559582 0.0330998356830617
0.25723766126669 -0.104302111412649 0.0135020394405461 0.217926706002693
0.17252428707256 -0.171852310077452 0.161695205329863 0.151787228047187
0.125280256266872 -0.196120658584784 0.151755697461016 0.0164339635771711
0.109089577937499 -0.232804017531368 0.0397775417082725 0.0117777135835059
0.129079924308665 -0.242884521412664 0.00795729449474733 0.0744961219461605
0.158034171047407 -0.265975566417757 -0.0527159789840175 0.117138532209289
0.23686221341071 -0.253812698798689 -0.13683360457392 0.123391749473819
0.349998993792079 -0.131792306171078 -0.270509926945604 0.0352669338422032
0.414852571904197 0.0645738944092176 -0.243725931562837 -0.0940457312726472
0.371366152702725 0.265176954634217 -0.1849919934588 -0.174948505816074
0.249660812731931 0.370544280961846 0.0278503033853369 -0.184748337835448
0.186250345073624 0.32383571942324 -0.24081083234022 -0.0200772045541452
0.213761213794182 0.266639147210749 0.0977205996090639 0.571633667132011
0.309330646728883 0.254175178058021 0.373444582705264 0.0459787661035041
0.404171730396988 0.00935349656686248 0.0520779349362905 -0.0110350154025818
0.299724351652441 -0.200892153620736 0.107518329568625 0.124356366961454
0.156861090406547 -0.247754617123382 0.213662461417504 0.0511913526927423
0.088894720779712 -0.229850471744491 0.185574688337537 -0.078257508129968
0.0727891342610416 -0.230868207679121 0.0737044048465502 -0.079764362072234
0.0979082275300232 -0.22685504540226 0.038074213773501 -0.0204608281720501
0.127001698517833 -0.258168602390362 -0.0263245835571131 0.0186504582978308
0.222341519494895 -0.26470377140875 -0.0965862307308154 0.0165660763334131
0.386806598459726 -0.128394632634846 -0.217789047518308 -0.0583446558051906
0.426074938879136 0.157564268806316 -0.221740883654638 -0.170018039490237
0.287468064917414 0.315125157574755 -0.197334167204196 -0.289481812789452
0.18985509074953 0.302416133861099 0.0160089091773361 -0.348005381086535
0.194112476542771 0.175657094857657 -0.286158119512028 -0.117220380223613
0.145578688742606 0.178382146299656 0.128729844667867 0.409401715004133
0.277697374273502 0.23912463575653 0.329771768073396 -0.048650040522926
0.41453874962967 -0.0323840896849779 0.115198161779832 -0.0359893523522085
0.267343984555355 -0.255666616970362 0.201912721591538 0.0131292816974504
0.103606022978632 -0.2702353045489 0.253559179151646 -0.0797042071285856
0.0370347332638939 -0.220678452281556 0.198976279166562 -0.183006620885266
0.024095409576496 -0.194367941706789 0.0970549360813494 -0.16159822688476
0.0511420500919279 -0.179231055203319 0.0596220764488719 -0.0949366574101912
0.0774318809513032 -0.214902225118818 -0.00670946667239044 -0.0603884741615422
0.174884096255098 -0.231499022018662 -0.0545062423588319 -0.083629036298796
0.358847924327411 -0.08656705871037 -0.124296449995438 -0.152182223477807
0.335945564497544 0.24052751129634 -0.146177248815417 -0.233910601892283
0.140313276745353 0.292622865346212 -0.16425175491179 -0.396084430941238
0.120988240624503 0.172313791473487 0.0391780066268763 -0.495866925573572
0.12551746586798 0.0100557316556347 -0.31116100379755 -0.164819084179244
0.0238009735293494 0.111146162797214 0.130371175382579 0.235503073839642
0.201314369610268 0.220845306421142 0.242838099240897 -0.0972563763453413
0.344131616735273 -0.0614718662186604 0.170086701097849 -0.0384785425510489
0.169593576573442 -0.24831542590425 0.270512360609949 -0.0922382008394992
0.0285082420378166 -0.224282590861489 0.264518193286762 -0.203632916425454
-0.0209466774714223 -0.16442028974652 0.190517036127096 -0.272952644006524
-0.0290672269939988 -0.126976770802748 0.10461600837881 -0.222990545550711
-0.00465758620190375 -0.11693499487038 0.0654522511157392 -0.143967705747599
0.0180179003642605 -0.162452554224437 0.000628586273001318 -0.114067403441649
0.114345084158384 -0.189871765363916 -0.0112083206797598 -0.161096117052749
0.292666185884638 -0.0419940933796573 -0.00395460103084374 -0.212416850914732
0.191339029140319 0.267987577403577 -0.0437891602154989 -0.252599175448209
-0.012936685164083 0.185722496909481 -0.0992640666079015 -0.477004753522975
0.0767738588546296 -0.00231913567606004 0.0870378413970121 -0.595891025901977
0.0121773669057152 -0.137113081819627 -0.30179073972366 -0.16767836535697
-0.0984601890144617 0.0614698835856295 0.106651096647322 0.100985051273566
0.105046640021556 0.18414535851645 0.170052301542548 -0.086568262584694
0.215176428851214 -0.071229764558167 0.226208422576597 -0.0369993435889871
0.0440025657269306 -0.178972735152953 0.299857476182095 -0.176418159536574
-0.0447472642748978 -0.124200502115043 0.243408634247961 -0.287134015718412
-0.0719877434169197 -0.0709363681581278 0.162491811874764 -0.324804288694384
-0.0784734812719276 -0.0398739054933852 0.0964912958495664 -0.253231026712775
-0.0604841515185409 -0.0514402907780574 0.0521301913941566 -0.166501522229178
-0.0376490251618593 -0.116298085126448 -0.00758979002831102 -0.151145689591974
0.0615763614201355 -0.15450203439675 0.0267815203595894 -0.217706521366044
0.211758126148186 -0.0149481501133673 0.109023490655489 -0.223631429305017
0.0444284375685014 0.218661908834561 0.0318846063609649 -0.225665442849122
-0.108080976458226 0.0088015889573912 -0.0423512445296167 -0.532329558041276
0.0691321752007642 -0.183206398647207 0.141466039239497 -0.63850827535331
-0.0456733581437491 0.292440529975334 -0.1675069269193 0.520100696421129
0.141392861632921 0.116755598520442 0.041700804169754 0.639146693656823
0.0460082066386851 -0.0665866118506204 0.0289463846274878 0.183463606187632
-0.0936342673475285 0.00945630239195798 -0.163015438425437 0.176512406651404
0.002186544845112 0.100458491298334 -0.0277832931728464 0.273190194973783
0.0746339845134983 0.0574102903075652 0.072186225036475 0.168058070986569
0.101351589803422 -0.00287670452220382 0.0084692091390948 0.125028895744256
0.106401985851799 -0.0540204765976182 -0.0724355414812603 0.201240933154047
0.109242619898034 -0.0569367522458696 -0.0884741170911007 0.285645214370383
0.111708733782938 -0.000311446551232022 -0.156394559009842 0.309355112943715
0.0586547722690763 0.0701628293103964 -0.247749785348004 0.248259479288771
-0.0638418854917556 0.0468668608807998 -0.256503117785593 0.10218018934929
0.00295440125974971 -0.136513634987419 -0.150412313570678 0.0334096927459459
0.205997098619408 -0.0172742756667286 -0.118768391118289 0.0213980539991725
0.147517931882528 0.246515366997442 0.139104393904726 0.1226401193813
-0.032350372346069 0.384691238749749 -0.177846348374876 0.421818542440474
0.139689302447786 0.248058984202707 0.0230300884133869 0.694300260566616
0.116257797731547 0.0617717537344016 0.111387934567968 0.165835027350321
0.0171880811532193 0.0250140547232678 -0.172142545635305 0.133225646762284
0.0666258429823713 0.054642948710059 -0.0515214740629256 0.287604590395929
0.111154603698913 0.000778772672703346 0.0911540229914662 0.190357869087562
0.122350209793934 -0.0674540460103951 0.0529592141374239 0.109529797663808
0.118328742933346 -0.132936898304836 -0.0382785572443027 0.161733502832799
0.125375943393292 -0.15162063707122 -0.0527104843730464 0.240633680188688
0.14176778386115 -0.124956777424746 -0.109314420003225 0.275750074734032
0.143052441864378 -0.0623910493881336 -0.203006073677134 0.247392725754829
0.0963906198136878 -0.0135137800401898 -0.270278507878658 0.114884923263456
0.150586958997348 -0.0774498047455729 -0.176096244010752 0.00922959652489818
0.295012899584409 0.0679153707243468 -0.112848199149254 -0.00272911285873455
0.230262317751824 0.314028744337473 0.104526078833994 0.0713676542641475
0.0264671298315567 0.420768955547949 -0.175821849451932 0.280027235694211
0.160240000676979 0.31833032649851 0.0362758613271529 0.705469325548679
0.191136439030308 0.173459461928723 0.223984712879098 0.157645777336399
0.156316976465315 0.041954965118516 -0.116984147462832 0.0857082630954548
0.154173710247734 -0.0147863860322324 -0.0364602465753064 0.265387819521895
0.141897579347152 -0.0781655763470663 0.119118740006498 0.185607798094699
0.125952996157398 -0.133056981928634 0.0992595914563436 0.0735984930918516
0.113085006910547 -0.193068622383702 -0.000263948383010686 0.0932122351331801
0.125273557893113 -0.214372599532417 -0.0198424337585012 0.161833311585956
0.149107708453431 -0.217542891776519 -0.0736246540479673 0.203605097306607
0.194247162845526 -0.178449261137092 -0.160633831802665 0.201338340947212
0.232248900244835 -0.0882256126951447 -0.270725238739006 0.0987759112843023
0.295518705530651 -0.0215145474290351 -0.211311718731335 -0.0255283241870218
0.356008511932942 0.158130292004686 -0.140718157963465 -0.0657191095924314
0.264822871819706 0.351024967777872 0.0614445186136342 -0.0320690200593341
0.116061792817726 0.393744256190338 -0.189149060176542 0.126589179713047
0.201018217752157 0.312214893086266 0.0723457341390252 0.653180032743099
0.265284465400865 0.22736681200677 0.318526112633154 0.114971455903271
0.294353604616964 0.0319439352237645 -0.0307925487847809 0.0367314524094738
0.237417524979078 -0.108016983951354 0.0207478794816378 0.206813511189767
0.156311862417791 -0.168145031099749 0.158999415471619 0.135932312296198
0.110175257034096 -0.19014451837174 0.141763286890709 0.00825247973866687
0.0933392073820302 -0.223902393860462 0.0353494746947499 0.00884461711475767
0.112429466565445 -0.236757655799697 0.00881989624293467 0.0675720214476986
0.138719493364488 -0.258311769768277 -0.046674300761785 0.109973519804554
0.213380064567466 -0.247015441951654 -0.125158415355845 0.117016173599799
0.324420348166852 -0.13751561038394 -0.253778257525052 0.0415171269586997
0.393738087328402 0.0459215209974765 -0.231203818004128 -0.0808003670451714
0.359612818708743 0.238675274838813 -0.178148244211447 -0.15719043248367
0.247107285573965 0.345627161079236 0.0220405380053847 -0.173892163611779
0.185734931861835 0.301457968404798 -0.22839242775207 -0.00771462430162236
0.209503449057324 0.245707520955543 0.113882950880584 0.538688152072181
0.300196497977391 0.229727221073548 0.348660972170532 0.0297667322737502
0.381857132406165 -0.00584595640754018 0.0477960829571845 -0.00827832081961896
0.274530095044626 -0.19947362629784 0.105717894176776 0.113791303446437
0.138396293283739 -0.239768160140873 0.204442302940632 0.0396489009854841
0.075012424021133 -0.219319313475227 0.170344578019167 -0.0816671240220537
0.059622818175201 -0.219621297195083 0.0634188334499222 -0.0788987355853257
0.0838551559531983 -0.218809381494293 0.0337400520047781 -0.0233256079055822
0.109673053628196 -0.249095506136223 -0.0253488633817622 0.0160759122540744
0.198902070087859 -0.255505616242805 -0.0917164666201817 0.0151163013150179
0.357990203255281 -0.134478159767294 -0.206839851788144 -0.0487092704137427
0.406522556620888 0.134957450277398 -0.212047674787786 -0.153458375995945
0.282749552853108 0.286653202936801 -0.19200707555201 -0.26332181938937
0.187349331820935 0.282608331519047 0.00534581272282912 -0.328383090948164
0.188361574282813 0.162217209988921 -0.273844995172572 -0.100066178159603
0.143813633570499 0.165381005750618 0.137933013606335 0.382204762035628
0.271978687597846 0.216109476512005 0.305537570211907 -0.0561675740466492
0.390288983493654 -0.045790448365977 0.108407221397571 -0.0339576736716415
0.242127917947135 -0.251111969960565 0.191262210411107 0.00717378557933817
0.0879300092366775 -0.258375487107948 0.238087797331044 -0.0851172173573981
0.0254755262989766 -0.207807872683939 0.179065774646529 -0.181390725652632
0.0154463116602127 -0.183163622760182 0.0818655122683375 -0.157191138884915
0.0417100128103198 -0.171365819145241 0.0513755017997376 -0.094937426889765
0.0649794812854156 -0.205412992859997 -0.00879744104627182 -0.0590320119509442
0.15442075620291 -0.222668003058731 -0.0546906017335114 -0.080009281423818
0.334231170529149 -0.0948042310157515 -0.122838819420564 -0.140743676005867
0.326847867901225 0.214866247863237 -0.142517834883905 -0.216588342459619
0.14275695934686 0.272686910932204 -0.16345866229915 -0.366229184641627
0.117536955937028 0.163162796602395 0.0205206614188748 -0.469386848445004
0.118536294487902 0.00930397359281883 -0.299410604402826 -0.146313211811788
0.0272457122011416 0.106235002724163 0.131681075536232 0.216312831772457
0.200065023569376 0.200600624656472 0.221480349287985 -0.0982377300300259
0.322692169643708 -0.0725654672989208 0.160012848827081 -0.0388258973578698
0.150059954735961 -0.240388820626617 0.252346781839755 -0.0963866281699603
0.0185846231477397 -0.212217998650871 0.243042156921361 -0.202677762260629
-0.0264793412470645 -0.152950131556354 0.167219773866672 -0.266187807145791
-0.0314650082134859 -0.116890507947632 0.0872333332314039 -0.215979035454194
-0.00792157574676841 -0.109534290802283 0.0551346615091189 -0.140381379617274
0.0103661465850932 -0.152623432895218 -0.00285431083792964 -0.10950080900536
0.0987436269489984 -0.181641527403264 -0.0168255628639704 -0.154301573091292
0.273283832619206 -0.0509740863387585 -0.0115576370896473 -0.201961628407259
0.190875942203809 0.246631576004046 -0.0460485978719329 -0.238060723165979
-0.00481667029810658 0.177440288207011 -0.104875531648954 -0.444132383863618
0.0697666895263383 -0.00122298787354162 0.0629080082134391 -0.566378034234726
0.00679887902354964 -0.126023296728351 -0.292653715836816 -0.150107559065037
-0.0894029221241623 0.0638414246171289 0.103971680054399 0.0886562549049393
0.107624080666078 0.169334948823072 0.153103146241442 -0.0850327194581061
0.199641856579077 -0.0760510257222092 0.214368560638797 -0.0421839349242051
0.034793030799496 -0.168693194020871 0.277678779147686 -0.177722823590958
-0.0465616129905969 -0.115019301453802 0.220264391100657 -0.28199948184659
-0.0703635945540045 -0.0622544704333503 0.140011167657472 -0.31382955136818
-0.0736968025069886 -0.0321484792585203 0.0795690910167739 -0.244550846002841
-0.0576925433902523 -0.0448929645550008 0.0425959417002552 -0.160858227355761
-0.0400856223007922 -0.10651025229554 -0.0112886307654276 -0.142407051730382
0.0499260853207956 -0.147175113824093 0.0171207421670422 -0.207293071813771
0.197792129492547 -0.0224547733867146 0.0948450029441203 -0.217294340723412
0.0521095172642721 0.204174253527001 0.0259357020555991 -0.214661232147438
-0.0993651181524938 0.0142463486778491 -0.0534062888513848 -0.499608864444822
0.0573108797952494 -0.172932680498372 0.110768410941436 -0.61190795625173
-0.0465251258598065 0.278360860595135 -0.165631796970619 0.50346071079776
0.133180919221084 0.110305485681927 0.0345906407494276 0.613259523145905
0.0427863154483341 -0.0635222106834358 0.0214175607587648 0.175162827173343
-0.0895578362678261 0.0105519796714488 -0.159613747405404 0.171291491049587
0.00141012847721829 0.0957372729109437 -0.0263697202740315 0.260986324077546
0.0724536236494218 0.0546800620651923 0.0676270301481301 0.15899595334049
0.0969119614059464 -0.00474225736394683 0.00683243004432317 0.119411571598369
0.10013304487349 -0.0531043083840672 -0.0708288971117053 0.193780136130807
0.10260164743775 -0.0563759921437563 -0.0862641938992144 0.27372176017573
0.107135221658701 -0.00202115391006125 -0.152145453632345 0.295066499447196
0.0574549657538194 0.0671401298306034 -0.238621471759057 0.237026591552045
-0.060867215958426 0.0462527790149695 -0.246494487381316 0.0955113102677519
0.00258285990582271 -0.12979333384912 -0.142520385257521 0.0277780370266771
0.19430172139424 -0.0164241992100149 -0.112995572560391 0.0211664290114878
0.139434888497902 0.236433769299734 0.131857691472875 0.122448088114853
-0.0338206725200188 0.366552191774762 -0.173815398403917 0.40860001206244
0.130736716287293 0.235662663512815 0.0191677577779234 0.665427985285066
0.109498815452458 0.0599047230962039 0.100048774076066 0.158745997874083
0.0154168319125836 0.0254930953091436 -0.166891654776672 0.130755138145992
0.0632141397065547 0.0531825142854577 -0.0498768681479925 0.27524375174959
0.106567458303243 0.000981949256262214 0.0860836836596927 0.180798431911069
0.117189464618713 -0.0653759061617172 0.0483254312087406 0.104590196113137
0.112175752309435 -0.128876349657164 -0.0377376449135721 0.155366701146818
0.119400704502756 -0.146678138410688 -0.0522242288488384 0.230355446614849
0.135943562004627 -0.1216930151494 -0.108093577148779 0.26224450133732
0.13861233309637 -0.0595825737782298 -0.197137248042682 0.234669647037484
0.0935672769879784 -0.0120019526049889 -0.259662166101581 0.107586239328202
0.14366732686213 -0.0724734520123697 -0.166781663661273 0.00574657102832525
0.279513250978819 0.0662385380850575 -0.107615306416458 -0.00184655194426722
0.217180541044667 0.304263848557603 0.100901178986766 0.0722793699549529
0.0216857513015316 0.402803709255057 -0.170653345503663 0.272147585251415
0.148858518506045 0.304509032369305 0.0293494735467794 0.676766809999532
0.180008662448911 0.167504640827808 0.208749602916886 0.151528913337267
0.149331263369521 0.0425298126831284 -0.114385057130949 0.0855233420697399
0.146917090071504 -0.0127183805149179 -0.0353854490308907 0.255217825628953
0.136490588616628 -0.0741728077566566 0.112610565927009 0.177557340142199
0.120729930056794 -0.128101449823011 0.0934520068539404 0.0693939160272009
0.107352005801911 -0.185354160975679 -0.00254130538673362 0.0896369442686751
0.120316741845179 -0.207494700262668 -0.0207327688390849 0.153660154691098
0.142897571739637 -0.209914003946111 -0.0734149651061641 0.193479367125248
0.187723536001805 -0.170645953777991 -0.156718260453207 0.188979660942979
0.22380252212084 -0.0825618186707975 -0.259695386450969 0.0921177999400069
0.282785019805895 -0.0179741817896866 -0.19897282029201 -0.0263321237977997
0.338575796676261 0.152667913981969 -0.132760564678354 -0.0612640271305302
0.24956040058635 0.341405026381887 0.0617483952593217 -0.0284008797140689
0.109074778699892 0.37968037630438 -0.180999819859413 0.123304549170893
0.189172589375528 0.299631059633354 0.0664707646014696 0.628704936820778
0.251599326642213 0.220006003770885 0.299027104965364 0.111169515582188
0.28200547093711 0.0326309592121467 -0.0317619610115254 0.040047289015738
0.227856639388954 -0.102037647051462 0.019460793082339 0.199452466152341
0.149851399071462 -0.160659419162651 0.152114348526941 0.131234398403621
0.105793046692834 -0.181382854277668 0.134108275997347 0.00790452520858619
0.0891724980643775 -0.214784589745456 0.0307306684828445 0.00849224012733206
0.107372104758645 -0.227829132027291 0.00718197559832274 0.0623860263983188
0.133478358101783 -0.24874338533813 -0.0465954248086889 0.103218588136292
0.204788253985874 -0.235779158997066 -0.122811122429404 0.107807229297178
0.311262442197372 -0.129871154637606 -0.243400115447777 0.0374253295683151
0.377451311583616 0.0481295470968546 -0.218291770454024 -0.0802857833973632
0.3407351904406 0.231323296271789 -0.167204097006445 -0.149082931441265
0.232812548659029 0.338065968171685 0.0256085547288772 -0.164935151998632
0.174876184485874 0.291964231418239 -0.218279550013168 -0.00619406112971487
0.198129393870074 0.238144375768337 0.107219416259655 0.519494496399823
0.286712198474703 0.223321735989272 0.329693123204206 0.0310621551443927
0.3673002916187 -0.00414941091008329 0.0447413570253147 -0.00271864836802481
0.263795146068665 -0.190373724703379 0.100930229941838 0.112420974687702
0.133593000090369 -0.228385925599092 0.196133298005859 0.0389492417161944
0.071767653699733 -0.209574474744176 0.161996931918833 -0.0782987033142797
0.0573044836050884 -0.210391096119429 0.057929017672393 -0.0758163498883162
0.0807285770297154 -0.210693710884529 0.0307920701745372 -0.024283134439277
0.105217944295294 -0.238478860577145 -0.0247619003190862 0.0129873731446696
0.189560845871736 -0.24289647286753 -0.0897868574750129 0.00958006980883222
0.343683706664203 -0.126474564429333 -0.19841593913373 -0.0489370988478077
0.38905183306814 0.132854901061023 -0.198323061325679 -0.149340697625205
0.269010380376111 0.277963568450589 -0.178902824212401 -0.251647784745644
0.175578032132072 0.277374328148685 0.0098554771458846 -0.315693199476567
0.178898527670033 0.159251240079857 -0.261609314857959 -0.0971055817326287
0.136051971397375 0.162237028339335 0.131439222957103 0.36700812009193
0.259915807421304 0.208961478386042 0.287907936591963 -0.0509879438898935
0.374239833923565 -0.0431640152402268 0.103477069330697 -0.0278964378512157
0.2321964091203 -0.240824515394258 0.183440542156211 0.00939932586877937
0.0844148258774755 -0.246916236419539 0.229264574445807 -0.0817874163028648
0.024661611927997 -0.19833597182107 0.170546055217397 -0.173726795081469
0.0160889093696891 -0.173897037747828 0.0761893437080833 -0.150864946500442
0.0409934610539922 -0.165212350965023 0.0482365878010906 -0.0930040195604721
0.0621563661658145 -0.195945495458831 -0.00854267000610543 -0.0587386008515793
0.146458197465124 -0.210381932523681 -0.0534096853643942 -0.0804925003869783
0.31935454238451 -0.0892060576529553 -0.117031284689361 -0.136928253871105
0.311869208889105 0.209337417237004 -0.131932881368714 -0.209351315215957
0.13538129419199 0.264013122215568 -0.149368473003656 -0.349966893873402
0.110107786071754 0.160861424874235 0.0249228889000957 -0.450598613727949
0.113308185494016 0.0135492618600593 -0.286060988262839 -0.143222849854577
0.0256743409723162 0.104999878864013 0.126146335061604 0.207115881364677
0.192226145634881 0.19292554129826 0.208654625843249 -0.0909599394818653
0.309814990620126 -0.0686480113749562 0.155014982458315 -0.0335831803111862
0.144333277678893 -0.229241984199393 0.2428550478641 -0.0898113467963594
0.0180256241176457 -0.203286564428667 0.234271696695677 -0.194477161322773
-0.0247389154546597 -0.144856524001556 0.159912619491787 -0.254912885394344
-0.0287110909327909 -0.110174374602914 0.0825990575078072 -0.207121147478323
-0.00661732172838266 -0.105022228454535 0.0529548670942478 -0.136559468669288
0.00980898489923103 -0.145006542847392 -0.00205736378765133 -0.106199857565505
0.0925850545411198 -0.171586568666502 -0.0163047376128612 -0.149634891626944
0.260662220244027 -0.0481519310440922 -0.00937048850638785 -0.194533023274224
0.183141964406111 0.23846261095525 -0.0387763617284119 -0.229332135774889
-0.00448749343920344 0.171800835672997 -0.0931361611693602 -0.42453531634106
0.0641227917193673 0.00258405548902328 0.0656647469944435 -0.545599030367889
0.00680928256526433 -0.116940949246162 -0.27904690869316 -0.14898021323459
-0.0851270530351366 0.0622636112279482 0.097598186442827 0.0833733291025167
0.104719122273691 0.161845894286302 0.143805060070377 -0.0771179178933568
0.190920883449301 -0.0733813024273634 0.208290317050916 -0.0373037088262862
0.0324895251771776 -0.160988569526119 0.267961810346907 -0.168236076508297
-0.0448665870499 -0.109901550233987 0.21272177752669 -0.270361625860698
-0.066406351094114 -0.0582179436941157 0.13350514669602 -0.301213798936016
-0.0693632925779565 -0.0294441588176831 0.0752061062427708 -0.234916851400284
-0.0550907937904587 -0.0424143111264067 0.0409919014490828 -0.156297136029697
-0.0390204132423761 -0.100861842398179 -0.00914755747779954 -0.137968314799438
0.0467582469591296 -0.139675250980067 0.0165100399290325 -0.199841222676453
0.18877048103131 -0.0216778386780432 0.0933398191674257 -0.210011370136734
0.0509533619876198 0.196697689277679 0.0304068657254065 -0.206567317579477
-0.0938918534774716 0.0147002554576431 -0.044394682867223 -0.478549673772977
0.0533287918317845 -0.163468618774848 0.112412440971758 -0.588181919892155
-0.0852314884058243 0.261881968799778 -0.253374440962756 0.464055732823077
0.109276607256321 0.123361364589029 -0.0662596808920632 0.614250609376879
0.0494335217392703 -0.0561824852637305 -0.00754679606900851 0.179708675191929
-0.0888869209755181 -0.00427926194481593 -0.178497843431594 0.145035248343656
-0.0161920642931295 0.0928921618431863 -0.0639173717492329 0.247917382079341
0.0628855185654746 0.0631462848109831 0.0377764663246485 0.165808743937941
0.0971413874436756 0.0102186384950402 -0.0124297443120819 0.11804484414518
0.104449119123918 -0.0361094594697244 -0.100780492545542 0.179583164137538
0.108965469556123 -0.0371774966676952 -0.130221379370232 0.254639229063146
0.104681300786316 0.0152728619273247 -0.199458896546547 0.262354771316696
0.0461665990540422 0.0779492311242416 -0.274840239817008 0.191400098754237
-0.0659507623285909 0.0396682155191341 -0.258165787572532 0.0502985665960486
0.0205786328866279 -0.122305550571109 -0.145067617215364 0.000736877427159558
0.188772527638054 0.017940000489949 -0.116816727226503 -0.00227838980287718
0.0962779839817347 0.251807658098438 0.10976084766199 0.144747204782529
-0.0856509991514149 0.351628074668661 -0.253936567028784 0.365719660580137
0.0860922322267079 0.246329938209514 -0.0960107429626616 0.660762507535962
0.0942709571576483 0.075191826937273 0.0629477538366804 0.173158571755296
0.0102537758465061 0.0278763601723084 -0.185398121320421 0.106742443043455
0.0501408311156328 0.0624474322987481 -0.0908275510385122 0.261952186150655
0.104671053470801 0.0167018717235246 0.0528028325412819 0.192963847958901
0.126817104615527 -0.0469278442887419 0.0286687400630882 0.110067812931802
0.128873430492788 -0.1088619430062 -0.0639926964270154 0.146281969569154
0.139718293496547 -0.122887788060845 -0.0905335814652643 0.215806158174202
0.152106189010454 -0.096236396901154 -0.152690185333998 0.2367257993423
0.145591413840303 -0.0309703367417063 -0.236610562622795 0.193842302286023
0.0947134316174618 0.00988696654722914 -0.276299805153617 0.0606109562607418
0.148328545268485 -0.0429175903119003 -0.164741817215987 -0.0269036072590917
0.257269061793869 0.113719276618523 -0.105706982429277 -0.0258643165618049
0.157954892036899 0.333640598316712 0.0898648865813044 0.0890137905049544
-0.0375674518277874 0.397814664912845 -0.234607956861226 0.233603071353824
0.0928034450847934 0.317776448250704 -0.0880490138679852 0.672627027094818
0.145863695885095 0.191609731414871 0.163621881867218 0.182355600496059
0.136488699233111 0.0665297671478866 -0.133101163562168 0.0737269419741352
0.141852238916401 0.0132149334890601 -0.0773326191152521 0.248997263150354
0.145316620238125 -0.051445150480818 0.0819837703954694 0.197582568309776
0.140547287563509 -0.107353754596231 0.0780669621683748 0.0835607406674021
0.135073480720738 -0.16407488639703 -0.0185834365673221 0.0871017289642049
0.15042092304459 -0.181613083223423 -0.0475384062029517 0.145171141456465
0.173324990533748 -0.180322129137925 -0.1086691027592 0.173807044210663
0.21093546918355 -0.130265575513762 -0.19083302786808 0.154612165853217
0.233434021567759 -0.0372519751263215 -0.275502624555039 0.04537502060013
0.274768910295743 0.0335107256245353 -0.190743788151463 -0.0666266939401302
0.298058495980395 0.209192423891079 -0.118284967337834 -0.0909331570974895
0.181543286432691 0.37810670091379 0.0698030033303841 -0.0197776505494556
0.051422277922801 0.386971430649483 -0.226413159989689 0.0918046080907786
0.132798454402143 0.322664581869403 -0.0431767925400783 0.633225891614253
0.207608553820763 0.255509395163677 0.25330106466331 0.158052083096563
0.266630968924262 0.0799696458960621 -0.0508085350872928 0.0439344979068865
0.235974324864682 -0.0574893822798532 -0.0183330119178205 0.207739909883861
0.17239354179024 -0.132420744698583 0.130171166054291 0.162345685262178
0.133913929447265 -0.162594825537821 0.126959726090788 0.0290660744800416
0.122222320132902 -0.195562190110948 0.0268684820970745 0.0132774550912494
0.141855084929797 -0.205357037850237 -0.00620812994742219 0.0593446325391055
0.168989943938025 -0.220175125599135 -0.0686430387382672 0.0892828101329964
0.23597108098869 -0.191074916587883 -0.145379248028399 0.0796650143043783
0.325219477108051 -0.0680408328002566 -0.251986850214397 -0.00670045572277391
0.353556778285258 0.11308744142154 -0.199229566522668 -0.123694140517315
0.289547073305966 0.285845118755452 -0.133708176177506 -0.183020436487754
0.16353768407756 0.372636811155418 0.0589487173038664 -0.163206168844695
0.129311723140898 0.311438457788426 -0.241164053333277 -0.0360515074347076
0.151563952135592 0.264914814443 0.0140910372017122 0.530907463727884
0.243010509070432 0.264708271929366 0.293916899636154 0.0851410012187902
0.356684806519917 0.0584504748977868 0.0276164029867028 0.0162425336984374
0.285888721155808 -0.1365481818406 0.0735728670017345 0.139165654447947
0.166140898555297 -0.201323912841447 0.190775664101128 0.0801071807115543
0.105685322781758 -0.195550019331804 0.166037358332066 -0.0511445266332857
0.091203066450333 -0.197102273934545 0.0667527817662386 -0.0650326691113876
0.112670276638955 -0.193058033984322 0.0313512850216485 -0.0227803719438499
0.139997634882318 -0.214717968376494 -0.0316452931589698 0.00455786546313349
0.221592447593876 -0.200152096121971 -0.0965325842196199 -0.0110383721755542
0.354506827976371 -0.0615939518161011 -0.19290690178675 -0.0846053701985332
0.352604504164978 0.194754811169351 -0.166814121567635 -0.188722722200135
0.208569831807099 0.318044266521984 -0.124397041574006 -0.285205118476995
0.116089432534682 0.303675266318163 0.0700037618078443 -0.316038439320627
0.152214262924966 0.183191541992244 -0.262285243156552 -0.126705186597379
0.104854478384803 0.182219882701464 0.0662317686802313 0.383677596204822
0.221316384693829 0.246745111887444 0.267103391713795 -0.00205394351677031
0.370873648817702 0.0211666558173951 0.0900484643249581 0.00200916446627375
0.267204413876047 -0.190724670942426 0.1720445190963 0.0514723298477962
0.120969249950991 -0.2268765179361 0.243843653758158 -0.0343226553221542
0.0575434962520942 -0.192078157927367 0.189643757700294 -0.144016521146787
0.0452036705116881 -0.167692352286333 0.096639781559285 -0.136089354498292
0.0668157636207859 -0.154265814707438 0.060556476067897 -0.0862942599851392
0.0903836154285953 -0.179552728013961 -0.00229540893997773 -0.061793089663352
0.173369936792279 -0.177146034185517 -0.0435836502836765 -0.0924640647264302
0.32290841120741 -0.0305965051281332 -0.0971095839844908 -0.158510678730378
0.265179324978534 0.255173199543186 -0.0885768680322877 -0.235306160317393
0.0826851521463477 0.281222756545279 -0.0771477533923319 -0.373611149201704
0.0702788148743529 0.177420233373697 0.107656712958906 -0.447441834626017
0.109352996691344 0.0322304143197384 -0.268124376648481 -0.176140182743606
0.00757013032115109 0.109362537885833 0.0892856647284124 0.220415343697283
0.158276635223234 0.220073978941732 0.198012307975421 -0.0550421498511783
0.31205191532445 -0.0152834385501088 0.145462790432351 0.00207773192366695
0.179967478958682 -0.195255311643767 0.247854303045155 -0.0394211654870605
0.0485637497368856 -0.195844316803567 0.267281858241984 -0.148509476971489
-0.00145896305152038 -0.147687971435257 0.19143233882871 -0.227406442789667
-0.00822415060123948 -0.112422918760429 0.112351857346481 -0.19119849070057
0.0111071660651693 -0.104016106196946 0.0724053612734965 -0.128192392677852
0.0323303871662263 -0.138691829355274 0.0137939674276526 -0.106064174962527
0.114824166656252 -0.149918452739327 0.00540279265800224 -0.152676160690193
0.258089040186099 -0.0028404364560836 0.0200384987921436 -0.19767723285983
0.136033246550358 0.260252100307808 0.00781612965246616 -0.236966293111883
-0.0388227667066634 0.167188059455942 -0.00755140101240823 -0.432291745967483
0.0518251473625466 0.014464861182713 0.16283198177343 -0.533500746412327
0.0248880221662891 -0.10994977104504 -0.249021540158801 -0.184182293400175
-0.0918751367970354 0.0495120392466181 0.0823986695943632 0.0884366607165864
0.0785723247602653 0.174193773762687 0.137232642566361 -0.0534015440617151
0.195890629884316 -0.0397309090316121 0.202892187661378 0.00191986569674636
0.0601022414730382 -0.147736702343109 0.288447119100747 -0.11856199278864
-0.0279729862150173 -0.114053905481383 0.256782093710979 -0.232476790015197
-0.0571513129275046 -0.0685325220348961 0.174277763165899 -0.278116635889739
-0.0614254619882199 -0.0393461704035306 0.110620724798937 -0.219701414621572
-0.0463357831244306 -0.0508800105800736 0.064762434532363 -0.148419887108173
-0.022584943943055 -0.103749233532624 0.0130120440546808 -0.137609285790643
0.064465417955901 -0.127660742712113 0.0477302901093873 -0.19408130202158
0.184543738091552 0.00794642842363288 0.125563371429957 -0.194701106840948
0.0169260189733726 0.196330165379586 0.0726763476762849 -0.20009948366812
-0.0985399779589307 -0.00129594259209857 0.0466650890959042 -0.472680601414294
0.0696611781141877 -0.150968452839941 0.215945321786353 -0.566386458044036
-0.0897929614017284 0.265089841084674 -0.264783062173069 0.479462769473503
0.10907291698385 0.124012987584409 -0.0742080957996327 0.630015453662086
0.0492243200457042 -0.0582407432414654 -0.0137901705678825 0.183719516991123
-0.0908166810905563 -0.00353942701062628 -0.186661757996967 0.151520971694855
-0.0168839105834834 0.0948372516378884 -0.0657008043556354 0.253907829363529
0.0656269995830092 0.0643119987009363 0.0370558450976311 0.16829012517751
0.0991371934395263 0.00878298840866377 -0.0141453468429877 0.121173219075913
0.104736288977915 -0.0387431849143123 -0.104939485448321 0.185689587046897
0.109778898978355 -0.0406254212857254 -0.13492200841995 0.260319927596211
0.10805508815318 0.014099845369687 -0.207309957519643 0.268346933459954
0.0487304094958309 0.0802999245619196 -0.283779826727042 0.19336355004873
-0.0675053767851405 0.0418385249618801 -0.265952775584685 0.0483233013155834
0.0200435754622694 -0.124727262975124 -0.147090960048094 -0.00410532965692957
0.191213249650433 0.019422777741579 -0.11886753079972 -0.000937221560628022
0.0967092920029338 0.258656206137316 0.111700087066959 0.152800172538541
-0.0918973945053711 0.358476835061503 -0.264476495199686 0.377915827691021
0.0841811413160641 0.251160434572897 -0.103286744294355 0.678748799446412
0.0942449589077576 0.0765710881225487 0.0579134406626969 0.176814011105192
0.00955274708361903 0.029967275237576 -0.193392085600271 0.111979705595981
0.0503402933975011 0.0641982805895759 -0.0932918533129786 0.268512011229285
0.107998141793185 0.0166471147776654 0.0530617640271234 0.196761491038236
0.130232274568852 -0.0483421748484056 0.0280643128878951 0.113401703526972
0.130921616903053 -0.11202973345313 -0.0671636437520498 0.151421036103039
0.142321891643456 -0.1283479892947 -0.0946540388137758 0.22049999268813
0.156209296902004 -0.101089097422721 -0.160511615903224 0.241882932778448
0.151373367733182 -0.0318368559095908 -0.245124867282322 0.195298419593066
0.0982535208705863 0.0116525416305778 -0.283974471605814 0.0592305477265624
0.151720382749121 -0.0421544515310009 -0.167160609236289 -0.0311027134921441
0.261792133288642 0.119130502836822 -0.106401042522209 -0.0253014225989495
0.159176070802604 0.344901711330557 0.0932971341064551 0.0946303915084132
-0.0435705402448136 0.405241347575065 -0.243233811136544 0.242267737337879
0.089785017842283 0.326014801550906 -0.0938234732720467 0.690691085353964
0.14570143687472 0.197791451875897 0.161385583312816 0.186468775403174
0.138312156910048 0.0705424673101177 -0.13875038184426 0.0784833300430551
0.14460298316275 0.0151271642522074 -0.0800592003463753 0.256933370126491
0.149129693269148 -0.051922108397964 0.0843023555375398 0.202309952116387
0.145199380752912 -0.110079928303814 0.0785765495939531 0.08574116826578
0.137702949271586 -0.169345249570749 -0.0218165668350808 0.090310637995729
0.15429631792638 -0.189126820328942 -0.0509023043421659 0.147133412125199
0.178084984410893 -0.186764031540684 -0.114631805597644 0.176905119384655
0.217644681393846 -0.133558598317592 -0.199402958809849 0.155533004287137
0.240480932212634 -0.03674872989984 -0.283675573148092 0.0435008501573334
0.280557441910342 0.0377896853821846 -0.192109940158768 -0.0710952396445897
0.304685878672914 0.217959125766957 -0.117254545157986 -0.0909427504555247
0.181430710316826 0.391701890625174 0.0750517512908482 -0.0178953945189422
0.0473667309206857 0.397661848332052 -0.232436702605905 0.095441873070876
0.131268245731086 0.332610380929537 -0.0487761807097147 0.64891653103293
0.21001397435591 0.265099478655707 0.252921721031932 0.162649645251252
0.2725878478766 0.0840241794385527 -0.0537686566513553 0.0495745626620556
0.24154901879355 -0.0572857148508449 -0.0190290275209053 0.215721616417738
0.176437610887873 -0.135072242182697 0.133668535629845 0.166807698156246
0.13824877425652 -0.166506542960775 0.129128498494877 0.0303070012797625
0.125824528699251 -0.200287017714627 0.0247061206822288 0.0136941964350252
0.145963705423936 -0.212493504427018 -0.00813781197602483 0.0593679912014797
0.173960097154295 -0.227507368604533 -0.0724120310597642 0.0899959667035702
0.243565043997313 -0.194866600955433 -0.152667626897287 0.0780741200073812
0.334706709558205 -0.0681798272289043 -0.258238014426388 -0.00976841052727185
0.363073906778011 0.121077512317393 -0.200129365192299 -0.128808001840856
0.29355509420989 0.297408532205058 -0.130849702311106 -0.186239596728999
0.164260903651925 0.388098317325207 0.0654063035060381 -0.167385815586679
0.128114567287479 0.321357959997219 -0.246313317543277 -0.0368467689542029
0.152161605575226 0.275096933712087 0.0127456449006102 0.544450749473124
0.246362461133188 0.27571782185316 0.296086600326654 0.0894886326153049
0.364705596763953 0.061150516018664 0.0273271216016628 0.0223849450194761
0.294744343269405 -0.139094676605812 0.0751887252637263 0.146954755513662
0.170388611254362 -0.204425539192265 0.196782739814046 0.0828787866957375
0.108730852697834 -0.199548298578956 0.170073139386175 -0.0516302197608857
0.0952493479571583 -0.200801418584379 0.0661313651677641 -0.0667093612107271
0.116867040493968 -0.198933445723414 0.030700737179768 -0.0250071987316018
0.143756688410664 -0.220657151524383 -0.0336148145012746 0.00319441773618926
0.227867426908444 -0.204045818255527 -0.101538192753459 -0.0145925663682839
0.362502250557988 -0.0611077239741843 -0.196766445904351 -0.0892588932828175
0.359294247869227 0.204877844111236 -0.164931756238258 -0.195201363435061
0.211623200629387 0.330432558560859 -0.118930940874599 -0.290012909754209
0.114949275706083 0.317508553157221 0.0776972188423101 -0.32439187189316
0.153258226359392 0.191738462416821 -0.267435963093632 -0.131490694384607
0.105705695841144 0.190902028811186 0.0664948364485968 0.394193286368169
0.225855368661672 0.256122117428318 0.26918848553829 0.000220751334467315
0.379940841075064 0.0224660667433947 0.0922515160894623 0.00682760562833996
0.27396716521085 -0.193946413722182 0.177119949123265 0.0569120612268642
0.125369277958593 -0.231965174457186 0.251500821709017 -0.0337356895606986
0.058579017439695 -0.196896102679319 0.193773667183814 -0.147361946036252
0.0482501864339373 -0.170445894642169 0.0978354624552187 -0.139995397914303
0.0704837605690086 -0.158785668821092 0.0611369431112434 -0.0905033473615469
0.0932786983673603 -0.184172266990808 -0.0024727183947191 -0.0656051757274737
0.177403262943978 -0.179701398999191 -0.0465496124560253 -0.0977014320716842
0.329404296173311 -0.0304677493643488 -0.0968727617346239 -0.164076842415844
0.270570322900894 0.265099401533335 -0.0845036884356844 -0.242084590621447
0.0824704498405186 0.29098051535484 -0.0694511138785213 -0.380248025365157
0.0674761383772121 0.187658841884193 0.117068944211542 -0.459346900169286
0.11109537135694 0.0364236360308766 -0.27398431555138 -0.183686462499268
0.00741426187388502 0.11573832131795 0.0901942528058012 0.224691618893727
0.163735159235305 0.227719540336974 0.198534008696645 -0.0528310422829711
0.319920503160425 -0.015630879367024 0.15039964508777 0.00686935209700161
0.18537485945279 -0.199748230487715 0.256630886568199 -0.0366157507011762
0.0504779089876784 -0.199270531093455 0.275395867544724 -0.150948173277151
-0.000987411547784962 -0.150059377886748 0.195706908767925 -0.232329855775454
-0.00659817562016496 -0.113822883243992 0.113943309449762 -0.196378989910756
0.0121687877103819 -0.105619435253415 0.0738693613952671 -0.133097399904654
0.0326694616957466 -0.140896714278735 0.0150391260801908 -0.110675239124525
0.116019676154761 -0.150968071945598 0.00646773719408021 -0.157836024320238
0.263281274054334 -0.00211373268060142 0.0231637699332081 -0.204022492589622
0.139586898392491 0.26882005282213 0.014163737458972 -0.242914247018509
-0.0407791225371412 0.172663770381034 0.00155285450757731 -0.441096637030706
0.0498879510637433 0.0186530897069624 0.172768972287233 -0.548776980501852
0.0260813608149134 -0.110096568207141 -0.255535748560844 -0.192724492450562
-0.0933460180746993 0.0528895559495575 0.0820230274789566 0.0888804778152636
0.0815706299851851 0.179317777280771 0.137505363625042 -0.0508509469544685
0.200621117238764 -0.0407155055116851 0.209175676455119 0.00592363535335132
0.061925498513534 -0.151234690924941 0.298052293948531 -0.117513536445066
-0.0282733780331311 -0.116591953534898 0.264965784598117 -0.237245256674058
-0.0583672384114063 -0.0685883731240133 0.177940927519416 -0.284643388851136
-0.0613472120630869 -0.0382732182039732 0.11370701704565 -0.225940883778116
-0.0464857319249543 -0.0516128491956891 0.0667185834938276 -0.152462600492648
-0.0235062958350621 -0.105278919206757 0.0153687801723966 -0.141427855375388
0.0647702961657204 -0.129419934110653 0.0501963088275601 -0.199617117694763
0.188050949001713 0.00810297112431283 0.131058357949789 -0.200579964970935
0.0184324861210509 0.202347261406711 0.0794052533867106 -0.204578359673016
-0.100069999673664 -0.000997919137777459 0.0568232796539017 -0.482572999401137
0.0698617065659897 -0.152451720379488 0.227003877206382 -0.582405455787381
-0.0858593489330662 0.275051835833134 -0.26155386654128 0.507508110031462
0.113972553943941 0.121818872385244 -0.0579337844509318 0.651542509235545
0.0466997981909147 -0.0620799074173975 -0.0133877993401469 0.189937154633434
-0.0938904011620873 0.000321552454288501 -0.190657795041128 0.165475178489712
-0.0141148876355082 0.0984882634186183 -0.0586179782885301 0.26354674768038
0.0704988720482592 0.062279057226527 0.0429491956642327 0.171010938833976
0.102839059399193 0.00351643122164166 -0.0106377690720626 0.12516837522101
0.104850765474387 -0.0452219458661401 -0.102473263848016 0.196823067882972
0.109876410289685 -0.0476800479318141 -0.130963146946644 0.272086948088368
0.111866513910928 0.00863505097996034 -0.206729164317581 0.283954477887041
0.0549437888777606 0.0808500900728338 -0.28840455662301 0.207991199375198
-0.0678502802896843 0.0470171821460714 -0.273679778057748 0.0574774493303045
0.0149305881588244 -0.128834279960487 -0.151067671185294 -0.00390404476443196
0.196557872934417 0.0139026397100303 -0.121896011394374 0.00518033769250048
0.107190309866987 0.262952309476002 0.121310035708314 0.157767818968217
-0.0858521574843109 0.371634060519842 -0.261512481076323 0.403443598804042
0.0921186565858719 0.253901258883298 -0.0871672453501394 0.702392469938069
0.096257448690802 0.0761475466345204 0.0600316576304934 0.180719431638957
0.0104445431858456 0.031517756721622 -0.198156471863566 0.125757439725064
0.0536574722949785 0.0657884038311469 -0.0869012933366057 0.280432097288179
0.112180372302328 0.0133348065807872 0.061317803418707 0.199981780411229
0.132615801437337 -0.0560287217413142 0.0327109375776417 0.115943399981721
0.12962064346016 -0.12061722953363 -0.0659874610015326 0.160171356193738
0.140258217729057 -0.140741549964192 -0.0908524567377339 0.230376102351952
0.157889164437585 -0.112488680749476 -0.159113285942993 0.25524978682144
0.156383761648607 -0.0389630944900265 -0.249092242302308 0.20923361729109
0.102975046099488 0.00929181430192823 -0.291829990112012 0.0690266167560681
0.154773486592015 -0.0461913573194464 -0.171444336189772 -0.0306658977315429
0.272111777276839 0.115681556230825 -0.108231819533691 -0.0201214070698385
0.174912511907015 0.352717832883571 0.102093873085757 0.0967218213151798
-0.0350458933216921 0.419501047228477 -0.244313228075997 0.261841297960488
0.100776101179955 0.332661014370922 -0.0758487536559564 0.717906961403193
0.154221835793061 0.200584315305012 0.1662768070632 0.186942649719228
0.143956490063745 0.0684443669949924 -0.143528647923227 0.0897809625434812
0.149357941301253 0.0117107204827834 -0.0743576008738899 0.269733440549872
0.152238339709895 -0.0580701238822483 0.0933552270239722 0.205012959557532
0.145573708176427 -0.119441909393353 0.0835471945547718 0.0849684736628342
0.13521980220383 -0.179566726897627 -0.0211793032097258 0.0952836345979554
0.152348909164487 -0.203123169515078 -0.0490480068584128 0.153149746440793
0.176121073634105 -0.201877745576041 -0.114021241327592 0.186421817509394
0.222319437246036 -0.145999693561125 -0.204081623405669 0.164998573785952
0.247912953238481 -0.0447066125297571 -0.29132060155159 0.0520969827944339
0.291240042502218 0.0321856803550729 -0.198450699980537 -0.0701887799010239
0.321126624840443 0.217520674694859 -0.119958099926497 -0.0887934206291762
0.199851786368668 0.404428466308532 0.0807331101418468 -0.0202003657360071
0.0584696560734141 0.40983678036192 -0.236622220024098 0.108441625281103
0.143670560134337 0.339264528844729 -0.0311038316792215 0.67383068840259
0.222626793088303 0.268907909334889 0.261586188424999 0.159879633539758
0.282851028325456 0.078000033857873 -0.0562316452030213 0.0581881141061159
0.246747080545308 -0.0664894487465902 -0.0126066908836104 0.227192266418724
0.177625219193388 -0.143454332477143 0.145297713096203 0.167291386311854
0.137135364428236 -0.176347757530296 0.133837564711452 0.0258997242074123
0.122575163741235 -0.210332103452992 0.0240290041524682 0.0146911973750227
0.142950724832686 -0.225880940947724 -0.00788050754605136 0.059227793143737
0.170405324522941 -0.243089642573665 -0.0737134443932468 0.0942163043024404
0.245596855795912 -0.209422880535545 -0.157609912096895 0.0830053943113167
0.342761508080766 -0.0809390912563845 -0.266059330859858 -0.00324771281134056
0.378800583196078 0.114882622846494 -0.206439352377379 -0.128488720130496
0.313022906960814 0.299625054396059 -0.13484897196645 -0.186396421812886
0.179928379641201 0.400642037783532 0.0662983997540326 -0.175389537526099
0.139406097319399 0.329269768808467 -0.25528676376249 -0.0282074642178538
0.164164520061329 0.281679254070679 0.031892556477217 0.563029323783199
0.263408874543623 0.278392429719212 0.303155957485276 0.0842622388317937
0.379928113803083 0.0512802966105847 0.0282403054714129 0.026538342163864
0.299386011070912 -0.153097591276303 0.084535368486025 0.152081152680817
0.16916424733747 -0.216687196076031 0.207288205236787 0.0794414138571153
0.105007462142495 -0.209219505937666 0.172898307744573 -0.0594276388180047
0.0917970010837449 -0.210271119747144 0.0636868005493295 -0.0705236665360667
0.113491510894386 -0.210662303822261 0.0299810817630038 -0.0289690013384345
0.139726257942223 -0.233575181736576 -0.0360400511383721 0.00285840467381867
0.227529467429828 -0.216756586754418 -0.107104903278183 -0.0145388587248634
0.372136021698694 -0.0741683805025549 -0.205735990926538 -0.0883516835501146
0.379610067186593 0.203745491862508 -0.171982120712832 -0.197956198797191
0.228976343088716 0.336958098743968 -0.124388528444235 -0.294931952598521
0.127102225250027 0.329930239457957 0.0734159136091459 -0.340452180751618
0.162210708184544 0.195465071047364 -0.280865370432289 -0.127521197528541
0.115064100269039 0.196935757311908 0.0820705573815003 0.402815916875292
0.242994656846621 0.25999253053723 0.272962568061177 -0.00672600216716218
0.394896101102187 0.0105255170286577 0.0957790337486964 0.00895082588101104
0.276489832593904 -0.210973588521093 0.186295109497001 0.0561691811527502
0.121287065126529 -0.243346162132897 0.259312995067189 -0.0425928580539312
0.053775186677461 -0.203769452783411 0.193992312945055 -0.157853813334968
0.0454344319608967 -0.177687477741042 0.093443973484504 -0.147923950623639
0.0674900256708111 -0.167068362293963 0.05871470204544 -0.0975922756195522
0.0889964700640284 -0.192553502628554 -0.00517532645991166 -0.0696466623072531
0.175488158490239 -0.18945666602636 -0.0523197366011775 -0.101493579081231
0.338377492392116 -0.0423348166743806 -0.103427836070912 -0.16812687813994
0.288971266295571 0.26786033112449 -0.0897734875652585 -0.247858423295164
0.0940672472274764 0.299869774521014 -0.0748990182797123 -0.390594469436522
0.073065492056552 0.196593432178512 0.108778191910183 -0.481149988012525
0.115182112050498 0.0367440041947993 -0.289957255069041 -0.182363320831755
0.0124111322273414 0.122422101861108 0.0991735981110954 0.227398815529474
0.178551655459877 0.231894314257633 0.198754098925406 -0.0593482979717254
0.329723073950097 -0.0279291050741642 0.156486188993174 0.00566249118709236
0.184175978148631 -0.213500846965524 0.265073387097095 -0.0437652588849622
0.0452526081081386 -0.20693780195371 0.280702302342829 -0.165505146946261
-0.00678095164861273 -0.152917645550305 0.193461233488266 -0.246160023647646
-0.00944830386239173 -0.11646805098133 0.109359943597923 -0.206766120903544
0.00990232080344786 -0.109099713708705 0.0707455518568381 -0.141699095800771
0.0279871821630444 -0.145418713730181 0.0115489571114379 -0.116929241139295
0.113966295463338 -0.158074940040007 0.00149609845513347 -0.165193802620089
0.270439428182689 -0.0127018564544662 0.0191097582355981 -0.212739623324989
0.154733614546755 0.274257413796151 0.0114872056729443 -0.251039773456054
-0.0363813591163849 0.181021137250247 -0.00424272442847866 -0.454076333901392
0.0492077516932845 0.021807916323816 0.163389206658234 -0.574068924866043
0.0245960087596255 -0.111688235506771 -0.27151522889997 -0.19330513183659
-0.0933899190979207 0.0604968901780894 0.0844085135712048 0.0864117680085629
0.0920163867117186 0.182751253255315 0.135786656699191 -0.0541135457338595
0.205345284956886 -0.0504813947060139 0.218726909475272 0.00191836363867674
0.0589075344330445 -0.158920888085984 0.305795827841037 -0.129607394944358
-0.0339691564629135 -0.119256688244756 0.266159940360374 -0.253574078344152
-0.0626291810971177 -0.0680587452732688 0.172664704688779 -0.299764394165415
-0.0626626860931647 -0.0372876038685047 0.107782058467926 -0.238475077790868
-0.0492293486868674 -0.0505771186090035 0.0626111849301768 -0.161326624146567
-0.0280425614485139 -0.106484514102795 0.0111785065217707 -0.148821216575683
0.0607246912325144 -0.1347176015238 0.0465739562806099 -0.209478058668675
0.194129836228228 0.00107344999390731 0.130495069462547 -0.212864491377117
0.028243531740035 0.208762470033733 0.081446639779735 -0.213914144370432
-0.103110080826042 0.00384172319543828 0.0498205130439089 -0.4992134615256
0.0642957438981506 -0.156350759974091 0.215175993095529 -0.609789499956627
-0.0724083377117613 0.280693757202136 -0.234553628743371 0.527642917927829
0.11776871984153 0.114080215353478 -0.0239223492191404 0.656918127749349
0.0406615589205265 -0.0653563282653717 -0.00722302438598195 0.192675349021133
-0.0942607341139597 0.00679483606250996 -0.183633551194552 0.180999177990877
-0.00816434419155205 0.100312208002151 -0.0424769201423797 0.268227070848253
0.0748422185728154 0.0569705693341778 0.052778974960844 0.167489454503871
0.103306322006956 -0.00504869376659367 -0.00401509060991828 0.126853814955055
0.0998805259900094 -0.0512832511509441 -0.0916195119498759 0.206572087943373
0.104746234000905 -0.0566583239650107 -0.116570048265698 0.28227637812326
0.112485757837878 -0.000330474865203205 -0.192577360722083 0.298618058762749
0.0621692723607115 0.0770150408987756 -0.278817744924579 0.226495600280671
-0.0644059927393932 0.052798956558917 -0.272628444260744 0.0716341795971868
0.00554579822406109 -0.129350388479367 -0.151747851351925 0.000851317687466719
0.196919956370886 0.00309414162393639 -0.120532444628852 0.0145624918293266
0.122180765620174 0.257704081985391 0.132652781495685 0.154085162403475
-0.0676119074819976 0.377383687219933 -0.240959115066544 0.42540957435716
0.103036243821885 0.249030640016952 -0.0493003867587106 0.709731837242984
0.0979859719211892 0.0716869234190774 0.0648610625138069 0.178909181956319
0.0112236671204526 0.0326150136581925 -0.19384253079092 0.140505123591588
0.0575768540940366 0.0640443474917086 -0.0704894575709923 0.287823591586156
0.114173167979109 0.00641406003305271 0.0728845354538479 0.195844646036559
0.129598639451013 -0.065872496522486 0.0389639809498339 0.113751692569099
0.121517196453934 -0.129886293870357 -0.0573624648178661 0.167021222869199
0.13138661267186 -0.151642830938907 -0.0791798407598078 0.236211769024001
0.15052072661574 -0.124492983089486 -0.146741047553886 0.266418568943179
0.156805089385391 -0.0495257193535409 -0.241097555466219 0.224580516216733
0.105364807736347 0.00478557632631832 -0.289925589165774 0.0842920130239103
0.151867729432006 -0.0532809938138928 -0.172876578118533 -0.0235461639757039
0.279826684654458 0.102781130013237 -0.106689134657642 -0.012788147620333
0.195601144136842 0.346051759351131 0.110672832139868 0.0929555886879482
-0.0146692301165478 0.424095999157155 -0.230733761413181 0.281267452763728
0.116156753909591 0.328589644196917 -0.0358314073961736 0.726245406955222
0.163116837271807 0.194364462081185 0.172513859519326 0.178676091065857
0.147208452238317 0.0616048228404245 -0.140945495186165 0.102639231217871
0.150486306587133 0.00516727683847644 -0.0582328202248806 0.277183163898357
0.150204472915176 -0.0673312021737769 0.106504374270613 0.199760869287494
0.139157193087823 -0.129321442961858 0.0880653044648329 0.0791547618767089
0.124626372724133 -0.188684838953063 -0.0180938070419651 0.099350345476324
0.13959078778243 -0.216076047235524 -0.0412783666117308 0.155188342910158
0.164191273827714 -0.215721210458213 -0.104753110689639 0.194518989502815
0.215487393865697 -0.161202711346693 -0.198859323756236 0.177106149809636
0.24779837964207 -0.0594265671942871 -0.289797414549232 0.0685862736255251
0.295071812140562 0.0184405446393894 -0.200020077239529 -0.0622245810715904
0.334322346509993 0.202159148451029 -0.12114977794458 -0.0810752368226586
0.223802488990965 0.398112784511194 0.0831058294148921 -0.0264036748463302
0.0779439965831086 0.408945408788449 -0.231381225928344 0.125564980573672
0.160202962767767 0.335319066815518 0.00735870045729367 0.678572183075421
0.238466511026317 0.260348039587313 0.265649972284864 0.147005510123332
0.28839228535076 0.0626545604892254 -0.0540982967829605 0.0656512161229653
0.244107303567288 -0.0807975268793271 0.00211033987192227 0.231953506987929
0.170120755915042 -0.15508720054383 0.156357898489677 0.16000506743292
0.1268554687232 -0.185372579988877 0.135322182568281 0.0167067188474978
0.110946815947746 -0.220120163579304 0.022578814966685 0.0145705334145114
0.129663578900595 -0.238303495431404 -0.00634227741919908 0.0586408203384576
0.15542341832674 -0.256360962343101 -0.0685095086906834 0.0987657454500089
0.235206616477743 -0.22570574673791 -0.157470122348489 0.0910406685308882
0.340657103507343 -0.101118520644039 -0.267818640794041 0.0101900126465641
0.389272733758516 0.0970105010564842 -0.211187993788836 -0.120063830094008
0.332214466045424 0.287441783406175 -0.140593549872734 -0.179796515327328
0.202872578924689 0.397695904102021 0.0605907728627626 -0.182485850446895
0.156130232658428 0.325074091506087 -0.257788288664349 -0.0120001352777105
0.179914119700127 0.276765813372651 0.063800113732853 0.565513503983792
0.280490135758606 0.267688504466145 0.303560425928932 0.0676126218164235
0.383228268738023 0.029875265045799 0.0295334890995127 0.0306417383993302
0.292073282398894 -0.171388346679832 0.0956038840384357 0.15177942910875
0.157466310249824 -0.227013202042873 0.214533040905254 0.0685737504625485
0.0934200495054314 -0.215978078325383 0.170240307755231 -0.0704564359228086
0.0804235484829629 -0.21720571299026 0.0569132747424521 -0.0742434538898978
0.102094637692205 -0.220244116005664 0.0268581690717092 -0.0327011546976522
0.125164785819814 -0.242731383879094 -0.0366502911869249 0.00307328612971007
0.216007624364363 -0.230960984810547 -0.111311619533739 -0.0106633697175976
0.370207628107191 -0.0974519504308928 -0.211175089557596 -0.0785739825886392
0.394105230904003 0.18455808234582 -0.178968695334959 -0.191347240427793
0.250594525872747 0.329124380929806 -0.135054555986381 -0.291097825354122
0.145149328675269 0.33058667603345 0.0579761364877874 -0.348934661100627
0.172052192755796 0.189642353317218 -0.28968476290147 -0.112582943283105
0.126953108298022 0.195526550516407 0.104671446586824 0.400314157771788
0.261369677955026 0.25025054599909 0.267400541342513 -0.0195862374328094
0.397270388513661 -0.0139168021817654 0.0975116436147365 0.0087925564709545
0.265250770243623 -0.228554939495629 0.1938082173829 0.0490178050200492
0.107689367245611 -0.250624354016855 0.259922068257427 -0.0579015927209424
0.0421605130563735 -0.206073349203898 0.185698873737011 -0.170877252160254
0.0366429204810396 -0.180636777327207 0.0830725813667302 -0.153928785840216
0.0589693065854669 -0.172054057349934 0.0523494048928888 -0.103830082262906
0.0762194438035555 -0.197723491866598 -0.00945231969272844 -0.0710361498566763
0.164554181409319 -0.199131038434664 -0.0600596611645304 -0.101228694654466
0.336368608001152 -0.0622604463642294 -0.112886956214503 -0.164187869263544
0.308008422481041 0.254890624482985 -0.0986876915663183 -0.245420005730879
0.112259222443282 0.298502260906476 -0.0886231079268273 -0.389146965612377
0.083143438899225 0.199283084293587 0.0856479229561491 -0.492026326514898
0.117564162194177 0.0334914437913153 -0.302233970595733 -0.16819842758331
0.0209386366930544 0.125910293617567 0.110500225997662 0.220827510335953
0.195721733411569 0.223238744298151 0.191360051578043 -0.0679076110272144
0.330180425784293 -0.0491798786572337 0.159246718062742 0.00121219724574116
0.172596272506484 -0.226135251392096 0.268474434590559 -0.0574576185758663
0.0332788512443613 -0.210518255572242 0.273859793125227 -0.1819751208202
-0.0157136305549667 -0.151816115008698 0.179216492292426 -0.258604728482982
-0.014563246736859 -0.115793184748699 0.095136978610666 -0.215121307009994
0.00423888767650109 -0.110261459031261 0.062109099480088 -0.147888089840408
0.018527716003599 -0.147618281444281 0.00439315014978892 -0.119898373566417
0.103083417257814 -0.164421422607237 -0.00862726319963185 -0.168068252457921
0.269321724088327 -0.0281222816902807 0.00913173361219858 -0.21665484116516
0.173421872872633 0.268602357227666 0.00340672811697442 -0.254085626716105
-0.0257484162215745 0.185872027086427 -0.0227650951342459 -0.458768122112262
0.0481277599655264 0.0241596998887804 0.133079526787633 -0.588314802662901
0.0192096182369499 -0.11163616807339 -0.285067028033656 -0.180969204647668
-0.0883940827513878 0.0682314727158279 0.0864238855467177 0.0801527596850085
0.106355247849236 0.177429585626189 0.129248287652788 -0.0581680718671778
0.203498831242399 -0.0642842987395263 0.221453072498984 -0.0080169721784805
0.0496475178601675 -0.163410729894171 0.303450921498537 -0.147319595883013
-0.0408946354732666 -0.117203532430045 0.253808245252596 -0.2696068748797
-0.0671327637334685 -0.0632931972271451 0.155087503070073 -0.31165655120671
-0.0630468715514832 -0.0321093510923729 0.0923984492934861 -0.248039573319357
-0.0508727618625458 -0.0468032094735324 0.0524796465862289 -0.168155240931526
-0.0348560771039678 -0.104616537387013 0.00289588975424066 -0.151726060818513
0.0526585135032719 -0.138442584103486 0.0354291927795154 -0.214272015417321
0.193637169029562 -0.0112508324044505 0.120562417371642 -0.2231341622239
0.0431815211389935 0.207944441894008 0.0740472655108299 -0.220361171184155
-0.102949914143044 0.0110585125287887 0.0296911807224731 -0.503938942190226
0.0538231864335046 -0.157216539500238 0.18289961082522 -0.628077289266257
-0.0577251842871992 0.274573700756495 -0.202466367359038 0.525624781125064
0.116844713986935 0.103441219825614 0.00570245654662937 0.637376319985267
0.0340978329329967 -0.064595876238604 -0.00218241607421863 0.187129982351259
-0.0909003874907746 0.0120422485133727 -0.171629265855948 0.187966751546555
-0.0020155916962108 0.0979835783822403 -0.0276847264617741 0.261006955751615
0.0756815117784055 0.0499617021525672 0.0587521071415866 0.159077033220896
0.0988152714186307 -0.0118507404656332 0.00253551849174788 0.122359102383658
0.0923033033690269 -0.0553038538830428 -0.0782335983323683 0.207306799438074
0.0957462322940686 -0.0619247023712478 -0.0993251636632879 0.279554030051275
0.107961196905438 -0.007359676582871 -0.173176163849066 0.299893376690375
0.0656142946284729 0.0707277709343805 -0.261412205326137 0.233392074732971
-0.0585417005425574 0.0559676580020009 -0.262224556243905 0.0810494247764731
-0.00325164512610755 -0.124598836677286 -0.147323794175526 0.00473232266422906
0.189162935548934 -0.0065180851329264 -0.114282708242139 0.0220517499289524
0.129976987069544 0.243059328785842 0.137263117744065 0.145898966200272
-0.0491077767648558 0.37030499638949 -0.2140050814122 0.426374407045856
0.108602175298707 0.236193612804878 -0.0144050104883737 0.692069213508493
0.0955894448009963 0.0655550509546492 0.0671735697861384 0.170757208888382
0.0111864328741895 0.0317975533590005 -0.183221384844657 0.149698788617065
0.0593433122277833 0.060100097026712 -0.0528395024412635 0.282205500463346
0.110821735212449 -0.000648140616125389 0.0797946857069457 0.185502334219161
0.12171632239147 -0.0716686028874143 0.0431694897706253 0.107630302765861
0.109404287489163 -0.132114150626371 -0.0482152557824226 0.167231324492712
0.116900304346875 -0.156373618785309 -0.0654909616164433 0.232678503708389
0.138212951592323 -0.130834473991898 -0.128716205661709 0.266395192603224
0.151263513915932 -0.0575468902658313 -0.225042619362448 0.229318767335812
0.104114467102558 0.000145627155759607 -0.277466490938656 0.0949535788292895
0.14443372839935 -0.0572656683578384 -0.167329399535587 -0.0184327394781862
0.276352978895133 0.0881177439039567 -0.100739525985229 -0.00509544122395031
0.206360071247446 0.32749047510166 0.114472234495771 0.0855498580675289
0.00381130188609661 0.41321637713054 -0.209651493868083 0.285737228880166
0.1260768517302 0.314183909835362 -0.00119689734483653 0.706479257709035
0.165224051121823 0.182582359385161 0.170165454894234 0.166205212989355
0.144454206800656 0.0533159404379326 -0.133416205766233 0.110373802797121
0.146310514298324 -0.00183975943985845 -0.0416443169825445 0.273238067164081
0.14223154993924 -0.072696579645967 0.112397974971565 0.188571475494721
0.127865420118728 -0.133084783805473 0.0885260148717856 0.0717353998479908
0.111021110251975 -0.189585159692181 -0.0127514076239027 0.0992691650030944
0.122708272446211 -0.218252263514335 -0.0338803302903702 0.151577837752718
0.146869158622901 -0.219142852561695 -0.0928704615355695 0.193207689878017
0.201884286460972 -0.168046226470125 -0.18696290178094 0.18098418249834
0.238489468655088 -0.0696066377650191 -0.277759506291589 0.0789063293306847
0.289082251175278 0.00563466130275867 -0.195280757831353 -0.0534266948277933
0.334867456985729 0.182774025225675 -0.116323398449782 -0.0725378839327369
0.235458815301824 0.378382976251012 0.0827759582083795 -0.0300687839569454
0.0929634759368561 0.395817939770737 -0.217890304515207 0.134871901048711
0.17037730777669 0.318936378423493 0.0411077483591151 0.659359239766538
0.242633579592994 0.243954627703236 0.258641013909803 0.1310817153056
0.281946538117856 0.0473050797566156 -0.0508715975777903 0.0711480683958692
0.232579125543401 -0.0897717453472751 0.0150226343963169 0.22767837988036
0.157780261722562 -0.158110173632189 0.160177328774474 0.1468606931057
0.113637409581996 -0.185690382000032 0.131349197836479 0.0089675072472632
0.0968687153316302 -0.21914543701609 0.020608973453016 0.0143564025722756
0.112970927522452 -0.239571300672153 -0.00387154326805833 0.0551384904659332
0.13605690179947 -0.257456169484669 -0.0621769419897596 0.0983268341231076
0.217420624256276 -0.232040705959058 -0.151180847279623 0.0957956533504029
0.325954642177092 -0.114830835521961 -0.258548076033968 0.0215535962009519
0.384923852457613 0.0770518988069902 -0.206713541738914 -0.10980386882108
0.337397449111808 0.264642772777791 -0.13813401828568 -0.169350206659944
0.216655548606896 0.379622377290874 0.052021773572948 -0.182514204305996
0.164844382865698 0.310686275437769 -0.249861567949442 0.000844373108289586
0.187067332918973 0.263105402716303 0.0885144405658644 0.543842872414754
0.286396118130443 0.247890485253301 0.290931190861527 0.0546907128543786
0.373197473210288 0.010215968095961 0.0297855721367574 0.0325091391192615
0.273811651773074 -0.182008936221974 0.10185724672116 0.145466173320089
0.141912226593179 -0.228131312607057 0.212482760718287 0.0555022810072927
0.0791601514913356 -0.212824960028977 0.16041174978502 -0.0770687563540944
0.0681106571760865 -0.214859638444331 0.0498913714945799 -0.0732816610704175
0.0877923326873696 -0.21938485143794 0.0222577938589071 -0.035906318470927
0.1080875084767 -0.24232237883121 -0.0361069776353248 0.00355839967338532
0.197657825916866 -0.234219403734358 -0.111889534140239 -0.00585178016946739
0.352678971771206 -0.111800783969822 -0.207405644950279 -0.0681120357120417
0.393857084739788 0.162650804106193 -0.178342474162632 -0.179845219280354
0.258726362006093 0.308716277669601 -0.137359246385266 -0.278280417855378
0.156458993608512 0.318658444694129 0.041946055475742 -0.344583649573123
0.174628190616662 0.17918884791008 -0.286355323221155 -0.0956882723676589
0.133374012407691 0.186369801587224 0.118746325179394 0.381763091872157
0.267220947715998 0.231517151750776 0.253161766321726 -0.0288421670995561
0.38520183530423 -0.0338130411485422 0.0963516999047188 0.00822945378189146
0.245908171876059 -0.235163366117333 0.193321424961926 0.0401465974802121
0.0922699163727027 -0.248165717868158 0.250966167343293 -0.0683394108991266
0.0302750062716809 -0.200688005301172 0.170190759070576 -0.174805482629097
0.0270019870160172 -0.176842847016012 0.0702172513344265 -0.152806784160037
0.0492209787879062 -0.171153384862053 0.042905924106943 -0.105550626228682
0.0633837858478928 -0.194735166672189 -0.014168691730376 -0.0699187905998438
0.147861750120414 -0.200753021959356 -0.065084398764482 -0.097218690749351
0.321406649153863 -0.0769772783141168 -0.116451963936629 -0.157132968190632
0.31399564687136 0.233771381684466 -0.10216726438437 -0.23560692822031
0.124286944509 0.286220400176759 -0.0972643777091805 -0.375904074366114
0.0897772471878418 0.194551206187803 0.0612796385026351 -0.485052387774653
0.115398799040041 0.0292444959227778 -0.303045303585833 -0.149278764025178
0.0280463524918839 0.12347894714506 0.11485059946166 0.208167883512416
0.202887977507212 0.207431185522488 0.176672685438892 -0.0707357168321606
0.317507224337514 -0.0654304538812823 0.156504888548207 -0.00292219760464522
0.155062163059232 -0.228528611966476 0.259857116585474 -0.0682421301912151
0.0221522174862653 -0.205909916371144 0.258647278104731 -0.189396962397855
-0.0222431633060726 -0.145094063853839 0.159882306841278 -0.260545392751159
-0.018353621721449 -0.11120225743536 0.0791606289812668 -0.213584211270606
-0.000198981086068903 -0.10728480474523 0.0507856748880004 -0.148177411324326
0.0107702064582458 -0.142556446923076 -0.00244980789771785 -0.117807244626179
0.0903683753097811 -0.163394086002837 -0.0182053542586544 -0.164821866923303
0.259010456382027 -0.0417271919278978 -0.000819359415779324 -0.212799505142088
0.184008941231715 0.252004170088302 -0.0038429720634387 -0.247216895090878
-0.0152504720312903 0.183060522598257 -0.0358775027476573 -0.445104991153927
0.0472064112375625 0.025992200737605 0.102044323960528 -0.58056479865378
0.0141336759955397 -0.107122837181399 -0.287940242585746 -0.163527299906316
-0.0793275595869474 0.0719027944825742 0.0833858646992111 0.0717563827500097
0.114515823665501 0.165576586101532 0.119096587921758 -0.0587068371159795
0.192972640772117 -0.0741617897187292 0.217497234625918 -0.0159929028649952
0.0392648678762828 -0.161758735375536 0.290205809569872 -0.1556701150031
-0.0456830011568392 -0.110939703856875 0.236056363238932 -0.274098173830014
-0.0678495825403856 -0.0549567049392507 0.134174074602245 -0.30976664489276
-0.0615604689373722 -0.0270251328825271 0.0748925426031456 -0.245516434783151
-0.0507549905356758 -0.0420596654309034 0.0417017880547355 -0.166640706730835
-0.0393913367758 -0.0992134717296704 -0.00523577597967551 -0.147982912653922
0.0429020028520064 -0.135354891229236 0.0242922649310828 -0.212097544031828
0.185666135135849 -0.0215872066028306 0.107735140964158 -0.224027308851336
0.0541536209353519 0.199629485952396 0.0663772680739232 -0.217268345545708
-0.0979928233543878 0.0168916330538732 0.011771015453031 -0.490552878842329
0.0430165850344844 -0.151251121493934 0.146938824916494 -0.619794642948918
-0.0878499386548725 0.246384151640485 -0.266277769195118 0.475179193694857
0.0918595388956355 0.11022145067467 -0.0696945738392849 0.607470375117979
0.0376939363767758 -0.0559473757208661 -0.0227068823228285 0.175496272814177
-0.0874812845693076 -0.00181930269816115 -0.18204052823218 0.153500090283804
-0.0170464716046144 0.0921226133459746 -0.0589260124320373 0.237684900730261
0.0629979603558333 0.0547609594167593 0.0346711686102973 0.158638582884078
0.0953648705672753 -0.00106844526576311 -0.0125707080029834 0.116812940560954
0.094003507064695 -0.0412667206243839 -0.0980530929568458 0.188709732579828
0.0989351334093731 -0.0484899822040825 -0.130217090751562 0.256571263169021
0.104783999916889 0.00314842777133943 -0.204889598856019 0.26494060221537
0.0580255800374588 0.0750601781284971 -0.282756697644544 0.190250557506772
-0.0580150320518034 0.0478469109415062 -0.262710460776559 0.0435770114519435
0.0115761565148543 -0.116250147144546 -0.143523652985974 -0.0130593853616208
0.18138694466802 0.0162213415454457 -0.118856704238991 0.0110026149885897
0.0963467567129396 0.247472513591623 0.107978574884998 0.155820206766609
-0.093706114105038 0.336463652129021 -0.270692550357119 0.3834637862152
0.0662549966592768 0.232125950584076 -0.0973518694898755 0.66103735787365
0.0767467695649001 0.0747590313790272 0.0381468483340685 0.173198227237874
0.00414617966399522 0.031717484281996 -0.190065101052001 0.121061084044518
0.0456345665930458 0.0663252105418614 -0.0847777260704203 0.258254565223304
0.102790952026799 0.0124711231636128 0.0548290759160164 0.187175844933004
0.124605902557851 -0.0548413414916795 0.0268757635229533 0.107086630911322
0.120993134783221 -0.113763561438349 -0.0661636109555662 0.153967638805113
0.130778743706937 -0.136068208683961 -0.0948039479089397 0.215086212534504
0.148778722121679 -0.108870510777201 -0.161096624091183 0.240412949850392
0.155271051609482 -0.0372084428999637 -0.252789491126924 0.193870931256168
0.105381961872739 0.0143719270910151 -0.283081793333422 0.0574852877000384
0.146205018156622 -0.0339792635723191 -0.162975557025079 -0.0419629576037339
0.254890089816265 0.118130031081912 -0.105929247193824 -0.0177113573990146
0.16000569957969 0.340857400094195 0.0885242858739037 0.0903787935103118
-0.0499034119064143 0.384707245669764 -0.253454586127595 0.25710042533201
0.0704012505540845 0.307673903909829 -0.0886913613441346 0.678874415762667
0.125976157207739 0.193662317519092 0.128866106229865 0.187543211348853
0.125729007538278 0.071803711752827 -0.141151605911131 0.0958354494709834
0.136811767404898 0.0214019763482506 -0.0714706656615293 0.256142851224379
0.141665608131086 -0.0505863722729062 0.0895827993372135 0.1940970503366
0.137821442362247 -0.111964199363881 0.0741607613447207 0.0793728823382453
0.129932155459931 -0.168993118218647 -0.0260283883497173 0.0925997738824934
0.144529876748629 -0.195132386043486 -0.0553455804789784 0.141580081553957
0.166320116207408 -0.191959154603338 -0.1197460022808 0.176450736401656
0.217080022128724 -0.136968593106666 -0.21369006059585 0.154618103115622
0.243181525323266 -0.035930103391408 -0.285751377098426 0.0439444344052513
0.278113879087173 0.0447049163314197 -0.188380284407471 -0.0826308537718076
0.300324269231053 0.21828601878427 -0.114858503222888 -0.0902991244876281
0.182917492653046 0.396443425765993 0.0694173143200632 -0.0302192210090453
0.0337300955411215 0.378938942402992 -0.24067765163416 0.119307287942833
0.112047765647282 0.320029111214995 -0.0440673183151568 0.639653114040148
0.19079116192439 0.261843994872825 0.214096406865304 0.171053366598774
0.255137646171657 0.08695513445558 -0.0607046373591607 0.0747522382683036
0.231475349910797 -0.0482081187603414 -0.0126158682183615 0.226010500992194
0.167454065132214 -0.127733493804975 0.142961379735376 0.162017589781565
0.131073653990121 -0.162733234320374 0.121886486526161 0.0258327192367274
0.120121455717581 -0.198876652195633 0.0153288489963139 0.0159577531179064
0.137671156825887 -0.215986306045776 -0.0170831225183607 0.0527582086363056
0.160891669350588 -0.227062255879775 -0.0799401710920939 0.0902092794293526
0.238007317383541 -0.193526345693602 -0.169802725003762 0.077791774655978
0.331594503809511 -0.0672698392777447 -0.262719282939746 -0.00817970085876085
0.361831227287114 0.124068099705216 -0.194202122095203 -0.141523926658015
0.293426109806123 0.297063422351404 -0.12459712533442 -0.191269039845121
0.164194836332699 0.396940990815884 0.0591742702719489 -0.184587541830073
0.110500782147444 0.310947824991223 -0.249331828603483 -0.00740291622646527
0.137447047771081 0.270809117018147 0.0166127757409436 0.538186111926823
0.232934212039311 0.273459810396465 0.253757573023988 0.105832258171691
0.345821112180461 0.0641692959867175 0.020783125329814 0.0534899018836981
0.284927293049087 -0.128842541964681 0.0823979238441011 0.163572248852845
0.161977593485667 -0.19388543279802 0.205354293737107 0.0804107770855984
0.101730459181317 -0.192467176536453 0.160174497090684 -0.0533849184886583
0.0919762885514758 -0.198446236698263 0.0529127943253754 -0.0645892336983382
0.111254731510502 -0.200337946205592 0.0199924999347764 -0.0321915282919014
0.131823362726689 -0.215866996107814 -0.0421912538320669 0.00191063014919933
0.218500446394603 -0.197681902319984 -0.118224334922595 -0.0148523678433996
0.354283113359993 -0.0610317886128927 -0.202476834315361 -0.0888998484235153
0.361094027139015 0.206866803646386 -0.156394105839465 -0.208271334027813
0.211286848226663 0.331226074577346 -0.10664084585998 -0.299762521568279
0.112196936707752 0.333247489858134 0.0710322085856387 -0.343673518944313
0.137882558264668 0.189568415216717 -0.263452967126319 -0.104484326076603
0.0985170601586602 0.193820113541008 0.0649084289820667 0.383263717922181
0.218780307560364 0.253999384238239 0.228400084463216 0.0234451448814248
0.365494901126531 0.0245101974322946 0.0877439602032118 0.0383841449430352
0.265898680510301 -0.184477099576593 0.182730954418866 0.076148549674239
0.117909991582215 -0.219090974193316 0.256545775221502 -0.03415409743463
0.0529154028055968 -0.186066610488265 0.180954199816412 -0.14425137210796
0.048966348730736 -0.167088847997679 0.0822249445966689 -0.137803485742293
0.0677554924378369 -0.15757526275563 0.0491473259488697 -0.0970053412418664
0.08357067855657 -0.176423000881103 -0.0102202494704623 -0.066312529217085
0.166136465107979 -0.170121400334609 -0.0604055302732585 -0.0982126304000559
0.317751757489304 -0.0303551868791441 -0.101902501615626 -0.165652779712866
0.274795060774224 0.265317298815444 -0.0721611008219434 -0.253783374194332
0.0838031248128412 0.293746270567691 -0.0500288529633497 -0.389212349050072
0.060993560033442 0.206161905620842 0.111746646158934 -0.474321665923298
0.102531022813348 0.0431362687645524 -0.266055138792426 -0.16541487177128
0.0114727582929896 0.120705894737043 0.0791685671080677 0.212663140668206
0.163669473192856 0.220498090796438 0.161682379477577 -0.0275806169455444
0.306654700781504 -0.0155855216849395 0.1484525200452 0.0319073658289682
0.180217554828278 -0.191415517992569 0.25924004243619 -0.0207881506010179
0.0469095760475439 -0.187589178641616 0.274582912236974 -0.150396879314392
-0.00416860959497391 -0.138560411402038 0.181198823689095 -0.225757407335879
-0.0027727585343252 -0.109364363716928 0.0978334878327711 -0.194086895647972
0.0132752171925386 -0.102174237947994 0.0633271391620425 -0.13645558794993
0.0268896455223136 -0.132359931546281 0.00845956103147479 -0.110934236534159
0.105369942162482 -0.142050927565126 -0.00321349007295407 -0.157407496636772
0.250455213190129 -0.00535614379032195 0.0183403667384199 -0.206707852070266
0.147175025949973 0.26561419561309 0.0281902985567423 -0.250435429362407
-0.0386927155637087 0.177854444526451 0.0237871709165524 -0.443761713243881
0.0386149984967586 0.0386787581604972 0.167990966928885 -0.557068384846181
0.026886717139414 -0.0966247139874174 -0.245097888267451 -0.187336134286179
-0.0812948922830739 0.057950641653313 0.061878856525086 0.0741957537117063
0.0872686009182362 0.169265414108006 0.106854410214482 -0.0277604423921702
0.190946051759052 -0.0416317073220703 0.206739656122377 0.0211806941401976
0.0611373304578621 -0.144872879242887 0.296489722367735 -0.106816907185152
-0.028954702064144 -0.107010420890716 0.258356252156275 -0.234210546959084
-0.059183956971464 -0.0588103133174535 0.162305343166494 -0.276752460222627
-0.0543478904926867 -0.0337188730737283 0.0981575652777338 -0.225012580514347
-0.0430972171584785 -0.0463819695546015 0.0576727000730061 -0.155153230059326
-0.0253790316320374 -0.0973883680700039 0.0104738669943654 -0.140706985335467
0.055769548470179 -0.121212527604088 0.0452771033233188 -0.198090809298079
0.177242211317234 0.00380303400588167 0.126788397661203 -0.206010127619981
0.0284191639759124 0.198679203885799 0.0951273417802842 -0.208338977674853
-0.0983854040647965 0.00823460840090664 0.078101333284106 -0.47592207596389
0.0550769762978239 -0.133591999206412 0.222415412170561 -0.58096524169143
-0.0909256792053588 0.23874614989698 -0.271944339666064 0.459109489139504
0.0852099065137583 0.108567159231441 -0.0807509125541383 0.59117084715967
0.0360569950196584 -0.0535550471772089 -0.0297837358390412 0.171283818959131
-0.0861373042777096 -0.00179822195260718 -0.182869202479855 0.148998149015926
-0.0175608057652009 0.0904884367628477 -0.0631508870811568 0.230702804166707
0.060990144609212 0.0534249122537485 0.0302239497834638 0.154376220563566
0.0925218445051765 -0.00130477971740559 -0.0146171115611145 0.113173006813257
0.0915540376810055 -0.0385810027974468 -0.0982098739897461 0.183958686927919
0.0948507598404575 -0.0463557912061507 -0.132140055639742 0.247859060495374
0.101764413613947 0.0038216000528132 -0.20516855039273 0.255330669561549
0.0573458907630205 0.0742269476462163 -0.281156940237332 0.1805964023407
-0.0571748677553792 0.047492428564782 -0.257326194094507 0.0353761325384609
0.0116848949622831 -0.111761859374449 -0.140252831555819 -0.0197361963365262
0.177335017994662 0.0199655322543343 -0.113540320149664 0.0104217555003066
0.0892840680319811 0.243744501625276 0.104127828335863 0.156771198277246
-0.09995663133087 0.327066452600521 -0.274706775842383 0.371325195642791
0.0578303940111775 0.227733427835114 -0.109874351874756 0.642644535297431
0.071601123995433 0.0761838802108042 0.0288160901690085 0.170561642797518
0.0018464587093094 0.0330661901188268 -0.190370510612815 0.11751921554628
0.0439404115300149 0.0666787427671833 -0.0877716342681476 0.251338695446147
0.100396455453798 0.0138558878338129 0.0499795837715068 0.182683943734723
0.12257324920254 -0.0529634742999466 0.0237096164873952 0.104955943053344
0.119766791487432 -0.109015462551942 -0.06692255450272 0.150596423311462
0.128425835002973 -0.132098726642543 -0.0971585235855376 0.208613673907098
0.145809630352027 -0.10665491301345 -0.162901428935236 0.231681231186644
0.153948678402881 -0.0351880932182603 -0.252452609939378 0.184792936373159
0.104306045700067 0.0166882919114559 -0.279005689197572 0.0492148424277791
0.143628991543052 -0.0281650890616676 -0.157255755275109 -0.0479031521220284
0.246911526087199 0.122128444491565 -0.100813744760516 -0.0190580509266812
0.149203396525771 0.338137686080895 0.0861573802581588 0.090484349324559
-0.0582986495716801 0.37586770053759 -0.253827008620531 0.247504641282947
0.0608063554290879 0.302906210086782 -0.102627226241638 0.662245570258826
0.117587548062393 0.194281382545064 0.11844864785733 0.186718301591263
0.119463285323533 0.0743071714344503 -0.142120213242097 0.0942759332048356
0.133813991447107 0.0244232310798895 -0.0752505710826062 0.251135286420141
0.139463588703503 -0.0470747594372741 0.0846420128126455 0.190846011189814
0.136804509302849 -0.107498581793624 0.0705181240006652 0.0776150748898881
0.129988177248595 -0.163237915488331 -0.0277518258207546 0.0912582286246601
0.142961108150799 -0.190456604199835 -0.0585061984502925 0.135367198278098
0.165260520859319 -0.185638715631738 -0.120482157302378 0.169555060609234
0.215238964508378 -0.131408315819449 -0.21355055475008 0.148220832217066
0.239995942054591 -0.0291546181858975 -0.279667679042265 0.035951887437862
0.273388995217979 0.0504408468587785 -0.180195886620415 -0.0895248055287164
0.291392618270267 0.221535786871009 -0.107433844717517 -0.0917482510981162
0.171453478425153 0.394422113277333 0.0696344355327604 -0.0292878973502323
0.0238226225175335 0.374200176733219 -0.238638093409675 0.112129917495994
0.10172986924659 0.317538085041943 -0.0571891677994912 0.62578060394624
0.18083215804814 0.262576940115452 0.201617395717717 0.17266903572665
0.246191844015692 0.091125268490061 -0.0621368675884665 0.0760106596707501
0.227691533500939 -0.0426349735090118 -0.0150480504175025 0.223281386557328
0.166128788022151 -0.121359243776291 0.138398346989376 0.159846938757585
0.130969416027939 -0.156922118957948 0.118857656837959 0.0261465057692696
0.120654942210059 -0.192881684827102 0.0136181660904231 0.0174591768562027
0.137952049581843 -0.210536835065573 -0.0193846739761784 0.0489773308337869
0.160403401076208 -0.220259199543886 -0.0797571753038455 0.0847270653025678
0.235791188024284 -0.18717024495238 -0.169401042986645 0.0732572732610269
0.32579650182773 -0.0596766704390024 -0.25542063335865 -0.0149179924234525
0.355380277909217 0.131382705055582 -0.183383477443556 -0.146949179324706
0.282416649730943 0.299802695085927 -0.113579529018807 -0.19162613951392
0.152959358856938 0.395616231674525 0.0619581902059756 -0.181784259808031
0.0996256562836073 0.308393380070849 -0.243729324966468 -0.0120858902022251
0.127712684548449 0.270709465762317 0.00547746279731112 0.527507570169926
0.221672541744288 0.274313104371119 0.240894859347815 0.111808295423146
0.337793542468003 0.0705690250091274 0.0189386922345618 0.0563244967785243
0.280846787536547 -0.119751925755016 0.0795859872278536 0.163651456349463
0.16219870959191 -0.186564265235092 0.202066288336697 0.0822750378364834
0.103934631780347 -0.18517131861898 0.157946754124825 -0.0500301343795696
0.0944258929111395 -0.192886301915781 0.0511913235432176 -0.0608562003755261
0.112203417715484 -0.194863521750058 0.0173914416015771 -0.0334532166535715
0.131410787264877 -0.208227614859045 -0.0419690497022344 -0.000323405996480201
0.215883091596879 -0.189262357357245 -0.117444018434082 -0.0165109238753518
0.346990585905416 -0.0524854992114418 -0.194807940296514 -0.0935227743656189
0.352919645288139 0.211063102755961 -0.14483410517337 -0.210981940499106
0.201939829097812 0.331352788254118 -0.0923806038378678 -0.297538040958574
0.102593954519729 0.332228732747469 0.0779771506648613 -0.337799161228315
0.128205647054063 0.191246053803988 -0.257471917045928 -0.108110752521402
0.092739645932184 0.193762513938579 0.0545996107301755 0.376652758097378
0.211186429563808 0.254734487894006 0.217841820220683 0.0309190503349734
0.356335633092101 0.03129505089785 0.0862702991685992 0.0430938005621083
0.26377598086851 -0.176214383415037 0.179761328604462 0.0797374706774542
0.118992995613121 -0.212123068026992 0.253856004083643 -0.0284512982119491
0.0560978656693656 -0.180117864879244 0.179479787476383 -0.138104836434545
0.051204448234529 -0.162617288312546 0.0806777130703276 -0.132663702589845
0.0695887225186916 -0.153504397865666 0.0482084280324823 -0.0954922738957529
0.0834295656889317 -0.169515255751511 -0.00910543343997152 -0.0664997023567413
0.163551902852731 -0.162730271719078 -0.0581160578927528 -0.0978676784093108
0.309874405275335 -0.0236915055874664 -0.0950708908371049 -0.166996726276364
0.266822180399368 0.265845661296193 -0.0608108665442153 -0.25236702952769
0.0759167507931081 0.291620432605672 -0.0338079805311873 -0.38432828237447
0.0541477252018896 0.207109236603046 0.119481249170357 -0.466180524944371
0.0979791252390392 0.0469775217315264 -0.257121408699501 -0.167869357240004
0.0098451660068814 0.121076631042695 0.0705373166551766 0.209174017424681
0.157921731717417 0.220472211840495 0.154793000090196 -0.0192005136345579
0.299577873361021 -0.0106788931498457 0.145869468652448 0.0372936538465344
0.179380793415442 -0.185147364423525 0.257076404006867 -0.0151291515386839
0.049490639613907 -0.182000382853794 0.273508795621344 -0.14159081544416
-0.000982949008008303 -0.133627183952821 0.179914452728141 -0.218679253209285
-4.88215008562064E-05 -0.106530930136816 0.0970277471858182 -0.188608770802583
0.0157878506377491 -0.100398385757029 0.0624586302065314 -0.133614392575862
0.0283222884606901 -0.127990249746381 0.00982984373554075 -0.109445133130038
0.104050090297711 -0.135029253960282 -0.000423647098827328 -0.15596344679223
0.243530987209035 -0.000842893875869726 0.0243023093017434 -0.204085404224158
0.141027153408276 0.263330203236453 0.0380425650076928 -0.245204456608425
-0.0415380340721477 0.174960889171145 0.0387466747816648 -0.434866151951458
0.0356028936108485 0.0427486644782077 0.177574433828114 -0.542504259530252
0.0277049657990449 -0.0915144343320951 -0.237101787134633 -0.189333327609766
-0.0782450019094745 0.0562295847878625 0.0548904937664216 0.0723755909294832
0.0836706835027777 0.167410209359659 0.101907332508172 -0.020103952258495
0.186787778006474 -0.0381638492628572 0.204151122280729 0.0270033773777677
0.0618785925158347 -0.141820064032343 0.295657965553865 -0.0986993240689035
-0.0266183276982553 -0.104483702371822 0.259333268923344 -0.223836658572312
-0.056111171315232 -0.0557182130293025 0.162557136823063 -0.2687786580284
-0.0511106338998417 -0.0324070095951607 0.0976658890413575 -0.219641991668141
-0.0403147217719454 -0.0457401279965338 0.057875195185551 -0.151296834484426
-0.0232839069476951 -0.0947125007805249 0.0130688586817615 -0.137748180593914
0.056114088626186 -0.117243922376708 0.0479964147770706 -0.194707103723455
0.172433847119287 0.00609388434371213 0.129010506894349 -0.200676744508366
0.0268056436783898 0.194506138476689 0.101806117110283 -0.201576745108284
-0.0960452314846755 0.00745246288549025 0.0920874198045721 -0.463295741010502
0.0549653504238285 -0.126125324856276 0.228600790149572 -0.563944576581839
-0.099353286730694 0.238901983353961 -0.290892968160294 0.459966454251958
0.0813621612386613 0.111844987540409 -0.102149137605864 0.597020278341758
0.0360300519964206 -0.0521949282012802 -0.0382735783704005 0.171431365780095
-0.0877578607515451 -0.00306726444649301 -0.191237672779833 0.149267838795273
-0.0192291181149816 0.0924269852328054 -0.0710870093263809 0.233201818207786
0.0602419740372796 0.0545198238866547 0.0259963841562423 0.157134155122902
0.0933040950279502 -0.000188606260783073 -0.0181800277083571 0.113822887803009
0.0929120419665149 -0.0363295464894289 -0.104180224959245 0.186514740309389
0.0955353195686681 -0.0447881076556835 -0.141961816903235 0.248052132918444
0.102906292786504 0.00532325748341251 -0.215976221448067 0.253516121718435
0.0584533082185209 0.0757568812502475 -0.292426019357907 0.176632202441486
-0.0579316036074675 0.0483923752291875 -0.263577081880726 0.0274293310268623
0.0127193460381804 -0.112366842294227 -0.141727322316945 -0.0271915291769885
0.178672605792141 0.0255231848351738 -0.112856330679524 0.00964755405580714
0.0825609392208081 0.249646008585487 0.101878138878347 0.163965830115016
-0.112137612950622 0.330457138462292 -0.291673257461657 0.369779356251522
0.0494464130791772 0.23257381798236 -0.131422231786179 0.649563424203646
0.0682778478552011 0.0803946097148355 0.0204215152773293 0.174183947857152
0.00049632094319499 0.034735656467594 -0.199296770375494 0.117213500437392
0.04377022777112 0.0695083364768867 -0.0962564812006716 0.2546253585151
0.101618655835357 0.0157524691609558 0.0452905176857464 0.186008473747909
0.125705562686892 -0.0515638065461483 0.021101858182007 0.105492564690624
0.123953155765191 -0.108093346402209 -0.0715272391009164 0.153018598625096
0.131557012324478 -0.132678323976899 -0.105474697473743 0.20851257323668
0.150344777062843 -0.105556618792159 -0.171991204892476 0.230431541476836
0.158756395340873 -0.0333824114921229 -0.262296289837829 0.182299876614515
0.106722213510199 0.0211333350660558 -0.284148572097942 0.0401899396679016
0.146902793946174 -0.0217499982577131 -0.157980233547932 -0.0570771401043156
0.248464803736299 0.13258520082938 -0.0981411242916761 -0.0209299257756543
0.141134386116475 0.347600679263671 0.0860643926097313 0.0949945785471571
-0.0713460483925391 0.381208628144355 -0.266807702320156 0.245686282431731
0.0504417852636632 0.31013466174702 -0.123437672891244 0.669613977562037
0.111914221029283 0.202331339953892 0.109806914673092 0.19289063029783
0.118072136672464 0.0809414485342361 -0.149641662279817 0.0947686029118041
0.135520613269297 0.0291144046459481 -0.0828185158702217 0.254276976396068
0.142655739371536 -0.0443556980293588 0.0810697749010331 0.195629102380027
0.142979714403982 -0.10639015769749 0.0693890165534013 0.0797706881808203
0.136231913021436 -0.163614719328569 -0.0305741276149354 0.0940508452322312
0.149064827329131 -0.191082086768924 -0.0650837668880956 0.134679978200657
0.171689383698789 -0.185633110787327 -0.126912530714239 0.167614059902547
0.222345537759611 -0.129940981350568 -0.22247147270299 0.144993018248233
0.245062642303313 -0.0230138855670327 -0.285448387426007 0.0262008523694056
0.278003357931188 0.0611571293914026 -0.178812125321329 -0.100132007429219
0.290736295333192 0.235114959159219 -0.102366736901412 -0.0969550252657709
0.162114415917253 0.407318456903114 0.0724910843350894 -0.029191791372698
0.0101017526607668 0.382536513878627 -0.24747857820594 0.108229556551132
0.0927315834785712 0.325860361498691 -0.0765105562330716 0.634985585104024
0.175048725355331 0.275575846767624 0.193913107730547 0.183080256709445
0.246751255401553 0.101325052796599 -0.0672143764752375 0.0795012696298275
0.232586550323243 -0.0371615578972425 -0.0206380518081764 0.228046585537733
0.172071351075255 -0.118588929194555 0.137904767365486 0.166780342165764
0.138284356405394 -0.155936474871779 0.119131939328901 0.0283019013360705
0.127842933633256 -0.193428736955676 0.0128541591736961 0.0194462555385492
0.143804301547835 -0.21247677378106 -0.0238845278729129 0.0477649807045551
0.167333737522883 -0.219464798554736 -0.0836547076795782 0.0824213588517262
0.243987918190558 -0.184478378348671 -0.175666484672158 0.0703263380424876
0.332769087726881 -0.0511547280663112 -0.259136245229364 -0.0261631574241377
0.359883828554954 0.146105139937103 -0.1788983551897 -0.158846775165235
0.279858299896598 0.315405917800475 -0.105354364961069 -0.200349925257632
0.141500578199364 0.408950035861132 0.0696011218480059 -0.185697784061627
0.0905174985431983 0.319342137306094 -0.248747003495875 -0.019205266282796
0.120792868887551 0.28137948367906 -0.010328909340721 0.537466098233406
0.219278074905529 0.288520681886128 0.236913091775154 0.122786213455341
0.340381399982806 0.0822112775168109 0.0165898712969776 0.0619569748663504
0.289664531786226 -0.114686433495947 0.0780266908298307 0.169655601453832
0.170166721750624 -0.184798990720215 0.204796947404953 0.0896439140119284
0.111423925607299 -0.185188494788989 0.161160945836673 -0.0476626186843173
0.101341754411934 -0.19384073298959 0.0526282432606314 -0.0596024117828768
0.118817543118583 -0.196647367127764 0.0164052566340612 -0.0344669225671072
0.138434516650113 -0.207507501591971 -0.0429473145775801 -0.00362796972392952
0.222624156645036 -0.18664690738009 -0.119705898575691 -0.0215743075240057
0.352647184026164 -0.0429255965589585 -0.193975150959973 -0.103345922087107
0.355828557297836 0.225850191985187 -0.136479803674944 -0.222586965513022
0.197051158068588 0.344425739376554 -0.0802199999513314 -0.308690170763324
0.0929053094072214 0.343692731198991 0.0892559897852336 -0.343735223317796
0.123255291712375 0.200886232229418 -0.258302198760187 -0.118722614838983
0.0894971599880262 0.203386622328981 0.0433653847353636 0.384113036146179
0.209960535866269 0.267700181712135 0.215641186657769 0.0421754628681367
0.360852950534734 0.0404392987739201 0.0867374812480694 0.050048260980533
0.27258704692276 -0.172600080825393 0.183164135761735 0.0865207315112625
0.127777468496636 -0.211813697757326 0.260600215567114 -0.0221384441265191
0.0626422964742118 -0.179976891730409 0.185748244251368 -0.136297198616736
0.0574299685169933 -0.164165120281651 0.0832543461866029 -0.131585337013074
0.0746948487753619 -0.154538432055844 0.0483475707168352 -0.09734487688274
0.0890150294693662 -0.168483844304123 -0.00765791931889909 -0.0695959379593668
0.168949354193601 -0.159656502192497 -0.056299332634575 -0.102154911271588
0.313641040596092 -0.0150888743100729 -0.0903405250128267 -0.174748280089235
0.266406691111174 0.278086638129148 -0.0483245164562473 -0.261082110726145
0.0693892183977072 0.300961014707325 -0.017975005650333 -0.395167169341167
0.0477778410222864 0.216851409945803 0.135958641272929 -0.472267620663691
0.0974382431423208 0.0532323892355323 -0.25756583686682 -0.179639264969756
0.00807857109377321 0.125721874702143 0.062574729451902 0.213345458883042
0.156944824510114 0.229618333684179 0.153464411494064 -0.0097991643170828
0.30527254918266 -0.00338010921285208 0.148270348389338 0.0446488219792716
0.186198004376573 -0.183783539078285 0.265066446037465 -0.00773201742895875
0.0550094722785108 -0.183825232609298 0.284476659040433 -0.136120766160104
0.0033898018993239 -0.134658128543874 0.188093072960393 -0.217647462656432
0.00403427709581566 -0.107458205785915 0.101836689231021 -0.188303155311434
0.0186523023499444 -0.102030693958184 0.0654850751929767 -0.135952108586363
0.0317965518072154 -0.127666821534831 0.0126784993102223 -0.112260660098775
0.107679373639323 -0.133219426502219 0.00285581459056614 -0.159560951085981
0.245331649805157 0.0065124229500533 0.0319998554432608 -0.2088342792335
0.137821606650811 0.27197445254435 0.0518725259512213 -0.250190440541012
-0.0473952637837322 0.178817158089781 0.0595289790632325 -0.442199582260922
0.0339386905669526 0.0487762607791336 0.197430351159967 -0.547748442182881
0.0310790602613492 -0.0906816922586055 -0.236581737714714 -0.201345299245341
-0.0802456616300086 0.0561255245906588 0.0494558757615544 0.0747312167710176
0.0827473220810118 0.171800559847529 0.100690442134621 -0.0128993485563002
0.189668720749955 -0.0358917794083747 0.208616505961176 0.0354790926552048
0.0649456523546983 -0.142554155804649 0.305747121160387 -0.0932588931728864
-0.0244114940847781 -0.10665297537365 0.271348469397196 -0.220523780131566
-0.0546213750047864 -0.0557001987397076 0.171622239502216 -0.269329541243713
-0.0498283885837124 -0.0334465616718064 0.102695715838092 -0.220765813477098
-0.0390678069951384 -0.0472280625903475 0.0613547273916728 -0.153417269262526
-0.0213487364578263 -0.0955477198613863 0.0156042721090751 -0.140800846155284
0.0584491602933408 -0.116293734090075 0.0539719338342115 -0.197832157751604
0.173935536544811 0.010428404222753 0.13862023564154 -0.201493964624665
0.0238774823764494 0.197622271517809 0.114914005931078 -0.201463631233431
-0.0980404796373118 0.00552446801271485 0.113598589124092 -0.467671673439103
0.0585024702105044 -0.122262699008554 0.250699460990028 -0.567309006485576
