TRXV5
3
4
4
9
string Extension=J
integer IsArchMeasurement=1
integer IsSpherical=1
string Generator=SPM
string GeneratorVersion=1.3.1 Dev
double ArchRadius=0.449999988079071
integer FrequencyAxisIndex=0
integer AzimuthAxisIndex=1
integer ElevationAxisIndex=2
Frequency
5 136 690000000 960000000 LIN
Azimuth
7 8 0 2.74889357189107 LIN
Elevation
7 15 -2.74889357189107 2.74889357189107 LIN
Polar H Real Part
13
Polar H Imaginary Part
14
Polar V Real Part
13
Polar V Imaginary Part
14
Polar H Magnitude (dB)
12 0xC0000002 0 1
Polar H Phase
7 0xC0000003 0 1
Polar V Magnitude (dB)
12 0xC0000002 2 3
Polar V Phase
7 0xC0000003 2 3
0.00375366210937502 0.383392333984375 -0.359893798828125 -0.3082275390625
0.139862060546875 0.386474609375 -0.44757080078125 -0.600830078125
0.271682739257812 0.18450927734375 -0.4974365234375 -0.252105712890625
0.213470458984375 -0.027191162109375 -0.240921020507813 0.0130615234375
0.0820388793945312 -0.0755462646484375 0.0443572998046875 0.046539306640625
0.00475311279296875 -0.0585899353027344 0.20654296875 -0.1239013671875
0.00272369384765625 -0.0425567626953125 0.209564208984375 -0.3280029296875
0.03411865234375 -0.0363540649414063 0.158660888671875 -0.449737548828125
0.00601196289062499 -0.0543975830078125 0.15625 -0.50531005859375
0.000984191894531244 -0.09228515625 0.236083984375 -0.49029541015625
0.0376205444335937 -0.127662658691406 0.265106201171875 -0.426055908203125
0.156539916992187 -0.161041259765625 0.324859619140625 -0.311431884765625
0.301971435546875 0.01739501953125 0.35833740234375 -0.108367919921875
0.242477416992188 0.254318237304688 0.0606231689453125 -0.0722503662109375
0.11309814453125 0.281951904296875 -0.20977783203125 -0.470733642578125
0.17803955078125 0.479644775390625 -0.3187255859375 -0.20294189453125
0.278472900390625 0.46087646484375 -0.41131591796875 -0.57470703125
0.390167236328125 0.270751953125 -0.5738525390625 -0.25640869140625
0.382049560546875 0.039825439453125 -0.32122802734375 0.0675048828125001
0.258514404296875 -0.089691162109375 0.0100555419921875 0.108985900878906
0.1697998046875 -0.169906616210938 0.2021484375 -0.0917205810546875
0.11260986328125 -0.190948486328125 0.198638916015625 -0.290008544921875
0.13970947265625 -0.16607666015625 0.14080810546875 -0.405120849609375
0.132965087890625 -0.188812255859375 0.151092529296875 -0.462677001953125
0.155807495117188 -0.1832275390625 0.2490234375 -0.44921875
0.197494506835938 -0.143783569335938 0.285736083984375 -0.376129150390625
0.29364013671875 -0.1273193359375 0.338775634765625 -0.263336181640625
0.3985595703125 0.06988525390625 0.34710693359375 -0.081207275390625
0.37298583984375 0.31060791015625 0.114837646484375 -0.04248046875
0.285736083984375 0.378509521484375 -0.163909912109375 -0.3758544921875
0.35736083984375 0.4844970703125 -0.234664916992187 -0.068817138671875
0.414703369140625 0.42706298828125 -0.353546142578125 -0.511444091796875
0.46771240234375 0.262359619140625 -0.63897705078125 -0.2364501953125
0.487060546875 0.061798095703125 -0.416473388671875 0.144927978515625
0.38726806640625 -0.10888671875 -0.0555419921875 0.197830200195313
0.303955078125 -0.26385498046875 0.161972045898438 -0.00846862792968751
0.20574951171875 -0.313995361328125 0.162933349609375 -0.189895629882813
0.225616455078125 -0.270111083984375 0.10626220703125 -0.30047607421875
0.24298095703125 -0.29364013671875 0.123687744140625 -0.365386962890625
0.298095703125 -0.247802734375 0.229095458984375 -0.36871337890625
0.345733642578125 -0.13653564453125 0.283233642578125 -0.30670166015625
0.417633056640625 -0.066009521484375 0.35455322265625 -0.208099365234375
0.453369140625 0.14654541015625 0.364776611328125 -0.0272216796875
0.440399169921875 0.354827880859375 0.198486328125 0.031341552734375
0.40179443359375 0.420135498046875 -0.079925537109375 -0.239013671875
0.496612548828125 0.407623291015625 -0.1190185546875 0.067108154296875
0.50347900390625 0.299713134765625 -0.289825439453125 -0.419921875
0.471038818359375 0.18109130859375 -0.67486572265625 -0.1759033203125
0.497039794921875 0.049530029296875 -0.491302490234375 0.241363525390625
0.437530517578125 -0.1173095703125 -0.1273193359375 0.306243896484375
0.384613037109375 -0.316009521484375 0.100082397460938 0.116775512695312
0.26568603515625 -0.38629150390625 0.110130310058594 -0.0421524047851563
0.278076171875 -0.33477783203125 0.057464599609375 -0.154281616210938
0.3172607421875 -0.35308837890625 0.072357177734375 -0.229644775390625
0.398223876953125 -0.271759033203125 0.177032470703125 -0.258087158203125
0.450042724609375 -0.106231689453125 0.255416870117188 -0.217666625976562
0.495330810546875 0.008331298828125 0.357421875 -0.14056396484375
0.449432373046875 0.2230224609375 0.394073486328125 0.04888916015625
0.43621826171875 0.365875244140625 0.29901123046875 0.14227294921875
0.455413818359375 0.40008544921875 0.0271072387695313 -0.0706939697265625
0.545806884765625 0.25732421875 0.0135955810546875 0.182540893554688
0.483245849609375 0.129913330078125 -0.22686767578125 -0.310028076171875
0.372161865234375 0.086273193359375 -0.656494140625 -0.0792236328125001
0.409576416015625 0.049224853515625 -0.509368896484375 0.34002685546875
0.407501220703125 -0.09161376953125 -0.17950439453125 0.4007568359375
0.40350341796875 -0.3087158203125 0.027587890625 0.252288818359375
0.285888671875 -0.39666748046875 0.0433578491210938 0.126502990722656
0.289764404296875 -0.349151611328125 -0.00142097473144529 0.0127162933349609
0.346466064453125 -0.36126708984375 0.00733947753906252 -0.0775146484375
0.43768310546875 -0.24969482421875 0.0971450805664063 -0.132575988769531
0.477691650390625 -0.052093505859375 0.201950073242188 -0.12274169921875
0.4859619140625 0.090301513671875 0.339569091796875 -0.062835693359375
0.36492919921875 0.2664794921875 0.4140625 0.14617919921875
0.35528564453125 0.319488525390625 0.3814697265625 0.28173828125
0.44268798828125 0.3115234375 0.126899719238281 0.104499816894531
0.48699951171875 0.07177734375 0.133056640625 0.269256591796875
0.34051513671875 -0.02667236328125 -0.177169799804687 -0.1917724609375
0.192337036132812 0.03253173828125 -0.586181640625 0.0229492187500001
0.2635498046875 0.08251953125 -0.474365234375 0.40008544921875
0.32611083984375 -0.031341552734375 -0.20989990234375 0.453704833984375
0.367584228515625 -0.243743896484375 -0.043731689453125 0.369873046875
0.264373779296875 -0.343963623046875 -0.026397705078125 0.287200927734375
0.25750732421875 -0.311248779296875 -0.06158447265625 0.175949096679687
0.324798583984375 -0.317413330078125 -0.0638465881347656 0.0698013305664062
0.406982421875 -0.195343017578125 0.00358390808105471 -0.0146751403808594
0.419464111328125 0.006622314453125 0.130538940429688 -0.0383987426757812
0.383148193359375 0.148193359375 0.3009033203125 0.00656127929687501
0.212066650390625 0.242843627929688 0.412445068359375 0.24322509765625
0.230148315429688 0.19842529296875 0.42633056640625 0.42486572265625
0.387115478515625 0.162017822265625 0.208419799804688 0.254318237304688
0.338104248046875 -0.117584228515625 0.214324951171875 0.32025146484375
0.116928100585938 -0.14495849609375 -0.138557434082031 -0.0848236083984375
-0.0110664367675781 0.0251216888427734 -0.4871826171875 0.0973510742187499
0.106765747070313 0.132499694824219 -0.417144775390625 0.408477783203125
0.217803955078125 0.041107177734375 -0.233734130859375 0.45843505859375
0.289031982421875 -0.14300537109375 -0.11419677734375 0.45196533203125
0.206207275390625 -0.238372802734375 -0.09088134765625 0.416595458984375
0.18768310546875 -0.2283935546875 -0.110992431640625 0.312255859375
0.255203247070313 -0.228836059570313 -0.126220703125 0.190826416015625
0.312225341796875 -0.117645263671875 -0.0857620239257812 0.074554443359375
0.291900634765625 0.053619384765625 0.0627784729003906 0.01129150390625
0.209426879882813 0.162811279296875 0.258575439453125 0.0469818115234375
0.0336456298828125 0.142440795898438 0.40509033203125 0.32073974609375
0.09674072265625 0.0112075805664063 0.439727783203125 0.5390625
0.30438232421875 -0.028594970703125 0.2724609375 0.355224609375
0.134765625 -0.28509521484375 0.249542236328125 0.334075927734375
-0.120132446289063 -0.217147827148437 -0.117713928222656 -0.00729370117187499
-0.188949584960938 0.0350189208984375 -0.39520263671875 0.12939453125
-0.0368499755859375 0.163589477539063 -0.37005615234375 0.370758056640625
0.0954666137695313 0.0996322631835938 -0.257232666015625 0.4276123046875
0.175430297851563 -0.02740478515625 -0.175048828125 0.49151611328125
0.11749267578125 -0.097412109375 -0.137542724609375 0.494476318359375
0.092620849609375 -0.110870361328125 -0.141632080078125 0.40008544921875
0.149551391601562 -0.111129760742188 -0.16802978515625 0.26947021484375
0.171524047851563 -0.028350830078125 -0.154434204101563 0.126968383789062
0.1202392578125 0.0821762084960938 0.0142269134521484 0.02325439453125
0.00609588623046874 0.127365112304688 0.236236572265625 0.0508270263671875
-0.129371643066406 -0.014923095703125 0.417083740234375 0.37042236328125
-0.016448974609375 -0.204757690429688 0.4310302734375 0.60833740234375
0.203125 -0.227340698242188 0.314178466796875 0.3841552734375
0.039398193359375 0.385833740234375 -0.385345458984375 -0.27874755859375
0.178070068359375 0.374359130859375 -0.5042724609375 -0.561065673828125
0.28668212890625 0.15667724609375 -0.517974853515625 -0.2052001953125
0.206619262695313 -0.0480804443359375 -0.229751586914063 0.0315399169921875
0.0720367431640625 -0.0814666748046875 0.05712890625 0.0358428955078125
-0.00260543823242187 -0.0563087463378906 0.198760986328125 -0.15045166015625
-0.000480651855468747 -0.0388221740722656 0.17938232421875 -0.353912353515625
0.0296783447265625 -0.0380935668945313 0.112518310546875 -0.465240478515625
-0.00102615356445312 -0.0542221069335937 0.10601806640625 -0.519622802734375
-0.010528564453125 -0.09051513671875 0.18756103515625 -0.50799560546875
0.0246963500976562 -0.130104064941406 0.221588134765625 -0.44921875
0.137374877929688 -0.177001953125 0.290771484375 -0.341552734375
0.30255126953125 -0.013671875 0.34295654296875 -0.147705078125
0.269393920898438 0.231491088867188 0.0517807006835938 -0.0803604125976562
0.137176513671875 0.273040771484375 -0.255859375 -0.453887939453125
0.220733642578125 0.465667724609375 -0.334381103515625 -0.176483154296875
0.32196044921875 0.43743896484375 -0.4652099609375 -0.540008544921875
0.41357421875 0.2349853515625 -0.59466552734375 -0.2022705078125
0.385345458984375 0.003814697265625 -0.304046630859375 0.09466552734375
0.247634887695313 -0.113555908203125 0.0280609130859375 0.10107421875
0.149948120117188 -0.183319091796875 0.19635009765625 -0.119705200195313
0.093536376953125 -0.198928833007813 0.170867919921875 -0.315826416015625
0.12255859375 -0.17962646484375 0.099029541015625 -0.41998291015625
0.112197875976563 -0.201812744140625 0.103546142578125 -0.475555419921875
0.137100219726563 -0.197463989257813 0.20306396484375 -0.47100830078125
0.184036254882813 -0.160873413085938 0.2470703125 -0.402313232421875
0.279937744140625 -0.157089233398438 0.310089111328125 -0.297210693359375
0.404052734375 0.033111572265625 0.33367919921875 -0.1173095703125
0.4051513671875 0.27911376953125 0.1080322265625 -0.0559158325195312
0.3216552734375 0.35491943359375 -0.2003173828125 -0.36395263671875
0.39892578125 0.45684814453125 -0.239349365234375 -0.0501708984375
0.452880859375 0.39178466796875 -0.402374267578125 -0.482452392578125
0.489898681640625 0.221038818359375 -0.66082763671875 -0.173583984375
0.493804931640625 0.017120361328125 -0.39404296875 0.1810302734375
0.37603759765625 -0.14410400390625 -0.0296173095703125 0.1956787109375
0.274993896484375 -0.29144287109375 0.162826538085938 -0.0339202880859375
0.1729736328125 -0.330718994140625 0.145172119140625 -0.213851928710938
0.19708251953125 -0.294891357421875 0.07421875 -0.313873291015625
0.209381103515625 -0.32000732421875 0.08477783203125 -0.375701904296875
0.27313232421875 -0.277359008789063 0.189971923828125 -0.3900146484375
0.334503173828125 -0.168487548828125 0.25048828125 -0.334381103515625
0.41229248046875 -0.1075439453125 0.33062744140625 -0.242767333984375
0.465576171875 0.10540771484375 0.35662841796875 -0.062835693359375
0.473785400390625 0.31719970703125 0.19720458984375 0.0125579833984375
0.442169189453125 0.386566162109375 -0.102874755859375 -0.2344970703125
0.532012939453125 0.365020751953125 -0.110755920410156 0.0767059326171875
0.5294189453125 0.258056640625 -0.328521728515625 -0.397003173828125
0.48748779296875 0.141815185546875 -0.68853759765625 -0.10980224609375
0.504241943359375 0.003936767578125 -0.45782470703125 0.28729248046875
0.4285888671875 -0.158355712890625 -0.0921630859375 0.31036376953125
0.35198974609375 -0.35205078125 0.1119384765625 0.0979385375976562
0.22662353515625 -0.409912109375 0.105461120605469 -0.0616607666015625
0.242950439453125 -0.364593505859375 0.0414886474609375 -0.164840698242188
0.2799072265625 -0.38897705078125 0.0466766357421875 -0.235626220703125
0.3712158203125 -0.311859130859375 0.147140502929688 -0.274398803710937
0.440521240234375 -0.148895263671875 0.229324340820313 -0.244033813476563
0.496826171875 -0.038726806640625 0.33929443359375 -0.175689697265625
0.46856689453125 0.183135986328125 0.39361572265625 0.013702392578125
0.467376708984375 0.331787109375 0.30865478515625 0.114044189453125
0.492462158203125 0.36248779296875 0.0200729370117188 -0.074188232421875
0.56658935546875 0.20977783203125 0.0316925048828125 0.181732177734375
0.49151611328125 0.09075927734375 -0.25518798828125 -0.29034423828125
0.37890625 0.056182861328125 -0.66058349609375 -0.0142822265625001
0.41943359375 0.014007568359375 -0.469390869140625 0.386688232421875
0.40252685546875 -0.129058837890625 -0.13641357421875 0.4100341796875
0.37347412109375 -0.34783935546875 0.052093505859375 0.241195678710938
0.2442626953125 -0.425140380859375 0.0557327270507813 0.113502502441406
0.25103759765625 -0.38092041015625 -0.0017266273498535 0.00815820693969724
0.308624267578125 -0.400054931640625 -0.00362396240234374 -0.0761032104492188
0.411956787109375 -0.296295166015625 0.079559326171875 -0.139884948730469
0.474395751953125 -0.099395751953125 0.1839599609375 -0.142135620117188
0.496490478515625 0.041900634765625 0.327911376953125 -0.095245361328125
0.38897705078125 0.235321044921875 0.4229736328125 0.109466552734375
0.383758544921875 0.2923583984375 0.40570068359375 0.2462158203125
0.471038818359375 0.276092529296875 0.134841918945313 0.09356689453125
0.491424560546875 0.030120849609375 0.158767700195313 0.258941650390625
0.33184814453125 -0.055206298828125 -0.192550659179687 -0.173797607421875
0.194305419921875 0.0209503173828125 -0.58050537109375 0.0822753906250001
0.276535034179688 0.0612030029296875 -0.428863525390625 0.44366455078125
0.3282470703125 -0.062042236328125 -0.163970947265625 0.4681396484375
0.344451904296875 -0.280975341796875 -0.0091552734375 0.3658447265625
0.2288818359375 -0.37213134765625 0.000579833984375034 0.282196044921875
0.224334716796875 -0.342376708984375 -0.044586181640625 0.177490234375
0.290374755859375 -0.355438232421875 -0.0602645874023437 0.0771942138671874
0.388214111328125 -0.238983154296875 -0.00242805480957029 -0.0131635665893555
0.422760009765625 -0.03564453125 0.120536804199219 -0.052520751953125
0.3997802734375 0.1103515625 0.29486083984375 -0.023345947265625
0.233718872070313 0.226715087890625 0.430084228515625 0.20751953125
0.246383666992188 0.18212890625 0.464874267578125 0.38690185546875
0.401123046875 0.130035400390625 0.229751586914063 0.237457275390625
0.323638916015625 -0.148681640625 0.24591064453125 0.303985595703125
0.09747314453125 -0.150558471679688 -0.1434326171875 -0.0677490234375
-0.00919914245605469 0.0323963165283203 -0.472991943359375 0.145721435546875
0.124412536621094 0.125389099121094 -0.37347412109375 0.445465087890625
0.227066040039062 0.0217437744140625 -0.18719482421875 0.4765625
0.277725219726563 -0.174560546875 -0.0698852539062499 0.45635986328125
0.18023681640625 -0.260269165039063 -0.0501708984375 0.42108154296875
0.162765502929687 -0.250778198242188 -0.080108642578125 0.319976806640625
0.229934692382812 -0.260772705078125 -0.1097412109375 0.205474853515625
0.302276611328125 -0.1522216796875 -0.0826797485351563 0.0865631103515625
0.299530029296875 0.02484130859375 0.0572738647460938 0.00439453125
0.22869873046875 0.140823364257812 0.254531860351563 0.0212554931640625
0.046478271484375 0.142105102539063 0.430450439453125 0.286346435546875
0.0949478149414063 0.0053558349609375 0.488677978515625 0.501251220703125
0.30010986328125 -0.057647705078125 0.3021240234375 0.333740234375
0.104278564453125 -0.298828125 0.282867431640625 0.31536865234375
-0.1461181640625 -0.200592041015625 -0.114219665527344 0.00874328613281247
-0.184249877929687 0.0565643310546875 -0.3773193359375 0.1697998046875
-0.01763916015625 0.168563842773438 -0.32952880859375 0.40435791015625
0.109611511230469 0.0914993286132812 -0.2147216796875 0.4464111328125
0.174636840820312 -0.049102783203125 -0.127349853515625 0.5035400390625
0.105453491210938 -0.110855102539063 -0.08984375 0.504913330078125
0.0771255493164063 -0.123275756835938 -0.100860595703125 0.411590576171875
0.136627197265625 -0.131233215332031 -0.1424560546875 0.2886962890625
0.17071533203125 -0.048797607421875 -0.144500732421875 0.147552490234375
0.131050109863281 0.0708236694335938 0.00864028930664064 0.0216865539550781
0.0213165283203125 0.126556396484375 0.23291015625 0.0277099609375
-0.130317687988281 -0.00180816650390623 0.447540283203125 0.331329345703125
-0.0386199951171875 -0.202377319335938 0.488525390625 0.57275390625
0.17901611328125 -0.249252319335937 0.347137451171875 0.359375
0.06982421875 0.3704833984375 -0.393890380859375 -0.239990234375
0.20648193359375 0.348236083984375 -0.53167724609375 -0.5
0.288360595703125 0.12701416015625 -0.513580322265625 -0.15447998046875
0.192169189453125 -0.0634002685546875 -0.211685180664063 0.0438995361328125
0.0605545043945313 -0.0845413208007813 0.0640754699707031 0.0216255187988281
-0.009185791015625 -0.0507621765136719 0.18304443359375 -0.169830322265625
-0.0020904541015625 -0.0343971252441406 0.142242431640625 -0.36199951171875
0.0252914428710938 -0.0389976501464844 0.064178466796875 -0.45965576171875
-0.00710678100585938 -0.0504875183105469 0.057952880859375 -0.50677490234375
-0.0180282592773438 -0.0839462280273437 0.13690185546875 -0.50274658203125
0.012176513671875 -0.125831604003906 0.175140380859375 -0.449462890625
0.113739013671875 -0.182159423828125 0.24884033203125 -0.354766845703125
0.290252685546875 -0.040313720703125 0.31451416015625 -0.175140380859375
0.28173828125 0.200347900390625 0.03961181640625 -0.0819778442382812
0.153762817382812 0.254302978515625 -0.285919189453125 -0.421112060546875
0.252197265625 0.433624267578125 -0.333953857421875 -0.14459228515625
0.34857177734375 0.398773193359375 -0.492645263671875 -0.48394775390625
0.417236328125 0.1953125 -0.58721923828125 -0.14373779296875
0.36993408203125 -0.028076171875 -0.276870727539063 0.111404418945313
0.228378295898438 -0.1304931640625 0.0416336059570313 0.0867843627929687
0.127212524414063 -0.187652587890625 0.180938720703125 -0.14056396484375
0.0729827880859375 -0.196456909179688 0.13604736328125 -0.32708740234375
0.101181030273437 -0.183273315429688 0.055694580078125 -0.41571044921875
0.089019775390625 -0.204483032226562 0.057220458984375 -0.46533203125
0.114852905273438 -0.2012939453125 0.155731201171875 -0.46881103515625
0.165008544921875 -0.1693115234375 0.200653076171875 -0.408172607421875
0.254989624023437 -0.174575805664063 0.269134521484375 -0.313232421875
0.390625 -0.001678466796875 0.308319091796875 -0.1434326171875
0.4173583984375 0.23895263671875 0.096771240234375 -0.06329345703125
0.33880615234375 0.31884765625 -0.22454833984375 -0.33807373046875
0.42388916015625 0.41033935546875 -0.231643676757812 -0.0306243896484375
0.470245361328125 0.344940185546875 -0.42730712890625 -0.433990478515625
0.488616943359375 0.177825927734375 -0.64886474609375 -0.111328125
0.478973388671875 -0.025238037109375 -0.35577392578125 0.202850341796875
0.351898193359375 -0.172088623046875 -0.00650024414062496 0.183639526367188
0.239013671875 -0.303375244140625 0.154296875 -0.055023193359375
0.137908935546875 -0.332244873046875 0.119857788085938 -0.22723388671875
0.162353515625 -0.300506591796875 0.04144287109375 -0.312896728515625
0.171783447265625 -0.327880859375 0.0462646484375 -0.36883544921875
0.239959716796875 -0.2906494140625 0.148651123046875 -0.39141845703125
0.31036376953125 -0.190399169921875 0.210479736328125 -0.3426513671875
0.38848876953125 -0.139190673828125 0.29278564453125 -0.263275146484375
0.457061767578125 0.0660400390625 0.3338623046875 -0.08935546875
0.485931396484375 0.27227783203125 0.189361572265625 -0.00552368164062498
0.458648681640625 0.3404541015625 -0.120513916015625 -0.219039916992187
0.544281005859375 0.312774658203125 -0.0991439819335937 0.0817794799804688
0.53192138671875 0.21099853515625 -0.3492431640625 -0.357421875
0.480926513671875 0.10198974609375 -0.67254638671875 -0.0448608398437499
0.490631103515625 -0.03662109375 -0.4090576171875 0.312713623046875
0.402740478515625 -0.1895751953125 -0.057708740234375 0.30029296875
0.308319091796875 -0.36944580078125 0.116226196289063 0.076019287109375
0.18170166015625 -0.416412353515625 0.09515380859375 -0.0777053833007813
0.200103759765625 -0.375244140625 0.02239990234375 -0.166473388671875
0.23162841796875 -0.401519775390625 0.0218963623046875 -0.229522705078125
0.33123779296875 -0.334503173828125 0.11505126953125 -0.274826049804688
0.415435791015625 -0.180755615234375 0.194717407226563 -0.2542724609375
0.4783935546875 -0.082244873046875 0.30767822265625 -0.1981201171875
0.466522216796875 0.14227294921875 0.37677001953125 -0.018798828125
0.481231689453125 0.287139892578125 0.305511474609375 0.085174560546875
0.506744384765625 0.313385009765625 0.0117721557617188 -0.0730514526367187
0.564453125 0.16058349609375 0.047088623046875 0.173477172851563
0.480712890625 0.052825927734375 -0.268966674804687 -0.25970458984375
0.37066650390625 0.029510498046875 -0.6357421875 0.0458374023437501
0.41033935546875 -0.01971435546875 -0.41326904296875 0.410186767578125
0.38287353515625 -0.15869140625 -0.0926818847656249 0.401214599609375
0.331390380859375 -0.36834716796875 0.0692901611328125 0.219772338867188
0.19757080078125 -0.430206298828125 0.060821533203125 0.096038818359375
0.206268310546875 -0.392364501953125 -0.00303483009338378 0.00364899635314939
0.25799560546875 -0.4156494140625 -0.0134735107421875 -0.0714187622070313
0.373046875 -0.325408935546875 0.0601882934570313 -0.140083312988281
0.451416015625 -0.13592529296875 0.159698486328125 -0.1527099609375
0.48516845703125 -0.004547119140625 0.302276611328125 -0.11956787109375
0.39385986328125 0.200286865234375 0.411834716796875 0.073028564453125
0.395721435546875 0.257415771484375 0.409698486328125 0.207122802734375
0.48028564453125 0.229400634765625 0.136566162109375 0.0809783935546875
0.475311279296875 -0.00848388671875 0.176803588867188 0.237991333007813
0.313934326171875 -0.074310302734375 -0.1971435546875 -0.15032958984375
0.1898193359375 0.0100555419921875 -0.5489501953125 0.1300048828125
0.277206420898438 0.0384368896484375 -0.36993408203125 0.46234130859375
0.31866455078125 -0.0855712890625 -0.114532470703125 0.460205078125
0.311614990234375 -0.304473876953125 0.0208740234375001 0.34765625
0.187408447265625 -0.378875732421875 0.0228729248046875 0.264923095703125
0.183013916015625 -0.35150146484375 -0.029388427734375 0.170761108398437
0.2451171875 -0.3726806640625 -0.0542755126953125 0.08282470703125
0.354339599609375 -0.268218994140625 -0.00775814056396482 -0.00864648818969728
0.405517578125 -0.071319580078125 0.105903625488281 -0.05938720703125
0.3975830078125 0.070404052734375 0.2750244140625 -0.047149658203125
0.244049072265625 0.202972412109375 0.428253173828125 0.166290283203125
0.251937866210938 0.161666870117188 0.48004150390625 0.335540771484375
0.397979736328125 0.092559814453125 0.240386962890625 0.213058471679688
0.298187255859375 -0.16839599609375 0.264556884765625 0.276931762695313
0.0784454345703125 -0.1470947265625 -0.139686584472656 -0.0501327514648437
-0.00544357299804688 0.0379905700683594 -0.438446044921875 0.18359375
0.134620666503906 0.113426208496094 -0.316619873046875 0.460205078125
0.227401733398438 0.0017547607421875 -0.138336181640625 0.47088623046875
0.25518798828125 -0.195571899414063 -0.031341552734375 0.44219970703125
0.15008544921875 -0.268341064453125 -0.013427734375 0.404998779296875
0.130645751953125 -0.258712768554688 -0.05010986328125 0.312164306640625
0.194320678710937 -0.277587890625 -0.0891571044921875 0.21063232421875
0.279769897460938 -0.177337646484375 -0.0748291015625 0.0956802368164063
0.293212890625 -0.00225830078125 0.0486640930175781 0.00137710571289062
0.233871459960938 0.114715576171875 0.239028930664063 -0.000793457031249993
0.0561599731445312 0.135665893554688 0.43597412109375 0.240936279296875
0.0908660888671875 0.00170135498046875 0.51373291015625 0.446624755859375
0.283477783203125 -0.080535888671875 0.316925048828125 0.30133056640625
0.072845458984375 -0.29736328125 0.30157470703125 0.286346435546875
-0.160736083984375 -0.176162719726562 -0.104690551757813 0.0226593017578125
-0.172225952148438 0.07525634765625 -0.34405517578125 0.1962890625
0.000793457031250018 0.165725708007812 -0.27880859375 0.415374755859375
0.117897033691406 0.0781402587890625 -0.16717529296875 0.447784423828125
0.166229248046875 -0.0670166015625 -0.081085205078125 0.492340087890625
0.0902938842773437 -0.118186950683594 -0.045257568359375 0.49224853515625
0.0605239868164063 -0.127754211425781 -0.061492919921875 0.404052734375
0.116622924804687 -0.144073486328125 -0.112945556640625 0.294708251953125
0.1619873046875 -0.0660858154296875 -0.129196166992188 0.162429809570313
0.134666442871094 0.057220458984375 0.00317955017089844 0.0230293273925781
0.0317459106445313 0.1192626953125 0.21826171875 0.00827026367187501
-0.1258544921875 0.0109024047851563 0.45782470703125 0.284332275390625
-0.05560302734375 -0.19049072265625 0.519134521484375 0.51702880859375
0.149826049804688 -0.257232666015625 0.362060546875 0.323089599609375
0.085968017578125 0.34906005859375 -0.381866455078125 -0.210845947265625
0.218048095703125 0.322265625 -0.527130126953125 -0.45013427734375
0.281707763671875 0.10589599609375 -0.491485595703125 -0.12158203125
0.177520751953125 -0.069244384765625 -0.193466186523438 0.0445556640625
0.0509796142578125 -0.0823440551757813 0.06719970703125 0.00930023193359374
-0.0129318237304688 -0.0446739196777344 0.167999267578125 -0.178314208984375
-0.00259971618652344 -0.0297031402587891 0.113128662109375 -0.35699462890625
0.022369384765625 -0.0357551574707031 0.031402587890625 -0.440155029296875
-0.0117950439453125 -0.0451011657714844 0.025390625 -0.483551025390625
-0.0219650268554688 -0.0764312744140625 0.105743408203125 -0.483673095703125
0.00476837158203124 -0.118980407714844 0.1407470703125 -0.433685302734375
0.09503173828125 -0.178665161132813 0.213287353515625 -0.34857177734375
0.274276733398438 -0.055023193359375 0.284759521484375 -0.186004638671875
0.281890869140625 0.1759033203125 0.0300979614257813 -0.081268310546875
0.159210205078125 0.237274169921875 -0.294219970703125 -0.3878173828125
0.26312255859375 0.40032958984375 -0.32159423828125 -0.12420654296875
0.355743408203125 0.36468505859375 -0.491455078125 -0.437652587890625
0.407470703125 0.1669921875 -0.5625 -0.10711669921875
0.351165771484375 -0.046051025390625 -0.251266479492188 0.11370849609375
0.2100830078125 -0.135528564453125 0.0486526489257813 0.0714645385742187
0.109542846679687 -0.182464599609375 0.166152954101563 -0.151718139648438
0.0589447021484375 -0.1890869140625 0.11004638671875 -0.3255615234375
0.08551025390625 -0.178741455078125 0.02520751953125 -0.39874267578125
0.071136474609375 -0.1981201171875 0.028717041015625 -0.444366455078125
0.09844970703125 -0.196853637695313 0.121185302734375 -0.452667236328125
0.149307250976563 -0.169418334960938 0.166778564453125 -0.396331787109375
0.231842041015625 -0.17919921875 0.235504150390625 -0.3101806640625
0.37164306640625 -0.02093505859375 0.280624389648438 -0.1534423828125
0.412353515625 0.207794189453125 0.0858230590820313 -0.065948486328125
0.339263916015625 0.29052734375 -0.232940673828125 -0.3114013671875
0.426239013671875 0.3714599609375 -0.219085693359375 -0.0193634033203125
0.468109130859375 0.307525634765625 -0.426483154296875 -0.39453125
0.475799560546875 0.148223876953125 -0.61920166015625 -0.0715942382812501
0.45623779296875 -0.048126220703125 -0.320526123046875 0.205230712890625
0.326416015625 -0.181732177734375 0.00700378417968753 0.16656494140625
0.210296630859375 -0.297882080078125 0.144195556640625 -0.0684661865234375
0.11346435546875 -0.320556640625 0.0990142822265625 -0.230865478515625
0.135345458984375 -0.294586181640625 0.018280029296875 -0.302154541015625
0.14306640625 -0.32183837890625 0.023651123046875 -0.351654052734375
0.211700439453125 -0.289520263671875 0.11737060546875 -0.37744140625
0.287567138671875 -0.197357177734375 0.177947998046875 -0.3350830078125
0.361541748046875 -0.15277099609375 0.260299682617188 -0.264434814453125
0.437347412109375 0.04150390625 0.308013916015625 -0.10308837890625
0.480682373046875 0.2396240234375 0.177078247070313 -0.0148773193359375
0.454498291015625 0.30389404296875 -0.127517700195312 -0.203933715820312
0.53277587890625 0.270843505859375 -0.0871124267578125 0.0821151733398438
0.517608642578125 0.17791748046875 -0.3487548828125 -0.3233642578125
0.462310791015625 0.078460693359375 -0.63665771484375 -0.00640869140624995
0.469818115234375 -0.058441162109375 -0.366851806640625 0.313018798828125
0.376739501953125 -0.201446533203125 -0.03460693359375 0.28143310546875
0.274200439453125 -0.366851806640625 0.113456726074219 0.0587005615234375
0.149261474609375 -0.403411865234375 0.0819091796875 -0.0880050659179688
0.166961669921875 -0.367828369140625 0.00805664062500001 -0.162384033203125
0.195159912109375 -0.39727783203125 0.0065765380859375 -0.21771240234375
0.298095703125 -0.338836669921875 0.091888427734375 -0.26611328125
0.388427734375 -0.194183349609375 0.167205810546875 -0.25091552734375
0.451385498046875 -0.1025390625 0.2763671875 -0.204345703125
0.450439453125 0.11553955078125 0.35321044921875 -0.035186767578125
0.475128173828125 0.25537109375 0.29248046875 0.06610107421875
0.497772216796875 0.27587890625 0.00452423095703128 -0.0706253051757812
0.547271728515625 0.12554931640625 0.0566253662109375 0.16265869140625
0.460906982421875 0.029632568359375 -0.266616821289063 -0.234100341796875
0.35546875 0.015167236328125 -0.599365234375 0.0775146484375001
0.394561767578125 -0.0396728515625 -0.363494873046875 0.406005859375
0.36187744140625 -0.17132568359375 -0.06353759765625 0.380828857421875
0.29638671875 -0.36920166015625 0.076385498046875 0.198959350585938
0.16424560546875 -0.42236328125 0.0594863891601563 0.0801239013671875
0.1717529296875 -0.385162353515625 -0.00702428817749022 -0.00021457672119143
0.21820068359375 -0.41253662109375 -0.0182914733886719 -0.0653457641601563
0.3360595703125 -0.333160400390625 0.0469818115234375 -0.133888244628906
0.425811767578125 -0.154205322265625 0.137619018554688 -0.152206420898437
0.461273193359375 -0.030548095703125 0.274734497070313 -0.129531860351562
0.38519287109375 0.174530029296875 0.391204833984375 0.05145263671875
0.390533447265625 0.230682373046875 0.398345947265625 0.1776123046875
0.468597412109375 0.19757080078125 0.13232421875 0.071319580078125
0.451934814453125 -0.030609130859375 0.182342529296875 0.219940185546875
0.29376220703125 -0.081512451171875 -0.191757202148437 -0.132476806640625
0.18231201171875 0.006011962890625 -0.509613037109375 0.153839111328125
0.270599365234375 0.0236358642578125 -0.321563720703125 0.45513916015625
0.30389404296875 -0.099334716796875 -0.082427978515625 0.437713623046875
0.2816162109375 -0.309234619140625 0.037139892578125 0.3236083984375
0.1566162109375 -0.37200927734375 0.0322418212890625 0.245590209960937
0.1505126953125 -0.345977783203125 -0.021484375 0.160629272460937
0.207672119140625 -0.371063232421875 -0.0476303100585937 0.083740234375
0.32098388671875 -0.278594970703125 -0.00984001159667967 -0.00472259521484377
0.386566162109375 -0.09014892578125 0.091583251953125 -0.0607681274414063
0.38238525390625 0.045257568359375 0.251968383789063 -0.0576324462890625
0.242630004882813 0.184860229492188 0.41278076171875 0.139556884765625
0.248123168945312 0.14697265625 0.473602294921875 0.2969970703125
0.382354736328125 0.07000732421875 0.238006591796875 0.193771362304688
0.2735595703125 -0.174026489257813 0.270278930664062 0.25311279296875
0.0664215087890625 -0.138442993164063 -0.129913330078125 -0.0382537841796875
-0.00134658813476562 0.0415763854980469 -0.4029541015625 0.197998046875
0.13836669921875 0.1024169921875 -0.27117919921875 0.45245361328125
0.222274780273437 -0.0103759765625 -0.104705810546875 0.452178955078125
0.23419189453125 -0.204513549804688 -0.00842285156249995 0.4178466796875
0.126754760742188 -0.264907836914063 0.00674438476562503 0.382171630859375
0.10675048828125 -0.253509521484375 -0.032928466796875 0.29638671875
0.165390014648437 -0.278900146484375 -0.0733642578125 0.208282470703125
0.256072998046875 -0.188522338867188 -0.0680999755859375 0.0999374389648437
0.2813720703125 -0.01849365234375 0.0403480529785156 0.00110626220703125
0.2296142578125 0.0959930419921875 0.220230102539063 -0.011444091796875
0.0605545043945313 0.12969970703125 0.424713134765625 0.208160400390625
0.085205078125 0.00098419189453125 0.5106201171875 0.40057373046875
0.264205932617187 -0.090301513671875 0.315399169921875 0.27496337890625
0.05181884765625 -0.287353515625 0.303466796875 0.26123046875
-0.162765502929688 -0.153366088867188 -0.0933074951171875 0.0305557250976562
-0.158248901367188 0.08294677734375 -0.31268310546875 0.20587158203125
0.0124969482421875 0.159210205078125 -0.240234375 0.40802001953125
0.12066650390625 0.0666656494140625 -0.1348876953125 0.4307861328125
0.156768798828125 -0.0785064697265625 -0.05047607421875 0.471282958984375
0.0786285400390625 -0.119651794433594 -0.01629638671875 0.467926025390625
0.0469436645507812 -0.124755859375 -0.036956787109375 0.383270263671875
0.0998077392578125 -0.147186279296875 -0.0906982421875 0.290191650390625
0.15185546875 -0.075469970703125 -0.115158081054688 0.167098999023438
0.134300231933594 0.0474777221679688 -0.00205039978027343 0.0253658294677734
0.0383529663085937 0.111892700195313 0.200439453125 -0.00167846679687499
-0.119819641113281 0.0180587768554687 0.449188232421875 0.2467041015625
-0.0647735595703125 -0.17633056640625 0.521331787109375 0.466461181640625
0.127105712890625 -0.254074096679688 0.358062744140625 0.29290771484375
0.088958740234375 0.335235595703125 -0.36798095703125 -0.199554443359375
0.220611572265625 0.307373046875 -0.5137939453125 -0.42376708984375
0.275283813476563 0.096588134765625 -0.472320556640625 -0.10858154296875
0.169387817382813 -0.070556640625 -0.181991577148438 0.0398101806640625
0.0458297729492187 -0.0789337158203125 0.0681114196777344 -0.000434875488281255
-0.0144920349121094 -0.03955078125 0.159805297851563 -0.184555053710937
-0.00264739990234375 -0.027130126953125 0.09814453125 -0.35101318359375
0.0213699340820313 -0.0332241058349609 0.016571044921875 -0.422210693359375
-0.0135765075683594 -0.0401268005371094 0.012969970703125 -0.463287353515625
-0.0237579345703125 -0.0705642700195313 0.09112548828125 -0.465850830078125
0.00301361083984374 -0.114341735839844 0.1251220703125 -0.41937255859375
0.08642578125 -0.173782348632813 0.19537353515625 -0.337432861328125
0.262405395507813 -0.0599365234375 0.265945434570313 -0.186065673828125
0.2783203125 0.16455078125 0.02496337890625 -0.0779953002929688
0.157501220703125 0.228729248046875 -0.29510498046875 -0.37017822265625
0.26025390625 0.382415771484375 -0.307586669921875 -0.116607666015625
0.352935791015625 0.347320556640625 -0.478973388671875 -0.4139404296875
0.398895263671875 0.155670166015625 -0.53997802734375 -0.092803955078125
0.3382568359375 -0.051605224609375 -0.234725952148438 0.107131958007813
0.198959350585937 -0.135009765625 0.0519180297851563 0.0600967407226563
0.1002197265625 -0.1756591796875 0.158157348632813 -0.158981323242188
0.0530548095703125 -0.1810302734375 0.094970703125 -0.32281494140625
0.0778656005859375 -0.17352294921875 0.010955810546875 -0.3851318359375
0.062103271484375 -0.19134521484375 0.01690673828125 -0.424957275390625
0.0900115966796875 -0.190765380859375 0.106903076171875 -0.437469482421875
0.141891479492188 -0.165603637695313 0.1505126953125 -0.383087158203125
0.218887329101563 -0.176971435546875 0.216552734375 -0.302093505859375
0.358245849609375 -0.025482177734375 0.263168334960938 -0.153579711914063
0.406005859375 0.19561767578125 0.0784378051757813 -0.065826416015625
0.332244873046875 0.277923583984375 -0.23248291015625 -0.298004150390625
0.416961669921875 0.350921630859375 -0.208343505859375 -0.0172576904296875
0.460601806640625 0.291351318359375 -0.41632080078125 -0.373779296875
0.46319580078125 0.139007568359375 -0.59613037109375 -0.05712890625
0.442352294921875 -0.05621337890625 -0.30072021484375 0.197174072265625
0.312591552734375 -0.183135986328125 0.01336669921875 0.153640747070313
0.195587158203125 -0.292083740234375 0.138114929199219 -0.07659912109375
0.100830078125 -0.311065673828125 0.085784912109375 -0.2320556640625
0.12353515625 -0.287139892578125 0.006744384765625 -0.291778564453125
0.1285400390625 -0.31341552734375 0.0135498046875 -0.33563232421875
0.1983642578125 -0.284423828125 0.103759765625 -0.3643798828125
0.27569580078125 -0.195999145507813 0.1611328125 -0.325531005859375
0.346099853515625 -0.154449462890625 0.241790771484375 -0.258010864257813
0.42327880859375 0.035400390625 0.292572021484375 -0.10382080078125
0.47137451171875 0.22705078125 0.168304443359375 -0.01776123046875
0.44512939453125 0.2882080078125 -0.128250122070312 -0.195877075195312
0.519439697265625 0.25274658203125 -0.0800018310546875 0.0784530639648438
0.505950927734375 0.1639404296875 -0.340484619140625 -0.3079833984375
0.450347900390625 0.072052001953125 -0.612060546875 0.00616455078125013
0.454833984375 -0.0660400390625 -0.3426513671875 0.302520751953125
0.362152099609375 -0.2015380859375 -0.0245361328125 0.265579223632813
0.2576904296875 -0.359649658203125 0.110977172851563 0.0460662841796875
0.13348388671875 -0.39190673828125 0.0729751586914063 -0.092926025390625
0.1513671875 -0.3587646484375 -0.000701904296874975 -0.158950805664063
0.17681884765625 -0.387542724609375 0.00103759765625002 -0.207962036132813
0.278167724609375 -0.33477783203125 0.0804595947265625 -0.256210327148438
0.37335205078125 -0.196563720703125 0.151443481445313 -0.243499755859375
0.433563232421875 -0.10992431640625 0.257431030273438 -0.200164794921875
0.437225341796875 0.106109619140625 0.33673095703125 -0.03717041015625
0.465423583984375 0.242218017578125 0.281524658203125 0.057952880859375
0.48748779296875 0.2596435546875 0.000980377197265661 -0.0683517456054687
0.530426025390625 0.11187744140625 0.05926513671875 0.154586791992188
0.447235107421875 0.024322509765625 -0.257797241210938 -0.222305297851562
0.34515380859375 0.014678955078125 -0.57244873046875 0.0867919921875001
0.3851318359375 -0.045745849609375 -0.336883544921875 0.395050048828125
0.349884033203125 -0.17425537109375 -0.0499267578125 0.363128662109375
0.278167724609375 -0.365325927734375 0.0774078369140625 0.183731079101562
0.147705078125 -0.4093017578125 0.0551223754882813 0.0698127746582031
0.15362548828125 -0.3748779296875 -0.0102739334106445 -0.00280952453613283
0.197540283203125 -0.405029296875 -0.0188522338867187 -0.0609130859375
0.31585693359375 -0.331268310546875 0.0392990112304688 -0.127616882324219
0.409637451171875 -0.158843994140625 0.124649047851563 -0.146392822265625
0.44586181640625 -0.039642333984375 0.25628662109375 -0.127761840820313
0.374664306640625 0.165924072265625 0.37548828125 0.044830322265625
0.38348388671875 0.2208251953125 0.387237548828125 0.164825439453125
0.45556640625 0.1842041015625 0.12713623046875 0.0677490234375
0.435943603515625 -0.03631591796875 0.182891845703125 0.209197998046875
0.28302001953125 -0.07952880859375 -0.184478759765625 -0.125259399414063
0.17767333984375 0.00787353515625 -0.481903076171875 0.156768798828125
0.26763916015625 0.018402099609375 -0.294921875 0.4415283203125
0.296630859375 -0.102935791015625 -0.068084716796875 0.419769287109375
0.26611328125 -0.3092041015625 0.04144287109375 0.306396484375
0.1414794921875 -0.36285400390625 0.0326080322265625 0.230499267578125
0.13323974609375 -0.3375244140625 -0.020599365234375 0.152847290039062
0.188690185546875 -0.363677978515625 -0.044036865234375 0.083465576171875
0.303741455078125 -0.280548095703125 -0.0118045806884765 -0.000877380371093768
0.3739013671875 -0.09576416015625 0.0813140869140625 -0.057281494140625
0.3714599609375 0.03326416015625 0.23590087890625 -0.05877685546875
0.237548828125 0.177581787109375 0.39697265625 0.129791259765625
0.243377685546875 0.142684936523438 0.4610595703125 0.278717041015625
0.3707275390625 0.062225341796875 0.230850219726563 0.184738159179688
0.26031494140625 -0.17254638671875 0.266372680664063 0.241714477539063
0.0615615844726563 -0.130134582519531 -0.121177673339844 -0.0335769653320313
0.0012054443359375 0.0448493957519531 -0.3790283203125 0.19805908203125
0.140556335449219 0.0987167358398438 -0.247467041015625 0.4384765625
0.219406127929688 -0.0166778564453125 -0.08953857421875 0.4334716796875
0.223358154296875 -0.207733154296875 0.000549316406250031 0.39996337890625
0.115249633789063 -0.260208129882813 0.011749267578125 0.365631103515625
0.0937347412109375 -0.2474365234375 -0.02667236328125 0.2850341796875
0.14990234375 -0.275177001953125 -0.0648345947265625 0.20489501953125
0.243194580078125 -0.191864013671875 -0.0639190673828125 0.102928161621094
0.274520874023437 -0.02349853515625 0.0326576232910156 0.00494575500488281
0.224990844726562 0.0878753662109375 0.205551147460937 -0.0131378173828125
0.0608901977539062 0.127471923828125 0.4110107421875 0.19476318359375
0.0812835693359375 0.0038604736328125 0.501556396484375 0.377838134765625
0.251495361328125 -0.091552734375 0.307525634765625 0.26275634765625
0.0431365966796875 -0.278030395507813 0.300537109375 0.24993896484375
-0.15948486328125 -0.140716552734375 -0.083251953125 0.0338668823242187
-0.149215698242187 0.08526611328125 -0.290985107421875 0.20343017578125
0.018646240234375 0.155426025390625 -0.21844482421875 0.395599365234375
0.12176513671875 0.0606613159179688 -0.120635986328125 0.414398193359375
0.149887084960937 -0.08544921875 -0.039886474609375 0.451171875
0.0721969604492187 -0.118461608886719 -0.00619506835937498 0.451904296875
0.039794921875 -0.120780944824219 -0.02789306640625 0.3717041015625
0.089599609375 -0.147750854492188 -0.078399658203125 0.28485107421875
0.146484375 -0.080291748046875 -0.106460571289062 0.17071533203125
0.134231567382813 0.0427093505859375 -0.00730323791503906 0.0289859771728516
0.040771484375 0.107612609863281 0.185638427734375 -0.00216674804687499
-0.115257263183594 0.0216293334960937 0.436676025390625 0.2279052734375
-0.0669097900390625 -0.167205810546875 0.5126953125 0.441314697265625
0.115814208984375 -0.247726440429688 0.34808349609375 0.28125
0.0892333984375 0.33306884765625 -0.361968994140625 -0.1986083984375
0.225494384765625 0.304473876953125 -0.510345458984375 -0.41937255859375
0.275558471679688 0.0927886962890625 -0.46441650390625 -0.10516357421875
0.1668701171875 -0.0722808837890625 -0.178070068359375 0.03472900390625
0.0436859130859375 -0.0781326293945312 0.0691566467285156 -0.00864791870117188
-0.0145721435546875 -0.0349006652832031 0.15728759765625 -0.193954467773438
-0.00214767456054687 -0.0245952606201172 0.089508056640625 -0.354217529296875
0.0215568542480469 -0.0322322845458984 0.00827026367187504 -0.415985107421875
-0.0144805908203125 -0.0360565185546875 0.00869750976562501 -0.457794189453125
-0.0254631042480469 -0.0676460266113281 0.086944580078125 -0.461151123046875
0.00224304199218751 -0.114173889160156 0.118408203125 -0.41326904296875
0.0810089111328125 -0.172225952148438 0.1871337890625 -0.33624267578125
0.261184692382812 -0.0628662109375 0.257431030273438 -0.189376831054688
0.282012939453125 0.161956787109375 0.02117919921875 -0.077880859375
0.158920288085938 0.23016357421875 -0.298919677734375 -0.366302490234375
0.26080322265625 0.37969970703125 -0.3031005859375 -0.11627197265625
0.358734130859375 0.344085693359375 -0.476715087890625 -0.41058349609375
0.4005126953125 0.15277099609375 -0.5355224609375 -0.0889892578125
0.337127685546875 -0.0555419921875 -0.229339599609375 0.102462768554688
0.1961669921875 -0.135650634765625 0.0546188354492188 0.0516510009765625
0.0973968505859375 -0.17303466796875 0.154953002929688 -0.169036865234375
0.051116943359375 -0.1776123046875 0.0859375 -0.326446533203125
0.075927734375 -0.172286987304688 0.00347900390625001 -0.379913330078125
0.058013916015625 -0.188552856445312 0.011474609375 -0.420806884765625
0.0872802734375 -0.189926147460937 0.099761962890625 -0.43341064453125
0.1414794921875 -0.167098999023438 0.14398193359375 -0.378631591796875
0.215728759765625 -0.177230834960938 0.20904541015625 -0.300201416015625
0.3560791015625 -0.0281982421875 0.255889892578125 -0.15484619140625
0.409576416015625 0.1927490234375 0.07513427734375 -0.0662078857421875
0.334228515625 0.27581787109375 -0.236419677734375 -0.295013427734375
0.415740966796875 0.34674072265625 -0.2042236328125 -0.0187225341796875
0.463775634765625 0.28692626953125 -0.41314697265625 -0.37091064453125
0.465972900390625 0.138763427734375 -0.5889892578125 -0.0540771484374999
0.441864013671875 -0.061065673828125 -0.29266357421875 0.194305419921875
0.3095703125 -0.184478759765625 0.01751708984375 0.146255493164063
0.19049072265625 -0.290679931640625 0.136817932128906 -0.088836669921875
0.097015380859375 -0.306854248046875 0.07769775390625 -0.237350463867188
0.118682861328125 -0.286376953125 -0.000518798828124973 -0.29052734375
0.12139892578125 -0.311767578125 0.00964355468749998 -0.3326416015625
0.192535400390625 -0.28533935546875 0.09576416015625 -0.359893798828125
0.275619506835938 -0.199188232421875 0.152618408203125 -0.322357177734375
0.343597412109375 -0.15576171875 0.233383178710938 -0.258224487304688
0.422332763671875 0.03448486328125 0.285888671875 -0.1033935546875
0.476318359375 0.22430419921875 0.164932250976563 -0.018341064453125
0.4462890625 0.285858154296875 -0.1319580078125 -0.19439697265625
0.51800537109375 0.247589111328125 -0.0761260986328125 0.076812744140625
0.507415771484375 0.162139892578125 -0.33837890625 -0.3072509765625
0.453033447265625 0.073486328125 -0.60675048828125 0.0106201171875
0.45538330078125 -0.071807861328125 -0.333953857421875 0.298675537109375
0.3604736328125 -0.20635986328125 -0.019775390625 0.258636474609375
0.251068115234375 -0.3626708984375 0.11083984375 0.0361175537109375
0.127960205078125 -0.39044189453125 0.0664443969726563 -0.100051879882813
0.144012451171875 -0.35760498046875 -0.00657653808593748 -0.158676147460938
0.166412353515625 -0.38671875 -0.0018310546875 -0.205307006835938
0.27166748046875 -0.337127685546875 0.0740509033203125 -0.253021240234375
0.37225341796875 -0.2012939453125 0.143585205078125 -0.239898681640625
0.430145263671875 -0.112945556640625 0.248611450195313 -0.198989868164063
0.436065673828125 0.107635498046875 0.33135986328125 -0.037445068359375
0.4698486328125 0.24127197265625 0.277969360351563 0.056854248046875
0.487579345703125 0.25653076171875 -0.00133514404296872 -0.0673332214355468
0.52764892578125 0.10858154296875 0.0622406005859375 0.151885986328125
0.448089599609375 0.022857666015625 -0.255722045898437 -0.220916748046875
0.345550537109375 0.016937255859375 -0.5645751953125 0.0888061523437499
0.386444091796875 -0.04962158203125 -0.326141357421875 0.3900146484375
0.349639892578125 -0.17742919921875 -0.045562744140625 0.355438232421875
0.27410888671875 -0.36871337890625 0.0781707763671875 0.17413330078125
0.1417236328125 -0.409942626953125 0.0512199401855469 0.0631675720214844
0.145263671875 -0.3758544921875 -0.0145330429077148 -0.00448894500732424
0.18756103515625 -0.404693603515625 -0.0200119018554687 -0.0586051940917969
0.309478759765625 -0.33563232421875 0.0363311767578125 -0.123672485351563
0.4097900390625 -0.163909912109375 0.118499755859375 -0.1431884765625
0.444366455078125 -0.046478271484375 0.2476806640625 -0.126510620117188
0.37493896484375 0.165130615234375 0.37030029296875 0.04443359375
0.38665771484375 0.22161865234375 0.384246826171875 0.16082763671875
0.4561767578125 0.181854248046875 0.125 0.0675735473632813
0.433074951171875 -0.040679931640625 0.185546875 0.20672607421875
0.2835693359375 -0.078887939453125 -0.179931640625 -0.12396240234375
0.17901611328125 0.0109710693359375 -0.475830078125 0.160308837890625
0.271408081054688 0.016387939453125 -0.283203125 0.439361572265625
0.299713134765625 -0.10675048828125 -0.06158447265625 0.41326904296875
0.263031005859375 -0.315338134765625 0.044158935546875 0.298187255859375
0.135833740234375 -0.3643798828125 0.0326690673828125 0.22491455078125
0.12628173828125 -0.336700439453125 -0.022186279296875 0.150665283203125
0.177947998046875 -0.36676025390625 -0.041229248046875 0.0857620239257812
0.297821044921875 -0.285980224609375 -0.0121059417724609 0.00379848480224608
0.373779296875 -0.100341796875 0.0749664306640625 -0.0533905029296875
0.370758056640625 0.029571533203125 0.22698974609375 -0.0564422607421875
0.23907470703125 0.179031372070313 0.394561767578125 0.126953125
0.244796752929688 0.144134521484375 0.4591064453125 0.2742919921875
0.369110107421875 0.0596923828125 0.230361938476563 0.184249877929688
0.257431030273438 -0.173446655273438 0.270187377929688 0.240234375
0.0608367919921875 -0.126899719238281 -0.115928649902344 -0.0322189331054688
0.00337600708007813 0.0490264892578125 -0.37042236328125 0.199310302734375
0.1456298828125 0.0975189208984375 -0.234649658203125 0.43402099609375
0.223876953125 -0.0199127197265625 -0.083282470703125 0.42816162109375
0.22021484375 -0.214080810546875 0.00387573242187506 0.39154052734375
0.110519409179688 -0.261917114257813 0.015594482421875 0.361907958984375
0.0878448486328125 -0.245864868164063 -0.024871826171875 0.282012939453125
0.141448974609375 -0.277481079101563 -0.0601959228515625 0.206405639648437
0.238616943359375 -0.1981201171875 -0.0618362426757812 0.108734130859375
0.276718139648438 -0.0279083251953125 0.0273838043212891 0.00928497314453125
0.225784301757813 0.0844268798828125 0.196563720703125 -0.0101470947265625
0.062408447265625 0.130241394042969 0.407989501953125 0.191162109375
0.0816421508789062 0.0061187744140625 0.501800537109375 0.371429443359375
0.24945068359375 -0.0929718017578125 0.30609130859375 0.26275634765625
0.039886474609375 -0.277694702148438 0.30419921875 0.24847412109375
-0.159988403320313 -0.13482666015625 -0.076812744140625 0.0350418090820312
-0.145248413085937 0.0884552001953125 -0.282440185546875 0.20355224609375
0.02392578125 0.155349731445312 -0.208251953125 0.392425537109375
0.125831604003906 0.0571670532226562 -0.11297607421875 0.41058349609375
0.147415161132813 -0.0914764404296875 -0.0341796875 0.446746826171875
0.0689697265625 -0.120689392089844 -0.00259399414062504 0.448760986328125
0.0367431640625 -0.119468688964844 -0.024383544921875 0.368682861328125
0.0836944580078125 -0.150009155273438 -0.072479248046875 0.286651611328125
0.145843505859375 -0.0863494873046875 -0.102462768554687 0.177230834960938
0.137413024902344 0.0407333374023438 -0.0118675231933594 0.0358619689941406
0.043304443359375 0.107292175292969 0.177215576171875 7.62939453125066E-05
-0.113548278808594 0.0251846313476563 0.43359375 0.22412109375
-0.069427490234375 -0.163558959960938 0.514434814453125 0.43572998046875
0.111923217773437 -0.247802734375 0.347686767578125 0.28125
0.097015380859375 0.341094970703125 -0.370025634765625 -0.197906494140625
0.243682861328125 0.305023193359375 -0.52691650390625 -0.42083740234375
0.286163330078125 0.08758544921875 -0.472869873046875 -0.0995178222656251
0.167739868164063 -0.0792388916015625 -0.179534912109375 0.0337982177734375
0.0417861938476563 -0.0786514282226563 0.0727462768554688 -0.0172119140625
-0.0164413452148437 -0.0328330993652344 0.154983520507813 -0.212234497070313
-0.000654220581054685 -0.0209217071533203 0.078948974609375 -0.367828369140625
0.0221385955810547 -0.0312347412109375 -0.00256347656250004 -0.420318603515625
-0.0152359008789063 -0.0320510864257812 -0.00109863281249995 -0.46527099609375
-0.0279350280761719 -0.0664863586425781 0.0776977539062501 -0.46923828125
-4.5776367187492E-05 -0.116188049316406 0.110382080078125 -0.42138671875
0.0777435302734375 -0.17718505859375 0.180877685546875 -0.3441162109375
0.2650146484375 -0.070892333984375 0.25384521484375 -0.199111938476563
0.29779052734375 0.159515380859375 0.0176162719726563 -0.0792007446289063
0.169158935546875 0.235519409179688 -0.3160400390625 -0.367584228515625
0.273345947265625 0.383544921875 -0.30914306640625 -0.11614990234375
0.3792724609375 0.343597412109375 -0.49176025390625 -0.41436767578125
0.415130615234375 0.1484375 -0.54510498046875 -0.0816955566406249
0.343902587890625 -0.066864013671875 -0.229965209960937 0.103286743164063
0.196640014648438 -0.14276123046875 0.0594978332519531 0.0446701049804687
0.0944671630859375 -0.177093505859375 0.152786254882813 -0.186721801757813
0.0487518310546875 -0.18011474609375 0.074981689453125 -0.3404541015625
0.0734710693359375 -0.176376342773438 -0.00802612304687497 -0.385284423828125
0.053619384765625 -0.191009521484375 0.00375366210937504 -0.428131103515625
0.0842437744140625 -0.194351196289063 0.0934143066406249 -0.441558837890625
0.141754150390625 -0.175140380859375 0.136474609375 -0.387969970703125
0.216140747070313 -0.184616088867188 0.203216552734375 -0.308929443359375
0.363922119140625 -0.03509521484375 0.2537841796875 -0.162704467773437
0.4278564453125 0.189300537109375 0.0723495483398438 -0.0684967041015625
0.35028076171875 0.2784423828125 -0.2501220703125 -0.297332763671875
0.4312744140625 0.345916748046875 -0.207122802734375 -0.018157958984375
0.484130859375 0.2840576171875 -0.428131103515625 -0.37451171875
0.48321533203125 0.1334228515625 -0.6031494140625 -0.0430908203125001
0.452606201171875 -0.074127197265625 -0.2943115234375 0.19903564453125
0.3138427734375 -0.197845458984375 0.023712158203125 0.142532348632812
0.1864013671875 -0.301513671875 0.134429931640625 -0.103172302246094
0.092132568359375 -0.31396484375 0.068115234375 -0.2493896484375
0.113616943359375 -0.293365478515625 -0.010986328125 -0.294891357421875
0.113189697265625 -0.318084716796875 0.00372314453124998 -0.339111328125
0.188446044921875 -0.295654296875 0.09014892578125 -0.367431640625
0.278076171875 -0.209945678710938 0.147796630859375 -0.329925537109375
0.34759521484375 -0.167236328125 0.228912353515625 -0.265350341796875
0.434722900390625 0.029754638671875 0.28668212890625 -0.109527587890625
0.496978759765625 0.220611572265625 0.165008544921875 -0.0219268798828125
0.463897705078125 0.286163330078125 -0.141510009765625 -0.194549560546875
0.533660888671875 0.243804931640625 -0.074462890625 0.07611083984375
0.525787353515625 0.1539306640625 -0.349365234375 -0.310272216796875
0.466766357421875 0.069366455078125 -0.61749267578125 0.0230712890624999
0.468475341796875 -0.0855712890625 -0.33038330078125 0.308013916015625
0.36737060546875 -0.219696044921875 -0.0115966796874999 0.25933837890625
0.24859619140625 -0.3765869140625 0.111068725585938 0.024749755859375
0.122894287109375 -0.400848388671875 0.0605392456054687 -0.110099792480469
0.136749267578125 -0.367584228515625 -0.014801025390625 -0.162399291992188
0.15826416015625 -0.398651123046875 -0.00567626953124998 -0.20928955078125
0.2672119140625 -0.35357666015625 0.0689849853515625 -0.25616455078125
0.37762451171875 -0.21533203125 0.139373779296875 -0.244583129882813
0.43865966796875 -0.125946044921875 0.2449951171875 -0.205184936523438
0.451507568359375 0.104583740234375 0.3343505859375 -0.042449951171875
0.4901123046875 0.239532470703125 0.2823486328125 0.052764892578125
0.506134033203125 0.25439453125 -0.00551223754882809 -0.0682830810546875
0.5406494140625 0.1014404296875 0.0677032470703125 0.152206420898438
0.4613037109375 0.01507568359375 -0.263870239257812 -0.224075317382813
0.35809326171875 0.015594482421875 -0.572021484375 0.10272216796875
0.400177001953125 -0.0596923828125 -0.32110595703125 0.401641845703125
0.35833740234375 -0.192108154296875 -0.0338134765625 0.359527587890625
0.27215576171875 -0.387054443359375 0.082916259765625 0.167098999023437
0.134552001953125 -0.422515869140625 0.049560546875 0.0579185485839843
0.138275146484375 -0.385345458984375 -0.0184059143066406 -0.00550651550292971
0.176971435546875 -0.417724609375 -0.0204734802246094 -0.0590057373046875
0.30548095703125 -0.353912353515625 0.033538818359375 -0.122673034667969
0.417724609375 -0.180450439453125 0.11346435546875 -0.144256591796875
0.45404052734375 -0.056304931640625 0.245086669921875 -0.130538940429688
0.388763427734375 0.165435791015625 0.378173828125 0.040435791015625
0.4034423828125 0.222412109375 0.394073486328125 0.15728759765625
0.470489501953125 0.178466796875 0.127090454101563 0.0681915283203125
0.441314697265625 -0.0487060546875 0.19384765625 0.207107543945313
0.28948974609375 -0.085174560546875 -0.183212280273437 -0.12451171875
0.18658447265625 0.012542724609375 -0.47955322265625 0.172210693359375
0.2840576171875 0.010711669921875 -0.275604248046875 0.448638916015625
0.308746337890625 -0.117706298828125 -0.05029296875 0.41851806640625
0.26153564453125 -0.331756591796875 0.05059814453125 0.295562744140625
0.1302490234375 -0.377044677734375 0.035430908203125 0.225448608398437
0.118927001953125 -0.345458984375 -0.02142333984375 0.153213500976562
0.1680908203125 -0.379364013671875 -0.0392379760742188 0.0883102416992187
0.295074462890625 -0.303924560546875 -0.0127983093261719 0.00897312164306639
0.383697509765625 -0.113555908203125 0.072265625 -0.0510711669921875
0.37884521484375 0.02099609375 0.225051879882813 -0.0580596923828125
0.2498779296875 0.18231201171875 0.403045654296875 0.12481689453125
0.25555419921875 0.146011352539062 0.474334716796875 0.271392822265625
0.378387451171875 0.055084228515625 0.237350463867188 0.186782836914063
0.258193969726563 -0.1827392578125 0.2830810546875 0.240478515625
0.0610198974609375 -0.128929138183594 -0.114822387695313 -0.03167724609375
0.00661087036132812 0.054290771484375 -0.370635986328125 0.210113525390625
0.156478881835937 0.0966644287109375 -0.225799560546875 0.4453125
0.232879638671875 -0.027679443359375 -0.0730590820312499 0.433990478515625
0.218994140625 -0.229904174804688 0.013671875 0.39459228515625
0.105758666992187 -0.271759033203125 0.021240234375 0.367828369140625
0.082000732421875 -0.252731323242188 -0.020263671875 0.2877197265625
0.13427734375 -0.28759765625 -0.054840087890625 0.212234497070312
0.239715576171875 -0.2125244140625 -0.0597991943359375 0.117424011230469
0.285858154296875 -0.03717041015625 0.0243167877197266 0.0156192779541016
0.233871459960937 0.0812530517578125 0.193771362304688 -0.01007080078125
0.0672225952148438 0.134147644042969 0.418243408203125 0.18756103515625
0.084808349609375 0.00812530517578125 0.519439697265625 0.3707275390625
0.251998901367188 -0.09967041015625 0.3160400390625 0.26507568359375
0.033599853515625 -0.28619384765625 0.31866455078125 0.249908447265625
-0.16595458984375 -0.132400512695313 -0.0729217529296875 0.0380020141601562
-0.145660400390625 0.095977783203125 -0.280624389648438 0.212982177734375
0.031097412109375 0.159835815429688 -0.199188232421875 0.404052734375
0.133056640625 0.0537872314453125 -0.104339599609375 0.418121337890625
0.146865844726563 -0.103561401367188 -0.0260009765625 0.45330810546875
0.0664901733398438 -0.126838684082031 0.00863647460937505 0.459075927734375
0.0327301025390625 -0.1209716796875 -0.015594482421875 0.37750244140625
0.078521728515625 -0.157135009765625 -0.0640869140625 0.296600341796875
0.146438598632813 -0.09613037109375 -0.097412109375 0.188568115234375
0.146316528320313 0.037200927734375 -0.0157546997070312 0.0437088012695313
0.0476913452148438 0.109001159667969 0.174346923828125 0.00183105468750001
-0.115516662597656 0.0298385620117187 0.44488525390625 0.218841552734375
-0.0744476318359375 -0.1630859375 0.536041259765625 0.434173583984375
0.10736083984375 -0.2557373046875 0.358428955078125 0.2841796875
0.11297607421875 0.347442626953125 -0.387939453125 -0.18798828125
0.2685546875 0.29925537109375 -0.56060791015625 -0.410003662109375
0.30126953125 0.074249267578125 -0.48907470703125 -0.079193115234375
0.16552734375 -0.090911865234375 -0.180877685546875 0.03765869140625
0.0376129150390625 -0.0824050903320313 0.074981689453125 -0.0297622680664063
-0.0181102752685547 -0.0289363861083984 0.144546508789062 -0.235366821289063
0.000629425048828126 -0.0181980133056641 0.058563232421875 -0.38397216796875
0.0221996307373047 -0.0313014984130859 -0.026092529296875 -0.427978515625
-0.0160884857177734 -0.0292911529541016 -0.023651123046875 -0.477813720703125
-0.0309600830078125 -0.0655746459960937 0.056121826171875 -0.485565185546875
-0.00720977783203125 -0.12091064453125 0.09130859375 -0.43603515625
0.06988525390625 -0.184356689453125 0.166046142578125 -0.361602783203125
0.269851684570313 -0.088623046875 0.2449951171875 -0.218368530273438
0.32098388671875 0.14825439453125 0.0124053955078125 -0.0789566040039062
0.188217163085938 0.23797607421875 -0.3465576171875 -0.36114501953125
0.297821044921875 0.3836669921875 -0.3211669921875 -0.106689453125
0.411346435546875 0.3311767578125 -0.5250244140625 -0.404052734375
0.437774658203125 0.1318359375 -0.56298828125 -0.0570678710937499
0.350067138671875 -0.0889892578125 -0.229568481445312 0.11279296875
0.195388793945313 -0.157623291015625 0.0648612976074219 0.0353202819824219
0.087432861328125 -0.184188842773437 0.142791748046875 -0.209320068359375
0.0418701171875 -0.1845703125 0.05242919921875 -0.35809326171875
0.066864013671875 -0.184524536132813 -0.029266357421875 -0.394439697265625
0.0452117919921875 -0.196929931640625 -0.01788330078125 -0.4404296875
0.0761566162109375 -0.203857421875 0.07305908203125 -0.45648193359375
0.138473510742188 -0.189346313476563 0.11907958984375 -0.40277099609375
0.212661743164063 -0.20159912109375 0.1900634765625 -0.325653076171875
0.375091552734375 -0.054229736328125 0.249160766601563 -0.180252075195313
0.45733642578125 0.173431396484375 0.06805419921875 -0.0719223022460937
0.37713623046875 0.271209716796875 -0.276885986328125 -0.29345703125
0.459136962890625 0.3385009765625 -0.212005615234375 -0.0117645263671875
0.516143798828125 0.264190673828125 -0.4588623046875 -0.36785888671875
0.50823974609375 0.115875244140625 -0.62127685546875 -0.0131225585937499
0.46307373046875 -0.103363037109375 -0.288665771484375 0.214385986328125
0.31353759765625 -0.219268798828125 0.0332870483398438 0.138282775878906
0.175201416015625 -0.32061767578125 0.128982543945313 -0.122833251953125
0.07867431640625 -0.32666015625 0.05084228515625 -0.26507568359375
0.101287841796875 -0.308258056640625 -0.0291748046875 -0.302581787109375
0.0985107421875 -0.332366943359375 -0.0142822265625 -0.34906005859375
0.176849365234375 -0.314422607421875 0.07452392578125 -0.38055419921875
0.279083251953125 -0.235244750976563 0.13427734375 -0.343536376953125
0.3497314453125 -0.191680908203125 0.217605590820313 -0.280670166015625
0.45123291015625 0.011383056640625 0.286224365234375 -0.125244140625
0.527862548828125 0.20440673828125 0.165969848632813 -0.0298614501953125
0.495697021484375 0.27386474609375 -0.158935546875 -0.19482421875
0.560394287109375 0.22564697265625 -0.0734100341796875 0.0794601440429688
0.5517578125 0.1309814453125 -0.373992919921875 -0.307647705078125
0.488525390625 0.05126953125 -0.63433837890625 0.0553588867187501
0.4818115234375 -0.1142578125 -0.32135009765625 0.330047607421875
0.36932373046875 -0.248046875 0.004547119140625 0.261016845703125
0.234649658203125 -0.404052734375 0.112075805664063 0.0109329223632812
0.10400390625 -0.418792724609375 0.0504837036132813 -0.121795654296875
0.1190185546875 -0.384674072265625 -0.0265350341796875 -0.166595458984375
0.137969970703125 -0.4169921875 -0.0167694091796875 -0.21563720703125
0.254547119140625 -0.37890625 0.05841064453125 -0.264114379882813
0.38006591796875 -0.244537353515625 0.128494262695313 -0.254852294921875
0.447021484375 -0.153167724609375 0.237060546875 -0.219619750976563
0.472930908203125 0.089263916015625 0.33929443359375 -0.05810546875
0.520355224609375 0.223388671875 0.29071044921875 0.04180908203125
0.53338623046875 0.239776611328125 -0.0127143859863281 -0.0691337585449219
0.56103515625 0.07879638671875 0.0777740478515625 0.151962280273438
0.476409912109375 -0.00921630859375 -0.280731201171875 -0.221450805664063
0.374267578125 0.001129150390625 -0.58349609375 0.135498046875
0.4129638671875 -0.08404541015625 -0.3057861328125 0.4248046875
0.36236572265625 -0.218048095703125 -0.01422119140625 0.366119384765625
0.258941650390625 -0.415557861328125 0.09088134765625 0.158828735351562
0.115447998046875 -0.44140625 0.04840087890625 0.0522880554199218
0.117950439453125 -0.403717041015625 -0.0224475860595703 -0.00557327270507815
0.155487060546875 -0.440399169921875 -0.0248260498046875 -0.0613021850585938
0.293487548828125 -0.38470458984375 0.028289794921875 -0.125114440917969
0.422332763671875 -0.21026611328125 0.106582641601563 -0.151214599609375
0.466339111328125 -0.08544921875 0.23956298828125 -0.142120361328125
0.411956787109375 0.154083251953125 0.387237548828125 0.024932861328125
0.4312744140625 0.20947265625 0.41156005859375 0.142120361328125
0.4969482421875 0.158966064453125 0.132850646972656 0.0648651123046875
0.450958251953125 -0.072509765625 0.210968017578125 0.203781127929688
0.295166015625 -0.102325439453125 -0.1917724609375 -0.122299194335938
0.196609497070312 0.008148193359375 -0.483367919921875 0.202728271484375
0.29754638671875 -0.003753662109375 -0.2557373046875 0.471923828125
0.316864013671875 -0.140380859375 -0.02764892578125 0.428985595703125
0.25048828125 -0.361083984375 0.064910888671875 0.29473876953125
0.11285400390625 -0.3961181640625 0.045501708984375 0.227264404296875
0.1014404296875 -0.361236572265625 -0.016387939453125 0.157440185546875
0.147705078125 -0.39935302734375 -0.0348968505859375 0.0922088623046875
0.285125732421875 -0.333099365234375 -0.0112619400024414 0.014169692993164
0.392425537109375 -0.14178466796875 0.0687484741210938 -0.0493202209472656
0.394805908203125 -0.00091552734375 0.224044799804688 -0.0658416748046875
0.2685546875 0.177993774414063 0.41864013671875 0.109161376953125
0.273895263671875 0.1395263671875 0.499755859375 0.25390625
0.391876220703125 0.036590576171875 0.252532958984375 0.18157958984375
0.25518798828125 -0.201446533203125 0.304718017578125 0.23486328125
0.0562820434570312 -0.13421630859375 -0.116455078125 -0.0287322998046875
0.0123519897460937 0.0594749450683594 -0.368408203125 0.233062744140625
0.170852661132813 0.093048095703125 -0.20361328125 0.464569091796875
0.242416381835937 -0.04315185546875 -0.04913330078125 0.446624755859375
0.211029052734375 -0.253890991210937 0.032684326171875 0.39947509765625
0.09307861328125 -0.28826904296875 0.04248046875 0.37493896484375
0.0704803466796875 -0.263381958007813 -0.00662231445312502 0.296783447265625
0.1175537109375 -0.3043212890625 -0.0431060791015625 0.2210693359375
0.23089599609375 -0.237823486328125 -0.0528335571289062 0.127738952636719
0.296295166015625 -0.057220458984375 0.0229053497314453 0.0221176147460937
0.24615478515625 0.0707550048828125 0.193572998046875 -0.0134735107421875
0.0784378051757813 0.138015747070313 0.437744140625 0.171783447265625
0.0887222290039063 0.00600433349609375 0.552459716796875 0.35345458984375
0.254241943359375 -0.116104125976563 0.3380126953125 0.2596435546875
0.01739501953125 -0.2984619140625 0.34490966796875 0.24395751953125
-0.178421020507813 -0.125762939453125 -0.0678520202636719 0.0433158874511719
-0.144744873046875 0.108932495117187 -0.27374267578125 0.229736328125
0.045166015625 0.16387939453125 -0.17999267578125 0.421600341796875
0.142990112304688 0.0457611083984375 -0.084136962890625 0.43280029296875
0.142379760742188 -0.119613647460938 -0.00366210937499995 0.464141845703125
0.0611114501953125 -0.137138366699219 0.03558349609375 0.470947265625
0.0276870727539063 -0.125205993652344 0.00466918945312501 0.390960693359375
0.06915283203125 -0.1680908203125 -0.04730224609375 0.30859375
0.144515991210938 -0.112823486328125 -0.08721923828125 0.204421997070313
0.156967163085938 0.0283966064453125 -0.0153388977050781 0.0538749694824219
0.0568008422851563 0.111366271972656 0.174148559570313 -0.000289916992187493
-0.11688232421875 0.0378799438476562 0.46685791015625 0.201629638671875
-0.085601806640625 -0.162460327148438 0.5740966796875 0.41937255859375
0.0962371826171875 -0.268524169921875 0.38262939453125 0.279266357421875
0.13958740234375 0.343994140625 -0.39935302734375 -0.161712646484375
0.297332763671875 0.27984619140625 -0.59423828125 -0.37139892578125
0.3109130859375 0.0482177734375 -0.49383544921875 -0.0457458496093751
0.16015625 -0.107955932617187 -0.178680419921875 0.0471649169921875
0.0315322875976563 -0.0862808227539063 0.0713043212890625 -0.0447540283203125
-0.0190982818603516 -0.0254917144775391 0.120330810546875 -0.25689697265625
-0.000693321228027344 -0.0146522521972656 0.02081298828125 -0.3953857421875
0.0232925415039063 -0.0324668884277344 -0.059356689453125 -0.425994873046875
-0.01763916015625 -0.024322509765625 -0.060638427734375 -0.477447509765625
-0.0366592407226563 -0.0593757629394531 0.02252197265625 -0.49163818359375
-0.0163421630859375 -0.122642517089844 0.057647705078125 -0.44305419921875
0.0543365478515625 -0.189682006835938 0.135345458984375 -0.3720703125
0.266815185546875 -0.110610961914063 0.224365234375 -0.238311767578125
0.33807373046875 0.123199462890625 0.00475311279296878 -0.0775527954101562
0.210693359375 0.22686767578125 -0.379638671875 -0.3345947265625
0.328643798828125 0.368804931640625 -0.329010009765625 -0.0857543945312499
0.440887451171875 0.30206298828125 -0.557891845703125 -0.371337890625
0.45513916015625 0.09979248046875 -0.56805419921875 -0.0140991210937499
0.345550537109375 -0.119873046875 -0.221893310546875 0.12628173828125
0.183059692382812 -0.174880981445312 0.0694961547851563 0.0212860107421875
0.07281494140625 -0.19244384765625 0.120819091796875 -0.230667114257813
0.029388427734375 -0.187576293945313 0.01861572265625 -0.368408203125
0.05352783203125 -0.1890869140625 -0.060882568359375 -0.39398193359375
0.0300445556640625 -0.199462890625 -0.051788330078125 -0.44219970703125
0.0587615966796875 -0.210891723632813 0.0394287109375 -0.46405029296875
0.1239013671875 -0.20257568359375 0.086700439453125 -0.410858154296875
0.198638916015625 -0.219161987304688 0.16607666015625 -0.338836669921875
0.376861572265625 -0.081695556640625 0.232696533203125 -0.19842529296875
0.479339599609375 0.13739013671875 0.0597610473632813 -0.074066162109375
0.40362548828125 0.247161865234375 -0.302978515625 -0.2735595703125
0.488433837890625 0.306671142578125 -0.21221923828125 0.00434875488281248
0.5421142578125 0.225067138671875 -0.4912109375 -0.3424072265625
0.52459716796875 0.080657958984375 -0.6241455078125 0.0330810546875001
0.457244873046875 -0.14105224609375 -0.274368286132812 0.23297119140625
0.30194091796875 -0.24920654296875 0.04827880859375 0.129432678222656
0.1502685546875 -0.33489990234375 0.112991333007813 -0.143142700195313
0.053924560546875 -0.331695556640625 0.0243988037109375 -0.272842407226563
0.07733154296875 -0.31610107421875 -0.054962158203125 -0.30047607421875
0.072509765625 -0.3388671875 -0.040618896484375 -0.352203369140625
0.150665283203125 -0.332305908203125 0.0477294921875 -0.3865966796875
0.263336181640625 -0.261245727539063 0.10693359375 -0.35406494140625
0.33709716796875 -0.22076416015625 0.197113037109375 -0.294952392578125
0.456451416015625 -0.021484375 0.275527954101563 -0.144638061523438
0.5517578125 0.163787841796875 0.160140991210938 -0.0403594970703125
0.52325439453125 0.23663330078125 -0.17437744140625 -0.18255615234375
0.58038330078125 0.18865966796875 -0.0678024291992187 0.0829696655273438
0.56689453125 0.087890625 -0.400726318359375 -0.285675048828125
0.4986572265625 0.01611328125 -0.63592529296875 0.10357666015625
0.47918701171875 -0.15167236328125 -0.298248291015625 0.35125732421875
0.35565185546875 -0.279876708984375 0.0279998779296875 0.254425048828125
0.20196533203125 -0.42559814453125 0.106170654296875 -0.00577545166015628
0.07183837890625 -0.42962646484375 0.0332183837890625 -0.13201904296875
0.088165283203125 -0.395843505859375 -0.04266357421875 -0.166488647460938
0.104736328125 -0.430877685546875 -0.0333404541015625 -0.216705322265625
0.22613525390625 -0.403594970703125 0.0384979248046875 -0.2669677734375
0.366424560546875 -0.281707763671875 0.10711669921875 -0.26348876953125
0.43939208984375 -0.192352294921875 0.21942138671875 -0.233474731445313
0.48468017578125 0.05718994140625 0.33642578125 -0.081298828125
0.5460205078125 0.1856689453125 0.29205322265625 0.020782470703125
0.55804443359375 0.19970703125 -0.0183525085449218 -0.0684814453125
0.5703125 0.03826904296875 0.0897674560546875 0.144317626953125
0.481597900390625 -0.0487060546875 -0.29833984375 -0.20794677734375
0.380340576171875 -0.022705078125 -0.57672119140625 0.1812744140625
0.415985107421875 -0.11602783203125 -0.273040771484375 0.447174072265625
0.35418701171875 -0.25372314453125 0.017578125 0.364501953125
0.2259521484375 -0.44219970703125 0.0990753173828125 0.146514892578125
0.080047607421875 -0.459716796875 0.0454483032226563 0.0450630187988281
0.08660888671875 -0.416839599609375 -0.0271930694580078 -0.0047569274902344
0.12158203125 -0.4539794921875 -0.0294113159179687 -0.0614051818847656
0.262115478515625 -0.411346435546875 0.0200729370117188 -0.126937866210938
0.410430908203125 -0.250396728515625 0.0966033935546875 -0.153076171875
0.463134765625 -0.120330810546875 0.228408813476563 -0.156478881835938
0.43377685546875 0.12890625 0.391632080078125 -0.00216674804687499
0.455352783203125 0.181884765625 0.424468994140625 0.113006591796875
0.51104736328125 0.121917724609375 0.134674072265625 0.0569076538085938
0.44903564453125 -0.10736083984375 0.22998046875 0.188491821289063
0.290802001953125 -0.126983642578125 -0.200164794921875 -0.111572265625
0.203887939453125 -0.0026702880859375 -0.47039794921875 0.24078369140625
0.303924560546875 -0.02679443359375 -0.216888427734375 0.49066162109375
0.312042236328125 -0.1702880859375 0.00720214843749998 0.42919921875
0.221435546875 -0.3880615234375 0.08380126953125 0.28387451171875
0.080352783203125 -0.411346435546875 0.0599365234375 0.22174072265625
0.075347900390625 -0.37249755859375 -0.00630187988281248 0.158798217773437
0.114654541015625 -0.41552734375 -0.02789306640625 0.092926025390625
0.254241943359375 -0.36016845703125 -0.0090961456298828 0.0177688598632812
0.38568115234375 -0.179107666015625 0.0648078918457032 -0.0508689880371094
0.396820068359375 -0.031951904296875 0.2144775390625 -0.07666015625
0.289642333984375 0.16387939453125 0.429901123046875 0.08172607421875
0.288665771484375 0.1214599609375 0.520782470703125 0.2191162109375
0.400634765625 0.005950927734375 0.265151977539063 0.166030883789063
0.239852905273438 -0.224700927734375 0.328704833984375 0.213653564453125
0.0461273193359375 -0.140975952148438 -0.117179870605469 -0.0210647583007813
0.0205192565917969 0.0624198913574219 -0.35052490234375 0.263031005859375
0.186691284179688 0.080657958984375 -0.16583251953125 0.47998046875
0.247177124023438 -0.0667877197265625 -0.013031005859375 0.4488525390625
0.192459106445313 -0.276779174804688 0.061676025390625 0.39483642578125
0.07147216796875 -0.300140380859375 0.069061279296875 0.373443603515625
0.0486297607421875 -0.271469116210938 0.016632080078125 0.2984619140625
0.090118408203125 -0.31805419921875 -0.023681640625 0.226470947265625
0.20953369140625 -0.263961791992188 -0.039398193359375 0.137428283691406
0.29681396484375 -0.08526611328125 0.024068832397461 0.0287685394287109
0.2564697265625 0.050201416015625 0.189071655273438 -0.0213165283203125
0.0927810668945313 0.135551452636719 0.451904296875 0.1385498046875
0.0897979736328125 0.00226593017578125 0.57952880859375 0.314208984375
0.247360229492188 -0.136489868164063 0.360107421875 0.23944091796875
-0.00946044921874999 -0.303253173828125 0.368194580078125 0.221527099609375
-0.189010620117188 -0.111328125 -0.059814453125 0.0464630126953125
-0.137702941894531 0.123397827148438 -0.256805419921875 0.251541137695313
0.0610198974609375 0.160797119140625 -0.145355224609375 0.432098388671875
0.151596069335938 0.0329437255859375 -0.049468994140625 0.438201904296875
0.132049560546875 -0.1357421875 0.03143310546875 0.465972900390625
0.0493927001953125 -0.142364501953125 0.074676513671875 0.471527099609375
0.0202484130859375 -0.129592895507813 0.0364990234375 0.39337158203125
0.0533905029296875 -0.176361083984375 -0.021240234375 0.313568115234375
0.13525390625 -0.129409790039063 -0.0653076171875 0.217697143554688
0.163803100585937 0.0138092041015625 -0.0125617980957031 0.0642852783203125
0.0680923461914062 0.108116149902344 0.171157836914063 -0.00511169433593749
-0.114837646484375 0.0501174926757813 0.48272705078125 0.16607666015625
-0.0990142822265625 -0.157638549804688 0.60809326171875 0.37994384765625
0.0757293701171875 -0.278182983398438 0.40350341796875 0.2559814453125
0.16033935546875 0.3336181640625 -0.3978271484375 -0.134002685546875
0.31195068359375 0.24969482421875 -0.60357666015625 -0.325927734375
0.308135986328125 0.020782470703125 -0.483367919921875 -0.011322021484375
0.144515991210938 -0.11688232421875 -0.173553466796875 0.0530548095703125
0.0235137939453125 -0.0859298706054688 0.0660057067871094 -0.0551643371582031
-0.02081298828125 -0.0191020965576172 0.0916900634765625 -0.265350341796875
0.00327110290527344 -0.0139045715332031 -0.013031005859375 -0.386260986328125
0.0211238861083984 -0.0326900482177734 -0.08917236328125 -0.411376953125
-0.0155735015869141 -0.0201930999755859 -0.09197998046875 -0.461151123046875
-0.0393142700195312 -0.0528602600097656 -0.012725830078125 -0.480072021484375
-0.0274658203125 -0.116531372070313 0.02276611328125 -0.433746337890625
0.0401153564453125 -0.189788818359375 0.104583740234375 -0.372161865234375
0.253509521484375 -0.1304931640625 0.200775146484375 -0.248779296875
0.343963623046875 0.092987060546875 -0.00137329101562498 -0.0731201171875
0.22369384765625 0.208465576171875 -0.396270751953125 -0.3006591796875
0.346832275390625 0.34136962890625 -0.32391357421875 -0.0626220703124999
0.455413818359375 0.260528564453125 -0.5706787109375 -0.32708740234375
0.45404052734375 0.0626220703125 -0.552734375 0.0252380371093751
0.327484130859375 -0.143646240234375 -0.207672119140625 0.133468627929687
0.164764404296875 -0.187225341796875 0.0680885314941406 0.0106239318847656
0.056182861328125 -0.192138671875 0.092926025390625 -0.240707397460937
0.0169677734375 -0.18328857421875 -0.016143798828125 -0.36181640625
0.0381927490234375 -0.188796997070313 -0.091064453125 -0.379302978515625
0.01654052734375 -0.194900512695313 -0.08465576171875 -0.429168701171875
0.04180908203125 -0.207733154296875 0.00552368164062498 -0.4542236328125
0.106475830078125 -0.209762573242188 0.0556640625 -0.40533447265625
0.1795654296875 -0.228836059570313 0.134796142578125 -0.3392333984375
0.36492919921875 -0.10809326171875 0.2125244140625 -0.208038330078125
0.484130859375 0.0982666015625 0.0537490844726563 -0.0754547119140625
0.4130859375 0.2127685546875 -0.3189697265625 -0.24407958984375
0.497589111328125 0.27362060546875 -0.207305908203125 0.0179443359375001
0.546722412109375 0.1824951171875 -0.5028076171875 -0.303497314453125
0.524322509765625 0.04205322265625 -0.60650634765625 0.0778808593749999
0.440704345703125 -0.172760009765625 -0.2515869140625 0.24188232421875
0.274642944335938 -0.266281127929688 0.0549850463867188 0.117538452148437
0.121612548828125 -0.339202880859375 0.0958404541015625 -0.1534423828125
0.029541015625 -0.330413818359375 -0.0063323974609375 -0.271148681640625
0.050140380859375 -0.315399169921875 -0.079620361328125 -0.289642333984375
0.046600341796875 -0.337554931640625 -0.06890869140625 -0.342254638671875
0.122833251953125 -0.336517333984375 0.0184326171875 -0.37994384765625
0.237808227539063 -0.276199340820313 0.077178955078125 -0.348175048828125
0.317047119140625 -0.24072265625 0.170806884765625 -0.2982177734375
0.4493408203125 -0.052520751953125 0.25946044921875 -0.159225463867188
0.5567626953125 0.121490478515625 0.155075073242188 -0.0471038818359375
0.5279541015625 0.1976318359375 -0.18951416015625 -0.16448974609375
0.58135986328125 0.14581298828125 -0.0597076416015625 0.0882644653320313
0.561614990234375 0.043701171875 -0.4127197265625 -0.25506591796875
0.498260498046875 -0.01678466796875 -0.60955810546875 0.1480712890625
0.460174560546875 -0.18817138671875 -0.266510009765625 0.3580322265625
0.327972412109375 -0.30517578125 0.0461578369140625 0.2418212890625
0.16424560546875 -0.43170166015625 0.0965194702148438 -0.02056884765625
0.039154052734375 -0.428741455078125 0.016204833984375 -0.133369445800781
0.055389404296875 -0.395111083984375 -0.057037353515625 -0.162567138671875
0.069671630859375 -0.428253173828125 -0.05224609375 -0.210800170898438
0.187347412109375 -0.41259765625 0.02203369140625 -0.26318359375
0.33941650390625 -0.306488037109375 0.0850372314453125 -0.26031494140625
0.416748046875 -0.220611572265625 0.195587158203125 -0.2410888671875
0.482147216796875 0.023284912109375 0.32269287109375 -0.101531982421875
0.552215576171875 0.1431884765625 0.2872314453125 0.00296020507812501
0.561798095703125 0.156463623046875 -0.0275344848632812 -0.0624847412109375
0.5626220703125 0.0001220703125 0.0968856811523438 0.139175415039063
0.4676513671875 -0.08306884765625 -0.30731201171875 -0.18572998046875
0.3763427734375 -0.04693603515625 -0.548492431640625 0.21966552734375
0.401275634765625 -0.148284912109375 -0.23272705078125 0.452239990234375
0.33148193359375 -0.2772216796875 0.0460205078125 0.349395751953125
0.185943603515625 -0.451690673828125 0.0999908447265625 0.129722595214844
0.04248046875 -0.453765869140625 0.0442848205566406 0.036407470703125
0.0521240234375 -0.412872314453125 -0.0306606292724609 -0.00370597839355471
0.08184814453125 -0.4525146484375 -0.0356407165527344 -0.0590324401855469
0.22247314453125 -0.4239501953125 0.0124053955078125 -0.122825622558594
0.385650634765625 -0.2772216796875 0.0799713134765625 -0.153213500976563
0.44342041015625 -0.154388427734375 0.211593627929688 -0.161483764648438
0.43310546875 0.09600830078125 0.38299560546875 -0.02532958984375
0.45928955078125 0.146728515625 0.418731689453125 0.084197998046875
0.509185791015625 0.084228515625 0.135093688964844 0.049652099609375
0.43194580078125 -0.135284423828125 0.238800048828125 0.171585083007813
0.27447509765625 -0.145401000976563 -0.202774047851562 -0.0995330810546875
0.202987670898438 -0.0128021240234375 -0.43963623046875 0.26947021484375
0.30255126953125 -0.05169677734375 -0.174957275390625 0.48876953125
0.296417236328125 -0.19464111328125 0.0406494140625 0.41265869140625
0.18408203125 -0.401153564453125 0.0983734130859375 0.267684936523438
0.045257568359375 -0.41162109375 0.0710601806640625 0.208724975585938
0.043670654296875 -0.37030029296875 0.0016937255859375 0.156005859375
0.076385498046875 -0.41357421875 -0.0209732055664063 0.0927734375
0.220184326171875 -0.375762939453125 -0.00322532653808592 0.0189094543457031
0.36541748046875 -0.20697021484375 0.0599327087402344 -0.0478057861328125
0.386688232421875 -0.06146240234375 0.2039794921875 -0.0843963623046875
0.295989990234375 0.141143798828125 0.42449951171875 0.052337646484375
0.295074462890625 0.10125732421875 0.523101806640625 0.1793212890625
0.389678955078125 -0.020294189453125 0.269546508789063 0.147781372070313
0.219970703125 -0.235702514648438 0.33636474609375 0.1884765625
0.0337753295898438 -0.138687133789063 -0.112648010253906 -0.0155868530273437
0.0261878967285156 0.0640869140625 -0.322540283203125 0.2813720703125
0.193099975585938 0.0625 -0.125701904296875 0.47576904296875
0.239974975585938 -0.0860137939453125 0.020965576171875 0.435516357421875
0.162017822265625 -0.29010009765625 0.08489990234375 0.37738037109375
0.04327392578125 -0.301666259765625 0.09527587890625 0.3560791015625
0.0282440185546875 -0.269241333007813 0.036407470703125 0.288787841796875
0.06158447265625 -0.317962646484375 -0.00697326660156252 0.22003173828125
0.184478759765625 -0.275375366210938 -0.0235977172851563 0.1390380859375
0.287017822265625 -0.108612060546875 0.0270118713378906 0.0313682556152344
0.254470825195313 0.03106689453125 0.181304931640625 -0.0272979736328125
0.100807189941406 0.128158569335937 0.44927978515625 0.1060791015625
0.0910415649414063 -0.0029144287109375 0.589111328125 0.26531982421875
0.229644775390625 -0.150238037109375 0.366302490234375 0.211456298828125
-0.033905029296875 -0.296234130859375 0.380523681640625 0.189788818359375
-0.196853637695313 -0.0925445556640625 -0.052276611328125 0.0482864379882812
-0.123687744140625 0.132125854492188 -0.230972290039063 0.26251220703125
0.077667236328125 0.151229858398437 -0.10858154296875 0.4298095703125
0.153091430664063 0.018280029296875 -0.017059326171875 0.427215576171875
0.114120483398438 -0.14666748046875 0.063201904296875 0.44793701171875
0.0352325439453125 -0.14849853515625 0.108184814453125 0.451080322265625
0.009796142578125 -0.128990173339844 0.06500244140625 0.378387451171875
0.0371551513671875 -0.17706298828125 0.00503540039062503 0.307891845703125
0.120819091796875 -0.139610290527344 -0.04339599609375 0.220046997070313
0.164810180664063 -0.003692626953125 -0.00681304931640623 0.0703201293945312
0.0763320922851563 0.101020812988281 0.164764404296875 -0.0118865966796875
-0.108657836914063 0.0589981079101563 0.480712890625 0.125885009765625
-0.1085205078125 -0.145584106445313 0.6217041015625 0.32861328125
0.053131103515625 -0.277557373046875 0.413116455078125 0.2242431640625
0.1708984375 0.318511962890625 -0.38427734375 -0.113250732421875
0.314056396484375 0.221343994140625 -0.5953369140625 -0.28924560546875
0.2982177734375 0.00494384765625 -0.46258544921875 0.00939941406250002
0.131393432617188 -0.122306823730469 -0.165191650390625 0.0557098388671875
0.0157394409179687 -0.084381103515625 0.0582695007324219 -0.0630111694335938
-0.0218448638916016 -0.0167407989501953 0.067718505859375 -0.263870239257813
0.00639247894287109 -0.0123462677001953 -0.036712646484375 -0.370819091796875
0.0203933715820313 -0.032196044921875 -0.107330322265625 -0.391510009765625
-0.0127325057983398 -0.014592170715332 -0.114471435546875 -0.441741943359375
-0.0400886535644531 -0.0453910827636719 -0.0350341796875 -0.46160888671875
-0.033935546875 -0.110984802246094 0.00177001953125 -0.415191650390625
0.0290985107421875 -0.184188842773438 0.08251953125 -0.3594970703125
0.239273071289062 -0.13983154296875 0.1773681640625 -0.246734619140625
0.340240478515625 0.07061767578125 -0.00407028198242186 -0.066925048828125
0.228851318359375 0.192367553710938 -0.39703369140625 -0.268798828125
0.352203369140625 0.319061279296875 -0.3116455078125 -0.0485229492187499
0.45404052734375 0.228759765625 -0.56500244140625 -0.29376220703125
0.4464111328125 0.0384521484375 -0.528656005859375 0.049530029296875
0.307403564453125 -0.156524658203125 -0.195968627929688 0.135345458984375
0.148818969726563 -0.189666748046875 0.0649299621582032 -0.000549316406250012
0.0428924560546875 -0.1845703125 0.0706787109375 -0.239593505859375
0.00962829589843749 -0.177932739257812 -0.038360595703125 -0.347015380859375
0.02789306640625 -0.183624267578125 -0.107666015625 -0.36053466796875
0.006866455078125 -0.186172485351563 -0.10296630859375 -0.410308837890625
0.03045654296875 -0.200775146484375 -0.01495361328125 -0.439849853515625
0.0915069580078125 -0.208740234375 0.03375244140625 -0.39031982421875
0.161605834960938 -0.22918701171875 0.11285400390625 -0.33087158203125
0.34918212890625 -0.12109375 0.192184448242188 -0.2080078125
0.47552490234375 0.07000732421875 0.047515869140625 -0.0715408325195313
0.410736083984375 0.187286376953125 -0.320068359375 -0.21881103515625
0.495147705078125 0.245147705078125 -0.19775390625 0.0239715576171875
0.536712646484375 0.14617919921875 -0.499664306640625 -0.27337646484375
0.513702392578125 0.016571044921875 -0.5772705078125 0.10430908203125
0.4169921875 -0.19268798828125 -0.230865478515625 0.241470336914063
0.250045776367188 -0.274459838867187 0.0594024658203125 0.103378295898437
0.09600830078125 -0.33123779296875 0.075531005859375 -0.157089233398438
0.01220703125 -0.3194580078125 -0.02484130859375 -0.262283325195313
0.03363037109375 -0.306243896484375 -0.0942840576171875 -0.2760009765625
0.027984619140625 -0.326995849609375 -0.085052490234375 -0.326416015625
0.10162353515625 -0.328887939453125 0.000976562500000021 -0.36871337890625
0.2161865234375 -0.283447265625 0.05780029296875 -0.336578369140625
0.294281005859375 -0.247894287109375 0.149017333984375 -0.293060302734375
0.43621826171875 -0.070953369140625 0.2423095703125 -0.162750244140625
0.54779052734375 0.090606689453125 0.14617919921875 -0.0496826171875
0.519287109375 0.166717529296875 -0.193084716796875 -0.146713256835938
0.57061767578125 0.11749267578125 -0.0529937744140625 0.0878829956054688
0.544036865234375 0.0140380859375 -0.409515380859375 -0.231842041015625
0.48590087890625 -0.037811279296875 -0.57867431640625 0.1727294921875
0.4375 -0.20745849609375 -0.239410400390625 0.3555908203125
0.300933837890625 -0.31414794921875 0.057403564453125 0.2239990234375
0.1353759765625 -0.426971435546875 0.0869598388671875 -0.0296630859375
0.01611328125 -0.41436767578125 0.00339508056640626 -0.129547119140625
0.034149169921875 -0.3824462890625 -0.0666351318359375 -0.151901245117188
0.044403076171875 -0.415313720703125 -0.0626983642578125 -0.202423095703125
0.15863037109375 -0.407958984375 0.00782775878906251 -0.255783081054688
0.31182861328125 -0.31524658203125 0.0700836181640625 -0.251190185546875
0.391632080078125 -0.23443603515625 0.177459716796875 -0.23687744140625
0.472686767578125 0.00054931640625 0.306488037109375 -0.10888671875
0.546112060546875 0.114288330078125 0.275604248046875 -0.00654602050781249
0.5478515625 0.1256103515625 -0.0319480895996093 -0.0557022094726562
0.5443115234375 -0.024658203125 0.101058959960938 0.131401062011719
0.446136474609375 -0.1033935546875 -0.30548095703125 -0.167572021484375
0.36761474609375 -0.061248779296875 -0.51708984375 0.238922119140625
0.383544921875 -0.1668701171875 -0.2030029296875 0.443206787109375
0.30755615234375 -0.287445068359375 0.06219482421875 0.328582763671875
0.15478515625 -0.448638916015625 0.097747802734375 0.115203857421875
0.019073486328125 -0.4434814453125 0.038055419921875 0.0326423645019531
0.029541015625 -0.401336669921875 -0.033294677734375 -0.00214385986328127
0.05291748046875 -0.440704345703125 -0.0399551391601563 -0.0574951171875
0.1907958984375 -0.42181396484375 0.00910949707031251 -0.119094848632813
0.358184814453125 -0.291778564453125 0.070831298828125 -0.1474609375
0.423309326171875 -0.172271728515625 0.19525146484375 -0.161422729492188
0.428253173828125 0.072906494140625 0.367950439453125 -0.03912353515625
0.45697021484375 0.11871337890625 0.406341552734375 0.0633544921875
0.4937744140625 0.059417724609375 0.129020690917969 0.0432052612304688
0.410186767578125 -0.148956298828125 0.237823486328125 0.156600952148438
0.256500244140625 -0.152511596679688 -0.1998291015625 -0.0892181396484375
0.199783325195313 -0.0200958251953125 -0.409698486328125 0.280792236328125
0.29425048828125 -0.06787109375 -0.143890380859375 0.47564697265625
0.28070068359375 -0.208038330078125 0.060455322265625 0.389617919921875
0.15576171875 -0.3983154296875 0.103668212890625 0.248672485351562
0.0225830078125 -0.40228271484375 0.075225830078125 0.195724487304688
0.02166748046875 -0.359039306640625 0.00775146484375001 0.147781372070312
0.050994873046875 -0.404022216796875 -0.0183944702148437 0.0887451171875
0.188812255859375 -0.375 0.00121688842773439 0.0187091827392578
0.34246826171875 -0.222747802734375 0.0559005737304688 -0.04443359375
0.372161865234375 -0.07958984375 0.1917724609375 -0.084014892578125
0.2955322265625 0.123382568359375 0.40997314453125 0.032989501953125
0.29229736328125 0.084014892578125 0.5096435546875 0.1502685546875
0.374420166015625 -0.03826904296875 0.264434814453125 0.131149291992187
0.198104858398438 -0.236984252929688 0.3363037109375 0.168304443359375
0.0247344970703125 -0.133544921875 -0.106452941894531 -0.0118331909179688
0.031341552734375 0.0634193420410156 -0.29473876953125 0.28607177734375
0.19500732421875 0.048614501953125 -0.096466064453125 0.457366943359375
0.230117797851562 -0.1009521484375 0.04205322265625 0.413909912109375
0.139739990234375 -0.29205322265625 0.09698486328125 0.3565673828125
0.0252685546875 -0.29736328125 0.1083984375 0.334869384765625
0.0133209228515625 -0.262222290039063 0.0484771728515625 0.275741577148437
0.040008544921875 -0.311309814453125 0.00390625 0.211868286132813
0.16064453125 -0.27838134765625 -0.0125579833984375 0.135879516601562
0.272567749023438 -0.124298095703125 0.0285148620605469 0.0334701538085938
0.2490234375 0.0159912109375 0.17291259765625 -0.029510498046875
0.105514526367188 0.120208740234375 0.436065673828125 0.083404541015625
0.0895843505859375 -0.00743865966796875 0.5794677734375 0.22991943359375
0.214279174804688 -0.156036376953125 0.360992431640625 0.1904296875
-0.049163818359375 -0.28448486328125 0.377471923828125 0.168548583984375
-0.194168090820312 -0.0775909423828125 -0.0443649291992188 0.047271728515625
-0.111061096191406 0.137245178222656 -0.208694458007813 0.26190185546875
0.0867156982421875 0.1417236328125 -0.08282470703125 0.41339111328125
0.15167236328125 0.0057830810546875 0.00354003906250001 0.4080810546875
0.100051879882813 -0.149993896484375 0.080596923828125 0.42535400390625
0.0246124267578125 -0.147445678710938 0.129302978515625 0.427703857421875
0.00360107421875001 -0.125007629394531 0.083740234375 0.36114501953125
0.0232086181640625 -0.173919677734375 0.02191162109375 0.297149658203125
0.1068115234375 -0.145294189453125 -0.02691650390625 0.216690063476563
0.162124633789063 -0.01568603515625 -0.000770568847656247 0.0734481811523438
0.080047607421875 0.0934371948242187 0.155731201171875 -0.01361083984375
-0.100845336914063 0.0620498657226563 0.46435546875 0.099365234375
-0.109695434570312 -0.135391235351563 0.6114501953125 0.28790283203125
0.0383453369140625 -0.270828247070313 0.405914306640625 0.200958251953125
0.17578125 0.3128662109375 -0.370849609375 -0.105377197265625
0.314971923828125 0.20928955078125 -0.58642578125 -0.27288818359375
0.291290283203125 -0.0047607421875 -0.448272705078125 0.0166625976562499
0.122215270996094 -0.12176513671875 -0.1607666015625 0.055938720703125
0.0106887817382812 -0.080841064453125 0.0531158447265625 -0.0671119689941406
-0.0216579437255859 -0.0121059417724609 0.0544281005859375 -0.261032104492188
0.00777053833007813 -0.012324333190918 -0.04815673828125 -0.359161376953125
0.0208225250244141 -0.0315704345703125 -0.1134033203125 -0.376373291015625
-0.00939273834228516 -0.0121049880981445 -0.122467041015625 -0.42620849609375
-0.0391311645507813 -0.0404129028320313 -0.043365478515625 -0.450775146484375
-0.0378570556640625 -0.108207702636719 -0.00582885742187502 -0.402862548828125
0.0240020751953125 -0.179916381835938 0.0721435546875 -0.348907470703125
0.231689453125 -0.144638061523438 0.164535522460938 -0.242630004882812
0.336151123046875 0.0584716796875 -0.00362396240234372 -0.0622100830078125
0.228775024414063 0.184432983398438 -0.39263916015625 -0.25299072265625
0.352081298828125 0.307403564453125 -0.300811767578125 -0.04266357421875
0.448333740234375 0.211212158203125 -0.5560302734375 -0.27752685546875
0.438262939453125 0.026153564453125 -0.512298583984375 0.0584716796875001
0.2930908203125 -0.161651611328125 -0.188629150390625 0.134185791015625
0.13775634765625 -0.187911987304688 0.0617790222167969 -0.00749206542968751
0.0360565185546875 -0.178314208984375 0.056610107421875 -0.237823486328125
0.00607299804687498 -0.173690795898438 -0.05145263671875 -0.336395263671875
0.0234832763671875 -0.17999267578125 -0.1153564453125 -0.347198486328125
0.0047607421875 -0.180099487304688 -0.112548828125 -0.398468017578125
0.0251922607421875 -0.195755004882812 -0.02410888671875 -0.428558349609375
0.0829010009765625 -0.206893920898438 0.024566650390625 -0.378570556640625
0.15252685546875 -0.228134155273438 0.1019287109375 -0.321044921875
0.34051513671875 -0.12841796875 0.181564331054688 -0.204421997070312
0.469390869140625 0.05670166015625 0.0457496643066407 -0.0673637390136719
0.40472412109375 0.177276611328125 -0.318695068359375 -0.204864501953125
0.491485595703125 0.231109619140625 -0.189117431640625 0.0275421142578125
0.528350830078125 0.13055419921875 -0.49432373046875 -0.261016845703125
0.50439453125 0.00323486328125 -0.557830810546875 0.11456298828125
0.401153564453125 -0.200103759765625 -0.220565795898437 0.23797607421875
0.236495971679688 -0.27496337890625 0.05987548828125 0.0928573608398437
0.084136962890625 -0.3245849609375 0.0634918212890625 -0.15692138671875
0.00421142578125002 -0.313018798828125 -0.036712646484375 -0.254547119140625
0.024993896484375 -0.299041748046875 -0.101394653320313 -0.266510009765625
0.0194091796875 -0.317352294921875 -0.09344482421875 -0.317352294921875
0.090606689453125 -0.323089599609375 -0.00811767578125003 -0.359893798828125
0.202972412109375 -0.28314208984375 0.0491943359375 -0.3262939453125
0.281036376953125 -0.249801635742188 0.1375732421875 -0.285064697265625
0.427032470703125 -0.079345703125 0.232376098632813 -0.161239624023438
0.540374755859375 0.07391357421875 0.141448974609375 -0.0480804443359375
0.51116943359375 0.154327392578125 -0.193069458007812 -0.136093139648438
0.562042236328125 0.106475830078125 -0.04840087890625 0.0874786376953125
0.530181884765625 0.0006103515625 -0.405487060546875 -0.22039794921875
0.47998046875 -0.046905517578125 -0.558319091796875 0.180999755859375
0.422882080078125 -0.216583251953125 -0.22601318359375 0.348541259765625
0.28643798828125 -0.316741943359375 0.0616302490234375 0.211181640625
0.119598388671875 -0.419921875 0.0779800415039063 -0.0337753295898438
0.00338745117187501 -0.406494140625 -0.00604248046875 -0.126472473144531
0.022705078125 -0.37451171875 -0.0736541748046875 -0.146499633789063
0.0299072265625 -0.4039306640625 -0.070281982421875 -0.19598388671875
0.14190673828125 -0.402587890625 0.00268554687499999 -0.2510986328125
0.29608154296875 -0.318939208984375 0.06341552734375 -0.243209838867188
0.3775634765625 -0.23797607421875 0.1680908203125 -0.229843139648438
0.46533203125 -0.01116943359375 0.2978515625 -0.109130859375
0.53948974609375 0.098052978515625 0.268600463867188 -0.00842285156249999
0.5374755859375 0.11285400390625 -0.0357704162597656 -0.0506782531738281
0.53192138671875 -0.034027099609375 0.102630615234375 0.126861572265625
0.431884765625 -0.110595703125 -0.302642822265625 -0.159820556640625
0.36328125 -0.06658935546875 -0.496124267578125 0.24493408203125
0.37335205078125 -0.17510986328125 -0.188262939453125 0.4322509765625
0.29248046875 -0.2945556640625 0.068359375 0.312255859375
0.136138916015625 -0.442901611328125 0.0939254760742188 0.107765197753906
0.00451660156250002 -0.436187744140625 0.0336685180664063 0.0296058654785156
0.017578125 -0.39190673828125 -0.0352439880371094 -0.00247573852539064
0.03863525390625 -0.43157958984375 -0.0445022583007813 -0.0551109313964844
0.171234130859375 -0.417755126953125 0.00733184814453126 -0.117523193359375
0.342041015625 -0.298126220703125 0.0673065185546875 -0.1416015625
0.408905029296875 -0.1787109375 0.186737060546875 -0.156845092773438
0.424102783203125 0.063934326171875 0.357818603515625 -0.044189453125
0.45074462890625 0.10675048828125 0.39715576171875 0.057281494140625
0.4830322265625 0.049591064453125 0.123748779296875 0.0437164306640625
0.39813232421875 -0.15411376953125 0.237106323242188 0.150070190429688
0.24530029296875 -0.15411376953125 -0.197036743164062 -0.0857696533203125
0.199310302734375 -0.0214996337890625 -0.391204833984375 0.2830810546875
0.2886962890625 -0.077117919921875 -0.128997802734375 0.460845947265625
0.270050048828125 -0.214370727539063 0.0687255859375 0.374053955078125
0.139404296875 -0.395782470703125 0.10205078125 0.23663330078125
0.00854492187499999 -0.39697265625 0.0749969482421875 0.187271118164062
0.011016845703125 -0.351318359375 0.00828552246093749 0.142807006835937
0.03631591796875 -0.3951416015625 -0.017578125 0.0863265991210937
0.17169189453125 -0.373291015625 0.00409317016601563 0.0173177719116211
0.32916259765625 -0.231231689453125 0.0557899475097657 -0.0409393310546875
0.361785888671875 -0.087005615234375 0.184783935546875 -0.0806121826171875
0.294891357421875 0.11456298828125 0.400146484375 0.02484130859375
0.28887939453125 0.07470703125 0.499664306640625 0.139404296875
0.36334228515625 -0.043853759765625 0.25750732421875 0.126434326171875
0.18695068359375 -0.234832763671875 0.333343505859375 0.158966064453125
0.019989013671875 -0.129730224609375 -0.102493286132813 -0.0122756958007813
0.0358428955078125 0.0637435913085938 -0.279876708984375 0.2850341796875
0.19464111328125 0.0398712158203125 -0.082427978515625 0.442840576171875
0.224258422851563 -0.108932495117188 0.050140380859375 0.39654541015625
0.125213623046875 -0.291961669921875 0.10076904296875 0.34259033203125
0.01324462890625 -0.294708251953125 0.111175537109375 0.321685791015625
0.00604248046875001 -0.25762939453125 0.0530242919921875 0.26666259765625
0.02874755859375 -0.305084228515625 0.00753784179687501 0.206207275390625
0.145309448242188 -0.278839111328125 -0.00458526611328125 0.131965637207031
0.263259887695313 -0.133132934570313 0.0310173034667969 0.0361518859863281
0.244613647460938 0.00909423828125 0.167343139648438 -0.0264892578125
0.107948303222656 0.116462707519531 0.42425537109375 0.07305908203125
0.0880889892578125 -0.0094146728515625 0.5677490234375 0.2135009765625
0.205734252929688 -0.156646728515625 0.353240966796875 0.180694580078125
-0.0560455322265625 -0.275909423828125 0.37493896484375 0.15716552734375
-0.192245483398438 -0.06903076171875 -0.0392951965332031 0.0442428588867188
-0.104293823242188 0.13916015625 -0.196624755859375 0.257766723632813
0.0915451049804688 0.133613586425781 -0.06988525390625 0.398284912109375
0.150222778320313 -0.0029144287109375 0.01275634765625 0.3927001953125
0.08978271484375 -0.150665283203125 0.0860595703125 0.410186767578125
0.0170745849609375 -0.14764404296875 0.13568115234375 0.41046142578125
0.000671386718750005 -0.124183654785156 0.08990478515625 0.347808837890625
0.0153350830078125 -0.17181396484375 0.029510498046875 0.28887939453125
0.096893310546875 -0.147705078125 -0.015594482421875 0.212203979492188
0.15911865234375 -0.023468017578125 0.00283050537109375 0.07574462890625
0.0828781127929688 0.0894851684570313 0.150115966796875 -0.0106353759765625
-0.0967025756835937 0.0639572143554688 0.452484130859375 0.088226318359375
-0.110694885253906 -0.1295166015625 0.5999755859375 0.26898193359375
0.031768798828125 -0.2657470703125 0.397613525390625 0.1893310546875
0.182525634765625 0.31256103515625 -0.3665771484375 -0.105316162109375
0.319061279296875 0.20263671875 -0.5877685546875 -0.26763916015625
0.2921142578125 -0.01123046875 -0.4453125 0.0216369628906249
0.118118286132813 -0.124092102050781 -0.16009521484375 0.05755615234375
0.00724792480468749 -0.080169677734375 0.0487899780273438 -0.0731353759765625
-0.0213394165039063 -0.00800704956054688 0.044158935546875 -0.263031005859375
0.00858402252197266 -0.0118532180786133 -0.0596923828125 -0.355926513671875
0.0203876495361328 -0.0321292877197266 -0.12066650390625 -0.372650146484375
-0.00518226623535156 -0.0102653503417969 -0.130767822265625 -0.424774169921875
-0.0386199951171875 -0.0372352600097656 -0.051239013671875 -0.4512939453125
-0.0427093505859375 -0.106559753417969 -0.010955810546875 -0.398956298828125
0.019805908203125 -0.180618286132813 0.065673828125 -0.347442626953125
0.229660034179687 -0.150863647460937 0.157424926757813 -0.243255615234375
0.340118408203125 0.049163818359375 -0.00234603881835935 -0.0604171752929688
0.2335205078125 0.183517456054688 -0.3974609375 -0.244476318359375
0.35931396484375 0.30560302734375 -0.29583740234375 -0.0411071777343749
0.45318603515625 0.203033447265625 -0.560699462890625 -0.27301025390625
0.44329833984375 0.017242431640625 -0.50848388671875 0.0652160644531251
0.288848876953125 -0.16748046875 -0.18682861328125 0.1353759765625
0.132369995117188 -0.189926147460938 0.0599174499511719 -0.0131950378417969
0.03143310546875 -0.176483154296875 0.046783447265625 -0.240020751953125
0.00257873535156251 -0.172988891601563 -0.06146240234375 -0.334320068359375
0.0200347900390625 -0.179519653320313 -0.124725341796875 -0.34393310546875
0.00282287597656252 -0.179046630859375 -0.122772216796875 -0.394378662109375
0.02227783203125 -0.194259643554688 -0.03057861328125 -0.430389404296875
0.07781982421875 -0.209548950195313 0.01995849609375 -0.3756103515625
0.14923095703125 -0.230987548828125 0.097747802734375 -0.320159912109375
0.340301513671875 -0.1353759765625 0.1768798828125 -0.205276489257812
0.47412109375 0.045928955078125 0.0460243225097657 -0.0654792785644531
0.408599853515625 0.17327880859375 -0.323974609375 -0.19769287109375
0.49822998046875 0.2281494140625 -0.184555053710937 0.0289306640625
0.530853271484375 0.121490478515625 -0.499114990234375 -0.257049560546875
0.51153564453125 -0.00531005859375 -0.5555419921875 0.121673583984375
0.397430419921875 -0.209320068359375 -0.217727661132812 0.241256713867188
0.229415893554687 -0.280593872070313 0.0608367919921875 0.0869827270507812
0.0765380859375 -0.323394775390625 0.0548248291015625 -0.16015625
-0.00326538085937498 -0.31292724609375 -0.04693603515625 -0.253402709960938
0.018157958984375 -0.298187255859375 -0.109161376953125 -0.26373291015625
0.0137939453125 -0.315704345703125 -0.101715087890625 -0.313232421875
0.083892822265625 -0.324066162109375 -0.014892578125 -0.36322021484375
0.197052001953125 -0.290435791015625 0.044403076171875 -0.322998046875
0.278854370117187 -0.257171630859375 0.133087158203125 -0.283294677734375
0.429412841796875 -0.088043212890625 0.230331420898438 -0.163116455078125
0.547515869140625 0.064727783203125 0.1422119140625 -0.0466156005859375
0.51373291015625 0.14837646484375 -0.197479248046875 -0.130096435546875
0.5655517578125 0.09735107421875 -0.043975830078125 0.0888137817382812
0.529754638671875 -0.008270263671875 -0.410675048828125 -0.216827392578125
0.486297607421875 -0.05584716796875 -0.55316162109375 0.18951416015625
0.419403076171875 -0.227142333984375 -0.219879150390625 0.351165771484375
0.280364990234375 -0.32476806640625 0.0643157958984375 0.20440673828125
0.108734130859375 -0.421356201171875 0.0715713500976562 -0.0369873046875
-0.00738525390625002 -0.408416748046875 -0.0133285522460938 -0.127693176269531
0.01519775390625 -0.373992919921875 -0.0799713134765625 -0.144989013671875
0.022064208984375 -0.40423583984375 -0.076324462890625 -0.194580078125
0.131591796875 -0.40655517578125 -0.00126647949218749 -0.252777099609375
0.288360595703125 -0.32806396484375 0.060089111328125 -0.241424560546875
0.3740234375 -0.246124267578125 0.164886474609375 -0.228683471679688
0.4697265625 -0.018402099609375 0.296600341796875 -0.112640380859375
0.546173095703125 0.087158203125 0.26837158203125 -0.00898742675781249
0.539703369140625 0.107086181640625 -0.0387687683105468 -0.0460357666015625
0.53350830078125 -0.040924072265625 0.106643676757813 0.128135681152344
0.429473876953125 -0.1163330078125 -0.307220458984375 -0.158660888671875
0.36907958984375 -0.07196044921875 -0.490386962890625 0.2520751953125
0.372772216796875 -0.185516357421875 -0.181732177734375 0.43212890625
0.28826904296875 -0.30328369140625 0.073394775390625 0.304595947265625
0.126495361328125 -0.4471435546875 0.0897369384765625 0.103271484375
-0.00805664062499995 -0.437835693359375 0.0297889709472656 0.0267772674560547
0.00955200195312498 -0.39312744140625 -0.0395774841308594 -0.00192642211914064
0.027984619140625 -0.43121337890625 -0.0489540100097656 -0.0528793334960938
0.1595458984375 -0.42205810546875 0.00669097900390627 -0.119613647460938
0.33544921875 -0.3095703125 0.0659332275390625 -0.139854431152344
0.406829833984375 -0.188812255859375 0.184555053710938 -0.154434204101563
0.42877197265625 0.05767822265625 0.358917236328125 -0.047088623046875
0.455657958984375 0.099456787109375 0.397705078125 0.05584716796875
0.482513427734375 0.0433349609375 0.121482849121094 0.0452346801757812
0.396484375 -0.159759521484375 0.242172241210938 0.149154663085938
0.241790771484375 -0.15728759765625 -0.198516845703125 -0.085601806640625
0.205551147460937 -0.0234222412109375 -0.384002685546875 0.289337158203125
0.290252685546875 -0.086029052734375 -0.121917724609375 0.46044921875
0.266586303710938 -0.225509643554688 0.074432373046875 0.365234375
0.127227783203125 -0.400909423828125 0.101776123046875 0.232528686523438
-0.00354003906250003 -0.40057373046875 0.0747222900390625 0.183242797851562
0.003875732421875 -0.353912353515625 0.00788879394531249 0.141433715820313
0.02630615234375 -0.395782470703125 -0.0186080932617188 0.087127685546875
0.159515380859375 -0.378814697265625 0.00707054138183595 0.0155172348022461
0.324859619140625 -0.24224853515625 0.0562705993652344 -0.039093017578125
0.36138916015625 -0.09576416015625 0.184051513671875 -0.078521728515625
0.299957275390625 0.110626220703125 0.400421142578125 0.02093505859375
0.29205322265625 0.0697021484375 0.501251220703125 0.134246826171875
0.362548828125 -0.0489501953125 0.256240844726562 0.12725830078125
0.183334350585938 -0.23809814453125 0.338348388671875 0.15576171875
0.0159454345703125 -0.127876281738281 -0.101486206054687 -0.0131988525390625
0.0413627624511719 0.066253662109375 -0.273040771484375 0.2880859375
0.19842529296875 0.032958984375 -0.076141357421875 0.43878173828125
0.223968505859375 -0.118270874023438 0.05633544921875 0.38922119140625
0.11614990234375 -0.296356201171875 0.101287841796875 0.337677001953125
0.00354003906250002 -0.298309326171875 0.115386962890625 0.3167724609375
-0.000549316406249991 -0.260086059570313 0.0568084716796875 0.263565063476562
0.019744873046875 -0.306549072265625 0.0102386474609375 0.2066650390625
0.136260986328125 -0.28436279296875 0.000663757324218762 0.130905151367187
0.26165771484375 -0.143295288085937 0.0336837768554688 0.0393257141113281
0.246780395507813 0.0044403076171875 0.166122436523438 -0.023406982421875
0.110527038574219 0.114578247070312 0.423065185546875 0.06781005859375
0.08880615234375 -0.0111465454101563 0.568115234375 0.20782470703125
0.203536987304688 -0.1605224609375 0.35235595703125 0.1806640625
-0.0635986328125 -0.274490356445313 0.379669189453125 0.1522216796875
-0.194793701171875 -0.0627593994140625 -0.0360870361328125 0.0421218872070313
-0.100341796875 0.144241333007813 -0.19061279296875 0.259017944335938
0.0960769653320313 0.129539489746094 -0.064727783203125 0.39471435546875
0.151275634765625 -0.0102081298828125 0.018646240234375 0.38690185546875
0.0840606689453125 -0.154983520507813 0.09136962890625 0.4053955078125
0.0106048583984375 -0.15142822265625 0.145050048828125 0.404541015625
-0.002410888671875 -0.12713623046875 0.098388671875 0.34423828125
0.00932312011718752 -0.172698974609375 0.035308837890625 0.2882080078125
0.09124755859375 -0.153213500976563 -0.00720214843750001 0.212738037109375
0.160369873046875 -0.031707763671875 0.0063018798828125 0.0804824829101563
0.0872726440429688 0.0875015258789063 0.149948120117188 -0.00701904296874999
-0.0962371826171875 0.065887451171875 0.449951171875 0.08184814453125
-0.113166809082031 -0.129203796386719 0.60443115234375 0.26165771484375
0.0285491943359375 -0.268096923828125 0.397186279296875 0.188079833984375
0.199005126953125 0.31695556640625 -0.372161865234375 -0.102203369140625
0.333831787109375 0.19403076171875 -0.60528564453125 -0.25775146484375
0.297607421875 -0.024169921875 -0.451446533203125 0.033416748046875
0.11395263671875 -0.128936767578125 -0.160903930664063 0.0626983642578125
0.00267028808593749 -0.0801315307617187 0.0454330444335938 -0.0801773071289063
-0.0222759246826172 -0.002899169921875 0.029693603515625 -0.271514892578125
0.00944614410400391 -0.0106449127197266 -0.075439453125 -0.357818603515625
0.0200862884521484 -0.0328330993652344 -0.136383056640625 -0.373870849609375
-0.00287818908691406 -0.00865030288696289 -0.148681640625 -0.425689697265625
-0.0393524169921875 -0.0339736938476563 -0.069915771484375 -0.45953369140625
-0.0494461059570313 -0.105667114257813 -0.02313232421875 -0.4036865234375
0.013519287109375 -0.18487548828125 0.055755615234375 -0.354736328125
0.229248046875 -0.164871215820313 0.149749755859375 -0.251220703125
0.3511962890625 0.03582763671875 -0.00154113769531249 -0.0589408874511719
0.245880126953125 0.183029174804688 -0.4139404296875 -0.235137939453125
0.37957763671875 0.302642822265625 -0.29827880859375 -0.036865234375
0.470489501953125 0.1912841796875 -0.58001708984375 -0.26385498046875
0.455474853515625 -6.103515625E-05 -0.51416015625 0.082305908203125
0.287567138671875 -0.18157958984375 -0.18597412109375 0.143478393554688
0.125808715820313 -0.198013305664063 0.0587844848632813 -0.0204849243164063
0.025299072265625 -0.176742553710938 0.0337066650390625 -0.247772216796875
-0.00399780273437502 -0.1749267578125 -0.07977294921875 -0.3358154296875
0.0134735107421875 -0.18243408203125 -0.141357421875 -0.344451904296875
-0.0015106201171875 -0.18170166015625 -0.13970947265625 -0.3961181640625
0.015533447265625 -0.197616577148438 -0.048675537109375 -0.43927001953125
0.0699005126953125 -0.217300415039063 0.00857543945312499 -0.381103515625
0.144454956054688 -0.241134643554688 0.089447021484375 -0.3258056640625
0.34503173828125 -0.15289306640625 0.172760009765625 -0.213043212890625
0.488983154296875 0.027923583984375 0.0465431213378906 -0.0652351379394531
0.424530029296875 0.16680908203125 -0.3380126953125 -0.187713623046875
0.518402099609375 0.218109130859375 -0.183242797851563 0.0341339111328125
0.546478271484375 0.1046142578125 -0.5172119140625 -0.24957275390625
0.52685546875 -0.025390625 -0.5589599609375 0.141510009765625
0.39776611328125 -0.229736328125 -0.21392822265625 0.2525634765625
0.222747802734375 -0.295989990234375 0.0633697509765625 0.0826034545898437
0.06549072265625 -0.329742431640625 0.04498291015625 -0.16693115234375
-0.0167236328125 -0.317962646484375 -0.0608673095703125 -0.256195068359375
0.00653076171874998 -0.304107666015625 -0.124313354492188 -0.264144897460938
0.00350952148437497 -0.32269287109375 -0.11651611328125 -0.3145751953125
0.071624755859375 -0.334197998046875 -0.02886962890625 -0.370330810546875
0.189910888671875 -0.30438232421875 0.035186767578125 -0.32904052734375
0.275955200195313 -0.27203369140625 0.127227783203125 -0.29010009765625
0.438995361328125 -0.10614013671875 0.228713989257813 -0.171920776367188
0.56365966796875 0.04364013671875 0.144851684570313 -0.0486602783203125
0.53106689453125 0.13800048828125 -0.208099365234375 -0.122467041015625
0.5836181640625 0.0830078125 -0.038299560546875 0.0931549072265625
0.541961669921875 -0.025421142578125 -0.427642822265625 -0.21160888671875
0.4998779296875 -0.07513427734375 -0.5548095703125 0.2113037109375
0.421173095703125 -0.249237060546875 -0.21466064453125 0.362823486328125
0.27252197265625 -0.344146728515625 0.0717010498046875 0.201370239257813
0.094757080078125 -0.432220458984375 0.0666007995605469 -0.0430755615234375
-0.025177001953125 -0.415985107421875 -0.023468017578125 -0.130142211914063
-9.1552734375015E-05 -0.38177490234375 -0.09149169921875 -0.144744873046875
0.00772094726562502 -0.411956787109375 -0.0877227783203125 -0.193130493164063
0.11737060546875 -0.41973876953125 -0.01141357421875 -0.261215209960937
0.281890869140625 -0.34857177734375 0.0548858642578125 -0.2457275390625
0.375396728515625 -0.26580810546875 0.161514282226563 -0.23486328125
0.482940673828125 -0.0345458984375 0.299774169921875 -0.122772216796875
0.56329345703125 0.07110595703125 0.275558471679688 -0.013427734375
0.554107666015625 0.095489501953125 -0.0426368713378906 -0.0409927368164062
0.547271728515625 -0.05877685546875 0.116539001464844 0.129783630371094
0.433074951171875 -0.1326904296875 -0.32049560546875 -0.154144287109375
0.38128662109375 -0.0860595703125 -0.489715576171875 0.272705078125
0.37603759765625 -0.20684814453125 -0.17242431640625 0.4453125
0.282440185546875 -0.322845458984375 0.08404541015625 0.303619384765625
0.109954833984375 -0.460968017578125 0.090606689453125 0.0992965698242187
-0.027618408203125 -0.447479248046875 0.0258445739746094 0.0249500274658203
-0.00650024414062496 -0.401885986328125 -0.0447463989257813 -9.53674316406572E-05
0.00991821289062496 -0.4400634765625 -0.0537757873535156 -0.0504379272460938
0.143341064453125 -0.43756103515625 0.00183105468750002 -0.124984741210938
0.3297119140625 -0.332916259765625 0.0643310546875 -0.141937255859375
0.409423828125 -0.208587646484375 0.184234619140625 -0.159469604492188
0.4439697265625 0.044677734375 0.364501953125 -0.058135986328125
0.47222900390625 0.08477783203125 0.40899658203125 0.046600341796875
0.495819091796875 0.02899169921875 0.123748779296875 0.0485763549804687
0.401702880859375 -0.175445556640625 0.254898071289062 0.146820068359375
0.240829467773437 -0.1668701171875 -0.205520629882812 -0.0831604003906251
0.214981079101563 -0.02972412109375 -0.38018798828125 0.305755615234375
0.295501708984375 -0.1014404296875 -0.109832763671875 0.4708251953125
0.26495361328125 -0.243362426757812 0.0869445800781251 0.363922119140625
0.11273193359375 -0.4156494140625 0.107101440429688 0.231582641601562
-0.023681640625 -0.409698486328125 0.0780181884765625 0.181243896484375
-0.010711669921875 -0.361480712890625 0.00933837890624999 0.143051147460937
0.01043701171875 -0.404571533203125 -0.0176010131835937 0.0915908813476562
0.14422607421875 -0.39471435546875 0.00798225402832032 0.0126466751098633
0.3211669921875 -0.26422119140625 0.057830810546875 -0.0386886596679688
0.3665771484375 -0.111236572265625 0.186187744140625 -0.0812530517578125
0.312591552734375 0.102508544921875 0.407989501953125 0.00946044921875001
0.302764892578125 0.06085205078125 0.514617919921875 0.1246337890625
0.369232177734375 -0.061248779296875 0.263442993164063 0.127120971679688
0.179214477539063 -0.249252319335938 0.353546142578125 0.150299072265625
0.01171875 -0.128219604492188 -0.103805541992188 -0.0126419067382813
0.0491485595703125 0.0685081481933594 -0.26708984375 0.30120849609375
0.206222534179688 0.0237884521484375 -0.06329345703125 0.4461669921875
0.224395751953125 -0.133941650390625 0.0694580078125001 0.38861083984375
0.104278564453125 -0.308807373046875 0.109954833984375 0.339263916015625
-0.013031005859375 -0.307098388671875 0.12701416015625 0.31414794921875
-0.0118255615234375 -0.267166137695313 0.06494140625 0.2652587890625
0.00531005859375002 -0.31341552734375 0.017578125 0.211090087890625
0.124114990234375 -0.297943115234375 0.00878906250000002 0.131156921386719
0.260955810546875 -0.161163330078125 0.0373916625976563 0.0418930053710937
0.253372192382813 -0.0059814453125 0.16973876953125 -0.0245819091796875
0.117668151855469 0.114814758300781 0.431976318359375 0.057220458984375
0.090301513671875 -0.01519775390625 0.5858154296875 0.1971435546875
0.203125 -0.171356201171875 0.36248779296875 0.17877197265625
-0.075775146484375 -0.278091430664063 0.394775390625 0.144195556640625
-0.20123291015625 -0.05462646484375 -0.0328330993652344 0.0416221618652344
-0.0946197509765625 0.153884887695312 -0.184982299804687 0.268173217773438
0.105209350585938 0.127365112304688 -0.055084228515625 0.399871826171875
0.154525756835938 -0.02032470703125 0.030303955078125 0.389404296875
0.076568603515625 -0.162582397460937 0.103424072265625 0.408447265625
0.000976562500000016 -0.1566162109375 0.160797119140625 0.40313720703125
-0.00785064697265625 -0.132125854492188 0.111785888671875 0.345947265625
0.000595092773437517 -0.177581787109375 0.047332763671875 0.293182373046875
0.085357666015625 -0.162643432617188 0.00456237792968752 0.215316772460937
0.163253784179688 -0.0430145263671875 0.0112380981445313 0.0852127075195313
0.0942230224609375 0.0857009887695313 0.152938842773438 -0.00804138183593749
-0.096771240234375 0.071563720703125 0.458404541015625 0.069305419921875
-0.12127685546875 -0.128944396972656 0.6226806640625 0.25048828125
0.020843505859375 -0.276885986328125 0.40948486328125 0.1854248046875
0.22381591796875 0.314666748046875 -0.380096435546875 -0.0897216796875
0.354156494140625 0.175201416015625 -0.63134765625 -0.22979736328125
0.301300048828125 -0.045684814453125 -0.455169677734375 0.059173583984375
0.105873107910156 -0.1375732421875 -0.159454345703125 0.072265625
-0.00495147705078126 -0.0794677734375 0.0376815795898438 -0.088836669921875
-0.0219516754150391 0.00308609008789062 0.00779724121093747 -0.279342651367187
0.00915908813476563 -0.00858497619628906 -0.101470947265625 -0.3570556640625
0.0186443328857422 -0.0334110260009766 -0.162872314453125 -0.369293212890625
0.000264644622802734 -0.00787687301635742 -0.178375244140625 -0.42315673828125
-0.0410995483398438 -0.0295791625976562 -0.1015625 -0.462890625
-0.0597610473632812 -0.102302551269531 -0.047607421875 -0.407684326171875
0.000915527343749988 -0.188934326171875 0.03564453125 -0.361114501953125
0.22216796875 -0.1844482421875 0.133804321289063 -0.261474609375
0.362579345703125 0.012725830078125 -0.00272369384765622 -0.0579795837402344
0.264801025390625 0.174896240234375 -0.437469482421875 -0.2137451171875
0.406524658203125 0.287445068359375 -0.30157470703125 -0.0250244140625
0.4906005859375 0.1640625 -0.60540771484375 -0.23663330078125
0.466400146484375 -0.03173828125 -0.516815185546875 0.11151123046875
0.279998779296875 -0.203826904296875 -0.18048095703125 0.156097412109375
0.112579345703125 -0.207855224609375 0.0557746887207031 -0.0286216735839844
0.0140228271484375 -0.176986694335938 0.013214111328125 -0.255401611328125
-0.01641845703125 -0.1751708984375 -0.104766845703125 -0.335296630859375
0.00172424316406252 -0.185028076171875 -0.167877197265625 -0.33892822265625
-0.011199951171875 -0.1842041015625 -0.1683349609375 -0.39166259765625
0.00256347656249999 -0.2005615234375 -0.07928466796875 -0.445343017578125
0.0543975830078125 -0.225234985351563 -0.013275146484375 -0.386962890625
0.130996704101563 -0.25567626953125 0.07086181640625 -0.33428955078125
0.343719482421875 -0.1790771484375 0.161346435546875 -0.2247314453125
0.503814697265625 -0.00396728515625 0.0465011596679688 -0.0670394897460938
0.4466552734375 0.147979736328125 -0.356719970703125 -0.168914794921875
0.54425048828125 0.192962646484375 -0.179885864257813 0.043609619140625
0.56243896484375 0.07366943359375 -0.54376220703125 -0.227386474609375
0.539764404296875 -0.061859130859375 -0.558807373046875 0.176727294921875
0.39056396484375 -0.259674072265625 -0.202865600585938 0.26849365234375
0.205474853515625 -0.3154296875 0.0683441162109375 0.0742721557617187
0.045501708984375 -0.33648681640625 0.0302734375 -0.173721313476563
-0.0404052734375 -0.320159912109375 -0.0832977294921875 -0.255645751953125
-0.013427734375 -0.308624267578125 -0.147964477539062 -0.258636474609375
-0.016998291015625 -0.32818603515625 -0.141448974609375 -0.311004638671875
0.0494384765625 -0.34375 -0.05517578125 -0.377593994140625
0.170654296875 -0.323516845703125 0.01708984375 -0.335235595703125
0.26409912109375 -0.294952392578125 0.113250732421875 -0.30096435546875
0.442962646484375 -0.13629150390625 0.222915649414063 -0.1864013671875
0.58087158203125 0.0072021484375 0.14727783203125 -0.0564117431640625
0.552459716796875 0.1126708984375 -0.219635009765625 -0.1072998046875
0.6026611328125 0.04974365234375 -0.0294647216796875 0.0969009399414063
0.547698974609375 -0.05859375 -0.451202392578125 -0.19268798828125
0.510589599609375 -0.10992431640625 -0.549957275390625 0.246856689453125
0.414703369140625 -0.282745361328125 -0.1959228515625 0.382781982421875
0.254180908203125 -0.369110107421875 0.0848236083984375 0.195907592773438
0.0660400390625 -0.445770263671875 0.0603599548339844 -0.0490760803222657
-0.056427001953125 -0.420989990234375 -0.0381011962890625 -0.1304931640625
-0.026702880859375 -0.38800048828125 -0.107460021972656 -0.138534545898438
-0.021087646484375 -0.42041015625 -0.103500366210938 -0.189285278320313
0.088775634765625 -0.43365478515625 -0.030181884765625 -0.267181396484375
0.2623291015625 -0.376068115234375 0.042083740234375 -0.25213623046875
0.365447998046875 -0.29486083984375 0.15179443359375 -0.245193481445312
0.49346923828125 -0.06671142578125 0.29840087890625 -0.140716552734375
0.5811767578125 0.0372314453125 0.282470703125 -0.02752685546875
0.5728759765625 0.067626953125 -0.0463829040527343 -0.0342140197753906
0.5548095703125 -0.094696044921875 0.130653381347656 0.125495910644531
0.433441162109375 -0.160675048828125 -0.336700439453125 -0.140472412109375
0.390289306640625 -0.11248779296875 -0.4805908203125 0.30645751953125
0.37066650390625 -0.235504150390625 -0.1485595703125 0.4622802734375
0.266998291015625 -0.35040283203125 0.10333251953125 0.298370361328125
0.080230712890625 -0.477142333984375 0.0927047729492187 0.0942535400390625
-0.062347412109375 -0.45452880859375 0.0223808288574219 0.023019790649414
-0.033203125 -0.407867431640625 -0.0508689880371094 0.00373840332031247
-0.01922607421875 -0.44757080078125 -0.0601348876953125 -0.0460853576660156
0.113555908203125 -0.4552001953125 -0.007568359375 -0.130409240722656
0.311798095703125 -0.362518310546875 0.05731201171875 -0.146270751953125
0.404815673828125 -0.23828125 0.179428100585938 -0.170120239257813
0.45623779296875 0.01654052734375 0.3685302734375 -0.079833984375
0.489166259765625 0.05657958984375 0.421478271484375 0.027496337890625
0.507537841796875 0.00262451171875 0.127662658691406 0.0475921630859375
0.39923095703125 -0.204315185546875 0.272750854492188 0.136703491210938
0.235092163085938 -0.182907104492188 -0.215591430664062 -0.074951171875
0.223159790039062 -0.043975830078125 -0.3662109375 0.3338623046875
0.29644775390625 -0.12445068359375 -0.084228515625 0.483001708984375
0.2537841796875 -0.269195556640625 0.108367919921875 0.361572265625
0.086151123046875 -0.431365966796875 0.119064331054687 0.227783203125
-0.056365966796875 -0.41607666015625 0.086578369140625 0.177993774414062
-0.03570556640625 -0.368438720703125 0.0138397216796875 0.14581298828125
-0.019012451171875 -0.413238525390625 -0.0133514404296875 0.095703125
0.11822509765625 -0.411590576171875 0.00864791870117188 0.00902366638183591
0.306854248046875 -0.2938232421875 0.0575942993164063 -0.0404777526855469
0.36688232421875 -0.137664794921875 0.186325073242188 -0.0894012451171875
0.326324462890625 0.085906982421875 0.41571044921875 -0.013824462890625
0.3131103515625 0.043060302734375 0.534271240234375 0.098968505859375
0.37286376953125 -0.084228515625 0.275070190429687 0.119979858398437
0.166839599609375 -0.265762329101563 0.373687744140625 0.134124755859375
0.00410461425781251 -0.128929138183594 -0.106170654296875 -0.00936126708984377
0.0601310729980469 0.0681571960449219 -0.250885009765625 0.32196044921875
0.213790893554687 0.0089874267578125 -0.038543701171875 0.4552001953125
0.220413208007812 -0.155487060546875 0.0911865234375 0.3878173828125
0.083465576171875 -0.32281494140625 0.131195068359375 0.33563232421875
-0.038604736328125 -0.3131103515625 0.14520263671875 0.310089111328125
-0.03143310546875 -0.273574829101562 0.079742431640625 0.2647705078125
-0.01849365234375 -0.319976806640625 0.031707763671875 0.21478271484375
0.101806640625 -0.31317138671875 0.01922607421875 0.130157470703125
0.253692626953125 -0.18560791015625 0.0427589416503906 0.0437240600585937
0.259201049804688 -0.023284912109375 0.171737670898438 -0.029998779296875
0.127761840820313 0.110740661621094 0.4423828125 0.03314208984375
0.0901336669921875 -0.0216140747070313 0.61016845703125 0.1688232421875
0.196487426757812 -0.18963623046875 0.378814697265625 0.1656494140625
-0.0958251953125 -0.278106689453125 0.41552734375 0.124359130859375
-0.208084106445313 -0.0391998291015625 -0.030303955078125 0.0412673950195313
-0.083526611328125 0.164749145507813 -0.17083740234375 0.28253173828125
0.116806030273437 0.120567321777344 -0.032562255859375 0.40771484375
0.156356811523438 -0.034576416015625 0.050933837890625 0.39166259765625
0.0647430419921875 -0.17218017578125 0.127655029296875 0.4078369140625
-0.013946533203125 -0.161788940429688 0.1871337890625 0.396881103515625
-0.018096923828125 -0.137107849121094 0.13458251953125 0.3426513671875
-0.0129852294921875 -0.182083129882813 0.069610595703125 0.29608154296875
0.073028564453125 -0.173690795898438 0.022125244140625 0.216629028320312
0.163345336914063 -0.0591278076171875 0.018463134765625 0.0897216796875
0.1033935546875 0.0799179077148438 0.155319213867188 -0.0126190185546875
-0.095550537109375 0.0807571411132812 0.468170166015625 0.043609619140625
-0.133010864257813 -0.125022888183594 0.64874267578125 0.21881103515625
0.00436401367187503 -0.287017822265625 0.4266357421875 0.17022705078125
0.24786376953125 0.298126220703125 -0.381317138671875 -0.0679931640625001
0.3671875 0.14544677734375 -0.64349365234375 -0.182861328125
0.294036865234375 -0.072509765625 -0.44482421875 0.0920715332031249
0.0916900634765625 -0.144256591796875 -0.15167236328125 0.081939697265625
-0.01397705078125 -0.0753097534179688 0.0262680053710937 -0.0943679809570313
-0.020111083984375 0.00921058654785157 -0.0214691162109375 -0.277069091796875
0.0104951858520508 -0.00751590728759766 -0.1307373046875 -0.343719482421875
0.0165195465087891 -0.0329399108886719 -0.1904296875 -0.35089111328125
0.00233745574951172 -0.00812482833862305 -0.212554931640625 -0.40277099609375
-0.0419502258300781 -0.0235977172851562 -0.140716552734375 -0.450103759765625
-0.070159912109375 -0.094329833984375 -0.076751708984375 -0.398162841796875
-0.0147705078125 -0.187698364257813 0.005950927734375 -0.358795166015625
0.20465087890625 -0.204025268554688 0.110198974609375 -0.265411376953125
0.362945556640625 -0.018310546875 -0.00407791137695311 -0.0565338134765625
0.280517578125 0.15570068359375 -0.450714111328125 -0.1754150390625
0.4288330078125 0.25775146484375 -0.296722412109375 -0.00769042968749993
0.500091552734375 0.124786376953125 -0.6209716796875 -0.1927490234375
0.4608154296875 -0.071807861328125 -0.502044677734375 0.148834228515625
0.260147094726563 -0.224044799804688 -0.166778564453125 0.167953491210938
0.092193603515625 -0.213699340820313 0.0503196716308594 -0.0372047424316406
-9.15527343749846E-05 -0.172164916992188 -0.0135955810546875 -0.254730224609375
-0.0296478271484375 -0.168838500976563 -0.134490966796875 -0.322174072265625
-0.013763427734375 -0.181427001953125 -0.19488525390625 -0.319915771484375
-0.0247802734375 -0.181976318359375 -0.200164794921875 -0.373077392578125
-0.0134735107421875 -0.197647094726563 -0.119110107421875 -0.43511962890625
0.033233642578125 -0.226455688476563 -0.043731689453125 -0.3809814453125
0.109481811523438 -0.264266967773438 0.0447998046875 -0.334716796875
0.326934814453125 -0.206634521484375 0.141647338867188 -0.231491088867188
0.503448486328125 -0.04620361328125 0.0438003540039063 -0.068817138671875
0.4586181640625 0.11395263671875 -0.3671875 -0.136871337890625
0.556884765625 0.149627685546875 -0.1708984375 0.052886962890625
0.5633544921875 0.0299072265625 -0.55767822265625 -0.1854248046875
0.533599853515625 -0.107452392578125 -0.54010009765625 0.216705322265625
0.366607666015625 -0.290496826171875 -0.180267333984375 0.28302001953125
0.17681884765625 -0.328369140625 0.0708847045898438 0.064483642578125
0.0169677734375 -0.335113525390625 0.0103759765625 -0.175994873046875
-0.06732177734375 -0.311431884765625 -0.1077880859375 -0.244888305664063
-0.03912353515625 -0.30303955078125 -0.170944213867188 -0.241134643554688
-0.043914794921875 -0.324310302734375 -0.167327880859375 -0.295623779296875
0.018890380859375 -0.34344482421875 -0.089569091796875 -0.369903564453125
0.140350341796875 -0.3350830078125 -0.00848388671874997 -0.331787109375
0.239013671875 -0.314697265625 0.089385986328125 -0.303619384765625
0.430877685546875 -0.172210693359375 0.207305908203125 -0.199630737304688
0.5821533203125 -0.0384521484375 0.145217895507813 -0.065093994140625
0.559600830078125 0.070526123046875 -0.227066040039062 -0.0859832763671875
0.6031494140625 0.00189208984375 -0.017120361328125 0.09649658203125
0.540191650390625 -0.099761962890625 -0.46331787109375 -0.159576416015625
0.503570556640625 -0.15386962890625 -0.526031494140625 0.2869873046875
0.3892822265625 -0.31671142578125 -0.16387939453125 0.395538330078125
0.22039794921875 -0.387939453125 0.0982513427734375 0.1826171875
0.02935791015625 -0.446502685546875 0.050018310546875 -0.0547447204589844
-0.093109130859375 -0.41046142578125 -0.0532989501953125 -0.125396728515625
-0.059722900390625 -0.380828857421875 -0.122291564941406 -0.12603759765625
-0.0543212890625 -0.4146728515625 -0.120269775390625 -0.177627563476563
0.04925537109375 -0.43701171875 -0.056182861328125 -0.2635498046875
0.22760009765625 -0.394805908203125 0.0231781005859375 -0.250778198242188
0.33905029296875 -0.32305908203125 0.13226318359375 -0.252182006835938
0.486358642578125 -0.1058349609375 0.285858154296875 -0.1605224609375
0.58367919921875 -0.0101318359375 0.280838012695313 -0.0471954345703125
0.57708740234375 0.0233154296875 -0.0489006042480468 -0.0245361328125
0.54437255859375 -0.13690185546875 0.14495849609375 0.115585327148437
0.41656494140625 -0.193511962890625 -0.347625732421875 -0.115966796875
0.38427734375 -0.14715576171875 -0.449920654296875 0.339996337890625
0.349395751953125 -0.266387939453125 -0.11053466796875 0.469268798828125
0.234710693359375 -0.3720703125 0.124298095703125 0.28326416015625
0.040435791015625 -0.479644775390625 0.0950241088867188 0.0847930908203125
-0.1029052734375 -0.44403076171875 0.0185375213623047 0.0212669372558593
-0.06793212890625 -0.39990234375 -0.055206298828125 0.0102767944335937
-0.058349609375 -0.442962646484375 -0.0646171569824219 -0.0387992858886719
0.071075439453125 -0.459716796875 -0.021820068359375 -0.130607604980469
0.275970458984375 -0.38934326171875 0.0467529296875 -0.147628784179688
0.383209228515625 -0.270477294921875 0.166641235351563 -0.178192138671875
0.4569091796875 -0.019622802734375 0.360565185546875 -0.105255126953125
0.492584228515625 0.01763916015625 0.42431640625 -0.003662109375
0.5052490234375 -0.035430908203125 0.130859375 0.0432357788085938
0.381195068359375 -0.235443115234375 0.286529541015625 0.115142822265625
0.219192504882813 -0.198867797851563 -0.220367431640625 -0.0597686767578125
0.224166870117187 -0.06402587890625 -0.33746337890625 0.3568115234375
0.2857666015625 -0.149993896484375 -0.0455627441406249 0.48516845703125
0.2293701171875 -0.290924072265625 0.134857177734375 0.344818115234375
0.0472412109375 -0.43609619140625 0.131393432617188 0.215621948242187
-0.094268798828125 -0.4075927734375 0.0951690673828125 0.16925048828125
-0.06842041015625 -0.361907958984375 0.0208740234375 0.144790649414063
-0.055877685546875 -0.408203125 -0.00617980957031251 0.0971221923828125
0.077728271484375 -0.4176025390625 0.00771474838256836 0.00530624389648435
0.2779541015625 -0.3199462890625 0.0559310913085938 -0.0424842834472656
0.35333251953125 -0.16748046875 0.178619384765625 -0.098907470703125
0.33245849609375 0.060455322265625 0.412078857421875 -0.043609619140625
0.3148193359375 0.018768310546875 0.539825439453125 0.059173583984375
0.363800048828125 -0.113128662109375 0.282470703125 0.103851318359375
0.144073486328125 -0.278167724609375 0.386962890625 0.105987548828125
-0.00496673583984376 -0.125984191894531 -0.106414794921875 -0.00376129150390625
0.070587158203125 0.0629959106445313 -0.223358154296875 0.33734130859375
0.21514892578125 -0.0109100341796875 -0.00329589843750003 0.45233154296875
0.205474853515625 -0.176177978515625 0.119781494140625 0.37445068359375
0.053070068359375 -0.328277587890625 0.151336669921875 0.322906494140625
-0.069305419921875 -0.307647705078125 0.164825439453125 0.295074462890625
-0.0557861328125 -0.269927978515625 0.097015380859375 0.256240844726563
-0.046630859375 -0.31591796875 0.049713134765625 0.210357666015625
0.071136474609375 -0.3193359375 0.0291976928710937 0.123245239257813
0.2344970703125 -0.2081298828125 0.048004150390625 0.0429420471191406
0.256256103515625 -0.0451812744140625 0.169952392578125 -0.0387725830078125
0.136337280273438 0.101799011230469 0.44049072265625 0.00125122070312501
0.0867919921875 -0.0280609130859375 0.6195068359375 0.12255859375
0.178955078125 -0.20587158203125 0.388824462890625 0.143157958984375
-0.119216918945313 -0.2691650390625 0.42523193359375 0.093170166015625
-0.207977294921875 -0.020172119140625 -0.0270195007324219 0.0400848388671875
-0.064697265625 0.171829223632812 -0.1470947265625 0.291259765625
0.127983093261719 0.108772277832031 -0.00280761718749998 0.403717041015625
0.151092529296875 -0.0511322021484375 0.079864501953125 0.383514404296875
0.0474700927734375 -0.1771240234375 0.156005859375 0.394195556640625
-0.03216552734375 -0.159698486328125 0.214111328125 0.375579833984375
-0.031402587890625 -0.136695861816406 0.159637451171875 0.327056884765625
-0.0301513671875 -0.180526733398438 0.094329833984375 0.28717041015625
0.054901123046875 -0.180206298828125 0.0417327880859375 0.20977783203125
0.155868530273438 -0.07611083984375 0.0285491943359375 0.0907440185546875
0.111099243164062 0.0698776245117187 0.153701782226562 -0.019378662109375
-0.088653564453125 0.0900726318359375 0.464385986328125 0.00988769531250001
-0.14501953125 -0.11309814453125 0.66259765625 0.16949462890625
-0.0196533203125 -0.289276123046875 0.436981201171875 0.142852783203125
0.26177978515625 0.275360107421875 -0.370147705078125 -0.049407958984375
0.3624267578125 0.11517333984375 -0.63104248046875 -0.13751220703125
0.27728271484375 -0.0921478271484375 -0.42132568359375 0.114471435546875
0.0763702392578125 -0.145233154296875 -0.141403198242187 0.087066650390625
-0.0202522277832031 -0.0685958862304688 0.0140228271484375 -0.0945892333984375
-0.0167722702026367 0.014582633972168 -0.0447235107421875 -0.264266967773438
0.0117712020874023 -0.00476741790771484 -0.150543212890625 -0.31976318359375
0.0141925811767578 -0.0309085845947266 -0.207672119140625 -0.322265625
0.00416898727416992 -0.0078129768371582 -0.232177734375 -0.369964599609375
-0.0414199829101563 -0.0163764953613281 -0.16864013671875 -0.419891357421875
-0.076202392578125 -0.0817642211914063 -0.10064697265625 -0.37725830078125
-0.028564453125 -0.179168701171875 -0.017791748046875 -0.341796875
0.182037353515625 -0.212615966796875 0.0876007080078125 -0.258636474609375
0.34967041015625 -0.044830322265625 -0.00518035888671873 -0.0542373657226563
0.284454345703125 0.134063720703125 -0.446319580078125 -0.137359619140625
0.43255615234375 0.22198486328125 -0.283172607421875 0.00469970703125007
0.490753173828125 0.08624267578125 -0.60986328125 -0.14697265625
0.44049072265625 -0.10455322265625 -0.4715576171875 0.173797607421875
0.233871459960938 -0.23419189453125 -0.148590087890625 0.171493530273438
0.07080078125 -0.20916748046875 0.0414352416992188 -0.0419960021972656
-0.01104736328125 -0.162521362304688 -0.035919189453125 -0.243453979492187
-0.03924560546875 -0.15692138671875 -0.154205322265625 -0.298614501953125
-0.025115966796875 -0.17083740234375 -0.21148681640625 -0.291259765625
-0.03594970703125 -0.172500610351563 -0.21893310546875 -0.343353271484375
-0.027008056640625 -0.186691284179688 -0.147796630859375 -0.407928466796875
0.0135040283203125 -0.218704223632812 -0.06634521484375 -0.362823486328125
0.0863037109375 -0.261856079101563 0.0216064453125 -0.3221435546875
0.30108642578125 -0.223052978515625 0.121246337890625 -0.228530883789063
0.483184814453125 -0.08038330078125 0.040618896484375 -0.0678482055664063
0.452545166015625 0.081878662109375 -0.36334228515625 -0.10479736328125
0.54815673828125 0.107177734375 -0.157684326171875 0.0571136474609375
0.543365478515625 -0.008331298828125 -0.5506591796875 -0.144683837890625
0.5089111328125 -0.14263916015625 -0.50421142578125 0.243194580078125
0.33062744140625 -0.305877685546875 -0.154266357421875 0.283599853515625
0.144134521484375 -0.326812744140625 0.0698280334472656 0.0527191162109375
-0.00738525390625 -0.320709228515625 -0.00788879394531251 -0.169754028320313
-0.086273193359375 -0.29229736328125 -0.1240234375 -0.226226806640625
-0.058013916015625 -0.286834716796875 -0.183456420898437 -0.215652465820313
-0.065338134765625 -0.30767822265625 -0.183334350585937 -0.269973754882813
-0.00875854492187497 -0.330352783203125 -0.1148681640625 -0.348968505859375
0.108428955078125 -0.33184814453125 -0.03094482421875 -0.31768798828125
0.207855224609375 -0.319793701171875 0.066680908203125 -0.294647216796875
0.4052734375 -0.1954345703125 0.187118530273438 -0.203033447265625
0.56085205078125 -0.0792236328125 0.138900756835938 -0.0715484619140625
0.54742431640625 0.031463623046875 -0.223342895507812 -0.0635986328125
0.58404541015625 -0.03765869140625 -0.00532531738281246 0.090850830078125
0.512847900390625 -0.1329345703125 -0.45941162109375 -0.1240234375
0.477874755859375 -0.18621826171875 -0.486083984375 0.30889892578125
0.35284423828125 -0.332977294921875 -0.130767822265625 0.392333984375
0.183929443359375 -0.38836669921875 0.105300903320313 0.164886474609375
-0.00323486328124998 -0.431060791015625 0.0400199890136719 -0.0569953918457032
-0.119903564453125 -0.384552001953125 -0.0640106201171875 -0.115638732910156
-0.0823974609375 -0.359710693359375 -0.129165649414062 -0.108673095703125
-0.08349609375 -0.39483642578125 -0.129608154296875 -0.160598754882813
0.013214111328125 -0.42193603515625 -0.077056884765625 -0.249557495117188
0.187347412109375 -0.39739990234375 0.0056915283203125 -0.241500854492188
0.305755615234375 -0.334930419921875 0.112945556640625 -0.248687744140625
0.464569091796875 -0.135162353515625 0.265716552734375 -0.17138671875
0.56390380859375 -0.0516357421875 0.27166748046875 -0.062408447265625
0.55859375 -0.01336669921875 -0.0472679138183593 -0.0157051086425781
0.517120361328125 -0.169464111328125 0.151748657226563 0.1002197265625
0.387969970703125 -0.21380615234375 -0.343109130859375 -0.0904235839843751
0.36376953125 -0.171539306640625 -0.4102783203125 0.356109619140625
0.318939208984375 -0.284515380859375 -0.075225830078125 0.459014892578125
0.198883056640625 -0.3753662109375 0.137161254882812 0.260757446289063
0.00225830078125001 -0.465484619140625 0.092987060546875 0.0748062133789062
-0.134735107421875 -0.417877197265625 0.0140380859375 0.0206813812255859
-0.09564208984375 -0.379913330078125 -0.0552902221679688 0.0173721313476562
-0.089019775390625 -0.42169189453125 -0.0657539367675781 -0.0317878723144531
0.031707763671875 -0.4468994140625 -0.0343093872070313 -0.125465393066406
0.235443115234375 -0.39520263671875 0.036590576171875 -0.143157958984375
0.35009765625 -0.28790283203125 0.150375366210938 -0.1795654296875
0.44232177734375 -0.04913330078125 0.340545654296875 -0.123931884765625
0.47698974609375 -0.015899658203125 0.4097900390625 -0.029296875
0.484405517578125 -0.0670166015625 0.129852294921875 0.0390090942382812
0.3505859375 -0.253753662109375 0.2891845703125 0.09149169921875
0.197738647460938 -0.205612182617188 -0.2176513671875 -0.04534912109375
0.216766357421875 -0.079315185546875 -0.2984619140625 0.3646240234375
0.266571044921875 -0.166488647460937 -0.01239013671875 0.468414306640625
0.199676513671875 -0.2987060546875 0.1510009765625 0.319091796875
0.014007568359375 -0.424835205078125 0.137283325195313 0.198638916015625
-0.12286376953125 -0.383026123046875 0.0980682373046875 0.157135009765625
-0.0928955078125 -0.343475341796875 0.0270462036132812 0.140548706054687
-0.085052490234375 -0.3880615234375 0.000221252441406252 0.09375
0.0406494140625 -0.407318115234375 0.0048823356628418 0.00208330154418943
0.241485595703125 -0.329071044921875 0.0536346435546875 -0.0420684814453125
0.328826904296875 -0.18768310546875 0.1685791015625 -0.103439331054688
0.326416015625 0.03668212890625 0.3941650390625 -0.066864013671875
0.305755615234375 -0.00274658203125 0.527984619140625 0.022491455078125
0.341644287109375 -0.13372802734375 0.27960205078125 0.0871124267578125
0.11846923828125 -0.2777099609375 0.383209228515625 0.07666015625
-0.013092041015625 -0.120429992675781 -0.103630065917969 0.00139617919921873
0.0767288208007813 0.0539093017578125 -0.192657470703125 0.33758544921875
0.208984375 -0.02789306640625 0.024871826171875 0.43572998046875
0.184432983398437 -0.1873779296875 0.137176513671875 0.348785400390625
0.025543212890625 -0.320831298828125 0.16644287109375 0.300750732421875
-0.0926513671875 -0.290374755859375 0.17474365234375 0.27099609375
-0.0748291015625 -0.256546020507812 0.10845947265625 0.24078369140625
-0.070648193359375 -0.3016357421875 0.0626983642578125 0.19866943359375
0.041412353515625 -0.313079833984375 0.0357666015625 0.113792419433594
0.208358764648438 -0.22003173828125 0.0517539978027344 0.0401763916015625
0.245025634765625 -0.06317138671875 0.163177490234375 -0.04473876953125
0.138847351074219 0.0910263061523438 0.422393798828125 -0.0269775390625
0.0817642211914063 -0.032501220703125 0.6053466796875 0.07745361328125
0.15618896484375 -0.212738037109375 0.385009765625 0.118011474609375
-0.135452270507813 -0.25140380859375 0.420867919921875 0.06121826171875
-0.200576782226563 -0.00431823730468749 -0.0235671997070313 0.0382652282714844
-0.0468597412109375 0.168991088867188 -0.122100830078125 0.288421630859375
0.132217407226563 0.0937118530273437 0.023834228515625 0.3880615234375
0.141204833984375 -0.0637359619140625 0.10125732421875 0.361114501953125
0.030609130859375 -0.17510986328125 0.175567626953125 0.3697509765625
-0.046661376953125 -0.15087890625 0.229339599609375 0.345611572265625
-0.0422134399414062 -0.131576538085938 0.17425537109375 0.303436279296875
-0.0452728271484375 -0.173233032226563 0.112991333007812 0.268310546875
0.0371856689453125 -0.1800537109375 0.0560302734375 0.196212768554688
0.143264770507813 -0.0876922607421875 0.0368118286132813 0.0884017944335937
0.113006591796875 0.05780029296875 0.14813232421875 -0.0259857177734375
-0.0794143676757813 0.0963668823242187 0.445953369140625 -0.01959228515625
-0.149200439453125 -0.0986328125 0.648681640625 0.1202392578125
-0.0406036376953125 -0.281112670898438 0.430908203125 0.115203857421875
0.26397705078125 0.254730224609375 -0.352874755859375 -0.042327880859375
0.351776123046875 0.094024658203125 -0.60675048828125 -0.1126708984375
0.259002685546875 -0.09991455078125 -0.395294189453125 0.119873046875
0.0656204223632812 -0.140357971191406 -0.131675720214844 0.0860214233398438
-0.0230827331542969 -0.0612144470214844 0.00468444824218751 -0.0917129516601563
-0.0124301910400391 0.0180587768554688 -0.0586395263671875 -0.246994018554688
0.0135459899902344 -0.00220298767089844 -0.157501220703125 -0.296234130859375
0.0123786926269531 -0.0276908874511719 -0.210723876953125 -0.296142578125
0.00526809692382812 -0.00771856307983398 -0.236480712890625 -0.3402099609375
-0.0374298095703125 -0.011505126953125 -0.17822265625 -0.3892822265625
-0.0770187377929688 -0.0714645385742187 -0.109222412109375 -0.35333251953125
-0.0358734130859375 -0.169052124023438 -0.0286865234375 -0.322601318359375
0.1634521484375 -0.21051025390625 0.07391357421875 -0.245513916015625
0.333282470703125 -0.059112548828125 -0.00445556640624998 -0.05126953125
0.279815673828125 0.1182861328125 -0.428924560546875 -0.11480712890625
0.42236328125 0.197479248046875 -0.26934814453125 0.006256103515625
0.470672607421875 0.065032958984375 -0.58734130859375 -0.124267578125
0.415283203125 -0.118255615234375 -0.4434814453125 0.180450439453125
0.211990356445313 -0.2322998046875 -0.135482788085937 0.168075561523438
0.0576629638671875 -0.1993408203125 0.0339088439941406 -0.0428085327148438
-0.0158538818359375 -0.150588989257813 -0.0491180419921875 -0.228683471679688
-0.041839599609375 -0.145172119140625 -0.160415649414062 -0.2752685546875
-0.0298004150390625 -0.160247802734375 -0.211944580078125 -0.265396118164062
-0.0403289794921875 -0.162643432617188 -0.224578857421875 -0.315399169921875
-0.0334930419921875 -0.174545288085938 -0.159515380859375 -0.37957763671875
0.00241088867187502 -0.206298828125 -0.076690673828125 -0.34033203125
0.0717620849609375 -0.253021240234375 0.00994873046875002 -0.3037109375
0.27862548828125 -0.225570678710937 0.108551025390625 -0.219207763671875
0.460113525390625 -0.09832763671875 0.0386161804199219 -0.0659980773925781
0.43798828125 0.063232421875 -0.35064697265625 -0.084930419921875
0.528045654296875 0.0831298828125 -0.14581298828125 0.0537872314453125
0.518341064453125 -0.027740478515625 -0.532012939453125 -0.121551513671875
0.48150634765625 -0.15966796875 -0.472900390625 0.24664306640625
0.30377197265625 -0.306488037109375 -0.136672973632812 0.275253295898437
0.12371826171875 -0.3145751953125 0.065521240234375 0.0457878112792969
-0.020050048828125 -0.302520751953125 -0.0177459716796875 -0.161636352539063
-0.0936279296875 -0.271377563476563 -0.130340576171875 -0.209121704101563
-0.0656280517578125 -0.2689208984375 -0.1839599609375 -0.195541381835938
-0.0753173828125 -0.29022216796875 -0.186553955078125 -0.247695922851563
-0.02166748046875 -0.31195068359375 -0.126434326171875 -0.3245849609375
0.088470458984375 -0.32012939453125 -0.03973388671875 -0.29876708984375
0.184600830078125 -0.3145751953125 0.05499267578125 -0.281646728515625
0.380462646484375 -0.202484130859375 0.172317504882813 -0.19775390625
0.535186767578125 -0.099029541015625 0.133743286132813 -0.072479248046875
0.524566650390625 0.01324462890625 -0.214218139648438 -0.049346923828125
0.55615234375 -0.057403564453125 0.00066375732421878 0.082550048828125
0.482666015625 -0.145050048828125 -0.4447021484375 -0.10540771484375
0.45123291015625 -0.200836181640625 -0.451263427734375 0.310302734375
0.3236083984375 -0.333648681640625 -0.110626220703125 0.37872314453125
0.158538818359375 -0.37744140625 0.104339599609375 0.149810791015625
-0.02203369140625 -0.409942626953125 0.0308952331542969 -0.0548820495605469
-0.13018798828125 -0.358795166015625 -0.069427490234375 -0.105995178222656
-0.0944519042968751 -0.337982177734375 -0.128585815429687 -0.0957107543945313
-0.0970458984375 -0.372528076171875 -0.131729125976563 -0.145431518554688
-0.00576782226562502 -0.400726318359375 -0.0869903564453125 -0.233352661132813
0.16070556640625 -0.385162353515625 -0.0027008056640625 -0.228958129882813
0.276580810546875 -0.332916259765625 0.100631713867188 -0.237213134765625
0.439605712890625 -0.14532470703125 0.249176025390625 -0.171356201171875
0.539642333984375 -0.071044921875 0.260269165039063 -0.0693511962890625
0.533294677734375 -0.032135009765625 -0.0452995300292968 -0.00936126708984375
0.4874267578125 -0.18115234375 0.15185546875 0.0870513916015625
0.361053466796875 -0.216461181640625 -0.3336181640625 -0.076629638671875
0.341949462890625 -0.181610107421875 -0.37860107421875 0.3525390625
0.2943115234375 -0.28594970703125 -0.053009033203125 0.438995361328125
0.17425537109375 -0.367279052734375 0.13800048828125 0.238693237304688
-0.017730712890625 -0.443267822265625 0.0866165161132813 0.0681304931640625
-0.14593505859375 -0.39031982421875 0.0103912353515625 0.0206108093261719
-0.10693359375 -0.357666015625 -0.0547904968261719 0.0218048095703125
-0.10308837890625 -0.396453857421875 -0.0662727355957031 -0.0262603759765625
0.00930786132812501 -0.42498779296875 -0.042388916015625 -0.11773681640625
0.206298828125 -0.3861083984375 0.03106689453125 -0.136260986328125
0.32275390625 -0.290618896484375 0.140579223632813 -0.172714233398438
0.42364501953125 -0.06256103515625 0.3221435546875 -0.128662109375
0.457672119140625 -0.03411865234375 0.3927001953125 -0.042724609375
0.4593505859375 -0.081939697265625 0.126480102539063 0.037109375
0.325531005859375 -0.25518798828125 0.283660888671875 0.075897216796875
0.1800537109375 -0.203033447265625 -0.211349487304688 -0.03741455078125
0.207000732421875 -0.087188720703125 -0.273162841796875 0.357177734375
0.2493896484375 -0.172561645507812 0.00561523437500003 0.445709228515625
0.17724609375 -0.295440673828125 0.1534423828125 0.29461669921875
-0.00653076171874997 -0.405853271484375 0.134979248046875 0.184341430664062
-0.1370849609375 -0.359222412109375 0.0960540771484375 0.146759033203125
-0.1046142578125 -0.323974609375 0.0286407470703125 0.135452270507812
-0.09912109375 -0.3663330078125 0.00220489501953125 0.0899505615234375
0.018402099609375 -0.387969970703125 0.000993728637695314 0.00124621391296384
0.214996337890625 -0.32550048828125 0.0510215759277344 -0.0411643981933594
0.305755615234375 -0.193145751953125 0.159347534179688 -0.101165771484375
0.315521240234375 0.024810791015625 0.37359619140625 -0.076690673828125
0.293243408203125 -0.01397705078125 0.504638671875 0.00213623046875
0.319488525390625 -0.1412353515625 0.271591186523438 0.0780792236328125
0.101303100585938 -0.270217895507813 0.372589111328125 0.059417724609375
-0.016448974609375 -0.112586975097656 -0.0997467041015625 0.00352478027343749
0.0784835815429688 0.0463027954101563 -0.17181396484375 0.326873779296875
0.199676513671875 -0.0379791259765625 0.039581298828125 0.41143798828125
0.167007446289063 -0.188873291015625 0.141143798828125 0.324066162109375
0.00982666015625 -0.30841064453125 0.166549682617187 0.280685424804688
-0.104629516601562 -0.271072387695313 0.1732177734375 0.252151489257813
-0.0834197998046875 -0.242233276367187 0.110977172851562 0.226364135742187
-0.08245849609375 -0.284423828125 0.0666046142578125 0.186004638671875
0.023162841796875 -0.30035400390625 0.035888671875 0.105133056640625
0.187820434570312 -0.221054077148437 0.0539932250976563 0.0378990173339844
0.232177734375 -0.071258544921875 0.156005859375 -0.0446319580078125
0.137641906738281 0.0840530395507813 0.401519775390625 -0.03924560546875
0.0763931274414063 -0.0333786010742188 0.58111572265625 0.0518798828125
0.138427734375 -0.209823608398438 0.37103271484375 0.105224609375
-0.140548706054688 -0.234634399414062 0.406829833984375 0.04302978515625
-0.191024780273437 0.00512695312500001 -0.0215263366699219 0.0356903076171875
-0.035308837890625 0.161895751953125 -0.106903076171875 0.277420043945313
0.131202697753906 0.0813446044921875 0.036834716796875 0.3677978515625
0.131156921386719 -0.0690460205078125 0.1064453125 0.337890625
0.02001953125 -0.168411254882812 0.178863525390625 0.345550537109375
-0.0543975830078125 -0.141571044921875 0.23028564453125 0.319488525390625
-0.0485153198242188 -0.125030517578125 0.176345825195313 0.280624389648438
-0.05303955078125 -0.164047241210937 0.11846923828125 0.24908447265625
0.0252227783203125 -0.174591064453125 0.06103515625 0.181167602539063
0.133148193359375 -0.0919036865234375 0.04156494140625 0.084869384765625
0.111770629882813 0.050262451171875 0.142684936523438 -0.0255889892578125
-0.071319580078125 0.0983428955078125 0.42181396484375 -0.03265380859375
-0.14715576171875 -0.088043212890625 0.62255859375 0.09173583984375
-0.051971435546875 -0.269241333007813 0.41571044921875 0.099884033203125
0.261215209960938 0.245529174804688 -0.34393310546875 -0.04638671875
0.34320068359375 0.086151123046875 -0.58807373046875 -0.1080322265625
0.247100830078125 -0.101699829101563 -0.38153076171875 0.116943359375
0.0583267211914063 -0.136528015136719 -0.126495361328125 0.0832901000976562
-0.0245933532714844 -0.0563392639160156 -0.000625610351562492 -0.0882415771484375
-0.009918212890625 0.0202426910400391 -0.0648193359375 -0.23541259765625
0.016261100769043 -0.000322341918945312 -0.15679931640625 -0.284515380859375
0.0132904052734375 -0.0259933471679688 -0.205810546875 -0.283172607421875
0.00604009628295898 -0.00710010528564453 -0.23260498046875 -0.323150634765625
-0.0353851318359375 -0.00804519653320313 -0.178558349609375 -0.368682861328125
-0.076202392578125 -0.0648727416992188 -0.1087646484375 -0.3377685546875
-0.038787841796875 -0.163360595703125 -0.029998779296875 -0.309326171875
0.154312133789063 -0.207534790039063 0.070281982421875 -0.235427856445313
0.323028564453125 -0.064056396484375 -0.00201797485351561 -0.0498771667480469
0.276290893554688 0.112258911132813 -0.41650390625 -0.104522705078125
0.4136962890625 0.187744140625 -0.260589599609375 0.00111389160156247
0.45703125 0.057464599609375 -0.5716552734375 -0.1168212890625
0.39776611328125 -0.12347412109375 -0.42742919921875 0.17620849609375
0.19989013671875 -0.22802734375 -0.128387451171875 0.16290283203125
0.051788330078125 -0.191375732421875 0.0295257568359375 -0.0439834594726563
-0.0164947509765625 -0.142578125 -0.0546722412109375 -0.218536376953125
-0.0402984619140625 -0.136772155761719 -0.161331176757813 -0.263229370117188
-0.0306396484375 -0.152816772460937 -0.208480834960938 -0.253173828125
-0.041351318359375 -0.155975341796875 -0.22088623046875 -0.299835205078125
-0.0346527099609375 -0.165878295898438 -0.160858154296875 -0.3597412109375
-0.0020599365234375 -0.1971435546875 -0.077880859375 -0.32659912109375
0.064697265625 -0.246322631835937 0.00793457031249997 -0.292755126953125
0.266265869140625 -0.222976684570313 0.103607177734375 -0.211318969726563
0.447418212890625 -0.1038818359375 0.0396080017089844 -0.065460205078125
0.4283447265625 0.0572509765625 -0.339111328125 -0.0765991210937501
0.51287841796875 0.0751953125 -0.140151977539062 0.0473556518554688
0.5001220703125 -0.03192138671875 -0.517364501953125 -0.11602783203125
0.46337890625 -0.16485595703125 -0.45294189453125 0.2427978515625
0.2886962890625 -0.30084228515625 -0.127288818359375 0.267532348632813
0.11328125 -0.3046875 0.0620498657226562 0.0402679443359375
-0.024200439453125 -0.29071044921875 -0.0239410400390625 -0.154296875
-0.09344482421875 -0.257858276367188 -0.131607055664063 -0.199844360351563
-0.067413330078125 -0.257125854492188 -0.181472778320313 -0.183822631835938
-0.0784149169921875 -0.27886962890625 -0.184341430664063 -0.234649658203125
-0.027740478515625 -0.299102783203125 -0.1309814453125 -0.30877685546875
0.0780029296875 -0.309783935546875 -0.0419921875 -0.287261962890625
0.174102783203125 -0.3072509765625 0.0525665283203125 -0.270614624023437
0.3677978515625 -0.201934814453125 0.166351318359375 -0.191864013671875
0.51959228515625 -0.105377197265625 0.131187438964844 -0.0723342895507812
0.511138916015625 0.0078125 -0.206588745117187 -0.0433197021484375
0.53643798828125 -0.06243896484375 0.00384521484375003 0.0758056640625
0.466064453125 -0.144927978515625 -0.4327392578125 -0.0998229980468751
0.434906005859375 -0.20440673828125 -0.43511962890625 0.304229736328125
0.3077392578125 -0.329620361328125 -0.10101318359375 0.366729736328125
0.146148681640625 -0.367462158203125 0.100395202636719 0.140281677246094
-0.029510498046875 -0.394378662109375 0.0259933471679687 -0.0536460876464844
-0.1324462890625 -0.34307861328125 -0.0721282958984375 -0.101181030273438
-0.096282958984375 -0.325042724609375 -0.127693176269531 -0.0876693725585938
-0.100830078125 -0.3580322265625 -0.131034851074219 -0.137077331542969
-0.015045166015625 -0.385467529296875 -0.0914459228515625 -0.221435546875
0.147247314453125 -0.3753662109375 -0.00485229492187501 -0.220260620117188
0.26422119140625 -0.32611083984375 0.09698486328125 -0.2294921875
0.427001953125 -0.14874267578125 0.241744995117188 -0.16790771484375
0.52459716796875 -0.078582763671875 0.253463745117188 -0.070220947265625
0.51507568359375 -0.03570556640625 -0.0420875549316406 -0.00538253784179688
0.46807861328125 -0.182281494140625 0.151046752929688 0.080413818359375
0.346588134765625 -0.213775634765625 -0.32464599609375 -0.0721435546875
0.331298828125 -0.18475341796875 -0.362762451171875 0.343994140625
0.282012939453125 -0.283966064453125 -0.045562744140625 0.424560546875
0.16253662109375 -0.35943603515625 0.134658813476563 0.225326538085937
-0.02667236328125 -0.429840087890625 0.0819931030273437 0.0643234252929687
-0.14910888671875 -0.3736572265625 0.0075550079345703 0.0198860168457031
-0.109130859375 -0.344268798828125 -0.0543861389160156 0.0245399475097656
-0.10858154296875 -0.38189697265625 -0.0660591125488281 -0.0227813720703125
-0.00100708007812498 -0.40924072265625 -0.0455856323242188 -0.111480712890625
0.190765380859375 -0.378143310546875 0.0298919677734375 -0.131195068359375
0.30908203125 -0.28631591796875 0.136505126953125 -0.166458129882813
0.41143798828125 -0.06585693359375 0.31231689453125 -0.12750244140625
0.446044921875 -0.0408935546875 0.38311767578125 -0.046112060546875
0.443084716796875 -0.08245849609375 0.124252319335938 0.0382461547851562
0.310516357421875 -0.251861572265625 0.279129028320312 0.0690155029296875
0.171905517578125 -0.197357177734375 -0.205902099609375 -0.0337982177734375
0.201553344726563 -0.090911865234375 -0.2598876953125 0.347381591796875
0.2398681640625 -0.174758911132813 0.01068115234375 0.430572509765625
0.166107177734375 -0.290740966796875 0.150543212890625 0.279998779296875
-0.014923095703125 -0.3936767578125 0.130859375 0.176315307617187
-0.14068603515625 -0.34332275390625 0.09185791015625 0.14111328125
-0.106964111328125 -0.312957763671875 0.0286178588867187 0.132369995117187
-0.104461669921875 -0.3521728515625 0.00204467773437499 0.0879058837890625
0.00772094726562497 -0.374755859375 -0.00292372703552246 0.00161647796630857
0.199737548828125 -0.320037841796875 0.0516586303710938 -0.0397109985351563
0.293792724609375 -0.192291259765625 0.156661987304688 -0.0968780517578125
0.308563232421875 0.0203857421875 0.361968994140625 -0.076873779296875
0.284698486328125 -0.01849365234375 0.4915771484375 -0.00311279296875
0.3052978515625 -0.140716552734375 0.264816284179688 0.07830810546875
0.092254638671875 -0.26312255859375 0.366180419921875 0.0526123046875
-0.018341064453125 -0.107673645019531 -0.097808837890625 0.00411224365234373
0.0789718627929687 0.0409698486328125 -0.16278076171875 0.318084716796875
0.194091796875 -0.042327880859375 0.0444030761718751 0.39642333984375
0.15863037109375 -0.187713623046875 0.13861083984375 0.30963134765625
0.00192260742187501 -0.2998046875 0.164093017578125 0.267898559570313
-0.109100341796875 -0.259292602539062 0.169586181640625 0.241058349609375
-0.08740234375 -0.234893798828125 0.108871459960938 0.2181396484375
-0.0876922607421875 -0.273544311523438 0.066070556640625 0.178192138671875
0.013275146484375 -0.29107666015625 0.03350830078125 0.099639892578125
0.176651000976563 -0.219146728515625 0.0555572509765625 0.0363197326660156
0.223907470703125 -0.0736846923828125 0.153640747070313 -0.0416107177734375
0.137069702148438 0.0812835693359375 0.38751220703125 -0.04083251953125
0.07391357421875 -0.033843994140625 0.5635986328125 0.04522705078125
0.128311157226562 -0.205841064453125 0.3621826171875 0.103546142578125
-0.141159057617187 -0.225372314453125 0.398681640625 0.036407470703125
-0.183883666992187 0.00910949707031253 -0.0210952758789063 0.0342025756835938
-0.0296478271484375 0.156967163085938 -0.100250244140625 0.269210815429688
0.129585266113281 0.074737548828125 0.03955078125 0.352386474609375
0.124557495117188 -0.0712432861328125 0.105194091796875 0.323486328125
0.014923095703125 -0.164535522460938 0.177215576171875 0.332061767578125
-0.0586013793945312 -0.134872436523438 0.225189208984375 0.304351806640625
-0.051361083984375 -0.12237548828125 0.174087524414063 0.269256591796875
-0.0567779541015625 -0.158798217773438 0.118072509765625 0.237869262695312
0.0187835693359375 -0.1697998046875 0.0604705810546875 0.172027587890625
0.127204895019531 -0.0944747924804688 0.0445709228515625 0.082305908203125
0.111129760742187 0.0450439453125 0.139190673828125 -0.0236129760742187
-0.0666961669921875 0.0979461669921875 0.406951904296875 -0.0347900390625
-0.145065307617188 -0.08343505859375 0.60357666015625 0.0830078125
-0.05841064453125 -0.262557983398438 0.405029296875 0.09722900390625
0.263153076171875 0.24462890625 -0.34539794921875 -0.0530700683593749
0.344085693359375 0.0811767578125 -0.5887451171875 -0.11126708984375
0.242446899414063 -0.10394287109375 -0.3807373046875 0.11553955078125
0.0546417236328125 -0.134910583496094 -0.124824523925781 0.0816497802734375
-0.0264854431152344 -0.0532417297363281 -0.00383758544921874 -0.0876541137695313
-0.00729560852050782 0.0239696502685547 -0.0692138671875 -0.230728149414063
0.0192031860351563 0.000354766845703125 -0.159423828125 -0.281707763671875
0.0143985748291016 -0.0245838165283203 -0.205657958984375 -0.27899169921875
0.00676536560058594 -0.00728797912597656 -0.231903076171875 -0.31866455078125
-0.0336456298828125 -0.00667953491210938 -0.177215576171875 -0.361602783203125
-0.0776138305664063 -0.0602951049804687 -0.109039306640625 -0.33355712890625
-0.040771484375 -0.162307739257813 -0.03118896484375 -0.3050537109375
0.150283813476563 -0.208465576171875 0.0702667236328125 -0.232330322265625
0.32305908203125 -0.069183349609375 0.000278472900390646 -0.0513916015625
0.278900146484375 0.11077880859375 -0.4156494140625 -0.1026611328125
0.4136962890625 0.18560791015625 -0.259613037109375 -0.00497436523437502
0.455108642578125 0.052459716796875 -0.5699462890625 -0.11810302734375
0.3935546875 -0.126800537109375 -0.42510986328125 0.1749267578125
0.194869995117188 -0.228790283203125 -0.126052856445313 0.160812377929687
0.0483856201171875 -0.187942504882813 0.0261878967285156 -0.0449485778808594
-0.0166091918945313 -0.138114929199219 -0.05926513671875 -0.215194702148437
-0.0382232666015625 -0.133033752441406 -0.163726806640625 -0.26031494140625
-0.03009033203125 -0.14947509765625 -0.209991455078125 -0.247848510742188
-0.0416717529296875 -0.15362548828125 -0.220672607421875 -0.295166015625
-0.035614013671875 -0.162307739257813 -0.16375732421875 -0.353515625
-0.00460815429687499 -0.194000244140625 -0.078125 -0.32232666015625
0.0623779296875 -0.245849609375 0.00802612304687499 -0.2896728515625
0.263381958007813 -0.224838256835938 0.104385375976563 -0.209136962890625
0.445220947265625 -0.109405517578125 0.0413627624511719 -0.0662612915039063
0.429443359375 0.055572509765625 -0.337738037109375 -0.0728759765625
0.5107421875 0.074859619140625 -0.13873291015625 0.0426406860351562
0.499053955078125 -0.03472900390625 -0.517120361328125 -0.116302490234375
0.459381103515625 -0.170166015625 -0.449859619140625 0.241455078125
0.28228759765625 -0.30438232421875 -0.1243896484375 0.26544189453125
0.10845947265625 -0.30218505859375 0.0595436096191406 0.0375785827636719
-0.026519775390625 -0.2857666015625 -0.0282440185546875 -0.153335571289063
-0.0933380126953125 -0.253341674804688 -0.133987426757812 -0.197235107421875
-0.0687713623046875 -0.253997802734375 -0.18243408203125 -0.180374145507813
-0.0798797607421875 -0.27484130859375 -0.185134887695312 -0.229034423828125
-0.0301513671875 -0.2945556640625 -0.13427734375 -0.30230712890625
0.0733642578125 -0.3076171875 -0.043182373046875 -0.283843994140625
0.171478271484375 -0.307403564453125 0.0538482666015625 -0.26824951171875
0.365875244140625 -0.2041015625 0.166976928710938 -0.191635131835938
0.518798828125 -0.11383056640625 0.13250732421875 -0.0738906860351563
0.511260986328125 0.0064697265625 -0.205734252929687 -0.039947509765625
0.533447265625 -0.06256103515625 0.00534057617187503 0.071258544921875
0.46173095703125 -0.144622802734375 -0.432861328125 -0.10028076171875
0.43182373046875 -0.20953369140625 -0.430908203125 0.302520751953125
0.3031005859375 -0.33270263671875 -0.0980224609375 0.364288330078125
0.14361572265625 -0.365814208984375 0.0986251831054688 0.135894775390625
-0.03424072265625 -0.39056396484375 0.0221900939941406 -0.0534019470214844
-0.133087158203125 -0.336517333984375 -0.0760269165039063 -0.0993499755859375
-0.097930908203125 -0.3221435546875 -0.128311157226563 -0.0838699340820313
-0.103729248046875 -0.35308837890625 -0.131340026855469 -0.133941650390625
-0.021240234375 -0.37939453125 -0.094879150390625 -0.216018676757813
0.141143798828125 -0.3751220703125 -0.00439453125 -0.217498779296875
0.260498046875 -0.328582763671875 0.0998687744140625 -0.227218627929688
0.42803955078125 -0.150848388671875 0.2415771484375 -0.168380737304688
0.5230712890625 -0.0848388671875 0.254898071289063 -0.0720977783203125
0.514495849609375 -0.035308837890625 -0.0408363342285156 -0.00144958496093749
0.46466064453125 -0.18255615234375 0.153915405273438 0.0770263671875
0.343505859375 -0.21356201171875 -0.324005126953125 -0.07177734375
0.32904052734375 -0.188751220703125 -0.35980224609375 0.341949462890625
0.278656005859375 -0.287139892578125 -0.042724609375 0.42156982421875
0.156890869140625 -0.35894775390625 0.132492065429687 0.22039794921875
-0.0306396484375 -0.427276611328125 0.0790863037109375 0.063323974609375
-0.15374755859375 -0.3671875 0.00347137451171874 0.0204048156738281
-0.112548828125 -0.34112548828125 -0.0552711486816406 0.0260086059570312
-0.113525390625 -0.377777099609375 -0.067169189453125 -0.0206069946289063
-0.00805664062500004 -0.404296875 -0.0498580932617187 -0.108116149902344
0.18414306640625 -0.378570556640625 0.0299911499023438 -0.129501342773438
0.305755615234375 -0.28955078125 0.139175415039063 -0.164993286132813
0.412017822265625 -0.069061279296875 0.31207275390625 -0.127044677734375
0.445098876953125 -0.045135498046875 0.382293701171875 -0.047637939453125
0.43988037109375 -0.083343505859375 0.125762939453125 0.0423355102539062
0.306488037109375 -0.251739501953125 0.282806396484375 0.066436767578125
0.16949462890625 -0.196029663085937 -0.20526123046875 -0.0342559814453125
0.2003173828125 -0.0952301025390625 -0.25665283203125 0.3460693359375
0.238662719726563 -0.178024291992188 0.0150146484375 0.4268798828125
0.16229248046875 -0.291595458984375 0.149642944335938 0.274581909179688
-0.0206298828125 -0.39251708984375 0.1292724609375 0.1732177734375
-0.14520263671875 -0.33837890625 0.0893707275390625 0.139022827148437
-0.111083984375 -0.31005859375 0.0273666381835937 0.133346557617187
-0.109039306640625 -0.34930419921875 0.00241088867187499 0.0880355834960937
0.000549316406250023 -0.3707275390625 -0.00562286376953125 0.00225162506103513
0.19488525390625 -0.32012939453125 0.0528831481933594 -0.0391273498535156
0.29180908203125 -0.195068359375 0.159317016601563 -0.0950775146484375
0.31024169921875 0.019256591796875 0.360565185546875 -0.077392578125
0.284942626953125 -0.021942138671875 0.48876953125 -0.00421142578125
0.30108642578125 -0.139434814453125 0.266036987304688 0.0813140869140625
0.0894317626953125 -0.261550903320313 0.369354248046875 0.0499267578125
-0.017791748046875 -0.105110168457031 -0.0966720581054688 0.00338745117187501
0.0801773071289063 0.0380630493164063 -0.16058349609375 0.3160400390625
0.1943359375 -0.0467987060546875 0.04534912109375 0.39288330078125
0.155014038085938 -0.1898193359375 0.136932373046875 0.303955078125
-0.00253295898437503 -0.300628662109375 0.162521362304688 0.265426635742188
-0.113327026367187 -0.255233764648438 0.166580200195313 0.237380981445312
-0.091552734375 -0.233428955078125 0.108657836914063 0.21673583984375
-0.0925750732421875 -0.271102905273437 0.066375732421875 0.17645263671875
0.007415771484375 -0.288116455078125 0.0320968627929688 0.0982666015625
0.172561645507813 -0.221359252929688 0.0578880310058594 0.0359573364257812
0.222732543945312 -0.0765380859375 0.156082153320312 -0.0395355224609375
0.139228820800781 0.08148193359375 0.385406494140625 -0.040771484375
0.0736846923828125 -0.0343856811523438 0.560760498046875 0.042510986328125
0.122955322265625 -0.20513916015625 0.3619384765625 0.107025146484375
-0.14373779296875 -0.222579956054688 0.402374267578125 0.034759521484375
-0.182662963867188 0.0117034912109375 -0.0208034515380859 0.0330429077148438
-0.027191162109375 0.155487060546875 -0.0983428955078125 0.266494750976563
0.130378723144531 0.0717239379882813 0.040496826171875 0.348663330078125
0.121994018554687 -0.0739822387695312 0.10443115234375 0.31878662109375
0.010650634765625 -0.164474487304688 0.177276611328125 0.327911376953125
-0.061676025390625 -0.132499694824219 0.223419189453125 0.2996826171875
-0.0555267333984375 -0.12310791015625 0.17401123046875 0.264816284179688
-0.060577392578125 -0.157989501953125 0.118759155273438 0.234939575195313
0.0137481689453125 -0.170181274414062 0.0599822998046875 0.16925048828125
0.125267028808594 -0.0983505249023438 0.047332763671875 0.08197021484375
0.111351013183594 0.0427703857421875 0.140365600585937 -0.0215911865234375
-0.0638656616210938 0.100654602050781 0.4034423828125 -0.034210205078125
-0.146835327148437 -0.0815277099609375 0.599853515625 0.07940673828125
-0.0634613037109375 -0.262969970703125 0.4051513671875 0.101226806640625
0.276519775390625 0.243682861328125 -0.35491943359375 -0.0562438964843751
0.35205078125 0.072906494140625 -0.60186767578125 -0.1058349609375
0.242080688476562 -0.11187744140625 -0.384979248046875 0.120849609375
0.0500717163085937 -0.136360168457031 -0.125579833984375 0.08441162109375
-0.0290794372558594 -0.0503768920898437 -0.009063720703125 -0.0880050659179688
-0.00372695922851563 0.0265884399414063 -0.0776824951171875 -0.2303466796875
0.0243263244628906 0.000644683837890625 -0.16973876953125 -0.28167724609375
0.0160980224609375 -0.0230350494384766 -0.214401245117188 -0.278640747070313
0.00790309906005859 -0.00636434555053711 -0.2403564453125 -0.3165283203125
-0.0322837829589844 -0.00336265563964843 -0.185577392578125 -0.359771728515625
-0.0802536010742188 -0.056427001953125 -0.116729736328125 -0.33380126953125
-0.046600341796875 -0.163467407226563 -0.03741455078125 -0.307769775390625
0.14678955078125 -0.216796875 0.067230224609375 -0.2353515625
0.327911376953125 -0.08038330078125 0.0015983581542969 -0.0540657043457031
0.288238525390625 0.1075439453125 -0.427642822265625 -0.0968322753906251
0.425933837890625 0.18133544921875 -0.265594482421875 -0.00735473632812503
0.464752197265625 0.043731689453125 -0.58319091796875 -0.11517333984375
0.395416259765625 -0.13885498046875 -0.428741455078125 0.182586669921875
0.190185546875 -0.235748291015625 -0.124755859375 0.164779663085937
0.0438385009765625 -0.189132690429688 0.0228157043457031 -0.0468711853027344
-0.0179595947265625 -0.136985778808594 -0.06732177734375 -0.215225219726563
-0.0381851196289063 -0.133171081542969 -0.174301147460938 -0.260498046875
-0.0323638916015625 -0.149917602539062 -0.218948364257813 -0.246261596679688
-0.04608154296875 -0.154052734375 -0.22991943359375 -0.293121337890625
-0.0394744873046875 -0.161331176757812 -0.17364501953125 -0.35150146484375
-0.00987243652343751 -0.1942138671875 -0.084625244140625 -0.323577880859375
0.0565948486328125 -0.251876831054688 0.0042724609375 -0.293609619140625
0.263839721679688 -0.236114501953125 0.103347778320313 -0.214202880859375
0.45184326171875 -0.12591552734375 0.0435829162597657 -0.0701789855957031
0.440887451171875 0.04803466796875 -0.34539794921875 -0.06695556640625
0.5220947265625 0.06646728515625 -0.140022277832031 0.0391845703125
0.5045166015625 -0.044464111328125 -0.528533935546875 -0.111846923828125
0.461700439453125 -0.184051513671875 -0.453948974609375 0.25091552734375
0.27996826171875 -0.315460205078125 -0.1202392578125 0.271621704101562
0.10272216796875 -0.3079833984375 0.0585174560546875 0.0350723266601562
-0.032806396484375 -0.28741455078125 -0.03472900390625 -0.1539306640625
-0.097900390625 -0.252792358398437 -0.145126342773437 -0.196823120117188
-0.073974609375 -0.2550048828125 -0.19036865234375 -0.178253173828125
-0.0874176025390625 -0.275772094726563 -0.193344116210938 -0.227325439453125
-0.038055419921875 -0.295257568359375 -0.1436767578125 -0.300048828125
0.06573486328125 -0.312255859375 -0.0472412109375 -0.286376953125
0.166473388671875 -0.317596435546875 0.051544189453125 -0.272384643554688
0.3690185546875 -0.217254638671875 0.1666259765625 -0.198165893554688
0.525482177734375 -0.128692626953125 0.135398864746094 -0.0794525146484375
0.521484375 -0.00140380859375 -0.209259033203125 -0.0340728759765625
0.5411376953125 -0.074798583984375 0.00899124145507816 0.0683364868164063
0.46551513671875 -0.1561279296875 -0.44195556640625 -0.096588134765625
0.43341064453125 -0.2235107421875 -0.432830810546875 0.31414794921875
0.3011474609375 -0.34661865234375 -0.0904541015625 0.371002197265625
0.13653564453125 -0.374664306640625 0.0996780395507813 0.133255004882812
-0.042236328125 -0.395477294921875 0.0176124572753906 -0.0549697875976563
-0.1424560546875 -0.336944580078125 -0.0839691162109375 -0.098602294921875
-0.10601806640625 -0.323150634765625 -0.1341552734375 -0.081634521484375
-0.115447998046875 -0.353973388671875 -0.137527465820312 -0.13067626953125
-0.031707763671875 -0.38232421875 -0.103546142578125 -0.214370727539063
0.132080078125 -0.384246826171875 -0.00848388671874999 -0.218765258789063
0.258148193359375 -0.34130859375 0.1002197265625 -0.232513427734375
0.433319091796875 -0.163177490234375 0.244094848632813 -0.175872802734375
0.532623291015625 -0.100860595703125 0.260040283203125 -0.0805206298828125
0.523590087890625 -0.046234130859375 -0.0395240783691406 0.00200653076171874
0.46856689453125 -0.1939697265625 0.161102294921875 0.071563720703125
0.34375 -0.222808837890625 -0.33209228515625 -0.0693359375000001
0.331787109375 -0.20245361328125 -0.3599853515625 0.35321044921875
0.27587890625 -0.3016357421875 -0.035430908203125 0.429107666015625
0.151611328125 -0.36810302734375 0.1370849609375 0.219024658203125
-0.04302978515625 -0.432861328125 0.079345703125 0.0616073608398437
-0.1641845703125 -0.368865966796875 0.000291824340820305 0.0200786590576172
-0.123199462890625 -0.34332275390625 -0.0578575134277344 0.0290985107421875
-0.12542724609375 -0.37994384765625 -0.0695266723632813 -0.0176925659179688
-0.019012451171875 -0.407135009765625 -0.0558929443359375 -0.105873107910156
0.176788330078125 -0.38836669921875 0.0291671752929688 -0.131271362304688
0.304656982421875 -0.30169677734375 0.141693115234375 -0.170272827148438
0.422882080078125 -0.07952880859375 0.31658935546875 -0.13641357421875
0.452545166015625 -0.057891845703125 0.38995361328125 -0.056549072265625
0.444915771484375 -0.09063720703125 0.131011962890625 0.0440139770507812
0.3062744140625 -0.2615966796875 0.292724609375 0.059356689453125
0.168289184570313 -0.20166015625 -0.20941162109375 -0.0327606201171875
0.20196533203125 -0.104598999023438 -0.254791259765625 0.35498046875
0.239212036132813 -0.189010620117188 0.0227050781250001 0.431884765625
0.159210205078125 -0.301300048828125 0.154220581054688 0.2734375
-0.0306396484375 -0.399505615234375 0.132461547851563 0.1727294921875
-0.157745361328125 -0.33819580078125 0.0898361206054687 0.139755249023437
-0.12200927734375 -0.312103271484375 0.0297775268554687 0.134780883789062
-0.121124267578125 -0.350128173828125 0.00293731689453124 0.090789794921875
-0.0101318359375 -0.3741455078125 -0.00898361206054688 0.00398063659667967
0.187713623046875 -0.3319091796875 0.0545234680175781 -0.0404281616210938
0.29229736328125 -0.206146240234375 0.16387939453125 -0.09814453125
0.318756103515625 0.012420654296875 0.365631103515625 -0.087371826171875
0.28924560546875 -0.029510498046875 0.497283935546875 -0.01605224609375
0.30047607421875 -0.14617919921875 0.274337768554688 0.082916259765625
0.084442138671875 -0.2667236328125 0.382049560546875 0.042999267578125
-0.019683837890625 -0.104736328125 -0.0975875854492188 0.00437927246093751
0.083343505859375 0.0358200073242187 -0.15679931640625 0.321807861328125
0.196929931640625 -0.054168701171875 0.0538330078125 0.3951416015625
0.153152465820313 -0.197921752929687 0.142822265625 0.304290771484375
-0.01165771484375 -0.305908203125 0.169586181640625 0.2647705078125
-0.1234130859375 -0.254928588867188 0.17242431640625 0.237136840820312
-0.101028442382812 -0.2349853515625 0.113662719726563 0.21771240234375
-0.1021728515625 -0.27252197265625 0.070587158203125 0.178070068359375
-0.00189208984374998 -0.292236328125 0.0322341918945313 0.0989608764648437
0.16815185546875 -0.231903076171875 0.0608634948730469 0.0358200073242187
0.225830078125 -0.0841064453125 0.161514282226563 -0.04180908203125
0.146255493164063 0.081085205078125 0.3912353515625 -0.048614501953125
0.072998046875 -0.0374755859375 0.56964111328125 0.033447265625
0.117324829101563 -0.210296630859375 0.37213134765625 0.106109619140625
-0.152374267578125 -0.221145629882812 0.413421630859375 0.026611328125
-0.183334350585937 0.017364501953125 -0.01873779296875 0.0332527160644531
-0.0226287841796875 0.1580810546875 -0.094268798828125 0.271804809570313
0.135650634765625 0.0677871704101563 0.04815673828125 0.351409912109375
0.121208190917969 -0.0790634155273438 0.110198974609375 0.320037841796875
0.00569152832031249 -0.169113159179688 0.185699462890625 0.328277587890625
-0.0688629150390625 -0.131790161132813 0.2322998046875 0.299407958984375
-0.0633010864257813 -0.124092102050781 0.181060791015625 0.264877319335937
-0.0684051513671875 -0.159469604492188 0.125473022460937 0.234466552734375
0.00738525390624999 -0.174346923828125 0.0634765625 0.169097900390625
0.124618530273438 -0.106117248535156 0.052215576171875 0.0817642211914063
0.116432189941406 0.0399398803710938 0.145553588867188 -0.022064208984375
-0.0600509643554687 0.105697631835938 0.4088134765625 -0.041900634765625
-0.152099609375 -0.078704833984375 0.61053466796875 0.07171630859375
-0.0739593505859375 -0.266189575195313 0.414581298828125 0.100067138671875
0.293243408203125 0.236358642578125 -0.367950439453125 -0.04827880859375
0.3612060546875 0.055877685546875 -0.62005615234375 -0.0857543945312499
0.2376708984375 -0.12548828125 -0.388214111328125 0.13824462890625
0.0422821044921875 -0.139907836914063 -0.123565673828125 0.08917236328125
-0.0330734252929688 -0.0462722778320313 -0.0150833129882812 -0.0883560180664063
0.000494003295898435 0.0292282104492188 -0.0925140380859375 -0.227676391601563
0.0283164978027344 -0.000707626342773438 -0.187698364257813 -0.277999877929688
0.0168819427490234 -0.0223293304443359 -0.231170654296875 -0.27362060546875
0.00995063781738281 -0.00626945495605469 -0.256500244140625 -0.310882568359375
-0.0302257537841797 -0.000171661376953124 -0.202789306640625 -0.354644775390625
-0.0841522216796875 -0.0507965087890625 -0.133331298828125 -0.3309326171875
-0.05657958984375 -0.163742065429687 -0.051025390625 -0.309967041015625
0.137832641601563 -0.228805541992188 0.0587615966796875 -0.2412109375
0.328857421875 -0.100189208984375 0.000976562500000025 -0.0569496154785156
0.300872802734375 0.09521484375 -0.43994140625 -0.0792846679687501
0.443145751953125 0.165985107421875 -0.27313232421875 -0.00285339355468744
0.473876953125 0.02203369140625 -0.60028076171875 -0.0963134765625001
0.392486572265625 -0.160919189453125 -0.429656982421875 0.20318603515625
0.18011474609375 -0.24835205078125 -0.118667602539062 0.171905517578125
0.0341949462890625 -0.191146850585938 0.0187149047851563 -0.0493087768554688
-0.022979736328125 -0.135871887207031 -0.081268310546875 -0.213729858398438
-0.0422134399414063 -0.133018493652344 -0.193344116210938 -0.255599975585937
-0.0381927490234375 -0.148880004882813 -0.234573364257812 -0.239852905273438
-0.0531463623046875 -0.153091430664063 -0.24639892578125 -0.286712646484375
-0.046875 -0.1597900390625 -0.190185546875 -0.346649169921875
-0.0203399658203125 -0.194915771484375 -0.098968505859375 -0.32281494140625
0.044342041015625 -0.25933837890625 -0.00781249999999998 -0.298431396484375
0.25640869140625 -0.254486083984375 0.0959320068359375 -0.222976684570313
0.452178955078125 -0.1517333984375 0.0425872802734375 -0.075714111328125
0.4521484375 0.02923583984375 -0.355316162109375 -0.0510864257812499
0.534271240234375 0.044891357421875 -0.141738891601562 0.03985595703125
0.51141357421875 -0.06768798828125 -0.5452880859375 -0.0957641601562501
0.458770751953125 -0.2113037109375 -0.45257568359375 0.273651123046875
0.267059326171875 -0.336090087890625 -0.108749389648437 0.28033447265625
0.08868408203125 -0.3148193359375 0.0579299926757813 0.0310249328613281
-0.046966552734375 -0.288360595703125 -0.0458221435546875 -0.15411376953125
-0.108612060546875 -0.251022338867188 -0.160797119140625 -0.193328857421875
-0.0873260498046875 -0.25439453125 -0.204360961914062 -0.1705322265625
-0.101943969726562 -0.274917602539063 -0.207595825195313 -0.221725463867188
-0.053192138671875 -0.294891357421875 -0.16021728515625 -0.29559326171875
0.05133056640625 -0.319427490234375 -0.0596923828125 -0.285858154296875
0.154266357421875 -0.33282470703125 0.04302978515625 -0.279464721679688
0.366943359375 -0.239776611328125 0.161895751953125 -0.210174560546875
0.52984619140625 -0.1611328125 0.135498046875 -0.0894775390625
0.53253173828125 -0.023681640625 -0.213119506835937 -0.0245513916015625
0.548248291015625 -0.0982666015625 0.0127449035644532 0.0630722045898438
0.465423583984375 -0.17901611328125 -0.4566650390625 -0.0823364257812499
0.429290771484375 -0.251190185546875 -0.426025390625 0.336578369140625
0.28826904296875 -0.36895751953125 -0.074432373046875 0.380706787109375
0.121856689453125 -0.386962890625 0.106163024902344 0.128013610839844
-0.062896728515625 -0.3978271484375 0.0136222839355469 -0.0573539733886719
-0.160064697265625 -0.333465576171875 -0.0932769775390625 -0.09649658203125
-0.1239013671875 -0.322509765625 -0.143234252929687 -0.0755767822265625
-0.134033203125 -0.35260009765625 -0.146896362304688 -0.125137329101563
-0.052215576171875 -0.3834228515625 -0.11663818359375 -0.209548950195313
0.1134033203125 -0.396087646484375 -0.0171966552734375 -0.220840454101563
0.245758056640625 -0.360687255859375 0.0942535400390625 -0.241607666015625
0.435791015625 -0.1895751953125 0.240859985351563 -0.190750122070312
0.537750244140625 -0.130584716796875 0.262527465820313 -0.095458984375
0.531524658203125 -0.067626953125 -0.0384101867675781 0.00686645507812499
0.467681884765625 -0.21783447265625 0.169036865234375 0.06103515625
0.340118408203125 -0.240814208984375 -0.34112548828125 -0.0585937500000001
0.3255615234375 -0.2239990234375 -0.349151611328125 0.373504638671875
0.266204833984375 -0.323028564453125 -0.01513671875 0.436798095703125
0.13720703125 -0.382965087890625 0.14837646484375 0.2135009765625
-0.06640625 -0.438568115234375 0.0803451538085938 0.0573959350585937
-0.182891845703125 -0.365264892578125 -0.0034160614013672 0.0216999053955078
-0.143096923828125 -0.34136962890625 -0.0595626831054688 0.0335159301757812
-0.14727783203125 -0.37811279296875 -0.0723037719726563 -0.0134124755859375
-0.04339599609375 -0.40960693359375 -0.0642166137695313 -0.103118896484375
0.1578369140625 -0.403533935546875 0.0246963500976563 -0.133735656738281
0.294647216796875 -0.3226318359375 0.140609741210938 -0.180252075195313
0.427947998046875 -0.10125732421875 0.31719970703125 -0.155029296875
0.457061767578125 -0.082916259765625 0.3955078125 -0.077850341796875
0.448394775390625 -0.110595703125 0.13739013671875 0.0436248779296875
0.2994384765625 -0.27850341796875 0.305328369140625 0.042999267578125
0.161895751953125 -0.211135864257812 -0.214569091796875 -0.0264434814453125
0.20001220703125 -0.11785888671875 -0.242034912109375 0.37158203125
0.234710693359375 -0.2066650390625 0.044525146484375 0.437164306640625
0.148406982421875 -0.314971923828125 0.167648315429688 0.269378662109375
-0.052947998046875 -0.406707763671875 0.141067504882813 0.16827392578125
-0.176422119140625 -0.334381103515625 0.0946884155273437 0.1378173828125
-0.14154052734375 -0.310546875 0.0341873168945312 0.137031555175781
-0.142303466796875 -0.348602294921875 0.00678253173828124 0.0929946899414062
-0.032562255859375 -0.376556396484375 -0.0108613967895508 0.00627613067626951
0.17218017578125 -0.347381591796875 0.0552978515625 -0.04278564453125
0.287109375 -0.22552490234375 0.1663818359375 -0.108383178710938
0.328521728515625 -0.003021240234375 0.36944580078125 -0.105865478515625
0.2926025390625 -0.045654296875 0.505645751953125 -0.03704833984375
0.29803466796875 -0.15899658203125 0.285247802734375 0.07708740234375
0.07275390625 -0.274139404296875 0.39453125 0.022491455078125
-0.0251922607421875 -0.104141235351562 -0.0978469848632813 0.00665283203124999
0.08648681640625 0.0312271118164062 -0.144195556640625 0.333465576171875
0.198074340820313 -0.067474365234375 0.074005126953125 0.398834228515625
0.14666748046875 -0.210693359375 0.1571044921875 0.300811767578125
-0.028594970703125 -0.311981201171875 0.182891845703125 0.258895874023438
-0.138565063476563 -0.250839233398438 0.182586669921875 0.232940673828125
-0.117019653320313 -0.233566284179688 0.124069213867187 0.216796875
-0.120513916015625 -0.272018432617188 0.0796661376953125 0.178314208984375
-0.01934814453125 -0.295989990234375 0.0352783203125 0.0999069213867187
0.1578369140625 -0.245834350585937 0.0658760070800781 0.0338096618652344
0.226211547851563 -0.0979461669921875 0.166030883789063 -0.049407958984375
0.155624389648438 0.075714111328125 0.39483642578125 -0.0662841796875
0.0717086791992188 -0.04229736328125 0.5814208984375 0.00811767578125
0.106460571289063 -0.217376708984375 0.38775634765625 0.0980224609375
-0.166152954101563 -0.217361450195313 0.4276123046875 0.00677490234374999
-0.184066772460938 0.0286407470703125 -0.0160446166992188 0.0334987640380859
-0.0149078369140625 0.161483764648437 -0.0840301513671875 0.279708862304688
0.141830444335938 0.060516357421875 0.0648193359375 0.35443115234375
0.120307922363281 -0.0883941650390625 0.1243896484375 0.31878662109375
-0.0035247802734375 -0.173233032226563 0.2037353515625 0.322174072265625
-0.0778350830078125 -0.129051208496094 0.246490478515625 0.291717529296875
-0.0737762451171875 -0.123558044433594 0.196044921875 0.260955810546875
-0.080108642578125 -0.159652709960937 0.138412475585938 0.231689453125
-0.00245666503906249 -0.178680419921875 0.0711212158203125 0.168380737304688
0.120323181152344 -0.117904663085938 0.0583953857421875 0.0815582275390625
0.121803283691406 0.0328521728515625 0.149490356445313 -0.0271148681640625
-0.05316162109375 0.111854553222656 0.411224365234375 -0.060302734375
-0.159210205078125 -0.0731964111328125 0.62127685546875 0.046630859375
-0.0913238525390625 -0.266128540039063 0.430206298828125 0.088470458984375
0.3094482421875 0.219512939453125 -0.375152587890625 -0.0325317382812499
0.364013671875 0.031341552734375 -0.6259765625 -0.05401611328125
0.228515625 -0.139251708984375 -0.379730224609375 0.1585693359375
0.0318756103515625 -0.14251708984375 -0.117378234863281 0.0948104858398437
-0.0358467102050781 -0.0411720275878906 -0.0214004516601563 -0.0883865356445312
0.00504684448242188 0.0313835144042969 -0.106842041015625 -0.217987060546875
0.0302772521972656 -0.003509521484375 -0.20635986328125 -0.26580810546875
0.0174083709716797 -0.0229988098144531 -0.245925903320312 -0.257736206054688
0.0114889144897461 -0.00653362274169922 -0.27288818359375 -0.294769287109375
-0.0294303894042969 0.00271987915039062 -0.22125244140625 -0.339599609375
-0.0865859985351563 -0.0416488647460938 -0.14849853515625 -0.32171630859375
-0.06982421875 -0.158782958984375 -0.06964111328125 -0.30474853515625
0.121871948242188 -0.237991333007813 0.0442657470703125 -0.2447509765625
0.322235107421875 -0.122894287109375 -0.000820159912109353 -0.0600433349609375
0.309722900390625 0.07733154296875 -0.4462890625 -0.052337646484375
0.453033447265625 0.1417236328125 -0.278030395507813 0.00741577148437504
0.47418212890625 -0.007354736328125 -0.6090087890625 -0.0646972656250001
0.379119873046875 -0.184722900390625 -0.41754150390625 0.22711181640625
0.162338256835938 -0.258682250976563 -0.106689453125 0.176361083984375
0.02227783203125 -0.190109252929688 0.013946533203125 -0.0509872436523438
-0.0299758911132812 -0.132011413574219 -0.0962677001953125 -0.206512451171875
-0.0467910766601563 -0.130378723144531 -0.2117919921875 -0.242462158203125
-0.044891357421875 -0.14581298828125 -0.25042724609375 -0.223663330078125
-0.060882568359375 -0.14862060546875 -0.262069702148438 -0.270828247070312
-0.0554046630859375 -0.153640747070313 -0.209686279296875 -0.33251953125
-0.033203125 -0.189849853515625 -0.11572265625 -0.314178466796875
0.0265350341796875 -0.260848999023438 -0.0245361328125 -0.296295166015625
0.239990234375 -0.27178955078125 0.0833740234375 -0.22796630859375
0.441986083984375 -0.183929443359375 0.03936767578125 -0.080718994140625
0.457366943359375 0.003204345703125 -0.35784912109375 -0.02862548828125
0.5364990234375 0.0137939453125 -0.141403198242187 0.0428466796875
0.50634765625 -0.098541259765625 -0.552734375 -0.0663146972656251
0.442840576171875 -0.239105224609375 -0.4359130859375 0.29827880859375
0.244140625 -0.35040283203125 -0.091949462890625 0.284088134765625
0.06927490234375 -0.31866455078125 0.0567398071289063 0.0252609252929687
-0.064056396484375 -0.2818603515625 -0.0570220947265625 -0.150070190429688
-0.1220703125 -0.242355346679687 -0.17657470703125 -0.18218994140625
-0.101715087890625 -0.247802734375 -0.21826171875 -0.156295776367188
-0.117401123046875 -0.26580810546875 -0.220733642578125 -0.208267211914063
-0.070404052734375 -0.286651611328125 -0.177978515625 -0.282684326171875
0.03045654296875 -0.320220947265625 -0.07513427734375 -0.281463623046875
0.131683349609375 -0.341156005859375 0.02655029296875 -0.282501220703125
0.351043701171875 -0.264007568359375 0.148193359375 -0.219512939453125
0.519195556640625 -0.19512939453125 0.132003784179688 -0.100151062011719
0.533721923828125 -0.0546875 -0.213409423828125 -0.0104827880859376
0.5411376953125 -0.128173828125 0.0136642456054688 0.0573501586914062
0.4541015625 -0.205810546875 -0.462249755859375 -0.0594787597656251
0.41131591796875 -0.27630615234375 -0.407318115234375 0.360626220703125
0.263702392578125 -0.388397216796875 -0.04901123046875 0.38262939453125
0.097015380859375 -0.392547607421875 0.111473083496094 0.119895935058594
-0.09014892578125 -0.393280029296875 0.007781982421875 -0.0579109191894532
-0.179168701171875 -0.32366943359375 -0.104881286621094 -0.0886306762695313
-0.143402099609375 -0.312713623046875 -0.151336669921875 -0.064544677734375
-0.1549072265625 -0.342529296875 -0.153457641601563 -0.114715576171875
-0.07666015625 -0.374359130859375 -0.130416870117187 -0.198318481445313
0.086517333984375 -0.39947509765625 -0.028045654296875 -0.216903686523438
0.221221923828125 -0.376983642578125 0.0821380615234375 -0.248550415039063
0.42449951171875 -0.2169189453125 0.227874755859375 -0.207595825195312
0.52685546875 -0.166412353515625 0.257904052734375 -0.111557006835938
0.52947998046875 -0.09747314453125 -0.0353507995605468 0.0117225646972656
0.453338623046875 -0.24530029296875 0.172561645507813 0.0473480224609375
0.32586669921875 -0.258270263671875 -0.345550537109375 -0.0417175292968751
0.3095703125 -0.244598388671875 -0.3277587890625 0.39373779296875
0.245025634765625 -0.34112548828125 0.013916015625 0.4361572265625
0.113189697265625 -0.39031982421875 0.158355712890625 0.201126098632812
-0.0958251953125 -0.433807373046875 0.0817184448242187 0.051055908203125
-0.206146240234375 -0.351287841796875 -0.00721931457519532 0.0230655670166015
-0.164642333984375 -0.329864501953125 -0.0603485107421875 0.0402259826660156
-0.171112060546875 -0.366241455078125 -0.0740432739257813 -0.00783538818359379
-0.06951904296875 -0.400482177734375 -0.07275390625 -0.0955581665039063
0.13116455078125 -0.41107177734375 0.0177764892578125 -0.133674621582031
0.27362060546875 -0.34063720703125 0.131942749023438 -0.188278198242188
0.4228515625 -0.1298828125 0.3060302734375 -0.1754150390625
0.45166015625 -0.112823486328125 0.39190673828125 -0.10211181640625
0.441650390625 -0.13360595703125 0.1424560546875 0.0382843017578125
0.282470703125 -0.2947998046875 0.308624267578125 0.021453857421875
0.149017333984375 -0.218612670898438 -0.215667724609375 -0.015594482421875
0.191665649414063 -0.130233764648438 -0.220489501953125 0.384307861328125
0.219451904296875 -0.224655151367188 0.071990966796875 0.43267822265625
0.128082275390625 -0.32537841796875 0.18212890625 0.25579833984375
-0.08184814453125 -0.401580810546875 0.149566650390625 0.15814208984375
-0.198333740234375 -0.32183837890625 0.098052978515625 0.133132934570312
-0.162322998046875 -0.299285888671875 0.0393142700195312 0.135452270507812
-0.16546630859375 -0.337249755859375 0.0121231079101563 0.0937042236328125
-0.058013916015625 -0.3702392578125 -0.0127687454223633 0.0096321105957031
0.147857666015625 -0.357208251953125 0.0539436340332031 -0.0452537536621094
0.272308349609375 -0.244064331054688 0.162567138671875 -0.118927001953125
0.32904052734375 -0.02398681640625 0.36163330078125 -0.1275634765625
0.28839111328125 -0.063751220703125 0.50250244140625 -0.067901611328125
0.28668212890625 -0.17242431640625 0.292449951171875 0.064239501953125
0.0569610595703125 -0.27685546875 0.4000244140625 -0.00390625000000002
-0.0298919677734375 -0.100700378417969 -0.09716796875 0.0101394653320312
0.088623046875 0.0257949829101562 -0.124420166015625 0.340850830078125
0.194442749023438 -0.0810394287109375 0.09906005859375 0.39263916015625
0.134078979492188 -0.221359252929687 0.172637939453125 0.289947509765625
-0.050750732421875 -0.311309814453125 0.197509765625 0.24578857421875
-0.155303955078125 -0.240280151367188 0.192855834960938 0.221389770507812
-0.133407592773438 -0.224700927734375 0.134841918945313 0.208480834960938
-0.13958740234375 -0.262359619140625 0.090057373046875 0.17315673828125
-0.040679931640625 -0.29296875 0.0392990112304688 0.0979385375976562
0.140182495117187 -0.256912231445313 0.0697059631347656 0.0301055908203125
0.220550537109375 -0.112457275390625 0.166061401367187 -0.05938720703125
0.162933349609375 0.065032958984375 0.389007568359375 -0.089019775390625
0.0674476623535156 -0.0471000671386719 0.579833984375 -0.0252685546875
0.09124755859375 -0.219757080078125 0.395660400390625 0.079376220703125
-0.178802490234375 -0.205307006835938 0.43212890625 -0.01995849609375
-0.179580688476563 0.0411376953125 -0.0126895904541016 0.0328273773193359
-0.003875732421875 0.161788940429687 -0.066986083984375 0.28240966796875
0.146255493164063 0.0486297607421875 0.084686279296875 0.3475341796875
0.114707946777344 -0.097686767578125 0.14105224609375 0.310333251953125
-0.01641845703125 -0.174713134765625 0.22119140625 0.30804443359375
-0.0881195068359375 -0.122428894042969 0.260299682617187 0.274978637695312
-0.0838623046875 -0.117752075195313 0.208648681640625 0.247482299804688
-0.0919952392578125 -0.154159545898438 0.1536865234375 0.222320556640625
-0.0174102783203125 -0.178573608398438 0.08062744140625 0.163787841796875
0.11041259765625 -0.128334045410156 0.06451416015625 0.0784530639648437
0.125526428222656 0.022674560546875 0.149765014648438 -0.0347442626953125
-0.0422515869140625 0.11541748046875 0.404693603515625 -0.082733154296875
-0.166183471679687 -0.062713623046875 0.62432861328125 0.01116943359375
-0.110671997070313 -0.2578125 0.43743896484375 0.0697021484375
0.31256103515625 0.19775390625 -0.37213134765625 -0.0141296386718749
0.354766845703125 0.0103759765625 -0.6182861328125 -0.0211181640625001
0.215850830078125 -0.148483276367188 -0.366790771484375 0.170989990234375
0.023101806640625 -0.139167785644531 -0.110610961914063 0.0961456298828125
-0.0381622314453125 -0.0347213745117188 -0.0262527465820313 -0.0817413330078125
0.00751304626464843 0.0307426452636719 -0.115447998046875 -0.204757690429688
0.0337905883789062 -0.00774192810058594 -0.216629028320313 -0.246124267578125
0.0182743072509766 -0.024688720703125 -0.256607055664063 -0.238754272460937
0.0133180618286133 -0.006072998046875 -0.2794189453125 -0.272445678710938
-0.0244693756103516 0.00576782226562499 -0.231170654296875 -0.318084716796875
-0.0863418579101563 -0.03387451171875 -0.158447265625 -0.30389404296875
-0.0778961181640625 -0.150924682617188 -0.08270263671875 -0.29052734375
0.105239868164063 -0.23870849609375 0.03350830078125 -0.237701416015625
0.3095703125 -0.14111328125 -0.00344848632812498 -0.0624160766601563
0.306610107421875 0.06072998046875 -0.43963623046875 -0.0273742675781249
0.44854736328125 0.1153564453125 -0.275466918945312 0.0165710449218749
0.463470458984375 -0.0318603515625 -0.60211181640625 -0.0370483398437499
0.35882568359375 -0.1968994140625 -0.398834228515625 0.240203857421875
0.14154052734375 -0.26226806640625 -0.0945892333984375 0.176345825195312
0.0112762451171875 -0.183135986328125 0.0107154846191406 -0.0507278442382813
-0.0333175659179688 -0.126335144042969 -0.10595703125 -0.1944580078125
-0.05267333984375 -0.125732421875 -0.221649169921875 -0.2239990234375
-0.0506362915039063 -0.139076232910156 -0.2581787109375 -0.202606201171875
-0.0662078857421875 -0.138595581054688 -0.2701416015625 -0.249786376953125
-0.060516357421875 -0.14422607421875 -0.22021484375 -0.310760498046875
-0.0424041748046875 -0.181137084960937 -0.12738037109375 -0.2989501953125
0.0118255615234375 -0.256866455078125 -0.0384521484375 -0.28875732421875
0.219375610351563 -0.281143188476563 0.070068359375 -0.226409912109375
0.421051025390625 -0.205352783203125 0.0351333618164063 -0.0818557739257813
0.44879150390625 -0.020050048828125 -0.35186767578125 -0.008209228515625
0.523712158203125 -0.01239013671875 -0.1405029296875 0.0463790893554688
0.491485595703125 -0.11944580078125 -0.543212890625 -0.0433349609374999
0.421539306640625 -0.25506591796875 -0.41015625 0.3115234375
0.21728515625 -0.355194091796875 -0.07073974609375 0.281768798828125
0.04876708984375 -0.313323974609375 0.05596923828125 0.0193672180175781
-0.0764617919921875 -0.270736694335937 -0.0672760009765625 -0.142425537109375
-0.132583618164063 -0.229095458984375 -0.18646240234375 -0.167831420898437
-0.111785888671875 -0.232406616210937 -0.22393798828125 -0.1385498046875
-0.12994384765625 -0.252716064453125 -0.228713989257812 -0.191818237304688
-0.08154296875 -0.273040771484375 -0.187591552734375 -0.2626953125
0.010498046875 -0.3115234375 -0.0826263427734375 -0.268081665039063
0.109527587890625 -0.339202880859375 0.0117340087890625 -0.277053833007813
0.329498291015625 -0.2774658203125 0.134963989257813 -0.221893310546875
0.4920654296875 -0.2178955078125 0.125022888183594 -0.1065673828125
0.52252197265625 -0.079315185546875 -0.209030151367187 0.000518798828125006
0.521148681640625 -0.15118408203125 0.0131721496582032 0.0503120422363281
0.433441162109375 -0.220184326171875 -0.458160400390625 -0.036376953125
0.386688232421875 -0.291107177734375 -0.3804931640625 0.373504638671875
0.233123779296875 -0.39361572265625 -0.026519775390625 0.373748779296875
0.071441650390625 -0.389190673828125 0.111251831054688 0.108924865722656
-0.109283447265625 -0.375885009765625 0.000965118408203116 -0.0560379028320313
-0.19232177734375 -0.30670166015625 -0.108680725097656 -0.0782470703125
-0.155120849609375 -0.295562744140625 -0.1553955078125 -0.0509185791015626
-0.171234130859375 -0.325408935546875 -0.157852172851563 -0.101531982421875
-0.09619140625 -0.357513427734375 -0.13787841796875 -0.18310546875
0.062286376953125 -0.395904541015625 -0.0352020263671875 -0.2099609375
0.196746826171875 -0.380462646484375 0.0701904296875 -0.246353149414063
0.40411376953125 -0.235809326171875 0.212203979492188 -0.213455200195313
0.50689697265625 -0.192535400390625 0.247711181640625 -0.123672485351563
0.510833740234375 -0.11968994140625 -0.0339469909667968 0.0159492492675781
0.430206298828125 -0.25897216796875 0.171249389648438 0.033966064453125
0.304229736328125 -0.26861572265625 -0.344146728515625 -0.0266418457031251
0.289520263671875 -0.254241943359375 -0.30029296875 0.39862060546875
0.218505859375 -0.34747314453125 0.037261962890625 0.425048828125
0.091461181640625 -0.38763427734375 0.163421630859375 0.18560791015625
-0.122039794921875 -0.420318603515625 0.0805587768554687 0.0462188720703125
-0.218231201171875 -0.3310546875 -0.0084056854248047 0.0242366790771484
-0.17779541015625 -0.313140869140625 -0.0596580505371094 0.0446853637695312
-0.187347412109375 -0.348388671875 -0.0746078491210938 -0.00096893310546877
-0.091400146484375 -0.385009765625 -0.076080322265625 -0.0846176147460938
0.10498046875 -0.406494140625 0.012664794921875 -0.130378723144531
0.248565673828125 -0.347320556640625 0.122589111328125 -0.193984985351563
0.404998779296875 -0.14935302734375 0.2901611328125 -0.18731689453125
0.43170166015625 -0.13616943359375 0.376922607421875 -0.12164306640625
0.426910400390625 -0.150390625 0.143478393554688 0.03521728515625
0.26220703125 -0.302978515625 0.303070068359375 -0.000640869140625019
0.134506225585938 -0.2196044921875 -0.214584350585938 -0.00628662109375006
0.17950439453125 -0.138168334960938 -0.19561767578125 0.38421630859375
0.20147705078125 -0.231307983398438 0.092498779296875 0.41802978515625
0.108367919921875 -0.32525634765625 0.190170288085938 0.238937377929687
-0.104156494140625 -0.3887939453125 0.15283203125 0.144851684570312
-0.210601806640625 -0.302276611328125 0.10003662109375 0.126853942871094
-0.175872802734375 -0.282440185546875 0.0427093505859375 0.134231567382812
-0.18072509765625 -0.32122802734375 0.016571044921875 0.09039306640625
-0.07830810546875 -0.3560791015625 -0.0138216018676758 0.0127506256103515
0.121856689453125 -0.356414794921875 0.0537185668945313 -0.0479583740234375
0.253143310546875 -0.253875732421875 0.15484619140625 -0.12615966796875
0.320770263671875 -0.04315185546875 0.34185791015625 -0.143402099609375
0.276214599609375 -0.07861328125 0.488983154296875 -0.09149169921875
0.269927978515625 -0.18084716796875 0.293853759765625 0.052764892578125
0.042938232421875 -0.272796630859375 0.3927001953125 -0.02777099609375
-0.0311813354492188 -0.0938186645507813 -0.0949020385742187 0.014068603515625
0.0874557495117188 0.0197067260742188 -0.104827880859375 0.33941650390625
0.18438720703125 -0.0908966064453125 0.117156982421875 0.37554931640625
0.119903564453125 -0.225189208984375 0.182342529296875 0.27056884765625
-0.0712890625 -0.302032470703125 0.202102661132812 0.228302001953125
-0.167022705078125 -0.225433349609375 0.196319580078125 0.207595825195313
-0.143020629882813 -0.210235595703125 0.138595581054688 0.19873046875
-0.152801513671875 -0.24664306640625 0.096466064453125 0.164474487304687
-0.057281494140625 -0.281829833984375 0.0422210693359375 0.0955734252929687
0.12139892578125 -0.259246826171875 0.0708465576171875 0.0276260375976562
0.209228515625 -0.125869750976563 0.16229248046875 -0.0677947998046875
0.163284301757813 0.0548553466796875 0.373687744140625 -0.109039306640625
0.0608177185058594 -0.0480270385742187 0.56414794921875 -0.0518798828125
0.0761566162109375 -0.216690063476563 0.392791748046875 0.061798095703125
-0.18487548828125 -0.1904296875 0.424957275390625 -0.042724609375
-0.17041015625 0.050079345703125 -0.00772857666015626 0.0320835113525391
0.00679016113281248 0.159164428710937 -0.0518646240234375 0.2808837890625
0.146926879882813 0.0384368896484375 0.100860595703125 0.33233642578125
0.106468200683594 -0.104240417480469 0.152587890625 0.290618896484375
-0.0289764404296875 -0.171798706054688 0.228790283203125 0.28887939453125
-0.0935134887695312 -0.113014221191406 0.265701293945313 0.25738525390625
-0.0908889770507812 -0.109207153320313 0.215789794921875 0.231765747070313
-0.101715087890625 -0.14501953125 0.162246704101562 0.207427978515625
-0.028472900390625 -0.175521850585937 0.0858154296875 0.157455444335938
0.09844970703125 -0.134117126464844 0.0682601928710938 0.0726776123046875
0.124725341796875 0.0138473510742187 0.14459228515625 -0.042266845703125
-0.035125732421875 0.1151123046875 0.388916015625 -0.101318359375
-0.165481567382813 -0.0517425537109375 0.60845947265625 -0.01898193359375
-0.124893188476563 -0.242462158203125 0.43267822265625 0.04925537109375
0.310577392578125 0.1854248046875 -0.366973876953125 -0.00738525390625007
0.346466064453125 -0.00262451171875 -0.6048583984375 -0.00976562500000012
0.20343017578125 -0.148727416992188 -0.3524169921875 0.177947998046875
0.0165328979492187 -0.133705139160156 -0.106552124023438 0.0941619873046875
-0.0385513305664063 -0.0298194885253906 -0.0286178588867187 -0.08062744140625
0.0119380950927734 0.0299053192138672 -0.119918823242187 -0.192291259765625
0.0327281951904297 -0.00792884826660156 -0.220489501953125 -0.230697631835937
0.0197162628173828 -0.0211029052734375 -0.255126953125 -0.222763061523438
0.0154972076416016 -0.00508022308349609 -0.279586791992188 -0.25860595703125
-0.0223617553710938 0.0085296630859375 -0.229705810546875 -0.30181884765625
-0.0847396850585938 -0.025634765625 -0.1627197265625 -0.2911376953125
-0.08428955078125 -0.142349243164062 -0.089019775390625 -0.277420043945313
0.091064453125 -0.237991333007813 0.0261383056640625 -0.230804443359375
0.295684814453125 -0.146514892578125 -0.00586700439453123 -0.0600967407226563
0.30364990234375 0.04840087890625 -0.430633544921875 -0.0137329101562499
0.440948486328125 0.10113525390625 -0.271575927734375 0.0219573974609376
0.44805908203125 -0.045745849609375 -0.59075927734375 -0.021728515625
0.343292236328125 -0.202239990234375 -0.3826904296875 0.243743896484375
0.127853393554688 -0.259002685546875 -0.0877227783203124 0.170700073242187
0.00520324707031248 -0.1763916015625 0.0067901611328125 -0.0492782592773438
-0.0362930297851563 -0.118186950683594 -0.110198974609375 -0.184982299804688
-0.0524368286132812 -0.120697021484375 -0.225006103515625 -0.208831787109375
-0.0505142211914063 -0.1322021484375 -0.258499145507813 -0.187744140625
-0.0661468505859375 -0.133857727050781 -0.27203369140625 -0.23553466796875
-0.06134033203125 -0.135444641113281 -0.221893310546875 -0.293487548828125
-0.04669189453125 -0.1719970703125 -0.128936767578125 -0.286041259765625
0.000488281250000004 -0.249847412109375 -0.0448150634765625 -0.277236938476563
0.203079223632812 -0.278854370117188 0.062591552734375 -0.221115112304688
0.404449462890625 -0.21380615234375 0.0305328369140625 -0.0852279663085938
0.4384765625 -0.031005859375 -0.343353271484375 0.00347900390625001
0.511138916015625 -0.02294921875 -0.140289306640625 0.045928955078125
0.47027587890625 -0.130523681640625 -0.537994384765625 -0.0302124023437501
0.399627685546875 -0.26214599609375 -0.394012451171875 0.31451416015625
0.199127197265625 -0.352996826171875 -0.0611572265625 0.27276611328125
0.039306640625 -0.3045654296875 0.057342529296875 0.0173454284667969
-0.0832366943359375 -0.258346557617188 -0.0705642700195313 -0.136947631835938
-0.134521484375 -0.221786499023438 -0.189422607421875 -0.154388427734375
-0.113998413085938 -0.224517822265625 -0.220535278320312 -0.124588012695313
-0.132354736328125 -0.238906860351563 -0.227920532226562 -0.1766357421875
-0.090423583984375 -0.259078979492188 -0.190338134765625 -0.247756958007813
0.000946044921874981 -0.301116943359375 -0.0887298583984375 -0.255889892578125
0.092376708984375 -0.334991455078125 0.0037841796875 -0.269927978515625
0.3118896484375 -0.281341552734375 0.12384033203125 -0.217819213867188
0.472320556640625 -0.228271484375 0.119125366210938 -0.111213684082031
0.503936767578125 -0.09136962890625 -0.2010498046875 0.011260986328125
0.506256103515625 -0.162628173828125 0.0141372680664063 0.0470771789550781
0.417694091796875 -0.227081298828125 -0.450164794921875 -0.0261535644531249
0.368682861328125 -0.294525146484375 -0.36175537109375 0.372894287109375
0.2138671875 -0.392303466796875 -0.0139465332031249 0.363006591796875
0.06005859375 -0.37811279296875 0.112358093261719 0.102836608886719
-0.120361328125 -0.360931396484375 -0.00212860107421875 -0.0572128295898438
-0.196075439453125 -0.290069580078125 -0.113441467285156 -0.0699005126953125
-0.161285400390625 -0.281951904296875 -0.15374755859375 -0.038787841796875
-0.1754150390625 -0.309417724609375 -0.158538818359375 -0.0930023193359375
-0.102630615234375 -0.339996337890625 -0.14044189453125 -0.171096801757813
0.04888916015625 -0.382049560546875 -0.03839111328125 -0.200637817382813
0.17578125 -0.377105712890625 0.0589447021484375 -0.242843627929688
0.38690185546875 -0.242919921875 0.199234008789063 -0.213607788085938
0.48291015625 -0.203216552734375 0.235275268554688 -0.1314697265625
0.4986572265625 -0.12908935546875 -0.0299091339111328 0.019479751586914
0.41552734375 -0.265594482421875 0.164886474609375 0.0249786376953125
0.29071044921875 -0.266876220703125 -0.33612060546875 -0.018585205078125
0.273452758789063 -0.25701904296875 -0.283843994140625 0.3973388671875
0.20330810546875 -0.347747802734375 0.05072021484375 0.407562255859375
0.077606201171875 -0.3814697265625 0.16259765625 0.173995971679687
-0.132843017578125 -0.400665283203125 0.0758514404296875 0.038970947265625
-0.226959228515625 -0.3138427734375 -0.0128993988037109 0.026132583618164
-0.182647705078125 -0.297515869140625 -0.0601119995117188 0.0503883361816406
-0.19390869140625 -0.32940673828125 -0.0719070434570313 0.00143432617187497
-0.100982666015625 -0.366455078125 -0.0781707763671875 -0.07781982421875
0.0848388671875 -0.39813232421875 0.0107803344726563 -0.125648498535156
0.228668212890625 -0.34747314453125 0.113067626953125 -0.191207885742188
0.39105224609375 -0.15826416015625 0.274887084960938 -0.189208984375
0.415863037109375 -0.14654541015625 0.364898681640625 -0.129150390625
0.410675048828125 -0.153533935546875 0.14202880859375 0.03240966796875
0.246734619140625 -0.301116943359375 0.297271728515625 -0.00756835937500002
0.126983642578125 -0.215713500976562 -0.209686279296875 -0.0029449462890625
0.171463012695313 -0.137222290039063 -0.182342529296875 0.3798828125
0.189102172851562 -0.235137939453125 0.10443115234375 0.400054931640625
0.09454345703125 -0.323944091796875 0.188568115234375 0.225555419921875
-0.11749267578125 -0.374969482421875 0.148056030273437 0.13433837890625
-0.217254638671875 -0.28594970703125 0.0960617065429687 0.123611450195312
-0.179290771484375 -0.266738891601563 0.043182373046875 0.132186889648437
-0.18896484375 -0.301025390625 0.0162200927734375 0.08807373046875
-0.089569091796875 -0.339508056640625 -0.0148096084594727 0.0147733688354492
0.1058349609375 -0.3524169921875 0.050567626953125 -0.0452804565429688
0.236923217773438 -0.258163452148438 0.146041870117188 -0.1279296875
0.31243896484375 -0.051177978515625 0.32989501953125 -0.14776611328125
0.263778686523438 -0.0839385986328125 0.47113037109375 -0.1026611328125
0.258956909179687 -0.179580688476562 0.288970947265625 0.045135498046875
0.0338897705078125 -0.267074584960938 0.383087158203125 -0.0408935546875
-0.0314254760742187 -0.0896453857421875 -0.0922775268554688 0.0127410888671875
0.0869598388671875 0.019195556640625 -0.093170166015625 0.331695556640625
0.17767333984375 -0.09844970703125 0.12591552734375 0.360321044921875
0.109344482421875 -0.224685668945313 0.182540893554688 0.256179809570313
-0.083343505859375 -0.291748046875 0.20172119140625 0.214126586914062
-0.171035766601563 -0.21270751953125 0.1962890625 0.197891235351563
-0.148529052734375 -0.198638916015625 0.140060424804688 0.190719604492188
-0.159713745117187 -0.235977172851563 0.0977020263671875 0.156829833984375
-0.068450927734375 -0.269439697265625 0.0416030883789063 0.093353271484375
0.107070922851562 -0.257400512695313 0.0720672607421875 0.0226211547851562
0.199630737304688 -0.129104614257813 0.155670166015625 -0.0704498291015625
0.16510009765625 0.0484466552734375 0.35638427734375 -0.1119384765625
0.0561866760253906 -0.0489883422851563 0.544281005859375 -0.06512451171875
0.06768798828125 -0.208663940429688 0.3880615234375 0.053741455078125
-0.18646240234375 -0.178451538085938 0.41595458984375 -0.058746337890625
-0.161773681640625 0.0552978515625 -0.00881958007812501 0.0286102294921875
0.0116119384765625 0.15740966796875 -0.0430450439453125 0.273544311523438
0.144821166992188 0.032318115234375 0.1097412109375 0.319580078125
0.101806640625 -0.105247497558594 0.155609130859375 0.279083251953125
-0.036285400390625 -0.167678833007813 0.231689453125 0.269973754882813
-0.0958175659179688 -0.106430053710938 0.266220092773438 0.242843627929688
-0.0927200317382813 -0.102249145507813 0.214981079101563 0.219039916992188
-0.107200622558594 -0.137947082519531 0.162246704101563 0.19708251953125
-0.036041259765625 -0.170242309570313 0.0862884521484375 0.148300170898438
0.091888427734375 -0.137458801269531 0.0717086791992188 0.069732666015625
0.123489379882812 0.00829315185546875 0.142471313476562 -0.044677734375
-0.0260848999023438 0.112464904785156 0.3740234375 -0.107757568359375
-0.163528442382813 -0.0436248779296875 0.5894775390625 -0.03179931640625
-0.127670288085938 -0.23016357421875 0.426300048828125 0.03955078125
0.30938720703125 0.1798095703125 -0.36541748046875 -0.00448608398437499
0.3399658203125 -0.010162353515625 -0.60101318359375 -0.0045776367187499
0.19732666015625 -0.15087890625 -0.346832275390625 0.180023193359375
0.0115737915039063 -0.130584716796875 -0.102874755859375 0.0923690795898438
-0.0375595092773438 -0.0263633728027344 -0.0292205810546875 -0.0785293579101563
0.0160064697265625 0.0308933258056641 -0.12115478515625 -0.186935424804688
0.03363037109375 -0.00911140441894531 -0.223739624023438 -0.222976684570312
0.0213756561279297 -0.0209541320800781 -0.256561279296875 -0.215927124023438
0.0176525115966797 -0.00550270080566406 -0.281524658203125 -0.25079345703125
-0.0187473297119141 0.0111141204833984 -0.22930908203125 -0.2940673828125
-0.0833816528320313 -0.0203704833984375 -0.160247802734375 -0.282318115234375
-0.0874176025390625 -0.138191223144531 -0.090240478515625 -0.271438598632813
0.08624267578125 -0.237045288085938 0.023162841796875 -0.22802734375
0.2911376953125 -0.15228271484375 -0.00618743896484374 -0.0637550354003906
0.303253173828125 0.043426513671875 -0.42791748046875 -0.00448608398437493
0.437164306640625 0.09649658203125 -0.270370483398438 0.0216522216796875
0.439422607421875 -0.0501708984375 -0.58648681640625 -0.01617431640625
0.335174560546875 -0.20465087890625 -0.375885009765625 0.246246337890625
0.119064331054687 -0.254714965820313 -0.0836334228515625 0.168609619140625
0.00170898437499999 -0.171463012695312 0.00606536865234376 -0.0495262145996094
-0.0362396240234375 -0.113372802734375 -0.112228393554688 -0.1798095703125
-0.0531463623046875 -0.118194580078125 -0.227981567382812 -0.200393676757813
-0.050384521484375 -0.129280090332031 -0.259185791015625 -0.17877197265625
-0.0656051635742188 -0.129989624023438 -0.273361206054688 -0.227935791015625
-0.06048583984375 -0.130043029785156 -0.22235107421875 -0.284576416015625
-0.0482025146484375 -0.166824340820313 -0.128616333007813 -0.27984619140625
-0.00630187988281247 -0.24517822265625 -0.0474395751953125 -0.27197265625
0.195419311523438 -0.279769897460938 0.059356689453125 -0.217498779296875
0.39544677734375 -0.219940185546875 0.029815673828125 -0.0872039794921875
0.43487548828125 -0.036407470703125 -0.341094970703125 0.009796142578125
0.50579833984375 -0.02880859375 -0.1397705078125 0.0435104370117188
0.463775634765625 -0.134002685546875 -0.53546142578125 -0.024566650390625
0.391876220703125 -0.262176513671875 -0.386871337890625 0.316375732421875
0.185791015625 -0.35284423828125 -0.0574798583984375 0.268829345703125
0.0330810546875 -0.299591064453125 0.0538291931152344 0.0163841247558594
-0.0871429443359375 -0.250289916992188 -0.073486328125 -0.133926391601563
-0.135299682617188 -0.214370727539062 -0.191482543945313 -0.145721435546875
-0.113555908203125 -0.217269897460938 -0.222869873046875 -0.115203857421875
-0.133041381835938 -0.233566284179687 -0.229949951171875 -0.170196533203125
-0.0902252197265625 -0.250228881835938 -0.191818237304688 -0.239013671875
-0.00457763671874999 -0.2943115234375 -0.08782958984375 -0.252059936523438
0.084136962890625 -0.331939697265625 0.00175476074218752 -0.266006469726563
0.301849365234375 -0.28375244140625 0.12030029296875 -0.217758178710938
0.461700439453125 -0.23736572265625 0.114768981933594 -0.112350463867188
0.5001220703125 -0.093017578125 -0.19891357421875 0.015533447265625
0.4981689453125 -0.165191650390625 0.0117568969726563 0.0449142456054687
0.4085693359375 -0.227813720703125 -0.45062255859375 -0.0223999023437501
0.3572998046875 -0.294189453125 -0.356903076171875 0.373199462890625
0.202606201171875 -0.39013671875 -0.00946044921874997 0.357452392578125
0.052825927734375 -0.375030517578125 0.1104736328125 0.096954345703125
-0.1278076171875 -0.351715087890625 -0.006805419921875 -0.0583648681640625
-0.199066162109375 -0.28070068359375 -0.116744995117188 -0.0656356811523437
-0.161895751953125 -0.2745361328125 -0.154098510742187 -0.033111572265625
-0.179534912109375 -0.30010986328125 -0.160568237304688 -0.087982177734375
-0.106719970703125 -0.33026123046875 -0.141464233398437 -0.162185668945313
0.039306640625 -0.37744140625 -0.038482666015625 -0.197677612304688
0.166839599609375 -0.37554931640625 0.0553741455078125 -0.2415771484375
0.37713623046875 -0.246856689453125 0.194869995117188 -0.213653564453125
0.474273681640625 -0.20855712890625 0.232192993164063 -0.13348388671875
0.49365234375 -0.129241943359375 -0.0273933410644531 0.0209407806396484
0.406005859375 -0.2657470703125 0.163833618164063 0.0216827392578125
0.285064697265625 -0.267181396484375 -0.33685302734375 -0.015350341796875
0.265472412109375 -0.255538940429688 -0.278289794921875 0.39642333984375
0.191192626953125 -0.3472900390625 0.055694580078125 0.402252197265625
0.06903076171875 -0.37945556640625 0.161956787109375 0.1688232421875
-0.1414794921875 -0.392364501953125 0.0715713500976563 0.0359268188476562
-0.230804443359375 -0.305206298828125 -0.0154190063476563 0.0294303894042969
-0.185577392578125 -0.28887939453125 -0.0600090026855469 0.0550804138183594
-0.198638916015625 -0.321136474609375 -0.0742034912109375 0.00404357910156247
-0.10546875 -0.354339599609375 -0.079620361328125 -0.0709075927734375
0.076202392578125 -0.39373779296875 0.0123062133789062 -0.12451171875
0.218719482421875 -0.347442626953125 0.1080322265625 -0.192230224609375
0.38555908203125 -0.16351318359375 0.268356323242188 -0.18988037109375
0.408447265625 -0.14971923828125 0.357818603515625 -0.13470458984375
0.407012939453125 -0.153564453125 0.144729614257813 0.0326385498046875
0.240631103515625 -0.301971435546875 0.29425048828125 -0.014556884765625
0.124771118164063 -0.213714599609375 -0.210739135742188 -0.00172424316406253
0.167465209960938 -0.13629150390625 -0.176422119140625 0.37786865234375
0.180801391601563 -0.236785888671875 0.109588623046875 0.39215087890625
0.0888671875 -0.322296142578125 0.188491821289063 0.216659545898437
-0.128021240234375 -0.36676025390625 0.144729614257813 0.128021240234375
-0.221145629882813 -0.27667236328125 0.0946044921875 0.121658325195312
-0.18255615234375 -0.259567260742188 0.0431289672851562 0.13482666015625
-0.192413330078125 -0.29461669921875 0.01556396484375 0.0898971557617187
-0.09442138671875 -0.3297119140625 -0.0162372589111328 0.0185699462890625
0.095916748046875 -0.34844970703125 0.0525665283203125 -0.046539306640625
0.2281494140625 -0.257553100585938 0.144271850585938 -0.129318237304688
0.30877685546875 -0.055084228515625 0.3209228515625 -0.150146484375
0.258926391601563 -0.086883544921875 0.4620361328125 -0.106201171875
0.255126953125 -0.176589965820313 0.289520263671875 0.045654296875
0.0294647216796875 -0.263931274414063 0.3817138671875 -0.04693603515625
-0.030609130859375 -0.0874481201171875 -0.0915679931640625 0.0131301879882812
0.086883544921875 0.0190963745117188 -0.08880615234375 0.328094482421875
0.17333984375 -0.100875854492188 0.130584716796875 0.35174560546875
0.103424072265625 -0.226730346679688 0.182479858398438 0.248580932617187
-0.0904541015625 -0.286590576171875 0.198684692382812 0.206069946289062
-0.174285888671875 -0.205459594726562 0.194183349609375 0.194183349609375
-0.151138305664063 -0.193222045898438 0.140213012695313 0.190048217773438
-0.164382934570312 -0.228652954101563 0.09796142578125 0.15484619140625
-0.07281494140625 -0.263168334960938 0.040435791015625 0.0937118530273437
0.0989532470703125 -0.257827758789063 0.0732498168945313 0.0220794677734375
0.194931030273438 -0.131561279296875 0.152923583984375 -0.0723419189453125
0.163330078125 0.045654296875 0.349273681640625 -0.114349365234375
0.0533065795898438 -0.0472755432128906 0.537261962890625 -0.06915283203125
0.0655364990234375 -0.204544067382813 0.38836669921875 0.05169677734375
-0.185089111328125 -0.174591064453125 0.415008544921875 -0.065582275390625
-0.156936645507813 0.056396484375 -0.00729942321777345 0.0267963409423828
0.01495361328125 0.15472412109375 -0.0401153564453125 0.269485473632813
0.14410400390625 0.02703857421875 0.114105224609375 0.310760498046875
0.0967025756835938 -0.109466552734375 0.154647827148437 0.272003173828125
-0.0438690185546875 -0.164382934570313 0.228500366210937 0.262069702148438
-0.098297119140625 -0.102798461914062 0.26373291015625 0.236557006835937
-0.0957870483398438 -0.0987091064453125 0.215072631835938 0.214141845703125
-0.112464904785156 -0.133544921875 0.162307739257813 0.19317626953125
-0.0416259765625 -0.167129516601563 0.0855255126953125 0.148101806640625
0.0864715576171875 -0.139533996582031 0.0721893310546875 0.0682449340820312
0.122817993164062 0.003936767578125 0.140670776367188 -0.045989990234375
-0.0230331420898438 0.112052917480469 0.364349365234375 -0.108551025390625
-0.1644287109375 -0.0384979248046875 0.58233642578125 -0.035888671875
-0.129318237304687 -0.223739624023438 0.42645263671875 0.037872314453125
0.316192626953125 0.17791748046875 -0.3709716796875 -0.00155639648437499
0.340850830078125 -0.018218994140625 -0.60919189453125 0.00213623046874988
0.195541381835937 -0.157379150390625 -0.347930908203125 0.187957763671875
0.0074462890625 -0.129219055175781 -0.102622985839844 0.0945663452148438
-0.0380096435546875 -0.02313232421875 -0.031494140625 -0.0789718627929688
0.0184669494628906 0.0323448181152344 -0.124984741210938 -0.184402465820313
0.0340442657470703 -0.00956535339355469 -0.231124877929688 -0.220169067382812
0.0233230590820313 -0.0214672088623047 -0.263107299804688 -0.212188720703125
0.0202522277832031 -0.00583267211914062 -0.29010009765625 -0.248504638671875
-0.0161333084106445 0.0125522613525391 -0.234527587890625 -0.29296875
-0.0836257934570313 -0.0154647827148438 -0.1641845703125 -0.28204345703125
-0.0921630859375 -0.135879516601563 -0.093170166015625 -0.270172119140625
0.0806121826171875 -0.241500854492188 0.022247314453125 -0.229843139648438
0.28997802734375 -0.162078857421875 -0.00761795043945311 -0.066802978515625
0.30914306640625 0.038726806640625 -0.434356689453125 0.00454711914062505
0.442840576171875 0.09271240234375 -0.27520751953125 0.024627685546875
0.442535400390625 -0.0595703125 -0.59552001953125 -0.0101928710937501
0.334808349609375 -0.21307373046875 -0.3773193359375 0.25543212890625
0.113006591796875 -0.258148193359375 -0.081939697265625 0.17041015625
-0.00146484375000001 -0.170074462890625 0.00442886352539062 -0.0505485534667969
-0.0379638671875 -0.110923767089844 -0.117477416992188 -0.179107666015625
-0.0546951293945313 -0.116653442382812 -0.236526489257813 -0.195587158203125
-0.0513153076171875 -0.127822875976563 -0.265457153320313 -0.172714233398437
-0.0673751831054688 -0.129425048828125 -0.281036376953125 -0.223907470703125
-0.0608062744140625 -0.127632141113281 -0.226470947265625 -0.28265380859375
-0.0517425537109375 -0.163818359375 -0.131439208984375 -0.2803955078125
-0.0128326416015625 -0.244964599609375 -0.05181884765625 -0.271926879882813
0.19024658203125 -0.28619384765625 0.0573272705078125 -0.220123291015625
0.3944091796875 -0.231414794921875 0.0276718139648438 -0.0909881591796875
0.442138671875 -0.04278564453125 -0.344268798828125 0.01763916015625
0.509429931640625 -0.034332275390625 -0.142013549804687 0.044952392578125
0.46466064453125 -0.14398193359375 -0.544189453125 -0.0174560546875001
0.39068603515625 -0.271026611328125 -0.38861083984375 0.32647705078125
0.17901611328125 -0.35784912109375 -0.0531158447265625 0.27020263671875
0.02825927734375 -0.300567626953125 0.0531234741210938 0.01385498046875
-0.0935211181640625 -0.2470703125 -0.0792694091796875 -0.134346008300781
-0.139892578125 -0.212081909179688 -0.199188232421875 -0.140975952148437
-0.117630004882812 -0.216827392578125 -0.22900390625 -0.107711791992187
-0.138687133789062 -0.232452392578125 -0.23748779296875 -0.166717529296875
-0.0933074951171875 -0.24664306640625 -0.196792602539063 -0.233627319335938
-0.010528564453125 -0.2940673828125 -0.0895843505859375 -0.2528076171875
0.077545166015625 -0.33563232421875 -0.00256347656249997 -0.26800537109375
0.299072265625 -0.291259765625 0.118377685546875 -0.220535278320313
0.462066650390625 -0.24810791015625 0.112823486328125 -0.118598937988281
0.506744384765625 -0.10186767578125 -0.200454711914062 0.0201263427734375
0.500030517578125 -0.172760009765625 0.0119552612304688 0.0442581176757812
0.40777587890625 -0.237060546875 -0.458984375 -0.017364501953125
0.357208251953125 -0.30242919921875 -0.3565673828125 0.382965087890625
0.19268798828125 -0.39739990234375 -0.00308227539062497 0.35992431640625
0.046173095703125 -0.3778076171875 0.112571716308594 0.0942840576171875
-0.136505126953125 -0.34869384765625 -0.0120048522949219 -0.0587539672851563
-0.206207275390625 -0.2784423828125 -0.122932434082031 -0.06170654296875
-0.168380737304687 -0.272125244140625 -0.158065795898438 -0.0247802734375
-0.185394287109375 -0.29827880859375 -0.166015625 -0.0831146240234375
-0.110382080078125 -0.3265380859375 -0.14593505859375 -0.158294677734375
0.0306396484375 -0.378448486328125 -0.0401153564453125 -0.199661254882813
0.15838623046875 -0.379425048828125 0.05206298828125 -0.243896484375
0.376220703125 -0.25634765625 0.192825317382813 -0.216400146484375
0.47491455078125 -0.21917724609375 0.231277465820313 -0.141036987304688
0.498291015625 -0.13616943359375 -0.0262012481689453 0.0241241455078125
0.405670166015625 -0.275726318359375 0.166275024414063 0.018768310546875
0.283050537109375 -0.2738037109375 -0.343963623046875 -0.010498046875
0.265609741210938 -0.26202392578125 -0.277099609375 0.407379150390625
0.184234619140625 -0.353179931640625 0.062835693359375 0.40374755859375
0.062896728515625 -0.38482666015625 0.164520263671875 0.165115356445312
-0.152618408203125 -0.388641357421875 0.0685348510742187 0.0341682434082031
-0.239410400390625 -0.300689697265625 -0.0179672241210938 0.0328445434570312
-0.1922607421875 -0.286834716796875 -0.0611801147460938 0.06292724609375
-0.20770263671875 -0.31884765625 -0.0770034790039063 0.00860595703124998
-0.11163330078125 -0.3531494140625 -0.0824356079101563 -0.065582275390625
0.06744384765625 -0.3990478515625 0.0128402709960937 -0.126174926757813
0.212738037109375 -0.354095458984375 0.106246948242188 -0.195816040039063
0.38616943359375 -0.171234130859375 0.266006469726562 -0.194107055664062
0.40771484375 -0.157989501953125 0.35723876953125 -0.141082763671875
0.4105224609375 -0.158599853515625 0.149429321289063 0.03363037109375
0.237945556640625 -0.308135986328125 0.29840087890625 -0.020416259765625
0.122955322265625 -0.2174072265625 -0.215194702148438 0.000244140624999957
0.167236328125 -0.139404296875 -0.17413330078125 0.3858642578125
0.177383422851563 -0.241775512695313 0.117401123046875 0.392059326171875
0.0831298828125 -0.327850341796875 0.191375732421875 0.213897705078125
-0.140106201171875 -0.364593505859375 0.14459228515625 0.125411987304687
-0.229446411132812 -0.273178100585938 0.0953903198242187 0.122856140136719
-0.190658569335938 -0.256698608398438 0.044891357421875 0.139686584472656
-0.204315185546875 -0.2904052734375 0.01580810546875 0.09246826171875
-0.101806640625 -0.326385498046875 -0.0172195434570313 0.0235099792480469
0.087860107421875 -0.35284423828125 0.0537109375 -0.0483512878417969
0.223358154296875 -0.265228271484375 0.14276123046875 -0.132354736328125
0.3116455078125 -0.061187744140625 0.32098388671875 -0.153900146484375
0.257400512695313 -0.0909271240234375 0.464996337890625 -0.1141357421875
0.256973266601562 -0.179458618164063 0.2974853515625 0.044158935546875
0.0248260498046875 -0.267837524414063 0.388214111328125 -0.056365966796875
-0.0299072265625 -0.0885467529296875 -0.0936203002929688 0.0136184692382812
0.0890121459960938 0.019256591796875 -0.08642578125 0.334381103515625
0.172943115234375 -0.105224609375 0.1356201171875 0.3492431640625
0.099273681640625 -0.2330322265625 0.186019897460938 0.24609375
-0.10125732421875 -0.284637451171875 0.199737548828125 0.202743530273438
-0.181381225585938 -0.202438354492187 0.1968994140625 0.19439697265625
-0.158218383789063 -0.189956665039063 0.144454956054688 0.192642211914063
-0.173446655273438 -0.225082397460937 0.1005859375 0.156112670898438
-0.080780029296875 -0.261932373046875 0.040863037109375 0.0974349975585937
0.092071533203125 -0.263397216796875 0.075286865234375 0.0206985473632812
0.19317626953125 -0.137100219726563 0.1533203125 -0.0754241943359375
0.166458129882812 0.0431060791015625 0.349365234375 -0.117431640625
0.0515556335449219 -0.0468063354492188 0.54010009765625 -0.075927734375
0.0644073486328125 -0.20416259765625 0.3970947265625 0.049224853515625
-0.190765380859375 -0.173995971679687 0.41998291015625 -0.076629638671875
-0.154754638671875 0.05853271484375 -0.00685691833496095 0.0261802673339844
0.018157958984375 0.158187866210938 -0.03729248046875 0.27392578125
0.145782470703125 0.0238800048828125 0.119049072265625 0.3095703125
0.0944747924804688 -0.114601135253906 0.1575927734375 0.27130126953125
-0.050933837890625 -0.163421630859375 0.231109619140625 0.259017944335938
-0.1025390625 -0.0999374389648438 0.269866943359375 0.2349853515625
-0.100746154785156 -0.0970611572265625 0.2210693359375 0.214019775390625
-0.119667053222656 -0.131523132324219 0.16754150390625 0.19281005859375
-0.048187255859375 -0.16754150390625 0.0880279541015625 0.150375366210938
0.0828704833984375 -0.145523071289063 0.075408935546875 0.0676651000976562
0.124168395996094 -0.00029754638671875 0.141326904296875 -0.04779052734375
-0.0193099975585937 0.113746643066406 0.36395263671875 -0.111358642578125
-0.167129516601562 -0.034454345703125 0.58551025390625 -0.0419921875
-0.133743286132813 -0.222030639648438 0.4339599609375 0.035003662109375
0.330810546875 0.173919677734375 -0.380859375 0.00732421875000001
0.34619140625 -0.033935546875 -0.62664794921875 0.02227783203125
0.192703247070312 -0.168563842773438 -0.34783935546875 0.20660400390625
0.000938415527343748 -0.130996704101563 -0.101753234863281 0.0992584228515625
-0.039337158203125 -0.0185089111328125 -0.0353317260742187 -0.0794296264648438
0.0216178894042969 0.0337734222412109 -0.134490966796875 -0.182846069335938
0.0362434387207031 -0.0103378295898438 -0.246078491210938 -0.214279174804687
0.0257225036621094 -0.0223865509033203 -0.277755737304688 -0.205245971679687
0.0231475830078125 -0.0068511962890625 -0.306610107421875 -0.241943359375
-0.012598991394043 0.014836311340332 -0.24652099609375 -0.29107666015625
-0.0848541259765625 -0.0100479125976563 -0.175445556640625 -0.281402587890625
-0.100860595703125 -0.131378173828125 -0.1033935546875 -0.271270751953125
0.07171630859375 -0.250289916992188 0.01580810546875 -0.235763549804688
0.291412353515625 -0.17987060546875 -0.012298583984375 -0.0702095031738281
0.318634033203125 0.02801513671875 -0.446044921875 0.023651123046875
0.45611572265625 0.081573486328125 -0.282470703125 0.0321044921875
0.44781494140625 -0.077362060546875 -0.61395263671875 0.00640869140624991
0.33416748046875 -0.229736328125 -0.376495361328125 0.2764892578125
0.102890014648438 -0.265823364257812 -0.07708740234375 0.176010131835937
-0.00787353515625 -0.170669555664063 0.00299072265625 -0.0524368286132813
-0.041595458984375 -0.108451843261719 -0.1275634765625 -0.178146362304688
-0.05908203125 -0.115608215332031 -0.25146484375 -0.188995361328125
-0.0550765991210938 -0.128288269042969 -0.278640747070313 -0.163711547851563
-0.0716629028320312 -0.129142761230469 -0.297576904296875 -0.216644287109375
-0.06396484375 -0.125701904296875 -0.240951538085938 -0.27911376953125
-0.0587158203125 -0.161544799804688 -0.141845703125 -0.28192138671875
-0.0247802734375 -0.247467041015625 -0.0613555908203125 -0.27423095703125
0.182342529296875 -0.29913330078125 0.051422119140625 -0.226837158203125
0.393341064453125 -0.253814697265625 0.0230484008789063 -0.0959930419921875
0.45123291015625 -0.060028076171875 -0.352142333984375 0.0328369140624999
0.51898193359375 -0.051177978515625 -0.145584106445312 0.0481719970703125
0.46832275390625 -0.162445068359375 -0.56256103515625 -0.00164794921875008
0.389404296875 -0.289306640625 -0.386810302734375 0.35009765625
0.16436767578125 -0.368682861328125 -0.0436859130859375 0.277496337890625
0.016632080078125 -0.30511474609375 0.055206298828125 0.0117073059082031
-0.10418701171875 -0.244384765625 -0.088714599609375 -0.135032653808594
-0.150100708007813 -0.208740234375 -0.213455200195313 -0.134552001953125
-0.127197265625 -0.215240478515625 -0.237747192382812 -0.0961456298828126
-0.149368286132813 -0.230987548828125 -0.251205444335938 -0.156906127929688
-0.100921630859375 -0.246841430664063 -0.20721435546875 -0.23046875
-0.0220947265625 -0.297576904296875 -0.0995635986328125 -0.2552490234375
0.06475830078125 -0.34356689453125 -0.012542724609375 -0.271636962890625
0.294921875 -0.308502197265625 0.114334106445313 -0.2291259765625
0.46160888671875 -0.271514892578125 0.109138488769531 -0.127250671386719
0.519500732421875 -0.121002197265625 -0.204299926757813 0.031036376953125
0.504302978515625 -0.19171142578125 0.0127105712890625 0.0431785583496094
0.40679931640625 -0.254974365234375 -0.47454833984375 -0.00354003906249994
0.354156494140625 -0.32159423828125 -0.3519287109375 0.408203125
0.178863525390625 -0.4100341796875 0.010772705078125 0.367767333984375
0.03363037109375 -0.38751220703125 0.118026733398437 0.0908279418945312
-0.153167724609375 -0.345458984375 -0.0180435180664063 -0.0607490539550782
-0.221054077148437 -0.2755126953125 -0.131111145019531 -0.0553741455078125
-0.1805419921875 -0.270278930664063 -0.1622314453125 -0.0138702392578125
-0.202117919921875 -0.295989990234375 -0.174835205078125 -0.0749664306640625
-0.1229248046875 -0.32568359375 -0.154525756835938 -0.151580810546875
0.016357421875 -0.38629150390625 -0.0463104248046875 -0.202423095703125
0.145538330078125 -0.39263916015625 0.044097900390625 -0.249343872070313
0.375762939453125 -0.274505615234375 0.1890869140625 -0.2281494140625
0.474853515625 -0.242431640625 0.229583740234375 -0.154769897460938
0.5084228515625 -0.155670166015625 -0.0246715545654297 0.0280952453613281
0.4036865234375 -0.295806884765625 0.170440673828125 0.0115966796875
0.278961181640625 -0.29071044921875 -0.3563232421875 0.000152587890625054
0.264923095703125 -0.2750244140625 -0.26971435546875 0.428558349609375
0.172271728515625 -0.36712646484375 0.078765869140625 0.408935546875
0.050537109375 -0.395751953125 0.173248291015625 0.160720825195312
-0.172607421875 -0.38787841796875 0.0670433044433594 0.0309181213378906
-0.25653076171875 -0.29547119140625 -0.0208168029785156 0.0373916625976562
-0.207855224609375 -0.283416748046875 -0.0597076416015625 0.0722198486328125
-0.22607421875 -0.3155517578125 -0.079986572265625 0.0158157348632812
-0.12652587890625 -0.35113525390625 -0.0860443115234375 -0.0590896606445313
0.051605224609375 -0.407562255859375 0.00932312011718751 -0.130111694335938
0.201904296875 -0.369476318359375 0.100341796875 -0.202529907226563
0.388824462890625 -0.18902587890625 0.264892578125 -0.206695556640625
0.40875244140625 -0.17608642578125 0.359039306640625 -0.157196044921875
0.41729736328125 -0.174530029296875 0.156768798828125 0.0313720703125
0.22998046875 -0.323974609375 0.305633544921875 -0.033843994140625
0.11871337890625 -0.227493286132813 -0.222000122070313 0.00736999511718745
0.1680908203125 -0.146942138671875 -0.16558837890625 0.4041748046875
0.170135498046875 -0.253509521484375 0.133544921875 0.393890380859375
0.0726318359375 -0.34014892578125 0.201553344726563 0.209915161132812
-0.158935546875 -0.363189697265625 0.146575927734375 0.122085571289062
-0.246414184570312 -0.268081665039063 0.0989532470703125 0.125419616699219
-0.205612182617188 -0.253082275390625 0.050811767578125 0.146469116210937
-0.221527099609375 -0.287109375 0.0184555053710937 0.0974960327148437
-0.1165771484375 -0.325286865234375 -0.0168552398681641 0.0296707153320312
0.073394775390625 -0.363677978515625 0.0540084838867188 -0.0524635314941406
0.216354370117188 -0.277633666992188 0.140625 -0.139602661132813
0.317047119140625 -0.07275390625 0.320556640625 -0.1671142578125
0.258499145507813 -0.1009521484375 0.4698486328125 -0.13116455078125
0.258560180664063 -0.190338134765625 0.3079833984375 0.037628173828125
0.0136871337890625 -0.274322509765625 0.39697265625 -0.07464599609375
-0.0335540771484375 -0.090362548828125 -0.0967788696289063 0.01611328125
0.0935134887695313 0.0184097290039063 -0.076934814453125 0.347259521484375
0.171829223632813 -0.114944458007812 0.15216064453125 0.35064697265625
0.0923004150390625 -0.244049072265625 0.196136474609375 0.243484497070312
-0.117645263671875 -0.284454345703125 0.206008911132813 0.199691772460937
-0.195144653320312 -0.197830200195313 0.206268310546875 0.193359375
-0.170455932617188 -0.186874389648437 0.154296875 0.1944580078125
-0.189727783203125 -0.220993041992188 0.10784912109375 0.1580810546875
-0.0947723388671875 -0.26171875 0.0454025268554688 0.1016845703125
0.08038330078125 -0.2734375 0.07806396484375 0.017608642578125
0.190780639648438 -0.148101806640625 0.153427124023437 -0.0821380615234375
0.172683715820313 0.0388031005859375 0.350982666015625 -0.129638671875
0.049896240234375 -0.048187255859375 0.5487060546875 -0.0938720703125
0.0604248046875 -0.209640502929687 0.41143798828125 0.038909912109375
-0.2027587890625 -0.17120361328125 0.42919921875 -0.096923828125
-0.154571533203125 0.063568115234375 -0.00580978393554688 0.0256843566894531
0.0269012451171875 0.162139892578125 -0.027618408203125 0.282623291015625
0.151138305664063 0.0172119140625 0.132110595703125 0.309326171875
0.0906906127929688 -0.123306274414063 0.1676025390625 0.26995849609375
-0.061614990234375 -0.163894653320313 0.241134643554688 0.255325317382813
-0.110275268554688 -0.0972976684570312 0.283538818359375 0.2305908203125
-0.108787536621094 -0.09381103515625 0.233489990234375 0.212112426757813
-0.131584167480469 -0.127944946289062 0.178482055664063 0.191513061523438
-0.059173583984375 -0.169525146484375 0.0946197509765625 0.153472900390625
0.075775146484375 -0.153610229492188 0.0797805786132812 0.0663223266601562
0.126861572265625 -0.00634765625 0.142669677734375 -0.052978515625
-0.0151748657226563 0.117523193359375 0.367706298828125 -0.124176025390625
-0.172927856445313 -0.0271759033203125 0.5975341796875 -0.06121826171875
-0.144012451171875 -0.220230102539062 0.4488525390625 0.02313232421875
0.345458984375 0.160125732421875 -0.38763427734375 0.026611328125
0.344757080078125 -0.056793212890625 -0.6376953125 0.0568237304687501
0.182403564453125 -0.182830810546875 -0.337127685546875 0.2308349609375
-0.00809478759765624 -0.130538940429687 -0.0955123901367188 0.105705261230469
-0.0404701232910156 -0.0131988525390625 -0.0402679443359375 -0.0788192749023438
0.0263462066650391 0.0346622467041016 -0.147537231445313 -0.176345825195312
0.0376815795898438 -0.0112838745117188 -0.263458251953125 -0.199005126953125
0.0277690887451172 -0.0235328674316406 -0.293365478515625 -0.188995361328125
0.0256233215332031 -0.0093536376953125 -0.326141357421875 -0.225067138671875
-0.00964832305908203 0.016448974609375 -0.265853881835938 -0.279052734375
-0.0846481323242188 -0.000579833984374998 -0.191680908203125 -0.274139404296875
-0.110801696777344 -0.123870849609375 -0.118728637695313 -0.265487670898438
0.05462646484375 -0.257278442382813 0.00292968750000003 -0.240631103515625
0.2823486328125 -0.202911376953125 -0.0179519653320312 -0.0721817016601563
0.325958251953125 0.008697509765625 -0.452178955078125 0.0556335449218749
0.46624755859375 0.059234619140625 -0.285919189453125 0.04547119140625
0.4459228515625 -0.10650634765625 -0.62579345703125 0.0418701171874999
0.3223876953125 -0.253265380859375 -0.36322021484375 0.303436279296875
0.0851287841796875 -0.271591186523438 -0.06597900390625 0.181488037109375
-0.018157958984375 -0.168136596679688 -0.000312805175781252 -0.0546607971191406
-0.0465469360351563 -0.103118896484375 -0.142074584960938 -0.172286987304687
-0.0654830932617188 -0.111457824707031 -0.267868041992187 -0.173294067382813
-0.0613937377929687 -0.124916076660156 -0.29168701171875 -0.144744873046875
-0.079193115234375 -0.125480651855469 -0.31707763671875 -0.196380615234375
-0.0689849853515625 -0.121383666992188 -0.258163452148438 -0.26617431640625
-0.0683441162109375 -0.156387329101562 -0.1590576171875 -0.276748657226563
-0.040679931640625 -0.245101928710937 -0.0769195556640625 -0.271270751953125
0.1644287109375 -0.313262939453125 0.0389862060546875 -0.232528686523438
0.380462646484375 -0.283111572265625 0.0153579711914063 -0.100112915039063
0.455657958984375 -0.086761474609375 -0.355987548828125 0.06011962890625
0.5225830078125 -0.078765869140625 -0.1458740234375 0.0557861328125
0.46148681640625 -0.191619873046875 -0.57476806640625 0.0305786132812501
0.37481689453125 -0.31793212890625 -0.368743896484375 0.379974365234375
0.142669677734375 -0.381103515625 -0.026519775390625 0.282562255859375
-9.15527343749953E-05 -0.30645751953125 0.0565414428710938 0.00648880004882811
-0.118423461914062 -0.236068725585938 -0.101097106933594 -0.131423950195313
-0.163314819335938 -0.200271606445312 -0.225845336914062 -0.11907958984375
-0.138946533203125 -0.208206176757813 -0.246414184570313 -0.0780487060546875
-0.165298461914062 -0.222518920898438 -0.26556396484375 -0.139373779296875
-0.114822387695312 -0.23944091796875 -0.222335815429688 -0.216644287109375
-0.040924072265625 -0.29541015625 -0.114349365234375 -0.252975463867188
0.043060302734375 -0.3480224609375 -0.027313232421875 -0.271835327148438
0.279144287109375 -0.330169677734375 0.101974487304688 -0.238494873046875
0.449493408203125 -0.30596923828125 0.10028076171875 -0.137092590332031
0.51922607421875 -0.15191650390625 -0.204086303710937 0.045654296875
0.49749755859375 -0.22119140625 0.0138816833496094 0.0418319702148437
0.39654541015625 -0.283447265625 -0.484588623046875 0.0253906249999999
0.339691162109375 -0.345733642578125 -0.331329345703125 0.435699462890625
0.154296875 -0.424560546875 0.033782958984375 0.36956787109375
0.010040283203125 -0.392364501953125 0.123992919921875 0.0827560424804687
-0.176910400390625 -0.334686279296875 -0.0267410278320313 -0.0601997375488281
-0.240798950195313 -0.260955810546875 -0.140464782714844 -0.0438385009765625
-0.198013305664063 -0.260040283203125 -0.1644287109375 0.00227355957031245
-0.224609375 -0.285003662109375 -0.182952880859375 -0.060516357421875
-0.14154052734375 -0.31707763671875 -0.164276123046875 -0.139053344726563
-0.00946044921874998 -0.389312744140625 -0.0583343505859375 -0.202728271484375
0.12109375 -0.4039306640625 0.029815673828125 -0.25238037109375
0.36334228515625 -0.298675537109375 0.177963256835938 -0.241119384765625
0.46466064453125 -0.27459716796875 0.220016479492188 -0.1710205078125
0.50738525390625 -0.186279296875 -0.0223102569580078 0.0327205657958984
0.3892822265625 -0.320098876953125 0.173187255859375 -0.00030517578125002
0.263336181640625 -0.30902099609375 -0.363555908203125 0.0220336914062499
0.25103759765625 -0.293365478515625 -0.248443603515625 0.45147705078125
0.1494140625 -0.379302978515625 0.1058349609375 0.4073486328125
0.02581787109375 -0.4029541015625 0.183151245117188 0.15087890625
-0.200592041015625 -0.376922607421875 0.0645179748535156 0.0270652770996094
-0.277664184570313 -0.280487060546875 -0.0225791931152344 0.0426597595214844
-0.2269287109375 -0.271774291992188 -0.0554428100585938 0.0830307006835937
-0.25018310546875 -0.30230712890625 -0.0810317993164063 0.0251083374023437
-0.14813232421875 -0.34320068359375 -0.0896148681640625 -0.04962158203125
0.024932861328125 -0.412078857421875 0.00215911865234376 -0.133056640625
0.17877197265625 -0.38323974609375 0.0896759033203125 -0.208816528320313
0.383056640625 -0.213043212890625 0.255233764648438 -0.222579956054688
0.400787353515625 -0.201904296875 0.351409912109375 -0.180084228515625
0.414520263671875 -0.199188232421875 0.161758422851563 0.0250396728515625
0.211456298828125 -0.34075927734375 0.308380126953125 -0.054229736328125
0.105270385742188 -0.236770629882813 -0.227127075195313 0.02130126953125
0.16265869140625 -0.156951904296875 -0.143829345703125 0.42138671875
0.15576171875 -0.265533447265625 0.1585693359375 0.38946533203125
0.051971435546875 -0.34869384765625 0.214630126953125 0.1988525390625
-0.1842041015625 -0.3538818359375 0.150680541992188 0.113815307617187
-0.267074584960937 -0.25250244140625 0.105232238769531 0.123588562011719
-0.223907470703125 -0.240585327148437 0.0614776611328125 0.149795532226562
-0.243865966796875 -0.272872924804688 0.0244674682617187 0.101402282714844
-0.13751220703125 -0.317779541015625 -0.0143566131591797 0.0350189208984375
0.047943115234375 -0.370147705078125 0.0521736145019531 -0.0565719604492188
0.20050048828125 -0.29193115234375 0.133758544921875 -0.1478271484375
0.31732177734375 -0.091552734375 0.31463623046875 -0.186798095703125
0.253326416015625 -0.116806030273437 0.46563720703125 -0.160888671875
0.252899169921875 -0.206741333007813 0.317596435546875 0.022125244140625
-0.00469970703124999 -0.278228759765625 0.39971923828125 -0.101715087890625
-0.039520263671875 -0.090087890625 -0.0979537963867188 0.0218963623046875
0.0978012084960938 0.0148544311523438 -0.056365966796875 0.35797119140625
0.166732788085938 -0.126663208007813 0.17413330078125 0.34326171875
0.076171875 -0.25396728515625 0.209915161132813 0.23370361328125
-0.138580322265625 -0.277862548828125 0.215911865234375 0.189163208007812
-0.210479736328125 -0.185836791992187 0.218826293945313 0.185134887695312
-0.18548583984375 -0.175155639648437 0.1685791015625 0.190902709960938
-0.2088623046875 -0.207443237304688 0.119277954101562 0.155838012695313
-0.1136474609375 -0.256011962890625 0.0524063110351562 0.104507446289062
0.0607452392578125 -0.280899047851563 0.0801544189453125 0.0122222900390625
0.182525634765625 -0.161148071289063 0.1497802734375 -0.09039306640625
0.17840576171875 0.0295562744140625 0.34686279296875 -0.149658203125
0.0460739135742188 -0.0497779846191406 0.548980712890625 -0.12530517578125
0.0500640869140625 -0.214218139648438 0.421844482421875 0.017364501953125
-0.218399047851563 -0.1602783203125 0.4320068359375 -0.12841796875
-0.151763916015625 0.0720977783203125 -0.00456809997558595 0.0250263214111328
0.0394134521484375 0.164169311523438 -0.011077880859375 0.28961181640625
0.154434204101563 0.0074462890625 0.15155029296875 0.302398681640625
0.0824127197265625 -0.131759643554688 0.183517456054688 0.262161254882813
-0.0752410888671875 -0.159957885742188 0.255233764648438 0.244049072265625
-0.119338989257813 -0.090728759765625 0.299163818359375 0.218536376953125
-0.118301391601563 -0.0860595703125 0.2491455078125 0.200820922851563
-0.144638061523437 -0.118118286132813 0.192764282226563 0.18408203125
-0.07354736328125 -0.166778564453125 0.105728149414062 0.151214599609375
0.0633392333984375 -0.161575317382813 0.0849227905273438 0.0619659423828125
0.127609252929687 -0.014862060546875 0.140594482421875 -0.0609283447265625
-0.00665283203124999 0.120521545410156 0.363250732421875 -0.14422607421875
-0.177215576171875 -0.015380859375 0.60198974609375 -0.09173583984375
-0.157928466796875 -0.21466064453125 0.459381103515625 -0.000671386718750013
0.352569580078125 0.1375732421875 -0.384124755859375 0.047332763671875
0.331451416015625 -0.079620361328125 -0.62939453125 0.09521484375
0.16485595703125 -0.19281005859375 -0.31427001953125 0.249847412109375
-0.018463134765625 -0.1260986328125 -0.0867767333984375 0.10809326171875
-0.0405006408691406 -0.00693130493164063 -0.0442428588867188 -0.0767440795898437
0.0301742553710938 0.0340557098388672 -0.157623291015625 -0.162841796875
0.039154052734375 -0.0127906799316406 -0.274398803710937 -0.176544189453125
0.0283622741699219 -0.0254058837890625 -0.301849365234375 -0.1656494140625
0.0271129608154297 -0.0120220184326172 -0.337188720703125 -0.19818115234375
-0.00541782379150391 0.0169954299926758 -0.279296875 -0.258636474609375
-0.0812301635742188 0.00839996337890623 -0.2056884765625 -0.256988525390625
-0.118019104003906 -0.111885070800781 -0.13238525390625 -0.253158569335938
0.0344696044921875 -0.25726318359375 -0.0137176513671875 -0.237945556640625
0.261962890625 -0.222824096679688 -0.0247116088867187 -0.0704803466796875
0.3232421875 -0.012603759765625 -0.441864013671875 0.090087890625
0.46478271484375 0.03216552734375 -0.282440185546875 0.060577392578125
0.4287109375 -0.132354736328125 -0.62005615234375 0.08135986328125
0.300689697265625 -0.271575927734375 -0.335174560546875 0.323394775390625
0.063812255859375 -0.27117919921875 -0.0520477294921875 0.18115234375
-0.0284271240234375 -0.161407470703125 -0.00341796875 -0.0553131103515625
-0.0502090454101563 -0.0950698852539063 -0.154129028320313 -0.159423828125
-0.0692901611328125 -0.104034423828125 -0.2784423828125 -0.149734497070313
-0.0662994384765625 -0.119132995605469 -0.297882080078125 -0.120574951171875
-0.0846328735351563 -0.118133544921875 -0.326324462890625 -0.1697998046875
-0.0731887817382812 -0.113555908203125 -0.270416259765625 -0.244155883789062
-0.075958251953125 -0.146133422851563 -0.173614501953125 -0.262161254882813
-0.0569305419921875 -0.235595703125 -0.0912933349609375 -0.261322021484375
0.13995361328125 -0.3192138671875 0.0236968994140625 -0.23260498046875
0.35443115234375 -0.306243896484375 0.00557708740234376 -0.100639343261719
0.445220947265625 -0.115692138671875 -0.345733642578125 0.0860900878906249
0.510589599609375 -0.10723876953125 -0.143295288085937 0.062469482421875
0.44000244140625 -0.218017578125 -0.57110595703125 0.0681152343749999
0.3505859375 -0.336700439453125 -0.336944580078125 0.3990478515625
0.1138916015625 -0.381927490234375 -0.00575256347656251 0.278915405273438
-0.020355224609375 -0.299560546875 0.0561180114746094 -0.000236511230468768
-0.13037109375 -0.2196044921875 -0.112525939941406 -0.122848510742187
-0.173233032226563 -0.183990478515625 -0.234344482421875 -0.0982513427734375
-0.14923095703125 -0.19549560546875 -0.2471923828125 -0.055877685546875
-0.176605224609375 -0.206954956054687 -0.271697998046875 -0.115402221679688
-0.126007080078125 -0.227035522460938 -0.232589721679688 -0.19580078125
-0.0594482421875 -0.2850341796875 -0.129287719726562 -0.242080688476563
0.018646240234375 -0.34228515625 -0.0428619384765625 -0.26446533203125
0.25201416015625 -0.342864990234375 0.084991455078125 -0.241424560546875
0.41943359375 -0.331329345703125 0.0872039794921875 -0.141815185546875
0.50421142578125 -0.18280029296875 -0.197463989257812 0.0632476806640624
0.47467041015625 -0.246826171875 0.0144195556640625 0.0391159057617187
0.369476318359375 -0.302276611328125 -0.48199462890625 0.056396484375
0.313995361328125 -0.36370849609375 -0.29559326171875 0.452880859375
0.121826171875 -0.4271240234375 0.059814453125 0.36077880859375
-0.016357421875 -0.386016845703125 0.127098083496094 0.0704116821289062
-0.195556640625 -0.31390380859375 -0.0355682373046875 -0.0578193664550782
-0.254486083984375 -0.239852905273438 -0.14483642578125 -0.029388427734375
-0.211044311523437 -0.241744995117188 -0.15948486328125 0.0181884765625
-0.240127563476562 -0.262939453125 -0.184539794921875 -0.0429534912109375
-0.15771484375 -0.301544189453125 -0.169052124023438 -0.12274169921875
-0.036468505859375 -0.379241943359375 -0.071380615234375 -0.196197509765625
0.092681884765625 -0.402099609375 0.0142364501953125 -0.248748779296875
0.33935546875 -0.318450927734375 0.159576416015625 -0.249038696289063
0.438629150390625 -0.30169677734375 0.203033447265625 -0.182891845703125
0.49267578125 -0.21539306640625 -0.0188789367675781 0.0375137329101562
0.361175537109375 -0.33905029296875 0.170333862304688 -0.0124969482421875
0.23809814453125 -0.319915771484375 -0.361419677734375 0.04644775390625
0.230316162109375 -0.304779052734375 -0.213134765625 0.464874267578125
0.12060546875 -0.38262939453125 0.13232421875 0.3934326171875
-0.00271606445312501 -0.398956298828125 0.189910888671875 0.133773803710938
-0.22216796875 -0.3524169921875 0.0601234436035156 0.0227813720703125
-0.293975830078125 -0.256317138671875 -0.022064208984375 0.048065185546875
-0.241683959960937 -0.250137329101563 -0.0470046997070313 0.0916213989257812
-0.268951416015625 -0.275863647460938 -0.0779037475585938 0.0349197387695312
-0.1663818359375 -0.32562255859375 -0.089996337890625 -0.0394744873046875
-0.00512695312500003 -0.40557861328125 -0.00734710693359375 -0.131179809570313
0.15008544921875 -0.387054443359375 0.07550048828125 -0.209747314453125
0.365203857421875 -0.2353515625 0.237457275390625 -0.236190795898438
0.380523681640625 -0.225189208984375 0.333282470703125 -0.200531005859375
0.399566650390625 -0.22259521484375 0.163726806640625 0.0167236328125
0.18389892578125 -0.347625732421875 0.301483154296875 -0.075714111328125
0.08685302734375 -0.23968505859375 -0.2244873046875 0.0357666015625
0.152694702148438 -0.164398193359375 -0.11175537109375 0.427459716796875
0.135299682617188 -0.272048950195313 0.1826171875 0.3721923828125
0.026947021484375 -0.349090576171875 0.222518920898438 0.1793212890625
-0.20648193359375 -0.333648681640625 0.15069580078125 0.103240966796875
-0.28240966796875 -0.22869873046875 0.109306335449219 0.118988037109375
-0.236709594726563 -0.219985961914063 0.0733642578125 0.148056030273437
-0.263015747070312 -0.247802734375 0.0313339233398437 0.101516723632813
-0.15625 -0.301544189453125 -0.0104293823242188 0.039459228515625
0.0196533203125 -0.365081787109375 0.0468559265136719 -0.0597381591796875
0.17791748046875 -0.2987060546875 0.12261962890625 -0.152374267578125
0.308563232421875 -0.10968017578125 0.298980712890625 -0.20172119140625
0.240997314453125 -0.130706787109375 0.449066162109375 -0.18743896484375
0.237625122070313 -0.21942138671875 0.31732177734375 0.00381469726562499
-0.0250701904296875 -0.27178955078125 0.388519287109375 -0.129913330078125
-0.0457763671875 -0.0870208740234375 -0.0960464477539063 0.0273818969726562
0.100479125976563 0.00958251953125 -0.030242919921875 0.35882568359375
0.156204223632813 -0.136749267578125 0.19482421875 0.32501220703125
0.056732177734375 -0.25701904296875 0.21929931640625 0.215423583984375
-0.157760620117188 -0.261627197265625 0.220596313476562 0.172637939453125
-0.222381591796875 -0.167953491210938 0.226242065429687 0.170501708984375
-0.19573974609375 -0.158340454101563 0.180801391601563 0.180068969726563
-0.222976684570312 -0.18658447265625 0.128707885742188 0.147293090820313
-0.129867553710937 -0.243331909179688 0.0593643188476562 0.102012634277344
0.0375213623046875 -0.28021240234375 0.0792312622070312 0.00762939453124998
0.169113159179688 -0.169845581054688 0.141845703125 -0.0970916748046875
0.179397583007813 0.018402099609375 0.33135986328125 -0.168975830078125
0.0406150817871094 -0.0499954223632812 0.534271240234375 -0.15704345703125
0.0360107421875 -0.214340209960937 0.418792724609375 -0.00872802734375001
-0.2283935546875 -0.141647338867188 0.41888427734375 -0.159149169921875
-0.145065307617188 0.079864501953125 -0.00307273864746094 0.0239334106445313
0.0525054931640625 0.160903930664063 0.008819580078125 0.28765869140625
0.153564453125 -0.004730224609375 0.167938232421875 0.28558349609375
0.0706558227539063 -0.137664794921875 0.19488525390625 0.246246337890625
-0.0872039794921875 -0.151199340820313 0.263442993164063 0.224578857421875
-0.125495910644531 -0.08050537109375 0.30926513671875 0.196533203125
-0.124336242675781 -0.0745391845703125 0.2601318359375 0.182830810546875
-0.1544189453125 -0.102935791015625 0.203048706054688 0.168960571289063
-0.0865936279296875 -0.159072875976562 0.115234375 0.144866943359375
0.047760009765625 -0.165634155273438 0.0883636474609375 0.0559234619140625
0.125221252441406 -0.0246124267578125 0.134841918945313 -0.067779541015625
0.00294494628906251 0.119392395019531 0.347930908203125 -0.163116455078125
-0.176254272460937 -0.00126647949218747 0.587158203125 -0.12744140625
-0.169708251953125 -0.201370239257813 0.45587158203125 -0.03033447265625
0.350830078125 0.120208740234375 -0.372711181640625 0.0594482421875001
0.312347412109375 -0.0927734375 -0.60906982421875 0.12261962890625
0.14727783203125 -0.194778442382813 -0.290496826171875 0.25494384765625
-0.025146484375 -0.118698120117187 -0.077606201171875 0.106124877929687
-0.0392875671386719 -0.00148773193359374 -0.0471954345703125 -0.0733871459960938
0.0329017639160156 0.0331916809082031 -0.1610107421875 -0.148818969726562
0.0403823852539063 -0.0139007568359375 -0.275344848632813 -0.1546630859375
0.0289669036865234 -0.0262947082519531 -0.302032470703125 -0.143096923828125
0.0279388427734375 -0.0137481689453125 -0.335906982421875 -0.172332763671875
-0.00121307373046875 0.0176429748535156 -0.280136108398438 -0.236373901367188
-0.0752944946289062 0.0156631469726562 -0.209762573242187 -0.23785400390625
-0.119331359863281 -0.0992889404296875 -0.137832641601562 -0.237411499023438
0.01788330078125 -0.250442504882813 -0.0253753662109375 -0.230194091796875
0.23992919921875 -0.231124877929687 -0.0293197631835937 -0.0681495666503907
0.312835693359375 -0.027801513671875 -0.42071533203125 0.1129150390625
0.453277587890625 0.0137939453125 -0.27471923828125 0.0702972412109375
0.40496826171875 -0.146881103515625 -0.6016845703125 0.109375
0.276702880859375 -0.276565551757813 -0.306854248046875 0.327178955078125
0.046630859375 -0.262725830078125 -0.04052734375 0.175521850585937
-0.0351715087890625 -0.150741577148438 -0.00629806518554687 -0.05584716796875
-0.0502471923828125 -0.0858688354492188 -0.158950805664063 -0.145797729492187
-0.0693511962890625 -0.0954208374023437 -0.278472900390625 -0.12677001953125
-0.0668258666992188 -0.111991882324219 -0.293212890625 -0.098480224609375
-0.08624267578125 -0.109626770019531 -0.324615478515625 -0.14385986328125
-0.07305908203125 -0.105491638183594 -0.271804809570313 -0.222869873046875
-0.0786514282226563 -0.133255004882813 -0.179885864257812 -0.244277954101563
-0.0662689208984375 -0.222854614257813 -0.0985107421875 -0.246795654296875
0.118560791015625 -0.315673828125 0.0113372802734375 -0.226776123046875
0.32293701171875 -0.3167724609375 -0.00205230712890622 -0.0973281860351563
0.42608642578125 -0.133270263671875 -0.3284912109375 0.10382080078125
0.49066162109375 -0.12420654296875 -0.139312744140625 0.0669403076171875
0.41339111328125 -0.230010986328125 -0.555023193359375 0.0935058593749999
0.32342529296875 -0.342681884765625 -0.304779052734375 0.40289306640625
0.08905029296875 -0.37359619140625 0.00883483886718749 0.26690673828125
-0.033935546875 -0.2855224609375 0.0541915893554688 -0.00566864013671877
-0.134765625 -0.201522827148438 -0.118911743164063 -0.112289428710938
-0.174072265625 -0.167770385742188 -0.234420776367188 -0.0799102783203125
-0.15167236328125 -0.181228637695313 -0.240570068359375 -0.0378875732421875
-0.180557250976562 -0.189498901367187 -0.268890380859375 -0.0936737060546875
-0.12945556640625 -0.210723876953125 -0.2325439453125 -0.175994873046875
-0.0701141357421875 -0.269012451171875 -0.13623046875 -0.227020263671875
0.00134277343750002 -0.329132080078125 -0.0523834228515625 -0.252639770507813
0.22845458984375 -0.3433837890625 0.070281982421875 -0.2381591796875
0.38714599609375 -0.34295654296875 0.0747833251953125 -0.141677856445313
0.4810791015625 -0.200347900390625 -0.186904907226563 0.07421875
0.449615478515625 -0.25689697265625 0.0139350891113282 0.036834716796875
0.341339111328125 -0.3079833984375 -0.468231201171875 0.0793457031250001
0.28704833984375 -0.36663818359375 -0.263671875 0.454620361328125
0.094573974609375 -0.4168701171875 0.076202392578125 0.343505859375
-0.032958984375 -0.37176513671875 0.125511169433594 0.0591278076171875
-0.2022705078125 -0.289642333984375 -0.0427093505859375 -0.0532455444335938
-0.258193969726563 -0.21624755859375 -0.143844604492188 -0.016632080078125
-0.213973999023438 -0.222579956054688 -0.150787353515625 0.030517578125
-0.24566650390625 -0.239547729492188 -0.180145263671875 -0.02716064453125
-0.165008544921875 -0.281494140625 -0.167694091796875 -0.106887817382813
-0.052947998046875 -0.3609619140625 -0.0774688720703125 -0.185089111328125
0.07012939453125 -0.391571044921875 0.00402832031249998 -0.240005493164063
0.31427001953125 -0.32489013671875 0.142257690429688 -0.24810791015625
0.406951904296875 -0.31268310546875 0.185684204101563 -0.186187744140625
0.46795654296875 -0.230804443359375 -0.0143585205078125 0.0402984619140625
0.33392333984375 -0.3406982421875 0.163238525390625 -0.02105712890625
0.213287353515625 -0.319244384765625 -0.3499755859375 0.063079833984375
0.20947265625 -0.30682373046875 -0.1817626953125 0.46136474609375
0.097259521484375 -0.374359130859375 0.149017333984375 0.370849609375
-0.0211181640625 -0.386138916015625 0.188796997070313 0.117279052734375
-0.23223876953125 -0.32623291015625 0.0537528991699219 0.019317626953125
-0.297088623046875 -0.230316162109375 -0.0211143493652344 0.0520706176757812
-0.244110107421875 -0.2283935546875 -0.037994384765625 0.0942535400390625
-0.274505615234375 -0.249191284179687 -0.0726318359375 0.0414810180664062
-0.174713134765625 -0.30450439453125 -0.087066650390625 -0.0305404663085938
-0.02655029296875 -0.38970947265625 -0.0135040283203125 -0.125541687011719
0.12646484375 -0.378814697265625 0.06439208984375 -0.20452880859375
0.34344482421875 -0.245361328125 0.21807861328125 -0.238815307617188
0.355499267578125 -0.2369384765625 0.30999755859375 -0.20947265625
0.376617431640625 -0.232269287109375 0.16168212890625 0.011871337890625
0.16064453125 -0.34161376953125 0.288787841796875 -0.0894775390625
0.07135009765625 -0.234786987304688 -0.217727661132813 0.0463714599609375
0.142440795898438 -0.166046142578125 -0.085968017578125 0.419342041015625
0.116714477539063 -0.2691650390625 0.196380615234375 0.348663330078125
0.008575439453125 -0.3397216796875 0.221817016601563 0.16064453125
-0.217864990234375 -0.308837890625 0.144515991210938 0.093048095703125
-0.2860107421875 -0.2059326171875 0.11016845703125 0.112960815429687
-0.239791870117188 -0.199005126953125 0.08062744140625 0.143325805664063
-0.267593383789063 -0.221481323242188 0.0363845825195313 0.0991897583007812
-0.165374755859375 -0.281402587890625 -0.00627136230468751 0.0418434143066406
-0.00134277343749997 -0.352325439453125 0.0417976379394531 -0.0588493347167969
0.15802001953125 -0.2967529296875 0.11285400390625 -0.15228271484375
0.29541015625 -0.12091064453125 0.278060913085938 -0.208633422851563
0.225204467773438 -0.136428833007813 0.42315673828125 -0.201751708984375
0.220809936523438 -0.2227783203125 0.309051513671875 -0.00872802734375001
-0.0390625 -0.2589111328125 0.371429443359375 -0.1468505859375
-0.0490646362304688 -0.0807418823242188 -0.0924453735351563 0.03118896484375
0.101455688476562 0.00510406494140625 -0.00994873046874998 0.349273681640625
0.145172119140625 -0.140548706054688 0.203155517578125 0.302947998046875
0.04144287109375 -0.252960205078125 0.220947265625 0.19622802734375
-0.167404174804687 -0.242828369140625 0.216400146484375 0.157135009765625
-0.225051879882812 -0.1495361328125 0.226913452148438 0.156143188476563
-0.197662353515625 -0.14178466796875 0.186126708984375 0.167251586914062
-0.227035522460937 -0.164535522460938 0.131858825683594 0.137466430664063
-0.138748168945313 -0.227096557617188 0.0639877319335937 0.098114013671875
0.019195556640625 -0.271926879882812 0.076629638671875 0.00384521484374998
0.1549072265625 -0.172286987304688 0.133255004882812 -0.0996856689453125
0.175949096679688 0.00994873046875 0.3134765625 -0.176300048828125
0.0350761413574219 -0.0484733581542969 0.50994873046875 -0.17474365234375
0.02490234375 -0.208480834960937 0.40789794921875 -0.025848388671875
-0.228973388671875 -0.123626708984375 0.39959716796875 -0.17913818359375
-0.136428833007813 0.0831222534179687 -0.00157165527343751 0.0218887329101563
0.0624847412109375 0.153915405273438 0.0248870849609375 0.2784423828125
0.149490356445312 -0.0142974853515625 0.175399780273438 0.265838623046875
0.0603179931640625 -0.138092041015625 0.197723388671875 0.2288818359375
-0.09417724609375 -0.140838623046875 0.261856079101563 0.205520629882813
-0.128105163574219 -0.070343017578125 0.308502197265625 0.17547607421875
-0.125701904296875 -0.0638580322265625 0.261276245117188 0.16455078125
-0.157333374023438 -0.0877532958984375 0.20587158203125 0.153396606445312
-0.0947723388671875 -0.149200439453125 0.118743896484375 0.135856628417969
0.0344696044921875 -0.163253784179688 0.0872726440429688 0.0512008666992187
0.120521545410156 -0.0307540893554687 0.1275634765625 -0.0704421997070313
0.0102081298828125 0.115745544433594 0.329345703125 -0.17266845703125
-0.171478271484375 0.00875854492187498 0.56402587890625 -0.14813232421875
-0.17401123046875 -0.186721801757813 0.440277099609375 -0.048553466796875
0.34442138671875 0.112518310546875 -0.363067626953125 0.066192626953125
0.296356201171875 -0.0963134765625 -0.59027099609375 0.135009765625
0.135162353515625 -0.191421508789063 -0.272293090820313 0.252426147460938
-0.028228759765625 -0.112174987792969 -0.07244873046875 0.102867126464844
-0.0372161865234375 0.00352859497070312 -0.0475006103515625 -0.0715408325195313
0.035858154296875 0.0340805053710938 -0.15985107421875 -0.138412475585938
0.041717529296875 -0.0145149230957031 -0.27191162109375 -0.139694213867188
0.0299415588378906 -0.0267105102539062 -0.2967529296875 -0.128570556640625
0.0288944244384766 -0.0152568817138672 -0.32861328125 -0.15594482421875
0.00255775451660156 0.0178394317626953 -0.275161743164063 -0.221710205078125
-0.068878173828125 0.01983642578125 -0.20587158203125 -0.22406005859375
-0.117538452148438 -0.0911102294921875 -0.136703491210937 -0.22491455078125
0.00926208496093751 -0.242767333984375 -0.0308837890625 -0.222518920898438
0.22320556640625 -0.232269287109375 -0.0320472717285156 -0.0645484924316406
0.30352783203125 -0.033843994140625 -0.4024658203125 0.123443603515625
0.441497802734375 0.00677490234375 -0.267959594726563 0.07415771484375
0.38677978515625 -0.1492919921875 -0.584716796875 0.12139892578125
0.25872802734375 -0.2740478515625 -0.287017822265625 0.32464599609375
0.0374298095703125 -0.253128051757813 -0.0350341796875 0.168212890625
-0.0367279052734375 -0.141677856445312 -0.008026123046875 -0.0562858581542969
-0.0476150512695313 -0.07781982421875 -0.159408569335938 -0.13616943359375
-0.0664215087890625 -0.0899200439453125 -0.275009155273438 -0.112289428710937
-0.0650558471679688 -0.107536315917969 -0.286102294921875 -0.08416748046875
-0.084381103515625 -0.103462219238281 -0.317138671875 -0.128387451171875
-0.0697555541992188 -0.098480224609375 -0.2674560546875 -0.206924438476563
-0.0767745971679687 -0.124427795410156 -0.17767333984375 -0.230987548828125
-0.06878662109375 -0.211212158203125 -0.099639892578125 -0.235580444335938
0.10638427734375 -0.308074951171875 0.00456237792968749 -0.219879150390625
0.30157470703125 -0.3155517578125 -0.00681304931640623 -0.0945663452148438
0.411285400390625 -0.1378173828125 -0.314300537109375 0.112091064453125
0.47314453125 -0.125946044921875 -0.136093139648437 0.0681076049804687
0.391510009765625 -0.227691650390625 -0.539276123046875 0.1068115234375
0.304412841796875 -0.34033203125 -0.28314208984375 0.39617919921875
0.074859619140625 -0.359832763671875 0.01556396484375 0.255523681640625
-0.0387115478515625 -0.273818969726563 0.0506134033203125 -0.00991821289062502
-0.132247924804687 -0.187820434570313 -0.121330261230469 -0.104179382324219
-0.171890258789063 -0.156265258789063 -0.230941772460938 -0.0666961669921875
-0.148773193359375 -0.171676635742188 -0.232391357421875 -0.026458740234375
-0.179122924804688 -0.17724609375 -0.261581420898438 -0.079010009765625
-0.1278076171875 -0.199920654296875 -0.227325439453125 -0.162933349609375
-0.07330322265625 -0.255386352539063 -0.135574340820312 -0.215469360351563
-0.00527954101562497 -0.31719970703125 -0.0541229248046875 -0.242767333984375
0.213226318359375 -0.338165283203125 0.062103271484375 -0.232330322265625
0.36297607421875 -0.34246826171875 0.0659332275390625 -0.138435363769531
0.463775634765625 -0.204254150390625 -0.176437377929688 0.07958984375
0.43133544921875 -0.25543212890625 0.0122299194335938 0.0358428955078125
0.32135009765625 -0.302703857421875 -0.45587158203125 0.0917663574218751
0.270904541015625 -0.361968994140625 -0.241729736328125 0.445159912109375
0.080596923828125 -0.402740478515625 0.08251953125 0.328155517578125
-0.04132080078125 -0.357208251953125 0.12127685546875 0.050628662109375
-0.201751708984375 -0.270645141601562 -0.0479278564453125 -0.0490760803222656
-0.25445556640625 -0.20098876953125 -0.141510009765625 -0.00764465332031249
-0.2117919921875 -0.209732055664063 -0.143463134765625 0.0366058349609375
-0.244338989257813 -0.22210693359375 -0.173995971679688 -0.017547607421875
-0.164459228515625 -0.266006469726562 -0.162521362304688 -0.0975189208984375
-0.05987548828125 -0.34600830078125 -0.078857421875 -0.176055908203125
0.05810546875 -0.37860107421875 0.000289916992187519 -0.231491088867188
0.2978515625 -0.322174072265625 0.1314697265625 -0.243728637695313
0.38421630859375 -0.3148193359375 0.172897338867188 -0.184341430664063
0.4498291015625 -0.231964111328125 -0.0105133056640625 0.042755126953125
0.316986083984375 -0.335235595703125 0.157730102539063 -0.0244903564453125
0.1983642578125 -0.3109130859375 -0.340972900390625 0.0717468261718751
0.19805908203125 -0.3016357421875 -0.163116455078125 0.451873779296875
0.08392333984375 -0.36370849609375 0.1536865234375 0.3536376953125
-0.03070068359375 -0.3740234375 0.182998657226563 0.105331420898437
-0.23193359375 -0.30584716796875 0.04620361328125 0.0190467834472656
-0.295013427734375 -0.213043212890625 -0.0202560424804688 0.0554885864257812
-0.242156982421875 -0.214508056640625 -0.03131103515625 0.0957870483398437
-0.272750854492188 -0.230117797851563 -0.0685844421386719 0.0458450317382812
-0.175445556640625 -0.287841796875 -0.0829086303710938 -0.0243377685546875
-0.03662109375 -0.371612548828125 -0.0164718627929688 -0.120262145996094
0.11279296875 -0.367889404296875 0.0590362548828125 -0.199081420898438
0.328582763671875 -0.24505615234375 0.204360961914063 -0.236709594726563
0.336700439453125 -0.236602783203125 0.294281005859375 -0.2088623046875
0.3619384765625 -0.23260498046875 0.158782958984375 0.011260986328125
0.1478271484375 -0.3319091796875 0.278457641601563 -0.095458984375
0.0628509521484375 -0.226760864257812 -0.21136474609375 0.05108642578125
0.137283325195313 -0.164276123046875 -0.071014404296875 0.408721923828125
0.107009887695313 -0.2628173828125 0.1993408203125 0.328582763671875
-0.000457763671874975 -0.330047607421875 0.216156005859375 0.147079467773437
-0.2186279296875 -0.29022216796875 0.137039184570313 0.0871658325195312
-0.284332275390625 -0.189544677734375 0.109123229980469 0.109962463378906
-0.236968994140625 -0.185394287109375 0.0848159790039062 0.138931274414063
-0.265487670898438 -0.201766967773438 0.0386428833007812 0.0969009399414062
-0.167022705078125 -0.265960693359375 -0.00362014770507814 0.0430870056152344
-0.012298583984375 -0.33770751953125 0.0390548706054687 -0.0568046569824219
0.14532470703125 -0.28985595703125 0.10723876953125 -0.149154663085938
0.284088134765625 -0.124053955078125 0.264450073242188 -0.207733154296875
0.212966918945312 -0.136276245117187 0.404937744140625 -0.203460693359375
0.209426879882812 -0.219390869140625 0.30145263671875 -0.01287841796875
-0.043670654296875 -0.247406005859375 0.35736083984375 -0.155670166015625
-0.049957275390625 -0.0765151977539063 -0.0886917114257812 0.0319747924804687
0.101860046386719 0.00225830078125 0.000183105468750027 0.339019775390625
0.137283325195313 -0.140609741210938 0.203521728515625 0.28485107421875
0.0328521728515625 -0.24725341796875 0.215438842773438 0.183074951171875
-0.169265747070313 -0.228836059570312 0.20880126953125 0.147933959960937
-0.2247314453125 -0.1368408203125 0.223907470703125 0.147262573242188
-0.195510864257813 -0.130050659179687 0.186676025390625 0.159042358398438
-0.225509643554688 -0.148712158203125 0.132301330566406 0.130958557128906
-0.141067504882813 -0.21429443359375 0.0653839111328125 0.0958023071289062
0.00930786132812503 -0.262069702148438 0.0740737915039063 0.00279235839843748
0.146209716796875 -0.17010498046875 0.127571105957031 -0.098602294921875
0.172531127929688 0.005462646484375 0.29815673828125 -0.17730712890625
0.0317497253417969 -0.0459365844726563 0.4892578125 -0.18017578125
0.01910400390625 -0.201385498046875 0.3974609375 -0.031646728515625
-0.225631713867187 -0.111907958984375 0.382476806640625 -0.1871337890625
-0.130561828613281 0.0826187133789063 -0.000513076782226571 0.0199871063232422
0.06842041015625 0.147079467773438 0.0323333740234375 0.26947021484375
0.144744873046875 -0.0192413330078125 0.17529296875 0.250457763671875
0.0528182983398437 -0.136497497558594 0.194549560546875 0.215255737304687
-0.0971145629882812 -0.132621765136719 0.254547119140625 0.192626953125
-0.1285400390625 -0.0632095336914063 0.303863525390625 0.1611328125
-0.124588012695313 -0.0570068359375 0.25830078125 0.152450561523438
-0.15618896484375 -0.0770416259765625 0.203643798828125 0.143280029296875
-0.09954833984375 -0.140594482421875 0.119720458984375 0.130043029785156
0.0263519287109375 -0.159347534179688 0.0860671997070313 0.0487747192382812
0.116561889648438 -0.0342178344726563 0.1214599609375 -0.0705642700195313
0.0146255493164063 0.112701416015625 0.314422607421875 -0.1732177734375
-0.166976928710938 0.0149383544921875 0.544097900390625 -0.154388427734375
-0.173919677734375 -0.176254272460937 0.428131103515625 -0.055328369140625
0.34552001953125 0.10955810546875 -0.36273193359375 0.0682373046875
0.288238525390625 -0.095367431640625 -0.5848388671875 0.14141845703125
0.129379272460938 -0.189102172851563 -0.264556884765625 0.248809814453125
-0.02996826171875 -0.108390808105469 -0.071136474609375 0.099822998046875
-0.0347805023193359 0.00712966918945313 -0.04803466796875 -0.0711593627929688
0.0396003723144531 0.0357246398925781 -0.15826416015625 -0.134033203125
0.0447540283203125 -0.0150299072265625 -0.270416259765625 -0.131591796875
0.0324630737304688 -0.0279140472412109 -0.294097900390625 -0.120819091796875
0.0305862426757812 -0.0162582397460937 -0.325408935546875 -0.1484375
0.00608634948730469 0.0181884765625 -0.272216796875 -0.216583251953125
-0.06463623046875 0.0229377746582031 -0.2015380859375 -0.217926025390625
-0.1168212890625 -0.0868377685546875 -0.135009765625 -0.220779418945312
0.00407409667968751 -0.239105224609375 -0.034088134765625 -0.219451904296875
0.214035034179688 -0.2335205078125 -0.0340003967285156 -0.0628280639648438
0.30145263671875 -0.0361328125 -0.39459228515625 0.1278076171875
0.43841552734375 0.008148193359375 -0.266983032226562 0.0759429931640625
0.377197265625 -0.1468505859375 -0.580078125 0.12823486328125
0.251266479492188 -0.2718505859375 -0.278289794921875 0.320770263671875
0.0323944091796875 -0.246475219726562 -0.0328521728515625 0.1639404296875
-0.0359115600585937 -0.136543273925781 -0.00901412963867188 -0.0577316284179688
-0.04345703125 -0.072998046875 -0.160720825195313 -0.130844116210937
-0.0641250610351563 -0.0871429443359375 -0.274658203125 -0.104232788085937
-0.0632553100585938 -0.105522155761719 -0.282318115234375 -0.0767822265624999
-0.0825653076171875 -0.100746154785156 -0.31219482421875 -0.119598388671875
-0.0673446655273437 -0.095794677734375 -0.2642822265625 -0.20111083984375
-0.0737762451171875 -0.11871337890625 -0.175308227539062 -0.225479125976563
-0.0697174072265625 -0.205886840820312 -0.097747802734375 -0.231430053710937
0.100830078125 -0.304840087890625 0.00126647949218751 -0.216903686523438
0.291473388671875 -0.315216064453125 -0.0100250244140625 -0.0917205810546875
0.40655517578125 -0.1397705078125 -0.305877685546875 0.116485595703125
0.470306396484375 -0.123565673828125 -0.135368347167969 0.0694122314453125
0.3836669921875 -0.224884033203125 -0.53509521484375 0.113525390625
0.297760009765625 -0.33843994140625 -0.27569580078125 0.391998291015625
0.068695068359375 -0.352691650390625 0.017578125 0.249099731445313
-0.04034423828125 -0.26715087890625 0.0485687255859375 -0.0131187438964844
-0.129043579101563 -0.1800537109375 -0.125228881835938 -0.099822998046875
-0.169418334960938 -0.15045166015625 -0.230300903320313 -0.0579833984375
-0.147491455078125 -0.168319702148438 -0.227493286132813 -0.020263671875
-0.177520751953125 -0.170242309570313 -0.25775146484375 -0.07177734375
-0.124908447265625 -0.194717407226562 -0.22393798828125 -0.15643310546875
-0.07275390625 -0.248382568359375 -0.13385009765625 -0.210205078125
-0.00790405273437497 -0.31103515625 -0.0532379150390625 -0.238296508789063
0.207733154296875 -0.335540771484375 0.0572509765625 -0.23016357421875
0.35113525390625 -0.34185791015625 0.0604248046875 -0.135643005371094
0.458831787109375 -0.2027587890625 -0.1707763671875 0.083038330078125
0.42626953125 -0.25299072265625 0.0118522644042969 0.0358619689941406
0.314208984375 -0.297607421875 -0.45086669921875 0.0955810546874999
0.2655029296875 -0.36004638671875 -0.233734130859375 0.442108154296875
0.07440185546875 -0.3963623046875 0.0838623046875 0.319915771484375
-0.04339599609375 -0.352630615234375 0.1177978515625 0.0457611083984375
-0.198532104492188 -0.26153564453125 -0.0530204772949219 -0.0458984375
-0.253067016601563 -0.19268798828125 -0.141769409179688 -0.00198364257812501
-0.209823608398437 -0.205047607421875 -0.138320922851562 0.0416183471679687
-0.241958618164063 -0.213485717773438 -0.170547485351563 -0.011962890625
-0.162322998046875 -0.259796142578125 -0.159210205078125 -0.0926361083984375
-0.06207275390625 -0.3375244140625 -0.078125 -0.171722412109375
0.053558349609375 -0.373687744140625 0.000518798828125026 -0.228042602539063
0.292816162109375 -0.321044921875 0.126708984375 -0.242034912109375
0.37384033203125 -0.3145751953125 0.165451049804688 -0.182388305664063
0.445098876953125 -0.23223876953125 -0.00710296630859373 0.0451736450195312
0.311798095703125 -0.329681396484375 0.155929565429688 -0.025726318359375
0.19189453125 -0.305938720703125 -0.337432861328125 0.0753784179687501
0.1951904296875 -0.3016357421875 -0.155426025390625 0.4462890625
0.080230712890625 -0.358245849609375 0.153900146484375 0.344573974609375
-0.0340576171875 -0.369110107421875 0.178726196289063 0.0997772216796875
-0.23150634765625 -0.296783447265625 0.0400466918945312 0.0200119018554687
-0.295013427734375 -0.20477294921875 -0.0208015441894531 0.0582695007324219
-0.241409301757812 -0.208328247070313 -0.0265884399414063 0.0980224609375
-0.270782470703125 -0.220474243164062 -0.0654296875 0.048614501953125
-0.174789428710937 -0.279983520507813 -0.0802764892578125 -0.0208740234375
-0.0399169921875 -0.363861083984375 -0.0161285400390625 -0.116889953613281
0.10906982421875 -0.363616943359375 0.0595245361328125 -0.197052001953125
0.324188232421875 -0.246063232421875 0.199432373046875 -0.235336303710938
0.327362060546875 -0.237152099609375 0.28692626953125 -0.2080078125
0.357666015625 -0.23193359375 0.160476684570313 0.0122222900390625
0.143402099609375 -0.327056884765625 0.27484130859375 -0.0989532470703125
0.0601959228515625 -0.222625732421875 -0.207626342773437 0.053131103515625
0.136734008789063 -0.164093017578125 -0.06439208984375 0.40374755859375
0.10296630859375 -0.260696411132812 0.198486328125 0.3204345703125
-0.00445556640624997 -0.327178955078125 0.21124267578125 0.14166259765625
-0.2203369140625 -0.2816162109375 0.130302429199219 0.0867843627929687
-0.284210205078125 -0.180908203125 0.108329772949219 0.109947204589844
-0.236083984375 -0.17919921875 0.0885772705078125 0.137535095214844
-0.26397705078125 -0.192367553710938 0.0398483276367187 0.0981369018554687
-0.16851806640625 -0.258712768554688 -0.00167846679687501 0.0447654724121094
-0.0174560546875 -0.3309326171875 0.0382766723632812 -0.055084228515625
0.1416015625 -0.286041259765625 0.1053466796875 -0.148193359375
0.282196044921875 -0.12554931640625 0.258102416992188 -0.2069091796875
0.206787109375 -0.13525390625 0.397003173828125 -0.2037353515625
0.2064208984375 -0.2174072265625 0.301422119140625 -0.012664794921875
-0.0460968017578125 -0.241363525390625 0.351715087890625 -0.159423828125
-0.0508270263671875 -0.0746078491210938 -0.0871429443359375 0.0314483642578125
0.10394287109375 0.00090789794921875 0.00537109374999998 0.334716796875
0.134780883789063 -0.141265869140625 0.203689575195313 0.27642822265625
0.0293121337890625 -0.246139526367188 0.21112060546875 0.176528930664062
-0.171173095703125 -0.22186279296875 0.201675415039063 0.145278930664063
-0.22589111328125 -0.130279541015625 0.222091674804688 0.144195556640625
-0.195098876953125 -0.125320434570312 0.188201904296875 0.155197143554688
-0.22467041015625 -0.139724731445313 0.132881164550781 0.128715515136719
-0.144119262695313 -0.208251953125 0.0664443969726562 0.0958328247070312
0.00407409667968748 -0.257644653320313 0.0734710693359375 0.00315093994140623
0.143585205078125 -0.16986083984375 0.125900268554688 -0.0980224609375
0.173263549804688 0.0040740966796875 0.2913818359375 -0.1766357421875
0.0300102233886719 -0.0437583923339844 0.482696533203125 -0.1798095703125
0.0175323486328125 -0.197616577148438 0.394287109375 -0.032745361328125
-0.223846435546875 -0.105926513671875 0.37664794921875 -0.193359375
-0.129074096679688 0.0824127197265625 -2.09808349609447E-05 0.0176620483398438
0.0724029541015625 0.143585205078125 0.0362701416015625 0.265914916992188
0.143478393554688 -0.0225067138671875 0.172988891601563 0.242523193359375
0.0495452880859375 -0.136604309082031 0.190704345703125 0.209442138671875
-0.099945068359375 -0.128761291503906 0.248397827148438 0.188430786132813
-0.129905700683594 -0.0594406127929688 0.300750732421875 0.1556396484375
-0.124221801757813 -0.05316162109375 0.258041381835938 0.147476196289063
-0.15673828125 -0.070343017578125 0.203231811523438 0.139328002929688
-0.102790832519531 -0.137214660644531 0.120330810546875 0.128761291503906
0.021453857421875 -0.158401489257813 0.0860137939453125 0.0484848022460937
0.115402221679688 -0.0365676879882813 0.120079040527344 -0.069488525390625
0.0181503295898438 0.111396789550781 0.30694580078125 -0.17205810546875
-0.164657592773438 0.0189971923828125 0.53802490234375 -0.1566162109375
-0.173416137695312 -0.171646118164063 0.424041748046875 -0.054931640625
0.35595703125 0.109100341796875 -0.366943359375 0.07342529296875
0.287445068359375 -0.09710693359375 -0.59197998046875 0.15325927734375
0.125167846679688 -0.19140625 -0.261154174804688 0.252914428710938
-0.0332870483398437 -0.106697082519531 -0.0705337524414062 0.0996932983398438
-0.0332431793212891 0.0110569000244141 -0.0508041381835937 -0.0727462768554688
0.0451622009277344 0.0377273559570313 -0.162155151367188 -0.130661010742188
0.0479812622070312 -0.01678466796875 -0.275650024414063 -0.125106811523438
0.0343265533447266 -0.0297031402587891 -0.29852294921875 -0.1142578125
0.0333175659179688 -0.0184288024902344 -0.329498291015625 -0.142364501953125
0.00979995727539063 0.0186176300048828 -0.275711059570313 -0.214920043945313
-0.0611839294433594 0.0261001586914063 -0.202896118164063 -0.216644287109375
-0.119277954101563 -0.0840911865234375 -0.13775634765625 -0.220062255859375
-0.00303649902343749 -0.2412109375 -0.03948974609375 -0.219741821289063
0.208694458007812 -0.239974975585938 -0.0364837646484375 -0.0621910095214844
0.306060791015625 -0.03973388671875 -0.395477294921875 0.13922119140625
0.449127197265625 0.003662109375 -0.2703857421875 0.0814666748046875
0.37744140625 -0.14959716796875 -0.58624267578125 0.14202880859375
0.249496459960937 -0.277328491210938 -0.27362060546875 0.326080322265625
0.02691650390625 -0.246841430664063 -0.0308074951171875 0.163665771484375
-0.0366439819335938 -0.134132385253906 -0.0116958618164063 -0.0602798461914063
-0.0401763916015625 -0.069793701171875 -0.165847778320313 -0.127548217773437
-0.0625686645507813 -0.08612060546875 -0.279693603515625 -0.095367431640625
-0.0632858276367188 -0.106063842773438 -0.285675048828125 -0.069183349609375
-0.0823516845703125 -0.099822998046875 -0.3160400390625 -0.1121826171875
-0.0659103393554688 -0.095062255859375 -0.268447875976563 -0.198028564453125
-0.0735092163085938 -0.116371154785156 -0.17730712890625 -0.2244873046875
-0.073089599609375 -0.2049560546875 -0.100143432617188 -0.232498168945312
0.095489501953125 -0.30963134765625 -0.00354003906250001 -0.217926025390625
0.284515380859375 -0.3238525390625 -0.013702392578125 -0.0912933349609375
0.41082763671875 -0.145904541015625 -0.3050537109375 0.124542236328125
0.476043701171875 -0.12841796875 -0.137115478515625 0.0738754272460937
0.38348388671875 -0.228057861328125 -0.5421142578125 0.124298095703125
0.295684814453125 -0.345733642578125 -0.270751953125 0.399200439453125
0.061614990234375 -0.35552978515625 0.0215606689453125 0.24945068359375
-0.0435638427734375 -0.267593383789063 0.0466804504394531 -0.0166664123535156
-0.128585815429687 -0.175430297851563 -0.131111145019531 -0.0961227416992187
-0.171173095703125 -0.146575927734375 -0.235946655273438 -0.05029296875
-0.14984130859375 -0.167755126953125 -0.228347778320313 -0.0131378173828125
-0.179931640625 -0.16717529296875 -0.259719848632813 -0.0643157958984375
-0.126495361328125 -0.193679809570313 -0.227462768554688 -0.15325927734375
-0.07550048828125 -0.247329711914063 -0.13580322265625 -0.209182739257813
-0.011932373046875 -0.312225341796875 -0.055084228515625 -0.2406005859375
0.20379638671875 -0.3438720703125 0.0534210205078125 -0.232864379882813
0.344696044921875 -0.351898193359375 0.056304931640625 -0.136276245117188
0.463134765625 -0.2137451171875 -0.1683349609375 0.08905029296875
0.428955078125 -0.257476806640625 0.0124015808105469 0.0372467041015625
0.31329345703125 -0.300262451171875 -0.45599365234375 0.106658935546875
0.264068603515625 -0.3690185546875 -0.22796630859375 0.448638916015625
0.06817626953125 -0.398590087890625 0.091033935546875 0.3192138671875
-0.048248291015625 -0.3544921875 0.117805480957031 0.04107666015625
-0.202285766601563 -0.256439208984375 -0.05902099609375 -0.0422592163085938
-0.257843017578125 -0.1875 -0.144500732421875 0.0053253173828125
-0.21502685546875 -0.202239990234375 -0.136077880859375 0.0472030639648437
-0.247100830078125 -0.207809448242188 -0.170944213867188 -0.00567626953125005
-0.166961669921875 -0.257659912109375 -0.160614013671875 -0.0884552001953125
-0.067047119140625 -0.3360595703125 -0.0792694091796875 -0.171188354492188
0.04986572265625 -0.376617431640625 -0.00122070312500002 -0.231155395507813
0.291351318359375 -0.33184814453125 0.122314453125 -0.24560546875
0.3682861328125 -0.323028564453125 0.162078857421875 -0.18499755859375
0.449432373046875 -0.240875244140625 -0.00237655639648435 0.0486106872558594
0.3126220703125 -0.335205078125 0.157485961914063 -0.028564453125
0.189666748046875 -0.308746337890625 -0.340576171875 0.0831298828124999
0.194427490234375 -0.309356689453125 -0.1480712890625 0.4527587890625
0.0732421875 -0.362762451171875 0.16143798828125 0.343475341796875
-0.039520263671875 -0.372650146484375 0.178878784179688 0.0946807861328125
-0.237457275390625 -0.29095458984375 0.0345897674560547 0.0233440399169922
-0.301361083984375 -0.19757080078125 -0.0216255187988281 0.0631103515625
-0.246932983398437 -0.20587158203125 -0.0213851928710938 0.101020812988281
-0.276138305664063 -0.213104248046875 -0.0638160705566406 0.05352783203125
-0.180938720703125 -0.277206420898438 -0.07965087890625 -0.0170211791992188
-0.046356201171875 -0.363037109375 -0.0166854858398438 -0.116867065429688
0.10479736328125 -0.368377685546875 0.058013916015625 -0.200332641601563
0.324432373046875 -0.256195068359375 0.195892333984375 -0.240432739257813
0.324462890625 -0.244781494140625 0.283782958984375 -0.213104248046875
0.360809326171875 -0.238677978515625 0.166305541992188 0.012481689453125
0.1414794921875 -0.327728271484375 0.27679443359375 -0.105987548828125
0.05694580078125 -0.223556518554688 -0.209640502929688 0.0570068359375
0.13818359375 -0.169326782226562 -0.057403564453125 0.410308837890625
0.0998382568359375 -0.265243530273438 0.205047607421875 0.3173828125
-0.00982666015625 -0.331787109375 0.211593627929688 0.136550903320312
-0.226272583007812 -0.277145385742188 0.12713623046875 0.0882415771484375
-0.291473388671875 -0.17413330078125 0.110710144042969 0.111160278320312
-0.241531372070313 -0.176254272460937 0.0954818725585937 0.138710021972656
-0.269241333007812 -0.1849365234375 0.043731689453125 0.100318908691406
-0.1749267578125 -0.2559814453125 0.000793457031249985 0.0478668212890625
-0.023834228515625 -0.3310546875 0.0388069152832031 -0.054901123046875
0.138153076171875 -0.291229248046875 0.105575561523438 -0.151473999023438
0.28466796875 -0.132537841796875 0.255630493164063 -0.21240234375
0.20452880859375 -0.138351440429688 0.396759033203125 -0.210418701171875
0.207015991210938 -0.220870971679688 0.308502197265625 -0.0150146484375
-0.04962158203125 -0.240707397460938 0.35357666015625 -0.17071533203125
-0.0528030395507813 -0.0734710693359375 -0.0876541137695313 0.0314483642578125
0.108619689941406 -0.00212860107421875 0.012725830078125 0.338470458984375
0.134231567382813 -0.145751953125 0.207412719726563 0.272048950195313
0.024810791015625 -0.251052856445313 0.21246337890625 0.173568725585937
-0.17840576171875 -0.219146728515625 0.200286865234375 0.145614624023438
-0.23199462890625 -0.124053955078125 0.225921630859375 0.142471313476562
-0.19970703125 -0.12091064453125 0.196029663085937 0.15313720703125
-0.229476928710938 -0.132705688476562 0.137016296386719 0.128707885742188
-0.151275634765625 -0.205215454101563 0.070220947265625 0.0977325439453125
-0.00303649902343751 -0.258773803710938 0.0743789672851563 0.00354003906249998
0.143218994140625 -0.174468994140625 0.12603759765625 -0.100639343261719
0.177215576171875 0.0008544921875 0.291229248046875 -0.183135986328125
0.0281410217285156 -0.0423164367675781 0.48529052734375 -0.188079833984375
0.0152587890625 -0.199020385742188 0.40130615234375 -0.037261962890625
-0.227569580078125 -0.101470947265625 0.37762451171875 -0.20623779296875
-0.129547119140625 0.08447265625 0.000515937805175773 0.0148935317993164
0.0794830322265625 0.14208984375 0.042449951171875 0.267547607421875
0.1453857421875 -0.0283966064453125 0.176803588867188 0.2391357421875
0.0460357666015625 -0.140838623046875 0.192657470703125 0.208282470703125
-0.104896545410156 -0.126487731933594 0.249603271484375 0.1878662109375
-0.135169982910156 -0.0548629760742188 0.306060791015625 0.150421142578125
-0.127532958984375 -0.0496826171875 0.264724731445313 0.143218994140625
-0.159210205078125 -0.06414794921875 0.207992553710938 0.136978149414063
-0.10980224609375 -0.13458251953125 0.124862670898438 0.129417419433594
0.0157470703125 -0.160568237304687 0.0882644653320313 0.0490341186523437
0.116920471191406 -0.0410308837890625 0.120109558105469 -0.0711288452148438
0.0226898193359375 0.111984252929688 0.30743408203125 -0.17706298828125
-0.1658935546875 0.0237274169921875 0.54205322265625 -0.16436767578125
-0.1773681640625 -0.169967651367187 0.42987060546875 -0.05987548828125
0.37176513671875 0.099212646484375 -0.3729248046875 0.08807373046875
0.287445068359375 -0.106689453125 -0.59698486328125 0.1827392578125
0.118896484375 -0.198287963867187 -0.253570556640625 0.26507568359375
-0.0391616821289063 -0.104873657226563 -0.0679092407226563 0.102325439453125
-0.0309486389160156 0.0154743194580078 -0.0555267333984375 -0.0735549926757813
0.0527153015136719 0.03765869140625 -0.1690673828125 -0.126007080078125
0.0518646240234375 -0.0202674865722656 -0.285980224609375 -0.113037109375
0.0365715026855469 -0.032989501953125 -0.3079833984375 -0.101348876953125
0.0355644226074219 -0.0215377807617188 -0.340545654296875 -0.1309814453125
0.0147552490234375 0.018218994140625 -0.2879638671875 -0.2091064453125
-0.0571975708007813 0.030426025390625 -0.211044311523438 -0.2135009765625
-0.124351501464844 -0.07891845703125 -0.147491455078125 -0.21807861328125
-0.01568603515625 -0.243515014648438 -0.0496978759765625 -0.219406127929688
0.19842529296875 -0.25286865234375 -0.0402488708496094 -0.0604591369628906
0.311767578125 -0.051666259765625 -0.394287109375 0.159027099609375
0.461761474609375 -0.009735107421875 -0.272598266601562 0.093658447265625
0.37841796875 -0.161895751953125 -0.59405517578125 0.1695556640625
0.241546630859375 -0.291595458984375 -0.26470947265625 0.340057373046875
0.0166015625 -0.248886108398437 -0.0254364013671875 0.165359497070312
-0.0405960083007813 -0.132881164550781 -0.0159034729003906 -0.0631027221679688
-0.0376167297363281 -0.0674819946289062 -0.17462158203125 -0.121246337890625
-0.0634918212890625 -0.0842819213867188 -0.289459228515625 -0.0819091796875
-0.0655593872070313 -0.106582641601563 -0.2919921875 -0.0560302734375
-0.0848236083984375 -0.09857177734375 -0.32525634765625 -0.0992431640624999
-0.0671768188476563 -0.09356689453125 -0.2794189453125 -0.191360473632813
-0.0759048461914063 -0.113731384277344 -0.184860229492188 -0.222671508789062
-0.0814971923828125 -0.203765869140625 -0.10943603515625 -0.2332763671875
0.082672119140625 -0.31768798828125 -0.013580322265625 -0.220291137695313
0.271697998046875 -0.340301513671875 -0.0193023681640625 -0.0908203125
0.415191650390625 -0.16363525390625 -0.303253173828125 0.140472412109375
0.484954833984375 -0.14508056640625 -0.136466979980469 0.080657958984375
0.383026123046875 -0.24169921875 -0.547943115234375 0.15093994140625
0.287139892578125 -0.364288330078125 -0.25946044921875 0.4154052734375
0.0489501953125 -0.3604736328125 0.0311431884765625 0.250823974609375
-0.0526885986328125 -0.269363403320313 0.0448226928710938 -0.0216140747070313
-0.132400512695313 -0.170623779296875 -0.139739990234375 -0.088714599609375
-0.177291870117187 -0.1402587890625 -0.242706298828125 -0.03753662109375
-0.156951904296875 -0.164886474609375 -0.230178833007813 -0.00190734863281253
-0.186599731445313 -0.161697387695313 -0.265579223632813 -0.052154541015625
-0.133041381835938 -0.190750122070313 -0.2359619140625 -0.146453857421875
-0.084136962890625 -0.246231079101563 -0.143051147460938 -0.208465576171875
-0.023468017578125 -0.31610107421875 -0.0641326904296875 -0.24365234375
0.193756103515625 -0.357818603515625 0.043426513671875 -0.237503051757813
0.33392333984375 -0.3709716796875 0.0498123168945313 -0.1387939453125
0.467620849609375 -0.232818603515625 -0.164779663085938 0.0993499755859375
0.43157958984375 -0.274017333984375 0.0153045654296875 0.0376930236816406
0.308990478515625 -0.3135986328125 -0.46173095703125 0.127777099609375
0.255889892578125 -0.386810302734375 -0.214324951171875 0.464508056640625
0.0526123046875 -0.405975341796875 0.104217529296875 0.31854248046875
-0.062713623046875 -0.359161376953125 0.117698669433594 0.0352020263671875
-0.211593627929687 -0.250076293945313 -0.0660476684570313 -0.0370597839355469
-0.268280029296875 -0.177093505859375 -0.14813232421875 0.01611328125
-0.225601196289062 -0.19732666015625 -0.133255004882813 0.0551376342773437
-0.256576538085937 -0.198394775390625 -0.172073364257813 0.00428771972656249
-0.1771240234375 -0.254180908203125 -0.1651611328125 -0.0818023681640625
-0.0794677734375 -0.33709716796875 -0.0853424072265625 -0.171035766601563
0.036163330078125 -0.384552001953125 -0.00871276855468749 -0.237213134765625
0.2840576171875 -0.349273681640625 0.112930297851563 -0.254135131835938
0.35748291015625 -0.341949462890625 0.155776977539063 -0.192581176757813
0.452728271484375 -0.2607421875 0.00252532958984378 0.0509910583496094
0.3087158203125 -0.3504638671875 0.160369873046875 -0.03619384765625
0.183502197265625 -0.317535400390625 -0.344482421875 0.099517822265625
0.187591552734375 -0.323333740234375 -0.132781982421875 0.466796875
0.061614990234375 -0.369659423828125 0.177215576171875 0.339080810546875
-0.054168701171875 -0.378997802734375 0.181900024414063 0.087158203125
-0.25140380859375 -0.28497314453125 0.0309982299804687 0.0265712738037109
-0.31427001953125 -0.186492919921875 -0.0197486877441407 0.0687789916992187
-0.258621215820313 -0.197784423828125 -0.0142822265625 0.104423522949219
-0.28643798828125 -0.202484130859375 -0.0607490539550782 0.059539794921875
-0.193893432617188 -0.273544311523437 -0.0792236328125 -0.0118637084960938
-0.061187744140625 -0.36590576171875 -0.0194244384765625 -0.117904663085938
0.09405517578125 -0.377716064453125 0.0523529052734375 -0.207550048828125
0.32281494140625 -0.274566650390625 0.187957763671875 -0.251617431640625
0.316436767578125 -0.258697509765625 0.279434204101563 -0.225357055664063
0.36212158203125 -0.255401611328125 0.1741943359375 0.00849914550781248
0.13287353515625 -0.337799072265625 0.278640747070312 -0.12188720703125
0.0504302978515625 -0.227584838867188 -0.212417602539062 0.0654754638671875
0.136566162109375 -0.179428100585938 -0.040740966796875 0.418975830078125
0.091766357421875 -0.273544311523438 0.22015380859375 0.311981201171875
-0.022125244140625 -0.33984375 0.216720581054688 0.130096435546875
-0.240768432617188 -0.270980834960938 0.126541137695312 0.0899734497070312
-0.3046875 -0.162384033203125 0.116119384765625 0.111083984375
-0.25244140625 -0.16845703125 0.105155944824219 0.137016296386719
-0.279815673828125 -0.173782348632813 0.0498733520507813 0.101943969726562
-0.187515258789063 -0.25091552734375 0.00457382202148436 0.0508613586425781
-0.03826904296875 -0.33453369140625 0.0383567810058594 -0.0568389892578125
0.130279541015625 -0.3018798828125 0.102188110351563 -0.159332275390625
0.286529541015625 -0.1470947265625 0.250946044921875 -0.225387573242188
0.200271606445313 -0.146316528320313 0.39447021484375 -0.22833251953125
0.205673217773438 -0.231658935546875 0.317138671875 -0.02496337890625
-0.0586395263671875 -0.241119384765625 0.3524169921875 -0.19171142578125
-0.056671142578125 -0.071502685546875 -0.0881576538085938 0.033294677734375
0.11395263671875 -0.008209228515625 0.028106689453125 0.34326171875
0.13214111328125 -0.155487060546875 0.219970703125 0.266815185546875
0.0142059326171875 -0.259002685546875 0.2183837890625 0.16845703125
-0.190933227539063 -0.213653564453125 0.20404052734375 0.145309448242187
-0.2431640625 -0.113388061523437 0.234359741210937 0.136322021484375
-0.2086181640625 -0.11395263671875 0.2076416015625 0.147171020507812
-0.23736572265625 -0.121551513671875 0.145660400390625 0.126449584960938
-0.163497924804688 -0.20001220703125 0.0772552490234375 0.0986404418945312
-0.01519775390625 -0.262176513671875 0.0770416259765625 0.00183105468749998
0.13922119140625 -0.184112548828125 0.125442504882812 -0.107521057128906
0.182373046875 -0.0071258544921875 0.28668212890625 -0.1961669921875
0.0255355834960937 -0.0411453247070313 0.48712158203125 -0.20892333984375
0.00947570800781248 -0.202041625976563 0.41082763671875 -0.049713134765625
-0.234939575195313 -0.0927276611328125 0.37481689453125 -0.230560302734375
-0.129547119140625 0.0909347534179688 0.00128078460693358 0.012115478515625
0.0894241333007813 0.139945983886719 0.056488037109375 0.270004272460938
0.147415161132813 -0.037200927734375 0.186813354492188 0.234512329101563
0.039825439453125 -0.14691162109375 0.2005615234375 0.205276489257813
-0.113761901855469 -0.123275756835938 0.256790161132813 0.185333251953125
-0.1417236328125 -0.0477294921875 0.31585693359375 0.140167236328125
-0.132431030273438 -0.04437255859375 0.275802612304688 0.133773803710938
-0.16485595703125 -0.0562896728515625 0.21820068359375 0.130340576171875
-0.120361328125 -0.130226135253906 0.134246826171875 0.128303527832031
0.00677490234374999 -0.164321899414063 0.0927505493164063 0.0482101440429687
0.117637634277344 -0.0483245849609375 0.1197509765625 -0.0756912231445313
0.0297775268554688 0.112312316894531 0.305206298828125 -0.191741943359375
-0.168289184570313 0.0322265625 0.54705810546875 -0.18621826171875
-0.186492919921875 -0.166030883789063 0.4381103515625 -0.07568359375
0.385528564453125 0.076385498046875 -0.369964599609375 0.11016845703125
0.281646728515625 -0.121124267578125 -0.587890625 0.22113037109375
0.105514526367188 -0.20489501953125 -0.237747192382813 0.278335571289063
-0.0469436645507812 -0.100830078125 -0.0624771118164063 0.104400634765625
-0.0280342102050781 0.0195369720458984 -0.0613250732421875 -0.07183837890625
0.0606040954589844 0.0345687866210938 -0.176025390625 -0.115692138671875
0.0544929504394531 -0.0245170593261719 -0.293670654296875 -0.092864990234375
0.0375823974609375 -0.0376625061035156 -0.3143310546875 -0.07940673828125
0.036773681640625 -0.026092529296875 -0.347808837890625 -0.106658935546875
0.0193138122558594 0.0169486999511719 -0.3006591796875 -0.19384765625
-0.0517768859863281 0.0353431701660156 -0.220626831054688 -0.20391845703125
-0.129791259765625 -0.0700836181640625 -0.159469604492187 -0.21002197265625
-0.0336151123046875 -0.241836547851563 -0.063934326171875 -0.214859008789063
0.180892944335938 -0.264663696289063 -0.0449295043945312 -0.0571708679199219
0.31201171875 -0.070526123046875 -0.384033203125 0.1851806640625
0.470458984375 -0.036041259765625 -0.2686767578125 0.110000610351563
0.371246337890625 -0.181732177734375 -0.58587646484375 0.21038818359375
0.224456787109375 -0.307037353515625 -0.2452392578125 0.35565185546875
0.000396728515624995 -0.248245239257812 -0.0161285400390625 0.165802001953125
-0.0472412109375 -0.128669738769531 -0.021026611328125 -0.0646553039550781
-0.0356903076171875 -0.0643653869628906 -0.1827392578125 -0.109146118164063
-0.0650863647460938 -0.081024169921875 -0.295654296875 -0.060516357421875
-0.0701065063476562 -0.104888916015625 -0.2939453125 -0.035369873046875
-0.0889663696289062 -0.094879150390625 -0.330963134765625 -0.07781982421875
-0.06976318359375 -0.0901260375976562 -0.291046142578125 -0.175079345703125
-0.0795440673828125 -0.107864379882813 -0.196075439453125 -0.21405029296875
-0.0941009521484375 -0.198501586914063 -0.122650146484375 -0.228256225585938
0.061279296875 -0.32244873046875 -0.0281524658203125 -0.217819213867188
0.250030517578125 -0.35626220703125 -0.0263824462890625 -0.0881500244140625
0.410980224609375 -0.18975830078125 -0.292999267578125 0.16162109375
0.484130859375 -0.17474365234375 -0.132041931152344 0.0890731811523437
0.3717041015625 -0.261871337890625 -0.5421142578125 0.18878173828125
0.26702880859375 -0.383331298828125 -0.234130859375 0.4315185546875
0.026458740234375 -0.3614501953125 0.0467529296875 0.247940063476562
-0.06842041015625 -0.2674560546875 0.0416183471679688 -0.0269660949707031
-0.137924194335937 -0.162017822265625 -0.147705078125 -0.0777435302734375
-0.18353271484375 -0.129547119140625 -0.24639892578125 -0.0175933837890625
-0.16534423828125 -0.156341552734375 -0.2283935546875 0.0150146484375
-0.194412231445313 -0.150802612304687 -0.268569946289063 -0.0329742431640625
-0.142471313476562 -0.182479858398438 -0.244354248046875 -0.130813598632812
-0.0959930419921875 -0.240188598632813 -0.154022216796875 -0.202438354492188
-0.0421142578125 -0.315093994140625 -0.0777435302734375 -0.242080688476563
0.17144775390625 -0.371826171875 0.0277099609375 -0.238861083984375
0.308624267578125 -0.389312744140625 0.040252685546875 -0.140213012695313
0.459564208984375 -0.261993408203125 -0.156951904296875 0.111251831054687
0.421844482421875 -0.299530029296875 0.018218994140625 0.0368843078613281
0.293792724609375 -0.32843017578125 -0.457000732421875 0.159881591796875
0.233734130859375 -0.4061279296875 -0.18548583984375 0.478851318359375
0.0291748046875 -0.40875244140625 0.123626708984375 0.31207275390625
-0.08367919921875 -0.3577880859375 0.117538452148437 0.025146484375
-0.22314453125 -0.23602294921875 -0.0710372924804688 -0.0284652709960938
-0.278076171875 -0.158599853515625 -0.1480712890625 0.0295257568359375
-0.235824584960938 -0.184616088867187 -0.127143859863281 0.0653457641601562
-0.267135620117188 -0.181594848632813 -0.170684814453125 0.0181121826171875
-0.191024780273437 -0.243194580078125 -0.168716430664062 -0.0704803466796875
-0.099395751953125 -0.33148193359375 -0.0929107666015625 -0.16766357421875
0.0137939453125 -0.387298583984375 -0.0230560302734375 -0.238906860351563
0.262908935546875 -0.37005615234375 0.09600830078125 -0.260421752929688
0.333160400390625 -0.36138916015625 0.142410278320313 -0.200088500976563
0.443511962890625 -0.289215087890625 0.00975036621093752 0.0521278381347656
0.2933349609375 -0.367218017578125 0.159912109375 -0.04754638671875
0.167449951171875 -0.328399658203125 -0.3404541015625 0.121673583984375
0.169708251953125 -0.337799072265625 -0.104217529296875 0.477325439453125
0.03955078125 -0.374481201171875 0.197784423828125 0.327728271484375
-0.07757568359375 -0.380706787109375 0.1849365234375 0.074951171875
-0.266693115234375 -0.268692016601563 0.0289535522460937 0.0305557250976562
-0.32598876953125 -0.1632080078125 -0.0160980224609375 0.0739974975585937
-0.270477294921875 -0.183029174804688 -0.00494384765625001 0.105964660644531
-0.298828125 -0.183441162109375 -0.0555763244628906 0.0657310485839844
-0.209136962890625 -0.260406494140625 -0.0778427124023438 -0.00505065917968751
-0.083404541015625 -0.362152099609375 -0.024322509765625 -0.117088317871094
0.071929931640625 -0.385498046875 0.040313720703125 -0.212860107421875
0.306976318359375 -0.29498291015625 0.17041015625 -0.262924194335938
0.29925537109375 -0.27545166015625 0.265426635742188 -0.241729736328125
0.352294921875 -0.278228759765625 0.178863525390625 -0.00144958496093752
0.116943359375 -0.34588623046875 0.272872924804688 -0.142227172851563
0.0373992919921875 -0.229598999023438 -0.210037231445313 0.077789306640625
0.128494262695313 -0.191238403320313 -0.013824462890625 0.42486572265625
0.0770721435546875 -0.280487060546875 0.23834228515625 0.297607421875
-0.0443115234375 -0.343170166015625 0.221542358398438 0.116378784179687
-0.25750732421875 -0.255645751953125 0.128097534179687 0.0877914428710937
-0.316314697265625 -0.13983154296875 0.122573852539063 0.107002258300781
-0.263671875 -0.15264892578125 0.117050170898437 0.130088806152344
-0.28887939453125 -0.15374755859375 0.0578384399414062 0.101081848144531
-0.203399658203125 -0.237106323242188 0.00972747802734374 0.0526199340820312
-0.0604248046875 -0.330780029296875 0.0365562438964844 -0.0586204528808594
0.11346435546875 -0.3116455078125 0.092987060546875 -0.167343139648438
0.279937744140625 -0.166732788085937 0.235107421875 -0.240631103515625
0.189559936523438 -0.154937744140625 0.381927490234375 -0.25030517578125
0.195343017578125 -0.244796752929688 0.3206787109375 -0.043487548828125
-0.0713653564453125 -0.236785888671875 0.340850830078125 -0.218292236328125
-0.0613594055175781 -0.0673027038574219 -0.0881881713867188 0.0364990234375
0.116363525390625 -0.0172500610351562 0.051422119140625 0.34210205078125
0.1234130859375 -0.166000366210938 0.235427856445313 0.252059936523438
-0.00253295898437502 -0.263626098632813 0.225555419921875 0.1556396484375
-0.204864501953125 -0.2008056640625 0.20965576171875 0.138534545898438
-0.2520751953125 -0.0952301025390625 0.242477416992187 0.123519897460938
-0.215911865234375 -0.1002197265625 0.219070434570312 0.133346557617187
-0.244155883789063 -0.10443115234375 0.155197143554687 0.118362426757813
-0.177703857421875 -0.1875 0.0853042602539062 0.096405029296875
-0.03326416015625 -0.261032104492188 0.0786590576171875 -0.00224304199218752
0.12884521484375 -0.19427490234375 0.118797302246094 -0.115440368652344
0.184738159179687 -0.0198516845703125 0.273834228515625 -0.213958740234375
0.0219955444335938 -0.0398521423339844 0.475311279296875 -0.237152099609375
-9.15527343749991E-05 -0.203399658203125 0.412750244140625 -0.07452392578125
-0.2401123046875 -0.0771636962890625 0.3604736328125 -0.259124755859375
-0.125701904296875 0.099029541015625 0.000464439392089835 0.00848197937011719
0.100517272949219 0.133155822753906 0.0752716064453125 0.266326904296875
0.14605712890625 -0.049652099609375 0.199676513671875 0.222579956054687
0.029449462890625 -0.152130126953125 0.209976196289063 0.19512939453125
-0.123634338378906 -0.114822387695313 0.265579223632813 0.1751708984375
-0.146774291992187 -0.03692626953125 0.3236083984375 0.12109375
-0.136116027832031 -0.03515625 0.284942626953125 0.1160888671875
-0.168502807617188 -0.04327392578125 0.227691650390625 0.117950439453125
-0.131607055664063 -0.120223999023437 0.1451416015625 0.122512817382812
-0.0064697265625 -0.164871215820313 0.097442626953125 0.044036865234375
0.115089416503906 -0.0580215454101563 0.115592956542969 -0.0829238891601563
0.0387802124023437 0.109825134277344 0.293792724609375 -0.20953369140625
-0.166427612304688 0.0450897216796875 0.53839111328125 -0.219268798828125
-0.196685791015625 -0.155349731445313 0.4384765625 -0.101043701171875
0.38555908203125 0.04962158203125 -0.35516357421875 0.12908935546875
0.268035888671875 -0.132369995117188 -0.5589599609375 0.253570556640625
0.088226318359375 -0.204879760742188 -0.21392822265625 0.282501220703125
-0.0538330078125 -0.092926025390625 -0.0552215576171875 0.104316711425781
-0.0248050689697266 0.0227794647216797 -0.0649032592773437 -0.0681381225585938
0.06597900390625 0.028717041015625 -0.177597045898438 -0.102767944335937
0.05474853515625 -0.0296173095703125 -0.29193115234375 -0.0688476562500001
0.0360794067382813 -0.0419197082519531 -0.311004638671875 -0.055694580078125
0.0356216430664063 -0.0300445556640625 -0.344940185546875 -0.0823364257812499
0.023529052734375 0.0142974853515625 -0.304534912109375 -0.171112060546875
-0.0450019836425781 0.0385551452636719 -0.225311279296875 -0.18804931640625
-0.130973815917969 -0.0582504272460938 -0.166854858398437 -0.195083618164063
-0.0499420166015625 -0.231307983398438 -0.0748138427734375 -0.203277587890625
0.156936645507812 -0.269027709960938 -0.0479927062988281 -0.052276611328125
0.302764892578125 -0.087249755859375 -0.360504150390625 0.206878662109375
0.462249755859375 -0.063934326171875 -0.25543212890625 0.121810913085938
0.3526611328125 -0.19610595703125 -0.558990478515625 0.241973876953125
0.20013427734375 -0.313018798828125 -0.216400146484375 0.358428955078125
-0.015472412109375 -0.238601684570312 -0.0057373046875 0.160614013671875
-0.0524063110351563 -0.121047973632813 -0.0258560180664063 -0.0643234252929688
-0.0333175659179688 -0.06134033203125 -0.184188842773438 -0.0943603515625
-0.064727783203125 -0.0757598876953125 -0.29119873046875 -0.03631591796875
-0.0727996826171875 -0.100212097167969 -0.287017822265625 -0.014190673828125
-0.0901641845703125 -0.08837890625 -0.326263427734375 -0.052215576171875
-0.0694580078125 -0.083770751953125 -0.29364013671875 -0.152862548828125
-0.0811233520507813 -0.0992584228515625 -0.2017822265625 -0.19940185546875
-0.103668212890625 -0.18634033203125 -0.13250732421875 -0.215545654296875
0.0386962890625 -0.31634521484375 -0.040771484375 -0.208694458007813
0.21734619140625 -0.360443115234375 -0.0321731567382812 -0.0824050903320313
0.3931884765625 -0.2093505859375 -0.273468017578125 0.177154541015625
0.467437744140625 -0.19647216796875 -0.122642517089844 0.0944747924804687
0.350555419921875 -0.273712158203125 -0.51641845703125 0.2178955078125
0.2374267578125 -0.391571044921875 -0.20147705078125 0.432525634765625
0.00421142578125 -0.35113525390625 0.060211181640625 0.236297607421875
-0.0822296142578125 -0.25531005859375 0.0366134643554687 -0.0315971374511719
-0.13922119140625 -0.14947509765625 -0.149063110351563 -0.064453125
-0.183151245117187 -0.113906860351563 -0.241226196289063 0.00263977050781247
-0.16937255859375 -0.144424438476563 -0.219406127929688 0.031005859375
-0.19659423828125 -0.135543823242188 -0.261703491210938 -0.0130462646484376
-0.146835327148438 -0.169509887695312 -0.24432373046875 -0.111602783203125
-0.10601806640625 -0.22662353515625 -0.159927368164062 -0.189987182617188
-0.060302734375 -0.304229736328125 -0.090484619140625 -0.232635498046875
0.143951416015625 -0.371307373046875 0.0116119384765625 -0.232101440429688
0.274993896484375 -0.3953857421875 0.0288619995117188 -0.13739013671875
0.436065673828125 -0.28472900390625 -0.143783569335937 0.119003295898438
0.39837646484375 -0.316741943359375 0.0205211639404297 0.0334949493408203
0.270294189453125 -0.336181640625 -0.4359130859375 0.18621826171875
0.202880859375 -0.412109375 -0.15185546875 0.476776123046875
0.00289916992187498 -0.39825439453125 0.13885498046875 0.29388427734375
-0.10430908203125 -0.344146728515625 0.113052368164063 0.014862060546875
-0.228256225585937 -0.215957641601563 -0.0725860595703125 -0.0191574096679688
-0.277938842773438 -0.136276245117188 -0.141830444335938 0.0427398681640625
-0.24139404296875 -0.16705322265625 -0.117416381835938 0.07257080078125
-0.268783569335938 -0.16009521484375 -0.163604736328125 0.030670166015625
-0.198516845703125 -0.223876953125 -0.167037963867188 -0.0566558837890625
-0.115875244140625 -0.3145751953125 -0.0990142822265625 -0.159027099609375
-0.00973510742187499 -0.378204345703125 -0.0368499755859375 -0.23272705078125
0.234161376953125 -0.37750244140625 0.0754241943359375 -0.257614135742188
0.300506591796875 -0.371185302734375 0.12518310546875 -0.20184326171875
0.4190673828125 -0.310333251953125 0.0148086547851563 0.0506439208984375
0.268585205078125 -0.376312255859375 0.152999877929688 -0.0581207275390625
0.14599609375 -0.328765869140625 -0.324737548828125 0.139923095703125
0.146331787109375 -0.342437744140625 -0.069732666015625 0.46990966796875
0.016387939453125 -0.36737060546875 0.2115478515625 0.304718017578125
-0.100311279296875 -0.368927001953125 0.180618286132813 0.060272216796875
-0.273590087890625 -0.244461059570312 0.0278263092041015 0.0329513549804687
-0.326507568359375 -0.135833740234375 -0.0115509033203125 0.0769195556640625
-0.274734497070312 -0.161911010742188 0.00424957275390623 0.103309631347656
-0.299713134765625 -0.158721923828125 -0.0483245849609375 0.0692977905273437
-0.218460083007812 -0.238815307617188 -0.0743484497070313 0.00139617919921873
-0.102813720703125 -0.345306396484375 -0.0290679931640625 -0.113822937011719
0.0460205078125 -0.380889892578125 0.025146484375 -0.211334228515625
0.281494140625 -0.30938720703125 0.147781372070313 -0.26434326171875
0.272430419921875 -0.28265380859375 0.242477416992188 -0.24951171875
0.329925537109375 -0.29364013671875 0.177352905273438 -0.012664794921875
0.09710693359375 -0.342987060546875 0.256820678710938 -0.158050537109375
0.0245819091796875 -0.225448608398438 -0.200820922851563 0.088348388671875
0.114639282226563 -0.196395874023438 0.014678955078125 0.412384033203125
0.0577239990234375 -0.27911376953125 0.250076293945313 0.274032592773438
-0.065399169921875 -0.334747314453125 0.22003173828125 0.0993499755859375
-0.264678955078125 -0.23211669921875 0.128166198730469 0.0839614868164062
-0.316864013671875 -0.1136474609375 0.125892639160156 0.0992431640625
-0.2662353515625 -0.1322021484375 0.123786926269531 0.118148803710937
-0.28948974609375 -0.129638671875 0.0643768310546875 0.0959854125976562
-0.212631225585937 -0.2156982421875 0.0149765014648437 0.05242919921875
-0.07952880859375 -0.316558837890625 0.0338287353515625 -0.0600357055664063
0.09228515625 -0.31134033203125 0.0794830322265625 -0.169464111328125
0.2635498046875 -0.181167602539062 0.210800170898438 -0.247512817382813
0.173446655273437 -0.158737182617188 0.35595703125 -0.265167236328125
0.178756713867188 -0.251785278320313 0.313262939453125 -0.062591552734375
-0.081573486328125 -0.225296020507813 0.318267822265625 -0.23785400390625
-0.0635986328125 -0.0614204406738281 -0.0849990844726563 0.0391769409179687
0.114227294921875 -0.0261764526367187 0.074005126953125 0.3292236328125
0.110321044921875 -0.171463012695313 0.243209838867188 0.228790283203125
-0.0208587646484375 -0.259857177734375 0.226577758789063 0.1392822265625
-0.21343994140625 -0.18194580078125 0.2105712890625 0.127899169921875
-0.251922607421875 -0.0737152099609375 0.242904663085937 0.106918334960938
-0.217132568359375 -0.083892822265625 0.222946166992188 0.114593505859375
-0.243728637695313 -0.0839691162109375 0.159896850585937 0.106369018554687
-0.185867309570313 -0.168594360351563 0.0916976928710938 0.0899810791015625
-0.0507659912109375 -0.250503540039063 0.0783309936523437 -0.00627136230468752
0.11395263671875 -0.199249267578125 0.10833740234375 -0.120506286621094
0.18017578125 -0.031219482421875 0.251083374023438 -0.224044799804688
0.0178871154785156 -0.0361404418945313 0.44891357421875 -0.259368896484375
-0.0106964111328125 -0.199066162109375 0.40179443359375 -0.09698486328125
-0.23748779296875 -0.0601043701171875 0.333251953125 -0.2781982421875
-0.117828369140625 0.105171203613281 -0.00103807449340821 0.0048060417175293
0.108627319335937 0.121482849121094 0.0923309326171875 0.253433227539062
0.138885498046875 -0.0607070922851563 0.206161499023437 0.202316284179688
0.0172576904296875 -0.15252685546875 0.214279174804688 0.17889404296875
-0.129890441894531 -0.103065490722656 0.26727294921875 0.15960693359375
-0.14654541015625 -0.02392578125 0.3209228515625 0.098541259765625
-0.135726928710938 -0.02490234375 0.284881591796875 0.093231201171875
-0.166702270507813 -0.0289306640625 0.229766845703125 0.100540161132812
-0.138473510742187 -0.106109619140625 0.150955200195313 0.11151123046875
-0.0189666748046875 -0.16015625 0.099884033203125 0.0378189086914062
0.108833312988281 -0.0655059814453125 0.107597351074219 -0.0872726440429688
0.0464706420898437 0.104019165039063 0.270736694335938 -0.2220458984375
-0.159042358398438 0.0562896728515625 0.511962890625 -0.245330810546875
-0.20025634765625 -0.140701293945313 0.424102783203125 -0.123199462890625
0.37542724609375 0.031219482421875 -0.33575439453125 0.13427734375
0.252532958984375 -0.134765625 -0.525115966796875 0.264129638671875
0.076507568359375 -0.19830322265625 -0.193527221679688 0.274307250976563
-0.0561370849609375 -0.0848541259765625 -0.0495147705078125 0.0996246337890625
-0.0213184356689453 0.0244731903076172 -0.0657005310058594 -0.0651931762695313
0.0680770874023438 0.0234832763671875 -0.173446655273437 -0.093475341796875
0.0547599792480469 -0.0329971313476563 -0.2813720703125 -0.052520751953125
0.0337791442871094 -0.0443382263183594 -0.2982177734375 -0.0386352539062499
0.0342636108398438 -0.0329132080078125 -0.33331298828125 -0.0635986328125
0.0269050598144531 0.0117321014404297 -0.298828125 -0.154022216796875
-0.0381278991699219 0.0387840270996094 -0.221237182617187 -0.17388916015625
-0.128471374511719 -0.0489273071289063 -0.165786743164062 -0.180038452148438
-0.057342529296875 -0.216629028320312 -0.07867431640625 -0.189956665039063
0.1375732421875 -0.26263427734375 -0.0481147766113281 -0.0474433898925781
0.289520263671875 -0.0958251953125 -0.33685302734375 0.21392822265625
0.4451904296875 -0.079437255859375 -0.240859985351562 0.125503540039063
0.332244873046875 -0.1983642578125 -0.525482177734375 0.25262451171875
0.1785888671875 -0.306854248046875 -0.1937255859375 0.348602294921875
-0.02459716796875 -0.224929809570313 0.000152587890624987 0.151580810546875
-0.0542221069335938 -0.1131591796875 -0.0288543701171875 -0.0639495849609375
-0.0294532775878906 -0.0583992004394531 -0.180007934570313 -0.08367919921875
-0.0612945556640625 -0.0719528198242188 -0.279861450195313 -0.0203247070312501
-0.0724716186523438 -0.0956954956054688 -0.273284912109375 0.000152587890624934
-0.0882339477539063 -0.0837326049804687 -0.3134765625 -0.0359191894531251
-0.06573486328125 -0.0789718627929687 -0.28668212890625 -0.135162353515625
-0.0782623291015625 -0.0917816162109375 -0.200119018554688 -0.186737060546875
-0.1063232421875 -0.1734619140625 -0.134750366210937 -0.202194213867188
0.02520751953125 -0.303192138671875 -0.04644775390625 -0.196060180664063
0.192626953125 -0.351348876953125 -0.0350189208984375 -0.0759353637695313
0.371978759765625 -0.215423583984375 -0.25341796875 0.181365966796875
0.44708251953125 -0.2078857421875 -0.113677978515625 0.0936965942382813
0.328277587890625 -0.2738037109375 -0.488250732421875 0.22991943359375
0.212249755859375 -0.384765625 -0.176025390625 0.420684814453125
-0.010955810546875 -0.334259033203125 0.0660552978515625 0.222091674804687
-0.08807373046875 -0.242019653320312 0.0314674377441406 -0.0345401763916016
-0.134796142578125 -0.138870239257813 -0.1451416015625 -0.0545806884765625
-0.176589965820313 -0.102554321289063 -0.230026245117188 0.0157470703125
-0.167083740234375 -0.134033203125 -0.206375122070313 0.03924560546875
-0.191665649414063 -0.1239013671875 -0.249603271484375 0.000122070312499985
-0.143783569335937 -0.156570434570313 -0.237472534179688 -0.0975341796875
-0.107208251953125 -0.212661743164063 -0.15899658203125 -0.17852783203125
-0.06878662109375 -0.288665771484375 -0.095855712890625 -0.220260620117188
0.1236572265625 -0.36163330078125 0.0016937255859375 -0.220550537109375
0.2435302734375 -0.385894775390625 0.0210800170898438 -0.129730224609375
0.410980224609375 -0.290496826171875 -0.130905151367187 0.120285034179688
0.377227783203125 -0.321044921875 0.0211887359619141 0.0302658081054687
0.24951171875 -0.331878662109375 -0.41021728515625 0.19561767578125
0.181060791015625 -0.404876708984375 -0.1268310546875 0.460784912109375
-0.0113525390625 -0.381500244140625 0.143768310546875 0.274337768554688
-0.113555908203125 -0.327972412109375 0.10595703125 0.00742340087890623
-0.223175048828125 -0.198638916015625 -0.0709228515625 -0.0126419067382812
-0.268341064453125 -0.118392944335938 -0.133743286132813 0.0508193969726562
-0.237075805664063 -0.1517333984375 -0.107078552246094 0.07373046875
-0.261856079101563 -0.143295288085938 -0.153106689453125 0.0377655029296875
-0.195480346679688 -0.206436157226563 -0.160491943359375 -0.0471343994140625
-0.120697021484375 -0.29669189453125 -0.0988922119140625 -0.1512451171875
-0.02398681640625 -0.363739013671875 -0.04449462890625 -0.223114013671875
0.2103271484375 -0.37017822265625 0.06103515625 -0.247879028320313
0.272918701171875 -0.360809326171875 0.110870361328125 -0.195098876953125
0.3941650390625 -0.31414794921875 0.0184288024902344 0.0486793518066406
0.247528076171875 -0.3729248046875 0.145339965820313 -0.0631103515625
0.13128662109375 -0.319488525390625 -0.306304931640625 0.14691162109375
0.128143310546875 -0.336334228515625 -0.04815673828125 0.45159912109375
0.00253295898437501 -0.352325439453125 0.213470458984375 0.281463623046875
-0.110626220703125 -0.352294921875 0.172943115234375 0.048980712890625
-0.26922607421875 -0.224716186523437 0.0269794464111328 0.034830093383789
-0.31732177734375 -0.115234375 -0.00788116455078127 0.0776824951171875
-0.270233154296875 -0.145965576171875 0.0102615356445312 0.098846435546875
-0.2911376953125 -0.13885498046875 -0.0415573120117188 0.0703048706054687
-0.215927124023438 -0.218704223632813 -0.0691909790039063 0.00554275512695311
-0.1114501953125 -0.324554443359375 -0.0308380126953125 -0.109062194824219
0.030059814453125 -0.36785888671875 0.01605224609375 -0.204330444335938
0.25860595703125 -0.308563232421875 0.129547119140625 -0.256927490234375
0.249221801757813 -0.277191162109375 0.22296142578125 -0.2464599609375
0.3089599609375 -0.29620361328125 0.171646118164063 -0.01861572265625
0.08221435546875 -0.33404541015625 0.240081787109375 -0.16339111328125
0.0169219970703125 -0.216659545898438 -0.189956665039063 0.0917816162109375
0.103851318359375 -0.19488525390625 0.031982421875 0.393463134765625
0.045257568359375 -0.27032470703125 0.24871826171875 0.250030517578125
-0.07794189453125 -0.32220458984375 0.211227416992188 0.08648681640625
-0.2630615234375 -0.21160888671875 0.124725341796875 0.080810546875
-0.30755615234375 -0.093292236328125 0.123954772949219 0.09271240234375
-0.261260986328125 -0.117630004882813 0.125045776367187 0.107337951660156
-0.280975341796875 -0.112319946289063 0.0668792724609375 0.0909500122070313
-0.211166381835937 -0.196395874023438 0.0186386108398437 0.0511856079101562
-0.08880615234375 -0.298065185546875 0.0315399169921875 -0.0596084594726563
0.076568603515625 -0.303436279296875 0.068634033203125 -0.165695190429688
0.246353149414062 -0.184906005859375 0.190170288085938 -0.242507934570313
0.159637451171875 -0.154327392578125 0.33154296875 -0.266510009765625
0.164443969726563 -0.250106811523438 0.300628662109375 -0.0711669921875
-0.084381103515625 -0.213821411132813 0.29461669921875 -0.24298095703125
-0.0633163452148437 -0.0564002990722656 -0.0820693969726563 0.0393447875976562
0.110733032226562 -0.031585693359375 0.084991455078125 0.3109130859375
0.09954833984375 -0.170944213867188 0.240142822265625 0.207733154296875
-0.0320281982421875 -0.252105712890625 0.219161987304687 0.125839233398437
-0.212554931640625 -0.166107177734375 0.205810546875 0.120635986328125
-0.244598388671875 -0.0578765869140625 0.2364501953125 0.09490966796875
-0.212249755859375 -0.07196044921875 0.218399047851563 0.09991455078125
-0.23577880859375 -0.0699920654296875 0.158584594726562 0.0969696044921875
-0.18414306640625 -0.15130615234375 0.0933151245117187 0.0842742919921875
-0.0595703125 -0.236373901367188 0.0761795043945313 -0.00914764404296876
0.101715087890625 -0.197402954101563 0.0980911254882813 -0.118759155273438
0.1728515625 -0.03814697265625 0.22967529296875 -0.221694946289062
0.0163650512695313 -0.0319194793701172 0.420501708984375 -0.263214111328125
-0.0164947509765625 -0.192306518554688 0.3834228515625 -0.107452392578125
-0.228530883789063 -0.0485992431640625 0.30572509765625 -0.280792236328125
-0.110610961914062 0.105072021484375 -0.00320172309875489 0.00292420387268067
0.1104736328125 0.109481811523438 0.100006103515625 0.237152099609375
0.129638671875 -0.066009521484375 0.20361328125 0.185684204101562
0.00837707519531251 -0.149383544921875 0.20947265625 0.165359497070313
-0.130653381347656 -0.0929107666015625 0.2613525390625 0.147689819335938
-0.143035888671875 -0.0145263671875 0.3101806640625 0.0833740234375
-0.131942749023438 -0.0177536010742187 0.275970458984375 0.0772705078125
-0.160980224609375 -0.019561767578125 0.225418090820312 0.0877838134765625
-0.138603210449219 -0.093353271484375 0.151458740234375 0.102264404296875
-0.026397705078125 -0.151382446289063 0.0984115600585938 0.0334396362304687
0.102066040039062 -0.0696487426757812 0.099334716796875 -0.0869140625
0.0501022338867187 0.0966796875 0.248886108398437 -0.220733642578125
-0.149948120117187 0.062469482421875 0.48260498046875 -0.2545166015625
-0.19622802734375 -0.129150390625 0.404022216796875 -0.13287353515625
0.3656005859375 0.023468017578125 -0.325042724609375 0.130584716796875
0.243850708007812 -0.131332397460937 -0.501434326171875 0.260101318359375
0.0706024169921875 -0.190826416015625 -0.18353271484375 0.263626098632813
-0.0561904907226563 -0.07794189453125 -0.0469818115234375 0.0942916870117188
-0.0186939239501953 0.0264015197753906 -0.0658187866210938 -0.0642280578613281
0.0702590942382813 0.02008056640625 -0.168502807617188 -0.0908966064453125
0.0557899475097656 -0.03533935546875 -0.271286010742188 -0.0447998046875
0.0328826904296875 -0.0457000732421875 -0.2869873046875 -0.03289794921875
0.0332145690917969 -0.0351448059082031 -0.31982421875 -0.05682373046875
0.0296173095703125 0.00884246826171875 -0.288787841796875 -0.145843505859375
-0.0327339172363281 0.038238525390625 -0.214370727539063 -0.169235229492187
-0.124519348144531 -0.0438308715820313 -0.160888671875 -0.172225952148438
-0.0588836669921875 -0.206146240234375 -0.0769805908203125 -0.181533813476562
0.127151489257812 -0.2529296875 -0.0475425720214844 -0.0443954467773438
0.28070068359375 -0.0961456298828125 -0.318939208984375 0.2109375
0.432373046875 -0.08355712890625 -0.231613159179687 0.120925903320313
0.320831298828125 -0.193695068359375 -0.503753662109375 0.2491455078125
0.168670654296875 -0.2982177734375 -0.18292236328125 0.3350830078125
-0.026763916015625 -0.213607788085937 0.001129150390625 0.144058227539063
-0.0526580810546875 -0.10699462890625 -0.03106689453125 -0.0643348693847656
-0.0246849060058594 -0.05780029296875 -0.174774169921875 -0.08001708984375
-0.0564804077148438 -0.0706558227539063 -0.269561767578125 -0.013214111328125
-0.0707168579101562 -0.0940628051757813 -0.261749267578125 0.00450134277343747
-0.0849075317382813 -0.0813980102539062 -0.30126953125 -0.0291748046875
-0.0608444213867188 -0.0772018432617188 -0.277191162109375 -0.127685546875
-0.0727691650390625 -0.0874176025390625 -0.194229125976563 -0.180679321289062
-0.104766845703125 -0.164947509765625 -0.131256103515625 -0.1943359375
0.020294189453125 -0.29132080078125 -0.0464019775390625 -0.186691284179688
0.180267333984375 -0.33856201171875 -0.034820556640625 -0.0708541870117188
0.35955810546875 -0.213623046875 -0.240676879882812 0.179000854492188
0.43267822265625 -0.20794677734375 -0.109138488769531 0.0890960693359375
0.31671142578125 -0.265777587890625 -0.466552734375 0.226806640625
0.200439453125 -0.37432861328125 -0.165771484375 0.404998779296875
-0.01300048828125 -0.32000732421875 0.0649261474609375 0.2110595703125
-0.088043212890625 -0.231903076171875 0.027069091796875 -0.0369110107421875
-0.127777099609375 -0.133651733398437 -0.141677856445313 -0.050872802734375
-0.167587280273438 -0.0975341796875 -0.220474243164063 0.02130126953125
-0.162826538085938 -0.130218505859375 -0.196029663085938 0.0412750244140625
-0.185165405273437 -0.118515014648438 -0.238662719726563 0.00488281249999994
-0.136611938476562 -0.150604248046875 -0.22882080078125 -0.090301513671875
-0.103286743164063 -0.203353881835938 -0.154998779296875 -0.173599243164062
-0.0695953369140625 -0.277450561523438 -0.094970703125 -0.212081909179688
0.11505126953125 -0.349853515625 -0.000961303710937487 -0.210525512695313
0.230987548828125 -0.372711181640625 0.0185699462890625 -0.122451782226563
0.3963623046875 -0.285491943359375 -0.122787475585937 0.1182861328125
0.36553955078125 -0.315032958984375 0.0214881896972656 0.0274276733398437
0.240692138671875 -0.321533203125 -0.392730712890625 0.1929931640625
0.16986083984375 -0.394073486328125 -0.11639404296875 0.443695068359375
-0.014190673828125 -0.367401123046875 0.141021728515625 0.259719848632813
-0.114837646484375 -0.316864013671875 0.0991592407226563 0.00363159179687498
-0.21514892578125 -0.190048217773437 -0.06884765625 -0.0092887878417969
-0.2584228515625 -0.11090087890625 -0.127799987792969 0.0536041259765625
-0.231216430664062 -0.14599609375 -0.100288391113281 0.0731277465820312
-0.253616333007813 -0.135604858398437 -0.14544677734375 0.0406951904296875
-0.188201904296875 -0.197280883789063 -0.152999877929688 -0.042266845703125
-0.11798095703125 -0.283721923828125 -0.09649658203125 -0.146957397460938
-0.026519775390625 -0.350189208984375 -0.046051025390625 -0.2152099609375
0.199371337890625 -0.359100341796875 0.0552825927734375 -0.235946655273438
0.2579345703125 -0.34844970703125 0.104110717773438 -0.186538696289063
0.38092041015625 -0.31024169921875 0.0205192565917969 0.0477256774902344
0.240386962890625 -0.363128662109375 0.140205383300781 -0.0642242431640625
0.12481689453125 -0.310028076171875 -0.293853759765625 0.144744873046875
0.120330810546875 -0.328399658203125 -0.040557861328125 0.43505859375
-0.00109863281249997 -0.33941650390625 0.208404541015625 0.267181396484375
-0.113555908203125 -0.3414306640625 0.164031982421875 0.0438690185546875
-0.2613525390625 -0.213607788085938 0.0256843566894531 0.0363998413085937
-0.30523681640625 -0.10601806640625 -0.00555419921875002 0.0775527954101563
-0.263092041015625 -0.139129638671875 0.0128097534179687 0.0938262939453125
-0.281982421875 -0.1309814453125 -0.0373497009277344 0.0699882507324219
-0.208816528320313 -0.207061767578125 -0.0640182495117188 0.00760650634765623
-0.11016845703125 -0.310302734375 -0.0297012329101562 -0.107231140136719
0.02496337890625 -0.354949951171875 0.0113677978515625 -0.1976318359375
0.246246337890625 -0.300506591796875 0.120498657226563 -0.2454833984375
0.237350463867188 -0.26629638671875 0.210800170898438 -0.236968994140625
0.298736572265625 -0.290863037109375 0.168075561523438 -0.0193023681640625
0.080230712890625 -0.32452392578125 0.229629516601563 -0.162429809570313
0.0148773193359375 -0.2095947265625 -0.183303833007813 0.0895538330078124
0.099273681640625 -0.191436767578125 0.03558349609375 0.376495361328125
0.041107177734375 -0.263015747070313 0.241989135742188 0.235427856445313
-0.08148193359375 -0.312957763671875 0.201980590820312 0.080780029296875
-0.257110595703125 -0.2005615234375 0.121528625488281 0.0809783935546875
-0.29705810546875 -0.083404541015625 0.12152099609375 0.0902557373046875
-0.254562377929688 -0.110443115234375 0.122856140136719 0.100860595703125
-0.272171020507813 -0.104034423828125 0.0673828125 0.0878219604492188
-0.203750610351563 -0.18511962890625 0.0212173461914062 0.050445556640625
-0.088531494140625 -0.2847900390625 0.0308685302734375 -0.0587921142578125
0.070220947265625 -0.29443359375 0.062896728515625 -0.160110473632813
0.237472534179688 -0.18206787109375 0.17816162109375 -0.2322998046875
0.153182983398438 -0.14593505859375 0.315338134765625 -0.258880615234375
0.157821655273438 -0.244918823242187 0.29156494140625 -0.07049560546875
-0.08135986328125 -0.206100463867188 0.28021240234375 -0.240631103515625
-0.0618896484375 -0.0530052185058594 -0.0803451538085938 0.0375747680664062
0.107414245605469 -0.0344085693359375 0.087738037109375 0.295867919921875
0.09356689453125 -0.168228149414063 0.232803344726563 0.195175170898438
-0.0365447998046875 -0.24609375 0.210952758789063 0.119461059570312
-0.2083740234375 -0.1563720703125 0.199966430664062 0.119186401367187
-0.2374267578125 -0.0494537353515625 0.229278564453125 0.0901336669921875
-0.207595825195313 -0.066986083984375 0.212265014648438 0.0925445556640625
-0.227920532226563 -0.0634613037109375 0.1556396484375 0.09210205078125
-0.179168701171875 -0.141311645507813 0.0933303833007812 0.0812835693359375
-0.06097412109375 -0.2261962890625 0.0749282836914063 -0.0101394653320313
0.0955657958984375 -0.192214965820313 0.092132568359375 -0.115638732910156
0.167404174804688 -0.039825439453125 0.2156982421875 -0.213607788085938
0.0160331726074219 -0.0273647308349609 0.403350830078125 -0.257293701171875
-0.0169677734375 -0.186965942382813 0.3704833984375 -0.10638427734375
-0.220565795898438 -0.0449981689453125 0.289581298828125 -0.2781982421875
-0.106292724609375 0.103431701660156 -0.00590276718139649 0.00115537643432618
0.109443664550781 0.102859497070312 0.101089477539063 0.224578857421875
0.123847961425781 -0.0683059692382812 0.196136474609375 0.174560546875
0.00314331054687502 -0.146148681640625 0.201904296875 0.15887451171875
-0.12957763671875 -0.0863037109375 0.254257202148438 0.144149780273437
-0.139373779296875 -0.00862884521484372 0.29962158203125 0.077117919921875
-0.129539489746094 -0.0153350830078125 0.267425537109375 0.070526123046875
-0.15606689453125 -0.0161285400390625 0.219741821289063 0.0820159912109375
-0.135398864746094 -0.0855026245117188 0.149795532226562 0.097442626953125
-0.029388427734375 -0.145660400390625 0.0966873168945312 0.0308837890625
0.0966110229492188 -0.070343017578125 0.0934295654296875 -0.0833282470703125
0.0506515502929688 0.0918807983398438 0.234329223632813 -0.213134765625
-0.142227172851563 0.06353759765625 0.46429443359375 -0.24945068359375
-0.190887451171875 -0.123916625976563 0.39178466796875 -0.13018798828125
0.36297607421875 0.02386474609375 -0.323822021484375 0.12481689453125
0.241928100585937 -0.127288818359375 -0.496124267578125 0.252899169921875
0.07012939453125 -0.187271118164063 -0.1824951171875 0.256378173828125
-0.05596923828125 -0.0746307373046875 -0.0476226806640625 0.0904769897460938
-0.0172348022460938 0.0285263061523438 -0.0667152404785156 -0.0667381286621094
0.0727767944335938 0.0181655883789063 -0.167495727539063 -0.0927581787109375
0.0578041076660156 -0.0385322570800781 -0.267578125 -0.0439300537109375
0.0334587097167969 -0.0470390319824219 -0.281402587890625 -0.0324096679687499
0.0330696105957031 -0.0376167297363281 -0.314910888671875 -0.0568847656250001
0.0326499938964844 0.00620841979980469 -0.284515380859375 -0.14630126953125
-0.0287628173828125 0.0370826721191406 -0.209991455078125 -0.170562744140625
-0.123069763183594 -0.0416107177734375 -0.156951904296875 -0.170730590820313
-0.0571746826171875 -0.202362060546875 -0.0738067626953125 -0.178298950195313
0.125259399414063 -0.248489379882813 -0.0465583801269531 -0.0437240600585938
0.280990600585938 -0.093994140625 -0.314666748046875 0.208526611328125
0.43096923828125 -0.08270263671875 -0.231536865234375 0.116455078125
0.3204345703125 -0.188018798828125 -0.497589111328125 0.24310302734375
0.167724609375 -0.2928466796875 -0.182342529296875 0.32696533203125
-0.025146484375 -0.208465576171875 -0.000190734863281244 0.139381408691406
-0.0512008666992188 -0.103759765625 -0.0333442687988281 -0.0666160583496094
-0.0202522277832031 -0.0588493347167969 -0.173629760742188 -0.0809173583984375
-0.0513763427734375 -0.0725784301757813 -0.2647705078125 -0.011383056640625
-0.0686492919921875 -0.0955657958984375 -0.256683349609375 0.00457763671875004
-0.08331298828125 -0.082916259765625 -0.29534912109375 -0.028717041015625
-0.0558090209960938 -0.0787429809570313 -0.2733154296875 -0.127532958984375
-0.0683212280273437 -0.0871124267578125 -0.190872192382812 -0.181930541992188
-0.102630615234375 -0.162521362304688 -0.12847900390625 -0.192901611328125
0.021942138671875 -0.28680419921875 -0.0442047119140625 -0.182815551757813
0.178375244140625 -0.3311767578125 -0.0338821411132813 -0.0686988830566406
0.359466552734375 -0.21044921875 -0.2364501953125 0.176925659179687
0.43267822265625 -0.20458984375 -0.108940124511719 0.086395263671875
0.31719970703125 -0.260589599609375 -0.4608154296875 0.22113037109375
0.199310302734375 -0.3704833984375 -0.16583251953125 0.396484375
-0.01092529296875 -0.3133544921875 0.0632171630859375 0.205856323242187
-0.0862579345703125 -0.229446411132813 0.0235061645507812 -0.0393218994140625
-0.122177124023437 -0.134353637695312 -0.140541076660156 -0.0515213012695313
-0.161773681640625 -0.098419189453125 -0.216583251953125 0.0240936279296875
-0.16015625 -0.131683349609375 -0.192474365234375 0.04046630859375
-0.181915283203125 -0.118637084960938 -0.234359741210938 0.00569152832031253
-0.130767822265625 -0.151824951171875 -0.224655151367188 -0.08978271484375
-0.097991943359375 -0.202117919921875 -0.15179443359375 -0.175216674804688
-0.06768798828125 -0.274368286132813 -0.0933990478515625 -0.210906982421875
0.11663818359375 -0.346649169921875 0.000671386718750002 -0.205902099609375
0.22906494140625 -0.36407470703125 0.0192031860351563 -0.118698120117188
0.398101806640625 -0.281402587890625 -0.120384216308594 0.117523193359375
0.366943359375 -0.3123779296875 0.0214691162109375 0.02545166015625
0.241729736328125 -0.3177490234375 -0.388824462890625 0.18853759765625
0.169769287109375 -0.39154052734375 -0.117279052734375 0.435882568359375
-0.011505126953125 -0.36102294921875 0.137832641601563 0.254608154296875
-0.113861083984375 -0.314544677734375 0.0946044921875 0.00106811523437498
-0.209320068359375 -0.189849853515625 -0.0692520141601563 -0.00894546508789064
-0.251678466796875 -0.10986328125 -0.125312805175781 0.054901123046875
-0.228256225585938 -0.147048950195313 -0.09759521484375 0.0716171264648438
-0.248947143554688 -0.135162353515625 -0.1414794921875 0.0410919189453125
-0.181304931640625 -0.196075439453125 -0.148788452148438 -0.0418548583984375
-0.113235473632813 -0.279937744140625 -0.094512939453125 -0.148269653320313
-0.02496337890625 -0.346923828125 -0.0455474853515625 -0.213546752929688
0.19940185546875 -0.356597900390625 0.0558013916015625 -0.229873657226563
0.257415771484375 -0.339263916015625 0.104248046875 -0.181320190429688
0.37994384765625 -0.307586669921875 0.022125244140625 0.0483665466308593
0.242889404296875 -0.360687255859375 0.139328002929688 -0.0651473999023438
0.1265869140625 -0.306732177734375 -0.291351318359375 0.1400146484375
0.120819091796875 -0.32733154296875 -0.042083740234375 0.42657470703125
0.000732421875000009 -0.336639404296875 0.204833984375 0.261306762695313
-0.11395263671875 -0.340576171875 0.158584594726562 0.042083740234375
-0.256423950195313 -0.21270751953125 0.02508544921875 0.0388259887695312
-0.2987060546875 -0.1036376953125 -0.00473022460937501 0.0791244506835938
-0.260787963867188 -0.138717651367188 0.01397705078125 0.0914459228515625
-0.276901245117187 -0.130218505859375 -0.0346450805664063 0.0702095031738281
-0.202957153320313 -0.205307006835938 -0.0605049133300781 0.00789642333984373
-0.1068115234375 -0.3062744140625 -0.0283966064453125 -0.1083984375
0.02508544921875 -0.352630615234375 0.0111083984375 -0.19549560546875
0.246673583984375 -0.29840087890625 0.1182861328125 -0.238784790039063
0.236083984375 -0.257171630859375 0.209503173828125 -0.231216430664063
0.299102783203125 -0.29022216796875 0.167877197265625 -0.0173797607421875
0.0838623046875 -0.321868896484375 0.22845458984375 -0.162216186523438
0.0158843994140625 -0.207122802734375 -0.182357788085938 0.0864410400390625
0.0995635986328125 -0.19097900390625 0.03582763671875 0.369415283203125
0.042205810546875 -0.26116943359375 0.236968994140625 0.229690551757812
-0.082366943359375 -0.313446044921875 0.196258544921875 0.0800933837890625
-0.253402709960938 -0.198867797851562 0.119941711425781 0.0844345092773438
-0.29248046875 -0.080657958984375 0.120391845703125 0.0912628173828125
-0.253173828125 -0.110519409179688 0.122406005859375 0.0980148315429688
-0.268112182617187 -0.1029052734375 0.069000244140625 0.0884628295898438
-0.199371337890625 -0.182296752929688 0.0236091613769531 0.0506057739257812
-0.0863800048828125 -0.280960083007813 0.0313034057617187 -0.0601348876953125
0.06976318359375 -0.29180908203125 0.0617218017578125 -0.1575927734375
0.236770629882813 -0.18011474609375 0.174972534179688 -0.225021362304688
0.1533203125 -0.139846801757813 0.314727783203125 -0.252960205078125
0.159713745117188 -0.243682861328125 0.29083251953125 -0.067657470703125
-0.077606201171875 -0.204727172851563 0.278167724609375 -0.238372802734375
-0.0606575012207031 -0.0518035888671875 -0.0817794799804688 0.0350189208984375
0.107185363769531 -0.0354766845703125 0.086883544921875 0.290313720703125
0.0931243896484375 -0.168350219726563 0.227767944335938 0.191055297851563
-0.0388641357421875 -0.246002197265625 0.205322265625 0.119247436523438
-0.206802368164063 -0.153900146484375 0.19769287109375 0.122650146484375
-0.234848022460938 -0.0460052490234375 0.226272583007812 0.0911102294921875
-0.207077026367188 -0.06597900390625 0.209915161132813 0.09027099609375
-0.224624633789062 -0.062164306640625 0.155975341796875 0.09222412109375
-0.176071166992188 -0.137893676757813 0.0948410034179687 0.0815353393554687
-0.06036376953125 -0.222610473632813 0.0748062133789063 -0.0107879638671875
0.0948638916015625 -0.191574096679688 0.0905075073242188 -0.112289428710938
0.1668701171875 -0.0395660400390625 0.212142944335937 -0.2064208984375
0.0174961090087891 -0.0238590240478516 0.40032958984375 -0.251953125
-0.0154876708984375 -0.1873779296875 0.369384765625 -0.102569580078125
-0.21673583984375 -0.04559326171875 0.286163330078125 -0.275238037109375
-0.106285095214844 0.102806091308594 -0.00846958160400391 -0.000543117523193354
0.108894348144531 0.100181579589844 0.099853515625 0.219268798828125
0.120941162109375 -0.0700607299804688 0.191818237304688 0.170745849609375
0.000793457031250012 -0.147186279296875 0.197830200195313 0.159591674804688
-0.129959106445312 -0.0841064453125 0.2510986328125 0.147705078125
-0.139022827148437 -0.00521850585937501 0.295074462890625 0.078582763671875
-0.130340576171875 -0.01416015625 0.263626098632813 0.06903076171875
-0.154739379882813 -0.0150909423828125 0.218460083007812 0.082122802734375
-0.134719848632813 -0.0823822021484375 0.150344848632813 0.097991943359375
-0.031280517578125 -0.143325805664063 0.096771240234375 0.0309219360351562
0.0955810546875 -0.071197509765625 0.0922393798828125 -0.0803604125976563
0.05108642578125 0.08935546875 0.230728149414063 -0.2073974609375
-0.139533996582031 0.0636520385742188 0.46014404296875 -0.24334716796875
-0.188552856445313 -0.125808715820312 0.391082763671875 -0.12591552734375
0.37152099609375 0.021270751953125 -0.3310546875 0.126007080078125
0.246292114257813 -0.12957763671875 -0.5025634765625 0.25738525390625
0.0706634521484375 -0.190048217773438 -0.184066772460938 0.25689697265625
-0.05706787109375 -0.072479248046875 -0.0487518310546875 0.0896835327148438
-0.0161266326904297 0.0318183898925781 -0.0701141357421875 -0.0693016052246094
0.0777664184570313 0.0160446166992188 -0.17205810546875 -0.0965576171875
0.0611457824707031 -0.0432701110839844 -0.271408081054688 -0.04168701171875
0.0342674255371094 -0.0502090454101563 -0.285064697265625 -0.029815673828125
0.0342597961425781 -0.0399513244628906 -0.318878173828125 -0.0557861328125
0.0360107421875 0.0028839111328125 -0.28985595703125 -0.148406982421875
-0.0261039733886719 0.0368576049804688 -0.213485717773438 -0.174774169921875
-0.125068664550781 -0.0403594970703125 -0.158401489257813 -0.17303466796875
-0.0585784912109375 -0.20343017578125 -0.0747833251953125 -0.17987060546875
0.125534057617188 -0.251663208007813 -0.0471229553222656 -0.04412841796875
0.287109375 -0.097259521484375 -0.317626953125 0.21600341796875
0.441650390625 -0.085693359375 -0.236221313476562 0.116928100585938
0.32647705078125 -0.190826416015625 -0.50396728515625 0.247955322265625
0.1702880859375 -0.29901123046875 -0.18524169921875 0.329986572265625
-0.0258331298828125 -0.208587646484375 -0.000778198242187498 0.139244079589844
-0.0511474609375 -0.10296630859375 -0.0370941162109375 -0.070465087890625
-0.0170822143554687 -0.061553955078125 -0.178192138671875 -0.08367919921875
-0.04876708984375 -0.0777435302734375 -0.268356323242188 -0.00819396972656252
-0.0695266723632812 -0.0994186401367187 -0.259140014648438 0.00613403320312495
-0.0840530395507813 -0.0854644775390625 -0.29888916015625 -0.026611328125
-0.053741455078125 -0.0831146240234375 -0.277252197265625 -0.12908935546875
-0.0658416748046875 -0.0888290405273438 -0.193771362304688 -0.18792724609375
-0.104034423828125 -0.163421630859375 -0.130752563476562 -0.19537353515625
0.0218505859375 -0.290771484375 -0.0437774658203125 -0.18402099609375
0.179412841796875 -0.333709716796875 -0.0348052978515625 -0.0682945251464844
0.36798095703125 -0.21661376953125 -0.23779296875 0.181640625
0.4437255859375 -0.21160888671875 -0.11102294921875 0.0864410400390625
0.3243408203125 -0.26483154296875 -0.46722412109375 0.224945068359375
0.201568603515625 -0.37762451171875 -0.167510986328125 0.4010009765625
-0.011749267578125 -0.317138671875 0.0638275146484375 0.206375122070313
-0.0892486572265625 -0.23175048828125 0.0204696655273437 -0.0429878234863281
-0.12091064453125 -0.137359619140625 -0.144790649414063 -0.052154541015625
-0.160812377929688 -0.102386474609375 -0.218978881835938 0.02667236328125
-0.163681030273438 -0.134613037109375 -0.193832397460938 0.0418853759765625
-0.184417724609375 -0.120880126953125 -0.235977172851563 0.00871276855468751
-0.129898071289062 -0.15576171875 -0.227005004882813 -0.09063720703125
-0.097747802734375 -0.204910278320313 -0.154998779296875 -0.180221557617188
-0.069488525390625 -0.27789306640625 -0.09527587890625 -0.214141845703125
0.118377685546875 -0.35205078125 0.00128173828124999 -0.20721435546875
0.23138427734375 -0.365142822265625 0.0195159912109375 -0.119163513183594
0.406341552734375 -0.289947509765625 -0.118766784667969 0.120849609375
0.37615966796875 -0.321441650390625 0.0215129852294922 0.023895263671875
0.24786376953125 -0.3223876953125 -0.394317626953125 0.19024658203125
0.170928955078125 -0.40130615234375 -0.11895751953125 0.441162109375
-0.013275146484375 -0.366119384765625 0.13958740234375 0.25469970703125
-0.1187744140625 -0.319671630859375 0.0926742553710937 -0.00212860107421877
-0.211349487304688 -0.193161010742187 -0.0715103149414063 -0.00846099853515626
-0.252670288085938 -0.110763549804687 -0.125762939453125 0.0585250854492188
-0.234222412109375 -0.14862060546875 -0.0970230102539063 0.0721206665039062
-0.253250122070313 -0.13629150390625 -0.140975952148438 0.044097900390625
-0.182037353515625 -0.200973510742188 -0.149139404296875 -0.0416717529296875
-0.113494873046875 -0.28399658203125 -0.0967864990234375 -0.1534423828125
-0.02630615234375 -0.352294921875 -0.0480499267578125 -0.216583251953125
0.203521728515625 -0.36370849609375 0.0567169189453125 -0.231063842773438
0.261199951171875 -0.340911865234375 0.105636596679688 -0.182266235351563
0.38848876953125 -0.31622314453125 0.02520751953125 0.0496368408203125
0.248748779296875 -0.370635986328125 0.141494750976563 -0.0693511962890625
0.129364013671875 -0.312286376953125 -0.295501708984375 0.141571044921875
0.12115478515625 -0.33453369140625 -0.041290283203125 0.43011474609375
0.000213623046875002 -0.342193603515625 0.207382202148438 0.260818481445313
-0.119415283203125 -0.34820556640625 0.15777587890625 0.0393829345703125
-0.260055541992188 -0.21490478515625 0.0258636474609375 0.04144287109375
-0.30120849609375 -0.10296630859375 -0.00344848632812502 0.0813827514648438
-0.266799926757813 -0.139663696289062 0.0154876708984375 0.0911331176757812
-0.281829833984375 -0.129913330078125 -0.0318222045898438 0.0728073120117187
-0.203811645507812 -0.208511352539063 -0.0588760375976563 0.0089569091796875
-0.107940673828125 -0.309600830078125 -0.0295486450195313 -0.111671447753906
0.024139404296875 -0.358673095703125 0.00892639160156252 -0.19781494140625
0.2503662109375 -0.305023193359375 0.12017822265625 -0.238815307617188
0.2401123046875 -0.258407592773438 0.212478637695313 -0.233169555664063
0.3056640625 -0.297943115234375 0.173736572265625 -0.0168914794921875
0.08709716796875 -0.329803466796875 0.230804443359375 -0.169036865234375
0.0163116455078125 -0.210800170898438 -0.186279296875 0.08660888671875
0.101211547851563 -0.196914672851563 0.037353515625 0.371307373046875
0.0426177978515625 -0.2674560546875 0.239715576171875 0.228927612304687
-0.088531494140625 -0.31964111328125 0.196945190429688 0.0789337158203125
-0.2581787109375 -0.200424194335938 0.12286376953125 0.0882568359375
-0.29534912109375 -0.077911376953125 0.122802734375 0.0933303833007813
-0.259307861328125 -0.110244750976562 0.124885559082031 0.0970535278320313
-0.27178955078125 -0.102127075195312 0.0729827880859375 0.0902175903320313
-0.201141357421875 -0.183334350585938 0.0274200439453125 0.0523910522460937
-0.0882568359375 -0.283294677734375 0.0315742492675781 -0.0621490478515625
0.06915283203125 -0.2979736328125 0.0612335205078125 -0.159088134765625
0.241622924804688 -0.184906005859375 0.176956176757813 -0.225082397460938
0.15679931640625 -0.138824462890625 0.317535400390625 -0.25579833984375
0.161697387695313 -0.25091552734375 0.297882080078125 -0.068817138671875
-0.07794189453125 -0.209320068359375 0.280166625976563 -0.246597290039063
-0.0625724792480469 -0.0521202087402344 -0.0857315063476563 0.0345001220703125
0.110198974609375 -0.038299560546875 0.090057373046875 0.289581298828125
0.0933074951171875 -0.173263549804688 0.2301025390625 0.190017700195313
-0.0443115234375 -0.25213623046875 0.206878662109375 0.120590209960937
-0.212066650390625 -0.154434204101563 0.202056884765625 0.1268310546875
-0.237701416015625 -0.0421905517578125 0.229904174804687 0.0923614501953125
-0.212493896484375 -0.064727783203125 0.213836669921875 0.088958740234375
-0.229354858398437 -0.0605621337890625 0.16162109375 0.09295654296875
-0.178939819335937 -0.137802124023438 0.0994110107421875 0.0835800170898437
-0.0630340576171875 -0.225341796875 0.0758895874023438 -0.0113372802734375
0.09490966796875 -0.19598388671875 0.0900955200195313 -0.112998962402344
0.170883178710938 -0.04217529296875 0.212753295898438 -0.205902099609375
0.0194931030273438 -0.0213108062744141 0.405181884765625 -0.256317138671875
-0.0164031982421875 -0.192276000976563 0.377166748046875 -0.10369873046875
-0.219619750976563 -0.046234130859375 0.288055419921875 -0.282562255859375
-0.108932495117188 0.106201171875 -0.0110912322998047 -0.00189018249511718
0.112319946289063 0.0993804931640625 0.102462768554688 0.218231201171875
0.120826721191406 -0.0740585327148438 0.192916870117187 0.17047119140625
-0.0039215087890625 -0.15087890625 0.200592041015625 0.163177490234375
-0.135154724121094 -0.0824966430664063 0.25677490234375 0.15191650390625
-0.14190673828125 -0.000671386718749986 0.299224853515625 0.07794189453125
-0.13427734375 -0.0115280151367187 0.26776123046875 0.0681304931640625
-0.158035278320313 -0.01318359375 0.225051879882813 0.08184814453125
-0.137916564941406 -0.08062744140625 0.155776977539063 0.0992431640625
-0.033935546875 -0.145431518554688 0.0992431640625 0.0314102172851562
0.095733642578125 -0.0746536254882813 0.0928573608398437 -0.07977294921875
0.0537261962890625 0.08929443359375 0.231201171875 -0.208160400390625
-0.140037536621094 0.06683349609375 0.466033935546875 -0.24822998046875
-0.193115234375 -0.128875732421875 0.397918701171875 -0.128173828125
0.382904052734375 0.009429931640625 -0.338226318359375 0.1368408203125
0.250900268554688 -0.139358520507813 -0.507354736328125 0.277618408203125
0.0664520263671875 -0.197555541992188 -0.181167602539063 0.264938354492188
-0.0607414245605469 -0.0700759887695313 -0.0485610961914063 0.0912322998046875
-0.0127792358398438 0.0357742309570313 -0.0769271850585938 -0.070709228515625
0.083465576171875 0.0117034912109375 -0.182144165039063 -0.0960235595703125
0.0638389587402344 -0.0513572692871094 -0.278594970703125 -0.0333709716796876
0.0350303649902344 -0.0553855895996094 -0.291351318359375 -0.0207214355468751
0.0345497131347656 -0.0442390441894531 -0.328521728515625 -0.047271728515625
0.0401573181152344 -0.0022125244140625 -0.301177978515625 -0.14520263671875
-0.0227012634277344 0.0376815795898438 -0.223663330078125 -0.175765991210938
-0.128608703613281 -0.0353012084960938 -0.16607666015625 -0.1728515625
-0.065582275390625 -0.205673217773437 -0.080230712890625 -0.182083129882813
0.1204833984375 -0.260604858398438 -0.0498542785644531 -0.0433921813964844
0.29400634765625 -0.109466552734375 -0.31597900390625 0.2314453125
0.452789306640625 -0.103057861328125 -0.240280151367187 0.125656127929688
0.332916259765625 -0.205535888671875 -0.509307861328125 0.26727294921875
0.165252685546875 -0.31341552734375 -0.180084228515625 0.340362548828125
-0.032135009765625 -0.211135864257813 0.00279998779296876 0.140113830566406
-0.0540618896484375 -0.101860046386719 -0.0437164306640625 -0.073455810546875
-0.0155105590820313 -0.065338134765625 -0.188064575195313 -0.0819091796875
-0.0501708984375 -0.08282470703125 -0.275222778320313 0.00132751464843751
-0.0741958618164062 -0.102020263671875 -0.264556884765625 0.0153045654296875
-0.0876007080078125 -0.0869979858398438 -0.30615234375 -0.016815185546875
-0.0548629760742187 -0.0875473022460938 -0.28717041015625 -0.1240234375
-0.0670394897460938 -0.0906143188476562 -0.204696655273438 -0.188552856445312
-0.11114501953125 -0.163909912109375 -0.139511108398437 -0.197158813476563
0.01446533203125 -0.298858642578125 -0.0482330322265625 -0.186721801757813
0.174530029296875 -0.34674072265625 -0.0367584228515625 -0.0678977966308594
0.3739013671875 -0.2347412109375 -0.236007690429687 0.194732666015625
0.451904296875 -0.23260498046875 -0.111923217773437 0.0911178588867188
0.328033447265625 -0.282257080078125 -0.47247314453125 0.243865966796875
0.195953369140625 -0.396209716796875 -0.16156005859375 0.41180419921875
-0.020111083984375 -0.32354736328125 0.07061767578125 0.207077026367187
-0.099090576171875 -0.233261108398438 0.0155143737792969 -0.0475425720214844
-0.125373840332031 -0.139045715332031 -0.152801513671875 -0.050506591796875
-0.165634155273438 -0.102706909179687 -0.222885131835938 0.0363616943359375
-0.172317504882813 -0.134841918945313 -0.195968627929688 0.0490875244140625
-0.1922607421875 -0.119491577148438 -0.2392578125 0.01800537109375
-0.135223388671875 -0.159713745117188 -0.233963012695312 -0.0865020751953125
-0.103164672851562 -0.208587646484375 -0.164993286132813 -0.182449340820312
-0.07904052734375 -0.28277587890625 -0.104217529296875 -0.216690063476563
0.11181640625 -0.365631103515625 -0.00244140625000001 -0.210418701171875
0.2286376953125 -0.379058837890625 0.0175628662109375 -0.121292114257813
0.411773681640625 -0.31304931640625 -0.115608215332031 0.128532409667969
0.37945556640625 -0.34521484375 0.0238876342773438 0.0224189758300781
0.246429443359375 -0.3394775390625 -0.399566650390625 0.206085205078125
0.163482666015625 -0.417510986328125 -0.11004638671875 0.453094482421875
-0.02264404296875 -0.375396728515625 0.149688720703125 0.254165649414063
-0.133544921875 -0.32391357421875 0.09051513671875 -0.00717926025390627
-0.220932006835938 -0.192596435546875 -0.0751419067382813 -0.00563812255859376
-0.259902954101563 -0.107818603515625 -0.126518249511719 0.0656280517578125
-0.24560546875 -0.146728515625 -0.0970687866210938 0.0762710571289062
-0.262420654296875 -0.132537841796875 -0.140495300292969 0.05120849609375
-0.190536499023437 -0.202423095703125 -0.152191162109375 -0.0382232666015625
-0.123321533203125 -0.288360595703125 -0.104339599609375 -0.156204223632813
-0.037811279296875 -0.361541748046875 -0.0562286376953125 -0.220657348632813
0.1983642578125 -0.381988525390625 0.0537109375 -0.235580444335938
0.260009765625 -0.356475830078125 0.104385375976563 -0.188201904296875
0.39251708984375 -0.339508056640625 0.0304412841796875 0.0511589050292969
0.246917724609375 -0.391387939453125 0.143417358398438 -0.0775299072265625
0.12451171875 -0.32452392578125 -0.300262451171875 0.153564453125
0.114471435546875 -0.350311279296875 -0.03094482421875 0.4400634765625
-0.00961303710937504 -0.352752685546875 0.218826293945313 0.258102416992188
-0.13653564453125 -0.355072021484375 0.159774780273437 0.03424072265625
-0.273605346679688 -0.213134765625 0.0267372131347656 0.0430526733398437
-0.310089111328125 -0.096099853515625 -0.000885009765625022 0.0852203369140625
-0.2806396484375 -0.135208129882813 0.0188980102539062 0.0913467407226562
-0.293121337890625 -0.12384033203125 -0.0273590087890625 0.0765380859375
-0.213363647460938 -0.208648681640625 -0.0567474365234375 0.0112838745117187
-0.118927001953125 -0.314666748046875 -0.0338211059570313 -0.115531921386719
0.01318359375 -0.369598388671875 0.00340270996093752 -0.202651977539063
0.249969482421875 -0.323272705078125 0.117294311523438 -0.244644165039063
0.241058349609375 -0.26812744140625 0.2119140625 -0.24346923828125
0.3070068359375 -0.3175048828125 0.18109130859375 -0.0217437744140625
0.0823974609375 -0.344879150390625 0.231964111328125 -0.182891845703125
0.0104522705078125 -0.2164306640625 -0.19134521484375 0.0928192138671875
0.098480224609375 -0.20745849609375 0.048675537109375 0.376129150390625
0.0355987548828125 -0.27691650390625 0.250152587890625 0.224212646484375
-0.105224609375 -0.3280029296875 0.2020263671875 0.0746002197265625
-0.271682739257812 -0.197357177734375 0.128334045410156 0.0887985229492188
-0.303802490234375 -0.0692138671874999 0.129379272460937 0.0926742553710938
-0.272109985351563 -0.10345458984375 0.130622863769531 0.0937576293945313
-0.2825927734375 -0.095458984375 0.0810089111328125 0.0900497436523437
-0.209686279296875 -0.18243408203125 0.0327568054199219 0.0525970458984375
-0.098419189453125 -0.287506103515625 0.0300483703613281 -0.0650901794433594
0.0615234375 -0.309112548828125 0.056976318359375 -0.163864135742188
0.24334716796875 -0.199554443359375 0.175094604492188 -0.231903076171875
0.158905029296875 -0.143661499023438 0.319061279296875 -0.27032470703125
0.159423828125 -0.265289306640625 0.30645751953125 -0.0784912109375
-0.085052490234375 -0.21490478515625 0.2789306640625 -0.266067504882813
-0.0660285949707031 -0.0506591796875 -0.089385986328125 0.0367431640625
0.112823486328125 -0.04510498046875 0.100433349609375 0.2904052734375
0.0899505615234375 -0.18316650390625 0.238174438476563 0.184234619140625
-0.0574493408203125 -0.2593994140625 0.214126586914062 0.11767578125
-0.2237548828125 -0.150527954101563 0.212112426757812 0.127716064453125
-0.244430541992187 -0.0330352783203125 0.238418579101562 0.08819580078125
-0.222412109375 -0.0579071044921875 0.2215576171875 0.083038330078125
-0.237640380859375 -0.053314208984375 0.171600341796875 0.0897064208984375
-0.1875 -0.134918212890625 0.107826232910156 0.082611083984375
-0.071868896484375 -0.228225708007812 0.0772476196289062 -0.013824462890625
0.09100341796875 -0.205413818359375 0.0883102416992188 -0.116195678710938
0.17547607421875 -0.049835205078125 0.211807250976563 -0.21337890625
0.0212726593017578 -0.0202350616455078 0.408203125 -0.272613525390625
-0.0231781005859375 -0.199615478515625 0.3868408203125 -0.11602783203125
-0.226593017578125 -0.0424041748046875 0.28399658203125 -0.302703857421875
-0.108963012695312 0.113296508789063 -0.015049934387207 -0.00269603729248046
0.119247436523438 0.0962295532226563 0.110855102539063 0.217376708984375
0.119720458984375 -0.081451416015625 0.199264526367188 0.166030883789062
-0.0128173828125 -0.156097412109375 0.208206176757813 0.16131591796875
-0.1434326171875 -0.0787811279296875 0.268722534179688 0.150787353515625
-0.1453857421875 0.00714111328125001 0.3092041015625 0.07177734375
-0.140419006347656 -0.0052490234375 0.27679443359375 0.06024169921875
-0.163467407226563 -0.00651550292968753 0.2369384765625 0.0753021240234375
-0.145431518554687 -0.0763397216796875 0.166152954101563 0.096893310546875
-0.041351318359375 -0.147491455078125 0.103675842285156 0.0295867919921875
0.0953369140625 -0.08087158203125 0.0926055908203125 -0.0821456909179688
0.0588150024414063 0.0888442993164063 0.229248046875 -0.21636962890625
-0.140670776367188 0.0735626220703125 0.471466064453125 -0.268341064453125
-0.204544067382813 -0.128524780273438 0.407928466796875 -0.141265869140625
0.392913818359375 -0.011993408203125 -0.337738037109375 0.15594482421875
0.248611450195313 -0.155487060546875 -0.5008544921875 0.30657958984375
0.055694580078125 -0.2052001953125 -0.169921875 0.274642944335938
-0.0640792846679688 -0.0656280517578125 -0.0447158813476562 0.0931472778320313
-0.0076751708984375 0.0400581359863281 -0.0846328735351563 -0.0691680908203125
0.0884323120117188 0.00457000732421875 -0.1929931640625 -0.0896148681640625
0.0634536743164063 -0.0612030029296875 -0.2835693359375 -0.0164794921875
0.0333213806152344 -0.0608978271484375 -0.296356201171875 -0.00335693359375006
0.0337638854980469 -0.0493965148925781 -0.3350830078125 -0.028472900390625
0.0425300598144531 -0.00830841064453125 -0.31463623046875 -0.13165283203125
-0.0175628662109375 0.0384750366210938 -0.23590087890625 -0.169540405273437
-0.131744384765625 -0.02667236328125 -0.176132202148437 -0.166763305664063
-0.0777435302734375 -0.205169677734375 -0.089691162109375 -0.1807861328125
0.1080322265625 -0.270553588867187 -0.0526237487792969 -0.041259765625
0.296051025390625 -0.128204345703125 -0.305511474609375 0.25408935546875
0.456329345703125 -0.131103515625 -0.237777709960937 0.139175415039062
0.329833984375 -0.2264404296875 -0.503143310546875 0.296173095703125
0.14990234375 -0.3289794921875 -0.16534423828125 0.3505859375
-0.0426025390625 -0.210479736328125 0.00991058349609376 0.140457153320313
-0.0581817626953125 -0.0973052978515625 -0.0517807006835938 -0.0742416381835938
-0.0161247253417969 -0.0675163269042969 -0.198867797851563 -0.0742340087890625
-0.0534210205078125 -0.0862655639648438 -0.277206420898438 0.0186004638671875
-0.080322265625 -0.102005004882813 -0.266311645507813 0.031280517578125
-0.0926055908203125 -0.0856170654296875 -0.30963134765625 0.00228881835937501
-0.0584030151367188 -0.0896148681640625 -0.297637939453125 -0.110931396484375
-0.0698165893554688 -0.0902557373046875 -0.218246459960938 -0.182952880859375
-0.120712280273438 -0.15887451171875 -0.151123046875 -0.192398071289063
-0.000335693359374982 -0.3046875 -0.0567474365234375 -0.186676025390625
0.158935546875 -0.359039306640625 -0.0399856567382812 -0.0666084289550782
0.369476318359375 -0.261322021484375 -0.2259521484375 0.211990356445312
0.449981689453125 -0.26251220703125 -0.107658386230469 0.0975875854492188
0.3214111328125 -0.30194091796875 -0.465972900390625 0.2703857421875
0.17755126953125 -0.4151611328125 -0.142852783203125 0.424774169921875
-0.036712646484375 -0.32635498046875 0.082061767578125 0.204193115234375
-0.112823486328125 -0.229217529296875 0.00886535644531249 -0.0519065856933594
-0.132026672363281 -0.13604736328125 -0.160400390625 -0.042755126953125
-0.171463012695313 -0.099273681640625 -0.223526000976563 0.0509490966796875
-0.18267822265625 -0.129226684570313 -0.195358276367188 0.060577392578125
-0.200103759765625 -0.111618041992187 -0.239028930664063 0.03265380859375
-0.144271850585938 -0.158096313476563 -0.240020751953125 -0.0753479003906251
-0.1134033203125 -0.20751953125 -0.178009033203125 -0.178482055664063
-0.09588623046875 -0.282440185546875 -0.11785888671875 -0.213851928710938
0.094635009765625 -0.379364013671875 -0.01171875 -0.21234130859375
0.212677001953125 -0.396209716796875 0.0120010375976563 -0.122215270996094
0.40264892578125 -0.34344482421875 -0.107902526855469 0.137657165527344
0.369720458984375 -0.37371826171875 0.0259513854980469 0.0201091766357422
0.23516845703125 -0.357666015625 -0.39495849609375 0.23016357421875
0.14239501953125 -0.4359130859375 -0.088409423828125 0.46221923828125
-0.042205810546875 -0.380615234375 0.163970947265625 0.247604370117187
-0.15509033203125 -0.3214111328125 0.0871505737304687 -0.0152053833007813
-0.232208251953125 -0.184417724609375 -0.0791168212890625 -0.000755310058593771
-0.268356323242188 -0.0980682373046875 -0.124198913574219 0.0755386352539063
-0.258377075195313 -0.136001586914062 -0.0938491821289063 0.0821304321289063
-0.27337646484375 -0.120361328125 -0.136482238769531 0.0605010986328125
-0.202224731445313 -0.197967529296875 -0.153244018554688 -0.030426025390625
-0.138153076171875 -0.286865234375 -0.115005493164063 -0.154266357421875
-0.05816650390625 -0.364501953125 -0.0693206787109375 -0.21990966796875
0.181121826171875 -0.399688720703125 0.0437164306640625 -0.240234375
0.24615478515625 -0.37188720703125 0.0967559814453125 -0.195327758789063
0.381683349609375 -0.369964599609375 0.0370750427246094 0.0513076782226562
0.2320556640625 -0.41552734375 0.142181396484375 -0.0887603759765625
0.10980224609375 -0.33636474609375 -0.297760009765625 0.169891357421875
0.09686279296875 -0.363555908203125 -0.00976562500000004 0.446441650390625
-0.0272216796875 -0.358184814453125 0.233566284179688 0.246658325195313
-0.162078857421875 -0.352874755859375 0.159530639648438 0.0241546630859375
-0.28924560546875 -0.201934814453125 0.0288047790527344 0.0438385009765625
-0.319183349609375 -0.08074951171875 0.00440979003906248 0.087890625
-0.2930908203125 -0.12139892578125 0.0239486694335937 0.0906829833984375
-0.30316162109375 -0.1092529296875 -0.0196304321289063 0.079254150390625
-0.226058959960938 -0.201705932617187 -0.0538673400878906 0.0142250061035156
-0.1361083984375 -0.31268310546875 -0.0413589477539063 -0.116470336914063
-0.00695800781250002 -0.376007080078125 -0.00831604003906248 -0.204727172851563
0.23822021484375 -0.343292236328125 0.107284545898438 -0.251998901367188
0.232666015625 -0.28326416015625 0.202072143554688 -0.25738525390625
0.295257568359375 -0.344146728515625 0.184906005859375 -0.031280517578125
0.0654296875 -0.358734130859375 0.224533081054687 -0.20147705078125
-0.000564575195312511 -0.220413208007813 -0.19097900390625 0.103912353515625
0.08843994140625 -0.218490600585938 0.0677490234375 0.377227783203125
0.020477294921875 -0.285186767578125 0.26275634765625 0.209762573242187
-0.1292724609375 -0.32781982421875 0.204635620117188 0.0630340576171875
-0.28765869140625 -0.184814453125 0.135513305664062 0.086456298828125
-0.310760498046875 -0.05169677734375 0.136276245117187 0.0879440307617188
-0.282989501953125 -0.088470458984375 0.136886596679687 0.0863494873046875
-0.292236328125 -0.080230712890625 0.0906753540039062 0.0861587524414063
-0.222213745117188 -0.17352294921875 0.0396919250488281 0.0516357421875
-0.115081787109375 -0.285797119140625 0.0271263122558594 -0.0685768127441406
0.044708251953125 -0.317779541015625 0.0483551025390625 -0.167800903320313
0.237518310546875 -0.21734619140625 0.165985107421875 -0.24102783203125
0.155746459960938 -0.151657104492188 0.309326171875 -0.290191650390625
0.146713256835938 -0.280715942382813 0.309906005859375 -0.095245361328125
-0.0980224609375 -0.216903686523438 0.26641845703125 -0.2862548828125
-0.0698318481445313 -0.0465011596679688 -0.0917129516601563 0.0415115356445312
0.113380432128906 -0.0538711547851563 0.1156005859375 0.28656005859375
0.0796661376953125 -0.192352294921875 0.24786376953125 0.170440673828125
-0.0774993896484375 -0.261383056640625 0.220535278320313 0.106643676757813
-0.237014770507813 -0.138442993164063 0.22344970703125 0.120193481445313
-0.248855590820313 -0.01678466796875 0.246566772460938 0.07769775390625
-0.230194091796875 -0.0439605712890625 0.228256225585937 0.0700836181640625
-0.244827270507813 -0.039276123046875 0.181716918945312 0.079254150390625
-0.196823120117188 -0.125961303710938 0.117462158203125 0.0774765014648437
-0.0865325927734375 -0.227066040039063 0.0780258178710937 -0.0183334350585938
0.0799560546875 -0.214279174804688 0.0828323364257812 -0.121101379394531
0.17742919921875 -0.0622100830078125 0.203170776367187 -0.224563598632812
0.0227546691894531 -0.0191783905029297 0.39971923828125 -0.29803466796875
-0.0363922119140625 -0.203323364257813 0.38983154296875 -0.1392822265625
-0.232223510742188 -0.0317840576171875 0.26922607421875 -0.3238525390625
-0.105567932128906 0.122825622558594 -0.0195465087890625 -0.00148963928222656
0.127128601074219 0.089630126953125 0.123291015625 0.211105346679687
0.114051818847656 -0.0914306640625 0.206512451171875 0.15484619140625
-0.0266265869140625 -0.158340454101563 0.217864990234375 0.1527099609375
-0.15142822265625 -0.068572998046875 0.282684326171875 0.141143798828125
-0.1470947265625 0.0190277099609375 0.317169189453125 0.057525634765625
-0.144256591796875 0.00537109374999997 0.282867431640625 0.044586181640625
-0.168319702148437 0.00517272949218749 0.24676513671875 0.0609588623046875
-0.152786254882813 -0.0672760009765625 0.17730712890625 0.0889739990234375
-0.052093505859375 -0.146682739257813 0.107894897460937 0.0261306762695312
0.0914154052734375 -0.0887527465820313 0.0894012451171875 -0.0857925415039063
0.065673828125 0.0852890014648437 0.219818115234375 -0.228408813476563
-0.138076782226563 0.0832672119140625 0.464080810546875 -0.2972412109375
-0.216995239257813 -0.121002197265625 0.4083251953125 -0.163818359375
0.388885498046875 -0.036865234375 -0.32525634765625 0.1729736328125
0.238082885742188 -0.168182373046875 -0.47528076171875 0.329559326171875
0.041351318359375 -0.206283569335938 -0.151641845703125 0.2760009765625
-0.066192626953125 -0.0592155456542969 -0.0387649536132813 0.0925369262695313
-0.000778198242187496 0.0421257019042969 -0.0905609130859375 -0.064544677734375
0.09027099609375 -0.00327301025390625 -0.199127197265625 -0.0781707763671875
0.0584716796875 -0.0694732666015625 -0.280471801757813 0.00222778320312501
0.0300865173339844 -0.0651016235351563 -0.29010009765625 0.01678466796875
0.0320930480957031 -0.053558349609375 -0.33099365234375 -0.00567626953125004
0.0429420471191406 -0.0141716003417969 -0.318328857421875 -0.112213134765625
-0.0118217468261719 0.0370407104492188 -0.242919921875 -0.155685424804687
-0.129890441894531 -0.0168914794921875 -0.181900024414062 -0.15411376953125
-0.0883941650390625 -0.196640014648438 -0.0973052978515625 -0.173110961914063
0.08978271484375 -0.272262573242188 -0.0543785095214844 -0.0379066467285157
0.28643798828125 -0.14569091796875 -0.28363037109375 0.26971435546875
0.44671630859375 -0.15863037109375 -0.226669311523437 0.150131225585938
0.313446044921875 -0.243560791015625 -0.478668212890625 0.3189697265625
0.126922607421875 -0.3343505859375 -0.143798828125 0.35235595703125
-0.0535888671875 -0.203598022460937 0.0177536010742187 0.135398864746094
-0.0605621337890625 -0.0902481079101562 -0.0593185424804688 -0.0716934204101563
-0.0170707702636719 -0.0680313110351563 -0.204620361328125 -0.062225341796875
-0.0576400756835937 -0.0866317749023438 -0.272369384765625 0.0366973876953125
-0.085479736328125 -0.0987014770507813 -0.259170532226563 0.048553466796875
-0.0952301025390625 -0.0809173583984375 -0.303131103515625 0.022125244140625
-0.0619354248046875 -0.0890960693359375 -0.300018310546875 -0.092864990234375
-0.071258544921875 -0.086517333984375 -0.2269287109375 -0.170242309570312
-0.12750244140625 -0.14825439453125 -0.159820556640625 -0.181671142578125
-0.018096923828125 -0.300933837890625 -0.065338134765625 -0.18084716796875
0.13580322265625 -0.363311767578125 -0.0434226989746094 -0.0628929138183594
0.352081298828125 -0.282318115234375 -0.2066650390625 0.223342895507812
0.431671142578125 -0.290374755859375 -0.100044250488281 0.101112365722656
0.302276611328125 -0.31829833984375 -0.44427490234375 0.292633056640625
0.147613525390625 -0.421630859375 -0.117889404296875 0.42449951171875
-0.054840087890625 -0.3189697265625 0.0920867919921875 0.193527221679688
-0.1239013671875 -0.217742919921875 0.00122070312499999 -0.0533523559570313
-0.136199951171875 -0.12811279296875 -0.164108276367188 -0.0323333740234375
-0.174652099609375 -0.0919189453125 -0.21661376953125 0.065582275390625
-0.188247680664063 -0.117889404296875 -0.187728881835938 0.0731201171875
-0.202377319335938 -0.0990142822265625 -0.230682373046875 0.0483245849609375
-0.150588989257812 -0.150482177734375 -0.24053955078125 -0.0600128173828125
-0.12139892578125 -0.199737548828125 -0.186630249023437 -0.16748046875
-0.110458374023438 -0.272323608398438 -0.1282958984375 -0.204452514648438
0.072113037109375 -0.38031005859375 -0.021392822265625 -0.208694458007813
0.1878662109375 -0.401611328125 0.005340576171875 -0.120498657226563
0.37890625 -0.365753173828125 -0.0947265625 0.143402099609375
0.34490966796875 -0.395965576171875 0.0279369354248047 0.0163288116455078
0.212890625 -0.366790771484375 -0.3759765625 0.24810791015625
0.11468505859375 -0.4407958984375 -0.0630187988281249 0.459991455078125
-0.063262939453125 -0.372283935546875 0.174591064453125 0.231414794921875
-0.17352294921875 -0.30621337890625 0.0799484252929687 -0.0216598510742188
-0.2392578125 -0.168960571289063 -0.080230712890625 0.00514984130859374
-0.268707275390625 -0.081878662109375 -0.117584228515625 0.0835342407226563
-0.263565063476562 -0.118682861328125 -0.087554931640625 0.0872650146484375
-0.275680541992188 -0.10205078125 -0.127304077148438 0.0684890747070312
-0.210800170898438 -0.185867309570313 -0.151473999023438 -0.0214996337890625
-0.151687622070313 -0.27581787109375 -0.122909545898438 -0.147308349609375
-0.079315185546875 -0.355712890625 -0.0807037353515625 -0.21240234375
0.154754638671875 -0.4090576171875 0.0315704345703125 -0.238784790039063
0.223388671875 -0.380401611328125 0.0842742919921875 -0.19696044921875
0.356201171875 -0.39154052734375 0.0422821044921875 0.0489501953125
0.206329345703125 -0.42926025390625 0.135063171386719 -0.0984573364257813
0.08984375 -0.338409423828125 -0.28485107421875 0.184326171875
0.073486328125 -0.36651611328125 0.015045166015625 0.439422607421875
-0.049591064453125 -0.353363037109375 0.241943359375 0.227203369140625
-0.18280029296875 -0.337310791015625 0.153854370117188 0.012786865234375
-0.29608154296875 -0.1812744140625 0.0293731689453125 0.0434112548828125
-0.317352294921875 -0.060546875 0.00971984863281249 0.087646484375
-0.297088623046875 -0.10125732421875 0.0291595458984375 0.087371826171875
-0.3055419921875 -0.08819580078125 -0.0113525390625 0.0784683227539063
-0.234375 -0.186935424804688 -0.0497474670410156 0.0166358947753906
-0.15216064453125 -0.30023193359375 -0.0482711791992188 -0.112831115722656
-0.029541015625 -0.370452880859375 -0.01983642578125 -0.200302124023438
0.213287353515625 -0.356292724609375 0.09332275390625 -0.252761840820312
0.215484619140625 -0.2911376953125 0.184524536132813 -0.264328002929688
0.2701416015625 -0.35919189453125 0.183578491210938 -0.0411834716796875
0.043609619140625 -0.36151123046875 0.208404541015625 -0.21453857421875
-0.0131988525390625 -0.21649169921875 -0.1842041015625 0.113479614257813
0.0746307373046875 -0.223007202148437 0.086944580078125 0.36566162109375
0.00262451171875001 -0.284088134765625 0.267776489257813 0.189697265625
-0.151580810546875 -0.3157958984375 0.2008056640625 0.0497894287109375
-0.29461669921875 -0.16387939453125 0.138969421386719 0.0787277221679687
-0.30816650390625 -0.0310668945312499 0.139640808105469 0.0802459716796875
-0.2857666015625 -0.0682373046875 0.139480590820312 0.0756759643554688
-0.292572021484375 -0.0589599609375 0.0976486206054687 0.0775222778320313
-0.228713989257813 -0.158172607421875 0.0450782775878906 0.0473747253417969
-0.130447387695312 -0.27520751953125 0.0229377746582031 -0.0691757202148438
0.02496337890625 -0.315887451171875 0.0379180908203125 -0.166290283203125
0.222183227539063 -0.231658935546875 0.150497436523438 -0.24468994140625
0.147232055664063 -0.157119750976563 0.2882080078125 -0.3035888671875
0.127166748046875 -0.28765869140625 0.3028564453125 -0.112060546875
-0.109481811523437 -0.210784912109375 0.243682861328125 -0.3009033203125
-0.0718994140625 -0.0407180786132812 -0.0904693603515625 0.0470046997070312
0.1087646484375 -0.0618972778320313 0.129013061523437 0.27349853515625
0.0654144287109375 -0.196151733398438 0.249481201171875 0.152206420898438
-0.0966644287109375 -0.252731323242188 0.219589233398437 0.092437744140625
-0.243576049804688 -0.120010375976563 0.229049682617187 0.107559204101562
-0.24517822265625 0.000305175781250007 0.248275756835937 0.0621490478515625
-0.230758666992187 -0.0268096923828125 0.228118896484375 0.0543212890625
-0.244232177734375 -0.0205230712890625 0.186538696289062 0.0645904541015625
-0.202072143554687 -0.111038208007813 0.123771667480469 0.0681686401367187
-0.0994873046875 -0.217605590820312 0.0762176513671875 -0.0219039916992188
0.0652618408203125 -0.217315673828125 0.0745849609375 -0.1217041015625
0.172088623046875 -0.074249267578125 0.187667846679688 -0.230117797851563
0.0227127075195313 -0.0188159942626953 0.37628173828125 -0.316009521484375
-0.0499114990234375 -0.198989868164063 0.378021240234375 -0.158538818359375
-0.232192993164063 -0.01898193359375 0.24212646484375 -0.337310791015625
-0.0968399047851562 0.129119873046875 -0.0224571228027344 0.000452041625976575
0.131301879882813 0.0791244506835938 0.132217407226562 0.19830322265625
0.104301452636719 -0.097991943359375 0.207595825195313 0.139389038085938
-0.0398406982421875 -0.153976440429688 0.221786499023437 0.137954711914062
-0.154937744140625 -0.0552978515625 0.288665771484375 0.125244140625
-0.142669677734375 0.031280517578125 0.315948486328125 0.038238525390625
-0.142776489257813 0.016693115234375 0.28131103515625 0.025604248046875
-0.16680908203125 0.0187835693359375 0.248397827148438 0.0417938232421875
-0.155471801757813 -0.05535888671875 0.183441162109375 0.07586669921875
-0.0616455078125 -0.140640258789063 0.109146118164063 0.0203018188476562
0.0837020874023438 -0.0941009521484375 0.08331298828125 -0.0874099731445313
0.0706863403320312 0.07916259765625 0.202346801757813 -0.234054565429688
-0.130615234375 0.0909957885742188 0.4398193359375 -0.31982421875
-0.224395751953125 -0.1068115234375 0.39556884765625 -0.1851806640625
0.379150390625 -0.05419921875 -0.310455322265625 0.178070068359375
0.225479125976562 -0.17315673828125 -0.4508056640625 0.334686279296875
0.0303192138671875 -0.202316284179688 -0.139297485351562 0.26885986328125
-0.0664443969726563 -0.0538825988769531 -0.0336456298828125 0.0882110595703125
0.00508499145507812 0.0425300598144531 -0.09246826171875 -0.0602035522460938
0.09088134765625 -0.00970458984375 -0.201065063476562 -0.0680694580078125
0.0532989501953125 -0.0743637084960938 -0.271774291992188 0.0150299072265625
0.0269126892089844 -0.0669746398925781 -0.278717041015625 0.0294494628906249
0.0299301147460937 -0.0563087463378906 -0.31964111328125 0.00857543945312496
0.04180908203125 -0.0189056396484375 -0.314056396484375 -0.0965576171875001
-0.00724411010742187 0.0345420837402344 -0.241470336914062 -0.14410400390625
-0.125259399414062 -0.00956726074218752 -0.181121826171875 -0.142913818359375
-0.0936431884765625 -0.187591552734375 -0.100189208984375 -0.164779663085937
0.0760955810546875 -0.267364501953125 -0.0546340942382812 -0.0345344543457031
0.275390625 -0.154052734375 -0.259765625 0.273025512695313
0.42852783203125 -0.173828125 -0.214202880859375 0.152923583984375
0.297332763671875 -0.247467041015625 -0.453460693359375 0.326416015625
0.108001708984375 -0.329864501953125 -0.1282958984375 0.344482421875
-0.059295654296875 -0.194488525390625 0.0223846435546875 0.127464294433594
-0.0588531494140625 -0.0834121704101563 -0.064178466796875 -0.0681343078613281
-0.0159873962402344 -0.0676078796386719 -0.20489501953125 -0.0518798828125
-0.0597763061523438 -0.0863189697265625 -0.262283325195313 0.0488586425781249
-0.0871810913085938 -0.09466552734375 -0.247909545898438 0.0591278076171875
-0.0947418212890625 -0.0776443481445312 -0.290496826171875 0.03533935546875
-0.0624542236328125 -0.0872116088867188 -0.295257568359375 -0.077880859375
-0.0706787109375 -0.083465576171875 -0.227310180664063 -0.158279418945313
-0.128822326660156 -0.137962341308594 -0.160537719726562 -0.170089721679688
-0.029541015625 -0.29229736328125 -0.06903076171875 -0.173721313476563
0.11871337890625 -0.3572998046875 -0.0447654724121094 -0.0584907531738282
0.33343505859375 -0.289398193359375 -0.188766479492187 0.22528076171875
0.408538818359375 -0.301483154296875 -0.0925979614257812 0.0999298095703125
0.28399658203125 -0.32110595703125 -0.4217529296875 0.2999267578125
0.126739501953125 -0.4163818359375 -0.1015625 0.41363525390625
-0.06500244140625 -0.30694580078125 0.095703125 0.181976318359375
-0.127517700195313 -0.2042236328125 -0.00549697875976563 -0.0525665283203125
-0.13458251953125 -0.120147705078125 -0.164093017578125 -0.0238800048828125
-0.172897338867188 -0.08489990234375 -0.207443237304688 0.0747222900390625
-0.188720703125 -0.10809326171875 -0.179092407226563 0.0802001953125
-0.199569702148437 -0.0900115966796875 -0.218505859375 0.056365966796875
-0.151962280273438 -0.142974853515625 -0.235061645507813 -0.048614501953125
-0.123886108398437 -0.190887451171875 -0.188323974609375 -0.157058715820312
-0.118392944335937 -0.2601318359375 -0.131668090820312 -0.193588256835938
0.0535888671875 -0.374298095703125 -0.0270843505859375 -0.20233154296875
0.168548583984375 -0.39495849609375 0.000862121582031263 -0.116188049316406
0.355560302734375 -0.37200927734375 -0.08245849609375 0.143661499023437
0.31976318359375 -0.401336669921875 0.0288143157958985 0.01263427734375
0.19451904296875 -0.36566162109375 -0.357330322265625 0.252899169921875
0.092071533203125 -0.43450927734375 -0.04547119140625 0.447723388671875
-0.076873779296875 -0.35980224609375 0.177093505859375 0.215011596679687
-0.181121826171875 -0.288604736328125 0.0714263916015625 -0.0248794555664063
-0.236846923828125 -0.1551513671875 -0.07977294921875 0.00971221923828125
-0.263397216796875 -0.0704345703125 -0.111091613769531 0.0879974365234375
-0.262313842773438 -0.104782104492188 -0.0805740356445312 0.0889968872070313
-0.271026611328125 -0.0887756347656249 -0.117683410644531 0.0713043212890625
-0.211471557617188 -0.17352294921875 -0.14605712890625 -0.0153961181640625
-0.156890869140625 -0.262313842773438 -0.1258544921875 -0.139236450195313
-0.091461181640625 -0.34197998046875 -0.0863189697265625 -0.202682495117188
0.13543701171875 -0.40557861328125 0.0231781005859375 -0.233001708984375
0.20391845703125 -0.376708984375 0.073883056640625 -0.193099975585938
0.3314208984375 -0.396270751953125 0.0466117858886719 0.04693603515625
0.18206787109375 -0.42828369140625 0.127548217773438 -0.102836608886719
0.075653076171875 -0.332733154296875 -0.269760131835938 0.189285278320312
0.05621337890625 -0.361236572265625 0.028594970703125 0.42431640625
-0.06317138671875 -0.3424072265625 0.24066162109375 0.208847045898437
-0.194091796875 -0.31988525390625 0.144577026367188 0.00581359863281248
-0.29443359375 -0.163909912109375 0.0290870666503906 0.0426864624023437
-0.3095703125 -0.04644775390625 0.0128555297851562 0.0862503051757813
-0.293853759765625 -0.0847778320312501 0.0311508178710937 0.0842666625976563
-0.299102783203125 -0.072296142578125 -0.00527191162109377 0.0751571655273438
-0.234375 -0.17291259765625 -0.0451622009277344 0.01708984375
-0.158294677734375 -0.285797119140625 -0.0511932373046875 -0.108604431152344
-0.043975830078125 -0.358001708984375 -0.0270538330078125 -0.1923828125
0.193603515625 -0.357757568359375 0.0825347900390625 -0.248031616210938
0.2001953125 -0.289764404296875 0.168624877929687 -0.2623291015625
0.24835205078125 -0.361785888671875 0.179534912109375 -0.0460662841796875
0.027435302734375 -0.35693359375 0.19256591796875 -0.218399047851563
-0.020263671875 -0.209396362304688 -0.175994873046875 0.116836547851562
0.063995361328125 -0.221466064453125 0.096343994140625 0.351318359375
-0.00985717773437502 -0.276535034179688 0.2633056640625 0.17181396484375
-0.1629638671875 -0.300201416015625 0.191970825195312 0.040618896484375
-0.29296875 -0.145599365234375 0.137969970703125 0.07281494140625
-0.29931640625 -0.016632080078125 0.1385498046875 0.073028564453125
-0.280792236328125 -0.0527801513671876 0.137611389160156 0.0677032470703125
-0.285797119140625 -0.0440673828125 0.0997543334960937 0.0686416625976563
-0.228500366210938 -0.143722534179687 0.0486488342285156 0.04315185546875
-0.137557983398437 -0.261367797851563 0.0195693969726562 -0.0683364868164063
0.011138916015625 -0.3079833984375 0.0301666259765625 -0.161102294921875
0.207534790039063 -0.236984252929688 0.137313842773438 -0.24127197265625
0.139205932617188 -0.156173706054688 0.2672119140625 -0.303436279296875
0.1114501953125 -0.2852783203125 0.29168701171875 -0.1199951171875
-0.115692138671875 -0.2025146484375 0.22119140625 -0.304046630859375
-0.0708084106445313 -0.035430908203125 -0.088104248046875 0.0499649047851563
0.103996276855469 -0.0663375854492188 0.133209228515625 0.258468627929688
0.053985595703125 -0.194183349609375 0.242706298828125 0.137466430664063
-0.10748291015625 -0.240737915039062 0.21282958984375 0.082305908203125
-0.241439819335938 -0.10455322265625 0.227096557617187 0.0978851318359375
-0.236099243164063 0.0126190185546875 0.2432861328125 0.05145263671875
-0.225830078125 -0.0145111083984375 0.222976684570313 0.04229736328125
-0.237777709960938 -0.00765991210937503 0.184646606445313 0.0518646240234375
-0.200637817382812 -0.0980377197265625 0.126068115234375 0.059722900390625
-0.106201171875 -0.206451416015625 0.0743865966796875 -0.024017333984375
0.0543365478515625 -0.214004516601562 0.0687255859375 -0.119163513183594
0.164794921875 -0.0814208984375 0.172531127929688 -0.227508544921875
0.0233821868896484 -0.0169658660888672 0.352081298828125 -0.3203125
-0.0578155517578125 -0.191238403320312 0.362213134765625 -0.1673583984375
-0.22674560546875 -0.0107879638671875 0.218963623046875 -0.33880615234375
-0.0893630981445313 0.131027221679687 -0.0238857269287109 0.00312423706054688
0.131576538085938 0.0702362060546875 0.133804321289063 0.185791015625
0.0949478149414063 -0.0994796752929688 0.201400756835938 0.128265380859375
-0.0488739013671875 -0.146224975585938 0.217330932617188 0.127578735351562
-0.152999877929687 -0.0442047119140625 0.28631591796875 0.11212158203125
-0.135841369628906 0.0392608642578125 0.30828857421875 0.024139404296875
-0.138748168945313 0.024932861328125 0.2733154296875 0.0121002197265625
-0.161972045898438 0.027435302734375 0.24346923828125 0.027099609375
-0.15362548828125 -0.0447235107421875 0.184188842773438 0.064605712890625
-0.0676116943359375 -0.133682250976562 0.108428955078125 0.0160751342773437
0.0773239135742188 -0.0958328247070313 0.0780181884765625 -0.08599853515625
0.0719985961914063 0.0721969604492188 0.185256958007813 -0.232162475585938
-0.122543334960938 0.0948104858398437 0.415008544921875 -0.326873779296875
-0.224380493164063 -0.0945587158203125 0.37701416015625 -0.194244384765625
0.37078857421875 -0.060577392578125 -0.300537109375 0.177642822265625
0.218063354492188 -0.173492431640625 -0.433929443359375 0.332733154296875
0.0243072509765625 -0.197158813476563 -0.134292602539062 0.261077880859375
-0.0655174255371094 -0.0495643615722656 -0.0321197509765625 0.0834274291992188
0.0100212097167969 0.0422210693359375 -0.0938873291015625 -0.057708740234375
0.0909576416015625 -0.013336181640625 -0.201400756835938 -0.0625152587890625
0.0492935180664063 -0.0768051147460938 -0.2645263671875 0.0213623046875
0.0247650146484375 -0.0689239501953125 -0.268798828125 0.034942626953125
0.0285415649414063 -0.0590438842773438 -0.30865478515625 0.015380859375
0.0410537719726563 -0.0220870971679687 -0.30804443359375 -0.089599609375
-0.00442886352539062 0.0325736999511719 -0.23858642578125 -0.138824462890625
-0.1214599609375 -0.00604248046875002 -0.177474975585937 -0.136581420898438
-0.094451904296875 -0.181015014648437 -0.099822998046875 -0.158676147460938
0.0692596435546875 -0.261764526367188 -0.0532722473144531 -0.031494140625
0.268966674804688 -0.156204223632813 -0.244873046875 0.271087646484375
0.417205810546875 -0.179107666015625 -0.206405639648438 0.151046752929688
0.2879638671875 -0.24859619140625 -0.438751220703125 0.324310302734375
0.097259521484375 -0.323822021484375 -0.12261962890625 0.3348388671875
-0.0615692138671875 -0.186935424804688 0.0228195190429688 0.121063232421875
-0.055419921875 -0.0783309936523438 -0.0676651000976563 -0.0662994384765625
-0.0140609741210937 -0.0683479309082031 -0.204345703125 -0.0463104248046875
-0.0606842041015625 -0.0866165161132812 -0.254486083984375 0.0548858642578125
-0.0875473022460937 -0.0927505493164063 -0.23883056640625 0.0641632080078125
-0.0930099487304688 -0.0766677856445313 -0.279525756835938 0.0402069091796875
-0.0621795654296875 -0.0866851806640625 -0.28887939453125 -0.0707702636718751
-0.0680465698242188 -0.0820083618164063 -0.224700927734375 -0.153030395507813
-0.126304626464844 -0.131378173828125 -0.159011840820313 -0.163223266601562
-0.033905029296875 -0.2850341796875 -0.0688323974609375 -0.168930053710938
0.109893798828125 -0.3486328125 -0.0441741943359375 -0.0549812316894532
0.3214111328125 -0.290313720703125 -0.176986694335938 0.223220825195312
0.394439697265625 -0.303680419921875 -0.088134765625 0.0968856811523437
0.27374267578125 -0.318695068359375 -0.406524658203125 0.296875
0.11395263671875 -0.4085693359375 -0.0957336425781249 0.404876708984375
-0.06878662109375 -0.297210693359375 0.0955047607421875 0.172943115234375
-0.126083374023437 -0.19488525390625 -0.0112380981445313 -0.0514640808105469
-0.130439758300781 -0.116401672363281 -0.163345336914063 -0.018951416015625
-0.1702880859375 -0.0823211669921875 -0.200393676757813 0.0793304443359375
-0.187347412109375 -0.103012084960938 -0.171005249023438 0.082489013671875
-0.1959228515625 -0.0859832763671875 -0.2091064453125 0.05950927734375
-0.149917602539063 -0.138885498046875 -0.22930908203125 -0.0435638427734375
-0.122726440429688 -0.185867309570312 -0.186874389648437 -0.151138305664063
-0.1181640625 -0.250244140625 -0.13116455078125 -0.186508178710938
0.045257568359375 -0.367706298828125 -0.028411865234375 -0.197265625
0.158111572265625 -0.387969970703125 -0.00111389160156248 -0.111381530761719
0.341644287109375 -0.37249755859375 -0.0750732421875 0.141494750976562
0.305023193359375 -0.400848388671875 0.0285930633544922 0.00922775268554685
0.18524169921875 -0.360931396484375 -0.3453369140625 0.251190185546875
0.08160400390625 -0.4259033203125 -0.039642333984375 0.43621826171875
-0.0810546875 -0.34942626953125 0.17401123046875 0.204696655273437
-0.181808471679688 -0.27679443359375 0.0648117065429687 -0.0254783630371094
-0.232452392578125 -0.147689819335937 -0.0801162719726563 0.01202392578125
-0.257369995117188 -0.0648193359375 -0.106147766113281 0.0898818969726562
-0.25848388671875 -0.0971832275390625 -0.0765304565429688 0.08892822265625
-0.26531982421875 -0.08197021484375 -0.110954284667969 0.070770263671875
-0.209030151367187 -0.166732788085938 -0.140571594238281 -0.0130386352539062
-0.156326293945312 -0.254562377929687 -0.124740600585937 -0.135246276855469
-0.09454345703125 -0.33111572265625 -0.08721923828125 -0.195785522460938
0.123260498046875 -0.400421142578125 0.0200347900390625 -0.227340698242188
0.193572998046875 -0.36920166015625 0.069610595703125 -0.187789916992188
0.316986083984375 -0.394439697265625 0.049560546875 0.0454635620117187
0.170684814453125 -0.424041748046875 0.122444152832031 -0.104774475097656
0.069732666015625 -0.326324462890625 -0.262359619140625 0.186981201171875
0.046630859375 -0.355194091796875 0.031890869140625 0.41265869140625
-0.067718505859375 -0.33233642578125 0.235763549804688 0.197723388671875
-0.1966552734375 -0.307159423828125 0.135917663574219 0.00409698486328123
-0.289337158203125 -0.154266357421875 0.0280609130859375 0.0430221557617188
-0.301361083984375 -0.038787841796875 0.0134963989257812 0.0855255126953125
-0.28936767578125 -0.075927734375 0.0313644409179687 0.0816421508789063
-0.29241943359375 -0.0646972656249999 -0.00212097167968752 0.0714263916015625
-0.23193359375 -0.164520263671875 -0.042266845703125 0.0162696838378906
-0.15869140625 -0.276046752929688 -0.0515899658203125 -0.105972290039063
-0.048919677734375 -0.3487548828125 -0.029693603515625 -0.185775756835938
0.18231201171875 -0.355560302734375 0.0772247314453125 -0.24212646484375
0.19281005859375 -0.284027099609375 0.160385131835938 -0.2572021484375
0.236053466796875 -0.35931396484375 0.177215576171875 -0.0473480224609375
0.0186767578125 -0.351593017578125 0.182952880859375 -0.218917846679688
-0.0233001708984375 -0.20318603515625 -0.171554565429688 0.116317749023437
0.058197021484375 -0.21795654296875 0.097808837890625 0.339569091796875
-0.0157470703125 -0.26995849609375 0.255462646484375 0.161956787109375
-0.167266845703125 -0.28826904296875 0.1834716796875 0.0379638671875
-0.28814697265625 -0.13616943359375 0.136299133300781 0.0705337524414063
-0.29071044921875 -0.00915527343750004 0.135978698730469 0.0697174072265625
-0.275802612304688 -0.044647216796875 0.134452819824219 0.0630340576171875
-0.278671264648437 -0.035919189453125 0.0992507934570312 0.0624313354492187
-0.22515869140625 -0.135665893554688 0.050567626953125 0.0401229858398437
-0.138412475585938 -0.251510620117188 0.0183906555175781 -0.0672378540039063
0.00588989257812501 -0.300537109375 0.02740478515625 -0.15618896484375
0.197341918945313 -0.236679077148438 0.130569458007812 -0.235488891601563
0.134872436523438 -0.152755737304688 0.25433349609375 -0.299163818359375
0.103179931640625 -0.281341552734375 0.28497314453125 -0.120361328125
-0.11810302734375 -0.198074340820312 0.208740234375 -0.301361083984375
-0.0689811706542969 -0.0320358276367187 -0.0867538452148437 0.0505752563476563
0.100631713867188 -0.0677108764648438 0.132232666015625 0.248748779296875
0.047454833984375 -0.190383911132813 0.234634399414063 0.130630493164062
-0.112716674804688 -0.232528686523438 0.205062866210937 0.0794677734375
-0.23687744140625 -0.0958251953125 0.224258422851562 0.0934906005859375
-0.22833251953125 0.018768310546875 0.237319946289063 0.046356201171875
-0.221023559570312 -0.00775146484375002 0.216339111328125 0.0359039306640625
-0.231979370117188 -0.000823974609375051 0.181320190429687 0.0441436767578125
-0.197357177734375 -0.0908050537109375 0.126182556152344 0.0543212890625
-0.107772827148437 -0.1986083984375 0.072967529296875 -0.0240554809570313
0.0487518310546875 -0.210342407226562 0.0651702880859375 -0.115287780761719
0.158920288085938 -0.083831787109375 0.164657592773438 -0.221832275390625
0.0240669250488281 -0.0150871276855469 0.336700439453125 -0.31719970703125
-0.061004638671875 -0.186080932617188 0.352325439453125 -0.1678466796875
-0.222976684570313 -0.00730895996093749 0.204498291015625 -0.333770751953125
-0.0843276977539062 0.130538940429688 -0.0249423980712891 0.00432205200195313
0.1297607421875 0.0648040771484375 0.1319580078125 0.177505493164063
0.0884628295898438 -0.0984649658203125 0.194244384765625 0.123199462890625
-0.0533905029296875 -0.140609741210938 0.211044311523438 0.123382568359375
-0.149917602539063 -0.03814697265625 0.28253173828125 0.10552978515625
-0.129425048828125 0.042755126953125 0.300201416015625 0.0186767578125
-0.134811401367188 0.0293426513671875 0.265151977539063 0.0051727294921875
-0.157699584960938 0.0333404541015625 0.2379150390625 0.0185699462890625
-0.151504516601562 -0.0388946533203125 0.1834716796875 0.057342529296875
-0.069610595703125 -0.127784729003906 0.1077880859375 0.0147857666015625
0.0731201171875 -0.09613037109375 0.0755615234375 -0.0830612182617188
0.0714874267578125 0.067596435546875 0.17596435546875 -0.226211547851563
-0.116554260253906 0.095703125 0.396514892578125 -0.3233642578125
-0.222198486328125 -0.0879974365234375 0.36639404296875 -0.1947021484375
0.36932373046875 -0.064422607421875 -0.299163818359375 0.17669677734375
0.21612548828125 -0.174575805664063 -0.431182861328125 0.331634521484375
0.0206298828125 -0.195465087890625 -0.134841918945312 0.2579345703125
-0.0659828186035156 -0.0471572875976562 -0.032867431640625 0.0793228149414063
0.0149803161621094 0.0426597595214844 -0.096435546875 -0.0574569702148438
0.0933380126953125 -0.0172042846679687 -0.20458984375 -0.06011962890625
0.0469589233398438 -0.0810470581054688 -0.26177978515625 0.0252227783203125
0.0237197875976562 -0.0710067749023438 -0.264404296875 0.038238525390625
0.0275802612304687 -0.0625 -0.30413818359375 0.018524169921875
0.0415992736816406 -0.0250778198242188 -0.308349609375 -0.0869140625
-0.00139808654785157 0.0310745239257813 -0.238174438476563 -0.138229370117188
-0.119529724121094 -0.00386810302734373 -0.176177978515625 -0.134765625
-0.09552001953125 -0.178756713867187 -0.0993194580078125 -0.157501220703125
0.066070556640625 -0.2596435546875 -0.0537300109863281 -0.0302810668945313
0.268341064453125 -0.15966796875 -0.239639282226562 0.272048950195313
0.41546630859375 -0.181884765625 -0.20526123046875 0.149658203125
0.28521728515625 -0.249847412109375 -0.436248779296875 0.32330322265625
0.09283447265625 -0.321807861328125 -0.123016357421875 0.332550048828125
-0.0620880126953125 -0.183670043945313 0.0221786499023438 0.117019653320313
-0.0525665283203125 -0.0760345458984375 -0.0708541870117187 -0.0662765502929688
-0.0111579895019531 -0.0698699951171875 -0.207077026367188 -0.0424957275390625
-0.0612335205078125 -0.0888519287109375 -0.251296997070312 0.0593109130859375
-0.0884857177734375 -0.093231201171875 -0.234466552734375 0.0662994384765625
-0.0940780639648438 -0.0786209106445313 -0.275131225585937 0.0428619384765625
-0.0615997314453125 -0.08837890625 -0.287078857421875 -0.06854248046875
-0.0662460327148437 -0.0828475952148438 -0.225830078125 -0.152267456054687
-0.126045227050781 -0.128639221191406 -0.158233642578125 -0.161392211914062
-0.03570556640625 -0.284027099609375 -0.0690155029296875 -0.168014526367188
0.10662841796875 -0.345977783203125 -0.0438308715820312 -0.0530929565429688
0.319976806640625 -0.292938232421875 -0.17095947265625 0.223220825195312
0.391357421875 -0.307098388671875 -0.0868301391601562 0.094635009765625
0.27252197265625 -0.3189697265625 -0.405242919921875 0.2955322265625
0.110565185546875 -0.407623291015625 -0.094451904296875 0.40289306640625
-0.070404052734375 -0.293212890625 0.09375 0.168624877929687
-0.124862670898437 -0.19195556640625 -0.0149765014648438 -0.0516586303710938
-0.127609252929688 -0.116302490234375 -0.1661376953125 -0.0155181884765625
-0.168991088867188 -0.0819549560546875 -0.197769165039063 0.0832672119140625
-0.18780517578125 -0.101226806640625 -0.167678833007813 0.0850372314453125
-0.19573974609375 -0.0853424072265625 -0.204925537109375 0.0608367919921875
-0.149887084960938 -0.138885498046875 -0.226760864257813 -0.0413055419921875
-0.122146606445313 -0.185623168945313 -0.187881469726563 -0.150787353515625
-0.118972778320313 -0.247100830078125 -0.131301879882813 -0.183731079101563
0.041656494140625 -0.36798095703125 -0.02935791015625 -0.195938110351563
0.1561279296875 -0.385589599609375 -0.000892639160156228 -0.108879089355469
0.339447021484375 -0.375640869140625 -0.0701141357421875 0.141372680664062
0.30078125 -0.402862548828125 0.0289306640625 0.00664710998535154
0.18359375 -0.361663818359375 -0.342681884765625 0.2498779296875
0.0765380859375 -0.42547607421875 -0.039642333984375 0.435546875
-0.084228515625 -0.345611572265625 0.172393798828125 0.201629638671875
-0.182998657226563 -0.271896362304687 0.0594825744628906 -0.0249671936035156
-0.229232788085937 -0.14556884765625 -0.0817031860351563 0.0146102905273438
-0.25567626953125 -0.0631866455078125 -0.104560852050781 0.09295654296875
-0.258743286132813 -0.093902587890625 -0.0746231079101563 0.089569091796875
-0.26324462890625 -0.0799407958984375 -0.107666015625 0.0701370239257813
-0.208999633789063 -0.16534423828125 -0.138809204101563 -0.0119705200195313
-0.156341552734375 -0.25286865234375 -0.126907348632813 -0.134414672851563
-0.097015380859375 -0.32794189453125 -0.08819580078125 -0.192886352539063
0.119171142578125 -0.40167236328125 0.018890380859375 -0.22637939453125
0.191864013671875 -0.3665771484375 0.0681610107421875 -0.184967041015625
0.313323974609375 -0.396942138671875 0.0534095764160156 0.0448760986328125
0.165283203125 -0.427459716796875 0.120719909667969 -0.107833862304688
0.067962646484375 -0.3253173828125 -0.262176513671875 0.186843872070312
0.044281005859375 -0.3544921875 0.03167724609375 0.410919189453125
-0.07061767578125 -0.32861328125 0.232467651367188 0.19512939453125
-0.20013427734375 -0.30242919921875 0.131271362304688 0.00442504882812498
-0.286041259765625 -0.151458740234375 0.0275840759277344 0.0446014404296875
-0.298980712890625 -0.03631591796875 0.0144271850585937 0.0870361328125
-0.289703369140625 -0.071380615234375 0.0319290161132812 0.0815277099609375
-0.29046630859375 -0.061126708984375 -0.0005912780761719 0.0692291259765625
-0.231735229492188 -0.162200927734375 -0.0395431518554688 0.0160636901855469
-0.159500122070313 -0.273208618164063 -0.05279541015625 -0.105911254882813
-0.05096435546875 -0.34600830078125 -0.0302581787109375 -0.183380126953125
0.177276611328125 -0.357635498046875 0.0756988525390625 -0.241104125976563
0.1910400390625 -0.28204345703125 0.157684326171875 -0.254287719726563
0.232818603515625 -0.36065673828125 0.179595947265625 -0.047821044921875
0.014129638671875 -0.352691650390625 0.179244995117188 -0.220932006835938
-0.0233612060546875 -0.20306396484375 -0.17132568359375 0.115859985351562
0.05596923828125 -0.219161987304688 0.0965576171875 0.337860107421875
-0.018280029296875 -0.268096923828125 0.251312255859375 0.159866333007813
-0.17181396484375 -0.284881591796875 0.178741455078125 0.038848876953125
-0.287078857421875 -0.1329345703125 0.135993957519531 0.0708160400390625
-0.28765869140625 -0.00619506835937504 0.13531494140625 0.0698471069335937
-0.27593994140625 -0.0398406982421875 0.133155822753906 0.0615386962890625
-0.277435302734375 -0.0316009521484376 0.0995635986328125 0.058807373046875
-0.224197387695313 -0.132003784179687 0.0523910522460937 0.0377426147460938
-0.13958740234375 -0.248779296875 0.017852783203125 -0.0677146911621094
0.00274658203124999 -0.29864501953125 0.02618408203125 -0.1534423828125
0.193832397460938 -0.238906860351562 0.128372192382813 -0.233489990234375
0.13568115234375 -0.151153564453125 0.250823974609375 -0.297149658203125
0.099853515625 -0.281890869140625 0.285736083984375 -0.12078857421875
-0.120819091796875 -0.197433471679688 0.2032470703125 -0.30303955078125
-0.0682106018066406 -0.0308990478515625 -0.0872421264648438 0.050994873046875
0.100425720214844 -0.069793701171875 0.130996704101563 0.245712280273438
0.0449371337890625 -0.189239501953125 0.230224609375 0.129196166992188
-0.117202758789063 -0.229141235351563 0.2015380859375 0.0802154541015625
-0.237167358398438 -0.0928497314453125 0.224716186523438 0.09259033203125
-0.22528076171875 0.0218353271484375 0.235870361328125 0.0448455810546875
-0.22027587890625 -0.00285339355468746 0.214096069335938 0.03326416015625
-0.231185913085937 0.00372314453125001 0.180023193359375 0.0396728515625
-0.197067260742188 -0.087188720703125 0.128128051757813 0.0511550903320312
-0.109039306640625 -0.196060180664062 0.0735626220703125 -0.0247879028320313
0.046905517578125 -0.21002197265625 0.0643234252929688 -0.113143920898438
0.156875610351563 -0.08624267578125 0.161544799804688 -0.2181396484375
0.0258007049560547 -0.0135688781738281 0.333160400390625 -0.3148193359375
-0.062835693359375 -0.185531616210938 0.351593017578125 -0.1685791015625
-0.223434448242187 -0.00639343261718747 0.19921875 -0.33441162109375
-0.0828781127929687 0.131431579589844 -0.0264263153076172 0.0051555633544922
0.130844116210938 0.0621566772460938 0.130401611328125 0.173873901367188
0.0865478515625 -0.0981292724609375 0.190521240234375 0.1224365234375
-0.0571517944335938 -0.138389587402344 0.208206176757813 0.123855590820313
-0.149688720703125 -0.03472900390625 0.28289794921875 0.105010986328125
-0.126899719238281 0.04583740234375 0.298431396484375 0.015777587890625
-0.1339111328125 0.033172607421875 0.262054443359375 0.0017547607421875
-0.156600952148438 0.037017822265625 0.235763549804687 0.0131378173828125
-0.151092529296875 -0.0355224609375 0.185150146484375 0.0538177490234375
-0.0715408325195313 -0.125968933105469 0.108924865722656 0.0138778686523437
0.0717239379882813 -0.0979690551757813 0.0747222900390625 -0.0813674926757813
0.071502685546875 0.0654373168945313 0.172775268554688 -0.222412109375
-0.11444091796875 0.0968475341796875 0.39215087890625 -0.3243408203125
-0.222946166992188 -0.08624267578125 0.364410400390625 -0.19287109375
0.375762939453125 -0.07183837890625 -0.303131103515625 0.182708740234375
0.216751098632813 -0.18170166015625 -0.435516357421875 0.344085693359375
0.015533447265625 -0.197235107421875 -0.136123657226562 0.2625732421875
-0.0684242248535156 -0.04443359375 -0.0342483520507813 0.0783004760742188
0.0206413269042969 0.0431709289550781 -0.102226257324219 -0.0572967529296875
0.0971527099609375 -0.0223846435546875 -0.21270751953125 -0.05523681640625
0.0451126098632812 -0.0861434936523438 -0.264297485351563 0.0329437255859375
0.0217056274414063 -0.0749588012695313 -0.265350341796875 0.0450439453125
0.0260848999023438 -0.0674057006835938 -0.306488037109375 0.025054931640625
0.0428504943847656 -0.0284576416015625 -0.313995361328125 -0.0827331542968751
0.000782012939453123 0.0298500061035156 -0.245346069335938 -0.139053344726562
-0.120742797851563 -0.000160217285156234 -0.179443359375 -0.134170532226563
-0.099853515625 -0.17919921875 -0.1025390625 -0.158645629882813
0.062835693359375 -0.263824462890625 -0.053955078125 -0.0293083190917969
0.27313232421875 -0.168167114257812 -0.23468017578125 0.278884887695313
0.42120361328125 -0.19384765625 -0.206314086914062 0.1533203125
0.287841796875 -0.259735107421875 -0.439788818359375 0.335296630859375
0.0867919921875 -0.328460693359375 -0.123291015625 0.339813232421875
-0.0667724609375 -0.18212890625 0.0222549438476562 0.115966796875
-0.0508346557617188 -0.0754470825195313 -0.076812744140625 -0.0663986206054688
-0.0092620849609375 -0.0738525390625 -0.215286254882813 -0.0377044677734375
-0.064727783203125 -0.0920867919921875 -0.2525634765625 0.06768798828125
-0.0924453735351563 -0.094207763671875 -0.23382568359375 0.0735626220703125
-0.0970077514648438 -0.0810470581054687 -0.27642822265625 0.0485839843749999
-0.0635986328125 -0.09124755859375 -0.292755126953125 -0.063507080078125
-0.0671844482421875 -0.084991455078125 -0.233352661132813 -0.152603149414063
-0.129051208496094 -0.127487182617188 -0.162078857421875 -0.160842895507813
-0.041412353515625 -0.287567138671875 -0.072418212890625 -0.169876098632813
0.104278564453125 -0.3531494140625 -0.0449256896972656 -0.05133056640625
0.32354736328125 -0.307281494140625 -0.166305541992187 0.229736328125
0.3931884765625 -0.31951904296875 -0.086822509765625 0.0956573486328125
0.27325439453125 -0.330780029296875 -0.40875244140625 0.3077392578125
0.102203369140625 -0.416412353515625 -0.091949462890625 0.410491943359375
-0.0760498046875 -0.29437255859375 0.096038818359375 0.16766357421875
-0.128448486328125 -0.190841674804688 -0.0206375122070313 -0.0523147583007813
-0.128669738769531 -0.118270874023438 -0.172225952148437 -0.0106658935546875
-0.172836303710938 -0.0827484130859375 -0.1982421875 0.09112548828125
-0.193740844726563 -0.0998992919921875 -0.166244506835937 0.0900115966796875
-0.199966430664062 -0.0848236083984375 -0.205307006835938 0.065399169921875
-0.153823852539063 -0.140533447265625 -0.230072021484375 -0.037506103515625
-0.125564575195313 -0.187667846679687 -0.195022583007813 -0.151901245117187
-0.123886108398438 -0.248825073242188 -0.135330200195313 -0.18450927734375
0.03485107421875 -0.3751220703125 -0.0325775146484375 -0.199813842773438
0.152801513671875 -0.392242431640625 -0.00248718261718749 -0.108741760253906
0.340576171875 -0.389373779296875 -0.065338134765625 0.144943237304687
0.29852294921875 -0.415252685546875 0.0292301177978516 0.00372886657714841
0.182647705078125 -0.37078857421875 -0.34783935546875 0.260040283203125
0.06903076171875 -0.434234619140625 -0.03515625 0.4447021484375
-0.091552734375 -0.3480224609375 0.175872802734375 0.199935913085937
-0.190719604492188 -0.271194458007812 0.0549545288085937 -0.025970458984375
-0.233688354492188 -0.14569091796875 -0.0849685668945313 0.0184402465820312
-0.260208129882813 -0.0607147216796875 -0.103630065917969 0.0992889404296875
-0.265518188476563 -0.0900115966796874 -0.0736465454101563 0.0936355590820312
-0.269729614257813 -0.0765228271484376 -0.106719970703125 0.0724029541015625
-0.214080810546875 -0.165542602539062 -0.13897705078125 -0.00982666015624999
-0.162033081054688 -0.254898071289063 -0.131782531738281 -0.136093139648438
-0.102447509765625 -0.33154296875 -0.0916748046875 -0.193283081054688
0.112274169921875 -0.41168212890625 0.0153350830078125 -0.229690551757813
0.1903076171875 -0.374725341796875 0.0667877197265625 -0.186767578125
0.31298828125 -0.412322998046875 0.0585784912109375 0.0452232360839843
0.15789794921875 -0.438720703125 0.120948791503906 -0.113822937011719
0.064910888671875 -0.3333740234375 -0.264602661132813 0.193038940429687
0.039459228515625 -0.362152099609375 0.03826904296875 0.418701171875
-0.07733154296875 -0.33209228515625 0.236968994140625 0.192916870117187
-0.21044921875 -0.30218505859375 0.128883361816406 0.00403594970703123
-0.293609619140625 -0.149139404296875 0.0272445678710937 0.0465965270996094
-0.3028564453125 -0.0319824218749999 0.0164413452148437 0.0908279418945313
-0.295928955078125 -0.0657958984375 0.0331878662109375 0.0823745727539063
-0.296783447265625 -0.056365966796875 0.000869750976562489 0.0689010620117187
-0.236862182617188 -0.160308837890625 -0.0376968383789063 0.0156707763671875
-0.166275024414063 -0.274459838867188 -0.0559158325195313 -0.107551574707031
-0.05816650390625 -0.35015869140625 -0.03369140625 -0.184356689453125
0.171966552734375 -0.368377685546875 0.072479248046875 -0.24395751953125
0.191864013671875 -0.2884521484375 0.15643310546875 -0.257904052734375
0.230926513671875 -0.373046875 0.184844970703125 -0.051422119140625
0.00579833984375001 -0.360504150390625 0.17791748046875 -0.2294921875
-0.0262908935546875 -0.205169677734375 -0.174591064453125 0.12042236328125
0.0537872314453125 -0.22528076171875 0.1021728515625 0.341583251953125
-0.0234527587890625 -0.271347045898438 0.2552490234375 0.158645629882813
-0.18194580078125 -0.28582763671875 0.178787231445313 0.0387420654296875
-0.294219970703125 -0.130523681640625 0.139045715332031 0.0716705322265625
-0.290557861328125 -0.000885009765625026 0.138420104980469 0.06951904296875
-0.280624389648438 -0.0331420898437501 0.134872436523437 0.059112548828125
-0.2828369140625 -0.025115966796875 0.101356506347656 0.055450439453125
-0.229690551757813 -0.129928588867187 0.0560073852539062 0.0356941223144531
-0.145599365234375 -0.249649047851562 0.0173187255859375 -0.0696830749511719
-0.00213623046875001 -0.30450439453125 0.0242767333984375 -0.154586791992188
0.191574096679688 -0.24884033203125 0.125640869140625 -0.236434936523438
0.137832641601563 -0.154617309570313 0.250579833984375 -0.303863525390625
0.095855712890625 -0.29022216796875 0.291717529296875 -0.12677001953125
-0.128921508789062 -0.20013427734375 0.2000732421875 -0.313018798828125
-0.0693397521972656 -0.02947998046875 -0.089813232421875 0.0535202026367187
0.101997375488281 -0.0744781494140625 0.13580322265625 0.246795654296875
0.0420379638671875 -0.192230224609375 0.233245849609375 0.128433227539063
-0.126235961914063 -0.22906494140625 0.203781127929687 0.081817626953125
-0.24249267578125 -0.089447021484375 0.230804443359375 0.0926055908203125
-0.227020263671875 0.027496337890625 0.239425659179688 0.042083740234375
-0.224014282226563 0.00326538085937497 0.21600341796875 0.0286102294921875
-0.234878540039062 0.0107421875 0.182601928710937 0.0341796875
-0.2010498046875 -0.0836334228515625 0.133232116699219 0.047576904296875
-0.114761352539062 -0.196365356445313 0.0749282836914062 -0.0269775390625
0.0434722900390625 -0.215194702148437 0.0639572143554688 -0.114204406738281
0.157272338867188 -0.0922088623046875 0.1591796875 -0.221221923828125
0.0281543731689453 -0.0129871368408203 0.3333740234375 -0.32342529296875
-0.0687408447265625 -0.188308715820313 0.357208251953125 -0.1759033203125
-0.229995727539062 -0.00323486328125003 0.192535400390625 -0.34417724609375
-0.0824127197265625 0.136497497558594 -0.0280838012695313 0.00596809387207032
0.135429382324219 0.0586776733398437 0.134063720703125 0.172805786132813
0.0848922729492188 -0.100669860839844 0.19256591796875 0.123458862304688
-0.0636062622070312 -0.138214111328125 0.212539672851563 0.127059936523438
-0.153472900390625 -0.0316619873046875 0.291412353515625 0.103240966796875
-0.1265869140625 0.050079345703125 0.30218505859375 0.0107421875
-0.135139465332031 0.0386428833007812 0.264236450195313 -0.0056610107421875
-0.159530639648438 0.043487548828125 0.238037109375 0.0059967041015625
-0.155014038085938 -0.031280517578125 0.1915283203125 0.0487518310546875
-0.0756072998046875 -0.125640869140625 0.113296508789063 0.0119171142578125
0.0701065063476563 -0.102058410644531 0.0752639770507813 -0.0819778442382813
0.0734329223632813 0.0644683837890625 0.171340942382813 -0.224411010742188
-0.113517761230469 0.1016845703125 0.391998291015625 -0.333404541015625
-0.229904174804688 -0.0844573974609375 0.369110107421875 -0.200103759765625
0.3822021484375 -0.0906982421875 -0.302520751953125 0.197540283203125
0.213836669921875 -0.19439697265625 -0.43096923828125 0.368011474609375
0.006195068359375 -0.200225830078125 -0.13031005859375 0.272628784179687
-0.071380615234375 -0.0392990112304687 -0.0341033935546875 0.0790863037109375
0.0269241333007812 0.0428581237792969 -0.109588623046875 -0.0544357299804688
0.10089111328125 -0.0301055908203125 -0.223236083984375 -0.04571533203125
0.0407485961914063 -0.0923995971679687 -0.266571044921875 0.0465850830078125
0.0184860229492188 -0.0792999267578125 -0.264938354492188 0.0588989257812499
0.0232391357421875 -0.0725021362304687 -0.307952880859375 0.0389404296875
0.0431327819824219 -0.0335540771484375 -0.32342529296875 -0.0701904296875001
0.00433921813964844 0.0284976959228516 -0.2569580078125 -0.133834838867188
-0.121437072753906 0.00600433349609373 -0.186019897460937 -0.128997802734375
-0.10931396484375 -0.177963256835938 -0.110443115234375 -0.158126831054688
0.052886962890625 -0.271774291992188 -0.0560188293457031 -0.0265541076660156
0.274246215820313 -0.185699462890625 -0.225311279296875 0.2955322265625
0.422943115234375 -0.215667724609375 -0.204696655273437 0.1634521484375
0.282806396484375 -0.276885986328125 -0.436187744140625 0.35882568359375
0.07373046875 -0.3365478515625 -0.113128662109375 0.352081298828125
-0.0745391845703125 -0.18048095703125 0.0250320434570312 0.11492919921875
-0.051116943359375 -0.0743789672851562 -0.0855331420898438 -0.0649948120117187
-0.00952911376953125 -0.0778350830078125 -0.225006103515625 -0.026397705078125
-0.0702896118164062 -0.09405517578125 -0.2530517578125 0.0822601318359375
-0.0991058349609375 -0.0936126708984375 -0.232650756835938 0.085845947265625
-0.102867126464844 -0.0803909301757813 -0.277008056640625 0.061614990234375
-0.067840576171875 -0.0925750732421875 -0.300048828125 -0.0521240234375001
-0.0702362060546875 -0.0862503051757812 -0.245208740234375 -0.147628784179688
-0.135749816894531 -0.123687744140625 -0.170166015625 -0.157363891601563
-0.055419921875 -0.2916259765625 -0.080169677734375 -0.170181274414063
0.092071533203125 -0.362884521484375 -0.0468063354492188 -0.0485954284667969
0.31939697265625 -0.32830810546875 -0.157257080078125 0.2406005859375
0.3896484375 -0.343841552734375 -0.0847702026367187 0.0987472534179687
0.265167236328125 -0.349029541015625 -0.4071044921875 0.3284912109375
0.087188720703125 -0.42816162109375 -0.07928466796875 0.42401123046875
-0.08929443359375 -0.2945556640625 0.101898193359375 0.16558837890625
-0.135879516601562 -0.18853759765625 -0.0277137756347656 -0.0519866943359375
-0.133064270019531 -0.117950439453125 -0.178817749023438 -0.00140380859375002
-0.17962646484375 -0.0797576904296875 -0.196990966796875 0.10400390625
-0.202239990234375 -0.0939788818359375 -0.164047241210938 0.10015869140625
-0.208663940429688 -0.079376220703125 -0.204833984375 0.07550048828125
-0.162338256835938 -0.138259887695313 -0.234817504882813 -0.0295257568359375
-0.134536743164063 -0.187744140625 -0.206192016601563 -0.148208618164062
-0.136215209960937 -0.247650146484375 -0.14434814453125 -0.181838989257813
0.019500732421875 -0.38543701171875 -0.0410919189453125 -0.201568603515625
0.14215087890625 -0.406219482421875 -0.00537872314453124 -0.108734130859375
0.331146240234375 -0.41546630859375 -0.0569305419921875 0.150497436523437
0.2874755859375 -0.438446044921875 0.0301685333251953 0.000247955322265598
0.17169189453125 -0.387115478515625 -0.346160888671875 0.27740478515625
0.05145263671875 -0.44696044921875 -0.0195312499999999 0.456207275390625
-0.106903076171875 -0.349029541015625 0.185104370117187 0.19573974609375
-0.2042236328125 -0.267486572265625 0.0509452819824219 -0.0274581909179688
-0.241531372070313 -0.140853881835938 -0.0884246826171875 0.0250625610351562
-0.267074584960938 -0.053070068359375 -0.10076904296875 0.107856750488281
-0.27471923828125 -0.0792236328125001 -0.0705642700195313 0.0998687744140625
-0.278564453125 -0.066162109375 -0.105323791503906 0.0780563354492188
-0.224349975585937 -0.16064453125 -0.140640258789063 -0.00473022460937498
-0.1749267578125 -0.254714965820312 -0.14141845703125 -0.134201049804688
-0.1180419921875 -0.33294677734375 -0.100814819335938 -0.192062377929688
0.0955810546875 -0.426513671875 0.00675964355468751 -0.233352661132813
0.181427001953125 -0.387359619140625 0.06231689453125 -0.190826416015625
0.301910400390625 -0.436614990234375 0.0650062561035156 0.0436210632324218
0.141998291015625 -0.456207275390625 0.117607116699219 -0.123268127441406
0.0526123046875 -0.343353271484375 -0.265548706054688 0.20733642578125
0.023651123046875 -0.3719482421875 0.05322265625 0.4268798828125
-0.092437744140625 -0.33343505859375 0.246383666992188 0.187088012695312
-0.227081298828125 -0.297210693359375 0.128028869628906 0.00108337402343748
-0.304229736328125 -0.141571044921875 0.0281448364257812 0.0482635498046875
-0.30877685546875 -0.0205688476562499 0.0202407836914062 0.0938186645507813
-0.304351806640625 -0.052520751953125 0.0368499755859375 0.0833740234375
-0.304534912109375 -0.042388916015625 0.00327682495117186 0.069580078125
-0.247390747070313 -0.153732299804688 -0.0365447998046875 0.0166358947753906
-0.179916381835938 -0.2735595703125 -0.0621795654296875 -0.10809326171875
-0.07269287109375 -0.35430908203125 -0.0410919189453125 -0.184906005859375
0.158599853515625 -0.384124755859375 0.0636444091796875 -0.249481201171875
0.18621826171875 -0.300079345703125 0.15008544921875 -0.26751708984375
0.21905517578125 -0.392608642578125 0.18994140625 -0.0598602294921875
-0.010955810546875 -0.369415283203125 0.170333862304688 -0.243942260742188
-0.0348663330078125 -0.2086181640625 -0.17547607421875 0.129379272460937
0.045440673828125 -0.234237670898437 0.116363525390625 0.3441162109375
-0.03460693359375 -0.274627685546875 0.263778686523438 0.151962280273437
-0.1995849609375 -0.281829833984375 0.181182861328125 0.0349273681640625
-0.305389404296875 -0.1202392578125 0.144073486328125 0.0693359375
-0.294921875 0.010894775390625 0.143310546875 0.066864013671875
-0.2879638671875 -0.01910400390625 0.138259887695312 0.0549240112304688
-0.28912353515625 -0.010467529296875 0.104324340820313 0.0509872436523438
-0.238998413085937 -0.121994018554688 0.0608139038085937 0.0326080322265625
-0.1585693359375 -0.248611450195312 0.0147476196289063 -0.0721359252929688
-0.015228271484375 -0.3101806640625 0.019866943359375 -0.156784057617188
0.183013916015625 -0.26373291015625 0.117950439453125 -0.242874145507813
0.137237548828125 -0.16168212890625 0.242706298828125 -0.3175048828125
0.084442138671875 -0.3018798828125 0.29443359375 -0.141357421875
-0.142303466796875 -0.199371337890625 0.1885986328125 -0.3282470703125
-0.071624755859375 -0.0269775390625 -0.0917205810546875 0.0570907592773437
0.1015625 -0.0827560424804688 0.146865844726562 0.245620727539063
0.03521728515625 -0.198150634765625 0.240341186523437 0.121673583984375
-0.140853881835938 -0.227630615234375 0.208847045898437 0.07818603515625
-0.251541137695313 -0.0808563232421875 0.240325927734375 0.08612060546875
-0.228408813476563 0.03790283203125 0.245315551757812 0.0334320068359375
-0.22796630859375 0.0151214599609375 0.218673706054688 0.01947021484375
-0.238677978515625 0.0238037109375 0.185379028320312 0.0244293212890625
-0.20892333984375 -0.07562255859375 0.1397705078125 0.0405960083007812
-0.125152587890625 -0.194564819335938 0.0767669677734375 -0.03070068359375
0.03521728515625 -0.222381591796875 0.0613479614257813 -0.116539001464844
0.155746459960938 -0.101943969726563 0.152679443359375 -0.228225708007812
0.031036376953125 -0.0127811431884766 0.32537841796875 -0.340850830078125
-0.0796356201171875 -0.190399169921875 0.3590087890625 -0.194061279296875
-0.236907958984375 0.00616455078124997 0.18011474609375 -0.359649658203125
-0.077545166015625 0.143722534179688 -0.0301094055175781 0.00663757324218751
0.14166259765625 0.051544189453125 0.141250610351562 0.169586181640625
0.0821990966796875 -0.105705261230469 0.198898315429688 0.119400024414062
-0.07281494140625 -0.137077331542969 0.221450805664063 0.124130249023437
-0.15826416015625 -0.025146484375 0.302825927734375 0.09503173828125
-0.125694274902344 0.0572280883789063 0.3070068359375 -0.0010986328125
-0.13604736328125 0.0472946166992188 0.266494750976563 -0.0175628662109375
-0.15997314453125 0.05487060546875 0.241714477539062 -0.0066680908203125
-0.159759521484375 -0.0240631103515625 0.199172973632812 0.0387115478515625
-0.0831832885742188 -0.12432861328125 0.117813110351563 0.00756072998046874
0.0666275024414062 -0.108314514160156 0.0736007690429688 -0.084320068359375
0.0766983032226563 0.0623397827148438 0.164779663085937 -0.231430053710938
-0.109718322753906 0.109169006347656 0.386505126953125 -0.354736328125
-0.240341186523438 -0.0767517089843751 0.369293212890625 -0.218414306640625
0.380157470703125 -0.115692138671875 -0.29193115234375 0.21490478515625
0.202728271484375 -0.208343505859375 -0.411346435546875 0.393310546875
-0.0072479248046875 -0.198532104492187 -0.116790771484375 0.280197143554688
-0.0738601684570312 -0.0321807861328125 -0.0322647094726563 0.0795059204101562
0.0329513549804688 0.0403518676757813 -0.116950988769531 -0.047882080078125
0.101554870605469 -0.0400543212890625 -0.229415893554688 -0.0286102294921875
0.0333938598632812 -0.097869873046875 -0.262283325195313 0.064117431640625
0.0125350952148437 -0.0822601318359375 -0.258331298828125 0.0751037597656251
0.0173797607421875 -0.0770187377929687 -0.303009033203125 0.05755615234375
0.0419502258300781 -0.0393333435058594 -0.327545166015625 -0.051116943359375
0.00726890563964844 0.0261192321777344 -0.266616821289063 -0.120498657226563
-0.120559692382813 0.0150146484375 -0.191818237304688 -0.119140625
-0.120025634765625 -0.172027587890625 -0.119461059570313 -0.151275634765625
0.0368804931640625 -0.273910522460937 -0.0564460754394531 -0.0225105285644531
0.26556396484375 -0.20465087890625 -0.20477294921875 0.309722900390625
0.4129638671875 -0.24432373046875 -0.195770263671875 0.173629760742188
0.268646240234375 -0.295135498046875 -0.417388916015625 0.386932373046875
0.0523681640625 -0.340545654296875 -0.09527587890625 0.35882568359375
-0.0850677490234375 -0.17364501953125 0.0297470092773437 0.1124267578125
-0.0519332885742188 -0.0714340209960938 -0.0931396484375 -0.0594024658203125
-0.0112533569335938 -0.0808486938476563 -0.229934692382813 -0.00981140136718753
-0.0778350830078125 -0.0928955078125 -0.246994018554688 0.099456787109375
-0.106307983398438 -0.088592529296875 -0.225082397460938 0.100830078125
-0.109489440917969 -0.0757980346679688 -0.270767211914063 0.079132080078125
-0.072998046875 -0.0913543701171875 -0.302734375 -0.0345458984375001
-0.0745010375976563 -0.0842742919921875 -0.256240844726563 -0.134567260742187
-0.142105102539063 -0.115463256835937 -0.17803955078125 -0.146987915039063
-0.073028564453125 -0.289520263671875 -0.090728759765625 -0.165847778320313
0.071502685546875 -0.368560791015625 -0.0487480163574219 -0.0450363159179688
0.3017578125 -0.35235595703125 -0.139678955078125 0.250274658203125
0.371337890625 -0.37066650390625 -0.0792160034179687 0.102310180664062
0.245452880859375 -0.366973876953125 -0.389556884765625 0.354156494140625
0.058685302734375 -0.433441162109375 -0.056488037109375 0.431640625
-0.10546875 -0.28802490234375 0.110626220703125 0.158767700195313
-0.144607543945313 -0.179519653320313 -0.0351905822753906 -0.0495033264160156
-0.13751220703125 -0.113510131835937 -0.182785034179688 0.01287841796875
-0.186080932617188 -0.0715484619140625 -0.189773559570313 0.118209838867187
-0.208938598632813 -0.0818939208984375 -0.156875610351563 0.111618041992188
-0.2149658203125 -0.0673370361328125 -0.198257446289063 0.0885467529296875
-0.170211791992188 -0.131149291992188 -0.235214233398438 -0.015167236328125
-0.145614624023438 -0.182266235351563 -0.217498779296875 -0.136505126953125
-0.150314331054687 -0.239547729492188 -0.154067993164063 -0.172561645507813
-0.00537109374999999 -0.388275146484375 -0.0535888671875 -0.199142456054688
0.1192626953125 -0.41351318359375 -0.0103836059570312 -0.106468200683594
0.309326171875 -0.4398193359375 -0.0444793701171875 0.153564453125
0.26165771484375 -0.459686279296875 0.029958724975586 -0.0037803649902344
0.150146484375 -0.398895263671875 -0.333251953125 0.298614501953125
0.024566650390625 -0.450927734375 0.00555419921874998 0.459686279296875
-0.125823974609375 -0.342498779296875 0.1947021484375 0.18499755859375
-0.2203369140625 -0.254623413085938 0.0457038879394531 -0.0286941528320313
-0.249343872070312 -0.128326416015625 -0.0899887084960938 0.0339279174804688
-0.27117919921875 -0.03912353515625 -0.0932693481445313 0.116912841796875
-0.280731201171875 -0.061553955078125 -0.0633926391601563 0.105323791503906
-0.28326416015625 -0.049072265625 -0.100326538085938 0.0854721069335937
-0.233810424804687 -0.148117065429688 -0.139060974121094 0.00292968749999998
-0.189010620117188 -0.2459716796875 -0.150955200195313 -0.12689208984375
-0.13677978515625 -0.325286865234375 -0.110916137695313 -0.185531616210938
0.067901611328125 -0.433807373046875 -0.007843017578125 -0.23260498046875
0.161163330078125 -0.39947509765625 0.052703857421875 -0.1923828125
0.277191162109375 -0.459869384765625 0.0711898803710938 0.0384902954101562
0.11383056640625 -0.467681884765625 0.110359191894531 -0.133445739746094
0.032379150390625 -0.34844970703125 -0.256729125976563 0.2237548828125
-0.000366210937499962 -0.3770751953125 0.077484130859375 0.42547607421875
-0.1114501953125 -0.3280029296875 0.2559814453125 0.17352294921875
-0.246185302734375 -0.283538818359375 0.124725341796875 -0.00396728515625002
-0.31298828125 -0.124603271484375 0.0297431945800781 0.0502510070800781
-0.31072998046875 -0.00323486328124995 0.0257339477539062 0.0952529907226563
-0.308074951171875 -0.032318115234375 0.04058837890625 0.0820693969726563
-0.30780029296875 -0.021942138671875 0.00706863403320311 0.0693893432617188
-0.256439208984375 -0.138916015625 -0.033041000366211 0.017181396484375
-0.1956787109375 -0.26385498046875 -0.0696945190429688 -0.105598449707031
-0.09368896484375 -0.350341796875 -0.051055908203125 -0.18109130859375
0.132232666015625 -0.395843505859375 0.0487823486328125 -0.251251220703125
0.1715087890625 -0.311431884765625 0.135848999023437 -0.27337646484375
0.194305419921875 -0.409332275390625 0.1903076171875 -0.0711822509765625
-0.036163330078125 -0.371337890625 0.154937744140625 -0.256591796875
-0.047119140625 -0.20721435546875 -0.171188354492188 0.139785766601563
0.03094482421875 -0.240158081054688 0.136749267578125 0.339508056640625
-0.0499420166015625 -0.272659301757813 0.271148681640625 0.137298583984375
-0.217864990234375 -0.268508911132813 0.181427001953125 0.0267181396484375
-0.314788818359375 -0.102264404296875 0.148941040039062 0.0630340576171875
-0.294921875 0.0284423828125 0.146987915039062 0.06005859375
-0.289764404296875 0.000213623046874942 0.139907836914062 0.0467453002929687
-0.28961181640625 0.00930786132812506 0.106048583984375 0.0436325073242188
-0.246627807617188 -0.10711669921875 0.0642127990722656 0.0269546508789062
-0.17376708984375 -0.239212036132813 0.010406494140625 -0.073638916015625
-0.033203125 -0.3106689453125 0.0114288330078125 -0.156112670898438
0.165374755859375 -0.276275634765625 0.103622436523438 -0.247085571289063
0.131088256835938 -0.168914794921875 0.225311279296875 -0.33001708984375
0.0645751953125 -0.309326171875 0.289337158203125 -0.159393310546875
-0.1573486328125 -0.191650390625 0.167755126953125 -0.3426513671875
-0.0735397338867188 -0.0218887329101563 -0.09075927734375 0.06280517578125
0.0975418090820313 -0.0917282104492188 0.159820556640625 0.237457275390625
0.0246124267578125 -0.200546264648438 0.245407104492188 0.10906982421875
-0.157012939453125 -0.218521118164063 0.213699340820313 0.0687713623046875
-0.258407592773438 -0.0643157958984375 0.247589111328125 0.0738372802734375
-0.2266845703125 0.0519256591796875 0.246826171875 0.0197906494140625
-0.2275390625 0.031707763671875 0.217514038085938 0.00604248046875
-0.237548828125 0.041534423828125 0.1849365234375 0.01153564453125
-0.213592529296875 -0.061614990234375 0.144271850585938 0.02960205078125
-0.137405395507812 -0.187896728515625 0.0759429931640625 -0.036163330078125
0.0215301513671875 -0.226211547851562 0.0556793212890625 -0.118545532226563
0.149017333984375 -0.111785888671875 0.139450073242188 -0.2332763671875
0.0330772399902344 -0.0135326385498047 0.30560302734375 -0.3594970703125
-0.09368896484375 -0.186264038085937 0.35064697265625 -0.2149658203125
-0.239044189453125 0.021942138671875 0.15618896484375 -0.370819091796875
-0.068328857421875 0.14984130859375 -0.0316886901855469 0.0090160369873047
0.1463623046875 0.04022216796875 0.149246215820313 0.16064453125
0.0762252807617188 -0.111381530761719 0.204116821289063 0.109207153320313
-0.0836563110351562 -0.131752014160156 0.229690551757813 0.114471435546875
-0.161880493164063 -0.0139312744140625 0.311737060546875 0.078277587890625
-0.121818542480469 0.066131591796875 0.307098388671875 -0.01947021484375
-0.133056640625 0.0576553344726563 0.263015747070313 -0.0347900390625
-0.156173706054688 0.06793212890625 0.2396240234375 -0.0243682861328125
-0.161590576171875 -0.0125732421875 0.203521728515625 0.0241546630859375
-0.09173583984375 -0.119834899902344 0.120391845703125 -7.62939453125734E-06
0.0600814819335937 -0.114395141601563 0.0697174072265625 -0.0869293212890625
0.0808334350585938 0.0577392578125 0.150848388671875 -0.236801147460938
-0.101669311523437 0.117347717285156 0.366485595703125 -0.37506103515625
-0.24774169921875 -0.0624542236328125 0.359375 -0.241302490234375
0.365936279296875 -0.13629150390625 -0.274169921875 0.224655151367187
0.185760498046875 -0.214263916015625 -0.377349853515625 0.407745361328125
-0.0188751220703125 -0.191268920898437 -0.0992889404296875 0.27923583984375
-0.0728836059570313 -0.0242080688476563 -0.0290298461914063 0.078277587890625
0.0381698608398437 0.0360221862792969 -0.119644165039062 -0.03973388671875
0.0990982055664063 -0.0497970581054688 -0.228744506835937 -0.0110015869140625
0.02569580078125 -0.0994796752929687 -0.251266479492187 0.0793609619140625
0.00653839111328126 -0.0826034545898438 -0.244338989257813 0.0890045166015625
0.010833740234375 -0.0785293579101563 -0.28875732421875 0.073577880859375
0.0392265319824219 -0.0437469482421875 -0.322479248046875 -0.031463623046875
0.0103645324707031 0.0238456726074219 -0.268661499023438 -0.1041259765625
-0.115470886230469 0.0228347778320313 -0.191436767578125 -0.1058349609375
-0.127090454101563 -0.160934448242188 -0.123992919921875 -0.141159057617188
0.0202789306640625 -0.268829345703125 -0.0558395385742188 -0.0180015563964844
0.249526977539063 -0.21832275390625 -0.178558349609375 0.312744140625
0.39056396484375 -0.263671875 -0.18115234375 0.178955078125
0.245513916015625 -0.302642822265625 -0.3848876953125 0.399932861328125
0.030731201171875 -0.333892822265625 -0.072235107421875 0.355316162109375
-0.0907745361328125 -0.161666870117188 0.0333786010742187 0.107078552246094
-0.0511436462402344 -0.0670509338378906 -0.0980224609375 -0.0511016845703125
-0.0132827758789062 -0.0826416015625 -0.2286376953125 0.00697326660156253
-0.08251953125 -0.088470458984375 -0.233306884765625 0.11322021484375
-0.109725952148438 -0.0811538696289063 -0.209930419921875 0.11260986328125
-0.112312316894531 -0.0695648193359375 -0.256500244140625 0.0939788818359375
-0.0758132934570313 -0.0874252319335938 -0.296356201171875 -0.016204833984375
-0.0766448974609375 -0.0798721313476563 -0.260177612304688 -0.118316650390625
-0.1441650390625 -0.103317260742188 -0.180252075195312 -0.133941650390625
-0.0886383056640625 -0.2781982421875 -0.0972442626953125 -0.155670166015625
0.049102783203125 -0.36248779296875 -0.0485420227050781 -0.0394973754882813
0.274749755859375 -0.363983154296875 -0.1187744140625 0.251800537109375
0.341217041015625 -0.385284423828125 -0.0712890625 0.101661682128906
0.219879150390625 -0.372222900390625 -0.360748291015625 0.36859130859375
0.032379150390625 -0.427154541015625 -0.031036376953125 0.425445556640625
-0.117080688476563 -0.2728271484375 0.114944458007812 0.149093627929687
-0.148880004882812 -0.166595458984375 -0.0406608581542969 -0.0444755554199219
-0.138633728027344 -0.106292724609375 -0.180084228515625 0.0274200439453125
-0.186981201171875 -0.061126708984375 -0.17669677734375 0.128372192382813
-0.20989990234375 -0.06787109375 -0.143630981445312 0.119003295898438
-0.214141845703125 -0.0534820556640625 -0.18621826171875 0.0988616943359375
-0.172821044921875 -0.11981201171875 -0.22833251953125 -0.00196838378906246
-0.151687622070313 -0.171585083007813 -0.221359252929688 -0.122344970703125
-0.159194946289062 -0.22503662109375 -0.157989501953125 -0.159255981445313
-0.02911376953125 -0.37835693359375 -0.0636444091796875 -0.189315795898438
0.09442138671875 -0.40899658203125 -0.0146560668945312 -0.102058410644531
0.27587890625 -0.450469970703125 -0.030975341796875 0.151519775390625
0.22674560546875 -0.466278076171875 0.0293235778808594 -0.00790405273437503
0.12371826171875 -0.3995361328125 -0.309295654296875 0.31011962890625
-0.00473022460937497 -0.442840576171875 0.031768798828125 0.450714111328125
-0.140289306640625 -0.32562255859375 0.198867797851562 0.170211791992187
-0.227584838867187 -0.2344970703125 0.0396385192871094 -0.0282783508300781
-0.249191284179688 -0.113754272460938 -0.0873184204101563 0.0418014526367187
-0.268646240234375 -0.0234375000000001 -0.0841064453125 0.121482849121094
-0.277481079101563 -0.0428466796875 -0.0553054809570313 0.108283996582031
-0.278884887695313 -0.0298004150390625 -0.0914688110351563 0.09033203125
-0.236053466796875 -0.132064819335938 -0.134292602539063 0.0102005004882813
-0.198272705078125 -0.230239868164063 -0.155471801757813 -0.116104125976562
-0.15191650390625 -0.309844970703125 -0.116912841796875 -0.17340087890625
0.04022216796875 -0.4263916015625 -0.0211334228515625 -0.224044799804688
0.136688232421875 -0.39825439453125 0.042083740234375 -0.1885986328125
0.24261474609375 -0.4669189453125 0.0748291015625 0.03302001953125
0.08148193359375 -0.46502685546875 0.0989227294921875 -0.138580322265625
0.012451171875 -0.34283447265625 -0.240249633789063 0.233444213867187
-0.0233154296875 -0.36920166015625 0.099639892578125 0.411224365234375
-0.124969482421875 -0.312957763671875 0.257583618164063 0.154281616210937
-0.256362915039062 -0.260482788085938 0.119117736816406 -0.00865173339843752
-0.3131103515625 -0.104522705078125 0.0311508178710937 0.0506935119628906
-0.30499267578125 0.014739990234375 0.030975341796875 0.0937118530273438
-0.3028564453125 -0.012115478515625 0.0443267822265625 0.0796432495117188
-0.30047607421875 -0.00137329101562504 0.0108528137207031 0.0685653686523438
-0.257980346679687 -0.1212158203125 -0.0300331115722656 0.0175075531005859
-0.20587158203125 -0.246826171875 -0.0745468139648438 -0.0997467041015625
-0.111083984375 -0.33740234375 -0.0582275390625 -0.172103881835938
0.1048583984375 -0.393951416015625 0.03369140625 -0.244308471679688
0.152587890625 -0.312347412109375 0.118301391601563 -0.272598266601563
0.1639404296875 -0.412750244140625 0.18450927734375 -0.0814361572265625
-0.05865478515625 -0.361236572265625 0.134613037109375 -0.261505126953125
-0.0584259033203125 -0.200531005859375 -0.162612915039062 0.14727783203125
0.015472412109375 -0.238311767578125 0.1510009765625 0.323638916015625
-0.0623626708984375 -0.263916015625 0.269821166992188 0.119003295898437
-0.229263305664063 -0.248825073242188 0.1768798828125 0.0190887451171875
-0.314056396484375 -0.08209228515625 0.149932861328125 0.0554351806640625
-0.287109375 0.045318603515625 0.146865844726563 0.0518646240234375
-0.2823486328125 0.019012451171875 0.137275695800781 0.0394134521484375
-0.280654907226563 0.0291748046875 0.104278564453125 0.036773681640625
-0.245803833007812 -0.0890655517578125 0.0655479431152344 0.0203742980957031
-0.183929443359375 -0.2242431640625 0.00569152832031249 -0.0733795166015625
-0.049896240234375 -0.301605224609375 0.00437927246093751 -0.151046752929688
0.14434814453125 -0.278854370117188 0.08734130859375 -0.242172241210938
0.121185302734375 -0.171768188476562 0.20220947265625 -0.332977294921875
0.042694091796875 -0.30621337890625 0.275680541992188 -0.1715087890625
-0.166656494140625 -0.177780151367188 0.141571044921875 -0.345001220703125
-0.0726165771484375 -0.0167922973632812 -0.0878753662109375 0.0675201416015625
0.0892868041992188 -0.097747802734375 0.168289184570312 0.223098754882813
0.013427734375 -0.197677612304688 0.24334716796875 0.0931549072265625
-0.16815185546875 -0.203048706054688 0.211990356445313 0.0580291748046875
-0.258193969726563 -0.046661376953125 0.247543334960938 0.0592803955078125
-0.218612670898437 0.064727783203125 0.241943359375 0.00659179687500001
-0.21990966796875 0.046478271484375 0.210098266601563 -0.0061798095703125
-0.227432250976563 0.0581207275390625 0.178985595703125 -0.000244140624999997
-0.212066650390625 -0.0461578369140625 0.143524169921875 0.0172271728515625
-0.145645141601562 -0.175445556640625 0.0732421875 -0.0400924682617188
0.00801086425781252 -0.223129272460938 0.0491409301757813 -0.116752624511719
0.138320922851563 -0.117752075195313 0.123397827148438 -0.230422973632813
0.0341053009033203 -0.0141658782958984 0.278900146484375 -0.36566162109375
-0.105072021484375 -0.176849365234375 0.332122802734375 -0.227630615234375
-0.234619140625 0.03643798828125 0.129364013671875 -0.37237548828125
-0.058074951171875 0.150344848632813 -0.0322246551513672 0.0113544464111328
0.144683837890625 0.0279693603515625 0.152740478515625 0.147537231445313
0.0686264038085938 -0.113838195800781 0.203109741210937 0.0961151123046875
-0.0915069580078125 -0.12274169921875 0.232101440429688 0.101364135742188
-0.160629272460938 -0.00210571289062503 0.311370849609375 0.059295654296875
-0.114265441894531 0.0727081298828125 0.297943115234375 -0.03564453125
-0.126220703125 0.0656280517578125 0.251419067382813 -0.049102783203125
-0.147918701171875 0.0785064697265625 0.229629516601563 -0.03955078125
-0.158905029296875 -0.00106811523437503 0.200515747070313 0.00836181640625
-0.09722900390625 -0.111648559570312 0.119926452636719 -0.00848388671875001
0.0510406494140625 -0.117462158203125 0.0648651123046875 -0.0866241455078125
0.0829010009765625 0.0521392822265625 0.13519287109375 -0.234512329101563
-0.0900115966796875 0.120689392089844 0.335662841796875 -0.38604736328125
-0.248626708984375 -0.0461883544921875 0.338287353515625 -0.25341796875
0.348297119140625 -0.1461181640625 -0.2562255859375 0.2242431640625
0.172164916992187 -0.212997436523437 -0.34857177734375 0.404449462890625
-0.0246429443359375 -0.181381225585938 -0.0869903564453125 0.270782470703125
-0.0701332092285156 -0.017822265625 -0.0278244018554688 0.0756301879882813
0.0405387878417969 0.0326423645019531 -0.119621276855469 -0.0330963134765625
0.0954437255859375 -0.0563888549804688 -0.222885131835938 0.000625610351562478
0.01910400390625 -0.0983963012695312 -0.237518310546875 0.086944580078125
0.00246429443359374 -0.08087158203125 -0.2279052734375 0.093292236328125
0.00628662109375 -0.0786056518554688 -0.2720947265625 0.080352783203125
0.0369911193847656 -0.0462608337402344 -0.310882568359375 -0.018707275390625
0.0116996765136719 0.0208053588867187 -0.265182495117188 -0.0922088623046876
-0.109298706054687 0.0272445678710937 -0.186264038085938 -0.095916748046875
-0.127914428710938 -0.150253295898438 -0.123481750488281 -0.131416320800781
0.00988769531249997 -0.258285522460938 -0.0536537170410156 -0.0149917602539063
0.233383178710938 -0.222396850585938 -0.1578369140625 0.30706787109375
0.36712646484375 -0.27197265625 -0.16851806640625 0.176376342773437
0.227142333984375 -0.3004150390625 -0.357177734375 0.39837646484375
0.017852783203125 -0.3214111328125 -0.058929443359375 0.344940185546875
-0.0916748046875 -0.149703979492188 0.0336685180664062 0.100547790527344
-0.048858642578125 -0.0635185241699219 -0.09918212890625 -0.0447311401367188
-0.0137481689453125 -0.0836944580078125 -0.22161865234375 0.0191650390625
-0.0847244262695313 -0.0839996337890625 -0.21929931640625 0.119277954101562
-0.109779357910156 -0.0747451782226562 -0.195053100585937 0.115554809570313
-0.111686706542969 -0.0642623901367188 -0.24072265625 0.099029541015625
-0.0758895874023438 -0.0840530395507812 -0.2850341796875 -0.00506591796875005
-0.0755996704101562 -0.0756301879882813 -0.255950927734375 -0.105117797851562
-0.141403198242187 -0.09375 -0.176162719726563 -0.122848510742187
-0.0956878662109375 -0.264389038085938 -0.09832763671875 -0.14556884765625
0.03564453125 -0.350372314453125 -0.0468521118164063 -0.0351371765136719
0.253173828125 -0.36279296875 -0.102386474609375 0.245040893554687
0.315032958984375 -0.3846435546875 -0.0651473999023437 0.097991943359375
0.198974609375 -0.36724853515625 -0.336944580078125 0.366607666015625
0.01611328125 -0.4122314453125 -0.015594482421875 0.41009521484375
-0.120773315429687 -0.25653076171875 0.114173889160156 0.138206481933594
-0.146530151367188 -0.155349731445313 -0.0434303283691406 -0.0391616821289063
-0.13519287109375 -0.100944519042969 -0.173980712890625 0.03656005859375
-0.184326171875 -0.053619384765625 -0.1644287109375 0.132476806640625
-0.204742431640625 -0.0569915771484375 -0.132118225097656 0.121063232421875
-0.207901000976563 -0.0438690185546875 -0.173049926757813 0.102752685546875
-0.170013427734375 -0.1112060546875 -0.21954345703125 0.00587463378906249
-0.1514892578125 -0.1611328125 -0.219375610351562 -0.11016845703125
-0.160446166992188 -0.210372924804688 -0.155975341796875 -0.1475830078125
-0.042724609375 -0.36346435546875 -0.0665283203125 -0.17816162109375
0.07904052734375 -0.39666748046875 -0.0155029296875 -0.0954132080078125
0.250091552734375 -0.445556640625 -0.0214080810546875 0.145721435546875
0.200927734375 -0.458221435546875 0.0273513793945313 -0.0114154815673828
0.104644775390625 -0.3892822265625 -0.289794921875 0.309661865234375
-0.0208740234375 -0.42620849609375 0.044891357421875 0.43377685546875
-0.144378662109375 -0.3072509765625 0.1954345703125 0.156951904296875
-0.226608276367187 -0.217514038085938 0.0345115661621094 -0.0266017913818359
-0.242874145507813 -0.102890014648438 -0.0839920043945313 0.0478439331054688
-0.260330200195313 -0.0135345458984375 -0.0759201049804687 0.122283935546875
-0.269485473632812 -0.0292510986328125 -0.0483245849609375 0.107940673828125
-0.269149780273438 -0.0179290771484375 -0.0826187133789063 0.0919265747070312
-0.231369018554688 -0.119400024414062 -0.127899169921875 0.0131072998046875
-0.199111938476563 -0.214981079101562 -0.15557861328125 -0.10650634765625
-0.15631103515625 -0.292938232421875 -0.116531372070313 -0.16156005859375
0.02130126953125 -0.412353515625 -0.027099609375 -0.21173095703125
0.120391845703125 -0.3865966796875 0.035919189453125 -0.180816650390625
0.21575927734375 -0.4605712890625 0.0763778686523438 0.0283584594726562
0.06011962890625 -0.451812744140625 0.089263916015625 -0.1392822265625
-0.00155639648437501 -0.33123779296875 -0.225570678710938 0.2335205078125
-0.037078857421875 -0.356109619140625 0.110107421875 0.395233154296875
-0.12957763671875 -0.297027587890625 0.25164794921875 0.1409912109375
-0.256332397460938 -0.240631103515625 0.112663269042969 -0.0104446411132813
-0.30535888671875 -0.0905761718750001 0.0315322875976562 0.0508270263671875
-0.294189453125 0.0258483886718751 0.0333099365234375 0.0915679931640625
-0.292144775390625 0.00131225585937504 0.044891357421875 0.077301025390625
-0.28814697265625 0.0113525390624999 0.0130157470703125 0.0669708251953125
-0.251693725585938 -0.106597900390625 -0.0273933410644531 0.0157966613769531
-0.207061767578125 -0.23089599609375 -0.0763397216796875 -0.0938491821289063
-0.118438720703125 -0.3199462890625 -0.0601959228515625 -0.162155151367188
0.0849609375 -0.381500244140625 0.0245208740234375 -0.231918334960938
0.138580322265625 -0.306365966796875 0.105560302734375 -0.264007568359375
0.140777587890625 -0.405364990234375 0.177154541015625 -0.0850677490234375
-0.072113037109375 -0.34637451171875 0.118545532226563 -0.258285522460938
-0.0639495849609375 -0.19061279296875 -0.153335571289062 0.1480712890625
0.00529479980468752 -0.231918334960938 0.155242919921875 0.306976318359375
-0.0679931640625 -0.252792358398438 0.2620849609375 0.106094360351563
-0.23193359375 -0.23046875 0.170684814453125 0.0142822265625
-0.306304931640625 -0.0668640136718751 0.147293090820313 0.0506134033203125
-0.275314331054687 0.055511474609375 0.14239501953125 0.04718017578125
-0.27166748046875 0.0312805175781249 0.131797790527344 0.0348587036132812
-0.267242431640625 0.040985107421875 0.100639343261719 0.0320816040039063
-0.239501953125 -0.076416015625 0.0643806457519531 0.0146064758300781
-0.185317993164063 -0.209075927734375 0.002777099609375 -0.0712509155273438
-0.0594482421875 -0.289337158203125 0.000762939453125007 -0.143783569335938
0.127655029296875 -0.273193359375 0.07684326171875 -0.231857299804688
0.113540649414063 -0.169479370117188 0.184051513671875 -0.326385498046875
0.02777099609375 -0.2965087890625 0.262374877929688 -0.174652099609375
-0.169891357421875 -0.164932250976563 0.1219482421875 -0.3387451171875
-0.0712661743164063 -0.0131683349609375 -0.0843582153320313 0.06939697265625
0.08172607421875 -0.0999374389648438 0.167938232421875 0.209030151367188
0.00733947753906251 -0.191879272460938 0.235427856445313 0.0821075439453125
-0.171142578125 -0.188034057617188 0.206527709960937 0.050750732421875
-0.251953125 -0.0337524414062499 0.242752075195312 0.049224853515625
-0.208053588867188 0.0720672607421875 0.232666015625 -0.00115966796875
-0.209548950195312 0.0542449951171875 0.199630737304688 -0.011871337890625
-0.214950561523438 0.067108154296875 0.170455932617188 -0.00679016113281249
-0.205001831054688 -0.03533935546875 0.139144897460938 0.00890350341796875
-0.147186279296875 -0.163421630859375 0.0694084167480469 -0.0424118041992188
-0.000793457031250004 -0.2166748046875 0.045135498046875 -0.112281799316406
0.128623962402344 -0.118316650390625 0.111557006835938 -0.220840454101562
0.0355567932128906 -0.0147132873535156 0.255859375 -0.359619140625
-0.109710693359375 -0.165496826171875 0.313751220703125 -0.230316162109375
-0.226181030273438 0.044708251953125 0.108001708984375 -0.36187744140625
-0.0502166748046875 0.14794921875 -0.0326576232910156 0.013214111328125
0.140037536621094 0.0189361572265625 0.150253295898438 0.1363525390625
0.062286376953125 -0.112770080566406 0.196914672851563 0.085968017578125
-0.0946197509765625 -0.113143920898438 0.228302001953125 0.0915679931640625
-0.155990600585938 0.0063629150390625 0.304901123046875 0.04608154296875
-0.106483459472656 0.0758132934570313 0.284881591796875 -0.04388427734375
-0.118545532226563 0.0702590942382813 0.23736572265625 -0.0564727783203125
-0.137680053710938 0.0845794677734375 0.21722412109375 -0.04705810546875
-0.152816772460938 0.00704956054687498 0.1943359375 -0.002960205078125
-0.0991439819335938 -0.104423522949219 0.11700439453125 -0.0134124755859375
0.0440292358398437 -0.11639404296875 0.0609664916992188 -0.0835800170898438
0.0829925537109375 0.0471115112304687 0.122787475585937 -0.225662231445313
-0.0801620483398437 0.119552612304688 0.311065673828125 -0.383087158203125
-0.2430419921875 -0.0354766845703125 0.31854248046875 -0.253570556640625
0.33734130859375 -0.148681640625 -0.2464599609375 0.21832275390625
0.164794921875 -0.208221435546875 -0.33221435546875 0.395538330078125
-0.026763916015625 -0.174072265625 -0.0829925537109375 0.2625732421875
-0.0666465759277344 -0.0137748718261719 -0.0277862548828125 0.0717239379882813
0.0421981811523438 0.0300025939941406 -0.119300842285156 -0.0284652709960937
0.0917587280273438 -0.0608978271484375 -0.218765258789063 0.00808715820312496
0.0156784057617188 -0.0976791381835937 -0.228347778320312 0.089752197265625
0.00038909912109375 -0.0791015625 -0.21710205078125 0.0924072265625
0.0028228759765625 -0.0786666870117188 -0.259857177734375 0.0799560546875
0.0352706909179688 -0.04833984375 -0.30145263671875 -0.0147094726562499
0.0131874084472656 0.0183773040771484 -0.26043701171875 -0.085540771484375
-0.10443115234375 0.0291824340820312 -0.179458618164062 -0.091766357421875
-0.126861572265625 -0.1431884765625 -0.120437622070313 -0.125862121582031
0.00659179687499997 -0.2498779296875 -0.0509033203125 -0.0128669738769531
0.2247314453125 -0.220626831054688 -0.14617919921875 0.29815673828125
0.35406494140625 -0.269287109375 -0.1617431640625 0.170303344726562
0.21588134765625 -0.295440673828125 -0.34185791015625 0.389404296875
0.012664794921875 -0.310150146484375 -0.055023193359375 0.335479736328125
-0.088592529296875 -0.141616821289062 0.0321044921875 0.096527099609375
-0.0454673767089844 -0.0613288879394531 -0.099609375 -0.04071044921875
-0.0135726928710938 -0.0859756469726563 -0.216094970703125 0.0263519287109375
-0.0846710205078125 -0.0819091796875 -0.210617065429688 0.120712280273438
-0.107666015625 -0.0710220336914063 -0.184967041015625 0.115020751953125
-0.110618591308594 -0.062286376953125 -0.228530883789063 0.09918212890625
-0.0745697021484375 -0.0832977294921875 -0.275726318359375 -0.00183105468750002
-0.073974609375 -0.0737762451171875 -0.25262451171875 -0.0990447998046874
-0.137321472167969 -0.0884017944335937 -0.169815063476563 -0.11822509765625
-0.09698486328125 -0.25518798828125 -0.0959930419921875 -0.139076232910156
0.0313720703125 -0.338104248046875 -0.0442047119140625 -0.0322303771972656
0.241241455078125 -0.357879638671875 -0.0928955078125 0.237686157226562
0.29949951171875 -0.3804931640625 -0.0621795654296875 0.0926742553710937
0.18914794921875 -0.359710693359375 -0.323486328125 0.358673095703125
0.00845336914062501 -0.39898681640625 -0.011505126953125 0.400115966796875
-0.117706298828125 -0.24615478515625 0.11083984375 0.132225036621094
-0.141998291015625 -0.148651123046875 -0.0455207824707031 -0.0363197326660156
-0.132240295410156 -0.0997848510742188 -0.169342041015625 0.0420684814453125
-0.181121826171875 -0.0502777099609375 -0.156906127929688 0.133102416992188
-0.20025634765625 -0.0519866943359375 -0.124214172363281 0.119720458984375
-0.203262329101562 -0.040252685546875 -0.1630859375 0.102798461914062
-0.166427612304688 -0.108306884765625 -0.211944580078125 0.00816345214843754
-0.148712158203125 -0.154830932617188 -0.217178344726563 -0.104766845703125
-0.15704345703125 -0.201553344726563 -0.151016235351563 -0.141433715820313
-0.047454833984375 -0.3511962890625 -0.0655975341796875 -0.1697998046875
0.072418212890625 -0.3858642578125 -0.0146102905273437 -0.09100341796875
0.235687255859375 -0.438568115234375 -0.016082763671875 0.140327453613281
0.186981201171875 -0.448883056640625 0.025869369506836 -0.014547348022461
0.09503173828125 -0.380462646484375 -0.277008056640625 0.305206298828125
-0.02667236328125 -0.4134521484375 0.04718017578125 0.421600341796875
-0.14208984375 -0.29510498046875 0.18975830078125 0.1500244140625
-0.221115112304687 -0.2073974609375 0.0310726165771484 -0.0247917175292969
-0.237091064453125 -0.0984039306640625 -0.0813674926757813 0.0510787963867187
-0.254104614257813 -0.00904846191406253 -0.0713119506835938 0.123077392578125
-0.262252807617188 -0.0238037109374999 -0.0438003540039063 0.107330322265625
-0.260711669921875 -0.01312255859375 -0.0771942138671875 0.091064453125
-0.224990844726563 -0.113693237304688 -0.123039245605469 0.013336181640625
-0.195404052734375 -0.20684814453125 -0.154190063476563 -0.101959228515625
-0.15478515625 -0.281982421875 -0.112747192382813 -0.155502319335938
0.012847900390625 -0.398834228515625 -0.0276641845703125 -0.202102661132813
0.11358642578125 -0.376617431640625 0.033966064453125 -0.17388916015625
0.20086669921875 -0.45098876953125 0.0776290893554688 0.0255966186523437
0.049072265625 -0.440521240234375 0.0839309692382813 -0.138542175292969
-0.00726318359374997 -0.3214111328125 -0.217544555664062 0.23016357421875
-0.042510986328125 -0.345001220703125 0.111541748046875 0.3829345703125
-0.127899169921875 -0.286834716796875 0.244140625 0.133255004882812
-0.252792358398438 -0.229660034179688 0.107780456542969 -0.00977325439453126
-0.297760009765625 -0.08380126953125 0.0316314697265625 0.0515708923339844
-0.28594970703125 0.0306396484375 0.0330047607421875 0.090911865234375
-0.28375244140625 0.00741577148437496 0.04461669921875 0.0771560668945313
-0.277908325195313 0.0169219970703125 0.014678955078125 0.0659980773925781
-0.24395751953125 -0.100341796875 -0.0257225036621094 0.0142364501953125
-0.204071044921875 -0.220596313476562 -0.0767059326171875 -0.0901107788085938
-0.118804931640625 -0.30926513671875 -0.0576019287109375 -0.156097412109375
0.074188232421875 -0.3704833984375 0.022796630859375 -0.221023559570313
0.13275146484375 -0.298614501953125 0.10028076171875 -0.254974365234375
0.128204345703125 -0.395263671875 0.173797607421875 -0.085052490234375
-0.0777587890625 -0.333953857421875 0.109756469726563 -0.254257202148438
-0.0660552978515625 -0.183486938476563 -0.149078369140625 0.146865844726563
0.000289916992187501 -0.225509643554688 0.153961181640625 0.297760009765625
-0.0679168701171875 -0.24542236328125 0.253799438476563 0.100494384765625
-0.2294921875 -0.219223022460938 0.164932250976562 0.0131072998046875
-0.299560546875 -0.0587463378906249 0.144607543945312 0.0482940673828125
-0.266677856445312 0.0601654052734375 0.138648986816406 0.0463027954101563
-0.2623291015625 0.0363006591796876 0.127105712890625 0.0347137451171875
-0.256210327148438 0.0465087890625 0.0977020263671875 0.0315322875976563
-0.232162475585938 -0.0699005126953125 0.0627708435058594 0.0109672546386719
-0.183273315429687 -0.199996948242187 0.00102996826171874 -0.0701103210449219
-0.06170654296875 -0.280075073242188 0.000907897949218743 -0.138076782226563
0.119049072265625 -0.266494750976563 0.073486328125 -0.220245361328125
0.11083984375 -0.166122436523438 0.17523193359375 -0.315155029296875
0.020050048828125 -0.287445068359375 0.254257202148438 -0.172225952148438
-0.16851806640625 -0.156356811523437 0.111328125 -0.33038330078125
-0.0695266723632813 -0.0111656188964844 -0.0829391479492188 0.0693435668945312
0.0765609741210938 -0.099822998046875 0.163925170898438 0.200592041015625
0.0052642822265625 -0.187973022460937 0.226394653320312 0.0778961181640625
-0.171463012695312 -0.178787231445313 0.201736450195313 0.048309326171875
-0.24578857421875 -0.0264129638671875 0.23828125 0.0454864501953125
-0.200637817382813 0.0749969482421875 0.225341796875 -0.003082275390625
-0.202667236328125 0.05828857421875 0.190872192382813 -0.0120697021484375
-0.205154418945313 0.0709991455078125 0.163238525390625 -0.0081024169921875
-0.198760986328125 -0.0303192138671875 0.135147094726563 0.00377655029296875
-0.1466064453125 -0.1568603515625 0.06695556640625 -0.0431671142578125
-0.00476074218749999 -0.211532592773437 0.044097900390625 -0.107421875
0.123519897460938 -0.116561889648438 0.107666015625 -0.210739135742188
0.0376396179199219 -0.0150718688964844 0.243560791015625 -0.35113525390625
-0.111953735351563 -0.157882690429687 0.30322265625 -0.226318359375
-0.2193603515625 0.048095703125 0.097137451171875 -0.352874755859375
-0.0470733642578125 0.145584106445312 -0.0331268310546875 0.0135154724121094
0.135055541992187 0.0146560668945312 0.14483642578125 0.131149291992188
0.0594558715820313 -0.111534118652344 0.189895629882813 0.08251953125
-0.0954055786132813 -0.107131958007813 0.223892211914063 0.0875091552734375
-0.152084350585938 0.011627197265625 0.298431396484375 0.03961181640625
-0.102058410644531 0.0764694213867188 0.27532958984375 -0.0458984375
-0.113685607910156 0.0716781616210937 0.22674560546875 -0.0567779541015625
-0.13006591796875 0.0870742797851563 0.207382202148437 -0.0497283935546875
-0.14788818359375 0.0102081298828125 0.188919067382813 -0.008392333984375
-0.098602294921875 -0.09918212890625 0.114448547363281 -0.0162887573242188
0.0403213500976562 -0.115531921386719 0.0596847534179688 -0.0797271728515625
0.0827713012695313 0.043792724609375 0.118865966796875 -0.2154541015625
-0.073516845703125 0.116424560546875 0.2957763671875 -0.373626708984375
-0.238998413085937 -0.02935791015625 0.306640625 -0.246978759765625
0.3338623046875 -0.149871826171875 -0.2440185546875 0.213729858398438
0.161972045898438 -0.207794189453125 -0.328765869140625 0.389434814453125
-0.027740478515625 -0.171096801757813 -0.0827178955078125 0.25970458984375
-0.0652732849121094 -0.0102996826171875 -0.0293960571289063 0.07061767578125
0.0443496704101563 0.0287666320800781 -0.120208740234375 -0.0270004272460937
0.0905075073242188 -0.065521240234375 -0.217239379882812 0.0133056640625
0.0135040283203125 -0.0984268188476563 -0.22467041015625 0.0919342041015625
-0.000755310058593748 -0.079345703125 -0.211395263671875 0.0914764404296874
0.000373840332031257 -0.0793304443359375 -0.25439453125 0.0782318115234375
0.0340690612792969 -0.0507965087890625 -0.298004150390625 -0.0133056640625
0.0139484405517578 0.0170879364013672 -0.260055541992188 -0.0841827392578124
-0.102325439453125 0.0312118530273437 -0.175491333007813 -0.0919647216796875
-0.125762939453125 -0.141677856445313 -0.118247985839844 -0.125030517578125
0.00527954101562503 -0.245819091796875 -0.0488166809082031 -0.0119514465332031
0.222427368164062 -0.221893310546875 -0.141265869140625 0.293914794921875
0.34814453125 -0.270751953125 -0.1595458984375 0.1661376953125
0.213134765625 -0.292938232421875 -0.339019775390625 0.38580322265625
0.010528564453125 -0.3056640625 -0.053924560546875 0.33282470703125
-0.0863418579101562 -0.137504577636719 0.0303115844726563 0.0946426391601562
-0.0431022644042969 -0.0610122680664063 -0.101333618164063 -0.0384445190429687
-0.013336181640625 -0.0892791748046875 -0.214920043945313 0.0311279296875
-0.086090087890625 -0.0821990966796875 -0.205764770507813 0.123077392578125
-0.107925415039062 -0.0698623657226562 -0.179718017578125 0.114395141601562
-0.111305236816406 -0.0618743896484375 -0.222518920898437 0.0979461669921875
-0.0740890502929687 -0.08447265625 -0.272476196289062 -0.000885009765625017
-0.0725860595703125 -0.0737762451171875 -0.252517700195313 -0.096435546875
-0.134880065917969 -0.0858917236328125 -0.166412353515625 -0.117416381835937
-0.0974578857421875 -0.251220703125 -0.09417724609375 -0.13677978515625
0.030975341796875 -0.33428955078125 -0.0418663024902344 -0.0300254821777344
0.237762451171875 -0.357635498046875 -0.0893096923828125 0.234024047851563
0.29473876953125 -0.37872314453125 -0.0613632202148438 0.0891036987304687
0.18609619140625 -0.356231689453125 -0.3192138671875 0.357818603515625
0.00695800781250002 -0.393829345703125 -0.010772705078125 0.39691162109375
-0.115020751953125 -0.241607666015625 0.108413696289062 0.130897521972656
-0.139236450195313 -0.146530151367188 -0.0474128723144531 -0.0341567993164063
-0.13092041015625 -0.102241516113281 -0.168777465820313 0.0460052490234375
-0.18011474609375 -0.0491790771484375 -0.153656005859375 0.134979248046875
-0.198959350585937 -0.0497589111328125 -0.119827270507813 0.120323181152344
-0.201461791992187 -0.038909912109375 -0.158309936523437 0.101730346679688
-0.164154052734375 -0.107833862304688 -0.20843505859375 0.007781982421875
-0.14764404296875 -0.1536865234375 -0.217071533203125 -0.102340698242188
-0.155120849609375 -0.198379516601562 -0.147811889648437 -0.140457153320313
-0.0499267578125 -0.34619140625 -0.063720703125 -0.16607666015625
0.072113037109375 -0.38104248046875 -0.0121078491210937 -0.0884780883789063
0.230987548828125 -0.43621826171875 -0.012847900390625 0.136871337890625
0.18231201171875 -0.445892333984375 0.0247287750244141 -0.0170555114746094
0.0927734375 -0.376556396484375 -0.27618408203125 0.30181884765625
-0.03009033203125 -0.407958984375 0.048004150390625 0.4183349609375
-0.1395263671875 -0.29132080078125 0.186782836914063 0.147796630859375
-0.2183837890625 -0.203384399414063 0.02850341796875 -0.0234107971191406
-0.2352294921875 -0.0988159179687501 -0.0803298950195313 0.0543746948242188
-0.252471923828125 -0.00715637207031253 -0.069610595703125 0.124870300292969
-0.259780883789063 -0.0204315185546875 -0.0417022705078125 0.108451843261719
-0.257354736328125 -0.01055908203125 -0.073577880859375 0.0912704467773438
-0.221923828125 -0.113372802734375 -0.120834350585938 0.0121688842773438
-0.193893432617187 -0.204071044921875 -0.155136108398438 -0.0996246337890625
-0.153823852539063 -0.278335571289063 -0.110015869140625 -0.153671264648438
0.010528564453125 -0.393280029296875 -0.0250244140625 -0.196273803710938
0.112335205078125 -0.373077392578125 0.035614013671875 -0.169937133789063
0.19586181640625 -0.44842529296875 0.0789337158203125 0.0240478515625
0.04437255859375 -0.435821533203125 0.0811004638671875 -0.139617919921875
-0.00927734374999997 -0.31658935546875 -0.216339111328125 0.228591918945312
-0.04510498046875 -0.3404541015625 0.10870361328125 0.381195068359375
-0.124481201171875 -0.28411865234375 0.240066528320313 0.132461547851562
-0.250991821289063 -0.224105834960938 0.104972839355469 -0.00910949707031251
-0.295440673828125 -0.0819091796875 0.0324440002441406 0.0529289245605469
-0.283294677734375 0.033355712890625 0.0328292846679688 0.0929489135742188
-0.280014038085938 0.011138916015625 0.0449447631835937 0.0785751342773438
-0.273330688476563 0.019012451171875 0.0164642333984375 0.0662307739257813
-0.241012573242188 -0.0990142822265625 -0.0255489349365235 0.0122394561767578
-0.202728271484375 -0.217437744140625 -0.078338623046875 -0.0892791748046875
-0.1187744140625 -0.30560302734375 -0.0552520751953125 -0.153762817382813
0.07080078125 -0.365936279296875 0.025054931640625 -0.215072631835938
0.1329345703125 -0.2957763671875 0.0998382568359375 -0.250473022460938
0.12396240234375 -0.3914794921875 0.174285888671875 -0.0851287841796875
-0.080169677734375 -0.329742431640625 0.105606079101563 -0.25274658203125
-0.0672760009765625 -0.180206298828125 -0.149246215820313 0.147003173828125
-0.00181579589843751 -0.223907470703125 0.152374267578125 0.295928955078125
-0.0661773681640625 -0.244354248046875 0.248687744140625 0.0998687744140625
-0.229476928710938 -0.213653564453125 0.162612915039062 0.0140838623046875
-0.297454833984375 -0.055389404296875 0.144973754882812 0.04876708984375
-0.2640380859375 0.06292724609375 0.136749267578125 0.04730224609375
-0.259109497070313 0.04010009765625 0.125572204589844 0.0369338989257813
-0.25189208984375 0.04913330078125 0.0965042114257812 0.0317306518554687
-0.228591918945313 -0.0673828125 0.0618896484375 0.008697509765625
-0.181900024414063 -0.196243286132813 -0.000461578369140642 -0.0693473815917969
-0.0616607666015625 -0.277313232421875 0.00334930419921874 -0.136138916015625
0.11669921875 -0.263229370117188 0.07513427734375 -0.213211059570313
0.112075805664063 -0.164901733398438 0.172943115234375 -0.3092041015625
0.016632080078125 -0.2835693359375 0.253387451171875 -0.16961669921875
-0.168289184570312 -0.152236938476563 0.106475830078125 -0.3275146484375
-0.0692291259765625 -0.00905227661132813 -0.0834808349609375 0.070220947265625
0.074676513671875 -0.0996017456054688 0.161666870117187 0.199966430664062
0.00527954101562501 -0.188003540039062 0.222137451171875 0.077392578125
-0.1719970703125 -0.1741943359375 0.20050048828125 0.048065185546875
-0.244232177734375 -0.022491455078125 0.237945556640625 0.0437164306640625
-0.197540283203125 0.077423095703125 0.221939086914063 -0.0018310546875
-0.19952392578125 0.061370849609375 0.187271118164062 -0.01080322265625
-0.2003173828125 0.073883056640625 0.160247802734375 -0.00785827636718749
-0.195510864257813 -0.027587890625 0.132942199707031 0.000625610351562498
-0.146209716796875 -0.153305053710938 0.0660018920898437 -0.0434799194335938
-0.00587463378906251 -0.210159301757813 0.045318603515625 -0.105445861816406
0.121559143066406 -0.1158447265625 0.10845947265625 -0.2037353515625
0.0398178100585938 -0.0158920288085938 0.239105224609375 -0.3458251953125
-0.113845825195312 -0.1546630859375 0.300750732421875 -0.22149658203125
-0.2174072265625 0.0504302978515625 0.09283447265625 -0.3487548828125
-0.0454254150390625 0.1455078125 -0.0342979431152344 0.0152168273925781
0.1331787109375 0.0126495361328125 0.142074584960938 0.12969970703125
0.05792236328125 -0.1123046875 0.18560791015625 0.0829620361328125
-0.096710205078125 -0.103446960449219 0.223297119140625 0.08740234375
-0.150833129882813 0.015380859375 0.2977294921875 0.037506103515625
-0.0993194580078125 0.0784683227539062 0.2716064453125 -0.0465545654296875
-0.110923767089844 0.0738372802734375 0.221694946289063 -0.055023193359375
-0.126167297363281 0.0890960693359375 0.202728271484375 -0.05023193359375
-0.146148681640625 0.0127716064453125 0.18603515625 -0.011871337890625
-0.0989608764648437 -0.09759521484375 0.114143371582031 -0.0174407958984375
0.0384063720703125 -0.115478515625 0.0607528686523438 -0.0776901245117188
0.0829315185546875 0.0423049926757813 0.118804931640625 -0.209503173828125
-0.07000732421875 0.114578247070313 0.290679931640625 -0.369476318359375
-0.238845825195313 -0.02655029296875 0.304656982421875 -0.244049072265625
0.33416748046875 -0.157684326171875 -0.245147705078125 0.21563720703125
0.160507202148438 -0.2115478515625 -0.32684326171875 0.394927978515625
-0.0302276611328125 -0.170883178710938 -0.082244873046875 0.262130737304688
-0.0636215209960938 -0.00688934326171876 -0.0312881469726563 0.0705718994140625
0.047576904296875 0.0277328491210938 -0.124252319335938 -0.0237274169921875
0.0893707275390625 -0.071380615234375 -0.21942138671875 0.02130126953125
0.0100860595703125 -0.100914001464844 -0.222427368164062 0.0982818603515626
-0.00286102294921874 -0.0807266235351563 -0.209320068359375 0.0941162109375
-0.00321960449218751 -0.0807342529296875 -0.253067016601563 0.0797119140625
0.0333824157714844 -0.0546684265136719 -0.300628662109375 -0.01019287109375
0.0151348114013672 0.0159368515014648 -0.264984130859375 -0.0800628662109375
-0.101219177246094 0.0348587036132812 -0.175994873046875 -0.0928955078125
-0.12939453125 -0.140609741210938 -0.119743347167969 -0.124610900878906
0.0026397705078125 -0.246932983398438 -0.0480308532714844 -0.0108528137207031
0.221786499023438 -0.228485107421875 -0.13775634765625 0.29632568359375
0.347625732421875 -0.277618408203125 -0.160400390625 0.165634155273438
0.211151123046875 -0.297515869140625 -0.3369140625 0.392120361328125
0.00549316406249997 -0.3070068359375 -0.051849365234375 0.335968017578125
-0.0863876342773438 -0.13604736328125 0.0301589965820312 0.0942916870117187
-0.0416069030761719 -0.0607185363769531 -0.105537414550781 -0.0361785888671875
-0.0152664184570312 -0.0940933227539062 -0.2169189453125 0.0387420654296875
-0.0892868041992188 -0.0823898315429688 -0.2041015625 0.12939453125
-0.110145568847656 -0.0685348510742188 -0.17681884765625 0.117767333984375
-0.114692687988281 -0.061187744140625 -0.220748901367188 0.0999908447265625
-0.0759658813476563 -0.0872879028320313 -0.274322509765625 0.00193786621093751
-0.073486328125 -0.0745391845703125 -0.258209228515625 -0.09326171875
-0.135543823242188 -0.0833740234375 -0.166778564453125 -0.117996215820312
-0.102081298828125 -0.251510620117187 -0.0954818725585937 -0.136398315429688
0.027679443359375 -0.335601806640625 -0.0402030944824219 -0.0289993286132813
0.2344970703125 -0.36639404296875 -0.084564208984375 0.235137939453125
0.290802001953125 -0.3853759765625 -0.0618896484375 0.0871810913085937
0.181976318359375 -0.3603515625 -0.31976318359375 0.361968994140625
-0.000396728515625016 -0.39630126953125 -0.00698852539062496 0.40240478515625
-0.116775512695313 -0.240798950195313 0.109474182128906 0.130035400390625
-0.14111328125 -0.145370483398438 -0.0513839721679688 -0.0330162048339844
-0.133026123046875 -0.104141235351563 -0.169708251953125 0.05303955078125
-0.183364868164063 -0.04742431640625 -0.15167236328125 0.141769409179688
-0.200881958007812 -0.04608154296875 -0.116874694824219 0.124198913574219
-0.204269409179688 -0.0360870361328125 -0.154541015625 0.104690551757813
-0.166915893554688 -0.109268188476563 -0.210403442382813 0.00994873046875002
-0.150466918945313 -0.154067993164062 -0.222091674804687 -0.0994415283203125
-0.158050537109375 -0.197769165039063 -0.14837646484375 -0.140777587890625
-0.054595947265625 -0.34674072265625 -0.064239501953125 -0.165191650390625
0.070556640625 -0.3841552734375 -0.011138916015625 -0.0872039794921875
0.2264404296875 -0.44482421875 -0.00925445556640625 0.136962890625
0.175018310546875 -0.4521484375 0.0233154296875 -0.0203227996826172
0.087432861328125 -0.380279541015625 -0.275482177734375 0.30792236328125
-0.037078857421875 -0.40997314453125 0.05340576171875 0.423980712890625
-0.141815185546875 -0.291595458984375 0.188812255859375 0.146804809570312
-0.222152709960938 -0.201400756835938 0.0257377624511719 -0.0230579376220703
-0.238372802734375 -0.0993194580078126 -0.080352783203125 0.0584716796875
-0.254898071289063 -0.00332641601562501 -0.0681991577148438 0.1304931640625
-0.261611938476562 -0.0151519775390625 -0.0384368896484375 0.112342834472656
-0.258987426757813 -0.00653076171874997 -0.07025146484375 0.0930633544921875
-0.2244873046875 -0.1134033203125 -0.121543884277344 0.01336669921875
-0.198013305664062 -0.202957153320313 -0.159896850585938 -0.097869873046875
-0.157745361328125 -0.278594970703125 -0.110580444335937 -0.15423583984375
0.00543212890625 -0.3961181640625 -0.0250091552734375 -0.195053100585938
0.110565185546875 -0.376556396484375 0.0363616943359375 -0.169876098632813
0.19024658203125 -0.455108642578125 0.08270263671875 0.0224227905273437
0.037353515625 -0.438507080078125 0.0782623291015625 -0.144271850585938
-0.014801025390625 -0.31768798828125 -0.21697998046875 0.233551025390625
-0.0511474609375 -0.341156005859375 0.11505126953125 0.38519287109375
-0.128143310546875 -0.28497314453125 0.242218017578125 0.131561279296875
-0.256317138671875 -0.221389770507813 0.10382080078125 -0.00909423828125002
-0.298858642578125 -0.079315185546875 0.0336647033691406 0.0546836853027344
-0.284454345703125 0.038818359375 0.0349807739257812 0.097503662109375
-0.28179931640625 0.017974853515625 0.0472488403320312 0.0815811157226563
-0.273849487304688 0.0248565673828125 0.0186805725097656 0.0680389404296875
-0.243072509765625 -0.0976867675781251 -0.025390625 0.0114574432373047
-0.207000732421875 -0.215957641601563 -0.0819854736328125 -0.0881805419921875
-0.12384033203125 -0.306182861328125 -0.054779052734375 -0.153961181640625
0.0655517578125 -0.36962890625 0.025787353515625 -0.212478637695313
0.13250732421875 -0.300079345703125 0.0991363525390625 -0.250656127929688
0.11773681640625 -0.394500732421875 0.17706298828125 -0.087738037109375
-0.0877685546875 -0.329986572265625 0.101028442382812 -0.25738525390625
-0.0714111328125 -0.178695678710937 -0.150558471679688 0.151626586914063
-0.00602722167968749 -0.224899291992187 0.156158447265625 0.298095703125
-0.069183349609375 -0.246353149414063 0.249404907226563 0.0988311767578125
-0.234970092773437 -0.21075439453125 0.163284301757812 0.0128173828125
-0.300537109375 -0.051025390625 0.147918701171875 0.04730224609375
-0.26397705078125 0.0687408447265625 0.138458251953125 0.0490036010742188
-0.259780883789063 0.0465850830078125 0.126907348632812 0.0381317138671875
-0.250930786132813 0.0551910400390625 0.0986404418945312 0.0320205688476563
-0.22991943359375 -0.0654144287109375 0.0615997314453125 0.00634384155273437
-0.185501098632812 -0.194076538085938 -0.00241851806640627 -0.0699920654296875
-0.0664215087890625 -0.278671264648438 0.00334930419921874 -0.136825561523438
0.113265991210937 -0.265411376953125 0.07672119140625 -0.211380004882813
0.112319946289063 -0.1683349609375 0.170135498046875 -0.310943603515625
0.010345458984375 -0.28387451171875 0.255142211914063 -0.173248291015625
-0.17303466796875 -0.150100708007812 0.1007080078125 -0.33203125
-0.0702438354492188 -0.00588226318359375 -0.0850372314453125 0.0730438232421875
0.0731048583984375 -0.102066040039063 0.1644287109375 0.2010498046875
0.00326538085937501 -0.191238403320313 0.222732543945312 0.077911376953125
-0.177734375 -0.171096801757812 0.202682495117187 0.0464324951171875
-0.246307373046875 -0.0166015625 0.24188232421875 0.0402984619140625
-0.197311401367188 0.0826416015625 0.222869873046875 -0.00277709960937499
-0.199325561523438 0.0675048828125 0.186813354492188 -0.0105438232421875
-0.198440551757812 0.0792083740234375 0.160980224609375 -0.00955200195312499
-0.196609497070313 -0.0245208740234375 0.133171081542969 -0.00331878662109375
-0.15020751953125 -0.1517333984375 0.0653724670410156 -0.0457611083984375
-0.00996398925781249 -0.211990356445313 0.0465850830078125 -0.105728149414063
0.121627807617188 -0.118553161621094 0.110198974609375 -0.201675415039063
0.0419273376464844 -0.0177116394042969 0.23614501953125 -0.348052978515625
-0.118789672851562 -0.1524658203125 0.303192138671875 -0.224761962890625
-0.217941284179688 0.0544281005859375 0.08709716796875 -0.35235595703125
-0.0438690185546875 0.148361206054688 -0.0358619689941406 0.0170631408691406
0.133720397949219 0.00951385498046875 0.142898559570313 0.129745483398438
0.0567092895507812 -0.115447998046875 0.185836791992187 0.083831787109375
-0.100563049316406 -0.10089111328125 0.228118896484375 0.0854644775390625
-0.151870727539063 0.0212554931640625 0.30230712890625 0.0318603515625
-0.0979766845703125 0.0820770263671875 0.272659301757813 -0.0498504638671875
-0.110099792480469 0.07794189453125 0.22064208984375 -0.0572357177734375
-0.123550415039063 0.0937957763671875 0.202377319335938 -0.0531768798828125
-0.146133422851563 0.016387939453125 0.186798095703125 -0.0177154541015625
-0.102340698242187 -0.0972976684570313 0.1151123046875 -0.0206451416015625
0.0357437133789063 -0.117805480957031 0.0619125366210938 -0.0776214599609375
0.0858230590820313 0.0409011840820313 0.120391845703125 -0.208389282226563
-0.0677947998046875 0.114822387695313 0.288299560546875 -0.3721923828125
-0.243270874023437 -0.0216064453124999 0.3060302734375 -0.245941162109375
-0.277523358400617 -0.216039525456589 -0.330440865354086 -0.0364211897537513
-0.25221055008851 -0.0425108087491423 -0.518498734716338 -0.0629667350208831
-0.124121393068452 0.0985635531472047 -0.24810033116144 0.0721254246909512
0.0417912195024795 0.0498394252787911 -0.0712458237357298 -0.0115971214553799
-0.00388677067728478 -0.0556518964601715 -0.0547925597635857 -0.122901576101589
-0.0906591018738492 -0.0196182630958566 -0.114006070384704 -0.168380924190943
-0.0827548429929615 0.0402782561966664 -0.162238303976395 -0.16063424207974
-0.0441958299190323 0.0459214913811377 -0.180175309165525 -0.152930940405432
-0.0492716015049128 0.0522742917112896 -0.167543488192844 -0.196207394297529
-0.049144319110701 0.00682400559076215 -0.130875527308163 -0.251830301414329
0.0119068077441987 -0.0161518463133407 -0.0575534432503552 -0.286246854468951
0.102040469595807 0.0692915396240115 0.0125906504314747 -0.222889217951988
0.00381293065708114 0.198385801662865 0.0585835587791977 -0.167698544677268
-0.184619653388896 0.142128597458683 -0.00151306314067674 -0.0193955928561666
-0.283069323689992 -0.0744040744373639 -0.327853055372931 0.0932787920423575
-0.389757715569553 -0.156485980408694 -0.22480966464215 0.0206883377014411
-0.351667828295627 -0.0294323489731179 -0.512022951982124 -0.055084349308002
-0.264114312347317 0.142297091734472 -0.275550432000764 0.16406097033278
-0.0600132068435841 0.158540320796438 -0.0256587997899587 0.0668570087701381
-0.00489561634435133 0.0748655710401816 -0.0171724191823567 -0.124613083521189
-0.0428981098533208 0.0724951812804963 -0.118557257198604 -0.172222219591025
-0.0151677843984193 0.117284379753751 -0.174838035486762 -0.144234545616068
0.0304299839728545 0.114535568507199 -0.184620658710835 -0.119743313761662
0.0294801589342649 0.134376531683527 -0.165758143306374 -0.167093792824936
-0.00664869745633567 0.113398200600317 -0.112523657987419 -0.230208658751961
0.00406117034726214 0.11128395193982 -0.0248595910370579 -0.285142714641286
0.0198632617196208 0.172963593359982 0.0568480021417512 -0.214949464367296
-0.0915346279743005 0.258256904848215 0.0869909674866488 -0.14200028885776
-0.268020529314572 0.175850709271931 0.0194136139206087 -0.0114229529974819
-0.396745986426235 -0.0132820608342005 -0.250599277303024 0.111295605988276
-0.457876253493019 -0.0445800523356968 -0.0838860747779018 0.063138995099555
-0.387091764099957 0.0363305420331478 -0.46455073448351 -0.0495835012806546
-0.340956137059606 0.193721865382152 -0.292341150528297 0.250887843945542
-0.13795367381558 0.257057843735488 0.0123991708854765 0.162727733900831
-0.00010096467150319 0.209723277687115 0.0262120413993069 -0.0853148039175628
0.0187809297226528 0.166644222563238 -0.101124734665579 -0.140004298445837
0.0620965437875628 0.181368614608601 -0.160339387143076 -0.104122344369903
0.100402560910217 0.16518173642098 -0.161562572127935 -0.0671643254215526
0.0987494094833347 0.194798551149353 -0.137459679289237 -0.113278614217503
0.0297721973269394 0.199228124554655 -0.0768411507998618 -0.176874540338918
-0.004278661998506 0.221456860075169 0.0137199259106145 -0.254681419000174
-0.0658677116015138 0.26351264567372 0.101019233634751 -0.196514234054613
-0.192331226457335 0.294620934766692 0.131264382342931 -0.120392202496725
-0.330914969381492 0.174029790865545 0.0816667464638422 -0.00660444069167003
-0.455937278226382 0.0351380500834809 -0.130514907644591 0.119664005612431
-0.458365952352069 0.0971008286822205 0.0742105746273362 0.0679120857706531
-0.344603263685749 0.130511858915808 -0.378485987698847 -0.0476945068590295
-0.336520704419697 0.232889591249443 -0.276662667495939 0.312096938331403
-0.172015467531837 0.314793107138056 0.0529523647072842 0.242997863271184
0.0122512452732002 0.309843655468808 0.0707997064474944 -0.0191882277557259
0.0805452769278489 0.241303504585972 -0.0608173256164525 -0.0728557961218337
0.13467025045665 0.220994349744251 -0.117330089390485 -0.0416394968346266
0.156439552912429 0.190605049809613 -0.114673999474637 -0.00375180279582628
0.149553494221141 0.221509102907592 -0.0913273956637397 -0.0452654385604143
0.0591418053459857 0.248419421557461 -0.0307760046488692 -0.104806409844968
-0.0110036385942369 0.288786582081731 0.0519667900977423 -0.195007362418817
-0.137864264953967 0.313896926870643 0.139791191932474 -0.156912443617388
-0.269913001629898 0.291143266580603 0.176562692952793 -0.0947114181109122
-0.35270760187733 0.143416516965327 0.170915405185396 -0.00399558787690903
-0.448494580582863 0.0747663416120805 0.0149344818087708 0.12411443785055
-0.38107339581567 0.218114061707378 0.221693061605596 0.0269144168960515
-0.232887186943301 0.185140340099955 -0.276408362543308 -0.0531463223387054
-0.276572644864434 0.210522466605132 -0.220559770399924 0.340986466333205
-0.181007383794918 0.301810428747019 0.0893226469159056 0.287511527115613
0.0147169446621143 0.349692927924185 0.105789827910968 0.0568710397466422
0.123155510611776 0.273112777079047 -0.00526725727260968 0.0171652202383681
0.182622358654181 0.2268115692798 -0.050488975303095 0.035102090303996
0.188011932820362 0.186405747341956 -0.0479159141042817 0.0615096594551809
0.178345786110968 0.214869054309423 -0.0337990461188303 0.0227895408072082
0.0782473889887877 0.253195611543612 0.0157866217672789 -0.0279986872087773
-0.0175309633104656 0.302508582981798 0.0835523473930241 -0.116762785424303
-0.186739362467237 0.301165573858596 0.164529560020526 -0.0981602183947623
-0.299429685982284 0.23050686998171 0.211978570158936 -0.0588023035678873
-0.310625836352226 0.0868262548264695 0.265733927074089 0.00358818241996282
-0.370149830888122 0.107628800468222 0.161047720518596 0.12651093903109
-0.227753849676789 0.275095527521266 0.327411807342376 -0.0421155513716029
-0.0876385867671627 0.152169233902841 -0.180691485022411 -0.0578036945689433
-0.207084545755339 0.113989770727813 -0.147929668969254 0.330917476348705
-0.188748077029164 0.227348177046651 0.104707448574831 0.288877621729474
0.00173323424003969 0.32519140336456 0.116175856887769 0.127920000487216
0.135260861538628 0.254374498544221 0.0487238690085415 0.113780520326528
0.192253606154255 0.194715853157089 0.0251869474384387 0.11401843204054
0.190351590920647 0.155876310996815 0.0271423984160561 0.117318926942532
0.185644205232094 0.178309221655898 0.0273452153481446 0.0805133488277551
0.0916472978823605 0.22333041260212 0.0566209465141676 0.0414270484265906
-0.0191166625288245 0.271856095187026 0.101183190279185 -0.0342667817378482
-0.200113349350975 0.235038579528171 0.166329709954903 -0.0322238769406481
-0.268199634137475 0.125134809961274 0.227365137221527 -0.0190571856492045
-0.20457264028972 0.0277485308019692 0.346131718766818 0.0212896984491555
-0.233990299786056 0.140869136226191 0.282857723718392 0.125778785543262
-0.0365117161259867 0.258321278473997 0.374475733756768 -0.110007144044265
0.0482912768084213 0.0513553975391794 -0.102567148752469 -0.0566122206800306
-0.14926711123247 -0.0151401317174023 -0.0896056013920854 0.290062613243481
-0.189532917969816 0.128423711213837 0.087089880549628 0.264958719954639
-0.0151417150641819 0.251674369099214 0.0998130679652603 0.192121118566573
0.118962859005197 0.189686211115299 0.0889037920523565 0.200422335724616
0.164624232611607 0.130503292405787 0.0941445661412079 0.180222963287062
0.162353700888766 0.102468215678323 0.0982340060972187 0.156667398482425
0.171816593102854 0.120210158356558 0.0841507293361158 0.122680724635663
0.0987806187533656 0.172572137765423 0.0909990783100251 0.0959289824849718
-0.0145666238344665 0.214890938103812 0.104341257718585 0.040039214249716
-0.179641061429892 0.143993584759433 0.143818391408505 0.0198577812257844
-0.177299219482738 0.0136578520837576 0.225782851514873 0.00349328836544704
-0.0534285430693225 -0.00447179589006884 0.409992551983009 0.0415392131360219
-0.0700930357486159 0.179060506768102 0.362550485903812 0.118895342154516
0.154292131647287 0.189209330359978 0.36078753457899 -0.15739415772954
0.154044354442898 -0.0622190784742373 -0.0535027657116429 -0.053436316592505
-0.0881293486594478 -0.124840004735766 -0.0660548268382071 0.233330441458911
-0.157584593176808 0.0277718574143977 0.036652812488158 0.238952375038093
-0.022813207952058 0.140693929654516 0.0657926078001939 0.247249718406878
0.0828255144891115 0.0935143772046328 0.112765264712201 0.262268596769149
0.109370702292121 0.0456194835543214 0.144070910570205 0.220201623716484
0.112726073796347 0.035113522904994 0.154014483780171 0.171740413621468
0.138099985082648 0.0492526533320672 0.13425642468405 0.147505691190782
0.0974493272732878 0.10816466326568 0.119562119219245 0.13437820208679
-0.00809353311891955 0.142255159598878 0.0960857156959925 0.0973220163071046
-0.128228057507742 0.0465109695066845 0.109123510641794 0.0407980588460617
-0.0471414158929209 -0.0746580531761131 0.227561417883165 -0.00606317413783388
0.107758583273151 0.00185050486665522 0.460816710020759 0.053790346410246
0.0904555797673462 0.21340403986488 0.392824888751718 0.0959428318000291
-0.287185261373634 -0.201732377666049 -0.32928697145091 -0.0250279924274735
-0.251767893876925 -0.0308619831431452 -0.516797371732057 -0.0436302408895251
-0.117657619646961 0.103303867024448 -0.245367290350481 0.0795031040108657
0.0439475405034668 0.0455328483893521 -0.0728803002319753 -0.0110983679841904
-0.00858834098510258 -0.0570664070696037 -0.0631396755990003 -0.120997887471586
-0.0928060099422669 -0.0123517909142897 -0.12372387804081 -0.160838672255888
-0.081296831175962 0.0466696168496313 -0.168646828819101 -0.149574237873307
-0.042392056175206 0.0483051357419206 -0.184080565961384 -0.143242671768636
-0.0462739832471389 0.0567893618441588 -0.172612801649393 -0.188308957872948
-0.0505466065460754 0.0110913619413769 -0.141166457686083 -0.2453229707865
0.00961769151060038 -0.0162891231203175 -0.0722112405041498 -0.282908485092302
0.104955743638685 0.062726309861182 0.00511198357990866 -0.223230478063699
0.0132351172197067 0.197891571234485 0.0524046960317898 -0.170492638805836
-0.178741273659093 0.148618022033644 -0.00187123738821752 -0.0185262470063726
-0.288224034981868 -0.0604796165335345 -0.321380669273698 0.107843607252344
-0.396098623070386 -0.137638935196518 -0.221832379499545 0.0267227937085936
-0.352526829094191 -0.013528189134614 -0.512328213994816 -0.0352241037777691
-0.255518402396517 0.152484457898115 -0.268957909554967 0.174563735859965
-0.0534708181300384 0.157628697210161 -0.0239570070745679 0.0664159355171079
-0.00374350831060965 0.0731706879103164 -0.0257034320286138 -0.125308989762714
-0.0412646759151392 0.0775306553163964 -0.12843815941792 -0.16503633851906
-0.0100052191408559 0.119395427099506 -0.181971127576121 -0.133160660098836
0.0353672156197593 0.112588525011718 -0.188034549662803 -0.108718256037841
0.0364537247940432 0.134172582518859 -0.169957427691373 -0.158258059599332
-0.00391734559684276 0.116151685366485 -0.122205593228539 -0.223802069470925
0.00814053813272202 0.111170303559074 -0.0400410790357492 -0.284028975112927
0.0273550846072641 0.170166394267765 0.049217845945105 -0.217184573995413
-0.0793980622650528 0.261651553773413 0.0814764625337351 -0.144834108171645
-0.260210305198853 0.18498626918195 0.0195477021076547 -0.0096634600875992
-0.397774814101553 0.00616402735439481 -0.243407151000952 0.121647151289149
-0.457980741142648 -0.0220580565172307 -0.0792542974996656 0.0635001204921221
-0.383399579593754 0.051482831011956 -0.465639632987 -0.0331093213798107
-0.329374824577681 0.20838537014047 -0.284277181919039 0.26177692357912
-0.127845918584262 0.259946781955926 0.0188379449026455 0.160802454020675
0.00800509087535492 0.206981746677008 0.0185351460469925 -0.0881802847705739
0.024470642078537 0.168208328853962 -0.109911282636134 -0.133950816720164
0.0705227395668784 0.178926781166076 -0.166825744943838 -0.0943785191602392
0.107551666609902 0.159573205894856 -0.163879897919741 -0.0570269149925728
0.107737735283109 0.189634532312154 -0.140466672824186 -0.105099966249746
0.0371188119596092 0.19961768989822 -0.0841509056693479 -0.173188500961274
0.00463856185556149 0.220998454043835 -0.000380315018563427 -0.25532806261445
-0.0540876450032792 0.264847633911399 0.0948107838223793 -0.199899026844502
-0.178256869180889 0.302598984680562 0.126699156746864 -0.122932202244279
-0.324027090867626 0.186026542134946 0.0815683944919017 -0.00743458842142193
-0.454802230516303 0.058319069182118 -0.122277255100919 0.125531241455944
-0.45194498048787 0.119792683480748 0.0787230932997053 0.0611325020978524
-0.337702122008051 0.144535689910975 -0.380445609677737 -0.0344019562429523
-0.324733728774979 0.246906087198796 -0.26420428479108 0.32469283214606
-0.160109221384338 0.320095184170613 0.0626511567489152 0.240267369302541
0.0247422376453617 0.307428010276666 0.0658726131792199 -0.024127574762711
0.0902695236161585 0.239074670617748 -0.0660453160259279 -0.0698009204858907
0.144740389511046 0.214638457616796 -0.122483139478753 -0.033699205724763
0.165303408068891 0.180997467877052 -0.115348967970148 0.00524656574444558
0.160051913266137 0.213740125411584 -0.0919750406479811 -0.0395228002939776
0.0686947470455745 0.246234883136214 -0.0355683220671337 -0.103564788017084
0.000857406034312422 0.288475903052321 0.0405733729331936 -0.197757984688063
-0.124548670486761 0.318849714105495 0.135196770026897 -0.16261674382182
-0.255382533338538 0.301691277933012 0.173199045898264 -0.0984138442332662
-0.346356962222524 0.157276314035565 0.170702490275905 -0.00848006987470354
-0.444463172891573 0.0958411862422649 0.0221616774460661 0.124411569645647
-0.367823726554628 0.235478105704677 0.222075213271955 0.0132875131719261
-0.221748979570766 0.19310985997737 -0.279996549040637 -0.0444190249500964
-0.265491182399368 0.222130339533114 -0.206709364812739 0.351032805453019
-0.169798225205274 0.307991698629103 0.100489288152405 0.282930393463211
0.0305306028685515 0.346449651999681 0.104841373921153 0.0502560014832859
0.135158386434605 0.268413939977735 -0.00589165999426987 0.017369102753514
0.193385621620876 0.216526838763856 -0.0532549551794671 0.039845420524054
0.196542020101229 0.175051910730204 -0.0473136134139883 0.0665809702124353
0.188302807423413 0.204565919231541 -0.031926615607731 0.0258931044022642
0.0884847807382933 0.249806690957682 0.0148364552010374 -0.0290049172758228
-0.00448310746041745 0.302062715536173 0.0758666951476592 -0.12085745225668
-0.172102358107767 0.308911453351717 0.162292373942735 -0.104232277850656
-0.287963232425907 0.242643259778848 0.210127786392421 -0.0630642278781524
-0.307641925316528 0.099342642621112 0.264226992303015 -0.00406842768282535
-0.362129014091092 0.125161117259792 0.168190226095406 0.120932450132242
-0.212670834812258 0.285326672346822 0.323484114427319 -0.0598009107222738
-0.0778961873935868 0.153882103623615 -0.185107581379167 -0.052433083038224
-0.201190916424052 0.123180043874952 -0.134517879040636 0.33752623973127
-0.18102748998105 0.235786071187979 0.115422910669417 0.28405454986898
0.0174774036807692 0.323450207266164 0.119715912405471 0.120520701849467
0.147097537301254 0.24838158998974 0.0530173186488455 0.110591830379412
0.202070961937487 0.183630563659601 0.0263881039610149 0.114550813996343
0.197641083428935 0.143607480731527 0.0298387715266175 0.118406193735221
0.193469792439633 0.166330587718983 0.0298896853131729 0.0800112418833759
0.101251221742217 0.218734656900397 0.0588783762603959 0.0372834646056378
-0.00645880603306878 0.271290339731391 0.0979808909190473 -0.0396328114875005
-0.189261150311324 0.243998208807294 0.166007599767041 -0.0382123405772899
-0.260872740863312 0.136074762555675 0.226033911104485 -0.0235145872389085
-0.204164600647528 0.0359602379469379 0.343677819171635 0.00963569099764489
-0.223790903051216 0.151918651107329 0.289270978738427 0.115588879793507
-0.0228933143869109 0.260350104293525 0.367181463212808 -0.129361834919346
0.0524366844433489 0.0470001585320698 -0.108303520714228 -0.0534022661962251
-0.149851195740611 -0.00751578639952791 -0.0776840858357838 0.294023787048102
-0.18509300632019 0.137453296321163 0.0958752950558327 0.261304562967152
-0.00239562386026473 0.251312621122348 0.106724147005173 0.186566881908971
0.128475714665147 0.182877836930308 0.0983542335622653 0.195653600478678
0.171675579368184 0.120502452313337 0.0988266697590604 0.17623184537659
0.168399314102088 0.0926455765448106 0.101850554368686 0.152965300222114
0.177327504016769 0.108893710080962 0.0888942465023833 0.118688276041792
0.107182164944586 0.167371032325748 0.0957661285330172 0.0898304494258733
-0.00440671295226849 0.215634472609448 0.105096280069551 0.0350271545793962
-0.17340665406525 0.153058875372062 0.145054101471476 0.0159329484978937
-0.177462665894576 0.0203735012849935 0.224906790517917 -0.000242615895591112
-0.0549131238003752 -0.0022895156196792 0.408169031548256 0.0262064084394168
-0.0595542181465691 0.181332318788027 0.367645123823262 0.105922137662319
0.163680305813191 0.182182532708093 0.350668675486642 -0.174794433156852
0.152216979381746 -0.0700264229070979 -0.0583645984407427 -0.0521755374006871
-0.0942043101089286 -0.119872454152996 -0.0564204039628802 0.235412791420759
-0.156373702303782 0.0356349141289938 0.0444085926705566 0.237127581572338
-0.0135314154812496 0.14084818837839 0.0754557909192315 0.244139442480116
0.088912242692659 0.0871029603107379 0.124401548288027 0.255726592981544
0.112210036708198 0.0381070715329803 0.151159826509738 0.213183462556279
0.115161639692528 0.0274884670941913 0.158339776435492 0.164989915305792
0.140438966923571 0.0402827617574164 0.140357308047691 0.139347429542213
0.103476444282102 0.102913167542655 0.126767125698127 0.126231816705364
-0.000655037598238538 0.144080957049738 0.10124091152173 0.092828359171989
-0.126138178019583 0.0532333582539098 0.110731597652851 0.0389439112770131
-0.0518439987767908 -0.0727223623256724 0.225786185892089 -0.0112225122983969
0.106319745814286 -0.00210958960230939 0.459312886388817 0.0351769623589827
0.102875313755918 0.207641051628135 0.395857518690385 0.0836971200536937
-0.28862391878301 -0.184861216862931 -0.322633916371988 -0.0153254944279285
-0.247944705117443 -0.0205328043731074 -0.506729489579919 -0.0257955486330688
-0.109970271212579 0.105787571063197 -0.237476517658772 0.0851005622150966
0.0452255944038009 0.039722381129113 -0.0742628270723309 -0.00966256520140685
-0.012903658289471 -0.056660308140823 -0.0689146419076599 -0.117376036042422
-0.0926011900783553 -0.00558409209440783 -0.12901366625672 -0.151556013189712
-0.0777118151222644 0.0515530574286449 -0.170061368333436 -0.137543541333482
-0.0405520707763348 0.0501268312352689 -0.182512946743547 -0.131380117374802
-0.0425748468149068 0.0594478267823116 -0.174168913204354 -0.178185517560246
-0.0504508656891993 0.0157070203266318 -0.147351324770081 -0.235643695939801
0.00712972960881238 -0.0163774942679482 -0.082361037525221 -0.274076537332792
0.105676135190653 0.0549678648046774 -0.000757195889290159 -0.220183608660599
0.0212550370951559 0.194551126927559 0.0455289618870891 -0.169596897554111
-0.169549917255051 0.151350013622603 -0.00133160204977314 -0.0172691595882764
-0.28656808779269 -0.0467944581071866 -0.308710044200401 0.117223229414414
-0.392265730285049 -0.118238580052496 -0.214998707046351 0.0312522512578229
-0.345689869153359 -0.00193810516538159 -0.502833104835093 -0.0176574449442622
-0.24295344644632 0.159144623376585 -0.258063880958564 0.180397086911583
-0.0471259780769667 0.154179256716485 -0.0222469157131758 0.0643143885278394
-0.00364968180619847 0.0697507572248895 -0.0339602971348684 -0.123024540854647
-0.0389808292201314 0.080298387717062 -0.134204866208697 -0.155286700658164
-0.0051441206096088 0.119625025626576 -0.183937699353159 -0.119773510933316
0.0378273714911294 0.109159200509437 -0.185807339287811 -0.096745353479379
0.0414885603779697 0.130796038700801 -0.170405963472596 -0.148506704927524
-0.000507417615689138 0.116848854491339 -0.127659328540553 -0.215237880945859
0.0101974110160182 0.108706878835438 -0.0509072141386483 -0.27685196082091
0.0327054137920013 0.164208777697022 0.0428837999637487 -0.215787720506892
-0.0677250627967286 0.259764707225304 0.0756705646629313 -0.143830447713502
-0.249337799116022 0.189770637308605 0.0202318722974897 -0.0077180382646548
-0.391871882853448 0.0230448267944987 -0.231472568131643 0.128857708884255
-0.449152038728413 -0.0027978450328606 -0.0742228732625628 0.0612730320742451
-0.372737946985565 0.0633126671431072 -0.4585676995714 -0.0174118467109946
-0.313851396855466 0.216463020030509 -0.269216411909522 0.267714349439632
-0.11740356734656 0.258409553570994 0.0238723210024001 0.156889957183384
0.0134763232608686 0.199950650574474 0.0110814405367842 -0.0890466244575834
0.0288589262781898 0.166889857036538 -0.114796153825327 -0.126738419878769
0.076320161856635 0.174246690197129 -0.169367282732812 -0.0820434932492739
0.111323714503345 0.15162204075283 -0.160957752620714 -0.0458043668890657
0.113517130303284 0.181474713578543 -0.139549502384351 -0.0962943521238679
0.0431305830594365 0.197149587341966 -0.0887924593408554 -0.166960831579758
0.0110970322529043 0.216483441661882 -0.0121235672031389 -0.250139989551917
-0.044692661774549 0.260091093498158 0.0872657713505829 -0.199800909914592
-0.162717991757284 0.302736507178465 0.120875544995527 -0.123517924633644
-0.312129888028071 0.193695397949802 0.0810061835519313 -0.00720839217582654
-0.443428552957313 0.0761171204056042 -0.11356248179228 0.128228930176754
-0.437758034622024 0.135105480708092 0.0797034102167087 0.0533632933524133
-0.322447660184978 0.152805407661722 -0.376254256539374 -0.0215868658365819
-0.308615854708527 0.254411138873812 -0.247255411497492 0.329315819892761
-0.147020990980513 0.319208729987949 0.0699433086642558 0.233795222198451
0.0349803999405675 0.297758967721437 0.0597876740326069 -0.028114917851018
0.0971015055072713 0.23305863752808 -0.0693767301449399 -0.0658864041885287
0.151412053970272 0.204336763383559 -0.124200615187113 -0.0250377869801835
0.168451102128188 0.169525097515224 -0.112474002199072 0.0130559264197885
0.165401451052177 0.201362630798825 -0.0907296597376383 -0.0334956909161895
0.0753793360845191 0.240889733499974 -0.0387294255342659 -0.1008868378457
0.0106529808882943 0.282573380379122 0.0299806710988937 -0.195867907162039
-0.110708723232715 0.316742016443094 0.128467350667878 -0.164085125439278
-0.238671742972651 0.304009084164585 0.168001694000267 -0.0992700872908094
-0.336309748521389 0.164804324301465 0.167595052565712 -0.0107797971010956
-0.429468543558023 0.113297479448993 0.0290307999629719 0.12192093386333
-0.349914721916347 0.246540185122068 0.217846930315814 0.00155283643989202
-0.208293247601628 0.195625002548261 -0.27986086426487 -0.0353350077529713
-0.250842485593392 0.228360122853691 -0.191366363872486 0.353491500009446
-0.156798851849756 0.308944448037267 0.108839788582318 0.274115442522259
0.0439376518963633 0.33702835443209 0.101166984488383 0.0432179727158147
0.143344968784628 0.258913988409437 -0.00713764318567396 0.0164285979498645
0.198982436000362 0.203699603938102 -0.0542130313920225 0.0435779391602201
0.199611065563261 0.162046824752846 -0.0440279082473952 0.0708411342508152
0.192344884010884 0.19076548245538 -0.0301067539837809 0.0283261744890047
0.0954485997605804 0.242550904313426 0.0137712474637535 -0.029300864046698
0.0065831295313534 0.296256467203678 0.0672769522025765 -0.121834531515622
-0.157376563081911 0.309430648453766 0.156476315164614 -0.107688970889164
-0.272535992187984 0.247438369601289 0.205532824333406 -0.0645299023445081
-0.298782279269367 0.107337564567619 0.258349039513681 -0.00999250235372232
-0.348832087556603 0.136264178456177 0.171015813995323 0.11369272601097
-0.195877670744984 0.290206655694354 0.314088573660215 -0.0735011054386694
-0.0683865937920932 0.151343424517028 -0.187890480313588 -0.0458426105697891
-0.191738008358999 0.128455871807563 -0.120552976183556 0.337203068888274
-0.17107716486337 0.239174867050165 0.1228644747455 0.274726730437175
0.0307850849487838 0.315692220674679 0.119614043058709 0.112933211485216
0.155338259244967 0.237406162044716 0.0553750075506431 0.105934519276167
0.205985243021558 0.169796536266013 0.0258418614687442 0.113588457389605
0.199735258243565 0.131173585879449 0.0316004547071704 0.117431989007167
0.196096184667492 0.152351717517883 0.0318304906855652 0.0781765866962201
0.107124920462007 0.211311258047293 0.0590756935521319 0.0332007441407723
0.00358104750141976 0.265762161361189 0.0924716727813602 -0.0423825299932938
-0.17678517305942 0.246979619799526 0.162359134074432 -0.0426930465288737
-0.250351505509786 0.142565261220879 0.221949256367588 -0.0263236017355417
-0.199238762420865 0.0424241228235781 0.336022146882768 0.000362591908507132
-0.21131042264425 0.157082244337514 0.289330329229777 0.104802125227323
-0.0106650687032923 0.256558675950853 0.351858280170031 -0.142895095266727
0.0549912280679888 0.0414920818728529 -0.111944909465764 -0.0491691098459051
-0.147485188675855 -0.00131137365379199 -0.0650802473249726 0.292308215903468
-0.177855576530578 0.14331646183672 0.101937827256237 0.252972798356422
0.00871889227306058 0.245309053690649 0.110043228845005 0.178395376900404
0.134708286714654 0.173316280553061 0.10328885767952 0.186378614005098
0.173781418499996 0.108951891616491 0.0998147067167291 0.170511653102806
0.169524841075728 0.0818430949794607 0.102866631805851 0.147180235312631
0.178094490446846 0.0970193448970591 0.0907546161829137 0.112395245895115
0.112769137393831 0.159527523173877 0.0979426596626422 0.0822369862554623
0.00481907594278436 0.21176708786555 0.103623048286521 0.0296930861835016
-0.164406348352903 0.157041000692864 0.143074243313119 0.0115238499311523
-0.173581845127931 0.0265160995021966 0.221061892000308 -0.00371837530609057
-0.0546252350211252 -0.000648761706679248 0.397169303943156 0.0131329747476987
-0.0484684426938174 0.179515466673624 0.365374247919231 0.0936250612453317
0.168612495747946 0.172776154067736 0.334143605918277 -0.186829920944972
0.147933053345011 -0.0765434039904032 -0.0630649544376863 -0.049055183655393
-0.0976520357176471 -0.112422978946867 -0.0467946129829905 0.23266991452103
-0.152373519639847 0.0428445830842415 0.0505625255694446 0.231088962437593
-0.00617383878604024 0.137349723393979 0.0835363970996492 0.236774000904377
0.092115103441935 0.0799677436929558 0.131935023047471 0.24463830675227
0.11229846879075 0.0306894079783252 0.154150867600163 0.203426443509726
0.115320325645413 0.0209457921479748 0.158109527194272 0.154565772205264
0.139749511837022 0.0313757496511244 0.142494523654827 0.12969472482839
0.107311483356302 0.0962779451877682 0.130040029293794 0.116541877304642
0.00633099174472142 0.142017632996473 0.102919814890644 0.0869152700249771
-0.122220412511835 0.0584418341158119 0.110175131175295 0.0358441836958494
-0.0548311923091133 -0.0689580730666238 0.221665838080118 -0.0149557208379532
0.10397477811753 -0.00499642440417243 0.448619669630116 0.0198857063626407
0.111683375496733 0.199326665748 0.391619411092621 0.0715455494012728
-0.3358976915617 -0.0739447812638982 -0.291356987828062 0.0788816308766092
-0.241199466391923 0.0694390347392654 -0.469618830900686 0.12065511797333
-0.0649257042535063 0.136490727250041 -0.199662192340543 0.143066324444193
0.053931539530481 0.0185317080001311 -0.0771522031545381 0.0159530059766417
-0.0341182350904073 -0.0488554283055466 -0.100848793104999 -0.0862644387667385
-0.0882494401014445 0.0255112667173965 -0.167965774260952 -0.0994764778995156
-0.0567107796358439 0.0749843244219872 -0.199001098772859 -0.0707472648908396
-0.0231492217438584 0.0593295325774785 -0.207787463004041 -0.0620070716767861
-0.0192890940898552 0.0687201009398667 -0.214062137143113 -0.111575869969649
-0.0423915326219946 0.0343231159079076 -0.207206879766457 -0.173249675211298
-0.000157394291835164 -0.016914802290823 -0.162102095245184 -0.222970932163625
0.114042821484675 0.015453512641474 -0.0686373859827804 -0.203955827781639
0.079969018991979 0.172262124963298 -0.00867961037453701 -0.175776084453848
-0.10952883465577 0.193446494151067 -0.000769660715327368 -0.0141403766548128
-0.281600055556877 0.0436030597405722 -0.243439465610548 0.205292643558743
-0.410885762076124 0.0235277242182729 -0.176902225679509 0.0832781516942513
-0.326057536876823 0.118347780138893 -0.463962145675835 0.123736432485257
-0.169893994052011 0.22997143790583 -0.188920248800076 0.230366492587091
0.00846243092562073 0.155971121374227 -0.00947585711482431 0.0613848977757701
0.0155436824416457 0.0637362456019825 -0.076325116687667 -0.104804523820472
-0.0123715966180891 0.0868668903140798 -0.178705528510604 -0.100708744117982
0.0332770220382684 0.115613517103242 -0.208943368230449 -0.0506517987556369
0.066324626084138 0.0880606254333399 -0.201485872678589 -0.026283607695317
0.0795686602310765 0.106858641283466 -0.202342933252146 -0.0830475684564589
0.035349319157743 0.111516201303177 -0.185605493380003 -0.161512123586575
0.0425088201402239 0.0976570532310206 -0.136813591511272 -0.238005292751375
0.0806112107146143 0.139877003758474 -0.0260900233287227 -0.215980123341055
0.0182346617300212 0.26007797762284 0.0303227141771382 -0.160383230398797
-0.17161333572319 0.254004747591176 0.0232570857461554 -0.0109729938146726
-0.359479926141373 0.139986968879777 -0.165476784119947 0.194379887868223
-0.423183274820921 0.14986659437156 -0.0382165395611651 0.0626732245586304
-0.329198797952177 0.188347165354245 -0.42614832518605 0.107425736820877
-0.217162328625681 0.307796323274872 -0.173101272509736 0.312012320176463
-0.0201409773738487 0.277706260765032 0.0586969931387481 0.126760317863677
0.0739103322133847 0.177856831150861 -0.0303165388327044 -0.0882826255285669
0.0778020058940703 0.144391970391166 -0.156137573898247 -0.0788205202669889
0.127431560626421 0.138824116444898 -0.187255964156113 -0.0208307611846302
0.146437360829284 0.103469916608512 -0.163742284863539 0.0140311774078432
0.161253036791105 0.129846636401977 -0.159316738342618 -0.0432858020974911
0.100548252008757 0.171979060465451 -0.136408179800133 -0.129998255701375
0.077887267299826 0.195827326829566 -0.0951762686379347 -0.228205622525523
0.0393756803555268 0.25397088252545 0.020530749562509 -0.217652051660035
-0.0565165340696656 0.328279590272206 0.0816371595534234 -0.154422725021788
-0.229242272833558 0.277545641024671 0.0816168976019563 -0.0268758769860496
-0.389988536093612 0.205246498083232 -0.0545018533151487 0.159705391596717
-0.363272496032331 0.275690966864663 0.0962572306243524 0.00403714785445383
-0.251659932883119 0.254049663824741 -0.357885539440462 0.0779809022786841
-0.196920713459662 0.341830408537724 -0.13625383069872 0.362677709852657
-0.0258570817236201 0.345636365272039 0.123205869656099 0.182765282234006
0.12707261782186 0.26141871227861 0.0294463556551282 -0.0477103298491676
0.161685947641781 0.183232087093398 -0.0974422309776691 -0.0366406864557507
0.207430237516775 0.141750244651356 -0.130455428974607 0.0184275202359804
0.204369469267392 0.101709783819834 -0.10151835396498 0.0540734971944341
0.214272203823205 0.130934093071654 -0.0949770308201097 7.82545332894829E-05
0.144476077119225 0.200773450717237 -0.071334894159012 -0.0847042913886828
0.0983640585768973 0.256381871334764 -0.0408581417260734 -0.192589736991005
-0.00358971434719435 0.326683469896383 0.070157086468529 -0.198096208298005
-0.125802206801886 0.353152916550706 0.134917243224006 -0.145293985140662
-0.260738733011493 0.258666579689289 0.159515145241447 -0.0546016808389505
-0.366904017789455 0.235834689635743 0.0742617184335471 0.11171919658099
-0.242896889255256 0.350471735893764 0.20229617937563 -0.0868894126279801
-0.128721514446702 0.253012521155353 -0.27727922956895 0.0397744661083561
-0.153309909977345 0.297261390139448 -0.0757764560832942 0.37143363459689
-0.0371513746103082 0.340847943988107 0.17247534725639 0.206785941481176
0.148432649659694 0.29477045987057 0.0886005223427095 0.00547806029280458
0.2143643161595 0.192198080799942 -0.0145731759784197 0.0198687451370228
0.252006860192542 0.125267743986664 -0.0457224457064086 0.0588653502746092
0.231039671630814 0.0838543976895794 -0.0216746692181689 0.0856145776895028
0.235317439278882 0.11148727962156 -0.0209716494878526 0.0381508033370262
0.163759942333941 0.194052352473044 -0.00199089783512996 -0.0351281738676397
0.0993739787768412 0.269590894300865 0.0163391221452764 -0.137351930900935
-0.0498127427681075 0.33547766983519 0.114070130855367 -0.154258886697732
-0.175494082659694 0.310468855138414 0.180250785728732 -0.122087745685372
-0.245745983661465 0.194311956528191 0.241691788584755 -0.0812072760122046
-0.282652638458887 0.232938774827281 0.201728250191072 0.0612318110687019
-0.083326557937802 0.336800706696812 0.261055231706154 -0.182532776684986
-0.0122379937212293 0.162767053541083 -0.198262577333768 0.0090451218927404
-0.13218706215978 0.185347627053733 -0.0108438647425418 0.339471279300969
-0.0735855240739474 0.281954926131752 0.19008332528331 0.203233815245299
0.130715886801661 0.279815409690227 0.129066595818196 0.0638914950408091
0.218830993189738 0.168546386059586 0.0724963156841012 0.0821754162981815
0.248755726370947 0.0908140821144714 0.0511105159870179 0.097332882217354
0.222293888051999 0.05609770347092 0.0625089627643465 0.103418745999791
0.22678401492761 0.075105445225526 0.0514957530099138 0.0641716764926401
0.16531658707968 0.160031825669166 0.0595185686229956 0.00902057613334569
0.0878996701262813 0.242638795936837 0.0655693908567768 -0.0722642343656284
-0.0869377832471359 0.283873868789645 0.139477857210919 -0.0942700760201066
-0.187569936794481 0.207476647976798 0.205740544096984 -0.0894549393495758
-0.174964420526116 0.101627839939579 0.313881925213249 -0.0953939051944308
-0.149804237161811 0.208944824391869 0.304721336385602 0.015539752499181
0.0792004752502295 0.241998033520846 0.270826619851066 -0.250865832279649
0.0658749177075286 0.0173875608236443 -0.127060953921765 -0.00876918047579554
-0.135527059454786 0.0504519047809305 0.0335098997684071 0.284580780473563
-0.113153152248968 0.197341555113171 0.169749509369917 0.191371187617671
0.0899883939791501 0.222602778970791 0.144641094976998 0.127502377726333
0.18088832415526 0.116869141029303 0.146576797181676 0.140436129502092
0.199030982423092 0.0441417005725707 0.139971340381307 0.124789809343264
0.180875549627455 0.0201607459979293 0.137279501821292 0.105960129694192
0.193279196964138 0.0295753363903442 0.115763964218695 0.0763158282441924
0.154233577221089 0.110330375862908 0.11113905508431 0.0425755995772836
0.0726726976363579 0.192683854847935 0.100156387127062 -0.00915719820103537
-0.103213893113141 0.197387235836378 0.138668949397428 -0.0356448376943026
-0.152500236003891 0.0776386880723265 0.208797773633763 -0.0667894879070947
-0.0544301843232333 0.0163806588587072 0.372436987059448 -0.103971585537539
0.00913110315238845 0.180969156095187 0.369256920716182 -0.021097872351473
0.219366574938498 0.102031639954962 0.238910104957243 -0.277010461939007
0.111676930780932 -0.123910162081196 -0.0782638339008449 -0.0161304227047099
-0.12667583542805 -0.0689457630329179 0.0373555819698235 0.227433299812846
-0.124221447578921 0.0952150951019346 0.11833908029467 0.190951606335106
0.0417761450195299 0.129750329419785 0.144757183816914 0.190779402037562
0.111983705372161 0.0451006322330442 0.196263143259742 0.185068929196851
0.115964755348399 -0.00851884009164434 0.203166605306291 0.137935449655408
0.112768959481179 -0.0184119471872035 0.191525091985205 0.0929620028106977
0.138026941946341 -0.0171942370984302 0.168651859451501 0.0747385195239893
0.130637732273067 0.0531422222886457 0.152238925393043 0.065054298536521
0.0525227197278461 0.129557068295943 0.119550012561312 0.044225004592229
-0.0949357881007362 0.0939252660972751 0.115177795455384 -0.000155618503764304
-0.0732521973700087 -0.0467023947595812 0.202105873860201 -0.0770268241164087
0.0903619499372598 -0.037850090698534 0.418364610880647 -0.115265208411976
0.165045223115874 0.151182620141761 0.384050215710306 -0.0522626409127935
-0.332527081552068 -0.0708496718536489 -0.286418752386304 0.0764081462932924
-0.237282748121172 0.0695880837804208 -0.462602417455072 0.118465388427512
-0.0614461565895289 0.133971373273622 -0.196739308365898 0.141351437012257
0.0529075412398887 0.0158174354820162 -0.0781792279892825 0.0158029639850492
-0.0371019441862523 -0.0476067550432805 -0.102857104063214 -0.0835111734602721
-0.0870417583129237 0.0289237252791581 -0.168005385360742 -0.0954243037961602
-0.0545361836300258 0.0771128166318481 -0.194679941915195 -0.0667572659784047
-0.023684190063504 0.0601159068455468 -0.202103807442826 -0.0602409924280849
-0.0175710911860472 0.0697050583011095 -0.209852425409045 -0.11039308295149
-0.0417812415350658 0.0373614959435511 -0.205375179739444 -0.16935493865862
-0.00176728636661861 -0.0152355198334673 -0.161373419937265 -0.218918586441991
0.111559804192994 0.0121594917400836 -0.0680803906727701 -0.202762319658755
0.0815495544770241 0.170518412418313 -0.00974147540536842 -0.174459606977688
-0.108618074734553 0.191493560194625 0.000939440920571529 -0.0134867829013832
-0.278774629990108 0.0471867007094135 -0.238079479264961 0.204504881789827
-0.405516970686419 0.0257098104412847 -0.173199235334197 0.0799977214520639
-0.320945077350286 0.117734575922712 -0.45746687612957 0.121825556147212
-0.165089765821147 0.226384340517045 -0.186634842412624 0.228743983295539
0.00791914432752579 0.152663089971472 -0.0100594390539781 0.0599400205088127
0.0126901078885005 0.0625082574866962 -0.0793677212474974 -0.10214306978614
-0.0116522641831262 0.0886733381654564 -0.178896831292247 -0.0962913020632684
0.0347591434029382 0.115492315823436 -0.205765192481959 -0.0461008028391925
0.0653538848379308 0.0877561915102719 -0.195538910704053 -0.023758360514194
0.0795221207267644 0.10556508216474 -0.198096058881363 -0.0812971345296648
0.0358998752116839 0.11313169361151 -0.183675325651901 -0.158133484210255
0.0413722944512595 0.0969976880317293 -0.137364913073042 -0.233023994829434
0.0796318716063116 0.136532245014409 -0.0257014032688435 -0.215229020372038
0.0200814021583323 0.256594295916962 0.0304651403813547 -0.158732120916332
-0.16957322937011 0.251757846965661 0.0253127278137982 -0.0100673775021886
-0.354912308290557 0.143009623516873 -0.160896286289292 0.193119870573693
-0.414611630612513 0.151422743099966 -0.0374847617287567 0.0581309278127677
-0.325493784962882 0.18643682940599 -0.422464191109878 0.107943055270147
-0.21085519320021 0.303365873525453 -0.170213137632013 0.309878894829294
-0.0200629266824377 0.27402619094325 0.0584397720837491 0.124678155694116
0.0711387856868648 0.175017231997531 -0.0343320714748853 -0.0860283539729377
0.0781901433559491 0.144450497395052 -0.157274032442523 -0.0755818772715499
0.12777531808382 0.136586515397571 -0.18478974367285 -0.0152641150272874
0.14441710088323 0.101065474789995 -0.158979512113173 0.0171038714639635
0.159598885225971 0.126353983716553 -0.155417782860577 -0.0417879611586816
0.100494641736827 0.171393790279984 -0.135579383851007 -0.127347735461608
0.0769547521436408 0.193486522518212 -0.0970509882991917 -0.223909883311363
0.0393615399328724 0.249673484477942 0.0206193142170042 -0.216925541416418
-0.0534235742095036 0.325341903772829 0.0822253196370866 -0.152761813272568
-0.226771308746452 0.274015081729114 0.0821424409604056 -0.0252592320961152
-0.384047459010631 0.207132192197419 -0.0514295242957754 0.158345182530173
-0.356175760405892 0.27489293709178 0.095168612527159 0.000520389123345166
-0.248138755005634 0.249760573297011 -0.356102724099899 0.0769837071242293
-0.193248092487208 0.337068071059071 -0.132565594753103 0.361006663463732
-0.0254665413676964 0.342014009577386 0.122849618181661 0.17942273416549
0.124735287626205 0.257045803553591 0.0248294148965295 -0.0465153957469188
0.161419187291323 0.181339442467904 -0.0993505494093918 -0.0344544313525901
0.206769224133418 0.138027553340053 -0.129140604013444 0.0232541395493316
0.202029782064835 0.0972417484181426 -0.0978292525836496 0.0572139972620942
0.211635852244064 0.126164148406548 -0.0919437577639382 0.00163125489135306
0.144248875982342 0.199255876975323 -0.0709452253453 -0.0831233967261912
0.0976687708653244 0.252496642191923 -0.0435446230334319 -0.188920151154294
-0.00245783287613449 0.322705193514537 0.0694623169278881 -0.197316132945522
-0.122178244084209 0.349667278591865 0.135501673300453 -0.142495727410707
-0.257378432065373 0.257106227966382 0.159791197365987 -0.0531659878422274
-0.360067034902077 0.235996527904929 0.0762694209156744 0.110900216394058
-0.233402797477166 0.348430225657469 0.198079026023215 -0.0894882363095239
-0.125013368914922 0.247918450851925 -0.276942392242935 0.0412352090395348
-0.149228383940868 0.292827188682627 -0.0724384691231235 0.370343709501265
-0.0372311436445776 0.338670937828878 0.17253274311844 0.203928618061255
0.147797249105632 0.28953190436801 0.0835683830537915 0.00516918935195171
0.213765714221974 0.188998418969894 -0.0165427800781317 0.0207217071543185
0.250036969460646 0.119765708402479 -0.0458902865742912 0.0639669739688347
0.227944913253143 0.0789917921199483 -0.0192276503060042 0.0882299974583326
0.232370878606789 0.105554888937899 -0.0196266990230802 0.038612413471146
0.163848166253042 0.192064340490762 -0.00242954094589371 -0.0347774344643672
0.0990000814367726 0.265631823686183 0.0137686152416096 -0.134226802890565
-0.0476622207995437 0.331623022716632 0.113041904982038 -0.153912665044197
-0.170637078977309 0.307298228739739 0.18119073019887 -0.119678861712036
-0.242917247019463 0.192408055318531 0.239660788609591 -0.0779280593695315
-0.277418254448068 0.231246127213388 0.202155286522973 0.0602624297972965
-0.0766954113669291 0.333611907869102 0.254519041227724 -0.18339442836034
-0.0109265515834319 0.157319948348496 -0.199628948945525 0.0118557502978824
-0.129179228306738 0.183279563127384 -0.0073578061819337 0.336931010520085
-0.0725555725648692 0.28124840085568 0.189051049760118 0.200623532512202
0.131166745677624 0.27421896379973 0.125071344677905 0.0622182200148346
0.219233209706373 0.16398062579776 0.0695940977038 0.0807437503304027
0.246142636110695 0.0850230241438388 0.0494981595766448 0.100208308801059
0.219414299230175 0.0504660825618446 0.0622946693005014 0.104997816788866
0.223509319889448 0.0691673523268219 0.050899336510979 0.0635971374681034
0.165203100649788 0.157372025320279 0.058564854007443 0.00787720157222394
0.0888320762974174 0.238775489175644 0.063050789676309 -0.0709738159158751
-0.0840105396382555 0.281810813346024 0.138166072246123 -0.094158102112885
-0.184383161813977 0.205558528370097 0.206277911219207 -0.0863707833618491
-0.172889351001248 0.101207584239512 0.309961283836428 -0.0921552842550744
-0.145514882744272 0.206431547090761 0.303409334427447 0.0152241588717603
0.0826578539079502 0.238996590392681 0.263296007690875 -0.250482980377694
0.0648015217998539 0.0133206271199959 -0.129137724837458 -0.00546381655040568
-0.133531038554892 0.0509669855104707 0.0355083875393268 0.281740487241095
-0.111865943701684 0.196920115007232 0.167753001793929 0.188962571028079
0.0907762545718549 0.218180458945077 0.142262178226781 0.124893446495311
0.181097641114822 0.112394563471938 0.143499628949844 0.137692203657415
0.196726102827099 0.0399016434244225 0.137665021401881 0.126199000904539
0.178656952748719 0.0163951379644545 0.134821668006275 0.105850176965883
0.190429085630502 0.0251732217735486 0.114024772818949 0.074242487425482
0.154277429683492 0.106884354128232 0.109560002338661 0.0395797157532789
0.0741408897608006 0.190258466300117 0.0988384427847284 -0.00984008502092224
-0.101250844330959 0.197456388691138 0.13790807618164 -0.035460138379109
-0.151202802229662 0.0776106067332061 0.208529070032105 -0.0638384211413179
-0.0542859944166538 0.0162861000039829 0.36640699486138 -0.100643620359935
0.0117747911594488 0.17665618546143 0.366270794231667 -0.0209120184926587
0.219147166698505 0.0989417977969034 0.230302894804811 -0.275072857771374
0.110412938387257 -0.125958532384044 -0.0799774861164947 -0.0132932091010852
-0.126147252699518 -0.0659110000820172 0.0384235753219302 0.224588299277061
-0.122356015098354 0.0970529130910298 0.117060248313907 0.188573203489152
0.0428184489835972 0.126246474448019 0.143629058438526 0.187381021402793
0.112311272249404 0.0415160320469018 0.194327756150073 0.180821194232791
0.11420622555186 -0.0119148881932569 0.199687392215487 0.137350327363949
0.111718944674616 -0.0212359075137996 0.187167897852607 0.0917928672914998
0.136069109169539 -0.0208409522243041 0.166175486506111 0.0712167914404234
0.130773021085467 0.0503341848077163 0.150747376023722 0.0607393497466557
0.0546018755214832 0.128097212559668 0.1189657334491 0.0421583044019463
-0.0931578348941179 0.095590510885265 0.114706568548912 -0.000154752672351564
-0.0740624577751397 -0.0448840961728159 0.201105002579446 -0.0744292759942962
0.0889781112377708 -0.0381704668861824 0.410627981029439 -0.113643144071751
0.164770622106019 0.146409461966365 0.381006010714947 -0.0507707190060153
-0.336432932221945 -0.0688370225419224 -0.288167150100979 0.0746738646229753
-0.238557539634743 0.0706726926983188 -0.466709520358441 0.119267432427121
-0.0595743291082179 0.134511310421595 -0.199096931049244 0.142387076214499
0.0519036061174179 0.013414521278104 -0.0792496812191232 0.0170557749866458
-0.0409794001468246 -0.047275420290004 -0.106394742018076 -0.0820484886279713
-0.0878077115883191 0.0321778428935792 -0.171663829730157 -0.0930321730144346
-0.0531135659425922 0.0803380760614619 -0.195275544192471 -0.0651779548406276
-0.0238282870447338 0.063314261148681 -0.200691163451015 -0.0592004127953778
-0.017164541078561 0.0710673452849851 -0.210724360880431 -0.111276343136885
-0.0420516195624531 0.0405087601480121 -0.207700333073308 -0.169428262086934
-0.0035159750603918 -0.0142995035031999 -0.16394409953252 -0.218125801803495
0.111231205126126 0.00967242466266112 -0.0687313049027311 -0.205915438358241
0.084836834518063 0.171262235853089 -0.0109289945663022 -0.177549663948053
-0.108858488577462 0.193922068066747 0.00228029628416426 -0.0135417026736459
-0.281189576370339 0.0523650164796309 -0.237248185641482 0.208163732075607
-0.408475015707276 0.0293065844721545 -0.173240681164873 0.0774304467796458
-0.324019725855651 0.119575606055335 -0.461761320077584 0.122936056171905
-0.16387728246883 0.228314356920932 -0.186482883653379 0.231621966003262
0.00718422499777495 0.152426928208313 -0.0100306106489197 0.0611318593087315
0.00967143507224801 0.0630525216667113 -0.0839778893089455 -0.10082485782318
-0.0114032563410055 0.0918521813161482 -0.183133650432095 -0.093553656797789
0.0372804779975571 0.117538636267946 -0.206244588377887 -0.0430086533132655
0.0659865996005232 0.0892096574042259 -0.193186950626274 -0.0220044837115099
0.0810293345647563 0.106051669767583 -0.197832766372081 -0.0811637126714901
0.0372019548653516 0.116992843492904 -0.186517654930979 -0.15727633806599
0.0403788141553108 0.0989190433697911 -0.140520828114901 -0.232680127028042
0.0793496336949573 0.135835162936386 -0.0264130756588667 -0.218234276618793
0.0232709902105682 0.258380985315914 0.0308348171859534 -0.160641844851725
-0.171065017943656 0.254822040252147 0.027525179827814 -0.00949186638783363
-0.355797917370602 0.148690381343136 -0.15924531099084 0.196096676071252
-0.417250547819363 0.156375997160726 -0.0371411325941047 0.0552603088466095
-0.327080554000291 0.187897230709383 -0.427400005327451 0.110010008368703
-0.210888350353088 0.305331110461566 -0.170043094199679 0.316620330706639
-0.0204185985268883 0.276590636304602 0.0600897277072992 0.125143284398928
0.07043525055808 0.175656229632804 -0.0395078998595556 -0.0854599398840989
0.0795868781365052 0.146575634569789 -0.161367212081112 -0.0727087220394816
0.131169333959149 0.137214372586146 -0.185038102891926 -0.0109045955332521
0.145015786542797 0.100936356337197 -0.155884337011788 0.0205134847065798
0.161584898033369 0.125296246503674 -0.154675877275622 -0.0403308689323518
0.103111418467864 0.174729557971907 -0.137121713490368 -0.126081834447803
0.0775990510622842 0.195838182732332 -0.099914028846679 -0.223323333620714
0.0400075168673498 0.251219934080243 0.0201621584950954 -0.220232305165934
-0.0512347508976943 0.327550476158653 0.0843620181035953 -0.153902415406113
-0.229336191703623 0.278345772369687 0.085786276094801 -0.0245982965683752
-0.385671839213007 0.212495370690917 -0.0482614463283582 0.160271615495159
-0.353917561541903 0.281206815480998 0.0956156755751078 -0.00346892276159076
-0.248719524249927 0.250560886164097 -0.360964488378601 0.0798633934098379
-0.191726345919698 0.339535000185618 -0.131496083034246 0.36618285401335
-0.0253571521137438 0.346670720957396 0.125965712087163 0.180131318129928
0.124918815105144 0.257744950277483 0.0210837751993649 -0.0456444746642108
0.164847463527093 0.182740779282241 -0.103164613007927 -0.0321264742734665
0.209519632175191 0.13683845163299 -0.129415275866089 0.0290230094354679
0.203390044555774 0.0956957517111303 -0.0948420893028342 0.061409239994893
0.213142602340011 0.123578954001027 -0.0905836149923826 0.0030664253765826
0.147052262536311 0.201706811910382 -0.0715719134531777 -0.0828017074809644
0.0991463309827785 0.254281035877032 -0.0460260598057188 -0.188539894320789
-0.00261304615705044 0.324879345693565 0.0695578595423998 -0.200626616077061
-0.120310868802664 0.352889976652032 0.138915277245369 -0.14381941387462
-0.260348801058375 0.260417847166535 0.162664050290575 -0.0522685305202204
-0.36105339856668 0.240814779128787 0.080058096704544 0.11157179178447
-0.231116205659134 0.351232819601481 0.197845537849581 -0.0935608116288141
-0.124764057096894 0.247469282401731 -0.282954744912084 0.0440801026640625
-0.149402240705161 0.295253143446845 -0.0703442752957543 0.375732079655973
-0.0377710474102384 0.343295907518888 0.175863852160685 0.204039849560712
0.148776623704047 0.290108787735447 0.0814676044154114 0.00622112709675843
0.218636769139721 0.188982722018193 -0.0197228299912921 0.0221615477467453
0.252182512813548 0.116567621091858 -0.0462086006987204 0.0698253115493112
0.229042097389514 0.0755414952259157 -0.0170312220532419 0.0924687215579441
0.233106759507902 0.101887198103174 -0.018278796147494 0.0399565866946886
0.166475407446411 0.193339466623933 -0.00308240390030893 -0.0343964068805423
0.100830282789592 0.267014861267615 0.0123963577271362 -0.134213394433053
-0.0474637443024807 0.335319871280502 0.114050130462027 -0.156843000068975
-0.170299755126766 0.311045703746056 0.185530652274755 -0.118960538047771
-0.245086080887349 0.195071766777117 0.243173034316473 -0.0773284297568818
-0.276294897499531 0.234836250494438 0.206376292644253 0.0599158261468943
-0.0706323785629319 0.33685943369324 0.253108795184769 -0.188027133784652
-0.00987477240062002 0.155233843303989 -0.20393280731873 0.015279923012352
-0.129682554570946 0.185468258318676 -0.00455950910608735 0.341996299983022
-0.0733174914562287 0.285747240229857 0.19190959939097 0.200876162367928
0.133709851420433 0.274986005891942 0.123807834158969 0.0626252383514775
0.223959009481322 0.162303412050971 0.0679785690716644 0.0817074526047446
0.248744108831464 0.0813197459367207 0.0495869680301678 0.105160242096764
0.220896930128898 0.0467265959702145 0.0638750632429088 0.108230357370973
0.224241368328292 0.0648029636387627 0.0517303910904953 0.0641397544067002
0.167598027403427 0.157250953997047 0.0583650511586544 0.00718111175670772
0.0912495808532152 0.239705024548285 0.0626895617822971 -0.0718027007287532
-0.0840072047199968 0.285080627663188 0.139739332808316 -0.0957039928112743
-0.184655362085382 0.208185694113125 0.21018718219126 -0.0855890867229249
-0.174813735926759 0.102061884129903 0.311656527187722 -0.0908052588790756
-0.143932497091006 0.207527297584035 0.308261747667228 0.0149369147733225
0.0881773502170742 0.239760164260854 0.260895838664695 -0.254893347801832
0.0659756701094787 0.0092028769196487 -0.132667650196047 -0.00228379260519936
-0.13491685908908 0.0529574104483472 0.0384658685683791 0.284582370142083
-0.111985112006687 0.201788997924198 0.169311470869016 0.188804455906324
0.0938738834040186 0.218405529448465 0.141958137168142 0.125330259235468
0.18520626227871 0.109877460602509 0.144032676480233 0.13799821975803
0.197633390762338 0.0354895877453131 0.138256263516269 0.129721677818491
0.179915681782273 0.0118817202735648 0.13523290235285 0.108492170025744
0.191224309141418 0.0204612407153563 0.114206853647851 0.0735286126708726
0.157472608373885 0.105402661509329 0.109918127195075 0.0380463861269257
0.0773235860190241 0.19095762165315 0.099698260093209 -0.0102958026552027
-0.100678118044681 0.201146499801217 0.138871192780914 -0.0362092389977332
-0.153026012749799 0.0801471712153325 0.211453393045411 -0.0629074974355216
-0.0551693369989804 0.0157807545190057 0.367017378679323 -0.0998407736487223
0.0137638706308151 0.176010628811999 0.372429091504369 -0.0218361064829888
0.224359609065135 0.097913054649316 0.227643764995785 -0.278283274415171
0.110634202683108 -0.131189812038973 -0.0829328211279659 -0.0111147534193281
-0.127803641044206 -0.0643500047774366 0.0404848488474751 0.225596973484548
-0.123524700790944 0.10009236421285 0.117938937540343 0.189468559847534
0.0454697736056753 0.126328658457858 0.145413508668517 0.187966725894495
0.114903348802927 0.0378852708509834 0.195572145180241 0.181235124386784
0.114506092783809 -0.0143503295037123 0.201240005153542 0.139135161371724
0.112642663179201 -0.025409910797567 0.186503636144493 0.0927424382723481
0.136661338215512 -0.0249686937065684 0.165872977190275 0.0688940141180922
0.133715667333714 0.047705921785769 0.151795872237417 0.0581043026722272
0.0576703574488463 0.129438354974641 0.120443844440912 0.0407233007450312
-0.0930242600397232 0.0994235765532718 0.116343206407631 0.000616470971996835
-0.0763079328843053 -0.0439089123283783 0.203520033328445 -0.0737421871598641
0.0891014656415764 -0.0391077542025025 0.412385147174988 -0.112853779824602
0.167817993810137 0.144658862419603 0.38569367764487 -0.050962228495593
-0.34472010855022 -0.0615330537997799 -0.290499201155635 0.0802115345959109
-0.241558662000557 0.077985390546625 -0.47213410099699 0.129911650369001
-0.0561388981253905 0.136570793551962 -0.199788468792581 0.149739622852114
0.0524913915386841 0.0100641175986899 -0.0810999360556023 0.0195176998841821
-0.0460988797030701 -0.0469092640174232 -0.112944358546869 -0.079287333801084
-0.0886265758209171 0.037817471753532 -0.178722146267272 -0.0878471527025181
-0.0502160122326848 0.0848652600680381 -0.19883243429961 -0.0602566101449485
-0.0231823537940732 0.0670725574353513 -0.201895876049652 -0.0559430525354359
-0.0147576974603704 0.074259916547054 -0.215752867335491 -0.109127795795725
-0.0414760584806633 0.044728809263431 -0.215487867062818 -0.166042338952843
-0.00587415198196794 -0.0134519624259317 -0.17248916669272 -0.217086492310814
0.111593629966903 0.00501118497718613 -0.074410214862393 -0.208927092749609
0.0923480397076534 0.171685610903086 -0.0159417451402777 -0.18110576107758
-0.106780307815475 0.20024540403365 0.00396184918633232 -0.0142299986403347
-0.285387196106697 0.062258068586485 -0.23477676842237 0.218934756333125
-0.414525223339226 0.0401430845199934 -0.17405089400737 0.0789089869598202
-0.328017142248628 0.128755012490613 -0.469179232099107 0.134389303931565
-0.160325805449988 0.23539209377037 -0.18441489611869 0.241556707535524
0.00932960230250557 0.154280971199051 -0.00881082121320347 0.0623689574986017
0.00800424122508051 0.0643118591645063 -0.0909582198986449 -0.0975652770690965
-0.00952158081613983 0.0967289741846882 -0.190982145879163 -0.0880301646459832
0.0428261518968707 0.119397502201191 -0.209525699302498 -0.0362787057687306
0.068762405052263 0.0903083495582674 -0.193131817312257 -0.0174925219504251
0.0852182074411843 0.10568876125718 -0.201960161928188 -0.0778745164438417
0.0407994503990416 0.120661716177933 -0.193316885957756 -0.155184502405782
0.0421987152251362 0.10098008378656 -0.149380446345441 -0.232209360434383
0.0828878738014972 0.135111762398141 -0.0314375220926061 -0.223400174936106
0.0310416786521154 0.262730884294306 0.0286360916483174 -0.165102190812153
-0.169382646512081 0.263943858442192 0.0304116232628278 -0.00978606364632573
-0.358117723290475 0.163017395724969 -0.155578220977155 0.204617189196887
-0.42042253269839 0.170424066196731 -0.0354953506532028 0.0537553135759459
-0.329442364796217 0.198196114750606 -0.434915974390209 0.121686607933386
-0.206978189834555 0.315915769783789 -0.166121980106501 0.328506134568757
-0.0161806584594829 0.282427662321714 0.064743586500417 0.126392627763868
0.0727864455984155 0.177113424830116 -0.045389331323144 -0.0835034045667901
0.0847018266375065 0.149312546626889 -0.168517389011684 -0.0674572083219572
0.138187937398822 0.136223155536051 -0.187962954331383 -0.00256656790775943
0.149427928267226 0.0991201158712183 -0.154504989422107 0.0266088956364713
0.166416420191057 0.1225865037667 -0.156275915354495 -0.036372853270743
0.110193967747186 0.177844438282274 -0.142981597086195 -0.124580458429651
0.0820158193579115 0.198901961277648 -0.108398611599439 -0.223510129871072
0.0452465326252751 0.254623341513676 0.0153384332545886 -0.226171349146321
-0.0430229825044153 0.33570598279422 0.0848273027436796 -0.159029712275053
-0.228478258304862 0.28937187120678 0.089963705008272 -0.025859476654223
-0.386622770416377 0.227910786371913 -0.0432340538882186 0.164828195193886
-0.35126402707269 0.29507852553102 0.0970735979341261 -0.0090643096128688
-0.247836378239828 0.259326198417287 -0.368700106629312 0.0920791574884136
-0.188182472560566 0.349554121205467 -0.123879355389005 0.379804897989695
-0.0191676134004163 0.355024800169073 0.133194595967654 0.180232954575558
0.131444824024225 0.259030244500026 0.017461355348681 -0.0447178369618544
0.173521284569816 0.182330983609395 -0.108351180681688 -0.0271767940683188
0.217978035953278 0.13158509083223 -0.130348449793485 0.0371005516768177
0.207996571581155 0.0908536557020062 -0.09124545794887 0.0669836297965687
0.218071569447464 0.118525753726692 -0.0910083290298487 0.00673365217548424
0.156114569897217 0.203562243670373 -0.0753150803388517 -0.0811992985970162
0.105606015599289 0.258036147787439 -0.0528235047369999 -0.189116805872585
0.00471951584995843 0.332433630985959 0.0658595723687584 -0.207768064558808
-0.113141997330778 0.362685891380671 0.141790359769896 -0.149113736002834
-0.260041620337702 0.271454678956908 0.167936726849086 -0.0555403052332782
-0.360667566790684 0.255364257817548 0.0873070103141112 0.112183629798598
-0.222097924265889 0.365332521458132 0.197901711636861 -0.102761154635898
-0.121297738168566 0.252308029719392 -0.289412202953013 0.0537474147366738
-0.1443119398207 0.303847870844503 -0.0614427951035795 0.385750693147896
-0.0313372533310024 0.353555107182948 0.184388828052443 0.20419623998789
0.157619567924898 0.290630024845133 0.0796858223862071 0.0058220573746509
0.228156530172517 0.18587754484808 -0.022253427449063 0.024822435449328
0.261016048330779 0.109642248597524 -0.0452731819156785 0.0769638252259616
0.233410143671719 0.0688426205700034 -0.0121304895379704 0.0974730820066568
0.237745541481318 0.0950144980979794 -0.0172592130370528 0.0426723658237205
0.175625913638059 0.193356294911924 -0.00428294826516358 -0.034973273020366
0.108460092645566 0.268570612058693 0.00777780594974452 -0.135636424953627
-0.0400320769320695 0.342852413695299 0.111674485622485 -0.163268474281236
-0.165355827093781 0.320812287649293 0.189300861698878 -0.124537160128238
-0.246304583547318 0.203859573073065 0.247538704053653 -0.0820000976642699
-0.274869423395548 0.246300682609824 0.214889240010434 0.0566018580931217
-0.0605059876884382 0.343669164493722 0.25138604116312 -0.198190109201661
-0.00642033433941861 0.154049980390952 -0.2098376330892 0.0227731975559952
-0.128041136924882 0.191543602903234 0.0046403250334223 0.348592551187725
-0.0689963856927656 0.296774242303271 0.20060488776749 0.200055057880963
0.143058851201415 0.276596785093894 0.124719764852558 0.0617495041171839
0.233612968059731 0.158406564860942 0.0691931540709479 0.0829935240750128
0.254558363386248 0.0739882836075113 0.0537359068040942 0.11053529657826
0.224538819649052 0.038812090583239 0.0687224855820998 0.111909524228159
0.227679384350542 0.0567661506857291 0.0541169594985161 0.0653138323586698
0.176106799993402 0.155259269965538 0.0592144455103424 0.00539286799819708
0.0987274099787964 0.24091377326789 0.0609464342992127 -0.0743306945882911
-0.0780666348521241 0.293982912453074 0.139516722813751 -0.100892166254626
-0.182932919650007 0.217619499303455 0.215806876925068 -0.0897288795859449
-0.17698452393975 0.107528336241379 0.316411021497648 -0.0966673013939194
-0.139750088716368 0.214335920269796 0.317034499023453 0.00766089956770619
0.0999436852876518 0.240753027395599 0.2567097768778 -0.265536752026787
0.0672063951420317 0.00329671664676558 -0.137150259097297 0.00327206016933408
-0.137062626366083 0.0582139255264268 0.0473479836193633 0.289002121260178
-0.110111210016126 0.211333107066471 0.176456635642466 0.187893641484656
0.101298049672223 0.220202692058099 0.146118651280943 0.12409171613253
0.192773548811255 0.103862487409349 0.148621625687732 0.1380320809708
0.202250624995162 0.0286752542247566 0.143821670389881 0.132400146161637
0.183200969416906 0.00431672576302951 0.139709902700692 0.10897397974612
0.193505574109259 0.0118167146032713 0.11627343558352 0.0718907142748403
0.164045520199641 0.102050191578329 0.112433456023344 0.0347596606975121
0.0845579344740313 0.192745423630528 0.101208663441545 -0.0131419370217488
-0.0980618821514224 0.209990717508262 0.141339948891343 -0.0396428508907183
-0.153855026988029 0.0859483845028672 0.216324771220456 -0.0662633617473385
-0.0569115553030426 0.0172108638510984 0.370997917398659 -0.106605935570952
0.0196046843906573 0.177616338469078 0.38042492423096 -0.0301980641356443
0.233229455167108 0.0932380042967221 0.22185599616755 -0.28853753207001
0.109040772903303 -0.140522235335743 -0.0862403767201355 -0.00671402372739846
-0.131430280302287 -0.0614479721876066 0.0469091183203077 0.227918784593594
-0.122680033526039 0.107243900875735 0.123397321702299 0.189958083361134
0.0506191796630148 0.126943396479041 0.151803356136685 0.187264585306258
0.119400725857194 0.032232720290973 0.202375506260879 0.179558614386013
0.115477226247062 -0.0204823378603746 0.207733197848224 0.13811940918236
0.114329624793693 -0.031343514660335 0.189926180546835 0.0911295016775363
0.138003207447801 -0.0324723259765542 0.168131086265766 0.064837716182556
0.139017314327192 0.0429375086586074 0.155401110935054 0.0531291560752495
0.0645226586782534 0.130538378387287 0.124640586987299 0.0382068074405398
-0.0931642540172941 0.105917200360541 0.118859006774938 -0.00068557334527848
-0.0799359789533079 -0.0414017616056757 0.206723811473622 -0.0778959575339707
0.0894467217568891 -0.0427157593448811 0.416784248550339 -0.12154112346106
0.175413045834845 0.141511954127136 0.393534241031683 -0.060617037020451
-0.352164687571512 -0.0464592841957779 -0.289310021541552 0.0893299462686486
-0.240632555232155 0.08912077870343 -0.470670240574812 0.146930468570811
-0.0498455560854947 0.138610956132923 -0.195621066831473 0.158923390047695
0.0526466802677147 0.00493871769170657 -0.0814587345199062 0.0240018978805571
-0.0513325314392357 -0.0438542823622777 -0.118814904018131 -0.0719567609403371
-0.0875101358520225 0.0452644948579665 -0.185677156948096 -0.077910371965339
-0.0452169135181081 0.0891839330401526 -0.202167829798854 -0.0513338778858501
-0.020571932676951 0.0707364653710448 -0.202128423491589 -0.0494060152249174
-0.0112954545376602 0.076942124487081 -0.22124814368956 -0.101644811430804
-0.0398446876924895 0.0497312695950966 -0.224071067395653 -0.157625234807378
-0.00764507224016599 -0.0126033048311472 -0.182654174766793 -0.21033372369879
0.110951711691469 -0.0023851482274026 -0.083874830770152 -0.209010871669002
0.102716627572305 0.168969725087522 -0.025151715950637 -0.183551635846221
-0.100001091714527 0.207269288841394 0.00500171292049245 -0.0149894797637943
-0.285378806005596 0.077949309745562 -0.225935707243872 0.232856501035242
-0.415689584294411 0.0605945714999422 -0.172176673895314 0.0834950218432766
-0.325962877596995 0.142989897129559 -0.469089670302098 0.155685658261411
-0.152062179577026 0.24275326452679 -0.175603659531937 0.252105172188099
0.0145546863414762 0.154122412616198 -0.00537779851412753 0.0635054957580633
0.0074142087904916 0.0654743333285824 -0.098189480864575 -0.0919722350476893
-0.00576396324303253 0.100019717406609 -0.198831545083575 -0.0771491020148743
0.0501193146285645 0.118617122740004 -0.211880389491718 -0.0251752637692368
0.0729765932340907 0.089437707733202 -0.190989077901786 -0.00923175449776011
0.0902798218565294 0.103445772081028 -0.204836337316239 -0.070026193031951
0.0475200807465321 0.122494248713042 -0.20185196119887 -0.146679661794871
0.0454795407932106 0.101223026511873 -0.161276720694131 -0.226632061882752
0.087640206159013 0.131305043867926 -0.0415690164505654 -0.225115659003812
0.045038818355295 0.264095125617809 0.0218559227162651 -0.16829659292501
-0.160109441296318 0.27472228317794 0.0330390410874858 -0.0113696452034175
-0.353947872546072 0.183246946032657 -0.144763395410819 0.213890342490196
-0.41438583156402 0.190978647292812 -0.0341881880445001 0.051534215608585
-0.325523743800634 0.211719357719814 -0.435034531641414 0.141864656881466
-0.196370827802572 0.326228581367976 -0.151785579090501 0.339249083708459
-0.0065195219869505 0.286349943569353 0.0715191613163764 0.125539288589987
0.0778680296581804 0.17639075904721 -0.0513420184454378 -0.0794525412270471
0.0926411796097464 0.148781449751479 -0.174900672213125 -0.0576106399127674
0.14636690530338 0.129917278333738 -0.188950832666466 0.00918584597102667
0.154359316038988 0.0934945840544714 -0.149907598354988 0.0340479853861228
0.171688307018859 0.115999136983443 -0.157652981008103 -0.0289133289654408
0.119511877165094 0.176632802419107 -0.148965934689408 -0.118431220923936
0.0904444326821974 0.198118625632016 -0.119397691448525 -0.219453644776857
0.0556001217089388 0.255318323175286 0.00566125827315492 -0.23065835565141
-0.027811675813296 0.340079547293154 0.0804335130498425 -0.164138476639928
-0.218128116670213 0.302883519688559 0.0924986751210824 -0.0296588524369151
-0.379443656597907 0.249932778315318 -0.0331245328288856 0.16879833433745
-0.33887277476324 0.312715886932057 0.0976388591469859 -0.0160370892333713
-0.239800817160266 0.269926990824716 -0.370840968197342 0.109804693371872
-0.174532231610719 0.361025730271899 -0.107341962323009 0.391288986427607
-0.00608385271606657 0.361505287712652 0.143641310407684 0.176958657716443
0.141906153158631 0.256407244475462 0.0134037834581204 -0.0431411541822724
0.183116040517015 0.177249241793046 -0.112794176080664 -0.0201025826468638
0.225814223880982 0.121704477646035 -0.129511405527802 0.0484668164346776
0.212519515411876 0.0812311457888599 -0.0847417690440032 0.073781898279984
0.223206072553681 0.108219518351948 -0.0896284702352615 0.0121710230743811
0.166965501849339 0.200004309246466 -0.0791831351484702 -0.0779589817758045
0.117210287939472 0.256775503767237 -0.0621024378047083 -0.187154055146162
0.0186861270646941 0.335213510313581 0.0573778633103088 -0.213495216704003
-0.0981107235315158 0.370437967841952 0.139704033425605 -0.156043444180037
-0.251795320880361 0.286665866050417 0.17019471750583 -0.0620090187686943
-0.351177147470599 0.275826247178104 0.0963365963508217 0.109158941146076
-0.204346851090802 0.379057259495087 0.194939304860058 -0.114580350717181
-0.112748333921167 0.255899628245111 -0.291939008037336 0.0696111995215365
-0.132800456261063 0.313249931258541 -0.0431909116322417 0.394388477065775
-0.0179508119327251 0.36151141168065 0.195765894604415 0.197922549803074
0.170174624654562 0.287835860369979 0.0789245792413286 0.00428643890700043
0.239391994154239 0.176680639135013 -0.0232083943125516 0.0286832256150254
0.268016748238141 0.0958136191965137 -0.0406899093475579 0.0848563212927764
0.236891087792187 0.0574495219494055 -0.00494574012573646 0.101237110722516
0.241761900249108 0.0831154358005441 -0.0142061662386407 0.0456410869434458
0.186204058177774 0.187940480940701 -0.0055291177242586 -0.0343731229606546
0.119985046707496 0.267257101015399 0.00105212755359502 -0.136454361415035
-0.0252342123565627 0.348983815864898 0.105268534838282 -0.169706978507506
-0.151777516026321 0.330826248863439 0.18961703746129 -0.133153159425361
-0.241237041093203 0.21680595030387 0.249455446952333 -0.0909280785576662
-0.265876897148396 0.261058709254502 0.222353223923978 0.0477774893665103
-0.0414889859830351 0.348644098311232 0.24345909672011 -0.212217943627797
-0.00111851215456591 0.150749614015357 -0.212708882300482 0.0350775999572893
-0.121558713953401 0.199602405134983 0.0211572107434591 0.352468483194221
-0.0577361442530192 0.305039267388184 0.210712651352631 0.194017580550372
0.156286337174928 0.272906567614361 0.125815456477502 0.0581205025470018
0.244329874528155 0.146759224604753 0.0718407683451843 0.0821963313061029
0.260249858639368 0.0597409529841971 0.0598697141957913 0.113808514598031
0.227046395534082 0.0265973263300353 0.0760308995874389 0.112751773750632
0.230029319028233 0.0440513909975421 0.0566559966146165 0.0645389007012212
0.185467364802598 0.147369312829847 0.0594030290640923 0.00308806108388275
0.109957989838832 0.23917087649328 0.0577888513951076 -0.0765877907835394
-0.0658280043277024 0.301905562228685 0.135804782913927 -0.107394180875159
-0.174863855960404 0.227555106744565 0.217135997881164 -0.0976287927299067
-0.175641614819905 0.116027096905148 0.317403050934425 -0.108230439072643
-0.130324190891049 0.221935037874487 0.322940643531995 -0.0057617359837411
0.114967691943907 0.236539885910641 0.244974895354414 -0.278811927892657
0.0663576796986567 -0.00441696053099715 -0.13975334412667 0.0127441698955874
-0.135933684873167 0.0657396482157696 0.0602484177477124 0.288990503749728
-0.10157290007633 0.222394741459128 0.184494028221508 0.182283061611708
0.11310887777155 0.217036512381403 0.150437528241616 0.119456900662225
0.200580073297238 0.0931823208194709 0.154373729596487 0.133454482439063
0.205236787287848 0.0171629891903666 0.151684567463167 0.130685934374875
0.183875792672112 -0.00750089834521844 0.14552389760936 0.107111593743172
0.194007056726564 0.000563104380938207 0.119242555140595 0.0681106417818938
0.171915696997392 0.093781797811955 0.114120612865245 0.0293201389128449
0.0948311862943751 0.190099171524553 0.100728774758548 -0.0178561962176915
-0.0890942731037344 0.218501034166274 0.140643144147848 -0.0450045339659803
-0.152163644844687 0.0937027743653813 0.218101863122232 -0.073607418310549
-0.0581629911981403 0.0193554528964992 0.370849202543595 -0.120919808116255
0.0289637182216583 0.177040189917408 0.38353035268398 -0.0462398887113975
0.242428739709357 0.0814923505687113 0.208368242787379 -0.300076859105587
0.102365317700603 -0.150431046549386 -0.0883489747873674 -0.000201567187715868
-0.135656703506946 -0.0542569250723912 0.0570277208888645 0.227172054676269
-0.118985312793593 0.117206694413819 0.131069601748923 0.187199338248543
0.0576267079773575 0.124710127960392 0.160733944941427 0.182272937150715
0.122916300112741 0.0235055351092292 0.212515483078429 0.172466882119033
0.115721807392587 -0.0279113673773483 0.215308262918524 0.132163196838168
0.113560961741614 -0.0397935672527266 0.193028840477958 0.0859478548218822
0.137038180234262 -0.042760137472278 0.170149307097719 0.0570189503367886
0.143730523937524 0.035065376862891 0.15880953822213 0.0445957253272532
0.072809388963898 0.129056713658869 0.127907625458819 0.0320443732738031
-0.0893388903569829 0.113842739062832 0.119994067307075 -0.00382838988368367
-0.083249335837755 -0.0375544843103518 0.20588710639357 -0.0849051604118175
0.0874416963414571 -0.0470093871197584 0.414149918377913 -0.137985795479851
0.18374241094452 0.133261891158524 0.396436713393586 -0.0763828176172802
-0.356552117516192 0.0215279726729476 -0.257887865425634 0.114055052646793
-0.224801951995913 0.137777402894397 -0.436628982015947 0.200763479402281
-0.0254745455047147 0.146461232177829 -0.17209499278772 0.178093787942398
0.0489839165516971 -0.00583682200172032 -0.0776509061277911 0.0389315849725576
-0.0627967252256071 -0.0327404197773558 -0.125353679060485 -0.0512331496935732
-0.0825598342881203 0.0607094599711355 -0.193138508329214 -0.0474666428202363
-0.0315487675838701 0.098861798614562 -0.202976288420638 -0.0220340044153
-0.012015509108182 0.0751144369568485 -0.201767697972173 -0.020912922098989
-0.00124850523636516 0.0801137310481126 -0.228887190274435 -0.0729810526678065
-0.0328260662518292 0.0605092648075773 -0.239737327908137 -0.128326737932566
-0.0132978093209472 -0.00794196239627396 -0.204706867491431 -0.181058414669055
0.10440013842786 -0.0200654945833225 -0.110467317198251 -0.195651478016886
0.12486649248866 0.150303423408036 -0.0510967724979989 -0.182990046317523
-0.067980899589593 0.218160000446931 0.0103274351484953 -0.0149094486327732
-0.267658458333261 0.118684644833941 -0.184872079096788 0.259773086868687
-0.396284187006747 0.135063197060912 -0.147065250670986 0.0855095495555309
-0.298673192688063 0.204260749230491 -0.43417789898415 0.205209584189627
-0.106894038841531 0.268154609108644 -0.139819789599014 0.258988738278933
0.0400826598505325 0.147703057460568 -0.00290871095517015 0.0596807479627197
0.0118705085187325 0.0632345739090887 -0.114054943703579 -0.0726279471268395
0.00488385627082379 0.101542292089089 -0.208028014825234 -0.0421485256863863
0.0678989471212876 0.111028869467463 -0.212371693040818 0.00616609263719496
0.0809750093241726 0.079757192257122 -0.184636027139822 0.0180151309576332
0.102848014059395 0.0902650090818132 -0.209267261268248 -0.0418932945004705
0.0647382758513008 0.118001808892141 -0.217816620162217 -0.120563242569555
0.055991703882351 0.0945670110935669 -0.188087284750928 -0.201005194847833
0.102191256893855 0.116467699143114 -0.0709317938166561 -0.221051405770485
0.0818635824669467 0.251002634752009 0.00126566400057041 -0.175929824607368
-0.117838258719708 0.292230616443507 0.0412574807648234 -0.0142704288893612
-0.32100602468595 0.231520186795339 -0.10530601219337 0.232306902621775
-0.369691653447568 0.259720697424886 -0.0233283789309201 0.0313301441162184
-0.284066585976097 0.270598503229077 -0.406293973881964 0.185152079820331
-0.133678974312143 0.358955280831184 -0.107031988717184 0.335791250996066
0.0457211412362316 0.281916053955102 0.0767604704470795 0.103047423155342
0.0993836493993681 0.159502147216664 -0.0720994781872264 -0.0657844044173167
0.107619459735655 0.133290986925579 -0.185223999644528 -0.0238388093086188
0.165308244757496 0.104240594316034 -0.188741443351452 0.0383010834186823
0.160622453085274 0.0713110274236004 -0.138159475426258 0.0560738857270533
0.184690096676107 0.0884991233326164 -0.157261768703428 -0.00720925314002635
0.144878041777571 0.15917605223696 -0.164135244874387 -0.0992945887476465
0.114400673888615 0.181963586233093 -0.148238699955724 -0.199497817159422
0.0911040885002503 0.243546196807864 -0.0246480573778283 -0.235105027348334
0.0216443052907323 0.335450802653745 0.0628553415824233 -0.180885439120449
-0.172226412590374 0.327742774928144 0.100244800294773 -0.0379017824839219
-0.337488566702057 0.300566103388246 0.00136448802297509 0.174509490075015
-0.271234224307963 0.363019543502168 0.0869673152497695 -0.0536181747378266
-0.192839085964954 0.308357465002591 -0.352964721377774 0.149059911450702
-0.105817438667816 0.388988378467579 -0.0578693990891833 0.380395806558114
0.0606955938735465 0.356224803747657 0.151291468195787 0.140299624922653
0.176312010747448 0.22742300669785 -0.00744686565166991 -0.0390392234932917
0.202705713032589 0.146081497888215 -0.12173349258231 0.00511125817784413
0.242812500536635 0.081273021039994 -0.127455053869085 0.0694537274844419
0.215632565585117 0.0505258613747076 -0.0695430559533566 0.0873698579107857
0.234159734505612 0.0717498779920101 -0.0851364590816697 0.0262024331780814
0.195863625065457 0.172952042417254 -0.0909131900607669 -0.0682180161586108
0.150067862648914 0.233838230903938 -0.0889328926900961 -0.176518761052797
0.0674802569647019 0.328928520990706 0.0288919292699873 -0.225902330028758
-0.0440202520162973 0.373960270019224 0.125680873916915 -0.179889200735036
-0.209425644618079 0.315152014526676 0.172854567694963 -0.0778204628928491
-0.307484257740557 0.319623368404051 0.120549055369013 0.0999937188693747
-0.128698923470879 0.398018515092007 0.160567304291002 -0.158482189827286
-0.0715701541587348 0.27021534358463 -0.283685051027726 0.104903198207154
-0.0728621516823352 0.334909008921743 0.00686841113870081 0.37669020315798
0.0512478099287697 0.359272551234083 0.205476688202773 0.15267916331054
0.211777894909528 0.252215694892225 0.061836470375769 -0.00178411418833192
0.259175630841678 0.135257163963475 -0.028591538068825 0.0401202071663301
0.281242703980783 0.0480597855849303 -0.0362651354846449 0.0933913958063157
0.236783902611487 0.0221337878675329 0.0118293311721456 0.103678646546703
0.248195827771197 0.0428500659845066 -0.00777204936366931 0.0495628832196943
0.213144637356866 0.156014594347239 -0.0138844445236083 -0.0348867695975707
0.1562690454561 0.2429205434582 -0.0206806765514575 -0.135131665393008
0.026770931578546 0.348741158926642 0.0829221264826294 -0.18854267088557
-0.102833863751948 0.342852296320381 0.180081311335221 -0.161851883954627
-0.209384364065745 0.245827287747656 0.245970172190914 -0.115206681394674
-0.223937396462387 0.292427634647214 0.235719487009403 0.0227137210750901
0.0249598723703473 0.338175766707799 0.190171816583919 -0.252628678178534
0.0191709687907533 0.146405910474342 -0.208663679148689 0.067523152583152
-0.0808075353345592 0.220584453228689 0.0689975010569652 0.329475078646181
0.00308437585570458 0.313061285249192 0.222312625471982 0.144975718952127
0.198276210504725 0.240542783199862 0.116900372898068 0.0427456949386087
0.261808969248049 0.103256251898163 0.0727297683051191 0.0778962500549994
0.269061597230807 0.0126970125065446 0.0666820868241284 0.107048346621198
0.224000178430772 -0.00784159548381482 0.0907982232862616 0.103273269520988
0.23070517212975 0.00470963197999286 0.0637456493559488 0.0592233427190316
0.206688631739068 0.11471040275522 0.0547112061355905 -0.00601239122020537
0.143246050740325 0.215500234815767 0.0423566644933982 -0.0843545142502969
-0.019658842038334 0.307930751475765 0.122477051654484 -0.129127314749206
-0.139954863584618 0.245167928891541 0.211014163226991 -0.126815460689644
-0.159895058989875 0.137031059365788 0.3062372772056 -0.140555586531743
-0.0982049402577245 0.232771443916527 0.323739439638871 -0.0429304545525624
0.156745754009718 0.200331321308809 0.181594614757485 -0.307532356425256
0.0577763295715324 -0.0177702813587057 -0.134907946183652 0.0399207344961208
-0.117514240334372 0.0916705448307734 0.102479998936117 0.263357175975193
-0.0542315869276344 0.239309702584224 0.199481451817264 0.139373052791057
0.149599518929637 0.193739526763228 0.153444543885309 0.0974366336613248
0.213460164995326 0.0567412221621634 0.163422199654871 0.113315516311935
0.208524996104734 -0.0209604734749225 0.160992659846008 0.109105903934906
0.178149854035963 -0.0359877339887695 0.156131223798847 0.0883014088632546
0.18964528388306 -0.0341838503101221 0.123555354354576 0.0538009939116582
0.184575687983059 0.0622810446373675 0.111825738784695 0.0134034158350748
0.122481937421294 0.169687608092845 0.093134168864983 -0.0324715848055793
-0.0534289602993195 0.229809897046537 0.135065686921248 -0.0656828103690266
-0.137831242785391 0.111733534060736 0.212958747733421 -0.0988158925561643
-0.0594958824595232 0.0255731679213177 0.353936008957511 -0.16101094801546
0.0521456050236177 0.166018538377752 0.375120132076882 -0.0915483355740192
0.252404717102664 0.0266971325790992 0.146000898897667 -0.312398270171547
0.0682683998639215 -0.16620346115608 -0.0813656346305133 0.0230613360609147
-0.138108719646702 -0.0265333749213944 0.0943969830022294 0.205673163032179
-0.0898911135700325 0.139718847551723 0.152331888061158 0.155795362401058
0.0826098517322477 0.11364033085312 0.177663028026842 0.155455029396733
0.129154544312765 0.00134136650788689 0.228719546382288 0.139234857622152
0.113350965959692 -0.0505199980221254 0.226811843117297 0.0995880093279273
0.106309320965698 -0.0589501316617892 0.198749550626001 0.0601408567696936
0.12787673801046 -0.0686481545776387 0.171449316182172 0.0351500752622594
0.147801263997072 0.00764111324835246 0.15902504799614 0.0229943424699275
0.0939391714789753 0.112709161600183 0.126539014275387 0.0133161274439302
-0.0696127145810172 0.127295402968685 0.119891969584443 -0.0199124463033081
-0.090156419790774 -0.0256008921367339 0.19612181963137 -0.105912849001652
0.0732601149502353 -0.0610309099712832 0.390105550546082 -0.186625373783088
0.198820268363639 0.101174497811181 0.379980816708523 -0.126328547022098
-0.345647997707621 0.0342243760172531 -0.247874946202083 0.115440888092986
-0.214744912419254 0.14056013050754 -0.420648677295043 0.208115107300196
-0.0202096131453033 0.142190252059626 -0.161674780579578 0.178016392343648
0.0455603836940116 -0.00950792507700692 -0.0732299170360236 0.0406987145991857
-0.0645033657850707 -0.0283075571400266 -0.12291250574258 -0.042552547255219
-0.0772995708682836 0.0647518243118842 -0.189161012129515 -0.036247406703339
-0.0258523894266578 0.0975783295105147 -0.196955470914013 -0.013656629160077
-0.0088062188223829 0.075299290967925 -0.194284921091271 -0.0167219891748679
0.00215789344540784 0.0791923319703874 -0.223748212157207 -0.0648621535006591
-0.029383645546075 0.062174514329213 -0.235423109525165 -0.116360965780336
-0.0148359283847466 -0.00642061231375046 -0.203289085646721 -0.168503664691024
0.0979170554942624 -0.0240538216523503 -0.112964425203943 -0.187101165027378
0.127604273699883 0.140611377346461 -0.0570695094393997 -0.175404621527056
-0.059013388003588 0.213492553600602 0.0102695477060749 -0.0155942795137322
-0.255863289429764 0.125785827965467 -0.168864818000718 0.259493557068809
-0.380644473092052 0.144361114884726 -0.141122596963721 0.0842996833857009
-0.28495116944682 0.207810848334552 -0.417112970271138 0.210607629699057
-0.0956985621588507 0.262092702556034 -0.127331588616709 0.256801504324527
0.0419296133430418 0.14091697956457 0.000562423860856877 0.0582524327026237
0.0109531616499219 0.0628640428408668 -0.112517913453413 -0.0641848950687972
0.00916762568719323 0.101172824464576 -0.204016467115491 -0.0304051591190767
0.0701821207364237 0.104782319301591 -0.205187488716278 0.015744532626856
0.0811265527582551 0.0757254810310367 -0.175951035905355 0.0216392582615928
0.102403821325988 0.0842893110940627 -0.202647562970787 -0.0344565387126825
0.0680893157027287 0.114604705163132 -0.214944722698746 -0.10941146382824
0.0563361484247205 0.0914266599958573 -0.188404839670684 -0.187597736542763
0.100726468773528 0.108793373080063 -0.0754227446140364 -0.21302821153074
0.088031943517047 0.239010717370443 -0.00457818027808542 -0.170969854052944
-0.105510736577844 0.28808291971225 0.0413566331895242 -0.0152901422078918
-0.30294465301699 0.2362537903457 -0.0916826107788795 0.228819779998206
-0.349083631956206 0.263793863588689 -0.0225416382232079 0.028071563968272
-0.27042813433784 0.272063449125206 -0.389614322293083 0.192032674132746
-0.119650950246703 0.351774241965427 -0.0909057191267512 0.332185516492981
0.0523042681155514 0.272933653436105 0.0795632172575159 0.0981447179693644
0.099109398358692 0.153503863428579 -0.0720331856441331 -0.059100011772024
0.110087020629294 0.128360718333641 -0.181610927673253 -0.0138230445308522
0.163458675862629 0.095136664870245 -0.179889015820851 0.047304705182788
0.157880371873981 0.0639968537415227 -0.128841086547281 0.0575236648723995
0.181437794110486 0.0799813479553567 -0.150199162958022 -0.00174774606813479
0.147360616959117 0.151392865415534 -0.161896109081595 -0.089817603894667
0.116281575207395 0.174852363471997 -0.150476541464982 -0.187167312910651
0.0943004649109503 0.233376457501351 -0.0313015936681735 -0.227576239461627
0.031567830765586 0.323234967602742 0.0570674230919647 -0.178036870429002
-0.157711932505535 0.324899970287368 0.0984616258532815 -0.0403430551372079
-0.317000155445302 0.303545713967358 0.00960988307156969 0.169138504884125
-0.250016721514361 0.361015385467867 0.0823557329037272 -0.058231855723002
-0.179484582064223 0.305309393568564 -0.338308773380511 0.15722752152256
-0.0904599685127246 0.381102770849696 -0.0424972744541699 0.372846143769257
0.0702305969668962 0.346568326035053 0.153307680630197 0.131451820436493
0.177268425036322 0.217302547979865 -0.0087883102730013 -0.0354056974714518
0.202222454153548 0.135962210304274 -0.118919545133577 0.0116835031449512
0.237113992467548 0.0688038616255222 -0.118703545845781 0.0765400152898162
0.209262202958595 0.041429539096611 -0.0609280277462242 0.0867740640656625
0.227105354580372 0.0614421752483722 -0.0792625528881282 0.0291274104077185
0.196843878201764 0.162151818122803 -0.0897619293755101 -0.0624304595168849
0.152466153317356 0.223469585267489 -0.0920760689414963 -0.166668113335163
0.0750694257693761 0.317204353134975 0.0210054778766977 -0.22064289994142
-0.0305365865850444 0.364280807050619 0.119072461775039 -0.179196214283739
-0.19399579575524 0.313391948067575 0.168607714101163 -0.0812780603273765
-0.28582983549 0.320821065303721 0.122744346978939 0.0925308982258436
-0.107931508950811 0.38870172751462 0.150359518562596 -0.161351194070829
-0.0643904885677035 0.262869255296905 -0.27214830459335 0.112170714284342
-0.0614474731166666 0.32724843544833 0.0201615425305114 0.367633147584066
0.061693052386032 0.350825246996668 0.205841321605954 0.142366192077949
0.21312020086873 0.239722777338072 0.0593692261835478 -0.00208014096771641
0.256225468426485 0.121551188577486 -0.0268530236509857 0.0419128211489414
0.273470885969775 0.03433273841528 -0.0297428779730649 0.0968596721057507
0.229194229077232 0.0119137175304466 0.0178322707258957 0.100972506506663
0.239049501347374 0.0322717665464258 -0.00453271818748232 0.0503950910936715
0.213103358779265 0.144215642019315 -0.0140219486998789 -0.0324775779493198
0.158952481602822 0.231868740879467 -0.0249874098186141 -0.128774795487601
0.0371830376629326 0.338236981622327 0.0750002050698021 -0.185378882178183
-0.0889929884813341 0.335101049857978 0.173314933208252 -0.162729850550135
-0.196284406487093 0.245741050217814 0.238579093150801 -0.118538982102449
-0.20660542539727 0.289538560899766 0.231108276160681 0.014372984774516
0.0377896666404342 0.325026236850897 0.175395145031635 -0.25281040611182
0.0190321803343634 0.139169966715561 -0.200526134979462 0.0740091035560956
-0.071631562340245 0.217162229697207 0.0781333954678738 0.318755982851963
0.0143109872619014 0.30751217755196 0.221335112899387 0.135110530033169
0.200508835906962 0.227778898127451 0.11371248841789 0.0387267723836086
0.257999716394089 0.0896393645084453 0.0724500960601266 0.0746142937681187
0.259796721054461 -7.33519921994321E-05 0.0707108035993385 0.106089302880838
0.215173866377143 -0.0171986021414485 0.0937519670071117 0.100014125772296
0.220450816744396 -0.00474225028584585 0.0639115542614438 0.0574724446942922
0.204415312402035 0.103415601389664 0.0530500677606863 -0.00753643562801933
0.146139023958105 0.20533067369864 0.0380097258712618 -0.0821259601340367
-0.0071374402456959 0.300669151290634 0.115252271540773 -0.128804644211558
-0.128390332651573 0.241199184123701 0.204913046629717 -0.129084454133838
-0.151925025959299 0.13856202734416 0.29531528372868 -0.145373843902682
-0.0858689264444983 0.227835627268193 0.314888998134689 -0.0517129879439581
0.160935854123075 0.186445001518331 0.164727720074344 -0.304557799846354
0.0519776891413299 -0.0213802652129918 -0.129694737051072 0.045136916967453
-0.111346352783255 0.0931311482049508 0.108860836149133 0.253014229979632
-0.0437572895163815 0.237561021990623 0.198582716259605 0.130477417193883
0.152764111940369 0.183076753216097 0.150660159096155 0.0901794945789111
0.208922153790834 0.0448731508127534 0.161536748392612 0.105523005828315
0.20033566161665 -0.030488016089173 0.161535814478504 0.103122550842114
0.169988429267529 -0.0434863408304255 0.155886229798928 0.08317527443727
0.180016805070015 -0.042059744237563 0.120848032880589 0.0497685083888235
0.182176494270907 0.051920931041097 0.108647809367275 0.00875665909861624
0.126277988658494 0.160819130432326 0.0884478259713553 -0.0344013715595479
-0.0430767443131098 0.226528302035095 0.129918353527713 -0.0667585488031664
-0.130717029695068 0.113533861056994 0.207326256723606 -0.101338671247752
-0.0576488353608967 0.0268883611609576 0.339514937011563 -0.165254669991521
0.0569520031688514 0.157970003562512 0.362997222471007 -0.100177824224949
0.247114396364709 0.01542498026233 0.13014155716536 -0.307057276614868
0.0578230257633346 -0.166731770263474 -0.0780900992069101 0.0273508365198629
-0.134528517188175 -0.0202159260950801 0.096855007267181 0.197171756877322
-0.0804291213681899 0.141093553913536 0.152081007510686 0.148308407539351
0.0847438494572083 0.106483698585695 0.175759257767203 0.145487108010065
0.124117616299969 -0.00729464934319046 0.226959550310663 0.127708479889055
0.10741338791373 -0.0551599092093631 0.224382553918043 0.0904053265208351
0.0998552939192674 -0.0633379810801442 0.194903784682532 0.0551182261999947
0.119479028549777 -0.0734574186315948 0.165342668970817 0.0301349059853762
0.144461532589701 -0.00122599879527043 0.154103508039984 0.0162629215540165
0.0972437659196374 0.106232016957666 0.123412567832812 0.00814136193908976
-0.0618308832261805 0.128309343939836 0.116738249484153 -0.0214892112886321
-0.089519125651138 -0.0208459030679563 0.189230750553859 -0.107551539187184
0.0686555620404802 -0.0610496657658785 0.374140643823237 -0.191842418306262
0.196988651233364 0.0903375252277764 0.365902264563889 -0.133748326472178
-0.33746861345686 0.0387720031150556 -0.241030811904613 0.111500234814965
-0.207709078286616 0.140096021726471 -0.411258270205724 0.204491335348219
-0.0179743567042997 0.138271556281525 -0.156635513761776 0.174801700990633
0.0420514707157396 -0.011725332395641 -0.0699650599029101 0.0406965082732222
-0.0654072489588109 -0.0251408644149383 -0.119274305321922 -0.0383811815359535
-0.0735951836775117 0.0661271859932962 -0.185295575935763 -0.029552856627748
-0.0227496122570576 0.0961204000503939 -0.192082943114119 -0.00940838764830426
-0.00694730072482033 0.0750261156067682 -0.189231541814147 -0.0168713916506402
0.00338099752046663 0.0783529517045052 -0.218144730506253 -0.0630525008070951
-0.0276166037047262 0.0634079746820748 -0.230128299597683 -0.111219393006082
-0.0161027569659732 -0.00533178411853917 -0.198591411536174 -0.162069067039817
0.0925322379954452 -0.0258939751532052 -0.111691689416685 -0.182823772453642
0.126995692668542 0.134337956528417 -0.058846936666401 -0.170582348810249
-0.05552262166928 0.208770458494409 0.0101943770903542 -0.0153487974003125
-0.247515077886759 0.125958585746873 -0.159964500894109 0.255098477844239
-0.369460395294265 0.145164931479013 -0.13811448614466 0.0792135487301899
-0.277450080476023 0.205635329600073 -0.40830059582811 0.208284247418222
-0.0905506050411336 0.256872988744411 -0.121171438457508 0.252034607111407
0.0411717168930725 0.136624170610887 0.00270656515111928 0.05629629095934
0.00915737334767932 0.0628463419843144 -0.109490232699636 -0.0595616054840265
0.0110706860217586 0.101033339905347 -0.199865292439308 -0.024340206044045
0.0695423034781138 0.101107413430678 -0.198548504966155 0.0202147027915385
0.0806452184575651 0.0743823279541793 -0.169433045759214 0.0204344870591242
0.10022980654544 0.0822868170461047 -0.19671833270155 -0.0327941993060268
0.0688106911036487 0.113693742473128 -0.209434218385609 -0.103492756095558
0.0546096816405878 0.0906649343603422 -0.184877973426287 -0.180509115836559
0.0974643348397955 0.103965155260125 -0.0758347547226616 -0.208522298054767
0.0895394765193851 0.230842109318457 -0.00578804210533688 -0.16660813824056
-0.100436963459919 0.281913054435513 0.0415954839986861 -0.0156178526585062
-0.291831278214515 0.234692309931755 -0.0851323840070502 0.224059439419827
-0.335650242581795 0.260386731097545 -0.0224357184952604 0.0238197312796871
-0.264922172888511 0.267453493475742 -0.380719441275771 0.193122695527361
-0.112792874278656 0.34532448715005 -0.0843421054805539 0.326354430154498
0.0535025384567148 0.267546900703204 0.0811870698217862 0.0942943773894108
0.0964540317334496 0.151299428112162 -0.0703440801531368 -0.0555859558724505
0.109536307385497 0.12540710782873 -0.178396933192439 -0.0084181270830502
0.159975670270542 0.089872680302831 -0.172789424325931 0.0521362158382655
0.154511896619875 0.0615223101761733 -0.1225424764411 0.0562959829461736
0.176318743207053 0.0758508349453544 -0.144701837470379 -0.000340095181943163
0.146889848702274 0.147561469730849 -0.158187452209892 -0.0859122297721652
0.11424702717933 0.171359827786247 -0.148463826593761 -0.180888699437674
0.0930494255948543 0.226837042069848 -0.0323616545238547 -0.22280786025338
0.0346687611875846 0.313822929434613 0.0554546787467482 -0.174544098431997
-0.150546053560752 0.318277924272039 0.0975383578884559 -0.0413791687307194
-0.304385885727267 0.299814215168947 0.0134188359215523 0.164381700890388
-0.237755783942332 0.352988887824348 0.07867541262969 -0.0611690902112115
-0.174999317238673 0.299682062750777 -0.329767892096827 0.157091467252099
-0.0858163765613151 0.372543715827053 -0.0347322236650777 0.36652221878165
0.0722817309689966 0.340040439455883 0.153608881444929 0.126458258758631
0.173124216142156 0.211956228702485 -0.00821358979046043 -0.0330903245748875
0.200079667470536 0.130761046960141 -0.117177830931581 0.0151829389211261
0.230928994128309 0.0628899124601951 -0.112090074640112 0.0812191876445812
0.203863822597129 0.0378825841361428 -0.0552023801743647 0.0845949708300502
0.219593310273131 0.0579075152676633 -0.0745919456498349 0.0299041000000276
0.195040871014309 0.156702186343956 -0.0878724721640218 -0.059265859175498
0.150748243914331 0.21906374505628 -0.0914009212903872 -0.159931346600677
0.0758563514077427 0.308905295430613 0.0188099424996823 -0.215459375966655
-0.0265591122748779 0.354683324464912 0.117362597780316 -0.177163225837061
-0.186557880101291 0.30806113931272 0.16605430537766 -0.0809642072765187
-0.27474295951919 0.315595718306645 0.123093837436172 0.0886993785298675
-0.0988842129420793 0.377173829005991 0.143793476179795 -0.161710861624877
-0.0630010959206358 0.256906572713064 -0.26544332721246 0.113435010906068
-0.0569473520416632 0.320507526178784 0.0256465104798688 0.360047913032706
0.0650876570952452 0.344584668382534 0.205174813531747 0.136749831465373
0.20949054738565 0.233675208196688 0.0577309648813015 -0.00151728112558241
0.252358652840895 0.115590280527005 -0.0270812682145651 0.0435949966884204
0.264304764649411 0.028324912534539 -0.024464141639342 0.0995556241920958
0.221747634639081 0.00845914976753949 0.0216266645743667 0.0991662388464565
0.230327804663795 0.0280540302124891 -0.00148953229235338 0.0504424480411353
0.210014264001009 0.138165306457928 -0.0136069056043214 -0.0314622434276206
0.157153139413748 0.225774554024495 -0.0255711744984506 -0.123727960345952
0.0394936760684529 0.330152041537802 0.0721798140096437 -0.181151841625009
-0.0845470824897195 0.326798763744101 0.171619469070308 -0.160947356191678
-0.190078015370103 0.241337361603484 0.233177092944486 -0.117637502956364
-0.195748975250365 0.284648830448007 0.22785135972048 0.0114224635712892
0.0431663433864189 0.314246468111147 0.167227588895395 -0.250153786214178
0.0165957146555277 0.133952871610227 -0.195230165670078 0.0753419760676213
-0.0686765195091813 0.21266736990382 0.0808744089824963 0.312815089957775
0.0184717160277832 0.303678450506188 0.219284839111062 0.129895510226968
0.198018152968836 0.221317235412661 0.110365088770892 0.037990293530141
0.252906578971948 0.0826658006290316 0.0701089293476507 0.0735971256563335
0.25061337855774 -0.00623081044493386 0.073184864159375 0.106868381613584
0.207452496141534 -0.0205369369704361 0.0944540766064024 0.0978929489907646
0.211746251137981 -0.00796349576047079 0.0638813049706736 0.0571992196024106
0.201606200019419 0.0970868488841694 0.0520421672535917 -0.00803352638427885
0.145399431648055 0.199701586270032 0.0358234645551564 -0.0794133401166962
-0.00418811006863 0.294694436763177 0.112313540896326 -0.125767341226242
-0.1233268076282 0.236620298110756 0.203141017415651 -0.128422487790588
-0.147322282327614 0.137109132752864 0.289430960337685 -0.142568130321797
-0.080762692511278 0.221457819937734 0.30805504347419 -0.0529830766579277
0.160962686380288 0.177165688205353 0.156330317688995 -0.299781195618501
0.0463359824997957 -0.0229404837689145 -0.125405061245597 0.0474179186049224
-0.108333469273524 0.0927168172953863 0.108518631463225 0.24710242252413
-0.0384046631611995 0.234993819669084 0.195480953712486 0.126881283907567
0.151639531290138 0.176949086077298 0.146428495025485 0.087722290891771
0.203108700408315 0.0389140248041604 0.158250420478035 0.102002702009829
0.19312273304138 -0.0346840378560358 0.160636328098428 0.101957090819155
0.163309945229732 -0.0465585116981188 0.153332020795135 0.0820885043329451
0.171637290554202 -0.0448481670307589 0.117753449258283 0.0496151454616014
0.178238872504754 0.0461364881153025 0.105201033882745 0.00675504680338389
0.126676603979591 0.155519506659101 0.0852366476803748 -0.0340944491132949
-0.0389716669613376 0.223640904477046 0.127305283959007 -0.0648367348127623
-0.126517995261983 0.112235874958747 0.204767123794581 -0.100353651384924
-0.0562427589385163 0.0271872259537396 0.331749034231979 -0.162229755957457
0.0582172068576299 0.151696130525272 0.35463597957949 -0.0994983158948294
0.243017978663784 0.0098263033458917 0.122526434540034 -0.300541216896045
0.0508190547248937 -0.164742074743107 -0.0757126698156303 0.0288374949228636
-0.131327490324858 -0.017914389249186 0.0953574742381059 0.192340718879934
-0.0756520090712974 0.140762885459423 0.150136257144769 0.145725296011491
0.0853004621677029 0.102204061627474 0.171779123644325 0.141266958866474
0.119063842614117 -0.0118602325109977 0.222393006832255 0.122571861820226
0.103032915641638 -0.057509221931526 0.220249719005654 0.0867146036380269
0.0946818386880717 -0.0658161621512817 0.19043377068306 0.0544661971788865
0.113721409946734 -0.0752256923801134 0.159517356035674 0.0287109330177498
0.141596115021987 -0.00540422709238156 0.149125034985775 0.0117623812286511
0.0990040853763576 0.102720072289732 0.119890857529871 0.0064934375408015
-0.0574593817181631 0.127677038026341 0.115079747862623 -0.0201248275966699
-0.088116030790901 -0.0186362860172621 0.185188236617018 -0.105348004241371
0.0663604662343604 -0.0597500772289205 0.363089639665043 -0.188154884097065
0.193551595842022 0.0847964983717424 0.357057967611109 -0.13101437303578
-0.335790787238766 0.0398630427205574 -0.241490178491991 0.106844279191264
-0.20749082312052 0.13896567488189 -0.412693064750715 0.201845335771846
-0.0180999989147398 0.136749647974735 -0.15618674017884 0.173240480329286
0.0399387868813788 -0.0130984133670863 -0.0685795307862689 0.0397567584091968
-0.067039667084136 -0.0229648331644614 -0.117538562479911 -0.0373250181034984
-0.0716569216517359 0.0679726424533958 -0.183070623986279 -0.0261762916467247
-0.0216207536438445 0.0961802054292707 -0.189228708126987 -0.00830239916929539
-0.00631273037027579 0.0758266860341481 -0.187314687411598 -0.019691785801112
0.00409637821110357 0.0784820058918927 -0.216758914488228 -0.0652105394245925
-0.0265482062474274 0.0650543441027979 -0.227509011977496 -0.110732237861703
-0.0177080247851841 -0.00388589036238924 -0.195487892097399 -0.161471148141943
0.0897020357950914 -0.0262042814147213 -0.110491799794467 -0.183155227772318
0.12709526812492 0.131675518713477 -0.0597469039179265 -0.167670024849994
-0.0563525123566692 0.206512701266725 0.0109660277429619 -0.0149628791449411
-0.246685619549955 0.12616092470203 -0.156262741821214 0.25371091757469
-0.36703391684153 0.145187633200681 -0.138195309538163 0.0750489320823576
-0.276410184403298 0.204075475706645 -0.409993331989828 0.206057715203297
-0.0912160130013577 0.254777407797828 -0.119645706702358 0.251006319176788
0.0395329035434988 0.136006138211666 0.00397276579330405 0.0550350146917722
0.0070521262927256 0.0652264488388481 -0.108017826239962 -0.0584693361710791
0.012148092721554 0.102492557223531 -0.198743758351596 -0.0209603565873556
0.0691429057421924 0.100696447856914 -0.195188662329429 0.0233240756577477
0.0803986159427958 0.0749479742095424 -0.166868228602906 0.0177127667887967
0.0998230717571639 0.0828859414048712 -0.193830103624906 -0.0343313102628782
0.0697481407175293 0.114779311148637 -0.208025772894706 -0.103331887797257
0.0527781537067332 0.0920046010800772 -0.18212225775757 -0.179098010134653
0.0945197593093203 0.103195996620748 -0.0745823669109928 -0.208640758496548
0.0888944568668983 0.227866397017847 -0.00594058458057612 -0.166248738311626
-0.10093028090221 0.279918458733473 0.0420702524675881 -0.0152613360141188
-0.290824430393825 0.233542876735865 -0.0828077855636338 0.223069598021847
-0.333205966165203 0.257996696922584 -0.0239788381554472 0.0194099151053857
-0.264652471199787 0.265095526889576 -0.382065034028232 0.192479202881704
-0.113670506854697 0.343092064000047 -0.0815641891690874 0.325594099251968
0.0527676753794996 0.267326656796184 0.0827246663010714 0.0930097076363304
0.0940255096580912 0.15340486328469 -0.0686184525755205 -0.0546138380050801
0.110205215944565 0.126473066498997 -0.177979497725043 -0.00559970088089849
0.157514637747951 0.0880096305140165 -0.169464988507868 0.0559298944261726
0.153018144913627 0.0612365096843863 -0.119865033501302 0.0543520172874443
0.174013507580877 0.0766337528435545 -0.14189761561099 -0.00109892907377083
0.147623119673703 0.148167277306206 -0.156028520312583 -0.0851919183852717
0.112975065956493 0.172916785602836 -0.145854933837654 -0.179150790344317
0.0911704894406034 0.225311162586528 -0.0314203687749817 -0.22315726451804
0.0340008458929644 0.310785946763735 0.0567085693498206 -0.17449345796444
-0.151282449553447 0.316113936294663 0.0983790466826112 -0.0404269528005482
-0.302322739652512 0.297514668017741 0.0151713123608089 0.162896959006979
-0.23277928426707 0.348298295759693 0.0765627064450808 -0.0648447201651708
-0.177192691566574 0.297486918590549 -0.330769768517725 0.15626335850708
-0.0861680941935484 0.370477547614096 -0.033141758979488 0.365710238764374
0.0716347284065392 0.340595636547746 0.155433826756013 0.125468006955401
0.171027091315519 0.213689480443267 -0.00808084472369168 -0.0326591883839451
0.199692068614078 0.130726643382061 -0.117467937786525 0.0177816978784725
0.227459480684448 0.0604045468130624 -0.107876078104584 0.0848499456976309
0.201815248957981 0.0370967087979972 -0.0529351538390941 0.0838149854228652
0.216631776861163 0.0580821192377981 -0.0716200745249745 0.0296700653771857
0.1951682733287 0.157015390106629 -0.086153815373299 -0.0589607166415606
0.149510625192914 0.219900483901199 -0.0903908030862707 -0.158661044372471
0.074209341571776 0.308011380770487 0.0200838719792951 -0.215083796148705
-0.0267236399504257 0.350687820159439 0.119797059900856 -0.177463533576037
-0.18680688641658 0.305976811779413 0.167753967332182 -0.0804530884294673
-0.272641374177359 0.312409729438933 0.124814701129021 0.0879801613560906
-0.095226873821765 0.373251668207458 0.141525495903602 -0.164487218905114
-0.0650818475517359 0.254242072099598 -0.265682065522497 0.11331905903206
-0.0579510890053456 0.318949648450731 0.0282998631934438 0.360687479616389
0.0651892447296624 0.345239342359269 0.205730802938909 0.136051135385369
0.20804459209274 0.235189109795542 0.057592176873656 -0.00130701331164109
0.251616863368598 0.114222004198945 -0.0293280211399288 0.0453649639991805
0.259578902332263 0.0256534319211517 -0.020314666648299 0.103845821508166
0.218808417857397 0.00718422153604615 0.0242398998961228 0.0991452900469541
0.226369635660274 0.0284361677196296 0.000999354073095233 0.0509412565946476
0.209793924048969 0.136655235149471 -0.0129063005981183 -0.0309902538125872
0.156501337124837 0.226046169213807 -0.0257303659683916 -0.121822222596932
0.0381991287257436 0.32925464678224 0.0731421827077936 -0.180232887379876
-0.0849247915045197 0.324174181277003 0.174033969650548 -0.161591126429187
-0.189685625640851 0.240647697770128 0.234519272169248 -0.116321356270168
-0.195240825683098 0.281388737284588 0.228926228161457 0.0113485655294135
0.046492526948881 0.308657512712535 0.164541519285708 -0.25093426849916
0.0135093238509396 0.132816504335414 -0.194253246627632 0.0757489078556042
-0.0696450470852579 0.212373425477636 0.0819713884829736 0.311992803055824
0.0194995803838375 0.304499152275208 0.219783676298208 0.129992361665472
0.196626869382504 0.221436850433776 0.108939032781535 0.0387465898867839
0.250710893835333 0.0802776515526607 0.0682455529419081 0.0745621071042382
0.246848971626324 -0.00863973857108616 0.0761622965736976 0.10950833113323
0.204062762479867 -0.0220252047086958 0.0961528794284904 0.0990963774364008
0.20682216917895 -0.00867957425595513 0.0649149536818352 0.0586895425704632
0.200463516977534 0.0953522438788812 0.0512746339805893 -0.00822103240396887
0.145423336533316 0.199456481822819 0.0351976083105453 -0.077790695903104
-0.00385685903739774 0.293957546913288 0.113118150263134 -0.12435588530858
-0.12420195218226 0.235218687730137 0.205382172725292 -0.128130047106717
-0.146751205468049 0.135835890671667 0.289558383685352 -0.141064921773255
-0.0795388870059713 0.219052832608159 0.308727604436006 -0.0519793196389231
0.162477039547798 0.173332565705636 0.153925759597964 -0.29886611258969
0.0429671442758246 -0.0238119316821854 -0.124998983720152 0.0477671573272305
-0.108578454563164 0.0927196921447603 0.108777164864062 0.246769088293262
-0.0365586624957739 0.236669453081327 0.196120312883162 0.127510500240193
0.151547248176205 0.17665582020371 0.144002698374377 0.0879599980692836
0.200912350035222 0.0358340489552093 0.156103684545277 0.102021976506343
0.189412585311751 -0.0369396984098949 0.161919949001221 0.103517862239496
0.159986040177378 -0.0485606499437156 0.154428107399094 0.084120979591157
0.16729639367107 -0.0457734947096176 0.117165387048993 0.0512613166463657
0.177412273712474 0.0435060461335276 0.103603067022496 0.00615079063278977
0.127756498893478 0.154651075659502 0.0842338549330203 -0.0331699891294835
-0.0371599288760783 0.223176734977242 0.127800802697971 -0.0636361483026772
-0.127059909401615 0.111329479423299 0.206832708484148 -0.0992798181353612
-0.0553049809406076 0.0270307500393213 0.330478012086065 -0.158630346141001
0.0585039932250461 0.149404923826823 0.355235942867381 -0.097500394244797
0.242953110996543 0.00678733897374851 0.120021584937068 -0.298750525561203
0.0474157520062921 -0.16459933085671 -0.0744683825655236 0.0294730700822218
-0.13121000903796 -0.0177846268320799 0.0939444534903374 0.19258326174641
-0.0732198173418844 0.141563456734568 0.149867397238563 0.146139185224536
0.0863289177667534 0.10036905594842 0.16933871879655 0.140970996663258
0.117155151293016 -0.0146712087687697 0.220498392796433 0.121663884371346
0.100749302246632 -0.0592510782713164 0.219401832386987 0.0865999275845646
0.0920652439370216 -0.0675394907670731 0.18919083578162 0.0571756375509908
0.110789389496864 -0.0770456798925936 0.15717566218279 0.0299375897129661
0.14063919478717 -0.00811839381179639 0.147372677595791 0.010815434810303
0.1011941601769 0.101505184738209 0.118896509334783 0.00629125305477674
-0.0557784967584427 0.129234198457304 0.115708893787138 -0.0183166824821478
-0.0880265198757055 -0.0171826771906104 0.186527489132036 -0.104470729153627
0.0669222888317328 -0.0583528318058809 0.362376681014424 -0.184233014978371
0.192922392158976 0.0831940435264691 0.356972442661009 -0.128106966801201
-0.340921211148578 0.0438099663708007 -0.245213984439875 0.105718104891087
-0.209845758897211 0.142589601837614 -0.4217023697367 0.206508254631581
-0.0166517390260806 0.138971201772351 -0.158659333333749 0.177491903121405
0.0387453467413107 -0.0146283224102056 -0.069254713311592 0.0396589123112915
-0.0701951676216324 -0.0210616875127791 -0.118658240345186 -0.0365358733581897
-0.0706143504499014 0.0722459591553613 -0.186274052267726 -0.0220549218009197
-0.0199377510572528 0.0983706706683253 -0.191926180682694 -0.00552820982188166
-0.00502831351395955 0.0794983421732179 -0.190190544100997 -0.0215117079827135
0.00605925272031782 0.0813054201708167 -0.221396670659324 -0.0676891281381874
-0.0253448916549457 0.0686827353445353 -0.231330403353644 -0.111985688811768
-0.019747884783986 -0.00207778875316636 -0.197962082477662 -0.1645991708643
0.0882798712137109 -0.0286391278710691 -0.113989477614305 -0.187680276867404
0.131695100873288 0.131287133339295 -0.062951134331149 -0.170167187634751
-0.0572874292772601 0.211114173032367 0.0115855085516287 -0.0151267431612562
-0.249634183526281 0.129934952690469 -0.15580657387747 0.259624127997546
-0.369495621834309 0.150090185291149 -0.141568846602098 0.0723568790012164
-0.281161630063318 0.209321387798154 -0.418469842890048 0.211815099809587
-0.0907155401141735 0.259723313070251 -0.119308812352123 0.256085393695666
0.0399435178630158 0.13797177598133 0.00597106205296583 0.0546498951592128
0.00597884786254906 0.0685971005898787 -0.10957159893254 -0.0585692088870638
0.0147017366548372 0.106078659007652 -0.202542203311085 -0.0167781414552257
0.0706403562091088 0.10164284540325 -0.196154975246582 0.0278799631660139
0.0820477517426126 0.0763468035659439 -0.168487432140006 0.0170835238719756
0.102195798852537 0.0849811581120797 -0.19738925481228 -0.0357297731862679
0.0728190768788653 0.118190201914112 -0.211106716705941 -0.104003179499196
0.053391403578493 0.0954313990195275 -0.18556547869433 -0.181955333809645
0.0948740532350569 0.104485715588826 -0.077507105233185 -0.213730161772649
0.0922812726736582 0.229564376832859 -0.00699238837549733 -0.168982925025869
-0.102405675864958 0.285343625039983 0.043995889609584 -0.0155477189213415
-0.293109933730719 0.238430519121124 -0.0806065166458578 0.226991963532341
-0.335285876552563 0.263062905249854 -0.0259344902669616 0.0152691646549054
-0.268866029489363 0.271411808495165 -0.390621145706864 0.197088373336831
-0.11394046292698 0.349896531350562 -0.0802522947727895 0.333154759028543
0.0544596094303795 0.273041090694882 0.0874093986284707 0.092164442457876
0.0954570255249289 0.158200215291513 -0.0696004708762116 -0.0554529852199491
0.114976317915962 0.12932948978773 -0.181968045864385 -0.00131178678315056
0.159431306870532 0.0882971451215877 -0.167784522997874 0.0620549340245786
0.155872930279933 0.0615811825894947 -0.119830684356859 0.0543893514679537
0.176591525033999 0.0775022494448096 -0.142809160755368 -0.00113905302010604
0.152605219813733 0.150634505210714 -0.158980031526524 -0.0851900496408901
0.11561414947901 0.177386978424856 -0.149196714030713 -0.18073918707681
0.0922129428725275 0.229824039237403 -0.033009240417348 -0.228595587429407
0.0362908090027266 0.315320154006689 0.0578281185566369 -0.178795857001559
-0.153914543256811 0.322693739667474 0.102006390668695 -0.0423141479292291
-0.305052954132254 0.303833537534108 0.0193597937773799 0.165750342980745
-0.232744913988181 0.353653158366946 0.0756079702589028 -0.0703736370751967
-0.179626180707462 0.303102130515728 -0.337724805239243 0.161123551103658
-0.0872457415631635 0.379297609091925 -0.0271156451484449 0.374116672368783
0.0760081812396283 0.347386797295512 0.161152020455077 0.124599874480135
0.174968285364578 0.219538744847999 -0.0082036435742626 -0.0338812459893619
0.205544320262143 0.132477782114804 -0.121108477342863 0.0213561754283608
0.229262651442822 0.0592426901134067 -0.10398168750255 0.0916077340456825
0.204149003053 0.0360937910262513 -0.0506271915596923 0.0843901629311021
0.219419700223637 0.0586142607978113 -0.0705657948362668 0.0309069050640227
0.201407673747263 0.158282635742395 -0.0876746429090856 -0.0589666463558417
0.153565686995908 0.225098902039699 -0.0927793774870717 -0.159723532970766
0.0761712142961583 0.313762560509798 0.019719659647706 -0.220294416207549
-0.0256633435473331 0.356279200173828 0.122522989215908 -0.183241783999787
-0.189480434904075 0.312777497524666 0.172396926682091 -0.0831647154944992
-0.273967098066151 0.319396771804168 0.130191253269186 0.0886527540375731
-0.0917403321472764 0.375911817362228 0.140343292293087 -0.171402607673485
-0.0672060625541958 0.258271787650044 -0.270554693291576 0.117415558449986
-0.0583190300718759 0.326125980667251 0.0320418741655659 0.367677018348407
0.0696059338774838 0.353774687568805 0.213215578294351 0.135883229368268
0.21368288400795 0.240544999943924 0.0580518882571862 -0.00236389286844267
0.257672870674417 0.114072750956495 -0.0307877613733734 0.0484366977180145
0.261824486546443 0.0227937824876923 -0.0151619786173789 0.109178191576224
0.220360249894077 0.0054832579956315 0.0276176884713002 0.101151602759185
0.227379218045475 0.0281018319316789 0.00332662017005518 0.0526015182318255
0.214458584281961 0.137313482198268 -0.0132294717869262 -0.031095097579949
0.161774398017116 0.23073915965715 -0.0265639602564249 -0.122964851341479
0.0404636617859074 0.335881070071037 0.0740049153558155 -0.184516873362456
-0.0854188784784522 0.32989578896571 0.178609778085396 -0.167204135647505
-0.192669406100709 0.245417591827706 0.24026004176168 -0.119467206911917
-0.195235397495753 0.286795987617406 0.235213555635744 0.0100641611484769
0.0523207318234348 0.309930178801612 0.163514741974926 -0.258140640747998
0.0118510911254959 0.133698227300296 -0.198313074636385 0.0791372492889116
-0.0712188576777272 0.217339538391744 0.0880363286564644 0.318997078479392
0.0232560541007976 0.312594920810174 0.226660165966748 0.129898948185013
0.202807822455683 0.226133084199628 0.109220957222306 0.0388981224610737
0.255381175738889 0.079060006125927 0.0683183117863779 0.0772028268154347
0.248191872841811 -0.0121296835216167 0.081919727399291 0.113290790357637
0.205198113186707 -0.0252307748955904 0.100502083931025 0.101607840270313
0.207755684628411 -0.00995277253222772 0.0680810846216739 0.0605759897014065
0.205132082195979 0.0935650376683309 0.0515952336244352 -0.008976098813971
0.150642546094817 0.20220118644906 0.0354132264185383 -0.0784445297893286
-0.00194088984069573 0.300520403065111 0.115784190690959 -0.126976062899579
-0.126207588073396 0.23913330640655 0.211700598712952 -0.132754560749588
-0.148458350660654 0.138751055612119 0.294660038340239 -0.143835333517195
-0.0786293296934944 0.221941166449024 0.316606783702112 -0.0539594259895455
0.169135284103158 0.171196890670987 0.15078472527258 -0.305097471783631
0.0403134659250904 -0.0262715469917823 -0.12698810085449 0.0497833253829807
-0.110910697659157 0.0960002442277473 0.112789074164497 0.252029630623666
-0.0340874697099873 0.242940354459604 0.201603684605659 0.128285780108598
0.156709452694483 0.179371001553678 0.145671902534383 0.0892304474798419
0.203470863234276 0.0330410028181045 0.157523767037407 0.103983170603592
0.19040070101824 -0.0409858919469833 0.167694000294591 0.106023988615109
0.160614894187894 -0.0516774371059365 0.158528116877446 0.0871947164755279
0.167038326609362 -0.0489774528500881 0.120104214011287 0.0536493491442583
0.180617655392592 0.0405666522531261 0.104603187984358 0.00477653723478373
0.133070548627723 0.156315758023442 0.085240186770778 -0.0333710022295504
-0.0359435056867695 0.22935442985068 0.131241059893027 -0.0642489675607478
-0.129300614468722 0.114536122122011 0.212549934922929 -0.102805829310103
-0.0556813874718542 0.0274711407504111 0.336210253212054 -0.161719876411265
0.061191855504095 0.149645923977072 0.361392215994766 -0.0997864645662531
0.248840799720903 0.00233523971362048 0.117188752102898 -0.30314865705978
0.0451013913759344 -0.16898903428861 -0.0757226121916133 0.0313118300245255
-0.133656642309961 -0.0166739685392028 0.0958589424595127 0.197084539961825
-0.0716638570415137 0.145728398063839 0.154594271448774 0.149195111458457
0.0900478026754759 0.101221785366033 0.171372366703416 0.143552761135885
0.116593293054445 -0.0185512762649825 0.22339761663686 0.122271790586981
0.100542422198506 -0.0623169871589998 0.224121983240877 0.0874193542774583
0.0916033863457831 -0.0710239499085384 0.19393166808187 0.0594371860301812
0.109604402429284 -0.0811218495570816 0.159077990575925 0.0310716657725244
0.143388914909016 -0.0118547496505114 0.148652562744415 0.00864020573834264
0.106645556207482 0.102009605238593 0.120537581728295 0.00608243912139736
-0.0546736309945299 0.134211809334451 0.119006896048669 -0.017990428246539
-0.0902505530781942 -0.0159703911420165 0.190429410654111 -0.106419569315252
0.0688441473604525 -0.0597602282639861 0.368678941569838 -0.18599653597882
0.197803542119324 0.0821545946889802 0.365074123021148 -0.130484721299592
-0.332984241237637 0.0911842708808216 -0.24644794457631 0.0938601416662766
-0.193949435368516 0.176581925476953 -0.424902577879353 0.228316801824025
0.00208588258009376 0.143316822689511 -0.159715312962262 0.189330076394057
0.0347883521000841 -0.019539138691335 -0.065880814486411 0.0486855945724839
-0.0753134367550384 -0.00989036870919971 -0.121380946977955 -0.0324977160532463
-0.0645365776566544 0.0836540416075575 -0.193169389803516 -0.0085450172229877
-0.00903087469177359 0.104800420948252 -0.198176595729754 0.00677223521072559
0.00142715621412231 0.0826523667265381 -0.197748359170822 -0.00617345437694168
0.0157207976749636 0.0825197189721846 -0.236802679260472 -0.0532475641105765
-0.01536959890622 0.0731616174364075 -0.252154383143872 -0.100441808538959
-0.0184667264014915 -1.09761869533636E-05 -0.220348621527881 -0.156410750735906
0.088320423860548 -0.0399650934231953 -0.137888911932085 -0.187033847217285
0.15114166769843 0.11838285312903 -0.0885558963624393 -0.17665515648105
-0.0403402418121083 0.225139253251794 0.0226327978155073 -0.0253605050036223
-0.25452562365692 0.155786786748385 -0.123676298959987 0.282637579891394
-0.350443293488375 0.197024120862088 -0.150844703655846 0.0504689363861879
-0.258068228446058 0.251419601883574 -0.423084703844732 0.22969289949118
-0.056309441698813 0.275969227751289 -0.121354960619696 0.258360938444631
0.0572779113983249 0.134405922297519 -0.000590840023045876 0.0531900037749786
0.0101579759804494 0.0719925314949655 -0.121106417939679 -0.0504935783545568
0.024267974051376 0.110065224893885 -0.212650434581236 0.0033635825345115
0.0830849572924914 0.0971363037967169 -0.202528231745736 0.0464119995134187
0.0886928673243245 0.072279917420848 -0.170870923937771 0.0325436163619848
0.112829099958805 0.0755624969049558 -0.208677167151522 -0.0219633706647
0.0902794387637032 0.112763919674666 -0.232343339702072 -0.0928968610687753
0.0663024323162607 0.0912753351602634 -0.211378311308455 -0.175774248688642
0.110027234979986 0.0955548067111192 -0.105323531941637 -0.220839303853877
0.12076349413781 0.224547139990937 -0.0276400962446718 -0.185695195902905
-0.0801899680329589 0.30702978496843 0.0616899031411817 -0.0319409441976718
-0.290456337707254 0.276044129115041 -0.0404152087309283 0.239429499291725
-0.299861219547728 0.302966238471334 -0.0446247001146125 -0.013329816592387
-0.239739384994196 0.311359166723388 -0.40198472511476 0.212704404956844
-0.0681844584132507 0.36994249532922 -0.0802062893104424 0.331501967945667
0.0926208874143826 0.268550857487459 0.0741443314912335 0.0839648180286876
0.111142895254984 0.151990174725815 -0.0861212412461406 -0.0440042114259216
0.12842427485483 0.123725112763546 -0.192756571729838 0.0221453177110963
0.171160977548602 0.0718796649365058 -0.173184718320292 0.0843606550679779
0.160866819230363 0.0503545149955843 -0.11533166716818 0.068541954793054
0.18691679450008 0.060287538593353 -0.147554924006371 0.0106361379740519
0.174646649231882 0.137580072611744 -0.177679341210438 -0.0775203070637939
0.137917859075247 0.167813798732776 -0.176269666821019 -0.177969628408902
0.121366659685124 0.225591071345401 -0.0622620339202389 -0.244206790981134
0.0717796455478767 0.318136758867568 0.0414157863011164 -0.20724618546641
-0.130746482795622 0.352989429630841 0.124823097639291 -0.0655408686262665
-0.295822204978468 0.345033805675035 0.0619595579982262 0.165242473759987
-0.186958471905732 0.375915296285197 0.0457299311700435 -0.0985073732138404
-0.146985608590806 0.331611183683844 -0.351046935594566 0.177941832607171
-0.0363751621595946 0.395585254197114 -0.027635322746539 0.37294877460615
0.124863003065151 0.342156907610363 0.146971993152163 0.111081754609258
0.199460763682826 0.204178771564366 -0.0260233140091667 -0.0222031863614495
0.22075767570125 0.115594804481618 -0.130314294506891 0.0453599692178978
0.238531128722881 0.0328332634859945 -0.107505542131612 0.114163151391845
0.207140305809464 0.0195435316751351 -0.0404225827810482 0.0937196927600354
0.226977833017434 0.0355417618589492 -0.0690433892221498 0.037549147853468
0.223376953054391 0.139212489952169 -0.101597003822126 -0.0551019795890821
0.181326432512717 0.212556032729601 -0.116527013716828 -0.160317421888397
0.115431402788824 0.313624113448141 -0.00705598785393072 -0.242766350282968
0.0122724441302167 0.369108398872003 0.112658745468904 -0.220089678475708
-0.168070063385441 0.346834403040182 0.196496693164267 -0.112666225205238
-0.260187313563752 0.359660389128229 0.17066146692632 0.0754189584463158
-0.0454507393127981 0.379118165588551 0.102006683189869 -0.195022763858971
-0.0394455722431463 0.271720662207955 -0.283501400859899 0.135175625236223
-0.014239451192299 0.338203107935474 0.0378975251839039 0.363117316196664
0.120655505858027 0.348497881817511 0.200993320656871 0.117716912481639
0.242175737197392 0.220393070894288 0.04162774853619 0.00779139325158832
0.27165464503386 0.0900494218114622 -0.0366650600976467 0.0681791268430534
0.267232796255797 -0.00889492318553455 -0.0145755271057205 0.127786862242522
0.221447107712213 -0.0137915035201185 0.0421275218720944 0.104101836258773
0.230760114054651 0.00332104321041271 0.0102572389310368 0.0549426785328565
0.233849868397273 0.115848287108896 -0.0216161391865417 -0.0314654342734983
0.189680838681658 0.216736229998321 -0.0447414213767939 -0.12690143960091
0.0813928185862011 0.340760315870454 0.0546701287709999 -0.210392104404789
-0.0532417543577061 0.349050163267681 0.175836036204746 -0.207917243026168
-0.17677030045902 0.278253561286892 0.263514457362982 -0.152790043642869
-0.180732823389457 0.319363242707847 0.269373763405671 -0.0129354419395505
0.08814937710028 0.293490693364002 0.123384624196726 -0.273055158201962
0.0240432038107139 0.135590519438803 -0.204676873991483 0.0964062319883578
-0.0412111447467072 0.228994855550882 0.0999039127971037 0.309529440008971
0.0692234239325565 0.313057216153926 0.217261854179026 0.108340654148487
0.232076440670668 0.206162600634682 0.0987076077300082 0.0448744525463076
0.267085333494733 0.0534784513428244 0.0689090780291759 0.0887898041819251
0.250674253439819 -0.043624849363869 0.0856925988561539 0.124085484687418
0.203633124806182 -0.044186684132353 0.116566467498208 0.0977282961978074
0.20560361260879 -0.0338033031165671 0.0774949925455168 0.0588328897598865
0.217091290002914 0.0722288444742806 0.0484819915451156 -0.0129407804745152
0.175174831432091 0.188807724241596 0.0244912207584106 -0.0851958657698436
0.0336734105306804 0.309720479859787 0.106037180544542 -0.153473522593691
-0.1040675145914 0.261710048439933 0.216009608743915 -0.170012292884649
-0.141079812271201 0.164208760272397 0.313358623786026 -0.177149386108684
-0.0628483998211998 0.241801240864693 0.340365111397219 -0.0855658179811618
0.186429659118002 0.141746333387444 0.117920328145341 -0.309359573021421
0.0342906298564891 -0.0288363260980109 -0.124803487145095 0.063192250879923
-0.0966467599822315 0.110862228406243 0.129582828200751 0.237043243462008
0.00163382709677346 0.250460973090438 0.197689097886702 0.106353105547369
0.181837982465039 0.162738817011215 0.14231757403541 0.0911559807690628
0.210237536030557 0.0116468548036795 0.164600190170628 0.104529944010717
0.189102778045321 -0.0671577822928308 0.175001926211317 0.10617532521726
0.156382507663741 -0.0677654535095977 0.175081449780814 0.0778342843642142
0.161143599524741 -0.0687319706376398 0.12945920829837 0.0466479875000244
0.187356802379172 0.0208442731240105 0.104913473681776 -0.00278428789825593
0.152951552439772 0.143762937374818 0.0815421881115125 -0.0424884181747816
-0.0092251744982732 0.241134902683128 0.130438248801744 -0.0868418054006583
-0.120645182568524 0.135418292688056 0.221014469010805 -0.13332981753027
-0.0546320389764298 0.0411237989636788 0.34663611847367 -0.197020508934584
0.0786935032392991 0.155309059832175 0.374824817943432 -0.135875264283142
0.245199895007967 -0.0350719186665531 0.0958375542638788 -0.297975997187317
0.0221219027565138 -0.172934890531909 -0.0652625696631429 0.0412658181928186
-0.133915549063174 0.00137869734503255 0.116063520262537 0.181598792365689
-0.0489513090562381 0.157191132526032 0.159434263424069 0.131214758033482
0.107291393701412 0.0908813382165214 0.178659507308996 0.139431565980294
0.118060499640991 -0.033546552994037 0.236001109676244 0.113192999358959
0.0958527865124702 -0.0783530413064337 0.234118932096937 0.0779298536743302
0.0851083953204451 -0.0814381438172598 0.206657575629907 0.0459164816861976
0.0988757499910294 -0.0951013284205708 0.168107607241708 0.0211714152208281
0.143152363549371 -0.0289896917714444 0.153105202751056 -0.00219581572155048
0.12056075901461 0.0910356863105497 0.122595926849256 -0.00375222216267158
-0.0394700010612469 0.146689904281826 0.12473295441528 -0.0329543693333663
-0.0937420987961309 -0.00142651475659043 0.197055106977687 -0.127751161694039
0.0671824930544159 -0.0612043116381201 0.366586440617262 -0.224113033365788
0.215838124681338 0.0732364254245858 0.366285248483748 -0.169701447155382
-0.330879301961027 0.111934586359792 -0.246942108448797 0.104618771781454
-0.185531738367702 0.189333391457396 -0.419339361746832 0.255472613063202
0.0106012756111819 0.144621244653845 -0.150252199884177 0.199685231618222
0.0327322954202765 -0.0231931679956947 -0.0635812615149358 0.0510230588988179
-0.0771960584920982 -0.00322342535738154 -0.12447106626289 -0.0272758376687188
-0.0579432575764977 0.0897600620275425 -0.194406946948208 0.0045893399555707
-0.00204015967504565 0.107229201763797 -0.198184695007784 0.0190905336297116
0.00670636017789679 0.0858096450428724 -0.201394087342149 0.00220080343572926
0.0215962218522792 0.0844544408204657 -0.243912322166013 -0.0419803034232069
-0.0100996889444791 0.0772398439056147 -0.260942950715763 -0.0879735343603688
-0.0197634750512611 0.00326524762189352 -0.231555220493728 -0.147962746679401
0.0846803687107948 -0.0464056167692628 -0.151972583548262 -0.183100598908189
0.160360999173666 0.109321729724562 -0.100823952871901 -0.171667848302792
-0.0293598286877376 0.230805402178924 0.0230789899393253 -0.0270296106373202
-0.248404162368405 0.17324277513272 -0.106023520215591 0.291414565087473
-0.340671729777937 0.218435851460009 -0.15311117634343 0.055137560403476
-0.248024099001089 0.268793592743179 -0.418224852496594 0.257523377145721
-0.0416665832703337 0.282606740443654 -0.106994150474919 0.268271814639707
0.0649927346057163 0.132547054900207 0.00340298513353723 0.0522905657261757
0.013645252336579 0.074994830011863 -0.124755757477954 -0.0448387501164217
0.0335702135553963 0.111590630838516 -0.213769122716114 0.0178701984147283
0.0891109967604419 0.0945165462256242 -0.198303725631084 0.0596618187346399
0.0938100083589955 0.0696910838676113 -0.170857894144665 0.0408666185568427
0.118750857899586 0.0714947883278764 -0.212434195276132 -0.0108312646342568
0.099209654782831 0.11078064656102 -0.239829610550524 -0.081843487339742
0.0718461467002895 0.0915122165420985 -0.223976137061556 -0.166886649806412
0.114801136964419 0.0908744113717618 -0.11985425714336 -0.220196233213771
0.134609526918886 0.218529306119741 -0.039284294361171 -0.185746496085663
-0.0657598119490604 0.315963475845297 0.0629204994068966 -0.0356825600775216
-0.277393583993628 0.296643534501331 -0.0246411903191398 0.243262003450254
-0.285706695557015 0.321151232485531 -0.0487704649583787 -0.0142330446406337
-0.22660775687028 0.328631482165458 -0.394792089914261 0.240148944655682
-0.0478847720756523 0.379473088874276 -0.0617170903338405 0.339966461208001
0.108417361872533 0.267699380157811 0.0823484640639498 0.0779183226629825
0.121702625320277 0.150469069424675 -0.0898131193334186 -0.0410142277793979
0.138900814133666 0.11793165642802 -0.19347945852486 0.0366026315420319
0.17547486828739 0.0640363245064671 -0.16522479159236 0.0968625516255977
0.164832798661424 0.0426122112196093 -0.111920906377317 0.0742297206263244
0.192606456815629 0.0515486542429331 -0.147656831504114 0.0178165675525706
0.185913574580627 0.13011550452425 -0.183102055036068 -0.0677009839178191
0.149572121523506 0.164754973557201 -0.188531226445015 -0.170752505913845
0.134226055900662 0.221864350976809 -0.0778396105786467 -0.245443166734014
0.0894016907496846 0.31776894820544 0.0311995707185806 -0.213178210643065
-0.113398739653459 0.364505109270199 0.124953312946709 -0.0736697296328884
-0.27836810508071 0.366725028773819 0.0743773016274466 0.162300049748272
-0.166854459891536 0.387324935362261 0.0377585960190805 -0.105762770435747
-0.13217438969593 0.343781345294496 -0.346343083969455 0.201260387214961
-0.0135319621356474 0.404241861302177 -0.00314542554222937 0.376831855676334
0.146918612282475 0.341111448224502 0.157547663229293 0.10147850097129
0.214057596669736 0.198861978703826 -0.0281032716408745 -0.0222597994283753
0.231502321137777 0.105427338949672 -0.129938654347221 0.0563421374390301
0.24079277329298 0.0201596858069597 -0.0955902733347567 0.122725702729635
0.209059656175723 0.00864226774340002 -0.033807817052648 0.0966670776031737
0.230748798446506 0.0234833753849859 -0.0650851669393431 0.0416678946068572
0.235642950886506 0.12810206332901 -0.105148716272977 -0.049203051519515
0.196371575337121 0.206862723081672 -0.126704818957731 -0.155363998724665
0.13394300225941 0.312722894929171 -0.0211212016345414 -0.246959346975758
0.031259940016265 0.37203628415235 0.103054654964054 -0.230884652335541
-0.150914227287386 0.360456675794848 0.195150756677316 -0.125816663265892
-0.24152669389457 0.378194807157868 0.180101423119325 0.0651164165700071
-0.022747704682613 0.381121226115834 0.0892531212021477 -0.204884992702648
-0.0274932180677393 0.276937062169203 -0.280681542009398 0.154527976747052
0.00486676983642807 0.345045965279565 0.0627576016374275 0.365492555555509
0.142482218190125 0.348765027948231 0.212142284327372 0.105148489184401
0.259977005225062 0.212224876075735 0.0409224050248195 0.00486703690339123
0.281262928109763 0.0755317596319382 -0.0339276793135736 0.0742374714223396
0.267178644555175 -0.0244603878283478 -0.00200812549437341 0.130653284024101
0.221070568897868 -0.0263475319329228 0.0507627508160868 0.102841633038258
0.232215154598122 -0.00906353736496207 0.0157970120946741 0.0551858277980199
0.243626695197291 0.103314024810159 -0.0228446052149556 -0.0301839676503749
0.205327296941274 0.210355100176075 -0.0512825376374541 -0.125535465452693
0.101704945145665 0.341867182822626 0.044051809154257 -0.217505546175362
-0.0351422665844136 0.356906884910825 0.168512909051034 -0.222111783783958
-0.163697711924494 0.290782895269962 0.260259163611039 -0.169649041577376
-0.16294675502045 0.331757059173123 0.27453543914492 -0.0295556596104525
0.106860087548406 0.286309959276473 0.106140826963431 -0.283632141350201
0.0295937559872088 0.135251979761897 -0.203347740279041 0.110358290784542
-0.029352572702223 0.236572114963954 0.120708810720975 0.30692581533777
0.0888161325255596 0.314903966080635 0.228527464695612 0.0956504605743342
0.248137624658626 0.197422538575934 0.100731682440436 0.0402553308755552
0.272339965451277 0.0378897660787198 0.0728892762378489 0.0885950438439398
0.247673276107383 -0.059211677768609 0.0984831073863959 0.121465341726471
0.200692306983306 -0.0569967470983728 0.126452973607124 0.0935368857762902
0.204692180382236 -0.0455545880622167 0.0837690994186899 0.0558779241407479
0.224038162524016 0.0587851355977937 0.0483571355866655 -0.0154695502267372
0.189291756457509 0.181649200325033 0.0205944685126857 -0.0867188209927162
0.0518089357435254 0.313357160134198 0.0994886376314704 -0.160988326948001
-0.0922201237069781 0.271005592502061 0.211418724403096 -0.1863659498648
-0.133585258310327 0.172508088050826 0.3087575197577 -0.196265860760622
-0.0480882177598003 0.246757046831286 0.341692967553556 -0.105938519410135
0.197634928540671 0.127065247963434 0.0996453611026933 -0.318054916142932
0.0299158583509951 -0.0313609928789586 -0.122875030024594 0.0720140464007888
-0.0923415826691141 0.119561824465885 0.146483769758569 0.232735125516839
0.0177417819262385 0.255640299066695 0.207766131841911 0.0960768783213284
0.194026790196725 0.154623513447561 0.147468444363965 0.0856521376418656
0.211976721129435 -0.00224986425408446 0.171436374799704 0.0995668830001999
0.184784153843612 -0.0799388662123903 0.185649198623238 0.0978989501711424
0.15195637043548 -0.0777561572534067 0.183654415317273 0.0705248878474662
0.155927083792444 -0.0788294593987309 0.135753275132685 0.0419141632151932
0.190121348187883 0.00734403176290916 0.105796372929749 -0.00900384233341544
0.165177120704781 0.135511463927574 0.0799707584687502 -0.0468845369389551
0.00528415013913996 0.247214713976924 0.128924226212099 -0.0942765263871538
-0.115333566460538 0.144820291790032 0.218355385262091 -0.148566837863678
-0.051968216142673 0.043065622458632 0.340091087638499 -0.216581905483292
0.0892976159457764 0.150652427735933 0.373739633171469 -0.158107323751006
0.246331416189136 -0.0543936114120295 0.0776925455371733 -0.304430399290803
0.0101007482324316 -0.176596708063272 -0.0632160599583612 0.045987454693459
-0.13571983959475 0.00916081384723155 0.129180445115132 0.17943205230755
-0.0385651999278292 0.163908587084974 0.169989386484717 0.123090087424363
0.114598483494921 0.0844081024589655 0.18721722485826 0.132272229103853
0.114657884312374 -0.0422763702994037 0.244805751468961 0.102609159883642
0.0911067465871059 -0.0870434971156579 0.241296642594593 0.0661445467669543
0.0797200383020422 -0.0885959376460947 0.213874682318175 0.0370223561666308
0.0917383983342418 -0.10315011941565 0.171128960450991 0.0133735474929134
0.142624583124844 -0.0402787892585739 0.15306130190688 -0.0117046162508952
0.129988058457303 0.083350408830636 0.124487383668534 -0.00992797122099159
-0.0300449690164651 0.152657059860673 0.125970653598484 -0.03940551517658
-0.0947192408852658 0.00509185415698337 0.193487309991441 -0.141161405630926
0.0655706028701601 -0.0671477932584784 0.360603348232513 -0.246184890206327
0.223417971745783 0.0597080829329499 0.361866602433982 -0.190172374817799
-0.316438130751975 0.130575404107341 -0.239768973202496 0.11288754911675
-0.171743825098195 0.196899830872037 -0.397333498039469 0.2775984364298
0.020343494419344 0.141022670863043 -0.136975906321142 0.20432723473956
0.0287262842592085 -0.0252566285500449 -0.0591487326926227 0.0528094537028643
-0.0755466466930922 0.003256190863715 -0.123115405372426 -0.0202862286635961
-0.0492165105788322 0.092785791897755 -0.188443343614871 0.018090742106361
0.00503910951563933 0.10638145609461 -0.191937664307033 0.0304733151068579
0.0134819017590717 0.085921800675031 -0.198607901377157 0.0126471642774169
0.0277038088787603 0.0832365371696415 -0.24326052338789 -0.0275060684831675
-0.00353330491300034 0.0783147448151417 -0.261081922916577 -0.0720926268626241
-0.0204513499507174 0.00656964028087336 -0.23602732968311 -0.132446447831746
0.0781191127557539 -0.0510997630710809 -0.161272775032771 -0.172214309864261
0.164348257789062 0.0951682190304147 -0.109945022612982 -0.161298934834822
-0.0168115881085146 0.229286347444886 0.0235761898623759 -0.0270421505052148
-0.232985052149821 0.186522442217744 -0.0838932111060728 0.291551842225511
-0.320501429867948 0.233177155365331 -0.150151411481196 0.0598261122037163
-0.228673783855127 0.277822356106396 -0.396128565155059 0.278710444077278
-0.0222749811117027 0.280173118340624 -0.0890666709678958 0.2681760000633
0.0710236013609324 0.125965841709856 0.00746983517672992 0.0484503592584768
0.0193342084644111 0.0749293800087704 -0.124883723433595 -0.0382822698136523
0.0417783467335506 0.108683457179369 -0.207813233267186 0.0327262111505201
0.0931636221925797 0.0887619348673084 -0.187917073895654 0.0699620757754516
0.0966621707988988 0.0642196544134264 -0.165584743480301 0.0488696325094281
0.12234183672676 0.0641918834871979 -0.20905896221179 0.00122442932360054
0.106097552464892 0.104569175377666 -0.240187564669434 -0.0654933533417281
0.0759705802301449 0.0877106599324996 -0.23017888797549 -0.152307541767326
0.116036098818084 0.0836509975788851 -0.132020504108541 -0.210346803770743
0.144518698261969 0.204656019110046 -0.049088999080822 -0.179421767068102
-0.0465959778561821 0.315244070862917 0.0619571595457189 -0.0394113416369889
-0.254004808684261 0.308513251214346 -0.00706894300258302 0.238692328122952
-0.259925231402777 0.329272736287881 -0.0523927393042287 -0.0139077279928556
-0.20306724170181 0.336510990241675 -0.374366830068834 0.260056427217756
-0.0234214523032704 0.37585421020565 -0.0376709079232422 0.334733555688302
0.123307770526737 0.256631659391986 0.0870366349610862 0.0685442047228528
0.129757762346819 0.143762818485243 -0.0912579526361218 -0.0365938014610144
0.145277848923483 0.108022799322189 -0.187649184274798 0.0505809406953263
0.175415485621531 0.0538290046580032 -0.151435577880059 0.104866204042375
0.163909037280675 0.0332093535565725 -0.104367597446582 0.0784702815325802
0.192553419353541 0.0399097522752774 -0.142780298315477 0.0256922607574379
0.19153937796487 0.117285428996047 -0.183118534314681 -0.0552411025518743
0.158223454368408 0.155692329483321 -0.195291784579001 -0.157052286209739
0.144568395573553 0.21130476354475 -0.0923553161865912 -0.237985232294186
0.106052341726823 0.305274822891744 0.0185640724656231 -0.211922818599017
-0.0909667110121043 0.365146852112703 0.120880835067872 -0.0800959010842229
-0.250531927598199 0.378440924926765 0.0856032749461949 0.153401153480524
-0.139408198075531 0.386868597540217 0.027228358402287 -0.108261608997819
-0.111214554019638 0.34473409795643 -0.330003612604322 0.219719504847271
0.01099657448448 0.39799929318571 0.0203258479665081 0.36950679023023
0.165843929030114 0.327554325810067 0.162718773305214 0.0866085494128664
0.224020746109368 0.184858085807551 -0.0303537215367724 -0.0224761439647546
0.235131109039165 0.0882104399940235 -0.124671557500866 0.0665940848825228
0.235591329339276 0.00616284253255358 -0.0811089421187717 0.125048742412171
0.204664147630301 -0.00321787712687306 -0.0255015409175531 0.0961609912270616
0.227420076249215 0.0101775119003147 -0.0598750772057446 0.0444559031517635
0.238968249587469 0.111438776150857 -0.105120120682607 -0.042066650524736
0.20742669647722 0.192995244053906 -0.133577592206716 -0.145096072194129
0.150601692038882 0.300874314738767 -0.0365328802007871 -0.242626270897014
0.0517936909989567 0.362996221417215 0.0885924476240802 -0.234757432350794
-0.128861843748232 0.363341370720761 0.186974732316865 -0.135128669768194
-0.212736713438472 0.386663106366016 0.182870899043366 0.0515872616327385
0.000766701197866565 0.369941941428818 0.0722184594257423 -0.207884727504765
-0.0131905232443121 0.273364218977028 -0.26728682513885 0.170142927774403
0.0246592280401926 0.339194771987071 0.0868501943834506 0.35441285839117
0.162837758300426 0.335685200876958 0.216636234400473 0.0868313771813536
0.270254555644266 0.194786797475329 0.0390409741323016 0.00140449720861665
0.280921360731723 0.0559408890324042 -0.0299483354261397 0.0778721148607398
0.258813463471989 -0.0397848539783309 0.0111853313059555 0.127767745537612
0.213227702703691 -0.0390648284771841 0.0584953257457143 0.0978634338083911
0.226419770603115 -0.0229641085315596 0.021264702109594 0.0534293220858945
0.245629672408991 0.0852268537686165 -0.0233529375835659 -0.0277167879840889
0.215881182307989 0.195631160209598 -0.0582063749800032 -0.119829668522785
0.120805617563891 0.331752281642786 0.0302618473245767 -0.217248427903205
-0.014620607711787 0.352208994615514 0.153827389918974 -0.230645948402657
-0.144348676399304 0.29482763621844 0.24780244930573 -0.182022849607914
-0.138752184084076 0.334006083872078 0.269883720625754 -0.0459844533197769
0.121686683388382 0.269191712698556 0.0845934804571761 -0.284341341378223
0.0339136978797461 0.130799244785631 -0.19364444930271 0.121350070272495
-0.0142228069822238 0.235476718649529 0.139296117600199 0.293292770957445
0.107966147070269 0.306938531702913 0.231037861727494 0.0760766465980821
0.258077956600011 0.179809509769687 0.0992515679555847 0.033677426977564
0.269439713205359 0.0190536126713452 0.0763240161774775 0.0854378047796359
0.236664085880531 -0.0731808945694336 0.108613034834485 0.112105290768219
0.19157494656961 -0.0679926546879622 0.132596804042174 0.084550992864886
0.195746574824911 -0.0565907565859221 0.0877187178323283 0.0510443232031534
0.223272772015371 0.0425338612632662 0.0465839963848468 -0.017401173204437
0.198480184328584 0.166390682979409 0.0153528006330433 -0.0859856265091516
0.0711865934868264 0.307025479868389 0.0888088094904045 -0.165158877376464
-0.0745547073730802 0.272336318390882 0.1980440484799 -0.197623448209409
-0.121624337895527 0.176612940725064 0.29364697824463 -0.210147913795987
-0.0317252936046449 0.242649205797391 0.331939078009255 -0.123979347506949
0.200530389947936 0.107359737534914 0.0761767060973397 -0.317004025540383
0.0240541480688753 -0.0333054468405346 -0.116252448882165 0.0796134092713559
-0.0838197316646297 0.124392140910687 0.15996149089198 0.219646580148373
0.0349538811268591 0.253092522925492 0.210809133487732 0.0792623091843092
0.202025431291292 0.139960195752852 0.148187422052166 0.0767544740372517
0.206363234610932 -0.016937756708615 0.172887694796045 0.0896373915209074
0.174081474098315 -0.0907272363865362 0.190274163378338 0.0851311196966491
0.141711497813272 -0.0861797378823885 0.187356770770716 0.0593629489812433
0.146040717081402 -0.0880584246023736 0.137098044576599 0.0339200951413535
0.186023050787955 -0.00673370742404716 0.102721470965159 -0.0151910127798277
0.171457318055194 0.121821794332386 0.0762760725151815 -0.0502629076829416
0.0219091118493591 0.24418180241661 0.1223761887953 -0.100353739940084
-0.105151499551708 0.150369862243441 0.20738721675213 -0.159646969476781
-0.0490958981788508 0.0436392049822399 0.322903210610297 -0.230569177910912
0.0971015640876112 0.140724910958416 0.360119323228315 -0.176884821760177
0.236917966579133 -0.0728582769816777 0.0571664487863928 -0.301120350191428
-0.00420505284022771 -0.174266025611385 -0.0596873564995867 0.0500422926962353
-0.132977040661626 0.0181838720726554 0.138556105845034 0.169355693733311
-0.0266006806533806 0.164739875920784 0.175055711738038 0.110116647908788
0.118455241202524 0.0747645042717334 0.190508572615513 0.121708763153547
0.108119797740898 -0.0497063216250867 0.245499746083486 0.088555139376987
0.0821733411508891 -0.0924654745498009 0.241227479906048 0.0517978723656338
0.0708887939177352 -0.0925311490160737 0.214306575875975 0.0256929802663447
0.0816641906809187 -0.108256044129238 0.169650167649323 0.00398575479838469
0.136352764253387 -0.051027791060237 0.148342330585613 -0.0216243763005401
0.135497406677325 0.0718679408946319 0.121834484867544 -0.0175006390956788
-0.0178198373589374 0.154248184847092 0.123215345957913 -0.0456157110107684
-0.0930222565058692 0.0121089622114428 0.182648127792169 -0.150729821966991
0.06062530749686 -0.0712008135428637 0.339876336675163 -0.261859426759489
0.223237692167658 0.0432644386368694 0.346743054822417 -0.206196529686624
-0.298599398343661 0.13792581928498 -0.228649978828037 0.113995641643462
-0.157982082376183 0.19606740246704 -0.372780478572909 0.282291649600867
0.0259212272147641 0.134334132496825 -0.124942261629017 0.20118145722321
0.0255177225071669 -0.0258148878134083 -0.0548473882781488 0.0515668666622104
-0.0722110021850612 0.00707033049897328 -0.118910496199399 -0.016529898765472
-0.0414914810268579 0.0921032663425297 -0.178861530997943 0.0258744663134805
0.0102705857592335 0.103344710334458 -0.181817466123696 0.0366314677412083
0.0174073331513277 0.0833179221634651 -0.192022225958963 0.0174633034984274
0.0319282766009134 0.0803605690877916 -0.236221770682975 -0.0181538976157407
0.00123480240127601 0.0776939207173464 -0.253826828406017 -0.0600104618203442
-0.0201489879363147 0.00907828740783601 -0.232596037144735 -0.119952655109964
0.0699467099649608 -0.0515917415710897 -0.163422630817813 -0.160529035592728
0.161489165186049 0.0829974814542574 -0.112206591205319 -0.148949994530366
-0.0078128051778799 0.222410335665244 0.0241499294155018 -0.0281048365400578
-0.217458685500284 0.189333106407202 -0.0674674815706556 0.281821678913133
-0.299692424903859 0.235864699478596 -0.145562784945694 0.0593761731001911
-0.210824471031218 0.276935084664558 -0.372072396134347 0.284401117031138
-0.0100098589051262 0.270471070759722 -0.0749991261748221 0.260133146186278
0.073079511058721 0.118008816139348 0.00972792209684511 0.0436288729694092
0.0221127802146765 0.0735003036776281 -0.122341664888437 -0.0341496453486035
0.0461719088269441 0.103336294604684 -0.197227568077087 0.0413670887205286
0.0928122796546186 0.0834888246217134 -0.175119893789961 0.0739856143674246
0.0964818549157379 0.0595644919727494 -0.157646043394567 0.0512535581361024
0.121338906089295 0.0584923680696111 -0.200907670533782 0.00788650686605854
0.108085944827902 0.0971102242128255 -0.232579895563939 -0.0537580216032972
0.0772234893999999 0.0843087223814023 -0.227927627647336 -0.138812033237124
0.112824759555049 0.0761947858533821 -0.137174623171714 -0.198732306099008
0.14596731710855 0.189667710981185 -0.0531608237056752 -0.170012962647716
-0.0343002651182482 0.30640110439487 0.0606987128622062 -0.0408926331145906
-0.231664530386042 0.306436638963808 0.00394604398228079 0.227686256577459
-0.236963396410316 0.324360246124301 -0.0545427867124366 -0.0150496272839593
-0.185500114836822 0.331726346850951 -0.351507483758432 0.265758075873617
-0.00680866682205092 0.36337647700132 -0.0238876819848097 0.322791030066678
0.128025772773373 0.242510350977106 0.08793542522646 0.0589396250637844
0.131115220146061 0.135931708763597 -0.0901960505946231 -0.0346208332826423
0.145873886352584 0.0983905161992733 -0.178406730549145 0.0584481146615914
0.170238111259045 0.0465389635036895 -0.137865778818461 0.104922600373773
0.158462653233542 0.0271349128525853 -0.096719337115578 0.0779486996373939
0.186859868117509 0.0318188455200028 -0.134938230044809 0.0301355143015343
0.191048629172435 0.105797650694786 -0.177407146812146 -0.0461346577120019
0.15911010203202 0.145424678926471 -0.194079418387681 -0.144121263685306
0.146604541473572 0.199304838661589 -0.0997767158795687 -0.227401262556594
0.11229140660648 0.289386208860825 0.0103067564104315 -0.205433719667846
-0.0737256324916901 0.356520582427976 0.116159394030079 -0.083665019841706
-0.224320593125119 0.373101601881371 0.0903643876394658 0.141893822151578
-0.120252398978303 0.371949339189352 0.0185668732756515 -0.1073090096789
-0.0963653594362123 0.336645740907231 -0.308222745506785 0.22567699757763
0.0282815291528036 0.384035348776294 0.0356400844112084 0.352688338097661
0.173367841148041 0.31022729536256 0.161591774764311 0.0731343441471656
0.224743175958192 0.172529175057822 -0.0319734602313252 -0.0231526935953646
0.231000506480701 0.0758048763312687 -0.118231324854074 0.0716027110219465
0.225373611872823 -0.00238312781768496 -0.0691744188493089 0.12170273292278
0.19519707341018 -0.0102249794146214 -0.0192844908099222 0.0927278044816777
0.218441707756387 0.00134234740729589 -0.0538076959820569 0.044592798113354
0.235604069154324 0.0979821238284042 -0.101219539514139 -0.0362095629269193
0.208522799332974 0.179580172569171 -0.134217096089341 -0.134857397246282
0.156123749975383 0.285412809160717 -0.0452032392105857 -0.233120582503027
0.0629145855899045 0.348211446295807 0.0770000351066958 -0.231165199220257
-0.111314460933495 0.353063350929177 0.176505859943213 -0.138195206023929
-0.188787326054817 0.378338178430789 0.180056383909534 0.0410844781490474
0.0145284417002126 0.35164352739042 0.0585090900374485 -0.203121999654393
-0.00610657917348134 0.263776231907618 -0.251150762000072 0.175269457928693
0.0383093306639007 0.326892740843736 0.0980261324878871 0.334747925636631
0.171026834698562 0.319191316243801 0.212904299223097 0.0712020710044866
0.269792957141789 0.180012988628891 0.0349779293979238 -0.00195352643896351
0.272823645024201 0.0423444430366334 -0.0271056664389632 0.079701673406663
0.245377364195315 -0.0482820122772012 0.0195994670080514 0.120926147075228
0.201981139070114 -0.0446977460796747 0.0627623387487131 0.0918109495996748
0.214903568504987 -0.0302489019234356 0.0249518499126287 0.0502106537857538
0.239834312795572 0.0720248650364672 -0.0229452327125578 -0.0260195157308242
0.216648509945409 0.180601188180702 -0.0606084916446656 -0.112889579263289
0.12971105885384 0.316876509440427 0.0206273074041332 -0.211742312524285
-0.00175458135485654 0.340118816385481 0.139817906642615 -0.229836126732109
-0.129532457024683 0.288035928058919 0.233190761266358 -0.184423485675639
-0.119159066224212 0.325104654613367 0.259956716180658 -0.0562495904496604
0.125363540117336 0.247863683281978 0.0682882911241067 -0.276143676845735
0.0342043759995797 0.124716872108327 -0.181725437432652 0.125282661997418
-0.00521761000971446 0.22782092596754 0.147928170318736 0.275899948307084
0.117929867076309 0.29369757117646 0.226444656542831 0.0612881089532982
0.257468056842844 0.165075963020509 0.0941838201203103 0.0293115880888266
0.2590771663193 0.00710950541329792 0.0751035844234578 0.0829087309618296
0.222940476358111 -0.0803221013448327 0.111937624538062 0.103021810356239
0.179404332964202 -0.0723306355660109 0.133937579069238 0.0770466312831573
0.183848564580571 -0.0622359680293133 0.0890903892003099 0.0457390946345387
0.214932216287286 0.030829548446207 0.0438569070721254 -0.0185076944469435
0.199245749943718 0.151703030289358 0.0113817157001496 -0.0831311129793535
0.0818083962029518 0.293872398270741 0.0794547764120076 -0.162561324471557
-0.062333474717271 0.265701519222185 0.184612157730704 -0.199493266185594
-0.111888015781033 0.172744026187444 0.276633285105959 -0.212034538933607
-0.0204114237648121 0.232623165138672 0.31595991983281 -0.131273196521146
0.194216627610474 0.0903735872952906 0.0601380875624311 -0.305250730970795
0.0185734092139151 -0.0331080338699456 -0.109467441679961 0.0823491661989737
-0.0763567656984113 0.124071326019739 0.164556666047842 0.204769419439995
0.0452938279182973 0.244210559803314 0.206183179870832 0.065885986513206
0.201476568108947 0.127707799407 0.143937934448791 0.0701435286970311
0.196347069424517 -0.0253335010133833 0.169141206610289 0.0824313725395453
0.161453749684199 -0.095540345466439 0.188249965726945 0.0743673206332694
0.130755290775413 -0.0887772383581908 0.185143652182941 0.0508294443009873
0.134166705784038 -0.0900141243243461 0.13452549151027 0.0282145001902976
0.177140534097092 -0.0157514136354245 0.0969931859848849 -0.0185365055795223
0.17189119524948 0.108965639962937 0.071742176076745 -0.0508093804017876
0.032720935099936 0.235763301852916 0.114811891201074 -0.10188500609427
-0.0958592739443791 0.149696439551489 0.193780799739212 -0.162456036478171
-0.0469848535252287 0.0421090328085931 0.304208394311858 -0.232119376883355
0.098934180733553 0.129266261924042 0.341492907144286 -0.182262290124686
0.222477385783678 -0.0831636805278817 0.0431031830475406 -0.288241415626808
-0.0133071972506466 -0.167815477285868 -0.0553454944231363 0.0508859677490768
-0.127350201013565 0.0236045362201469 0.141663937431031 0.15823857134638
-0.0172603094079039 0.16134164771768 0.172676769151883 0.0982164016418847
0.117300227619684 0.0665414254176559 0.187436351529222 0.112378661982223
0.0992595356764892 -0.0535556468482109 0.238627194111839 0.077286185118866
0.0735353690469809 -0.0938969328845781 0.234445806706801 0.0416044676024987
0.0628998466725039 -0.0928205927793532 0.20914167723967 0.0174261036169542
0.0713453425339936 -0.108385993073992 0.163709363739876 -0.00103427702608214
0.127281528126582 -0.0572882232876612 0.140589130863771 -0.0266769834812274
0.134551076730599 0.0618312419915675 0.117043434400867 -0.0211949210170501
-0.00877469810976317 0.151484983566687 0.119185276436541 -0.0486945880831052
-0.0883025726338976 0.0166260169690766 0.170328871252022 -0.151779631000656
0.0550917268621404 -0.072619889970798 0.31813788936094 -0.261656618926183
0.216369364332424 0.0309305291448464 0.32871958119331 -0.209021530048102
-0.286019881530834 0.136426292858547 -0.224258305195009 0.108097420055015
-0.150781666999007 0.19070646312296 -0.359300625341455 0.275852642155343
0.0279057867120744 0.128719192982932 -0.119969768951797 0.19489301421225
0.0228186021554412 -0.0263332896984786 -0.0524461736606523 0.0489697034151219
-0.0691721390279813 0.00806816191785134 -0.116188715557971 -0.0161253613796883
-0.0368029937259262 0.0897001529700582 -0.170888513598726 0.0275124399889623
0.012308645777589 0.101345782125294 -0.174304681987239 0.0365130888982387
0.0197342975302849 0.0818595819596549 -0.186915716798677 0.0171807017554241
0.0339054318486199 0.0789018043118755 -0.229697485186242 -0.0168881751915004
0.0042672120306612 0.0766082217862201 -0.24585584228466 -0.0565024000031829
-0.0197475112029967 0.0116145319229959 -0.226199030072039 -0.114554915983433
0.0650628297858242 -0.0504225340387772 -0.160941511405166 -0.153565344564939
0.15656712589038 0.0767797091494475 -0.10979756812598 -0.140876426480604
-0.0064440515111366 0.217029240239824 0.0256276413849695 -0.0286751914640513
-0.208171499233302 0.186100749687331 -0.0607748174806403 0.270593223791426
-0.286214855377892 0.229265730602784 -0.143784790299584 0.0552426690351207
-0.202240522467475 0.269772338475192 -0.357644429045693 0.278183765347445
-0.00479044693351477 0.260395200028529 -0.070547752007216 0.252082291063528
0.0714441042075729 0.112855110439642 0.0100272691206066 0.0394990935437112
0.0225243097818251 0.0723441964657755 -0.119964158966158 -0.0341656978887676
0.0481580478436787 0.0997393827829699 -0.189767022435916 0.0436887969125036
0.0913065192264346 0.0815614200956687 -0.167021198745755 0.0725041529630419
0.0947269431644256 0.0582851556345434 -0.152713760249668 0.0496852034005191
0.119476297191601 0.0564391437521656 -0.19457955966939 0.00892312685611167
0.107615914762274 0.0943421427238968 -0.224808565442526 -0.050170902909882
0.0760030651525059 0.0827484436052443 -0.222963154230621 -0.132573281787711
0.108720383916887 0.0736743422110506 -0.136800763168024 -0.191185036559078
0.142188963706145 0.180777684216489 -0.0526731924384962 -0.163507337257348
-0.0316447600139977 0.297214382534691 0.0607818075903343 -0.0413811464033074
-0.220052745624065 0.29931230645534 0.00754196777784282 0.217207600528226
-0.22620436961274 0.31219351350256 -0.056741873596902 -0.0165693295090836
-0.17890624063957 0.322856589717385 -0.338395338771334 0.258953438962176
-0.00200558275330403 0.351260936724039 -0.0195365731416629 0.311864146671806
0.127476179958532 0.234077851836457 0.0859392892276712 0.052282023638495
0.13035108227705 0.131325125542155 -0.0904925614550462 -0.0349735617423037
0.143710302077961 0.0939567152571934 -0.172116029498232 0.0609313619701808
0.164406701781655 0.0448931607909866 -0.129409881721228 0.101571850033502
0.154189797706827 0.0264868355834318 -0.092286832495531 0.0752176434838719
0.181763137802676 0.0295566647511194 -0.128920460896071 0.0292709209021185
0.18732012584842 0.10087259828757 -0.170829145788467 -0.042425506979412
0.156436309769119 0.141644712006291 -0.189744331632663 -0.137441637098258
0.142973426805666 0.192500023125054 -0.100884550407309 -0.219334600723089
0.110675318198463 0.278115895560468 0.00821892182626799 -0.199346907636044
-0.0702043415261793 0.344825619342968 0.112945399031788 -0.0827952934305872
-0.211852802532686 0.363476557459797 0.0902825088581532 0.133850534712099
-0.11328412034696 0.356796975939175 0.0134748158963103 -0.105810402358128
-0.0924100635896786 0.327356032123387 -0.297175012946772 0.22233771576628
0.0312511922462862 0.371200837558934 0.0380539501207515 0.340224125719253
0.172699551135533 0.299489283023096 0.157393179816819 0.0637739546934399
0.222655572411792 0.166266694891072 -0.034586558134997 -0.0237819206542541
0.224569076594242 0.0699017583264663 -0.114248580439702 0.0736444991570226
0.216601789161545 -0.00297958407578431 -0.0631242180336214 0.116413933057103
0.187981416809838 -0.0108813635310947 -0.0159296032252298 0.0888143663490546
0.210266554373917 -1.55044001485432E-05 -0.0490283072041468 0.0429216969660359
0.229679892086905 0.0923380700170731 -0.0978543930384652 -0.0339099020469953
0.20509278802921 0.172853282033235 -0.131762331106723 -0.129218333171105
0.154441821704752 0.276277854111521 -0.0470536170762084 -0.226236159927644
0.0632420652422077 0.336307671726955 0.072784623121842 -0.225933222764275
-0.105449981794517 0.34316033019567 0.171824660407536 -0.136372842900787
-0.176933785798553 0.365842917704057 0.17574649209951 0.035491175060139
0.0149126420840046 0.333989547001969 0.0515999645476658 -0.197430956289634
-0.00618598060572458 0.255345126013514 -0.241780214926605 0.172738472371248
0.0402978403468306 0.316489563554955 0.0999085743513622 0.322260708428766
0.171650471804869 0.308182327832467 0.206582580479628 0.0621661512292014
0.266126245934639 0.172919525357889 0.0298850974550094 -0.0030352070627971
0.264428225282132 0.0373796414164997 -0.0263418818261433 0.0804616000318563
0.234039600865425 -0.0483396759509162 0.0229518587061126 0.11483377500914
0.19334912233569 -0.0443084498485168 0.0643364452751844 0.0875521122616484
0.206006141283996 -0.031395586595226 0.0274262591304773 0.0482287278151059
0.231820808043975 0.0668827043486131 -0.0215352358423554 -0.024758033315477
0.213320155386047 0.173314007251062 -0.0594210969905149 -0.108675021521119
0.130323545574441 0.306355982848321 0.0166061675504363 -0.20595575857787
0.000470517768928176 0.329254427042018 0.13356094712689 -0.225588542290303
-0.123330044575043 0.279286436434214 0.225806392831324 -0.1808755937257
-0.111227871649305 0.313361031199949 0.25208174671004 -0.0578933912104712
0.121152501356863 0.233383441314048 0.0612376234976794 -0.266010929442959
0.0303339333664821 0.120489023306484 -0.175285360661712 0.124171597721033
-0.00266007439881872 0.222214869652794 0.147742314883866 0.264205787814494
0.119125232389609 0.284575411115856 0.219185774514602 0.0536259695328021
0.253693506987003 0.158462552277255 0.0885488988976156 0.0275669632643172
0.250014091096656 0.0029860313207051 0.0721698080618477 0.0824963930168348
0.211387907893989 -0.0808854455311262 0.111149898288821 0.0972396903748237
0.171233846169984 -0.071567294337768 0.133423208398092 0.0730415683440116
0.174629254352546 -0.0618795948047974 0.0887342561411043 0.0437551992291179
0.207322814206137 0.0265262418063079 0.0423938728335923 -0.0183798852946359
0.195535212520568 0.144430867556272 0.00990054482901028 -0.0805188457509824
0.0839593975227278 0.284799540458087 0.0750737475800441 -0.158786966499219
-0.0579023263560293 0.258743440577937 0.176767129829208 -0.195802861911807
-0.107304847576334 0.166906487697662 0.26720694801785 -0.207447431105744
-0.016538252616675 0.22274326790367 0.305487378114923 -0.130536006045442
0.185468491452045 0.0807998194138475 0.0541686195544875 -0.292981771813504
0.0132593423360248 -0.0315576408337093 -0.10501527831605 0.0815886378682377
-0.0730816154211546 0.121988460128285 0.162731080246027 0.195503980719052
0.0487827373683459 0.237366200644285 0.199274916875507 0.0591689514135861
0.198217732141174 0.122267870753153 0.138243581878673 0.0678969318878014
0.18771813185565 -0.0271213907723913 0.163259738415854 0.0807922419165832
0.152364626298054 -0.095117073045816 0.184330426185868 0.0703439430167333
0.12410854623801 -0.08766583559955 0.182608432577855 0.0483442190037436
0.125386767843707 -0.0890645688335334 0.132381954731704 0.027343045210099
0.169290374908515 -0.0189911346518193 0.0926468364554959 -0.0184964238559666
0.168326717826225 0.101704016635948 0.0683869622255247 -0.0498001920136153
0.0367396645673282 0.22931718026142 0.111065246981534 -0.100168745186509
-0.0909732776228894 0.146499840823738 0.186025020008149 -0.160043040649295
-0.0460382367052454 0.0392612173775866 0.292853440481943 -0.225167936719437
0.0976179434191662 0.12130323336437 0.330625315855576 -0.178035120606899
0.211094576812726 -0.0861700454599284 0.0381637052041684 -0.2761769157775
-0.0184586733882261 -0.161302853257691 -0.0528798630653656 0.0511507006337468
-0.123876422413732 0.0251515715110003 0.140599578413626 0.150949958779534
-0.0131771728796386 0.15814958347587 0.16776566278286 0.0922152451125293
0.115453978349222 0.0626156912092404 0.181896770600068 0.109071105460551
0.0936866950719297 -0.0534779418918096 0.231212823063322 0.0744534385567842
0.0673054872899092 -0.0939576743947155 0.227026424723955 0.0391232640644179
0.0586803360754914 -0.0911300983924422 0.204685178357523 0.0158428603562402
0.0640722827770016 -0.106410654340933 0.159321721217898 -0.00122276768058045
0.121224019766559 -0.0588499200491977 0.134296318573398 -0.0272313350389913
0.132609491652309 0.055885348269446 0.112734987823781 -0.0220649311875253
-0.00432090053401088 0.147814003156752 0.115546247177152 -0.0484565447702878
-0.0849191940423581 0.0181297953637024 0.163218430340937 -0.14869043689889
0.0523454432540934 -0.0724403756448491 0.306721090048603 -0.253783798351297
0.209513560071096 0.0256675813285389 0.317625104259192 -0.203208839550973
-0.244296834575361 0.176768241140239 -0.229338210415322 0.141660414082322
-0.105636001434679 0.212750571799488 -0.324394903469756 0.342249565906924
0.0524616298508617 0.115328496052469 -0.0917496752747023 0.224110877688893
0.0153513758549867 -0.0292309005913096 -0.0405772220659525 0.0570470322990559
-0.0651395541739667 0.0220085961238003 -0.123329020318858 0.000313016184068084
-0.0174658898693816 0.0940054930132996 -0.167937340928042 0.0589142706938661
0.032370441659465 0.0954754907769209 -0.170828628116234 0.068401855918815
0.0330309589948788 0.0770821851912715 -0.182196626625403 0.0497756973351414
0.0459173656551592 0.0694450192989807 -0.233399102647649 0.023374621336297
0.0171034811574118 0.072109944294751 -0.257702464438378 -0.0119510250609946
-0.0187075961275098 0.0141118139069578 -0.248477154626004 -0.071591392860902
0.050989584802431 -0.0623064056791791 -0.19143771377535 -0.119433731360929
0.160736149473508 0.0412763351293662 -0.141157110382592 -0.111719536555561
0.0355606124800018 0.212691892485497 0.0151604775239701 -0.0461271717688171
-0.170400005745762 0.223621340565151 -0.00572106162904732 0.263155649950655
-0.229398972564198 0.262784071044861 -0.161866675172632 0.0767948261907255
-0.139933804562692 0.296505947589471 -0.328523214160511 0.344291640184508
0.0473803268926017 0.246547911557182 -0.0420001839036031 0.274399452181692
0.08977604142345 0.0913413704356251 0.0106899848224758 0.0435281163013085
0.0346744593775911 0.0658195767888788 -0.130526931933895 -0.00850272325082139
0.065455472262394 0.0889698055296093 -0.181613101780426 0.0842215206451413
0.102892566264646 0.0622106205077995 -0.154408526339547 0.10697678058609
0.100894596790404 0.0420172422967069 -0.141965522613918 0.0762056279470887
0.123168480939981 0.0339096324280121 -0.193890456233397 0.042067854021757
0.119465888756168 0.0711023431051067 -0.238058915796483 -0.00785198418373008
0.0842273676265339 0.0652920890254487 -0.249207128041949 -0.0876824370591147
0.115531666273757 0.0485217813313156 -0.178483378603244 -0.161942900985771
0.166237737748286 0.142920001386514 -0.0936666745699061 -0.148593694291621
0.0268918661383624 0.29524766124359 0.0469124773665776 -0.0708939528832045
-0.159978985737628 0.33578545783044 0.0490579597556417 0.190975707679144
-0.158996492012056 0.328205202529091 -0.0880358614152351 -0.00491479655871024
-0.106298300275925 0.343908325164326 -0.311604771112038 0.326475044077593
0.0679499108848682 0.331717059128714 0.0141838405572752 0.32865017418502
0.168560180833224 0.193969137271116 0.0805385958686104 0.0497294814860108
0.149396719133557 0.102770401509011 -0.0997406433057896 -0.00572938884464114
0.155875377094115 0.0658482865948439 -0.158323898228413 0.102712277828461
0.164631942607124 0.0126566930573171 -0.108851949681491 0.13356796865997
0.152075934700768 0.0013391356948115 -0.0770907965737114 0.089845758573572
0.177565609894866 -0.00187393833979262 -0.125096487322317 0.0508090332823614
0.197038034510869 0.0641875035850269 -0.183840768869252 -0.00884243912592497
0.171048980649563 0.105981926970086 -0.219122554997942 -0.0977202681672702
0.170695291486311 0.156750025849172 -0.150550171873952 -0.197285760460658
0.154430066190287 0.241313623695219 -0.0436624218571835 -0.199979709073258
0.000379565697774316 0.348321770282491 0.0910519094900134 -0.126779065311988
-0.137872173950997 0.393853151308139 0.113009761091425 0.0897306393141482
-0.0467066275279153 0.35124963566574 -0.0304736452415162 -0.100494225465511
-0.0261176879467867 0.33131461445414 -0.275592872618766 0.283616871927001
0.102949415488806 0.345971814141746 0.0784316602110537 0.348406782975585
0.226085351550227 0.246632230997287 0.149469490847704 0.0543185292969035
0.24446177793761 0.117831793938138 -0.0408222975852537 0.00215701944514127
0.228850142670997 0.029058137123111 -0.0955094035166495 0.1095055156452
0.203984838924833 -0.0424615915741914 -0.0356810329627092 0.139681471842097
0.178432151830008 -0.0388073594764401 0.00211476985640756 0.089243546648474
0.199782491159403 -0.0348693997659835 -0.042780596543843 0.0500459867811514
0.236129702498932 0.04851691023901 -0.109848096625029 -0.0139481548904745
0.222103056475508 0.127312221274785 -0.160287755583959 -0.099729878450014
0.197680078904882 0.233887332034124 -0.101248544279924 -0.214742748208753
0.121189540583257 0.305573763637691 0.0128805377350516 -0.242629397598078
-0.0344090508714154 0.353125683582832 0.139472486695551 -0.192628905768154
-0.101934589012442 0.389704888918032 0.179312196444444 -0.0219021994698774
0.0681490852034406 0.305564792550596 -0.000744329180712207 -0.194128031246727
0.0406267059558548 0.247275712194147 -0.222827200736677 0.226146428053609
0.100441306141275 0.292686162049551 0.140210226469877 0.318161008278563
0.228147234252224 0.255847218027543 0.197489886708368 0.04390216619288
0.288855770575065 0.116026551858283 0.0298509935946908 0.0141714929741643
0.260672367488753 -0.010694823477724 -0.00520156834178604 0.101950986298402
0.211128124970302 -0.0902321666502124 0.051298999457947 0.123870869703872
0.177448816956241 -0.0730181766518185 0.0808353105390419 0.0738210051249919
0.18933436834934 -0.0636814403249409 0.0349881446970729 0.04176480986562
0.233535956308178 0.0230524308840557 -0.0319002949501739 -0.0181741899478209
0.230490597864696 0.125351111689457 -0.0846574944482179 -0.0931842113113987
0.18104546999532 0.267218281273252 -0.0333214394408469 -0.207647341729148
0.0621936011435965 0.310862923710163 0.0756017203430185 -0.256289915530339
-0.063361161374644 0.293776919754015 0.188013653549505 -0.244711840079129
-0.0451854614452027 0.324171227592697 0.236400456843247 -0.123529815876765
0.149459651833906 0.193355577086762 0.00560485277696434 -0.26372544485623
0.0487198596478616 0.112482995131024 -0.157582173916108 0.161978299134979
0.0411678099936971 0.211061280347946 0.181015517915961 0.244165542243829
0.174668753121519 0.244387892997799 0.208281352334457 0.0297413613343552
0.274625362966826 0.103465513351581 0.0945234623973785 0.0339032572230798
0.239848909852468 -0.0420897828546445 0.0943452423775879 0.0849775447282796
0.183003391547396 -0.117234547608774 0.137372916639299 0.089780795349642
0.151863853142007 -0.0957834842634254 0.146312916712476 0.04677462884847
0.154005188782506 -0.0873832987106944 0.0956828014849166 0.0272178659295491
0.202076407278213 -0.0115970788143991 0.0339762841618205 -0.0229737883215028
0.209477699219939 0.101078730121984 -0.00901815871734003 -0.0783453529979569
0.134505575893315 0.256389250154704 0.0355259691673605 -0.174257891130544
-0.00600841033279476 0.254685068271124 0.128264165229536 -0.236721889467027
-0.0681875072530954 0.181900581722915 0.226191416148799 -0.272270410685957
0.0303766663524819 0.217101844198138 0.27515730423979 -0.198373929473464
0.183386513369335 0.0402270691074713 0.00424738717361808 -0.292488031954398
0.00404772057902363 -0.0296570611344523 -0.0885838088415444 0.101358865433767
-0.0441522836518522 0.129771015418169 0.18686941484706 0.164181357314523
0.0988994003867981 0.21346398742923 0.19141824894566 0.0340688916831138
0.215665116553115 0.0783179129149719 0.152096976397327 0.060993895137194
0.17479434589095 -0.061012533444569 0.183113935125134 0.0625699964465601
0.123899154060493 -0.121122837562352 0.203392538317372 0.0477590068406466
0.104020984626475 -0.104642480833053 0.190541416117558 0.0139984576804584
0.102458829012981 -0.105331654680288 0.136853481589448 0.00474867300921192
0.157509800606017 -0.0484214625892877 0.0855025942542947 -0.0327515566779151
0.177351657777594 0.0652896008174886 0.0560152014233637 -0.0597041879837271
0.080472314833063 0.212256538368372 0.0853781616326181 -0.123127357082311
-0.0565544934886103 0.155199317228815 0.149602955976838 -0.201756342901734
-0.0323531566373715 0.047043456074629 0.249472885908542 -0.286682786069923
0.122367923275736 0.0970867508213913 0.290596240733629 -0.240762100269757
0.179443390690097 -0.119416424146163 0.000779371879718348 -0.277318791624998
-0.0495151223232249 -0.147106279989488 -0.03756198526712 0.0562933846213545
-0.110408038597751 0.0480479712573719 0.160381430980714 0.117723203210624
0.0246185270984187 0.150452810919966 0.170278008488874 0.0655440095556727
0.125522915463091 0.036331521959666 0.202885268650608 0.0863174035418739
0.0791555157531704 -0.0700725647797248 0.247314631562558 0.0376544333240218
0.0440043847468305 -0.10485507992939 0.238674779360519 0.00418621550633958
0.0406819864356166 -0.0983568549340213 0.205717987747475 -0.0210283381184032
0.0412873740622034 -0.111758866199069 0.158924394577057 -0.0275856761841014
0.104905771042746 -0.078595572451033 0.125986146009501 -0.0490192531164137
0.135917405984119 0.0279671230893435 0.107186901773775 -0.0405774544268536
0.0266923250611387 0.143400120071797 0.103468151617784 -0.07226491029896
-0.0736018322524544 0.0324393987435938 0.133946855527832 -0.182995621174719
0.042120012329576 -0.0793430602040932 0.255912312260855 -0.308942727014313
0.21354768431246 -0.0163145630713059 0.27110010752686 -0.253017504748165
-0.245145228114665 0.180126011870929 -0.236648729968337 0.141981379258646
-0.105913922455081 0.216148754867025 -0.328996123164786 0.348518583801158
0.0542634010827221 0.114566437020901 -0.091858276775124 0.228572599009228
0.0137360322483161 -0.0309548646925028 -0.0411775839882258 0.0561863359644118
-0.0666876150324495 0.0227819829206086 -0.127031267669221 0.000108291604778994
-0.0151598378402586 0.0949154436950573 -0.169359809862749 0.0603378708815592
0.0359918804994893 0.0976620869855327 -0.172988700126527 0.0697918230758023
0.0354945882261336 0.0790052711078617 -0.187247824417467 0.0517659994928707
0.0493125582809046 0.0701109118682795 -0.238953726178362 0.0240425534763749
0.0207442378087621 0.0741234347583196 -0.261917962111476 -0.0117774329242374
-0.0182484611520034 0.0169462049003792 -0.252675855429068 -0.0721094881971363
0.0495633672733632 -0.062968706984882 -0.196791080147563 -0.119263781201354
0.161998625991542 0.0391205167602449 -0.143353458507771 -0.111228500528754
0.0367574178388069 0.217620088644869 0.0167717776113041 -0.0490418378102474
-0.170506843342299 0.228596705551996 -0.00415572668145827 0.264345837759208
-0.231271383079643 0.265259131440152 -0.169088043044481 0.0763208396649766
-0.140626638298507 0.302157021483181 -0.331541597544097 0.35085366086552
0.0503404560122455 0.248114396812747 -0.0413622156511182 0.27816128370495
0.0908901768875249 0.0918039891685239 0.0104190087729646 0.0406364509127446
0.0360830817913803 0.0668962244035785 -0.135134690667381 -0.00841139221900481
0.0685151017475058 0.0891558271984497 -0.183416679397766 0.0874908869622863
0.106740156279022 0.0636118527904475 -0.155551083364568 0.108641452084791
0.10370433039971 0.0433079514346796 -0.144386280336147 0.0774891104537465
0.126618038913005 0.0336646924702464 -0.196916756314618 0.0432741999225199
0.124256683442647 0.0723622718947664 -0.240739817698569 -0.00768600805009672
0.0872713020907474 0.0677215923441777 -0.254171497275997 -0.0879881193387428
0.1156337386583 0.0498687447054195 -0.183344100960701 -0.162436531660026
0.167998457268477 0.143358612955245 -0.0945695129858143 -0.150233993986038
0.0290473102884916 0.30069119455807 0.0486575765598713 -0.0748374681197966
-0.158740624010126 0.341323196221576 0.0506448684397189 0.191107848362862
-0.160922539458066 0.331551847578708 -0.0940723992096757 -0.00655531336557371
-0.10746056242376 0.348469960708677 -0.315362732434328 0.332754416312758
0.0719333498637532 0.335478665709474 0.0167736573381465 0.33123039605802
0.172326336770542 0.195218447989012 0.0804326230892773 0.0459765585163815
0.154329069225806 0.102995054484742 -0.105648721916594 -0.00572356101515828
0.159788117376341 0.0649892977422065 -0.159719205609792 0.108372998681434
0.167813432435203 0.0139226279176016 -0.108354897067672 0.134705512593668
0.155041247130498 0.0022182379152492 -0.0776392018127687 0.0912763991010516
0.180754962010275 -0.00289915254006909 -0.125901628645882 0.0513572449352759
0.202970356865636 0.064349039044614 -0.186253400087135 -0.00873899151250064
0.176353410680043 0.107813240167709 -0.224715193484082 -0.0980627001694864
0.17375858785215 0.159087456851133 -0.156846686524818 -0.198636865004807
0.15728387779275 0.243998218395281 -0.0450045567831319 -0.203597177356081
0.00192613763350164 0.354114003766525 0.0923006530656823 -0.131320081450039
-0.135748447931975 0.399495718494219 0.115513645918756 0.0881095854334874
-0.0482263949497896 0.352314487851044 -0.0355742789853282 -0.102630367639271
-0.0263091297790376 0.337277271506562 -0.279803560117932 0.289671145553698
0.107845107850582 0.350039751943311 0.0817646696493407 0.352612558323199
0.232154356281769 0.248411200284384 0.150553626442894 0.0498025644118616
0.252196475474534 0.118364091525441 -0.0461568097768463 0.00316701381258565
0.233357659490258 0.0270172558603995 -0.0959254675398563 0.116322813226255
0.206552071599918 -0.0428744280281487 -0.0344788803956504 0.140643638109304
0.180711486255698 -0.0393080924678727 0.00362442532622922 0.089683004368927
0.201632924305451 -0.0361135920437139 -0.0412459962899669 0.0495525218568288
0.240540187839314 0.0473406712811481 -0.110628257128172 -0.013801688173651
0.228380378776878 0.128743310817845 -0.164100948423548 -0.100302368462942
0.203052337259274 0.237239648707901 -0.106702640638209 -0.217146532035966
0.124369630894095 0.30937475070489 0.0116650932925052 -0.247243131108361
-0.0329041075673657 0.358692139956709 0.141404049082493 -0.198461870720141
-0.100751807691826 0.393611628027597 0.181761581039653 -0.0253191525382861
0.0671523876612931 0.306720846621904 -0.0050586482207558 -0.197162662812855
0.0411501172992091 0.25234299440869 -0.225824340318797 0.230001012514998
0.10423634164372 0.296593558950884 0.143903853737186 0.319600218531736
0.234674281637485 0.2577241601726 0.198418463858461 0.0395379215734835
0.298051197332215 0.115478671797869 0.0257182841929779 0.0163530003718158
0.263493466230278 -0.013846189032236 -0.00417205180344883 0.108912481159917
0.211131145663432 -0.0912409050051568 0.0537383297050966 0.123641798818056
0.179215278746915 -0.0740994613168629 0.0843192814102653 0.0726602872271109
0.189964401933071 -0.0647139792845718 0.0377463427899637 0.0404257873132547
0.236957555427633 0.0220394675042207 -0.0322355806122171 -0.0186872574546022
0.23554018210422 0.126137757650579 -0.0870710318513854 -0.0930564224477828
0.186339951635827 0.270416328489122 -0.0368743648380232 -0.209823027117791
0.0646567521455128 0.315306991738942 0.0749441951681946 -0.262569501244672
-0.0636571386817122 0.298098606440702 0.190499549110247 -0.250406834359982
-0.0441866504036336 0.32596557106943 0.239666864755863 -0.127754031493903
0.147987275156026 0.192907104726759 0.00348583304080251 -0.266500296362978
0.0480641971671769 0.115622843792993 -0.158861146449475 0.165434043640962
0.0436741694042666 0.215430925668349 0.185290181406521 0.244125221502793
0.181248940333253 0.247455487819844 0.208961952304537 0.0261510491309727
0.283566909303074 0.102693304306531 0.0931457979283235 0.0368760196941505
0.243024825955807 -0.0439115707233933 0.0965747092860754 0.0909609075950749
0.182114305098706 -0.119190087745192 0.140305760367194 0.0894843415838114
0.152261159277589 -0.0974974804992375 0.151306558072181 0.0450784711155232
0.153446381217476 -0.0883080540131304 0.0997621220103234 0.0260823833154376
0.203884060307195 -0.0132873300472515 0.0341861407233359 -0.0230135465327973
0.213660082513893 0.100031098294417 -0.0103114104597152 -0.0785924315302252
0.139959988681426 0.259199563354457 0.0341168928701517 -0.176007280527732
-0.00475928870621899 0.25857912097968 0.128894401336917 -0.24223681075097
-0.070051783657442 0.184366641610589 0.229169336059255 -0.276798834950024
0.0318903942493385 0.217143223880606 0.280282706650395 -0.201557453336057
0.181384513381763 0.0378856420255176 0.00307829930508651 -0.29513617554256
0.00174358642012587 -0.0273555353747991 -0.0890206021448103 0.103236922011534
-0.0437268026782647 0.134179864469305 0.190755767382897 0.16251286943723
0.104303769201368 0.2170803544455 0.192116795964731 0.0307064913252752
0.22171727695145 0.0767894085272764 0.153696753585772 0.0641703533951461
0.175511403961804 -0.0631919496451481 0.186486138760376 0.0665298491597812
0.121369584630914 -0.123414186835802 0.207151201115153 0.0469258283487528
0.103479904496123 -0.106727720479919 0.195672812332049 0.0117984346443648
0.100922656267456 -0.106324335592015 0.141021906973974 0.00356253664105136
0.158625772769825 -0.0512765973197674 0.0856787914540471 -0.0329275259511182
0.180745086998968 0.0632287334425161 0.0561446040552556 -0.0599725733498218
0.0854248139458 0.215465183388564 0.0854743863272468 -0.124783759400899
-0.0563069451776905 0.157680327331732 0.151430827849706 -0.205805148819677
-0.0342061597511821 0.0468407088714332 0.25291861748309 -0.290638898323344
0.123815790081975 0.0951644457438545 0.295554173108739 -0.243192590378468
0.177217504719782 -0.122307237620501 0.0019410706818478 -0.279309454463261
-0.0534452450450074 -0.146663038989383 -0.0369284227091256 0.0576127401989441
-0.111992587432666 0.0510601158827184 0.164361428295563 0.116414679214632
0.0277971322344697 0.153489334182387 0.172129841075319 0.0651688667655739
0.129263691735771 0.0347021329375981 0.206739837456192 0.0884915420939316
0.0776385045048178 -0.0714128335363588 0.25089588151015 0.0401201373796936
0.0403581762512022 -0.106474035847098 0.242576351134936 0.00396725987810294
0.038905198971999 -0.100323097274819 0.211714560150437 -0.0234401615341322
0.0384890370173825 -0.113057655249053 0.161854725301055 -0.0287237611984062
0.104020143826197 -0.0820566953991467 0.126199716557813 -0.0502618110541734
0.138688646892154 0.0248010048844086 0.108437908709604 -0.0415283599876378
0.0312772055984323 0.145431054989159 0.105112976547197 -0.0741296146467417
-0.0733505747471301 0.0333394778652155 0.134858806340625 -0.186441992074076
0.0411381466262748 -0.0816635104066577 0.25985383597248 -0.312811768610086
0.21542415451278 -0.0198927005900827 0.27750298248287 -0.255858885130502
-0.24282964661738 0.19109362694614 -0.242727673494178 0.150515438774376
-0.10115248324094 0.224212366138894 -0.324922351431198 0.365235778369852
0.0602808245364025 0.112448030960646 -0.0867473076623564 0.236657785066159
0.0107174208616553 -0.0328407005798564 -0.0402637836545775 0.0560118860752043
-0.0682967323140414 0.0268136084738935 -0.131625472789425 0.00294152443940796
-0.0106029268135668 0.096183149463366 -0.170759893751944 0.0677936527013128
0.0431486486341952 0.098258728073872 -0.174524173340343 0.0772347872025951
0.0415174037607209 0.0801476414716474 -0.190666922566063 0.060097030886262
0.0549158818844024 0.0695206026400755 -0.245236565850909 0.0329593568958266
0.0259529927380721 0.0762312083141467 -0.267764930331979 -0.00367253477932557
-0.0174092828712646 0.0199160080470668 -0.260856712567052 -0.0659229370634577
0.0461912264102712 -0.06502379837547 -0.205947121069789 -0.113564660629563
0.165498121995354 0.0332343259969881 -0.148494981775787 -0.106986447987457
0.0460875848085349 0.222354851498595 0.0167168897298555 -0.0536439884569657
-0.16537323337439 0.240443499950854 0.00464214398973622 0.267990443128076
-0.226097324540795 0.276957262758063 -0.176023137613183 0.0813927493166978
-0.13350692082839 0.313803065621316 -0.326676911337006 0.368753123641806
0.0605068494693799 0.248957161931328 -0.0331925719026569 0.284895815765156
0.0954004142557325 0.0889022251189897 0.0108225193186105 0.0378723798473719
0.0398231321321541 0.0673007310788312 -0.141619194727873 -0.004202886732151
0.0745989459769826 0.0880207136041971 -0.183650118399902 0.0974202198247539
0.113276340958339 0.0619293574781858 -0.154590490935525 0.115397853943747
0.109298120053845 0.041862212385711 -0.146089063183995 0.0840370516574479
0.131798768152993 0.0297161660106668 -0.200706769681432 0.0503923688704941
0.132074295739328 0.0703887411137049 -0.246014145973701 -0.000163600019537732
0.0928635472431908 0.0680152112194697 -0.263924210191535 -0.0809033087996088
0.118511397101701 0.0482884170890099 -0.194318239944233 -0.158043303461952
0.175439971793944 0.140661368469188 -0.101410823320964 -0.150053132992527
0.0404862871232773 0.308066821718214 0.0477407543624365 -0.081254748255518
-0.148993034051094 0.354865057685014 0.0581987469594621 0.190693844465744
-0.154523931383907 0.341055148273494 -0.101644421144885 -0.00508563892848334
-0.0996454951407822 0.360819661535464 -0.310723209997867 0.350287194606988
0.0861713512456126 0.33824697601718 0.0278796938245615 0.336318210864546
0.183508151524495 0.192043394941132 0.0821453536652546 0.0400193522828507
0.163425917992455 0.0992354416371614 -0.112483239275066 -0.00188371736425809
0.166537712320531 0.0609231152356892 -0.158802012226909 0.119817694495536
0.172891632515288 0.00952895972914597 -0.106018564705918 0.140422065855525
0.158916910108936 -0.001717727104141 -0.0758754773756592 0.0944486788149093
0.184874670624592 -0.00890187291748847 -0.126184677827747 0.0554916494683456
0.211418449036016 0.058553477157806 -0.189777874376755 -0.00392265318222104
0.185856139573884 0.105543835787901 -0.23419913579759 -0.0915510352802605
0.182864005865107 0.1573430946207 -0.168546510640545 -0.195389485682896
0.168167472320797 0.244156298867423 -0.0528939530311715 -0.207223743534664
0.0134673990556014 0.362890788691773 0.0906734607257733 -0.140572826276711
-0.124713526887769 0.411931228243991 0.121055357635182 0.0840677459908432
-0.0397148292507894 0.358507138978569 -0.0442939396694264 -0.105291679534742
-0.0165946011479092 0.34641588529411 -0.274707134752226 0.304947485421095
0.122629646486294 0.353364776067537 0.094559191356628 0.354170909305499
0.246943226256636 0.245186358401968 0.152607385198159 0.041321274107195
0.264924542601962 0.110958858948172 -0.0516784305141003 0.0063421341098891
0.23999182893623 0.0185859642300196 -0.0933835767759128 0.126296528022192
0.208851299212764 -0.049362839549512 -0.0300729299018803 0.143319698285627
0.183362541950796 -0.0455849186426639 0.00761143239969699 0.0899951870985466
0.204065540005053 -0.0431430193251206 -0.0392591411527874 0.0503062459788106
0.24900262757077 0.0397833922156492 -0.113002642118114 -0.0107291590804891
0.239810227782373 0.123265429924735 -0.172473917643065 -0.0950061473838672
0.216489884715679 0.235532981129334 -0.118118236384228 -0.215910261916262
0.137199066978007 0.311871915351364 0.00348557851877692 -0.254578905760096
-0.0222953890166296 0.367507348765574 0.13856733263085 -0.209809331833977
-0.085765081068509 0.402758523626023 0.184337605467612 -0.0342269322261068
0.074628471879985 0.307584942390889 -0.0148278415941533 -0.201517995499192
0.0488825576168681 0.257587229655412 -0.222063157485795 0.242408918119712
0.118217171634201 0.299654594697576 0.1582738939327 0.319778346111096
0.251133999222082 0.254870797935226 0.200956107897288 0.0299024876748936
0.312242461991661 0.106405440792459 0.0231493294791272 0.0182178659854438
0.269761836564843 -0.0227439744111034 0.000960148173960076 0.116156103927088
0.211348548968957 -0.0991915306287476 0.059965422417697 0.123327796486524
0.178946676094699 -0.0810691107381954 0.0897354518233592 0.0694521956880088
0.190644137383012 -0.0709011603197847 0.0419976812841248 0.0380852467854558
0.243010885243565 0.013724192435803 -0.0330927822120562 -0.0179631658324533
0.247120918468737 0.119455201025705 -0.0936294611330302 -0.0910656765181348
0.201929593966961 0.269792799105478 -0.047358966474031 -0.211678654097599
0.0767895147375508 0.320364623613316 0.0674683080002781 -0.272231591974585
-0.0562796940030763 0.305837009807669 0.186201594712234 -0.263639086918614
-0.0330676571621861 0.332049646151529 0.240941611317096 -0.139401908427321
0.152478348404931 0.190014730498615 -0.0069762156579303 -0.272033617701552
0.0506719181969748 0.118927307147663 -0.156288178957973 0.174361239828787
0.0530578981629358 0.220030672409504 0.196593568484431 0.240955184527486
0.196506590003941 0.246703547183959 0.211141238741888 0.0172883046699041
0.297340458030811 0.093573958965179 0.0938766041563184 0.0373793809213085
0.246002506338559 -0.054062263152572 0.102542277558064 0.0942336934728464
0.179187698714755 -0.126497011833582 0.146979641199422 0.086592090052212
0.150838468193914 -0.104492082252323 0.157607553918162 0.0390060090239642
0.151431432507816 -0.0945020035895914 0.105262253157975 0.0214188232102185
0.207062318561571 -0.0213897408652412 0.0333432818509896 -0.0245229313241702
0.222549758535411 0.0936625113816021 -0.0139717737569178 -0.0794324311110136
0.154080502962804 0.259658701083788 0.027296501143651 -0.179843344910819
0.00378842802976832 0.26427331232986 0.123830374605519 -0.252614540563903
-0.0667790539222791 0.188906204546749 0.225984774916907 -0.290814227827321
0.0393048030725588 0.217543720291978 0.280143620032285 -0.215408020532855
0.181135899849488 0.0316142777832044 -0.00612845693899524 -0.300140520846601
-0.000959808902966016 -0.0253611310220651 -0.0876345244263663 0.108244349413874
-0.0395201381004022 0.140569851565934 0.200528350941786 0.157461976883199
0.117388268114968 0.218727496259481 0.194815043457348 0.0237262375905606
0.233656332336868 0.0690749023817641 0.158296603194456 0.0632312472616271
0.176071160576767 -0.0705030561403864 0.193826948838676 0.0654748111311794
0.116558319478543 -0.12924408982791 0.214672622622329 0.0411775496357586
0.100333238205093 -0.112651311669247 0.202731927298922 0.00357337586949924
0.0965671887500102 -0.110289977388082 0.146190015095337 -0.00238826908323939
0.158088174515385 -0.059118393895236 0.0851946175545036 -0.0353232188403835
0.186676401737964 0.0563557252263711 0.054588473809431 -0.0626759771752138
0.0977579574406496 0.216251325666181 0.0825708762199876 -0.129818288307705
-0.051632636079662 0.162920290389608 0.14766530253412 -0.216095359062455
-0.0350935763389805 0.0476439490503509 0.24962030220516 -0.304505454533266
0.12839390216406 0.0899476074760204 0.296254110539484 -0.257427960076879
0.172653513206082 -0.130676503113122 -0.00587101579593044 -0.283717997509357
-0.0613033653038589 -0.145131427660924 -0.0358921622862063 0.0598203511255161
-0.112067647549481 0.0583297356166272 0.171906153604601 0.111771742405065
0.0370067992570194 0.156379341715916 0.175984855218427 0.0607751135958537
0.135274245814684 0.028839158783433 0.214668076067887 0.085848403227993
0.0757463825938776 -0.0749375100218301 0.258943766792726 0.0353801064368232
0.0340205529257564 -0.109876379041511 0.249541290223014 -0.0031309366348962
0.0346775874997369 -0.104987156917295 0.216227984612755 -0.0316998937630831
0.0323598659091335 -0.115722486266368 0.166237248385215 -0.0362535498079183
0.1014216023697 -0.0887452374952538 0.125559585685502 -0.0546900895418799
0.142815161861073 0.0185482578254995 0.109121943625693 -0.0453135035100762
0.0407333760248057 0.14730622950863 0.104954804036473 -0.0789314748107569
-0.0733297465596868 0.0366158271080251 0.131439973236657 -0.19398932288572
0.0378308150034259 -0.0858408921610212 0.255766553796008 -0.327637592292016
0.217150862279726 -0.0303869996393231 0.278130725789875 -0.269573338770707
-0.230029677028798 0.203681485550984 -0.239224083123223 0.161174054301575
-0.0876314165921722 0.229781273351878 -0.30415467316936 0.383352640698684
0.065862854599154 0.10659147607717 -0.0734277208021274 0.240899154138914
0.00693399156777643 -0.0336032355898943 -0.0382644623548204 0.0552315889267063
-0.0671858986766077 0.0312902641314497 -0.133691351013245 0.0107221347913101
-0.00380329128064999 0.0956883555640946 -0.165914950695045 0.0778957275838174
0.0509550397485847 0.0953074235167893 -0.169625500033104 0.0877445611062187
0.0482055659457832 0.0788490618143206 -0.188439881743631 0.0716176491491071
0.0604900658134196 0.0655125967227606 -0.244833741911404 0.0469958011262732
0.0331350443653667 0.0749945639116528 -0.267483807327334 0.00957439896174185
-0.0153741185007687 0.0228803824447291 -0.26532407606449 -0.0514440307815576
0.040854548231804 -0.0658874782448435 -0.211548660755257 -0.100106677705436
0.165578769415354 0.0224566864092357 -0.15258351390618 -0.097199303806376
0.0596053713803418 0.221512292760317 0.014380373828749 -0.0581561141271843
-0.149659436065859 0.250207073379729 0.0193294074346604 0.264909619271286
-0.210874796135676 0.287603560196861 -0.177237240048376 0.0895791363212411
-0.116931420897915 0.320105446441113 -0.30443199141678 0.386151905184892
0.0750475254029827 0.242931708832527 -0.0171018896647092 0.286050486327665
0.098879042007209 0.0820679619746808 0.0109375989928495 0.0335364128158667
0.0438461629099132 0.0651257698353078 -0.145013671481054 0.00409182140574644
0.0804690551164483 0.0830173144063562 -0.176533696429727 0.110004027343179
0.119025719243451 0.0555948112656466 -0.147735692030509 0.123937252451988
0.113062922513728 0.0368658095362924 -0.141575258403929 0.0924145157431014
0.13469816246441 0.0221757873297802 -0.197886676071069 0.0611314037301739
0.138872925174006 0.0629776508090671 -0.245572731240608 0.0123926039134688
0.0982200694488649 0.0641922377263521 -0.268850669457696 -0.0659255605596804
0.119930852790515 0.0431679552544553 -0.204378346801712 -0.145349825572438
0.181989783300378 0.130280256373033 -0.108807377274934 -0.144355306935271
0.058067096238911 0.305817853345535 0.0431807504465161 -0.0872754294638085
-0.125956310156894 0.361961715980911 0.0678738546558043 0.184717498761485
-0.136603829020569 0.347436427927586 -0.107743816054477 -0.000190339837260244
-0.0793687081934338 0.366983853644077 -0.290927673816623 0.365364558271678
0.106695996210407 0.330825911405065 0.0469984550394994 0.333562121215264
0.194177836325719 0.180279800489325 0.0810266792816367 0.0317577670209157
0.170260577655761 0.0890196174299396 -0.116254363667491 0.00623132410485405
0.170313887526579 0.050730865171324 -0.15024681450251 0.131574708855662
0.174412578061631 0.000103737971649351 -0.0977669977026493 0.145426033104306
0.159707913911073 -0.00968127619538168 -0.0707219360521905 0.0979961452979904
0.184263864390449 -0.0191926935956355 -0.122709896915357 0.0608732307586345
0.216356674744456 0.0461323662425449 -0.189147913682107 0.0054351805411436
0.19377464069757 0.0953016164655028 -0.240419123831137 -0.078011942792516
0.191794852350329 0.147619216824034 -0.180465595259737 -0.183306911500617
0.180563542216093 0.234109493514234 -0.0642712964158436 -0.20431287908573
0.0344198194703187 0.361817388618794 0.082589953024683 -0.148027169187474
-0.098004923927944 0.415530807297015 0.124582926837472 0.0748108923590454
-0.0229098832058434 0.357770070882091 -0.0553758604691895 -0.102216135226341
0.00220826313913558 0.347791301133393 -0.257987559135674 0.319328083103728
0.144132232633864 0.345043718846394 0.114358564014071 0.347429216288813
0.261288055732152 0.229876103271688 0.151423658861259 0.0290769712773478
0.273742668009656 0.0942285594200737 -0.0548049680845997 0.0116489822760644
0.241638261573105 0.00457859161471028 -0.0840870424573504 0.135354436754211
0.205801472285353 -0.0595642563899422 -0.0214135338931463 0.143879929611076
0.180122295460624 -0.0543926934060337 0.013120833542127 0.0869345793202635
0.200730493828268 -0.0538984642078188 -0.0350237983102793 0.0505353973542945
0.252179435490988 0.0245923837003549 -0.113258133347485 -0.00531044796313762
0.248423903555867 0.109679067180134 -0.17857666824888 -0.0843137253419716
0.229508083709853 0.222860448093965 -0.131669555163347 -0.206151115489289
0.154215541546045 0.304097303433064 -0.0115710370170288 -0.255360138591936
-0.00172806044422264 0.367382666294415 0.12611454392975 -0.219318725786755
-0.0617152120924751 0.40532793511324 0.181623804218027 -0.0465635919669839
0.0869308962651839 0.301531638138043 -0.0293390210306798 -0.199693522195918
0.0626069499885025 0.255578062026126 -0.209631462355475 0.253908806647382
0.136417448639864 0.292972448117423 0.174925861281466 0.307395112902048
0.267272724382979 0.240088332683129 0.198383783116546 0.0157067560855498
0.32157505591456 0.0859280334758234 0.0207538109335003 0.020182602342257
0.268096031298072 -0.0387205763972526 0.00963795539030164 0.120544351764063
0.204499999779554 -0.10818098393048 0.0673655306882643 0.119134524303304
0.173848896442077 -0.0895672773547246 0.094756611923472 0.0616791005288624
0.184537855791411 -0.0809337521054167 0.0456583233427318 0.0336164224938138
0.243214918770822 -0.00134034059962121 -0.0343092557628316 -0.0164396624798669
0.254032689974837 0.104489684933671 -0.0994496057386235 -0.084446683362716
0.218352529263198 0.257168397619584 -0.0606411107391481 -0.206057333555089
0.0944494953499934 0.315341246246537 0.0511563521368954 -0.277203656081403
-0.0401335069455121 0.308100561950615 0.171247080290814 -0.274473482473521
-0.013975062830997 0.32895483336416 0.2327331944442 -0.154228761010427
0.157589410149939 0.180093889010465 -0.0234886628508581 -0.269876928941308
0.0563755849994561 0.117728708102549 -0.147759155865097 0.182533759877418
0.0668571656192423 0.21778239535157 0.208964030505239 0.227283869575198
0.212594206215333 0.234783045840161 0.208966616126929 0.00311560582089891
0.305895022052764 0.0733592085884885 0.0942955910398818 0.0357820368710541
0.242043971833884 -0.0682123685365599 0.110197678584539 0.0926820340403806
0.169363028974496 -0.134349332201479 0.152380829783047 0.077211348700431
0.143190429383359 -0.1116954673081 0.161348312480357 0.0276262834402402
0.143890622556066 -0.101056919227576 0.108101379709824 0.0136580919137404
0.204757898276129 -0.0338014233878049 0.0320842651508095 -0.0257785352823452
0.228595285204524 0.0798317657034458 -0.0190140416447592 -0.0771011074771784
0.170400137267244 0.249016725146446 0.0158993379366763 -0.178773894918681
0.01843244489663 0.263488204738704 0.108597699266264 -0.260827033374816
-0.0582064360176711 0.191747500668025 0.210266032744957 -0.302676996817198
0.0504382613654968 0.211309413492675 0.269510392229598 -0.230205203686168
0.178202534313958 0.0221054110496151 -0.0228817040029515 -0.297906610332644
-0.00359637518942197 -0.0224562648205832 -0.0816348216706626 0.112451729901742
-0.0298331131135197 0.144305407621223 0.208104093152282 0.14481803593678
0.132111456940946 0.211347145664003 0.193343843715475 0.0124429931821543
0.239471713293364 0.052543547437014 0.161013174070545 0.0569912266029329
0.170703699759789 -0.0801142354801249 0.200057909668471 0.0586054406773515
0.106269940643316 -0.133576769818438 0.217547905737878 0.0289969960255138
0.0919915839271794 -0.118297397433395 0.203394492911604 -0.00967213701031754
0.0877785673695767 -0.114064128573642 0.147848122192156 -0.0118867752219211
0.15237166625272 -0.0690618485051046 0.0823003884114959 -0.0392919485891378
0.189585637113039 0.0441782030288684 0.0509303031943118 -0.064974441068337
0.112087564714255 0.209201397355769 0.0749951640130873 -0.133149812444943
-0.0424362295093462 0.166243347688187 0.135857832395295 -0.224486035830289
-0.0345771131508247 0.0486986605466091 0.23250404578108 -0.316440588339161
0.130589880775057 0.0799884589747755 0.283653603897381 -0.271319486559396
0.161697634784926 -0.13854417983511 -0.020490682300039 -0.282052619440681
-0.0696707971271863 -0.138989067575949 -0.0331133877354598 0.0607997714011826
-0.106742081637208 0.0660819643012888 0.177065360447659 0.100248857737951
0.0483791400178669 0.153681781652412 0.177922635227513 0.0507807303218331
0.138572963913191 0.0186285544957668 0.219609702866171 0.0752334345709675
0.0694636907082695 -0.0788938151837705 0.2625912288407 0.0220313677160601
0.0244641050614042 -0.110865199103556 0.24969780454197 -0.0168942146414218
0.0270673538594741 -0.107665815205477 0.216018432085798 -0.0459239453711269
0.0231885910646222 -0.116018276124679 0.16498596281675 -0.0456795494194114
0.094261674372609 -0.0956848990486977 0.120880791206369 -0.0606679612456148
0.142987614318079 0.00832451347330197 0.106785806362241 -0.0512530995891892
0.0517959048459471 0.143614581563115 0.100622175705146 -0.0837453081627439
-0.0711693972823819 0.0405195096982753 0.120410171877117 -0.20063553119229
0.0312890587542102 -0.0882296626506861 0.239023786878592 -0.338821914070862
0.212056678438755 -0.0439902087205984 0.266146322831562 -0.283126480498317
-0.210779868285021 0.206101193984925 -0.228357461193711 0.164992680329709
-0.0735988884912455 0.225362432452052 -0.274945714960647 0.382748233382146
0.0683526107429959 0.0977322396304928 -0.0580459216904358 0.236076140706421
0.00324690851637785 -0.0330022462030394 -0.0355666459254993 0.0527918192841187
-0.0636393765328233 0.0348678930773107 -0.130131773093798 0.0169895382092
0.00202184945496891 0.0913343555349147 -0.156186857564442 0.083987165260829
0.0559155818143275 0.0883554510647729 -0.158416647657948 0.092475033973199
0.0521777405075801 0.0743506603987136 -0.179269292423661 0.0786336900569178
0.062699981634763 0.0602754995397851 -0.234819201281882 0.0576980787933576
0.0381277476656434 0.0713359829666473 -0.25749099498716 0.0203410103476325
-0.0125735271762328 0.0246016398291874 -0.258106785733908 -0.0377129795748
0.034205726725727 -0.0639330046549532 -0.208365182235038 -0.0860772414657105
0.159352142539699 0.0136608727348303 -0.150472817023767 -0.0857958230529908
0.0694178588978366 0.211326406860593 0.0106822091066566 -0.0600015445022642
-0.130864539375359 0.248189822418342 0.0301302251716195 0.25202940576216
-0.190007012809699 0.286065806575242 -0.172074211615595 0.0936089189861285
-0.0974279078003662 0.314932124328404 -0.276967350119089 0.385319624448169
0.0834918428957979 0.228585876035735 -0.00271442602556131 0.275781600045589
0.0977739586303808 0.0740598798680032 0.00985885223408113 0.0288718374886496
0.0455591828213846 0.0612642300882087 -0.142430151931503 0.011636597932331
0.0828864963542127 0.0750022927479622 -0.16371893289412 0.115966061927425
0.119375078119594 0.0480047996087563 -0.136071568874315 0.126828804782979
0.112761849835092 0.0316207024071266 -0.132600556812522 0.0962426842293814
0.131470454195277 0.0149379456660903 -0.188337457817675 0.0682697115219929
0.139104210217193 0.0534369572472385 -0.235977071329224 0.0222236058432387
0.0995517136410908 0.0581494784806258 -0.263033661196823 -0.0500641538198037
0.116799580930969 0.0376934529293981 -0.202999261901649 -0.128785345580957
0.180076456219717 0.116796154956692 -0.111212310283521 -0.133657505577863
0.071715873840737 0.292648187046148 0.0372429601484006 -0.0894570061353185
-0.102240889519099 0.352152629105358 0.0726579074290833 0.172761937449682
-0.116136721872975 0.341011304339451 -0.109204566601775 0.0037140492848453
-0.0588988616131912 0.357782164407065 -0.263221370841524 0.364851722419145
0.118690958433271 0.312493885483 0.060924867258779 0.318632085220768
0.195183066275492 0.16341475734921 0.0769108955746712 0.0229432844835798
0.168985813912141 0.0770655276053779 -0.115165917414045 0.0124931661053148
0.167548191279653 0.0393580973673538 -0.13607921639785 0.136743222036502
0.169876730249946 -0.00710055434606781 -0.0861920100998364 0.145054528805366
0.154724992624942 -0.0152194388091233 -0.0629186687412306 0.0968942059297898
0.176709748425711 -0.0271829438936221 -0.114589195182065 0.0636874808674223
0.212836370624612 0.0331375417034219 -0.181924069498184 0.0135051596969218
0.193437985569867 0.0830200905806935 -0.235473206242079 -0.0620662414783961
0.190708068365555 0.13468765526554 -0.182545888897379 -0.165495792952564
0.184780979489028 0.217127443014917 -0.0721889150229827 -0.194605698528169
0.0509403834840592 0.346787125544985 0.0711953157594712 -0.149838799019734
-0.074183586065277 0.404482376850706 0.122229308493049 0.0642913404739173
-0.00871716263880393 0.345054626434874 -0.0623470877450708 -0.0957799383421362
0.0180146145882454 0.335491680161954 -0.234350069905008 0.318424392419871
0.155498488466545 0.324122582260114 0.125257245547056 0.329076618620245
0.262955243630152 0.208392766821695 0.144068942272585 0.0174365509817226
0.26977706884047 0.0752317629355673 -0.0554274866444881 0.0164588606102101
0.233357268786927 -0.00824684654706742 -0.0717613718053316 0.138309889842873
0.195407980099868 -0.0664877899483969 -0.0135098395247887 0.139977465867577
0.171846769583733 -0.059333315567721 0.0173788350335565 0.081687084863375
0.190135604216558 -0.0605421559616065 -0.030717853472034 0.0482601230777759
0.244453125496319 0.0111979842171585 -0.10875486761655 -0.000148393993700347
0.24686512294241 0.0942920096846324 -0.176966267086909 -0.0714620796921484
0.232863862446549 0.204730064697781 -0.136835196639593 -0.189953852685457
0.162644281416387 0.286151117562214 -0.0241002022059035 -0.247391233778602
0.0143716426322636 0.353905775831469 0.111274339687641 -0.219178729893489
-0.0383676904895416 0.389962418746253 0.172645837641018 -0.0548656304336703
0.0934261989405486 0.285242374467875 -0.041424314671415 -0.190160160364984
0.0713425797161438 0.244751208772251 -0.191755674943179 0.254615022168379
0.147035695637929 0.275698250403238 0.181920266060402 0.287630842240166
0.270038144220514 0.217809556536274 0.188791599464289 0.0034577282229719
0.31625580218117 0.0643345037259508 0.0188656252212886 0.0213337377643943
0.256775022418971 -0.0506910980805285 0.0178182751677186 0.119427588965565
0.190633317964863 -0.112566478067282 0.0714058462231525 0.110777326331881
0.163104811534942 -0.0937177903587844 0.0947512353470144 0.0520468943160743
0.17289477093934 -0.084762734263858 0.0470763573755481 0.0275334041940454
0.233947756481514 -0.0129870146573392 -0.0334383296117848 -0.0141306597663759
0.251793836495724 0.0874726358145045 -0.100627497768782 -0.0747202743598719
0.223656023996928 0.237476362955083 -0.0676676675421178 -0.193221114040028
0.105958064595808 0.299048578642023 0.034735590223176 -0.270669460845376
-0.0255165672629664 0.297973279815774 0.152141484522207 -0.273427581837614
0.00169564771710872 0.31447771139252 0.217270404825596 -0.159664430800078
0.155250926886446 0.166800923541664 -0.0366642379989797 -0.257870256000551
0.0592078242884347 0.112436190595412 -0.134442162668834 0.182341675108303
0.076381040891088 0.207733776010716 0.211075551787186 0.208206648783324
0.218515536050452 0.215907007313618 0.19864609838065 -0.00798576471550495
0.30078406138159 0.0533809072098977 0.0914123710458927 0.0329830321271878
0.230118546987431 -0.0767399469435046 0.114548757558593 0.087936846014372
0.154742466896671 -0.135574919367877 0.15188285544254 0.0671359636194876
0.131596100133184 -0.113964625778077 0.156856399956586 0.0169575431690764
0.132206899814744 -0.102162571277086 0.106300938352781 0.00566430960547052
0.194258408215294 -0.0426535842311384 0.0295427898083559 -0.025893503803821
0.224685200712359 0.0644247692345504 -0.0231496430185876 -0.0719702894874997
0.177281556608293 0.230950064848154 0.00673024794334592 -0.170886331063533
0.0307412760931775 0.252657493036418 0.0913169925014713 -0.258039125042916
-0.048873016326548 0.186943073331005 0.188397877927983 -0.30165613082673
0.0567630131441865 0.198642267794891 0.250212387649299 -0.234615465586833
0.168683889312424 0.0140329290370085 -0.0354888533031054 -0.285187086064994
-0.00537017918463689 -0.0189535043196234 -0.0746284671375933 0.111859467881583
-0.0199930868731728 0.141628744460648 0.205752734945017 0.128064744485941
0.140317118119095 0.19714170062377 0.184305180133818 0.0021543889506986
0.235597930692175 0.0362834321846882 0.157913010003917 0.0503399033007025
0.160267294748765 -0.0850338627281157 0.198332342561646 0.0497147358187635
0.0935864630526986 -0.13203539718191 0.21300271438967 0.0171248712662329
0.0810513131349247 -0.118040006298015 0.196237165954221 -0.0209399780468545
0.0773962038676061 -0.112521678047385 0.142679212098399 -0.0200399424217175
0.141724776381701 -0.0746141410066893 0.0770740488975123 -0.0401282713061434
0.185142587043732 0.0317945763420224 0.0455905157308755 -0.0635550274960473
0.119839730171001 0.195349876232672 0.0654735119552822 -0.129554954363802
-0.0332730417455728 0.161668217974559 0.119426708387817 -0.223013697321533
-0.0323998709625315 0.048303972278435 0.21099599457723 -0.314403211659169
0.126970088940117 0.0693050692931836 0.263878907116735 -0.274443206255517
0.14636823021845 -0.140337880812132 -0.031620585722307 -0.269818309706601
-0.0734876422106479 -0.127915649501189 -0.0295530665481087 0.0595083391436671
-0.0977544652727637 0.0701143990746193 0.17457625667051 0.0872101529474355
0.056154618276542 0.145566689333831 0.171899494396595 0.0407395365069708
0.134474875060859 0.00809231042059483 0.21656387064414 0.0636897661024134
0.0622204352585223 -0.0790205139261743 0.256208993836457 0.0103070063889954
0.0156349052637494 -0.105979112012612 0.241693394034408 -0.0272124682564499
0.0184863573664947 -0.105339818295767 0.206363593447547 -0.0551095397555735
0.0152217625718853 -0.110996445115342 0.157274618169556 -0.0531036794148435
0.0840979628669797 -0.0977524437279509 0.113011136798315 -0.0627032232839864
0.138267303624257 -0.000647580278167307 0.101000682938196 -0.0533638098208496
0.0590855357763031 0.134946405114826 0.0932313560848757 -0.0849243870540875
-0.0664383121159911 0.0424888618772313 0.106063649621883 -0.199029589673004
0.024461109643542 -0.0867973738582987 0.214867398955161 -0.336812166727582
0.199087959545389 -0.0531252930445882 0.24758305779833 -0.283214148449815
-0.173676779099083 0.21896107620689 -0.204148956084409 0.19947838083649
-0.0345865577264626 0.224821101317463 -0.208174977092059 0.413215708756097
0.0773757137583473 0.082696452059404 -0.0161573077920273 0.238731910681138
-0.0025021237308693 -0.0296019795458494 -0.0265134848408074 0.0517366999644546
-0.0550743048056239 0.0446801648016082 -0.127904406726876 0.037875253818729
0.0139299051638033 0.0869221683024352 -0.13597987744851 0.106961449946539
0.065834423437857 0.0756170581657661 -0.139316378912442 0.115935235773761
0.059466094522863 0.06595479422361 -0.160150797002608 0.101572068894611
0.0672799652366154 0.050475928017912 -0.219148909456708 0.0899152488140351
0.0462978837356537 0.0638859130659662 -0.246140480504663 0.0581427218883617
-0.0106403035375645 0.0265840952420526 -0.251065440030191 0.00303533829501092
0.0212065700231716 -0.064098580032977 -0.208816439921462 -0.0484870934102927
0.147879508152808 -0.00499819945741911 -0.152199042974765 -0.0557312295740178
0.0931772784343453 0.189493888463802 -0.00490664138221175 -0.0623997428096862
-0.0938134291439931 0.253050285081793 0.0589602014715304 0.230075251398336
-0.146434230124001 0.289814087309867 -0.162007131977302 0.12730373443641
-0.0456214687785541 0.310375249972983 -0.210506221481252 0.420081229782743
0.108840493362603 0.200872882624118 0.0405242404948477 0.277566232893947
0.0991578522878953 0.0549371324297852 0.0137050619448013 0.0320078997918378
0.0491279576471751 0.0541560397421416 -0.133328099077179 0.0379800276313138
0.0881582739063445 0.0623550194810801 -0.134151920219087 0.138980862247713
0.120001201826068 0.0302065429283899 -0.109584715571663 0.145803794838888
0.111532839823233 0.0189552216419864 -0.112151156060446 0.110731040115538
0.12665915207967 -0.000413257337217778 -0.172800022627225 0.0937599815620092
0.139273864652533 0.0342561442696422 -0.224680021693957 0.0595709984481504
0.0989864174873373 0.0459751455450346 -0.258519361653409 -0.00672091622123797
0.112477937788104 0.0215882460861958 -0.212026386761298 -0.0904386209966642
0.17901887162827 0.0882168889243415 -0.124632163892878 -0.106346012756354
0.1050965964364 0.264489932101316 0.0134908701947315 -0.0944411840780502
-0.0553002530074386 0.347245290883543 0.087552286874724 0.149750446509955
-0.0743741056920352 0.328946374815863 -0.11414567304238 0.0373228116588362
-0.00554349743270002 0.343871313275882 -0.20083772615365 0.401366332942368
0.152867688500155 0.272710685919862 0.108101225102059 0.315111366926172
0.20146489128152 0.121880659794006 0.0786272183853119 0.0258315324950358
0.166612268557339 0.0514933781325348 -0.0992472559495339 0.0374781171780008
0.164026039182804 0.017948024889325 -0.10083325248678 0.153865572109474
0.159641101175481 -0.0271545387020832 -0.0566419882198857 0.155205211427991
0.145608979671074 -0.0297340413985579 -0.0453672162940633 0.100838176929333
0.16354178132101 -0.0450139238954967 -0.102752099635804 0.078624416334477
0.205373516897068 0.00535459901755322 -0.174121468049831 0.0454225326207798
0.189525017079631 0.0590660129891054 -0.234740083222876 -0.0215370604820314
0.195325913727986 0.103089229496649 -0.200963483791242 -0.129239628055841
0.194557225983065 0.181377353040154 -0.0992004055898715 -0.169525032590049
0.0923704152500393 0.316668418071459 0.0352893472590513 -0.157272962234049
-0.0214109603953428 0.388658102208446 0.11868752782056 0.0408877841562207
0.0247820819131527 0.320150096980184 -0.0798927530930691 -0.0627013837387354
0.0622425927619729 0.314320840215413 -0.176801161590727 0.352872491225983
0.189551874783334 0.278597514819409 0.17302573375052 0.316756774862365
0.270781529285131 0.151911260741611 0.143338076249717 0.0161664217550335
0.259982398713409 0.0357251724793081 -0.0357776020967905 0.0332831335933111
0.220085170223327 -0.0350703680408631 -0.0354165264981226 0.144813250470809
0.175715088595546 -0.085076629164833 0.0163902132646412 0.138493902363211
0.15613494328605 -0.073235971069706 0.0295236214420706 0.0740875413146786
0.172071634937497 -0.0780260573572965 -0.0241392358155516 0.0511270396707805
0.23222550676614 -0.0198250992081591 -0.106227841385036 0.0221064430118455
0.240598792804487 0.0629643977018781 -0.180751401947557 -0.0387115134123932
0.243780280078182 0.163425870972991 -0.162466594550418 -0.158956674981179
0.181802546456719 0.246841051346458 -0.0644095137737001 -0.225753409750327
0.0600435205416858 0.326164752446075 0.0616828936343877 -0.228660019924568
0.00738297426312591 0.368182135663339 0.150407122799063 -0.0766239137696655
0.110833484040981 0.253872941316078 -0.0685974043917644 -0.156979807527272
0.099445572066272 0.223965969274426 -0.143579539358544 0.28202695368034
0.175199008120511 0.234215856224904 0.220157836065333 0.266253691435263
0.279554779738646 0.159253419640936 0.18484881140905 -0.00258655759844376
0.302242288903346 0.0172684673226266 0.0397596636537483 0.0279194862567306
0.237041534677252 -0.078897220157515 0.049405362587994 0.112816451118804
0.163772197998533 -0.127846994730268 0.0955949493278123 0.0974815551972054
0.14348506926535 -0.104963999834377 0.0987984536373752 0.035306949982262
0.152376540378617 -0.0995824961246044 0.0481988675764346 0.0201310736307387
0.218603145702317 -0.0422997939960011 -0.0359910234840184 -0.00245477260551734
0.244612097825508 0.0564267960399125 -0.108625382077316 -0.0540767178778291
0.240092190116626 0.19526147811135 -0.0981830163790835 -0.173405340820411
0.130354237911107 0.265342831898306 -0.0126888987952734 -0.257626995019126
0.014897757760351 0.278883178369667 0.0946866161799211 -0.284818283291323
0.0376579676736855 0.292279930540967 0.180287470829487 -0.180598955790584
0.15479461925849 0.135972293717413 -0.0704218014777787 -0.226316767934086
0.0708395040778504 0.101901845606392 -0.10038742417566 0.199578022837842
0.101829328470589 0.17942043061203 0.23232278324963 0.179479388630134
0.232244655493847 0.163983728016721 0.189667310701919 -0.0158030518519914
0.286719534558765 0.00678177274227112 0.111223598990705 0.0268763393804708
0.208327508827202 -0.101623256443979 0.135665280612133 0.0670002693926676
0.126805092897952 -0.144974373425172 0.166032076302733 0.0422098994354759
0.110763979079627 -0.12158337103741 0.153365315980489 -0.00753401636570707
0.111735661266849 -0.111105307845168 0.102294461276517 -0.00956783740674332
0.176927093052216 -0.0653075559400651 0.0239357685786858 -0.0233856729584383
0.216979028341495 0.0365676456229406 -0.0341005440938107 -0.0631696702722836
0.197115425790451 0.194918319038156 -0.0232344190772126 -0.164064188189161
0.0560183044430968 0.230344422077562 0.0424680715653732 -0.254757888047941
-0.0202928612616678 0.177687644654538 0.127964206249267 -0.314619406325926
0.0767802023653796 0.176143594881508 0.203936643761027 -0.254120101983897
0.150291393581769 -0.00763273089539108 -0.0709043743558295 -0.260439556704577
-0.00573023659646284 -0.0131666204635684 -0.0553730403929826 0.117199152030275
0.00464882222264892 0.130377866720906 0.209206827961413 0.0985738564442999
0.159109577580935 0.157665493319214 0.175164757709305 -0.00718408208475625
0.224509641037049 -0.00218368197425503 0.1736448051514 0.030715584462359
0.140655261010346 -0.100717747320501 0.206949618170849 0.0176670510254858
0.0690314525094587 -0.13456856702954 0.216153570175487 -0.0148874699115614
0.0623304780616803 -0.120826150653868 0.185690080127544 -0.0489577499056196
0.0581852995578444 -0.114587113367803 0.134634937443421 -0.0395127124798283
0.123134125306618 -0.0885804284867992 0.0684540809986484 -0.0458415251747828
0.176580591965969 0.00891365064863873 0.0328563327658733 -0.0661729685890875
0.140021404763603 0.167553689720221 0.0393350443649112 -0.134010795242321
-0.0124182470491691 0.152567978335224 0.0756569543547083 -0.22819631310865
-0.0219522371668021 0.0456888668336974 0.148878736405405 -0.32775704859789
0.12827624378709 0.0454458779063783 0.212418812278486 -0.292314174462226
0.114048358540548 -0.147906716313476 -0.0637028048856185 -0.253947306389672
-0.0827510048831626 -0.106522194603334 -0.0216457656813525 0.0562362197000364
-0.0768359137093822 0.0746053713728892 0.170376110223344 0.0578529377644635
0.0755087206623607 0.121752274862025 0.166519902936352 0.0250530504906568
0.128115479511592 -0.0161917248066732 0.225517098168115 0.0308811992721966
0.0485495911760227 -0.0841143645425295 0.250729387406142 -0.0286195223590969
-0.00113083676421417 -0.101217019352932 0.234203654084365 -0.0626917866909132
0.00439882782138169 -0.102279107901972 0.190528077170631 -0.0829247515474025
-0.000767189564334981 -0.106191181348398 0.14527042719906 -0.073150380578944
0.0649339664565728 -0.103806569356079 0.0995449816304041 -0.0727367096287487
0.129796976482854 -0.0172507073527873 0.0874389332372156 -0.065566367516745
0.0755933953425772 0.118732492959155 0.0738925129727381 -0.0951618577717979
-0.0563966722307833 0.0453806281196004 0.0681277928147505 -0.203999179725635
0.0152308677941569 -0.0873743199810129 0.1530725973031 -0.34642833682848
0.182794072522289 -0.0772553948650323 0.198934343476418 -0.296924572711142
-0.171589720382061 0.205791451554019 -0.207517730524059 0.188283322978861
-0.0393198478062619 0.216940656583304 -0.211609665140621 0.393850838161335
0.072131422330358 0.0805749121150523 -0.0201598701295557 0.230741858030303
-0.00352534844733318 -0.0279443441203604 -0.0287399928068817 0.0475277034189274
-0.0544193795368618 0.0429743486979476 -0.126282007145934 0.034057960359425
0.0116328658228387 0.0842078745654398 -0.13240860249218 0.099875014692754
0.0633947451694352 0.0734308900061185 -0.136418324592573 0.109899554749621
0.0581436647187873 0.0654173171649244 -0.156882604709213 0.0953637318031035
0.0648582086417412 0.0501722885974853 -0.215365225651686 0.0821261277556081
0.045205575880503 0.0627906798015989 -0.240459535890115 0.0495564752442902
-0.009533380339284 0.0272383717707253 -0.242993686921166 -0.00370982899095797
0.0207904372751613 -0.0597620381158252 -0.19978603436205 -0.0516052716507358
0.142162178048032 -0.0020596664268907 -0.144111916440009 -0.0572394686549783
0.0867428137537146 0.186314422298863 -0.0038939013011949 -0.0631698054652241
-0.0954001910518016 0.241925935941718 0.0512341619817005 0.222594327930769
-0.148486881931865 0.274816053851771 -0.165111133652207 0.12011606611186
-0.0515339444105112 0.299381561975196 -0.214489443831611 0.400219588411619
0.099855088723137 0.194999793333249 0.0340108851153003 0.268477573312463
0.0928877799967108 0.0554536268841168 0.0103983030824949 0.0290821514944094
0.0463896906776096 0.0544089894852045 -0.132032617189588 0.034829393611764
0.0844811997011229 0.0620399300454265 -0.13104850024018 0.131469067644089
0.116816061549875 0.0316880002553647 -0.107364191602772 0.138907443805285
0.10951880904885 0.0213226680868735 -0.11108435930599 0.104766956208509
0.123105593544309 0.0034779792612249 -0.169689498430273 0.0861713197123715
0.135711292818483 0.035411962311397 -0.219263137254703 0.0516829223249061
0.0960808996951695 0.0478895196893475 -0.249570216871949 -0.012902857918708
0.107559916066719 0.025181101798193 -0.202357078543773 -0.0919136220255195
0.169998955421391 0.0899068661300115 -0.11712584024261 -0.10597300820184
0.0963774058866713 0.258308257076287 0.0139868538020066 -0.0936805030909338
-0.0607309351312491 0.3330261057516 0.0802249868277867 0.145858132494915
-0.0815600933288246 0.315694678411721 -0.115894239116713 0.0348974265205702
-0.0142685440596645 0.334497619322317 -0.203941556089237 0.382367354874527
0.141449424433015 0.26595158636033 0.0986785608219975 0.306322451037434
0.191024634812675 0.122718218807031 0.0719052951603618 0.0241410862892621
0.160330300293851 0.0534647021919979 -0.0992860958468808 0.0357057680453451
0.158868673810968 0.0203237601942551 -0.0975303772111726 0.147879768272141
0.155958830879804 -0.0225494463080523 -0.0562536167721818 0.148850633001707
0.142885467177285 -0.0251806649648174 -0.0463028739258991 0.0961811317045523
0.158959826376931 -0.0386250678152015 -0.100972862946454 0.0718033856077183
0.199676856952603 0.00886426538383518 -0.169639395783045 0.0384883433136039
0.183563896363788 0.0616558822531381 -0.226940068177208 -0.0244977606839531
0.187002875847237 0.105654515718618 -0.190590763623173 -0.128052047270818
0.18386835117689 0.180212320196316 -0.0934458955386073 -0.167028784466691
0.0816474277630025 0.308326404871565 0.0364801739595273 -0.152540963621397
-0.0304203874626027 0.373037340258934 0.113125704173311 0.0415648446098415
0.0141857246362281 0.310465921494359 -0.0801305993529602 -0.0605833078085179
0.0531519813804508 0.30666705773576 -0.182154796700724 0.336554687855103
0.177701538790389 0.272813329059779 0.160708591809129 0.308567579112092
0.258585184407753 0.153045817979734 0.135327797397707 0.0170618102157516
0.251621235780537 0.0385347706998875 -0.037106994305714 0.0341460753462291
0.214404404672711 -0.0296678959651332 -0.0342126766232294 0.141014667089872
0.171704768975243 -0.0775402781976289 0.0143115510621794 0.133652150034072
0.153671993190281 -0.0665847269939989 0.0268128891699187 0.0712542958734116
0.167451817750736 -0.0702262386763374 -0.0241131789322313 0.046366179485135
0.225482236418449 -0.0148645712580418 -0.103780047517679 0.0179646204397355
0.232693447215224 0.0655928325274008 -0.173488759093125 -0.0400000915036611
0.232556060644861 0.163982099053634 -0.152348393195003 -0.156238586070478
0.169952972293573 0.243129823339983 -0.0582912303672632 -0.220503431777382
0.0493657479967441 0.316819568552089 0.0636031661949856 -0.22052714391994
-0.00194101285269499 0.353736543176227 0.14690093778837 -0.0715265178718469
0.0989270231214578 0.249431642101835 -0.0656716727098071 -0.151817228033276
0.0904286319682081 0.219671014626135 -0.147070376501426 0.269656314905779
0.165808980863623 0.230078675901725 0.207882124951952 0.261217015255048
0.2668438820462 0.160677057809071 0.175461797120903 0.00049516777893477
0.293327470678707 0.0213266182893702 0.0364650986266126 0.0303657899802524
0.230909042767448 -0.0716391341777228 0.0487305698738651 0.111907770526399
0.161603189140298 -0.117913636236245 0.0909878870581218 0.0963280192837582
0.141235303863469 -0.0971944248443456 0.0944257291445986 0.0343966096242028
0.148940478798617 -0.0902961672773108 0.0460743408646699 0.0176352997898287
0.212348341359757 -0.0359843683115842 -0.034093309928316 -0.00329815778418992
0.236449489952233 0.0588827657464308 -0.103998892926394 -0.0527065923048354
0.228534847159489 0.193881087416317 -0.0898628776915553 -0.168376837033172
0.119878047342402 0.259723207808373 -0.00839982100336291 -0.25027644506725
0.0065675104856612 0.269899366619631 0.096881615437729 -0.273841111088716
0.0281578769318114 0.280684796542532 0.178630344876569 -0.170691633605754
0.14358505217324 0.137212413768261 -0.0643331633095194 -0.220079303298238
0.0655385859512518 0.101842832799374 -0.103887521424528 0.191460402947308
0.0960186499642441 0.175686806751179 0.220144371733371 0.178938175818168
0.222769783156404 0.1637044071328 0.181231035436423 -0.0122481479713734
0.278545620806238 0.0104870827193463 0.106793088489739 0.0312868899162006
0.204162719523619 -0.0939445496673063 0.133512008269043 0.0701215187531848
0.12574261290169 -0.135221052869233 0.161045582566259 0.0444234772653901
0.109540211950213 -0.114674809219468 0.148133777403271 -0.00599252150291691
0.109520365701313 -0.102987667989905 0.0996997214441697 -0.00941339713235665
0.17154176247826 -0.0587483889835847 0.0237082554046756 -0.0218295183793706
0.209697870111365 0.0389235493625519 -0.0312594215946388 -0.06039991569425
0.18698766952258 0.192074906006656 -0.0168323328649619 -0.157960886537411
0.0487464481070082 0.224520637224704 0.0455784838601383 -0.246218724596375
-0.0254709836431487 0.171395195821904 0.130643560706988 -0.30092980440503
0.0678999029362113 0.169585336812016 0.204379141785277 -0.241081002290175
0.143209765159378 -0.00105503397127342 -0.062122737100261 -0.252324252379407
-0.00553823287143037 -0.0112165152198202 -0.0575838454181026 0.112940297165683
0.00296653356915083 0.126538266620459 0.199497179414104 0.0992762349935025
0.151735011154758 0.15609175071931 0.167556493407837 -0.00353150762965993
0.218002199548911 -4.59811037502693E-05 0.168027244910338 0.0354992302469619
0.138481240288158 -0.0951895852007423 0.202657624476459 0.023091058207094
0.0683558522819146 -0.126322101544949 0.210509805662731 -0.00952290904548151
0.0615221524065902 -0.114975858704847 0.181205455981895 -0.0448808984736076
0.0575773250501277 -0.107882385828896 0.13235724654493 -0.0367466608483376
0.11891525524475 -0.0831611624377336 0.0676680006397895 -0.0412784750054099
0.170945116922719 0.0111458847634675 0.0334786757234281 -0.0619406497695367
0.132220455956001 0.164617809340994 0.0431125439607171 -0.127948538112987
-0.0160282096015642 0.147171110745277 0.0769896725390251 -0.218763762814536
-0.0238269135336776 0.0438918911322393 0.152675642947454 -0.31205109983996
0.120605163693802 0.046219242572206 0.215853213693235 -0.276821634854571
0.111652649259277 -0.137722389423015 -0.0545363498426548 -0.246882065663476
-0.0776882732415091 -0.103550297542484 -0.0234036264801897 0.05452542369633
-0.0749956218229832 0.0704755796210712 0.162483462779579 0.0594081786317619
0.0717553577940947 0.119262190830624 0.160159362022765 0.0282377304934516
0.123716269124267 -0.0149164100017815 0.218490377192294 0.0367176129101484
0.0478654492669866 -0.0802851255650689 0.245233799222378 -0.0213146562945736
-0.000575172702375337 -0.0963480513163846 0.229185669853016 -0.055974385618562
0.00403991043827054 -0.0989494426613404 0.186811552703016 -0.0771395602299253
-9.30490414541812E-05 -0.101442217953106 0.142748759455637 -0.0683632821041303
0.0627177181806045 -0.0993229651779584 0.0984412317488289 -0.0673555850736484
0.126024506015622 -0.0155247621857684 0.0864874083420978 -0.0612459570179679
0.0719166737977266 0.116071607700552 0.0751495357319414 -0.08999860477319
-0.0562674131795811 0.0428458241954132 0.070316740698921 -0.195107488101824
0.0153496275237677 -0.0842444375646015 0.157326784711315 -0.328639827533193
0.176438166904432 -0.0700649819428474 0.202784240681292 -0.282906199795391
-0.180019403193866 0.198592530807188 -0.220503582827571 0.180222623870846
-0.0467250917134963 0.217725087089019 -0.228373702605075 0.386774116437789
0.0685639264788541 0.0825715457809437 -0.0267790019081707 0.229833691381879
-0.00441476267548904 -0.0275697693294035 -0.0314263331881839 0.0449391061551621
-0.0562253928235421 0.042639807135289 -0.129244173474859 0.0299608169543246
0.00856567726455249 0.0852429873227298 -0.135485813039176 0.0956726695176272
0.0616594832916386 0.074668924654328 -0.139359223692055 0.105520704364414
0.0587390748827291 0.0680704189874444 -0.16077958939229 0.0905935859280124
0.0643585430345252 0.0530681522639518 -0.219576046120719 0.0747924499919465
0.0451189556459451 0.0637793745459975 -0.244712358325216 0.0393355420390291
-0.00985340767185681 0.0286930287003309 -0.243884043768132 -0.0137423441425977
0.0217691968494438 -0.0578353823249279 -0.197609040746826 -0.0604283367182805
0.141722823272923 0.00368801314346706 -0.141066978898426 -0.0628075626681317
0.0807950902122032 0.190872922838296 -0.00251903894147588 -0.0659032045396834
-0.104747897371228 0.238943728872003 0.0425949960273483 0.224748205177065
-0.159942500599275 0.269170443965247 -0.17594242477154 0.115670155341017
-0.0628592160068985 0.300758476030438 -0.231554462831616 0.391971440405891
0.0929560577546601 0.198704855122191 0.0260172385074487 0.270300666822875
0.0904024755533237 0.0594300425686279 0.0069847891615764 0.0272982356476498
0.044463357889743 0.0570056889541276 -0.13586357618355 0.0309135287807064
0.0829506472814175 0.0650498753372714 -0.134492769529905 0.128029366997267
0.116886193364584 0.0355237134132832 -0.111442736812647 0.135317565906203
0.111406060949057 0.0255681644065132 -0.115035299648394 0.101049876106002
0.124323681882827 0.00863648955502097 -0.17375131887376 0.0801040186068316
0.13651902974846 0.0405187163743538 -0.223000739600077 0.042869853349544
0.0962800142505035 0.0526645835638192 -0.250759768502852 -0.0218106110418689
0.106785888749224 0.0318792039800586 -0.198970816779425 -0.100327952350561
0.167125633766296 0.0968436046175147 -0.113293516050956 -0.111417223529089
0.0864134171517298 0.26355960052188 0.0163730491615621 -0.0955428256188688
-0.0736893515358685 0.330893778197965 0.0744737652902772 0.148506697228848
-0.0939487070078586 0.3140060720366 -0.12276466698703 0.0321097916159039
-0.0262528519300872 0.336042803500102 -0.221924784905284 0.376062290343536
0.132541881213306 0.271576419280365 0.0882087624180615 0.310545520851813
0.186517727760454 0.130650847442232 0.0684571000775581 0.0240295760134962
0.159149505049665 0.0591590979802998 -0.103129282262062 0.0332908936486943
0.159471573905414 0.0259405251415745 -0.101550092852525 0.145564961740267
0.157980667786889 -0.0165651892617528 -0.0604018076034306 0.146954112850316
0.146446262904776 -0.0191622180799965 -0.0490712866439111 0.0936115163415938
0.161640817224933 -0.0313200889028483 -0.104219406338257 0.0668795777388216
0.20128980146567 0.0162485932962702 -0.172018445901838 0.0314458211833882
0.18357396716343 0.0692361893215027 -0.226206288375049 -0.03277225132971
0.18387020033439 0.114749352916286 -0.185180071492374 -0.136022218002216
0.17736196894419 0.188019945378633 -0.0875448018790021 -0.171111999776984
0.0690888812681069 0.312308231440054 0.0404465520482084 -0.153344937972449
-0.0452809669223661 0.371291482868092 0.111583291652935 0.045030402439293
0.000395891560691045 0.312672506293241 -0.082211053050619 -0.0623106519409087
0.0407295385119325 0.311061418817124 -0.196658472017909 0.332968726206161
0.168327397727771 0.279869167361261 0.150923585655093 0.315944924048169
0.253814205035593 0.163535170397059 0.131869636877125 0.019725412100778
0.251995384979132 0.0467649209865854 -0.0403373617781466 0.0344106992822069
0.217099659680281 -0.0227602320380126 -0.0358631254977962 0.141591262775089
0.175811334045596 -0.0698200328652508 0.0106158664235736 0.134900976091551
0.157255410521099 -0.0604483631985534 0.0244253559470341 0.0712949435006587
0.170354925870874 -0.0624732562342872 -0.0258551727996417 0.0425722685382774
0.227452706235584 -0.00643310747841335 -0.104443700505157 0.0136544086474287
0.232581631927414 0.0740315587197843 -0.173129357365956 -0.0448731602529239
0.228112662713834 0.17490681104678 -0.145389741587545 -0.161734792114726
0.161825362295786 0.25114812606556 -0.0521612071697426 -0.223953368077156
0.0357645678756255 0.320925466901011 0.0712666009082001 -0.219894632440787
-0.0164868643429602 0.353056247141722 0.15032696290293 -0.0666258863875802
0.0871228073368815 0.255399017347645 -0.0632523934317177 -0.153046780054179
0.0823387486192019 0.225521731818928 -0.160378561158741 0.266590357258706
0.158063233775375 0.236867429908513 0.199439231906846 0.269583918941332
0.263516733281774 0.171761921534665 0.172074263286742 0.00483150952981634
0.293937940099582 0.0296727099525628 0.0344895673108588 0.0342882479268678
0.235298906158208 -0.0642161289847569 0.0487941743812307 0.116058464349024
0.166873749274042 -0.110151603786232 0.0892733350825978 0.0997972126168768
0.145901578165499 -0.0920581474057838 0.0935462809102577 0.0363449224468973
0.152154862880255 -0.0836406199109577 0.0457717515064364 0.0160295007742532
0.213649042875307 -0.0282494023151279 -0.0341192207462541 -0.00502172590197781
0.235871880617775 0.0665478714662067 -0.102036115345162 -0.0550598929128467
0.223385716502297 0.203501010971596 -0.0812375795198492 -0.171364121137066
0.110385642317924 0.265720779443731 -0.000238435765813673 -0.251830446883139
-0.00562044713303663 0.270796530833185 0.107094126421315 -0.271406248027486
0.015951537175484 0.280000307293978 0.186424041460925 -0.165149641420313
0.136010855872643 0.145450373637785 -0.0571875789427289 -0.221882830563677
0.0618744209250246 0.106802390477461 -0.113673311968571 0.190183951208842
0.0909414251481994 0.180363408918499 0.214972221749524 0.186874516561705
0.218676547278254 0.17388223199751 0.179583132836542 -0.00639665646543803
0.279795844774447 0.0176795937961363 0.106326847462655 0.037530043641637
0.208576267892746 -0.0877392940981061 0.135302794382794 0.0761317558412796
0.13000087220533 -0.129258751600259 0.161340031224464 0.0505742573044672
0.113108055343373 -0.11016409875337 0.148982019001361 -0.00243197734395164
0.112872781295908 -0.0970176920624785 0.101135417308675 -0.00886812120516809
0.172763905171526 -0.0532067110148664 0.0253870204288126 -0.0207384726435722
0.209101713629855 0.0453862806274211 -0.0293024843827857 -0.0598709140331322
0.181688043585521 0.200713135606015 -0.00953950216908093 -0.158785866681152
0.0399823448905018 0.228016851073709 0.0533310303998868 -0.245659201729441
-0.0340684991414705 0.171446112074556 0.143098414813316 -0.296259031980576
0.0594835346573339 0.171092212839967 0.216492649059572 -0.23422406000604
0.1416017262577 0.00697764537816357 -0.0530138383720048 -0.255352035292584
-0.0053327967112027 -0.00990904588199414 -0.0644255494594168 0.112979697522533
-0.000749155732229153 0.127294423741485 0.196338175842981 0.106893190768144
0.148238239513112 0.162816056111843 0.166438005453133 0.0028261033253439
0.21888483000492 0.00574995698208165 0.168403666105212 0.0435634970633438
0.142399103151655 -0.0911042685821195 0.206560506492153 0.0318388577439059
0.0723807568830013 -0.122863570637635 0.212782596490679 -0.00204566099595451
0.0644201476234952 -0.113400984399585 0.18311774976139 -0.0401988175225171
0.0605767460986922 -0.104128684874282 0.13430010590192 -0.0346902129159994
0.12010110024312 -0.0785153728713889 0.0702564594008692 -0.0384532860922276
0.171469757879296 0.0155392364543983 0.0360708248615399 -0.0598346437319264
0.128162427920786 0.169721372792845 0.04941451700181 -0.126113539726989
-0.022063315653721 0.147772379858216 0.084707139977453 -0.216673500703041
-0.0273954669564074 0.0430506875329721 0.165317800135104 -0.306254795279524
0.11773947060178 0.0498935984379063 0.230966558544571 -0.270092148278423
0.116827788757514 -0.13183572540576 -0.0441448737862458 -0.250600474140875
-0.07387166459516 -0.105647856243559 -0.0272108468499634 0.0547975844090754
-0.0767885952166184 0.0679207678058918 0.160370377098065 0.0647671315815441
0.0697590220280869 0.122030746266856 0.158632700474984 0.0345781666436299
0.124031518371167 -0.0124759033261152 0.219781271613271 0.0459701619400109
0.0503416880950908 -0.078494248956819 0.249581979452421 -0.0114343718190523
0.00165962234347732 -0.0948994483523876 0.233678697095162 -0.0466601779696329
0.00514891133252203 -0.0994577643890532 0.190886000939712 -0.0716777600183399
0.00209255248671977 -0.100158534259158 0.146876260321115 -0.0644827782276679
0.064739890449471 -0.0975807624169813 0.101922203068808 -0.0628674872103027
0.126784180378096 -0.0127763143234117 0.0903046267088337 -0.0572200600097429
0.0696110323955106 0.118229150574681 0.0798354341211505 -0.0872832426022154
-0.0583657739704791 0.0414216524286024 0.0766524442064162 -0.192435784476198
0.0176686113141153 -0.0840062456019784 0.170744335373469 -0.323710618870069
0.178376994107244 -0.0634601855054722 0.21841673952438 -0.27644449858363
-0.192677962545386 0.201865762965726 -0.240128853992791 0.184475987223483
-0.0538699437050219 0.226805039841514 -0.248553644144867 0.398697178999328
0.0693947020575153 0.08701449427032 -0.0312791882179013 0.238331500176283
-0.0053226569995672 -0.0279762841431271 -0.0353517657608472 0.0440399998758635
-0.0596014209455894 0.0455574223759915 -0.13705210297489 0.0283904367599709
0.00718648709797197 0.0890967873557388 -0.143313759259674 0.096572269459933
0.0632246259102662 0.0790588142580372 -0.1459821266959 0.106555883746499
0.0621034661694316 0.072635707600317 -0.169147682997703 0.0915523677524615
0.0675571361550462 0.057380354302555 -0.232021807143816 0.0743953399253765
0.047963548193417 0.0679524698554387 -0.257277910347444 0.0349183334733621
-0.00990903297023765 0.0314505533642315 -0.254915647260925 -0.0218218794798256
0.022663877515969 -0.0578987035955596 -0.204390657718252 -0.0678890625350354
0.147299946898614 0.00660328357398811 -0.144453566622056 -0.0693696980962336
0.0805327486811793 0.202663644518715 -0.00213363976238526 -0.0721034644890649
-0.114740313036217 0.247895722493951 0.0399512633530341 0.23536926001353
-0.174781270651245 0.276314611990163 -0.192444940263784 0.117602392959648
-0.0735443054962054 0.312598371075213 -0.253605799311292 0.405931929341247
0.0920758050115021 0.208845814240495 0.0224924790599291 0.281584907728689
0.0914662259383052 0.0642244546677764 0.0042441623774684 0.0261658889450845
0.0454149774796974 0.0612943876793348 -0.144535359996836 0.0298107919338104
0.0854743666709405 0.0697976789725172 -0.142264894928897 0.130514741237788
0.122094341988688 0.0393191637037494 -0.117951784312761 0.138422309199151
0.117995090641966 0.0298377417123519 -0.122102641950228 0.102970034012713
0.130758420904456 0.0124571592135958 -0.183682077448341 0.0788494269148652
0.144240345818699 0.0450820002882088 -0.234558960534662 0.0381516156367039
0.100547175829395 0.0582380912105896 -0.261885338950533 -0.0287393258877857
0.109760092924606 0.0373123783831541 -0.204507069820458 -0.109648613133778
0.17169154169364 0.104960151483951 -0.115387039928947 -0.118823119956409
0.0844407269121377 0.278126858167501 0.0183706012247864 -0.101744065211272
-0.0854272941817681 0.343829222650523 0.0746020172061856 0.156297353087733
-0.106784103356553 0.324315188070606 -0.133483109876464 0.0327273110968695
-0.0367465907945976 0.351576392699036 -0.2429502460855 0.389316338827352
0.131838597298206 0.285637128203642 0.086969133654338 0.325272955728847
0.19132910536328 0.141064085387882 0.0683768038155652 0.0243960665575616
0.165493060547434 0.0650646148753394 -0.110522810333176 0.0337271347800812
0.166291740707938 0.0301861317572732 -0.106673228644759 0.150509354071961
0.166286291090017 -0.0126820514758472 -0.0644886020666196 0.151937857541345
0.154800576948558 -0.01624165102056 -0.0536175108039019 0.0963962193209839
0.170239734789642 -0.0279495360979 -0.110663664786553 0.0652184743213214
0.211584422125165 0.0208067035930878 -0.181048510267276 0.0284273946200835
0.191910694819964 0.0772623279309942 -0.236246367430185 -0.0386717881310402
0.189635399028619 0.126405013218721 -0.188668730443164 -0.146126754103932
0.180589453119549 0.200685803962451 -0.0881970314858139 -0.181363784846056
0.064251526187418 0.328774770698729 0.0446491768573599 -0.160773135637937
-0.0569744148508311 0.386298232717867 0.115750077044166 0.0489607883656386
-0.00842520324626018 0.326555410297976 -0.0878160838013351 -0.0639894060197441
0.0353025808103261 0.327012844103478 -0.215849338463937 0.344090270867267
0.169962111824788 0.295272657343316 0.152510871366224 0.33255052601189
0.261485220129753 0.177495332994829 0.133437451300393 0.0210776605494275
0.2628213824898 0.0530854229056684 -0.0446609052592815 0.0371731564449673
0.227611637029382 -0.0196604013620295 -0.0374317259916445 0.1479866328007
0.185773028583168 -0.0673415403187601 0.00983231339950338 0.140342729435916
0.166874792440735 -0.058588707689527 0.0237908161001461 0.0733650311444039
0.180100019290817 -0.05917448292019 -0.0286192912717811 0.041632472216842
0.238337113227128 -0.00177186303570901 -0.109457226910845 0.0110716530145371
0.242345727376501 0.0821866142250122 -0.179171547792006 -0.0495352742849432
0.234915589573632 0.189273354235084 -0.146528876449852 -0.172805383989701
0.162342068229244 0.266582490824381 -0.0500092402491721 -0.235110772927766
0.0278771832800624 0.335799970082868 0.078433694303215 -0.228803034619347
-0.0268903081129838 0.365342774553234 0.158682490259614 -0.066915069388772
0.083270609018847 0.270465491004386 -0.0647956717929975 -0.15862321590822
0.0800712967246311 0.238672884395735 -0.176319702168856 0.277311555742925
0.160791897064575 0.250600039260049 0.202028863747136 0.285814190855734
0.271702444529222 0.186293985225024 0.176299413499938 0.00740990843478827
0.30724848874047 0.0355570936510267 0.034568574421705 0.0386924331735059
0.247836431376683 -0.0628262525770312 0.052739244005905 0.123350136214679
0.176243592550612 -0.109590082905002 0.0929813913290548 0.105766689851299
0.154235191625434 -0.0921061419532894 0.0968023480100067 0.0387399224434457
0.160604097561295 -0.0804351889370505 0.0472570014595818 0.0148669050529754
0.223671251387128 -0.0244512523499272 -0.0355693326398855 -0.00589917150300734
0.245596987283083 0.0744053898864174 -0.104316259767071 -0.0588074885654872
0.228931057803683 0.218725523403 -0.0796916721845799 -0.180765676351599
0.109668756620444 0.280831429513301 0.00349734476235172 -0.262888900092621
-0.0146959405261775 0.283018768199796 0.118073068924143 -0.28044964067766
0.00736620104250446 0.290903054511055 0.200427982496915 -0.168347516067987
0.13658840912304 0.157887828003198 -0.0559829624854221 -0.231843706675696
0.0612477330926763 0.113908356896443 -0.124822035763841 0.199343275471439
0.0914253589383978 0.190364105527671 0.219936802824465 0.200215559609836
0.226430991480079 0.18693247602777 0.184131342780643 -0.0031773764922193
0.292773530075857 0.0227918300380041 0.109992946561147 0.0440159204666319
0.220214960046005 -0.0874822080403257 0.144157143419146 0.0844107592347236
0.138562883869751 -0.129252797498496 0.16903066501878 0.0559943536111276
0.119406092248845 -0.111797851297836 0.155350709669838 -0.000561559788475888
0.119440695512419 -0.0960198610913265 0.105565216342891 -0.00995430130272301
0.180150173052307 -0.0509553912148891 0.0275181293226795 -0.0209333733609551
0.217346458409335 0.0514088822489833 -0.0282217333955759 -0.0618205208981569
0.18613807519169 0.213387015399187 -0.00461301921887258 -0.165709048279742
0.0361424666357584 0.239108992478193 0.0596259592368732 -0.255276283709949
-0.0418390187436097 0.17772475898953 0.156204674562794 -0.305109896338376
0.0556779143980865 0.178604680833051 0.233630578431063 -0.239940796987309
0.14640265088152 0.0138551118297898 -0.0488762985576839 -0.267308469824399
-0.00555678704508114 -0.00938550653468141 -0.0714405978650293 0.118922236410216
-0.00310584048528799 0.133209728946846 0.202223696914059 0.115192832905504
0.153874954822014 0.174157349651895 0.171763791926236 0.0068699138051153
0.228707971589896 0.00847624430601555 0.176313738938301 0.0519752791397417
0.150281230739615 -0.0918756299053037 0.218896199102062 0.0391273361269208
0.0774021010253241 -0.124042823855165 0.224748611439731 0.00295256299593514
0.0676016491218425 -0.116380533470123 0.192764026938735 -0.0389106123247607
0.0641578808919636 -0.104947360872366 0.142035303159848 -0.0360648479590429
0.125395267926759 -0.079662341061413 0.0751013245156231 -0.0381669637503929
0.178776526831935 0.0190309244230043 0.0399595659002181 -0.0607595540446099
0.131247779002125 0.180139502875546 0.0562823499729378 -0.130886529023676
-0.0268494569765505 0.1549739036204 0.0922723988180941 -0.224013212218788
-0.03122366188107 0.0445811086766659 0.181661984490747 -0.31494722295094
0.119521776455655 0.0546858610018283 0.251252158170165 -0.277475274028452
0.123504254750201 -0.132294017407869 -0.0398479810484686 -0.262989373397973
-0.0755768663041232 -0.111553665985613 -0.0306450929301486 0.058745288363223
-0.0809407305395531 0.0693771717314969 0.16545416191242 0.0713492953962539
0.0725186990566524 0.128893204166386 0.163759893189466 0.0405611816461631
0.129260219981578 -0.0126776241518767 0.230172959097846 0.0546728429956842
0.0531860588613791 -0.0812430231034465 0.264141634265131 -0.00540485972260037
0.00211432844979615 -0.0976466443951496 0.247024998637118 -0.0429639696761836
0.00505162001798483 -0.103612748909359 0.201508352621509 -0.0711126705579299
0.00301352496947454 -0.102851069694799 0.155286560115825 -0.0666358680551273
0.0672311420198752 -0.100605669164181 0.109327840484295 -0.0628031621536424
0.132557207192089 -0.0118914170756608 0.0964501321302049 -0.0571314660089095
0.0715245538472977 0.124820471675456 0.0872427145507036 -0.088990844806532
-0.0626681108708902 0.0420812672189335 0.0840099138154461 -0.198055797834795
0.019060674266293 -0.0866683833695289 0.18686869074714 -0.331888522504428
0.185718244803576 -0.0612656306990967 0.240500553083075 -0.284103443740788
-0.201927552483028 0.217734092551866 -0.259205071837094 0.201395832494151
-0.0523781498947248 0.243625996750851 -0.258422167020888 0.428764689009537
0.0743844840974268 0.0905811344191101 -0.025697810984086 0.25208955406133
-0.00787516855656242 -0.030202877535861 -0.0374973255311975 0.0446097840199898
-0.0623649484883299 0.0507815056981544 -0.146874949207493 0.0328622558264123
0.00977688996205499 0.0957900603303671 -0.150539991447252 0.105845534542491
0.0693224991603536 0.0826151972386724 -0.152231292574608 0.116598428645915
0.0694314264731772 0.0762391978173302 -0.177378281532148 0.10121563587036
0.0746184752954137 0.0603115984658586 -0.246485138707115 0.0846530678966204
0.0548283563302873 0.0714110162186752 -0.275764549416358 0.0410632515702951
-0.00902001480390898 0.0356157785402928 -0.272892780742019 -0.0197791245250136
0.0211658144029351 -0.0603771983307541 -0.219044377411448 -0.0696930980526162
0.156464124361919 0.00457252327089742 -0.15304762207544 -0.0708845205769285
0.0908656148399494 0.215568962693002 -0.00487634520398368 -0.0797854139405766
-0.117412995526115 0.266533861065004 0.0465989430300287 0.250008278417684
-0.181561382215915 0.296626310228429 -0.20864078637962 0.131382218455344
-0.0719035260485958 0.335189321490716 -0.264244826966987 0.436010932838869
0.102019464983432 0.219909191747651 0.0314199991552011 0.297135069730004
0.0974705962873868 0.0677333525144124 0.00327203360392923 0.0247964611083639
0.0502099980502104 0.0649080518757225 -0.155433020133501 0.0351804721597369
0.0929869915962128 0.0726569936835974 -0.147324376800691 0.142301463650393
0.131358747919658 0.0398018596672174 -0.121639965220118 0.149557754134815
0.128164907253972 0.029322615629793 -0.127048549483012 0.111839352346464
0.140994658389348 0.0117924472145441 -0.194868514346153 0.0866929835917133
0.156446006727438 0.0446962798714275 -0.250679802019337 0.0453811484146721
0.109921849022219 0.0610806047006815 -0.279822377115767 -0.0256875651592748
0.117176614413279 0.0401966501542831 -0.219446038782927 -0.11408866228047
0.184731915341773 0.109490788272154 -0.123573394650476 -0.125019190395501
0.0944733451795289 0.295900858791989 0.0161720474273887 -0.1110667702341
-0.0848729606204849 0.367543380344847 0.0823763815845002 0.164840784106374
-0.110237511915959 0.347533067497846 -0.146288703037381 0.0403016062219939
-0.032119224351738 0.375549188186982 -0.252546113263546 0.420386830317343
0.146889700206597 0.300988280787197 0.100179880385172 0.342484605626562
0.206592161671884 0.147389886423913 0.0695104786970307 0.0219600789878101
0.177618498168562 0.065799985384348 -0.120562289952468 0.0396833789980674
0.178286652646934 0.0284285333219535 -0.108416042934782 0.162805085927463
0.177626411145145 -0.0159626522093897 -0.0645174962135248 0.162381943244496
0.165804756602323 -0.0198465859535504 -0.0541605387620309 0.102881533907617
0.181860814125646 -0.0314252073473995 -0.117289905456283 0.0698023348192084
0.227307272868026 0.0181672919940861 -0.192814621063213 0.0335763635858566
0.206742661030622 0.07875983194679 -0.252169374109556 -0.0351350324099032
0.204257127375775 0.132502241051214 -0.20269585702045 -0.152927091221258
0.196849043098744 0.211662419775389 -0.0974328063151134 -0.191758098725547
0.0733828178521411 0.351261591670078 0.043840959363047 -0.174047263768165
-0.0552395439441374 0.410004252658046 0.123894689802319 0.0496745993982898
-0.00470515396271456 0.349373151629575 -0.0979369905102657 -0.0641454407888693
0.0428513348922993 0.349534738913389 -0.224914718987018 0.372643893510805
0.18737022697338 0.311263785538185 0.170160877776377 0.350001078748322
0.282703108614874 0.18556493717731 0.138851943269935 0.0182545651624275
0.281643719295884 0.0509057362595669 -0.0495175971353163 0.0426780813501885
0.242300376055896 -0.0268841017139275 -0.0337911928541904 0.159310560652556
0.19797337837551 -0.0738138004460071 0.0145846712527064 0.14877898918148
0.176707346191846 -0.0653602281984035 0.0265058019755094 0.0765070550149939
0.190665344295737 -0.0644820685240961 -0.030704606060331 0.0416487833975593
0.254236540197113 -0.0064753519306996 -0.1166028684398 0.0141314709113734
0.260980522000152 0.0826783196033442 -0.191801530021317 -0.0482637044048956
0.255046253282687 0.199853228926414 -0.158107138619618 -0.181891386419255
0.178452029966102 0.281444932088034 -0.0591845460841043 -0.248883406171117
0.0338392275595309 0.35811649664698 0.0788296032644528 -0.246081398255028
-0.0256756961616483 0.387903113062105 0.168150911797801 -0.0749756682461063
0.0914389884079712 0.288938178104565 -0.0732362526206173 -0.165573580251933
0.0901137161822206 0.253834744488171 -0.183582397846454 0.302048490031234
0.176853563086816 0.263956136014841 0.222792084564125 0.299978872146299
0.294469551994263 0.195042665613144 0.18453965484974 0.00382674399032646
0.328884579480859 0.0303126403880391 0.0363909141526766 0.0430567489710343
0.263032892098178 -0.0729125126305031 0.0625633927803948 0.131387019052385
0.186660336484617 -0.117406323116338 0.10203076007297 0.11062968120518
0.161831023138412 -0.100357692281055 0.102896453931769 0.0374611445897528
0.170126439626318 -0.0872579646900333 0.0498979830922626 0.0116825221063846
0.236845512425958 -0.0297177729505411 -0.0373927982182639 -0.00585755810227222
0.2637184124126 0.0734310014361434 -0.112170345938019 -0.0588525718663746
0.248265816740553 0.230038133170753 -0.0863158169268271 -0.19151799857684
0.121438574044259 0.297496526136495 -0.0027218579967688 -0.279791922085592
-0.0134018041527591 0.302795047546208 0.12052305800356 -0.30063001210103
0.0110912122762716 0.307971811832575 0.211995050928816 -0.184489808159665
0.147791807081761 0.168608380911803 -0.0644746567031454 -0.244001605219359
0.0674060667866524 0.122019042907176 -0.130178556370705 0.217560206668481
0.102318473044436 0.201236952350153 0.239208638861166 0.208922527553722
0.247440724088754 0.196762879223218 0.193396880942403 -0.00744766043877597
0.31327370985725 0.0165365934958973 0.118489945319468 0.0470364643190493
0.233082205612099 -0.0984703062548859 0.15950501786196 0.0880425049798853
0.145509718400143 -0.138035087924985 0.183145032933801 0.0557843447451567
0.123937661026555 -0.121029486262654 0.164828550754859 -0.00493835449090105
0.125093338258654 -0.102336564857705 0.111618693751938 -0.0163418498905382
0.189674925665666 -0.0568130280582 0.0299767523909039 -0.0218911451915903
0.232968507298195 0.0490249047507439 -0.0302061979609521 -0.0642828775192693
0.203884236309123 0.224018446618497 -0.00629844379519365 -0.176987695209531
0.0428210453673064 0.254979710029154 0.0574405639981683 -0.272181077538818
-0.044593780520241 0.190274368024992 0.162449634355639 -0.326644277113849
0.0601437035046947 0.188422628292747 0.248515236870656 -0.26064341361933
0.155993898067473 0.014536923699351 -0.0569779578879946 -0.283074467598398
-0.00631074430457542 -0.00849372200927133 -0.0742859173205423 0.131572778878984
0.00055785929760792 0.142043375468869 0.21758278666368 0.119749629530081
0.170183087908747 0.183092499902472 0.180950041907778 0.00392318918751712
0.243596286454261 0.00219007601771646 0.191039378681524 0.0544391046551305
0.157971692561126 -0.102111409385638 0.238110154810279 0.0382512541933534
0.0799455813272655 -0.131418458481447 0.241376520570826 -0.00153989617955053
0.0679050337480008 -0.12490320838473 0.204582019775779 -0.0461815154721511
0.0662426465558423 -0.110305560876652 0.150808576754478 -0.043893780070802
0.129734107057363 -0.0865600718476627 0.0809038384229901 -0.0415373579585626
0.19014167801375 0.0150824619518401 0.0425435726433537 -0.0641611670336879
0.144890078193138 0.188713190834806 0.0586248194949737 -0.140489183935009
-0.0265816792013896 0.165728164864313 0.0922321296461327 -0.239605287747179
-0.0351111004790788 0.0481135527052264 0.189125892305306 -0.33725948329046
0.126418914111401 0.0559986399214939 0.266528024089309 -0.301554662779145
0.129988358014816 -0.140889182883576 -0.0455803723967885 -0.28058170098577
-0.0829321299477049 -0.116925805220791 -0.0319761360948588 0.0661384271471505
-0.0845458946246766 0.0751726385871837 0.177157424870913 0.0733319676568651
0.0819567866509233 0.13637395160161 0.174615030827226 0.0410641372985342
0.136355733169636 -0.0180008970341816 0.248558947176749 0.0552021698149214
0.0546035778462238 -0.0878591466807396 0.284085391548003 -0.00959596159713757
-0.00104149606220399 -0.102246270167121 0.265209567771777 -0.050236581010506
-2.54329054104252E-05 -0.110302857270563 0.213867915071501 -0.0809859344845398
0.000411049417203299 -0.107659799211457 0.164282043726181 -0.0760543226788771
0.0669360680213266 -0.108559540520369 0.116169876716268 -0.0685121853001874
0.140550871378342 -0.0175520491101294 0.103313883258739 -0.0625651256572488
0.0809621152595208 0.13105070744175 0.0921783040350421 -0.0959054700453504
-0.0665884985448629 0.0466710001970259 0.0852747981878905 -0.210892160533746
0.0174427983994321 -0.0930346681373996 0.195239817990668 -0.3549593165899
0.195533816717957 -0.0678745990284803 0.255608481741098 -0.308019297125528
-0.246454242398573 0.191267962224847 -0.314368152903855 0.171081355109473
-0.0884438505857549 0.244674802616314 -0.340060068290381 0.412016826830084
0.0622526928473073 0.106306729612717 -0.0596852214193576 0.259577704330203
-0.00455881072205583 -0.0297016296293479 -0.0472034061099918 0.0358808787079672
-0.072737438937089 0.0457694262151356 -0.163420065949917 0.0152407507651334
-0.00673417835200878 0.104048520510086 -0.173596065411694 0.0903197695038594
0.0581573171421492 0.0969543910399146 -0.177668985610791 0.102481276998191
0.0583784029269367 0.0949016115324551 -0.201919031136193 0.0771771995296921
0.0673537876776182 0.0761920248961185 -0.275112102626625 0.0518291256212632
0.0447800062217286 0.0841213032139566 -0.299508898882021 -0.000257849571170456
-0.0183991882975753 0.0360559068247865 -0.28132127273172 -0.0643293268542257
0.02882912656058 -0.0605672550402573 -0.216281454188881 -0.103271749148669
0.160631155588191 0.0346576856921536 -0.150448651772846 -0.0984180768835739
0.0555505642429785 0.242544849926762 0.00270260720307397 -0.0964398908506064
-0.178039200278106 0.2670702569844 0.0168366496103675 0.257225666355686
-0.240917296746018 0.274623208702968 -0.25046033112284 0.112058741951483
-0.124668079485521 0.335504828200948 -0.346074066670162 0.422449876383861
0.0680873657910795 0.242018885394036 -0.00540436516376339 0.323595665999028
0.0872295988790463 0.0847262245939289 0.00139686031610425 0.029749606856188
0.0394254778952368 0.0789283406904529 -0.166661351431585 0.0165023357709705
0.0839300675664556 0.0940927602952823 -0.17370649086203 0.128992851060473
0.129586379515845 0.0644166981641754 -0.148263888739523 0.142049230514829
0.128894944633646 0.0580642017996629 -0.150378246178981 0.0963787666056458
0.145414580591246 0.0386487958336496 -0.221821605344001 0.0625847181181799
0.155172021856974 0.0753492913168899 -0.273768192230653 0.0100972905705243
0.101592115767905 0.0868901654285774 -0.292075837735961 -0.0722830982584609
0.11355801352121 0.0614071888018382 -0.217239057231316 -0.15398563114406
0.169242077179642 0.14990806851057 -0.112935076341554 -0.153027690534955
0.0435707839063876 0.327578228946719 0.0296660813321299 -0.128401520199299
-0.163174563569696 0.37904706089167 0.0693725072613319 0.169020912494367
-0.177705577789027 0.338401138529787 -0.168033314385509 0.0331061662321829
-0.0911454792375499 0.38338020768971 -0.331557777155086 0.409935404486439
0.100278069194922 0.332645072684682 0.0618377066721997 0.387114137019773
0.18593994892881 0.182610998841412 0.0758795360325323 0.0458231848004745
0.17004064756183 0.100196518822476 -0.123988125803312 0.0260297185912617
0.181426578696417 0.0629707913618354 -0.131980575632236 0.155655164632326
0.186629300732183 0.0148920212160468 -0.0873075428734482 0.165206413437807
0.177058819830042 0.014097656865559 -0.0731764034633264 0.0980142569662595
0.195402895216017 0.00162524768056776 -0.137077116624436 0.0565830343939325
0.23410480410912 0.0599739749572909 -0.211801725249487 0.00888386303575242
0.200338629802854 0.124262719211173 -0.264771842919654 -0.0779812302658947
0.190421300026887 0.17303158241853 -0.200838885301847 -0.195536446842646
0.162063725290104 0.258698578088319 -0.0763884924788913 -0.220835757461905
0.0107248818150231 0.379018521313084 0.0688141577920953 -0.189919470287079
-0.140543057894474 0.428345403302605 0.133781191315047 0.0533516191720225
-0.0722275762645656 0.356738209117896 -0.0959008248402145 -0.0652163350504968
-0.0121369004928819 0.367966622699495 -0.293401681693035 0.36558231190894
0.141402380043817 0.349319338938861 0.13420471247043 0.407048901948832
0.258432597799341 0.23255072891112 0.152991251264734 0.0579725428126744
0.27958769494026 0.100512457427382 -0.0444740240858963 0.0393617539122594
0.25758786138749 0.0166668838916983 -0.05080091837238 0.162674236257793
0.217168316634409 -0.0401742011024883 0.000573758060101806 0.162276788435644
0.197618061249225 -0.0306037103577642 0.0161905718634788 0.0833849631339136
0.210047452473144 -0.0299903002506263 -0.0419194990700783 0.0399753796142998
0.266012915037551 0.0394193886499091 -0.128895283072174 0.00109926545746738
0.25621250588149 0.139230090341796 -0.20167805002791 -0.0816978711692249
0.231935219893864 0.249694550898576 -0.153643124492302 -0.220027756792088
0.130141858151914 0.327625817814618 -0.0276528918525162 -0.276317638343797
-0.0321677622661875 0.378484887853208 0.118673725487107 -0.25807551171956
-0.104616656247154 0.409254426627044 0.199924819756921 -0.0675562685671709
0.0363457727830927 0.311630630851336 -0.048860805207591 -0.167204307798702
0.0515733716098328 0.278843295926898 -0.237315150888097 0.296399869072595
0.13970815793168 0.298624603075027 0.195829570831206 0.36190196075926
0.270158249843047 0.24314591868524 0.20354129853085 0.0524594670647029
0.332408806862017 0.0863674377759389 0.0488363964769987 0.0520759008404007
0.287742709575399 -0.0297951757218654 0.0556820185520875 0.14714032983845
0.212559651602947 -0.0870235708802414 0.0998887231844088 0.133816775283225
0.188544317581275 -0.0702191376084677 0.10284298747161 0.0551083681802129
0.191954247805485 -0.0567994751208065 0.0476734671598037 0.019985566696278
0.251757277324911 0.0115458802322645 -0.0419345808989229 -0.00683464552607458
0.261086634150683 0.130203109436053 -0.117418519035492 -0.0798261455327974
0.222170214198334 0.281597681214241 -0.0776262139814472 -0.221731342704067
0.0680310331726494 0.333209606228168 0.0369212619830392 -0.299525308876619
-0.0708652325686384 0.310833452670332 0.174500900031801 -0.304359732007701
-0.050610590300162 0.328665929419624 0.262033349561268 -0.170428332943547
0.1151594389499 0.198424629182188 -0.0220180026069734 -0.251107325020295
0.0495280812362415 0.1393126734851 -0.168611141240364 0.213394395258162
0.0739455233789588 0.220586842088545 0.22201079456512 0.266022505775456
0.221932852094831 0.237220097205235 0.212349371756535 0.0423059497257185
0.319388095073033 0.0673236464804209 0.135319580666663 0.0684238635394809
0.261394729378563 -0.0630300098337976 0.163901749702629 0.115851951796173
0.173888461813966 -0.115290627852469 0.193750145437916 0.0883488788938782
0.151934221507374 -0.10073051111321 0.174157240601231 0.0207651015328136
0.148215826526571 -0.0810115032810576 0.117726208745039 0.000251278647389841
0.206757696496055 -0.0253553588094899 0.0330099559194306 -0.0140446079445429
0.234322076717907 0.0969242511313294 -0.0300318551737973 -0.0715503953141777
0.177868200070828 0.268061564471613 0.00589912084648071 -0.193835186566059
-0.0057080838026007 0.273146486932085 0.0995485050329438 -0.28064820780991
-0.0812371941724455 0.187671489491999 0.22352310619798 -0.31913317314183
0.0262587228068882 0.209342295207104 0.309880770261858 -0.239072590384186
0.150633295018457 0.0418481171345395 -0.00489855532423921 -0.296885808086385
-0.00411754237285344 -0.00724514228257445 -0.0983100777924117 0.128277429920764
-0.020473541995662 0.142129326307931 0.20693950117195 0.166308083355407
0.146482390526257 0.210688528312369 0.193206205890237 0.0502590595202171
0.250720624330278 0.0387613658577791 0.206517394632421 0.0865408376628522
0.183744343606486 -0.0810917598736059 0.251915421495464 0.0755432947736605
0.104688369808062 -0.119974997369108 0.262996853203842 0.0355496636688623
0.0941525321114147 -0.11662596419191 0.221888787068155 -0.016377860528411
0.0878420283810575 -0.0999837316248534 0.16484157076961 -0.0233079831714493
0.149026912170794 -0.0676059770225498 0.0906680524455788 -0.0267026321380605
0.19667101290836 0.0527374874266617 0.0480456450165443 -0.0598845706059385
0.122606381005377 0.221540568613677 0.0717591273908807 -0.144223669629682
-0.0591990519527318 0.166495074089688 0.132273891166038 -0.237995090935235
-0.0434218242065489 0.0398044874917057 0.252977063519158 -0.317391483000964
0.12434894342842 0.0812351990778635 0.330882640871666 -0.272901032650213
0.153231433065645 -0.12226943824573 0.00578879550113365 -0.299451245533727
-0.0636332138188233 -0.131452582873643 -0.0460281384323657 0.0632181932816821
-0.0963129275890977 0.0589468928585066 0.166620058938692 0.108888814437704
0.0657488988181971 0.147736076963409 0.177586712470863 0.0819748376657948
0.144020757636272 -0.000829960696514667 0.260953811574745 0.0952393367863446
0.0732261656146172 -0.0848296251710962 0.303919261563424 0.032502266277007
0.0160933062587704 -0.10444268870352 0.29209105872179 -0.0137964918238965
0.0203390654085879 -0.11588747291692 0.238333640418584 -0.0507323318119962
0.0188854010179647 -0.109981285465446 0.18553118282384 -0.0556673879323924
0.0867331013052651 -0.101875360728308 0.133498000010185 -0.0510171193496792
0.152145458751255 0.00811805137195997 0.113415860227807 -0.0490892285957388
0.0661634739398809 0.150025239176755 0.104968645789864 -0.0902500171493999
-0.0781091995061658 0.0344892858131408 0.121407275464262 -0.205711845136899
0.039502153799454 -0.098241674165849 0.259839416954817 -0.328184360521168
0.223674828850907 -0.0375625783382241 0.314611259832257 -0.27737375359859
-0.231600255896732 0.211620028994352 -0.30697457231656 0.201119588841423
-0.0670163905819866 0.253607668180217 -0.306191586844914 0.441973221791287
0.0709581776200926 0.10033580046688 -0.035636329472391 0.262041507142329
-0.00846793503239505 -0.0291138226428674 -0.0457526572774841 0.0366169921047746
-0.0688356611172295 0.053211144233347 -0.164071951193866 0.0296683625125359
0.00313496111826904 0.105336340837818 -0.166332961588921 0.106621149396133
0.067103636962727 0.0923092152437992 -0.168319243391651 0.118078697283472
0.0695978136767409 0.0897710916043426 -0.195533987662691 0.0946336536797227
0.0759325728064999 0.0706907827916188 -0.272617230739758 0.0760875426529505
0.0542113624718357 0.0807118621521954 -0.302226701850852 0.0256450809512262
-0.0149071842781771 0.0394280944436458 -0.289985659655206 -0.0421010877330363
0.0224282509163405 -0.0613853541143332 -0.226521143488951 -0.0863085857248702
0.164345139625142 0.0204812471508767 -0.157633533044097 -0.0864635581887474
0.0781979404754767 0.240073378715857 -0.00825807618815946 -0.100121295815901
-0.15481995603276 0.282147817398902 0.039189960789596 0.256395041077669
-0.21965864175131 0.294896745801213 -0.246500310544579 0.137442976525578
-0.0963706595361105 0.347517211887324 -0.312669903730731 0.45439255300146
0.0890634656956414 0.235831674528995 0.0241934586762332 0.322096935920787
0.0939206478853852 0.0782132378458181 0.00140157546423653 0.0268146129052807
0.0464868039236237 0.0764040812091046 -0.16867722691526 0.0317193292922361
0.0930539653079096 0.0872665997927184 -0.16159194994 0.144996191433747
0.137234400302915 0.053687257588703 -0.135664975630634 0.155553013356641
0.136479155409153 0.0475779668830433 -0.142347471496206 0.109094978366111
0.150632832533687 0.0267693728825933 -0.217875581719192 0.0820475280246011
0.165044192725685 0.0616058087271871 -0.275571116212275 0.0335901942574174
0.110797004007357 0.0797753756225654 -0.300840966527803 -0.0474358175784626
0.119223312475131 0.0541920886648142 -0.231886404122733 -0.136781722822986
0.182899385965062 0.136006643785249 -0.125206951840997 -0.144434613474658
0.0719027237706017 0.325258600736111 0.0163369600596125 -0.133678161437386
-0.131072184787994 0.393653650811604 0.0843104499055209 0.162847702764847
-0.150904814868097 0.354323573576707 -0.169122220498727 0.05064595655457
-0.0595813406202846 0.39260649466123 -0.299060043830798 0.439723614502324
0.129997466942009 0.323736370714378 0.0968014861194901 0.380012276291462
0.202488471193032 0.16823787036948 0.0761554560092642 0.037053660623865
0.180035144123558 0.0859667984944425 -0.125149662321278 0.0386153057018425
0.187167401442036 0.046217560221751 -0.11754341524679 0.168358826136303
0.189885869460755 -0.000156334856803358 -0.0719444156466495 0.173515353104198
0.180290460717809 -7.68178395936429E-05 -0.0647357557330721 0.104768956773965
0.197304926417163 -0.0140173492093366 -0.134714689025629 0.0677995865401054
0.241531930686381 0.0392351779881797 -0.212681811030852 0.0272060802978761
0.212871806722716 0.107636785213836 -0.273037626798882 -0.0549646337165336
0.206534778653508 0.158969102640546 -0.218313894386444 -0.179799983384184
0.184250879215511 0.245618854436478 -0.0955064319800691 -0.214729332045627
0.0419760730833331 0.381323832157388 0.0519576178201856 -0.198028925805333
-0.104789322213717 0.442643517504463 0.138996429754054 0.041111177301464
-0.0431367920238442 0.364816421238949 -0.104243402883373 -0.0534320083420253
0.0195182054461326 0.369847168862577 -0.263293300188793 0.394311606649072
0.172146879808596 0.337270171664771 0.172167165021396 0.395416013255614
0.280604156785943 0.212652721571949 0.154544487925645 0.0432403252632542
0.289720349363277 0.0759447746307517 -0.0438913554147544 0.0457092894950965
0.260702427576548 -0.00726967733571668 -0.0336860020307508 0.167827153919103
0.215856946986684 -0.0579880330884947 0.0161714132271383 0.162782918081551
0.196024596983382 -0.0465946924881638 0.0228843409009854 0.0820181675275927
0.209322372393939 -0.0464772281825685 -0.0406518617453431 0.0418711249764088
0.271443719158772 0.0165589498386733 -0.129050965919926 0.0121025376442598
0.269555307657373 0.117728174896312 -0.210195446806624 -0.0624051973349309
0.256123178446988 0.233580542720335 -0.172716791371009 -0.20847823990728
0.15813981471152 0.31764045820789 -0.0519572679819415 -0.274091512957644
-0.00189358628642975 0.383579977162768 0.0962133301293707 -0.269295862792292
-0.0703474579305095 0.417887585883565 0.196153801943369 -0.0861648637845604
0.0620266839294365 0.310698023129409 -0.0636118995831636 -0.161577881343094
0.0747259820573828 0.27608506583623 -0.212760925770782 0.320734264737862
0.167204741377218 0.286568098200984 0.22974388193399 0.344977040037892
0.294982931469841 0.222387969789162 0.20543973108355 0.0344506286945937
0.342286865277432 0.0566837789160155 0.0525282871447765 0.0503118537572742
0.286677446977695 -0.0563260984808541 0.0725855680149384 0.142802076465495
0.207770168515815 -0.104266207273316 0.11346833618155 0.125999650799939
0.18258733420707 -0.0858105630029877 0.106958594379553 0.0465603735938903
0.188606787089823 -0.0717539682288666 0.0469853798770397 0.0135073171209935
0.25337384408469 -0.00905449047308811 -0.041979909244548 -0.00270622038318814
0.273887779282695 0.108112040254957 -0.124175669145705 -0.0682032689511822
0.24951209473404 0.265097292714346 -0.0964536736281212 -0.215622852864334
0.0963470411847689 0.328400828054961 0.00987520486886607 -0.30226228027598
-0.0477787897868821 0.31934251228887 0.149455182957798 -0.320063569053447
-0.0247738335440108 0.33253551827621 0.250333047322198 -0.194179866771658
0.131995900315664 0.191205874282096 -0.043703957579847 -0.248947831401056
0.0613835655753295 0.13644080137281 -0.150062909774767 0.231979335601768
0.094258356931539 0.214529501737067 0.248079591237018 0.247926219413427
0.24671603787931 0.220316890512286 0.213876799254568 0.0244485607789069
0.326811860691268 0.0374961863271137 0.141943256192408 0.0595907069261256
0.25684988335147 -0.0882245093357456 0.179167949141298 0.102213517666763
0.165990479550418 -0.128783282865479 0.203991686961277 0.0722052932860628
0.143040844937918 -0.113149677093858 0.176404900284889 0.00480416483094778
0.142565417327781 -0.0925651830034579 0.116059804038942 -0.0121665979853776
0.203829265714822 -0.0428571862157002 0.032969656345682 -0.0168017555451647
0.244192629799253 0.076448410404092 -0.0357867614201048 -0.0675992782742961
0.203347029362707 0.253966982812767 -0.0102079564600718 -0.195421014832072
0.0168388278304965 0.274752746540712 0.0750148044120437 -0.288634062488565
-0.0688433910880968 0.195289229211008 0.198458567686427 -0.336636663549508
0.042353455796685 0.207232832074981 0.293254562171212 -0.267521787540867
0.155221860379926 0.0310833134347596 -0.029675819679634 -0.297022050447739
-0.00536911689954841 -0.00640891429604809 -0.0868125182796992 0.140602657091705
-0.00817066112030547 0.143985740907989 0.22345610461496 0.150293858951159
0.168740444067803 0.199359041222786 0.196724711574436 0.0344068492654533
0.255340724481628 0.0160203844233012 0.21673812250374 0.0701648495983365
0.177316787032585 -0.0982189456520037 0.264159995908648 0.0545533863085391
0.0950916415905704 -0.127960494125484 0.269552930655163 0.0122531485024573
0.0818498504928872 -0.124635493224948 0.221480667561578 -0.036372576466793
0.0797475259032086 -0.106888940916719 0.161621216293026 -0.0399016806301166
0.141746394836339 -0.0796822572423528 0.0902692564879652 -0.034195252393586
0.202394246070595 0.0339642744737007 0.0434893633575606 -0.0632321761087436
0.144831579451336 0.210688472726173 0.0599918991678402 -0.151269028614987
-0.0461386973468475 0.172762856643291 0.111445448379848 -0.247903436148629
-0.0431377844775707 0.0439956489161752 0.229209394336822 -0.33771713718575
0.130260965237013 0.070978853416834 0.313294362409049 -0.303547248476394
0.144245351913272 -0.1347318933506 -0.0183806780824364 -0.301178677071073
-0.0758276823305033 -0.125954900271966 -0.0400053374369069 0.0705481517603265
-0.0912362014819955 0.0675196143639703 0.177623419013729 0.0953771491239829
0.0820436582182835 0.142994288580956 0.18516608556077 0.067986060943468
0.144298555915998 -0.0154440576926744 0.272788106024423 0.0735080982959544
0.0653053246887693 -0.0920149718631953 0.311524447834382 0.00687606100877811
0.00634575819375503 -0.104992026460051 0.294826179309693 -0.0387954477414963
0.00763258409261336 -0.117451089762841 0.234956337366519 -0.0724628372468467
0.00833487512319155 -0.110613214143316 0.181162869704488 -0.0731803703687481
0.0754983152018292 -0.109663826622369 0.130794785842072 -0.0620391958515887
0.153364672247567 -0.00690410140065119 0.110875491221116 -0.0580578722386308
0.0817388454705194 0.144703713517199 0.0981103177404561 -0.0992005857041422
-0.0759841614112835 0.0417283245867944 0.102509394012126 -0.21402699961135
0.029335416079799 -0.101703025449937 0.234665751828033 -0.349536530117494
0.22011532843984 -0.0560026312732716 0.297652809273774 -0.306904848560427
-0.211023492288738 0.217401271894195 -0.286939115850372 0.216651711899974
-0.0489635890828337 0.249553558262254 -0.268282898409746 0.446256427443353
0.073991155811148 0.0916876374094569 -0.0171331431394394 0.251102128986822
-0.0114346063999271 -0.0270003593381788 -0.0441393398413365 0.0353658409013329
-0.0631632287456912 0.0565490608257034 -0.157586567998462 0.0395039871402629
0.0102108637183064 0.101917488070284 -0.152569114150714 0.114277927468946
0.0713858832592299 0.0848358459151306 -0.154775054783406 0.124610547548555
0.0753808045504768 0.0822266936647321 -0.182364239721639 0.103317578735474
0.0796846946225643 0.0631314480056714 -0.258339200350958 0.0924810672185842
0.0594766295774118 0.0733832530598288 -0.292832840469668 0.0445237936088516
-0.0110358137823868 0.0406682584441238 -0.283895653521627 -0.0232053491523386
0.0162080351939173 -0.0583449685739405 -0.223946634630208 -0.0694139191594642
0.159721851437108 0.00924352849582624 -0.155966058912193 -0.0734717115933115
0.0923463387725383 0.227652980681564 -0.0169477050320905 -0.09857514531051
-0.130907823560419 0.281491332658493 0.0542231606956234 0.244440770644486
-0.194899375525586 0.297028067557629 -0.232037106269964 0.151292319353274
-0.0715775918130019 0.342403716729715 -0.274140236917192 0.45900631054264
0.10062308848349 0.220976007520947 0.0448820189103419 0.305538650519191
0.0951836042232527 0.0694680762073418 -0.000147766958713411 0.0235215897400055
0.0496718430506254 0.0709548335107074 -0.162830654302523 0.0422749297223996
0.0959002288171579 0.0787296125597627 -0.145671482656104 0.151065062658415
0.13759401936127 0.0432856743620332 -0.120025600842731 0.159221787757218
0.137142718276109 0.0373047769761813 -0.129846959106601 0.114629179846206
0.14871695243473 0.0159081891534297 -0.206078809597308 0.0937678897215534
0.164567563074286 0.04770736867323 -0.26493093672823 0.050531133200895
0.113359586022644 0.071347799274681 -0.294197926632014 -0.0260371189905549
0.118473403734669 0.046965748377815 -0.2321665279461 -0.117651978533837
0.184538104558967 0.118857305380012 -0.128969384334489 -0.131700225394241
0.0904074154948685 0.31124378527648 0.00507211334620903 -0.131445311363227
-0.10216381786077 0.387420001514928 0.0922636110149712 0.151593411292797
-0.124182656740324 0.350314168854125 -0.162100030816443 0.0633345904939205
-0.0330896471488343 0.383178949505504 -0.261585733818713 0.445250124174643
0.145420310192738 0.302703160848383 0.119492083739891 0.357910644185811
0.206755476324796 0.149569706126021 0.0723303672585471 0.0291699883598857
0.179025474603602 0.070853439966884 -0.120496850000596 0.047148886517985
0.183812123773688 0.0329527360785716 -0.100150076616234 0.170653431560524
0.185505893403881 -0.0119526288870597 -0.056775128679745 0.172156869958809
0.175900466390166 -0.0112633067419998 -0.0557644181713904 0.104895230944361
0.190927603985597 -0.0257388724598913 -0.126986925197515 0.0735222614695028
0.237594664218802 0.0222891155004492 -0.203697634634555 0.0402097707971573
0.214811013967086 0.0912722193554664 -0.268940569566832 -0.0331384643947065
0.210770121518022 0.142688402129092 -0.222265993717957 -0.159917259313059
0.193543789361055 0.225434996497959 -0.105378231968597 -0.200907170900061
0.0629252355601618 0.366118329328082 0.0357350727611282 -0.195148428262306
-0.0734285875998698 0.431824504934616 0.137067022864047 0.0298133401824596
-0.020124385956616 0.354276752179707 -0.104414794687191 -0.0421991109465157
0.0413284021418983 0.356540904421225 -0.22877928603719 0.400279791372499
0.18804162004384 0.31279501645893 0.193766331909343 0.367840843150823
0.286174062928457 0.187585579784994 0.148248171192644 0.0312878796735997
0.285642202792394 0.0537091516577495 -0.0413886555170477 0.0492527371399481
0.2506961315102 -0.0249726671143277 -0.0190716710032962 0.164331951562994
0.20652650551757 -0.0691483918349645 0.0269712340666401 0.156345226826187
0.187365689725062 -0.0569095093944029 0.0275748900249903 0.0778396167284896
0.200637206117847 -0.0574150088706409 -0.0388292279702485 0.0421167975067358
0.264089481755018 -0.00133605163561339 -0.123543038107315 0.0205231343197574
0.26968910773079 0.0964762753160896 -0.206655908864902 -0.0446867839522983
0.263555024905003 0.209298351959007 -0.179940009072556 -0.190194020896814
0.172587213421535 0.295881258323669 -0.068042472122161 -0.260030446454673
0.0199854973476246 0.372559809823874 0.0760072589925408 -0.266370743008029
-0.043744070734059 0.40698261760181 0.184687099744192 -0.0969634823793701
0.0789311843534664 0.296750590921397 -0.072187784428333 -0.149524181272386
0.0883982027846598 0.261861560012061 -0.184287734011319 0.32620205228102
0.179841984614567 0.264268828428626 0.246581599812977 0.317101760960298
0.302362850088338 0.195960238953685 0.197505121065311 0.0202602852681503
0.334818053191711 0.0311502891963476 0.0528185961972682 0.0479477305468469
0.272889133397227 -0.0745178598688522 0.0827977106838554 0.133334652007143
0.19588578252292 -0.113120183957475 0.119300880839816 0.114876166784615
0.170795425405318 -0.0933538385658966 0.10669514841599 0.0374299639183045
0.178468999242677 -0.0798552877611486 0.0437088377660407 0.008635843126066
0.244386875619707 -0.0242841395874198 -0.0400363514057558 -3.71594167640607E-05
0.272491303593664 0.0859307431759748 -0.124363446450912 -0.0547443246747385
0.26008629092735 0.240196828356417 -0.106482407999539 -0.201842399241664
0.113255838716016 0.310537973789131 -0.0107099990886565 -0.290128089295852
-0.0290752868888132 0.312830581485946 0.124589389372008 -0.316923834296203
-0.00454755262853173 0.321140725339008 0.230578926795705 -0.204701243709631
0.139115477639866 0.177479947047301 -0.0575907577180855 -0.236572140469817
0.0668456366045479 0.128290053688426 -0.129152340469317 0.236388233445527
0.10515125764222 0.199402912417875 0.257288217426607 0.222531440730675
0.256147885092968 0.197121166922369 0.206033001858336 0.0106257638210323
0.31873382040951 0.0136459082503226 0.14149369725073 0.0494017164452571
0.241975366234151 -0.103294315599219 0.183510750271866 0.086305565932865
0.153340618101136 -0.134415915534334 0.204098643232448 0.0563591326146663
0.129643766835364 -0.117058854403403 0.170835223812879 -0.00744745132736634
0.132219500637466 -0.0966540397870763 0.109133491289325 -0.0200018277370459
0.1935074378497 -0.0535725912100017 0.0318730434773742 -0.0182198977045837
0.241421716906985 0.0571240902950258 -0.0386257122608727 -0.0606425193419586
0.213975073343409 0.232425938535356 -0.0218806126096577 -0.187535997644222
0.0332009417415625 0.264563292896473 0.0522712021126071 -0.280912410677999
-0.0574477177575962 0.19437794694993 0.172504008528915 -0.335818041429334
0.0520514051592351 0.196314546667914 0.269545025401865 -0.278479459530958
0.152104206004814 0.0207671791157821 -0.0474619972269766 -0.284755115152412
-0.00655005875949397 -0.00517706073650618 -0.0731844813017163 0.144419246091543
0.00232745605509478 0.13859001444283 0.22701862305423 0.129905698903022
0.179343816184967 0.181365120079263 0.191173271410003 0.0217809820855658
0.247506467565543 -0.00346039317545038 0.216257938331078 0.0541005048328899
0.163579355837274 -0.107718241442786 0.262163977227461 0.0349528757129313
0.0839031249333487 -0.128743580547245 0.262976471759285 -0.0056766416733611
0.0692397459417011 -0.124220887981822 0.212538491880401 -0.050018316267666
0.070030058863795 -0.106755421391745 0.151558862746228 -0.0502071057345704
0.129699019434434 -0.0851688144108139 0.0866094685352004 -0.0389262373050283
0.198136346062004 0.0191620374856597 0.0387544849086956 -0.0624613046047685
0.154618064933512 0.194585224622875 0.0489501530441352 -0.149331694211455
-0.0342753151572745 0.170081807893744 0.090922398137299 -0.243791576013211
-0.0418889994733343 0.0459602463476084 0.202916523193975 -0.338204247264155
0.128459299105808 0.0601607793351061 0.286574373025986 -0.315349489016292
0.13120734311191 -0.13840500429277 -0.0367893528278306 -0.290250005317094
-0.0822527971788038 -0.116303259585145 -0.0326713292928636 0.0731714427257149
-0.083929379863466 0.0704712040367391 0.178531003904873 0.0808797263961771
0.0914012273117588 0.13158761670115 0.182975828440232 0.0545299100279746
0.137233776675163 -0.0258220805415394 0.270837271869109 0.054036588113682
0.0556983685166114 -0.0937192036282994 0.304815183515894 -0.0146142304209528
-0.000711104009846007 -0.100619517220221 0.284231266138097 -0.0572213324214592
-0.00308720149929373 -0.112919380427962 0.222710864922743 -0.0862206150178173
0.000840637612675459 -0.106219463614486 0.167711077762646 -0.0844525066237539
0.0635025529639961 -0.109334368169275 0.123485513828165 -0.0689428977272141
0.147607235365122 -0.0181101704565513 0.104717442228017 -0.0632549034542236
0.0900213567625374 0.133514264353045 0.0890443312970459 -0.101049821629972
-0.0719098540755081 0.0462810877666656 0.0848518184451246 -0.209979620894173
0.0201663616725558 -0.0999534360212221 0.208127929556316 -0.349290234479306
0.208183062616703 -0.0675043374249792 0.271238081555898 -0.317475653525366
-0.197459107388672 0.212983946723606 -0.273686726097471 0.217981472182011
-0.0397544656850112 0.240460262318479 -0.246521974227393 0.434279486785935
0.072593077762028 0.0855829573184227 -0.00933003990329889 0.237970954743521
-0.0129362440104506 -0.0256020901682014 -0.0434051689228494 0.033551230242231
-0.0593768337587283 0.0566042204490603 -0.151670621620594 0.0419036698787057
0.0135027953308336 0.0979229266485692 -0.141970424842159 0.114165833548297
0.0716595234271215 0.0788635807583062 -0.143679741890472 0.12417258710785
0.0769413644901983 0.0762764049105287 -0.171877591580926 0.104362086362866
0.0800766509415579 0.05780757256905 -0.245846293036076 0.0972415538473342
0.0607068769381592 0.0680792139079958 -0.280597123663501 0.0517151068084971
-0.00913427212137975 0.0409651823987667 -0.274178932849943 -0.0144662003901229
0.0137362090502383 -0.0551092797249072 -0.216540005396385 -0.0599517620812739
0.152338299840629 0.00396802470595252 -0.149370246260076 -0.0669987865902062
0.0958975140785253 0.216106242524136 -0.0216794622096272 -0.0950837610729392
-0.117819568272471 0.27221761522683 0.0586659239187976 0.232634926299974
-0.180385965666023 0.288571863598829 -0.220359928556078 0.154932149085584
-0.0599238790935828 0.329928690265239 -0.2504862737483 0.446490828644313
0.10146252750326 0.208289045085281 0.0519251216122998 0.288091547160011
0.0929011190418484 0.0638094133481196 -0.00262587035018337 0.0209711353426497
0.049462709197461 0.066882081925688 -0.156743340382772 0.046218658316711
0.0944222142880761 0.0726453956700552 -0.133739305866108 0.148983855045663
0.134098459448539 0.037321165743253 -0.109319961232328 0.156450914934628
0.134812948601578 0.0318740195274624 -0.120759087668771 0.113054097700843
0.144560396346997 0.0114604636544743 -0.195293328558734 0.0964290775965597
0.161222031574597 0.0400488651290078 -0.253348658646554 0.0559081847632432
0.111714456695365 0.0663427542140797 -0.283773170978838 -0.0155024251516593
0.115209633715089 0.0435343634647145 -0.226262904046132 -0.106533164964491
0.179428572700964 0.108383617664329 -0.126145274981907 -0.122860910223476
0.0945971771762839 0.297239391465524 -0.000999452993224668 -0.126472354485224
-0.0881409255197035 0.372520988354545 0.0924251259779012 0.142078575901557
-0.111631061479493 0.339066321732018 -0.155269697816567 0.0676082153660646
-0.0226098437189106 0.367810996130736 -0.238307478039382 0.434050958150701
0.147300250125517 0.28482370994204 0.124893449091554 0.336245316550507
0.202835010171423 0.137594113921088 0.066917200652903 0.0248568467927977
0.173159107815186 0.0628295245312925 -0.116233805865662 0.0503899664528195
0.176860164291257 0.025695953615959 -0.0898428686029269 0.16598702544061
0.179551378284369 -0.0169910139473289 -0.0487659177645114 0.166688418676875
0.170251738149457 -0.0154507936450211 -0.0498634286887625 0.101960234202333
0.183499112216788 -0.0290473931780524 -0.121079416005724 0.0740569069483819
0.229796489019497 0.0139239755791379 -0.194516872387935 0.044984931842627
0.209096232267813 0.0818812762643632 -0.257578673373341 -0.0223369178705827
0.206545324263815 0.132627899728296 -0.217026257111346 -0.146559605865649
0.190372465975087 0.210064929910031 -0.105675194281799 -0.188406276707014
0.0694949290761246 0.351340474058708 0.027620389439622 -0.188223062014791
-0.060809305603455 0.413238631855701 0.131963270824234 0.0244404030369596
-0.0113996591413006 0.340751958103632 -0.101266291660367 -0.0357044230114373
0.0473930210392391 0.341481016743363 -0.208345181995701 0.390786339498715
0.188332793695717 0.29255575593727 0.197638604692723 0.34429494455458
0.280528458788493 0.17225741740312 0.139788200699436 0.0251480912041021
0.275056136472819 0.0420955062299726 -0.0403572205905103 0.0503681887911372
0.238702821383097 -0.0316547227939 -0.0123646473399969 0.157903430220421
0.198431355022342 -0.0713926937287263 0.0315078437543423 0.149211475734191
0.179113001702272 -0.0589231275106113 0.0293847749833588 0.0733785824554806
0.191764697057593 -0.0598862735285502 -0.0381880523150194 0.0413383248847937
0.254013998506932 -0.00840148407210792 -0.1176106682278 0.0233756690020898
0.26219413484806 0.0848561774392213 -0.198814788837075 -0.0341230943105131
0.25977070631031 0.194843529238206 -0.176755519764291 -0.177042089037244
0.172754229731296 0.278792015614008 -0.072002849013384 -0.246078571382417
0.0266815378734999 0.358156100359029 0.0653205405435483 -0.256957929809479
-0.0338486378599525 0.389256021339877 0.175319364750758 -0.0983547865935292
0.0829332213189855 0.283206689394917 -0.0726836084909631 -0.139825317082371
0.0902596887362113 0.249228760811473 -0.166701341657634 0.319491455288682
0.179719131839571 0.246726803610585 0.24685261860409 0.29448204308693
0.297724192999195 0.18023408443524 0.187129608247409 0.0140404368352249
0.321172967816404 0.018656033763111 0.0512176090861008 0.045388790984796
0.25901050474821 -0.0807564427225496 0.0857061072931821 0.124982519077186
0.186366172167552 -0.11354202311033 0.119409097378703 0.106536400895504
0.161622153323589 -0.0928432901742026 0.103490544390109 0.0325958829169215
0.169891465885189 -0.0802623387392275 0.0397934597175456 0.00761596971694317
0.23354255567828 -0.030587349526667 -0.0379278656888996 0.0014829333562311
0.264442010343865 0.0741214275356449 -0.119935724806139 -0.0462691381769634
0.256530765351909 0.22307779312331 -0.107575799492056 -0.190572753986515
0.115724951875994 0.29444183254643 -0.0178884575313323 -0.275532905426148
-0.0219557278401189 0.302834597778582 0.111704454405503 -0.306005230574416
0.00237275454902485 0.30645288947857 0.217184975667763 -0.203343699489653
0.138573297641078 0.166706861074652 -0.061287199190347 -0.224192229881505
0.0662714091957061 0.121902465652487 -0.115387583830296 0.232877640541116
0.106013462001313 0.187090424535063 0.25515684900433 0.20426040075034
0.253669645175384 0.182616910039275 0.196117822273367 0.00518329291086597
0.30619844137432 0.00242991809920917 0.137292050733425 0.0453009855016644
0.228017648483774 -0.107139911211241 0.181084894071926 0.0770371327777183
0.144700402662222 -0.132264454451102 0.198820091196156 0.0477705425100227
0.120419436095209 -0.114624869441635 0.164205388434134 -0.0120003149737945
0.124435884472134 -0.09504047354882 0.101487480750476 -0.0230674680937517
0.183494813700959 -0.0560563964824356 0.0309618775783433 -0.0180924218609441
0.23346198113877 0.047067546654438 -0.0376563815410922 -0.0543928978744132
0.213238658895228 0.216015073117839 -0.0259489377670527 -0.178728199464769
0.0380685707186085 0.252814476818167 0.0426257273171014 -0.267901649756717
-0.0523885130842443 0.189373074236234 0.158462421965943 -0.325909797437638
0.0535036980628653 0.186578518532447 0.252240175409074 -0.274894468962823
0.146599184069461 0.0163934273157396 -0.0524811494601277 -0.271875271479419
-0.00759797295463081 -0.00381430196613317 -0.0643366722683429 0.142643773348098
0.0054669958286941 0.131216810519563 0.222939566875376 0.116998067851504
0.180268218178898 0.167979493328919 0.183236967067702 0.0165596591778911
0.237454663702427 -0.012078810835195 0.209524544201434 0.0466031375297154
0.153220356791721 -0.109028542991157 0.255090037165847 0.0245265292218621
0.0773941547137967 -0.125395975138476 0.25441336412979 -0.0136048938010619
0.061347011795352 -0.120136734241518 0.202239816378843 -0.0543950640146363
0.0643087651411654 -0.103142988683612 0.141787712918182 -0.0531419616046791
0.12076266655831 -0.0840453385204115 0.0828932112118164 -0.0399267956067714
0.190804347603578 0.0111169131148913 0.035999875539426 -0.0591827162135822
0.156279791088001 0.180874158194944 0.0430710689531682 -0.144254534692698
-0.0296362507302703 0.164536423560661 0.0806294058593354 -0.232949525292065
-0.0409085445374609 0.0460624658165565 0.187633982173428 -0.328041514795464
0.123792274263829 0.0540740618737436 0.269066405187018 -0.3112627457158
0.123094670390494 -0.136221566478148 -0.0426635916775297 -0.27771827852072
-0.0830101450677194 -0.109141426901013 -0.0275740342636656 0.0737905987110599
-0.0782232009844445 0.0692173319156269 0.174335718172603 0.0726135347799728
0.0937884006904993 0.122056601193322 0.176651210460795 0.0483981775685395
0.129956986130448 -0.0298834314600014 0.262662965644449 0.0440481352263443
0.0497774800057855 -0.0918852956709172 0.294067238664027 -0.0233107739394695
-0.00386361985549896 -0.0961312601368895 0.273338323876336 -0.0636735273115167
-0.00856205805576001 -0.107133109818241 0.211521115551594 -0.0895052435187143
-0.00235511748612839 -0.101053331490869 0.156825592678907 -0.0857738617660497
0.0557777903765159 -0.105680985004215 0.117739576210163 -0.0701054048380317
0.141326151468536 -0.0236765042333974 0.0993353535465874 -0.0631390868488053
0.0918349191645388 0.124183792896053 0.082767014103535 -0.0984125229470637
-0.0684406015206158 0.0474857611485482 0.0753228643926965 -0.200379960590632
0.015172213597571 -0.0957449047506934 0.191883547180463 -0.339584617352862
0.197389041735126 -0.0690418536430885 0.255004483612913 -0.313574336152489
-0.19463671426208 0.207742794455093 -0.268531299230749 0.216004751881428
-0.0382505132344823 0.235611129752195 -0.241652280898833 0.424157506194166
0.070981035977336 0.0829104525892813 -0.00861788723223629 0.229134316037539
-0.0142722054517637 -0.0250731897351713 -0.0444895417206807 0.0304765112421719
-0.057967759409229 0.0563973724148642 -0.150086180205853 0.04138539258836
0.0139572109245721 0.0957513328237832 -0.137833621917658 0.112420509702036
0.0715944124024431 0.0769313284226218 -0.139255833677182 0.12230284075747
0.0772952676134797 0.073218563811146 -0.167012637963784 0.102469911357283
0.0795833194900721 0.0558325610988438 -0.239578107595307 0.0964118103217168
0.0613126487249306 0.0655381384412324 -0.275246394015632 0.0517830099821064
-0.0079509629594975 0.0415534404378054 -0.269837799040168 -0.0136862379162558
0.0116740045529674 -0.0519565786237869 -0.21120643286262 -0.0578197743483911
0.148364332179869 0.0018666557377589 -0.144424184295554 -0.0656952567890812
0.0960966706927421 0.210893707522861 -0.0239480938051985 -0.0941209009567478
-0.11527778163801 0.266060129884887 0.0583754462221942 0.226717219302076
-0.177585681449368 0.282740883118912 -0.216304865744809 0.154343501800218
-0.0582419400092501 0.323003667280925 -0.243882332219626 0.437506333540865
0.0998097623223589 0.20239110053757 0.0517166379797597 0.277512734012897
0.0900712108870068 0.0618101434899278 -0.00505987337566476 0.0189074348844663
0.0477046712855466 0.065280684976562 -0.155636478845604 0.0462213670935677
0.0923143697425518 0.0708733965183017 -0.129483137390547 0.145954341124361
0.132817765950376 0.0356780676637783 -0.105619523576887 0.154080535869362
0.133943274043203 0.0300506352626557 -0.116956706962956 0.110670740505388
0.142815963764969 0.0104178249791252 -0.191237938144279 0.0959840598970775
0.159520414383267 0.0380653590418851 -0.247329936069247 0.056388805060754
0.110898149620131 0.0655039002509114 -0.277595538690839 -0.0135251432640678
0.112772439933616 0.043952634318694 -0.221022781788097 -0.103176791216208
0.174583116187978 0.105164912112436 -0.122006945349457 -0.119864452842942
0.0937826373572932 0.29128606847984 -0.00316156144112746 -0.124793992836775
-0.0857344551312199 0.363238908454781 0.0907446215799096 0.13866281532491
-0.110734272227599 0.33153051316279 -0.151954763041281 0.0690687259177559
-0.0226521203482434 0.359950935460236 -0.232200069451922 0.425034761669272
0.144618635391262 0.27697388975167 0.123698915759983 0.325549591533524
0.199158930821077 0.133294591915865 0.0625733549321944 0.0228780091274857
0.169036008544246 0.0599176608457178 -0.116184429162728 0.0510984730098167
0.172649842406132 0.0241149206779819 -0.0858336428238914 0.162622110614985
0.177204439868935 -0.0172411828238942 -0.0455793781670403 0.1638944559542
0.168473589303817 -0.0152905087019831 -0.0477374140197069 0.0996784984128877
0.180427432274638 -0.0293480101120488 -0.11909093899451 0.0738598846075942
0.225852450790756 0.013103724589646 -0.190057722178937 0.0443926598313375
0.205981888553661 0.079945007383941 -0.251955444853679 -0.0189410427481653
0.204046669664918 0.130577872361493 -0.212431033508941 -0.142309780624387
0.185772607840667 0.204593407743936 -0.102626674505894 -0.184012457750516
0.0681999946588224 0.344327446676541 0.025470332617641 -0.184337850917802
-0.0595629565607542 0.402458478239232 0.129600547398956 0.0232723419675449
-0.0115380625661381 0.333751032844952 -0.0998049520588907 -0.0327003562231426
0.0456387332162288 0.333830058071054 -0.202429005415076 0.383080555086475
0.184476893458718 0.284159921703823 0.195229868634596 0.33327409775899
0.277515357715454 0.166902944207122 0.133972581086455 0.0237556748655751
0.268863102482204 0.039144612754831 -0.0409477943055549 0.0512093658829313
0.232569132039726 -0.032392632274977 -0.00972140376561618 0.154286046085733
0.19555743690304 -0.0706883684971647 0.0327553481665407 0.146302131355394
0.176668244360838 -0.057279565431414 0.0293831311294728 0.0717524519038592
0.187905227321109 -0.0579863454730008 -0.0386899887886215 0.0412711343237896
0.248881432762449 -0.00969325992225939 -0.1143711513615 0.0233694533107616
0.25795331080678 0.0821058916139989 -0.193304223109667 -0.0299411145295984
0.256269217933065 0.190539388919211 -0.173106152984462 -0.172491869590795
0.167833437536968 0.272163949970749 -0.070394530503838 -0.238722037685825
0.0243224330511651 0.351863952250793 0.0630002389653608 -0.250589879215516
-0.0340725824790128 0.379236675773905 0.171740565205859 -0.0975135601180694
0.0811390472037034 0.276965117014728 -0.0712252938855883 -0.135123428398411
0.0866928960805272 0.244788754405802 -0.160634766524436 0.315279334149721
0.175322435412468 0.239692194117709 0.24328204139506 0.283901382457618
0.293910069184299 0.174295716079891 0.180528465817161 0.0128728625474172
0.314836421219058 0.0157847045461949 0.0488380785976849 0.0464756943390846
0.251700226097343 -0.0802347609698598 0.085744848133903 0.12142059828023
0.183448980453378 -0.111148765032376 0.119173007763144 0.104402746734812
0.158105769315416 -0.0903278528882786 0.101828535883883 0.0317525778038035
0.166835264141397 -0.0784092275565141 0.0366989027343008 0.00723234499461066
0.2288986184208 -0.0297297137953584 -0.0360949543917938 0.0018196551403128
0.259693000831359 0.070359156421749 -0.116045248905823 -0.0416565226945255
0.253896924632447 0.218034638302958 -0.104820324674867 -0.186099053620675
0.113166997370391 0.287288315758418 -0.0182417005365803 -0.266798106676982
-0.0229924753229352 0.297390558906869 0.109796520580507 -0.298614337971341
0.00094719012636995 0.29822758698225 0.213141326593643 -0.200507574339558
0.135127847217992 0.164152728018794 -0.0591033977292097 -0.218295899280535
0.0636449474353236 0.119976793883374 -0.109923673090185 0.230870313201326
0.103311123464047 0.181474479486514 0.25128588417429 0.196832805760016
0.252246101904147 0.176775095367854 0.190641510146006 0.00410100438935944
0.29973683995326 -6.30248845927607E-05 0.13444913558904 0.0447591753194032
0.221902160078975 -0.106956993670319 0.179443587530369 0.0736193528271908
0.142543053967546 -0.129734634130509 0.196522169525993 0.0459938195026192
0.116834011708748 -0.110986441258412 0.160534957699056 -0.0123227484325267
0.122597355682618 -0.0928843570809627 0.0972772206429201 -0.0227846418593047
0.178598582320729 -0.0545374968999372 0.0309532138702841 -0.0176413122855788
0.228869978340098 0.0434641571738716 -0.0356156844435676 -0.0504207230121337
0.210639535516734 0.21061550702942 -0.0251456377214921 -0.173951616463316
0.0365420717357152 0.247034451305025 0.0405507705865584 -0.259516654988806
-0.0534209485159921 0.187324762160856 0.156353799979851 -0.317613039190005
0.0511083929467451 0.181317088403208 0.248395120865358 -0.271411300256896
0.143924287955019 0.0162325868833722 -0.0507417492113608 -0.265790296396342
-0.00871002253060655 -0.00317934393904289 -0.0597082951988786 0.142425466765861
0.00484258793766501 0.127884308502431 0.219196410672279 0.112466253424902
0.180084892823821 0.163384456048388 0.17750820451607 0.0153453329368883
0.232027799323608 -0.0142209918637228 0.206134739263625 0.0449601436380563
0.147924994827803 -0.107631667612596 0.252236813460045 0.0226981620541114
0.0763389043268695 -0.122415494642315 0.250724129471665 -0.0145343430626553
0.0585253708300403 -0.116192401746348 0.197733765818075 -0.0546095821769966
0.0632125028771102 -0.101078722792518 0.136890942632007 -0.0520234472664096
0.117211263819467 -0.0819990570978615 0.0817339440887416 -0.0391825027514585
0.186713549326404 0.00822315545921565 0.0365608075923277 -0.0562078090726806
0.15458214744929 0.175601386412176 0.0422112156110704 -0.139810539468938
-0.0291322087220457 0.161590346159805 0.078150744217591 -0.224744271482165
-0.0417201881350839 0.0466134882765617 0.185821853460962 -0.319471770773128
0.120510215811864 0.0523944044177097 0.264698825235478 -0.306932698605527
0.120609045891123 -0.133709842305141 -0.041586708723382 -0.27169874589893
-0.0821200179965032 -0.105540278123483 -0.0240869371506408 0.0732471923128431
-0.0774041818166519 0.0665922617087168 0.171651230951645 0.0693868050800888
0.0945770773603958 0.118524508914038 0.171949106142005 0.0470239579188246
0.127241986603965 -0.0311148409037867 0.258972788985047 0.0407870191481362
0.0470941220592734 -0.0902738492484708 0.289492425180396 -0.0247939969425221
-0.00414030205399826 -0.0939118936257955 0.269502122280386 -0.0640449560843085
-0.0101816848209639 -0.104199386278384 0.206235373101311 -0.088778171390443
-0.00273337555746614 -0.0981718989637192 0.151893749618663 -0.0846653529391064
0.0528326749171746 -0.102918916040532 0.115248479980453 -0.0690461713825274
0.137945536548969 -0.0256779797285608 0.0976985684034242 -0.0614690937654378
0.0916368413679311 0.120917818175115 0.0812003980546735 -0.0955881061900264
-0.0676416045433331 0.0472724617634485 0.0733759941572818 -0.192571689513772
0.0131701771090816 -0.0922539104572755 0.18989296628132 -0.330817705404066
0.192611664619776 -0.0676443029495776 0.251563795133074 -0.308493041583403
-0.0925702963537706 0.266510209155865 -0.155194988157221 0.324344792574394
0.067739631789529 0.22386382903423 -0.0314309861266056 0.492503819548977
0.0994908651300612 0.0447324199837866 0.0929944687303183 0.205955777285254
-0.0232662382807842 -0.0161388278927664 -0.0315529453516588 0.0456088230776684
-0.0270554649410078 0.0762626316216659 -0.118274460769775 0.107439687808942
0.0545347389177452 0.0820075943979608 -0.0730810926443344 0.16249311174501
0.0968021779698309 0.0393064705560864 -0.0686926846266663 0.173826310978638
0.105337516981262 0.0348361724012862 -0.106430301921449 0.167416386285929
0.0968160419951187 0.0174471506354254 -0.175712075376159 0.195140956573738
0.0843458117367461 0.0346709794231523 -0.227836451989867 0.170191122864242
0.0100678954594308 0.0446862879520122 -0.252008734686914 0.103989087401249
-0.0142926742954792 -0.0507919514762052 -0.212546441285852 0.0363622018653354
0.136054046506347 -0.0620043639485123 -0.155353859645915 0.00729105490902063
0.180193535498012 0.152357109631609 -0.0742732307209083 -0.0696559310962034
0.0149754228471808 0.303149051904512 0.13573087068475 0.173416731683668
-0.0495339001351736 0.328666899073241 -0.128814886297681 0.245807518370566
0.0833693823589771 0.311464365007233 -0.028198968457489 0.507710061098878
0.172950509616523 0.139802426981631 0.174038942922061 0.224360256377918
0.104304032705069 0.0180027367217664 0.00594834140198372 0.0174722785068876
0.0714581219067698 0.0412367531041912 -0.119181738807294 0.110943994081091
0.115395752729276 0.0258546129474687 -0.0494558382865491 0.187221652984729
0.135471835551902 -0.0232329841376891 -0.0222796016280202 0.185143249032717
0.140202011928977 -0.028184452523351 -0.0564254624076635 0.15265066958037
0.136073870638063 -0.0504413761665262 -0.130220515405924 0.173583797721173
0.163135513864868 -0.0327564010110982 -0.197876514583527 0.16413797581
0.131516639844899 0.0157006808331882 -0.259169628636792 0.113368962282121
0.118964159092483 -0.00787558468233864 -0.243091596903972 0.00938528565900406
0.204362209909893 0.0224714438970725 -0.16286675832691 -0.0489596710272762
0.211684308200287 0.227301535836932 -0.0715749829974796 -0.106510974933247
0.0854444395646662 0.379204583457088 0.12214923296496 0.0789858004562206
0.0302676394053735 0.348267721955012 -0.100708269974776 0.139507990799342
0.130080917710549 0.332304144249007 -0.0193711075755658 0.490981684723257
0.242599602293632 0.188135584937796 0.264128352487212 0.235016970130285
0.230898016808903 0.0359677265340784 0.0751025341254068 -0.0089659899882767
0.178394009495604 -0.0142737723063756 -0.0794992884017391 0.0940392438133975
0.168799883288848 -0.0503476802432107 -0.00257794229689426 0.181227830278653
0.154033184261631 -0.0894241177547344 0.0371451180045263 0.164917922296958
0.15320790521342 -0.0844601494654177 0.00262356618616701 0.111707725723878
0.155134809267826 -0.102008537211767 -0.0736990287619178 0.12251082128864
0.214325086865541 -0.0839681990345287 -0.148994062445661 0.128540736425603
0.226390080500439 -0.0119470821561234 -0.2360351070923 0.102540705626703
0.238476987139984 0.030301984489802 -0.254349081349802 -0.020959649250541
0.256794461375663 0.109941146630806 -0.176868152120359 -0.112726110007181
0.2103846320125 0.28849714202046 -0.0726413361587365 -0.173793737477878
0.127802086003186 0.403416844405726 0.105874783520249 -0.0424496987346944
0.119816468804947 0.312091134274825 -0.0928106714976586 0.0210256870174053
0.179776992320493 0.28134102462203 -0.00921050635056418 0.437897237107486
0.281395517941601 0.178981539066097 0.333219807395533 0.210216410119337
0.314015204535764 0.0334526643728273 0.145069660603381 -0.0413658904448562
0.258278201696117 -0.0746434404930716 -0.0102927637486104 0.0574660408804199
0.199231942503352 -0.127211887549068 0.0626217936584007 0.137839170794614
0.149447013535458 -0.145355962779486 0.101127398795195 0.112833494323077
0.1425095199357 -0.126330743162486 0.060527279907515 0.0518706774730543
0.150287988542224 -0.131279777027139 -0.0152812457119012 0.0576802397807524
0.226328490865689 -0.113667696722044 -0.0882708992622412 0.0765143228990448
0.274887069709374 -0.0318882519446316 -0.18655807130941 0.0692445068287928
0.312028846080091 0.0607885557621171 -0.232874035304674 -0.0594997658970246
0.268932769257126 0.179711348880373 -0.173562976014368 -0.174795631286708
0.174995746338461 0.312836863500346 -0.0660280557916237 -0.251651153837479
0.141359275356505 0.367490802851583 0.0950675252360716 -0.168733660811241
0.18137338033845 0.225551550393513 -0.109382065626377 -0.0898955263465686
0.180823371318707 0.18470491056832 -0.00113231692863728 0.355300168270237
0.25387834701161 0.141721802800671 0.3541287781253 0.144606125874727
0.332214357202925 0.0324724799670583 0.184224706546685 -0.0713900456852381
0.289376359225487 -0.116185241784611 0.0695036809347663 0.0110575167513444
0.195026741814725 -0.180021123500292 0.134474876585058 0.0646131600657328
0.122024656507256 -0.177458535855141 0.160235010057032 0.0354003417104401
0.111250366938927 -0.148805780556362 0.109186454963784 -0.0158556741475287
0.122854796594132 -0.141448980421173 0.0382374142076257 -0.00553763898194695
0.198644923144446 -0.123788950601006 -0.0261393440534136 0.0217780920763254
0.271678671937346 -0.0446007955119712 -0.120836770357196 0.0253799138166503
0.321836605176864 0.0861371838949849 -0.178206052597746 -0.0991629040950776
0.225449197837148 0.218087463181617 -0.139385489413415 -0.224500811135195
0.107396097166112 0.283836175135172 -0.0397160289541089 -0.318041484109807
0.135767404107515 0.276099197192424 0.0950332814403454 -0.278266824906294
0.186208906089741 0.101019595308076 -0.13610623424648 -0.17612638942819
0.108123904896058 0.0825118418183417 0.00519542211173304 0.256038889579911
0.165007223701232 0.118618480871905 0.319986956815489 0.0656872576742167
0.296256528844786 0.0505693729219258 0.188322648307178 -0.0810456716535755
0.268367391661408 -0.126399151854586 0.145945639721105 -0.029294328977575
0.155943051293416 -0.191896625579154 0.197807020096227 -0.0193529105140501
0.0772262963252502 -0.177074063915631 0.204324423290507 -0.0517565854820677
0.0630678655751609 -0.150719636279943 0.142643135853423 -0.0819901978662327
0.0758001106544044 -0.13614726475713 0.0795879771052498 -0.0604913818264661
0.142588240644054 -0.125295087245623 0.0257456850754813 -0.0270354738169488
0.231551445943872 -0.0575336382294435 -0.0517089692213755 -0.0182055019473405
0.281572066531259 0.0966798368440068 -0.102321017717622 -0.125417534780941
0.138204790348201 0.212423971546264 -0.0822089086148753 -0.244948957415249
0.0331401434925834 0.194446434752135 0.000728557527900987 -0.356482388360373
0.130221500566477 0.142934894109973 0.103989794553736 -0.354029761187426
0.136188394296234 -0.0375474012046422 -0.15349869898661 -0.227091214906208
-0.00760248044350827 0.000681765381631292 0.00933738750384155 0.155058064991322
0.0530049358262664 0.110526828824393 0.251975939169521 0.00770714532802493
0.227423302417061 0.0673379465454735 0.179678252545478 -0.063769303378525
0.201222223160913 -0.111893978904852 0.210475755694522 -0.058848252257377
0.0875922537359976 -0.162058703465652 0.240187149183282 -0.096491484962425
0.0194486406656142 -0.142723124899176 0.224931606082268 -0.12907249174907
0.00520288099285805 -0.131156634799617 0.157150402753945 -0.137193337852321
0.017490656368224 -0.118957090142104 0.102293600536054 -0.106312736542392
0.0733929953570137 -0.123794762120424 0.0611354647417116 -0.0707304984012635
0.176951072802435 -0.0736312237029667 0.0118235325845816 -0.0572815077808675
0.216435091181942 0.0892454269902921 -0.0265222798322819 -0.128265936440918
0.0418810499905727 0.161836911176151 -0.0307882547838802 -0.232938645173506
-0.0158946498378153 0.0596982873575955 0.0348614660314082 -0.370759032923908
0.137246252657534 -0.00903811622255746 0.11133783850818 -0.38840090649858
0.055317772575755 -0.166047947471335 -0.152997935415312 -0.239313621153856
-0.116111638778919 -0.0619316883471143 0.00947894329017356 0.078353556511016
-0.0456740656407158 0.0892981940707426 0.18647545856222 -0.00745429962638113
0.13232587940583 0.0615675457595525 0.183870168877956 -0.0309026615814103
0.0984820900000457 -0.0842520912650346 0.254113768650551 -0.0823727384637227
0.00233305621305756 -0.103467966056668 0.25110488717753 -0.1528874256314
-0.0419313279816424 -0.0828079191419398 0.217507516771506 -0.180122616149028
-0.0546431748351439 -0.0908917577608619 0.149328933283195 -0.172324988640761
-0.0424015795067882 -0.0897350847435471 0.100421247316953 -0.143070439324706
0.00486490269599411 -0.115610665570283 0.0777305888602924 -0.114535516228686
0.11658804834472 -0.0848983316535996 0.0651764373749593 -0.0915412728916157
0.136943508188823 0.0671535166293079 0.0297857760768742 -0.110287271488993
-0.0414821430808086 0.0726292237367458 -0.0167511569227462 -0.204511165557145
-0.0239009035405826 -0.0938683646876462 0.0415419180692615 -0.379919751681416
0.15067728353649 -0.154113667431101 0.104540779962233 -0.379417772665894
-0.0902150810243672 0.274575363261716 -0.151292293897226 0.336959247328219
0.0753252269323928 0.227309922089077 -0.0215866472573043 0.503086277794985
0.102999038783406 0.0427511171208 0.0977089448067953 0.204984087880884
-0.025470959034994 -0.0150741890747163 -0.0343554759283482 0.0469257946596643
-0.0261384233056926 0.0790750347572493 -0.119660054213039 0.113646361828743
0.058289741826532 0.0821901676257243 -0.0702843763544029 0.167442489345653
0.100783803846827 0.0365661000711787 -0.0645195867541266 0.179080566629859
0.109723952559598 0.0314750308961272 -0.104322294481746 0.173362429651797
0.0998521622039378 0.0138488594415308 -0.173276841959008 0.204476821160716
0.0877235917525014 0.0319346633732177 -0.228221670566672 0.179938527401935
0.0135252938770889 0.0467351608926115 -0.256088929544107 0.112286484967435
-0.015516514053858 -0.0500469559071852 -0.214899418508096 0.0428043624468018
0.136113307085331 -0.0667332477886102 -0.156658823765746 0.00930629993918761
0.188455493069106 0.150312946260799 -0.0804649663684558 -0.0682153247181242
0.022193486725912 0.307905315204239 0.143029164783154 0.173784151000995
-0.0434926139929261 0.33779607054637 -0.126357514022313 0.256762169862268
0.0926683941718703 0.316493721176248 -0.0162033761769773 0.517800616491589
0.17968088899659 0.138049547567742 0.180263228887922 0.22149637729135
0.105840462991742 0.0159867631097322 0.00303294336482953 0.0175220851157614
0.0733870110641035 0.0407329478185008 -0.121122475121111 0.118339362679874
0.1188872665262 0.0235473810372123 -0.04566646961448 0.192584342970457
0.138501502928702 -0.0286109085384447 -0.0165868616565677 0.189290443041453
0.144056076526694 -0.0338890616932186 -0.0526982137380966 0.157046931375637
0.137796900989906 -0.0559402484839324 -0.127633795721046 0.181801924971927
0.16646683215247 -0.0387373840039168 -0.197710535186247 0.172389459770776
0.135743910088889 0.0131255043553078 -0.260530372269217 0.123750847846834
0.122070847247772 -0.00997276800009347 -0.247408921800001 0.0158083675893034
0.207230775325118 0.018897574085449 -0.165792454889029 -0.0481282095905415
0.222583562116207 0.226715660237922 -0.0777720438689689 -0.105867537131839
0.0952877410241899 0.384388486917318 0.126726022697916 0.0778038274798741
0.0376951874758371 0.354881864494911 -0.100022555599696 0.146916804365418
0.138490958691357 0.336120455113173 -0.00780794486015594 0.501080271806653
0.251615968932128 0.18565270576329 0.273069788249253 0.230611349252979
0.235855536922705 0.0308551438821002 0.0733424298896593 -0.0112406376092423
0.180047828701222 -0.0190068480822224 -0.0808000528979987 0.101377723268868
0.170775237946966 -0.0554315799008594 0.0025712429580234 0.184370755468104
0.156174046781597 -0.0970800977328549 0.0435458156012667 0.16799684815358
0.155888541985955 -0.0912050552974076 0.006119863102241 0.113161326958372
0.157048324996207 -0.108499368396342 -0.0719118715817655 0.127840092227602
0.216674667404132 -0.0927062650722321 -0.148462198933259 0.134744449479122
0.232235021366034 -0.0180478010381273 -0.236074650513331 0.111548336712557
0.246016658355145 0.0252648484832928 -0.259205916755895 -0.0157928274494283
0.26273459338313 0.107623974964611 -0.180906653910163 -0.111361917225154
0.222045390909527 0.290435502067937 -0.079830723233622 -0.174443310557525
0.137543170356874 0.408187592180296 0.107393759154212 -0.0463360267055134
0.129268586160872 0.316245477509207 -0.0937914530591503 0.0251039635798724
0.18869023735896 0.284692546623499 0.00156005700673785 0.446465252789861
0.290372588762611 0.174211252705626 0.342408857060131 0.20326536735976
0.320969434932174 0.0245441024288199 0.144101359382524 -0.0452120007914409
0.26092112380672 -0.0831229595260094 -0.0111616554740368 0.0620155059358618
0.199669790921531 -0.134779976096402 0.0678492392714911 0.138593359315653
0.149703654702168 -0.154018760095274 0.108386538630263 0.112025871537979
0.144306239925314 -0.132636870774498 0.0638529496975142 0.0505228647286942
0.15119705556307 -0.137856332834564 -0.0135032593528154 0.0611516922708213
0.228733622470616 -0.123313930452745 -0.0878082866402269 0.0803428268202453
0.280192020643024 -0.0407095262991109 -0.18526526061764 0.0771881264247012
0.321765713968915 0.0549441137044568 -0.238206267254721 -0.055146373594647
0.277938983363853 0.17827017544487 -0.178897459526388 -0.173775955103369
0.18548308715338 0.317483722710844 -0.0733794222550831 -0.255167555802987
0.149786554439445 0.370913395881288 0.0928969767866834 -0.174674317504686
0.191108014073394 0.226075281029781 -0.113378964983216 -0.0883540479446891
0.187467796223174 0.186131458029364 0.00956286560285339 0.361481989900153
0.261647933745639 0.138348631935526 0.364174233667337 0.136638193974722
0.340698668012192 0.0230260841223599 0.184351473118475 -0.076980575652506
0.291630546398269 -0.12738484853169 0.070667088012053 0.0122836466643289
0.193518628174731 -0.188309921409732 0.139511043883063 0.0620529697013283
0.120907738173169 -0.18591573561829 0.166672500954324 0.0307335962673264
0.110544178717942 -0.154600256551093 0.111836464128635 -0.0198990188967979
0.122283736729863 -0.147326555798718 0.0390893279000668 -0.00506309748911575
0.200273897213312 -0.132269805736505 -0.0260985136118327 0.0226003741541846
0.27646990554224 -0.0534508630375627 -0.118971458605385 0.0307185353021906
0.332178168951415 0.0784190062907222 -0.183042039904436 -0.0968780432573695
0.233828257071699 0.218066968891016 -0.145384954459422 -0.223950052089373
0.116000203553974 0.289080918286439 -0.046856759451727 -0.322750032318054
0.142247168409518 0.277606568069629 0.0905730515897499 -0.287218720308458
0.193216789147522 0.0988931535236332 -0.142691075566237 -0.175972288860609
0.111598545850032 0.0838341542832892 0.0136323867240105 0.26001670093345
0.169647344137966 0.117106582357229 0.327393569340876 0.0565802333193293
0.305595830253562 0.041978556109912 0.189162881178944 -0.0866068350887804
0.270397189561923 -0.136539740619267 0.147671899719652 -0.0319807681324903
0.153625431318872 -0.199422770238807 0.202905989482796 -0.0259510430953491
0.0748409691254309 -0.183697519883402 0.209466936780444 -0.0598281456549406
0.0613124044468759 -0.1548147830163 0.144073965399461 -0.0878427500433328
0.074131604595583 -0.140732024253623 0.079401895413743 -0.0625086719235552
0.142040156512204 -0.131429791974376 0.0262953972083847 -0.0282502532989829
0.233669415254734 -0.0666624749750549 -0.0498631858038116 -0.0156823389124175
0.290615127082739 0.0900333141999195 -0.106373632084695 -0.125700765333077
0.146053246232826 0.215151585854391 -0.0874177486798182 -0.246202676700153
0.03744594260234 0.200035751380812 -0.00564408180836495 -0.363409246473605
0.134750083066081 0.142226550840149 0.0981698035675933 -0.365733709141073
0.138310371823001 -0.0419505489669231 -0.161389402515226 -0.22816247793234
-0.00846669118393828 0.00309184929307402 0.0165860381444013 0.156640213146266
0.0558219400916917 0.111713870923401 0.256590800231138 -0.000162513630977542
0.235214483221258 0.0605253043642486 0.181301196957984 -0.0681607953256018
0.201640767162248 -0.120497107363948 0.212611209897572 -0.0653519975501473
0.0845458557336137 -0.167752333812467 0.243844609647933 -0.106064270029918
0.016411267801508 -0.146763430714599 0.228587338476653 -0.139461398420721
0.00195344857061542 -0.132429451462989 0.157126493070637 -0.144543203954179
0.0143304221414742 -0.121939340009643 0.101105007549027 -0.109506941857301
0.071447034142004 -0.127605903192094 0.0611181667202339 -0.0744007449072411
0.177148263229149 -0.0817561134220938 0.0130731540934277 -0.0572372745118544
0.223946217759032 0.0845028961502227 -0.029178561854741 -0.129439557675353
0.0466056216001103 0.165937146727582 -0.0353092668565354 -0.234917959843628
-0.0153462150201119 0.0625440151661528 0.0291888786702618 -0.379802168789783
0.138439786510135 -0.0125178958849863 0.105127104303565 -0.401759759514449
0.052271558013148 -0.171970573598618 -0.161557920832033 -0.240681467440904
-0.12020110686676 -0.0593981400988627 0.0140228636326479 0.0783642568033457
-0.0455785690484585 0.0925430256818973 0.189150671015468 -0.0131784461354378
0.138132644300321 0.0568413040534922 0.186103413230603 -0.0348957801996858
0.0976484128537506 -0.0892423285169915 0.257149237280741 -0.0920199279674689
-0.00116770365329998 -0.1054802872875 0.253846784455875 -0.163415552083344
-0.0453370618560749 -0.0835182895140091 0.219632053295488 -0.191700065127847
-0.0586567419795343 -0.0893102216335549 0.147617188729877 -0.180409695439701
-0.0459132698650115 -0.0899927414068637 0.0985574478159171 -0.148412831095612
0.00157614338281732 -0.116865723248679 0.0763805952188984 -0.119448533222032
0.115900545841964 -0.0915590192982058 0.0656306063621028 -0.0953835794668623
0.142401123155608 0.0635055097351873 0.0285336865965981 -0.112333546817557
-0.0405765552217373 0.0764039657415263 -0.0197058823300186 -0.205106588101797
-0.0270684647345795 -0.0947644756141124 0.0357755525877535 -0.388742512611372
0.149830182374142 -0.161196939928011 0.0984651492616252 -0.392611521883767
-0.0786615840037177 0.282240205078643 -0.138215015655422 0.350360471551801
0.0866981842508138 0.225234649150545 0.00262019964163196 0.507419735045016
0.106254364865326 0.0371663062670353 0.105651222505188 0.199806514893332
-0.0278134087196181 -0.0133710223927868 -0.035438229171456 0.0488627886341084
-0.0223818688955746 0.081954694761662 -0.116777035855934 0.123074422450579
0.0633335462128015 0.0799920920226747 -0.0629910695346661 0.172628392960779
0.103369534771135 0.03099225616272 -0.0550087777826671 0.183602767168728
0.113058791742758 0.024566592447118 -0.0960828525185602 0.179946666616288
0.101855763053368 0.00767683079916717 -0.163561033119709 0.215442858180058
0.0905422077651336 0.0266482296660465 -0.221347387198488 0.192743896240301
0.0175470354213524 0.0474682936711398 -0.253936127610437 0.126961384455484
-0.0182797553022876 -0.0482285343171389 -0.213585204270293 0.0533935689980537
0.132294651946959 -0.0731623157784539 -0.156823013596162 0.0143667300101529
0.198013634709242 0.142096242837077 -0.0866032136744701 -0.0636393374636342
0.0375401686714146 0.308453000213399 0.153009311686819 0.168216876185427
-0.027904721341359 0.343547959290734 -0.114549991557198 0.267482072917739
0.108297630472509 0.314434571275738 0.00753806095785969 0.522684548040063
0.18706610862578 0.128478024061622 0.19077329299525 0.212338096405194
0.105731647610064 0.010563454860167 0.000397847723038813 0.0174622716849659
0.0752544034833625 0.0378121263384518 -0.117748027313526 0.128721577780252
0.12120059702376 0.0181604779740716 -0.0364791855998454 0.196992310011193
0.138428531063336 -0.0379553555542057 -0.00545828694684502 0.191394705742574
0.144938272338634 -0.0430470537419046 -0.0448464882064086 0.160076811743458
0.137178866744585 -0.0641198402601736 -0.118870357661904 0.190177406150628
0.166484741646345 -0.0495878911886325 -0.190952540980755 0.184321575967734
0.139625330934787 0.00692482989433987 -0.25594148496492 0.13808387420852
0.123278300300386 -0.0152180877174433 -0.247842047652125 0.0272810572500007
0.208582221260483 0.0101046984828977 -0.168141971813233 -0.042185113955973
0.236020074302573 0.218629662304147 -0.0849940209055119 -0.101299426754883
0.113690168283954 0.381397695465525 0.131605930479064 0.0719228161770771
0.0546439973456091 0.356475648362933 -0.0927507342008999 0.154772051640522
0.155983748394902 0.333093331831286 0.017150703100323 0.503942370002031
0.262024499780246 0.173011561877663 0.283539804168425 0.216358076824241
0.237932889737716 0.0192092611057605 0.0700115748618821 -0.0146981480414582
0.179968220238215 -0.0275903708346679 -0.07816054492608 0.110107295762612
0.169703188118547 -0.064352204180676 0.0115392127054102 0.18715591497522
0.152886579065385 -0.107118288979477 0.0546009408740587 0.166474705206023
0.15503171131799 -0.100768064023874 0.0131016368616361 0.112380871322078
0.153620009923538 -0.117582608511507 -0.0649914490931095 0.133588352456444
0.214840681563818 -0.105961317101025 -0.142564916886489 0.143388803594579
0.234631130751032 -0.0299422994759805 -0.230702921992073 0.125261219951332
0.249721798161816 0.014034231904625 -0.261226276218367 -0.0029603533828446
0.26867601894488 0.0967193922018564 -0.186167821582993 -0.104170084061683
0.238244849238197 0.283187317213092 -0.0893787586835249 -0.170090056003541
0.156110972128445 0.402678202967865 0.105615315078024 -0.0521092454578439
0.146186453477084 0.312387973337481 -0.092073148888394 0.0312037948170504
0.203247202086209 0.279169296693521 0.0251730340896608 0.448104296052442
0.299972745254556 0.160464487904921 0.352088453133729 0.185646809953147
0.324551276169097 0.00845967973587276 0.14022831002808 -0.0524378670969224
0.258680999456954 -0.0968512474785602 -0.00863856687509063 0.0672686876788283
0.194057522181469 -0.146016036749043 0.0758548800506797 0.136508092130121
0.14326337791659 -0.164615868084926 0.117295610455758 0.106676696832666
0.140710480766048 -0.14168939834661 0.0681382611181344 0.046572440104125
0.146362908657991 -0.146579331210283 -0.00988251244152937 0.0629818572182727
0.225264500317912 -0.136684194678841 -0.0842032217780945 0.0855375680110296
0.281368439087873 -0.0559213208432525 -0.179729493483875 0.0888023340587783
0.328185913315539 0.0389475578861034 -0.241925885028022 -0.0447846834721735
0.286506262224609 0.167815906861641 -0.186141039103523 -0.166642489302243
0.202317687133948 0.313430771639588 -0.0858870867217866 -0.252095611855179
0.165832223008606 0.366086301453337 0.084954460618878 -0.181786892585317
0.203644550949201 0.218972118485049 -0.117648306918765 -0.0824423275950103
0.197242230792193 0.181065057875326 0.0296309483840899 0.36354489746405
0.269111287711277 0.125141681938784 0.37081555402967 0.117131785831752
0.344961394137391 0.0060576651364126 0.179813217739085 -0.0858319451816368
0.287388127687066 -0.14259363083465 0.0709138759306642 0.012431861554026
0.18580115219204 -0.199366061364941 0.144778099635566 0.0551634669113708
0.113528451004411 -0.195242590049762 0.172251656529379 0.0215427768416364
0.106025041161962 -0.161372887353455 0.112097456600962 -0.0271906812059515
0.116602433210147 -0.154593954506523 0.0398388716098253 -0.00607971086367365
0.195812689522692 -0.143751191585231 -0.0242655471659993 0.0242817548442428
0.275227699502868 -0.0689454436692256 -0.114333183184725 0.0382180146706185
0.33981168893473 0.0620358194911444 -0.188974378175108 -0.0888234859208238
0.245331545033477 0.210599103698312 -0.154382786485895 -0.218630480734594
0.130936373555521 0.287729714743804 -0.0615161047583659 -0.323054173711595
0.153867671192545 0.273344176825975 0.0774905740321149 -0.295158628286554
0.20000357460741 0.0898554678854213 -0.151017670721851 -0.170471219152974
0.115918299180069 0.0812411920972437 0.0286339221900069 0.259863627012721
0.175624471839788 0.109771203774969 0.330298302640708 0.0387900259781917
0.311243095042495 0.0251326046666281 0.183887810019775 -0.0960208802107992
0.264994333466464 -0.152142233429563 0.146894869870132 -0.0376446768872157
0.143826421178957 -0.208924661618679 0.204320862207087 -0.0372323814711657
0.0663014428665274 -0.190194486103793 0.210458028144383 -0.0727416319088434
0.0551436614531447 -0.157897862910177 0.140748459905598 -0.0967457024134827
0.0681216796973663 -0.145934865992941 0.0770370797097237 -0.0658082721263764
0.137058896172408 -0.139783219871771 0.0258100258481232 -0.0300319580592456
0.231649986698743 -0.080385197012867 -0.0471206593681762 -0.0122343868394538
0.298552648194631 0.075043504892917 -0.112583454845443 -0.120724155131022
0.156945777797184 0.211199233533608 -0.0975769271322462 -0.242636097698987
0.0464581304563819 0.201836357037285 -0.0205285326701281 -0.366777073318755
0.139830778306265 0.136771978113956 0.0815160288731858 -0.375610883508654
0.137759425998839 -0.0490429221616826 -0.173014016460715 -0.223131290571677
-0.0088675303549567 0.00535039424584719 0.0256510865992463 0.155339907772333
0.0605616700880377 0.110516847743084 0.256752888994554 -0.0145164387356634
0.241060300281812 0.0464291995502892 0.178297863545035 -0.0766904250107507
0.197123151541276 -0.133362395105263 0.21135696334545 -0.0758279315051378
0.0762127947686457 -0.173622937604812 0.241422245271351 -0.120473792091114
0.00858143529610576 -0.149550441738238 0.225146550950789 -0.155021083999554
-0.00467941695295507 -0.132267797917604 0.151254259489096 -0.154667577666424
0.00857060079207596 -0.123593118264286 0.095950962651456 -0.114350188857195
0.0658562323052578 -0.131707496837511 0.0586684676089458 -0.0782785556411409
0.17326672928757 -0.0923927801930206 0.0130342401849444 -0.0576999397073141
0.231091107247653 0.0723675132692156 -0.0348451335815998 -0.128727953154577
0.0550767176620428 0.166395723156672 -0.0439947277211367 -0.232410176262908
-0.0136356167700869 0.0648254866000657 0.0139464634965685 -0.384204363662239
0.137451864562747 -0.0194219304528072 0.0867044865333066 -0.412209407984406
0.0442547996844041 -0.176154727738983 -0.173951823350857 -0.235730886268389
-0.12433621602585 -0.0524901129783864 0.0194663349914348 0.0768798526059517
-0.0418213470329623 0.0971580750308152 0.189377652084787 -0.0240960400056836
0.142505921515133 0.0476365380666127 0.185769467629587 -0.0439951176527292
0.0932732673872598 -0.0960361168690063 0.254564042574391 -0.105857153726057
-0.00772242805080283 -0.105940870169288 0.248894945833225 -0.179771698096042
-0.0507977778502413 -0.0816609171043761 0.212667338278194 -0.206525964506689
-0.064945722002388 -0.0855580732525812 0.139475310408668 -0.189410647496717
-0.0509844113316529 -0.0882207545968271 0.0907990696449618 -0.153678936041355
-0.0039614385214304 -0.1167943026768 0.0709180351119241 -0.124470302545769
0.110106563818246 -0.099965913892302 0.0631762402332406 -0.0992973058344852
0.147679189426632 0.055689652823603 0.0244967337844567 -0.11435867670575
-0.0360691655174952 0.0803379652173312 -0.0281507768787291 -0.203335028324574
-0.0321345594938065 -0.093785097252134 0.0200010695209402 -0.394344052715241
0.142632824245179 -0.168760393589381 0.0812632155306044 -0.402910195965842
-0.0636499574705697 0.280752539599821 -0.118366282720273 0.352847508868664
0.0966712798888685 0.21492627609263 0.0279684868148296 0.496746998420995
0.105851948955322 0.0293722154980624 0.111791867085669 0.188182696217565
-0.0292852203795476 -0.0112609872319507 -0.0348697407378307 0.0499418588865096
-0.0183222112940183 0.0821061950203192 -0.109287379475039 0.128206065474672
0.0666826939327934 0.0751394599894461 -0.0526192143933017 0.172889527282409
0.104075440155166 0.0236174151197921 -0.0428191742443198 0.182490603026528
0.11323761053569 0.0160173595884189 -0.0843460472582888 0.181706042632928
0.100521137017377 0.00135321523687735 -0.148905057767447 0.220359220297877
0.0908213799302612 0.0196985682774722 -0.208223090304107 0.201241649654606
0.0214127010697978 0.0466337435276366 -0.243249125980271 0.138983996347884
-0.0204915605259233 -0.0449903590414293 -0.20577066499851 0.0626570120552614
0.12460442791926 -0.077975582994543 -0.152765867164868 0.0198863597978468
0.202600644352156 0.127890337455336 -0.090407142689534 -0.0562046441693643
0.0507607833328135 0.299312943207714 0.159978060202871 0.156921552382276
-0.010683122629539 0.337387562613769 -0.098824637105932 0.269553844055183
0.12210997085771 0.30303495518137 0.0339274865096607 0.511862091000418
0.189810023140586 0.114148168945985 0.194847807401643 0.196011152137892
0.102537518625322 0.00514405739485947 -0.00156231692246731 0.017234298990362
0.0747258844125997 0.0344285651053922 -0.109654249314614 0.136021863598064
0.119854411227192 0.0110600003741314 -0.0253314461101409 0.195960252519945
0.133679451256237 -0.0458867932537622 0.00618077870862528 0.187572118752517
0.141194616976964 -0.0518497958972964 -0.0346115237926004 0.158596179353128
0.131833287190716 -0.070840855210343 -0.104973366667383 0.192721854572358
0.161021095022943 -0.0586209501001894 -0.178127299827083 0.190546950357577
0.138928645003705 -0.000320673383518155 -0.242593235316528 0.150235447025211
0.120820878605748 -0.0204190420730917 -0.240684014517631 0.0394330942569128
0.203436082841036 0.000285959634361519 -0.166448739370529 -0.0349937445512807
0.242800134833794 0.202521292216603 -0.089687280301707 -0.0931584253504299
0.128448491921721 0.367564282504095 0.133324288485013 0.0639980005708659
0.071982935342024 0.345722664534227 -0.0822244531232991 0.15782249743711
0.168591073990616 0.319940702584747 0.0419376790429874 0.493021853552563
0.263899148257223 0.153985731729791 0.285295591199478 0.195657238539347
0.233071433377842 0.00651661855258869 0.064910992852019 -0.017762889369676
0.173932131276626 -0.0347836394067212 -0.0719861659757146 0.116801064295764
0.162883348893444 -0.071597836946402 0.0211619165733565 0.183528062694633
0.143865365308011 -0.115892275026716 0.0638793679571562 0.15916211067328
0.147925892806606 -0.109167589692952 0.0192209249129511 0.108042699250424
0.144803312766434 -0.123468322261466 -0.0557908988948498 0.134391403246821
0.205338797827863 -0.116661656641236 -0.132163114448665 0.148223897720681
0.230382091023783 -0.0414274694127943 -0.217016404484928 0.135067634571819
0.247582679189266 0.000459605224247777 -0.255941501956207 0.00975023238471053
0.267855632838282 0.0830302930514345 -0.18669682448158 -0.0944692925871319
0.24832328352281 0.266576547176089 -0.0967238004219386 -0.160747237234968
0.172631475577199 0.386376667532867 0.10064048843754 -0.0564506615912058
0.158928642780261 0.297772306943703 -0.0879950945364773 0.0363311134169683
0.213050194318735 0.264825616967433 0.0468434444104707 0.437672591671612
0.300858281443154 0.141160409709653 0.351698933111805 0.16102759906997
0.318778643103382 -0.0092293238714235 0.131492416810822 -0.0575434016492243
0.24764097302377 -0.108006483012718 -0.00602920610459027 0.071178430147277
0.182802778158459 -0.153219877952596 0.082619355256688 0.130658479014693
0.132034909350607 -0.170771122229768 0.122336108790411 0.0970252910204678
0.131985246116778 -0.147709396199605 0.0695547753301936 0.0405845496990444
0.13667573583012 -0.15174900209224 -0.00541495215833839 0.0629445403105747
0.213071867817502 -0.147004309929688 -0.0779131233832569 0.0879571479466288
0.273944878599108 -0.07040424736897 -0.167963871412754 0.0965106348364204
0.324625616871499 0.020178194831531 -0.239281660353687 -0.0312333467617384
0.288910350680321 0.152006350620788 -0.189182541693085 -0.155126839277157
0.213664250995634 0.297900913730211 -0.096526532359057 -0.241031866545867
0.178079499166947 0.34974029768998 0.073880237116511 -0.182345342016607
0.210633330701845 0.203164440350642 -0.118398548313673 -0.0742250005134588
0.202443272843881 0.169213545935433 0.047425096386058 0.352992665600161
0.268324777996897 0.108829375794542 0.366893413725365 0.0937591210508507
0.339396908332885 -0.0139246955295093 0.169049182437826 -0.0933080062657018
0.274163301804767 -0.155121440279423 0.0691196377341213 0.0122479553921006
0.171352135396055 -0.206730437090786 0.145649690808962 0.0469498543219867
0.100698882066263 -0.198732979608634 0.171896340587035 0.00974683283321025
0.0968153230815383 -0.164052107312655 0.108605103141922 -0.033719272910831
0.107079506174447 -0.157613195954993 0.03928742262899 -0.00653684396739622
0.184091905818254 -0.152436875171836 -0.0218218576801658 0.0252743322052255
0.266323855010545 -0.0826932361795857 -0.106415217123496 0.0434130327901315
0.337567178659077 0.0415678684508045 -0.189753709537744 -0.0772025844871004
0.250794759416038 0.194589091845134 -0.160340532005628 -0.205741023831499
0.142181475821785 0.277861578833941 -0.0756426693512248 -0.312412404202663
0.162335259583806 0.25941832186069 0.0605457866406012 -0.294028637679728
0.200309213886663 0.0767535869757051 -0.15637915714381 -0.159594117623899
0.117336285473548 0.0762781395245749 0.042195817946127 0.251443919187275
0.176633554554367 0.099006854365729 0.323683794482989 0.0197037498093962
0.306701750264358 0.00583667049566502 0.173651284027834 -0.103003528521689
0.251466262492516 -0.163722650371311 0.14128880397328 -0.0414157646343537
0.129463648526865 -0.213512349146514 0.198882551710535 -0.0478190487125645
0.0547120749701227 -0.191174446896982 0.204256356141919 -0.0851423649090071
0.0468902123991138 -0.157786637452743 0.133052508399737 -0.103769641673806
0.059661478564127 -0.145912359946949 0.0728039691583134 -0.067684511618236
0.126411481080568 -0.144369001781244 0.0245295640545831 -0.0307728510878009
0.222027169971976 -0.0915262726684644 -0.0426893962841909 -0.00965557917062062
0.297987102545426 0.0561347984724221 -0.116255137288626 -0.112372862680196
0.164290949210617 0.20029070376138 -0.105282849756169 -0.231688523726726
0.0554845314571751 0.196591006932254 -0.0367833070010647 -0.358503151444
0.142547884859037 0.12737152741583 0.0602628781897427 -0.373586426177837
0.132126114114638 -0.0562323573366521 -0.181486861279565 -0.210313766984522
-0.00802794835089264 0.00766830498189322 0.0341838392775768 0.148893347877067
0.0641434760247951 0.106425885540517 0.249320420934014 -0.0289571561622638
0.239288086970249 0.0309611443524612 0.169680023702386 -0.0836600133511173
0.185251412509189 -0.141361036761224 0.201867971872054 -0.0842037260624437
0.0644455791807746 -0.175003081005942 0.231452957543029 -0.132150905864449
0.00026398589202355 -0.147544075391322 0.213643684449214 -0.166642965023298
-0.0113631810704917 -0.128269243153546 0.139604682715028 -0.160535327079204
0.00179077406964967 -0.120878459674469 0.0879558661887829 -0.116685946318492
0.0577380728988874 -0.132264515471646 0.0534565065272306 -0.0803557620663273
0.162926269378144 -0.101036538332069 0.0130337036244462 -0.0575332125194118
0.230931310176819 0.0568642923167556 -0.0402514064969628 -0.12339584199897
0.0628945906564064 0.161001612036951 -0.0534234714686784 -0.223735371993566
-0.0104262656230729 0.0653844976597247 -0.00281133584813543 -0.377722458918846
0.132757997624989 -0.0256787766478939 0.0642887330209462 -0.410632486914958
0.0344613125456138 -0.175830212101328 -0.182871963334101 -0.223096716628839
-0.124183826014955 -0.0436585776082362 0.0241585521788451 0.0722118836185705
-0.0369200660384255 0.0987567905125819 0.183050260778237 -0.0334433628759686
0.142731437063939 0.0361063087657402 0.179236058501024 -0.0514300571315584
0.0850142534634061 -0.0995500568882178 0.242969915856284 -0.117777009706635
-0.0140165427398118 -0.103742693565445 0.235525184536537 -0.190486629944665
-0.0550972429931069 -0.0773315351128132 0.198271849865457 -0.216239501486944
-0.0683801188764114 -0.0781846392864798 0.126157368800498 -0.194658749108901
-0.0548365924393087 -0.0830952267242945 0.0800124928704781 -0.155301404010964
-0.0101960004051799 -0.113399738984335 0.0631090120307792 -0.126814733484044
0.101212168490043 -0.105041304228128 0.0585619262044695 -0.101387176017106
0.148848022586438 0.0450776874250192 0.0188590252465686 -0.112420389137395
-0.0305026174784622 0.0818271453058249 -0.0352637719254967 -0.195644452729569
-0.0370231846871227 -0.0896261373731907 0.0012874697081954 -0.387591612626316
0.130900934606044 -0.172554929949588 0.0591879718941701 -0.402335577887547
-0.0524730410424762 0.272461975075307 -0.103582309384922 0.344700568642415
0.0995560023527805 0.203340472665072 0.040761594775036 0.475073234607046
0.102821999839771 0.0232739014020572 0.110819212440798 0.176065530049608
-0.0302949166477064 -0.00841534430956297 -0.0345187931572692 0.0487303175843136
-0.0156877502263369 0.080819275415021 -0.102377871164487 0.129067955667085
0.0669709466762719 0.0702210254248872 -0.0453850379812048 0.169184642748966
0.100270171824373 0.0179525532915058 -0.0342423745213408 0.176503752490862
0.110082372166793 0.00979391398504178 -0.0747590634342108 0.177326981831478
0.0962614309138114 -0.00299134596235027 -0.135055569058883 0.217322082928306
0.0880757615554219 0.0147704263787065 -0.195317096001034 0.199318420144261
0.0238741133255705 0.0444312501273749 -0.230225134988636 0.142232423635021
-0.0210970323761886 -0.0414461094368416 -0.194372891596637 0.06519245700397
0.116821357772538 -0.0779704550146605 -0.145852393464336 0.0216638283985053
0.199201328417238 0.11612710507589 -0.0895476884469992 -0.0491671098993153
0.0560349280637708 0.28539741851191 0.159240123947394 0.145739014647365
-0.00105429500747437 0.324528601631942 -0.0867441961296174 0.263864939891902
0.125750885022537 0.288023637949521 0.0456691003198879 0.491469022171987
0.184538377599597 0.101850089944262 0.190442037851807 0.181678183219556
0.0977454758432762 0.00250130664300811 -0.00429438557510017 0.016964779888099
0.0724258225217022 0.0320299892614301 -0.102532035671656 0.137684680188382
0.116507111739213 0.00729324729910728 -0.0178362162630592 0.190760993313795
0.12714786032555 -0.0497481723322425 0.0136698159809943 0.180088467086085
0.135222566747847 -0.056335411509506 -0.0273211044879506 0.152791922527339
0.124818304258703 -0.0729968299596661 -0.0939349153415471 0.188049528527619
0.152949347291664 -0.0631751157825813 -0.166355120186585 0.188780749705037
0.135700130842037 -0.00460673456469041 -0.228320270924091 0.152822293309987
0.116505289366824 -0.0225912534337983 -0.230060592383978 0.0447879381393949
0.195629197912396 -0.00414294672546744 -0.160965848417204 -0.0305224093565011
0.239884202722776 0.187089809113487 -0.0896637963392032 -0.0846198869978773
0.132954266394257 0.348993393287984 0.130323656598344 0.0575401720391857
0.0789423091889395 0.328023938236804 -0.0738915215810103 0.155219414385364
0.171536825859619 0.303824922060336 0.0536426215728722 0.472070900876862
0.256553926954759 0.139246323249496 0.277660257864984 0.177865482950273
0.223301405091144 -0.00121782807581195 0.0580687551811523 -0.0187761978280046
0.166274917220998 -0.0382156818515899 -0.066045057893904 0.119451586058575
0.155101657831758 -0.0743250822487069 0.026696598106198 0.177677276130221
0.134986967163151 -0.117268602401218 0.0683069378245082 0.150468764608999
0.140249530457273 -0.111743961302112 0.0219454830005177 0.101927788006301
0.136563684166435 -0.123517001796844 -0.0487064399493148 0.13101877848501
0.193735648435817 -0.120218614200404 -0.122794394821416 0.147487999087023
0.221370231751131 -0.0476759999207513 -0.20198667615223 0.137277524782632
0.238771187605316 -0.00706161403857392 -0.245470723309398 0.0170281571946339
0.259119453582233 0.0734704647262661 -0.181942827477629 -0.087276668927119
0.246209453742362 0.248612388999354 -0.0982523627011737 -0.149651830969534
0.174262037784354 0.36618193606474 0.0953358855120507 -0.0570837857466508
0.160583451824546 0.280443981809952 -0.0822345356217633 0.0378153741667821
0.212131764874284 0.250959923365383 0.0571117609624462 0.418775065406261
0.291746685032302 0.125605390769057 0.340002150803531 0.143239079559247
0.305213364342628 -0.0189651847637368 0.120523672913132 -0.0586614757289915
0.234494878976808 -0.110713388605031 -0.00423475591889952 0.073555853512799
0.170704481523027 -0.153656757783572 0.0842638541694361 0.124115004847232
0.12097711060135 -0.169798278919929 0.121949610078916 0.0882145824236306
0.12425238056917 -0.147651939777562 0.0678046172857021 0.0352961616138876
0.127942297264512 -0.149217173269442 -0.00222432938630734 0.0603877787894227
0.200594814792509 -0.149089564178317 -0.0712824228503493 0.0869778840996444
0.262108886458898 -0.0765614924624589 -0.15522702653281 0.0978855804954186
0.314536843187381 0.0087381204400911 -0.230951410966555 -0.0230894358909677
0.281761961964057 0.139300291119309 -0.184797243013403 -0.144568884885857
0.214062609568205 0.281741830268427 -0.0984499662340853 -0.227988864287366
0.178978609997841 0.330550410141532 0.0654064525240138 -0.177838370494527
0.207456648243532 0.18807073895092 -0.115128118235872 -0.0681672002427458
0.199859610009224 0.159426965033196 0.0548366876230042 0.336643575904985
0.259383187492979 0.096951652566872 0.352485891732328 0.0780089324093652
0.32639278465929 -0.0242649464367558 0.156998095981722 -0.0937243735573796
0.258512603536828 -0.157617583605636 0.0664468228027504 0.0141259926222496
0.158111981411028 -0.203950051209618 0.142122017928086 0.0414536049460979
0.0900437822972265 -0.195818321978036 0.166777267063603 0.00221016977947209
0.0892951862104898 -0.161596102943164 0.10256327413149 -0.0372733049263038
0.0990333828703177 -0.154003332036427 0.0381050379281106 -0.0079584958223925
0.171957768104689 -0.153255148833479 -0.0197510450160772 0.0246026120998072
0.253228497781966 -0.0885930977672353 -0.0966202797530484 0.0447936664983889
0.326904476218782 0.0288747530546641 -0.184509120100263 -0.0686691422758669
0.246478175897675 0.181548768527807 -0.157593115741955 -0.193805800944329
0.143863971634997 0.264331710704005 -0.0801936149972666 -0.297650212507982
0.160990351187342 0.244464593031792 0.0492805894865459 -0.285052586729904
0.194996579233014 0.0670316533135986 -0.154417287657024 -0.14945505995012
0.11555068727452 0.0720411411381926 0.0471144522483857 0.238262042110598
0.170966998947037 0.0906415412623479 0.309230377039823 0.00782701161017879
0.29587417794517 -0.00411153913799748 0.161400630324184 -0.10385847311854
0.237082242723639 -0.166734618373138 0.133701397611933 -0.0404804551267826
0.11733026791504 -0.209622563830437 0.190474815519764 -0.0521571714013278
0.0457395018480973 -0.18690900833052 0.194575228990368 -0.0908243332927419
0.0412100967180004 -0.153071877686511 0.124110867672341 -0.104680402145899
0.0524999738381192 -0.141596332761088 0.0685553960950205 -0.06692658908312
0.117265885406107 -0.142992749402499 0.0234347664681855 -0.0309432614346314
0.20958666200648 -0.0966185869044159 -0.0380521574097063 -0.00787913869389113
0.288322107757122 0.0434234844502844 -0.114887910393648 -0.104208904928308
0.163672023581388 0.189149678066463 -0.105585851085681 -0.219210332247831
0.0584079060454754 0.189120993462262 -0.0439881256097644 -0.344037744169412
0.138540767556528 0.118044439604515 0.0465919375918805 -0.361583662209763
0.125267425866519 -0.0586038493808111 -0.180006476538138 -0.197610749317479
-0.00700749521084144 0.00976166804635232 0.03675990051071 0.140211609774581
0.0640376292198727 0.101418346601749 0.236735037847881 -0.0360881305221287
0.231707104224099 0.0206140709354507 0.158972678607278 -0.0845147359192959
0.173861624605157 -0.142989532033852 0.190580278523994 -0.0857224805549822
0.0552935650996151 -0.170160566981792 0.219486722852722 -0.135329820622803
-0.00551341482937867 -0.142461863262227 0.200629345128333 -0.170304302920847
-0.0140227922266644 -0.122367592571471 0.128476484832609 -0.159213404093689
-0.00230849143783679 -0.116100177021222 0.080987084650119 -0.114596848165738
0.0508701042109817 -0.128638660067381 0.0495336547032561 -0.0794510412175124
0.152414647885055 -0.103436771614706 0.0136544257306836 -0.0559483708499487
0.224807796805501 0.0464593265938793 -0.0419718477556156 -0.116820931007495
0.0650499540077484 0.154403441920463 -0.0545593222353755 -0.212435468108913
-0.00931238030486599 0.0644654534686106 -0.0116365562380301 -0.364227412499281
0.125664819710753 -0.0283960037256742 0.0496459213059609 -0.398445885187134
0.0270168612439797 -0.170647529943483 -0.18290332335974 -0.2101067546692
-0.120329216063986 -0.0372340912803665 0.0241810895805929 0.0671117055258342
-0.0328264818410716 0.0973117040406191 0.174404526313719 -0.0385048390337474
0.138270455540018 0.0284028939879037 0.169905315155527 -0.0541226729805993
0.0786632100395762 -0.0992947670272051 0.228466246951234 -0.120173336340332
-0.0178323919893485 -0.09870585243634 0.220807691720319 -0.191378128977938
-0.0559292678921084 -0.0722615837272891 0.184014283951306 -0.217636163282752
-0.0683907371755502 -0.0717594166511069 0.115241094013557 -0.190838249323685
-0.0560084085429622 -0.0780951147959251 0.0713416439021373 -0.151089173883107
-0.0133410262794645 -0.107850640816951 0.0570154684125371 -0.123929834241633
0.0921618582930163 -0.105331792441761 0.0546015707993366 -0.099355405286904
0.14514472332801 0.0378566771791881 0.0161495149822743 -0.108017198844108
-0.0268483230292185 0.0809167640373282 -0.037292061343443 -0.184695665377269
-0.0389106902217768 -0.0843823261671194 -0.00744520766043397 -0.374001944079493
0.120834786730203 -0.169048951993178 0.0455650589462142 -0.38991677603656
-0.0678807687662636 0.262798513074181 -0.110718054135699 0.333943762094532
0.0872821242285315 0.199326735160716 0.0200388008358691 0.454555662211442
0.0994101527363307 0.0253732811667341 0.0954402590783881 0.168121124342273
-0.0293333467158149 -0.00932640506895342 -0.0396653213893995 0.0453094749748671
-0.0181555001774352 0.0779442439459641 -0.101988665972267 0.124787593335842
0.0630455797269671 0.0715136975697593 -0.047943748299365 0.159461415249309
0.095773918208457 0.0235982157532279 -0.0363554776534193 0.167152219221136
0.107983221389381 0.0143126670377949 -0.074590285793508 0.168268158616015
0.093408434753223 0.00238157114439646 -0.137042409608078 0.206224044869697
0.0855597052553607 0.0182279980072037 -0.195174763365644 0.189345139556128
0.0222858093867251 0.047014195597581 -0.227885001209079 0.129702595957013
-0.0212332067889923 -0.0371498505555773 -0.188140927752015 0.0503959622142998
0.11428118315255 -0.0692969443988977 -0.136937295279235 0.0139994230158338
0.187682534165846 0.118796326670772 -0.0871586599214985 -0.0439813341773313
0.047230915772114 0.278954720811263 0.136695475878747 0.151251309761148
-0.0217273107094753 0.317300219464278 -0.0863105725289413 0.255308237839156
0.106466178414147 0.284197616751193 0.0245378989994103 0.469447649194476
0.172827334504461 0.107511635141243 0.173135454109351 0.173673176860662
0.0918723391366727 0.00832257682503418 -0.0055590919344988 0.0125968975242346
0.0693190826486419 0.0362473700011029 -0.100999372193012 0.12945836113455
0.113730656598325 0.0128286308811601 -0.0229419792427581 0.179664201544885
0.12556393534162 -0.0408785702080331 0.00904939289778879 0.170155691149587
0.136748337523245 -0.0497929015567126 -0.0292764949911911 0.14441013269303
0.125297831243736 -0.0644318381058763 -0.0951476174174111 0.180015847956209
0.151959224599971 -0.0557903540599763 -0.163795417230148 0.179903998086375
0.13439550715542 0.00256548511174878 -0.22214586921528 0.142647285770811
0.110230357930133 -0.0140711213235724 -0.217240805424115 0.0345457283487818
0.187586756393591 0.00570955501215703 -0.14864143427872 -0.0334866920333528
0.224323084652359 0.189380293079446 -0.0865291502558375 -0.0764921417380208
0.117777365462318 0.341539222389705 0.112632280883949 0.0683445301890741
0.0543957709011821 0.327456126812352 -0.0663048503157815 0.147377646110822
0.149573027740495 0.302837646160394 0.0327866053800164 0.451009549538313
0.239836748762596 0.147122428465578 0.258316049166003 0.173266263443782
0.212547555769123 0.0113770138819005 0.0590116889495175 -0.0223449280879266
0.16316939099987 -0.025934194851156 -0.0651630701978733 0.107816013850687
0.154892471291793 -0.0642501654838953 0.0193470092256927 0.166975672859825
0.136116487895678 -0.105595907491594 0.0616880553605196 0.142001545418843
0.145030528018479 -0.10378104853029 0.0193983772333836 0.0961050487854005
0.139378613839977 -0.113459341288393 -0.0475011603472108 0.125784061923462
0.194528874268431 -0.110633099892484 -0.119039608748178 0.140189612436896
0.220178377560534 -0.0369803144427026 -0.192568843630083 0.130530170306667
0.226991203967027 0.00468894570222773 -0.226893005532366 0.0119134940236617
0.245345663896127 0.0841003984606801 -0.165821729148419 -0.0851002557330672
0.227635813515218 0.25092283246899 -0.0916373242315944 -0.139452906148357
0.156348591436217 0.359614200538809 0.0858606301920297 -0.0415928506880642
0.137436635440977 0.287156133478063 -0.0684183318391863 0.029963818090914
0.191788217243338 0.255339760019451 0.0381643789198946 0.397988278166521
0.27380324429079 0.136796744641968 0.319475038191377 0.142488598812361
0.292102492365354 -0.0015782791211864 0.123068563429498 -0.0603826895273038
0.233211931765895 -0.0919017749840412 -0.00483901297387685 0.062908230493021
0.173854324730674 -0.14024043247804 0.0751799343604457 0.117173206948976
0.126850751995203 -0.158036785057174 0.114528730269609 0.0830543859434455
0.131830255070498 -0.139911449927265 0.0651922029516185 0.0330305267542585
0.132950222849498 -0.140784780491527 -0.00120988821091056 0.0590219384806405
0.201196661690314 -0.139009548942061 -0.0668635009494183 0.0839560030443755
0.260494141964207 -0.0639881110699089 -0.144029436845653 0.0939503838149818
0.29902493954898 0.0217236084749389 -0.209214639056527 -0.0222165026462349
0.264376570083572 0.147933386058815 -0.167160089240767 -0.137408523653726
0.194882576428638 0.279647380012596 -0.089118676077384 -0.215384748227788
0.160371336550312 0.323936528537529 0.0650534087409025 -0.158575812370613
0.189109874235932 0.199691820318055 -0.0967152715345731 -0.0779279518405829
0.186028531082056 0.167253123334939 0.0378018037708351 0.319960762469303
0.244322239934894 0.107841694650538 0.333487630291812 0.0820872004294009
0.312619205954233 -0.00620539735362235 0.159702461985784 -0.0930891212072291
0.257688792952441 -0.136531683519648 0.0638038307199254 0.00738884338558682
0.162837916029409 -0.190037275193013 0.132927709337951 0.039377243024175
0.0986728776057488 -0.185029037766459 0.159398796715533 0.000659395299149415
0.0982650765553562 -0.155274755272498 0.100527400101948 -0.0353287764706603
0.104746701171956 -0.147257062045709 0.0398200432771778 -0.00564089111048968
0.174630989524884 -0.144238833195586 -0.0148958309241503 0.0242855266384988
0.252883469157137 -0.0769799526061142 -0.0851231059053241 0.0454318097915402
0.310489491378623 0.0396421512715367 -0.162432932274699 -0.0626430379260144
0.228894892723147 0.186516368470591 -0.140269167244692 -0.183253142859122
0.127953830271509 0.259093350229064 -0.0665100234629838 -0.284738497412125
0.145387115571096 0.238822381361937 0.058484081004774 -0.263267816196538
0.185351463631304 0.0812854245374664 -0.13522201142779 -0.159947701070614
0.109807126710878 0.0778859687852866 0.0338565252018027 0.227685558822525
0.158791453015643 0.097143292930947 0.296286984384044 0.0161671026979043
0.282265984829001 0.0103211961575295 0.165401265961188 -0.100214312984807
0.236535405059514 -0.147452611027017 0.129518070186803 -0.0430519588465407
0.123225361050928 -0.197515878205235 0.18245979229089 -0.0469939978344911
0.0554503240321289 -0.179449196114799 0.188941078206643 -0.0866596455876896
0.0496321042335267 -0.148915599979806 0.122562950176159 -0.0993548516079919
0.0586412081435193 -0.136882232520323 0.0702823841731674 -0.0619074844540644
0.120062446051363 -0.136577728276334 0.0271860397172845 -0.0290962526492307
0.209461171142955 -0.086805408300922 -0.0275636917784391 -0.00453185185804766
0.274287461418774 0.0509395681480905 -0.0959128084832635 -0.0929377451200426
0.148797236828432 0.189306984288771 -0.0897913821849485 -0.206012644802813
0.0483477720855827 0.18210114214526 -0.0272554882719363 -0.330003879814287
0.12745173665773 0.115119179542088 0.0648919451512166 -0.338585198753894
0.125714286332071 -0.0459970992744935 -0.163689471305557 -0.207903293476519
-0.00580493772860823 0.00928577179312774 0.0276153309866585 0.136441951182596
0.0536930651655455 0.10212773047921 0.230845491284666 -0.0247012563734151
0.219326148377179 0.029625761744719 0.161455977938414 -0.0792518345551443
0.173131057111422 -0.129087381621162 0.184607960825519 -0.0818726074078959
0.0601455156485703 -0.162800473701021 0.212501196661907 -0.124009353924424
0.0035890362513944 -0.13964359870049 0.197001484018467 -0.161505005349969
-0.00654279628154965 -0.1206827642614 0.127854107494226 -0.151143149441578
0.00314391046564236 -0.114348291303029 0.083229026962823 -0.10823758963555
0.0546331496482973 -0.124448752038236 0.053139844649869 -0.0763564948566963
0.152669170827578 -0.097168056628561 0.0229415210075829 -0.0500531638727786
0.214003342155902 0.0499026999508546 -0.0273746289006982 -0.104147411789734
0.0557880104833685 0.150889567492058 -0.043132757977686 -0.199765890655194
-0.0112398557542053 0.057400299520509 0.00782401063463506 -0.350482484820786
0.119823054449388 -0.0275806865271114 0.0735632924970691 -0.374075194797299
0.0371151319968881 -0.162588128969709 -0.171345246640069 -0.217496450891841
-0.113802952635338 -0.0432652577667633 0.0195271355542015 0.0690757781310478
-0.0395112065903313 0.0920192886318083 0.17100865381132 -0.0263938648299196
0.129359956941226 0.0312991667333496 0.168849372565295 -0.0462700008127522
0.0781728733153592 -0.0937665733682703 0.220315227925242 -0.109624419740234
-0.0145441144365685 -0.0973343817523098 0.216557775959798 -0.175279332991208
-0.0498353629922099 -0.074407765763504 0.1824582846457 -0.205239779800875
-0.0626658076261094 -0.0737211451562813 0.115130712397146 -0.181004004899369
-0.0515106856940096 -0.0801044638149499 0.0745713093761689 -0.144091377279488
-0.0089444831873059 -0.106863059795939 0.0606924144359297 -0.119550306857174
0.0937563612393419 -0.101522775885724 0.0625241790751663 -0.0926401333332607
0.138712090069301 0.0388510950050601 0.0255771827443479 -0.0952195635958663
-0.0293434574800447 0.0755948177238704 -0.0270909966940656 -0.17554278137685
-0.0333968000842467 -0.0889756066712213 0.016712625823242 -0.361110985603576
0.120265454244146 -0.163627399016758 0.0737242391958843 -0.368587108997918
-0.0733749561437377 0.259041433783404 -0.116101743265886 0.330422427885677
0.0832269127814534 0.198911138982473 0.0102926211442622 0.451277441365041
0.0976892534350796 0.0247951160953038 0.0889492850719975 0.166107412165231
-0.0304382920320598 -0.00896808676652904 -0.0436661347735838 0.0433867779730468
-0.0197165683367206 0.0784885555632411 -0.103071351902425 0.124605094280033
0.062211525798323 0.0716188607230344 -0.0501348868307116 0.159212907467203
0.0949804572832065 0.0239174635332591 -0.0368651989541047 0.165307225753768
0.107652411041484 0.0142957186021277 -0.0760799823935802 0.164264375330447
0.0937150201872036 0.00381575155882511 -0.138374423080377 0.202218700360246
0.0844064996139133 0.0186921706315623 -0.197793376435114 0.185030971377558
0.0232880073455081 0.0478640284938385 -0.228622981985535 0.1254690245471
-0.0204217060447949 -0.0359815411251847 -0.187340619348376 0.0453172048011841
0.114177789397679 -0.0668822182450195 -0.136108393618691 0.0100369382709481
0.184806511230044 0.120507084933989 -0.0861627051599517 -0.0433292666671921
0.0397569720739431 0.277378587653679 0.133931028230743 0.151206763891528
-0.0285488724856275 0.313203198449135 -0.0901887871780509 0.252045778995667
0.0997078351047232 0.284025333988607 0.015297138329805 0.465120605157149
0.16760934958875 0.106917813310509 0.166020134940623 0.173845169925193
0.0899235293961519 0.010326937755427 -0.00934061681430791 0.0121521908420297
0.0678374740736141 0.0387055059680923 -0.10215962747941 0.129480898437255
0.113233223309769 0.0144816357356095 -0.0252143918868233 0.17936934550756
0.124961885141801 -0.0393369442353746 0.00811979156201542 0.168645160635294
0.137395838166955 -0.0490032501320419 -0.0306815567979408 0.14137898433017
0.125537209786114 -0.0624257057087358 -0.0963179118272746 0.176683785925394
0.151451255869659 -0.0544223622077664 -0.166195401968024 0.175997381381962
0.135136424652087 0.00479583361845312 -0.221318140145721 0.137513935363692
0.110420729633257 -0.0118689274675036 -0.216275787538351 0.0295552840341152
0.18565876118915 0.00959573147956071 -0.147262818898999 -0.0373249276416677
0.219166697069877 0.192635177731268 -0.0842507718490853 -0.0753947645387788
0.10902690039744 0.341295524860861 0.111218262742844 0.0697406237117501
0.0462348010048359 0.324292064167173 -0.0684870193039022 0.145235753471928
0.142246565961972 0.304778052223072 0.0245937965852044 0.447395292310834
0.232502023513258 0.148299768655186 0.24917145550566 0.175169924677807
0.209912640774425 0.0146472350029827 0.0555593004604621 -0.0206980676640611
0.162412371951326 -0.0216319496736147 -0.0659287365194676 0.11017548960144
0.154793761943533 -0.0613816038926982 0.0180842488864347 0.167718740945813
0.136903719320626 -0.103472350518181 0.0606237513146828 0.141173731364144
0.146200227123936 -0.102577453692918 0.017937769475158 0.0946466494860839
0.141144673289625 -0.110728955584845 -0.0493529713238512 0.123353249473943
0.194299312731118 -0.107624634136844 -0.120436291251009 0.137877689676076
0.220729580417158 -0.0334735355316425 -0.191713616293059 0.12525382430248
0.226371099047297 0.00827501810700988 -0.225783148706653 0.00728811034407979
0.242720608228205 0.0893337434648163 -0.1629465041538 -0.0885961790174214
0.22140092336087 0.252943513262671 -0.0884870011021216 -0.138558390436442
0.146596946788154 0.359198870422391 0.0862149819787667 -0.0399067146361042
0.129540560688727 0.285183750147477 -0.0684722295280306 0.0284217690261119
0.185951476285786 0.259201930038301 0.0300741312360468 0.394666162149287
0.266985172856948 0.139566682472114 0.310302855041473 0.146030396500429
0.289881610122784 0.00327136105785773 0.119442941387284 -0.0567424374198036
0.232864725539843 -0.0869627532292309 -0.0051690993606201 0.0667391130554867
0.175180683884714 -0.136648514329577 0.0735462021039126 0.118731410838472
0.127872659216504 -0.155874788178162 0.113884074148394 0.0826915801093925
0.133688404233 -0.138290009577776 0.0629569335815571 0.0329529274850139
0.135375504577388 -0.13757652820005 -0.0017709972045478 0.0588841657774353
0.202405324617222 -0.135447654678842 -0.067197860682007 0.0823308148368202
0.261248939570433 -0.0600331521610729 -0.141628262651613 0.0905328793087342
0.297471926696865 0.0257961293635349 -0.206930045703436 -0.0259270685987091
0.260188987310391 0.153284416982567 -0.16242552827558 -0.140484880413101
0.187184161591452 0.28213152090112 -0.0836328844044428 -0.214845155911198
0.15130890361256 0.323602092708555 0.0672435196717607 -0.156083492819914
0.182937221795004 0.200268650424843 -0.0951803740986877 -0.0791190008509921
0.181628243691139 0.171485087789094 0.0309435632045998 0.316764824017775
0.238512323031539 0.1112386064058 0.325893809061617 0.0864729247020874
0.310000803754955 -0.00225175132688725 0.156330182971316 -0.0877744640216675
0.258651428217202 -0.131363489057256 0.0636077784785806 0.01256479600829
0.16519247890582 -0.18655601283696 0.132591049387137 0.0421329543109763
0.0999020259341972 -0.183105852417527 0.158278249140149 0.00175577004591626
0.100496479187529 -0.153521972575233 0.0991778538601669 -0.0340659569857576
0.106696463800463 -0.14392086684937 0.0400391595364667 -0.00415508894928061
0.175277219232484 -0.140315036098053 -0.014744407421761 0.0235197471153827
0.251617965317927 -0.0730327441137649 -0.0826612224277969 0.0430653677543331
0.308011093908872 0.0431714667391682 -0.159647244243971 -0.0637749089903651
0.223520709681944 0.190675448159108 -0.134256225510996 -0.184312034179007
0.12137569517678 0.260376867183799 -0.0594229553248952 -0.28343616941365
0.137482711157179 0.239373092412484 0.0626245716027123 -0.259964040346441
0.181149283148622 0.0832663041920257 -0.13193750485373 -0.161550506231313
0.107862242161404 0.081192245586177 0.0288651350102398 0.225845814616711
0.155133289531102 0.0999521786599876 0.290644745097197 0.0204429632346696
0.280893430724401 0.013719675335288 0.162903777572199 -0.0948141940944538
0.238065037376694 -0.14332505761411 0.129306837559826 -0.0370953855800826
0.124782000205813 -0.194687486095429 0.182681316405638 -0.0438899286110087
0.0570303711103161 -0.177247085407827 0.188066297211136 -0.0860524055202258
0.0521116218014802 -0.14744620538351 0.121712538613716 -0.0970112643201687
0.0606269167112408 -0.134396676854964 0.0708530750136408 -0.0598739743521478
0.121023884515778 -0.1333248149277 0.0278489976776071 -0.028841532023018
0.208040295313583 -0.0836921367687751 -0.0243072798534316 -0.00581065993582503
0.271453323864371 0.0531636682422488 -0.0934800651123302 -0.0925735762195942
0.144545995753341 0.191748544839271 -0.0833494211662228 -0.205391116494135
0.0438768091389261 0.182844644484592 -0.0197821102459913 -0.327512662844711
0.122737441429791 0.115774228133432 0.0703390440931174 -0.335100477286411
0.12476102417849 -0.0440514075841776 -0.159479231809579 -0.209155366599634
-0.00560006254436049 0.0109721352532635 0.0240093881160907 0.134524283160323
0.0516168148785845 0.10387671333874 0.227209211382571 -0.0212319542808538
0.217523208559661 0.0313308986382693 0.159818220865667 -0.0746939851655185
0.174316000780785 -0.126614785169076 0.183505194106596 -0.0752581910017558
0.0610787426547439 -0.160796132328192 0.213076137758443 -0.119856212180217
0.00462386025216178 -0.13875431947042 0.196990845296827 -0.159550183971269
-0.00469963053638292 -0.119353854097957 0.127739733415846 -0.148041701448508
0.00476477133225017 -0.113304951040888 0.0836570224349818 -0.105606056461883
0.0557230873002908 -0.122527914857979 0.0534681833723441 -0.0749594056363994
0.151478827965941 -0.094536642133691 0.02551396452794 -0.050335062060407
0.211745428258786 0.0517906788768666 -0.0247288648245473 -0.101857634187455
0.0531554305702084 0.151709267857645 -0.0370040341144583 -0.196942225657351
-0.01312947167683 0.0578669430495456 0.0160317128913163 -0.347437217514724
0.119264435859585 -0.025253624313621 0.0795012862945951 -0.371326394594112
0.0392203306482265 -0.160631917144584 -0.166807694632901 -0.219224864809144
-0.111568900289411 -0.0442019410563764 0.0180973409658169 0.0673319667316171
-0.0401675881965588 0.0927503244853676 0.168860358383557 -0.0235833086335974
0.128012762737989 0.0319623182404837 0.167424246534045 -0.0412530495274823
0.0787905887095764 -0.0927511158433327 0.219500613405098 -0.103570590026938
-0.0144444890177829 -0.0965526099654922 0.217918734162562 -0.170584056397863
-0.0492174597795464 -0.0742057154178557 0.183803081913254 -0.203511230649689
-0.061610223502492 -0.07288113627243 0.115744141805231 -0.177230064383506
-0.0499755371774179 -0.0793907618799606 0.0750204772850542 -0.141497562015105
-0.00744574672053292 -0.105564509575447 0.0612882737208373 -0.118518862587354
0.0930056296288222 -0.0996680136001726 0.0646919631772948 -0.0914876149222364
0.137702472437968 0.0394709630767294 0.0286057350158274 -0.0931005740679192
-0.0301644040271631 0.0754076917221475 -0.0207972259905727 -0.172235993802891
-0.0321637223163522 -0.0888382956336821 0.0244802117833586 -0.357900994933352
0.122295765909591 -0.159659654334813 0.0801641033029598 -0.365529223964335
-0.0793708839247214 0.262987612984551 -0.124385585405921 0.335985991609173
0.0819934780204484 0.203978270038394 0.0037664163244722 0.459546972859964
0.0978811865797253 0.0248277847484832 0.0858695773831212 0.168053470947765
-0.0319983624331752 -0.00845872742544287 -0.0488743248818611 0.0432683397961685
-0.0214391313482999 0.0815687856011522 -0.107094022001722 0.127533543080659
0.0638461459172194 0.0741577670878856 -0.0523602476524602 0.163582393660734
0.096959973023065 0.0249572821236725 -0.0374824450484782 0.168404126122114
0.110189336818489 0.0147310671766565 -0.0786747519516549 0.165210333186762
0.0956525738587915 0.00456702555956335 -0.142991103842619 0.204909291757031
0.0864775395951007 0.0188763389482181 -0.205495174019403 0.187235754661827
0.0247245321140229 0.0495464355534707 -0.235465572121576 0.126017196753099
-0.0200749973080552 -0.0358015718670608 -0.191415609092215 0.0420407998691571
0.11752690744485 -0.0654951994350148 -0.139385607398534 0.00648792912764214
0.186665190399836 0.124286827229525 -0.087874609909378 -0.0435021102751669
0.0352035791195324 0.284797694147555 0.135396433791721 0.155279854387337
-0.0353926550038131 0.31876976769132 -0.0967204336672686 0.255732163462329
0.0980414184055501 0.291942714410058 0.00702327076645314 0.474485664625556
0.167657966145975 0.10952642549813 0.163533207981764 0.178729060211515
0.0904747139277981 0.0119527198722456 -0.0139404002730874 0.0122145096199566
0.0688583889363483 0.0418533394491804 -0.105722794573929 0.134188892330965
0.116135962487794 0.0162380154187655 -0.0266044572156818 0.184412585113633
0.127728270304917 -0.0395669860728987 0.00876529706946841 0.171722375255418
0.141404506264533 -0.0507073906927753 -0.0334637142198307 0.142340837899052
0.130563218202555 -0.0624122553542563 -0.0999635693642884 0.178525112823532
0.155836471733185 -0.054485455806103 -0.172097818307132 0.178640304665299
0.140252241244578 0.00665862880218796 -0.227792346285439 0.137542013809356
0.113692482427138 -0.009815727865723 -0.221324482587326 0.0265037825737921
0.189722777211483 0.0141109284461962 -0.150445652757032 -0.0426795499857765
0.221160599748445 0.199470050837419 -0.0857185428669396 -0.0766598040164579
0.103790608538912 0.350783030248897 0.113593475766414 0.0715159058840419
0.0411612864537069 0.330520666974295 -0.0718161101802847 0.146984841315716
0.141139194287484 0.314959638276932 0.0169808353918998 0.455588611634355
0.232641499500262 0.153551981618976 0.248915899563693 0.18160581479611
0.213440909873887 0.0179597686708449 0.0525357692264316 -0.01944499645537
0.166814106623941 -0.019142760678135 -0.0683260892096236 0.115230135663012
0.159072020869581 -0.0608621159908949 0.0172078458051462 0.17281011935266
0.14027893760385 -0.105069328908972 0.0623634042561835 0.14302852078165
0.151646890169126 -0.104560986792218 0.016514416251563 0.0956272067791919
0.146844111833282 -0.111582873694105 -0.0511049163541677 0.125267868550183
0.199983195243229 -0.108797417824147 -0.124920535918315 0.139619389279555
0.227789702094194 -0.0320310980365208 -0.195853066391554 0.124461062387467
0.232264075023026 0.0114844799666399 -0.23103535164219 0.00451824681133293
0.246328571167228 0.0956890192380063 -0.164905615849466 -0.0949073631096415
0.22178906613945 0.263144620232355 -0.0879169929823076 -0.141699873825033
0.1416180545877 0.369035797783647 0.0884537734589466 -0.0400523924510961
0.126598790877544 0.291971305008309 -0.0704431901007805 0.0276007520310422
0.185649360774309 0.268996606896626 0.0227244870400415 0.403395833761405
0.26798262794837 0.146183569743565 0.31156825551341 0.153699154145778
0.296431308716162 0.00718754319725316 0.118743633623545 -0.0554531564474848
0.239684962020804 -0.0855682605132363 -0.0054348431122057 0.0724006857825998
0.180479831935958 -0.137904954480383 0.0753980510203199 0.123359500126843
0.131846956035893 -0.158599274196375 0.116397279975697 0.0836948652937858
0.138775443501625 -0.141479058085134 0.0626021365089817 0.0338590821610571
0.140968643495945 -0.138664449826668 -0.00249334945731717 0.0598085812132354
0.208505980049153 -0.136277641293046 -0.0693536732383154 0.0833537372511656
0.268686819771989 -0.0584829560661603 -0.143688641191583 0.0891341185234056
0.303628153405098 0.0292538196642743 -0.211016010903536 -0.0284777816426545
0.263904495787183 0.1619358168021 -0.163474541938142 -0.147441923544032
0.187049941272549 0.292648066405914 -0.0814189793197453 -0.219415578656501
0.146559610785335 0.333713369260697 0.0714656339369087 -0.158709672486922
0.183334375051322 0.206139526410677 -0.0956982605500125 -0.0826289508766733
0.183730569640084 0.179376206407266 0.024889954293601 0.32369462139724
0.241101219217639 0.117130353511458 0.328019294748252 0.0931145020411727
0.317923652275909 0.00177592264439144 0.157591545609994 -0.0859236366514364
0.267001302170239 -0.131913445468682 0.0653962489093233 0.0179716145684351
0.171039773474567 -0.188839868735544 0.136561928690814 0.0448932319513551
0.103271629888599 -0.186562307245124 0.162403489865588 0.00107363469592613
0.105459108538217 -0.157070203817088 0.100221850099664 -0.0339599888781884
0.112035563239526 -0.145216023618429 0.0415572584555685 -0.00472392308098307
0.180354141587509 -0.141409564356037 -0.0149910062533671 0.0241038352079047
0.259030766855688 -0.0719654562388573 -0.0824701236806253 0.0412498157639796
0.314642403824909 0.0470634089871314 -0.161938639452724 -0.0667352573924267
0.226241021553266 0.199297310554525 -0.133106798732964 -0.190761545107484
0.120197962888694 0.270902867570193 -0.0556100793190804 -0.290082693469216
0.135107527552919 0.247100530720457 0.0678284977129129 -0.265258351755187
0.182705673383708 0.0873894647149165 -0.13236967694336 -0.167398616091728
0.110649521210994 0.0862625748805851 0.0241619773825141 0.229973766938824
0.156249989294019 0.105217477449728 0.294057754903783 0.0253618920326951
0.287554603971526 0.0171760111971113 0.165097501573423 -0.0939834094958313
0.246309932368313 -0.144273147690993 0.132634330798176 -0.0318937199592044
0.12978028973595 -0.197755562594405 0.18861047361618 -0.0427585834783504
0.0592020199890227 -0.181401126942565 0.192996771508119 -0.0884836233786515
0.0559556412447486 -0.150706130805099 0.124116824511479 -0.0968028508487998
0.0647487230570115 -0.136352427259423 0.0728273220189928 -0.0602005000240729
0.124730204014957 -0.134657766282919 0.0292127416999607 -0.0291243410103181
0.21316407947923 -0.0834589388773341 -0.0220244384625053 -0.00703940338286701
0.276863201457532 0.0568261738058544 -0.0935388969159931 -0.0944602930718382
0.145094343014481 0.198821938086332 -0.0807250385992607 -0.209938297925019
0.0417079915558506 0.188681823995404 -0.0145116098878488 -0.334981030695609
0.122283148230067 0.120424519272505 0.0757272436206909 -0.341664191470774
0.127395472008377 -0.043096497150081 -0.159933787613079 -0.216786952707283
-0.00448116956221976 0.0125954008275325 0.0217700081551985 0.137013174324912
0.0517971850852448 0.108381672097007 0.229889222319215 -0.018831904013819
0.223005355487966 0.034405653889457 0.162331122347724 -0.0722993582753331
0.180370977609041 -0.128297244254926 0.188043676124781 -0.071290564985637
0.0640984317491397 -0.163722136037774 0.22060697118455 -0.12051750477095
0.00559759973303928 -0.141647685634983 0.20219161254591 -0.163460154177264
-0.00339851230584029 -0.121592590917353 0.131294935781859 -0.148400134656474
0.00642010795801423 -0.114937555298145 0.0862120293047402 -0.106959688211372
0.058670172898379 -0.124025561791523 0.0553977515546239 -0.0764837773887863
0.15502389102888 -0.0955476915557942 0.0285275667006948 -0.0518691909870351
0.216905442104215 0.0540428412141997 -0.0229796358736268 -0.102841111528966
0.0526869654165379 0.156914458665633 -0.0327946499331528 -0.200853299638331
-0.0149269483082818 0.0603510151834315 0.0226109188318693 -0.355558261529787
0.121390661832576 -0.0243877704528813 0.0866233319996664 -0.378554510161823
0.0419491919224569 -0.163303623535438 -0.167916445887399 -0.226921322279962
-0.112526440775509 -0.0460201124263809 0.0168735178625302 0.0681864186066995
-0.0417658051988893 0.0956402311758407 0.171951091562737 -0.0215960527201364
0.130386424182864 0.0327593611727914 0.171105180732638 -0.0382258647521991
0.0812820804360487 -0.0952241016976018 0.225007538981572 -0.100303985528782
-0.0145401228285856 -0.0984224564598711 0.225138024949796 -0.17275440866151
-0.0502815175795597 -0.0759692002667132 0.188859932691099 -0.207679107892604
-0.0623230276712048 -0.0743294572298044 0.119557520095811 -0.179063315211544
-0.0509086327205436 -0.081654363249606 0.0774642746510763 -0.142525427436181
-0.00613151103920995 -0.107709574858622 0.0633933935767604 -0.120901175472271
0.0952067345255086 -0.101614419613143 0.0686436928946762 -0.0928521894349961
0.141208237370307 0.0409982350115875 0.0324162626595268 -0.0930818165993425
-0.0314314790289379 0.0770530056874328 -0.0166787348014489 -0.174445397545694
-0.0319407604151723 -0.0904842416344682 0.0326672073801888 -0.366368199338599
0.12727365363876 -0.16172052778965 0.0870241387355791 -0.372805869506668
-0.0808168764614869 0.274720604169582 -0.128169922088596 0.350951191808236
0.0871591957093022 0.211523494789411 0.00445184783285808 0.478628537664735
0.100508962224628 0.0227878040817857 0.0881378100881492 0.172330824477832
-0.0345106776169227 -0.00779366537669808 -0.0542049438273599 0.0458231084738467
-0.0213280765278507 0.0870157165311591 -0.110621422501202 0.1357634141376
0.0685943924345297 0.0757458155717439 -0.051694904428405 0.171921011718162
0.101725468123593 0.0244561076723695 -0.0347270287967507 0.174873120928641
0.115708213910831 0.0126102475577039 -0.0799938668439057 0.171309872693171
0.100352168052495 0.00371931990547083 -0.146129174267561 0.214190469246302
0.0903178995315065 0.0180236935058316 -0.213482742297354 0.198430730806653
0.0291545965791405 0.051840853669383 -0.243733048251918 0.133179032064205
-0.0217773718196648 -0.035462283398939 -0.198688297443974 0.0444099245881088
0.121394317454665 -0.0693192685689389 -0.145903525110563 0.00624152189577999
0.196216228993704 0.127528665757222 -0.0926990417114603 -0.0429967684890108
0.0383949467213529 0.297483391041496 0.144500114780629 0.15895901775348
-0.0343122262460608 0.33133922962057 -0.0994012519926822 0.267103109145932
0.104834947903543 0.303506557097918 0.0106344080067452 0.493810164761645
0.173241175897426 0.110771731519127 0.168342882591563 0.182534277716579
0.0933338144879503 0.0117787233521215 -0.0188583702426883 0.0129254223202826
0.0721995798213822 0.0441862728774112 -0.108832781518902 0.143222467993202
0.122349784467276 0.0152368478061279 -0.0246117232067846 0.19367207351248
0.132357411564034 -0.0434226785986385 0.0138856724892182 0.1772392437916
0.147387235723077 -0.0563368257137753 -0.0329419180221147 0.147061836281729
0.136773058005731 -0.0664793453153951 -0.101008060623953 0.185845971413931
0.161550037851287 -0.0595083969415875 -0.178108471757733 0.1889627610672
0.148773824586472 0.0056130337799111 -0.234747516563841 0.145528621045631
0.118565626592603 -0.0109244406238901 -0.230735762239188 0.0292510704808341
0.19800922411562 0.0135661029257007 -0.158097826672695 -0.0443018057066072
0.231733632203572 0.205920834121083 -0.089922134036244 -0.0772363798297161
0.110787366688552 0.365599872536838 0.120161674039839 0.0721155090358905
0.0446814466178106 0.343254229397868 -0.0748021832381277 0.15357378862754
0.149835441960279 0.326758452927257 0.0186204962302649 0.476063304157548
0.240887705121603 0.1568475414825 0.257278349270065 0.186644683953326
0.221677867639738 0.0164427549171052 0.0491377378508856 -0.0210426975793646
0.173884150690169 -0.0208468866859754 -0.0692469501525392 0.124290616361908
0.165790502876232 -0.0659723432615965 0.0214019069877197 0.180709684714166
0.144350463954402 -0.110862502131421 0.0686305083159387 0.146741214027587
0.156922893102006 -0.112925110642808 0.0174329225769763 0.0977008229055795
0.153630655600459 -0.117992911955591 -0.0515055526327477 0.1295313395407
0.206767882042309 -0.116560453374177 -0.12833380508729 0.147230572951669
0.239579709938784 -0.0364882867260905 -0.201005424110118 0.131633761790121
0.242563719811871 0.00907212999912758 -0.240860921342896 0.00693031220599648
0.258275808132338 0.0985446028199107 -0.174016676330252 -0.0986344602667816
0.233121418066465 0.273100632082755 -0.0920202438444416 -0.145423892449002
0.149984997343255 0.384313354845914 0.0918327191507238 -0.0432882835426941
0.133828162809268 0.302063067486151 -0.0738654314353781 0.0291533846835803
0.197486663982884 0.280170756264288 0.0251276570491456 0.418948573969221
0.278490989501815 0.149896762615337 0.322564007450427 0.157103910489458
0.309506031952895 0.00397649250639783 0.118732191070815 -0.0579471416773599
0.250372402704208 -0.091137452357919 -0.00431031605226633 0.0798239394013095
0.187420063241531 -0.146496481271581 0.081484415158947 0.128307227909288
0.135269076230077 -0.166800197285913 0.122878990069174 0.0839525480264241
0.143685755027091 -0.150810992580081 0.0649304935336871 0.0334998732577295
0.147038735261642 -0.146161257924528 -0.00148349199207248 0.060819621823458
0.215350036913453 -0.144592104274189 -0.0709734597926263 0.0876249604232337
0.280471619892291 -0.06399948153623 -0.146924245046491 0.0933098913050465
0.31771763282594 0.0267125193337334 -0.22107989230646 -0.0265799314283156
0.277079196225873 0.167992187815626 -0.171924054426756 -0.153768386770624
0.197133266339106 0.304974699998131 -0.0862712752132821 -0.227175890166262
0.154029053846964 0.347032964434429 0.0726978938494223 -0.166864772617942
0.191199109817739 0.212653464324573 -0.10100180292058 -0.0849441975962718
0.194293587065886 0.18754233738062 0.0263345192700758 0.336323943491949
0.250477290441813 0.120206863219389 0.339870251059305 0.0939510417190972
0.332396839579094 -0.0021097899444478 0.159592455205622 -0.090346448123917
0.278700637896092 -0.14097594284174 0.0696502266614601 0.0223801133902258
0.175769425004486 -0.199283757151659 0.143666885186944 0.0459689401242938
0.105328183840105 -0.195820668833039 0.168828460736982 -0.00368941511389848
0.108262585007056 -0.165725983664873 0.103015939992318 -0.0359121806212116
0.116966697471508 -0.152635690189196 0.0427509619580795 -0.00566561630671446
0.186168963798173 -0.149942113001757 -0.0150626188862965 0.0253796790573885
0.269428572672128 -0.0791870502329274 -0.0824782310787073 0.0428558423637902
0.328846112276778 0.0441869033494222 -0.169427096335888 -0.0662157732737926
0.238084196911038 0.20630383735454 -0.139650315082427 -0.197880351831302
0.127357569975103 0.282716537172831 -0.0598321380199722 -0.300619152000125
0.141348444468686 0.255433015737072 0.0673946646795032 -0.277009341015958
0.190299259315145 0.088326546156388 -0.140125347824289 -0.173154909210106
0.117447711248605 0.0904940058390093 0.0261666789778764 0.239387093074634
0.163288203745019 0.109087381060241 0.303769808533303 0.0229587665505413
0.301407138596294 0.0131759485972323 0.168359681067736 -0.0979129034719105
0.255484320979324 -0.154156325829823 0.13800165122518 -0.0302315961554378
0.13241850598693 -0.20813054204155 0.197299931987743 -0.0470005248832659
0.0589338114016623 -0.189511925273458 0.19878935974072 -0.0967101502147064
0.0568801029337686 -0.157645811831599 0.127213269995227 -0.101458362821388
0.0659074941038232 -0.142803816625664 0.0748219522449632 -0.0636360357371532
0.12826282461539 -0.142160687083209 0.0297833638079188 -0.0310325471376899
0.22059157263575 -0.0904227659742369 -0.0206091870686041 -0.00839972465026786
0.289416077892398 0.0543692776332897 -0.097591033167165 -0.0960313774688091
0.153510676640681 0.206925368707492 -0.0852456450153997 -0.217974622405214
0.044790229249312 0.198635437368771 -0.0168732147651447 -0.349875558321497
0.127146660551666 0.124112600380964 0.0756334749388032 -0.356639384245535
0.132022631095341 -0.0465233981779132 -0.168773373694804 -0.224139198897136
-0.00302151560335134 0.0139732055442934 0.0230239674647114 0.141780349010497
0.0550769141517893 0.113355080511085 0.23658198300972 -0.0214189045398358
0.233693268778992 0.0315140852474176 0.167105648807023 -0.0754030615439648
0.186183461326759 -0.137878562566598 0.195702722756399 -0.0723664496061131
0.0638231665268286 -0.171347173472104 0.229301972774714 -0.129323258080336
0.00301275801528589 -0.147667722313176 0.206646087826684 -0.175172183684207
-0.00479474063283157 -0.126826645314491 0.134277166036332 -0.155681246112304
0.00553908155738887 -0.119192554514057 0.0875609901716423 -0.111695655718306
0.0589608129882175 -0.129523515692979 0.0568112475399584 -0.081007629161008
0.159225932123363 -0.102626284392274 0.0318239452175344 -0.0554133170033787
0.226986181682721 0.0524724395511985 -0.0237435799988788 -0.105486578565851
0.0569559188517189 0.164225562179138 -0.0342938831428841 -0.207200370195061
-0.0156188629722979 0.064004713611792 0.0209013340980579 -0.36994446768321
0.125468110534745 -0.0272663301920284 0.0862548382476215 -0.39622947710137
0.042020471228785 -0.170923636617208 -0.177689213037609 -0.234513407983277
-0.117135821758679 -0.045994916262926 0.0176991202896464 0.0702458325077484
-0.0414388281205001 0.101573708369774 0.177557543903436 -0.0250302716952242
0.136203879047699 0.031482056301497 0.17720033942427 -0.040024154306303
0.082904067532907 -0.101889511651364 0.233445044390952 -0.104538418825556
-0.0177090743175741 -0.101428537332611 0.233118703937977 -0.184597274643781
-0.0541956171956818 -0.0782881461605188 0.191454188503093 -0.220409679992902
-0.0661569678820747 -0.0755844163356827 0.121382139297046 -0.186748227837121
-0.054608620035732 -0.0838015287117819 0.0775263192054838 -0.148802503357416
-0.00807799918904843 -0.111296854334149 0.0641451344141875 -0.127529498479207
0.0963489820720037 -0.107641835748935 0.0722192341980506 -0.0986745524022836
0.148235534271323 0.039965639119494 0.0342895832351537 -0.0959763674688568
-0.0316359270766855 0.081922950750676 -0.0167224308993825 -0.179063589580222
-0.0349171010381217 -0.0931876233758902 0.0307266188050366 -0.382352442811565
0.131736178578702 -0.169743586984726 0.0875535649298742 -0.390079177836501
-0.0733533013371003 0.288215085574758 -0.119262362177146 0.36930061178419
0.0997274628129098 0.215361393200189 0.0240386463981525 0.493009318680086
0.103234464873353 0.0181346224025718 0.0947067804331161 0.172604990486047
-0.0368889215371118 -0.00590957048375155 -0.0587370789117176 0.0495712118158889
-0.0176819179479789 0.0936679554406752 -0.108994827716041 0.146668912635564
0.0758092359038208 0.0758254071543463 -0.0453968368696529 0.182324329598119
0.107506746157663 0.0204009441418966 -0.0252331436881706 0.18101261851997
0.121841770370128 0.00610204570746379 -0.0754050224438669 0.179107375434771
0.105585815639539 -0.000257866707264468 -0.141546087367517 0.226909168442151
0.0945333062649868 0.0136108824073183 -0.213082839415358 0.216953969967075
0.0348754159676094 0.0529166722105811 -0.247746514769403 0.149181023080547
-0.0237295772651816 -0.0348951031397813 -0.204846943778067 0.0528522831530078
0.122900964409384 -0.0770775900558912 -0.152042706633532 0.0115904953162455
0.209129791233686 0.122758336067969 -0.0983110863633267 -0.0389710555729527
0.051265043578984 0.309451138919543 0.158071818448054 0.156191067764317
-0.0231392800439419 0.345141266629263 -0.0929266933318286 0.281691403815436
0.122029308049133 0.310609714911039 0.0280448868511696 0.511742303865894
0.181500709884399 0.106627448981387 0.179198857133141 0.18148133112928
0.0962904374619769 0.00851731676977662 -0.0244103760725826 0.0149145279436031
0.0777142481217503 0.0442743258263886 -0.10673944779745 0.155672768651675
0.128412690638512 0.00969589590614385 -0.0152993193578604 0.203388551950176
0.135507881375266 -0.0512751688745732 0.0244185018251451 0.180873236016085
0.150856647169515 -0.0670151801162976 -0.0283233469134512 0.151657082183125
0.140276669487137 -0.074902679409589 -0.0963954789139606 0.195937012058392
0.164966397284283 -0.0696152460154571 -0.176258648642467 0.20433715367726
0.157590426333859 -0.00142155830630334 -0.237531154142978 0.161427690177376
0.123425557923696 -0.0155532663831498 -0.23881750131039 0.0395303442391813
0.206591057762643 0.00673391464671726 -0.167359954708729 -0.0413040893909038
0.249693596815494 0.204279981953448 -0.0965998096303949 -0.0750617324859486
0.129381415009442 0.376356969449461 0.127897023657366 0.067849098462511
0.0589012479959535 0.352583632569816 -0.0718419486374621 0.161950535342632
0.17032007783761 0.334277216402068 0.0370238047349379 0.494023375865348
0.254806718641043 0.151569474827897 0.271964280585554 0.181505855117748
0.23061522009285 0.00643250985059076 0.04534290697096 -0.0222810169939046
0.180151505332718 -0.0286344170559303 -0.06614624485474 0.135010453320476
0.169510676681574 -0.075546819875288 0.0323018906180421 0.188300203490094
0.144005083488545 -0.121944363295081 0.0785304500456855 0.147309639956694
0.158715915034703 -0.125829129724437 0.0217007695901084 0.0996821921542961
0.156708378975368 -0.130217994346696 -0.0467639157123318 0.134457591242676
0.209878517006077 -0.130860498780716 -0.126926086328344 0.159047307544104
0.248885404359212 -0.0485204741518305 -0.201271720580256 0.14463720769529
0.253748523138577 -0.00132925098051995 -0.25066887824108 0.017493303051453
0.273221136969272 0.0927091904114026 -0.186614590509357 -0.0971605946084161
0.254053931604888 0.274770896718962 -0.101038414605451 -0.14477476172203
0.168954733804853 0.393555049199583 0.0941231544393369 -0.0496809924154332
0.149370632938372 0.306441792978782 -0.0765750175913948 0.0331211472186594
0.217836929370313 0.282687176537835 0.0426169779793422 0.435751867065725
0.293198803930012 0.143154947780821 0.337369674578638 0.148835485760424
0.321811524300683 -0.00995679558171371 0.116143459955489 -0.0639879674660172
0.257133467773309 -0.106329437080845 -0.00049773580097774 0.0877488055399633
0.187739815549543 -0.160369391686493 0.091779750155981 0.131249213339761
0.131849545528757 -0.179299870499899 0.131213573412108 0.0789069276102898
0.142424380419193 -0.164241494819645 0.0676497241603432 0.0319671855390488
0.147874006151807 -0.15877594644764 0.0013328966068271 0.0622377968247327
0.217019223362356 -0.160643577798828 -0.0685152341342407 0.0941845969816873
0.290927360665282 -0.0804551042691013 -0.146626126591051 0.102312561146869
0.331911518996682 0.0126698140286796 -0.2308976680858 -0.0180495996793982
0.295924615051359 0.163247007418762 -0.186590057391648 -0.153638612573867
0.217704167516681 0.310137858736313 -0.0983946972468651 -0.230841246666507
0.172425346111709 0.353331320786078 0.0681018928943107 -0.17574582507624
0.206097063322176 0.211644292401021 -0.109133757737157 -0.0846181286835742
0.211228970698256 0.187716730712362 0.0393775778728211 0.348252202696733
0.263552820028673 0.114277770408019 0.353647555205956 0.0835390082609483
0.3454410292535 -0.0174354195814668 0.157173959536517 -0.0991454737171869
0.284563030670133 -0.160005002406397 0.0738720736467871 0.0259776278919563
0.173171914646523 -0.215241367348493 0.153417962256307 0.0415016984816605
0.0995092333897969 -0.208251614358219 0.174613233557814 -0.0125058250723838
0.105440611241928 -0.178531881568841 0.104344642639939 -0.0427520901752151
0.11577538418694 -0.164544815332736 0.0440069892575845 -0.00791557305206486
0.185915220559302 -0.164205225540738 -0.0143215336173357 0.0269057741694044
0.276600214750232 -0.0949992739514153 -0.0817303356885907 0.0465756887721975
0.344011790595824 0.0294689834313628 -0.17790678161268 -0.060111723266256
0.256701531794528 0.205947902865906 -0.152999246362538 -0.20010565565718
0.143562759030273 0.289811058260037 -0.07468181003208 -0.309689772557375
0.155590077687645 0.25889197989402 0.0576023346535861 -0.289826023586943
0.201446122147037 0.0832080727736196 -0.153354987570489 -0.174387830935148
0.128053908859267 0.0908179850917081 0.0354022797591855 0.247081952933226
0.173723883547922 0.106792762890255 0.313996872968345 0.0116432450132326
0.314263633567949 -0.000245755306309186 0.166697172827226 -0.106679604763212
0.260200035393163 -0.174136292955819 0.144011505909449 -0.0326956984932384
0.127167690074031 -0.222264383090935 0.203763133033099 -0.0568575107469254
0.0520356671465052 -0.199481875955095 0.200050067049346 -0.111081939620823
0.0519869602108167 -0.167573613675893 0.127074134611788 -0.109901726326025
0.0631433153476334 -0.15187579802695 0.0745316999048077 -0.0693292111508454
0.126560574643732 -0.152781779968507 0.0301338873674064 -0.0339796158287677
0.225462215847845 -0.105420045362121 -0.0195400594144205 -0.00925107561025641
0.304307198356179 0.0410658205823428 -0.10435892398667 -0.0933959576680007
0.169004627363831 0.208895692831289 -0.0971474007395382 -0.222878545076117
0.0536717959112698 0.205999863497504 -0.0317170297872387 -0.361642770084513
0.136012836703466 0.122046861366697 0.0625922260635924 -0.373181293817268
0.134476582656196 -0.0552049654630604 -0.18561031624141 -0.225660642040783
-0.00186421535092203 0.0159682685213974 0.0286218218759853 0.146294425033657
0.0622474194791855 0.11614026857766 0.243083162745609 -0.0331007702707235
0.244851158456879 0.0209556144053713 0.168272650920952 -0.0840645162802575
0.188558505040203 -0.154119615608044 0.201595546312525 -0.0799489911980835
0.0573484092809002 -0.180354278778674 0.232983045477381 -0.145207292175106
-0.00494024222527618 -0.151966925873669 0.204015218310912 -0.192470444809352
-0.0116029023123688 -0.131358679030435 0.131567196524427 -0.165956896042227
0.000357124947323557 -0.124745395549063 0.0846754610022207 -0.118860324516686
0.0551129856392191 -0.136342879597562 0.0555147878794375 -0.0876850860910005
0.160721757863219 -0.114724976722663 0.0323648924575272 -0.0599452916596094
0.238771324411568 0.0426498893949942 -0.0275702076762809 -0.106459215962147
0.0664782336023049 0.169264690459795 -0.0424066514227483 -0.212005635939016
-0.0145729653782604 0.0687927757606639 0.00691638062830075 -0.386322205122826
0.128650444132868 -0.0339797837373379 0.072065637780165 -0.41427260277726
0.0363573151567816 -0.179414954654587 -0.194236870282767 -0.235526599864414
-0.123364583647015 -0.0420203660719205 0.0203121062450617 0.070980574660452
-0.0372097383265247 0.108538148815982 0.182364383319378 -0.0342429047907154
0.143779417519283 0.0256062981829398 0.181862257975418 -0.0471116162023537
0.0809435376670289 -0.111225922899176 0.237483278502633 -0.115716634519538
-0.0240342571975017 -0.104774205884872 0.233761395542513 -0.202976035862153
-0.0616746787850411 -0.0772397203518732 0.187494126672498 -0.238049985584838
-0.0725734134545885 -0.0746419256260342 0.11707400332087 -0.197864227139408
-0.0613086256808087 -0.0837789810052632 0.0723898275729548 -0.156877208573017
-0.0134644861450852 -0.11444456375883 0.0606362083290949 -0.136466617091726
0.0936734089459874 -0.116617699303814 0.0724635253203199 -0.106985009689144
0.156894449714837 0.033584022968174 0.0341369198103746 -0.0995630551890902
-0.028922123121307 0.0874457160672541 -0.0221155245152445 -0.182863658169159
-0.04090980789278 -0.0946191815206439 0.0165606737362295 -0.398277022318006
0.129259352639965 -0.182571172031712 0.0737802809490378 -0.408210261527683
-0.192776362721571 0.230623657148764 -0.270956214647126 0.289779615728115
0.00121730340937018 0.235681754038316 -0.198116883234989 0.45550324379096
0.087564127372214 0.057710664248428 0.00498325533375179 0.193959154517525
-0.0319366163985803 -0.0200753086429629 -0.0798560980224174 0.0200638231654875
-0.0556151456569408 0.0796337354615428 -0.161492222296878 0.0876643692880512
0.0400244479938333 0.102979101419139 -0.119698336504123 0.144432146354495
0.0912130079705407 0.068353631538387 -0.100346027105732 0.150517363395391
0.111315420807312 0.0612213578685522 -0.144965707669872 0.12617721296374
0.0988276288808522 0.0473229398792444 -0.227202195263803 0.145458087153017
0.0815423612685693 0.0561842522354477 -0.287627119738821 0.107496172263118
0.0105731365153416 0.0670017893552938 -0.291933025431267 0.0296506682765007
-0.0100375371892767 -0.0374519075488409 -0.209689593744309 -0.0473939546977377
0.144781744778602 -0.0145104567498667 -0.142190422250994 -0.0589390930265705
0.135619100730633 0.204004530555984 -0.0785959807763876 -0.0771830009860626
-0.0884640416432211 0.306830150909748 0.0667666123831126 0.213030737741627
-0.173171273441739 0.303869510610985 -0.204489263130064 0.217362432224491
-0.0215627915077753 0.334081354111035 -0.200215865653426 0.472693884239188
0.11777116531548 0.17433064139307 0.0786519106264313 0.235548847649279
0.0832886527709964 0.0501512621754243 -0.0328973584243136 -0.000333139862049863
0.0534509374008982 0.0775972547915926 -0.164670411413056 0.0932249106155757
0.115992341131255 0.066044713213109 -0.104767418114009 0.176456441452215
0.148011347587328 0.0140953745241626 -0.0559901863016389 0.171927942241381
0.172249044859233 0.00543602997849466 -0.0910455525285188 0.122334998419637
0.163604752998152 -0.00588840724637085 -0.171662039575252 0.135975787280322
0.182669239348893 0.00841034360966238 -0.246584684928167 0.111886929490188
0.147808515628696 0.0694797414602808 -0.283569845462887 0.0470550658742567
0.116530000202502 0.0433263795767034 -0.230547760450719 -0.0695514925393912
0.183773012373248 0.0993895024503944 -0.133139155934512 -0.1115479387432
0.136763109166643 0.295608057411117 -0.0627280952482581 -0.109019476310966
-0.048263870380761 0.401751046557975 0.0802783919134618 0.118788372800678
-0.102824365749941 0.349616703385949 -0.131603729725721 0.114490325799755
0.0117265753790079 0.377342301067703 -0.185597311723506 0.458298436732349
0.162889450322466 0.248753116837542 0.162209884743754 0.274720779145564
0.204783051580587 0.106649383592757 0.0476176730311573 -0.00798778819088659
0.179518393330343 0.0551340046220856 -0.121951595481499 0.0873334439116822
0.191184983555563 0.00464383324636467 -0.0575911026330777 0.181965905254178
0.187502336213463 -0.0485333841018364 0.00751029439302489 0.164634563772212
0.20411706416023 -0.0468608173108613 -0.0234970007464667 0.0958915896562962
0.202090525838771 -0.0501960544678814 -0.101363513644323 0.102603264756193
0.24820157705364 -0.0291233370982963 -0.18047921630002 0.09305838834723
0.252943838295773 0.0648234855007523 -0.241730404230233 0.0487458070372109
0.227921976650044 0.110515517614568 -0.228905329547892 -0.0897311689032025
0.20558030101653 0.207874076076844 -0.126586777632287 -0.16847837762965
0.108356594512496 0.362809596412356 -0.0357761972331054 -0.177114930127953
-0.0188744658421199 0.435159812056952 0.10331370392463 -0.00460270110123698
-0.000454320358184856 0.346829701295071 -0.0785008517989936 -0.00807542339848604
0.0785175364621901 0.35206748221906 -0.158658650857645 0.406897427464027
0.201250450727584 0.258887238752895 0.23594555791588 0.274026527063959
0.294915171564015 0.130379642956937 0.130307287871142 -0.0172807920414609
0.284327878779594 0.017433336804348 -0.0431276313100514 0.0701476615671316
0.244387956652008 -0.0649424939181066 0.0201420097652819 0.157089322979229
0.202293289147017 -0.106896369182892 0.0837256087719993 0.126370431530793
0.207228157516027 -0.0901891087096245 0.0473040041420977 0.0560734475933497
0.206106298559287 -0.0803336759566917 -0.0247263820952324 0.0578553355305103
0.269212750424966 -0.0540864608820161 -0.0994351186996273 0.0586740226856667
0.304601056816706 0.0524791428675888 -0.170338008620869 0.0351213225731341
0.292799288176764 0.157112854928731 -0.194475426210799 -0.11031701956422
0.194056481844653 0.282219790848128 -0.101292170958416 -0.216415220179792
0.0592894957414571 0.377458879152833 0.00736400726330212 -0.254349928932525
0.00189441907707051 0.398636777172048 0.140200378793167 -0.130370010546014
0.093169156115145 0.288289947292725 -0.0579278025381034 -0.13269426094823
0.115006663534164 0.262520896634556 -0.122365714513252 0.331035823956075
0.186649361154988 0.219846398429471 0.280914610908097 0.223613850723016
0.320960015561237 0.13495182146706 0.183308425804443 -0.0308030062179594
0.332384205262778 -0.0202852442243508 0.0502982413062744 0.0453434795516019
0.254948087949916 -0.122396040438479 0.114855415627407 0.104209355645297
0.184736593946193 -0.14801742840063 0.162574536693838 0.0627933565782887
0.178155579037865 -0.120217514024262 0.112694977160312 0.00501639781771549
0.178546587461823 -0.100054555472031 0.0439249215598254 0.0115958237636054
0.241002027866939 -0.0710591879730719 -0.0202126671441278 0.020376188823616
0.297416276010821 0.0315933936154426 -0.085795255118711 0.0136200969775666
0.297178389275581 0.174579277267796 -0.127279020028353 -0.124643051895137
0.140212961747601 0.301487586117005 -0.0511412526790602 -0.244542869526691
0.00180521615885997 0.325472341832336 0.0665842915545763 -0.317764474351895
0.0252282428087663 0.303753329403083 0.187535744774186 -0.238252496090434
0.14531489706438 0.167689107181977 -0.0612316735221622 -0.236073848559958
0.0803505755072024 0.136608872950654 -0.0805958820978869 0.239290671171482
0.107562704504662 0.174488924346383 0.278677051078579 0.142966556712774
0.285449564445513 0.136866661303155 0.196469612837326 -0.0334333108159899
0.315153117018601 -0.0459840051717489 0.139848881058197 0.0249861050819014
0.213754735407433 -0.150675085950713 0.206438721149373 0.0372061895275794
0.134937498744692 -0.162099318703195 0.228264624044549 -0.0147364882498543
0.1225370968101 -0.133464723999649 0.162375930080415 -0.0462806287605022
0.123408422371486 -0.112595386662829 0.0974408086902452 -0.0302096483496696
0.181732345109007 -0.0869645726327107 0.0444764394540164 -0.0163652139250743
0.252154576340424 -0.00110272567810849 -0.00527303599065394 -0.0116654303689295
0.255726379118477 0.166898398652837 -0.0466563249640939 -0.122162793362617
0.0584491698118334 0.265715945382189 0.0100705178200019 -0.240192067533923
-0.0420498706202884 0.206991424194064 0.133439391456504 -0.348023951427789
0.0684885488704355 0.169292818417264 0.232753876588597 -0.309398229743921
0.14678298536758 0.0123507582817712 -0.0727483085492771 -0.296678352248001
-0.00705797665612801 0.0127234893373844 -0.0400156393393417 0.146115566150254
0.00175274697395979 0.134979779913688 0.237939664592821 0.0740598147784542
0.21269524426636 0.125098069000433 0.189535102431859 -0.00933858300972492
0.238456009884091 -0.0603710147173589 0.212781163141142 0.0102234893917136
0.130496335016553 -0.142569537666421 0.27352099134576 -0.028070090047499
0.0631882208472102 -0.144458556644046 0.268496131701363 -0.0866748607917854
0.0471497653187367 -0.127850617656222 0.190555943621319 -0.0930466850963678
0.0528661931039956 -0.114848668788576 0.12821307125889 -0.0707864558047204
0.108824861503581 -0.103120590070337 0.0885521840364388 -0.056058649060277
0.196474006725404 -0.0384872326978578 0.063262086990713 -0.0379158834326719
0.198003850077447 0.137673201388954 0.0273695261645875 -0.0993639607412612
-0.015576141713072 0.182824916819323 0.0560349634196063 -0.207131161280932
-0.0444395301164788 0.0506350224503343 0.182947028192382 -0.352350811154491
0.13100438036309 0.0230823758428079 0.26404969698829 -0.341684488994255
0.112048508168165 -0.146173949003357 -0.0791332566154059 -0.30786230859334
-0.0940906008951367 -0.094261450449112 -0.010748189673205 0.0774943142728369
-0.0856728777242149 0.0829356609860708 0.183542170577794 0.0478154604227401
0.117615174392426 0.0840004224792763 0.187408126130236 0.0330337816770861
0.119466575752266 -0.0697787201963087 0.264488787832052 -0.00333949065787914
0.0212919643594398 -0.108093859295014 0.302517622471438 -0.0800774611256331
-0.0235199817696701 -0.101017370084755 0.274496985070193 -0.134043015439864
-0.0360230261928276 -0.101794556549479 0.191490423848923 -0.128056757861872
-0.0212695430715494 -0.104575018628751 0.132259735546253 -0.111676550258855
0.0357605804338793 -0.111658274948377 0.113364173471002 -0.0984933919214756
0.135422876087221 -0.0690363567107745 0.118952954286613 -0.0653270980205866
0.129269642105897 0.0954596324555034 0.0803325483710988 -0.0685199996027413
-0.0669080502096307 0.0658921726172576 0.0619863294618859 -0.174168983814076
0.0033158404451837 -0.109142063081085 0.203804521590119 -0.358809538739046
0.197001080914113 -0.111853213132881 0.266380968492948 -0.333796641766021
-0.178332355049598 0.239434456043032 -0.253564697961294 0.301370499107811
0.0147549147304445 0.233518998331913 -0.1724927715957 0.461632950466266
0.0882994050965668 0.0519959035757305 0.0126875980773933 0.188675360156901
-0.0337825881925306 -0.0179209798654954 -0.0819050398624691 0.0234190366836241
-0.0501581187547188 0.0848771486392156 -0.156236772958417 0.0969386226326984
0.0464874906100154 0.0996234382647812 -0.111076022174027 0.150914002369315
0.0952849632884105 0.0604751772348363 -0.0889238755543334 0.153566630832845
0.116212672436568 0.0522908736526888 -0.136488704620861 0.130915249686926
0.102503746186066 0.0424289910634965 -0.216827551575679 0.155595995316908
0.0846356005415525 0.0502542618828736 -0.280334658341361 0.12384436700693
0.0172509936819368 0.0673218949131488 -0.288603149670903 0.0451173797353367
-0.0118106315139558 -0.0345510798178809 -0.209703189065323 -0.037270510980031
0.143014793378917 -0.0218243277359547 -0.144737058021652 -0.0523469150729739
0.146499789655206 0.1940208183988 -0.0833254846199713 -0.0705693714289657
-0.0708637441113321 0.311285449505875 0.0795759884525927 0.20499553741551
-0.156188590837972 0.310029252011191 -0.192061700499492 0.226299385079059
-0.00236940860737771 0.332590366899643 -0.175543545458831 0.478260889085243
0.124144364817976 0.164904464363886 0.0874448196442228 0.226712117451665
0.0841459063449116 0.0448565040894182 -0.0373982287892466 0.000278196272461639
0.0580740331331683 0.0751469556475533 -0.159562566453687 0.103510318257555
0.119364679426536 0.058364727683734 -0.0932158929584358 0.182217770987205
0.148044810952979 0.00455833371028323 -0.0438982887786377 0.171644413630855
0.171111623496227 -0.00637602005403888 -0.0834655179850611 0.124250683771019
0.163586273353388 -0.0143890051333664 -0.162049919922325 0.142730770624691
0.182421366606281 -0.00267969187811317 -0.23842413581326 0.126352522172011
0.153207947950828 0.0605714088199098 -0.277733872935742 0.0630570577625166
0.117452074434241 0.0370457700844428 -0.233312969735077 -0.0563695765534157
0.188274666525558 0.0895473795015893 -0.140066987528373 -0.104526534268088
0.151382808727333 0.286374168932197 -0.067606351668497 -0.10356009354968
-0.0256422856277195 0.402068292931804 0.0860847610904887 0.111101432009003
-0.0837414929181386 0.349540247409938 -0.125609382624547 0.120302723781448
0.033775672424815 0.373622626666879 -0.160372596086044 0.46262274330016
0.172688450532506 0.23665234287661 0.173276954163926 0.262561449018533
0.208964007394334 0.0947718528975643 0.0409416058560042 -0.0112238286984222
0.182000025706987 0.045524469995575 -0.116809908550312 0.0969264796994104
0.190099817126373 -0.00618920225834605 -0.0448893505929387 0.186182011605536
0.183382277136767 -0.0581348507406894 0.0181299028849334 0.161420578386733
0.200669895259755 -0.0597961792677697 -0.0183489745045793 0.0951718162023863
0.199142711211444 -0.0597290161838123 -0.0943919383292571 0.105061007077376
0.245638196874837 -0.0430300220208602 -0.172925167623493 0.102446631898192
0.25697325265817 0.0486998699077642 -0.235155658088123 0.0617927559952503
0.232838776223486 0.0974848107929561 -0.232933194781958 -0.0765564115285385
0.215885440921282 0.196003569683625 -0.136318465679785 -0.160990516600399
0.127148569482288 0.354800808010998 -0.0441139572499572 -0.172212978933395
0.00319788476800933 0.431812521326071 0.102145231306559 -0.010981977702685
0.0176575068368141 0.342247432614701 -0.0785816017082965 -0.00519915494134517
0.0982908618543153 0.346892613269348 -0.135973368973134 0.410930973351803
0.211242640498938 0.244781960941368 0.246944027584199 0.25803451194065
0.300518581490661 0.112436414768889 0.122399352178459 -0.0240264824398983
0.283817632574818 0.000870030982210311 -0.0395985328979034 0.0767618265163995
0.238731940701674 -0.07868463221174 0.0308351154872548 0.156320877374782
0.193522533503495 -0.11740876874946 0.0904626800724278 0.11819405008135
0.200402341338559 -0.101976799022632 0.049434355598262 0.0516930182309453
0.202114046766537 -0.0918253292095861 -0.0219936734751871 0.0570872855957769
0.2641000310289 -0.0686698106436015 -0.095319940824463 0.0639429986643903
0.306600994014061 0.0332387280095537 -0.163706934228142 0.0446048951786471
0.299775994792921 0.138610501252723 -0.198167709349648 -0.097418710689862
0.209529680553055 0.269611588009076 -0.113381366399554 -0.210553497642673
0.0791727710574635 0.373298189738559 -0.00613057924361237 -0.252491071091925
0.0200232896633505 0.395548604084833 0.132330609825623 -0.137849379614327
0.107284391128661 0.277891673925765 -0.0659418919696771 -0.130142580259292
0.129238557869323 0.255312211208223 -0.104485609667774 0.335280107541631
0.195904408116827 0.207625150304267 0.28743872511892 0.205134903718592
0.327853190590723 0.114574514054699 0.174955624570347 -0.040510351416235
0.330307005006737 -0.0409506747825706 0.0531029848780899 0.0474185151656419
0.245221466519136 -0.136363720311928 0.121434595974671 0.0980077184088121
0.173258255898714 -0.15726760167016 0.163235883824567 0.0501261291192374
0.170327717767387 -0.129778290321814 0.111189190549336 -0.000439013365743833
0.17300767294177 -0.110388658609747 0.0435090114840087 0.00889520974144826
0.23582172344734 -0.0835944105276881 -0.0185887813162431 0.0211342723138895
0.297422882616962 0.0130479159376648 -0.0816748827740145 0.0171383935181369
0.30362163655905 0.155108181604266 -0.132915404272091 -0.114009151971127
0.156792097693349 0.29272655933232 -0.0641710574876851 -0.23910719446689
0.017894003600939 0.324278792030578 0.0501060934750497 -0.317882443849119
0.0396832833856717 0.29898162908875 0.172017251018342 -0.245741275330867
0.15297984948644 0.156617780661014 -0.0753070762790144 -0.230975690020629
0.0875969326260461 0.132114253786587 -0.0679709591578802 0.2410367528104
0.114728802609087 0.167401503594501 0.281265648203322 0.124659713194615
0.292817034969599 0.117928438820904 0.189682291132639 -0.0418146772174049
0.31061686688691 -0.065746898259342 0.140519422433246 0.0213166332883994
0.20235218143771 -0.160932206843128 0.208104023953095 0.0255770796388971
0.123421048777444 -0.168097629176106 0.224600981201909 -0.0298010344799333
0.113796681969628 -0.139845236187618 0.157855541178014 -0.0546472220458559
0.116798404092467 -0.1192483076134 0.0940270672754731 -0.0357177542742354
0.174826998464543 -0.0959064618968914 0.0438373529314409 -0.0196837704904188
0.249879881053366 -0.0173732117623342 -0.00291803571448026 -0.0125941369719089
0.264006451664864 0.149083406480246 -0.0520437410027545 -0.114732978714322
0.0733769796477067 0.261529218168053 -0.00204597233573164 -0.236757123018834
-0.0316046205664782 0.210301995162271 0.114370122860425 -0.351262435365407
0.0752944233838998 0.162581977281866 0.213672385801388 -0.31974721539874
0.145594290227741 0.0035719073703776 -0.0896249804581154 -0.290145465858088
-0.00585953889444575 0.0133168070627919 -0.032372271087893 0.146612548993428
0.00893702922140411 0.134882548631945 0.237288218594731 0.0590762042580254
0.219525315934804 0.110401524944467 0.185345232783807 -0.0184958174509829
0.23300076494395 -0.076596204221429 0.213147147325536 0.00254641586378386
0.118758371075899 -0.148872066578368 0.270855244524342 -0.0441041265146125
0.0521311717703704 -0.145752157787829 0.25940607382494 -0.102516525061171
0.0387874197850008 -0.12865095318078 0.182705759750007 -0.102912652784545
0.0453900068117758 -0.117147688800202 0.122166250932154 -0.077190891663591
0.102033724380579 -0.108268823960835 0.0848994383858877 -0.0612911651682849
0.190684716775289 -0.0508374042672741 0.0632235880527861 -0.0415201534640877
0.204714997268242 0.124079041334168 0.0233730990490422 -0.0979927482034795
-0.0051552290903213 0.183479161550687 0.0455278389500043 -0.206227982787584
-0.0428176765089172 0.0552919226829289 0.163253013632151 -0.358686775473983
0.129210888434658 0.0146390970557514 0.243642811625929 -0.352635616909726
0.102180656687419 -0.150870643281538 -0.095873014442601 -0.299720471422007
-0.0987681928351562 -0.0878685485916703 -0.00737483603710095 0.075739469394822
-0.0793117790798868 0.08854403426184 0.184539555506577 0.0359380859835017
0.123016915237458 0.0751347993565699 0.186950595887528 0.023834773181028
0.113914396158736 -0.0776531095949132 0.262566067623406 -0.0142893385577399
0.0130580386671203 -0.107327686178396 0.29603601145482 -0.0968390355740806
-0.0301825616854392 -0.0972821794422586 0.262180773725874 -0.150060700627565
-0.0428094070437819 -0.0981940695114639 0.181644963515139 -0.137689505383351
-0.0285767037954195 -0.102819984792188 0.123989153358019 -0.116370420829769
0.0285193141447119 -0.11344178516906 0.106179272693915 -0.105641376666013
0.128931864567048 -0.0779196360073809 0.116957466758694 -0.0723762906365381
0.134614765676968 0.0860189082724928 0.0770828505238599 -0.0702241802524888
-0.062291176288153 0.0706723557464038 0.0552210451843113 -0.172246620611541
-0.00384711524479558 -0.108572432561799 0.181776846650844 -0.365656592597087
0.187686695976727 -0.1218519220047 0.245098899134303 -0.344644265708946
-0.165925708095865 0.242590206601059 -0.237526738871244 0.305009136672778
0.0237965185045629 0.228737799113436 -0.151966538750133 0.457216008396752
0.0870699816412357 0.0458076276330986 0.016431099059867 0.182562085263953
-0.0351689205664814 -0.0154840674696611 -0.0831970069953805 0.0255271359210526
-0.0449755613661211 0.0876606887474495 -0.151601459256141 0.102537378023504
0.0508015045324354 0.09515551367284 -0.101391882080523 0.154759788527665
0.0969587219414079 0.0543811892170595 -0.0791190189528947 0.152573957707244
0.117774225383477 0.0448536727060671 -0.129217083381557 0.132554746353182
0.103683344404464 0.0384965232296662 -0.206810879466762 0.161174503342758
0.0855939375943955 0.0453911152404572 -0.270627965629185 0.134810154104906
0.0220715743537028 0.0658753605937572 -0.281235105932713 0.0569333713792866
-0.0134871573921873 -0.0315803239426873 -0.207983079672377 -0.0298400348381902
0.140324086337681 -0.0267468697512292 -0.14567679390807 -0.047089635735928
0.151660542524369 0.184655522194577 -0.0848569020084136 -0.064655059644003
-0.0564524832923546 0.310349190741325 0.0858179982891269 0.194381553449495
-0.142193538362064 0.309479628583685 -0.181127060694313 0.228272188933444
0.0111801714279859 0.326011899128747 -0.153033805328482 0.476681367179875
0.125767663409723 0.156460505022164 0.0915673690502238 0.217368738559245
0.082811769204354 0.040676442426193 -0.0407399880285364 0.00142606475418117
0.0603464765496668 0.0727187031754654 -0.15401210168962 0.110577617234699
0.12015957832758 0.0520711690212595 -0.082451762428374 0.184824250922266
0.145554579925458 -0.00232760869059649 -0.0342297985260003 0.168532292005386
0.168708408081636 -0.0151278101519527 -0.0773103880548957 0.123172672175051
0.161784282534136 -0.020767630026042 -0.153938556468837 0.145439569717088
0.178337307274 -0.00982799574594272 -0.228146775671762 0.13481866516238
0.156079306152428 0.0529409114353593 -0.269772344879757 0.0733175212463986
0.117630871211168 0.0329734994935698 -0.231576332247325 -0.0467927394863247
0.188724909674094 0.0808371328628817 -0.14322591089409 -0.0983230198892218
0.160213591602812 0.276076030156469 -0.0704824314644358 -0.097084997652829
-0.00949357627221939 0.397409551780158 0.0889335303961428 0.103393606200851
-0.0704696166419717 0.344379556907163 -0.119379632177963 0.121801470251767
0.0473644548829583 0.366027362976636 -0.139719044717802 0.461248900850616
0.175212932949786 0.22509012951754 0.175815560352673 0.249431178507268
0.207993876354481 0.0839444794969045 0.0345040239605833 -0.012602494291131
0.182146909798692 0.0372545686927958 -0.112188999991862 0.103785020333144
0.186648671946141 -0.0143643393307661 -0.0353485076455076 0.186447848033294
0.177276598207993 -0.0648265319112721 0.0253484371746461 0.15620844545459
0.194749199430652 -0.0688962301307886 -0.0146991633052325 0.0927640078607145
0.194299498575993 -0.0676260770926038 -0.088518334039015 0.105337863769309
0.239789651245168 -0.0528718580723095 -0.164561253129309 0.109100280152823
0.256899295726919 0.0362573519896662 -0.226419910853837 0.0708679688579778
0.233458805959418 0.0872662315900593 -0.231092664329962 -0.0650791291636788
0.221714077257667 0.184764540283174 -0.141307675771631 -0.153467920551474
0.138248292163428 0.344323827104925 -0.0498857040387477 -0.165189943101138
0.0192059106382096 0.425156740216094 0.0994233304876248 -0.0158923352150356
0.0287357811034146 0.333025895616614 -0.0787997016772751 -0.00238893342771539
0.109634232883834 0.336635318115519 -0.118833031201289 0.409260435496871
0.214292634493171 0.231970841691005 0.248858573753352 0.243241327245942
0.299771308757329 0.097600124179106 0.113901486151111 -0.0279757250395629
0.280225044611985 -0.0117035609564912 -0.0359980135052942 0.0815315438167019
0.231267683591678 -0.087976226551404 0.0381323105873382 0.153764263666811
0.1843941426692 -0.122636436094684 0.0939867681203108 0.111354431023161
0.19211609602623 -0.110447047321079 0.05132886645998 0.0477595855455321
0.195473588416587 -0.0989919904289537 -0.0194703189679872 0.0560064841886956
0.256340340516857 -0.0783267693333467 -0.0895117792934805 0.0670964290215755
0.304165980060671 0.0179030273702354 -0.157209191005973 0.0502691192426882
0.300116256872184 0.122989833712597 -0.197967322085173 -0.0866328719954422
0.216638195360242 0.257394797895195 -0.120022587731286 -0.202466315587347
0.0925187690379082 0.36559091494132 -0.0151335345922429 -0.246197174582045
0.0342314643434735 0.386807278373143 0.123364063420788 -0.140339764251917
0.113795269820249 0.26592594793194 -0.0710089165059837 -0.125281353848016
0.137073802386807 0.246729036923385 -0.0903500351292985 0.332398188032253
0.197766460772415 0.197438423610885 0.286792846749415 0.188796101369196
0.326573733843099 0.098349402305601 0.166062363002303 -0.0452617894218737
0.323336769558413 -0.0555527420154002 0.0544378097438083 0.0496794823972863
0.234167254495674 -0.144302086161854 0.125214525750403 0.0924659772464542
0.162312609398439 -0.161727897660578 0.162124852276263 0.0414329070809969
0.160374639480409 -0.135327163237369 0.109325209690062 -0.00510778166490762
0.164770334999426 -0.11603067494624 0.0425933342788631 0.00654207036961556
0.227762997484955 -0.0922559970413476 -0.0163869971390419 0.0217071774791818
0.293143795397597 -0.00155191539285024 -0.0767757716713579 0.0195855467552674
0.305813329586782 0.138481087663894 -0.133376794195475 -0.104681506938986
0.165616455675097 0.282221478434982 -0.0720575325650592 -0.23196018422627
0.029886261166087 0.319952763601274 0.0380427015029186 -0.312574143440215
0.0497519063960875 0.290694634897774 0.158972213298452 -0.247732643292886
0.153699049991459 0.146308896976225 -0.0841831619889582 -0.22407536100899
0.0919087163060033 0.127156115945493 -0.0585212212926137 0.239847989393413
0.118206711501447 0.161243168731468 0.278481451315381 0.111493617940598
0.293393256312597 0.103029405103368 0.181405009013446 -0.0475256408973609
0.30327572376046 -0.0800389176372965 0.140068832681238 0.0199901062418835
0.190842682588592 -0.166957410736327 0.207324080991802 0.0164599984709516
0.113108673063273 -0.169282273765122 0.217920207517303 -0.0399319357548538
0.104376210818033 -0.141650847704052 0.152880585933395 -0.0591479717252685
0.108729859467797 -0.121965438647221 0.0903281512072701 -0.0380602133506621
0.166835288592611 -0.101426854011773 0.0422713458780328 -0.0210979651826235
0.243748986358115 -0.029413316004677 -4.71596590957333E-05 -0.0126494695690942
0.265373725263447 0.134083890637361 -0.0539608244293747 -0.108358066199135
0.0830297651466175 0.254621377680018 -0.0106633994550632 -0.230513556271202
-0.0235968305643101 0.209650595693457 0.0977834894343427 -0.347143387921255
0.0784407039986463 0.155947088119838 0.196643422617013 -0.321564140727872
0.141142461023587 -0.0035703766658523 -0.0998487167713967 -0.281716027341128
-0.00558709036380904 0.0145306012192095 -0.0272566881052891 0.145949864640753
0.0140045272550871 0.133246442159285 0.233615346538125 0.0474294141099633
0.222248447769995 0.0980552214163687 0.178661280172398 -0.0236718548533167
0.225567595240773 -0.0874038763652395 0.21116247903354 -0.00260163669783138
0.109380374653314 -0.150819439752679 0.264300594699523 -0.0558682522496036
0.0436023990167956 -0.145088515791087 0.248874298289376 -0.112993417282955
0.0308348556823034 -0.127690682070577 0.175877595810971 -0.10738823632939
0.0381686331978721 -0.11703919319627 0.115740560369449 -0.0799159778394938
0.0944809023176367 -0.110030570569638 0.0803529954964344 -0.0640402184478756
0.183868111247475 -0.0597872102760568 0.062772490393591 -0.0449847369255497
0.207102351876845 0.111582726908365 0.0214608993758343 -0.0944468571715148
0.00183235036568605 0.181316825270519 0.0382345115209263 -0.202039029581569
-0.0402992999882663 0.0566240084062499 0.145920039005626 -0.357294626660819
0.125562116512499 0.007714228060429 0.224528781242906 -0.354606643747899
0.0930276234257352 -0.152794699650106 -0.106997487327864 -0.290543719619629
-0.101136539503218 -0.0812065159934032 -0.0049884750290829 0.0748705033612505
-0.0739705742804172 0.0915935267126358 0.180859433033559 0.0273239135451955
0.124864339224576 0.0670114157089219 0.183459014166927 0.0167024865240053
0.107405805720148 -0.0832771308979648 0.25855965652271 -0.0225620048951138
0.00621481845104566 -0.105606623404642 0.286573495647469 -0.108239639316898
-0.0356629665322059 -0.0932631144597174 0.250111583819871 -0.159184391955326
-0.0476477119980566 -0.0936905562544037 0.172765036940252 -0.141273289698097
-0.0336734700566498 -0.0996088052074013 0.115298099771276 -0.11802151570464
0.0233611743649258 -0.112136948145068 0.0990437844903368 -0.108960944331446
0.121455580875954 -0.0827812486909773 0.113164884016561 -0.077695875531804
0.136472830922846 0.077498901716099 0.075834615575356 -0.0698117399746878
-0.0586964645955699 0.0733412876667049 0.0495587416947624 -0.168359648043482
-0.00960780386250067 -0.105647008835036 0.164081778583674 -0.365614523286321
0.178341906528354 -0.127603038136557 0.229087310078213 -0.347319695480944
-0.156920062235619 0.243342175407524 -0.226262731791232 0.306484802405168
0.0304471038232736 0.223813458084757 -0.136443190284918 0.453552022752254
0.0861239645513244 0.0418266262572982 0.0190712558434419 0.1772696703703
-0.0367324469046659 -0.0139526712518413 -0.084594421082191 0.0272854592634818
-0.0410708064788135 0.0894720689792417 -0.14843336232618 0.106443439157117
0.0531086850756914 0.0912788789517454 -0.0942627707678518 0.156979853643733
0.0972283892516154 0.049307098547703 -0.0709040868786393 0.15119034706817
0.117817861370274 0.0386661977674613 -0.124995672277832 0.131923132224335
0.105744095122672 0.0345300383135979 -0.198792056625609 0.16426647390196
0.0860664606823897 0.0422184919220309 -0.262032662565334 0.141710994133115
0.0266887101281436 0.0646685071790616 -0.275235698271286 0.0642519091410842
-0.0137504286519077 -0.0295619318911123 -0.205945272047634 -0.0248140505016221
0.137326393167178 -0.0306002336072386 -0.146502715512358 -0.0426247542882538
0.154658008638067 0.177619001652777 -0.085470352844654 -0.0598232568342701
-0.0470589823163813 0.308912481551961 0.0908512431169404 0.186371400150139
-0.132611433182952 0.307079498802542 -0.173069034407568 0.228717489186305
0.0206892092209591 0.321048630831246 -0.137768458157071 0.471825581502342
0.12667782323906 0.149550451295016 0.0930087746418333 0.210505900086427
0.0818290696316885 0.0371047942237706 -0.0442448077086754 0.00267043961976381
0.062801931340914 0.0709762897230738 -0.149736927614176 0.115831665312576
0.120444601834351 0.0472207744183337 -0.0738470879799202 0.186572773157843
0.143303144578416 -0.00688044339863469 -0.0270102857899267 0.165245385147105
0.165845250973181 -0.0219193394191362 -0.0734427786770514 0.121424466000886
0.161024982623083 -0.0252512164084515 -0.147786983119524 0.146483149506824
0.176396672371161 -0.0154905569530541 -0.220127381573095 0.140568066756858
0.157987923873242 0.046566596567243 -0.262857783143574 0.0803153077438322
0.117926263221525 0.0300618157246538 -0.228946477973834 -0.0403433242668681
0.189103362551177 0.0748865579055877 -0.145645247415418 -0.0939573520690502
0.165470238798894 0.269718177934168 -0.0710878408250385 -0.0927784364451147
0.00248755213362592 0.392930969642102 0.0900691558855661 0.0969569619391921
-0.0623874616431098 0.33990529416895 -0.115136879018575 0.122411492218984
0.0563905407684755 0.359590174537208 -0.12660778592127 0.458041318043175
0.177632753004992 0.217307171806332 0.177537955903408 0.240271977218625
0.206698740152314 0.0764398485828026 0.029368506475957 -0.0124108663951776
0.181032725700985 0.0313922197353964 -0.107634571843343 0.109642467691034
0.183514154017133 -0.0195682018333418 -0.0269447239883867 0.186476269580585
0.17191206746873 -0.0695272422671141 0.0307375912965102 0.151391106425592
0.189306315962261 -0.075037976699518 -0.0116856635589704 0.0907483401065904
0.190939488833226 -0.0727805662059991 -0.0848237291913641 0.105887609722164
0.235276148014019 -0.0590422676431229 -0.158177295934589 0.112635210072538
0.25655633617055 0.0263263122139635 -0.21961362354484 0.0760536008165232
0.233514819216433 0.0788357047405837 -0.229343889133415 -0.0573385383045253
0.223657390069572 0.17623733910924 -0.144910704855168 -0.14729916129674
0.145948567705279 0.338037907127138 -0.0531669555359299 -0.160554379700706
0.0303672114635534 0.419305781987432 0.0972426322646873 -0.0197472927287126
0.0341570107781117 0.325100846304428 -0.0786697311494984 -0.000516998153045186
0.116917157557138 0.329513847023028 -0.105681848722688 0.407280477084346
0.215336923600939 0.22408215625027 0.248547765817929 0.23184608303085
0.298611556795943 0.0867626599824463 0.106678120202111 -0.02930513699907
0.276529204241172 -0.0205520549894628 -0.0321556003087223 0.0866310555070324
0.22462000044505 -0.0932762722012386 0.0451625252372652 0.152219140374619
0.176837679335511 -0.126234726473549 0.0966808993758721 0.105657943790543
0.18499635608945 -0.115394188492036 0.0508551110420081 0.0452448999422429
0.190582654829815 -0.103845987301752 -0.0186750109645881 0.0554087143510043
0.2508201878041 -0.0850617645134231 -0.0847866105150439 0.0692105105607876
0.301376217778518 0.00725287807084683 -0.151307625697761 0.0538030816892696
0.299962006357224 0.111933125838795 -0.196703169203957 -0.0782521147973874
0.221616006951914 0.248566505077993 -0.124301484107839 -0.195363004338766
0.100057461909096 0.360433807264301 -0.0205309288736189 -0.239934670656408
0.0435921159439454 0.380367809798415 0.11718834136089 -0.142030607501314
0.116930013266329 0.25748691433496 -0.0742897590187234 -0.121448192858643
0.142409598167051 0.240574343720922 -0.0812247406777763 0.330622485430759
0.198540010676358 0.190655997477479 0.284066112571872 0.178640355816257
0.325764834852585 0.0858283966439167 0.157892934854836 -0.0475370312065389
0.317601645169673 -0.0664064277074874 0.0568525081801371 0.0525147592246108
0.225977299543533 -0.149672081474418 0.128851915560122 0.0882313696146879
0.154036098223683 -0.163196555483581 0.160534225501526 0.0349522161474277
0.152771023767303 -0.138140686624655 0.107592261328188 -0.00791603112779372
0.15875202476288 -0.119973518579666 0.0416395110589077 0.00554861755424439
0.221180159654107 -0.0976411648065584 -0.0147263295308876 0.0215816903928511
0.288359108475107 -0.0124988039899732 -0.0722612662996924 0.0208458494215961
0.305274643789276 0.126738366138962 -0.1326420963187 -0.0974733214855856
0.171747880397676 0.274303389110091 -0.0771844245597643 -0.225343294845448
0.0380887629883479 0.316495443540044 0.0294537853821071 -0.307257920756633
0.0548532600969578 0.284922637581676 0.148834229150345 -0.248079296106602
0.15355815640248 0.138649604055147 -0.0905641486277558 -0.217446280286913
0.0940525453319147 0.124254567884354 -0.0525366006274461 0.237968194586198
0.119907041655704 0.15702250477345 0.274859515758968 0.101552675471866
0.293095959519025 0.0906921796383506 0.173756709683545 -0.0503354352599964
0.296207948412505 -0.0910546247475469 0.141270140131073 0.0201748444202523
0.181882651279796 -0.170533015964762 0.206510892904016 0.0102710813023676
0.105068056358749 -0.169297943554602 0.211827976628017 -0.0470258792867871
0.0970846335139437 -0.142921168834711 0.149462347032152 -0.062172869804793
0.10207194105205 -0.123178984582022 0.0871140679339444 -0.039413712987844
0.160933584711176 -0.10515778729486 0.0413358645205329 -0.0227813233655361
0.23777222844402 -0.0381335271876409 0.00170733120549334 -0.0134644042777598
0.265579771807499 0.122417115389447 -0.0542187780671352 -0.103301988316552
0.0898443640046852 0.248806145690585 -0.0153521661426092 -0.224897681279091
-0.0178509592592395 0.209040061270831 0.0880085744614349 -0.343629274546751
0.0795144853879677 0.150401424371566 0.185131086377273 -0.321328059235767
0.136953438788025 -0.00803532221866884 -0.107412652282984 -0.274180152460366
-0.00538273070061903 0.0152986691983897 -0.0238432426753264 0.144497124235023
0.0175072646611388 0.132537970745978 0.22885031511518 0.0394362245338056
0.222605404706197 0.0883884104502964 0.17351373469538 -0.0264997876294808
0.219332802648141 -0.0955154922710535 0.210018822566383 -0.00602094030493674
0.102081380013906 -0.15120828259475 0.260505318925633 -0.0625547651291712
0.0363948662143923 -0.142963968555473 0.240074825238104 -0.119110434698683
0.0256096379952806 -0.125757893315287 0.170708056962884 -0.110256325105372
0.0322018718340321 -0.116152393249837 0.110569692039806 -0.0809792978297389
0.0895720825424422 -0.111331625932171 0.0764419993675416 -0.0660274276552936
0.177913302912164 -0.06586411226157 0.0626763514799619 -0.0473590121115366
0.207810996138618 0.101936422668306 0.0208468668372925 -0.0915132468163068
0.00739066976942498 0.179939294551071 0.0335373565885325 -0.197139471872723
-0.0393272610342122 0.0581949294952772 0.134454630610532 -0.354362227935618
0.12205623785777 0.00338766374735643 0.212009292081752 -0.355009900398425
0.0855769017282684 -0.153117695297652 -0.114830563602097 -0.282753910453531
-0.102659130667338 -0.0764745024469524 -0.00405063227564525 0.0736213938794942
-0.0701345136317873 0.0936808416141246 0.177573840891725 0.0215377316135237
0.125927616981623 0.0603342306007312 0.179961544163433 0.0124514676848271
0.101823869507754 -0.0870222767214793 0.2554606924949 -0.0273214761310955
0.00150641381367674 -0.102744734212403 0.278790350802039 -0.116572531501327
-0.0395239529004767 -0.089480912203341 0.239650134595936 -0.165992151412989
-0.0509057135173495 -0.0886413167305532 0.16707932379304 -0.143382004743503
-0.0385362748015968 -0.0964029239483676 0.109281983715354 -0.118180932268526
0.0191735014703154 -0.110967823881257 0.0921661391292144 -0.111251117019117
0.115625390437854 -0.0858687238271333 0.110564732830903 -0.0815975782703583
0.137862441717325 0.0708072599602432 0.0756474144862288 -0.06931722963758
-0.0554563513585998 0.0755630331911594 0.0467251575553207 -0.163967561207574
-0.0138296903184663 -0.103539281286259 0.150575217509932 -0.362833101637458
0.17095665718083 -0.130980743808944 0.21675533244663 -0.347194084679428
-0.149299799889539 0.244227126476268 -0.216870088786064 0.308012099883233
0.0365057304952596 0.220654893257306 -0.125937284482371 0.450230269410218
0.0852974289229999 0.0382045707733627 0.0209236894972426 0.173385247282674
-0.0378266836981319 -0.0122303791983209 -0.0870641002670461 0.0285415547049792
-0.0372210970868089 0.0917237548715546 -0.146111605109785 0.110981036273586
0.0562103275706841 0.0882916177670042 -0.0873661898819003 0.160401414600767
0.0980849535033813 0.045259692382362 -0.0643187493428409 0.150275479157247
0.118862314495605 0.0334000840987378 -0.120780801445432 0.133458339402824
0.107137650745586 0.0314953910427343 -0.193382412553425 0.167940735112228
0.0867815965099548 0.0400215539761579 -0.255427761770981 0.149382484849232
0.0303190820833955 0.0630968598842104 -0.271090660616265 0.0709016384230609
-0.0146259567960702 -0.027067522684093 -0.205557270785275 -0.0205043727600002
0.135398790228172 -0.0342215704541069 -0.148282270591256 -0.038316596331334
0.158216874859071 0.172296408631768 -0.0861304648033104 -0.0561175007171469
-0.0372320685966277 0.307886475782282 0.0951254834994737 0.179232268818285
-0.126255798573316 0.306851131793799 -0.166421471982146 0.229764564897444
0.0290960675578215 0.318002112426432 -0.123898607943887 0.470143102845862
0.127627563585456 0.144773033926799 0.0947585201041278 0.204346829051406
0.0803649049489316 0.0346363210517507 -0.047634631926356 0.00449087782227347
0.0644878378752981 0.0691584675119842 -0.145927824095364 0.121728576791823
0.120433617169424 0.0434229723849867 -0.0658044617306913 0.188456852648697
0.141460195679904 -0.0113899677666209 -0.0198893115630778 0.163308071920736
0.163659313602328 -0.0271451318890956 -0.0703546674533583 0.120989431723797
0.160836906781721 -0.0297610573026823 -0.143002872891893 0.148196519619618
0.17443501501955 -0.0200290559606521 -0.212325067290015 0.146263504075862
0.159640135539908 0.0409710264564136 -0.257052340819666 0.0862678334901673
0.11773019555322 0.0273893958706479 -0.228003933744745 -0.03452203158915
0.189554502014692 0.0690777808375986 -0.148633474600383 -0.0887796841987024
0.17164016471957 0.263039797265286 -0.0727534495357109 -0.0888078090114468
0.0133533801448178 0.38952790813517 0.0913444175988921 0.0921474879217708
-0.0548999163788429 0.336349499281064 -0.111632107736331 0.123221026310828
0.0665265274902828 0.356431093763527 -0.111006712720317 0.455054954706558
0.179009591821092 0.211152515991075 0.179057107310866 0.232736672776317
0.205357161286671 0.0694371203151053 0.0241410416831512 -0.0116774622720149
0.181023471455242 0.0259130011513115 -0.10379802831533 0.115286503965459
0.181802751570151 -0.024840398177545 -0.0187618704080071 0.187591485980735
0.167381503471677 -0.0735390644130511 0.0365634095555864 0.147299810092295
0.184691983784777 -0.0805031122631178 -0.00994071082236513 0.0889688109967058
0.188771304621973 -0.0778494135677038 -0.0811350904979044 0.10702988993048
0.232550081311368 -0.0653426760690942 -0.152415209086199 0.11645656676441
0.256771059725915 0.0174435449017283 -0.213619618645614 0.0810611335542136
0.233646870291536 0.0721504181967969 -0.228605083147967 -0.0504811786761681
0.227420776736372 0.168868040366377 -0.149035920906889 -0.142692360164053
0.154867644188787 0.333341205665057 -0.0556256817147623 -0.156372853312287
0.04222424223202 0.414907494271449 0.0949655295637174 -0.0227904864151696
0.0398496787472893 0.321358391003965 -0.079068604743543 0.00105108788119932
0.124884239630546 0.32515899344183 -0.093878696162689 0.407084018574325
0.217527573771063 0.217964322962229 0.249053219928939 0.224157233747348
0.297910396406469 0.0768039094864109 0.10051748902278 -0.0299029323260016
0.273766834452782 -0.029807171090625 -0.0278815610323459 0.0908232418272806
0.219592534339388 -0.0990308977743096 0.0513107853010088 0.150666538772696
0.170692622899203 -0.129796195338315 0.0987010189493067 0.100536480764095
0.178480793694524 -0.119654901974193 0.0523523543943747 0.0429091953650962
0.186223186623291 -0.107998351317102 -0.0171844395264828 0.0558401640447603
0.246550045298787 -0.0921052909680221 -0.0810136466132077 0.0707878094441987
0.299709401934915 -0.00380782316796544 -0.145382538233993 0.0563896816900565
0.300817258704608 0.101701569389857 -0.195658013538877 -0.0711015744244263
0.22733388118677 0.241097153293375 -0.129098384468427 -0.190187314593357
0.109496939498674 0.356064603860958 -0.0255601213884388 -0.236074744736878
0.0525896793298549 0.375113072762951 0.111670240103611 -0.143211773405141
0.119371457565569 0.251142479059833 -0.0773543531261579 -0.118570618249125
0.147498241854557 0.235898930533709 -0.0729486308234685 0.330605977408676
0.201143331058522 0.18465580310465 0.283955010198 0.170232073888337
0.326030944884364 0.0756914399127269 0.151089673884041 -0.0493832581340755
0.313357308885224 -0.0773889251265097 0.0603130158476326 0.0548492249584205
0.218991786263156 -0.155147033706502 0.13289138425664 0.0846894185229155
0.146124357287483 -0.1650338463479 0.159415845855752 0.0290581753535331
0.146592597849435 -0.140698034292671 0.10708177690409 -0.0105955561807633
0.153363172321326 -0.123216258971373 0.0410892470070992 0.00536286576440939
0.216592814795145 -0.104068357049624 -0.0130162394200948 0.0222697239444926
0.284420802400119 -0.0224732252451614 -0.0681039042847024 0.0217942250490333
0.305445360666602 0.115852244083643 -0.131903399822373 -0.0911860659947773
0.177449595420347 0.267645175771704 -0.0816373224305731 -0.220054279541254
0.0456742693979753 0.314766515040767 0.0229238581890007 -0.303331167434307
0.0608042245919669 0.280124134487488 0.141524014052432 -0.248695720958379
0.153376043058354 0.132582825673747 -0.0969079048313111 -0.213384542927769
0.0966008593847928 0.122113976414654 -0.046339761075957 0.238765520110784
0.12244221909414 0.154826935454323 0.273005140938525 0.0940072825930607
0.293744969261868 0.0801945355563621 0.167350162617425 -0.0526995883913249
0.29141117231974 -0.101007946289029 0.143860226491021 0.0201530911839653
0.174857156659457 -0.173234779103626 0.206756641044032 0.00431420821507907
0.0968039954853669 -0.169682395113289 0.207563260156681 -0.0533935129146668
0.0908352940132643 -0.142740517651044 0.147855838578303 -0.0653954841444276
0.096742299085039 -0.124691338824433 0.0846540393390494 -0.0407422088600574
0.15649030526669 -0.108806063887919 0.0401189501350055 -0.0233247703181077
0.233598530566552 -0.0457295316732591 0.00354596624476601 -0.0147905476125475
0.26650883088167 0.111502151602438 -0.0538392338219268 -0.0985126850522551
0.0964520588468091 0.244728503607069 -0.0197666557979312 -0.220914931130112
-0.0129891618372422 0.208700126577906 0.0787701035648283 -0.341369771854255
0.08112627373246 0.146281126844816 0.174749474077413 -0.322001976898037
0.133474382661455 -0.0120747970630944 -0.115333167995257 -0.268539224177028
-0.00477795057132084 0.0169777694425453 -0.0209591246672998 0.145180890869269
0.0202613054262347 0.133062526982483 0.226354747377436 0.0339625839656532
0.224396208967482 0.0792993395847495 0.168389600596398 -0.0293639533489342
0.21385230513506 -0.102987860038003 0.21120603452016 -0.00899375012237984
0.0957333889949958 -0.152059242554155 0.25763805208269 -0.0699665863971365
0.0307984737317947 -0.140986087204671 0.232863637609653 -0.12553464259657
0.0201399912718409 -0.124045232885011 0.167653251515804 -0.112954389343674
0.0266970068349183 -0.115060448186635 0.107089556953854 -0.0816403054333915
0.0848581573799995 -0.11261408307531 0.0728863077895307 -0.0674222409943448
0.172363849061379 -0.0711904861726547 0.0632084896372523 -0.0501161396303086
0.209614523219758 0.0938516928802379 0.0205264055121803 -0.0892292144546144
0.0118671088884463 0.179538759337833 0.0305700017072948 -0.194058859454949
-0.0382440985132856 0.0599573313121205 0.124376457254885 -0.353607878745868
0.119732107753079 -0.000493087910226151 0.202609141640055 -0.35591521440682
0.0798283570567331 -0.154022405347272 -0.121859882856258 -0.276029303359908
-0.103923270685984 -0.0721173570587409 -0.00337907821303375 0.0742057515138813
-0.0659901647806165 0.0961562570072036 0.175097595761357 0.0154383275853478
0.12748084537427 0.0549272731206956 0.177835571939458 0.00872842663361076
0.0973161793531001 -0.0908541742155494 0.253934034208234 -0.0321755780852143
-0.00244679852241936 -0.100717060854362 0.273195760033695 -0.123600262041902
-0.0433783313921532 -0.0864506489053475 0.231200647394229 -0.171288195849242
-0.0547442048830871 -0.0854301929081774 0.161746084718984 -0.145740502338827
-0.0432171509509507 -0.0935137524020636 0.103461784742191 -0.11875235228237
0.0154150760434224 -0.110674740717048 0.0862193807717414 -0.112242448915988
0.110930608535142 -0.0890479049976235 0.108398126938262 -0.085150999869151
0.13977132614115 0.0651349885493548 0.075751199705442 -0.0695403809720096
-0.0527291990838929 0.0782734361833282 0.0446814883171052 -0.161397453342416
-0.0177060344194873 -0.101913276548149 0.139638118314426 -0.36304325767346
0.164752818268095 -0.134403053677357 0.208125205908978 -0.350680601264963
-0.190147019685568 0.200588357694295 -0.271465652346943 0.263342561560067
-0.00641198733843407 0.210647832169997 -0.209900971163058 0.414333489754159
0.071776025468667 0.049486753902518 -0.0155561438036992 0.171054898387464
-0.0343659917667966 -0.0182506051873337 -0.0924665823257589 0.010269583200375
-0.0501395984984838 0.080476733586421 -0.162120898642894 0.08219336536022
0.0394501051701141 0.0941016402136172 -0.114948600834214 0.141448134280047
0.0873444282909658 0.0600193927110869 -0.0895222824789851 0.135351286015642
0.111562147277115 0.0536049919748945 -0.142625543865066 0.104634467539809
0.0999314347322018 0.0509617361198086 -0.219710300882772 0.12765459506529
0.0776314693859358 0.0548728768188948 -0.273472347942896 0.0968319686202034
0.0193363170452346 0.0676706959456065 -0.274662142689518 0.0202562241658462
-0.00921369481295078 -0.0257405271453682 -0.196289396466075 -0.0619907885288188
0.138981138359603 -0.00439811207813353 -0.13502386122114 -0.0669377073414602
0.118543215103912 0.199417491931347 -0.0760280859725573 -0.0666836292479243
-0.0973120543232341 0.293684518630342 0.0586452772099507 0.19810047083346
-0.178804584854237 0.265289133526665 -0.207882949839718 0.196342127189023
-0.0301444131359422 0.30168269130052 -0.2150443441716 0.432795530442626
0.0920849738348288 0.159812281211405 0.0472595809859321 0.216190172907347
0.0684783554077373 0.0464335015014762 -0.0521947396912831 -0.00381940640153295
0.0512114063534513 0.0768867420302277 -0.164688899433296 0.0941460743560815
0.109278538121121 0.0620292061914931 -0.0990058517917653 0.175564710948069
0.139026789469584 0.0143132396273326 -0.0475284014049093 0.156001633823837
0.165674071388538 0.00222391590271559 -0.0914007263973677 0.102245892923623
0.163482799934524 0.00175237532034886 -0.165931814515275 0.117507117427803
0.173784368100904 0.0132677394898548 -0.230024666480901 0.101956546863507
0.149298542103254 0.0705573110589094 -0.258466571088997 0.0367246770061112
0.106474235964607 0.0528614569421367 -0.21186156543387 -0.0782566470737279
0.170028386161511 0.108176724625972 -0.124877321334021 -0.113596711169232
0.113385365678903 0.291383883647754 -0.0571537540386054 -0.0959226466385059
-0.0644476454472011 0.382765347102706 0.0736006970796204 0.111310778472885
-0.117956770390021 0.30723663170839 -0.135299425919914 0.102982138993203
-0.00159210116335784 0.344812203739945 -0.203985066772722 0.425801420900245
0.128825124059443 0.233957698970664 0.120883809924118 0.260920062416403
0.180324225538843 0.100508200754063 0.0198792405030669 -0.00268189976290526
0.169352212224411 0.0554579315258325 -0.12450246616439 0.0967709152970301
0.179794791281082 0.00782302500117951 -0.0525075065351941 0.185328323843644
0.175766350890781 -0.0417860401965679 0.0101014118069706 0.151876759242169
0.196060416182375 -0.0459128794354089 -0.0275049335184493 0.0830935023699711
0.199516417415306 -0.0386640826460104 -0.0981039998789041 0.088744543397084
0.237639747508031 -0.0193704608515235 -0.163733647927016 0.0840015079055281
0.247219322606918 0.0659578289154179 -0.211037496667644 0.0386834594909152
0.208722892236427 0.118810891752736 -0.20503035167572 -0.0915090935511644
0.184694732416222 0.213909013798067 -0.11358359347836 -0.162390744810636
0.0806831582930656 0.356539743019217 -0.0272877995346696 -0.159277964148272
-0.0428700514235709 0.411314029079365 0.100786940196737 -0.00179582459754586
-0.0235559428412692 0.310568433027777 -0.0800015038325656 -0.0096260621345744
0.0608099969994793 0.326537105806428 -0.176772676643995 0.383119320675338
0.163881621795066 0.247198872411436 0.189138943134717 0.267749253460284
0.266511233627621 0.124737407254353 0.0973812469989172 -0.0045465657346559
0.268112665816123 0.0181051448658753 -0.0471468995636452 0.0878625914439728
0.228890119151434 -0.0559232243917776 0.0243273187630915 0.163591274564434
0.187498044479252 -0.0956275860726691 0.0807581881266669 0.118060577921886
0.19728181967996 -0.0848048706193739 0.0427335582377626 0.0500720212319392
0.201487047865217 -0.0685470686731543 -0.0256430344251968 0.0519409070561083
0.256396248204275 -0.0422636667031413 -0.0863130566680626 0.0533060342342081
0.291291664870411 0.0539136336242238 -0.139589211828321 0.0271618988857305
0.266543843548626 0.160125173619993 -0.165357191215395 -0.104448902401765
0.169120439956968 0.283943212120201 -0.0843353642455864 -0.204182642104217
0.0320780192311096 0.369933715998419 0.0173824643735232 -0.233390415410475
-0.0254019083095835 0.376099863949079 0.142432009339237 -0.119176372755514
0.0668870746417744 0.260290331654352 -0.0563789550007836 -0.125337994313909
0.0976445618419497 0.246569013410442 -0.139382870086285 0.313900372457764
0.154062546345221 0.215474752928037 0.235396021371628 0.22232929167378
0.293313187110684 0.128233255889763 0.150589944310768 -0.0128048070375793
0.313189709705806 -0.0199802478323998 0.046203651185929 0.0690886032143899
0.237480690340564 -0.109488417237698 0.116600486651809 0.114120814658607
0.169891928271019 -0.134232406773105 0.153220592845756 0.0590118527488146
0.16876660150963 -0.110919865619422 0.105978207018526 0.00989904612910357
0.1717018852823 -0.0888164282783037 0.0403606340838989 0.0147823095495047
0.228668669215129 -0.059897017835298 -0.0117524803865731 0.0193795836438051
0.279843195291907 0.0326830456868116 -0.0583843399310919 0.00737257769749446
0.267771946397014 0.172920641443153 -0.0990783229081411 -0.110343973122349
0.114558510672018 0.298535842216263 -0.0321648707672056 -0.222766469387554
-0.0212834601082313 0.315363697267683 0.0779505483740442 -0.291997945985614
0.00074659197927515 0.284342263135797 0.194166984100314 -0.217329980705894
0.122806840491884 0.155192344835982 -0.0571949545344865 -0.222895950593411
0.0692673146908253 0.131291964757715 -0.0928993353360703 0.228759354987614
0.0865420542166151 0.1734835267728 0.239424822957923 0.143960905420101
0.262963600804168 0.127650475151194 0.16768658391248 -0.0135609850616338
0.295787112267467 -0.0462878062779885 0.13361169327313 0.0500318409155253
0.197272842912927 -0.135447954027384 0.203840715796678 0.0481808253174349
0.121960103841937 -0.147253697030226 0.214353048823125 -0.0125396313368497
0.113472634448591 -0.122453713777819 0.155908843622857 -0.0353429039859483
0.11573177126799 -0.101223293316398 0.0910664186941947 -0.0209563556386288
0.170521735146865 -0.0756354891171118 0.0465355864611665 -0.0153695966987022
0.233721969882409 6.59408315875382E-05 0.0167015269606043 -0.0158797601461785
0.231370433440336 0.159934429347532 -0.0215305979106143 -0.101640245375864
0.0403408128548403 0.258628291046122 0.0271271111543625 -0.210702953245643
-0.0576946515401442 0.199844208974505 0.141464930119774 -0.32006480870351
0.0475093606824645 0.158055227691915 0.242804703460557 -0.284749345028903
0.131769395809645 0.0142258909299481 -0.0651411029956332 -0.281004280750568
-0.00848173795442424 0.0149858915872306 -0.0465352851719746 0.138594300970545
-0.00613088542039416 0.135289369752171 0.206263095316658 0.0730466026571378
0.196190956417476 0.114322709355147 0.165527721807009 0.0076281049476358
0.219979625854475 -0.0613497124359818 0.205177928441254 0.033181500968807
0.117088537385888 -0.127600387597408 0.26669535347131 -0.0182748910944109
0.0515454086821429 -0.1308589799033 0.25283119146913 -0.0791335473270165
0.0408604913025151 -0.116532937892681 0.183856949587497 -0.0774690217893906
0.0461027971056452 -0.105136494425903 0.118804832857029 -0.0581143116028177
0.101745557153951 -0.0935213091537021 0.0848894417025923 -0.0516777030922068
0.179294269756441 -0.0365876257684233 0.078208676580216 -0.0397580354192821
0.181488940856953 0.130110445115795 0.0470382340316405 -0.0789494475476961
-0.0273119342907248 0.177374869038616 0.0693363142797045 -0.177094677655245
-0.0520537667200664 0.0491295627726845 0.189614881515424 -0.324920888679613
0.114799978353172 0.0235795788021571 0.277809582904868 -0.314119566811474
0.107023111960628 -0.130819806559157 -0.0695729242921233 -0.291864989741694
-0.0874407343370569 -0.0856699392006428 -0.0131536842170903 0.0695675465582515
-0.081104023524348 0.0839198720819941 0.163334679422998 0.0438496981454271
0.109139675719623 0.0736492915423914 0.16883934430474 0.0435394575632733
0.105104228608878 -0.0690504326858388 0.252295387676363 0.0169863624635938
0.0126107699829309 -0.0952735313723232 0.292159061490055 -0.070172949917961
-0.0294030777533585 -0.090745043647214 0.258204587694405 -0.125250156018859
-0.0398612039640567 -0.0922449289302931 0.183995297447055 -0.109484738179927
-0.0256550819055336 -0.0971251563438553 0.122423376763855 -0.0944612728513033
0.0342188571033282 -0.103919666822027 0.104542319965735 -0.0932790507271265
0.123195946910779 -0.0655595265429616 0.126071913862615 -0.0668988417317762
0.120421697943311 0.0888528063842418 0.0946874862199998 -0.0496866163492337
-0.0692405344589248 0.0658206843766365 0.0752454237905184 -0.144883503826581
0.000572562241339787 -0.104378848688454 0.209539518482504 -0.332319846086251
0.18665786751183 -0.097218429588543 0.28180640996334 -0.307426707431725
-0.18179593935139 0.201497188798246 -0.261723893364928 0.26235915200006
-0.000907795251151671 0.205940782105542 -0.19544889443399 0.408417406009927
0.0711304882791842 0.0452019784704347 -0.0123999574879812 0.165953821332748
-0.0352335035633753 -0.0172341392883486 -0.0940341910123011 0.0114359910224347
-0.0462576453105537 0.0810819308468908 -0.158155974678467 0.0866442057592284
0.0415386784799006 0.0909995646124848 -0.106874996995545 0.143156071120811
0.0872552798823367 0.0561835758268338 -0.0813117603593343 0.133332221733991
0.111686283877845 0.0477304165673692 -0.137754382951915 0.105327027335107
0.102169604384516 0.0465441225341153 -0.212289873168321 0.129893745249844
0.0783705883227172 0.0521727920934017 -0.26465328540932 0.103167858918186
0.0226160081940899 0.0658423820060566 -0.268236612277639 0.026857560625877
-0.0102260576905721 -0.0237499994801105 -0.194201625572922 -0.0570373304358602
0.136281944002039 -0.00848297310391255 -0.135052972804307 -0.062106994237532
0.1219492224491 0.192206899323469 -0.0764828064137399 -0.0627474683785385
-0.0863320275396207 0.290874999894511 0.0628592215405031 0.189883832419624
-0.170116171651032 0.26401102203893 -0.200662569960768 0.195741006963483
-0.0218725270046729 0.296909867703906 -0.200885126722542 0.429410946698833
0.0931285050790035 0.153404039738768 0.0492178588443015 0.209825215729761
0.0668477088420852 0.0433377283447701 -0.0547818395363083 -0.002225985181115
0.0525229853763263 0.0747034596516813 -0.159860834517852 0.0991435657718751
0.108984942244647 0.0576434226231239 -0.0897761820470393 0.176456171037159
0.136259811933384 0.00985791646914017 -0.0403464963926553 0.152808229457893
0.162420589710288 -0.00306316865207153 -0.0879847268431343 0.101288281785488
0.161509361912886 -0.00261298131907252 -0.159894420343527 0.11939534036781
0.171137482849541 0.00864149134789987 -0.221570545647862 0.106216052084758
0.149999001831439 0.0641917250860426 -0.251134438591055 0.0423626878182853
0.106100135673559 0.0498179158152466 -0.209565224333193 -0.0716553018487077
0.169727130838395 0.101404061391863 -0.1266491424818 -0.10777048044216
0.118911471609948 0.283672250306556 -0.0578149075514034 -0.0916075304227464
-0.0534216412598682 0.376419220719616 0.0750839456529804 0.106134732466322
-0.109665336575233 0.303256234853862 -0.131141438639939 0.102902856189392
0.00732131106569098 0.339353776110578 -0.190057663203165 0.420970781619954
0.131146307212541 0.225754370579526 0.122632637376342 0.253340151427576
0.178380490858439 0.093136894215149 0.0154029441634704 -0.00255490659644718
0.167422794613345 0.0496399578071666 -0.118392656625543 0.101275066881054
0.177021884697016 0.00278764859105008 -0.042830714094989 0.184303928410744
0.17013595476006 -0.0446936741006373 0.0155696470997591 0.146814031774121
0.190690120832398 -0.0500183699352149 -0.0241523537277336 0.0809872005074386
0.195706831975486 -0.0433512635335323 -0.0935738974543366 0.0899178866808147
0.231922980469457 -0.0258473104711621 -0.156515089542952 0.0874794037846617
0.245058739983336 0.0568766418457265 -0.204088077972756 0.0437757102012772
0.207721468638303 0.111006124462327 -0.201754026598359 -0.0841167455360798
0.187321867299967 0.204802905570986 -0.116495728365963 -0.155741819865617
0.0894436635720205 0.348348866317679 -0.0298661210178392 -0.154329886241566
-0.0319061614526705 0.402191277665446 0.0984856037267484 -0.00443573710075241
-0.0175992737468616 0.303859053390778 -0.0799766675552513 -0.0084828552273982
0.0677131917624383 0.320090961243178 -0.163674576810682 0.379159788279447
0.165050565644845 0.238977020905655 0.190775589022817 0.258854508652692
0.263887332897896 0.114372800521923 0.0919091273765574 -0.00545824077238768
0.263081632619073 0.0099428837223301 -0.0415730478043552 0.0901812413859706
0.223149766204633 -0.0620765121534036 0.0312348906565435 0.160570729779194
0.179873894122379 -0.0978447054058805 0.0830026252071011 0.112518841857316
0.189739436467482 -0.0878029239203632 0.0436329914486183 0.0476514958405712
0.196483992116474 -0.0725250515535241 -0.0235117111440347 0.052244149176143
0.250035499814056 -0.0492021899258795 -0.0812460552012647 0.055031558585724
0.287430448321348 0.0434123824338277 -0.133571881802444 0.0295619217127108
0.265072685740356 0.148862476584153 -0.162672898204792 -0.0966362098555689
0.172730096279073 0.273470942717282 -0.0874424202266134 -0.196120735331186
0.0412108608297323 0.363477339603035 0.0132582215807295 -0.226853716119068
-0.0154961883833663 0.366716092552348 0.136737563446328 -0.119484306039204
0.0702333643272503 0.253079840778415 -0.0596711628472021 -0.122302221108593
0.10240045719096 0.24072174420199 -0.129386842940821 0.311512291778339
0.155719615575659 0.20812232790283 0.234927008807626 0.213004803282365
0.290383499606067 0.118208450327083 0.144231385789673 -0.0145871014302573
0.307057772807816 -0.0298834821911594 0.0496612561968513 0.0695283463562353
0.229277449509066 -0.114181504672153 0.120758258825932 0.108344369118207
0.160790786398247 -0.134738892504091 0.15127811072286 0.053169618766969
0.161199308276813 -0.112716679903731 0.10505178848563 0.00556253400145963
0.164567348363108 -0.0908294980355519 0.0407930400510375 0.0138092010497486
0.222062024057793 -0.0653075378820412 -0.00958749483067934 0.0193655501117195
0.274280329714066 0.0224226613985358 -0.0542854535726747 0.00726246959386277
0.267215396176084 0.160322093421142 -0.097687790485089 -0.104087022630761
0.119985864341643 0.289498531472723 -0.0359966513592211 -0.215743548282697
-0.0133954345031732 0.311079514949758 0.0706230566622303 -0.285891341495069
0.00651446195702719 0.27665938851449 0.184711017772881 -0.21717312410204
0.122772389335536 0.147865714149414 -0.0618956607337 -0.215844954090588
0.0721867400955658 0.128163715621375 -0.0860076701274533 0.228028432566539
0.0882281437112609 0.168521619199626 0.237431276308054 0.135063053806266
0.261303786841328 0.11708476642747 0.161827381260093 -0.0156581499549919
0.288020940522398 -0.0560612554489761 0.135855967042113 0.0485623270527553
0.189550283091439 -0.13805239154688 0.204556628626938 0.0412076692328173
0.114371137299023 -0.145951333451776 0.208839355540833 -0.017846180869826
0.107640286608392 -0.122002859812258 0.152709709850973 -0.0391922464074613
0.109489179668705 -0.101223898070083 0.0891106381068341 -0.0225333480934382
0.164377240577429 -0.0796722245871819 0.0458967297855494 -0.0156074036668582
0.228465697432677 -0.00828804906957221 0.01829556841425 -0.0169960810291453
0.231050433034419 0.148595250835239 -0.0217260688852039 -0.0974859104463695
0.0460648361376282 0.253392905856035 0.0232097516276054 -0.205645455302611
-0.0521707549774581 0.198828987199299 0.132199133523057 -0.315418925424794
0.049350951297987 0.151975407146802 0.232001833996567 -0.283933674063724
0.128138325873171 0.0102430999978066 -0.0712677902160545 -0.272632374904534
-0.00728909147190898 0.0159612993345523 -0.0430830178275062 0.138842965836742
-0.00231036588787405 0.133803161169791 0.204059143734145 0.0666090029411696
0.196869593297309 0.10590734982903 0.160982770499618 0.00468684786500743
0.213975329291157 -0.068541487076035 0.204938050699053 0.0288142194793483
0.110738222094076 -0.128041753652163 0.263244813797377 -0.0256700460598648
0.0457073558113364 -0.127919885493569 0.243928670574059 -0.0846781884466831
0.0358061246644459 -0.11362848610534 0.178371313937237 -0.0811061963083757
0.0406440211136791 -0.102731847660618 0.11530538489856 -0.0588625438241488
0.0961988460376213 -0.0947479533347931 0.0812759939294022 -0.0528540496576322
0.173569301623112 -0.041496660123644 0.0765189645116891 -0.0430376789045503
0.181801231233885 0.12084361338465 0.0470589713064511 -0.076581559992842
-0.0223065601023198 0.175528611801034 0.0655332675471242 -0.172296564975313
-0.0513668742646137 0.0504677464285278 0.17903233332702 -0.320578931823409
0.111791873104797 0.0190848070188634 0.264125506636089 -0.313169136496198
0.100449161190473 -0.130739794095666 -0.0756079855348478 -0.282747646801887
-0.0886045956716483 -0.0804624931946791 -0.0112719028266631 0.0691387926639096
-0.077550552395773 0.0855182238837474 0.16029504398762 0.0378134060443788
0.109797593928769 0.0678122399986487 0.166276335991911 0.0402411587048906
0.10034167920124 -0.0728521724080361 0.250190312014422 0.0102641848083378
0.00959059389252036 -0.0926727642495406 0.284767505025025 -0.0779518186488119
-0.0330031317609076 -0.0862781832591001 0.247718630405118 -0.129810419913808
-0.0421044442938003 -0.0874835335431861 0.177740688570245 -0.112020198645175
-0.0296874312663263 -0.0933438231033155 0.117140963519536 -0.0946915340456572
0.0301926844682681 -0.103025650400862 0.09905458569525 -0.0937695787633692
0.117825480648344 -0.0676948223776054 0.122317109025325 -0.0709907755961926
0.121972989444287 0.0823702435780955 0.0939901620570942 -0.0494975412765813
-0.0660965718660463 0.0676199282247034 0.0730820919501031 -0.140848013728298
-0.00386933098927247 -0.101263813185515 0.197321178545402 -0.329124517620829
0.179646808816216 -0.0995988617040287 0.269935988386334 -0.308689839678159
-0.175094216136723 0.200009151848315 -0.254580295875714 0.256676450196122
0.00269967273751763 0.20112033999249 -0.186919465232527 0.399661992476007
0.0693390496145964 0.0420520710997177 -0.0123968453467721 0.160597267433428
-0.036236175621617 -0.0160823763698017 -0.0951558033622396 0.0120927051400976
-0.0436779133223706 0.0815239961167251 -0.154829250125266 0.0879206914894452
0.0428716834121854 0.0881887280007968 -0.10064833687804 0.143809149386995
0.085582993571028 0.0528740192412051 -0.0752049627810743 0.129296655897872
0.110011848466787 0.0439913954737549 -0.133958198399485 0.103491738434026
0.101836624468303 0.0437855348842799 -0.205881573011426 0.131028851004432
0.0779471563709753 0.0504962839796741 -0.257204824739942 0.105988454312589
0.0250025980348753 0.0641407726336098 -0.261863143014153 0.0294339577251137
-0.0101377905704994 -0.0214603268516676 -0.190350670379077 -0.0538932170342785
0.132932327453425 -0.0103585072598734 -0.133776049372952 -0.0574352265797509
0.122301534440206 0.186834698050227 -0.0757245181149023 -0.0594913905525595
-0.0799919061664692 0.285334494000603 0.0642032163796921 0.182731631331961
-0.163935992296128 0.260129902402346 -0.195654605779936 0.191487278937307
-0.0171785183573642 0.290431953543193 -0.193233988139805 0.422023807309306
0.0916751475944784 0.148053736516853 0.0487861893396218 0.203626645621526
0.0642660415363613 0.0411539671334249 -0.0579965587339362 -0.000975303600312177
0.0525031859103582 0.0723418022387193 -0.15518119443966 0.100949244778132
0.108323106420299 0.0547283456799515 -0.0820955723881945 0.175292105812952
0.132850829239955 0.0079249434327365 -0.0349824549200817 0.148045599598304
0.158720216577076 -0.00608037919895598 -0.0843566802795755 0.0993717662835324
0.160653064009476 -0.0053929620043672 -0.154481087587102 0.119238868368196
0.168122829622705 0.00593283483136287 -0.213612922394676 0.108161566742956
0.149305271913964 0.0601073849447819 -0.244247827783158 0.0457084314534107
0.103950592576331 0.0482565151028731 -0.205112985815764 -0.0670207088648856
0.167430566569867 0.0965033722357934 -0.126589713866922 -0.103037652348039
0.120211285744409 0.277021208415128 -0.0570104345806639 -0.0876139349004161
-0.0461301155949189 0.366834838895677 0.0746029672223853 0.101595902302409
-0.105929803449363 0.296641460262519 -0.128871954522028 0.100678710868368
0.0122727090423458 0.331882084944279 -0.180220231914014 0.413193194239764
0.128947469869793 0.2182963991052 0.121170040649443 0.246670584377267
0.174027404683698 0.0883203113427994 0.0110811985010698 -0.00227965616762885
0.164094417449057 0.0455746733052111 -0.113690801899052 0.102886988179536
0.173298644963151 -0.000463269265347151 -0.0360641491345018 0.181540879641898
0.165538683080814 -0.0455141336939328 0.0199869817762356 0.142074263675635
0.185325575803426 -0.0522166279452914 -0.0227218185044109 0.078790981972375
0.191654321897935 -0.0459546849631113 -0.0906423200889853 0.0893362893368216
0.227439012616677 -0.0287264659770735 -0.150200947870573 0.0874913971268342
0.241970952899616 0.0501277180378677 -0.197196445167654 0.0452966640782015
0.205409001026299 0.105208302748849 -0.197041626639979 -0.0789138679676327
0.185486934107159 0.198039288757379 -0.115935710565378 -0.149959790747043
0.0921974698543055 0.341289884952822 -0.0293582277577185 -0.148920169690101
-0.0269224863956398 0.39206582841888 0.0971340899890742 -0.00527704914391288
-0.015962400430249 0.296623886033294 -0.0790084778236288 -0.00796413694158528
0.070723101563523 0.31195216209356 -0.15647414340204 0.373484517533997
0.162937521946948 0.232079855410903 0.1890049266577 0.252283250749249
0.257775238429568 0.108091861092945 0.0862834138803165 -0.00519659974194245
0.257607085626546 0.00464969374540902 -0.037096713971599 0.0913135474325263
0.217940524802911 -0.0640933156353923 0.0367045126089567 0.156744575134017
0.174196557616172 -0.0965263467549674 0.0834803468230379 0.10829641371859
0.184704736352181 -0.088918406560735 0.0429940785329139 0.0452984927059009
0.191388297441122 -0.0744222667213442 -0.0220452270412712 0.0519589236685348
0.243316399976872 -0.0522168793326402 -0.0769537980531438 0.0551383298472576
0.281609243643753 0.0367023686402967 -0.127538275793245 0.0300831800557892
0.261624961446167 0.141073334137285 -0.159089612695051 -0.0911430950536803
0.172528482661748 0.264782455859758 -0.0875979127968059 -0.189711385737201
0.0454942043547121 0.356707171096613 0.0118650380086042 -0.221025500845837
-0.012369954005343 0.357011803436834 0.132144741747362 -0.117210977573302
0.0697700885457756 0.245368180557355 -0.0597812280361476 -0.119471645888135
0.104733818119507 0.234937434197109 -0.122774694446096 0.306160154219787
0.153557308023854 0.202541889264104 0.230928043505401 0.206844745174837
0.285502434951888 0.111035043922402 0.137936872311464 -0.0145012695281195
0.299242585526634 -0.0352175713996235 0.0524801555559528 0.069916392808154
0.222883135406786 -0.115355082646907 0.122673308241157 0.10422755272661
0.154855544768963 -0.132235228798981 0.148791073243033 0.049658273273178
0.155606046633879 -0.112015551914401 0.103421619361649 0.00373006527106266
0.159987553653015 -0.0907762121273235 0.0412048754456996 0.0138882368779021
0.21534688533113 -0.0677986627020049 -0.00731235322687437 0.0198943033122397
0.268042330215529 0.0162070910442226 -0.0504779327928396 0.00736848860994595
0.263409825056143 0.152512855796565 -0.0945564652041669 -0.0986854354587032
0.120717296191029 0.281789638550267 -0.0368064313005496 -0.208831760503782
-0.00929473157067339 0.305865444800408 0.0671219733336745 -0.278748633011134
0.00842823473946484 0.268425044808931 0.178205223076921 -0.213328979413134
0.119455497502516 0.142986028386937 -0.0641206958784062 -0.210638646008552
0.0729791470759807 0.125049694650646 -0.0814293919696862 0.225086514750074
0.087661169972949 0.165223146900162 0.232676351468339 0.130839707174454
0.257615371744576 0.110839827866867 0.155348110016659 -0.0163669613116591
0.280365026690897 -0.0613745013201804 0.135808331585344 0.0470698145931728
0.182979001276265 -0.137005423623342 0.202937746709405 0.0359613471997815
0.108856773281739 -0.14265844209722 0.20340832129645 -0.0202853951111872
0.102606024115068 -0.120536054263715 0.149498432013571 -0.0406474659294526
0.10474993048828 -0.0998645492794547 0.0876370640337924 -0.02189696964995
0.159186240397971 -0.0805675182575241 0.0457032313645981 -0.0150081039640077
0.221967307919575 -0.0132566962621025 0.0195057775580959 -0.0188597509939091
0.22817205762734 0.140165425772936 -0.0191409312392751 -0.0924345310266447
0.0483409696279772 0.246999813396228 0.0218438117064769 -0.199117541852504
-0.0497763402495037 0.19666615879059 0.126897384475275 -0.307631612993286
0.0480672236199018 0.146323516833996 0.22296322370736 -0.278887073940777
0.124050701248804 0.00781070634760606 -0.0736048824458058 -0.26544215868762
-0.0066467007820509 0.0167484727945328 -0.0401565469283689 0.136980762412705
-0.000597514671550661 0.132447867225753 0.199215672276293 0.062495182737595
0.195021577093765 0.0994828462438299 0.155314421973087 0.00380575654584047
0.206764255260091 -0.0715778307711158 0.20379591438765 0.0265793206805271
0.10631340187569 -0.126309410700099 0.258196556547088 -0.0299242406694386
0.0417920403993653 -0.124040066420072 0.235288747581986 -0.0860481567517681
0.0325477334074968 -0.111110923192856 0.17398673135819 -0.0817829331804249
0.0368571866039998 -0.0999264487453721 0.111802188411241 -0.0573683673806306
0.0921974637183462 -0.0937281695982105 0.0786747654785121 -0.0514111309287691
0.167549554540189 -0.0443772650609082 0.0756701548797651 -0.0441539306243705
0.17955868182747 0.113364106327875 0.0479809700225392 -0.0733091814172128
-0.0191374694736711 0.172356598722569 0.0646233309541466 -0.167455114327979
-0.0509827265883949 0.0509879940417505 0.172352567031986 -0.312708220994637
0.108391902182705 0.016321562353228 0.254590383819419 -0.307873318463843
0.0954262464919983 -0.128945737944958 -0.0779644076069379 -0.274702174944389
-0.0872656875486776 -0.0771632569756684 -0.0103077525492719 0.0683524658345008
-0.0745931167944319 0.0866775729970794 0.155989441460936 0.0332071284054348
0.108807299608925 0.06368268683563 0.161609804534249 0.036559197296829
0.0958925310850678 -0.0736649518442894 0.246612921534348 0.00786462968127459
0.00757617709605769 -0.0901105450836279 0.277244982777881 -0.0803368721962453
-0.0343485557785782 -0.0817901923780902 0.238518884062617 -0.130513800988135
-0.0438573987471544 -0.0834530072896193 0.172996985820988 -0.112646652950607
-0.032188448294143 -0.0881800229524536 0.112285430508078 -0.0923715808488117
0.0269070390916434 -0.100810023783492 0.0944407172800751 -0.0925066283427496
0.112778437802345 -0.0688360918658174 0.119484509931041 -0.0725441028614614
0.12139673986821 0.0775343046169013 0.0940985820365625 -0.0483091541750102
-0.0638741978754915 0.0688077550765013 0.0721756818194988 -0.135563081897693
-0.00670126977399387 -0.0981726926955524 0.190146690894348 -0.321753759693161
0.173546221722162 -0.099723404848765 0.261299097087365 -0.304750847498411
-0.173421578946659 0.196870368598627 -0.25446249857303 0.251371196748293
0.00302280088052598 0.198561787834353 -0.18519726626958 0.393193366710025
0.067702854730086 0.0406841170201983 -0.014644845639214 0.15692388866517
-0.0378252364662413 -0.0152212361899714 -0.0975241531576067 0.011861689733014
-0.0416806894425318 0.0814239772211799 -0.154336151167393 0.0893946474425307
0.042633884117504 0.0863991840866527 -0.096273273574565 0.143001795859053
0.0847845663080418 0.0524116144606994 -0.0717557478150662 0.125140961002911
0.108972790661985 0.0423269576344352 -0.132525280195368 0.101362408644381
0.103179436532774 0.042664475544579 -0.202940949249043 0.128682494788029
0.0773039836030114 0.0503484615871329 -0.252882401356166 0.105186888091597
0.0259559530290593 0.0624965943698899 -0.25785449136925 0.0281768558282934
-0.0111234749062109 -0.0196657572441672 -0.188127056270272 -0.0550487561689273
0.131465474199396 -0.0113668854866863 -0.132291778424749 -0.0565742908151758
0.121049453787956 0.184250309193837 -0.0740379707086922 -0.0580125838118181
-0.078824599389656 0.280836661073032 0.0633611040651008 0.178562106148388
-0.163233095811658 0.255290403586223 -0.195864256903391 0.186925403828361
-0.0168218311098939 0.286592124758099 -0.190571731452628 0.414104449081462
0.0890810837901974 0.145224316385253 0.0465512129130282 0.200940215592184
0.0610283247579177 0.0402198971750413 -0.0602196968874542 -0.00105333674969517
0.0516867182571757 0.0717270983968451 -0.153808700620239 0.101562629210383
0.107518413192887 0.0530768925073887 -0.0775151420794787 0.174221366734963
0.130743731638736 0.00795324354606734 -0.0329138511437228 0.143667429721661
0.156751575976977 -0.00701597617763377 -0.084309074544128 0.0969967538282337
0.159859879876377 -0.00616472540184013 -0.1527815356236 0.117213916314837
0.165939736039137 0.0062429614337957 -0.208951392467678 0.106867150124542
0.148203305213525 0.0576022135704645 -0.239862482308871 0.0446053978028171
0.102882670505102 0.048161216365687 -0.202193926588993 -0.0665777384471616
0.165013378310206 0.0948803805072288 -0.124620072648055 -0.100691876045951
0.118971903387253 0.274191849189456 -0.0551990086166645 -0.0856611523758945
-0.0472100618471854 0.361056055340993 0.0738814399519791 0.0988095088469766
-0.106483603622259 0.290867689850457 -0.128582831109798 0.0970281229361034
0.0107315143406985 0.328259380363829 -0.179753265180145 0.405949241469492
0.124612955813806 0.215513774781077 0.118472070870771 0.244541932914934
0.170342263541792 0.0866586251029193 0.00741555553232105 -0.00141322895507819
0.161483199563172 0.0450460078122819 -0.112276518457102 0.104119218677035
0.171374649404804 -0.00141774019015469 -0.0323866829569895 0.179440546769777
0.162640905180536 -0.0449253407127057 0.0207448559781137 0.138983590259239
0.182365452391713 -0.0519959109244478 -0.0224490693632933 0.0766357183508263
0.190835043499244 -0.0457995451750714 -0.0893591124746284 0.087804448239446
0.224606901415441 -0.0289534334202648 -0.145979994494284 0.0870374468819098
0.239149314013054 0.0470824563793749 -0.193432137366436 0.0439918264083472
0.202237816969978 0.104109624306252 -0.193812170953208 -0.0777752131546355
0.182544210061391 0.195150940181659 -0.114493574183743 -0.146811399289048
0.089332196485537 0.338337948265243 -0.0269501353367008 -0.145778332124167
-0.0282822014521656 0.385077010017039 0.0953535240886062 -0.00552249161832389
-0.0183124818544665 0.290578704849873 -0.0790496913658766 -0.00922081907500053
0.0705858145812437 0.308601698029562 -0.155089813390877 0.366570935628976
0.158561869378519 0.22952857339359 0.184936078591941 0.250530022146222
0.253491309858677 0.105713562023379 0.082435781916503 -0.00405100121752599
0.253758560477029 0.00382395922873642 -0.0355807586608386 0.0925600685775247
0.215193197668031 -0.0640997884601565 0.0400258760981088 0.154310128401531
0.171268177261997 -0.0949880668988336 0.0831979921337823 0.106370533079789
0.181725891075967 -0.0873158063789028 0.0426363209939024 0.0435248351036085
0.189134278898719 -0.0730471462243349 -0.0205229423713695 0.0513686374337092
0.239554111617534 -0.0518388596336877 -0.0736407339251385 0.0544827627890726
0.278299118247459 0.0338546806219158 -0.123766805505182 0.0291021670036442
0.257425819060703 0.13867276576863 -0.154880711105361 -0.0885438391521007
0.169916454623058 0.262127391385543 -0.0855196654392948 -0.185986544895598
0.0446371918610375 0.353190865201998 0.0132503373909448 -0.217054051928529
-0.0148275379804241 0.3499535660087 0.131215127003624 -0.114650834974249
0.0659900239804562 0.240668359464676 -0.0601223047945398 -0.117831862218336
0.104161498307845 0.232473868994947 -0.121939157276049 0.30257566368494
0.149673748742577 0.200801347012882 0.227166643706482 0.205410905902671
0.281363163793821 0.1089976815961 0.133376199440443 -0.0128880122100231
0.295070415852403 -0.0369486908767507 0.0537102705315457 0.070520935357188
0.220316003696117 -0.114723946757715 0.123415920321304 0.101495970531371
0.152678895261929 -0.129903835395281 0.146665069203494 0.0494047581100055
0.153431549273843 -0.109946379742288 0.102581468599387 0.00327231073271579
0.156668435808461 -0.0888288389199661 0.0414799545015339 0.0144355145363087
0.211747309318222 -0.0673067630214896 -0.00566405833090597 0.0198953589249822
0.263885506353091 0.013998849350783 -0.0476970695878549 0.00592614181762304
0.25985640821893 0.148680873982245 -0.0900747266656409 -0.0952626758902922
0.118790626549622 0.278362619170654 -0.0341958328357012 -0.204433732093078
-0.0096436269759947 0.303248088842219 0.0694263481767682 -0.273286539737369
0.00615781084740467 0.262596865836722 0.176781471211652 -0.208288691584936
0.116096719099732 0.139742585279204 -0.0635104300592618 -0.207556495501167
0.0729305688049145 0.12433745141754 -0.080266052537969 0.222233842609596
0.0853347771687357 0.164167422742318 0.22957836373961 0.12885650736595
0.255501496583434 0.108061902035434 0.151553250056585 -0.0134839189729908
0.275749382779087 -0.0623281668734822 0.137113455406136 0.0479025831235111
0.180879082832698 -0.136349905790809 0.201677215609841 0.0338628933590601
0.106967214190615 -0.139553060280214 0.199388895408237 -0.0200541800330181
0.100814696702345 -0.11779169779782 0.147890411128612 -0.0402490544527155
0.102130226307745 -0.0971967203647003 0.0875028900807851 -0.0208447473857064
0.155572414830199 -0.0795794565740474 0.046182473002139 -0.0147801042994841
0.217450506718295 -0.014430893209242 0.0209319129128676 -0.0190018087462993
0.224698213852645 0.13584849690668 -0.0164194999567791 -0.0896947282098897
0.0463409033333518 0.243934314699687 0.0239860304241861 -0.194277675989501
-0.049801064732582 0.194531849166003 0.127603449512374 -0.301245354055119
0.0452168152773843 0.142617696273127 0.221328820739265 -0.272849062023878
0.120562984775818 0.00741287362264525 -0.0725672956286312 -0.260805107405939
-0.00617141487474979 0.0169620934947869 -0.0393873524477147 0.136374469979006
-0.000764056577330296 0.131747125918685 0.195817113317393 0.0609153061753425
0.193016517810436 0.0975082825688433 0.151952338760923 0.00511800156461193
0.20301948954629 -0.0728031386901115 0.203272541174871 0.0277861723637313
0.104348393939177 -0.124629556556682 0.255056283078345 -0.0308729052478659
0.0405706640161631 -0.120615387994946 0.23104906360494 -0.0838822025642582
0.0315486336643481 -0.10834045590769 0.172245830550355 -0.0807461852549621
0.0351475508590371 -0.0969457823713483 0.110588013484773 -0.0552212163385748
0.0890518621258695 -0.0927147511058055 0.0779904379622465 -0.0504688570729917
0.163814762215217 -0.0448895279498846 0.0757982405166173 -0.0448110258816342
0.177932083756381 0.11061083389419 0.0499644243973817 -0.0708270001498182
-0.0198006014158738 0.171879060945182 0.0666116814805672 -0.162634547055577
-0.0511943714103658 0.0511998022211479 0.171587263115688 -0.30706974383897
0.10538674228775 0.0152500780915782 0.253392047027524 -0.303078932030127
0.0935744867309993 -0.126671010136487 -0.0765669703518558 -0.26983786247607
-0.0860728156110157 -0.0752568995090765 -0.0100706122231297 0.0684103883204992
-0.0722513212950787 0.0869235189709122 0.153014730242965 0.0315828426139703
0.10843200667692 0.0618676358527224 0.158312036296845 0.0378940043351903
0.093934534910155 -0.0736842769704805 0.244932213873684 0.00872219515458521
0.00689587051771881 -0.087468149081839 0.273202765892378 -0.0815214322609635
-0.0341665357275887 -0.0788628079325716 0.233688455685741 -0.126925516541686
-0.0436344495637343 -0.0808867936457134 0.170682931051655 -0.110496841370247
-0.032589203232202 -0.0856260988855269 0.110882640716257 -0.0894793130612101
0.0256583646225829 -0.0995717471505231 0.0925414039267183 -0.0912120948856636
0.110642386403701 -0.0683314605429498 0.117840194957284 -0.0727209118054413
0.120448015865426 0.0753430867486255 0.0956734012599901 -0.0460932479488037
-0.0634550643639325 0.0698703867645141 0.0743228107986389 -0.131395336510868
-0.00803171913170713 -0.0956357432315413 0.187960908477577 -0.315182979387618
0.170650599751179 -0.0976723405654553 0.258807393886494 -0.299791911625388
-0.176046021653537 0.196500783798133 -0.260469706315333 0.249223116024602
0.0020470779161094 0.198907230049566 -0.189703953374838 0.392295346714636
0.0671727618383187 0.0399193886457528 -0.0179913421892907 0.155985384999477
-0.0396988045525201 -0.0149911470852067 -0.101362152054289 0.0116546170882318
-0.0423199188049871 0.082757211165145 -0.156495512614675 0.0905193441674016
0.0428940632236194 0.0865892253064228 -0.0945945783442028 0.144042156785672
0.0845746438313319 0.0528491357500674 -0.0704295256351968 0.122987402205097
0.109780287134832 0.0421903345482195 -0.135251819920245 0.10020241714233
0.105306217500117 0.0421882290014237 -0.20458132414889 0.129815617211046
0.0787360405745431 0.0512042866853242 -0.254183585697656 0.105206060832581
0.0273137766968026 0.0631073214420381 -0.25976333926025 0.0275324150088683
-0.0111087441585427 -0.0180650237701211 -0.189533080600295 -0.0571107792960088
0.13216327071362 -0.0113400167405111 -0.132663255101529 -0.0567513831385336
0.120677130680022 0.186143086058794 -0.0737057034471383 -0.0574883734765679
-0.0815503518755663 0.281870075890194 0.0631401211148295 0.176440873511945
-0.167663238882878 0.254564036220872 -0.200560643402155 0.184289338682223
-0.0186470409884727 0.287408989761761 -0.195557606263972 0.412928154588212
0.0870531802338197 0.145654051902442 0.0439836551231177 0.2018612717636
0.0591389140714933 0.040857700202843 -0.0640316016652579 -0.000916916112774422
0.051310690998489 0.0731466587644121 -0.15605223143218 0.103195778279283
0.108106969691358 0.0534018908685395 -0.0755867390736647 0.174942482841212
0.131330036753532 0.00869357249715405 -0.0314486351911264 0.142471430933117
0.157656685820757 -0.00635460689492398 -0.0860753923832058 0.0960248132649204
0.16267789238115 -0.00653041876359285 -0.153997950447655 0.117109658012172
0.167561243177621 0.00653390287201134 -0.209828313534876 0.106821693448395
0.149415274378672 0.0577430564442165 -0.240330496165857 0.0426958034422465
0.103044831313628 0.0496560510017158 -0.202664500988976 -0.0686878628136062
0.165012358194438 0.0956160064202728 -0.124967812055054 -0.100391447464736
0.118396078762347 0.276658489514695 -0.0537161394765918 -0.0848701483186725
-0.0506583070490383 0.361392156522212 0.0741482822501335 0.0988241722758533
-0.111690848558847 0.289659907012421 -0.132781628747772 0.0949826601172875
0.0104963986243667 0.329206414062565 -0.184279684249965 0.405039180596732
0.122360858374695 0.217694305942748 0.117346526604745 0.246992962795456
0.168936384622917 0.0886269612424263 0.00486598890486347 -0.00122050244730583
0.162760712744375 0.045705636600228 -0.112291742436959 0.10551957529266
0.171712591087292 -0.00130929033124019 -0.0292884927599229 0.180569691222352
0.163741288750222 -0.0435350786699322 0.0220219913698783 0.138504174250444
0.184477496754801 -0.0510696174138567 -0.0235329086809438 0.0759510535880736
0.192529719432339 -0.0454375416889515 -0.0895801995422845 0.0882618217891048
0.225930850704932 -0.0283779675273262 -0.1449014890794 0.0867381423142177
0.240597295744785 0.0475916381192368 -0.193175233846526 0.0429901037384552
0.203111968366926 0.10542006900427 -0.192909369108648 -0.0790697844834145
0.182395629512219 0.196789862309889 -0.113891454144495 -0.147435530563166
0.0891372758468988 0.341820007239758 -0.0240202180639262 -0.145568541669116
-0.0326323299221614 0.385352444942714 0.0965118746596563 -0.00442358684500453
-0.0233467376518427 0.29034147009742 -0.0813898418338349 -0.0112903992695265
0.0693539357234589 0.311757527474239 -0.158713735155483 0.368278061854608
0.156291311131749 0.232509427943785 0.184085322972388 0.253884501993077
0.253571773279767 0.108327920819553 0.0796396010463424 -0.00233740143712555
0.254387820482645 0.00367144526203379 -0.0359428135131062 0.0945623811914323
0.216189042152516 -0.064345866979104 0.0418929499667447 0.154729154036179
0.172992969285686 -0.0938477819323118 0.0840168953719985 0.106973533403286
0.182903617063516 -0.0864948084428064 0.0430160967855518 0.0442653144777613
0.190769557379602 -0.0727043821706313 -0.0199515073042989 0.0524692638464693
0.240633273657085 -0.0521262977123569 -0.0722657654135392 0.0547130147248597
0.279456391167552 0.0335199446957054 -0.122754763684986 0.0284495440007296
0.258712249974303 0.139770672110318 -0.152766854036802 -0.0896765999240915
0.168722904259968 0.263921767414871 -0.0832660815137659 -0.186098853924477
0.0415951471427011 0.358183031698865 0.0179501192837766 -0.217053476069085
-0.0193003688358713 0.349635588224906 0.133292664626616 -0.11325183044925
0.0616628721317815 0.240847403447956 -0.059963131425847 -0.119562367433346
0.104236350747163 0.234448265268106 -0.125261363518617 0.304037047445077
0.147042664888083 0.20354448960488 0.22740838671377 0.208863120396947
0.282427433875768 0.110301363834267 0.132012313888063 -0.0108925692499305
0.296153763246309 -0.0367029935170235 0.0554314120528108 0.0730231026079818
0.222133560108186 -0.116060947667992 0.126783321667958 0.101691990920098
0.153984038545526 -0.128541246553815 0.147710128885053 0.0508488184864671
0.154984963144631 -0.109516153930564 0.103260074561591 0.00345470813313434
0.158284081040962 -0.0884194296090765 0.0429824031961564 0.0157611271602287
0.212743419655212 -0.0670665883968111 -0.00340002027425144 0.0196379950055331
0.264852379574892 0.0137198435519964 -0.0459705119983545 0.00495219467103498
0.259741887924555 0.14875243602878 -0.0869468640170956 -0.0949358152427867
0.116752435594684 0.280334079295057 -0.0310322111178509 -0.204802481710459
-0.0120107131259979 0.306653705716224 0.0741200590489159 -0.273670244807228
0.00220571570216548 0.261684763911727 0.179918735704831 -0.206571599182807
0.113275329013408 0.14097850218595 -0.0626288951002694 -0.209831950920548
0.0734332669788521 0.12542387310764 -0.0826425516260939 0.223627984249659
0.084249944348155 0.167328038993282 0.229389384229335 0.131338372150259
0.25686241926544 0.109527174660377 0.150415422010835 -0.0115940337271314
0.277255872395731 -0.0627770547874266 0.139653322651915 0.0499689773298789
0.18263639590407 -0.136675275508702 0.204258701280184 0.0337830009880201
0.107985584068981 -0.138062938421091 0.200826714052621 -0.0175536554060047
0.101656171727457 -0.117000767447869 0.1499854234175 -0.0401200740930803
0.102315288291654 -0.095813513279804 0.088973807986726 -0.0194370242321292
0.155525864964614 -0.0801072779538631 0.048188594429342 -0.0149054869528866
0.217277468270244 -0.0143792435023516 0.0227113644307946 -0.019971401727686
0.224782826375179 0.136089407619112 -0.0129011052269741 -0.0884203444402959
0.0449238499613365 0.246502798647512 0.0281797999946853 -0.194092754973792
-0.0514510743624274 0.196990903944856 0.13303790899998 -0.301271559174165
0.0430367600494306 0.142221782634399 0.225271680287185 -0.270971331126097
0.119796102669262 0.00812764372719052 -0.0712124465404577 -0.262534432337257
-0.00562027362546254 0.0169500023030435 -0.0407195593094226 0.137102524619859
-0.00148146647312723 0.134179209073483 0.195534646088321 0.0619999580641666
0.19479007224238 0.0980315489632346 0.151308019065129 0.00716213597052752
0.204208316903536 -0.0741938860666952 0.20593709649827 0.0295468816113774
0.10558538864157 -0.124863180541674 0.257533944465894 -0.0313398168641303
0.0411660972758809 -0.119445939665955 0.231413025484182 -0.0822256292450858
0.0316913265122933 -0.107878764265989 0.173264217742426 -0.0797004858194421
0.0348578473702192 -0.0961872940053991 0.112204190035299 -0.0536866640008979
0.0896382128201257 -0.0930416616587778 0.0793521566057948 -0.0499969114267916
0.164112374870622 -0.0452686194711248 0.077074022733588 -0.0458876952933442
0.178851873983569 0.109568771008728 0.0543950397365102 -0.0692467281891796
-0.0211261364481053 0.173415312582489 0.0705020502303687 -0.160586762822774
-0.0526186518032708 0.0524585180195197 0.175992828205505 -0.306254224830453
0.104599596766162 0.0147819142452247 0.258451727082137 -0.300544133313808
0.0948609568246042 -0.126505291560118 -0.0741452912132115 -0.27165526563415
-0.0861685066798236 -0.0754041700059915 -0.0105396377792812 0.0695951935799467
-0.0724055097256503 0.0880980961361959 0.152465758625449 0.0311584962742731
0.109678890714302 0.0614104081606032 0.157393119025227 0.0399619331293181
0.0939585432720899 -0.0750595089109948 0.247790997825601 0.0103287214552671
0.00769045248177903 -0.0871067220992909 0.273969762327472 -0.0811067207230531
-0.0348265780790565 -0.0782750931454054 0.233991200178378 -0.125454022854598
-0.0441244240270239 -0.0802864056587098 0.172327133426162 -0.109619235694932
-0.0330596506074776 -0.0845326543589073 0.111216625550098 -0.0879445475674597
0.0250847955201586 -0.0998839517573907 0.0928193001977858 -0.0902136494160762
0.110323568597025 -0.0686516916551525 0.118699842141672 -0.0740157737726657
0.122061463261466 0.0754157944052105 0.0997460309157144 -0.0444744002732394
-0.0645935587052525 0.0721441978368472 0.0779674888391624 -0.12933400369194
-0.00837613306727291 -0.0951939817472027 0.192740627171398 -0.314207402028455
0.172344041884422 -0.0969598984892825 0.263266376756132 -0.298488784457194
-0.0353343570023179 0.265867229400105 -0.0471567007636509 0.371429352725849
0.11630390492569 0.160300751528799 0.0885801374896193 0.437587543900326
0.0776787649655476 -0.00636293653214897 0.0804413735528646 0.136887351066677
-0.0416242586725109 0.0124583584197814 -0.0803405359030587 0.0750673908042795
0.0159344776567332 0.0927686812182964 -0.0707205922604335 0.173286184652825
0.0871973077980882 0.0436583446567344 0.0168414157156826 0.175692963595889
0.100901021629297 -0.00854803996984587 0.0199636629606972 0.141071126866418
0.115989168851418 -0.0330342580893948 -0.0501697778695128 0.164609679461447
0.114093733307254 -0.0297521587348764 -0.0874649147235546 0.234027721449146
0.0979647219024035 -0.00651030703131928 -0.143817016061117 0.243828280799416
0.0610183484592523 0.0367067192284057 -0.194077728058448 0.181311060473642
-0.021302098079013 -0.00529995863319354 -0.192073205198957 0.0704016124810341
0.102254256057137 -0.0938097389624548 -0.143746027952016 0.0398144983526499
0.219133952098289 0.0796325148942902 -0.100783924712762 0.00582727182752771
0.114429832132355 0.292114755935676 0.153365256950447 0.093881324884931
0.00197724894598948 0.310001921966627 -0.0337915646154775 0.281820324978038
0.151229505504597 0.244472058430197 0.100704005338508 0.462749868245956
0.15556231473889 0.0691303082558468 0.164027862148749 0.139423437543118
0.0696089548300911 0.00105151038283001 -0.0533695748839612 0.0401370161439703
0.0852843038687567 0.0300774124052126 -0.0609196973263025 0.180871616509114
0.119333618375327 -0.0224215014083594 0.052841742571472 0.186223749357144
0.112483209563248 -0.071852716375188 0.0647818790450668 0.131830067969721
0.126042370529264 -0.102034284762092 -0.011922810984394 0.131097226235746
0.131044504210215 -0.105698979483412 -0.0528041168762996 0.193151485186024
0.143661217415003 -0.0984952433010462 -0.105103098573366 0.216967673349092
0.159662075568159 -0.0448521326512179 -0.16916669275549 0.180786671122608
0.115829017567451 -0.0190451446197064 -0.210213545344752 0.0687794094415929
0.19861727017476 -0.0241914985498364 -0.165880096294067 -0.00201603712839466
0.274892086143282 0.156765906235508 -0.104485576085395 -0.0298973897764554
0.190210016597958 0.338869414120269 0.109668601989412 0.0219421412824866
0.0677943345872158 0.307046452760228 -0.0314875356041261 0.162948430120867
0.19821409738646 0.262809179955038 0.107794722447472 0.450276457611388
0.226266276098009 0.108408852966514 0.255724822702522 0.133293723601569
0.184794006402822 -0.0239425791192449 0.00880343831207791 -0.00573928247058365
0.157703897465114 -0.0569690303155099 -0.0236685340622377 0.153575018490972
0.138594490037083 -0.104513244358418 0.0937568580202205 0.160022054122739
0.106928776183077 -0.133448614984046 0.105139401386613 0.094748827661937
0.119735085618812 -0.154870109655449 0.0266812695116038 0.0768963734218809
0.131436417684038 -0.156871317363359 -0.016964186048773 0.130105621826356
0.169746147936707 -0.164716502615942 -0.065142228975827 0.160742407064423
0.229366600819663 -0.110600142776747 -0.130317114420923 0.150456058438544
0.233309492403843 -0.0348224309184265 -0.208121517849787 0.0539337176043197
0.277879439109237 0.0507064836573012 -0.186633502093998 -0.0483559716866503
0.292333868895188 0.229106092510899 -0.12127389756375 -0.0994110342660317
0.219803845883025 0.345464821711238 0.0616614016285403 -0.0767277226273426
0.140710014666571 0.256894536506674 -0.0544955715370611 0.0397836752357698
0.235677589134291 0.213410800191062 0.105671968401522 0.40302484375193
0.263899620825629 0.101014580801017 0.317870555382538 0.098061911759793
0.265597809156525 -0.0574926401570016 0.0728027004198086 -0.0555953052025979
0.207628866207868 -0.146190665920581 0.0326640006365954 0.0942647339956989
0.136275831732898 -0.182346003306826 0.135788242004486 0.0931297090896711
0.0838368792584577 -0.179278494611028 0.137768658092653 0.0305334445323912
0.0979871069301484 -0.183236687828156 0.0620281244667842 0.00980600848803009
0.113526696797227 -0.177394045434635 0.0173443495365577 0.0567948237998961
0.165935915126472 -0.193325885034797 -0.0244385105019728 0.0892058059213812
0.251476589251279 -0.146993797707811 -0.0829004717068064 0.0943669009731418
0.301139021752401 -0.041058903653148 -0.180970072973084 0.0198876569896226
0.308546035181699 0.117019594585881 -0.186270352887065 -0.100881285742353
0.261286348016552 0.269829239504727 -0.132737201528245 -0.186462889216157
0.206968470540599 0.30555997972718 0.0248874763058917 -0.188391090986949
0.184332662233758 0.167384490780654 -0.107188006862226 -0.066958183594822
0.219941352954085 0.131064073508343 0.0939842990350448 0.327443145980163
0.241265160070752 0.0828303788191163 0.324431177856179 0.0340587399113921
0.290549572818662 -0.0732207037533806 0.111307905916538 -0.0951129021410612
0.217960768180772 -0.204049286878713 0.0938441215794035 0.0201992468192628
0.109982470227564 -0.226860317325963 0.170562927310286 -0.00237327504575491
0.0471916942626873 -0.196758768170087 0.154108397382885 -0.0539223670612423
0.0604841224316393 -0.184603565579185 0.087430760910398 -0.0609033676945685
0.0763437555169554 -0.170095760033258 0.0467686798156197 -0.0125734980983429
0.13269648785337 -0.187852811398062 0.0102801498611705 0.0186978241056064
0.226557945480078 -0.154064764663808 -0.0351268575242636 0.0281651713200812
0.307271172835764 -0.0346510146456199 -0.130474062247744 -0.0263965818147092
0.275127381011831 0.163872599008865 -0.154035717875228 -0.149469005732045
0.184287429827339 0.262120403219655 -0.121583180345627 -0.270246087651689
0.169018303526017 0.216135422121464 0.00737388944008567 -0.291556619650846
0.17048141412801 0.0537127182368163 -0.170755708172646 -0.140398677098918
0.131960407049075 0.0596695068911072 0.0752725156913205 0.233483873434519
0.168640845053652 0.0893018546200404 0.276250314058529 -0.0298212027367488
0.269352694016525 -0.0595943290793754 0.126016888916413 -0.106746513378532
0.186019381629263 -0.215091496413339 0.147005180332569 -0.0503614260161092
0.0651656950823392 -0.221095833622924 0.190348897189815 -0.104902558149148
0.00362230139683284 -0.176418244162953 0.154021053436681 -0.141578919624025
0.0118687686989154 -0.158669810607255 0.0983892155946537 -0.12382370705638
0.025599920919322 -0.142271539575584 0.0632452351349285 -0.0691643841400298
0.0776233671284624 -0.162711393404001 0.0320631377844957 -0.0418033516718573
0.169414375792213 -0.14874557033703 0.00444903782669604 -0.0337569109126315
0.270533566541673 -0.0254733130390717 -0.0644335373665404 -0.0669370535749506
0.193488727706348 0.180835965162986 -0.0973660518906668 -0.177474983551992
0.0808193814270909 0.194890811673772 -0.087950247064346 -0.332231617579503
0.127522842517135 0.0877049688898017 0.00832615825635969 -0.369318492467815
0.101688183707133 -0.0612410812721628 -0.218407741654642 -0.177823426929671
0.00604228401188023 0.0177512763117954 0.051864978180864 0.137384815554508
0.0792095856735653 0.111337539757278 0.202466540971231 -0.0637862750539104
0.213150347491837 -0.0345478995726566 0.13695548637692 -0.0892366207518994
0.120166685624249 -0.181272122770212 0.187418504591891 -0.106792607600248
0.00986304592721278 -0.165236088128997 0.190647409131153 -0.188832787257524
-0.0398241277339527 -0.12080408589256 0.138544188615087 -0.21211526632543
-0.0402598266820592 -0.107106900348104 0.0938031154210675 -0.171184910108442
-0.030281894527544 -0.100286533845683 0.0608274303322753 -0.111963691629665
0.0146024665002922 -0.131903312338622 0.0353570408189013 -0.089898764270032
0.106088678781145 -0.141433536206118 0.0320347904243188 -0.0870655726567657
0.216043045459021 -0.0199152796215567 0.00279042619580279 -0.0917527351068606
0.0929712888548409 0.160802922627673 -0.040509899420931 -0.176985026126003
-0.0118643806332501 0.0743437327644509 -0.0518634787451014 -0.36365359890636
0.0986633756981054 -0.0591487758571714 0.0198299092554905 -0.408097310141649
0.00483864782831868 -0.15943712522453 -0.235230657160437 -0.178300028933919
-0.112404378540983 -0.0115925604601815 0.0293199704393017 0.0635104299652882
-0.00566622891143147 0.114573462818026 0.14410295009377 -0.0612551840619566
0.124200016361137 -0.0151710403849567 0.159064980064791 -0.0652769714190556
0.0298473240858223 -0.117046827226592 0.208416007987187 -0.145489018354795
-0.046876877523513 -0.0757094262465319 0.172125153308274 -0.236639517916197
-0.0765873490255934 -0.0408286834695896 0.111952505766125 -0.247707877788831
-0.0854945649357689 -0.0384284302840343 0.0736223190940226 -0.194389012890459
-0.0794634324072774 -0.0496199874328427 0.0379280411358643 -0.139749276931775
-0.042274145059549 -0.0980713518285426 0.0210847574621514 -0.130955618229196
0.0471762615245054 -0.127452418660244 0.0479779199472214 -0.134987964161458
0.148823347576715 -0.0145425564950225 0.0556127923612511 -0.100043949372515
-0.00824743682539412 0.102320593415038 -0.013939924111686 -0.155555327432778
-0.0687744573319394 -0.0786125137156968 -0.0394742111635859 -0.379719667788795
0.0854577945110207 -0.197352113566592 0.0296179655003633 -0.406263677684333
-0.0295408654886107 0.275526374638819 -0.0413910508447002 0.386162135477754
0.124907877549482 0.161747272065604 0.10192874943148 0.44732129751754
0.0781540468485151 -0.00983683501105467 0.0836968179111605 0.139179109903275
-0.0432334529050224 0.0161371086209942 -0.0832885974192221 0.082937001774295
0.0203272204379019 0.0960212231857139 -0.0676900671290967 0.183970330841817
0.0910990114500241 0.0418823326459143 0.0254534431688313 0.178298787488622
0.103750867865708 -0.0122008230925209 0.0240777309278944 0.141094022131406
0.119216459508864 -0.0385129636356418 -0.0478326224063593 0.171786310991551
0.117537407061411 -0.0371205133677754 -0.0832312393168171 0.244254661427336
0.101342522835068 -0.0101567030874485 -0.139134910929111 0.255701155550993
0.0653380567044495 0.035543544993904 -0.195205592807369 0.192980121046117
-0.0213746865315012 -0.00353937401071268 -0.196600895258834 0.0777618372011959
0.101352052902118 -0.100925328640185 -0.145151497824485 0.046089035752786
0.229340635307008 0.0753670810958811 -0.103085462303838 0.00896603758931077
0.126612329027686 0.298989075492652 0.158823643456344 0.0899552443853197
0.00882854794464088 0.319941974899729 -0.0306267695088669 0.291793019909487
0.163384717138962 0.247286452877639 0.115434226289371 0.472293124495033
0.161014550557602 0.0673703049310733 0.172228883014233 0.139129974767987
0.0705429925366916 0.000600156613959717 -0.0559462416924607 0.04497728963608
0.0887237026298529 0.0297247871774732 -0.0567304454644501 0.191582079732277
0.121738882959439 -0.0265381737632111 0.0622744850163586 0.187886208550191
0.114110262193452 -0.0775528691813388 0.0703352062566242 0.130566507850848
0.126813914933838 -0.110067457482382 -0.0101680237743159 0.135894147272173
0.132317484115313 -0.115026147627404 -0.0482203206779106 0.200875520365954
0.145566779686136 -0.10763009543438 -0.100906722127783 0.226412285450506
0.163508142645766 -0.0522759280369976 -0.168621282976741 0.191324254470066
0.119682542292227 -0.0227802832404753 -0.214592733508542 0.0771685849152259
0.202976790327392 -0.0318139804699549 -0.170336222732822 0.00382429455336028
0.289735361618548 0.153672325830843 -0.107025908986561 -0.0284586858898806
0.205172501778465 0.343207525343847 0.112448184163205 0.018053801937205
0.0757554840307305 0.315678945785032 -0.0297565486684539 0.169049703931694
0.211496039095171 0.264451774538645 0.122306326939261 0.461374323116158
0.235704187284617 0.10610600016837 0.268535828366334 0.130146830498606
0.189275040961938 -0.0297851531643501 0.00662471664074456 -0.00311038819971387
0.160534902219829 -0.0635458279025875 -0.0182936533416178 0.161987040762733
0.138794476599862 -0.112628203061848 0.103457054459965 0.159627777510742
0.106581557581872 -0.140316418954149 0.111661024813981 0.0926538868340082
0.119512007693142 -0.164199708060599 0.0297208598650128 0.0784673218696166
0.131578521403282 -0.166402041883159 -0.0132315570378283 0.133728582375599
0.169345672311507 -0.175902101973832 -0.0610107196628376 0.166331269338356
0.231489796197065 -0.122315047924917 -0.129315644520059 0.157706138328795
0.240085710560475 -0.0428716898067738 -0.211630276108777 0.0606801380894494
0.287769297421241 0.0445236870651721 -0.192648208131045 -0.0441900179905399
0.309820569942205 0.228064966865359 -0.126482777792304 -0.100213871274468
0.233373303433564 0.350732091325037 0.0618123757687504 -0.0818240464381619
0.148613740597553 0.263065183558716 -0.056741524831962 0.0430524021231157
0.249369733392838 0.212858795067949 0.119193015853362 0.4123188054587
0.27383028041073 0.0988351526578757 0.331799138746684 0.0923351115049581
0.271816223699472 -0.0667841001547808 0.0714764280612536 -0.0566413085083533
0.209164409727658 -0.156990405041838 0.0381427970608692 0.098482129476784
0.133668581057396 -0.192663023244856 0.143653283699797 0.0901265449980428
0.0813534898495683 -0.187630891977327 0.143212980141602 0.0256399034459397
0.0960960896617341 -0.192149478883699 0.0641489394064484 0.00783476868261837
0.111937545130177 -0.186912494373139 0.020809562250833 0.057788737783502
0.164898625788917 -0.204939316134967 -0.0206721338678743 0.0906546100602948
0.253939385393554 -0.159877498332385 -0.0821942744345462 0.0981381574636584
0.308390494364168 -0.0514995088970146 -0.184016316006942 0.0247712231411644
0.321033116758559 0.112066275378508 -0.193406576024534 -0.0989317152684002
0.279843196505177 0.272453650665311 -0.140325576079546 -0.190467730780475
0.219292804037234 0.308568594323809 0.0214221995149974 -0.194521240251364
0.191735146396305 0.168773976286742 -0.113385631632523 -0.0651482305223699
0.230782530958967 0.128727580146996 0.105709183421324 0.335141877158805
0.25078029882106 0.0810448483451423 0.336609822505606 0.0262940573871481
0.298098236921229 -0.0843023363190471 0.110545396503515 -0.0986843443652508
0.21657949385415 -0.219329496942238 0.0988025440004117 0.019288129930005
0.105912656880269 -0.238814787423613 0.176100689300449 -0.00994272339875707
0.0431686976463926 -0.203274730710848 0.158758163439686 -0.0605951616393143
0.0572331856787501 -0.192108642265125 0.0886063326698493 -0.0657751428073557
0.0741131483850287 -0.177355345681833 0.0494624012899188 -0.0150496972257203
0.130552771943974 -0.197856453601613 0.0128742818036881 0.0164101883245264
0.226888047029045 -0.166626615242576 -0.0342963740695879 0.0281810215764492
0.314501119347212 -0.0461916171962625 -0.131799830451352 -0.0245074333489862
0.288741528009306 0.162081693692594 -0.160630321395304 -0.149899811704823
0.198555776186361 0.265848168584787 -0.131575063610307 -0.276847497622334
0.176861751788242 0.217830011550159 0.00196260649685509 -0.300898048171726
0.175229001143301 0.0515609009934991 -0.180218352562528 -0.139209795016859
0.138648650613048 0.0572498440481008 0.084465787667199 0.239900909358995
0.176571912040417 0.0890463209363273 0.284081586926588 -0.0380058127462012
0.277064576725691 -0.0706622921872038 0.125685890805222 -0.110916388061362
0.183892441600284 -0.229159819489849 0.152598616690469 -0.0557633325873716
0.0598278901246234 -0.230435175167523 0.193136460159689 -0.115165838523924
-0.00093775672786213 -0.180871485667735 0.155617480898806 -0.15056244998384
0.0077737021624315 -0.163314739570015 0.0984336428841038 -0.131314341924305
0.0221395430699517 -0.145467666934712 0.0652735981151494 -0.0741257810474205
0.0737230478148 -0.169966653501694 0.0323794817247925 -0.0450952925108445
0.167579062894698 -0.15832054739753 0.00528183380601302 -0.0366690921711009
0.276666074591179 -0.0353211455140428 -0.0645801621073353 -0.0687982183809947
0.20423738134168 0.180714551267587 -0.10288958240264 -0.181489460311989
0.0897529945096112 0.1989768880755 -0.098824912494172 -0.340382904400246
0.130047002518491 0.0867449970423212 0.000709539455217794 -0.3804728678182
0.100920685941561 -0.0651479208996971 -0.230502692213335 -0.175654203846244
0.00712167473987011 0.0178231303881898 0.0582387905171206 0.140331495416457
0.0860524568317595 0.114128693297337 0.205636327963722 -0.0718165296771891
0.219019592861719 -0.0437163605813913 0.137886442369605 -0.0940546677939491
0.116217671874884 -0.192179804884883 0.191650608335291 -0.115717209301596
0.00475972868670656 -0.171280731159441 0.191208534835245 -0.200901285682096
-0.0441677579674223 -0.121895648778683 0.137641685626479 -0.221708783224652
-0.0450462148492256 -0.108644917444646 0.092019671145998 -0.17914502839755
-0.0339757364808286 -0.100901541821395 0.0608485612778379 -0.117261846596286
0.00994000330207677 -0.135763014874716 0.0335346235145701 -0.0942176646932997
0.102613342342322 -0.149071440557583 0.0304669572697005 -0.0918532200077548
0.22062852779249 -0.0291200035415985 0.00409168250182263 -0.0962178556599677
0.101130135454051 0.164195718083468 -0.0438200694393448 -0.181949165242108
-0.0101332327779169 0.0779427644748987 -0.0627020286789161 -0.37348198798826
0.097520416342269 -0.0641683076071544 0.0124612367932049 -0.420270733224114
-0.000413958550967714 -0.163973941295079 -0.247968147581079 -0.177695449027621
-0.115921962029065 -0.00799192406163755 0.0322095183342568 0.0650737273410058
-0.000710194151975032 0.119099855350642 0.144529226723088 -0.0671272297361445
0.127250290652548 -0.0206500717453088 0.162136348801573 -0.0702243126989826
0.0257069252605392 -0.122926918748004 0.21095583673906 -0.156927813095481
-0.0502551396161989 -0.0766707901316477 0.169219981387385 -0.24878691416971
-0.0800388742226942 -0.0381340141801159 0.10874558657263 -0.25752632538148
-0.0892594803105943 -0.0361087996821684 0.0709530575635602 -0.202022142988575
-0.0833409736728133 -0.0470853972024671 0.0363398130166489 -0.143742270534432
-0.046759449188991 -0.0990427933293397 0.0166925295913124 -0.135621176268412
0.0438051482950397 -0.132968857692782 0.0454991993680135 -0.141418066275222
0.152648034399032 -0.0217885386086343 0.0578231949897921 -0.106611241391081
-0.00333926743381692 0.107000861177415 -0.0150252143453165 -0.16015042288924
-0.0734248655308534 -0.0774957201893529 -0.0512030942191908 -0.390417869526359
0.0816672155365837 -0.20606616215735 0.0206739986443931 -0.419826730813009
-0.0168849559939319 0.281629641697555 -0.0257223375680185 0.395525798615476
0.135081496769844 0.157291921482273 0.123029817906387 0.446041547438407
0.0774760982992268 -0.0140746863579627 0.0895504015202018 0.137379859137886
-0.0434158995745715 0.0202051459201552 -0.0813282071690323 0.0908535166534607
0.0268548456130789 0.0972699843622043 -0.059025308150429 0.194005154972404
0.0940684110043764 0.037783338510771 0.0363099150883101 0.177389035422424
0.104429693629667 -0.0178469285743917 0.0301399843101149 0.139175574858733
0.119193592114195 -0.0463330435101075 -0.0411050374173298 0.176861601184588
0.117947620218622 -0.0454147237108371 -0.0710341372409562 0.251840057863073
0.103184110338376 -0.0165952102355688 -0.127220121635224 0.266932567948207
0.0690993750608293 0.0321831544813365 -0.188291850736705 0.205087316247757
-0.0209358778651639 -0.00170631992380112 -0.196536794182686 0.0887197046599644
0.0962490463503 -0.108431932469527 -0.143316580697531 0.0549231466047291
0.237290190458464 0.0644165270268691 -0.102317850346626 0.0148328253629382
0.144327793005365 0.2971191114707 0.163122210265087 0.0815720968946735
0.0227666037908648 0.326415335984651 -0.0195400052187083 0.299207317737094
0.178046047317097 0.242322403522891 0.13833707148608 0.473270929504919
0.164817487276166 0.0606618844039019 0.180894195162349 0.132813909101288
0.0709956065114362 -0.00172212930716593 -0.0566378805418902 0.0518973667285079
0.0923961187196624 0.0262658963855008 -0.0461922967939949 0.201154490377814
0.121764886656332 -0.0335368524945497 0.0749647054944631 0.184537294941142
0.112703128564553 -0.0848329097244924 0.0770476872731918 0.126010086529893
0.124019808095949 -0.119198407974517 -0.00374517359285377 0.138066469997428
0.12899858427053 -0.12465176490788 -0.0380101474777616 0.206187104055329
0.142355232962217 -0.117430739876522 -0.0899484197486315 0.233229253268131
0.163557312526344 -0.0620739653924933 -0.161284167159571 0.201717210077651
0.120425279185895 -0.0282072704429197 -0.21426878836057 0.0884157508243622
0.203308357948626 -0.0426303362345803 -0.171441768516168 0.0129957389447407
0.303264369320832 0.140535787467396 -0.108996421230041 -0.0239459653644825
0.225018602615695 0.338034902876217 0.113331053350289 0.0119283170023612
0.0893400168239556 0.318957386220258 -0.0249842188668804 0.173968197392751
0.228134702167635 0.256864183006144 0.14598509027502 0.461293386624361
0.243224084942898 0.0979672407852444 0.278803380927593 0.119418381792295
0.189520817518768 -0.0382566360473117 0.00405371405694888 -0.000704510690276689
0.159693823980142 -0.0720279188043993 -0.00900739325717766 0.169082696715688
0.133707826689052 -0.121070583497965 0.113667297045479 0.154650973256629
0.101512906162028 -0.148219396011368 0.11859720717353 0.0860395299198436
0.113846566595657 -0.173129103587917 0.0333028951630624 0.077779295098907
0.125495674783276 -0.176507484634495 -0.00492714293474403 0.136046921728182
0.163103587515658 -0.187738565773703 -0.0522414668185457 0.169935709708335
0.229256122737347 -0.137344795154937 -0.122797792155089 0.165281848733723
0.241283194381731 -0.0550611659827567 -0.21155579943207 0.0714338217161057
0.292962932441087 0.0309129201263597 -0.196648560876224 -0.03476647581128
0.327738097623816 0.216948597889025 -0.132286999913159 -0.0967171416020751
0.251781188406327 0.344556282695523 0.0595421446508274 -0.0863300312036623
0.162178909316125 0.261645619419392 -0.0576826273057885 0.0470219858941365
0.263436934540036 0.203142346571086 0.141996856575961 0.414020669127395
0.282862455150724 0.0890435959229656 0.343098440742728 0.0764420078290806
0.271896198926231 -0.0810730713895702 0.0674216616008264 -0.0583801085329666
0.203032008814137 -0.170685391354838 0.0466040796408907 0.100592303258446
0.124426495563137 -0.20277770380009 0.150807359009408 0.0821271880048487
0.0741176921301499 -0.19398727980031 0.147622112340186 0.0182831465270137
0.087929901221297 -0.200959321321592 0.0657649443964214 0.00384989324043133
0.104428543186672 -0.195228034101942 0.0253198332796846 0.0565318290820876
0.156123678952307 -0.217225790929222 -0.0161082217524019 0.0912541873836961
0.248367252484567 -0.176148352289061 -0.0772071877297863 0.102016181033683
0.309603361330958 -0.0681636895599042 -0.183093665211531 0.0320130445383813
0.330912616184068 0.0986050386319999 -0.199636641935834 -0.0907659558442193
0.299253671829739 0.262574582096117 -0.150251644158002 -0.187654684809351
0.234378426751061 0.302415873856522 0.0142196736351046 -0.198800660482014
0.199936299879029 0.163799175427755 -0.119839387390035 -0.0602494060583795
0.241585637467145 0.118179938905121 0.123781275446922 0.336498699404687
0.258861557821746 0.0718620734086067 0.344685342830018 0.00871646909720677
0.298226593231182 -0.101637689581865 0.105678240124509 -0.102523308898147
0.207039913197675 -0.234236574566882 0.103643021672862 0.0160205658991323
0.0933906897921657 -0.24853524553179 0.178179824452927 -0.0209078814719671
0.0340899653580726 -0.208046512191835 0.158577496685383 -0.0708509276367154
0.0487415434190837 -0.198242221527282 0.0867614227179919 -0.0723940513096901
0.0672707417938265 -0.183472324677378 0.0506877945061199 -0.0184317417179335
0.121152942351934 -0.207517584393397 0.0142600312896047 0.0143163991869602
0.219903975730731 -0.180341217042267 -0.0320273342218034 0.0283235125156793
0.315778998589148 -0.0627682143996335 -0.131685326609192 -0.0207258368761488
0.300473456638662 0.151399508341675 -0.169202331794962 -0.145844602739746
0.215270184686731 0.26065017583444 -0.145396334486441 -0.275746836459209
0.185721246504484 0.212747186880816 -0.0107467760980685 -0.305079003076743
0.178141599143902 0.0455047745856793 -0.191258211225631 -0.132410261895893
0.143222182544547 0.0507434264874119 0.0987135874609732 0.240368884440382
0.184491302331453 0.0838922149719616 0.287204592152735 -0.0536830894167357
0.277440225501877 -0.0872005733693279 0.120375340659002 -0.115762099485601
0.172767420862075 -0.243467466574958 0.154684738820083 -0.0641013109276618
0.0473935513750026 -0.238517603700347 0.189754902642544 -0.128274246902608
-0.00950845255295132 -0.182631618694502 0.151330110250189 -0.160897393502914
-0.00073438199202573 -0.165386713799703 0.0946370615721068 -0.139086192558949
0.0157546133145942 -0.148153651206822 0.0632896491524384 -0.0788073942262213
0.0649708983955637 -0.175670899314796 0.0311586792273056 -0.0484338844424863
0.159971844420088 -0.169536826336793 0.0038818303700101 -0.039325783065898
0.277110319582802 -0.051201416941171 -0.0647764007188828 -0.0693162941187263
0.217414284556096 0.175567039010477 -0.110875516916206 -0.180528244004441
0.101156712330383 0.19833004550526 -0.116461971087304 -0.341287486383524
0.131985955680897 0.0815080926125739 -0.0149223976926745 -0.386193199271858
0.0986895652785439 -0.0701573425861911 -0.242735743610765 -0.167004062647497
0.00773505169770836 0.0178952632014064 0.0667540403407905 0.141222617325799
0.0946174583490764 0.113360708002624 0.204501197007581 -0.0829318997005335
0.219644492143751 -0.0563217087508007 0.13378247411392 -0.0999718679198843
0.105359336522244 -0.202080360697978 0.191577627478268 -0.1276929076811
-0.00502255938504936 -0.17466687336304 0.18351621390858 -0.214219136592467
-0.0505533071971253 -0.119895806929931 0.129007310638845 -0.231156552469011
-0.0509580525837408 -0.107164384465354 0.0858140760613877 -0.187181725093406
-0.0388469039311977 -0.0987732488064963 0.0576155197809114 -0.121909132149522
0.00237866311221957 -0.137775685681909 0.0290215260245456 -0.0970981138058234
0.0946935137166459 -0.156315939283797 0.0271604303842639 -0.095788494494787
0.221110577472258 -0.0420009978477597 0.00285607909121687 -0.100047249775489
0.111700853204976 0.162732361565509 -0.0508813082257068 -0.183879602576672
-0.00631354887740419 0.080193352882255 -0.0808530470535991 -0.375606745061095
0.0935508178746818 -0.0705752854620969 -0.00746761894860019 -0.429044335610453
-0.00883120775793825 -0.165407157791697 -0.25952754150677 -0.167504758519757
-0.117646523415989 -0.0012526635926372 0.0373990685559189 0.0654283301088458
0.0074957198461529 0.121513649249629 0.14074900856153 -0.0750417356937444
0.127705150463142 -0.0295666272293065 0.159890263758681 -0.0776360761884635
0.0175089808627765 -0.126539420049447 0.207550362595317 -0.171469801788387
-0.0552307776136398 -0.0756762296643336 0.159546959503989 -0.261195527895741
-0.0823097303647177 -0.0329067659188481 0.0972345677140789 -0.265753270142452
-0.0924348182154787 -0.0304818876320584 0.0633018543123627 -0.209032189100159
-0.0867412758741343 -0.0419556592081 0.0312965307712275 -0.146922004191688
-0.0534942405903207 -0.0972357643198201 0.00945070935130275 -0.138156595589617
0.0359589315554448 -0.137024442448516 0.0378035214601546 -0.146730301716702
0.153903601475528 -0.0315679412836147 0.0568071364437617 -0.113207657095991
0.00363878750076897 0.109902398263938 -0.0204894561623016 -0.163110396943327
-0.0787107097774103 -0.073777788708569 -0.069653978776674 -0.392254437462182
0.0707746920224642 -0.213498597706782 0.0027607441130355 -0.426430361813615
-0.00249935671942521 0.281377897227034 -0.00851523274097385 0.394599615791579
0.141918130912672 0.149181929826042 0.142887192521676 0.435590341270348
0.0741668589249716 -0.019086783168332 0.0945427833440674 0.131654576591206
-0.0420987768178408 0.023445319733527 -0.0777536989285912 0.0965634097803694
0.0337904351058301 0.0955559469604506 -0.0464903926375026 0.198825249410554
0.0951802246132568 0.0317821795284349 0.0467071068440383 0.172064177571329
0.103735725220346 -0.0227362692734139 0.0351768532178133 0.134031141150544
0.116365921752605 -0.0536642860672928 -0.0334205861711598 0.178195924386378
0.114865390715401 -0.0533119886141943 -0.0562898945075903 0.253222045815827
0.101567439876381 -0.0225169258949987 -0.111871712262504 0.270544326421267
0.0713118724985977 0.0279918013119418 -0.177687869951607 0.213623240300032
-0.0203955217250283 0.000541566350632901 -0.191882887074966 0.0983607293171522
0.0881137370915787 -0.112669833399327 -0.138423652890664 0.0622677233738968
0.239924414966314 0.0510384247762873 -0.100131113426904 0.0189476227460251
0.15945680399529 0.286710051742593 0.163418279823705 0.0716065212103301
0.0377244331571389 0.324180144147594 -0.00778794328021462 0.298423388634999
0.189336421043321 0.231433210099492 0.158629356404694 0.461640999092481
0.16502399332997 0.0518732362205032 0.185652851214364 0.122447781172801
0.0689149605554626 -0.00428858357006177 -0.0557555038364175 0.0569684306195125
0.0937404240411642 0.0220751387175247 -0.0340111721386119 0.20512963142309
0.118004585953658 -0.0393317741402665 0.084474742909872 0.177380713791621
0.107507140079519 -0.0899216761875043 0.0818866408794144 0.118179361726769
0.117496021492168 -0.125968365119016 0.00214366416149812 0.137771705907863
0.122431964194011 -0.131959672170548 -0.0263223029739369 0.206299385308768
0.135471731848381 -0.124513939700699 -0.0762147112181416 0.23530678028111
0.159720536724198 -0.0707627247732903 -0.149501062374249 0.207921815605268
0.119316465856383 -0.0334450033111211 -0.208059133335632 0.0985002378705205
0.198540269776117 -0.0517866646372414 -0.167793319300325 0.0226177423874041
0.309885894187056 0.123620655888747 -0.108763662703248 -0.0190333781447405
0.238833383352389 0.323811734546211 0.112261364533422 0.00471487582875404
0.102550699578728 0.314184106308987 -0.0193131611390198 0.175123902311666
0.239990864572252 0.243660833692637 0.166829459394282 0.450132779441793
0.245007490591005 0.0863501273394582 0.283965562822328 0.102492760809153
0.185234945111918 -0.0465840402867653 0.00141919094171157 0.00257668331106998
0.154476398994129 -0.0791467599482763 0.00228238003200994 0.171426513570884
0.125449367652066 -0.127184090176714 0.122005741504199 0.145453119170016
0.094111476400244 -0.152630690941571 0.121770163984659 0.0769373421019405
0.104364326391804 -0.179151959506621 0.0364404324553848 0.0753727902341033
0.116926698811551 -0.183117947190044 0.00206552150490726 0.134762116654939
0.151231491429494 -0.195608214617372 -0.0417749926073386 0.169761400900585
0.219236186491861 -0.14899918183943 -0.112516667853469 0.169265512127092
0.236827075588161 -0.0668751783519187 -0.205402253162788 0.0807372984193803
0.291225639377908 0.0166591111225235 -0.195747113164377 -0.0242681693990813
0.338651743637809 0.197264243710183 -0.135054633551537 -0.0904666223545997
0.264997009033612 0.327927000402447 0.0540859126931388 -0.0893506257781023
0.17110842512747 0.254871292448772 -0.0575877146880078 0.0494820213568861
0.272425547711138 0.187365226932536 0.15934861823499 0.403349496518303
0.285214476575414 0.0761055395479395 0.345083178332263 0.057254053790791
0.265106447447262 -0.0943967909475207 0.0619166439999621 -0.0575000436629749
0.191587232587056 -0.179998707701338 0.0538381266063977 0.100284824968366
0.111701892038836 -0.208080180023781 0.154335430462319 0.0722103667594259
0.0642429383000182 -0.195991285831319 0.147625243789918 0.00863377245207911
0.0773365450296846 -0.204357371241085 0.0649928208481622 -0.000465805704114765
0.0952731087488676 -0.199492148085693 0.0293254378144825 0.0537342413783992
0.14251640916358 -0.223189190357193 -0.0102241740498353 0.0896297289309281
0.235935357152429 -0.188324712187 -0.0704879137804334 0.103141281129019
0.303124731658553 -0.0840581699211416 -0.177616442560582 0.0392969356465366
0.332920764782363 0.0820427440445408 -0.201718699668574 -0.0804251215037173
0.311801864213569 0.244924451460653 -0.157569544030041 -0.179574345631935
0.243670899275061 0.288320281390248 0.00532512972228697 -0.198337449107827
0.205213754930818 0.15491034944975 -0.124135303461345 -0.0525733560758869
0.245227975058734 0.103301148294394 0.139671676250129 0.327552293920071
0.2609051705901 0.0602594153318472 0.343735376678398 -0.0101278478852888
0.290794960580254 -0.116405655395351 0.097288957930084 -0.103231291809439
0.191627330129124 -0.243774944155167 0.107297728225394 0.0119321884280826
0.0779554428010613 -0.251524008707041 0.175708689765623 -0.03125552355332
0.0240471405317976 -0.208070564157743 0.15472363482341 -0.0788160132139684
0.0381819367258318 -0.199912302164288 0.0829377211868191 -0.0770895160510666
0.0572694486965442 -0.184272160630697 0.0508509554815214 -0.0215706629855472
0.107469154220604 -0.211573016069619 0.0155528900194186 0.0120620090568044
0.20717362049762 -0.190773733974759 -0.0295794949604566 0.0278504670929491
0.308100011820936 -0.0786934158085522 -0.128465098500699 -0.0163923690946996
0.306002671834103 0.135788833672025 -0.173536697652258 -0.137538709647851
0.228111295117609 0.24755528733579 -0.157456491750041 -0.266881930140817
0.190287877036076 0.202780922139512 -0.0227686364518729 -0.302375414082768
0.177597092093591 0.0378086973502828 -0.19726902960935 -0.120253103295871
0.144927809388914 0.041918875203482 0.111582627219532 0.234297172495816
0.189011824539784 0.0754476907526022 0.282743143135929 -0.0682339545817035
0.270927750755146 -0.102055417764406 0.112652560124097 -0.117267747781064
0.15553705423649 -0.251960216463402 0.152841764889262 -0.0710569659596919
0.0327004433668688 -0.239632133818628 0.18161842282647 -0.138160302779383
-0.017496824279243 -0.180045233217109 0.143104566412068 -0.167124752532173
-0.00943146114128104 -0.164257495000471 0.0872723857968409 -0.144060854547335
0.0082318004594981 -0.146746420809149 0.0606132154955244 -0.0822171733421527
0.0538742888911761 -0.176833224720263 0.0283817655371659 -0.0508633499647558
0.148178049685987 -0.176329550958677 0.00207738064196764 -0.0407156881785215
0.270694376266648 -0.0660530226201263 -0.0643113419118304 -0.0675845219019447
0.224758709975255 0.163490146936375 -0.117042225207798 -0.174416035991662
0.110547839462052 0.192457849688826 -0.13066698431324 -0.332082384426626
0.131404886304905 0.0746058468940765 -0.0313182551782485 -0.381576338457268
0.0928474259272502 -0.0733879574252536 -0.25009480733567 -0.152420423459309
0.008464627927011 0.0171287787418306 0.0750914332415826 0.137942369222067
0.101349280871104 0.108569624893204 0.19746303301386 -0.0930450340704144
0.215542966754936 -0.0697380144704095 0.127237025408531 -0.102944525382718
0.0911244487087957 -0.207235458224402 0.184963943890234 -0.137389792168295
-0.015552082561192 -0.173093503226128 0.169688994126312 -0.222836356406682
-0.0546796194042736 -0.115941617725462 0.11707322744464 -0.235392670549357
-0.0565390718839614 -0.102538166901411 0.076397944557882 -0.19150872282226
-0.0432209428676598 -0.0943163854631607 0.0522118318282381 -0.124421201745521
-0.00588781843584205 -0.135219890124697 0.023558814917746 -0.0985603068124535
0.0838548465108792 -0.160299155627239 0.0216083008469177 -0.0973830142621465
0.215734859301272 -0.05463442186112 0.000996102566344095 -0.102400240675013
0.120025890796583 0.155990005014703 -0.0574363783620582 -0.181364055883352
-0.00253693754744324 0.0806850072236076 -0.0977275813318756 -0.366911023755004
0.085849218131051 -0.0741014242764897 -0.0239744440506012 -0.425785340906231
-0.0170855854716899 -0.163340980056705 -0.265919312343739 -0.152013111760064
-0.116949495236734 0.00506716917265836 0.0422279675006373 0.063854364374733
0.0153504236851697 0.120516768799387 0.133670738879654 -0.080867685088406
0.124407720825563 -0.0373187882501837 0.153923730903164 -0.0826820260047469
0.00752026750365249 -0.127171911435341 0.197879776682252 -0.18083463486575
-0.0595680274198473 -0.0722999221538329 0.143911763182403 -0.267426940399114
-0.0822174727152277 -0.0273677417437512 0.0833197687323502 -0.267312698969163
-0.0935212455267503 -0.0234552240060991 0.0530728133733444 -0.211493405911701
-0.0878466877678097 -0.0352074793001299 0.0255319376883212 -0.146936891688123
-0.0586493207957164 -0.0934710056516171 0.00103398855956117 -0.13662795731192
0.0275007577044136 -0.138229665016457 0.0299438930399112 -0.147706801383166
0.150192140356512 -0.0405715345426694 0.0536157539843399 -0.117361628503047
0.011242865274747 0.110115357795846 -0.0258827215007269 -0.161299188745105
-0.0819191045297176 -0.0684368844899561 -0.0880295568226579 -0.383453164192739
0.0584861124812988 -0.215386475851346 -0.0158817426364236 -0.424554422849918
0.00790323395606086 0.27565039468558 0.00271718780774857 0.385963305652641
0.144746475553295 0.140166167685877 0.149317341803153 0.419009261122662
0.0698721238444906 -0.0216553013349759 0.0947019769122599 0.126087174754591
-0.0409220364732795 0.0257249957666111 -0.0731043958128396 0.099676060518812
0.037452166334052 0.0925100757200855 -0.0361999007597789 0.199202041354323
0.094428012376793 0.0272761530571774 0.0527166719200074 0.164182235154696
0.100519324356244 -0.0268843245648995 0.0371499414463211 0.127121527341847
0.112605919488938 -0.0582139805589065 -0.0270342127032709 0.176733062794514
0.11112902171357 -0.0584145210542048 -0.0457717539872733 0.249751292237741
0.0996577154599401 -0.0258808894995779 -0.0986619630432224 0.267882789713907
0.0719956555952811 0.0238710291109929 -0.166445907761511 0.214237272776304
-0.0188112919895388 0.00282552393576987 -0.185117196364919 0.103186078872706
0.0810603778943896 -0.113249875791189 -0.130560049610896 0.0654730986164054
0.237449097937424 0.0401830239413568 -0.0967486399133263 0.0219744160387116
0.166538585929871 0.273885094149971 0.159078072581889 0.0633481521222478
0.047713333545892 0.316845428987337 -0.0019172125941591 0.292853538451724
0.192924958512336 0.219018567410606 0.166357857691123 0.444064023404304
0.162039959829273 0.0457909005004777 0.185027082075026 0.11203305124711
0.0669614043635116 -0.00477627972479607 -0.0543307073630354 0.0606702123115931
0.0931307916092583 0.0190149149177963 -0.0224340245452088 0.204579612666471
0.113977736549625 -0.042558199515228 0.0901361636592191 0.16845431228484
0.102589896429225 -0.092060851021396 0.0828191965031709 0.109807252194569
0.110833331624612 -0.128911766726134 0.00593739285514824 0.134811851726782
0.1165179031467 -0.135552293769618 -0.0185836620689687 0.202436804819176
0.128314042689959 -0.127039428001369 -0.065349367518469 0.231006652966181
0.15467137806557 -0.0755933691795672 -0.139044570804952 0.20794888973104
0.115476962093495 -0.0360348262668963 -0.200467633868042 0.102678986408059
0.1909337587276 -0.0568151343773734 -0.161862424372022 0.0276984588846998
0.30831155634552 0.108687809111794 -0.106202913789607 -0.015899262667294
0.243820510578024 0.307772764727141 0.107603642919641 0.000831847000426813
0.109927963404355 0.305996099965889 -0.0166782807592854 0.172150652917132
0.242856523408681 0.228988576286574 0.175414145036842 0.435395367444779
0.242269428641042 0.0773120350099589 0.281502177899365 0.0897085668118293
0.179273788887664 -0.0512826524006064 -0.000792332380330382 0.00613543302808901
0.148063539751948 -0.0822346738238826 0.0114366983456336 0.169360730008395
0.1178940331035 -0.128613920733087 0.123892893594429 0.136515508219776
0.0874890610652722 -0.152551132007682 0.121406000888782 0.0679230841911787
0.0965808694452052 -0.180285308551393 0.0367673682593754 0.0719765663195081
0.108263064965418 -0.183732142124213 0.00760737308010956 0.131203859820859
0.140791226796041 -0.196654234996534 -0.0351219120410518 0.165755988654368
0.209446026571123 -0.153928324397728 -0.103573322556554 0.168119797514286
0.228876420849002 -0.0729553268269059 -0.195644767518192 0.0841973049146901
0.284802509474749 0.00716985883918856 -0.190686790253421 -0.016737582608302
0.338847911637077 0.180745700547371 -0.134645150856051 -0.0852015677123349
0.268074565909754 0.311947109807868 0.0494856729811207 -0.0901165787679516
0.174500813625276 0.244692034928605 -0.0574110888225862 0.0514169703769789
0.272182295134639 0.17248516596261 0.169673608774152 0.388837456220832
0.281171191147972 0.0671769201804297 0.34063906861486 0.0418914190612435
0.255501479311276 -0.10082951269354 0.0565408422330536 -0.0545462135605579
0.180314840482575 -0.182435963723954 0.059438249315158 0.0972710498928284
0.10062842107069 -0.20654958748254 0.153245788388348 0.0627592266122033
0.0563806962157152 -0.193995932666924 0.145322411934097 0.00167468350554523
0.0693624302661236 -0.203764376977109 0.0632017099361429 -0.00325859365095636
0.0868612331599446 -0.198780535828953 0.0312722314354342 0.0502513573705468
0.131075352053999 -0.223655892931311 -0.00601743945895564 0.0857559621624025
0.223524348056578 -0.193553856532463 -0.0647438171742463 0.101455342864866
0.292549101983888 -0.0913435132088065 -0.170511051167333 0.0424162151564937
0.328194222342345 0.0701662038401778 -0.198593220016576 -0.0720105168116922
0.313986236361526 0.228867143561555 -0.159209509895836 -0.171514054446521
0.244934585511979 0.274827504302168 -0.000511246414900713 -0.195076588428474
0.20409739971595 0.146651342330107 -0.12533633401987 -0.0461004126391279
0.242389096755048 0.0915472660770613 0.14760933039359 0.317100375539327
0.258512357671863 0.0524919974060963 0.336481920249284 -0.0233267171282227
0.280321986010096 -0.124673397317663 0.0902264105011373 -0.100283128841921
0.176855389160903 -0.245278888768069 0.108402666797435 0.00881144970698781
0.0658037622414225 -0.248903269578566 0.17081513202012 -0.0376801226705701
0.0176602313573163 -0.203822973361827 0.150141268225408 -0.083238241102776
0.0302963852106264 -0.197357945069516 0.0781835286519717 -0.079027307368017
0.0512085974002721 -0.181685610585704 0.0501706677796439 -0.0247057323161878
0.0969241454484411 -0.209821123988614 0.0159303235560804 0.00959158239629064
0.194726422855922 -0.193726099209319 -0.027779165934185 0.0264832902457761
0.297483584221227 -0.087796635233607 -0.124247612940866 -0.0148760976712102
0.303747805578236 0.123353633761667 -0.172479825962329 -0.128991759011234
0.231370724962588 0.23421770131372 -0.161125882784524 -0.256271243112106
0.188073700901633 0.193150087280341 -0.0301185119564674 -0.295420533258914
0.174094517244437 0.0323979535305124 -0.19794057377851 -0.109688396279159
0.142445235012155 0.0349419571508069 0.11741018022871 0.225665891503835
0.1887813630058 0.0691875465524692 0.273343835107217 -0.078595979537345
0.261684178234978 -0.110014693446958 0.103973922287809 -0.114493909875875
0.140616116388334 -0.251716254379544 0.149355931929733 -0.0747994013039353
0.0213902979661787 -0.235400959473457 0.172529699375799 -0.142838084228512
-0.0225523532770773 -0.17528534289644 0.135957662585449 -0.168660174376388
-0.0154300965321809 -0.159586362323112 0.080005908038371 -0.144931086822196
0.00415771263634247 -0.142859437681354 0.0572108978440593 -0.0832610041311799
0.0452903215004534 -0.173271092843306 0.0263752598947324 -0.0516063520166556
0.136123241878334 -0.177672170388964 0.00136818917686266 -0.0409092839751854
0.260748447088284 -0.0745306506026919 -0.0631939444836669 -0.0668832702380201
0.225002595399548 0.153197386097695 -0.118110818172306 -0.167911293841968
0.114304366259186 0.184135506175238 -0.137020516034643 -0.319885734260725
0.126430660948254 0.0699613856230722 -0.0400414958357827 -0.373254475630666
0.0873446809079615 -0.0747469725685053 -0.249358242492456 -0.139656785775566
0.00843401277285573 0.0157418386335515 0.0793348543703782 0.132507280603888
0.104130100597397 0.104139410621927 0.189051063364089 -0.0975265728139012
0.207466110881595 -0.0764762695461275 0.11942276322525 -0.100649899366497
0.0786767922962664 -0.206342359595788 0.177983007995316 -0.140409803971026
-0.0225900787743424 -0.169153161478008 0.158544635267162 -0.22467711403244
-0.056593084285435 -0.110653971914571 0.107964697503975 -0.233361815195984
-0.0588598631700116 -0.0972879010693555 0.0684254245626297 -0.190696311877656
-0.0447859653351802 -0.0892192557689738 0.0482666744837479 -0.123821845821543
-0.011653679257631 -0.13171892322765 0.0191225344686744 -0.0970981605473471
0.074120642744133 -0.158585944942017 0.0177717033348905 -0.0971753084413947
0.20812129995304 -0.0621076017169241 -3.0400424718161E-05 -0.102736064321926
0.123876652221907 0.149882746611284 -0.0594633200359251 -0.176132109666978
-0.000306298616100591 0.0796336472788816 -0.10665599441161 -0.35440542309573
0.0777985388173918 -0.0742150569164507 -0.0362506789817382 -0.415023085273739
-0.0224248482678998 -0.159133272656175 -0.2640386406196 -0.13903670864658
-0.114522887988122 0.00905011960423435 0.0451214729019956 0.0615373613297327
0.0203150998425741 0.117258220565978 0.126231998262749 -0.0818092360866757
0.120578498013976 -0.0426110284340268 0.147132803898332 -0.0827142476743654
0.000560393988638657 -0.124913961777525 0.187620039769638 -0.184462109134226
-0.0618957820837316 -0.0688640548275976 0.130766005653504 -0.266389352147004
-0.0798835234790364 -0.0226726156679457 0.0732749736902725 -0.263003316489364
-0.0926200845584045 -0.0185296597838715 0.0455438526441263 -0.208679572621699
-0.0863979751015951 -0.0302066982046817 0.0219465537577412 -0.144409512623508
-0.0607785545301403 -0.0888760711299072 -0.00432503917265168 -0.132411942250149
0.0208992946973858 -0.135640637245602 0.0235374463962925 -0.146237406040135
0.14471278447912 -0.0469197970020829 0.050803569396929 -0.119571217848223
0.01677575702337 0.108222102966218 -0.0282506922580092 -0.15793314345242
-0.0829929048509385 -0.0625726113262703 -0.0970883837576697 -0.370362270372611
0.0480143565276535 -0.212590613638605 -0.0270441483748551 -0.413592882399188
-0.117795802302367 0.255562256712433 -0.131837869334984 0.341450177352545
0.0672720252797313 0.185280003135303 -0.0335634539196199 0.429872724743845
0.071078466370724 0.009925521145374 0.0305919579595146 0.147073280257958
-0.0468751412781074 0.00575854336109381 -0.10838249490751 0.064488706050003
-0.00373144868568826 0.0968796969971136 -0.107957847859153 0.166214934029645
0.0720644857813952 0.0627265339135818 -0.0156166080953745 0.164801428047525
0.100406857022873 0.0172644097042304 -0.0189576024602981 0.124918088730137
0.126159707358666 -0.00868494786574685 -0.0978047538343878 0.14688866481559
0.125562228213159 -0.00876206964673039 -0.140343325103129 0.206078614481294
0.10209941654713 0.016551738692587 -0.195900983286974 0.201586505392998
0.0580842279192649 0.0522249100743018 -0.235686423451749 0.122508595805652
-0.0174134274233231 -0.00137470152592624 -0.20895831662693 0.0161013037948002
0.115671756729025 -0.0716706960533224 -0.137667691288954 0.00598315224422275
0.200522232323181 0.124973957855864 -0.0944477992796953 -0.00685380986629616
0.0562262108843103 0.312042308714234 0.0986426930934213 0.123529584838546
-0.10189410846157 0.311292557512179 -0.0926541248261414 0.251244761224521
0.0755094624578702 0.27478383571164 -0.0230774660152342 0.456994654440823
0.124155544484264 0.109119949032235 0.123453978299908 0.166231557994048
0.0599140469516085 0.0247814912305855 -0.0754246517174892 0.0304827336615634
0.075935467597828 0.0554379043697314 -0.100986728993349 0.173073861536361
0.117910280987746 0.00921169429025908 0.0138653605541477 0.18055828914806
0.129065146859679 -0.0391224722298425 0.0285803478364717 0.12723055417786
0.153752594950861 -0.0721658614443879 -0.0515411100035575 0.123115348272776
0.160687197431465 -0.0760086884143834 -0.0952943132684209 0.174175498881961
0.167098432334822 -0.0631478998619115 -0.150197286253295 0.181277312654896
0.171749864404998 -0.00653908198067009 -0.207089789036787 0.127237654890381
0.118766810547633 0.0171387750450475 -0.219478091248677 0.0106118298237492
0.195450813926058 0.0228663464883081 -0.150521875182067 -0.0374894777193144
0.23860355110662 0.213513970902822 -0.0900729390565558 -0.0409552333400371
0.111313106694826 0.371512935068126 0.075900895387631 0.0488968666949938
-0.0406888200801538 0.329638564799647 -0.0589977010775121 0.130296756834476
0.114772273207996 0.3053850272788 -0.00956330897582734 0.450469442169427
0.183278752509463 0.17295936206126 0.223629758481946 0.180643679078446
0.1778534824732 0.0319774981277434 -0.00572423525002298 -0.00415458523461306
0.16606557228678 -0.0105525371751061 -0.0599715113202179 0.150786782037277
0.156227477000904 -0.0643436227794214 0.0546680341443483 0.164322355844561
0.141235680062509 -0.0988661362015069 0.080296914070917 0.105708336406272
0.161323729955987 -0.124168019467015 0.00307681324216611 0.0796345170338109
0.17368612150423 -0.122698663485711 -0.0426829885100942 0.120287285294871
0.204024356926007 -0.121004770705091 -0.0938740694083979 0.134561036649712
0.250615761900082 -0.0564547380795292 -0.157662049156351 0.105231206037959
0.234706392046553 0.0273384745087096 -0.206905145557758 -0.00398013695416942
0.256707097557744 0.117736935522185 -0.158320615020564 -0.0866955494694367
0.236730327210746 0.289487129471222 -0.0904562806658864 -0.112194020026427
0.12850445683578 0.383157248126116 0.0619624663059215 -0.0546151730033178
0.045181794262882 0.303227439031118 -0.0531811563759877 -0.000879121247774758
0.164754613953687 0.269131405148422 0.000898467630170259 0.405960786566703
0.222753755648332 0.181080239613398 0.296506943786164 0.159002166562423
0.266278250579068 0.021606427951227 0.0693331822290845 -0.0406046065954469
0.235651038066478 -0.0855430169469722 0.00898572115518318 0.103034300447874
0.173062357633334 -0.14059990912374 0.107101186010478 0.110075489890054
0.130806653877071 -0.148035938161534 0.129087439872467 0.0559274272715571
0.145360437514887 -0.156533556908327 0.0564489732379979 0.0227135505149278
0.15917935964402 -0.144328455961219 0.0122338837395759 0.0584633487118654
0.204432136389374 -0.14867959845776 -0.0354283311857708 0.0739819045727787
0.276855084206145 -0.0871450936729508 -0.0952137159413092 0.0617947884267083
0.29852491296259 0.0343699296027084 -0.164150154767852 -0.0310235696413275
0.271848582638729 0.191929704279809 -0.143863357878039 -0.138243584740214
0.196925814634228 0.323242098742794 -0.0805153054410195 -0.200893286016536
0.118021130888272 0.339263511442327 0.0635786587365076 -0.169189894306238
0.117204310244259 0.227148485181023 -0.0835198218296686 -0.117564169156262
0.173434378288679 0.183871176454757 0.00847181545176866 0.33330990525182
0.20913970725232 0.158108970454629 0.319152613420896 0.099893459076058
0.298490687790964 0.0105787939082138 0.118987508458047 -0.0700887798262206
0.257160903973575 -0.141425434683865 0.0861338718245677 0.0420956655645441
0.159698979127638 -0.192043771411561 0.161660556471747 0.0270276479866198
0.100043497298595 -0.172845786490956 0.168561908360833 -0.0176702312656206
0.107520605714052 -0.165724898520683 0.101884515059918 -0.0388261970071447
0.11965716638043 -0.143456604839733 0.0587945943577865 -0.00185668311443105
0.167694900223302 -0.150059517582876 0.0153049399072184 0.0145437566802852
0.249514636477769 -0.100347614256493 -0.0318071817223283 0.0104039138972234
0.301079363156439 0.0383788012927784 -0.0983018613579664 -0.0625137795099333
0.228330072967493 0.231123598386497 -0.0988813796748172 -0.178070811044865
0.117570350110577 0.296462450030544 -0.0495866712670675 -0.280619400299102
0.0957874033685804 0.242691518872345 0.0837170416402383 -0.272626400442916
0.141402668151592 0.108306826691268 -0.133610862689448 -0.198773653799263
0.108870759733372 0.0912038101023994 0.0162938121477357 0.244471393458068
0.139467883958542 0.143446881353785 0.285137119745282 0.030250941240638
0.276079287315725 0.0150135501659834 0.138858025541371 -0.0752406279579409
0.22711817762772 -0.163213513897579 0.155710430455958 -0.01443914771108
0.114853266542082 -0.199270215215782 0.205414173852336 -0.0629852117521389
0.0530566628684314 -0.163469559694997 0.190437218669476 -0.0977626781807242
0.0511261131303527 -0.149898051788729 0.131351729113204 -0.0968704162028506
0.0612111853625927 -0.125926341311108 0.0891334658518964 -0.0523631028783128
0.106719364325208 -0.137586411273004 0.0480954332010057 -0.0360758170084198
0.189292486519538 -0.108141681884197 0.0207779813020824 -0.0373679762155663
0.262042305448196 0.0341027214631673 -0.0221703139827074 -0.0848049117963794
0.146580705116165 0.227192411235238 -0.0358387613495132 -0.191995921576053
0.0283816366068391 0.206277443753355 -0.0014886872428341 -0.333672681121689
0.083329561733201 0.105337843862361 0.114375129206446 -0.346525917137746
0.111848777050501 -0.0275674220229113 -0.176482292948129 -0.234048313984236
-0.000782386467349529 0.0166576799414794 0.0194766601164277 0.151873713255092
0.0497215335073482 0.137581161526153 0.217483341523955 -0.0166962221580736
0.215011745187405 0.0203805225362639 0.148076865597435 -0.0532431580873323
0.152144613767058 -0.148569669365054 0.2096655822055 -0.0587746590158818
0.0483930415506378 -0.158289821981593 0.227063168492137 -0.138787237841022
-0.00363348760869809 -0.119908274590732 0.192332160434266 -0.165987425085127
-0.0138437116460705 -0.110643330947776 0.140201586778768 -0.141896418321622
-0.00442470216076506 -0.0974876635362162 0.0961001319386696 -0.0914875212159586
0.0387692896589623 -0.122242030703801 0.0581281966266032 -0.0795064026633792
0.125734296502915 -0.116040918088756 0.0575015873324653 -0.0801845270741943
0.209856200405799 0.0232286133360136 0.0486207470177537 -0.0911075363721709
0.0557867465296237 0.184855788847935 0.0193441919979577 -0.176871238250197
-0.0362280286251315 0.0692946908337639 0.0429522591756253 -0.358017447964153
0.0935858426735497 -0.0457092968758385 0.143492834607378 -0.380901224845594
0.0509840497187479 -0.155543273989049 -0.196236862192321 -0.227627917002518
-0.105044709971094 -0.0419550906397879 0.01651749352393 0.0800833731650071
-0.0300797860988209 0.113725355361356 0.153769340050574 -0.021584593848939
0.123263844538427 0.0128004045235833 0.166744863884666 -0.0200140501554368
0.0485406260571188 -0.109575105305568 0.238773007045477 -0.0890236729868545
-0.026952823812195 -0.0858498068693676 0.222390580421871 -0.183158864776022
-0.0608733128217794 -0.0517541026611113 0.174274480298847 -0.203772918285053
-0.0754984585470743 -0.0531768460834664 0.126572415375557 -0.167664794990291
-0.0664737622537754 -0.0610428872617033 0.0795803280824982 -0.120902976938033
-0.0218309307665631 -0.103323618660557 0.0502294487538179 -0.12084136764734
0.0685639634211722 -0.115753508955967 0.0815162018282461 -0.121183910951136
0.148230695781846 0.011746415764744 0.100053295225598 -0.0853383680734841
-0.026276293739141 0.106129493613353 0.0401276599656442 -0.149168511005021
-0.0580658408817547 -0.0902496501088955 0.0631418794173464 -0.372325604340642
0.119043129263404 -0.182813587032011 0.156280065298652 -0.378660877469849
-0.114415328775162 0.257875724029303 -0.132264193069102 0.343049026899955
0.0710661816608204 0.184204140527187 -0.032580702923043 0.427775227761678
0.069331184226035 0.00753477287098085 0.030168701540331 0.145460866685517
-0.047690566572616 0.00731523305071809 -0.109516769380616 0.0671084288102901
-0.000555730940037991 0.0973763604781966 -0.104466746127304 0.171123611985558
0.0733973101283383 0.0615167256809956 -0.0116439943910967 0.163514648326258
0.101964976603356 0.0155356382092314 -0.0185379720064576 0.122625232630906
0.127193702654379 -0.0123386428233574 -0.0968061094852046 0.148826763557405
0.127205000378511 -0.0129251237813256 -0.138726971268963 0.207657005597166
0.10377735474734 0.0151047515932249 -0.193805410151946 0.204029011414884
0.0612639844357559 0.0515487183858466 -0.235495245594523 0.125889999815333
-0.0175434413655796 0.000613474229866168 -0.209946833950684 0.0187750142935368
0.113791328629727 -0.0733715416808945 -0.136555569346409 0.0080009144494476
0.203701118946566 0.121413943022588 -0.0938876898510285 -0.00607812817059326
0.0605218529263086 0.31093397375802 0.0972686463768735 0.121202426063801
-0.0989775966634012 0.314421697074073 -0.0950527890300342 0.251976622190885
0.0794994489495034 0.274169496675085 -0.0218913705049204 0.457392507629957
0.124723693109853 0.107459712663528 0.124748496366025 0.16274191479553
0.0590913450075502 0.0243032871143694 -0.0784362056595985 0.0333023966379252
0.0778790672156842 0.0549642094841648 -0.0968199419617898 0.176320625017241
0.118713795589775 0.00809560792231833 0.0175573151010923 0.17918817129838
0.130261094092426 -0.0413504803332603 0.0294125300317292 0.12402926744537
0.154131160266648 -0.0765408095103612 -0.0503705917095205 0.124486062543082
0.161829528517051 -0.0803335138895951 -0.0933449825786113 0.175566913458654
0.167764503408581 -0.0662111222597394 -0.147380519671479 0.182697394965956
0.172739072178664 -0.0102059434618439 -0.205740280433297 0.129946398050452
0.119532416843571 0.0172029992400168 -0.220661647562274 0.0132118631217832
0.195439007910102 0.0202237347435451 -0.149848631390554 -0.0353958295502961
0.24281212956155 0.209449380099481 -0.0902299795266893 -0.0406073840283013
0.114657345681571 0.370479894083876 0.0746310634238044 0.0470534761530107
-0.0381649349956262 0.332588877297265 -0.061843504716934 0.130852801229705
0.119288433364017 0.303347616786148 -0.00858367900306899 0.449709481041454
0.18541101034205 0.171967372352436 0.225768905490385 0.17528629978637
0.177507973407091 0.0305243501872577 -0.00919122133428325 -0.00139551459183544
0.167185601391052 -0.0120059613490144 -0.0555618836846034 0.153732747744401
0.155602351965089 -0.0661303538128133 0.0579945156283891 0.162893630445969
0.140654588388885 -0.101108642876107 0.0817769285293338 0.101779777643807
0.161119087289204 -0.127658582039889 0.00370081896780735 0.0797508299074578
0.17410205178146 -0.126372947315013 -0.0405305548083198 0.120906970836966
0.203958704650283 -0.123996808323439 -0.0914184389619842 0.134355944279085
0.250312856592035 -0.0617960290220108 -0.156438394148891 0.106963873299477
0.23606138761767 0.0250027563995569 -0.206481674572331 -0.00263043066187539
0.258346119040765 0.115466076464977 -0.158300995552202 -0.0847359039497067
0.242381622011169 0.285928578053954 -0.0913084588445262 -0.112181163233902
0.130967358241235 0.382247863132678 0.0608545936845922 -0.0560067242081402
0.0468050711677078 0.304478898160435 -0.0571198644801076 -0.000659698204415407
0.167111670459508 0.265692814916449 0.00296082583843017 0.406147253506921
0.225760541529501 0.181090938914525 0.299389713595698 0.153120383880769
0.266863633104052 0.0182220475749411 0.0660707991145982 -0.0382647179469797
0.234135663208755 -0.0887986898555756 0.0131725336980008 0.104623699008098
0.171255279814862 -0.14355980244323 0.109692160473298 0.108219081310094
0.129924138848114 -0.150078379990256 0.131136669026842 0.0516891264457645
0.144716049195264 -0.160283948346552 0.0574739409891107 0.0215776906981987
0.159570224274718 -0.14699486553175 0.0141445928759183 0.0568377594772092
0.203021313994093 -0.151421912149732 -0.0337571993258284 0.0733549659570153
0.275382530519721 -0.0925202693150076 -0.0935811070827769 0.062236810351617
0.299648885822178 0.0311240543569593 -0.164374222759359 -0.0312570935230454
0.274986138790885 0.190128923987261 -0.14467561016105 -0.137957367407
0.200788328618356 0.321040568517177 -0.082808438189386 -0.200541486026835
0.11901722149297 0.339063639510601 0.0625024142958533 -0.170840280829426
0.118342000266739 0.226262359897207 -0.0873940335728575 -0.116801470258346
0.174574959722534 0.18089229957655 0.0115272938588066 0.333487982651358
0.211424200492788 0.158879193251524 0.320366206160101 0.0924688264950517
0.299133384626252 0.00678336918275032 0.115342131412904 -0.067065337140107
0.255159417770345 -0.146239625302312 0.0894885568738213 0.0424186755652464
0.156158699442312 -0.194602154952338 0.162108285634458 0.0245214378975467
0.0989055054049734 -0.174932615295622 0.169498490039459 -0.0207260220538259
0.105902695801625 -0.168113497227597 0.102401730788583 -0.0414536775052412
0.119589672285037 -0.145096951681204 0.0601957706075093 -0.00326802309721097
0.165753649342532 -0.151805241401484 0.016560632234118 0.0127780814995005
0.247608448123027 -0.1046921869002 -0.0297722151446502 0.0097796461709376
0.300292023470872 0.0342936059916926 -0.0967911293240472 -0.0642793352608891
0.232112524808914 0.229446498648753 -0.0994395888007292 -0.178222069633805
0.120973922690445 0.295669678320537 -0.0521387145842062 -0.280385753301483
0.0942321280598402 0.242162558793051 0.0830919012721343 -0.274565928944338
0.141002089910489 0.107296343660361 -0.136817644946255 -0.196673808032378
0.108996706329132 0.0891976566690845 0.0199666272329326 0.244175553893479
0.142426146442844 0.144149961853984 0.285536852689582 0.0239378631342704
0.278040860313066 0.00976168444292917 0.13606116296053 -0.0733511608518457
0.223530001501987 -0.167695648012059 0.158346304721678 -0.016045911661931
0.110899949960071 -0.20052829423334 0.204055874717058 -0.0662828755275554
0.0509725347287752 -0.164884471950297 0.191826176332307 -0.100999808561144
0.0494637312805787 -0.150582677015396 0.131019038819797 -0.100000041066662
0.0603266728799325 -0.126202439583719 0.0895785124190704 -0.0544179242280396
0.104344825307161 -0.138726711268809 0.0481303079298452 -0.0371857335074351
0.186383730054439 -0.111086369481971 0.0215883015592113 -0.0389233907937185
0.261679633914866 0.0303195774256835 -0.0207361022232341 -0.0870068704135599
0.149792519475564 0.227250366988915 -0.0358772345126522 -0.191662962215055
0.0298608757322158 0.20744476588511 -0.00448633975664868 -0.333162218109905
0.0803705166282134 0.104928252195249 0.113291075550811 -0.348337332416386
0.110329963066924 -0.0290861366152715 -0.179158167491225 -0.231536965124903
-0.00189765739877674 0.0165175736053715 0.0222627288955805 0.151408392480817
0.0533572575040881 0.138981619036477 0.21609345069862 -0.020518309282261
0.216360874563749 0.0157755223893519 0.146162506564322 -0.0505464229479607
0.148754010962564 -0.151574360939983 0.210366189862068 -0.0611851214182872
0.0447421187365126 -0.159050701004438 0.224947843922423 -0.142075128503848
-0.004488323365679 -0.11995899255118 0.191842770651848 -0.167716199514627
-0.0158481950003922 -0.110135503438306 0.139052650407688 -0.145379972500469
-0.0062467324521433 -0.0965197939330268 0.0960325979954095 -0.0932257111633895
0.036628537387261 -0.122592423803172 0.0573480934364748 -0.0800391339624693
0.1224710794488 -0.118024818413437 0.0574231963544302 -0.0817344701935176
0.21022871495154 0.0187985436109309 0.0504558645657926 -0.0941447230616108
0.0589546546377796 0.185549054892926 0.0194469398685798 -0.176354065213926
-0.0371046303012557 0.0711721666956829 0.039988377801866 -0.356135641257253
0.0896316200031007 -0.046931760544607 0.1413471430287 -0.383229835099307
0.0477182233994728 -0.156589217376861 -0.198328591382039 -0.223484234484855
-0.107218320060467 -0.0402096001274346 0.0196248828631912 0.0802463750237633
-0.0275495979874346 0.115100038870394 0.151762190088084 -0.0232426639691412
0.124371231025225 0.0092009919069829 0.165585505776684 -0.0187717739033309
0.0449106582519408 -0.110560070196428 0.238918116774272 -0.0912559076188908
-0.029824373008602 -0.0856636256254955 0.219890516549805 -0.186110505473113
-0.0607361402479653 -0.0512261703845604 0.172828969128532 -0.205700300582839
-0.077593436568836 -0.0502582403602677 0.125229475243091 -0.170206446186197
-0.0675072876261879 -0.0591358210349233 0.079325651149175 -0.121573331733606
-0.0239544423522312 -0.102716663151602 0.047172910732481 -0.120029914066714
0.0653836155619775 -0.117369796347802 0.0799008586956311 -0.123017846716214
0.14886295988969 0.00785749833612641 0.101504027897369 -0.0888916879060962
-0.022527920555704 0.108229490981318 0.0406614907344506 -0.14944110488661
-0.0604582619497025 -0.0885964032468659 0.0597291668708723 -0.371458804940481
0.11548563424832 -0.185186990443289 0.155073304122467 -0.380872691376501
-0.107796135320615 0.264786741472016 -0.129965503742784 0.351037060334286
0.0778559048193742 0.184677422809823 -0.0251748728803954 0.433638723955391
0.0693461938929046 0.00414185921690496 0.0317369850912323 0.14558491570664
-0.0495401841816285 0.00999213094755758 -0.111631883732859 0.0708386060819493
0.00389836514683768 0.0989862555316847 -0.0987434065631847 0.178485822000648
0.0768812233612669 0.0600053164923574 -0.00627275260579635 0.164029862393847
0.104822749116313 0.0123237491055887 -0.0179438392771314 0.122463423261572
0.12950099224156 -0.0181686808251883 -0.0951383288822269 0.154045503312764
0.129567115695255 -0.0192057537042586 -0.134454499284705 0.214833631502131
0.108047960893082 0.0122537241130657 -0.189113928440412 0.210768679465896
0.0646028453658135 0.0496534454508188 -0.236510168224887 0.134075924978354
-0.0172841043015548 0.00299915544057274 -0.21182384592995 0.0249418964467043
0.112469563860419 -0.0774254640842718 -0.135302917218992 0.0116556676251519
0.210938105357044 0.116003593562148 -0.0957744215542995 -0.00367324848388582
0.0700246540187856 0.312955606680562 0.098902952183913 0.119481184693394
-0.0918508600760793 0.322025811107503 -0.0955583312959071 0.258211532985982
0.0893346990754852 0.275085553862321 -0.0145095699156354 0.463686928687994
0.128608515551512 0.105526929857583 0.128878092708645 0.158938660246697
0.0593507307837247 0.0242383993791959 -0.0806826395447996 0.0368436314761998
0.0816304731586393 0.0538716552575226 -0.0908523239979203 0.183431066945146
0.120643499578415 0.00449339780767414 0.0234601350667424 0.179929460003782
0.131680805349902 -0.0460142117430289 0.0315711487661943 0.121992215825316
0.155440593686526 -0.0840180859356611 -0.0487228291148782 0.127838125912628
0.163821083794902 -0.0887383452990673 -0.0895862558226935 0.180114075636158
0.170056278369428 -0.0722675144051118 -0.143061650597212 0.18758588112155
0.176176410103727 -0.0168080795347732 -0.205022927431776 0.13749662868486
0.122804777958251 0.0154875288091875 -0.223232157216346 0.0190552257333985
0.197586103562682 0.014760526646779 -0.150950418467586 -0.0326813398778967
0.253496568552317 0.204800652165331 -0.0926185379258466 -0.0387863552055798
0.124595782166033 0.371577574447935 0.0748161869138333 0.0450228682917565
-0.030946517878812 0.33907271300972 -0.0637749649085519 0.134617886773551
0.127853093258848 0.303187016407973 0.000254688673464028 0.456081934755166
0.191717401051757 0.170819124493542 0.231296532109152 0.168577603338551
0.1797398478802 0.0261338002447738 -0.0120669291442123 0.000824700646692066
0.169020966554118 -0.0171918680433209 -0.0496604945451572 0.159947202678132
0.156118643669232 -0.0715785863943589 0.0636127436117474 0.162313599379699
0.140926521421623 -0.106545834596419 0.0853462297288626 0.0978979634797247
0.161229846328297 -0.136528476094656 0.0057945813661836 0.0803778233046077
0.174700612383917 -0.134643879694007 -0.0372002648352568 0.122491675623382
0.20453231652215 -0.131900631851126 -0.0879412982958466 0.137212158312657
0.252885459037669 -0.071605044910788 -0.153902974083208 0.112188753216711
0.24076638977897 0.0200176401286216 -0.208824529753489 0.00223860153010952
0.264686674736638 0.110567112236205 -0.162428288036056 -0.0821653141695611
0.253997055500267 0.282542041138432 -0.095341572106588 -0.112263781903525
0.139275699923292 0.385006800147217 0.0598748364641163 -0.05965238257659
0.0537981008520548 0.3085474398984 -0.0611123592422003 0.00240237419799142
0.175618367638842 0.264534052857077 0.00975124834362997 0.411011240651556
0.234510818832503 0.179113001504503 0.306335673707739 0.143878937566165
0.270364576564451 0.0108073920399014 0.0626036339649926 -0.0372783002909646
0.234868122136401 -0.0968143090065845 0.0180972910879238 0.107577778568822
0.169017347682317 -0.149675599599548 0.114075804082427 0.106708724483801
0.12864591876641 -0.156582831841519 0.13531373959933 0.046163065985829
0.143051180332594 -0.167249572201786 0.0590400923142134 0.0191665939847202
0.159657146808878 -0.154884910289094 0.0165991028112622 0.0561123209076078
0.202467472276592 -0.159783912037425 -0.0310489959206343 0.0729607626337473
0.275900874572026 -0.103443940233439 -0.0911364073777077 0.0641224616934281
0.304825878838093 0.0244288010999288 -0.165530890608352 -0.0290848169384781
0.284289889882182 0.186354098525821 -0.14911369341473 -0.135745374979662
0.212956001024442 0.3191265845404 -0.088439685152539 -0.201546491602406
0.123894929032389 0.341895233696316 0.060222198541017 -0.175226523680566
0.123368827306882 0.227367126561943 -0.0938477989846115 -0.114525158013085
0.179973333179575 0.178427997775145 0.0195616054057784 0.337221039231941
0.220140817406155 0.157120141043318 0.326181273813415 0.0833225253992771
0.303994309349368 -0.00174540828483029 0.113043598390251 -0.0674073764445622
0.253727386336206 -0.155950277183874 0.0945387263266642 0.0412816246350913
0.151539109519215 -0.202196208705003 0.16498654930752 0.0206824664984874
0.0964770292364043 -0.180846258614166 0.172934006403028 -0.027385774219335
0.102397835247734 -0.173926190521293 0.103749884809083 -0.0461944309897033
0.118362122681831 -0.150395932031452 0.0620862821659888 -0.00676403387752028
0.16330289752723 -0.158485578767844 0.0177875855395849 0.0114244185870962
0.245882243488188 -0.114396678513792 -0.0287987595443462 0.00877451594883458
0.305254261907866 0.0264826702420535 -0.0986260925642653 -0.0650689416586901
0.242535063112489 0.227806578873727 -0.104586261332447 -0.178307707630202
0.129411968184164 0.296723373350363 -0.0590453701513458 -0.283065828941273
0.0966585850467142 0.243651260498094 0.0796737233911751 -0.280969268082354
0.143965007537351 0.105549114101476 -0.144814122093202 -0.194226452946981
0.110967082933869 0.0877744957311013 0.0271217099082904 0.247199586283609
0.149565173952355 0.144893672604407 0.2884303554507 0.0143890340969983
0.283037508651234 0.00170859540557945 0.134445236478217 -0.0731205391873924
0.220421417526942 -0.176205336363698 0.162508849093253 -0.0201595038702393
0.10523692219306 -0.206481979857166 0.205383724195425 -0.0721071923709888
0.0484342570049423 -0.169395610248328 0.193384603499317 -0.108622075814915
0.0457114846293285 -0.15382380336692 0.131334678939474 -0.105943355073313
0.0585948280744876 -0.129016597030859 0.0919817640417167 -0.0575630253557886
0.101015515534233 -0.142436295914381 0.0476298252691706 -0.0393324211656346
0.184069677619149 -0.119041364958593 0.0220942796460338 -0.0413192375599664
0.265502398412647 0.0218233006937932 -0.0209796971446834 -0.0904145650150854
0.158731770611142 0.227530182075753 -0.040024875129138 -0.193756178952416
0.0352783696444841 0.210247587183004 -0.0124185858764672 -0.336423301604085
0.0792275085815491 0.105215479540813 0.109104874416543 -0.356358409105642
0.108653157218884 -0.0323016505776015 -0.186585587258419 -0.228515359694624
-0.00326970206514736 0.0168899646788892 0.0282034707133592 0.152170004271095
0.0585124684267131 0.141099952087716 0.21675432510353 -0.0270086587277523
0.220620457856484 0.00895056882459427 0.145882272054637 -0.0514204602896228
0.144157846010492 -0.157904556042579 0.213158871921627 -0.067141792693294
0.0389357269415653 -0.162956224997848 0.22374234365073 -0.149769872981188
-0.00759574228721367 -0.121701649355535 0.191641051071016 -0.175803935460376
-0.0194782898455438 -0.10928001476493 0.138477021053314 -0.151924531777283
-0.00846610318256829 -0.0964354758618897 0.0960982897466262 -0.0978968456182882
0.0330332971918513 -0.12471188764212 0.0552880524870228 -0.0815684682866098
0.118721449038415 -0.124000780564824 0.0564613725838854 -0.0857533998701684
0.212588203584887 0.0115747036715228 0.0503423415055732 -0.0994479745435099
0.0654744284771407 0.187573321308166 0.0169764285247559 -0.179127196348041
-0.0375042158243411 0.0737541156211928 0.032445713561122 -0.360098844822309
0.0864532672306469 -0.0494378251138375 0.137945130506456 -0.393092155887369
0.0426663729980914 -0.1601868363382 -0.205855758850018 -0.220280444389212
-0.110573867452284 -0.0370830302042569 0.0243527076679755 0.0790872617325771
-0.0231870876684198 0.118216035112191 0.151362786256045 -0.0272048625276369
0.12639305314018 0.00390328767659276 0.166877629460253 -0.0198668603598189
0.0402462004890147 -0.113512478872573 0.239962550148444 -0.0983263821203745
-0.0338541550724099 -0.08562927651852 0.217416654604875 -0.193374950134178
-0.0627273487537484 -0.0488199958603877 0.170850786825672 -0.212851993300129
-0.0808763714307032 -0.0473795501882839 0.123633283861945 -0.176238971005171
-0.0697659285405764 -0.0565642876650762 0.0784239620807586 -0.125203692740534
-0.0280565115721455 -0.103646097195469 0.0444005165185424 -0.120771889530733
0.0621805887571401 -0.120919438839487 0.0777381136451655 -0.127995562776765
0.151358177665424 0.00180148354317482 0.102833621393387 -0.0949471859706642
-0.0188532993845816 0.111855074331803 0.0397264900980673 -0.151791247459449
-0.0653855459181017 -0.0865966854294559 0.0515439154349159 -0.375473522125357
0.110396940864001 -0.190367625452161 0.151880658512496 -0.389245662062969
-0.0940555602799009 0.271710186221947 -0.117570787983063 0.358795980668945
0.0889847819780846 0.180586643742862 -0.0103962336556196 0.435524399936263
0.0675245574850468 -0.000118197192600562 0.0367330839475193 0.143945442281555
-0.0499987765814511 0.013674156903475 -0.110596008608269 0.0771246228757318
0.0108562042888116 0.0993732697965266 -0.0878872431419174 0.185180020901534
0.0810983369477622 0.0554826665549874 0.00295954516740787 0.163496050306905
0.106465548121975 0.00622040526592644 -0.0146712641955843 0.12160043865864
0.129982852570905 -0.0273634593459122 -0.088571557030881 0.160141543648334
0.130468556696194 -0.0288472504432091 -0.12403458424468 0.223058151894359
0.111455823268423 0.00594645754821373 -0.179421123756452 0.220459773257361
0.0684518403193343 0.0456949242681469 -0.231173540010984 0.14809821321523
-0.016590919951537 0.00592908357033839 -0.211996380367635 0.0357235133273015
0.107616453365425 -0.084088015593146 -0.133069507750814 0.0174443273542321
0.219064710846445 0.104430929145973 -0.0967328979111272 0.0012587674932483
0.0855781678629411 0.309636107676585 0.101705732844756 0.115102584857156
-0.0760478517489599 0.328113807978898 -0.0889123966702426 0.264191422835082
0.10359080179688 0.270219545448212 0.00448905699170454 0.465872659701606
0.133442830412532 0.0990159210646729 0.134674060524075 0.151256295445054
0.0595422789371797 0.0220811415630955 -0.0822604882898157 0.0423520920687019
0.0854793517660637 0.0500890902724618 -0.07979068543706 0.190286736379974
0.122067865556561 -0.00151443938877673 0.033775827246806 0.177855161949671
0.130971938807303 -0.053448369809678 0.0356968870702596 0.11905928877481
0.152755173586257 -0.0948657717143534 -0.0429010467957005 0.130817422260014
0.161333171215857 -0.0995532696382316 -0.0801196378866089 0.184918916093657
0.169130723231763 -0.0817795785406045 -0.133237918372009 0.194310716159055
0.176764786275351 -0.0266507144618432 -0.198239581079132 0.148773897121931
0.124681739830734 0.0103362303873755 -0.222625901003056 0.029494259360254
0.198291711858318 0.00486477370980984 -0.15157518153521 -0.0252344951694344
0.264773633523732 0.190880810446202 -0.0947192534002559 -0.0350669176798325
0.14184193226108 0.367137651283599 0.0753965520943234 0.0412323232986332
-0.0158578268857391 0.342486390871452 -0.063024319454777 0.139995555766676
0.142872157510927 0.298206004442971 0.0182485258260213 0.458175324602212
0.20103997495821 0.162325023056921 0.239166920770407 0.154471597820781
0.180544718437927 0.0186833457248184 -0.0152084373164703 0.00470959083058578
0.169400491486256 -0.0257503427353237 -0.0388059817865604 0.163758866253953
0.152993858212501 -0.0793507509062625 0.073417046305285 0.1584889278157
0.136398957063439 -0.114757061850384 0.0889660645549362 0.0917433826449643
0.155418814233518 -0.146767533055182 0.00939551537216803 0.0807269448671223
0.170320673645773 -0.147357701007747 -0.0301661045624053 0.124024615300655
0.200324265900173 -0.143512279066906 -0.0813338355757453 0.140712537432041
0.249602887917759 -0.0860936925592677 -0.148151737216625 0.119501811204015
0.244040990513279 0.0090427997276004 -0.208694225209867 0.0112296913350586
0.271149712777407 0.0979974528560482 -0.165764242523829 -0.0744483171759184
0.268427865522655 0.26994389814017 -0.100980884802546 -0.108116191768431
0.155909119318961 0.38049188955834 0.0559681588811418 -0.0629161348684297
0.0672771849344962 0.308479380434915 -0.0656955956039459 0.00645030943216147
0.188039965544831 0.256239946521981 0.0284136927819223 0.412765913516985
0.244543834940933 0.169386344070547 0.311259019612835 0.126566812565831
0.271791563222713 -0.00181565793027859 0.0588942845434611 -0.036516158152598
0.23041208060268 -0.109237912953854 0.0263171770375665 0.107938091627182
0.161476814205472 -0.158873561979296 0.120154774490688 0.100956135514197
0.122124366982249 -0.1642134418238 0.138030825867947 0.0377839851392507
0.135670320799943 -0.176941440076467 0.0605617047967241 0.0160302480984957
0.153571427831364 -0.165115402495193 0.0199880261177643 0.0546570769253491
0.195393501480574 -0.170632127246023 -0.0269132438738732 0.0732895344950967
0.271033814706345 -0.119813132712808 -0.0870216593999237 0.06787285007279
0.307739828136349 0.00919144546239911 -0.167334816487958 -0.0230669176147678
0.293984502111455 0.173177285606597 -0.155328514129288 -0.129400210420455
0.229565768868525 0.309371223631678 -0.0986131912787755 -0.198291612503951
0.137091712521822 0.33819122056973 0.052614638662393 -0.180015088614204
0.133175248439285 0.223642740533848 -0.102498760036302 -0.108902985412065
0.188350447641608 0.170606039767435 0.0338283870239878 0.338335670821482
0.230027344174568 0.148349462093274 0.329894181668382 0.0648140015809681
0.305354741218506 -0.0169143764956815 0.108661394707216 -0.069432203819225
0.245945086063832 -0.170234207014494 0.0989295081797058 0.0371192688002591
0.141276247710331 -0.210354519040212 0.167352792552992 0.0126087409144406
0.0884418162347631 -0.186444744457219 0.173532570509186 -0.0389433773653012
0.0947537963753151 -0.18032358963634 0.101478067757572 -0.0516222352461157
0.112492365141003 -0.157608330359556 0.063283826907181 -0.0110384250242315
0.155344753492974 -0.167245419748665 0.0186216745799354 0.00923014711395614
0.238814444722743 -0.127951038032849 -0.0267978977732044 0.00945663862569173
0.308103623573513 0.0104763411892736 -0.101272494690026 -0.0627279256992381
0.254589609743107 0.217460346495185 -0.112549434735244 -0.174721482163133
0.143801576009124 0.291842224925073 -0.0727542596716253 -0.281035452203633
0.104124059360696 0.242578479174399 0.068274087695496 -0.287490566279639
0.14731510680405 0.100185662343755 -0.155476546686687 -0.186538775701306
0.114010847106833 0.0823872739620671 0.0385870588175115 0.245999413810681
0.15903458691386 0.14022208664647 0.288146717305374 -0.00168898817462394
0.284281453278352 -0.0138396013491693 0.129681585975046 -0.0752700740344352
0.211162855305774 -0.188595982559307 0.164630596747394 -0.0282960945154195
0.0932783710899664 -0.212344295216485 0.20245826767042 -0.0823511247880352
0.0411510912047498 -0.172619514446349 0.190642717718813 -0.120694094537834
0.0373627074851179 -0.156381697083492 0.127106660096101 -0.113591671940107
0.0528856762662749 -0.131923864143544 0.0899350404680189 -0.0632237987543176
0.0932809534796484 -0.147634121791235 0.0465025033916435 -0.0427028875666835
0.176085869619065 -0.128836846173975 0.021064518584738 -0.0435472289305068
0.266791683685492 0.00838910170717684 -0.0241880743533672 -0.0917449796075439
0.170978529964056 0.221537019582554 -0.0486211096764138 -0.193146369000304
0.0441165620785612 0.21014121506398 -0.0272779034371802 -0.336257290870468
0.0799460352768868 0.103466403539884 0.0958810985500761 -0.363814747842787
0.105845286506886 -0.0369895901667823 -0.1979806753476 -0.219801220501245
-0.00390734749993888 0.0184340318337564 0.0370781697080811 0.150662388836899
0.0673116220686102 0.140681892233224 0.214066568229448 -0.0388639421323948
0.222622627710775 -0.00364827954907438 0.143716465230547 -0.054204897767981
0.134791951262306 -0.166221080802425 0.212320014773432 -0.0779584609953255
0.0296229339568278 -0.164610845863704 0.217499014426942 -0.161266552157938
-0.0126814080128246 -0.121808209676662 0.18581670879735 -0.186867472285636
-0.0255116758206148 -0.107338404540337 0.132045114738893 -0.160498356429299
-0.0130245544332135 -0.0949094253871023 0.0932952644523708 -0.103166950325127
0.025524421464189 -0.125928572665662 0.0516817375429632 -0.0842905187103158
0.110058577145421 -0.12989927957687 0.0534308887387926 -0.0895365372905356
0.213489802433421 -0.000766342558325302 0.0479463466781194 -0.103942871420072
0.0767878218667311 0.186251171967359 0.00930137511517317 -0.180352001108381
-0.0351117143066151 0.0777038031434509 0.0173059724773977 -0.360976549678543
0.079930796486485 -0.0523820677138315 0.122058814166974 -0.401904692542488
0.0340189918916652 -0.162753298032424 -0.215136493689893 -0.210385906022397
-0.11373163341019 -0.0302645515212624 0.0296154268817693 0.0774893200372488
-0.0163647117949318 0.12105061584314 0.148404715905176 -0.0344651690462149
0.1269638824746 -0.00431416423414149 0.166703898444648 -0.0245312527162382
0.0325704965952297 -0.11599304194942 0.236126096331161 -0.110788283350245
-0.0391964803519275 -0.0841490276645665 0.208458436501576 -0.205069578030764
-0.0652301108232761 -0.0458629381423486 0.162464083642109 -0.222168320523315
-0.0842020717294932 -0.0414126986941122 0.116428235824426 -0.183984784689331
-0.072993564496144 -0.0516156628592592 0.073582534400321 -0.129520979766284
-0.0343095294640917 -0.102594156231599 0.0382840462610951 -0.12260159159836
0.0543338984786108 -0.124367802116908 0.0715715132539931 -0.132426291614755
0.151881402234883 -0.00743067464584093 0.100461281893017 -0.103026787845652
-0.0116034553859812 0.114021883406258 0.0349430551903623 -0.153088808269277
-0.0707412365375893 -0.0813466170273006 0.0355471162247137 -0.37546774498791
0.0994957059012818 -0.196180422898551 0.13701423315738 -0.399058755380827
-0.0761748006580822 0.268922229861818 -0.102484464164905 0.357509836317127
0.0974079331415768 0.170100223939847 0.00788414089584633 0.428184776857215
0.0641869461838298 -0.00449544838283577 0.0400300594721075 0.137340703751102
-0.0490339536511871 0.0172839594653316 -0.106831107382735 0.0812687542573988
0.0176129802414746 0.0959207940436978 -0.0738316359336827 0.186464374098568
0.082164370094735 0.0493520176777971 0.0122959684693118 0.157623932061551
0.104727421390147 -0.000307332473496677 -0.0102786432401204 0.118534702785661
0.125535072957086 -0.036205687590495 -0.0796661831081319 0.161625448857564
0.126721009942972 -0.0375868909444956 -0.109102200840055 0.223854862335997
0.110716531654195 -0.000946777276884093 -0.162900883493454 0.224023785130529
0.0705554158522182 0.0402032796778502 -0.217823915344356 0.156688804129102
-0.014750658527388 0.00851284621272423 -0.204586647814458 0.0455538198449583
0.0985342724408252 -0.0885954018812645 -0.126982873441642 0.0231006130507901
0.219370783400366 0.0879264424371531 -0.0945741327673968 0.00636868764756691
0.100353923572731 0.296325251358859 0.101721068999563 0.107100791015057
-0.0575156312161276 0.32404567872803 -0.0787986227475886 0.265005542199312
0.115098019383816 0.25733746934998 0.0235978099473987 0.455186361961582
0.134165692646695 0.089473799143937 0.136329204160941 0.138778962036944
0.0580002990061566 0.0197949218407929 -0.080655630112946 0.0474228350633396
0.0869245487544715 0.0443068854795676 -0.0654913904107525 0.191003037506299
0.119341234663778 -0.00785281955288849 0.0433231745638261 0.169626328807562
0.125664569313758 -0.0596539973155824 0.0391418919128534 0.112677934289557
0.144267285407115 -0.102997564525645 -0.0356017893310914 0.130337050840579
0.153312587038129 -0.108720471272802 -0.0681660145255508 0.184161122290127
0.16232822634763 -0.0901622262262964 -0.120583978698038 0.195100472546173
0.171329034202531 -0.0367956703675875 -0.185446034266071 0.154436376988772
0.12400021513381 0.00533051915313438 -0.215841452954191 0.0391052417997134
0.192849280244513 -0.00480012054294346 -0.14817918765911 -0.0172613657638688
0.269237061783184 0.171213850605272 -0.0950107974660528 -0.0297849494312371
0.156412455901298 0.350970779632968 0.0731859571884377 0.0362967119192575
0.000875233879198832 0.335944431711374 -0.0599224298943625 0.142075426379309
0.155678222419617 0.281497726830908 0.0369677860424514 0.447383282109071
0.204794906087563 0.148439082133287 0.238393510846973 0.136212118593411
0.176344080125814 0.00922166186828371 -0.0170658134735674 0.00783075972901616
0.163916271369784 -0.0337227611732772 -0.0275188693131307 0.163131037124565
0.144213723896869 -0.0853561538107675 0.0804184749547028 0.150148034243009
0.128386480004981 -0.119907009678098 0.0905975535718777 0.083792956750999
0.14370346789805 -0.153978863189738 0.0128709061940567 0.0776797257193569
0.159768915740815 -0.154013362497924 -0.0223557657212795 0.122095187819698
0.188472295547566 -0.15140813042819 -0.0710367580545543 0.139655030760292
0.239331294573842 -0.0993882193872221 -0.136857083004448 0.123354583958785
0.239509403155806 -0.0034816326679125 -0.202912058058622 0.0209684168676247
0.268954302793384 0.082366689680421 -0.164972897294324 -0.0650308924408992
0.277303267810453 0.248865715955776 -0.104326832514485 -0.101179231334342
0.168586182342861 0.364540385327736 0.0507166850785852 -0.0647335698969695
0.0796316395572815 0.29879882151552 -0.0672290916934998 0.0122210825929123
0.196041319590503 0.240207560177015 0.0449588450950833 0.402750174907464
0.24887371523464 0.153733554654978 0.308594466718721 0.105013065950351
0.265273580736706 -0.0154387526030493 0.0533544668971081 -0.0353789864538312
0.218809268537529 -0.118845011150296 0.033358816557501 0.104527550972508
0.148588354487363 -0.163193015980505 0.123214795008101 0.0915426095673284
0.111319982269473 -0.167687980025634 0.136510928298828 0.0277729252579319
0.123532316941913 -0.181361451782432 0.0606611376235347 0.0113238402888842
0.142351159680218 -0.169995611245711 0.0238754484487512 0.0510548828270371
0.182426764248439 -0.177803402528049 -0.0217425980622321 0.0718366529361631
0.257143572321209 -0.132069514929681 -0.079809620921844 0.0691929555021776
0.301095345940169 -0.00721204474965461 -0.163746461001844 -0.0153530515822801
0.29667322453217 0.154879527343714 -0.157711133184045 -0.119085933534918
0.238905303600223 0.291671998924618 -0.105551399582968 -0.189385695559472
0.14707441533758 0.325043686491523 0.0428763470769289 -0.179628767779062
0.139236103787965 0.212123937072664 -0.107928904812102 -0.0990800975520624
0.190437895242827 0.156949056935004 0.0480680243696486 0.32872780265314
0.233817069100006 0.135435862690507 0.3226982084205 0.0439645557148971
0.297730142196545 -0.0324010557245723 0.100840369754071 -0.0690620858270772
0.229999158564411 -0.179098926968334 0.101382657566786 0.0308429258347598
0.125878656895712 -0.212104147640936 0.164716803553683 0.00328285985030087
0.076752439811714 -0.187251717487784 0.168085047086347 -0.0490563492337476
0.0830480332030381 -0.182024737646589 0.0979235464594925 -0.0575796404917562
0.1027146222559 -0.159449767979163 0.0622045692114021 -0.0153980356616949
0.142772375527322 -0.171131709340009 0.0190727677002307 0.00688486384229967
0.224345217463093 -0.13856880145998 -0.0238666453165223 0.0078900000454946
0.301010313162866 -0.00592218266623469 -0.101091953649061 -0.0580760167511464
0.260051172960285 0.20020685065859 -0.118615403900962 -0.165007934614499
0.153953488856696 0.278777828529459 -0.0838737043844555 -0.269791097835617
0.108964069303293 0.233649072534967 0.0539020414999707 -0.285041026956644
0.146477491978684 0.0910964397422994 -0.161931637461511 -0.172711054734471
0.113034093956696 0.0757177108616466 0.0499804385247193 0.238744546821678
0.164063818248338 0.130792779057348 0.278428785700724 -0.0182553444415535
0.277591372521502 -0.0288155747558391 0.122926608973242 -0.075811361611464
0.195031182568762 -0.19505258521291 0.161329614040635 -0.0358690286281994
0.0790376387619569 -0.211811884030528 0.194203761176893 -0.0913102296380586
0.030648495039462 -0.171297965736037 0.1805607488791 -0.129021252416627
0.0285570728204955 -0.154027784998226 0.119109934190345 -0.11963379036825
0.04501560900251 -0.131142816648772 0.0859235138946009 -0.0684115733039106
0.0826970552458271 -0.148584246610207 0.0437325638273125 -0.0441848781123945
0.163274047232158 -0.135225100305381 0.0197839751266228 -0.0457804237606088
0.259217765209153 -0.00709588166742693 -0.02673116996191 -0.091439172664632
0.179218973481677 0.207663164322759 -0.0562817537891694 -0.185966175650585
0.052166195021956 0.205090856950903 -0.0419611608681839 -0.324544438861251
0.0790740557064446 0.099388875189901 0.0776922384853645 -0.361080759773656
0.0997032363420306 -0.0414130344534755 -0.203887034269301 -0.203667333191751
-0.00394076824502504 0.0197755260798381 0.0438421005728393 0.144159362769666
0.0750652307694393 0.135606997213194 0.205098933499534 -0.049633795083222
0.218100332676652 -0.0164649260459855 0.138218082497938 -0.0560923118881645
0.120558360862137 -0.169097900193386 0.205108676443458 -0.0873172378247664
0.0185899062849918 -0.161672726993745 0.204655822486766 -0.167623316116796
-0.0191818866479442 -0.118565433025298 0.173127053245172 -0.193606735504407
-0.0308469167462106 -0.102433373246329 0.122132161284693 -0.164494542149074
-0.0174191069109512 -0.091121094555773 0.086946294451095 -0.107161407271829
0.0174190547874778 -0.123029434993678 0.0468898100206134 -0.0840410308841834
0.0989539718641699 -0.132429049034685 0.0476693209841417 -0.0914414204601816
0.206823392414942 -0.0137101131803076 0.0427644152169197 -0.106604146653595
0.0854058761682465 0.178566423449816 0.00258467855582323 -0.176122960441989
-0.0315455233120743 0.0800162772960278 0.000433193828135819 -0.350285360297736
0.0715203101554784 -0.0532820501108938 0.102618865214635 -0.397003593294021
0.0236158559364032 -0.160180713594597 -0.218613013670475 -0.195029684700111
-0.113828813403352 -0.0221000228446731 0.0342029693984919 0.0719314828971463
-0.00788184761056516 0.12004363372301 0.141296021813093 -0.0404564571338213
0.123746093617332 -0.0126683631954786 0.162015021232836 -0.0289135497420628
0.0239232548277017 -0.114837370277586 0.226485279267349 -0.119661309292185
-0.0440162581716991 -0.0789639525319363 0.193105417079454 -0.209704719497109
-0.0650694626991624 -0.0407339810615162 0.148450138216269 -0.226189355318735
-0.0842626723354055 -0.033688748611782 0.105080475758773 -0.186220443119987
-0.0741413562134282 -0.0454408129526498 0.0663357730213537 -0.130780926063876
-0.0406672649946763 -0.097368407071269 0.0315388439356284 -0.12031176773195
0.0450334517822688 -0.124067905204976 0.0626304363628586 -0.134012109367186
0.147851674134534 -0.0170215353306494 0.0948773337608057 -0.107261438951119
-0.00318740282378467 0.113531054457653 0.0286109964121177 -0.150758563253692
-0.0744191512766506 -0.0732004617859817 0.0182333350550628 -0.36534900508315
0.0847986529078738 -0.195149155876646 0.115933989365182 -0.397764271369612
-0.0371920045037175 0.27592026913782 -0.0558484731590068 0.331077578002653
0.114213163724214 0.151150684679718 0.0548460211674589 0.400760884367689
0.0595366836991845 -0.012132902832555 0.0500254726616204 0.125160010085398
-0.0452828458764348 0.0236611849880215 -0.0910811222089671 0.0941753798887493
0.0277229009838496 0.0890423562717919 -0.0430365814962783 0.184770709457373
0.0838365614055874 0.0374102477035143 0.0312425511730584 0.143537850611352
0.0996114624323852 -0.0118881850516219 0.00214458769048897 0.112652895406757
0.114037978956912 -0.0514547029236039 -0.0551197804826994 0.162252580151059
0.115947210387786 -0.0539448863819326 -0.0747390508821891 0.223691155782254
0.106357617083484 -0.0167936521150127 -0.124780090233323 0.230382413113103
0.073912744965678 0.0277085370231913 -0.186997296733124 0.173158036158308
-0.00998330900403325 0.0125690023570812 -0.191515342141455 0.0682908631369516
0.080127626264764 -0.0949094438030272 -0.117276130330624 0.0314405263781577
0.214690968039837 0.0546810882233464 -0.0780994150891205 0.0165291062911962
0.133531063271338 0.259189406097244 0.110387650247277 0.0995830508361233
-0.0125447056445353 0.326650197744032 -0.0465471449245883 0.236264566059146
0.140193812381476 0.232475882181441 0.0717486016927646 0.424226156649566
0.137839595901951 0.0684473730470759 0.139586342979703 0.109754275788214
0.055745862194202 0.0140802245985937 -0.0742190260057775 0.0573703027799326
0.0872991251376182 0.0321579594989965 -0.0374475410621822 0.188024599549045
0.112567578022928 -0.0206012249978847 0.0597254090519955 0.152300214129679
0.112490231766394 -0.0706874746976912 0.04830146286971 0.0990099755513184
0.123712143788608 -0.117061158769899 -0.0177953951405075 0.12638929342792
0.132320692806021 -0.125062619073906 -0.0418631414931662 0.17896751677527
0.143193536840711 -0.106541032624287 -0.0881530570239397 0.19466059469536
0.1589241772611 -0.057876240140166 -0.157266788350623 0.163529054545037
0.12008400337541 -0.00730062626942551 -0.199783222835065 0.0601992377162909
0.179457441956738 -0.0284028376833172 -0.138106186661447 -0.00465750313480413
0.269007126947277 0.126578594592354 -0.0781863742472892 -0.01573404033281
0.189579174865504 0.303423672100211 0.0762673521591557 0.0373633804348178
0.0449473613999119 0.329635435346472 -0.0483216165464834 0.116335870056078
0.179140047930192 0.252774709216551 0.083918536011484 0.413624346335138
0.213109652117158 0.116377552739136 0.233869836081637 0.0908214893931259
0.167255004820845 -0.00829009669884333 -0.022987572774339 0.00915502769448307
0.150581229079499 -0.0504627829737272 -0.00952447891259279 0.156611357011891
0.128266341740039 -0.0968387569640584 0.0897694925373276 0.130108229153343
0.108462704941228 -0.127647611058249 0.0930187654291794 0.0644153698161524
0.117016260335837 -0.164803208756423 0.0220778158170333 0.0693035198063042
0.133149917076909 -0.167997488884693 -0.00632375870747417 0.112540404893573
0.160159897539123 -0.166609146916137 -0.0495119396946281 0.133795480938519
0.213279091334748 -0.124491585999158 -0.115340413486735 0.124849182707207
0.226589341231198 -0.0298438163383288 -0.189122218234156 0.0365976036868914
0.263542220315334 0.0439136018040391 -0.15600575117021 -0.0482644554382094
0.286356873373539 0.198705999733283 -0.0944221372935331 -0.0797929912339374
0.201432440871734 0.31661303903184 0.0432505505846997 -0.0576670002250433
0.115007714392656 0.282683760911824 -0.077089610584796 -0.0020903992703884
0.213412922083923 0.208326635280123 0.084213496883516 0.371102076894373
0.256766598047598 0.116061767870375 0.294676365898994 0.0515636573539436
0.249101690249688 -0.0422862516596328 0.0356839014852547 -0.042000647447
0.1926314657611 -0.137089435353966 0.0365602714014504 0.0944965476055872
0.122245733424671 -0.170976720484703 0.121762628693107 0.0713383461922646
0.0869448757697695 -0.170658302302858 0.129901477895145 0.00416034573127822
0.0939130789253058 -0.188299478139383 0.0587020191411584 0.000655232153580449
0.115092310283648 -0.180361195466833 0.0288619341545684 0.0395902822490902
0.149330648690968 -0.189252673093489 -0.0115714161773465 0.0621262934499909
0.224474497460291 -0.156976811346603 -0.0686100576403598 0.0653131088507007
0.282974621371327 -0.0406810724844573 -0.154540540485687 -0.00414433513429798
0.298500681591703 0.108724524065492 -0.153270164545231 -0.0993409789863173
0.25512237613248 0.243674146070097 -0.107015375864907 -0.160319538036403
0.173849583163757 0.284743148673825 0.0229048006354799 -0.167731726005906
0.160940813603952 0.190189707693217 -0.131235582960268 -0.0950597336823876
0.198235667741838 0.130347485999435 0.0800484053125104 0.303605306224214
0.240849237712483 0.100715668048666 0.301462737385249 -0.00774684039306591
0.278568700238058 -0.0625617982230314 0.0763583491449306 -0.0804069009768262
0.19688876171492 -0.195089477071518 0.0908206533130925 0.0173794204574937
0.0943968955777142 -0.215481046364612 0.149009057135862 -0.0160400686687442
0.0522135403948181 -0.186626937659674 0.150961685545162 -0.0725312513008081
0.056012362650602 -0.182773822331362 0.0848027771631466 -0.0697786311248416
0.0781800785426357 -0.164853341449392 0.0575152975765337 -0.0276316092134503
0.112220968398762 -0.177683110423256 0.0191267264759142 -0.00284223640609345
0.191904425671554 -0.157726018206986 -0.022909457735015 0.00110120094660833
0.281317907190645 -0.0397818463950663 -0.0990998135603827 -0.0534691773562259
0.270200791821295 0.156505115979549 -0.120905745740107 -0.14618612590752
0.173053365324393 0.243631796207734 -0.0988540231486148 -0.237920078255317
0.124745828200268 0.204659258366318 0.020363506957522 -0.273577315216439
0.151145108279337 0.0700936024340612 -0.18930870135257 -0.148936429234708
0.115649151703598 0.0619403167370887 0.0723386969967223 0.218106945217688
0.174670094732863 0.10442020078434 0.254720664955337 -0.0601395424868839
0.260522868703266 -0.0579348783519194 0.0974772650994543 -0.0902344638881139
0.161600590721039 -0.206550773876015 0.139539518483312 -0.052957193223706
0.0497641539773605 -0.209739166326484 0.166208761867815 -0.107973000539654
0.010070239333561 -0.166336745139714 0.15404227463555 -0.150558908255598
0.00878765361129448 -0.148712696026094 0.097611899572738 -0.131057600059337
0.0271784206786409 -0.128742820204637 0.0725267919642369 -0.0791126358007795
0.0580981924385227 -0.147417916383942 0.0353401610377112 -0.0524457529286373
0.13315043369338 -0.146397493159554 0.0120009921790248 -0.0524735371791703
0.240258287532618 -0.0371001408292115 -0.0320236884659149 -0.0933016523840154
0.195319879827572 0.174104674058472 -0.0648948490217652 -0.171253997733679
0.0685483324307763 0.188585795291181 -0.0711819629291393 -0.294873791508824
0.0784718527332739 0.0844149416378677 0.0339133035244805 -0.354051702437242
0.0876363606894396 -0.0525548030494122 -0.225552036334106 -0.163883469617463
-0.0022092491572752 0.0216287310195516 0.059885121170505 0.129748099877339
0.0898361070219031 0.119901394213799 0.184246434930226 -0.0792234451571788
0.20447758418564 -0.0405146888910298 0.11854835471212 -0.0728623586242886
0.0942516540871872 -0.173354897508766 0.178256075852939 -0.106876401258661
-0.00187041547267348 -0.15512724339469 0.169974988239919 -0.181831237261659
-0.030840824460401 -0.110666509324404 0.141083906445789 -0.20861801606317
-0.0410052391950656 -0.0918754451527101 0.0947964071463722 -0.173060769616177
-0.0270723258669976 -0.0826906069295374 0.0699529772403415 -0.11425005656962
-0.000407574374684442 -0.115906756620314 0.0326774097002235 -0.087329792478665
0.0738586977565529 -0.135393647081197 0.0324323580485269 -0.0976517633303948
0.190043288857248 -0.0374928126197363 0.0317564419642925 -0.114506845025648
0.104006108023299 0.158298177500048 -0.0101098783531477 -0.166473735160968
-0.0248128539169552 0.0825448031792662 -0.0404678853908549 -0.325618756218122
0.0516439552242664 -0.0571131323223056 0.0549440461718863 -0.396318544944056
-0.00144528916740958 -0.159018105394262 -0.22919966328558 -0.14468121395108
-0.110342668722899 -0.00601682791836135 0.0459419983958658 0.0631914536082541
0.00861400762878373 0.114885154389946 0.129666887978614 -0.06128354979695
0.11560308374411 -0.0272798616237702 0.147272339137658 -0.0496133312999306
0.00814646409529235 -0.10987956061795 0.198251512235918 -0.140100076166953
-0.0519742173529656 -0.0696506336662528 0.158601148973157 -0.218790744539604
-0.0657915730190232 -0.0324850276204832 0.115740071020056 -0.235472361756172
-0.0834934247871552 -0.0202910037090804 0.0773668078011357 -0.190568064323945
-0.0756422603288971 -0.032177739589963 0.0465884387561482 -0.131948209250217
-0.0504920582802744 -0.0842453238225115 0.012793459910496 -0.117422655953583
0.0247218934414744 -0.120989222792845 0.0412840918766092 -0.137475561316582
0.133636607337446 -0.0352390769283496 0.0808275897752422 -0.120210226804794
0.0127745659792773 0.108097170201232 0.0142246249524889 -0.144381333584041
-0.0827350682344585 -0.0550203791313426 -0.0319484203943812 -0.347577211723081
0.0465149026211479 -0.192468377190889 0.0666356885954403 -0.40309248833501
-0.03549533477286 0.26233472010309 -0.0600316576194994 0.320403615940028
0.109641702441923 0.143023108829952 0.04777813017887 0.386224239073449
0.0552973954282056 -0.0114849899829671 0.0453708057231881 0.120496474454619
-0.0439521277109297 0.0237600151687669 -0.0903730802173396 0.0914567492297899
0.0273187082571636 0.0846757421266464 -0.0404067212389739 0.177339820897816
0.0802368129415407 0.0352992311510496 0.0302910757493174 0.136099353105475
0.0959954439450759 -0.0123391370031158 -0.000250188994978715 0.107616978055387
0.109078941973228 -0.0509468157348577 -0.053897624309387 0.15600383742653
0.110419398409825 -0.0540207927298288 -0.0732805511256468 0.213379382329173
0.10293666260781 -0.0173418746313293 -0.12084307800421 0.21946554771753
0.0713031962926259 0.0258742666303399 -0.180014138818019 0.165842808606789
-0.00775547077368725 0.0132052554430493 -0.182415074083579 0.0641037592523601
0.0755406060842151 -0.0902969371976906 -0.11125507006525 0.0282249955434138
0.205579659450206 0.0506780135100955 -0.0744222093377593 0.0159547570250364
0.12608528198249 0.247252801535319 0.102826784492553 0.0972923319810985
-0.0137104698790472 0.313515886114414 -0.0503275766327789 0.22953922160985
0.133161134357674 0.22155956922289 0.0642156481492048 0.406476745871692
0.130244146838811 0.0660593597132458 0.130781379680619 0.104893977650265
0.0527331550585324 0.0153931299539205 -0.0739017064746915 0.0569357585159184
0.0834694747033736 0.0308533553610732 -0.0347921457952263 0.180802953186239
0.107894482462477 -0.0197191489201982 0.057211119475686 0.144586226805917
0.108865764176909 -0.067800324927315 0.0440386647700512 0.094709048947226
0.118851615130496 -0.113931979937922 -0.0177289044329908 0.121075965595191
0.127393890576245 -0.121424625176238 -0.0399537367737799 0.1704985272164
0.138651008179907 -0.10359597462657 -0.0855143569125463 0.184850564344254
0.151978844788228 -0.0561680728063072 -0.150152638821033 0.155661885937212
0.116231173548587 -0.00612986965298042 -0.192212179869403 0.056329925933125
0.171387621720737 -0.0257124118066426 -0.13132993026719 -0.00570762017636148
0.257473935139614 0.12134160145275 -0.0755052755601154 -0.0153470993093392
0.178422889852935 0.292226752497852 0.0711239248968808 0.0369326702401751
0.0406599613875339 0.316825130511995 -0.0511693377779335 0.114992700189761
0.1695588043625 0.241901774913055 0.0746315950919154 0.399969339870911
0.202837848450548 0.111865169391589 0.221346029452723 0.0870219078415708
0.159519400603372 -0.00694927930680226 -0.0237150819342169 0.0119494428023595
0.144217906284525 -0.0477841939130179 -0.00763021617716618 0.150689055251054
0.12286127066685 -0.0922668766605409 0.0863207527766768 0.124312803519304
0.105292084642769 -0.122481776987788 0.0878549592789002 0.0609178387040001
0.112535402635951 -0.159984313847911 0.021172202564371 0.0659631193518425
0.128517717386716 -0.163146723237776 -0.00617165668479612 0.107127134493772
0.153968296976026 -0.160694535671409 -0.0476641518790002 0.126694707392338
0.203928580582897 -0.119364182339102 -0.110357954309442 0.117112449479196
0.218344511094455 -0.0273540452518659 -0.181067379491819 0.0333343620771809
0.251764355258996 0.0438098067673993 -0.148183159604311 -0.0466020453514157
0.272034833519188 0.191327308847155 -0.0902349389166976 -0.0763614198582685
0.189018698413908 0.305602786405867 0.0407200996821408 -0.0537922104718472
0.107176891849227 0.272807939816834 -0.0763979626152306 0.00122304550924887
0.201578524124212 0.200743858709957 0.0767343120472351 0.360062153408713
0.245627060827977 0.11322688206217 0.279941243059925 0.0497815241191562
0.238668836689366 -0.0398839621193282 0.0337971848761248 -0.0360608068679676
0.184857284564 -0.130712061660109 0.0364128475563024 0.0906376561540794
0.117745394757015 -0.163654771159603 0.116518268619056 0.0681043505575916
0.0840406774150507 -0.16453013319038 0.123628681371428 0.00324428975408421
0.0904423180771401 -0.181367373886094 0.0557970472312594 -0.000997028826428831
0.111100930056711 -0.17467478704054 0.027961862429533 0.0362866331571344
0.143786812821585 -0.181163441611543 -0.0113046677007564 0.0583893229052279
0.213811441731781 -0.150631761419389 -0.0647510961784026 0.0605487742916613
0.27077587515744 -0.0383694496570993 -0.148041946431715 -0.00616003472026951
0.285324235997774 0.107029357789349 -0.145489179583493 -0.0961598522897874
0.241302369586751 0.236085214310865 -0.101335708332854 -0.154019961680171
0.161854039885803 0.27655635131931 0.0226279381091336 -0.161246362440654
0.150956894116597 0.184212352178138 -0.126598209130663 -0.0893302074511487
0.187889793085455 0.12717462029128 0.0740080116074504 0.292289299956305
0.231897496530243 0.0974741995931938 0.286006132857351 -0.006895539406631
0.267871791163277 -0.0600420927441978 0.0736389988401673 -0.073115387358843
0.188140650048089 -0.185828280706965 0.0879948714138681 0.0167504890880818
0.0908237208479756 -0.205768033044697 0.143621958139956 -0.0143820319567073
0.0508720843191163 -0.179144807314949 0.14511098451651 -0.0707285416493129
0.0545778641533535 -0.175939660682458 0.0818378589709019 -0.0690053708251183
0.0762258008739836 -0.158115328784434 0.0555508950469079 -0.0286299230974974
0.108412440213388 -0.169225530264446 0.0189369407363775 -0.00404219171650953
0.18280813413925 -0.150608310898293 -0.020528496030625 -0.000686027186551791
0.268078528963717 -0.0380389394467355 -0.0944389529803995 -0.0536209712450917
0.257911678961747 0.151354722387832 -0.113571920081709 -0.140155193690821
0.163940181626568 0.236736522235525 -0.0929690775259819 -0.227384956044916
0.115096092611039 0.200411445075346 0.0223405343073735 -0.263599465875482
0.142572398244122 0.0688757420754996 -0.180084139880298 -0.142401031260165
0.109148591528478 0.0616341580574087 0.0681554717501437 0.209732176107533
0.168471296345001 0.101374890928931 0.241707838020197 -0.0571184472787383
0.250055509863061 -0.0556120664922809 0.0951546735902023 -0.0823313861986629
0.153875817174363 -0.19714301659332 0.135666843126438 -0.0511006353746002
0.0480846346741662 -0.20008098297932 0.160693431359279 -0.10328619947561
0.00997484057656169 -0.15966867523419 0.148922921757646 -0.145563977606018
0.00843581039422144 -0.142069463718 0.0948122080234587 -0.127151136527112
0.0277868267930154 -0.12307468439957 0.070939552868328 -0.0774775093257499
0.0557492259442764 -0.140500927972912 0.035587585881628 -0.0507801092213459
0.125792768753609 -0.139021144618281 0.0128445073422363 -0.0526399954107006
0.22937637052694 -0.0353196569810172 -0.029653812814397 -0.0912844422231086
0.186610180855742 0.168236856280852 -0.0597251746872708 -0.163782373472505
0.0643601501629743 0.183003637312237 -0.0652114780698385 -0.281272508492563
0.0718478341911944 0.0850952654061556 0.0368713926045928 -0.340746478995106
0.0821124722423848 -0.0489653012869262 -0.21375206505695 -0.15767567537404
-0.00278287277655701 0.022646926386999 0.0575329698841448 0.123545255399336
0.0882531746330906 0.116141014275554 0.174549502393792 -0.0755690278310659
0.196060463897925 -0.0400031796605013 0.114881064917167 -0.0661720564165816
0.0888922859223872 -0.164630078170913 0.172866262001015 -0.10174321098399
-0.00186409089610834 -0.14740690952896 0.164746746856221 -0.173108472840482
-0.0300482874526533 -0.106315794076722 0.136674834444688 -0.201330173201645
-0.0390637140650761 -0.0871641177969463 0.092143292399227 -0.167741450135755
-0.0251829148848651 -0.0775149890782039 0.0679649507915728 -0.109428065686296
-0.000700479902201636 -0.110257503834618 0.0321935961043579 -0.083244998545405
0.0690339274843895 -0.128383617750942 0.031552725647105 -0.094601092038008
0.180521559384219 -0.035962308539072 0.0324585508380342 -0.112207245031922
0.100396479177148 0.152701090958956 -0.00659985308027297 -0.159665852681082
-0.0241246105625629 0.0805448813140459 -0.0337311521622499 -0.311163166454229
0.0474367487528113 -0.0517131909046676 0.0568049271542208 -0.381194794161004
-0.00287634656879554 -0.151580664164113 -0.217052633764164 -0.141043824844264
-0.106473654058331 -0.00454732963415037 0.043768041213173 0.0584913097570158
0.0105123504755495 0.110891406147163 0.122347385400384 -0.0581979725169237
0.110531036950018 -0.0271295639819208 0.143834503241396 -0.0438656887638801
0.00668986451730353 -0.104512432611938 0.191535544074126 -0.133304159941177
-0.0495515390214334 -0.0655980004265493 0.153245659173418 -0.209612967705563
-0.0639150120798517 -0.0311206423691734 0.113174195553331 -0.226628908212482
-0.0794888092989348 -0.0174819486814624 0.0756045733821719 -0.183585068967064
-0.0716931866193513 -0.0296276525192451 0.0466113045704408 -0.126655738948825
-0.0493003541878113 -0.0802986771658341 0.0131115271534026 -0.111168716775352
0.0234813779693426 -0.115718024176481 0.0391816586201057 -0.132408322132043
0.127283401556188 -0.0345172703591979 0.0793039209061316 -0.117100256113082
0.0134150804578118 0.104191816593913 0.0179921357289032 -0.1379085007716
-0.0788564154176921 -0.0505582974566538 -0.0249385868019329 -0.331209358665396
0.045027215774591 -0.182002263007284 0.0696677503940332 -0.385675746013085
-0.04103400728548 0.257242932203417 -0.0709438590821501 0.31638142658989
0.104536875995051 0.14125730038115 0.0332964752555385 0.382400712775638
0.052485037545852 -0.00978440405326035 0.039471666030013 0.119179811462413
-0.0442895638647392 0.0231260745477047 -0.0939180651756984 0.0896424023467282
0.0261036654765772 0.0836352482997339 -0.0429641514527486 0.173638518314837
0.0782481948459273 0.0371187363719871 0.0266629445897071 0.133062120642402
0.0954846530964743 -0.0105148717619812 -0.00485957095390018 0.106416892831193
0.107862159526437 -0.0494946683978164 -0.0580207098934594 0.153662317314921
0.110319369556782 -0.0522188115060828 -0.0771688553064382 0.207150310151824
0.10269916674845 -0.0157036931495183 -0.125301027162575 0.21235070402656
0.0702364358182541 0.0268738890412844 -0.180680572594843 0.158098428904495
-0.00680808435770288 0.0134509497879822 -0.181403940443725 0.057899806845072
0.0752057327812048 -0.0869229044220587 -0.108442629739226 0.0235943985792753
0.200272309168493 0.0541052627251973 -0.0737126899274072 0.01393761059102
0.116295758733761 0.246266067789496 0.0963658619987861 0.100107595789415
-0.0220460928988906 0.308405367108787 -0.0599623826944277 0.228560784949578
0.124365345773831 0.220201769753165 0.0493531623152409 0.405477819641216
0.124977908936182 0.0677065297791364 0.123111246639733 0.105940964653551
0.0506414429574949 0.0173995449296408 -0.0766126489243711 0.056936311411724
0.0820853712632622 0.032817327155174 -0.0376253163909282 0.176988463622251
0.106773012470605 -0.0167378968110477 0.0531686671381039 0.142319793533866
0.109778310115993 -0.0648458803488908 0.0397580253473395 0.0939445606303057
0.119145558966728 -0.11123061170289 -0.021598216861435 0.119233828461669
0.128046084773218 -0.118850638131681 -0.0437065739779903 0.166084928692941
0.139945260954184 -0.0999488630210467 -0.0886971696262595 0.178913069798869
0.150939714423348 -0.0521375177768308 -0.150654836689824 0.148205674094089
0.115623149118451 -0.00288024329755904 -0.190473736272868 0.0497335817897036
0.168416163870225 -0.0202205542018106 -0.127698577636834 -0.0101879700189823
0.249097436846411 0.125601722801011 -0.0740711261337034 -0.016727844086711
0.166264072155758 0.292749938042485 0.0677108130771503 0.0404536998875312
0.0295126155460169 0.314258894571227 -0.0559109285072656 0.115517365221532
0.158918608709369 0.242430713536697 0.0618796254225238 0.39698507275993
0.19534971389031 0.115352724933999 0.212808868523132 0.0909777245211233
0.156203483852037 -0.00152489416829195 -0.0254434521709457 0.0145460058655619
0.143238240010241 -0.042923410244668 -0.0107037855691384 0.148212297870434
0.123057829169447 -0.0874208069641408 0.0825495999146613 0.123846871035828
0.107213171114439 -0.118770293989367 0.0846762087358396 0.0613331794612091
0.114161808355938 -0.156038858105938 0.018339922717742 0.0649372135766808
0.131318501897894 -0.159576214761282 -0.00785811501548271 0.103744605593149
0.156270256743216 -0.155351260035147 -0.0499212361612399 0.121384786804724
0.202394175893259 -0.113078610382544 -0.110414109399338 0.111054537767672
0.215595544728178 -0.0208750106137162 -0.178709528726957 0.0270153102453879
0.245778844084428 0.0506916589065918 -0.14335893585264 -0.0503482344704185
0.262311356703622 0.194918509025173 -0.0867935889240549 -0.0772937271115176
0.175004550384364 0.308325013928924 0.0416064210756155 -0.0510360778977957
0.0963413559459461 0.273405092346719 -0.0767088771511497 0.0022477230819245
0.191431099534096 0.204236553609805 0.063994652280862 0.35801096039771
0.238488391284489 0.118368052526553 0.271217439851623 0.0558474247374999
0.235747656449004 -0.0324646689448816 0.0336503309970445 -0.0310546368880832
0.18505856445676 -0.123183416473665 0.0346241871911932 0.0897283204883707
0.119929612935112 -0.157241210745995 0.114418012929031 0.0700972775595884
0.0875047004666325 -0.160181816555251 0.122301404484541 0.00539785489750002
0.0930824378617841 -0.178511030872115 0.05505225063031 -0.000846829830703602
0.114286008465307 -0.170340250800102 0.0272583428383277 0.0345417306495193
0.146681709619904 -0.175844519994274 -0.011803559367307 0.0549698052722697
0.212740739447254 -0.142884775216446 -0.0639896357885973 0.0551231305968544
0.267426801063233 -0.031120152322341 -0.145514199744029 -0.0121156386618094
0.277203037258693 0.114090253847795 -0.139420825035386 -0.0980526178170262
0.230385310004429 0.239897312428477 -0.0946007462543667 -0.1533755165871
0.149126816334951 0.279765450505698 0.0274693158136078 -0.158478631048927
0.141876788053744 0.187639069537038 -0.121983968329456 -0.089627236881644
0.179599159191525 0.131786012471663 0.0624843897398649 0.292074557326564
0.226134553775438 0.103392875508854 0.278957134653081 0.000105800340362747
0.265940440927916 -0.0516558741133576 0.0750339135535936 -0.066007108235043
0.190530067013665 -0.17789697593295 0.0877452775477317 0.0173811194135526
0.094539854846772 -0.199163129896933 0.142519176431304 -0.0104789977679654
0.0547335975553348 -0.17599813387753 0.144895929534243 -0.0673701632066687
0.0577853071418506 -0.172330897075388 0.0822497796973578 -0.0676698750124788
0.0797406982202664 -0.154646930175437 0.0564949883915021 -0.0287502578649801
0.110730747104214 -0.163568515634707 0.0195870808174702 -0.00453002310925923
0.181912936935224 -0.143094548496108 -0.019007219178663 -0.0035067524560311
0.264117249717294 -0.0312207732289936 -0.0909004532812348 -0.0571461570609416
0.250336428906344 0.157773971258005 -0.106653910370174 -0.14148502266969
0.154222467932754 0.237952107036599 -0.0838063224129885 -0.225695554653121
0.105612722615389 0.204286971223043 0.0308157725255784 -0.259418577900382
0.135948004695537 0.0739075771821633 -0.172640991537927 -0.144034480888913
0.10420385286609 0.0653318674746393 0.0601114049286941 0.209005282381313
0.164547781482628 0.105579671076187 0.236542485595601 -0.0499704677295193
0.248601289340995 -0.0491338655089755 0.097290705207877 -0.0750195003375507
0.155911017128956 -0.189716066222921 0.136708277524503 -0.0474246863219083
0.0520717458130532 -0.194446065918215 0.162329997919114 -0.0965685898984324
0.0143729524945372 -0.156922676417463 0.151486715927827 -0.141487736138539
0.01129686748254 -0.140250374263414 0.0970475261819006 -0.125836446595855
0.0308245557137989 -0.119813826925851 0.0727059631516369 -0.0768384590159071
0.0580630010858871 -0.135559970258498 0.0368458813629147 -0.04973694963065
0.124890513998467 -0.133101384408386 0.0143866826796058 -0.0535206557630138
0.225020355367723 -0.03005150824181 -0.0259334937746075 -0.0926573043088748
0.179562021435933 0.171649897085652 -0.0522272078818678 -0.163004902601327
0.0582008702765111 0.183839337914381 -0.0530286543179811 -0.277350503352153
0.0656258408476838 0.0887197388118816 0.0474574039924149 -0.335385320050407
0.0801518093086148 -0.0444982343742577 -0.204206365621651 -0.160958822359523
-0.00491003885469137 0.0248172294373297 0.0525207027186205 0.1220556991933
0.085493829814215 0.117258527180655 0.171526469323668 -0.0701435013124721
0.194167333901535 -0.0355262290323218 0.117096276872342 -0.0590282994032244
0.0911753493991103 -0.159476789099087 0.173704166925952 -0.0966927360880776
0.00165573472112461 -0.144156888206222 0.167246694706783 -0.165721249552792
-0.0266231789318085 -0.105461219787542 0.140877405711578 -0.196938475591122
-0.0359911477456083 -0.0857042512215394 0.0957323222170561 -0.164924557089428
-0.0220619360731915 -0.0761718104797578 0.070791009232353 -0.108463241034895
0.00225650011919617 -0.107293835845798 0.0347877559753085 -0.0812421276426304
0.069432181017747 -0.124193650143197 0.0340646803003692 -0.0931311447283547
0.17744593085476 -0.031730066708715 0.035621288989078 -0.111500672743613
0.0950668327998215 0.153340133968335 0.00029855067073609 -0.15656657564958
-0.0259028222006731 0.0821185710450274 -0.0219799676257849 -0.305586756567622
0.0461717492164362 -0.0467495198830772 0.0675185294844023 -0.376990206860292
0.000291132271423348 -0.148086775660656 -0.207821909509067 -0.146237825452615
-0.104434113158516 -0.00482824864152577 0.0420037311789909 0.0563520500808831
0.00884085061904407 0.109456177469503 0.120456617962125 -0.0537413821222523
0.109531811830572 -0.02554908335783 0.145306469987158 -0.0370227473399855
0.00799915332683691 -0.101865346276953 0.19326703160281 -0.126591476093084
-0.0477646090417348 -0.064668057883559 0.157959479652982 -0.201812749921846
-0.0620481625108073 -0.0314400362697232 0.118730314635216 -0.221185916635491
-0.0775518460162686 -0.0182715255583205 0.0802286197069152 -0.18104128319541
-0.0697342412506237 -0.0294820466912021 0.0501965392571927 -0.124612545415318
-0.0470009493462854 -0.0792080161049963 0.0174315903282289 -0.108196648713163
0.0247941864399577 -0.11277689742934 0.0416951218366175 -0.129814572694587
0.125131316991259 -0.0316123132638773 0.0824849607822218 -0.115195130718451
0.0124810665116656 0.103823458770763 0.024503820090242 -0.134871385303589
-0.0761580751120642 -0.0497511848085536 -0.0126537716795681 -0.325124663548718
0.047731304619617 -0.176473631351261 0.0817259202624716 -0.379906534711547
-0.0491872835744518 0.259664848294672 -0.0851039239413503 0.324286007205631
0.102468339846421 0.14377545513773 0.0209617518334201 0.391956492464763
0.0521898556795665 -0.00930353520223749 0.0344829020258758 0.121568963412606
-0.0459402877559282 0.0240301932222168 -0.100549571713354 0.0907489466118019
0.0253393280091845 0.0862371224548144 -0.0461099668104645 0.176992618031479
0.0790791766564408 0.0392053915949034 0.0236149907224777 0.13503836499917
0.0986480084794769 -0.00910047234433885 -0.0088982045674305 0.109400837860778
0.111220960108867 -0.0498404443541825 -0.0627849412412975 0.156438829090667
0.113664557978581 -0.0532545123037331 -0.0843717528748053 0.210045955292832
0.106643769504512 -0.0150236359983193 -0.133667566743308 0.212723178569357
0.0719924369115472 0.0289570668115201 -0.188515383177001 0.156069227504954
-0.00599678976450132 0.0142196457497628 -0.186964671062359 0.0531918042293518
0.0770174888200364 -0.086243894591554 -0.110089817511137 0.0199784905606248
0.201845684203893 0.0586194893809983 -0.0755500952612119 0.0133346792356202
0.110388599265959 0.254551514811786 0.0936144691978814 0.106499551748608
-0.0318040596934086 0.313608332562733 -0.0718405644544579 0.23540410237062
0.120283848507768 0.226614920905905 0.0366203847781293 0.417792753120676
0.12307629960469 0.0724462109094306 0.120373174479015 0.110621683952035
0.0505674442543271 0.0204174277023578 -0.0810869028333229 0.0588668168119795
0.0832423215297118 0.035588169458341 -0.0412965536510659 0.180338499939595
0.109120323494076 -0.0142225794077749 0.0507396502460876 0.144764728978081
0.114462927001033 -0.0646790748601064 0.0369126846283023 0.0975199928147337
0.123989266178211 -0.112908495294574 -0.0249531423674011 0.121255527689039
0.133873319608829 -0.120959570183843 -0.0486637672547707 0.167598683942294
0.146637984176005 -0.0997197119544277 -0.0957358323681165 0.178774282465738
0.155031401669751 -0.0497706008184494 -0.157119651330153 0.146953327594559
0.11913821427424 0.000667263127315587 -0.194629051555659 0.0453751835896605
0.170849938226796 -0.0149907594615302 -0.12826854865377 -0.0147848203303815
0.250000828821518 0.133931094347662 -0.0750667231347176 -0.0183520461529771
0.159792315833184 0.304470555358205 0.0665305198809896 0.0444120951133034
0.0204929728953764 0.32284601099459 -0.0633310294022854 0.121302802612131
0.154690857751823 0.251019190351227 0.0494663018379036 0.411218792733064
0.19482874442338 0.123299240590389 0.212030007612283 0.0973172349978831
0.159003843034057 0.00326388154314373 -0.0275293002827642 0.0171736349659853
0.147519488715929 -0.0397248456888691 -0.0133908182435321 0.150751624409247
0.127947576290526 -0.0859374207783247 0.0811690045753955 0.127260554815663
0.113126961069911 -0.12009247817114 0.0842965546746689 0.0642890522105951
0.12016871242847 -0.158124378358541 0.0166206417122301 0.0661708740116024
0.13816104940827 -0.161037543136542 -0.010983511862592 0.103874264584537
0.163998413722892 -0.155955492740628 -0.0536252933788897 0.120684380646845
0.208404918096315 -0.110211517714097 -0.114125528038152 0.108411805530979
0.220973946036593 -0.0159102716562227 -0.182502946509496 0.0216778934515269
0.248552142434034 0.0598409088814568 -0.144227539827135 -0.0558486217338547
0.261997921375595 0.207364551828902 -0.0861017479878415 -0.0816131876296009
0.167726636449404 0.321030112431023 0.0430180121069643 -0.0504002704104292
0.0888957665078263 0.283737167466842 -0.0792241859395786 0.00373093476181167
0.188498475447756 0.214232592121701 0.0535993483189446 0.370376026162441
0.240091461993789 0.127330882049145 0.272707924998074 0.0633128148533046
0.241248750392519 -0.0262239445870066 0.0352727724961968 -0.0277266556522935
0.19249352334024 -0.121121274251984 0.0340631271681349 0.0926780802002859
0.125984624175555 -0.157263412529243 0.115656235659234 0.0742415089922074
0.0941652707077524 -0.1627571963929 0.124524638490401 0.00686774255705751
0.0982186711918359 -0.18035778494952 0.0564513138624554 -0.000826026409333902
0.122457654155312 -0.172679430060599 0.0274558690699376 0.0333603736770615
0.154402369822959 -0.175727895026775 -0.0126772604175105 0.0536734830446519
0.21884389491258 -0.13995864432204 -0.065635984688179 0.0520685700607666
0.273982708090975 -0.0247090526066031 -0.14732514899209 -0.018295646450776
0.281126020344123 0.124296514174753 -0.138148343986841 -0.103760626995644
0.228674323025467 0.252397230693028 -0.0918964466290733 -0.158882294545504
0.142366304321963 0.293286384960053 0.0327748858665294 -0.160267714657702
0.136688757815713 0.197097009329364 -0.122549457708369 -0.091588095642491
0.178302318588068 0.140619329924576 0.0549143654321993 0.302255097302842
0.22876676038204 0.112738401349526 0.282379168260392 0.00697531509656354
0.272624425800248 -0.0461129881814925 0.0788214180193579 -0.0630084141179873
0.198170531216941 -0.176880841768584 0.0898964558324892 0.020609444317337
0.101380591566797 -0.199892298786443 0.147081356049792 -0.0071629569457844
0.0603419118894273 -0.178894723289399 0.150531379296853 -0.0673927219353148
0.0625229889096845 -0.174589771576028 0.0858526939436148 -0.0693254411143866
0.0868400960306497 -0.15631385255258 0.0590013539530774 -0.0303465842351384
0.116913804404152 -0.163908132077946 0.0210794908262625 -0.00647625023335587
0.186084927192644 -0.140486686879227 -0.0183307748499891 -0.00721673714783589
0.269055917318331 -0.0246584191268647 -0.0906920001278196 -0.063195336544121
0.251527790173871 0.168520916276372 -0.103982838336351 -0.146606266785624
0.150383891977267 0.250506244343097 -0.0772780671922352 -0.232629827127356
0.0994631234043484 0.215009667944289 0.0397661311099537 -0.264825976579643
0.134049294293695 0.0816554739173848 -0.170789283100656 -0.150973500043486
0.103357433745301 0.0723018422900699 0.0555522791529609 0.215932932119227
0.166559292603126 0.112715879596765 0.240607804635488 -0.0454894347786003
0.25447152905244 -0.0453611928723354 0.102796140453667 -0.0707612505818311
0.163902210830706 -0.189966556720803 0.141907024683236 -0.0453727654341394
0.0579525540880791 -0.196578583196611 0.169058992713841 -0.0948464329537429
0.0186246972706724 -0.160529392102976 0.159403082136552 -0.142340278812992
0.0151987922261279 -0.14192198893745 0.102331809977553 -0.128198966056248
0.0359163916795526 -0.121586575318428 0.0770835955505039 -0.0777605818476146
0.0625494247233319 -0.136304004029028 0.0396617978620282 -0.0506794953534957
0.128634352720203 -0.131605179018905 0.017031967533468 -0.0560403806787206
0.228078080683385 -0.024335616046957 -0.0236600828264174 -0.0974742423141393
0.179538482502415 0.181429679378597 -0.0468294051395388 -0.166598778988411
0.0538276568066792 0.192001703593452 -0.0445642843022195 -0.283375065486639
0.0625805456687456 0.095733448909858 0.0594308700914164 -0.34264533953981
0.0806302004259656 -0.0412604664766722 -0.202000189813977 -0.170463124550133
-0.00599521851818031 0.0276358659482862 0.0495053375988356 0.126091328398038
0.0859968359886048 0.122739333813485 0.174318220961603 -0.0662073341233763
0.19949018272437 -0.0325004764594326 0.123160980327271 -0.0546485034842713
0.096187909551781 -0.160276568562568 0.181095260527503 -0.0937413016520819
0.00527517035682767 -0.146367088147528 0.177210536093094 -0.165327725377042
-0.0251806051447967 -0.108527676186079 0.150361756973237 -0.199346190939876
-0.0348596453947991 -0.0868966766795376 0.102097396912222 -0.168448239186623
-0.0194202382491989 -0.0776745335951544 0.0758163399917845 -0.109618003425519
0.00457993581738905 -0.108444297673484 0.0393945624539367 -0.0830131551458643
0.0725856954060072 -0.123880019003164 0.0375213152742929 -0.0952560889193036
0.180104578033937 -0.0287246447554494 0.040448789631257 -0.114798178671993
0.0944653586494661 0.159678000853384 0.00729077213454851 -0.159575981294178
-0.0288626995834198 0.0856148085642636 -0.00993875490077581 -0.310713507589518
0.0474082627429731 -0.0437106372320639 0.0827356389833635 -0.384124507732461
0.00267021209683555 -0.150249253355713 -0.206704855095294 -0.156665184969798
-0.106063542788529 -0.005848515077986 0.0405108521929492 0.0569687487229348
0.00792806378237983 0.112387023363424 0.121411193578922 -0.0510899956003065
0.111700793695045 -0.024651162841483 0.151371750785046 -0.0321381041894715
0.00949336765904153 -0.103391510345674 0.201128707970861 -0.123391978566812
-0.0469021962460263 -0.0664348616548942 0.167196127614313 -0.202509030419064
-0.0634733534646658 -0.0336569358559594 0.12703877747647 -0.225265683710029
-0.0785671432316051 -0.0184718033303861 0.0867576682952367 -0.185318504800165
-0.0699534472945139 -0.0297828478224049 0.055855067134223 -0.126383201670752
-0.0464996873351643 -0.0816927850718697 0.0208301751349 -0.109346611590829
0.0271280793598363 -0.114210346484799 0.0460304410731091 -0.131753949944193
0.128595724124508 -0.0300420811292086 0.0880740165504365 -0.118200912504305
0.0115777005975847 0.107556565317836 0.0314809077407716 -0.135700379365111
-0.0766066949206587 -0.04995518459713 0.000261713944110284 -0.330408278384393
0.0524171637494947 -0.176886243752453 0.0972316130950275 -0.387243470265032
-0.0510880244467382 0.271802646615121 -0.0954806082492565 0.344779698904083
0.107539922525926 0.149336131444731 0.0189590259519236 0.414710238645882
0.0522336630043706 -0.00988916241156825 0.0340116243835092 0.127369835745287
-0.0489062329236732 0.0263291398583798 -0.108017625271757 0.0975349194021257
0.0273680936495467 0.0890692049900263 -0.0463053320335135 0.18688909262726
0.0830400272349746 0.0416578575475417 0.0255869935316594 0.140099510078793
0.104499558616765 -0.011264952431094 -0.0106854717086415 0.115374134728486
0.116738452977507 -0.0548281309296983 -0.0674557353908805 0.165314652389993
0.118892836968048 -0.0584663879399845 -0.0887268603801842 0.221125067497141
0.113777509389941 -0.0181346723840709 -0.141187143535333 0.222805783895606
0.0760097005609611 0.0300507606878584 -0.198013103526525 0.164738233582827
-0.00549455027935069 0.0154597131964334 -0.195695909266903 0.0556432172096961
0.0798038046016368 -0.0903120218177062 -0.114565442311151 0.0185997083845232
0.211916877926965 0.060093307828144 -0.0800100388152075 0.0150489917959642
0.115352332237431 0.267286919508607 0.0963925636971213 0.114985960791309
-0.0341922150752659 0.329661608837366 -0.0781723874943484 0.252041681181695
0.125219878052263 0.237292521318867 0.0361316185723068 0.441098395346531
0.127720359959143 0.0763065104843593 0.123951155288842 0.114814033194914
0.0521550505803773 0.0225388998966893 -0.0876531734025948 0.0643953699648094
0.0882979352922973 0.0375741415410595 -0.0422260974044551 0.18972960884319
0.114866304506222 -0.0149957169357814 0.0537855894735451 0.150525126716257
0.120808426294198 -0.0694711376599113 0.0380992699120434 0.101975004741081
0.129760189475905 -0.120278220311946 -0.0268349825703106 0.127538721718487
0.140786193754292 -0.130119613805216 -0.0518566062339084 0.175250047311789
0.154976358175742 -0.106764085866863 -0.100657938533065 0.186479991402612
0.163330079269546 -0.0522971466984187 -0.164601597205208 0.152136562090839
0.12667506806455 0.000938791220755438 -0.204921426843875 0.0464605405911867
0.178479058659363 -0.0145646953648135 -0.13371234028593 -0.0166704103052746
0.261942731609292 0.139437263019214 -0.0786375690542859 -0.0184405846422332
0.165350273185404 0.322253287575442 0.0691168453535661 0.0486891442769357
0.0200734634636325 0.341406022809613 -0.0688822833877725 0.131194708763409
0.160921510233897 0.264293101848838 0.0493751024395675 0.434796381843626
0.20350303656819 0.130135861692194 0.219845002390698 0.102008055876867
0.165988752489861 0.0044101583528427 -0.0302826495149074 0.0213112406808532
0.155197631569597 -0.0415132186881148 -0.012818384993512 0.159753872084499
0.134448552178125 -0.0900054716816332 0.0868190712598984 0.132959513616663
0.119652928951634 -0.127545715667709 0.088314745578773 0.0661793295165114
0.125045795749228 -0.168086281923292 0.0174045222956876 0.0684353871073857
0.145515478033829 -0.172818429106037 -0.0116062111060779 0.107828109936226
0.173677893993039 -0.165653047729828 -0.0567550427256321 0.124364669700612
0.218232914003005 -0.116022016663673 -0.118726408000588 0.111336407013513
0.233152522647552 -0.0168593488866886 -0.192009333891364 0.0219414235813379
0.260864141063894 0.0644683053548845 -0.149669795029794 -0.0591885239447843
0.274707196639382 0.218953914310732 -0.0894651227961176 -0.0850196503382474
0.172954873361061 0.340526304557597 0.0451058655335217 -0.0513502453379483
0.0914004941005838 0.300949564842728 -0.0847398295708181 0.0072650767292446
0.196563329065631 0.226682246973807 0.0556248035226734 0.391563111985958
0.251517387450453 0.135423520897828 0.284433858632649 0.0655455855736435
0.253074084828333 -0.0272595193939586 0.0359462949570634 -0.0262521450967306
0.20216653884434 -0.126816258495986 0.037076350508706 0.0972862305164292
0.132683146162533 -0.164770823932511 0.122101284102152 0.0781544034956107
0.0992580373673551 -0.17228949164881 0.131118174634468 0.00565341741536924
0.102851348311596 -0.190771957691621 0.0587264883083025 -0.00278998682303883
0.128854084721807 -0.183569204163905 0.0290509625498395 0.0330459354296348
0.162201312507091 -0.185952745182372 -0.0131018568013772 0.0542296884120553
0.228369503565405 -0.146012944803236 -0.0675334318618432 0.0518190933729113
0.287850131749036 -0.025667240948672 -0.154543222826382 -0.0206724702226257
0.294936742493291 0.132637915794907 -0.143492666029497 -0.109218674049398
0.240427911690534 0.266445214267989 -0.0952364970313154 -0.166807976396751
0.146807457095665 0.31141677322475 0.0347489474271989 -0.168452089409739
0.1413392653104 0.210984034732709 -0.128398754132288 -0.094548111974399
0.186114436202084 0.150597995091286 0.056638992019855 0.321459871509996
0.241023757414182 0.120132826188866 0.29389737520777 0.00673781908526196
0.286795150622708 -0.04911556306392 0.0836988018376264 -0.0632480884900342
0.208348936521462 -0.185849850698948 0.0951293397729156 0.0218226543267714
0.106369479193674 -0.20971947318421 0.155840502804212 -0.00750659817218229
0.0630411527419179 -0.189253282317876 0.158727584325306 -0.0726737191519139
0.0648823383596898 -0.184028362524298 0.0894639990330692 -0.0760301739417198
0.0914843735026667 -0.165333219044781 0.0625103945491565 -0.0340362922535873
0.122964276199732 -0.171850986211913 0.022748363246663 -0.0088780858363421
0.194059692415076 -0.146735272324081 -0.0177639641176474 -0.0102181013264697
0.281891760506369 -0.0254562342614027 -0.0948470377019207 -0.0683258712478156
0.264683220038639 0.179314809539943 -0.106614724418606 -0.154582413480658
0.158473145626648 0.26562682568824 -0.078675567528372 -0.243343272588238
0.101301215940033 0.230440563618157 0.0435241832494666 -0.279510029209932
0.138572652925287 0.0887366024654561 -0.178286310250503 -0.158486832569817
0.108412246633435 0.0789776694513532 0.0569809877103983 0.229989753271924
0.176419031831248 0.121104805201303 0.250030391703292 -0.0478259456377672
0.268374390848053 -0.0482064244969486 0.10890258358784 -0.0723166505708426
0.172132719600523 -0.198680748289553 0.149827222076775 -0.0473495084462172
0.0602620720057631 -0.205675657317981 0.179454228197134 -0.0990542529105075
0.0190885598554247 -0.170126784516387 0.167992905147812 -0.152339454720717
0.0156382035739759 -0.148818955083256 0.106901527582726 -0.137457133705827
0.0382099878720723 -0.127973603894047 0.0826368148193286 -0.0842475582097311
0.0654653336840838 -0.141901709920679 0.0423543044914248 -0.0545934335546501
0.133600137442949 -0.137013170059096 0.0183735353125053 -0.0611557970227954
0.238576316320361 -0.0258106094828899 -0.0238227295800239 -0.104913836119274
0.189283560754613 0.191733271910422 -0.0466393574754281 -0.174821533579974
0.0567852192951828 0.204982072574565 -0.043209182991468 -0.297575691649103
0.0628005850379889 0.104791191999574 0.0652234574290791 -0.361559106851646
0.0826175863362013 -0.0412695560868227 -0.211371297649226 -0.180718843734812
-0.00595307114782505 0.0312345742173519 0.0513316885996335 0.132679000228898
0.0919300259086198 0.130620046360723 0.181090811424153 -0.0693618159946708
0.20927529631559 -0.0354594770338875 0.131090429029028 -0.0553142430946129
0.100002786917536 -0.168027473789795 0.191851485501574 -0.0988147288475295
0.00586571478847954 -0.152801655967181 0.187004228434582 -0.173906634115904
-0.0271411900622994 -0.113866734177091 0.158490941735996 -0.212398759235778
-0.0365420290921031 -0.0901725071649045 0.108235568738705 -0.179588822339518
-0.0198252597879429 -0.0807285332640855 0.0808832085250087 -0.117277570094792
0.00371038971477896 -0.112221703030326 0.0424036052105422 -0.0873161454647896
0.074009599262745 -0.12990553709735 0.0400772896830876 -0.101606748222089
0.187667156729244 -0.0308094290446008 0.0435647685891405 -0.123135530156049
0.100416187670105 0.169320383085347 0.0111855786720343 -0.166922262213332
-0.0297407674471334 0.0929292364559774 -0.00621720076336866 -0.32535880406006
0.0483255762391026 -0.0431416782112911 0.0898650699272328 -0.405755429311869
0.000822719315303135 -0.156453077848762 -0.215000987498144 -0.167236609196098
-0.110315796205756 -0.00363013647442607 0.0420595695612872 0.0581064505478184
0.0106224775667243 0.118326538711241 0.125743289257894 -0.0538521479928698
0.116826686720287 -0.0275611152046789 0.160608338031522 -0.0315709413036183
0.00791044063968366 -0.107901563600489 0.212998658651862 -0.13000782996238
-0.0495787610400094 -0.0690035872924088 0.177683977969876 -0.212380575344494
-0.0674904476931196 -0.0346773046900704 0.134289286305675 -0.238880338212542
-0.0824659634249616 -0.0178376249180568 0.0915441928416391 -0.196581547155555
-0.0728767637230696 -0.0305498750199993 0.0598064749987054 -0.133996970620889
-0.0497087408290763 -0.0840395975052218 0.023812432312416 -0.114209738257309
0.027285617214413 -0.119452801444096 0.0482452791208057 -0.139002886273366
0.133764993700595 -0.0322068856215085 0.0931675282688529 -0.126356365172409
0.0146191606503919 0.113026578380346 0.037026563905701 -0.142309906223073
-0.0798461684086617 -0.0498716040303862 0.00548178990980171 -0.345491388069476
0.0553747081786346 -0.184219036127954 0.10520334429657 -0.408376994742497
-0.00825250806143407 0.293541746391271 -0.0562717188908136 0.363732482756577
0.131396816904645 0.136783181464018 0.0807127507325039 0.432275451870384
0.0502720881251918 -0.0197744976025861 0.0522417881636871 0.129848790047783
-0.0477046556700142 0.0343233693356981 -0.0937893407631252 0.122216241257953
0.0395904708820024 0.087044274519087 -0.0163207607545242 0.199195804452127
0.092489656949983 0.0294621291749603 0.0454650749866557 0.139001804249293
0.108046483162442 -0.0286409028840626 0.00550661903947742 0.123414356888695
0.111447784075058 -0.0786377766382283 -0.044065947021709 0.18418884236075
0.110409609388179 -0.0825042226002676 -0.0585151582630264 0.246230702833464
0.113812492669176 -0.039972519745484 -0.112900820505142 0.25457839576545
0.0826243468094265 0.0163650687094686 -0.183387820426043 0.202887984152822
-0.000869590932164987 0.0172225591314356 -0.198243583756637 0.08873810612204
0.065712733517255 -0.105216597073608 -0.118303324346402 0.0356878477498378
0.226096983761917 0.0272854852287104 -0.0793275008382033 0.0244703285823127
0.159846837670375 0.254817096433666 0.118704539763768 0.109064685458131
0.0203676541461244 0.354439473459891 -0.0599756807249335 0.261137178850658
0.163043442615031 0.227524590986785 0.101688399979722 0.454405367336819
0.142357667848168 0.0601489264430773 0.138053016480429 0.099136987029091
0.0566176574449808 0.0165133694380308 -0.083960497868703 0.0858102752033185
0.0948176783032257 0.0243938379401693 -0.0132960136842747 0.204774625136317
0.116923549582258 -0.0335747265116755 0.0763065917053797 0.149042528048766
0.116351249317999 -0.092108234878257 0.053471707823716 0.10073191608711
0.114504868645303 -0.148550669547086 -0.00886167066492343 0.137967834098414
0.122051831632717 -0.160165245601218 -0.0270221842499654 0.191250741868181
0.142430206811584 -0.138265541982849 -0.0771515045466493 0.208826360707215
0.159823106592724 -0.0825944506320691 -0.151301750753436 0.18359403637605
0.133397711960911 -0.0175013335740577 -0.210255268619028 0.0792276703561357
0.180506769402983 -0.0435650104166905 -0.144075430186163 6.36231015634425E-05
0.290987304332795 0.103875168834881 -0.0816425825239031 -0.0124022215265674
0.219263053283964 0.304983525374246 0.0798164102408687 0.0436839392122185
0.0801623276499703 0.358905012935591 -0.0736893876560423 0.134762652071495
0.204851879642188 0.252893080064663 0.111865067294959 0.446395026237741
0.230907376267361 0.106338173193928 0.23129552745702 0.0677212223290832
0.173306820768823 -0.0187745331540557 -0.036673705626024 0.0318851697753919
0.152496623265201 -0.0663871715117008 0.00810321498803166 0.172699594711935
0.125198401709123 -0.11531005583706 0.107291048089016 0.129622950947674
0.105909750491858 -0.151766388568991 0.100082121593748 0.0544298598362709
0.102935922702903 -0.196443127464509 0.0279142994244776 0.0685100352081171
0.121422719680037 -0.204525233761657 0.00439615927663025 0.113429508957498
0.15214522334774 -0.201730220302804 -0.042269053592376 0.136310845075055
0.205565594107031 -0.155660279837185 -0.111040234841352 0.133085614707009
0.240202926977133 -0.0520064377996765 -0.20315518951898 0.0507659065797926
0.280272586211972 0.0251844451012932 -0.166770445102415 -0.0441965764523165
0.317085635916539 0.18337522510594 -0.101815678256824 -0.0799275136198352
0.22933712279132 0.325016262720945 0.0403503125611022 -0.058475733800482
0.149768780921438 0.304993031283895 -0.113119468490392 0.0119383761856272
0.236973725566411 0.209212549703908 0.111519227112201 0.403685909871089
0.283091544069593 0.105006908178792 0.289514574253261 0.0199869528070712
0.260803676045391 -0.0640200072053277 0.0200985715533007 -0.0278591800462212
0.189984584606215 -0.161265228792228 0.0470489340883625 0.10401784183007
0.112527565909425 -0.192243104508252 0.136990051777534 0.0694833626874066
0.077399307145305 -0.195301710901376 0.134485517186116 -0.017187109568728
0.076572361578159 -0.215136683438425 0.0582986012982485 -0.0136709962608635
0.103963308695118 -0.212523874553707 0.0346212463503023 0.0281832586618745
0.138475601456999 -0.219308073338534 -0.00727202216462742 0.0553868697176843
0.211450274916303 -0.186786888940835 -0.0663014072142575 0.0626124380613158
0.294580123257726 -0.0689162756668535 -0.171178076138063 -0.000946930245314567
0.327114568950799 0.08966924863125 -0.167923454984071 -0.0986562589434552
0.289844590584075 0.24090660631109 -0.118677539196861 -0.16441867614
0.196437397062263 0.301777712362846 0.0123626507362132 -0.180991689894714
0.187914420184333 0.201920146857485 -0.173592791182786 -0.0807302576073562
0.215563963014804 0.132309185512149 0.103784709071122 0.329976610103824
0.271657682594995 0.0911510572199635 0.29164597185094 -0.0416395413667381
0.293310399436433 -0.0920646915689842 0.0618762827056839 -0.0741694125812581
0.18910115664715 -0.222405116789459 0.094550829467986 0.0167454860277412
0.0779454028639426 -0.234179473833753 0.159503047832197 -0.0233189723127379
0.0378107710945882 -0.207358141104788 0.150219649609785 -0.10475277631594
0.0386549824656359 -0.201424934240671 0.0798908663093027 -0.0944016912119131
0.0687024453432652 -0.186590217184119 0.0591488398151036 -0.0481442559349124
0.100474942702467 -0.196841301684976 0.0211172064902688 -0.0168178283549788
0.174733535617076 -0.180407822487474 -0.0238677836492711 -0.0104141282414868
0.287695937611128 -0.0673832392894189 -0.115501315460541 -0.0613490661235272
0.30347582144671 0.142431053029749 -0.134743067033986 -0.151207551171771
0.205393332522885 0.252865918518294 -0.113252061223644 -0.245776520460915
0.13699991944657 0.225456576921087 0.00424956236955624 -0.299969489108814
0.163951421638334 0.0727858632499455 -0.229297745166507 -0.133593245652328
0.124336191596916 0.0690179170177251 0.093858284995457 0.232129110499173
0.205305518975125 0.102271232996064 0.239268365793422 -0.0934620604110336
0.274743683109112 -0.0877478118376338 0.0900430540210847 -0.0893161476742649
0.149337862125882 -0.229767400459065 0.14195672069188 -0.0647532705328305
0.0308441869093823 -0.222047985162496 0.171468774447834 -0.124570110169922
-0.00600627379941163 -0.179378899768695 0.146385386682463 -0.190283116923578
-0.00641486903139053 -0.155809514020349 0.0874261047310563 -0.162436624027874
0.0207532340281193 -0.138144212714315 0.0714273283410256 -0.104408454631062
0.0458927661566859 -0.155552640740626 0.0353662493125583 -0.0668195393559961
0.114138042795513 -0.159707411432907 0.00776824846364415 -0.0691538210938693
0.242024506305281 -0.0610064307347139 -0.0460859175954168 -0.110663940964659
0.228287676373329 0.167691920077993 -0.0728817455867233 -0.181969040670414
0.0908468591371506 0.20655471353232 -0.0838496600789815 -0.304476608891526
0.0787264436875699 0.103768248149496 0.0156314821520149 -0.391643327991156
0.0815278239051202 -0.0561283595239247 -0.2546708114722 -0.148135922826543
-0.00172783275748514 0.0364124270132197 0.0756966454348017 0.129670356958732
0.11913350029687 0.124941318266702 0.166821945666001 -0.107965924509883
0.213582595938071 -0.0669696186076906 0.119280851239943 -0.0776354647937535
0.0798183874985652 -0.18606480803445 0.180429449979555 -0.128354318379943
-0.0179552177727358 -0.158196462374419 0.169966088994438 -0.206374401986568
-0.0454357483950664 -0.114085532151055 0.128748948648068 -0.252284010979194
-0.050905565122787 -0.0857444914636663 0.0823632914364188 -0.207131557855688
-0.0316194229271005 -0.0794355838588287 0.0666697825386091 -0.138029948069806
-0.012590758514555 -0.114875701738474 0.0308071396395891 -0.0985758737435136
0.0549952055126471 -0.143120156678523 0.0239000904963152 -0.113476191278834
0.18861687696582 -0.0583592129274484 0.0225547414267491 -0.140396209530496
0.133466122354193 0.158520866396215 -0.0100772399819357 -0.180459348220751
-0.015428898922795 0.104872659955512 -0.0522813983200381 -0.338025597122271
0.0401475609103979 -0.0480383651272597 0.0357977596172379 -0.443434896420133
-0.0253144151502544 -0.164761500771745 -0.24460310808021 -0.131481764770924
-0.116888738242581 0.0154362453730208 0.0575698845032596 0.0502172742172264
0.0315183775592316 0.124264367608224 0.116289952506817 -0.0829590107008418
0.116664945220471 -0.0455416266036754 0.158340865350524 -0.0595654267647672
-0.00720369118864953 -0.108886370487443 0.201394491742501 -0.167999821326935
-0.0624427308326079 -0.0617197892273487 0.155749030784966 -0.249982173408305
-0.0760616917733816 -0.0248224398314111 0.101159798914263 -0.277601604125288
-0.0864149710474574 -0.00259599838406343 0.0633890703567234 -0.221686838400737
-0.0786619653236814 -0.0185320710617068 0.0424738787246669 -0.152598469851848
-0.0638348349377528 -0.0778204201062657 0.00694635335119656 -0.122074372474705
0.00913772583946797 -0.125402010048463 0.0270865046567479 -0.153055551461832
0.132931715571227 -0.0529030119294212 0.0756279889157659 -0.151142859267525
0.0364537339138292 0.115276836749583 0.0213442324409088 -0.156790320389645
-0.0885003192761317 -0.0341792721103543 -0.0468473330002816 -0.359448069379388
0.0253629602616203 -0.195527349245706 0.0504981589146812 -0.448809409956396
0.0169580152450057 0.296730902392382 -0.0298825687589046 0.379805472986634
0.143744849785575 0.124426276360492 0.11594233476143 0.434971761764011
0.046696359606435 -0.0229211528744729 0.0610447138813993 0.127073579606211
-0.0462561650040812 0.0402311102384331 -0.086486719827917 0.135116515334507
0.0478784203429985 0.0835782489803009 0.0024340901490972 0.20288304200157
0.0965315593430798 0.0219679028594477 0.057485554161115 0.135529134218946
0.107097838563132 -0.0398629616984613 0.0157612855676806 0.125474690767407
0.104443035197319 -0.0910385339221837 -0.0289204380418148 0.192010287056811
0.103698524635463 -0.0964223994782386 -0.0388127772587981 0.254706786310961
0.112254802225968 -0.052983562889927 -0.0931595510023627 0.268354047761408
0.08633453179449 0.0095049493808774 -0.169452866288179 0.220487113714294
0.00126829358290672 0.018373264496703 -0.192879457291936 0.105432651126043
0.0561532932671735 -0.111070336476608 -0.11601619645268 0.0443260516666258
0.230083877391121 0.00726236051968573 -0.0783687387855772 0.0324596061750709
0.182504480874765 0.244894378035943 0.128532306644308 0.103303220300828
0.0506613663734716 0.357959803110304 -0.0393384205079695 0.276785202163634
0.183152017656823 0.214870023241709 0.138470582497794 0.456269722412047
0.147227675726796 0.0494153879081393 0.144874475114674 0.0880515268433417
0.0580812024749404 0.0138029244984953 -0.0788333739742767 0.0972240004234766
0.098274320300816 0.0167551932415979 0.00576526423563041 0.209355693439087
0.116120163032067 -0.0443308235260423 0.0903604181059184 0.142679738012319
0.110195242419165 -0.104651643640873 0.0619855125377354 0.097422806467987
0.101786656637298 -0.16241252287192 0.00300880899240376 0.141133850042166
0.109239415554346 -0.175787325531212 -0.0114625109264441 0.196297358636747
0.132591362354131 -0.155260042522759 -0.0616853291003671 0.217170237349392
0.155483227622426 -0.0974486768411248 -0.13800567109883 0.197232643585234
0.135008697901202 -0.0289632839456547 -0.207802097585462 0.0975609834962248
0.178667181091036 -0.0575595819181668 -0.145317909901542 0.0117210463908213
0.302671832730814 0.0790601857679266 -0.0831029173326358 -0.00457133348510546
0.247491440193164 0.292765898787358 0.0849905431415591 0.0405824723151847
0.111819424089306 0.359166588833869 -0.0637943724645199 0.147874083577487
0.228090325804071 0.238808215912341 0.152047109080957 0.448751103383001
0.242080542534358 0.0889667999409276 0.237297886030894 0.0486405701204396
0.173704677720672 -0.0324880004672297 -0.0354482445256809 0.0388870348340431
0.14930746003417 -0.0807434887047129 0.0233510608249887 0.174918240923707
0.117513383110344 -0.127134284445614 0.120666409376457 0.121235632922516
0.0941448425371631 -0.165125351294833 0.10428086311887 0.0457062899563632
0.0865361628342679 -0.209592378326166 0.0328096314421641 0.0659403474469424
0.104924269547042 -0.221066979269482 0.0135423808660498 0.113159812626511
0.136873268410334 -0.219442603460957 -0.0315955630743203 0.139653683387982
0.194720974303437 -0.175118569338419 -0.101572023098887 0.141175090414348
0.240419867251815 -0.0722805997789932 -0.202090984566239 0.0669682140171336
0.28656001072857 0.00349782006462221 -0.171452750427538 -0.0308363138966774
0.336992543789878 0.159530397850882 -0.10918439411216 -0.071366517916096
0.258866398844899 0.313575980350066 0.0364306127307859 -0.0605170982673265
0.177345222918541 0.299561016127039 -0.114110068861867 0.0256931497040019
0.258136392955608 0.193323617179645 0.148952972901201 0.403675377722546
0.296324651072972 0.0834723308471492 0.292762023995054 -0.00435847048877287
0.259292772787065 -0.0861806514605952 0.0184480893269658 -0.0270239786520044
0.179052840779146 -0.18064386771622 0.0568022621787702 0.102424396255071
0.0977717421220572 -0.205064770500867 0.145879342982401 0.0583433870284865
0.0614611530074534 -0.205635222749285 0.133587663170834 -0.0305552556101498
0.0579288801342994 -0.2261556164707 0.0561011998675972 -0.0200347427324767
0.0871552302798126 -0.226764978258112 0.0371406058884101 0.0228284703227072
0.121548026652824 -0.235043458766568 -0.00360783396114613 0.0540630510751915
0.196987473233772 -0.206513718503264 -0.0623003066006537 0.0650197594361246
0.292512956180245 -0.0941155804941613 -0.173728175019433 0.011918941217283
0.339789271550888 0.0646019927387007 -0.176853146338323 -0.0866910063787852
0.31462965720718 0.220269955995833 -0.132761011657105 -0.156413235798373
0.223213560760513 0.29299192280332 -0.00197166692450973 -0.184394683595468
0.207192904192191 0.191529924661142 -0.182801396719833 -0.0658971568123346
0.231032480711449 0.117645782692994 0.134885497367428 0.328719422241309
0.284952908135133 0.0700879428890528 0.288199092647259 -0.0668618559357
0.290436915803726 -0.118720474794531 0.0581646121308946 -0.0783947544778799
0.17280200332055 -0.242948521675753 0.0981264940730475 0.00885308948617156
0.0588568410454338 -0.244901008172034 0.161937235801028 -0.0377790025037867
0.0190560032184259 -0.214113345596742 0.141821457358351 -0.121210628356333
0.0213643512942615 -0.207590981085563 0.0710885750565239 -0.104784159958679
0.0543080866425409 -0.196595785261625 0.0551083891097732 -0.0570395447163681
0.0849840304695377 -0.208319493602717 0.0192753655740697 -0.0211784348737651
0.16070750129936 -0.196803365623658 -0.0256649180304986 -0.0121569144127134
0.285047732500917 -0.0923521477715258 -0.122739392174929 -0.0542166883514185
0.321736074591051 0.119927996558136 -0.14650798946762 -0.142863210719955
0.231060884936546 0.241216741603661 -0.133419516064743 -0.239046828607615
0.157783511497487 0.221260262510067 -0.0192527042401581 -0.305402113108796
0.171456420843373 0.0636487933358997 -0.243468882584012 -0.116708168295484
0.132808009267712 0.0621047002517111 0.115620532689446 0.229962610119174
0.219373293590146 0.0866191401475613 0.230578950660759 -0.114616465053286
0.271560357076069 -0.113966940768537 0.0848751664450128 -0.0964209327380008
0.130871357530505 -0.246977451215177 0.139253651252344 -0.0782547670940582
0.0121004086830882 -0.227952602659507 0.165344554737351 -0.141836302764568
-0.0223016213978678 -0.181046482047492 0.130841202994906 -0.208837330498709
-0.0200006835533307 -0.157031020264224 0.0730546007981598 -0.174714610533666
0.0101224612847366 -0.142669101516379 0.0627908986557053 -0.115084919708608
0.0328089013858593 -0.160995100064549 0.0295971651489852 -0.0725175883326922
0.101402824332953 -0.170176497938027 0.00178442029678124 -0.0732186115719285
0.238244068555254 -0.0817435184821029 -0.0563807329944989 -0.110785496743238
0.247243466441873 0.151108504999534 -0.0864626684284359 -0.178938073690638
0.110953741476271 0.203855058251318 -0.108413629729853 -0.301553251023897
0.0871282762876161 0.101406306044114 -0.0160439092873084 -0.400053700737785
0.0772589021750778 -0.0594779048700792 -0.270621440354176 -0.131456141752872
0.00231579084664222 0.0400123292474273 0.0883256060827611 0.124722006472029
0.134272339736741 0.116970777666965 0.155986354024197 -0.122674979093812
0.210834274484807 -0.0871794907309905 0.116079576080105 -0.0867039305161737
0.064028652903996 -0.195241210226231 0.172446076294451 -0.146140468592214
-0.0320937305968845 -0.158897891096677 0.15686623001129 -0.224945249705635
-0.0562680047454067 -0.110518563887736 0.107706592475402 -0.270083174723683
-0.0580933477372958 -0.0812226368009479 0.0635365352671546 -0.219577738964117
-0.0380990030844861 -0.0771500209434573 0.0556623200685038 -0.148150383839996
-0.0236535504187483 -0.11431868043487 0.0230570390795245 -0.103776572075553
0.0423864001648567 -0.148312462482689 0.0151132761724879 -0.119127138358365
0.184661424829252 -0.0755428825940542 0.0105039901334976 -0.145935483496497
0.150364352416645 0.150489755836263 -0.0225696475896229 -0.183961329672158
-0.00552743099438599 0.110355443765923 -0.0778504101060031 -0.338006197575788
0.035750911259432 -0.0489262458170385 -0.000423513080470866 -0.454361517803531
-0.0406519056488868 -0.162035692058174 -0.25836245876277 -0.116959682925697
-0.115250929102842 0.0269852888119423 0.0622968639580171 0.0442733546804556
0.0456905362989157 0.12248431377926 0.107806958738102 -0.0923952904106568
0.113334810211134 -0.0570568717021532 0.15837355587039 -0.0732566744757036
-0.0176720436066777 -0.108935506058806 0.190483763859213 -0.18841955308563
-0.0697788017641695 -0.0565724421437452 0.137586309465612 -0.268565240398953
-0.0800794937681825 -0.0166729101305721 0.0779064079519263 -0.291722910719197
-0.0873282820901792 0.00701043290437302 0.0440878878923349 -0.23313273171138
-0.0804469776468681 -0.0104568171086752 0.0299443960920629 -0.159401636189673
-0.0713406534987298 -0.0719465115273745 -0.0019460128236927 -0.125609792600114
-0.00264302253518132 -0.128101378413584 0.0147786991288713 -0.157530212436439
0.129811596426019 -0.0659356095346392 0.0647070421335803 -0.162189543098031
0.0500071223772886 0.113559287359343 0.012428090575629 -0.162736496509703
-0.0902077404313593 -0.02465603851547 -0.0735074719191612 -0.360046119237834
0.00945135304581642 -0.198818783477592 0.0148535563145217 -0.46247432033001
0.0382895618050538 0.282651133830568 -0.000898337388990212 0.374273827625186
0.145975715351849 0.107278864972866 0.144815119611263 0.412453990228946
0.0415587094708109 -0.0251309693210326 0.0651405871643255 0.118315583654325
-0.0411162733123344 0.0442534195399399 -0.0746788944268745 0.139531650328234
0.0525147681561214 0.0769977742233657 0.0190608967529077 0.194566432174892
0.0951994806655847 0.0139332326121338 0.064611507742008 0.124870445056851
0.100219526961123 -0.0487720923073482 0.0242655863608231 0.119986119637797
0.091696093704712 -0.0975657442888964 -0.0126159137954828 0.188776674399356
0.0907613261788119 -0.102087542226101 -0.0182925878927432 0.248699611004656
0.104129269338875 -0.0621316265821626 -0.070305573881326 0.264831605649234
0.0850832507886234 0.00206029680932121 -0.147334916748159 0.225523111389587
0.00325642325002984 0.0180137286443916 -0.178588092774002 0.114935656938546
0.0449917644273147 -0.110164754573422 -0.107906218329135 0.0497779757664879
0.219692990300554 -0.0114584306928788 -0.0723976545578697 0.0382787970621134
0.194067534509845 0.222882802864275 0.131204716109321 0.0929089095197414
0.0756050398445666 0.340565442912995 -0.0182999411032631 0.274666687251221
0.191362326976188 0.192361418444627 0.168513684160582 0.432203623343043
0.143895590049912 0.037802406130548 0.14274291326724 0.0745784986751098
0.0568800758981403 0.0104997416686767 -0.0696195514134871 0.102945901233199
0.0959101959586514 0.00872968759198117 0.0217254743272009 0.201232486436538
0.109486604875102 -0.051400006910545 0.0969655075652898 0.129683126002843
0.0977213165252398 -0.1106598359051 0.0664624342390662 0.0888954501617952
0.0838710420791953 -0.166001163856284 0.0128176317680284 0.136735784777388
0.0908811875558634 -0.180248478482336 0.00333836331120289 0.189382349861146
0.115928372464063 -0.1620085695001 -0.0444628557634488 0.213328241817396
0.143085538119687 -0.10599471923799 -0.119619568539425 0.198730971861143
0.12899557332338 -0.0371894051381235 -0.19279633349811 0.108383518301228
0.168190196715468 -0.0679349370597102 -0.138105928836622 0.0202864738491003
0.296399582047597 0.0547913792446962 -0.0796950003633296 0.00365199077941808
0.258993219368152 0.265262062969467 0.0859526525583489 0.0360064841674487
0.134677107475426 0.338623153313231 -0.0507091803518281 0.152011088296856
0.236631058284928 0.212683339966725 0.180355814676545 0.423562462271586
0.239290351051624 0.0682864895344433 0.228932309930262 0.0297414579324147
0.165818957650542 -0.0426908840549851 -0.0322676879970964 0.0430213620396538
0.137877937781306 -0.0897851100127519 0.0367653372862482 0.167472350535072
0.104586546827119 -0.131828164395288 0.124930908921576 0.106966138144352
0.0775611847494211 -0.166581074851241 0.103165336938819 0.0355260452551218
0.0645633468820115 -0.210296297386739 0.0346010817336142 0.0606852150240662
0.0830913837264247 -0.223701034607176 0.0210366254014725 0.106314498915153
0.114606291232631 -0.223863396957163 -0.0217938979355911 0.135413000751083
0.174970422774872 -0.183012771770062 -0.088894601903768 0.14081651529215
0.22648435144325 -0.0869856969885105 -0.189684457970431 0.0788881426269364
0.276061911838889 -0.0166774620749965 -0.166698292803197 -0.0176552388374009
0.335798225362582 0.129351416582305 -0.109503162824771 -0.0594865556215871
0.27192413922399 0.285580406354652 0.0323669653839083 -0.0587928295474452
0.193746107910803 0.27715522271688 -0.107029213181629 0.0357496746475712
0.262365826762077 0.167757124282023 0.176375463737136 0.381503345245816
0.291886647568858 0.0594126612001528 0.278913097456477 -0.0256925136318913
0.243660351492202 -0.101942270301016 0.015518168024883 -0.0239914897765559
0.158989729087818 -0.187707317600111 0.06304872637523 0.0944319878865341
0.0786833757207026 -0.204570599507924 0.145737078071569 0.0442921850986916
0.042659437585267 -0.2037528055216 0.125039492088982 -0.0404568713745206
0.0375987338866802 -0.223655624256354 0.0499212206087863 -0.0249648402955946
0.0657866596615654 -0.227430889432478 0.035899809382455 0.0167221042358979
0.0992955831756856 -0.236590805307648 -0.000841496141863451 0.0499160190044612
0.173496022097851 -0.213456019236935 -0.0564128169509451 0.0638046635088757
0.275146476520474 -0.112081738040756 -0.166644234943778 0.0238582144955121
0.33310887504786 0.0383077628067253 -0.175032797862185 -0.0706455360965073
0.319800734165861 0.190034820596786 -0.138138691280095 -0.139261832339342
0.236311614522277 0.270188140452549 -0.0138511500963639 -0.176619366011739
0.214776601400931 0.173356191611281 -0.180427727954565 -0.0490615779792124
0.231654672025064 0.0971419704835916 0.157250502211809 0.309842296689782
0.281035227065856 0.0472459871264447 0.269787152482542 -0.0856240808861813
0.270962241071036 -0.135714585996738 0.0513076735136933 -0.0767494873648907
0.147506490079673 -0.247560554329478 0.0955061412526954 0.00253798129821185
0.0384499550816249 -0.241033718473963 0.154312641426051 -0.0498324135091703
0.00140115227212421 -0.207954191786966 0.12611822540167 -0.129675668033657
0.00413786198707896 -0.202062888946858 0.0565187197094089 -0.107718318757995
0.0367884698834909 -0.194857271989968 0.0475917483046343 -0.061767718727939
0.0658098589017739 -0.207534666078603 0.0163432445709679 -0.0232848714857384
0.139469800398018 -0.199964989008512 -0.0265488616913425 -0.0132813184932733
0.267321311536686 -0.108682718247444 -0.123159315740899 -0.0441319194955804
0.31955042415146 0.0935254178686746 -0.149575584122909 -0.127479578349935
0.241948259683839 0.215963477622925 -0.143486780257954 -0.219560084281749
0.167758061063823 0.20658221043401 -0.0396134812280165 -0.293773869969289
0.170248655307418 0.052070516645467 -0.2429023155108 -0.0953551849120866
0.133259328550835 0.0513365065070732 0.131179614355322 0.214103567938478
0.220172066953902 0.0672925133198996 0.211272281144022 -0.126502588529674
0.253084913084689 -0.130659255304264 0.0761739222668966 -0.0970854196461029
0.107500702680518 -0.248389458560249 0.129053381547154 -0.0853525973474576
-0.00541491944574107 -0.220476795298765 0.150720556679144 -0.150197290400238
-0.0361978447558552 -0.172365312648707 0.109241245889561 -0.212450331731123
-0.0309053472919375 -0.149058245247618 0.0542234933435271 -0.175617702046687
-0.000599145796752697 -0.138640229923741 0.0506863929557146 -0.118801306483723
0.0196612204620308 -0.156617770393397 0.0234714526887754 -0.0740945105545378
0.0828467687659075 -0.170000327740079 -0.00464159344070085 -0.0737660178297409
0.222814355196855 -0.0964359935657511 -0.0628407729424405 -0.104030119852954
0.25061387675044 0.127986716873167 -0.093858005616854 -0.167823854836522
0.124426547352194 0.189741349059968 -0.122728371325831 -0.282350286888462
0.0910623852140298 0.0953318388067895 -0.0434254218939884 -0.386198252382535
0.0700320041939252 -0.0598371177379892 -0.271028362136122 -0.109112650154617
0.00601504206646717 0.0399060556166221 0.0963441506788729 0.113838264874306
0.140445776277262 0.101952756063627 0.138728203027607 -0.128022059375775
0.195994635180805 -0.101297210377735 0.107253737678997 -0.0905741059561465
0.0464675746703292 -0.193302404287545 0.157004282120892 -0.153751561526887
-0.0424785281238913 -0.149980803536238 0.135810049981142 -0.230948733004003
-0.0640664512030829 -0.101582102997323 0.0818129688314683 -0.269981499776305
-0.0616102384702941 -0.0721475952816645 0.0424753847571509 -0.218609823143771
-0.0410114839751448 -0.0715663949285596 0.0416567640229031 -0.149900347999992
-0.0308862003258757 -0.107038439014899 0.0152284358138709 -0.103113115664361
0.0285048928641762 -0.144463598131908 0.00507232605791876 -0.117635545614041
0.171233354177667 -0.0862896042022217 -0.00104457235350132 -0.144015153958332
0.158120705931182 0.133844696574912 -0.0314915164908609 -0.177407775048261
0.00498279591162031 0.10853775173996 -0.0963937951307699 -0.319351589268146
0.0304278723181928 -0.0468982527970647 -0.0309212941485347 -0.440246951790117
-0.0504450324470877 -0.150417891529954 -0.260124642218636 -0.0972739047800939
-0.107922133983426 0.0352918376503832 0.0624173927485138 0.0363514921284993
0.0548915147982776 0.113542824404004 0.0947789331799014 -0.0950669165092742
0.103996651091529 -0.0650427195146278 0.149122571173272 -0.0815666881518068
-0.0257138095811777 -0.102627596377246 0.171193066650286 -0.195458497630343
-0.0705543847714003 -0.048742817376605 0.114071760482939 -0.269539536626984
-0.0790509659229138 -0.00828878568053505 0.0514241711392623 -0.289380038508555
-0.0820047942650521 0.0153465657735015 0.0235545649983669 -0.229858884566593
-0.077428588803727 -0.00275426027919113 0.0173554071935213 -0.158123469727234
-0.0740626171767925 -0.0629247939441477 -0.0103670685431938 -0.121180076783468
-0.0126369575331983 -0.122350441629242 0.00178385423702991 -0.153708529748868
0.119649075951882 -0.0736371611920541 0.0506100124789958 -0.162419392267057
0.0583637713167484 0.106177589725432 0.00364666753332964 -0.159211265878758
-0.0867770496738943 -0.0149377780307922 -0.0935927837721148 -0.342487493822553
-0.00656744925905376 -0.190771650679415 -0.0179530839164321 -0.450374668935004
0.0442453515572145 0.263454775800084 0.0102536255513258 0.357589478435091
0.138849537579949 0.0939319776829708 0.147665485229176 0.385377365838064
0.037058888801953 -0.0238128513738719 0.0620909285564029 0.109348453799018
-0.0369122879758379 0.0444050460648819 -0.0667111581718355 0.136324179466423
0.0524692687333994 0.0704222605450934 0.025102817304714 0.181786490721314
0.0905740160793668 0.00925770400218634 0.0643052473192966 0.114328796950741
0.0922983938168707 -0.0508606812512836 0.0267276335807776 0.113000754140843
0.0813463635561454 -0.0969444326455199 -0.0056839555887097 0.179013002632049
0.0803931463497083 -0.101199963445503 -0.0092546412505803 0.235445997253863
0.0955590821369155 -0.0635469831628948 -0.0586984623361911 0.251589285463806
0.0821758195939918 -0.000437799238787972 -0.13229241932832 0.216108920165199
0.00501154932779771 0.0178365184759447 -0.165674625213385 0.11327014642893
0.0379556998464584 -0.104252283893266 -0.0997443999361667 0.0487685644186319
0.20445999785533 -0.0185004502409223 -0.0659387124552439 0.0391924255370493
0.189096549970539 0.203955589515549 0.127737121036304 0.0865727127115013
0.0818213437450035 0.317276558180067 -0.00808126127889252 0.264893649323199
0.184825301885566 0.173525910787394 0.172077582645161 0.404695382795601
0.13528041270848 0.0313123595126716 0.13326966779199 0.0660888476286354
0.0538006442464052 0.00947697018190457 -0.0630678441155798 0.102146551534044
0.0908335013803141 0.00455937393712068 0.0281784992439322 0.188636907837245
0.101643357556863 -0.0520642936928964 0.0948302800175684 0.118186868787332
0.0884739616478877 -0.108648909169027 0.064641189084112 0.0819976081262698
0.0719192212795343 -0.160572949915425 0.0158947474252594 0.128546219658048
0.0779131612316164 -0.174996022243904 0.00930082591640796 0.177884054938085
0.102865221911321 -0.158875979281736 -0.0360800353950275 0.201541502845388
0.132699778580875 -0.10454328784954 -0.107338666750343 0.18924869971812
0.121559601621093 -0.0384253477977055 -0.178605954170954 0.10798219464885
0.155452771993412 -0.0673062818464103 -0.127773771341424 0.0223480449880165
0.27818496718061 0.0421939235717498 -0.0734208090609877 0.00663185282582737
0.251289588060622 0.24307883321308 0.0835665012562788 0.0335362640012855
0.136022729361497 0.31484096611662 -0.0425742075023297 0.148760793105728
0.228520430793097 0.193482492495488 0.185020837674941 0.396264025146294
0.226102952715561 0.0578667617732722 0.212659867445897 0.0210704492381424
0.154588329122559 -0.0439011682896382 -0.0287968801570456 0.0449651192590718
0.127019592279884 -0.0886690131736438 0.0406319923703634 0.15739482162549
0.0941312753226708 -0.127732694199462 0.121969046580242 0.0958516330949959
0.0673315508268182 -0.160136597868201 0.0968106462150628 0.0295314702643848
0.0528424924974694 -0.20163244915321 0.0337798185157576 0.0566135134597038
0.0704736021971137 -0.215780329620417 0.0219557159200948 0.0984940988224674
0.0999483057867417 -0.216449291984729 -0.0171684517803808 0.127398916097249
0.159247752095252 -0.178617867027943 -0.0800996206094029 0.132529408282482
0.211802924074526 -0.0889510508296119 -0.177255025330753 0.0795757042215853
0.259840705714397 -0.0230873632658414 -0.155603605106605 -0.0123287375310164
0.31994291538592 0.111151757769491 -0.102966971029802 -0.05176586913817
0.264111058109357 0.264229799181214 0.0306386465286885 -0.0548189847392899
0.190442037988051 0.257104032613751 -0.0989853603584969 0.0400375708061684
0.251888047239863 0.150732257649572 0.18039935524609 0.355873646917176
0.276928893339893 0.0466063768894005 0.258704494674414 -0.0322280843217769
0.226416589236388 -0.103592418709555 0.0139042884534616 -0.0196998096275232
0.143132272655836 -0.182387842325958 0.0631134357085406 0.0883809619206193
0.0681079387560641 -0.195845063414295 0.139570299240302 0.0357087726630802
0.0328212562347243 -0.193296173671071 0.114975528891842 -0.0428316219351092
0.0267575824965975 -0.211806790715484 0.0446049861803659 -0.0256585492459179
0.0536274831725114 -0.218125367026982 0.0329356547507804 0.0129789785377834
0.0852547239635974 -0.227254662031071 -0.000171668117105438 0.0460490726737165
0.156899840903217 -0.205530573862603 -0.0527616713736283 0.0588898804261622
0.255791081161978 -0.114028182779142 -0.156882129344696 0.0268358125425214
0.315424998373701 0.0265206718932816 -0.164983763354595 -0.0613538215801741
0.307935601259044 0.168750305006026 -0.132279017500209 -0.126184862866801
0.230099185383349 0.250227387313453 -0.0158689628225493 -0.164208735217751
0.207131627343296 0.15834450696229 -0.170394564965263 -0.0395379970864042
0.220212806029454 0.0859912510429163 0.160703199602492 0.287656336658245
0.266480981865442 0.0358057248602662 0.24868680759545 -0.0879463151169026
0.252231708937744 -0.137647951480086 0.0458548143442363 -0.0711518412006533
0.130558229300366 -0.238672148574051 0.0901008209337749 0.000433772312125692
0.0282298671435067 -0.228117659239035 0.144945581934797 -0.0532828006060375
-0.00597218964883593 -0.195537476392814 0.113214378545099 -0.127085690253448
-0.00290238663783431 -0.190076265178152 0.0473647096783187 -0.103809331401914
0.0280372494244614 -0.186169316247527 0.0407714447617151 -0.0611685394523536
0.0546975884484212 -0.197214243171194 0.0133998460206218 -0.0247881489208595
0.124215144705965 -0.191295625117485 -0.0266089803038077 -0.0145853850913735
0.248108739146122 -0.110619061389179 -0.117024511170544 -0.038684652544059
0.303306643360377 0.078006925060568 -0.142668470855734 -0.11568038043497
0.235385604059875 0.196430884535097 -0.139419540149367 -0.202208309692179
0.163483634654227 0.19224811998504 -0.0443206156472279 -0.27540812165288
0.162483219329184 0.04667448110129 -0.231567277424763 -0.083018558573667
0.127581913988323 0.0462488168802078 0.131823426778792 0.197942607202488
0.21067350166611 0.0560713257438586 0.192204156017826 -0.124148042400125
0.234773059393452 -0.132765809497356 0.0697286759458117 -0.0919017598651816
0.0931408280428642 -0.237708063163727 0.119690218408256 -0.0839328496436267
-0.0126018690334724 -0.208031537555557 0.137515630837227 -0.147919283128506
-0.0409462191800233 -0.160326239768205 0.0942155997385604 -0.20564012925097
-0.0334839839080297 -0.138824972023398 0.0430524634214734 -0.167823764330539
-0.00476327295843393 -0.130611475752291 0.0422549246435197 -0.11567147359044
0.0133813171191576 -0.148008131122435 0.0193633506183957 -0.0721874016157318
0.072181167560611 -0.160025091708573 -0.00781411756552124 -0.0713300379204827
0.205615981312458 -0.0966397210354794 -0.0622865581071133 -0.0969009196661367
0.240362560467037 0.113727234343115 -0.0913566611436313 -0.156289981778957
0.123654313264271 0.176310669758791 -0.121353320894972 -0.262006017550216
0.0873846847691594 0.0894290414526518 -0.0510394366608638 -0.364733508045228
0.0642284482445859 -0.0551808888787861 -0.259561871913099 -0.0966610738478449
0.00778150514498153 0.0390976719621649 0.0944896424909079 0.10306724304137
0.138037701637413 0.0914835547582633 0.12405354169906 -0.123147047233651
0.181365001490105 -0.103468783647826 0.100053893639448 -0.0878705779641902
0.0368652196149202 -0.182794577238303 0.144099187912757 -0.149943292550184
-0.0453346699736406 -0.140165083014344 0.121462562160416 -0.223937947131924
-0.0640455737943692 -0.0916182267037611 0.0667624701818544 -0.259070289125657
-0.0593395396059496 -0.0653831818751567 0.0304224184843644 -0.208853498696423
-0.0406399646843925 -0.0656075886146974 0.0329733401296185 -0.144595516966013
-0.0328735240417208 -0.0989288777809283 0.0120886425728289 -0.0990294663310693
0.0214113593036657 -0.135048903015251 0.000548272765959733 -0.111854973217233
0.158192988187581 -0.0867220571329229 -0.00563080523369298 -0.136567243906841
0.154506206786983 0.121237621117924 -0.0322700523660585 -0.167552726735468
0.00973968965229706 0.103168810817283 -0.0964644483915391 -0.29826625418027
0.0265903468216855 -0.0429991752808754 -0.0430635800244906 -0.416569161637332
-0.0525218034946952 -0.13690107593088 -0.249286577916817 -0.0866279711283786
-0.0987229577695163 0.038381416014163 0.0592456353401691 0.030687224295308
0.0574085642880659 0.103806151114515 0.0842379104792098 -0.0897464644038982
0.0948235383316442 -0.0653557880114445 0.13980180112065 -0.0816011298728141
-0.028954261442498 -0.0952576863987519 0.156734540627428 -0.190142928521294
-0.0685638047830659 -0.0435285172674463 0.0995723578767574 -0.260028769277689
-0.0745115839592545 -0.00385596087383489 0.0383971630014764 -0.275289349067591
-0.0756143009975511 0.0185379322051992 0.0135337168766963 -0.218882707154837
-0.0719581473824732 0.00058076423468469 0.0101467224726306 -0.151050755538278
-0.0721163580366506 -0.0559133546105709 -0.0117071191749969 -0.114676220835446
-0.0176127368912593 -0.113573869897511 -0.00300931487950052 -0.145981326745874
0.109319353842913 -0.0738724124514632 0.0418253804518481 -0.156138728458821
0.0604751559528305 0.0972917634838112 0.000853039808703089 -0.152244212585017
-0.0804520694570562 -0.00995230556323396 -0.0944079998844194 -0.319945729509861
-0.0126288393798445 -0.178648192188227 -0.0305192855966085 -0.427267039949805
0.0386813724795611 0.251159187953467 0.00697444283134003 0.347696629935811
0.130161359570931 0.0893368399584847 0.137785043019326 0.371348425767628
0.0340861714699242 -0.0220570896049866 0.0551201344854465 0.106130955918482
-0.0357376389630902 0.0440331894666504 -0.066475959465268 0.132775721458973
0.0494377567209259 0.0677741736743714 0.0235738151954133 0.173913320098797
0.0870473575282294 0.00844308551689067 0.0594935063719979 0.10912099821089
0.0881232741224377 -0.049332172100688 0.0247429699839842 0.108979391181639
0.0764426503576691 -0.0932310155785034 -0.00709025354411417 0.172650267147333
0.0760335579538221 -0.0982095199013732 -0.0103906204939318 0.226183532163151
0.0919849037785995 -0.062026084050502 -0.0595770658192244 0.240925028783052
0.0796810633396128 -0.000762819388607489 -0.129582575903414 0.205766981397697
0.00564065395433823 0.0174391631465751 -0.160467340753299 0.105766036889665
0.0359518609641989 -0.0982551327778299 -0.0948646953929598 0.0427808709504815
0.193975435079924 -0.015067198815374 -0.0623601397531993 0.0381330819471712
0.178594503769414 0.196942465915436 0.122090841583573 0.0870336484088369
0.0738184368034238 0.304443588278827 -0.00899868584743515 0.258741071335367
0.17372772803721 0.166844355048791 0.162192332908277 0.39116951361383
0.127497254507532 0.0323675957793797 0.123627488708088 0.0651789557980608
0.0515903244023212 0.0111048145706512 -0.0621679223382095 0.100235305792032
0.0867411770739847 0.00536604714864257 0.0257383721484634 0.181585073877545
0.0979634657621236 -0.0495596847852602 0.0898007960261749 0.113673504346018
0.0847118096343985 -0.105786188418276 0.0604376196388051 0.0789686807058766
0.0682862555756943 -0.155018751125431 0.0131954453817626 0.12408737867251
0.074530114066901 -0.169119407785986 0.0062375508811675 0.169694965935743
0.0989588292487543 -0.153548625021426 -0.0380741521610703 0.192484903954533
0.128817427780944 -0.0997596509464617 -0.106098773856025 0.178496205210779
0.117466060821449 -0.0353650670222828 -0.172717410046512 0.100886835594826
0.149255406386378 -0.0616181781263517 -0.121781673272074 0.0187833209926175
0.265202465776189 0.0438664476119939 -0.0698558044310698 0.00736621811715355
0.238063125409485 0.237062797029371 0.0818495835446396 0.035047589128079
0.127494798125254 0.302659724662491 -0.0405551193589651 0.146537538811711
0.215470089159195 0.186912536097986 0.174145823622928 0.382692796953299
0.214349598271645 0.057613659248145 0.200801319279403 0.0232174141017529
0.148037190357819 -0.0403297994206333 -0.0277443699840775 0.0468732720321095
0.122170020528394 -0.08391112308292 0.0376955157513348 0.152239169442137
0.0913330799766282 -0.121956143901469 0.116020534857804 0.0924688338191038
0.0650041254710142 -0.153952292005179 0.0916211176689737 0.0283515529665776
0.0507261743475259 -0.192881019513613 0.0298280595304985 0.0545562212308564
0.0675157399652669 -0.207811500928452 0.0192163775365991 0.0931096939180113
0.0969976182655285 -0.208099081546033 -0.019991443991744 0.120610396460749
0.154756163217102 -0.169101283475474 -0.0803247497748459 0.124418320280643
0.20465165675076 -0.0833641222550365 -0.170299637340957 0.0732552924974824
0.249749320097071 -0.0184941081862366 -0.147167719532586 -0.0146438796018814
0.304003036946607 0.110386688356525 -0.0962771448852639 -0.0493003491323309
0.249948378360895 0.258814417790394 0.0323608657404907 -0.0513162249597947
0.180044540602992 0.248801345785599 -0.0939509110507375 0.0397416266823456
0.239125486363503 0.146761021459866 0.170470456084238 0.344140501839051
0.26423632286554 0.0488623848224512 0.245440550475672 -0.0279121692764453
0.218224954607848 -0.097259483671105 0.0137658497839786 -0.0159386795745099
0.138332047741654 -0.173947841884299 0.06064643664504 0.0868219633982359
0.065261860917379 -0.187222627335096 0.134293201994787 0.0355384274875953
0.0327135899234868 -0.185418213494364 0.109486267647372 -0.0408647275858524
0.0265753574819831 -0.203119402869799 0.0404698878783496 -0.0240616948954464
0.0523400477989451 -0.210176172857452 0.0293412822590575 0.0111804901902773
0.082028529917445 -0.218708676215975 -0.00259384645009433 0.0424879496455669
0.151777020752067 -0.194630713953896 -0.0529655697746343 0.0530091590275383
0.246581599072395 -0.106338032770313 -0.149500317030185 0.0231052551590538
0.302074241602614 0.0301892291832342 -0.156000305666863 -0.0613580517165705
0.292911214291682 0.166447332934556 -0.122438244675558 -0.121168763355285
0.217445750123154 0.245847217934212 -0.0104277142672086 -0.158689361834056
0.197238316592358 0.155680140016872 -0.162052106456911 -0.0389047562431645
0.209935123226208 0.0855019500270171 0.153503819324748 0.277634911586851
0.256065058492985 0.0371797418301466 0.236130090330102 -0.0804282530924246
0.243149912138963 -0.13038200520033 0.0458734776655165 -0.0648383179921047
0.126711512553595 -0.228843536078285 0.0880013278228481 0.00278579941601136
0.0279807295168792 -0.218664679914346 0.140400328830196 -0.0498364196848213
-0.00480192652058595 -0.187898115994081 0.10746040435615 -0.121687619822505
-0.00189565451479381 -0.181586245205415 0.0445199281765327 -0.0995087364114511
0.0281814232320165 -0.179431539372082 0.0381851821481475 -0.0603919024900245
0.0536489288552967 -0.188951543033867 0.0122786150528933 -0.0249058686556217
0.11960522645916 -0.180581418824157 -0.0273501265456281 -0.017176330081161
0.238219857191622 -0.103413621282587 -0.111789387660585 -0.0391236993730255
0.290377463816581 0.0785962089807438 -0.133395597311181 -0.113346514233655
0.223954799758638 0.19201253754892 -0.128555041976428 -0.193578714801942
0.1537414113325 0.189412040042205 -0.0371543575260871 -0.265174880380887
0.155118581246855 0.0485181010508633 -0.221129690548634 -0.0821632437177436
0.122006984299369 0.0470322966960714 0.126055297295667 0.190243388141346
0.203123833387387 0.0562692095113476 0.182765319171702 -0.115137917392642
0.226210733158527 -0.126553321820154 0.069090368194284 -0.0852115658385225
0.0904309256158073 -0.227596781457739 0.116520742842545 -0.077805371151224
-0.0110368107631719 -0.19950644401976 0.133841207312532 -0.14167536796268
-0.0377352704949591 -0.153549795274815 0.0897775076126515 -0.196832212406684
-0.0310508404755701 -0.132459351271082 0.0399730501826409 -0.161039571555692
-0.00302250430529214 -0.126552225029186 0.0405948242869711 -0.111933915053748
0.0141028557782869 -0.14109767092821 0.0189989715244616 -0.071056670423894
0.0697644287503381 -0.15158343962779 -0.0077444441064416 -0.0700860043848689
0.198137741476581 -0.0903757370810089 -0.0588983246665066 -0.0945431381615481
0.23024045667629 0.111415335666899 -0.0833499299054567 -0.15101773322447
0.117268123411224 0.171129493937773 -0.10928852071296 -0.251836449977305
0.0825965945550954 0.0903502621408607 -0.0433874783101872 -0.352340595309394
0.0626469839714389 -0.050114759366985 -0.248163592216098 -0.09707722698792
0.00866409425014386 0.0388334666958048 0.0900511211316636 0.0982419875467301
0.132455931190142 0.0879872693252436 0.118090245621436 -0.114074089720091
0.174213474429351 -0.0984307327634463 0.0984973672165176 -0.0813136755912532
0.0362058575742143 -0.174969216613124 0.140033153042728 -0.142041709463593
-0.0435521475743695 -0.134647197699433 0.118935537699707 -0.214180338431752
-0.0601825455608751 -0.0882493537626718 0.0648676236942847 -0.248941189134171
-0.0554612378482832 -0.0615924433196855 0.0299785015255086 -0.201070034677408
-0.0377711091042953 -0.0629322992396806 0.0321879509553916 -0.140141402707877
-0.0305278209421238 -0.0943378187095223 0.0131131028430887 -0.095940561132139
0.0203069604139062 -0.127762338961059 0.00075798717942747 -0.108195827654788
0.151034739780951 -0.0816147562218349 -0.00405814924436633 -0.131625522244311
0.14773174791981 0.117519949616305 -0.0270484394119308 -0.162485771000882
0.00978686213251981 0.0997620018948599 -0.0847632026278453 -0.286736468353147
0.0251494276513123 -0.0383352085547276 -0.0352510338444946 -0.403261339857539
-0.0485282922717005 -0.129382521324577 -0.238261295134558 -0.087997831732718
-0.0934785377830806 0.0371926146917737 0.055032243431451 0.0275592875556979
0.0553802070657879 0.0993437588208456 0.0797212766280893 -0.0830167716636615
0.09010425899038 -0.0631182851404992 0.136404198544754 -0.0756069675697281
-0.0271007617731903 -0.0903132152362985 0.152800250682264 -0.18080042194774
-0.0657010458036782 -0.0414765449715315 0.0983692231131447 -0.249560894083441
-0.0711905418656685 -0.0031044721545375 0.0377911679332213 -0.265582312553518
-0.0714031691602165 0.0188820985405751 0.0128586793490225 -0.210628866727861
-0.0681204103880448 0.000627128526547445 0.0105160834789566 -0.146096298233414
-0.0689020123284888 -0.0528576197580011 -0.00925385053994752 -0.111327582881197
-0.0162428944914119 -0.108450247587709 -0.00213945585753704 -0.13995326074576
0.104811942614682 -0.0713835357535186 0.0412237744142102 -0.151433733229408
0.058662657496415 0.0936018833924137 0.00526766516261062 -0.147688635082
-0.0746887440641741 -0.0101417817909442 -0.0833885081870632 -0.307440579316004
-0.0122480612587661 -0.169892565407455 -0.0233025002493649 -0.412128093753068
0.000293740942512331 0.248859671138407 -0.0615309640648904 0.340763848665507
0.109671046948904 0.106384946955944 0.0724992293549923 0.394443421067855
0.0346504682131288 -0.0159749551870348 0.0346662880537248 0.115532349117449
-0.0420133948843782 0.0368752423770411 -0.084681631019176 0.119874066078138
0.03480160172017 0.0740953674448041 -0.00538557259763743 0.171998072110318
0.0839173138735607 0.0220693292965265 0.0374893299299734 0.118560667235968
0.0958054764119315 -0.0351533360157852 0.00542242497372219 0.111722058083504
0.0897608974699343 -0.0789924463200328 -0.0351654857426617 0.168448965432921
0.0900923586249868 -0.0813008080073762 -0.0484500169472277 0.219512639616559
0.0996040537729402 -0.0448640778660596 -0.101453799794845 0.224883253472581
0.0797184369517438 0.0149392582207569 -0.164004981130186 0.177659906739073
0.00349176788453223 0.0223265555394574 -0.17674100704546 0.0760173919638678
0.0492962230096129 -0.0861713963074305 -0.102151690303471 0.0239155257296708
0.189017275019021 0.0203664281343012 -0.0700920887552676 0.0228757953133134
0.139843118790824 0.222960718622202 0.107663787845711 0.107940535058202
0.0268841277900977 0.307500731827319 -0.0690682115702716 0.250033256545822
0.1391988010784 0.189820765263657 0.0892897042788392 0.416206794276653
0.116868992216517 0.051934502162403 0.103002433518185 0.0888611256789464
0.0475967885529491 0.0206094450214834 -0.0787011082879782 0.0923037910665691
0.0816250991814552 0.0213586610837097 -0.00468187318500477 0.183091046472876
0.104044422462588 -0.0329613305134555 0.0682891314777118 0.130473472779099
0.102075185577173 -0.0900742636820409 0.0453065177622098 0.0891642123227021
0.0919452801391393 -0.140346888140111 -0.00746916243683354 0.124327801172415
0.10084437675358 -0.152110432457139 -0.0237262437215869 0.167196251212391
0.122367489812391 -0.132938364003249 -0.0741189394592241 0.180654505094877
0.143251244435021 -0.0726240036035283 -0.139035421910251 0.155138057411017
0.122733047390784 -0.0105766251275722 -0.190804830217904 0.0682535270561112
0.153109354798024 -0.0312937784708511 -0.123857414592072 -0.00656130124433974
0.248134269884696 0.0900956590077316 -0.0705819450521702 -0.010516555023789
0.189622412792647 0.274014486626418 0.0771434903524561 0.0476654678333561
0.0791504363922034 0.314647196890767 -0.0855867176392715 0.138558431306239
0.17749308475343 0.216416082204449 0.102590433413323 0.411538770833403
0.197982908484921 0.0922736774191207 0.180927830891544 0.0618003158682951
0.150721581024589 -0.0124733629980093 -0.0401112780624497 0.0494264667895381
0.131345415870152 -0.0585157484384645 0.0118325989930526 0.161840391034938
0.10900206920133 -0.103883165317575 0.100421945911714 0.116207730858293
0.0907564978840417 -0.141880989752664 0.0836219304379748 0.0446954439746337
0.0823782347783752 -0.180876115360096 0.0199174157266013 0.0586235008511247
0.100006126892294 -0.191599153196958 0.00111481825121559 0.0935968477750579
0.128231958243339 -0.186195923553735 -0.0443563289003791 0.112664395621373
0.179095443499915 -0.135947051440643 -0.10522722044358 0.104851776555587
0.21524592615403 -0.0416104006641203 -0.184757230078039 0.0417763627064425
0.243229263561783 0.028201630913746 -0.141953582520593 -0.0450090414004882
0.273554191171487 0.16244405494287 -0.0843481756874033 -0.0723031151935443
0.195551049661595 0.297823018581957 0.044616990448441 -0.0481484178995884
0.139351703358629 0.270463579781006 -0.121507499911673 0.029951982813021
0.206836505298727 0.183139422683158 0.105290457407878 0.373425231456194
0.248236775147836 0.0917823291681108 0.230938878627651 0.0213504102296836
0.228387123517707 -0.0559199546111338 0.0090033091239995 -0.00109953726806
0.163802523323799 -0.142538570384121 0.0435975741608381 0.105544111698981
0.095404501798747 -0.172074591744067 0.13088831190773 0.0640846160322604
0.0634074134681591 -0.177900811208597 0.111187203856373 -0.0210536232931069
0.0598196713734803 -0.195324845918484 0.0423354078502593 -0.0171558956065227
0.0862636466419643 -0.196744725825731 0.0246641951763769 0.0137809199085267
0.115872132400586 -0.198469519790512 -0.0149673900057187 0.0388112793970128
0.179734084660809 -0.160957014614003 -0.0669050877693272 0.0391502391210898
0.258914034706094 -0.0571454308854484 -0.157033530725585 -0.00474965478959922
0.284942334579448 0.0833911376134771 -0.141130622348842 -0.0936030054141121
0.25255914780695 0.214449656564973 -0.0958403380373025 -0.147662217775642
0.164791740490934 0.280882094446515 0.0202059586974853 -0.163371336009196
0.170018520380662 0.183075712937189 -0.172002482260623 -0.0540935070903435
0.18933981623618 0.119886102178451 0.100958796727799 0.305298312696082
0.243290141182809 0.0795124574091575 0.231428089701067 -0.0312234421720133
0.259165716954784 -0.083655284738438 0.0474174609099209 -0.043352283503687
0.163310801452594 -0.197905128259618 0.0842284565592469 0.0296525719654334
0.0624680253041342 -0.208465345524317 0.152609594069546 -0.0192978848048747
0.0263804415591051 -0.186720167284761 0.121412268368881 -0.101647489470035
0.0290212072074122 -0.179407975746739 0.0579336196956713 -0.0908295452612688
0.0575015795655743 -0.170826051944685 0.0447729335362909 -0.0553066294127572
0.0824733917428924 -0.174348943309038 0.0115842396894178 -0.0252290067935498
0.145585778435381 -0.152371602903071 -0.0291988930058235 -0.0244303647191687
0.249115998876458 -0.0568472507576777 -0.107779362073205 -0.0592723486053185
0.266138977963648 0.127768831361544 -0.109787811299948 -0.140954546298027
0.181466268617745 0.226343237743346 -0.0858990366934968 -0.219534729090167
0.110852822861424 0.214580067448972 0.0134788025609838 -0.275208415250183
0.145840233661869 0.0722969943196907 -0.216338856563939 -0.106074042987794
0.11038526144256 0.0678614388862187 0.0913392975138099 0.211120156466836
0.189677133357464 0.0885322304657709 0.185560532761412 -0.0765454969621038
0.242461370048437 -0.0839034819586107 0.0741392448147267 -0.0601883071032242
0.128651144063799 -0.203085000800663 0.125666609788261 -0.0470364719973395
0.0215872460756575 -0.196150480752815 0.161291562366253 -0.113696378963839
-0.0120731945737806 -0.158277619464423 0.116499103813117 -0.179400247496217
-0.00739156346287207 -0.135548308194019 0.0644786794544858 -0.151803099358749
0.0177993968493516 -0.124355827773431 0.0562553488853612 -0.105264176759753
0.0366155757301963 -0.134049391812139 0.0284143360714159 -0.0683232406409802
0.0910483613185385 -0.13362716918329 0.000926636523844222 -0.0727593932374395
0.206304550000661 -0.0530990516948687 -0.0444956605891058 -0.104897737259498
0.20217878913734 0.147726464407696 -0.0529637300814918 -0.168982416449909
0.0813883712869589 0.187778587544222 -0.0560949078442881 -0.270170776226453
0.0579911198332403 0.104939142616658 0.022896095960959 -0.360552272158415
0.0699243145111967 -0.0369946577360345 -0.231334995640672 -0.127985937313961
0.00177114010470076 0.0416545184148972 0.0720071455022105 0.108633106975273
0.116524071799195 0.108178502868501 0.122186043609589 -0.0891809048960122
0.18587907433141 -0.0658105223054092 0.104161243155916 -0.0552469331654194
0.0671357765347846 -0.161487280872682 0.160555717032204 -0.10863179533056
-0.0208840145978488 -0.137813878800735 0.157107476915333 -0.190533547237765
-0.0455443947448446 -0.0971806198138674 0.0997414053781644 -0.234903448512434
-0.0435029501949169 -0.0700168993141617 0.0612852370271949 -0.192577705696101
-0.0259531441639318 -0.0684533697124096 0.0528264391734876 -0.133785090050456
-0.0144896984476191 -0.096056984206269 0.0273124928759311 -0.0928785244991904
0.0391429153285218 -0.119634987882637 0.0169687785387976 -0.107080829151779
0.158304735135506 -0.0538043262495478 0.0171170903113432 -0.132618736524969
0.121954148554693 0.137798159134529 0.00514720619477924 -0.16781529324835
-0.0104554165224677 0.0996142200533195 -0.0262789631737275 -0.297346002461804
0.0239724776510804 -0.0316044979710383 0.0396551213832537 -0.408137922486428
-0.0268533005352651 -0.131413832580139 -0.214103814768799 -0.122640368613061
-0.0968536608849171 0.0218906110743269 0.0498502460007392 0.0283144824954576
0.0392469014980854 0.105429570026863 0.0823682768850115 -0.0683966409049149
0.097475704554367 -0.0454320983105119 0.142793369715172 -0.0484141476721196
-0.00943474169055026 -0.0908003158142804 0.180596901398102 -0.150686819741063
-0.0586546051332103 -0.0505627306899672 0.14083190832661 -0.232578334937803
-0.070701794352707 -0.0143512859647161 0.0761622471172583 -0.256760425541947
-0.0719801044416458 0.0068731121597825 0.0471171508083557 -0.204826428463919
-0.0663147318927624 -0.0114720076656716 0.034188479478895 -0.142741697854571
-0.0586633321938973 -0.0624210750802713 0.00912038474936743 -0.110041027025937
8.91909503858857E-05 -0.108300114264595 0.0202673358290654 -0.136311693158776
0.11232180387569 -0.0526060888548069 0.0654020689650341 -0.144013556687833
0.0412976649469724 0.0989173262756697 0.0347787382127563 -0.146433885541778
-0.0740027702615574 -0.021387267725697 -0.0242605525090699 -0.314452110251169
0.0127484186062595 -0.16705600220392 0.0504389620292044 -0.416661819652968
-0.00358896772475245 0.254324796563519 -0.0667462131251675 0.353431953433207
0.108702067715274 0.108485620074652 0.0704124359142672 0.406058291795404
0.0348329172834156 -0.0166812843528339 0.031044874397293 0.119809974929742
-0.0434457703832141 0.0383711723066524 -0.089191565309954 0.125092848447088
0.0349971477498613 0.0763620009043435 -0.00638159692662603 0.175981974012332
0.087074872076805 0.0222647120233733 0.0366581061763106 0.122293229810505
0.0978906114905381 -0.0356979582126495 0.00484926389872323 0.115871948939842
0.090857803463939 -0.0812625697065949 -0.038272912396637 0.174289243679205
0.0923246709787618 -0.085034340381487 -0.0518232147278545 0.226346735101172
0.102920804250426 -0.0473135409813149 -0.107348491003423 0.231259277218575
0.0834766439935744 0.0154931428291335 -0.17192259600165 0.180984073595929
0.00460652451604576 0.0240344238815392 -0.183333098898716 0.0754626184607952
0.0507597280992886 -0.0864148383056207 -0.104167827344686 0.0209058905923435
0.191984711172047 0.0229919692546313 -0.0711681250718056 0.024885787969286
0.14073511346578 0.229488846245812 0.110776404186672 0.114073967443875
0.0232048254520263 0.314712773319855 -0.0730837928270955 0.260400073533875
0.137897582878707 0.194321913924488 0.087906410112567 0.429446118410078
0.117468125484486 0.055361555307634 0.101661726666507 0.0924673299575236
0.048745200739618 0.0222578229132914 -0.0825694856146546 0.0977011258074884
0.0832888079430927 0.0227068691136728 -0.00595462011005191 0.188686163515751
0.10741051244567 -0.0335850411547983 0.0695460955658048 0.134472060962456
0.104851052603311 -0.092611673637375 0.045729373203252 0.0918096395182884
0.0943102777079191 -0.144611404374533 -0.00935343494297954 0.129134910044966
0.103673455986004 -0.157103829570446 -0.0262033173739696 0.171734988083967
0.125965589285633 -0.137387115925318 -0.0792957730054796 0.185585400823532
0.148770073427847 -0.0740496575829017 -0.146413754104239 0.156704536603864
0.127576321315134 -0.00899975927579982 -0.196332955421486 0.0678137998196554
0.157376734860443 -0.0284278662325833 -0.125112313915511 -0.00956744865847718
0.252354846102999 0.0961429550338625 -0.0700297416107445 -0.0101603577045677
0.190999680859941 0.285192308723971 0.081210999624056 0.051269434696591
0.0769654580874206 0.323819634459723 -0.0875640769185227 0.145709801183231
0.177536851919035 0.224097064796295 0.103114550780075 0.42489140426769
0.200363085729596 0.0972692053846379 0.181804121807073 0.0661723642168757
0.154193143512408 -0.0102990548282364 -0.0416596284536061 0.0533646507569923
0.135179220943178 -0.0591344529097125 0.0112275390048355 0.167435344754129
0.113198685355496 -0.106574923743931 0.102721088739455 0.120236378222305
0.0940089586577663 -0.145623637916009 0.0849795170414578 0.0462472142917605
0.0839798581352406 -0.185853664978141 0.0181192841725305 0.0616099370889221
0.103764839370028 -0.19861033912053 -0.00123794121710752 0.0947873326485763
0.132823490388655 -0.19187515649939 -0.0478683363726945 0.115143245346492
0.18616783629043 -0.138701105522446 -0.112372587986074 0.104515644654292
0.223094311381681 -0.040488881252319 -0.190022939484896 0.0401691569021813
0.249055882625384 0.0329300899365692 -0.143628090546637 -0.0486320033150921
0.278521057733388 0.171234975018672 -0.0829677761972203 -0.0738112127270757
0.198054528395026 0.311438590378629 0.0489884839296957 -0.048951676162768
0.139940285589223 0.280326367294842 -0.123955330318354 0.0319607679982469
0.208792822972982 0.191139104873084 0.105698340393383 0.385561640425997
0.253915080374991 0.0980454199280887 0.233608332612847 0.0252759655013956
0.236057304055601 -0.0550988442091499 0.00884793241375043 0.00202325093987698
0.169764412179572 -0.145421251916102 0.0448449049360367 0.110408284083024
0.0984295956650968 -0.175556427456481 0.134706319427478 0.0673183781300436
0.0663357578993243 -0.183006952527561 0.113699662592374 -0.0213634635585726
0.0619050506023381 -0.199744711292774 0.042159976029839 -0.0163790187480286
0.0887152618439162 -0.202558499866664 0.0239236395623754 0.0135929654392655
0.119472250376295 -0.203708193948979 -0.0168539032840819 0.038648173239391
0.18661283833302 -0.163072815520864 -0.0714146435586225 0.0379828425436556
0.26749598335328 -0.0558033696573041 -0.160379781693278 -0.0067481699968088
0.292976093898416 0.0907630446998542 -0.141811580551354 -0.0984874135293643
0.257057487105426 0.224674958530875 -0.0923947778014233 -0.151730685589283
0.165696965228927 0.294517480116345 0.0260703571299435 -0.168387312641823
0.172194743172655 0.190872909019247 -0.175545499790432 -0.0563386097834303
0.193344561677791 0.126894091643107 0.102748987280847 0.314839521232429
0.249736997403107 0.0848468473234825 0.234776223851133 -0.0294083718094314
0.26741758557676 -0.0849679109265232 0.0497045471835864 -0.0405779496956864
0.169517334994959 -0.201356989390006 0.087516687698725 0.0324980233843644
0.0660394140192693 -0.213865537527702 0.157939608111902 -0.01930749606626
0.0289662653980423 -0.190973955918138 0.125425539311535 -0.103770652396606
0.0312448938908979 -0.183342587945929 0.058329306340179 -0.0921177809437252
0.0597204971031217 -0.17597023318379 0.0447413169847081 -0.0583073762916484
0.0860266009352548 -0.178996415620447 0.011255983840565 -0.0271489784502895
0.150141547030398 -0.153974330068002 -0.0320911016927011 -0.0274272215268195
0.256100172951123 -0.0555031376334648 -0.108737145667233 -0.0632388963313226
0.272529018344357 0.1358989420915 -0.107678464950638 -0.146245127257522
0.183235125056649 0.235804990213868 -0.081215558126054 -0.225391285886511
0.110823289186395 0.226432863475955 0.0194137341191534 -0.284099211125536
0.148758081446767 0.0784915095130312 -0.220880962630316 -0.111769341822713
0.113272277581607 0.0734682517182599 0.0924118607166418 0.216349725286912
0.195375636421687 0.0940226378320616 0.188073848997287 -0.0751574753218418
0.249864190738701 -0.0853004547148932 0.0781059096675443 -0.0581758853814058
0.133480893716711 -0.208810946934647 0.131780500804378 -0.0461140617801085
0.0233960617801812 -0.201343033009732 0.167893669799632 -0.115262609515816
-0.0111531368967049 -0.162772896806755 0.120435555567388 -0.18359734192174
-0.00576176548905921 -0.138604725469856 0.065690736256012 -0.156351166872672
0.0194922515070415 -0.127670630935555 0.0575286810843813 -0.108810802850214
0.0379375686154453 -0.137651241217292 0.0291267060211502 -0.0712133616122926
0.0942129951763381 -0.135020944815905 0.000218062043426383 -0.0760833943321706
0.211414410722267 -0.0524994573926062 -0.0437093740019688 -0.108949434080062
0.207600243023521 0.154786170428501 -0.0491883720668202 -0.174215209719937
0.0825685103139671 0.194555878707292 -0.0495237715724723 -0.2780989109498
0.0573943003805233 0.111843173750626 0.0295212290782359 -0.37340220446934
0.0723979794102428 -0.0348348597818376 -0.237572877869312 -0.135437435968617
0.00259620624499032 0.0449144259062019 0.0723203904257492 0.110169294024316
0.120707462809263 0.112683231715074 0.123879263972146 -0.0880189764907433
0.191653185456796 -0.0672787913151553 0.109112486327962 -0.0541056170400426
0.0696234014057469 -0.165826394599593 0.167970357810649 -0.110257471443562
-0.0210466285525591 -0.141503042357489 0.163789841759041 -0.194924567268593
-0.0461279863643893 -0.0991837168647519 0.103648255469853 -0.241082856697318
-0.0423886283921768 -0.0717356248088837 0.0626658854637101 -0.198288676053785
-0.0250273356254161 -0.0701390912991659 0.0549956028204535 -0.138081952914892
-0.0137610537225373 -0.0982687653786468 0.0288210216103153 -0.097322845408354
0.0403639962652104 -0.121086670628176 0.0179737405927674 -0.111088828213624
0.162770086242623 -0.0545708459274709 0.0191870199295005 -0.136978105953895
0.125584673346146 0.143371605606469 0.00955267863128363 -0.173604021840483
-0.0110927503526288 0.103110533905257 -0.0196560813920112 -0.305453992287085
0.0233983501449357 -0.0290288710693305 0.0449539700190587 -0.421041249590261
-0.0249138430618626 -0.132761023202026 -0.220284716468024 -0.130468856441231
-0.0980765176590059 0.0225379086232454 0.0494118286578368 0.0281261431567962
0.0410485219257208 0.108747094194121 0.0825599188649115 -0.0664912531788776
0.0995156434153721 -0.0467606404582771 0.149251608173246 -0.0470350278173256
-0.00944147278320526 -0.0933427142839412 0.188239416707852 -0.152759060818688
-0.0607811899147059 -0.0522101214710974 0.146192548257675 -0.237985948538836
-0.0719698034093735 -0.0144920774658652 0.0791974701585179 -0.263663259313652
-0.0727893365161187 0.00721605421180372 0.0486168298610133 -0.211935562446026
-0.0672974633017877 -0.0114268505792894 0.0361641111584486 -0.147850669353338
-0.0591670929039761 -0.0637860613467953 0.0113128276176328 -0.114844379309387
0.000810442433150921 -0.109970386038299 0.023018274830492 -0.141068688841948
0.114783694378797 -0.053729217882163 0.0692075978416624 -0.147961246170514
0.043851613582391 0.101666585899399 0.0404836962003735 -0.151434511633542
-0.0739126584739287 -0.0222366308421596 -0.0167688866083492 -0.323761178794928
0.0131858948603027 -0.169611404040527 0.0563866665563248 -0.430559759362316
0.00190325084515552 0.26224020883983 -0.0580845905007424 0.37130693897096
0.112935734707977 0.107301108876712 0.0840496951890473 0.418546415870436
0.0326559969974206 -0.0178277238038523 0.0323222517551366 0.124207394645017
-0.0435267355692917 0.0418251061664014 -0.08978340121475 0.134661709782258
0.0385985999810019 0.0783384616757594 -0.00025704125625725 0.181944897128649
0.0906549763101421 0.0198274731031614 0.0415322969998633 0.124294634962382
0.0994286342165956 -0.0418963903188427 0.00853008570878017 0.119472197596903
0.0889227651406501 -0.0879639379744274 -0.0330921124975305 0.18314443681591
0.0909068571409352 -0.0920224646566832 -0.0468605683511484 0.235859876481968
0.104494338054256 -0.0536111364038851 -0.105221549785492 0.243556625027505
0.0878262279514258 0.0131032651198707 -0.174628110083787 0.192250201694467
0.00692449906440375 0.0254449666014254 -0.187759481684532 0.0819936950442663
0.0483950701807818 -0.090034665763472 -0.106381202191297 0.022215957524999
0.198024587960557 0.0189736871955015 -0.0714236469285251 0.0301234766598233
0.152317602912299 0.233535375413076 0.120439670059775 0.116310576307216
0.0314895810357108 0.324416903709936 -0.0664569781984684 0.27506555390941
0.146073073983152 0.196837845883198 0.103647779297422 0.443259181565087
0.120715479112587 0.0544327960677717 0.103745705748112 0.0940348334552925
0.05040316374454 0.0222470758534426 -0.0831132774794182 0.106449078755943
0.0864259712921403 0.0216043256636368 0.00100766957891738 0.195633497867124
0.110052915532099 -0.0385065002277657 0.0758248742543783 0.136441565807205
0.104956251425998 -0.100178612822858 0.0502224643986233 0.0930957552328184
0.0914225639334145 -0.153184265739054 -0.00659049572119083 0.134878844803518
0.100477487149103 -0.16820255742181 -0.0221148747454194 0.177569372644613
0.124839811692989 -0.148246865250156 -0.077484851789662 0.194766750098525
0.153162382921182 -0.0827520640024182 -0.149223925450337 0.165441838128713
0.13307046486684 -0.0118956814287979 -0.201184598241121 0.075006577535212
0.161891999804611 -0.0323100445419114 -0.128263037667658 -0.00800769665912854
0.263114924092932 0.0938015141340586 -0.0702082275298387 -0.00676076663233579
0.205912140769781 0.290848063841039 0.0882634961102821 0.0513595662082055
0.0869632086075878 0.333344132857767 -0.0854391667055962 0.155535896745292
0.187954499256648 0.2276607347883 0.118716319334787 0.438107820583288
0.208256955505224 0.0967431094677618 0.186318927948538 0.063938036845383
0.158840191929212 -0.014887252390476 -0.0424827115435791 0.0598866995767438
0.137921900992704 -0.0645035809016944 0.0179369661846986 0.17480852934188
0.113893803636756 -0.11324891854711 0.110857483609305 0.120329008800732
0.0925374317977901 -0.154533997052713 0.0889399470836634 0.0448430654761385
0.0808759475862087 -0.195596665820582 0.019113371348758 0.0642564356122556
0.0993296840305845 -0.210679414854545 0.000856302197699328 0.0974966732076567
0.130533143907381 -0.204892670033286 -0.0482403759714808 0.120656749866646
0.189302985123788 -0.149114665537407 -0.116083807794661 0.110843312141732
0.230722191793695 -0.047977285541373 -0.195145206370124 0.0463149301391312
0.259781588045262 0.0298039714753392 -0.147233535407005 -0.0476682700681436
0.293164199220218 0.170795875965924 -0.0850435450406403 -0.0729649617103018
0.213390822038247 0.319008687895804 0.0529297621238871 -0.0524666702947548
0.150481748959745 0.287602533614232 -0.126637323662798 0.0384397628259906
0.220734079068011 0.194091116962425 0.122305097127662 0.396081407805333
0.264675238127412 0.0951363414944974 0.23908990629787 0.0204486742928358
0.242255268559841 -0.0641072846701522 0.0102291551049414 0.00524983790425435
0.170828756503157 -0.155545491345735 0.0521746565068115 0.115527201788598
0.0972507680642973 -0.184700236718992 0.142724872254569 0.0649924732743068
0.0625787217426919 -0.191409912111296 0.116686664827723 -0.0263076344694819
0.0585158015875475 -0.209603974468522 0.0413266341662813 -0.0173985580030733
0.0854396538015722 -0.215244691593274 0.0237897712355328 0.0117387693460155
0.116662938592629 -0.215370715216212 -0.0170405479131438 0.0395960104392197
0.188323159176645 -0.174444770723612 -0.0762530682805925 0.0393636819218749
0.2753881383321 -0.065829154865076 -0.166072925046873 -0.00359031078703385
0.306839020662349 0.0877169676068163 -0.145984999683684 -0.0988765853680891
0.272418358649112 0.226595683477804 -0.0953799659227166 -0.154027636163237
0.179623827164471 0.303705688070775 0.0251339507253915 -0.176799397857024
0.182807847831955 0.194808282113695 -0.183679549400367 -0.0522406258213883
0.203455545421972 0.128044419177835 0.117182668124507 0.321824514452851
0.261825033406951 0.0823987056753837 0.238511942208899 -0.0356597781655761
0.273904899110983 -0.0966759312824401 0.0512380653893253 -0.0400114607786354
0.169540709510337 -0.21544366061361 0.0937134139680968 0.0326674108138505
0.0618612380791799 -0.22382355110976 0.162704669983349 -0.0238835077883025
0.0236975178321596 -0.198928287446478 0.126354107409238 -0.112122037711986
0.0267129088234323 -0.191173633349563 0.0564052016697541 -0.097041283810938
0.0562646277207238 -0.185160489079754 0.0435889681811825 -0.0630569944911126
0.0827754484082348 -0.187690424327969 0.0100501543351648 -0.0302500774727762
0.150819440087408 -0.16317441400775 -0.0349793222293105 -0.0292504066618253
0.263028275068235 -0.0650548166457355 -0.114070619671042 -0.0631343059781889
0.287575324969875 0.134512779331396 -0.112636784414028 -0.148783795877049
0.196173063220517 0.240162891848536 -0.0847863203912802 -0.230777368686512
0.120450981891126 0.235293720324576 0.0149913939819642 -0.296617282031095
0.155909555350547 0.0788226434012597 -0.232199857652525 -0.109367511115148
0.120341520120091 0.0750879172625381 0.102108953214742 0.220730581963428
0.207166454992206 0.0919076283208428 0.188634174330884 -0.0809411946266133
0.256747375323715 -0.0970799567231147 0.0804415474995418 -0.0596529139021688
0.131998018772384 -0.221004045909233 0.13663972658323 -0.0495970418189586
0.0177134776287027 -0.209275981485277 0.171272496586443 -0.125443529689618
-0.0170224251893379 -0.167245988396922 0.118067259777803 -0.19393825582566
-0.00970449374377193 -0.142704890866717 0.0616429864150755 -0.163610006766728
0.0160690973618022 -0.133257825338047 0.054467507309987 -0.116194366979849
0.0349208064033433 -0.142448686266055 0.0271867996858345 -0.0765072800110915
0.0925663215304686 -0.140824053350051 -0.00334885466985496 -0.0800112397987724
0.216189579506183 -0.0604229311445563 -0.048632109778368 -0.112814716808272
0.220398586180731 0.155519138217602 -0.0528541164620623 -0.179259691578721
0.0915960968082006 0.200176833498715 -0.0531213766642902 -0.287312641929124
0.0612511992786611 0.118198437148904 0.0209818356798321 -0.389248138282436
0.0746259471901263 -0.0359919392063857 -0.250821303351203 -0.134659594488198
0.0058321373949307 0.0486143641599522 0.077015536641719 0.111572067039337
0.129602326313899 0.112434316124202 0.122827537842249 -0.0924347972864416
0.196230134460588 -0.0772457531888942 0.113304594849671 -0.0566326420697056
0.0671067703796472 -0.174241651778007 0.172690777828108 -0.11743645953233
-0.026642643559182 -0.145873265607336 0.164088976092395 -0.207214049434228
-0.050452209707516 -0.10052637976038 0.0987784110609499 -0.253541485068696
-0.0446189337607041 -0.0718575111412794 0.0572787947851273 -0.207926139620083
-0.0275301744846142 -0.071644700969848 0.0515057638716709 -0.146516090543673
-0.017413801362701 -0.0997975669074131 0.0271500068904084 -0.102645898329851
0.0374622581176005 -0.126039409429442 0.0153322815107618 -0.116067663779932
0.16565761499625 -0.0614210779854303 0.0166612261251896 -0.143507893178424
0.13593282163278 0.144964433515995 0.0076643501179389 -0.180215552920319
-0.00743246811815051 0.107621266215019 -0.0233423473723512 -0.316295160067145
0.0227204196970451 -0.0280894326497704 0.0367489760501975 -0.441580781675499
-0.0288124033085185 -0.135233089451441 -0.234123881939204 -0.13039828399744
-0.0985300184170923 0.0277769561003994 0.0487353182191254 0.0258989024080996
0.047643336703413 0.11021340366182 0.0814224895889054 -0.0684395260020767
0.100736450460017 -0.0523094418387487 0.154602762569535 -0.0507109823259102
-0.0124667618295442 -0.0959318954630846 0.191837537976831 -0.162682148418376
-0.0652998506374726 -0.0511837203060938 0.14614386705364 -0.251173027025924
-0.0753261985629523 -0.0108388330610748 0.0734663811266294 -0.275598278947789
-0.073204463106752 0.0108994878392917 0.0426223616088649 -0.221879635689821
-0.069248446593174 -0.00912043930329804 0.0319777112275256 -0.15474813586404
-0.0635013797616329 -0.0636841182132667 0.00817094253654506 -0.120013594647676
-0.00411048250633482 -0.113219121604909 0.0196298612634246 -0.146954443731188
0.116544607352368 -0.0603220975263571 0.0685580946496684 -0.156029837156046
0.050439062562125 0.103335408433152 0.0397182829080262 -0.159141145678644
-0.0756805243993777 -0.0206610404640529 -0.0218880496276446 -0.334366419559975
0.00787125326254009 -0.17329135210257 0.0465492569383719 -0.448382382755054
0.0146563753934352 0.262855273682131 -0.0377580645727065 0.38074229319037
0.116325232158241 0.101087072581506 0.107159907877901 0.418318650387122
0.0298377987750397 -0.0183304312994534 0.037069640149277 0.124856811880014
-0.0414359443284494 0.0454355347097433 -0.0842461883100224 0.143247924246106
0.0436394046424729 0.0776487438189333 0.0105435396668292 0.183293733019029
0.0925217978356938 0.0141412810864493 0.0480961860080867 0.122564433958599
0.0973609230060725 -0.0499050247569347 0.0157716471062252 0.119547745124027
0.0830408604123972 -0.0941634671606491 -0.022794917980734 0.188927212480926
0.0840563822413515 -0.0997568261837969 -0.0333008163237943 0.240166485841741
0.10179303798571 -0.062077796651876 -0.092457745178019 0.253182767881193
0.0913421916134135 0.00643762421586317 -0.167112197291876 0.203081304531554
0.00970263707939664 0.026433719726357 -0.186185455289841 0.0924748199631634
0.0422541538874356 -0.0917223028017773 -0.105998730940365 0.0263189047937691
0.199642784598908 0.00920257309960363 -0.0683673731012125 0.0358568140450017
0.165533234368799 0.226917030985482 0.130210492992593 0.112398784707928
0.0468030070290546 0.32587202687728 -0.0510923228530101 0.283847545764358
0.155414737747191 0.190220915342994 0.129692435471879 0.44099148514618
0.122189434700821 0.0500412917951021 0.106158727927905 0.0908800411146111
0.0513742723552001 0.0208224160122369 -0.0789574145486116 0.114771842695901
0.0884807025225007 0.0178607620103872 0.0126794287715192 0.197661543806919
0.108863604226237 -0.0451405335315515 0.0837049150488496 0.131960816757471
0.0997391526132428 -0.108144818493786 0.0559551188219572 0.0916459461610716
0.0818108985476366 -0.159854504109776 0.0012696086199143 0.13826681496246
0.09001005032091 -0.176557716782868 -0.0129555230251828 0.180546758406839
0.11631880697179 -0.158468932484814 -0.0676778776723277 0.201492676107182
0.151149052036471 -0.0930960577834632 -0.143958335894307 0.175413185576977
0.134852332340538 -0.019735753733913 -0.199335105718335 0.0855473536393851
0.161512287691945 -0.0389850287992796 -0.127964231910443 -0.00375733293933887
0.269802377940985 0.0816386485629275 -0.0680335876479448 -0.00198223062259026
0.22374832937963 0.283386282298736 0.0953793337151796 0.0470236328834115
0.104353443367125 0.332654875753757 -0.0763297411402625 0.163902574711553
0.200234501511334 0.219772237687307 0.143889876856385 0.434588944877645
0.213394570468607 0.088171861311255 0.18741457795921 0.0558027033210522
0.159046990268249 -0.0234640437280666 -0.0398742095310049 0.0661504450464758
0.135229121270917 -0.072081883589511 0.0296061138553126 0.175889883427534
0.108708898721625 -0.120839252549688 0.118585872557245 0.115131580207556
0.0838711566234866 -0.161635596738141 0.0917094084622507 0.0395818165758094
0.0692378366326022 -0.201817989880524 0.022590633459285 0.0646841757302341
0.0862310579862959 -0.219870233856161 0.00491945146383568 0.0977406486438974
0.118006523402091 -0.215249331806641 -0.0415178819392272 0.12412294590904
0.183577567491194 -0.162185897199306 -0.113771867772325 0.117967713796036
0.230730052065473 -0.0613181336036304 -0.19458701622892 0.0569048153363016
0.264184866551539 0.0176333953156603 -0.148687825190771 -0.0419914614457746
0.305304641767939 0.158610005505702 -0.085530217809958 -0.0683196825082969
0.232337638574365 0.313310534629165 0.0536647938960709 -0.0576595590405279
0.165876087878807 0.283040319196503 -0.123779575384091 0.0477493970003339
0.232210498483714 0.186100195638221 0.146280110082986 0.392539310957849
0.271637069931733 0.08318758038999 0.238474943727001 0.00970126704914935
0.239949686292467 -0.0780177958866569 0.0106345413706873 0.00821345359828232
0.163431916973311 -0.166674635496897 0.0599752215597386 0.115478210975193
0.0876225066651273 -0.192273655105425 0.148473466219076 0.0580520258096871
0.0524180775293098 -0.197374757090977 0.115642393820352 -0.0335541385006554
0.0466346102548139 -0.21511174324306 0.038870726426704 -0.0189046266336342
0.0726306885696631 -0.22245772003227 0.0232292659284256 0.00921901131945608
0.104788433342406 -0.22423236332498 -0.0164045763486272 0.0398896999401445
0.181325120345492 -0.186272563183654 -0.0765306877583748 0.0430117764078719
0.274877589592432 -0.0813554599229834 -0.167232124538009 0.0038277548396472
0.315585557212164 0.0735919395290621 -0.149779488214411 -0.0930444068663151
0.287095802974767 0.214888975637448 -0.0994783418732441 -0.150920524707941
0.198184678807227 0.300108599377157 0.018400837007542 -0.181955105155565
0.193794663801986 0.187965591598014 -0.187299850148852 -0.0420223399137558
0.212168174293018 0.120758452823517 0.135317722877827 0.317544705776084
0.269671487832296 0.0695844473877644 0.234970946223043 -0.0463812918159797
0.271789849921229 -0.1131483605941 0.0506748739209798 -0.03976227550943
0.157491829317017 -0.227352260797073 0.0982956000307296 0.0297606506922345
0.0495518053653322 -0.228227921586348 0.164761345098811 -0.0338376872377343
0.0117996283205823 -0.200741960496034 0.119867758726251 -0.119808712351697
0.0164921600448577 -0.194577251745306 0.0494468687543693 -0.100217481000676
0.0458091508153225 -0.191145325625449 0.0386077958946663 -0.0671195121182529
0.0719906748707017 -0.193439145856126 0.00787146563325764 -0.0317290032878217
0.143155237915552 -0.172437494480251 -0.0390662961571644 -0.0291285072684624
0.261319865305602 -0.0799190053885876 -0.117666849263577 -0.0593797048126672
0.298966731602363 0.121337260986321 -0.118082829702691 -0.145627607662558
0.212100062230169 0.233449999814817 -0.0915473271033896 -0.230715675918533
0.13429052453982 0.234916793401477 0.000486711206402311 -0.302720584605095
0.160955253720586 0.0730561353471543 -0.240468620872597 -0.0979969816078317
0.126811610922923 0.0718319323436453 0.114614940466843 0.215647804713115
0.216242923962477 0.0816796341382612 0.183333672649438 -0.0896863265224476
0.252934279472091 -0.113323069184232 0.0791514896988727 -0.0617257104886129
0.119859284500829 -0.230992012130104 0.137515450716447 -0.0563374944555289
0.00617810828045085 -0.212196070380409 0.166786918443997 -0.135541035668814
-0.0271068749448473 -0.166916025791712 0.106883163430345 -0.20251801937184
-0.0162922615947639 -0.143483750195633 0.0513203321584685 -0.168590609402906
0.00955943374963433 -0.135962127653108 0.04725656334502 -0.121823418469225
0.0268580642597318 -0.145115225349802 0.022512987134369 -0.0797600395837789
0.0849980808999736 -0.145796551496699 -0.00851832643472432 -0.0823385376216337
0.213789012621861 -0.0733704315941776 -0.0541282126689525 -0.112000562599796
0.232492629081881 0.146083126331463 -0.0592540455704631 -0.179462696065676
0.103753817722545 0.197988697828776 -0.0628954158350574 -0.28797976047459
0.068554459199072 0.120032890907497 0.00132221240795961 -0.396264046850725
0.0743927107107225 -0.0385272439830311 -0.262241493628427 -0.122689856456323
0.0103983376379916 0.0502735837847954 0.0816789181714199 0.106335751280306
0.140330643087134 0.106259117946896 0.11596377632041 -0.0978113774669153
0.193600933569647 -0.0906387084075134 0.113189203009619 -0.0612323682740464
0.0574027227823686 -0.180828445911768 0.169668011148717 -0.127221266339614
-0.0352507964733495 -0.145123552996441 0.155532113296327 -0.218263070879365
-0.0571011022624374 -0.0966137263039907 0.0846177065157537 -0.261614658748043
-0.0480197251504086 -0.0700550364758832 0.0442749491512402 -0.213309917439372
-0.030806229757791 -0.0707066539958893 0.0420109474806407 -0.15168551712806
-0.0236891456375597 -0.0992461280407667 0.0212486136269114 -0.106576162249924
0.0303267150926287 -0.127379403501835 0.00806858579562317 -0.118681262441257
0.162367538102723 -0.0719248380546193 0.0103711483013464 -0.146292353224376
0.147760459427068 0.138873701125382 0.00167322183487165 -0.182796668194219
-0.000829036835927324 0.109768756754343 -0.0353061443655207 -0.319055169869381
0.0208783699127703 -0.0256863488454671 0.0119849153171093 -0.448257632592579
-0.0349393513594916 -0.133712742379757 -0.245537868519034 -0.119817479565318
-0.0958243733611053 0.0346148432496925 0.047193388014059 0.0220127497338238
0.0565393871117263 0.107598496036919 0.0763029215154297 -0.0701857134172271
0.0977709208997948 -0.0601728632809901 0.155148638601572 -0.0592379860435356
-0.0186116857164965 -0.0963263763269641 0.186229476461781 -0.174067685238193
-0.0684871457744159 -0.0478205073945014 0.134048471556473 -0.261761888351382
-0.076663253427951 -0.00580023227156606 0.0567210196929716 -0.283016859283509
-0.071045069213543 0.0155405167745906 0.0294266687707797 -0.228163600308032
-0.0692863063836522 -0.00506215528729361 0.0224733639778455 -0.158613259905475
-0.0670248169507372 -0.0597667928315804 0.00112949017583546 -0.122843125388276
-0.0104725142972526 -0.113646069996625 0.0129269005769399 -0.150882481627067
0.113612297257535 -0.0683262362646923 0.0606227767313631 -0.16267339298537
0.0590505721117934 0.100634167606862 0.034020117887462 -0.163536996240065
-0.0760849328550947 -0.0161267516298104 -0.0359104443904373 -0.337287258765831
-0.00224808675682756 -0.172988034094262 0.0225557971666024 -0.457508173507355
0.0258499316887109 0.255261149104885 -0.0177193361050758 0.37367714394155
0.115423716935581 0.0928756204949314 0.123747907611466 0.401791087235155
0.0258060105934521 -0.0185127045856558 0.0398672691943147 0.120077896713441
-0.0383493567362442 0.0471291672356678 -0.0759117732547671 0.145956478496973
0.0465239232697991 0.0737988861573218 0.0191770911641435 0.17706209277713
0.0905114491405751 0.00900837365291236 0.0520904337754428 0.116347997928925
0.0914912015495068 -0.0541730704426887 0.0215674005317174 0.115072634322572
0.0748383321125206 -0.0954405293506485 -0.0118219617036129 0.186086540341073
0.074899717233005 -0.101582351942678 -0.0212076168221992 0.235836616922628
0.0946796614264212 -0.066485776367072 -0.0782697946916089 0.251142800654717
0.0902115355732261 0.000964752037564607 -0.15406429071696 0.206203532643133
0.0121180156949406 0.0266999539864531 -0.177030478290457 0.0974289936115412
0.0361876377048887 -0.0888732103926156 -0.101524250749121 0.0270893767399169
0.193912069634105 0.000722334070680942 -0.0627716244066947 0.0386635373962759
0.171661835297697 0.212140777517143 0.133898500509784 0.103364604101057
0.0600430121036609 0.315036267552061 -0.0349594669734105 0.280788085235015
0.157110232439645 0.177994357540228 0.148244723522372 0.424999997312461
0.119540027831607 0.0438913322177807 0.104226708399305 0.0846586052278166
0.0505040807738142 0.0188546074939576 -0.0714944794678412 0.118485506537919
0.0870784921750676 0.0136440405259334 0.0227634447305978 0.191652958845832
0.104185087386644 -0.0497443446273259 0.0873158320540844 0.12423324954063
0.0916011610606541 -0.110952304601711 0.0580587501843378 0.0854747904714563
0.0708005362233072 -0.160543132893584 0.00845025569656195 0.136099444069619
0.0764002448573644 -0.178045170049589 -0.00456936388959288 0.175372588791623
0.103869940266709 -0.160475726314419 -0.0560606380143463 0.199439666169643
0.142997353042691 -0.0996477113335488 -0.133654738765206 0.179273587083792
0.13182080769284 -0.0252168588262911 -0.189515603748813 0.0917661245670909
0.155684670241618 -0.0433787063343618 -0.124003511535719 -0.000171388152427172
0.26606780393393 0.0686290487626269 -0.0632026408180542 0.00178849409621873
0.231017081953655 0.266374615996453 0.097038123783883 0.0400910228506513
0.114887881693486 0.319892779501602 -0.0647897968695598 0.164372132420055
0.203109298134981 0.205836106855812 0.1623151186336 0.417011160016599
0.211497758301907 0.0771692514449926 0.180855490682419 0.0477442372934904
0.152659617008209 -0.0297807340391797 -0.0358627030803652 0.0701741953424919
0.128633487025391 -0.0761111166955693 0.0376186401053146 0.170761073356313
0.0996339543242186 -0.122840007589958 0.121213856110637 0.105722536521681
0.0734099735857032 -0.161286414445074 0.090213486924384 0.0337121173365951
0.0569578634305094 -0.200787706623703 0.0248509098523139 0.0638473630435857
0.0718534512666714 -0.219363566784518 0.00880195304278045 0.0933520505963885
0.103028984191153 -0.215274311467285 -0.035315090803082 0.122680385826742
0.170613967053006 -0.16762445621177 -0.106867595020545 0.120614166753382
0.222475812253152 -0.070166614395385 -0.186277914238581 0.0626896385694556
0.259398838515425 0.00661391658701406 -0.144974272346966 -0.0367758407320898
0.304104406181329 0.141126172107375 -0.0821894315720529 -0.0642070566735236
0.242350283136243 0.295842505285664 0.0514809390333131 -0.06082424231576
0.173200759815896 0.269128008136044 -0.117051510734987 0.0530776428798274
0.234044872016096 0.171604040734165 0.161325565586514 0.374866948535471
0.268869246614516 0.070360038238649 0.228164459028595 0.000764040392442524
0.228866355805062 -0.0865863938079582 0.0115851100450029 0.0112627131181481
0.150968214732726 -0.170051438676934 0.0653426465811317 0.110569889707396
0.075856619081289 -0.190438386452594 0.147744427324641 0.0489628528298413
0.0415965554479334 -0.193838245810822 0.110483904301875 -0.0389938096975362
0.034604066459297 -0.211257155575269 0.0361014159348346 -0.0189313004529403
0.0582503141414098 -0.221961777176589 0.0215782572967654 0.00614561228986543
0.0891298828484879 -0.222756665148806 -0.0144478509925447 0.0387576196617067
0.167381521836243 -0.190041635628157 -0.0748952437945807 0.0457380212169388
0.263547564100983 -0.0922037916895688 -0.161765012693633 0.0108227348884722
0.312647324135914 0.0587259105647511 -0.146484777170145 -0.086059445879077
0.289915828880253 0.198149621292605 -0.0991966021220111 -0.144257303529785
0.20703233134178 0.285496271131286 0.0106518609268312 -0.180645785609965
0.195635479745574 0.176027917302365 -0.182898496835262 -0.0315245681463316
0.213007555940935 0.109326607768905 0.146118419559978 0.300932619252067
0.26698447039263 0.0566873235688567 0.222468825309528 -0.0534342471317644
0.257849492693224 -0.124487807026049 0.048199894688278 -0.0381399539445328
0.142576591208031 -0.2296833763456 0.0997436482251389 0.0256538023172902
0.038001441818612 -0.224634237884174 0.159968594570164 -0.0410323440751014
0.0018603853991038 -0.19562331616232 0.109731585414402 -0.123174409952038
0.00652025376047313 -0.190179920580197 0.0421587623748335 -0.0991893600060611
0.0350636673330871 -0.188850083109965 0.0327537640555466 -0.0677959868233851
0.0600994158417254 -0.191199632178685 0.00564125197978887 -0.0326791878945218
0.130719210520282 -0.173684444855836 -0.0410316959210542 -0.0265255137114328
0.249797776792905 -0.0894342401795904 -0.116502427374744 -0.0535369181815123
0.29858668922705 0.105861261159762 -0.118257105203198 -0.138307975543359
0.217712779541418 0.218468883181546 -0.0949568694347417 -0.22201928872387
0.142243354501271 0.225613884269186 -0.0128201784315972 -0.297582715081579
0.159728130483347 0.0657609344485576 -0.238673105768117 -0.0845870956893184
0.127882463512945 0.0662009564502034 0.12067008690968 0.20305854231693
0.216246686473454 0.0704165003812503 0.170913890739678 -0.0925910382054845
0.240150411213716 -0.123885944795326 0.0766440092090426 -0.0611326297088242
0.104608362497807 -0.231518362448606 0.133813393102979 -0.0602274173544172
-0.00485771563055357 -0.206256941728413 0.157179003981161 -0.139996005742009
-0.0340666502738078 -0.159594960123367 0.0935886943591564 -0.202865945162712
-0.0226878687652702 -0.139205727552969 0.0396611816890117 -0.166903628640178
0.00316841854841056 -0.133432034401945 0.0379093426944032 -0.122044793388862
0.0185081930747136 -0.14126135466142 0.0172871660820125 -0.0797428199848594
0.0750984619448122 -0.144766528329497 -0.0130681831025394 -0.0806671290276197
0.202591331115721 -0.0812831892062604 -0.0564930390515833 -0.108205433668766
0.23419321960912 0.131250705319372 -0.0632889481388843 -0.172889488340234
0.111333114157122 0.188767632119662 -0.0691802197686171 -0.280531384810832
0.0722906465620754 0.116920800944323 -0.0167325209910747 -0.388626864165357
0.0705846973716399 -0.0397619526714687 -0.261855353811874 -0.107841226774508
0.0147404548499738 0.0497024982039442 0.0819995572506781 0.0989260380173899
0.143789339390504 0.0961604924386968 0.104898886206883 -0.0962033601022112
0.183230197177442 -0.0985618640293744 0.109317812909387 -0.0627181118387964
0.0463401227096173 -0.179025395138209 0.162666443993744 -0.132055042488429
-0.041137597532596 -0.139138816912099 0.142051863683434 -0.220855301115292
-0.059882750307402 -0.0900547086394759 0.0686834651458438 -0.258846309455854
-0.0486867052399692 -0.0653857849409112 0.0303225485079585 -0.210561957369921
-0.0323439308946642 -0.0672892230431094 0.0320888648049189 -0.150445249355762
-0.0279229706937508 -0.0942070687036093 0.0144498310859406 -0.105795353928923
0.0222595342108073 -0.124668792423531 0.00209590745687715 -0.116647005278201
0.152932215760939 -0.0779665016537411 0.00289556220805787 -0.143843228135375
0.152181999927603 0.128044448354894 -0.00385256779174592 -0.179106238011864
0.00508141576419926 0.107523238901243 -0.0441653195051669 -0.31049170486629
0.0186009462361728 -0.0226659309603434 -0.00842620308169827 -0.438298216260623
-0.0388097906354079 -0.126972080165337 -0.246877547581313 -0.106604683374971
-0.0889686473905938 0.0392280849218675 0.0437523763185167 0.01832361222748
0.0619608415805414 0.100211124267506 0.0688186889799741 -0.0685792239709588
0.0915380222814495 -0.0638510617489413 0.150411875217647 -0.0631854964508158
-0.0236425514819215 -0.0920620104089475 0.17557325985579 -0.178534807111051
-0.0692403452042932 -0.0423698884327864 0.119141814194549 -0.261720091651124
-0.0739934638670878 0.000184641492771701 0.0412155479637355 -0.277710975344236
-0.0671743422894924 0.0186586723295467 0.0154492822025643 -0.224202888155458
-0.0658791582238362 -0.00102307453400112 0.0128688192073269 -0.156438616058002
-0.0681521834204513 -0.0540465177457159 -0.00492725466264389 -0.120435670081568
-0.0165042780171698 -0.10941358981297 0.00556602865414797 -0.14838898762246
0.105795952709358 -0.0724796494626694 0.0513636160686163 -0.162783954333673
0.0642195342287945 0.0942980269991229 0.0282299803621739 -0.161215837850225
-0.0735469546264606 -0.0113831505084855 -0.0467025252120563 -0.327997067736825
-0.0103438701907625 -0.165410067955237 -0.00123303837180543 -0.448309429102248
-0.00966159184834732 0.239855872076988 -0.0736055666509871 0.358084101696506
0.0927118010950768 0.101927380370152 0.0704519746787783 0.400291096861388
0.0243211619566912 -0.0129732644392278 0.0228857097525574 0.119520715714121
-0.0442815361063336 0.0391294711751322 -0.0895860281754781 0.127718981843816
0.0325970315293874 0.0773224596969671 -0.00619397465729236 0.167522169861868
0.0830431001380337 0.0189133340879718 0.0359961170624304 0.118440311570073
0.093143564067509 -0.0420540933886774 0.00710211393063008 0.112300930426571
0.0830195958600991 -0.0822184832531344 -0.0329453009367855 0.175788692214024
0.0841680369235232 -0.0885808640093283 -0.0499447910895421 0.225214633761466
0.099094326507165 -0.0537670202846912 -0.108664258669058 0.232094074264355
0.0894432712319664 0.0105765703130047 -0.178411299219643 0.179981881118927
0.0122646216464663 0.0274683978289074 -0.184368862908917 0.0720393615921869
0.045727825832936 -0.0787444676089316 -0.10400255820203 0.0139563568213952
0.186135326758999 0.0242650760282951 -0.0707950171893387 0.0331733705228495
0.140499214187135 0.224753616236722 0.109681506378057 0.113834521967757
0.014690536329836 0.300500500329416 -0.0812274082827738 0.27273924210825
0.119852672354702 0.186665607936841 0.0881367080194839 0.428853431860957
0.10230213177533 0.0585898078074402 0.0857192379415612 0.100155381917781
0.0428559608533012 0.0260741578688159 -0.0826254713338783 0.106370609061166
0.0798138097270819 0.0271274124275756 -0.00306068476640186 0.184722782870997
0.103246229946279 -0.0333854289148436 0.0707439930664747 0.129877163773089
0.100190733985376 -0.0957025973044026 0.0451234519264006 0.0892123753046206
0.087425274570917 -0.145627194929156 -0.0097565453454348 0.130096856350109
0.0948337790946714 -0.162195356858696 -0.0287911421757281 0.169266547112878
0.119257448942658 -0.141787702072637 -0.083165891055289 0.187236284605659
0.15235225360008 -0.0785810936132238 -0.158868730835055 0.158071360070176
0.134354260548396 -0.00712495148277915 -0.199557428866523 0.066021696470779
0.156112124428437 -0.0201405823172834 -0.124536665794593 -0.0180927612826168
0.248032383611632 0.0985223861343227 -0.0702674853681363 -0.00734752009697978
0.191206587425851 0.285056185620275 0.0775747805958578 0.0454951469448077
0.0655992643417696 0.312899850599701 -0.0949189751974703 0.164212882502516
0.159416641297952 0.218757652678069 0.104799076681338 0.426587696417918
0.184799123854992 0.102422828468963 0.161789346706369 0.0799092776465022
0.145997322427363 -0.00379632416419576 -0.0407127390307594 0.0700284771759997
0.13226804015455 -0.05132732577905 0.017237725630451 0.171178695256576
0.109559360428329 -0.102747511596996 0.109043040725173 0.115740502404758
0.0901051230046872 -0.145390911116558 0.0823850262922079 0.0434250870022547
0.0794526403926314 -0.185927778700314 0.0142567992878024 0.0629907818007276
0.0962554230953774 -0.202375139236213 -0.00753266545929991 0.0916815250903761
0.125455874560135 -0.193405000474563 -0.0553443799245052 0.116832406382946
0.186228335335986 -0.139483752163912 -0.127705823017964 0.106782915573161
0.227175788763066 -0.0393498377572463 -0.195354499716776 0.0394822720653011
0.250613011511398 0.0407081557045569 -0.141635614208112 -0.0588995025857874
0.275928931919181 0.174998066654434 -0.0824324033111958 -0.0776478406007728
0.197976276646475 0.317029990737504 0.0439175205970977 -0.0607461506381073
0.126037323483173 0.27348284448468 -0.127992087075519 0.055601986830521
0.193786727266529 0.191476848378319 0.109293720312106 0.387158585761438
0.240979953331454 0.104371101493388 0.213525424420137 0.0449401833020066
0.227359408849302 -0.046830956795287 0.0122071791182964 0.0243813797779031
0.167510912995433 -0.136707711723072 0.0535326095749176 0.121338078591939
0.0959288427757205 -0.168505573820059 0.142857653777843 0.0641602645812986
0.0626882506486961 -0.180212117336551 0.109085804828684 -0.0227145589836895
0.0599277429454362 -0.199671123262788 0.034409519967094 -0.0141780507314061
0.0837539567109739 -0.205808719429496 0.0146521576667277 0.0092169071929277
0.112677665030378 -0.201233698866883 -0.025004620017402 0.0384574003534539
0.18479502310712 -0.160623530579695 -0.0879264597622961 0.0386249085725452
0.268139844307019 -0.0539961127114766 -0.165799345441265 -0.00838850249973668
0.295823534740961 0.0974250179588043 -0.13832883993089 -0.109191776911409
0.255114752968832 0.227521072751809 -0.0891831682653381 -0.161047378550387
0.167341322116087 0.305203270464006 0.0194759224473069 -0.18398706460513
0.159692879641101 0.190889073243773 -0.173359212173021 -0.0326688947122827
0.183608232176206 0.132403167848366 0.104821603530839 0.313147401578909
0.242250893823361 0.0909600502065505 0.214830562098761 -0.00650463940185861
0.260204921505183 -0.0789580331796162 0.0544056955710438 -0.0162567664628481
0.168993029370247 -0.194161834504498 0.0986386525674345 0.0462299710005421
0.0649384121578715 -0.205504397693573 0.166613301872328 -0.021123540764939
0.0253012885647803 -0.185986706437349 0.119149402037476 -0.102879610068721
0.0304461643748083 -0.183118947502855 0.0488547450576878 -0.0897594942949807
0.0569641695426339 -0.176786909813808 0.0351285570364506 -0.0618909860179089
0.0804312014019449 -0.173546465091186 0.00395634246609353 -0.0285820186472795
0.147111963956079 -0.148558850968864 -0.0450754766786087 -0.0270566956325897
0.252755663121471 -0.0533471159489093 -0.113373286346661 -0.0647778612495552
0.276119529752155 0.140393282774302 -0.10288589602009 -0.157033333266013
0.183123579202425 0.238671326534055 -0.0715946952383426 -0.237887705130305
0.11039593634422 0.241241012776523 0.0140576743617418 -0.300772443534648
0.139927163351994 0.0830896750260818 -0.214709337283817 -0.0930078588875287
0.112011031573592 0.0805029230945642 0.090537700400188 0.212055068878295
0.193402681666711 0.0957875414102203 0.168089674351756 -0.0512505193023281
0.243910652681002 -0.0816507633225048 0.0833504007984237 -0.0349572342023646
0.134024769813636 -0.203191796789232 0.142251609376557 -0.0317500881311474
0.0222410531810546 -0.193497052703191 0.173439562930578 -0.116110208078976
-0.0136771598573414 -0.155271532369884 0.111872061799518 -0.181787918662004
-0.00425622617021447 -0.137508529333366 0.0547569343094363 -0.153489789292692
0.0189775515503593 -0.127386482908667 0.0477685945475367 -0.112505333503144
0.0342833814058972 -0.131279322447677 0.023045779972746 -0.0725602025714909
0.0899094257581365 -0.126848503697357 -0.00836625226774487 -0.0761599957174731
0.204696935897485 -0.0506593971167536 -0.0475296939160352 -0.110962898334383
0.210889948644048 0.155998828377865 -0.0425093257290571 -0.183615967168524
0.083121513243102 0.19760457223392 -0.0353262911574372 -0.290468997272618
0.0556053779784809 0.128089692202815 0.0261243463321242 -0.388024099787058
0.0709216570596879 -0.0262352725999633 -0.230177613203384 -0.127424116337742
0.00850753397912092 0.0493441941704936 0.0629353383096619 0.104057994859107
0.12317002771532 0.109218978056722 0.105456649857595 -0.0652488796075325
0.186028450169966 -0.0661685629611628 0.113795134589078 -0.0359519061591967
0.0705174111692568 -0.161699915090259 0.175111419627211 -0.0986866598226729
-0.0204887103490756 -0.133973587250503 0.164886984585415 -0.195180758320237
-0.0471018243419713 -0.0917408227106074 0.0944863415192421 -0.237346573002978
-0.0380742817766753 -0.0695907276963116 0.0515651052253008 -0.197044322137196
-0.0227406200489696 -0.0680708463167444 0.0467017453181481 -0.141030673179766
-0.0148069062871491 -0.0918904966052327 0.0249739915117336 -0.0978562376433344
0.0368130754758224 -0.114145793634497 0.0137678412563725 -0.109253885092579
0.154506052830901 -0.0539446069017043 0.0165337872509032 -0.138804026946884
0.130878791183303 0.141899750398463 0.0170613386324253 -0.180111273121383
-0.00829160736812984 0.106447735586047 -0.0024609111218022 -0.313551003480958
0.0193766556051729 -0.0127673371032467 0.0445614273523342 -0.432319878893017
-0.0195801989798164 -0.122432594041719 -0.213922305116637 -0.13271581088804
-0.0857088634319614 0.0242026735309546 0.0316281040843585 0.0197605377958576
0.046182131414465 0.101146288274627 0.0662188524168225 -0.0477137632489749
0.0950661042279454 -0.0470450937662602 0.150945537253526 -0.0353438744316256
-0.00808671460610145 -0.0902426498331477 0.190856090427011 -0.144862272710749
-0.0591055965613884 -0.046038831212794 0.143946482019116 -0.23632508988634
-0.070729006206913 -0.00699115442748362 0.0705024153561918 -0.259369798432855
-0.066066619019387 0.00945592985257101 0.0399628572678069 -0.21150202564702
-0.0631625255658074 -0.00862265518673647 0.0302447860387257 -0.148344706578101
-0.0582460884877779 -0.058784893733348 0.0101713513891254 -0.114754425377185
-0.00296477547240471 -0.104919092827843 0.0220227620676947 -0.139469193188449
0.108792743980629 -0.0555496833793168 0.0667046579324566 -0.151015133819513
0.0511667497981726 0.0978904042784262 0.0484328117683655 -0.157114385067287
-0.0693648241530762 -0.0173990958583216 0.000309073027424236 -0.324043056300799
0.00712291122298802 -0.155817050213417 0.0566281303499313 -0.433114379480586
-0.0146183321691209 0.234531836038761 -0.0791383959850461 0.350116326060161
0.0863953517909492 0.100656972386094 0.0607317373038539 0.39230074727799
0.022587968214296 -0.0113460046762433 0.0173620952940093 0.118645604604674
-0.044250301554142 0.0385998197352672 -0.0909838760486165 0.125472124745045
0.0310781557031136 0.0762521471825044 -0.00985800671956655 0.163971961897796
0.0812150798655902 0.0192916082757099 0.0322127790907337 0.116271587945719
0.0919216365163269 -0.0407917095781267 0.00483329781825394 0.109882764770127
0.0816251259872399 -0.0793844511307201 -0.0342162718457658 0.173438189044167
0.0822132679609177 -0.0865094563420709 -0.0529939640473355 0.219700872494763
0.0977248446343273 -0.0518608013264323 -0.110888372569187 0.226182951394875
0.0882530198997645 0.0107832464261321 -0.179512338176777 0.174046555171429
0.0127999306455259 0.0287530872561393 -0.182449461963951 0.0658187140126551
0.0451721797100569 -0.0741768460905592 -0.102047783826977 0.00893518194107601
0.181319636613568 0.0281637119092318 -0.0676283430716385 0.0320499397930895
0.132396033822586 0.222547349688918 0.106217739392367 0.11391425441127
0.00760997953849449 0.29507395306319 -0.084354107807126 0.267273956722717
0.111549099362766 0.185234478893074 0.0791496556572471 0.422147645023268
0.0978753037888915 0.0612947745270021 0.0799390994260909 0.10067153636667
0.0403587115598454 0.0282860217341248 -0.0832292406199195 0.105687895037028
0.0782230807814745 0.028759005160526 -0.00604063186784352 0.181736477265705
0.102301669336762 -0.03128432934117 0.0669543909851488 0.128646941982967
0.0998748814801121 -0.0934954348880293 0.0425133900577185 0.0873276662045332
0.0868490936430839 -0.14151492309849 -0.0109717287375858 0.128702350877585
0.0944353833458353 -0.158441245966696 -0.0319544935099757 0.164954862137811
0.118608529240283 -0.137213773809217 -0.0852154884968657 0.181918910273193
0.151272066908287 -0.0753193551274176 -0.159527325034008 0.15298893759147
0.133240755748014 -0.00343909373312124 -0.197279362811316 0.0593430109158462
0.153908855934114 -0.0143859300166847 -0.120353635868376 -0.0229759897393985
0.241216147224147 0.103029289637773 -0.0666329134247376 -0.0088863432002395
0.182022514371083 0.284163491740897 0.0765981057062011 0.0451975780565874
0.0568575413117579 0.308804816513014 -0.0955204384317962 0.160014037679134
0.15064869690496 0.218863301365769 0.0931324799133081 0.419858068344128
0.178471489704286 0.105944424637021 0.154684723369006 0.0836612945168705
0.1418313636042 -5.21274146372476E-05 -0.0422877276876965 0.070485644226711
0.130213128596863 -0.0481615038978061 0.0146705300691631 0.168290682514137
0.109638403845574 -0.0982998871188076 0.105247510151796 0.115701864996151
0.0911575452309936 -0.141700150736085 0.079489201739149 0.04366917995285
0.0802461473419745 -0.181875115047415 0.0128867473871785 0.0638467697908638
0.0962800425430627 -0.198427123314771 -0.0103064990532665 0.0884194059179392
0.125525326325764 -0.187655044438228 -0.0564187596308077 0.112573443661205
0.185702074307801 -0.134546743724796 -0.128783441776484 0.103043153108363
0.223981457123611 -0.0333372023052046 -0.191870264759762 0.0335812656843034
0.247054453197196 0.0475875459052551 -0.135729889897513 -0.0642106704442566
0.267890637355848 0.178273760109541 -0.0759200277503936 -0.0794043202982166
0.188294010230032 0.31617382581998 0.044212288773433 -0.0603614912460269
0.116890765721113 0.272717590772916 -0.125832821820473 0.0530262077238493
0.185746297933961 0.193485942185437 0.0997421436792328 0.38285838365705
0.234166823602481 0.109153836772854 0.205038496261077 0.051108866998436
0.222916614519144 -0.0408099109627346 0.0113932956400904 0.0268544319892641
0.167196768382759 -0.131302901808112 0.0525722779017249 0.120676485361717
0.0975067690286552 -0.164073530189 0.140152686609183 0.065475588239097
0.0650087270511451 -0.175337263294055 0.105810322558288 -0.020671507732151
0.0615882417528262 -0.195572983464913 0.0332796772421049 -0.0117900704195645
0.0845875917659061 -0.201973399139422 0.0117308675480178 0.00828788961528891
0.113466900221189 -0.194879446841106 -0.0251002868445343 0.0358944868709044
0.184145495761261 -0.154213837383247 -0.0880954955542804 0.0367827112536484
0.263600315049905 -0.0471013156076371 -0.161656040365791 -0.0128939530503206
0.289651020439812 0.103097914272763 -0.129819627253233 -0.113085818096878
0.246631565707372 0.229761936149631 -0.0803497726228151 -0.161863158436629
0.157253403841152 0.305635995994178 0.0235669841562027 -0.182883741013268
0.151521369291694 0.192253458428281 -0.169387483107004 -0.0356079423818024
0.177831159334427 0.13535769910301 0.0970363666295878 0.309327029625794
0.237241265902977 0.0953480918414825 0.207094715885603 0.00154868952366176
0.256489852321033 -0.0722237456711804 0.0545181495652968 -0.0124596844653338
0.169218777344693 -0.188773962887103 0.0976430563158155 0.0482449226188518
0.0674247391773169 -0.200456847389257 0.165273746808071 -0.0172889962539429
0.0293239844045267 -0.18191343293019 0.118126069265256 -0.0986942079859484
0.0334303992910922 -0.179157720583979 0.0479176322544743 -0.0862444901874166
0.0588112247141363 -0.173821322462875 0.0329734454277908 -0.061217840575839
0.0819625082455303 -0.168221899913114 0.00334381581919959 -0.0288748699058516
0.14610305227056 -0.141921570579673 -0.044641731475902 -0.02725946334489
0.248068534236958 -0.0467764997745725 -0.108542426259479 -0.0674894408984863
0.270009935525958 0.143868966598536 -0.0940388199972065 -0.158971353205859
0.175022502663291 0.239265850231379 -0.0614336154863398 -0.237089953229771
0.103976065372803 0.241237732475658 0.0199823353225194 -0.296990499445393
0.135190481081897 0.086466750071808 -0.208432113102376 -0.0958534238631098
0.109330289108504 0.0822217292280909 0.0834395470876535 0.210095025314462
0.190288813589336 0.0982367485540784 0.163570094182978 -0.0431538541020968
0.240549958061386 -0.0766703050840331 0.0841877743471778 -0.0304889805482882
0.134876071269862 -0.196965208846943 0.142889502965066 -0.0278957442132014
0.0258148279871397 -0.189445043901713 0.17399744787576 -0.111719213084889
-0.00958369064430233 -0.152014534419633 0.112680086557581 -0.175867549609743
-0.00136702620100141 -0.135544778904247 0.0553297756450962 -0.149460282822444
0.0213192831164188 -0.1249716230203 0.0469682659235403 -0.110406319343696
0.0357304960699594 -0.127392388625847 0.0233666417329366 -0.0718536554260655
0.0895944746922603 -0.121852705483492 -0.0080064645956689 -0.0748902120863765
0.200343778834352 -0.0452848508216763 -0.0432308818850387 -0.11071286948428
0.205754441001429 0.157360074063965 -0.0348257091607796 -0.182081289421018
0.0778517852510398 0.196763093841757 -0.0248123573381223 -0.288293585210332
0.0513934208929881 0.130027483925162 0.0335045814077695 -0.381107821916193
0.0698286890538681 -0.0229024198988746 -0.223457361624387 -0.129640444099474
0.00888003608861211 0.0499157476976927 0.0576233552704796 0.102388383286764
0.120782310550669 0.108633984574152 0.102318788640356 -0.0582504911152064
0.183639691876624 -0.0622132674699059 0.114483279234241 -0.0313393116636218
0.0715868309686811 -0.157760800037362 0.176207338133017 -0.0935869185178436
-0.0179186478081142 -0.131852455804711 0.167371077635847 -0.188725634849181
-0.0433528224930574 -0.0896323019315785 0.0961051026879986 -0.232254609716086
-0.0351356693005603 -0.0685209861341005 0.0521182860260094 -0.192206461537103
-0.0203452165877474 -0.067479134487669 0.0463605558101642 -0.138269166399048
-0.0121767947209052 -0.0895436267083 0.0253714024243525 -0.0963954611055353
0.036677098973152 -0.110506280270329 0.0149630527927759 -0.107785920951721
0.151505560279072 -0.0495106015025875 0.0197750719545203 -0.136767860284289
0.127163438973754 0.14126903909841 0.0235870782241404 -0.177903891807933
-0.00993985657857799 0.105699519989183 0.00835287724932088 -0.308775864806101
0.0193188355249339 -0.00951566126251506 0.052250081382332 -0.423632731218145
-0.0160117558608632 -0.119917255576364 -0.208340087007873 -0.135098922441709
-0.0829126592876325 0.0225388750591271 0.0274916220415813 0.0190679536255777
0.0449829763177603 0.0986379102980949 0.0640929620760297 -0.041385842383792
0.0935605528732934 -0.0453816509120444 0.150451223506196 -0.0307142594356644
-0.00752809703077867 -0.0885767253255088 0.192543185823766 -0.138839601253425
-0.0575783371654899 -0.0458980532866364 0.146880815704868 -0.23060859489344
-0.0687834036959663 -0.0059474052215189 0.0741301233436603 -0.253188422520763
-0.0637779454035113 0.00920268221588846 0.0400069829297271 -0.207165830124028
-0.0600249368237559 -0.0095656893529636 0.0315920585836024 -0.146308374558888
-0.0553128399223387 -0.0582345429873064 0.0103976236426731 -0.112516967968133
-0.00125306969555511 -0.102329950247807 0.0242694311085537 -0.137469725093399
0.106865419276511 -0.0529461410788313 0.0690522100382133 -0.147462238445618
0.0499465790138659 0.0961671097707842 0.0528907152449827 -0.153236622284304
-0.0673794091982346 -0.0172939150734392 0.0108375452249427 -0.317060878649375
0.00993198991672441 -0.149417336466377 0.0651058494982391 -0.424246824484467
-0.0218670336500403 0.237140732873099 -0.0906033095322521 0.356416466687821
0.0830238976500251 0.104257325043845 0.0492049295014717 0.401283310384539
0.0212242472005868 -0.00932313302340094 0.0125412951476687 0.122048945459015
-0.0458417098512913 0.0394883729322753 -0.0966872197877923 0.127645358899728
0.0309749502657132 0.0791072756723958 -0.0149426897241113 0.166737713599271
0.0816785379218422 0.0216588964926431 0.0296107403046897 0.119249551722577
0.0932960648961012 -0.0402853214459502 0.00222562654697077 0.111471189481459
0.0841316109076679 -0.0788741019527446 -0.0380217899141086 0.175916416648609
0.0840953836888799 -0.0857402993635102 -0.059148763885381 0.221519228642115
0.100196657553408 -0.0510621354783768 -0.119174607725943 0.227182126772586
0.0905603576629997 0.0116439255087824 -0.188157061946205 0.172816174258796
0.0134968845567098 0.0301252824181207 -0.188283857988475 0.0597624096551085
0.0473678529570288 -0.0723305720791009 -0.103575714910374 0.00415886909700189
0.183225698376441 0.0336892164210392 -0.0677637516529663 0.0314681217999046
0.127808454062212 0.229129339809091 0.106148910475974 0.11935033968893
-0.000874375831518975 0.299926149103148 -0.0937534987356884 0.27119102505227
0.106655098304985 0.191725688398922 0.0679606582176988 0.432832015651091
0.0963085487406238 0.0668314417652432 0.0761100672361142 0.105942666093403
0.0401430583285729 0.031649843303374 -0.0881649392612425 0.108019583601159
0.0793572457995831 0.0318508868611017 -0.010798615181632 0.18551224135252
0.104614683899969 -0.0295653875503867 0.064776675435037 0.132864663303315
0.103856508811004 -0.0935317970954108 0.0403712567624388 0.0891896068430276
0.0922137172469536 -0.14235003553445 -0.0135825490626571 0.131763495840916
0.0983219031487318 -0.159436034344961 -0.0378351907430048 0.166133616961453
0.123468012993042 -0.137237975984161 -0.0915226883768586 0.181828927357586
0.156491198420127 -0.0743962531111242 -0.167418506450008 0.15210309583159
0.137271300594095 0.000507673733378638 -0.201965793634102 0.0537984639013491
0.157312092722048 -0.0081689322690422 -0.120625824211787 -0.0302442760468089
0.242535171081378 0.112509745489559 -0.0646967096574739 -0.0111494107843404
0.176426186245495 0.294503769471855 0.077443470016394 0.0477099354148123
0.0485018280989656 0.316764481333679 -0.102399235049435 0.16183846391646
0.145676449683734 0.227866475943834 0.083368498354573 0.431503198113213
0.177631344249491 0.115158026107287 0.152037933109504 0.0909577150429782
0.144068612657574 0.00639941640706933 -0.0453386450041846 0.0737258748293025
0.134681264446601 -0.0445251702802242 0.0110042457105409 0.173433460647861
0.11423489927766 -0.0977627044755848 0.10466035180363 0.11994289893451
0.0967929287707734 -0.142923001183593 0.0789701276379549 0.0457100513581949
0.0861337200896662 -0.183785499792385 0.0117069816921889 0.0661294911981483
0.101429318467953 -0.200364865741217 -0.0150582262526322 0.0890185548669734
0.131725410889205 -0.187973646716533 -0.0604698797104054 0.111732466954421
0.192421288075354 -0.133123096120824 -0.134625805992125 0.102405765491886
0.230119902182952 -0.0273535337825132 -0.195346019488821 0.0271658922719044
0.251127344670241 0.0568930363131004 -0.134790937330435 -0.0726418570143278
0.269074150165676 0.189569877091582 -0.0727431780266214 -0.0840037417809646
0.181703756754723 0.328866464929537 0.0478806922018388 -0.0621596061468334
0.110098338296832 0.282178068797194 -0.129245875053636 0.0510351677796225
0.182836673856499 0.204234733952362 0.0912360694038577 0.393624867224887
0.2357937498654 0.119208722620402 0.204412406691847 0.0598604129998764
0.227657308932929 -0.0346649514502152 0.0111024145442782 0.0313662971672737
0.173491981065336 -0.12905584236696 0.0508199956261892 0.125469344331763
0.104101592033579 -0.164732247063439 0.142726047489174 0.0700582662411445
0.0715894980231814 -0.177174762268433 0.108574932198855 -0.0193578722999545
0.0681794116171323 -0.198293728873317 0.0341411801643197 -0.0104081253989441
0.0899263495488814 -0.204398053796059 0.0101700091370111 0.00770927050680469
0.119542619841926 -0.195081170328152 -0.0271787766255341 0.0344132024410404
0.191178193296204 -0.153093630589175 -0.0911002580874555 0.0349913816888643
0.269706422571884 -0.0401096481649334 -0.163271339056535 -0.019469262916869
0.294997328579849 0.114072776684999 -0.126939919486618 -0.122217800093941
0.245867008041194 0.242193680835902 -0.0742722714244922 -0.169512585289469
0.1519399076556 0.317192997279269 0.0288517874783493 -0.187118662447267
0.148064408707555 0.202262781363931 -0.171597828025077 -0.0407132650885836
0.177611610700901 0.145290308479474 0.0899083847125954 0.318249579300247
0.240041378296727 0.105984692897158 0.209377342955535 0.0107138886054029
0.26275314255705 -0.0662957163411847 0.0565753781738833 -0.00809827024713856
0.176407720153138 -0.188113879357494 0.100680232751779 0.0522504298493316
0.0741440858076108 -0.202642049992156 0.170498415374641 -0.0134229331514123
0.0349508573868095 -0.183900348613651 0.121888263759242 -0.0988235345731082
0.0389973936499004 -0.182369029347979 0.0502724248810483 -0.085532217915574
0.0630287139815855 -0.176342109475661 0.0325430659564103 -0.0625666472551048
0.0872098451461919 -0.167860506320635 0.00416656605664275 -0.0309164888896536
0.151608707039769 -0.139794160722942 -0.0448569686573443 -0.0294984454117347
0.252479413767969 -0.0396350874512821 -0.10795627332876 -0.0741589084751342
0.2730963124803 0.154285261728416 -0.0882487921179898 -0.167043552421758
0.172261017198614 0.249761017999296 -0.0525261247257128 -0.245742092509247
0.0993618991423138 0.251959405701638 0.0291284786945546 -0.303936358664527
0.134579054951412 0.094368628249645 -0.210867254956924 -0.104326828820955
0.11000097632736 0.0888865790524411 0.0783215947126493 0.216374943997424
0.19326520956185 0.105782511558225 0.165598552487092 -0.0361253427761602
0.246707847398459 -0.0715406461365855 0.0878651636434407 -0.0271072350857012
0.141796937434484 -0.198265816626488 0.148401267741004 -0.024504018284825
0.0310832142926185 -0.192212682976236 0.181467820627822 -0.109423666939819
-0.00535856483289791 -0.154734595570063 0.118264066791722 -0.176482569918791
0.00267362634254657 -0.137849306551724 0.0580349807350326 -0.15043560701375
0.0251116401508512 -0.127363553012026 0.0488500097877936 -0.111991597288785
0.0402383101921078 -0.127282781580337 0.0248300148877109 -0.0742516791630822
0.0935023627496035 -0.120218858945779 -0.00645029112370846 -0.0775961510733303
0.203665373340039 -0.0396632368490669 -0.0400492242711906 -0.116407078145089
0.207602613628359 0.165905860742166 -0.0270447529595544 -0.189271760447328
0.0743744351861816 0.203258443304818 -0.0129318412617199 -0.296419076748996
0.0489629472415523 0.13645512693532 0.0450070510877186 -0.38927771987751
0.071573606848803 -0.0191746445226773 -0.224680833279687 -0.139135977782739
0.00923648889334379 0.0527398234014699 0.0534405014565393 0.106033274935977
0.121945927507658 0.113932618043366 0.104563044514784 -0.0524333169400893
0.188203712312129 -0.0593843308160631 0.119168925491624 -0.0273010982919224
0.0760784972658088 -0.159980656039498 0.184967820831521 -0.091121592445144
-0.0152432125652872 -0.134379793617026 0.177479670955326 -0.188417316552121
-0.0417867285876615 -0.0911015769398839 0.103297968915299 -0.233733396916746
-0.0335035904650596 -0.0705894918257414 0.0564320014934216 -0.194361871783653
-0.0186994885071511 -0.0699760305562029 0.0493038010981951 -0.139858858263965
-0.0102641363921512 -0.0907376161321062 0.0283054826030578 -0.0976210368600788
0.0393672783913197 -0.109714031300476 0.0182663266616915 -0.109648105415043
0.154781947088961 -0.0461209754207953 0.0239549258577688 -0.14050235818481
0.128240721221657 0.146455846797016 0.0323550441735916 -0.18121422453645
-0.013050688139618 0.108226718728787 0.0220542489848169 -0.31617690027069
0.0200045848724974 -0.00569962125419585 0.0664039936582985 -0.430174407376644
-0.0125899746954604 -0.120333512107606 -0.209492799820527 -0.145013640792334
-0.0839843728690218 0.0210026875215878 0.0238503081703328 0.0197440272335273
0.0446793099588176 0.100440550520572 0.0651757574423975 -0.0371589961017358
0.0952130631467493 -0.0451718830686946 0.155868282901431 -0.0263019509054794
-0.00616685062560746 -0.0911357925374401 0.201806023176467 -0.137470998393224
-0.0579859009917712 -0.0477055861606101 0.157882796595391 -0.231649526059913
-0.0693551338553408 -0.00664495688561329 0.08041471490036 -0.256677717492653
-0.0634719056823316 0.0085525333177914 0.0447532234055826 -0.211060010711329
-0.0603431672707298 -0.0109774390752894 0.0341763770505386 -0.147869543461201
-0.0549669266733927 -0.0599158466993124 0.0136259116147795 -0.114307623521483
0.00110295027085993 -0.103146722687672 0.0283216948723315 -0.139849769302816
0.109693218010312 -0.0509434859098993 0.0744810844033899 -0.150331918878614
0.0499905094203239 0.0980885946634457 0.0613379918111994 -0.155175569927958
-0.0670980885644226 -0.0190309973433171 0.0232372662457139 -0.323882516843611
0.0148578018932848 -0.148777611450625 0.0787922826375747 -0.430625804607636
