TRXV5
3
4
4
9
string Extension=J
integer IsArchMeasurement=1
integer IsSpherical=1
string Generator=SPM
string GeneratorVersion=1.3.1 Dev
double ArchRadius=0.449999988079071
integer FrequencyAxisIndex=0
integer AzimuthAxisIndex=1
integer ElevationAxisIndex=2
Frequency
5 136 690000000 960000000 LIN
Azimuth
7 8 0 2.74889357189107 LIN
Elevation
7 15 -2.74889357189107 2.74889357189107 LIN
Polar H Real Part
13
Polar H Imaginary Part
14
Polar V Real Part
13
Polar V Imaginary Part
14
Polar H Magnitude (dB)
12 0xC0000002 0 1
Polar H Phase
7 0xC0000003 0 1
Polar V Magnitude (dB)
12 0xC0000002 2 3
Polar V Phase
7 0xC0000003 2 3
-0.0211677551269531 0.00835037231445312 0.575439453125 0.45269775390625
0.0778961181640625 0.0686111450195313 0.150115966796875 0.235549926757813
0.114936828613281 -0.0694503784179688 -0.04730224609375 0.357177734375
-0.0137481689453125 -0.14483642578125 0.0758972167968751 0.476898193359375
-0.106613159179688 -0.0723342895507812 0.180328369140625 0.357879638671875
-0.129318237304688 0.0179519653320312 0.146209716796875 0.3140869140625
-0.0808868408203125 0.101387023925781 0.096282958984375 0.378997802734375
-0.0661087036132813 0.0867538452148438 0.045562744140625 0.442413330078125
-0.0779266357421875 0.0808792114257813 -0.0590515136718751 0.494384765625
-0.123146057128906 0.0603256225585937 -0.21875 0.443511962890625
-0.126869201660156 -0.0127639770507813 -0.26666259765625 0.28619384765625
-0.0744552612304688 -0.104721069335937 -0.28466796875 0.081756591796875
0.083221435546875 -0.06304931640625 -0.143051147460937 -0.14996337890625
0.0696182250976563 0.0773773193359375 0.189712524414063 -0.1397705078125
-0.0287017822265625 0.0761260986328125 0.332183837890625 -0.04290771484375
-0.257736206054687 -0.132354736328125 0.5057373046875 0.446807861328125
-0.204788208007812 -0.0282135009765625 0.0789947509765625 0.211822509765625
-0.131790161132813 -0.0621871948242188 -0.084747314453125 0.38836669921875
-0.204879760742188 -0.0737457275390625 0.080352783203125 0.519012451171875
-0.241546630859375 0.0312042236328125 0.216522216796875 0.356781005859375
-0.217422485351563 0.180267333984375 0.184661865234375 0.282501220703125
-0.117721557617188 0.269317626953125 0.113067626953125 0.296600341796875
-0.105606079101562 0.24298095703125 0.0589599609375 0.351837158203125
-0.115631103515625 0.246994018554688 -0.032318115234375 0.414398193359375
-0.182540893554688 0.214065551757812 -0.1669921875 0.402618408203125
-0.22998046875 0.100555419921875 -0.214431762695313 0.277191162109375
-0.22955322265625 -0.019683837890625 -0.257293701171875 0.110519409179687
-0.108833312988281 -0.086944580078125 -0.143142700195313 -0.118194580078125
-0.112678527832031 -0.0375137329101563 0.148849487304688 -0.152023315429688
-0.20458984375 -0.0489349365234375 0.282318115234375 -0.06878662109375
-0.435150146484375 -0.277679443359375 0.36572265625 0.412078857421875
-0.450347900390625 -0.155609130859375 -0.0167236328125 0.19818115234375
-0.369842529296875 -0.076385498046875 -0.084747314453125 0.41668701171875
-0.3900146484375 -0.00164794921874992 0.132659912109375 0.524322509765625
-0.356292724609375 0.132781982421875 0.282867431640625 0.30877685546875
-0.2802734375 0.31927490234375 0.238571166992188 0.188003540039063
-0.1380615234375 0.39276123046875 0.132110595703125 0.152557373046875
-0.130584716796875 0.3582763671875 0.064178466796875 0.207962036132813
-0.133453369140625 0.374969482421875 -0.021240234375 0.29034423828125
-0.209716796875 0.346649169921875 -0.13006591796875 0.321868896484375
-0.296844482421875 0.21649169921875 -0.183135986328125 0.232681274414063
-0.34716796875 0.0901489257812501 -0.241607666015625 0.103042602539063
-0.293548583984375 -0.0612487792968749 -0.144622802734375 -0.119094848632812
-0.302154541015625 -0.109832763671875 0.0864715576171875 -0.183303833007813
-0.369873046875 -0.159515380859375 0.189300537109375 -0.135101318359375
-0.52764892578125 -0.39569091796875 0.18170166015625 0.355194091796875
-0.6075439453125 -0.2723388671875 -0.125 0.191970825195312
-0.545013427734375 -0.0958251953124999 -0.04901123046875 0.43505859375
-0.52081298828125 0.062042236328125 0.22296142578125 0.477996826171875
-0.418914794921875 0.2169189453125 0.360687255859375 0.20977783203125
-0.297393798828125 0.40728759765625 0.293060302734375 0.044219970703125
-0.137054443359375 0.454803466796875 0.148422241210938 -0.0290069580078125
-0.139923095703125 0.41790771484375 0.0577354431152344 0.0351104736328125
-0.1341552734375 0.450653076171875 -0.0258407592773438 0.13519287109375
-0.211090087890625 0.4356689453125 -0.113632202148438 0.202438354492188
-0.3243408203125 0.312652587890625 -0.176712036132813 0.14703369140625
-0.41802978515625 0.19989013671875 -0.236572265625 0.0515136718750001
-0.44708251953125 -0.00314331054687495 -0.141586303710938 -0.15081787109375
-0.475982666015625 -0.142578125 0.00964355468749995 -0.220596313476563
-0.502593994140625 -0.243896484375 0.0514068603515625 -0.217910766601563
-0.526580810546875 -0.458160400390625 -0.0111236572265626 0.277862548828125
-0.65576171875 -0.33966064453125 -0.219375610351563 0.189041137695312
-0.606201171875 -0.0967407226562499 0.00781249999999993 0.426055908203125
-0.545135498046875 0.115509033203125 0.317901611328125 0.381195068359375
-0.399444580078125 0.26287841796875 0.424224853515625 0.070068359375
-0.253936767578125 0.425811767578125 0.332183837890625 -0.1287841796875
-0.11029052734375 0.4437255859375 0.152511596679688 -0.21978759765625
-0.1251220703125 0.41180419921875 0.042144775390625 -0.142593383789062
-0.11590576171875 0.4556884765625 -0.0406684875488281 -0.0319671630859375
-0.1864013671875 0.457977294921875 -0.110252380371094 0.0549468994140625
-0.3114013671875 0.361328125 -0.184234619140625 0.0281982421875
-0.433990478515625 0.28131103515625 -0.231094360351563 -0.03802490234375
-0.541229248046875 0.0556640624999999 -0.129653930664063 -0.20037841796875
-0.58843994140625 -0.15277099609375 -0.0803680419921875 -0.244766235351562
-0.57171630859375 -0.30169677734375 -0.11962890625 -0.3104248046875
-0.448944091796875 -0.449066162109375 -0.175186157226563 0.200210571289063
-0.59979248046875 -0.338134765625 -0.27850341796875 0.183334350585937
-0.547760009765625 -0.068756103515625 0.0680541992187499 0.380767822265625
-0.454132080078125 0.1458740234375 0.38714599609375 0.248443603515625
-0.298583984375 0.25787353515625 0.44927978515625 -0.073822021484375
-0.164398193359375 0.365020751953125 0.34002685546875 -0.292266845703125
-0.062957763671875 0.35772705078125 0.13824462890625 -0.383758544921875
-0.091583251953125 0.34429931640625 0.015777587890625 -0.298431396484375
-0.0836181640625 0.38958740234375 -0.0628509521484375 -0.187774658203125
-0.138427734375 0.407135009765625 -0.11419677734375 -0.0980911254882812
-0.258453369140625 0.345794677734375 -0.194869995117188 -0.1077880859375
-0.392822265625 0.305023193359375 -0.213409423828125 -0.153106689453125
-0.5548095703125 0.0848083496093749 -0.0979156494140625 -0.257568359375
-0.6138916015625 -0.16015625 -0.16094970703125 -0.258712768554688
-0.551025390625 -0.333587646484375 -0.29803466796875 -0.401275634765625
-0.314544677734375 -0.373626708984375 -0.2880859375 0.136871337890625
-0.47344970703125 -0.266754150390625 -0.290313720703125 0.17352294921875
-0.4027099609375 -0.01068115234375 0.12109375 0.306060791015625
-0.284759521484375 0.155548095703125 0.411102294921875 0.110992431640625
-0.150238037109375 0.207138061523438 0.426849365234375 -0.18951416015625
-0.050689697265625 0.244476318359375 0.31298828125 -0.413970947265625
-0.0110015869140625 0.216812133789062 0.109771728515625 -0.49737548828125
-0.0435638427734375 0.222549438476563 -0.015350341796875 -0.41131591796875
-0.0365142822265625 0.259994506835938 -0.084259033203125 -0.30853271484375
-0.067718505859375 0.2894287109375 -0.118484497070312 -0.230026245117187
-0.164321899414062 0.27581787109375 -0.196319580078125 -0.234832763671875
-0.298126220703125 0.273529052734375 -0.176101684570312 -0.271133422851563
-0.4859619140625 0.0794067382812501 -0.04278564453125 -0.3123779296875
-0.5360107421875 -0.168914794921875 -0.2138671875 -0.26458740234375
-0.43408203125 -0.333160400390625 -0.445556640625 -0.482421875
-0.1484375 -0.2469482421875 -0.343475341796875 0.10369873046875
-0.30035400390625 -0.1480712890625 -0.260482788085938 0.168319702148438
-0.215011596679688 0.049224853515625 0.158157348632813 0.221755981445313
-0.0915679931640625 0.139434814453125 0.3935546875 -0.00415039062499999
0.00299835205078126 0.12548828125 0.3695068359375 -0.2601318359375
0.0574951171875 0.0895614624023437 0.2618408203125 -0.477081298828125
0.0379447937011719 0.0443038940429688 0.069244384765625 -0.54705810546875
0.00812530517578124 0.0656280517578125 -0.04949951171875 -0.459991455078125
0.0218734741210937 0.08837890625 -0.10443115234375 -0.3714599609375
0.0256576538085938 0.133201599121094 -0.127197265625 -0.3167724609375
-0.0377044677734375 0.1754150390625 -0.19586181640625 -0.328857421875
-0.159896850585938 0.20794677734375 -0.13226318359375 -0.373077392578125
-0.341461181640625 0.059967041015625 0.02197265625 -0.358123779296875
-0.35882568359375 -0.154022216796875 -0.231170654296875 -0.27069091796875
-0.2364501953125 -0.28271484375 -0.53619384765625 -0.55194091796875
-0.0258674621582031 0.0103988647460938 0.61309814453125 0.40985107421875
0.0841293334960938 0.0645294189453125 0.177597045898438 0.227081298828125
0.108901977539063 -0.0786666870117188 -0.015655517578125 0.35919189453125
-0.0282135009765625 -0.140762329101563 0.11346435546875 0.465362548828125
-0.111869812011719 -0.0618743896484375 0.20452880859375 0.3397216796875
-0.126739501953125 0.0298080444335937 0.164459228515625 0.30279541015625
-0.0705795288085938 0.11077880859375 0.125762939453125 0.372100830078125
-0.0584030151367188 0.0950927734375 0.083831787109375 0.439300537109375
-0.0718231201171875 0.0911865234375 -0.016021728515625 0.502288818359375
-0.117927551269531 0.07257080078125 -0.179046630859375 0.4656982421875
-0.127197265625 -0.000671386718749987 -0.243133544921875 0.3095703125
-0.0854721069335938 -0.09619140625 -0.275222778320313 0.107345581054688
0.0767745971679688 -0.0703582763671875 -0.151321411132813 -0.131179809570312
0.078216552734375 0.0721359252929688 0.183242797851563 -0.149307250976563
-0.0236434936523438 0.0810775756835938 0.3314208984375 -0.065673828125
-0.274124145507813 -0.1138916015625 0.541839599609375 0.41064453125
-0.2073974609375 -0.011444091796875 0.102340698242187 0.209121704101562
-0.138351440429687 -0.0545425415039062 -0.050567626953125 0.39208984375
-0.215164184570313 -0.0550994873046875 0.121490478515625 0.5064697265625
-0.239364624023437 0.0523681640625 0.2412109375 0.336883544921875
-0.201766967773438 0.199386596679688 0.201873779296875 0.26556396484375
-0.09271240234375 0.280197143554688 0.134765625 0.288818359375
-0.0849151611328125 0.255523681640625 0.08843994140625 0.3470458984375
-0.0943756103515625 0.261581420898438 0.00427246093749995 0.4180908203125
-0.164077758789063 0.232711791992188 -0.128509521484375 0.419708251953125
-0.222076416015625 0.122314453125 -0.189178466796875 0.295379638671875
-0.234176635742188 0.00253295898437497 -0.245697021484375 0.134201049804687
-0.117317199707031 -0.0799407958984375 -0.147918701171875 -0.102005004882812
-0.114639282226562 -0.0316238403320313 0.142135620117188 -0.158401489257813
-0.210845947265625 -0.031982421875 0.27716064453125 -0.086395263671875
-0.464752197265625 -0.24774169921875 0.398101806640625 0.389068603515625
-0.4639892578125 -0.120819091796875 0.00485229492187497 0.202041625976562
-0.37933349609375 -0.0527343750000001 -0.0484619140625 0.41888427734375
-0.396728515625 0.030242919921875 0.17437744140625 0.506011962890625
-0.3472900390625 0.162567138671875 0.304168701171875 0.28399658203125
-0.253265380859375 0.34234619140625 0.250579833984375 0.16656494140625
-0.10394287109375 0.40679931640625 0.141693115234375 0.142074584960938
-0.10125732421875 0.3741455078125 0.0818023681640625 0.201797485351563
-0.10101318359375 0.39251708984375 0.00543212890624999 0.2919921875
-0.1812744140625 0.36663818359375 -0.097900390625 0.33526611328125
-0.279464721679687 0.243118286132812 -0.160263061523438 0.249130249023438
-0.345306396484375 0.121368408203125 -0.228713989257813 0.125518798828125
-0.300689697265625 -0.0407104492187501 -0.14727783203125 -0.104522705078125
-0.311737060546875 -0.091064453125 0.07611083984375 -0.185760498046875
-0.387359619140625 -0.132354736328125 0.17889404296875 -0.145599365234375
-0.565185546875 -0.35986328125 0.2073974609375 0.342437744140625
-0.6331787109375 -0.22491455078125 -0.106536865234375 0.202621459960938
-0.55584716796875 -0.0581054687500001 -0.014892578125 0.432220458984375
-0.52276611328125 0.106231689453125 0.258636474609375 0.45233154296875
-0.405670166015625 0.252105712890625 0.375762939453125 0.17852783203125
-0.261962890625 0.430267333984375 0.29583740234375 0.0177001953125
-0.098297119140625 0.467742919921875 0.141571044921875 -0.0409393310546875
-0.10296630859375 0.433807373046875 0.0610847473144531 0.0288200378417969
-0.09503173828125 0.467315673828125 -0.0123825073242188 0.136573791503906
-0.174468994140625 0.45758056640625 -0.0901641845703125 0.213516235351563
-0.30181884765625 0.342987060546875 -0.1588134765625 0.163665771484375
-0.40692138671875 0.2403564453125 -0.228073120117188 0.0752105712890626
-0.4501953125 0.0292663574218751 -0.147628784179688 -0.13861083984375
-0.487884521484375 -0.11004638671875 -0.00573730468750002 -0.216903686523438
-0.528533935546875 -0.20733642578125 0.0334167480468749 -0.217926025390625
-0.5694580078125 -0.42120361328125 0.00961303710937497 0.278076171875
-0.68463134765625 -0.28955078125 -0.206146240234375 0.206130981445313
-0.6173095703125 -0.0560302734375 0.038360595703125 0.417022705078125
-0.541748046875 0.160186767578125 0.346588134765625 0.349212646484375
-0.379180908203125 0.294281005859375 0.43017578125 0.03314208984375
-0.21844482421875 0.443817138671875 0.321533203125 -0.159576416015625
-0.07159423828125 0.451629638671875 0.130416870117188 -0.233245849609375
-0.090850830078125 0.428375244140625 0.028533935546875 -0.14886474609375
-0.07855224609375 0.47125244140625 -0.0420570373535156 -0.0304374694824218
-0.149749755859375 0.478485107421875 -0.0992202758789063 0.0646972656250001
-0.2869873046875 0.390472412109375 -0.176712036132813 0.0460052490234375
-0.417144775390625 0.32098388671875 -0.231460571289063 -0.01422119140625
-0.539306640625 0.0947875976562499 -0.141281127929688 -0.190139770507812
-0.603515625 -0.11199951171875 -0.09991455078125 -0.2344970703125
-0.6031494140625 -0.26177978515625 -0.146575927734375 -0.29705810546875
-0.48834228515625 -0.41815185546875 -0.161056518554688 0.211044311523437
-0.6309814453125 -0.28961181640625 -0.268463134765625 0.203384399414063
-0.5545654296875 -0.0286560058593749 0.0945434570312499 0.366912841796875
-0.446380615234375 0.182769775390625 0.403839111328125 0.21026611328125
-0.278594970703125 0.281219482421875 0.443084716796875 -0.11260986328125
-0.1329345703125 0.37554931640625 0.315460205078125 -0.324188232421875
-0.033416748046875 0.3624267578125 0.1031494140625 -0.398345947265625
-0.062103271484375 0.35711669921875 -0.010101318359375 -0.3033447265625
-0.05303955078125 0.402374267578125 -0.0772552490234375 -0.185638427734375
-0.10650634765625 0.421966552734375 -0.115440368652344 -0.0897750854492187
-0.234405517578125 0.37091064453125 -0.197845458984375 -0.089324951171875
-0.373260498046875 0.339996337890625 -0.2235107421875 -0.130294799804687
-0.55023193359375 0.124237060546875 -0.117233276367188 -0.251800537109375
-0.628662109375 -0.1175537109375 -0.18402099609375 -0.243026733398438
-0.585693359375 -0.2958984375 -0.33258056640625 -0.373504638671875
-0.3486328125 -0.351837158203125 -0.279251098632813 0.1539306640625
-0.496124267578125 -0.2279052734375 -0.282196044921875 0.19329833984375
-0.405120849609375 0.016937255859375 0.138824462890625 0.288909912109375
-0.275161743164063 0.178939819335938 0.41497802734375 0.07196044921875
-0.133438110351563 0.21697998046875 0.40997314453125 -0.227081298828125
-0.0311737060546875 0.243240356445313 0.279296875 -0.444580078125
0.0068359375 0.216354370117188 0.0646362304687501 -0.509613037109375
-0.026641845703125 0.229141235351562 -0.0506591796875 -0.4124755859375
-0.01751708984375 0.267105102539063 -0.10943603515625 -0.3050537109375
-0.045654296875 0.29571533203125 -0.130722045898438 -0.222320556640625
-0.145294189453125 0.290557861328125 -0.210784912109375 -0.21539306640625
-0.279449462890625 0.29888916015625 -0.197982788085938 -0.25238037109375
-0.480987548828125 0.1153564453125 -0.0692138671875 -0.311920166015625
-0.550384521484375 -0.1326904296875 -0.239288330078125 -0.246917724609375
-0.46826171875 -0.303436279296875 -0.48663330078125 -0.446563720703125
-0.16998291015625 -0.236358642578125 -0.3387451171875 0.123565673828125
-0.3123779296875 -0.12213134765625 -0.254257202148438 0.184906005859375
-0.2120361328125 0.0648193359375 0.16839599609375 0.2020263671875
-0.0811004638671875 0.146743774414063 0.387664794921875 -0.0421142578125
0.0137481689453125 0.121894836425781 0.34869384765625 -0.293914794921875
0.0629348754882813 0.0792617797851562 0.221160888671875 -0.5030517578125
0.0394744873046875 0.0392303466796875 0.020965576171875 -0.555694580078125
0.0124549865722656 0.0660209655761719 -0.0882568359375 -0.457794189453125
0.0260696411132813 0.0879287719726563 -0.13458251953125 -0.366729736328125
0.0348052978515625 0.12939453125 -0.146331787109375 -0.307769775390625
-0.0243682861328125 0.17901611328125 -0.219451904296875 -0.30950927734375
-0.144302368164063 0.22113037109375 -0.161956787109375 -0.3575439453125
-0.3359375 0.084686279296875 -0.00918579101562498 -0.36236572265625
-0.3731689453125 -0.12786865234375 -0.257400512695313 -0.250198364257812
-0.263092041015625 -0.266815185546875 -0.58404541015625 -0.5107421875
-0.0295276641845703 0.0125656127929688 0.62554931640625 0.35565185546875
0.086883544921875 0.0572280883789063 0.196182250976563 0.208419799804688
0.0995941162109375 -0.0841903686523438 0.013916015625 0.345428466796875
-0.038787841796875 -0.131515502929688 0.142333984375 0.437103271484375
-0.111122131347656 -0.0508804321289062 0.215576171875 0.31146240234375
-0.119453430175781 0.0392837524414062 0.17437744140625 0.283447265625
-0.0569992065429687 0.11334228515625 0.147216796875 0.352142333984375
-0.0476303100585937 0.0982284545898438 0.114501953125 0.419647216796875
-0.0615692138671875 0.0957870483398437 0.024810791015625 0.487701416015625
-0.107292175292969 0.0809860229492188 -0.13409423828125 0.466522216796875
-0.121871948242188 0.0108718872070312 -0.211578369140625 0.318145751953125
-0.0900115966796875 -0.0840911865234375 -0.25531005859375 0.125946044921875
0.0670089721679688 -0.0731201171875 -0.149734497070313 -0.11114501953125
0.0827102661132812 0.0638198852539062 0.171798706054688 -0.152908325195313
-0.0176544189453125 0.0828323364257813 0.31689453125 -0.081024169921875
-0.279769897460938 -0.0922546386718749 0.555816650390625 0.36346435546875
-0.201217651367187 0.00358581542968748 0.122756958007812 0.1971435546875
-0.1385498046875 -0.045257568359375 -0.018951416015625 0.377838134765625
-0.216140747070313 -0.035369873046875 0.15057373046875 0.4761962890625
-0.228164672851563 0.0685272216796875 0.25274658203125 0.307373046875
-0.1805419921875 0.2073974609375 0.209335327148438 0.244186401367188
-0.06683349609375 0.279953002929688 0.14813232421875 0.271835327148438
-0.0612945556640625 0.256057739257813 0.11077880859375 0.32928466796875
-0.0697784423828125 0.26373291015625 0.037384033203125 0.40423583984375
-0.140289306640625 0.239532470703125 -0.090087890625 0.417510986328125
-0.20562744140625 0.136856079101563 -0.158721923828125 0.30035400390625
-0.22698974609375 0.02264404296875 -0.222244262695313 0.150848388671875
-0.120254516601563 -0.0704727172851562 -0.144577026367187 -0.084716796875
-0.112220764160156 -0.024810791015625 0.131454467773438 -0.158889770507813
-0.208511352539062 -0.0159149169921875 0.263702392578125 -0.0980682373046875
-0.4732666015625 -0.210845947265625 0.413909912109375 0.34893798828125
-0.458648681640625 -0.0841064453125 0.025238037109375 0.196365356445313
-0.37310791015625 -0.0291748046874999 -0.0176086425781251 0.402862548828125
-0.386260986328125 0.05902099609375 0.20068359375 0.473419189453125
-0.326904296875 0.183380126953125 0.313323974609375 0.251373291015625
-0.220947265625 0.347015380859375 0.251800537109375 0.1435546875
-0.069580078125 0.40277099609375 0.144134521484375 0.129196166992188
-0.068115234375 0.3739013671875 0.0926971435546875 0.188674926757813
-0.066650390625 0.392486572265625 0.028350830078125 0.281219482421875
-0.1468505859375 0.372894287109375 -0.065032958984375 0.333221435546875
-0.254638671875 0.25909423828125 -0.132064819335938 0.253585815429688
-0.325958251953125 0.14935302734375 -0.206985473632813 0.141647338867188
-0.29510498046875 -0.02154541015625 -0.143646240234375 -0.0886383056640625
-0.308929443359375 -0.0706481933593751 0.065032958984375 -0.18145751953125
-0.3870849609375 -0.101531982421875 0.161819458007812 -0.147171020507813
-0.57952880859375 -0.31231689453125 0.225830078125 0.318695068359375
-0.62890625 -0.17462158203125 -0.08551025390625 0.203857421875
-0.545501708984375 -0.0228271484375 0.01483154296875 0.4140625
-0.5032958984375 0.141082763671875 0.27850341796875 0.416351318359375
-0.37554931640625 0.27386474609375 0.374603271484375 0.14398193359375
-0.224945068359375 0.43353271484375 0.286834716796875 -0.00485229492187497
-0.05926513671875 0.45989990234375 0.130752563476563 -0.049102783203125
-0.067535400390625 0.432830810546875 0.0588607788085938 0.0223274230957032
-0.055145263671875 0.465545654296875 -0.00139617919921874 0.131416320800781
-0.135162353515625 0.458831787109375 -0.064208984375 0.213104248046875
-0.2694091796875 0.35821533203125 -0.137435913085938 0.171371459960938
-0.3809814453125 0.267120361328125 -0.209609985351563 0.0923309326171875
-0.4359130859375 0.056549072265625 -0.147979736328125 -0.123809814453125
-0.482421875 -0.0797119140625 -0.0168304443359375 -0.205215454101563
-0.531158447265625 -0.164794921875 0.0156097412109375 -0.20782470703125
-0.5867919921875 -0.37200927734375 0.0273895263671875 0.26788330078125
-0.684326171875 -0.23260498046875 -0.184646606445313 0.21331787109375
-0.60333251953125 -0.0140380859374999 0.0628662109375 0.394683837890625
-0.51824951171875 0.193603515625 0.353546142578125 0.308380126953125
-0.349365234375 0.311920166015625 0.4178466796875 -0.000335693359374981
-0.18060302734375 0.4415283203125 0.299285888671875 -0.17962646484375
-0.03741455078125 0.44287109375 0.104400634765625 -0.2347412109375
-0.055145263671875 0.4254150390625 0.0145416259765625 -0.148025512695312
-0.040618896484375 0.468658447265625 -0.0425567626953125 -0.0285682678222656
-0.108856201171875 0.476837158203125 -0.0843734741210938 0.068603515625
-0.251953125 0.40234375 -0.161422729492188 0.05743408203125
-0.38323974609375 0.346343994140625 -0.219558715820313 0.0072021484375
-0.515777587890625 0.1263427734375 -0.14825439453125 -0.174545288085938
-0.5958251953125 -0.0723876953125001 -0.112319946289062 -0.2161865234375
-0.608642578125 -0.212646484375 -0.165328979492188 -0.272964477539062
-0.50640869140625 -0.37469482421875 -0.143722534179688 0.212417602539062
-0.63067626953125 -0.235595703125 -0.24859619140625 0.214523315429688
-0.5413818359375 0.00723266601562505 0.111358642578125 0.342010498046875
-0.4212646484375 0.209716796875 0.3988037109375 0.170684814453125
-0.251495361328125 0.291015625 0.418060302734375 -0.14398193359375
-0.104461669921875 0.367919921875 0.280670166015625 -0.33966064453125
-0.00711059570312504 0.351348876953125 0.06597900390625 -0.3934326171875
-0.034942626953125 0.3533935546875 -0.0347900390625 -0.29425048828125
-0.020294189453125 0.39697265625 -0.0888671875 -0.176788330078125
-0.0726318359375 0.4183349609375 -0.112106323242188 -0.0803604125976562
-0.203460693359375 0.377685546875 -0.191879272460938 -0.0705413818359375
-0.33990478515625 0.359893798828125 -0.222564697265625 -0.105300903320313
-0.525360107421875 0.15594482421875 -0.130767822265625 -0.237060546875
-0.621337890625 -0.0762939453124999 -0.197341918945313 -0.218338012695313
-0.59490966796875 -0.2476806640625 -0.350494384765625 -0.335205078125
-0.36370849609375 -0.318939208984375 -0.262496948242188 0.164108276367187
-0.49664306640625 -0.18316650390625 -0.265396118164063 0.20574951171875
-0.3922119140625 0.042327880859375 0.148452758789063 0.264663696289063
-0.254257202148438 0.192626953125 0.39971923828125 0.034576416015625
-0.114532470703125 0.217010498046875 0.3790283203125 -0.2518310546875
-0.0153350830078125 0.232223510742188 0.235626220703125 -0.45318603515625
0.020538330078125 0.2059326171875 0.021026611328125 -0.499114990234375
-0.00965881347656251 0.226425170898438 -0.081939697265625 -0.397613525390625
0.00144958496093749 0.262893676757812 -0.1273193359375 -0.290283203125
-0.024078369140625 0.290283203125 -0.13653564453125 -0.208053588867187
-0.12310791015625 0.292510986328125 -0.213714599609375 -0.191314697265625
-0.25079345703125 0.31109619140625 -0.207717895507813 -0.224685668945312
-0.458038330078125 0.140899658203125 -0.092498779296875 -0.29827880859375
-0.545135498046875 -0.09381103515625 -0.2528076171875 -0.217788696289063
-0.479644775390625 -0.262786865234375 -0.5052490234375 -0.39605712890625
-0.182708740234375 -0.217788696289062 -0.322235107421875 0.137237548828125
-0.311859130859375 -0.094573974609375 -0.239089965820313 0.1953125
-0.19964599609375 0.0754547119140625 0.169540405273438 0.180740356445313
-0.0688629150390625 0.146438598632813 0.3643798828125 -0.07305908203125
0.0209579467773438 0.114776611328125 0.311004638671875 -0.3126220703125
0.0627250671386719 0.0670204162597656 0.17437744140625 -0.50653076171875
0.038482666015625 0.0328521728515625 -0.0235900878906249 -0.540069580078125
0.0158004760742187 0.0631217956542969 -0.119720458984375 -0.43902587890625
0.0295867919921875 0.0851364135742188 -0.1561279296875 -0.347747802734375
0.04058837890625 0.122650146484375 -0.15771484375 -0.290069580078125
-0.0125579833984375 0.17449951171875 -0.229629516601562 -0.280303955078125
-0.124526977539062 0.225311279296875 -0.182525634765625 -0.3292236328125
-0.318450927734375 0.10302734375 -0.0403747558593751 -0.351165771484375
-0.370025634765625 -0.100311279296875 -0.273239135742188 -0.222412109375
-0.27734375 -0.2391357421875 -0.6029052734375 -0.453125
-0.0324211120605469 0.0169219970703125 0.61419677734375 0.318115234375
0.0871658325195313 0.0521697998046875 0.205245971679688 0.189163208007813
0.0918426513671875 -0.0849151611328125 0.031341552734375 0.325531005859375
-0.0427474975585937 -0.120498657226562 0.1522216796875 0.4072265625
-0.106773376464844 -0.0422821044921875 0.214630126953125 0.287841796875
-0.111000061035156 0.0425033569335937 0.17376708984375 0.266311645507813
-0.047271728515625 0.111473083496094 0.1536865234375 0.332611083984375
-0.0396499633789063 0.0978164672851562 0.127288818359375 0.396697998046875
-0.0520172119140625 0.096923828125 0.049530029296875 0.46484375
-0.0972366333007813 0.0840606689453125 -0.102813720703125 0.452606201171875
-0.113945007324219 0.0165863037109375 -0.1861572265625 0.314300537109375
-0.0900421142578125 -0.0737762451171875 -0.234268188476562 0.132919311523437
0.0605545043945313 -0.0718460083007812 -0.14105224609375 -0.0952606201171875
0.0845870971679688 0.0582122802734375 0.162933349609375 -0.149246215820313
-0.0133285522460938 0.0825119018554687 0.30023193359375 -0.084991455078125
-0.276565551757812 -0.075775146484375 0.54766845703125 0.329254150390625
-0.19085693359375 0.0103607177734375 0.133163452148438 0.18182373046875
-0.13433837890625 -0.0414581298828125 -0.00027465820312501 0.357757568359375
-0.209320068359375 -0.0223541259765625 0.162689208984375 0.44476318359375
-0.215179443359375 0.0749053955078125 0.250701904296875 0.281768798828125
-0.163909912109375 0.204605102539063 0.206634521484375 0.225738525390625
-0.05078125 0.270431518554688 0.15081787109375 0.255462646484375
-0.04498291015625 0.24920654296875 0.11895751953125 0.308624267578125
-0.0526275634765625 0.258346557617188 0.054718017578125 0.384429931640625
-0.12127685546875 0.237762451171875 -0.061798095703125 0.4024658203125
-0.18951416015625 0.141433715820313 -0.1363525390625 0.294403076171875
-0.21728515625 0.03533935546875 -0.201568603515625 0.154342651367188
-0.1192626953125 -0.0631561279296875 -0.134254455566406 -0.073486328125
-0.107292175292969 -0.021728515625 0.123886108398438 -0.153762817382813
-0.200225830078125 -0.00634765624999998 0.248519897460938 -0.09844970703125
-0.466827392578125 -0.18170166015625 0.410430908203125 0.32196044921875
-0.44024658203125 -0.062530517578125 0.0373992919921875 0.186248779296875
-0.3594970703125 -0.01763916015625 -0.000152587890625052 0.381622314453125
-0.370025634765625 0.0743103027343749 0.207855224609375 0.43951416015625
-0.3056640625 0.188507080078125 0.30584716796875 0.22613525390625
-0.196929931640625 0.340087890625 0.244369506835938 0.126205444335938
-0.049652099609375 0.38623046875 0.139884948730469 0.120323181152344
-0.047576904296875 0.362762451171875 0.094818115234375 0.176483154296875
-0.044097900390625 0.381988525390625 0.04010009765625 0.267776489257812
-0.121978759765625 0.365264892578125 -0.041961669921875 0.31927490234375
-0.232940673828125 0.261520385742188 -0.112823486328125 0.247665405273438
-0.306640625 0.15869140625 -0.186172485351562 0.145355224609375
-0.284576416015625 -0.010467529296875 -0.133941650390625 -0.0796279907226562
-0.298614501953125 -0.060333251953125 0.0596923828125 -0.1715087890625
-0.375518798828125 -0.082183837890625 0.149200439453125 -0.141326904296875
-0.571533203125 -0.2769775390625 0.2274169921875 0.297149658203125
-0.609375 -0.1435546875 -0.0701293945312501 0.19708251953125
-0.524139404296875 -0.00744628906249997 0.028411865234375 0.3892822265625
-0.478546142578125 0.156341552734375 0.27947998046875 0.383209228515625
-0.3505859375 0.2763671875 0.362548828125 0.1201171875
-0.198211669921875 0.421966552734375 0.273284912109375 -0.0192718505859375
-0.03826904296875 0.44189453125 0.119361877441406 -0.050384521484375
-0.044525146484375 0.41937255859375 0.0545997619628906 0.0183181762695313
-0.031768798828125 0.451995849609375 0.00508880615234376 0.124931335449219
-0.107452392578125 0.4473876953125 -0.046722412109375 0.204620361328125
-0.244171142578125 0.356964111328125 -0.119049072265625 0.170196533203125
-0.353363037109375 0.27569580078125 -0.190139770507813 0.100341796875
-0.41571044921875 0.0681152343750001 -0.141464233398438 -0.112457275390625
-0.46722412109375 -0.062591552734375 -0.02264404296875 -0.192123413085938
-0.517303466796875 -0.13836669921875 0.00633239746093749 -0.192642211914063
-0.580322265625 -0.3319091796875 0.0350494384765625 0.254241943359375
-0.66412353515625 -0.19537353515625 -0.167556762695313 0.210006713867187
-0.58074951171875 0.00396728515624991 0.0722961425781249 0.369049072265625
-0.489532470703125 0.207550048828125 0.345306396484375 0.277069091796875
-0.323455810546875 0.31317138671875 0.396820068359375 -0.019866943359375
-0.158416748046875 0.42681884765625 0.278961181640625 -0.1881103515625
-0.017791748046875 0.421783447265625 0.086273193359375 -0.226974487304687
-0.03424072265625 0.41290283203125 0.004730224609375 -0.14276123046875
-0.016845703125 0.452789306640625 -0.0431289672851562 -0.0271949768066406
-0.084136962890625 0.463653564453125 -0.0715255737304687 0.0674362182617188
-0.22637939453125 0.398345947265625 -0.146682739257813 0.0633850097656251
-0.35479736328125 0.351287841796875 -0.203857421875 0.01971435546875
-0.4913330078125 0.136444091796875 -0.145858764648438 -0.162384033203125
-0.576171875 -0.0528564453124999 -0.116104125976563 -0.198348999023438
-0.59478759765625 -0.18096923828125 -0.168792724609375 -0.247909545898437
-0.503387451171875 -0.339019775390625 -0.1309814453125 0.20654296875
-0.613037109375 -0.199951171875 -0.230880737304688 0.214279174804688
-0.518096923828125 0.0230712890624999 0.113006591796875 0.31787109375
-0.396636962890625 0.21783447265625 0.380279541015625 0.142669677734375
-0.23028564453125 0.28759765625 0.391082763671875 -0.155792236328125
-0.087921142578125 0.353271484375 0.25433349609375 -0.34051513671875
0.00503540039062497 0.33404541015625 0.04278564453125 -0.377532958984375
-0.0181884765625 0.34246826171875 -0.047515869140625 -0.280624389648438
-0.00177001953125003 0.38525390625 -0.0928955078125 -0.166549682617187
-0.052398681640625 0.405242919921875 -0.105018615722656 -0.074676513671875
-0.18115234375 0.37249755859375 -0.180160522460937 -0.058502197265625
-0.312591552734375 0.36114501953125 -0.212417602539063 -0.0869140624999999
-0.4971923828125 0.16448974609375 -0.135757446289063 -0.222183227539063
-0.5999755859375 -0.0543212890625 -0.1988525390625 -0.197128295898437
-0.58203125 -0.21405029296875 -0.348297119140625 -0.30242919921875
-0.363739013671875 -0.29168701171875 -0.247390747070313 0.163482666015625
-0.4827880859375 -0.154144287109375 -0.248443603515625 0.205352783203125
-0.373291015625 0.052520751953125 0.145263671875 0.243743896484375
-0.235626220703125 0.1939697265625 0.37567138671875 0.0135498046875
-0.101791381835938 0.210952758789063 0.3465576171875 -0.258697509765625
-0.00933837890624998 0.219757080078125 0.2042236328125 -0.446441650390625
0.0248870849609375 0.194366455078125 -0.004119873046875 -0.4769287109375
0.00010681152343749 0.218719482421875 -0.097015380859375 -0.37628173828125
0.0118865966796875 0.254486083984375 -0.135101318359375 -0.272567749023438
-0.0122833251953125 0.280548095703125 -0.135147094726563 -0.196014404296875
-0.107086181640625 0.2862548828125 -0.205963134765625 -0.172225952148438
-0.228424072265625 0.309722900390625 -0.204940795898438 -0.201583862304687
-0.432830810546875 0.1484375 -0.102996826171875 -0.282623291015625
-0.52789306640625 -0.0728759765624999 -0.253433227539063 -0.194717407226563
-0.473419189453125 -0.232208251953125 -0.500030517578125 -0.355499267578125
-0.184402465820313 -0.202606201171875 -0.30426025390625 0.13916015625
-0.301788330078125 -0.075836181640625 -0.225906372070313 0.195907592773437
-0.188323974609375 0.078277587890625 0.16162109375 0.163406372070312
-0.0578155517578125 0.141891479492188 0.33721923828125 -0.08905029296875
0.0240249633789063 0.107406616210938 0.280120849609375 -0.313018798828125
0.0577964782714844 0.0587654113769531 0.142791748046875 -0.494110107421875
0.0352668762207031 0.0275382995605469 -0.048187255859375 -0.51422119140625
0.0154762268066406 0.0606498718261719 -0.134002685546875 -0.4129638671875
0.0295486450195313 0.0816574096679688 -0.163482666015625 -0.32666015625
0.0426712036132813 0.114952087402344 -0.160369873046875 -0.2728271484375
-0.005889892578125 0.166580200195312 -0.22576904296875 -0.255569458007813
-0.109619140625 0.220947265625 -0.1875 -0.302001953125
-0.2998046875 0.108001708984375 -0.054931640625 -0.334228515625
-0.35906982421875 -0.08355712890625 -0.273910522460938 -0.198532104492188
-0.278839111328125 -0.21820068359375 -0.5948486328125 -0.40618896484375
-0.0343437194824219 0.0197906494140625 0.60064697265625 0.30401611328125
0.0874481201171875 0.0500946044921875 0.208251953125 0.178939819335938
0.0880508422851563 -0.0853424072265625 0.036376953125 0.312286376953125
-0.0417861938476563 -0.114082336425781 0.15118408203125 0.3905029296875
-0.102043151855469 -0.0395431518554687 0.208587646484375 0.275344848632813
-0.105606079101563 0.0415573120117187 0.168136596679688 0.258499145507813
-0.0411300659179688 0.108924865722656 0.1505126953125 0.323211669921875
-0.0340194702148438 0.09619140625 0.128662109375 0.384002685546875
-0.0479660034179687 0.0971832275390625 0.057281494140625 0.449127197265625
-0.0912933349609375 0.0836105346679688 -0.089630126953125 0.44049072265625
-0.10833740234375 0.0181655883789063 -0.17413330078125 0.30743408203125
-0.0872344970703125 -0.0676040649414062 -0.220977783203125 0.13336181640625
0.0591506958007813 -0.0689811706542969 -0.130683898925781 -0.0877761840820313
0.0848159790039063 0.05517578125 0.162002563476563 -0.143356323242188
-0.0115127563476563 0.0818939208984375 0.291412353515625 -0.08087158203125
-0.273544311523437 -0.0678558349609374 0.534515380859375 0.31719970703125
-0.183731079101562 0.01129150390625 0.137725830078125 0.173629760742188
-0.133041381835937 -0.0431137084960938 0.00469970703125002 0.344635009765625
-0.203628540039063 -0.018096923828125 0.16119384765625 0.427581787109375
-0.209060668945313 0.0750885009765625 0.244400024414062 0.26904296875
-0.157501220703125 0.200180053710938 0.200225830078125 0.21771240234375
-0.0450439453125 0.263137817382813 0.146728515625 0.249801635742188
-0.0391082763671875 0.245559692382813 0.1185302734375 0.298919677734375
-0.044891357421875 0.252944946289063 0.060638427734375 0.371002197265625
-0.112655639648438 0.234329223632812 -0.04925537109375 0.390380859375
-0.180679321289063 0.141128540039062 -0.125 0.28729248046875
-0.209487915039063 0.0384521484375 -0.188034057617188 0.153640747070312
-0.115821838378906 -0.061065673828125 -0.124809265136719 -0.0684051513671875
-0.103080749511719 -0.023040771484375 0.12310791015625 -0.146804809570312
-0.195510864257813 -0.00323486328125002 0.240341186523437 -0.0925140380859375
-0.457122802734375 -0.1707763671875 0.40106201171875 0.31097412109375
-0.426422119140625 -0.058837890625 0.0435791015625 0.178726196289062
-0.351348876953125 -0.0206298828124999 0.00323486328124998 0.3658447265625
-0.360198974609375 0.0765380859375 0.20391845703125 0.420440673828125
-0.29656982421875 0.1864013671875 0.296722412109375 0.21466064453125
-0.19000244140625 0.33013916015625 0.236770629882812 0.119461059570313
-0.042236328125 0.3758544921875 0.135025024414063 0.117401123046875
-0.039154052734375 0.356109619140625 0.092254638671875 0.170822143554688
-0.03448486328125 0.37469482421875 0.0428466796875 0.257858276367188
-0.112060546875 0.3572998046875 -0.03143310546875 0.3087158203125
-0.221725463867187 0.2587890625 -0.102584838867188 0.241119384765625
-0.296722412109375 0.162353515625 -0.172927856445313 0.145187377929688
-0.277389526367188 -0.00955200195312499 -0.126022338867188 -0.0761260986328125
-0.291290283203125 -0.0600891113281249 0.0587005615234375 -0.163955688476563
-0.366180419921875 -0.0762023925781249 0.143630981445312 -0.131881713867188
-0.559814453125 -0.262115478515625 0.22265625 0.28662109375
-0.58953857421875 -0.1357421875 -0.063018798828125 0.189865112304688
-0.5118408203125 -0.00839233398437502 0.0283203125 0.373626708984375
-0.46636962890625 0.156585693359375 0.269378662109375 0.3663330078125
-0.339019775390625 0.27197265625 0.351409912109375 0.11077880859375
-0.19085693359375 0.4083251953125 0.263168334960938 -0.02374267578125
-0.034149169921875 0.427947998046875 0.112411499023438 -0.0480270385742187
-0.036407470703125 0.41162109375 0.0507888793945312 0.0176277160644531
-0.02105712890625 0.441558837890625 0.00599670410156251 0.121086120605469
-0.097015380859375 0.438232421875 -0.0384063720703125 0.197021484375
-0.233642578125 0.35113525390625 -0.108871459960938 0.166534423828125
-0.341644287109375 0.274444580078125 -0.176834106445313 0.1019287109375
-0.405487060546875 0.06475830078125 -0.135124206542969 -0.109382629394531
-0.4561767578125 -0.0599365234375 -0.02130126953125 -0.181915283203125
-0.505126953125 -0.130645751953125 0.00450134277343746 -0.180130004882813
-0.56817626953125 -0.317626953125 0.034332275390625 0.245956420898437
-0.645751953125 -0.18377685546875 -0.160293579101563 0.204025268554688
-0.5655517578125 0.00268554687499989 0.0699157714843749 0.354339599609375
-0.476104736328125 0.206878662109375 0.33087158203125 0.263214111328125
-0.311981201171875 0.30670166015625 0.384002685546875 -0.0238037109375
-0.1524658203125 0.413055419921875 0.267257690429688 -0.18853759765625
-0.015380859375 0.410247802734375 0.078826904296875 -0.220352172851563
-0.027435302734375 0.404632568359375 0.00072479248046876 -0.137886047363281
-0.00881958007812495 0.444366455078125 -0.0429153442382813 -0.0253219604492187
-0.073486328125 0.45343017578125 -0.0645637512207031 0.0626487731933594
-0.218048095703125 0.392364501953125 -0.136199951171875 0.0635299682617188
-0.342559814453125 0.3472900390625 -0.191909790039063 0.0240478515625
-0.478271484375 0.131591796875 -0.14129638671875 -0.156982421875
-0.56341552734375 -0.05059814453125 -0.114166259765625 -0.18756103515625
-0.58148193359375 -0.171630859375 -0.16717529296875 -0.233566284179688
-0.494476318359375 -0.32452392578125 -0.127532958984375 0.2001953125
-0.596435546875 -0.18768310546875 -0.22283935546875 0.208602905273437
-0.505767822265625 0.0225830078125001 0.10565185546875 0.30474853515625
-0.383575439453125 0.215972900390625 0.36407470703125 0.135711669921875
-0.222000122070312 0.2803955078125 0.375823974609375 -0.15740966796875
-0.085205078125 0.340972900390625 0.240875244140625 -0.335723876953125
0.00680541992187503 0.32275390625 0.035308837890625 -0.3651123046875
-0.01312255859375 0.334930419921875 -0.05194091796875 -0.270248413085938
0.00366210937499998 0.376617431640625 -0.093170166015625 -0.15972900390625
-0.045501708984375 0.394683837890625 -0.0990676879882813 -0.0744476318359375
-0.1741943359375 0.3665771484375 -0.169921875 -0.0539093017578125
-0.302337646484375 0.35498046875 -0.201858520507813 -0.07806396484375
-0.4837646484375 0.158782958984375 -0.13427734375 -0.21478271484375
-0.5880126953125 -0.0526733398437499 -0.195999145507813 -0.185440063476563
-0.5697021484375 -0.203857421875 -0.342315673828125 -0.28546142578125
-0.356903076171875 -0.280181884765625 -0.240463256835938 0.157958984375
-0.469390869140625 -0.143646240234375 -0.241790771484375 0.202224731445312
-0.3634033203125 0.0507202148437501 0.13665771484375 0.232406616210938
-0.226806640625 0.190139770507813 0.355255126953125 0.00915527343750001
-0.097412109375 0.2047119140625 0.33001708984375 -0.255706787109375
-0.0113983154296875 0.211257934570313 0.191070556640625 -0.43798828125
0.022369384765625 0.18695068359375 -0.013671875 -0.46258544921875
0.0015106201171875 0.213272094726563 -0.09881591796875 -0.363494873046875
0.01416015625 0.248260498046875 -0.134613037109375 -0.26318359375
-0.0098114013671875 0.272232055664063 -0.129287719726563 -0.191650390625
-0.10260009765625 0.280044555664063 -0.196456909179688 -0.163589477539063
-0.219390869140625 0.303680419921875 -0.196868896484375 -0.188308715820312
-0.420623779296875 0.142578125 -0.1053466796875 -0.273513793945313
-0.515716552734375 -0.0686340332031251 -0.251541137695313 -0.182723999023438
-0.46453857421875 -0.22088623046875 -0.488739013671875 -0.3363037109375
-0.182113647460938 -0.196014404296875 -0.29559326171875 0.132476806640625
-0.29278564453125 -0.0695800781250001 -0.220077514648438 0.192031860351563
-0.18365478515625 0.075653076171875 0.152206420898438 0.155838012695313
-0.0541610717773438 0.136520385742188 0.31756591796875 -0.0908203125
0.0242691040039062 0.102409362792969 0.263885498046875 -0.306793212890625
0.0522575378417969 0.0547523498535156 0.12835693359375 -0.483154296875
0.0301399230957031 0.0254440307617188 -0.0555725097656251 -0.498443603515625
0.0149803161621094 0.0598564147949219 -0.1356201171875 -0.398681640625
0.027587890625 0.0801162719726563 -0.16375732421875 -0.315673828125
0.0408401489257813 0.109947204589844 -0.1539306640625 -0.264541625976563
-0.00518798828124999 0.161590576171875 -0.21697998046875 -0.244537353515625
-0.104339599609375 0.2149658203125 -0.1815185546875 -0.286102294921875
-0.2896728515625 0.104034423828125 -0.061126708984375 -0.32330322265625
-0.3505859375 -0.080291748046875 -0.272323608398437 -0.186065673828125
-0.274307250976563 -0.207122802734375 -0.58074951171875 -0.3870849609375
-0.0371551513671875 0.0242843627929687 0.601318359375 0.30487060546875
0.088623046875 0.04962158203125 0.214309692382813 0.1756591796875
0.0875625610351563 -0.0857009887695313 0.0384521484375 0.3095703125
-0.0411605834960938 -0.11151123046875 0.1514892578125 0.386138916015625
-0.101028442382812 -0.0400161743164063 0.206024169921875 0.273147583007813
-0.10601806640625 0.0411224365234375 0.165206909179688 0.260223388671875
-0.0394973754882812 0.108345031738281 0.151092529296875 0.32525634765625
-0.0311279296875 0.0970382690429688 0.130340576171875 0.38226318359375
-0.04498291015625 0.0980911254882813 0.06048583984375 0.447418212890625
-0.0887603759765625 0.0855941772460937 -0.08380126953125 0.4398193359375
-0.10638427734375 0.0184555053710938 -0.1705322265625 0.308990478515625
-0.0865936279296875 -0.0657730102539063 -0.215103149414063 0.135299682617187
0.0608100891113281 -0.0693855285644531 -0.124244689941406 -0.0851516723632813
0.0886611938476563 0.0541000366210938 0.16705322265625 -0.140167236328125
-0.0115432739257813 0.083831787109375 0.2921142578125 -0.07611083984375
-0.275375366210938 -0.066680908203125 0.535675048828125 0.31915283203125
-0.1837158203125 0.0103607177734375 0.14312744140625 0.170852661132813
-0.1357421875 -0.0470504760742187 0.0068359375 0.3409423828125
-0.205657958984375 -0.016448974609375 0.15948486328125 0.423004150390625
-0.209686279296875 0.07562255859375 0.242340087890625 0.266387939453125
-0.158859252929688 0.199005126953125 0.197738647460938 0.217453002929688
-0.0436859130859375 0.263229370117188 0.146270751953125 0.2518310546875
-0.0352325439453125 0.246978759765625 0.119140625 0.299468994140625
-0.0406036376953125 0.255111694335938 0.062957763671875 0.369720458984375
-0.10955810546875 0.235641479492187 -0.044891357421875 0.389739990234375
-0.17950439453125 0.142593383789063 -0.120513916015625 0.2872314453125
-0.208297729492188 0.043060302734375 -0.182540893554687 0.1553955078125
-0.115242004394531 -0.0629348754882813 -0.118598937988281 -0.0683746337890625
-0.1014404296875 -0.0247039794921875 0.12774658203125 -0.1434326171875
-0.196197509765625 -0.0034942626953125 0.24127197265625 -0.08648681640625
-0.459991455078125 -0.16973876953125 0.4002685546875 0.315338134765625
-0.42730712890625 -0.06072998046875 0.0468292236328125 0.176376342773438
-0.355682373046875 -0.02593994140625 0.00537109374999999 0.363189697265625
-0.363494873046875 0.076812744140625 0.201812744140625 0.419464111328125
-0.299560546875 0.185882568359375 0.296905517578125 0.21234130859375
-0.19342041015625 0.3287353515625 0.234634399414063 0.11724853515625
-0.04388427734375 0.377166748046875 0.133331298828125 0.119941711425781
-0.0367431640625 0.358489990234375 0.0911102294921875 0.171783447265625
-0.029541015625 0.3753662109375 0.0446624755859375 0.2574462890625
-0.110107421875 0.35943603515625 -0.02593994140625 0.30615234375
-0.221572875976562 0.26202392578125 -0.0975799560546875 0.2413330078125
-0.29620361328125 0.166107177734375 -0.16583251953125 0.145843505859375
-0.278167724609375 -0.0130615234375 -0.12152099609375 -0.0762252807617187
-0.2928466796875 -0.06243896484375 0.0635528564453125 -0.159805297851563
-0.368988037109375 -0.0783386230468749 0.143234252929687 -0.125137329101563
-0.561614990234375 -0.261383056640625 0.221405029296875 0.290740966796875
-0.59228515625 -0.13739013671875 -0.060943603515625 0.189712524414063
-0.517486572265625 -0.0151977539062501 0.0274658203125 0.3702392578125
-0.469696044921875 0.157745361328125 0.265960693359375 0.3642578125
-0.3424072265625 0.270721435546875 0.34991455078125 0.109466552734375
-0.194488525390625 0.409149169921875 0.261749267578125 -0.027069091796875
-0.035430908203125 0.430023193359375 0.110466003417969 -0.0462722778320312
-0.03399658203125 0.414642333984375 0.0478324890136719 0.017669677734375
-0.01702880859375 0.444854736328125 0.00676727294921876 0.121597290039063
-0.095550537109375 0.440887451171875 -0.0338897705078125 0.194015502929688
-0.234130859375 0.355133056640625 -0.102325439453125 0.165802001953125
-0.342376708984375 0.278106689453125 -0.170608520507813 0.103179931640625
-0.407196044921875 0.0623474121093751 -0.13165283203125 -0.1102294921875
-0.459320068359375 -0.0658874511718749 -0.0185394287109375 -0.178009033203125
-0.507049560546875 -0.1314697265625 0.00444030761718748 -0.17303466796875
-0.56964111328125 -0.31695556640625 0.03302001953125 0.248397827148437
-0.64569091796875 -0.18682861328125 -0.160049438476563 0.202926635742188
-0.5703125 -0.00427246093750007 0.0661926269531249 0.351165771484375
-0.4783935546875 0.2061767578125 0.326690673828125 0.263275146484375
-0.31591796875 0.306427001953125 0.380950927734375 -0.0264892578125
-0.15618896484375 0.41253662109375 0.265182495117187 -0.191162109375
-0.017730712890625 0.41033935546875 0.0748443603515625 -0.218017578125
-0.025543212890625 0.408447265625 -0.00214385986328126 -0.137237548828125
-0.00604248046874996 0.446258544921875 -0.0436363220214844 -0.0244522094726562
-0.072723388671875 0.455322265625 -0.06048583984375 0.059722900390625
-0.218231201171875 0.3970947265625 -0.130645751953125 0.062957763671875
-0.343841552734375 0.350006103515625 -0.185455322265625 0.0260009765625
-0.481964111328125 0.126739501953125 -0.141098022460938 -0.158859252929688
-0.5667724609375 -0.0558471679687501 -0.11334228515625 -0.182830810546875
-0.58416748046875 -0.17254638671875 -0.167587280273438 -0.227310180664062
-0.49462890625 -0.324859619140625 -0.129119873046875 0.199325561523437
-0.59649658203125 -0.188232421875 -0.22369384765625 0.20855712890625
-0.509765625 0.0174560546875001 0.1036376953125 0.3026123046875
-0.38623046875 0.21624755859375 0.357452392578125 0.133148193359375
-0.223846435546875 0.280487060546875 0.37286376953125 -0.1585693359375
-0.09039306640625 0.340728759765625 0.23687744140625 -0.339630126953125
0.00280761718749998 0.32373046875 0.031585693359375 -0.36431884765625
-0.013336181640625 0.337493896484375 -0.0546112060546875 -0.269989013671875
0.00546264648437498 0.37890625 -0.09490966796875 -0.159576416015625
-0.04620361328125 0.39605712890625 -0.096099853515625 -0.0771102905273438
-0.1754150390625 0.369293212890625 -0.164306640625 -0.0537261962890625
-0.302154541015625 0.357513427734375 -0.196075439453125 -0.0749664306640625
-0.48773193359375 0.1536865234375 -0.136123657226563 -0.21636962890625
-0.5919189453125 -0.0565185546875001 -0.197998046875 -0.180908203125
-0.57269287109375 -0.2042236328125 -0.34228515625 -0.278778076171875
-0.358245849609375 -0.281524658203125 -0.241790771484375 0.155410766601562
-0.468658447265625 -0.1436767578125 -0.242385864257813 0.2010498046875
-0.366455078125 0.0471496582031249 0.131820678710937 0.231109619140625
-0.227203369140625 0.188796997070312 0.347320556640625 0.00875854492187501
-0.0985107421875 0.203781127929687 0.325836181640625 -0.254791259765625
-0.014984130859375 0.210098266601562 0.18695068359375 -0.44036865234375
0.018585205078125 0.186538696289063 -0.0174865722656251 -0.460601806640625
0.000991821289062498 0.215316772460938 -0.100830078125 -0.360992431640625
0.0149383544921875 0.250396728515625 -0.13543701171875 -0.26251220703125
-0.0107269287109375 0.273117065429688 -0.1275634765625 -0.193222045898437
-0.1046142578125 0.2816162109375 -0.191619873046875 -0.163223266601562
-0.221343994140625 0.30511474609375 -0.193038940429688 -0.18548583984375
-0.422515869140625 0.137359619140625 -0.108749389648438 -0.273956298828125
-0.52081298828125 -0.0735778808593751 -0.2542724609375 -0.178070068359375
-0.46563720703125 -0.22119140625 -0.490020751953125 -0.332977294921875
-0.184326171875 -0.197265625 -0.296630859375 0.12799072265625
-0.29296875 -0.0678405761718749 -0.221649169921875 0.1907958984375
-0.184722900390625 0.073211669921875 0.14697265625 0.154495239257813
-0.0541458129882812 0.134391784667969 0.308746337890625 -0.089569091796875
0.0244140625 0.101181030273438 0.258758544921875 -0.305572509765625
0.0491485595703125 0.053466796875 0.124725341796875 -0.48388671875
0.0258712768554688 0.0255603790283203 -0.060028076171875 -0.496826171875
0.0129051208496094 0.0596656799316406 -0.13568115234375 -0.395294189453125
0.0267257690429687 0.0815505981445313 -0.1614990234375 -0.314422607421875
0.0389251708984375 0.109672546386719 -0.152679443359375 -0.266006469726563
-0.00616455078124999 0.16192626953125 -0.210968017578125 -0.243331909179688
-0.105087280273437 0.215560913085938 -0.17822265625 -0.281951904296875
-0.291168212890625 0.100341796875 -0.066162109375 -0.321197509765625
-0.35467529296875 -0.080810546875 -0.27581787109375 -0.181549072265625
-0.275466918945313 -0.206558227539063 -0.58319091796875 -0.385986328125
-0.0404052734375 0.0292091369628906 0.623291015625 0.30816650390625
0.0924301147460938 0.0486907958984375 0.228424072265625 0.173721313476563
0.088287353515625 -0.0901031494140625 0.04730224609375 0.313079833984375
-0.0429534912109375 -0.112342834472656 0.1611328125 0.3905029296875
-0.102920532226562 -0.0402603149414063 0.211456298828125 0.275482177734375
-0.109909057617188 0.0431976318359375 0.170989990234375 0.266250610351563
-0.0357894897460937 0.11151123046875 0.16058349609375 0.3336181640625
-0.0269851684570313 0.100822448730469 0.142059326171875 0.39019775390625
-0.0418548583984375 0.10260009765625 0.07281494140625 0.454986572265625
-0.0872573852539063 0.088714599609375 -0.073150634765625 0.45025634765625
-0.1077880859375 0.0207290649414062 -0.166717529296875 0.319854736328125
-0.0888442993164063 -0.0647125244140625 -0.213714599609375 0.1424560546875
0.06317138671875 -0.0735931396484375 -0.122413635253906 -0.0847244262695312
0.0961837768554688 0.0524673461914063 0.174072265625 -0.14324951171875
-0.0107040405273438 0.0867767333984375 0.3006591796875 -0.07733154296875
-0.2867431640625 -0.06182861328125 0.554840087890625 0.32501220703125
-0.188812255859375 0.0121307373046875 0.154281616210938 0.171722412109375
-0.142166137695312 -0.049285888671875 0.015472412109375 0.346588134765625
-0.211593627929688 -0.0123138427734375 0.168487548828125 0.42950439453125
-0.214981079101563 0.0800170898437499 0.249557495117187 0.26641845703125
-0.162567138671875 0.205322265625 0.204238891601563 0.220565795898438
-0.0408935546875 0.272491455078125 0.153762817382813 0.259429931640625
-0.0284881591796875 0.255966186523438 0.127716064453125 0.3057861328125
-0.0336151123046875 0.264205932617188 0.07275390625 0.377716064453125
-0.105911254882812 0.244613647460938 -0.034332275390625 0.3963623046875
-0.18121337890625 0.150360107421875 -0.115020751953125 0.29718017578125
-0.213394165039063 0.04827880859375 -0.177932739257812 0.162200927734375
-0.119071960449219 -0.0652618408203125 -0.118255615234375 -0.0679168701171875
-0.104087829589844 -0.0271759033203125 0.132904052734375 -0.146697998046875
-0.202301025390625 -0.000442504882812538 0.248291015625 -0.085906982421875
-0.476593017578125 -0.166717529296875 0.415802001953125 0.321533203125
-0.440185546875 -0.0584716796874999 0.05419921875 0.180023193359375
-0.370513916015625 -0.026092529296875 0.01123046875 0.367950439453125
-0.374267578125 0.0848999023437499 0.2113037109375 0.424224853515625
-0.307098388671875 0.195098876953125 0.304779052734375 0.209503173828125
-0.198028564453125 0.341522216796875 0.240936279296875 0.114273071289063
-0.03955078125 0.389617919921875 0.13720703125 0.123893737792969
-0.027496337890625 0.371917724609375 0.0955657958984375 0.176132202148438
-0.022552490234375 0.3880615234375 0.0500030517578125 0.263534545898438
-0.1029052734375 0.37310791015625 -0.018157958984375 0.310821533203125
-0.223251342773438 0.275238037109375 -0.0922698974609375 0.248077392578125
-0.3009033203125 0.17724609375 -0.1619873046875 0.153289794921875
-0.28759765625 -0.013427734375 -0.122138977050781 -0.0790863037109375
-0.302764892578125 -0.0650634765625 0.0666656494140625 -0.162796020507813
-0.380767822265625 -0.0757446289062501 0.147659301757812 -0.123886108398438
-0.58197021484375 -0.26104736328125 0.231475830078125 0.29791259765625
-0.61016845703125 -0.135009765625 -0.058685302734375 0.194442749023437
-0.537750244140625 -0.0144958496093751 0.033416748046875 0.376495361328125
-0.48309326171875 0.1690673828125 0.2752685546875 0.3697509765625
-0.353302001953125 0.28289794921875 0.3594970703125 0.10418701171875
-0.198638916015625 0.421539306640625 0.266586303710938 -0.035888671875
-0.03070068359375 0.444488525390625 0.11077880859375 -0.0472030639648437
-0.026092529296875 0.43072509765625 0.0477714538574219 0.0192337036132813
-0.00714111328125001 0.4595947265625 0.00798034667968749 0.124298095703125
-0.088897705078125 0.455841064453125 -0.028289794921875 0.195053100585938
-0.236053466796875 0.372711181640625 -0.0985107421875 0.170608520507813
-0.348968505859375 0.294769287109375 -0.166366577148438 0.10943603515625
-0.420562744140625 0.06463623046875 -0.13470458984375 -0.11285400390625
-0.4775390625 -0.0657348632812499 -0.0206298828125 -0.177627563476562
-0.5242919921875 -0.128875732421875 0.00253295898437496 -0.171310424804688
-0.59075927734375 -0.32135009765625 0.0375213623046875 0.256118774414063
-0.667236328125 -0.18292236328125 -0.160858154296875 0.209793090820313
-0.59197998046875 -0.00103759765625003 0.07086181640625 0.356353759765625
-0.4918212890625 0.219818115234375 0.335205078125 0.265380859375
-0.322540283203125 0.318634033203125 0.39031982421875 -0.035308837890625
-0.158447265625 0.426422119140625 0.267105102539063 -0.204498291015625
-0.014434814453125 0.42413330078125 0.0709228515625 -0.223846435546875
-0.019012451171875 0.422637939453125 -0.00720977783203125 -0.139358520507812
0.004180908203125 0.4603271484375 -0.0453872680664063 -0.0240707397460937
-0.06622314453125 0.471649169921875 -0.0588874816894531 0.0584030151367188
-0.22027587890625 0.413421630859375 -0.1285400390625 0.0659027099609375
-0.350250244140625 0.368988037109375 -0.184707641601563 0.0313568115234375
-0.498260498046875 0.13262939453125 -0.147506713867188 -0.162185668945313
-0.5892333984375 -0.0521850585937501 -0.1187744140625 -0.180511474609375
-0.605224609375 -0.1712646484375 -0.174835205078125 -0.223724365234375
-0.51446533203125 -0.32818603515625 -0.130203247070313 0.205917358398438
-0.6153564453125 -0.18475341796875 -0.227279663085938 0.21551513671875
-0.526763916015625 0.018951416015625 0.1072998046875 0.30633544921875
-0.3955078125 0.225738525390625 0.36187744140625 0.133209228515625
-0.227813720703125 0.290863037109375 0.37762451171875 -0.1693115234375
-0.09100341796875 0.35101318359375 0.236785888671875 -0.355743408203125
0.00405883789062501 0.334259033203125 0.02349853515625 -0.373443603515625
-0.00820922851562497 0.349212646484375 -0.0622711181640625 -0.274520874023438
0.011505126953125 0.391021728515625 -0.099517822265625 -0.160751342773437
-0.041656494140625 0.410797119140625 -0.0980072021484375 -0.0801544189453125
-0.176605224609375 0.38568115234375 -0.16497802734375 -0.0536651611328125
-0.30792236328125 0.375030517578125 -0.197708129882813 -0.072540283203125
-0.5032958984375 0.159912109375 -0.145584106445313 -0.220016479492187
-0.61474609375 -0.0532226562499999 -0.207305908203125 -0.177200317382813
-0.5927734375 -0.203369140625 -0.3555908203125 -0.27740478515625
-0.374481201171875 -0.28515625 -0.246429443359375 0.159530639648437
-0.48284912109375 -0.1395263671875 -0.247711181640625 0.208770751953125
-0.37762451171875 0.050140380859375 0.133880615234375 0.233932495117188
-0.232467651367188 0.195404052734375 0.34893798828125 0.00500488281250001
-0.100204467773437 0.209396362304688 0.326568603515625 -0.266265869140625
-0.015716552734375 0.216812133789063 0.180450439453125 -0.45880126953125
0.0179290771484375 0.193069458007813 -0.026611328125 -0.471527099609375
0.00297546386718748 0.2227783203125 -0.110107421875 -0.36859130859375
0.0184478759765625 0.259414672851562 -0.143356323242188 -0.265838623046875
-0.00790405273437502 0.281585693359375 -0.131607055664062 -0.198593139648437
-0.105865478515625 0.2923583984375 -0.193679809570313 -0.164321899414062
-0.224365234375 0.3173828125 -0.197265625 -0.1849365234375
-0.436431884765625 0.142791748046875 -0.11968994140625 -0.27850341796875
-0.539154052734375 -0.0707092285156249 -0.266250610351563 -0.173934936523438
-0.48345947265625 -0.2208251953125 -0.507415771484375 -0.332000732421875
-0.1939697265625 -0.200729370117188 -0.303009033203125 0.131195068359375
-0.301910400390625 -0.064178466796875 -0.225143432617188 0.1978759765625
-0.191696166992188 0.076080322265625 0.147796630859375 0.155838012695313
-0.0555496215820313 0.13629150390625 0.306976318359375 -0.095306396484375
0.0244064331054687 0.102836608886719 0.2564697265625 -0.317413330078125
0.0480384826660156 0.054168701171875 0.1136474609375 -0.501129150390625
0.0223846435546875 0.0262584686279297 -0.072509765625 -0.50775146484375
0.0122261047363281 0.0623092651367187 -0.14373779296875 -0.403228759765625
0.027099609375 0.08447265625 -0.16973876953125 -0.318817138671875
0.03961181640625 0.111770629882813 -0.159408569335938 -0.272186279296875
-0.0050811767578125 0.166397094726562 -0.215927124023437 -0.246139526367188
-0.105453491210938 0.222259521484375 -0.18511962890625 -0.284881591796875
-0.299774169921875 0.104248046875 -0.076507568359375 -0.32806396484375
-0.366241455078125 -0.0808410644531249 -0.28955078125 -0.177886962890625
-0.28704833984375 -0.2066650390625 -0.60369873046875 -0.3856201171875
-0.042510986328125 0.0374755859375 0.6611328125 0.28814697265625
0.0983505249023438 0.0466156005859375 0.250808715820313 0.1656494140625
0.0872421264648438 -0.0969161987304688 0.067535400390625 0.315765380859375
-0.0470046997070312 -0.113433837890625 0.182586669921875 0.391204833984375
-0.1080322265625 -0.0385513305664063 0.227264404296875 0.272735595703125
-0.113311767578125 0.0509490966796875 0.187347412109375 0.2694091796875
-0.0291290283203125 0.116539001464844 0.18267822265625 0.33984375
-0.0179824829101563 0.103080749511719 0.16668701171875 0.3955078125
-0.0351104736328125 0.108451843261719 0.097564697265625 0.464599609375
-0.08551025390625 0.098358154296875 -0.05078125 0.46734619140625
-0.110122680664062 0.0261154174804687 -0.152496337890625 0.339080810546875
-0.0941009521484375 -0.062835693359375 -0.2083740234375 0.158065795898438
0.0632400512695313 -0.0811538696289063 -0.125167846679688 -0.0815277099609375
0.104408264160156 0.0459060668945313 0.177886962890625 -0.15521240234375
-0.00778961181640625 0.0920257568359375 0.307342529296875 -0.08978271484375
-0.301788330078125 -0.047454833984375 0.5911865234375 0.31231689453125
-0.195770263671875 0.0212860107421875 0.172775268554688 0.16839599609375
-0.151809692382813 -0.0470733642578125 0.035003662109375 0.3519287109375
-0.220077514648438 -0.00274658203125004 0.1934814453125 0.431884765625
-0.220535278320312 0.091461181640625 0.266464233398438 0.262100219726563
-0.161788940429688 0.221969604492187 0.2188720703125 0.218841552734375
-0.025787353515625 0.283935546875 0.17144775390625 0.262496948242188
-0.012939453125 0.266464233398438 0.145843505859375 0.309844970703125
-0.0213470458984375 0.27484130859375 0.092864990234375 0.38555908203125
-0.0970306396484375 0.259384155273438 -0.012725830078125 0.410614013671875
-0.180831909179687 0.165512084960938 -0.101409912109375 0.312286376953125
-0.217193603515625 0.06182861328125 -0.170654296875 0.177658081054688
-0.128166198730469 -0.0658416748046875 -0.120460510253906 -0.0666351318359375
-0.108596801757813 -0.0283889770507813 0.135910034179688 -0.155548095703125
-0.210830688476563 0.00885009765625005 0.254043579101563 -0.0960235595703125
-0.5037841796875 -0.15167236328125 0.44720458984375 0.3157958984375
-0.460205078125 -0.0404663085937501 0.069732666015625 0.182159423828125
-0.389434814453125 -0.0160827636718751 0.031280517578125 0.376190185546875
-0.38629150390625 0.105621337890625 0.23443603515625 0.4271240234375
-0.31158447265625 0.216217041015625 0.32366943359375 0.199920654296875
-0.192657470703125 0.36468505859375 0.252471923828125 0.105758666992188
-0.02276611328125 0.407989501953125 0.148529052734375 0.123611450195313
-0.00967407226562498 0.385589599609375 0.105453491210938 0.177734375
-0.002197265625 0.40533447265625 0.064788818359375 0.269195556640625
-0.087249755859375 0.392486572265625 -0.00100708007812502 0.3184814453125
-0.219024658203125 0.298248291015625 -0.0779266357421875 0.260055541992188
-0.304931640625 0.199554443359375 -0.154403686523438 0.165542602539063
-0.301727294921875 -0.00433349609375 -0.127227783203125 -0.0761566162109375
-0.318267822265625 -0.0575256347656249 0.0635833740234375 -0.1678466796875
-0.40130615234375 -0.060577392578125 0.146347045898437 -0.128631591796875
-0.6146240234375 -0.24530029296875 0.253997802734375 0.300537109375
-0.63897705078125 -0.112060546875 -0.0493316650390626 0.2030029296875
-0.562744140625 0.00317382812499998 0.053955078125 0.3817138671875
-0.495758056640625 0.19854736328125 0.2967529296875 0.369720458984375
-0.35479736328125 0.3114013671875 0.3748779296875 0.08831787109375
-0.191436767578125 0.4493408203125 0.271530151367188 -0.0518951416015625
-0.01336669921875 0.463623046875 0.110343933105469 -0.0524749755859375
-0.00430297851562495 0.44842529296875 0.04864501953125 0.0192070007324219
0.016693115234375 0.4779052734375 0.0134735107421875 0.127273559570313
-0.068939208984375 0.478546142578125 -0.019622802734375 0.199569702148438
-0.22747802734375 0.4002685546875 -0.08929443359375 0.180465698242188
-0.3487548828125 0.32427978515625 -0.160186767578125 0.120895385742188
-0.437652587890625 0.080963134765625 -0.144058227539063 -0.112319946289062
-0.501678466796875 -0.050933837890625 -0.0271759033203125 -0.178802490234375
-0.549468994140625 -0.111572265625 -0.00549316406250002 -0.170089721679688
-0.62652587890625 -0.3056640625 0.05096435546875 0.26617431640625
-0.6982421875 -0.1578369140625 -0.15618896484375 0.223342895507813
-0.6190185546875 0.0192871093750001 0.08831787109375 0.362518310546875
-0.503753662109375 0.250030517578125 0.35430908203125 0.25921630859375
-0.324737548828125 0.3463134765625 0.39788818359375 -0.057220458984375
-0.149444580078125 0.45025634765625 0.2633056640625 -0.229232788085937
0.00286865234375002 0.442718505859375 0.062103271484375 -0.232940673828125
0.00238037109375002 0.44012451171875 -0.01641845703125 -0.142013549804688
0.029022216796875 0.480072021484375 -0.048675537109375 -0.0226821899414062
-0.0448303222656249 0.49407958984375 -0.0581092834472656 0.0608329772949219
-0.210174560546875 0.443450927734375 -0.125877380371094 0.0724334716796875
-0.346832275390625 0.401702880859375 -0.182296752929688 0.0404052734375
-0.515472412109375 0.1549072265625 -0.161056518554688 -0.160919189453125
-0.618896484375 -0.03173828125 -0.129989624023438 -0.176239013671875
-0.63409423828125 -0.14886474609375 -0.190231323242188 -0.21588134765625
-0.54693603515625 -0.318023681640625 -0.124130249023438 0.218597412109375
-0.64556884765625 -0.16259765625 -0.225143432617188 0.232376098632812
-0.54998779296875 0.04119873046875 0.121856689453125 0.30877685546875
-0.402496337890625 0.251739501953125 0.37591552734375 0.12274169921875
-0.22552490234375 0.312164306640625 0.379638671875 -0.193450927734375
-0.082244873046875 0.369232177734375 0.223480224609375 -0.38299560546875
0.0166015625 0.34906005859375 0.00460815429687503 -0.386566162109375
0.00836181640625 0.365936279296875 -0.078521728515625 -0.280242919921875
0.033599853515625 0.40740966796875 -0.110794067382813 -0.161666870117187
-0.0233154296875 0.428466796875 -0.104324340820312 -0.0813140869140625
-0.16680908203125 0.4097900390625 -0.16876220703125 -0.0479583740234374
-0.304107666015625 0.40460205078125 -0.202850341796875 -0.0649719238281249
-0.518798828125 0.182861328125 -0.162673950195313 -0.220657348632812
-0.64422607421875 -0.03143310546875 -0.222869873046875 -0.167831420898438
-0.6246337890625 -0.18438720703125 -0.381103515625 -0.263671875
-0.4002685546875 -0.279296875 -0.248245239257813 0.174118041992187
-0.506622314453125 -0.1207275390625 -0.247787475585938 0.226150512695313
-0.392974853515625 0.066314697265625 0.144683837890625 0.234710693359375
-0.234451293945312 0.212570190429688 0.354248046875 -0.00930786132812499
-0.095977783203125 0.222549438476563 0.32257080078125 -0.29107666015625
-0.00981140136718748 0.225631713867188 0.160247802734375 -0.484588623046875
0.02294921875 0.20269775390625 -0.054840087890625 -0.484954833984375
0.01177978515625 0.232772827148438 -0.132293701171875 -0.3751220703125
0.0312042236328125 0.268768310546875 -0.15936279296875 -0.268753051757813
0.00372314453124998 0.293365478515625 -0.144760131835937 -0.201126098632812
-0.097320556640625 0.30902099609375 -0.203826904296875 -0.162979125976563
-0.2198486328125 0.34027099609375 -0.209243774414063 -0.180343627929687
-0.449951171875 0.16339111328125 -0.1409912109375 -0.281707763671875
-0.56610107421875 -0.04998779296875 -0.2864990234375 -0.161956787109375
-0.510101318359375 -0.20751953125 -0.54052734375 -0.314910888671875
-0.2103271484375 -0.200057983398438 -0.309326171875 0.146148681640625
-0.314727783203125 -0.050323486328125 -0.22552490234375 0.21343994140625
-0.197708129882813 0.0852813720703125 0.155227661132813 0.154464721679688
-0.0545501708984375 0.142135620117187 0.30462646484375 -0.111114501953125
0.0298004150390625 0.10272216796875 0.245208740234375 -0.3385009765625
0.0489387512207031 0.0537185668945313 0.0892944335937501 -0.5247802734375
0.0211944580078125 0.0285606384277344 -0.101806640625 -0.519866943359375
0.01397705078125 0.0663185119628906 -0.166168212890625 -0.4095458984375
0.031005859375 0.087310791015625 -0.188140869140625 -0.321868896484375
0.0454330444335938 0.114479064941406 -0.174331665039063 -0.274246215820312
0.000839233398437513 0.172775268554688 -0.230850219726562 -0.24493408203125
-0.10028076171875 0.23480224609375 -0.20263671875 -0.2838134765625
-0.307952880859375 0.119110107421875 -0.100006103515625 -0.334014892578125
-0.384246826171875 -0.068603515625 -0.309783935546875 -0.164215087890625
-0.305816650390625 -0.2005615234375 -0.64349365234375 -0.36907958984375
-0.0422096252441406 0.0451431274414063 0.690673828125 0.248779296875
0.103782653808594 0.0402450561523438 0.2705078125 0.146041870117188
0.0808029174804688 -0.106971740722656 0.09173583984375 0.30999755859375
-0.0549468994140625 -0.110923767089844 0.208221435546875 0.380401611328125
-0.111892700195313 -0.0313491821289062 0.24481201171875 0.2578125
-0.110061645507813 0.06109619140625 0.205551147460938 0.262557983398437
-0.0194015502929688 0.117942810058594 0.209228515625 0.333251953125
-0.0102462768554687 0.103439331054688 0.197845458984375 0.38433837890625
-0.0268173217773438 0.114662170410156 0.134490966796875 0.458526611328125
-0.0777435302734375 0.104972839355469 -0.01495361328125 0.47308349609375
-0.108139038085938 0.0343017578125 -0.125244140625 0.35406494140625
-0.0994186401367188 -0.0544815063476563 -0.194534301757813 0.175506591796875
0.0586700439453125 -0.0894927978515625 -0.127342224121094 -0.0744857788085937
0.108024597167969 0.0356521606445312 0.171783447265625 -0.169158935546875
-0.00162506103515626 0.09576416015625 0.30755615234375 -0.10845947265625
-0.3123779296875 -0.0228881835937501 0.621826171875 0.27752685546875
-0.195053100585938 0.036285400390625 0.192291259765625 0.155670166015625
-0.159576416015625 -0.040924072265625 0.060516357421875 0.347137451171875
-0.223495483398437 0.010101318359375 0.2259521484375 0.422027587890625
-0.220535278320313 0.108963012695313 0.286041259765625 0.244354248046875
-0.152755737304688 0.238983154296875 0.235641479492188 0.204437255859375
-0.006134033203125 0.288543701171875 0.1956787109375 0.256378173828125
0.00791931152343749 0.270660400390625 0.171478271484375 0.304107666015625
0.00128173828124999 0.28436279296875 0.124114990234375 0.380096435546875
-0.07635498046875 0.2689208984375 0.01751708984375 0.41064453125
-0.167129516601562 0.18438720703125 -0.0765380859375 0.3221435546875
-0.214508056640625 0.078643798828125 -0.15216064453125 0.19085693359375
-0.133171081542969 -0.0593948364257813 -0.123573303222656 -0.05902099609375
-0.112846374511719 -0.0256881713867187 0.128555297851563 -0.1663818359375
-0.212371826171875 0.02490234375 0.250411987304688 -0.107757568359375
-0.52154541015625 -0.113525390625 0.480499267578125 0.294525146484375
-0.470855712890625 -0.00723266601562498 0.0867462158203125 0.178070068359375
-0.4014892578125 0.00656127929687495 0.056610107421875 0.37152099609375
-0.389251708984375 0.13226318359375 0.26904296875 0.41571044921875
-0.30450439453125 0.241241455078125 0.34075927734375 0.1787109375
-0.1729736328125 0.389617919921875 0.258468627929688 0.08380126953125
0.00646972656249998 0.418365478515625 0.1591796875 0.113265991210938
0.02166748046875 0.39434814453125 0.118072509765625 0.172332763671875
0.030609130859375 0.40869140625 0.08447265625 0.267364501953125
-0.05535888671875 0.406280517578125 0.019775390625 0.31689453125
-0.19879150390625 0.318634033203125 -0.056060791015625 0.265380859375
-0.29449462890625 0.227752685546875 -0.136062622070313 0.17718505859375
-0.312591552734375 0.0135192871093749 -0.130683898925781 -0.0683517456054687
-0.330718994140625 -0.038177490234375 0.05487060546875 -0.171112060546875
-0.408447265625 -0.0322265625000001 0.139900207519531 -0.134445190429688
-0.6427001953125 -0.20758056640625 0.27972412109375 0.289398193359375
-0.6558837890625 -0.0670776367187501 -0.0316009521484375 0.210189819335938
-0.576904296875 0.0360107421875001 0.07891845703125 0.3759765625
-0.49163818359375 0.23382568359375 0.3248291015625 0.353118896484375
-0.3414306640625 0.343994140625 0.38238525390625 0.057708740234375
-0.165679931640625 0.472412109375 0.268478393554688 -0.07611083984375
0.021270751953125 0.47607421875 0.107627868652344 -0.05902099609375
0.02935791015625 0.454010009765625 0.0476722717285156 0.01861572265625
0.0535888671875 0.484039306640625 0.0254974365234375 0.128433227539063
-0.029876708984375 0.494598388671875 -0.005615234375 0.201644897460938
-0.2030029296875 0.427490234375 -0.07379150390625 0.186111450195313
-0.327880859375 0.359649658203125 -0.148147583007813 0.131179809570313
-0.442901611328125 0.110595703125 -0.153488159179688 -0.105438232421875
-0.516571044921875 -0.0194702148437501 -0.0386810302734375 -0.176406860351563
-0.56622314453125 -0.0728759765625001 -0.013885498046875 -0.163803100585938
-0.657470703125 -0.26666259765625 0.0708618164062499 0.266860961914063
-0.72088623046875 -0.11077880859375 -0.141250610351563 0.234359741210938
-0.63128662109375 0.0593872070312499 0.1121826171875 0.351898193359375
-0.4993896484375 0.28924560546875 0.3736572265625 0.23870849609375
-0.307861328125 0.377655029296875 0.397369384765625 -0.087921142578125
-0.1217041015625 0.47235107421875 0.24749755859375 -0.25390625
0.0333251953125 0.452392578125 0.0443115234375 -0.241455078125
0.035614013671875 0.44769287109375 -0.0283050537109375 -0.1409912109375
0.064300537109375 0.484130859375 -0.0504798889160156 -0.0178413391113281
-0.00967407226562499 0.50701904296875 -0.0537223815917969 0.0615005493164063
-0.18194580078125 0.468841552734375 -0.116989135742188 0.078826904296875
-0.325958251953125 0.435943603515625 -0.174362182617188 0.0532684326171875
-0.51910400390625 0.19134521484375 -0.175613403320313 -0.151412963867188
-0.632568359375 0.00762939453124994 -0.142364501953125 -0.163726806640625
-0.65521240234375 -0.10858154296875 -0.20709228515625 -0.198318481445312
-0.57647705078125 -0.2855224609375 -0.10955810546875 0.2281494140625
-0.662841796875 -0.1160888671875 -0.212615966796875 0.249954223632813
-0.560943603515625 0.077972412109375 0.14068603515625 0.301361083984375
-0.39404296875 0.2861328125 0.382568359375 0.099517822265625
-0.209442138671875 0.3330078125 0.367462158203125 -0.22332763671875
-0.060302734375 0.3795166015625 0.191986083984375 -0.40753173828125
0.040771484375 0.35491943359375 -0.027587890625 -0.3902587890625
0.03363037109375 0.3709716796875 -0.101242065429687 -0.2774658203125
0.061737060546875 0.413055419921875 -0.1231689453125 -0.153366088867187
0.00909423828124997 0.437652587890625 -0.11041259765625 -0.0781707763671875
-0.140960693359375 0.430877685546875 -0.171096801757813 -0.038818359375
-0.281158447265625 0.434356689453125 -0.206497192382813 -0.0500030517578124
-0.51934814453125 0.2169189453125 -0.184219360351563 -0.210906982421875
-0.6597900390625 0.0125732421875001 -0.238906860351563 -0.147476196289062
-0.6453857421875 -0.14215087890625 -0.4024658203125 -0.23291015625
-0.425506591796875 -0.257080078125 -0.238723754882813 0.190460205078125
-0.518798828125 -0.0843811035156249 -0.2369384765625 0.243179321289063
-0.39788818359375 0.0938415527343749 0.15814208984375 0.22406005859375
-0.225357055664063 0.232650756835937 0.351043701171875 -0.032012939453125
-0.0810089111328125 0.232879638671875 0.2984619140625 -0.318695068359375
0.00329589843749999 0.229904174804688 0.11956787109375 -0.50323486328125
0.0376129150390625 0.206405639648438 -0.09197998046875 -0.485748291015625
0.029815673828125 0.236907958984375 -0.159881591796875 -0.36883544921875
0.0500030517578125 0.272781372070313 -0.179473876953125 -0.260391235351563
0.02325439453125 0.298492431640625 -0.158966064453125 -0.19384765625
-0.077423095703125 0.32379150390625 -0.215179443359375 -0.150527954101563
-0.2005615234375 0.361846923828125 -0.220611572265625 -0.167526245117187
-0.448516845703125 0.19390869140625 -0.1663818359375 -0.274795532226563
-0.5804443359375 -0.0158081054687499 -0.3011474609375 -0.13763427734375
-0.53253173828125 -0.17340087890625 -0.56927490234375 -0.27337646484375
-0.229293823242188 -0.18817138671875 -0.30267333984375 0.163665771484375
-0.323150634765625 -0.026824951171875 -0.217559814453125 0.2283935546875
-0.196151733398437 0.099151611328125 0.16253662109375 0.142959594726563
-0.0469207763671875 0.14715576171875 0.295074462890625 -0.129974365234375
0.0349960327148437 0.103759765625 0.21966552734375 -0.359130859375
0.0483818054199219 0.0511283874511719 0.045135498046875 -0.535980224609375
0.0208969116210938 0.0304203033447266 -0.143402099609375 -0.51788330078125
0.0179901123046875 0.0683479309082031 -0.196990966796875 -0.40283203125
0.0364303588867188 0.0866775512695312 -0.212127685546875 -0.31182861328125
0.0525131225585938 0.112129211425781 -0.196151733398438 -0.26556396484375
0.0118865966796875 0.173782348632813 -0.248764038085938 -0.23272705078125
-0.0849456787109375 0.244674682617188 -0.222686767578125 -0.272018432617188
-0.307098388671875 0.14044189453125 -0.127197265625 -0.328399658203125
-0.397308349609375 -0.0451965332031249 -0.326416015625 -0.138214111328125
-0.32208251953125 -0.182037353515625 -0.67706298828125 -0.32501220703125
-0.0384979248046875 0.0532684326171875 0.696533203125 0.19696044921875
0.10455322265625 0.03485107421875 0.279953002929688 0.119171142578125
0.0709228515625 -0.11041259765625 0.111175537109375 0.29119873046875
-0.0603561401367187 -0.107208251953125 0.228851318359375 0.356536865234375
-0.112716674804688 -0.0241165161132813 0.2574462890625 0.237869262695313
-0.109214782714844 0.0706863403320313 0.219345092773438 0.244125366210938
-0.0103607177734375 0.116424560546875 0.230438232421875 0.311431884765625
-0.00101470947265625 0.0989303588867188 0.219818115234375 0.36578369140625
-0.0153961181640625 0.113922119140625 0.163177490234375 0.440765380859375
-0.0672225952148438 0.109207153320312 0.021881103515625 0.462921142578125
-0.104324340820312 0.0422515869140625 -0.094512939453125 0.35382080078125
-0.100753784179688 -0.0463714599609375 -0.172714233398438 0.184158325195313
0.050018310546875 -0.0949783325195313 -0.125633239746094 -0.0655670166015625
0.110389709472656 0.0235824584960937 0.162078857421875 -0.17559814453125
0.0064544677734375 0.0985183715820312 0.2943115234375 -0.122467041015625
-0.306488037109375 0.00213623046875004 0.63360595703125 0.23211669921875
-0.189682006835938 0.0475921630859375 0.206146240234375 0.134765625
-0.165390014648438 -0.0303802490234375 0.084716796875 0.332427978515625
-0.221466064453125 0.028594970703125 0.24798583984375 0.397369384765625
-0.209304809570313 0.123855590820312 0.295806884765625 0.2205810546875
-0.137298583984375 0.25030517578125 0.242996215820313 0.187469482421875
0.016082763671875 0.284881591796875 0.206756591796875 0.237014770507813
0.0275115966796875 0.262115478515625 0.188201904296875 0.284393310546875
0.0258331298828125 0.278961181640625 0.147430419921875 0.36566162109375
-0.0528106689453125 0.272964477539062 0.04730224609375 0.399749755859375
-0.154983520507812 0.192718505859375 -0.048736572265625 0.317657470703125
-0.206344604492188 0.095123291015625 -0.130813598632813 0.194076538085937
-0.139991760253906 -0.053436279296875 -0.123184204101563 -0.052520751953125
-0.113334655761719 -0.0206680297851563 0.117889404296875 -0.170013427734375
-0.204513549804688 0.041748046875 0.240493774414063 -0.118270874023438
-0.5206298828125 -0.0775756835937499 0.492950439453125 0.25799560546875
-0.461334228515625 0.0240478515625 0.102615356445312 0.168014526367188
-0.39898681640625 0.0315551757812499 0.0792846679687499 0.353729248046875
-0.37579345703125 0.159576416015625 0.288604736328125 0.3896484375
-0.28857421875 0.2608642578125 0.3406982421875 0.149200439453125
-0.147369384765625 0.396820068359375 0.25738525390625 0.0674285888671875
0.033477783203125 0.40899658203125 0.162246704101562 0.101837158203125
0.051361083984375 0.383636474609375 0.127655029296875 0.162857055664063
0.063140869140625 0.401458740234375 0.102630615234375 0.25714111328125
-0.024566650390625 0.405181884765625 0.04412841796875 0.307769775390625
-0.173126220703125 0.331817626953125 -0.032745361328125 0.264236450195313
-0.2728271484375 0.246261596679688 -0.114761352539062 0.181777954101563
-0.3084716796875 0.0317993164062499 -0.133094787597656 -0.0615310668945313
-0.332061767578125 -0.019805908203125 0.04815673828125 -0.172042846679688
-0.40435791015625 -0.00350952148437501 0.132255554199219 -0.132522583007813
-0.64569091796875 -0.15966796875 0.29833984375 0.267852783203125
-0.64892578125 -0.0220947265625 -0.014251708984375 0.203216552734375
-0.5726318359375 0.0747070312500001 0.1005859375 0.35650634765625
-0.474212646484375 0.265289306640625 0.340240478515625 0.323883056640625
-0.31610107421875 0.362701416015625 0.37890625 0.029632568359375
-0.1314697265625 0.4771728515625 0.2540283203125 -0.0951385498046875
0.051361083984375 0.467681884765625 0.100433349609375 -0.0650787353515625
0.06439208984375 0.44793701171875 0.0475730895996094 0.0162620544433594
0.0902099609375 0.473785400390625 0.0317001342773438 0.125411987304688
0.00570678710937504 0.486968994140625 0.010223388671875 0.195587158203125
-0.168182373046875 0.436614990234375 -0.0574798583984375 0.186782836914063
-0.300018310546875 0.378509521484375 -0.128204345703125 0.137969970703125
-0.435150146484375 0.13641357421875 -0.158859252929688 -0.0938568115234375
-0.514404296875 0.0140686035156249 -0.0448760986328125 -0.165191650390625
-0.5638427734375 -0.0341796875 -0.023223876953125 -0.15264892578125
-0.6630859375 -0.22027587890625 0.091583251953125 0.256332397460938
-0.7127685546875 -0.0604248046874999 -0.12103271484375 0.238922119140625
-0.6265869140625 0.0968017578125 0.1309814453125 0.336181640625
-0.47259521484375 0.3193359375 0.37921142578125 0.21197509765625
-0.27777099609375 0.394378662109375 0.380706787109375 -0.117401123046875
-0.0916748046875 0.473114013671875 0.21923828125 -0.269302368164062
0.061614990234375 0.445037841796875 0.0221099853515625 -0.2376708984375
0.06829833984375 0.440399169921875 -0.038818359375 -0.133872985839844
0.099639892578125 0.47442626953125 -0.0508804321289062 -0.0138053894042969
0.029815673828125 0.49871826171875 -0.0474662780761719 0.06317138671875
-0.146148681640625 0.47747802734375 -0.106697082519531 0.08489990234375
-0.289337158203125 0.45465087890625 -0.163040161132813 0.0621490478515626
-0.503265380859375 0.220123291015625 -0.185516357421875 -0.136474609375
-0.62945556640625 0.0480346679687499 -0.148483276367188 -0.14788818359375
-0.6522216796875 -0.0631103515624999 -0.212860107421875 -0.173171997070313
-0.5865478515625 -0.242431640625 -0.090972900390625 0.231048583984375
-0.6568603515625 -0.06927490234375 -0.190460205078125 0.25701904296875
-0.551239013671875 0.11041259765625 0.15545654296875 0.281982421875
-0.371826171875 0.3077392578125 0.379791259765625 0.0731201171875
-0.184814453125 0.344970703125 0.342742919921875 -0.24658203125
-0.035919189453125 0.379791259765625 0.156585693359375 -0.4140625
0.0615234375 0.3502197265625 -0.0548095703125 -0.378692626953125
0.061614990234375 0.365509033203125 -0.119781494140625 -0.262969970703125
0.093017578125 0.401123046875 -0.131454467773438 -0.142349243164062
0.0379638671875 0.43182373046875 -0.114265441894531 -0.06951904296875
-0.11053466796875 0.4378662109375 -0.16717529296875 -0.0285491943359375
-0.24761962890625 0.44976806640625 -0.201385498046875 -0.03662109375
-0.5029296875 0.246795654296875 -0.1978759765625 -0.192886352539062
-0.6536865234375 0.0529785156250001 -0.240554809570313 -0.124069213867187
-0.64447021484375 -0.0975952148437501 -0.40887451171875 -0.195556640625
-0.436431884765625 -0.225341796875 -0.221115112304688 0.199417114257813
-0.514373779296875 -0.047882080078125 -0.214675903320313 0.252593994140625
-0.389312744140625 0.116058349609375 0.166183471679687 0.206268310546875
-0.21044921875 0.244094848632813 0.33953857421875 -0.051605224609375
-0.0672454833984375 0.234756469726563 0.26788330078125 -0.3309326171875
0.015869140625 0.226608276367188 0.078399658203125 -0.50213623046875
0.0482025146484375 0.203369140625 -0.125152587890625 -0.468994140625
0.0458984375 0.234024047851563 -0.18377685546875 -0.3504638671875
0.068939208984375 0.265655517578125 -0.193557739257812 -0.245040893554687
0.04364013671875 0.2918701171875 -0.16876220703125 -0.180450439453125
-0.054901123046875 0.325042724609375 -0.219558715820313 -0.134994506835937
-0.17230224609375 0.371734619140625 -0.223892211914062 -0.147903442382813
-0.43505859375 0.21661376953125 -0.187774658203125 -0.2537841796875
-0.5762939453125 0.0239868164062499 -0.30438232421875 -0.109283447265625
-0.5341796875 -0.13482666015625 -0.57525634765625 -0.22607421875
-0.23797607421875 -0.170257568359375 -0.28662109375 0.17706298828125
-0.31640625 -0.00540161132812505 -0.196990966796875 0.236114501953125
-0.190444946289063 0.109817504882812 0.164413452148438 0.1292724609375
-0.03875732421875 0.147796630859375 0.27471923828125 -0.144119262695313
0.0410003662109375 0.0982437133789063 0.18585205078125 -0.364410400390625
0.0505256652832031 0.046142578125 0.00317382812500005 -0.52850341796875
0.0206756591796875 0.0288238525390625 -0.17596435546875 -0.493896484375
0.0210800170898438 0.0676841735839844 -0.22027587890625 -0.382568359375
0.0414581298828125 0.0841827392578125 -0.22808837890625 -0.29315185546875
0.0583267211914063 0.108497619628906 -0.2061767578125 -0.247482299804688
0.0242156982421875 0.173004150390625 -0.257858276367188 -0.2109375
-0.06817626953125 0.247848510742188 -0.236251831054687 -0.248672485351563
-0.295989990234375 0.155670166015625 -0.1529541015625 -0.311767578125
-0.39398193359375 -0.017333984375 -0.33062744140625 -0.107940673828125
-0.330078125 -0.15753173828125 -0.6846923828125 -0.27166748046875
-0.0329399108886719 0.0574455261230469 0.6842041015625 0.16070556640625
0.103408813476562 0.0289764404296875 0.279266357421875 0.0972442626953125
0.0638427734375 -0.110832214355469 0.120941162109375 0.271453857421875
-0.0639114379882813 -0.101081848144531 0.237274169921875 0.332244873046875
-0.111610412597656 -0.0195693969726562 0.257537841796875 0.217453002929687
-0.103324890136719 0.076202392578125 0.223342895507813 0.2293701171875
-0.00511932373046875 0.110855102539063 0.236175537109375 0.290679931640625
0.00373077392578126 0.0944747924804688 0.22900390625 0.340667724609375
-0.00765991210937499 0.110671997070313 0.177459716796875 0.41790771484375
-0.0588531494140625 0.110794067382813 0.04315185546875 0.442535400390625
-0.0990066528320313 0.0460662841796875 -0.0716552734375 0.3446044921875
-0.0989456176757813 -0.0400924682617187 -0.153961181640625 0.183547973632813
0.043212890625 -0.0965728759765625 -0.122108459472656 -0.059295654296875
0.106903076171875 0.0146713256835938 0.152374267578125 -0.175811767578125
0.0120620727539063 0.0969085693359375 0.279937744140625 -0.125961303710938
-0.2982177734375 0.01556396484375 0.626220703125 0.19970703125
-0.182754516601563 0.05419921875 0.209152221679687 0.117568969726562
-0.165740966796875 -0.0244903564453125 0.0939331054687499 0.309539794921875
-0.216018676757813 0.0352630615234375 0.255889892578125 0.373748779296875
-0.20001220703125 0.128936767578125 0.294342041015625 0.19635009765625
-0.121856689453125 0.25201416015625 0.24151611328125 0.170364379882813
0.0257110595703125 0.2767333984375 0.211456298828125 0.220138549804688
0.0409698486328125 0.250640869140625 0.193405151367188 0.268112182617188
0.038360595703125 0.266586303710938 0.158111572265625 0.346160888671875
-0.0376129150390625 0.267059326171875 0.0635986328125 0.382171630859375
-0.139846801757813 0.195724487304688 -0.02801513671875 0.30706787109375
-0.193161010742188 0.102508544921875 -0.113372802734375 0.191055297851563
-0.1417236328125 -0.0478973388671875 -0.120162963867188 -0.0468215942382812
-0.114105224609375 -0.017578125 0.111572265625 -0.169113159179688
-0.195968627929688 0.049468994140625 0.229690551757813 -0.118133544921875
-0.5103759765625 -0.053558349609375 0.4871826171875 0.2301025390625
-0.4451904296875 0.040283203125 0.110748291015625 0.152374267578125
-0.39453125 0.044464111328125 0.0900573730468749 0.33233642578125
-0.361236572265625 0.171630859375 0.295623779296875 0.36468505859375
-0.268280029296875 0.268081665039063 0.335906982421875 0.126251220703125
-0.127288818359375 0.39569091796875 0.250045776367188 0.0516357421875
0.051177978515625 0.398345947265625 0.1607666015625 0.0926971435546875
0.0677490234375 0.368804931640625 0.12884521484375 0.152252197265625
0.08160400390625 0.388153076171875 0.110916137695313 0.243209838867188
-0.00274658203124999 0.392242431640625 0.057220458984375 0.295013427734375
-0.152435302734375 0.33197021484375 -0.018035888671875 0.254013061523438
-0.252655029296875 0.255401611328125 -0.0981903076171875 0.176055908203125
-0.302978515625 0.0420837402343751 -0.1328125 -0.0551834106445313
-0.325958251953125 -0.00942993164062505 0.0421142578125 -0.166595458984375
-0.391143798828125 0.0133056640625 0.125007629394531 -0.1278076171875
-0.6318359375 -0.13018798828125 0.302154541015625 0.246368408203125
-0.62713623046875 0.00476074218750014 -0.00225830078125004 0.195526123046875
-0.561981201171875 0.0932312011718751 0.1080322265625 0.337310791015625
-0.4530029296875 0.281219482421875 0.343841552734375 0.30181884765625
-0.292633056640625 0.36785888671875 0.365203857421875 0.010986328125
-0.110076904296875 0.47509765625 0.238174438476563 -0.1065673828125
0.069549560546875 0.454345703125 0.091949462890625 -0.06707763671875
0.08447265625 0.430389404296875 0.0455360412597656 0.013885498046875
0.111114501953125 0.455963134765625 0.0375595092773438 0.119941711425781
0.03094482421875 0.473236083984375 0.01751708984375 0.186813354492188
-0.142578125 0.43597412109375 -0.0433349609375 0.17913818359375
-0.2723388671875 0.38446044921875 -0.114654541015625 0.135932922363281
-0.421875 0.1490478515625 -0.159500122070313 -0.083831787109375
-0.502685546875 0.0322875976562501 -0.0473785400390625 -0.15673828125
-0.544097900390625 -0.00918579101562507 -0.02520751953125 -0.139846801757813
-0.65289306640625 -0.18804931640625 0.100082397460937 0.24298095703125
-0.6907958984375 -0.0291748046875002 -0.104888916015625 0.23382568359375
-0.6124267578125 0.11907958984375 0.134857177734375 0.31207275390625
-0.4493408203125 0.3333740234375 0.375213623046875 0.1900634765625
-0.2547607421875 0.39617919921875 0.360992431640625 -0.131927490234375
-0.070281982421875 0.46685791015625 0.196319580078125 -0.272994995117187
0.07952880859375 0.431365966796875 0.010467529296875 -0.230026245117187
0.0865478515625 0.42535400390625 -0.0455245971679687 -0.126762390136719
0.120147705078125 0.4559326171875 -0.0494575500488281 -0.0118904113769531
0.05218505859375 0.483917236328125 -0.0440711975097656 0.0628089904785157
-0.120208740234375 0.47314453125 -0.0969161987304688 0.0841217041015625
-0.262481689453125 0.45770263671875 -0.151290893554688 0.0664520263671876
-0.486724853515625 0.23321533203125 -0.188446044921875 -0.123748779296875
-0.614013671875 0.0714721679687499 -0.147994995117188 -0.132308959960938
-0.63348388671875 -0.03448486328125 -0.209701538085938 -0.152435302734375
-0.57989501953125 -0.2139892578125 -0.0768737792968751 0.225143432617187
-0.63677978515625 -0.0397338867187499 -0.17303466796875 0.254730224609375
-0.53790283203125 0.129364013671875 0.1553955078125 0.2613525390625
-0.351409912109375 0.317474365234375 0.367584228515625 0.057891845703125
-0.16485595703125 0.34417724609375 0.3165283203125 -0.2540283203125
-0.01995849609375 0.373687744140625 0.128082275390625 -0.40936279296875
0.074432373046875 0.339202880859375 -0.072265625 -0.36322021484375
0.07696533203125 0.353912353515625 -0.128631591796875 -0.247329711914062
0.107025146484375 0.386566162109375 -0.132965087890625 -0.133895874023438
0.057403564453125 0.418304443359375 -0.111900329589844 -0.0636367797851562
-0.08709716796875 0.43206787109375 -0.160858154296875 -0.0222930908203125
-0.221771240234375 0.449432373046875 -0.191543579101563 -0.027191162109375
-0.485198974609375 0.2607421875 -0.203887939453125 -0.176620483398437
-0.63818359375 0.0777587890625 -0.237960815429688 -0.104934692382812
-0.629638671875 -0.0696411132812499 -0.399749755859375 -0.166595458984375
-0.433197021484375 -0.2030029296875 -0.2042236328125 0.199493408203125
-0.497650146484375 -0.0231933593750001 -0.197586059570313 0.2510986328125
-0.379119873046875 0.12982177734375 0.163665771484375 0.19036865234375
-0.195587158203125 0.248092651367187 0.3203125 -0.06121826171875
-0.0556488037109375 0.232528686523438 0.240325927734375 -0.331390380859375
0.0236358642578125 0.220550537109375 0.0472412109375 -0.487884521484375
0.054779052734375 0.196258544921875 -0.14337158203125 -0.446502685546875
0.054931640625 0.227325439453125 -0.19287109375 -0.330596923828125
0.0781402587890625 0.255859375 -0.196640014648438 -0.228927612304687
0.05572509765625 0.283447265625 -0.16888427734375 -0.169692993164063
-0.03955078125 0.31951904296875 -0.215255737304687 -0.12188720703125
-0.15338134765625 0.36883544921875 -0.220809936523438 -0.132919311523437
-0.41943359375 0.228424072265625 -0.1956787109375 -0.235763549804687
-0.56201171875 0.0463562011718749 -0.29913330078125 -0.08636474609375
-0.523895263671875 -0.1114501953125 -0.5631103515625 -0.190673828125
-0.238433837890625 -0.15728759765625 -0.270370483398438 0.179244995117187
-0.30548095703125 0.00781249999999995 -0.180877685546875 0.234130859375
-0.182464599609375 0.1158447265625 0.15997314453125 0.116043090820313
-0.03302001953125 0.146682739257812 0.252593994140625 -0.146621704101563
0.0436935424804687 0.0938034057617188 0.15765380859375 -0.357666015625
0.0483856201171875 0.0435447692871094 -0.02789306640625 -0.507568359375
0.0195522308349609 0.0292587280273438 -0.195281982421875 -0.468841552734375
0.02294921875 0.0662193298339844 -0.2298583984375 -0.360809326171875
0.0430374145507812 0.080902099609375 -0.232620239257812 -0.2764892578125
0.0600128173828125 0.102874755859375 -0.209075927734375 -0.233673095703125
0.0308837890625 0.167266845703125 -0.255599975585938 -0.19219970703125
-0.05560302734375 0.24395751953125 -0.235824584960937 -0.228652954101562
-0.283721923828125 0.162322998046875 -0.1636962890625 -0.291778564453125
-0.38458251953125 -0.00219726562500005 -0.324310302734375 -0.084625244140625
-0.324005126953125 -0.1392822265625 -0.67205810546875 -0.23089599609375
-0.0295295715332031 0.0616722106933594 0.67230224609375 0.145751953125
0.102485656738281 0.0263214111328125 0.276885986328125 0.0831451416015625
0.06060791015625 -0.110267639160156 0.1220703125 0.257980346679688
-0.0645980834960938 -0.09796142578125 0.236328125 0.3179931640625
-0.11077880859375 -0.0184402465820313 0.25433349609375 0.204833984375
-0.0994415283203125 0.0803604125976563 0.223236083984375 0.220413208007812
-0.00453948974609375 0.108642578125 0.23638916015625 0.280349731445312
0.00469207763671875 0.0900650024414063 0.229156494140625 0.32830810546875
-0.00315856933593749 0.108055114746094 0.180755615234375 0.4044189453125
-0.0534591674804687 0.109512329101563 0.05120849609375 0.429107666015625
-0.0962066650390625 0.04754638671875 -0.05975341796875 0.336090087890625
-0.0974197387695313 -0.037994384765625 -0.142684936523437 0.179214477539063
0.0385360717773438 -0.097991943359375 -0.11785888671875 -0.0561981201171875
0.103790283203125 0.0100860595703125 0.149215698242188 -0.174148559570312
0.016326904296875 0.09661865234375 0.271896362304688 -0.12274169921875
-0.291046142578125 0.022064208984375 0.61712646484375 0.18341064453125
-0.176544189453125 0.0562591552734375 0.208786010742187 0.106048583984375
-0.165908813476562 -0.02154541015625 0.09405517578125 0.295654296875
-0.212615966796875 0.0399627685546875 0.256591796875 0.358245849609375
-0.1949462890625 0.130126953125 0.29052734375 0.184051513671875
-0.115509033203125 0.254791259765625 0.238235473632812 0.1605224609375
0.0305938720703125 0.272537231445313 0.2086181640625 0.2103271484375
0.0442962646484375 0.2442626953125 0.194717407226563 0.257095336914062
0.0462646484375 0.260528564453125 0.1617431640625 0.335418701171875
-0.0290374755859375 0.262161254882813 0.0706787109375 0.369384765625
-0.132278442382813 0.195693969726562 -0.02001953125 0.29815673828125
-0.186294555664062 0.105484008789063 -0.102508544921875 0.185501098632813
-0.142623901367188 -0.0465545654296875 -0.117019653320313 -0.0433197021484375
-0.114723205566406 -0.0174789428710937 0.10955810546875 -0.166397094726563
-0.189926147460938 0.052276611328125 0.223861694335938 -0.114227294921875
-0.50067138671875 -0.0448608398437501 0.484161376953125 0.217193603515625
-0.434722900390625 0.0471801757812499 0.112808227539062 0.141387939453125
-0.39190673828125 0.04949951171875 0.0897827148437499 0.317291259765625
-0.353302001953125 0.177001953125 0.294677734375 0.35162353515625
-0.26123046875 0.269180297851563 0.32928466796875 0.1143798828125
-0.118133544921875 0.395111083984375 0.243011474609375 0.0426788330078125
0.057769775390625 0.3916015625 0.157363891601563 0.0879669189453125
0.07568359375 0.35870361328125 0.128372192382813 0.146713256835938
0.09063720703125 0.378021240234375 0.11322021484375 0.235122680664063
0.00799560546875004 0.386444091796875 0.061553955078125 0.286163330078125
-0.14276123046875 0.331024169921875 -0.0100555419921875 0.245193481445313
-0.240768432617188 0.25579833984375 -0.08880615234375 0.170425415039063
-0.3016357421875 0.0455932617187501 -0.131584167480469 -0.0523834228515625
-0.3245849609375 -0.00357055664062496 0.0405731201171875 -0.161697387695312
-0.37994384765625 0.019744873046875 0.123466491699219 -0.121498107910156
-0.623291015625 -0.118896484375 0.30352783203125 0.236602783203125
-0.6129150390625 0.01287841796875 0.00297546386718745 0.186447143554688
-0.5574951171875 0.0999145507812499 0.10589599609375 0.32183837890625
-0.44171142578125 0.285797119140625 0.34039306640625 0.28863525390625
-0.2806396484375 0.3685302734375 0.354766845703125 0.000579833984375023
-0.09930419921875 0.472198486328125 0.227127075195313 -0.111557006835937
0.078521728515625 0.4462890625 0.08709716796875 -0.067108154296875
0.092559814453125 0.422393798828125 0.0437889099121094 0.0139923095703125
0.12054443359375 0.445587158203125 0.0391921997070313 0.115478515625
0.042266845703125 0.462738037109375 0.0211944580078125 0.181564331054688
-0.128936767578125 0.43310546875 -0.0357818603515625 0.173385620117188
-0.26116943359375 0.385528564453125 -0.105567932128906 0.131599426269531
-0.41943359375 0.153045654296875 -0.15875244140625 -0.0777130126953125
-0.498992919921875 0.03955078125 -0.04583740234375 -0.150375366210938
-0.533203125 -0.00341796874999991 -0.0234298706054688 -0.131263732910156
-0.64459228515625 -0.17559814453125 0.105560302734375 0.234573364257813
-0.6741943359375 -0.017333984375 -0.0966033935546875 0.2264404296875
-0.605712890625 0.12652587890625 0.129638671875 0.29913330078125
-0.437591552734375 0.338531494140625 0.368682861328125 0.17913818359375
-0.2420654296875 0.397308349609375 0.34796142578125 -0.136260986328125
-0.059539794921875 0.461273193359375 0.180984497070313 -0.272872924804687
0.0869140625 0.424285888671875 0.00421142578124999 -0.224853515625
0.094879150390625 0.416534423828125 -0.047943115234375 -0.122077941894531
0.127655029296875 0.446624755859375 -0.0481719970703125 -0.01129150390625
0.063751220703125 0.473541259765625 -0.0412826538085937 0.0609970092773438
-0.107208251953125 0.46942138671875 -0.0902099609375 0.081512451171875
-0.247283935546875 0.457672119140625 -0.142623901367188 0.0657806396484376
-0.48028564453125 0.236083984375 -0.18951416015625 -0.115829467773437
-0.60736083984375 0.07977294921875 -0.143905639648438 -0.12347412109375
-0.621337890625 -0.026123046875 -0.2034912109375 -0.140487670898438
-0.57232666015625 -0.2027587890625 -0.0698394775390625 0.218276977539063
-0.6219482421875 -0.0283203125 -0.164459228515625 0.24786376953125
-0.531341552734375 0.1356201171875 0.149490356445313 0.250564575195313
-0.339202880859375 0.320098876953125 0.357208251953125 0.053558349609375
-0.155426025390625 0.34295654296875 0.30194091796875 -0.25360107421875
-0.013702392578125 0.36895751953125 0.112091064453125 -0.4041748046875
0.0806884765625 0.33349609375 -0.07952880859375 -0.353240966796875
0.084014892578125 0.347015380859375 -0.131439208984375 -0.238754272460937
0.114288330078125 0.378936767578125 -0.131874084472656 -0.12945556640625
0.066070556640625 0.409210205078125 -0.110641479492187 -0.0612030029296875
-0.0767822265625 0.428466796875 -0.15533447265625 -0.0201873779296874
-0.210113525390625 0.448211669921875 -0.184219360351562 -0.0240631103515625
-0.47967529296875 0.263580322265625 -0.206512451171875 -0.16522216796875
-0.628662109375 0.08685302734375 -0.23187255859375 -0.0941009521484375
-0.61749267578125 -0.0606689453125001 -0.389617919921875 -0.152099609375
-0.427978515625 -0.19219970703125 -0.19500732421875 0.194564819335937
-0.486663818359375 -0.014862060546875 -0.189437866210938 0.2454833984375
-0.373504638671875 0.132781982421875 0.157577514648437 0.181854248046875
-0.18792724609375 0.249465942382813 0.308807373046875 -0.060791015625
-0.0483856201171875 0.231109619140625 0.225677490234375 -0.326934814453125
0.026275634765625 0.217391967773438 0.03021240234375 -0.476593017578125
0.05841064453125 0.19256591796875 -0.15087890625 -0.4306640625
0.0587005615234375 0.222793579101562 -0.195526123046875 -0.3194580078125
0.0819244384765625 0.251190185546875 -0.197067260742187 -0.220901489257813
0.0606689453125 0.276718139648438 -0.1678466796875 -0.16400146484375
-0.03302001953125 0.31707763671875 -0.209869384765625 -0.116180419921875
-0.143798828125 0.367095947265625 -0.215438842773437 -0.125579833984375
-0.411865234375 0.230224609375 -0.198257446289063 -0.223129272460937
-0.554534912109375 0.0542602539062499 -0.29254150390625 -0.074462890625
-0.514984130859375 -0.10064697265625 -0.550262451171875 -0.1741943359375
-0.236892700195313 -0.150299072265625 -0.261093139648438 0.17523193359375
-0.29693603515625 0.013946533203125 -0.174728393554688 0.228012084960938
-0.179977416992187 0.117141723632813 0.153961181640625 0.111358642578125
-0.03143310546875 0.146652221679687 0.241195678710938 -0.14324951171875
0.0446929931640625 0.09259033203125 0.14373779296875 -0.34832763671875
0.0462112426757813 0.0430870056152344 -0.042724609375 -0.492279052734375
0.019500732421875 0.0294742584228516 -0.20111083984375 -0.452850341796875
0.0233917236328125 0.0661811828613281 -0.231109619140625 -0.34844970703125
0.0437393188476563 0.079742431640625 -0.2322998046875 -0.26849365234375
0.0610504150390625 0.100105285644531 -0.206039428710938 -0.226470947265625
0.0328216552734375 0.1634521484375 -0.251052856445312 -0.183639526367187
-0.0495452880859375 0.240707397460938 -0.232131958007813 -0.218215942382812
-0.27880859375 0.163238525390625 -0.168930053710938 -0.278533935546875
-0.379791259765625 0.00460815429687508 -0.31671142578125 -0.0725708007812501
-0.319976806640625 -0.132110595703125 -0.65826416015625 -0.2127685546875
-0.0278549194335938 0.0650138854980469 0.67730712890625 0.13946533203125
0.1046142578125 0.0266036987304688 0.28076171875 0.074554443359375
0.0591201782226563 -0.112281799316406 0.122665405273438 0.252410888671875
-0.0656051635742188 -0.0979232788085938 0.239471435546875 0.314544677734375
-0.114204406738281 -0.018310546875 0.255523681640625 0.199417114257813
-0.09808349609375 0.0862274169921875 0.22613525390625 0.21722412109375
-0.0033416748046875 0.110176086425781 0.239410400390625 0.276718139648438
0.00553131103515625 0.09014892578125 0.23333740234375 0.323760986328125
0.000434875488281248 0.107864379882812 0.187835693359375 0.402984619140625
-0.0503082275390625 0.111473083496094 0.058197021484375 0.427337646484375
-0.0956802368164063 0.0497589111328125 -0.053131103515625 0.335174560546875
-0.0976181030273438 -0.0368804931640625 -0.136825561523438 0.179901123046875
0.0358123779296875 -0.100761413574219 -0.117233276367188 -0.0546722412109375
0.103286743164063 0.007354736328125 0.151229858398438 -0.175201416015625
0.0206222534179688 0.0979995727539063 0.27349853515625 -0.121124267578125
-0.293731689453125 0.0269165039062499 0.6229248046875 0.1802978515625
-0.176971435546875 0.0597076416015625 0.212966918945313 0.098480224609375
-0.170516967773437 -0.0198516845703125 0.0945434570312499 0.290130615234375
-0.213623046875 0.0445556640625 0.260650634765625 0.355010986328125
-0.195968627929688 0.13385009765625 0.290771484375 0.17840576171875
-0.111785888671875 0.262008666992188 0.23828125 0.156005859375
0.03460693359375 0.275634765625 0.211196899414062 0.207733154296875
0.0484466552734375 0.243804931640625 0.196075439453125 0.255508422851563
0.0518035888671875 0.261215209960938 0.166290283203125 0.332672119140625
-0.0226898193359375 0.264801025390625 0.076934814453125 0.367767333984375
-0.129623413085938 0.199722290039062 -0.013031005859375 0.29669189453125
-0.184951782226563 0.109329223632812 -0.0970306396484375 0.1834716796875
-0.148529052734375 -0.044525146484375 -0.117477416992188 -0.0417861938476562
-0.118629455566406 -0.016815185546875 0.110916137695312 -0.167526245117188
-0.186965942382813 0.0539093017578125 0.225631713867187 -0.111480712890625
-0.50537109375 -0.0384216308593749 0.49066162109375 0.213134765625
-0.435455322265625 0.0515747070312501 0.117767333984375 0.136703491210938
-0.39923095703125 0.053802490234375 0.08795166015625 0.31317138671875
-0.355865478515625 0.1846923828125 0.299407958984375 0.349639892578125
-0.2593994140625 0.2755126953125 0.328155517578125 0.10650634765625
-0.113037109375 0.403350830078125 0.240997314453125 0.037109375
0.064178466796875 0.395721435546875 0.15753173828125 0.0859375
0.081329345703125 0.36065673828125 0.129989624023438 0.146652221679688
0.098724365234375 0.37860107421875 0.117340087890625 0.233428955078125
0.015167236328125 0.388092041015625 0.06536865234375 0.285003662109375
-0.13531494140625 0.33673095703125 -0.00500488281250002 0.24285888671875
-0.237640380859375 0.261505126953125 -0.0836181640625 0.167922973632813
-0.3074951171875 0.04986572265625 -0.132682800292969 -0.04937744140625
-0.330780029296875 -0.00119018554687502 0.0431671142578125 -0.16070556640625
-0.380126953125 0.0230712890625001 0.125442504882812 -0.11749267578125
-0.62847900390625 -0.11248779296875 0.308258056640625 0.23193359375
-0.6160888671875 0.0192871093749999 0.00645446777343748 0.182876586914063
-0.56585693359375 0.10650634765625 0.10308837890625 0.316192626953125
-0.44293212890625 0.295989990234375 0.3441162109375 0.286895751953125
-0.278564453125 0.376617431640625 0.3533935546875 -0.00860595703124998
-0.0938720703125 0.47894287109375 0.2210693359375 -0.117935180664062
0.084442138671875 0.45050048828125 0.0840377807617188 -0.0678634643554687
0.1005859375 0.42291259765625 0.043212890625 0.0152091979980469
0.128814697265625 0.4462890625 0.03997802734375 0.114410400390625
0.0520324707031251 0.464630126953125 0.024688720703125 0.180145263671875
-0.123016357421875 0.4395751953125 -0.031890869140625 0.171340942382813
-0.2552490234375 0.393798828125 -0.10064697265625 0.129844665527344
-0.4263916015625 0.15960693359375 -0.161300659179688 -0.0741729736328125
-0.507110595703125 0.0457763671875 -0.0445709228515625 -0.147308349609375
-0.53485107421875 0.000457763671874895 -0.0210418701171875 -0.125556945800781
-0.65087890625 -0.17279052734375 0.110198974609375 0.23236083984375
-0.67620849609375 -0.0130615234374999 -0.0942687988281251 0.224227905273438
-0.61578369140625 0.13421630859375 0.126220703125 0.2960205078125
-0.437469482421875 0.34893798828125 0.370635986328125 0.178558349609375
-0.24017333984375 0.402984619140625 0.345916748046875 -0.142852783203125
-0.053863525390625 0.46832275390625 0.173171997070313 -0.27886962890625
0.09405517578125 0.428009033203125 -0.000656127929687504 -0.2242431640625
0.1036376953125 0.41839599609375 -0.0507354736328125 -0.120223999023437
0.137420654296875 0.446929931640625 -0.0492057800292969 -0.0115280151367187
0.072906494140625 0.475921630859375 -0.0401496887207031 0.0603446960449219
-0.100433349609375 0.47760009765625 -0.0876617431640625 0.0808563232421875
-0.242584228515625 0.465911865234375 -0.138465881347656 0.0648040771484375
-0.489288330078125 0.244781494140625 -0.1929931640625 -0.110671997070312
-0.61614990234375 0.08697509765625 -0.14288330078125 -0.118667602539063
-0.62530517578125 -0.021728515625 -0.200653076171875 -0.133758544921875
-0.578125 -0.2010498046875 -0.065765380859375 0.21478271484375
-0.6243896484375 -0.0242919921875001 -0.16241455078125 0.2451171875
-0.5386962890625 0.14385986328125 0.145614624023438 0.247772216796875
-0.33868408203125 0.32977294921875 0.358367919921875 0.053192138671875
-0.14996337890625 0.35003662109375 0.295196533203125 -0.25787353515625
-0.00851440429687503 0.37371826171875 0.100982666015625 -0.406951904296875
0.086090087890625 0.335601806640625 -0.08551025390625 -0.351593017578125
0.091094970703125 0.3482666015625 -0.135574340820313 -0.2364501953125
0.121307373046875 0.380218505859375 -0.13433837890625 -0.1292724609375
0.073944091796875 0.410614013671875 -0.110549926757812 -0.0614395141601562
-0.071624755859375 0.435821533203125 -0.15313720703125 -0.020355224609375
-0.205291748046875 0.45623779296875 -0.181808471679688 -0.023834228515625
-0.486419677734375 0.2718505859375 -0.211395263671875 -0.15899658203125
-0.6385498046875 0.0958251953125001 -0.231124877929688 -0.08721923828125
-0.62060546875 -0.0562744140624999 -0.387908935546875 -0.145660400390625
-0.433349609375 -0.190887451171875 -0.192245483398438 0.191604614257813
-0.4857177734375 -0.0107727050781249 -0.188278198242188 0.243942260742187
-0.38006591796875 0.138519287109375 0.154266357421875 0.18096923828125
-0.186447143554687 0.255569458007813 0.308197021484375 -0.05999755859375
-0.044586181640625 0.23455810546875 0.219207763671875 -0.326690673828125
0.028656005859375 0.220291137695313 0.01910400390625 -0.476531982421875
0.0607147216796875 0.195053100585937 -0.157684326171875 -0.428558349609375
0.063232421875 0.224273681640625 -0.200927734375 -0.31768798828125
0.086517333984375 0.251968383789063 -0.200241088867188 -0.220596313476562
0.0659027099609375 0.278030395507812 -0.169113159179687 -0.164031982421875
-0.028717041015625 0.32073974609375 -0.209716796875 -0.115020751953125
-0.140472412109375 0.3731689453125 -0.213882446289063 -0.123916625976562
-0.41802978515625 0.23687744140625 -0.204940795898438 -0.2174072265625
-0.56146240234375 0.0619506835937499 -0.291534423828125 -0.06658935546875
-0.518798828125 -0.09869384765625 -0.550811767578125 -0.166961669921875
-0.240081787109375 -0.150650024414063 -0.2587890625 0.172317504882812
-0.297088623046875 0.0166625976562499 -0.173873901367188 0.227386474609375
-0.181915283203125 0.120803833007812 0.150985717773438 0.111160278320313
-0.029876708984375 0.149765014648438 0.2376708984375 -0.140762329101562
0.047607421875 0.0928955078125 0.13775634765625 -0.346405029296875
0.0461616516113281 0.0441551208496094 -0.05377197265625 -0.4866943359375
0.0185909271240234 0.029937744140625 -0.20672607421875 -0.449371337890625
0.024932861328125 0.0672492980957031 -0.237396240234375 -0.34600830078125
0.0444259643554688 0.0796432495117187 -0.235305786132813 -0.267837524414063
0.0625076293945313 0.0994110107421875 -0.207611083984375 -0.226791381835938
0.0354766845703125 0.164413452148438 -0.250579833984375 -0.180908203125
-0.0467071533203125 0.244232177734375 -0.2327880859375 -0.215621948242187
-0.28228759765625 0.167510986328125 -0.174972534179688 -0.273468017578125
-0.385589599609375 0.00970458984375007 -0.31707763671875 -0.0644226074218751
-0.32330322265625 -0.12982177734375 -0.6602783203125 -0.20623779296875
-0.0258102416992188 0.0710830688476563 0.696533203125 0.12451171875
0.108802795410156 0.0255508422851562 0.2896728515625 0.0616455078125
0.0575714111328125 -0.1173095703125 0.129592895507813 0.250335693359375
-0.0692520141601563 -0.09893798828125 0.251617431640625 0.311676025390625
-0.118789672851563 -0.0151901245117188 0.263031005859375 0.1942138671875
-0.095611572265625 0.0943984985351562 0.236541748046875 0.214553833007813
0.000267028808593755 0.115127563476563 0.251953125 0.276611328125
0.00800323486328124 0.0925369262695312 0.247711181640625 0.323944091796875
0.005340576171875 0.109886169433594 0.205230712890625 0.405731201171875
-0.0461883544921875 0.116493225097656 0.07440185546875 0.432830810546875
-0.0964431762695313 0.054595947265625 -0.04278564453125 0.341705322265625
-0.10076904296875 -0.0351409912109375 -0.130905151367187 0.18511962890625
0.03118896484375 -0.105224609375 -0.118995666503906 -0.0521087646484375
0.104789733886719 0.00301361083984375 0.153457641601563 -0.183258056640625
0.02642822265625 0.10003662109375 0.277664184570313 -0.12615966796875
-0.300750732421875 0.038330078125 0.642578125 0.16741943359375
-0.178192138671875 0.066314697265625 0.222335815429687 0.0893707275390625
-0.17919921875 -0.01611328125 0.10089111328125 0.29052734375
-0.218154907226563 0.0522308349609375 0.2769775390625 0.354156494140625
-0.199615478515625 0.143646240234375 0.29840087890625 0.170257568359375
-0.105117797851563 0.276824951171875 0.245651245117188 0.150497436523438
0.046112060546875 0.283966064453125 0.22039794921875 0.20635986328125
0.0576629638671875 0.248428344726563 0.207931518554688 0.254592895507813
0.063690185546875 0.265853881835937 0.18170166015625 0.334991455078125
-0.0120697021484375 0.271224975585937 0.089691162109375 0.372100830078125
-0.124969482421875 0.21075439453125 -0.00122070312500002 0.30126953125
-0.1856689453125 0.117813110351563 -0.0895233154296875 0.187149047851562
-0.156784057617188 -0.041229248046875 -0.119880676269531 -0.0376205444335937
-0.124801635742188 -0.0150070190429687 0.113052368164062 -0.1729736328125
-0.188613891601563 0.0595855712890625 0.231201171875 -0.1141357421875
-0.5203857421875 -0.023773193359375 0.50994873046875 0.205718994140625
-0.4447021484375 0.0633544921875001 0.125389099121094 0.131553649902344
-0.416015625 0.0667419433593751 0.093231201171875 0.31512451171875
-0.360565185546875 0.19970703125 0.316558837890625 0.347259521484375
-0.259613037109375 0.29144287109375 0.33599853515625 0.0960693359375
-0.10174560546875 0.421478271484375 0.241439819335938 0.0296783447265625
0.081451416015625 0.406890869140625 0.161346435546875 0.083465576171875
0.096405029296875 0.366424560546875 0.1363525390625 0.146224975585938
0.115020751953125 0.384521484375 0.126174926757813 0.234664916992188
0.032684326171875 0.397247314453125 0.07647705078125 0.287750244140625
-0.126251220703125 0.352142333984375 0.0056304931640625 0.245559692382813
-0.234832763671875 0.277435302734375 -0.07672119140625 0.170501708984375
-0.31884765625 0.061553955078125 -0.136619567871094 -0.0443572998046875
-0.34405517578125 0.00881958007812495 0.043182373046875 -0.164840698242188
-0.38836669921875 0.0301818847656251 0.129234313964844 -0.117713928222656
-0.64874267578125 -0.10015869140625 0.324005126953125 0.229766845703125
-0.62957763671875 0.0350952148437501 0.01251220703125 0.181976318359375
-0.58734130859375 0.1265869140625 0.10693359375 0.320465087890625
-0.44696044921875 0.31903076171875 0.36285400390625 0.283416748046875
-0.27606201171875 0.3961181640625 0.3583984375 -0.020050048828125
-0.0811767578125 0.499725341796875 0.216278076171875 -0.128753662109375
0.104156494140625 0.461761474609375 0.0822677612304688 -0.0719375610351562
0.118408203125 0.429962158203125 0.0447959899902344 0.0150337219238282
0.148590087890625 0.453643798828125 0.043487548828125 0.115180969238281
0.07122802734375 0.474700927734375 0.0305328369140625 0.182632446289063
-0.110870361328125 0.45703125 -0.0246124267578125 0.173248291015625
-0.247650146484375 0.4132080078125 -0.094940185546875 0.131744384765625
-0.438751220703125 0.179718017578125 -0.167404174804688 -0.0682525634765625
-0.523681640625 0.0614318847656249 -0.0457000732421875 -0.14752197265625
-0.54864501953125 0.0117187500000001 -0.0199127197265625 -0.122360229492188
-0.672607421875 -0.16064453125 0.120498657226562 0.231765747070313
-0.692626953125 0.0052490234375001 -0.0910491943359375 0.227493286132812
-0.6365966796875 0.15728759765625 0.129852294921875 0.298583984375
-0.44000244140625 0.3726806640625 0.384796142578125 0.172882080078125
-0.232269287109375 0.423675537109375 0.345977783203125 -0.156463623046875
-0.04095458984375 0.48492431640625 0.1619873046875 -0.2918701171875
0.11175537109375 0.437103271484375 -0.00924682617187498 -0.229171752929687
0.121612548828125 0.425445556640625 -0.0554351806640625 -0.12042236328125
0.156097412109375 0.454864501953125 -0.0517807006835937 -0.0108909606933594
0.0921325683593749 0.48468017578125 -0.0384597778320312 0.0624847412109375
-0.08514404296875 0.4957275390625 -0.0843658447265625 0.0829315185546875
-0.233367919921875 0.489227294921875 -0.136070251464844 0.0674819946289063
-0.500946044921875 0.268798828125 -0.201385498046875 -0.103546142578125
-0.6356201171875 0.108642578125 -0.146682739257813 -0.113983154296875
-0.64154052734375 -0.0089111328125 -0.204742431640625 -0.126907348632813
-0.59967041015625 -0.19110107421875 -0.0598907470703125 0.217864990234375
-0.63873291015625 -0.00891113281250003 -0.160812377929688 0.251861572265625
-0.55712890625 0.1639404296875 0.149398803710937 0.249526977539062
-0.338043212890625 0.351531982421875 0.368804931640625 0.0455322265625
-0.140838623046875 0.365081787109375 0.292510986328125 -0.272308349609375
0.003265380859375 0.384735107421875 0.084014892578125 -0.41790771484375
0.100128173828125 0.343292236328125 -0.099151611328125 -0.357177734375
0.105682373046875 0.35345458984375 -0.145919799804688 -0.236679077148438
0.13775634765625 0.387115478515625 -0.142776489257813 -0.128265380859375
0.09100341796875 0.419189453125 -0.11444091796875 -0.060577392578125
-0.05682373046875 0.45123291015625 -0.154678344726563 -0.0183410644531249
-0.196197509765625 0.47796630859375 -0.183639526367188 -0.0210876464843749
-0.498504638671875 0.296051025390625 -0.2225341796875 -0.152603149414062
-0.6578369140625 0.11688232421875 -0.236801147460938 -0.0790557861328125
-0.63958740234375 -0.0437011718749999 -0.396453857421875 -0.1356201171875
-0.450592041015625 -0.185882568359375 -0.191070556640625 0.194808959960937
-0.49615478515625 0.00140380859375001 -0.187484741210938 0.250946044921875
-0.38970947265625 0.155242919921875 0.157073974609375 0.180862426757813
-0.18341064453125 0.269668579101563 0.3125 -0.06646728515625
-0.0365142822265625 0.242507934570312 0.213348388671875 -0.337554931640625
0.0365753173828125 0.225479125976563 0.000518798828124999 -0.483489990234375
0.0680389404296875 0.199111938476563 -0.1748046875 -0.43353271484375
0.0730133056640625 0.228500366210938 -0.214996337890625 -0.317413330078125
0.0970306396484375 0.255874633789063 -0.211654663085938 -0.2213134765625
0.076751708984375 0.2830810546875 -0.177047729492187 -0.16522216796875
-0.01824951171875 0.3314208984375 -0.214645385742187 -0.1126708984375
-0.133453369140625 0.387847900390625 -0.219436645507813 -0.12115478515625
-0.427978515625 0.2572021484375 -0.217132568359375 -0.2119140625
-0.57989501953125 0.07958984375 -0.298675537109375 -0.0556640625000001
-0.53515625 -0.0892028808593749 -0.56475830078125 -0.15423583984375
-0.250839233398438 -0.149215698242187 -0.260757446289063 0.175674438476562
-0.30267333984375 0.024993896484375 -0.1741943359375 0.23358154296875
-0.18670654296875 0.130203247070313 0.153961181640625 0.110488891601563
-0.026123046875 0.155914306640625 0.237823486328125 -0.14666748046875
0.0529937744140625 0.0940475463867188 0.12969970703125 -0.353668212890625
0.0487747192382812 0.0447807312011719 -0.072845458984375 -0.4908447265625
0.0193901062011719 0.0314617156982422 -0.225494384765625 -0.450836181640625
0.0279426574707031 0.0685958862304688 -0.25164794921875 -0.34759521484375
0.0479736328125 0.0802841186523438 -0.248519897460937 -0.268783569335938
0.0672225952148438 0.0994033813476562 -0.218185424804688 -0.227584838867188
0.0424346923828125 0.167877197265625 -0.259017944335938 -0.178680419921875
-0.0396881103515625 0.252944946289063 -0.24237060546875 -0.212738037109375
-0.289215087890625 0.18060302734375 -0.188568115234375 -0.270660400390625
-0.3973388671875 0.02142333984375 -0.32470703125 -0.0528259277343749
-0.334625244140625 -0.125152587890625 -0.6788330078125 -0.19146728515625
-0.0205154418945313 0.079803466796875 0.719970703125 0.0906982421875
0.11578369140625 0.0216445922851563 0.299407958984375 0.040435791015625
0.0532684326171875 -0.124977111816406 0.143646240234375 0.245498657226562
-0.0757598876953125 -0.0987777709960937 0.272796630859375 0.303619384765625
-0.125381469726563 -0.00843811035156252 0.274520874023438 0.1826171875
-0.0892715454101563 0.104866027832031 0.250503540039063 0.204605102539063
0.00876617431640624 0.119544982910156 0.27093505859375 0.26812744140625
0.0135345458984375 0.0939178466796875 0.270751953125 0.316436767578125
0.0145263671875 0.112098693847656 0.23553466796875 0.4012451171875
-0.0383148193359375 0.122291564941406 0.103546142578125 0.4366455078125
-0.0953140258789063 0.062591552734375 -0.0198974609375 0.3497314453125
-0.10552978515625 -0.0298614501953125 -0.118988037109375 0.19366455078125
0.0240478515625 -0.10992431640625 -0.121437072753906 -0.0452499389648437
0.106002807617188 -0.003814697265625 0.1502685546875 -0.19549560546875
0.0350265502929688 0.100868225097656 0.278900146484375 -0.138916015625
-0.305450439453125 0.060455322265625 0.6678466796875 0.13934326171875
-0.177291870117188 0.079193115234375 0.233322143554688 0.0731964111328125
-0.187347412109375 -0.00595092773437502 0.114044189453125 0.28948974609375
-0.221298217773438 0.0652313232421875 0.301177978515625 0.34503173828125
-0.198562622070312 0.159423828125 0.310272216796875 0.1558837890625
-0.08856201171875 0.29278564453125 0.25469970703125 0.138290405273438
0.065887451171875 0.289886474609375 0.234527587890625 0.198760986328125
0.07489013671875 0.250701904296875 0.226821899414063 0.248001098632813
0.0829315185546875 0.267654418945313 0.205963134765625 0.3311767578125
0.00621032714843748 0.278366088867188 0.113922119140625 0.374542236328125
-0.114608764648438 0.224273681640625 0.018646240234375 0.30450439453125
-0.181671142578125 0.1324462890625 -0.07806396484375 0.192947387695313
-0.165420532226563 -0.032562255859375 -0.122589111328125 -0.0307159423828125
-0.131538391113281 -0.00756072998046877 0.108612060546875 -0.182937622070313
-0.188186645507813 0.069549560546875 0.2327880859375 -0.124374389648438
-0.53460693359375 0.00595092773437499 0.5345458984375 0.181488037109375
-0.450592041015625 0.0910644531249999 0.13525390625 0.122467041015625
-0.427642822265625 0.092742919921875 0.107086181640625 0.3160400390625
-0.358917236328125 0.226715087890625 0.34368896484375 0.336151123046875
-0.25091552734375 0.31488037109375 0.344970703125 0.076629638671875
-0.07891845703125 0.441864013671875 0.242095947265625 0.0152435302734375
0.10931396484375 0.413482666015625 0.167526245117188 0.0761871337890625
0.123443603515625 0.370880126953125 0.147964477539063 0.141616821289063
0.14373779296875 0.38763427734375 0.142669677734375 0.23187255859375
0.059906005859375 0.40234375 0.095794677734375 0.2891845703125
-0.1064453125 0.36907958984375 0.0226287841796875 0.247543334960938
-0.220794677734375 0.299224853515625 -0.0649261474609375 0.174270629882813
-0.327484130859375 0.08404541015625 -0.14068603515625 -0.0355224609375
-0.355865478515625 0.02984619140625 0.038848876953125 -0.170318603515625
-0.394744873046875 0.0507202148437501 0.130882263183594 -0.121910095214844
-0.67095947265625 -0.06573486328125 0.345245361328125 0.215087890625
-0.640625 0.0706787109375 0.022247314453125 0.180770874023438
-0.6024169921875 0.16558837890625 0.121002197265625 0.321502685546875
-0.442596435546875 0.35406494140625 0.38763427734375 0.26812744140625
-0.258544921875 0.42315673828125 0.361785888671875 -0.04345703125
-0.0519409179687501 0.518402099609375 0.206100463867187 -0.14544677734375
0.135101318359375 0.4678955078125 0.077362060546875 -0.0784759521484375
0.14862060546875 0.432159423828125 0.0464096069335938 0.0125541687011719
0.18212890625 0.455474853515625 0.0501022338867188 0.115203857421875
0.104827880859375 0.48114013671875 0.042724609375 0.184326171875
-0.0821533203125 0.478515625 -0.0123443603515625 0.17535400390625
-0.228546142578125 0.440643310546875 -0.0863494873046875 0.136238098144531
-0.444244384765625 0.21380615234375 -0.17437744140625 -0.0569915771484375
-0.538909912109375 0.0948181152343749 -0.05255126953125 -0.146636962890625
-0.56182861328125 0.03955078125 -0.0218124389648438 -0.118934631347656
-0.69873046875 -0.128662109375 0.137298583984375 0.227066040039063
-0.707275390625 0.04278564453125 -0.08160400390625 0.23291015625
-0.6512451171875 0.2000732421875 0.14239501953125 0.298431396484375
-0.430419921875 0.410369873046875 0.404205322265625 0.15594482421875
-0.211456298828125 0.448333740234375 0.343475341796875 -0.180633544921875
-0.01275634765625 0.503021240234375 0.142333984375 -0.3070068359375
0.14227294921875 0.442535400390625 -0.025054931640625 -0.2333984375
0.15106201171875 0.428009033203125 -0.0632476806640625 -0.119453430175781
0.189361572265625 0.45635986328125 -0.0549583435058594 -0.00813674926757809
0.126434326171875 0.490203857421875 -0.0350799560546875 0.0652885437011719
-0.055694580078125 0.515045166015625 -0.078582763671875 0.0863418579101563
-0.207672119140625 0.517303466796875 -0.132545471191406 0.07330322265625
-0.503448486328125 0.308624267578125 -0.212417602539063 -0.090789794921875
-0.650390625 0.15069580078125 -0.152725219726563 -0.10498046875
-0.65838623046875 0.0239868164062499 -0.211135864257813 -0.114593505859375
-0.6253662109375 -0.1646728515625 -0.0490570068359375 0.220733642578125
-0.65264892578125 0.025634765625 -0.15264892578125 0.261627197265625
-0.56854248046875 0.20306396484375 0.160491943359375 0.247589111328125
-0.325439453125 0.38134765625 0.3798828125 0.02740478515625
-0.1209716796875 0.382415771484375 0.281463623046875 -0.29443359375
0.0272216796875 0.396270751953125 0.057220458984375 -0.429168701171875
0.123382568359375 0.345794677734375 -0.1240234375 -0.358306884765625
0.1297607421875 0.35626220703125 -0.162628173828125 -0.233062744140625
0.165557861328125 0.389190673828125 -0.154495239257813 -0.123321533203125
0.119537353515625 0.423004150390625 -0.11981201171875 -0.0560379028320312
-0.029693603515625 0.46875 -0.156494140625 -0.0119628906249999
-0.17071533203125 0.50372314453125 -0.186309814453125 -0.013519287109375
-0.498565673828125 0.3341064453125 -0.23638916015625 -0.138442993164062
-0.67205810546875 0.15924072265625 -0.243484497070313 -0.063812255859375
-0.65826416015625 -0.0112304687499999 -0.409454345703125 -0.113433837890625
-0.47259521484375 -0.1671142578125 -0.185379028320313 0.203033447265625
-0.507293701171875 0.028533935546875 -0.180694580078125 0.26220703125
-0.395416259765625 0.1851806640625 0.165481567382812 0.177719116210937
-0.1719970703125 0.289459228515625 0.315399169921875 -0.083251953125
-0.0200042724609375 0.249984741210938 0.196563720703125 -0.3544921875
0.0521087646484375 0.230148315429688 -0.0299987792968749 -0.490814208984375
0.08160400390625 0.20068359375 -0.204681396484375 -0.431396484375
0.0886383056640625 0.229141235351563 -0.237335205078125 -0.311767578125
0.115203857421875 0.2564697265625 -0.229583740234375 -0.214370727539062
0.096893310546875 0.2850341796875 -0.18975830078125 -0.159210205078125
0.00259399414062499 0.342498779296875 -0.223312377929687 -0.1048583984375
-0.113250732421875 0.40777587890625 -0.229705810546875 -0.112991333007812
-0.427703857421875 0.291107177734375 -0.234619140625 -0.199111938476562
-0.59222412109375 0.11541748046875 -0.30645751953125 -0.035919189453125
-0.55279541015625 -0.0632324218749999 -0.58453369140625 -0.1246337890625
-0.266281127929687 -0.140182495117188 -0.257644653320312 0.186920166015625
-0.30718994140625 0.041839599609375 -0.167587280273437 0.244888305664063
-0.186798095703125 0.14654541015625 0.160079956054688 0.104598999023438
-0.0175933837890625 0.163314819335938 0.233688354492188 -0.16021728515625
0.0627059936523438 0.092529296875 0.110382080078125 -0.365325927734375
0.0531196594238281 0.0434761047363281 -0.1031494140625 -0.491485595703125
0.0207481384277344 0.0317096710205078 -0.25506591796875 -0.44671630859375
0.0321846008300781 0.0682868957519531 -0.275360107421875 -0.340301513671875
0.0527725219726563 0.0794677734375 -0.27032470703125 -0.2606201171875
0.07440185546875 0.0976791381835938 -0.235580444335937 -0.221389770507813
0.054351806640625 0.16937255859375 -0.27191162109375 -0.168594360351562
-0.024993896484375 0.262359619140625 -0.257537841796875 -0.204238891601563
-0.288726806640625 0.20306396484375 -0.209136962890625 -0.261428833007813
-0.407379150390625 0.0450439453125 -0.3326416015625 -0.03167724609375
-0.348968505859375 -0.1102294921875 -0.704833984375 -0.1588134765625
-0.0120697021484375 0.085906982421875 0.724853515625 0.03759765625
0.119972229003906 0.0140151977539062 0.299072265625 0.013427734375
0.0431137084960937 -0.130149841308594 0.156295776367187 0.23187255859375
-0.0835647583007813 -0.09478759765625 0.29302978515625 0.2811279296875
-0.127906799316406 0.002410888671875 0.282745361328125 0.160919189453125
-0.078216552734375 0.113410949707031 0.26251220703125 0.185317993164063
0.0194931030273438 0.119392395019531 0.2879638671875 0.24676513671875
0.0209808349609375 0.0925979614257813 0.291778564453125 0.293365478515625
0.024139404296875 0.109588623046875 0.266326904296875 0.380584716796875
-0.0277633666992187 0.124198913574219 0.136688232421875 0.425628662109375
-0.0899200439453125 0.0714950561523437 0.010772705078125 0.346771240234375
-0.107902526855469 -0.0224990844726563 -0.100784301757813 0.198928833007813
0.0134963989257813 -0.1112060546875 -0.120735168457031 -0.0355758666992188
0.104621887207031 -0.0121612548828125 0.138214111328125 -0.206802368164063
0.0448684692382812 0.0965957641601563 0.26995849609375 -0.154067993164063
-0.298492431640625 0.086334228515625 0.67730712890625 0.09075927734375
-0.168365478515625 0.093658447265625 0.23565673828125 0.0509796142578125
-0.190460205078125 0.00738525390624996 0.130508422851562 0.278732299804688
-0.217010498046875 0.0814971923828125 0.32635498046875 0.3201904296875
-0.188247680664062 0.176116943359375 0.316650390625 0.129913330078125
-0.0638427734375 0.302093505859375 0.2591552734375 0.119964599609375
0.091094970703125 0.285247802734375 0.247085571289062 0.180984497070313
0.094390869140625 0.243896484375 0.24285888671875 0.228973388671875
0.106338500976563 0.259490966796875 0.22998046875 0.311767578125
0.0308074951171875 0.276107788085938 0.143280029296875 0.362548828125
-0.0948486328125 0.233657836914062 0.04388427734375 0.298309326171875
-0.170700073242188 0.146682739257812 -0.06024169921875 0.192916870117188
-0.169967651367188 -0.0188751220703125 -0.120933532714844 -0.0199737548828125
-0.133750915527344 0.00253295898437501 0.0982666015625 -0.191268920898438
-0.181228637695313 0.080902099609375 0.2275390625 -0.1356201171875
-0.5340576171875 0.0471496582031249 0.54736328125 0.143157958984375
-0.441253662109375 0.12518310546875 0.142898559570312 0.107528686523438
-0.427093505859375 0.127471923828125 0.1240234375 0.306488037109375
-0.343109130859375 0.254852294921875 0.367523193359375 0.30908203125
-0.22869873046875 0.333526611328125 0.345062255859375 0.049224853515625
-0.041961669921875 0.44903564453125 0.23614501953125 -0.00315856933593747
0.143798828125 0.405364990234375 0.170120239257813 0.0633392333984375
0.15155029296875 0.358978271484375 0.1568603515625 0.129104614257813
0.175872802734375 0.375030517578125 0.158889770507813 0.219696044921875
0.094024658203125 0.396575927734375 0.118804931640625 0.279312133789063
-0.07427978515625 0.3790283203125 0.0438995361328125 0.240386962890625
-0.195556640625 0.317047119140625 -0.0492706298828125 0.17449951171875
-0.322723388671875 0.111175537109375 -0.139854431152344 -0.0231781005859375
-0.3563232421875 0.0579223632812499 0.0295257568359375 -0.172088623046875
-0.391143798828125 0.0755310058593751 0.126106262207031 -0.12646484375
-0.67584228515625 -0.01422119140625 0.360748291015625 0.189117431640625
-0.6318359375 0.1185302734375 0.034027099609375 0.174362182617188
-0.59521484375 0.2142333984375 0.137908935546875 0.312744140625
-0.417388916015625 0.390533447265625 0.4052734375 0.239044189453125
-0.227752685546875 0.443603515625 0.354766845703125 -0.072479248046875
-0.01080322265625 0.524627685546875 0.188858032226563 -0.159576416015625
0.172882080078125 0.45745849609375 0.0686798095703125 -0.082916259765625
0.1820068359375 0.41802978515625 0.0462112426757813 0.00893402099609378
0.2193603515625 0.439788818359375 0.0574722290039063 0.110984802246094
0.146026611328125 0.470123291015625 0.0585174560546875 0.1796875
-0.042236328125 0.48468017578125 0.0032958984375 0.170684814453125
-0.189788818359375 0.459625244140625 -0.073638916015625 0.137306213378906
-0.430755615234375 0.251617431640625 -0.176437377929688 -0.041229248046875
-0.534637451171875 0.13812255859375 -0.0593032836914063 -0.140487670898438
-0.55828857421875 0.078399658203125 -0.025054931640625 -0.112510681152344
-0.70721435546875 -0.07794189453125 0.1529541015625 0.214126586914063
-0.70037841796875 0.0936279296875 -0.0668182373046876 0.234222412109375
-0.6424560546875 0.25360107421875 0.1588134765625 0.2886962890625
-0.39971923828125 0.445465087890625 0.41534423828125 0.125274658203125
-0.17547607421875 0.4637451171875 0.325653076171875 -0.207672119140625
0.02783203125 0.50433349609375 0.112457275390625 -0.314605712890625
0.176239013671875 0.430267333984375 -0.0446929931640625 -0.230560302734375
0.18389892578125 0.413055419921875 -0.07269287109375 -0.11395263671875
0.2266845703125 0.44073486328125 -0.0569572448730469 -0.00305938720703123
0.165863037109375 0.47869873046875 -0.0287055969238281 0.0664100646972657
-0.01300048828125 0.52093505859375 -0.0692214965820312 0.0879745483398438
-0.165313720703125 0.535125732421875 -0.12396240234375 0.0789566040039062
-0.482391357421875 0.3505859375 -0.216796875 -0.070404052734375
-0.6431884765625 0.2020263671875 -0.156539916992188 -0.091094970703125
-0.65631103515625 0.0689697265625001 -0.213607788085938 -0.0951385498046875
-0.63726806640625 -0.11907958984375 -0.0338287353515626 0.218673706054688
-0.64837646484375 0.0726318359375001 -0.136383056640625 0.268447875976563
-0.55816650390625 0.251617431640625 0.1728515625 0.236618041992188
-0.297119140625 0.40728759765625 0.380218505859375 -0.000274658203124975
-0.09014892578125 0.390106201171875 0.256866455078125 -0.313262939453125
0.058746337890625 0.393035888671875 0.0201416015625 -0.42926025390625
0.150909423828125 0.335784912109375 -0.151702880859375 -0.347381591796875
0.157257080078125 0.344085693359375 -0.17962646484375 -0.22088623046875
0.196533203125 0.37579345703125 -0.164581298828125 -0.11016845703125
0.153961181640625 0.413238525390625 -0.122230529785156 -0.0475006103515625
0.00903320312499998 0.47113037109375 -0.15423583984375 -0.00430297851562494
-0.130615234375 0.518524169921875 -0.184402465820313 -0.00173950195312495
-0.477569580078125 0.3760986328125 -0.24603271484375 -0.1148681640625
-0.6646728515625 0.21136474609375 -0.244186401367188 -0.0419769287109375
-0.65863037109375 0.03387451171875 -0.412353515625 -0.0799560546875
-0.484832763671875 -0.134307861328125 -0.17144775390625 0.2095947265625
-0.5015869140625 0.0645751953124999 -0.164352416992188 0.271209716796875
-0.385284423828125 0.219329833984375 0.173309326171875 0.165740966796875
-0.150848388671875 0.30462646484375 0.30780029296875 -0.105133056640625
0.00114440917968749 0.250076293945313 0.168212890625 -0.3662109375
0.070587158203125 0.225006103515625 -0.06890869140625 -0.47998046875
0.096527099609375 0.194473266601563 -0.236358642578125 -0.415435791015625
0.104949951171875 0.221115112304688 -0.258514404296875 -0.293731689453125
0.134567260742187 0.247177124023438 -0.245864868164063 -0.194808959960937
0.118499755859375 0.276412963867187 -0.200302124023438 -0.145187377929688
0.029937744140625 0.34197998046875 -0.228164672851563 -0.0901184082031249
-0.080078125 0.416778564453125 -0.235427856445313 -0.0964050292968749
-0.40972900390625 0.32568359375 -0.248748779296875 -0.175888061523437
-0.58612060546875 0.16168212890625 -0.305145263671875 -0.00891113281250005
-0.5579833984375 -0.0234069824218749 -0.58935546875 -0.08050537109375
-0.277694702148437 -0.1221923828125 -0.245330810546875 0.197128295898438
-0.302764892578125 0.0643310546875 -0.152587890625 0.25244140625
-0.177947998046875 0.16412353515625 0.163619995117188 0.0930938720703125
-0.00588989257812502 0.166091918945313 0.2200927734375 -0.174240112304688
0.0707321166992188 0.0857315063476563 0.0823974609375 -0.369140625
0.0563774108886719 0.0387458801269531 -0.14111328125 -0.47454833984375
0.0216903686523438 0.0319099426269531 -0.28863525390625 -0.424407958984375
0.0363235473632813 0.0661468505859375 -0.29876708984375 -0.3204345703125
0.0579071044921875 0.0750808715820313 -0.28802490234375 -0.238433837890625
0.0814895629882812 0.09088134765625 -0.250335693359375 -0.203903198242188
0.0680694580078125 0.16461181640625 -0.282440185546875 -0.149383544921875
-0.00350952148437501 0.263229370117188 -0.269821166992187 -0.1844482421875
-0.275894165039063 0.226852416992187 -0.228271484375 -0.239883422851563
-0.405853271484375 0.0772399902343749 -0.3311767578125 -0.00299072265624995
-0.354644775390625 -0.0839233398437499 -0.71221923828125 -0.10516357421875
-0.00209808349609375 0.0870437622070313 0.70391845703125 -0.00732421875
0.121162414550781 0.006011962890625 0.286865234375 -0.010467529296875
0.0326461791992188 -0.130500793457031 0.162429809570313 0.21405029296875
-0.0877532958984375 -0.0883407592773438 0.300384521484375 0.252777099609375
-0.125289916992188 0.0118637084960938 0.280288696289062 0.138809204101563
-0.0652008056640625 0.116676330566406 0.26251220703125 0.163101196289063
0.0289382934570313 0.114555358886719 0.2933349609375 0.22137451171875
0.0265121459960938 0.0878829956054688 0.298736572265625 0.26507568359375
0.0325698852539063 0.103721618652344 0.28375244140625 0.347869873046875
-0.01690673828125 0.122344970703125 0.1600341796875 0.400177001953125
-0.0815353393554688 0.0754623413085938 0.03594970703125 0.330780029296875
-0.105926513671875 -0.0149459838867188 -0.081329345703125 0.19482421875
0.00498199462890624 -0.10870361328125 -0.115020751953125 -0.027587890625
0.100791931152344 -0.0184478759765625 0.123947143554688 -0.209869384765625
0.0501556396484375 0.089019775390625 0.254608154296875 -0.161331176757812
-0.280975341796875 0.105636596679687 0.6630859375 0.04669189453125
-0.153564453125 0.100631713867188 0.229324340820312 0.03106689453125
-0.187042236328125 0.020355224609375 0.139495849609375 0.261642456054687
-0.2076416015625 0.0926208496093749 0.3355712890625 0.28875732421875
-0.172836303710938 0.1842041015625 0.309967041015625 0.105133056640625
-0.038787841796875 0.299072265625 0.254135131835938 0.100051879882813
0.109848022460938 0.270339965820313 0.247894287109375 0.160476684570313
0.1075439453125 0.229248046875 0.247299194335937 0.205184936523438
0.121780395507813 0.24261474609375 0.243072509765625 0.284088134765625
0.050506591796875 0.264175415039063 0.164337158203125 0.3392333984375
-0.0741729736328125 0.233718872070313 0.06488037109375 0.280487060546875
-0.15423583984375 0.152511596679687 -0.0430908203125 0.185943603515625
-0.166946411132813 -0.00642395019531248 -0.114814758300781 -0.0118255615234375
-0.130867004394531 0.0118789672851563 0.08575439453125 -0.191513061523437
-0.171173095703125 0.0872955322265625 0.2156982421875 -0.1416015625
-0.5130615234375 0.0801696777343749 0.539154052734375 0.104095458984375
-0.416015625 0.147125244140625 0.14361572265625 0.0916290283203125
-0.409912109375 0.154266357421875 0.13494873046875 0.28985595703125
-0.319366455078125 0.26910400390625 0.374969482421875 0.273529052734375
-0.201416015625 0.340240478515625 0.33306884765625 0.025238037109375
-0.00894165039062499 0.440704345703125 0.223388671875 -0.0164031982421875
0.16815185546875 0.3839111328125 0.165924072265625 0.051910400390625
0.1715087890625 0.335968017578125 0.158370971679688 0.113739013671875
0.196807861328125 0.349761962890625 0.1666259765625 0.200851440429688
0.120574951171875 0.37652587890625 0.13531494140625 0.260787963867188
-0.043212890625 0.373199462890625 0.0596160888671875 0.224258422851563
-0.16607666015625 0.320343017578125 -0.034332275390625 0.167098999023438
-0.30670166015625 0.13037109375 -0.134437561035156 -0.0129776000976563
-0.3438720703125 0.08160400390625 0.020751953125 -0.168502807617188
-0.374053955078125 0.09619140625 0.119560241699219 -0.125511169433594
-0.6556396484375 0.02734375 0.360809326171875 0.15966796875
-0.60302734375 0.15277099609375 0.04229736328125 0.163543701171875
-0.569091796875 0.2506103515625 0.147796630859375 0.29534912109375
-0.38092041015625 0.406005859375 0.4090576171875 0.203857421875
-0.19134521484375 0.444915771484375 0.333953857421875 -0.093719482421875
0.026641845703125 0.511993408203125 0.166122436523438 -0.163986206054687
0.2001953125 0.43115234375 0.0569839477539063 -0.083984375
0.20391845703125 0.392730712890625 0.0433769226074219 0.00520706176757815
0.242828369140625 0.410369873046875 0.0620651245117188 0.104110717773438
0.17535400390625 0.443206787109375 0.06988525390625 0.168258666992188
-0.00524902343750003 0.472991943359375 0.0162506103515625 0.160247802734375
-0.152374267578125 0.458831787109375 -0.0610504150390625 0.133087158203125
-0.405181884765625 0.27545166015625 -0.170623779296875 -0.026641845703125
-0.51324462890625 0.171173095703125 -0.062591552734375 -0.130897521972656
-0.5364990234375 0.108123779296875 -0.025726318359375 -0.103912353515625
-0.69073486328125 -0.0309448242187501 0.16107177734375 0.1956787109375
-0.66925048828125 0.13336181640625 -0.0523529052734375 0.227645874023437
-0.61212158203125 0.29315185546875 0.167098999023438 0.27056884765625
-0.36083984375 0.460479736328125 0.410064697265625 0.094573974609375
-0.138214111328125 0.459564208984375 0.297088623046875 -0.2215576171875
0.06396484375 0.486968994140625 0.084014892578125 -0.308349609375
0.20123291015625 0.406219482421875 -0.0615081787109375 -0.219528198242188
0.205718994140625 0.38916015625 -0.0791244506835938 -0.106147766113281
0.251617431640625 0.411376953125 -0.056243896484375 0.00176620483398441
0.196380615234375 0.451507568359375 -0.0215301513671875 0.0651626586914063
0.025543212890625 0.507415771484375 -0.060760498046875 0.0852508544921875
-0.12347412109375 0.530120849609375 -0.113433837890625 0.0813064575195313
-0.449859619140625 0.37396240234375 -0.21234130859375 -0.0505828857421875
-0.6148681640625 0.23944091796875 -0.154388427734375 -0.0755462646484375
-0.632568359375 0.1053466796875 -0.20782470703125 -0.0756072998046875
-0.62554931640625 -0.0773315429687499 -0.0208587646484375 0.209579467773438
-0.62060546875 0.1109619140625 -0.117904663085938 0.265167236328125
-0.527984619140625 0.284271240234375 0.177581787109375 0.21954345703125
-0.261932373046875 0.417938232421875 0.36737060546875 -0.023773193359375
-0.0596923828125 0.38299560546875 0.22698974609375 -0.318084716796875
0.08544921875 0.37896728515625 -0.010223388671875 -0.412322998046875
0.16796875 0.316009521484375 -0.170562744140625 -0.326751708984375
0.17376708984375 0.323577880859375 -0.189254760742188 -0.202117919921875
0.21588134765625 0.3505859375 -0.16650390625 -0.0947265625
0.179443359375 0.3885498046875 -0.119270324707031 -0.0396194458007813
0.041229248046875 0.45648193359375 -0.1485595703125 0.00242614746093754
-0.0911865234375 0.510986328125 -0.177398681640625 0.00718688964843755
-0.442108154296875 0.398223876953125 -0.243682861328125 -0.0911865234375
-0.63275146484375 0.25048828125 -0.235595703125 -0.0217590332031249
-0.6368408203125 0.0725708007812499 -0.399200439453125 -0.049407958984375
-0.479888916015625 -0.101043701171875 -0.155502319335938 0.207656860351563
-0.480712890625 0.09405517578125 -0.1451416015625 0.268951416015625
-0.3623046875 0.24267578125 0.175079345703125 0.150527954101563
-0.12591552734375 0.307525634765625 0.29034423828125 -0.119781494140625
0.0192108154296875 0.24005126953125 0.13800048828125 -0.36187744140625
0.083770751953125 0.2132568359375 -0.10003662109375 -0.455535888671875
0.106124877929688 0.181915283203125 -0.258514404296875 -0.38543701171875
0.115325927734375 0.208404541015625 -0.270050048828125 -0.26751708984375
0.145782470703125 0.230926513671875 -0.25048828125 -0.171218872070312
0.134292602539063 0.2601318359375 -0.201309204101563 -0.1279296875
0.053436279296875 0.32965087890625 -0.225418090820313 -0.0755767822265625
-0.049224853515625 0.40966796875 -0.232528686523437 -0.0794677734374999
-0.37896728515625 0.345794677734375 -0.251266479492188 -0.148590087890625
-0.560699462890625 0.197845458984375 -0.29241943359375 0.014404296875
-0.542022705078125 0.0104980468749999 -0.57037353515625 -0.03961181640625
-0.277572631835938 -0.102706909179687 -0.229080200195313 0.199569702148438
-0.2877197265625 0.081268310546875 -0.135208129882812 0.250320434570313
-0.163604736328125 0.175094604492188 0.1610107421875 0.0802154541015625
0.00549316406249999 0.164352416992187 0.201065063476563 -0.180084228515625
0.075836181640625 0.0764694213867188 0.05523681640625 -0.3570556640625
0.0576591491699219 0.0323448181152344 -0.166046142578125 -0.44329833984375
0.0224037170410156 0.0297565460205078 -0.305084228515625 -0.392181396484375
0.0385055541992188 0.0623626708984375 -0.308868408203125 -0.29034423828125
0.0591888427734375 0.0688858032226563 -0.293304443359375 -0.212554931640625
0.0847854614257813 0.0825347900390625 -0.25323486328125 -0.181381225585937
0.0777435302734375 0.154830932617188 -0.28094482421875 -0.127944946289063
0.014617919921875 0.254867553710938 -0.272369384765625 -0.161239624023437
-0.255691528320313 0.239715576171875 -0.235382080078125 -0.213485717773438
-0.3897705078125 0.101226806640625 -0.317169189453125 0.021392822265625
-0.34759521484375 -0.06121826171875 -0.6937255859375 -0.0572509765625001
0.00510406494140625 0.0858993530273438 0.67535400390625 -0.02850341796875
0.119125366210938 0.001434326171875 0.271453857421875 -0.021270751953125
0.0255966186523437 -0.127769470214844 0.158309936523437 0.200180053710938
-0.08843994140625 -0.0834579467773438 0.2952880859375 0.23040771484375
-0.121620178222656 0.0174179077148437 0.269241333007813 0.123397827148438
-0.0561752319335937 0.114631652832031 0.2547607421875 0.148544311523437
0.0336990356445312 0.108856201171875 0.286468505859375 0.203125
0.02972412109375 0.0834808349609375 0.2935791015625 0.243988037109375
0.0357742309570313 0.0968856811523438 0.28192138671875 0.32080078125
-0.00981903076171876 0.117706298828125 0.16802978515625 0.37506103515625
-0.0745086669921875 0.0763473510742188 0.0491943359375 0.31085205078125
-0.102470397949219 -0.0109100341796875 -0.0692291259765625 0.185684204101563
0.000236511230468756 -0.104766845703125 -0.107109069824219 -0.0226593017578125
0.09600830078125 -0.0210342407226563 0.1142578125 -0.206192016601562
0.0509567260742188 0.0829696655273438 0.240768432617188 -0.15728759765625
-0.263153076171875 0.11083984375 0.63812255859375 0.02484130859375
-0.140975952148438 0.100692749023437 0.218765258789063 0.0206146240234375
-0.181640625 0.02667236328125 0.138870239257813 0.246231079101563
-0.197906494140625 0.0959625244140625 0.32977294921875 0.264434814453125
-0.160079956054688 0.184219360351563 0.297576904296875 0.090057373046875
-0.02325439453125 0.289276123046875 0.24298095703125 0.0881500244140625
0.116943359375 0.255599975585938 0.2408447265625 0.145904541015625
0.111740112304687 0.2156982421875 0.242477416992188 0.187835693359375
0.127395629882812 0.227630615234375 0.241073608398438 0.262649536132813
0.0603179931640625 0.25054931640625 0.16802978515625 0.315948486328125
-0.060302734375 0.227386474609375 0.0733184814453125 0.261032104492188
-0.142959594726563 0.151596069335938 -0.0332489013671875 0.175018310546875
-0.161361694335938 0.000701904296875016 -0.107322692871094 -0.00756072998046877
-0.126106262207031 0.0170974731445312 0.0779266357421875 -0.187179565429687
-0.161529541015625 0.0875701904296875 0.206069946289063 -0.138412475585938
-0.4866943359375 0.0949707031249999 0.52301025390625 0.085662841796875
-0.39263916015625 0.154266357421875 0.139297485351562 0.0807876586914063
-0.390716552734375 0.164276123046875 0.135604858398437 0.274581909179688
-0.2996826171875 0.27130126953125 0.370025634765625 0.249267578125
-0.182952880859375 0.333831787109375 0.316131591796875 0.011627197265625
0.010345458984375 0.424285888671875 0.208847045898438 -0.021514892578125
0.177093505859375 0.362335205078125 0.158355712890625 0.0449066162109375
0.175567626953125 0.316650390625 0.153427124023438 0.103057861328125
0.20269775390625 0.327117919921875 0.165069580078125 0.186431884765625
0.133026123046875 0.354644775390625 0.139389038085938 0.241439819335938
-0.02587890625 0.35858154296875 0.0665283203125 0.20794677734375
-0.14825439453125 0.314483642578125 -0.027587890625 0.155792236328125
-0.29150390625 0.138092041015625 -0.127105712890625 -0.00720977783203122
-0.32916259765625 0.0915222167968749 0.0166778564453125 -0.161422729492187
-0.357391357421875 0.102325439453125 0.115699768066406 -0.120697021484375
-0.6275634765625 0.0469970703125 0.352935791015625 0.14080810546875
-0.57000732421875 0.164306640625 0.0444488525390625 0.152511596679688
-0.541778564453125 0.26531982421875 0.147125244140625 0.279571533203125
-0.35333251953125 0.40655517578125 0.398345947265625 0.1807861328125
-0.16888427734375 0.433197021484375 0.313568115234375 -0.102325439453125
0.04693603515625 0.490234375 0.149688720703125 -0.1602783203125
0.209716796875 0.408050537109375 0.0498428344726563 -0.0813522338867187
0.20770263671875 0.368408203125 0.0397911071777344 0.00295257568359377
0.250762939453125 0.38287353515625 0.0617218017578125 0.0978012084960938
0.187713623046875 0.415557861328125 0.0744476318359375 0.156143188476563
0.01617431640625 0.45330810546875 0.020782470703125 0.147247314453125
-0.128173828125 0.445587158203125 -0.0535507202148438 0.125251770019531
-0.379425048828125 0.280120849609375 -0.162399291992188 -0.0180816650390625
-0.49029541015625 0.184173583984375 -0.0608291625976563 -0.121696472167969
-0.51239013671875 0.11737060546875 -0.0227813720703125 -0.0957183837890625
-0.663818359375 -0.00897216796875012 0.161544799804687 0.179595947265625
-0.63653564453125 0.148193359375 -0.044525146484375 0.216201782226563
-0.58123779296875 0.3082275390625 0.1634521484375 0.255264282226563
-0.330230712890625 0.457000732421875 0.394256591796875 0.075469970703125
-0.115631103515625 0.44622802734375 0.27484130859375 -0.222381591796875
0.080718994140625 0.4656982421875 0.06646728515625 -0.29583740234375
0.20855712890625 0.382293701171875 -0.0699615478515625 -0.206771850585937
0.2105712890625 0.36456298828125 -0.08160400390625 -0.098663330078125
0.25701904296875 0.385009765625 -0.0536727905273437 0.00525283813476566
0.20709228515625 0.4232177734375 -0.0162124633789062 0.0599861145019532
0.04632568359375 0.48529052734375 -0.0544509887695313 0.0794677734375
-0.098785400390625 0.51434326171875 -0.105560302734375 0.0777435302734375
-0.4207763671875 0.3773193359375 -0.203155517578125 -0.0379486083984375
-0.5845947265625 0.2557373046875 -0.145721435546875 -0.065032958984375
-0.60296630859375 0.11962890625 -0.195602416992188 -0.063995361328125
-0.60302734375 -0.0565185546875001 -0.0145111083984376 0.197860717773438
-0.5887451171875 0.124267578125 -0.10693359375 0.254318237304687
-0.49920654296875 0.296722412109375 0.1724853515625 0.20538330078125
-0.237060546875 0.4144287109375 0.3499755859375 -0.035552978515625
-0.04302978515625 0.366943359375 0.203369140625 -0.310760498046875
0.097015380859375 0.3582763671875 -0.0264892578125 -0.390655517578125
0.17333984375 0.29693603515625 -0.17779541015625 -0.3050537109375
0.17669677734375 0.305023193359375 -0.189346313476563 -0.186080932617187
0.220062255859375 0.328033447265625 -0.16259765625 -0.0836029052734375
0.1871337890625 0.364654541015625 -0.1141357421875 -0.0350189208984375
0.059722900390625 0.43768310546875 -0.141754150390625 0.00459289550781251
-0.069427490234375 0.4952392578125 -0.168838500976563 0.0105743408203126
-0.414337158203125 0.401092529296875 -0.234359741210938 -0.0749359130859375
-0.60284423828125 0.26641845703125 -0.222183227539063 -0.009857177734375
-0.60882568359375 0.0874633789062501 -0.37921142578125 -0.03387451171875
-0.4644775390625 -0.083587646484375 -0.144866943359375 0.198333740234375
-0.456085205078125 0.10455322265625 -0.134002685546875 0.258758544921875
-0.339569091796875 0.2501220703125 0.16827392578125 0.138626098632813
-0.10931396484375 0.30322265625 0.272811889648438 -0.123092651367187
0.0281219482421875 0.227584838867188 0.11932373046875 -0.347869873046875
0.0889434814453125 0.199661254882812 -0.110809326171875 -0.428131103515625
0.108184814453125 0.171218872070313 -0.26214599609375 -0.3585205078125
0.117431640625 0.19732666015625 -0.269058227539063 -0.246780395507812
0.147476196289063 0.21722412109375 -0.244171142578125 -0.154953002929688
0.138534545898438 0.242202758789062 -0.195068359375 -0.117172241210937
0.064117431640625 0.31488037109375 -0.217864990234375 -0.0662841796875
-0.032745361328125 0.3944091796875 -0.224609375 -0.069366455078125
-0.355682373046875 0.347991943359375 -0.24517822265625 -0.129669189453125
-0.535308837890625 0.210205078125 -0.27557373046875 0.0269317626953125
-0.517608642578125 0.02459716796875 -0.545745849609375 -0.0192565917968749
-0.271942138671875 -0.0910797119140625 -0.216049194335938 0.192626953125
-0.271835327148437 0.0869293212890625 -0.125457763671875 0.240493774414063
-0.15081787109375 0.177459716796875 0.152664184570313 0.0716705322265625
0.01190185546875 0.159988403320312 0.184661865234375 -0.176849365234375
0.0764389038085938 0.0698394775390625 0.039703369140625 -0.339752197265625
0.0556526184082031 0.0277557373046875 -0.17327880859375 -0.41510009765625
0.0216445922851563 0.0287914276123047 -0.306976318359375 -0.36370849609375
0.0383453369140625 0.0606613159179688 -0.30560302734375 -0.268463134765625
0.0576324462890625 0.0648345947265625 -0.28546142578125 -0.1927490234375
0.0835342407226563 0.0749588012695313 -0.247543334960938 -0.166046142578125
0.079742431640625 0.144729614257813 -0.27288818359375 -0.11334228515625
0.0233612060546875 0.24456787109375 -0.265777587890625 -0.14599609375
-0.239181518554688 0.240493774414062 -0.231338500976563 -0.192123413085938
-0.37213134765625 0.11199951171875 -0.2994384765625 0.03460693359375
-0.334808349609375 -0.04901123046875 -0.66461181640625 -0.0318603515625001
0.00896453857421874 0.085540771484375 0.65765380859375 -0.02960205078125
0.11981201171875 -0.00064849853515625 0.26190185546875 -0.024627685546875
0.0229263305664063 -0.12548828125 0.153732299804688 0.19415283203125
-0.0900192260742188 -0.0812530517578125 0.28778076171875 0.22021484375
-0.120407104492187 0.0196304321289062 0.2607421875 0.117965698242188
-0.0505523681640625 0.113182067871094 0.245651245117188 0.14312744140625
0.03607177734375 0.105079650878906 0.278533935546875 0.1944580078125
0.0295562744140625 0.0808944702148437 0.286529541015625 0.23291015625
0.0374221801757812 0.0935592651367188 0.277679443359375 0.3056640625
-0.00714874267578124 0.114433288574219 0.169464111328125 0.35943603515625
-0.0709304809570313 0.075347900390625 0.053436279296875 0.29638671875
-0.101158142089844 -0.00937652587890623 -0.0633392333984375 0.176895141601563
-0.0012664794921875 -0.102783203125 -0.101654052734375 -0.0227737426757812
0.0935745239257813 -0.0224761962890625 0.11077880859375 -0.202362060546875
0.0501327514648438 0.0797882080078125 0.235321044921875 -0.150894165039063
-0.25244140625 0.112167358398438 0.624755859375 0.02069091796875
-0.13323974609375 0.0976638793945312 0.21173095703125 0.0154266357421875
-0.178466796875 0.0293426513671875 0.134292602539063 0.240646362304688
-0.194503784179688 0.0962677001953125 0.32318115234375 0.253265380859375
-0.157379150390625 0.18304443359375 0.285491943359375 0.0843505859375
-0.0169677734375 0.28338623046875 0.233657836914062 0.08575439453125
0.118942260742188 0.246505737304688 0.2332763671875 0.141098022460938
0.111297607421875 0.208297729492187 0.234451293945313 0.180465698242188
0.1280517578125 0.218673706054688 0.23590087890625 0.251678466796875
0.0646209716796875 0.241226196289063 0.17034912109375 0.3018798828125
-0.054046630859375 0.221710205078125 0.07550048828125 0.2474365234375
-0.136444091796875 0.1492919921875 -0.029937744140625 0.166168212890625
-0.15771484375 0.00291442871093752 -0.10211181640625 -0.00613403320312499
-0.122611999511719 0.0189971923828125 0.076141357421875 -0.182876586914063
-0.156768798828125 0.085662841796875 0.2030029296875 -0.131973266601563
-0.47149658203125 0.0964965820312499 0.512847900390625 0.07958984375
-0.377655029296875 0.15167236328125 0.134597778320313 0.0753707885742188
-0.38275146484375 0.168487548828125 0.131118774414062 0.266921997070313
-0.29144287109375 0.270416259765625 0.36029052734375 0.238250732421875
-0.17608642578125 0.3292236328125 0.30438232421875 0.00836181640625002
0.017608642578125 0.4150390625 0.198516845703125 -0.02001953125
0.178985595703125 0.350189208984375 0.150985717773438 0.0437774658203125
0.174713134765625 0.305450439453125 0.147018432617188 0.0991668701171875
0.2041015625 0.314788818359375 0.162521362304688 0.179595947265625
0.136505126953125 0.34051513671875 0.1392822265625 0.230194091796875
-0.01800537109375 0.348785400390625 0.0667724609375 0.195037841796875
-0.138153076171875 0.3077392578125 -0.0239105224609375 0.1478271484375
-0.28369140625 0.139373779296875 -0.121192932128906 -0.00483703613281251
-0.32135009765625 0.09552001953125 0.017120361328125 -0.15643310546875
-0.347320556640625 0.099273681640625 0.116386413574219 -0.115371704101562
-0.60986328125 0.0506591796874999 0.34490966796875 0.13330078125
-0.55377197265625 0.161865234375 0.0420989990234375 0.145172119140625
-0.5281982421875 0.269317626953125 0.141326904296875 0.271133422851563
-0.340301513671875 0.403167724609375 0.389251708984375 0.17156982421875
-0.16046142578125 0.425537109375 0.300445556640625 -0.1031494140625
0.0521240234375 0.478607177734375 0.139846801757813 -0.154266357421875
0.210052490234375 0.394195556640625 0.0439682006835938 -0.0771865844726562
0.20672607421875 0.356903076171875 0.0355300903320313 0.00360107421875002
0.25115966796875 0.36932373046875 0.0602264404296875 0.09552001953125
0.1912841796875 0.4000244140625 0.0749053955078125 0.147735595703125
0.024078369140625 0.44219970703125 0.0218048095703125 0.138442993164063
-0.11767578125 0.43731689453125 -0.0504150390625 0.118782043457031
-0.36920166015625 0.280487060546875 -0.155853271484375 -0.0140533447265625
-0.477996826171875 0.18927001953125 -0.0563278198242188 -0.1163330078125
-0.499053955078125 0.11602783203125 -0.0167922973632813 -0.0904083251953125
-0.6470947265625 -0.00592041015624998 0.1575927734375 0.170822143554688
-0.6160888671875 0.14691162109375 -0.0442352294921875 0.208358764648438
-0.56439208984375 0.31231689453125 0.156387329101562 0.247802734375
-0.317718505859375 0.45428466796875 0.385009765625 0.068359375
-0.1083984375 0.4365234375 0.26220703125 -0.2191162109375
0.08404541015625 0.45196533203125 0.0579833984375 -0.28515625
0.20770263671875 0.37017822265625 -0.073394775390625 -0.1986083984375
0.20794677734375 0.35382080078125 -0.0830078125 -0.0939102172851562
0.255462646484375 0.37139892578125 -0.0527839660644531 0.00700759887695315
0.209197998046875 0.4071044921875 -0.0142326354980469 0.0567398071289063
0.0543212890625 0.471832275390625 -0.0529861450195313 0.0740432739257813
-0.086700439453125 0.504058837890625 -0.102745056152344 0.0739898681640625
-0.4083251953125 0.378173828125 -0.19622802734375 -0.031982421875
-0.57012939453125 0.25897216796875 -0.138008117675781 -0.0595474243164062
-0.5880126953125 0.117431640625 -0.185089111328125 -0.058502197265625
-0.58782958984375 -0.0521850585937499 -0.0144805908203125 0.188385009765625
-0.5704345703125 0.1251220703125 -0.105560302734375 0.245040893554687
-0.484161376953125 0.301513671875 0.16448974609375 0.199386596679688
-0.224884033203125 0.41107177734375 0.339080810546875 -0.037506103515625
-0.03619384765625 0.357696533203125 0.192901611328125 -0.3038330078125
0.099212646484375 0.347015380859375 -0.031036376953125 -0.376129150390625
0.172027587890625 0.2867431640625 -0.179046630859375 -0.29339599609375
0.17706298828125 0.294952392578125 -0.187850952148438 -0.177978515625
0.21826171875 0.3177490234375 -0.158432006835938 -0.0782318115234375
0.188446044921875 0.350189208984375 -0.109390258789062 -0.034942626953125
0.065338134765625 0.424652099609375 -0.138252258300781 0.0031585693359375
-0.05999755859375 0.4852294921875 -0.16412353515625 0.0106811523437501
-0.40252685546875 0.40045166015625 -0.227310180664063 -0.0667724609374999
-0.58837890625 0.27081298828125 -0.211700439453125 -0.00402832031250002
-0.59228515625 0.0877075195312501 -0.3641357421875 -0.028289794921875
-0.454559326171875 -0.0782470703125001 -0.142684936523438 0.188674926757813
-0.44219970703125 0.105133056640625 -0.13165283203125 0.248825073242188
-0.3287353515625 0.252197265625 0.159378051757812 0.134078979492188
-0.101226806640625 0.29962158203125 0.263534545898438 -0.121475219726562
0.0316162109375 0.219635009765625 0.11175537109375 -0.336822509765625
0.0890350341796875 0.191619873046875 -0.112335205078125 -0.41070556640625
0.1068115234375 0.165069580078125 -0.25927734375 -0.344635009765625
0.1162109375 0.19189453125 -0.265045166015625 -0.236541748046875
0.146377563476562 0.210220336914063 -0.238113403320313 -0.147964477539063
0.138656616210937 0.232574462890625 -0.188796997070312 -0.113723754882813
0.067138671875 0.305450439453125 -0.212554931640625 -0.063812255859375
-0.0263671875 0.3870849609375 -0.219268798828125 -0.06646728515625
-0.346923828125 0.3466796875 -0.2376708984375 -0.11932373046875
-0.521209716796875 0.21441650390625 -0.26318359375 0.031890869140625
-0.504364013671875 0.0252075195312501 -0.5274658203125 -0.0138549804687499
-0.26763916015625 -0.0876007080078126 -0.213394165039063 0.182968139648438
-0.262741088867188 0.0854339599609375 -0.123931884765625 0.232650756835937
-0.145309448242188 0.178054809570312 0.143890380859375 0.06866455078125
0.0150604248046875 0.158462524414063 0.1761474609375 -0.171127319335938
0.0758438110351563 0.0649261474609375 0.036956787109375 -0.32611083984375
0.0536003112792969 0.0250091552734375 -0.170166015625 -0.395782470703125
0.0206546783447266 0.02874755859375 -0.302703857421875 -0.34967041015625
0.0369186401367187 0.0603446960449219 -0.300567626953125 -0.258636474609375
0.0548477172851563 0.0640983581542969 -0.277328491210937 -0.186111450195312
0.0824661254882813 0.0712203979492188 -0.239639282226563 -0.1600341796875
0.0800628662109375 0.139457702636719 -0.265640258789063 -0.107498168945312
0.025909423828125 0.237899780273438 -0.259170532226563 -0.139328002929687
-0.232986450195313 0.239913940429687 -0.2257080078125 -0.180435180664062
-0.36370849609375 0.11474609375 -0.286895751953125 0.0393066406250001
-0.32403564453125 -0.047210693359375 -0.644775390625 -0.02587890625
0.012359619140625 0.087066650390625 0.6605224609375 -0.0301513671875
0.122940063476563 -0.00252532958984375 0.26080322265625 -0.0263519287109375
0.0216293334960938 -0.126548767089844 0.1514892578125 0.193817138671875
-0.0930862426757812 -0.0813980102539063 0.2879638671875 0.22015380859375
-0.122108459472656 0.0227890014648437 0.257858276367188 0.1187744140625
-0.0477447509765625 0.1134033203125 0.244140625 0.143890380859375
0.0389175415039063 0.104270935058594 0.2774658203125 0.195388793945312
0.0300064086914062 0.0810394287109375 0.282623291015625 0.23223876953125
0.0380783081054688 0.0929718017578125 0.2760009765625 0.302337646484375
-0.00412750244140625 0.115028381347656 0.171234130859375 0.35540771484375
-0.0702362060546875 0.075775146484375 0.055633544921875 0.289642333984375
-0.103569030761719 -0.00889587402343748 -0.0611114501953125 0.17279052734375
-0.00287628173828125 -0.102912902832031 -0.0984039306640625 -0.0242080688476562
0.0934371948242188 -0.023681640625 0.111770629882813 -0.203170776367188
0.0493927001953125 0.0797805786132813 0.239120483398438 -0.144775390625
-0.25006103515625 0.113021850585938 0.62640380859375 0.02215576171875
-0.130584716796875 0.096954345703125 0.21051025390625 0.0131072998046875
-0.17987060546875 0.0323638916015625 0.132598876953125 0.240203857421875
-0.196304321289063 0.09783935546875 0.32293701171875 0.250335693359375
-0.157989501953125 0.185317993164063 0.282989501953125 0.08441162109375
-0.01318359375 0.284332275390625 0.230575561523438 0.0872039794921875
0.123001098632812 0.24578857421875 0.23162841796875 0.142135620117188
0.112411499023438 0.208389282226563 0.231704711914062 0.180694580078125
0.130767822265625 0.217254638671875 0.234710693359375 0.248886108398438
0.06744384765625 0.23944091796875 0.17144775390625 0.297637939453125
-0.051239013671875 0.221450805664063 0.075592041015625 0.2408447265625
-0.135452270507813 0.149703979492187 -0.0287628173828125 0.162734985351563
-0.159072875976563 0.00442504882812498 -0.099212646484375 -0.00609588623046874
-0.12261962890625 0.0186538696289062 0.077545166015625 -0.18316650390625
-0.157470703125 0.0850982666015625 0.208175659179688 -0.128128051757813
-0.46990966796875 0.09716796875 0.513214111328125 0.0789794921875
-0.374725341796875 0.14892578125 0.132720947265625 0.072509765625
-0.38397216796875 0.173004150390625 0.127166748046875 0.268218994140625
-0.29205322265625 0.273040771484375 0.361358642578125 0.235137939453125
-0.176971435546875 0.33172607421875 0.301483154296875 0.00637817382812502
0.023406982421875 0.4169921875 0.19586181640625 -0.0185546875
0.18231201171875 0.348358154296875 0.148223876953125 0.0454559326171875
0.1763916015625 0.30621337890625 0.144119262695313 0.101028442382813
0.207366943359375 0.31329345703125 0.160446166992188 0.17852783203125
0.140899658203125 0.3365478515625 0.140182495117188 0.226165771484375
-0.013824462890625 0.350006103515625 0.065704345703125 0.18804931640625
-0.134674072265625 0.308380126953125 -0.0245361328125 0.144546508789063
-0.284454345703125 0.14349365234375 -0.11859130859375 -0.00382995605468749
-0.3214111328125 0.099151611328125 0.01947021484375 -0.155548095703125
-0.34954833984375 0.09747314453125 0.122360229492187 -0.111289978027344
-0.609619140625 0.0490722656250001 0.345611572265625 0.131256103515625
-0.551300048828125 0.16033935546875 0.0403900146484375 0.142608642578125
-0.52899169921875 0.275970458984375 0.13787841796875 0.273773193359375
-0.340576171875 0.409942626953125 0.388214111328125 0.170074462890625
-0.160064697265625 0.427154541015625 0.29736328125 -0.103790283203125
0.058319091796875 0.47930908203125 0.136001586914063 -0.152206420898437
0.212860107421875 0.39105224609375 0.0411529541015625 -0.074615478515625
0.208831787109375 0.356964111328125 0.0331172943115235 0.0053825378417969
0.25445556640625 0.367584228515625 0.060150146484375 0.096405029296875
0.195068359375 0.3958740234375 0.07598876953125 0.143508911132813
0.02923583984375 0.442535400390625 0.0218582153320312 0.1336669921875
-0.113372802734375 0.437896728515625 -0.0507659912109375 0.115402221679688
-0.370330810546875 0.286224365234375 -0.152816772460938 -0.0106964111328125
-0.4779052734375 0.1943359375 -0.053070068359375 -0.1146240234375
-0.500091552734375 0.1146240234375 -0.0115509033203125 -0.0878372192382812
-0.6470947265625 -0.00549316406250008 0.15655517578125 0.168365478515625
-0.6156005859375 0.145751953125 -0.0476837158203125 0.2047119140625
-0.56439208984375 0.31982421875 0.151962280273438 0.250198364257813
-0.3143310546875 0.46002197265625 0.383636474609375 0.068084716796875
-0.107391357421875 0.436126708984375 0.2603759765625 -0.219818115234375
0.088165283203125 0.45159912109375 0.05419921875 -0.281051635742188
0.210479736328125 0.368377685546875 -0.07574462890625 -0.195587158203125
0.210205078125 0.35382080078125 -0.0849151611328125 -0.0907669067382812
0.2601318359375 0.3692626953125 -0.0525627136230469 0.00846862792968752
0.21331787109375 0.4027099609375 -0.0132293701171875 0.0531196594238282
0.057861328125 0.471771240234375 -0.0534896850585937 0.0705718994140625
-0.084197998046875 0.505889892578125 -0.102272033691406 0.0722198486328125
-0.410125732421875 0.384552001953125 -0.192947387695313 -0.0275115966796875
-0.5699462890625 0.2652587890625 -0.133773803710938 -0.0564422607421875
-0.58978271484375 0.11639404296875 -0.179779052734375 -0.057586669921875
-0.58941650390625 -0.0524291992187501 -0.017120361328125 0.184783935546875
-0.568603515625 0.121826171875 -0.110336303710938 0.242691040039063
-0.484893798828125 0.30828857421875 0.158981323242187 0.200668334960938
-0.220367431640625 0.414794921875 0.33697509765625 -0.03863525390625
-0.03411865234375 0.3560791015625 0.19146728515625 -0.302764892578125
0.10211181640625 0.3450927734375 -0.033721923828125 -0.37213134765625
0.172332763671875 0.285614013671875 -0.181793212890625 -0.28955078125
0.1787109375 0.296173095703125 -0.189926147460938 -0.174484252929688
0.22161865234375 0.31695556640625 -0.157272338867188 -0.076690673828125
0.19171142578125 0.346710205078125 -0.108383178710937 -0.0381317138671875
0.070404052734375 0.42498779296875 -0.138328552246094 0.00127410888671876
-0.0563659667968751 0.488037109375 -0.164352416992187 0.01019287109375
-0.404571533203125 0.40618896484375 -0.224929809570313 -0.0616607666015625
-0.587646484375 0.2762451171875 -0.206893920898438 -0.000732421875000008
-0.5938720703125 0.08514404296875 -0.359832763671875 -0.02789306640625
-0.45458984375 -0.079620361328125 -0.146514892578125 0.184051513671875
-0.439117431640625 0.10223388671875 -0.136947631835938 0.24639892578125
-0.32708740234375 0.25848388671875 0.154220581054687 0.13519287109375
-0.096588134765625 0.303985595703125 0.260650634765625 -0.119415283203125
0.0341796875 0.217742919921875 0.109649658203125 -0.334442138671875
0.09002685546875 0.190109252929688 -0.112152099609375 -0.406463623046875
0.105880737304688 0.165023803710938 -0.26226806640625 -0.341949462890625
0.117477416992187 0.192855834960937 -0.264678955078125 -0.234405517578125
0.146881103515625 0.210952758789062 -0.23687744140625 -0.1470947265625
0.140762329101563 0.229446411132813 -0.186767578125 -0.115097045898437
0.069976806640625 0.304534912109375 -0.2127685546875 -0.0638885498046875
-0.024139404296875 0.38775634765625 -0.219894409179688 -0.0659332275390625
-0.34735107421875 0.35211181640625 -0.2354736328125 -0.113815307617187
-0.521697998046875 0.219512939453125 -0.25830078125 0.0350189208984375
-0.5047607421875 0.023162841796875 -0.524169921875 -0.0147094726562499
-0.26922607421875 -0.089385986328125 -0.21881103515625 0.177032470703125
-0.262542724609375 0.084991455078125 -0.129226684570313 0.22943115234375
-0.143356323242188 0.181793212890625 0.139595031738281 0.0694656372070313
0.018218994140625 0.160964965820312 0.17303466796875 -0.16790771484375
0.077545166015625 0.0627288818359375 0.036285400390625 -0.32208251953125
0.0526199340820312 0.0232086181640625 -0.168731689453125 -0.390838623046875
0.0202598571777344 0.0291957855224609 -0.30224609375 -0.34710693359375
0.0380859375 0.0609817504882813 -0.29974365234375 -0.25604248046875
0.0544242858886719 0.0648841857910156 -0.27593994140625 -0.1845703125
0.0812606811523438 0.0689697265625 -0.23760986328125 -0.160629272460937
0.0810775756835938 0.139053344726563 -0.264266967773438 -0.106689453125
0.0273590087890625 0.238113403320313 -0.258575439453125 -0.137542724609375
-0.234375 0.244598388671875 -0.224594116210938 -0.175811767578125
-0.363983154296875 0.118194580078125 -0.281494140625 0.0418701171875
-0.323974609375 -0.0503234863281249 -0.6431884765625 -0.0250244140624999
0.018035888671875 0.0897445678710937 0.67694091796875 -0.040771484375
0.129554748535156 -0.00634765625 0.264175415039063 -0.0340423583984375
0.0188674926757813 -0.130470275878906 0.156036376953125 0.195693969726562
-0.0984268188476563 -0.0812530517578125 0.29656982421875 0.218475341796875
-0.125228881835938 0.0279083251953125 0.2626953125 0.117294311523438
-0.0442123413085938 0.116676330566406 0.249984741210938 0.143478393554688
0.0438385009765625 0.10491943359375 0.28466796875 0.196746826171875
0.03277587890625 0.082366943359375 0.291107177734375 0.23370361328125
0.042816162109375 0.0933990478515625 0.2855224609375 0.301239013671875
-0.000534057617187497 0.117538452148438 0.18231201171875 0.355133056640625
-0.06982421875 0.0794143676757813 0.06298828125 0.28936767578125
-0.106491088867188 -0.00644683837890625 -0.05731201171875 0.173171997070313
-0.00664520263671875 -0.105667114257813 -0.0984573364257813 -0.0230484008789063
0.0948333740234375 -0.0271835327148438 0.112197875976562 -0.209320068359375
0.0517578125 0.0815582275390625 0.246261596679688 -0.1470947265625
-0.251022338867187 0.119522094726563 0.64459228515625 0.01214599609375
-0.127899169921875 0.0988998413085937 0.214614868164063 0.00738525390625001
-0.184234619140625 0.037261962890625 0.136398315429688 0.245101928710938
-0.200897216796875 0.106033325195312 0.333831787109375 0.2503662109375
-0.159942626953125 0.195449829101563 0.288360595703125 0.0810546875
-0.00476074218749998 0.2919921875 0.235000610351563 0.0870361328125
0.132232666015625 0.2474365234375 0.236038208007813 0.143295288085938
0.120101928710937 0.211288452148438 0.236801147460938 0.182662963867188
0.140106201171875 0.218124389648438 0.2431640625 0.25
0.0763092041015625 0.241409301757812 0.179962158203125 0.295166015625
-0.0459747314453125 0.226608276367188 0.0818634033203125 0.23822021484375
-0.134567260742188 0.156723022460937 -0.0257110595703125 0.162078857421875
-0.163238525390625 0.00898742675781252 -0.0985107421875 -0.00421905517578124
-0.12518310546875 0.0235671997070313 0.0776214599609375 -0.187759399414063
-0.162216186523437 0.0892486572265625 0.214920043945313 -0.129287719726563
-0.4769287109375 0.106048583984375 0.52813720703125 0.073089599609375
-0.379180908203125 0.157470703125 0.134712219238281 0.0698318481445313
-0.3897705078125 0.18804931640625 0.130966186523437 0.27239990234375
-0.294586181640625 0.289398193359375 0.37408447265625 0.23333740234375
-0.175506591796875 0.344940185546875 0.305389404296875 0.00131225585937502
0.03338623046875 0.425689697265625 0.196640014648437 -0.0207366943359375
0.193817138671875 0.35223388671875 0.150421142578125 0.0467376708984375
0.18707275390625 0.308563232421875 0.147232055664063 0.102523803710938
0.220916748046875 0.314208984375 0.165985107421875 0.178955078125
0.15350341796875 0.336822509765625 0.147262573242188 0.223861694335938
-0.00436401367187499 0.35595703125 0.069793701171875 0.187332153320313
-0.13043212890625 0.318572998046875 -0.022216796875 0.144363403320313
-0.28753662109375 0.154510498046875 -0.117820739746094 -0.000419616699218741
-0.326751708984375 0.110687255859375 0.0204925537109375 -0.158370971679687
-0.357666015625 0.106048583984375 0.128189086914062 -0.113288879394531
-0.62176513671875 0.0602416992187501 0.35614013671875 0.12939453125
-0.5589599609375 0.170806884765625 0.040557861328125 0.142410278320313
-0.53558349609375 0.29833984375 0.140884399414062 0.278640747070313
-0.339752197265625 0.4296875 0.4002685546875 0.16558837890625
-0.156524658203125 0.441680908203125 0.299072265625 -0.11187744140625
0.071380615234375 0.4876708984375 0.132904052734375 -0.154983520507812
0.226165771484375 0.39642333984375 0.0376739501953125 -0.0742111206054687
0.22259521484375 0.36053466796875 0.0325641632080078 0.00829887390136721
0.27001953125 0.36822509765625 0.0631027221679688 0.0986328125
0.21044921875 0.39581298828125 0.08013916015625 0.142303466796875
0.04296875 0.449066162109375 0.0224533081054687 0.131103515625
-0.104949951171875 0.452362060546875 -0.0508499145507813 0.117935180664063
-0.3724365234375 0.303466796875 -0.153289794921875 -0.0062713623046875
-0.485321044921875 0.212982177734375 -0.0527420043945313 -0.114219665527344
-0.510406494140625 0.12286376953125 -0.00708770751953128 -0.087310791015625
-0.6605224609375 0.00207519531249987 0.161178588867187 0.168243408203125
-0.6256103515625 0.15643310546875 -0.0489349365234376 0.208648681640625
-0.569580078125 0.34332275390625 0.153915405273437 0.254852294921875
-0.309356689453125 0.481842041015625 0.392425537109375 0.06268310546875
-0.100433349609375 0.44805908203125 0.259445190429688 -0.227645874023437
0.101043701171875 0.45928955078125 0.048095703125 -0.28656005859375
0.220947265625 0.370880126953125 -0.0838470458984375 -0.1959228515625
0.22320556640625 0.3580322265625 -0.088531494140625 -0.0882034301757812
0.27386474609375 0.371490478515625 -0.0528450012207031 0.0106124877929688
0.228179931640625 0.401092529296875 -0.0116157531738281 0.0512199401855469
0.07330322265625 0.480010986328125 -0.0539169311523437 0.0695686340332032
-0.07330322265625 0.52130126953125 -0.103538513183594 0.0745391845703125
-0.4117431640625 0.407135009765625 -0.194305419921875 -0.021026611328125
-0.578125 0.28741455078125 -0.133018493652344 -0.053436279296875
-0.6014404296875 0.12542724609375 -0.178909301757813 -0.0542755126953125
-0.60516357421875 -0.0467529296875 -0.0172576904296875 0.186294555664063
-0.5780029296875 0.1322021484375 -0.113357543945312 0.246719360351563
-0.48590087890625 0.3292236328125 0.16058349609375 0.204925537109375
-0.21380615234375 0.433441162109375 0.34326171875 -0.04400634765625
-0.026519775390625 0.363311767578125 0.1881103515625 -0.31219482421875
0.11187744140625 0.34912109375 -0.042510986328125 -0.37725830078125
0.181854248046875 0.287933349609375 -0.19293212890625 -0.290252685546875
0.18841552734375 0.299285888671875 -0.196640014648437 -0.172637939453125
0.233642578125 0.31915283203125 -0.16119384765625 -0.074188232421875
0.203857421875 0.34576416015625 -0.110565185546875 -0.0390167236328125
0.0821533203125 0.431854248046875 -0.141326904296875 0.00230407714843752
-0.0466308593750001 0.501129150390625 -0.167877197265625 0.0131378173828126
-0.405426025390625 0.429473876953125 -0.227859497070313 -0.05413818359375
-0.5958251953125 0.29931640625 -0.20574951171875 0.00492858886718749
-0.607177734375 0.09307861328125 -0.364105224609375 -0.022674560546875
-0.47003173828125 -0.07623291015625 -0.151412963867188 0.187362670898437
-0.4461669921875 0.11029052734375 -0.14044189453125 0.252532958984375
-0.326995849609375 0.274322509765625 0.153182983398437 0.137710571289063
-0.088348388671875 0.3157958984375 0.2628173828125 -0.124893188476562
0.04083251953125 0.219955444335938 0.106658935546875 -0.341522216796875
0.094879150390625 0.1904296875 -0.122344970703125 -0.409576416015625
0.110794067382813 0.166275024414063 -0.27484130859375 -0.342987060546875
0.124191284179687 0.19549560546875 -0.275360107421875 -0.233306884765625
0.154800415039063 0.21234130859375 -0.242431640625 -0.145950317382812
0.147445678710938 0.228851318359375 -0.19195556640625 -0.116806030273438
0.0799560546875 0.308746337890625 -0.217437744140625 -0.0617980957031249
-0.01568603515625 0.398101806640625 -0.225112915039063 -0.062164306640625
-0.348541259765625 0.371124267578125 -0.23956298828125 -0.107559204101562
-0.5286865234375 0.238433837890625 -0.25738525390625 0.0424652099609376
-0.51531982421875 0.0281677246093749 -0.53204345703125 -0.00573730468749988
-0.280685424804688 -0.088348388671875 -0.226394653320313 0.180023193359375
-0.267013549804688 0.0902862548828125 -0.134140014648438 0.2344970703125
-0.142562866210938 0.191436767578125 0.138175964355469 0.071014404296875
0.02459716796875 0.166793823242188 0.172683715820313 -0.171295166015625
0.0815505981445313 0.0615005493164063 0.032318115234375 -0.326141357421875
0.0523757934570313 0.022247314453125 -0.175689697265625 -0.3931884765625
0.0196437835693359 0.0300216674804688 -0.315521240234375 -0.347381591796875
0.0401725769042969 0.0630302429199219 -0.311248779296875 -0.256927490234375
0.0562820434570312 0.0668563842773438 -0.282379150390625 -0.18499755859375
0.0838623046875 0.0667800903320313 -0.244186401367188 -0.161468505859375
0.0871810913085938 0.138572692871094 -0.270584106445313 -0.103363037109375
0.0334320068359375 0.244125366210937 -0.266143798828125 -0.135009765625
-0.23468017578125 0.258865356445313 -0.229339599609375 -0.17144775390625
-0.368865966796875 0.129241943359375 -0.281707763671875 0.049896240234375
-0.33154296875 -0.048980712890625 -0.655029296875 -0.0160522460937499
0.0265579223632813 0.0913238525390625 0.6934814453125 -0.0704345703125
0.13531494140625 -0.0144195556640625 0.267715454101562 -0.047821044921875
0.0128936767578125 -0.134445190429688 0.16644287109375 0.195083618164063
-0.106674194335937 -0.0770416259765625 0.312774658203125 0.209991455078125
-0.127548217773438 0.0364761352539062 0.272705078125 0.10888671875
-0.0373306274414063 0.121208190917969 0.259979248046875 0.13690185546875
0.0502395629882812 0.104011535644531 0.29742431640625 0.19085693359375
0.0379562377929688 0.0827255249023438 0.305389404296875 0.2281494140625
0.0494003295898437 0.0934295654296875 0.303619384765625 0.293731689453125
0.00711822509765625 0.119621276855469 0.202423095703125 0.350830078125
-0.0677108764648438 0.084686279296875 0.076934814453125 0.286346435546875
-0.110481262207031 -0.00049591064453126 -0.0496368408203125 0.175308227539063
-0.0119781494140625 -0.1077880859375 -0.0981292724609375 -0.0209274291992187
0.0958328247070313 -0.0331039428710938 0.107147216796875 -0.218704223632813
0.0559463500976563 0.0831375122070313 0.249588012695313 -0.155746459960938
-0.248992919921875 0.1326904296875 0.66204833984375 -0.0140380859375
-0.122711181640625 0.104316711425781 0.218170166015625 -0.00349426269531249
-0.186935424804688 0.048309326171875 0.1483154296875 0.245468139648437
-0.202392578125 0.120574951171875 0.3524169921875 0.239990234375
-0.155410766601562 0.209671020507813 0.295867919921875 0.070465087890625
0.01214599609375 0.298828125 0.241912841796875 0.0804290771484375
0.14727783203125 0.246536254882813 0.24658203125 0.139236450195313
0.133056640625 0.209991455078125 0.249267578125 0.17852783203125
0.154830932617188 0.215667724609375 0.25738525390625 0.242752075195313
0.0924224853515625 0.240798950195313 0.19732666015625 0.29052734375
-0.0347900390625 0.233963012695313 0.0932159423828125 0.234359741210938
-0.130905151367188 0.167938232421875 -0.01800537109375 0.163253784179688
-0.165298461914063 0.0164642333984375 -0.0970306396484375 -0.000907897949218749
-0.126213073730469 0.0309677124023437 0.073272705078125 -0.19439697265625
-0.16204833984375 0.098541259765625 0.220138549804687 -0.1373291015625
-0.48272705078125 0.129241943359375 0.545867919921875 0.05352783203125
-0.376434326171875 0.17486572265625 0.139869689941406 0.0636520385742188
-0.389434814453125 0.213287353515625 0.142257690429687 0.276321411132813
-0.28759765625 0.313446044921875 0.391571044921875 0.22113037109375
-0.165496826171875 0.363433837890625 0.3095703125 -0.01275634765625
0.0565185546875 0.4342041015625 0.196823120117188 -0.0270233154296875
0.217376708984375 0.35052490234375 0.153839111328125 0.0438690185546875
0.2066650390625 0.307708740234375 0.154052734375 0.101165771484375
0.24237060546875 0.30902099609375 0.176361083984375 0.1766357421875
0.17486572265625 0.332275390625 0.16033935546875 0.219451904296875
0.0164794921875 0.3634033203125 0.0780029296875 0.182510375976563
-0.116607666015625 0.33221435546875 -0.0156707763671875 0.145858764648438
-0.286041259765625 0.17205810546875 -0.116790771484375 0.00590515136718749
-0.328338623046875 0.130950927734375 0.0169677734375 -0.162567138671875
-0.36181640625 0.121826171875 0.133514404296875 -0.118354797363281
-0.63323974609375 0.0864257812499999 0.369537353515625 0.116241455078125
-0.560943603515625 0.195648193359375 0.0441436767578125 0.14312744140625
-0.53363037109375 0.331512451171875 0.151947021484375 0.2828369140625
-0.32501220703125 0.45928955078125 0.416656494140625 0.1522216796875
-0.139801025390625 0.45977783203125 0.299163818359375 -0.1285400390625
0.098663330078125 0.49566650390625 0.125625610351563 -0.162063598632812
0.248992919921875 0.39471435546875 0.0337600708007813 -0.0745391845703125
0.24462890625 0.358062744140625 0.0332317352294922 0.0101604461669922
0.29522705078125 0.3626708984375 0.0682754516601563 0.0985336303710938
0.233978271484375 0.389892578125 0.0879287719726563 0.13739013671875
0.0672607421874999 0.455352783203125 0.0272750854492188 0.129295349121094
-0.083343505859375 0.46844482421875 -0.0456771850585937 0.121559143066406
-0.36578369140625 0.329376220703125 -0.152664184570313 0.00270080566406249
-0.48590087890625 0.24517822265625 -0.05316162109375 -0.113212585449219
-0.52001953125 0.14776611328125 -0.00408935546875003 -0.0877914428710937
-0.6763916015625 0.0286865234375 0.170944213867187 0.165145874023438
-0.63043212890625 0.18408203125 -0.044677734375 0.213714599609375
-0.56414794921875 0.3826904296875 0.163162231445312 0.257247924804688
-0.291290283203125 0.51092529296875 0.404541015625 0.047332763671875
-0.081787109375 0.462738037109375 0.252838134765625 -0.24554443359375
0.12725830078125 0.46417236328125 0.033050537109375 -0.2913818359375
0.243499755859375 0.3697509765625 -0.0963745117187499 -0.192581176757812
0.246551513671875 0.35528564453125 -0.0943069458007813 -0.0840911865234375
0.29998779296875 0.365692138671875 -0.0528373718261718 0.0146026611328125
0.252166748046875 0.3946533203125 -0.0100173950195312 0.04962158203125
0.0999450683593751 0.4859619140625 -0.0530204772949219 0.0701522827148438
-0.047821044921875 0.536651611328125 -0.101829528808594 0.081390380859375
-0.401824951171875 0.438140869140625 -0.1942138671875 -0.010162353515625
-0.577392578125 0.32305908203125 -0.132194519042969 -0.0473861694335938
-0.61181640625 0.15216064453125 -0.180343627929688 -0.047607421875
-0.6214599609375 -0.0231933593750001 -0.0122528076171875 0.189895629882813
-0.5836181640625 0.1575927734375 -0.11016845703125 0.256759643554688
-0.478515625 0.363372802734375 0.166778564453125 0.206192016601563
-0.194366455078125 0.4561767578125 0.347930908203125 -0.05914306640625
-0.00906372070312501 0.370574951171875 0.178192138671875 -0.32464599609375
0.131317138671875 0.349884033203125 -0.0626220703125 -0.3797607421875
0.197998046875 0.285980224609375 -0.212158203125 -0.285400390625
0.20721435546875 0.298492431640625 -0.20794677734375 -0.165283203125
0.25494384765625 0.314605712890625 -0.167007446289062 -0.068756103515625
0.223358154296875 0.34027099609375 -0.114707946777344 -0.0379486083984375
0.1064453125 0.43658447265625 -0.145034790039063 0.00582885742187505
-0.02130126953125 0.515350341796875 -0.170318603515625 0.0220642089843751
-0.39459228515625 0.462249755859375 -0.229721069335938 -0.0412597656249999
-0.59375 0.33685302734375 -0.203903198242188 0.01568603515625
-0.61773681640625 0.117919921875 -0.368896484375 -0.00741577148437505
-0.4866943359375 -0.0584716796875 -0.151596069335937 0.195755004882813
-0.450408935546875 0.130218505859375 -0.139190673828125 0.263763427734375
-0.3194580078125 0.2987060546875 0.157485961914062 0.138198852539063
-0.071319580078125 0.329071044921875 0.261795043945313 -0.13690185546875
0.0527496337890625 0.220138549804688 0.09368896484375 -0.35064697265625
0.106246948242187 0.188674926757812 -0.14324951171875 -0.410919189453125
0.119873046875 0.165374755859375 -0.295989990234375 -0.3358154296875
0.136642456054688 0.194931030273438 -0.290679931640625 -0.2244873046875
0.16802978515625 0.210647583007813 -0.252212524414063 -0.138259887695312
0.160354614257812 0.22430419921875 -0.201034545898437 -0.113265991210938
0.097015380859375 0.311309814453125 -0.2247314453125 -0.0546112060546875
0.00543212890625004 0.407928466796875 -0.23162841796875 -0.0518341064453125
-0.33929443359375 0.401092529296875 -0.24493408203125 -0.0952453613281249
-0.52923583984375 0.270599365234375 -0.255584716796875 0.0564270019531251
-0.527587890625 0.04742431640625 -0.541351318359375 0.0164794921874999
-0.29425048828125 -0.07855224609375 -0.229278564453125 0.191192626953125
-0.267898559570313 0.101913452148438 -0.132705688476563 0.2447509765625
-0.13531494140625 0.205474853515625 0.139007568359375 0.0696792602539063
0.0372314453125 0.171295166015625 0.168380737304688 -0.17919921875
0.087554931640625 0.056884765625 0.019500732421875 -0.331787109375
0.053131103515625 0.019561767578125 -0.196136474609375 -0.390869140625
0.0204143524169922 0.0308990478515625 -0.33587646484375 -0.34014892578125
0.0444488525390625 0.0634384155273438 -0.32794189453125 -0.24981689453125
0.0596389770507812 0.0674400329589844 -0.29486083984375 -0.178375244140625
0.087371826171875 0.0629959106445313 -0.254776000976563 -0.155197143554687
0.0960617065429687 0.135780334472656 -0.279754638671875 -0.092803955078125
0.0474700927734375 0.24676513671875 -0.277236938476563 -0.123641967773437
-0.227920532226563 0.278472900390625 -0.239013671875 -0.1612548828125
-0.36993408203125 0.151275634765625 -0.279815673828125 0.06365966796875
-0.341583251953125 -0.039886474609375 -0.67047119140625 0.0117187499999999
0.0341415405273438 0.090667724609375 0.69439697265625 -0.11004638671875
0.138755798339844 -0.027679443359375 0.263595581054688 -0.0658416748046875
0.00550842285156249 -0.13592529296875 0.176010131835937 0.186065673828125
-0.114006042480469 -0.069732666015625 0.32464599609375 0.1925048828125
-0.125747680664063 0.047332763671875 0.277816772460938 0.0926055908203125
-0.0286178588867187 0.124900817871094 0.265899658203125 0.123458862304687
0.0576553344726563 0.100532531738281 0.30810546875 0.1773681640625
0.0441665649414062 0.0819625854492188 0.31854248046875 0.212738037109375
0.05584716796875 0.0904617309570313 0.318695068359375 0.274322509765625
0.0164642333984375 0.1199951171875 0.22186279296875 0.33477783203125
-0.061309814453125 0.0901718139648438 0.0936279296875 0.277618408203125
-0.111763000488281 0.00651550292968748 -0.037994384765625 0.174957275390625
-0.0187835693359375 -0.107627868652344 -0.0964736938476563 -0.017242431640625
0.0942230224609375 -0.0392837524414063 0.0956573486328125 -0.225082397460938
0.0613861083984375 0.0820388793945313 0.2474365234375 -0.1661376953125
-0.240814208984375 0.147796630859375 0.667724609375 -0.05230712890625
-0.113143920898437 0.108222961425781 0.216537475585937 -0.0175323486328125
-0.18426513671875 0.0585174560546875 0.15966796875 0.241668701171875
-0.19683837890625 0.136199951171875 0.367950439453125 0.219512939453125
-0.143173217773438 0.222091674804687 0.299407958984375 0.05291748046875
0.032318115234375 0.2984619140625 0.245025634765625 0.0670928955078125
0.164169311523438 0.23809814453125 0.254104614257813 0.127456665039063
0.1480712890625 0.203140258789063 0.260223388671875 0.165481567382813
0.170974731445313 0.2052001953125 0.27044677734375 0.228012084960937
0.108749389648438 0.231781005859375 0.21295166015625 0.274307250976563
-0.0184783935546875 0.237030029296875 0.104156494140625 0.22247314453125
-0.119400024414063 0.177078247070312 -0.0079498291015625 0.161270141601563
-0.164306640625 0.0266265869140625 -0.0953826904296875 0.00478363037109374
-0.12298583984375 0.039642333984375 0.065643310546875 -0.199005126953125
-0.157730102539063 0.108779907226563 0.2193603515625 -0.14874267578125
-0.476165771484375 0.156524658203125 0.55328369140625 0.023101806640625
-0.364776611328125 0.194000244140625 0.14068603515625 0.0557708740234375
-0.376708984375 0.240020751953125 0.15594482421875 0.27301025390625
-0.26861572265625 0.3350830078125 0.405670166015625 0.198150634765625
-0.1434326171875 0.376800537109375 0.307769775390625 -0.031036376953125
0.086761474609375 0.432830810546875 0.193145751953125 -0.0366058349609375
0.23980712890625 0.34027099609375 0.155364990234375 0.03936767578125
0.22613525390625 0.29705810546875 0.161178588867187 0.0948486328125
0.263397216796875 0.29248046875 0.187271118164063 0.168624877929688
0.1966552734375 0.319366455078125 0.171310424804687 0.205612182617188
0.039581298828125 0.363372802734375 0.0850982666015625 0.173782348632813
-0.095123291015625 0.340850830078125 -0.00588989257812501 0.1458740234375
-0.275482177734375 0.193115234375 -0.112159729003906 0.0124130249023438
-0.317169189453125 0.152099609375 0.011932373046875 -0.162979125976562
-0.358642578125 0.143463134765625 0.133552551269531 -0.1259765625
-0.6304931640625 0.12371826171875 0.37933349609375 0.099609375
-0.549774169921875 0.229034423828125 0.050140380859375 0.14166259765625
-0.512115478515625 0.369873046875 0.1640625 0.279830932617188
-0.296478271484375 0.48504638671875 0.424163818359375 0.126220703125
-0.111602783203125 0.47052001953125 0.29083251953125 -0.146514892578125
0.132049560546875 0.49188232421875 0.114028930664063 -0.167587280273437
0.274566650390625 0.383056640625 0.0280838012695313 -0.072357177734375
0.269073486328125 0.345184326171875 0.0352745056152344 0.0096244812011719
0.319854736328125 0.34490966796875 0.075408935546875 0.0963287353515625
0.259918212890625 0.371307373046875 0.0958251953125 0.129531860351563
0.099365234375 0.45123291015625 0.0313034057617188 0.124336242675781
-0.0523681640625 0.475677490234375 -0.0379486083984375 0.121833801269531
-0.345672607421875 0.356048583984375 -0.147491455078125 0.01263427734375
-0.46929931640625 0.276947021484375 -0.0562591552734375 -0.109199523925781
-0.515594482421875 0.17620849609375 -0.00399017333984377 -0.0875091552734375
-0.67816162109375 0.0659179687499999 0.180892944335937 0.15606689453125
-0.61920166015625 0.21685791015625 -0.03607177734375 0.217727661132813
-0.539825439453125 0.4180908203125 0.174270629882813 0.254135131835938
-0.256134033203125 0.532867431640625 0.4068603515625 0.024200439453125
-0.052947998046875 0.46875 0.236907958984375 -0.2606201171875
0.158782958984375 0.456298828125 0.0146484375 -0.291473388671875
0.26568603515625 0.357452392578125 -0.110427856445313 -0.183425903320312
0.268890380859375 0.34173583984375 -0.0978164672851562 -0.0770416259765625
0.32391357421875 0.34814453125 -0.051971435546875 0.0175323486328125
0.27642822265625 0.376190185546875 -0.00775146484374998 0.0477180480957031
0.131103515625 0.478912353515625 -0.0514755249023437 0.070892333984375
-0.01068115234375 0.541015625 -0.0957260131835938 0.0878829956054688
-0.37469482421875 0.466156005859375 -0.189788818359375 0.003814697265625
-0.55718994140625 0.3648681640625 -0.129692077636719 -0.03973388671875
-0.60833740234375 0.18536376953125 -0.177444458007813 -0.0368194580078125
-0.62835693359375 0.0112915039062501 -0.00343322753906254 0.19097900390625
-0.572998046875 0.1878662109375 -0.0997314453125 0.264511108398438
-0.453216552734375 0.396270751953125 0.1744384765625 0.20220947265625
-0.160858154296875 0.472320556640625 0.34503173828125 -0.07861328125
0.015472412109375 0.370697021484375 0.15704345703125 -0.33575439453125
0.153839111328125 0.34014892578125 -0.085174560546875 -0.373199462890625
0.213897705078125 0.276138305664063 -0.230484008789063 -0.270538330078125
0.22784423828125 0.28521728515625 -0.216537475585938 -0.153335571289062
0.275848388671875 0.299713134765625 -0.169692993164062 -0.0583496093749999
0.243438720703125 0.3232421875 -0.117874145507812 -0.0350799560546875
0.1341552734375 0.4298095703125 -0.146240234375 0.0130462646484375
0.0130615234375 0.5194091796875 -0.168167114257813 0.0343017578125
-0.365570068359375 0.48992919921875 -0.226394653320313 -0.0246429443359374
-0.573974609375 0.3751220703125 -0.197372436523438 0.02838134765625
-0.6143798828125 0.15350341796875 -0.36572265625 0.0137939453125
-0.493438720703125 -0.0309753417968751 -0.143035888671875 0.20330810546875
-0.443267822265625 0.15380859375 -0.129440307617188 0.273483276367188
-0.298309326171875 0.322418212890625 0.16082763671875 0.133636474609375
-0.0445556640625 0.336456298828125 0.253494262695313 -0.150238037109375
0.0679931640625 0.214218139648437 0.0733642578125 -0.35546875
0.117950439453125 0.181137084960938 -0.16827392578125 -0.39892578125
0.128829956054688 0.159515380859375 -0.317474365234375 -0.3165283203125
0.149627685546875 0.187362670898438 -0.302459716796875 -0.208221435546875
0.181640625 0.201934814453125 -0.260467529296875 -0.125823974609375
0.173004150390625 0.2125244140625 -0.206985473632813 -0.104278564453125
0.117889404296875 0.303497314453125 -0.227630615234375 -0.04156494140625
0.0318603515625 0.41082763671875 -0.2322998046875 -0.035491943359375
-0.315155029296875 0.425567626953125 -0.24578857421875 -0.078399658203125
-0.512939453125 0.3043212890625 -0.246841430664063 0.0713348388671875
-0.527679443359375 0.0742187500000001 -0.540069580078125 0.0477905273437501
-0.30224609375 -0.061279296875 -0.224151611328125 0.203521728515625
-0.262344360351563 0.117752075195313 -0.12353515625 0.253097534179688
-0.122604370117188 0.217498779296875 0.137840270996094 0.0657501220703125
0.052490234375 0.1705322265625 0.157684326171875 -0.186141967773437
0.0927505493164063 0.0489578247070313 0.00125122070312499 -0.32928466796875
0.0536880493164063 0.0157890319824219 -0.216094970703125 -0.376220703125
0.0216350555419922 0.0319271087646484 -0.359375 -0.3194580078125
0.0495185852050781 0.0617866516113281 -0.342742919921875 -0.23126220703125
0.0633697509765625 0.0649681091308594 -0.30401611328125 -0.16412353515625
0.0887908935546875 0.0566024780273438 -0.263031005859375 -0.142471313476563
0.10491943359375 0.129432678222656 -0.2823486328125 -0.07684326171875
0.0643768310546875 0.245285034179687 -0.283172607421875 -0.106658935546875
-0.211181640625 0.29693603515625 -0.243606567382812 -0.14483642578125
-0.360504150390625 0.173126220703125 -0.27130126953125 0.079559326171875
-0.346343994140625 -0.0233764648437499 -0.6705322265625 0.04864501953125
0.0412673950195312 0.0866241455078125 0.677490234375 -0.1409912109375
0.135398864746094 -0.0388717651367187 0.251358032226563 -0.07891845703125
-0.00287628173828124 -0.133308410644531 0.18011474609375 0.176361083984375
-0.117301940917969 -0.06011962890625 0.3275146484375 0.1729736328125
-0.122276306152344 0.05621337890625 0.276290893554688 0.0758209228515625
-0.0200958251953125 0.122856140136719 0.266311645507813 0.109634399414063
0.0630035400390625 0.0973129272460938 0.3126220703125 0.16217041015625
0.0491561889648438 0.0772476196289063 0.32366943359375 0.191436767578125
0.061553955078125 0.085906982421875 0.324188232421875 0.251220703125
0.0256271362304688 0.114669799804688 0.232757568359375 0.31329345703125
-0.0547027587890625 0.0919647216796875 0.104736328125 0.259689331054688
-0.109977722167969 0.0163497924804688 -0.028289794921875 0.1697998046875
-0.0252838134765625 -0.106544494628906 -0.0923614501953125 -0.0123825073242188
0.0906600952148438 -0.043487548828125 0.0843505859375 -0.226638793945312
0.0677490234375 0.0791397094726563 0.2410888671875 -0.172027587890625
-0.225784301757812 0.158981323242188 0.65509033203125 -0.08221435546875
-0.107048034667969 0.104499816894531 0.211532592773438 -0.0269927978515625
-0.177337646484375 0.06573486328125 0.16619873046875 0.231582641601563
-0.182479858398438 0.144577026367188 0.372100830078125 0.199310302734375
-0.128387451171875 0.2298583984375 0.294952392578125 0.038421630859375
0.051300048828125 0.293914794921875 0.239913940429688 0.055206298828125
0.176864624023438 0.224945068359375 0.2550048828125 0.115463256835938
0.154937744140625 0.192672729492188 0.26171875 0.148391723632813
0.178314208984375 0.192657470703125 0.2762451171875 0.210250854492188
0.12176513671875 0.220077514648438 0.221755981445313 0.254135131835937
-0.00582885742187498 0.231109619140625 0.11236572265625 0.208938598632813
-0.106475830078125 0.17974853515625 -0.00047302246093752 0.1551513671875
-0.15948486328125 0.03466796875 -0.0884323120117188 0.0065155029296875
-0.117805480957031 0.0460586547851562 0.055450439453125 -0.196548461914063
-0.148880004882813 0.117691040039062 0.212066650390625 -0.154586791992188
-0.459686279296875 0.1776123046875 0.54736328125 -0.00543212890624999
-0.347930908203125 0.20538330078125 0.139358520507813 0.048370361328125
-0.355865478515625 0.255767822265625 0.163925170898437 0.265060424804688
-0.241729736328125 0.3458251953125 0.410308837890625 0.171783447265625
-0.1204833984375 0.37957763671875 0.296630859375 -0.046295166015625
0.10882568359375 0.42010498046875 0.187210083007812 -0.0445709228515625
0.254119873046875 0.323883056640625 0.15435791015625 0.033477783203125
0.237274169921875 0.278671264648438 0.163253784179688 0.085540771484375
0.273757934570312 0.270111083984375 0.193084716796875 0.154312133789063
0.209747314453125 0.299407958984375 0.177047729492188 0.189529418945313
0.06365966796875 0.34814453125 0.09088134765625 0.1610107421875
-0.06878662109375 0.34014892578125 0.000930786132812506 0.142623901367188
-0.25732421875 0.204360961914062 -0.105758666992188 0.01849365234375
-0.3031005859375 0.168365478515625 0.00567626953124999 -0.158706665039063
-0.344818115234375 0.158966064453125 0.130775451660156 -0.130386352539063
-0.61285400390625 0.1492919921875 0.379791259765625 0.076171875
-0.524169921875 0.245391845703125 0.0540084838867187 0.134651184082031
-0.4805908203125 0.3895263671875 0.17340087890625 0.269912719726563
-0.257659912109375 0.492279052734375 0.42413330078125 0.1016845703125
-0.085906982421875 0.467376708984375 0.275192260742187 -0.157562255859375
0.15899658203125 0.473663330078125 0.100784301757813 -0.167037963867187
0.290313720703125 0.364227294921875 0.0247268676757813 -0.07061767578125
0.280792236328125 0.323333740234375 0.034139633178711 0.00862503051757814
0.33294677734375 0.319061279296875 0.0767288208007813 0.0915298461914063
0.272735595703125 0.345916748046875 0.0972213745117188 0.120445251464844
0.1253662109375 0.43621826171875 0.0360641479492188 0.116966247558594
-0.020904541015625 0.467620849609375 -0.0304183959960938 0.120292663574219
-0.317291259765625 0.36517333984375 -0.138916015625 0.0196151733398437
-0.441497802734375 0.29669189453125 -0.0528106689453125 -0.104415893554687
-0.499481201171875 0.195770263671875 -0.00212097167968754 -0.0868682861328125
-0.66387939453125 0.0972290039062499 0.187957763671875 0.143402099609375
-0.59356689453125 0.240478515625 -0.0274505615234375 0.216812133789063
-0.505767822265625 0.44049072265625 0.181549072265625 0.246658325195313
-0.216033935546875 0.53961181640625 0.3984375 0.00183105468750003
-0.023712158203125 0.462005615234375 0.217697143554688 -0.26776123046875
0.179351806640625 0.43609619140625 -0.00122070312499999 -0.284912109375
0.27886962890625 0.340301513671875 -0.114883422851562 -0.171401977539062
0.28485107421875 0.319091796875 -0.0987014770507812 -0.070953369140625
0.338775634765625 0.3231201171875 -0.0475540161132812 0.0199699401855469
0.290985107421875 0.35015869140625 -0.00611877441406249 0.0418586730957031
0.159210205078125 0.46240234375 -0.0482978820800781 0.0683708190917969
0.0215454101562499 0.532318115234375 -0.08587646484375 0.0893020629882813
-0.340301513671875 0.478912353515625 -0.180068969726563 0.013458251953125
-0.52325439453125 0.3883056640625 -0.122970581054688 -0.0306854248046875
-0.58819580078125 0.2095947265625 -0.170425415039063 -0.0286865234375
-0.6156005859375 0.0428466796875 0.00637817382812497 0.186126708984375
-0.5537109375 0.211517333984375 -0.0879364013671875 0.266937255859375
-0.422210693359375 0.414764404296875 0.179275512695312 0.195770263671875
-0.126312255859375 0.471588134765625 0.335113525390625 -0.092437744140625
0.034423828125 0.360260009765625 0.1351318359375 -0.3363037109375
0.17095947265625 0.321563720703125 -0.101593017578125 -0.358306884765625
0.225372314453125 0.260757446289063 -0.2403564453125 -0.250411987304688
0.23907470703125 0.26971435546875 -0.219192504882812 -0.1396484375
0.28759765625 0.279937744140625 -0.169586181640625 -0.048187255859375
0.25262451171875 0.299407958984375 -0.117973327636719 -0.0302658081054687
0.1578369140625 0.410003662109375 -0.141143798828125 0.0192718505859375
0.044097900390625 0.50933837890625 -0.158340454101563 0.0420227050781251
-0.33001708984375 0.501953125 -0.215438842773438 -0.0116119384765625
-0.540008544921875 0.398193359375 -0.185028076171875 0.0380859375
-0.5985107421875 0.1766357421875 -0.356048583984375 0.0294189453125
-0.48870849609375 -0.00866699218750001 -0.130096435546875 0.206268310546875
-0.42633056640625 0.170562744140625 -0.117401123046875 0.276626586914063
-0.273284912109375 0.3341064453125 0.161209106445312 0.129745483398438
-0.0213623046875 0.333404541015625 0.239791870117188 -0.157882690429687
0.0793609619140625 0.201583862304687 0.053863525390625 -0.349945068359375
0.123321533203125 0.169647216796875 -0.18121337890625 -0.378265380859375
0.13360595703125 0.151016235351563 -0.328643798828125 -0.2919921875
0.156234741210937 0.175003051757813 -0.307952880859375 -0.1883544921875
0.1888427734375 0.189208984375 -0.26043701171875 -0.108657836914063
0.177154541015625 0.196746826171875 -0.208251953125 -0.093231201171875
0.131927490234375 0.290496826171875 -0.224258422851563 -0.0289306640624999
0.055694580078125 0.401519775390625 -0.2271728515625 -0.0236358642578125
-0.2850341796875 0.4365234375 -0.23876953125 -0.06353759765625
-0.4852294921875 0.323577880859375 -0.23162841796875 0.082977294921875
-0.515350341796875 0.0982666015625001 -0.52410888671875 0.0744628906249999
-0.300994873046875 -0.042083740234375 -0.213058471679688 0.207107543945313
-0.252365112304688 0.128448486328125 -0.112716674804688 0.257476806640625
-0.10675048828125 0.222457885742188 0.134567260742188 0.0628890991210938
0.06591796875 0.162750244140625 0.142684936523438 -0.1873779296875
0.0951461791992187 0.0393218994140625 -0.015106201171875 -0.322662353515625
0.0533523559570313 0.0124092102050781 -0.227264404296875 -0.35430908203125
0.0234642028808594 0.0329170227050781 -0.365875244140625 -0.29547119140625
0.0517158508300781 0.0567131042480469 -0.344757080078125 -0.210052490234375
0.0677146911621094 0.0594902038574219 -0.305450439453125 -0.14825439453125
0.088714599609375 0.04913330078125 -0.262649536132812 -0.127685546875
0.110786437988281 0.118255615234375 -0.279693603515625 -0.0605621337890625
0.0766448974609375 0.235671997070312 -0.279006958007813 -0.0899658203124999
-0.18963623046875 0.3048095703125 -0.242645263671875 -0.128204345703125
-0.34442138671875 0.18994140625 -0.258926391601563 0.0889129638671876
-0.341400146484375 -0.0102233886718751 -0.65277099609375 0.0812377929687501
0.0441131591796875 0.08428955078125 0.65960693359375 -0.1605224609375
0.130714416503906 -0.0448684692382813 0.240447998046875 -0.0845947265625
-0.00734710693359375 -0.133445739746094 0.180343627929688 0.171951293945313
-0.114730834960938 -0.054840087890625 0.3236083984375 0.157745361328125
-0.11669921875 0.0616912841796875 0.26971435546875 0.06695556640625
-0.0151214599609375 0.1217041015625 0.260040283203125 0.10052490234375
0.0648345947265625 0.09442138671875 0.308837890625 0.150848388671875
0.0513687133789063 0.0764923095703125 0.319915771484375 0.180816650390625
0.0648880004882813 0.0803985595703125 0.323638916015625 0.23614501953125
0.0298538208007813 0.110923767089844 0.233062744140625 0.294708251953125
-0.051239013671875 0.0932159423828125 0.107421875 0.245513916015625
-0.10711669921875 0.0190658569335938 -0.0218505859375 0.16082763671875
-0.0278701782226563 -0.102943420410156 -0.0882568359375 -0.013824462890625
0.0862808227539062 -0.045654296875 0.0785675048828125 -0.221420288085938
0.0678558349609375 0.0776596069335938 0.23455810546875 -0.171188354492188
-0.215972900390625 0.16082763671875 0.64166259765625 -0.10205078125
-0.100074768066406 0.10247802734375 0.203048706054688 -0.0349273681640625
-0.170150756835937 0.0682220458984375 0.169448852539063 0.225845336914063
-0.173171997070313 0.150543212890625 0.37054443359375 0.182220458984375
-0.12054443359375 0.229568481445313 0.284942626953125 0.02630615234375
0.061370849609375 0.285003662109375 0.234695434570313 0.05029296875
0.179428100585938 0.217147827148438 0.252685546875 0.10833740234375
0.160415649414063 0.180099487304688 0.261566162109375 0.14251708984375
0.18023681640625 0.179183959960937 0.27276611328125 0.196670532226563
0.122589111328125 0.207183837890625 0.221450805664063 0.237823486328125
0.00497436523437503 0.225494384765625 0.111251831054688 0.197250366210938
-0.0952606201171875 0.1800537109375 0.00717163085937499 0.147430419921875
-0.150894165039063 0.037933349609375 -0.082305908203125 0.00820159912109376
-0.112152099609375 0.0489349365234375 0.0524749755859375 -0.1937255859375
-0.141326904296875 0.119003295898438 0.210983276367188 -0.155166625976563
-0.441253662109375 0.18438720703125 0.538055419921875 -0.02044677734375
-0.331512451171875 0.20343017578125 0.138076782226562 0.0430221557617188
-0.339569091796875 0.2568359375 0.1680908203125 0.260025024414063
-0.224273681640625 0.347564697265625 0.404052734375 0.15582275390625
-0.105316162109375 0.37548828125 0.28607177734375 -0.05633544921875
0.122589111328125 0.40411376953125 0.177444458007813 -0.0426788330078125
0.25946044921875 0.3092041015625 0.151351928710938 0.031219482421875
0.242919921875 0.263931274414063 0.1617431640625 0.079986572265625
0.27850341796875 0.256622314453125 0.188751220703125 0.147216796875
0.212646484375 0.281021118164063 0.1739501953125 0.175765991210938
0.07305908203125 0.34112548828125 0.08782958984375 0.151992797851563
-0.056671142578125 0.333465576171875 0.00682830810546873 0.134078979492188
-0.2451171875 0.204437255859375 -0.0998077392578125 0.0181121826171875
-0.287353515625 0.172515869140625 0.00573730468749999 -0.15521240234375
-0.331390380859375 0.16571044921875 0.129447937011719 -0.129493713378906
-0.5963134765625 0.16204833984375 0.37713623046875 0.063507080078125
-0.504852294921875 0.252166748046875 0.0551071166992187 0.132164001464844
-0.45855712890625 0.393280029296875 0.176605224609375 0.265457153320313
-0.234619140625 0.490509033203125 0.41864013671875 0.08758544921875
-0.0692138671875 0.458160400390625 0.260665893554688 -0.164260864257812
0.171478271484375 0.455108642578125 0.092437744140625 -0.161712646484375
0.296417236328125 0.3450927734375 0.0190544128417969 -0.0652503967285156
0.286590576171875 0.3072509765625 0.0350151062011719 0.00992965698242189
0.33575439453125 0.30072021484375 0.0784530639648438 0.0896377563476563
0.277618408203125 0.32373046875 0.0962142944335938 0.110855102539063
0.136505126953125 0.41802978515625 0.0325851440429688 0.1123046875
-0.00036621093749995 0.458251953125 -0.0230560302734375 0.115890502929688
-0.2939453125 0.3675537109375 -0.129165649414063 0.0206069946289063
-0.42034912109375 0.3038330078125 -0.0522003173828125 -0.0987091064453125
-0.481201171875 0.205810546875 0.00132751464843748 -0.0833206176757812
-0.64727783203125 0.11224365234375 0.188430786132812 0.135971069335938
-0.5731201171875 0.24627685546875 -0.02197265625 0.213241577148438
-0.477630615234375 0.444366455078125 0.182052612304687 0.241790771484375
-0.19012451171875 0.531951904296875 0.389739990234375 -0.00607299804687497
-0.00994873046875004 0.448577880859375 0.201995849609375 -0.267318725585938
0.19293212890625 0.41790771484375 -0.010589599609375 -0.273773193359375
0.2862548828125 0.32183837890625 -0.120956420898437 -0.159317016601563
0.28558349609375 0.303863525390625 -0.0971221923828125 -0.0648345947265625
0.3414306640625 0.304595947265625 -0.0454940795898437 0.0224075317382813
0.29278564453125 0.328857421875 -0.00670242309570311 0.0403938293457031
0.1719970703125 0.44256591796875 -0.0476493835449218 0.0694122314453125
0.041748046875 0.518310546875 -0.0780258178710938 0.0898513793945313
-0.3177490234375 0.47930908203125 -0.168060302734375 0.0177459716796875
-0.497039794921875 0.39459228515625 -0.113815307617188 -0.0267333984375
-0.57159423828125 0.22003173828125 -0.164230346679688 -0.02398681640625
-0.60186767578125 0.0564575195312501 0.0111541748046875 0.181106567382813
-0.53338623046875 0.2149658203125 -0.0799713134765625 0.263336181640625
-0.39739990234375 0.416351318359375 0.176849365234375 0.191650390625
-0.10333251953125 0.462982177734375 0.3226318359375 -0.09967041015625
0.046844482421875 0.34588623046875 0.122344970703125 -0.332794189453125
0.175048828125 0.30706787109375 -0.1097412109375 -0.34295654296875
0.228530883789063 0.24847412109375 -0.240371704101562 -0.234695434570313
0.240097045898438 0.254547119140625 -0.216537475585938 -0.127761840820312
0.289764404296875 0.263885498046875 -0.163192749023437 -0.0425567626953125
0.25543212890625 0.283660888671875 -0.116104125976562 -0.0288009643554687
0.165985107421875 0.3948974609375 -0.140777587890625 0.0223388671875
0.06182861328125 0.495330810546875 -0.150741577148438 0.0447845458984375
-0.3074951171875 0.50396728515625 -0.205184936523438 -0.00610351562499996
-0.51416015625 0.4072265625 -0.1744384765625 0.0406951904296875
-0.5802001953125 0.1861572265625 -0.343231201171875 0.0389099121093751
-0.48004150390625 0.00650024414062489 -0.125457763671875 0.202239990234375
-0.41131591796875 0.174530029296875 -0.109786987304688 0.2742919921875
-0.252349853515625 0.33355712890625 0.159652709960937 0.127120971679688
-0.004730224609375 0.323577880859375 0.229034423828125 -0.158889770507812
0.083953857421875 0.190475463867188 0.042755126953125 -0.341094970703125
0.12823486328125 0.156646728515625 -0.186737060546875 -0.361114501953125
0.135848999023438 0.144866943359375 -0.329681396484375 -0.272918701171875
0.159805297851562 0.167877197265625 -0.303558349609375 -0.175811767578125
0.1904296875 0.1787109375 -0.255157470703125 -0.10174560546875
0.178482055664062 0.184478759765625 -0.204910278320313 -0.0881195068359375
0.139846801757813 0.276687622070313 -0.219573974609375 -0.02264404296875
0.0677490234375 0.3902587890625 -0.21844482421875 -0.0152740478515624
-0.2650146484375 0.43634033203125 -0.228973388671875 -0.052734375
-0.46295166015625 0.33245849609375 -0.219375610351563 0.0855560302734375
-0.50286865234375 0.106719970703125 -0.510040283203125 0.0844116210937501
-0.298919677734375 -0.03680419921875 -0.206741333007813 0.20947265625
-0.243011474609375 0.127395629882813 -0.1068115234375 0.25494384765625
-0.092926025390625 0.221282958984375 0.130378723144531 0.0617218017578125
0.07464599609375 0.157699584960938 0.134841918945313 -0.184249877929688
0.0949554443359375 0.0313644409179688 -0.022674560546875 -0.309326171875
0.0497093200683594 0.00775146484375 -0.22943115234375 -0.33770751953125
0.0201549530029297 0.0296077728271484 -0.367218017578125 -0.277252197265625
0.0528984069824219 0.0552406311035156 -0.34307861328125 -0.195465087890625
0.0656623840332031 0.0579757690429688 -0.30194091796875 -0.13873291015625
0.0846405029296875 0.0460433959960938 -0.259674072265625 -0.120590209960938
0.111854553222656 0.110527038574219 -0.272201538085937 -0.0514068603515625
0.0846405029296875 0.227508544921875 -0.272247314453125 -0.0778045654296875
-0.17657470703125 0.30255126953125 -0.233551025390625 -0.117630004882813
-0.3289794921875 0.19305419921875 -0.244064331054688 0.0931701660156251
-0.337890625 -0.00259399414062505 -0.63543701171875 0.0956420898437499
0.0452346801757813 0.0845947265625 0.65484619140625 -0.167724609375
0.129524230957031 -0.0490646362304687 0.235504150390625 -0.0874786376953125
-0.0107650756835938 -0.133636474609375 0.181793212890625 0.170745849609375
-0.115058898925781 -0.0510330200195312 0.324951171875 0.1510009765625
-0.114143371582031 0.0652542114257813 0.265960693359375 0.0630950927734375
-0.0105743408203125 0.122077941894531 0.256683349609375 0.096832275390625
0.0681076049804688 0.0926895141601562 0.309326171875 0.146514892578125
0.05279541015625 0.0750045776367187 0.319915771484375 0.177337646484375
0.0665130615234375 0.0783538818359375 0.319122314453125 0.231781005859375
0.0306167602539063 0.109306335449219 0.232421875 0.2872314453125
-0.049163818359375 0.0947113037109375 0.105758666992187 0.237548828125
-0.104820251464844 0.0221176147460937 -0.02056884765625 0.156631469726563
-0.0310287475585938 -0.103507995605469 -0.0851669311523438 -0.0138702392578125
0.0856399536132813 -0.0477981567382813 0.0762176513671875 -0.220230102539062
0.07012939453125 0.0789794921875 0.2376708984375 -0.17156982421875
-0.213104248046875 0.162628173828125 0.63885498046875 -0.1114501953125
-0.095550537109375 0.0998611450195313 0.199432373046875 -0.0370941162109375
-0.168670654296875 0.0712738037109375 0.172210693359375 0.225051879882813
-0.169906616210938 0.1522216796875 0.36962890625 0.172698974609375
-0.114044189453125 0.231842041015625 0.280838012695313 0.0213775634765625
0.0659332275390625 0.281036376953125 0.230300903320313 0.0477752685546875
0.184432983398438 0.212417602539062 0.251861572265625 0.107131958007813
0.162796020507813 0.178024291992188 0.261367797851563 0.137619018554688
0.184661865234375 0.17474365234375 0.271377563476562 0.193817138671875
0.126861572265625 0.200241088867188 0.21661376953125 0.23095703125
0.00834655761718748 0.224105834960938 0.108963012695313 0.188583374023438
-0.0906829833984375 0.180389404296875 0.00712585449218748 0.143508911132812
-0.152694702148438 0.0376434326171875 -0.0795822143554688 0.00613403320312502
-0.109169006347656 0.0484619140625 0.0516510009765625 -0.192230224609375
-0.13775634765625 0.12054443359375 0.212356567382813 -0.155670166015625
-0.437591552734375 0.189453125 0.53607177734375 -0.028045654296875
-0.32598876953125 0.202362060546875 0.137184143066406 0.0407257080078125
-0.333038330078125 0.260009765625 0.171188354492187 0.257736206054688
-0.213653564453125 0.34820556640625 0.405517578125 0.148284912109375
-0.099273681640625 0.373321533203125 0.279525756835938 -0.0605010986328125
0.131072998046875 0.398895263671875 0.173736572265625 -0.043670654296875
0.265472412109375 0.301361083984375 0.15057373046875 0.0312957763671875
0.2457275390625 0.258041381835938 0.160385131835938 0.07781982421875
0.282012939453125 0.24761962890625 0.18939208984375 0.143661499023438
0.216110229492188 0.2703857421875 0.17193603515625 0.169937133789063
0.079498291015625 0.333343505859375 0.0861358642578125 0.147994995117188
-0.045379638671875 0.330413818359375 0.00962066650390624 0.129508972167969
-0.239715576171875 0.206771850585938 -0.0936279296875 0.0173721313476563
-0.2806396484375 0.17572021484375 0.00762939453124999 -0.154022216796875
-0.3267822265625 0.168182373046875 0.132522583007812 -0.130157470703125
-0.58917236328125 0.16998291015625 0.37615966796875 0.0570068359375
-0.496124267578125 0.250244140625 0.0571060180664062 0.13092041015625
-0.446868896484375 0.396728515625 0.177658081054687 0.266357421875
-0.220245361328125 0.491424560546875 0.4169921875 0.0802001953125
-0.060333251953125 0.454559326171875 0.253173828125 -0.166732788085937
0.17730712890625 0.446258544921875 0.0881805419921875 -0.159088134765625
0.302703857421875 0.33685302734375 0.0199546813964844 -0.0617713928222656
0.290069580078125 0.300628662109375 0.0352973937988281 0.00813674926757814
0.33953857421875 0.29034423828125 0.0796585083007813 0.0864181518554688
0.27825927734375 0.312896728515625 0.09429931640625 0.106147766113281
0.1439208984375 0.410491943359375 0.0308685302734375 0.108360290527344
0.010284423828125 0.45166015625 -0.0184097290039063 0.112678527832031
-0.286895751953125 0.36993408203125 -0.123291015625 0.0205078125
-0.410675048828125 0.308624267578125 -0.0470352172851563 -0.0994720458984375
-0.4761962890625 0.207550048828125 0.00454711914062497 -0.0837936401367187
-0.64019775390625 0.11871337890625 0.189849853515625 0.128768920898438
-0.5648193359375 0.2471923828125 -0.0200042724609375 0.212448120117188
-0.464813232421875 0.44775390625 0.18377685546875 0.243621826171875
-0.175262451171875 0.5311279296875 0.38629150390625 -0.0133056640625
-0.00424194335937495 0.441314697265625 0.19317626953125 -0.268341064453125
0.19757080078125 0.4071044921875 -0.0141143798828125 -0.266510009765625
0.29058837890625 0.3153076171875 -0.119903564453125 -0.154586791992187
0.2899169921875 0.297027587890625 -0.0978317260742187 -0.0624771118164062
0.342803955078125 0.29498291015625 -0.0435523986816406 0.0237464904785156
0.291748046875 0.3170166015625 -0.00811767578124998 0.0381584167480469
0.176605224609375 0.434661865234375 -0.0489921569824219 0.0682563781738281
0.0538940429687501 0.51190185546875 -0.0730056762695313 0.0866317749023438
-0.304931640625 0.4796142578125 -0.160812377929688 0.0173797607421876
-0.485931396484375 0.399078369140625 -0.108787536621094 -0.0273818969726562
-0.564697265625 0.22174072265625 -0.1595458984375 -0.022369384765625
-0.59796142578125 0.0635986328125001 0.0138092041015625 0.176803588867188
-0.527008056640625 0.2169189453125 -0.07843017578125 0.2623291015625
-0.38629150390625 0.418487548828125 0.177627563476562 0.194931030273438
-0.088287353515625 0.4593505859375 0.317169189453125 -0.100982666015625
0.051971435546875 0.337738037109375 0.115264892578125 -0.328704833984375
0.178955078125 0.2972412109375 -0.112457275390625 -0.336212158203125
0.231338500976563 0.243927001953125 -0.242355346679687 -0.225234985351563
0.243026733398437 0.248809814453125 -0.216598510742187 -0.124801635742188
0.29180908203125 0.257232666015625 -0.162322998046875 -0.0410919189453125
0.253860473632813 0.275070190429688 -0.116165161132812 -0.029449462890625
0.1737060546875 0.386871337890625 -0.138916015625 0.024078369140625
0.072235107421875 0.488311767578125 -0.143783569335938 0.044281005859375
-0.29559326171875 0.502593994140625 -0.197067260742188 -0.00534057617187495
-0.501953125 0.41204833984375 -0.16607666015625 0.0415496826171875
-0.5760498046875 0.188720703125 -0.337158203125 0.0418701171875001
-0.477020263671875 0.012542724609375 -0.122970581054688 0.2010498046875
-0.40521240234375 0.17669677734375 -0.10687255859375 0.273345947265625
-0.24371337890625 0.33575439453125 0.158065795898437 0.130416870117188
0.00692749023437499 0.320404052734375 0.223602294921875 -0.158554077148437
0.0862579345703125 0.183258056640625 0.0360107421875 -0.336578369140625
0.126220703125 0.150833129882813 -0.1873779296875 -0.354248046875
0.136520385742188 0.141632080078125 -0.329345703125 -0.26495361328125
0.161026000976562 0.163223266601562 -0.303375244140625 -0.169891357421875
0.192367553710937 0.175643920898437 -0.253890991210938 -0.0996551513671875
0.17645263671875 0.177993774414063 -0.20428466796875 -0.087158203125
0.14190673828125 0.27008056640625 -0.215927124023438 -0.01953125
0.077362060546875 0.384002685546875 -0.213409423828125 -0.013275146484375
-0.256072998046875 0.43804931640625 -0.2216796875 -0.0518951416015625
-0.4522705078125 0.33551025390625 -0.211471557617188 0.0847930908203125
-0.5010986328125 0.10797119140625 -0.50262451171875 0.089141845703125
-0.30035400390625 -0.02972412109375 -0.204345703125 0.207534790039063
-0.238723754882813 0.12896728515625 -0.105911254882813 0.2545166015625
-0.0872039794921875 0.221710205078125 0.129196166992188 0.0650634765625
0.0802154541015625 0.153884887695313 0.130264282226563 -0.180694580078125
0.0932846069335938 0.0251083374023438 -0.0250244140625 -0.30352783203125
0.0479621887207031 0.003997802734375 -0.22833251953125 -0.330322265625
0.0208930969238281 0.0308036804199219 -0.36724853515625 -0.26666259765625
0.053863525390625 0.0548095703125 -0.344146728515625 -0.190185546875
0.0664710998535156 0.0583114624023438 -0.300811767578125 -0.13525390625
0.0836029052734375 0.04302978515625 -0.257476806640625 -0.117416381835938
0.112503051757812 0.105857849121094 -0.2681884765625 -0.04595947265625
0.0889892578125 0.224884033203125 -0.268264770507813 -0.0733032226562499
-0.167205810546875 0.30596923828125 -0.22930908203125 -0.115676879882812
-0.3233642578125 0.19610595703125 -0.237258911132813 0.0940093994140625
-0.33660888671875 -0.000244140624999968 -0.62939453125 0.10235595703125
0.0475006103515625 0.0858612060546875 0.661865234375 -0.183349609375
0.129829406738281 -0.0547409057617188 0.234390258789063 -0.092254638671875
-0.0149612426757813 -0.135475158691406 0.18719482421875 0.172348022460938
-0.117897033691406 -0.0490798950195313 0.332000732421875 0.147735595703125
-0.113418579101563 0.0699615478515625 0.26708984375 0.058746337890625
-0.00618743896484376 0.125167846679688 0.257476806640625 0.0957183837890625
0.0735626220703125 0.0933685302734375 0.31561279296875 0.14617919921875
0.0565414428710937 0.0745773315429688 0.326904296875 0.17578125
0.0689620971679687 0.0776519775390625 0.326141357421875 0.231201171875
0.0345611572265625 0.109886169433594 0.236358642578125 0.2843017578125
-0.0483016967773437 0.0983352661132813 0.107040405273437 0.234375
-0.105583190917969 0.0250701904296875 -0.01873779296875 0.153411865234375
-0.0356369018554687 -0.104911804199219 -0.0847244262695313 -0.0159072875976563
0.0850448608398438 -0.0513229370117188 0.0761260986328125 -0.224411010742187
0.073822021484375 0.0806198120117188 0.244277954101563 -0.176559448242188
-0.212554931640625 0.168609619140625 0.646484375 -0.123291015625
-0.0959243774414062 0.0986785888671875 0.2003173828125 -0.040130615234375
-0.170806884765625 0.0735626220703125 0.179885864257813 0.228851318359375
-0.167892456054687 0.157119750976563 0.3782958984375 0.166656494140625
-0.111846923828125 0.237838745117188 0.280349731445313 0.0156097412109375
0.0733642578125 0.28289794921875 0.231094360351563 0.0473480224609375
0.194137573242187 0.21142578125 0.257827758789063 0.10540771484375
0.1693115234375 0.177413940429688 0.266860961914062 0.136459350585938
0.190505981445313 0.171920776367188 0.276565551757813 0.192398071289063
0.131332397460938 0.198165893554688 0.219207763671875 0.227371215820313
0.01416015625 0.225860595703125 0.109054565429688 0.186904907226563
-0.08624267578125 0.182647705078125 0.0102767944335937 0.140113830566406
-0.154922485351563 0.040069580078125 -0.0785293579101563 0.00494384765624999
-0.108474731445313 0.0503311157226562 0.05169677734375 -0.195892333984375
-0.135955810546875 0.1258544921875 0.218582153320312 -0.16131591796875
-0.44073486328125 0.198883056640625 0.545318603515625 -0.03790283203125
-0.32733154296875 0.206024169921875 0.138191223144531 0.0392074584960938
-0.333465576171875 0.2686767578125 0.179000854492187 0.262435913085938
-0.206329345703125 0.3560791015625 0.412872314453125 0.141082763671875
-0.094757080078125 0.38092041015625 0.278762817382812 -0.066070556640625
0.1402587890625 0.398712158203125 0.172073364257813 -0.044219970703125
0.278717041015625 0.299346923828125 0.153045654296875 0.031158447265625
0.255218505859375 0.255996704101563 0.162887573242188 0.0761260986328125
0.29156494140625 0.2451171875 0.192733764648438 0.143417358398438
0.221939086914063 0.266586303710938 0.172897338867188 0.167190551757813
0.088958740234375 0.333160400390625 0.0845489501953125 0.145538330078125
-0.0372314453125 0.33245849609375 0.0123214721679687 0.1263427734375
-0.239059448242187 0.212158203125 -0.0911026000976563 0.01544189453125
-0.27850341796875 0.182830810546875 0.00877380371093747 -0.156234741210937
-0.328155517578125 0.17437744140625 0.136947631835937 -0.134025573730469
-0.59356689453125 0.178955078125 0.38348388671875 0.049346923828125
-0.501708984375 0.256591796875 0.0605239868164062 0.131301879882813
-0.44525146484375 0.4072265625 0.186569213867188 0.270309448242188
-0.20892333984375 0.4991455078125 0.422454833984375 0.072723388671875
-0.053680419921875 0.459625244140625 0.249038696289063 -0.173553466796875
0.188140869140625 0.44451904296875 0.085906982421875 -0.159454345703125
0.315673828125 0.335601806640625 0.0180091857910156 -0.0606651306152344
0.30078125 0.297882080078125 0.0350170135498047 0.00719833374023439
0.3504638671875 0.28656005859375 0.0822830200195313 0.0875091552734375
0.283050537109375 0.307769775390625 0.0944442749023438 0.103469848632813
0.15472412109375 0.4097900390625 0.0299758911132813 0.108482360839844
0.02203369140625 0.455230712890625 -0.0153961181640625 0.109855651855469
-0.283416748046875 0.377777099609375 -0.120277404785156 0.0196685791015625
-0.406768798828125 0.319427490234375 -0.0449142456054688 -0.100868225097656
-0.48028564453125 0.2159423828125 0.00731658935546872 -0.0849075317382812
-0.646728515625 0.12921142578125 0.194320678710938 0.124649047851563
-0.5689697265625 0.25372314453125 -0.01702880859375 0.214462280273438
-0.462066650390625 0.46051025390625 0.190750122070312 0.2467041015625
-0.160552978515625 0.536376953125 0.390899658203125 -0.018646240234375
0.00234985351562497 0.444793701171875 0.188400268554688 -0.274139404296875
0.205596923828125 0.404449462890625 -0.018280029296875 -0.26641845703125
0.30035400390625 0.313507080078125 -0.124099731445313 -0.15106201171875
0.30010986328125 0.2947998046875 -0.100227355957031 -0.0614852905273437
0.353729248046875 0.2906494140625 -0.0437850952148437 0.0245895385742188
0.29827880859375 0.31304931640625 -0.0103759765625 0.0364151000976563
0.1898193359375 0.432373046875 -0.050811767578125 0.0693626403808594
0.067626953125 0.514739990234375 -0.0700302124023438 0.085052490234375
-0.300018310546875 0.49176025390625 -0.157852172851563 0.0164947509765625
-0.483154296875 0.41131591796875 -0.105148315429688 -0.0269775390625
-0.57147216796875 0.22991943359375 -0.159072875976563 -0.020660400390625
-0.60467529296875 0.0728759765624999 0.0165557861328125 0.17657470703125
-0.5302734375 0.223419189453125 -0.0760040283203126 0.266265869140625
-0.382476806640625 0.42919921875 0.183547973632812 0.198623657226563
-0.073516845703125 0.463348388671875 0.31915283203125 -0.105224609375
0.057220458984375 0.3365478515625 0.109100341796875 -0.333740234375
0.18426513671875 0.292999267578125 -0.11669921875 -0.33538818359375
0.238906860351562 0.24224853515625 -0.249862670898438 -0.22100830078125
0.251495361328125 0.24688720703125 -0.221511840820312 -0.123336791992188
0.300506591796875 0.253692626953125 -0.164459228515625 -0.0400848388671875
0.259109497070313 0.269882202148438 -0.119132995605469 -0.0299224853515625
0.182342529296875 0.385101318359375 -0.14105224609375 0.0264739990234375
0.086029052734375 0.491668701171875 -0.141189575195313 0.04400634765625
-0.2906494140625 0.51654052734375 -0.19451904296875 -0.00543212890624998
-0.499786376953125 0.42425537109375 -0.162765502929688 0.042877197265625
-0.58343505859375 0.19586181640625 -0.33819580078125 0.0473022460937501
-0.483917236328125 0.022918701171875 -0.122772216796875 0.202423095703125
-0.410430908203125 0.18145751953125 -0.10638427734375 0.278366088867188
-0.240020751953125 0.344451904296875 0.161972045898437 0.13458251953125
0.01910400390625 0.31976318359375 0.223281860351563 -0.1614990234375
0.09027099609375 0.179351806640625 0.031005859375 -0.338531494140625
0.127685546875 0.146011352539063 -0.193450927734375 -0.35296630859375
0.139816284179688 0.141357421875 -0.337310791015625 -0.25897216796875
0.165298461914063 0.16229248046875 -0.309539794921875 -0.1683349609375
0.198440551757813 0.174468994140625 -0.258041381835937 -0.0981292724609374
0.178421020507813 0.1763916015625 -0.209335327148438 -0.0874938964843749
0.148529052734375 0.26763916015625 -0.217697143554688 -0.01568603515625
0.086761474609375 0.38629150390625 -0.212509155273438 -0.0127258300781249
-0.249114990234375 0.449371337890625 -0.219985961914063 -0.0516510009765624
-0.45159912109375 0.346099853515625 -0.208831787109375 0.087860107421875
-0.508941650390625 0.114227294921875 -0.50732421875 0.098052978515625
-0.304779052734375 -0.0235900878906249 -0.205841064453125 0.210556030273438
-0.24163818359375 0.133026123046875 -0.10736083984375 0.259048461914063
-0.0831146240234375 0.227737426757813 0.130874633789063 0.0701522827148438
0.0887451171875 0.151580810546875 0.12823486328125 -0.182479858398438
0.0942535400390625 0.0197296142578125 -0.02960205078125 -0.303741455078125
0.0451927185058594 0.00141525268554688 -0.23260498046875 -0.32940673828125
0.020263671875 0.0321464538574219 -0.376251220703125 -0.263671875
0.0548286437988281 0.0541038513183594 -0.35205078125 -0.187469482421875
0.0682907104492188 0.0581779479980469 -0.306396484375 -0.1351318359375
0.0835113525390625 0.0411453247070313 -0.262313842773438 -0.119247436523438
0.115325927734375 0.102577209472656 -0.269195556640625 -0.04205322265625
0.0955963134765625 0.225479125976563 -0.269073486328125 -0.070953369140625
-0.163665771484375 0.313720703125 -0.229278564453125 -0.114959716796875
-0.322021484375 0.20306396484375 -0.236099243164063 0.096221923828125
-0.3438720703125 0.00189208984374994 -0.63623046875 0.11334228515625
0.0528488159179688 0.0896835327148437 0.67169189453125 -0.21258544921875
0.130439758300781 -0.0629959106445313 0.234603881835938 -0.102569580078125
-0.0229949951171875 -0.139259338378906 0.199310302734375 0.172286987304687
-0.123756408691406 -0.0451736450195312 0.34576416015625 0.13800048828125
-0.113883972167969 0.0782394409179688 0.272903442382813 0.0514373779296875
0.00108337402343751 0.128829956054688 0.265274047851563 0.091705322265625
0.082244873046875 0.0927047729492188 0.330078125 0.140625
0.0621337890625 0.0749435424804688 0.341461181640625 0.169158935546875
0.075531005859375 0.0772705078125 0.34051513671875 0.226318359375
0.0396804809570312 0.110404968261719 0.247879028320313 0.279754638671875
-0.0453338623046875 0.104171752929688 0.113067626953125 0.233474731445312
-0.107864379882813 0.0306167602539062 -0.015411376953125 0.155227661132813
-0.0430908203125 -0.107139587402344 -0.0867233276367187 -0.0157928466796875
0.0850601196289063 -0.0562744140625 0.0723724365234375 -0.232757568359375
0.0814208984375 0.08197021484375 0.249038696289063 -0.189483642578125
-0.210403442382813 0.182388305664063 0.65960693359375 -0.1529541015625
-0.095611572265625 0.101860046386719 0.203338623046875 -0.048370361328125
-0.174163818359375 0.0803070068359375 0.194869995117188 0.230117797851562
-0.164718627929688 0.166259765625 0.3953857421875 0.15484619140625
-0.106216430664062 0.249618530273438 0.28411865234375 0.00640869140625002
0.088226318359375 0.28582763671875 0.23590087890625 0.0433197021484375
0.209854125976563 0.209014892578125 0.267379760742188 0.101577758789063
0.18145751953125 0.174758911132813 0.275527954101563 0.1295166015625
0.203750610351563 0.168472290039063 0.28857421875 0.18792724609375
0.141006469726563 0.195877075195313 0.229583740234375 0.223236083984375
0.024261474609375 0.230026245117188 0.113525390625 0.185623168945313
-0.0800323486328125 0.188919067382812 0.013946533203125 0.138565063476562
-0.159408569335938 0.0456390380859375 -0.078704833984375 0.00454711914062499
-0.108970642089844 0.05426025390625 0.04925537109375 -0.20294189453125
-0.134056091308594 0.134849548339844 0.222869873046875 -0.173126220703125
-0.44451904296875 0.2208251953125 0.559783935546875 -0.061126708984375
-0.329193115234375 0.2208251953125 0.143051147460937 0.0335845947265625
-0.33416748046875 0.28607177734375 0.195632934570312 0.264999389648438
-0.19561767578125 0.3707275390625 0.4283447265625 0.127593994140625
-0.0842590332031251 0.3946533203125 0.278656005859375 -0.07757568359375
0.16033935546875 0.400970458984375 0.173049926757813 -0.0484619140625
0.299407958984375 0.293914794921875 0.158035278320313 0.0296783447265625
0.272735595703125 0.251388549804688 0.168136596679688 0.072021484375
0.308929443359375 0.237823486328125 0.203033447265625 0.140975952148438
0.234283447265625 0.259963989257812 0.179046630859375 0.163345336914063
0.10455322265625 0.335418701171875 0.0878753662109375 0.145751953125
-0.022216796875 0.338897705078125 0.016754150390625 0.1239013671875
-0.237167358398437 0.224716186523437 -0.0919189453125 0.015869140625
-0.276779174804687 0.196365356445313 0.0085906982421875 -0.161941528320313
-0.331329345703125 0.189605712890625 0.140396118164062 -0.143051147460938
-0.6019287109375 0.2041015625 0.3958740234375 0.0343017578125
-0.505218505859375 0.275848388671875 0.0663833618164062 0.130958557128906
-0.443023681640625 0.434234619140625 0.202011108398437 0.273635864257813
-0.192291259765625 0.515533447265625 0.435699462890625 0.05816650390625
-0.039581298828125 0.472625732421875 0.244720458984375 -0.186325073242188
0.208709716796875 0.444549560546875 0.08172607421875 -0.163497924804687
0.33837890625 0.3297119140625 0.0167388916015625 -0.0599327087402344
0.319183349609375 0.2933349609375 0.0333633422851563 0.00630378723144533
0.3721923828125 0.2784423828125 0.0875778198242188 0.0875701904296875
0.2984619140625 0.30145263671875 0.09576416015625 0.101463317871094
0.1763916015625 0.41064453125 0.032012939453125 0.109687805175781
0.0433349609375 0.459442138671875 -0.0118637084960937 0.108329772949219
-0.276885986328125 0.398040771484375 -0.120368957519531 0.0210113525390625
-0.4036865234375 0.340606689453125 -0.0443115234375 -0.102920532226562
-0.486541748046875 0.237823486328125 0.00807952880859372 -0.0876998901367187
-0.65911865234375 0.1551513671875 0.204742431640625 0.118423461914063
-0.57489013671875 0.2772216796875 -0.0112457275390625 0.218826293945313
-0.458038330078125 0.487457275390625 0.205352783203125 0.25
-0.140838623046875 0.55145263671875 0.40057373046875 -0.03472900390625
0.0185546875 0.45135498046875 0.17919921875 -0.287261962890625
0.223785400390625 0.40167236328125 -0.027923583984375 -0.270004272460937
0.321258544921875 0.309295654296875 -0.132080078125 -0.147994995117187
0.317474365234375 0.290740966796875 -0.106513977050781 -0.0601272583007813
0.37603759765625 0.283935546875 -0.0434989929199219 0.026580810546875
0.313018798828125 0.306182861328125 -0.0120964050292969 0.0357856750488281
0.211029052734375 0.4326171875 -0.0507049560546875 0.073272705078125
0.092132568359375 0.520904541015625 -0.0671539306640625 0.0842514038085938
-0.289276123046875 0.51446533203125 -0.158538818359375 0.018768310546875
-0.4781494140625 0.438873291015625 -0.103012084960938 -0.0254745483398437
-0.58154296875 0.25341796875 -0.160430908203125 -0.0153656005859375
-0.61944580078125 0.0950927734375001 0.0224761962890625 0.176788330078125
-0.537200927734375 0.244537353515625 -0.0703430175781251 0.273880004882813
-0.374755859375 0.45361328125 0.196807861328125 0.200576782226563
-0.052978515625 0.47314453125 0.32293701171875 -0.11907958984375
0.068634033203125 0.3375244140625 0.097198486328125 -0.3447265625
0.19573974609375 0.28924560546875 -0.13079833984375 -0.338165283203125
0.254257202148438 0.23919677734375 -0.262130737304688 -0.214645385742187
0.266845703125 0.243759155273438 -0.232376098632812 -0.118637084960938
0.319061279296875 0.249053955078125 -0.169509887695312 -0.0367431640625
0.271774291992188 0.265213012695313 -0.126213073730469 -0.0290145874023438
0.202178955078125 0.384033203125 -0.143112182617187 0.031829833984375
0.109344482421875 0.497283935546875 -0.141021728515625 0.045166015625
-0.278900146484375 0.54083251953125 -0.19671630859375 -0.00204467773437493
-0.49603271484375 0.451202392578125 -0.160430908203125 0.0478057861328125
-0.5958251953125 0.218994140625 -0.343780517578125 0.061126708984375
-0.49749755859375 0.0384216308593749 -0.120010375976563 0.2086181640625
-0.415130615234375 0.19805908203125 -0.101715087890625 0.28765869140625
-0.230621337890625 0.362030029296875 0.171707153320313 0.13568115234375
0.03692626953125 0.322784423828125 0.223556518554688 -0.171279907226562
0.0968475341796875 0.174636840820313 0.018829345703125 -0.34649658203125
0.131607055664063 0.141448974609375 -0.206878662109375 -0.353271484375
0.147720336914063 0.140213012695313 -0.35394287109375 -0.2513427734375
0.175735473632813 0.159896850585938 -0.324859619140625 -0.161376953125
0.21075439453125 0.17059326171875 -0.268936157226563 -0.093292236328125
0.18585205078125 0.17303466796875 -0.2188720703125 -0.084716796875
0.16192626953125 0.2652587890625 -0.222488403320313 -0.00875854492187494
0.106658935546875 0.390655517578125 -0.21575927734375 -0.00898742675781247
-0.239013671875 0.47039794921875 -0.224258422851563 -0.04852294921875
-0.449188232421875 0.3701171875 -0.207061767578125 0.0952606201171876
-0.520904541015625 0.132598876953125 -0.517913818359375 0.119232177734375
-0.3155517578125 -0.01190185546875 -0.206268310546875 0.220413208007812
-0.2452392578125 0.142684936523437 -0.104385375976563 0.268539428710938
-0.074798583984375 0.237457275390625 0.13775634765625 0.072357177734375
0.100860595703125 0.1485595703125 0.125274658203125 -0.188125610351563
0.0949325561523438 0.0117263793945313 -0.03912353515625 -0.30731201171875
0.0424346923828125 -0.00195693969726562 -0.248199462890625 -0.32794189453125
0.0200519561767578 0.0336894989013672 -0.39422607421875 -0.254638671875
0.0583686828613281 0.0533027648925781 -0.36846923828125 -0.17950439453125
0.0718460083007813 0.0573348999023438 -0.32061767578125 -0.12939453125
0.0842666625976563 0.0389022827148438 -0.2724609375 -0.114791870117188
0.121109008789063 0.097747802734375 -0.274642944335938 -0.0340576171875
0.109359741210938 0.2252197265625 -0.276016235351563 -0.0656280517578125
-0.1546630859375 0.3292236328125 -0.236923217773438 -0.112686157226562
-0.323822021484375 0.217803955078125 -0.235626220703125 0.105499267578125
-0.354736328125 0.0113220214843751 -0.6502685546875 0.14044189453125
0.0616378784179688 0.0908660888671875 0.66839599609375 -0.25836181640625
0.127395629882813 -0.0739898681640625 0.230148315429688 -0.117416381835938
-0.033294677734375 -0.140350341796875 0.214889526367188 0.163803100585938
-0.128959655761719 -0.0375442504882813 0.358856201171875 0.117340087890625
-0.110153198242187 0.0883941650390625 0.276031494140625 0.03533935546875
0.0109176635742187 0.131057739257813 0.272705078125 0.08123779296875
0.092193603515625 0.0867843627929688 0.341949462890625 0.125518798828125
0.0689926147460938 0.0713272094726563 0.355743408203125 0.15093994140625
0.0834426879882813 0.0730972290039063 0.357086181640625 0.208831787109375
0.0475234985351563 0.109184265136719 0.265426635742188 0.267715454101563
-0.0396499633789063 0.110740661621094 0.124252319335938 0.227325439453125
-0.107856750488281 0.0389480590820313 -0.00851440429687499 0.15423583984375
-0.0531234741210937 -0.106529235839844 -0.0880661010742188 -0.0139999389648438
0.0811843872070313 -0.0633697509765625 0.062042236328125 -0.240585327148438
0.089385986328125 0.0799636840820313 0.246200561523438 -0.208389282226563
-0.201492309570313 0.2005615234375 0.66094970703125 -0.1954345703125
-0.09185791015625 0.105438232421875 0.202301025390625 -0.0621795654296875
-0.174362182617188 0.0915985107421875 0.213577270507813 0.22308349609375
-0.15667724609375 0.17791748046875 0.408477783203125 0.131134033203125
-0.0933685302734375 0.261489868164063 0.28436279296875 -0.01043701171875
0.10845947265625 0.283538818359375 0.2403564453125 0.0338287353515625
0.228607177734375 0.1961669921875 0.2783203125 0.0899810791015625
0.19586181640625 0.164642333984375 0.285614013671875 0.11529541015625
0.21917724609375 0.156539916992188 0.30340576171875 0.17376708984375
0.153335571289063 0.187713623046875 0.241546630859375 0.210968017578125
0.03936767578125 0.23077392578125 0.121414184570313 0.179306030273438
-0.06866455078125 0.194808959960938 0.0210037231445312 0.13482666015625
-0.160842895507813 0.054779052734375 -0.078826904296875 0.00689697265625001
-0.106636047363281 0.0598068237304687 0.0414276123046875 -0.210189819335938
-0.126632690429688 0.144989013671875 0.220245361328125 -0.190582275390625
-0.43603515625 0.25146484375 0.56524658203125 -0.09771728515625
-0.320526123046875 0.23785400390625 0.147537231445312 0.0244903564453125
-0.321868896484375 0.310089111328125 0.215896606445312 0.25799560546875
-0.17401123046875 0.3841552734375 0.4425048828125 0.1004638671875
-0.0626220703125 0.4053955078125 0.272857666015625 -0.0955810546875
0.1876220703125 0.394805908203125 0.172195434570313 -0.0558319091796875
0.324127197265625 0.277008056640625 0.1627197265625 0.023162841796875
0.292266845703125 0.236785888671875 0.172500610351563 0.063507080078125
0.3292236328125 0.21881103515625 0.213729858398438 0.131744384765625
0.250289916992188 0.24639892578125 0.187606811523438 0.153396606445313
0.126922607421875 0.330047607421875 0.094512939453125 0.14178466796875
-0.000610351562500022 0.34014892578125 0.0225906372070312 0.119735717773438
-0.228057861328125 0.241439819335937 -0.0904769897460938 0.0184707641601562
-0.268218994140625 0.213775634765625 0.00305175781249998 -0.166656494140625
-0.32464599609375 0.2120361328125 0.137863159179687 -0.154220581054688
-0.59747314453125 0.2432861328125 0.404815673828125 0.00973510742187502
-0.495941162109375 0.305999755859375 0.074005126953125 0.127433776855469
-0.424530029296875 0.466552734375 0.222946166992187 0.265914916992188
-0.160125732421875 0.530181884765625 0.445526123046875 0.03173828125
-0.0146484375 0.479644775390625 0.231353759765625 -0.20367431640625
0.23797607421875 0.43548583984375 0.0726318359375 -0.167953491210937
0.364654541015625 0.31182861328125 0.0147590637207031 -0.0600395202636719
0.342559814453125 0.274932861328125 0.0324821472167969 0.00432014465332033
0.394927978515625 0.255828857421875 0.0941543579101563 0.0833892822265625
0.3165283203125 0.28375244140625 0.100044250488281 0.09588623046875
0.204132080078125 0.399749755859375 0.0359268188476563 0.109275817871094
0.074981689453125 0.457916259765625 -0.00662994384765625 0.104484558105469
-0.25750732421875 0.418853759765625 -0.119644165039063 0.02435302734375
-0.3870849609375 0.368438720703125 -0.0455398559570313 -0.104080200195312
-0.482086181640625 0.268768310546875 0.00748443603515622 -0.0905532836914062
-0.65966796875 0.19476318359375 0.215194702148438 0.104736328125
-0.56781005859375 0.31109619140625 1.52587890624869E-05 0.220748901367188
-0.436431884765625 0.522308349609375 0.22430419921875 0.242568969726563
-0.1055908203125 0.5634765625 0.40264892578125 -0.05938720703125
0.0423583984375 0.45343017578125 0.16168212890625 -0.301025390625
0.2479248046875 0.39105224609375 -0.043670654296875 -0.26995849609375
0.3450927734375 0.29315185546875 -0.14166259765625 -0.140365600585938
0.3389892578125 0.273681640625 -0.113487243652344 -0.0555191040039062
0.39971923828125 0.262908935546875 -0.0418815612792968 0.0289993286132813
0.33087158203125 0.289794921875 -0.0141220092773437 0.0357170104980469
0.239715576171875 0.42041015625 -0.0485763549804687 0.076507568359375
0.128173828125 0.517059326171875 -0.0639190673828125 0.0838699340820313
-0.263153076171875 0.53955078125 -0.157302856445313 0.024383544921875
-0.456695556640625 0.472015380859375 -0.100578308105469 -0.0233917236328125
-0.57794189453125 0.28924560546875 -0.160049438476563 -0.00605773925781249
-0.62255859375 0.1328125 0.032745361328125 0.174606323242188
-0.530517578125 0.27581787109375 -0.058135986328125 0.281036376953125
-0.353515625 0.481964111328125 0.211181640625 0.194259643554688
-0.021331787109375 0.475677490234375 0.319244384765625 -0.13897705078125
0.08660888671875 0.333984375 0.07666015625 -0.35284423828125
0.211257934570313 0.27777099609375 -0.152313232421875 -0.332183837890625
0.271377563476562 0.226852416992187 -0.278228759765625 -0.200775146484375
0.284271240234375 0.2294921875 -0.24407958984375 -0.106369018554687
0.33984375 0.232086181640625 -0.17474365234375 -0.0279998779296875
0.285797119140625 0.2506103515625 -0.132957458496094 -0.0233993530273438
0.227294921875 0.372589111328125 -0.143157958984375 0.0403594970703125
0.144012451171875 0.492706298828125 -0.140144348144531 0.0492172241210938
-0.248046875 0.5654296875 -0.1971435546875 0.00592041015625004
-0.475067138671875 0.486968994140625 -0.154815673828125 0.0554351806640625
-0.59576416015625 0.2545166015625 -0.342529296875 0.08270263671875
-0.502044677734375 0.07012939453125 -0.11114501953125 0.2149658203125
-0.411346435546875 0.22296142578125 -0.09063720703125 0.29736328125
-0.21142578125 0.380615234375 0.182785034179688 0.1309814453125
0.0609130859375 0.31878662109375 0.21551513671875 -0.185333251953125
0.105300903320313 0.166610717773438 -0.00115966796874996 -0.34930419921875
0.137046813964844 0.133544921875 -0.23016357421875 -0.3455810546875
0.157135009765625 0.134124755859375 -0.374237060546875 -0.232086181640625
0.187149047851563 0.150985717773438 -0.33966064453125 -0.14422607421875
0.224075317382813 0.159622192382813 -0.278793334960938 -0.0802764892578125
0.194534301757813 0.162734985351563 -0.229080200195313 -0.0752105712890625
0.179122924804688 0.255722045898438 -0.224502563476563 0.00369262695312501
0.133026123046875 0.385162353515625 -0.21826171875 0.000106811523437506
-0.2127685546875 0.49212646484375 -0.228179931640625 -0.039764404296875
-0.43341064453125 0.401123046875 -0.2008056640625 0.1068115234375
-0.5255126953125 0.160888671875 -0.51690673828125 0.154144287109375
-0.322174072265625 0.00854492187500006 -0.1990966796875 0.232940673828125
-0.242538452148437 0.15826416015625 -0.094818115234375 0.279266357421875
-0.0594329833984375 0.24658203125 0.144271850585938 0.068359375
0.1158447265625 0.139732360839844 0.116378784179688 -0.195556640625
0.0938873291015625 0.00146484375 -0.056304931640625 -0.30633544921875
0.0377464294433594 -0.0049591064453125 -0.267852783203125 -0.31854248046875
0.02130126953125 0.0350379943847656 -0.414794921875 -0.233306884765625
0.061248779296875 0.05047607421875 -0.38421630859375 -0.161651611328125
0.075775146484375 0.0538330078125 -0.333831787109375 -0.11468505859375
0.0843963623046875 0.033721923828125 -0.283599853515625 -0.103118896484375
0.126754760742188 0.0884017944335938 -0.277359008789063 -0.0193634033203125
0.126129150390625 0.218826293945313 -0.282928466796875 -0.0516967773437499
-0.13580322265625 0.34417724609375 -0.245285034179688 -0.10333251953125
-0.316436767578125 0.238677978515625 -0.230056762695313 0.11871337890625
-0.362030029296875 0.0311584472656251 -0.650146484375 0.18505859375
0.070404052734375 0.0888214111328125 0.6435546875 -0.30029296875
0.119827270507813 -0.0840072631835938 0.217788696289062 -0.130706787109375
-0.0445175170898438 -0.136856079101563 0.224472045898438 0.147857666015625
-0.131095886230469 -0.0285491943359375 0.3619384765625 0.089691162109375
-0.10205078125 0.0976791381835937 0.272796630859375 0.01751708984375
0.0220489501953125 0.129119873046875 0.273880004882813 0.06634521484375
0.0997695922851563 0.0778350830078125 0.346832275390625 0.103424072265625
0.0752182006835938 0.064697265625 0.3594970703125 0.125946044921875
0.0897598266601563 0.0659942626953125 0.365753173828125 0.182647705078125
0.0545806884765625 0.105155944824219 0.276535034179688 0.247161865234375
-0.0303421020507813 0.114288330078125 0.133621215820312 0.2147216796875
-0.104843139648438 0.0457687377929688 -0.000396728515625017 0.148941040039063
-0.0633010864257812 -0.10186767578125 -0.0883331298828125 -0.01025390625
0.0755462646484375 -0.0690383911132813 0.0479278564453125 -0.243850708007813
0.096527099609375 0.0745925903320313 0.232254028320313 -0.223724365234375
-0.1829833984375 0.212982177734375 0.6395263671875 -0.23944091796875
-0.0841751098632813 0.107177734375 0.195083618164062 -0.0749359130859375
-0.167922973632812 0.101669311523438 0.227432250976563 0.205917358398437
-0.143630981445312 0.185012817382813 0.412689208984375 0.099273681640625
-0.07623291015625 0.267318725585938 0.276412963867188 -0.0282135009765625
0.1273193359375 0.272171020507813 0.239593505859375 0.0207672119140625
0.241683959960938 0.175033569335938 0.28192138671875 0.071563720703125
0.205413818359375 0.148666381835938 0.288482666015625 0.096405029296875
0.229080200195313 0.137008666992188 0.310333251953125 0.15277099609375
0.163345336914062 0.174331665039062 0.248291015625 0.1920166015625
0.0548095703125 0.223770141601563 0.127960205078125 0.167892456054688
-0.055206298828125 0.193710327148438 0.0268783569335938 0.127906799316406
-0.158111572265625 0.06451416015625 -0.0778121948242188 0.00928497314453125
-0.101005554199219 0.0652236938476563 0.0301361083984375 -0.212326049804688
-0.114166259765625 0.152359008789063 0.208145141601562 -0.204437255859375
-0.411529541015625 0.2760009765625 0.55181884765625 -0.136077880859375
-0.302337646484375 0.25274658203125 0.146591186523438 0.0131072998046875
-0.29937744140625 0.327056884765625 0.231277465820312 0.240982055664063
-0.1455078125 0.388702392578125 0.442657470703125 0.0670166015625
-0.037506103515625 0.406951904296875 0.259506225585938 -0.111831665039062
0.2105712890625 0.375518798828125 0.166259765625 -0.0640869140625
0.341156005859375 0.249298095703125 0.16314697265625 0.0130615234375
0.30419921875 0.21319580078125 0.171463012695313 0.051849365234375
0.34136962890625 0.190277099609375 0.219161987304688 0.116485595703125
0.261215209960937 0.224472045898438 0.190536499023438 0.13983154296875
0.149139404296875 0.31427001953125 0.0991363525390625 0.133003234863281
0.0235595703125 0.331207275390625 0.0278472900390625 0.112335205078125
-0.211318969726563 0.253372192382812 -0.0880584716796875 0.0208740234375
-0.25006103515625 0.228469848632813 -0.0042877197265625 -0.168411254882812
-0.308380126953125 0.2310791015625 0.1300048828125 -0.162918090820313
-0.57440185546875 0.27691650390625 0.401519775390625 -0.0205078125
-0.471771240234375 0.329833984375 0.080841064453125 0.118560791015625
-0.38934326171875 0.48834228515625 0.238189697265625 0.249420166015625
-0.12152099609375 0.529632568359375 0.440399169921875 -0.00274658203124997
0.014739990234375 0.474945068359375 0.212448120117188 -0.215225219726562
0.261810302734375 0.413543701171875 0.061614990234375 -0.168853759765625
0.383148193359375 0.280914306640625 0.0114631652832031 -0.0592803955078125
0.355743408203125 0.2479248046875 0.0292415618896485 0.00272560119628908
0.40850830078125 0.222991943359375 0.0985870361328125 0.0771026611328125
0.32763671875 0.25665283203125 0.10052490234375 0.0879898071289063
0.22705078125 0.37628173828125 0.0408706665039063 0.105690002441406
0.106170654296875 0.4415283203125 -0.00225067138671875 0.0984649658203125
-0.226898193359375 0.43170166015625 -0.115653991699219 0.0288009643554688
-0.35821533203125 0.38836669921875 -0.0472183227539063 -0.103904724121094
-0.461212158203125 0.29705810546875 0.00456237792968748 -0.0907363891601562
-0.63970947265625 0.234130859375 0.218902587890625 0.086334228515625
-0.541168212890625 0.339752197265625 0.0122833251953125 0.216720581054688
-0.39862060546875 0.5460205078125 0.236923217773438 0.227127075195313
-0.0635375976562499 0.558197021484375 0.39361572265625 -0.086212158203125
0.068115234375 0.443359375 0.136871337890625 -0.306488037109375
0.266998291015625 0.368316650390625 -0.0601654052734375 -0.262802124023438
0.361083984375 0.2635498046875 -0.148666381835937 -0.12841796875
0.352081298828125 0.245758056640625 -0.118698120117187 -0.0464553833007813
0.4129638671875 0.22906494140625 -0.0400657653808593 0.0314788818359375
0.3419189453125 0.2618408203125 -0.0147476196289062 0.0359039306640625
0.264312744140625 0.39495849609375 -0.0437164306640625 0.078460693359375
0.162811279296875 0.49542236328125 -0.06005859375 0.0818710327148438
-0.223541259765625 0.55206298828125 -0.152130126953125 0.0303649902343751
-0.419769287109375 0.49603271484375 -0.0960617065429688 -0.0196685791015625
-0.557952880859375 0.32183837890625 -0.155136108398438 0.00404357910156249
-0.60687255859375 0.169677734375 0.04229736328125 0.166290283203125
-0.507781982421875 0.304656982421875 -0.0428009033203125 0.280303955078125
-0.317291259765625 0.500701904296875 0.221908569335937 0.180526733398438
0.0128173828125 0.46514892578125 0.306549072265625 -0.158111572265625
0.103759765625 0.321136474609375 0.05078125 -0.352691650390625
0.222885131835938 0.25933837890625 -0.1702880859375 -0.31903076171875
0.2833251953125 0.205780029296875 -0.28729248046875 -0.178375244140625
0.29608154296875 0.20782470703125 -0.250213623046875 -0.0893096923828125
0.350982666015625 0.20355224609375 -0.175155639648437 -0.0166168212890625
0.2957763671875 0.228302001953125 -0.136344909667969 -0.015350341796875
0.247222900390625 0.349761962890625 -0.138542175292969 0.0482635498046875
0.1754150390625 0.471466064453125 -0.136848449707031 0.0532073974609375
-0.208251953125 0.57708740234375 -0.1929931640625 0.0147705078125
-0.437530517578125 0.5106201171875 -0.145370483398438 0.0612945556640626
-0.57769775390625 0.28839111328125 -0.33074951171875 0.105438232421875
-0.49237060546875 0.100433349609375 -0.0981292724609375 0.216140747070313
-0.394622802734375 0.244720458984375 -0.07501220703125 0.29974365234375
-0.182281494140625 0.391815185546875 0.189437866210938 0.120086669921875
0.08441162109375 0.3045654296875 0.200714111328125 -0.195770263671875
0.11065673828125 0.153900146484375 -0.023590087890625 -0.343231201171875
0.138778686523438 0.121681213378906 -0.248443603515625 -0.325714111328125
0.163772583007813 0.123397827148438 -0.38427734375 -0.203582763671875
0.193878173828125 0.136886596679688 -0.347198486328125 -0.12091064453125
0.23199462890625 0.14215087890625 -0.2825927734375 -0.0617980957031249
0.199310302734375 0.148406982421875 -0.233749389648438 -0.0603485107421875
0.192672729492188 0.237380981445313 -0.220382690429688 0.017425537109375
0.159881591796875 0.36773681640625 -0.215911865234375 0.0110321044921875
-0.1766357421875 0.501495361328125 -0.226654052734375 -0.026947021484375
-0.402587890625 0.4241943359375 -0.188003540039063 0.11663818359375
-0.513519287109375 0.191375732421875 -0.497222900390625 0.187255859375
-0.318756103515625 0.030609130859375 -0.184921264648438 0.2398681640625
-0.232528686523437 0.172042846679688 -0.081268310546875 0.282958984375
-0.04052734375 0.24896240234375 0.147628784179688 0.061614990234375
0.124702453613281 0.12554931640625 0.102142333984375 -0.198654174804688
0.0887908935546875 -0.0080413818359375 -0.073028564453125 -0.29705810546875
0.0318317413330078 -0.0065765380859375 -0.28277587890625 -0.296630859375
0.0226249694824219 0.0355339050292969 -0.425628662109375 -0.2027587890625
0.0629196166992188 0.0463600158691406 -0.392822265625 -0.13470458984375
0.0776596069335938 0.0478134155273438 -0.3387451171875 -0.092803955078125
0.08251953125 0.02764892578125 -0.288482666015625 -0.08477783203125
0.129684448242188 0.0764694213867188 -0.272720336914063 -0.00169372558593745
0.139694213867188 0.204696655273438 -0.282958984375 -0.0344848632812499
-0.11004638671875 0.350341796875 -0.248916625976563 -0.088653564453125
-0.297088623046875 0.255706787109375 -0.217575073242188 0.130508422851562
-0.36004638671875 0.05224609375 -0.62847900390625 0.22772216796875
0.076690673828125 0.0853347778320313 0.607421875 -0.32403564453125
0.111259460449219 -0.0888214111328125 0.203170776367188 -0.13690185546875
-0.0519638061523438 -0.130813598632813 0.2261962890625 0.132965087890625
-0.1290283203125 -0.0213699340820313 0.35418701171875 0.06805419921875
-0.0937118530273438 0.101531982421875 0.261810302734375 0.00445556640625001
0.0303497314453125 0.123344421386719 0.268905639648438 0.053253173828125
0.10296630859375 0.0671920776367188 0.34423828125 0.083740234375
0.07781982421875 0.0571517944335938 0.35406494140625 0.106414794921875
0.0925064086914063 0.0577392578125 0.363677978515625 0.16021728515625
0.0593643188476563 0.0991134643554688 0.275924682617188 0.225204467773438
-0.0223846435546875 0.113731384277344 0.136489868164063 0.199981689453125
-0.0995254516601563 0.05010986328125 0.004852294921875 0.141326904296875
-0.0700759887695313 -0.0952377319335938 -0.0862579345703125 -0.00825500488281249
0.0678253173828125 -0.0707473754882813 0.0372772216796875 -0.240341186523438
0.1004638671875 0.0684356689453125 0.217025756835938 -0.229568481445313
-0.163909912109375 0.216629028320313 0.61016845703125 -0.2652587890625
-0.0775833129882813 0.104530334472656 0.1849365234375 -0.0838165283203125
-0.160430908203125 0.107421875 0.231109619140625 0.188446044921875
-0.130752563476563 0.184234619140625 0.402679443359375 0.074005126953125
-0.0608062744140625 0.264999389648438 0.26287841796875 -0.0403900146484375
0.138519287109375 0.257171630859375 0.233734130859375 0.010528564453125
0.244964599609375 0.154281616210938 0.278091430664063 0.05615234375
0.2073974609375 0.132476806640625 0.282135009765625 0.080169677734375
0.230377197265625 0.11822509765625 0.30755615234375 0.133331298828125
0.165176391601563 0.15887451171875 0.245803833007813 0.174346923828125
0.06451416015625 0.212875366210938 0.128341674804688 0.15557861328125
-0.0441436767578125 0.1881103515625 0.0288314819335938 0.119308471679688
-0.152816772460938 0.0704803466796875 -0.0750961303710938 0.0104217529296875
-0.09552001953125 0.0673904418945313 0.0218963623046875 -0.210372924804687
-0.101409912109375 0.152862548828125 0.194854736328125 -0.2095947265625
-0.384490966796875 0.28839111328125 0.5291748046875 -0.16168212890625
-0.28289794921875 0.255218505859375 0.142547607421875 0.00358581542968752
-0.27630615234375 0.33258056640625 0.23651123046875 0.22235107421875
-0.122894287109375 0.38037109375 0.431304931640625 0.041259765625
-0.01898193359375 0.397369384765625 0.24163818359375 -0.120101928710937
0.2232666015625 0.354583740234375 0.158905029296875 -0.06842041015625
0.3443603515625 0.2208251953125 0.160186767578125 0.00486755371093751
0.30523681640625 0.1903076171875 0.166336059570313 0.044219970703125
0.341827392578125 0.163543701171875 0.217620849609375 0.102859497070313
0.26129150390625 0.202728271484375 0.187408447265625 0.126144409179688
0.1588134765625 0.29339599609375 0.0996322631835938 0.123619079589844
0.038543701171875 0.31524658203125 0.0282745361328125 0.102638244628906
-0.193817138671875 0.25518798828125 -0.0849075317382813 0.0222091674804688
-0.230438232421875 0.232376098632813 -0.00856018066406253 -0.166183471679687
-0.2861328125 0.239227294921875 0.121170043945313 -0.166336059570313
-0.542449951171875 0.295654296875 0.3892822265625 -0.042266845703125
-0.4437255859375 0.33770751953125 0.0821762084960937 0.109130859375
-0.3570556640625 0.49420166015625 0.242218017578125 0.2315673828125
-0.0908203125 0.514617919921875 0.42633056640625 -0.024932861328125
0.033477783203125 0.460968017578125 0.191146850585938 -0.218017578125
0.272003173828125 0.386322021484375 0.05157470703125 -0.165390014648438
0.387176513671875 0.251434326171875 0.0091819763183594 -0.0576019287109375
0.356781005859375 0.222259521484375 0.0255451202392578 0.00274658203125001
0.4080810546875 0.192230224609375 0.0988540649414063 0.0699996948242188
0.326873779296875 0.231353759765625 0.0978317260742188 0.0813980102539063
0.2381591796875 0.3485107421875 0.0420150756835938 0.0992889404296875
0.1240234375 0.416717529296875 -0.0010833740234375 0.091278076171875
-0.20086669921875 0.4298095703125 -0.111366271972656 0.0300674438476563
-0.326995849609375 0.394073486328125 -0.0466995239257813 -0.102546691894531
-0.435272216796875 0.309844970703125 0.00376892089843747 -0.0895538330078125
-0.60791015625 0.255126953125 0.215484619140625 0.0699920654296875
-0.51336669921875 0.352081298828125 0.0193634033203125 0.207595825195313
-0.35955810546875 0.547515869140625 0.24005126953125 0.210739135742188
-0.033050537109375 0.536773681640625 0.376312255859375 -0.10406494140625
0.083831787109375 0.42626953125 0.114715576171875 -0.30133056640625
0.27374267578125 0.342498779296875 -0.0696563720703125 -0.251129150390625
0.364471435546875 0.23675537109375 -0.14959716796875 -0.116943359375
0.3529052734375 0.221771240234375 -0.119979858398437 -0.0377426147460937
0.41241455078125 0.19818115234375 -0.0369415283203125 0.032501220703125
0.3426513671875 0.236053466796875 -0.0164070129394531 0.03704833984375
0.274169921875 0.365692138671875 -0.0398025512695312 0.0774383544921875
0.181488037109375 0.467254638671875 -0.0570297241210937 0.078125
-0.1895751953125 0.5460205078125 -0.146286010742187 0.033721923828125
-0.3824462890625 0.501251220703125 -0.08978271484375 -0.0194168090820312
-0.528167724609375 0.339080810546875 -0.146636962890625 0.0107269287109375
-0.580078125 0.1925048828125 0.0469207763671875 0.155364990234375
-0.482208251953125 0.315582275390625 -0.0320892333984375 0.273269653320313
-0.28204345703125 0.50201416015625 0.22259521484375 0.1669921875
0.035888671875 0.444915771484375 0.28778076171875 -0.167877197265625
0.111328125 0.30426025390625 0.03033447265625 -0.34210205078125
0.224685668945313 0.239532470703125 -0.1783447265625 -0.30023193359375
0.284820556640625 0.1856689453125 -0.28717041015625 -0.158935546875
0.296417236328125 0.186553955078125 -0.249282836914062 -0.0732421874999999
0.350494384765625 0.178009033203125 -0.170516967773437 -0.00743103027343749
0.2935791015625 0.20758056640625 -0.135292053222656 -0.00817871093749997
0.25537109375 0.322357177734375 -0.131996154785156 0.05316162109375
0.19293212890625 0.444091796875 -0.132438659667969 0.05450439453125
-0.1729736328125 0.571533203125 -0.186050415039063 0.0206146240234376
-0.400848388671875 0.51727294921875 -0.133995056152344 0.06280517578125
-0.550750732421875 0.306396484375 -0.311981201171875 0.1175537109375
-0.473907470703125 0.12054443359375 -0.0882568359375 0.21112060546875
-0.3736572265625 0.255035400390625 -0.0625000000000001 0.295135498046875
-0.155853271484375 0.38970947265625 0.189605712890625 0.110519409179688
0.097503662109375 0.28564453125 0.18365478515625 -0.197463989257812
0.110000610351563 0.141555786132813 -0.038818359375 -0.32965087890625
0.135452270507813 0.112228393554688 -0.254302978515625 -0.303375244140625
0.165206909179688 0.112579345703125 -0.38262939453125 -0.1771240234375
0.192840576171875 0.123184204101563 -0.344879150390625 -0.0999145507812499
0.2308349609375 0.125106811523438 -0.277694702148438 -0.046844482421875
0.196517944335938 0.13470458984375 -0.231582641601562 -0.0481109619140625
0.19512939453125 0.217697143554688 -0.211822509765625 0.025909423828125
0.172882080078125 0.34490966796875 -0.210296630859375 0.0184478759765625
-0.144683837890625 0.49658203125 -0.221786499023437 -0.0176849365234375
-0.371002197265625 0.430389404296875 -0.1734619140625 0.119049072265625
-0.4930419921875 0.20928955078125 -0.47113037109375 0.207427978515625
-0.308258056640625 0.046173095703125 -0.171829223632813 0.239166259765625
-0.219741821289062 0.177627563476563 -0.070404052734375 0.281219482421875
-0.0241851806640625 0.244720458984375 0.146759033203125 0.056396484375
0.128639221191406 0.111404418945313 0.089263916015625 -0.194656372070313
0.08111572265625 -0.0142822265625 -0.083251953125 -0.281707763671875
0.0262947082519531 -0.00588417053222656 -0.286895751953125 -0.2730712890625
0.02386474609375 0.03564453125 -0.42156982421875 -0.17449951171875
0.0624008178710938 0.0419807434082031 -0.388397216796875 -0.11077880859375
0.0763092041015625 0.043212890625 -0.335540771484375 -0.0751037597656249
0.0778884887695313 0.0237655639648437 -0.284454345703125 -0.0692138671875
0.126358032226563 0.064788818359375 -0.261489868164063 0.01019287109375
0.1463623046875 0.189193725585938 -0.277206420898438 -0.020904541015625
-0.08837890625 0.34564208984375 -0.245285034179688 -0.0761871337890625
-0.27777099609375 0.26141357421875 -0.202865600585938 0.135345458984375
-0.350555419921875 0.0661010742187501 -0.59698486328125 0.25323486328125
0.082000732421875 0.08221435546875 0.58111572265625 -0.32977294921875
0.104988098144531 -0.09051513671875 0.192276000976563 -0.138565063476563
-0.0551528930664063 -0.125892639160156 0.223983764648437 0.123062133789062
-0.126693725585938 -0.0179595947265625 0.345947265625 0.05499267578125
-0.0869979858398438 0.102447509765625 0.251434326171875 -0.00173950195312499
0.0354766845703125 0.117927551269531 0.262191772460938 0.0463409423828125
0.103286743164063 0.058441162109375 0.337005615234375 0.071533203125
0.0778427124023437 0.051544189453125 0.34576416015625 0.0941162109375
0.0937881469726563 0.0513687133789063 0.353912353515625 0.145904541015625
0.06207275390625 0.094329833984375 0.269775390625 0.2108154296875
-0.0168533325195313 0.111701965332031 0.133499145507813 0.188369750976563
-0.0962677001953125 0.0513229370117188 0.00486755371093748 0.133522033691406
-0.0734100341796875 -0.0893630981445313 -0.0838165283203125 -0.00814819335937502
0.0632705688476563 -0.0705947875976563 0.0324554443359375 -0.237136840820312
0.102943420410156 0.0642318725585938 0.206634521484375 -0.228652954101563
-0.148956298828125 0.214767456054688 0.58502197265625 -0.27227783203125
-0.0739898681640625 0.100685119628906 0.177078247070313 -0.087066650390625
-0.15478515625 0.107269287109375 0.230606079101563 0.177474975585938
-0.122787475585937 0.180282592773438 0.3927001953125 0.0596923828125
-0.0520782470703125 0.260650634765625 0.251083374023438 -0.04449462890625
0.143508911132813 0.245040893554688 0.227401733398437 0.00616455078125001
0.243209838867188 0.139785766601563 0.272659301757813 0.0470733642578125
0.20477294921875 0.121414184570313 0.27490234375 0.07196044921875
0.228042602539063 0.105819702148438 0.3006591796875 0.12249755859375
0.164199829101563 0.14935302734375 0.238937377929688 0.163177490234375
0.0691375732421875 0.203140258789063 0.124984741210937 0.145965576171875
-0.03900146484375 0.181228637695313 0.0270004272460937 0.111228942871094
-0.149368286132813 0.0735321044921875 -0.0727157592773438 0.009674072265625
-0.0909957885742188 0.06683349609375 0.018829345703125 -0.207809448242187
-0.0917510986328125 0.150665283203125 0.186233520507813 -0.209793090820313
-0.363006591796875 0.287994384765625 0.510009765625 -0.172698974609375
-0.270416259765625 0.250457763671875 0.137535095214844 -0.00263214111328123
-0.2620849609375 0.329681396484375 0.235580444335937 0.21124267578125
-0.1094970703125 0.368316650390625 0.4185791015625 0.02716064453125
-0.00970458984375 0.387481689453125 0.227767944335938 -0.12060546875
0.22491455078125 0.33538818359375 0.1527099609375 -0.070037841796875
0.34136962890625 0.20159912109375 0.1553955078125 0.000152587890625012
0.301483154296875 0.17547607421875 0.1605224609375 0.040924072265625
0.336273193359375 0.146453857421875 0.213088989257813 0.095367431640625
0.255706787109375 0.188430786132813 0.180755615234375 0.118911743164063
0.160995483398438 0.276504516601563 0.0966033935546875 0.11614990234375
0.04339599609375 0.299835205078125 0.0257339477539062 0.096405029296875
-0.183074951171875 0.253524780273438 -0.0822372436523438 0.0208816528320312
-0.216567993164062 0.230819702148438 -0.00930786132812503 -0.165298461914062
-0.272064208984375 0.237564086914062 0.116500854492188 -0.165283203125
-0.51739501953125 0.298370361328125 0.376251220703125 -0.052825927734375
-0.424407958984375 0.3343505859375 0.08062744140625 0.102203369140625
-0.3350830078125 0.488433837890625 0.240524291992187 0.220474243164063
-0.074554443359375 0.497955322265625 0.412841796875 -0.036773681640625
0.04248046875 0.4464111328125 0.176803588867188 -0.21380615234375
0.271728515625 0.36700439453125 0.0465240478515625 -0.16162109375
0.381683349609375 0.230987548828125 0.00726699829101565 -0.0562324523925781
0.3519287109375 0.206207275390625 0.0229034423828125 0.00458717346191408
0.4000244140625 0.17108154296875 0.09710693359375 0.0660629272460938
0.319671630859375 0.214080810546875 0.09375 0.078033447265625
0.238372802734375 0.32830810546875 0.0414199829101563 0.0944290161132813
0.129608154296875 0.397430419921875 -0.00247955322265625 0.0861129760742188
-0.183074951171875 0.4228515625 -0.107170104980469 0.02947998046875
-0.305999755859375 0.389434814453125 -0.0441131591796875 -0.1026611328125
-0.41534423828125 0.310089111328125 0.00541687011718748 -0.0886993408203125
-0.5831298828125 0.26055908203125 0.21002197265625 0.0592498779296875
-0.492919921875 0.34869384765625 0.0212249755859375 0.200210571289063
-0.337249755859375 0.54248046875 0.238525390625 0.200927734375
-0.01849365234375 0.515655517578125 0.36041259765625 -0.110748291015625
0.08758544921875 0.4124755859375 0.10101318359375 -0.29339599609375
0.27130126953125 0.325927734375 -0.0734100341796875 -0.241912841796875
0.35931396484375 0.218292236328125 -0.148452758789062 -0.109207153320313
0.347747802734375 0.206146240234375 -0.119743347167969 -0.0314865112304688
0.404327392578125 0.177154541015625 -0.0353813171386718 0.0326347351074219
0.332733154296875 0.21990966796875 -0.0176010131835937 0.0372695922851563
0.27337646484375 0.34356689453125 -0.03802490234375 0.0751953125
0.186004638671875 0.443695068359375 -0.0576324462890625 0.0741119384765625
-0.170562744140625 0.535797119140625 -0.141448974609375 0.0334625244140625
-0.358184814453125 0.4970703125 -0.0839996337890625 -0.02056884765625
-0.5076904296875 0.3409423828125 -0.13836669921875 0.0128555297851563
-0.558746337890625 0.199188232421875 0.0469818115234375 0.146026611328125
-0.463348388671875 0.315582275390625 -0.029144287109375 0.265914916992188
-0.26068115234375 0.495086669921875 0.220260620117187 0.160064697265625
0.048004150390625 0.425933837890625 0.273956298828125 -0.16815185546875
0.111602783203125 0.2916259765625 0.0201416015625 -0.330413818359375
0.220321655273438 0.226730346679688 -0.180816650390625 -0.28656005859375
0.281524658203125 0.171905517578125 -0.28277587890625 -0.146942138671875
0.290740966796875 0.174835205078125 -0.245285034179687 -0.0631561279296875
0.34332275390625 0.161712646484375 -0.166259765625 -0.00421142578124997
0.286651611328125 0.193389892578125 -0.13385009765625 -0.00369262695312501
0.25274658203125 0.30462646484375 -0.126792907714844 0.0531463623046875
0.19891357421875 0.41986083984375 -0.130073547363281 0.0542984008789063
-0.15240478515625 0.559478759765625 -0.179840087890625 0.0219116210937501
-0.374359130859375 0.512481689453125 -0.124732971191406 0.0604171752929688
-0.530731201171875 0.310272216796875 -0.29656982421875 0.12176513671875
-0.457244873046875 0.12841796875 -0.0839080810546875 0.203948974609375
-0.36004638671875 0.255950927734375 -0.05816650390625 0.289581298828125
-0.138946533203125 0.383575439453125 0.186965942382813 0.106201171875
0.103439331054687 0.26959228515625 0.1734619140625 -0.193649291992188
0.1060791015625 0.132614135742188 -0.045806884765625 -0.315765380859375
0.130409240722656 0.106307983398438 -0.252593994140625 -0.288818359375
0.163162231445313 0.10601806640625 -0.374664306640625 -0.1614990234375
0.190093994140625 0.115524291992188 -0.33819580078125 -0.087493896484375
0.225601196289063 0.11505126953125 -0.27227783203125 -0.0398254394531249
0.190628051757813 0.126739501953125 -0.227401733398438 -0.041259765625
0.19183349609375 0.203277587890625 -0.203125 0.0292205810546876
0.17578125 0.326568603515625 -0.20550537109375 0.0215301513671875
-0.129241943359375 0.486480712890625 -0.214981079101563 -0.0142974853515625
-0.34912109375 0.427398681640625 -0.162338256835938 0.117385864257813
-0.4779052734375 0.212890625 -0.449554443359375 0.212066650390625
-0.298065185546875 0.053985595703125 -0.1641845703125 0.234481811523438
-0.213043212890625 0.179275512695313 -0.066925048828125 0.278549194335938
-0.015472412109375 0.2396240234375 0.145675659179688 0.0546417236328125
0.128372192382812 0.10089111328125 0.0813751220703125 -0.187088012695313
0.0743484497070313 -0.0175628662109375 -0.085113525390625 -0.269577026367187
0.0224285125732422 -0.00368118286132813 -0.283416748046875 -0.25823974609375
0.0245704650878906 0.0363540649414062 -0.413421630859375 -0.156829833984375
0.0616569519042969 0.0402107238769531 -0.380889892578125 -0.0971984863281249
0.0732192993164063 0.04107666015625 -0.328521728515625 -0.065826416015625
0.0736770629882813 0.0221786499023438 -0.277740478515625 -0.0620880126953125
0.121467590332031 0.057952880859375 -0.251953125 0.013916015625
0.146469116210938 0.176788330078125 -0.26922607421875 -0.0140991210937499
-0.075958251953125 0.338409423828125 -0.240463256835938 -0.0694427490234374
-0.262893676757813 0.261215209960938 -0.192108154296875 0.134963989257813
-0.342193603515625 0.07183837890625 -0.5693359375 0.26092529296875
0.087615966796875 0.081451416015625 0.57061767578125 -0.33416748046875
0.102607727050781 -0.0921096801757813 0.187728881835938 -0.139190673828125
-0.057830810546875 -0.1236572265625 0.224945068359375 0.120071411132813
-0.127189636230469 -0.016876220703125 0.340545654296875 0.049163818359375
-0.0832748413085938 0.103118896484375 0.2457275390625 -0.00381469726562499
0.0395736694335937 0.114639282226563 0.2593994140625 0.0450439453125
0.103904724121094 0.05291748046875 0.335296630859375 0.066162109375
0.0791244506835938 0.0482254028320313 0.3428955078125 0.089996337890625
0.0956802368164062 0.0470733642578125 0.351287841796875 0.14312744140625
0.0638504028320313 0.091705322265625 0.265350341796875 0.206207275390625
-0.0130691528320313 0.111427307128906 0.130630493164063 0.183547973632813
-0.095001220703125 0.0533065795898438 0.00294494628906249 0.129196166992188
-0.0766372680664063 -0.086761474609375 -0.0831451416015625 -0.00978851318359376
0.0613861083984375 -0.0706253051757813 0.0316314697265625 -0.238037109375
0.105941772460938 0.0620040893554688 0.205184936523438 -0.228973388671875
-0.140731811523438 0.214004516601562 0.5753173828125 -0.27825927734375
-0.073272705078125 0.0965957641601563 0.172637939453125 -0.0897979736328125
-0.15374755859375 0.108123779296875 0.230987548828125 0.174087524414062
-0.120925903320312 0.177688598632813 0.38720703125 0.05224609375
-0.0491943359375 0.259521484375 0.244155883789063 -0.0453948974609375
0.146072387695313 0.2386474609375 0.223953247070313 0.00471496582031251
0.242584228515625 0.130722045898438 0.269515991210938 0.0432586669921875
0.205276489257813 0.116455078125 0.270980834960938 0.0708770751953125
0.2276611328125 0.098388671875 0.297332763671875 0.119293212890625
0.162673950195313 0.144256591796875 0.23388671875 0.160232543945313
0.0706329345703125 0.198410034179688 0.121444702148438 0.142059326171875
-0.0384063720703125 0.178085327148437 0.0248794555664062 0.1072998046875
-0.148513793945313 0.07427978515625 -0.0719451904296875 0.00776672363281251
-0.0886611938476563 0.0672607421875 0.0184326171875 -0.209014892578125
-0.0865936279296875 0.149398803710938 0.184616088867187 -0.210525512695313
-0.35284423828125 0.286712646484375 0.50274658203125 -0.17816162109375
-0.26751708984375 0.247024536132813 0.134262084960937 -0.00617980957031249
-0.25811767578125 0.328887939453125 0.235488891601563 0.2069091796875
-0.106109619140625 0.362762451171875 0.414031982421875 0.02020263671875
-0.00732421875000001 0.38519287109375 0.220138549804688 -0.119873046875
0.228302001953125 0.32989501953125 0.150405883789063 -0.0704345703125
0.340545654296875 0.191558837890625 0.153121948242188 -0.00129699707031249
0.30145263671875 0.1689453125 0.157135009765625 0.04132080078125
0.334747314453125 0.13604736328125 0.211196899414063 0.093719482421875
0.252822875976563 0.182052612304688 0.177597045898438 0.117431640625
0.160888671875 0.267898559570313 0.0932235717773438 0.112632751464844
0.044952392578125 0.29278564453125 0.0224761962890625 0.0924835205078125
-0.179229736328125 0.25323486328125 -0.081390380859375 0.019927978515625
-0.210311889648438 0.23052978515625 -0.00874328613281252 -0.16766357421875
-0.26422119140625 0.237960815429687 0.116668701171875 -0.16632080078125
-0.507293701171875 0.297027587890625 0.371063232421875 -0.058074951171875
-0.418731689453125 0.332061767578125 0.0795364379882812 0.0983657836914063
-0.326812744140625 0.48809814453125 0.240936279296875 0.217529296875
-0.069854736328125 0.48736572265625 0.40618896484375 -0.040771484375
0.042877197265625 0.443145751953125 0.1695556640625 -0.210861206054687
0.27349853515625 0.359832763671875 0.045654296875 -0.1600341796875
0.3814697265625 0.220458984375 0.00584411621093753 -0.0555267333984375
0.351165771484375 0.199554443359375 0.0208988189697266 0.00741577148437501
0.397674560546875 0.162353515625 0.0969772338867188 0.0651702880859375
0.314910888671875 0.2081298828125 0.091461181640625 0.078094482421875
0.23712158203125 0.319915771484375 0.039215087890625 0.0927200317382813
0.13031005859375 0.38653564453125 -0.00536346435546875 0.0829696655273438
-0.178619384765625 0.420867919921875 -0.105674743652344 0.02777099609375
-0.296417236328125 0.388336181640625 -0.0419158935546875 -0.106346130371094
-0.4093017578125 0.309844970703125 0.00711059570312497 -0.089447021484375
-0.57489013671875 0.260498046875 0.20733642578125 0.0530853271484375
-0.48699951171875 0.347015380859375 0.0194854736328125 0.19720458984375
-0.327545166015625 0.540435791015625 0.238037109375 0.19952392578125
-0.012451171875 0.506011962890625 0.35498046875 -0.113128662109375
0.08770751953125 0.4058837890625 0.095550537109375 -0.287811279296875
0.269317626953125 0.317840576171875 -0.0738525390625 -0.238739013671875
0.357391357421875 0.20941162109375 -0.148025512695313 -0.106246948242187
0.346954345703125 0.200164794921875 -0.120994567871094 -0.0273818969726562
0.401947021484375 0.169158935546875 -0.0349674224853515 0.0324134826660156
0.32904052734375 0.214385986328125 -0.0195236206054687 0.0387039184570313
0.270721435546875 0.33355712890625 -0.0385665893554687 0.073883056640625
0.1890869140625 0.4329833984375 -0.0592422485351562 0.072235107421875
-0.1629638671875 0.53399658203125 -0.139808654785156 0.031829833984375
-0.347900390625 0.4942626953125 -0.0796737670898438 -0.0248947143554687
-0.502044677734375 0.340972900390625 -0.133514404296875 0.0125350952148438
-0.551727294921875 0.200286865234375 0.045684814453125 0.141647338867188
-0.458648681640625 0.3143310546875 -0.0285949707031251 0.26495361328125
-0.25115966796875 0.49395751953125 0.220184326171875 0.158462524414063
0.053985595703125 0.413726806640625 0.268814086914063 -0.167312622070312
0.110198974609375 0.286865234375 0.015869140625 -0.322967529296875
0.216796875 0.222793579101563 -0.1798095703125 -0.2816162109375
0.280441284179688 0.166671752929687 -0.281402587890625 -0.1409912109375
0.28936767578125 0.1705322265625 -0.245269775390625 -0.0576019287109375
0.341552734375 0.153839111328125 -0.165542602539062 -0.00227355957031251
0.282928466796875 0.189910888671875 -0.133460998535156 -0.00156402587890624
0.2496337890625 0.296051025390625 -0.125732421875 0.0524978637695313
0.199981689453125 0.4117431640625 -0.130691528320313 0.0532989501953125
-0.145477294921875 0.556854248046875 -0.177825927734375 0.0209503173828126
-0.365203857421875 0.51104736328125 -0.119171142578125 0.0573883056640625
-0.527496337890625 0.31207275390625 -0.289398193359375 0.122802734375
-0.4510498046875 0.13116455078125 -0.0835571289062501 0.199905395507813
-0.356689453125 0.257232666015625 -0.0587158203125 0.289886474609375
-0.132537841796875 0.381500244140625 0.187393188476563 0.106414794921875
0.106369018554688 0.260177612304688 0.169296264648438 -0.190139770507812
0.102737426757813 0.129005432128906 -0.046722412109375 -0.30926513671875
0.126953125 0.105369567871094 -0.250396728515625 -0.282318115234375
0.16278076171875 0.103546142578125 -0.372772216796875 -0.15362548828125
0.189666748046875 0.113449096679687 -0.336456298828125 -0.080535888671875
0.22369384765625 0.111221313476563 -0.270889282226563 -0.03692626953125
0.187713623046875 0.124618530273438 -0.22625732421875 -0.038970947265625
0.18841552734375 0.197357177734375 -0.200653076171875 0.028411865234375
0.176422119140625 0.318023681640625 -0.20416259765625 0.0230865478515625
-0.121002197265625 0.48431396484375 -0.212783813476562 -0.0136566162109375
-0.342193603515625 0.4267578125 -0.15704345703125 0.115020751953125
-0.475921630859375 0.215301513671875 -0.439727783203125 0.2147216796875
-0.293212890625 0.0572509765625001 -0.164108276367188 0.232376098632812
-0.21173095703125 0.18157958984375 -0.067047119140625 0.281082153320313
-0.00924682617187498 0.238815307617187 0.146621704101563 0.0554351806640625
0.129531860351563 0.0944442749023438 0.07965087890625 -0.182281494140625
0.0696640014648438 -0.0184822082519531 -0.08477783203125 -0.263168334960937
0.0198745727539062 -0.00174331665039062 -0.279556274414063 -0.2532958984375
0.02606201171875 0.037078857421875 -0.4105224609375 -0.148895263671875
0.0609703063964844 0.0392303466796875 -0.379058837890625 -0.09051513671875
0.0728378295898438 0.0408554077148438 -0.327484130859375 -0.062591552734375
0.0705413818359375 0.0226364135742187 -0.276107788085938 -0.0597991943359375
0.117355346679688 0.0545578002929688 -0.24676513671875 0.014129638671875
0.146881103515625 0.171218872070312 -0.266494750976563 -0.0115203857421875
-0.069366455078125 0.336395263671875 -0.2392578125 -0.068206787109375
-0.260910034179688 0.260452270507812 -0.18658447265625 0.133743286132813
-0.342193603515625 0.0741577148437499 -0.55908203125 0.263153076171875
0.0966415405273438 0.0804824829101563 0.57049560546875 -0.34820556640625
0.102012634277344 -0.09686279296875 0.18585205078125 -0.144638061523438
-0.0622787475585938 -0.124542236328125 0.23101806640625 0.1168212890625
-0.130752563476563 -0.0159454345703125 0.34539794921875 0.041351318359375
-0.0806961059570312 0.107124328613281 0.245346069335937 -0.00703430175781249
0.04559326171875 0.113761901855469 0.261795043945313 0.042205810546875
0.1065673828125 0.0482635498046875 0.33941650390625 0.06011962890625
0.082244873046875 0.044921875 0.3482666015625 0.086151123046875
0.100028991699219 0.0424880981445312 0.355499267578125 0.13885498046875
0.0678482055664063 0.0910873413085938 0.26910400390625 0.2052001953125
-0.00903320312500001 0.113006591796875 0.1309814453125 0.1815185546875
-0.095794677734375 0.0559844970703125 0.00202178955078125 0.128402709960938
-0.0812149047851563 -0.0836410522460938 -0.0842742919921875 -0.0113067626953125
0.0607757568359375 -0.072235107421875 0.02935791015625 -0.244522094726563
0.112808227539062 0.0604705810546875 0.205062866210938 -0.2354736328125
-0.133941650390625 0.216384887695312 0.5772705078125 -0.29217529296875
-0.0732040405273438 0.0965347290039062 0.172195434570313 -0.09552001953125
-0.15533447265625 0.112594604492188 0.23870849609375 0.171646118164062
-0.122116088867187 0.178939819335938 0.391876220703125 0.043426513671875
-0.0451812744140625 0.265670776367188 0.242294311523437 -0.0486907958984375
0.154388427734375 0.237564086914063 0.226028442382813 0.00114440917968751
0.248275756835938 0.124008178710938 0.272247314453125 0.038421630859375
0.209991455078125 0.111404418945313 0.274826049804688 0.0687408447265625
0.23309326171875 0.0907440185546875 0.30133056640625 0.117218017578125
0.167434692382813 0.141937255859375 0.236618041992188 0.159942626953125
0.0755767822265625 0.197723388671875 0.121505737304687 0.140640258789063
-0.036590576171875 0.179489135742188 0.0226669311523437 0.10638427734375
-0.150375366210937 0.0807037353515625 -0.0720596313476563 0.00762176513671874
-0.0862579345703125 0.069000244140625 0.0160980224609375 -0.215682983398437
-0.0817413330078125 0.150955200195313 0.1851806640625 -0.216812133789063
-0.348541259765625 0.293243408203125 0.505706787109375 -0.190093994140625
-0.267486572265625 0.249679565429687 0.134117126464844 -0.00979614257812498
-0.25726318359375 0.33782958984375 0.242950439453125 0.205093383789063
-0.102386474609375 0.364501953125 0.416748046875 0.01080322265625
-0.00201416015625003 0.3917236328125 0.21783447265625 -0.122467041015625
0.237579345703125 0.32666015625 0.150726318359375 -0.072906494140625
0.34716796875 0.18353271484375 0.153488159179688 -0.00373840332031249
0.308074951171875 0.163787841796875 0.15869140625 0.04168701171875
0.341156005859375 0.12725830078125 0.21490478515625 0.092041015625
0.256744384765625 0.179122924804688 0.179046630859375 0.11737060546875
0.16583251953125 0.265533447265625 0.0926132202148438 0.112014770507813
0.04876708984375 0.292266845703125 0.0208969116210938 0.0926666259765625
-0.177322387695313 0.26068115234375 -0.0813064575195313 0.0198898315429688
-0.204971313476563 0.235931396484375 -0.009246826171875 -0.1746826171875
-0.26220703125 0.242706298828125 0.117843627929687 -0.170913696289062
-0.5068359375 0.305267333984375 0.374298095703125 -0.06854248046875
-0.4193115234375 0.3392333984375 0.0794525146484375 0.096710205078125
-0.323699951171875 0.499969482421875 0.247833251953125 0.216888427734375
-0.0644531250000001 0.490631103515625 0.408721923828125 -0.049468994140625
0.048614501953125 0.44970703125 0.166305541992188 -0.21343994140625
0.282257080078125 0.357269287109375 0.0425567626953125 -0.162399291992187
0.388397216796875 0.21356201171875 0.00370788574218753 -0.0558090209960937
0.359283447265625 0.1947021484375 0.0197792053222656 0.0108013153076172
0.4049072265625 0.15252685546875 0.0990829467773438 0.0648651123046875
0.320587158203125 0.204193115234375 0.0921401977539063 0.0789642333984375
0.243072509765625 0.315643310546875 0.0384521484375 0.0927505493164063
0.136505126953125 0.383636474609375 -0.00794219970703125 0.0833587646484375
-0.171905517578125 0.430694580078125 -0.106361389160156 0.0281677246093751
-0.289825439453125 0.397857666015625 -0.0413360595703125 -0.11175537109375
-0.410125732421875 0.3189697265625 0.00939941406249998 -0.0911026000976562
-0.5767822265625 0.26953125 0.209213256835937 0.04815673828125
-0.488739013671875 0.356109619140625 0.0205535888671875 0.199081420898438
-0.322662353515625 0.555267333984375 0.244461059570312 0.199493408203125
-0.00445556640624996 0.504791259765625 0.35614013671875 -0.11956787109375
0.0919189453125 0.41064453125 0.090728759765625 -0.289764404296875
0.27716064453125 0.316314697265625 -0.078399658203125 -0.240386962890625
0.366058349609375 0.203155517578125 -0.152969360351562 -0.10406494140625
0.354766845703125 0.196533203125 -0.123733520507812 -0.0217666625976562
0.40887451171875 0.16064453125 -0.035247802734375 0.0346031188964844
0.33306884765625 0.21038818359375 -0.0200462341308594 0.0407867431640625
0.276214599609375 0.3297119140625 -0.0394821166992187 0.0750274658203125
0.196136474609375 0.430419921875 -0.0620269775390625 0.0739059448242188
-0.154571533203125 0.54473876953125 -0.14093017578125 0.0330810546875001
-0.3394775390625 0.505096435546875 -0.0782394409179688 -0.0282821655273437
-0.50439453125 0.35284423828125 -0.13177490234375 0.0145645141601563
-0.552886962890625 0.20782470703125 0.0461578369140625 0.139739990234375
-0.46136474609375 0.32421875 -0.0276031494140625 0.269744873046875
-0.2437744140625 0.504974365234375 0.225692749023437 0.158966064453125
0.060760498046875 0.412017822265625 0.268951416015625 -0.172637939453125
0.1124267578125 0.28851318359375 0.011749267578125 -0.3240966796875
0.220840454101563 0.221694946289063 -0.185394287109375 -0.282257080078125
0.286224365234375 0.162139892578125 -0.287811279296875 -0.136138916015625
0.296142578125 0.166778564453125 -0.249969482421875 -0.0509796142578125
0.34722900390625 0.14837646484375 -0.168426513671875 0.000885009765625023
0.28656005859375 0.187591552734375 -0.136878967285156 0.00111389160156252
0.25445556640625 0.29205322265625 -0.127281188964844 0.0542221069335938
0.207122802734375 0.408966064453125 -0.133064270019531 0.0558929443359375
-0.1361083984375 0.5672607421875 -0.179763793945312 0.0228271484375001
-0.358245849609375 0.5235595703125 -0.116813659667969 0.0559310913085938
-0.53204345703125 0.3226318359375 -0.288299560546875 0.1292724609375
-0.452239990234375 0.137420654296875 -0.0844573974609375 0.201812744140625
-0.358062744140625 0.26605224609375 -0.0567016601562501 0.298126220703125
-0.12457275390625 0.3892822265625 0.192611694335937 0.106658935546875
0.112350463867188 0.255706787109375 0.167816162109375 -0.192108154296875
0.102134704589844 0.127975463867188 -0.05126953125 -0.309356689453125
0.127578735351563 0.105438232421875 -0.257354736328125 -0.281768798828125
0.16632080078125 0.101943969726563 -0.380279541015625 -0.148529052734375
0.193206787109375 0.111068725585938 -0.342254638671875 -0.07305908203125
0.228378295898437 0.10833740234375 -0.276260375976563 -0.0321502685546875
0.189193725585938 0.124679565429688 -0.230438232421875 -0.0357513427734375
0.189163208007813 0.195327758789063 -0.202011108398438 0.0309906005859375
0.182861328125 0.3157958984375 -0.207077026367187 0.026123046875
-0.114471435546875 0.493927001953125 -0.216781616210938 -0.011505126953125
-0.33880615234375 0.437744140625 -0.153854370117188 0.116897583007813
-0.48193359375 0.225189208984375 -0.439178466796875 0.226043701171875
-0.295806884765625 0.06219482421875 -0.1650390625 0.236068725585938
-0.212966918945313 0.189743041992187 -0.06500244140625 0.290802001953125
-0.000701904296874974 0.24346923828125 0.151351928710938 0.0556488037109375
0.133735656738281 0.0884017944335938 0.0783538818359375 -0.1824951171875
0.0666847229003906 -0.0206413269042969 -0.0864410400390625 -0.263214111328125
0.0182056427001953 -0.000116348266601563 -0.28466796875 -0.250823974609375
0.0269203186035156 0.0380859375 -0.41717529296875 -0.142547607421875
0.0627975463867188 0.0390701293945313 -0.3848876953125 -0.08343505859375
0.073211669921875 0.0412521362304688 -0.3343505859375 -0.057769775390625
0.0691566467285156 0.0233078002929687 -0.280853271484375 -0.0578460693359374
0.11529541015625 0.0523452758789063 -0.247207641601563 0.0159149169921875
0.150985717773438 0.16778564453125 -0.270278930664063 -0.00712585449218753
-0.063690185546875 0.3424072265625 -0.244216918945312 -0.0654449462890625
-0.260528564453125 0.268600463867188 -0.184051513671875 0.137435913085938
-0.34942626953125 0.080810546875 -0.558929443359375 0.2772216796875
0.108345031738281 0.0759658813476562 0.56634521484375 -0.37762451171875
0.0998992919921875 -0.104766845703125 0.18133544921875 -0.155120849609375
-0.0694808959960937 -0.124313354492188 0.24224853515625 0.108596801757813
-0.136032104492188 -0.0106277465820312 0.3521728515625 0.02569580078125
-0.07720947265625 0.113349914550781 0.24676513671875 -0.0154266357421875
0.0535812377929688 0.112045288085938 0.267837524414063 0.0340118408203125
0.110511779785156 0.04150390625 0.34820556640625 0.047943115234375
0.0865249633789063 0.0396270751953125 0.35931396484375 0.074310302734375
0.105232238769531 0.0353012084960938 0.367156982421875 0.13055419921875
0.0754470825195313 0.0892715454101563 0.280181884765625 0.199951171875
-0.00260162353515624 0.115364074707031 0.137313842773437 0.179122924804688
-0.0960464477539063 0.0619735717773438 0.0041656494140625 0.129051208496094
-0.0875625610351562 -0.0799713134765625 -0.0861358642578125 -0.0112533569335937
0.0600662231445313 -0.0767364501953125 0.02154541015625 -0.25445556640625
0.121681213378906 0.0558013916015625 0.201736450195313 -0.248291015625
-0.122665405273438 0.222335815429687 0.57647705078125 -0.322998046875
-0.0717315673828125 0.0980148315429688 0.1689453125 -0.105728149414063
-0.1552734375 0.121139526367187 0.251129150390625 0.1636962890625
-0.120559692382812 0.186004638671875 0.4000244140625 0.02508544921875
-0.0354766845703125 0.274002075195312 0.242660522460938 -0.056732177734375
0.169219970703125 0.234054565429687 0.229766845703125 -0.00631713867187498
0.257354736328125 0.112655639648438 0.2784423828125 0.028656005859375
0.21954345703125 0.102523803710938 0.282470703125 0.061553955078125
0.241806030273438 0.07818603515625 0.31219482421875 0.109619140625
0.1756591796875 0.136947631835938 0.245315551757813 0.15521240234375
0.0847015380859375 0.196792602539063 0.125389099121094 0.137863159179687
-0.0312347412109375 0.182693481445313 0.0242080688476563 0.1064453125
-0.150360107421875 0.089385986328125 -0.072967529296875 0.00824737548828126
-0.0832748413085938 0.0732345581054688 0.00959777832031247 -0.22528076171875
-0.0738372802734375 0.15496826171875 0.182327270507813 -0.229446411132813
-0.34088134765625 0.308837890625 0.50848388671875 -0.216552734375
-0.26373291015625 0.262130737304688 0.134681701660156 -0.0175628662109375
-0.2491455078125 0.3565673828125 0.257080078125 0.199462890625
-0.0941162109375 0.371978759765625 0.423583984375 -0.00811767578124998
0.012725830078125 0.40216064453125 0.21527099609375 -0.130844116210937
0.255401611328125 0.323760986328125 0.149749755859375 -0.080169677734375
0.361053466796875 0.169769287109375 0.155014038085938 -0.00935363769531249
0.32135009765625 0.15203857421875 0.163040161132813 0.040191650390625
0.351776123046875 0.11187744140625 0.222503662109375 0.087646484375
0.267410278320313 0.170700073242188 0.185714721679688 0.114517211914063
0.1773681640625 0.2618408203125 0.095947265625 0.110130310058594
0.059906005859375 0.292694091796875 0.0216903686523438 0.0930709838867188
-0.169830322265625 0.273849487304688 -0.08160400390625 0.021453857421875
-0.196914672851563 0.247299194335937 -0.014801025390625 -0.182540893554687
-0.257843017578125 0.255325317382812 0.116043090820312 -0.180145263671875
-0.5037841796875 0.328216552734375 0.378570556640625 -0.087310791015625
-0.4178466796875 0.357635498046875 0.0830230712890625 0.0938262939453125
-0.309539794921875 0.524078369140625 0.260406494140625 0.212326049804688
-0.04840087890625 0.4974365234375 0.4127197265625 -0.068328857421875
0.065216064453125 0.458740234375 0.159744262695313 -0.220062255859375
0.301177978515625 0.352508544921875 0.037872314453125 -0.168136596679687
0.40411376953125 0.198974609375 0.000431060791015656 -0.0560188293457031
0.3734130859375 0.181793212890625 0.0201797485351563 0.0138721466064453
0.417724609375 0.133880615234375 0.103897094726563 0.0642318725585938
0.33135986328125 0.1947021484375 0.0953750610351563 0.0788116455078125
0.25640869140625 0.310089111328125 0.040313720703125 0.0926742553710938
0.152679443359375 0.38238525390625 -0.00762939453124998 0.0851058959960938
-0.155120849609375 0.445648193359375 -0.107200622558594 0.0310516357421875
-0.275848388671875 0.415252685546875 -0.0445404052734375 -0.118232727050781
-0.40570068359375 0.341064453125 0.00959777832031249 -0.0940475463867187
-0.57733154296875 0.291748046875 0.213455200195313 0.03814697265625
-0.48736572265625 0.379241943359375 0.0268096923828125 0.201736450195313
-0.30548095703125 0.57965087890625 0.256927490234375 0.195877075195313
0.01318359375 0.510467529296875 0.3572998046875 -0.134735107421875
0.1077880859375 0.41705322265625 0.0811767578125 -0.296539306640625
0.292755126953125 0.311370849609375 -0.088653564453125 -0.243301391601562
0.380157470703125 0.19189453125 -0.161407470703125 -0.0985107421875
0.36956787109375 0.185394287109375 -0.127113342285156 -0.0139923095703125
0.421539306640625 0.144012451171875 -0.034393310546875 0.0380706787109375
0.345947265625 0.20245361328125 -0.0205421447753906 0.0430908203125
0.290740966796875 0.32403564453125 -0.0390548706054687 0.0774993896484375
0.213409423828125 0.428375244140625 -0.0625 0.077728271484375
-0.133636474609375 0.56207275390625 -0.141372680664063 0.037445068359375
-0.3226318359375 0.529022216796875 -0.0784454345703125 -0.0312423706054687
-0.503875732421875 0.379547119140625 -0.129859924316406 0.0199966430664063
-0.555938720703125 0.229156494140625 0.0507125854492187 0.138313293457031
-0.459136962890625 0.347076416015625 -0.01995849609375 0.278427124023438
-0.2271728515625 0.52587890625 0.236297607421875 0.155899047851563
0.07757568359375 0.4122314453125 0.267074584960938 -0.184555053710937
0.1226806640625 0.2899169921875 0.000457763671875 -0.3284912109375
0.231124877929687 0.216964721679687 -0.19879150390625 -0.282196044921875
0.297698974609375 0.152984619140625 -0.298583984375 -0.126312255859375
0.307830810546875 0.158111572265625 -0.257553100585937 -0.0385894775390625
0.358154296875 0.135284423828125 -0.17181396484375 0.00871276855468753
0.2965087890625 0.18072509765625 -0.140884399414062 0.00656127929687503
0.266265869140625 0.28826904296875 -0.128517150878906 0.0590133666992188
0.2252197265625 0.40484619140625 -0.135101318359375 0.06201171875
-0.11395263671875 0.58587646484375 -0.182098388671875 0.0290527343750001
-0.342010498046875 0.546905517578125 -0.11383056640625 0.0575714111328125
-0.534912109375 0.350372314453125 -0.2845458984375 0.142791748046875
-0.456878662109375 0.15496826171875 -0.080352783203125 0.20709228515625
-0.357086181640625 0.285919189453125 -0.048095703125 0.309967041015625
-0.107269287109375 0.40386962890625 0.201416015625 0.102981567382813
0.125076293945313 0.250213623046875 0.1651611328125 -0.20025634765625
0.10528564453125 0.126113891601563 -0.061309814453125 -0.312042236328125
0.131378173828125 0.102813720703125 -0.270614624023437 -0.278671264648438
0.173812866210938 0.097564697265625 -0.393280029296875 -0.13470458984375
0.201126098632813 0.10528564453125 -0.35162353515625 -0.058074951171875
0.2357177734375 0.100265502929688 -0.284271240234375 -0.02154541015625
0.195358276367188 0.121536254882813 -0.237899780273438 -0.028228759765625
0.1971435546875 0.191802978515625 -0.2041015625 0.037078857421875
0.196533203125 0.311767578125 -0.211380004882813 0.034912109375
-0.0944213867187501 0.509674072265625 -0.2215576171875 -0.00361633300781248
-0.326751708984375 0.460205078125 -0.14892578125 0.121810913085938
-0.48651123046875 0.24835205078125 -0.43603515625 0.247406005859375
-0.29901123046875 0.0733032226562501 -0.161773681640625 0.246139526367187
-0.210708618164063 0.205047607421875 -0.05548095703125 0.30438232421875
0.012969970703125 0.249237060546875 0.158157348632813 0.0522918701171875
0.140106201171875 0.0807952880859375 0.0740966796875 -0.185897827148438
0.0633888244628906 -0.02471923828125 -0.095001220703125 -0.264175415039063
0.0162773132324219 0.00114059448242188 -0.29693603515625 -0.246429443359375
0.0298805236816406 0.0388069152832031 -0.429840087890625 -0.12677001953125
0.0642929077148438 0.0369720458984375 -0.395538330078125 -0.068328857421875
0.075286865234375 0.039764404296875 -0.34515380859375 -0.045196533203125
0.0697364807128906 0.0225296020507812 -0.289886474609375 -0.0495300292968751
0.116134643554688 0.0487518310546875 -0.250579833984375 0.023681640625
0.159622192382813 0.162551879882813 -0.275680541992188 0.00294494628906256
-0.0496826171875 0.352935791015625 -0.252349853515625 -0.0570068359375
-0.25640869140625 0.2835693359375 -0.179428100585938 0.146514892578125
-0.35601806640625 0.0962829589843749 -0.55633544921875 0.30560302734375
0.118583679199219 0.0664596557617188 0.545166015625 -0.417327880859375
0.0942916870117188 -0.113616943359375 0.169876098632813 -0.166229248046875
-0.078338623046875 -0.119781494140625 0.251663208007813 0.0923004150390625
-0.140495300292969 -0.00198364257812498 0.35565185546875 0.002685546875
-0.0697097778320312 0.119705200195313 0.244827270507812 -0.0283966064453125
0.0639724731445313 0.107322692871094 0.271102905273438 0.0197296142578125
0.113121032714844 0.03216552734375 0.352691650390625 0.026641845703125
0.0890655517578125 0.03167724609375 0.365478515625 0.052825927734375
0.109062194824219 0.024505615234375 0.37774658203125 0.109619140625
0.0837326049804687 0.0842971801757813 0.292816162109375 0.18487548828125
0.00627136230468751 0.116539001464844 0.145111083984375 0.170974731445313
-0.0927276611328125 0.0692062377929687 0.00938415527343751 0.128463745117188
-0.0939178466796875 -0.07275390625 -0.0879745483398438 -0.00893402099609376
0.0570831298828125 -0.0816802978515625 0.0057525634765625 -0.260848999023438
0.130012512207031 0.04638671875 0.189437866210938 -0.261962890625
-0.10626220703125 0.226776123046875 0.558685302734375 -0.36175537109375
-0.0674285888671875 0.100112915039063 0.161331176757813 -0.117218017578125
-0.149215698242188 0.132003784179687 0.2637939453125 0.148574829101562
-0.113311767578125 0.193328857421875 0.401641845703125 -0.000549316406249988
-0.0193023681640625 0.281036376953125 0.23809814453125 -0.06951904296875
0.18634033203125 0.223037719726563 0.229705810546875 -0.0194091796875
0.265151977539063 0.0942535400390625 0.280487060546875 0.0120086669921875
0.225997924804688 0.086761474609375 0.288238525390625 0.046783447265625
0.2470703125 0.0589752197265625 0.320892333984375 0.093536376953125
0.186203002929688 0.125320434570313 0.254623413085938 0.143508911132813
0.097015380859375 0.1912841796875 0.130218505859375 0.130577087402344
-0.0210723876953125 0.185348510742188 0.0284194946289062 0.105155944824219
-0.145248413085938 0.101226806640625 -0.0728988647460938 0.0098114013671875
-0.0760421752929688 0.0764999389648438 -0.0038604736328125 -0.23150634765625
-0.061981201171875 0.157867431640625 0.172317504882813 -0.242034912109375
-0.321868896484375 0.3271484375 0.497650146484375 -0.251953125
-0.251358032226562 0.27520751953125 0.132164001464844 -0.0273590087890625
-0.228302001953125 0.373748779296875 0.270538330078125 0.18572998046875
-0.074554443359375 0.378204345703125 0.423736572265625 -0.0350341796875
0.03582763671875 0.4073486328125 0.207366943359375 -0.142776489257813
0.27679443359375 0.307769775390625 0.145355224609375 -0.090057373046875
0.371795654296875 0.14410400390625 0.1544189453125 -0.0174102783203125
0.3309326171875 0.13104248046875 0.1666259765625 0.0335693359375
0.3582763671875 0.085693359375 0.23004150390625 0.0763092041015625
0.277664184570313 0.154556274414063 0.191604614257813 0.106369018554688
0.192764282226563 0.25067138671875 0.099212646484375 0.105461120605469
0.07611083984375 0.28814697265625 0.02484130859375 0.0919647216796875
-0.15130615234375 0.28741455078125 -0.0808029174804688 0.0243911743164063
-0.178024291992188 0.257720947265625 -0.025665283203125 -0.187637329101562
-0.2412109375 0.269317626953125 0.109237670898438 -0.18896484375
-0.487274169921875 0.3551025390625 0.374114990234375 -0.112945556640625
-0.4007568359375 0.381591796875 0.087127685546875 0.0885009765625
-0.27935791015625 0.54754638671875 0.274658203125 0.199417114257813
-0.022003173828125 0.499481201171875 0.4100341796875 -0.094024658203125
0.092742919921875 0.4600830078125 0.146575927734375 -0.229598999023437
0.324462890625 0.335052490234375 0.02703857421875 -0.171890258789062
0.41668701171875 0.171905517578125 -0.00482940673828122 -0.0544281005859375
0.385711669921875 0.158538818359375 0.0214366912841797 0.0167942047119141
0.42547607421875 0.105804443359375 0.108879089355469 0.0600433349609375
0.342498779296875 0.174835205078125 0.0993423461914063 0.0751800537109375
0.27392578125 0.294281005859375 0.04364013671875 0.0911865234375
0.1741943359375 0.371368408203125 -0.00466156005859373 0.086181640625
-0.1285400390625 0.4580078125 -0.105033874511719 0.0364227294921875
-0.247589111328125 0.431976318359375 -0.0506668090820313 -0.121353149414062
-0.3896484375 0.365570068359375 0.00789642333984373 -0.0965499877929687
-0.5638427734375 0.32342529296875 0.2159423828125 0.022613525390625
-0.4693603515625 0.408203125 0.0375518798828125 0.20147705078125
-0.26788330078125 0.602783203125 0.2689208984375 0.184188842773438
0.042449951171875 0.50775146484375 0.35064697265625 -0.1568603515625
0.131256103515625 0.4154052734375 0.06402587890625 -0.3004150390625
0.311279296875 0.29437255859375 -0.104751586914063 -0.240249633789062
0.392730712890625 0.16778564453125 -0.169723510742187 -0.0869140625
0.3809814453125 0.162506103515625 -0.128013610839844 -0.00281524658203123
0.42926025390625 0.116363525390625 -0.0311927795410156 0.0417404174804688
0.357177734375 0.1817626953125 -0.01934814453125 0.0461158752441406
0.309844970703125 0.307952880859375 -0.0370025634765625 0.0806732177734375
0.239227294921875 0.412994384765625 -0.0596160888671875 0.08221435546875
-0.09698486328125 0.57427978515625 -0.139961242675781 0.0450057983398438
-0.2886962890625 0.5484619140625 -0.07867431640625 -0.0318069458007812
-0.485809326171875 0.411773681640625 -0.124755859375 0.0269317626953125
-0.54931640625 0.26068115234375 0.057342529296875 0.133262634277344
-0.444732666015625 0.37591552734375 -0.00396728515625001 0.28271484375
-0.192108154296875 0.542144775390625 0.246994018554688 0.145034790039063
0.102325439453125 0.40386962890625 0.257339477539063 -0.19976806640625
0.13812255859375 0.285430908203125 -0.018218994140625 -0.328826904296875
0.242233276367188 0.204208374023438 -0.217041015625 -0.272232055664063
0.30755615234375 0.134033203125 -0.309478759765625 -0.106475830078125
0.317657470703125 0.13922119140625 -0.259994506835938 -0.0205078125
0.36669921875 0.111297607421875 -0.172134399414062 0.0205535888671875
0.30780029296875 0.1644287109375 -0.142593383789062 0.0163421630859375
0.28179931640625 0.273193359375 -0.127250671386719 0.0667037963867188
0.249237060546875 0.391632080078125 -0.133224487304687 0.0713424682617188
-0.0757446289062501 0.5965576171875 -0.18121337890625 0.0390777587890626
-0.3089599609375 0.57122802734375 -0.108695983886719 0.0597534179687501
-0.520599365234375 0.3853759765625 -0.272750854492188 0.1611328125
-0.45172119140625 0.18035888671875 -0.0704193115234375 0.210403442382813
-0.342926025390625 0.309844970703125 -0.029266357421875 0.31719970703125
-0.07666015625 0.4127197265625 0.20941162109375 0.093292236328125
0.14019775390625 0.23858642578125 0.154510498046875 -0.2083740234375
0.110206604003906 0.120697021484375 -0.07855224609375 -0.30877685546875
0.134796142578125 0.0966873168945313 -0.28851318359375 -0.26470947265625
0.180191040039063 0.087066650390625 -0.401885986328125 -0.1090087890625
0.206985473632813 0.09381103515625 -0.358001708984375 -0.0346984863281249
0.240676879882812 0.086090087890625 -0.287261962890625 -0.00289916992187499
0.20208740234375 0.111480712890625 -0.243179321289063 -0.0141601562499999
0.206375122070313 0.181854248046875 -0.2039794921875 0.0485382080078125
0.214385986328125 0.299560546875 -0.210617065429688 0.04852294921875
-0.06072998046875 0.519256591796875 -0.222213745117188 0.00964355468750003
-0.29937744140625 0.48077392578125 -0.139259338378906 0.128433227539063
-0.47930908203125 0.28033447265625 -0.416961669921875 0.276611328125
-0.29669189453125 0.091522216796875 -0.150421142578125 0.25482177734375
-0.200363159179688 0.22186279296875 -0.0360107421875 0.313323974609375
0.03350830078125 0.24908447265625 0.163101196289063 0.0445709228515625
0.145614624023438 0.0682373046875 0.0651702880859375 -0.188278198242188
0.0588226318359375 -0.0284309387207031 -0.108627319335937 -0.25994873046875
0.0142793655395508 0.00210094451904297 -0.3118896484375 -0.231292724609375
0.0328598022460938 0.0375213623046875 -0.43878173828125 -0.10113525390625
0.0659599304199219 0.0336952209472656 -0.401123046875 -0.04156494140625
0.0770339965820313 0.03631591796875 -0.350860595703125 -0.02374267578125
0.0697669982910156 0.0194740295410156 -0.295867919921875 -0.0329895019531251
0.116439819335937 0.0431671142578125 -0.250015258789062 0.036712646484375
0.168991088867188 0.151748657226562 -0.276504516601562 0.0204010009765625
-0.02630615234375 0.358673095703125 -0.256912231445312 -0.0428009033203125
-0.241363525390625 0.30224609375 -0.168243408203125 0.156723022460938
-0.355438232421875 0.119384765625 -0.537200927734375 0.341644287109375
0.123939514160156 0.0536270141601563 0.503814697265625 -0.43994140625
0.0845870971679688 -0.11883544921875 0.15301513671875 -0.171142578125
-0.08502197265625 -0.111968994140625 0.253158569335937 0.0731353759765625
-0.139556884765625 0.00875854492187501 0.3448486328125 -0.0220947265625
-0.0596084594726562 0.122901916503906 0.236251831054688 -0.0408935546875
0.071807861328125 0.0978622436523437 0.265975952148438 0.00523376464843751
0.112533569335937 0.0219573974609375 0.344818115234375 0.004486083984375
0.0887374877929688 0.02325439453125 0.360504150390625 0.028533935546875
0.107696533203125 0.0127182006835937 0.3779296875 0.084503173828125
0.0899581909179688 0.07550048828125 0.296722412109375 0.163665771484375
0.015411376953125 0.113044738769531 0.148651123046875 0.156997680664063
-0.0862503051757813 0.0741119384765625 0.0138778686523437 0.123619079589844
-0.0955734252929687 -0.0627670288085938 -0.0875625610351563 -0.00598907470703126
0.051605224609375 -0.0848007202148438 -0.0116424560546875 -0.258575439453125
0.133651733398438 0.0337905883789063 0.170486450195312 -0.267623901367188
-0.0870513916015625 0.22454833984375 0.521240234375 -0.388946533203125
-0.0604095458984375 0.0986862182617188 0.147750854492188 -0.124801635742188
-0.137870788574219 0.138320922851563 0.267745971679688 0.127517700195313
-0.101531982421875 0.196792602539063 0.390869140625 -0.0281982421875
-0.000167846679687481 0.278579711914062 0.226516723632812 -0.08056640625
0.197784423828125 0.203109741210938 0.222702026367188 -0.03204345703125
0.263519287109375 0.0728759765625 0.273818969726563 -0.00384521484375
0.225418090820313 0.0685272216796875 0.284698486328125 0.02850341796875
0.243682861328125 0.0373382568359375 0.321533203125 0.07275390625
0.189468383789063 0.109405517578125 0.256210327148438 0.126205444335937
0.106964111328125 0.179916381835938 0.13232421875 0.119697570800781
-0.0106658935546875 0.181060791015625 0.0319061279296875 0.100257873535156
-0.133544921875 0.108283996582031 -0.0710067749023438 0.012054443359375
-0.0667953491210937 0.0759811401367188 -0.018585205078125 -0.2308349609375
-0.0480194091796875 0.154251098632813 0.1552734375 -0.247711181640625
-0.2939453125 0.335418701171875 0.46844482421875 -0.277008056640625
-0.230224609375 0.28118896484375 0.125663757324219 -0.0360260009765625
-0.198333740234375 0.379241943359375 0.2760009765625 0.165252685546875
-0.053192138671875 0.372711181640625 0.41094970703125 -0.06170654296875
0.061737060546875 0.398651123046875 0.192092895507813 -0.150115966796875
0.290069580078125 0.281005859375 0.135421752929688 -0.0965118408203125
0.371307373046875 0.115264892578125 0.147994995117188 -0.0251007080078125
0.329833984375 0.10577392578125 0.165481567382813 0.025146484375
0.352691650390625 0.05633544921875 0.231460571289063 0.061981201171875
0.27911376953125 0.131134033203125 0.192779541015625 0.0933685302734375
0.201858520507813 0.230621337890625 0.100318908691406 0.0972976684570313
0.0892791748046875 0.275177001953125 0.0282516479492188 0.0881729125976563
-0.1275634765625 0.288482666015625 -0.0770797729492188 0.0267562866210938
-0.154693603515625 0.258590698242188 -0.03729248046875 -0.18658447265625
-0.218017578125 0.276565551757812 0.0983123779296875 -0.193359375
-0.45458984375 0.37237548828125 0.3580322265625 -0.136383056640625
-0.371337890625 0.39520263671875 0.0884933471679687 0.0796585083007813
-0.2362060546875 0.551788330078125 0.28021240234375 0.179458618164063
0.00634765624999995 0.486419677734375 0.3934326171875 -0.116424560546875
0.1177978515625 0.447021484375 0.128402709960938 -0.230712890625
0.3350830078125 0.306121826171875 0.014801025390625 -0.170150756835937
0.416473388671875 0.140380859375 -0.00903320312499998 -0.05035400390625
0.385589599609375 0.130584716796875 0.0228309631347656 0.0183162689208984
0.418548583984375 0.072998046875 0.112510681152344 0.05316162109375
0.3428955078125 0.14849853515625 0.100555419921875 0.0693435668945313
0.282989501953125 0.268768310546875 0.0452499389648438 0.0871047973632813
0.191314697265625 0.348968505859375 -0.000556945800781248 0.0852127075195313
-0.09326171875 0.45379638671875 -0.0997085571289063 0.0399398803710938
-0.2122802734375 0.432830810546875 -0.056671142578125 -0.120986938476563
-0.35809326171875 0.380828857421875 0.00588989257812499 -0.0967788696289062
-0.5333251953125 0.34771728515625 0.21087646484375 0.00555419921875002
-0.436981201171875 0.42535400390625 0.04803466796875 0.19403076171875
-0.22381591796875 0.60589599609375 0.273040771484375 0.166000366210938
0.069122314453125 0.489501953125 0.3331298828125 -0.17401123046875
0.153472900390625 0.399444580078125 0.04388427734375 -0.295440673828125
0.319793701171875 0.268402099609375 -0.1181640625 -0.2291259765625
0.392333984375 0.13677978515625 -0.171478271484375 -0.0723876953125
0.38116455078125 0.13555908203125 -0.124794006347656 0.00900268554687502
0.424652099609375 0.08416748046875 -0.026824951171875 0.0438499450683594
0.357666015625 0.15435791015625 -0.0166587829589844 0.0482635498046875
0.31842041015625 0.2806396484375 -0.0337448120117187 0.0817337036132813
0.2557373046875 0.386810302734375 -0.0544052124023437 0.0842742919921875
-0.054931640625 0.566162109375 -0.1326904296875 0.0504379272460938
-0.24530029296875 0.5498046875 -0.0772323608398438 -0.0323410034179687
-0.4521484375 0.432342529296875 -0.1158447265625 0.0318450927734375
-0.522857666015625 0.286041259765625 0.0623092651367187 0.123565673828125
-0.412567138671875 0.393890380859375 0.013153076171875 0.27667236328125
-0.150482177734375 0.54180908203125 0.250350952148438 0.129104614257813
0.12139892578125 0.384307861328125 0.2396240234375 -0.209060668945313
0.149581909179687 0.271453857421875 -0.037872314453125 -0.3184814453125
0.24658203125 0.184249877929688 -0.229446411132812 -0.253067016601563
0.307464599609375 0.11114501953125 -0.308685302734375 -0.08172607421875
0.31756591796875 0.117095947265625 -0.254837036132813 -0.000274658203124941
0.36248779296875 0.0845947265625 -0.16619873046875 0.03192138671875
0.30792236328125 0.1416015625 -0.139633178710937 0.0260696411132813
0.29046630859375 0.249542236328125 -0.121910095214844 0.0730209350585938
0.26458740234375 0.3646240234375 -0.126800537109375 0.07861328125
-0.0326538085937501 0.5855712890625 -0.173477172851562 0.048095703125
-0.2637939453125 0.57281494140625 -0.0997161865234375 0.0597534179687501
-0.487091064453125 0.410552978515625 -0.251541137695313 0.172836303710938
-0.431640625 0.202484130859375 -0.0581207275390625 0.206527709960937
-0.316131591796875 0.32421875 -0.00772094726562503 0.313262939453125
-0.0458984375 0.405670166015625 0.210769653320312 0.0806732177734375
0.150222778320313 0.21881103515625 0.139495849609375 -0.210723876953125
0.112266540527344 0.111289978027344 -0.0943603515625 -0.29608154296875
0.134773254394531 0.087493896484375 -0.29840087890625 -0.24249267578125
0.180801391601563 0.07281494140625 -0.399566650390625 -0.0800781249999999
0.206405639648438 0.0792694091796875 -0.3494873046875 -0.010009765625
0.238357543945313 0.069366455078125 -0.280807495117188 0.0161285400390626
0.201934814453125 0.0970611572265625 -0.239700317382813 0.00184631347656251
0.209640502929687 0.16558837890625 -0.197418212890625 0.05877685546875
0.226455688476563 0.27581787109375 -0.202987670898438 0.061248779296875
-0.0230712890625 0.509979248046875 -0.215484619140625 0.0222015380859375
-0.263519287109375 0.48785400390625 -0.125404357910156 0.129951477050781
-0.454925537109375 0.306121826171875 -0.38623046875 0.2945556640625
-0.28564453125 0.106048583984375 -0.13427734375 0.2559814453125
-0.181015014648438 0.230682373046875 -0.013763427734375 0.31134033203125
0.0523834228515625 0.23907470703125 0.163497924804688 0.0343780517578125
0.145309448242187 0.05340576171875 0.054290771484375 -0.185211181640625
0.0522422790527344 -0.030975341796875 -0.12030029296875 -0.246932983398438
0.0113687515258789 0.0032958984375 -0.31927490234375 -0.207183837890625
0.0345745086669922 0.0348663330078125 -0.43365478515625 -0.0693969726562501
0.0647544860839844 0.0293006896972656 -0.392547607421875 -0.01422119140625
0.0752792358398438 0.0320510864257813 -0.3450927734375 -0.000122070312500046
0.0669441223144531 0.0159873962402344 -0.2928466796875 -0.01483154296875
0.114059448242187 0.0354080200195313 -0.242584228515625 0.04931640625
0.172882080078125 0.135528564453125 -0.268936157226563 0.037872314453125
-0.000183105468749979 0.352081298828125 -0.252853393554688 -0.0249786376953125
-0.216156005859375 0.3094482421875 -0.15118408203125 0.160202026367188
-0.34295654296875 0.139984130859375 -0.498077392578125 0.366180419921875
0.1243896484375 0.0434799194335938 0.463470458984375 -0.441680908203125
0.076904296875 -0.119461059570312 0.139434814453125 -0.169189453125
-0.0863494873046875 -0.104629516601562 0.24658203125 0.0579071044921875
-0.1351318359375 0.0152511596679688 0.329254150390625 -0.036956787109375
-0.0513076782226562 0.1220703125 0.223724365234375 -0.046234130859375
0.0753173828125 0.0877914428710937 0.2552490234375 -0.0037689208984375
0.108573913574219 0.0143356323242187 0.33038330078125 -0.00787353515625
0.085693359375 0.0173416137695313 0.34747314453125 0.01275634765625
0.10345458984375 0.0042266845703125 0.367279052734375 0.067840576171875
0.0915374755859375 0.0670166015625 0.290435791015625 0.146820068359375
0.02069091796875 0.107917785644531 0.145263671875 0.145004272460938
-0.0793075561523437 0.07574462890625 0.0157470703125 0.117538452148438
-0.0936508178710937 -0.055084228515625 -0.085479736328125 -0.00469207763671876
0.047271728515625 -0.0850372314453125 -0.022430419921875 -0.251632690429688
0.132339477539063 0.0233230590820313 0.154647827148438 -0.263107299804687
-0.073486328125 0.214706420898438 0.48358154296875 -0.394744873046875
-0.0551300048828125 0.0939102172851562 0.13592529296875 -0.125030517578125
-0.127151489257813 0.137870788574219 0.262298583984375 0.110458374023438
-0.0928192138671875 0.193145751953125 0.372314453125 -0.04388427734375
0.0110626220703125 0.270172119140625 0.213470458984375 -0.083953857421875
0.198776245117188 0.184722900390625 0.212417602539063 -0.037811279296875
0.255645751953125 0.057373046875 0.2613525390625 -0.0128936767578125
0.217971801757813 0.056427001953125 0.274017333984375 0.018218994140625
0.232940673828125 0.023284912109375 0.312591552734375 0.059234619140625
0.186477661132813 0.095672607421875 0.250839233398438 0.112869262695313
0.109695434570313 0.16754150390625 0.127754211425781 0.110092163085938
-0.00442504882812498 0.17376708984375 0.0321578979492188 0.0946502685546875
-0.122764587402344 0.109336853027344 -0.0688133239746094 0.0120353698730469
-0.0594100952148437 0.07177734375 -0.0285491943359375 -0.22369384765625
-0.03857421875 0.146224975585937 0.14129638671875 -0.244476318359375
-0.270599365234375 0.3277587890625 0.438446044921875 -0.2872314453125
-0.211944580078125 0.2752685546875 0.117599487304688 -0.0406112670898437
-0.176971435546875 0.372528076171875 0.271621704101563 0.148941040039063
-0.03961181640625 0.359832763671875 0.39068603515625 -0.07672119140625
0.07562255859375 0.3846435546875 0.17828369140625 -0.14898681640625
0.289031982421875 0.25701904296875 0.125396728515625 -0.0970993041992187
0.3602294921875 0.094482421875 0.140533447265625 -0.027557373046875
0.31939697265625 0.087921142578125 0.16070556640625 0.0201873779296875
0.337493896484375 0.037750244140625 0.2266845703125 0.0515594482421875
0.27154541015625 0.11444091796875 0.188323974609375 0.084686279296875
0.201522827148438 0.212478637695313 0.0973052978515625 0.0912322998046875
0.09442138671875 0.257965087890625 0.0286407470703125 0.0833816528320313
-0.109512329101563 0.2802734375 -0.0728073120117188 0.0267105102539063
-0.136260986328125 0.249588012695313 -0.043243408203125 -0.182083129882812
-0.197463989257813 0.2711181640625 0.0895233154296875 -0.190933227539062
-0.424285888671875 0.3712158203125 0.3365478515625 -0.147003173828125
-0.343963623046875 0.3895263671875 0.0869369506835937 0.0716552734375
-0.206939697265625 0.5390625 0.275527954101563 0.163604736328125
0.02001953125 0.46502685546875 0.37310791015625 -0.12762451171875
0.12957763671875 0.429595947265625 0.113937377929688 -0.225234985351563
0.332855224609375 0.280120849609375 0.00634765625000003 -0.16473388671875
0.403839111328125 0.1156005859375 -0.0110206604003906 -0.0454635620117187
0.374298095703125 0.1099853515625 0.0233039855957031 0.0199680328369141
0.40167236328125 0.05157470703125 0.111770629882813 0.047027587890625
0.33258056640625 0.128082275390625 0.098236083984375 0.0648574829101563
0.27972412109375 0.245742797851563 0.0441436767578125 0.0836334228515625
0.19317626953125 0.3262939453125 0.000793457031250019 0.0820541381835938
-0.0697021484375 0.43780517578125 -0.0947494506835938 0.0395889282226563
-0.184356689453125 0.417999267578125 -0.0594635009765625 -0.119422912597656
-0.3306884765625 0.3775634765625 0.00540924072265624 -0.0956497192382812
-0.502166748046875 0.35125732421875 0.200332641601562 -0.00572204589843748
-0.405975341796875 0.42352294921875 0.0516815185546875 0.183181762695313
-0.19024658203125 0.58978271484375 0.2689208984375 0.152603149414063
0.0827941894531251 0.4652099609375 0.31365966796875 -0.178375244140625
0.160491943359375 0.380584716796875 0.031341552734375 -0.283843994140625
0.314910888671875 0.244903564453125 -0.123260498046875 -0.21612548828125
0.380950927734375 0.114501953125 -0.167953491210937 -0.0602874755859375
0.3699951171875 0.1156005859375 -0.118293762207031 0.0161590576171875
0.407440185546875 0.062591552734375 -0.0224151611328125 0.0437393188476563
0.346343994140625 0.134735107421875 -0.0156517028808594 0.0482559204101563
0.314178466796875 0.258087158203125 -0.0313186645507812 0.0810775756835938
0.257476806640625 0.35919189453125 -0.0498809814453125 0.083526611328125
-0.029052734375 0.54278564453125 -0.125534057617188 0.0513458251953125
-0.213409423828125 0.533721923828125 -0.0748977661132813 -0.0341567993164062
-0.4202880859375 0.43255615234375 -0.105911254882813 0.0326385498046875
-0.493194580078125 0.29052734375 0.061767578125 0.112861633300781
-0.3829345703125 0.392791748046875 0.0220947265625 0.265167236328125
-0.121246337890625 0.5252685546875 0.245025634765625 0.118072509765625
0.12945556640625 0.3597412109375 0.22265625 -0.208450317382812
0.151962280273438 0.256454467773438 -0.047515869140625 -0.303375244140625
0.240707397460938 0.168991088867188 -0.2315673828125 -0.235763549804687
0.2978515625 0.09381103515625 -0.299468994140625 -0.06500244140625
0.308837890625 0.10113525390625 -0.243698120117187 0.0115051269531251
0.3475341796875 0.0675048828125 -0.15765380859375 0.0374603271484375
0.298187255859375 0.125091552734375 -0.134262084960937 0.0313949584960937
0.285186767578125 0.2291259765625 -0.116233825683594 0.0754928588867188
0.265045166015625 0.33746337890625 -0.119117736816406 0.0804367065429687
-0.006317138671875 0.5614013671875 -0.164306640625 0.0501708984375001
-0.23162841796875 0.557830810546875 -0.0921249389648438 0.0555648803710938
-0.455535888671875 0.412811279296875 -0.230636596679688 0.171875
-0.410797119140625 0.20941162109375 -0.05169677734375 0.19769287109375
-0.2921142578125 0.324462890625 0.00546264648437495 0.30181884765625
-0.025360107421875 0.389312744140625 0.205352783203125 0.0714111328125
0.151336669921875 0.199447631835937 0.126617431640625 -0.2059326171875
0.109054565429688 0.103973388671875 -0.101318359375 -0.280319213867188
0.129425048828125 0.0809478759765625 -0.295623779296875 -0.22119140625
0.175628662109375 0.06329345703125 -0.386199951171875 -0.0600891113281249
0.200088500976563 0.0693359375 -0.33624267578125 0.00558471679687495
0.229232788085938 0.0581512451171875 -0.268722534179688 0.0272216796875
0.194625854492187 0.086761474609375 -0.231307983398438 0.011474609375
0.20611572265625 0.151809692382813 -0.188827514648438 0.0634002685546875
0.225631713867188 0.255096435546875 -0.192245483398438 0.0668182373046875
-9.15527343750514E-05 0.488067626953125 -0.2059326171875 0.0279998779296875
-0.234405517578125 0.47747802734375 -0.112869262695313 0.124656677246094
-0.42755126953125 0.3121337890625 -0.35626220703125 0.29510498046875
-0.272415161132813 0.111358642578125 -0.121856689453125 0.248123168945313
-0.164764404296875 0.231170654296875 8.3171430677237E-18 0.30059814453125
0.0630340576171875 0.225692749023437 0.1590576171875 0.0280914306640625
0.140083312988281 0.0415573120117188 0.0466766357421875 -0.177749633789062
0.0460929870605469 -0.0308113098144531 -0.122634887695312 -0.233139038085937
0.00917530059814453 0.00588893890380859 -0.31378173828125 -0.188751220703125
0.0340614318847656 0.0325508117675781 -0.419097900390625 -0.0487060546875001
0.0615234375 0.0265159606933594 -0.37774658203125 0.00207519531249994
0.0723495483398437 0.029449462890625 -0.33172607421875 0.014373779296875
0.0626029968261719 0.0145111083984375 -0.283050537109375 -0.00347900390624999
0.109107971191406 0.03045654296875 -0.2314453125 0.055389404296875
0.16998291015625 0.122360229492188 -0.256439208984375 0.0462188720703125
0.0152587890625 0.337249755859375 -0.243453979492188 -0.01556396484375
-0.19805908203125 0.305938720703125 -0.13604736328125 0.156036376953125
-0.326507568359375 0.148712158203125 -0.461517333984375 0.369873046875
0.123878479003906 0.0373992919921875 0.44232177734375 -0.4305419921875
0.0728607177734375 -0.118606567382813 0.131622314453125 -0.1634521484375
-0.0849151611328125 -0.100387573242188 0.239288330078125 0.04937744140625
-0.13232421875 0.0186233520507812 0.31549072265625 -0.0413818359375
-0.0464248657226563 0.120567321777344 0.21514892578125 -0.04498291015625
0.0756149291992188 0.0806808471679688 0.247543334960938 -0.004302978515625
0.105690002441406 0.0100021362304688 0.318695068359375 -0.01068115234375
0.0827560424804688 0.0146102905273438 0.33349609375 0.0078125
0.0991897583007813 -0.00057220458984375 0.357635498046875 0.060516357421875
0.091583251953125 0.0610809326171875 0.282073974609375 0.138824462890625
0.0229415893554687 0.103828430175781 0.138511657714844 0.137626647949219
-0.0763778686523438 0.0750656127929688 0.0145797729492188 0.112899780273438
-0.0904464721679688 -0.0507354736328125 -0.0843582153320313 -0.00498199462890625
0.0447540283203125 -0.0844573974609375 -0.0262908935546875 -0.245132446289063
0.129692077636719 0.0183563232421875 0.147750854492188 -0.255462646484375
-0.0663299560546875 0.204833984375 0.461517333984375 -0.38739013671875
-0.0532760620117187 0.0876235961914063 0.127861022949219 -0.123245239257813
-0.1221923828125 0.134773254394531 0.254592895507813 0.102264404296875
-0.0897521972656251 0.1888427734375 0.356964111328125 -0.050018310546875
0.0159759521484375 0.26409912109375 0.2044677734375 -0.081512451171875
0.195465087890625 0.17303466796875 0.204360961914063 -0.037689208984375
0.246810913085938 0.0499725341796875 0.251983642578125 -0.01300048828125
0.21136474609375 0.05120849609375 0.265396118164062 0.0160064697265625
0.222930908203125 0.01678466796875 0.3046875 0.05328369140625
0.180831909179688 0.088104248046875 0.243331909179687 0.107559204101562
0.107696533203125 0.159561157226563 0.12078857421875 0.1064453125
-0.00352478027343751 0.167404174804688 0.0300216674804688 0.0909194946289063
-0.11602783203125 0.105735778808594 -0.0668754577636719 0.0107803344726562
-0.0550460815429688 0.0662345886230469 -0.032196044921875 -0.219451904296875
-0.0345382690429687 0.138618469238281 0.135330200195313 -0.238372802734375
-0.257293701171875 0.317718505859375 0.41888427734375 -0.283233642578125
-0.20330810546875 0.265350341796875 0.110824584960937 -0.0424041748046875
-0.16632080078125 0.361846923828125 0.263534545898437 0.141128540039063
-0.03851318359375 0.347076416015625 0.374420166015625 -0.079803466796875
0.07769775390625 0.374237060546875 0.169570922851563 -0.144561767578125
0.282684326171875 0.242340087890625 0.119377136230469 -0.0953216552734375
0.347198486328125 0.0850830078125 0.134941101074219 -0.0251388549804687
0.309783935546875 0.08251953125 0.155807495117188 0.0202178955078125
0.322967529296875 0.030242919921875 0.222000122070313 0.0479888916015625
0.2611083984375 0.10626220703125 0.18280029296875 0.081207275390625
0.195480346679688 0.20159912109375 0.0916900634765625 0.0882797241210938
0.09185791015625 0.247390747070313 0.0266952514648438 0.0808944702148438
-0.101318359375 0.270721435546875 -0.07098388671875 0.0242385864257813
-0.127227783203125 0.238128662109375 -0.04608154296875 -0.179794311523437
-0.1876220703125 0.26068115234375 0.0864715576171875 -0.187103271484375
-0.407928466796875 0.361175537109375 0.32177734375 -0.148956298828125
-0.331207275390625 0.378448486328125 0.0823287963867187 0.0666580200195313
-0.192901611328125 0.52374267578125 0.267120361328125 0.157958984375
0.022369384765625 0.448089599609375 0.359039306640625 -0.128631591796875
0.132080078125 0.4169921875 0.107406616210938 -0.217193603515625
0.324127197265625 0.26715087890625 0.00224304199218752 -0.15911865234375
0.389190673828125 0.104644775390625 -0.0114059448242187 -0.0412406921386719
0.36212158203125 0.10223388671875 0.0237350463867188 0.0221519470214844
0.385223388671875 0.0435791015625 0.110397338867188 0.0447921752929688
0.31915283203125 0.1202392578125 0.0957717895507813 0.0632171630859375
0.271438598632813 0.234100341796875 0.0414886474609375 0.082427978515625
0.187225341796875 0.31072998046875 0.000556945800781262 0.0791702270507813
-0.061859130859375 0.421783447265625 -0.0918731689453125 0.0371475219726563
-0.17132568359375 0.4017333984375 -0.0601577758789063 -0.120208740234375
-0.31475830078125 0.365570068359375 0.00650787353515623 -0.0956192016601562
-0.484527587890625 0.342681884765625 0.190887451171875 -0.01116943359375
-0.390594482421875 0.41217041015625 0.0499725341796875 0.174667358398438
-0.1748046875 0.5721435546875 0.26080322265625 0.148269653320313
0.0831298828125 0.445098876953125 0.301300048828125 -0.1759033203125
0.15869140625 0.368408203125 0.0273590087890625 -0.273757934570313
0.306060791015625 0.233489990234375 -0.123458862304687 -0.208450317382813
0.36669921875 0.1041259765625 -0.163116455078125 -0.05401611328125
0.35858154296875 0.108612060546875 -0.11260986328125 0.0201492309570313
0.39141845703125 0.054779052734375 -0.0197296142578125 0.0422744750976563
0.332550048828125 0.1268310546875 -0.0151100158691406 0.0486335754394531
0.304473876953125 0.2437744140625 -0.0308685302734375 0.0805511474609375
0.25006103515625 0.342987060546875 -0.0481796264648438 0.0813674926757813
-0.01971435546875 0.52215576171875 -0.121505737304688 0.048126220703125
-0.198028564453125 0.513671875 -0.073455810546875 -0.0380325317382812
-0.402435302734375 0.422882080078125 -0.0990447998046875 0.0293121337890625
-0.477294921875 0.284423828125 0.0574722290039062 0.104972839355469
-0.36700439453125 0.383697509765625 0.0233612060546875 0.254486083984375
-0.108123779296875 0.507965087890625 0.23834228515625 0.114425659179688
0.1279296875 0.342315673828125 0.21356201171875 -0.202255249023438
0.148544311523438 0.247589111328125 -0.049041748046875 -0.291839599609375
0.231643676757813 0.16143798828125 -0.228134155273437 -0.226165771484375
0.286865234375 0.0859375 -0.2899169921875 -0.0570678710937499
0.29833984375 0.094879150390625 -0.234130859375 0.0166168212890625
0.332855224609375 0.06182861328125 -0.15093994140625 0.038116455078125
0.286285400390625 0.118377685546875 -0.130317687988281 0.0335159301757812
0.2767333984375 0.218124389648438 -0.112586975097656 0.07513427734375
0.257965087890625 0.3216552734375 -0.114112854003906 0.0791397094726563
-9.15527343749782E-05 0.542022705078125 -0.158157348632813 0.0484771728515625
-0.217376708984375 0.53839111328125 -0.08831787109375 0.0488433837890625
-0.437835693359375 0.404998779296875 -0.218002319335938 0.165863037109375
-0.396240234375 0.205596923828125 -0.05157470703125 0.188690185546875
-0.279144287109375 0.317718505859375 0.007904052734375 0.291015625
-0.016876220703125 0.375091552734375 0.1995849609375 0.0687103271484375
0.145767211914063 0.186538696289063 0.121185302734375 -0.198272705078125
0.103981018066406 0.099700927734375 -0.0999603271484375 -0.2696533203125
0.123565673828125 0.0785980224609375 -0.2886962890625 -0.211944580078125
0.168426513671875 0.058319091796875 -0.373779296875 -0.051361083984375
0.192245483398438 0.0660247802734375 -0.322509765625 0.011688232421875
0.219894409179688 0.054595947265625 -0.259445190429688 0.030120849609375
0.18603515625 0.082855224609375 -0.224273681640625 0.014617919921875
0.198440551757813 0.144744873046875 -0.182327270507813 0.0637664794921875
0.218521118164063 0.242156982421875 -0.184829711914063 0.0666046142578125
0.00686645507812496 0.471649169921875 -0.19818115234375 0.0272979736328126
-0.2215576171875 0.460906982421875 -0.106307983398437 0.116531372070313
-0.412322998046875 0.306793212890625 -0.337554931640625 0.286865234375
-0.264480590820313 0.111160278320312 -0.119918823242188 0.2388916015625
-0.156707763671875 0.22674560546875 0.00488281249999999 0.29083251953125
0.066619873046875 0.214752197265625 0.154464721679687 0.0265350341796875
0.133987426757813 0.0347366333007813 0.0447235107421875 -0.170928955078125
0.0411033630371094 -0.0295906066894531 -0.120590209960938 -0.22412109375
0.0078582763671875 0.00818490982055664 -0.30548095703125 -0.179931640625
0.032623291015625 0.0315055847167969 -0.403839111328125 -0.0411071777343751
0.0582008361816406 0.0259933471679688 -0.363189697265625 0.00753784179687506
0.0685005187988281 0.0294570922851562 -0.3209228515625 0.0184020996093751
0.0584869384765625 0.0148086547851563 -0.274871826171875 0.000335693359375016
0.103034973144531 0.0281600952148438 -0.223297119140625 0.05523681640625
0.163955688476563 0.114959716796875 -0.247467041015625 0.048431396484375
0.020294189453125 0.32550048828125 -0.23541259765625 -0.0129852294921875
-0.189849853515625 0.2972412109375 -0.127685546875 0.148239135742188
-0.315399169921875 0.148040771484375 -0.4373779296875 0.360870361328125
0.125442504882813 0.0343399047851563 0.437774658203125 -0.4229736328125
0.0718841552734375 -0.120582580566406 0.12933349609375 -0.160018920898438
-0.0850296020507813 -0.100128173828125 0.23583984375 0.0471649169921875
-0.1326904296875 0.0202865600585938 0.31085205078125 -0.042083740234375
-0.0447998046875 0.120918273925781 0.212799072265625 -0.0421600341796875
0.0760955810546875 0.0769119262695313 0.24542236328125 -0.002197265625
0.105094909667969 0.00797271728515625 0.315338134765625 -0.007781982421875
0.0820083618164063 0.0138473510742188 0.329833984375 0.01025390625
0.0969161987304688 -0.00254058837890625 0.355499267578125 0.060546875
0.0926055908203125 0.0582122802734375 0.278518676757813 0.139007568359375
0.0241470336914062 0.102554321289062 0.132987976074219 0.137008666992188
-0.0750732421875 0.0756149291992188 0.0115585327148437 0.11187744140625
-0.088470458984375 -0.0499267578125 -0.0849533081054688 -0.00610351562500001
0.045318603515625 -0.0853805541992188 -0.0270233154296875 -0.2452392578125
0.130043029785156 0.015533447265625 0.149398803710938 -0.2520751953125
-0.0646820068359375 0.199600219726563 0.45562744140625 -0.381622314453125
-0.0545120239257812 0.0837020874023438 0.124870300292969 -0.121917724609375
-0.120796203613281 0.132125854492188 0.251373291015625 0.101943969726563
-0.0921630859375001 0.188034057617188 0.35125732421875 -0.0501708984375
0.0167388916015625 0.264663696289063 0.20208740234375 -0.0787353515625
0.193069458007812 0.168960571289063 0.201812744140625 -0.035858154296875
0.243331909179688 0.04705810546875 0.249298095703125 -0.0101318359375
0.208404541015625 0.05133056640625 0.262405395507812 0.0188140869140625
0.218185424804688 0.0145111083984375 0.303924560546875 0.05438232421875
0.177520751953125 0.086517333984375 0.239990234375 0.108932495117188
0.105743408203125 0.15771484375 0.116020202636719 0.10638427734375
-0.00518798828125 0.165252685546875 0.0280075073242188 0.0903167724609375
-0.114395141601563 0.103248596191406 -0.0670433044433594 0.00900650024414064
-0.0538978576660156 0.0615043640136719 -0.0326995849609375 -0.221054077148438
-0.0338973999023438 0.133636474609375 0.137008666992188 -0.236251831054688
-0.25469970703125 0.310516357421875 0.4124755859375 -0.281005859375
-0.204376220703125 0.258056640625 0.10699462890625 -0.043182373046875
-0.16448974609375 0.357452392578125 0.259475708007813 0.142044067382813
-0.041290283203125 0.34442138671875 0.369537353515625 -0.07940673828125
0.07855224609375 0.374298095703125 0.167510986328125 -0.141372680664062
0.279083251953125 0.239456176757813 0.116729736328125 -0.0931777954101563
0.3411865234375 0.082794189453125 0.133201599121094 -0.0217971801757812
0.306671142578125 0.082122802734375 0.154678344726563 0.023406982421875
0.316436767578125 0.02899169921875 0.221435546875 0.0479888916015625
0.255096435546875 0.104721069335937 0.180618286132813 0.0837860107421875
0.191421508789063 0.199798583984375 0.0878524780273438 0.0896530151367188
0.08685302734375 0.244094848632813 0.02508544921875 0.0799713134765625
-0.101211547851563 0.264877319335938 -0.0714645385742188 0.0220794677734375
-0.125762939453125 0.228805541992187 -0.046600341796875 -0.182754516601562
-0.18695068359375 0.254440307617188 0.088165283203125 -0.187210083007812
-0.406036376953125 0.354095458984375 0.31591796875 -0.148834228515625
-0.331024169921875 0.36920166015625 0.0780487060546875 0.0634231567382813
-0.190338134765625 0.517578125 0.264175415039062 0.16143798828125
0.017486572265625 0.443023681640625 0.3538818359375 -0.125701904296875
0.12945556640625 0.4166259765625 0.106231689453125 -0.213409423828125
0.318145751953125 0.2633056640625 0.00117492675781252 -0.1575927734375
0.382537841796875 0.10302734375 -0.0114479064941406 -0.0381660461425781
0.3583984375 0.102813720703125 0.025115966796875 0.0246849060058594
0.37811279296875 0.04345703125 0.111045837402344 0.0442733764648438
0.311492919921875 0.1204833984375 0.09429931640625 0.0650711059570313
0.265609741210938 0.232086181640625 0.0380935668945313 0.0839920043945313
0.181243896484375 0.307037353515625 -0.000564575195312483 0.0787582397460938
-0.061065673828125 0.41448974609375 -0.0921173095703125 0.0339508056640625
-0.1712646484375 0.39111328125 -0.0613861083984375 -0.124649047851562
-0.313720703125 0.36090087890625 0.00865936279296873 -0.0974273681640625
-0.48291015625 0.33575439453125 0.185333251953125 -0.01318359375
-0.389556884765625 0.403472900390625 0.0454254150390625 0.171463012695313
-0.17376708984375 0.564697265625 0.2581787109375 0.152328491210938
0.077667236328125 0.43817138671875 0.2979736328125 -0.171539306640625
0.15753173828125 0.368072509765625 0.027374267578125 -0.269866943359375
0.299163818359375 0.23126220703125 -0.124221801757813 -0.207321166992187
0.360626220703125 0.1038818359375 -0.161483764648437 -0.051239013671875
0.35418701171875 0.1102294921875 -0.110435485839844 0.0223922729492188
0.3841552734375 0.05621337890625 -0.0180854797363281 0.0414695739746094
0.32513427734375 0.127960205078125 -0.0148200988769531 0.0499267578125
0.29827880859375 0.242279052734375 -0.03265380859375 0.0818557739257813
0.243011474609375 0.33709716796875 -0.0489883422851562 0.0807342529296875
-0.02239990234375 0.51458740234375 -0.121917724609375 0.0447006225585938
-0.19842529296875 0.502838134765625 -0.0742721557617188 -0.0433120727539062
-0.401580810546875 0.416290283203125 -0.095916748046875 0.02490234375
-0.4761962890625 0.279022216796875 0.051971435546875 0.102043151855469
-0.366302490234375 0.378173828125 0.0196533203125 0.250808715820313
-0.106536865234375 0.50250244140625 0.235641479492188 0.11822509765625
0.12274169921875 0.3350830078125 0.213104248046875 -0.198638916015625
0.1461181640625 0.24652099609375 -0.04718017578125 -0.288116455078125
0.226165771484375 0.16217041015625 -0.226654052734375 -0.224578857421875
0.28118896484375 0.084991455078125 -0.28607177734375 -0.054595947265625
0.294830322265625 0.096466064453125 -0.230392456054688 0.01806640625
0.32843017578125 0.0626220703125 -0.148956298828125 0.03741455078125
0.279205322265625 0.119949340820313 -0.129676818847656 0.0343704223632813
0.271514892578125 0.217178344726562 -0.11285400390625 0.0762786865234375
0.251312255859375 0.31695556640625 -0.113761901855469 0.0777359008789063
-0.00292968750000005 0.535125732421875 -0.158111572265625 0.04449462890625
-0.216705322265625 0.527984619140625 -0.08758544921875 0.0428237915039063
-0.438323974609375 0.3995361328125 -0.214065551757813 0.160720825195313
-0.397125244140625 0.201629638671875 -0.0561676025390625 0.18353271484375
-0.278228759765625 0.314056396484375 0.005889892578125 0.2872314453125
-0.0147705078125 0.36895751953125 0.19805908203125 0.072540283203125
0.14239501953125 0.181365966796875 0.121444702148438 -0.194656372070313
0.10125732421875 0.09918212890625 -0.0972747802734375 -0.26568603515625
0.119979858398438 0.080322265625 -0.286895751953125 -0.211883544921875
0.1640625 0.05859375 -0.368499755859375 -0.05059814453125
0.18927001953125 0.0671234130859375 -0.317657470703125 0.012725830078125
0.215499877929688 0.056884765625 -0.256515502929688 0.0289916992187501
0.180465698242188 0.084869384765625 -0.223312377929688 0.0148468017578125
0.193634033203125 0.143753051757813 -0.181503295898437 0.06341552734375
0.21295166015625 0.239227294921875 -0.183242797851563 0.0648651123046875
0.00543212890625003 0.464874267578125 -0.196823120117188 0.0239715576171875
-0.2230224609375 0.454925537109375 -0.104721069335938 0.10992431640625
-0.411224365234375 0.301971435546875 -0.331817626953125 0.2801513671875
-0.2650146484375 0.109024047851562 -0.124114990234375 0.233810424804687
-0.154998779296875 0.226028442382813 0.00427246093750002 0.287689208984375
0.068328857421875 0.211029052734375 0.15399169921875 0.028533935546875
0.1309814453125 0.0313720703125 0.0459136962890625 -0.167022705078125
0.0384941101074219 -0.028656005859375 -0.118377685546875 -0.22216796875
0.00624465942382813 0.0103378295898438 -0.301971435546875 -0.180267333984375
0.0309524536132813 0.0313091278076172 -0.39935302734375 -0.0402832031249999
0.055999755859375 0.0274620056152344 -0.3597412109375 0.00601196289062499
0.0657386779785156 0.0318679809570313 -0.3182373046875 0.01727294921875
0.0552177429199219 0.0163536071777344 -0.27288818359375 -0.00102233886718749
0.0999374389648438 0.0280380249023437 -0.221603393554688 0.053436279296875
0.160385131835938 0.112472534179688 -0.24444580078125 0.0468597412109375
0.019012451171875 0.3216552734375 -0.233551025390625 -0.015625
-0.191131591796875 0.29522705078125 -0.124786376953125 0.14202880859375
-0.314910888671875 0.145416259765625 -0.432037353515625 0.35186767578125
0.12994384765625 0.0315093994140625 0.441802978515625 -0.4300537109375
0.071685791015625 -0.125328063964844 0.128570556640625 -0.16143798828125
-0.087799072265625 -0.102195739746094 0.237503051757812 0.0450286865234375
-0.135772705078125 0.0230178833007812 0.31353759765625 -0.04595947265625
-0.042022705078125 0.125579833984375 0.21600341796875 -0.0429229736328125
0.0784683227539063 0.0744400024414063 0.249954223632812 -0.0018310546875
0.107406616210938 0.00467681884765625 0.321136474609375 -0.00732421875
0.083770751953125 0.0126419067382812 0.334716796875 0.00994873046875
0.0978622436523437 -0.00614166259765625 0.362884521484375 0.061065673828125
0.0954360961914063 0.0563430786132813 0.283905029296875 0.141693115234375
0.0268936157226563 0.104408264160156 0.131256103515625 0.13922119140625
-0.0763702392578125 0.0777969360351563 0.0108871459960938 0.113388061523438
-0.0894241333007812 -0.050506591796875 -0.087554931640625 -0.00700378417968749
0.04595947265625 -0.0893402099609375 -0.03057861328125 -0.251388549804688
0.134117126464844 0.0132217407226563 0.152511596679688 -0.256149291992188
-0.0642547607421875 0.199310302734375 0.460906982421875 -0.389190673828125
-0.0573272705078125 0.0815887451171875 0.122962951660156 -0.12420654296875
-0.1231689453125 0.13446044921875 0.253829956054688 0.102310180664063
-0.0957183837890625 0.19342041015625 0.35540771484375 -0.05340576171875
0.0211334228515625 0.271926879882813 0.2049560546875 -0.080047607421875
0.197006225585938 0.168792724609375 0.204238891601563 -0.0365447998046875
0.246856689453125 0.0445709228515625 0.253936767578125 -0.008087158203125
0.212799072265625 0.0503692626953125 0.2679443359375 0.0198516845703125
0.219436645507813 0.0126190185546875 0.31121826171875 0.05303955078125
0.180389404296875 0.0858001708984375 0.244781494140625 0.110931396484375
0.107818603515625 0.159286499023438 0.115013122558594 0.109481811523438
-0.00611877441406249 0.168304443359375 0.0274581909179688 0.091552734375
-0.115379333496094 0.1043701171875 -0.0702896118164063 0.0084190368652344
-0.0546684265136719 0.0586204528808594 -0.0374908447265625 -0.227508544921875
-0.0338363647460938 0.133193969726563 0.139923095703125 -0.241119384765625
-0.259490966796875 0.312286376953125 0.4173583984375 -0.287750244140625
-0.209991455078125 0.259811401367188 0.104316711425781 -0.04583740234375
-0.16595458984375 0.3623046875 0.26409912109375 0.146530151367188
-0.04534912109375 0.350830078125 0.373992919921875 -0.082611083984375
0.08294677734375 0.383544921875 0.170211791992188 -0.143463134765625
0.28411865234375 0.240325927734375 0.11614990234375 -0.0952911376953125
0.3443603515625 0.080841064453125 0.13592529296875 -0.0193023681640625
0.31146240234375 0.0828857421875 0.15960693359375 0.0254364013671875
0.318695068359375 0.02691650390625 0.227203369140625 0.04766845703125
0.257064819335938 0.106124877929688 0.184036254882813 0.0860748291015625
0.193710327148437 0.20166015625 0.086639404296875 0.09307861328125
0.0875701904296875 0.246353149414063 0.0245361328125 0.08148193359375
-0.101531982421875 0.268234252929687 -0.0739974975585938 0.0208969116210938
-0.126541137695313 0.229141235351562 -0.0513763427734375 -0.18951416015625
-0.19024658203125 0.2572021484375 0.089996337890625 -0.191970825195312
-0.413787841796875 0.358001708984375 0.318450927734375 -0.153411865234375
-0.33831787109375 0.37384033203125 0.0747833251953125 0.0622711181640625
-0.190765380859375 0.525177001953125 0.2706298828125 0.167617797851563
0.01617431640625 0.44873046875 0.358062744140625 -0.12908935546875
0.13494873046875 0.4249267578125 0.107131958007813 -0.216552734375
0.32269287109375 0.265106201171875 -0.00215148925781247 -0.16046142578125
0.386566162109375 0.10296630859375 -0.0116958618164062 -0.0356178283691406
0.3636474609375 0.10418701171875 0.0276641845703125 0.0278453826904297
0.381927490234375 0.04296875 0.114234924316406 0.0435028076171875
0.31353759765625 0.122222900390625 0.0963821411132813 0.0674819946289063
0.26885986328125 0.233963012695312 0.0381240844726563 0.0874252319335938
0.181854248046875 0.311126708984375 -0.000846862792968734 0.080535888671875
-0.061859130859375 0.418182373046875 -0.0955657958984375 0.0333328247070313
-0.17181396484375 0.393890380859375 -0.0656204223632813 -0.131134033203125
-0.31951904296875 0.36517333984375 0.00971221923828122 -0.101394653320312
-0.490631103515625 0.34149169921875 0.185012817382812 -0.0162200927734375
-0.39739990234375 0.40966796875 0.0432586669921875 0.172592163085938
-0.17144775390625 0.57427978515625 0.263931274414062 0.159103393554688
0.07733154296875 0.443389892578125 0.3021240234375 -0.17657470703125
0.1617431640625 0.37591552734375 0.0266265869140625 -0.273956298828125
0.303558349609375 0.234649658203125 -0.129486083984375 -0.210311889648438
0.3623046875 0.10260009765625 -0.163894653320312 -0.0485382080078125
0.359954833984375 0.110015869140625 -0.109886169433594 0.0261306762695312
0.38751220703125 0.0552978515625 -0.0184555053710937 0.0422554016113281
0.326995849609375 0.131378173828125 -0.0154762268066406 0.0525398254394531
0.300872802734375 0.244873046875 -0.0332717895507812 0.0857315063476563
0.24530029296875 0.341766357421875 -0.0500259399414062 0.082305908203125
-0.02008056640625 0.52117919921875 -0.126785278320312 0.0440139770507813
-0.200103759765625 0.5074462890625 -0.0779342651367188 -0.0487594604492187
-0.409454345703125 0.424102783203125 -0.0966567993164063 0.0230331420898438
-0.485870361328125 0.2847900390625 0.0496063232421875 0.101104736328125
-0.374359130859375 0.3839111328125 0.0181121826171875 0.254104614257813
-0.102142333984375 0.508056640625 0.241409301757813 0.124374389648438
0.124267578125 0.33612060546875 0.216339111328125 -0.201522827148437
0.149078369140625 0.250778198242188 -0.049530029296875 -0.290679931640625
0.227890014648438 0.1646728515625 -0.233749389648438 -0.227432250976563
0.28271484375 0.085296630859375 -0.291717529296875 -0.0523681640625
0.29962158203125 0.097900390625 -0.232406616210938 0.021881103515625
0.331756591796875 0.06329345703125 -0.151168823242187 0.038604736328125
0.280975341796875 0.123306274414063 -0.132217407226562 0.0367431640625
0.272796630859375 0.219070434570312 -0.114028930664062 0.0795974731445313
0.253387451171875 0.320892333984375 -0.115608215332031 0.07958984375
0.000640869140625007 0.541473388671875 -0.163528442382813 0.0434722900390626
-0.219818115234375 0.53411865234375 -0.0901641845703125 0.038360595703125
-0.446868896484375 0.4073486328125 -0.216415405273438 0.16070556640625
-0.405426025390625 0.206024169921875 -0.06085205078125 0.185821533203125
-0.28369140625 0.320587158203125 0.00573730468749999 0.291259765625
-0.010986328125 0.3714599609375 0.202651977539063 0.0756683349609375
0.143417358398438 0.179595947265625 0.123321533203125 -0.196334838867188
0.101646423339844 0.101211547851562 -0.100372314453125 -0.268951416015625
0.120513916015625 0.0827560424804688 -0.29345703125 -0.212554931640625
0.164688110351562 0.059112548828125 -0.375152587890625 -0.0469970703125
0.191619873046875 0.0689849853515625 -0.321319580078125 0.015472412109375
0.217849731445313 0.0591888427734375 -0.260772705078125 0.0304718017578125
0.180801391601563 0.08837890625 -0.227371215820313 0.0164337158203125
0.194351196289063 0.145416259765625 -0.184066772460937 0.0663299560546875
0.215286254882813 0.241317749023438 -0.186187744140625 0.0669097900390625
0.00747680664062495 0.471099853515625 -0.202606201171875 0.02313232421875
-0.22674560546875 0.46221923828125 -0.106155395507813 0.107276916503906
-0.42138671875 0.308837890625 -0.33544921875 0.282867431640625
-0.272018432617188 0.112655639648437 -0.128997802734375 0.237213134765625
-0.156494140625 0.231338500976563 0.00500488281249996 0.292816162109375
0.0731658935546875 0.211349487304687 0.157135009765625 0.0300750732421875
0.130790710449219 0.027313232421875 0.047607421875 -0.167678833007812
0.036773681640625 -0.0284690856933594 -0.120452880859375 -0.224380493164063
0.00545024871826172 0.0129976272583008 -0.308380126953125 -0.182830810546875
0.0300235748291016 0.0325336456298828 -0.4058837890625 -0.0382385253906251
0.0556449890136719 0.02874755859375 -0.364105224609375 0.01031494140625
0.0665779113769531 0.0346450805664063 -0.323333740234375 0.0201416015625
0.053436279296875 0.0187339782714844 -0.278335571289063 -0.000106811523437461
0.0993499755859375 0.0280990600585937 -0.224639892578125 0.0542755126953125
0.162200927734375 0.1123046875 -0.248046875 0.0484924316406251
0.022216796875 0.32598876953125 -0.238601684570313 -0.0159912109374999
-0.19488525390625 0.30059814453125 -0.125076293945313 0.14080810546875
-0.322723388671875 0.1484375 -0.435699462890625 0.357879638671875
0.137382507324219 0.0247955322265625 0.43890380859375 -0.45428466796875
0.0681381225585938 -0.133674621582031 0.12506103515625 -0.167892456054687
-0.09490966796875 -0.102218627929688 0.242446899414063 0.0390167236328125
-0.140365600585938 0.0308456420898438 0.317108154296875 -0.059112548828125
-0.0368576049804687 0.132301330566406 0.219940185546875 -0.050140380859375
0.0834503173828125 0.0715408325195313 0.256973266601563 -0.00883483886718749
0.109992980957031 -0.001373291015625 0.3306884765625 -0.0152587890625
0.0875396728515625 0.00922393798828125 0.344146728515625 0.001190185546875
0.0992279052734375 -0.01116943359375 0.3770751953125 0.0494384765625
0.101554870605469 0.0526123046875 0.29620361328125 0.137176513671875
0.0320968627929687 0.107200622558594 0.135971069335938 0.140495300292969
-0.0762252807617188 0.0843505859375 0.012542724609375 0.116355895996094
-0.0933609008789063 -0.0493087768554688 -0.091094970703125 -0.00490570068359375
0.0434799194335938 -0.0949859619140625 -0.0422210693359375 -0.258895874023438
0.139106750488281 0.00733184814453125 0.15032958984375 -0.26702880859375
-0.058197021484375 0.20330810546875 0.460296630859375 -0.413177490234375
-0.0588607788085937 0.081634521484375 0.119422912597656 -0.130279541015625
-0.124359130859375 0.140594482421875 0.262451171875 0.0995941162109375
-0.095306396484375 0.203582763671875 0.35894775390625 -0.066192626953125
0.0323028564453125 0.2811279296875 0.207000732421875 -0.087554931640625
0.206771850585937 0.164505004882812 0.20758056640625 -0.0427093505859375
0.252883911132813 0.036376953125 0.262115478515625 -0.013397216796875
0.220672607421875 0.0445098876953125 0.275588989257813 0.0142974853515625
0.22369384765625 0.004425048828125 0.32232666015625 0.04425048828125
0.187164306640625 0.0818939208984375 0.254745483398438 0.107620239257813
0.115814208984375 0.160385131835938 0.118408203125 0.111160278320313
-0.00309753417968749 0.173446655273437 0.02923583984375 0.09344482421875
-0.115898132324219 0.109588623046875 -0.0728912353515625 0.0102767944335938
-0.0549850463867188 0.0580596923828125 -0.0494384765625 -0.233901977539063
-0.0300979614257813 0.135879516601563 0.137008666992188 -0.25323486328125
-0.25628662109375 0.325439453125 0.417144775390625 -0.310394287109375
-0.211624145507813 0.26995849609375 0.101028442382813 -0.049896240234375
-0.1605224609375 0.3760986328125 0.276626586914063 0.14678955078125
-0.0391845703125 0.362701416015625 0.378021240234375 -0.096893310546875
0.099334716796875 0.3948974609375 0.168563842773438 -0.15142822265625
0.296234130859375 0.237457275390625 0.114219665527344 -0.100502014160156
0.35357666015625 0.072418212890625 0.140556335449219 -0.0216445922851562
0.322265625 0.07568359375 0.166534423828125 0.02459716796875
0.32525634765625 0.017333984375 0.235565185546875 0.0406494140625
0.264862060546875 0.10211181640625 0.192474365234375 0.083709716796875
0.20281982421875 0.201324462890625 0.089569091796875 0.095733642578125
0.094085693359375 0.25030517578125 0.0266189575195313 0.0829620361328125
-0.0980224609375 0.27630615234375 -0.0778579711914063 0.0230484008789063
-0.12384033203125 0.233657836914063 -0.062835693359375 -0.196197509765625
-0.187240600585938 0.268463134765625 0.0874786376953125 -0.201705932617187
-0.413970947265625 0.377655029296875 0.3187255859375 -0.16925048828125
-0.340087890625 0.390960693359375 0.0738525390625 0.0611495971679688
-0.1790771484375 0.545013427734375 0.284423828125 0.168548583984375
0.02667236328125 0.461151123046875 0.362396240234375 -0.144805908203125
0.153167724609375 0.43572998046875 0.102142333984375 -0.2249755859375
0.337646484375 0.263336181640625 -0.0100250244140625 -0.165130615234375
0.397003173828125 0.09344482421875 -0.0120849609375 -0.0330333709716797
0.37786865234375 0.095733642578125 0.031454086303711 0.0309581756591797
0.389739990234375 0.031982421875 0.119613647460938 0.0407180786132813
0.322967529296875 0.11773681640625 0.101409912109375 0.0681991577148438
0.279739379882813 0.2318115234375 0.0405426025390625 0.0914077758789063
0.193634033203125 0.313079833984375 0.000495910644531267 0.0825576782226563
-0.052734375 0.430908203125 -0.100227355957031 0.0359954833984375
-0.166534423828125 0.404754638671875 -0.075531005859375 -0.136642456054687
-0.31842041015625 0.3846435546875 0.00747680664062497 -0.106544494628906
-0.496856689453125 0.3641357421875 0.186172485351562 -0.0237579345703125
-0.3988037109375 0.432037353515625 0.0447998046875 0.175094604492188
-0.15704345703125 0.59295654296875 0.279342651367187 0.160232543945313
0.08978271484375 0.451324462890625 0.304656982421875 -0.18914794921875
0.178680419921875 0.38177490234375 0.018890380859375 -0.280899047851563
0.315521240234375 0.232879638671875 -0.142410278320312 -0.2113037109375
0.37445068359375 0.09442138671875 -0.169631958007812 -0.041656494140625
0.3739013671875 0.10302734375 -0.110038757324219 0.033477783203125
0.397613525390625 0.045013427734375 -0.0172348022460937 0.0434494018554688
0.33673095703125 0.126129150390625 -0.013763427734375 0.0563163757324219
0.314361572265625 0.243499755859375 -0.0318984985351562 0.091339111328125
0.25958251953125 0.341949462890625 -0.049163818359375 0.0862197875976563
-0.00708007812500004 0.534027099609375 -0.131637573242188 0.0479507446289063
-0.1912841796875 0.523590087890625 -0.084930419921875 -0.052398681640625
-0.410980224609375 0.44818115234375 -0.0978012084960938 0.0244674682617188
-0.49468994140625 0.3065185546875 0.0506057739257812 0.100662231445313
-0.375579833984375 0.404266357421875 0.0230560302734375 0.259033203125
-0.087738037109375 0.522918701171875 0.255615234375 0.125015258789063
0.13433837890625 0.33819580078125 0.216751098632813 -0.211715698242187
0.160690307617188 0.252883911132813 -0.059967041015625 -0.296661376953125
0.237228393554688 0.163116455078125 -0.249359130859375 -0.226028442382813
0.289764404296875 0.080078125 -0.300079345703125 -0.0420532226562499
0.310272216796875 0.09234619140625 -0.235626220703125 0.032196044921875
0.340545654296875 0.05633544921875 -0.154129028320313 0.0443878173828125
0.288970947265625 0.12127685546875 -0.135040283203125 0.0427322387695312
0.28363037109375 0.21832275390625 -0.114936828613281 0.0868988037109375
0.26885986328125 0.321075439453125 -0.1168212890625 0.0852203369140625
0.015777587890625 0.554931640625 -0.169448852539063 0.0485229492187501
-0.21160888671875 0.554534912109375 -0.09381103515625 0.03729248046875
-0.450286865234375 0.433135986328125 -0.215591430664063 0.170272827148438
-0.413726806640625 0.223602294921875 -0.060211181640625 0.191177368164062
-0.280792236328125 0.337493896484375 0.01263427734375 0.298248291015625
0.0020751953125 0.380157470703125 0.213470458984375 0.0744476318359375
0.149261474609375 0.176132202148438 0.122344970703125 -0.202911376953125
0.106163024902344 0.100364685058594 -0.11053466796875 -0.271652221679688
0.124031066894531 0.0837020874023438 -0.3106689453125 -0.2098388671875
0.168350219726562 0.056732177734375 -0.38519287109375 -0.0362854003906249
0.19793701171875 0.06683349609375 -0.326904296875 0.028045654296875
0.224502563476563 0.0565948486328125 -0.268096923828125 0.0399627685546875
0.185745239257813 0.087982177734375 -0.233139038085938 0.024383544921875
0.200653076171875 0.143890380859375 -0.186492919921875 0.0745391845703125
0.22698974609375 0.2408447265625 -0.189422607421875 0.0742950439453125
0.021942138671875 0.483642578125 -0.209686279296875 0.0292358398437501
-0.21978759765625 0.480194091796875 -0.106773376464844 0.10845947265625
-0.427642822265625 0.33001708984375 -0.3348388671875 0.300140380859375
-0.277618408203125 0.12469482421875 -0.129562377929688 0.24725341796875
-0.152053833007813 0.24395751953125 0.014190673828125 0.300628662109375
0.0837249755859375 0.211868286132813 0.164443969726562 0.027557373046875
0.132408142089844 0.02197265625 0.0448455810546875 -0.171554565429688
0.0354728698730469 -0.0303001403808594 -0.129684448242187 -0.225418090820313
0.00571441650390625 0.0152578353881836 -0.322906494140625 -0.178070068359375
0.0308418273925781 0.0336666107177734 -0.416015625 -0.0259704589843749
0.0566368103027344 0.0302276611328125 -0.3717041015625 0.0223083496093751
0.06890869140625 0.0366859436035156 -0.332763671875 0.03057861328125
0.0529289245605469 0.0200386047363281 -0.28662109375 0.00790405273437499
0.100028991699219 0.0258560180664063 -0.228103637695313 0.062835693359375
0.169158935546875 0.109619140625 -0.2530517578125 0.0579071044921875
0.033050537109375 0.33453369140625 -0.248443603515625 -0.00975036621093751
-0.19317626953125 0.317535400390625 -0.123626708984375 0.143692016601563
-0.331512451171875 0.1624755859375 -0.43377685546875 0.380462646484375
0.142776489257812 0.0135955810546875 0.419952392578125 -0.48419189453125
0.05950927734375 -0.142181396484375 0.115692138671875 -0.173553466796875
-0.104515075683594 -0.0981597900390625 0.24560546875 0.02685546875
-0.142044067382813 0.04248046875 0.31585693359375 -0.077850341796875
-0.0268402099609375 0.138984680175781 0.219207763671875 -0.0626068115234375
0.0891036987304688 0.0650863647460938 0.260421752929688 -0.02215576171875
0.111289978027344 -0.0103912353515625 0.336944580078125 -0.032135009765625
0.0897674560546875 0.00295257568359375 0.349395751953125 -0.015899658203125
0.0990447998046875 -0.0192413330078125 0.384857177734375 0.027923583984375
0.107215881347656 0.0457916259765625 0.308502197265625 0.123809814453125
0.0407257080078125 0.10748291015625 0.142166137695313 0.137603759765625
-0.0731887817382812 0.0913314819335937 0.0180587768554687 0.117713928222656
-0.0979537963867188 -0.0449676513671875 -0.0940704345703125 -0.000770568847656237
0.03790283203125 -0.100784301757813 -0.0609893798828125 -0.261825561523438
0.144271850585938 -0.0018768310546875 0.139984130859375 -0.280105590820313
-0.0472869873046875 0.205810546875 0.44232177734375 -0.44415283203125
-0.0592880249023438 0.0834121704101562 0.110809326171875 -0.136848449707031
-0.121185302734375 0.149078369140625 0.272445678710937 0.0878143310546875
-0.0877227783203125 0.214828491210938 0.357574462890625 -0.088165283203125
0.0521240234375 0.28668212890625 0.203201293945313 -0.0995025634765625
0.218414306640625 0.154769897460937 0.206893920898437 -0.0540771484375
0.257034301757813 0.0213165283203125 0.267318725585938 -0.0260467529296875
0.226303100585937 0.0325927734375 0.282745361328125 0.000762939453125002
0.225357055664063 -0.00872802734375 0.33062744140625 0.025054931640625
0.193954467773438 0.0724334716796875 0.26470947265625 0.0955047607421875
0.12591552734375 0.15728759765625 0.123947143554688 0.108818054199219
0.0047607421875 0.177154541015625 0.0334014892578125 0.093048095703125
-0.113082885742188 0.117324829101562 -0.0749359130859375 0.013031005859375
-0.0542221069335937 0.0589027404785156 -0.0674591064453125 -0.23651123046875
-0.0218505859375 0.137351989746094 0.126373291015625 -0.265167236328125
-0.24322509765625 0.3416748046875 0.404083251953125 -0.337982177734375
-0.20428466796875 0.28289794921875 0.0953903198242187 -0.0555038452148437
-0.143218994140625 0.391326904296875 0.290985107421875 0.13653564453125
-0.0242919921875 0.37298583984375 0.37664794921875 -0.11871337890625
0.12548828125 0.39801025390625 0.160797119140625 -0.161834716796875
0.312744140625 0.22418212890625 0.107963562011719 -0.108200073242188
0.360992431640625 0.053375244140625 0.143417358398438 -0.027801513671875
0.33197021484375 0.058563232421875 0.1727294921875 0.017425537109375
0.3287353515625 -0.00067138671875 0.241668701171875 0.0277557373046875
0.272659301757813 0.089691162109375 0.200393676757813 0.076324462890625
0.215057373046875 0.19354248046875 0.0952835083007813 0.0949554443359375
0.106246948242188 0.248870849609375 0.0301895141601563 0.0824127197265625
-0.08551025390625 0.284637451171875 -0.0800247192382813 0.0278854370117188
-0.114654541015625 0.24029541015625 -0.079681396484375 -0.197174072265625
-0.176116943359375 0.281402587890625 0.077484130859375 -0.210159301757812
-0.40185546875 0.40447998046875 0.311187744140625 -0.19158935546875
-0.328460693359375 0.41339111328125 0.073272705078125 0.0582656860351563
-0.1524658203125 0.56298828125 0.302825927734375 0.160003662109375
0.0487060546875 0.466522216796875 0.36041259765625 -0.165679931640625
0.183624267578125 0.435333251953125 0.090057373046875 -0.232864379882813
0.355865478515625 0.248260498046875 -0.02288818359375 -0.165740966796875
0.40576171875 0.073455810546875 -0.0130500793457031 -0.030853271484375
0.389617919921875 0.0770263671875 0.0367698669433594 0.0317153930664063
0.394927978515625 0.010467529296875 0.12347412109375 0.03466796875
0.33251953125 0.10406494140625 0.107536315917969 0.0651092529296875
0.294830322265625 0.22210693359375 0.0460052490234375 0.0929794311523438
0.210052490234375 0.305633544921875 0.00349426269531252 0.08404541015625
-0.030914306640625 0.438995361328125 -0.102523803710938 0.0423355102539063
-0.148345947265625 0.41644287109375 -0.089324951171875 -0.136909484863281
-0.304901123046875 0.407470703125 0.00160980224609373 -0.110092163085937
-0.488189697265625 0.39544677734375 0.18389892578125 -0.0360260009765625
-0.384674072265625 0.45721435546875 0.0502471923828125 0.174835205078125
-0.12445068359375 0.60931396484375 0.297576904296875 0.152069091796875
0.113555908203125 0.45220947265625 0.29925537109375 -0.207305908203125
0.203857421875 0.377899169921875 0.00366210937500004 -0.284454345703125
0.33172607421875 0.219635009765625 -0.159759521484375 -0.20654296875
0.38189697265625 0.076568603515625 -0.17291259765625 -0.0304718017578125
0.38543701171875 0.08538818359375 -0.106185913085937 0.0417404174804687
0.4039306640625 0.024169921875 -0.0153694152832031 0.0454139709472656
0.346160888671875 0.113800048828125 -0.0103607177734375 0.0596275329589844
0.329254150390625 0.2298583984375 -0.0266799926757812 0.0967483520507812
0.278900146484375 0.332305908203125 -0.0462265014648438 0.0900039672851563
0.020751953125 0.541900634765625 -0.134330749511719 0.0567245483398438
-0.169189453125 0.5408935546875 -0.093505859375 -0.0515823364257812
-0.394989013671875 0.478851318359375 -0.0970840454101563 0.029083251953125
-0.48736572265625 0.33837890625 0.05352783203125 0.0977935791015625
-0.359954833984375 0.43084716796875 0.03363037109375 0.261077880859375
-0.05792236328125 0.532989501953125 0.270050048828125 0.116378784179688
0.15216064453125 0.33233642578125 0.209945678710938 -0.224929809570312
0.176788330078125 0.247467041015625 -0.075836181640625 -0.295501708984375
0.247543334960938 0.154327392578125 -0.268310546875 -0.214462280273438
0.295562744140625 0.0665283203125 -0.30572509765625 -0.023162841796875
0.31976318359375 0.078704833984375 -0.234222412109375 0.0467987060546875
0.347930908203125 0.04022216796875 -0.154342651367187 0.0543060302734375
0.2982177734375 0.110382080078125 -0.134391784667969 0.0524978637695313
0.298065185546875 0.207000732421875 -0.111083984375 0.0957717895507813
0.28692626953125 0.3104248046875 -0.114151000976562 0.0929412841796875
0.046142578125 0.56353759765625 -0.172210693359375 0.0597381591796875
-0.186279296875 0.57513427734375 -0.0962600708007813 0.0390167236328125
-0.43646240234375 0.465576171875 -0.207870483398438 0.183303833007813
-0.41009521484375 0.250274658203125 -0.0540771484375 0.196456909179688
-0.2667236328125 0.357757568359375 0.027587890625 0.301361083984375
0.026275634765625 0.382965087890625 0.22406005859375 0.0662078857421875
0.1583251953125 0.167022705078125 0.115005493164063 -0.210769653320313
0.112030029296875 0.09515380859375 -0.126556396484375 -0.267364501953125
0.129402160644531 0.0794296264648438 -0.327667236328125 -0.19390869140625
0.171707153320313 0.05035400390625 -0.39190673828125 -0.01275634765625
0.204574584960938 0.0590667724609375 -0.3275146484375 0.04766845703125
0.23077392578125 0.0477294921875 -0.2696533203125 0.0570068359375
0.191055297851562 0.0831756591796875 -0.236419677734375 0.038299560546875
0.209030151367187 0.136077880859375 -0.184112548828125 0.085784912109375
0.24273681640625 0.230606079101563 -0.187652587890625 0.086212158203125
0.048675537109375 0.490478515625 -0.214431762695313 0.04168701171875
-0.199005126953125 0.50146484375 -0.103485107421875 0.111885070800781
-0.418914794921875 0.360107421875 -0.321533203125 0.3216552734375
-0.277420043945313 0.143783569335938 -0.121231079101563 0.257949829101563
-0.140457153320312 0.256805419921875 0.0303955078125 0.303009033203125
0.0986785888671875 0.20703125 0.171035766601562 0.018707275390625
0.132850646972656 0.0109405517578125 0.039154052734375 -0.174301147460937
0.0322284698486328 -0.0331230163574219 -0.142410278320312 -0.219573974609375
0.00602817535400391 0.0167675018310547 -0.338226318359375 -0.162322998046875
0.0317955017089844 0.0341777801513672 -0.423065185546875 -0.00204467773437495
0.0583381652832031 0.0298843383789063 -0.37384033203125 0.04339599609375
0.0721206665039063 0.0363006591796875 -0.336151123046875 0.0516357421875
0.052947998046875 0.0201416015625 -0.292144775390625 0.02435302734375
0.1007080078125 0.0213470458984375 -0.227020263671875 0.0757904052734375
0.17755126953125 0.100738525390625 -0.25372314453125 0.0733642578125
0.05419921875 0.338897705078125 -0.254364013671875 0.00398254394531257
-0.18017578125 0.334686279296875 -0.116729736328125 0.148223876953125
-0.330078125 0.18389892578125 -0.418792724609375 0.40875244140625
0.142654418945312 0.0008697509765625 0.384124755859375 -0.50225830078125
0.0472564697265625 -0.145370483398438 0.103195190429688 -0.1741943359375
-0.111175537109375 -0.0897369384765625 0.241867065429688 0.0140228271484375
-0.139091491699219 0.0540237426757812 0.302947998046875 -0.096466064453125
-0.014190673828125 0.140274047851563 0.209976196289063 -0.0743865966796875
0.0925827026367188 0.0567474365234375 0.254058837890625 -0.0357818603515625
0.107986450195313 -0.0195388793945313 0.332977294921875 -0.05145263671875
0.08905029296875 -0.00466156005859375 0.344085693359375 -0.035430908203125
0.0952377319335937 -0.0266876220703125 0.38189697265625 0.00347900390625
0.109474182128906 0.036468505859375 0.31207275390625 0.10333251953125
0.04888916015625 0.104789733886719 0.14605712890625 0.129409790039063
-0.0672378540039063 0.0971221923828125 0.0229339599609375 0.115463256835938
-0.100326538085938 -0.0383071899414063 -0.0943374633789062 0.00404357910156248
0.0307388305664063 -0.10272216796875 -0.0794525146484375 -0.254623413085938
0.144302368164063 -0.012664794921875 0.12274169921875 -0.284881591796875
-0.034393310546875 0.201812744140625 0.407623291015625 -0.464691162109375
-0.058258056640625 0.0840530395507813 0.0984725952148438 -0.138313293457031
-0.112350463867187 0.155120849609375 0.274429321289063 0.073394775390625
-0.0765228271484375 0.221405029296875 0.34490966796875 -0.108489990234375
0.0728759765625 0.281402587890625 0.19195556640625 -0.1094970703125
0.225616455078125 0.138504028320313 0.198638916015625 -0.063812255859375
0.25341796875 0.004364013671875 0.264434814453125 -0.0405120849609375
0.226181030273438 0.0175628662109375 0.28033447265625 -0.014495849609375
0.219573974609375 -0.0237884521484375 0.327545166015625 0.004608154296875
0.195327758789063 0.0594940185546875 0.268508911132813 0.0794830322265625
0.133941650390625 0.148391723632813 0.126228332519531 0.102485656738281
0.013336181640625 0.176132202148437 0.0371246337890625 0.0898284912109375
-0.10601806640625 0.121650695800781 -0.0751724243164063 0.0177154541015625
-0.0510520935058594 0.0577316284179687 -0.0855255126953125 -0.228866577148438
-0.0123672485351562 0.134384155273438 0.109161376953125 -0.26910400390625
-0.221343994140625 0.348724365234375 0.376251220703125 -0.35723876953125
-0.18975830078125 0.288665771484375 0.0866165161132812 -0.05841064453125
-0.1207275390625 0.394622802734375 0.299224853515625 0.119171142578125
-0.00476074218749999 0.371978759765625 0.363372802734375 -0.138580322265625
0.152252197265625 0.386474609375 0.147064208984375 -0.16802978515625
0.322784423828125 0.20166015625 0.096832275390625 -0.111129760742187
0.357208251953125 0.030181884765625 0.141265869140625 -0.0345916748046875
0.331268310546875 0.0372314453125 0.173934936523438 0.0081939697265625
0.321868896484375 -0.021270751953125 0.240585327148438 0.012786865234375
0.272811889648438 0.073699951171875 0.202713012695313 0.063995361328125
0.22314453125 0.178939819335938 0.0983123779296875 0.0908050537109375
0.116561889648437 0.239883422851563 0.0328292846679688 0.0800094604492188
-0.069427490234375 0.2852783203125 -0.079803466796875 0.0332565307617188
-0.101119995117188 0.23992919921875 -0.095855712890625 -0.189926147460938
-0.15692138671875 0.2864990234375 0.064544677734375 -0.212570190429687
-0.3741455078125 0.42041015625 0.29205322265625 -0.208038330078125
-0.305206298828125 0.42572021484375 0.0701408386230469 0.0540122985839844
-0.1173095703125 0.56329345703125 0.313079833984375 0.1419677734375
0.07257080078125 0.459014892578125 0.3447265625 -0.184356689453125
0.209503173828125 0.41912841796875 0.0739898681640625 -0.233428955078125
0.365081787109375 0.22442626953125 -0.0364837646484375 -0.1607666015625
0.40264892578125 0.048431396484375 -0.0134639739990234 -0.028594970703125
0.388275146484375 0.052642822265625 0.0412864685058594 0.030303955078125
0.387725830078125 -0.013214111328125 0.124198913574219 0.0272979736328125
0.331390380859375 0.08526611328125 0.110572814941406 0.0589447021484375
0.30120849609375 0.201995849609375 0.050628662109375 0.0914688110351563
0.22161865234375 0.289581298828125 0.00758361816406251 0.0823516845703125
-0.00714111328124999 0.435699462890625 -0.101455688476563 0.05035400390625
-0.12322998046875 0.415374755859375 -0.101104736328125 -0.130470275878906
-0.27667236328125 0.419952392578125 -0.00410461425781253 -0.109161376953125
-0.459991455078125 0.41839599609375 0.1759033203125 -0.0479583740234375
-0.356292724609375 0.472808837890625 0.05426025390625 0.169815063476563
-0.08544921875 0.60638427734375 0.308074951171875 0.133941650390625
0.13458251953125 0.439117431640625 0.28350830078125 -0.220977783203125
0.22589111328125 0.361053466796875 -0.01416015625 -0.279571533203125
0.3382568359375 0.197357177734375 -0.173019409179687 -0.192352294921875
0.377685546875 0.053863525390625 -0.171722412109375 -0.017730712890625
0.38543701171875 0.062347412109375 -0.09930419921875 0.048919677734375
0.398101806640625 0.000823974609375 -0.0122299194335937 0.04669189453125
0.347137451171875 0.094970703125 -0.00634002685546872 0.0604705810546875
0.33673095703125 0.208648681640625 -0.020172119140625 0.0989456176757813
0.29327392578125 0.30975341796875 -0.0408782958984375 0.091461181640625
0.05078125 0.5352783203125 -0.132331848144531 0.0658798217773438
-0.1351318359375 0.539703369140625 -0.0991287231445313 -0.047637939453125
-0.36175537109375 0.495758056640625 -0.0927276611328125 0.0331268310546875
-0.46392822265625 0.36260986328125 0.0544052124023437 0.0916595458984375
-0.332305908203125 0.4453125 0.0444793701171875 0.25579833984375
-0.023895263671875 0.526702880859375 0.278289794921875 0.100357055664063
0.16748046875 0.317108154296875 0.195358276367188 -0.233734130859375
0.188247680664063 0.23333740234375 -0.091827392578125 -0.28497314453125
0.251052856445313 0.138641357421875 -0.279876708984375 -0.193862915039062
0.29302978515625 0.050537109375 -0.301605224609375 -0.00268554687500004
0.3203125 0.0601806640625 -0.224624633789062 0.0611724853515625
0.344635009765625 0.019989013671875 -0.148483276367188 0.064605712890625
0.2987060546875 0.0948486328125 -0.129356384277344 0.0606765747070312
0.303436279296875 0.187286376953125 -0.102981567382812 0.10235595703125
0.30059814453125 0.289306640625 -0.107353210449219 0.0986785888671875
0.078826904296875 0.552459716796875 -0.169586181640625 0.071075439453125
-0.15093994140625 0.57623291015625 -0.09539794921875 0.0409469604492188
-0.40679931640625 0.48760986328125 -0.192001342773438 0.192306518554688
-0.392608642578125 0.27215576171875 -0.04547119140625 0.195098876953125
-0.24322509765625 0.368560791015625 0.041412353515625 0.295379638671875
0.050872802734375 0.3720703125 0.22869873046875 0.0527191162109375
0.163192749023438 0.152374267578125 0.103683471679688 -0.213302612304688
0.11407470703125 0.087127685546875 -0.138412475585938 -0.25408935546875
0.130157470703125 0.0718994140625 -0.335906982421875 -0.170806884765625
0.1705322265625 0.0413970947265625 -0.38629150390625 0.0134582519531249
0.204788208007813 0.0480804443359375 -0.317352294921875 0.06591796875
0.23016357421875 0.0352325439453125 -0.261581420898437 0.0737762451171875
0.192184448242187 0.073883056640625 -0.23095703125 0.053009033203125
0.211395263671875 0.123580932617188 -0.175704956054688 0.095855712890625
0.251907348632813 0.211822509765625 -0.179962158203125 0.09619140625
0.079315185546875 0.48260498046875 -0.211318969726563 0.0557861328125
-0.1676025390625 0.506927490234375 -0.0970230102539063 0.113105773925781
-0.396026611328125 0.382415771484375 -0.294891357421875 0.3353271484375
-0.266860961914063 0.159957885742188 -0.106597900390625 0.260391235351562
-0.122116088867187 0.262100219726562 0.04638671875 0.296630859375
0.112197875976563 0.195419311523438 0.171707153320313 0.00778198242187501
0.129676818847656 0.00080108642578125 0.031829833984375 -0.172836303710938
0.0270233154296875 -0.034332275390625 -0.151626586914063 -0.207015991210938
0.00672531127929688 0.0178279876708984 -0.343353271484375 -0.1385498046875
0.0326004028320312 0.0330963134765625 -0.417022705078125 0.02392578125
0.0591201782226563 0.0282936096191406 -0.363189697265625 0.0645141601562501
0.0738449096679688 0.0337753295898438 -0.327178955078125 0.07220458984375
0.0518836975097656 0.0198287963867187 -0.28741455078125 0.04168701171875
0.0975418090820312 0.0154953002929687 -0.219467163085938 0.0870666503906251
0.180084228515625 0.08697509765625 -0.245834350585938 0.0880889892578125
0.075775146484375 0.331695556640625 -0.25189208984375 0.020477294921875
-0.158599853515625 0.343414306640625 -0.106719970703125 0.149200439453125
-0.31805419921875 0.202911376953125 -0.386322021484375 0.426055908203125
0.138923645019531 -0.0081329345703125 0.35308837890625 -0.500213623046875
0.037384033203125 -0.144195556640625 0.093292236328125 -0.169525146484375
-0.113555908203125 -0.081390380859375 0.234283447265625 0.00665283203124999
-0.133575439453125 0.0629653930664063 0.286834716796875 -0.10491943359375
-0.00390625000000001 0.137458801269531 0.198135375976563 -0.0791473388671875
0.0928192138671875 0.0492630004882813 0.244338989257813 -0.0428619384765625
0.10260009765625 -0.0263900756835938 0.323028564453125 -0.062469482421875
0.0856170654296875 -0.0099334716796875 0.332794189453125 -0.0477294921875
0.0898895263671875 -0.0317611694335938 0.370147705078125 -0.013092041015625
0.108711242675781 0.0291595458984375 0.30755615234375 0.088287353515625
0.0546188354492188 0.100006103515625 0.143524169921875 0.12237548828125
-0.0615921020507813 0.0994949340820312 0.0250320434570312 0.111534118652344
-0.100013732910156 -0.0330734252929688 -0.0927505493164063 0.00711822509765625
0.0249786376953125 -0.102668762207031 -0.09063720703125 -0.2435302734375
0.141983032226563 -0.0208587646484375 0.108627319335938 -0.280868530273438
-0.0268707275390625 0.19403076171875 0.3751220703125 -0.46502685546875
-0.0576629638671875 0.0823211669921875 0.0884628295898438 -0.135459899902344
-0.10455322265625 0.156021118164063 0.270263671875 0.062225341796875
-0.06787109375 0.22314453125 0.328948974609375 -0.118011474609375
0.086273193359375 0.272171020507813 0.179962158203125 -0.112060546875
0.224044799804688 0.124176025390625 0.187789916992188 -0.0672149658203125
0.245025634765625 -0.006988525390625 0.256744384765625 -0.0503997802734375
0.2196044921875 0.0066070556640625 0.2725830078125 -0.0244903564453125
0.210113525390625 -0.032257080078125 0.318389892578125 -0.008941650390625
0.191818237304688 0.05023193359375 0.263961791992188 0.0670928955078125
0.136512756347656 0.140068054199219 0.124313354492188 0.0971450805664063
0.01861572265625 0.172821044921875 0.037384033203125 0.0865402221679688
-0.0997543334960938 0.122360229492188 -0.0737991333007812 0.0207366943359375
-0.0486793518066406 0.0549583435058594 -0.096588134765625 -0.217849731445312
-0.00606536865234375 0.128013610839844 0.095367431640625 -0.2657470703125
-0.20306396484375 0.3446044921875 0.34747314453125 -0.361358642578125
-0.17828369140625 0.28680419921875 0.077606201171875 -0.0577621459960937
-0.102630615234375 0.3868408203125 0.298248291015625 0.10552978515625
0.00833129882812499 0.364654541015625 0.346710205078125 -0.14898681640625
0.16644287109375 0.3701171875 0.134323120117188 -0.167633056640625
0.320404052734375 0.181976318359375 0.085540771484375 -0.108802795410156
0.34625244140625 0.015533447265625 0.136985778808594 -0.038482666015625
0.32330322265625 0.02276611328125 0.170639038085938 0.001617431640625
0.309173583984375 -0.033050537109375 0.234405517578125 0.0027618408203125
0.267288208007813 0.0619049072265625 0.20074462890625 0.0549163818359375
0.222549438476563 0.166229248046875 0.0977630615234375 0.0865554809570313
0.1199951171875 0.22967529296875 0.03375244140625 0.0764007568359375
-0.0575714111328125 0.28057861328125 -0.07745361328125 0.036865234375
-0.0901031494140625 0.232650756835937 -0.105453491210938 -0.180007934570312
-0.140625 0.281707763671875 0.0548095703125 -0.208892822265625
-0.34906005859375 0.42144775390625 0.271255493164063 -0.214035034179687
-0.28436279296875 0.423858642578125 0.064971923828125 0.0513648986816407
-0.090972900390625 0.5498046875 0.313751220703125 0.1268310546875
0.086181640625 0.444244384765625 0.328216552734375 -0.1915283203125
0.221435546875 0.398529052734375 0.0618896484375 -0.2276611328125
0.3599853515625 0.203369140625 -0.04559326171875 -0.151931762695313
0.390594482421875 0.032684326171875 -0.0130481719970703 -0.0256481170654297
0.379913330078125 0.036285400390625 0.0434684753417969 0.0281829833984375
0.373626708984375 -0.027679443359375 0.122161865234375 0.0224533081054688
0.3238525390625 0.07208251953125 0.110359191894531 0.0541915893554688
0.29876708984375 0.1859130859375 0.0532989501953125 0.0891571044921875
0.22467041015625 0.272491455078125 0.00964355468750002 0.080108642578125
0.00946044921874997 0.422607421875 -0.0979537963867187 0.0552597045898438
-0.1053466796875 0.405242919921875 -0.107925415039063 -0.1231689453125
-0.252716064453125 0.417572021484375 -0.00762939453125 -0.106086730957031
-0.43231201171875 0.42266845703125 0.164276123046875 -0.0543365478515625
-0.3316650390625 0.47314453125 0.05340576171875 0.163528442382813
-0.05938720703125 0.59027099609375 0.30914306640625 0.11865234375
0.14556884765625 0.418914794921875 0.26812744140625 -0.225479125976562
0.233184814453125 0.340240478515625 -0.0247344970703125 -0.269332885742188
0.33502197265625 0.178955078125 -0.179733276367187 -0.177108764648438
0.367034912109375 0.0391845703125 -0.166778564453125 -0.00883483886718749
0.377471923828125 0.045989990234375 -0.091583251953125 0.0511550903320312
0.384552001953125 -0.013458251953125 -0.00893402099609373 0.0466499328613281
0.34039306640625 0.081024169921875 -0.0032997131347656 0.0600051879882813
0.332183837890625 0.19085693359375 -0.0154495239257812 0.0976486206054688
0.292938232421875 0.2896728515625 -0.0367889404296875 0.090850830078125
0.0706787109375 0.517364501953125 -0.127349853515625 0.0728225708007813
-0.111297607421875 0.528167724609375 -0.101814270019531 -0.043243408203125
-0.33477783203125 0.4959716796875 -0.0868606567382813 0.0351333618164063
-0.439300537109375 0.369293212890625 0.0522384643554687 0.085845947265625
-0.30792236328125 0.44482421875 0.0478973388671875 0.247039794921875
-0.00115966796874998 0.51055908203125 0.2783203125 0.086639404296875
0.170684814453125 0.29888916015625 0.182952880859375 -0.23382568359375
0.19073486328125 0.217849731445313 -0.0991058349609375 -0.271896362304688
0.246368408203125 0.125274658203125 -0.2813720703125 -0.175079345703125
0.284912109375 0.0391845703125 -0.2918701171875 0.011566162109375
0.31427001953125 0.046844482421875 -0.21295166015625 0.0677490234375
0.3341064453125 0.008453369140625 -0.140350341796875 0.0697097778320313
0.2926025390625 0.0841064453125 -0.122596740722656 0.0655288696289062
0.29962158203125 0.172027587890625 -0.0950469970703125 0.104171752929688
0.299652099609375 0.267547607421875 -0.100479125976562 0.100608825683594
0.099578857421875 0.53509521484375 -0.1629638671875 0.078704833984375
-0.1259765625 0.56427001953125 -0.09344482421875 0.0410079956054688
-0.3790283203125 0.48980712890625 -0.176483154296875 0.192428588867188
-0.37188720703125 0.28094482421875 -0.040191650390625 0.1900634765625
-0.222747802734375 0.366973876953125 0.047760009765625 0.28546142578125
0.06634521484375 0.35650634765625 0.2265625 0.0416259765625
0.16192626953125 0.13897705078125 0.095458984375 -0.210617065429688
0.112152099609375 0.07904052734375 -0.141403198242188 -0.2406005859375
0.127517700195313 0.0663528442382813 -0.33349609375 -0.15130615234375
0.165481567382813 0.035919189453125 -0.3731689453125 0.0288085937500001
0.20147705078125 0.04046630859375 -0.3031005859375 0.076507568359375
0.224884033203125 0.0269012451171875 -0.249435424804687 0.0833892822265625
0.188369750976563 0.067962646484375 -0.22222900390625 0.0611572265625
0.207855224609375 0.113143920898438 -0.165603637695313 0.0998687744140625
0.250595092773438 0.194808959960938 -0.171112060546875 0.1011962890625
0.097381591796875 0.46636962890625 -0.203933715820313 0.0651397705078125
-0.143463134765625 0.499725341796875 -0.0912399291992188 0.110069274902344
-0.3731689453125 0.388336181640625 -0.269775390625 0.335113525390625
-0.254058837890625 0.167739868164063 -0.097381591796875 0.255706787109375
-0.108001708984375 0.259201049804687 0.054351806640625 0.28692626953125
0.118118286132813 0.181304931640625 0.168167114257812 -0.000244140624999989
0.123291015625 -0.0067901611328125 0.027130126953125 -0.168792724609375
0.0223846435546875 -0.0337371826171875 -0.151718139648438 -0.194076538085937
0.00577926635742187 0.0182361602783203 -0.33892822265625 -0.120697021484375
0.0318813323974609 0.0330028533935547 -0.403350830078125 0.04150390625
0.0582695007324219 0.0271224975585937 -0.347412109375 0.077178955078125
0.0735321044921875 0.0323333740234375 -0.313140869140625 0.08331298828125
0.0501136779785156 0.020172119140625 -0.277542114257813 0.0522918701171875
0.0925140380859375 0.0121536254882812 -0.208099365234375 0.0923309326171875
0.176986694335938 0.0751953125 -0.234725952148437 0.09588623046875
0.088623046875 0.31878662109375 -0.244415283203125 0.031158447265625
-0.139373779296875 0.341705322265625 -0.0977325439453125 0.144973754882813
-0.304595947265625 0.211578369140625 -0.354034423828125 0.425933837890625
0.134681701660156 -0.0131072998046875 0.3358154296875 -0.49066162109375
0.030914306640625 -0.141738891601563 0.08953857421875 -0.1632080078125
-0.113716125488281 -0.0756378173828125 0.227249145507813 0.0052337646484375
-0.12896728515625 0.0687332153320312 0.275405883789063 -0.105392456054688
0.0030517578125 0.134292602539062 0.189590454101563 -0.0782470703125
0.0914154052734375 0.0433197021484375 0.237258911132813 -0.04248046875
0.0982131958007813 -0.0298385620117188 0.314971923828125 -0.06744384765625
0.08306884765625 -0.0125350952148437 0.323028564453125 -0.051422119140625
0.085235595703125 -0.0338363647460938 0.359649658203125 -0.02130126953125
0.107688903808594 0.0244903564453125 0.3017578125 0.08050537109375
0.0575790405273438 0.0970840454101563 0.140037536621094 0.119651794433594
-0.0582504272460938 0.101402282714844 0.0243911743164063 0.109001159667969
-0.10003662109375 -0.0297164916992187 -0.0925064086914063 0.00872802734374998
0.0223007202148438 -0.102737426757812 -0.0967559814453125 -0.234619140625
0.13958740234375 -0.0265960693359375 0.100967407226563 -0.275299072265625
-0.024993896484375 0.187026977539063 0.356109619140625 -0.45831298828125
-0.0592575073242187 0.0808258056640625 0.08160400390625 -0.130264282226563
-0.101089477539063 0.154449462890625 0.265701293945313 0.057861328125
-0.06207275390625 0.222824096679688 0.316558837890625 -0.119354248046875
0.092742919921875 0.263870239257813 0.170578002929688 -0.109207153320312
0.220184326171875 0.114669799804688 0.17950439453125 -0.0652313232421875
0.23638916015625 -0.012786865234375 0.250228881835938 -0.053375244140625
0.21380615234375 0.0023040771484375 0.265533447265625 -0.0284881591796875
0.20208740234375 -0.0354766845703125 0.31024169921875 -0.01409912109375
0.187957763671875 0.0445404052734375 0.25921630859375 0.061431884765625
0.136665344238281 0.133888244628906 0.121131896972656 0.0958099365234375
0.019378662109375 0.170211791992187 0.0366439819335938 0.0841064453125
-0.0965652465820313 0.122222900390625 -0.0731277465820313 0.022857666015625
-0.0478744506835937 0.0504493713378906 -0.102386474609375 -0.209640502929688
-0.00330352783203125 0.121246337890625 0.08770751953125 -0.2596435546875
-0.194061279296875 0.336517333984375 0.32818603515625 -0.357208251953125
-0.174163818359375 0.282012939453125 0.0712356567382812 -0.0548171997070312
-0.094573974609375 0.378692626953125 0.29486083984375 0.09912109375
0.0126953125 0.3590087890625 0.33465576171875 -0.150604248046875
0.171600341796875 0.358184814453125 0.126541137695313 -0.1634521484375
0.313751220703125 0.17181396484375 0.0787734985351563 -0.104331970214844
0.335906982421875 0.008331298828125 0.133186340332031 -0.0394821166992188
0.315643310546875 0.015533447265625 0.167343139648438 -0.0011138916015625
0.298553466796875 -0.037506103515625 0.229263305664063 -0.00140380859375
0.260894775390625 0.0565032958984375 0.196746826171875 0.051116943359375
0.219375610351563 0.158920288085937 0.095703125 0.0851974487304688
0.11822509765625 0.22357177734375 0.033538818359375 0.0745773315429688
-0.0527191162109375 0.274383544921875 -0.0760955810546875 0.0397720336914063
-0.0858154296875 0.224273681640625 -0.1097412109375 -0.171951293945313
-0.133575439453125 0.274871826171875 0.04925537109375 -0.20477294921875
-0.336822509765625 0.413360595703125 0.257110595703125 -0.213027954101562
-0.2750244140625 0.417633056640625 0.0588493347167969 0.0513916015625
-0.079437255859375 0.5369873046875 0.311492919921875 0.118133544921875
0.08984375 0.43402099609375 0.316497802734375 -0.19189453125
0.225372314453125 0.38543701171875 0.056304931640625 -0.221633911132812
0.352630615234375 0.1925048828125 -0.050933837890625 -0.143936157226563
0.378387451171875 0.02557373046875 -0.0133514404296875 -0.0230751037597656
0.371551513671875 0.029266357421875 0.0443153381347656 0.0269203186035156
0.36151123046875 -0.0325927734375 0.120933532714844 0.0203094482421875
0.316131591796875 0.066680908203125 0.109481811523438 0.05120849609375
0.2918701171875 0.177093505859375 0.0535430908203125 0.0879669189453125
0.219253540039063 0.263015747070313 0.00974273681640626 0.0786056518554688
0.015411376953125 0.412200927734375 -0.095367431640625 0.0588150024414063
-0.097930908203125 0.392669677734375 -0.110771179199219 -0.117202758789062
-0.24127197265625 0.4091796875 -0.00837707519531251 -0.103981018066406
-0.41766357421875 0.4173583984375 0.154937744140625 -0.0556488037109375
-0.320556640625 0.466278076171875 0.0494842529296875 0.160964965820313
-0.04693603515625 0.57354736328125 0.307098388671875 0.110748291015625
0.145904541015625 0.406463623046875 0.2587890625 -0.223907470703125
0.23333740234375 0.327484130859375 -0.0273590087890625 -0.260726928710938
0.32623291015625 0.169830322265625 -0.180496215820312 -0.16656494140625
0.356842041015625 0.033935546875 -0.162322998046875 -0.00410461425781247
0.368621826171875 0.037933349609375 -0.08709716796875 0.0515670776367188
0.3734130859375 -0.01849365234375 -0.00623321533203122 0.0461273193359375
0.330718994140625 0.076171875 -0.000854492187499975 0.0597152709960938
0.325958251953125 0.182159423828125 -0.0122756958007812 0.0975418090820313
0.287933349609375 0.27777099609375 -0.0345306396484375 0.0898208618164063
0.077392578125 0.503631591796875 -0.122734069824219 0.07659912109375
-0.101348876953125 0.51312255859375 -0.102951049804688 -0.041595458984375
-0.3203125 0.490142822265625 -0.0821914672851563 0.0345001220703125
-0.423248291015625 0.36749267578125 0.0479965209960937 0.082275390625
-0.296722412109375 0.438385009765625 0.0454864501953125 0.242416381835938
0.00900268554687504 0.4937744140625 0.276138305664063 0.0787811279296875
0.169708251953125 0.28692626953125 0.176055908203125 -0.231124877929687
0.188705444335938 0.20806884765625 -0.0989532470703125 -0.262649536132813
0.239898681640625 0.11968994140625 -0.278640747070313 -0.163864135742187
0.276504516601563 0.035980224609375 -0.283447265625 0.018402099609375
0.307861328125 0.04205322265625 -0.204635620117187 0.06976318359375
0.32568359375 0.0037841796875 -0.134185791015625 0.070587158203125
0.28619384765625 0.080657958984375 -0.117950439453125 0.06671142578125
0.2930908203125 0.164337158203125 -0.0897064208984375 0.103507995605469
0.294769287109375 0.255950927734375 -0.0959701538085938 0.10003662109375
0.1070556640625 0.519927978515625 -0.157730102539062 0.0826416015625001
-0.115264892578125 0.551727294921875 -0.0925521850585938 0.04010009765625
-0.36383056640625 0.4857177734375 -0.1661376953125 0.188507080078125
-0.359954833984375 0.279693603515625 -0.03961181640625 0.184890747070313
-0.2125244140625 0.362884521484375 0.0475311279296875 0.279541015625
0.070892333984375 0.3416748046875 0.223358154296875 0.0359344482421875
0.157440185546875 0.130447387695313 0.0918121337890625 -0.207382202148438
0.108352661132812 0.07489013671875 -0.13970947265625 -0.231979370117187
0.123176574707031 0.0640945434570313 -0.32879638671875 -0.138336181640625
0.160476684570313 0.034454345703125 -0.36114501953125 0.037017822265625
0.197418212890625 0.03839111328125 -0.2918701171875 0.0788269042968749
0.219985961914063 0.0245513916015625 -0.2403564453125 0.0859527587890625
0.18408203125 0.0659942626953125 -0.2154541015625 0.064208984375
0.2021484375 0.108718872070312 -0.158050537109375 0.09967041015625
0.245407104492188 0.184310913085938 -0.163955688476562 0.101776123046875
0.10443115234375 0.452606201171875 -0.197418212890625 0.0692291259765625
-0.131683349609375 0.4906005859375 -0.0881881713867188 0.105308532714844
-0.359710693359375 0.3883056640625 -0.255584716796875 0.32861328125
-0.246307373046875 0.169464111328125 -0.094146728515625 0.25103759765625
-0.100875854492188 0.25537109375 0.0548248291015625 0.279754638671875
0.119461059570313 0.170745849609375 0.164321899414063 -0.00326538085937499
0.118171691894531 -0.0108718872070312 0.0256805419921875 -0.16546630859375
0.0190181732177734 -0.0329856872558594 -0.148422241210938 -0.187179565429687
0.00483131408691406 0.0193271636962891 -0.331451416015625 -0.110504150390625
0.0304679870605469 0.0340690612792969 -0.389923095703125 0.04876708984375
0.05743408203125 0.0277519226074219 -0.335296630859375 0.079254150390625
0.0727462768554688 0.0320968627929688 -0.302154541015625 0.087921142578125
0.0479888916015625 0.0217514038085938 -0.270065307617187 0.0564117431640625
0.08837890625 0.0122146606445313 -0.20025634765625 0.092498779296875
0.172119140625 0.0679168701171875 -0.22613525390625 0.0982818603515625
0.094512939453125 0.309814453125 -0.238128662109375 0.036712646484375
-0.129669189453125 0.33843994140625 -0.0930938720703125 0.138969421386719
-0.296356201171875 0.213287353515625 -0.33502197265625 0.41876220703125
0.133583068847656 -0.0164031982421875 0.33038330078125 -0.487396240234375
0.0266876220703125 -0.14166259765625 0.088653564453125 -0.16015625
-0.115219116210938 -0.0732498168945312 0.227523803710937 0.0069427490234375
-0.126266479492188 0.0738754272460938 0.271270751953125 -0.105667114257813
0.00814056396484374 0.13250732421875 0.185760498046875 -0.076324462890625
0.09063720703125 0.03936767578125 0.234634399414063 -0.0410003662109375
0.0951461791992188 -0.0325393676757813 0.312652587890625 -0.070343017578125
0.0810394287109375 -0.014617919921875 0.319915771484375 -0.0526123046875
0.0826797485351562 -0.0358428955078125 0.358062744140625 -0.023223876953125
0.10858154296875 0.0208816528320312 0.3016357421875 0.0765380859375
0.060943603515625 0.0959854125976563 0.137771606445313 0.120124816894531
-0.0564041137695313 0.104606628417969 0.0233917236328125 0.108970642089844
-0.100753784179688 -0.027923583984375 -0.0940017700195313 0.00968170166015626
0.0194931030273437 -0.104393005371094 -0.101287841796875 -0.231414794921875
0.139213562011719 -0.0312042236328125 0.097930908203125 -0.273956298828125
-0.0254669189453125 0.183685302734375 0.349884033203125 -0.455535888671875
-0.0624847412109375 0.08056640625 0.0795135498046875 -0.126838684082031
-0.101806640625 0.155136108398437 0.266265869140625 0.05718994140625
-0.0600738525390625 0.226394653320313 0.312835693359375 -0.11968994140625
0.0973968505859375 0.261199951171875 0.167434692382813 -0.10736083984375
0.218551635742187 0.111099243164062 0.176467895507812 -0.0622100830078125
0.233016967773437 -0.0149383544921875 0.247650146484375 -0.0545501708984375
0.212982177734375 -0.0008087158203125 0.264328002929688 -0.02850341796875
0.198760986328125 -0.0377197265625 0.30810546875 -0.0162353515625
0.187744140625 0.042388916015625 0.25860595703125 0.058441162109375
0.138191223144531 0.132438659667969 0.119430541992188 0.0966720581054688
0.0200347900390625 0.172210693359375 0.035614013671875 0.0835342407226563
-0.0969772338867188 0.123008728027344 -0.0731201171875 0.0243759155273437
-0.0498886108398438 0.0474166870117188 -0.106674194335938 -0.205703735351562
-0.00325012207031251 0.117210388183594 0.0858306884765625 -0.25848388671875
-0.1929931640625 0.334075927734375 0.322662353515625 -0.356658935546875
-0.17657470703125 0.281494140625 0.0671463012695312 -0.0521697998046875
-0.09332275390625 0.376312255859375 0.296875 0.09674072265625
0.014892578125 0.360137939453125 0.329620361328125 -0.15045166015625
0.175018310546875 0.354583740234375 0.123794555664063 -0.161087036132812
0.310882568359375 0.166900634765625 0.07452392578125 -0.0997848510742187
0.332122802734375 0.006103515625 0.13201904296875 -0.0392227172851562
0.314208984375 0.0135498046875 0.167236328125 -0.000579833984374999
0.29437255859375 -0.03875732421875 0.229263305664063 -0.0029144287109375
0.259323120117187 0.0545501708984375 0.195632934570313 0.049468994140625
0.219161987304688 0.157516479492188 0.095489501953125 0.0865936279296875
0.11712646484375 0.223495483398438 0.0326766967773438 0.0739974975585938
-0.051513671875 0.273712158203125 -0.0751953125 0.042144775390625
-0.0865631103515625 0.219436645507813 -0.1136474609375 -0.168914794921875
-0.131912231445312 0.271331787109375 0.048492431640625 -0.203353881835937
-0.33428955078125 0.41229248046875 0.250762939453125 -0.212234497070312
-0.2760009765625 0.4173583984375 0.0537757873535156 0.0536918640136719
-0.076812744140625 0.53265380859375 0.314910888671875 0.115234375
0.0906982421875 0.43212890625 0.314239501953125 -0.19342041015625
0.227752685546875 0.38177490234375 0.054229736328125 -0.219482421875
0.35009765625 0.1884765625 -0.0540542602539062 -0.137992858886719
0.374603271484375 0.024749755859375 -0.0130519866943359 -0.0219173431396484
0.369598388671875 0.025848388671875 0.0452728271484375 0.0274925231933594
0.3563232421875 -0.033538818359375 0.121604919433594 0.0190963745117187
0.31414794921875 0.06634521484375 0.109893798828125 0.0509719848632813
0.291351318359375 0.174285888671875 0.0537185668945313 0.0887832641601563
0.216812133789063 0.259994506835938 0.010009765625 0.0781784057617188
0.019287109375 0.40966796875 -0.0939712524414063 0.0625
-0.0965576171875 0.385986328125 -0.114372253417969 -0.115303039550781
-0.239105224609375 0.407867431640625 -0.00815582275390626 -0.104240417480469
-0.415435791015625 0.4171142578125 0.150314331054687 -0.0565338134765625
-0.3212890625 0.46649169921875 0.0450439453125 0.163055419921875
-0.04156494140625 0.57086181640625 0.309906005859375 0.107025146484375
0.14739990234375 0.40228271484375 0.2574462890625 -0.224960327148438
0.23394775390625 0.322784423828125 -0.0282135009765625 -0.258041381835937
0.322998046875 0.167236328125 -0.182586669921875 -0.160202026367188
0.351806640625 0.03338623046875 -0.160140991210937 -0.00120544433593751
0.36822509765625 0.03558349609375 -0.084503173828125 0.0523757934570313
0.369384765625 -0.01910400390625 -0.00413513183593747 0.0462150573730469
0.3287353515625 0.07635498046875 -7.24792480468547E-05 0.0593338012695313
0.3238525390625 0.180938720703125 -0.00994873046874999 0.0975875854492188
0.284515380859375 0.27496337890625 -0.0335006713867187 0.0895767211914063
0.08160400390625 0.500213623046875 -0.120941162109375 0.0805282592773438
-0.100128173828125 0.507598876953125 -0.105316162109375 -0.0410308837890625
-0.318023681640625 0.488861083984375 -0.0794525146484375 0.033355712890625
-0.42138671875 0.368194580078125 0.04437255859375 0.0805130004882813
-0.293487548828125 0.43829345703125 0.042388916015625 0.243759155273438
0.012298583984375 0.487091064453125 0.277801513671875 0.076263427734375
0.168304443359375 0.281341552734375 0.17572021484375 -0.230239868164063
0.187759399414063 0.204757690429688 -0.0982513427734375 -0.260665893554687
0.236083984375 0.11859130859375 -0.2784423828125 -0.157546997070313
0.272781372070313 0.03692626953125 -0.280075073242188 0.0212249755859375
0.306793212890625 0.0404052734375 -0.201278686523437 0.0705108642578125
0.323822021484375 0.003662109375 -0.130752563476562 0.0714340209960938
0.28424072265625 0.08148193359375 -0.116233825683594 0.0670928955078125
0.2900390625 0.163604736328125 -0.0867538452148437 0.103950500488281
0.29180908203125 0.252410888671875 -0.0941696166992187 0.0999679565429688
0.1116943359375 0.517578125 -0.155120849609375 0.086578369140625
-0.111297607421875 0.5479736328125 -0.0937347412109375 0.038299560546875
-0.3607177734375 0.486480712890625 -0.161361694335938 0.187164306640625
-0.358306884765625 0.282684326171875 -0.0421295166015625 0.183914184570313
-0.2105712890625 0.363189697265625 0.045745849609375 0.27972412109375
0.073638916015625 0.3363037109375 0.223907470703125 0.0337371826171875
0.154861450195312 0.125839233398438 0.091949462890625 -0.207015991210937
0.106193542480469 0.0726699829101563 -0.137451171875 -0.229095458984375
0.11993408203125 0.0649566650390625 -0.327392578125 -0.133544921875
0.158767700195313 0.0364227294921875 -0.3577880859375 0.0409851074218749
0.197830200195312 0.0384674072265625 -0.288787841796875 0.0791015625
0.219696044921875 0.0253753662109375 -0.23651123046875 0.0872955322265625
0.182723999023438 0.068572998046875 -0.214324951171875 0.0656890869140625
0.199966430664063 0.109344482421875 -0.155746459960937 0.099029541015625
0.242919921875 0.180435180664063 -0.161911010742187 0.102584838867188
0.10986328125 0.448883056640625 -0.194732666015625 0.07305908203125
-0.128570556640625 0.4893798828125 -0.0881423950195312 0.102706909179688
-0.359832763671875 0.390838623046875 -0.24835205078125 0.3253173828125
-0.244384765625 0.172332763671875 -0.0955352783203125 0.249252319335938
-0.098114013671875 0.255538940429687 0.0545654296875 0.279891967773438
0.1202392578125 0.165679931640625 0.162704467773438 -0.00505065917968749
0.114906311035156 -0.0140228271484375 0.02691650390625 -0.164703369140625
0.0164127349853516 -0.0329742431640625 -0.145492553710938 -0.1856689453125
0.00357627868652344 0.0206546783447266 -0.329315185546875 -0.106201171875
0.0299224853515625 0.0361480712890625 -0.385986328125 0.05230712890625
0.0573158264160156 0.028717041015625 -0.331451416015625 0.080078125
0.0740127563476563 0.0332260131835938 -0.298187255859375 0.088104248046875
0.0469894409179688 0.0247917175292969 -0.268692016601563 0.057769775390625
0.0852813720703125 0.0133056640625 -0.197097778320313 0.091583251953125
0.16949462890625 0.06475830078125 -0.222976684570313 0.0994110107421875
0.09954833984375 0.3062744140625 -0.235626220703125 0.0394287109375
-0.12664794921875 0.33837890625 -0.0917282104492188 0.13482666015625
-0.295501708984375 0.21636962890625 -0.32861328125 0.414947509765625
0.135040283203125 -0.0197372436523438 0.3265380859375 -0.498626708984375
0.02191162109375 -0.144256591796875 0.0889739990234375 -0.1622314453125
-0.119850158691406 -0.071685791015625 0.23223876953125 0.006378173828125
-0.124931335449219 0.0814590454101563 0.272262573242188 -0.110549926757813
0.0133743286132813 0.133171081542969 0.185684204101563 -0.0778961181640625
0.0920028686523438 0.0356216430664063 0.238906860351562 -0.0423736572265625
0.0938796997070313 -0.0367431640625 0.316558837890625 -0.077667236328125
0.0813446044921875 -0.017333984375 0.324127197265625 -0.0572509765625
0.0815887451171875 -0.0385513305664063 0.363037109375 -0.0301513671875
0.111579895019531 0.0159683227539063 0.307220458984375 0.071624755859375
0.0666275024414063 0.09539794921875 0.139671325683594 0.122657775878906
-0.054107666015625 0.110328674316406 0.024444580078125 0.110809326171875
-0.104560852050781 -0.025421142578125 -0.0971145629882813 0.011810302734375
0.0158157348632813 -0.109405517578125 -0.110488891601562 -0.231979370117188
0.140838623046875 -0.0379180908203125 0.09381103515625 -0.278045654296875
-0.024169921875 0.18646240234375 0.3472900390625 -0.4671630859375
-0.0673599243164063 0.0836944580078125 0.0780181884765625 -0.128341674804688
-0.102218627929688 0.15948486328125 0.274658203125 0.0546417236328125
-0.056304931640625 0.234100341796875 0.315521240234375 -0.125762939453125
0.1060791015625 0.26251220703125 0.166717529296875 -0.109268188476562
0.22222900390625 0.107635498046875 0.178497314453125 -0.061676025390625
0.234771728515625 -0.0205078125 0.251480102539063 -0.05950927734375
0.215667724609375 -0.004852294921875 0.269073486328125 -0.0324554443359375
0.2001953125 -0.0414276123046875 0.314117431640625 -0.0223388671875
0.191909790039063 0.0379486083984375 0.263290405273438 0.0550384521484375
0.144073486328125 0.132492065429688 0.12176513671875 0.0989456176757813
0.02337646484375 0.176910400390625 0.0362930297851562 0.0840377807617188
-0.0971298217773437 0.127029418945313 -0.0745162963867187 0.027862548828125
-0.0532035827636719 0.0450782775878906 -0.11492919921875 -0.20465087890625
-0.00193023681640624 0.116363525390625 0.082794189453125 -0.262771606445313
-0.193572998046875 0.3408203125 0.319732666015625 -0.365386962890625
-0.1796875 0.29083251953125 0.0645751953125 -0.050933837890625
-0.0894775390625 0.3836669921875 0.306365966796875 0.09381103515625
0.02056884765625 0.367523193359375 0.335235595703125 -0.15899658203125
0.18646240234375 0.355682373046875 0.122024536132813 -0.163772583007812
0.317138671875 0.16424560546875 0.0738143920898438 -0.0978775024414062
0.335296630859375 0.001556396484375 0.13336181640625 -0.0406341552734375
0.318878173828125 0.0074462890625 0.170700073242188 -0.003082275390625
0.296844482421875 -0.043792724609375 0.233993530273438 -0.0064697265625
0.2640380859375 0.0522308349609375 0.200820922851563 0.046173095703125
0.225189208984375 0.156768798828125 0.0978622436523438 0.0885772705078125
0.120849609375 0.226455688476563 0.0337982177734375 0.0745315551757813
-0.048309326171875 0.27923583984375 -0.075164794921875 0.0465850830078125
-0.0876617431640625 0.219833374023438 -0.122528076171875 -0.167495727539063
-0.130783081054688 0.276580810546875 0.045928955078125 -0.206878662109375
-0.3363037109375 0.4241943359375 0.248992919921875 -0.21868896484375
-0.278778076171875 0.429962158203125 0.0518264770507812 0.0571708679199219
-0.0721435546875 0.541229248046875 0.324920654296875 0.110931396484375
0.098541259765625 0.436767578125 0.31707763671875 -0.201263427734375
0.2391357421875 0.381500244140625 0.0511322021484375 -0.223663330078125
0.35528564453125 0.188018798828125 -0.0582275390625 -0.135238647460938
0.3792724609375 0.020782470703125 -0.0137062072753906 -0.0198135375976563
0.377288818359375 0.020538330078125 0.0476150512695313 0.0276908874511719
0.360931396484375 -0.039306640625 0.126136779785156 0.0171890258789063
0.32012939453125 0.06292724609375 0.113136291503906 0.0495758056640625
0.2978515625 0.17340087890625 0.0568466186523438 0.0908203125
0.22161865234375 0.261886596679688 0.0116729736328125 0.0785293579101563
0.02581787109375 0.41668701171875 -0.0923690795898438 0.0682449340820313
-0.095611572265625 0.390533447265625 -0.120834350585938 -0.113533020019531
-0.237701416015625 0.417724609375 -0.00842285156250001 -0.106224060058594
-0.418487548828125 0.429840087890625 0.148391723632812 -0.059539794921875
-0.322052001953125 0.481109619140625 0.0439605712890625 0.169219970703125
-0.03411865234375 0.576904296875 0.319854736328125 0.10382080078125
0.15380859375 0.40570068359375 0.260406494140625 -0.233383178710937
0.24188232421875 0.322601318359375 -0.031585693359375 -0.261734008789063
0.327484130859375 0.167144775390625 -0.189041137695312 -0.155975341796875
0.356964111328125 0.03167724609375 -0.162750244140625 0.0039520263671875
0.37579345703125 0.03094482421875 -0.0835418701171875 0.0545196533203125
0.374725341796875 -0.0250244140625 -0.00129699707031248 0.0468292236328125
0.3345947265625 0.07513427734375 0.0017051696777344 0.0608634948730469
0.32958984375 0.179229736328125 -0.00729370117187498 0.0995941162109375
0.289703369140625 0.27484130859375 -0.032470703125 0.091064453125
0.09228515625 0.507293701171875 -0.118972778320312 0.0866317749023438
-0.09515380859375 0.515380859375 -0.110313415527344 -0.0399475097656249
-0.316864013671875 0.50347900390625 -0.0784454345703125 0.03369140625
-0.42425537109375 0.3807373046875 0.0433883666992187 0.0811996459960938
-0.29541015625 0.45330810546875 0.04278564453125 0.251144409179688
0.0201416015625 0.49200439453125 0.2857666015625 0.072479248046875
0.172897338867188 0.280899047851563 0.177108764648437 -0.23760986328125
0.192245483398437 0.203720092773437 -0.101898193359375 -0.263671875
0.238555908203125 0.119491577148438 -0.28668212890625 -0.15283203125
0.276870727539063 0.0365142822265625 -0.283721923828125 0.0284729003906251
0.313873291015625 0.0372314453125 -0.2021484375 0.074676513671875
0.329803466796875 -0.00054931640625 -0.129997253417969 0.07452392578125
0.2901611328125 0.08154296875 -0.117050170898438 0.0707244873046875
0.296539306640625 0.16363525390625 -0.0851898193359375 0.106269836425781
0.298126220703125 0.250518798828125 -0.0932235717773437 0.102798461914063
0.123291015625 0.52349853515625 -0.15386962890625 0.0932464599609375
-0.104644775390625 0.557861328125 -0.09674072265625 0.0386962890625
-0.361968994140625 0.502838134765625 -0.158828735351563 0.190032958984375
-0.3612060546875 0.293853759765625 -0.042724609375 0.187042236328125
-0.2095947265625 0.374267578125 0.048248291015625 0.287200927734375
0.08160400390625 0.33697509765625 0.228805541992188 0.030670166015625
0.15692138671875 0.121673583984375 0.0921630859375 -0.212005615234375
0.106361389160156 0.0718154907226562 -0.140594482421875 -0.23223876953125
0.119667053222656 0.0665512084960938 -0.333740234375 -0.129425048828125
0.160629272460938 0.0377655029296875 -0.360809326171875 0.048675537109375
0.202072143554688 0.0369873046875 -0.290252685546875 0.0855407714843749
0.224563598632813 0.02349853515625 -0.237289428710938 0.0920867919921875
0.186676025390625 0.0706787109375 -0.216796875 0.0706634521484375
0.203216552734375 0.109512329101563 -0.154937744140625 0.102310180664063
0.246978759765625 0.1783447265625 -0.161636352539062 0.106414794921875
0.12158203125 0.454559326171875 -0.194549560546875 0.079864501953125
-0.12298583984375 0.5001220703125 -0.0888519287109375 0.102035522460938
-0.360565185546875 0.405517578125 -0.245635986328125 0.332305908203125
-0.24554443359375 0.180999755859375 -0.095306396484375 0.2550048828125
-0.095001220703125 0.263046264648438 0.0587158203125 0.286041259765625
0.125701904296875 0.163589477539063 0.165237426757813 -0.00724792480468749
0.113845825195313 -0.0188446044921875 0.0266571044921875 -0.168655395507813
0.0139255523681641 -0.03338623046875 -0.1478271484375 -0.187118530273438
0.00256919860839844 0.02264404296875 -0.33514404296875 -0.102294921875
0.030548095703125 0.0390243530273438 -0.388946533203125 0.0603332519531249
0.0592498779296875 0.0308151245117188 -0.334564208984375 0.085662841796875
0.0767440795898438 0.0344314575195313 -0.30023193359375 0.094970703125
0.0478172302246094 0.0276336669921875 -0.27239990234375 0.0628204345703125
0.0851287841796875 0.01336669921875 -0.198379516601562 0.094573974609375
0.171310424804688 0.061492919921875 -0.223983764648438 0.105087280273438
0.108856201171875 0.30859375 -0.237640380859375 0.045074462890625
-0.1221923828125 0.348541259765625 -0.091583251953125 0.13433837890625
-0.300201416015625 0.227081298828125 -0.325531005859375 0.42486572265625
0.136604309082031 -0.02642822265625 0.313201904296875 -0.520294189453125
0.01373291015625 -0.147689819335938 0.085601806640625 -0.1680908203125
-0.126670837402344 -0.0673446655273438 0.23956298828125 -0.0016021728515625
-0.121070861816406 0.091461181640625 0.272567749023438 -0.123138427734375
0.0213623046875 0.133834838867188 0.18536376953125 -0.0840911865234375
0.093536376953125 0.0299835205078125 0.243453979492187 -0.0499267578125
0.0921249389648438 -0.0429840087890625 0.3194580078125 -0.092315673828125
0.0819625854492188 -0.0217971801757813 0.3275146484375 -0.0709228515625
0.0800933837890625 -0.0433731079101562 0.368408203125 -0.04656982421875
0.115074157714844 0.00782012939453125 0.31646728515625 0.058807373046875
0.0749893188476563 0.0930023193359375 0.146026611328125 0.123046875
-0.0490341186523438 0.117393493652344 0.0280380249023437 0.1124267578125
-0.108650207519531 -0.0201950073242187 -0.0998916625976563 0.0165328979492187
0.00920867919921876 -0.114852905273438 -0.125701904296875 -0.229736328125
0.142120361328125 -0.0479736328125 0.08380126953125 -0.28564453125
-0.018280029296875 0.190048217773438 0.335052490234375 -0.488739013671875
-0.0680923461914062 0.0889129638671875 0.07366943359375 -0.13177490234375
-0.100296020507812 0.167617797851563 0.284149169921875 0.045196533203125
-0.0461578369140625 0.243804931640625 0.315765380859375 -0.141265869140625
0.120895385742188 0.262405395507813 0.165237426757813 -0.115264892578125
0.229263305664063 0.100173950195313 0.180313110351563 -0.0661163330078125
0.237030029296875 -0.0302734375 0.253829956054688 -0.0702056884765625
0.220138549804687 -0.0143890380859375 0.273178100585938 -0.0428924560546875
0.200363159179688 -0.05078125 0.31964111328125 -0.0360107421875
0.197097778320313 0.029144287109375 0.271148681640625 0.0439453125
0.153839111328125 0.12835693359375 0.127120971679688 0.0989837646484375
0.031158447265625 0.182037353515625 0.0397567749023438 0.0844802856445313
-0.0951156616210938 0.134521484375 -0.0749664306640625 0.0324478149414063
-0.0565185546875 0.0450363159179687 -0.129837036132813 -0.20135498046875
0.00282287597656251 0.115531921386719 0.0737152099609375 -0.2696533203125
-0.184783935546875 0.355865478515625 0.310821533203125 -0.38543701171875
-0.17535400390625 0.30450439453125 0.0614891052246094 -0.0512428283691406
-0.078704833984375 0.39508056640625 0.31903076171875 0.082000732421875
0.0364990234375 0.3748779296875 0.334930419921875 -0.176177978515625
0.204681396484375 0.35504150390625 0.117324829101563 -0.17041015625
0.3275146484375 0.156005859375 0.07196044921875 -0.0981826782226562
0.340850830078125 -0.01007080078125 0.134124755859375 -0.045257568359375
0.32659912109375 -0.00531005859375 0.175140380859375 -0.0092315673828125
0.299713134765625 -0.05609130859375 0.239410400390625 -0.01806640625
0.271575927734375 0.04217529296875 0.206497192382813 0.03887939453125
0.236526489257813 0.150588989257813 0.103309631347656 0.0882949829101563
0.13037109375 0.228485107421875 0.036651611328125 0.073974609375
-0.0379638671875 0.28643798828125 -0.0724945068359375 0.0526580810546875
-0.0854339599609375 0.224411010742188 -0.134262084960938 -0.163238525390625
-0.12225341796875 0.28485107421875 0.0400390625 -0.212020874023438
-0.32904052734375 0.444427490234375 0.242889404296875 -0.232330322265625
-0.270904541015625 0.451904296875 0.0520401000976562 0.0598640441894532
-0.0527954101562501 0.553680419921875 0.338653564453125 0.099334716796875
0.1165771484375 0.44140625 0.318023681640625 -0.218994140625
0.258941650390625 0.379364013671875 0.0439300537109375 -0.228851318359375
0.36785888671875 0.178131103515625 -0.0652084350585937 -0.131645202636719
0.386810302734375 0.007415771484375 -0.014286994934082 -0.0174112319946289
0.386322021484375 0.00469970703125 0.0517349243164063 0.0265121459960938
0.36566162109375 -0.054351806640625 0.130996704101563 0.0110015869140625
0.32843017578125 0.05377197265625 0.1177978515625 0.0458145141601562
0.310211181640625 0.166259765625 0.0619125366210938 0.09088134765625
0.233428955078125 0.260040283203125 0.0145187377929688 0.0785293579101563
0.04296875 0.42401123046875 -0.0883865356445313 0.0751953125
-0.0863037109375 0.3995361328125 -0.130699157714844 -0.109550476074219
-0.2261962890625 0.435211181640625 -0.010894775390625 -0.108245849609375
-0.41278076171875 0.454925537109375 0.146377563476562 -0.066192626953125
-0.312957763671875 0.505126953125 0.0484771728515625 0.174224853515625
-0.01336669921875 0.588134765625 0.3328857421875 0.0915222167968751
0.170623779296875 0.40545654296875 0.258193969726563 -0.249191284179687
0.2589111328125 0.3187255859375 -0.0418701171875 -0.266082763671875
0.336700439453125 0.1591796875 -0.199111938476563 -0.148544311523438
0.365081787109375 0.021270751953125 -0.165084838867187 0.01251220703125
0.38616943359375 0.017242431640625 -0.0810317993164062 0.0590057373046875
0.3824462890625 -0.038238525390625 0.00235366821289065 0.047027587890625
0.3450927734375 0.06658935546875 0.0044364929199219 0.0621299743652344
0.342254638671875 0.173095703125 -0.00202941894531247 0.101844787597656
0.3038330078125 0.269378662109375 -0.0290908813476562 0.0931167602539063
0.115966796875 0.512847900390625 -0.113723754882812 0.0953369140625
-0.080352783203125 0.527496337890625 -0.116767883300781 -0.0365982055664062
-0.303863525390625 0.527862548828125 -0.0760879516601563 0.0359878540039063
-0.42083740234375 0.40533447265625 0.0445404052734375 0.0806732177734375
-0.28509521484375 0.4769287109375 0.050811767578125 0.258102416992188
0.0411376953125 0.49908447265625 0.29632568359375 0.061676025390625
0.184616088867187 0.277435302734375 0.1734619140625 -0.251235961914063
0.201522827148438 0.199386596679688 -0.112136840820312 -0.265655517578125
0.245391845703125 0.115158081054688 -0.29827880859375 -0.1417236328125
0.28271484375 0.030364990234375 -0.287139892578125 0.042144775390625
0.32293701171875 0.026275634765625 -0.2015380859375 0.08404541015625
0.337188720703125 -0.012115478515625 -0.127342224121094 0.0803298950195313
0.30010986328125 0.075958251953125 -0.116477966308594 0.0768508911132813
0.3079833984375 0.15765380859375 -0.0816268920898437 0.110565185546875
0.310028076171875 0.243743896484375 -0.0903778076171875 0.107368469238281
0.149658203125 0.526885986328125 -0.149337768554687 0.103607177734375
-0.08721923828125 0.57208251953125 -0.0989913940429687 0.041534423828125
-0.350921630859375 0.53057861328125 -0.152755737304688 0.197525024414063
-0.357269287109375 0.315826416015625 -0.0390472412109375 0.191543579101563
-0.198699951171875 0.3916015625 0.05987548828125 0.294464111328125
0.096435546875 0.337158203125 0.23529052734375 0.021728515625
0.1614990234375 0.114974975585938 0.0877227783203125 -0.220169067382813
0.108795166015625 0.068359375 -0.14996337890625 -0.23193359375
0.122787475585937 0.066162109375 -0.34454345703125 -0.118682861328125
0.164566040039062 0.036102294921875 -0.363128662109375 0.065948486328125
0.208709716796875 0.0309600830078125 -0.29168701171875 0.0980529785156249
0.231460571289063 0.01641845703125 -0.235946655273438 0.102569580078125
0.193405151367188 0.0680084228515625 -0.218338012695313 0.08148193359375
0.210113525390625 0.106246948242188 -0.152938842773438 0.108551025390625
0.2557373046875 0.171783447265625 -0.159576416015625 0.114791870117188
0.1444091796875 0.456878662109375 -0.19287109375 0.0905609130859375
-0.104766845703125 0.515167236328125 -0.08831787109375 0.104972839355469
-0.353851318359375 0.43218994140625 -0.2349853515625 0.34527587890625
-0.244583129882813 0.196014404296875 -0.0892181396484375 0.263839721679688
-0.0862579345703125 0.2742919921875 0.072723388671875 0.29248046875
0.134902954101563 0.158966064453125 0.168533325195313 -0.0135955810546875
0.112442016601562 -0.0255966186523438 0.0219879150390625 -0.173049926757813
0.0103340148925781 -0.0345878601074219 -0.155960083007813 -0.187164306640625
0.00182723999023437 0.0259475708007813 -0.34454345703125 -0.091217041015625
0.0324592590332031 0.0419387817382813 -0.392242431640625 0.0787048339843749
0.0617752075195312 0.030853271484375 -0.336700439453125 0.0993347167968749
0.0805587768554688 0.0334396362304688 -0.300048828125 0.10772705078125
0.0500602722167969 0.0295791625976563 -0.275772094726563 0.0760498046875
0.0853500366210938 0.0117568969726562 -0.197799682617187 0.101791381835938
0.175048828125 0.054290771484375 -0.222732543945313 0.116348266601563
0.127777099609375 0.308319091796875 -0.238876342773437 0.0565032958984376
-0.110321044921875 0.361724853515625 -0.0889739990234375 0.13623046875
-0.299560546875 0.247833251953125 -0.314422607421875 0.44232177734375
0.137420654296875 -0.0355148315429688 0.2835693359375 -0.54119873046875
0.00288391113281249 -0.147857666015625 0.0769805908203125 -0.173248291015625
-0.132766723632813 -0.058563232421875 0.242294311523437 -0.0153656005859375
-0.112953186035156 0.100692749023437 0.264373779296875 -0.13958740234375
0.0314712524414063 0.131401062011719 0.18017578125 -0.0925445556640625
0.0947723388671875 0.0223541259765625 0.2427978515625 -0.0626373291015625
0.087860107421875 -0.0504150390625 0.313079833984375 -0.112274169921875
0.0803756713867188 -0.0281448364257813 0.32403564453125 -0.0899658203125
0.0765914916992188 -0.0495071411132813 0.367431640625 -0.06951904296875
0.115821838378906 -0.0028228759765625 0.319366455078125 0.03802490234375
0.0833892822265625 0.0869903564453125 0.152740478515625 0.117294311523438
-0.0404281616210938 0.123077392578125 0.0335006713867188 0.111198425292969
-0.110694885253906 -0.012451171875 -0.100540161132812 0.02374267578125
-0.00113677978515625 -0.117103576660156 -0.143356323242187 -0.219451904296875
0.139488220214844 -0.0597686767578125 0.06719970703125 -0.28826904296875
-0.00721740722656248 0.19097900390625 0.30548095703125 -0.510406494140625
-0.0656890869140625 0.0949859619140625 0.0652389526367187 -0.134796142578125
-0.092987060546875 0.174423217773438 0.28973388671875 0.027801513671875
-0.0310211181640625 0.247940063476563 0.307830810546875 -0.1611328125
0.138671875 0.253860473632813 0.15863037109375 -0.123931884765625
0.234878540039063 0.085235595703125 0.178802490234375 -0.074615478515625
0.234512329101562 -0.045196533203125 0.249618530273437 -0.0847930908203125
0.21990966796875 -0.0290679931640625 0.271865844726563 -0.0594329833984375
0.197235107421875 -0.063629150390625 0.31878662109375 -0.0572509765625
0.198623657226563 0.0148162841796875 0.273635864257813 0.026153564453125
0.163482666015625 0.118881225585937 0.132614135742188 0.0939407348632813
0.042633056640625 0.182632446289063 0.0433502197265625 0.0819473266601563
-0.086578369140625 0.140899658203125 -0.0721588134765625 0.0381011962890625
-0.0584182739257812 0.0458717346191406 -0.14501953125 -0.19061279296875
0.00849151611328124 0.112495422363281 0.0581512451171875 -0.272109985351563
-0.16619873046875 0.366607666015625 0.2872314453125 -0.403656005859375
-0.1611328125 0.317291259765625 0.0565643310546875 -0.0533790588378906
-0.058624267578125 0.400054931640625 0.32659912109375 0.06243896484375
0.05755615234375 0.374114990234375 0.3260498046875 -0.1976318359375
0.2286376953125 0.341644287109375 0.10784912109375 -0.175750732421875
0.336517333984375 0.137451171875 0.0672988891601563 -0.100067138671875
0.34112548828125 -0.0296630859375 0.132171630859375 -0.0513839721679688
0.32794189453125 -0.0264892578125 0.1767578125 -0.0193023681640625
0.297119140625 -0.074066162109375 0.239959716796875 -0.0343475341796875
0.274185180664063 0.0254974365234375 0.208969116210938 0.02618408203125
0.246368408203125 0.137847900390625 0.108406066894531 0.083648681640625
0.143646240234375 0.223541259765625 0.040374755859375 0.0708541870117188
-0.021026611328125 0.29010009765625 -0.0666236877441406 0.0579452514648438
-0.0771636962890625 0.227066040039062 -0.146331787109375 -0.152542114257812
-0.10662841796875 0.291229248046875 0.0291290283203125 -0.214279174804687
-0.3057861328125 0.465118408203125 0.227691650390625 -0.24737548828125
-0.248199462890625 0.470611572265625 0.0529670715332031 0.060760498046875
-0.020782470703125 0.55859375 0.347259521484375 0.07806396484375
0.1400146484375 0.43414306640625 0.306915283203125 -0.2410888671875
0.282196044921875 0.36370849609375 0.0308074951171875 -0.231658935546875
0.378509521484375 0.159332275390625 -0.07196044921875 -0.125259399414062
0.38861083984375 -0.01202392578125 -0.0148391723632812 -0.0143375396728516
0.38958740234375 -0.018310546875 0.0549049377441406 0.024078369140625
0.36407470703125 -0.07550048828125 0.133583068847656 0.0013275146484375
0.33306884765625 0.035125732421875 0.120941162109375 0.0390396118164063
0.32098388671875 0.14996337890625 0.068328857421875 0.0876083374023438
0.247634887695313 0.249176025390625 0.0184707641601563 0.0768356323242188
0.06829833984375 0.4212646484375 -0.079620361328125 0.081268310546875
-0.067596435546875 0.4017333984375 -0.13946533203125 -0.100074768066406
-0.201690673828125 0.450225830078125 -0.015350341796875 -0.108505249023437
-0.39056396484375 0.480987548828125 0.140045166015625 -0.0760498046875
-0.28594970703125 0.528656005859375 0.056182861328125 0.175979614257813
0.02099609375 0.5897216796875 0.3411865234375 0.07110595703125
0.19183349609375 0.39324951171875 0.24615478515625 -0.267303466796875
0.277923583984375 0.30340576171875 -0.0568084716796875 -0.265380859375
0.345001220703125 0.143341064453125 -0.20751953125 -0.135025024414063
0.367095947265625 0.0025634765625 -0.163482666015625 0.02471923828125
0.389068603515625 -0.0064697265625 -0.0759353637695312 0.0641326904296875
0.38067626953125 -0.061187744140625 0.0071372985839844 0.0446853637695312
0.350250244140625 0.047760009765625 0.00819778442382815 0.0619430541992188
0.354888916015625 0.154571533203125 0.00404357910156251 0.101493835449219
0.318359375 0.2545166015625 -0.0234146118164062 0.09332275390625
0.147369384765625 0.505401611328125 -0.103988647460937 0.103012084960938
-0.052398681640625 0.531463623046875 -0.120796203613281 -0.0297317504882812
-0.27471923828125 0.54833984375 -0.0722732543945313 0.0381546020507813
-0.4014892578125 0.432952880859375 0.0466842651367187 0.0772857666015625
-0.257476806640625 0.4976806640625 0.064483642578125 0.259689331054688
0.0702514648437499 0.495697021484375 0.302703857421875 0.044525146484375
0.1978759765625 0.263824462890625 0.161453247070313 -0.263229370117188
0.21142578125 0.18658447265625 -0.127197265625 -0.261627197265625
0.2506103515625 0.105178833007813 -0.305999755859375 -0.123870849609375
0.286346435546875 0.01837158203125 -0.283050537109375 0.061279296875
0.32659912109375 0.00677490234375 -0.195358276367187 0.0954437255859375
0.33892822265625 -0.031585693359375 -0.120780944824219 0.0860366821289063
0.306427001953125 0.06072998046875 -0.112045288085938 0.0846786499023438
0.317840576171875 0.1417236328125 -0.0743484497070313 0.113998413085938
0.322235107421875 0.228729248046875 -0.0837020874023437 0.1114501953125
0.183349609375 0.518646240234375 -0.139122009277344 0.113365173339844
-0.05450439453125 0.57818603515625 -0.098876953125 0.0458908081054688
-0.3203125 0.555633544921875 -0.138900756835938 0.20440673828125
-0.341888427734375 0.33917236328125 -0.030548095703125 0.194076538085938
-0.176544189453125 0.40704345703125 0.076629638671875 0.295562744140625
0.117645263671875 0.330291748046875 0.23834228515625 0.00883483886718752
0.164794921875 0.1026611328125 0.0769500732421875 -0.22711181640625
0.109825134277344 0.0624542236328125 -0.161712646484375 -0.226425170898438
0.125564575195312 0.0628738403320313 -0.351715087890625 -0.0975341796874999
0.16827392578125 0.0313262939453125 -0.3590087890625 0.0881042480468751
0.212142944335938 0.02020263671875 -0.284423828125 0.114349365234375
0.234786987304687 0.00360107421875 -0.228973388671875 0.115341186523438
0.199249267578125 0.0601348876953125 -0.213592529296875 0.0953674316406249
0.216629028320312 0.0963592529296875 -0.147018432617188 0.116104125976563
0.264190673828125 0.1573486328125 -0.15167236328125 0.123214721679688
0.175048828125 0.447174072265625 -0.183975219726563 0.10247802734375
-0.07550048828125 0.523040771484375 -0.084259033203125 0.107490539550781
-0.3309326171875 0.45709228515625 -0.21319580078125 0.35772705078125
-0.233383178710937 0.212661743164063 -0.0761260986328125 0.26885986328125
-0.068939208984375 0.281768798828125 0.090789794921875 0.29119873046875
0.145645141601563 0.1485595703125 0.168716430664062 -0.0229034423828125
0.108512878417969 -0.0346527099609375 0.013397216796875 -0.1746826171875
0.00529861450195313 -0.0342426300048828 -0.164947509765625 -0.1805419921875
0.00230026245117187 0.0289688110351563 -0.34893798828125 -0.071563720703125
0.0353889465332031 0.0442924499511719 -0.386871337890625 0.1025390625
0.0636978149414063 0.0293045043945313 -0.3297119140625 0.118621826171875
0.0838165283203125 0.0299606323242188 -0.293121337890625 0.124847412109375
0.0519371032714844 0.0295219421386719 -0.271881103515625 0.0930786132812501
0.0846710205078125 0.008819580078125 -0.192062377929687 0.112091064453125
0.175979614257813 0.0433197021484375 -0.21533203125 0.129501342773438
0.149566650390625 0.297607421875 -0.233551025390625 0.070709228515625
-0.08837890625 0.369873046875 -0.0828857421875 0.137397766113281
-0.28753662109375 0.268646240234375 -0.286376953125 0.45916748046875
0.133506774902344 -0.0449676513671875 0.24591064453125 -0.54595947265625
-0.00700378417968751 -0.144256591796875 0.0651092529296875 -0.173553466796875
-0.135307312011719 -0.0484237670898438 0.23760986328125 -0.0287017822265625
-0.102668762207031 0.105934143066406 0.249053955078125 -0.152420043945313
0.03973388671875 0.124336242675781 0.170089721679687 -0.09820556640625
0.09259033203125 0.01373291015625 0.236099243164062 -0.074371337890625
0.0805282592773438 -0.05670166015625 0.29931640625 -0.127471923828125
0.0767440795898438 -0.0336380004882813 0.311798095703125 -0.105712890625
0.0709152221679688 -0.0539779663085937 0.353546142578125 -0.0902099609375
0.111961364746094 -0.0137176513671875 0.312469482421875 0.0167236328125
0.0888595581054688 0.078094482421875 0.15509033203125 0.108245849609375
-0.0303497314453125 0.124420166015625 0.0374755859375 0.107269287109375
-0.10943603515625 -0.00469970703125001 -0.0971527099609375 0.0300750732421875
-0.0111465454101562 -0.115577697753906 -0.155380249023437 -0.202789306640625
0.132331848144531 -0.0699615478515625 0.049468994140625 -0.282196044921875
0.00486755371093752 0.186309814453125 0.26934814453125 -0.515838623046875
-0.0612335205078125 0.0973434448242188 0.0553207397460937 -0.134132385253906
-0.0828704833984375 0.177276611328125 0.28558349609375 0.00973510742187501
-0.0160064697265625 0.245361328125 0.29150390625 -0.176422119140625
0.151641845703125 0.239059448242187 0.147079467773438 -0.1275634765625
0.232833862304688 0.0697021484375 0.172164916992188 -0.08087158203125
0.2254638671875 -0.057952880859375 0.239471435546875 -0.096343994140625
0.21380615234375 -0.0422515869140625 0.262374877929688 -0.0731658935546875
0.188140869140625 -0.0742034912109375 0.30792236328125 -0.0760498046875
0.194549560546875 0.0006866455078125 0.267318725585938 0.0089263916015625
0.168258666992188 0.104888916015625 0.134513854980469 0.0858612060546875
0.0527191162109375 0.177581787109375 0.045684814453125 0.0772628784179688
-0.0771636962890625 0.142837524414063 -0.0663986206054688 0.0414619445800781
-0.0584259033203125 0.0461654663085938 -0.15478515625 -0.17462158203125
0.0144729614257813 0.106246948242187 0.042236328125 -0.267166137695313
-0.142425537109375 0.367279052734375 0.256072998046875 -0.411041259765625
-0.14105224609375 0.3212890625 0.0500068664550781 -0.0522537231445312
-0.0357666015625 0.396087646484375 0.323944091796875 0.041290283203125
0.075653076171875 0.363555908203125 0.307464599609375 -0.21282958984375
0.243927001953125 0.321319580078125 0.095428466796875 -0.17718505859375
0.33477783203125 0.11676025390625 0.0611572265625 -0.0993194580078125
0.33160400390625 -0.0479736328125 0.126998901367188 -0.0559310913085937
0.319854736328125 -0.045562744140625 0.172607421875 -0.02862548828125
0.285125732421875 -0.090118408203125 0.232879638671875 -0.04876708984375
0.269058227539062 0.00872802734375 0.205001831054688 0.012603759765625
0.249496459960938 0.119873046875 0.110359191894531 0.0768203735351563
0.152389526367188 0.21221923828125 0.0419158935546875 0.0660171508789063
-0.00405883789062499 0.283599853515625 -0.0585899353027344 0.0595245361328125
-0.0674591064453125 0.22412109375 -0.153106689453125 -0.13751220703125
-0.088531494140625 0.2872314453125 0.0173187255859375 -0.210357666015625
-0.27349853515625 0.47149658203125 0.2056884765625 -0.255050659179687
-0.21685791015625 0.475799560546875 0.0523757934570312 0.0595359802246094
0.00784301757812499 0.546875 0.345306396484375 0.056365966796875
0.158111572265625 0.41754150390625 0.287139892578125 -0.254638671875
0.29681396484375 0.339630126953125 0.0169525146484375 -0.227996826171875
0.37664794921875 0.13714599609375 -0.0765380859375 -0.116706848144531
0.38067626953125 -0.031280517578125 -0.0140962600708008 -0.0110673904418945
0.38018798828125 -0.040283203125 0.0567817687988281 0.020172119140625
0.351226806640625 -0.094940185546875 0.131462097167969 -0.00846099853515626
0.327606201171875 0.015899658203125 0.1202392578125 0.0307083129882813
0.323516845703125 0.128204345703125 0.0715408325195313 0.082122802734375
0.254058837890625 0.232009887695313 0.0213546752929688 0.07275390625
0.0918273925781251 0.406402587890625 -0.0689315795898438 0.0833282470703125
-0.047515869140625 0.395294189453125 -0.143203735351563 -0.08782958984375
-0.171478271484375 0.44830322265625 -0.0191192626953125 -0.106178283691406
-0.35595703125 0.494354248046875 0.1292724609375 -0.0821990966796875
-0.25048828125 0.534332275390625 0.0616302490234375 0.172592163085938
0.052490234375 0.57464599609375 0.33868408203125 0.05029296875
0.206817626953125 0.3734130859375 0.227142333984375 -0.277389526367188
0.2874755859375 0.281097412109375 -0.06982421875 -0.25799560546875
0.345458984375 0.125396728515625 -0.209823608398437 -0.119338989257813
0.361480712890625 -0.013641357421875 -0.1561279296875 0.0363006591796875
0.38018798828125 -0.028411865234375 -0.0692939758300781 0.0663719177246094
0.37103271484375 -0.08087158203125 0.0109329223632813 0.0406608581542969
0.345977783203125 0.02862548828125 0.0120735168457031 0.0604515075683594
0.3543701171875 0.13226318359375 0.00998687744140628 0.0981292724609375
0.32293701171875 0.23272705078125 -0.0186767578125 0.0906906127929688
0.175140380859375 0.483612060546875 -0.0903549194335937 0.10552978515625
-0.024627685546875 0.520172119140625 -0.121009826660156 -0.0214385986328125
-0.237335205078125 0.550445556640625 -0.0660820007324219 0.0386886596679688
-0.36920166015625 0.446075439453125 0.0463104248046875 0.07232666015625
-0.223876953125 0.5029296875 0.0764312744140625 0.253799438476563
0.0961303710937501 0.478424072265625 0.30023193359375 0.0262451171875
0.203460693359375 0.244613647460938 0.145263671875 -0.268096923828125
0.21466064453125 0.170684814453125 -0.13787841796875 -0.251434326171875
0.2496337890625 0.0926971435546875 -0.304901123046875 -0.103668212890625
0.283721923828125 0.005584716796875 -0.271560668945313 0.078369140625
0.32061767578125 -0.0111083984375 -0.183792114257813 0.103530883789063
0.33013916015625 -0.04962158203125 -0.111686706542969 0.0882415771484375
0.3040771484375 0.044158935546875 -0.104057312011719 0.0899124145507812
0.3189697265625 0.122100830078125 -0.06634521484375 0.1141357421875
0.324920654296875 0.205902099609375 -0.0758743286132812 0.111900329589844
0.20977783203125 0.493316650390625 -0.124748229980469 0.117446899414063
-0.024169921875 0.56756591796875 -0.0954055786132813 0.0491943359375
-0.2822265625 0.5628662109375 -0.12213134765625 0.204238891601563
-0.316192626953125 0.35174560546875 -0.02203369140625 0.18994140625
-0.14825439453125 0.41046142578125 0.0916748046875 0.286529541015625
0.133880615234375 0.313446044921875 0.235504150390625 -0.00444030761718748
0.1629638671875 0.088714599609375 0.064239501953125 -0.22735595703125
0.107490539550781 0.0548019409179688 -0.170303344726563 -0.214462280273438
0.125251770019531 0.058319091796875 -0.3485107421875 -0.0758972167968751
0.16839599609375 0.025299072265625 -0.343536376953125 0.107879638671875
0.209564208984375 0.009063720703125 -0.270477294921875 0.1268310546875
0.229965209960938 -0.0086822509765625 -0.215179443359375 0.122955322265625
0.19915771484375 0.0504608154296875 -0.2032470703125 0.106201171875
0.217117309570313 0.0839996337890625 -0.137336730957031 0.11968994140625
0.264236450195313 0.139572143554688 -0.140884399414062 0.128005981445312
0.199859619140625 0.42352294921875 -0.170120239257813 0.10968017578125
-0.0443725585937499 0.515655517578125 -0.0777816772460937 0.106925964355469
-0.29901123046875 0.46966552734375 -0.18572998046875 0.35693359375
-0.215484619140625 0.223617553710937 -0.0614013671875 0.266006469726563
-0.049407958984375 0.281524658203125 0.107086181640625 0.280899047851563
0.151199340820313 0.134292602539063 0.164901733398438 -0.030609130859375
0.100189208984375 -0.0418701171875 0.00518798828124999 -0.171798706054687
0.000795364379882811 -0.0324211120605469 -0.169754028320313 -0.16986083984375
0.00383186340332031 0.0313396453857422 -0.344268798828125 -0.051300048828125
0.0391120910644531 0.0448226928710938 -0.368560791015625 0.121826171875
0.0652542114257813 0.0277290344238281 -0.314453125 0.132080078125
0.0848312377929687 0.0259628295898438 -0.27734375 0.136520385742188
0.0532913208007812 0.0292015075683594 -0.259719848632813 0.107223510742188
0.0824966430664063 0.005218505859375 -0.181915283203125 0.118362426757813
0.172561645507812 0.0325164794921875 -0.201324462890625 0.138336181640625
0.164886474609375 0.279617309570313 -0.22186279296875 0.0812835693359375
-0.064208984375 0.3685302734375 -0.0747299194335938 0.135322570800781
-0.26702880859375 0.2828369140625 -0.251434326171875 0.462921142578125
0.129508972167969 -0.0510406494140625 0.214874267578125 -0.534332275390625
-0.0131683349609375 -0.139152526855469 0.05645751953125 -0.168899536132813
-0.134300231933594 -0.0398406982421875 0.229217529296875 -0.0363006591796875
-0.09320068359375 0.106620788574219 0.234054565429688 -0.154754638671875
0.0435638427734375 0.11712646484375 0.160400390625 -0.098052978515625
0.0876235961914063 0.007568359375 0.226654052734375 -0.07965087890625
0.0728073120117187 -0.0594253540039062 0.2825927734375 -0.133392333984375
0.0726470947265625 -0.0367813110351562 0.29595947265625 -0.112152099609375
0.0653038024902344 -0.0564460754394531 0.335906982421875 -0.100250244140625
0.106208801269531 -0.0210800170898438 0.299285888671875 0.00384521484375
0.0905838012695313 0.0694732666015625 0.152389526367188 0.1016845703125
-0.0220718383789062 0.12237548828125 0.039276123046875 0.101799011230469
-0.10626220703125 -0.000175476074218758 -0.0925216674804688 0.0327072143554688
-0.0185699462890625 -0.112258911132812 -0.158828735351562 -0.1864013671875
0.124931335449219 -0.0757904052734375 0.0396728515625 -0.270462036132813
0.012420654296875 0.176345825195313 0.23907470703125 -0.50750732421875
-0.0569992065429687 0.0962371826171875 0.046722412109375 -0.129364013671875
-0.0757904052734375 0.175506591796875 0.276962280273438 -0.000152587890624989
-0.00604248046875 0.238418579101563 0.2740478515625 -0.18145751953125
0.155471801757813 0.224151611328125 0.137252807617188 -0.125801086425781
0.225631713867188 0.058135986328125 0.16436767578125 -0.08349609375
0.214736938476563 -0.065765380859375 0.227157592773438 -0.100082397460938
0.204727172851563 -0.050262451171875 0.250732421875 -0.079010009765625
0.178009033203125 -0.079132080078125 0.29290771484375 -0.085723876953125
0.185928344726563 -0.0086669921875 0.255859375 -0.001190185546875
0.167190551757813 0.0933685302734375 0.131675720214844 0.0803298950195312
0.0582427978515625 0.170944213867187 0.0450439453125 0.0720596313476563
-0.0690536499023438 0.139839172363281 -0.0612373352050781 0.041534423828125
-0.0594902038574219 0.0454139709472656 -0.1568603515625 -0.158187866210938
0.0168838500976562 0.0984039306640625 0.0332183837890625 -0.256805419921875
-0.125091552734375 0.356964111328125 0.228851318359375 -0.40380859375
-0.12701416015625 0.315032958984375 0.0439910888671875 -0.0483016967773437
-0.021392822265625 0.38507080078125 0.314697265625 0.0274658203125
0.084136962890625 0.348876953125 0.28985595703125 -0.2183837890625
0.245819091796875 0.301605224609375 0.085479736328125 -0.172927856445312
0.326171875 0.101898193359375 0.0562362670898438 -0.0969467163085938
0.319549560546875 -0.057952880859375 0.121444702148438 -0.0570144653320313
0.30767822265625 -0.056427001953125 0.165878295898438 -0.0335235595703125
0.271148681640625 -0.097320556640625 0.222854614257813 -0.0578765869140625
0.25823974609375 -0.0023345947265625 0.196884155273438 0.0052642822265625
0.245132446289063 0.105636596679688 0.108291625976563 0.0718536376953125
0.154693603515625 0.20147705078125 0.0407562255859375 0.0616531372070313
0.005950927734375 0.271896362304688 -0.0511894226074219 0.0579452514648438
-0.06195068359375 0.216720581054688 -0.15362548828125 -0.123825073242188
-0.0759735107421875 0.277099609375 0.0115966796875 -0.20318603515625
-0.24774169921875 0.463531494140625 0.18670654296875 -0.252273559570312
-0.193695068359375 0.4681396484375 0.0495223999023437 0.059844970703125
0.0271301269531251 0.52789306640625 0.336669921875 0.0416259765625
0.1649169921875 0.397735595703125 0.268768310546875 -0.259292602539063
0.29632568359375 0.317230224609375 0.00848388671875 -0.221176147460938
0.3680419921875 0.12158203125 -0.0780792236328125 -0.108467102050781
0.36785888671875 -0.0435791015625 -0.0121221542358398 -0.00758075714111328
0.365631103515625 -0.054443359375 0.0561981201171875 0.0169296264648437
0.33447265625 -0.104339599609375 0.126213073730469 -0.015350341796875
0.3157958984375 0.004425048828125 0.116600036621094 0.0254135131835938
0.3167724609375 0.11285400390625 0.0714797973632813 0.0773696899414062
0.251708984375 0.216705322265625 0.021209716796875 0.0678977966308594
0.1015625 0.38568115234375 -0.0589599609375 0.0804901123046875
-0.03656005859375 0.3822021484375 -0.141555786132813 -0.07818603515625
-0.150726318359375 0.436126708984375 -0.0205917358398438 -0.103172302246094
-0.3277587890625 0.4888916015625 0.11865234375 -0.0841522216796875
-0.223297119140625 0.52618408203125 0.06341552734375 0.168670654296875
0.0706787109375 0.552032470703125 0.330657958984375 0.036041259765625
0.207672119140625 0.35137939453125 0.211181640625 -0.278533935546875
0.286163330078125 0.261077880859375 -0.0767364501953125 -0.247314453125
0.335723876953125 0.111419677734375 -0.2069091796875 -0.106430053710938
0.35076904296875 -0.02392578125 -0.146987915039062 0.042510986328125
0.368072509765625 -0.0421142578125 -0.0632514953613281 0.0659599304199219
0.354248046875 -0.09210205078125 0.0120506286621094 0.0359649658203125
0.334808349609375 0.016754150390625 0.0142173767089844 0.057952880859375
0.347747802734375 0.11529541015625 0.0127410888671875 0.0941314697265625
0.31744384765625 0.215118408203125 -0.0158615112304687 0.0863800048828125
0.186065673828125 0.45806884765625 -0.0793685913085937 0.102188110351563
-0.00811767578124998 0.50152587890625 -0.118682861328125 -0.0163497924804687
-0.210845947265625 0.540191650390625 -0.0606231689453125 0.0369300842285157
-0.34027099609375 0.44482421875 0.04400634765625 0.0673179626464844
-0.19769287109375 0.494476318359375 0.081024169921875 0.245346069335938
0.109832763671875 0.457122802734375 0.292633056640625 0.015228271484375
0.200576782226563 0.227096557617188 0.132598876953125 -0.265777587890625
0.210174560546875 0.157119750976563 -0.141738891601562 -0.239471435546875
0.242965698242187 0.0844268798828125 -0.29766845703125 -0.089263916015625
0.276458740234375 -0.002197265625 -0.256088256835938 0.0865478515625001
0.3106689453125 -0.02197265625 -0.172744750976563 0.105239868164062
0.316619873046875 -0.059478759765625 -0.103912353515625 0.086822509765625
0.2957763671875 0.03411865234375 -0.0970611572265625 0.090484619140625
0.312469482421875 0.108245849609375 -0.060302734375 0.111137390136719
0.318878173828125 0.188873291015625 -0.0693511962890625 0.10906982421875
0.2216796875 0.46466064453125 -0.112037658691406 0.114967346191406
-0.00448608398437497 0.547576904296875 -0.0916748046875 0.0497894287109375
-0.252838134765625 0.555511474609375 -0.109054565429687 0.1971435546875
-0.291046142578125 0.351806640625 -0.01763916015625 0.183029174804688
-0.1259765625 0.403717041015625 0.0985565185546875 0.2752685546875
0.14129638671875 0.294708251953125 0.228805541992188 -0.0116119384765625
0.155548095703125 0.0784912109375 0.0560760498046875 -0.222671508789062
0.102859497070313 0.0501708984375 -0.171112060546875 -0.20379638671875
0.122978210449219 0.0562744140625 -0.337127685546875 -0.0625305175781249
0.165969848632813 0.0215911865234375 -0.324920654296875 0.117218017578125
0.2037353515625 0.002593994140625 -0.254623413085938 0.130050659179688
0.222686767578125 -0.0159912109375 -0.202011108398438 0.123138427734375
0.195404052734375 0.044281005859375 -0.1912841796875 0.10980224609375
0.21148681640625 0.0743408203125 -0.128211975097656 0.118995666503906
0.257568359375 0.12628173828125 -0.13116455078125 0.126480102539062
0.208770751953125 0.39752197265625 -0.156784057617187 0.109329223632813
-0.0245361328125 0.49884033203125 -0.0729446411132812 0.103530883789063
-0.272216796875 0.46527099609375 -0.16534423828125 0.347198486328125
-0.199554443359375 0.22528076171875 -0.05194091796875 0.257247924804688
-0.03564453125 0.274856567382813 0.114837646484375 0.268295288085938
0.1510009765625 0.120620727539063 0.159042358398438 -0.0346527099609375
0.0918731689453125 -0.045074462890625 0.000671386718750003 -0.16619873046875
-0.00283622741699219 -0.0299167633056641 -0.16888427734375 -0.161224365234375
0.00529670715332032 0.0332221984863281 -0.334136962890625 -0.0385437011718749
0.04248046875 0.0451812744140625 -0.348602294921875 0.13104248046875
0.0650749206542969 0.026611328125 -0.297637939453125 0.13690185546875
0.08306884765625 0.0236282348632813 -0.261871337890625 0.138595581054688
0.0527687072753906 0.028839111328125 -0.24542236328125 0.11224365234375
0.0791778564453125 0.0035400390625 -0.171417236328125 0.11907958984375
0.165390014648438 0.0250091552734375 -0.18780517578125 0.139724731445312
0.1715087890625 0.26019287109375 -0.208908081054687 0.0851287841796875
-0.04632568359375 0.357818603515625 -0.069488525390625 0.129547119140625
-0.248046875 0.285491943359375 -0.225494384765625 0.451446533203125
0.126632690429688 -0.055023193359375 0.199554443359375 -0.52093505859375
-0.0163116455078125 -0.135231018066406 0.051605224609375 -0.163497924804688
-0.132133483886719 -0.0349655151367188 0.223922729492188 -0.0379180908203125
-0.0876388549804688 0.105812072753906 0.2237548828125 -0.154022216796875
0.0450820922851562 0.112045288085937 0.155654907226563 -0.0953216552734375
0.0831451416015625 0.0040283203125 0.22039794921875 -0.079833984375
0.0667495727539063 -0.0609626770019531 0.272171020507813 -0.1329345703125
0.0693740844726563 -0.0387992858886719 0.28546142578125 -0.1126708984375
0.0611457824707031 -0.057342529296875 0.3236083984375 -0.103302001953125
0.101150512695313 -0.0263671875 0.2877197265625 -0.001617431640625
0.091278076171875 0.0637893676757813 0.148818969726563 0.0995025634765625
-0.0170516967773438 0.120773315429688 0.0386123657226563 0.098052978515625
-0.103660583496094 0.00150299072265626 -0.0894546508789063 0.0328445434570313
-0.0230941772460938 -0.108856201171875 -0.158523559570313 -0.174575805664063
0.119216918945313 -0.0788497924804688 0.0366668701171875 -0.259765625
0.015533447265625 0.167800903320313 0.22296142578125 -0.494354248046875
-0.055511474609375 0.0944290161132813 0.0421829223632813 -0.123222351074219
-0.0721588134765625 0.173171997070313 0.270660400390625 -0.00468444824218749
-0.00328063964843749 0.232681274414062 0.263198852539063 -0.180938720703125
0.155471801757813 0.215286254882813 0.132499694824219 -0.122505187988281
0.218093872070313 0.053466796875 0.159194946289062 -0.082733154296875
0.205810546875 -0.0676116943359375 0.220260620117188 -0.0995330810546875
0.1982421875 -0.053802490234375 0.242355346679688 -0.0795440673828125
0.1702880859375 -0.08099365234375 0.282745361328125 -0.089141845703125
0.178955078125 -0.0129547119140625 0.246109008789063 -0.0043487548828125
0.164962768554688 0.0865020751953125 0.128471374511719 0.0786056518554688
0.0600128173828125 0.16680908203125 0.0428848266601563 0.0684776306152344
-0.065826416015625 0.136322021484375 -0.0575065612792969 0.0397758483886719
-0.061370849609375 0.0439987182617187 -0.1551513671875 -0.147552490234375
0.0167160034179687 0.0910186767578125 0.0312042236328125 -0.248260498046875
-0.116943359375 0.345947265625 0.21502685546875 -0.394134521484375
-0.119964599609375 0.308502197265625 0.0388526916503906 -0.0435752868652344
-0.01678466796875 0.3759765625 0.307525634765625 0.0233154296875
0.08526611328125 0.338836669921875 0.278167724609375 -0.218429565429687
0.244140625 0.2890625 0.0811004638671875 -0.168685913085937
0.317413330078125 0.09527587890625 0.0534744262695313 -0.0933685302734375
0.308502197265625 -0.06195068359375 0.119110107421875 -0.0553741455078125
0.298553466796875 -0.0615234375 0.160903930664063 -0.0345001220703125
0.26129150390625 -0.0995941162109375 0.213958740234375 -0.060943603515625
0.24932861328125 -0.006439208984375 0.190750122070313 0.0021209716796875
0.240631103515625 0.098114013671875 0.105987548828125 0.0701751708984375
0.153152465820313 0.195556640625 0.0382614135742188 0.0581741333007813
0.009002685546875 0.262527465820313 -0.0466232299804688 0.054718017578125
-0.0619659423828125 0.210800170898438 -0.1510009765625 -0.115158081054687
-0.0718231201171875 0.266036987304688 0.0107574462890625 -0.197128295898437
-0.236083984375 0.452484130859375 0.17449951171875 -0.24658203125
-0.183258056640625 0.45758056640625 0.0458450317382812 0.0630722045898438
0.03277587890625 0.51324462890625 0.328857421875 0.0357666015625
0.16241455078125 0.3841552734375 0.257461547851562 -0.256210327148438
0.29266357421875 0.30377197265625 0.00505065917968752 -0.215194702148437
0.35845947265625 0.114593505859375 -0.077880859375 -0.103126525878906
0.35748291015625 -0.047088623046875 -0.00965976715087888 -0.00503826141357422
0.3544921875 -0.06024169921875 0.0553665161132813 0.0160179138183594
0.32318115234375 -0.106475830078125 0.121269226074219 -0.019195556640625
0.306243896484375 0.000152587890625 0.114151000976563 0.0233230590820313
0.309539794921875 0.104095458984375 0.070037841796875 0.0752410888671875
0.247100830078125 0.209671020507812 0.0194320678710938 0.0649452209472656
0.104156494140625 0.371307373046875 -0.0523452758789063 0.0753860473632813
-0.034332275390625 0.370697021484375 -0.138542175292969 -0.0716476440429687
-0.140777587890625 0.423675537109375 -0.0193405151367188 -0.101600646972656
-0.31103515625 0.4775390625 0.110694885253906 -0.0825653076171875
-0.21038818359375 0.5142822265625 0.0616607666015625 0.1680908203125
0.07684326171875 0.53387451171875 0.32379150390625 0.030609130859375
0.202117919921875 0.339691162109375 0.20245361328125 -0.275741577148438
0.279129028320313 0.250228881835938 -0.0782318115234375 -0.240768432617188
0.326751708984375 0.107391357421875 -0.203536987304687 -0.0998687744140625
0.342437744140625 -0.027862548828125 -0.13922119140625 0.045745849609375
0.357879638671875 -0.04595947265625 -0.0596160888671875 0.0643310546875
0.34161376953125 -0.093994140625 0.011077880859375 0.0321865081787109
0.325531005859375 0.01336669921875 0.0151138305664063 0.0561599731445312
0.34033203125 0.108551025390625 0.0131988525390625 0.0908279418945313
0.310272216796875 0.206573486328125 -0.0162582397460937 0.0834426879882813
0.186187744140625 0.43914794921875 -0.071746826171875 0.0970916748046875
-0.00418090820312503 0.48638916015625 -0.116058349609375 -0.0138702392578125
-0.196014404296875 0.52630615234375 -0.0564460754394531 0.0338630676269532
-0.32415771484375 0.436370849609375 0.0401611328125 0.0647315979003907
-0.183441162109375 0.485992431640625 0.080841064453125 0.241409301757813
0.113433837890625 0.440643310546875 0.286834716796875 0.0111083984375
0.193283081054688 0.217605590820313 0.125930786132812 -0.262130737304688
0.20428466796875 0.150543212890625 -0.141510009765625 -0.232528686523438
0.236709594726563 0.08233642578125 -0.292022705078125 -0.08148193359375
0.271224975585937 -0.0040435791015625 -0.244461059570312 0.089263916015625
0.30242919921875 -0.0262451171875 -0.164901733398437 0.104171752929687
0.306793212890625 -0.061492919921875 -0.100914001464844 0.0831069946289062
0.288360595703125 0.0311279296875 -0.09210205078125 0.089752197265625
0.305145263671875 0.101348876953125 -0.0576171875 0.108436584472656
0.311431884765625 0.1807861328125 -0.0676956176757812 0.106147766113281
0.22174072265625 0.44427490234375 -0.103965759277344 0.109878540039063
0.00115966796875002 0.530792236328125 -0.0894927978515625 0.048248291015625
-0.239288330078125 0.542816162109375 -0.10186767578125 0.189804077148438
-0.2781982421875 0.34649658203125 -0.0176544189453125 0.177154541015625
-0.11505126953125 0.39373779296875 0.0995635986328125 0.2684326171875
0.141799926757813 0.281112670898438 0.223831176757813 -0.0146026611328125
0.147918701171875 0.0731201171875 0.0528411865234375 -0.217941284179687
0.097991943359375 0.0481338500976563 -0.169586181640625 -0.198043823242188
0.120124816894531 0.056304931640625 -0.32989501953125 -0.055694580078125
0.1649169921875 0.020721435546875 -0.310516357421875 0.119659423828125
0.198776245117188 0.0004425048828125 -0.24530029296875 0.128570556640625
0.216598510742187 -0.01678466796875 -0.194976806640625 0.119842529296875
0.190811157226563 0.042755126953125 -0.1834716796875 0.10919189453125
0.206405639648438 0.0704803466796875 -0.12359619140625 0.116462707519531
0.250961303710938 0.120620727539062 -0.125724792480469 0.124114990234375
0.209747314453125 0.378692626953125 -0.14801025390625 0.105361938476563
-0.0175781250000001 0.4835205078125 -0.0709228515625 0.099029541015625
-0.258758544921875 0.458099365234375 -0.155242919921875 0.335418701171875
-0.189102172851562 0.222015380859375 -0.0495147705078125 0.249435424804687
-0.027740478515625 0.26898193359375 0.115676879882813 0.259902954101563
0.148818969726563 0.111953735351563 0.15576171875 -0.0351409912109375
0.0849761962890625 -0.0451812744140625 -0.000259399414062508 -0.16143798828125
-0.00475311279296875 -0.0275039672851563 -0.166854858398438 -0.156646728515625
0.00639152526855469 0.03466796875 -0.325286865234375 -0.0337829589843749
0.0449676513671875 0.0459060668945313 -0.334808349609375 0.13232421875
0.0652618408203125 0.0270347595214844 -0.28619384765625 0.135589599609375
0.0823211669921875 0.023468017578125 -0.252151489257813 0.135269165039062
0.0524635314941406 0.0298233032226562 -0.236038208007813 0.112701416015625
0.0756607055664063 0.00372314453125 -0.165496826171875 0.116806030273437
0.1597900390625 0.0222625732421875 -0.180313110351563 0.137710571289063
0.17132568359375 0.246047973632813 -0.200424194335938 0.083251953125
-0.040283203125 0.348968505859375 -0.0675277709960938 0.12359619140625
-0.237884521484375 0.284332275390625 -0.212249755859375 0.4368896484375
0.125648498535156 -0.05926513671875 0.1929931640625 -0.51397705078125
-0.0189590454101562 -0.133689880371094 0.04986572265625 -0.160110473632813
-0.131828308105469 -0.0318145751953125 0.2232666015625 -0.0379638671875
-0.0847549438476563 0.106605529785156 0.21990966796875 -0.153793334960938
0.04656982421875 0.110038757324219 0.154739379882813 -0.092742919921875
0.0797805786132813 0.002716064453125 0.21868896484375 -0.080413818359375
0.0622024536132812 -0.0616645812988281 0.267929077148438 -0.132583618164063
0.0680351257324219 -0.0415420532226563 0.281890869140625 -0.111083984375
0.0590744018554688 -0.0592002868652344 0.31884765625 -0.104705810546875
0.0976715087890625 -0.0300521850585938 0.281463623046875 -0.003509521484375
0.0919952392578125 0.0593948364257813 0.147445678710938 0.100601196289063
-0.01373291015625 0.121246337890625 0.0374603271484375 0.0964736938476563
-0.103195190429688 0.00215148925781251 -0.0891265869140625 0.032318115234375
-0.0267410278320312 -0.107856750488281 -0.158477783203125 -0.167404174804688
0.116744995117188 -0.0820159912109375 0.037872314453125 -0.254501342773437
0.0155029296875 0.162826538085938 0.215911865234375 -0.488616943359375
-0.0562515258789063 0.0938873291015625 0.0398101806640625 -0.118812561035156
-0.0715789794921875 0.174072265625 0.269989013671875 -0.00515747070312499
-0.00270080566406248 0.232879638671875 0.2576904296875 -0.18182373046875
0.155349731445313 0.212005615234375 0.131752014160156 -0.12066650390625
0.21539306640625 0.052154541015625 0.158370971679688 -0.081146240234375
0.200912475585938 -0.0696258544921875 0.2177734375 -0.0986328125
0.196212768554687 -0.056549072265625 0.239242553710937 -0.0788726806640625
0.167144775390625 -0.08233642578125 0.278472900390625 -0.089996337890625
0.174728393554688 -0.0160369873046875 0.241867065429688 -0.0055999755859375
0.164764404296875 0.0821380615234375 0.127166748046875 0.0803604125976563
0.0619354248046875 0.1661376953125 0.0409431457519531 0.0674400329589844
-0.0650177001953125 0.134620666503906 -0.0561904907226563 0.0374908447265625
-0.065155029296875 0.0438346862792969 -0.154129028320313 -0.1409912109375
0.0155868530273438 0.0863800048828125 0.032623291015625 -0.24432373046875
-0.11480712890625 0.34136962890625 0.207672119140625 -0.38995361328125
-0.11920166015625 0.3062744140625 0.0371284484863281 -0.0389556884765625
-0.015350341796875 0.37322998046875 0.30718994140625 0.0225830078125
0.0833740234375 0.337921142578125 0.273605346679688 -0.220001220703125
0.2435302734375 0.285308837890625 0.0798797607421875 -0.167510986328125
0.31365966796875 0.09490966796875 0.0519790649414063 -0.0920028686523438
0.304595947265625 -0.062835693359375 0.119705200195313 -0.0539398193359375
0.29541015625 -0.06475830078125 0.159698486328125 -0.03448486328125
0.256759643554688 -0.10040283203125 0.210601806640625 -0.06280517578125
0.245498657226562 -0.0076141357421875 0.1881103515625 0.002166748046875
0.238739013671875 0.0936431884765625 0.105308532714844 0.0709915161132813
0.152847290039062 0.194549560546875 0.0356292724609375 0.05670166015625
0.00889587402343748 0.258819580078125 -0.0443840026855469 0.0509109497070313
-0.064849853515625 0.208984375 -0.149871826171875 -0.109786987304688
-0.071136474609375 0.2607421875 0.0124053955078125 -0.195159912109375
-0.232391357421875 0.447113037109375 0.169601440429687 -0.242721557617187
-0.180328369140625 0.454315185546875 0.0440826416015625 0.0670814514160157
0.03509521484375 0.5074462890625 0.328704833984375 0.035400390625
0.159515380859375 0.381622314453125 0.255416870117188 -0.2584228515625
0.29046630859375 0.300445556640625 0.00398254394531254 -0.2139892578125
0.354095458984375 0.115234375 -0.0782470703125 -0.100265502929687
0.354888916015625 -0.04827880859375 -0.00622415542602537 -0.00325489044189453
0.35223388671875 -0.062286376953125 0.0555000305175781 0.0163078308105469
0.319183349609375 -0.106658935546875 0.118537902832031 -0.0209426879882813
0.301849365234375 3.0517578125E-05 0.112373352050781 0.0227890014648438
0.3070068359375 0.100738525390625 0.069366455078125 0.0747833251953125
0.245498657226563 0.208831787109375 0.0169334411621094 0.0633277893066406
0.103515625 0.3656005859375 -0.04974365234375 0.071990966796875
-0.0362548828125 0.366485595703125 -0.137733459472656 -0.0686874389648437
-0.140228271484375 0.41778564453125 -0.0175857543945313 -0.102348327636719
-0.30706787109375 0.4736328125 0.106369018554688 -0.081146240234375
-0.2052001953125 0.512115478515625 0.0601043701171875 0.171356201171875
0.0782775878906249 0.527435302734375 0.3232421875 0.02947998046875
0.198455810546875 0.336761474609375 0.1995849609375 -0.276885986328125
0.276779174804688 0.246429443359375 -0.07891845703125 -0.238998413085938
0.323760986328125 0.10858154296875 -0.202987670898437 -0.0967254638671875
0.3406982421875 -0.027252197265625 -0.134727478027344 0.0474090576171875
0.3543701171875 -0.0496826171875 -0.0580062866210937 0.0647010803222656
0.338531494140625 -0.093963623046875 0.00985908508300783 0.0303192138671875
0.322265625 0.01409912109375 0.0154342651367188 0.0556488037109375
0.337554931640625 0.10565185546875 0.0130615234375 0.0904159545898438
0.307769775390625 0.20635986328125 -0.0176773071289062 0.0821456909179688
0.1859130859375 0.43206787109375 -0.0682907104492188 0.0928115844726563
-0.00515747070312504 0.48187255859375 -0.115516662597656 -0.0125808715820312
-0.19464111328125 0.52081298828125 -0.0548210144042969 0.0309906005859375
-0.32080078125 0.434356689453125 0.03656005859375 0.064117431640625
-0.179656982421875 0.4814453125 0.080352783203125 0.243011474609375
0.115753173828125 0.432952880859375 0.286865234375 0.010223388671875
0.18817138671875 0.214019775390625 0.124908447265625 -0.262603759765625
0.201034545898438 0.148269653320313 -0.141952514648438 -0.231353759765625
0.234970092773438 0.084503173828125 -0.290924072265625 -0.07916259765625
0.271011352539063 -0.0034332275390625 -0.237762451171875 0.0914459228515625
0.300445556640625 -0.026824951171875 -0.16204833984375 0.10369873046875
0.3038330078125 -0.061553955078125 -0.100639343261719 0.080780029296875
0.2862548828125 0.03228759765625 -0.0897140502929687 0.0895843505859375
0.30255126953125 0.100189208984375 -0.0570297241210937 0.107109069824219
0.307281494140625 0.1793212890625 -0.067901611328125 0.104690551757813
0.221343994140625 0.436187744140625 -0.100082397460938 0.105331420898438
0.00271606445312504 0.52630615234375 -0.0899887084960938 0.0474472045898438
-0.235992431640625 0.539276123046875 -0.0990142822265625 0.184783935546875
-0.274627685546875 0.344970703125 -0.020172119140625 0.174835205078125
-0.109375 0.391754150390625 0.099945068359375 0.268463134765625
0.142730712890625 0.275238037109375 0.224258422851562 -0.015106201171875
0.1431884765625 0.0713043212890625 0.0533599853515625 -0.217193603515625
0.0947952270507813 0.048583984375 -0.169357299804688 -0.196929931640625
0.118873596191406 0.0585708618164063 -0.327606201171875 -0.053192138671875
0.166000366210938 0.021728515625 -0.302978515625 0.120849609375
0.199325561523438 0.0010986328125 -0.241607666015625 0.12725830078125
0.21484375 -0.0162811279296875 -0.193313598632813 0.11688232421875
0.189346313476563 0.0443878173828125 -0.180618286132813 0.108322143554688
0.2042236328125 0.0701141357421875 -0.122825622558594 0.114944458007812
0.2474365234375 0.119064331054688 -0.124359130859375 0.122611999511719
0.20904541015625 0.37005615234375 -0.14398193359375 0.101333618164063
-0.0159301757812499 0.479522705078125 -0.0715866088867187 0.0961151123046875
-0.25457763671875 0.45672607421875 -0.1524658203125 0.329132080078125
-0.18695068359375 0.221481323242188 -0.05047607421875 0.246124267578125
-0.0236968994140625 0.267181396484375 0.11724853515625 0.25732421875
0.148086547851563 0.106719970703125 0.155670166015625 -0.0352935791015625
0.08111572265625 -0.04534912109375 0.00106811523437499 -0.160018920898438
-0.00631904602050781 -0.0254878997802734 -0.166305541992188 -0.156143188476563
0.00690078735351563 0.0374794006347656 -0.32244873046875 -0.031982421875
0.0472908020019531 0.0467567443847656 -0.328094482421875 0.13226318359375
0.0662918090820312 0.0284652709960937 -0.282073974609375 0.133514404296875
0.0820083618164062 0.02532958984375 -0.249542236328125 0.132522583007813
0.0524101257324219 0.0320053100585938 -0.231918334960938 0.111618041992188
0.0735092163085938 0.00424957275390625 -0.163543701171875 0.115249633789062
0.156875610351562 0.02130126953125 -0.177490234375 0.1370849609375
0.170394897460938 0.23919677734375 -0.197158813476562 0.080474853515625
-0.03680419921875 0.345367431640625 -0.0679702758789062 0.119186401367188
-0.235015869140625 0.28472900390625 -0.207733154296875 0.430999755859375
0.1256103515625 -0.0658493041992188 0.1873779296875 -0.517913818359375
-0.0227813720703125 -0.134208679199219 0.047607421875 -0.159927368164063
-0.134307861328125 -0.02813720703125 0.227127075195312 -0.04156494140625
-0.0821914672851563 0.1097412109375 0.218185424804688 -0.15692138671875
0.050262451171875 0.109268188476563 0.155044555664063 -0.094970703125
0.0783233642578125 0.001068115234375 0.220245361328125 -0.0836944580078125
0.0579986572265625 -0.0638389587402344 0.267669677734375 -0.136444091796875
0.066925048828125 -0.0453834533691406 0.282257080078125 -0.115264892578125
0.0567550659179688 -0.0619888305664063 0.318267822265625 -0.110931396484375
0.0953292846679688 -0.0350799560546875 0.28125 -0.006317138671875
0.0952529907226562 0.0554428100585937 0.150833129882812 0.102828979492187
-0.00897979736328126 0.123344421386719 0.0367279052734375 0.0961456298828125
-0.1051025390625 0.00432586669921874 -0.0905075073242188 0.0331039428710938
-0.0315475463867188 -0.107528686523437 -0.162628173828125 -0.162109375
0.115341186523437 -0.0880279541015625 0.0371551513671875 -0.25482177734375
0.0171051025390625 0.160430908203125 0.210174560546875 -0.491546630859375
-0.057403564453125 0.0956344604492188 0.0380172729492187 -0.116546630859375
-0.0702056884765625 0.177474975585938 0.274520874023438 -0.00848388671874999
0.00125122070312499 0.237106323242188 0.256759643554688 -0.188339233398437
0.16082763671875 0.211181640625 0.131156921386719 -0.12335205078125
0.215927124023438 0.0505523681640625 0.15814208984375 -0.0836944580078125
0.19879150390625 -0.073455810546875 0.219009399414063 -0.10205078125
0.196197509765625 -0.06268310546875 0.240463256835937 -0.0816802978515625
0.16552734375 -0.08673095703125 0.276718139648438 -0.095123291015625
0.173355102539063 -0.0204315185546875 0.241897583007813 -0.00860595703125
0.16778564453125 0.077911376953125 0.129142761230469 0.0815277099609375
0.067138671875 0.16839599609375 0.0391578674316406 0.0669364929199219
-0.06561279296875 0.136123657226562 -0.0562400817871094 0.0366897583007813
-0.0683021545410156 0.04559326171875 -0.15679931640625 -0.13580322265625
0.0145339965820313 0.0831146240234375 0.0324554443359375 -0.2452392578125
-0.11175537109375 0.34271240234375 0.203338623046875 -0.39312744140625
-0.117095947265625 0.310699462890625 0.0359420776367187 -0.034027099609375
-0.0115966796875 0.376678466796875 0.312042236328125 0.018341064453125
0.087646484375 0.342315673828125 0.271865844726563 -0.227386474609375
0.250518798828125 0.284393310546875 0.0787200927734375 -0.1700439453125
0.316925048828125 0.094146728515625 0.0507125854492188 -0.0916061401367187
0.305419921875 -0.067779541015625 0.121994018554688 -0.055267333984375
0.29742431640625 -0.07220458984375 0.1605224609375 -0.0359649658203125
0.256378173828125 -0.105453491210937 0.209671020507813 -0.0659637451171875
0.245742797851563 -0.01104736328125 0.188873291015625 -0.000228881835937501
0.241897583007813 0.089630126953125 0.106956481933594 0.0720901489257813
0.15765380859375 0.195999145507813 0.0338630676269531 0.0569305419921875
0.0113372802734375 0.25946044921875 -0.0430374145507813 0.0489578247070313
-0.065521240234375 0.211929321289063 -0.15179443359375 -0.105941772460938
-0.0708770751953125 0.260726928710938 0.01177978515625 -0.197463989257813
-0.22930908203125 0.453216552734375 0.164703369140625 -0.245101928710937
-0.177001953125 0.4615478515625 0.0442733764648437 0.0727691650390625
0.042022705078125 0.510986328125 0.334197998046875 0.03076171875
0.1630859375 0.384735107421875 0.253158569335938 -0.266860961914062
0.29742431640625 0.298248291015625 0.000534057617187515 -0.216598510742187
0.357757568359375 0.11474609375 -0.0817337036132812 -0.0981674194335938
0.357086181640625 -0.054107666015625 -0.00365829467773435 -0.00218439102172852
0.35418701171875 -0.070465087890625 0.0569953918457031 0.0159454345703125
0.31927490234375 -0.1124267578125 0.117385864257813 -0.0238037109375
0.303680419921875 -0.00244140625 0.113739013671875 0.0216217041015625
0.31036376953125 0.096282958984375 0.0709991455078125 0.0761871337890625
0.249496459960937 0.208572387695312 0.0154533386230469 0.0639457702636719
0.1083984375 0.365478515625 -0.0474777221679688 0.0691299438476563
-0.03533935546875 0.3701171875 -0.139656066894531 -0.0655899047851562
-0.136962890625 0.421173095703125 -0.0176925659179687 -0.104278564453125
-0.306060791015625 0.481414794921875 0.103050231933594 -0.0819854736328125
-0.20013427734375 0.51812744140625 0.06195068359375 0.177658081054688
0.087799072265625 0.52862548828125 0.329498291015625 0.025360107421875
0.201385498046875 0.3375244140625 0.1973876953125 -0.284698486328125
0.280380249023438 0.244979858398438 -0.0833282470703125 -0.240585327148437
0.3277587890625 0.108642578125 -0.207717895507812 -0.0928192138671875
0.343841552734375 -0.032470703125 -0.131248474121094 0.0509414672851562
0.357086181640625 -0.05621337890625 -0.05645751953125 0.0668983459472656
0.33917236328125 -0.099456787109375 0.00842475891113283 0.0296039581298828
0.324951171875 0.01171875 0.0161552429199219 0.05609130859375
0.34027099609375 0.10076904296875 0.0141372680664063 0.0916900634765625
0.31256103515625 0.206695556640625 -0.0189208984375 0.0826492309570313
0.19171142578125 0.42852783203125 -0.0656814575195313 0.0902862548828125
-0.00103759765625005 0.4859619140625 -0.116683959960938 -0.010894775390625
-0.19122314453125 0.5281982421875 -0.0536117553710938 0.0291481018066407
-0.318817138671875 0.440826416015625 0.0345573425292969 0.0647468566894532
-0.173004150390625 0.48883056640625 0.08428955078125 0.248550415039063
0.1231689453125 0.431549072265625 0.29193115234375 0.00595092773437503
0.188629150390625 0.214019775390625 0.12286376953125 -0.268600463867188
0.202438354492188 0.147491455078125 -0.147613525390625 -0.2320556640625
0.237258911132813 0.08648681640625 -0.295196533203125 -0.0738830566406249
0.275314331054688 -0.0063629150390625 -0.23443603515625 0.0960693359375
0.302947998046875 -0.031768798828125 -0.161422729492187 0.106521606445313
0.3060302734375 -0.06451416015625 -0.101776123046875 0.0811843872070313
0.289581298828125 0.03118896484375 -0.0895919799804688 0.0911331176757812
0.305450439453125 0.096343994140625 -0.0565185546875 0.108856201171875
0.31121826171875 0.178802490234375 -0.068145751953125 0.105964660644531
0.228729248046875 0.432830810546875 -0.0975799560546875 0.103378295898438
0.00814819335937495 0.530242919921875 -0.0905914306640625 0.0479965209960938
-0.231109619140625 0.54840087890625 -0.0965423583984375 0.1834716796875
-0.2730712890625 0.353271484375 -0.0214996337890625 0.176498413085938
-0.102386474609375 0.39691162109375 0.105438232421875 0.271392822265625
0.147613525390625 0.271255493164063 0.227996826171875 -0.0185546875
0.141372680664063 0.069976806640625 0.0518035888671875 -0.221343994140625
0.094329833984375 0.048919677734375 -0.1748046875 -0.197235107421875
0.12091064453125 0.0611343383789062 -0.332275390625 -0.048004150390625
0.170318603515625 0.0213623046875 -0.29974365234375 0.126312255859375
0.201797485351563 -0.0006103515625 -0.240936279296875 0.130706787109375
0.216964721679688 -0.0172576904296875 -0.195053100585938 0.119049072265625
0.1923828125 0.04583740234375 -0.18035888671875 0.11212158203125
0.205917358398438 0.0690765380859375 -0.122344970703125 0.117210388183594
0.249160766601563 0.117202758789063 -0.123809814453125 0.125389099121094
0.214569091796875 0.365997314453125 -0.143264770507813 0.1005859375
-0.00863647460937501 0.48394775390625 -0.072418212890625 0.0959701538085938
-0.251617431640625 0.466278076171875 -0.148223876953125 0.329803466796875
-0.184844970703125 0.226409912109375 -0.05035400390625 0.247390747070312
-0.0169525146484375 0.269744873046875 0.122299194335938 0.258163452148438
0.150772094726563 0.101959228515625 0.158462524414063 -0.037567138671875
0.0787811279296875 -0.0468292236328125 0.000518798828125008 -0.161697387695313
-0.00851631164550782 -0.0238513946533203 -0.17041015625 -0.155532836914063
0.00745391845703125 0.0404472351074219 -0.326141357421875 -0.027099609375
0.0512466430664063 0.0485191345214844 -0.3240966796875 0.138031005859375
0.0688552856445312 0.0302810668945312 -0.2818603515625 0.13653564453125
0.08428955078125 0.0266342163085938 -0.25042724609375 0.134414672851563
0.0539970397949219 0.0345306396484375 -0.232437133789063 0.115478515625
0.0727081298828125 0.00490570068359375 -0.164047241210938 0.117813110351563
0.156982421875 0.0190887451171875 -0.175521850585938 0.14013671875
0.175262451171875 0.235275268554687 -0.197158813476563 0.0814666748046875
-0.031646728515625 0.349639892578125 -0.0689239501953125 0.1182861328125
-0.2327880859375 0.293731689453125 -0.2030029296875 0.433258056640625
-0.134280675653654 -0.00262384734926408 0.544064350572095 -0.107448387550094
-0.0940642781580781 0.121086318348173 0.196030560060851 -0.0181687814509273
0.0371644711310018 0.139004946017616 0.18230117398996 0.165344975768907
0.135763350789243 0.00764992967254837 0.231502259037452 0.0841270367535044
0.0280855222442895 -0.105417316455331 0.155014471578627 0.0960628840796443
-0.0710401626223628 -0.0539386628864242 0.167446614618711 0.171894984356595
-0.101095855706165 -0.00808047367923777 0.220155197313335 0.219794023459042
-0.0947090716687884 -0.00755316392933604 0.243611680603206 0.227562524691438
-0.110302936282586 -0.0103731664883628 0.233586707509153 0.260008605356682
-0.103739841652952 -0.0442294112936395 0.127686100518895 0.247120857592805
-0.0326567971814635 -0.113055578428153 -0.040231881330057 0.194979748159976
0.108598868760971 -0.0759395261614731 -0.0839240733518172 0.0626300518560737
0.0862274184032552 0.0679386911234161 -0.0698262346323999 -0.065908215328188
-0.0522622092266381 0.0981256762302994 0.0659435894838303 -0.208604140704569
-0.126699443031974 -0.0309503882586088 0.205055559340159 -0.10781158370114
0.103409433595445 -0.0357725291755561 0.515810640941983 -0.107118490973025
0.115052093436484 -0.00103114931457115 0.117209234017742 -0.0418107250601105
0.166533364871571 -0.0362733413452259 0.122847036625604 0.219700992626619
0.186343307576641 -0.149033005942566 0.236689006912851 0.107726687573836
0.0252999918001647 -0.258229335186632 0.149172661985689 0.0709613995165701
-0.112037188339388 -0.191746836299369 0.122304553223637 0.13304523997857
-0.181170667110371 -0.131992139806845 0.152890428552646 0.202199577779631
-0.186513796953112 -0.0933830930419952 0.188087320326193 0.214589295405978
-0.190673058866218 -0.0906730904583986 0.194443577369777 0.239506262629023
-0.138909378003225 -0.116620637302368 0.101104569492256 0.218667539241721
-0.062293588173207 -0.179680922180026 -0.0407442704165005 0.169896028190265
0.101788088746254 -0.166399622869848 -0.0705086796230183 0.0522781839066432
0.143034509162316 -0.052698420668746 -0.0654316582269946 -0.0418698403065324
0.0848285391873155 0.0351000363233517 0.0429221549770686 -0.208431370230346
0.0557535426688135 -0.036223660376668 0.205348178997876 -0.124346371190545
0.318454015992616 -0.0375642811783056 0.415257686403789 -0.090483102068839
0.326871585880641 -0.0963446514337317 0.011401509042016 -0.041297107106689
0.293817502121548 -0.203206655509846 0.0655243010465218 0.259736159976055
0.21666920235525 -0.292720415736857 0.242628711325607 0.109293196320368
0.0210816206619243 -0.372735083386662 0.14885085090355 0.00595866302916196
-0.129803122458128 -0.294933035672606 0.0684380740954912 0.0438569791148562
-0.226504137018842 -0.233614682176483 0.0613582045099067 0.137544625430016
-0.251439268932005 -0.165281259836857 0.102394814673081 0.169226220019298
-0.252771954597961 -0.159701465530987 0.132999188691194 0.196493382495618
-0.174081851328601 -0.182634674775745 0.0599210338981936 0.183043833854024
-0.101918183415937 -0.241869502324368 -0.0514856904893458 0.149117188453868
0.071774433686314 -0.259188464876109 -0.0786776414751557 0.0478326112484318
0.170272227409958 -0.192593916458087 -0.0812482027675887 -0.0267208796585556
0.208397310080247 -0.0656730132480808 0.0126536697923321 -0.20605837876661
0.235453587723062 -0.05903439485922 0.16715167699489 -0.131558565706673
0.473113812052229 -0.0163995795949838 0.263222665868752 -0.0653544203618646
0.48468131936212 -0.153525509007629 -0.101577027361532 -0.00967798882239358
0.371068288385517 -0.326999734162542 0.0294165974906703 0.285427706512703
0.204226582734477 -0.383628373099336 0.249097288285509 0.0886201483167309
0.00678131719689916 -0.415033920066371 0.145363508804051 -0.0855297262204514
-0.12457484520685 -0.337907871914214 0.00920553854923693 -0.0739337579045601
-0.233096462701239 -0.291475859414301 -0.0399555089881882 0.0405459423028066
-0.280195754208509 -0.212870947112157 0.000819785031604953 0.0988844368609892
-0.287668735175941 -0.211989619906381 0.0501441048296189 0.134380557506584
-0.201031776860039 -0.237767164329745 -0.000846384448424545 0.133261185251113
-0.139852612696195 -0.297816123091417 -0.0801125754242464 0.122763506219396
0.0283562391205544 -0.347432463996072 -0.107011529860046 0.0426911162859054
0.172214438088334 -0.334464115267218 -0.114057853325923 -0.0199135702941412
0.308828029228944 -0.183734386092085 -0.0258290173185591 -0.191940084159536
0.393256742656763 -0.0907754616277577 0.0857530524148509 -0.117749740950541
0.540226138116944 0.00977014532930569 0.0913485731115569 -0.041147434975883
0.541646264131725 -0.181575304898283 -0.196179641673136 0.0478349444475556
0.360046604667062 -0.373256295166702 0.0231919450226145 0.286068041684186
0.139804438790093 -0.380833300334549 0.245956271801606 0.0450506972264419
-0.0117485392891145 -0.361330884501285 0.131008296512068 -0.178476172602238
-0.0977377849294636 -0.309578894595799 -0.0487564283504391 -0.189031597244968
-0.200236581170579 -0.294697188316951 -0.134130736610964 -0.0655343622598809
-0.263126566641489 -0.22930728653003 -0.10254620108109 0.0122897027921834
-0.279281880426462 -0.238503988206976 -0.046940689711651 0.054923059972587
-0.199061968403357 -0.268270185775801 -0.0793816564198864 0.0677702763169345
-0.153544680858058 -0.323621873748221 -0.125033775023975 0.0788812742067618
-0.00876752492837232 -0.398636733114816 -0.148065262465027 0.0268116307681174
0.157494517340251 -0.436242454424465 -0.151311517794924 -0.0215475044255381
0.374255390837739 -0.279614651819938 -0.0707252874264889 -0.156665893997805
0.505467827818951 -0.109348815472133 -0.0316959426182016 -0.0797722486736064
0.520702416096015 0.0227303384549336 -0.0659770886140526 -0.0165169907022038
0.494373102482394 -0.192701622589037 -0.250404169387601 0.11162562792026
0.260808103822527 -0.346288915522045 0.0394048821237667 0.260079455609439
0.0484550326671894 -0.285314815693171 0.227873911105425 -0.00176630489510757
-0.0187250320975149 -0.233983246681545 0.104389264051412 -0.241235431503953
-0.0493379173382337 -0.227637658606226 -0.0951169494941742 -0.270468424016217
-0.135491356822468 -0.250296693741531 -0.205480571437055 -0.158112006707468
-0.204554935213752 -0.209448693200915 -0.190127974185547 -0.0764941958016272
-0.221377022732656 -0.231274274847446 -0.140338545665945 -0.0333527315379644
-0.154390927547145 -0.257519783776318 -0.156251927012139 -0.0118067263270136
-0.128932051968177 -0.295424619209539 -0.170739461197903 0.0179735244203913
-0.0298315176307108 -0.382702960265072 -0.189958524831478 -0.00318425436798168
0.136397282000964 -0.462380156842213 -0.18259611834984 -0.0382498814561901
0.401366765925289 -0.317714267420255 -0.111685079368098 -0.110660810729979
0.541636445550103 -0.0963395121882127 -0.17155022831505 -0.0244342927099467
0.429331571804925 0.0181453245046909 -0.185543995249387 0.0107361055290057
0.371832777281459 -0.194373189557302 -0.255281995630881 0.165253075169765
0.117987993874395 -0.27161663104537 0.0628266733918705 0.210571207686535
-0.0379398040278386 -0.148397907867257 0.192828411500378 -0.0361703604501373
-0.00985162158874291 -0.08620863551072 0.0754934496126433 -0.259834281025389
0.00781043799788909 -0.123184643136661 -0.121703257872686 -0.306019303717366
-0.051593107186699 -0.17346150020114 -0.24500356120199 -0.223453614411678
-0.112613528864733 -0.158118563887531 -0.247445026615963 -0.15312450370371
-0.123024663080465 -0.18415184204872 -0.208888608668551 -0.115418836349643
-0.0767819349907508 -0.193126360761117 -0.205821014113058 -0.0895855411729374
-0.0783414582216144 -0.203226165635539 -0.196386537341313 -0.0464339752151228
-0.0425879794557114 -0.291353158490778 -0.219331520100259 -0.0437634049083548
0.103432547843212 -0.406988635943188 -0.200838666028392 -0.0732599745485844
0.374828525873858 -0.280704369312016 -0.140258036026821 -0.0683704536749267
0.490447097370309 -0.0495680974088172 -0.311209833501758 0.0286209184171012
0.283035396378135 0.00223463368027301 -0.254006351645887 0.0480819923887105
0.211804764303669 -0.181678251115227 -0.223355692392554 0.204664891734648
-0.0185971713851598 -0.174964174878017 0.0816261846400015 0.153467380949636
-0.0913955616783677 -0.0185470339277031 0.150976239340267 -0.0535342507682972
0.0101459661138957 0.0371831899720354 0.0538493056001621 -0.246397245833854
0.0612505592229629 -0.0248177259951087 -0.125805704281372 -0.30681136014772
0.0358938971196803 -0.0823852338739427 -0.252343580640223 -0.25951863286376
-0.00315858803347867 -0.0830204123914465 -0.268626142599039 -0.204150810031489
-0.00410398572640455 -0.0946255314339276 -0.237087861918499 -0.177333271420029
0.00649125370955282 -0.0776235378749257 -0.215993638683943 -0.143725807729135
-0.0345776874312706 -0.0612726662984194 -0.196274176856509 -0.0899481992745219
-0.0687541144696031 -0.152470452549595 -0.235473599819676 -0.0799588098233584
0.0463565552509183 -0.283972509939821 -0.203392901509941 -0.122320900030939
0.285609277590641 -0.187602955038477 -0.148723326954125 -0.0421663571670256
0.350140928207818 0.0138774987258631 -0.424514661500786 0.0654432959817452
-0.136282279755633 0.00565071849658899 0.533795936121545 -0.129931116128707
-0.0870260359895418 0.126031725193697 0.192895338731161 -0.0258828101280447
0.0453794800039926 0.135761771973681 0.190413987176101 0.158525806703387
0.136129598321907 -0.000663114636032414 0.233493323885276 0.072476452064394
0.0211399798445287 -0.107164245940201 0.158617720217777 0.0900884912865439
-0.0722531577039571 -0.0497787522969786 0.17428769476597 0.163779990835504
-0.0991182014594755 -0.00132555314667735 0.228092309561632 0.209025108953657
-0.0954295589023889 -0.000308221676144338 0.251362196739141 0.216240192351366
-0.11064832582409 -0.00219366492454482 0.244353083146305 0.246255184991152
-0.105511346480643 -0.0355766268271385 0.136703509497372 0.239742489530088
-0.0404905630608059 -0.109629098103724 -0.0328048934487226 0.199856478145471
0.103733256830761 -0.0838508379427613 -0.0834306021261001 0.0646551064660347
0.0903609259513834 0.0646440589518271 -0.0728991826559338 -0.0637593292230349
-0.0453773076380249 0.101512247294233 0.0534074164421753 -0.207880104037223
-0.130038864011545 -0.0225509275441644 0.200618472150952 -0.11256561981167
0.0998608558636593 -0.0377359141805902 0.506619341396325 -0.128066635289712
0.115581442279981 -0.00538621340981628 0.111588802178027 -0.0445092389612128
0.165773879897018 -0.0434758578787265 0.134464325960169 0.214269445764463
0.181216436467066 -0.158885269159139 0.24097277306962 0.0945523603268075
0.0117306934900671 -0.259942968300185 0.151066216363714 0.0639600342573908
-0.1191300989158 -0.186926245006828 0.125948146547683 0.127042239215777
-0.185008514527428 -0.122106932120384 0.161590971901046 0.195060846204035
-0.191075033285963 -0.0823090624142229 0.195087387105545 0.206969525638488
-0.193593781610384 -0.07962197378022 0.204066138320125 0.228294866653256
-0.142510206911401 -0.108326658981026 0.108815704844175 0.213201547001728
-0.0726419535212521 -0.174898163643165 -0.0340506149014873 0.173620868943737
0.0930777459267023 -0.172730744128034 -0.0708699273464456 0.0528430681208034
0.141563905196091 -0.0571732097696415 -0.0657115862871669 -0.0411349947095116
0.0889666989122832 0.0329629011390831 0.0321746889965083 -0.206531830703902
0.0528096212501193 -0.0349224992565001 0.201465499588028 -0.130845622249199
0.316376936887851 -0.0502324845704806 0.406477527377042 -0.107723040555807
0.321423003368181 -0.110413170278616 0.0050711058547403 -0.0382440795274078
0.283678223814433 -0.214772538488649 0.0803491126031926 0.258295732494304
0.206734979245644 -0.302348404045012 0.248678075934167 0.0957029393714205
0.00369745366157484 -0.373890133768865 0.149040786885254 -0.00129580003524803
-0.141473275906346 -0.291461461009849 0.0669938690921868 0.0403590037890885
-0.236047221101321 -0.222097229533309 0.0688319711157567 0.134870712028935
-0.259047176744263 -0.150526529227447 0.108844273330984 0.165588768559636
-0.259252533207079 -0.145172977663201 0.141444047441106 0.189046644787696
-0.180121237727494 -0.173945776902933 0.0666059465044652 0.179377646074371
-0.112662644823464 -0.235678898828067 -0.0456264796925942 0.152316256675938
0.0601776552941688 -0.263586417614939 -0.0789668050168888 0.0496732727070798
0.162129513420125 -0.197638042208345 -0.0795613821442376 -0.025208509133029
0.207444133898714 -0.0729674717987571 0.00166337920186047 -0.203467565181477
0.232039410149716 -0.0664750905290538 0.162258097750124 -0.137539126714873
0.471302273001816 -0.0363051214659382 0.25734909665846 -0.076719938952385
0.476263982645979 -0.174031860064641 -0.106531284670534 -0.00214721906881533
0.354963492834768 -0.342115614428057 0.0447249584292292 0.286297995719975
0.190032159756834 -0.391988796922001 0.253632710791004 0.073507911632174
-0.0117606628290198 -0.413350740907187 0.141701766808988 -0.093187433972079
-0.137956301551842 -0.336321171181488 0.0016510713456713 -0.0741722280341879
-0.2459115999799 -0.280886760794419 -0.0362680735997155 0.0442736026519795
-0.288377722879415 -0.198817369130512 0.00462998913566763 0.0996705106499092
-0.295576089661155 -0.197666378555368 0.054822897140594 0.130765809003466
-0.2093263486356 -0.229489395314607 0.00424526227277563 0.132527242015146
-0.152347374248791 -0.289973082945593 -0.0750064635106935 0.126595477163262
0.0146217086889522 -0.34869466798272 -0.107156994382207 0.0456133493731706
0.158485645508871 -0.337985462303152 -0.110590539586282 -0.0173416216409989
0.301776286865668 -0.195524854937617 -0.0347456459043677 -0.188725254396165
0.390264267560972 -0.105488727052555 0.0830269562338867 -0.122001497391426
0.540538897773747 -0.0130699712370099 0.0876903562875472 -0.046144815736681
0.530994584563383 -0.204942993423117 -0.198535771317652 0.0589727375597156
0.340375734999419 -0.388153182336359 0.0391369633613024 0.286963706695233
0.126816655128883 -0.385510471352769 0.249859733090201 0.0306724012140068
-0.0262696820438536 -0.358055738752348 0.122342672181921 -0.186223317609764
-0.108465143378594 -0.308655462394802 -0.0607619795494607 -0.186216354757956
-0.213544119943512 -0.286908653415316 -0.135090416880674 -0.0567616093847353
-0.274163016447581 -0.215081013087006 -0.101804883556342 0.0184394285437497
-0.288406254196237 -0.225697895342282 -0.0457077786775444 0.0555901320040921
-0.208393961803214 -0.260995411026914 -0.0768807281828654 0.0702023451572388
-0.166831476949191 -0.315261209897084 -0.121501290146714 0.0844114059790934
-0.0257376275716479 -0.39869173829112 -0.148877830245821 0.0324317685243733
0.136783156203306 -0.439998536838754 -0.148238193505113 -0.0167854969967302
0.36262672055508 -0.293911403903735 -0.0769756594693017 -0.153106399873255
0.50051910971574 -0.129481664065946 -0.0325602577945763 -0.0798488660578334
0.52362149922448 0.000371931391251528 -0.0682374316236041 -0.016121610686014
0.483469201037555 -0.21466096525343 -0.24742245794194 0.125410871867098
0.24351120987848 -0.354648995114911 0.0547784499589504 0.259051647816013
0.0387379922943644 -0.28483360972062 0.230203709579512 -0.0138295883268449
-0.0264290604537986 -0.231013210027542 0.0932619982306956 -0.248072202981543
-0.0562929278276262 -0.22836247281464 -0.110662211061163 -0.265218735766469
-0.146098109703198 -0.24610736167243 -0.210165324725537 -0.145414322878815
-0.213691960702559 -0.200097350606919 -0.192124537779654 -0.0669808537365431
-0.230633293332261 -0.222905648156498 -0.142285412626809 -0.0282001844006262
-0.163902494004274 -0.253344486844128 -0.156986071243795 -0.00497104618471451
-0.13979677489887 -0.288562397593746 -0.169437043595648 0.025184213369453
-0.0452606559668885 -0.380751184695733 -0.190598346921109 0.00444972964452133
0.115039907403536 -0.465411783980321 -0.180662919437962 -0.0320616326924575
0.386764536181557 -0.334238804856279 -0.115430492584898 -0.106784716871462
0.537750715954323 -0.120110564021724 -0.169889346547642 -0.0197650983332794
0.430816632726153 -0.00160960416078668 -0.18606039628203 0.0158940925190876
0.359416442468947 -0.211667968254949 -0.248186673467543 0.179892214115615
0.102508262796203 -0.274214430271679 0.0750070986678609 0.208627924447643
-0.0415739299275797 -0.143369789629023 0.193712727861715 -0.045730263812192
-0.0107386744908053 -0.0843075140175966 0.0631456918177325 -0.265006055144991
0.00518343510096424 -0.126796347842231 -0.137249823670986 -0.299904005348358
-0.0595606220236977 -0.173790513653479 -0.251779599533034 -0.209505456849035
-0.119198795918551 -0.154630304622682 -0.252887259533427 -0.141316316406997
-0.129867720050802 -0.181031640523532 -0.214850870028638 -0.108248168294329
-0.0836293306872458 -0.193272840344213 -0.210507954192221 -0.080577119262391
-0.0845530406216506 -0.199560321255679 -0.198577785382068 -0.0385125908474998
-0.0542983469125255 -0.287735057205026 -0.220516494305984 -0.0337497898636833
0.0844945123166014 -0.407484700681719 -0.200794026137583 -0.0661710158796798
0.362574457133509 -0.296276307303927 -0.141682959674243 -0.0649981896078531
0.489937318909733 -0.0724792243848484 -0.306719684237348 0.0397328536244815
0.284440826025702 -0.011637380473266 -0.253291247408703 0.0558050188462783
0.200399162215265 -0.192793711441879 -0.213778045760876 0.216720628218205
-0.028103132167729 -0.171718733888304 0.0901766242160343 0.15081544091663
-0.0904499842114489 -0.0119384145692657 0.150377540310482 -0.0596104475290581
0.0137293480256636 0.0366699098199463 0.042232772018542 -0.249297211417811
0.0618596394813304 -0.0304347730864021 -0.141007181763993 -0.29970592698408
0.0318778039376809 -0.0862396256146218 -0.260729242424393 -0.244785968937427
-0.00705568588059388 -0.0849886177134006 -0.27471499186485 -0.192270854761257
-0.00741217600258648 -0.0977412344432476 -0.244632444914251 -0.168201979047836
0.00523651374478822 -0.0805005846614126 -0.221886748501771 -0.134257299414905
-0.0345473098067019 -0.0597311154147206 -0.199606476044768 -0.0824751847839781
-0.0745110566668399 -0.147625687486462 -0.237975674221586 -0.0687579868507256
0.0324494955645617 -0.282884055265104 -0.20650917712484 -0.11455303893476
0.276940347395787 -0.20110676377405 -0.148726014147098 -0.0395547013496426
0.352691319073565 -0.00289231738326394 -0.417580816683041 0.0812464656960261
-0.134793577236971 0.0135977518526876 0.516290567993602 -0.146506758580739
-0.0787538660249762 0.127206001445269 0.18592199532004 -0.0317433003506312
0.0518110899319408 0.130496226635038 0.19390492252546 0.148656030622593
0.133652324548369 -0.00842063837593491 0.23035647805734 0.0615035208456503
0.0144505976930371 -0.106516174115616 0.158073439162535 0.0825170849090299
-0.0726796577868486 -0.0458358132220639 0.176374468084028 0.153842955201389
-0.0948087307747506 0.00486148701017526 0.230782011705189 0.195348595659056
-0.093181343330882 0.00622888112565369 0.252453541901391 0.202523656046801
-0.107783741640127 0.00524925569334203 0.249298607948949 0.229770987154559
-0.10421900547996 -0.0273446985659342 0.142328559349147 0.228990698437887
-0.0471577318193269 -0.104054204411154 -0.0245846345935665 0.198997589580775
0.0968992869832781 -0.0890708724838942 -0.0815595922689299 0.0651249683248848
0.0931031009517408 0.0607465481519386 -0.0746011384521021 -0.0613896408488607
-0.0376005220413736 0.10182781744967 0.0420296785645691 -0.202636207133851
-0.129536299877731 -0.0136531772455157 0.193465454221209 -0.11399977751655
0.0958135570153273 -0.0382363118550549 0.489765562356065 -0.143403496852077
0.113820038556111 -0.00923382899525632 0.104171380724336 -0.0455065874202271
0.162586811034717 -0.0493170331819866 0.141547994701166 0.205954279616428
0.173613285947501 -0.16526446038336 0.239182773071105 0.0814424260806451
0.000619721277843882 -0.255742712805487 0.150142987819213 0.0563410135828822
-0.12357353556124 -0.180788424551143 0.125687358429712 0.119771041114414
-0.184687952399537 -0.111149056474048 0.166441115014729 0.1836283922909
-0.19016806431035 -0.0702968087449193 0.197206428212326 0.19614697003768
-0.192379795201642 -0.0677734327240562 0.208698797262862 0.214126563611082
-0.14236950942288 -0.0991184624241443 0.113722536062377 0.203856386825847
-0.0798070907716608 -0.165845527217219 -0.0279028569129255 0.173204968930398
0.0834472644206761 -0.174565076927345 -0.0700414139504991 0.0535209402521283
0.137839396718283 -0.0603519113790316 -0.0649563418274213 -0.0392951825806152
0.0904778788587429 0.0295209406584625 0.0216809826263945 -0.200241232478078
0.0492525242344934 -0.0323609957138277 0.193556045304101 -0.133669039851047
0.30767551589578 -0.0583841873719596 0.393014211221199 -0.120465531623675
0.311019913394459 -0.118539053997419 0.000531643970522756 -0.0344871064283501
0.271430586960668 -0.221347814952589 0.0902863956299102 0.251239278635067
0.193817603669815 -0.305670889798 0.247780652312052 0.0809940929862018
-0.0115965005552549 -0.365973631856471 0.145916475088823 -0.00841908116399074
-0.148355979599612 -0.283146603162883 0.0636465398965591 0.0380107974614027
-0.239298410374464 -0.208241829202655 0.0729264961631772 0.12934988149528
-0.26010081158125 -0.135771244741189 0.111731431828822 0.159551952369651
-0.258695716201055 -0.130890115530171 0.144259249375419 0.179209418846238
-0.181799486847348 -0.16385828989204 0.0710968956248138 0.172286667624105
-0.119863642910178 -0.224252416784215 -0.0396462170135943 0.152380012195355
0.048988162524185 -0.262378860913898 -0.0781680836569411 0.0499241733543015
0.152656007147698 -0.197576255742949 -0.0770032930221385 -0.0240544094389431
0.20215417885879 -0.0780707855175576 -0.00587370177956463 -0.197330707159037
0.225069664358753 -0.0701427161831416 0.156206218477872 -0.140767987993847
0.46100773738486 -0.051178180388443 0.247968614397702 -0.0861620208350133
0.458725205704282 -0.18806505235094 -0.108244484098724 0.00594739367007961
0.335117734204058 -0.34736380908397 0.0569843702938255 0.279164700778252
0.175162788403065 -0.39169353514142 0.253871729274271 0.0577777660593999
-0.0283961996977154 -0.403628925587442 0.134919698119745 -0.0987203833130164
-0.14711272114084 -0.327595007215485 -0.00473774299613958 -0.0717914233688199
-0.251696933580149 -0.266696793892246 -0.0326813656660805 0.0450313450285693
-0.290753224988188 -0.18127844869827 0.00759485843093852 0.0993197269091012
-0.297056340412546 -0.180445177712233 0.0576922096895204 0.124963363254468
-0.211800793372828 -0.217857781618736 0.00846692794492082 0.129555519808372
-0.159727075484569 -0.276288102209567 -0.0695197080428505 0.127405236383917
0.00104529257272985 -0.343493109410237 -0.106181124994934 0.0477879908412985
0.142984089831338 -0.333619805696839 -0.106340030271886 -0.0148996352213629
0.289260448032183 -0.201633063423751 -0.0417126802251294 -0.182954285062077
0.378497093898118 -0.11425298381255 0.0784041250885995 -0.123178321704226
0.530997180489073 -0.0323066677183958 0.0827091353827677 -0.0499867883235638
0.510605140479654 -0.221267699316106 -0.19507350081299 0.0697456631623758
0.316399699505557 -0.39100975011173 0.0520556207969145 0.281568327350519
0.113901237141621 -0.380263963785295 0.248152554727896 0.0164596717740881
-0.0378770088534046 -0.348405987568001 0.112380071680365 -0.189372094146656
-0.11582067073796 -0.302341565861014 -0.0711812782419997 -0.179452824721571
-0.219697913963612 -0.274732680537527 -0.132364849510877 -0.0492362994307077
-0.276301937739436 -0.200544325357916 -0.098828482258223 0.0225902289303724
-0.29090770822145 -0.210033962337916 -0.0438962939871356 0.0556123693451018
-0.212747166424747 -0.250920388585707 -0.0738153692870806 0.0718066744917975
-0.173347966018974 -0.301843488536254 -0.116861602538492 0.0870382528493437
-0.0379735663201404 -0.390475247153194 -0.146286514417994 0.0363362290216066
0.119469848079572 -0.43366564701365 -0.141888635229621 -0.0134269793563458
0.346043168741219 -0.300356731603155 -0.080568792108084 -0.148169879980338
0.486558201684674 -0.145583684558445 -0.0333568380434283 -0.0792683110512089
0.515010786163658 -0.0201351946923418 -0.0694593139961728 -0.0154663277222804
0.461889261058671 -0.227732887770394 -0.239112729816474 0.136403449828419
0.221476088787674 -0.354140519477232 0.0673830330273704 0.253538309642259
0.0298979615350005 -0.277959073387781 0.227328336643569 -0.0253405183938171
-0.0323604835536191 -0.22310545701174 0.0817911682345389 -0.24803531663536
-0.0617627846490883 -0.225496218551808 -0.121632707528903 -0.255281043948448
-0.152649951824059 -0.238149295270756 -0.209135146086331 -0.133182033381293
-0.216656751173356 -0.188160026808983 -0.189811471678791 -0.0569583070093525
-0.234728165415939 -0.21097992081633 -0.14165212286589 -0.0227325386687334
-0.169467010350809 -0.245522414295618 -0.155188532173996 0.00101959084167629
-0.145831361517587 -0.277460477100735 -0.165687925817376 0.03032117687693
-0.0564113391479712 -0.370589440677233 -0.187516931652515 0.0109348361893671
0.0943330754148832 -0.457497934358559 -0.174806510557582 -0.0269877381146448
0.36724890850342 -0.339539527461743 -0.116480742675339 -0.102450171133146
0.52489458392185 -0.138479696814493 -0.165180279237489 -0.0150462572855577
0.424564117003657 -0.0185299683918168 -0.182809610932654 0.01945101057356
0.341602172650607 -0.222290672905445 -0.236322420123554 0.187978297319633
0.0875616981760137 -0.26989152090782 0.0844526023622075 0.202941351195298
-0.0440890262253798 -0.136347822138169 0.189808692846503 -0.0535499294795381
-0.0116366477688252 -0.0807281108793614 0.0515610502075983 -0.262687876065041
0.00272017083642549 -0.128158148261321 -0.149756084088414 -0.28767605485163
-0.065707043387066 -0.170684382068594 -0.252824033196853 -0.194229964936524
-0.122622447752711 -0.148128178361466 -0.251347944719826 -0.128881270719987
-0.133353877299566 -0.174815956621393 -0.215813082224474 -0.0994275405011888
-0.0881557872596413 -0.189891475079291 -0.210203100135212 -0.0712520627034473
-0.0884642128782882 -0.192489150304907 -0.195807794791118 -0.0310709584425797
-0.0626470716970974 -0.279296262090668 -0.21682763838653 -0.0253599476343314
0.0664576216628479 -0.399274175516356 -0.196771168092387 -0.0591299922231001
0.34344144413225 -0.30456745836072 -0.140425802293476 -0.061522111107454
0.477946198773622 -0.0905381294342954 -0.297545657394716 0.0484969001172131
0.280390041269553 -0.0231056688349299 -0.246755693306339 0.0612358915120721
0.186784275351828 -0.197257060845298 -0.199885044333788 0.222246544895795
-0.0367512774847322 -0.164592140287582 0.0961304163491678 0.144780676233317
-0.0874812937560077 -0.00586472216796971 0.146067455425947 -0.0642970606997405
0.0167834587299495 0.0362490012191047 0.0318880785837029 -0.245595835076129
0.0616892898755523 -0.035519001709508 -0.151644800991301 -0.287660231219274
0.0274415760239279 -0.0884360488783949 -0.261648758318844 -0.227946286240222
-0.0100213832694367 -0.0853562891491879 -0.274370211365942 -0.178599198313386
-0.0104755165916 -0.0988988626251682 -0.246441033055068 -0.157320670799695
0.00316436207879382 -0.0825935572577821 -0.222901359858874 -0.123903282900942
-0.0332944910460779 -0.0573545139263565 -0.198466428670255 -0.0735221942147967
-0.0781478646746807 -0.139165029822127 -0.23406381566755 -0.0577426747865894
0.0194841891282324 -0.275837795704065 -0.205493152977876 -0.105655450956287
0.262972510297439 -0.209137479726429 -0.146454987166328 -0.0368976339267303
0.347818672433703 -0.0175883379411432 -0.405673607820671 0.0914807782507935
-0.121191492832576 0.0559085501669349 0.433579872665603 -0.301253380091204
-0.0274649314372858 0.14356476194091 0.158520387109016 -0.0929866229868232
0.0950226681467883 0.100556006806023 0.220548932287464 0.0776647812544578
0.120169279004434 -0.0569052209962093 0.23222651625466 -0.00750389668025999
-0.0212397123618788 -0.101571409078647 0.175501861094623 0.0304776915940803
-0.0784863720082738 -0.0165522151387595 0.214170540926801 0.0836362148972377
-0.08338072459709 0.0370929859236176 0.278988349877288 0.102687113789957
-0.0803154688894348 0.0377919896582735 0.297586066438853 0.102731726287588
-0.0953972590561786 0.0417179728142816 0.299668607418741 0.130276929691932
-0.101597881299457 0.00905554534374801 0.202439071021893 0.165571144506777
-0.0785597540004877 -0.0776394576588006 0.043462062327373 0.192645710614891
0.0593756231803399 -0.114058186356486 -0.0597197022269477 0.0866223725568426
0.10668615717039 0.0265528536772954 -0.0903263990474294 -0.0367359249672123
-0.000770978351008833 0.10789049636423 -0.021075482826009 -0.196543136503669
-0.126301294561769 0.0312512115625311 0.147690991056552 -0.154564242632805
0.0790195857683203 -0.0712053604078088 0.406159676198394 -0.283365991727594
0.104780774914493 -0.047891490698918 0.0787911197195117 -0.0665312921772922
0.136679663718309 -0.101292958039526 0.19823807958732 0.157842556547477
0.103755599151583 -0.214855838658559 0.253722771063328 0.0118255695062656
-0.081743589313979 -0.234931963340068 0.166244627648511 0.00961885337611484
-0.168668800716209 -0.126140897130578 0.161072991599537 0.0699693720972921
-0.206735104054742 -0.0426282818005304 0.220042139238343 0.116150569452897
-0.19276592430684 -0.00233851288872784 0.247115026702889 0.114332780128408
-0.195373535881279 0.00133114446167192 0.25862978339009 0.12840128668871
-0.160534646298743 -0.046171624081244 0.169599800569665 0.152695964103265
-0.126217072945991 -0.124383393199077 0.0336520215783173 0.170618469056324
0.0211594993736502 -0.188436230850458 -0.0515931842793911 0.0740913546625445
0.110556524185899 -0.0977976183561535 -0.0757250460861262 -0.0180782942122924
0.095300927153445 0.000686232493946882 -0.0416174335005294 -0.189814187158088
0.0362954942596911 -0.0399887037922756 0.13856155016206 -0.178037835865965
0.271908872977504 -0.161561486492056 0.319617708392838 -0.224842752285176
0.250467506901831 -0.216289992696876 -0.0161357080300823 -0.0109926623730367
0.179118628601681 -0.295971297623329 0.172008491128999 0.225626188724432
0.0751047097384755 -0.350796834861261 0.268590563480615 0.0113285842394801
-0.127208401480132 -0.332771852915067 0.145653650547099 -0.0488092567582163
-0.225086702048323 -0.213711565051469 0.0800835242328724 0.0150534533230408
-0.290641606221626 -0.117002429839089 0.119870424125554 0.0993280564524546
-0.276280622704523 -0.0409077196910647 0.158679762997427 0.107453970389039
-0.276830144278222 -0.0365214136789385 0.189757291863299 0.115986075644216
-0.216537731979037 -0.094317426304416 0.122419824364897 0.13759311401214
-0.180595153965098 -0.165472106379842 0.0169488310249347 0.154991155522928
-0.0370193485350354 -0.257860230202528 -0.0586060727522841 0.0753273820520403
0.0813805068129081 -0.227909662237066 -0.0826058757586418 0.00077777378314962
0.164491474462723 -0.134003972726771 -0.0687346781630595 -0.18048002208462
0.190170719963253 -0.128905539702839 0.0970928161977657 -0.178008727580374
0.419096338984325 -0.205625226006304 0.19190216631421 -0.141736547617277
0.36250642795362 -0.33015605980851 -0.105443006819509 0.0687959575089357
0.194959807453181 -0.432060174465745 0.157209019174629 0.268270444587744
0.0293408039437609 -0.421653437584156 0.273507437373022 -0.013531996111021
-0.152405011942299 -0.362025136365227 0.109916372792495 -0.130712770470003
-0.23860308759844 -0.258066616278582 -0.0178327095024619 -0.0631470482437668
-0.323070523341813 -0.168744293367703 -0.00384444137339627 0.0580591348825087
-0.319570432163467 -0.0734264745006565 0.0459306887582899 0.0858538499761856
-0.3280569295775 -0.0712778671140579 0.0938060314621442 0.0945008126069961
-0.262110918704877 -0.136488993791767 0.052382012713696 0.118498228032412
-0.233018403781767 -0.20141780587727 -0.0169112456351133 0.141587651808281
-0.10539652700135 -0.319160117316078 -0.083377501680752 0.0826940545376201
0.0303111215450098 -0.349036293853085 -0.106097765478055 0.0201340959521964
0.205775120873667 -0.274848174696459 -0.0991027149732583 -0.157799316277906
0.320653173372788 -0.219556818227567 0.0267979204248795 -0.144059682321776
0.491676933768611 -0.211469788874263 0.0475135166396977 -0.0560053149824826
0.399281940824607 -0.37731614899932 -0.16602566107332 0.157893152777735
0.16399891322511 -0.466085595576349 0.156256676452982 0.270510973492382
-0.0230127327256883 -0.389194607833464 0.256277146680003 -0.0534679331694908
-0.143744521688793 -0.309312318242806 0.0592831875867006 -0.208848681324004
-0.202483930840805 -0.246487538267647 -0.114863460340848 -0.140941647033973
-0.29714625782741 -0.187851977750826 -0.126900792424459 0.00515749894671514
-0.312598633069593 -0.0958250539866668 -0.0754850278841054 0.0506582905541469
-0.331386374249704 -0.101375122617781 -0.0202646258755211 0.0618810664912031
-0.274260290419461 -0.166501320680285 -0.0398451300775152 0.0913483990614964
-0.253026876646699 -0.221581793318916 -0.0718577256212663 0.119324435761657
-0.156176303018364 -0.349834853066229 -0.122034927205914 0.0854269509369378
-0.0220677113910997 -0.431943085427553 -0.138967401305458 0.0346849731538992
0.225974887438083 -0.385368614642277 -0.127739877857617 -0.114926614209369
0.413021135830674 -0.280675697137601 -0.0653639615271656 -0.0739902049663467
0.480535074283982 -0.193002852755304 -0.0836718414003944 0.0220569178225819
0.350417933942352 -0.368864764692126 -0.183120856717673 0.230670571215715
0.0859300258909636 -0.398904403688374 0.160234330670931 0.234027856874808
-0.064471413941735 -0.264805231346169 0.21957397041154 -0.0914776717119902
-0.0981718828881733 -0.196665447259947 0.00685244950267843 -0.255121431100142
-0.128821218452993 -0.195250762147772 -0.188695475591222 -0.193325629755316
-0.223491847040155 -0.176924273012528 -0.227046788635258 -0.0474514269456799
-0.256244241440774 -0.105031781815715 -0.185757169456484 0.00729581028027901
-0.281372751812336 -0.120849471315692 -0.135400752449626 0.0215635599390318
-0.232827782490169 -0.175740076688486 -0.137670384713552 0.0520739375222316
-0.219629860032289 -0.209509738213018 -0.135409842920941 0.0826985019038943
-0.166818090265949 -0.325205347301723 -0.16607709521203 0.073843688616555
-0.0532303239399097 -0.446286001235185 -0.173462838533805 0.0334509469726947
0.232346748167668 -0.428946534047183 -0.147608718316289 -0.0629271134074852
0.450658280615764 -0.288646628986536 -0.168212878814801 0.0208729263925081
0.395543300515517 -0.161011187856996 -0.175584160531718 0.0878044079438592
0.24124030614001 -0.320636671469032 -0.159848127268378 0.27117020496313
-0.00904930986640873 -0.275417461685976 0.159034411624298 0.170777011719415
-0.0841551277532714 -0.108390255839153 0.16867645126024 -0.111397095694466
-0.0330282756668275 -0.0726275150437511 -0.0314917544144042 -0.259909171199856
-0.0396913605034813 -0.126204085558692 -0.22756422163908 -0.21369661825582
-0.120282710809602 -0.143049468569948 -0.290389573288267 -0.0908422924029376
-0.159350661012576 -0.0988043572649588 -0.26691700763648 -0.0381625959243899
-0.178880638468908 -0.120784869559014 -0.227646064123315 -0.024734553786267
-0.140868932506248 -0.150167997411073 -0.212078386560177 0.00200075832405584
-0.139181066682363 -0.150545676264899 -0.184500736585626 0.0347571904338992
-0.142188857122726 -0.238221043913431 -0.203875890860534 0.0473620907606621
-0.0606879481566323 -0.384403695110044 -0.202911649374052 0.0105278539299741
0.221443805521725 -0.389795365737074 -0.15708023157093 -0.0190854842140021
0.423000459615195 -0.231661558590362 -0.268990536456836 0.117023565992377
0.256942662935571 -0.116152753361602 -0.21812256239384 0.141398671440638
0.104530480203282 -0.245698630564406 -0.110907785933158 0.283369813392341
-0.0886770431238512 -0.13667342076026 0.146895713327769 0.104003469191158
-0.0796232429718555 0.0254479399296446 0.118940998116918 -0.111592866239795
0.029507306172113 0.0254077773875297 -0.0491820418819298 -0.237697213510469
0.0437672226393514 -0.0584359731610706 -0.23208931458867 -0.212744509556107
-0.00721401617483024 -0.0962520911553873 -0.313636500431053 -0.121445802531018
-0.037613416481427 -0.0776058967649151 -0.306327112994074 -0.0759509143671118
-0.0418343744727614 -0.0910775850217332 -0.275861526527128 -0.0682627438069157
-0.0227107466116373 -0.0795366812950239 -0.242487275056665 -0.0433558484303929
-0.0462594277565786 -0.0435996757059785 -0.203710477477261 -0.00493456126836029
-0.114010064809184 -0.10239182528168 -0.228828672414184 0.0203317228769284
-0.0670162614659974 -0.255928323080889 -0.223653748318389 -0.031308901919514
0.176664884069062 -0.276676084747864 -0.152678277926459 0.00456681928932921
0.322705189799897 -0.125398924896965 -0.350218926193122 0.191212110861609
-0.118735200229988 0.059089785765875 0.426818912055663 -0.29976359390535
-0.024808851549329 0.141274978886903 0.154679976015911 -0.0909714224694999
0.0950818004125121 0.0966571022676389 0.219959406820579 0.0758793809750555
0.1165413988696 -0.0603828968249638 0.228422747191518 -0.00941619090778191
-0.0244288183491511 -0.100098908588295 0.172847059913928 0.0298344379192833
-0.0779406009857001 -0.0154880378051273 0.210632393267445 0.0817107299493527
-0.0799850295543999 0.0376365019968004 0.273809700371037 0.100097217498804
-0.0774321548809043 0.040009759616499 0.293314092732007 0.101635254723696
-0.0924783445444653 0.043901074181757 0.294417246086171 0.12468970701337
-0.0991685050957953 0.0117564013941369 0.198946026195078 0.161453982107735
-0.0799009887618643 -0.0729397635056401 0.0449670162130259 0.191684229407242
0.0549363235637557 -0.114642220019148 -0.0608161377024791 0.0863969269910002
0.107964706544683 0.0245177004091682 -0.0917957223597762 -0.0362574562161013
0.00174572022224335 0.106245730465954 -0.0226084053937312 -0.189807432937016
-0.12442257321593 0.0356452636843345 0.147097548967602 -0.151370575649912
0.0777375829661176 -0.068614947891312 0.39643870605869 -0.280730768706064
0.104452734254844 -0.0473617842220842 0.0765543379578808 -0.0638488991513573
0.134914499600092 -0.10220236857463 0.199225578172914 0.154011806028654
0.10057394542012 -0.216274311359586 0.24928978150453 0.00751067269119246
-0.0833069875656542 -0.231604883073146 0.162604788629263 0.0086405122745899
-0.168621841217471 -0.124106033441094 0.15783607697066 0.069477421388501
-0.203283022915275 -0.0404062639514328 0.216391347955723 0.113745707577278
-0.188985736694931 0.00141552722080612 0.244170976578892 0.113713948864274
-0.19127961033159 0.00423659878549127 0.254586093737491 0.124430033790815
-0.157335985353393 -0.0437388799274058 0.167298596093987 0.149025625384963
-0.126024910560866 -0.119247557748704 0.0340283733632068 0.169129406716312
0.0181768363454336 -0.187520289362619 -0.0532937888441863 0.0739893341281229
0.110697096387196 -0.0978720649829791 -0.0763283691031832 -0.0200486273930841
0.0961563979498147 0.000490051868930367 -0.0418542840922289 -0.183798636033562
0.0365274895422853 -0.0362144186613936 0.137462043556589 -0.174940266841406
0.267268940107393 -0.159947575576277 0.313105841723029 -0.222053292777657
0.246622910959037 -0.21335731958995 -0.017038829209553 -0.00735086739056722
0.174357141942681 -0.292254627721102 0.174124049677269 0.222296266753478
0.0724023478367536 -0.349698230221422 0.263964607571938 0.00584979635244576
-0.127199041640357 -0.327271328067107 0.14203236073874 -0.0504306129346902
-0.22518463661821 -0.212652584664453 0.0762570071404373 0.0166333681770132
-0.288132137698164 -0.1132657093279 0.117603403099549 0.0973345434468205
-0.271779005027542 -0.0366852260406133 0.156597719962503 0.107506807158248
-0.272118875234942 -0.0329095450738734 0.186157742948314 0.113110592086077
-0.213135964861719 -0.0930912904097389 0.120581009369405 0.134917132786484
-0.178626947683535 -0.159596461391082 0.0169400045134962 0.153690731455216
-0.0389013107389993 -0.256190220834771 -0.0603979709180635 0.0750685524629656
0.0810614103228215 -0.224659421017759 -0.0812222917779643 -0.0019069491493592
0.163848935419251 -0.132276757003836 -0.0684847077006955 -0.175904210351685
0.188479248657564 -0.126021288025835 0.0962209429380582 -0.176167910422833
0.412599003437773 -0.205515375219666 0.186204087566033 -0.142636803826547
0.356959950679278 -0.325488886358429 -0.105084356208936 0.0720475298820346
0.188693136500432 -0.425941508245154 0.159882676744858 0.264060385441123
0.0284294898007385 -0.418241118315971 0.267558335372476 -0.0193883226882159
-0.151630309590744 -0.356086259227554 0.106019784563719 -0.131605952662749
-0.238028896251551 -0.256426556494272 -0.0212020668443744 -0.0601299262578859
-0.319944472798178 -0.165019830228614 -0.0035588486440752 0.0575649623874923
-0.314971724153214 -0.0697988645488823 0.0461904779968519 0.0865039316277774
-0.322389526800686 -0.0668002113738869 0.0926204877773582 0.0919309008535411
-0.259722599383495 -0.134738510546279 0.0512555036009612 0.116943784715996
-0.228979640745441 -0.195428328645838 -0.0164153224637112 0.140497674525508
-0.105603655425049 -0.315655639443369 -0.0837231609607386 0.082922069681815
0.0293563830208428 -0.342979425499222 -0.103316460449007 0.0164278146079282
0.203622952606431 -0.271036033753287 -0.0983500563358791 -0.154779645935628
0.316294268402361 -0.21682855625238 0.0264196182338272 -0.142944318018692
0.484519348538166 -0.212441090064708 0.043770747815409 -0.0576663232876344
0.39165565024155 -0.374843530395747 -0.163984098509353 0.160296984041108
0.157093033379433 -0.457910559154139 0.159696834827152 0.266824681841182
-0.021871203751812 -0.384271814835552 0.2524809710305 -0.0581654291331502
-0.141256384121129 -0.303862390872937 0.0550514784049632 -0.208718220519541
-0.202019083449947 -0.246209842869117 -0.117409572696097 -0.135501441369953
-0.295661820072085 -0.184200773004486 -0.124699650321199 0.00603744870734593
-0.308328901658145 -0.0917146591191636 -0.0737211569772918 0.0519161165433388
-0.327916612626555 -0.0983464533615752 -0.0207930781287619 0.0621652501824558
-0.271661717746324 -0.165423492257892 -0.0404664579744008 0.0911820693352683
-0.249129859670166 -0.216596959990613 -0.0708391920852827 0.11865672504604
-0.156145736462714 -0.345026599371079 -0.121098710414589 0.0847923433665055
-0.0236541951357665 -0.424880017120325 -0.13550187661542 0.0308527911054518
0.221337751577189 -0.380585316042218 -0.126504206589736 -0.113284619705961
0.407264395662989 -0.279130321980372 -0.0645824726002745 -0.0746019811983331
0.473932773548794 -0.194680780929951 -0.0845302232804165 0.0200190426480015
0.343439075290169 -0.365730004450952 -0.179493640358735 0.231035998724951
0.0813615000088393 -0.390438353097051 0.163688289324281 0.229259854160398
-0.0618272498856652 -0.260046899648298 0.214884531285452 -0.0950796954583046
-0.0941682538145945 -0.193160046356614 0.0032349164915192 -0.253082626677835
-0.128669451800321 -0.195952517588172 -0.189671531756632 -0.187229800939162
-0.223518655341696 -0.175199651568263 -0.223053858452581 -0.0450788452023013
-0.25357336503552 -0.102599568471431 -0.182173520968163 0.00879288384794575
-0.278893832065434 -0.118675613728956 -0.135140199795864 0.0225071937847553
-0.23152729419893 -0.175184662184643 -0.13603082880415 0.0528060858551374
-0.216148939171732 -0.205750285786707 -0.13416751996826 0.082295062635361
-0.165097046514572 -0.320482648680125 -0.163924802574371 0.0738227971287424
-0.0535144132256804 -0.437949753937117 -0.169316723602351 0.0299024749595558
0.227471505715771 -0.423863126161357 -0.146901196779536 -0.0629844075551098
0.443974632693757 -0.288734294731007 -0.165662254830709 0.0193873908437535
0.389415369157325 -0.163899467229364 -0.17522818168629 0.0849147047590315
0.233537542412461 -0.318150322223528 -0.155557760774852 0.269805212111324
-0.0121547135903538 -0.267840436792105 0.159981213282461 0.167254543894939
-0.0801820810021906 -0.104999417318387 0.165878793553494 -0.112964322694901
-0.0289240752918082 -0.0712372173145339 -0.0333776102385988 -0.256948830192998
-0.0400527299290128 -0.128421312238912 -0.227395241043867 -0.207467882601616
-0.12178490010462 -0.142708006302161 -0.284841783676824 -0.0878971535444748
-0.158387033872795 -0.0981459693761668 -0.262704847650952 -0.0367942822588538
-0.178631943853168 -0.12052966407314 -0.2260080483693 -0.022913322983241
-0.140262477725157 -0.151055878883466 -0.209963343414954 0.00390672853581854
-0.136405405297197 -0.148168984996144 -0.182328994837903 0.035211962959865
-0.141318637447942 -0.233324166107171 -0.20000097589019 0.0481857641625316
-0.061448484701249 -0.376534142055294 -0.199113392007228 0.00798648300476822
0.215857334886905 -0.385680714097652 -0.155974859117548 -0.0207898150079608
0.419086796235858 -0.23341591006111 -0.265460597393206 0.114683342964427
0.253392051350174 -0.118432072213751 -0.216387785143198 0.138625029772367
0.0991833320639116 -0.243453893988259 -0.10620046877311 0.280611294524713
-0.0891353859413235 -0.129769193400661 0.147732252713004 0.101820678453041
-0.0759949664892202 0.0281518136534973 0.117813221082599 -0.110689033274979
0.0325742686632808 0.0248932861678856 -0.0504166999072428 -0.234035357505606
0.0428543636025873 -0.0617564113124016 -0.230684393386607 -0.206858248329932
-0.00892241849902364 -0.0974274229194666 -0.307874581697926 -0.118659480125167
-0.0386069727351139 -0.0781645219064559 -0.301550528301396 -0.0754515879607485
-0.0434427038223147 -0.0925431033370888 -0.273513470878105 -0.0657358065447398
-0.0231294242144511 -0.0823284250880839 -0.240639999960759 -0.041070697996837
-0.0440499824946008 -0.0438880939792482 -0.200717454852371 -0.0035526014928123
-0.112268457788333 -0.0986925540682468 -0.224126094387988 0.0213789499153102
-0.0677297389063628 -0.250098672160763 -0.220291179685373 -0.0312546150977616
0.172228812830924 -0.275050078038011 -0.151616066615906 0.0019879712958252
0.319982507021831 -0.128087544246251 -0.345678825755088 0.188600613161342
-0.119688919441181 0.0619883463106792 0.42471402641387 -0.301857252817707
-0.0230213954009342 0.141697605097513 0.154208737690491 -0.0909843596564933
0.0967030571506901 0.0943285981382639 0.224069675836244 0.0751756887418781
0.114614163175326 -0.0641248261052565 0.229015843024694 -0.0116553873979401
-0.0280551686498072 -0.100395513137479 0.173275763199362 0.0301824884286908
-0.07888943324391 -0.0145601984229123 0.212283214116664 0.0821313856801667
-0.0787038479537721 0.0387328267521345 0.274256145595861 0.0996401357609916
-0.0763649996760706 0.0429202854440532 0.295320833739761 0.103059714203857
-0.0915378057461346 0.0472218394207722 0.296348857607478 0.121687903534842
-0.0980779273838342 0.0150593638980427 0.20021278519027 0.160375759625119
-0.0819177922496711 -0.0700552217352075 0.0471513086644675 0.194062420646325
0.0520188742510548 -0.117302932664916 -0.0635033806143281 0.088989073344621
0.111432670979965 0.0225775539527503 -0.0945156455701006 -0.036127016582075
0.00449285770553945 0.106677904046798 -0.0236041850901281 -0.187638138956574
-0.123957421727909 0.0403946705038917 0.149256775751107 -0.15146675164024
0.0780487764024406 -0.0683651054015994 0.396120298261517 -0.283669621998289
0.10601796219279 -0.0471481427508559 0.0761992209277603 -0.0616310344446693
0.135340766369129 -0.103822542487569 0.204213595052109 0.154555404402704
0.0989335148785877 -0.221003425994706 0.24962778783115 0.00387628946613876
-0.087014911019716 -0.232736624691359 0.162511836100794 0.00768567439860619
-0.17165955026065 -0.125008834245213 0.157597487454539 0.0708494659825919
-0.204482444926202 -0.0394499086063083 0.216317948311835 0.114360287014156
-0.188132343193384 0.00454739653627117 0.245484067534277 0.115019992977592
-0.190972064819078 0.00850715148688809 0.256071482604163 0.122646450172195
-0.157529798146917 -0.0416618257977447 0.167823045174692 0.14909071082787
-0.127349636942211 -0.116169105909276 0.0355120204766654 0.171592631268721
0.0154771785793142 -0.189967329693016 -0.0557483478206779 0.0756800421596269
0.113016770747101 -0.0995888528360886 -0.0775484742058759 -0.0211567255050116
0.0992634292432305 0.00059679421571779 -0.0425990287123598 -0.182580466006677
0.0377494102484459 -0.0333670066122793 0.139656647375166 -0.175688965063087
0.268619710792888 -0.162120211614345 0.311170912514031 -0.226984427335412
0.248821947568426 -0.215383517438544 -0.0184889315282147 -0.00408000984931435
0.173190318056729 -0.294119212289554 0.180474194188303 0.222636254769508
0.072846028147257 -0.354483282045241 0.264874909990842 0.000386184344170224
-0.131439533432699 -0.32941163672472 0.140553297345541 -0.0530514649479976
-0.229697274217554 -0.214300304575788 0.0739955994167629 0.0188332198917193
-0.290676788918423 -0.112793819442991 0.11795425327327 0.0976954188654899
-0.272633855727046 -0.033168446261771 0.159255267530659 0.109729101943159
-0.272247269672154 -0.0293195560163009 0.187696699943005 0.113191031991294
-0.215191465402478 -0.0926919187717109 0.12107478046853 0.135731256806187
-0.178812804468689 -0.157571388932327 0.0174313353794 0.156223480516445
-0.0413258504192029 -0.258671942948941 -0.0619108796101265 0.0768034925397112
0.0824934776160405 -0.22674337480657 -0.0817743971507241 -0.00475713832855741
0.166591254734088 -0.132732449878428 -0.0696170445563749 -0.174872174185221
0.191075762915466 -0.124827940802722 0.0977726956508065 -0.177444214682373
0.415381956158135 -0.210817355596366 0.183273763252496 -0.145343874533384
0.358507206087652 -0.328945673957174 -0.106068279892328 0.0765182974860701
0.187574274789996 -0.427942748859392 0.166608067644983 0.26486921871626
0.0279595834224014 -0.424319959078526 0.267955046215213 -0.0251829748994811
-0.153671555953531 -0.358719528424619 0.103065384969744 -0.135491252024039
-0.24241341300406 -0.260377170016252 -0.0253686429585558 -0.0576825063733038
-0.324555349554084 -0.16444142010746 -0.00427695961100811 0.0586941766320604
-0.316375854402907 -0.0667774989676531 0.047440730559948 0.0895731214562319
-0.323780389296593 -0.0647086930798789 0.0925788602107806 0.0932444327216495
-0.262467897294068 -0.135847421937226 0.0513675521921871 0.118394161969179
-0.229781068531488 -0.194720107411889 -0.0173331966714567 0.142644676883886
-0.107117777298186 -0.317880063383123 -0.0850342879670916 0.0843028896090051
0.0296285314825011 -0.345843911767067 -0.103915520605038 0.0134312661470574
0.205480889455566 -0.273399396541243 -0.100310327449708 -0.154696736857634
0.320499987928106 -0.218799608848381 0.0269617402855299 -0.145302281757814
0.487581575566051 -0.217289625717643 0.0406476694698534 -0.0602396785453472
0.392541629476969 -0.377742169156301 -0.164402870294726 0.165042100541747
0.154506702190653 -0.459404434484819 0.165100358060908 0.267709470469104
-0.0216852009987837 -0.386950948418952 0.251996429855029 -0.0639342900558502
-0.141118163929005 -0.30480216800529 0.0516877578692062 -0.213374397767104
-0.20647125207019 -0.250379389206296 -0.122700275554978 -0.133133184560027
-0.301023139797951 -0.185234644878923 -0.125657466675692 0.00691273611596731
-0.310614667625078 -0.0904254482318487 -0.0729349953661585 0.0540437346173086
-0.330835659888472 -0.0962465702357878 -0.0215925121391169 0.0639684775255153
-0.27566980625316 -0.167775647003515 -0.0408558074518882 0.0929288443867665
-0.249607749428569 -0.216667031569598 -0.0723349383084737 0.120503755501784
-0.157700409418314 -0.348329136884837 -0.1224546585341 0.0869789562923325
-0.0246549611058975 -0.426078192660966 -0.135479347081369 0.0273483011800977
0.222553421484134 -0.383491125634062 -0.128737712936318 -0.114596276508924
0.410807838184336 -0.284680101592071 -0.0648048191911065 -0.0758533758143173
0.476697832040985 -0.201585390185817 -0.0886355585589016 0.018140929173004
0.34169072179108 -0.3698958915665 -0.179599542658619 0.235580655147468
0.0775187012884388 -0.391486202101157 0.169207376326205 0.229316206459422
-0.060778954680081 -0.260783558159004 0.216091887577185 -0.0999004499160143
-0.0922919794048905 -0.193251791997712 -0.000108757357062013 -0.256642245982992
-0.131718707035632 -0.200562368305413 -0.195883732209878 -0.1844841343776
-0.228258208679267 -0.17591708992553 -0.223756610204905 -0.044542422115317
-0.255639062177966 -0.102860488558045 -0.182340762105179 0.0099427082841763
-0.282163107092444 -0.119385504673358 -0.136867778808955 0.0246470766175445
-0.235905355248443 -0.178784449323791 -0.137638785236976 0.055096143102709
-0.216502806848117 -0.206229670609531 -0.136206629788225 0.0839639093507496
-0.166348871036486 -0.321726982911425 -0.16464167061528 0.0752891120386765
-0.0554640930259009 -0.43986311784963 -0.16941177142749 0.0269897044567971
0.228108554425137 -0.427224316593024 -0.148730990555946 -0.0650313240265927
0.447250432788979 -0.296506727472106 -0.167351053584251 0.0187400451726876
0.392727572098306 -0.170175458477745 -0.179219668952353 0.0836196526052514
0.230318011768396 -0.322308607674858 -0.153663920417474 0.273065319469275
-0.0148275544207621 -0.266146762988424 0.165034260374205 0.166606003814748
-0.0780785087635195 -0.103087844191166 0.166394092028908 -0.116006158667218
-0.0255101962931305 -0.0716027707097001 -0.0364910733081228 -0.259412561594681
-0.0418434576676347 -0.132502547656694 -0.23162220208606 -0.2054539263055
-0.125451201986472 -0.144917346692252 -0.286174070668479 -0.087347468408005
-0.160520314364088 -0.0991319264817453 -0.264232513649354 -0.0365484124949814
-0.181713380296881 -0.122642852482434 -0.228699765687044 -0.0208315181749752
-0.143411364889908 -0.155078703301023 -0.212031634144853 0.00616291437287483
-0.135835634366481 -0.149475094695794 -0.183969728397218 0.0369731387697353
-0.141741336933466 -0.23402207948742 -0.200413337659959 0.0497451955370789
-0.0642019492843947 -0.376157876014099 -0.199604197930068 0.00586112287009319
0.215484857677913 -0.390636852605482 -0.158046569001072 -0.0227381644958198
0.421916489106745 -0.23959581378238 -0.266678448072932 0.115562880353504
0.254960640557596 -0.12386811764666 -0.219341326701442 0.138230955574899
0.095389845163887 -0.24646508088389 -0.10370058044049 0.282703965703349
-0.0903137775690013 -0.127375353052507 0.15055304654583 0.101147582236046
-0.0733748469179795 0.0302301087598998 0.118524987554207 -0.111229541637646
0.0363344706672189 0.0244147377691535 -0.051618545413587 -0.235445896148102
0.0420478309001042 -0.0660373836095298 -0.234074675261434 -0.20552482275741
-0.0119605675399183 -0.100305675058968 -0.308932072243838 -0.118328789056682
-0.0400441855549689 -0.0804542663327232 -0.304088270002203 -0.0764190887125956
-0.0467775639088718 -0.0961603015051442 -0.276810171415721 -0.0648485694246723
-0.0242479800481136 -0.0860917363558288 -0.242286015150088 -0.0392678134352409
-0.0419264929606426 -0.0453391602301853 -0.2020855556888 -0.00260811332265025
-0.111686512502069 -0.0974202891302058 -0.224378386759115 0.023213868371508
-0.0703891620263968 -0.248911284430935 -0.221501336880203 -0.0331478880912131
0.170612364345553 -0.278734243102528 -0.153081237933504 -0.000961691195644518
0.322730896094815 -0.134619568243468 -0.34788753940961 0.191266945734711
-0.120531580645918 0.0674754757924782 0.421260196344766 -0.315835265760907
-0.0187095191088299 0.143143327014968 0.15285923113875 -0.0944555056230523
0.100517489652457 0.0915699369769662 0.23188769833088 0.0704472499504248
0.111944238697181 -0.0699077042876119 0.233498815549777 -0.018541571975763
-0.0341337463143732 -0.101018008746236 0.177222719014343 0.0278356101607637
-0.0808082274321143 -0.0124307430654155 0.216884977241379 0.0793524593347166
-0.0781663679716757 0.0419285706175296 0.279790798671408 0.0961426465443312
-0.0745780077202599 0.0471806768833923 0.302952970814937 0.0992546499644903
-0.0894910152688911 0.0535334997295562 0.302551531540886 0.115378872026653
-0.0979547941284222 0.0197731420145032 0.206308079420819 0.157877849720695
-0.0855052482431262 -0.0662886208488678 0.0535980808732557 0.197641420661818
0.0466233914896227 -0.122002628916465 -0.0637658690882116 0.093673911551945
0.116253420674805 0.0176196663530423 -0.0993960675603786 -0.0340799026010753
0.00951560833264122 0.108264678327032 -0.0275849037778291 -0.187436181616919
-0.125118195692007 0.0477681909718829 0.150505850764029 -0.154514331450325
0.0778050403741742 -0.0708553551434501 0.393564358758878 -0.296675141382835
0.107869932406218 -0.0511229310348032 0.0742564207173347 -0.0622339834336781
0.135434209514603 -0.109415108347909 0.214436553767682 0.151335085533662
0.0949532600123558 -0.229129870872956 0.253002786940415 -0.00461186125111519
-0.0964734327457488 -0.234150873215999 0.164211279516006 0.00341769970579042
-0.180084296183449 -0.123016254593516 0.159923051527212 0.0714286630695806
-0.208720671262479 -0.0346940519742404 0.221629782542925 0.111930050663989
-0.189689463475781 0.0105945766773598 0.253048224536283 0.113463765182633
-0.191672567347564 0.0151441286969234 0.261503560403897 0.118745118566981
-0.160488582618468 -0.03831320165031 0.172299269663068 0.147033140206575
-0.131021628058743 -0.112710369438319 0.0392913618143652 0.174746289478371
0.00963956856016287 -0.195164491829182 -0.0566662713629198 0.0797694784607329
0.114880610332339 -0.105104527050706 -0.0812490205889088 -0.0208306025016472
0.103363625288829 -0.0013646185450502 -0.0475196037125497 -0.182618771469654
0.0391659748215405 -0.0322203729778569 0.13924050755223 -0.180926302215121
0.269126464187407 -0.171696254253152 0.306930959414148 -0.237770531877857
0.249414009689105 -0.223833521221229 -0.0198273794495389 -0.00099388726597575
0.170578096803923 -0.303086583297664 0.191939519171732 0.221916370778439
0.0662379284183405 -0.365260684968081 0.267034786559713 -0.00977918971250917
-0.140712762500775 -0.331901576642046 0.139246935560448 -0.058618302293782
-0.241806952031259 -0.214511370692964 0.0734802906029073 0.0205417093723
-0.299462749219995 -0.107612465628465 0.120653217017729 0.0976755924438958
-0.276647148059355 -0.0266635402039748 0.164439106014371 0.110311000255006
-0.276288640557289 -0.0212471712328581 0.192423772356484 0.110699639819993
-0.220984279642966 -0.0893450844809172 0.124677535814215 0.1349642307742
-0.18440805609062 -0.154683297005635 0.0203277263591596 0.159392994672243
-0.0491876590000635 -0.26382115913192 -0.0627838332024155 0.0801600505043062
0.0800627038575116 -0.23347620417203 -0.0842069733956507 -0.00543760188306891
0.169079450634874 -0.138483200374741 -0.0745215798510359 -0.174778996939018
0.193260595237585 -0.130689446456126 0.0964016914883837 -0.182778768731829
0.417557076562851 -0.223771937163449 0.180541654393547 -0.153217642171966
0.357506492072044 -0.34218141376409 -0.107250159952739 0.0828263972315969
0.179538273005636 -0.436766368903641 0.179651329893992 0.265657269130702
0.0212359565200206 -0.433978492196942 0.270418921786822 -0.0359838998385907
-0.164070721184812 -0.361751654015017 0.099092261167288 -0.142199453128037
-0.255094362516117 -0.260396971523238 -0.0303425631014527 -0.0543631246869268
-0.336028216587494 -0.159915429663766 -0.00363230582753729 0.0607462304620401
-0.321832266324487 -0.0593341485586953 0.0509951807775906 0.0913435079444865
-0.330446591340663 -0.0567123654410637 0.0960842105275647 0.0934658958933201
-0.270977188702068 -0.132976356129684 0.054156124102121 0.119413103840734
-0.235718477905023 -0.192044962419104 -0.0153590401128231 0.146487397882589
-0.117737283938668 -0.322103733311841 -0.0858706506354648 0.0884709922637345
0.0232590808950087 -0.35152143280905 -0.105744868314064 0.0117084050848968
0.205202445693444 -0.282560575669968 -0.105701144927598 -0.154587223983349
0.321645243247183 -0.230150134878041 0.0245544202767517 -0.148348961294032
0.491674368410578 -0.234779197184874 0.0359175021075518 -0.0639424701641083
0.390622758673138 -0.393705952052407 -0.164943348801785 0.174600743254852
0.146067904475918 -0.467862709846141 0.178481273701888 0.266900482161566
-0.0285143938203705 -0.395039809193119 0.253271199657697 -0.0745000503204116
-0.147964441769446 -0.306492968588504 0.0448055046481083 -0.220550240292057
-0.217367973366332 -0.252894452856066 -0.131464434606232 -0.128568509087498
-0.312472281600091 -0.181203821752126 -0.127750647928565 0.0106379125911558
-0.316577003399516 -0.0851743626559893 -0.0721662185898836 0.0579806098471984
-0.338662383137758 -0.0904526156324475 -0.0212787299113143 0.0664705599230264
-0.285817458327523 -0.165766818476278 -0.0402725014087211 0.0964428483162407
-0.256000505936095 -0.214570780157096 -0.0718312029370315 0.125769634914522
-0.168659934591633 -0.350355494617801 -0.123199045072428 0.0913004487627518
-0.0333970582163163 -0.431836324436325 -0.137228897649068 0.0258313226962786
0.218953561417889 -0.394063626282988 -0.134628109547154 -0.114027770170525
0.41296624248154 -0.301887842698308 -0.067059282074977 -0.0765236539062745
0.480795200904731 -0.218635724118482 -0.0930647198475495 0.0181022302711922
0.338486256099676 -0.383272353829677 -0.177338555713306 0.246108640464727
0.0697953534273375 -0.396004321149868 0.180885416320468 0.228358874682421
-0.0642848568393072 -0.263266947078114 0.21685549012016 -0.109305068104765
-0.0943142948197245 -0.195389898215152 -0.00876402279870605 -0.263316490225987
-0.140121138385456 -0.204423716151641 -0.206047517679557 -0.180317141957965
-0.239313804747669 -0.174959779982512 -0.228527345304602 -0.0398593017235406
-0.262189322362395 -0.0985721720358572 -0.184653440166007 0.0147700376609579
-0.290973529206397 -0.115336440403361 -0.138564549182125 0.0298903760336548
-0.245606586111248 -0.179228456342657 -0.139763618597828 0.0613491712506056
-0.222195697962725 -0.205773715867527 -0.13702345629557 0.0892328326677553
-0.17597921919152 -0.324077448742049 -0.165671041882102 0.0798653793971611
-0.0656662288872957 -0.443257225409133 -0.171405061403627 0.0270256755661744
0.22293259719274 -0.440365786491666 -0.154343635675682 -0.0644628337160479
0.450932373338575 -0.314025304625985 -0.169552253932572 0.0221697461452282
0.395359942751386 -0.18517189657606 -0.18365873420858 0.0868491113938753
0.224937081393438 -0.33357297588356 -0.14920933723131 0.282645029511302
-0.0216197805664131 -0.265792188520329 0.174599968758293 0.16393276433736
-0.0782312591048197 -0.102206087271273 0.167380594882133 -0.122780685939151
-0.0229004840795755 -0.0727251811471301 -0.0444365635508173 -0.264150889341802
-0.0465627171012213 -0.137751396842781 -0.243294124920691 -0.200855881028072
-0.133065857078845 -0.146569551478337 -0.292225597143775 -0.0830022937153864
-0.166289565859587 -0.0988570904564635 -0.269547889706272 -0.0314869200326008
-0.190111047918833 -0.12178365562329 -0.233577964915327 -0.0147215733128433
-0.15123194083377 -0.157887742849034 -0.215607814095069 0.0127369351010965
-0.138775066022772 -0.150650619626947 -0.18698872270405 0.041809889890937
-0.148580481583837 -0.234124082173465 -0.201639674496976 0.0546704797163574
-0.0737796122659148 -0.377696720863891 -0.202783510347281 0.00672809591220576
0.209239016733759 -0.401777245206696 -0.163345736531332 -0.0214899311772599
0.423877439472879 -0.259161237299691 -0.269113502579238 0.122563548396193
0.25604673312285 -0.134691791127865 -0.222294568297574 0.143437730497384
0.0880427522656343 -0.253327658791319 -0.0972021892355633 0.289564468579807
-0.095173815754562 -0.123669733821228 0.157855533071417 0.0982274403743441
-0.0706779700434526 0.0334651058103663 0.119285379169718 -0.115224872096207
0.0415281055217523 0.0232509325643594 -0.0582094350592734 -0.238737538010549
0.0405001461464234 -0.0713995001189015 -0.244416277686959 -0.201809424466357
-0.0164155442853046 -0.103965584514378 -0.315739376043296 -0.11463843455165
-0.0439760711726126 -0.0832375255510109 -0.310878946500276 -0.0725378603071724
-0.0523017206541855 -0.0999925708949676 -0.283993253159607 -0.0585375649384974
-0.0274717233505351 -0.0906363250359877 -0.246735311416854 -0.033263593057733
-0.0412622632119148 -0.0467795844693114 -0.204487509193371 0.00221718662682434
-0.114065370250286 -0.0953314007200323 -0.225564607531398 0.0284003039334344
-0.0769556115915312 -0.24830167633476 -0.226201413699311 -0.0314478311822919
0.16622544034243 -0.287877910693505 -0.158204010837089 -0.000443039375013384
0.327225256920554 -0.148172029435023 -0.348060311996688 0.200684010254283
-0.119604029692853 0.0742909954037504 0.41048078965715 -0.334987952364977
-0.0120330484249887 0.144474043396652 0.148942393064489 -0.099075600662369
0.104978839250169 0.0865777180075508 0.239474411740877 0.0611149713511244
0.1077502044478 -0.0766810689520293 0.233818949154898 -0.0299760141904849
-0.0414872171206908 -0.0992232684715298 0.180319367590031 0.0218138831961674
-0.0824620621025294 -0.00840651218290251 0.221828713288889 0.0729375232905233
-0.0760182507382828 0.0460651997376278 0.285784546362788 0.087324528315146
-0.0717410736244349 0.0522726546114829 0.309263248690947 0.089468289575062
-0.0857846039928115 0.0595058877601978 0.307813645592131 0.102851459231973
-0.096599777691404 0.0262525323448007 0.213008981564146 0.149972054053865
-0.0892100977621124 -0.0603355901459287 0.0631162060954424 0.1983634708196
0.0384281416473442 -0.126442825374184 -0.0615586819073285 0.0993454859520768
0.119684652115686 0.0102410606272188 -0.103271054846185 -0.029360838575929
0.0164969475104518 0.108875203219087 -0.034747811023595 -0.185036131562014
-0.122879290664261 0.0566045550411792 0.147436470516504 -0.160531023733518
0.0741057232792867 -0.073797094618511 0.381812128487227 -0.315047707545464
0.108078962790859 -0.0561690255470863 0.0710499760794875 -0.0630366116890487
0.131914318664418 -0.116002117233061 0.225632495364693 0.142298865937184
0.0848100682565752 -0.237633023815369 0.252982680329386 -0.0179282421387825
-0.108773127701516 -0.232040710377684 0.164237374384028 -0.00269919775219524
-0.188498062482975 -0.117069244018597 0.163874230102493 0.0674763232847683
-0.212392947043148 -0.0248750076433321 0.227662961916518 0.105337796323686
-0.189436501252986 0.0201605859336763 0.260416103505253 0.106188029270361
-0.190578393672508 0.0253894626228789 0.267324218854699 0.108236818246055
-0.162383954080337 -0.0305895797951941 0.178431788406285 0.141018320071553
-0.136349860353795 -0.105512789288987 0.0463293536495292 0.17678949226452
-0.00145787191522384 -0.198155599411951 -0.0546831026168474 0.0841956714067873
0.112432303620431 -0.112961308399908 -0.0844835177491399 -0.0180647400837289
0.107119662458601 -0.00603200605513441 -0.0547501246782549 -0.179020167666066
0.0396126448489777 -0.0319156742014319 0.135028964671811 -0.187333171159549
0.263341465872062 -0.184808822993841 0.296611696144318 -0.251667828340426
0.243625062501677 -0.236165680926214 -0.0215424512408635 0.00313462259890243
0.159467130824192 -0.311627753764803 0.206341652747795 0.214819548388672
0.0521458302640675 -0.374102002493785 0.266443443608531 -0.0248344251173153
-0.156261452104179 -0.328971591677103 0.135592681587608 -0.0659401517293915
-0.254482435352825 -0.20720919999954 0.072650977431824 0.0214162891529236
-0.307976914687672 -0.0940656054858704 0.125763633002262 0.0954015294348163
-0.277992957811116 -0.0142592716099017 0.17131388941236 0.106879572879886
-0.277420878381498 -0.00826864273920029 0.19828568204911 0.104313646781698
-0.226931243248386 -0.0809161208961455 0.129514923897305 0.131832460243522
-0.190422787478386 -0.146880505036245 0.0261164747572698 0.162697701314223
-0.0614185966029813 -0.265416813700971 -0.061360316537798 0.0849966684776605
0.0722879448184127 -0.239670967864104 -0.0866052341207961 -0.00464504935907916
0.167710767931046 -0.146860852855739 -0.0826760517542951 -0.171335817305933
0.190867530355756 -0.140056845256899 0.0905710314433789 -0.188049018611942
0.410780989291953 -0.244174060056462 0.171414359917073 -0.162279057413831
0.347723238747338 -0.360502837118478 -0.106286776710243 0.0922190768512112
0.161996556677496 -0.446792382550966 0.196032098365123 0.259472604090507
0.00483471190927129 -0.441294589097209 0.268695179011397 -0.0514636156446969
-0.178306788845205 -0.358264802786933 0.0905371027803337 -0.149736060454985
-0.2714787087508 -0.254840710092855 -0.0356443268472873 -0.0491068035465977
-0.347460162851401 -0.145570505561668 -0.000849102111640031 0.062694674858712
-0.325743608034606 -0.0461327156807961 0.0564741427758414 0.0923631786642552
-0.334562916582006 -0.041866556343632 0.100522151608359 0.0911693505933211
-0.279602774980794 -0.124236852639871 0.0579979301783267 0.119452611061156
-0.243076229073569 -0.183314539059046 -0.0104304945365181 0.149537177225103
-0.132418155691241 -0.32181399906398 -0.0838552742171067 0.092657432825302
0.00982271739203081 -0.35550521353139 -0.1075778091255 0.0120393066983573
0.197506257177214 -0.293222376333273 -0.113679395913491 -0.1503179337113
0.317472139284673 -0.246539723997686 0.0196668856184057 -0.15161981752013
0.484684274687017 -0.258982438376151 0.0295096755680818 -0.0667113197941983
0.377841829392693 -0.411767046214475 -0.159873224703088 0.184663502413021
0.12664436684105 -0.474803491136313 0.194661144101279 0.260494823316959
-0.041985283332801 -0.398731786870232 0.25085454531535 -0.0895481308923028
-0.159191044245728 -0.304314441897602 0.0322804977927689 -0.226460439778349
-0.232382479606078 -0.249362010060698 -0.14132411248589 -0.119677042018451
-0.326167204048164 -0.170018806415621 -0.128495006281099 0.0176805401392155
-0.322789371117846 -0.0728485246080986 -0.0695960338700165 0.0635459846461161
-0.344939044707857 -0.076154797531311 -0.0184788665268747 0.0693801856428545
-0.297077941334175 -0.157635481878146 -0.0376194500210973 0.100602313266518
-0.264821063136385 -0.206443775511599 -0.0683463042532035 0.13035998614291
-0.184508289966669 -0.34932578836452 -0.121315238970904 0.0967258177690025
-0.0494598585497585 -0.432879697449609 -0.138641418381161 0.0271680478920765
0.207156962716271 -0.408404149552181 -0.141151317045423 -0.10933776549959
0.404109290135021 -0.324708611007093 -0.0709119899028325 -0.0752702712275978
0.475854221136089 -0.244070572723353 -0.0976505699732687 0.0208025726527609
0.324959637441504 -0.400993839428717 -0.168755084008517 0.256851155591096
0.0520630659093729 -0.398317285132059 0.195900607248714 0.22128464207007
-0.0730455897416947 -0.263889003880835 0.214008117953542 -0.121785160383413
-0.0985894317447719 -0.193675674948476 -0.0226158902647294 -0.26690956123907
-0.151747542177996 -0.203699832711431 -0.219064945395427 -0.168914736696401
-0.251047444354993 -0.167619949759871 -0.231604383975989 -0.0296281328821808
-0.268368175650734 -0.0899283590863901 -0.185318554733687 0.0238630428801346
-0.300174934509739 -0.104680318251665 -0.138699601652608 0.0377491653801775
-0.257586052404679 -0.173065148571719 -0.138733800415995 0.0688580389565851
-0.230232166399655 -0.200056798127841 -0.135008158097402 0.0963837470547693
-0.190068498590675 -0.320623160568427 -0.163881490985391 0.0865414875758786
-0.0832809201086772 -0.442337692429499 -0.173114781093625 0.0295373259832373
0.207468613891996 -0.454114598192084 -0.160435230498752 -0.0589712542930087
0.441194773578008 -0.339883957433327 -0.169730306213596 0.0280641625460567
0.390630851530737 -0.206041841586912 -0.184914445801409 0.0938649075232475
0.209651452413516 -0.345087315009116 -0.138791851890277 0.291685619680253
-0.0337409788529816 -0.263957509229691 0.186317508026869 0.157225132658492
-0.0798872848751353 -0.100161884214687 0.164374933577916 -0.131750537084978
-0.0213207967843946 -0.0741089361141618 -0.0576566937711521 -0.26558097951628
-0.0541172763299411 -0.141058881552699 -0.25583191249211 -0.188477869607141
-0.143493135057718 -0.143805551566339 -0.298360127891337 -0.0713978494270851
-0.172422561219587 -0.0943173293503088 -0.273708598022103 -0.0212207313854175
-0.199136179454023 -0.11684468579328 -0.236864373404105 -0.00348959396577661
-0.161148481201203 -0.156846556447797 -0.216978920320407 0.0236391867099178
-0.1435887378889 -0.148423378759736 -0.186678747114298 0.0499234369945113
-0.158097093036442 -0.230045866253769 -0.200770573285189 0.0622596453038362
-0.0890964676177046 -0.374737645301722 -0.205079843096554 0.0112536272854169
0.195000883782475 -0.415234527218692 -0.16789392568724 -0.0170169619655054
0.418407865602555 -0.283923499656421 -0.265321472395313 0.134364795913831
0.251813522468646 -0.14921131134156 -0.221425035061077 0.151671724762803
0.0749459839577739 -0.258706013738375 -0.0851222994230816 0.295936036061016
-0.100877789328388 -0.117796125264792 0.165363333266071 0.091419291099776
-0.0672058785375752 0.0369051539950678 0.117941098807207 -0.121024472213326
0.047037893665776 0.0199028353608038 -0.0695308487042291 -0.239360394465544
0.0362511836789642 -0.0767329979842698 -0.25603161277398 -0.190828629826734
-0.0239547480895543 -0.106233661205861 -0.322117593698221 -0.102716730536191
-0.0488166889258649 -0.0836228445226493 -0.317935350668907 -0.0628703695909428
-0.0598698834844978 -0.100723771620697 -0.289075470156739 -0.0471901019930571
-0.0324440269790116 -0.0943101583120542 -0.249473839939592 -0.0224876576154463
-0.0411267760669402 -0.0474937094587082 -0.205060042060546 0.0106743923162683
-0.117676450884069 -0.0900838150646247 -0.225107059885397 0.037467856457134
-0.0885309629995792 -0.244606057504732 -0.231018209284495 -0.0251863932865318
0.155004721727532 -0.298351708322279 -0.161366407477939 0.00371934432712004
0.32400632818399 -0.167944303313072 -0.343110207923538 0.217599868589247
-0.101478398301635 0.0844438799658695 0.345888673836243 -0.388379977639306
0.0149628383458356 0.136855150974385 0.122587662674829 -0.119355573586636
0.121069768945576 0.0639377243419943 0.236436865802044 0.0249605061778289
0.0930813341725746 -0.0972773420405177 0.222565559578344 -0.0586150902866641
-0.0547409647373108 -0.0900367404913059 0.18490671096988 -0.00586221746966972
-0.0763315006369625 0.00444886540993346 0.22716322562986 0.0368844847867403
-0.062290496293695 0.0573576356844622 0.293004000719792 0.0414524747995896
-0.0560333036213737 0.0592935824008031 0.312453523125031 0.0432654525480386
-0.0684784383464209 0.0713654589335349 0.312913215924581 0.0609475928861086
-0.0867032037888047 0.0391388319314933 0.228253314235529 0.120465377802868
-0.0941634656078516 -0.0432467237701513 0.0895922141033226 0.188076975477216
0.0165141115393317 -0.130421916336389 -0.0498267807555632 0.110042971012534
0.119798514111443 -0.00862147835045322 -0.110297288884015 -0.0157444736049703
0.0327532960302185 0.105407194406778 -0.0535455508138073 -0.177043407591579
-0.113936123490648 0.0742608827423318 0.130739924904618 -0.170222929057333
0.061116611317635 -0.0930362044975255 0.320883088285369 -0.355117770550722
0.096774800235821 -0.0760783478570158 0.0592335612209924 -0.0629807913082618
0.114925717654152 -0.135980001040862 0.245877035653077 0.112413668202257
0.0451964547852181 -0.252037941855154 0.250431855118362 -0.0469151554743001
-0.14049336630103 -0.210024922593076 0.170179197688392 -0.029215490753386
-0.19759965617478 -0.085198429928852 0.174501791616735 0.0393242289410345
-0.210282578835496 0.0109448437250793 0.245513014589777 0.0690543269183911
-0.174623432299113 0.0450046179486389 0.268395499347054 0.0655548096887032
-0.17706261423731 0.0532270516641626 0.274642376016395 0.0710173293632244
-0.161742882600921 -0.00691182771329429 0.194766865476279 0.117443141101208
-0.145061302401989 -0.0812116817833693 0.0707100574262929 0.169778612100896
-0.0333325175950316 -0.195355323638684 -0.044345529150515 0.095565007867048
0.0948809525693185 -0.127331642832838 -0.0910899901002476 -0.00582955952015428
0.105536090778968 -0.0199747799993555 -0.0771575908667339 -0.170568121635198
0.0343691532803061 -0.0360065680407022 0.110989119670134 -0.198210712513215
0.226065294337431 -0.232301502115275 0.246774600040068 -0.271745524670527
0.196089357272145 -0.271322437588153 -0.0160161303113425 0.024974777974119
0.110776365945298 -0.329077471379744 0.248523814620453 0.19135352306893
-0.00957877662514056 -0.379018898144645 0.269990307500447 -0.0539258966228296
-0.201303432809478 -0.298559528024864 0.136321610992742 -0.0887035836501369
-0.278511844685939 -0.164201957917069 0.082822451171516 0.00810723319743295
-0.31962558244387 -0.0409548304660032 0.149323208922783 0.0758902267166976
-0.267094270913934 0.0245445451281937 0.183707711808248 0.0775548347742802
-0.269349073839388 0.0344379000869034 0.207971000322624 0.0757170278235899
-0.23360870477987 -0.0463686832806852 0.147012635465422 0.114770547135744
-0.203072975827868 -0.114073546673499 0.049511004322303 0.158445964690982
-0.102045004199471 -0.252250127002911 -0.0491070173719366 0.0980204228882924
0.0383927734228082 -0.243680772173999 -0.0922409069762757 0.00926730939282767
0.144798265661604 -0.166458359790719 -0.108457630984607 -0.16058952060225
0.169201742810565 -0.163720116133465 0.0622344123486644 -0.197281243539774
0.358589921442611 -0.313979962344033 0.137330539513949 -0.160189776424564
0.275187490701257 -0.405336577146049 -0.0814429897062161 0.13062867123305
0.0898310447451153 -0.459372577130303 0.251862830182174 0.238670457817777
-0.0662048818959267 -0.434498596564348 0.273742358571592 -0.0806647823385623
-0.227993365480474 -0.325670696877469 0.079644856739939 -0.164762560245196
-0.30591629737706 -0.207573572606254 -0.0316273867280445 -0.0437765536808615
-0.369853050546465 -0.0842036778593518 0.023829828539998 0.064748427755438
-0.319108623222721 0.000558948426851845 0.0702513867448593 0.0789364137031531
-0.332392216592021 0.0102744497538372 0.111079556760823 0.0756931917510578
-0.2940763261787 -0.0808813464196571 0.0764940092093145 0.112455961578032
-0.260778132778422 -0.14232096575273 0.012952276106696 0.151050517276017
-0.179539323773958 -0.297498583430461 -0.0684655459500726 0.109592794200915
-0.0394651684758904 -0.346918417354749 -0.109680860020538 0.0308540000947647
0.153857649037411 -0.313722142206664 -0.140369912567789 -0.135917896007488
0.278651320320055 -0.287581789047786 -0.00780955957694748 -0.155038789294213
0.427596123486762 -0.339582217784354 0.0126213908411922 -0.0437916032332698
0.296352557042961 -0.459563989165756 -0.118024744575531 0.23121105394997
0.0508677702368907 -0.480400222692684 0.253660529288655 0.239126684610251
-0.105050518015622 -0.386335253135356 0.250422974383899 -0.118941591268665
-0.199980861054821 -0.278119203244999 0.00826325606315154 -0.230552349528982
-0.269856895489327 -0.210133818384904 -0.14515002475595 -0.0945180225554839
-0.354943734039734 -0.11255209593004 -0.10800445919098 0.0401158265781432
-0.32267255935323 -0.0251104670459466 -0.0558978646893272 0.0685810401081882
-0.350813206785975 -0.0211891697546922 -0.00772288503003636 0.0696324853296386
-0.317300412290739 -0.111001038716088 -0.0187431427914584 0.106486669387813
-0.285349649399255 -0.162716002869004 -0.045938519737033 0.139168817341815
-0.234242557726931 -0.315115184310039 -0.102069733425146 0.117753775003652
-0.109658025557325 -0.411917372755003 -0.137046740588187 0.0518099996963063
0.146449772759501 -0.426157412708546 -0.166853512613337 -0.0919619181392323
0.354583940995406 -0.375751894871987 -0.090576009048245 -0.0717409624793293
0.419091664857551 -0.32028001401776 -0.0977147920812396 0.0585661577473568
0.243451318810376 -0.437206553648286 -0.114968515403445 0.298928491315586
-0.00982289520243804 -0.393551367703835 0.245716394385472 0.194931788821251
-0.110744488636 -0.249308533245463 0.204307480547063 -0.150465837337562
-0.12558562604743 -0.181119729126878 -0.0563097768644864 -0.260473666724724
-0.186772783633167 -0.178586344625364 -0.229194078961489 -0.128378223552352
-0.282610120635593 -0.122964474988661 -0.218863047407625 0.0103762272775399
-0.275297785905085 -0.0495826906104588 -0.174263953907387 0.0464401959696995
-0.313585928073402 -0.055270305583222 -0.129970334266795 0.0542745043423422
-0.282044120815398 -0.132128215424722 -0.122834242911166 0.0883086132742412
-0.251116541215157 -0.161799100443592 -0.115922758181067 0.113203073498778
-0.235653233951335 -0.286016446389085 -0.145608825400615 0.111818197884845
-0.14258002456833 -0.415749056002096 -0.170275558792798 0.0591482656324015
0.139844685427841 -0.473202400247247 -0.180939937852116 -0.0403288864425423
0.390077579736928 -0.397737433151784 -0.176494312644395 0.0395370965653342
0.342475511006482 -0.267816476660567 -0.170911635573835 0.137089603209583
0.143060279294554 -0.36291524305764 -0.0792375087984388 0.320825440696423
-0.0727232346789083 -0.247543816863313 0.221690008713072 0.126764739973729
-0.0906540935973361 -0.0876438418672017 0.14895487014316 -0.156199086138041
-0.0321966755563394 -0.0769240105937792 -0.0953683228810974 -0.251434377671251
-0.0833278496064536 -0.132172141380399 -0.270309398314945 -0.140227766215898
-0.17349545440974 -0.117211535220741 -0.293494558017387 -0.0210598944107063
-0.184694920032834 -0.0666843412916712 -0.266496551910927 0.0156503524184809
-0.218663519097019 -0.0824045478710362 -0.231694077518418 0.0260071388652693
-0.185082978942545 -0.129829472909666 -0.207198387824806 0.0533689532503839
-0.160065678043109 -0.123856141985808 -0.173489249925302 0.0737441882390307
-0.188623636109627 -0.200146899491132 -0.184929014198173 0.0898724456217114
-0.138353887961621 -0.348380196258152 -0.202809718864772 0.0434329916783752
0.133411346842056 -0.432344084690354 -0.181971621964305 0.00116419322978988
0.374617666777887 -0.338841744337721 -0.256139462164398 0.154681187400556
0.217127267581338 -0.186145943472479 -0.195631698612878 0.191102849376961
0.0278222387591666 -0.256426715505898 -0.027599800699467 0.307841471495391
-0.114116523831052 -0.0954090480475564 0.184282298611482 0.0598877842943926
-0.0554966945187539 0.0444368369561628 0.0997863529097589 -0.140931007663904
0.0487356936568208 0.00451565706010728 -0.10567933999981 -0.221784619816549
0.0141046039518474 -0.0830493212153162 -0.273592378475717 -0.141528096103899
-0.0492139972857375 -0.101069709128723 -0.327662331546548 -0.0484275913569164
-0.065099848128496 -0.0738476834618534 -0.316884366555826 -0.0175726193347173
-0.0804222015475809 -0.0883707136748678 -0.289051742416693 -0.00924145816734143
-0.0495736675587594 -0.0876363804753704 -0.247190145975695 0.0109411327844984
-0.0451058271926901 -0.0406789775152632 -0.198326688655151 0.0357727122435039
-0.127169666562913 -0.0669456966483695 -0.212486591320785 0.065204038278752
-0.119098999341122 -0.22051988016234 -0.232811367722615 0.00840544603810445
0.108558886447721 -0.314233284009291 -0.170795169741415 0.0201510640567539
0.299718086753485 -0.212198672330443 -0.317479726113557 0.246683609371184
-0.0965969886084984 0.0881633731143453 0.32173631129944 -0.38700447016489
0.0182337149685567 0.132122284530934 0.114785284619891 -0.116663151292099
0.119799312240124 0.0575179250909916 0.231671442955593 0.0162257374137527
0.0857459827196361 -0.0985444493426272 0.213854566367221 -0.0651399044960624
-0.0587699859453568 -0.0839380170953542 0.180502958878146 -0.0107457429528161
-0.0751139394591366 0.00784420607161001 0.222871009837026 0.0298200400404227
-0.0565439039331743 0.0584173946911821 0.286180690125187 0.032222383879943
-0.0508385407232978 0.0604801318219722 0.305781397234651 0.0344438490988731
-0.0613467026796417 0.0719250613155818 0.303439809990887 0.0492541482045979
-0.0805550004394672 0.0421851079584697 0.224024430178598 0.110172211560108
-0.0921645265718358 -0.0370627167242267 0.0943120356970159 0.180916790481765
0.00906919989485345 -0.127138687061126 -0.0455234586135015 0.109283797164516
0.116840249782709 -0.0150462131282711 -0.10885982342304 -0.0106180885222709
0.0382031850906471 0.0997955332104668 -0.0572975206567493 -0.16843638517971
-0.106841654791843 0.0782453909753027 0.123930919943665 -0.167681762887026
0.0551501434780058 -0.0896469137067676 0.300324091789909 -0.352415112415128
0.0925659217346437 -0.0764455147776115 0.0547369603945577 -0.0594244621965741
0.108998080302325 -0.134846987000079 0.244739353737062 0.100054986828546
0.0353019499161302 -0.248087960891179 0.239714134969315 -0.0555356059603433
-0.145234642762484 -0.199512164892846 0.163554304144361 -0.0335977838704194
-0.196496559364001 -0.0761732895223066 0.170627761916459 0.0356312769072306
-0.202856334386206 0.0191772759333287 0.241142917165539 0.0603730183430669
-0.166448440756909 0.0494479891296508 0.26393904770113 0.0585021417436276
-0.167577138724267 0.0584309357111928 0.267915673011782 0.0614843351100909
-0.156018439861823 -0.000945894609580784 0.191018433176145 0.108619971825174
-0.141949547477103 -0.0736733525981273 0.0745391117106093 0.164084525430683
-0.0410180847674336 -0.188819969563887 -0.0412248009017247 0.0947707458822627
0.0891072549828336 -0.128512914989159 -0.0908452541503375 -0.00322335591155939
0.10480779310581 -0.0244275345618197 -0.0794594796122612 -0.161230646582433
0.0332943512112716 -0.034696190287072 0.103501815177718 -0.195504105310784
0.211290215525204 -0.231373337898656 0.22996828168908 -0.268496368509853
0.184308937067367 -0.269052134385143 -0.0158792563942787 0.0284462690160588
0.0985213800743326 -0.32145814874059 0.24955765430662 0.176400220311251
-0.0207408383388704 -0.371023542951213 0.257914978301806 -0.0631799440596723
-0.206097259547525 -0.285985853645528 0.126164774323134 -0.0904828075280231
-0.278043282458468 -0.151652442179383 0.0802294466369108 0.00918103045551408
-0.311744649299981 -0.0275010109419963 0.147718130869968 0.0701861673563014
-0.25781044440559 0.0317302754703605 0.181197750316973 0.0733455774852806
-0.257727342586398 0.0419225420296565 0.203599954484041 0.0676941077542477
-0.228118433282353 -0.0373464538157939 0.144908203263971 0.109061420993816
-0.198690077193032 -0.105150517171915 0.0530586387147152 0.154670205603068
-0.108363328832924 -0.242459907410611 -0.0463498782942441 0.0967715125929736
0.0307409590928318 -0.238588977552579 -0.0917978677526392 0.0106739486206338
0.138319899043088 -0.167635401263103 -0.109339575595743 -0.150315282838782
0.159515785859273 -0.163544392101254 0.0554679578652024 -0.193274079632518
0.337904057352262 -0.317208780524823 0.124954754684471 -0.157730896000136
0.257499886104354 -0.403161971222735 -0.0768895527264383 0.133913414404741
0.074930306534663 -0.44724658087905 0.254800474024518 0.22305641596191
-0.0768945089263832 -0.42545115158999 0.259745961275629 -0.08979263370184
-0.230164852689135 -0.311496355610515 0.06843313962051 -0.163314012158105
-0.305807129010149 -0.194121086636089 -0.033026986699195 -0.0366479577947931
-0.362939951307385 -0.0689989565345378 0.024918936343867 0.0627650892326185
-0.310060359214997 0.00981023837047893 0.0719744688484067 0.0776694631962373
-0.320255273826078 0.0201481699261509 0.110200741075829 0.0711431092083447
-0.288304611562255 -0.0695340611810976 0.0766209958499301 0.108984035615737
-0.255435732744381 -0.132763296369345 0.0166750069937049 0.148562400384287
-0.184637964837736 -0.284230894471951 -0.0643564808812393 0.108229494936665
-0.0472076737217734 -0.33606975003117 -0.108466867063394 0.0311682793513674
0.142399853018604 -0.311079323405844 -0.141094368838632 -0.126351586186475
0.261116427846568 -0.288109285337821 -0.0114627109036886 -0.151611956143485
0.403505115060677 -0.343201918892148 0.00720533102204647 -0.0414001529584578
0.27335084041494 -0.455929158983483 -0.109072614844197 0.232301310111792
0.0350808758465423 -0.4663160591617 0.255709508194532 0.222832266776136
-0.112651299303209 -0.375227149997497 0.236802982626693 -0.126002907428697
-0.201303222864906 -0.266873014007435 -0.00322959266915041 -0.225177672421332
-0.27177996173736 -0.198504341554102 -0.144575318090984 -0.082154921054068
-0.349478923024902 -0.0966949963214808 -0.103186816317268 0.043205523988519
-0.314582197896944 -0.0151430950240991 -0.0510158401980816 0.07047877000896
-0.341125204190475 -0.00913541789366764 -0.00472480716798192 0.06910580477301
-0.313235176059123 -0.0989468981911678 -0.0159725210321177 0.105665002947782
-0.28042551045448 -0.151843430149185 -0.0411823827567043 0.137697372890187
-0.237317050956501 -0.300429264828915 -0.0970965181935022 0.116440342392363
-0.117510616371154 -0.396334996071865 -0.134876743967009 0.0515321574796653
0.132035919658074 -0.42040760112341 -0.165424946877292 -0.0836837434733482
0.332105402943668 -0.378073884152501 -0.0895460487578324 -0.0683673200869787
0.396682961228369 -0.326207226718992 -0.0973133755796298 0.0601986233409422
0.223350316509227 -0.432474088094678 -0.104506795262009 0.296951789301988
-0.021144381087144 -0.379897253971686 0.246196405961298 0.180533778446028
-0.11448113557279 -0.240363416633692 0.193354427477376 -0.154494534755677
-0.123863522776022 -0.175351736012213 -0.066148574476354 -0.251388307229788
-0.189064643125564 -0.170736626010121 -0.227178356922272 -0.113118770443746
-0.280673568103017 -0.110092679481056 -0.212179806269375 0.0172090637467762
-0.269802365343209 -0.0410428578673264 -0.167502653442255 0.0521556401888493
-0.307663840378433 -0.0438111594444217 -0.123882438710169 0.0576637653879931
-0.280636690766033 -0.121741297416756 -0.11696616578139 0.0911189757168469
-0.247404338676378 -0.152375341711549 -0.110157250118651 0.113739455472237
-0.237330474106332 -0.270753808973458 -0.138671224380828 0.111695417395419
-0.149221273148184 -0.398821462781841 -0.166633939620688 0.0595305497167513
0.122296689117388 -0.464690466633219 -0.17830558924103 -0.033818905607084
0.36458558155721 -0.399820459231726 -0.169807662927746 0.0430244121068055
0.322403642197707 -0.273606017133317 -0.166047317215843 0.138577767002448
0.126638328696195 -0.357756874068744 -0.0683743432317382 0.315517148583451
-0.0771283391779138 -0.235565023658458 0.220576598411545 0.114049541891829
-0.0890764933304461 -0.0827990062025784 0.140494763823792 -0.158692605282462
-0.029568166448624 -0.077352180846146 -0.102798476647255 -0.241797214867148
-0.0867326299978939 -0.129036893151765 -0.267109932706932 -0.12445710899932
-0.175198316085335 -0.108687224257345 -0.285844781180853 -0.0107888100484061
-0.182962157253325 -0.0610522048981638 -0.259139702860069 0.0235433972832721
-0.21725851774332 -0.0743485116879774 -0.224229848356405 0.0333266163351908
-0.18714639986408 -0.12240628644613 -0.199725232347839 0.0591138265019863
-0.157607283006136 -0.118701297351284 -0.167023623566367 0.0765545780778901
-0.188316252224544 -0.18830612628046 -0.176985793090865 0.0912977630353485
-0.143897938453075 -0.332747565251032 -0.199311822129225 0.0462530514854559
0.11596701903504 -0.425313380204151 -0.178567334837101 0.00613923862712079
0.353603235023171 -0.34467443117907 -0.243835570504131 0.157015873961824
0.204502817071091 -0.190995532600145 -0.18785752377999 0.19058098535484
0.0171999594189978 -0.249913102004982 -0.0182504712316858 0.300173504357338
-0.112687607125365 -0.0862407324136505 0.182665704250888 0.0505931106206821
-0.0510423813354521 0.0449998955025867 0.0950734396995744 -0.141791667120733
0.050704249588142 -0.000736269649838789 -0.11025282515955 -0.212519594589538
0.0100597638189191 -0.0841443012913442 -0.26938273223646 -0.1266273487364
-0.0541096991327772 -0.0980245050954343 -0.319900287366528 -0.0371758759803808
-0.0675310607148926 -0.0722552485271181 -0.31068867421721 -0.00828264946066987
-0.0833319788591365 -0.0846821370710771 -0.281101245489367 -1.48315718735466E-05
-0.0527389675699604 -0.0865577433266219 -0.239158646058404 0.0181649441657791
-0.0432364434238965 -0.0412279534827451 -0.191372365356183 0.04024626786617
-0.123769148714164 -0.0604345706451497 -0.203916048525691 0.068579573075719
-0.121538318755569 -0.208884364945183 -0.229321562095227 0.013992628580264
0.0954173316053653 -0.309285253658145 -0.166863399351362 0.0231078059462086
0.283948086231335 -0.218564788929499 -0.30015829879085 0.24825761042425
-0.0930594191109343 0.0905045452402084 0.310049681906455 -0.379574660188906
0.0194590258145652 0.129028649536275 0.111172179730635 -0.112089346540617
0.117937850231593 0.0546533992634754 0.227957072191822 0.0128226066980448
0.0806422260947475 -0.0987509213047318 0.207401754526245 -0.0668830522457333
-0.0604000786022804 -0.0791646243458438 0.176557996371775 -0.0133391450785025
-0.0750555001785652 0.0100304629884813 0.219065617104678 0.0287473469341362
-0.0530731043947529 0.0586302502526243 0.279848047886282 0.0303027080820242
-0.0470822590069468 0.0606122255364037 0.2999508232327 0.0339679461814936
-0.0567664687614437 0.0715820357753862 0.293557794651489 0.0470726559306251
-0.0761236605194851 0.0434624895154616 0.217273802768707 0.106290190530674
-0.0902643373211428 -0.0331399574500556 0.0947144341336955 0.17710106041075
0.00482199176492548 -0.124150166804887 -0.0443059551823716 0.107962547944545
0.114837324440263 -0.0179564233782129 -0.107880284628522 -0.00812747088246606
0.0403069936562331 0.0946946038450605 -0.0563969541954653 -0.162116193852275
-0.102526613643706 0.0797706628902106 0.122639141757456 -0.164035649072531
0.0526397408272682 -0.0855584390136914 0.287897751540356 -0.344246196281419
0.0906482977128281 -0.0757953457295022 0.0527069594246801 -0.0548161900238675
0.107503331686431 -0.132987442735319 0.241223167134098 0.0941268148142471
0.0305502818396048 -0.246265491229668 0.231279742932531 -0.0579174741851094
-0.145813008742628 -0.193359659069344 0.156764882545506 -0.034535615342111
-0.194939963989894 -0.0719977340946071 0.167595103431556 0.0363526251286287
-0.19703717914022 0.0224361590460012 0.236098448083423 0.0578430092847979
-0.161201110680066 0.0506752701832755 0.259952815191256 0.0577368618785239
-0.16019331564437 0.0585219012023024 0.260448270774601 0.0589248878533214
-0.150871897787772 0.00131362395433623 0.185576056852299 0.105899371689473
-0.138382948901976 -0.0698871461014818 0.074752813626392 0.161447662571635
-0.0439628114366993 -0.183634705546756 -0.0409135608384026 0.0937205099936793
0.0872648656149097 -0.127282566772416 -0.0904963446873074 -0.00224191739742845
0.104267664200268 -0.0275428326099439 -0.0785714952138606 -0.154170254348438
0.032937881992707 -0.0325210317939413 0.100768809592083 -0.191290902559865
0.202935663533493 -0.22523351815599 0.220068131401254 -0.263424518227837
0.179402992747856 -0.265100477224361 -0.0162377593399175 0.0324050327996297
0.0951579539014611 -0.313500431422928 0.247427736410133 0.168558401784503
-0.0238406982972937 -0.366135519139905 0.248691055691405 -0.0657558411870668
-0.205181584471129 -0.278803889867194 0.118707107517284 -0.0894142674166427
-0.276660809663108 -0.145631780291705 0.0782827766219467 0.0124986282037879
-0.304173300220731 -0.0220991852342757 0.144812842444931 0.0679292894547701
-0.250932245823502 0.0337718574535854 0.180413657521242 0.0736030707295302
-0.248650249022272 0.0434146207622937 0.199071085060486 0.065706852490413
-0.223168235496108 -0.0342814225292008 0.141150062164974 0.106965354977411
-0.193614933717058 -0.101442422724167 0.0532180210512585 0.152732294655458
-0.109557512634368 -0.235781853212895 -0.0460963961624742 0.0948713359546251
0.0291023220703809 -0.234033839818741 -0.0923565790052299 0.0102255226883328
0.13530189798669 -0.167185058753109 -0.107491860754064 -0.143858490640643
0.155201715100326 -0.160352414594001 0.0540031111138844 -0.189436641523913
0.325317439476953 -0.311154076848949 0.118818613084275 -0.153118622147127
0.249873160192419 -0.397656693319211 -0.0753284990079636 0.135574953612467
0.0727667696576692 -0.436492048286164 0.252169112062066 0.214322072346971
-0.0790177024549241 -0.417240533287071 0.250529485082641 -0.0922121585651475
-0.227236882788969 -0.305254707240507 0.0603615640519318 -0.160623053366224
-0.304301476520521 -0.188432926632942 -0.0330932774742399 -0.0307305808337926
-0.355268778695261 -0.0624081162512483 0.0247775227447835 0.0618664632853412
-0.302726700395364 0.0114193003731137 0.0726793484112793 0.0785584045690114
-0.311381061495398 0.0225882260472615 0.108479233081903 0.0696345451039272
-0.283431868872825 -0.0658261880137116 0.0746405086177381 0.107664647581772
-0.248978485519347 -0.128922206538354 0.0169202399975307 0.14710498180979
-0.183819132412847 -0.276651448309499 -0.0640200727513855 0.105857998761253
-0.0465727706227538 -0.327898032948519 -0.109107232679988 0.0299018706402026
0.137996768005078 -0.306889207998677 -0.13787893384125 -0.120254436147743
0.253571819120784 -0.283751941760092 -0.0115283559073045 -0.148939698323457
0.389603513046758 -0.339946002615289 0.0039449254952342 -0.0390776546209025
0.263336513875452 -0.448751186376789 -0.105656522604418 0.232021522753626
0.0332872687808622 -0.453492256389293 0.253177801494885 0.213844024930781
-0.113079138918436 -0.368313458375826 0.22873481737231 -0.12797474429647
-0.19717062849909 -0.262481266501212 -0.00999262558485339 -0.220549226242264
-0.270385786984806 -0.194055429187107 -0.142784362904605 -0.0742727079731601
-0.343637943824132 -0.0898399641906636 -0.10078841699164 0.043237027946236
-0.308260985958968 -0.0140239175612064 -0.0478900995142799 0.0722912005740268
-0.332242870174248 -0.00651571836737734 -0.00342576636459846 0.0688018245769321
-0.309177574883822 -0.0951764785323598 -0.0147337122397903 0.105438541454205
-0.273594655720935 -0.148751764151762 -0.0402083803267981 0.136498737782851
-0.234153294326001 -0.292055895776904 -0.0958824570039288 0.114180913352089
-0.114785833175914 -0.387098439143795 -0.134461443911331 0.0498213240246106
0.126192904516568 -0.41381705826407 -0.161991818502618 -0.0793273521092201
0.321005557360821 -0.373718964541051 -0.0880531968263261 -0.0672361258529972
0.383114621919903 -0.324151168405481 -0.0979322596607677 0.0609092331847019
0.213355267164945 -0.424903773625931 -0.0997465468279264 0.293949531472115
-0.022131439505885 -0.366907622315338 0.243704300953369 0.172022963229077
-0.112260588996258 -0.234575249404736 0.18655238340156 -0.155781124269761
-0.119477438252539 -0.174317608336749 -0.0714083659387373 -0.245460527801242
-0.188524527626639 -0.168347330432758 -0.223417395036247 -0.103539416831195
-0.277038937539628 -0.104241085931917 -0.207147675644745 0.0184872270093026
-0.265614800848549 -0.0396420327439813 -0.162258290127374 0.0539352036671394
-0.300858497197251 -0.0409958804283076 -0.120339240628513 0.0583963226925442
-0.277893128307203 -0.117571543789 -0.113438832641372 0.0917329525842211
-0.241907809381425 -0.150424462705621 -0.107468013134898 0.113765516345243
-0.233389186227591 -0.262909076080094 -0.13631899319137 0.108815397960071
-0.145521498071556 -0.387620908045253 -0.165795852280912 0.05741947971609
0.115877973979929 -0.45536991955838 -0.174756788159556 -0.031075639557956
0.352179097098239 -0.395628006169002 -0.165577556438867 0.0416253268139797
0.310005970689689 -0.272449981195921 -0.164375032850119 0.137422344050205
0.118331621318307 -0.350469945403044 -0.0649065133833272 0.311368738982881
-0.0753155262453685 -0.226688239150841 0.217452238723051 0.107394390401866
-0.0863830756755539 -0.0801668201038248 0.13627852049626 -0.159608351772582
-0.0261930533018917 -0.0794993882491504 -0.104255060367707 -0.234866508035228
-0.0881793052745228 -0.127924893031953 -0.261921072870668 -0.11600270036305
-0.174542876508029 -0.105145446092698 -0.279320540054812 -0.00837502876031075
-0.181023793330486 -0.0602688016679523 -0.253772287387995 0.0254341759965517
-0.21489529911557 -0.0710588788853236 -0.218354443856684 0.0346765728931089
-0.186481178955944 -0.120232480286995 -0.194031519528369 0.0606571503123132
-0.153969220324173 -0.118180710741384 -0.162723954150644 0.0763204547748266
-0.184428437652898 -0.181797490803653 -0.172786501401448 0.0892294703653591
-0.14043070955203 -0.322334396877309 -0.197563972564714 0.0456782651489458
0.108738171651319 -0.418646423134088 -0.17573312521974 0.00696188256142923
0.341494474465828 -0.341793011588322 -0.236783170514729 0.153895039190789
0.19583129367934 -0.191208601299257 -0.185257985176732 0.188419900897106
0.0125493848175946 -0.244350200607813 -0.0159620678442142 0.293946244159352
-0.109241446474839 -0.0804634434436322 0.179523741454794 0.0463115590872842
-0.0479085647382964 0.0452954545403514 0.0939599026494793 -0.142334545947045
0.0524370811275751 -0.00469996457829413 -0.110290572402413 -0.207347470753331
0.00810739126160622 -0.084613342423252 -0.263034617718824 -0.119116724036329
-0.0563317156722111 -0.0957790123977486 -0.312967714245815 -0.0335902415506054
-0.0684082818296625 -0.0718352098911316 -0.304927589202896 -0.00741579211613654
-0.0849040526519387 -0.0827316553082993 -0.274972076423268 0.00161091217687002
-0.0550218144865483 -0.0867351598339659 -0.232631540927845 0.0198825875835722
-0.0415355843785791 -0.0425296645428343 -0.186578279345673 0.0400953965120921
-0.120322015998682 -0.0561104672340369 -0.198613785260972 0.0677271550392946
-0.118999786024038 -0.200565711974119 -0.226672235757143 0.0148576372337167
0.0889671561629095 -0.304024125609856 -0.164664891722737 0.0226312264787284
0.274982622956247 -0.220050190994349 -0.291100775801936 0.244502430846647
-0.0916785459948018 0.0929018532384608 0.307279991976258 -0.375709604499779
0.0189669989306019 0.128484779241404 0.110353662228287 -0.108684367161686
0.117985261625302 0.0540154415828758 0.228844836426832 0.0120113094373929
0.0785632110072998 -0.0999691773576322 0.204480077749616 -0.0669187874915411
-0.0621272139172164 -0.0763714848283133 0.175653287394889 -0.0132780802592583
-0.0754102674463652 0.0122239776414275 0.21846311435908 0.0297409549035784
-0.0510760379583642 0.0589119376823447 0.278710531548406 0.0319278898366337
-0.0451970215936753 0.06171362886342 0.29980890527685 0.0372345526084434
-0.0534228923745587 0.0717508383984807 0.291094646530803 0.0486280406539436
-0.073697802927448 0.0445091386767168 0.214572033331621 0.106977071788613
-0.0895683285691549 -0.0314237376038675 0.0948231148037694 0.176832960418781
0.00277911174441782 -0.123578906064706 -0.0455859605817495 0.108308384075561
0.115366609980306 -0.0199985286942213 -0.108881080489341 -0.00695165197537476
0.0413192178159522 0.0919050199099298 -0.0550053390844631 -0.158780522309552
-0.100882757330954 0.0823472591263032 0.124739189101356 -0.161630125761083
0.0517589967142706 -0.0820281039984083 0.28495359130264 -0.34042899258468
0.0909458714700911 -0.0748927736330915 0.0522520497882465 -0.0513648364131429
0.109323325350217 -0.132745057901675 0.241495828735515 0.0930965200551661
0.0302968955456841 -0.247776837601301 0.227647100052321 -0.0587532218113247
-0.146014759242503 -0.192202746169671 0.15444864269762 -0.0341190761109754
-0.196733976335812 -0.070094837646033 0.16738619257896 0.0388196676157215
-0.194353560916926 0.0237730466401633 0.234142440071301 0.0589011917258145
-0.159540603968956 0.0510899091976719 0.261304246743299 0.0624018410702005
-0.156931022921459 0.0585746961772257 0.258240444070292 0.0608929258956101
-0.148318877105534 0.00260902230865389 0.182899797122851 0.107957412357606
-0.136642560693677 -0.0685586400732747 0.0749429193689895 0.162111047304681
-0.0446455362792682 -0.182889543795847 -0.0424532883538387 0.0934105430571257
0.0881173122609685 -0.127834387657672 -0.0918481257735488 -0.00179559388076768
0.104711510081659 -0.0294522484976117 -0.0760545487032748 -0.150964685958292
0.0345779617631274 -0.0294695132346153 0.102449530395413 -0.190110593099165
0.201340731109448 -0.222232166868107 0.218258729535695 -0.258147211183531
0.17944228643196 -0.263830773461539 -0.0165942332147832 0.0365754460958371
0.0995127277048571 -0.311675554848889 0.247825054149992 0.166547308029218
-0.0239697410635849 -0.368620943730994 0.244510833044701 -0.0670743077797921
-0.204492829560311 -0.27897332148771 0.114223430567385 -0.0894219098793304
-0.278651969280578 -0.144732069362699 0.07830371268336 0.0162153794568711
-0.301692912617407 -0.020858530347907 0.143364445288768 0.0685014763881468
-0.249622697180307 0.0335924272517778 0.181887444910842 0.0773361765899693
-0.24551294894372 0.0417475796267834 0.197745250476501 0.0674324778679712
-0.221253121668672 -0.0342807774302518 0.138924300591971 0.108573352263334
-0.191218185774104 -0.102096041607042 0.0526799884006336 0.154276566944769
-0.110333647841492 -0.235190893328208 -0.0482753680721198 0.0948993396805245
0.0312575162728497 -0.234430894516983 -0.0938536182365775 0.00988605575539024
0.13625557221402 -0.168601422021225 -0.1049458995395 -0.141419496410953
0.155521461194399 -0.157366431707039 0.0558154638437097 -0.189283798744419
0.323007673399302 -0.308565576195318 0.116782620851671 -0.149996375287003
0.248954433060308 -0.396044142081076 -0.0755724676103538 0.140289201798116
0.0760402433119157 -0.43288135430769 0.252685585021395 0.212041138633321
-0.0785973600690977 -0.419772578660888 0.247173973463196 -0.0937584996891588
-0.225089199600963 -0.306497906924316 0.0548175633164372 -0.159888395233616
-0.306362519106923 -0.188815140397264 -0.0328055209031941 -0.0260040415681096
-0.353321582830612 -0.0608032495197069 0.0230539850704156 0.0614075928533601
-0.301720064423516 0.0112543804051315 0.0751072885008203 0.0822238179454965
-0.308126187922419 0.0213601917307381 0.108280532599656 0.0709456809916645
-0.282714762756824 -0.066499438124139 0.0735809014172093 0.109681645305532
-0.246607747116848 -0.130746643055387 0.0162304220229021 0.148524714004721
-0.182497602664841 -0.276497559794708 -0.0664540044327348 0.105104725829118
-0.043766109544765 -0.327382648648507 -0.11100845957097 0.0285030010426062
0.138784285895923 -0.307217280086241 -0.135707182597132 -0.118311886501245
0.25269395011092 -0.28105849235666 -0.0109526337160804 -0.149543217495637
0.386637685478704 -0.336550624974004 0.00163356493063822 -0.0376718699753012
0.263136808400417 -0.447329879184356 -0.107067403045759 0.236176360691786
0.0361801593992082 -0.449592857010809 0.253559352250466 0.21276982748568
-0.111511402673277 -0.368321279204406 0.225514696612518 -0.129059097449303
-0.194986782996502 -0.265044298785317 -0.0147633407400045 -0.218784177891966
-0.271673443423084 -0.195154705275448 -0.142077969901759 -0.0692158290135319
-0.342571233921117 -0.0897210490786633 -0.101782064382782 0.0433544016226699
-0.307690805951442 -0.0152473824521206 -0.0457565205125928 0.0748043151067877
-0.330728550047229 -0.00751179360371101 -0.00329118492498221 0.0695356073561774
-0.309331648004981 -0.0961680833248839 -0.0152999956811019 0.107655885947251
-0.27117296682518 -0.151412196038654 -0.0414319889593971 0.137729215453822
-0.2326241072425 -0.29068237663073 -0.097900415723983 0.112528866275127
-0.111471411787541 -0.384982714404977 -0.136936803055617 0.0480066445608981
0.12720911980987 -0.411865647455585 -0.160399299774672 -0.0782948320703454
0.320148355577526 -0.371741924390427 -0.0874671052524459 -0.0689201241126469
0.379570302193413 -0.322854154775141 -0.0999986775144779 0.0613589975185847
0.212781391903832 -0.423926982506262 -0.101477382898876 0.296492025497372
-0.0203586527152815 -0.363505605302315 0.243618950614534 0.169818547835675
-0.110866304423284 -0.234900920330238 0.184512425291622 -0.157551106986243
-0.117216008128781 -0.177751565628694 -0.0745213881966066 -0.244348486151584
-0.19010628345267 -0.170011414210021 -0.221979730568196 -0.0994550992561837
-0.277163260004223 -0.103992556332722 -0.206838826094197 0.0186555514773834
-0.266646850263319 -0.0413091547396585 -0.160873686731635 0.055197434256754
-0.300354243551775 -0.0422509998353986 -0.119454604353553 0.0585101114168059
-0.278774181366155 -0.118431000578298 -0.112680371834386 0.0926615238894944
-0.239988779281987 -0.153864375467718 -0.108468835436515 0.113802489145519
-0.231788799815607 -0.262913971759134 -0.138113914059618 0.107479909566328
-0.143201008153655 -0.385579918743509 -0.167993498958516 0.0557639296351275
0.115752581553446 -0.454580003169692 -0.173590195959129 -0.0310897482000476
0.351226309593619 -0.396249610431251 -0.165010959854555 0.0397632226312597
0.307421005093109 -0.272853632881313 -0.166367562023648 0.137542851441369
0.116758286907061 -0.34805014273993 -0.0654794603302327 0.312081554689572
-0.0733374735422835 -0.223134417549772 0.217126585288473 0.105637984020271
-0.0842394231824386 -0.0795704538805079 0.136070237562351 -0.161504855815405
-0.0233581822792541 -0.0834705577686841 -0.106335761603168 -0.234311027230454
-0.0891387550378828 -0.130111271808848 -0.259261982601463 -0.112742382480889
-0.175821213181007 -0.105831917332948 -0.279297077950493 -0.00844314279792897
-0.182979486208424 -0.0625172452734518 -0.252970110829088 0.0255749647972139
-0.215571690372729 -0.0716661403819528 -0.217464794644138 0.0342961945853808
-0.188162363416629 -0.121482115438088 -0.192941082575303 0.0603693012711353
-0.151988988403149 -0.122134651085478 -0.163504700747697 0.0755910440102129
-0.181221375338193 -0.180617928136511 -0.173557560322299 0.0872518955973065
-0.13696324618166 -0.32126955347859 -0.199753284011087 0.044188731885649
0.108724486667536 -0.416858925751806 -0.175627859787941 0.0057267188077336
0.338954413839315 -0.342575997188685 -0.235513498201581 0.152458564307062
0.19336210308091 -0.191638186612494 -0.18653638437368 0.186840872966629
0.00994409595255662 -0.242729601925619 -0.0161351480832216 0.293998977101502
-0.10708686091956 -0.0783381259479228 0.179312951730035 0.045443046331137
-0.0455126646476941 0.0466006482005439 0.0947779045933283 -0.144536751513655
0.0546378544813183 -0.00837932545276119 -0.110466224694382 -0.20656546974805
0.00706825574821322 -0.0871251319600009 -0.261178487451205 -0.117065641667007
-0.059239369953508 -0.0961252846664318 -0.311333176599409 -0.0347658514154467
-0.0710442553935022 -0.0742998288609496 -0.306089556244653 -0.00788845496187304
-0.0870581054336604 -0.0837035471004536 -0.274242377793077 0.000586923064813179
-0.057165593079385 -0.0887093106472551 -0.23122027290741 0.0191988257291386
-0.0398919027177891 -0.0458466058937639 -0.186023774470897 0.0388028458731936
-0.117016958616354 -0.0550777081899776 -0.198200322260868 0.0658353459650457
-0.116569273343709 -0.199263761242911 -0.228831289421272 0.0142744252002761
0.0880663856559127 -0.303893106830267 -0.165655175922815 0.0206714717232736
0.272827717299299 -0.222443461126982 -0.289578155222359 0.240941298309537
-0.0923526159822984 0.0972869843170578 0.308643890710451 -0.382771611834369
0.0200031271640512 0.130842094194803 0.111772773730608 -0.108173787462888
0.12180442644326 0.0530863765609677 0.233882091084583 0.00946359234557746
0.0772018675825507 -0.10347117116331 0.20689669131791 -0.0706753623159321
-0.0653125321651052 -0.0750736478387112 0.177944922224124 -0.0157865700277226
-0.0774522373095646 0.0159943748021804 0.223719719421335 0.0300639661253252
-0.0493521282914147 0.0609650511863286 0.283476551490041 0.032142207097631
-0.0432744931183788 0.0644134507173344 0.3084952637353 0.0385443822876263
-0.0518551260544172 0.0741454553028788 0.295864373857808 0.0495402760909742
-0.0726593844071214 0.0467233155447541 0.217457374272037 0.10911330474431
-0.0915071189484855 -0.0293685743042237 0.0989749113932566 0.180586411957094
-0.000873272144076624 -0.126383980769367 -0.0471902962961838 0.111796755505164
0.118142248660786 -0.0237279227754606 -0.111938787972225 -0.00550231349723098
0.0436427176251873 0.0914238704364774 -0.0546700016404773 -0.159126074063841
-0.101048797508455 0.0878868897175568 0.128951478345882 -0.16467544848897
0.0522096897454341 -0.0806737195210799 0.289085047178021 -0.34659276520313
0.0923057621495126 -0.0768115679231138 0.0528708453397363 -0.0484239518179383
0.113137324561292 -0.136776189355395 0.247774952877199 0.0917215479723943
0.0267102686047874 -0.256050987346525 0.22953494137727 -0.0623492733346723
-0.151614325181547 -0.19449859270911 0.153821385571934 -0.0352494067748567
-0.2023938001673 -0.0679087693271322 0.171878455271322 0.0412166862723204
-0.195315837897872 0.0264303253416083 0.237581485189013 0.0598562801495455
-0.160731866162859 0.0548203280553352 0.269947897873989 0.0646611766657037
-0.157723542109071 0.0603610323513046 0.263655999715374 0.062298305944203
-0.149785387678636 0.00379636836631962 0.185928378476771 0.111203742746604
-0.138256659088595 -0.068553768941581 0.0773411701473209 0.166643352102637
-0.0487054572530394 -0.186317885846027 -0.0453113022029353 0.0959787671654967
0.0900754036488059 -0.132614198569665 -0.0951640590857892 -0.000899218608298456
0.10699997707493 -0.0325348179280222 -0.0757320005133333 -0.151249310417191
0.0365026006673436 -0.0275462267510024 0.105785500489267 -0.193888209885709
0.203026974205479 -0.224072267030289 0.220686135551302 -0.262310416406763
0.182155452415479 -0.270249200575731 -0.0165765795525394 0.0422198704615336
0.102273497059958 -0.319106327051153 0.254207722295059 0.167178177129235
-0.028358767956175 -0.378503820639997 0.246471365915148 -0.0707981760833647
-0.211120511392983 -0.284230947414848 0.111079910337834 -0.0903185205367417
-0.287722556387607 -0.144983121014248 0.0800217897403124 0.0201084876532535
-0.305808344560219 -0.0182893303182188 0.143580284487953 0.0701229176964043
-0.253880494564915 0.0367347098998287 0.189535197522197 0.080635457986552
-0.2481612990125 0.044409589071709 0.202267754815356 0.0694488549136416
-0.225260159459803 -0.03347745486982 0.142049803144837 0.112116494793046
-0.193973858671698 -0.103638760700124 0.0535918217594241 0.158875409078503
-0.114863295843664 -0.239382951377628 -0.0518053122320442 0.0976873204409412
0.0323523647390583 -0.239769810882728 -0.097954806112869 0.00977546472677427
0.138643676024641 -0.174400867125438 -0.105818820251434 -0.141564661007499
0.159090910914949 -0.159672036064756 0.0567026626683506 -0.194346880127889
0.327358292974906 -0.313734017127465 0.116503694705798 -0.152002418828707
0.250550214734621 -0.405077129031734 -0.0765060881225625 0.148560035126705
0.0794550450910601 -0.443122344137339 0.259286310850032 0.213872530524246
-0.0823501749134175 -0.429624375188311 0.249223477788042 -0.0992677077613304
-0.232303845890808 -0.313340437706393 0.0493354571726104 -0.162246111641239
-0.317524082183604 -0.191924403223288 -0.0336472761797657 -0.0212417103829562
-0.36004883702513 -0.0594851539585443 0.0218850241408639 0.0638380313115708
-0.308506013725463 0.0132154278510356 0.0801392916888751 0.0863814674056317
-0.313468498214747 0.0229527621396791 0.111581537279612 0.0730105508020624
-0.288948006743399 -0.066668733447776 0.0752098154746324 0.113573318983962
-0.250121027349788 -0.134312109651133 0.0169287774749692 0.153475228452798
-0.1879127444565 -0.281689306397811 -0.0705917500195931 0.108293699510998
-0.044081669996385 -0.334534016772861 -0.115244291264367 0.0285306256431462
0.140326710411724 -0.315156167745318 -0.136821191078121 -0.118838407954244
0.256489629375915 -0.288803273314778 -0.0117600399154743 -0.153218230421498
0.391886392692965 -0.346063189287829 -0.000475554440037069 -0.0374797675561862
0.2652587278442 -0.4563182291955 -0.106806614558889 0.246528148747075
0.0370930659799816 -0.45769749517171 0.260879107986976 0.214897185587837
-0.115198871328831 -0.377519409090747 0.227506093331275 -0.135576127869377
-0.197687483759751 -0.272596684239183 -0.0220665317364837 -0.222524130509382
-0.281752124570162 -0.198889010296269 -0.145408737575127 -0.0648002085776195
-0.350289477657097 -0.0878746827347181 -0.105182333332309 0.0455106387641247
-0.315855619739447 -0.0141962966267179 -0.0430257043542655 0.0787661395785451
-0.337198603990732 -0.00728195054013213 -0.00213138539403217 0.0718398413595955
-0.317742361163591 -0.0964592624707288 -0.0142881474578158 0.111769949275084
-0.27649387560636 -0.156373976681633 -0.0421102330784661 0.142330566486231
-0.238580674396765 -0.295118530484498 -0.101939900556787 0.115376133103406
-0.112389110887056 -0.392365026961222 -0.142297286183466 0.0479035459271901
0.126429619131164 -0.422887799860345 -0.162197525357068 -0.0789329025709996
0.323636202708825 -0.381580754212946 -0.0892943022404838 -0.0704356527090964
0.383067304010364 -0.33116874636834 -0.10396746442327 0.0635245826939798
0.213027569025209 -0.432457091051931 -0.100921329846862 0.307118396331378
-0.0197533902672387 -0.369793613697238 0.251061249909532 0.170713603305891
-0.112386754018232 -0.238540839211381 0.186154397894782 -0.164854300049655
-0.117584492513128 -0.184269247604704 -0.0819823805221531 -0.24782872100192
-0.197638456620603 -0.17455705452481 -0.226114818875001 -0.0957551318766316
-0.284170630711176 -0.104267679292337 -0.212302529967078 0.0210306585209174
-0.274312583459504 -0.0418161372762032 -0.161942316428195 0.0587180613374279
-0.307828104644808 -0.0429599787418835 -0.120424922723022 0.0610730515814557
-0.287854102057007 -0.120632630048786 -0.113310074796283 0.096883275635104
-0.244232879056279 -0.158856822364569 -0.111315573477283 0.11795655028869
-0.235614591419811 -0.266340766124298 -0.142600923265323 0.109280057409372
-0.145050305580362 -0.391656575044116 -0.173530838764549 0.0564860272717469
0.116418726580149 -0.465177665382383 -0.176678949496347 -0.031184504530316
0.35448272476178 -0.407578146459596 -0.167520627621983 0.0407186125916951
0.309720314404203 -0.280497222560161 -0.171025040200722 0.140187643727824
0.114460044951334 -0.355460907016508 -0.0649252638328997 0.321777600748408
-0.0743658661055716 -0.225777799053257 0.222674356750162 0.105757337508834
-0.0840051723399371 -0.0790372615688073 0.137697562358098 -0.16887400639903
-0.0215882363658822 -0.0888887390897997 -0.112941182368946 -0.237320889251499
-0.0938756618236156 -0.134640393517428 -0.263569716036268 -0.110292978800131
-0.182022716061408 -0.106692632114476 -0.285017983859478 -0.0071160623276099
-0.189682393182114 -0.0641790990982705 -0.257864630465757 0.0285048209055316
-0.222219474570262 -0.0731805578129292 -0.221244772787542 0.0363044770600165
-0.195521269223221 -0.124920416712326 -0.195068432456965 0.0633329044797774
-0.154528730780036 -0.127013317159919 -0.167024607543691 0.0780144789457768
-0.183517271034163 -0.18293023347718 -0.177706002491601 0.0886718741123119
-0.13928955735878 -0.324081421582457 -0.205641946240558 0.045356246690105
0.106893546838424 -0.42637073233515 -0.179792310462472 0.00621629933439499
0.342549190358096 -0.354986924119996 -0.238667667580116 0.1552080340675
0.193453534278188 -0.197731121556242 -0.191816428630913 0.191011058666914
0.0062761123422924 -0.246895842381061 -0.0144547746619631 0.301853911713104
-0.107591273286254 -0.0777026607881282 0.183377614068259 0.0440293507495168
-0.0438635586266992 0.0493948181440286 0.0967602103344998 -0.150964069921077
0.0578505618611475 -0.0131278877480129 -0.114962416759543 -0.209752259655439
0.00499637968919474 -0.0913457541509835 -0.264681770554284 -0.116478241247259
-0.0635871466093038 -0.0985210434187854 -0.318210175116974 -0.0338062492547424
-0.0763793984181722 -0.0772071608942969 -0.31385244200312 -0.00721292896207405
-0.0913554222987287 -0.086054191924283 -0.280527616897358 0.00162586758997128
-0.0612342315908395 -0.0919054406744097 -0.234073448384141 0.019873524388586
-0.0400145247857351 -0.0492409479685737 -0.189009369497586 0.0387659495520673
-0.117476818824686 -0.0534748733216246 -0.201240946339585 0.067167037582987
-0.118735904461224 -0.201837366435451 -0.235753979737658 0.0162495940142063
0.0859156759239463 -0.310881970693089 -0.170347144776072 0.0203736999287773
0.27597560546199 -0.232156660721791 -0.293890743626191 0.246391219749223
-0.0833375067920268 0.104793289471439 0.281920160674189 -0.415389933953482
0.0343217157487289 0.126434340093883 0.0981529057328604 -0.115267637914421
0.131370851420071 0.0344662825839289 0.23461484983034 -0.000304410113626026
0.063525193942049 -0.118901637078923 0.210296275303147 -0.0808572374113204
-0.0728534762180508 -0.0681776420153445 0.184217330513764 -0.0364324562323014
-0.0735090782983298 0.0235808938227923 0.230743106355598 0.00887816705802283
-0.0380998498324372 0.067408782381326 0.290626596632061 0.00281783687452534
-0.0341677864940183 0.0679050083484192 0.320579539443119 0.0125951419948196
-0.0413455502734033 0.0818814071838875 0.312134446213218 0.0277702282257569
-0.0681890236992986 0.0568969280859798 0.236797684315314 0.0972850536604101
-0.0974310386602795 -0.0173346393968333 0.122629671466131 0.1802146367763
-0.0194195303512043 -0.129410568064395 -0.0388422494374458 0.126965165410145
0.120642219138271 -0.0409393199658879 -0.125014877815247 0.00733946718082361
0.0570551439583462 0.0888341501076952 -0.0680685531665141 -0.167944356736525
-0.0937583308005794 0.106409594579146 0.134128386246543 -0.181080081528204
0.0394051492852417 -0.0906579267857958 0.275348049140816 -0.36752251025546
0.0834620405248521 -0.0885017355857356 0.0553721849811321 -0.0430701889966805
0.1015736500148 -0.155517890357775 0.271628454657982 0.0836095610748856
-0.00558420141728956 -0.265855643088702 0.246759073468613 -0.0760447699940811
-0.173590152391664 -0.180871906458121 0.164611920920106 -0.0595260442136922
-0.210456619721972 -0.0490732414038602 0.183960650599409 0.0204875772122697
-0.192619506247293 0.0510498303368862 0.255360792697528 0.029776488191544
-0.154480270363602 0.0681024216624323 0.283364999122803 0.0424090256110469
-0.150659022095669 0.0790464143346864 0.280205472157539 0.0434019342452223
-0.151672215406658 0.0213566000270013 0.206579480412841 0.102127170006798
-0.148154899468426 -0.0534557145065707 0.0990686015264941 0.167865758190145
-0.0736462314852941 -0.184766926571431 -0.036231793630069 0.110533237156531
0.0801538189404238 -0.149170049725102 -0.104535506668891 0.0147929167333275
0.112386355592741 -0.0459008241810883 -0.0969042277529772 -0.154105570763288
0.0411621483003102 -0.027448721104497 0.0949816446823389 -0.209953076534307
0.173307042018469 -0.249996740235745 0.222499482735561 -0.266191296163699
0.151468913644172 -0.290522285201922 0.00258555395258879 0.0615155729658523
0.0704193771877627 -0.337574888238098 0.301203759861048 0.160149067577695
-0.0749861473055473 -0.38466767492638 0.273721880606284 -0.0890293490849897
-0.243687592590493 -0.266439100397928 0.120252688542468 -0.1155669210859
-0.306125028155935 -0.118017894637722 0.0932878855683291 0.00387353756436108
-0.312012174004888 0.0196142283857974 0.167790344061765 0.0442633338248438
-0.250841091473616 0.0581295646561468 0.203368380311099 0.063630665242539
-0.245018541462342 0.0721739781622547 0.217835596403248 0.0563116788947419
-0.233446481970138 -0.00968562844050049 0.162944246410336 0.106822189805316
-0.207934374212076 -0.0854008861670266 0.075223023056899 0.162919560388814
-0.146646123262437 -0.232377805423734 -0.040377228146753 0.113868240417782
0.00974128588238616 -0.252331033414764 -0.103414548613758 0.0300091600465101
0.130739551720934 -0.196834975136971 -0.132991070241062 -0.134369444407056
0.157131966371401 -0.179158303721277 0.0313017733741899 -0.20417215886317
0.286327422658957 -0.353695659096441 0.128566997754959 -0.137199898611558
0.208507627845062 -0.433165462793213 -0.0428615866102977 0.179986207774586
0.0317137206578237 -0.459182368302299 0.321153199638843 0.207353562762951
-0.136590125793373 -0.429697615750482 0.279542956492648 -0.121134253325422
-0.270215761148821 -0.295916791665508 0.052894237087799 -0.184710134432634
-0.342226405244372 -0.162961080072047 -0.0237858784389455 -0.0298693035934409
-0.374529175840563 -0.0150022000210443 0.0475959109290733 0.0489536683699223
-0.309653395957171 0.0398977760741544 0.0923940066288094 0.0782814226698092
-0.314068636444339 0.0577577828744031 0.123692908372878 0.0672821384517108
-0.303689502987937 -0.0371046113653665 0.0949208887440159 0.114285153999294
-0.267892056179161 -0.111928594280132 0.0361156787312821 0.160570570276119
-0.224952053800004 -0.26713563856987 -0.0561785448826138 0.125738150175753
-0.0776020245244995 -0.341175234711476 -0.116197235638009 0.0536401088973476
0.118794137906795 -0.344073051097443 -0.16967376948379 -0.101144237119262
0.247293394865981 -0.323652863378479 -0.0472503184286619 -0.153713426815109
0.346576985908809 -0.390809427627853 0.0185196594857732 -0.00756314416108194
0.215537167910988 -0.485527051468582 -0.0634735633639403 0.282397976453115
-0.0128413143182213 -0.467994554049586 0.32434030439509 0.20383469454031
-0.161453511514733 -0.369577564478242 0.252448111875576 -0.161742174975328
-0.231579333271706 -0.259027768375327 -0.0286846829635556 -0.237959954748492
-0.309391740922965 -0.174187129245503 -0.14074513994104 -0.0632202798564929
-0.369730745916578 -0.0467083199249733 -0.0821590547602524 0.0440035313448707
-0.321113942163762 0.0124343896481422 -0.0358077933818672 0.0814231768823962
-0.342725017755007 0.0299744423331911 0.00609661047492287 0.0765530641522995
-0.336359914819695 -0.0653332677072922 0.0018583253706714 0.119101813832923
-0.296925887116298 -0.133306689562451 -0.0257125543458618 0.153577490899441
-0.277307166002281 -0.278220594913671 -0.0876897006873737 0.135823562325646
-0.153052371941063 -0.393178507857831 -0.139110930552124 0.0776368089655201
0.0944227855403597 -0.455433717886961 -0.196210127246608 -0.0509259596294024
0.30774814756304 -0.429977816911332 -0.129845836111418 -0.0605117180676789
0.340875357913796 -0.375139987392912 -0.0821870267050153 0.101093729524077
0.165449984182526 -0.454687193642342 -0.0534505342865913 0.340412221592125
-0.0602644126631876 -0.371319035647105 0.303677376299073 0.154270851317252
-0.141218262267821 -0.230835555618784 0.196887714230389 -0.18990507869306
-0.141365194849176 -0.179411116260152 -0.0969496551161781 -0.252293330381402
-0.223209301183304 -0.15721622845571 -0.226423731130402 -0.0849831375484222
-0.306440269352919 -0.0695939997077747 -0.195313134047516 0.0322698905268659
-0.28232569563701 -0.0182923024351403 -0.161231796898923 0.0718705030809667
-0.318652168523273 -0.00886358655932651 -0.119010800470656 0.0751053901472724
-0.30874548800976 -0.0940011063578083 -0.103435619328189 0.111990576368972
-0.264745251978337 -0.14080169362947 -0.100875682666877 0.133122946196759
-0.269759574816999 -0.248913468053077 -0.130555339406387 0.131122789761732
-0.18580382505512 -0.38986068327113 -0.169461647804199 0.0892310839124219
0.0765591337445596 -0.497824749865584 -0.208777445739219 0.00255840923050139
0.336802061661237 -0.462360431733152 -0.206510209087959 0.0609147357438035
0.274110963284235 -0.315732223635505 -0.149002283525355 0.177868855517164
0.0765470773845337 -0.365001907532884 -0.0192997882741431 0.344299158742068
-0.0995045477039981 -0.219281838453802 0.25682380791621 0.0831083700759703
-0.0915562442046919 -0.0715915421778847 0.133475510341711 -0.191372059873054
-0.0346769876086178 -0.0937612569793857 -0.132413610938732 -0.232527199418779
-0.114214308458529 -0.127148177989135 -0.268094474896215 -0.0926826902799108
-0.203628290456396 -0.0853847118843564 -0.276788232513669 0.0157447909223015
-0.201223842230134 -0.0480616306456038 -0.262642229198609 0.0494035233344098
-0.23608232170747 -0.0504624863560219 -0.226597846512017 0.0578807900240996
-0.215144618059488 -0.109277883083705 -0.194166379630269 0.0837486797866962
-0.170000689289018 -0.11816122873389 -0.16490899907825 0.09612865990818
-0.20555388609105 -0.16914628897241 -0.172607696080664 0.110101399390027
-0.174277573073455 -0.322242560167957 -0.204806378758772 0.0781179074716358
0.0703854027441123 -0.457124858637959 -0.208202817367476 0.0399928356320825
0.325429827362957 -0.407846913132104 -0.27042228248443 0.183376204135503
0.168981703334785 -0.218571153809026 -0.171915950288403 0.221717312475869
-0.0202216213789544 -0.245003760377043 0.0244189358408349 0.312507909398907
-0.114642540332569 -0.0655426701658965 0.198659375204448 0.0200361331732067
-0.0344470812960112 0.053715329074501 0.0831107581490406 -0.169959255377523
0.0538676078674895 -0.0256885087036854 -0.135241124254831 -0.199288510070359
-0.00991480840766653 -0.0932384870434935 -0.272549353847495 -0.0958195479181027
-0.0823555700150154 -0.0917307226855685 -0.318380391352729 -0.00398094151298519
-0.0880039576998251 -0.0707356156418647 -0.324342675723275 0.0194563264407109
-0.105179751493706 -0.0775198454077605 -0.292702123457838 0.0257834553848301
-0.0738824783681105 -0.0904682550540832 -0.241805332253366 0.041248467667634
-0.0448393772305844 -0.0509919220728933 -0.194092091622086 0.0561401587383568
-0.122216663335751 -0.0437357722907657 -0.202316108597386 0.085741588062171
-0.139619866769362 -0.197430008323395 -0.241004037928283 0.0446009322097514
0.0582069552079095 -0.336250247673216 -0.194162880728787 0.0480714933860392
0.264465170883579 -0.274443036917703 -0.310981820279967 0.278012345117678
-0.0778596944535888 0.112810546021461 0.25947510669861 -0.433502015244527
0.0417362965543275 0.12659397082666 0.0933596977213289 -0.118539322819748
0.136447632828015 0.0260205425908784 0.239070257011482 -0.0146823170517104
0.0548712812151673 -0.125033463052991 0.206497309405619 -0.0953787453562034
-0.0788494562574547 -0.0629375521246381 0.181922580001002 -0.0481975863201976
-0.0724450180430675 0.0318548016804768 0.234570043626693 -0.00325263352020778
-0.0325878474014102 0.0705477772319714 0.29479975744122 -0.0110948627389998
-0.027433179714512 0.0710449588970334 0.328427310058052 -0.00456865235705074
-0.0341878981746691 0.0856383754790926 0.317936907843531 0.0122487843001009
-0.0634290495980639 0.0619748840968199 0.244614192515724 0.0868150265107957
-0.0984167797446544 -0.00977465615059614 0.135524204114446 0.175623282208443
-0.0300723549364822 -0.129135692182436 -0.0336780292210149 0.132061797936942
0.120266950407046 -0.0521537739558976 -0.127698979296491 0.016358021170177
0.0628656393577924 0.0852993858820692 -0.0765102464344606 -0.165836336272876
-0.0860974202145558 0.116732249185642 0.128065275628502 -0.191336874183191
0.0349426899408859 -0.0904600520098643 0.256855547430294 -0.385582710642077
0.0800181477991928 -0.0936171635490147 0.0548159487414801 -0.0429367012191286
0.0969181522406954 -0.165558876656111 0.281869155794454 0.0678172622703875
-0.0228500478977188 -0.271885228576691 0.24229584436834 -0.0926938732891565
-0.187939233743443 -0.172397471842593 0.159529336200223 -0.0680394695112204
-0.216365070597386 -0.0341941444722164 0.188370043417754 0.0125292591846467
-0.190686469886174 0.062663962169781 0.258464168839095 0.0196266190296469
-0.149807416920407 0.0784312454208415 0.294810178724851 0.0263243091666833
-0.144695196556418 0.0888477749454552 0.28780706949142 0.0294095909194607
-0.151099850938238 0.0303341042605933 0.214291274489763 0.0943453706351206
-0.152590962072277 -0.0458848195326902 0.111082327846354 0.166350034061944
-0.0882781884778655 -0.18279612512043 -0.0329768320152174 0.11647988390376
0.0731444746734791 -0.159043376641427 -0.107302187965353 0.0217036590705559
0.110062131708029 -0.0545431808250516 -0.103853580111081 -0.149477732800805
0.0420529584288668 -0.0279104926915129 0.0856081315131777 -0.218593784642349
0.161718588898047 -0.260566438190905 0.208208643338677 -0.281101827448201
0.136933090211991 -0.302031784143556 0.00817387504122595 0.0664448987418135
0.0548372587212484 -0.348478910403746 0.316138911358928 0.144669730714017
-0.0998929738664728 -0.387271696139492 0.268820580634793 -0.107293160157011
-0.263378983005765 -0.257632200174866 0.11019426178371 -0.120998848075111
-0.319131472733092 -0.0999919920102602 0.0962562997244053 0.00213076009603392
-0.313824141400626 0.0377766052828816 0.170294670734147 0.0405619648001669
-0.249567711089756 0.073663526301971 0.215367540078374 0.0542088296711362
-0.242712744684688 0.0866539819319522 0.225895170068341 0.0456025033722341
-0.236972029082081 0.00366142107001934 0.17126520180593 0.102597757900861
-0.21446443374083 -0.0761288422306612 0.0858063913699774 0.163164929874253
-0.16321319341214 -0.227002273150782 -0.0372556659455872 0.119360897296094
-0.00266974942348838 -0.258450967222037 -0.105116715779142 0.03600986771751
0.120488048536942 -0.20809356484374 -0.139831925741778 -0.129253830302239
0.150710408519554 -0.188852007262895 0.0204081528450203 -0.209612566134072
0.268707547209655 -0.372013176066701 0.121143768626993 -0.145528363851982
0.18442160787657 -0.450181006753307 -0.0307141969311338 0.188929080447536
0.00767151136155769 -0.468291107410222 0.339241081114535 0.191354396268961
-0.16286293587227 -0.428029422221195 0.272748010634794 -0.141414420816531
-0.290664814195735 -0.287165560052406 0.0371065981766975 -0.186382322700785
-0.360089799983489 -0.144300672826175 -0.0241343693348692 -0.024183688697667
-0.379045318010969 0.00662099199745394 0.0482428019734507 0.0508714335797111
-0.310907918362136 0.057639422471694 0.103307115827892 0.0750222578668106
-0.315296596662218 0.0757292231690686 0.132069414781386 0.0623742328585765
-0.310194203579684 -0.0204668840122359 0.103916569445456 0.112366009626249
-0.278025160384349 -0.100557378418301 0.046047399958002 0.163623760157611
-0.244742922728942 -0.258765251304913 -0.0524757718204783 0.132747837307261
-0.0958352116097602 -0.342644097990819 -0.116806778404267 0.0604764189022471
0.100497664609097 -0.356600609538303 -0.174882224547449 -0.0933122528694314
0.233204882525364 -0.34276649804242 -0.0571637140469478 -0.154629715348699
0.32753269181242 -0.415634480825853 0.0158627208878461 -0.00867337923265282
0.190901759598151 -0.505001007450782 -0.0460434876154512 0.294676529468843
-0.0390072143095205 -0.474611894777607 0.342159204149558 0.1874891150993
-0.18494353851803 -0.367414370587216 0.242789022683423 -0.180862549472795
-0.249815763268566 -0.252969743818196 -0.0476934117361256 -0.2354772223734
-0.327144073768296 -0.15852214213914 -0.143950306564977 -0.0514552370689713
-0.378092129406447 -0.0246577031088968 -0.0823882142889468 0.0527174814734052
-0.325267384649724 0.0317304353635308 -0.0271570295798775 0.0852093899619984
-0.346759185724269 0.0504098365511909 0.01211167487694 0.0777530584621658
-0.346918791278353 -0.0478451737938837 0.0094879616036533 0.122362188286638
-0.308818632070432 -0.121853684810679 -0.0178206996139477 0.160066744801556
-0.297183223358285 -0.266555320678219 -0.0842529083205748 0.143959233345288
-0.175274986213138 -0.392292505880967 -0.138589477943115 0.0864781527046799
0.068760876165973 -0.467201113899337 -0.199957999392031 -0.0413905304448628
0.287322729526755 -0.4553698607414 -0.135615984966373 -0.0548035804439312
0.321570849377992 -0.400695189312409 -0.0799390758777832 0.106941775314913
0.139082308787632 -0.46987814622895 -0.032191021768865 0.351316931245323
-0.0821475258369138 -0.372388634432327 0.318433346663355 0.138573108530601
-0.154581773815689 -0.225163532314193 0.186221129353924 -0.207219249833447
-0.152931080930278 -0.178569593569572 -0.116923138566627 -0.246530978787611
-0.238436802445689 -0.147968893200131 -0.232028585587488 -0.0687415057025985
-0.316084117591511 -0.0539471119957526 -0.198185908067021 0.0464927721809078
-0.290082474866253 -0.00250713253716053 -0.155923794180628 0.082396604427605
-0.32551567587614 0.00934618595895065 -0.114646919457292 0.0835152400601906
-0.321671719785315 -0.0786503642320334 -0.0978655660726791 0.120895021975473
-0.27742550113847 -0.131624057442154 -0.0961095487869716 0.143544838369672
-0.286141963643471 -0.237288715474483 -0.128133453911759 0.140521408107068
-0.208006916913744 -0.385460275308319 -0.169551532026088 0.0990867279738068
0.0484303937914615 -0.509256436880765 -0.210578865893377 0.0130221109139546
0.313154497397924 -0.490283237791956 -0.206198515945923 0.0725376572459699
0.257720360320579 -0.335468367987692 -0.144218336764064 0.187829558626451
0.0533079882596718 -0.373379795788168 0.00269086320829508 0.35217056854814
-0.112268404006096 -0.215711613329249 0.266412599215944 0.0680894733024352
-0.0935704596985644 -0.0669449526365338 0.122317889395743 -0.20457095922953
-0.0395112806119292 -0.0981044435157146 -0.149997363819253 -0.225375575316049
-0.125765180958778 -0.124700657496293 -0.275342031860205 -0.0763055400511012
-0.213399987776388 -0.0744935100940346 -0.280447383724134 0.0333462970454779
-0.209800023356937 -0.0378194238717603 -0.262872639026298 0.0658872937701354
-0.245253454511168 -0.0371286871216028 -0.226233871238771 0.0716902055922077
-0.227610999853679 -0.0993406948754305 -0.191630180853621 0.0961714633487804
-0.179264196902673 -0.11422605672568 -0.163430100806731 0.108279138958072
-0.215304481127869 -0.159569404710567 -0.170642485714399 0.120677240725171
-0.192544599768926 -0.315325426306248 -0.205715437887236 0.0900572175910552
0.0431688729793169 -0.467553704274468 -0.209160509431747 0.0507075161968018
0.304264975189401 -0.436269239479032 -0.263399313663063 0.199874464144116
0.15694206090392 -0.232215370653752 -0.16441123439444 0.232957586934839
-0.0369684336189826 -0.246166562006333 0.0446849309680438 0.316364738110639
-0.119091648247235 -0.0590373758765064 0.203809347430322 0.00774221232741553
-0.0275408408463752 0.056270618109974 0.0730421601682243 -0.179746738537392
0.0537218374402227 -0.0336676835772599 -0.149129484326837 -0.193463746870492
-0.0176045869758112 -0.0963731734664841 -0.279432590784444 -0.0813722960339822
-0.091735237155476 -0.0878092410561993 -0.323774253889312 0.0140321610903818
-0.0966639709233317 -0.0672834270460976 -0.32937943728104 0.0390067327691493
-0.114708794004282 -0.0726882587509963 -0.296217449532109 0.0421019692225735
-0.0830470921024517 -0.0892215225878865 -0.242687001531775 0.0541140004616582
-0.0484203935891735 -0.0532140437737108 -0.195130792523327 0.0678006496538896
-0.123553632273869 -0.03688319144874 -0.201043102821372 0.0976170327350681
-0.151905411760991 -0.190838808400755 -0.244092587673898 0.0602189361847727
0.0367086056425577 -0.343203377795221 -0.194965967620449 0.0577539190998908
0.249694501394878 -0.297068533291887 -0.298152606735015 0.298452397931721
-0.0687756498155131 0.11819590679757 0.227841109985296 -0.438476332692757
0.0486123299408587 0.122555470490274 0.0853821228879603 -0.119347221089223
0.137520309755341 0.0154550934369489 0.234580611937757 -0.0301198088866546
0.0433869404970931 -0.126715859375234 0.195138594876255 -0.106801076046544
-0.0818043528801562 -0.0547126230245073 0.173487566739005 -0.0580336394852995
-0.0672242377129581 0.0389550547612269 0.231170588649649 -0.016614716168025
-0.0259383214792873 0.0706988529510837 0.289378429948122 -0.0254031075826759
-0.019930714471788 0.0711397586110317 0.325636772220373 -0.0243803371336495
-0.0251404242520087 0.0864003103266229 0.313179795721057 -0.00625200898411972
-0.0562109901664293 0.0652780902020536 0.245356199336309 0.0726752258253767
-0.0973810245522004 -0.0024898859117702 0.145296365208481 0.164775417858255
-0.0397974055376447 -0.124033516445013 -0.025974800616216 0.133579103354816
0.115411971618357 -0.0623356730957976 -0.126220252537259 0.0264220498261887
0.0665476646708438 0.0791963284988011 -0.0830464387815072 -0.159111676053352
-0.0731390762335217 0.122882305138409 0.116030601479836 -0.196046463689696
0.0294075327239486 -0.0878995242355821 0.228187954277518 -0.390733317279491
0.0732893682896078 -0.0955608116069506 0.0530696608232149 -0.0424620884898562
0.0869575345016945 -0.171779683479979 0.282222012332415 0.0487582502689265
-0.042300767636468 -0.267580280041063 0.229316456443159 -0.10556369734245
-0.195419825041623 -0.157600195415911 0.14874602876605 -0.0749311616009993
-0.214711216424032 -0.016991544589548 0.187864122685175 0.00358337514912181
-0.181581648794238 0.072695631384272 0.255008403829291 0.00761422804255772
-0.140553801652974 0.0862056289399874 0.29502525771089 0.00855396596945977
-0.134865124838179 0.0955373065290775 0.284821548513245 0.0125662771868717
-0.145335284775248 0.0392189016934175 0.217094591183473 0.0824820795019546
-0.15223492122464 -0.0357133464135167 0.119716041837167 0.1591060988834
-0.0995875038428332 -0.173310480224571 -0.026747780743006 0.11867877746652
0.0629385588090199 -0.163885268055472 -0.10574825130765 0.0289398141756705
0.104247712868724 -0.061444270443356 -0.108750992544035 -0.14127155322798
0.0428532012317443 -0.0283419694627651 0.0714555901822909 -0.220047105169326
0.142282063450526 -0.262340334977217 0.185284956422809 -0.28662661265054
0.117138156386846 -0.304282752819593 0.0143690942848741 0.0685166734685559
0.0341586338741915 -0.348613933872978 0.321414531662501 0.122557790832405
-0.124424320458297 -0.376686107138899 0.254102048566725 -0.12222873487132
-0.275984599123525 -0.238194043775049 0.0964952436773658 -0.122007083616824
-0.321798975776456 -0.0764413350492876 0.0968623055555548 -0.000272193762684161
-0.304937691799021 0.0567785296525716 0.168486139414986 0.0348492119051734
-0.239569035414202 0.0881712696340365 0.219855433588024 0.03990286600302
-0.231587429926731 0.100264327141304 0.226167461568801 0.0317931236422542
-0.232447292951517 0.018657802276979 0.174833745805256 0.0932931728486833
-0.215512933136324 -0.0630861934526448 0.0944994577411487 0.158626200593536
-0.175485653491916 -0.212565136172054 -0.0315135730272907 0.121809737750764
-0.0174048900960988 -0.25695667430956 -0.103665481782964 0.0422835506538637
0.105199087586066 -0.212895078243844 -0.142803699248676 -0.11933014907949
0.138650784806107 -0.194138276992901 0.00725027268266047 -0.207417594876798
0.242241196075239 -0.379483473407438 0.107975620144955 -0.14963817091952
0.154081208291892 -0.452503900769841 -0.0160318608840734 0.192130610980584
-0.0190069096170839 -0.463537798780258 0.34824096974802 0.167138390255935
-0.188056060187373 -0.413449248371302 0.255890590793093 -0.15678017489973
-0.303653852973875 -0.267453583345072 0.0207391989626419 -0.1808371508392
-0.364540115428809 -0.117995168910766 -0.0229834306367586 -0.0187354487947958
-0.371873262731322 0.0291099089935977 0.049095697758499 0.0530299309937973
-0.302057220903782 0.0766776939605972 0.110800549299808 0.0663950474712134
-0.304649927731094 0.0939383913054962 0.134979204710684 0.0537819538904481
-0.307459953465548 -0.000233665615658829 0.110301387377201 0.107043266348761
-0.279314080035408 -0.0850717482348788 0.0553923805167879 0.161877668226441
-0.257572724609919 -0.240086719720224 -0.0465956446629173 0.135762224528187
-0.114582394540055 -0.334309908376227 -0.113857961529069 0.0663736326676936
0.0760724502754104 -0.356356969545392 -0.175005630440359 -0.083298588297278
0.208198405608988 -0.350806211021565 -0.0660906611510658 -0.148440622398146
0.296625433024011 -0.427794191089528 0.0125677304599873 -0.00894276511896598
0.154713759382949 -0.506295363453515 -0.0248247956849291 0.295710569313398
-0.0673483935796237 -0.46548596491756 0.351700102558964 0.16300124946742
-0.203483018009451 -0.351090191650141 0.224238419482547 -0.194655591687365
-0.26049688103688 -0.237365069082385 -0.0650316669814043 -0.222972920551357
-0.333753690313208 -0.135137034105267 -0.142097947380286 -0.0376984312522764
-0.37358855533435 -0.00118228767502245 -0.0797562597841088 0.0620020259202659
-0.319226075595833 0.0513096284165266 -0.0176215284959893 0.0849454359456886
-0.338695934992556 0.0709804166083938 0.0190991257880642 0.0758731512436908
-0.34542928214146 -0.025380389542897 0.0174798691951267 0.122315766483314
-0.312008291083463 -0.105070801988585 -0.0082427519322089 0.162722477793006
-0.308264751703209 -0.244122789815243 -0.0764382473899845 0.147780997691673
-0.194315804121789 -0.377295535343545 -0.134287951467188 0.0924887938773989
0.0389356197038856 -0.463228154406032 -0.197355266927067 -0.0308903082624811
0.253342935970192 -0.465671868351213 -0.136804381289533 -0.0462115983504228
0.290058003320495 -0.412191843949998 -0.0751108254954452 0.109854656219741
0.107174095547578 -0.467694995079032 -0.00677676655764358 0.349127850379181
-0.104247257074013 -0.361064294160359 0.322817339278313 0.115118689705384
-0.164127177187148 -0.213460229613768 0.166981992269287 -0.216712246254099
-0.161026993509349 -0.171150084113494 -0.132249026949873 -0.231057613348809
-0.246481336004921 -0.13181784635175 -0.229743226245487 -0.0500298332648204
-0.315534655641557 -0.0325893479464273 -0.192664861414323 0.0614935260568711
-0.287103090626172 0.0155493217541829 -0.145037168952352 0.0906835641403591
-0.321569003318367 0.0300285633423948 -0.106246290960122 0.0894960860606347
-0.323633628859941 -0.0570254583681728 -0.088164676600601 0.125437689390594
-0.282347338914035 -0.117270766788881 -0.0865685362473273 0.150640932034221
-0.294797140074978 -0.216381958178834 -0.119348041185581 0.146828561168626
-0.226484528581406 -0.367713956557359 -0.163224424516822 0.107132160767817
0.0156029971381463 -0.503166687167447 -0.205497011334867 0.0233033932681605
0.274865079725648 -0.503470040581758 -0.198577710533764 0.0827454921109957
0.22894892598259 -0.345410346891699 -0.133046903271527 0.193056561999127
0.0270323096655234 -0.368973923872309 0.0278198906919977 0.347535103571863
-0.123276890423023 -0.203561456910723 0.267335007409754 0.0489667924419139
-0.0925039297635464 -0.0608671984696724 0.104640561795459 -0.211012199027345
-0.044567849898836 -0.0989911660367831 -0.161951357652899 -0.210255406340078
-0.134661672863768 -0.116747509858132 -0.272896377329819 -0.0563239906085398
-0.217068797801562 -0.0602827445056243 -0.274094649547888 0.0514634188481593
-0.211443432952088 -0.0237461592314586 -0.252690843511441 0.0806890078835825
-0.246373924411532 -0.020728581163054 -0.217297532514739 0.0841789123856606
-0.23312146553184 -0.0844127759511174 -0.181748757340152 0.106189691686122
-0.184509511972184 -0.106359982745828 -0.155382913554759 0.11840682423416
-0.219283046779839 -0.144165072052905 -0.161960678864501 0.129212252081723
-0.207041635149352 -0.299387800810685 -0.199425184534122 0.101572251494871
0.0120675999735993 -0.460016682888546 -0.202355456851018 0.0600479093794532
0.26948390797812 -0.449325112686822 -0.246320384827744 0.211565285653746
0.137683401061818 -0.238609521314829 -0.151000898084514 0.23819962200153
-0.0551172610531627 -0.237138121707253 0.0663660944862211 0.308426736845856
-0.120062520660151 -0.0489993509044805 0.200846282512419 -0.0068943446337157
-0.0197501234064148 0.0565377889122099 0.0591744577095595 -0.183372714145217
0.0505949725869678 -0.0408532623738559 -0.158098651910926 -0.179201121289549
-0.0255636026363298 -0.0963798761918928 -0.27829470642091 -0.0631267356629586
-0.0986532052128283 -0.0808786477053708 -0.317682519373666 0.0337021501841258
-0.102806227904284 -0.0599438253386231 -0.322728888095708 0.0593397834358062
-0.121116133319164 -0.064115540848118 -0.289012327189681 0.059171131534512
-0.0900820755667417 -0.0839404159429022 -0.235340697596806 0.0665380580606176
-0.0511357381883774 -0.0530321664581784 -0.188567497843255 0.078117971173032
-0.11914727804761 -0.0283670471655971 -0.192695422925222 0.107929217816629
-0.159811045204676 -0.177940111863249 -0.239529800041701 0.0753805599401521
0.0130967863252032 -0.339265418717547 -0.189835328466751 0.0664699355876843
0.223462412961899 -0.310588252887429 -0.274675386072751 0.311902103700995
-0.0607107932772998 0.119329842749173 0.201812540966935 -0.427519452276946
0.0511856783097113 0.117829927331395 0.0793590859354971 -0.114851467037892
0.132893447905962 0.00650159040608968 0.225784762339004 -0.0382631401448201
0.0336284757338967 -0.124022435278257 0.181585523284738 -0.110166521807067
-0.0815979611003048 -0.0467869277675935 0.162340034626896 -0.0615013495767117
-0.0605381494100577 0.0429466252792396 0.222429678904443 -0.0244491596306018
-0.0204003778198326 0.0687905610297375 0.279168217588675 -0.0325764198943515
-0.0138478572566594 0.0685272345843511 0.314551457479009 -0.0353460760694089
-0.0177388111173167 0.0834108094863554 0.300140058349298 -0.0169764641860575
-0.0493299192535975 0.0651369715668841 0.239038816778925 0.0620360548377245
-0.0934479123819588 0.00351338169519389 0.147084343995199 0.153150506486028
-0.0458324558286608 -0.116399761910434 -0.0212447282903953 0.131578581581956
0.108062370758143 -0.0687849507941929 -0.121455879363996 0.0332337835933737
0.066879421506389 0.073907298244983 -0.084367478576651 -0.150811283196718
-0.0614677808130413 0.123278922277562 0.104484791612828 -0.192826754479547
0.0252123875294638 -0.0827744145658957 0.204093785312616 -0.382514084918921
0.0675738702643053 -0.0932355719537828 0.0512331755269406 -0.0398722017189232
0.0774393320777633 -0.171932472522822 0.275825258220076 0.0352007556492462
-0.0527217013983702 -0.25759367313649 0.213769911292613 -0.110596148865962
-0.19643309764157 -0.143210487067926 0.137492937161451 -0.073952004782954
-0.207290136053277 -0.00458041589235765 0.182566270217359 -0.00236418210910845
-0.170250401143556 0.0774216167291816 0.247243650838554 0.00312746127607314
-0.129975538902996 0.0878765251828071 0.287669076477353 -0.00370253184912049
-0.123768558113709 0.0970814437890846 0.276184430767534 0.00215436901119105
-0.136175692117534 0.0432811825152025 0.212773838278123 0.0737797541491106
-0.147206985221641 -0.0285527298387564 0.122196746690323 0.149541849322575
-0.104552554048552 -0.161535663341825 -0.0230387053278967 0.117602623961455
0.0540227004052894 -0.163273448977636 -0.102335983821492 0.0339887301677206
0.0979625991251116 -0.0631066766505687 -0.108082776966405 -0.132711370339171
0.0433717115945843 -0.027495463134568 0.0605496378946219 -0.214458264842281
0.127976061349259 -0.254942508838817 0.166659538121207 -0.281425411198131
0.101767100360103 -0.295707079311423 0.0188616680364511 0.0689955912695738
0.0198401319760275 -0.339285987330191 0.317409714444887 0.104912816230726
-0.135533635618066 -0.360291431058821 0.236392533952421 -0.128440569838936
-0.276358580417181 -0.219349350760247 0.0849126279394171 -0.116242437629136
-0.313805423681394 -0.0573711393735241 0.095870710067929 -0.000494859776032801
-0.290082483216832 0.0664429779997735 0.164409946161931 0.032812734048384
-0.226329246714118 0.0940128091151104 0.216783523606352 0.0288292287807132
-0.217578862317581 0.105126590043096 0.220685866212338 0.0219953754756587
-0.221941627135037 0.0265542698546503 0.173271970437889 0.085920686439909
-0.209989314524196 -0.0534266207845205 0.0983493732875314 0.151961231298377
-0.178499936137677 -0.197132128337971 -0.0280590299682565 0.121241872591926
-0.0265744283652902 -0.249841576027641 -0.0998004401221148 0.0459430249753908
0.0925879256372287 -0.208588693659967 -0.139755234853865 -0.110814428657035
0.127612416072518 -0.192048280777179 -0.00142167441368803 -0.199872980996699
0.218465189497014 -0.371872244366587 0.0962681317798149 -0.147324782902426
0.132979170165864 -0.439518030160429 -0.00585070290665782 0.188124685320457
-0.0355301771735513 -0.44687115901238 0.344704279813018 0.146363679839096
-0.198230942097984 -0.393055569181257 0.236978003538352 -0.16184971259926
-0.304210862098077 -0.249252030122504 0.00887945463065824 -0.168922439634413
-0.358048867636558 -0.0970362956878137 -0.0199979491482701 -0.0126992052305708
-0.356671962604761 0.0429562826536919 0.049707818805873 0.0554082651333576
-0.287660090290755 0.0858492691074259 0.113079733286527 0.0584323760134949
-0.289201260047791 0.102640512936728 0.133926176749353 0.0461276416538134
-0.296065541243756 0.0110969484904621 0.111034451980377 0.101565772985562
-0.274097619730696 -0.0735238977167078 0.0605444585372488 0.15756495400603
-0.25795203226282 -0.22019614061053 -0.0419749682934909 0.134713072169381
-0.122118145933786 -0.320568418768952 -0.110236711811141 0.0685609612832042
0.059351472231803 -0.34627978080179 -0.170090099006136 -0.0752760013996944
0.185972499781134 -0.346460830933974 -0.069774470892566 -0.140464141596877
0.26763003017807 -0.421342820524347 0.00910068147569533 -0.00866981513837647
0.127030167148703 -0.490886282713274 -0.00930644072018349 0.28790538965494
-0.0823447611345979 -0.445880578005098 0.347352639627933 0.14230981303227
-0.211342210293038 -0.331972292613786 0.205430213776807 -0.196781785871428
-0.261403757704024 -0.22268676723443 -0.0743090199754888 -0.206522345888891
-0.330129447288797 -0.116828789460621 -0.135049733166173 -0.0267142557722148
-0.360546947541577 0.0132950426664342 -0.0738510251195618 0.0688199404520246
-0.306530391811888 0.0623757269093515 -0.0100284527777231 0.0814913749992287
-0.324158306878346 0.0818058759827197 0.0231587785899162 0.0719922815667711
-0.335601952235891 -0.0111268160266264 0.023390337709473 0.118947810695614
-0.306826518451554 -0.0925853248993537 -0.00109835828355598 0.161326717886004
-0.306464873517887 -0.223359983785997 -0.0702804264606222 0.147626708442761
-0.200498990407915 -0.356706428473078 -0.128387323911761 0.0936863425396245
0.0184068390479657 -0.446692605043561 -0.189451422772137 -0.0244268480810376
0.224258731217333 -0.458189541905746 -0.134491622775831 -0.0390691732631886
0.261097615594058 -0.406429336730904 -0.0711264058570121 0.108484042908666
0.0807106176570079 -0.452599388721817 0.00992662275240437 0.338106770988364
-0.114192773821777 -0.343018199317933 0.317864469719641 0.096855677102213
-0.164981937603385 -0.200179973008514 0.149277344185306 -0.216380391908332
-0.162155988036693 -0.162649435276979 -0.138157020129935 -0.212473523273357
-0.245828707404797 -0.117725526763574 -0.220481874676007 -0.0365985723620626
-0.306474262790337 -0.0191860277814291 -0.183018472747386 0.0716139923377522
-0.278492180656039 0.0264597085734857 -0.134013371546851 0.0922177828133503
-0.310537490999577 0.0419573625864424 -0.0973866714780535 0.0895109345547766
-0.315840299557559 -0.0423520689636349 -0.0792137616008853 0.12620951705882
-0.278127517608921 -0.106254656406306 -0.078051272026197 0.151905902733939
-0.290741760635985 -0.19805516598717 -0.111827360482426 0.14775811503299
-0.230585281331902 -0.347217027812471 -0.155701275554047 0.109325700636012
-0.00508745997394164 -0.484293383153714 -0.196569771921316 0.0283646246680266
0.24168505584283 -0.496166050796599 -0.188191233873803 0.0874712064893171
0.205988501747691 -0.342531893839262 -0.124029757332752 0.190772004926716
0.00845863979644267 -0.354311744282681 0.0431850240176749 0.333881687336854
-0.126886602112511 -0.190104047211386 0.260138652949215 0.0345841328540386
-0.0884926006991289 -0.0563338641069149 0.0899905534325359 -0.208318066258615
-0.0472568917742464 -0.0990110907944793 -0.164517343713117 -0.191771398458769
-0.137003922293944 -0.108758058294142 -0.262549410520246 -0.0421538137235204
-0.214191699712234 -0.0487405720396069 -0.26220475880476 0.0632265017472502
-0.207337003920227 -0.0146868118349973 -0.240514175457556 0.0879306036664889
-0.240375360872801 -0.010135768893098 -0.205113216500506 0.0893123706845422
-0.230919543451656 -0.0727052867617615 -0.170644004114484 0.110216934289891
-0.184034471198726 -0.0989961255567899 -0.145732945832277 0.123312166933445
-0.214157079942352 -0.131537301441796 -0.153158616954213 0.131653904870853
-0.210760035961313 -0.281375611491167 -0.190102792599054 0.106044133485069
-0.00768681424906685 -0.44401327003829 -0.192980832647135 0.0639689677945041
0.238419344814965 -0.444035502096358 -0.227852731919902 0.212825071687843
0.120612139320065 -0.235603967953074 -0.139203396207733 0.234713056102721
-0.0646840200713598 -0.224118079938756 0.0781645532858079 0.294691450332522
-0.116588765480288 -0.0410515020323474 0.193181792085279 -0.0158114726923245
-0.0128621759038046 0.0539772991516966 0.0481054217173774 -0.180786773536922
0.0464840854120566 -0.0462794067432303 -0.158560511923989 -0.165220986116221
-0.0314880420423149 -0.093918109609171 -0.268735700319043 -0.0497499514665594
-0.10059978746407 -0.0735220477472332 -0.305365703706897 0.0452850316062894
-0.1045061645483 -0.0537575674512469 -0.30987221353858 0.0696696381170583
-0.122232452491288 -0.0568092750344605 -0.276466421579295 0.0679676760777701
-0.0921334205015392 -0.0776180599011989 -0.224379508196354 0.0719919821907549
-0.0521867224295559 -0.0525146150241851 -0.179613921903165 0.0835931240303796
-0.112688171607369 -0.0226322446685311 -0.182043069777331 0.111300800223775
-0.16081023341906 -0.165058001519951 -0.22899695289322 0.083576059621574
-0.00270076658362265 -0.325539153698003 -0.181222797010948 0.0691326355520702
0.199130910717266 -0.309452229795818 -0.25036593531094 0.309198502308623
-0.0559530008907741 0.119381220828558 0.189768632430748 -0.412319738913956
0.0513460633764867 0.114670046875444 0.0769121531924716 -0.1089888464776
0.128803162679394 0.00218121271158441 0.219998963124271 -0.0407928553848035
0.0281631084607846 -0.120786235729655 0.172595632453827 -0.108183286653231
-0.0799998369275572 -0.0423387765063432 0.154003956105872 -0.0589890921449697
-0.0556643396913662 0.0441912173332274 0.215430961251395 -0.0256531492911656
-0.0168269779590622 0.0669297556927281 0.27206777908329 -0.0316837903368711
-0.0106570868094755 0.0660453169341053 0.306118822274176 -0.0371807727991083
-0.0133034097861499 0.0804370350899124 0.29008895779099 -0.0183220138678737
-0.0445530741399404 0.0632821155796618 0.232661109195496 0.0595574661770606
-0.090252532114547 0.00614385378338996 0.144641666134406 0.146657245301805
-0.0474379772857259 -0.111247967299753 -0.0200954920382288 0.130142018287102
0.103268282989513 -0.0719702840172293 -0.116681681207579 0.0361979089809219
0.0654074111755855 0.0704762043945801 -0.0823464119856775 -0.145834104597336
-0.0537676990521819 0.120922934562611 0.100914286772326 -0.186830498361474
0.0244734761961541 -0.075932589586846 0.190989472651977 -0.368333728762923
0.0652223200050249 -0.088986091499474 0.0508501017957288 -0.0362312983345808
0.0736143354037989 -0.169368146881042 0.269998374656435 0.0301765496500359
-0.0572461172561965 -0.249605047599388 0.203389527038245 -0.108539400721595
-0.192298359669352 -0.136491683051224 0.13030233064557 -0.069018031917529
-0.198932901985983 0.000503746066330264 0.179023268897365 -0.00244048607165395
-0.161679465903194 0.0763568950091666 0.241324704031612 0.00453124771171746
-0.122720121049384 0.0860726966765741 0.281261712642336 -0.00669633416814071
-0.115659642969294 0.0949876865604063 0.267269031934511 -9.73918182462016E-05
-0.129964928134823 0.0430910529319984 0.207107693806205 0.0717660532715852
-0.142920650188684 -0.0252286437765915 0.121239739795251 0.145020801364781
-0.104823330789912 -0.154098430694569 -0.0229348445514317 0.116763459795396
0.0493240416403617 -0.162264123584707 -0.0992674006741765 0.036234729299457
0.092894639640737 -0.0623389070582621 -0.104272323155309 -0.128808442979665
0.044604388834583 -0.0264645835587423 0.0568403631110849 -0.206939925483323
0.120755082772743 -0.243943822696873 0.156719595840578 -0.27235391819316
0.0966454646628333 -0.284939519561224 0.0210855609750662 0.0688969784574412
0.0153515971983133 -0.330999963491975 0.311290331809309 0.0973184209022379
-0.137775467874793 -0.349250976446432 0.224662862447665 -0.126690374982764
-0.271542257122559 -0.210677273260865 0.0785175769891702 -0.107669843503911
-0.304369565379825 -0.0500474373910881 0.0956432134329387 0.00110790502791498
-0.278718037492675 0.0674266709384514 0.162369525938397 0.0364838538590129
-0.216511641501503 0.093183663039034 0.213405059656358 0.0250813137489935
-0.207491242133742 0.104394738744493 0.214926223350274 0.0189398510539737
-0.213502898751984 0.0276334503414591 0.169700217119143 0.0835864368129967
-0.204756969420046 -0.051111482165617 0.0980072430253168 0.148995451350087
-0.176452323078502 -0.187833412016366 -0.0275378381387477 0.120609730407646
-0.0289525459108477 -0.244847367837519 -0.0976248391102043 0.0464095371926183
0.0864153465488877 -0.202532801214234 -0.134790842808303 -0.108056641274663
0.12243736796422 -0.187522294519792 -0.00363149162143056 -0.191913376518698
0.205860622313862 -0.35863936780476 0.0903065287496538 -0.142125822321216
0.124211518575387 -0.425642526527812 -0.00151251543115495 0.185008561295753
-0.0413412410379023 -0.433474222625955 0.33920174998329 0.137461493115321
-0.199308590840666 -0.379807473642404 0.224799548544755 -0.159174163564102
-0.299988855650504 -0.239154159113592 0.00478244300191715 -0.157617353934996
-0.350189693803871 -0.0889407048862629 -0.0155587455603419 -0.00866632127379925
-0.343971037107184 0.0457226771972551 0.0515715149090555 0.0596805770087781
-0.277045529294396 0.0862905953883489 0.113403018245146 0.0537170870462677
-0.277971751235312 0.102826780773223 0.131901828286315 0.0426362397720434
-0.286441881535817 0.0133362164824707 0.110373258262729 0.0995010938474205
-0.267862914844759 -0.0708494734282189 0.0622806288458373 0.155808468502203
-0.252848664650469 -0.210332036859094 -0.0406326232957251 0.134131649425398
-0.121816703195723 -0.310813900231386 -0.10745689779915 0.068286421420234
0.0528415296205988 -0.334584202737904 -0.164261360781243 -0.0731688420831624
0.176255660845755 -0.337472122293354 -0.0695017268936549 -0.134752079138351
0.251829320821974 -0.407603512569282 0.0068955668733014 -0.00736690738862366
0.118691585974089 -0.475389406726136 -0.00324557716645554 0.280835856626619
-0.0868061046098201 -0.43017037269186 0.341995726570368 0.133293085196093
-0.207892824241622 -0.319986853884848 0.193309142213282 -0.193099859062172
-0.256830082459707 -0.215749489427303 -0.075651735081785 -0.193483417451078
-0.323270196208319 -0.108338302375367 -0.127204583767284 -0.0213418274624791
-0.349867882352894 0.0172274800917664 -0.0685818450733006 0.0740272955171517
-0.296237650002989 0.0637105894171886 -0.00596835229406497 0.0776891157180334
-0.312700887693487 0.0836895462981714 0.024493976350377 0.0688419746855467
-0.325616916272402 -0.00680270442746321 0.0254565452655525 0.1170425553827
-0.300587092747541 -0.089152960592033 0.00212948307676043 0.160740016240284
-0.299068887235571 -0.213597578965239 -0.0680198958023581 0.146699538599739
-0.197714990858462 -0.346224048538221 -0.125510959976872 0.0921180638346899
0.0128310570400953 -0.43239787337003 -0.183232065231917 -0.0242831023194761
0.209772225150205 -0.447562198262801 -0.130710574754379 -0.0358807097834339
0.245913111190578 -0.396409664456994 -0.070312375411607 0.106456948872768
0.0730385137525827 -0.437730446373702 0.015153405194194 0.328256678147722
-0.114692678996042 -0.329552262130729 0.310895348314398 0.0881072558299767
-0.160945400845294 -0.193016987342675 0.138544231938482 -0.211890033284088
-0.159821278474338 -0.160505771123407 -0.135946689977287 -0.198939286431053
-0.242123816458329 -0.111362764309683 -0.209725392291574 -0.0301583640087971
-0.299093127923759 -0.0148550997722132 -0.174438475772127 0.0762277803717446
-0.270332686028634 0.0290457465932924 -0.126603540367378 0.0898792389942079
-0.301202877738016 0.0452664111859521 -0.0917219816777849 0.0870059578059595
-0.30912219302436 -0.0378050767783938 -0.0740297398728511 0.124019711282563
-0.273406499072659 -0.102896960963856 -0.0724934112372672 0.152134515439798
-0.282578501587589 -0.189681569750744 -0.108211878974987 0.146305878478425
-0.226037174806668 -0.33541415020147 -0.151824302133033 0.108053597155117
-0.0114645124197843 -0.467498611403374 -0.189845716309176 0.0269468399190818
0.225442498355637 -0.482987331723409 -0.180904396962964 0.0868558899226912
0.192477343837463 -0.331217334998117 -0.120808430076987 0.185597101371725
0.00201665291803375 -0.339621711038983 0.0475247318903161 0.322208483312437
-0.124266824727567 -0.18038434633078 0.253290161580979 0.0289528930976299
-0.0842980667930627 -0.0550349744899526 0.0822184739149655 -0.203570022708734
-0.0481970388144095 -0.100005671712447 -0.160120862418757 -0.18083300678118
-0.13790110850455 -0.104999586838687 -0.251360273960383 -0.0366416531643005
-0.210512281882295 -0.0445016522624097 -0.251754668522814 0.0670834133753843
-0.203441070888732 -0.0119121065372866 -0.230802908856725 0.0876959803162675
-0.235573865797242 -0.00514619812858134 -0.196540100505486 0.0878690986924103
-0.226584007064811 -0.0677288545204436 -0.163714131818784 0.108548348449357
-0.181200574696373 -0.0973560516420089 -0.139147722377578 0.122874295566445
-0.205553119085407 -0.125780636067398 -0.14758728015007 0.129825135426277
-0.205320606725733 -0.269698569553149 -0.184797007880021 0.105186353610194
-0.0137341817364571 -0.428089541520398 -0.18699826605547 0.0616883269518698
0.221490508155992 -0.433193349116183 -0.217621079977253 0.207541611947568
0.111579373444498 -0.229279195589817 -0.135789240691855 0.228207374972436
-0.0669490581764718 -0.214019104608208 0.0813837008029372 0.282881639936985
-0.112609726760413 -0.0369776723343453 0.186203054443909 -0.0192441226564431
-0.00937220798981405 0.0506275320251365 0.0425616037064464 -0.176090393229869
0.043083952352483 -0.049303111116829 -0.154243673584632 -0.157731686180339
-0.0347898926088573 -0.0922527496689957 -0.259206350768626 -0.0457980562175149
-0.100948564064067 -0.0690146008401197 -0.295834291934787 0.0489065253006305
-0.104600025791635 -0.0504881728432569 -0.30034273238236 0.0713744700205584
-0.121366749194927 -0.0525853014727983 -0.267383630452185 0.0675621077359143
-0.0928803449466438 -0.0750558708327192 -0.216532481286171 0.0711853710057232
-0.0523256185273931 -0.0535767762171923 -0.173086560032243 0.0839340029915721
-0.105716413681555 -0.0216165638282488 -0.175062947061859 0.10971426890871
-0.156961957977399 -0.15711595667095 -0.221870489798201 0.0845025261934795
-0.00800806377733078 -0.313878555677201 -0.176347218103919 0.0672430244343569
0.185892558356794 -0.303754027993854 -0.238801701774409 0.300828912075359
-0.0284692390809017 0.123720957121753 0.107058433049451 -0.445117522049449
0.0703720020501118 0.100424176167362 0.0558915045685795 -0.115317749210731
0.121049637687825 -0.0262096314809155 0.217877471007751 -0.073207573694708
-0.000447373031696698 -0.121473064496339 0.161134360126442 -0.139830559557209
-0.0838016010265742 -0.0255973472745352 0.138899165713653 -0.0901860307305295
-0.0424528211102943 0.0501434430778221 0.20453751694345 -0.0634545658870992
0.00123982231171143 0.0637077715521132 0.258727808800468 -0.0765799414870486
0.00387072641709912 0.0623840682399987 0.293876379854115 -0.0903992198665465
0.00626469358910788 0.0769216123960371 0.285545736388235 -0.0710991755214494
-0.0276840920207002 0.0694448316573229 0.24516823852728 0.0152370331749569
-0.08142379949801 0.024615512600699 0.17317069482898 0.116120922273109
-0.0682820784500933 -0.0938077534945906 0.00864058078525117 0.136394867480472
0.0806654066197589 -0.0908177315510992 -0.106454728731052 0.0670731888048915
0.0778887703562938 0.0531825097913112 -0.116888150213899 -0.131244241697071
-0.0233073130342979 0.125840311149472 0.0665065728758064 -0.210929504148044
0.0140460391979455 -0.0724335988919352 0.128252064861459 -0.408234604095416
0.0471649296364879 -0.0951959234063158 0.0524036719207181 -0.0429546117413061
0.037616345542184 -0.177562133321241 0.290126571729282 -0.0251841489117782
-0.106352201686119 -0.226526030437729 0.197095062227334 -0.156751458419499
-0.2092353586101 -0.095143720961211 0.1131533614506 -0.104407583169905
-0.187860094079393 0.0345329656479672 0.171105461193011 -0.0414858243800982
-0.135107523338635 0.102447767627248 0.232629215821502 -0.0442991591058349
-0.10077618286469 0.100462044168005 0.275782448725741 -0.0587893432608879
-0.089409350277842 0.108928193236207 0.269075048643455 -0.0498198483437236
-0.113703099179331 0.0645093697846323 0.225123024042412 0.0311293660616226
-0.137799937109774 0.0025412287350026 0.151097194199411 0.12005815123969
-0.129693097527209 -0.125070015904597 0.00440488858752145 0.122589932541755
0.0146646756401615 -0.166099489817222 -0.0851441585835809 0.0612146691466341
0.0783371932435836 -0.0801647409297152 -0.132540507466907 -0.10267208231746
0.0430322897769186 -0.036593849848541 0.0181323773170128 -0.212315349716419
0.0749434886778077 -0.247007460237646 0.121257624871543 -0.306720258130367
0.0405417255715654 -0.286501503050089 0.0500740598012404 0.0636469927947023
-0.045736377082738 -0.3181108612918 0.351581837682112 0.0220082433504582
-0.201129259292575 -0.305180659768228 0.220317370483783 -0.187370543048519
-0.299315712960351 -0.152495722204972 0.0553380206683193 -0.140245349264469
-0.298929747421508 0.00628659075463718 0.0901788655242864 -0.0299419045171293
-0.247735847549457 0.117952535785376 0.159618130301122 -0.00771467046782502
-0.190470535265493 0.123434173859917 0.215144059475946 -0.0165189377431816
-0.176168868097735 0.13359949657878 0.221377728768551 -0.0217712906762058
-0.197484305757419 0.0643223904752415 0.192773961686753 0.04897003725407
-0.201239905040209 -0.0118465368150878 0.130168802095927 0.129308867993593
-0.202882824912414 -0.145465123914345 0.00152297602788506 0.126757110092587
-0.0741398871285998 -0.22885753443527 -0.0788202620120881 0.0683190376972711
0.0445567020087633 -0.214472407169474 -0.15408162391258 -0.0700615572106394
0.08679418699023 -0.208144611082037 -0.0379555274406635 -0.175902948406599
0.132506648558051 -0.368670020162572 0.0861809051948553 -0.164801546657306
0.0387685307989903 -0.424247915010333 0.0551102116062791 0.181196000005241
-0.118289832375929 -0.401590529017444 0.390588671995786 0.0481485492549036
-0.264085165714337 -0.322149148002831 0.214463908621818 -0.225691390915819
-0.333474078358637 -0.175876866654497 -0.0262264961098862 -0.178883426515895
-0.351316183298158 -0.0208790048253145 -0.0213311701279217 -0.022970442221326
-0.316504687044883 0.111446578141246 0.0556366237367304 0.0289056288211761
-0.250482465275111 0.127637840986162 0.123032196160083 0.0295916906449987
-0.244644705891732 0.145532089794072 0.144724684297832 0.016468063327657
-0.27142722519307 0.0639868006479098 0.137197875883953 0.0750509227444873
-0.265410480264304 -0.0212580704417707 0.0970300623125059 0.142695689905615
-0.280068157617448 -0.154141423475925 -0.00816646643556812 0.141572641613148
-0.173895790605403 -0.274148090237223 -0.081101954765899 0.0878885917106736
-0.0138152083819883 -0.33520278009472 -0.170352016354821 -0.0254955396722786
0.108491691532184 -0.363841981021216 -0.0911533424364281 -0.0983507848998868
0.166377368256723 -0.423921933224667 0.031154374805613 -0.0141514462123357
0.0259990647839402 -0.470825599853902 0.0725108919486146 0.275725669995977
-0.16133047331757 -0.389998395583714 0.390746085544539 0.0402535150994702
-0.260245269269212 -0.264853221064185 0.172816649478507 -0.252782254387221
-0.289493799325218 -0.160544103975839 -0.110753232167493 -0.196553602944858
-0.330556994835093 -0.0434826044055992 -0.131582884745246 -0.0149481505862714
-0.328238143903707 0.086578695656736 -0.0577012059413206 0.0619908193453018
-0.273787658211921 0.109890439865092 0.00981143829861958 0.0735350594240187
-0.283263135036028 0.133908640577473 0.0433228610443403 0.0617382920338673
-0.314496692050017 0.0506525839426254 0.0564108145753828 0.108316938930914
-0.30090784344524 -0.0338845526004656 0.0383952464993072 0.158325243982586
-0.324655270638755 -0.150983112218444 -0.0328176276326695 0.157504904338048
-0.251977249395426 -0.293576853274601 -0.0917627575495695 0.113180343835706
-0.0721338601719606 -0.421106044736754 -0.175390927458212 0.0308080475029301
0.117791590899718 -0.475260000623214 -0.132095406255668 0.0167799223062603
0.160574951104855 -0.411544123143294 -0.0264664638647275 0.115782337785185
-0.0113323609110302 -0.425481609913556 0.0979270449417294 0.318472253703816
-0.16862583105407 -0.288096611870439 0.342811706658462 0.0053070973431823
-0.191001414119334 -0.154081443367063 0.107423486397888 -0.254269066305091
-0.187525635535801 -0.126235871035568 -0.169710757794127 -0.184766757371526
-0.255014522094438 -0.0609495723819176 -0.212640847121034 -0.00649057134633567
-0.288805577872765 0.0477566986400397 -0.158224173415721 0.0849984256757111
-0.256945217999088 0.0731690352019532 -0.106731832098858 0.107620826687707
-0.280588150239677 0.096072833727075 -0.0690732866744458 0.101964614565374
-0.305922368257346 0.0188270709456219 -0.0419450701910332 0.134870986220971
-0.279722749740387 -0.0523543574573863 -0.0384705478243259 0.165083567645411
-0.30386145846557 -0.131615211870772 -0.0733714836324249 0.164243147867531
-0.276418614444845 -0.276742457181963 -0.115029715524199 0.132123708808609
-0.103428947997735 -0.449649555116689 -0.170149754254831 0.0846282632701505
0.124492900110534 -0.512928680243923 -0.1587546665111 0.149831668394569
0.120911091381216 -0.342387559284075 -0.0673927618778468 0.205801843583408
-0.0607169140526997 -0.319822153748192 0.122537504152189 0.305011151652098
-0.149237224039628 -0.146297639387837 0.262975284373853 -0.0355606234579819
-0.0908500797710589 -0.0394739137170726 0.0453208550491821 -0.225457049829859
-0.0701853251824349 -0.088999611298604 -0.187322539839544 -0.15554492233968
-0.154317262850337 -0.0736712098919503 -0.252195184037315 -0.000545905878688568
-0.211097891284309 0.00250704580835525 -0.233512839743351 0.0949201617451474
-0.200230123200411 0.024147371007295 -0.209513671728049 0.12575901126594
-0.228458201853945 0.0364487776548867 -0.175860674387012 0.122818485696659
-0.233457693453304 -0.0250644302049259 -0.136348459947788 0.137617825276007
-0.192285163878667 -0.0634673547293099 -0.111745571962247 0.149794326804651
-0.218937231645448 -0.0859955886909336 -0.118064205692158 0.155997888992148
-0.243981587952327 -0.219533236090235 -0.151921114330762 0.136420586156124
-0.0983444827264103 -0.410481316903973 -0.161602474165933 0.116900283539981
0.127529910339962 -0.463121448429783 -0.174193940423438 0.273703424696652
0.0620883128828089 -0.232266876509399 -0.0825785592245245 0.251621427869763
-0.102549263498784 -0.188098876549797 0.141547744675092 0.258870377781391
-0.110858128327058 -0.0135933126540735 0.178946419109038 -0.0625995943915007
0.00135030091742664 0.0450284669520145 0.00602137188894904 -0.181967986359524
0.026507021514025 -0.0576908556393033 -0.175861066690081 -0.128303294387843
-0.0542244616066483 -0.0796952775612454 -0.258917898176609 -0.00373385449790866
-0.113371262503984 -0.0421114163137485 -0.277137228528525 0.0906393434374653
-0.112767464528476 -0.0291037462015931 -0.281373829076097 0.123738476949249
-0.128627809385749 -0.0275945124800893 -0.252510676817383 0.116468821838965
-0.106939065786972 -0.0559985502348412 -0.200517627494852 0.111739696218316
-0.0622285096483479 -0.0442374331851376 -0.153939449427302 0.117150902749031
-0.104491378781576 -0.00425050680899198 -0.151395901840591 0.142071736255958
-0.178620385985449 -0.121423638059251 -0.197379814887046 0.125190707581732
-0.0728399304698568 -0.301142772200383 -0.154568197949498 0.115652081909611
0.116091655293225 -0.328674451942986 -0.179077059874289 0.361569816368513
-0.0243335474088765 0.128523816824318 0.106375149301924 -0.448603130570827
0.0740656999476325 0.103070997190691 0.0579470604345591 -0.114743702914602
0.121219930962004 -0.0288543819290101 0.221361924072238 -0.0780357515411043
-0.00464646648924615 -0.122568525720632 0.160806854140473 -0.143483317276835
-0.0850202591782702 -0.022910474010756 0.139958259075484 -0.0896922833650841
-0.0393275322010132 0.0522096888195512 0.20799977084552 -0.0646987889892718
0.00340869044287687 0.0631811521569555 0.265315360123139 -0.0776727856347293
0.00648837835487637 0.0620771241960474 0.301056167484866 -0.0935651224159654
0.0099527756410141 0.0766966701277734 0.29004022302298 -0.0721210026632217
-0.0252536861693548 0.0701987176981874 0.249093021178661 0.0152717760260791
-0.0814629213699723 0.027593484739205 0.176745536794975 0.116611923252278
-0.0718469755630567 -0.0934237140256147 0.0106298311030891 0.141433696752163
0.0783846481731935 -0.0961831052649967 -0.10623853499084 0.0706492478670598
0.0795723901577761 0.0532212055281762 -0.119709672880013 -0.133023350738663
-0.018858684930953 0.127010967347181 0.0674429318073138 -0.213655932610339
0.0174471788209878 -0.0696169583316859 0.126270506752713 -0.410894718090958
0.0501719915738773 -0.0943780443473806 0.0545784546813292 -0.0408885791594096
0.0359895875846697 -0.181420638632833 0.29517232405388 -0.0298083203265661
-0.112744742461899 -0.229455367900029 0.197376899096288 -0.160044563514032
-0.214449402464731 -0.0939237621344337 0.115083064806111 -0.102300758668661
-0.187961218398987 0.0376232880391115 0.176150588470335 -0.0424834348857744
-0.134450922377954 0.103390005727747 0.240472089796312 -0.0443456378799875
-0.0999101382698345 0.101713146616083 0.282215036818484 -0.0610964664163331
-0.0873252184716499 0.109374402233934 0.274014779113455 -0.0511761184869201
-0.113572785032051 0.0661451112050506 0.229973262405674 0.0320440502309292
-0.139652144453346 0.00446674391976876 0.15603423042965 0.122537383394033
-0.133413259699383 -0.124349565637258 0.00531033281279344 0.127845246416953
0.010698432661736 -0.171141598535685 -0.0853307328940142 0.0640641585063214
0.0790281278407814 -0.0813215182277951 -0.134877801017787 -0.105415830202169
0.0455045613002972 -0.0378716257869881 0.0187150817775359 -0.214405283543724
0.0774406229362668 -0.246666610696869 0.119475568221635 -0.308615915610334
0.0422795042822782 -0.288799066251613 0.0533569023453845 0.0675977030102173
-0.0494883751077849 -0.323501932115603 0.359562795759193 0.0163664643959379
-0.209012369250551 -0.308369877612159 0.219638668766 -0.190933090411389
-0.308255209721843 -0.152834512631737 0.056422596881836 -0.137232270287901
-0.302200809880926 0.0104026772951406 0.0943235097164195 -0.0297882509818126
-0.249579136466641 0.120719123328984 0.167246647249091 -0.00653225298787569
-0.190741889743028 0.12541403813734 0.220845525355116 -0.0193484285070923
-0.176053279667411 0.135948671350954 0.225611850178603 -0.0234489750507301
-0.199437301084643 0.0663748098151341 0.197739219438942 0.0503548334193898
-0.205157399006392 -0.0106248046818168 0.135995764963031 0.132362703169756
-0.207902025518051 -0.144642946888665 0.00261629892196507 0.131988802371351
-0.0789689118856634 -0.233782819743859 -0.0802597363950693 0.0708265676778912
0.0435904344481102 -0.216758422003987 -0.156675826485218 -0.0721046811686429
0.0867826276712571 -0.211897258037517 -0.038818013815289 -0.177114240899245
0.134755231627469 -0.37111903767082 0.083980761243504 -0.165233396222187
0.0401687767968523 -0.427722186236589 0.0597977683466753 0.186111596668435
-0.123437767281853 -0.408146660109809 0.4010810152872 0.0434501916751698
-0.272124895355404 -0.327056454589939 0.213708327087572 -0.229884591371597
-0.341634854139829 -0.176482626248282 -0.0263453195470811 -0.175973869134361
-0.355655691522693 -0.0175211278385255 -0.016971130411691 -0.0219773405565118
-0.319185628189058 0.116353031613564 0.0625409349603959 0.0324480491456306
-0.253171883827183 0.130165426265821 0.12739054080063 0.0277675770077365
-0.246022083321277 0.149124998028771 0.147691058109475 0.0147770515871625
-0.275552331826745 0.0663509772267651 0.1429276150399 0.0768492709989259
-0.271585974124508 -0.0203061477603294 0.10253959454746 0.147079074893574
-0.285043492341847 -0.154299652612593 -0.00762246243158454 0.146530261402405
-0.179756579283354 -0.279414614527278 -0.0834189462508972 0.0904707683338598
-0.01636840212344 -0.338962816624486 -0.173269091104963 -0.0278987151071657
0.106349851598075 -0.370294636930845 -0.0921111807622697 -0.0979141240923737
0.165944185808607 -0.426634913980671 0.0284955367353895 -0.012305822864047
0.022582083396793 -0.475574325327169 0.0777946859565136 0.281127506852517
-0.165700919313943 -0.39297547617231 0.398886238878498 0.0343257273755964
-0.267128695620345 -0.266914247702511 0.171709464385101 -0.257682192309567
-0.297253298116529 -0.163494668731623 -0.11155652521379 -0.194417257856373
-0.337714480133974 -0.040829149449987 -0.128863653798762 -0.0131858214787802
-0.333073348773912 0.0906205466044066 -0.0522635048960244 0.066787479858827
-0.278192881863616 0.113118455694722 0.0128536262239432 0.0728874840428072
-0.286806965773298 0.138300760205061 0.0451600616407334 0.0610125418269968
-0.320030316275855 0.0534246828207772 0.0605965431861826 0.111047095547735
-0.30897283245236 -0.033716832442861 0.0442572695561139 0.163798893592461
-0.330896027856659 -0.150855761424416 -0.0326195664631978 0.162567927133016
-0.258624977557851 -0.298027328008084 -0.0945860240982371 0.115939210209901
-0.0749752446895072 -0.425025715472364 -0.178248486319785 0.0292612652954001
0.114051868143776 -0.483472389815465 -0.133045251579586 0.0183855340860232
0.159533759760645 -0.416540092075239 -0.0291788807173191 0.119455832468811
-0.0152538831033095 -0.42937572612592 0.102904846118542 0.323445482779974
-0.174351699011003 -0.289237936411982 0.350209312926078 0.00029075476679365
-0.194970903775496 -0.154996040622697 0.105224906773481 -0.258485819064055
-0.193791649671436 -0.129902581115498 -0.171141293776941 -0.18412225017843
-0.261679245899398 -0.0593429612093347 -0.210679636054284 -0.00455339465360688
-0.293122583507631 0.0507886463038489 -0.155405666296911 0.0902751235828804
-0.261445056250238 0.076356104090779 -0.106255798099987 0.109020938891017
-0.2848185690085 0.100053095642098 -0.0694942468347925 0.102635078348341
-0.311753141357348 0.0208683837600576 -0.0398047616410633 0.138416397855975
-0.287119956782249 -0.0526100759314172 -0.0345932065262741 0.170704574309225
-0.308540369738039 -0.13292696366504 -0.0739877020903065 0.168956384308877
-0.281902346055837 -0.28065271706703 -0.118270617696269 0.135044979091447
-0.108043642042625 -0.454412255140373 -0.172931049543053 0.0839476322603114
0.119028245365566 -0.520168405442872 -0.158909497822178 0.152686720468361
0.118565341840264 -0.345258032885806 -0.0705008803744722 0.210205693723341
-0.0648268950114867 -0.320098664015465 0.128360758812204 0.307919122858892
-0.152113224754534 -0.145300725689849 0.267321723805035 -0.0398395324756511
-0.0916466061299059 -0.0406415400710605 0.0427880528791054 -0.2281599474981
-0.0748092551593984 -0.0934711784102867 -0.188920015911424 -0.156742938422432
-0.160008750025346 -0.0733816293735832 -0.252459680230496 0.000186841049190676
-0.215665871446784 0.00519377826167997 -0.233085929046869 0.10014557643355
-0.205315561200468 0.0266301683912042 -0.211858642297028 0.128564996948873
-0.233570465740066 0.0404010937450022 -0.177477058426366 0.124647560650041
-0.239961274729222 -0.024039783536841 -0.137079476544332 0.140760153610143
-0.197846617959049 -0.0649752250192192 -0.109850235109835 0.154473267998007
-0.220778471304462 -0.0870869346378192 -0.11927283074807 0.160058831211303
-0.249146426480441 -0.220248814621589 -0.15402447031926 0.140267072728727
-0.102916216421658 -0.413621616293311 -0.164472906589924 0.117245822437098
0.122021404212749 -0.470479853561459 -0.173598223260208 0.277576381717718
0.0591974583751392 -0.234915534958688 -0.0851962868870593 0.257189864407745
-0.107017393345366 -0.187116510004114 0.14700092535424 0.26024234171955
-0.111187439428991 -0.0123068702040285 0.181230968275728 -0.0652090363842442
0.00360992110933101 0.0437324336525644 0.00312090575653369 -0.18482583662585
0.023922350505827 -0.0620674990000252 -0.177797991536099 -0.130229371916571
-0.0592439270063821 -0.0813072308437686 -0.26141743623075 -0.00277277775632243
-0.117090745190031 -0.0402764000181302 -0.280150309651343 0.0950383381806014
-0.117429193068492 -0.0278244023663456 -0.285668341624917 0.128746900932475
-0.133542869743902 -0.0256377878328678 -0.256613537162043 0.119228777357144
-0.112003588687972 -0.0564157306618567 -0.203305344602338 0.113614843197497
-0.0648509809910765 -0.0470112498670961 -0.154591183338926 0.120428897727304
-0.103276312150244 -0.00560875252636391 -0.153336641034889 0.144822444965199
-0.1817590799708 -0.1209943318494 -0.200291513945697 0.129976842163482
-0.0771330857607377 -0.302656458097697 -0.158491844932181 0.116184848947249
0.11192193175225 -0.334606164596289 -0.17905423937774 0.365646131548902
-0.0160380557377774 0.134342221253239 0.0919723868452095 -0.45597249283091
0.0822362861417648 0.104064401799091 0.0571823493371294 -0.115478053604232
0.121968377587682 -0.0345356205497468 0.223591651913825 -0.0898182659829931
-0.0122394534657768 -0.12277715185958 0.156948818964603 -0.152199308232269
-0.0881478575584528 -0.0174297515677591 0.139986724259619 -0.0935852051557719
-0.0352389149922066 0.0548823554946171 0.211129885032807 -0.0724202441518258
0.0075630855742715 0.0628999129031923 0.270795617774884 -0.0886254921774242
0.0108295126907233 0.0619517186498547 0.306708196537307 -0.105108840720892
0.0153325190671377 0.0755329473901331 0.295181811288098 -0.0815412870111428
-0.0209003473089524 0.0719375136403952 0.256394818138208 0.00789547634429763
-0.0806201360595016 0.0331478069625169 0.185514364028389 0.112807837297566
-0.0783797836335011 -0.0901460271934273 0.0175289517465448 0.14638714361441
0.0732216607067993 -0.103654391584511 -0.104660058292695 0.07756576326651
0.0842265900766075 0.0517868581951377 -0.127434444869536 -0.131925742670877
-0.0117908769459001 0.130103947484851 0.0635440769962323 -0.219363558595781
0.0206805148939934 -0.0686766559978118 0.113723212332899 -0.419133549016331
0.0510718970018643 -0.0966522228225071 0.0564846613418318 -0.040606509374532
0.0295371668356548 -0.187886740994809 0.301762369907449 -0.0446678828768682
-0.126833144277748 -0.22942729535148 0.193832863320891 -0.170165992762933
-0.224585767440416 -0.0858737467374505 0.115613638899532 -0.105235449702623
-0.187802087544301 0.0461692650950289 0.180543363985851 -0.0489191593812641
-0.132054629552809 0.109205045943044 0.248942120433669 -0.0533426316215986
-0.0968631647483331 0.105770991021802 0.289916219188438 -0.0727378347402093
-0.0828667347469142 0.113083542132611 0.278518109183309 -0.0613531755735176
-0.111717323583055 0.0704361552837885 0.238414797162469 0.0261894121791585
-0.141739877471302 0.0108575438538688 0.165916511070787 0.120592500520962
-0.14164077097338 -0.120240598328986 0.0112567599813561 0.13371489321093
0.00165953282911417 -0.17654277058198 -0.0849694238417202 0.0691126471806521
0.077777743967032 -0.0853984948220014 -0.142047548482571 -0.10376214340195
0.0463264081526507 -0.0400326850637434 0.0137439716797558 -0.218401765006153
0.0739930118566473 -0.250832771628343 0.110282286867124 -0.315933543785687
0.0359036364253454 -0.294341026825783 0.0593127851137222 0.070160314658776
-0.0624082720250158 -0.328129641686609 0.370392691477873 0.000116849717473986
-0.227872035509336 -0.306838561298044 0.214909345401953 -0.203297284402713
-0.322528505183783 -0.144425261626441 0.0550955715807142 -0.138303325375435
-0.3071120473598 0.0225751473733039 0.0989957189973573 -0.033115760310595
-0.250139745415913 0.131533331086745 0.176780385122619 -0.0102426653719515
-0.189773292212358 0.13391647002098 0.228037351095916 -0.0291661633644669
-0.172615006007934 0.143527690439162 0.230401009269422 -0.032006329560895
-0.200951299952041 0.0743337306645201 0.2071467126444 0.0467337787568835
-0.210847780365173 -0.00361895700426322 0.146750940124978 0.132963259650212
-0.218171798498904 -0.139426495746468 0.00700184653248778 0.137778367362496
-0.0923105910687952 -0.237265563474694 -0.0797282271314508 0.0761594236690915
0.036530994855963 -0.22153647030766 -0.162165480905255 -0.0699461639620872
0.0809777378261139 -0.217909296719801 -0.0441809763368799 -0.17879834090445
0.127872838263155 -0.381035485344834 0.0780272337020823 -0.169474438109319
0.0268872795384624 -0.436488643018036 0.0704144607934403 0.190855862906711
-0.140998351762584 -0.410318958906617 0.413503534818196 0.0258374065642651
-0.290881386731728 -0.322640556164128 0.207391231078381 -0.242681448961306
-0.357844659067232 -0.169028727399084 -0.030861981955005 -0.174551594334223
-0.364900752235248 -0.00334288621984289 -0.0141701930560058 -0.0215350302680497
-0.321613147841164 0.129433855014814 0.0715318652886408 0.033489948862839
-0.254096397680774 0.141256239700522 0.134230518835889 0.022025564161845
-0.24427154915253 0.16054302988462 0.152437434347758 0.00921375676134585
-0.279800028689642 0.0775204968821639 0.151430711653869 0.0751760751344105
-0.280453322147242 -0.0111079317142429 0.114292749378295 0.149075044661372
-0.297455187838088 -0.146412009621277 -0.00183766938563868 0.153188897392323
-0.195259073392078 -0.279883955384107 -0.0834170705839461 0.0960627439842597
-0.0289434299091761 -0.343732983154005 -0.178980243994553 -0.0244866002107792
0.0931623645847506 -0.380420171997973 -0.0960927383510161 -0.095922548907999
0.155872338178323 -0.437299752668921 0.026813718456379 -0.0124102660844643
0.00730347031528391 -0.483108780298438 0.0915072045075092 0.286797637488263
-0.184297257502942 -0.393530137862748 0.411295143042447 0.0172088047100395
-0.283418077167072 -0.263174520599805 0.16335641824082 -0.268805207622628
-0.313485715108458 -0.157953751926251 -0.119177081708618 -0.191568951976695
-0.346690657990633 -0.0283660174973182 -0.127387904532439 -0.00896281880038013
-0.337406936303977 0.105014757795444 -0.0448690170870466 0.0721455665843855
-0.280932755679348 0.125061777974049 0.0179903876904235 0.0728290186405635
-0.287694788351762 0.151730871811821 0.0489342032488864 0.0602089756185646
-0.326436343199218 0.0664262149454222 0.068580774668197 0.112174671384877
-0.319761914291707 -0.0233867587942857 0.0554782253219727 0.168825793302888
-0.342614673460377 -0.142578884460344 -0.0276422430487041 0.16970157960505
-0.27588665496923 -0.295271465371915 -0.0945002426412765 0.122498765495885
-0.0925312537554536 -0.42948416048844 -0.182028670830465 0.0334339324498512
0.0950666183722598 -0.496124497522829 -0.133825476082144 0.023653528967545
0.147551117358005 -0.426507086438398 -0.0274436775369625 0.123956814551946
-0.0307948914709934 -0.434267995121472 0.119031215952131 0.32674794269118
-0.186553677438667 -0.286517314038513 0.359165246083636 -0.0155518228356515
-0.203836204971687 -0.150781548990092 0.0959413630406455 -0.26762433235549
-0.205744026349139 -0.127657902868109 -0.179763032246262 -0.179665419468169
-0.27183275499515 -0.0509272716132466 -0.211401928435115 0.00251710142392419
-0.29851056774187 0.0639451841713971 -0.149755931402773 0.100169209353306
-0.265952481549913 0.0873808834452784 -0.102993564845906 0.114136537462393
-0.28774432087789 0.113857095500965 -0.0668666348425805 0.105795494191313
-0.320359387070404 0.0321964457890992 -0.0340322089764492 0.143196968157302
-0.297940853023489 -0.0450577328895953 -0.0249147401889471 0.17791942650671
-0.318720161573096 -0.125739318213119 -0.0697649267028045 0.176326394542816
-0.298812733161621 -0.276627335119375 -0.117763480241648 0.142748223198688
-0.126327930173591 -0.457660564529293 -0.175115181298444 0.0887695019650641
0.0989408484520284 -0.535462387439533 -0.155927802179642 0.161069831698349
0.107811432089723 -0.354322784751829 -0.066518648779601 0.218638759237155
-0.0788667689533078 -0.321751256167173 0.143330574521991 0.309403470873663
-0.160360736941422 -0.141122690757473 0.272814475116401 -0.0524636382958449
-0.0939940559321362 -0.0387768156163546 0.0340043323872123 -0.235318735894067
-0.0823676708700055 -0.0955905044521816 -0.19761262501473 -0.152774825033225
-0.169770970742562 -0.0695019578507104 -0.254247188507779 0.00873146068444968
-0.221523165446688 0.0144016744379852 -0.230733408128938 0.111804197344851
-0.211023273042796 0.0353794957433655 -0.211771767720319 0.138749378556426
-0.238709181017982 0.0510600746699167 -0.177743560180619 0.133226570301866
-0.24881091852534 -0.0156023673024863 -0.134411030549314 0.149122437229564
-0.207840493811242 -0.0613621556152673 -0.103935603805638 0.164029248844746
-0.226745723084842 -0.0828491883629476 -0.116717309626997 0.168221975974157
-0.261617317977919 -0.216321688747696 -0.153910571707045 0.14936740135889
-0.119358657921403 -0.416123534910126 -0.165692804988271 0.122711883720515
0.103869981779454 -0.483129327406717 -0.166496466659971 0.288512948718188
0.0509637080345395 -0.240310554035058 -0.0805740732615745 0.265688368235872
-0.116926338888297 -0.18374330101693 0.160926681335659 0.259067113065654
-0.112895540461619 -0.00737096208303583 0.18328792126036 -0.0740411321474122
0.00652551449618653 0.0428696783665885 -0.00428298519458965 -0.189172156601871
0.0193564868983989 -0.0670126890843922 -0.185540680322322 -0.128519789382358
-0.0674445814332363 -0.0805847885490575 -0.26582347983595 0.00487877381182006
-0.122534900625257 -0.0349237517645547 -0.280716871669149 0.108225905063456
-0.123593530117532 -0.0224829831980847 -0.287451355123228 0.142106309129792
-0.139876966305121 -0.0196916469549392 -0.259750997699416 0.130226243733496
-0.118832209623636 -0.0536985290126336 -0.204766086418443 0.122818046613109
-0.0703416029829596 -0.0479651403544074 -0.152459072175556 0.129065125015192
-0.10301165417043 -0.00374030878610887 -0.151491473775898 0.152801221795426
-0.189432450249322 -0.115774182556985 -0.200669872267644 0.141398419134266
-0.0897772926946222 -0.304211853487366 -0.159180377345054 0.122344528180928
0.0979549216729588 -0.34609174088153 -0.168006104558073 0.376750585815696
-0.00353887130002151 0.135566572878643 0.0658229759232527 -0.455908357520673
0.0914096226909443 0.0995031502608844 0.053044826112625 -0.11563971796362
0.119193651114368 -0.042596855379919 0.218301298231208 -0.104367247475875
-0.0220367186420648 -0.119445967312117 0.146197663473842 -0.160778544075361
-0.088628374997727 -0.00965333419489852 0.134497257940199 -0.0997547863589319
-0.0292833125598857 0.056501524608138 0.207053542233498 -0.0833982346357554
0.0126509343309287 0.0608853216056683 0.267666675466279 -0.104595702612774
0.0157980343282551 0.0599875486800486 0.303546318285299 -0.123905549016122
0.0220316986019943 0.0721799634814511 0.290828626866443 -0.0972571416284729
-0.0145389638442743 0.0718236377793284 0.257438301660905 -0.00523465477880537
-0.0769821071140275 0.0395554469261914 0.192206326371502 0.101637446438554
-0.0850187079673973 -0.0826210183521602 0.0278090422161332 0.146545210614507
0.0628735753462507 -0.109306206384439 -0.0984124342800924 0.0836623054754924
0.0873088071691003 0.04675349717296 -0.135765949910101 -0.124939183254939
-0.00115229708390343 0.130351386819055 0.0538880841703895 -0.221838342180776
0.0216000996218289 -0.0679291686929767 0.0894214064934677 -0.422093664169657
0.0498198894348348 -0.0986909730493289 0.0565939934426122 -0.0398541749844975
0.0186423482336494 -0.189669128774674 0.298584575794642 -0.0648753278581947
-0.142639526536367 -0.220294343341089 0.18043238551696 -0.180495505868781
-0.230423517238826 -0.0712907436215005 0.110154282707743 -0.108633498623019
-0.182757680500909 0.0574727101502067 0.179268607216016 -0.0595407955347602
-0.123821872980895 0.115723945044497 0.249074436887382 -0.0670531114913373
-0.0894891578759043 0.110064576849928 0.288556693299818 -0.0912075694969599
-0.0741651137930899 0.115646991537537 0.276327416008226 -0.0769619233026947
-0.106024889395183 0.0761407451985364 0.242307574144977 0.0140302678283634
-0.139947856249059 0.0208456801099793 0.173928410583262 0.112213984556686
-0.149754042087069 -0.109153869452802 0.020368359679561 0.135449197833286
-0.0119276584155917 -0.17797946723752 -0.0806920455432057 0.0752904232405688
0.0727602647760211 -0.0884959564744407 -0.148196422999151 -0.0963837810272692
0.0456299803336736 -0.0421303383420507 0.00294911531342463 -0.217884839808497
0.0644282262543661 -0.252427978840743 0.0921571446429376 -0.317718575897468
0.0226131427978262 -0.294514053256287 0.066501320337454 0.0695587055029422
-0.0811322637635887 -0.323522084595069 0.370187737554787 -0.0261580036337362
-0.2468175616454 -0.29170156285112 0.200291076614044 -0.214466959336385
-0.332929962899704 -0.123828189156647 0.0487697775179715 -0.137994887789306
-0.304032135588566 0.0419197863518555 0.100166798757313 -0.0395514074935474
-0.240632030183147 0.14538300413128 0.181377773722931 -0.0200598896349005
-0.180973992966651 0.143804505215703 0.229366934505716 -0.043243457143849
-0.162789350066114 0.15174580881406 0.229886105595396 -0.0459182438439401
-0.19599424315314 0.0853414835508756 0.212373178407111 0.0354242297430752
-0.211076430824781 0.00996414785573155 0.158005218458794 0.124916571077272
-0.226492151079249 -0.123920312629719 0.0168939059564001 0.139857749383828
-0.108639456585147 -0.23178083586498 -0.0763142804798307 0.0815167000158968
0.0236059351604267 -0.221179183324798 -0.166754818186339 -0.0627110580638757
0.0677092676356093 -0.22077946396164 -0.0528373178831647 -0.174665444045599
0.10801789802152 -0.383470616156855 0.0676545263268425 -0.170479598541042
0.00440614408424514 -0.435685542511229 0.0839929477976663 0.189106123330475
-0.163983759708397 -0.400088613806969 0.415933932788786 -0.00329518746919162
-0.310140024738183 -0.303622142512936 0.1907838830307 -0.25404432479442
-0.369455371034155 -0.147782717279126 -0.0392509831162021 -0.169300876452487
-0.364275216383189 0.0191271678588532 -0.0106858273579913 -0.0215277539554145
-0.312713348210784 0.147921527122797 0.0801060537994428 0.0297836702129981
-0.245569593160681 0.155158830900667 0.137970503024568 0.0127202926746947
-0.233748838188644 0.172956918763876 0.153233152547492 -0.000847395422322893
-0.274300432363279 0.0938059615910983 0.159284279574544 0.0671879931608552
-0.281621568926928 0.00568198449874343 0.127484355572206 0.143524647317375
-0.305205263591632 -0.127747353679041 0.0071584728623858 0.155072527115038
-0.213241330262155 -0.267918764387515 -0.0788561901184208 0.101568461594372
-0.0480402318502154 -0.338768369315434 -0.180307294345215 -0.0165155127266422
0.0690906322522139 -0.383060965093397 -0.0998081061032486 -0.089212966206608
0.13222420785114 -0.443185956142999 0.0242867832498767 -0.0111060699392422
-0.0196489483810659 -0.478702129595757 0.110908429911906 0.282147734985563
-0.206057192493842 -0.379959815311216 0.413075278560239 -0.0109186587312209
-0.297741367854694 -0.243871387604076 0.144681235993755 -0.278917987326434
-0.324631302515987 -0.140624831784704 -0.128106525519219 -0.181495418378971
-0.348913318199376 -0.00717261267304602 -0.123466529867438 -0.00218028839774163
-0.330289518598428 0.124895197405769 -0.0335114924506413 0.0757628238832626
-0.273932947907 0.140909448837058 0.0244336540977618 0.0703524911287715
-0.276693481569287 0.16860335751884 0.0523826304116675 0.0556878213623479
-0.323307730110213 0.0849797271841239 0.0780357027217296 0.108885817776709
-0.32229459616296 -0.00577507316790584 0.0702737851215468 0.166504280069182
-0.349247819202548 -0.122592888519765 -0.0177364141098742 0.172715272185323
-0.293321495153256 -0.278221593388471 -0.0892010498921092 0.128101480981051
-0.115860759835554 -0.419999506756223 -0.180546716556794 0.0404485287368158
0.0634945064531887 -0.496995849580554 -0.130262541507113 0.0313854229475517
0.124862273309532 -0.431015640816544 -0.022697901853837 0.12690788930031
-0.0552990280035002 -0.427923947446697 0.139864633854197 0.319316615730149
-0.203800066633053 -0.272160856965794 0.358750844427196 -0.0397620393700714
-0.211220854998258 -0.138506582580792 0.0779383043382214 -0.273105919541597
-0.215774426138856 -0.117138616577192 -0.187643790215158 -0.167637736876088
-0.275816014509774 -0.034375139954073 -0.207263298175909 0.0138672343580404
-0.295119741830205 0.0819178673487496 -0.137607678686764 0.109299060509925
-0.262163390118454 0.103841801062928 -0.0943463564114448 0.119221417377842
-0.280761923552295 0.13075019808668 -0.0609112600578918 0.108904531154664
-0.320069459122651 0.0518465784669832 -0.0232642258332143 0.146083113890751
-0.303799004087764 -0.0284417094136385 -0.00980343579651732 0.180510857329916
-0.324434027531255 -0.108006696913797 -0.0598155905862241 0.181607812345645
-0.314813199871423 -0.258427745993772 -0.110637924028005 0.150088673444837
-0.150583998792107 -0.446619022633982 -0.171375088606217 0.0955156837340248
0.0637599152176031 -0.536603578363475 -0.144173772667623 0.168483294340227
0.0863203467818292 -0.357016663197781 -0.0562858963199915 0.222815132810114
-0.0980336405806781 -0.312485989153051 0.163661618909686 0.298777038781635
-0.167303940951089 -0.129358430011089 0.269832815642931 -0.070437760462621
-0.0943116681308604 -0.0336166031641077 0.0183580507326029 -0.23640853406695
-0.0909856296548377 -0.0928138957269132 -0.205165875858201 -0.141297631093157
-0.176603779492175 -0.0591912981061301 -0.250521219270496 0.0219082816933217
-0.222057417876995 0.0287095627249608 -0.218754771366535 0.12563774402203
-0.21171473957323 0.0485331751990195 -0.20190787682222 0.150753064601471
-0.236055125033819 0.0668097400597631 -0.170920921897602 0.142338863795423
-0.252131931745865 -0.00101886050846755 -0.12483886723439 0.156897913746464
-0.214188248233393 -0.0509433591668897 -0.0903586581414564 0.17026207535904
-0.228817254306162 -0.0717204580964983 -0.107615551554217 0.17490743133556
-0.27340999386811 -0.199387048556742 -0.1458940551995 0.159192648744148
-0.142760417518933 -0.406617492062829 -0.160739812102177 0.129736011469919
0.0708856958249119 -0.486684525403293 -0.147847461995963 0.294978471534353
0.0364735514444763 -0.240467309189796 -0.0680252488063796 0.270419012952147
-0.128246231357764 -0.173820792222661 0.177026460851957 0.246492872891501
-0.111849395472727 0.00034051127073688 0.179032515581348 -0.0861303638530232
0.0105465734585254 0.04078404750385 -0.016673428978658 -0.189189334361143
0.0128509155432667 -0.0705118323956077 -0.193397700635194 -0.118504585239114
-0.0757154240488735 -0.0762081252082769 -0.263667465707963 0.0187720251071705
-0.126379897825161 -0.0261480665973965 -0.271700717038969 0.124689622762516
-0.127310460156959 -0.0139513950439051 -0.279560598808594 0.159676178144545
-0.143154046570624 -0.00972156314820194 -0.253286347896555 0.145371999968797
-0.124606847943534 -0.0467195861551217 -0.198039378220429 0.134334702250499
-0.0751462084266554 -0.0458288384427722 -0.142302833999363 0.13746116814701
-0.100220959214605 6.64703835113814E-05 -0.142737771332294 0.161659916733778
-0.194797182994481 -0.102554695810803 -0.19188706261555 0.154143536518329
-0.10739481637587 -0.29606089695982 -0.154818448945745 0.129295473067561
0.0735056288930781 -0.350066364723939 -0.144504223317863 0.382826474654709
0.00751185174217967 0.130475707001684 0.0432701093877242 -0.438050187948021
0.0971199303490533 0.0917516233812854 0.0478521447986468 -0.111044365221691
0.112455313969636 -0.0481231938401971 0.204359958959381 -0.112671734235825
-0.0289521325455197 -0.111209373160105 0.130885965695184 -0.162084535452419
-0.0848532432594894 -0.00166036718304269 0.12458235688769 -0.10098078572286
-0.0227971104744444 0.0554902748883527 0.196328873784764 -0.0901277908516382
0.016588740174416 0.0565557671872269 0.255258556193262 -0.114658379291655
0.019328693563795 0.0553735308961538 0.289827956548547 -0.136048178840358
0.026482615032543 0.0662129734767165 0.277761089552486 -0.107504950129983
-0.00832530858873789 0.0691106615376551 0.249092402678049 -0.017079562201555
-0.0701309808405402 0.0437090827875837 0.190826624125322 0.0885831508905862
-0.0870149800137783 -0.0725798825980562 0.0359755201974021 0.14076520961141
0.0515177914302703 -0.109560978076642 -0.089694239625311 0.0866858829503306
0.0872852060995599 0.041658424240475 -0.137842622868118 -0.113960234025249
0.00894478962623708 0.125703906952636 0.0439562158475832 -0.216060227705018
0.022561444692169 -0.0656467142569399 0.0675810446304248 -0.405649243994402
0.0477598771902317 -0.0973128867857808 0.0556093775792907 -0.0385450766529567
0.00900346333995703 -0.184928489735765 0.284330540571108 -0.0805217448600921
-0.150468287618592 -0.20309332195546 0.16280227202378 -0.182461201734148
-0.226217084625847 -0.0547349677966467 0.10146371016121 -0.108352108911217
-0.171161828926108 0.0642833016765841 0.171171581477624 -0.0660875290301967
-0.11241372360923 0.116366890441818 0.241196092899234 -0.0769698759902506
-0.0799890307151317 0.108732531212354 0.276799271587158 -0.103552646414625
-0.0639900159087555 0.112467683668769 0.264070124329809 -0.0867135812120478
-0.0971865477640225 0.0779673240988111 0.236620822167263 0.00230211339253492
-0.132879062311783 0.0279396441361532 0.175263657880361 0.100381853566488
-0.149920954989347 -0.0945895830023049 0.0277987119121599 0.130423349544905
-0.0233326223078378 -0.170890650444185 -0.0738432197995287 0.0767915101472708
0.066373217765043 -0.0871447842146931 -0.147851591242996 -0.0866332879697565
0.0440792282051933 -0.0417353160064662 -0.00525505348367254 -0.209695481325966
0.0539718404064627 -0.245000389538197 0.0730254300391082 -0.307546642573448
0.0118682953180515 -0.283347108083654 0.0703690883968126 0.0665444413367489
-0.0931538400291912 -0.307986049485475 0.356100716671806 -0.0466557737604205
-0.253619103541555 -0.26839067400333 0.179250524975498 -0.216746247454195
-0.328888818329264 -0.101778824580711 0.041940590492782 -0.133031885496916
-0.28943675575957 0.0554355406513769 0.096700952377036 -0.0434883314390113
-0.22291029910703 0.151353231269392 0.17939509651282 -0.0286569020674494
-0.167293645992053 0.145948015135329 0.222137991239463 -0.0553968466095304
-0.146860962623709 0.152295849826007 0.219952246889202 -0.0557734885247319
-0.183823827084174 0.0914237322084035 0.209319539549934 0.024995404580853
-0.202820514597298 0.0206791792782002 0.162489913544532 0.113387317350502
-0.224074129122441 -0.105860163002923 0.0240048662606543 0.135351858730215
-0.118680022892284 -0.217512917788097 -0.0697314823014372 0.0826927486914539
0.0128268651049439 -0.212236410967002 -0.164739680547625 -0.0538477066708151
0.0546181874136205 -0.213459847413049 -0.0564893517740307 -0.165043642784139
0.0900160091369082 -0.373108070414304 0.0562084271554164 -0.164941750565826
-0.0133368649718976 -0.416653000180321 0.0930230156487942 0.179702538653629
-0.176057439651495 -0.377262119210367 0.400704317805211 -0.0291396045487511
-0.314783245530958 -0.278140824167869 0.168477724333249 -0.253649583314549
-0.36696471753782 -0.12316409878012 -0.0440107758584881 -0.158944226170213
-0.349469936300646 0.0366112145399702 -0.00886733363801692 -0.0206535974178318
-0.293721862453651 0.157448923660002 0.0844743915653403 0.0244649790400933
-0.229241248281024 0.161183905900494 0.136259320395073 0.00304822516530704
-0.214964540811573 0.177023673705615 0.148099178463682 -0.00857382699300993
-0.260440897418653 0.103379247816814 0.159611733839421 0.0576232867938183
-0.272511408497261 0.0196873658821621 0.13461228489211 0.132713533522764
-0.299557847696684 -0.106498629481415 0.015487933061764 0.151478938777113
-0.220314274777879 -0.247273388993684 -0.0728103103252732 0.10221669443445
-0.0619456979271743 -0.321840396390999 -0.176053613184377 -0.00957867125213418
0.0465622848968337 -0.36876674348698 -0.0982111045607249 -0.0810240065385451
0.108711226002926 -0.430719326044858 0.0211974986756579 -0.0104435950419444
-0.0406416156135524 -0.457306772309792 0.123509415975428 0.266852966163854
-0.216060693256827 -0.353390037563363 0.397837672856398 -0.0358838030619776
-0.298828055984484 -0.219242853096694 0.123678697927807 -0.275480178726926
-0.322310384245989 -0.119396781288305 -0.130578033516293 -0.166887127461239
-0.337297378357782 0.0108581715396159 -0.115445910313509 0.00274544354863892
-0.311957893203624 0.136986394014648 -0.0223116415702998 0.0741007746514898
-0.25815788503689 0.149186464106064 0.0293697129786599 0.064479262194848
-0.257449233147121 0.175435725148508 0.0538386525463035 0.0498236610057952
-0.308602795985712 0.0986562684150723 0.083877506785035 0.102114023200164
-0.313654971181872 0.0111983928991875 0.0810968067817478 0.157560229780906
-0.341793104717964 -0.10036506860077 -0.00878703749480636 0.168931877357674
-0.296757361985978 -0.254932418614382 -0.0812278259371811 0.12848497232333
-0.131098162692531 -0.397523486458374 -0.173969518814016 0.0459566509956382
0.0346632806922185 -0.477122680813938 -0.121747896489487 0.0360196590739999
0.0996085282959713 -0.418407735422852 -0.0169808809608689 0.124144624889984
-0.074669092484007 -0.405492921508702 0.153156489336888 0.300469315889751
-0.207382495651671 -0.249200938151763 0.343858826777896 -0.0599945841615471
-0.209613218648677 -0.122311465435756 0.0601853569449002 -0.266724803010837
-0.216531332891413 -0.103527679734962 -0.188287313982461 -0.15179718480497
-0.269713539296287 -0.0182590424235711 -0.195723290720584 0.0211760623342363
-0.280456827834308 0.0942159908706442 -0.121834412828641 0.111611534829651
-0.250011788205667 0.11302948259009 -0.0835729195839526 0.117804161322004
-0.264313298132223 0.141131067138739 -0.0538016810555589 0.107048885614107
-0.307697920302859 0.0659964565713235 -0.012747366741874 0.14222046943096
-0.296845633138776 -0.0122316128258956 0.00400883474246506 0.174623665032298
-0.316110424252306 -0.0894161981932689 -0.0496229116882681 0.178640171482371
-0.315501202917417 -0.23305187341938 -0.100854200755546 0.150162550774014
-0.16680662311447 -0.420789845749032 -0.162399524933187 0.0982942758257934
0.031139381356837 -0.5163754392921 -0.128634898666331 0.168089892923782
0.0660901287786574 -0.348008314944613 -0.0449907175519857 0.218187184941993
-0.109688742541824 -0.29287250045905 0.174254661922877 0.278296655743941
-0.166350021969172 -0.113584411596052 0.25687007280873 -0.0840118334073628
-0.0910911623582777 -0.0278602091438941 0.00439878244657514 -0.228655486102656
-0.095120085366792 -0.0864847864347515 -0.204256648212667 -0.125935996393506
-0.175862788882817 -0.0471222626339007 -0.237939512966006 0.0317313043198845
-0.213067769059139 0.0400160862100088 -0.200587935531065 0.131264111764745
-0.203782449886904 0.0583612330904363 -0.186844187558388 0.155448077861777
-0.224936003428618 0.0771719443285808 -0.158783177974545 0.144873018251065
-0.245578901551476 0.0122885620019924 -0.111344756083107 0.157460797470101
-0.211919822957818 -0.0388758538971676 -0.0755058672246946 0.168710493751876
-0.222325115143434 -0.0604742052133087 -0.0965226694849834 0.174234989315198
-0.271913517574346 -0.177559960954763 -0.133532761450365 0.161071339094877
-0.157302708242917 -0.382451990294806 -0.150935878847909 0.130699387842207
0.0404466435604127 -0.469079793878938 -0.126659913630748 0.288738984630986
0.022736181479571 -0.23272103842028 -0.0543436534664997 0.264490226845071
-0.132094041338334 -0.157534369531552 0.183882118308937 0.226375878550115
-0.106694353285453 0.00680595367320572 0.168311239359488 -0.0930110069151075
0.013663693036449 0.0377324520262508 -0.0262976369869426 -0.180832916162996
0.00582042157170552 -0.0699481742846084 -0.192747278612965 -0.106090037359086
-0.0805329081910921 -0.069261567536577 -0.252233567891627 0.0291748645923401
-0.123823881186363 -0.017523905710725 -0.253629785886319 0.134078850620829
-0.125543751114373 -0.00572273947846436 -0.262370124808436 0.168476715017409
-0.139855419928852 -0.000578162569195732 -0.239023430221917 0.153065482401381
-0.125197006875508 -0.0387367574517291 -0.185577112669565 0.13850902352393
-0.0775079903664761 -0.0419266038254436 -0.128477324964866 0.138699869410045
-0.0945296181970719 0.00300349591214127 -0.130293718939462 0.16242235792195
-0.191203283935016 -0.0880533631494279 -0.177308117810637 0.158903972046875
-0.117853227397902 -0.27767825004315 -0.146304649729523 0.130132833547328
0.0494411322002683 -0.339983327598026 -0.119926081072923 0.373343967941408
0.0204093058616028 0.112312765851531 -0.026429320670425 -0.408450520080371
0.102722095371416 0.0687719498480162 0.0340713089831002 -0.106362521839431
0.0963929256821375 -0.0636766758844466 0.184419345266648 -0.140390910498278
-0.0456027229208345 -0.099116823674285 0.101113188698878 -0.180817382181682
-0.0788433941850036 0.00839841301767925 0.098003703936471 -0.114019671671462
-0.0142033064139845 0.0516718899725746 0.173974683013823 -0.111055540907687
0.0229841013526766 0.0465043975817676 0.23269951930736 -0.142966049690578
0.0253662066458122 0.0458174050363818 0.258683411976831 -0.171176761164735
0.0338241449872064 0.0544966335768257 0.250191690814868 -0.144552722512932
0.00383936907720895 0.0634086675361029 0.234504945942392 -0.0553057656672334
-0.057120329203911 0.0491258111352321 0.195193248761945 0.0532622094214866
-0.0913543060908636 -0.0532758729776793 0.0595432740681413 0.128474108885839
0.0313519356900136 -0.107135887638128 -0.0688529892193689 0.0954086143797976
0.0865796219835232 0.0260818890577193 -0.149070472751966 -0.0837465004852197
0.0259887575385639 0.114296661852881 0.0140878155862855 -0.209285998053466
0.0136342080388977 -0.0705617208950747 0.000246518798945231 -0.390782193776641
0.0351503883131578 -0.0983177110232781 0.0531766703153727 -0.0461622715919204
-0.0139406133389026 -0.177099692694771 0.26019152532019 -0.134297844953135
-0.168964293458853 -0.167741298488215 0.124032969034126 -0.214832210889696
-0.21733858107198 -0.0217766948001433 0.0673649097997337 -0.121391833308294
-0.152065585218782 0.0787650228153606 0.148155081615535 -0.0858573907512493
-0.0893688159182152 0.119049737148249 0.21810282472929 -0.105897406856276
-0.0622979152957604 0.10770528639433 0.250007568961637 -0.139497301893134
-0.0461535105701124 0.109967024658563 0.241248704931744 -0.125686790775575
-0.0790415621552434 0.0836733297471983 0.227450406377065 -0.0377517240433369
-0.117846858736754 0.0405431514540648 0.185234720310806 0.06680355409141
-0.152868130288506 -0.0674550746994694 0.0512801001624108 0.12055192979202
-0.044996425779219 -0.154969278316735 -0.0560620734704067 0.0822531270863099
0.0505369596439694 -0.0903406516501593 -0.152516017280449 -0.0558537878535146
0.0381676364408871 -0.0465672972845646 -0.030088467780533 -0.194900149741961
0.024633969062719 -0.23824179573705 0.0235651040300864 -0.308505163940144
-0.0196914753647666 -0.264797698348823 0.0837889928009082 0.0436842956579995
-0.12137851175231 -0.277778420191547 0.328435463182943 -0.124118958776117
-0.272848699091049 -0.214485231670479 0.131113796150206 -0.257890897260556
-0.319974525445851 -0.0525587051872338 1.40848931267831E-05 -0.140060121226714
-0.264633524556269 0.0859091591593645 0.07557468336581 -0.0538376336680954
-0.187242141722124 0.166790768596419 0.160824647484748 -0.0521753722079192
-0.140979127519832 0.153131475392814 0.203582290290845 -0.086749317880388
-0.119853238920566 0.158228489981888 0.20419857523509 -0.0910223754413282
-0.159945922539162 0.108305054103622 0.206515114168956 -0.0144962541086131
-0.185552099888999 0.0412432299848998 0.175757652869569 0.0817744895755698
-0.224302764538196 -0.0691193675256868 0.0496798564420104 0.125842283995639
-0.136990501235759 -0.188276163892788 -0.0526875022867232 0.0860933552783902
-0.0160830367108235 -0.199917882938705 -0.159942127129565 -0.0227413879850945
0.0268796972004942 -0.208690691139665 -0.0711491799963843 -0.145888009673468
0.0439549140786306 -0.358040972419461 0.0312825098738974 -0.178711905749131
-0.0591371934384488 -0.38351920313782 0.122662643369508 0.141450443410109
-0.205416546687626 -0.328757846028212 0.369916278715769 -0.120957309903904
-0.329395129319099 -0.213425725460672 0.111093881715527 -0.29478884347661
-0.360375759784043 -0.0666022665111725 -0.0873111860167516 -0.15390312376883
-0.323618616940632 0.0769253028916133 -0.023936299094739 -0.0189844060622659
-0.25190755695271 0.18296411066512 0.0738310886476758 0.00966918770644739
-0.197648601137291 0.17499654443754 0.129738299232721 -0.0200400764065991
-0.180924205699478 0.19074812149965 0.142613918379274 -0.0365435727004882
-0.231997947176111 0.130091090163425 0.164391432213675 0.0224743087527823
-0.252292851562519 0.0474818586293076 0.154359553438629 0.104128178451589
-0.295372239226363 -0.0621584741276686 0.0441349135111213 0.142151024027489
-0.234142649238692 -0.204705638862303 -0.0530155556202787 0.103488090279785
-0.0996996890050752 -0.291837245385221 -0.161456032121204 0.0199598584322708
0.000399161244745629 -0.352520746356892 -0.0978822214991626 -0.0614960285111293
0.0552819497398057 -0.41036644147953 0.023807894860105 -0.0307812186770501
-0.0883834758619328 -0.416115433091969 0.164376730075381 0.217022313238689
-0.238250242611866 -0.302020807712106 0.362907488001624 -0.126258578837005
-0.307875383640608 -0.163553685547401 0.0647359312246198 -0.304862002303771
-0.318837424225573 -0.0675156130747112 -0.167741610504765 -0.147874824710582
-0.315916132932085 0.0532437258617105 -0.121917475288406 0.0171362710723788
-0.271951255433653 0.167993083408534 -0.0222184078652432 0.0707444589589448
-0.227031359392863 0.169340644727551 0.0359221848022307 0.0532198373386123
-0.220688131245945 0.196148960728496 0.0611662858597431 0.03306261450296
-0.279136171603595 0.13249392269714 0.099606625265305 0.0750279045171857
-0.292920357820015 0.0435918030473676 0.107426624527045 0.135644353907553
-0.334397969808775 -0.0518031823326947 0.0242813380422076 0.162105075899069
-0.305185301597638 -0.202622392426351 -0.0584971132993855 0.128558774995527
-0.174539902735979 -0.352685556756539 -0.148321551366831 0.0705727045546775
-0.0243330535148021 -0.452820974624609 -0.103608526257506 0.0512529680852405
0.0484744570303601 -0.396561073541771 0.00830118539714714 0.101393929109955
-0.114099238411631 -0.364148936049319 0.194957653127525 0.24499938210564
-0.219146053678149 -0.206556374472742 0.306178914761432 -0.133302345576551
-0.211595523579954 -0.0856069357335752 0.00773874897835491 -0.278014741745334
-0.219314001304273 -0.0658376857740285 -0.213615203718475 -0.123603009241154
-0.256797837110565 0.0185689032065751 -0.192986870209048 0.0451876447594011
-0.248478622465679 0.126067668444626 -0.110807942659777 0.11863987623713
-0.223403865000275 0.135130998490107 -0.0643034712353358 0.120868041917748
-0.231852744291559 0.166127023335369 -0.0332939661588742 0.104009078619513
-0.283835225431346 0.102794481728618 0.0133076650515325 0.129177323347486
-0.281303730840971 0.0201960438841317 0.0366605039075755 0.163830976907095
-0.310084328550726 -0.0456985766963893 -0.0138005738630343 0.177407053603369
-0.318751486054291 -0.181445070581264 -0.0738859045380776 0.151524050490477
-0.210350888094359 -0.370443348991132 -0.129680439446981 0.117631688479716
-0.0313018157525588 -0.486104066886899 -0.0921635735242812 0.174945020710923
0.0253295396418536 -0.325189298055061 -0.00496880519186804 0.19697655990624
-0.132916453122476 -0.254854050088545 0.208409892258096 0.223208627083199
-0.165070143461153 -0.0861077287246023 0.220099714482482 -0.132368659552361
-0.0897575014189441 -0.0148464557627403 -0.0356315164415082 -0.222971202181595
-0.105198153257262 -0.0652501925461279 -0.21874750908103 -0.0948346096444129
-0.173050294898304 -0.0191809555971986 -0.228817632450904 0.0597637660170989
-0.192759221192241 0.0678563977329517 -0.181533211728013 0.148718304568368
-0.18600686105142 0.0805917338116504 -0.157287696490553 0.17175413226719
-0.203404649789863 0.10356633386277 -0.128156703858932 0.158375526442079
-0.232730650126071 0.0445259376630863 -0.0786821023743409 0.161183983161088
-0.204916548289921 -0.013591411204251 -0.0415547228034827 0.170140877773589
-0.217603681907704 -0.0300162216119875 -0.0605209682928309 0.178916308289487
-0.272451257727201 -0.134064839268705 -0.102393566455917 0.167691770062099
-0.197914183737182 -0.334067648717567 -0.114863343938657 0.146179612393055
-0.017211368979338 -0.442707759433886 -0.0756852217486602 0.28717230984238
-0.00144630775327647 -0.213319529822301 -0.00852408542595361 0.247061850233033
-0.137382159969294 -0.127680311564753 0.207225873843355 0.176374731465117
-0.0964181736301602 0.0173691251554557 0.138163019315909 -0.116589064482981
0.0149049543290481 0.0306751040858951 -0.0530890763092174 -0.164892399321566
-0.00979569729786337 -0.0636332437276337 -0.199631358858655 -0.0764231184509299
-0.0865599180129035 -0.0507326726968784 -0.239386412305728 0.0595496405306015
-0.118024709802704 0.0037067613756908 -0.228662666940038 0.158366976425095
-0.120689150138579 0.0130436558558813 -0.226623506159259 0.196442600687438
-0.132825350577453 0.020905184182382 -0.205435737186932 0.180429638923539
-0.126073214907027 -0.0188611552535848 -0.153510278569298 0.158308999659374
-0.0795341743831808 -0.030599527744679 -0.0982471780912022 0.150282814380026
-0.0886306105622376 0.0136291166872104 -0.0973091029952719 0.172406371221138
-0.187991252475096 -0.0587030357907827 -0.143430959833251 0.175365658439743
-0.148887588439187 -0.241526478281879 -0.112722714694846 0.145127782216299
0.00493479919668189 -0.320288842253996 -0.0604280383844054 0.365644648552431
0.0207133567696645 0.108062917845879 -0.0148265461812339 -0.392624182797269
0.100445494767047 0.0668491504465899 0.0393416022160325 -0.0994183516694203
0.0933670863923848 -0.0612766633445154 0.181419296020435 -0.133278719149472
-0.0433230451216606 -0.0941939688813288 0.0992893891938239 -0.171191884992957
-0.0749886340194938 0.00952418498970605 0.0973060877973683 -0.106380512372833
-0.0128886984130053 0.0493118257274872 0.17193273339938 -0.103295228983672
0.0217738526347957 0.0437602091038461 0.229753209464439 -0.13373704462426
0.0243046333988817 0.0434255131540962 0.256132180802564 -0.163553558648632
0.0327470925512614 0.0515120070226389 0.247051522203526 -0.134770533242088
0.00395862510187989 0.0598936148767224 0.229669756295883 -0.0484855703105058
-0.0536253405427984 0.0471666026662923 0.188081056745717 0.0549398177987588
-0.0872959756847462 -0.0508389630330815 0.0560191565904435 0.125020733922655
0.0294386873957994 -0.103110404888541 -0.0675098832132453 0.091671690519814
0.0853160345524712 0.0272608958574483 -0.144046418901564 -0.083762673989926
0.0260824119368966 0.109676032616419 0.0207471452372491 -0.202892929995152
0.0184670350657008 -0.068468003677167 0.0122950215750045 -0.374979727028332
0.0394559310130914 -0.0960176873265858 0.0563252383250223 -0.0407539353687421
-0.010343452223329 -0.172898994288275 0.253999767203714 -0.12680208816658
-0.161143042027302 -0.164091468070956 0.122072120490922 -0.204358853938277
-0.210107082910854 -0.022820180385411 0.0678132817739613 -0.113796392841908
-0.147305072687216 0.0733729570840293 0.146068029244074 -0.0791946454238464
-0.0877972697720558 0.11168104184997 0.216898081511223 -0.098651337822736
-0.0625858101202769 0.101511742508471 0.24752745588882 -0.133240763746004
-0.0454515589051049 0.103030036721388 0.237553465323585 -0.117554615319383
-0.0769590951647309 0.0784611965844235 0.223573501766513 -0.0324874259140756
-0.113375454488983 0.0376882247389984 0.179534332955122 0.0678808242026299
-0.145735318301651 -0.0659980701335021 0.0479238122543878 0.117966653867724
-0.0433167969737726 -0.150461114909129 -0.0556432082472085 0.0794744417818391
0.0525388323458919 -0.0852421180958547 -0.14755683491226 -0.0575128075611205
0.0403632912811714 -0.0433570007537084 -0.0220408707706971 -0.189833293490335
0.0323887041314938 -0.229321157659596 0.0298000027501878 -0.294159853386671
-0.00967735155313062 -0.257959362637829 0.0840797073420128 0.04602581077658
-0.110983425462506 -0.27147919383801 0.319585586180995 -0.116431107020836
-0.260463667419819 -0.211177280297563 0.130194263843073 -0.245235826290771
-0.309557579190133 -0.0552369642158585 0.00406353474004394 -0.132929626023259
-0.256452359796952 0.0780783593102144 0.0757109634746259 -0.0513246260607105
-0.183982776797085 0.155856583412139 0.161122340881341 -0.0486436999690282
-0.139617722051919 0.144577117721616 0.201666514601971 -0.0828531027127029
-0.118210533540205 0.148128982358651 0.200677239557547 -0.084296454869592
-0.156813554693928 0.100441805014633 0.202796551295212 -0.0102380276993842
-0.179722702889954 0.036480482182583 0.171947677630166 0.0824856857985685
-0.213972703924273 -0.0705469256466744 0.045814681730154 0.123844718131321
-0.131168638835741 -0.183814621450759 -0.0534106166347908 0.0830147323622704
-0.00964630084624105 -0.191658126630528 -0.155503114327723 -0.0266482759718999
0.0319289885031955 -0.198780463572622 -0.0630167936767047 -0.142800482145069
0.0528997212912778 -0.344645009208358 0.0338797737082033 -0.169448479195849
-0.0458820646773351 -0.371864446527496 0.119477216112074 0.141117845259662
-0.190512359749345 -0.322568029344997 0.358996801943578 -0.112754869732929
-0.314554206838398 -0.213242455474462 0.111482897592024 -0.281819618361836
-0.347267012899621 -0.0704358794453937 -0.0798932939431938 -0.148351826647115
-0.314173722805847 0.0682717671760033 -0.0209419933525746 -0.0195844826301051
-0.247110018970438 0.171166626038414 0.0767678406219673 0.00920354084628922
-0.1959162782458 0.1653527105629 0.127964141663982 -0.019389542344683
-0.177655721213035 0.179196361561366 0.139656681873882 -0.032850847258922
-0.227604368444865 0.120667535765887 0.162257419550845 0.0244600887147511
-0.245503100228426 0.0409086782089477 0.151283372184644 0.103004710528443
-0.283444930979945 -0.0657641987106829 0.0403630759002925 0.140033294193445
-0.223173652891668 -0.2017404657937 -0.0549282276831329 0.0997059160759338
-0.0883837076305315 -0.28146596390007 -0.157733812829887 0.014593279139611
0.00916848366351688 -0.337137506291964 -0.0908345529505377 -0.0626588850984241
0.063036282603514 -0.395591821148463 0.0224253709933032 -0.0278079469169699
-0.0755634905937264 -0.402649417562552 0.156578533788293 0.214409371594257
-0.222147126201876 -0.295240410434733 0.353401982038268 -0.11724460616424
-0.292065798392959 -0.162147238873557 0.0666462180361339 -0.292346670732385
-0.307967663125294 -0.0719273527358551 -0.158097269475506 -0.144501291088263
-0.307352679994497 0.0456057029809276 -0.116214146232651 0.0121349018187452
-0.266320540552799 0.15664844206564 -0.0177898412593539 0.0653492515288126
-0.224561977626261 0.159154451027429 0.0354542503099011 0.0501760244454295
-0.217273016215043 0.184309557338599 0.0582535893205651 0.0329572534501458
-0.273894909343591 0.122283331524065 0.0978416859855368 0.0740939823552043
-0.285659327139417 0.0364658541103845 0.105605203067718 0.132082622623872
-0.321416601738649 -0.0583499048428142 0.0197751185494048 0.159168937694974
-0.291450771561251 -0.201703583458915 -0.0606027548091431 0.12384055463551
-0.158989493353175 -0.341809756129961 -0.147583401845772 0.0631424470080395
-0.014646193829627 -0.432942291983326 -0.0990289430225892 0.04547366423203
0.0555981668250546 -0.381306315528154 0.00390980543760272 0.0992659773237264
-0.101321384994464 -0.35216281365059 0.185405247384222 0.240411449762793
-0.20534448199813 -0.201638857412932 0.298402180254148 -0.126363797307161
-0.201091873484787 -0.0862219583064357 0.0118765439251515 -0.26710608897509
-0.212946706417996 -0.068557610571465 -0.203575618803139 -0.12261662369736
-0.250458547433029 0.0128046370135178 -0.185370177041985 0.037596435821913
-0.243409151175932 0.117172545780588 -0.104468662180224 0.110374813584408
-0.221048703522325 0.127654448747366 -0.0629122411819645 0.114365154332609
-0.227567712633859 0.156461496071875 -0.0345053981469124 0.100276985853384
-0.278080682213691 0.0933740140108062 0.012552750207312 0.124390469234762
-0.274451601724693 0.013811651498178 0.0356922048961352 0.157149623272116
-0.297347526494245 -0.052438804075048 -0.0182036552938962 0.172538372842519
-0.303790022019988 -0.180026741499866 -0.0757729259543171 0.145849539445305
-0.193673934093042 -0.360665984393873 -0.13051036686513 0.109035108828696
-0.0219556840768809 -0.465976860636732 -0.0914769716260778 0.164642754774231
0.0323022093226683 -0.312874003170008 -0.010879273442042 0.190797166867916
-0.12307554870632 -0.245678521017574 0.197602256669932 0.218395121398578
-0.156164499024156 -0.0844404379615324 0.215604187724158 -0.126040557328872
-0.0846128648928961 -0.0164337180002657 -0.0307571627786781 -0.215157206299926
-0.103057078391422 -0.0659661719611657 -0.209423851851184 -0.0962206126155613
-0.169382365317319 -0.0207307954204314 -0.221390560826369 0.0508690627276914
-0.189001681441131 0.0626773974366765 -0.174419099457438 0.138199746620545
-0.184109455106484 0.0760181019266083 -0.154074278481212 0.162053696297821
-0.199443038122407 0.0971117087260133 -0.127466231455105 0.150566188506886
-0.228054468348479 0.0391702182137288 -0.0780116086412784 0.1535476910596
-0.200479135094958 -0.0175236348952769 -0.0407729367029085 0.162251154345981
-0.208638414720526 -0.0363731295452754 -0.0636764505011051 0.172632888701985
-0.258875903513561 -0.133874542993621 -0.103517746717756 0.160331264507543
-0.183303048233816 -0.326138541047693 -0.116467552074874 0.137460443042152
-0.00951944538622217 -0.423811801069367 -0.078476923488604 0.272764764507721
0.00296510819238062 -0.205870925501617 -0.0164005947975578 0.238734453444296
-0.129734327045038 -0.123016908109764 0.196549047528576 0.17217030290421
-0.0917110174573188 0.0158157792707232 0.135830406469127 -0.111640421567795
0.0153091856273939 0.0284027112200966 -0.0482565022047126 -0.159934099708744
-0.0107727566490078 -0.0622085464911127 -0.192397865571864 -0.0783518826793334
-0.0852276064019026 -0.0495724686664613 -0.232385733622597 0.050314682013445
-0.115205210959459 0.00275369704659215 -0.222319692967338 0.147534563868132
-0.118843061071315 0.0125870943427626 -0.223509262329599 0.186326540621255
-0.130287357849466 0.019761658729281 -0.20302548483361 0.171187015343391
-0.124031794178015 -0.0198335527238015 -0.152038184152474 0.149658090936504
-0.078160213673033 -0.0319873183884975 -0.0971291458567894 0.140581743253439
-0.0842721248148968 0.0087478503018734 -0.0980574290428508 0.164414956055382
-0.179205016592028 -0.0587003438926057 -0.141667813016966 0.167166858769794
-0.139266578329694 -0.234795003508413 -0.115243295423272 0.13713090503691
0.00895883042563964 -0.306026372589254 -0.0663973013131273 0.347026228913381
0.0202613669839258 0.107856681797243 0.00141726913632614 -0.390477806152427
0.100514113955211 0.0692695862960973 0.0470962231081555 -0.0952856968075256
0.0948150829646126 -0.0596657656515539 0.186823282664502 -0.128471514548024
-0.0410125876209921 -0.0931057077789557 0.103880400593745 -0.167684222621555
-0.0739227563582545 0.0091597238639235 0.102570363032816 -0.101091487838985
-0.0123142158844685 0.0488902397513505 0.176870606251104 -0.0967276469706213
0.0207160350109992 0.0430376514673702 0.237619586816404 -0.126872509154911
0.0234011485480888 0.0433578793308795 0.264861526820453 -0.157459068904981
0.0321800781905101 0.0500357910953653 0.254307487608097 -0.127239868147058
0.00275920468162941 0.0589453229306576 0.233522818144945 -0.0402794663646003
-0.0529491950962863 0.0460336251700286 0.187299477448243 0.0618585262650861
-0.0855588471758142 -0.0513160375514049 0.0529429283663492 0.127150957177167
0.0297079762094258 -0.102876465895185 -0.0698897954236016 0.0906505783330864
0.0866639656934448 0.0301732061562577 -0.1424273655082 -0.0888312752621076
0.025984759593593 0.1100223585868 0.030932548275202 -0.203647623796237
0.0245552192908956 -0.0686839442697267 0.0278006513476371 -0.373034939657774
0.0465287314891915 -0.0967160039505789 0.0625392339662151 -0.0359878771356571
-0.0048689299762045 -0.175457982150882 0.258964303698652 -0.119363003569063
-0.157198938988154 -0.168332405340021 0.127471330350902 -0.198701127401455
-0.20976213959228 -0.0277755032368059 0.0731376162177986 -0.109357517109628
-0.148915758025788 0.067732049351661 0.151250753299127 -0.074076923318319
-0.0916701814276207 0.107879608566053 0.22535224232392 -0.092125815421714
-0.0663845308252461 0.0988675589455536 0.255500136637522 -0.12786456182527
-0.0487700765621558 0.0991739135416606 0.244655230067641 -0.109652050263144
-0.079207319999476 0.0747855120907724 0.228047923671213 -0.024533749928385
-0.113329106069368 0.0346469309390682 0.179633634739555 0.0737101251032148
-0.143162559356209 -0.0683304263957661 0.0443628874096158 0.12048771516175
-0.0410146894440279 -0.151158964663266 -0.057865107541183 0.0783283426006315
0.0577232287348935 -0.0824080781292528 -0.146960801081817 -0.0633728456570257
0.0450430300695891 -0.0417397776535391 -0.0127133118395309 -0.191985442352014
0.0440770636624057 -0.229204278717249 0.0413534192563029 -0.29250307666704
0.002713832907623 -0.26037902185263 0.0868671446514564 0.0522169741829894
-0.100817310761757 -0.277306267432473 0.324591040677691 -0.108420582844933
-0.253735011389719 -0.220790588782678 0.136730674899557 -0.240408361500819
-0.308894158100715 -0.0640610580868547 0.00989140441462961 -0.130446187777726
-0.259870691621472 0.0696978237988345 0.0799670637021064 -0.0484008362977004
-0.189992522488629 0.148765875945289 0.168045978756053 -0.0448141374855567
-0.146066356531157 0.139846494647921 0.207790889900069 -0.0792022210228215
-0.123206422510627 0.142161164391158 0.206492351559673 -0.07762984601477
-0.160244688931112 0.0940968155961809 0.207689631336501 -0.00414658199805017
-0.180467460137949 0.0304253696747235 0.173499827971197 0.0879472584946956
-0.211269363470128 -0.0767836662748427 0.0420534046752929 0.127749400995666
-0.126715009933678 -0.187516345397398 -0.0566749926635547 0.0820601800590173
-0.000508229647619207 -0.190722189251144 -0.156255945955993 -0.0331385773980993
0.041523802435319 -0.196381324641366 -0.0554017574051935 -0.146663090791951
0.0682040271727119 -0.34383312624227 0.0388990282560416 -0.167503956746585
-0.0298750427931612 -0.373291128094779 0.118228761428547 0.147798662826138
-0.178618030904957 -0.329562612100939 0.364889414412066 -0.103564351089966
-0.307611187298592 -0.223533654723445 0.119853667057056 -0.277860736310107
-0.347633347899911 -0.0813750989513548 -0.0733549743845977 -0.149082685458049
-0.317956504851477 0.0573575165259619 -0.0182862474374466 -0.0210852306367734
-0.253955417072768 0.161765328021885 0.0817718010198883 0.010232058975413
-0.203985870425051 0.159008427780191 0.131605596855035 -0.0178856516800045
-0.184585158879943 0.171957870574801 0.14248449313523 -0.0280046292990221
-0.232995691966569 0.112173236715116 0.165690735968654 0.0295675508608936
-0.247724304510241 0.0328791177315945 0.152733593805179 0.108120564939649
-0.280938520538582 -0.0763493369796187 0.0356654794381984 0.144471399363139
-0.218060707563795 -0.208871605758523 -0.0596775734823272 0.0990331369310537
-0.0760059021258371 -0.28356726136766 -0.160808807861586 0.0073450124875021
0.0219432627594003 -0.333755249932275 -0.0865076500938116 -0.067319778165228
0.0800382290158022 -0.394060869282348 0.0215724644454339 -0.0255478309757219
-0.0587485521088176 -0.406288742018914 0.152269516821931 0.222068969750997
-0.211894436798544 -0.301085421509097 0.358145492006772 -0.10940892901247
-0.286062313660864 -0.173277627944522 0.0756940435956179 -0.29020884880685
-0.30894303332157 -0.0825435535491703 -0.152452943636071 -0.148717225729451
-0.310997734761444 0.0354231069281987 -0.115531623026657 0.00709591373483809
-0.273080743084113 0.148358274318851 -0.0147509301329425 0.062512607569251
-0.23301331065592 0.152836953465219 0.0362791017436542 0.0487187948840409
-0.225033975265882 0.176119849200206 0.0579923685542461 0.0351310477455026
-0.279969270551784 0.113421785547413 0.098916363910621 0.0765391368416999
-0.289227651007307 0.0267962037685265 0.105511233420583 0.134683452271502
-0.319362358995141 -0.0711017393991073 0.0140646948944908 0.162891091928118
-0.284738994667678 -0.210885478372083 -0.0667752317388958 0.122394511533316
-0.145751224889157 -0.347477927371958 -0.152675762741424 0.0562425296935049
0.0025886021146768 -0.431777308734506 -0.0997258325486724 0.0401912663513373
0.0702896363353966 -0.378978378775514 -0.00185187885589529 0.100727946071675
-0.0885804615725762 -0.35477214679392 0.17882317406979 0.247305320627693
-0.197952727075791 -0.207938680463326 0.303236514209861 -0.118806941602144
-0.196756779545781 -0.0934399184985542 0.0206891789439625 -0.26688931962764
-0.213222306278368 -0.0763157216312478 -0.198921808127199 -0.129631097641183
-0.253957235491215 0.00559758762126303 -0.186273544241148 0.0296401685160847
-0.249561749114454 0.109265121223974 -0.104238661103859 0.104464679810861
-0.228248273390934 0.121808446366953 -0.0648717209423401 0.110768665301449
-0.234492882164216 0.149202912351524 -0.0374394116310639 0.0992752866457707
-0.284744098377227 0.085481690391683 0.0111450045049157 0.124702107145249
-0.277982893817254 0.00455215935991969 0.0348274138791911 0.157132536535811
-0.295016469985553 -0.0653762053868999 -0.0252288566016098 0.174633949936889
-0.297235481507295 -0.190484054390465 -0.083543399851278 0.143480677638194
-0.1806504698016 -0.366058104177904 -0.136486393804327 0.102392463372146
-0.00562232727239213 -0.463531449215795 -0.0967425336292185 0.15966642853506
0.0437638943713637 -0.312490802855486 -0.0207243813640704 0.192141766432274
-0.114828168282353 -0.248088853821124 0.191312688952585 0.224678860239082
-0.152692686003638 -0.0890979074461923 0.2204924296226 -0.120979793403847
-0.0824532033620833 -0.0200008488422644 -0.0231381858462524 -0.216501922116684
-0.10342361060781 -0.0704921437149436 -0.206460482941416 -0.102665631288672
-0.172603562104491 -0.0253576911965249 -0.223644668327556 0.0410468900650619
-0.19309552408547 0.0571926765550117 -0.176638374752377 0.130083156665625
-0.189908507360204 0.07227028512506 -0.158665899718045 0.157524232228297
-0.204560225559953 0.0911999800475222 -0.134224004415526 0.147108469753617
-0.233069284855052 0.0317605542219618 -0.0822827802333159 0.150697625639461
-0.20299653723041 -0.0254616167596599 -0.0437799884445067 0.15877473386167
-0.206039103778758 -0.0469320861340544 -0.0713423504349327 0.172436048392312
-0.253709302300098 -0.142255996791491 -0.110250912706901 0.157447191143708
-0.171446870489083 -0.329848740127765 -0.124450008534854 0.132004308547555
0.00283860027558253 -0.421157288817666 -0.0879409602392942 0.267545501764809
0.0105069683409817 -0.207401763862076 -0.0280994052426545 0.240012940745741
-0.126216820559276 -0.124418308251078 0.191312296597531 0.177603677016034
-0.0911940220478979 0.0133777064495595 0.140665924765303 -0.109172738373787
0.0163775724000744 0.0274032175449439 -0.0426819728528574 -0.161539870964027
-0.011501828958366 -0.063593179945593 -0.19068280263488 -0.0849116492254431
-0.0870904089744153 -0.0509448759159681 -0.2353457140616 0.040887185846263
-0.117188293366089 1.43978640414159E-05 -0.226260530138187 0.138591570807252
-0.121615551870446 0.0104954539178769 -0.229076731189712 0.180279945137382
-0.132998123147837 0.0174025656826628 -0.211134368787686 0.165734538943581
-0.125914006048578 -0.0232804717567052 -0.158507743823089 0.144716829395777
-0.0793433501612359 -0.0353108095482324 -0.101177831037682 0.135226135739377
-0.0827793485435706 0.00293295212383892 -0.10544158341077 0.162017461745132
-0.175988092209084 -0.0642230212221655 -0.147944531504579 0.162945946599264
-0.132180204373831 -0.238513177910331 -0.123617854844203 0.13225866902816
0.0168439226322335 -0.304340439600221 -0.0790710703707063 0.342397695779135
0.0212355806284466 0.111917504604045 0.0135333756983464 -0.403484867848276
0.105794609806157 0.0720107656558355 0.0565013999110548 -0.0950414972787509
0.098705398462797 -0.0617515542999839 0.198309781148027 -0.131376117269019
-0.0416753315333922 -0.0955162033296052 0.110522195135984 -0.171155853136527
-0.0753578886512594 0.0110484366293529 0.109839063287066 -0.101489959833256
-0.0115573335990874 0.0503985555232516 0.189075358039917 -0.0961911476869552
0.0220457534726605 0.0446582814326069 0.253933444655834 -0.12805378452379
0.0243468136559254 0.044369439732443 0.280732210012612 -0.162155446731382
0.0336319769981159 0.0505720379247481 0.269879219417386 -0.127818265919803
0.00313835007617683 0.0600768473253846 0.247140682714138 -0.0374041027494021
-0.0539263089190454 0.0477824305237071 0.195095945145485 0.0681696963884704
-0.0875382184750029 -0.0538025918119967 0.0529006475966124 0.133838535112528
0.0290553421850028 -0.106467607221828 -0.0734500667636878 0.0941224913899592
0.0920405775283072 0.0326434163659001 -0.14799055536641 -0.0950892251865416
0.0284029291615457 0.113774355484819 0.0398629170837864 -0.213564919689425
0.0309461128994551 -0.071892144878732 0.0385631428604635 -0.385433079965867
0.0534701293046624 -0.102200586084046 0.0717465570787998 -0.0326889456355608
-0.00171680772128823 -0.184913119066214 0.273277631393225 -0.12175736781625
-0.16151770304507 -0.177191389804884 0.135291078527189 -0.203013025587901
-0.217663690620582 -0.0308680766474683 0.0802274520256612 -0.109659938993371
-0.154982638822212 0.0683337030038279 0.161335094169045 -0.073248861121401
-0.0971030181990243 0.109056833670198 0.240478637326337 -0.092878370109331
-0.0715645631128888 0.100992889960342 0.272011503002858 -0.131704309875356
-0.0523031495501073 0.0998113248663782 0.258900698358778 -0.109806937250179
-0.0835514797019656 0.0748731688876489 0.242114170608475 -0.0220091220370575
-0.117148463232423 0.0337868690717967 0.188601423427156 0.0812597379065956
-0.14682399423095 -0.0725528114572244 0.0438798540484152 0.12767191752858
-0.0429389393848141 -0.157675569759713 -0.0619280412392361 0.081675642552861
0.0645356218299411 -0.0842159148466515 -0.153244919520153 -0.0693081527431866
0.0515846918220245 -0.0424291979749422 -0.00598273046893686 -0.201200934087224
0.054535338318243 -0.238446090891541 0.0510243586440012 -0.301190853145362
0.0119963442470009 -0.272679165224088 0.0945132465625818 0.0593339917445515
-0.099946907050569 -0.292694089213876 0.341033816141057 -0.108322299950931
-0.260366466677057 -0.234444570295512 0.145226544844159 -0.246454942459592
-0.322166280404526 -0.0713541427138091 0.0151023334665478 -0.132661786048313
-0.271754173598131 0.0672395088559443 0.0864985560190318 -0.0488216326351074
-0.201386082042707 0.150361919607031 0.181426090820104 -0.04431619638492
-0.156093529166825 0.142395578656031 0.221209369097866 -0.0818162889135401
-0.131277669472785 0.143422245950202 0.21808109479335 -0.0770979521637067
-0.169056411499308 0.0939297462998807 0.220245316276949 -0.00109083927072324
-0.188056449347749 0.0288138892577423 0.182625670890262 0.0947924183025331
-0.217915861174801 -0.0839704791854942 0.0419784939428528 0.136736978425802
-0.131251228499126 -0.197060107888825 -0.0609753349564423 0.0861062980380232
0.00647076922513417 -0.19771227935649 -0.164291387207529 -0.0384855328333619
0.0498925773764035 -0.202694451005255 -0.0518752064365947 -0.155541141639107
0.0823572852976186 -0.357236268275659 0.043239772331401 -0.171207558222415
-0.0193959649682005 -0.392066500220755 0.124934861320439 0.159231678216493
-0.177424501272436 -0.348403586722727 0.382724754764119 -0.104554741150034
-0.314348327615968 -0.238978879899553 0.128778036853792 -0.286511126045323
-0.36178630822015 -0.092048701038703 -0.072486624355152 -0.154199175253026
-0.332593967104119 0.0543442248746289 -0.0165991949984598 -0.0229752276216263
-0.269501520086159 0.163643772026346 0.0912307362663934 0.00995646278834167
-0.217124282012696 0.161796428006923 0.140577543842623 -0.0191544845402216
-0.196553796710678 0.172893033417405 0.149992168260619 -0.0267335582342727
-0.246115806739896 0.111786163140708 0.176384186163409 0.0329934392064793
-0.259665849661505 0.028889948874929 0.161216950971098 0.114952964725893
-0.29027786575447 -0.0854867381879741 0.0341120003844704 0.153893704588885
-0.224616770388968 -0.221637221798947 -0.0651872571673451 0.103200691931097
-0.0703488212003524 -0.296495781606124 -0.170088463920903 0.00309979685872382
0.0319591601961733 -0.344668016478896 -0.0865151051692623 -0.0732860398309856
0.0938678244345761 -0.408739963473902 0.0205294227290166 -0.0241595743995408
-0.0498548499466554 -0.423909196133471 0.157391974084726 0.236550141328654
-0.213307219214433 -0.318304829538562 0.376391577139716 -0.110246633348998
-0.29279356481686 -0.185782641171251 0.0836565217325231 -0.301091154418916
-0.32177012540825 -0.0921543846849091 -0.153805886702791 -0.156482988819783
-0.326782608473306 0.0310390533639047 -0.11862939454129 0.003742821672894
-0.289362675242036 0.148079533392001 -0.0115240210233435 0.0621246679961678
-0.248323479783651 0.15571036488678 0.0392327708897438 0.0492541101759115
-0.239685126753103 0.178016307337323 0.0613919272652634 0.0376514682179338
-0.297111672975605 0.112301962726553 0.10488896616118 0.08087775817368
-0.304029387162965 0.0220470311932478 0.112542638214571 0.141420537207527
-0.330866343332011 -0.0832462639113258 0.010739429732621 0.173218597122486
-0.292582877477344 -0.225736581860405 -0.0746814003782409 0.127977713435513
-0.141068919930556 -0.363154569622887 -0.162930181635113 0.0536540746253785
0.0124482185203157 -0.445449396996443 -0.102526493426435 0.0378634849627307
0.0834263070302823 -0.394474706174362 -0.00723151588826844 0.107022307049552
-0.0836563122396719 -0.369370388025203 0.183795924724681 0.261920553187067
-0.200832138587001 -0.218501130444064 0.31969736379851 -0.122245298946465
-0.200820650270819 -0.101458561069902 0.0264473163212115 -0.27877908454552
-0.223499114306037 -0.0846204423246994 -0.203764347769864 -0.137043742234478
-0.267170027774109 0.00145413510841994 -0.193873315726425 0.0253537224665578
-0.263775392463039 0.108732051883955 -0.106649576071475 0.103386378707661
-0.242806791586392 0.124195116708482 -0.0682449535251281 0.112297883942659
-0.248826469421644 0.150560941929363 -0.0407201370903074 0.103336422347566
-0.302379772496782 0.0832410960122292 0.0122719361350079 0.12909942483568
-0.292029153985516 -0.00162209074354506 0.0358349423454659 0.162810031294148
-0.306042562115365 -0.0782413467682082 -0.0313110477616554 0.184363306488557
-0.305245708083169 -0.20495941011252 -0.0919651668607165 0.14929042978936
-0.177540805391242 -0.383224975015416 -0.147880999576272 0.101486278471983
0.00471690813047101 -0.47974680437397 -0.103729145288498 0.160993361181702
0.0518955324908959 -0.325222703623951 -0.0286812838235495 0.201171382993972
-0.114516636110853 -0.258386404631043 0.196201798429973 0.237830346682724
-0.156265993977867 -0.093907406115443 0.232864695288921 -0.124485408775123
-0.0828519206994845 -0.0238555557702901 -0.019180612772659 -0.22624550768125
-0.109264154597974 -0.0760960062336892 -0.212808668029374 -0.110997089338454
-0.182271956727289 -0.0291170347979171 -0.234183591538538 0.0362855241838368
-0.204435727123431 0.0567649193216021 -0.183599381667228 0.128423891253123
-0.201968307402961 0.0732063684610532 -0.167405514569765 0.159793417145061
-0.215963328461507 0.0919976092799697 -0.143457819618562 0.151208384017854
-0.246530965746475 0.0288800458654798 -0.0880410132955768 0.154938594484347
-0.213512448424941 -0.0308261533594356 -0.0473780131183176 0.162888265503233
-0.212673341097231 -0.0565193712494266 -0.0792078930929196 0.180727971314227
-0.259653247980944 -0.152937928504107 -0.119826906700112 0.162084432767174
-0.170272276671843 -0.345434943269892 -0.135763092128681 0.132873888131894
0.0113983942763739 -0.434743604763961 -0.0975963689000244 0.274024633614507
0.0148018002774603 -0.217148896744647 -0.0371078695182963 0.251334379056874
-0.129193973729328 -0.129413270359566 0.195704592779727 0.18692059067283
-0.0949561536877419 0.0131073092897633 0.150516693978505 -0.112926829708208
0.0181625202907538 0.0275380671115143 -0.0403653587023079 -0.170738784926978
-0.0135319728242132 -0.0670055662511029 -0.198179801739762 -0.0926044296301643
-0.0928486300895195 -0.0530982244345534 -0.247151045034772 0.0354838777365891
-0.124022098156898 -0.00104321020043958 -0.237357632271711 0.137487493571145
-0.129743040756334 0.0108180667908752 -0.241868288852909 0.183911126360171
-0.140533250815657 0.0171949201217142 -0.225373365603478 0.169880357755869
-0.134051520650849 -0.0262287501540172 -0.169012328769705 0.14726302193598
-0.083744485631717 -0.039456536059017 -0.108256008770978 0.13634022601168
-0.084779268847981 -0.00165400515826112 -0.114470376058868 0.167312916440359
-0.179973071113722 -0.0690925815890876 -0.158134897482225 0.167324400873936
-0.1327494122208 -0.248598995902552 -0.134060999257109 0.133844032994291
0.021495360373485 -0.314167551491964 -0.090713982708055 0.351879638809568
0.0279469186871873 0.117506021484058 0.0105552333697793 -0.427070467944263
0.116159866629191 0.0725662417679181 0.065137577543952 -0.0996051293302808
0.102363860111836 -0.0695256957105051 0.208190346893757 -0.145114983247388
-0.0468164925971101 -0.0981769791455581 0.112731478169722 -0.183235713197324
-0.0784239126173475 0.0147513318141218 0.116662828009748 -0.108741606859135
-0.00847277999636152 0.0533306480680494 0.201507794223468 -0.106162618195979
0.0250067842968418 0.0458200708028184 0.271496679018519 -0.142587276723295
0.0276402755466201 0.0452439075687744 0.296892998647891 -0.181574176498295
0.0373471194084119 0.0502472787733923 0.286647322894838 -0.1426951190151
0.005586601762863 0.0627960970728245 0.265078663045421 -0.0458683773003252
-0.0541134350929182 0.052602783904186 0.210269026580792 0.0683115741421863
-0.0947317296013127 -0.0531911565855835 0.0591321214747584 0.142286837990158
0.0245085951309097 -0.113371280541612 -0.0750942213987967 0.102928411352935
0.101861528798777 0.0322773780529139 -0.162062282790459 -0.097190253325042
0.0369371636424665 0.118401614130478 0.0414761546643258 -0.230084006685718
0.0342855850532393 -0.0778257475625312 0.0372406042693092 -0.407324710667839
0.0576284454879386 -0.112896930661167 0.0821659778096643 -0.0335415412462568
-0.00610776705596835 -0.198626142173982 0.288331270805602 -0.137562693302974
-0.175297220407469 -0.183581472179492 0.138303842764334 -0.218007039062005
-0.231875130128564 -0.0260235584855919 0.0857865530443494 -0.116365051161612
-0.161904051409868 0.0752265983503355 0.172381370559024 -0.0808504489109342
-0.100859490697831 0.116961031381799 0.259492074064341 -0.105902596824603
-0.073520077599533 0.108238485706371 0.288254946007373 -0.149951667607824
-0.0531053559512167 0.104829265821722 0.275303647425636 -0.123437891163793
-0.0865439255136647 0.0800897299991591 0.260212826547706 -0.0293002967740029
-0.121476925570059 0.0387778404487448 0.204452331842735 0.0818354635608464
-0.157164998788591 -0.072983922588652 0.0499645984803928 0.136913110957381
-0.0528477344410423 -0.16511461301136 -0.0638009780548537 0.0895971341830207
0.0705694243675106 -0.0909590283518825 -0.167149848180479 -0.0700780450538244
0.0580163847089181 -0.0471602808637108 -0.00788506366385822 -0.215935036057385
0.057120128391765 -0.255932583228208 0.0480829811381785 -0.3185811253447
0.0100198795339032 -0.292708350825436 0.108665444430443 0.063998863489974
-0.11184344948527 -0.31031949106058 0.361986521588622 -0.127207453381018
-0.28269082579184 -0.243591827023691 0.147692612935833 -0.264587973329917
-0.344666347036843 -0.0678162468772657 0.0157049547263959 -0.138371874503055
-0.287440980771154 0.0770527250653124 0.0932383415830289 -0.0535295164510088
-0.211306672299532 0.163021456457598 0.197352869773402 -0.0537386213380707
-0.16397483389917 0.155192703113315 0.23572538408861 -0.0957503910988432
-0.137011740140651 0.152835186763597 0.232537997496879 -0.0876858821438768
-0.178336105290046 0.102587295328805 0.23921720082375 -0.0070099800390071
-0.199236369950946 0.0339257494625202 0.200248821197826 0.0967849477258955
-0.232465148387566 -0.0844436089722179 0.0477013165397459 0.147234365517163
-0.146220519117572 -0.20462506277141 -0.0631231851111177 0.0947483649125061
0.00636892260215417 -0.209308396604707 -0.178504995500552 -0.0382207034169832
0.0521359883050426 -0.215675383702177 -0.0559949679307596 -0.165953417400125
0.082618721445535 -0.381936501209367 0.0413230316104791 -0.180017121160294
-0.0270272687891596 -0.417769537773846 0.141259872226955 0.170010767162594
-0.195424129609622 -0.366925843528136 0.405168418668373 -0.122613385359223
-0.338004908998709 -0.24799701157123 0.129497114872774 -0.307223125997369
-0.389119913030804 -0.0885456287563162 -0.0773058051381032 -0.159673003257888
-0.353336846107053 0.0647600138807896 -0.0161137604064123 -0.0241527417559422
-0.28336089962664 0.17761352778402 0.102232781950953 0.00588387790522851
-0.22941165005476 0.177395085816714 0.151279951490795 -0.0271369918867259
-0.206631069199631 0.186542931334266 0.16192880492576 -0.0323859678115028
-0.261898793801325 0.123985637050126 0.192709818533204 0.0298101753188067
-0.276202439215426 0.036053020261046 0.178639517103669 0.117199421618892
-0.310504616116898 -0.086198742079599 0.039778563451309 0.166871481152306
-0.24508240437279 -0.229446656050944 -0.068583465011087 0.113208097870522
-0.0777916129257005 -0.313035584802192 -0.183628822863549 0.00483914745760129
0.0300126052331655 -0.365898027599191 -0.0925355360863833 -0.0781244593479297
0.0930394102346161 -0.436840935488973 0.018943538713538 -0.0238084064299409
-0.0604746364819027 -0.449133422224647 0.176407025974847 0.250222482046373
-0.232968542861328 -0.333477251324957 0.398534128846814 -0.130115166806763
-0.313118412612135 -0.191959135156932 0.0820820504772685 -0.322258204760791
-0.346568004470765 -0.0916808320756113 -0.165750329745745 -0.161046997122595
-0.348704719842659 0.0411122826667679 -0.125115114271747 0.00539677091001008
-0.305988696037087 0.163563590993256 -0.00595197778284046 0.062693086949316
-0.263311598315115 0.172358229822065 0.0450878716621502 0.0480580997083701
-0.252116800410081 0.193178196024755 0.0670215733599121 0.0391222717132107
-0.315872252265069 0.125782045193953 0.117072196835813 0.0824049539411012
-0.324531954904682 0.028871294092871 0.126350736742689 0.146456052710397
-0.353413510927332 -0.0840420761023537 0.0141226414758038 0.188578858625304
-0.316833122287497 -0.232820488506875 -0.0788196061509745 0.138767842695052
-0.153903745611092 -0.383236185882641 -0.175600118431587 0.0587918718800802
0.00554740195810275 -0.47131699917398 -0.10770638401987 0.0403756304530503
0.0805529239267878 -0.422353673895479 -0.00806814371024397 0.116434481594455
-0.0961740752042145 -0.389712147605049 0.203648102814742 0.276281049557943
-0.217511929362735 -0.227201910617344 0.338187650375991 -0.140576308431621
-0.212863889850094 -0.104037723867651 0.0215804907394419 -0.296965077305239
-0.241299661831546 -0.0860779405234033 -0.218793791203217 -0.140299562099591
-0.287082408898489 0.00800668661333862 -0.205214607800706 0.0289971893152225
-0.280843240487694 0.121755217901262 -0.107313200402179 0.107981609319952
-0.25854082439586 0.140043994505816 -0.068115275812673 0.118370247522915
-0.262786475734113 0.165137396388046 -0.0411669231884703 0.110386911536468
-0.323279368256063 0.0952901405280425 0.0181309928241826 0.136039010518487
-0.313475205288815 0.00444151668678471 0.0453578172711915 0.170685464338012
-0.326390369562329 -0.0794597896792643 -0.0307834630681569 0.200925623807063
-0.328387816371076 -0.211291305398159 -0.0975395619860486 0.161475724661541
-0.193258058758239 -0.402381049927533 -0.158917774373704 0.108804863962158
-0.00400791995824749 -0.507154848180713 -0.107382645967138 0.170696034793851
0.0480716061420318 -0.348817044379874 -0.0299304690142726 0.216946662769386
-0.126666063605762 -0.270136547305009 0.214629343075806 0.247531742410798
-0.167387925553113 -0.0945233811078348 0.245602366382678 -0.141971636469348
-0.0862208469370904 -0.0242773480423046 -0.0257197391085308 -0.241338094651854
-0.120626022970079 -0.0788896193104545 -0.228925417816992 -0.113254556966158
-0.198250873033962 -0.0251033280433627 -0.248221892790485 0.0414372312382087
-0.21826458767931 0.0652380979683922 -0.190481122624442 0.13665512251092
-0.216159716384515 0.0846638267139585 -0.173687382847291 0.172263644800253
-0.229991876956104 0.104324534539336 -0.149299276597008 0.16521569196783
-0.265185975230383 0.0371799029724147 -0.0891183123175137 0.165659974401344
-0.229913497983281 -0.0290129233268396 -0.0448270344156217 0.171832708365374
-0.226667709627461 -0.0599104218359005 -0.0825384575830497 0.195866948407957
-0.277927655933815 -0.156705578465837 -0.126233991205019 0.175863312738265
-0.187372711808841 -0.362397393439275 -0.145684129223371 0.142341748418966
0.00337164961464156 -0.460354007056464 -0.0996304389104395 0.289939510277819
0.0102462871613355 -0.232824121776129 -0.0380131586706207 0.270436899568068
-0.139909336883064 -0.132171975340286 0.21179952245492 0.192518971967405
-0.0998506942771919 0.0176098711755007 0.157911565883083 -0.126838439664486
0.0213457963189693 0.0266766805480087 -0.0460871043457285 -0.182428740382541
-0.0186742532667503 -0.0712580037451794 -0.214067087889368 -0.094197620785557
-0.10369899304298 -0.0521582719103849 -0.264001319574986 0.041825423309936
-0.134026512280565 0.0031394401223252 -0.248423093881551 0.148416158007935
-0.139563276006757 0.0169248492641497 -0.252831044844747 0.201503488159648
-0.149800065632532 0.0234421949741272 -0.237038130010322 0.186645104150162
-0.14663502845098 -0.0240542452136799 -0.177236135471756 0.160003043268193
-0.0917029620850878 -0.0412247498091649 -0.113005389361857 0.144746059773083
-0.088841999712052 -0.00330085403007584 -0.118934017476126 0.181693342971147
-0.190923055442463 -0.0681629414125511 -0.165581419624069 0.181759022958244
-0.146648260697927 -0.259251810136933 -0.144618046926854 0.143707689046827
0.0153601065516457 -0.332253615159518 -0.0911778178085261 0.373227816855158
0.00325087025216246 0.118092211736152 0.0844495144738211 -0.427638159669244
0.107365369567574 0.0887331180472908 0.0938832762772251 -0.0878038253194209
0.114632826686998 -0.058380833859514 0.245178955800415 -0.124414696197403
-0.0351349183754157 -0.108144658734629 0.145174630070359 -0.18033854510421
-0.0826832870346407 0.00156005311851123 0.136162859753464 -0.0919098898224057
-0.0155651180855521 0.0503451692790695 0.228731513440941 -0.0784262599894952
0.0202471599247741 0.0493765568058671 0.311079910310559 -0.107598403896433
0.0218927293947388 0.0483637806136197 0.341782271731894 -0.146044785360105
0.0307699312399199 0.0560457557644337 0.323142157892344 -0.106593351417267
-0.0021437586881188 0.0649303839423329 0.28528923534497 -0.00966561019712176
-0.0631323302551313 0.0457738088551404 0.21172741809807 0.100817261679752
-0.090541894395531 -0.0674225354153134 0.0461926460888571 0.158955164881968
0.0429505551234192 -0.112573510567723 -0.0930364719512974 0.0983098872334337
0.102299285774982 0.0488709849154933 -0.159176750783763 -0.126211217908509
0.020556406704307 0.129114629271979 0.0876439758962117 -0.240921937135484
0.0465466196292349 -0.0801731341360481 0.106705564138764 -0.411969160793439
0.0805853635314556 -0.108748903588204 0.0997406613041413 -0.0221925243614528
0.0282148230478122 -0.210312213698821 0.319805253742196 -0.112928520227992
-0.152483897196955 -0.216351300505197 0.17056695084839 -0.221720219266194
-0.233937322678502 -0.067202656042798 0.0967132220907028 -0.104794300648238
-0.179056151451944 0.0472269622065915 0.190908398503972 -0.0563855160680239
-0.120810314299219 0.100553342742932 0.289510697263159 -0.0712186018014854
-0.0962379796416092 0.0943116293407352 0.327328789948421 -0.115028029405859
-0.0735347164588525 0.0957025374138311 0.310198048939476 -0.0909794960757663
-0.102153201954538 0.0658199910454579 0.280253998440754 0.00467878574907297
-0.131988362851678 0.0170440689195808 0.207525509412428 0.114416055350562
-0.151731621557975 -0.100344322124651 0.0409045945243828 0.153980602226186
-0.0263846846088147 -0.180423695686569 -0.077800563688794 0.0883510746176772
0.0922521042318071 -0.0842119144463614 -0.167817711727156 -0.0937732716395293
0.0753956756400719 -0.042458238470265 0.0281937550257439 -0.227106877425151
0.102415456530272 -0.256511698047555 0.105573384672397 -0.324780548174087
0.0639541874095484 -0.29848316213834 0.110435711717139 0.0777166804304426
-0.0577968548389914 -0.342731616981941 0.388740861741096 -0.0974478939615639
-0.250405286983231 -0.295063863326629 0.182733172962198 -0.275382185339021
-0.343453382841349 -0.128501965608343 0.020409011317833 -0.139343926948116
-0.309806221503182 0.0280642915338976 0.100747774994739 -0.0401730765210217
-0.243383236590005 0.130157981147716 0.212481452050172 -0.0282492374340278
-0.199354216617935 0.126236750082804 0.264057366550392 -0.0664279303828364
-0.170237024713638 0.130727317390276 0.260296474853467 -0.0614917345000577
-0.202600462901312 0.0737151818372449 0.256169102241467 0.0221014373428952
-0.212121289556436 -0.0038303901166 0.204521579766409 0.128955689097162
-0.228767458176959 -0.125251736233866 0.041601754568637 0.16366932102053
-0.114781663213327 -0.239664779872011 -0.0775445553052457 0.0955160671821857
0.0477433407870633 -0.219341550066446 -0.181364200707966 -0.0581548119665194
0.101552364533054 -0.221961734537639 -0.0349680930831965 -0.17448055980549
0.152122310557101 -0.377254895221152 0.0774165145802082 -0.188516535113262
0.0493985608919851 -0.430765346679278 0.125601356382499 0.189586387642417
-0.132411282300159 -0.412879790217091 0.428892451434592 -0.0907349143193608
-0.306484451944378 -0.309530299032058 0.166437203023351 -0.325664505353361
-0.385962081617242 -0.157914881222784 -0.07703064938648 -0.176935312940058
-0.377936775289232 0.00496387620708798 -0.0198734925963207 -0.0281591239611789
-0.32129819904905 0.134940292913166 0.100697455278837 0.0164411095391869
-0.273716914778275 0.137944369197466 0.164639114222807 -0.00858008415116132
-0.247848523687344 0.153772004124535 0.177260392255266 -0.0157422265672155
-0.294270390119953 0.081199920916043 0.203466691185237 0.0509815121506967
-0.295348342472928 -0.0177339386510305 0.182990072998915 0.146896370395052
-0.309619783736984 -0.142190486508346 0.0351626554383686 0.182219307637905
-0.211357628626275 -0.285967146564146 -0.084472831304494 0.115655672688658
-0.0208538623271558 -0.341634867734246 -0.191311130027938 -0.0103100637386691
0.105233943277351 -0.385209875328498 -0.090613965561868 -0.0812675248592039
0.174498736352842 -0.430309437102335 0.0279141306169822 -0.0340105123928429
0.0190316047426266 -0.466784864096653 0.147832973984667 0.275865468701687
-0.173763126631135 -0.384499851741501 0.419940469330413 -0.0975032400880862
-0.289421838657591 -0.247062722246764 0.119828229445333 -0.344900337331898
-0.342803527548555 -0.151200026967494 -0.166618578046908 -0.192734761589723
-0.370165508819257 -0.0172487441532066 -0.138361618923894 -0.0148694031368927
-0.342304640246604 0.116309563777784 -0.0223895035486419 0.0575202691846004
-0.308302894003855 0.127252882656842 0.0408876114262393 0.0531871071045327
-0.296758845482288 0.153605356090573 0.0674999710939639 0.0445731704936648
-0.353613180570963 0.0735233662821596 0.117531330779735 0.0948287524080645
-0.346111740474202 -0.034362248361815 0.125825455616458 0.169265345946328
-0.356039608749484 -0.148369154113245 0.00739347307564356 0.199729049250094
-0.283817755435225 -0.305356160601463 -0.0978491915055152 0.141664072880536
-0.0886526767300539 -0.426958588060825 -0.188297118993569 0.048057302869524
0.100510281272734 -0.500024435753493 -0.129527609204403 0.0446456433212941
0.160363633567721 -0.414925152424589 -0.0243576892599501 0.104972192186438
-0.0265296573118676 -0.410602850516944 0.169619650747362 0.307238667706249
-0.17912832644983 -0.271344952383066 0.359352338723556 -0.111868582748259
-0.20077702488546 -0.141044049849442 0.0575841666833431 -0.321460644719679
-0.237589880748522 -0.126586921745678 -0.219814666142908 -0.181393596384073
-0.302413503524085 -0.038977825055662 -0.225452312380084 -0.00354672544815492
-0.311374452295511 0.0793251961834011 -0.136246192307592 0.0885622095258498
-0.297835958988558 0.0959757878296153 -0.0889978708165976 0.109406890403383
-0.304320585845385 0.123926583151842 -0.0572250291475581 0.104344470201925
-0.35674084666841 0.0422194690565915 0.00577649224252213 0.136813574474702
-0.331143373272053 -0.0584812424119194 0.0362209443319154 0.183279640628724
-0.328426726754826 -0.140815637620458 -0.0444976429138256 0.205350526662453
-0.300198204960041 -0.28516507399612 -0.120398925868868 0.161607131611135
-0.127800853806103 -0.454757062718814 -0.177657552822982 0.104404756258275
0.0956977680836535 -0.539986027048087 -0.153135969883606 0.181812680548835
0.113263425999026 -0.344896674451655 -0.0649140254111489 0.206459964837978
-0.0784728904259017 -0.293964642362686 0.182122134660985 0.280894384280148
-0.152931878803346 -0.127074287110368 0.266237353510124 -0.118912992114021
-0.084815231901437 -0.0397731767826698 0.00631277261898637 -0.262214652599508
-0.115127295257233 -0.0980924919977969 -0.229268603278498 -0.155891057322254
-0.205225813116892 -0.0563506566435556 -0.27159098884714 0.00243111449547625
-0.239059932598224 0.0328684534269582 -0.226564713679051 0.106751338959328
-0.243560636688412 0.0495019000431026 -0.208337299599325 0.150097473887275
-0.259313921038778 0.0681027325130279 -0.180426744532484 0.146957086770995
-0.287647571541605 -0.00669154381025636 -0.112480028688718 0.154111548308171
-0.237669395543968 -0.0768923670702312 -0.0628292471651099 0.170942549705223
-0.227690867916819 -0.102924450908403 -0.104371985483337 0.191930789043929
-0.258065121363138 -0.218222253064825 -0.153767417090412 0.169682746129766
-0.1295584485457 -0.410163069084238 -0.168677715575825 0.138122155428006
0.0932272229795553 -0.486739497952554 -0.166297827121079 0.304491327041075
0.0538380069310311 -0.233058933597249 -0.0850079510074411 0.263733426754788
-0.116361898748429 -0.157169663662298 0.185774684193022 0.22688860131216
-0.104274159184745 -0.0016967261873085 0.178193649320571 -0.110167346594775
0.0161709101902694 0.0286487792703575 -0.0179854823481897 -0.197632427809355
-0.0122355790204943 -0.072703812747533 -0.211658108945409 -0.134442039636145
-0.103614081279686 -0.0673827694294293 -0.28693547075779 -0.000368379639764234
-0.141566566245914 -0.0165456543640774 -0.28775187984973 0.111472521331581
-0.151682336953219 -0.0049489813786598 -0.296467755103382 0.169114058652045
-0.161369708362977 -0.000887903867681578 -0.276458397530253 0.159402308530756
-0.153007890630641 -0.0501415645328512 -0.207349035484417 0.138130484202216
-0.0910577289662619 -0.0625867709501207 -0.13635448185628 0.132992933739923
-0.0931547505030491 -0.0209837852189894 -0.148590829237104 0.169798244557321
-0.185658318337228 -0.107664294478386 -0.195917238948711 0.167439883282368
-0.108108987315602 -0.29369981363902 -0.169759312967921 0.135081867891795
0.0807198971696474 -0.346480336968826 -0.170402870191979 0.384634099182212
0.0165447243990118 0.117344320817767 0.0503203068136408 -0.434358358920322
0.116913236556046 0.0774207200848595 0.0949723061761248 -0.0948394780756735
0.107661655913302 -0.070961322097343 0.236865055660231 -0.147634328828509
-0.0446995299854632 -0.103587351441844 0.128558155696651 -0.192415956549035
-0.0809984057221283 0.0113566278271063 0.130721706666601 -0.103417079850442
-0.0081834776099713 0.0505328273892363 0.225457956003989 -0.0993802466436247
0.0260126603627796 0.0463239790054955 0.305969901066472 -0.136989269482987
0.0272069422064493 0.0451855777100301 0.330682254923082 -0.179911663423819
0.0361485035027811 0.0507026405118744 0.316514817248122 -0.135873894954446
0.00489373120856956 0.0636077818968902 0.286874653881423 -0.0353620844436898
-0.0567403804976494 0.0520091036826623 0.221306769803807 0.0826833553580785
-0.0972760629536202 -0.057764494598421 0.0612838493844551 0.157477596379815
0.0292285508614042 -0.114505186245008 -0.0832898949437762 0.106838900389711
0.111177993071804 0.0376334374538308 -0.173721629716279 -0.109978115147924
0.0360072563419133 0.124337752065767 0.068802379746962 -0.251712396694486
0.0426138164635548 -0.084948475801784 0.0746221058543577 -0.418653626978481
0.0734797445514156 -0.118122404603155 0.107186470277675 -0.0287735984327976
0.00861140474263914 -0.21480516153846 0.312090090604822 -0.143857677535382
-0.171493328524576 -0.203367924401892 0.149227820648064 -0.235926887877497
-0.239188014108982 -0.0436148845614084 0.0901900782725801 -0.111294499552606
-0.173619478739188 0.0621566589237298 0.189650365700004 -0.0732477251652606
-0.112307864933751 0.109882710937596 0.288031766603894 -0.101223196009785
-0.087665695076585 0.102844647064626 0.320495608486464 -0.147090074332997
-0.0654182089456948 0.0997056711970244 0.305169510053282 -0.119321886564798
-0.0957249234618059 0.0741527736268413 0.284871582672733 -0.0221246208183398
-0.128943419631045 0.028807646514829 0.221388979254156 0.0969616311993975
-0.16148069707105 -0.0859203545626041 0.0550934620066354 0.153543010096082
-0.044995664946443 -0.1761180588147 -0.0704545981726205 0.0958603890890526
0.0890692372159686 -0.0937902231751433 -0.179518961023369 -0.0774441216884937
0.0747952254286332 -0.0509134991135622 0.0106437188225416 -0.231564954388853
0.0834621367721083 -0.266878230731822 0.0783327529745869 -0.331062606723064
0.0413389621289707 -0.307065783486037 0.12496729803698 0.0711287633000304
-0.0880059580642548 -0.339639979637206 0.381683196173528 -0.136473522823243
-0.276218650403374 -0.273294494873884 0.155412692278258 -0.291927948417482
-0.355781742485934 -0.0963336710706448 0.0104729438342886 -0.139197527372971
-0.308059091164679 0.055202887257365 0.100347221162234 -0.0492934070194992
-0.233175489307757 0.150960037271627 0.216809740209814 -0.0517104671655792
-0.189544233853261 0.143809718606483 0.261099548137511 -0.0947231860949946
-0.158697484399582 0.143972870323496 0.257593063498544 -0.0854878589238571
-0.197742649132234 0.0905034033483271 0.262138084232266 -0.00305489219335633
-0.212228418094153 0.0147877420108982 0.220889984196252 0.110118315041653
-0.240211260353776 -0.105481880506195 0.0572535505293775 0.164586750928803
-0.137836564800887 -0.227499353334977 -0.0698139843424041 0.102753236129062
0.0324187216023484 -0.224163255904934 -0.190702634940798 -0.0414744384246636
0.0847259901854305 -0.232130870296126 -0.0484084211424457 -0.172185436123064
0.123482461343951 -0.393324468067182 0.0602011246401029 -0.192087448930212
0.0142912926246799 -0.438219047806805 0.149043840839074 0.181396625256327
-0.16769400094284 -0.401355640820261 0.421743798378593 -0.13355047082369
-0.331593997984082 -0.283655459454609 0.135021471940521 -0.341416015968764
-0.40100277971286 -0.123289345091029 -0.0895742111037475 -0.167470490963984
-0.37912619166516 0.0381224739940887 -0.0201233273488765 -0.0262543869845004
-0.311770608687354 0.162570622958922 0.10777304182297 0.00344353088664747
-0.263186896652867 0.162647418283403 0.16583979531318 -0.0278731891164557
-0.235885332778659 0.174153295839503 0.178347229495307 -0.0319525335414779
-0.289381498662354 0.107260105724386 0.211853947885047 0.031422757003412
-0.298109238519159 0.00808522364862956 0.200845229887391 0.129442295768767
-0.322727882806227 -0.116830193439839 0.0517983587593758 0.184733933454636
-0.237555532726318 -0.265586361602018 -0.0762089400788163 0.125118547592676
-0.0464774635939272 -0.340548463270943 -0.19661909491635 0.00612239038879928
0.0742093432804071 -0.393736716890966 -0.0962682409102282 -0.0751242565772016
0.139696632410141 -0.447067654531154 0.0230849893804936 -0.032991332448157
-0.0185210490971162 -0.470336060054628 0.178119490068791 0.266266343937962
-0.20769840767538 -0.368566629347536 0.411860537274005 -0.140935144732824
-0.30858109463092 -0.222758858687557 0.0867928963456783 -0.357572328813368
-0.358964288384159 -0.121870552618539 -0.182263334154042 -0.177137706962878
-0.374742920980068 0.0156358635772496 -0.138839053420036 -0.00381532342323229
-0.336087930697659 0.147000920761348 -0.0130628948105123 0.0550972093666046
-0.300023022822959 0.15638423434624 0.0471112774985559 0.0450422056521595
-0.285864586955317 0.179252352607035 0.0732395136497517 0.0377778680826433
-0.351288008515549 0.105483562152171 0.129146839171413 0.0825480788468171
-0.352207535186811 -0.00513436237469626 0.145504218793022 0.156486974234305
-0.369547318332004 -0.121235823101458 0.0243456966430449 0.204869552763855
-0.311393346783178 -0.279525606091229 -0.088052823455181 0.151878995400802
-0.12113276596617 -0.420238829566362 -0.189299630429158 0.0638284573820664
0.0585765571421363 -0.507664784804566 -0.125085316097388 0.0533950246263507
0.123322732321488 -0.432105639267687 -0.0177986516416721 0.110210080337913
-0.0609069471202119 -0.407825992217546 0.200464572595701 0.293686316916089
-0.203417863796825 -0.253383835675378 0.349534213239613 -0.149319144922582
-0.210407509447584 -0.124977660155678 0.0276193724718398 -0.328462766620587
-0.251032417451713 -0.106445149232215 -0.235228699254975 -0.161753404824979
-0.309353359822945 -0.0114327072252223 -0.226068236188679 0.0148206441829844
-0.307362457914615 0.107781100973992 -0.125683623284427 0.0962061454735017
-0.292817361661383 0.124978861769637 -0.0786094614416526 0.113227847283355
-0.295797492261968 0.150718973148492 -0.0469803681300333 0.109236037937562
-0.357590637845374 0.0756081565675589 0.0191036520303944 0.134386296429107
-0.339487093834961 -0.0306843777664349 0.0551411801106011 0.177469526743477
-0.341398203223595 -0.11685492576383 -0.0280517634519121 0.215263695259963
-0.324712588759933 -0.259118109557063 -0.109568348544463 0.174150603405905
-0.16438616652384 -0.444013038751044 -0.173469356683155 0.117948474447659
0.0510373539934472 -0.546561517264446 -0.13780869510123 0.192737577237745
0.0812663490315607 -0.356662359343572 -0.0501809767946677 0.215261696717438
-0.105443770648732 -0.285674506256837 0.209855421833026 0.264948051782036
-0.164028595446853 -0.110473320404552 0.255415471268701 -0.148109702610992
-0.0855826234956535 -0.0337084195737855 -0.0180559693750255 -0.265535393565994
-0.126290403883598 -0.0888532538783677 -0.242941228269696 -0.135436047563713
-0.21390259140009 -0.0359797406683989 -0.273650634871928 0.025574352027788
-0.239736569712264 0.0554377102273783 -0.216726032284929 0.122752858102813
-0.242477306284774 0.0739457018214282 -0.195010979285584 0.166095248901079
-0.255068847000296 0.0918910388350853 -0.167517624498679 0.163618196128559
-0.292843251832561 0.0196070632892273 -0.0989536432618089 0.163564313077503
-0.248089277892451 -0.0573083919806571 -0.0468461559083752 0.174202191497237
-0.235818224859547 -0.087685123495601 -0.0889308290569655 0.206015219294344
-0.275848260180118 -0.195459716407924 -0.141473527302311 0.185027020405551
-0.161971084740384 -0.397594149032368 -0.162703542692217 0.150843995314203
0.0519737558819486 -0.494234545228541 -0.141455846775568 0.31663320921536
0.0306901597454394 -0.239895852555772 -0.0644736087974203 0.275158000993066
-0.130595136622005 -0.144284854215344 0.206066570529915 0.209533009230977
-0.104283571408356 0.0102545186300166 0.168476710417307 -0.130402132448723
0.020831514457044 0.0254824124170174 -0.0364431730880449 -0.199169627712686
-0.0208512452832234 -0.0724087464449486 -0.225040837778404 -0.116158669616202
-0.112588792238326 -0.0555835498725978 -0.289818880086435 0.0241548369759425
-0.146211262061985 -0.00210539553674483 -0.279529008760822 0.134111455351498
-0.154269735592298 0.0116470171940568 -0.282371886217357 0.194680922178087
-0.163862911113281 0.0151425290943731 -0.264553128813075 0.185548775461831
-0.160823378050321 -0.0351650327478095 -0.197243779648499 0.155936320552842
-0.0980080606344727 -0.0560043763544153 -0.125846207550604 0.142591290230695
-0.0933732460922589 -0.0162923081472062 -0.135458432082763 0.185193654529997
-0.193587837743931 -0.0909621620612137 -0.182618294132355 0.186309060891906
-0.132887892082758 -0.281519886081752 -0.163967499861673 0.148477287218613
0.0486669018220048 -0.35341545405891 -0.139131704360729 0.397459319232448
0.0267259658630025 0.110759963173272 0.02466623119135 -0.418790038687
0.119263947183568 0.0643297316956384 0.0943700867584911 -0.0975908438935437
0.0970127103615427 -0.0777281905046092 0.220036765079989 -0.159956440696815
-0.0510435140574306 -0.0957833552873285 0.110440845338512 -0.193261460969499
-0.0752515945449963 0.0188188113403087 0.120294152364108 -0.108258347487503
-0.00218652802193652 0.0477971954729737 0.212364323816131 -0.11143703005689
0.0294798839251795 0.041184189262056 0.288529817370793 -0.155055781281116
0.0299535183758751 0.0405516711442103 0.306974958293559 -0.19722011654367
0.0380345746713141 0.0440339949230307 0.29803522416034 -0.152450561027005
0.0104653725978348 0.0594906085830564 0.275679999511823 -0.0545263426983538
-0.0490339205060982 0.0534073148444075 0.220451703962201 0.0655433227515119
-0.098497703450434 -0.0473537008064715 0.0710245189824094 0.149699964570398
0.0172521218432334 -0.110514087193107 -0.0724840651015318 0.109115107005359
0.112574796938666 0.0257384972583742 -0.176645240217961 -0.0911837272399917
0.0454044825891402 0.11396886190126 0.0515741482727073 -0.250110627046724
0.0392958445221481 -0.0861396050988039 0.0461264855420533 -0.406270356429038
0.0655629393193072 -0.121244102428748 0.110154949172815 -0.0343866141043867
-0.00745475205896349 -0.209141348882559 0.290786861992634 -0.162904135404483
-0.179555932502062 -0.184804677796842 0.126372751272051 -0.23618407052007
-0.232878785324495 -0.0237548373068445 0.0817869920842044 -0.112100436603517
-0.161387373190958 0.0706215749425574 0.180205016765732 -0.0838278154113245
-0.0998880719060828 0.112437931014104 0.275549023427006 -0.120097604504005
-0.0773082832235871 0.104040884042104 0.298882487082693 -0.166843944403695
-0.057399168583848 0.0975651188309241 0.288168728346783 -0.136576798052295
-0.0869803844711792 0.076468027106067 0.275495028134185 -0.0422973788503359
-0.120485813576041 0.0355773202248997 0.222171888529386 0.077907890071956
-0.161184312376366 -0.0705144519117747 0.0648622566836801 0.146964459685469
-0.05674709401259 -0.163102410090203 -0.061484357684261 0.0963529480990038
0.0833168675268834 -0.0983310317451812 -0.18060922269037 -0.0601784039716334
0.0713316979543332 -0.0561724010428034 -0.0024105388185334 -0.225188804705095
0.0663010760046088 -0.262880948805053 0.0552037795960645 -0.321926860692187
0.0217310771443315 -0.300746638808893 0.133440780789085 0.0612053932416036
-0.107273751352055 -0.322381259909337 0.357781356651345 -0.160050047677726
-0.283603942560597 -0.246075612152204 0.127899828333052 -0.290690455027328
-0.349657353718836 -0.0672939877023859 0.00416639321702539 -0.132925708802304
-0.292492716082813 0.0729327984097505 0.0958430208592325 -0.0544606639933895
-0.214775696356579 0.159461045030339 0.209589206279564 -0.0682855490960211
-0.173343207093402 0.151261486888668 0.246118332503177 -0.112521869184921
-0.145524128454678 0.146928971426893 0.244971014984388 -0.101208249008065
-0.184259403095523 0.0994646577517179 0.255411609206988 -0.0233280421348067
-0.203366076321279 0.0276945249507002 0.223909613669833 0.0904925513060105
-0.238634498393744 -0.0859176323394104 0.0679432477412388 0.158564813709902
-0.148869464462015 -0.207099964422301 -0.0611279302378719 0.104739224296525
0.0208827311765978 -0.220054513486179 -0.189698212367215 -0.0262764894746899
0.0684908554076713 -0.229739803792894 -0.0561642734199304 -0.164484614773183
0.0950004946607249 -0.388360829959262 0.0448235154403231 -0.185787246368705
-0.0138770997831825 -0.423361989843365 0.163821459299087 0.16616048022932
-0.187110183792287 -0.377118313772444 0.396947834967317 -0.161063250453999
-0.338055059472093 -0.25252952186773 0.104682992248369 -0.338041448879862
-0.395944802672601 -0.0916405721843047 -0.0946480337529628 -0.154442957587365
-0.364211007130773 0.0618350735846274 -0.0188269985017361 -0.024648976888964
-0.29058291708304 0.177065586225213 0.108101820247528 -0.0087279235763951
-0.243931040392521 0.175413420749924 0.15807112097653 -0.04195140950554
-0.217853159320626 0.182272308352554 0.171764059353129 -0.0439255316990332
-0.273970334605688 0.122215980790611 0.208833053945083 0.0138354005039665
-0.287333861795978 0.0264884515200537 0.206342920518502 0.109189545077529
-0.319288307012487 -0.0924278224998773 0.0638654979767408 0.178775974625034
-0.246700877179413 -0.23834789640306 -0.0666504195970758 0.126335455357598
-0.0633390212382623 -0.326797178049717 -0.192680135524951 0.0198737948942802
0.0476951946365882 -0.383560296524952 -0.096313631615567 -0.0675041075844515
0.105519399018605 -0.440545245654523 0.0186574545019961 -0.0301470574135351
-0.0485578098257915 -0.451190269712722 0.194455282783714 0.245877346638289
-0.22385444627066 -0.340911503158012 0.385759464974493 -0.168377878944254
-0.309661011324861 -0.196070956832445 0.0572226295427867 -0.351207818811259
-0.354847109459388 -0.0935858176163255 -0.184689052968896 -0.157173408474504
-0.361779394716606 0.0401244725543292 -0.132446739481848 0.00532926215694717
-0.31524412141703 0.164107911734382 -0.00591489222225074 0.0483597017075547
-0.280214210575801 0.172303078955049 0.048607267540023 0.0358501849802212
-0.265593913986387 0.191658245210136 0.0749259942562197 0.0305551820130442
-0.334490611261133 0.126103849572212 0.132609174669764 0.0684504406044815
-0.342103677064382 0.0176166546393071 0.153889920953019 0.1384759066281
-0.36558062852944 -0.0949333222539351 0.0388541967675844 0.201593471381175
-0.317005453393704 -0.247093142126914 -0.0771711546313373 0.154166602913789
-0.141211508892813 -0.397185782999418 -0.182671789460492 0.0742416439205873
0.0243104103557633 -0.491808567346963 -0.116637597522087 0.0577019396399354
0.0888997004381558 -0.426282584663396 -0.0119664416623864 0.111121948228003
-0.0875835041849178 -0.387529289736479 0.216306299446469 0.26952027903712
-0.210935292806024 -0.227530790788291 0.325269338828486 -0.172421078035244
-0.208372251897822 -0.107672445743044 0.0018344392014066 -0.320029981664421
-0.249955477984412 -0.0859323099886078 -0.235665595042291 -0.138852885326776
-0.300740290463112 0.0116431729940119 -0.216965942903911 0.0285526812139638
-0.292068035753819 0.12554618357225 -0.113051533827413 0.0957728879414347
-0.276211157373639 0.142165027483155 -0.0688586050323765 0.110686600433443
-0.276955780180117 0.165677059175164 -0.0367223639856289 0.108302850725468
-0.343429151011469 0.0981746783973636 0.0289902616430076 0.126504870385567
-0.332232836264102 -0.007690667151065 0.0666414329392162 0.164642635162803
-0.337383324283533 -0.0942150728405395 -0.0120917179538583 0.214455716562594
-0.326627862135668 -0.227606937297165 -0.0965498126504237 0.17701015429252
-0.183627473471568 -0.416291379960801 -0.164550845922286 0.124503556306104
0.0134988130820543 -0.527292717721604 -0.120428245763243 0.192783341352228
0.0521305636032722 -0.350240267707459 -0.0363376012526726 0.214293187611724
-0.120436520437928 -0.26434336940126 0.221634780653038 0.240489015734776
-0.16421248529144 -0.0920734073515347 0.234480163690318 -0.165288302444057
-0.0821943031853548 -0.0288335537841377 -0.0374867180002244 -0.255784703035754
-0.129053102274361 -0.0772081616491151 -0.242708430240716 -0.11370294261701
-0.211413306936311 -0.0182423065213515 -0.26266509665386 0.0416362062319738
-0.230104852711607 0.0713786016933941 -0.200385153865816 0.128531121905201
-0.230753465400931 0.0899663315545165 -0.177557498157623 0.170501449237344
-0.24206567389754 0.105945576015558 -0.150282347067879 0.169265233438836
-0.284831722199844 0.0396846972894793 -0.0848626606698511 0.163150640384789
-0.245239310442625 -0.0401024692366993 -0.0335872983551694 0.168507741769634
-0.233231138334394 -0.0743640224083319 -0.0722887080206822 0.209323439758583
-0.275900727647198 -0.169621318362433 -0.125883525870731 0.188797890556934
-0.179868976339666 -0.370213886973244 -0.151898180724727 0.155108162075931
0.0178301159729733 -0.476645518008558 -0.116830608197565 0.311750754353483
0.0103737332295358 -0.23460157564902 -0.046456281639038 0.272839456638086
-0.135913246649956 -0.127385458906679 0.212983081514768 0.187061135365225
-0.0988324664863727 0.0192435317378199 0.151997815823146 -0.141331685619293
0.0234535878034434 0.0204440871956261 -0.0496596993049445 -0.191347438063041
-0.0275270858423375 -0.0688810575975742 -0.225762255161583 -0.0969985225714624
-0.115135172052593 -0.0432689459398724 -0.279691286223514 0.042745820358916
-0.143763439283142 0.0105986747934187 -0.261767722616527 0.14568652374849
-0.14967784249834 0.0248140701099531 -0.259451530761706 0.205924054852288
-0.157857514254764 0.0272121227850137 -0.24302560191692 0.198306323444059
-0.161238283309062 -0.0223230645914599 -0.181499153395209 0.163977349546221
-0.100650509395956 -0.0489784645680332 -0.113908075287189 0.143154825408444
-0.0892485566320881 -0.0137580429076066 -0.1189286134368 0.190269925334759
-0.189617177087032 -0.0742037205594637 -0.164698844310402 0.193225612107899
-0.145584290305529 -0.259533940812306 -0.15367097747989 0.152658868791184
0.0227608069639706 -0.341908831362079 -0.109957138658041 0.390049073721942
0.0318261418038813 0.103357073996327 0.0153177204615614 -0.40050808909939
0.116921252709587 0.0561533956309382 0.095599651895377 -0.0978478648665557
0.0879234996282731 -0.0781924009288958 0.205378656007198 -0.161833963876526
-0.0524636751244027 -0.0889014280107883 0.0985109360830695 -0.18779005657227
-0.0691475829048594 0.022298678154692 0.112794590410076 -0.106517215644638
0.00166358502416862 0.0439065334702596 0.200562953729113 -0.114284595689476
0.030243768743988 0.0362071880422815 0.273939681187776 -0.160268497566563
0.0311708462800898 0.0365651653833469 0.288658088335693 -0.20045317232577
0.0372698418753818 0.0385165442483199 0.282515115418004 -0.155928394571458
0.0124304058667883 0.0551941485960526 0.263036453091175 -0.0611503826370975
-0.0431171958599004 0.052612483241784 0.214028360662403 0.0561853762262533
-0.0964434231258052 -0.0405851331561242 0.0739005126742831 0.141890749355214
0.0111528582353888 -0.104070481821072 -0.066245135899475 0.1068588871103
0.110431273477732 0.0174981931073604 -0.172857520643006 -0.0779611579600977
0.0486283940185389 0.104145292328027 0.0436381449031595 -0.243148923528998
0.0384475707926678 -0.0849188235755623 0.0357146439862796 -0.388520822141397
0.0609702255987525 -0.120117500671568 0.112883992277939 -0.0372666912824349
-0.0144167422125688 -0.201015277117966 0.273395944519019 -0.167853811749787
-0.177943519677421 -0.171559570732917 0.11151744705185 -0.228449682409893
-0.221603623863755 -0.0142481218682586 0.0776965628727126 -0.109229995294561
-0.151167611800999 0.070875269081133 0.171763965518732 -0.0862747686073372
-0.0918082057005172 0.107972745287358 0.262873940617821 -0.1271388570376
-0.0707807155263712 0.100856749413036 0.282275044904316 -0.172018450787807
-0.0529516596646369 0.0928945201387521 0.274095283475163 -0.140606580072298
-0.0807238328424148 0.0748444488984304 0.264008260541454 -0.0501963008862437
-0.112708101956756 0.037663164840883 0.217593893425786 0.0666361920080004
-0.156093797910146 -0.0614393226056271 0.0680445242135595 0.140416341198819
-0.060225975526321 -0.151526975035492 -0.0565382073885684 0.0949861371864715
0.0794299691203031 -0.0998060480101517 -0.176800358051174 -0.0492912774639873
0.0679422553874966 -0.0582491741598958 -0.00719259754879984 -0.217318251277963
0.059322889823978 -0.255025183105512 0.0453481894474012 -0.306206352460211
0.0149246174068075 -0.289689455568656 0.137000840062786 0.0537994037846368
-0.112082153736122 -0.305706689385855 0.336248400800347 -0.167696831124559
-0.278383142814203 -0.228670832822801 0.110346966866691 -0.280422902604126
-0.33499072541146 -0.0532949101891326 0.00338783936346382 -0.125857840273714
-0.277967798091569 0.078250394561695 0.0921115903416339 -0.056068595144182
-0.200972660566304 0.157397866021705 0.201588775327336 -0.0761477396390988
-0.161631138845868 0.149997044442187 0.231659927525975 -0.118661146450683
-0.135638091552749 0.143246629135525 0.233771140147894 -0.105907243330634
-0.174719217053277 0.100391054346605 0.245382636828261 -0.0316113129211909
-0.192895855632788 0.0310990473420108 0.220253983506113 0.0775714850670635
-0.23083708529484 -0.075037109789484 0.0711638998158581 0.152779549379585
-0.147642054009456 -0.190798566874779 -0.0569238377731055 0.10270746185551
0.0165201494416878 -0.212746756460764 -0.184374552264892 -0.0164575460623637
0.0608454737293459 -0.222211191477072 -0.05735643185907 -0.157357340287762
0.0817291547116261 -0.374867891854755 0.0378355870230411 -0.175627552356723
-0.0234373635871354 -0.40512073734234 0.167062399606043 0.154427090173595
-0.189302824023682 -0.353844156401387 0.373358257577172 -0.170570517466393
-0.328480178255534 -0.232534278353077 0.0866908778728969 -0.32650431791671
-0.381214877822568 -0.0756838542297749 -0.092049553164571 -0.142982979710412
-0.347200413599406 0.0701758467822117 -0.0169418102717741 -0.0239707360842267
-0.2744350157128 0.177844768492068 0.10619970247038 -0.0171680928645705
-0.228995032820842 0.175975501464509 0.149892052562417 -0.0491601573698914
-0.204183740822297 0.179811586312726 0.164597236351991 -0.0493192388717068
-0.26003912660736 0.124745983303262 0.202688820610511 0.00470883440741832
-0.27462512968097 0.0329284660908842 0.203691507200284 0.0957391002190987
-0.308463068515932 -0.0806029219164355 0.0685156239532285 0.173592325158379
-0.241124620379975 -0.218304085619276 -0.0622579437617135 0.124026367110184
-0.0666834090680441 -0.311891516609379 -0.1870528574836 0.0257960524082591
0.0366534864420242 -0.366881886541973 -0.0927777857148506 -0.0635748541876101
0.0877853931036937 -0.426184205319948 0.0166361688242706 -0.0255865113112658
-0.0582569699380922 -0.429179315346845 0.198987956376206 0.228206898245514
-0.22224278091852 -0.316325415753255 0.362383044531868 -0.176987082248491
-0.299288881989823 -0.179795635419119 0.0406873768903211 -0.337950148060117
-0.342719284764672 -0.079092114479428 -0.178982357924285 -0.144393349371664
-0.346271265459668 0.0496286555978352 -0.126258686871147 0.00748094933803011
-0.299214379163814 0.167024512439712 -0.00206004444517214 0.0415166411805007
-0.264584920455459 0.174729761047685 0.0467293986463961 0.0287594759334814
-0.250084279026574 0.190493856893682 0.0738425959268921 0.0252703138545533
-0.318452168927107 0.13215288890879 0.130456792877956 0.0590810686705378
-0.328027621506252 0.026767408654397 0.154202574651647 0.124439792821097
-0.353256540056313 -0.0828629145517343 0.044772167224816 0.196048067062771
-0.308079547482665 -0.226632299285028 -0.071838024985505 0.150865489532878
-0.14262083815274 -0.377691634511228 -0.177096229180863 0.0766709276532803
0.0107331214296616 -0.46880241479471 -0.109365689867607 0.0569661520623841
0.0714289079260106 -0.40907352601437 -0.00952484923692165 0.109756580406611
-0.0934680027306091 -0.364708944808407 0.219445491015363 0.251484624229425
-0.207079721205793 -0.208229198780392 0.302470427781069 -0.178843547720452
-0.198432030396723 -0.0989806900485846 -0.0110856306000285 -0.306646151375184
-0.243015674114206 -0.0753771281787705 -0.22831673576929 -0.125099335364816
-0.290080308158914 0.021090799671205 -0.206585489691474 0.033361916708751
-0.277254798054507 0.131007190773228 -0.104172439609402 0.0898349491077669
-0.261166834985789 0.146663235644774 -0.0631374147584866 0.104841318214794
-0.261893035467097 0.167654047298864 -0.0309661154060313 0.103670566576309
-0.328635614523826 0.104948058837124 0.0324113142311081 0.118596219305946
-0.320072000571971 0.00178726528584286 0.0703052762991705 0.153037568329888
-0.326841602268231 -0.0845490275763538 -0.00377037142908743 0.211047760990883
-0.31709466138209 -0.208356695157413 -0.0896739263777546 0.173826563125985
-0.184563583721862 -0.39247277309166 -0.158787698890132 0.123731660607851
-0.000519996017759935 -0.503006713563313 -0.110070833107764 0.185756482419261
0.0367080621331178 -0.336642183550374 -0.029412686626409 0.210383790746948
-0.123235047032712 -0.246399516663195 0.220403306633255 0.222969332723487
-0.158271790852173 -0.0796856028793013 0.216244985568553 -0.168480234999784
-0.0764323376309295 -0.0274670053886122 -0.0457052731391521 -0.245238055729854
-0.127349366886899 -0.0706103407576712 -0.235157270991824 -0.100952145850652
-0.205069286818942 -0.00864344128310084 -0.251088377562228 0.0479047053139445
-0.220579784628278 0.0773633260467044 -0.188183174388147 0.125093738617546
-0.220000031386935 0.0958127407799352 -0.165978723125231 0.166350969365768
-0.229699100140733 0.111398019951227 -0.138512203535453 0.16620554261303
-0.274575440114256 0.0489428713940422 -0.0767734821189906 0.157686765586183
-0.238390630765367 -0.0324726534709902 -0.0275022986307286 0.159850055966122
-0.225671873762074 -0.068835726650431 -0.0626614101095366 0.206538055998361
-0.266151776591149 -0.154442935951277 -0.116946870095919 0.185974211550847
-0.179783405516956 -0.347660708082407 -0.146395095472259 0.152865199700989
0.00230599140813786 -0.455568308600325 -0.103473537781881 0.299804381257302
-0.000631617697983981 -0.225088813043483 -0.0377939618799892 0.265668166374519
-0.133234498968429 -0.114018112721076 0.209672225241065 0.17167172038717
-0.0927491184096 0.0242058016989122 0.138730518687164 -0.143938825165091
0.0249240364167078 0.0161149721453781 -0.0546486563444052 -0.183601616989604
-0.0297719165336724 -0.0654458451189613 -0.219642942883993 -0.0849611757129954
-0.113639004136314 -0.0348743328821538 -0.267983372565724 0.0502115887091472
-0.138571680899 0.0174987800612414 -0.24703804190086 0.144672986223613
-0.143615414094041 0.0308870484815097 -0.243304489227742 0.204493972329544
-0.151510310278527 0.0329402820039378 -0.227274976802831 0.19837414888296
-0.157744041921938 -0.0140067586982435 -0.169568518039207 0.162727668204812
-0.0998931370660541 -0.0454033673456096 -0.106863440530712 0.138800145637538
-0.0851840389011485 -0.0146819227253702 -0.107218697524503 0.188496332565111
-0.181287878611869 -0.064295194432524 -0.152118808882273 0.189833181833099
-0.144435155581231 -0.242291315707423 -0.148454573354471 0.150698793919265
0.0106548067463524 -0.326951312465895 -0.0960707778652254 0.374288139469284
0.0340482858730154 0.0988353158518084 0.0162347670270813 -0.390179654911575
0.115939448115707 0.0520762413355877 0.0998447901825969 -0.0987284975140792
0.082489656551642 -0.077780034560045 0.19992586844692 -0.161518077893304
-0.053334273477436 -0.0855632428509827 0.093716396937449 -0.183580064391447
-0.0650285492821162 0.0238611245706324 0.11020206348058 -0.104518328154783
0.00330983846355131 0.0410281019070271 0.196585181672218 -0.112797330702909
0.031434796106621 0.0328645061671056 0.267726033827154 -0.160571187414524
0.0315248573210794 0.0343821996253367 0.279870889180076 -0.199956662687323
0.0358062021012324 0.0352498520219819 0.276349429909894 -0.155450221187538
0.0137748351032105 0.0525986318557267 0.25844694248127 -0.0625955185650792
-0.03983923384329 0.0513164082828414 0.210962435432827 0.0529364786597245
-0.0945142312212576 -0.0371326623406333 0.0736995953786464 0.139352482104499
0.00907081149526166 -0.0999263243892893 -0.0643206445816838 0.104670941087594
0.109351241059262 0.0124802764082421 -0.170373148191771 -0.0709148466525719
0.0494580490000749 0.098643836634776 0.0429957188374792 -0.240126730053215
0.0400210379383004 -0.0846632041133692 0.0353185957532049 -0.376541104828462
0.0612418397152858 -0.119703919862648 0.116815750551367 -0.039016638851163
-0.0165928903178825 -0.19742687095088 0.264941157404057 -0.166820361511231
-0.175428129200342 -0.165872916864959 0.105256445142437 -0.222920199121518
-0.215230744791728 -0.0100391760215225 0.0768712204208352 -0.106205017555525
-0.14582271119327 0.0691154921666431 0.168923218368281 -0.085680497458334
-0.088471365279531 0.104098614275865 0.258147125605064 -0.12991279550366
-0.0679064652641107 0.0981133920341461 0.273903417527417 -0.172415150433549
-0.0516153699393828 0.0895996502170801 0.268031669868904 -0.141128619486681
-0.0780501030619337 0.071691286007161 0.258417045574295 -0.0522252072002707
-0.108628744883031 0.0364833622685531 0.214830048906236 0.0627954775523002
-0.153021918271986 -0.0574523500275955 0.0691028232996332 0.139212510811925
-0.0593180386773892 -0.144511830966582 -0.0560866358257732 0.0938018817181471
0.0787219488715367 -0.100453675491149 -0.173810020643294 -0.0435716431913791
0.0679144250816471 -0.0582264864533684 -0.00718549752007327 -0.214385984087946
0.0587834408549535 -0.250271022375392 0.0436859107705767 -0.296241813620563
0.0155626540624144 -0.284407426258118 0.141279365345179 0.0508053659944749
-0.11143978095855 -0.298010217529631 0.325621894150335 -0.168198145449191
-0.272897901531213 -0.222897329447751 0.103142765116106 -0.273657458836422
-0.326927019882315 -0.0490081412213465 0.00539399171228921 -0.121827838204546
-0.269953886019421 0.076541977981844 0.0916971555576861 -0.055881139086704
-0.19583942259096 0.153506939957873 0.199277507638216 -0.0804414649011674
-0.156992272476015 0.147339313140293 0.225492607581162 -0.120272678286944
-0.13351285341392 0.139215482650421 0.228815811203552 -0.107774762050827
-0.169698915376964 0.098148569152829 0.241088262541931 -0.0345547982331169
-0.18802897230381 0.0309515482607055 0.21831267254727 0.0727384327369222
-0.226124093197521 -0.0713718969526134 0.0726221586891325 0.151773058324303
-0.144626805304174 -0.1826607173947 -0.0569400007291145 0.101546256623076
0.0173597042779881 -0.21006683535859 -0.18206818505855 -0.0130979958939412
0.0599616650442845 -0.21726727114984 -0.0550021277014458 -0.155026357340145
0.0794753998326013 -0.3675035150406 0.0363184472651011 -0.168439022236977
-0.0228968859629312 -0.395953909260193 0.170916050023073 0.148450532176372
-0.186273037454108 -0.344243594227349 0.361165272233339 -0.171704684428196
-0.320853645372298 -0.227599744125171 0.0793187026009654 -0.317510283137656
-0.372609278037073 -0.0715463421662014 -0.0881951128569679 -0.13889415917557
-0.338641154745997 0.0692971263486987 -0.0151212796044681 -0.0239255330128046
-0.267110006341892 0.17443632963221 0.105636137852246 -0.022610169063857
-0.223412388777843 0.173866545658413 0.145391730059175 -0.0526051316685745
-0.200478378014076 0.175309943191156 0.162043196099684 -0.0507432355685792
-0.254771800552872 0.123950537698616 0.199578168418994 0.00148525992390069
-0.268662304295873 0.0330016477499054 0.202944970841464 0.0899413639247481
-0.302449347324912 -0.07796632529878 0.0708243915745752 0.172821461673117
-0.234864737672887 -0.210314302314316 -0.0621248002980856 0.123256467331907
-0.0636478066421626 -0.305557714368094 -0.185759381934555 0.0278320500344151
0.0350945434954279 -0.358073544473235 -0.0897283489240301 -0.0630154415311059
0.0834102922130623 -0.416093855192068 0.0155002082909587 -0.0215597733819902
-0.056533139750966 -0.417928981774274 0.200754127314331 0.221300521463308
-0.217527465281178 -0.30557403452618 0.350530325283908 -0.177343028432696
-0.290352909744262 -0.176632488853884 0.0346057177864455 -0.32956855504801
-0.335576042889942 -0.0759804363621302 -0.173364684990786 -0.139038463503794
-0.338513173191016 0.0511757027504837 -0.12197078911976 0.00723550866049531
-0.292828337956365 0.165705585799152 -0.00020690357755333 0.0352121630782394
-0.258953931794296 0.173752910166201 0.0448411605048192 0.0248942229768522
-0.244741834266496 0.187811087319139 0.0730533685387387 0.0226900234143373
-0.3125647540975 0.131450314338369 0.129315263909414 0.055418292752245
-0.321788897892052 0.0266581243326274 0.153238854347593 0.118341204607142
-0.34618722190464 -0.0815568048316794 0.0475301623187793 0.195889533596823
-0.299975220100298 -0.219070570856236 -0.0718048931468023 0.149780101120067
-0.136825464997731 -0.368829911441672 -0.176657008738422 0.0760528402656692
0.00945679926323932 -0.457588680238536 -0.105852463490528 0.0542484938292465
0.0663656119050005 -0.399402006662715 -0.00943777675211028 0.11116026046823
-0.0929114688940029 -0.353722414786938 0.218317250761005 0.242669950447181
-0.201218443199519 -0.198928965286947 0.290606170410008 -0.179500994470741
-0.191395738403829 -0.0977012292915637 -0.0155153816637037 -0.299360604752235
-0.238133364670407 -0.0727382238743866 -0.221971386088188 -0.120875007826181
-0.284350656565443 0.0240564706603528 -0.200834592683662 0.0329006700146133
-0.27244281531182 0.130799044546876 -0.100640263047185 0.0838205543133164
-0.256003721260598 0.146611631827412 -0.0625319259109038 0.0991462011101488
-0.256037095303021 0.166637003804797 -0.0291286346889844 0.100046704394847
-0.323318454478724 0.106596707123348 0.0334729235285398 0.114728949961236
-0.315273267924845 0.00253056290464195 0.0701533917951733 0.146281289038219
-0.320883794347714 -0.0842424975576734 -0.00065689456321271 0.210774672323059
-0.308341448753531 -0.200549020379307 -0.0887755631459423 0.171372182027937
-0.17707532079156 -0.382876454839971 -0.159469159896866 0.121456723983496
-0.00238061270020652 -0.488529324490521 -0.106911737840855 0.180061964440938
0.0314669935418954 -0.32846273794817 -0.0286624491084909 0.208272995981436
-0.121065128068248 -0.236309916086817 0.218960550235671 0.21478803239252
-0.152427222265394 -0.0734347975989298 0.206379216457565 -0.169017445031723
-0.072433470812821 -0.0291953265637851 -0.0486825382645429 -0.239664210169574
-0.126017160591135 -0.0690435693289027 -0.229638831809272 -0.0972900890735179
-0.201670122770437 -0.00474490802158677 -0.245105118480113 0.0482849883903346
-0.216465250184532 0.0799301777371557 -0.183522155841608 0.119970697366192
-0.215824430703842 0.0974536593598079 -0.162261403807912 0.161882379148198
-0.224855437388648 0.111898678873273 -0.134060092234133 0.163604755620123
-0.270860350822161 0.0511722299976943 -0.0734609331358152 0.154306420715802
-0.235812889380302 -0.0308448170193172 -0.0264782065958319 0.154255106389673
-0.221213183313398 -0.0707896418979451 -0.0588387017935779 0.206481603625057
-0.25739116167766 -0.149125324743884 -0.115003495035217 0.183041533519895
-0.174752203339705 -0.338105488428629 -0.147128867529404 0.149754607310967
0.00128183359417182 -0.442865283046595 -0.101281109362005 0.290875574344397
-0.00524512989112227 -0.219154190483249 -0.0356922678730661 0.26267342392673
-0.130081190555448 -0.106891965690121 0.20620032127152 0.164493845042087
-0.0884322619118411 0.0266240092388305 0.131163508233177 -0.144525657374159
0.0261093360692239 0.0123296984208854 -0.0565036055542365 -0.17975691040013
-0.0312990979552072 -0.064196473351943 -0.215405234203435 -0.0811921454762417
-0.112297463442107 -0.0301561317687907 -0.262325893053641 0.0505286597228035
-0.1380549341858 0.0203166927085652 -0.241569184144495 0.141113933659255
-0.141429884375968 0.0332380144319106 -0.237933406122571 0.200203273490429
-0.148672456675701 0.0353268282392518 -0.220842728982963 0.196589381889259
-0.157416278807435 -0.0109718789010363 -0.166407661621432 0.160307693258356
-0.0997014232683592 -0.045028098233363 -0.105328844764169 0.134795881117207
-0.0826426667039147 -0.0182641443824453 -0.103214925955778 0.18769292418006
-0.175013071197226 -0.0614554716006663 -0.148108388768026 0.186618343722946
-0.140673312094169 -0.233023208869883 -0.148884515798447 0.14795507675196
0.00791745885053181 -0.318000098910581 -0.0932748059967931 0.363339346080303
0.066103432535512 0.0789487895234164 -0.141356421883683 -0.362911338837948
0.122620847807764 -0.00143174223872729 0.0545017153037107 -0.141560087243225
0.03720203763047 -0.103813970320482 0.107743724280482 -0.238030968607252
-0.0858664542861908 -0.050858368157893 -0.00143500384957613 -0.206276687628066
-0.0478094589901673 0.0486384191659699 0.0534967170566601 -0.139462152553485
0.0194022244018477 0.0327624662005253 0.13003604891656 -0.187327777253265
0.0420727840490135 0.0145247454074044 0.175349660783227 -0.265364535259872
0.041279866552584 0.0178465172794015 0.167096266623931 -0.305178759104676
0.0475590687666451 0.0162612618941427 0.182956462546455 -0.262887554665318
0.0355820198745128 0.039700379191532 0.205502762757693 -0.169759778725464
-0.0126356402880067 0.0632347593558184 0.211940432503184 -0.0453787107410678
-0.0990893336997447 0.0112415920227272 0.127187570587173 0.0873336423949509
-0.035683934642205 -0.0935197738925415 -0.00797279461836018 0.12230254725924
0.10318244060585 -0.0409625079821811 -0.182916049648353 0.0171173535670115
0.0912200169003404 0.0639517233509998 -0.0679021853450125 -0.237940963039323
-0.000424965530651054 -0.091677605445593 -0.124754725637384 -0.362698058927513
0.00635471811060941 -0.135294953000795 0.0911962077612946 -0.094109727045102
-0.0996083926092691 -0.172693834336394 0.155531621484079 -0.267824985802501
-0.227933598733472 -0.0737603394337883 -0.0153023146362458 -0.243981342514995
-0.197195742003085 0.0797602744903255 0.0206886343967198 -0.121460853709464
-0.104920295497944 0.120993903066059 0.115633735085131 -0.147655922602614
-0.037470289074058 0.129021051704455 0.177105963633859 -0.229810534306425
-0.0250930175568084 0.118472093045583 0.170499065442169 -0.278300668889356
-0.0108593399526627 0.102429907151337 0.179781544720124 -0.248528935832015
-0.0408434818378424 0.0966442576438763 0.208852077201974 -0.163544801639571
-0.0833067126979226 0.0781464672624756 0.219466165640016 -0.0426511904144653
-0.160726033666964 0.0167745684528935 0.122953554952191 0.0853707232057849
-0.116124125708763 -0.105504651550222 -0.00560771462404169 0.105806426698791
0.0269779158864387 -0.130305700086134 -0.169615348437734 0.0410102432033797
0.0364658876612258 -0.0893313384748251 -0.0931777996031172 -0.190278454765352
-0.0468308125110808 -0.250516795770938 -0.0885757189466701 -0.294766670773161
-0.0995310639686159 -0.266672460327849 0.147391620270005 -0.0216058183100127
-0.225327899488298 -0.227039890429679 0.203592545282774 -0.291458949357218
-0.338010389742521 -0.0850209760277973 -0.0450057798618099 -0.287616259478347
-0.314381173001262 0.0906760053000242 -0.0535324388564224 -0.101355993034195
-0.214290132568828 0.180965530760353 0.057183202187983 -0.0845328502501574
-0.114048035392106 0.218307922855869 0.141546698404047 -0.155819835663617
-0.0875714296992891 0.201476226876886 0.147897437567803 -0.210605060681704
-0.065297203964129 0.182740936849872 0.157467980902879 -0.201266289702134
-0.115180107282222 0.160950631410054 0.19886336003101 -0.142036771846496
-0.160428499141578 0.106826731477632 0.22668807737936 -0.0391141890175906
-0.23326859516669 0.0343880674551426 0.131205352334858 0.0908673569307662
-0.210217108455303 -0.105644907547187 -0.00240303152360367 0.110211516294456
-0.0761289116405955 -0.204449689924548 -0.159931581150469 0.069112217576639
-0.043129403988046 -0.23145141760782 -0.102994934693934 -0.114357251259722
-0.0739479777242763 -0.36556642307462 -0.0467738549033331 -0.17727152357496
-0.176606288131752 -0.351995100825662 0.213642190444755 0.0553797642572497
-0.309047429713369 -0.238947182469347 0.230381882666682 -0.307347100640754
-0.381444324672392 -0.0705192439474261 -0.0878248681268662 -0.315889298201026
-0.364669495050746 0.0893964759244271 -0.146561031841258 -0.0736382548026045
-0.279456154804098 0.204474798928158 -0.0271603775236873 -0.00808379592746567
-0.170007447319218 0.26809639359341 0.0793799245511748 -0.0614769776460126
-0.13803518435227 0.253660910871311 0.103897031994 -0.11397580801277
-0.111739138024396 0.245595355086568 0.120650605030221 -0.121379136193681
-0.182660084988132 0.22135204784643 0.174548315949754 -0.0931367875300109
-0.23570984725836 0.143862044750743 0.219103972456511 -0.0210619115520762
-0.306511121799885 0.0606622540652743 0.136748409070846 0.106357149664557
-0.305295650184385 -0.0935779129009825 0.00229857304079575 0.128606403854786
-0.190695514868627 -0.256305370502784 -0.14269809678388 0.102703304170418
-0.130368160112365 -0.349959823460573 -0.0888509290324121 -0.0154983977641046
-0.0874864728762098 -0.412572839511495 -0.00678378619907863 -0.0354379761973281
-0.218088307079747 -0.356535616183841 0.269883569777738 0.110522250179959
-0.32186543701292 -0.189898988510312 0.218883168908581 -0.306157767056757
-0.331727045493955 -0.0379958282702552 -0.130580269974427 -0.307632077176847
-0.333179862783031 0.0714711072077348 -0.223391319000313 -0.0383103531192129
-0.286874922105566 0.188799313659414 -0.110655098964363 0.0665960679889554
-0.19683514628444 0.271668918371189 0.00611141926594211 0.0376967740402515
-0.170564110861154 0.269137279413386 0.046587355144051 -9.86835402221531E-05
-0.148299909478914 0.27472485772848 0.0717304696014331 -0.0159503504212908
-0.233095447510579 0.254713703122817 0.133433531577957 -0.0137162505072
-0.28890587163674 0.161540124793274 0.186055712170524 0.0237761856104297
-0.349062792652657 0.075490037708121 0.124522772308162 0.135015896280974
-0.369701765126796 -0.0757370738347711 0.00463176683403694 0.154587199939027
-0.285872848835637 -0.280916118009361 -0.111740394043354 0.138473966189183
-0.198159215119084 -0.428881436032087 -0.0489151774744567 0.0980082950114134
-0.095980844903122 -0.389803714107701 0.0257568682221254 0.09742118341014
-0.223136164529579 -0.283434261302864 0.295592710328303 0.123780643991932
-0.26321380402728 -0.0979838854753539 0.169546669172345 -0.281609973790056
-0.211533035532864 -0.00877097670707343 -0.156438785793146 -0.259453946949794
-0.243904211689328 0.0347303381348289 -0.258672873515847 -0.0043353487799333
-0.247279549280131 0.143443919384774 -0.171035110449987 0.123070168637244
-0.19296938429561 0.233725465513094 -0.0642901641454254 0.124949235743716
-0.178206906140364 0.24358279597039 -0.0183954951629241 0.115628501235468
-0.167369261189305 0.261426968045647 0.0136923607330668 0.0995956001980338
-0.253523132747572 0.237657135904783 0.0730742115944246 0.0818407908582856
-0.29386394252578 0.135834587175476 0.123942929720559 0.0860787899212483
-0.328634756913617 0.0616271920473106 0.0880954991977167 0.170399485390388
-0.370217139714533 -0.0557053690140355 -0.00266947199506819 0.181075731141901
-0.328073172694361 -0.275607824155837 -0.0776717284063311 0.170425920257937
-0.225926057946278 -0.452372724437761 0.00448071004929506 0.213057430356364
-0.10035086683291 -0.312022607909013 0.0513352761988726 0.196521599981574
-0.202143719194089 -0.165082098458747 0.285594667304721 0.0997454374278765
-0.167820789204786 -0.00331347560333748 0.103343418271153 -0.235307854030977
-0.0773651859244881 0.00327177900096113 -0.154050751052012 -0.194227600800921
-0.141759901194289 -0.00727197362865841 -0.254066780770731 0.0169957237025087
-0.183866879615183 0.0836896763553722 -0.203935572998175 0.154411821509049
-0.163414476481024 0.165398186669243 -0.122847793785086 0.192921188908038
-0.159370865129606 0.181695608311035 -0.0804078575077966 0.216017300298064
-0.161966931577541 0.198988991587369 -0.05222473734057 0.203566043584963
-0.229300705014341 0.165796010722812 -0.00461233429567822 0.166317585788391
-0.23497102716146 0.071441761284603 0.041340144925709 0.139704109378072
-0.233320630401374 0.0311544680555366 0.0357675053679052 0.197777762884825
-0.301402575022183 -0.0293571935456082 -0.0217145528493931 0.20453197369695
-0.304858561285796 -0.234362389185389 -0.0578642821334526 0.190886836881327
-0.202928683182995 -0.409111465482972 0.052886660097044 0.312459750811384
-0.0903062403703754 -0.198568772839405 0.0704566565394234 0.253141513075862
-0.159356011622541 -0.0450983637540718 0.254787292230648 0.060825376748607
-0.0689360292041008 0.0610052334260375 0.0522886423322399 -0.18240956401869
0.0263373121644361 -0.000413637585931449 -0.130131269563496 -0.139558399711161
-0.05454625922846 -0.0413861173039228 -0.233603428844072 0.0220637291456961
-0.113309446676548 0.0243676253961678 -0.217628714414421 0.163222616987523
-0.116007371499513 0.0795846099067649 -0.164288223885492 0.236496155623832
-0.116308345932679 0.0921254120341665 -0.12903060036771 0.285167348199419
-0.123770376234512 0.097305907843538 -0.114178244473157 0.274109975644792
-0.150545737455054 0.0604538369062122 -0.0820017967796882 0.214845499385579
-0.114643476521472 0.00112732810633876 -0.0378037503961655 0.162626147912739
-0.0855831645867259 0.0183819944311861 -0.0122311387967138 0.208964878706379
-0.187998630733829 0.0175003641753884 -0.0518133923527455 0.225523175781905
-0.229559202590914 -0.151710537603375 -0.0656908052906025 0.191705475255838
-0.139187815772653 -0.294896561648944 0.0816966625986196 0.374683036231745
0.0706999223574552 0.0754885006817654 -0.150294120430737 -0.366161804509614
0.125329506200252 -0.00738658644118384 0.0548171560689122 -0.151423757547369
0.0328526687555877 -0.105719747611299 0.102652126743991 -0.247177690113414
-0.0894175577593919 -0.0473743601770441 -0.00809197191548847 -0.208304590999759
-0.0440824296525115 0.0506899088863926 0.0511005665587564 -0.143585011901586
0.0209909437692695 0.0304437209695574 0.12699421543143 -0.19481669772498
0.0426910736536633 0.0110236305565989 0.171080519663249 -0.278198347837278
0.0428184644703939 0.015554981389435 0.159920608622915 -0.316443656845844
0.0477584392737906 0.0135987603088675 0.178423228259955 -0.275468028138191
0.0370152298418967 0.0377954157733164 0.205005280578077 -0.180179338328583
-0.00921969315755091 0.0635780384842162 0.215365202069357 -0.0532364069687715
-0.0993156380574563 0.0166914510554348 0.133728996962809 0.0859179889993876
-0.039160488711175 -0.0925770201646612 -0.00475429625640467 0.125721177784037
0.102528178766958 -0.0482014354631266 -0.183787827499771 0.0265476916813188
0.0945734100627167 0.0596450119350791 -0.075764897649113 -0.24316106199925
-0.0013340671467552 -0.0955975267720637 -0.13225315947539 -0.36348315448579
0.00394304929723593 -0.141290658402106 0.0936773784017365 -0.103796523587483
-0.107784441246003 -0.173136326368325 0.149553003348224 -0.277089010727738
-0.234833179533252 -0.0675954778473096 -0.0232328569613253 -0.245567992528191
-0.196216253075855 0.0857373182112412 0.0198199601159807 -0.124651829801306
-0.103993738464179 0.124146411311794 0.114657632763537 -0.154672458059966
-0.0355663555924078 0.130543623940565 0.173441983792038 -0.242410563708354
-0.0219333814331222 0.119960563386394 0.164691601149554 -0.290187399218648
-0.0100870032871149 0.103767292877662 0.176348063067503 -0.260389887782741
-0.0389308936184277 0.0983597284444416 0.207974727165059 -0.174982409939068
-0.0816175228705309 0.0809905232935219 0.223587429320293 -0.0514701854969464
-0.162066811037227 0.023339962481673 0.130088127243267 0.0846325423073538
-0.12011839749165 -0.102789708744952 -0.00330874338910715 0.109678225124932
0.0234370271076188 -0.136471330543293 -0.169621261678046 0.0497929647934105
0.0351747920570988 -0.0934689151476124 -0.0999791890611216 -0.193327710513807
-0.05361092234608 -0.255546405347564 -0.0964670270979718 -0.296881064777342
-0.106940400986508 -0.271580893467581 0.153676676846232 -0.0312443807466583
-0.234824291959954 -0.225033143403073 0.197582428103473 -0.303827877203675
-0.346477394378117 -0.0769106382967776 -0.0546554562601547 -0.288172253308088
-0.316797574570899 0.100540029984443 -0.0544839786158794 -0.102368419166218
-0.214309270118314 0.188628265168351 0.0572728597232203 -0.0886505808922829
-0.111515249548844 0.224698321255305 0.138415270028101 -0.167910161863429
-0.0841587263378053 0.207294684676784 0.142677309043531 -0.220486021639032
-0.0625584840276539 0.187551291660243 0.154302060671433 -0.212017551178978
-0.113858937634531 0.166244426782604 0.199271916475103 -0.152437141497941
-0.160043180693134 0.112317424906545 0.230483630540801 -0.0493981294508542
-0.235481614042509 0.0429122505108048 0.139399721475145 0.0902728936989718
-0.214060997683104 -0.10074857504819 -0.000935991159158242 0.114749668417234
-0.0821557761523406 -0.207965365662129 -0.160744752195094 0.0773463485711891
-0.0489218730406437 -0.235478819038933 -0.107332417574655 -0.115593655704085
-0.083639438747838 -0.370336842873076 -0.0502814013320462 -0.176683917549125
-0.187537330446943 -0.354319520475063 0.222900166453878 0.0462241044375017
-0.319591834044207 -0.233735700163076 0.224259613735165 -0.319880042011768
-0.389311811225955 -0.0638693819173116 -0.100395179340307 -0.315692992759287
-0.368786213132039 0.101021308517242 -0.148227927355546 -0.0719535733176165
-0.279435203134804 0.21587212219108 -0.0270742700099587 -0.00916062884829419
-0.167234105109486 0.27816029817364 0.0773975376286373 -0.0697511163563852
-0.133723172155884 0.263353386837181 0.10052210236498 -0.121328620102271
-0.10836638368254 0.252613388110344 0.11847199227945 -0.129266848155056
-0.180423466292213 0.230961127230168 0.175887167684296 -0.102454269913021
-0.236548777253189 0.152361574087774 0.223125157459782 -0.0309020530548978
-0.31157343518553 0.0705596811538878 0.146632208276047 0.106288326478417
-0.310720341373185 -0.0875167643065935 0.00458056108116532 0.134663716761002
-0.199384480135886 -0.257799283400249 -0.143421887434205 0.110978294505993
-0.140242799433726 -0.351787016715447 -0.089989300406591 -0.0156054509144685
-0.100416861952656 -0.416835905497889 -0.00644534471442719 -0.0336746806588683
-0.227482455460448 -0.357410037028936 0.281727017346772 0.100997780094383
-0.328905821713897 -0.183647913770925 0.210443928438871 -0.319547360987786
-0.338838071770599 -0.0323348838374036 -0.144253264800025 -0.307186027487221
-0.337585907485902 0.0809276773127774 -0.226522269946684 -0.0338524565660049
-0.287956986696158 0.201308697309069 -0.110500763165267 0.0694558685803262
-0.194350897395216 0.283407338394228 0.00521761109770902 0.0336550607290986
-0.165648119471317 0.280441817712739 0.0440690890928926 -0.00324100950756172
-0.144070837754921 0.285066896502182 0.0724584526933643 -0.0205684048773525
-0.230844660751695 0.267093922950037 0.136576756971221 -0.0201773724213976
-0.291724146808568 0.172126959154112 0.190128368871751 0.0158730921558682
-0.355402442622117 0.0861683024094468 0.135299788556827 0.135897220789699
-0.376189264552321 -0.0673346988218545 0.0074721314724173 0.160817094241562
-0.295666811964128 -0.280990306261388 -0.112992078182335 0.146789178127802
-0.212452835797606 -0.428575879136625 -0.0468727949201996 0.0982564898021002
-0.109691212092667 -0.392582840711653 0.0300112939255872 0.100490792565208
-0.232222000144523 -0.280752150720514 0.305857671003997 0.114211162865659
-0.265875535099885 -0.0903269677982786 0.160496005248589 -0.291270813220001
-0.214724642947139 -0.00598311191944986 -0.169548940954316 -0.25831989958258
-0.248871789784074 0.0416574615876708 -0.261887969529845 0.00217297890197472
-0.248975467780185 0.154410923858415 -0.170328533499952 0.129167103544697
-0.19060950492678 0.246215877402343 -0.064782552665501 0.12544085870051
-0.17506310622538 0.255607988656798 -0.0181182502405624 0.116615076677267
-0.164427904854192 0.272107387102928 0.015562831872935 0.0990763079434923
-0.252711376990509 0.25202406024767 0.0772880027952409 0.079240630710323
-0.297799333056607 0.146821308117365 0.127671288387261 0.0821824882810757
-0.335297525489633 0.0698755023531904 0.0992870925544199 0.173181372791308
-0.376273735737096 -0.0483649205333158 0.000669655590871549 0.187892311387209
-0.339802978858991 -0.273122911639103 -0.077933310197172 0.178210977666442
-0.240247359931529 -0.452233680893102 0.00936426225124818 0.214442380793178
-0.112791720129153 -0.312726741098103 0.0590200793994543 0.20045311612024
-0.208254638447716 -0.160090363566108 0.294170845181135 0.0905867439037489
-0.165986195357291 0.00348388927685181 0.0953048746200927 -0.241872034539433
-0.0788094616867649 0.00212361773137198 -0.164774335284405 -0.192251230974117
-0.146357433309681 -0.00366189628925365 -0.256704190205301 0.0244631331567443
-0.185436760697207 0.0933215518819714 -0.203098200147126 0.162846888444216
-0.161565517442189 0.176696532031433 -0.123140234227692 0.197469032551027
-0.157223026161637 0.193219283660166 -0.0776920041586789 0.222283912426141
-0.160121101648106 0.208925682994292 -0.047474044662298 0.208113800503819
-0.230040534559849 0.178741443764125 0.000187968341285323 0.168336031935462
-0.240281198418218 0.0795525691254614 0.0446121751934352 0.140018604002857
-0.239451984788672 0.0347822792174859 0.0452862214325191 0.202394771475183
-0.304996240264731 -0.0232560500278644 -0.0183728512385994 0.212125935988925
-0.314136542721206 -0.230987481451893 -0.057997207850834 0.19883607859186
-0.217253916415476 -0.409621538345851 0.060783445604232 0.315026265853077
-0.100228398161002 -0.196924475625888 0.0811538487795492 0.257790614987629
-0.160932105501031 -0.0390745979210452 0.261374324728278 0.0526058953160802
-0.065074009287741 0.0653314043386009 0.0449361868704019 -0.186921600855954
0.0255063400096325 -0.00424253090614043 -0.138700500954488 -0.138665169859502
-0.0591234802328039 -0.0403488406015684 -0.237806787204767 0.0294570203768752
-0.114584537744111 0.0308718078011458 -0.216943651952734 0.173089842949349
-0.115052180693695 0.0884523773547542 -0.16326119746829 0.24417816727187
-0.115435146493186 0.10003579901781 -0.124655212311584 0.294240318129512
-0.122996354634135 0.104713316135214 -0.108232048902795 0.282835914911375
-0.152762239379991 0.0690084811458192 -0.0775499063249574 0.221929143684576
-0.119995440783688 0.00421718539797949 -0.0360136178106915 0.167031198776883
-0.0883229371605474 0.0175710685318759 -0.00355328344306382 0.21349291901552
-0.188597064998568 0.0220348677555013 -0.0471060949441409 0.232576288431063
-0.234866399481856 -0.147523156226053 -0.0663147755502967 0.200164636695453
-0.151640879474199 -0.293870053498119 0.0925547809783167 0.378131986395077
0.0755458362035996 0.0699109836614831 -0.167542799262 -0.360189510236533
0.125710268178025 -0.0169187398356928 0.0487580533804167 -0.161098127082625
0.0255345760378025 -0.106729442732417 0.0889012940772752 -0.255552699756788
-0.0926726515999494 -0.0398500531965691 -0.0203371736590994 -0.207308289299819
-0.0385532660525612 0.0531475571603365 0.0436755478745951 -0.146255908534674
0.0226494997919109 0.0270572088846382 0.119299037031704 -0.202748596091082
0.0427391401618604 0.006523806140701 0.157017675823684 -0.291358937125705
0.0442030781473548 0.011669018333776 0.143513348703885 -0.327891418536644
0.0479316389880379 0.0103632526056469 0.164450419599207 -0.288223271668402
0.0395419160216445 0.0339808697695544 0.196649589472529 -0.192834889941018
-0.00415174623844489 0.0628533929838633 0.214209686949778 -0.06628581872788
-0.0972731619540481 0.02427267490562 0.141027763375345 0.0790875369450474
-0.044130441332062 -0.0891245849040471 0.00257612592053518 0.127787811163258
0.0985991093751687 -0.0573268107870897 -0.180342832554836 0.0392719000901938
0.0977982406290784 0.0525273868889358 -0.0894867345153779 -0.242856936171606
-0.00528041341262748 -0.0983129965715465 -0.150272675496903 -0.360309161681831
-0.00182728864310152 -0.145387922624423 0.0920804895831927 -0.114679989428717
-0.117642057616953 -0.168367864625445 0.13517465062941 -0.288576240185284
-0.239950108142679 -0.0541308078849421 -0.0372876432740354 -0.242380278611708
-0.190019903641268 0.0961039439885418 0.0141213047596426 -0.126449196638324
-0.0985543000755429 0.128458591550104 0.108767900797619 -0.162252693830129
-0.0301763977806495 0.131274013703152 0.16022663362544 -0.257190938107996
-0.0163327176794424 0.121013631626994 0.149237126140454 -0.302181909203931
-0.00530651599076603 0.104146152865005 0.162636375444601 -0.273517216475847
-0.0344251153911788 0.0995515441249881 0.19991835122706 -0.188480328373533
-0.0763821337634508 0.0837630329550176 0.223103944275649 -0.065633559594869
-0.159629818923463 0.0340430008865657 0.138139437076234 0.0788152118978864
-0.124791655615604 -0.0951135110465421 0.00236583263803002 0.11259731448512
0.0156878512707022 -0.140975579523583 -0.165472862170898 0.0613618074205718
0.0312283517121932 -0.0968025562280682 -0.109818582358733 -0.192120795569705
-0.0667874693248779 -0.256142529046345 -0.110059012910052 -0.292612946077139
-0.119253953115283 -0.270382236250666 0.15587011642798 -0.0447253138850939
-0.246477271626715 -0.214553281698546 0.180601407788842 -0.31720623298363
-0.352618128225986 -0.0605141296785983 -0.072026121173851 -0.282876024069021
-0.311254850862465 0.116615564049276 -0.05804188766459 -0.100921203466117
-0.206412308764717 0.20010644152233 0.0537647134358507 -0.0937738187268903
-0.101797631529726 0.230818526868927 0.128633048115008 -0.180813223166366
-0.0731625412815216 0.212569766173172 0.130449801460715 -0.231179922363043
-0.0546803820566184 0.191414887308377 0.142629524174835 -0.223950401750303
-0.105329446902357 0.173120069178354 0.192379896766673 -0.166447650261844
-0.15456469864247 0.120619643177231 0.22963203369096 -0.0651620772123243
-0.23358623553141 0.0561955611168296 0.149306226794563 0.0847874288615954
-0.21819913336342 -0.0890648879702341 0.00369293058956305 0.119385505799172
-0.0933792684660788 -0.207120616354119 -0.156474910498401 0.0892916370380098
-0.0600390178233124 -0.233561794765791 -0.113861759741428 -0.113711628460296
-0.102635827736736 -0.367642474831924 -0.0589177916161853 -0.173852195110825
-0.203648341073641 -0.349408015996761 0.23007626554835 0.0299049683269315
-0.330263600241728 -0.219101669747853 0.206274347290395 -0.335171986005078
-0.395695633326603 -0.0466824124305175 -0.118852385326927 -0.309607232215562
-0.365034005052102 0.119444976838146 -0.151096308335896 -0.0659242419538147
-0.271118920915719 0.231257990988118 -0.0267171269224592 -0.00972434173287067
-0.154865819908797 0.28853547075699 0.0719347169228422 -0.0785419848783455
-0.120789427717343 0.272060401736633 0.0922361959274424 -0.128450243507288
-0.0974684545588183 0.259775118991934 0.111519227211969 -0.13873125956021
-0.169939216636363 0.242622112587321 0.171873515861069 -0.115200318092572
-0.23116934841211 0.165223262277958 0.223063165014097 -0.0461083690372525
-0.309776192844239 0.0872701071498709 0.157464521821296 0.100473145695619
-0.314051141793915 -0.071823558645737 0.0103279018495119 0.139016364293297
-0.212114404422748 -0.251318285546105 -0.139740279336256 0.1221275958191
-0.157170668301965 -0.345276092368438 -0.0910834284712557 -0.0143628020499031
-0.123355574226468 -0.412568155553584 -0.00711948556789507 -0.031812157756748
-0.245110103961352 -0.347365656436264 0.290664924473573 0.0831091313371437
-0.335323087191136 -0.165550714202183 0.193070743406428 -0.332112439222927
-0.340898448086062 -0.0181314970651566 -0.163431214044877 -0.297969807462963
-0.336191438375311 0.0979446398972742 -0.22765346355661 -0.0234740212568028
-0.280367866224965 0.218073352627943 -0.106475035509492 0.074056458581924
-0.180837332402632 0.297159350041351 0.00389790171319777 0.0289638500108418
-0.152432183742821 0.292236640926875 0.0412755469191723 -0.00675254022712793
-0.130947754995034 0.294898938300741 0.0700028118649133 -0.0260988470877404
-0.218859292589714 0.283975002873915 0.13711149699097 -0.0306844200571562
-0.28660257963987 0.188504138035807 0.192659774162563 0.00319526481837123
-0.355007943068639 0.103986160742114 0.148428287884172 0.131252467320853
-0.378829550614168 -0.0495693311171432 0.0144378354152598 0.166296764029231
-0.309991708880437 -0.268947110942652 -0.107874036925952 0.156203197758502
-0.233940709488924 -0.418117369528046 -0.0422266561588975 0.0989360113506547
-0.132943711808685 -0.386486608066466 0.0360378689921179 0.101143962754614
-0.244999820921395 -0.267883761716751 0.315644380379105 0.0951961059930986
-0.26707087231108 -0.0750017777262551 0.142929069821856 -0.301688754430444
-0.215861775111994 0.00112252437232829 -0.185771929961797 -0.249206435521181
-0.250063142833042 0.0538214112647038 -0.261343620726878 0.0146954252818359
-0.243362981088335 0.170437908703635 -0.16440942639763 0.138075782800734
-0.178772264781321 0.259563176721081 -0.061884721861911 0.126060552550804
-0.162802201276133 0.268949519962598 -0.01407938716043 0.117384546359681
-0.151497317384256 0.283351420583688 0.0202125003957957 0.0979504535421563
-0.241265684163949 0.269813221824188 0.0823045956430858 0.0731350114183111
-0.294514456511635 0.163684576123008 0.132464687535172 0.0741015414845903
-0.33755831841922 0.0856144170967087 0.114182970740063 0.170766667992378
-0.378494614900024 -0.0328345244515646 0.00992545286013372 0.193645463289355
-0.35132397514581 -0.25877345687785 -0.0731334040429787 0.185889433679556
-0.263644416403875 -0.440401201433 0.019372274206974 0.212650073917868
-0.132542488574396 -0.304088448572157 0.0706233314298157 0.19911633336059
-0.213799928103058 -0.147447745606294 0.300765047277078 0.0727465507216228
-0.161858892381192 0.0137110336781098 0.0798824192069347 -0.247801095914475
-0.0794974502775377 0.00302684990316576 -0.177584048690226 -0.183389371453042
-0.149872333028622 0.00378618115053945 -0.256623226068876 0.0378948038527269
-0.181935563320696 0.106776276868781 -0.195359949876042 0.174418293107642
-0.152958008402665 0.189780381210453 -0.115758522646373 0.203515818866823
-0.148722396930364 0.205788432999891 -0.0683612424954232 0.227330702363163
-0.150560628473676 0.220443826516923 -0.0371559387905116 0.211259755795
-0.222019403337563 0.19543194557714 0.0093341974879797 0.16838854992043
-0.240397292580156 0.0929255706755435 0.0509262101254534 0.138202315035388
-0.242215005725045 0.0444547753112974 0.0608559747866102 0.202030741540469
-0.306117602139494 -0.0098509808472869 -0.00796606748017073 0.217000083701222
-0.325224609069572 -0.216600593234861 -0.0517430839204307 0.206741339822989
-0.23912142907885 -0.397443420983189 0.0761977988046714 0.311177915763583
-0.11370935520656 -0.189878659606186 0.0954449530085264 0.255298908831698
-0.16089866503802 -0.0283981208362544 0.264806377024429 0.0371371499421469
-0.0578020659190714 0.0695409712354656 0.0326912202658765 -0.190765704345134
0.0238923885510143 -0.00830490421748679 -0.149355363771983 -0.131121886734899
-0.0642284668599375 -0.036818807402331 -0.237004065824242 0.0427499775877229
-0.112948304991713 0.0400645814904609 -0.209056621516548 0.186813507178052
-0.110503973747703 0.0987830871267484 -0.152859320704836 0.254671459361801
-0.11100107649688 0.110016854787426 -0.111233050302622 0.302785957416798
-0.11850962304419 0.113792105365794 -0.0928779608732225 0.289754695769929
-0.150772227235199 0.080867039709504 -0.066115205289819 0.227207107854956
-0.122974498679762 0.0107753105308637 -0.029067315395138 0.170422372640636
-0.0903932983087725 0.0187655503616098 0.0103615195238035 0.214797845132407
-0.186501929741397 0.0303851821561406 -0.0345775103720018 0.237588494298839
-0.241454570782369 -0.135469768441287 -0.0599971825380855 0.208744302686171
-0.169404802994118 -0.285759641198818 0.109718898777638 0.373591141207022
0.077953362218866 0.0619459652577714 -0.180052967935089 -0.34144039262189
0.12145818751932 -0.0261518638389447 0.0400639751948024 -0.165404913617127
0.0166200225777736 -0.104499729831075 0.0731430413257581 -0.255669489476233
-0.0920390251292841 -0.0305172880112516 -0.0313773420556986 -0.199290644371222
-0.031576606395068 0.0532593495860922 0.0348437066228875 -0.144485519114232
0.0233046855351793 0.0231415925204045 0.10619183646768 -0.205266729493665
0.0402644892045535 0.00177962184865928 0.136987105005701 -0.295845499234301
0.0438701281055359 0.00697793667716014 0.121341126510638 -0.329073055721998
0.0463080435536828 0.00677671162548926 0.144383372227079 -0.292267142314569
0.0402892384406713 0.0289620014797177 0.180876876312164 -0.201235878244764
0.000739210669784259 0.0599061895294061 0.206005933354481 -0.0773205148021652
-0.0920497659179891 0.030828441497076 0.144396690064831 0.0697878419626515
-0.0485620075140629 -0.0832667502497103 0.0104465652920265 0.126503736195894
0.0907493019324792 -0.0643595349990913 -0.171127884776792 0.0511316716173195
0.0982983417161607 0.0429426922906412 -0.102842649741762 -0.234554204391342
-0.0098569745716905 -0.0973537292693046 -0.164578017804233 -0.342141978521642
-0.00906340205480474 -0.145259546315048 0.0857785430127853 -0.121702529313973
-0.125178359806484 -0.157681567242853 0.115284781679605 -0.290171097390061
-0.237424994428218 -0.0380814570091781 -0.0500113161257362 -0.231536572777678
-0.178438966427903 0.103735960319731 0.00830651403579486 -0.124940500154394
-0.0894743854004599 0.130083644712454 0.0983095803881338 -0.165591665822242
-0.0241602467844107 0.128114276060008 0.142056702466176 -0.263062539618803
-0.00902695544079866 0.11748561875145 0.128363752143132 -0.304725775067059
-0.000173630017130906 0.101276532722787 0.142155180194341 -0.27774053059984
-0.0283238145349869 0.0977637111749554 0.185001750671972 -0.197109085129716
-0.0690777526528887 0.0844593938604967 0.214795768256497 -0.0786108634304588
-0.152747351785014 0.0431143743119069 0.143234679956825 0.0702193769638848
-0.125866223293108 -0.0854181965480666 0.00854629261136805 0.112930657017796
0.00625730172558314 -0.141186761372779 -0.155828544857525 0.0727890613079848
0.0252941018233087 -0.0971916088564684 -0.118134335778435 -0.183931320472315
-0.0778128017246234 -0.247091942202041 -0.121475410275217 -0.278888651442803
-0.129467055359301 -0.260824992448773 0.152703628746321 -0.0562164140284652
-0.251191489766656 -0.196358594689659 0.158753261915459 -0.321101157691711
-0.348217145210009 -0.0404311690790662 -0.0868778771204975 -0.269285339612721
-0.296527628505951 0.130529543048581 -0.0605353283211812 -0.0962097128225624
-0.192054720815347 0.206403986577899 0.0488910513452753 -0.0962800404278844
-0.0890017561462978 0.231116377989281 0.114610924964368 -0.187178837827744
-0.0602781806421473 0.211341640172128 0.113300997928406 -0.235431307004522
-0.0437600278526084 0.189384002897806 0.125679454497877 -0.228017954180445
-0.0942581456616181 0.17456801614798 0.178913338963129 -0.175440991143294
-0.144984875821231 0.124530798174221 0.221626858377503 -0.0787230962924738
-0.225281833995794 0.0683576339981022 0.154985835911877 0.0747415380903167
-0.216323434256164 -0.0754460893693056 0.0109356852817055 0.1196292190412
-0.10281211366318 -0.199553649611909 -0.146638854845589 0.0984067134338056
-0.0700194417858831 -0.224158815336806 -0.117410580160093 -0.107812966735307
-0.120068213257909 -0.354083722972083 -0.0649502606812426 -0.164807514854418
-0.215346862040257 -0.331908249723687 0.229482836354433 0.0125356612265734
-0.33088005469282 -0.196061882208489 0.180871429955693 -0.340287569835334
-0.388509560474953 -0.0242721258670584 -0.133838378391762 -0.292448803175856
-0.351076400356886 0.134873170653126 -0.149552833600491 -0.0576896775697181
-0.253828785345776 0.24116398253397 -0.0257033282671205 -0.00949115818814397
-0.136798313163886 0.291251976356044 0.0634335505008186 -0.0847511998044932
-0.103860078511606 0.273787184588705 0.0805948757478495 -0.132330078076511
-0.0818106750728776 0.259592006052015 0.0997328045516983 -0.143223887541838
-0.153174939372149 0.247310181178752 0.161927730892911 -0.12532562815051
-0.218086214604505 0.172990376188517 0.215500997139699 -0.0604998731811847
-0.297611379341573 0.102462623431705 0.165308310192759 0.0901654040309286
-0.308986435973175 -0.0539755793229052 0.0178815354840504 0.140193256064771
-0.220388912038989 -0.236198501704581 -0.129924452107503 0.129404799595427
-0.169604322503624 -0.326911191757381 -0.09008673018671 -0.0120230563248253
-0.142205316462591 -0.393811471353188 -0.00810226826541091 -0.0285464851308383
-0.255384471444019 -0.325645315468876 0.291155652913937 0.0613494893321379
-0.332382012272595 -0.143251692262324 0.168559474613194 -0.336128377923907
-0.334107121064048 -0.0021061762618643 -0.1771222269531 -0.279330971645379
-0.325200243289637 0.113233913349571 -0.222011635864311 -0.0120852553872946
-0.263357504054902 0.229941017094413 -0.0995032822187434 0.0762118622151795
-0.160758956457232 0.301990809672083 0.00188295852108859 0.025075571825206
-0.133377187607157 0.296315956186264 0.0380001251882273 -0.0102570250144625
-0.113419220721064 0.295854109500756 0.0660097470679572 -0.0309269888761101
-0.198401457684737 0.291211880628221 0.132380228777664 -0.0402867652059908
-0.271204736061493 0.19943707455866 0.187677144460263 -0.00994539505333425
-0.343402452928144 0.120769755113049 0.158690262580615 0.120139234743956
-0.370039216290486 -0.0299251780014373 0.0233131218616706 0.166468787754864
-0.315576109823696 -0.247926089382008 -0.0991914275674096 0.161581992267921
-0.248192113183199 -0.395345070348768 -0.0368356724809161 0.0957435648119317
-0.152360306529867 -0.367749735488059 0.0413099077138651 0.0974013521485589
-0.250318130795607 -0.246950215345223 0.314533574097178 0.0724004294855341
-0.258983911917178 -0.0577711676316056 0.120925373910321 -0.303036129702392
-0.21046625556261 0.00989029771724311 -0.197533514410909 -0.230697101532386
-0.2433335606386 0.0656871858411501 -0.254625902179923 0.0282329767563132
-0.229177778163797 0.181738872357803 -0.152607668824428 0.142220088046745
-0.159829298317577 0.266647318898772 -0.0569792130038917 0.124550827835082
-0.14415159946356 0.275542023832703 -0.00972045517641234 0.114878148433678
-0.132877400775946 0.286229870596574 0.0237236189873219 0.0930431373429008
-0.221121236412285 0.279290382995475 0.0846026168526917 0.0646195176979503
-0.281557887038141 0.176624162068069 0.132679412162839 0.063975769532679
-0.327665101259294 0.100528779575498 0.126801405038893 0.16069854999078
-0.368518558519464 -0.0131814082086828 0.0192644246966416 0.193051815953572
-0.355588526910563 -0.235798620294431 -0.0639587924810624 0.189450303487685
-0.280318517293242 -0.413683246697522 0.0294283691888108 0.203566553245539
-0.148174811330721 -0.286195850739622 0.0799017923141738 0.191338283085047
-0.214020266404206 -0.129572014648736 0.297557636485333 0.0507932965306133
-0.151968429769701 0.0230176934721703 0.0612734734633513 -0.2463201677541
-0.0782117115171002 0.00415311217874088 -0.185539227506138 -0.167335893515989
-0.148486688786182 0.0118450056202943 -0.248491202536961 0.051244979794806
-0.171756572501148 0.116541787340454 -0.180824134661969 0.180766559166157
-0.137757030357481 0.197145079862237 -0.104746117009323 0.204406651487605
-0.133263354596669 0.212949951695938 -0.0555824868116599 0.225628733906683
-0.135615162798461 0.22556980766333 -0.0250995642360482 0.207780695119917
-0.206138006701898 0.206548237098126 0.0190438982181603 0.161823122018764
-0.233210655180393 0.104610955380722 0.0569299459108032 0.132474388821507
-0.237634053422902 0.0542633697972901 0.0754438499488008 0.19460498885711
-0.29697027426504 0.00431808624504507 0.00329320983223261 0.215779952516167
-0.326471164829888 -0.196765468616123 -0.043790904363471 0.208420463359391
-0.253932749766315 -0.371698364811244 0.0896823069298967 0.297789761696123
-0.124056032114352 -0.17492380066498 0.108515778341915 0.244794988151074
-0.156231606451221 -0.0173734476684014 0.260532385598162 0.0187104621661321
-0.0487125682880808 0.0710373393041422 0.018683031582709 -0.187300939381981
0.020945203651242 -0.0117344486146025 -0.155239374817878 -0.119394731358327
-0.0674537746286939 -0.0321764105017661 -0.229700520438993 0.0561818182688275
-0.107688226831923 0.0489337653667994 -0.193881284126023 0.194594365220911
-0.101230602108609 0.106380007682655 -0.137097876380867 0.25748706989122
-0.101797905311702 0.117372797627664 -0.0924090334628414 0.303448726392695
-0.11005331387721 0.120420199431103 -0.0748592125543506 0.288317050631099
-0.14274955785636 0.0907873942982169 -0.0522282023883213 0.225319016987187
-0.122769922212838 0.017096778630505 -0.019454266209324 0.169384059964493
-0.0899672295360216 0.0206764847485941 0.0249654758806587 0.208736901869808
-0.17859238739823 0.038501037295692 -0.0209790484050659 0.235446129352494
-0.240816683355196 -0.119538524245156 -0.0509350182167695 0.2110127043329
-0.181344999459159 -0.267322336471495 0.125498577351464 0.357484702469502
0.0767455732671988 0.0541834712626872 -0.181442869885352 -0.321682246847496
0.11485387580802 -0.0318276129803199 0.0347246869729236 -0.16340199091643
0.0110687058744731 -0.0998800844593444 0.0599344581706099 -0.248606413728446
-0.0887544115371181 -0.0237447064299775 -0.0377827649662557 -0.187117175058566
-0.0256672465094395 0.0514236068881277 0.0286849068568949 -0.137438070358934
0.0225915128377088 0.0201331761603777 0.0959872000277953 -0.200569126964973
0.0371027181248824 -0.00159851515893208 0.119723479581406 -0.290427628331586
0.04242226991287 0.0030274491670971 0.104916300187553 -0.319752184947577
0.043685530308501 0.00438450913803471 0.12830808159292 -0.285293991772005
0.0391354466694917 0.024285578479487 0.166742933278096 -0.198938707567184
0.00419108552969325 0.0557797674878661 0.195473199690211 -0.0823532061679475
-0.0856065634077482 0.0344089076269441 0.14322483348291 0.0618616248950121
-0.049518619035796 -0.0768460360750006 0.0155702138127306 0.121889062950859
0.082327692646163 -0.0670648460227022 -0.158063254654047 0.0571620101084479
0.0948538490088618 0.0363162207769709 -0.106751769228622 -0.223758833152793
-0.0117794061430961 -0.0949544485867896 -0.166046687555702 -0.321152965760312
-0.0125219000791884 -0.142379466683598 0.0798909650326715 -0.123967338086668
-0.125021351184286 -0.146702977129522 0.100939453679247 -0.28336987452768
-0.229107311511773 -0.0273653564824252 -0.0565240532516799 -0.216293166035285
-0.165810843224619 0.103952706360371 0.00450519670963942 -0.11922497781383
-0.082978744864328 0.126149885313504 0.0899234806069486 -0.1629416369756
-0.021170303234777 0.122523849379816 0.124920554245526 -0.25993379034386
-0.0049126805674248 0.111940186588633 0.111554909874694 -0.297703744804359
0.0015977567155592 0.0965829990412767 0.125971805846947 -0.271857391187075
-0.0243400510210976 0.0934308883065447 0.170641948272936 -0.196706114542709
-0.063433362342362 0.0817596152090384 0.203679179195749 -0.084680937548807
-0.142747356403556 0.0479419588356273 0.142445707121854 0.062123667169552
-0.122323571119923 -0.077244792842205 0.0132703129747696 0.110681431586799
0.000586489054920958 -0.137398147993643 -0.144635138873403 0.0769159986381892
0.0224927794613086 -0.0950225747076076 -0.119906875520659 -0.175396998326428
-0.0818117108549444 -0.234476150702742 -0.122378479334266 -0.261783062788142
-0.130875655334764 -0.249349699527691 0.147343737171676 -0.0637226549221103
-0.245737910071126 -0.180564294316614 0.140381750006305 -0.314201069275929
-0.334801919903645 -0.0279658240240797 -0.092489079028714 -0.251445344715781
-0.279873108245468 0.132608502533796 -0.0600477400384502 -0.0910190880616195
-0.178417642948423 0.204409976162783 0.0447657052149292 -0.0958049463306586
-0.0789137345570139 0.223647495183703 0.100593636366446 -0.186234255525091
-0.0510665887516357 0.203856687909562 0.0989951028489094 -0.230388458347157
-0.0370027415994421 0.182522283368139 0.111468855288228 -0.22359875450473
-0.0853174998231912 0.169974717965854 0.165867763455693 -0.176810141154763
-0.135249605168438 0.122824655134072 0.210309013426902 -0.0853280146745684
-0.211282324431771 0.0734483459904467 0.154984669958533 0.0661063734208086
-0.20741218505126 -0.065358921602237 0.0150062953148648 0.118016550860486
-0.104281295560291 -0.18963131954587 -0.135962473725504 0.100997993891016
-0.0719534856443333 -0.212399506934468 -0.116532402753913 -0.102148081584878
-0.12628278024485 -0.334563508146293 -0.0662977736899999 -0.153990298728408
-0.214563205646298 -0.313735156506397 0.222871880161316 0.000662162545009807
-0.320589375496784 -0.177772866052127 0.161881716986522 -0.3329813824556
-0.372353549461781 -0.0132874564817224 -0.139034999822295 -0.272065988680963
-0.332434180930904 0.139254563000546 -0.143107238384017 -0.0517650254147533
-0.237086845041495 0.240297229741293 -0.024413033091892 -0.0104892412871597
-0.122506683435419 0.284091415885179 0.0553407230825878 -0.086795583416831
-0.0904826908944751 0.266087443035028 0.0717185001857886 -0.13080479382499
-0.0718013649183338 0.250324390874203 0.089102058736535 -0.14182939827138
-0.139286795896761 0.242444351602831 0.151595209953797 -0.127992746734114
-0.205276566663987 0.1728955238567 0.205329963123198 -0.0676741145437243
-0.282435518484001 0.107767805285307 0.166415429009355 0.0804388827308259
-0.295846920910673 -0.0427577233276589 0.0228493796131476 0.138472674816605
-0.217347362579028 -0.221047858057469 -0.119945041965175 0.13100686304631
-0.170772682699137 -0.306621726656238 -0.0875056704209468 -0.0118051305801907
-0.14864787175491 -0.370187441638552 -0.00796718821824128 -0.025444281571077
-0.252090266493924 -0.305085472872134 0.282352824374317 0.0454341007741409
-0.317609952718335 -0.127609769545196 0.148734569976841 -0.328952354131718
-0.319770480077323 0.00538132541452075 -0.179929975051861 -0.258819783059353
-0.309807481294772 0.118025520739523 -0.212547644759776 -0.0057561834844364
-0.246009724933795 0.230744995296423 -0.0929627158347676 0.0745058296465158
-0.144008143527523 0.29564317289202 -0.000475588196028768 0.0208418699531142
-0.117892132054799 0.289750417670815 0.034807964433186 -0.0112832100086603
-0.100078450715442 0.287537463939286 0.0605282845644521 -0.0331661705299695
-0.180915204832052 0.28620411013347 0.125497219720385 -0.0457491849689011
-0.255519054420666 0.200137180698531 0.179797677160657 -0.0176986594563941
-0.326992534038806 0.126198976643772 0.161775692303784 0.109693755941628
-0.354822869774474 -0.0195141640794431 0.0285902084303915 0.163704160065412
-0.307759085485513 -0.229099427448613 -0.0910911288643184 0.160954161715813
-0.248164505765572 -0.367228480060393 -0.0334975867247888 0.0894850618391594
-0.158066971967898 -0.341917537350548 0.0427212017118605 0.0933093508516162
-0.244864744099895 -0.22697874567601 0.30381334636505 0.0559525789246701
-0.244160200445361 -0.0470157046611895 0.103643705915469 -0.293860092191839
-0.201437875154496 0.01333114415167 -0.19774874235873 -0.211822018933037
-0.233484003583271 0.0705783226716292 -0.241335440644643 0.0342397137836101
-0.21410747432402 0.183999853740704 -0.141576961402288 0.13964393088942
-0.143956881635736 0.263205238995453 -0.0535924667674217 0.119188894142429
-0.128774422008563 0.27133673174934 -0.00692101170970223 0.110376238067183
-0.119708862247154 0.280202367622164 0.0250602901844616 0.0878762401477629
-0.202225857315993 0.277881513370252 0.0828883129774486 0.0563900579358182
-0.266966113882825 0.178767607895344 0.129517708244794 0.0558195738869951
-0.313521250688234 0.10598076440764 0.13201527520951 0.149722706340062
-0.352560687968528 -0.00332319411291446 0.0250690533536476 0.189332475935601
-0.344538618282904 -0.216987918250959 -0.0579417507866805 0.186872964406908
-0.278919890317498 -0.384241890615569 0.032989604000939 0.190657753021643
-0.151617153795435 -0.265282059395838 0.0835182378746062 0.181110757558415
-0.205987120729146 -0.115465175678357 0.286549995723098 0.036480195869511
-0.139633244485691 0.0270579681841836 0.04819257902738 -0.237380283644519
-0.0755511423002723 0.00437406385565866 -0.184938536093131 -0.152998938939717
-0.143941522235145 0.0170464076013012 -0.235264969135497 0.0570251609716932
-0.160473741412388 0.120006895417183 -0.167266079774462 0.178451133181715
-0.123951868655213 0.19638514127878 -0.0965094775789165 0.198490030019458
-0.120177568679711 0.211543748248792 -0.0469738666821388 0.218264812130884
-0.123160829679789 0.222102158564362 -0.0174849514899852 0.199964449822363
-0.190681538590974 0.206989123522352 0.0231404761611674 0.153148237540758
-0.22243005072685 0.108797107943082 0.0579160483288659 0.124469672165537
-0.229175748961104 0.0577708202611169 0.0823708176499003 0.183091966658263
-0.282373696919642 0.0115141206558174 0.0104770561619606 0.210422029757609
-0.316374312633629 -0.179091575373723 -0.0378513653728154 0.20515643105994
-0.253976547839417 -0.346349223991586 0.0925916082634277 0.279919979350721
-0.126677393130108 -0.159370114163289 0.112951410141034 0.230722897758381
-0.147912112926607 -0.00953341302603963 0.249552754828604 0.00691205767255309
-0.0399043712621822 0.0688191699440759 0.00959463448441164 -0.180100685147995
0.0186271771028381 -0.0136526944882347 -0.153302930981376 -0.108435351436509
-0.0682438885996561 -0.0271814398071061 -0.216912532681459 0.0621941273232077
-0.100484034293662 0.0522535854072069 -0.178692610809178 0.192914254896276
-0.0910111107197642 0.108687228705056 -0.124900595907646 0.252229469261716
-0.0927009338542239 0.118696907475816 -0.0784192507047654 0.294576753599839
-0.101618184908704 0.121068322215383 -0.0616773811936571 0.278996788129742
-0.134126845278746 0.0941692033204728 -0.0431563798817392 0.217801318203825
-0.119753060966905 0.0216354349965208 -0.0143469519846112 0.163771748718907
-0.0881562155156837 0.0201103877940659 0.0339224531038492 0.197914308848855
-0.167345948914488 0.0417205168084409 -0.0123250838898928 0.227957303946202
-0.232615465569691 -0.106711018036124 -0.0450745218601963 0.208249890579987
-0.182969775640461 -0.246938298703661 0.129806891243878 0.336745696861201
0.0689719161341313 0.0602281501180773 -0.150610115331767 -0.320213886875148
0.111342184267804 -0.0256880599855415 0.0415500597713195 -0.161976668678095
0.0123007068106098 -0.0952880455000411 0.0655666185541657 -0.23551569914321
-0.0837240495906114 -0.0234483083772164 -0.0309912375258214 -0.176169155937967
-0.026450589457055 0.0471882514143828 0.0348441449931785 -0.125321781705801
0.0188683737318867 0.0188007888930555 0.101226998709589 -0.186717373998117
0.0357172026403707 -0.00377723833227036 0.12534172054967 -0.277156095605537
0.0414607634244286 0.00239580704578498 0.110467600712037 -0.304932577665102
0.0430623549030743 0.00270016969268233 0.132223011450171 -0.270245544811376
0.0370145269136551 0.0218479986581294 0.166036896911743 -0.186004317758049
0.00377148125670262 0.0521772571658087 0.188913666468668 -0.072330858649103
-0.0787989104327521 0.0317999863273521 0.132687717173733 0.0633674734680344
-0.0452792940976869 -0.0741880704143143 0.0119901404534979 0.115709894214403
0.0769601415934368 -0.0629133457030202 -0.148542426848951 0.0504159794207021
0.0888488028363961 0.0341299830801833 -0.0905833334899324 -0.217837240633934
-0.00653383497687977 -0.0914383720910567 -0.142731623704809 -0.317970473655757
-0.00439502851874444 -0.142064209501135 0.0813305040865117 -0.118326908655105
-0.115240401074977 -0.150954945267221 0.102347134736434 -0.261405575086669
-0.217447934048076 -0.036724258897973 -0.0514335387914539 -0.199610296682423
-0.164212029941419 0.0891079952931571 0.00963368579430176 -0.103827648834452
-0.0874818076684623 0.116213294046339 0.0949170620568465 -0.148218680595144
-0.0272330734331825 0.114517771217602 0.130047733116006 -0.244466796098547
-0.0109655718766277 0.107276634462998 0.114967422524019 -0.281424357116927
-0.00210034121286012 0.0908477179792088 0.127938651505294 -0.257669494782743
-0.0273568358438121 0.087347369469994 0.167476849688971 -0.184470371344557
-0.0639134271842035 0.0750669158488386 0.194447120604695 -0.0761790712072626
-0.134485935730426 0.0415704302427797 0.130783855521637 0.06232778663645
-0.114296000166018 -0.0774265894579348 0.00860804969121378 0.10352878130361
0.0015188609113275 -0.133415330957684 -0.135071198428607 0.0677652887901887
0.0227181514217375 -0.0927207558362426 -0.102325834057668 -0.175074806621511
-0.064067780958684 -0.232357360190301 -0.111408174039648 -0.256857961018872
-0.110990893800158 -0.253178405798909 0.140886010212663 -0.0529733631435706
-0.228805948488495 -0.192346000787938 0.140534106463358 -0.28377378257802
-0.318664328754121 -0.0441835779030921 -0.0873791374725492 -0.230750645280213
-0.275507835027574 0.111348167061146 -0.0547907495263781 -0.0751760452561231
-0.183780690874812 0.18697534995757 0.0492226142949925 -0.0833847487467746
-0.0883543889454748 0.209250862900948 0.104698115752574 -0.171850741317396
-0.0611260978043631 0.19633454680958 0.100558684460761 -0.216789904012784
-0.0441307545727991 0.173783422962804 0.110428641650305 -0.212253613841184
-0.0889360563125693 0.1604681467986 0.160617071269417 -0.166316591365345
-0.136893568400451 0.112612401499164 0.19880639554459 -0.0790051946458442
-0.201458058432909 0.0630571547485575 0.140198454580909 0.0652481948624971
-0.196762561411983 -0.0704805177651036 0.0085978567114161 0.109843196652846
-0.095828226347557 -0.187520178363606 -0.128282539591061 0.0884145487874342
-0.0642458525794134 -0.207051968281484 -0.100166349824629 -0.109919333725619
-0.099663753243615 -0.333361056610368 -0.068946142397732 -0.149614498822933
-0.186813942613053 -0.321400173479887 0.207536030047014 0.0147653345645872
-0.29972877274299 -0.194504601220835 0.161714001863303 -0.297545918134044
-0.355496076070623 -0.0338753511649299 -0.131829066030249 -0.251796655842217
-0.326650250136344 0.115510638330265 -0.137212660282076 -0.0398313716459989
-0.241486197219877 0.219300897972728 -0.0202426337017039 -0.00318771535663543
-0.134201522737105 0.266917176317336 0.0562588413527896 -0.0759544321301851
-0.103029201024429 0.256511153494879 0.0703954121565555 -0.121263656721149
-0.0807723834088072 0.240458159599686 0.0860160395832826 -0.134158857298721
-0.144944454707586 0.231048730810707 0.143220760614421 -0.120692572095872
-0.208272210183088 0.159460880368779 0.190766983990599 -0.0635763220150087
-0.271841796452538 0.0928044276012122 0.147568827378954 0.0776240987566403
-0.282357931857189 -0.0541006739801759 0.0125569674098496 0.127702860435991
-0.202418816561313 -0.221626065203492 -0.115710272116165 0.114293157897601
-0.155203772760701 -0.299208998165974 -0.0762127083512321 -0.0258123439994746
-0.119807670512258 -0.371150848431095 -0.0223606726842352 -0.0224290409918692
-0.223299904274716 -0.313739072068104 0.262605037769831 0.0623524266348843
-0.29969543648098 -0.144402228590972 0.150125371503399 -0.293122014996361
-0.305896706601318 -0.0124775647069181 -0.169727386818174 -0.243206694043712
-0.302952718455353 0.0962593993464369 -0.204423693756173 0.000214201422466348
-0.249117277112992 0.210657656291704 -0.0893699824640643 0.0742087984825478
-0.155365592573502 0.27912004410013 -0.00143995199169343 0.0261829365663872
-0.131308036845752 0.279449019490419 0.0306402818866994 -0.007579335643427
-0.110764302610186 0.276523148220607 0.0547998512230507 -0.0303609902161623
-0.187062121865707 0.274418329862298 0.114715308476235 -0.043394521566378
-0.260088555682154 0.186000888854402 0.163561635084866 -0.0180426735637559
-0.316374154185057 0.108647310206649 0.139652041274586 0.105147634708659
-0.340371306446803 -0.0339452763481695 0.0148769892306146 0.15205996384593
-0.288490581021708 -0.233800374772673 -0.0910845621314383 0.142165646493304
-0.226779361741141 -0.359537093520899 -0.0299484177005518 0.0709444947440081
-0.129701855671344 -0.343040236390604 0.0205379271552343 0.0950266996125184
-0.221030009515034 -0.236243878203114 0.283700201138251 0.0728470020040401
-0.231911571474985 -0.0615484429811545 0.10915094917479 -0.264870710551096
-0.193324494186775 0.00123007672889985 -0.185816325083115 -0.202920207936638
-0.227651372955342 0.0562145485038213 -0.234426572009744 0.0329452567507611
-0.214613710221744 0.168544589861712 -0.13917966895579 0.133259431854946
-0.152148337793295 0.249328254934101 -0.0565203143261847 0.118253279815449
-0.140484788151763 0.261489224846981 -0.0127228329490539 0.108571574417577
-0.128889219834987 0.270110038249241 0.0163518689283881 0.084117120701926
-0.207687260703413 0.266034761661409 0.0709035808859615 0.0537949806323611
-0.27120306827313 0.165728588963095 0.112982694175495 0.0504948992943681
-0.305176068331118 0.0898922100452191 0.110570381302197 0.141740348983667
-0.339299934821702 -0.018055680602501 0.00912875749328029 0.175470570206613
-0.323936170556627 -0.223643215184706 -0.0620662006790383 0.168684534691535
-0.256265600991124 -0.375189626284457 0.0267388310118376 0.170589908457455
-0.129737278390764 -0.267227261779448 0.057859748327248 0.181486634455555
-0.191106797175935 -0.124277221931678 0.270132602344636 0.0519463833691012
-0.134398052172011 0.0170350699654722 0.0571833571724232 -0.217465075061707
-0.0727141906252476 -0.000197337062931759 -0.172738028534304 -0.150949977614975
-0.139042021985436 0.0103762341639146 -0.229230416012316 0.0506357745952901
-0.158958144762093 0.11066147023817 -0.16515154998713 0.167204950922318
-0.128869527937294 0.186934841656598 -0.10098365147512 0.192219523536028
-0.128616540709189 0.205006378358706 -0.0537007562186225 0.210260873496619
-0.129898004836981 0.215145059311743 -0.0266491730663993 0.190269308223823
-0.193329175727963 0.199159484066679 0.0113983289457441 0.145524884062053
-0.224537664846371 0.0992990740531057 0.0447742487439417 0.115484110564245
-0.222583634742067 0.0472054365326887 0.0646168401603138 0.172370520533032
-0.272532006680183 -0.000766457300284981 -0.00527465118468904 0.195731523051756
-0.297449042933549 -0.182814999732171 -0.0453924647911437 0.188266150076831
-0.233139320819181 -0.335476119841685 0.0771492363161422 0.259445207866418
-0.112328057931414 -0.162847522823731 0.0877989936048343 0.230558293172195
-0.14182106971106 -0.0183214673152923 0.237844265362263 0.0199968331000449
-0.0418906379340041 0.0637186201492278 0.0189132992673092 -0.168054223104444
0.0164684559326249 -0.0116815011732102 -0.143860937043184 -0.110821735318847
-0.0637666364749753 -0.0269755057236275 -0.211853444839125 0.0528557807037186
-0.0969567766334962 0.0487083668340929 -0.17727236791003 0.178821234081987
-0.092047007107246 0.104356439934297 -0.130313262024097 0.241566450062031
-0.0963663352015037 0.115311272270443 -0.0853493272211658 0.281100887850743
-0.104579122722172 0.118949895629848 -0.0693482947031947 0.265476869837482
-0.133966896064261 0.0913841543345021 -0.0511120656921919 0.205990206007993
-0.120693760403828 0.0182264288686 -0.0222680946192206 0.153239134262164
-0.0862824264806652 0.0167505353366111 0.0219012605274444 0.18729697466256
-0.16250814918985 0.0355007601912368 -0.0259400552183198 0.21308185653431
-0.219784128523756 -0.109650869890446 -0.0540229651707005 0.194110436834221
-0.167791728923604 -0.237521131334201 0.107432670300764 0.319789268826997
0.067839256893098 0.0587204500838601 -0.140527143364661 -0.317090673856783
0.109271172625043 -0.0268637803285058 0.045746614535323 -0.162757136353435
0.0116948650986313 -0.0926496373725726 0.0675070113768923 -0.233622868115529
-0.081328802731358 -0.021893939098118 -0.0279210704475152 -0.171500242158756
-0.0243124165357174 0.0451297061376933 0.0379335298330955 -0.120896733881776
0.0185052191760325 0.017141654653281 0.103934673090195 -0.183350979099439
0.0337094103787931 -0.00416799916624489 0.126216465806749 -0.273310891931099
0.0406573692133377 0.000568113524717343 0.113313867031209 -0.300561036869232
0.0424193377819247 0.00220844763429567 0.13436967145041 -0.265697226481495
0.0355474758436029 0.0208800074799473 0.166702326240112 -0.181785404508784
0.00422418976727441 0.049854542439943 0.187926850542513 -0.0692953506604332
-0.0770056928984551 0.0320005911736727 0.132709706711538 0.0636467516339234
-0.0445541621746901 -0.0722441053339687 0.0121067228411478 0.115861874408166
0.0748142403707593 -0.0625680315457855 -0.143882911785209 0.049489763105047
0.0872965041961415 0.0326683121910131 -0.087756721897023 -0.217807522590031
-0.00418016629636948 -0.0911105474934718 -0.133277126716564 -0.3145796529798
-0.00137639882394839 -0.143870782644978 0.0846384570360301 -0.119299120594349
-0.11228348348612 -0.150784979170033 0.104516236432914 -0.258134445716397
-0.213970353790701 -0.0388121044379929 -0.0479234713456511 -0.193963557675807
-0.161995849012191 0.0845713623633856 0.0131123845051428 -0.101367829788381
-0.0891064462462033 0.112614246904101 0.096968245182558 -0.146347522705972
-0.0301100826907728 0.111646278342847 0.130185393905164 -0.241645662342521
-0.0128485700763245 0.104496284319057 0.117231333377137 -0.278355125572033
-0.00447108898846382 0.0889801025865386 0.129596901596401 -0.253076779671056
-0.0291884519244583 0.0849639506451721 0.168530539831508 -0.181458267760916
-0.0638925746665489 0.0717089631226063 0.193935890007733 -0.0743001015183117
-0.131884621491394 0.0406774942335644 0.132163929716067 0.0625821405943232
-0.110778177041875 -0.0776071906104044 0.00896171087319176 0.105021544856223
0.00255578452695995 -0.133345027871618 -0.131852796219657 0.0664594166581228
0.0247133128023877 -0.0925132376587778 -0.0996065669339202 -0.176303923396458
-0.0581342543226353 -0.23025997800169 -0.104497408921551 -0.2532070261895
-0.103827579202716 -0.255210873108657 0.142679693809143 -0.0545732469423252
-0.221737075583492 -0.19429907638579 0.14291796504774 -0.280886235091756
-0.314761358496677 -0.0495390706903083 -0.0821801445845189 -0.225831508200413
-0.273908027919532 0.104363074789614 -0.0511946538830841 -0.074985867743679
-0.185176933335822 0.181561668155268 0.050570464964213 -0.0830365643446328
-0.0921582412016271 0.205717269118241 0.103430944083173 -0.170343420599428
-0.0637530310686859 0.192389268309213 0.101699956105803 -0.214840399932832
-0.047636952275879 0.170598103829779 0.112452316762881 -0.208525417333304
-0.0913107071499537 0.156635631540306 0.16088360740028 -0.164131244705584
-0.137605968405492 0.108701596306006 0.197949656283585 -0.0772793444949803
-0.198819412358665 0.0601751925516381 0.142095080174449 0.0648276441803265
-0.19140219924566 -0.0726539929413906 0.00883516432572589 0.112556240374071
-0.0919046062145586 -0.188194907926488 -0.12643634767119 0.087578702780981
-0.0576377931333256 -0.205115245731938 -0.0984151598308356 -0.112689665256729
-0.0920578840874565 -0.32806619596821 -0.0641494787202673 -0.146344291921017
-0.178079945639445 -0.321808092627205 0.207199270127186 0.0135660063764436
-0.289803059313718 -0.198056309459125 0.162040095241288 -0.294107742308966
-0.350766742278958 -0.0406440232916315 -0.126912337605943 -0.247149229060691
-0.325468785723939 0.107458858601658 -0.132937087740646 -0.0417800890552936
-0.242925435915071 0.214014316453254 -0.0193597063066477 -0.00509487016737568
-0.136760406653615 0.262120024273843 0.0542321215285262 -0.0757615894896985
-0.106244312249518 0.252447843143128 0.0705791087339206 -0.120565585104749
-0.0849942369880759 0.236351649322863 0.0862644252737787 -0.131042584170899
-0.146893185676006 0.226297133639468 0.143284685350635 -0.119532116365821
-0.209503386930307 0.153487325764678 0.190630422404738 -0.0616697098531363
-0.270210473895978 0.0879775754482203 0.149912549981991 0.0775824439580237
-0.276918309737238 -0.0587630569685152 0.0130254359463534 0.130688393559624
-0.195326151723796 -0.224149384092918 -0.115353351023599 0.113517030743174
-0.145376134310154 -0.296681184869336 -0.0760707638634359 -0.0290622949785922
-0.111434485877706 -0.364463247715738 -0.0212725204929845 -0.0203344744033189
-0.213463663998213 -0.313684947091683 0.25998614195217 0.0615797189452983
-0.288332672397691 -0.147827022124887 0.15063022016942 -0.289739877121607
-0.301865009432406 -0.0201324444153357 -0.165109081147648 -0.239928683500478
-0.302524608221314 0.089000354260787 -0.201054044261439 -0.00377717335607466
-0.250006308471002 0.205408931844111 -0.0894390592259176 0.0707562914422515
-0.157254551393165 0.275060367035701 -0.0043579814902564 0.0232953558611777
-0.133937748889786 0.276036646566077 0.0297104629667452 -0.00870275514319699
-0.115115872694553 0.271763915548428 0.0532411643065236 -0.0302480767809653
-0.189726417882315 0.269019093375985 0.113782702179093 -0.0436773879288125
-0.262025469151041 0.179682616060397 0.162240053980148 -0.0170772301074344
-0.315826345922684 0.102354838210541 0.1417522632535 0.104245545541986
-0.334714457243544 -0.0402463665141316 0.0147251174615378 0.154918692323481
-0.279513065342609 -0.238324267872419 -0.0929875015160478 0.142465423148661
-0.215388705726281 -0.356686909466045 -0.0329645640551403 0.0667932308808389
-0.122108048119866 -0.336859557457694 0.0180483443402429 0.0956778769118799
-0.211246537277586 -0.234663098565032 0.279369931310434 0.0727391783909415
-0.222594396429276 -0.064565723363864 0.108890178093868 -0.261321663591177
-0.190296672168466 -0.00455453580320273 -0.181265910576724 -0.200670675441099
-0.227420670959443 0.0521058544753909 -0.230923877127288 0.0289661368585234
-0.214709948131779 0.165073228310948 -0.139341791740655 0.128193984200503
-0.152583477394607 0.246035945930286 -0.0602715747122707 0.115387380913258
-0.142512474364082 0.259696694342239 -0.0149255678477066 0.105769192448521
-0.132691407439389 0.266419969605631 0.0141088663315716 0.0823552408585552
-0.209189122702554 0.262345318507666 0.06876498815918 0.0517030895521345
-0.272848144788524 0.160049940301167 0.111252118347077 0.0506452985955026
-0.304800633110891 0.0831289831468929 0.111726034853144 0.139917206644124
-0.333087108391763 -0.0256587632153129 0.00797355692504213 0.178056486560525
-0.315221001024262 -0.227101921266668 -0.0658881986824372 0.168900797852284
-0.24404863931485 -0.371694650913399 0.0212946627414075 0.166082171540073
-0.124152033481898 -0.26059673010478 0.0532033898893267 0.180504943935759
-0.183477384465514 -0.123565870719026 0.26488547268942 0.0516601467636259
-0.127916855567386 0.0146895796339598 0.05784777958781 -0.214467256152044
-0.0719812388632469 -0.00377216044349463 -0.170355622012198 -0.149275895198716
-0.139658107759529 0.00888049814935097 -0.226697628006439 0.04699987699273
-0.158023983092718 0.108978220281438 -0.16543948121054 0.161700595989495
-0.127897165728384 0.185908838419189 -0.104412461277587 0.188072196662086
-0.129015716367588 0.20387199711995 -0.0561752061904026 0.205862078109698
-0.131915741369399 0.213289066468559 -0.0296417436015565 0.186846089561749
-0.193727523272905 0.196433664510192 0.00867091440834395 0.142584873273883
-0.226386981857567 0.0953397980782058 0.0424128666391881 0.114398278727698
-0.223297565595614 0.0410460856639553 0.0647348360907987 0.169969273075161
-0.267078302855343 -0.00713939750304596 -0.00757897929820422 0.196592778516558
-0.288426890720892 -0.186775509834918 -0.0499329240269885 0.188313902824103
-0.223861874507632 -0.331688405207685 0.0696421908341646 0.255590624445085
-0.10898829263215 -0.158441853422713 0.0827181867619447 0.228451182928875
-0.136549199037367 -0.018071140544819 0.232350211833322 0.0207639658536659
-0.0385297480611235 0.0610911903961355 0.0187602288244912 -0.166618963470143
0.0156919352516743 -0.0131938248758625 -0.142380974543468 -0.111124709287073
-0.064681063552955 -0.0262362685410376 -0.209647296510011 0.0501832229193169
-0.0961255233117251 0.0493619527796152 -0.177709300244823 0.174292757032099
-0.0903786430527569 0.104697303083403 -0.132780499674672 0.237870899335135
-0.0953336790943112 0.115756475169968 -0.0881724239780742 0.276554126461858
-0.10473261180032 0.118674932701677 -0.0729327430309198 0.260891418552562
-0.133309657947441 0.0906340813376549 -0.0543247174166499 0.202830084007489
-0.12209904832841 0.0166638499130258 -0.0244667467469402 0.151526167636899
-0.0877458123438594 0.0132855974935106 0.0208470800762958 0.183220518767044
-0.15840094000381 0.0318203975841637 -0.0288941857516322 0.211619862387875
-0.214168890667104 -0.111446669461293 -0.0586722007171769 0.195042877819367
-0.162006373970668 -0.234075581599935 0.0984394229500904 0.314649329611806
0.0687110764457192 0.058729018898458 -0.136148300921018 -0.322481161176581
0.110504465014903 -0.0291102088160221 0.0506740026730966 -0.168679667136053
0.0112382885319859 -0.0932185437312524 0.0708238419319498 -0.238603326494702
-0.0812327513735538 -0.0203542274753051 -0.0261574214308367 -0.1713207389487
-0.0227178077643554 0.0439783348045624 0.0419953691063739 -0.121107715988374
0.018502863078304 0.0161770853968475 0.109281109907261 -0.185836547672029
0.033202567641171 -0.00539880365335457 0.130106030545407 -0.277227619538277
0.0408568410315491 -0.00155669945642637 0.117078965931944 -0.305225721272968
0.042544436667822 0.00110996156984349 0.139122534568475 -0.26891884745696
0.0354181630005561 0.0198611159235211 0.17204699555241 -0.183877794641694
0.00456847007665736 0.0492450366116496 0.192474344727663 -0.0694680754840089
-0.0764823825100854 0.0333907665525886 0.136257172720767 0.0642934800339004
-0.0452949638570168 -0.072975859289563 0.0130904019637979 0.119283480270495
0.0745085821878559 -0.0644217393173453 -0.143320185607598 0.0504015804467899
0.088586109877321 0.0322805250724513 -0.0883299435400871 -0.222806079390884
-0.00156231972929595 -0.0936700401395379 -0.128281067533869 -0.319843912473481
-0.000300048939002946 -0.150667857534847 0.0909051948293324 -0.124659317743918
-0.112567745297815 -0.155180830336196 0.108917572357829 -0.263653230808467
-0.216905900082105 -0.0407806551728045 -0.0456083830855326 -0.194463487087379
-0.164714917976901 0.0829155061423344 0.0164911713994651 -0.101769451435005
-0.0921745717237502 0.112718093331246 0.10151479853584 -0.148749677343025
-0.0335601184644114 0.112435359267613 0.133682072087803 -0.245144739664928
-0.0145783943764029 0.104241981421149 0.121891723282408 -0.283691684156712
-0.00606729356568888 0.0894663562341641 0.134580459055321 -0.256983062680182
-0.0314024121961092 0.0846971083909539 0.172874711073938 -0.183636976962036
-0.0657820508226188 0.0705427326208763 0.198896773634593 -0.0746287884210417
-0.13230643787585 0.0405965167055069 0.136538839124107 0.0633491537826456
-0.111443274100466 -0.0793291264929965 0.010360963697859 0.109369834344775
0.00322353469757899 -0.136288904773979 -0.131363006321209 0.0678930665770052
0.0280131252634087 -0.094364100591359 -0.100774965989769 -0.181749343843562
-0.0540283218817922 -0.235088423724462 -0.100769771512811 -0.256273519859849
-0.101154351176098 -0.264609897681466 0.148971572381256 -0.0582823578924711
-0.22119221010142 -0.202145699019325 0.146358656033778 -0.285824881210079
-0.319944419784423 -0.0545534005554232 -0.0809706097928971 -0.227019172124685
-0.280322435945067 0.101035085612372 -0.0488187773022679 -0.0774422391245004
-0.190978277316741 0.182766110321333 0.0535377918895193 -0.0852793002301961
-0.0982789515575136 0.20809541794786 0.105002907844423 -0.174032477434354
-0.0678608227973883 0.194474234550697 0.104076138185866 -0.2195417029054
-0.0519632984503966 0.172220899212906 0.116505692241318 -0.211169975007441
-0.0955004567453165 0.157601378067906 0.165120755621259 -0.167568475635432
-0.142359555217141 0.107332461046964 0.203312049304351 -0.0782325918931273
-0.201867626410665 0.0593910993355655 0.147796863879897 0.06592955580774
-0.192471773228451 -0.0759536390766895 0.0104911090877068 0.117749133542346
-0.0911088779639751 -0.193623806833427 -0.127639769792329 0.0892678043242223
-0.0537618158107863 -0.209065278296118 -0.100372697744029 -0.116878169066507
-0.0862191572240528 -0.333809384713344 -0.062339414503455 -0.146697781011457
-0.17484578773771 -0.331967079228422 0.213705580079536 0.012279682277273
-0.288662856734034 -0.207341999031782 0.167307511807764 -0.300293004160613
-0.357326722690177 -0.0484025360749613 -0.12638626694539 -0.250095125315443
-0.333620675834849 0.10401192781101 -0.133219312410012 -0.0451772291468458
-0.250872801252404 0.215358727254068 -0.0191402530112065 -0.00669444542599427
-0.143554406963233 0.264901878216852 0.0537494987600345 -0.0786492782968488
-0.111217745427783 0.2560238748241 0.0718046114330393 -0.12372699876877
-0.0912685908559361 0.238798593655994 0.0883725221587328 -0.133730958704329
-0.15326818206491 0.229125557732181 0.147525436337396 -0.122992145215702
-0.217679277824063 0.153654414961616 0.195688206018921 -0.0632894788755437
-0.275480393828171 0.0860544449075 0.15632232900045 0.0782632199715171
-0.279010360510672 -0.063941387318304 0.0141857759665177 0.13721722034075
-0.194426922885222 -0.232567485544519 -0.117988562263109 0.116347098225417
-0.141257961236246 -0.30297195728762 -0.078634639383209 -0.0328550399885836
-0.107551726269228 -0.369329299140041 -0.0213423785936649 -0.018589020978915
-0.209563381606117 -0.321903540259188 0.264723756553531 0.061138814813977
-0.286044689091981 -0.155071582518987 0.15467156418992 -0.294665676511762
-0.306904892805075 -0.027115601786677 -0.166408818385421 -0.242872514577115
-0.311088693277273 0.0861657108772805 -0.202903313851588 -0.00793907426506445
-0.257408649277336 0.207819455404105 -0.0912330235585428 0.0692494137605598
-0.163297866302279 0.278805249980508 -0.00747098060781396 0.0226531826147165
-0.139344264527349 0.280709264689035 0.0288342713633061 -0.0106642673508399
-0.122166250316563 0.27583774697149 0.0537007018898923 -0.0307442430435807
-0.196735776752387 0.273316369231317 0.115808232653358 -0.0460416365618841
-0.271750209460249 0.179621504671276 0.166019855217261 -0.0175469200531506
-0.323857360689724 0.099465987783394 0.147928150722177 0.105060577494765
-0.338293741676072 -0.0473906051178809 0.015753171209071 0.162571941466946
-0.27965213715302 -0.248505745034384 -0.0973055739333116 0.146041933860999
-0.209995539185394 -0.364220351605324 -0.0364386754479556 0.0645485709356952
-0.119583023163456 -0.339899751617659 0.0167604718075025 0.0989228865122086
-0.208128596508014 -0.240552244824645 0.283400122755746 0.0734356411168118
-0.219815703030991 -0.0685688189921772 0.11177695016027 -0.26627946372191
-0.193445644674635 -0.009754478922023 -0.183890029421355 -0.203997650388044
-0.234252026063952 0.0492143020677898 -0.234220677342617 0.0257883819270766
-0.220843731540485 0.167741946380179 -0.143217907162984 0.127179778532505
-0.157222044147125 0.250310889028711 -0.0651691425966903 0.114988593548945
-0.147191517612179 0.264497425447264 -0.0175018111436468 0.105124709799163
-0.140023284637123 0.270726772599691 0.0126674162997353 0.0835554470591319
-0.216079761587846 0.26618858395805 0.0691818127338937 0.0517791724567215
-0.282807223055041 0.159709453572822 0.113118072179964 0.0512452041146043
-0.313258830716811 0.079482974635974 0.11566534170488 0.141772775486676
-0.337043956003713 -0.0330124230599399 0.0079754050313332 0.185748884469616
-0.315769952268436 -0.238276067068566 -0.0710924703582066 0.174392013204875
-0.240860798314742 -0.379239784088721 0.0166728626273864 0.16624128639376
-0.122461185231905 -0.262363229109994 0.0507688494787839 0.184598558759894
-0.180987495670379 -0.125369268922168 0.267198436002538 0.0524778434393646
-0.124835601583433 0.0125725901528246 0.057978640619071 -0.21891980581251
-0.0729911307662086 -0.00703347730036705 -0.173043335078142 -0.152303562782893
-0.144112719601371 0.00778389741532345 -0.229189355048721 0.0451515754452326
-0.161548631141781 0.111516671987152 -0.170217644455496 0.161999877507112
-0.130583491280587 0.189116466985193 -0.110707240083021 0.189258740049595
-0.131736471067999 0.208942174590991 -0.0605936929321582 0.20746981626336
-0.136995452030598 0.217956082239802 -0.0327779737582612 0.188704558602752
-0.199426477141925 0.199518229991414 0.0063988454021562 0.144014258027321
-0.235193941523798 0.094870808675272 0.041930271845208 0.116605559665215
-0.230364531594232 0.0377173180958267 0.0669183521134693 0.171430555901307
-0.269421515287209 -0.0125402385844531 -0.00899564572282346 0.203032304630367
-0.288821769693042 -0.195395576999335 -0.0557213005483517 0.194237492344467
-0.221550747783409 -0.339266855880159 0.0649738302068136 0.257846694687855
-0.109528586091205 -0.15845523751132 0.0802610080561268 0.2330256998334
-0.135718103392732 -0.0174673883382776 0.234392461691118 0.0208548685225145
-0.0358948780581043 0.060544313720162 0.0183695649997022 -0.169743333022642
0.01547210550989 -0.0154858909114964 -0.145766496345552 -0.113410972002343
-0.0673111123065443 -0.0262942264434497 -0.212969152148476 0.0492898946403052
-0.0967881842560694 0.0518163246250029 -0.182745396980758 0.174932585088853
-0.0905597667542409 0.107558967360049 -0.139266534541224 0.240437741681907
-0.0969414210117269 0.120551757204956 -0.0928075402545206 0.279218184458764
-0.107579671374518 0.122113682911006 -0.0771175544305668 0.263570891343512
-0.136259962297701 0.0930910562053664 -0.0583497811211269 0.205654786653798
-0.127225856732746 0.0160317429923468 -0.0266298742818343 0.154468324879011
-0.0915081738677955 0.0101385212454755 0.0208005144260088 0.184800802941081
-0.158955435299887 0.0290460828117997 -0.0311091689841259 0.215600698096336
-0.21417871424065 -0.116507260026359 -0.0645235288863646 0.201621219374582
-0.161568631133491 -0.236928291869664 0.0933541793428601 0.318952755854257
0.0719200941017548 0.0582401728928011 -0.140480662147195 -0.330925598410275
0.11224578261565 -0.0352572122297769 0.0533337087489326 -0.179957223294256
0.00875451733762445 -0.0953742385627012 0.0691133973668359 -0.250182409660818
-0.0837333589900595 -0.0176865193723082 -0.028650633320212 -0.174844740868266
-0.0209590306359899 0.0446305027949866 0.0437293112949467 -0.124225306685192
0.0195170953516529 0.0146841513680962 0.112115548141282 -0.195007836516848
0.0326092531764896 -0.00729252497535308 0.129531244504103 -0.290959358179382
0.0412897425742123 -0.00465862720897092 0.116078081708227 -0.31815697555945
0.0441960006271113 -0.00124513432396441 0.140737265635059 -0.280635005152582
0.0365162492242363 0.019096683197801 0.176562878022488 -0.19329809780806
0.0059791533932007 0.0490315158990311 0.198979714792685 -0.0754370922982428
-0.0766443868722944 0.0375271802258954 0.144676759925711 0.063765014600273
-0.0489710827442473 -0.0736230426964859 0.0181265401183372 0.125134461749096
0.0741981967188152 -0.0699947070741155 -0.14464602577991 0.0560992965336743
0.0922572094142025 0.0301236329353677 -0.0969982803377366 -0.230774163943122
-0.000955973288376967 -0.0983125757425119 -0.133342050890381 -0.327456944799739
-0.00231567093556932 -0.160519379613392 0.0954441313866352 -0.135137350363396
-0.119348009350362 -0.159800037170322 0.108479144351382 -0.277110771700269
-0.225272179300167 -0.038240646027406 -0.0481055598950299 -0.197288190086174
-0.168905269155976 0.0861089369618849 0.01848355303695 -0.106045066093298
-0.0950327494071278 0.116931404508893 0.105437301494846 -0.156661458770542
-0.0351416586907134 0.116320792961637 0.133776056809972 -0.258159524375886
-0.0149654154401561 0.106609635907812 0.120423173667588 -0.297005455128105
-0.00697047609928725 0.0915246696918572 0.13602300969982 -0.268661716452614
-0.032274222180971 0.0871758337313601 0.1778728731769 -0.194575529575019
-0.0672979498874398 0.0722902045166924 0.206177542405101 -0.0823628422479307
-0.134243994798102 0.0449690374734673 0.145779702772767 0.0618782640479275
-0.116578182443476 -0.0795826425670518 0.0153530008998792 0.116239699809484
0.000410114511598634 -0.142768775230581 -0.132348317258674 0.0736790984815046
0.0292481155997097 -0.0995065396575907 -0.108277750979384 -0.188154437351314
-0.0568537777297579 -0.242856975338721 -0.104801196314646 -0.26226793246122
-0.107402029176002 -0.277676653498601 0.157019219511646 -0.0672933938541421
-0.230711371714763 -0.20849679647265 0.14704070425777 -0.301421129128248
-0.332194017431815 -0.0544300033576658 -0.0860401767679613 -0.230542003220948
-0.290014684078491 0.106876008910419 -0.049141729621108 -0.0795373032422777
-0.196714928776197 0.191708969428999 0.0557662140206798 -0.0906024429218174
-0.101263060643051 0.216257789748401 0.104697895815328 -0.183613159589989
-0.0690246040681949 0.202163985118914 0.103124902415258 -0.230859667407122
-0.0538748120781782 0.178771962732006 0.117064117412519 -0.221054659941862
-0.0978867542755949 0.16409882807338 0.170049339423214 -0.177811050665172
-0.147854252902786 0.112163521856475 0.211141989681481 -0.0861489102550437
-0.206752201787592 0.0645507588753269 0.158639771756133 0.0642853048717637
-0.199370578833035 -0.0761450364242508 0.0158365884010741 0.125078570680462
-0.0963804038299974 -0.201335711695005 -0.128608784289555 0.0957544902043366
-0.0557841251495879 -0.216841409007517 -0.106888767250587 -0.121503601228927
-0.0912079690106137 -0.343905728565505 -0.0643373470884396 -0.148737127025929
-0.183210833225963 -0.345160779371429 0.224483248851616 0.00514907514417423
-0.299140161654631 -0.21190831631565 0.167406966767973 -0.316585932525874
-0.370296587522564 -0.0487044554120316 -0.133803229815498 -0.253922114177892
-0.346953873673463 0.110265336723551 -0.136837884759474 -0.0463988814076203
-0.258825236650601 0.227369227693285 -0.0189235700668488 -0.00884995794924629
-0.147038169880531 0.277621820141821 0.0528623715408862 -0.083674799445706
-0.112217541266316 0.267545191630604 0.0703904406567687 -0.131587316990617
-0.0937124193367673 0.249708735935104 0.0896342292148132 -0.140736766320585
-0.156388182578159 0.239234661493505 0.151396156921696 -0.131963856409451
-0.226298008453882 0.161777514838721 0.20348666111021 -0.0708681262274981
-0.285028841316843 0.0922200818687963 0.167467184499252 0.0767493044737203
-0.288647607582691 -0.0642644107732473 0.0202885574108701 0.146062943925441
-0.203549398052013 -0.241180273390817 -0.120290505598669 0.12453813351129
-0.1473179301255 -0.31123220271206 -0.0836698262356174 -0.0356112124820945
-0.112136563865045 -0.378848734054352 -0.0216942148305577 -0.0158582794633261
-0.218201975035208 -0.332486628181256 0.276620067046734 0.0563879143148947
-0.293777565001822 -0.159239720477894 0.154614867142829 -0.310811641283986
-0.318109098591593 -0.0280421966617619 -0.175905540432525 -0.246239371869149
-0.324354352815875 0.0920165578173944 -0.209022116926315 -0.00595005560407308
-0.265550132212226 0.219795876973768 -0.09406768722088 0.0710788135947295
-0.166450867909152 0.292131623721847 -0.0103190250242053 0.0224921138481858
-0.14116537265436 0.294629919038697 0.0277381251746424 -0.0133710178805017
-0.125449855172241 0.289023637071635 0.0545170756392578 -0.0330289947661868
-0.201844367093101 0.286653688295793 0.119409795967511 -0.0515679892892109
-0.283451888572096 0.189677687852242 0.173170775792152 -0.0231418906354801
-0.33597588792865 0.106622963448196 0.158893593577259 0.104953393389692
-0.350044777454888 -0.0479687804797713 0.0215568061048514 0.172634138508715
-0.290675679635892 -0.25706223436795 -0.100211046044614 0.156104739762632
-0.2191657113528 -0.373534065138024 -0.0395821776686941 0.0647745093850927
-0.126536669253126 -0.347686814570722 0.0172636695466573 0.104714809082138
-0.216383087535669 -0.245704509010348 0.294980741821715 0.0689916271434357
-0.22291374888508 -0.0698157274036243 0.108971860445078 -0.279118997256885
-0.200066530600197 -0.0116278880433377 -0.19429798013975 -0.206559755707814
-0.244972113900379 0.0538324000935057 -0.241406589917151 0.0279890459168405
-0.227079554969887 0.17886516754072 -0.147200681813569 0.132413412581503
-0.159041180016664 0.262689035274662 -0.068605168765017 0.119452615698631
-0.148204101795996 0.279909019848241 -0.0192813703013734 0.107338102229625
-0.143342973676056 0.285102197201093 0.0134951508299644 0.08628042496887
-0.221481751783109 0.279809244981703 0.071151379864647 0.0507385328974677
-0.295248959222554 0.169609624529391 0.118808032594125 0.0502185423294247
-0.32639774008022 0.0847503460648376 0.125904299394535 0.142874631784708
-0.349070910546893 -0.0333581494285739 0.0129312148099883 0.197034190361091
-0.328372270410165 -0.246222934868261 -0.0733840663917276 0.185348094852781
-0.252703304895089 -0.388754749345317 0.016122243412982 0.170315546400828
-0.129676416191165 -0.265818997479036 0.0532855359715766 0.192293207468905
-0.186510766088656 -0.125171087863752 0.27650457419111 0.0479663125482694
-0.124138569322543 0.0140569931706074 0.0529606222145105 -0.228499752493379
-0.0761668011415598 -0.010129131723595 -0.183395719671714 -0.153749056197873
-0.151984407258797 0.010058047259597 -0.236497985308269 0.0492088981171225
-0.165059486999284 0.120012933808113 -0.175138522716422 0.168985841798253
-0.130452424631889 0.200765690023498 -0.114541214858652 0.197766115058243
-0.133042065593915 0.221777842426845 -0.0617901930402024 0.213987361845927
-0.139742226720738 0.229825333612363 -0.0331269257416675 0.195940435670571
-0.204269376466752 0.211672129092836 0.00768641005359091 0.148051508616099
-0.246265774776293 0.102020636203369 0.0457142492938961 0.119534959470697
-0.24081056920475 0.0398721018010124 0.0741079555677171 0.174384840428684
-0.276855579809593 -0.0128340916369799 -0.00557430243571634 0.21420398585974
-0.299208459544827 -0.20082140052432 -0.0580893757853651 0.206093736813
-0.23206985646861 -0.345565569439109 0.0670273699518778 0.264326921369143
-0.115959958226243 -0.158010453433117 0.0854675940718845 0.240501484839381
-0.137995600723611 -0.0148999726507731 0.241061446370914 0.0159395996780351
-0.0331253418733668 0.0613193518061168 0.0135276272944804 -0.177030215589226
0.0149687855743669 -0.0186859679194353 -0.155578424722413 -0.114425241320567
-0.0724186249128277 -0.025222709590841 -0.219550024057929 0.054350434860265
-0.0985033827379295 0.0569974428931112 -0.1874969643772 0.183787227717656
-0.0889168740374073 0.114695323739047 -0.14211347403973 0.251712801698004
-0.0965603267642987 0.129762146352506 -0.0932900395819959 0.288787247725782
-0.108727185893369 0.131238719490417 -0.0763724614794943 0.273386275714473
-0.139996629335538 0.100559096218541 -0.0588025199218465 0.214186879235752
-0.134616126340814 0.0188970016828004 -0.0259699591870718 0.160349111278203
-0.0966474893594009 0.00870661558738143 0.0244876179483383 0.1888109329499
-0.161342175654591 0.0304834816669456 -0.0301137398449687 0.225943050330781
-0.221958364224013 -0.118953671390474 -0.0674647773033823 0.213681340023571
-0.170679420873938 -0.241199141698267 0.097146590310013 0.327694490662722
0.0781617667660231 0.0550021374616303 -0.154521262769065 -0.334366781410151
0.112291191176177 -0.0442163715887501 0.0495887746879392 -0.193550678779858
0.00307018260176147 -0.0976780594266116 0.0597280099341473 -0.263713103045467
-0.0854857002419551 -0.0119049553232042 -0.0364912677266215 -0.176780261154739
-0.0178607769772233 0.0456538153556787 0.0419793550605515 -0.129023434296988
0.020431588200963 0.0125159060435035 0.107385893945736 -0.20703408984079
0.0323197899624077 -0.0100598282333411 0.119561675674553 -0.306438041242311
0.0409386929818296 -0.00937790357518948 0.104085836659381 -0.334144225903414
0.044181414459753 -0.00513481137728372 0.132355975945565 -0.29661777021085
0.0385672524148787 0.0170941216365736 0.173681987829579 -0.208340202127976
0.00915872003980433 0.0485698904631746 0.203140060130607 -0.0878187423867498
-0.0748831854995627 0.0435257613826031 0.154347600080477 0.0563694955927504
-0.0550142977104193 -0.0719661943764951 0.0275995408961151 0.128817679530521
0.0707522552496101 -0.0769423566202747 -0.143598700952592 0.0667005801335259
0.0971625805659581 0.0241124650199394 -0.112993686974813 -0.233024190415281
-0.00362709778229984 -0.102043729390681 -0.147882430281252 -0.330551073720727
-0.00963633545842817 -0.169205764655676 0.0960428605055813 -0.148707015230704
-0.129100336996829 -0.159963525927836 0.0964754718680385 -0.294240095242858
-0.233625996185255 -0.0287337408561134 -0.0579119034985406 -0.198844383145345
-0.170132136620739 0.0953073973334981 0.0172058668328479 -0.108492962156333
-0.0933402753909528 0.124498608639368 0.103740448478193 -0.168920274978738
-0.0338742441870688 0.120990437967784 0.125435494670468 -0.274311799287102
-0.0116238982126875 0.108533578957261 0.109056229082206 -0.313914168086311
-0.00348443521517663 0.0937136455454957 0.127484585956621 -0.283261560817664
-0.0308427433697885 0.0903024705418885 0.175043502797193 -0.210646531351164
-0.0667017002669672 0.0763970483415684 0.209430718001016 -0.096292714724117
-0.134719442160506 0.054572712370226 0.156179919934785 0.0547773956451366
-0.123331361140954 -0.0764862117409192 0.024614285271958 0.121098923969049
-0.00786934024277656 -0.149041472160719 -0.129356531650041 0.0832087898802349
0.0279203146722399 -0.106110604882737 -0.122386888382921 -0.188905856539559
-0.0660070983263897 -0.248847692546564 -0.115880021761381 -0.263522434392475
-0.122606771763708 -0.285632538392571 0.162268882339561 -0.0834634683816636
-0.245670329407715 -0.206296003568389 0.136069707585787 -0.321675611545927
-0.346274963968949 -0.0418157284004558 -0.0977488356135208 -0.230471471745719
-0.296497620955619 0.122386426819859 -0.0522435642843499 -0.0807651957201767
-0.196321143935487 0.207234086022728 0.0541150440662808 -0.0991356604423252
-0.0945913625696756 0.227619469336484 0.0983078387635861 -0.195765444843209
-0.0634604164386753 0.210623159163526 0.0935474686060165 -0.244898992759961
-0.0491840149622786 0.18661242034161 0.11121104329609 -0.233905023369243
-0.0942944176558193 0.173573756779037 0.167578279007363 -0.193889947539115
-0.149037373345326 0.121463175879749 0.216665851774168 -0.101454575370978
-0.207994591191699 0.0767509824467534 0.170911048803309 0.0562106908838783
-0.208513214819101 -0.0702680222069028 0.0258199946785146 0.131153280890624
-0.108445682195173 -0.205420998328472 -0.126591065812275 0.107289425991041
-0.0643819823066639 -0.221660974519858 -0.117282105573423 -0.121871429089573
-0.106713958068923 -0.350511279863977 -0.0705927865333753 -0.147762017046131
-0.203815989806851 -0.350373303706687 0.233712669557747 -0.00965841282701674
-0.314227343369733 -0.208421470498242 0.155734782517825 -0.337114316608642
-0.385860144549008 -0.0371319222922356 -0.148405263003856 -0.251870012863967
-0.35659502548411 0.128246730225826 -0.141857242800457 -0.043063143503071
-0.258765953917283 0.24695672779654 -0.0204227034537946 -0.0101841457228191
-0.140089982182628 0.294078201906383 0.0487359673563132 -0.0904302197112713
-0.105656019014515 0.281436637210714 0.063983636524704 -0.140530272830827
-0.0879845183452167 0.262828094925947 0.0860317867559205 -0.149381462467328
-0.152991447901908 0.255124108234772 0.150804623894965 -0.145632970868658
-0.22992556881542 0.177439509848163 0.207953711070164 -0.0858403791552495
-0.290764895326844 0.107054530923149 0.180802174783228 0.0684908261198083
-0.300044054256052 -0.0547253320150945 0.0314636670434043 0.153695532529041
-0.21980832075778 -0.242851717644586 -0.117839718590967 0.137215734733406
-0.161611379453816 -0.315193118013938 -0.0898701961510528 -0.0343717128058092
-0.131521411231025 -0.383772275051176 -0.0226011673004048 -0.0125869212514789
-0.239165921763571 -0.333385637719799 0.289343490825069 0.0406847410453397
-0.305321040186581 -0.153757828244487 0.140565912903273 -0.329329702597453
-0.33061045501395 -0.0183351128315838 -0.192705268275249 -0.24392533543424
-0.333759983380981 0.109000036035555 -0.214428618248764 0.000915282149926642
-0.266230061351756 0.239994140850947 -0.0940321773302467 0.0752704414380483
-0.159080582011409 0.309815091146392 -0.0124565928424065 0.0223941849475111
-0.131917409769207 0.313291829323998 0.0250774213460638 -0.0170222126945053
-0.119083583314688 0.304982810057103 0.0540490051610292 -0.0369607842049749
-0.196514380364362 0.30669992384499 0.120895067354297 -0.061898585144434
-0.288224009902728 0.209127484349443 0.179957113809085 -0.03412515906493
-0.344400461542348 0.123166670024279 0.173166575150537 0.0977207665459558
-0.36256266444846 -0.036960753580191 0.0343502575721123 0.181227172252849
-0.309408271097297 -0.256156360043416 -0.0969851596243545 0.168960308183347
-0.240158762373671 -0.374179708336995 -0.0410002910342832 0.0668143549823614
-0.144841174390214 -0.348871982063174 0.0225200418693771 0.109570958205559
-0.229914966091326 -0.243117652250643 0.307183055603832 0.0534322104521402
-0.227564121389029 -0.0635494110622003 0.095892276643768 -0.294428129444427
-0.208034769739886 -0.00625161974153241 -0.210894707842169 -0.202050033646196
-0.253326190596194 0.0666031045736798 -0.247005621077322 0.0384204313923398
-0.226516211791395 0.196063254090999 -0.146337756508336 0.142011409683766
-0.151207346207201 0.280814494497298 -0.0682367091553879 0.125769005608851
-0.139209520494397 0.298448632939019 -0.0176941926194866 0.109921353752078
-0.135840171789312 0.303203053394586 0.0162385262424681 0.0877190170398492
-0.216363315412026 0.301122134893869 0.074856602164043 0.0470014385536637
-0.301818565913204 0.190586079032646 0.12582044455347 0.0440469643407115
-0.336033540901821 0.0999078329804826 0.139356277070624 0.139458555847999
-0.36032620416609 -0.0219408783478037 0.0256028880167066 0.206401583537702
-0.347274618873464 -0.242500019144539 -0.0700142713024936 0.198308692901999
-0.273094055215209 -0.388232276142878 0.0208168668435781 0.171735883389653
-0.144601838888465 -0.263858360157224 0.0622467953067409 0.19760025174354
-0.194092792964903 -0.119306989087969 0.285642276050167 0.0336650569262853
-0.122062866070113 0.0183721186437079 0.0405858066683792 -0.239441356443367
-0.0797965072924711 -0.0100276633375393 -0.198034119826464 -0.14738830084094
-0.159505507974999 0.0186759206649748 -0.241503111818282 0.0595257080779303
-0.164338348250987 0.133390139618285 -0.173578462568572 0.181681466132984
-0.122720338750381 0.213896728033051 -0.111236358992314 0.210294368520047
-0.125373665204078 0.238771436849473 -0.056238169015865 0.223115454691472
-0.135000386618974 0.247079877655536 -0.0262417625441297 0.203407888038345
-0.202523347236173 0.230214917635389 0.0134831051325245 0.151836430725044
-0.25395574439817 0.117844361028679 0.0524912576812917 0.119620156916288
-0.249387877379131 0.0492163216837196 0.0855348994453042 0.17448188290828
-0.284317091697892 -0.00356859402418946 0.00511399738365588 0.224247259838195
-0.317091891105194 -0.196278919039448 -0.0535155494022017 0.219993529115815
-0.252456588803381 -0.34349240596994 0.0767933113426636 0.266782937150681
-0.127301839818144 -0.152996832181451 0.0965527811755852 0.245172259603097
-0.139389334870489 -0.00593146146407661 0.247059941449191 0.00344277360860214
-0.0274749371781328 0.0634312570013432 0.00164587747176906 -0.183075202707885
0.0135954097550167 -0.0227616647459088 -0.16722884194198 -0.109418578560594
-0.0783529195996961 -0.0208666842716292 -0.223844933043887 0.0659494117617976
-0.0970802131095072 0.0660175750021353 -0.185486460812133 0.199161270570034
-0.0846210523629895 0.12475834972586 -0.135844934202285 0.266099020882413
-0.0911298660192288 0.140972055851948 -0.0852770732517396 0.30131961655551
-0.106160442696264 0.14386906214924 -0.0675332726765279 0.286157421000021
-0.138943589513388 0.111729293188061 -0.0520907359900926 0.223567900985312
-0.142353012454378 0.0270525442703664 -0.0203737356863557 0.166264969143355
-0.101334859502337 0.0116119121497034 0.0333123191730602 0.191071749982742
-0.161557111359411 0.0360352256327489 -0.019757186486824 0.23630235006696
-0.233072906364701 -0.112563850729481 -0.0619210262713269 0.228359911035759
-0.185975388451825 -0.237937249279799 0.110429261078603 0.331346027429545
0.0464364480475976 0.0887700044694321 0.0130505599982204 -0.374839599746465
0.119323202783883 0.00586843426316453 0.130087913714752 -0.158942649833704
0.0409174717982085 -0.0865727866134084 0.167868377642934 -0.21439993496931
-0.0735613062715854 -0.0424410129094014 0.0435734937230229 -0.173212854048176
-0.0359797136463966 0.0336935013797097 0.0983811074325823 -0.0952835104384346
0.0120675642291475 0.0173221402236077 0.192029594343382 -0.140375672569635
0.0323872719773741 -0.000564658236150471 0.243113338869354 -0.227119229725553
0.0424872581856823 0.00531101765857945 0.236799023162082 -0.25720286096679
0.0418799518679884 0.00956449244273436 0.246132175545763 -0.211808099612857
0.0279748622987084 0.0276935677757473 0.247211159310897 -0.114013263452849
-0.0111000879168146 0.0465194005292493 0.222989297342689 0.00677366626908604
-0.0830558361146633 0.00885855071224964 0.114445928067698 0.118739015728199
-0.0185360687571766 -0.0878446510830836 -0.0280936524395036 0.130201093521392
0.0944731923891553 -0.0411375751579793 -0.157586912929276 0.00097719578359838
0.0783138858248615 0.062106103794765 0.00466667953018099 -0.264521557110866
0.0418165455479142 -0.0915576905004149 0.0129759217965152 -0.366618317101755
0.0635632655046532 -0.164043874469892 0.154703828175821 -0.0937039509457335
-0.0535999382526837 -0.202911227626094 0.216257257040321 -0.220805325199887
-0.201172250523601 -0.123546358879591 0.034253125401193 -0.196019736005039
-0.196183477605338 0.0103478903592855 0.069366181013571 -0.0812423663815467
-0.141788316464257 0.070625459031869 0.175100571271302 -0.106211392262835
-0.0855003928419931 0.0931621272391798 0.235355137919005 -0.19494228648421
-0.0611609189118189 0.0915392169469792 0.231851046706336 -0.235645172575156
-0.0468195214138251 0.078535825664452 0.235822686264031 -0.202703051054709
-0.0660511416767908 0.0663653526824141 0.24622609210644 -0.117535267596845
-0.0929107806739022 0.0394457410734791 0.231564233497903 0.0011786919891533
-0.140260695804072 -0.00802275858981014 0.115760197634574 0.116852231253581
-0.0766969940787743 -0.122242683753841 -0.0291882423601055 0.121474081303617
0.0564576120958133 -0.138939994743631 -0.151402649919055 0.0217668297724816
0.0719529186316641 -0.0863743166693206 -0.0218672506177157 -0.228380751212804
0.0507761036695479 -0.253038581451312 0.00676038019776394 -0.288870794655461
0.0117801367751856 -0.318580115145185 0.187135816019129 0.00225162825420841
-0.137253611646192 -0.298427424501247 0.263728236380538 -0.223246008910331
-0.29616197905237 -0.186636816731865 0.00968987068346583 -0.239177836492955
-0.323175919158361 -0.0208344298417194 -0.00507589141739824 -0.0795649765313812
-0.272247499783877 0.100450772310858 0.103006802703535 -0.0613839941849649
-0.189346956958926 0.164662756717929 0.17851653385642 -0.13412448621494
-0.153165593527192 0.165083369304704 0.189170749334964 -0.179049867938661
-0.127621930705349 0.14547606232218 0.201277559307685 -0.16552080777852
-0.161726134790645 0.115985237342875 0.232246610471135 -0.106514936700108
-0.189946794992414 0.0460395864112231 0.237311248338865 -0.0028164368373881
-0.217893748410046 -0.021154299417058 0.126834000709734 0.123909197246283
-0.157025411610023 -0.155832772543228 -0.0326185929661887 0.129207082547433
-0.0105826105919289 -0.235427372037916 -0.15746205124368 0.0430847645167294
0.0400073227243987 -0.230817806468547 -0.0467259506484756 -0.165131978771374
0.0594012314066781 -0.365032676514393 -0.00781718662979803 -0.160234881215816
-0.0330176470212165 -0.415134693912172 0.221005433494671 0.102227233773017
-0.198412912354248 -0.330867103909495 0.288454621039198 -0.228758235717727
-0.33510614638103 -0.200287925519331 -0.0282041835260196 -0.282719916449917
-0.380331057948751 -0.040843840021876 -0.104024795040733 -0.0815976929105746
-0.346467725427312 0.111777423629105 -0.00318581955075858 -0.0144657139747166
-0.258334611058151 0.206418822338448 0.0867118497562147 -0.0594032699741217
-0.223179962933063 0.212610037730194 0.117645418181814 -0.0999556363193183
-0.196113479641641 0.199593760602331 0.14080719616143 -0.100097227267978
-0.249960097971486 0.166739638815602 0.195675762199137 -0.0712055861771864
-0.288255237984943 0.0619970514164307 0.219985035408893 0.00663915370177718
-0.304968731569244 -0.0281920703653322 0.129450074452499 0.137476031165745
-0.245387132504378 -0.182528438934228 -0.038719991461756 0.151343934779375
-0.0938862888952966 -0.316941188928548 -0.163446869657394 0.0715076823676593
-0.00737930361835964 -0.356705324930589 -0.0620722803614611 -0.073669889539118
0.0518540699040532 -0.404744307916412 -0.0260489899026344 -0.0146463570973348
-0.0719415598335762 -0.412902508580201 0.250344607515528 0.174790993480059
-0.211793546194246 -0.274639449712599 0.272734619828429 -0.229240258158145
-0.290854119273747 -0.159285667513282 -0.0734504585929543 -0.295218678562447
-0.351822890938708 -0.0487295000840052 -0.192534730260045 -0.0759789952556849
-0.348438249902179 0.104175196385831 -0.110999449163593 0.0306424528852361
-0.282237654192329 0.216790179226468 -0.0200198600240494 0.0162353889942016
-0.262999594297687 0.231404369396203 0.028299299307224 -0.00422727289206033
-0.241977120865982 0.227843308326554 0.0628213285573806 -0.0120036837516486
-0.311246580309989 0.196895300985955 0.130615403824201 -0.008772037475476
-0.358825155930103 0.0676447926279547 0.169761624115923 0.0388701435156726
-0.361335938474381 -0.0387092880107448 0.107854952281635 0.158715276864702
-0.310348596853851 -0.195650486787809 -0.0508034434386685 0.176593791602618
-0.169850223064136 -0.368154791615006 -0.158941239320805 0.108440386297351
-0.0514294885192811 -0.444239691765432 -0.0649351307835814 0.0387730485039361
0.0253350494326262 -0.381832369098334 -0.03937346733369 0.116314935044403
-0.106525831822683 -0.324780086303175 0.259471360203541 0.191065194118823
-0.178229328762503 -0.155960017446361 0.217081186107447 -0.219437392064899
-0.183228826449115 -0.0971370292554772 -0.107924869977899 -0.269410445464226
-0.260565786452578 -0.0495327643306425 -0.239482282810328 -0.0607237624764081
-0.293027724092012 0.0822170025678232 -0.189812437475978 0.0670270072012399
-0.260347711936589 0.194058100739902 -0.117332154482439 0.0853820285428592
-0.261345767244881 0.216572112284884 -0.0651550306511016 0.0930448160028848
-0.257336918396664 0.220346751373861 -0.0251778152501359 0.0853611955733911
-0.327401236673021 0.184105907380286 0.0415311046241698 0.0704590221762173
-0.363017445412087 0.0438718427377229 0.0878003886618577 0.0869992042161007
-0.345683531209175 -0.0555094657541277 0.0585763714042256 0.180195016127249
-0.313076139075215 -0.18086501719206 -0.0711788804368661 0.195005380766001
-0.208192868381006 -0.370076361196634 -0.148743753415154 0.146812809741583
-0.078180772214084 -0.467997979395166 -0.0587034538251016 0.163369502607083
-0.0142681132220836 -0.303470821341515 -0.0395057252145335 0.213277616975065
-0.126683198422858 -0.194284226951878 0.249608490866875 0.15998650129609
-0.117464668408479 -0.034729797901467 0.14115710334127 -0.197721153321776
-0.0667573770012129 -0.0446910138265761 -0.11908620297839 -0.217565288707137
-0.152654235976609 -0.051090476068412 -0.246451104410428 -0.0443666363948188
-0.206780167048508 0.0544376103437167 -0.234444708698602 0.0899044545666721
-0.206034923298177 0.14795923563573 -0.193305792145679 0.142697955358179
-0.22088832679355 0.169302271665972 -0.147380971494313 0.177849727544057
-0.22973697974066 0.170920170305432 -0.112618900067137 0.171125958732869
-0.283447928505134 0.128238677572779 -0.0576844729170689 0.139911854118649
-0.288167631247341 -0.000290021564570704 -0.0106337786648699 0.125346152319992
-0.247084070105923 -0.0640679073812793 -0.00380411893028039 0.189810182951098
-0.253796349995827 -0.130778705658526 -0.0981295205293776 0.203906015665413
-0.201932825543002 -0.314232806054242 -0.145087126228046 0.175126409468288
-0.0807909328436569 -0.418534245842843 -0.0527033271730077 0.275998107457265
-0.0482851611646142 -0.196492598574049 -0.0255783957153657 0.270913033673787
-0.125284206532903 -0.0651015541237801 0.226842085822514 0.110277882251123
-0.0511531701555277 0.0484728036190187 0.0799390506244095 -0.167012743583774
0.0216924460750779 -0.0152113600309323 -0.110798315306829 -0.172645716318257
-0.0625031068340272 -0.0510777833996588 -0.233888678694133 -0.03439272805921
-0.115288554067876 0.0209426590040553 -0.25519484420335 0.0996361899268635
-0.129551586875849 0.0823371174291316 -0.240435947757994 0.182637753080306
-0.146475876120765 0.0952099167769156 -0.207695762893649 0.237468284529731
-0.157881052049249 0.0907845871194052 -0.18460450354829 0.228810367122992
-0.175549171748619 0.0477111829376595 -0.145358569668995 0.177358598843724
-0.144266205544238 -0.035224978126245 -0.0934849410392879 0.1387416221322
-0.0961939753251926 -0.0344903817477655 -0.0558742566803491 0.184581251217203
-0.160444733144909 -0.0375557691159819 -0.127935742754043 0.204437620175526
-0.162390837867435 -0.200809349835185 -0.161235203572275 0.179782498295391
-0.0663219974483641 -0.292842996709445 -0.0550135684852794 0.350299512384003
0.051666398358141 0.0836651119825465 -0.00368335092285219 -0.367974563634866
0.116832587468749 -0.00427289211463369 0.12279584765042 -0.167789115227308
0.0333723240166997 -0.0867599180567868 0.152350523436398 -0.223319993405393
-0.0737380107601766 -0.0349483226553821 0.0340273215219984 -0.170966116656166
-0.0299647763238273 0.0348393717652108 0.094137405012491 -0.0983997581776787
0.0125436203087901 0.0150995108648923 0.183353314180399 -0.149274895954735
0.0311265209298726 -0.00447087593309491 0.225772064834728 -0.238266794064834
0.04070970349874 -0.000320862724620448 0.218414619698528 -0.265590914143296
0.0415883804375569 0.00544214113480089 0.231535700608279 -0.221725460140245
0.0295349212988618 0.0232299259529702 0.237756298975526 -0.12740320841754
-0.00657511010919972 0.0451105484770675 0.221973329262712 -0.00721198220729272
-0.0789784154091041 0.0153896039436077 0.120781964363266 0.109083173599657
-0.0248774167295143 -0.08448123938442 -0.0180703644523918 0.131152243926423
0.0894326911245963 -0.047802308382223 -0.151995249949393 0.0115464045583007
0.0828237857560968 0.0530665534809882 -0.0126058468461207 -0.259723328304417
0.0390791338812545 -0.0925910630214831 -0.00465513972512588 -0.357737990590249
0.0532426951650952 -0.168229739828279 0.15140699812812 -0.106512940841455
-0.0630785824373707 -0.198871846860442 0.199099206919566 -0.231660454246201
-0.204819571199444 -0.10981702691605 0.0214949708687999 -0.192417570752605
-0.193023117322683 0.0207002583511208 0.0658940463028172 -0.0836628895044791
-0.135701741992561 0.0757917380871634 0.16790835902102 -0.114917156681392
-0.0794618125211037 0.0943488834498665 0.220790536891359 -0.206370680266156
-0.0558423615742623 0.0914616892794436 0.213438831037576 -0.246401838446773
-0.0421810564971661 0.0791187942617679 0.222952967772049 -0.212421293119304
-0.0616411291766995 0.0671402508117245 0.238256260337988 -0.130522798699733
-0.0901568773879048 0.0432809378194885 0.230166106102881 -0.013921444591154
-0.135462148108559 0.00118574701684999 0.124114492666352 0.107329469516661
-0.0834420545574723 -0.114560210816759 -0.018206433500141 0.123028821936565
0.047239464047512 -0.142510627622269 -0.144815033930662 0.0325449107025378
0.0678714582629096 -0.0906117162893282 -0.0360703884057579 -0.223587144009428
0.0381917036196718 -0.250816595835009 -0.00645608594708182 -0.281103058534465
-0.00498640999842012 -0.318763959372337 0.188627738652224 -0.0133667010741884
-0.149484658833274 -0.288453763772046 0.245253321084332 -0.239371270341267
-0.303095117222584 -0.168291193895615 -0.00474106485451742 -0.232552289133383
-0.321441612683833 -0.00351359317057702 -0.00788239179699962 -0.077852836602043
-0.262931980121952 0.114642674839756 0.0988646073959191 -0.0685994884452483
-0.178439526586027 0.172472775994791 0.167324614280461 -0.144318725095534
-0.143086783003285 0.170066673782426 0.174653283262114 -0.188735349876353
-0.120273886360437 0.14992213953823 0.188380968679944 -0.175448518809282
-0.153127442018196 0.122156291488281 0.224216736752391 -0.120955176973214
-0.185622502764987 0.0543090513469122 0.234717294806071 -0.019697404545162
-0.213738142022115 -0.00841186323163973 0.136933766028554 0.112434276109245
-0.162789090809755 -0.144580409537562 -0.0207322382912743 0.134491474679637
-0.0231627743344965 -0.232888427543806 -0.150501239412125 0.0523128838681113
0.0285721205482149 -0.22951512143309 -0.0566871088975411 -0.161544499418747
0.0397827030114006 -0.360568270072351 -0.0152955316499291 -0.153748782905524
-0.0534912337441157 -0.409393051318297 0.227076802837831 0.0847885915792142
-0.207813211612845 -0.315910011791456 0.269805498671231 -0.245698379911871
-0.341984614212237 -0.18168612295462 -0.0433118552585147 -0.272941703252829
-0.380565127709122 -0.0211826262026558 -0.104955908588306 -0.0757356879973257
-0.336317883549071 0.130940852014558 -0.00403448435601485 -0.0156866557165737
-0.245416038805696 0.218743070688606 0.0805866826033797 -0.0660841636973097
-0.2094295590209 0.223763961459687 0.108180585490857 -0.106685020974521
-0.185219610415008 0.208456616194277 0.133362837769447 -0.106172105959868
-0.236992257299792 0.177818074725927 0.188906992688276 -0.0841400441213968
-0.285026503624894 0.0770147190285022 0.220654875936377 -0.0101304386479594
-0.302300085952372 -0.0116562780335936 0.138706846428275 0.126430438607863
-0.251726175988379 -0.168641505351567 -0.0247474620442223 0.155846972431783
-0.109292906086606 -0.309132857271684 -0.155915643303759 0.0823541601219724
-0.0238099818986488 -0.349183342533093 -0.0668784668769558 -0.0722149918445853
0.03031197368122 -0.399737896576719 -0.0264325243959156 -0.00909873591119556
-0.0914723224677563 -0.403063602609205 0.257854331882303 0.153160394536044
-0.217342892498436 -0.259450835527494 0.254053912732463 -0.245523137208331
-0.29604497153221 -0.145565203028176 -0.0898886457865987 -0.283933529875261
-0.352993419525503 -0.028474581816723 -0.192949027168703 -0.0657328553972424
-0.339083136656204 0.123777733550358 -0.106361736753739 0.0350679417921653
-0.265606429442576 0.230551916657649 -0.0201951310630674 0.0147755059246897
-0.245465208320279 0.244839137133659 0.0249757311211963 -0.00773944946588094
-0.228278169596917 0.240474810828355 0.0613493932314635 -0.0147081160533293
-0.297497706627692 0.21169560927582 0.129218083004579 -0.0174309473437744
-0.354348588346112 0.0873675742985204 0.171625386823412 0.0259671394813018
-0.359717126565865 -0.0191791758911414 0.118615477088036 0.149850546113895
-0.315441014509592 -0.177272788185249 -0.0365534820872489 0.181552413243293
-0.184591333638367 -0.356308744088709 -0.1516936441116 0.119162024485657
-0.0722775353571898 -0.432498390268295 -0.0634453380164376 0.0408251096677611
0.00276262686825743 -0.371989562910248 -0.0327931657516618 0.120072335224139
-0.119564070182434 -0.31121002462345 0.267000244466049 0.169914107103597
-0.177935237957774 -0.144364406619246 0.197699056340126 -0.231517491486746
-0.1865284121563 -0.0886431469970535 -0.123371698399118 -0.25676386337856
-0.263182689187265 -0.0348677967148934 -0.238841441888826 -0.047893272762287
-0.283786217968532 0.100174059218897 -0.183295416421601 0.0745651606810448
-0.245592023404516 0.207898246344804 -0.112553669785664 0.0888312598828351
-0.24545557222938 0.231802692397024 -0.061166497655837 0.093009773044812
-0.243142114266703 0.235223722229402 -0.0207806402993676 0.0848979622127669
-0.313520546520737 0.201773052878779 0.0458613656537102 0.0653851836058334
-0.360484415891335 0.064695613744897 0.0928218706451255 0.07749706330395
-0.345521099715885 -0.0383009011147593 0.0715044951572533 0.173535306728199
-0.316820575266925 -0.164885830461128 -0.0568668904764677 0.201208615562837
-0.223598292304513 -0.356604726261887 -0.141652461471337 0.157185888369015
-0.100190021449171 -0.455636018460956 -0.0517363581591264 0.161740175286874
-0.0327958240647145 -0.293180262044442 -0.0287331511969441 0.21509547644903
-0.133212605790136 -0.179450864698881 0.25383317834052 0.139385065214588
-0.110706721880865 -0.0263403189530254 0.124756875930843 -0.204164309075099
-0.0686564823789986 -0.0427251676006053 -0.132013901186485 -0.205376728762461
-0.157193610415059 -0.0409401495788395 -0.24565071321305 -0.0296871100366134
-0.200129473611976 0.0677510676748224 -0.225941667732658 0.101139342330773
-0.192942386000931 0.159141409002159 -0.183182771689609 0.150932453281011
-0.20690893591603 0.182943914266133 -0.138296088646876 0.181316861161484
-0.216530903201208 0.186028673513852 -0.102588620339015 0.17498898130791
-0.272919738740629 0.143826800487153 -0.0490260992019951 0.140113457104561
-0.288079367882446 0.0168286782267724 -0.00302589509211547 0.122113982524332
-0.24884941512125 -0.0531089569967905 0.00932270811550901 0.185170270868833
-0.253445578044391 -0.116514795717545 -0.0837835199599754 0.209509436237134
-0.213129514362855 -0.299546326331811 -0.137869372229671 0.184300573198612
-0.100803363265148 -0.405190623616719 -0.0403258476928921 0.270739187316568
-0.0593234358642694 -0.185606992180015 -0.0119007744547443 0.268473510547132
-0.124696976159555 -0.0534129010651669 0.229107635669377 0.0931924083038858
-0.0434417271523177 0.0496353915776324 0.0652132597060687 -0.170055106838754
0.0193540886366061 -0.019856272845356 -0.121344699474822 -0.161261990015025
-0.0669820562644637 -0.0445203507197597 -0.233303137751475 -0.0194887964271339
-0.110858392628517 0.0303017685016976 -0.245358736144422 0.113102652787152
-0.120693780250183 0.0906917453313524 -0.22826273463083 0.193820711992771
-0.135795774648648 0.106205136102997 -0.192343914293109 0.243649857181586
-0.149472947743218 0.10275545848099 -0.171020913054168 0.235740709602763
-0.171423241618406 0.0589211668349143 -0.13459464080411 0.184544042248805
-0.148333072067801 -0.0260028437201562 -0.0850400554752617 0.140405332173839
-0.0979758062345978 -0.0323940937094974 -0.0433878799288291 0.182884206918322
-0.155816153533877 -0.0291382280707104 -0.113463376321539 0.209257984444186
-0.169479407997321 -0.188033703626008 -0.152423551018002 0.189930477448625
-0.0821336024249875 -0.282587879813733 -0.0380477097428775 0.344978334596178
0.0560493621920937 0.0781347172251188 -0.0141631179833292 -0.357184930166805
0.111985108160592 -0.0125235241484919 0.116451484719441 -0.172531641508604
0.0264583498909628 -0.0854205022461228 0.13843770833884 -0.226347497350362
-0.0722714567146436 -0.0278689590322875 0.0260782298241338 -0.165690005943436
-0.0256070037021449 0.0347932100434951 0.0908017701793539 -0.0980197132232744
0.0123279251589182 0.0125807138393501 0.174077098941799 -0.153656927648582
0.028999375290387 -0.00688922135713854 0.209999107648187 -0.242583189676232
0.0386894104520596 -0.00563482054186825 0.202554366582303 -0.267711313250487
0.0405254794635885 0.000689170828578892 0.217645536694863 -0.22574343126266
0.0302068526079947 0.0199823916848247 0.227485938501409 -0.135815141206637
-0.0036222027500618 0.0426480281355912 0.217590386380404 -0.0178004536725031
-0.0742633156974706 0.0202133458764049 0.125419789659528 0.099809708125437
-0.0298580507548571 -0.079990205467778 -0.00811233886023049 0.13020966838512
0.0833575623472984 -0.0533945880919675 -0.14499068892862 0.0204745628085938
0.0841331304239127 0.0458194343090962 -0.0240304276971668 -0.251778484135671
0.0371891633580067 -0.0913509950515112 -0.0150230259228178 -0.346612820277481
0.0450918580764305 -0.170594338656554 0.146942775469615 -0.114378516565655
-0.0708654098626215 -0.192982670697219 0.183773491572681 -0.237219183656947
-0.205079379773585 -0.0981495490241742 0.0135258785931779 -0.185462192698002
-0.18626799707636 0.0271131334272087 0.0642329804311171 -0.0832503313095707
-0.130177349850625 0.0789309149212323 0.160498317528487 -0.12057247957404
-0.0756983333646767 0.0946080682479357 0.20570315016418 -0.212011160784746
-0.0515502300107137 0.0893716062529368 0.197571572519247 -0.249079924404663
-0.0386395458284788 0.0771488472259762 0.209605308944173 -0.216864209822694
-0.0583562331548574 0.0666156396585646 0.228025994945913 -0.140378194113338
-0.0854968965306923 0.0442253580115449 0.225683460185638 -0.0256504637423136
-0.130313851667309 0.00778522140484204 0.128855937961522 0.0978581090503055
-0.0866009178115826 -0.107799749605498 -0.00896772273873978 0.1234409095062
0.0384801053497467 -0.143881125666169 -0.137865911014417 0.0394076924821962
0.064351533198512 -0.0931256968198896 -0.0450993258048437 -0.215875316440032
0.0311220740715749 -0.245305409200807 -0.015278211026695 -0.270396700779807
-0.017227958665544 -0.314199942862437 0.186315476281131 -0.0251578002229495
-0.156294444877457 -0.277859503070152 0.228314399010061 -0.247172343782599
-0.303940944723011 -0.153288957740326 -0.0134619732556462 -0.224804095611214
-0.315074131798366 0.0087557002209829 -0.0079593424400646 -0.0758871915296707
-0.252850842846758 0.122145977894829 0.0946759361636581 -0.072508979302985
-0.16879093966032 0.174870629747975 0.156745338622523 -0.149570689319419
-0.133574700330176 0.170993794694518 0.161177101968831 -0.192894538085065
-0.112767953487005 0.150993143103805 0.178311423155263 -0.17804481083078
-0.146171432841661 0.123975380413437 0.214280889056904 -0.129874952464365
-0.180660299893526 0.0610994892172924 0.231040753968714 -0.0320433445687976
-0.207021285403823 0.000577311877809131 0.141502482792696 0.103174989153223
-0.16333701876016 -0.134179664668607 -0.010633856987993 0.134432048829245
-0.031784665050188 -0.227907315956347 -0.14330566488251 0.0607231077223029
0.0202984375980207 -0.226297974843153 -0.0630365617439853 -0.154946127961906
0.0273800149814253 -0.350503391104021 -0.0188603110349508 -0.146128470822531
-0.0658259740077214 -0.397330389625976 0.228217653767931 0.0686705159536117
-0.214135752703286 -0.303302094497501 0.250359060209345 -0.254020450966461
-0.341713328256368 -0.165864682262641 -0.055016807588808 -0.261863545344189
-0.374991819580234 -0.00500987553556601 -0.10404315988843 -0.0705403998881241
-0.324015401159853 0.141848984132009 -0.00400815795761238 -0.0169859613215657
-0.231371084455104 0.223634894365577 0.0748386134551002 -0.0696400303757494
-0.195918051598075 0.227085867922287 0.099271465079065 -0.110141931478672
-0.174396440025021 0.21189577890958 0.127266058666533 -0.109610947862678
-0.226557357363793 0.183767591976561 0.181072328828445 -0.0932295223485951
-0.277711604923699 0.0884266915972945 0.216406187467673 -0.0221075292876519
-0.294907505839057 8.57160608299483E-05 0.145951214885174 0.115716866084097
-0.251002963173596 -0.155921957098262 -0.0139611352750399 0.157166885658883
-0.117577466658276 -0.300111022666587 -0.148239485293129 0.0898848135660184
-0.0348779150824967 -0.339666049281408 -0.0693885688971425 -0.068526061485751
0.01551357776123 -0.388533167824423 -0.026092940685157 -0.00458759128277937
-0.102111990377331 -0.389129287229327 0.259924295596959 0.134866135020056
-0.218185629867598 -0.246227201342669 0.234537655907147 -0.253033161398847
-0.29508416728344 -0.133418746354379 -0.100558828149529 -0.270917891234911
-0.349232501720991 -0.013970251917338 -0.188809264220035 -0.0575703092300794
-0.326822039799757 0.135895694414225 -0.10313765250905 0.0361661147493579
-0.251049580973682 0.236658145984085 -0.02062790801506 0.0137837674465868
-0.22949582159244 0.251305897416016 0.0223349090833905 -0.0107533658714763
-0.215514376200648 0.246151944233205 0.0599106118951648 -0.0174336591212705
-0.283650141921247 0.220503439293643 0.125496669389157 -0.0259303039287581
-0.345390515328541 0.101312905658415 0.170806798017055 0.0142247167588838
-0.353098763144109 -0.00481055018747287 0.126289696878719 0.1393849372212
-0.31336957614737 -0.163324007249328 -0.0243848161295807 0.182437948112189
-0.193245546133372 -0.342189752936675 -0.14510143571105 0.126300851449584
-0.0857196199232121 -0.417116663630817 -0.0625524809572238 0.039513750399994
-0.010073535904931 -0.35736381704665 -0.0283483093421434 0.121449799960066
-0.126026748600194 -0.296362709833902 0.268436291772913 0.150148862986003
-0.173026796192361 -0.13434500216579 0.179259161282215 -0.236534851141288
-0.185878372806851 -0.082005509778142 -0.132195324720076 -0.242777027492465
-0.261641008653443 -0.0231002285834305 -0.234482236512298 -0.0384628621224465
-0.27298015417582 0.11125394939341 -0.175979097623458 0.0785459391962985
-0.23035368101853 0.213751824314805 -0.108376992315971 0.091110415085947
-0.228672381738309 0.238444810839951 -0.058170160188076 0.0921732421289853
-0.227932021249271 0.242187780837318 -0.0167512185512116 0.0837049628835293
-0.299796410749361 0.212060356218917 0.047095873247178 0.0598115098338677
-0.353177950975972 0.0801402191921494 0.094101952056445 0.068795027954563
-0.341342184395862 -0.0256150471954996 0.0797439302142444 0.164967513795026
-0.313893947160636 -0.150957652882605 -0.0448276683503287 0.202659262732765
-0.229382485333629 -0.340828591105541 -0.134912081250868 0.162726456047177
-0.114189588907435 -0.438127396927636 -0.0469414716191521 0.156414902058893
-0.0430811269616875 -0.278910370511517 -0.0201049785503674 0.21233724834289
-0.132580451604371 -0.165627228083653 0.252322932575796 0.122207355091458
-0.103048642722457 -0.0223868805131212 0.109070612289692 -0.20537533949957
-0.0688727884497543 -0.0422629968747111 -0.139217427827938 -0.192177955676315
-0.157858207816646 -0.0324526945398731 -0.240103622065405 -0.0196988974863061
-0.19109262333574 0.0757133185762538 -0.216796511091322 0.106808688003821
-0.17896192087613 0.164842362446038 -0.174618535252498 0.154754167504626
-0.191675898627521 0.190557652205021 -0.129509967336468 0.181652269270125
-0.204015780571668 0.194553653872046 -0.0940190787240317 0.174799732514443
-0.261622815326639 0.15431060783955 -0.0424381624254905 0.13781841679598
-0.284144957064471 0.029845654922263 0.00294098954896907 0.117233491123877
-0.246584623178798 -0.0449538918231773 0.0178287352693494 0.179171598260105
-0.248806565978534 -0.106783887446642 -0.0724428815792016 0.210559109340983
-0.218495675666184 -0.284950281933627 -0.130613163656579 0.189423260014022
-0.113064526387904 -0.38848997082864 -0.0317912728612392 0.263053780233023
-0.0664889127966287 -0.173595499984205 -0.00121907283106639 0.263869430340011
-0.120210031723303 -0.0437827062609404 0.225396705004065 0.0784463825060483
-0.0350035368794707 0.0491975598286299 0.0532952524288556 -0.168728185595127
0.0167960743291735 -0.0228012134041525 -0.127154678908745 -0.150418673323407
-0.0695140288821993 -0.0394537400373902 -0.228883239106616 -0.0100030565606061
-0.106007814008127 0.0358928856134113 -0.234634625877613 0.121016387574652
-0.111595227137921 0.0951268025270716 -0.216100919263384 0.199555170229415
-0.125191881839435 0.112411936676439 -0.179706268671264 0.245726704184367
-0.14044394396176 0.110809148106933 -0.157363353828881 0.237218025409846
-0.165863189150175 0.0668215022089305 -0.123775942216764 0.186685316730487
-0.148950129274089 -0.0181138053115867 -0.0776145595799914 0.139909627328316
-0.0983915993138152 -0.030608821302265 -0.0347311328872827 0.178179851526749
-0.149176862657783 -0.0235471410375368 -0.102275083307144 0.211214039770784
-0.171482834279557 -0.175657828084377 -0.145284411207304 0.195479386923796
-0.0912458211881909 -0.268584717478237 -0.0260826703833637 0.333839337764932
0.0597277523519702 0.0734617580290232 -0.0194560976425747 -0.34736578253378
0.107317232886419 -0.0187115999984309 0.111645567190302 -0.176688203562892
0.0209587201377769 -0.0831483573721811 0.127432450325312 -0.22791599560803
-0.0704579863970831 -0.0221733893154169 0.0204475580726547 -0.160587760314675
-0.0210723936887566 0.0336966256560057 0.0888000652887874 -0.0968158266751453
0.0131837352116234 0.0107074312157805 0.167400252522445 -0.157148392891497
0.0266405661174262 -0.00946939015662087 0.197652214656782 -0.244663697106223
0.0359895353056147 -0.00938422499506974 0.190274892816755 -0.267925782461766
0.0384177402805223 -0.00307678341070205 0.207865679187907 -0.22788815442935
0.029732810676833 0.0167895846591419 0.218785014547577 -0.141021254946703
-0.000793832671862276 0.0408963050672792 0.213675651207113 -0.0266921197793532
-0.0704067645298518 0.0236211381099736 0.128290077075268 0.0927104766602882
-0.0330644981375426 -0.0766453823417892 -0.000894009253271897 0.12885890385544
0.0776506438083882 -0.0571815689929929 -0.137917351514675 0.0270381917326292
0.0843349359363305 0.0388266481903139 -0.0313626016761021 -0.244328080438092
0.0373383893122714 -0.0917285362627548 -0.02069134361278 -0.336808282132309
0.0383209572671727 -0.172406863559241 0.143441685498451 -0.120042895071218
-0.0762686236277539 -0.187970537438409 0.171273756438456 -0.240870611428541
-0.203561556411685 -0.0886514599969172 0.00841254854087821 -0.179450544649899
-0.181073210248691 0.0314663680333504 0.0637136575527053 -0.0834574353427111
-0.125262190322653 0.0801671029282184 0.154806355394674 -0.124950825534198
-0.0727574273338256 0.0937193466550851 0.194983770281229 -0.214725478301539
-0.0493314936759679 0.0865531120544501 0.186105373304548 -0.249756112783256
-0.0371223973584889 0.0748984948054925 0.199776545856553 -0.219456657418887
-0.0557368214361324 0.0657226145129216 0.219187385790248 -0.14634825635496
-0.0826150083537309 0.0454069777584734 0.221734893786935 -0.0348025960515062
-0.125021592954161 0.0115107156484327 0.132268449951198 0.0901895454829689
-0.0888227083479693 -0.10208452129893 -0.000624547440107435 0.122721945686742
0.032132595010974 -0.143729084852282 -0.130663201043589 0.0459753343831307
0.0610978222146181 -0.0951038209626808 -0.0509721638886041 -0.209612552709842
0.0272904416669774 -0.241363934137642 -0.0199187901169767 -0.261498822277471
-0.0243182696790111 -0.311570926350714 0.184538108324817 -0.0349712598021981
-0.159966665894378 -0.270399854636767 0.213994863999558 -0.252170129496647
-0.303357163534844 -0.142502702259839 -0.0202571611561851 -0.215561115208275
-0.309447650450256 0.0171443984484748 -0.00747262419026908 -0.075065737302993
-0.24555349497476 0.126659112368381 0.0909647779136489 -0.0762604631522082
-0.161485909959239 0.176411271618205 0.148005311898816 -0.153267729997289
-0.126702044763539 0.169990987994901 0.151146549860655 -0.19512732247129
-0.107497668699274 0.150464662885566 0.170642330188607 -0.180699021969372
-0.14063885661082 0.1248876450365 0.206310999147539 -0.136488443278282
-0.176328739988096 0.0652716537134549 0.227046011010213 -0.0417275754617641
-0.200845547185288 0.00701868477983187 0.145125162454289 0.0945752620335656
-0.16395491084804 -0.127215176148709 -0.00183447072978268 0.134171448639578
-0.0384403508245519 -0.224611670233264 -0.136487358680205 0.0663328925231582
0.0153936153275466 -0.222746674163465 -0.066762549651008 -0.150185283235624
0.0209681809599095 -0.342499869592129 -0.0217356477915184 -0.139139495994088
-0.0742248627875606 -0.391441560945714 0.227373914290878 0.0563219909438631
-0.215495751686112 -0.293650966685299 0.235114711290544 -0.259964290975212
-0.339622306787976 -0.154631353260107 -0.0620882630983262 -0.25221398069585
-0.3701663367343 0.00498048028145044 -0.102308752993411 -0.0676433114543401
-0.314846186941388 0.148108119724254 -0.00461845194949857 -0.0190975506075
-0.220128076623284 0.226770026694359 0.0697394437655321 -0.0724059344265093
-0.185802025008242 0.228407740182042 0.0921858828578947 -0.111988324401994
-0.165538694385522 0.213104485940638 0.122066562018595 -0.111736538211295
-0.218493409683923 0.186579064609324 0.175375146971265 -0.0998129857730895
-0.271796210262617 0.0956131154743191 0.212843698273653 -0.0320043818514276
-0.289006041860502 0.00825474302551538 0.15009373490194 0.10795719062085
-0.249445534315581 -0.146110660870555 -0.00462661195275011 0.156565083760716
-0.123735614910131 -0.293310170420333 -0.142433708706198 0.0956043732519205
-0.0420826754792861 -0.331734920755685 -0.0712323010731266 -0.0659337554358898
0.00839296941214095 -0.376212258685571 -0.0247337521679204 -0.000969165227652519
-0.108400354904413 -0.379678531557023 0.259111353073876 0.120637861792309
-0.2153899770284 -0.238007337753058 0.218633957066398 -0.257819440790643
-0.292987994161296 -0.124897968055004 -0.1078188879071 -0.259963737058859
-0.345619493935259 -0.00309307314924876 -0.185764841830781 -0.0532187261303004
-0.316802387736251 0.144121216515905 -0.101037078069769 0.0359868617073455
-0.239139439648312 0.239917761816903 -0.0214568284001114 0.0126061505362674
-0.21691832005738 0.253948179317923 0.018779290785437 -0.012705974912153
-0.204233940192893 0.249891158806482 0.0586518055205832 -0.0194895461949262
-0.27406813463975 0.225627754722813 0.122071399328811 -0.0317636854575792
-0.3384596223735 0.111165008124383 0.168735502255779 0.00545274723228723
-0.348049881363347 0.00364478149531113 0.13188538775365 0.130953886799455
-0.310408689221566 -0.153109746966145 -0.0144874593577153 0.182508148584115
-0.198272507416252 -0.332656714510115 -0.139240965567215 0.131659419744025
-0.0934025831886951 -0.40556846278354 -0.0623446339238062 0.0384134458921276
-0.0190588750818745 -0.345643453635116 -0.0247589830378013 0.122229232931907
-0.12823119597048 -0.285065065207854 0.267240529429138 0.136245265606372
-0.167215102791446 -0.127994013548475 0.165083812556541 -0.23852096722031
-0.184318763001272 -0.0780398765714268 -0.13837502224831 -0.230777891649631
-0.258751977965349 -0.0144424807209928 -0.229977976182447 -0.0326115075650809
-0.263931354770856 0.118654417476337 -0.171548369718455 0.080613025486987
-0.218031382433727 0.217832192752633 -0.105121230318303 0.0912122491796712
-0.214727538686631 0.242991105899333 -0.057233911580305 0.0897159925005109
-0.215833283230732 0.247170030062529 -0.0138671629896612 0.081804818053942
-0.289819617138284 0.219626998507093 0.0479620172608328 0.0553890894851798
-0.346982097452447 0.0913540372902262 0.0950650799454311 0.06233624531453
-0.338092128563047 -0.0172029141397771 0.0858782465874832 0.157494436864357
-0.31026477777543 -0.141624484429594 -0.034718479681144 0.203022054401976
-0.2340257078401 -0.329162424865894 -0.129746846095578 0.167527933720644
-0.121972025231115 -0.42316620037801 -0.0446646823526005 0.151851402457809
-0.0493833399183573 -0.267259860211899 -0.0146295781450947 0.210100617019277
-0.13065316432184 -0.155142328406788 0.250075358696408 0.108598168063873
-0.0963355064669387 -0.0199827538201972 0.0968251394403513 -0.204410768555248
-0.0694327059247668 -0.0416392110787777 -0.144459160511468 -0.182076715573768
-0.158241283356564 -0.0259924883819745 -0.235804454562607 -0.0132548795176896
-0.183815715707668 0.0817661056979834 -0.209573223900518 0.109807457169793
-0.168500129869361 0.167984674913543 -0.168416343663353 0.156785136679938
-0.179744121932118 0.195446479029129 -0.123792580979486 0.180180743350568
-0.193125157803263 0.200327766217963 -0.0875835192660688 0.173740959856166
-0.252935762944931 0.160998378556261 -0.0375071069004512 0.135426762978269
-0.281340981483064 0.0390934762705453 0.00588373666770084 0.113630107549131
-0.245838043742537 -0.0398017544060794 0.0239648489587315 0.173158038846165
-0.243852715052072 -0.0999200537465245 -0.0632694089698768 0.211200894339331
-0.220243184152636 -0.273464808174416 -0.125153199991769 0.193699807776452
-0.120943953744021 -0.374569679049461 -0.026733975240347 0.255681833230478
-0.0697215890599554 -0.163004929208307 0.00505793927454947 0.258643022273164
-0.114416552233456 -0.0368369459718482 0.221989461501076 0.0665181524696361
-0.028588343093494 0.0475462938739326 0.0432503844445503 -0.166550129549576
0.0146616334610197 -0.0251883975372167 -0.1314555249371 -0.141442123479335
-0.0718620244809059 -0.035040295569493 -0.225194859522778 -0.00315614652478957
-0.101217047573727 0.0400345954804218 -0.226721176335725 0.124883001399284
-0.103522019766037 0.0980064640230948 -0.205816517810689 0.202649372955935
-0.115946056474998 0.116439996750077 -0.170906641231462 0.244367401002613
-0.132547867285826 0.116269193311767 -0.147708074140755 0.23602600049315
-0.160908230333242 0.072567691845712 -0.11554948053682 0.186631613504338
-0.149041027241498 -0.012699749594524 -0.0727085735067693 0.138670037162515
-0.0990044875690078 -0.0302861383581269 -0.0284760734441643 0.173818918936954
-0.143040130346229 -0.0203294032217122 -0.0941284791170725 0.210680549000863
-0.17252995496573 -0.166811114146628 -0.13868037448387 0.200158165456829
-0.0976417143710047 -0.258457974862818 -0.0198514828752017 0.3244457307474
0.0629730387525572 0.0681975523590764 -0.0245940827837991 -0.339917297315531
0.103316094746382 -0.02512863356263 0.107438962749323 -0.180580190663979
0.0158891969745213 -0.0813574574232836 0.117596869941125 -0.230886841825396
-0.0677321205075021 -0.0169780358320461 0.0152442310795301 -0.156495407928444
-0.0167991414354945 0.032364196469894 0.0871685494576972 -0.0973736230230337
0.0133981597899699 0.00887893325229903 0.161712730269211 -0.160138685958538
0.0242171191043569 -0.0117329522101672 0.186828775033869 -0.247713880838411
0.0335694115150684 -0.0131869304858625 0.180491288272472 -0.26815008959298
0.0368238128594717 -0.00595209151710324 0.199885697397319 -0.23109290194662
0.0296419759960167 0.0137238293223704 0.211211787644068 -0.146802533057575
0.000984556442541764 0.0381298418296138 0.210470165307172 -0.0343359155995524
-0.0665934716511222 0.0261587405112777 0.131160296969997 0.0853458739243992
-0.0362130898588409 -0.0727839243952012 0.00646511164873739 0.127418756490396
0.0720591672496608 -0.0609309830024496 -0.131517166806722 0.0333163538844581
0.0837044055606004 0.0324272938589021 -0.0390512017004043 -0.238844039530267
0.0380333027674937 -0.0928534289511481 -0.026470422243813 -0.329024600175743
0.0324984373634564 -0.175227854809291 0.141055431153693 -0.126781182083604
-0.0808856531501565 -0.183901349624363 0.160694004106373 -0.244186133848298
-0.202631155450582 -0.0809680816515427 0.00338490044825582 -0.173294845732276
-0.176111326810142 0.0349787128735396 0.0634264629128696 -0.0840225072473229
-0.121806161888617 0.0813685703438155 0.149735705452502 -0.128874084010497
-0.070325886652631 0.0935249757653088 0.184970387275479 -0.218698919945346
-0.0482109740267214 0.0845024008931041 0.176134704080781 -0.251803417867331
-0.0356024652485289 0.0731166114183673 0.192750671460338 -0.222771523826725
-0.0532013262347226 0.0645326612067285 0.211351300198359 -0.15313738995243
-0.0798548682938905 0.0458642391327541 0.218442945917168 -0.0434043566858986
-0.120835541191704 0.0153811577005493 0.13615013351781 0.0831817382922889
-0.0908732760702079 -0.0970081205389386 0.0063393935234791 0.122744643455593
0.0258396933625207 -0.144514519668797 -0.124283837847761 0.0510465866966148
0.0582731505396227 -0.0973654805520227 -0.056771612052913 -0.204679983279477
0.0241125038363842 -0.239081053391553 -0.0239439777634284 -0.254266631175574
-0.0309065244470348 -0.309421508658186 0.183164709181375 -0.0440485714760515
-0.164332752309718 -0.264749312781483 0.201751323090391 -0.257706397415932
-0.303174628270971 -0.133588646707122 -0.0253998184886619 -0.209377060847074
-0.304999769153708 0.0247666329854527 -0.00667198427011172 -0.0750265270799319
-0.239259595008669 0.131725604879148 0.0872530343009938 -0.0796032530598399
-0.155719786339613 0.178208306227695 0.140841730585139 -0.156664921355131
-0.122351275433788 0.169710120351984 0.142422080052858 -0.19740478838332
-0.103106870943536 0.15074383120608 0.164778348304004 -0.184277580356611
-0.136503522173083 0.126834955971099 0.199594403464808 -0.143092424258348
-0.173238953174993 0.0687776937217947 0.223876343204441 -0.0511558873214682
-0.196850481549494 0.0119521443491598 0.149194219617181 0.0869696618189431
-0.164436984101019 -0.120016204733771 0.00655917254196799 0.13370023906938
-0.044998732892188 -0.22244138559189 -0.13011224877057 0.0721989372020133
0.0101376809234292 -0.220444953733677 -0.0707058304846016 -0.146029975954123
0.0152266981040655 -0.337628657230971 -0.0237458445602435 -0.133231771121716
-0.0820959947786983 -0.385307146798655 0.227435363955232 0.0451753633987125
-0.216841418345353 -0.286205771963957 0.221742427113421 -0.265936859629516
-0.339641524129864 -0.1453932012993 -0.068620923166954 -0.243095664226511
-0.366490189339102 0.014618397986557 -0.100681611707679 -0.0660240757525153
-0.307965896532196 0.154509966293868 -0.00604232907826843 -0.0208702429234412
-0.212024704014939 0.229214607690418 0.0654339983323239 -0.0756611964630539
-0.177484116652673 0.229754073889394 0.0856635770566214 -0.113942983955717
-0.158071571200979 0.216196047064772 0.118871721583616 -0.115461994004341
-0.211445702550305 0.190642802792874 0.169431773704985 -0.106736802580548
-0.266763730781321 0.102195407849359 0.209459450818839 -0.0412938762651499
-0.284289802394319 0.0150737470412861 0.15416542653685 0.0991571753836104
-0.248903776553028 -0.137542551609568 0.00453206669456989 0.156714204469147
-0.129651039701465 -0.288069678829684 -0.136726881705099 0.101088813166936
-0.0474501578146559 -0.326275258897135 -0.0740124091464493 -0.0640310501146254
0.00140462701667826 -0.368855287941387 -0.0244556453253109 0.00309715837675381
-0.113452182290295 -0.37088948745403 0.259957715065606 0.107965324315831
-0.214935051125944 -0.230113838600163 0.205945873005087 -0.263224196301403
-0.291949043202374 -0.117925239276409 -0.113728632084717 -0.250545839137489
-0.344191074702913 0.00715319336104477 -0.184248373717011 -0.0489619526681616
-0.309416705459348 0.151397625278797 -0.0998521595171667 0.0361916764722993
-0.228720598911341 0.243108850601597 -0.0227968703562496 0.0115687165985251
-0.205910666460704 0.258260172888256 0.015184329117661 -0.014264862812374
-0.194952482940586 0.2535232598894 0.058054403947163 -0.0221541889380528
-0.265330807871176 0.232221184491154 0.119195018442468 -0.0378505551766675
-0.333209663808135 0.119684313866057 0.166436417953161 -0.0028492215480701
-0.345244870096284 0.0113046258343832 0.136965202841987 0.123133942917404
-0.309166379115681 -0.145375025299423 -0.00473424806379706 0.183236153901078
-0.203393163128589 -0.325608957467555 -0.134413673585335 0.137603331464709
-0.101192946119948 -0.395520047564061 -0.0630978555738546 0.0379422673859974
-0.0249452547085122 -0.336650418045758 -0.021685094147577 0.123554247957706
-0.1300943893809 -0.276186725984366 0.26672405600262 0.122665770682664
-0.163673624549648 -0.122902888588977 0.152120633941282 -0.241911405849776
-0.183641054303269 -0.0747661146625697 -0.144750607131092 -0.221015761243686
-0.258893148384557 -0.0059956317901797 -0.229116067670987 -0.0272662210804093
-0.256325685908098 0.124800518534988 -0.168528979214955 0.0820192694931155
-0.20696858342696 0.221646282584991 -0.103260976455783 0.0923952411863341
-0.203883986253544 0.247305150808774 -0.0575697274535836 0.0888694815143483
-0.20559224714095 0.252731697017653 -0.0114172155796526 0.0797276078784664
-0.280978126393927 0.227421499256294 0.0484423861387669 0.0509377824328344
-0.343379413775621 0.101353188280039 0.0956298109228009 0.0561500470160136
-0.336555868108292 -0.00972987256725048 0.0913000995666522 0.150868128338348
-0.307570728830094 -0.134497728384731 -0.0251338795145707 0.203144833548487
-0.237742085901375 -0.320718443932781 -0.125565627902828 0.172481464252403
-0.12945896028063 -0.412585587411938 -0.0426768218280577 0.148588848874217
-0.0543510301495442 -0.25685602227751 -0.00949322917434158 0.209072670008004
-0.129113009154459 -0.146928206949062 0.249589289987894 0.096032521218892
-0.0893172331975396 -0.0188762279203997 0.0860071486869706 -0.205813743411589
-0.0697647037157317 -0.041345795823247 -0.148866370919747 -0.172503880693607
-0.158804533307061 -0.0199226784370161 -0.233638362680192 -0.00734021153284513
-0.177763278412381 0.0864647447689665 -0.205372574995912 0.112623633858066
-0.15852365646349 0.171243900710367 -0.16259126874159 0.158803217680633
-0.169307609087661 0.199685375129303 -0.119870865791249 0.179893766974165
-0.182439213251833 0.206471089791453 -0.0821162611865117 0.173336833297926
-0.245768639838463 0.1691477728772 -0.0337348275203593 0.134024191649462
-0.279123929974604 0.0480232168779361 0.00823720787350204 0.110086824068835
-0.246394016351813 -0.0348800563540071 0.0298117934227736 0.168800571525321
-0.24042602854594 -0.0950922563121899 -0.0555627558687443 0.211367704714805
-0.223061629786143 -0.264336509982137 -0.120391107516676 0.198227835060066
-0.128220043845536 -0.362867523035695 -0.0232975328718571 0.2496602582318
-0.0724882002356987 -0.154952895052598 0.0115947827771547 0.254711243796453
-0.109597184340899 -0.0314831591912243 0.219395171778004 0.0558452668341459
-0.0225781465456797 0.0452929264947356 0.0353824615109299 -0.165719105780677
0.012520099671383 -0.0274809294000017 -0.135319881433332 -0.132985655917263
-0.0734681026973754 -0.0306050395120436 -0.222954516388204 0.00382042678247328
-0.0969224003304114 0.0437749476530683 -0.220489477276876 0.129801315822674
-0.0968720039380725 0.100886038556063 -0.196993085716752 0.206120112012266
-0.108027223022857 0.120247923995703 -0.165111506478046 0.244885854213188
-0.124100374511091 0.121805308875108 -0.13958688660329 0.236725509798393
-0.156888322395994 0.078882535157639 -0.108368501042738 0.187124385199391
-0.150424370097078 -0.00688659227060327 -0.0682769022052857 0.138239164417848
-0.100419966021697 -0.0306835380310341 -0.0228244303993124 0.170569208292673
-0.138551290600351 -0.0182404480020038 -0.0859204998309595 0.211958677283462
-0.173649643391055 -0.158566539442016 -0.133594385098624 0.205528539556924
-0.10304889252877 -0.248743971303031 -0.0153982098351068 0.316688486551549
0.0536618437701054 0.0769138557909135 0.0391087042351413 -0.331020529485775
0.101262317981368 -0.00691427015670696 0.138862814929966 -0.156878267377984
0.0282899204151891 -0.0707838131971874 0.155447942605318 -0.20249124474465
-0.0585526558394951 -0.0229829047583161 0.0418182829179928 -0.147582521633119
-0.0202307105256627 0.0285650611027985 0.103874601125525 -0.0789578698533094
0.0106062565185997 0.0100064137843844 0.186976550912261 -0.126984002675655
0.0221837639774547 -0.00912473863287143 0.228416030113184 -0.206970653898676
0.0326143928154022 -0.00945826472930164 0.225576664659634 -0.223543560888698
0.0353536180772688 -0.00124724510265115 0.237390878182498 -0.185598960899613
0.0251654517465165 0.0167508136062432 0.230956873245617 -0.100467481301428
-0.00565132800071117 0.035783396670549 0.209727311175378 0.00469901708556097
-0.0665148549869453 0.0125090675823513 0.111076791871113 0.107453041310864
-0.0210404387320318 -0.0763599938302002 -0.0149975611436032 0.124827600202461
0.0794627460281407 -0.0461682231950457 -0.131548732848117 0.012164452271511
0.0754229999001372 0.0454098407316154 0.00927901784469903 -0.244595491213593
0.0605991075258315 -0.0796694256011079 0.035671761208071 -0.32161316993468
0.0600755254746688 -0.161194275753795 0.167603876587158 -0.100086261515572
-0.0445722648479298 -0.185973271068551 0.201666135044896 -0.210414423339878
-0.174163366498789 -0.10773218580067 0.0360403444524094 -0.167900024986369
-0.172879122920318 0.00224194811167499 0.0812807054455422 -0.0710048304543175
-0.132606187140848 0.0550067824449429 0.170314277745298 -0.102250138612424
-0.086972902879323 0.0755898301511866 0.220137911911814 -0.1801933379374
-0.0649806018772378 0.0714747250446217 0.216501687043446 -0.209550501027752
-0.0502025248372433 0.0621640903151387 0.228197686096371 -0.180012960587416
-0.065028916204506 0.0494813378859083 0.23065551092451 -0.106961040501173
-0.0857371108353114 0.0266638664649797 0.217322958167017 -0.00287733938046432
-0.115352011487925 -0.0100630800026513 0.11484912832547 0.106665339275738
-0.0675745667900465 -0.111640351074454 -0.0150078410365905 0.119580680611255
0.0517154446898946 -0.135121343394976 -0.12732588508058 0.0288956865175411
0.0764745249683209 -0.0838338673253725 -0.015966478309242 -0.215850982219897
0.0738571349079304 -0.220364121675277 0.0246643592848901 -0.251195092467617
0.0223160087538513 -0.300020433346871 0.200172706809648 -0.0138982313877877
-0.108837806039131 -0.278220386797485 0.246710588461569 -0.219604313567181
-0.259071521415615 -0.176145618325529 0.0147059278657276 -0.209460006021575
-0.294838244526195 -0.0315373029295721 0.0137322910788714 -0.0752744663032065
-0.254446685860211 0.082178383847297 0.100709748129729 -0.069054201116994
-0.183603986525907 0.141469130830277 0.164368770154783 -0.128368350208062
-0.152361147909463 0.141319737914578 0.172557472070271 -0.164707246938353
-0.129659388108865 0.124401086147188 0.192733263781704 -0.149209224436737
-0.156095133954619 0.0947664118601778 0.216154894441331 -0.100784396644358
-0.181034055601892 0.0318165000549471 0.220491906567405 -0.00871173003642795
-0.186890214417729 -0.0298226235452141 0.126062998577047 0.11192646061493
-0.133274219416362 -0.150151718536982 -0.0199343485970395 0.130701023433222
1.90902938906035E-05 -0.224102662679568 -0.137294113379862 0.046907081812401
0.0558643018734704 -0.211444871804617 -0.0414634959304086 -0.161567309106127
0.0818341950814914 -0.315150254829056 0.00356423354742536 -0.134444285956302
-0.0130573810917056 -0.379173273535282 0.230626422750907 0.0785195260812645
-0.151609421632876 -0.308776590130111 0.268087510146407 -0.224458313574412
-0.291061479572332 -0.195841292037468 -0.0211621050922481 -0.251131363413786
-0.352265998500887 -0.0521068099155553 -0.0790094894026845 -0.0822751775803324
-0.323181877334154 0.0921521829514007 -0.00174078940067826 -0.0304472235293143
-0.245613283434046 0.183046337587953 0.0735936408708589 -0.0646531548705883
-0.216866758758743 0.191003362833299 0.102231826766867 -0.0952843159271485
-0.195589605760198 0.177288036239202 0.134582322117517 -0.0913651972652682
-0.240784432575756 0.143304873230429 0.178702314408665 -0.070976514294304
-0.278516643911549 0.0464671973509021 0.201774472803305 -0.00142213736762781
-0.272059620789634 -0.0460666099741301 0.125514798453242 0.126133020694518
-0.210585777526176 -0.186720062842156 -0.0281661023777711 0.152723078779463
-0.067819273031013 -0.304806325558382 -0.150650888170835 0.0728336076765037
0.0201734602256242 -0.324569182322114 -0.0630503099122247 -0.0811102529480898
0.0719132131107168 -0.347269807690026 -0.0217791846615422 -0.00257965920507272
-0.0477037447313249 -0.367768585759467 0.249517123845733 0.144425073395666
-0.159520746836777 -0.253775436377065 0.249744293849852 -0.224580986174492
-0.249529683048946 -0.16277478902227 -0.0654686677156299 -0.265123613750703
-0.328213605307392 -0.0557281332501349 -0.163251954827336 -0.0816893723041764
-0.324025148304245 0.0890943219638872 -0.103570116427581 0.00749286012910522
-0.262457078381453 0.194103773238421 -0.0292690820793619 0.00362608487259266
-0.248110749268574 0.213990547645425 0.015319829944818 -0.0121953419805847
-0.237641104061821 0.207572724696822 0.0580209506535408 -0.0126802751973873
-0.299323581092367 0.173832828237036 0.115761438926599 -0.0147635536929292
-0.347682552438093 0.0521400362982314 0.151078402537987 0.0283626706990137
-0.329916963286044 -0.0619438254962749 0.101580086868757 0.145759775166665
-0.267048866681357 -0.207768921961079 -0.0455088063583 0.177172114342941
-0.130861607940161 -0.35534457998776 -0.157135270843958 0.108173539204691
-0.0178870649356931 -0.401784852737179 -0.0744714847604901 0.0210728274742873
0.0384312345927721 -0.32130554849201 -0.0412264095164823 0.114516863368206
-0.0775282022371744 -0.279563810716088 0.250010737951065 0.158942925849862
-0.127342177075139 -0.14317042115619 0.190325577873678 -0.212371692454241
-0.155325148463662 -0.103594093482458 -0.101614989670679 -0.24043964504658
-0.243887000129146 -0.053077624545043 -0.212410295858712 -0.0672523102108837
-0.266984090247525 0.0729776707939918 -0.178769090713261 0.0413615005158328
-0.236113493409023 0.178352418312017 -0.123475667178539 0.0680561719922501
-0.242930787773735 0.205968836391173 -0.074408801161695 0.0734517658458648
-0.246207959682363 0.205221916182882 -0.0289977645457756 0.0731208572776589
-0.312965295463317 0.166439561054603 0.0309826129198163 0.0573370208368319
-0.35370708951521 0.0323583305968044 0.0704018345975773 0.072446485483606
-0.317974841744773 -0.080837355178703 0.0512758657522276 0.164050032208868
-0.266975677357741 -0.196815374098894 -0.0701745569584525 0.193724270948189
-0.163925189920288 -0.356710545134688 -0.156458378772699 0.144211617417102
-0.0415766936993933 -0.424047567414516 -0.0783830289197304 0.134954126364013
-0.00608325470560543 -0.25126648655055 -0.0456399398632431 0.198867248149983
-0.0974433475248245 -0.156754671017063 0.231795441985576 0.127962922913417
-0.0754231090201325 -0.0320715312341855 0.117032529494587 -0.18639724279211
-0.0549986185409257 -0.0537182716779897 -0.115143327820584 -0.192206722273944
-0.146722850856316 -0.0475217942941417 -0.223309035815856 -0.0476840047105123
-0.184064208746141 0.050241900344479 -0.22037638048208 0.0662003752881276
-0.179872706578066 0.138145774722757 -0.192593279208718 0.122367166532558
-0.199027744921665 0.165564645175947 -0.151642144410468 0.1497733164949
-0.21413074987278 0.164849918989659 -0.113605019877985 0.150366548052429
-0.26794661775431 0.118333335705049 -0.0626495598742537 0.121089290698788
-0.281236308413533 -0.00736347034666931 -0.0216069601915127 0.107135429637098
-0.228139469682141 -0.0872586000543138 -0.0101807717646298 0.168011706183485
-0.208332705315468 -0.144115540683095 -0.100793788230717 0.196798582331919
-0.159248174124346 -0.298504167142686 -0.159109437268099 0.171135801937019
-0.0506103749519246 -0.376264115976903 -0.0799768371131452 0.239228498288294
-0.0440472566528377 -0.157747064950253 -0.0332009233428209 0.247950245525993
-0.0974114428178768 -0.0438806785943962 0.204845391839336 0.0840168229676913
-0.0235469892339837 0.0393611463755285 0.0588619410864955 -0.154191901338967
0.0180906089448611 -0.025231729361297 -0.10929405339927 -0.14978486892175
-0.0634965304418865 -0.0422859051252301 -0.216159431814143 -0.0336373340388784
-0.0982288424519844 0.0245352099810662 -0.238010235469195 0.0832174168607103
-0.107486773951966 0.0820051145344492 -0.23364087062959 0.162935603102
-0.124320374449503 0.0989651306968401 -0.206356106470598 0.203701837154059
-0.140585375609621 0.0951615284441381 -0.181450344779367 0.201619300790568
-0.165653258551794 0.048943241043043 -0.141909373594583 0.158384072094907
-0.146040757234568 -0.0351546289229464 -0.0980485005829984 0.119412941974267
-0.0905259893980876 -0.0529203660208567 -0.0581826356029177 0.15874373027363
-0.125990924020192 -0.0468521167324388 -0.1287662633475 0.192298788747138
-0.133499539658516 -0.18473950338729 -0.173407644304037 0.17697966919491
-0.0511415167836995 -0.25963818326487 -0.0844560947227278 0.309092310586321
0.0567589459789378 0.0712066873207269 0.0332427511030389 -0.320142308558476
0.0967244909884369 -0.0117006605598575 0.134611698290428 -0.160649219853561
0.0237026486468053 -0.0681650036677904 0.144395018667449 -0.20356165082489
-0.0563985442114664 -0.0180268231436401 0.0365925203739114 -0.14159449141923
-0.0162531521860085 0.0267736905816563 0.101748621045642 -0.0795763318192451
0.0107356883848182 0.00831687831375738 0.179421444421934 -0.130239699826257
0.0205092656090232 -0.0109163116618189 0.216384544176439 -0.20865139539799
0.0293012958786091 -0.0127537494989805 0.214770579823858 -0.22386944604608
0.0335967243388789 -0.00441725977315771 0.227252696871676 -0.187796522936451
0.0249892240244816 0.0133993451711004 0.223207430951275 -0.105719630876857
-0.00381165107885958 0.0333713142199027 0.204851805151278 -0.0038052642446045
-0.0624180143469409 0.0156136861611603 0.113414346167226 0.099633444629855
-0.0247134516039636 -0.0729009478246397 -0.00733167877242616 0.122460755540266
0.0741127941418551 -0.0497001149897225 -0.124027109047566 0.0177214989930779
0.0747390043395637 0.0397452663776258 0.00107473984241065 -0.238208358439932
0.060103716266964 -0.0810795220497451 0.0291698545901563 -0.310772112560721
0.0540106467346146 -0.163096570147888 0.163883532617365 -0.106137270138679
-0.0500767645699898 -0.181155170459646 0.189521778406099 -0.214220295860082
-0.172230863350688 -0.0989795879636496 0.0300197013870671 -0.161381363040972
-0.167911005193761 0.00556411202667357 0.0789459580336068 -0.0716882207315756
-0.128406540625881 0.0564552181109127 0.162983517273136 -0.105882036352841
-0.0842058360942789 0.0743086935978663 0.208798950074922 -0.183222279924836
-0.0637767221673342 0.0692471304601091 0.205082418737289 -0.210264216614982
-0.0481334541679047 0.0600759671989179 0.21863090445612 -0.183148200109762
-0.0615016173352655 0.0491518931024224 0.221926348190255 -0.113089901528136
-0.0830449608153659 0.0275741207637875 0.21165631496186 -0.0124540674473354
-0.110955900973698 -0.00529876942911922 0.117665382000511 0.0983038683901358
-0.0695501365352569 -0.105347895126343 -0.00820313679239608 0.118701997057009
0.0450050334354349 -0.134388443245109 -0.120185000872378 0.0347561092085401
0.0729684251887055 -0.0848827939748869 -0.021740851269442 -0.208866945563389
0.0698309789296254 -0.217271444461193 0.0192691549242202 -0.240949854301185
0.0143235403182552 -0.296653269885541 0.197519591347653 -0.0222150202715962
-0.112613898503825 -0.269512237193417 0.232118986211342 -0.224051917046935
-0.256831036373814 -0.16558342778396 0.00749161910789178 -0.200768548728092
-0.288976156610916 -0.0235549429799796 0.0127392482508291 -0.0742555792754852
-0.247192803294962 0.0863549310343933 0.0959326965619211 -0.0710749974412516
-0.176076680662311 0.142497726871947 0.155007768725274 -0.132613966901822
-0.14628604666452 0.141017170420915 0.163701032775196 -0.16549864553947
-0.124338833080372 0.124560385223806 0.185550419152187 -0.152292136901818
-0.150073076980805 0.0957260132898469 0.207868557103422 -0.107252510436501
-0.176147479640971 0.0357036307651505 0.215720420866062 -0.0184934030297032
-0.182178283818251 -0.0238780111107879 0.128106583347641 0.103879441816395
-0.133052866511895 -0.141811139132682 -0.0116301797772906 0.12942128082039
-0.00625029403029939 -0.219751831097372 -0.131234540551632 0.0521285291673596
0.0493708127020328 -0.207323988090493 -0.0461161311770221 -0.156718224733981
0.0742965914405809 -0.308073670032286 0.000994261892854042 -0.12679163273434
-0.0209883992503763 -0.37166226896254 0.228618281838651 0.0665712175140776
-0.154351038355036 -0.297778467287063 0.252278890868269 -0.230632191394765
-0.289028980761881 -0.185616959370429 -0.0284504533677069 -0.241881076859269
-0.346192379078267 -0.0427812267532705 -0.0785889547945211 -0.0795649603574648
-0.313972259640708 0.0983635985957971 -0.00306329042693144 -0.0316750720261524
-0.234878998756793 0.183865065467767 0.0686995030690607 -0.0672970172117067
-0.207483072046802 0.191526890772455 0.0946275012050319 -0.0961020590574076
-0.186867958981485 0.178440017574466 0.129816266495821 -0.0946778112999739
-0.231744163502151 0.146353512508301 0.171921442116516 -0.0777192383021766
-0.271914390007438 0.0533108030900946 0.198138311070473 -0.0102027882977272
-0.266620108508961 -0.0375906484244136 0.12930347602115 0.11720860915215
-0.209804181059617 -0.176276671484189 -0.0199472015785462 0.151277027218396
-0.0736643757784706 -0.296022414992058 -0.144726031332428 0.0782588206937244
0.0127185800016405 -0.315665595428785 -0.0654825142374143 -0.0799791681222768
0.0630362090940462 -0.338108357281934 -0.0219486773960677 0.00170151136961402
-0.0538493354650505 -0.358336284696846 0.24795196600417 0.130368515767435
-0.157794766842806 -0.244114628367057 0.233247970707514 -0.229617849770808
-0.247293155761594 -0.154703568235949 -0.0723620515074705 -0.254407140621685
-0.323421034249918 -0.0462863910951786 -0.162487911939939 -0.0769931075285147
-0.314048245832025 0.0954956503340959 -0.102541319600313 0.00872725515936397
-0.250836271376587 0.19610620962002 -0.0298453594245682 0.00256568750403581
-0.236612302317201 0.216100995222028 0.0112329404522078 -0.013215806636903
-0.226173219981821 0.210409140295895 0.0568713219694308 -0.0162088371585933
-0.287967043597463 0.17898824323045 0.111878688008632 -0.0206109445560463
-0.340485837506594 0.0617309088615402 0.148691709461065 0.0213612215877388
-0.324647410488705 -0.052402484045936 0.106176246401322 0.137458507953698
-0.263896031947211 -0.195975990693529 -0.0359194932782328 0.175916700799271
-0.13524788079758 -0.344066797528116 -0.150955005720483 0.112966974251683
-0.024491831192826 -0.388593790266349 -0.0745893991430036 0.0200996337687149
0.0299354394158054 -0.3099257067112 -0.0380929343762223 0.115713109549533
-0.0812433241929497 -0.269032932184481 0.248233251873639 0.143698549367113
-0.122861356416305 -0.136830450027758 0.175358280141342 -0.214722551455956
-0.153544945172998 -0.0996458234557227 -0.107057502950559 -0.229000154841737
-0.241764571556301 -0.043744417541248 -0.20995678265298 -0.0607725630291128
-0.259283283052034 0.0782199443958204 -0.175413297424084 0.0440362976692602
-0.224139121941675 0.180106314179672 -0.119646792907653 0.0684690462561779
-0.230530649010262 0.208619621512605 -0.074139440384208 0.0727016827568969
-0.233936697876189 0.208441029306082 -0.0262124968787995 0.0711609091991177
-0.301199376505141 0.173249778247631 0.0307687764240406 0.0522855766769602
-0.346914970658447 0.0421845577873033 0.0706020483543278 0.066464330402008
-0.31531630121711 -0.0729510351560102 0.0561454515409542 0.156501925740068
-0.263129891919059 -0.187287440690497 -0.0611349086218465 0.193524441420282
-0.165948168098466 -0.345476890306159 -0.152166207218993 0.148531843309472
-0.0503500718798425 -0.408197212709733 -0.0761313048873708 0.13033856359998
-0.0126263313651547 -0.240934259427278 -0.0408964199706201 0.196334292083509
-0.0964415574578838 -0.148023548954091 0.228887373012922 0.114353301711306
-0.0691740460589757 -0.0301701164226838 0.104589524871727 -0.186455503355233
-0.054888783114999 -0.0535601805849876 -0.118327723270278 -0.181103703705851
-0.146131624988598 -0.0409735755530281 -0.21992282645971 -0.0404833161117136
-0.17792007708382 0.0547686082165265 -0.214666368533037 0.0701486184224769
-0.169103305923694 0.140446912471041 -0.185428085593147 0.124224020917042
-0.188106664193074 0.168580087248676 -0.14737503943607 0.149272400700287
-0.202026890427123 0.168984829146151 -0.107225175185038 0.148638829127974
-0.258227634386928 0.125376854110575 -0.0581148111762141 0.118054293344398
-0.278501104907593 0.00257136316052018 -0.0190303077175542 0.103427431255402
-0.227084462848258 -0.0814797681212206 -0.00451735140070869 0.162358548681757
-0.204123312921611 -0.137993168591777 -0.0919972174611644 0.196697004195204
-0.16182578789961 -0.286344035517131 -0.153213451604882 0.175365778452764
-0.0584717569521639 -0.361192935705896 -0.0755606987985221 0.231775497930787
-0.0475758615452443 -0.149642046012616 -0.0274306856025104 0.242564678548047
-0.0930145654927059 -0.0379711309011371 0.201128132816964 0.0720531581796477
-0.0183361652735123 0.0369100261131069 0.0496762966476465 -0.15289851280768
0.0156271469179387 -0.0281690473956767 -0.112788968077343 -0.140283843291759
-0.0650844804763854 -0.0380829023340993 -0.212758099492202 -0.0255070989663878
-0.0936697873164628 0.0270722328277906 -0.23108670307011 0.0875579688101966
-0.0987295662125935 0.0842765910990532 -0.223308886418231 0.165460717514797
-0.115785999188649 0.102086186559311 -0.198225909607223 0.203183906203941
-0.13219784594559 0.0991489805588411 -0.171715753421644 0.200193915799433
-0.160092353912994 0.0553738448330422 -0.134206973197684 0.157393462341712
-0.146440199760878 -0.0292625827977107 -0.0927205114746286 0.118345021481742
-0.0913444380307837 -0.0525068877998481 -0.0523020486235485 0.15429488437801
-0.11954807461117 -0.0443726727420405 -0.121132775457331 0.192065857465514
-0.13381781838123 -0.174267846154526 -0.167828895822193 0.181580887396846
-0.0571062841851947 -0.248526093348319 -0.0781094618607601 0.300009297308784
0.0585012643715585 0.0662536706116229 0.0324325522875631 -0.30914979542896
0.0918325640451408 -0.0163470746125879 0.132159351294795 -0.161627987227509
0.0204381795112404 -0.0647898649614159 0.135099924371429 -0.202232435706686
-0.0532146059886338 -0.0139177923677047 0.0338686214706596 -0.135216331570396
-0.0133142760792914 0.0252274540614031 0.0996946453503316 -0.0776412102938333
0.0109664090704937 0.0060247291922604 0.173840305164204 -0.129624211947897
0.0183942984172619 -0.0115653230861834 0.206083074602726 -0.205716043105203
0.0261868895579972 -0.0151153248647181 0.206947470165535 -0.220587388978223
0.0311409925470262 -0.00732375641922638 0.220117621896466 -0.186811902657435
0.0248524575411944 0.0103378357756234 0.215346249802841 -0.107980437954128
-0.00243229777454 0.0313203204224623 0.199609530601065 -0.00943920918641758
-0.0587783081134734 0.0183531143039391 0.113524150199648 0.0925995039625648
-0.0267300314659122 -0.0687571165085671 -0.00171598322507124 0.119502080883205
0.068477449267017 -0.0511516379876385 -0.116946507832746 0.0220322559692166
0.0732382501242742 0.0350413159964514 -0.00289846258500221 -0.230210392811098
0.0602380982348891 -0.0812624258759539 0.0276164460500166 -0.298792414522037
0.0488692748202627 -0.162779919867449 0.160828384345964 -0.10929063605753
-0.0510159087106647 -0.175452589743035 0.179573434600994 -0.214268985404417
-0.168750633200608 -0.0932082445826603 0.027056075293452 -0.152852438018054
-0.16157803678978 0.00691074398080944 0.077697620824618 -0.0708495243694053
-0.124565877464097 0.05554728282451 0.157552737681262 -0.106671480661868
-0.0826066358559704 0.0727816121408142 0.198420402349811 -0.182067637116134
-0.062948098456959 0.0666002381764441 0.197014870733968 -0.207581345409165
-0.0475850282878155 0.0579424899403123 0.211009114137789 -0.182224167621143
-0.0594832281548015 0.0460281791728885 0.214593467650621 -0.115099238836785
-0.0802287309240761 0.0275703157384654 0.206533178912648 -0.017395638020008
-0.105952092335883 -0.00221440217305416 0.117437201563331 0.0916778251738852
-0.0696824725292763 -0.0989694717118884 -0.00236733256090528 0.115643407947091
0.0402753638999976 -0.13288413629091 -0.113511942961467 0.0380226680601533
0.0706072591189741 -0.084484285215954 -0.0251092288705858 -0.202679459199093
0.0681141095917278 -0.212970503842773 0.0185285304515432 -0.230555359680528
0.00977703250239064 -0.29148996114157 0.194922603797966 -0.0285771611824179
-0.112149931387547 -0.261173010461333 0.219527856563433 -0.225387858812705
-0.25239770317531 -0.15787848718216 0.00453978847519078 -0.192099415750678
-0.280776841866909 -0.0198859067666829 0.0128122854232722 -0.0733438773690904
-0.239922984044663 0.0866309520255145 0.0912196069375568 -0.0714713241357164
-0.171541146722578 0.139836154199732 0.147824035529666 -0.132456554729034
-0.142852694270052 0.138340153704191 0.155172265385643 -0.163464439323864
-0.120830569386197 0.121631139045768 0.178536172140634 -0.153228993835345
-0.14545975122529 0.0942852770579792 0.199559960335702 -0.109240740489176
-0.172065372964021 0.0371525911303384 0.20998143558898 -0.0242265429338874
-0.17565514987786 -0.0199164636418142 0.128746244175807 0.0970328394390469
-0.131266579386744 -0.134850034054209 -0.00543376552311261 0.126667312919428
-0.0105978650380869 -0.214428437056829 -0.123769468595041 0.0551930150614995
0.0462370157498705 -0.201458341942905 -0.0481853836999195 -0.15230709017244
0.0712984777995852 -0.300966542300702 0.000290144961662972 -0.119111118985018
-0.0248782068908549 -0.363276951834987 0.225606427390472 0.0581647934604031
-0.150248345043887 -0.288863579938942 0.238468503848089 -0.234046192982934
-0.28378663718028 -0.17849301222025 -0.0329694052076496 -0.230631849868988
-0.337282968973598 -0.0369991266386524 -0.0775005819239433 -0.0781248193191957
-0.305453403722693 0.1001469256478 -0.00471237682444011 -0.0315706452864771
-0.227073973716533 0.182006950762938 0.064750068931031 -0.068166793620277
-0.200324231185401 0.190206819414945 0.0888343438584831 -0.0959428890933149
-0.179837144133062 0.175964965168725 0.124951527845008 -0.0962885926216395
-0.224369486488013 0.145761925544784 0.165938965716756 -0.0808108524527343
-0.266294309874054 0.0569189108865372 0.193114854347375 -0.0163352191804151
-0.259767921363594 -0.0336393488273702 0.130087877272014 0.109422493178336
-0.204967059579494 -0.16881236667311 -0.0127418311123254 0.148246868515578
-0.0749932039953615 -0.288408780017252 -0.138141120338199 0.0812048771628647
0.0103902184404667 -0.304838587128287 -0.0660833248996627 -0.0778040756204147
0.0601808951493988 -0.327239670977475 -0.0210283539439362 0.00616259454717527
-0.0560146948146521 -0.348013331753708 0.244377303652724 0.119785947604089
-0.152572812054181 -0.236202276790746 0.218914710960701 -0.230846561793077
-0.242025723808 -0.150297799082065 -0.0764845974572399 -0.243484488969251
-0.316107155724355 -0.040721459345813 -0.15999273148518 -0.0731902680884748
-0.305198181220392 0.0976221653006496 -0.101516287382922 0.00916545249575672
-0.241465844631122 0.194184819036519 -0.0309109073790953 0.00082580330671471
-0.227269724960849 0.214067461589113 0.00816126310566855 -0.0137528789082333
-0.217409429151762 0.208277059801739 0.0551248988202684 -0.0185167095614521
-0.278117468056565 0.179421793933601 0.108077658479953 -0.0242729657388702
-0.333334515571486 0.0658558612408842 0.145849792903738 0.0150506777535447
-0.317167556031563 -0.0481729372766847 0.107072948424263 0.130254379480372
-0.257033809082661 -0.189009785522969 -0.0293225627138433 0.173412903364967
-0.135005773201657 -0.332648881034941 -0.146449078274402 0.115597953321294
-0.0272238399797397 -0.376064240880617 -0.0747419643957314 0.0182934927244439
0.0273732670029782 -0.29862254517978 -0.0364061428798755 0.116134010138545
-0.0805082822400363 -0.259537058440607 0.243169423514403 0.131995351333269
-0.115920570539162 -0.132092963301749 0.162521141376765 -0.214764553983586
-0.149967284038153 -0.097903814003269 -0.10914526658177 -0.218448540484034
-0.237763764074515 -0.0390163936551992 -0.206936341973977 -0.0564973257424994
-0.251627480091686 0.0811855558328914 -0.172548903558406 0.0443339863420096
-0.214870611366933 0.178038004896095 -0.116563031427586 0.0665863673202659
-0.219722879894681 0.207164477243312 -0.0737229157947529 0.0714700350777929
-0.224129684448059 0.208392577755711 -0.0248428357958378 0.0678185030360833
-0.291495352711661 0.175077025033467 0.0304882736392817 0.0478177475136313
-0.340078541370042 0.0470154888305621 0.0698718761579365 0.0610277690696451
-0.309940881833797 -0.0689426871573749 0.0589701118220188 0.14987371214651
-0.25547624342869 -0.181152541531826 -0.0550842356147773 0.190825251555742
-0.165094298205757 -0.333956742911905 -0.147200246731892 0.150682501363089
-0.0526153206017189 -0.393223972161474 -0.0758974476263709 0.125034183944571
-0.0148784860907058 -0.229850416172879 -0.0376214075639482 0.193668930200643
-0.0935519958744315 -0.139769046670672 0.223047020551179 0.103579831182452
-0.0628033158704579 -0.0297760582396028 0.0938904647978177 -0.185072974968685
-0.0543080403129558 -0.0541374558596708 -0.120043724760324 -0.171874096723397
-0.144656510917108 -0.0361557987751313 -0.216101928906664 -0.0363147545549789
-0.172360721674976 0.0564803250803673 -0.209729912433897 0.0709024683587507
-0.161419765442154 0.13865637451286 -0.179569619064318 0.121860611295167
-0.177921677582762 0.168554354111502 -0.143839244930114 0.146955149555422
-0.192940478264031 0.169186050086966 -0.102738241782053 0.145114763057855
-0.24996852118121 0.128110033779179 -0.0549512511498435 0.114236515759546
-0.273820058470323 0.00708408175136026 -0.0169740074889372 0.10028946818343
-0.224713981843047 -0.0788694284818203 -0.00108232757113648 0.156472165853612
-0.196702639332258 -0.133906336097462 -0.0864943093179241 0.194624846395293
-0.159460006931813 -0.275817939995649 -0.149735535880568 0.176780710518765
-0.0612625419808012 -0.347885265273445 -0.0747548154797313 0.223591005929164
-0.0489924422841947 -0.140430015512781 -0.0241689181669838 0.235896766222828
-0.0889311166213065 -0.0343329117750334 0.195517978731441 0.0620585044486872
-0.013941239250048 0.0350328874749056 0.0420756801123875 -0.149997662539724
0.0134662414364034 -0.0303849730858211 -0.113380058538732 -0.13256948749769
-0.066073333794332 -0.0342678590010094 -0.207865024971515 -0.0207576001895755
-0.0900661651272359 0.0284374408303665 -0.22422995457067 0.0894317146887546
-0.0930547931250854 0.0833092779941753 -0.215019090593593 0.162859567002946
-0.108512816193408 0.102720381846871 -0.192636802252807 0.201055966930368
-0.124506580486085 0.10030187274609 -0.16474569908206 0.197539776313133
-0.155162347441512 0.0583063056944972 -0.128806111782868 0.153744892892229
-0.145741283224232 -0.0251110866907808 -0.0895029964223068 0.116679508795462
-0.0926383682318178 -0.0527793072581257 -0.0486695482325114 0.148830088531353
-0.112931160226309 -0.0433536506263441 -0.115244761500491 0.18993933000324
-0.130528850852156 -0.166230739311504 -0.163492093419301 0.18329581718307
-0.0601949457139284 -0.237732046371032 -0.0755485028867195 0.289245560895727
0.0594031504182997 0.0625025430176947 0.0367943031604194 -0.300025178378084
0.0877502806331314 -0.0190087574791484 0.132675906778279 -0.163189651055026
0.0187425000344942 -0.0620252536760067 0.131323519016486 -0.199991116695484
-0.0498999638016062 -0.010710505143162 0.0337060859735961 -0.128971531175805
-0.0109879723487508 0.023687507144407 0.100039615880407 -0.0761244323931109
0.0109145091255584 0.00445653337191608 0.170492114035813 -0.128067133486811
0.0166506324077605 -0.0129690891609017 0.20041326567358 -0.202329694757718
0.0231990636604642 -0.0168233714964907 0.203356380940584 -0.216657929536848
0.0285050168051255 -0.0096487871510154 0.216751070015022 -0.183862941280955
0.023663566811656 0.00795431306786619 0.211308417704776 -0.106634173852108
-0.00192604448157952 0.0298089317813583 0.195850988486133 -0.011567146194254
-0.0556335594191807 0.0204102240241258 0.112913836210826 0.0889377958945055
-0.0281566292584323 -0.0651979322414522 0.00197183865507771 0.117398650745683
0.0644516709874768 -0.0519968560689195 -0.110624116812671 0.0238628594859572
0.0721801180265715 0.0328950635233976 -0.00397080044281077 -0.223900232584823
0.0622617407597499 -0.0807029847359092 0.0313323200507375 -0.289176879993265
0.0467128288776649 -0.162928428885917 0.161436974373829 -0.111458865098666
-0.050077145423266 -0.17153595838821 0.172894862621343 -0.212552264504269
-0.164369218767821 -0.0896508931436161 0.0270896970135007 -0.145949829286097
-0.157267519000339 0.00573385722114975 0.0779743217387783 -0.0690427661621453
-0.122311766596841 0.0533144737960654 0.155018464081321 -0.105377194618214
-0.082633899442522 0.0704451204659866 0.1937402469963 -0.179717700278205
-0.0639495517495051 0.064380812234794 0.193815387707534 -0.203462936688612
-0.0482264180293464 0.054061624685465 0.20727754827838 -0.180948322822721
-0.0590613334262725 0.0440424631026251 0.210079034942127 -0.114453908791344
-0.0787463358565016 0.0269349223543414 0.202433046319475 -0.0201248618226866
-0.101402842748526 -0.000388130411503623 0.117244239296125 0.0875995031250968
-0.0681069528741965 -0.0955339663462208 0.0015766573297309 0.113599394664696
0.0377779732733511 -0.131326828673179 -0.106896055580089 0.0393884632565339
0.0693781651196461 -0.0824747869044231 -0.0254653028272802 -0.198129977242221
0.0699388756324582 -0.209030688542953 0.0209598820025209 -0.221089379745585
0.00950812706281068 -0.288533014422047 0.193975550624388 -0.0314404771438764
-0.107795294732508 -0.257672566619279 0.211780592735795 -0.225418895558119
-0.247504451043379 -0.155150874426115 0.00418473597731561 -0.184033831043498
-0.276059889118434 -0.0203561769926202 0.0130574941248838 -0.072341454425438
-0.236268158519334 0.0842010791127573 0.089952759262328 -0.0711606324592171
-0.169377946243836 0.137129536158821 0.144121077407153 -0.131614973746847
-0.141737776321217 0.135111809480076 0.151548563564669 -0.161501778739366
-0.1197027674714 0.118213910771575 0.175816720525519 -0.152551332280057
-0.143551144656249 0.0914399137136751 0.195500429205862 -0.109821737538216
-0.169343905512122 0.0369464029941397 0.206434651475274 -0.0272838358684368
-0.170817876990448 -0.0188793690054749 0.128836040682091 0.092350732216035
-0.128230659603198 -0.13088782515601 -0.00119424258622294 0.125187967605317
-0.0104943893233334 -0.21089822782564 -0.118949106513651 0.0562030410683474
0.0470298268792104 -0.195780932313041 -0.0484655880845985 -0.149900253799785
0.0738697369413224 -0.29333189128797 0.00266408063684716 -0.112221705023314
-0.023651336742352 -0.358161190025704 0.223263883816348 0.0537882642891296
-0.14478986528776 -0.284302436918033 0.229553064124068 -0.23311822514695
-0.277670647459711 -0.176846159720104 -0.0326779160949583 -0.223243490567933
-0.33305399237741 -0.0368713489228695 -0.0761174588422628 -0.077722445562786
-0.301661692147572 0.0977419777719949 -0.00520724975560322 -0.0311951402624937
-0.224256085269257 0.178324429593927 0.0615551596570374 -0.0689148206547302
-0.197558073253601 0.186778021276592 0.0857547450416779 -0.0947120224538579
-0.177121911775977 0.172838585123245 0.123374942546574 -0.0971503021561564
-0.220587531875628 0.143233821668188 0.161695358785218 -0.0817074759351465
-0.26272311298716 0.0567979471284646 0.189766865827766 -0.0197809560148252
-0.254164771624866 -0.0323401626615792 0.13013520855048 0.10453747375424
-0.19939495060233 -0.166271073898051 -0.00863444149219959 0.146942008094562
-0.0728130737685138 -0.283248300669109 -0.134234414611452 0.0824456894446347
0.0112665919553651 -0.296618479994202 -0.0672126452512317 -0.0776134262711746
0.0611494168480406 -0.318644305045709 -0.0203174445398786 0.0101432907415989
-0.0532873661093971 -0.341078381413889 0.239961919760674 0.113686938055163
-0.144577051045534 -0.232464109157026 0.209825234588735 -0.23077450872359
-0.237047593538701 -0.150012833349792 -0.0761070413923903 -0.23507421242294
-0.312003400679922 -0.040144683710484 -0.157851994599141 -0.0731576907578273
-0.301119053648413 0.0963867792001731 -0.101128378932727 0.00913138491924475
-0.237220062550328 0.190171592566285 -0.0315676000991683 -0.000808040133142012
-0.222813531115918 0.210711010779779 0.00546883046221177 -0.014228980175087
-0.214156864753001 0.205004582853536 0.0538082064720245 -0.0203284694310113
-0.274048366803855 0.176796444020427 0.104728626899019 -0.0265874911961866
-0.328596993392469 0.0658724884304692 0.143021813674476 0.0117023001740589
-0.312345265778236 -0.0478623391315936 0.107581726883921 0.124647566760066
-0.250309372253806 -0.186950282901129 -0.0256810622279497 0.171597253130601
-0.130498666958203 -0.328590087221803 -0.143754974403355 0.117234467238508
-0.0249860753624721 -0.364815627687647 -0.0765664483347016 0.0161700572306162
0.0273791059765826 -0.289265735377403 -0.0362636840273954 0.117253862767246
-0.0763088374577577 -0.251609010176265 0.237865728419293 0.125912239040784
-0.108560428204135 -0.13023195664331 0.154492658503601 -0.212843748912955
-0.146937814915291 -0.0993535173548533 -0.109229502255698 -0.210351065548861
-0.23530279004568 -0.0375741740847259 -0.203559389626957 -0.0559303926818738
-0.247772527075388 0.0798213475799611 -0.170473740552787 0.0437840872019306
-0.210607244042556 0.174700802023254 -0.115689681767231 0.063528979804257
-0.214744353645244 0.204255132027201 -0.0760751617572161 0.069457292459346
-0.219475389296554 0.20512318055126 -0.0251984292566059 0.0649670946163846
-0.285466412241798 0.173235498758749 0.0283280876323714 0.0448393011073938
-0.336414660506669 0.04790504549802 0.0684300661854274 0.0578771303057135
-0.306575235518873 -0.0688069466490148 0.0594981189976349 0.145183679823485
-0.248121616009095 -0.180554769344608 -0.0519173455376388 0.189907774225888
-0.158482659221906 -0.328498646646626 -0.146794552817289 0.151460128629603
-0.0498861729629886 -0.382745733984762 -0.0784489637800005 0.119895052240974
-0.0135700431900546 -0.220494683800677 -0.0375028491826327 0.191302208344646
-0.0895206522330471 -0.134817733088471 0.217109630556782 0.0973829715905834
-0.05680211122674 -0.0300165626927616 0.0873365564317741 -0.18252018453931
-0.0541965779434709 -0.0561427649649261 -0.119077660132289 -0.165451048335385
-0.143362832635162 -0.0343342520157715 -0.212658614881652 -0.034845119702423
-0.169705732894208 0.0562045716489455 -0.206791555258735 0.0709440856140978
-0.156791887304973 0.136472658188071 -0.177097599679413 0.11877107037163
-0.173072099213268 0.166184469101543 -0.143654640281921 0.144224667474532
-0.187671955659504 0.167169924456079 -0.101485331856273 0.141625149972188
-0.244889612894841 0.128669534603003 -0.0555736130768073 0.109640226799185
-0.271273504843357 0.00920837846448762 -0.0168978360586492 0.0969679103200259
-0.223301108783051 -0.0800583500894122 -0.000356169893402699 0.151851385314308
-0.189342969366155 -0.134781978803848 -0.0841776378726384 0.193443695417462
-0.15352679160218 -0.270381262344324 -0.149286758232895 0.177051643100438
-0.0604993676143041 -0.336876096518608 -0.0774214226078655 0.216234274506314
-0.0482715781799284 -0.133518145437996 -0.024458011692209 0.231452462479233
-0.0849838784726467 -0.0312863288747533 0.189177680540081 0.0567824926965308
-0.0107579750312484 0.0323770088082495 0.0369598195895149 -0.147809594553417
0.0112903121135356 -0.0317689203508724 -0.112329163162317 -0.127377716486637
-0.0668786470404999 -0.0317805549500204 -0.204581798942131 -0.0188443501524974
-0.0886101341742807 0.0290603042950297 -0.22078465340148 0.0888290728041065
-0.0893225111216869 0.0820709975425003 -0.210192490997859 0.158765428414232
-0.103959402389274 0.101805236670486 -0.190014360213509 0.196916637745707
-0.120127589495056 0.0996514508956105 -0.162057878037269 0.192651164978724
-0.15155934225912 0.0598393632920366 -0.126525630384247 0.150386165010914
-0.145541855180228 -0.0232322710811376 -0.0882339614585791 0.11321343904256
-0.0930606015089117 -0.0547091102749226 -0.0482615016927441 0.14485138331222
-0.106647053388366 -0.0449480030291515 -0.113148734573918 0.188235114879449
-0.12650622930042 -0.162156292450175 -0.163224803916627 0.184595970613177
-0.0589479300847976 -0.229985792859943 -0.0785728964501344 0.279703587349889
0.0604953644420513 0.0592507754449091 0.0436855444710465 -0.295287141865409
0.0847495276879947 -0.0206753007477713 0.136544372227583 -0.166931012648995
0.0176032729859305 -0.0615537401695816 0.130557211153319 -0.200945922499469
-0.0471447340528308 -0.00831965652829629 0.0361303584030147 -0.125299038472148
-0.00879877786912434 0.0220120621541777 0.102160175834348 -0.0742961393595442
0.0107822823944839 0.002565014473358 0.171275887137158 -0.127278367110006
0.0152056512895991 -0.013439917253285 0.199423860346906 -0.200414871709849
0.0208774584290407 -0.0185784828375486 0.205227180647785 -0.214926863860251
0.0274238346587244 -0.0119952804214341 0.219342706797755 -0.183534246438566
0.0235854326855528 0.00585801220316069 0.211778574616224 -0.106843714868349
-0.00121231828333434 0.0287387194161708 0.195156571251772 -0.0128275931738541
-0.0532277163373872 0.0220309593206815 0.11347524617675 0.0873886647839762
-0.0289717850967594 -0.0636001027319639 0.00522481962080377 0.117122606485449
0.0620578521027387 -0.0539853590108176 -0.106886866119393 0.0248744772225688
0.0729633559071401 0.0314488018214455 -0.00421223099094983 -0.222291889469203
0.0659702920101074 -0.0824310784016154 0.0382708041359937 -0.284233302546334
0.0467624906318083 -0.1656336164404 0.16493620092514 -0.114793454423394
-0.0489983246164005 -0.172457852750202 0.171134407976876 -0.214847259305677
-0.162327042485411 -0.0892640962760791 0.0293070297251129 -0.140578368656552
-0.156571360340146 0.00345423934260897 0.0799183254560448 -0.0684019471492395
-0.122609393510397 0.0516098053322543 0.155897796279489 -0.104891077912538
-0.0850889630648522 0.0694773947236144 0.193383864402723 -0.17964925976893
-0.0668967756285107 0.0627897386257915 0.194909698849799 -0.203954646405625
-0.0501293116786899 0.0519697699895562 0.208496882854769 -0.18182253751266
-0.0601963084280715 0.0416061139801819 0.210290865680344 -0.115896720494823
-0.0780654553420096 0.0266867334146423 0.203104134993608 -0.0225254682515378
-0.0989207329846862 0.00038804830105774 0.118263454452228 0.0851947644491572
-0.0676586036716341 -0.0941204405066071 0.00535503710482324 0.113833169058584
0.036379206497478 -0.131623303697845 -0.103362775542464 0.0409720605731001
0.0706855480374368 -0.081954927267756 -0.0261717962632795 -0.197064545720353
0.0751856442033512 -0.208380655161594 0.02581464685478 -0.216637960493968
0.0107234685348021 -0.290624576052077 0.196942106426274 -0.0352388666435838
-0.105063258674984 -0.259684298611059 0.209844577341464 -0.228238123194189
-0.24521219500504 -0.157863292255624 0.00556350409151308 -0.179750230903358
-0.275211300665271 -0.0230829106542145 0.014791375459718 -0.0722762237716417
-0.238313798017732 0.0826132819734586 0.0902074046408267 -0.0714602517046758
-0.171565356104049 0.135489476372684 0.143176907987295 -0.132670423092948
-0.144340439368456 0.133894826194557 0.15123457763497 -0.160682379616744
-0.121171398141029 0.116355754255002 0.176227983677704 -0.154212013362861
-0.145058170291533 0.0898344510460592 0.194988205026133 -0.111533113815725
-0.169613651465867 0.0366181264919921 0.206928061703132 -0.0297429733179982
-0.168883647604387 -0.0187419936675871 0.129655985020054 0.0903955740967237
-0.125733596897808 -0.130495355476404 0.00169663840515984 0.125864657461957
-0.00981228002513357 -0.210933813141991 -0.116093259490847 0.0582126248494389
0.0494060423359267 -0.193683069293981 -0.0488137268302745 -0.150513152521777
0.0794398222876835 -0.291715714129017 0.00493434664584735 -0.107491509975715
-0.0214351701377 -0.358104938134847 0.224892843087742 0.0513458987997101
-0.139429659359375 -0.28681805149657 0.226361513220273 -0.236255014948669
-0.276506247063975 -0.180799669113292 -0.0328128522412409 -0.218346740451342
-0.333871972902373 -0.0397543704522522 -0.0753455050994672 -0.0787887187581263
-0.303197340378434 0.097025057096052 -0.00580269879405654 -0.031627273322371
-0.226887506941147 0.177354547199964 0.0606501087280344 -0.0709156751402574
-0.199900007766254 0.185036246928045 0.0843637328895302 -0.094349870228643
-0.179102854891634 0.171144212738895 0.123718882184234 -0.0988320748561893
-0.222477390139683 0.141631378144608 0.16149114744175 -0.0838409277535231
-0.263848072408022 0.056868712373227 0.190155795789897 -0.0221433748266042
-0.253507799884186 -0.0338972823293047 0.131304274878894 0.102298963749075
-0.196573061424825 -0.166907620744065 -0.0060377583266143 0.14836754046767
-0.0704782692600399 -0.284710243842356 -0.132776539504021 0.0846553999669206
0.0157889281688097 -0.293146557475771 -0.0686136443756151 -0.0787850137042447
0.0663201790745385 -0.315880448857197 -0.0189253326074286 0.0148182340944733
-0.0495112220586786 -0.340341926305174 0.239919143619512 0.11152156107585
-0.138131747881609 -0.234681905847287 0.205268701884613 -0.232593250291979
-0.236431319385231 -0.154673081108491 -0.0762101071424235 -0.231098313402512
-0.313692913666407 -0.0424887775201687 -0.157953713121767 -0.0743533004442669
-0.303081613127292 0.0952082171616594 -0.102188364011824 0.00819383257116761
-0.23937739661726 0.189244491212438 -0.0339504705456689 -0.00346035094416514
-0.224524057201758 0.211212197527875 0.00256918433266045 -0.0146111951141171
-0.215064751234183 0.204628651628422 0.0538995068346685 -0.022150725255571
-0.276009271783594 0.177340237617332 0.103430824101907 -0.0286687314376075
-0.330935596776743 0.0663835420149456 0.143836097569443 0.00903785309295056
-0.314027185737023 -0.0503844355919614 0.108604944064855 0.12318075768208
-0.24726035758597 -0.19017222612607 -0.0232815654371114 0.173016989606798
-0.1266528215893 -0.330615511338875 -0.144596440668009 0.11997919684324
-0.0197917386937106 -0.360749334410012 -0.0796911431515349 0.0132617887056298
0.031763552192137 -0.28548919717118 -0.0365652508679944 0.120161448775401
-0.0732137908733846 -0.249499751905207 0.237162877422707 0.123089714675853
-0.101792185226598 -0.131321032309532 0.149682687705245 -0.214554848254726
-0.146062747379577 -0.103411731201763 -0.109123352318052 -0.207965776475595
-0.236312869826201 -0.0378674798826841 -0.204583805152845 -0.056282165608185
-0.249346024017326 0.0799644442173381 -0.17200745455353 0.0432726527894925
-0.210629523892736 0.173751498189181 -0.118270739132886 0.0609477947830133
-0.215352422876272 0.204479084404136 -0.0791050879777121 0.0689745759696052
-0.219178990994857 0.205276108415847 -0.0262405190747192 0.0631552917830648
-0.287447495092292 0.173362729333801 0.0267581209249477 0.0429240955001145
-0.339209479375675 0.0482738337667149 0.0685444781204324 0.0555202435217305
-0.308096305438683 -0.0731737516245091 0.06018863787219 0.143007369381346
-0.243333103280572 -0.184711532811589 -0.0512987030774859 0.191240704581508
-0.154965121488493 -0.329890303304607 -0.148349493372938 0.155197495262637
-0.0446648205254862 -0.379118173853607 -0.0836623410519383 0.117076888301267
-0.0117227277184274 -0.216221543509497 -0.0389796376561462 0.192921608804031
-0.0862153844153145 -0.131941052953689 0.215162593165027 0.0938533580606166
-0.051847216753673 -0.0317554094786813 0.0831303679568337 -0.182587686590137
-0.0543509944457788 -0.0592350341767434 -0.119728705136712 -0.162475309379556
-0.145635778853167 -0.0335043065139401 -0.213118784328686 -0.0349527863779819
-0.170182406822517 0.0566337923960026 -0.207939168790869 0.0703902024518842
-0.156805691583854 0.136521386837612 -0.178846501887606 0.116559027517777
-0.172114612167422 0.167364493247999 -0.147685871914371 0.143396171063172
-0.18741975577814 0.167538516964596 -0.103221924947834 0.139860749399875
-0.245303741203107 0.129308146396473 -0.0572360291440724 0.108686287051894
-0.2742044399705 0.00898074383280733 -0.0175439409472507 0.0953040724730459
-0.226117801686768 -0.0832401218817453 -0.00098232017250674 0.150583408010172
-0.185444723662126 -0.139480225357758 -0.0840429560759569 0.195278260390202
-0.149493100885954 -0.27164847520293 -0.152215207814385 0.181208033812844
-0.0574757934101612 -0.332807694009103 -0.0827585101529611 0.212406129460848
-0.0476795639240005 -0.129253576542673 -0.0264752546908187 0.231577871669862
-0.0820483474249097 -0.0290393314427262 0.186760596450907 0.0523231325979019
-0.00746419914159909 0.0304456099359762 0.0334934103267516 -0.147288303946383
0.00896589915032737 -0.0339957930279496 -0.113316557591596 -0.125213109137109
-0.0683086886703218 -0.0299065110593472 -0.204733309646232 -0.0177720261240903
-0.0884642853728846 0.0299971733772825 -0.22114992123018 0.0893906453290771
-0.0888504256998382 0.0824916666497127 -0.212872291068747 0.157263947798091
-0.102346783683054 0.102041185155945 -0.193934152316597 0.196371180587218
-0.118585645766544 0.100377442797531 -0.163141896272752 0.190798669061918
-0.151417321552642 0.0615093690021461 -0.128175981222332 0.148840238048095
-0.147887808449893 -0.0222061404669233 -0.0886027782009825 0.112765743935005
-0.0953468455042678 -0.0581853108500176 -0.0498039042366685 0.142618433993158
-0.102323607587642 -0.0481315487566486 -0.115176361366741 0.189469543466618
-0.124152269774527 -0.161379203924278 -0.165997961868032 0.188501651507496
-0.058858242294775 -0.226715578333788 -0.0841486219814731 0.276318970145483
0.0832545267255776 0.00973303556459464 -0.134495472792361 -0.272209364239335
0.0521788534034785 -0.0662678821297452 0.0089163319060801 -0.226100329657416
-0.0219277855157371 -0.0600373763585578 -0.018346790708484 -0.244703323266811
-0.0396208553265392 0.0199357914700296 -0.0439815676822725 -0.121321203166351
0.00620747311621043 0.0198648760258269 0.039754824213803 -0.122190142596499
0.00822990982619465 -0.00586486930008748 0.0609498530502958 -0.208416611949088
0.000114159363248497 -0.0200668991242534 0.0380192068253161 -0.286505019901603
0.00258526899367487 -0.0287324576016382 0.0358945969950736 -0.300004232083089
0.0120535617353914 -0.0294717228910236 0.0648601999551919 -0.285745259606608
0.0199880586247357 -0.0126600821893511 0.106740335322366 -0.218545670915603
0.0178258857395707 0.0217012495158724 0.147962091539704 -0.132084051419862
-0.0265119761948415 0.0502433431822349 0.145884854598602 -0.00214095467219859
-0.0633012135573184 -0.0316139299655175 0.081208909611808 0.0882211375530714
0.0131311953703575 -0.0825047561610581 -0.0639635273599055 0.0882649329379155
0.080703190512169 -0.0254685627874119 -0.14895886693835 -0.174598796816409
0.00851337205144082 -0.110523654489828 -0.142112864686232 -0.25685967202157
-0.0600250353334388 -0.161251724238806 0.0581788277772747 -0.204099629744383
-0.140360660096125 -0.114407345613283 -0.000915541875004426 -0.2799283244165
-0.179372443468344 0.0191821358321681 -0.0655795776317636 -0.127558611773814
-0.124131478599053 0.091622269388163 0.024422322534176 -0.101433566007996
-0.0708332393904243 0.113549608163635 0.0586178553436577 -0.178509715655642
-0.0299200076529375 0.106326372550974 0.0442983773792458 -0.264003936492425
-0.0190438438633712 0.0918592776631269 0.0332698892784344 -0.284150218261463
-0.0122407176842542 0.0712232125442752 0.0567119299979711 -0.278450919864858
-0.0257054919955751 0.0694802301171315 0.0994436027084207 -0.225492567148456
-0.0470749061349034 0.0684427365959434 0.148430683572556 -0.144261891326041
-0.078029817968075 0.0594782473530595 0.149808715914276 -0.00644962229757013
-0.114403403912469 -0.0336752460321602 0.0792529760507699 0.0867174876005257
-0.0555342110165528 -0.130547922694711 -0.0496714366836657 0.0981355622382308
0.00814053229652768 -0.117792791685475 -0.145357495117537 -0.138656110308834
-0.0530552766296197 -0.219488851993545 -0.119580014323123 -0.192837144152912
-0.157089220758305 -0.242784333663648 0.128476815606174 -0.160431357694639
-0.234912919159871 -0.154994380680655 0.016208985785423 -0.313317608463488
-0.28757498080931 0.011144929271861 -0.113070154632023 -0.142450644483703
-0.236407784776727 0.140574182249882 -0.0341872805605687 -0.0632755170783793
-0.144746290933319 0.207277262489735 0.023358342293067 -0.108474616562643
-0.0595818553050405 0.212005269977402 0.0320375924984336 -0.193095393677185
-0.0379296287344874 0.197516341497954 0.0234662727596573 -0.223648178455321
-0.0302395844506107 0.168285485911308 0.0461504082729299 -0.23713386280346
-0.0650363102582263 0.162131046966468 0.0896794829285968 -0.214032545258908
-0.115824877866902 0.135033332867877 0.148553407690831 -0.153096712827019
-0.149252394922564 0.0852756945122655 0.163632111838142 -0.0104319674754469
-0.185688167255483 -0.0293142048898911 0.0850446796210749 0.0988794305076381
-0.142568882908994 -0.167497176872834 -0.04752779848548 0.118642151559233
-0.0802901624821551 -0.196469083044394 -0.130139380796895 -0.0839018173783136
-0.0955355776982337 -0.288626649764562 -0.0764206843653802 -0.0903584969119692
-0.21951688167262 -0.277918285267512 0.20044830490775 -0.108922038420972
-0.277495620798706 -0.157763358819055 0.0223290825748505 -0.32744552926979
-0.326312974221048 0.0089430144864684 -0.171052744829331 -0.149467146485703
-0.293639517692517 0.162424042768362 -0.112054077956642 -0.0119860706493846
-0.188927920630885 0.258580117041247 -0.0325111285379061 -0.0163698295082613
-0.0772749365618038 0.278181659718926 0.00233902751722175 -0.0903340056566587
-0.0509049213480463 0.274124481184604 0.00844024146646596 -0.128636439537109
-0.0430219422500528 0.249787094745756 0.0361541276206924 -0.160107881213366
-0.0956627593298386 0.255293877772155 0.0786107653468386 -0.170629101232273
-0.182772842565224 0.211599822849692 0.141231872677699 -0.136451474963847
-0.231133470336046 0.124747519578384 0.173548144477358 -0.00133991467787325
-0.269546119923415 -0.0169727303664311 0.0937879023770115 0.121960481852746
-0.23970559054253 -0.190096475935479 -0.0423241444662105 0.151034121515345
-0.17110858585616 -0.256439014147338 -0.0973736757811048 -0.0125094247576229
-0.120530823929514 -0.298929117532217 -0.0251791227920766 0.0249088406594542
-0.22967834973765 -0.244987041261202 0.248584417679753 -0.0673346249272609
-0.244392662839884 -0.117731759649256 0.00932957753118991 -0.311259310742789
-0.279733436088109 0.00751375741856782 -0.213286200778145 -0.134561789318866
-0.278122563101485 0.149271716854995 -0.176678017393362 0.0413259315155851
-0.188544744388231 0.258522213572917 -0.0855842738160816 0.0755031413682449
-0.0798030210283231 0.295008549733012 -0.0329558651029839 0.023897648942196
-0.0539391633940846 0.310099210575353 -0.00921305295607937 -0.0137886850721482
-0.0514380487807946 0.300993203579279 0.0260999112371496 -0.055172473775454
-0.116943486287679 0.315997495351321 0.0647891659479587 -0.0902613360203197
-0.232127413155811 0.262696165377288 0.123423075363434 -0.0813338795788809
-0.292580512506183 0.148725914273047 0.168695273956744 0.0299374169937733
-0.327825236604842 -0.0060182547966162 0.0964670749532295 0.154244251622321
-0.31522791129879 -0.193187109973358 -0.0287135718411836 0.186514784963839
-0.24439410682509 -0.28811543428931 -0.044800138272482 0.0711349784899914
-0.130439864588598 -0.252467624151604 0.0265985506736235 0.122608628261854
-0.195209742234497 -0.158480163062236 0.253325565066053 -0.0527315958306102
-0.155289196854733 -0.0548083535327147 -0.0199632342824292 -0.260575746131866
-0.179529552693456 -0.0018768083094392 -0.222076718770866 -0.0968381149581778
-0.213451497762514 0.10895199430582 -0.202747252900471 0.0835327524464335
-0.153808454110089 0.21404341524863 -0.118663401205646 0.145854502690826
-0.0644845050205689 0.266146028040113 -0.0619011366921519 0.128325146257384
-0.0493960970203594 0.298483422976554 -0.0241092084349143 0.104419880551412
-0.0538752185762171 0.304785114581176 0.0140186569222687 0.0634864596133141
-0.126934806784595 0.322193188826031 0.0459793227055567 0.0158301067355052
-0.250404716785183 0.254077671239335 0.091705927651832 0.00353480622019608
-0.303434141778509 0.127771059328186 0.141101756446861 0.0779562146041971
-0.322303672790503 -0.00508377693033402 0.0848142453077 0.187416697371556
-0.33624834838104 -0.174336442785486 -0.0103377018365449 0.218497066356202
-0.277531834156502 -0.284144513752289 0.0181632873060115 0.157364616362173
-0.127393051576195 -0.168931569655195 0.0724812113882582 0.184082742337319
-0.138417047391007 -0.0571063373787294 0.220257865926002 -0.0586457901768077
-0.0573232087241092 -0.00119735909305714 -0.0488674723723139 -0.1941290828586
-0.0804806243516301 -0.0176131111845148 -0.199390185907179 -0.0561395936408969
-0.137118593179909 0.0609637107886106 -0.193922098816959 0.105271267952118
-0.102094588383567 0.148583422382458 -0.129277835111065 0.188302449239966
-0.0426998122136935 0.202612161765221 -0.0767024378121084 0.210122505942831
-0.0368177370986459 0.241119157444503 -0.0341878586007088 0.207343384612414
-0.0495814138654256 0.254813101772065 -0.00056702168938085 0.174008055305856
-0.119032564406482 0.259433980227761 0.0181278539036454 0.121891873977563
-0.222375493515817 0.182164152396179 0.0459807529107872 0.0894068745342489
-0.242689942302255 0.0677302987757261 0.0942923283989978 0.122335125891896
-0.243078405330562 -0.0035690707279788 0.0593494836919197 0.2123582891705
-0.294660082732355 -0.128289600216273 0.001625279589432 0.24355685701264
-0.25806929495999 -0.236092055181564 0.0766250530268643 0.233694451613767
-0.109182499444473 -0.0761938873918421 0.1105716041252 0.207803621350861
-0.0775589675253851 0.022928916256853 0.175088985704247 -0.0710328798962236
0.0125607083027298 0.0249471876215212 -0.0637646962740974 -0.135894656929289
-0.015947473647136 -0.0323660868110865 -0.168515507091129 -0.0312043326542605
-0.0721860442324363 0.0186872129701364 -0.175115377238058 0.112458037940482
-0.0521454676883024 0.0784171346192029 -0.124914985343967 0.210328038695597
-0.0193894464472343 0.118926548899555 -0.0773701192768523 0.262487400657811
-0.0179960428618327 0.145692118094681 -0.0392435722188697 0.277854945378986
-0.0331162157208437 0.157007509139197 -0.0172975071416313 0.253508993198143
-0.0840893144558982 0.146632607450087 -0.0142771735907789 0.199457088828604
-0.137452267786949 0.077344074393893 -0.00205811540783703 0.147303026741789
-0.117307052040051 0.00972034948072786 0.0476473458654219 0.146642298614751
-0.114945449662802 0.0221795233227306 0.028754704496949 0.226302520726771
-0.202520735186281 -0.0512867703848063 -0.00853580908861281 0.258747331819141
-0.194393410836931 -0.144626466344853 0.111507856384646 0.283238415792066
0.0847902296727863 0.00449644228876052 -0.139050629363139 -0.277077820474306
0.0485694096305597 -0.0701608929213058 0.000139387569360044 -0.237887188055648
-0.0258533140849271 -0.0596043786309957 -0.0287414359096598 -0.250589927541286
-0.0366413666227128 0.0207742214272219 -0.0444489838939869 -0.12297374000294
0.00730733068172522 0.0172489234410409 0.0403029665130329 -0.128170172985298
0.00721518547406009 -0.00837257442449835 0.0565193545463685 -0.215887552416001
-0.00144058966188569 -0.0206225291142111 0.0301404930155433 -0.292748971448792
-0.00100293858124723 -0.028646849751827 0.0300117223830377 -0.309054117888457
0.00801591927584826 -0.0304132515096479 0.058711957446316 -0.295963407583479
0.0180590478303174 -0.0149341606811238 0.102087016826279 -0.228547919020216
0.0193614700601299 0.0196265591306368 0.145760228611743 -0.141370534710721
-0.0222610881286389 0.051885765051586 0.149443615724767 -0.00880978754609816
-0.0660819564300261 -0.0275086911389338 0.0883846814087959 0.0848047768922753
0.00742043721806867 -0.0847582138196398 -0.0587609812258432 0.0909990069037842
0.0819684729476555 -0.0315164074550648 -0.156997284558328 -0.171227778779412
0.00698803894691358 -0.117111194893782 -0.146763710200612 -0.26024409356268
-0.0691640289679925 -0.164834708737352 0.0532779907727332 -0.216507019477962
-0.148343576833468 -0.113839337957293 -0.0140163557804108 -0.286225274406669
-0.181286741645748 0.0245036001369135 -0.0661768773481125 -0.128006408158984
-0.124928297771554 0.0953303583336974 0.0241609150190799 -0.107582522701258
-0.0708719259681014 0.117441424165236 0.0533124387480445 -0.185459504887369
-0.0296586572271659 0.110092993951833 0.0371378795380473 -0.271738777058892
-0.0194077141960328 0.0952692867755448 0.0261903264071798 -0.292561286126468
-0.0133412817779076 0.0730758314907579 0.0483597920431035 -0.289265390867937
-0.0268741751812918 0.0714156934598185 0.0937875634546547 -0.235502271588269
-0.0460359655640492 0.0703534459403498 0.146755076476489 -0.154285209010804
-0.076145416282311 0.0622732840618037 0.153149557292433 -0.014125612786392
-0.11661469339137 -0.0295098977174158 0.0873313118649571 0.0831030496847964
-0.0631988251597897 -0.131563918799036 -0.0438566901747254 0.100315243443405
0.00643037766664525 -0.122163073512135 -0.153251075098386 -0.134545400938543
-0.0581070658949438 -0.22629364725386 -0.12265770422853 -0.193796233155948
-0.169578892112382 -0.245245628743506 0.126070421607021 -0.173774387745685
-0.245233969336016 -0.155272382864368 0.00113406582501462 -0.321700108089771
-0.29352093352 0.0185008010952258 -0.115834657217031 -0.140212272519612
-0.240296992347903 0.150722560096876 -0.0350011727963385 -0.0660549641223787
-0.144028847040577 0.217074044721478 0.020001358237524 -0.11286018565471
-0.0557566452361924 0.220007765822973 0.0246402272571695 -0.199348803526509
-0.0349221299790693 0.20522574852482 0.0170276752974739 -0.230039168390979
-0.0281539027698598 0.173872973956245 0.0377098234679787 -0.246498387198674
-0.0636978508030769 0.16845844217166 0.0833755835632726 -0.223517255586262
-0.115229732176152 0.141934006976013 0.145416535129017 -0.164934048722084
-0.148594581586292 0.0903616574373873 0.166976933619269 -0.0187952270437417
-0.189394952453152 -0.0244864649578284 0.093987618147992 0.0956268551420951
-0.152606082599512 -0.166691414655765 -0.0415671449329372 0.122386111485551
-0.0847536423167191 -0.198657751782432 -0.136403888896173 -0.0805421296716459
-0.102841601996591 -0.294723691605349 -0.0760169042599884 -0.0894586340540662
-0.231696512929946 -0.279052767769861 0.201844473760177 -0.121705970360745
-0.286731618868305 -0.158985711740985 0.00572750377523153 -0.336481124164548
-0.336071930262521 0.0165938803750198 -0.175415353761306 -0.145822063408447
-0.297385714041051 0.174466306443136 -0.114748756172674 -0.0101479193614406
-0.186806772602574 0.271789478599682 -0.0340028030124485 -0.015759798998358
-0.0724674388616691 0.28797068000464 -0.00286534013700534 -0.0924351124748522
-0.0449474868208429 0.283509764561653 0.00273181607760341 -0.131662494202265
-0.0382304569046741 0.258205651731608 0.0299488478497454 -0.167098652225218
-0.0912788246042266 0.264597613104833 0.0731544187967375 -0.17898718386375
-0.180296430705221 0.223577544901893 0.138626823271502 -0.147649646344493
-0.233362991010373 0.133403988100657 0.177924501460222 -0.00942780297930769
-0.275431178694399 -0.0116064417257561 0.103250023337634 0.119686513528594
-0.251462386550239 -0.18881494500285 -0.0356656094559187 0.156736697568555
-0.178403643819404 -0.258044791845033 -0.102015466573845 -0.00849473941872713
-0.128030388505 -0.302763334653668 -0.0207619670651789 0.0279478712634167
-0.240145165421108 -0.245576934541091 0.251810303656419 -0.0807962427049728
-0.251107249205511 -0.119151627207552 -0.0065954140364663 -0.317940091015081
-0.288159401724021 0.0131035509042207 -0.219632483992896 -0.128070803025704
-0.282786739751564 0.162991570891982 -0.179645947572549 0.0474151843098125
-0.18666134385936 0.272242833477044 -0.0864398973712578 0.0807297935529218
-0.0723772779814739 0.305664469658484 -0.036512963402032 0.0256757750480384
-0.0463004105015038 0.319625486742077 -0.0117579307235481 -0.0123678571820799
-0.0443263232531354 0.31034012589602 0.0228939404711032 -0.0584255061527456
-0.110966884082941 0.329247165377328 0.0617485952304801 -0.0957609818406842
-0.230779763468138 0.278745695776063 0.122372509106448 -0.0899343165805463
-0.297757561772289 0.160057481530163 0.17403356231003 0.0235430940964398
-0.336145494411537 -0.00115613863319184 0.107160642367541 0.154173916475638
-0.327264983677179 -0.190867523573148 -0.0208864580845425 0.195783607065304
-0.253390332687956 -0.287654628823925 -0.0482800464168247 0.0756853103891619
-0.137296505899768 -0.253837081462231 0.0337026274742306 0.126374953672817
-0.201141376172839 -0.15583157947197 0.255938162479492 -0.0641550930916405
-0.156523161763983 -0.0569619131266116 -0.033954409554243 -0.264724036242716
-0.185480612889196 0.000947070266705309 -0.22781241648033 -0.0887506370649178
-0.216818268520424 0.120022955135821 -0.205525243828973 0.0914930912426383
-0.150668086873335 0.225523976807043 -0.117853326077981 0.154019994495479
-0.0573856840540717 0.275013122318034 -0.0625595611577467 0.13394636323305
-0.0406602542529343 0.30835417402292 -0.0241737444713648 0.109692016040012
-0.0453199929645035 0.313620149830859 0.0142022411805309 0.0635441701394401
-0.120504286061987 0.335513884831971 0.0457109546018314 0.0147506461053889
-0.250428262187296 0.270796920346295 0.0928785575373601 -0.00145025945757329
-0.31105695192846 0.139454513489496 0.146557992771733 0.0747642231830897
-0.3304226955992 -0.000939171079365107 0.0965763334058106 0.189742382068417
-0.348421981937731 -0.17195092187094 -0.00102006502030477 0.228871341173786
-0.28654234598376 -0.281136971810314 0.0174315216227102 0.162015920891088
-0.13168913343575 -0.167386840016385 0.0809873667171728 0.187726212621665
-0.138949442909116 -0.0534681526296883 0.21978871823613 -0.0694666544859698
-0.0555864589357357 -0.00494946297194437 -0.0601366447602453 -0.193983184983804
-0.0857593896836067 -0.0171891060820993 -0.203636331317732 -0.0478331405581656
-0.138898273805172 0.0692654606811955 -0.194635663759672 0.114533388629899
-0.0995121195872259 0.157053763590489 -0.126665526405994 0.197881896475422
-0.036069588594552 0.209469137813848 -0.0750491718154066 0.218031380613693
-0.0282283672100513 0.248584709708984 -0.031018270555272 0.215372662267618
-0.0405693412182864 0.26181724754957 0.00290642201598735 0.178372391730501
-0.114136274757047 0.27116901293575 0.0212103656896589 0.124494214041949
-0.223640020450868 0.196183879860903 0.0486791286122474 0.0897882084813357
-0.250639023660689 0.0766993390538701 0.099282292661776 0.12190703696925
-0.249523469027755 -0.00282539443805092 0.0703357216474369 0.217555597641932
-0.303032714639045 -0.124374866927483 0.0112609567503489 0.25459136804289
-0.268248347618536 -0.231884086372004 0.0791240651642974 0.237657842172798
-0.110769689045956 -0.0716285591133247 0.119361268590765 0.210042075492781
-0.0741529570567879 0.0261827968940229 0.172485158823694 -0.0805763224674678
0.0156372310997641 0.0210288347242738 -0.0722873991379445 -0.133895466076439
-0.0203663842260095 -0.0327121550485918 -0.172656884190502 -0.0239225997885005
-0.0736480822781134 0.0247617417771025 -0.174582609173707 0.121901994037706
-0.0500579904743093 0.083383239666278 -0.120953944171457 0.21949555457774
-0.0144512045185746 0.122089170964565 -0.0735638054592216 0.271650313537394
-0.0122970095573896 0.149220357148537 -0.033359273513763 0.288427878433534
-0.0262892643731854 0.161535103956456 -0.0107676533159075 0.260653191891601
-0.0803010359281606 0.153774392728476 -0.00837586205809239 0.204329630521694
-0.139299453924973 0.0860573724970444 0.0014964475211244 0.150986738818953
-0.124241939179384 0.0133465891369034 0.0513767438417144 0.148014807010659
-0.116002363741513 0.0208102218416483 0.0380523979419584 0.232428040619163
-0.206459618397697 -0.0458805114003932 0.00245045027810094 0.271592519633069
-0.201397615933936 -0.138205710394783 0.11662172480019 0.287740627439827
0.0845907186362066 -0.00340599247920763 -0.147437317528173 -0.274587760961216
0.0411760460854257 -0.0728875908271664 -0.0135273757483299 -0.24366392179937
-0.0301653219218852 -0.0568942670967936 -0.0443247113921828 -0.251646623210251
-0.0326744645173589 0.021814134944896 -0.0475043798996313 -0.122236586505001
0.00862259546355072 0.0135302699014065 0.0368433734675254 -0.133600406936282
0.00564205549564787 -0.0100400028464491 0.045464752478264 -0.221449358531417
-0.0042227723336503 -0.0211785644972745 0.0163813806019058 -0.295604046307462
-0.00568317914047853 -0.0285207676633932 0.0153213728556368 -0.313945087330002
0.00254611298317304 -0.0313309992760116 0.0437632412119221 -0.303879243153703
0.0148714595565582 -0.0172314428698237 0.0902499758946994 -0.236415335578429
0.0205221805372762 0.0173599908591815 0.137958838004851 -0.151227512174338
-0.016243932581724 0.0528367907164884 0.149293953230949 -0.0183912037545443
-0.0675838111600071 -0.0221368373221361 0.0958446250420312 0.0775538174161101
-0.00104645120921322 -0.0848090498878569 -0.0507930804374411 0.0933011486098201
0.0800114765988888 -0.0394535985777417 -0.16576591656088 -0.160463217467501
0.00222685822459349 -0.122193469341132 -0.15388145803241 -0.256591158429505
-0.0807955657682394 -0.164058602130281 0.0404282056874405 -0.225019900136104
-0.156338875234615 -0.108287521879888 -0.033202087641958 -0.288735984281539
-0.180867237368194 0.032294085829694 -0.0684806808429285 -0.12569309801114
-0.122189479658351 0.100747001053878 0.0211569323144951 -0.112538771091547
-0.0666248408196761 0.121567284438961 0.0447096934631729 -0.191057782419083
-0.0259161598070618 0.112880881202384 0.0222778752201221 -0.275055754665179
-0.0175129953395275 0.0987420586649256 0.0124710411620943 -0.297250163508901
-0.013335175187839 0.0739861143065217 0.0332296543270549 -0.296025023747981
-0.0252343325645129 0.0731223775073752 0.0807711585333471 -0.243342301184011
-0.0427709184796867 0.071492088925665 0.138087270758292 -0.165991335762664
-0.0694078185501769 0.0653284846135345 0.153140524381342 -0.024380591371714
-0.117264586373488 -0.0223800046575415 0.0947204138322913 0.0758519437773734
-0.0720870065332258 -0.128116929557937 -0.035813184786955 0.101640745067428
0.00161647186577693 -0.125834961669516 -0.161278225735873 -0.125677380941352
-0.0672274945079184 -0.228629934730143 -0.125925041866008 -0.190454964282673
-0.184573021698269 -0.240430076762627 0.11748909613386 -0.186355782443687
-0.255593730601765 -0.146996801620398 -0.0213944093788518 -0.323887445887986
-0.296610361810756 0.0324798100842586 -0.118736292244349 -0.135153059463132
-0.235763592405905 0.163117803441 -0.037581476549676 -0.0676003715294294
-0.135809769852425 0.227211632124641 0.0143977036457591 -0.115686712189
-0.0478412460901687 0.22508647035289 0.0130923895417922 -0.202243450044352
-0.0273553598454606 0.209321993033756 0.0050359748379019 -0.232935453424444
-0.023288634516609 0.177143934129599 0.0242764366334177 -0.252056475589271
-0.0572961722274389 0.173714510044152 0.0712698744398517 -0.231982912799326
-0.108783670117237 0.148474961359984 0.136708311171765 -0.17597315999486
-0.143923697900422 0.0969542871319421 0.167853354666088 -0.0297995847650575
-0.190318040931722 -0.0155265299348514 0.102594707006446 0.0887321976035835
-0.16294097861149 -0.159684221529992 -0.0322322154966743 0.125003387594032
-0.0918980901950955 -0.198050676453355 -0.142982894537168 -0.0719036845163995
-0.114830230925721 -0.294800370619219 -0.0752975611073979 -0.0856765602702871
-0.247093368024377 -0.272143793546391 0.197078789204148 -0.137548702262984
-0.297055636707378 -0.151102630812528 -0.0183604936281948 -0.338904731762083
-0.339276960883117 0.0312944390337889 -0.180712463137821 -0.136147558674107
-0.292873346086871 0.191472171296353 -0.11623330476106 -0.00648797120176907
-0.175565816880922 0.285298284896182 -0.0358407042249843 -0.0146772443293371
-0.0600783797151873 0.29550278617107 -0.0114462452570393 -0.0936673147028279
-0.0321210355075779 0.289890083765625 -0.0047999403247294 -0.132146539537933
-0.0278996220916462 0.263207247233556 0.0190487637488976 -0.171795849965222
-0.0798315531386056 0.272253367334071 0.0627210180241242 -0.18583775819661
-0.171118641544925 0.236132605657836 0.130234863168206 -0.159163760978075
-0.228480517858916 0.145116680737588 0.179076486055261 -0.0216745085781701
-0.277428609806699 7.15908257320746E-06 0.113713376224651 0.113575595894624
-0.263225391902077 -0.178465147754586 -0.0248953919800819 0.159943358686485
-0.187416904379787 -0.251455408261856 -0.10621591620699 -0.00152951605024489
-0.140552435382761 -0.301369161645285 -0.0146562566349523 0.0307555625188211
-0.252265067728976 -0.235388588738416 0.248658719586976 -0.0981806439511405
-0.256729261473192 -0.113755563298152 -0.0294513979174235 -0.317245100969373
-0.292467464050001 0.024396967930456 -0.224743478563521 -0.115762360551984
-0.278424088099039 0.179539136460801 -0.179113689950144 0.0563837125728407
-0.175259535659002 0.285834281545367 -0.0835723952368319 0.0856413657379428
-0.0586854236893306 0.312214753595431 -0.0383767751765589 0.0277283670444196
-0.0306045561226715 0.326542456263888 -0.0147778696431187 -0.0101650906513989
-0.0298597154589569 0.315208697419605 0.0174238651338767 -0.061094153998089
-0.094947166804297 0.339579647168811 0.0551156830928614 -0.100854242137241
-0.21962156823993 0.294772219071997 0.117124981551141 -0.100616504524397
-0.29418381445032 0.175655204614171 0.177082658864142 0.0125447009938072
-0.339331567049042 0.0117229216231382 0.119853555861208 0.149293170718012
-0.339190679584683 -0.178117367524956 -0.0075220338972715 0.199743550180004
-0.263439884336154 -0.276801004166229 -0.049061403137408 0.0809414811734387
-0.147841635079876 -0.24920916897704 0.0435960462248962 0.127798844309511
-0.206699727895893 -0.147028266694782 0.251422441873935 -0.08127794401131
-0.157697449703471 -0.0558315607738029 -0.053784354904017 -0.261237162892005
-0.189261391329177 0.00769248570666766 -0.231398853174316 -0.0752713909536221
-0.2136028882287 0.134083602290879 -0.202211162384418 0.10289609215008
-0.14113263917662 0.237709001990775 -0.111129125028668 0.162042677010148
-0.0441086741418168 0.280436813055214 -0.0597288369929874 0.139422164575189
-0.0247388902635904 0.312900024279638 -0.0202600669471695 0.114624846093177
-0.0302776256889444 0.319071980106335 0.0155723863135488 0.0630760774504232
-0.103861899602341 0.345670032844533 0.0451493454308975 0.0120528317943528
-0.239596710290801 0.288282059258229 0.0925621801216491 -0.00820218787483379
-0.310606434872894 0.15553101436563 0.151915356435761 0.0665724705937113
-0.334696497822984 0.00935463823769232 0.111204272514649 0.187643682793853
-0.358836427467406 -0.157528047803801 0.0130922141741415 0.234399886434648
-0.297449764740453 -0.267545699210165 0.0200074858482584 0.165061632953861
-0.137824694694437 -0.160763046056818 0.0926225043146951 0.18627330534933
-0.137473662885987 -0.0464612844863412 0.21432083423517 -0.084235341089283
-0.0536445303262856 -0.00738263606863598 -0.0750255395946009 -0.189331282673896
-0.0896563874744007 -0.0139045985834405 -0.205312956195124 -0.035298806727443
-0.136747747079626 0.0794599320355101 -0.190501769559902 0.125667460021801
-0.0917681610785776 0.164862643338088 -0.117216887661542 0.207002808258735
-0.0256331731344595 0.212379877363114 -0.0665061890206681 0.224485619806042
-0.0140444435639439 0.251552142646727 -0.0224424427253979 0.221385947844196
-0.0265009699448829 0.265869812614232 0.0101310947363996 0.179401754118913
-0.0998438666431909 0.280449730109638 0.0266637615326595 0.124530622030356
-0.216031211766286 0.21235978460495 0.0533137110206785 0.0869726754140382
-0.253440903434489 0.0901219188678313 0.106027177457151 0.117886105797695
-0.252384935113703 0.00275537667895259 0.0852677959682972 0.217269344226802
-0.309679114560608 -0.111289362452595 0.0275616387069543 0.259795036009744
-0.277170006990925 -0.21771268499806 0.0851847011194142 0.237551416549119
-0.1126507740696 -0.0647947462879629 0.131037274880268 0.206446439906806
-0.0690743447120964 0.0294700218424013 0.164607427624489 -0.0929130310998848
0.0177185195746995 0.0154365543232161 -0.0820679485792374 -0.128119800313769
-0.0252848098293707 -0.0319874963349234 -0.172928047622112 -0.0131479772607761
-0.0724793750865114 0.0325754728386584 -0.16796985929212 0.132435930887586
-0.0448057563371368 0.0877816672103931 -0.109623433562904 0.228004066952834
-0.00749505765041782 0.122761926131016 -0.0615169464082522 0.278527334855599
-0.00220035001987236 0.150498610818652 -0.021087672991711 0.295187755844382
-0.0161385982731741 0.163020806387434 9.26230353706967E-05 0.263098239994939
-0.0713318403606437 0.160465532828258 0.00174601330450615 0.207824325609118
-0.137550679722765 0.0965467910693738 0.00846352730767283 0.152078062433074
-0.129439557966193 0.0195329678215552 0.0578095232672524 0.147189027015635
-0.115707562210411 0.0202385290956464 0.0530836157825134 0.234983770453724
-0.208079624426474 -0.0354268927704245 0.0193397455490884 0.277165792700048
-0.20696764574777 -0.125519400247921 0.124937739408143 0.285433816495917
0.08223908515234 -0.0114483343404695 -0.154244303669752 -0.267929774334878
0.0331371772309233 -0.073600578986508 -0.0294798564160262 -0.24332697471856
-0.0336178199862475 -0.0523958421902713 -0.0602758493189573 -0.245413932971748
-0.0282187407792814 0.0222240402532992 -0.0492828368889474 -0.119282732424643
0.0088569895375714 0.00976176095932641 0.0308437368494721 -0.136568754020504
0.0029503171662829 -0.0111390359935397 0.0327997754330176 -0.221024996247566
-0.00740290610799287 -0.0202179914445154 0.00138405091467197 -0.291382973464694
-0.0107971636417299 -0.0268831183606636 0.00141128831640641 -0.311854895383696
-0.0024698613412941 -0.030239587186731 0.0268714604370629 -0.303652532849176
0.0111403976869763 -0.0182418858038698 0.075697532312882 -0.238643837596961
0.020854671219263 0.0136608885868525 0.126581173855433 -0.157489392826232
-0.00983829386572961 0.0513779828158708 0.145319405277151 -0.0281227724187109
-0.0672489501222734 -0.0150320205411984 0.0995214913836048 0.0680310627492447
-0.00943002224844533 -0.0821478904757718 -0.0418080104815363 0.093718251009681
0.0754882202476586 -0.0467502304686901 -0.169327904508567 -0.145297337898378
-0.00320240103940125 -0.124702991185476 -0.158348137235819 -0.247956764488777
-0.0905082036422736 -0.158328425000105 0.0269112068456722 -0.22897150545913
-0.161363283296389 -0.0990634703420214 -0.0521976275460743 -0.281509888101406
-0.17539949980589 0.0405631092906373 -0.0688908449732273 -0.120980718535239
-0.116243523706988 0.102856906734915 0.0156960407063452 -0.115440848306362
-0.0615833532268459 0.122368981728516 0.034242397761475 -0.191116258513887
-0.0219070792238353 0.112547867455413 0.0075007216138124 -0.271419119501004
-0.0153223621708197 0.0990918968815017 -0.00256552572673059 -0.294080909344598
-0.0133580338864476 0.0748830175854712 0.0166195900709702 -0.294991824804801
-0.0235828252731357 0.0730891066847846 0.0651797576347373 -0.244829199113083
-0.0386274721050539 0.0717320264948784 0.124988057469652 -0.172727297630057
-0.062453776510208 0.0658682100163012 0.149261027778193 -0.0348637864752464
-0.115202364729245 -0.014846898520867 0.0998792461175028 0.0665384304992624
-0.0803350767176763 -0.120940519788788 -0.0267321905443905 0.100616985368295
-0.00390766017279832 -0.127168227378012 -0.163319614982245 -0.11184785113742
-0.075986263368474 -0.226047274302206 -0.127637701922932 -0.18245721612944
-0.19608954928768 -0.228914594365562 0.105771858495797 -0.194322267885202
-0.260510998866013 -0.135558371074278 -0.0444026495988043 -0.31571809517533
-0.290915799634498 0.0443279773741842 -0.11965965422806 -0.127000575937272
-0.225349580209092 0.171449164262728 -0.0403090232290829 -0.0679143332027737
-0.124261737077404 0.231183338963319 0.00719218566067696 -0.115583288288753
-0.0376110921859834 0.224252870523952 -0.000419643179633447 -0.199907569143506
-0.0186904723984182 0.209598207690655 -0.00773899785940191 -0.230314581309659
-0.0173880253667914 0.176479268031303 0.00911588401655822 -0.250720936645229
-0.0487777507121308 0.174359916657734 0.0560136439789833 -0.232962620365387
-0.100149526968252 0.151552300888313 0.123240678892479 -0.183261093827485
-0.135650128637424 0.101270849551999 0.163382259124692 -0.0399240673067554
-0.186897444832508 -0.0061828875748464 0.108315192378798 0.0791327784412776
-0.169465563135386 -0.147924477051952 -0.0216769382662931 0.123419792724702
-0.0967330415654266 -0.192225108924395 -0.144220063685121 -0.0604918344955744
-0.125969641769909 -0.287157006809452 -0.0724737784638819 -0.0800097150018733
-0.25715012688983 -0.256929734325951 0.18661710532688 -0.150911329190118
-0.299818568786772 -0.139245079353265 -0.0415355146498139 -0.330077035342989
-0.334722310014958 0.0454958510048797 -0.181133450043895 -0.124868112453374
-0.2821728256877 0.204189508950182 -0.115187654565778 -0.00245078189772142
-0.160032292402427 0.291605336795352 -0.0366072221053674 -0.0127882723354921
-0.0454809725244976 0.294737010761808 -0.0187649038266348 -0.0911380490397357
-0.0174933788092497 0.288557362050802 -0.0128890544489524 -0.129330541684185
-0.0160635765265539 0.261642574932751 0.00782090338209832 -0.171451147754567
-0.0652817361354695 0.273310091211326 0.0498232980353382 -0.187756130865503
-0.157314398459643 0.241967300412378 0.118039744940703 -0.167020131355101
-0.218368414418229 0.153330771906184 0.17588017839077 -0.0327729902957622
-0.273414959312487 0.0113621939460166 0.121079471911281 0.103815095934142
-0.267553241689813 -0.162954791382281 -0.0122956740560856 0.159511282534316
-0.192797422037785 -0.239669371605799 -0.106483164900132 0.00738433765035379
-0.150756381313859 -0.291077764118237 -0.0080037615520471 0.0315408632080948
-0.257249747078398 -0.219797273178536 0.238071948811984 -0.114096678634503
-0.257667180008312 -0.105577182841107 -0.0519321684366282 -0.308439652683623
-0.290136101174349 0.0361313953819881 -0.223502569130157 -0.10109326596982
-0.26721183530418 0.192476905480775 -0.174324590262145 0.0636047936784597
-0.158573682412383 0.293045636806468 -0.0782867190780985 0.089172755043461
-0.0423549400091372 0.312030275103264 -0.0395649639872968 0.030529147871397
-0.0137670513697481 0.323902034326452 -0.0168246776502533 -0.00803652839706406
-0.0146754916719563 0.312766729873348 0.0115779842380718 -0.0613886131150453
-0.0767383512645547 0.341243499880843 0.046882167653873 -0.103179524084992
-0.202004800715906 0.304227881775771 0.108494308423168 -0.107981054432778
-0.284751733517005 0.187429636376654 0.175894996795229 0.0014872894157966
-0.334351148643916 0.0239470585160059 0.129626758323851 0.139489668975975
-0.342480190350015 -0.1598789894154 0.00581711501304004 0.199427209146304
-0.268879654113904 -0.260374158022121 -0.0473812082856785 0.0854884683837154
-0.155591321746394 -0.23779370286456 0.0530240549256431 0.124408888033255
-0.207323763138812 -0.134671833366797 0.240920643510192 -0.0966605748853189
-0.156385721757854 -0.0533692765665811 -0.0716213561285298 -0.250723344855087
-0.189041947539596 0.0147240246434344 -0.228466593784201 -0.0598733580741984
-0.204161284353959 0.145400604851296 -0.194631330906861 0.111745007160534
-0.126425660942738 0.243712133575159 -0.101736810798619 0.165486960657899
-0.0294396489475565 0.278294366257343 -0.0542329143943023 0.141623207260615
-0.00708582842394364 0.310300145912022 -0.0159266653715008 0.11552206792387
-0.0134108567060579 0.31531226874115 0.0161675454580827 0.0607376709251534
-0.0847396825680876 0.347068971825735 0.0436234885669201 0.00895324079644749
-0.222981863679056 0.299558876677306 0.0891076719864889 -0.0141284055953076
-0.30188466691713 0.169643717548923 0.153241557649003 0.0565490027384813
-0.330996414442113 0.0203370322640167 0.122988302225394 0.179062608319779
-0.360925751278084 -0.139383161428234 0.0292128481358965 0.233566495557823
-0.301485743977471 -0.248508835880341 0.0237140167128938 0.165144911665091
-0.140876096542396 -0.149783029912082 0.10251870253975 0.179560482091761
-0.133078865377924 -0.0392437439393048 0.202135502060715 -0.0963418794132276
-0.0521907622128232 -0.0108358074599085 -0.0872696073701639 -0.178141331364763
-0.091947151874423 -0.0104932784919354 -0.201469159652531 -0.0219428842607219
-0.130454764037961 0.088226026931262 -0.180283409708511 0.133972570895544
-0.0812518812252039 0.169151977322588 -0.104723845730315 0.210131668042306
-0.0131446281096477 0.210046859242681 -0.0561410974589068 0.22656381830664
0.000380039317858871 0.248725073124522 -0.0125218305660838 0.222279728905216
-0.011868500351016 0.26227645179684 0.0165239277233869 0.176074515266201
-0.0832486105369159 0.282468494401426 0.0317790199466119 0.120749406322283
-0.204008869124723 0.223674625692016 0.0556503826357458 0.0820644206906941
-0.250075808345746 0.10146875333207 0.109994308163228 0.110831621091992
-0.250584037386734 0.00964826327157203 0.098558596004273 0.210716243176993
-0.308120733054004 -0.0951367005563741 0.043513164656701 0.258554172186755
-0.278447185801796 -0.198102092278741 0.0892515315875378 0.233406280534625
-0.1121859927751 -0.0553860086219879 0.140118592968143 0.196810500939149
-0.0625235752668882 0.0317655099066122 0.151394029922424 -0.101123936988554
0.0186434343016418 0.00987602742959245 -0.0907316275021461 -0.118042894973221
-0.0296212880945211 -0.0294799587633701 -0.169233818155861 -0.00103436945538871
-0.0683451773672644 0.0386897083581587 -0.157740008987653 0.140062947853678
-0.0381311605514387 0.0905339432351709 -0.0953992108979263 0.230832829153243
0.000626556795002993 0.121078724179833 -0.0469888838362737 0.278662417788328
0.00701337462530823 0.147293558881543 -0.00664203872412812 0.295113717143493
-0.00602591843353058 0.159708976685611 0.0116851297271783 0.260093230480429
-0.060418900805339 0.162627762024084 0.0119183886023933 0.203651468755112
-0.131453805031156 0.105218296724111 0.0150089264216839 0.150013235593314
-0.131168942120779 0.0254751540606355 0.0632731370586414 0.142247397448039
-0.114087295159974 0.0201142251483805 0.0677041433200945 0.229864097297369
-0.203557069447762 -0.0241195676894638 0.0366903641125804 0.275394245388798
-0.207232844642738 -0.109660446252067 0.130600666469333 0.276577232854117
0.077836518249094 -0.0174620464342637 -0.154058437064116 -0.257453126662974
0.0258442354699289 -0.071977974809517 -0.038533100642047 -0.238137007658613
-0.0353238250819634 -0.0470318319327729 -0.0703079593255893 -0.235793950597309
-0.024562316735127 0.021084215433317 -0.0498818917831668 -0.1155030570556
0.00818088159229182 0.00617388406906235 0.0268235514295453 -0.137003687381343
7.83094486388224E-05 -0.012068737475997 0.0245214988304656 -0.215913995479029
-0.00989172036927136 -0.019842380941542 -0.0069868008525296 -0.280948271758972
-0.0145081378819261 -0.0247871992836708 -0.00783966735213362 -0.304754365666915
-0.0070521171871953 -0.028244535787329 0.0148344042740689 -0.297675986153607
0.00777911905085889 -0.0178060784886865 0.0642795044197761 -0.234728873274579
0.0198896347950705 0.0101694049051156 0.116116658179183 -0.158508372728742
-0.00424503608625873 0.0486640028810264 0.13948650697763 -0.0340134507206042
-0.0649070452955276 -0.0102672156390524 0.10042764016653 0.0585311985986841
-0.0154826996789267 -0.0776734288985875 -0.0332391288328587 0.0912010142221739
0.0702334599125905 -0.0517900699489202 -0.166130691248515 -0.131941057576046
-0.00657810305024819 -0.125274680746905 -0.155554417639643 -0.238014461247848
-0.0956040814228542 -0.151563733100545 0.017028470396872 -0.227120021951737
-0.161827818061735 -0.091096961283827 -0.0649324369488891 -0.269376347062501
-0.168722758557471 0.0433516859962207 -0.0682357296036649 -0.116507771055572
-0.110683950591971 0.101794320647193 0.0115939897585669 -0.116352443236237
-0.0579263995719191 0.120654739920833 0.0259593242256025 -0.187872302504219
-0.0204431949652854 0.110922002825916 -0.00293003616804709 -0.262788928138965
-0.0144189062449189 0.0979148746436545 -0.0120919456235183 -0.287087636685155
-0.0134091997823498 0.0744970564221347 0.00377112919581535 -0.288092625537915
-0.0232119965443742 0.0714580949029622 0.0534251756830422 -0.24165383751145
-0.0358756773788406 0.0689447783155447 0.113581718247624 -0.17396550339893
-0.0561330966977012 0.0634600384914606 0.14287249240713 -0.0403493065815336
-0.110390247660831 -0.00882999017338559 0.101163010732286 0.0577358424153958
-0.084248534747092 -0.112734092709658 -0.0187673766651561 0.0974668847001479
-0.006741236547552 -0.126170603769099 -0.160528371526436 -0.100086441739068
-0.0789638633092948 -0.220718390987307 -0.123307545362722 -0.173756131899333
-0.198379069438794 -0.21658349300903 0.0956410907310005 -0.197690609762606
-0.258331035539555 -0.126385259290839 -0.0600030112904231 -0.302190571711798
-0.282271137035448 0.0506677785927683 -0.116657878423251 -0.12016761220353
-0.215521294966778 0.173373097803094 -0.0417198331446459 -0.0665819850276102
-0.113895402391482 0.22914591343391 0.00231539216604035 -0.112229001647809
-0.0313929920543965 0.220218364946657 -0.00924280416351107 -0.192903524831297
-0.0129432430157031 0.205380467938766 -0.0159384498357903 -0.22377880990048
-0.0136556730651018 0.173500973793195 -0.00173995839150595 -0.244994095791766
-0.0436786960181958 0.171073733189218 0.044139807452655 -0.22956834766263
-0.0929403099401092 0.15051893646287 0.11083875941334 -0.185071710786271
-0.126631187470668 0.100439934013353 0.157069079903236 -0.0469289444020741
-0.179635188669189 -0.000782649656439626 0.110121935035141 0.070193193396806
-0.170139706380875 -0.137551854325605 -0.0136386955135582 0.119929435961936
-0.0974538508221554 -0.185888080418211 -0.141399687852332 -0.0510241806025091
-0.129400110265779 -0.278223992771091 -0.0673332128984949 -0.0757378396957855
-0.257953824738343 -0.240764770332661 0.175692186170966 -0.15758180560965
-0.296242016064042 -0.130279629832865 -0.0581372699204275 -0.315187753630677
-0.326300182291012 0.0530299871521263 -0.176033161493038 -0.114376832449897
-0.268885202790076 0.208350063340185 -0.112548447197023 -0.000685612896253703
-0.146635916920346 0.289882730679998 -0.0367607156495471 -0.0111789235462222
-0.0365674536656763 0.28845691056517 -0.0243460473392902 -0.0867895924903266
-0.00868279011477179 0.282699902588476 -0.0182241091909778 -0.125071689380068
-0.00942525386165598 0.254772701586987 -0.000370337196802641 -0.167134473912933
-0.055722765010627 0.268526033346039 0.0396482117105073 -0.185220092527073
-0.145387007668281 0.241553700129148 0.106078830750098 -0.169458502987676
-0.207655692363997 0.154633612620959 0.170017125913069 -0.0403864418195744
-0.264210081259139 0.0170034196379275 0.1242773822447 0.0933001750560087
-0.264750650907943 -0.149274117940943 -0.00357589629920045 0.155133060399877
-0.189480680903977 -0.228571034574734 -0.103579912557659 0.0137495125749345
-0.153318169777888 -0.278003016300465 -0.00161196771156398 0.0320042722582338
-0.254613296191578 -0.2045143854162 0.225671135305762 -0.122445168487539
-0.252398678733973 -0.100050086407323 -0.0668074047727913 -0.293129437781902
-0.282736141936034 0.041558885651441 -0.217366755341039 -0.0893459466836747
-0.254312742854229 0.196715819204443 -0.168441453196101 0.0674066891172306
-0.144063025549534 0.291741838577257 -0.0733278523130334 0.0896532159010959
-0.0329925553249122 0.303972003102353 -0.0414950804028629 0.032490198022486
-0.00281827048951705 0.316193618769919 -0.0184727617155278 -0.00556294031877356
-0.00561780431058579 0.30474146278767 0.00673384158555881 -0.0606690968508028
-0.0638866261738238 0.334620016803838 0.0407496425256813 -0.102537406210976
-0.187727495904716 0.30467578639431 0.0989993262567654 -0.110757437210234
-0.272943754493308 0.192104672272153 0.171230102023107 -0.00703228710440824
-0.32571923067961 0.030473706403866 0.134778747232393 0.12890458957984
-0.33656400158814 -0.145301873641605 0.0161094107501052 0.195331787272721
-0.26217820685853 -0.244583350325195 -0.0451828724420642 0.08808065821846
-0.155578910555516 -0.224909044785275 0.0591009938341108 0.119571385528802
-0.201349010622548 -0.123384303362927 0.22618470078345 -0.104476311416181
-0.152508415701227 -0.053361421159638 -0.0829064670893467 -0.234620947536493
-0.185969159178508 0.0187320351289742 -0.220725649847754 -0.0490322247102805
-0.193687670958898 0.149815562740959 -0.185227524038486 0.115910428194175
-0.113340269148661 0.242308209696938 -0.0935717704362071 0.164887756927475
-0.0193278132682063 0.271375939780766 -0.0508575255589877 0.140634155309552
0.00424621071808409 0.301612765752646 -0.0138805279738994 0.115425615343982
-0.00290348074294374 0.307038679929827 0.0160996404967722 0.0594361216132252
-0.0702955771986989 0.340244380185333 0.0410635568722203 0.00637559699746993
-0.208164056874045 0.301169435393986 0.0843473182072234 -0.0185840603336028
-0.291821679297037 0.174987563952501 0.151245010343995 0.0496795666091272
-0.32333160953129 0.0249462256845335 0.129697825614852 0.168230556663354
-0.353146950870389 -0.12448934616962 0.0395600092511445 0.228133512123945
-0.294076341643962 -0.231397349830018 0.0238484780390271 0.162956232247981
-0.139563230538679 -0.138850782117469 0.106866532210327 0.170316011066984
-0.125855022824948 -0.0336198250943961 0.186695133195973 -0.10296137843438
-0.0496541805421284 -0.0147642909236167 -0.0943788456093851 -0.164737986032479
-0.0924786526513058 -0.00763470826896063 -0.19310510085131 -0.0130895962910082
-0.122502725923317 0.0921693463880334 -0.169273399703293 0.137044114447539
-0.0717076735317788 0.168547572329562 -0.0940698351219129 0.207141652705075
-0.00550911419020874 0.20412379293367 -0.0487899718326133 0.223376923215641
0.0104186637406962 0.241079163409066 -0.0059864394905039 0.218691627355646
-0.00199812835683512 0.254901935719121 0.0196815273121952 0.170704386555964
-0.0705561417038744 0.27768859339956 0.0341371132074042 0.116050705713951
-0.190953140728814 0.226603888889442 0.0551773448926342 0.0766629035001813
-0.244992208945669 0.107282460575865 0.110407669071285 0.10395195062815
-0.245602766431315 0.0114211239242237 0.107650329983708 0.201621485929309
-0.299054381806051 -0.0838019556164635 0.0540556345082221 0.252544886300538
-0.271587479693119 -0.182243306485035 0.0889109036404741 0.227334936836215
-0.10826240868057 -0.0473941435485384 0.141487498644843 0.185928222925272
-0.0557140566978998 0.0322926637576481 0.136788073064271 -0.10479698072021
0.0177312557218742 0.00418208918334923 -0.0947769560246649 -0.107019150504041
-0.0323485746448834 -0.0268457902903313 -0.162079682292485 0.0068644765496225
-0.0634624298104101 0.0425655265695272 -0.146522064363169 0.142435816650759
-0.032153083936443 0.0901235682920897 -0.0840549585204773 0.227694991870785
0.00577575829254098 0.117161220249584 -0.0373093632086436 0.273055287146152
0.0141050188530824 0.142064016998169 0.00182178389183915 0.28922400820867
0.000943395670906167 0.154329353812597 0.0176304602470806 0.252418722711658
-0.0518823040985056 0.16031490632563 0.0177709243562183 0.196947932755887
-0.124613442761962 0.109028988797657 0.0192659607170075 0.145233006471922
-0.131726311615934 0.0294169099743165 0.0643029588342429 0.136543654500955
-0.110899451746545 0.0179265545804228 0.0768155536625147 0.221727653197234
-0.194795918554024 -0.0166238756505995 0.0467891849024019 0.268342463870487
-0.200664127517392 -0.0956480704114223 0.128441918597599 0.267434962969397
0.0785991584101024 0.0152039697681371 -0.0287556817351168 -0.300986679296853
0.0501124071539278 -0.0518249173715431 0.0597492988551723 -0.233854962554448
-0.0144483755796467 -0.0551352316221028 0.0284828154242306 -0.237838530509783
-0.0282246408352244 0.0084591290461103 0.00499764932523292 -0.123828949150887
0.00429184906491811 0.00689953400782131 0.0823570801684878 -0.113660790898593
0.00388795808742422 -0.0118874162108233 0.109740974511122 -0.182051627139755
-0.00306382136581583 -0.0219851728582449 0.108800070491327 -0.251785319044239
-0.00694094878877723 -0.0282353023538797 0.118891397161573 -0.274307311794539
0.000230630239346539 -0.0297037748241225 0.133863028058296 -0.259292144085602
0.00956862002205431 -0.0156287740378342 0.152491372249425 -0.184352035813342
0.0127812875898138 0.0118766257695765 0.165699475080636 -0.0937366019358891
-0.0189494021574046 0.0395530528628894 0.137206626012321 0.0251510791000166
-0.0541474370653986 -0.0309585994451449 0.0664899015963258 0.0880501296880249
0.0109778471175267 -0.0731840501933488 -0.0585735360263051 0.0667972277489796
0.0793693279274157 -0.0274270497117671 -0.0912811445927828 -0.176064609517767
0.0518936905264076 -0.12008662979114 -0.0481826567720472 -0.272106258490235
-0.0203800865659641 -0.175651467873084 0.100146965731584 -0.195452361462433
-0.106496230322722 -0.150042758713414 0.0417253525448176 -0.257626868280693
-0.164124688148257 -0.034658791134031 -0.0111788808770138 -0.121950848783598
-0.140562510827609 0.0410042768587794 0.0630193056436962 -0.0943442898320228
-0.102184206142551 0.0811855783584696 0.102086714032219 -0.151108093193095
-0.0656770399698014 0.0882601273517279 0.104977403002032 -0.232548069643332
-0.0560255023552396 0.0813311358603657 0.10616134540123 -0.259795403771916
-0.0466592925028682 0.0592962473238266 0.118009478881509 -0.254996238417097
-0.0523244588381213 0.0526333490032771 0.143553042192333 -0.195191745896913
-0.0597346904652124 0.0443310075728646 0.169178813372407 -0.109055450434552
-0.071334152603259 0.0312789509912935 0.143350012008188 0.0203392907932551
-0.0939161400725372 -0.0491890959896392 0.0680285614689979 0.0875191134675565
-0.0350515474462704 -0.129274067236807 -0.047909399939366 0.0739981671900405
0.0384671312243398 -0.121482020227969 -0.0950821064002253 -0.148156724078155
0.0311224280281684 -0.237976944025448 -0.0550583038597586 -0.192249048618327
-0.0796988185336125 -0.277294958258703 0.154622921106049 -0.132094398098654
-0.176617467417866 -0.225134911538431 0.0555666936970644 -0.277721123178428
-0.26751753422571 -0.0777966527852507 -0.0557956869715493 -0.138210461250459
-0.262668706179789 0.060277611575506 -0.00342426227931968 -0.0661936766933348
-0.196309707339434 0.153542261628219 0.0522986262775349 -0.0898364985580321
-0.12042903714898 0.180093779688204 0.0703959547020991 -0.171158980223664
-0.0973888859045232 0.178973772549878 0.0765578279983134 -0.205657840569241
-0.0859879001186463 0.147933948423391 0.093044702919782 -0.218710622140883
-0.109753781505488 0.13430782161139 0.128895011457254 -0.188569308453294
-0.142556313905662 0.0956314634262426 0.17064406974378 -0.120592979592792
-0.150786877182365 0.0366206877476967 0.157603096956271 0.0187481672531021
-0.160718784883176 -0.0697038335490002 0.0705712402580374 0.100608697866778
-0.100672322644447 -0.183582616223392 -0.0513199763765291 0.0921925372660184
-0.0194831637578796 -0.206822067164368 -0.0946571326074554 -0.100446655195155
0.0114790848513444 -0.311042228835295 -0.051716860951449 -0.07332740274243
-0.118972283591754 -0.322634297630644 0.206995223943971 -0.0611215121886481
-0.206582766361625 -0.246668563701278 0.060232594992006 -0.286328561249898
-0.307243531798496 -0.0961350327715832 -0.112669083934594 -0.153712083556284
-0.323768395278371 0.0686718245027905 -0.0937734709742661 -0.0317448621691061
-0.249468137338755 0.194251673264815 -0.0230836118251076 -0.0136050749932858
-0.15207067417026 0.237768079884365 0.0126407789331435 -0.0817876408339677
-0.123729682769919 0.248695794501857 0.0339389013591791 -0.118205133794341
-0.113100676925753 0.224260909340802 0.0610121570733038 -0.149709464795741
-0.157019165724902 0.21764638156438 0.10489954033045 -0.151431943127568
-0.225718393081811 0.157941193060051 0.158572742939457 -0.108346071588682
-0.246561581551966 0.053124444071931 0.164881227174246 0.0302781540751295
-0.244446524866488 -0.0872471643945324 0.0728171349459135 0.126672928818231
-0.180239945366664 -0.230278767027145 -0.0572645557372373 0.12424931112568
-0.0854853003361845 -0.27772011612438 -0.0850219777127711 -0.0311530910273163
-0.0104172420150742 -0.320955974919516 -0.0377492582080233 0.0518691117350108
-0.131927221745152 -0.288637117568389 0.239015208006818 -0.00953735437979257
-0.179876245592979 -0.20177391623588 0.0453656221782842 -0.271504604548594
-0.265286437742198 -0.0876510934120453 -0.160479791790261 -0.150105062211083
-0.305509613431134 0.0649407726103215 -0.171633034981038 0.00608579899282279
-0.247417377146652 0.196811885154815 -0.0974795646221088 0.0608724080435405
-0.153923373064696 0.254175572414166 -0.0507262428956838 0.0183561857566643
-0.131180856675517 0.281512146217473 -0.0151870662709925 -0.0116298490931373
-0.128921847331111 0.270557071223517 0.0233416920747164 -0.0515989413291242
-0.187838241107989 0.273444244006391 0.070409279827564 -0.0764218687654709
-0.287445522827509 0.199626014773795 0.12886332088785 -0.0586428649512237
-0.320101505338434 0.061908668885216 0.15126238554693 0.0604938454425562
-0.305376283120688 -0.100334070263187 0.0668022264128502 0.16176750612076
-0.244146938936165 -0.253189570701184 -0.0569768972200261 0.165948146469005
-0.144249984938156 -0.317564649843016 -0.0630760758769603 0.0553021107142927
-0.0371755652535637 -0.270697422247966 -0.0150667261074091 0.153819744500921
-0.118079635179086 -0.1928524032664 0.234337371816572 0.00494436565100924
-0.109823059624868 -0.117970558433508 0.011608604703157 -0.231805582299964
-0.170936593319974 -0.0655817077404456 -0.179763070631063 -0.120876457883291
-0.232005987692297 0.0500560126316503 -0.207542375470887 0.0390270910530067
-0.198951930942957 0.166958306687017 -0.146257040687886 0.11782648438658
-0.128460550308593 0.230553248698684 -0.103906702199489 0.110755524821459
-0.118060637620825 0.271759206383219 -0.0605207749945299 0.0977666574759898
-0.12510642270669 0.273124003784502 -0.0184848963232467 0.0583219175969001
-0.195081705252175 0.277034837256885 0.0268918305734398 0.0216370026787414
-0.304482901143776 0.190795121066788 0.0780241024321523 0.0163585212829294
-0.331624446644101 0.0390478821182936 0.110356676055422 0.102294866755498
-0.302271627958065 -0.105533953618395 0.0468584586224612 0.195736967178894
-0.264091049541685 -0.241266527142054 -0.0516940727519408 0.205686721471756
-0.176180364351571 -0.314123200660843 -0.0338403614093664 0.148479026343713
-0.0620731548401547 -0.184809984400579 0.0146691992819347 0.214897542668951
-0.091364959165732 -0.0820024003149027 0.200929621688872 -0.0122790327756989
-0.0359232489112777 -0.039674243307968 -0.0237228693942946 -0.180352998309226
-0.0791988746689897 -0.0474497117336837 -0.169558642958462 -0.0826268079632214
-0.144214360491121 0.0307904133343682 -0.20350734165354 0.0605707086040807
-0.130699626887241 0.119066889953775 -0.165713919764043 0.152281629835133
-0.0876246348850802 0.17659171665093 -0.135691971829027 0.183169110046966
-0.0861443900401327 0.220048692954131 -0.0956016773923047 0.193748733780715
-0.102366285833515 0.227569047185806 -0.0579252417983861 0.159335648742491
-0.168804888450028 0.22056255123649 -0.0226437182007373 0.115873878143623
-0.25924691869211 0.131370872845902 0.0143420835915852 0.0898068816200058
-0.263995430444817 -0.00124250748391016 0.0511488609307908 0.134917037140451
-0.225050532484866 -0.0888143452139194 0.0141751270605134 0.217781864471092
-0.230084101553704 -0.183567837194922 -0.0504626142521033 0.235918774414931
-0.17403838119458 -0.259155953124574 -0.00647583886029759 0.231385570005284
-0.0750085509926195 -0.0872410506004516 0.047123365568099 0.235876894709534
-0.0588409694187055 0.00543328279863574 0.159159589334539 -0.0378665656814505
0.0152109190462383 0.00652253584620461 -0.0434699677728988 -0.133391261514522
-0.0193473347398058 -0.0371802090091334 -0.149647818337073 -0.05653391706161
-0.0711540496314289 0.012813048970592 -0.185705217166247 0.0715828027496629
-0.0632774368401294 0.0667304402534727 -0.164750408812087 0.17093058332703
-0.0410631418436932 0.105096048294627 -0.145917520761138 0.230139794202348
-0.0423540653826805 0.132568145038376 -0.116096849751106 0.25893664907299
-0.0576245799987699 0.138756610049162 -0.0902136168107448 0.230689788582807
-0.105850455647062 0.124359606856305 -0.067695945720962 0.182116419121244
-0.153743163234269 0.0530389137080566 -0.0445921992262934 0.13521451871894
-0.131858315887541 -0.0256501827634015 -0.00206586826287858 0.146103865615367
-0.103294297238925 -0.0304289964039413 -0.0207997444899528 0.226029339706667
-0.160907911654202 -0.0820532776857628 -0.0637993258697209 0.25225571480174
-0.142682325080406 -0.153467620364661 0.00661574346105891 0.284298853054311
0.0782913325355799 0.0103685504552541 -0.0248498921257727 -0.29922132352838
0.0456162738012245 -0.0528248440628329 0.0571935088667559 -0.235746693448005
-0.0167095766979691 -0.0521514825770729 0.0229096159662275 -0.236772004667735
-0.0248717901759819 0.0086107722895764 0.00551805956511654 -0.1237961460345
0.00474520289979428 0.00403039699779214 0.0815078499056805 -0.117001302649019
0.00176971364411809 -0.01338597606617 0.106178470181474 -0.182570226907569
-0.00547441519064296 -0.0227464565655584 0.10647751760121 -0.249642768163596
-0.0109220135658289 -0.026833128617636 0.116238309599449 -0.275768782040013
-0.00444402496146093 -0.0299355694761103 0.129878768003915 -0.261084566757697
0.00676927212069319 -0.0172821397282229 0.149388788098694 -0.18660288651594
0.0130130457425492 0.00989769151274067 0.162782492261221 -0.0964722920321365
-0.0141923493802569 0.0382792493729508 0.137174895526889 0.0211266739165561
-0.0543237271331911 -0.0270210730274603 0.0698506132732331 0.0837942560015162
0.00577239703726701 -0.0721798570714586 -0.0535135827891478 0.0678486592145866
0.0774785726892648 -0.0325398390246483 -0.0899168548156866 -0.169219809839871
0.0521460852378828 -0.123915559575305 -0.0447797123204374 -0.270240300726726
-0.024548869458445 -0.175710784916664 0.0986580867533621 -0.20060791102954
-0.109688494518181 -0.148960245080134 0.0337129003783802 -0.255658100974725
-0.162990802127748 -0.0332612832494496 -0.00986604855494388 -0.121327756276441
-0.139789398481605 0.0402116298496346 0.0617514023120697 -0.0975310939787756
-0.10259384328155 0.080650904005419 0.0989661875556991 -0.15166288205264
-0.0674855774264212 0.0886027549058441 0.100638123651044 -0.231505712899383
-0.0589192367701828 0.0828005528450406 0.10396942846823 -0.261615690503164
-0.0502607756024112 0.0595871959108832 0.113434479284707 -0.257038746831411
-0.054021042066207 0.0523144093884665 0.138521913559434 -0.197387324426884
-0.0598580589514684 0.0433918366460337 0.165607560318012 -0.113278861278762
-0.067442886266816 0.0302055337240193 0.143296375642215 0.0167527069579608
-0.0929263358185311 -0.0460335778529917 0.0713815546643346 0.0837455696673274
-0.0384150961546057 -0.126589610852747 -0.0422358426781421 0.07498663333231
0.0385470333934705 -0.123912464641606 -0.0946571979211155 -0.142337837857164
0.0306003452950835 -0.240312483411002 -0.0505741752400542 -0.18835220778633
-0.082311948096151 -0.276648971790411 0.153894915299228 -0.138730533024501
-0.178742673208734 -0.225418942571401 0.0451701832947161 -0.275229427063322
-0.267944320352275 -0.0759085090656366 -0.0536613020009868 -0.135396214589778
-0.262282417633139 0.0609698829424251 -0.00402088465727176 -0.0680518215955059
-0.196095786151888 0.154465923663525 0.050449166678427 -0.0901029766671924
-0.121539064104482 0.181073281902728 0.0659761630120024 -0.170399063087321
-0.0977597292117604 0.180367392451275 0.0735246793515613 -0.205786423764077
-0.0881209227575306 0.148452158737987 0.0889911761880781 -0.220636944263686
-0.110264902622071 0.134676071293798 0.123932572780048 -0.191586051229221
-0.141219481878967 0.0962580709150106 0.166339646104446 -0.125851739395996
-0.148203331912225 0.0358858786801443 0.157946641531764 0.0149683253822566
-0.158391613421012 -0.0677584111235965 0.0748136394015412 0.0975987602678938
-0.102161094141798 -0.18020394930165 -0.0467164549256346 0.093144784930833
-0.0180758533440549 -0.207853919297508 -0.094613525997589 -0.0955842779874715
0.011226840270554 -0.310545180920075 -0.0461439368416616 -0.0708870659516013
-0.119828119388066 -0.320212035174541 0.206688178582495 -0.0686467836824626
-0.207801306095114 -0.248615134879245 0.0495777353990048 -0.282681323567109
-0.308887020326841 -0.0951007161310927 -0.110648929236166 -0.150472667117811
-0.32334738348308 0.0704989228163061 -0.0946386801407935 -0.0322817236929473
-0.247659241295595 0.196699707500089 -0.0242597709037873 -0.0132861705591574
-0.150679848790552 0.238976877182886 0.00897957114547508 -0.0801129795384191
-0.123006355146942 0.250389726242726 0.0305188224209167 -0.117232425810929
-0.114237199642203 0.22463029479602 0.0570376530629408 -0.150854063948292
-0.155720139920996 0.217904693180881 0.100964205192116 -0.153650330989296
-0.224690338385733 0.161135772089712 0.15545452964426 -0.113353054561409
-0.244759849523542 0.0537853018162268 0.166280908698123 0.0256019681523685
-0.24385125038819 -0.0866740178889552 0.0776458980714321 0.12392647842712
-0.18059221176409 -0.227346201370462 -0.0522107648157109 0.126028353538359
-0.0830000168066763 -0.276001312958988 -0.0855076756481876 -0.0275098383141912
-0.0114389344175137 -0.318241542303858 -0.0322952832119919 0.0539673567009002
-0.129785681287165 -0.284950819504628 0.236625357181301 -0.0174372185686752
-0.178882146383597 -0.205023705109312 0.035372581192274 -0.266366947358294
-0.267618087764482 -0.0874962052090103 -0.159523378283359 -0.145264532801235
-0.30567966416993 0.068950944726462 -0.170842846805222 0.00741976216757339
-0.245440002224038 0.200056580041435 -0.0967620101786058 0.0611813809950197
-0.152326435342465 0.254842467118525 -0.0533200003745652 0.0194565908251161
-0.128373326835773 0.282914325390392 -0.0170567512411218 -0.0102483950777976
-0.127029270107708 0.270921257219081 0.0207383026563639 -0.0527924099082555
-0.18554141366117 0.275017814500222 0.0676613088085866 -0.0789347228307287
-0.28538422205897 0.204949101441059 0.12626764044007 -0.0639951353223842
-0.320748533560613 0.0631819618164085 0.152737005687133 0.0570357657607835
-0.305564289052822 -0.10098334794225 0.0728410376749962 0.159442127948773
-0.243040736609195 -0.250911198813983 -0.0521177006362633 0.168720950293483
-0.13972954589384 -0.315017113092671 -0.0653157385846703 0.0589641260182759
-0.0376730497683053 -0.267525748669544 -0.0102033995218378 0.154598918479279
-0.114962208265899 -0.188580379752722 0.231102377772769 -0.00226451572858087
-0.107917701049484 -0.122349735559583 0.00282955035828746 -0.226255699876148
-0.173357322862789 -0.0669679799824502 -0.17798396254116 -0.116535798789002
-0.230909425916713 0.0534874254881367 -0.205760080823178 0.0414798325989224
-0.195553924921654 0.169675669944246 -0.144472699308578 0.118466377587539
-0.126214439244783 0.2309153564219 -0.104914498060717 0.112161941208261
-0.113712083692535 0.272576417728406 -0.0610624326378236 0.0998979784304639
-0.122929116821302 0.274676412026248 -0.0198300738579648 0.0579575553994149
-0.191544812868739 0.278505008438522 0.0258375774696242 0.0196198148411118
-0.302201376846376 0.195958477657845 0.0769162176412364 0.012865008620879
-0.335240270360059 0.042076673704369 0.112424462525614 0.100469253172459
-0.30302799757261 -0.10807732225837 0.0532565957281017 0.194743908382659
-0.261666704391141 -0.237772454674491 -0.0468804905281676 0.209095521200005
-0.172681846133653 -0.309889268037563 -0.0371377613255022 0.150894026863705
-0.0616340068815245 -0.179603737461232 0.018306128368177 0.21365829318065
-0.0855632696802008 -0.0781737282067261 0.19440981745983 -0.0180668639797446
-0.0337034030011011 -0.0446287877381801 -0.0303853525774997 -0.17413460996759
-0.0817567825911319 -0.0484534510737643 -0.167705684978888 -0.0792496204639885
-0.143284021029627 0.0342823014338035 -0.201401408836982 0.0635805943274592
-0.127743071466638 0.121862635155201 -0.162683438249677 0.153535446765655
-0.0848089143450619 0.177128282463042 -0.135318305531754 0.184676692583909
-0.0827817076506681 0.219617844190464 -0.0948291393964158 0.195187648705807
-0.0987590454066087 0.227432642887997 -0.0583860533525403 0.158621166609689
-0.165835778202339 0.223658201466793 -0.0225513956722684 0.114871216726696
-0.258077506177894 0.136797731972794 0.0144902437316668 0.0870234421475611
-0.268137048139527 0.00116306556977538 0.0530575837817947 0.133836661333437
-0.225035395022016 -0.0921913424668888 0.0203146447144558 0.217213356089073
-0.226691230752652 -0.181910596986447 -0.045474467613205 0.239251215758404
-0.170903968995249 -0.252734443087309 -0.0103477017582996 0.23261551400686
-0.074022533036532 -0.0817763826310698 0.0491265241421831 0.232517444958882
-0.0537053320560328 0.00733762588418688 0.151275265762745 -0.04232542464994
0.0165786402061137 0.00147403984131071 -0.0490524084903476 -0.128936078451313
-0.0225355195415416 -0.0366774457302467 -0.148098702951323 -0.0525392430685338
-0.0700248548573744 0.0160828397000798 -0.182843338640838 0.0742033809043082
-0.0603286121886926 0.0682916728768238 -0.161270901693901 0.172058970226921
-0.0378526569534616 0.105514143413886 -0.143581553388814 0.230919211643993
-0.0384794880572064 0.132403003637601 -0.114147625050024 0.260592416913663
-0.054607880684536 0.138656077643159 -0.090250021120387 0.23090279581947
-0.102941435891187 0.125794789297875 -0.0663162664804876 0.180582734665386
-0.153744797831178 0.0572835762244231 -0.0441912377335617 0.134404579886125
-0.135733230256437 -0.0246196532186031 -0.00158163735813028 0.145958266819725
-0.103087068639649 -0.0351751685253864 -0.0149434416731204 0.22585805136477
-0.156532572620328 -0.0793568075136306 -0.0592679371008536 0.255755863376253
-0.140905546218616 -0.146209593525706 0.00233935957185587 0.28358672466004
0.079020625132776 0.00390509300732483 -0.0254890243863966 -0.301592495242002
0.0408819162749715 -0.0549778921212784 0.0524856640268157 -0.242945717228154
-0.0199511008203743 -0.0485397315849388 0.0133778351765897 -0.238430719761466
-0.0225256108484685 0.00946879420249696 0.00413247035480222 -0.124691536576533
0.00483922788108266 0.000631379660875893 0.079578932574329 -0.121822958719318
0.000240429260683829 -0.0150602519586423 0.10242189961447 -0.186291878752697
-0.00879189360720345 -0.0230375237571949 0.10132559681199 -0.25303933313607
-0.0152861644754048 -0.0256218197007759 0.111190320919546 -0.28191836259135
-0.00846214210860497 -0.0293249684048399 0.123506194941583 -0.267611481287985
0.00377900844178247 -0.0184714800370898 0.144168137289181 -0.193082437233188
0.0124277552647808 0.0072177472340407 0.159940455149799 -0.103307809485227
-0.00917232978499328 0.0371726923523925 0.138997962868772 0.0156940951274186
-0.0550544455343468 -0.0224539812873009 0.0742847128379678 0.0800873064609041
0.000344809681536827 -0.0711374984952431 -0.0474819829227239 0.0704032711723007
0.0759474060329739 -0.0396823612152397 -0.091171547094863 -0.163936246709623
0.0514352513035745 -0.130419526456993 -0.0430751549089293 -0.270950561819684
-0.0311713848999071 -0.177945402139163 0.0956715446689456 -0.209635172820078
-0.116112817505888 -0.146488918133006 0.0226912622410606 -0.256143807832571
-0.164210618282027 -0.0300456565651423 -0.0100773978710294 -0.121633167247351
-0.140786837534113 0.0412113846930437 0.0602881297014782 -0.102079597475562
-0.102935378192914 0.0831875549239367 0.094733598653919 -0.155583307571208
-0.0694495613890779 0.0911416513515035 0.0950176899938272 -0.233470687913233
-0.0605885613842846 0.0863923818808024 0.0978448447568791 -0.266803013065623
-0.0534120747276596 0.0627970348901389 0.105747777418032 -0.263312390555837
-0.0559932193491084 0.0528516105011557 0.133342061588169 -0.203871401365473
-0.0591124368288906 0.043765409146993 0.161620996701427 -0.121376471317657
-0.063805488448682 0.0299216628909284 0.146307184421627 0.0107785938433094
-0.0934476211579177 -0.0422154437563883 0.076173198032989 0.0803638534060489
-0.0437108962160822 -0.124866169355698 -0.0370317224618237 0.0772401668661297
0.0364014228888722 -0.129569996701859 -0.0955664627386821 -0.137111236234723
0.0275361443611611 -0.245542554400451 -0.0478981813890404 -0.18785448881896
-0.0898024589112091 -0.278097941484122 0.153490846644396 -0.149551083579329
-0.187879629787801 -0.225022819603515 0.0332564279147777 -0.275152732347388
-0.273133620841376 -0.0724848317986339 -0.055141931936048 -0.134459349608824
-0.265272238341349 0.066140242302711 -0.00630670197020863 -0.0705429281601994
-0.195016659224994 0.160908199660658 0.0476483935804463 -0.0928104097328919
-0.120634127645344 0.18632596995411 0.0604714521112751 -0.171794747021549
-0.0968110333648963 0.185829364061719 0.0679016506434906 -0.209629607479391
-0.0886405618775138 0.153377920720206 0.0808224471014795 -0.226560834953406
-0.110785394337285 0.138242714150631 0.118224263634105 -0.197987440178981
-0.14096312108637 0.101306467771352 0.162577085819959 -0.1346042229551
-0.147176775510149 0.0378305796882895 0.161161173447793 0.00832381344170782
-0.160131833536125 -0.0639117431999828 0.0813577821662456 0.0941213615307135
-0.107620964182585 -0.177566916253469 -0.0406900998069894 0.0957270245867576
-0.0197506173190994 -0.210877059509028 -0.09569269166765 -0.090701678547341
0.0060486870573709 -0.314897908620727 -0.0417654714959387 -0.0695027492840847
-0.127306216567892 -0.32043857975854 0.207199023567929 -0.0808735807279006
-0.215408603656521 -0.249701633254796 0.036485747045852 -0.282595501352943
-0.315755122710647 -0.091184928820901 -0.113810777837093 -0.147707696346642
-0.327151306753105 0.0787000976755364 -0.0967520776008838 -0.0306045529224196
-0.246327995293658 0.205208238291422 -0.024804361014886 -0.0133843069961314
-0.149378527946297 0.245774826495656 0.00490456578677879 -0.0798596633777669
-0.119490725180206 0.256615113486616 0.0265384347944828 -0.119054911943264
-0.113034238062736 0.230418990568265 0.0513974520846029 -0.154289625730735
-0.154332159571478 0.22506957700624 0.0952657879222952 -0.159993446027582
-0.222430694169781 0.170026640568032 0.151777741486784 -0.122250319542941
-0.246277630339845 0.0590208325614367 0.169835903323659 0.019275015302417
-0.247148462854676 -0.0843344314735556 0.0854192664846833 0.120668725691746
-0.1857879312765 -0.22445549067137 -0.0451419434456934 0.129984328049636
-0.085376224595397 -0.277834218111234 -0.0869167178854758 -0.022441719126211
-0.0170028616974592 -0.319510590821159 -0.0261357872461618 0.0565697630322943
-0.134298435046714 -0.282874768635298 0.237702621293076 -0.0283588877645567
-0.183997302440155 -0.207691864607487 0.02238094639261 -0.265156442032499
-0.274578679166959 -0.0847664547408899 -0.161417582878709 -0.141482627513112
-0.307899581326984 0.0765737260825641 -0.173209698194377 0.0117147322170156
-0.242195233716736 0.209286184371814 -0.096721016822785 0.0638750385346376
-0.148646664398502 0.261340782050514 -0.0567517860181901 0.0233227865143941
-0.123118161068354 0.289402170952987 -0.0193167502006208 -0.00851618839166344
-0.123462934571472 0.277996056961739 0.0164575037518029 -0.0542054560011414
-0.182628652163221 0.283517820826395 0.0647262754752447 -0.0831456354596342
-0.283950068993841 0.215209619165441 0.122707784920665 -0.0713588873155038
-0.325136657827679 0.0705962636368674 0.157859631082755 0.0513807874488588
-0.311869556516176 -0.099057709864073 0.0813094562714538 0.157980687731543
-0.248253942783499 -0.248372919051473 -0.0440675523746981 0.173556284099938
-0.142910301523794 -0.313781186435845 -0.0662286572334837 0.0639951838946464
-0.0427358389295175 -0.265520158942119 -0.00329580444833758 0.156365773749276
-0.115034948710315 -0.186089320635243 0.229535196091141 -0.0125738076180978
-0.109870673570876 -0.125387024707196 -0.00841136853474207 -0.22309491553815
-0.178944502064398 -0.066089453443176 -0.180300333341054 -0.111289744135991
-0.23248633970604 0.0610442360261599 -0.206090888049322 0.0478388998792703
-0.192066896366206 0.17808993180853 -0.143114373870871 0.123247809444794
-0.121555912566029 0.236267219941906 -0.106148167505417 0.117547786898086
-0.107792529649601 0.277919076034839 -0.0611266426150894 0.104474999496415
-0.118326932933718 0.280242061711302 -0.0208458388854275 0.0583145656521194
-0.187591366977448 0.287122635153695 0.0248099588369184 0.0176077483408894
-0.301076639311024 0.208601695243004 0.075739595480206 0.00853544155440162
-0.341380947871279 0.050416950830896 0.117508113413218 0.0973675318120034
-0.309906531694431 -0.107235966996818 0.0625129218804848 0.195070127593565
-0.265948728708367 -0.2353631162136 -0.0387649511692698 0.21557825935235
-0.17448281346758 -0.306580279179879 -0.0379632210595393 0.156179474830493
-0.0644966345788425 -0.175065238354876 0.0243113638970098 0.214408169057562
-0.0825940304621359 -0.0750572544064006 0.189548891911241 -0.0263191970231958
-0.0335320818632255 -0.049782018163808 -0.0396031897258301 -0.170631085489467
-0.0869512094623185 -0.0479956322165378 -0.169832920189558 -0.0737922496128874
-0.143276954812905 0.0402674251316861 -0.200397970534916 0.0697965593838142
-0.123439793461745 0.127740895631362 -0.159755435099721 0.158758196245836
-0.0794013148238842 0.181228621036732 -0.134590120136134 0.191175955848864
-0.0764586628494778 0.223263044169248 -0.0927922907441253 0.200507223351581
-0.0937287302934652 0.231830114261077 -0.0575873663905405 0.161831797869211
-0.161455718441574 0.230086677122197 -0.0209192622239859 0.114559095802424
-0.258038103718934 0.147834089275409 0.0142909015971665 0.086476037937239
-0.275310269746015 0.00759458960844678 0.0576792801334985 0.134065418227415
-0.23035458999267 -0.0937172466436128 0.029430521379545 0.219004918606954
-0.228425241358302 -0.17836811814675 -0.0376230111199598 0.246025270056022
-0.172730443667857 -0.247573947246182 -0.011730581454035 0.237260621410192
-0.0753269448109951 -0.0759389330944786 0.0547598834471135 0.23176687185887
-0.0481760519501954 0.00900296161477132 0.143805542266668 -0.0479998119225402
0.0166363236385937 -0.00412206317669722 -0.0568450990946896 -0.125294556223317
-0.02729505905806 -0.0360405074949723 -0.149914833721774 -0.0485927132543873
-0.0690905915259421 0.0201593509496612 -0.180086132356666 0.080625027117729
-0.0564796873911571 0.0718582818209492 -0.156787063884039 0.176773834793738
-0.0336465202989029 0.107149917956226 -0.140763821113567 0.23806259651388
-0.0327334263026783 0.133728901058707 -0.110043381473033 0.267959611597231
-0.0495942631640728 0.140104006289257 -0.0874076685576076 0.234340432932954
-0.0993484126956593 0.131180681501328 -0.062877610467278 0.182654263005924
-0.154609700634576 0.0644105884687737 -0.041930950109722 0.136368180114436
-0.143147777103769 -0.0213072624401108 0.00166370517199276 0.147435788885331
-0.104367663409494 -0.038382359934218 -0.00633779616192933 0.229018835234894
-0.154356341345844 -0.0759003149838278 -0.0523390582920426 0.262154381948556
-0.142341178777512 -0.139937298452969 0.00124921824067849 0.287540162193473
0.0787893805969683 -0.004314510837117 -0.0314897428644328 -0.301069842417721
0.0339160101946841 -0.056950280955614 0.0411657132389907 -0.249055205781097
-0.0237166008604125 -0.0437381218276205 -0.00113907674823345 -0.236943799472181
-0.0193476851466611 0.0100348999472896 -0.000528056984898611 -0.124675338889469
0.00502886171683771 -0.00307077672943965 0.0739098189922706 -0.12784200115999
-0.00323991305197291 -0.0162646348268511 0.0926197863188713 -0.189754401772109
-0.0130789330180851 -0.0224584544768447 0.0905989993638213 -0.254918877222342
-0.0193518587810002 -0.0231274165400528 0.0993217582930546 -0.288397330686862
-0.0134078443709092 -0.0274909176439273 0.109400287271802 -0.274407229857437
-4.52268851491144E-05 -0.0199697298615529 0.133917399260228 -0.199663717966819
0.0121428460160036 0.00420824800852011 0.153131745726363 -0.113068001001143
-0.00387239836770825 0.035477538210953 0.139145573674547 0.00678978101807413
-0.0554280082048601 -0.0162407626698364 0.080212866778755 0.0725667626686015
-0.0068236512500212 -0.0694403958398364 -0.0385829650078134 0.0735167914507195
0.0719554696715091 -0.047605317110703 -0.0945220455129856 -0.155202655578937
0.0461925650903582 -0.136739591274237 -0.0472432509358231 -0.268646519654107
-0.0419275547045657 -0.177647748969646 0.0863305140030076 -0.219009272047935
-0.124899030904388 -0.139445505917193 0.00623722746421643 -0.253604865825185
-0.164667189029644 -0.023123660612257 -0.0130789036039039 -0.120969289306075
-0.13966212306073 0.0450907767928919 0.0546830402238682 -0.107176777706972
-0.101154456731679 0.0871774983505121 0.0876219627635767 -0.159463094502282
-0.0682076062694087 0.0956071750829458 0.0834677859796558 -0.236017409350911
-0.0590613203800816 0.0915726915067901 0.0853444160606515 -0.271861744595589
-0.054634948541913 0.0670892496325946 0.0921400904341893 -0.269656616983166
-0.0568828407556752 0.0554115918907077 0.121621589969796 -0.211833489125176
-0.0580432850856122 0.0447495842861592 0.153681675877264 -0.131822582878127
-0.0595460662344022 0.0303829459662517 0.146231246858064 0.000418351842058599
-0.0933220988853141 -0.0356725635955118 0.0828271922638153 0.0730325108617888
-0.0500686852462998 -0.120534750654326 -0.0278131146808515 0.0785925062356031
0.0296172587012956 -0.134720604494287 -0.0983671015943487 -0.128883247439927
0.0178721098475568 -0.250002676005596 -0.0488900810702725 -0.184965456265684
-0.102445015543685 -0.275280530580536 0.146556731191439 -0.16327363277395
-0.199210853573453 -0.218320817792785 0.0154491227800753 -0.273243899165792
-0.277354222217862 -0.0605116779322205 -0.0579192421075856 -0.131002208864952
-0.263224512736947 0.0771289294420376 -0.0105325622143436 -0.0716273362498553
-0.18864428908586 0.169883065651034 0.0428028861514783 -0.0953550516195071
-0.115063873250125 0.192758911510098 0.0509956930996414 -0.173235455988472
-0.0911788880198515 0.191967106656287 0.056847588236925 -0.212227335789934
-0.0850463168646542 0.159727191555719 0.068429542551519 -0.23157410121747
-0.106530553429585 0.14390891646382 0.105892123009671 -0.204739636698249
-0.136930945096352 0.106650512751725 0.152866513276996 -0.145051442089343
-0.143466064259846 0.0422355038116913 0.162867778123649 -0.00260969088332255
-0.16088739026171 -0.0561662986527176 0.0887774534162708 0.0873311203822556
-0.114845266897774 -0.171314023789195 -0.03115356721969 0.0971404383574202
-0.0279510942776221 -0.212138814379992 -0.0974379448633261 -0.083126680490142
-0.00624930898452354 -0.316019063858039 -0.0380389368307097 -0.0666106830227107
-0.139403806314082 -0.314903969376837 0.203609730607845 -0.096821157816579
-0.227571343373383 -0.243845011383628 0.0177296065315572 -0.279542880239993
-0.322696628077272 -0.0792226289153037 -0.117895088611147 -0.140692501870303
-0.32536917142265 0.093554128323932 -0.0988259354194231 -0.0267449698237954
-0.23705130430441 0.217699915088962 -0.0262971501754643 -0.01290305318098
-0.13962010689889 0.254313427652282 -0.000912158582870943 -0.0788609319009492
-0.109239428304261 0.263767748702927 0.0189685215988896 -0.119099543855764
-0.104896535634629 0.238112973964377 0.0414912003225701 -0.157872415680766
-0.145604046498128 0.233257038420523 0.0854690378054193 -0.16651485514268
-0.215544838032076 0.180833486866629 0.142316105174133 -0.132599825900752
-0.244354620314945 0.0690878870501153 0.172295004418171 0.00788746428696894
-0.249459769836298 -0.0740295426566909 0.0950820555453216 0.114092386409131
-0.193478859026812 -0.214879982261925 -0.034153409290692 0.132594600663628
-0.0932245228322535 -0.275234201954429 -0.0873620789431638 -0.0152244305795126
-0.0293390966271236 -0.317837620006991 -0.0182409837494102 0.0588123854247613
-0.143061001113998 -0.275556666005328 0.234697257320779 -0.0456945404612134
-0.192541903477113 -0.203793869675436 0.00400916487421118 -0.261667053828006
-0.280869431149062 -0.0751181144602637 -0.165952960573767 -0.131395158736183
-0.305452160074383 0.091315032097254 -0.172592371043948 0.0195202396008546
-0.232507516646193 0.221340078100688 -0.0936676180730921 0.0679750073597763
-0.137380235904933 0.268754671525326 -0.0578519032015722 0.027564928860496
-0.110005148415044 0.295879279238355 -0.0221916563890031 -0.00619424693605468
-0.112574137936935 0.28454461177684 0.0109817940034351 -0.0557123443513701
-0.170284783617926 0.293241220249957 0.0580511849217719 -0.0881366137427095
-0.275066661343114 0.230867605581354 0.11685072162063 -0.0804666681428704
-0.324239679275818 0.0852754901417037 0.162292292491401 0.0417010524693577
-0.316906375122072 -0.089111380534705 0.0935130655278385 0.151797228928065
-0.256823331144879 -0.238442062152587 -0.0318649565119421 0.177982569308871
-0.151110413972379 -0.306919184726906 -0.0648472129171648 0.0703343654104038
-0.0522001513602061 -0.259704849249098 0.00749968781251276 0.156616994622513
-0.117656156707099 -0.179070455545449 0.224449017570451 -0.027876805188916
-0.114176586601228 -0.126146983587678 -0.0243631133170024 -0.217568395729703
-0.185381026581903 -0.059627932280527 -0.183963003441201 -0.101020690524245
-0.229802109036653 0.0728979923174789 -0.20356781791261 0.0574764024520026
-0.182595177383247 0.188417488967659 -0.137823949991407 0.129474466187038
-0.11046094608062 0.242471492863821 -0.102938898545185 0.124551547291573
-0.0939478750190329 0.28358041164101 -0.0583660516275623 0.108196565922239
-0.105858051714001 0.286877104731737 -0.0215905069556002 0.0586602719928608
-0.174006061195227 0.296628479119619 0.0233791418203355 0.0150501834499469
-0.291982318563928 0.225180250029545 0.0735986400096192 0.00193917068639181
-0.343070272678654 0.0667576175457315 0.123786929815895 0.0903881142003863
-0.315972856263012 -0.0979670021072926 0.0761944659843363 0.190342052299157
-0.272281513247696 -0.225263169914417 -0.0253164959619347 0.22025087728256
-0.182188427000429 -0.297188784563281 -0.0342284911597191 0.16136473282928
-0.0697588598026701 -0.166984852254367 0.0358427674984209 0.212267354834426
-0.0798258535060056 -0.0705702785175213 0.18182289428994 -0.0376372059655831
-0.034849525138238 -0.0529398474672183 -0.051717061370585 -0.163369782096821
-0.0920110724481435 -0.0445985949689702 -0.171831469852374 -0.0642916927115242
-0.140417250592541 0.0490289720719672 -0.19541231028069 0.0787258945584906
-0.115239835244038 0.134213138109459 -0.152165176179491 0.16555801422959
-0.0702007941827277 0.184942495185171 -0.127708046977296 0.199354403194408
-0.0639983851642978 0.227012187442858 -0.0843876055322236 0.207289270440611
-0.0815909029760726 0.235949018258115 -0.0530574605193975 0.163545633875606
-0.150072724683159 0.239075772039976 -0.0172320291479012 0.114303505388573
-0.25195704099044 0.162576802336062 0.016998184382692 0.084328170593174
-0.280231803434345 0.0208076463979849 0.0645418108365027 0.131323183839874
-0.23649323368241 -0.0898396681964212 0.0441650072904713 0.217052580087321
-0.230315509373233 -0.16912658994406 -0.0236260150921637 0.251564993557513
-0.177855172862961 -0.236593204330567 -0.00664519473574537 0.24066848068203
-0.0765053308585354 -0.0673984872323458 0.064158491957825 0.227763152813361
-0.0421563161292474 0.0112516643696695 0.133557211010615 -0.0558070570442817
0.0159501800684899 -0.00917420085470176 -0.0653994065834035 -0.117442874589652
-0.0321359761921755 -0.0342192638705241 -0.15149185951687 -0.0393546816091367
-0.0673927729078435 0.0255270775497906 -0.17448786165488 0.0890734200925735
-0.0500292593705838 0.075586867498895 -0.147237692287344 0.182869067405086
-0.026259235146921 0.108138561353904 -0.131063521522895 0.245639442813269
-0.0240268583924693 0.133672491031729 -0.0985052349326852 0.274312039152356
-0.0414049235250294 0.141827235598801 -0.078906811216447 0.23772142814606
-0.091597070387149 0.136891615018137 -0.0554190626472235 0.183672574309893
-0.15180670720534 0.0752133940294745 -0.037437691466485 0.138137487075271
-0.148638581145651 -0.0136533731661382 0.00810294753126552 0.147861170829457
-0.106397736299572 -0.0402746066651772 0.00798749308007208 0.228210494441627
-0.151944378947449 -0.06839075478851 -0.0377284259650426 0.266600853865129
-0.144663302464827 -0.128766195463575 0.00665082372627768 0.289597067049729
0.0751068092750559 -0.0129055504532977 -0.0372864945426708 -0.292294208028532
0.0266402545820922 -0.0565893170222769 0.0281438324023352 -0.248620553743742
-0.0252187342968624 -0.0374350602676406 -0.0148049310123478 -0.228121457452109
-0.0147335279692286 0.0100366588703606 -0.00454735266521103 -0.121014121088591
0.00339623402637285 -0.00574337516919766 0.0653640073842739 -0.129990149344286
-0.00564596801950587 -0.0162687301862213 0.0805060982679535 -0.187844390824796
-0.0166832784279006 -0.0204147611791302 0.0771419043848667 -0.251345834319672
-0.0231049024752256 -0.0191498094378711 0.0829726048009662 -0.286319514369428
-0.0182681248325436 -0.024279768191369 0.0915287078602495 -0.27239587944051
-0.00453950418568596 -0.0196740689138657 0.11875343404324 -0.201830931935996
0.0110749376757719 0.00142484223956756 0.140321653003507 -0.118918445215002
0.0012822385201367 0.0316529799927917 0.135335976328203 -0.00359575812066516
-0.0533309110156751 -0.00962278675816357 0.0833030561767885 0.063219259453229
-0.0135743381288427 -0.0648316552206418 -0.0276796691335807 0.0732047439321643
0.0646159389337088 -0.0528968037892112 -0.0941120476186471 -0.143197727414403
0.0390477115951785 -0.139328304735298 -0.0514886552184808 -0.260847140535671
-0.0512901829012013 -0.171092740991761 0.0737070614436729 -0.223167347566276
-0.129440429191806 -0.128250843414099 -0.00925910770108626 -0.243630625071984
-0.160109543687168 -0.0151451190364697 -0.0159486013396602 -0.116913239977797
-0.13440106124653 0.0487391664135163 0.0474749977269081 -0.109408688901259
-0.095914991254332 0.0887089969284022 0.0761641655315804 -0.158976940215402
-0.0643840187041209 0.09767633373796 0.0693480251207151 -0.23228433973488
-0.0561930911924101 0.0938826432110587 0.0689658386604475 -0.269344097991672
-0.0530662541857531 0.0698194973230423 0.073506884524048 -0.266778255592459
-0.055675242300182 0.0564338461718565 0.10487135091591 -0.212559150633546
-0.0540693162945083 0.0453181992913185 0.139474012483692 -0.138208205964639
-0.0540944053672048 0.02951857361111 0.143087080492481 -0.00953017899084997
-0.0906144362151518 -0.0282343667836085 0.0863558742719769 0.0639679359644974
-0.0552846022536403 -0.112352593334709 -0.0182603444268807 0.0773883806095839
0.0227436709472237 -0.135042314192358 -0.097759587111795 -0.117520514880562
0.00748353641706656 -0.246717940706931 -0.0484028686193621 -0.178863475000702
-0.113059370308518 -0.263567602234527 0.134813396661257 -0.173351818198826
-0.20534409506198 -0.203299955483298 -0.00325230559518023 -0.261789093527604
-0.273340766601809 -0.0472201416296211 -0.0601776267912184 -0.124060607276494
-0.25288488815871 0.0856987615170271 -0.0146219218288873 -0.0713706786288752
-0.176829519873922 0.174926340661892 0.0361772385474645 -0.0951073965518019
-0.104323640177262 0.19517467436619 0.0394193154293975 -0.168957898482512
-0.0817941451440565 0.192921961872058 0.0441361482517311 -0.20915113705493
-0.0776046522200517 0.161478471264327 0.052451383266546 -0.228223335933173
-0.0989864986200612 0.145769802335789 0.0906334068819576 -0.206085442427693
-0.127387344379534 0.110783547566584 0.138450859876669 -0.152397016024496
-0.136575150797083 0.0455780165603161 0.158899344726906 -0.0134531283223595
-0.157005204595179 -0.0469238282015272 0.0940483971662128 0.0770028728307774
-0.118853405697689 -0.159962236009015 -0.0203915137467858 0.0960417221418626
-0.0350002025018232 -0.207246212850821 -0.0956101233765425 -0.0733103662643975
-0.0183612873455723 -0.307963794590216 -0.0334316324406548 -0.063298449796404
-0.147995035315232 -0.299762580902498 0.192581692055075 -0.111737375122906
-0.232993409027566 -0.228666887056098 -0.0019212390817075 -0.26816761051436
-0.319355341734292 -0.0627266227446887 -0.118524801416785 -0.130320607554964
-0.313777476478266 0.10605359421044 -0.0983912688322349 -0.0223304624738023
-0.220654959024986 0.223808121601263 -0.0267506522970578 -0.0114394314170681
-0.126023284404457 0.25517866746161 -0.00755791362056456 -0.0752249108730191
-0.0948517757482398 0.263578870400235 0.0109296066275969 -0.115787157767356
-0.0929080962206234 0.238547300379427 0.0297428077992473 -0.156167241948701
-0.132417436554957 0.235063418482186 0.0718628655219253 -0.167147929559076
-0.201208455762084 0.187539882728687 0.128594148864556 -0.14006201586171
-0.235896794556114 0.0776899244333779 0.169141728145273 -0.00400501488081753
-0.245332912260678 -0.0618173414331354 0.101559067046683 0.102963079807048
-0.195685516951933 -0.200794325361846 -0.0216126925182196 0.131148979555786
-0.0995763558458016 -0.263311477780472 -0.0849357126584064 -0.0083768602160562
-0.0413957160240608 -0.306150114437364 -0.00947273253009685 0.057544463480483
-0.147418380004473 -0.261487376503251 0.224030332764269 -0.0620069462501079
-0.196642414836803 -0.192797983113594 -0.0144677510688316 -0.248606932033535
-0.27971718843201 -0.061082251961376 -0.16549831567772 -0.118198350717646
-0.294586530658791 0.10428741080176 -0.166989797850606 0.0280890682260172
-0.214944316432608 0.228516695302289 -0.0888131522736948 0.0706036914732431
-0.121608848347721 0.269581968958663 -0.0573576138405982 0.030937525072474
-0.0928667670925927 0.294044086748217 -0.0234642138699307 -0.00355758964417618
-0.0971332806298757 0.28397368114458 0.00448625948706872 -0.0550130536007439
-0.152447370219429 0.295014243210786 0.0492531179923066 -0.0900382228794359
-0.256866235094314 0.240042682216092 0.106365018671089 -0.0872625361064245
-0.314196822544645 0.0990566883310568 0.1611289881916 0.0295407095265241
-0.313479100171034 -0.074630501392903 0.102639626140122 0.14060733284619
-0.257368671543904 -0.22089979503477 -0.0172180015918225 0.175905501421869
-0.15507007259472 -0.291936511520397 -0.0602808334131923 0.0745831981010603
-0.0605841178926824 -0.24751800523852 0.0186815137409212 0.151552465860404
-0.11712438609093 -0.167601650607703 0.21274605724272 -0.042553994428894
-0.116189574794703 -0.121478629052855 -0.0388486643144388 -0.204876036569935
-0.1865453346781 -0.0503265742954348 -0.182006737298172 -0.0871914556426253
-0.220495462340607 0.0840263444021341 -0.194898544673747 0.0661526364131979
-0.166633224038411 0.193118596290834 -0.128355377495061 0.132542543702358
-0.0955290501773704 0.241836408737719 -0.0954137581607842 0.128582059565568
-0.0771707540699262 0.279896862195631 -0.0531302011507257 0.110245077268153
-0.0898864933491458 0.284587121363198 -0.021182461423066 0.0587027073760312
-0.15404809267708 0.298835138428533 0.0212915230849347 0.0116725827252317
-0.273081773240326 0.235509577931571 0.0690002657730284 -0.00377064041811255
-0.334951763752229 0.0824273016172343 0.126808779693516 0.08019719208596
-0.314479729360038 -0.0856321683142441 0.0878315339125476 0.179828818590908
-0.271034630070457 -0.20854740442752 -0.0095405599263145 0.217613801823638
-0.184870086525991 -0.279250350735612 -0.028536720312237 0.161742568962065
-0.0733164253657725 -0.15501107691214 0.0460344076929302 0.204144685181214
-0.0741461847687534 -0.0636253834112504 0.169494849855455 -0.0479824014379165
-0.0362746580311441 -0.0548573523459923 -0.0621800352246902 -0.151026944487927
-0.0953295091180428 -0.0389535587571363 -0.169475757971792 -0.0525051965229389
-0.134124175162398 0.0559385585421833 -0.185318063933746 0.087508289904155
-0.103163281454291 0.136828656684091 -0.139577222480492 0.167862326159078
-0.057577544459829 0.182736910404051 -0.115796968556526 0.200631398342692
-0.0500305094408024 0.223040307707926 -0.0738358342735386 0.206944365949876
-0.0677052088240041 0.233648051263311 -0.0464915503520479 0.162559021013821
-0.133418449110113 0.240877414400578 -0.0129022676872188 0.110486051603618
-0.237046846690613 0.173068272051254 0.0187896626615125 0.0800537836718874
-0.276218639159704 0.0347358424170176 0.0703027382327594 0.123996497823814
-0.236776809786743 -0.0817778587658895 0.0570376383385276 0.207927986028264
-0.226552867635387 -0.155686875968759 -0.00743910684661613 0.248199654352795
-0.17845873016539 -0.218987559343598 -0.00021064102609409 0.238565112687358
-0.0743333191228693 -0.0576365142411879 0.0721242277746017 0.217608265490468
-0.0346754280419479 0.0128330724788926 0.120255857799662 -0.0619198443315332
0.0142031181660271 -0.0144094139558694 -0.0731412906698348 -0.107287288504972
-0.0360223031551649 -0.0299005760513135 -0.148729117826968 -0.0282105145171182
-0.0626605922717215 0.0308512667247268 -0.163845849140268 0.0962602623245319
-0.0422266587258415 0.075630917638994 -0.134031321254296 0.184630176781353
-0.0184145185321063 0.105818889504751 -0.117009551863495 0.246019450780868
-0.014990373449738 0.130103628501958 -0.0836697546334485 0.273012768481521
-0.0318977884330897 0.138672713914902 -0.0675648289141462 0.234931792678435
-0.0808143133371304 0.139108279118104 -0.0459121596608879 0.179519922355257
-0.143498130363815 0.0831896329172849 -0.0307186108153711 0.135853294071457
-0.149851334511364 -0.00503925215457318 0.0144748240835187 0.144092176240333
-0.106016612330434 -0.0390753817938645 0.0218444631687031 0.220129092261464
-0.145233639290644 -0.0600913984373386 -0.0215923064777873 0.263944148763517
-0.141546525509981 -0.11383643307633 0.0130102368571839 0.284868831482188
0.0680949885617203 -0.0284549687152157 -0.0694771620695787 -0.274146474555745
0.0150917930784238 -0.0567087093786944 -0.00590103177182585 -0.242016132142793
-0.0285234828909355 -0.0295251857081627 -0.0427505018505319 -0.211204855566266
-0.0109061625260323 0.00923744143338745 -0.0184886203266832 -0.114823967136467
0.00240141446982584 -0.00850287953934715 0.0436332719603239 -0.133363622621673
-0.00973563142858644 -0.0159264577109304 0.0545029902041501 -0.186268001767236
-0.0208605802881069 -0.0174249649773158 0.045455068049778 -0.248265970880396
-0.0263226513387515 -0.0131047576526066 0.0445804353546094 -0.280523026815747
-0.023942565585975 -0.0171945416924961 0.0529672490254533 -0.269047240761948
-0.0111490447086476 -0.0164751851718449 0.0852233749743335 -0.205889076832246
0.00772267320263374 -0.00137737476631202 0.117387698820387 -0.130118291938369
0.00594680122268995 0.0250783624024837 0.128276645853065 -0.0216141877408394
-0.0493678429792215 0.000151770727400606 0.0859854969798646 0.0478513619764532
-0.0220732429823652 -0.0556834174941872 -0.014162167107182 0.0690783070049481
0.0474636924010042 -0.0601386754729189 -0.0996224928123285 -0.1244561905217
0.0178534259771331 -0.146608664507249 -0.0731648791170127 -0.23084747864079
-0.0694236425172427 -0.158620558998638 0.0432507007653993 -0.221487912213794
-0.139241228994558 -0.106174297901289 -0.0356632449868247 -0.220352175499501
-0.151338665931655 0.000546590326450219 -0.0237280007912791 -0.105990588284987
-0.123113903420413 0.0588009884249089 0.0359754726452455 -0.11051791303416
-0.0835669936680969 0.0941544786891575 0.0573301452254743 -0.159067023090052
-0.052813266470891 0.0990511582088442 0.0421572215947042 -0.226792068369922
-0.0443713971346381 0.0976646951871212 0.0335594265392937 -0.261543086078278
-0.0457664565041514 0.0755559828943894 0.0371556649807045 -0.259296350738648
-0.0488378805996528 0.061632927553232 0.0708498310326595 -0.211908101424345
-0.0481799992644437 0.0481619807986972 0.113975507622588 -0.146890344522261
-0.0465235857380441 0.0294787310304841 0.134392956107392 -0.0270451832066259
-0.0853731119211969 -0.0142761118579267 0.0880106544340897 0.0482487257961613
-0.063636166638528 -0.0950054595523531 -0.00735632233398318 0.0703886438643987
0.00143134768855184 -0.128548028508427 -0.101566408931307 -0.102692087669246
-0.0242973524275266 -0.244944705930836 -0.0562871722320206 -0.144168147286992
-0.135968231946207 -0.240042110062758 0.108834369855403 -0.17906958191712
-0.219969191799723 -0.170940146760701 -0.0308540416698464 -0.234244617774815
-0.263775985101816 -0.0174985496507447 -0.0634036843106337 -0.102524924565598
-0.231756426087833 0.108083383548766 -0.0126750261364452 -0.0644665335385578
-0.150380438178276 0.18432673676712 0.0316999248534811 -0.0936334446923124
-0.0793161974311977 0.195077923892414 0.0225537393220512 -0.160969616453602
-0.0569050379247502 0.194308896969793 0.016078291115427 -0.200532033733702
-0.0575928983234482 0.164615756348897 0.0213163590839181 -0.218463572309037
-0.0787776638036485 0.150266466467675 0.0575057451286737 -0.202058281543308
-0.108762621793054 0.119580158186458 0.111617760585391 -0.15785207976452
-0.123329281266836 0.0544320116006506 0.149098869828945 -0.0311991557988461
-0.150780970965972 -0.0252218839948467 0.0956822451151202 0.0622339316356498
-0.125278720149306 -0.133352441946658 -0.0107478819846427 0.088048827587931
-0.057583814766769 -0.187876360972543 -0.0975429634210324 -0.0627078526714351
-0.0574353561773494 -0.297828005446474 -0.0260708678699377 -0.0311194924144311
-0.170837859843693 -0.271048246391684 0.171344342582079 -0.127433823362142
-0.248791524804811 -0.19344791841015 -0.0304816635233766 -0.23764367496825
-0.310060671058064 -0.0285098923122096 -0.119005192578215 -0.0982138225705804
-0.286003723218394 0.134124044756123 -0.0829887826110445 -0.00633983204245789
-0.18489147819775 0.23573782739709 -0.0163449013129504 -0.00667137278826822
-0.0920344636769253 0.25372073834101 -0.0106132124324847 -0.0638172669071024
-0.060427550612174 0.261018896955014 -0.00409912268704316 -0.107100788027646
-0.0613974941183406 0.23823676980435 0.00835974696294195 -0.145975416905351
-0.0974368868517415 0.237203957914377 0.0461841610138424 -0.161509755821293
-0.167204014563882 0.201493420420739 0.105440911409931 -0.143259568485896
-0.212907618690211 0.0969845880708831 0.159580719314748 -0.0202052017365093
-0.236714578875907 -0.0295158185116852 0.104922444855205 0.0877863626539706
-0.20056502078083 -0.163941960436968 -0.0125407878474528 0.122375301584655
-0.121757351901963 -0.231539333237537 -0.0824882797131561 -0.00282018185836411
-0.0775788924685574 -0.290951895121656 0.0113080073847394 0.0805634810947108
-0.163149050502518 -0.232733176448954 0.20613316504772 -0.0848119188813429
-0.209659153091814 -0.164865143169854 -0.0412064933210653 -0.218811282931673
-0.273670076658979 -0.0309217113069759 -0.163602949995738 -0.0808801435679747
-0.268181033970727 0.131309872938595 -0.142887154239859 0.0503402742455731
-0.177716613483315 0.240166986205746 -0.0661684438343754 0.0785662801837173
-0.0858066780793962 0.267222646474668 -0.0458328182871042 0.044136349734564
-0.0544507671387855 0.289450492062142 -0.0228378881507345 0.0034545091451295
-0.059397705382243 0.281797403097053 -0.00242971864377191 -0.0464440431086415
-0.108101888304995 0.295222682157188 0.0346779249303764 -0.0842474149561234
-0.212363972381048 0.258682492423785 0.0913806662380717 -0.0888313905896179
-0.286271657624453 0.126624051703032 0.156322124615413 0.0150833015740239
-0.304178953349644 -0.034324121607089 0.108660506186139 0.125708445086625
-0.258579794702357 -0.178250480227569 -0.00452751172270003 0.165861811321629
-0.17401528237886 -0.249879686662299 -0.0526842588442615 0.0728620761851712
-0.0875510186348822 -0.228729712013019 0.0476160219350101 0.16047454032856
-0.122295817450904 -0.147281433441454 0.194620815183657 -0.064738343836474
-0.124695193309115 -0.106505109437951 -0.061323569446346 -0.177558766124042
-0.184240644162228 -0.0296660007560947 -0.177464701828287 -0.0512083511048368
-0.19987330852305 0.104462991866397 -0.166386440257697 0.0906725009901475
-0.135449107425111 0.201435375067896 -0.0980414353609331 0.141364763967866
-0.0629352957858541 0.237902041297432 -0.0719471999718181 0.141079918626374
-0.0395731081212072 0.273628598745316 -0.0371273472241731 0.114121525786128
-0.0506771041039928 0.279317105095682 -0.0137211407911659 0.0640663509170469
-0.108382162997133 0.298098193963998 0.0207799810150333 0.015046748997776
-0.227928489709975 0.255577446746196 0.066740610016834 -0.00402462257630087
-0.307726355972383 0.115243455291374 0.128909900280126 0.0685463915852722
-0.307527203594653 -0.045497952848542 0.0989505048229839 0.165045268226475
-0.268258889698448 -0.166195548085042 0.00594508990593194 0.206827516337178
-0.197223917020968 -0.234109394572026 -0.0142631188057226 0.153183830373287
-0.0871010464623981 -0.136285168643131 0.0773880949723485 0.199120166309592
-0.070326453333429 -0.0540727308898839 0.150228724308205 -0.0649227760415103
-0.0421096408786714 -0.0512892580554449 -0.0793088359828881 -0.127429765191616
-0.0968473881693749 -0.0262617788471585 -0.163975405754539 -0.0211696087010407
-0.1199461478268 0.0688559947365167 -0.157476774461773 0.108162652962746
-0.0799359605147235 0.140813210358348 -0.107144316945471 0.175534273126903
-0.0331077316053527 0.178538272122537 -0.0838935133143572 0.212419035359098
-0.0194553261124954 0.215083989893007 -0.0454295265380843 0.207549293135834
-0.0348465088904705 0.227666444090057 -0.0258412468457832 0.164470061821909
-0.0943753516087956 0.240808153446695 0.000881311288367726 0.111182696302087
-0.200878509155525 0.192300421251401 0.0281884097422341 0.0803821043132922
-0.257001406782323 0.0648683358454818 0.0794368631424707 0.117268323338826
-0.233141542866248 -0.0530387941381139 0.0746452974707277 0.193673051611142
-0.219867542340567 -0.121939307242495 0.0133633756546221 0.236839607427398
-0.183417992684299 -0.177773096251258 0.0188830730643303 0.225030900773687
-0.0747909397186154 -0.0407526297625367 0.100411413538564 0.199822795982115
-0.0256030091052687 0.0137782601326504 0.100482263714189 -0.0728564485392256
0.00900404523748253 -0.01880137256573 -0.0857562997362959 -0.0870971371207493
-0.039979743714812 -0.0228779551048864 -0.143188447313166 -0.00299625706546773
-0.0546643571027486 0.0372174651661078 -0.138085809997132 0.112952641684715
-0.0284627373112682 0.0760119845648178 -0.101769210909517 0.190597117629807
-0.00371053903685079 0.10120401085282 -0.0809853933032004 0.253039452504007
0.00305060553726949 0.122964353031809 -0.0459865293962715 0.268940442774014
-0.0110583577752711 0.134042770281244 -0.0368937560066552 0.232852959516943
-0.0563058452513267 0.138396748928516 -0.0226852061236243 0.17843262700203
-0.123534441304417 0.0968132255704752 -0.0127997433985274 0.137457527192858
-0.142657003664873 0.0133469777934352 0.0280189350994493 0.139677195008264
-0.105236047754854 -0.0299642119351306 0.0457020676726387 0.206744964443812
-0.132231486714328 -0.0416622265228927 0.0071278046374335 0.254965869908636
-0.137282657561068 -0.0835530883024387 0.0365100795145637 0.270311261020081
0.0630352645818811 -0.0310803540008275 -0.0573308947307007 -0.265526487005733
0.0106757482669269 -0.0530373095653882 -0.00553681196781939 -0.236068119132582
-0.0267500338210054 -0.0248481945801343 -0.0407183555246258 -0.199732737169752
-0.00775854426182686 0.00788564228410226 -0.0151070086446919 -0.110313061659843
0.000380319524552023 -0.010952017664827 0.041343714522172 -0.128893088222552
-0.0111758395910356 -0.0156178531348 0.0541241389746851 -0.176463845293545
-0.0214737841914925 -0.0150775393517128 0.0470176763914259 -0.234877664850376
-0.0267318902294899 -0.00992195466838967 0.0451820920073798 -0.268841639644131
-0.025331903768745 -0.0142724982017628 0.0522045702841502 -0.256398099785013
-0.0137477032981623 -0.0149849250606803 0.0807328733208864 -0.195807985676864
0.0065838817348594 -0.00345604403196742 0.11042016655499 -0.124681377675896
0.00758393046687731 0.0206721716131698 0.121637496123708 -0.0229948923061122
-0.044997952470244 0.00329879254480472 0.0826803872187551 0.0426338433547665
-0.0231670037348892 -0.0505144466075252 -0.00844608158735646 0.0643626566810459
0.0422579052390469 -0.0594185162219835 -0.0889222243894867 -0.11784984311545
0.017966367708085 -0.14387272545504 -0.0601107464251813 -0.224224526425576
-0.0676796033186996 -0.152369885354968 0.0413292394179087 -0.21752388840338
-0.132275199342067 -0.100707742386112 -0.0346971435863674 -0.207503834759896
-0.14343249731654 -0.00155221296993142 -0.0188483364621159 -0.101392030114262
-0.119199880517329 0.0534395256534079 0.0338773535794006 -0.107245327207083
-0.0826292819327309 0.0889891580404104 0.0564966993101741 -0.150463487105125
-0.0538894973437466 0.0960286367048888 0.0421159447310525 -0.214569480429965
-0.0453561738818175 0.0959463079432448 0.0329200652503297 -0.25020697905031
-0.0466130702646119 0.0745943900808503 0.0351346437549192 -0.246843971343534
-0.0499771922712183 0.0600002772775469 0.0668567652814001 -0.202426421517008
-0.0471015101518162 0.0446276533815747 0.106039244263889 -0.140880571783832
-0.0434677288786629 0.0247553338000732 0.12768507152209 -0.028624723359837
-0.0785767236715863 -0.0130929661388615 0.0851844029051469 0.0434460795344459
-0.0602508361451051 -0.0895189336322659 -0.00235750991594017 0.0654488027066032
0.00188557522063766 -0.125553416918105 -0.0916064784256098 -0.0968760160152978
-0.0209947280101361 -0.237141434397642 -0.0462579398896404 -0.140972935134218
-0.128366959544056 -0.231406943848076 0.103593295706951 -0.177926547671061
-0.209721869941588 -0.165599348114928 -0.030889154606306 -0.219640458480464
-0.252279011920219 -0.0192486203053225 -0.0567484792213681 -0.0992298662280184
-0.223782512938557 0.100201009959341 -0.0123916758847304 -0.0631353545478937
-0.145903540688934 0.174292445783746 0.0303577034967525 -0.0893411668703957
-0.0795499692630042 0.188014995849829 0.0216120795786872 -0.151966364946596
-0.0567263473934069 0.187669135610111 0.0150928049792589 -0.190922352639128
-0.0580665817557629 0.159413423052888 0.019163368639266 -0.2081251141924
-0.0782454839758211 0.144417552641802 0.0532544672046356 -0.193320754452636
-0.104650135839725 0.113371866681417 0.103351960873024 -0.151772128502764
-0.118139201609774 0.048907478605644 0.142615211049842 -0.0328126191170344
-0.141799600117425 -0.025520778797508 0.0923994403109413 0.0552118635552216
-0.117514668935062 -0.127730765064877 -0.00718953328741022 0.0819077485669977
-0.0517691015248674 -0.181335639613143 -0.0891170085835892 -0.059370729753011
-0.0494426802355749 -0.286519400443505 -0.0186336946114905 -0.0319009370099332
-0.158213408715525 -0.261285344257248 0.163042317336644 -0.12790343464553
-0.236585651372017 -0.189240795823294 -0.0310872396138544 -0.222159824776472
-0.298384417503449 -0.0300262849798679 -0.110031284282725 -0.0940764532996254
-0.276286918673648 0.126545142084101 -0.0801711852758389 -0.00648614632824125
-0.179026527837777 0.224603490876497 -0.0163824784737489 -0.00655486100195714
-0.0911521635188629 0.243653277787703 -0.0111044045507196 -0.0593016764017472
-0.0604421111087837 0.251397016498535 -0.0044117825736193 -0.101232522770027
-0.0623842744772946 0.229535368202106 0.00617046798725247 -0.138133491489477
-0.096667425618969 0.227557874325577 0.0416187766177451 -0.153943896622658
-0.160443805874468 0.191597855085885 0.0972854599716391 -0.138036894846868
-0.204936156213937 0.0900521282825206 0.153419913083615 -0.0224409839407692
-0.225437967561747 -0.0315977171280751 0.101231163923374 0.0808172860335894
-0.187853796670114 -0.159077456989928 -0.00786805658954076 0.11498392906771
-0.110665882939346 -0.224611024715617 -0.076045752027668 -0.00185912319949011
-0.0695528297670342 -0.276687004502008 0.0148751102994047 0.0748630988831945
-0.149390732775732 -0.22375430053099 0.192645969393489 -0.0851323785534984
-0.198860213155611 -0.162253661721295 -0.0417348388069934 -0.203706208452006
-0.263846461582477 -0.0326662861566574 -0.153150479764401 -0.0775006097201995
-0.258237852834794 0.124784177682025 -0.136739640311109 0.0477228857805837
-0.171062532428562 0.229330309933041 -0.0647467690703979 0.074487447630662
-0.0843617518821095 0.255841471479748 -0.0453366584553721 0.0435500482165119
-0.0537253894579283 0.277835456065824 -0.0239745543045561 0.00511749747314506
-0.0600857810013788 0.270142579316619 -0.00527885820227201 -0.0433375905552279
-0.106319308889766 0.283434521515811 0.0306643511701272 -0.0811248235465282
-0.204063923847005 0.247447433600548 0.0844985849675895 -0.0861049552498937
-0.276086724622752 0.120013039041504 0.149941133645561 0.0126168022620888
-0.291674839265433 -0.0382499704927443 0.105671019706017 0.117495178562893
-0.242743832604584 -0.175222517239958 -0.00154992756348554 0.158453126647334
-0.158513973513519 -0.242057104216165 -0.0508548453825205 0.0714494013267155
-0.0785875672743997 -0.215702565245117 0.0469267291991603 0.152413135534582
-0.109199105155361 -0.141273484222539 0.180885582913439 -0.0644211229829147
-0.118160857809906 -0.10664011216597 -0.0607875483305936 -0.163346380753258
-0.178059217592732 -0.0293349987047555 -0.167513459049662 -0.0481645597768606
-0.191540905464931 0.0997323715088062 -0.158854933719299 0.0851344099538786
-0.129602937826349 0.191395654578055 -0.0954162442701005 0.133492138673712
-0.0616085602945301 0.227024963017119 -0.0708298836971712 0.136397682655983
-0.0394480518405441 0.261252674822425 -0.0382794803696109 0.11117475928382
-0.0509987289888311 0.267266420324431 -0.0162418945212926 0.062283099380236
-0.106189091681466 0.285469125611408 0.0176773892823215 0.0143118366919434
-0.219599237035216 0.245333650912909 0.0602211892519795 -0.0044028640971124
-0.297660939446999 0.109881294881566 0.124090282891049 0.0644680824235549
-0.295816749335864 -0.0502920865483966 0.0973356048832135 0.155793889910588
-0.251349793532592 -0.16449432540083 0.00911860153267701 0.198461486814273
-0.180343594635744 -0.22615456990875 -0.0169287731435644 0.150049176708558
-0.0784828622096865 -0.126371533696724 0.0733891788759324 0.189073316138676
-0.0598264031004339 -0.0532047616510927 0.137167612563525 -0.0624419035091417
-0.0403825331959344 -0.0536537590622985 -0.077596016482995 -0.115168929956658
-0.0947009776567175 -0.0251464718366533 -0.154917782404528 -0.0195112026172635
-0.113945431291414 0.0670694843867641 -0.149730576397277 0.102355270340389
-0.0757893342343536 0.133655217631404 -0.103628411075272 0.167089479511915
-0.0312871390226203 0.16951008244202 -0.0818087876541947 0.203423875344565
-0.0188530525619192 0.204860945924427 -0.0465478685392373 0.199642741753679
-0.034857242883071 0.216914479650532 -0.028574248015904 0.157950796152261
-0.0909684163563876 0.22966100109227 -0.0027069498586413 0.105729581901385
-0.193198281063582 0.184915634035347 0.0240624424299207 0.0769339830457919
-0.249923712923859 0.0622554030710611 0.0758405429338061 0.111306049244147
-0.225354910362425 -0.057655576910518 0.0728119600456703 0.182349676880437
-0.20418715399307 -0.122890716497489 0.0144489277841176 0.228076059509939
-0.168425329904846 -0.170221246604353 0.012991597884678 0.218672119957079
-0.0673725014435811 -0.0355532037587883 0.0932375518456064 0.189808010448639
-0.0192355202158101 0.011055576884308 0.0892447293669441 -0.0679117523741631
0.0073603465580705 -0.0208357121835268 -0.0839383659745892 -0.0785596237352529
-0.0399656230906348 -0.0197634786441399 -0.135945164898075 -0.00163215393544393
-0.0508516343229837 0.0366729896067236 -0.130819156259211 0.10705275695462
-0.0263082886229834 0.0721063291921913 -0.0983394986217996 0.181088748083195
-0.00163346201568413 0.0956159898400418 -0.0799959897470224 0.243026415613945
0.00357987917383801 0.116030051611088 -0.0471656562909691 0.258790629686449
-0.010953317733688 0.125949552698468 -0.0401342774121123 0.22282519105299
-0.0525423202778444 0.132087383395638 -0.0244434537804656 0.168755084598227
-0.118890555997973 0.0934416973756218 -0.0142531901092229 0.130871047596645
-0.139740958074638 0.0142103802958971 0.0261791190518711 0.133811112487497
-0.102036943440933 -0.033634912798571 0.0445353975693647 0.195329524068829
-0.120930174824321 -0.0437254566546104 0.00751043140740516 0.245273320103914
-0.124559180612373 -0.0785061216705409 0.0278740226545259 0.262893664793121
0.0596323065910904 -0.0330043635686461 -0.0404307474593775 -0.266123675915473
0.00833626991449522 -0.0503491613896921 -7.13708567597269E-06 -0.235957324227118
-0.0243645146948373 -0.0224567675340163 -0.0357322517934808 -0.195490321255082
-0.00531233694027526 0.00576455689895743 -0.00937311914615451 -0.109694971451308
-0.000666653410801866 -0.0129985449714421 0.0429002217580897 -0.125995167733424
-0.0122248333134326 -0.015917220540414 0.0582721272867787 -0.170544285042148
-0.0229901215424494 -0.0139833955688896 0.0560272229015983 -0.227917144983437
-0.027691732399453 -0.00772698300153377 0.0527313454586478 -0.26307242779213
-0.0266972123186424 -0.0123375595318716 0.0582106132981438 -0.249484394771714
-0.0164088920846256 -0.0142547690404344 0.082650895659423 -0.189855887767771
0.00505283303507573 -0.00498342021028461 0.108728421364439 -0.120075521242351
0.00825534063893394 0.017513862842419 0.118875996959232 -0.0216744963806049
-0.0420947374625332 0.00449937930564581 0.0803425388947975 0.0407207211179917
-0.0241520555020496 -0.0475187538219494 -0.00468407849889385 0.0608818756152636
0.0407481945823131 -0.0598515396279198 -0.0784940519896888 -0.117437242454601
0.0215912298184581 -0.14486129495342 -0.0455071064628747 -0.224959279160826
-0.063850605863868 -0.151740783835525 0.0450416290914932 -0.218379705708154
-0.126744700864594 -0.101190211578542 -0.0301026114424249 -0.201663632155476
-0.139680455948614 -0.00643657733487702 -0.0131167042347759 -0.101435684776452
-0.121162821960982 0.0468182170679071 0.0339743546768547 -0.104705984408782
-0.0853109832871345 0.0845971763818658 0.0587608730668586 -0.145916241500401
-0.0573864575043406 0.0944233511028597 0.0485321044751018 -0.207726262486885
-0.0493777996830642 0.0962030773357619 0.0399784496601831 -0.244170344589974
-0.0502034904926135 0.0746131716705231 0.0406542800639273 -0.240280963926586
-0.0535855969508247 0.0584300599261096 0.0680199305758445 -0.196714456492601
-0.0478748041901848 0.0410003721388416 0.104710980165784 -0.136500483841129
-0.0421428065806069 0.0200139860653851 0.125236653065907 -0.0277051627345237
-0.0742582512046029 -0.0136268426420727 0.083797074842439 0.0403763216146153
-0.0570086038555357 -0.0877890879663458 0.000738145838832367 0.0619365687801818
0.00450973147942528 -0.125337503163697 -0.0820949772091735 -0.0973424400989987
-0.0120538094761695 -0.236697921652134 -0.0348165967879039 -0.142576320348167
-0.118826174862647 -0.23220475744563 0.104481677755966 -0.178676598331696
-0.200775992942394 -0.168954532948385 -0.0265313912156939 -0.212041360671172
-0.247013359970642 -0.027667809277536 -0.0491975352261111 -0.0993184041527855
-0.225123591928114 0.0910981916090907 -0.0126563916908288 -0.0629208332395139
-0.149823536844414 0.166481878080433 0.0309088502582803 -0.086491045360045
-0.0857713803216476 0.184213311845081 0.0253983751763856 -0.146556539944873
-0.0633825130364856 0.185296241711563 0.0202457569600079 -0.185746081585187
-0.064060266844465 0.157395170139857 0.0226334705151071 -0.202583652049433
-0.0827296407672233 0.141282837042499 0.0548244812711409 -0.188015255005091
-0.106251539863424 0.10758497852483 0.101517139515258 -0.147902913430419
-0.11697935371183 0.0431539033324804 0.139672762842205 -0.0317616225215295
-0.135941945721069 -0.0300666514163732 0.0910387406921774 0.0533145894903567
-0.109734816603978 -0.12907808687209 -0.00382711530260252 0.0779424678678901
-0.0428267208999379 -0.183012013142058 -0.0826885290824064 -0.0598649619498377
-0.0382225211194356 -0.283775726577588 -0.0119116155174149 -0.0337536190727606
-0.144840399336098 -0.261446620481332 0.159349629632556 -0.127760773778683
-0.226698225060201 -0.195327627983142 -0.0279914397427427 -0.213506796180821
-0.293796488805708 -0.0403151006834852 -0.102217021024664 -0.0946117114425124
-0.276236790808173 0.115970313152246 -0.0791358835042753 -0.00903326831094713
-0.183138763845942 0.215443761691136 -0.0174087490827526 -0.00748149860944131
-0.0978525679369601 0.23830506635379 -0.0109265134605589 -0.057131835290126
-0.0676461367775374 0.247290824739633 -0.00239601068112785 -0.0977261744266585
-0.0697288331799822 0.226153631163383 0.00743161994533413 -0.134633693657336
-0.103136142992875 0.222416450391875 0.0421919416356077 -0.151179170465671
-0.163360273742574 0.184002607434694 0.09481144609304 -0.134449780586196
-0.205232795299033 0.082102990689222 0.150520763695569 -0.021123107585246
-0.219638577896826 -0.0404759545234894 0.0990119693631863 0.0785832491921287
-0.177274378005735 -0.164705413658062 -0.00640526736412854 0.111150494696974
-0.0969127662496238 -0.226244891975497 -0.0730824717449442 -0.00270109745898157
-0.0568310960342763 -0.272880113165373 0.0163577274961586 0.0719913982163993
-0.135468806282209 -0.225266882294704 0.187220780864778 -0.0838676249409066
-0.188839983042307 -0.169050167989478 -0.0391997601663482 -0.195036970698727
-0.260100906163392 -0.0406190021669981 -0.146475320987045 -0.0791074640625546
-0.258223280534729 0.115356159502587 -0.135130151329499 0.0427798476207451
-0.174001971497104 0.21983893069368 -0.0670402996331354 0.0709026748742453
-0.0915564496705588 0.249297166144614 -0.0481004966155865 0.043141821279521
-0.0617636078403782 0.272228654116288 -0.0254749804853537 0.00702164874088817
-0.0678332148084397 0.265243242414853 -0.00681564125570039 -0.0407759352716664
-0.113388407823785 0.275838609276702 0.0292689031815973 -0.0789891746418044
-0.207363096788407 0.237977344512996 0.0815670977694048 -0.0830909329196906
-0.276552276761601 0.110654562414413 0.147244365843867 0.0129724407670004
-0.285872930455345 -0.0501493861719533 0.102570258289279 0.114878741631096
-0.229895723616141 -0.182984225620494 -0.00148638456801728 0.153949683318199
-0.142785370622965 -0.244772703907403 -0.0510637361177293 0.0706552358379713
-0.0671155095529232 -0.21087986092037 0.043641770248674 0.148628223940296
-0.096999919495306 -0.142898458738751 0.173754806438757 -0.0619499281050454
-0.11144453073595 -0.11157473337139 -0.0582016367050563 -0.155499296239217
-0.176184372747355 -0.0346170633649007 -0.16083363371511 -0.0502193848315015
-0.190740535195565 0.0933959521500022 -0.157837753335493 0.0786813413776387
-0.131754869095092 0.185233697336325 -0.0986122154574613 0.128476002228775
-0.0668848157633498 0.221427342952479 -0.0753648238113913 0.132935640481461
-0.0459031602860817 0.255738080820797 -0.0426838629762778 0.110541140617097
-0.0587175435623913 0.261959574040666 -0.0213479148725459 0.0626537586312956
-0.112233857988242 0.277533222054831 0.0133551852261691 0.0142321133985034
-0.222853325736419 0.236226179148801 0.0566906070004878 -0.00371066822585303
-0.297849647332643 0.100221268736085 0.119935958192553 0.0647376847729563
-0.291399665334088 -0.0632030735519957 0.0926798835340363 0.152646752016556
-0.238608933062248 -0.174362125007194 0.00662860561802268 0.195296748649434
-0.163245540804593 -0.2284214254023 -0.0221418326743912 0.149191663898356
-0.0684926967975554 -0.121976778538305 0.0667207362810943 0.184948699979369
-0.0505433232791683 -0.0548222059166092 0.129943846857069 -0.0589723300774793
-0.037662335530569 -0.0568539043273476 -0.0752634136507028 -0.109498806928886
-0.0939189176318751 -0.0260279294379002 -0.150211208683321 -0.0214491559507551
-0.112476427338236 0.0642086333180614 -0.148156469956058 0.0961685398361142
-0.0767476933433375 0.12874060580752 -0.107743818894886 0.160551780584223
-0.0347986727003042 0.165003917696645 -0.0873287186686273 0.199392097975268
-0.0239312425157245 0.199272103893264 -0.0531930293116233 0.197873075906454
-0.040783330214606 0.211798382387361 -0.0356983312511124 0.1558092026664
-0.0951934267011544 0.223260233337724 -0.00834548771424075 0.103077447947181
-0.195005809122522 0.178428458687423 0.0196121280649637 0.0756351372070946
-0.25010052716903 0.0563871026575692 0.0717435004168101 0.110460759753854
-0.221891926481319 -0.0678541560487408 0.0681601245221928 0.178097259175796
-0.192884597887874 -0.13116270370215 0.0105839005071095 0.225525512028739
-0.152606899566013 -0.172257316253377 0.00309341089300343 0.219605986531291
-0.059722497816638 -0.0323931402702973 0.0830237286560064 0.188229106560578
-0.0134822423392431 0.00815140651218742 0.0826182980783292 -0.0626966915099634
0.00661572132579634 -0.0226143467429774 -0.0816269120474179 -0.0726392104743449
-0.0407897004419954 -0.0180699597595115 -0.13297611665256 -0.00275121032426508
-0.0488181332929164 0.0368319375769252 -0.129100564136742 0.10229160638062
-0.0260981192705207 0.06924562759369 -0.102628811376032 0.174022185516916
-0.00280298463981697 0.0926660929315749 -0.0859922756482791 0.237587587369848
0.00238151129076672 0.11223583353625 -0.0549713820562701 0.254669265870269
-0.0134688558317382 0.121673171285822 -0.0488960939216158 0.21932257767704
-0.0537403185796419 0.126737392391345 -0.0317798659711729 0.164009185518378
-0.118977144940217 0.0906826197252298 -0.0186215718950654 0.128533705764917
-0.140278855872625 0.0117615585786836 0.0208533764371956 0.132366624871676
-0.101282387010443 -0.0414407683534092 0.0399622635001314 0.190619055632939
-0.112365900035661 -0.0491775544038234 0.00188423600381975 0.242351714939239
-0.115678718607655 -0.078406455404374 0.0138899808673277 0.263758767338731
0.0585926601027006 -0.0360518211487119 -0.0259093944647904 -0.276312117426648
0.00632603584871988 -0.0501442800824458 0.00503349831862504 -0.24540527217549
-0.0232193079059737 -0.0202264525475027 -0.0321515395863993 -0.197272039692019
-0.00399072771633494 0.0043376615050899 -0.00483971443014962 -0.112819856814376
-0.00212697452169722 -0.015433553484588 0.0450208177134735 -0.127381658790692
-0.0140054849188563 -0.0169287145347353 0.065245561514855 -0.170727248591262
-0.0253630318236466 -0.0132030847957302 0.066350969354371 -0.228808684016237
-0.0300454264486636 -0.00585381708409562 0.0625091641198528 -0.267585755084585
-0.0291842543875095 -0.00985750942334093 0.0662124015728584 -0.251409753565383
-0.019113849691192 -0.0135218310449736 0.0881050447347505 -0.190917344332225
0.00372814692956544 -0.00628748263198862 0.111219333603169 -0.120130019119294
0.00943415352851536 0.0152137775292754 0.120413850877301 -0.0218203728821182
-0.0401670231834071 0.00663016272325782 0.0813453177066311 0.039894589412042
-0.0255583547937154 -0.0459326449160497 -0.0010582842873566 0.0591314316646637
0.0395049310179627 -0.0628033063951449 -0.0709472093978091 -0.12088537968193
0.0256791759529263 -0.150752918996114 -0.0320454456978647 -0.234680656130371
-0.0626912652217737 -0.156632789570126 0.049831354599459 -0.226592543866772
-0.12525285835763 -0.105239017091422 -0.0270055905480245 -0.202137158659086
-0.141087341650106 -0.0114948258409063 -0.00802495105433822 -0.104454832341651
-0.126332909599152 0.0421833868137063 0.0360858627923291 -0.105985282364197
-0.0913830740471533 0.0833205191102516 0.0643992569579371 -0.14583414099724
-0.0632995063012969 0.0958517690672237 0.0562337392728859 -0.207868967329412
-0.0539695790435208 0.0989713122908645 0.0475211827409965 -0.247172843688993
-0.0552673512169689 0.0771860677671597 0.0461292552366191 -0.242137340361675
-0.0586701640379408 0.0597777763948246 0.0729132064781966 -0.1978696595191
-0.0506536479064357 0.0384678867954621 0.106518026301865 -0.136591212008382
-0.04168368941603 0.0165445122761955 0.127147863276 -0.028177007764688
-0.0709155830536203 -0.0153473636897504 0.0849221401993989 0.0409993048913193
-0.0559910926194717 -0.0891501027574239 0.00399233410386018 0.0604585248599247
0.00786199973942305 -0.130270054924025 -0.0759978781798607 -0.0998810785653152
-0.00366475069624571 -0.243721334035759 -0.0236815972118353 -0.148360099646504
-0.113473260842308 -0.241486027188393 0.108347599047787 -0.186474349047174
-0.198929604545251 -0.179230666785969 -0.0239210516756213 -0.211448950513743
-0.251763623555781 -0.0359397846201142 -0.0450696916954635 -0.102161205447679
-0.234024932928739 0.084414826656844 -0.0122174987817774 -0.0650808024396619
-0.159503525811238 0.165692038103576 0.033289194316639 -0.0875099075618142
-0.0946394547929581 0.187001781193743 0.0287023316714785 -0.147142873119682
-0.0706071819943022 0.18988896494138 0.0245581915461722 -0.186688020999939
-0.0722925330067867 0.161366229869389 0.0267620607409492 -0.204741697773642
-0.0903954011645415 0.142831491336961 0.0581765395814451 -0.190251010265568
-0.111686461529046 0.105651505002103 0.103220506529475 -0.148269999537093
-0.119662067203122 0.0377994354579981 0.142000009455147 -0.0319355962784829
-0.134912657075113 -0.0357984982258927 0.0924486008566512 0.0528187644993148
-0.105977857480081 -0.134192904829003 -0.0016925630320343 0.0765961030342371
-0.0361555024050158 -0.1894876004927 -0.0788845306792396 -0.0628160231909473
-0.0275028701264741 -0.290098568044856 -0.00551676743645801 -0.0378867784419824
-0.136959240744411 -0.271978751663995 0.162381487741131 -0.13359607609747
-0.224060627066912 -0.208171476211404 -0.0254344065516536 -0.213266764255049
-0.299309369574836 -0.0505581906214189 -0.0989025089970789 -0.0992666311419949
-0.28579595234567 0.109527678051342 -0.0810007020035939 -0.0122017314629894
-0.193613625407385 0.214470452654295 -0.0191479447313021 -0.00829006698168318
-0.108853847704856 0.24094282702492 -0.0119368491421525 -0.0562809218781767
-0.076376413826827 0.252391951182081 -0.00104782110958954 -0.0974012906626294
-0.079142193922396 0.230949811483724 0.00835096950175285 -0.135150348856091
-0.111404762175514 0.225303861992163 0.0433816361430536 -0.152713167214014
-0.171865858370637 0.183164750023297 0.0957566679300718 -0.135007778705418
-0.211690449935538 0.0772726274000788 0.153477243159982 -0.02172827024176
-0.221702668950565 -0.0501400312242127 0.100638745926584 0.0790792290272009
-0.172357968947455 -0.174848637333696 -0.00522951426077512 0.110122210101075
-0.0871561267760975 -0.235555124087466 -0.0727015262356409 -0.00390914796632131
-0.0462318299949903 -0.276746069889872 0.0186645596786019 0.071255224888419
-0.125100321409923 -0.234493994759412 0.186687676563888 -0.0864156251509513
-0.186247595192199 -0.180825274537267 -0.0377924215045756 -0.19346024538626
-0.266287756420694 -0.0500851927150244 -0.143795681536571 -0.0834513305831273
-0.267233338540551 0.111322614626451 -0.138781966451439 0.0397475804649012
-0.183961803958409 0.219196946943495 -0.0721980624556086 0.0700733858726491
-0.100786513269406 0.252307653660255 -0.0528526109513291 0.0442847780710742
-0.0701840167977339 0.276494708411355 -0.0269458622421575 0.00932174743709288
-0.078114870207467 0.269753966420685 -0.00876750823007677 -0.0401930043978459
-0.123807134045924 0.278856456308543 0.0287417337708376 -0.0799928397430496
-0.218161201132048 0.238044597524395 0.0813167333567095 -0.083663203759654
-0.286824531948186 0.105388650353726 0.149787744678437 0.0139946735400682
-0.291069060282705 -0.063405572365423 0.102627996268289 0.116196683707124
-0.225590405521095 -0.197088843411401 -0.00169067147187438 0.155511070034905
-0.131312250838506 -0.255500679285771 -0.0542586665520808 0.072867771720837
-0.0575582307532554 -0.213338222764076 0.042062811046317 0.150478801765797
-0.0875135224118704 -0.149557823188659 0.171353193355904 -0.0619176797730441
-0.10903033837273 -0.120799130068943 -0.0578682382923062 -0.153052565676813
-0.180303553242072 -0.0407994988004516 -0.161017076634526 -0.0540558936502152
-0.196672716708053 0.0917390237625889 -0.161239219256206 0.0761691321548962
-0.138357076500813 0.184188452002739 -0.105784578399435 0.127757043172687
-0.074185422891998 0.224086652703469 -0.0826438708303481 0.135794574947273
-0.0531145406050451 0.259091641663049 -0.0478570113931807 0.114106927084642
-0.0678328720823718 0.266041593961519 -0.0262342626932455 0.0650214634606408
-0.123335673902763 0.279833345895361 0.0101089649426989 0.0143161532310668
-0.233406925480495 0.236858796768365 0.0547940403288387 -0.00290973822495176
-0.308807945559001 0.0954832123173543 0.121766862227866 0.0666048787915722
-0.298110956767949 -0.0769724565529798 0.0912800884244094 0.154397602842564
-0.234285325097387 -0.189428333122612 0.00529169996473627 0.198874108255208
-0.151904915136929 -0.239100747101443 -0.0287334083651126 0.155167982667235
-0.0608092994852365 -0.122075892082335 0.061780761544205 0.188249618151045
-0.0429945829083482 -0.0592576312908723 0.126827240378062 -0.0570154275742879
-0.0356750691510074 -0.062725134118702 -0.075569810184647 -0.1068098316129
-0.0965178917172919 -0.0284631212540649 -0.151028725401781 -0.0234341017998264
-0.114469439352577 0.0638901337814956 -0.152108528194185 0.0938100177159225
-0.0799056440451799 0.128526400397018 -0.115119939954519 0.160859037085981
-0.0391998887278214 0.165698735431076 -0.0967193636280383 0.202995076725481
-0.0283507197166033 0.201630653795727 -0.0607543377696273 0.20193024910094
-0.0471657106537577 0.213929187145431 -0.0439142618548154 0.159704018470378
-0.103344229432337 0.224288056872246 -0.0145260428934361 0.104462104082839
-0.203468659752099 0.178593916819656 0.0159397050595451 0.0769187500547302
-0.259059057988449 0.0519268591974059 0.0704331354639497 0.114010303291859
-0.22699500530334 -0.0808726845599857 0.066177211031959 0.181490443399949
-0.188382637792231 -0.143934050589841 0.00706631586286911 0.231399916888917
-0.143057700466243 -0.179283524405713 -0.00672046976569437 0.228062150013487
-0.0548798320136188 -0.0308416505100198 0.0770139473476444 0.191467237880547
-0.00824373363558637 0.00533267707448611 0.0789723198615385 -0.061161058628067
0.00676322594845411 -0.0258640534168421 -0.082770248305706 -0.0705085524247726
-0.041994378941372 -0.0169995703502896 -0.134068361800346 -0.00325882036693179
-0.0484717810271838 0.0378796665242136 -0.132211908176319 0.100679576270468
-0.0264977087399739 0.0690970927181606 -0.109571421676961 0.174069040969007
-0.00356895191930316 0.0923869526543914 -0.0955689062337357 0.240950872992743
0.000487992308144736 0.112129093347665 -0.0651126715879925 0.258870027310039
-0.016384963107919 0.121921161192014 -0.0586900683138612 0.223452426143116
-0.057077265716103 0.127845955076333 -0.0390483713100589 0.16578218907851
-0.122927994592876 0.0914031779238916 -0.0240120354503225 0.130289022263215
-0.145775402448856 0.0100348163851583 0.0170752677833994 0.136108436340123
-0.103895763937001 -0.0505952952972382 0.0354380632586635 0.192254694646835
-0.108009261510006 -0.056965449162396 -0.00328543199892197 0.248339257639219
-0.109982285978561 -0.0809654845072514 0.00125521893033891 0.273351393881405
0.0580598421202513 -0.0417892281974002 -0.0190211015064327 -0.294403965273047
0.00294539316026148 -0.0512190345904712 0.00403394013149318 -0.261434332449098
-0.0225456061651215 -0.0177613978352271 -0.0339641005041665 -0.205427173890677
-0.00160276240023382 0.00314322162936884 -0.00293338705681652 -0.119300671326082
-0.00437168609071694 -0.0183705689565711 0.0458637147497801 -0.134343425233518
-0.0166943706457116 -0.0179866990046021 0.0698258646768431 -0.17720390663579
-0.0281351195501981 -0.0117833562054981 0.0731861383692681 -0.239613382359412
-0.032960955211178 -0.00299575638742729 0.0671175102790982 -0.281236332667491
-0.0327241798327786 -0.00754907302981214 0.0699242478246062 -0.264489025651472
-0.0230454479717474 -0.0127147805420762 0.091906198870868 -0.199474108613871
0.00204830827224359 -0.00909815303421097 0.114052137355901 -0.125761508960474
0.0114012169315252 0.012746585608554 0.124245766075459 -0.0260834149357238
-0.0393179649172907 0.0100444174379057 0.0854690962788566 0.037833405666495
-0.0291729152933553 -0.0453224882537112 0.00468241142668484 0.0598681015375511
0.0376850129373904 -0.0686123421954969 -0.0677589464854905 -0.126258399349484
0.0270101728798457 -0.162415746541171 -0.0246005839838783 -0.25072163463984
-0.0673513633806325 -0.164806549442371 0.0496640978505318 -0.244743412043697
-0.130433668810045 -0.109766236563554 -0.0298385346948032 -0.208029573975726
-0.146144313890584 -0.0140046426480818 -0.00566790582248905 -0.110853967527671
-0.135480521472222 0.0421705997804191 0.0363364689115337 -0.112435295440673
-0.0980967485111183 0.0870573508899799 0.0674541971135038 -0.152287219422734
-0.069046138367433 0.103370490608197 0.0606945147360777 -0.216734737590566
-0.0591069688981106 0.106340145326697 0.0513492750597964 -0.258197716407804
-0.0601906515523423 0.0844740896970169 0.0487000263123831 -0.253551301539331
-0.0643063275254727 0.0645097430782793 0.0745694773863343 -0.206120858469137
-0.0545470555542765 0.0390924342176708 0.107686542203934 -0.143750168305816
-0.0430475521034275 0.0147533572195135 0.13190637316499 -0.0325056316046872
-0.0714511856503787 -0.0154303897949395 0.0903039602885241 0.0383277157737343
-0.0577245181137471 -0.0915624464977295 0.00925491098566274 0.0599472005795314
0.00755394500763082 -0.139644272548299 -0.0740440214373728 -0.104346675726224
-0.00105479462265148 -0.258951992339413 -0.0177511319994298 -0.160791136568601
-0.117540577633055 -0.25492987079685 0.110220285856014 -0.203597299838986
-0.207706032979549 -0.189289258743558 -0.0271306833635516 -0.217088219064891
-0.263692667093229 -0.0403372893955399 -0.0442631116444203 -0.107980101422705
-0.248708335602681 0.0875220541060867 -0.0137284953951398 -0.0686048951861417
-0.169777936256995 0.172920172987739 0.0335528146837701 -0.091527679914243
-0.102055880808617 0.197618448407415 0.029528392205648 -0.152374449492575
-0.0767521192930541 0.2014996454628 0.0266065437503896 -0.194295229313887
-0.0775658841810845 0.172091309753346 0.0268488018989826 -0.212475680974859
-0.0970840137451987 0.15188026503944 0.05839251797966 -0.198408928809358
-0.117252077001197 0.109928004827644 0.10374836371898 -0.156248608848844
-0.12462271165929 0.037410811646161 0.148359696435124 -0.0374783829633619
-0.138264257594507 -0.0386410408765605 0.0978580223519561 0.0517386361074575
-0.109089495137381 -0.141536971588108 0.00303427503089713 0.076871745075067
-0.0363350789679538 -0.201485215924975 -0.0783585713144566 -0.0650222532254554
-0.0247136253669721 -0.30610791557571 -8.14969599560124E-05 -0.0427865377592489
-0.139792927244937 -0.288037598376147 0.165190437687643 -0.14742669898642
-0.233112218545776 -0.222165213946829 -0.0297815449522075 -0.217127672315969
-0.314932364071309 -0.0560014886445299 -0.101362861320656 -0.104251800846314
-0.302722441924135 0.114015499960972 -0.0853421162202411 -0.0132259228118367
-0.205060023567366 0.224656373871236 -0.0223551641027298 -0.00898981012373583
-0.115657607765192 0.253920009355773 -0.0142427852384826 -0.0573994569704585
-0.0824033744273495 0.266012299768636 -0.00189678014315327 -0.0992710250847711
-0.0854646685038502 0.243464866182737 0.00665095304062671 -0.13970173698719
-0.119852447185044 0.237659056446728 0.042691569789495 -0.159429479136647
-0.180640771834532 0.192177670079429 0.0962725478659714 -0.142365596943058
-0.22316934940552 0.0790376093449065 0.160200507342933 -0.0257443232457159
-0.231794923832362 -0.056267662258181 0.106851250534586 0.0789701370480011
-0.178355878143413 -0.18624532629885 -0.0011068756933959 0.113727454059257
-0.0865624114786904 -0.250357210231002 -0.0740881736724486 -0.00303855283584957
-0.0438956544924038 -0.289644666125012 0.0238246861246331 0.0721876314312788
-0.125939575856439 -0.248035133394045 0.190278398536296 -0.0961418170662536
-0.193602148126749 -0.195122110871503 -0.0430498926828906 -0.194987980281625
-0.280936399276518 -0.054397932797835 -0.148072249557642 -0.086230089982435
-0.2823569961657 0.11601449609223 -0.145666513392509 0.0399450194944716
-0.193602857832618 0.229417743403142 -0.0781149168356163 0.0732532961163664
-0.107692813420414 0.265353489394181 -0.0575718728630658 0.0492163849596453
-0.075075260378472 0.291161887155247 -0.029551068682773 0.0120533191869728
-0.0843794338408584 0.285472844615986 -0.0118677375264776 -0.0399052954066453
-0.13174122292921 0.293906965709956 0.027166371976642 -0.0835259679159973
-0.230182529406668 0.25009847209202 0.0812568098231117 -0.088783862247191
-0.30266828257675 0.110280248360923 0.156569114658022 0.0115086698604402
-0.307217410190623 -0.0710358448361711 0.109939731053019 0.118242339831592
-0.233646033134 -0.212147806758487 0.00167561406278574 0.162039796602663
-0.129959797511693 -0.272394832332528 -0.0569303880612036 0.0787137402502242
-0.0548530201823738 -0.220204257754406 0.0459631665023943 0.155202333769363
-0.0843022586157246 -0.158817863420384 0.17245048526224 -0.0678272189063699
-0.112143838784839 -0.132077310678942 -0.063503777529975 -0.153168117527336
-0.191414842995705 -0.0436610628980069 -0.166010268519764 -0.0551681849621615
-0.206514397034197 0.0965759929630708 -0.168533948315828 0.0785599991499158
-0.145231348916368 0.192854355114828 -0.112987490569614 0.134643438612693
-0.0790841666069301 0.234354448288656 -0.0895274272689471 0.144480959545862
-0.0562562833509625 0.27096920406282 -0.0521323228617912 0.123021369786304
-0.0722574046784436 0.279528588740636 -0.0302281935620418 0.0704240838256233
-0.130760556139039 0.294233275861994 0.00728383206966913 0.016006157213495
-0.244722207313393 0.249370607108309 0.0540143644787297 -0.00368962174418478
-0.326345235624397 0.100715353535043 0.127165173880003 0.0680452476126144
-0.315064535321439 -0.0866429569833199 0.0982820698416061 0.159125919959331
-0.242919556158482 -0.205761177415764 0.0085738200756299 0.208313337280296
-0.151001301446025 -0.253256834514443 -0.0323833034447781 0.166566200734528
-0.0578203069301928 -0.124347865383007 0.0640432007817 0.195639042344032
-0.0372742471281211 -0.0651401924919442 0.125648435434744 -0.0608350535997393
-0.0369759702352656 -0.0699053276781277 -0.0812317727590534 -0.104533452514284
-0.103100709575914 -0.029239710039593 -0.156099092441591 -0.0219661568462895
-0.118809217613155 0.0681231877363861 -0.158207669011184 0.0980862587959185
-0.0827840201426751 0.134451322167929 -0.122029283210224 0.167698367369268
-0.040762520139779 0.172894987015406 -0.103562011498113 0.214788337893697
-0.0291431802177575 0.209665611404283 -0.0662001177151396 0.215294899674142
-0.0503628468942331 0.223812591068333 -0.0500384269768312 0.16980889451288
-0.108784260306981 0.235427691167347 -0.0185828023300102 0.109504499638512
-0.213268782879189 0.188656805393227 0.0138063529484666 0.0809175406503085
-0.273890566806117 0.0557671543550279 0.0740865882588943 0.118876033107126
-0.241901523447937 -0.0916467236988516 0.0703854614226864 0.18796850851897
-0.192761488714402 -0.157744840733758 0.00987852217425839 0.242947025510782
-0.142620360550053 -0.188584095214523 -0.0116519592233288 0.243166268140786
-0.051867634430441 -0.0287204022840986 0.0778980918096296 0.198875162626536
-0.0032601186096037 0.00240293095836892 0.0754070828675023 -0.0621547147343211
0.00601639600532387 -0.0303410945921169 -0.0877787143018269 -0.0678552209116259
-0.0447871637168351 -0.0163824058300683 -0.138455647448491 -0.000532402386848882
-0.0482739045965309 0.0404442509739852 -0.136993002889189 0.104905187803468
-0.0260420928249658 0.0713017983225329 -0.11570783922899 0.182494895293596
-0.00262988034419241 0.0956054617426146 -0.101049434138588 0.255058186813894
0.00187177509737452 0.115337346570485 -0.0700968107299933 0.275045696553899
-0.0165714036888422 0.12656594686929 -0.0649845570742702 0.236026763795839
-0.0590082866106352 0.132803883360414 -0.0442464685423125 0.173682804977316
-0.128041778053534 0.098352660697288 -0.0264723465813973 0.137449815366054
-0.155714171684887 0.0121463362234276 0.0175655315092867 0.143203822693151
-0.111365695150997 -0.0586421911545725 0.0377563101253412 0.199225343195837
-0.107846389496698 -0.0642278212653018 -0.00222473564028314 0.262252747897136
-0.108231148853204 -0.0833951362797222 -0.00437890090408869 0.291833201218957
0.0521485218268325 -0.0565043770091288 -0.0645049853475488 -0.307383094496775
-0.00605334300098811 -0.0498115840177316 -0.0419465073421595 -0.278008234210093
-0.0229567785918906 -0.0111298829283726 -0.0693025188687955 -0.206436796142839
0.0025493500158333 0.002064791010705 -0.0242146704041975 -0.124980969064806
-0.00800764578033334 -0.0187961956988572 0.0233805058009277 -0.146304873905879
-0.0216169662879744 -0.0147200743591014 0.0460048278903735 -0.195792641523193
-0.0324356433563295 -0.00556383380412648 0.0397524615219202 -0.264610336309494
-0.0339215993952382 0.00647695247034066 0.0272539990659297 -0.303708638688325
-0.033675711155326 0.00200121053484966 0.0318918897706638 -0.287401546547323
-0.0266737233307446 -0.00531314930814805 0.0627254448099252 -0.221241159282247
-0.000936466026727908 -0.00942284703554408 0.0968627460939922 -0.149220059868301
0.0138123000911984 0.00852517556648903 0.12323194849795 -0.0496258247020652
-0.0352707398634477 0.0186412777254139 0.0956683932833911 0.0222733750103332
-0.0390231615636112 -0.0379505556769953 0.0192489071891699 0.0579726238517156
0.0228202601942276 -0.0778892914308358 -0.0832752503279819 -0.123226005664193
0.000236043194044737 -0.180188766411025 -0.0527326237700824 -0.254463157525141
-0.0960340223405891 -0.161961816399618 0.0132469072741784 -0.266753908469637
-0.151704466996448 -0.0919709672648591 -0.0566884315851865 -0.207641470220373
-0.152235577829282 0.0052543077994082 -0.0166323776462828 -0.115558184703696
-0.135097176134033 0.0629144642754678 0.0223560888197552 -0.125972306832847
-0.0922150414643307 0.106297980917209 0.0493152625325429 -0.173776571305852
-0.0591450093034559 0.121302503728396 0.0304606634710356 -0.240316982713475
-0.0446349375979072 0.124909637072422 0.0132117810438719 -0.276974689601442
-0.0479614627429066 0.101179558788556 0.0109469748303261 -0.271788570599685
-0.0570643532966068 0.079479298112188 0.0431633160261602 -0.225921276106034
-0.0503402155794385 0.0491933741813766 0.0875192487352571 -0.16676763311641
-0.042739641189383 0.0177249734576255 0.131479026567132 -0.0582364840848435
-0.0729952173076347 -0.00386117011483722 0.100847498771651 0.0233636025009115
-0.0729520637864708 -0.083155399327193 0.0217848573768513 0.0581520893227084
-0.0159558628413017 -0.146189384609843 -0.0882776536289908 -0.0989064940685682
-0.045171678548612 -0.277533112137323 -0.0228713265102563 -0.155245591452025
-0.161393978476697 -0.25120493545825 0.0858193429286764 -0.231795499455233
-0.245513478112393 -0.166366850796519 -0.0497816522254911 -0.213683169761025
-0.280088845237681 -0.00589828222626144 -0.0495266223540809 -0.104846570237824
-0.245919375065988 0.126361951252532 -0.0156446486935981 -0.0755066897298738
-0.153391895305335 0.206921357991611 0.0257270949743672 -0.109698883263856
-0.0795413205157212 0.223870845514704 0.00937774534950663 -0.167902725840873
-0.0485919385596793 0.225160222986052 -0.00267212268428272 -0.205937105848548
-0.0529732988454274 0.19378798086301 -0.00665629684325663 -0.224411344355417
-0.0766659599477923 0.174839600792812 0.0276867925655135 -0.214484507900938
-0.104219293191202 0.13192475067455 0.0819191220202799 -0.180496388890373
-0.124832206727702 0.0549871512629668 0.149903773192844 -0.0650668250987653
-0.147044740455329 -0.0195022684681781 0.112176408613746 0.0361435126737151
-0.132731330134286 -0.129535790749262 0.0160659064662408 0.0779883410572642
-0.0667851879280012 -0.203614481140869 -0.0888456459741612 -0.0568987699500115
-0.0768528738393584 -0.32134142455652 0.0185243783958785 -0.0315395223138823
-0.18701190628311 -0.283323256493003 0.153067377766247 -0.181378327320068
-0.277136512147809 -0.199563898643975 -0.0515502705368532 -0.210402613185885
-0.336476545525929 -0.0155138722575173 -0.105050470642044 -0.0884795981888223
-0.299960618612287 0.161904146088694 -0.0774425294797045 -0.00783907375243797
-0.182160542697705 0.264803597713362 -0.0191115524765361 -0.0172847445799883
-0.0860191902535786 0.284317137049968 -0.0191919711364504 -0.0600320212860352
-0.045358173195525 0.292751548099953 -0.0182764713595756 -0.101778296269551
-0.0497273751786928 0.268667590333761 -0.0163369275765565 -0.14460231829853
-0.0867346264896498 0.267011873649286 0.0184735077382352 -0.171415421534398
-0.155786115403789 0.228392261771442 0.0773002958387679 -0.165964261435634
-0.220621706182914 0.11424103023566 0.167489154337065 -0.0558457612547062
-0.247949411297044 -0.0235461665807947 0.126926406060951 0.0651451718263475
-0.209543411885625 -0.168276778366055 0.0159252285256537 0.119124962702811
-0.124017566862884 -0.247249143286212 -0.0760912903933249 0.0080731690669481
-0.0931010651710125 -0.299631969321064 0.0607535377509071 0.0846616504784594
-0.164277188282095 -0.243483297813972 0.185119025986569 -0.131422546053281
-0.230590960660509 -0.178074307498834 -0.0638576263703901 -0.185335144133859
-0.301678928313718 -0.0197016471287056 -0.152374053539605 -0.0601355638463902
-0.276937312993104 0.160336783371913 -0.131272378901 0.0588928212036994
-0.167567712839739 0.268289327399368 -0.0644553473441643 0.0779236787787752
-0.0747072638727929 0.293700745371106 -0.0477467423112385 0.0597914160911584
-0.0341143329650088 0.315467318548757 -0.0296757277575034 0.019236112825694
-0.0424776921448971 0.309792711908427 -0.020046130072051 -0.0377492005841073
-0.0909129918265957 0.325898016299008 0.0143366327907775 -0.0889350785342144
-0.197040789671401 0.296219172584054 0.0714372925874646 -0.10800084641793
-0.300217948130333 0.158625517309218 0.171957384521886 -0.0150561157884211
-0.331254786325407 -0.0275456051833489 0.137696537282251 0.107528975900691
-0.270867676670797 -0.189106480094249 0.0270594958897009 0.17108425846396
-0.17007423925895 -0.262131388992887 -0.0477281762507257 0.0917185516652381
-0.0920830771667671 -0.222046705015714 0.0932560867623355 0.163678045939141
-0.106284380205226 -0.156694433712944 0.167453517454281 -0.0986317939453358
-0.13540582556491 -0.125292225898098 -0.0836128839705171 -0.137311685870229
-0.206158080465247 -0.0202115785663259 -0.169201612941811 -0.0239170381142906
-0.199929256628475 0.128476454385834 -0.151549369729416 0.104398704951625
-0.121548041279266 0.221728240379009 -0.0921647663027988 0.150198169765461
-0.0484928818790823 0.255066648119157 -0.0647898240791704 0.167508638584607
-0.0178809956693314 0.290414876397725 -0.0352524108981209 0.138328343627679
-0.0319700688155221 0.301532907805523 -0.0221429624552379 0.0808874684297525
-0.0904551951101194 0.325224066914802 0.00962418618434297 0.0172177575300719
-0.213874743383591 0.297890495364255 0.0574062338357221 -0.014164483723608
-0.327171790128515 0.153373282686932 0.150957702778165 0.050418998207955
-0.344499750766017 -0.0433739437829435 0.13162829550672 0.152793890935677
-0.27850126291969 -0.182487297640237 0.0407612513836465 0.220896149633299
-0.186500098170914 -0.239681720214945 -0.0107430377540007 0.18153851115736
-0.0779987637454582 -0.119765817087331 0.110198813891747 0.197131514326163
-0.0429215924625033 -0.0657915201738484 0.115563000221378 -0.0830682236468786
-0.0482394602298464 -0.0719427721007536 -0.0988223556824931 -0.0851427352173126
-0.111948270594133 -0.0166457404934741 -0.158103500500958 0.00811909956184153
-0.112011400474744 0.0865127060537942 -0.14035315858578 0.124993436495971
-0.0646318440687991 0.150455698666061 -0.0984509724163716 0.18990521248081
-0.0166931722297489 0.184564793051978 -0.0675905080646871 0.245249102381926
0.000177963274819079 0.220019054767167 -0.0354228243943936 0.236037605887255
-0.0179927436413526 0.239099998144339 -0.0267894349267862 0.187738908940602
-0.0765635981872687 0.258944969213162 -0.0029460590310849 0.119138581943552
-0.190761436041401 0.229274028248784 0.0293691398207617 0.0813957754753774
-0.279172264492122 0.0987070732240158 0.102104714005956 0.114643430030394
-0.269646022935543 -0.0603887173923219 0.105453820939951 0.187615287722472
-0.219805700301196 -0.140582893718399 0.0484197775170763 0.25656666211508
-0.16653302546859 -0.173993565913608 0.0215624490043171 0.261391678359144
-0.0549556017757552 -0.0197880338322122 0.117977607124829 0.195269035358551
0.00254588500083848 -0.000967789912346424 0.0608306028116452 -0.0756689040394081
0.000383182030254468 -0.036599644300546 -0.102996098853534 -0.0474702201950379
-0.0490631761040624 -0.00923974673746715 -0.139202787036999 0.0272954430586316
-0.0428541634548551 0.0482262108650363 -0.120156995365809 0.130829902283362
-0.0151026723020805 0.0760937787727347 -0.0904846524299136 0.207234844488676
0.0124945191916949 0.0962932403240489 -0.059980210786621 0.287334873740693
0.0182403235722115 0.11588315472933 -0.030796483267057 0.297937178581899
0.00124907506505632 0.131863903747256 -0.0329872928526628 0.259862210570192
-0.039939328888637 0.145808647602727 -0.0200166693907958 0.188313245276638
-0.116904558318091 0.122707633332419 -0.00544475302890512 0.148056518840897
-0.161435283115013 0.0361206232452925 0.0433959414605079 0.149553410376644
-0.128542011566693 -0.047675455573674 0.0715329067582 0.202321007877113
-0.116969724451023 -0.0563008880501802 0.0406394105759608 0.277115231475298
-0.116944366305272 -0.068439605853287 0.0343820309023391 0.313229752054772
0.0427883430363846 -0.0643236178353694 -0.0847858363132553 -0.314407075899097
-0.0143647220381559 -0.0467815445774857 -0.069901217542716 -0.281710757233283
-0.021462479246248 -0.00594812827414126 -0.0879070230222777 -0.2006726931163
0.00461309418455667 -0.000458359850985016 -0.0343721574176014 -0.125711336027343
-0.0123340193169287 -0.0194317644268871 0.00959531943066339 -0.148969699425241
-0.0259438725361552 -0.0126018875142447 0.0326608167515803 -0.200824299510585
-0.0344003445739657 -0.000272627757346581 0.0212530429367878 -0.272450826036867
-0.0340447618720054 0.0132877876393792 0.00397459164597065 -0.311208626603921
-0.0344684253693268 0.00921676549151248 0.00768486132892668 -0.294199040843606
-0.0299883210547757 -0.000208313515013332 0.0434572061962378 -0.228150307470255
-0.00376268617964679 -0.0107424393943513 0.082278133621438 -0.158771616914501
0.0154449515083547 0.00322061337293318 0.117755810981398 -0.0626671793895894
-0.0298396410082085 0.0240637721240847 0.0980765101908565 0.0100187697098237
-0.043798640488417 -0.0305157161698205 0.0293405546031524 0.0523164427990565
0.0112516890630687 -0.0827422911138404 -0.0889721461298045 -0.119168064347715
-0.017806477108922 -0.186051839113189 -0.0678193631932967 -0.260768843554845
-0.113925531193755 -0.155597826257043 -0.0146470603732406 -0.27724237648816
-0.160309081677923 -0.0798610719759409 -0.0750824024607833 -0.201215947651743
-0.152280166926896 0.0160596733294806 -0.0250044795545816 -0.11730912917293
-0.134768207550788 0.0741493357516518 0.0113244079386505 -0.129196335475481
-0.087274921498451 0.115736079860262 0.0358693825641004 -0.179509546041795
-0.0508621066277411 0.130706404554064 0.0130180180425816 -0.244099438521925
-0.0351495718439739 0.13421085038119 -0.00822184571944054 -0.281524671525565
-0.0412552396698694 0.110753996059162 -0.0122631697169331 -0.275209359693882
-0.052276398377908 0.0889005503511052 0.0231709867348198 -0.230949737068726
-0.0487621950313808 0.0529719805137029 0.0707399382153303 -0.17514033247869
-0.0407978870983109 0.0175870760851152 0.124753443654748 -0.0728696956230734
-0.0705637065681542 0.00170496528553124 0.103511043385728 0.0100490402459196
-0.0807518580427249 -0.0759625113573478 0.0308144393798426 0.0522483574749824
-0.0302861920892848 -0.149143935494673 -0.092126023471986 -0.094955332497311
-0.0680856351209485 -0.281209046430061 -0.0305613835437608 -0.162104624120985
-0.184655266920053 -0.242785884551496 0.0595282420595874 -0.249235849170092
-0.262673101121985 -0.149893212073321 -0.0692891180948352 -0.20587359266025
-0.284291864722087 0.0158380952675533 -0.0560621882315541 -0.103130723888307
-0.242522657456877 0.147751287624613 -0.0232254445278325 -0.0748042033793127
-0.140753736918585 0.222926687595043 0.0157879767337224 -0.112431817478157
-0.0633306065834901 0.236220728334608 -0.00360205427289627 -0.167681201773569
-0.0308585290386683 0.235527608066742 -0.0192370931372411 -0.20714771699972
-0.038245534157032 0.204745498807351 -0.0260462529088434 -0.225057015666758
-0.064233565336814 0.186264825992018 0.00713087421550068 -0.21758392514911
-0.0955644630560717 0.14189786131715 0.0637466826924864 -0.18895246880029
-0.121434973044928 0.0632459864435461 0.143755598653728 -0.0827137483889285
-0.148344549132498 -0.00931431662461154 0.116437046199854 0.0223067390584914
-0.14350049570406 -0.120294922310317 0.0265328480007283 0.0721262164277049
-0.0837058573877502 -0.204241480805045 -0.0906245828742964 -0.0517731943810136
-0.102648137866069 -0.321260251908311 0.0208431764966413 -0.0386701535227831
-0.210426150636447 -0.274016517152426 0.131130850018998 -0.202534535716762
-0.297046601938854 -0.183042077145639 -0.0716904944781499 -0.200889750010992
-0.344046801276855 0.0118166115143371 -0.11000596627198 -0.0808186348342634
-0.292313973046421 0.190304772923253 -0.0790090537716397 -0.00158901917725156
-0.163959437182843 0.284282714153947 -0.0226056578580258 -0.0142898161844958
-0.0638518828872842 0.297909113202719 -0.0254690184252962 -0.054809677490988
-0.0222306780590173 0.30244469548576 -0.0263269076036711 -0.0990318564621393
-0.028453159449426 0.279952762890576 -0.029792176064427 -0.142689667968551
-0.0660542349054901 0.279835091970391 0.000986220614127744 -0.172996396518355
-0.138994735592862 0.244621710692787 0.059783883298159 -0.173560467289244
-0.214604627821979 0.132346027551651 0.162654172244239 -0.0740381039593987
-0.254251518897744 -0.00642633350422386 0.134050806813261 0.0505248740510308
-0.225110939743571 -0.156331381944923 0.0297961846502514 0.113886429841811
-0.141978876513402 -0.244563709133353 -0.0735285137554043 0.0142078168244831
-0.113966173553869 -0.295362637681119 0.0713915288612016 0.0758533061843532
-0.182418863163826 -0.236493927667679 0.166513282422983 -0.152689815613162
-0.248469511839954 -0.167220591840071 -0.0816256116367617 -0.173207334105545
-0.30955823876444 0.00457458495709236 -0.155319709853655 -0.0479635341775938
-0.267737104545638 0.187214883931133 -0.128222716620055 0.0697674545350645
-0.147128143471995 0.285849175562147 -0.0609360169426508 0.0853233693471695
-0.0517775976775309 0.304285621205704 -0.0437572157250815 0.0689504600058012
-0.00854883069998503 0.323420585351884 -0.028650700135413 0.024949768576671
-0.0177639512393922 0.319791633715216 -0.0242401909368616 -0.0324654746566721
-0.065412802730541 0.339055426183379 0.00361293897069078 -0.0900923177474079
-0.174981055939065 0.318384567361946 0.0589804651910931 -0.113684642847755
-0.292211822023004 0.186283972101732 0.171901347067808 -0.0335290603997302
-0.340740359186101 -0.00377700169975687 0.148626264287148 0.0926523881568164
-0.289160031990497 -0.173777559756483 0.0446814059440324 0.166434588010892
-0.187536908720668 -0.25559137578522 -0.0395165504678507 0.0978528042862613
-0.105835365807323 -0.216586511481773 0.108046918981372 0.154876487351798
-0.114273500303107 -0.154158787444671 0.151168802363593 -0.114346910973858
-0.147913776974971 -0.12121870991195 -0.0957953048383685 -0.122805652901607
-0.212893564705495 -0.0034782899373016 -0.169779842424748 -0.00891462421259828
-0.190709400355295 0.148891950684321 -0.144168013551694 0.116828420921276
-0.103401976319133 0.234242699312403 -0.0821425738689757 0.161081580440812
-0.0272838645989978 0.261830668345433 -0.0514161040165973 0.17898393261049
0.00643862460098374 0.295673593841987 -0.0248115092934765 0.146240933509914
-0.00796312406076206 0.309880238793127 -0.0173364540346991 0.0881022926019833
-0.0638882465215829 0.33820033856555 0.00801254665650844 0.0176390253579263
-0.191744417755622 0.321926428708363 0.0537462256811209 -0.0182305190420061
-0.320425110937605 0.184372628192122 0.156890446992139 0.0356950015974305
-0.357221550548892 -0.0189368096173846 0.146676351677674 0.140092970781032
-0.296246976627513 -0.16794842770499 0.063483665055276 0.217921306166505
-0.201400290048913 -0.231793383238986 0.00365206363608696 0.188172313501852
-0.0814765640180571 -0.112946763498256 0.12625061805061 0.189761244924892
-0.0428539330765037 -0.0686667734238063 0.100178473382149 -0.0910339636449334
-0.0565384882913252 -0.0733497044066261 -0.10606816697106 -0.06923487837466
-0.115916462683692 -0.0064517862644736 -0.154677279678234 0.0241770637318087
-0.104491182639628 0.0981934984191231 -0.130665173903536 0.136825090951569
-0.0510794237812947 0.156479834900328 -0.083975171147547 0.201982474243707
-0.000563319297126001 0.186024799227889 -0.0479239708168658 0.256824761270351
0.0191848265809318 0.221151148058591 -0.0164993527896175 0.245880990544235
0.00142603561319551 0.243257744508187 -0.0138320366343828 0.196666080414944
-0.0555365176127318 0.269240653139459 0.00445332224473023 0.121428185315757
-0.172447039459502 0.250408545009696 0.0341169418406029 0.081180926399033
-0.276942873935517 0.125429202206587 0.113474140771106 0.105363765588148
-0.282932530135127 -0.0434358730779367 0.121609723661199 0.177251038807377
-0.231631424845927 -0.130434413466069 0.0730912695825403 0.255360147405638
-0.175403808416142 -0.164597761884242 0.0414328445738135 0.267683364794127
-0.0496991038323416 -0.0145511878437333 0.13192947573623 0.187548598404043
0.00668499660464589 -0.00709930539287081 0.0471704664813964 -0.0763636823760939
-0.00478385775727092 -0.0401755602187373 -0.106505589521321 -0.03141039859435
-0.0516193783551627 -0.00330627172991213 -0.135251582204804 0.0426786106239618
-0.0361363585864389 0.0524590253556514 -0.108361545836773 0.141348992929662
-0.0071462758902344 0.0774074296981736 -0.0744305926197793 0.217706656688866
0.0212540628833746 0.0937433198883053 -0.0358737910408047 0.299069050330093
0.0287897921621497 0.112874492277979 -0.00700395391818507 0.307896629253074
0.0129635780813974 0.131321216343187 -0.0135582992111004 0.269006022958902
-0.0274935262441783 0.149547009825631 -0.00769659928334113 0.192685108667795
-0.10584082314754 0.136403215628756 0.00590981836045421 0.15016067780377
-0.162161236840391 0.0522285627205317 0.0561325953339169 0.148201942846121
-0.139140599248922 -0.0424704323029612 0.0888497049092227 0.196396542547125
-0.119606236368168 -0.0527099101148729 0.0655505558958289 0.277289691972132
-0.117262707034387 -0.0599826067420295 0.0581104437199536 0.319351855955328
0.0301864907678951 -0.0665528564523144 -0.0989944819881737 -0.306344230581974
-0.0207523006033658 -0.0398353217960784 -0.0919676062420042 -0.269656531158559
-0.0182992866875984 -0.00203281184306417 -0.0998001129527364 -0.183856327679028
0.00657180695753702 -0.00359696356726433 -0.041262957686898 -0.120196655040047
-0.0158222859170392 -0.0181636833597827 -0.00264911974248824 -0.141980830687801
-0.0281843719238641 -0.00945589628147947 0.0180916404605739 -0.195008993092301
-0.0339675690603849 0.00536087558684959 0.00378743751745973 -0.264327655872379
-0.0312438969928187 0.0192252223507957 -0.0178779802505843 -0.302286253148851
-0.0321277290370787 0.0151726293233807 -0.013561048419212 -0.284074663244532
-0.0296210720849773 0.00531402720599708 0.0240419846576392 -0.221208446502577
-0.00754592744701078 -0.0108062684894211 0.0643109808791807 -0.157795962164287
0.0156503714517646 -0.00137612456244507 0.104967699906955 -0.0709843020694099
-0.0230562094813291 0.0269080379487105 0.093302718453611 -0.00173160015532279
-0.0449931409058545 -0.0216130419829124 0.036726862423519 0.04271329376745
-0.00113306937994573 -0.0815226629787909 -0.0880440531597949 -0.1113807499166
-0.033569669184761 -0.181397926092622 -0.0799684021763872 -0.254536973172112
-0.1237053500397 -0.140271368101064 -0.0405467493134625 -0.270789927192024
-0.159365114097857 -0.0642558695027395 -0.0872471476334153 -0.183932838406079
-0.144663425783206 0.0246426069674152 -0.0300854179830565 -0.11387777727416
-0.127725751773637 0.0808808973419859 0.000252458764220558 -0.123559255261153
-0.0788023138397519 0.119690875026144 0.0218095842130609 -0.174056832109101
-0.0408033481331979 0.132599630586599 -0.00321429495161522 -0.234702062654741
-0.0236112699294614 0.135544383287274 -0.0275201102119791 -0.271221201788841
-0.032089295645511 0.113481309342714 -0.0320091186087277 -0.262670862496214
-0.0454685684725892 0.0919480016829588 0.00374445278790733 -0.221926389720211
-0.0455824232936952 0.0537239858934405 0.0509248697624989 -0.172562725569729
-0.0380810943412677 0.0165517451197769 0.112254330348707 -0.0823836691438263
-0.0634662846212966 0.00630758855731289 0.0991006140780042 -0.00246373930356907
-0.0819233525611722 -0.0647141032477513 0.0364841935961394 0.0416523592760242
-0.0427514857176549 -0.143094336111954 -0.0899591734779848 -0.0874969165727402
-0.0869379369057883 -0.268128827894125 -0.0366607172766435 -0.160596353000463
-0.196329574058519 -0.221506874042434 0.0313279346397781 -0.24844799795606
-0.26434348059613 -0.127114242194598 -0.0821072178729467 -0.186716318289757
-0.272455988022417 0.03484982848171 -0.0588011764227145 -0.0980394002495865
-0.22553985068157 0.16067026663627 -0.0288914137911514 -0.06998868408218
-0.121465297178337 0.225603567108228 0.00589697831545173 -0.10751926895069
-0.0444208297504903 0.23535657891982 -0.0151214392812007 -0.157975031470696
-0.0125496510722279 0.232622289260231 -0.0325293624619287 -0.196655335053422
-0.0226139100516256 0.203546418161865 -0.0417686275961709 -0.212416265300451
-0.0491439516004578 0.186962847706086 -0.0112565913160893 -0.208388083205838
-0.082227522288266 0.143375398394693 0.0430159265762698 -0.185131619843566
-0.112275001994499 0.0669450554493566 0.129277371955747 -0.0932587353210644
-0.141352077776238 -0.000370020295650473 0.112995362301342 0.00849785360275274
-0.145319385033884 -0.10617765143305 0.0329438301623402 0.0620450101084807
-0.0955150513395647 -0.193683980686461 -0.0864090164643643 -0.0448582577351135
-0.119455268597543 -0.302662760691012 0.0211107605115779 -0.044685143731616
-0.22110844052693 -0.251653871468757 0.100450347965435 -0.20881638642671
-0.299776659860647 -0.158405784445723 -0.0836075805898883 -0.18055038387567
-0.33230326818933 0.034502111154591 -0.108342461535601 -0.0718115845567806
-0.268549941930973 0.205602834410623 -0.0773000751114277 0.00305468696057275
-0.138429510218276 0.286157910108848 -0.0245730617875802 -0.0103033108560281
-0.0403058537090433 0.293553401446509 -0.0284062680788513 -0.0472664086922956
0.00096707607839801 0.295543929132108 -0.0312757344629555 -0.0914065167348166
-0.00751847013462293 0.275247677748568 -0.0389972802556972 -0.131970083621329
-0.0439515839900567 0.27679854702785 -0.0141963402550677 -0.16495075955869
-0.116479249646857 0.246122582414805 0.0407206024703019 -0.170215362980684
-0.197917428420618 0.142120221906304 0.148592616711611 -0.087353572623708
-0.245831119809615 0.0102473453622635 0.132291217583928 0.0335324702800003
-0.227146747899286 -0.136542335965653 0.0396915008290022 0.101867152989979
-0.151875277577261 -0.229242454331048 -0.0674656787191095 0.0184539429820225
-0.126776092649602 -0.276415597988849 0.0756713465084207 0.0640474353694208
-0.188333328193825 -0.218525344048445 0.138506882040721 -0.161655837213766
-0.251453136481509 -0.14770113396128 -0.0902999811503512 -0.151417290011148
-0.300164487246263 0.0260547764537942 -0.149591771795791 -0.0350787496793537
-0.244613588538229 0.201701614396636 -0.118195883088249 0.0753002635963746
-0.121793579268654 0.286617882587713 -0.0543014758969483 0.0893921633616046
-0.0275282546748928 0.296973081578266 -0.0373404703923404 0.0736477720509518
0.0152641780836611 0.313319419096721 -0.0241292145865778 0.0297383743960969
0.00648014214600028 0.3118914028625 -0.0268900846380747 -0.0263486762197139
-0.037120343085105 0.334018030464026 -0.00554345649748253 -0.0848242975076211
-0.144798436725713 0.320107946113165 0.0447101774194443 -0.112284660118295
-0.268801229357215 0.200943081098052 0.160889379231616 -0.0491225455011997
-0.331321075873714 0.0182102266693624 0.149506452800219 0.0732586910164122
-0.290563991931834 -0.151033766997681 0.0584196262071972 0.153404945814115
-0.194268214825238 -0.238041093413481 -0.029401800818527 0.0980610029704291
-0.110468802440712 -0.199084673843515 0.115166307060598 0.138667172720844
-0.116318818900031 -0.14487066742951 0.127066692025115 -0.120687874124958
-0.15231096942605 -0.110944944596399 -0.0993279658822472 -0.102551144458042
-0.207266564660923 0.0118942302883122 -0.159899854630697 0.00456861381724613
-0.171674264888906 0.158404104789169 -0.129673669777814 0.121751675198543
-0.0811060608388877 0.233550986316055 -0.0691235171254489 0.163067043924457
-0.00699893754467271 0.253661794064488 -0.0362839581017482 0.179431283960319
0.0273620607689561 0.283313016824492 -0.0115213230083456 0.146224085861427
0.0152469390863932 0.299570396025653 -0.0107719537173335 0.0898000300383021
-0.0370086889162698 0.331356107502563 0.00625998574703394 0.0176588668031287
-0.160180175881156 0.3253491348525 0.0472994418604482 -0.0198793845651609
-0.29724821706863 0.202540516306845 0.15321861536757 0.0197555142601806
-0.3508560406345 0.00478212382645614 0.150950133514708 0.119987006717764
-0.297039411845279 -0.146288287877422 0.0793775395741017 0.202402741694618
-0.204348672037654 -0.212941635445019 0.0174326346562063 0.183349148819451
-0.0792398715780958 -0.102181388470952 0.132849767764621 0.171989333878471
-0.0410681784107524 -0.0688185811140512 0.0804924047892931 -0.0913385573920133
-0.0607640184271145 -0.0712713314297082 -0.105123242181867 -0.0505382036434171
-0.113358553404707 0.00323218430436149 -0.143693656102852 0.0352601291769839
-0.0907326162147222 0.102990225982051 -0.114370633764416 0.140257237002575
-0.0358724947198784 0.154545541591363 -0.0670947486577985 0.201877137587728
0.0132848255262886 0.177173801429347 -0.026116840509862 0.253203023026004
0.0343348299149643 0.209441145577953 0.00281989543828775 0.241388967112888
0.0193170288455695 0.233422139195124 6.91584902808247E-05 0.193936156992577
-0.0342622037628787 0.263364034497814 0.0105799021209508 0.117831198678415
-0.146658518013237 0.255699218322355 0.0371129415392451 0.0765760857139045
-0.259518801867828 0.14354001005866 0.11694040938868 0.0914111100815215
-0.281630067287185 -0.0234310102730308 0.129891168692617 0.158857592306286
-0.231158097127681 -0.115020702386336 0.0911379416680313 0.23857419797584
-0.173776851497887 -0.149303116048876 0.0578682497571451 0.259269012483761
-0.0420114259524244 -0.0109703429660117 0.137072757267876 0.171859049196748
0.0090846009530947 -0.0127554075672985 0.0323632796489742 -0.0716363813521791
-0.0104728529114933 -0.0409331841152456 -0.102788870458372 -0.0159883943202261
-0.0499759199410724 0.00297687367337028 -0.122807130836447 0.0522693874810948
-0.028151514455134 0.0540186463815264 -0.0916010278535741 0.142228347438703
0.00134619098137534 0.0735871044492213 -0.0551731237671154 0.215034018270822
0.0283138372283257 0.0851907804821553 -0.0108100900460742 0.291818445914529
0.0364539483427551 0.103284276086244 0.0167536621296429 0.299524083925782
0.0218913010491917 0.123782912176685 0.00426845423814257 0.262963274151843
-0.0147453894422363 0.144882583837428 0.00407871196468913 0.186870644216083
-0.0900445425079346 0.141430971229544 0.0164444139167488 0.145917562650515
-0.155193025702023 0.0646067164405695 0.0658346895082137 0.138821916319662
-0.141607887517158 -0.0340592409510551 0.0979927487584918 0.179642473158776
-0.116271567577134 -0.0474031536627623 0.0856413305953864 0.262244935438378
-0.110236390692909 -0.0487341567836631 0.0762045246059434 0.310552080176579
0.0211450003711837 -0.0643100896804486 -0.0983809516351202 -0.292872520015451
-0.0234952232667633 -0.0326527564024699 -0.0995261654903337 -0.253865846244275
-0.014455660738275 0.000834690703120043 -0.0986391482179459 -0.166937326384163
0.00715975671876891 -0.00671587218021992 -0.041035515258611 -0.112222872768091
-0.0176601640553116 -0.0175610263530925 -0.00705687928555438 -0.132070003603116
-0.0292013695971224 -0.00686649930674447 0.0128494293621639 -0.183599268606324
-0.0328936149829524 0.00918081501572902 -0.000507348814788227 -0.248974889675476
-0.0278943769162667 0.0220946649383824 -0.0250301034165828 -0.285563608047873
-0.0290875894698437 0.0191361630369868 -0.0214639241699235 -0.266854479482428
-0.0290516665661082 0.00930040658961964 0.014975160254649 -0.208608628781042
-0.0101265618882502 -0.0107234013640304 0.0522522355985007 -0.148479823123423
0.0138832472323627 -0.00582694111608261 0.0928080616619884 -0.0708961878448244
-0.0165963023204659 0.0264675967414683 0.0855671599375377 -0.00813500330810289
-0.0426240058448011 -0.0144663037606414 0.0396554514313146 0.033318517363599
-0.00848388056648219 -0.0766714868963638 -0.0810059154140349 -0.105375532968878
-0.0408682459243626 -0.17183184950707 -0.077765985661959 -0.2453125551381
-0.122464558689994 -0.126335600319727 -0.0538299038091095 -0.257040812737181
-0.150455363153869 -0.0555426094586201 -0.0859015159951255 -0.165687053847471
-0.134527913055248 0.0249536971702733 -0.0304311838453845 -0.108306346485157
-0.119780223826435 0.079805176702572 -0.00465669526516314 -0.116259616988001
-0.072642080171736 0.115994956938384 0.0158179452884643 -0.163123691457313
-0.034695880023716 0.128942223358303 -0.0076199129579409 -0.219642732344312
-0.0175772504716744 0.132210694931366 -0.0330357982419053 -0.254412148465944
-0.0260566428401527 0.111828952276773 -0.0376606443750163 -0.245209950136145
-0.0400836133788395 0.0910629430111613 -0.00515891832778422 -0.207629076686612
-0.0436968822013123 0.0508584045932605 0.039314259714319 -0.16157612300364
-0.0363981406565606 0.0136656324572639 0.0996281414344362 -0.0828815519477764
-0.0555409352700521 0.00706206215388227 0.0918029221376287 -0.01003648084296
-0.0779180199672385 -0.0567660614473778 0.0382022879773118 0.0327245533808516
-0.0473295925925201 -0.134629638141106 -0.0832851908071554 -0.0828537844199742
-0.0902649448332991 -0.252264140895904 -0.0353818162700459 -0.157050047944813
-0.191405131460644 -0.202540395175767 0.012722469806489 -0.239627474805614
-0.251761299405222 -0.113287046505432 -0.0826831593191623 -0.167124337110695
-0.256273284441712 0.0387239770132595 -0.054959550596591 -0.0914846885111848
-0.20918839380289 0.158425120936851 -0.0304190476415599 -0.0653939987762009
-0.109892143282062 0.217352896073407 0.00182289524758848 -0.099291710553475
-0.0347374509154254 0.22507267476656 -0.0168696489395473 -0.145466255969505
-0.00471689468372607 0.222822009587175 -0.0350695484637046 -0.183485994429308
-0.0149924072608461 0.196064771996768 -0.0459217339408825 -0.196292756819414
-0.0407146027323502 0.179906837710842 -0.0190892769783345 -0.193427247633547
-0.0740496733938288 0.137583687850963 0.0314428437394607 -0.172813121707148
-0.104552828024162 0.063715669867892 0.115406867396627 -0.0944026997198434
-0.130883908506639 0.00208670363755865 0.105210018148648 -2.24077576845247E-05
-0.13796419970275 -0.0955578190538952 0.0351308405044915 0.0521333925316022
-0.0953680354401075 -0.18211641809552 -0.0798616771163229 -0.0420403331386478
-0.119731227242858 -0.283442242238673 0.021187431918852 -0.0472728349176659
-0.213828792092165 -0.232248846646064 0.0777087481032461 -0.201644672844851
-0.287443762578904 -0.14397483257275 -0.0832391004670666 -0.159522601614463
-0.31352987150931 0.0412347801077048 -0.100327065293148 -0.0655857258741235
-0.248161558874227 0.202433613780663 -0.0730684926990399 0.00492334397252793
-0.122827885974654 0.274144050861284 -0.0243519928976111 -0.00705162148143332
-0.0300210530229178 0.279440115288703 -0.0274919653149397 -0.0399193592691655
0.00976397336809388 0.280322873449704 -0.0308781352638684 -0.0826089898319401
-4.2388169584723E-05 0.262034855156034 -0.0407315853232577 -0.119972878583655
-0.0329144116171532 0.263864729405474 -0.0206991354034999 -0.152443630083845
-0.102681911502552 0.235822366519352 0.0296771952247231 -0.15852732166952
-0.183068780750865 0.138480478175677 0.134797927010241 -0.0906431118133014
-0.230905486081147 0.0145432114188234 0.124007597523567 0.0225366857081779
-0.217112686989812 -0.124393630816611 0.0424500335697748 0.0891768516976014
-0.146783874319435 -0.215195030568379 -0.0613313466629683 0.0189180880863694
-0.123089944952179 -0.255334585917498 0.0740842325049821 0.0539865636568097
-0.180526550555652 -0.203023025778155 0.114011873453624 -0.156574285908198
-0.241111984126549 -0.136403437668683 -0.0876647326900227 -0.131332598470403
-0.284001743600685 0.0327867041940875 -0.137905416094506 -0.0294768487961132
-0.223281131585832 0.198248398203534 -0.109006231906136 0.0726394203866798
-0.106003341856574 0.27368552825229 -0.049543677724776 0.0871602718554862
-0.0165404417799674 0.281314114705981 -0.0319580828178091 0.0735360393956226
0.0236117488447401 0.29620678206588 -0.0199015534559436 0.0311838585369782
0.014287082198189 0.295021405778413 -0.0258667654636253 -0.0197212857770906
-0.0255515475339853 0.317468683093435 -0.00966342000438382 -0.07808641971885
-0.125801262873109 0.307059092682015 0.0361314206749196 -0.10503258493629
-0.247653113363242 0.198303647301695 0.148086351282952 -0.0542021898587346
-0.313997310495461 0.024692710832878 0.14177268068013 0.0592403429448663
-0.277275502924496 -0.138088766259708 0.0610719610506649 0.138025243628315
-0.185203825270158 -0.22307850437869 -0.0246864381328757 0.0937218101226662
-0.104757976296973 -0.183383761171646 0.11192549065477 0.124474437855043
-0.108751097722036 -0.137408431937941 0.104870440838167 -0.114876070554091
-0.14703580981643 -0.105410003993726 -0.0940349426220077 -0.0843768911734014
-0.196872368699643 0.0181299299203882 -0.146313085669456 0.00826354250880315
-0.154897059249191 0.154785722665923 -0.117892778665508 0.117066917390139
-0.0680510345714384 0.221566640482813 -0.0604638817205742 0.156594048935861
0.000900842852337692 0.238419349392358 -0.0275347506781529 0.172284775739363
0.0339513417417713 0.265001752198611 -0.00510070487830715 0.140747929351741
0.0227599970910446 0.282030563719592 -0.00755386304088652 0.0878600402730025
-0.0253354146998203 0.314262850250709 0.00439185423988739 0.0184826504416577
-0.139308964101249 0.311939286729328 0.0415487201590452 -0.0193255984615216
-0.274828042564204 0.20119783030161 0.143569741187851 0.0104130944249773
-0.334022954182627 0.0126541486229761 0.144963058871306 0.104289540021567
-0.282437977321038 -0.134189778729467 0.0827292013153898 0.185117544515237
-0.192440755726666 -0.198998286645779 0.0210464293468825 0.174353970634105
-0.0708368358577519 -0.0936098162932164 0.129134702055016 0.155910850287337
-0.0366780767688554 -0.0689361290932719 0.0641959673956572 -0.0836794695044804
-0.0613388704825792 -0.0685071726970761 -0.0964479103160359 -0.0372560903890771
-0.108089195388393 0.00825271748771133 -0.129114340567733 0.037794894787246
-0.079454326272933 0.100054794846978 -0.102128314626073 0.133362662876288
-0.0273255116796385 0.144983902508051 -0.0564116972211624 0.192993673932447
0.0178749031395077 0.163985983753067 -0.0155136609683189 0.240821155340061
0.0389021931633807 0.194502522382703 0.0108740711661746 0.229152305184945
0.0244160311431956 0.218392546834129 0.00547306004779809 0.185757917379846
-0.0236064306231785 0.249372330414475 0.010400835997335 0.111354241903403
-0.128223081059045 0.246233896940551 0.0360014582525126 0.0720153330240381
-0.241317489691997 0.145251322769313 0.112659982127302 0.080455143655528
-0.270593511306846 -0.016516063503364 0.125924560447429 0.141826337884159
-0.219309163366412 -0.107589776989468 0.0944150050431764 0.220375545519171
-0.160321893896726 -0.138269640925611 0.0599268089081903 0.247394360320086
-0.0338902324154676 -0.00894565866903501 0.131100146811054 0.1574295130929
0.0113220970393238 -0.0186015289897025 0.0203092298980269 -0.0624800810942037
-0.0135158492798118 -0.0403102610647863 -0.0938701319115593 -0.0059398530786634
-0.047363440861733 0.00639830633480467 -0.110275284467827 0.0538681452529945
-0.0224155346192626 0.0509952903184849 -0.0795643914212449 0.135759569475292
0.00502547996925302 0.067182629127381 -0.0440496555089006 0.205120013281226
0.0297298458621597 0.0768738502328398 0.000491544571105405 0.274715165801718
0.036584740800565 0.0928746801499747 0.0253879929602112 0.283391459918447
0.0245091424709801 0.1135740542707 0.0107396232027035 0.249705023572121
-0.00854492448468763 0.136429658166803 0.00630345999870125 0.176300434128251
-0.0776371263958216 0.13687427505742 0.0192826842606185 0.13690398938948
-0.145952596142084 0.0684387417758241 0.0654945199698265 0.127750757573976
-0.139537436930683 -0.0310794448714806 0.0962481196573265 0.163558908698613
-0.108590621718513 -0.0468196039497262 0.0905471230256629 0.243243368996744
-0.0990155962705336 -0.0436561060772688 0.0783182601217671 0.295587643104911
0.0158227332117739 -0.0618217064314609 -0.0870785023991907 -0.290087061072047
-0.0246285815828579 -0.026176970273111 -0.0966701634509472 -0.24682079291425
-0.0118867439059592 0.00273355943201497 -0.0916136839007354 -0.159004253520004
0.0080432567954043 -0.00920480717192305 -0.0372537956003269 -0.109196692928114
-0.0193266581067508 -0.0173222321638854 -0.00500904537570091 -0.124230323615728
-0.030308301922607 -0.00554442507024473 0.0159229615243547 -0.174764889824287
-0.031213860316046 0.0113412041618764 0.0047240895113091 -0.239557488571607
-0.0263214174013951 0.0240442609926093 -0.0198646745747535 -0.27535673331419
-0.0269938534627592 0.0216609967258297 -0.0177175157489376 -0.255228497607359
-0.0290019248791601 0.0111734367297826 0.0159571174709134 -0.198157300468674
-0.0128967680135421 -0.0100338475643692 0.0499972292424006 -0.140153612926427
0.0126911904308688 -0.00886956816178264 0.0864018525537772 -0.0683483184656073
-0.0118258840726694 0.0263350383673418 0.0807056531950672 -0.0101980804106642
-0.0403479153589495 -0.0102344741685138 0.0411901423305849 0.0265036451570841
-0.0132004894574076 -0.0734025531639363 -0.0714600634519861 -0.105335557928147
-0.0397876062545828 -0.166675788486323 -0.0685362080596463 -0.243385271363316
-0.118025049278703 -0.119957063300472 -0.0549222660688599 -0.249197158356178
-0.142281801760092 -0.0537762288470024 -0.0795155402708776 -0.155269704665009
-0.128661023869795 0.0195443970531733 -0.0263621173956577 -0.105520835087771
-0.11794880462221 0.0748351622606169 -0.00375141525884842 -0.110449970209371
-0.0735291141655181 0.111131964236235 0.0174448894601976 -0.154454053040625
-0.0352549647043095 0.125655529482075 -0.00156305660334555 -0.209425436102892
-0.0179720783094185 0.129844768817913 -0.0271570480815425 -0.244626063905626
-0.0259503237259822 0.109885578590922 -0.0340153541220521 -0.234133606110958
-0.0395904804338789 0.090064747225224 -0.00348445548544465 -0.196236634910729
-0.0444253332367838 0.0481508252094726 0.0369712531601613 -0.152204427535891
-0.0358477947133886 0.00898344142974045 0.092712650542717 -0.0799601188562433
-0.0501694250765635 0.00523130066883084 0.0862212494962584 -0.0119787342014423
-0.0726169442603234 -0.0524589944408754 0.0392849223718665 0.0257072545912844
-0.0468261508760623 -0.129890812692697 -0.0752011249535645 -0.083233805088074
-0.0838944646646108 -0.244161330364091 -0.0284396488210782 -0.156801771150538
-0.181889437165865 -0.196449093574957 0.00572997276868031 -0.23189103355205
-0.239824175355405 -0.112523526661617 -0.0758089234263282 -0.155187076009712
-0.24591141826661 0.0316507829814356 -0.049590995020441 -0.0911265021454452
-0.204316981754339 0.149771375007981 -0.0289509087271039 -0.0633511232689222
-0.109926141590494 0.207578424368087 0.00238010796006662 -0.0936115358306758
-0.0370773505748821 0.21756548158891 -0.0131999179666731 -0.137308085904742
-0.0070259658498207 0.215938987194805 -0.0297431103892576 -0.174813089711834
-0.0169310745593811 0.190485405252484 -0.0409038020197122 -0.18646545081047
-0.0408143552236901 0.17463715977717 -0.0167893138434998 -0.183749636405608
-0.0741735632351556 0.130024665833486 0.0281063438268009 -0.16271287446412
-0.102019167588232 0.0574564734602082 0.107621162933157 -0.0926611289723362
-0.123533836016647 -0.00132383139472457 0.0993828106487747 -0.00350355562469211
-0.129267662372117 -0.0933434673423838 0.0345251498948937 0.0439531923330194
-0.0890928349182553 -0.177785052443543 -0.0733742306918999 -0.0437675891569546
-0.108986332067641 -0.273482156117226 0.0228609056292794 -0.0497552389325565
-0.199917405556271 -0.226748336292317 0.0670371468275087 -0.195023110000532
-0.273664462295365 -0.143347392176766 -0.0765061298504269 -0.146424467611542
-0.302252975337267 0.0351950478329453 -0.0934925919875426 -0.0660518983629705
-0.241221139261439 0.190847623208932 -0.0711727805416154 0.00269862708542418
-0.121976964232864 0.26256356275899 -0.023860948319336 -0.00522408323881589
-0.0321534315492257 0.268500255388255 -0.0243451120306252 -0.035663552036184
0.00724185196122503 0.27051001742904 -0.0268716256037484 -0.0781393517139675
-0.00256669686366764 0.253321122789353 -0.0374504570535749 -0.113239120244976
-0.0343777302664317 0.254685641306781 -0.0197245838219455 -0.144355320038843
-0.100859062928817 0.224290706529199 0.0269287948316257 -0.150073420774024
-0.177292289285346 0.12938071073721 0.126658761645047 -0.0888175424841182
-0.221673102999462 0.00822474330401248 0.117268432099044 0.0180022546468399
-0.204881784347709 -0.124853990194809 0.0399345946603653 0.0808126511359595
-0.135913428328642 -0.211376897196651 -0.057367626479757 0.0161887775395485
-0.110743179346906 -0.245289831026257 0.0718552023762436 0.0486322775843963
-0.166076261971624 -0.199819639302797 0.100452600102632 -0.148334513214159
-0.230495708663803 -0.137983169262667 -0.0803864377417653 -0.118565345317324
-0.274635687712525 0.0275783770774739 -0.12809632330842 -0.0314271550110157
-0.216257247412005 0.188126196217679 -0.105621380872296 0.0671883666634272
-0.104062807378277 0.260377479112085 -0.0485100459425227 0.084857899655969
-0.0200705666303855 0.270037639862745 -0.0308177351334252 0.0728876888951019
0.0190782075692718 0.283987016673524 -0.0176907105057792 0.0317001098816215
0.0102544247516118 0.284217405641901 -0.0241935788775882 -0.0166706313058472
-0.0284091456297683 0.305080130476957 -0.0106631680109611 -0.0730743646716469
-0.123275525995998 0.29226045985062 0.0326365405951063 -0.098538042926036
-0.241131930758747 0.187271571615978 0.140345331062531 -0.0545034009708439
-0.303276569933847 0.0178622872643322 0.133415417449932 0.0538941623191682
-0.262963384368417 -0.139685685742298 0.058094821427091 0.12782170687564
-0.17082396087452 -0.22124244941809 -0.0244947775098157 0.090031033976059
-0.0919623293038477 -0.176286693356088 0.105450656342656 0.117574652170498
-0.097614695708399 -0.137460204678635 0.0924214841639895 -0.105681923397124
-0.140159946338018 -0.106791514540933 -0.0861809515420271 -0.0743719257083228
-0.190532530649329 0.0156217645025952 -0.136352407563102 0.00567719577334665
-0.148810774712196 0.146952606641832 -0.114555458902148 0.109047642373412
-0.0666292748175241 0.210367114354253 -0.0597747694081541 0.151372280209949
-0.00255353468596078 0.226842919125112 -0.0274774777780001 0.166920203540284
0.0293776604414517 0.253887382757717 -0.00508914805037882 0.137338621024578
0.0178939849566204 0.271049289188858 -0.00810460409912774 0.0877959340243841
-0.0272612739466549 0.302098917748317 0.00143502743692466 0.0189447146547154
-0.136273893998717 0.298381700743162 0.0378206907612252 -0.0160483900856605
-0.267202811336552 0.191718146514872 0.135425595546081 0.00865124646791368
-0.323902203305152 0.0063503606237388 0.136084062914934 0.0973954684752428
-0.268586015855706 -0.137006667241555 0.0785237811996418 0.17462354716665
-0.175822595187994 -0.197854670037174 0.0173516422305645 0.169985038233049
-0.0608286964363683 -0.0897340075976165 0.120238365815765 0.149685896398594
-0.0303453590337722 -0.0727332497559439 0.0541734413253317 -0.0746145192300136
-0.0596235664355957 -0.0703255509159746 -0.0885633228272004 -0.0295990770752617
-0.104821236336522 0.00796883940094983 -0.120879926209577 0.0349329850154305
-0.0747906951028976 0.0950179800077591 -0.0984571004394055 0.124730896008569
-0.0261266737969419 0.13714596644511 -0.0551435388140376 0.184650369178653
0.0149216127416847 0.155071390122448 -0.0154763055597184 0.231318545501967
0.0346923226085842 0.18439100013821 0.00919285988808585 0.221569225355954
0.0202857242924335 0.208902554966929 0.00252790537353317 0.18060518109431
-0.0253575968583847 0.238246235371539 0.00670112295236637 0.108314546798627
-0.123981152509148 0.235668578980851 0.0325264363048823 0.0700691931379808
-0.234561706634031 0.139308207284756 0.105979979928118 0.0756859083076433
-0.263434637901048 -0.0218962047113129 0.117817894869025 0.134665159744271
-0.207972957616682 -0.111394747137937 0.0890424096714662 0.20991643692965
-0.145792421711038 -0.137572661785739 0.0531187452348055 0.24168410962272
-0.0260502920955353 -0.00960003311048299 0.121910153442642 0.15285490285802
0.0132218702311828 -0.0234952003625009 0.0147187224805731 -0.0520024847171058
-0.0150271938807918 -0.0408386352166751 -0.0857326390501219 -0.00108303007186316
-0.0457928733193296 0.00760160640399959 -0.102579273914592 0.0514297300275778
-0.0192201359025742 0.0478076343835424 -0.0757285672430737 0.126979153500526
0.00584541259746406 0.0626981964504466 -0.0432607733415335 0.195642625431023
0.0271418828878333 0.0705982212971894 -0.0013943041994918 0.26400797182655
0.0340767507799023 0.0864143402039616 0.0223585027282976 0.273214321016549
0.021341786524602 0.107261110373421 0.0068869832447894 0.241960757656067
-0.00891689514632442 0.129705404740497 0.000654644005496398 0.170275282945062
-0.0729994690925513 0.131274039250836 0.0157807491883553 0.131154333650988
-0.1418945498894 0.0669230939906462 0.0614207183464173 0.12187491327736
-0.137055473539086 -0.0344008239666617 0.0881389969401709 0.15600938538862
-0.101561816735292 -0.0510600686458799 0.0843288424769434 0.233069755755157
-0.0873099592786331 -0.0440740183521191 0.0698170602523742 0.290114774630383
0.0206294136965973 -0.0585007062833951 -0.0357503412544925 -0.303548286389623
-0.0203511221859937 -0.0250394694144496 -0.060815404779075 -0.261988679882235
-0.00932294798883906 0.00305927999622012 -0.06506379980671 -0.168726398987712
0.0111295490235797 -0.0100031447319677 -0.0192259386191071 -0.11228039560117
-0.016440558454052 -0.020953529431919 0.0150904034996526 -0.120616539043276
-0.0315355707971434 -0.0084438417532026 0.0468529059393368 -0.169882070145555
-0.0346188775218256 0.00745299100451395 0.0433412062255097 -0.236251906931895
-0.0297154225839655 0.0215678740763609 0.0286622706200971 -0.274661188552604
-0.0314094809562807 0.0178619344575009 0.0266742016048385 -0.25384245969452
-0.0312833599841227 0.00755481956537946 0.048763549881532 -0.189878601702476
-0.0143146394588616 -0.0139669174142135 0.0697645995016076 -0.12713345790563
0.0129172405694094 -0.0108326186366084 0.0937476952802148 -0.0537874648171301
-0.0105567651380264 0.0227755985821632 0.0798834386102566 -7.68210484982671E-05
-0.0366571340875351 -0.0132745312098421 0.040615250746375 0.0293127685751388
-0.0066121867479768 -0.0734280274251139 -0.0482003072364602 -0.11947883617003
-0.0164615928219851 -0.170111441106389 -0.0148416854278727 -0.253093159839167
-0.0958530648108629 -0.134144149270917 -0.0138434678714814 -0.259354255675452
-0.127514043626329 -0.0742028049195459 -0.0465317103964497 -0.166703170455963
-0.127333257675468 -0.00678951998537324 -0.00359383197824771 -0.11196146387374
-0.129159766050889 0.0497105553494704 0.0171394189603166 -0.111611733226264
-0.0947552330526064 0.0972712849758312 0.0422471365831002 -0.154596178059465
-0.0583346600239638 0.120245382407383 0.0333919369442292 -0.208367362566712
-0.0396503078656223 0.126498883374394 0.0168766884747785 -0.243414499466995
-0.0463004630740148 0.104001707225002 0.00825418652257923 -0.234120950622316
-0.0556235085966815 0.0815955350616263 0.0307780651977432 -0.191028394871254
-0.0542422696884622 0.0370723657506769 0.0599509152158918 -0.141598000617439
-0.0379330027299176 -0.00336364735786178 0.102847563534172 -0.0647962886295623
-0.0442817087364924 -0.00604375869752526 0.0858234943233895 -0.000466911924370492
-0.0594260005842195 -0.0617392277957326 0.0364774783582675 0.0292530714925167
-0.0263246511239357 -0.13531154296378 -0.0558868652153414 -0.0971650986863485
-0.0457284257407318 -0.253186662333033 0.0182674883652319 -0.160048359971237
-0.143649804753552 -0.221703512452107 0.0465880359929622 -0.233504333113551
-0.21467087963837 -0.149240998093741 -0.0363996810325647 -0.166601440663223
-0.244118757050968 -0.0153707099038954 -0.0232508722496292 -0.104830448990948
-0.225037116757642 0.106562663735826 -0.0124082399828677 -0.0759167208805572
-0.145862624352944 0.184874065081206 0.0157372625863078 -0.100910493828565
-0.0765639981002196 0.209579823479317 0.0122035862041179 -0.139620070373039
-0.0440147069506562 0.212749459396006 0.00228323237415921 -0.17504409584109
-0.0507389517695381 0.183454227087327 -0.00662668361281669 -0.188323091774297
-0.0708438399429441 0.163757952149143 0.0164509883372418 -0.180315947324142
-0.0960930050239347 0.111443427864821 0.0556012397380359 -0.1526818845104
-0.111501179263654 0.032503560381968 0.121679463432556 -0.0749611765834619
-0.1165984550254 -0.0263376700764231 0.097884712006803 0.0118623078658861
-0.10704560681427 -0.113959576146766 0.0274122647556095 0.048550503807151
-0.0559762238984281 -0.190184415437788 -0.0627136196112307 -0.0554749153615601
-0.0638653015649168 -0.283782883617002 0.0551180901662988 -0.0469208321058523
-0.154708289606957 -0.255460288464726 0.101151496910845 -0.185660173553195
-0.24275495961985 -0.187568503283494 -0.0353160618557855 -0.15727176466413
-0.300301864831378 -0.0212098630520887 -0.0658942895556137 -0.0874901512842596
-0.268652827045525 0.140719914410733 -0.0629165651016761 -0.0205671809866918
-0.164913589172297 0.235175264370777 -0.0263130776179861 -0.0203040032136311
-0.0793827629276534 0.26044882045537 -0.0157828728854175 -0.0411232478068005
-0.0412671487821009 0.267432242831611 -0.0127666278443306 -0.0784154301896853
-0.0481253079294054 0.246554813355997 -0.015146387230714 -0.114567747540122
-0.0778307362891873 0.241507136653233 0.0078666906487266 -0.142204587226424
-0.137272951986301 0.197574889827363 0.0538391387650293 -0.139833853798369
-0.197777114812408 0.0902316680630884 0.141368310683645 -0.0689938767769237
-0.214292133532632 -0.0340423324309873 0.112721846166792 0.037091004055821
-0.173957520923983 -0.158964348433836 0.0256347361833166 0.0878454776509674
-0.091316402799717 -0.232732389015069 -0.0593239816327605 0.00810530620907189
-0.0671342355686421 -0.256022917939139 0.0853894149001725 0.0576184564287824
-0.124487712071224 -0.224847967929301 0.125522170376202 -0.131878788101309
-0.201237703346514 -0.175940050114084 -0.0445145874667428 -0.128134173154271
-0.27172787292083 -0.0230851913428549 -0.10687024009956 -0.0568534380779886
-0.242797134427824 0.141205825173075 -0.107826115489121 0.0369033932476774
-0.145269891063041 0.235150282674291 -0.0662231878010292 0.0656725469361608
-0.0670702785140696 0.26302016447773 -0.0383243179898053 0.0649100772259071
-0.0308503706847762 0.28187856978914 -0.0227186763732354 0.0307490047229645
-0.0401679450620443 0.279098098219276 -0.0184792291890253 -0.0175820567013316
-0.0801521191205316 0.291648061455506 0.00568120426188552 -0.0714053033779403
-0.170208383255303 0.260326751513174 0.0520931653237891 -0.0894698058301904
-0.269637298330673 0.136654262817959 0.151204140643138 -0.0332738050210434
-0.297381410088462 -0.0391104731042022 0.122666427617339 0.0770433089950386
-0.228038097493286 -0.186227938614996 0.0348086535646989 0.139905110984308
-0.120328412421683 -0.249449689285743 -0.0415853691422965 0.0898326321489597
-0.0579402265290181 -0.184456285411363 0.101234463244605 0.129896755728626
-0.0680849085591857 -0.153632295939025 0.106411331838763 -0.0881498547226573
-0.119252148156834 -0.131579673803132 -0.0600857356545541 -0.0813151318326717
-0.188882898569748 -0.0183928929751578 -0.122113199731446 -0.0190006352612959
-0.169366076198691 0.114549423082947 -0.123913325972073 0.0796295334594854
-0.0983641098520032 0.191825776974899 -0.0868107005991282 0.131406788533863
-0.0414759688261296 0.222711498733879 -0.049172157099084 0.158133754459793
-0.0165161274717004 0.253611959378476 -0.027610978994536 0.136077522690044
-0.0293371977320912 0.266622104555914 -0.0207413828734534 0.0882512213414404
-0.0778903265360116 0.288629506524638 0.00187096277151038 0.0207537966916795
-0.181795544158782 0.264472007800912 0.044354667756286 -0.00733278696110115
-0.295140103125899 0.137899543664781 0.137060477403149 0.0288535637635834
-0.316056143410166 -0.0532012789927262 0.118518700281511 0.121914377703695
-0.232515100516609 -0.186733343334566 0.0471752130344166 0.190279557823614
-0.127116153278151 -0.227329832748413 -0.0157185770403333 0.178365937137471
-0.040460465050579 -0.0962961923052853 0.102716262764475 0.163723212347459
-0.0133900678214213 -0.0805856072892788 0.0608706662103539 -0.0590459950851982
-0.0469579139636343 -0.0832139965826624 -0.0735963224666665 -0.0359232701119389
-0.10363800454127 -0.0100156454999964 -0.11478764822292 0.0146560726911042
-0.0880301234184841 0.0774676372265517 -0.112292631348064 0.10054992812887
-0.0458630243607013 0.126465738386166 -0.0860505895289311 0.16823160644383
-0.0118510921313808 0.153839652361062 -0.0486524062149563 0.223862871813231
0.000968470094470104 0.185231531068558 -0.0284966402405141 0.221333048101117
-0.0152654622545614 0.206068121254953 -0.0264783587521701 0.180941912365149
-0.063483681671878 0.22691010890248 -0.0105266927561841 0.109249583319295
-0.15691081316096 0.206696385511972 0.0236711193237997 0.0761834091239141
-0.254293325144225 0.0942469919105657 0.0955381274549309 0.0923396384465196
-0.252939181938695 -0.0695525450922636 0.092497516705297 0.155028785376057
-0.177264620888722 -0.151107593789956 0.051336982434128 0.227003114624558
-0.106829537700861 -0.16257471792207 0.00649544366453514 0.256610240877547
-0.0192222172628721 -0.0133009583037312 0.0967005454876965 0.167421220169347
0.0191254949811824 -0.0265934287756507 0.0168004780417416 -0.0421384524247473
-0.0100536654309941 -0.0450781050434874 -0.0785498379322292 -0.0069392292896355
-0.0460879944608672 0.00138872210616097 -0.1022312614765 0.0350483258985495
-0.025369220764954 0.0419871549546426 -0.0913866196521928 0.109191076806868
-0.00208763131484893 0.06003979404049 -0.0735210729101114 0.183784603177723
0.0156191194454986 0.072039887379281 -0.0390477382113812 0.258948508198238
0.0174076430000762 0.0882208188400857 -0.0253531772149481 0.272426754392675
0.00331630794441119 0.107508538182113 -0.0346140762575439 0.241411560784067
-0.0282891556757468 0.124255997943356 -0.0274873847416695 0.168153054628194
-0.0891916745723743 0.115924799338854 -0.00474824640963086 0.13264800085488
-0.150292531214136 0.0406610574932926 0.0428890949786305 0.13162308804025
-0.128816246331605 -0.0594267328008724 0.0588070253860654 0.169270679119652
-0.0833110094795513 -0.0723069301636803 0.0437241294382119 0.247070646353016
-0.0662666756697522 -0.0586824124375873 0.013922270548001 0.307590556968932
0.01679899966417 -0.060343170008208 -0.0296570229820111 -0.320258801230092
-0.0224135262690922 -0.0216377055935531 -0.063809327224853 -0.272371353365831
-0.00687082890156194 0.00543438584788262 -0.0634042959343572 -0.170918512867141
0.0121062738600295 -0.0130302876807371 -0.0178272092631521 -0.116138286688264
-0.0188903371110872 -0.0225180367176133 0.017436888242019 -0.121983796045336
-0.0349039160374963 -0.00744093367907975 0.051733523318029 -0.172661261192661
-0.0357064833973212 0.00993022338967038 0.0516045788319868 -0.24265238459679
-0.028615228160516 0.024896793908252 0.0349584482147083 -0.283016781159647
-0.0318412507458912 0.0213855254760505 0.0298426751447529 -0.260218389394039
-0.0333186174400749 0.0099842462547161 0.0521597866850152 -0.193485283066781
-0.0181106589788696 -0.0147972161170659 0.0709886887203594 -0.128769314340622
0.0125476436995411 -0.0146352005901075 0.0941229029729501 -0.0551553387617781
-0.0060338908651948 0.0235194488922913 0.0805741910700928 -0.00181541685948553
-0.0373353205489947 -0.0108817778141223 0.0457316653137145 0.0244568557790841
-0.0121686562896299 -0.0758453263706036 -0.043793711302569 -0.126293299178005
-0.0174464065504537 -0.176892399797612 -0.00767819284728424 -0.267739113864161
-0.0979424047485686 -0.136740553941062 -0.0189615213497936 -0.269957504415895
-0.129338289140003 -0.0777020146088191 -0.0440884131581811 -0.167501898522556
-0.129849476027607 -0.0107974927658925 -0.000920725250770654 -0.117115966774152
-0.135738042593067 0.0491680784222997 0.0178381716309933 -0.11431628048583
-0.100979346571586 0.100464370618349 0.0466199075906013 -0.156715281365123
-0.0620995085617115 0.125088520118219 0.0397170296559155 -0.213199630205775
-0.0411554384622499 0.132763858773754 0.0215964301704552 -0.251205536206247
-0.0486322672755441 0.110697054248501 0.011283310353697 -0.239635569871169
-0.0578243821690822 0.0857089784289944 0.0323956181600496 -0.19408942992725
-0.0584363634912587 0.0371089989036813 0.0611717888443586 -0.14253288974324
-0.0397415707891814 -0.0069260022611898 0.103185015581691 -0.0677005618086868
-0.0417505054682028 -0.00793606895660993 0.0870225704920812 -0.00308250671830211
-0.0588233716141391 -0.0627340515013262 0.0400567413555752 0.0242800307698999
-0.0281851838776963 -0.140479494912425 -0.0526148162632557 -0.102189575805881
-0.0440582822841393 -0.262258286051632 0.0244609625355384 -0.170914182845241
-0.144417049016469 -0.229322202952449 0.041323715499053 -0.241799736353609
-0.218110123475711 -0.157128745547943 -0.034519517441835 -0.16508442839497
-0.250613824835034 -0.0202502910529383 -0.020299010301319 -0.109492608475408
-0.235032678891864 0.106674869634873 -0.0132558498103984 -0.0782950283981597
-0.154666388235176 0.189449968726744 0.0170293914275805 -0.101009401538615
-0.0816837941163355 0.216839337255309 0.0152441573652032 -0.140156749698391
-0.0485152541151064 0.220932897526271 0.00576811332983082 -0.179598889862437
-0.0545048453346252 0.191441253998487 -0.00436761878125584 -0.191037474579399
-0.0745534197747749 0.169071925033284 0.0176521275695264 -0.18230910884277
-0.101881607964223 0.113108887979038 0.0564657831941049 -0.154283269641179
-0.1155016306305 0.0295247643554875 0.122656862990371 -0.0788362417498748
-0.116559480061484 -0.0306890839599956 0.0990507629724383 0.00867198304932627
-0.106772149002245 -0.118798911098027 0.0291368323044071 0.0442092382664466
-0.0549375658514733 -0.199155858306043 -0.0614886059474019 -0.0591057892902633
-0.0586237662141649 -0.292415553420575 0.0597756809315265 -0.0526032715892063
-0.153042977433756 -0.266029813463092 0.0954783428589934 -0.191000166734663
-0.247089344050942 -0.198896307305689 -0.0327142166438172 -0.15437426142032
-0.30931200370327 -0.0276091099876355 -0.0642382811306778 -0.0922322429578097
-0.278915844342586 0.140983381276311 -0.0662964362841008 -0.0224797840699735
-0.173702923879501 0.239735951540297 -0.0286643671632809 -0.0184631221968475
-0.0863932475515107 0.267451770458716 -0.0145885536112258 -0.0394826195365315
-0.0459054824619683 0.275958676272758 -0.00997745879625165 -0.0792383842998778
-0.0523511608165932 0.256535246190193 -0.0134839512858292 -0.114912545867589
-0.0824206796483323 0.249658865389496 0.00771097045108602 -0.144573248920803
-0.144044105046333 0.201612874659402 0.0540056245815453 -0.14206404440665
-0.206319119610269 0.0888330139665327 0.14240051073719 -0.0723319536623133
-0.220329629363319 -0.0404249323964084 0.11369833130097 0.035169282574692
-0.175629275923063 -0.169123925486437 0.0262445574282291 0.0857823792509262
-0.0890551952444147 -0.24469178283613 -0.0595954455625587 0.00802624483507376
-0.0607523119531963 -0.263187368476179 0.0885057059542675 0.0566248527952257
-0.12055288293309 -0.235656424088163 0.118840951215165 -0.133076192624099
-0.204936103759357 -0.188159728602692 -0.0413955861732836 -0.123424665659478
-0.281087585748958 -0.026911681904929 -0.105145429720992 -0.0612188734273681
-0.251216950789935 0.142736162401708 -0.112174071731684 0.0358111162083991
-0.152271833709251 0.239705150608396 -0.068934254851645 0.0682584059471139
-0.0735740592005972 0.2693654122258 -0.0398428650123668 0.0690152554585844
-0.0359990083726082 0.289902741182898 -0.021966215467433 0.0330047967544106
-0.0457521268935254 0.287378818529979 -0.0182736312511938 -0.0148835015678886
-0.0860590554993812 0.300325080421353 0.00438448920285485 -0.071594967587252
-0.177605761390766 0.265674312493197 0.0530464649784927 -0.08942970852761
-0.280632576992328 0.137989995086938 0.15223715312473 -0.035936241799963
-0.306424637786955 -0.0462451304690315 0.12462227788107 0.0773750182688326
-0.230271555039801 -0.198692529596059 0.0342636935812801 0.1407137178545
-0.115352567298903 -0.26240182346927 -0.0444989566917352 0.0935209258380004
-0.0507521597742266 -0.188332304672141 0.102280017772056 0.132119071455088
-0.0626541573263566 -0.163962141117271 0.100337082959594 -0.0857484937970971
-0.121425337862024 -0.142339154610022 -0.0571959336568795 -0.0761532090471926
-0.195817274006827 -0.0214973334587618 -0.121558321888183 -0.0213013502802113
-0.174168003847735 0.11545941927556 -0.129100548762706 0.0787052897395548
-0.102796716048241 0.194066376458252 -0.09046010220806 0.134670955162683
-0.0463908001537756 0.227235739693557 -0.0518317062000497 0.163828174038261
-0.0206887182995827 0.25862797595538 -0.0292617777375701 0.141280656075493
-0.033971635583047 0.272981649622672 -0.0224975857013223 0.092874712447661
-0.0838188882033247 0.296191046808328 -0.000935183528272402 0.0228780119016702
-0.189136164416713 0.269979988637533 0.0436304030043524 -0.00664857997343532
-0.306806620828594 0.139719432544641 0.138363544163992 0.0282164208587121
-0.327848151180704 -0.0621901441529805 0.118178548588886 0.123506740571195
-0.234908515026603 -0.200489565534494 0.0457189823442485 0.193524111774876
-0.121573935802664 -0.24000711626021 -0.0197250206605007 0.18612105826979
-0.0330132645005242 -0.0979790483389388 0.101114131529058 0.167891802674013
-0.00857101222644949 -0.0884654259745657 0.0546999484377572 -0.0547893259754221
-0.04896804260795 -0.0900983124338488 -0.0710090471716487 -0.0309999679385354
-0.107365182799232 -0.00952921036899757 -0.114346218864685 0.0135299340955402
-0.0893780484437416 0.077857642105946 -0.115971681573542 0.10042673073164
-0.0472829045080636 0.127460312150784 -0.0899763813604761 0.172081982023598
-0.0145997132988605 0.155277678197712 -0.0516983656120313 0.229901799075301
-0.0024094731286283 0.187625913971906 -0.0311789755939677 0.228556356445654
-0.0194820167939156 0.210339459148627 -0.0302960834173915 0.188339727651998
-0.0678887334907809 0.232470123658697 -0.0141693406224542 0.112711172126071
-0.163083098846346 0.210556201245971 0.0227196877376589 0.0784955066169507
-0.263367646613287 0.0961001038076043 0.0966221577986365 0.0942452240290026
-0.26398312017695 -0.0777152795940844 0.0916819502894061 0.157951966397798
-0.177958465781742 -0.16270177558999 0.049584973371495 0.232784934873813
-0.100642630240158 -0.171857756817292 0.00092774547563083 0.268286156215906
-0.0139525278192853 -0.0142101358276966 0.0939515841609757 0.17236637230796
0.0214789959420787 -0.0327281967376963 0.0124349153952486 -0.0356271725241713
-0.0125537847210155 -0.0496956755779554 -0.0768026489033767 -0.00288816872138071
-0.0474732866900396 0.00325185036066972 -0.1010541931168 0.0355830809218802
-0.024727366495401 0.0430043187743382 -0.093693962078228 0.110146620985446
-0.00142074503762029 0.0589406798689156 -0.0760398533542845 0.187349855694704
0.0142169917457349 0.0712282350170766 -0.0416909118682937 0.265041311941371
0.0154704669149469 0.0875917946187112 -0.0292413013560914 0.282359000749052
0.00184376445644172 0.108535963768822 -0.0401065746399485 0.249339230294678
-0.0295169102638644 0.126130424148778 -0.0337014120283215 0.172995055658557
-0.0908217580577467 0.118407879114786 -0.00704004481295885 0.136385007857124
-0.156096872801614 0.0430825444171053 0.0407208479806706 0.135015503800712
-0.13600544418416 -0.0662025569929202 0.0561168662565756 0.172333299853163
-0.0818308483927658 -0.0805559122180586 0.0412419931887888 0.25297972097138
-0.0599157223335997 -0.0618233828153815 0.00787669883559811 0.322417117500347
0.0107275171147227 -0.0638006641985513 -0.0355028408458188 -0.338317091220843
-0.0247249645446717 -0.0172528906920988 -0.0778304316842477 -0.282122043300146
-0.00400321834207738 0.00845993254257056 -0.069656742031635 -0.172916523433737
0.0131057280832394 -0.0168909312386787 -0.0205379325422021 -0.120677209594453
-0.022571779046132 -0.023629232917024 0.0149667603434065 -0.12494451432823
-0.0383747781854636 -0.0045292668993958 0.0506651660334677 -0.179461973727678
-0.0365403144409244 0.013779810383294 0.0505584460182751 -0.254269154500461
-0.0277861050914745 0.029068202734752 0.0302360047029842 -0.296693710186669
-0.0309838011961702 0.0266328950349256 0.0248220983476072 -0.270065995950536
-0.0347330536688433 0.0146476991210743 0.0476748410221309 -0.200713407937275
-0.0224164547061192 -0.0145267144070898 0.0680725923234167 -0.133893162051428
0.0115257373983099 -0.0190540252974842 0.092390702231341 -0.0617078851114099
-0.00161639676343886 0.0242114521161912 0.0817272277191241 -0.00802800119608508
-0.0389279791992487 -0.0067108049624237 0.0518973558698478 0.0179404853205469
-0.0201462505721689 -0.077140348155965 -0.0448115120672007 -0.133007480723585
-0.0245162153757852 -0.183570010785325 -0.010810010386864 -0.284492293420298
-0.104907311780624 -0.136905013420768 -0.0342308516695398 -0.280759309826823
-0.133936893418087 -0.0758035172533802 -0.0479318189887259 -0.167816276054349
-0.134821102263346 -0.0104415288831024 -0.00300214689116219 -0.123506545528107
-0.141336689280823 0.0540609907211133 0.014755689364223 -0.11811999976343
-0.104934891863255 0.108817856525358 0.0442970505415417 -0.16126889805433
-0.0616051472628031 0.133678830221166 0.0388888055588588 -0.221152789018537
-0.0385107106772236 0.141916038721637 0.017340996598734 -0.262056948212811
-0.046036891846734 0.118877942874977 0.00621117725006913 -0.24634171355451
-0.057585950432563 0.0924909816308778 0.0278801778325225 -0.200498040398556
-0.0618908576756528 0.0407572430564244 0.0567288937909989 -0.147138360316947
-0.0427049521223057 -0.0100109428607432 0.100728632570112 -0.075243809769991
-0.0394759648117108 -0.00935605380491349 0.0879790960049624 -0.00947442375326845
-0.0608237032987946 -0.06201321195686 0.0441037821090073 0.0181256215692336
-0.0357861391151132 -0.144992600022262 -0.0547611238310471 -0.107205147559523
-0.0502449337952261 -0.271393785012609 0.0235454938734665 -0.183864237950142
-0.15460432714929 -0.234237008889846 0.026402957766638 -0.252476580902202
-0.228973244185412 -0.158812460250981 -0.0377518478608303 -0.164251511928044
-0.261490838674084 -0.0176666580368506 -0.0224393869752696 -0.114762067254656
-0.242722787367519 0.116591097662123 -0.0173837165913462 -0.0801185810655069
-0.157725810885781 0.20161982547499 0.0146050438482996 -0.102823814760486
-0.0799961210706102 0.22886686001191 0.0145344207591128 -0.143663314407188
-0.0433620248126161 0.23247903962984 0.00356043135655833 -0.186036703560511
-0.0511759800983049 0.20286652157536 -0.00860985875963164 -0.195729510158772
-0.072264411769812 0.179819442226523 0.0108459167275886 -0.187838097407528
-0.103650676473866 0.1203011383992 0.0515934150318221 -0.159879983909155
-0.119729604838366 0.0311963980484354 0.120465852525966 -0.0876313605880714
-0.119087573314208 -0.0318130037362363 0.100780169881232 0.00176897674826027
-0.112262045274127 -0.120567751488061 0.0321194803901101 0.0394567242047958
-0.0620476741403573 -0.206427512615423 -0.063312858130002 -0.060284784423499
-0.0648901853067874 -0.302102450276991 0.0635457600363093 -0.0604632871512902
-0.162675364592511 -0.273398855032594 0.0823474166207963 -0.200907866173787
-0.260645870794704 -0.203418440754303 -0.0360097614687278 -0.151284281044145
-0.32233927377259 -0.0218083789770271 -0.0659946451142069 -0.0955654413260407
-0.285762301253186 0.153683743256565 -0.0710930507597874 -0.0221780685752025
-0.175842042296099 0.253544169453407 -0.0306949054109689 -0.017007357400748
-0.083369768228825 0.281364361768748 -0.0146601499146583 -0.0375352621334883
-0.041006439398831 0.28963340287518 -0.00996368692527914 -0.0807038682778283
-0.0479989574190193 0.269168363606223 -0.0162009873398102 -0.115971528472988
-0.0781688217739035 0.262543310891775 0.00271015119918668 -0.147965741820912
-0.145368968270683 0.212436106834509 0.0499839718583483 -0.146810812134098
-0.212138670855199 0.0968086996611816 0.141491782681245 -0.0819704207709064
-0.22883826894684 -0.0395655803599331 0.116584367392166 0.0291687547664671
-0.18518415611455 -0.173243369200228 0.0292664502457221 0.0829132490966749
-0.0952879386505075 -0.254525797335686 -0.0610613093309671 0.0103108478802955
-0.0642270485661969 -0.270342076136648 0.0935937998485577 0.0529542218572691
-0.127436560800328 -0.244223138440904 0.108224122010889 -0.138881900429211
-0.217189370011827 -0.195139574549978 -0.042878988763828 -0.118357874175133
-0.294199797299868 -0.0220926652621601 -0.107146680518207 -0.0613489085249018
-0.256479287983356 0.153852198736818 -0.116319478482406 0.0386934208182147
-0.152170110896325 0.251194039177696 -0.07103906362319 0.0738248667081419
-0.069843219741863 0.280789037696373 -0.0382014726725692 0.075570245201541
-0.0310466388610812 0.301787535038665 -0.0205906430275159 0.036864206376031
-0.0402367747832837 0.300390488093346 -0.0179573678487439 -0.0117123942624953
-0.08019975126328 0.314505040330315 0.000699799213678904 -0.0722248901385335
-0.177492438983392 0.280855091970087 0.0504503851988575 -0.0932523189874182
-0.288625709336936 0.150636348179526 0.153934853146153 -0.0444440580405856
-0.321887216345612 -0.0441688535443768 0.128876634165582 0.0725562583357589
-0.243044433779368 -0.205904400495472 0.0392928610594727 0.140648623638378
-0.122043452018404 -0.273718001972242 -0.0431626488105731 0.101098523208114
-0.0499322528903768 -0.193115324360232 0.107620851078678 0.131602668740242
-0.0648189703370659 -0.172849965469369 0.0916600348156364 -0.0870005460877409
-0.131120774287188 -0.150103452621669 -0.0570804772127985 -0.0699213960026098
-0.204341616816729 -0.0159250069040758 -0.12317057905599 -0.0199886252664878
-0.176003897656618 0.123869077961067 -0.132116580022294 0.0836930261487696
-0.100633651999738 0.201796742959066 -0.0903079378317453 0.143080405332633
-0.0427864727336047 0.235374705445321 -0.0486617562073672 0.173159732516839
-0.0170043409993142 0.267568950244438 -0.0251371005101884 0.149250131512186
-0.0296232829398608 0.284489630730388 -0.0201158884437198 0.0998120379268798
-0.0775432007012927 0.309410034150314 -0.00315845711413014 0.0253869740964644
-0.188387305284425 0.28479038959095 0.0445575685849739 -0.00678603772300773
-0.3150166080249 0.154742994187 0.142346677130719 0.0227055487136173
-0.345206753580267 -0.0591638862156826 0.124053754450298 0.120982459878693
-0.247341829903633 -0.208200741885435 0.0518384933962737 0.197189209928959
-0.126301883147654 -0.251203038637518 -0.0167505427514346 0.198408431675195
-0.0298536057127751 -0.100350395443237 0.10748320607022 0.169217119249736
-0.00871897378866455 -0.097322492962237 0.0476757303003853 -0.0517830663034295
-0.0554387874306916 -0.0973389750361335 -0.0692312122221633 -0.0238082149335629
-0.112745872149904 -0.00505513186151436 -0.113817432249252 0.0163956739645739
-0.0877567733290899 0.0826127515164951 -0.116640501906237 0.10581832752948
-0.0441490051980464 0.130603585772791 -0.0874551578688014 0.180918722800473
-0.0114402590333062 0.158452146341487 -0.0456755415151477 0.24058963700519
0.00014285479908195 0.191802812678065 -0.0259292481568538 0.239975645273264
-0.0161847786454135 0.217037760393098 -0.0265080457068783 0.199161968807227
-0.0634660677475593 0.241702122335036 -0.0148128141733912 0.119292720599071
-0.161707523468869 0.222569375697356 0.0239006102571759 0.081042304484647
-0.271546750501743 0.108978497504277 0.101746093475876 0.0927331224931531
-0.28033466710687 -0.0771581258398978 0.0964176295528344 0.158804497185121
-0.187156285882874 -0.171652548784001 0.057631031566686 0.238623117189221
-0.101620743063384 -0.179543025181844 0.00606256213229374 0.283775562181291
-0.00858614549527365 -0.0147795738930917 0.0992996617411096 0.175119883515408
0.0228522228051673 -0.0409129175694573 0.00674147874440689 -0.0295578818263941
-0.0178735195189495 -0.0544773919779951 -0.0754908619541603 0.00428046608468395
-0.0496111061437813 0.00699199245595996 -0.0993738424080477 0.0405839849174873
-0.022475585212349 0.0444851837177979 -0.0924010832385042 0.114355870866738
0.00156776655355806 0.0579759749246845 -0.0722911811780368 0.194601614101537
0.0157807052992434 0.0697743622344366 -0.0349080594870036 0.275180413594189
0.0162351293775802 0.0875800305297451 -0.0232725180790618 0.294735154343839
0.00346172182677846 0.10966024633354 -0.0360904773513419 0.262159995688802
-0.0257359455195957 0.130287333105554 -0.0329834643594329 0.181310512938657
-0.0889135004266623 0.124781414489907 -0.00416687473385765 0.141421765263201
-0.161479968491384 0.0525608189872512 0.0461442244855743 0.137827293415612
-0.14738933621829 -0.0686336760697289 0.06058475898941 0.17530244122886
-0.0846438321120726 -0.0870244035092825 0.049652984145342 0.261314882693078
-0.0566182493095891 -0.0645219261189595 0.0152957695801695 0.340731467548155
0.00349763246220915 -0.0652762540213381 -0.0520797153172809 -0.34874416006087
-0.0267414720715398 -0.0118526658186972 -0.0986535498711621 -0.281850539687383
-0.000349074974530958 0.0109747524075613 -0.0775117095163967 -0.169088679951392
0.0125771195356347 -0.0204153699590896 -0.0269411408008369 -0.121656604729028
-0.0260993339357777 -0.0229918229341841 0.00877627757641559 -0.124757763251855
-0.0410194767346085 -0.000161150215523547 0.0437180130873619 -0.182462465853156
-0.0355929080635573 0.0189114420663508 0.0403389943663186 -0.260472857251301
-0.0242874427909472 0.0336627245067117 0.0147159207712178 -0.303965879434686
-0.0274911719428764 0.0321765802094496 0.0109169408248461 -0.274294055748226
-0.0345369985454251 0.018937984798451 0.0370230996106963 -0.204705528126292
-0.0265553345339834 -0.0120500647959242 0.0593166885945354 -0.137002218516184
0.0093435561728417 -0.0237579749930371 0.0858526595007856 -0.0674281050379076
0.00430335241569013 0.0238803766235334 0.0796093466666225 -0.0159841168759302
-0.0386995003018387 -0.000901166637745151 0.0565419271162831 0.00756089691477361
-0.0298404617164974 -0.075176566013576 -0.0490489120116773 -0.134352735699986
-0.0369452807877046 -0.186009334297906 -0.0241237199503679 -0.295221997724674
-0.112852612473363 -0.131343930349222 -0.0575422821675785 -0.282669037017143
-0.136869960802966 -0.0686222229838788 -0.0549833754249326 -0.163411192978312
-0.136545051414742 -0.00675614424510208 -0.00805616828636877 -0.125774501845478
-0.142754225418758 0.0618036885194125 0.00760698588744959 -0.118083186700385
-0.102685169626375 0.117642130552661 0.0375286126425977 -0.163028078565873
-0.0558403361167769 0.141481851147814 0.0309107755860351 -0.22462496750179
-0.0298113252890456 0.148094839120965 0.00547508670985636 -0.267156205201774
-0.0388344465350991 0.12617429017543 -0.00559723798876797 -0.248888092239564
-0.053308710929054 0.0992754744723318 0.0158240454323379 -0.202124691182081
-0.062373313163393 0.0443064846424663 0.04731037433117 -0.150110943627916
-0.0454368367404877 -0.0109101702085214 0.0938543512466915 -0.0822125977226982
-0.0365478040536415 -0.00989375110127529 0.0865021133507401 -0.0176609520939548
-0.0632323191872145 -0.057927895381912 0.0473211102637844 0.00981263281349696
-0.0470272891425618 -0.143971362013814 -0.057666950432573 -0.10757567539181
-0.065101418064118 -0.274158735320031 0.0179399429248369 -0.193158246118698
-0.166268264198621 -0.228867972831609 0.00257794826391576 -0.256603151818762
-0.238324554037747 -0.15021964554517 -0.0439189897788823 -0.158357881601353
-0.265528218618174 -0.00602574470454755 -0.0269575892828416 -0.117172992707999
-0.241363265956433 0.130299315880733 -0.0234722176158858 -0.0795701115830599
-0.151947514404372 0.214011924358431 0.00879413641873695 -0.102399264339715
-0.0689500260362536 0.237857174675906 0.00978919635072974 -0.143855187222026
-0.0304642797950216 0.240010380040838 -0.00416262064515296 -0.187911107341224
-0.0404377376941668 0.211735422909537 -0.018474057321222 -0.19591313539765
-0.06345080503851 0.187494726214043 0.000172005689014487 -0.187926721715828
-0.0996191566844526 0.126514336412264 0.0408839917290578 -0.162480759560633
-0.121039575652305 0.035326789776387 0.112550003801121 -0.0969330560397182
-0.120304932164555 -0.0294213957247036 0.0994975048071664 -0.00703684282869685
-0.118491229994581 -0.117157943676919 0.0349954967832717 0.0324609070187819
-0.0743380486294142 -0.207080850741018 -0.0646108751698661 -0.0590204321917377
-0.0774140375722631 -0.302322290268508 0.0624700095125367 -0.0702809989834524
-0.175226158372673 -0.270144491209542 0.0611486053862526 -0.205384809251895
-0.274033196473124 -0.194944832316244 -0.0411219492902714 -0.143222522789775
-0.329093836953317 -0.00695554523390904 -0.0694982128334961 -0.0947345438100302
-0.28305336522091 0.16967604588837 -0.0745552262365763 -0.0187300018238932
-0.16646460613525 0.26574822695063 -0.0322037477359756 -0.0121732649969162
-0.0706362045171527 0.289046433368542 -0.0152953654419694 -0.0339998126937983
-0.0259337160991365 0.295964297776513 -0.0124689913155294 -0.0804997531319315
-0.0349907605800988 0.27701432102519 -0.0206829043749186 -0.114425873761643
-0.064619397105113 0.270143187501563 -0.00677015490340837 -0.146890279054682
-0.135814809122374 0.222656082910411 0.0405678107284928 -0.149704657483166
-0.209680133583475 0.10731670457446 0.13410590975435 -0.093189825509698
-0.234199162146355 -0.0316786741207309 0.117032525389142 0.0196964817985233
-0.194775035090515 -0.168689042586182 0.0340047431792274 0.0780367778095344
-0.108241277007856 -0.255720852658576 -0.0593772672424522 0.0143038874352946
-0.0727067355022042 -0.269613097416354 0.0976779482606437 0.0445121226237135
-0.136467694155061 -0.244573420966193 0.0915381077945195 -0.142579783237606
-0.23008406066469 -0.190984699010514 -0.0459164355353796 -0.109585938415222
-0.299854735749666 -0.00597521613967519 -0.108186476551803 -0.0574031597097295
-0.251358689534018 0.169328998075577 -0.117907803802981 0.045413873377445
-0.141477336239142 0.261264158079852 -0.0685279292359547 0.0808872178906792
-0.0566467082945009 0.287673456482124 -0.0325821541713541 0.0817249120922061
-0.0168351485870673 0.307491161135551 -0.0169658753415892 0.0407537781129247
-0.0257007799434131 0.307896491635143 -0.0176701915507981 -0.00837921268083834
-0.0639589374746164 0.322520210028438 -0.0060561588024405 -0.0707780030690821
-0.164818831044413 0.29293648596128 0.0439995825802455 -0.0960742622290324
-0.284295799369817 0.167618494804627 0.14964944390215 -0.0561503906743827
-0.330570346561716 -0.0309266851743585 0.130759608880594 0.0620233515539523
-0.255632488323871 -0.200171513019633 0.0464027042444681 0.136768911609924
-0.134115551663232 -0.276129963478029 -0.0381847993151333 0.10701357212597
-0.0535012741023529 -0.192210040864077 0.114894376405825 0.1247407821401
-0.0703476323794512 -0.176325005054097 0.0788322244756162 -0.0873220945909783
-0.141999881133171 -0.150265743800568 -0.0561445612742582 -0.0607125137543542
-0.209050186374043 -0.00462668121786354 -0.121697709690983 -0.0148863889779317
-0.169397064306867 0.133861528498392 -0.129303926446802 0.0910278972579442
-0.0913677045652995 0.207336403630565 -0.0837351030493586 0.150394170788076
-0.0320575622309823 0.238504595482533 -0.0390100626530556 0.179883309425764
-0.00475848647743912 0.270957258059405 -0.0167743448194027 0.155046160036693
-0.0167950490280731 0.290549649351848 -0.0143780631821065 0.104891934199611
-0.0620570018575864 0.317412828394367 -0.00388004909250532 0.0277626828311725
-0.175252085499398 0.297469416867547 0.0428817799039298 -0.00855253015822075
-0.312078182652659 0.174004515564129 0.142978814207803 0.0131383120244507
-0.357301074896687 -0.0450212563349828 0.128674503555341 0.112971572813057
-0.261075241562012 -0.204335454806644 0.0619711302779802 0.194654613230083
-0.134932927930734 -0.252504160449049 -0.00677587914366741 0.205501782661241
-0.0281093740072438 -0.0992716006269723 0.114465064859858 0.163638944135141
-0.0113904508609383 -0.103935869556679 0.0391516758410767 -0.0478431379692833
-0.065318894620352 -0.0992060572894136 -0.0665149945917277 -0.0145531551752567
-0.114281884664878 0.00278386507160693 -0.110278543342041 0.0221101960521533
-0.0824502128742668 0.0871190277701545 -0.112172111668332 0.112127057016134
-0.0372488289285372 0.13064424023992 -0.0783518362193324 0.186256416724512
-0.00458969261953663 0.159170939825269 -0.0330841962088379 0.245741050130837
0.00744456598257774 0.192231424464244 -0.0125637649192499 0.245752672924114
-0.00673163804061581 0.219798773498852 -0.0160286058669492 0.205487810049194
-0.0503565294707377 0.247293664706203 -0.0113768186277291 0.122884846503486
-0.150342251873661 0.233967290849519 0.0281893272464472 0.0803797985116567
-0.269462690545806 0.126995078047671 0.106913312574233 0.0865458363981899
-0.293440861013873 -0.0660993942134264 0.103808619924183 0.153923831022704
-0.197289733694334 -0.169993576895409 0.0693981230991982 0.237841728525755
-0.105412322449703 -0.179857742162399 0.0209168078078802 0.29221040964865
-0.00362731830583542 -0.0152335031126533 0.10582067892717 0.171058349006392
0.0209086871888666 -0.048552180222478 0.00154327836039458 -0.0225560141005797
-0.0250155118340318 -0.0565876537042447 -0.0712574286306047 0.0124725069659932
-0.0490668515475721 0.0124068656353254 -0.094968870787475 0.0460354174514638
-0.0173659308941064 0.0456151283404587 -0.0849719003563124 0.119391162788619
0.00504918633301155 0.0552240855896609 -0.0613732358310733 0.198943014662359
0.0186500867535966 0.066414951034413 -0.0203422285136719 0.279716436730426
0.0184038260349356 0.084791949232946 -0.00696143017870122 0.301312686826014
0.00759182264151157 0.108900572101583 -0.0230578933824746 0.269304791185456
-0.0189565236169681 0.131178259841136 -0.0258770291337252 0.187084524535162
-0.0813291804050632 0.130290284666582 0.00265784091090599 0.142514484947007
-0.161302760803991 0.0642055795840394 0.0534646366839979 0.13633445934895
-0.158704625289867 -0.0632238159852031 0.0675284204964488 0.172968698088066
-0.0873255250373754 -0.0897881135779489 0.063425606397908 0.260989820255034
-0.0540866376985866 -0.0642629359669006 0.0321330176974836 0.349187367014487
-0.00468101896948787 -0.0643132817168312 -0.0648939188378394 -0.344656100383488
-0.0263552605157779 -0.00642648227255479 -0.115741159089615 -0.270742600769008
0.00414067423811152 0.0119073539257724 -0.08205398157005 -0.159315660486846
0.0115103654526068 -0.0231344573168905 -0.0308087418672246 -0.118418283725177
-0.0290855838711031 -0.0213396283582969 0.00406264771891956 -0.120946705874469
-0.0410404293264677 0.00393644675897438 0.0358982826266412 -0.178647330032769
-0.0338109297799657 0.0223988734249266 0.0308147938887191 -0.256934881534475
-0.0198851473688652 0.0358314140024579 0.00175174381586629 -0.299604286670972
-0.0227280351214943 0.0348810357397327 -0.00137476218884947 -0.267314963725295
-0.032337342632986 0.0231102278778798 0.0255203447032366 -0.199906142248572
-0.0289275024392371 -0.0102019376662266 0.0490646431099462 -0.134008233369533
0.00637766154086686 -0.0268653075119064 0.0770934825362743 -0.070212395771134
0.0101698058019545 0.0215721919759267 0.0754451792505056 -0.0219638778762436
-0.0371836395452672 0.00404859923664662 0.0577137856030076 -0.00224213831720721
-0.0373515015462888 -0.0700750143251555 -0.0513312704346689 -0.131174808294075
-0.0468473326124535 -0.181708556776432 -0.0358307350272889 -0.293084060045278
-0.115715930846442 -0.120744783877919 -0.0760973858072285 -0.272761372708728
-0.134040250332196 -0.0604997317902502 -0.0582524445323349 -0.15358088788342
-0.133787693530145 -0.00301984192391128 -0.0124516155247105 -0.12406111347485
-0.13878372083021 0.0665973062947268 0.00168907067981562 -0.113983012909726
-0.0964696217326989 0.121926391292351 0.0300811086086563 -0.159118160497014
-0.0479275440274012 0.142400575493782 0.0226774195810582 -0.219667632419666
-0.0207299951624929 0.14796043342235 -0.00579780468683726 -0.262088372291788
-0.0292950803862491 0.128012741184171 -0.016151999183488 -0.240650864900651
-0.0466554430022617 0.101595084240577 0.00459440622142076 -0.195797205272738
-0.0611200445526194 0.0469386630035957 0.0364791683478263 -0.146095759305381
-0.0466147791870429 -0.0114778330172382 0.083321135252226 -0.0856549840246288
-0.0329650343817788 -0.0108968507510792 0.0812552720560307 -0.0250902324564958
-0.0626771402422525 -0.0518076854497645 0.0475085600735936 0.000937738803532571
-0.0548363021365516 -0.138040033853268 -0.0587144837745208 -0.103515085627445
-0.0749519822450488 -0.26604869177388 0.00984519491459695 -0.195938587931356
-0.171623745802895 -0.216262907739198 -0.0182989605933573 -0.248799062637549
-0.238026854585968 -0.13689902532047 -0.0471216196498562 -0.147265364222631
-0.259847754936078 0.00383951876368065 -0.0299768532143222 -0.115016215176835
-0.2316295860362 0.137521091904165 -0.0282210020157142 -0.0755199202087043
-0.140051219311637 0.217257767089562 0.00430717605167344 -0.0974725240014748
-0.057347500200056 0.23733934250306 0.0052925619911939 -0.138195921399972
-0.0186899065232938 0.237320929919846 -0.0114098477961387 -0.183457930222822
-0.0284215177153217 0.211751623344348 -0.0254861399484441 -0.187828526037167
-0.0518600827915312 0.186120152012803 -0.00997066828430655 -0.181275363724863
-0.093019004427361 0.129130326951352 0.0299126279407468 -0.158393639203472
-0.117855379937293 0.0377006867686983 0.100859069570604 -0.100647742801017
-0.117894540452353 -0.0273874065593053 0.093607563091978 -0.0155431556666089
-0.118924524011219 -0.108920819295754 0.0354464178439561 0.0251121094244044
-0.0825917921635375 -0.200056991857571 -0.0631741491647014 -0.0543496824550694
-0.0853123010341293 -0.29333292146893 0.0584344646462879 -0.0762022842432398
-0.180122636612359 -0.258455110837951 0.0399995870120556 -0.200437447332246
-0.276920867427611 -0.182053426013268 -0.042215137915896 -0.131924551723616
-0.322357818428113 0.00725447134500388 -0.0707471902894929 -0.0905821286647331
-0.269041411395975 0.177927432125269 -0.0752480567452703 -0.0145263115638078
-0.151872968461437 0.26784620506391 -0.031477665531324 -0.0080745380814964
-0.0564795049994018 0.286400188683873 -0.0137867787466573 -0.0296122847886183
-0.011769294764021 0.291919385563134 -0.0144214956449029 -0.0772416549453648
-0.0207722302817338 0.274702681195792 -0.0245769558671875 -0.107748906868423
-0.0494502730413126 0.267305169557447 -0.0157031086767317 -0.140638983719691
-0.122616690471375 0.224164949751064 0.0294711482824779 -0.146117970585398
-0.201207054232502 0.113437540724047 0.121955690622813 -0.0990163044897009
-0.230895465853246 -0.0238614535436057 0.111943201039074 0.00978922499554494
-0.197048110955911 -0.15814737378888 0.0357278197846639 0.0706788533044101
-0.11606575653337 -0.247831871194731 -0.0555925612191084 0.0177302073205434
-0.076795343853103 -0.260313863159937 0.0968035547062613 0.0354369160063044
-0.140762423073333 -0.235806234532303 0.0729498303694242 -0.138511591539509
-0.2342931816179 -0.180372641513542 -0.0448421930388653 -0.0980024323829996
-0.294347288792364 0.00716551320650069 -0.105293434588024 -0.0526380957372612
-0.237170556308428 0.176268442753038 -0.114170334623667 0.0489798439509664
-0.127533757403834 0.260741095545431 -0.0632241046616052 0.0838418959104661
-0.0431540312008142 0.282979413748328 -0.0271117182588301 0.0842284100100775
-0.00334291470748203 0.301204000679497 -0.0124798446575295 0.0413899954152273
-0.0118500967585201 0.302780897109227 -0.0163260565482116 -0.00530342656977343
-0.046988665794639 0.317970928278444 -0.0102631816415845 -0.0667060755190086
-0.147446194329584 0.293215154106788 0.0364216164243088 -0.0949606316098029
-0.270804769954172 0.175727714105517 0.139247100783144 -0.0633972407952007
-0.327611150176914 -0.0180636439682812 0.127759800969242 0.0525209045209828
-0.258786590874719 -0.189308209159607 0.0498881625245867 0.129154710408628
-0.139750222957879 -0.268274823842308 -0.0308696529118691 0.109277645416052
-0.0533490155855729 -0.185175820609423 0.116620881519409 0.113457276135589
-0.0733190944996224 -0.17396656509819 0.0645126910352726 -0.0818189075371405
-0.147044699790902 -0.14499936741683 -0.0525102099492758 -0.0499797793411623
-0.204147498780656 0.00599691220273108 -0.1156064241461 -0.0100200050007561
-0.158336713963088 0.137795937001799 -0.12302765638833 0.0939109589141407
-0.0794276838459376 0.204013080662869 -0.0757098373722546 0.151023017272585
-0.0215956289445887 0.232167588981945 -0.0284271260964906 0.178314795021869
0.00524020107991378 0.264235047778767 -0.00778810055743362 0.15344384136256
-0.00464162484045634 0.283473786810032 -0.00856703994587697 0.105873250609066
-0.0461699510339021 0.31120186633072 -0.0048107173271583 0.0295343933665717
-0.156645095133888 0.298360782198888 0.0402203194785999 -0.0103395146588476
-0.295827083807747 0.18530991111159 0.136832235810572 0.0042003207796866
-0.355868279879071 -0.029904353809717 0.127723500069821 0.102694387028731
-0.26354305947057 -0.194352727812769 0.0689654920619739 0.186083034702104
-0.138577050320407 -0.246428641407049 0.0028817817839783 0.205299066194765
-0.0242360982631024 -0.0960470086432967 0.115853739423518 0.152391201864817
-0.014277356998925 -0.106251958106644 0.0302732051716818 -0.040646386818518
-0.0714358900514316 -0.0973228185192706 -0.059646957982003 -0.00648767479165532
-0.110815995326863 0.00986253037950477 -0.103301969223392 0.0258416076717431
-0.0742262668257259 0.0883766327717691 -0.103083794026711 0.112564543321984
-0.0306530701827917 0.12632329349668 -0.0675213622832224 0.184763772242211
0.000832169731677429 0.152749142681492 -0.0206201642752974 0.241712334361485
0.0132460744388981 0.186353867847384 0.000181964251620916 0.242495093669061
0.00117962927569913 0.213757609004378 -0.00633888001547322 0.203481284752942
-0.0379411184179703 0.241371417964609 -0.00807001385980639 0.122280357189688
-0.135670004241114 0.234083826570068 0.0306118845947716 0.0771570424657458
-0.257125577412185 0.138270035383879 0.106106516278597 0.0786563494910972
-0.295001203507958 -0.0535331316466706 0.105017362660352 0.143735987760477
-0.199031447092499 -0.16456998253066 0.0784669500665926 0.229487555967077
-0.104732590963801 -0.175412223348404 0.033127030935765 0.289071256527498
0.00144278953076586 -0.0151393950116454 0.107855284253386 0.16103532161025
0.017370602618849 -0.0534302393206578 -0.00331907860001449 -0.014178660685914
-0.0318762776741622 -0.0556434460033706 -0.0642881510452639 0.0196886517170469
-0.0460143878733311 0.0170801449222175 -0.0863725497097182 0.0488269380970283
-0.0131408940328879 0.0443497828224313 -0.0759150830386071 0.118480998801454
0.00776943303122307 0.0503674742301267 -0.0499690665416489 0.194695940115784
0.0198816762349414 0.0605651302092548 -0.00588502684342239 0.272006230983665
0.0187917514481036 0.0799365051519349 0.00688798460540736 0.295619896787504
0.0103406170072246 0.104525532483157 -0.0112253771611734 0.266412965307475
-0.0116669777158301 0.126547989202118 -0.0194126172164739 0.184764188167837
-0.0713465534680023 0.130746641965062 0.00876509614178348 0.138005794853475
-0.155401566230082 0.0734890500249257 0.0576834521812126 0.129758770690519
-0.162536471949872 -0.0565005939168766 0.0707008080178245 0.164301185707797
-0.088139715214829 -0.0894848849815278 0.0747221580982639 0.252638140697214
-0.0497020620555497 -0.0628077887229767 0.0476510948032117 0.344585868485255
-0.000259661200676799 -0.0605889005167474 -0.0169738053776929 -0.339356619532277
-0.0242129592186926 -0.00554631530842279 -0.0840546425026944 -0.270503493664332
0.00642835878233854 0.0132920087929915 -0.0583654154464613 -0.156688930648572
0.0151338522145779 -0.0232084022030922 -0.0126099855359999 -0.113672834629754
-0.0263844820066175 -0.0246707023927782 0.0201441800598472 -0.110938686938648
-0.0401513515401801 0.00226226997683211 0.0562837950994596 -0.165129881860505
-0.0357435864099412 0.0210107722806714 0.0618984319496324 -0.242416627716732
-0.0224858352231569 0.0334480106411205 0.0393319186706108 -0.287554994070179
-0.0261291983155517 0.0339774631491706 0.0327842308065477 -0.258006966234436
-0.0342815529721842 0.0213744184848144 0.0492189824537579 -0.18805644602767
-0.0297836411069427 -0.0119444712596409 0.0633532444196407 -0.120791976372375
0.00585653022866188 -0.0281256722364747 0.0801003003102599 -0.0584798633653491
0.0103506802201878 0.0201760974445672 0.0734172566103627 -0.0159506249983759
-0.0364194558319071 0.00282102867204099 0.0603254270416842 -0.00304831920038954
-0.0330405579074192 -0.0697453867687469 -0.0280013485893539 -0.135455378871889
-0.0222536999958001 -0.177272910626223 0.0121633077204528 -0.292783906313926
-0.0912051012171609 -0.126721296064826 -0.0467016611598554 -0.275109469341202
-0.113748241854519 -0.074745911825794 -0.0350514610490451 -0.155267869376348
-0.124349795158946 -0.0250834761128149 0.00445059179830028 -0.123659836964506
-0.143362741379766 0.0407198757723654 0.0151851432802923 -0.111778235367898
-0.109392567922458 0.105485699305837 0.0424683782990446 -0.147490506654998
-0.065299781295293 0.133541805276933 0.049728158436919 -0.207755162748095
-0.0380919414042262 0.141592229829842 0.0292856705409457 -0.251373622437094
-0.0452195007488237 0.122576767301582 0.0161535751834895 -0.234459535999173
-0.0578655726647201 0.09335051985745 0.0300480068380007 -0.187478114595236
-0.0673169241874253 0.0382713521734538 0.0540395196449315 -0.136350702819218
-0.046363222913637 -0.0192026755178636 0.089697916223972 -0.0738277702194186
-0.0282080842019831 -0.0174036179883075 0.0807580205028983 -0.0176806910779048
-0.0531419190550627 -0.0556485082161572 0.0495423525028652 0.00268932655295952
-0.0399536184132216 -0.139407743739456 -0.0365776211831243 -0.107195228049261
-0.0351185647628058 -0.259042737731824 0.0488670360436394 -0.199589741515605
-0.128848383274665 -0.225334529830745 0.00639155569332954 -0.250445827563266
-0.202207824410907 -0.16177356919104 -0.0219805639558844 -0.153694185713037
-0.245324512104956 -0.0378127108887002 -0.0116760583571686 -0.122419019435458
-0.241384995168437 0.0929362732104089 -0.0195119314446499 -0.0847987823056225
-0.16390756337818 0.187903981082689 0.00664363400758148 -0.0926254639829359
-0.0863654343600501 0.221319403196431 0.0228044910215211 -0.13235419366266
-0.0482292268237787 0.228566759796446 0.0147336048603122 -0.175433918883857
-0.0546311888286697 0.202536586191839 0.00207702133811157 -0.185282272528952
-0.0730745617049562 0.173147449109653 0.0152019780077501 -0.177719854490166
-0.107815041084641 0.112385449611691 0.0511250703413209 -0.150996062600569
-0.122015383361784 0.0198507627532658 0.108823060408592 -0.0884046596939421
-0.110289993623408 -0.0442770488794728 0.0946515812761846 -0.00460760733913586
-0.100085105783551 -0.120095802438542 0.0368911782995833 0.0278986623213513
-0.0563161862989055 -0.204909355388352 -0.045056048720571 -0.0557851309895842
-0.0387144879529009 -0.285220667277743 0.0817580421376715 -0.0822073188681562
-0.130084712602663 -0.267493814628267 0.0568709580526449 -0.197687152850122
-0.231912839404046 -0.211372142747962 -0.0176577069507188 -0.141561095244322
-0.304447360476772 -0.0437269295107957 -0.0509391789215214 -0.107101379835941
-0.283557073535457 0.126008901423293 -0.071771206248029 -0.0359294138914531
-0.181352048111501 0.231344432729071 -0.0411679662618547 -0.0123776092025268
-0.0913799309007618 0.268324042740461 -0.00912800077856102 -0.0304952968393484
-0.0499483958096081 0.281076434356158 0.000581392106670898 -0.0725659473883945
-0.0570337973260164 0.262830665998207 -0.00480901060192686 -0.108265232687383
-0.0823300471867665 0.250397938196211 0.00649758922911541 -0.141186186862458
-0.148546803184352 0.199340586690241 0.0520849099415271 -0.14249897266924
-0.211831796101242 0.0823328095931573 0.132397785188247 -0.0867136718759764
-0.221884095885113 -0.0547828871545783 0.112045702992565 0.0235377613595117
-0.170178399405738 -0.179493387605173 0.0352468129608463 0.075810936159342
-0.0808512145738101 -0.257679634977139 -0.0440371603173391 0.0190248502221248
-0.0325316103012421 -0.252629832637469 0.101793625979456 0.0296412711105282
-0.0946353704830871 -0.242514004720672 0.0810330641985544 -0.132214344302753
-0.19539678207008 -0.205963206861342 -0.0225148844588954 -0.106890113970507
-0.278595586969742 -0.0397534322520586 -0.0878237950420429 -0.0745672923879611
-0.251698774885896 0.128182884568261 -0.116565439645752 0.0194815744036615
-0.156988999647587 0.225979440458198 -0.081268217090477 0.0714533873404516
-0.0784167622227391 0.264575682870731 -0.0357849778264188 0.0755513727713354
-0.0432815911251489 0.290699094110513 -0.0134474363264124 0.0411576789701835
-0.0516909487337771 0.29034774809925 -0.0099476465659333 -0.00833562906379316
-0.0874835832872914 0.297555575237132 0.00216103504608555 -0.0705447551460479
-0.181001833439758 0.261972903000143 0.0533322319321847 -0.0945368435438382
-0.286783570793411 0.135038721892973 0.147831423066487 -0.0528679401364807
-0.317917502700038 -0.06163928577014 0.125806332334364 0.0682407011195864
-0.225555340134238 -0.21926194891727 0.0452361909087331 0.137477892335068
-0.099918927237269 -0.282044857914103 -0.0312789699861851 0.112768661426117
-0.0194663459809123 -0.178988639930314 0.105597171436353 0.109265737091847
-0.0406114019708899 -0.175804344156503 0.0679799136082982 -0.0730719564038132
-0.119915187934221 -0.160194015522813 -0.0348462988338241 -0.0585755573704227
-0.193824381859477 -0.02560371633011 -0.102708488372487 -0.0315322116681132
-0.169941990205897 0.104536740919073 -0.128618484852043 0.0640911239088389
-0.103536710508575 0.178015791444431 -0.0977948415279344 0.133916177559698
-0.0514711173844092 0.217823007784967 -0.0479447439715028 0.16532531838358
-0.0308420637029438 0.255462101410995 -0.0233950458511717 0.149169159555092
-0.0430179153723149 0.27166245803172 -0.016793808564248 0.0996562140320331
-0.0843860262200885 0.290790643970282 -0.00423499188365207 0.0229772166332411
-0.189881184305565 0.26574267580752 0.0478216501662229 -0.0135665420993085
-0.312924122380511 0.141254351834764 0.13908697902533 0.0121746768103992
-0.344718390814731 -0.0758877762535597 0.120022915459398 0.118623644463662
-0.230779136726714 -0.225948501993067 0.0565644367918626 0.197370814564027
-0.0994655552002798 -0.261154702305138 -0.0108586661648447 0.213063732390305
-0.00375515318050118 -0.0918777473710032 0.0948308636837169 0.15066435150113
0.00336183015947175 -0.105281686431599 0.0317672608336452 -0.0329903158705207
-0.0563020017503203 -0.104424603002931 -0.0476249495524124 -0.0140801543694856
-0.105961850119954 -0.00602004586278333 -0.0952009443686512 0.00725080775319422
-0.0824658612378219 0.0700297272031704 -0.111590672437718 0.087697148551317
-0.0458785800313737 0.110545952178645 -0.0905840255982938 0.166124364102335
-0.0189598614442595 0.143300555821341 -0.0468320000696315 0.225890656059087
-0.0129173424711567 0.180426162119013 -0.0281620075384741 0.234456209931429
-0.027206925684038 0.203959393640401 -0.0291692298164374 0.195307880946456
-0.066980263692401 0.224126031061667 -0.0200680575959558 0.112920628631426
-0.159967403877194 0.206150587146051 0.0261860835149252 0.071528795711258
-0.268287121187577 0.101106812076719 0.0996815614868358 0.0829296081086058
-0.282533513500038 -0.0915006715636797 0.0907969024187685 0.156727609653304
-0.170830500878757 -0.190230495731834 0.0583360681783759 0.239605264316765
-0.0744902485645806 -0.188887701358855 0.00524788309619427 0.298305896493367
0.00887645307611467 -0.014010151469904 0.0806072781991727 0.161954923945787
0.0233937829348612 -0.0516755014125268 -0.00113878709774186 -0.00773984271648804
-0.0259768508416065 -0.0573726146645454 -0.0562260708083153 0.0114203344139503
-0.045797622980098 0.0119054722812145 -0.0834670394003166 0.0333322097756547
-0.0176770900962637 0.0392161426786902 -0.0845406347956428 0.098301660286965
0.000380225502662791 0.0441667514913579 -0.071352917551925 0.176640167708584
0.0107958070191582 0.0568979557335901 -0.0368861931720715 0.256311802104051
0.00634117958698303 0.0775932099491614 -0.0288724589758323 0.285189813905612
-0.00385254844459152 0.0988225225371116 -0.0435327399712927 0.256127774955321
-0.0268189266067762 0.116566303433549 -0.0403942576074999 0.172863751506416
-0.0835048425099822 0.114867541114526 -0.0050683654354665 0.131229890078742
-0.159546447816724 0.0514693396946697 0.0440171987368756 0.130558330782759
-0.153561561973476 -0.0779694097211747 0.0502641314452785 0.171233507083077
-0.0705922983108806 -0.103405456188402 0.0463057933189649 0.258693135083905
-0.0330252935221247 -0.0712235443419368 0.00762737436198479 0.35097850483589
-0.00428441145512068 -0.0601662702205104 -0.00738224485944587 -0.340146191693681
-0.0240670198299278 -0.00284960209571701 -0.0824401651178059 -0.268160996339975
0.00934930444452832 0.0146980227156191 -0.0524905842449291 -0.152730737317538
0.015630450353725 -0.0251108715076804 -0.00913654190711579 -0.112479543663243
-0.0280136411719562 -0.0251309859270947 0.0235882984568303 -0.107465117090115
-0.0402233363646263 0.00377548007645149 0.0611468620365613 -0.159910501994151
-0.035084149716195 0.0221304857820168 0.0683722165158852 -0.237741203793632
-0.0205807613182135 0.0341524921417543 0.0448302555068969 -0.28462469402213
-0.0238849411198718 0.0353836983398078 0.0378305424546065 -0.253480523995144
-0.0336186208644594 0.0231706736636157 0.0508559252582999 -0.182391766715424
-0.0314637949624869 -0.011219133586237 0.0622030992045678 -0.116130235461159
0.00485550986776548 -0.0302094827276997 0.076493294204286 -0.0567099326598412
0.013713965682941 0.0185056478734342 0.0707440395480755 -0.0172300634684924
-0.0357598699201439 0.00515112256274918 0.0610469219534961 -0.00871791104951244
-0.0358804959259962 -0.0675761345795889 -0.021715708923735 -0.135517501430832
-0.0209828743237283 -0.176186457736543 0.0208272128619085 -0.293767945205091
-0.0865844796411446 -0.125859068971819 -0.0468917149746959 -0.270439614531887
-0.108019056759913 -0.0763302901317851 -0.0286651502133611 -0.151232193980326
-0.122227166290015 -0.0304732655993182 0.00853918596512272 -0.12258252795727
-0.145083399470961 0.0369852337944859 0.0161932809391757 -0.108124534663074
-0.111826148487566 0.103919591867167 0.0465991077718779 -0.141744151359594
-0.0672684814296119 0.132989348370864 0.0561975946638737 -0.202911174914826
-0.039696534481008 0.140753263596602 0.0346454747806112 -0.248170126162894
-0.0449004496524171 0.122118758925538 0.0229769125342696 -0.228962751827792
-0.0581119274171994 0.0925193807774912 0.0322681323780072 -0.181464220470369
-0.0679995055996648 0.0368020059702974 0.0531007931381278 -0.131354410698221
-0.0470778087256071 -0.0224960756963746 0.0852095338746408 -0.071930731959451
-0.0251433113806471 -0.0207692928144056 0.07763041176597 -0.0181800371475844
-0.0496437651358022 -0.0539355710684186 0.0495015082191758 -0.0022220788427111
-0.0391683952405273 -0.136656264443705 -0.0303113208356579 -0.106486366373875
-0.028627337365913 -0.257508750372129 0.0542910739705548 -0.200430780450373
-0.120490419786501 -0.225486268325579 0.00315645083794781 -0.244479573573736
-0.193630556039079 -0.165932551510383 -0.0155467697229332 -0.147719423033736
-0.240868079911102 -0.0448599981845577 -0.00723269670108534 -0.122461527805105
-0.242317294069453 0.0863306657733523 -0.0186266823845633 -0.0822269032913728
-0.167539826614122 0.183083479434359 0.00875126289205449 -0.0881291260993403
-0.0914006346910862 0.218447791344076 0.0280949708496989 -0.127728287992743
-0.0512935062883931 0.225696315577994 0.0195777546736574 -0.172561384117768
-0.0572153920564456 0.200514083214501 0.00823937950519373 -0.179895484669031
-0.0760371894270928 0.170123307032443 0.0166349352603757 -0.171637349775379
-0.108933564522325 0.108662922706951 0.0510592251671419 -0.146359534324659
-0.121814206422638 0.0143364361364395 0.104588353137665 -0.0859112019255853
-0.106174544898174 -0.0486618955165932 0.0901694601199042 -0.00586265960239007
-0.0948545171333495 -0.121299369095731 0.0364150463273911 0.0240671329557442
-0.0517324687423606 -0.203398404157641 -0.0397802840822004 -0.0563339477074699
-0.0289014717045765 -0.282734084674434 0.0831363329582817 -0.0827080471114485
-0.119195315073571 -0.267787534935961 0.0513126201846254 -0.191017587273895
-0.223886202743584 -0.216749163147244 -0.0110538642180846 -0.133146710749548
-0.299814768540639 -0.0515527352132427 -0.0451912988602872 -0.107862570467237
-0.282539709786038 0.117485366624432 -0.0718651866527622 -0.0357622196911735
-0.185396917078874 0.225511699867256 -0.0405047510009316 -0.0104582974420695
-0.0973905790500091 0.263039251344446 -0.00578145352690123 -0.027812394621703
-0.0551581459715484 0.277762201418671 0.00320652507489678 -0.0705798119654761
-0.0609044996233419 0.260385224088143 -0.000974773070268501 -0.104739913232067
-0.0875238316039376 0.244979185983747 0.008046740629614 -0.135935752702844
-0.149873522734085 0.193091115007213 0.0506396772951898 -0.138728773981559
-0.210544105842924 0.0751519985272208 0.127854928278532 -0.0843818620303802
-0.218557682796746 -0.0618068493560873 0.107391046025574 0.0228531700384828
-0.162857889496674 -0.183331808326785 0.0332815696283862 0.0723101196897891
-0.0719632834211067 -0.257907158094106 -0.0409427456150621 0.0187872743177328
-0.0211938595565147 -0.24903324813537 0.100537920186442 0.02831837042569
-0.0841509753559818 -0.243253448364261 0.074030683212869 -0.124557235230821
-0.187683116889212 -0.21061902718763 -0.0156189290968109 -0.0996020706726943
-0.273759978471231 -0.0453262755757973 -0.0817841270047607 -0.0763430899553211
-0.250598797243068 0.120690382665058 -0.116041752390273 0.0171296300799372
-0.160162202938845 0.218210642475447 -0.0812982130923957 0.0703081550861851
-0.0847223982784725 0.258091172590529 -0.0352550654159023 0.0763717872419909
-0.0497484544386641 0.28645761801672 -0.0128385349322845 0.0418112208086258
-0.058043623505323 0.285861377547899 -0.00810600021330267 -0.00572308403622952
-0.091500326211367 0.291311010454477 0.00164029280591877 -0.0669001882632416
-0.183321795310743 0.254593480527082 0.0517332863960768 -0.0920977599039577
-0.285298191555389 0.126883345862764 0.142632552413059 -0.0505649726372394
-0.314374180448815 -0.0692905070527741 0.119515697568087 0.0681463753414043
-0.217553048606334 -0.225235283536005 0.0429807172802489 0.135389982316423
-0.0885701663404292 -0.283926019032641 -0.0305873391969499 0.113933088461352
-0.008558878448155 -0.176523335267699 0.0997639112188184 0.106928040323487
-0.032606205572661 -0.177278860118616 0.060952463326853 -0.0659476723458608
-0.116724231073625 -0.16437149236955 -0.0285108586219451 -0.0524456045086087
-0.190552219040153 -0.0283001231608086 -0.0966900827266263 -0.0338823897244944
-0.168144202318937 0.098352984508347 -0.128057616417007 0.0590937503452029
-0.106422420428571 0.171294545725112 -0.0991929114920578 0.130888800313087
-0.0571651359906475 0.211426549031947 -0.0498429148619578 0.162984328080759
-0.0369512734233202 0.250836332489663 -0.0243358046525984 0.147552706627022
-0.0493494210604148 0.267275339683983 -0.0175131382726236 0.100443479067995
-0.0897438011959831 0.283913621121544 -0.00713224943753474 0.024232711329647
-0.191704024794089 0.257142330171136 0.0453349375876541 -0.0128224337287548
-0.310757022271436 0.132688268186846 0.13424203583066 0.0134429203640036
-0.341644107216816 -0.0844479020159958 0.113454912120165 0.117945275579528
-0.221718638620341 -0.23392141177173 0.0525060345042885 0.195897703292403
-0.0872921651794509 -0.263211410852138 -0.0139364986117382 0.213641194484328
0.00550813569965949 -0.0910707091534813 0.0876399017577609 0.148008400684765
0.00837233831964482 -0.107256804065552 0.0259913459692903 -0.0258532758809598
-0.0564726360212401 -0.107027332448189 -0.0420087487917903 -0.010312118600629
-0.103936371995973 -0.00690497588237157 -0.0908449373768431 0.00553691837303566
-0.0800960052134705 0.0670447063891386 -0.110949058394352 0.0827158438120737
-0.0477461125247793 0.105296483278181 -0.093267676661523 0.161248791648774
-0.0239821806258974 0.137675656264739 -0.0493250534160954 0.220950751425512
-0.0194154721158433 0.17621462937991 -0.0316947605945942 0.230884026895906
-0.0336013902938764 0.19945790734956 -0.032137040178933 0.193359062956428
-0.0715562411296798 0.217633884788577 -0.0242332687678117 0.112343750215413
-0.160542755617329 0.199661502775821 0.0234904397548521 0.069907634066047
-0.26523398839056 0.0961535626252385 0.09573304756746 0.0821776043168819
-0.281284921240931 -0.0977046189298024 0.0835879005496502 0.155578018036093
-0.163218719578961 -0.198061658170978 0.0522819399294617 0.238702559111886
-0.0634523303940048 -0.19059835652864 -0.00100009689820692 0.29881089546124
0.0150257718721279 -0.0138394753473651 0.071854489072018 0.159948954490428
0.0248158462093345 -0.0543918791397385 -0.00438866114245574 -0.00145757013693376
-0.0282614186638637 -0.0580107009951508 -0.0521353967801877 0.0130277527274973
-0.0444863971029562 0.013233270114958 -0.0793805607728377 0.0325643850339503
-0.0153507810242022 0.0374202379339532 -0.0839289239811405 0.093462175741051
-0.000723421949453236 0.0409262768376204 -0.0738585738060488 0.171492388975882
0.00672242905539037 0.0530831510356017 -0.0410989399513207 0.250374474824232
0.00180662898461129 0.0748440362230505 -0.0327675340967403 0.28145860665095
-0.00798565979351435 0.0961111794669474 -0.0480680809245144 0.253067710912185
-0.0280361901278993 0.112537223397287 -0.0452670917174866 0.170223569869884
-0.082171470627652 0.111563384313813 -0.00826797788162066 0.12745188102019
-0.157759454633852 0.0501549384162158 0.0403307320007205 0.128740269859289
-0.155249882466167 -0.0814698789715341 0.0437333158678026 0.16883313803049
-0.0659830186974002 -0.109959707435207 0.0408623540866068 0.257337197667609
-0.0253138161996678 -0.0724271729135431 -0.000569800120847984 0.350250854605224
-0.00772372543256939 -0.061975144107043 0.00484526803736126 -0.353515665508097
-0.0248735193168537 8.64358519889524E-05 -0.0825038083118134 -0.275808888309685
0.0129982720569511 0.0159257285034076 -0.0479095835934677 -0.155347579761516
0.0169703807572549 -0.027669955926048 -0.00497674782634342 -0.116262016161081
-0.0302709544715022 -0.0264607274051749 0.027959326872681 -0.107317961681578
-0.042357941624767 0.00481517752026475 0.0689806869278322 -0.159552577483974
-0.0357525893569242 0.0242197934418713 0.0795697205801235 -0.241902945492329
-0.0206162261181623 0.0356936422982049 0.0530070112641364 -0.292127973171535
-0.0227684626890511 0.0366427127104658 0.0467133844089583 -0.257237117021982
-0.0348051029315063 0.0246817319794499 0.0557035553549266 -0.183904849065119
-0.0344139216414361 -0.0112063374593973 0.0651119250903418 -0.115802786672089
0.00357615945278798 -0.033038381961288 0.0755572797497497 -0.05628973856197
0.0174175463239218 0.0184986553389608 0.0706252796264303 -0.0197220753351684
-0.035791917457874 0.00805193399684916 0.0644826526454259 -0.0142586452590984
-0.0387354594293486 -0.0687145033931759 -0.0146101636052631 -0.140560807089386
-0.0190293250973865 -0.181994065246307 0.0324396598941861 -0.305855398156291
-0.0845939931866687 -0.12965415683058 -0.0479751569711387 -0.277263796105853
-0.105806137902943 -0.081506465235741 -0.0229495158612727 -0.151323803265019
-0.12420254272442 -0.0375308987341076 0.0130349415974056 -0.127129046322833
-0.151742300163982 0.0332108123470903 0.0199846881696746 -0.107811592811922
-0.11884179020321 0.105193842237227 0.0529695127552422 -0.140883219312086
-0.0731331745850945 0.136975624143594 0.0666616549364817 -0.205507937304252
-0.0435720189411909 0.144664676100395 0.0431543375682202 -0.253639524543868
-0.0470033308585967 0.125790388807781 0.0305556735010812 -0.232750113206371
-0.0625454875330891 0.0945953293195278 0.0364259510183572 -0.182406918234822
-0.0727042225787446 0.036191255251781 0.0559080836362731 -0.131648580381315
-0.0490796586723364 -0.0274870170400907 0.0843724683703992 -0.0721641727881138
-0.0220917305737262 -0.0240445211938952 0.0779089925818562 -0.0203483154882614
-0.047858776535315 -0.0549899769522015 0.0513344791341379 -0.00690580781490393
-0.0380601966805579 -0.140327825160209 -0.0245940275240943 -0.111324596225162
-0.0221499403002269 -0.265928142985205 0.0634285017163376 -0.208051831308794
-0.114651105690881 -0.234608416804672 0.0017622343146966 -0.249151125037597
-0.192355372295223 -0.176966250376911 -0.00964541883892738 -0.146816744493382
-0.245837358653218 -0.0554233003094123 -0.00169016495999766 -0.12672628285753
-0.252659569958175 0.0811342353162981 -0.0175250534290161 -0.0830664867109921
-0.178194650907751 0.184363799598334 0.0127076308806 -0.0875701576609593
-0.10050559747456 0.222775805279979 0.0357843446449489 -0.1281621674639
-0.0585010781196787 0.232048725083057 0.0268392929056086 -0.176140213148204
-0.0628594475439384 0.205717503091484 0.0152541401757954 -0.182465445752765
-0.0822822711046313 0.17264193669389 0.0208542879594782 -0.171923136130177
-0.115445522362645 0.108587574806867 0.0530787647145519 -0.147174522489997
-0.126334642836 0.00942492053553296 0.105070777337597 -0.0863626760911198
-0.106948805273946 -0.0559913758945285 0.0901856509561124 -0.00693654925987508
-0.0923301500446126 -0.126701320584648 0.0369680789919278 0.0209839735005083
-0.0477175335513384 -0.209176466885104 -0.0353648120303804 -0.059092437613495
-0.0181961758530874 -0.290545035060204 0.0893999622925479 -0.085787867901062
-0.110967841431023 -0.279312085910782 0.0489437488643939 -0.191802908190343
-0.222422881383429 -0.231516837840415 -0.00486329565186423 -0.130925139039331
-0.305906112686221 -0.0629518697815885 -0.0405117820379675 -0.112930216837969
-0.294465500341737 0.111830088130174 -0.0733452625427808 -0.0382255108281965
-0.196844933285481 0.225283269780492 -0.0404222943086231 -0.00887231335103836
-0.108693864110632 0.267276647882835 -0.00292600836239995 -0.0259643319003048
-0.0649999475524193 0.284051853205444 0.00690429443385383 -0.0718341044400292
-0.0689549044418982 0.266303838252186 0.00390133966465988 -0.105380807490612
-0.0959265621647179 0.248198208367783 0.00904935165081787 -0.135556251110781
-0.159006760010752 0.193170589089083 0.0529276406439964 -0.139332750594678
-0.218536212994345 0.0690729061284568 0.129365068022304 -0.0839099122721387
-0.222698880025331 -0.0720844326032751 0.106894415629767 0.0243572449385539
-0.160430993183267 -0.19397907930956 0.0325006180109704 0.0720552020797206
-0.0646782731433915 -0.267862998474068 -0.0389297056297171 0.0188463820067767
-0.00880284441613985 -0.256165533788842 0.102571540544708 0.0282527647630719
-0.0751382171335 -0.254498825391023 0.070476680303175 -0.121831120148312
-0.186919027540678 -0.225111474943152 -0.00942592630970768 -0.0963553839931494
-0.280016440460447 -0.0549819178458019 -0.0782015523463602 -0.0816278070083316
-0.260180530066949 0.115472382461326 -0.119261205996709 0.015015907591148
-0.1711102426109 0.218551945507583 -0.0853027639013183 0.0712715047064154
-0.0959821098620317 0.262234531297727 -0.0358760935498101 0.0790383715259126
-0.0606613024023881 0.293143807087905 -0.0126297763187564 0.0434867784177174
-0.0686752388689332 0.292860234818392 -0.00569719065878705 -0.0045106391890037
-0.102974313040844 0.294826720849267 0.001775511650613 -0.0655982059925101
-0.193255849884853 0.254801439539595 0.0520931224211546 -0.0924959882131045
-0.295573733510074 0.121045527793713 0.14379985442053 -0.0490280530983215
-0.323008658528084 -0.082418874707395 0.11868350549575 0.0712084344985615
-0.216589305652397 -0.241031425529311 0.0402777007804492 0.137769998166839
-0.0790472145558637 -0.29633007273862 -0.0319843042576134 0.118070111745748
0.00352724577499397 -0.179842685816341 0.0977350555083326 0.110043770124218
-0.0245357938902782 -0.186686296294856 0.056629998306397 -0.0599871394975017
-0.115718599692824 -0.175252584472269 -0.0228831109801236 -0.0491132351689667
-0.194453089698495 -0.0347001333985269 -0.094573618236764 -0.0377699006171319
-0.173479492324104 0.095290639874931 -0.132869839742271 0.0564453513179948
-0.114440945723456 0.170548124136291 -0.104702170461806 0.131960211213076
-0.0670393163426521 0.213866264872744 -0.0535911955260818 0.167193221883378
-0.0475701714771512 0.2555624751294 -0.0272009053340525 0.151648440442078
-0.0600432371794606 0.272619610719846 -0.0197726762393375 0.103465057904526
-0.100474264515594 0.286575256669398 -0.010168341468289 0.0269304260999455
-0.202263667797237 0.257744208947079 0.044287771459495 -0.0120157545118471
-0.320798352929967 0.127633066300515 0.134429027344602 0.0162518227871089
-0.352133175097391 -0.0974126214561846 0.110523051271497 0.124191692150847
-0.220563398542413 -0.25179653717864 0.0486190584715577 0.200997038331985
-0.0769964277291559 -0.275782775087785 -0.0178468301265036 0.221803865804405
0.0155155587245545 -0.0929996378847441 0.0816776563968952 0.152303652601751
0.0140847528114513 -0.113669650492454 0.0223011390957109 -0.0192022505665774
-0.0577233783044882 -0.113290665303504 -0.0386277655208561 -0.00856693768299375
-0.10517876722782 -0.0082469098655542 -0.0896645751841626 0.00287046609200661
-0.0820729907232407 0.0657817068021042 -0.11569966394783 0.0803525304111037
-0.0521137850645054 0.104195484052604 -0.0988528487679097 0.162365826069648
-0.0309457199465903 0.138083625856458 -0.0570926272673792 0.225068787554702
-0.0266589021304014 0.179310268031504 -0.0376234274561486 0.236525931146568
-0.0428090911473464 0.203507864104962 -0.0370275785180021 0.199186394054803
-0.0799642877963706 0.219198601967086 -0.0298395719468222 0.115465262058102
-0.168461104679482 0.199107359094857 0.0195973444985175 0.0708862529025192
-0.274611735490901 0.0911576216703394 0.0944116857223272 0.0851310678004513
-0.290774636401544 -0.11002614414378 0.0789834789295499 0.161930774014211
-0.159893073933642 -0.213666966389541 0.0480982031137592 0.246447215322042
-0.0531075168442137 -0.199830588289091 -0.00880631143437736 0.309932636502183
0.0217883046313739 -0.0146646989908343 0.0647741936703113 0.164711288674901
0.0271617220699022 -0.058914049028836 -0.00767786552964409 0.00402022829576301
-0.0312138936167084 -0.0608813458992709 -0.0494942045807329 0.0153320036389898
-0.0444211405517208 0.0140819042736262 -0.0796057236704024 0.0313057290849602
-0.0142573213879104 0.0364527029293493 -0.0867931216805223 0.0914999207488025
-0.00162047182397416 0.039356904914038 -0.0798089113429317 0.171330486082731
0.00303065269314487 0.0511660080634415 -0.0485133344575573 0.253673577331882
-0.00309774499227205 0.0743574478864215 -0.0410493981600057 0.287166700836869
-0.0134620843195643 0.096785749702983 -0.0564512346503971 0.25890261942767
-0.031791127792849 0.11212076065685 -0.0536452446026393 0.174289984054444
-0.0856622344698722 0.11063264576968 -0.0129048746499484 0.128825755444455
-0.163041119882032 0.0489367227195039 0.0379698569592519 0.131977638448431
-0.161325400161335 -0.0889034246782658 0.0368474238569596 0.17274317476165
-0.0632252099927252 -0.120170338003347 0.0352802549303944 0.264659021206975
-0.0176659766204188 -0.0767463447982428 -0.0111718021528994 0.361820591254059
