TRXV5
3
4
4
9
string Extension=J
integer IsArchMeasurement=1
integer IsSpherical=1
string Generator=SPM
string GeneratorVersion=1.3.1 Dev
double ArchRadius=0.449999988079071
integer FrequencyAxisIndex=0
integer AzimuthAxisIndex=1
integer ElevationAxisIndex=2
Frequency
5 136 690000000 960000000 LIN
Azimuth
7 8 0 2.74889357189107 LIN
Elevation
7 15 -2.74889357189107 2.74889357189107 LIN
Polar H Real Part
13
Polar H Imaginary Part
14
Polar V Real Part
13
Polar V Imaginary Part
14
Polar H Magnitude (dB)
12 0xC0000002 0 1
Polar H Phase
7 0xC0000003 0 1
Polar V Magnitude (dB)
12 0xC0000002 2 3
Polar V Phase
7 0xC0000003 2 3
-0.00177001953125 0.0495223999023438 0.39404296875 0.6561279296875
0.0864410400390625 0.14166259765625 0.050537109375 0.28753662109375
0.179061889648437 0.0017242431640625 -0.20001220703125 0.324493408203125
0.0840911865234375 -0.13836669921875 -0.13140869140625 0.47906494140625
-0.0412521362304688 -0.119735717773437 0.00845336914062499 0.40185546875
-0.102920532226563 -0.0570068359375 -0.00289916992187498 0.35870361328125
-0.095611572265625 0.037841796875 -0.0543212890625 0.415863037109375
-0.0758819580078125 0.0343017578125 -0.103179931640625 0.4639892578125
-0.0873870849609375 0.0213241577148437 -0.204345703125 0.478424072265625
-0.117416381835937 -0.0128707885742187 -0.333953857421875 0.385589599609375
-0.0881118774414063 -0.07403564453125 -0.341644287109375 0.215576171875
0.00574493408203124 -0.133316040039063 -0.301544189453125 -0.00585937499999999
0.145751953125 -0.0126495361328125 -0.08837890625 -0.201095581054688
0.0723724365234375 0.14111328125 0.238616943359375 -0.08843994140625
-0.030792236328125 0.113800048828125 0.339019775390625 0.043731689453125
-0.177398681640625 -0.175613403320313 0.3426513671875 0.6302490234375
-0.148452758789063 -0.0633697509765625 -0.000640869140624989 0.236175537109375
-0.0598526000976562 -0.0944747924804688 -0.24566650390625 0.339935302734375
-0.131301879882812 -0.15362548828125 -0.14215087890625 0.52545166015625
-0.219879150390625 -0.078369140625 0.044403076171875 0.426025390625
-0.2589111328125 0.0693359375 0.046539306640625 0.352569580078125
-0.1961669921875 0.19439697265625 -0.00857543945312498 0.35675048828125
-0.16900634765625 0.179595947265625 -0.0595703125 0.39227294921875
-0.177566528320313 0.17889404296875 -0.1566162109375 0.419281005859375
-0.22442626953125 0.128570556640625 -0.279022216796875 0.365631103515625
-0.226974487304687 0.0146942138671875 -0.292144775390625 0.2235107421875
-0.17645263671875 -0.092529296875 -0.28717041015625 0.034210205078125
-0.039093017578125 -0.095947265625 -0.102005004882813 -0.165206909179687
-0.0683441162109375 -0.0315208435058594 0.20440673828125 -0.102462768554688
-0.156768798828125 -0.0682830810546875 0.305450439453125 0.01812744140625
-0.3057861328125 -0.38671875 0.23388671875 0.552215576171875
-0.349945068359375 -0.280303955078125 -0.076995849609375 0.186172485351562
-0.295745849609375 -0.19927978515625 -0.25030517578125 0.366302490234375
-0.34844970703125 -0.153594970703125 -0.0888671875000001 0.556182861328125
-0.380340576171875 -0.019195556640625 0.132476806640625 0.411895751953125
-0.37872314453125 0.19061279296875 0.13751220703125 0.292999267578125
-0.265533447265625 0.321685791015625 0.062408447265625 0.23272705078125
-0.237945556640625 0.294677734375 -0.00813293457031254 0.263214111328125
-0.24322509765625 0.309844970703125 -0.112762451171875 0.308990478515625
-0.304107666015625 0.2557373046875 -0.2274169921875 0.300445556640625
-0.337615966796875 0.106689453125 -0.255294799804688 0.19061279296875
-0.337188720703125 -0.02862548828125 -0.272048950195312 0.0325469970703125
-0.232315063476563 -0.142959594726562 -0.10089111328125 -0.160354614257813
-0.228866577148438 -0.178268432617188 0.160018920898438 -0.140228271484375
-0.2783203125 -0.241790771484375 0.241119384765625 -0.0561676025390625
-0.3668212890625 -0.540252685546875 0.08355712890625 0.4383544921875
-0.4825439453125 -0.450958251953125 -0.170562744140625 0.144424438476563
-0.4808349609375 -0.27166748046875 -0.21368408203125 0.398956298828125
-0.516632080078125 -0.121795654296875 0.0244750976562499 0.547821044921875
-0.483551025390625 0.0596923828125001 0.254638671875 0.3465576171875
-0.43218994140625 0.291229248046875 0.249893188476563 0.176971435546875
-0.286773681640625 0.3997802734375 0.143585205078125 0.064788818359375
-0.271575927734375 0.362091064453125 0.043975830078125 0.094482421875
-0.2789306640625 0.394805908203125 -0.0713043212890625 0.159622192382813
-0.35076904296875 0.34844970703125 -0.180633544921875 0.190078735351563
-0.416412353515625 0.188201904296875 -0.22528076171875 0.110809326171875
-0.464263916015625 0.0444030761718751 -0.253036499023438 -0.01416015625
-0.412353515625 -0.16064453125 -0.085906982421875 -0.186752319335938
-0.3861083984375 -0.2938232421875 0.104156494140625 -0.192398071289063
-0.378082275390625 -0.3890380859375 0.143768310546875 -0.168991088867188
-0.3619384765625 -0.61370849609375 -0.07720947265625 0.304229736328125
-0.533447265625 -0.538818359375 -0.259002685546875 0.116470336914062
-0.56903076171875 -0.28363037109375 -0.140655517578125 0.41064453125
-0.58465576171875 -0.057373046875 0.165252685546875 0.483062744140625
-0.49200439453125 0.137176513671875 0.37335205078125 0.227264404296875
-0.4000244140625 0.3505859375 0.351837158203125 0.01641845703125
-0.257965087890625 0.416015625 0.210906982421875 -0.12518310546875
-0.26446533203125 0.3758544921875 0.08819580078125 -0.0894393920898437
-0.27642822265625 0.420135498046875 -0.030599594116211 -0.00921630859374998
-0.35638427734375 0.388214111328125 -0.132125854492188 0.04583740234375
-0.44659423828125 0.235748291015625 -0.192962646484375 -0.00994873046875002
-0.532745361328125 0.103515625 -0.216964721679688 -0.100265502929687
-0.54010009765625 -0.161163330078125 -0.0536041259765625 -0.230575561523438
-0.50115966796875 -0.372802734375 0.0319671630859375 -0.244247436523438
-0.42987060546875 -0.49273681640625 0.014617919921875 -0.312530517578125
-0.29888916015625 -0.59368896484375 -0.216049194335938 0.177825927734375
-0.500030517578125 -0.5255126953125 -0.317230224609375 0.099456787109375
-0.546356201171875 -0.232086181640625 -0.057464599609375 0.390411376953125
-0.52728271484375 0.01776123046875 0.2884521484375 0.370849609375
-0.401702880859375 0.184967041015625 0.451416015625 0.080718994140625
-0.291412353515625 0.342559814453125 0.4124755859375 -0.155364990234375
-0.184356689453125 0.36395263671875 0.251251220703125 -0.3040771484375
-0.214691162109375 0.330291748046875 0.117828369140625 -0.259689331054688
-0.235565185546875 0.37713623046875 0.00738525390624997 -0.174835205078125
-0.31268310546875 0.357177734375 -0.0776443481445312 -0.109779357910156
-0.41217041015625 0.23541259765625 -0.147705078125 -0.150009155273437
-0.525787353515625 0.12896728515625 -0.152923583984375 -0.210220336914063
-0.58245849609375 -0.16058349609375 0.00424194335937494 -0.27886962890625
-0.533538818359375 -0.413909912109375 -0.0367431640625 -0.289886474609375
-0.407989501953125 -0.5390625 -0.120941162109375 -0.466064453125
-0.201202392578125 -0.492401123046875 -0.315704345703125 0.07952880859375
-0.410552978515625 -0.429290771484375 -0.33441162109375 0.093353271484375
-0.436309814453125 -0.1373291015625 0.0227355957031249 0.338226318359375
-0.375885009765625 0.0814208984375 0.36419677734375 0.234100341796875
-0.244049072265625 0.187744140625 0.47021484375 -0.0574951171875
-0.142135620117188 0.270675659179688 0.4246826171875 -0.29791259765625
-0.088409423828125 0.251266479492188 0.25494384765625 -0.4405517578125
-0.133651733398437 0.235122680664063 0.12506103515625 -0.392486572265625
-0.1522216796875 0.274261474609375 0.036407470703125 -0.310760498046875
-0.21221923828125 0.275131225585938 -0.023406982421875 -0.24737548828125
-0.30780029296875 0.20025634765625 -0.09173583984375 -0.279586791992188
-0.435272216796875 0.129150390625 -0.064453125 -0.31634521484375
-0.525054931640625 -0.147918701171875 0.085845947265625 -0.316314697265625
-0.467498779296875 -0.408294677734375 -0.0830078125 -0.323699951171875
-0.307403564453125 -0.5146484375 -0.2369384765625 -0.609619140625
-0.084564208984375 -0.331329345703125 -0.36639404296875 0.0210571289062501
-0.283538818359375 -0.27337646484375 -0.31341552734375 0.09686279296875
-0.272903442382813 -0.0286712646484375 0.0848846435546875 0.269943237304688
-0.182266235351562 0.120269775390625 0.387664794921875 0.10736083984375
-0.070526123046875 0.1505126953125 0.437957763671875 -0.158416748046875
0.00958251953125 0.151046752929688 0.39056396484375 -0.390838623046875
0.010406494140625 0.0999832153320312 0.23101806640625 -0.516998291015625
-0.0318984985351563 0.101982116699219 0.110504150390625 -0.467529296875
-0.0369796752929688 0.130653381347656 0.048065185546875 -0.394195556640625
-0.06561279296875 0.161819458007813 0.014404296875 -0.342559814453125
-0.147811889648438 0.156585693359375 -0.043212890625 -0.375
-0.278884887695313 0.124786376953125 0.0284423828125 -0.398162841796875
-0.38775634765625 -0.109588623046875 0.173736572265625 -0.333526611328125
-0.315277099609375 -0.33367919921875 -0.101104736328125 -0.339813232421875
-0.147125244140625 -0.405364990234375 -0.30670166015625 -0.72027587890625
-0.00231552124023437 0.0496101379394531 0.45501708984375 0.6295166015625
0.0998153686523437 0.13897705078125 0.083526611328125 0.288818359375
0.180496215820313 -0.0129852294921875 -0.16778564453125 0.3426513671875
0.0706024169921875 -0.144912719726563 -0.0884399414062499 0.4871826171875
-0.0511245727539063 -0.114303588867187 0.03839111328125 0.398345947265625
-0.10858154296875 -0.0460433959960938 0.020111083984375 0.358245849609375
-0.0917816162109375 0.0486984252929687 -0.020416259765625 0.423187255859375
-0.0732650756835938 0.042724609375 -0.062103271484375 0.4775390625
-0.0874557495117188 0.0320587158203125 -0.16021728515625 0.5029296875
-0.120071411132813 -0.000564575195312483 -0.298675537109375 0.421478271484375
-0.0943679809570313 -0.0639801025390625 -0.3240966796875 0.248443603515625
-0.00852966308593749 -0.133132934570313 -0.301727294921875 0.0240478515625001
0.143890380859375 -0.026458740234375 -0.103561401367187 -0.186874389648438
0.0875167846679688 0.138015747070312 0.23565673828125 -0.10205078125
-0.0227279663085938 0.119766235351563 0.34490966796875 0.02032470703125
-0.198989868164063 -0.165603637695313 0.4005126953125 0.60791015625
-0.153900146484375 -0.0507354736328125 0.0266876220703125 0.242630004882813
-0.06756591796875 -0.0925216674804688 -0.21282958984375 0.359100341796875
-0.148941040039063 -0.144027709960938 -0.0940551757812501 0.536163330078125
-0.228057861328125 -0.0577545166015625 0.078277587890625 0.4208984375
-0.252914428710938 0.0929718017578125 0.071807861328125 0.3480224609375
-0.1790771484375 0.215652465820313 0.01904296875 0.35845947265625
-0.154739379882812 0.1988525390625 -0.024627685546875 0.400360107421875
-0.1630859375 0.200973510742187 -0.118865966796875 0.437469482421875
-0.21417236328125 0.153427124023438 -0.244659423828125 0.395904541015625
-0.227645874023438 0.03717041015625 -0.272598266601563 0.252609252929687
-0.188674926757813 -0.076446533203125 -0.28192138671875 0.06396484375
-0.0487899780273438 -0.0956039428710938 -0.112396240234375 -0.150344848632813
-0.0698394775390625 -0.0259628295898438 0.200912475585938 -0.114242553710937
-0.166030883789063 -0.0551910400390625 0.30865478515625 -0.0029296875
-0.345245361328125 -0.368927001953125 0.28179931640625 0.5394287109375
-0.375457763671875 -0.253021240234375 -0.055694580078125 0.195831298828125
-0.313232421875 -0.179473876953125 -0.21588134765625 0.3837890625
-0.36865234375 -0.125335693359375 -0.040435791015625 0.5595703125
-0.38580322265625 0.01519775390625 0.16473388671875 0.399749755859375
-0.36419677734375 0.22540283203125 0.16107177734375 0.28131103515625
-0.23736572265625 0.349761962890625 0.0800323486328125 0.229415893554688
-0.214080810546875 0.321929931640625 0.0153350830078125 0.264785766601562
-0.217315673828125 0.339691162109375 -0.08380126953125 0.322235107421875
-0.282501220703125 0.28900146484375 -0.198455810546875 0.325897216796875
-0.332977294921875 0.140777587890625 -0.235885620117188 0.21807861328125
-0.345977783203125 0.00338745117187494 -0.267547607421875 0.062042236328125
-0.247955322265625 -0.1270751953125 -0.109481811523438 -0.147918701171875
-0.242935180664063 -0.163864135742187 0.152557373046875 -0.147857666015625
-0.3028564453125 -0.22247314453125 0.2362060546875 -0.071533203125
-0.420989990234375 -0.520294189453125 0.120147705078125 0.433746337890625
-0.52557373046875 -0.416473388671875 -0.1568603515625 0.161453247070312
-0.5062255859375 -0.23846435546875 -0.177520751953125 0.410400390625
-0.536376953125 -0.0798339843750001 0.0715637207031249 0.541473388671875
-0.484710693359375 0.10205078125 0.2838134765625 0.325164794921875
-0.408233642578125 0.3310546875 0.26666259765625 0.154617309570313
-0.253265380859375 0.4310302734375 0.145660400390625 0.0514984130859375
-0.243499755859375 0.3953857421875 0.0522994995117187 0.08905029296875
-0.24639892578125 0.429412841796875 -0.055023193359375 0.167556762695313
-0.322296142578125 0.3873291015625 -0.159942626953125 0.210479736328125
-0.406829833984375 0.2279052734375 -0.211898803710938 0.134811401367188
-0.46722412109375 0.089691162109375 -0.252288818359375 0.0137176513671875
-0.4287109375 -0.1292724609375 -0.0973052978515625 -0.177047729492188
-0.41357421875 -0.26763916015625 0.08953857421875 -0.197052001953125
-0.41851806640625 -0.364593505859375 0.127349853515625 -0.177886962890625
-0.42041015625 -0.59429931640625 -0.0528564453125001 0.31103515625
-0.58319091796875 -0.49822998046875 -0.250823974609375 0.137298583984375
-0.5972900390625 -0.2415771484375 -0.10650634765625 0.4156494140625
-0.60040283203125 -0.00878906249999993 0.20654296875 0.46429443359375
-0.48504638671875 0.180694580078125 0.394805908203125 0.193389892578125
-0.368927001953125 0.385711669921875 0.356170654296875 -0.016571044921875
-0.2213134765625 0.4415283203125 0.19854736328125 -0.146331787109375
-0.23541259765625 0.407958984375 0.0802383422851562 -0.100730895996094
-0.242034912109375 0.454559326171875 -0.0291175842285156 -0.00821304321289059
-0.3267822265625 0.4261474609375 -0.122871398925781 0.0608673095703125
-0.43426513671875 0.27838134765625 -0.190139770507813 0.011749267578125
-0.534210205078125 0.153350830078125 -0.223846435546875 -0.0763397216796875
-0.557586669921875 -0.119964599609375 -0.0696868896484376 -0.226272583007813
-0.534149169921875 -0.33905029296875 0.010223388671875 -0.245269775390625
-0.479522705078125 -0.4661865234375 -0.015380859375 -0.3123779296875
-0.35565185546875 -0.57867431640625 -0.203079223632813 0.194549560546875
-0.55029296875 -0.4876708984375 -0.314361572265625 0.124755859375
-0.5699462890625 -0.19244384765625 -0.0279541015625 0.38775634765625
-0.532958984375 0.06195068359375 0.31787109375 0.33929443359375
-0.38848876953125 0.220062255859375 0.461212158203125 0.039398193359375
-0.260894775390625 0.3673095703125 0.40447998046875 -0.194610595703125
-0.153472900390625 0.380706787109375 0.223968505859375 -0.32928466796875
-0.188690185546875 0.355133056640625 0.0937042236328124 -0.2750244140625
-0.2052001953125 0.404876708984375 -0.0065460205078125 -0.179611206054688
-0.2840576171875 0.39080810546875 -0.0808563232421875 -0.101455688476562
-0.3990478515625 0.273345947265625 -0.156906127929688 -0.13323974609375
-0.523284912109375 0.178009033203125 -0.171920776367188 -0.1929931640625
-0.5986328125 -0.1158447265625 -0.01788330078125 -0.282073974609375
-0.57080078125 -0.37908935546875 -0.0641174316406251 -0.287689208984375
-0.46343994140625 -0.516815185546875 -0.16644287109375 -0.45770263671875
-0.247161865234375 -0.48309326171875 -0.310943603515625 0.101165771484375
-0.45245361328125 -0.395965576171875 -0.33465576171875 0.11785888671875
-0.4512939453125 -0.104400634765625 0.0457763671875 0.32958984375
-0.372314453125 0.114410400390625 0.3822021484375 0.195770263671875
-0.229324340820312 0.209335327148438 0.46746826171875 -0.101959228515625
-0.117584228515625 0.279342651367188 0.4013671875 -0.341796875
-0.066680908203125 0.259033203125 0.213958740234375 -0.4676513671875
-0.115234375 0.251434326171875 0.0899963378906249 -0.410125732421875
-0.131591796875 0.292205810546875 0.010223388671875 -0.319854736328125
-0.1910400390625 0.296051025390625 -0.0397186279296875 -0.245254516601562
-0.295745849609375 0.22857666015625 -0.1121826171875 -0.267974853515625
-0.430389404296875 0.16949462890625 -0.09332275390625 -0.307525634765625
-0.540252685546875 -0.106842041015625 0.057769775390625 -0.329132080078125
-0.506103515625 -0.377197265625 -0.116119384765625 -0.318267822265625
-0.358856201171875 -0.497528076171875 -0.29443359375 -0.59185791015625
-0.116302490234375 -0.329315185546875 -0.369049072265625 0.045318603515625
-0.309722900390625 -0.25164794921875 -0.313140869140625 0.1187744140625
-0.276168823242188 -0.00877380371093756 0.101577758789062 0.256195068359375
-0.173309326171875 0.1361083984375 0.394012451171875 0.067474365234375
-0.056976318359375 0.154510498046875 0.42547607421875 -0.2001953125
0.0234222412109375 0.144607543945313 0.357513427734375 -0.432769775390625
0.0194931030273438 0.0967483520507813 0.18359375 -0.542694091796875
-0.0247650146484375 0.106643676757813 0.068634033203125 -0.484893798828125
-0.029052734375 0.135215759277344 0.01531982421875 -0.40576171875
-0.0523681640625 0.16754150390625 -0.00939941406249997 -0.344940185546875
-0.136123657226563 0.169036865234375 -0.07171630859375 -0.36767578125
-0.271621704101562 0.150039672851563 -0.00808715820312502 -0.39947509765625
-0.39776611328125 -0.0802917480468749 0.14276123046875 -0.354248046875
-0.3455810546875 -0.311798095703125 -0.13568115234375 -0.3350830078125
-0.185577392578125 -0.399749755859375 -0.3739013671875 -0.7005615234375
-0.00402450561523437 0.0491256713867188 0.49267578125 0.57958984375
0.110336303710938 0.130378723144531 0.112380981445312 0.275863647460938
0.175857543945313 -0.026214599609375 -0.131866455078125 0.34271240234375
0.056182861328125 -0.143875122070313 -0.044830322265625 0.474945068359375
-0.0570526123046875 -0.105049133300781 0.064178466796875 0.3804931640625
-0.10791015625 -0.0349273681640625 0.040557861328125 0.34564208984375
-0.0831756591796875 0.0568389892578125 0.00988769531249997 0.413360595703125
-0.0675849914550781 0.0490074157714844 -0.02166748046875 0.468170166015625
-0.0817718505859375 0.0408935546875 -0.111785888671875 0.503692626953125
-0.116386413574219 0.0113372802734375 -0.254547119140625 0.436187744140625
-0.095245361328125 -0.0525894165039062 -0.293487548828125 0.2685546875
-0.0205001831054688 -0.126800537109375 -0.288909912109375 0.050750732421875
0.136070251464844 -0.03656005859375 -0.111480712890625 -0.165390014648438
0.098297119140625 0.1292724609375 0.22576904296875 -0.111312866210938
-0.0140533447265625 0.120620727539062 0.337646484375 -0.00189208984374999
-0.212356567382813 -0.148590087890625 0.43597412109375 0.56597900390625
-0.15185546875 -0.037139892578125 0.0518798828125 0.23675537109375
-0.07232666015625 -0.0882110595703125 -0.175323486328125 0.3603515625
-0.158401489257813 -0.126846313476563 -0.048919677734375 0.521453857421875
-0.225418090820313 -0.0375518798828125 0.1051025390625 0.399932861328125
-0.238632202148438 0.110626220703125 0.093170166015625 0.332611083984375
-0.155792236328125 0.22601318359375 0.042633056640625 0.348968505859375
-0.1337890625 0.209152221679688 0.00799560546875003 0.391876220703125
-0.14111328125 0.212966918945313 -0.0780334472656251 0.4359130859375
-0.196029663085938 0.169647216796875 -0.20123291015625 0.406982421875
-0.217575073242188 0.0566864013671875 -0.24169921875 0.26995849609375
-0.192214965820313 -0.0564117431640625 -0.264877319335938 0.0887451171875
-0.056640625 -0.0897598266601562 -0.115890502929688 -0.13177490234375
-0.0674324035644531 -0.0214118957519531 0.1905517578125 -0.120040893554688
-0.1669921875 -0.0415496826171875 0.299072265625 -0.0201416015625
-0.368438720703125 -0.3377685546875 0.314361572265625 0.50738525390625
-0.382080078125 -0.2181396484375 -0.032806396484375 0.197662353515625
-0.31939697265625 -0.158447265625 -0.17822265625 0.38372802734375
-0.37310791015625 -0.094329833984375 0.00198364257812502 0.540679931640625
-0.374603271484375 0.045440673828125 0.190948486328125 0.37335205078125
-0.335601806640625 0.24493408203125 0.1759033203125 0.258773803710938
-0.2039794921875 0.35968017578125 0.0921630859375 0.217041015625
-0.183074951171875 0.3343505859375 0.0354766845703125 0.254013061523437
-0.18310546875 0.353363037109375 -0.053253173828125 0.320281982421875
-0.251373291015625 0.308380126953125 -0.161041259765625 0.33502197265625
-0.31427001953125 0.165374755859375 -0.207504272460938 0.23260498046875
-0.33929443359375 0.03424072265625 -0.249267578125 0.0859527587890625
-0.250839233398438 -0.106460571289063 -0.112258911132813 -0.130691528320313
-0.24822998046875 -0.145370483398438 0.140838623046875 -0.149810791015625
-0.315155029296875 -0.1956787109375 0.222824096679687 -0.0822601318359375
-0.455169677734375 -0.479400634765625 0.148712158203125 0.41448974609375
-0.541046142578125 -0.3658447265625 -0.136032104492188 0.169464111328125
-0.51153564453125 -0.20159912109375 -0.1405029296875 0.40570068359375
-0.533477783203125 -0.037567138671875 0.107696533203125 0.5140380859375
-0.464508056640625 0.137481689453125 0.300048828125 0.291595458984375
-0.36993408203125 0.350830078125 0.271133422851563 0.12725830078125
-0.211639404296875 0.438140869140625 0.142181396484375 0.03912353515625
-0.2056884765625 0.406890869140625 0.0565414428710937 0.0804519653320313
-0.20465087890625 0.442535400390625 -0.03955078125 0.16656494140625
-0.28253173828125 0.406524658203125 -0.133026123046875 0.2191162109375
-0.379364013671875 0.2569580078125 -0.190597534179687 0.1513671875
-0.452423095703125 0.12640380859375 -0.239212036132813 0.037872314453125
-0.426910400390625 -0.096893310546875 -0.102630615234375 -0.163284301757813
-0.4207763671875 -0.234405517578125 0.0747833251953125 -0.19390869140625
-0.4378662109375 -0.325103759765625 0.108001708984375 -0.17694091796875
-0.460418701171875 -0.549560546875 -0.028564453125 0.30560302734375
-0.6046142578125 -0.44122314453125 -0.232925415039063 0.153121948242188
-0.60009765625 -0.19873046875 -0.076141357421875 0.4051513671875
-0.588623046875 0.0366821289062501 0.230621337890625 0.42938232421875
-0.45928955078125 0.2144775390625 0.3984375 0.15484619140625
-0.328857421875 0.40020751953125 0.346954345703125 -0.047882080078125
-0.179962158203125 0.447052001953125 0.177017211914063 -0.15753173828125
-0.195037841796875 0.4193115234375 0.068450927734375 -0.10614013671875
-0.198211669921875 0.466339111328125 -0.0281486511230469 -0.00754737854003903
-0.282928466796875 0.44317626953125 -0.10845947265625 0.0704345703125
-0.403411865234375 0.306793212890625 -0.177841186523438 0.0286254882812501
-0.510223388671875 0.19390869140625 -0.219635009765625 -0.0505523681640624
-0.55157470703125 -0.079071044921875 -0.0812530517578125 -0.213897705078125
-0.5460205078125 -0.29583740234375 -0.00852966308593754 -0.23541259765625
-0.507476806640625 -0.4212646484375 -0.041778564453125 -0.29827880859375
-0.39300537109375 -0.5399169921875 -0.184478759765625 0.200271606445312
-0.57305908203125 -0.43304443359375 -0.2984619140625 0.143157958984375
-0.5693359375 -0.1495361328125 -0.00347900390625003 0.37249755859375
-0.51593017578125 0.101654052734375 0.328277587890625 0.298858642578125
-0.361785888671875 0.242523193359375 0.4505615234375 -0.000488281249999985
-0.225616455078125 0.37139892578125 0.37835693359375 -0.224884033203125
-0.1192626953125 0.380889892578125 0.18658447265625 -0.3385009765625
-0.155303955078125 0.3656005859375 0.0666961669921875 -0.276596069335938
-0.16729736328125 0.414947509765625 -0.02032470703125 -0.176849365234375
-0.246551513671875 0.40423583984375 -0.0814285278320313 -0.0914154052734375
-0.369873046875 0.30059814453125 -0.15716552734375 -0.1131591796875
-0.498626708984375 0.2161865234375 -0.179672241210938 -0.167724609375
-0.5899658203125 -0.07208251953125 -0.038299560546875 -0.273147583007813
-0.5860595703125 -0.3319091796875 -0.0872344970703126 -0.271224975585938
-0.49359130859375 -0.471527099609375 -0.20013427734375 -0.4288330078125
-0.2811279296875 -0.45428466796875 -0.295928955078125 0.11700439453125
-0.470458984375 -0.350677490234375 -0.32049560546875 0.13885498046875
-0.446502685546875 -0.072418212890625 0.062164306640625 0.310882568359375
-0.3553466796875 0.140472412109375 0.37786865234375 0.154754638671875
-0.207183837890625 0.219696044921875 0.44464111328125 -0.139373779296875
-0.094085693359375 0.274566650390625 0.362457275390625 -0.367950439453125
-0.044342041015625 0.254196166992187 0.1683349609375 -0.4725341796875
-0.092376708984375 0.255691528320313 0.0523681640625 -0.406158447265625
-0.10601806640625 0.297515869140625 -0.014984130859375 -0.313873291015625
-0.163482666015625 0.302337646484375 -0.050323486328125 -0.235305786132813
-0.272048950195313 0.244964599609375 -0.124908447265625 -0.247604370117188
-0.407928466796875 0.199249267578125 -0.11474609375 -0.2862548828125
-0.5328369140625 -0.0682678222656251 0.029449462890625 -0.32598876953125
-0.521392822265625 -0.335113525390625 -0.14202880859375 -0.29931640625
-0.391632080078125 -0.460479736328125 -0.3358154296875 -0.553070068359375
-0.1396484375 -0.313995361328125 -0.356353759765625 0.065673828125
-0.321136474609375 -0.220977783203125 -0.30096435546875 0.136871337890625
-0.269332885742188 0.00949096679687497 0.110809326171875 0.235595703125
-0.158035278320313 0.14471435546875 0.378814697265625 0.028900146484375
-0.0445556640625 0.153060913085938 0.394378662109375 -0.23150634765625
0.0318756103515625 0.132736206054688 0.31463623046875 -0.4532470703125
0.025787353515625 0.0888519287109375 0.131134033203125 -0.54266357421875
-0.0167694091796875 0.105712890625 0.02789306640625 -0.47674560546875
-0.0197296142578125 0.134956359863281 -0.017822265625 -0.39703369140625
-0.0394134521484375 0.165435791015625 -0.03094482421875 -0.3341064453125
-0.120437622070312 0.173904418945313 -0.093994140625 -0.348541259765625
-0.25323486328125 0.166885375976563 -0.040130615234375 -0.3822021484375
-0.390960693359375 -0.0513000488281249 0.107452392578125 -0.35784912109375
-0.360870361328125 -0.281036376953125 -0.163055419921875 -0.314971923828125
-0.21490478515625 -0.377532958984375 -0.420166015625 -0.65283203125
-0.00601577758789062 0.0489997863769531 0.501068115234375 0.534393310546875
0.114364624023438 0.121376037597656 0.129592895507812 0.258346557617188
0.16876220703125 -0.034515380859375 -0.1053466796875 0.330352783203125
0.046630859375 -0.138679504394531 -0.0209350585937499 0.45086669921875
-0.0567245483398438 -0.0968399047851562 0.07464599609375 0.35980224609375
-0.102928161621094 -0.0281219482421875 0.04937744140625 0.3309326171875
-0.0749740600585938 0.0597610473632812 0.025665283203125 0.397491455078125
-0.0606155395507812 0.0514907836914063 0.00225830078125003 0.448486328125
-0.0753555297851563 0.0459442138671875 -0.079071044921875 0.487945556640625
-0.109664916992188 0.0193862915039063 -0.21746826171875 0.43243408203125
-0.092254638671875 -0.0449142456054688 -0.265548706054688 0.273330688476562
-0.0270538330078125 -0.1177978515625 -0.26971435546875 0.0661621093749999
0.127586364746094 -0.0399551391601563 -0.10870361328125 -0.147567749023438
0.103157043457031 0.120193481445313 0.214950561523438 -0.1112060546875
-0.00827789306640624 0.118034362792969 0.32269287109375 -0.0113525390625
-0.214859008789063 -0.132705688476563 0.44451904296875 0.5233154296875
-0.144760131835938 -0.028045654296875 0.0691986083984375 0.22442626953125
-0.0717315673828125 -0.085205078125 -0.14874267578125 0.3499755859375
-0.160079956054687 -0.113555908203125 -0.023529052734375 0.496734619140625
-0.217498779296875 -0.0265350341796875 0.1182861328125 0.376556396484375
-0.222793579101563 0.116073608398438 0.09954833984375 0.3138427734375
-0.136489868164063 0.224746704101563 0.05584716796875 0.3341064453125
-0.116668701171875 0.208755493164063 0.0257568359375 0.3731689453125
-0.122711181640625 0.214187622070313 -0.050384521484375 0.42230224609375
-0.178192138671875 0.174484252929687 -0.169586181640625 0.4010009765625
-0.20562744140625 0.065765380859375 -0.214981079101563 0.270706176757812
-0.188247680664063 -0.0416412353515625 -0.245010375976563 0.100753784179688
-0.0579757690429687 -0.0846176147460938 -0.110076904296875 -0.1177978515625
-0.0638427734375 -0.0187873840332031 0.181381225585937 -0.120315551757813
-0.163497924804688 -0.031341552734375 0.28515625 -0.02752685546875
-0.373870849609375 -0.308929443359375 0.323638916015625 0.473114013671875
-0.375732421875 -0.193572998046875 -0.0169830322265625 0.19134521484375
-0.311859130859375 -0.141876220703125 -0.151947021484375 0.371429443359375
-0.36517333984375 -0.074188232421875 0.02618408203125 0.51300048828125
-0.358001708984375 0.06048583984375 0.1988525390625 0.3465576171875
-0.309906005859375 0.24981689453125 0.178680419921875 0.239501953125
-0.176788330078125 0.35455322265625 0.095458984375 0.205001831054688
-0.157958984375 0.332672119140625 0.04388427734375 0.241012573242187
-0.15545654296875 0.352264404296875 -0.0340576171875 0.309051513671875
-0.22454833984375 0.310089111328125 -0.131591796875 0.3287353515625
-0.2933349609375 0.17633056640625 -0.1834716796875 0.232986450195313
-0.325042724609375 0.0531921386718749 -0.229217529296875 0.0985260009765625
-0.245437622070313 -0.09283447265625 -0.106338500976563 -0.118408203125
-0.243087768554688 -0.13134765625 0.13134765625 -0.146209716796875
-0.312896728515625 -0.173980712890625 0.208602905273437 -0.0831451416015625
-0.462005615234375 -0.441192626953125 0.160186767578125 0.391937255859375
-0.53399658203125 -0.3275146484375 -0.119400024414063 0.168960571289062
-0.49951171875 -0.177764892578125 -0.1180419921875 0.39141845703125
-0.5179443359375 -0.010772705078125 0.1234130859375 0.48333740234375
-0.44012451171875 0.151519775390625 0.3004150390625 0.263153076171875
-0.339599609375 0.352020263671875 0.265090942382813 0.107269287109375
-0.182830810546875 0.430328369140625 0.135505676269531 0.0320663452148438
-0.177337646484375 0.405029296875 0.0556640625 0.07275390625
-0.172027587890625 0.439971923828125 -0.0290374755859375 0.160980224609375
-0.24951171875 0.40667724609375 -0.110580444335938 0.21734619140625
-0.3533935546875 0.2669677734375 -0.17034912109375 0.154861450195313
-0.42999267578125 0.146209716796875 -0.221633911132813 0.052978515625
-0.415313720703125 -0.0767211914062499 -0.101089477539063 -0.150115966796875
-0.414794921875 -0.211517333984375 0.0641937255859375 -0.184844970703125
-0.436737060546875 -0.295013427734375 0.093231201171875 -0.16943359375
-0.4698486328125 -0.5074462890625 -0.0145263671875 0.29376220703125
-0.5997314453125 -0.396728515625 -0.214813232421875 0.156768798828125
-0.58538818359375 -0.170654296875 -0.057342529296875 0.385345458984375
-0.56683349609375 0.0634765624999999 0.234771728515625 0.39581298828125
-0.43267822265625 0.225067138671875 0.387481689453125 0.12725830078125
-0.298919677734375 0.39599609375 0.33013916015625 -0.064910888671875
-0.152923583984375 0.436553955078125 0.159500122070313 -0.159149169921875
-0.1673583984375 0.41473388671875 0.05706787109375 -0.106651306152344
-0.1671142578125 0.46038818359375 -0.0278587341308594 -0.00737953186035154
-0.250640869140625 0.44171142578125 -0.0944976806640625 0.0729598999023438
-0.37542724609375 0.31573486328125 -0.1630859375 0.0379791259765625
-0.483734130859375 0.2139892578125 -0.207672119140625 -0.032867431640625
-0.5330810546875 -0.0565795898437499 -0.0849151611328126 -0.200973510742188
-0.538330078125 -0.266754150390625 -0.019256591796875 -0.221633911132813
-0.50885009765625 -0.385223388671875 -0.056304931640625 -0.278915405273438
-0.40478515625 -0.50177001953125 -0.168594360351563 0.198898315429687
-0.56884765625 -0.3887939453125 -0.280364990234375 0.149566650390625
-0.55340576171875 -0.124420166015625 0.007537841796875 0.351837158203125
-0.4931640625 0.121002197265625 0.3212890625 0.26666259765625
-0.336334228515625 0.24871826171875 0.429229736328125 -0.025543212890625
-0.200347900390625 0.362823486328125 0.352569580078125 -0.23846435546875
-0.096649169921875 0.368743896484375 0.16009521484375 -0.33209228515625
-0.13299560546875 0.35980224609375 0.048309326171875 -0.269973754882813
-0.14080810546875 0.408233642578125 -0.02874755859375 -0.169952392578125
-0.216522216796875 0.401580810546875 -0.076080322265625 -0.0844039916992187
-0.343414306640625 0.305938720703125 -0.15020751953125 -0.099273681640625
-0.469451904296875 0.232177734375 -0.176544189453125 -0.146408081054687
-0.56878662109375 -0.0488281250000001 -0.0490570068359375 -0.260238647460938
-0.5775146484375 -0.29949951171875 -0.0978240966796876 -0.252838134765625
-0.49737548828125 -0.433563232421875 -0.2152099609375 -0.3978271484375
-0.294036865234375 -0.42474365234375 -0.279022216796875 0.121795654296875
-0.4683837890625 -0.315399169921875 -0.303466796875 0.1461181640625
-0.430755615234375 -0.0535278320312501 0.06695556640625 0.2900390625
-0.335113525390625 0.15020751953125 0.360137939453125 0.12628173828125
-0.189178466796875 0.218994140625 0.41558837890625 -0.157745361328125
-0.0795440673828125 0.2633056640625 0.33001708984375 -0.37347412109375
-0.0328369140625 0.242767333984375 0.1358642578125 -0.46142578125
-0.077850341796875 0.250747680664063 0.030029296875 -0.39202880859375
-0.08795166015625 0.292816162109375 -0.0296630859375 -0.301910400390625
-0.143402099609375 0.298736572265625 -0.0554351806640625 -0.22332763671875
-0.251846313476562 0.248031616210938 -0.126007080078125 -0.228866577148437
-0.382843017578125 0.210052490234375 -0.122161865234375 -0.263351440429688
-0.511962890625 -0.0470275878906249 0.01055908203125 -0.314788818359375
-0.516754150390625 -0.3026123046875 -0.154571533203125 -0.278228759765625
-0.39874267578125 -0.426055908203125 -0.35003662109375 -0.51080322265625
-0.15020751953125 -0.295562744140625 -0.337982177734375 0.07440185546875
-0.319091796875 -0.195892333984375 -0.286224365234375 0.14404296875
-0.257705688476563 0.0181121826171875 0.109359741210937 0.21722412109375
-0.144927978515625 0.14532470703125 0.355010986328125 0.00628662109375001
-0.0357818603515625 0.147781372070313 0.361846923828125 -0.243927001953125
0.0338287353515625 0.120964050292969 0.277740478515625 -0.45306396484375
0.0262832641601563 0.0811080932617187 0.097381591796875 -0.5257568359375
-0.0130996704101563 0.102592468261719 0.00271606445312497 -0.45721435546875
-0.0147247314453125 0.130996704101563 -0.03509521484375 -0.380950927734375
-0.030517578125 0.159469604492187 -0.040740966796875 -0.318634033203125
-0.109085083007813 0.170913696289063 -0.1014404296875 -0.3262939453125
-0.235626220703125 0.171112060546875 -0.05810546875 -0.35931396484375
-0.375 -0.0358886718750001 0.082275390625 -0.349334716796875
-0.359619140625 -0.257720947265625 -0.176361083984375 -0.292633056640625
-0.22686767578125 -0.35260009765625 -0.43463134765625 -0.60479736328125
-0.00960922241210938 0.0498008728027344 0.49505615234375 0.51324462890625
0.115234375 0.1165771484375 0.136474609375 0.2481689453125
0.164199829101563 -0.036346435546875 -0.094940185546875 0.3193359375
0.0426254272460937 -0.132713317871094 -0.01287841796875 0.434539794921875
-0.0545501708984375 -0.09332275390625 0.076507568359375 0.34552001953125
-0.0994110107421875 -0.0260467529296875 0.0494384765625 0.321746826171875
-0.0686187744140625 0.06011962890625 0.029296875 0.38787841796875
-0.0562095642089844 0.0530891418457031 0.01025390625 0.43603515625
-0.0709609985351563 0.0485076904296875 -0.06365966796875 0.47509765625
-0.104644775390625 0.0225372314453125 -0.200103759765625 0.42340087890625
-0.0887298583984375 -0.0402145385742188 -0.251449584960938 0.271697998046875
-0.02850341796875 -0.11102294921875 -0.255996704101563 0.07135009765625
0.123908996582031 -0.039947509765625 -0.101715087890625 -0.136329650878906
0.1053466796875 0.116554260253906 0.211959838867187 -0.10626220703125
-0.00662994384765624 0.116493225097656 0.313079833984375 -0.01153564453125
-0.214401245117187 -0.125335693359375 0.4385986328125 0.504302978515625
-0.138618469238281 -0.026885986328125 0.0762939453125 0.216903686523438
-0.0711593627929687 -0.0857925415039063 -0.136505126953125 0.339630126953125
-0.159835815429688 -0.10736083984375 -0.0157470703125 0.478607177734375
-0.211380004882813 -0.0226287841796875 0.117950439453125 0.36041259765625
-0.214553833007813 0.114822387695313 0.098724365234375 0.303558349609375
-0.127731323242188 0.22027587890625 0.0560302734375 0.325714111328125
-0.108016967773438 0.207504272460938 0.030120849609375 0.361572265625
-0.11370849609375 0.212966918945313 -0.038482666015625 0.411285400390625
-0.167877197265625 0.175323486328125 -0.15399169921875 0.393524169921875
-0.19781494140625 0.0690155029296875 -0.200698852539063 0.2684326171875
-0.18304443359375 -0.0350799560546875 -0.2301025390625 0.104476928710938
-0.0575408935546875 -0.08197021484375 -0.102981567382813 -0.108383178710937
-0.0599327087402344 -0.0189247131347656 0.178268432617188 -0.114028930664063
-0.160476684570313 -0.0282440185546875 0.275527954101563 -0.0244903564453125
-0.37286376953125 -0.294464111328125 0.32098388671875 0.45721435546875
-0.365753173828125 -0.18475341796875 -0.00866699218750002 0.186065673828125
-0.306060791015625 -0.142303466796875 -0.141387939453125 0.35992431640625
-0.36053466796875 -0.065673828125 0.03143310546875 0.49365234375
-0.349822998046875 0.06231689453125 0.197235107421875 0.330841064453125
-0.298797607421875 0.245513916015625 0.175521850585938 0.2271728515625
-0.166595458984375 0.34808349609375 0.093231201171875 0.200424194335938
-0.145599365234375 0.327667236328125 0.043853759765625 0.23345947265625
-0.14166259765625 0.3480224609375 -0.0272216796875 0.30035400390625
-0.21075439453125 0.30828857421875 -0.1180419921875 0.321929931640625
-0.282073974609375 0.178192138671875 -0.169784545898438 0.229660034179688
-0.31591796875 0.0594482421875 -0.214431762695313 0.102005004882812
-0.24017333984375 -0.088836669921875 -0.09991455078125 -0.112075805664063
-0.237472534179688 -0.127532958984375 0.128211975097656 -0.139511108398438
-0.308380126953125 -0.166351318359375 0.199356079101562 -0.0767822265625
-0.45928955078125 -0.422515869140625 0.1602783203125 0.3798828125
-0.523284912109375 -0.312774658203125 -0.109100341796875 0.165191650390625
-0.488739013671875 -0.17388916015625 -0.10870361328125 0.37799072265625
-0.50762939453125 -0.00286865234375008 0.12249755859375 0.46417236328125
-0.42864990234375 0.152801513671875 0.29583740234375 0.24761962890625
-0.326324462890625 0.34381103515625 0.259841918945313 0.096588134765625
-0.17138671875 0.42022705078125 0.128715515136719 0.0301895141601563
-0.165435791015625 0.399322509765625 0.0521316528320312 0.0700035095214844
-0.1561279296875 0.431915283203125 -0.0245513916015625 0.1556396484375
-0.233856201171875 0.4022216796875 -0.0988311767578125 0.211471557617188
-0.339874267578125 0.268035888671875 -0.15740966796875 0.153778076171875
-0.41650390625 0.153045654296875 -0.207733154296875 0.058197021484375
-0.4033203125 -0.0729370117187499 -0.0961303710937501 -0.144058227539062
-0.406768798828125 -0.205780029296875 0.0608978271484375 -0.17584228515625
-0.43292236328125 -0.282562255859375 0.0858306884765625 -0.159164428710938
-0.46673583984375 -0.48736572265625 -0.01123046875 0.28546142578125
-0.58892822265625 -0.377685546875 -0.204879760742188 0.153518676757812
-0.57373046875 -0.16552734375 -0.05255126953125 0.371368408203125
-0.5528564453125 0.070220947265625 0.227508544921875 0.379302978515625
-0.419830322265625 0.223846435546875 0.37774658203125 0.116180419921875
-0.286041259765625 0.387237548828125 0.321075439453125 -0.07220458984375
-0.14239501953125 0.42425537109375 0.148849487304688 -0.1558837890625
-0.1568603515625 0.4085693359375 0.0510482788085938 -0.104866027832031
-0.15362548828125 0.453155517578125 -0.0281734466552734 -0.00726509094238278
-0.233917236328125 0.43609619140625 -0.085235595703125 0.071014404296875
-0.361846923828125 0.3157958984375 -0.152603149414063 0.041015625
-0.46917724609375 0.217864990234375 -0.196548461914063 -0.02490234375
-0.51837158203125 -0.0519409179687499 -0.08380126953125 -0.1947021484375
-0.528900146484375 -0.256072998046875 -0.0227508544921875 -0.210418701171875
-0.50341796875 -0.369110107421875 -0.0613250732421875 -0.264663696289062
-0.403106689453125 -0.48101806640625 -0.162322998046875 0.194625854492187
-0.55889892578125 -0.3709716796875 -0.27093505859375 0.148773193359375
-0.54217529296875 -0.12060546875 0.00900268554687498 0.337677001953125
-0.480072021484375 0.124847412109375 0.3074951171875 0.25201416015625
-0.32427978515625 0.24700927734375 0.413818359375 -0.033447265625
-0.191314697265625 0.352813720703125 0.3385009765625 -0.239898681640625
-0.0909423828125 0.357666015625 0.147552490234375 -0.325897216796875
-0.123504638671875 0.35504150390625 0.039306640625 -0.262313842773438
-0.128875732421875 0.40228271484375 -0.03216552734375 -0.164642333984375
-0.204315185546875 0.3948974609375 -0.0702285766601563 -0.0816421508789062
-0.33306884765625 0.303802490234375 -0.142669677734375 -0.0927886962890625
-0.45611572265625 0.235198974609375 -0.169754028320313 -0.135009765625
-0.553985595703125 -0.04443359375 -0.0520782470703126 -0.25311279296875
-0.5679931640625 -0.29010009765625 -0.101806640625 -0.240951538085938
-0.49322509765625 -0.416229248046875 -0.217376708984375 -0.378509521484375
-0.2921142578125 -0.409271240234375 -0.271163940429688 0.119125366210937
-0.46026611328125 -0.2987060546875 -0.293914794921875 0.14520263671875
-0.421112060546875 -0.051910400390625 0.0632934570312499 0.27825927734375
-0.32489013671875 0.150543212890625 0.343536376953125 0.11602783203125
-0.181884765625 0.214447021484375 0.396697998046875 -0.16143798828125
-0.07647705078125 0.2532958984375 0.31317138671875 -0.37225341796875
-0.0316925048828125 0.23419189453125 0.12164306640625 -0.4505615234375
-0.0728912353515625 0.246383666992188 0.019622802734375 -0.38153076171875
-0.081634521484375 0.287567138671875 -0.03546142578125 -0.292755126953125
-0.13580322265625 0.292449951171875 -0.0526275634765625 -0.216598510742187
-0.243865966796875 0.246353149414063 -0.120773315429688 -0.2186279296875
-0.37078857421875 0.21026611328125 -0.119857788085938 -0.248672485351562
-0.49774169921875 -0.044525146484375 0.00250244140624996 -0.3067626953125
-0.507659912109375 -0.2928466796875 -0.158096313476563 -0.2650146484375
-0.397552490234375 -0.410552978515625 -0.348876953125 -0.48828125
-0.15106201171875 -0.2855224609375 -0.327789306640625 0.072845458984375
-0.315216064453125 -0.184814453125 -0.277862548828125 0.142562866210938
-0.25146484375 0.0177459716796875 0.103500366210937 0.207672119140625
-0.138580322265625 0.142303466796875 0.33624267578125 -0.000640869140624991
-0.032257080078125 0.14324951171875 0.342498779296875 -0.24334716796875
0.031097412109375 0.114036560058594 0.257598876953125 -0.447113037109375
0.0233612060546875 0.0764389038085938 0.083526611328125 -0.512603759765625
-0.0131683349609375 0.1005859375 -0.00625610351562499 -0.441864013671875
-0.0136489868164062 0.128128051757813 -0.04119873046875 -0.3690185546875
-0.0290679931640625 0.154098510742188 -0.0404052734375 -0.30908203125
-0.104843139648437 0.16766357421875 -0.099884033203125 -0.31207275390625
-0.22723388671875 0.169540405273438 -0.06146240234375 -0.343170166015625
-0.36468505859375 -0.032257080078125 0.070953369140625 -0.341400146484375
-0.3525390625 -0.24920654296875 -0.18115234375 -0.279220581054688
-0.227081298828125 -0.340606689453125 -0.4317626953125 -0.58038330078125
-0.0132560729980469 0.0529708862304688 0.49639892578125 0.511566162109375
0.118476867675781 0.116302490234375 0.143966674804687 0.246368408203125
0.164276123046875 -0.0380706787109375 -0.089874267578125 0.31744384765625
0.0428314208984375 -0.131095886230469 -0.010223388671875 0.428863525390625
-0.0532989501953125 -0.0943450927734375 0.076385498046875 0.34222412109375
-0.0987930297851563 -0.027099609375 0.046875 0.3223876953125
-0.06634521484375 0.0602378845214844 0.0303955078125 0.38970947265625
-0.0530014038085937 0.0553627014160156 0.013580322265625 0.437042236328125
-0.0681419372558594 0.0505905151367188 -0.05609130859375 0.474090576171875
-0.102882385253906 0.0243377685546875 -0.192169189453125 0.42596435546875
-0.0874862670898438 -0.0388946533203125 -0.246795654296875 0.274505615234375
-0.0283966064453125 -0.109092712402344 -0.251327514648437 0.0747528076171875
0.125373840332031 -0.0391006469726562 -0.0965805053710938 -0.132171630859375
0.110191345214844 0.116676330566406 0.215606689453125 -0.102645874023437
-0.00598907470703125 0.118515014648438 0.313934326171875 -0.00637817382812499
-0.218414306640625 -0.122665405273437 0.440399169921875 0.504974365234375
-0.138137817382813 -0.0283966064453125 0.08258056640625 0.216720581054688
-0.0725784301757813 -0.089996337890625 -0.1317138671875 0.3388671875
-0.16143798828125 -0.104995727539063 -0.01318359375 0.475555419921875
-0.212234497070313 -0.0226287841796875 0.119720458984375 0.355377197265625
-0.21612548828125 0.114044189453125 0.098724365234375 0.303192138671875
-0.126266479492188 0.22296142578125 0.05584716796875 0.3275146484375
-0.104705810546875 0.210525512695313 0.032440185546875 0.3621826171875
-0.10906982421875 0.2156982421875 -0.034912109375 0.410888671875
-0.165206909179688 0.178421020507813 -0.1444091796875 0.3934326171875
-0.1968994140625 0.0718994140625 -0.19561767578125 0.270156860351562
-0.18402099609375 -0.030517578125 -0.224212646484375 0.108474731445312
-0.0567703247070313 -0.0822677612304688 -0.0982666015625 -0.107254028320313
-0.0573348999023437 -0.0206222534179688 0.18182373046875 -0.110687255859375
-0.16119384765625 -0.0270538330078125 0.276657104492188 -0.020050048828125
-0.3765869140625 -0.2923583984375 0.32098388671875 0.45831298828125
-0.366302490234375 -0.18603515625 -0.00318908691406252 0.187164306640625
-0.307830810546875 -0.147613525390625 -0.136993408203125 0.358673095703125
-0.363250732421875 -0.0647583007812499 0.032958984375 0.49102783203125
-0.35076904296875 0.0643310546875 0.19830322265625 0.326416015625
-0.301300048828125 0.2447509765625 0.177108764648437 0.224945068359375
-0.164947509765625 0.34869384765625 0.09246826171875 0.202621459960938
-0.14404296875 0.333160400390625 0.0443878173828125 0.232528686523438
-0.136077880859375 0.351409912109375 -0.02337646484375 0.30029296875
-0.2064208984375 0.312347412109375 -0.112060546875 0.320892333984375
-0.28265380859375 0.182769775390625 -0.163558959960938 0.230926513671875
-0.31768798828125 0.0636291503906249 -0.207275390625 0.105911254882813
-0.240737915039063 -0.091766357421875 -0.0962677001953125 -0.111160278320313
-0.238128662109375 -0.131103515625 0.130722045898437 -0.136711120605469
-0.312042236328125 -0.165313720703125 0.19793701171875 -0.0714263916015625
-0.46343994140625 -0.42242431640625 0.160003662109375 0.381439208984375
-0.525665283203125 -0.313446044921875 -0.106689453125 0.1651611328125
-0.493133544921875 -0.1798095703125 -0.10760498046875 0.3753662109375
-0.51104736328125 -0.000366210937499946 0.1214599609375 0.462310791015625
-0.430755615234375 0.154388427734375 0.2957763671875 0.24462890625
-0.329559326171875 0.344482421875 0.259613037109375 0.0919952392578125
-0.171234130859375 0.422271728515625 0.125885009765625 0.0317459106445313
-0.163330078125 0.404571533203125 0.0495719909667969 0.0682945251464844
-0.15032958984375 0.43756103515625 -0.02386474609375 0.155776977539063
-0.230133056640625 0.406402587890625 -0.092803955078125 0.210922241210938
-0.34228515625 0.273040771484375 -0.152374267578125 0.15509033203125
-0.418701171875 0.1573486328125 -0.200836181640625 0.0616455078125
-0.405364990234375 -0.07550048828125 -0.0932159423828126 -0.143966674804688
-0.409759521484375 -0.208953857421875 0.0608673095703125 -0.172103881835938
-0.434906005859375 -0.282257080078125 0.0831146240234375 -0.153640747070313
-0.469482421875 -0.485504150390625 -0.0118408203125 0.28619384765625
-0.5908203125 -0.37738037109375 -0.203598022460938 0.153762817382812
-0.57672119140625 -0.1693115234375 -0.05328369140625 0.368804931640625
-0.556304931640625 0.071807861328125 0.224822998046875 0.377532958984375
-0.421295166015625 0.226348876953125 0.377288818359375 0.110931396484375
-0.288116455078125 0.38616943359375 0.3192138671875 -0.078460693359375
-0.143035888671875 0.42510986328125 0.145614624023438 -0.156036376953125
-0.154754638671875 0.41351318359375 0.0467758178710938 -0.105552673339844
-0.14837646484375 0.4569091796875 -0.028594970703125 -0.00672531127929685
-0.23126220703125 0.439666748046875 -0.0794677734375 0.069915771484375
-0.3629150390625 0.321319580078125 -0.147613525390625 0.0421295166015625
-0.471099853515625 0.222686767578125 -0.19134521484375 -0.0201568603515625
-0.520599365234375 -0.0559997558593751 -0.08343505859375 -0.19482421875
-0.5330810546875 -0.261474609375 -0.0242919921875 -0.205886840820313
-0.507232666015625 -0.36968994140625 -0.0651092529296875 -0.2579345703125
-0.40557861328125 -0.480712890625 -0.162948608398438 0.193984985351562
-0.560760498046875 -0.367950439453125 -0.270401000976563 0.14825439453125
-0.54547119140625 -0.124603271484375 0.00772094726562499 0.335052490234375
-0.481597900390625 0.12835693359375 0.302825927734375 0.25067138671875
-0.32635498046875 0.24835205078125 0.41009521484375 -0.037933349609375
-0.19390869140625 0.352447509765625 0.334625244140625 -0.24652099609375
-0.092071533203125 0.357391357421875 0.1417236328125 -0.32611083984375
-0.123046875 0.358917236328125 0.0347900390625 -0.262802124023438
-0.1260986328125 0.405426025390625 -0.0340576171875 -0.164642333984375
-0.201934814453125 0.397857666015625 -0.0671768188476563 -0.0821151733398437
-0.33428955078125 0.308197021484375 -0.137443542480469 -0.0904617309570312
-0.4576416015625 0.237945556640625 -0.165908813476563 -0.129608154296875
-0.555755615234375 -0.049102783203125 -0.05450439453125 -0.254364013671875
-0.572998046875 -0.29278564453125 -0.105743408203125 -0.236465454101563
-0.499176025390625 -0.415771484375 -0.220977783203125 -0.372222900390625
-0.295318603515625 -0.408172607421875 -0.270065307617188 0.1180419921875
-0.46240234375 -0.296173095703125 -0.294921875 0.14422607421875
-0.42376708984375 -0.0544433593749999 0.0600738525390625 0.276199340820313
-0.32623291015625 0.15240478515625 0.335235595703125 0.114532470703125
-0.181915283203125 0.215682983398438 0.39215087890625 -0.1654052734375
-0.0793304443359375 0.251495361328125 0.307342529296875 -0.37872314453125
-0.0339813232421875 0.23321533203125 0.116546630859375 -0.450775146484375
-0.07366943359375 0.248641967773438 0.015625 -0.38006591796875
-0.08062744140625 0.290313720703125 -0.0372314453125 -0.292022705078125
-0.1341552734375 0.293792724609375 -0.0504913330078125 -0.2177734375
-0.24603271484375 0.247970581054688 -0.116943359375 -0.216537475585937
-0.3726806640625 0.21234130859375 -0.117843627929688 -0.243804931640625
-0.50030517578125 -0.0480346679687501 -0.00198364257812504 -0.3074951171875
-0.511749267578125 -0.2965087890625 -0.162887573242187 -0.261322021484375
-0.401702880859375 -0.410858154296875 -0.35504150390625 -0.483245849609375
-0.153228759765625 -0.285797119140625 -0.327117919921875 0.068511962890625
-0.316375732421875 -0.180084228515625 -0.27880859375 0.141952514648438
-0.253570556640625 0.015289306640625 0.0990142822265625 0.205764770507813
-0.137939453125 0.140960693359375 0.327850341796875 -0.00418090820312499
-0.0325927734375 0.143020629882813 0.33599853515625 -0.246734619140625
0.0279006958007812 0.112098693847656 0.25201416015625 -0.452423095703125
0.01959228515625 0.0743560791015625 0.078033447265625 -0.51336669921875
-0.0142288208007813 0.101036071777344 -0.00988769531249999 -0.440704345703125
-0.0142974853515625 0.129867553710938 -0.041168212890625 -0.367431640625
-0.028961181640625 0.153610229492188 -0.0389404296875 -0.309356689453125
-0.106002807617188 0.167816162109375 -0.097564697265625 -0.309600830078125
-0.227554321289063 0.170211791992188 -0.0614624023437501 -0.338409423828125
-0.365203857421875 -0.035736083984375 0.0653076171875 -0.34283447265625
-0.355987548828125 -0.249176025390625 -0.187301635742188 -0.277313232421875
-0.23077392578125 -0.33978271484375 -0.435546875 -0.5758056640625
-0.0164451599121094 0.0583877563476562 0.519439697265625 0.516998291015625
0.123908996582031 0.116294860839844 0.157806396484375 0.248809814453125
0.168548583984375 -0.0429534912109375 -0.082061767578125 0.32415771484375
0.0424270629882812 -0.133247375488281 -0.00204467773437502 0.43505859375
-0.055023193359375 -0.096649169921875 0.0826416015625 0.345947265625
-0.103492736816406 -0.0271377563476562 0.0509033203125 0.330902099609375
-0.0650558471679688 0.0642166137695313 0.0379638671875 0.40264892578125
-0.05029296875 0.0586433410644531 0.024322509765625 0.4471435546875
-0.0668182373046875 0.0553359985351563 -0.046478271484375 0.48638916015625
-0.103569030761719 0.0284194946289062 -0.182952880859375 0.439849853515625
-0.089141845703125 -0.03857421875 -0.243927001953125 0.28814697265625
-0.0300979614257812 -0.110153198242188 -0.251358032226563 0.084259033203125
0.129829406738281 -0.0432586669921875 -0.0956192016601562 -0.131568908691406
0.119430541992188 0.117225646972656 0.224258422851563 -0.1053466796875
-0.00463104248046874 0.123458862304688 0.323394775390625 -0.00732421874999999
-0.230789184570313 -0.120590209960938 0.45977783203125 0.513702392578125
-0.141571044921875 -0.028045654296875 0.094024658203125 0.220260620117188
-0.0758590698242188 -0.0950469970703125 -0.125152587890625 0.34619140625
-0.167999267578125 -0.104415893554688 -0.00592041015624997 0.484100341796875
-0.220733642578125 -0.020904541015625 0.12689208984375 0.359466552734375
-0.222991943359375 0.120437622070312 0.104583740234375 0.30792236328125
-0.125259399414063 0.232086181640625 0.061492919921875 0.339508056640625
-0.10015869140625 0.221481323242188 0.040252685546875 0.37139892578125
-0.104629516601562 0.2269287109375 -0.025726318359375 0.420166015625
-0.164031982421875 0.188552856445312 -0.136077880859375 0.405609130859375
-0.200393676757813 0.07940673828125 -0.190826416015625 0.282562255859375
-0.188934326171875 -0.0262908935546875 -0.22259521484375 0.117523193359375
-0.0590362548828125 -0.0857925415039063 -0.0970916748046875 -0.10675048828125
-0.0562744140625 -0.0214881896972656 0.18902587890625 -0.113265991210938
-0.166122436523437 -0.023956298828125 0.282501220703125 -0.019134521484375
-0.394683837890625 -0.293701171875 0.33612060546875 0.469390869140625
-0.379974365234375 -0.187347412109375 0.0047607421875 0.19097900390625
-0.3221435546875 -0.152435302734375 -0.130462646484375 0.367095947265625
-0.376190185546875 -0.05938720703125 0.039886474609375 0.499664306640625
-0.362548828125 0.0708618164062501 0.2098388671875 0.3275146484375
-0.308197021484375 0.256103515625 0.184707641601563 0.22454833984375
-0.164794921875 0.363372802734375 0.0977935791015625 0.207931518554688
-0.138763427734375 0.3486328125 0.0488128662109375 0.238037109375
-0.1292724609375 0.3663330078125 -0.017974853515625 0.307403564453125
-0.2039794921875 0.32763671875 -0.103424072265625 0.32843017578125
-0.286285400390625 0.1953125 -0.159210205078125 0.240524291992188
-0.32470703125 0.0734558105468751 -0.205169677734375 0.113571166992188
-0.249557495117188 -0.0935516357421875 -0.0962982177734375 -0.112289428710937
-0.24627685546875 -0.13409423828125 0.13397216796875 -0.137435913085938
-0.322662353515625 -0.16412353515625 0.200912475585937 -0.0708770751953125
-0.482177734375 -0.42498779296875 0.16888427734375 0.391571044921875
-0.54644775390625 -0.316497802734375 -0.10345458984375 0.172317504882812
-0.513702392578125 -0.184295654296875 -0.10235595703125 0.382293701171875
-0.52880859375 0.00765991210937495 0.12957763671875 0.471282958984375
-0.443695068359375 0.16632080078125 0.3076171875 0.241058349609375
-0.337249755859375 0.360504150390625 0.267715454101563 0.08514404296875
-0.17108154296875 0.4376220703125 0.129364013671875 0.031005859375
-0.157745361328125 0.42218017578125 0.0498046875 0.0698890686035157
-0.144744873046875 0.4547119140625 -0.0213165283203125 0.160415649414063
-0.22772216796875 0.424591064453125 -0.086669921875 0.2156982421875
-0.3470458984375 0.290313720703125 -0.147903442382813 0.161849975585938
-0.4298095703125 0.1715087890625 -0.198867797851563 0.0701141357421875
-0.42059326171875 -0.075927734375 -0.0959625244140625 -0.145904541015625
-0.42620849609375 -0.212158203125 0.06109619140625 -0.173110961914063
-0.4534912109375 -0.28424072265625 0.0816650390625 -0.152511596679688
-0.490386962890625 -0.49114990234375 -0.00909423828125005 0.295440673828125
-0.6138916015625 -0.3779296875 -0.205245971679688 0.160659790039062
-0.600830078125 -0.1737060546875 -0.0480041503906251 0.375762939453125
-0.57427978515625 0.08453369140625 0.23211669921875 0.383056640625
-0.433013916015625 0.2406005859375 0.386871337890625 0.10430908203125
-0.293701171875 0.401214599609375 0.32489013671875 -0.091339111328125
-0.142578125 0.441192626953125 0.14459228515625 -0.162994384765625
-0.151336669921875 0.43182373046875 0.0428009033203125 -0.109199523925781
-0.14190673828125 0.47491455078125 -0.0303707122802735 -0.00642204284667965
-0.228240966796875 0.458099365234375 -0.0771865844726563 0.0708541870117188
-0.3707275390625 0.34033203125 -0.14532470703125 0.046356201171875
-0.482086181640625 0.23809814453125 -0.190994262695313 -0.0142669677734375
-0.53900146484375 -0.053558349609375 -0.088348388671875 -0.198074340820313
-0.555694580078125 -0.26434326171875 -0.0291290283203126 -0.206161499023438
-0.5289306640625 -0.371673583984375 -0.0738677978515625 -0.257781982421875
-0.424530029296875 -0.488983154296875 -0.164459228515625 0.201187133789062
-0.5836181640625 -0.3680419921875 -0.275588989257813 0.155715942382813
-0.56524658203125 -0.12322998046875 0.0101318359375 0.341278076171875
-0.49462890625 0.141204833984375 0.308837890625 0.253662109375
-0.333038330078125 0.26190185546875 0.418609619140625 -0.047454833984375
-0.19708251953125 0.36407470703125 0.33782958984375 -0.264862060546875
-0.092315673828125 0.37042236328125 0.137451171875 -0.3377685546875
-0.120880126953125 0.373046875 0.02825927734375 -0.2694091796875
-0.121826171875 0.421417236328125 -0.0384063720703125 -0.1671142578125
-0.200225830078125 0.41351318359375 -0.0668716430664063 -0.0855636596679687
-0.340362548828125 0.324920654296875 -0.138603210449219 -0.0902633666992187
-0.4700927734375 0.253814697265625 -0.16796875 -0.127273559570312
-0.57464599609375 -0.0478515625000001 -0.0610198974609376 -0.259170532226563
-0.596435546875 -0.29656982421875 -0.114990234375 -0.235641479492187
-0.520660400390625 -0.421875 -0.236175537109375 -0.37322998046875
-0.310211181640625 -0.415863037109375 -0.275344848632813 0.123245239257812
-0.48193359375 -0.29315185546875 -0.30108642578125 0.1514892578125
-0.439544677734375 -0.053619384765625 0.0625152587890625 0.280441284179688
-0.331939697265625 0.16143798828125 0.33905029296875 0.1114501953125
-0.184036254882813 0.2249755859375 0.395111083984375 -0.175872802734375
-0.07928466796875 0.258651733398438 0.305877685546875 -0.39874267578125
-0.0341949462890625 0.240432739257813 0.10748291015625 -0.4642333984375
-0.07269287109375 0.259765625 0.00698852539062502 -0.389068603515625
-0.07861328125 0.300628662109375 -0.04315185546875 -0.29833984375
-0.1341552734375 0.3040771484375 -0.0520782470703125 -0.223358154296875
-0.251113891601563 0.260406494140625 -0.120407104492188 -0.218551635742187
-0.381866455078125 0.225250244140625 -0.123077392578125 -0.244613647460937
-0.515167236328125 -0.047210693359375 -0.010284423828125 -0.3154296875
-0.5321044921875 -0.29974365234375 -0.176651000976563 -0.261215209960938
-0.422576904296875 -0.416351318359375 -0.373199462890625 -0.486480712890625
-0.162933349609375 -0.291107177734375 -0.332763671875 0.072357177734375
-0.327606201171875 -0.17919921875 -0.283966064453125 0.148193359375
-0.262893676757813 0.0177764892578126 0.10015869140625 0.208160400390625
-0.140716552734375 0.146987915039063 0.32696533203125 -0.00845336914062499
-0.0312347412109375 0.147918701171875 0.33453369140625 -0.25787353515625
0.0277175903320313 0.112220764160156 0.245941162109375 -0.472625732421875
0.0176773071289063 0.0750808715820313 0.0666503906249999 -0.528106689453125
-0.015228271484375 0.105201721191406 -0.01800537109375 -0.450469970703125
-0.0146865844726562 0.133834838867188 -0.048919677734375 -0.375518798828125
-0.028961181640625 0.157577514648438 -0.042724609375 -0.316375732421875
-0.10772705078125 0.173797607421875 -0.101959228515625 -0.314453125
-0.232742309570313 0.178695678710937 -0.0675048828125 -0.34228515625
-0.3778076171875 -0.0334777832031251 0.0567626953125 -0.351531982421875
-0.37152099609375 -0.25299072265625 -0.2025146484375 -0.277359008789063
-0.24456787109375 -0.344696044921875 -0.4600830078125 -0.58221435546875
-0.0176734924316406 0.0658073425292969 0.55987548828125 0.51129150390625
0.133956909179688 0.1146240234375 0.180770874023438 0.24737548828125
0.173324584960937 -0.0525970458984375 -0.065765380859375 0.3350830078125
0.039947509765625 -0.139060974121094 0.018646240234375 0.44390869140625
-0.0615386962890625 -0.09912109375 0.098052978515625 0.349609375
-0.110870361328125 -0.0241622924804687 0.065093994140625 0.341278076171875
-0.0613136291503906 0.0699653625488281 0.06005859375 0.417877197265625
-0.0450439453125 0.0624275207519531 0.048431396484375 0.460479736328125
-0.0645675659179687 0.0614891052246094 -0.0212097167968751 0.501739501953125
-0.105209350585938 0.0365371704101563 -0.162811279296875 0.462371826171875
-0.0927658081054687 -0.0354537963867188 -0.23431396484375 0.31072998046875
-0.0354232788085938 -0.112319946289063 -0.249786376953125 0.101409912109375
0.134941101074219 -0.0529327392578125 -0.0994949340820312 -0.129562377929688
0.133232116699219 0.114044189453125 0.231170654296875 -0.11700439453125
0.000358581542968759 0.129432678222656 0.3341064453125 -0.019134521484375
-0.247970581054688 -0.110519409179688 0.499267578125 0.513671875
-0.1497802734375 -0.021514892578125 0.113723754882813 0.223541259765625
-0.0843734741210937 -0.0980987548828125 -0.109375 0.36029052734375
-0.179306030273438 -0.0996246337890625 0.016571044921875 0.497100830078125
-0.230117797851563 -0.0114593505859375 0.146209716796875 0.36297607421875
-0.22894287109375 0.13446044921875 0.120758056640625 0.31207275390625
-0.118072509765625 0.246932983398437 0.081695556640625 0.347747802734375
-0.089263916015625 0.234298706054688 0.05841064453125 0.382232666015625
-0.094757080078125 0.240386962890625 -0.00326538085937503 0.433502197265625
-0.159011840820313 0.20526123046875 -0.115692138671875 0.423675537109375
-0.203414916992188 0.093017578125 -0.180206298828125 0.30078125
-0.197921752929688 -0.0159454345703125 -0.218002319335937 0.133285522460938
-0.0648956298828125 -0.0873489379882813 -0.101455688476563 -0.10479736328125
-0.0582427978515625 -0.0247001647949219 0.193954467773438 -0.123367309570312
-0.175018310546875 -0.017913818359375 0.291168212890625 -0.0289306640625
-0.422760009765625 -0.2838134765625 0.370269775390625 0.4761962890625
-0.403472900390625 -0.177642822265625 0.018890380859375 0.197952270507813
-0.344146728515625 -0.14923095703125 -0.114471435546875 0.37939453125
-0.394561767578125 -0.042144775390625 0.06390380859375 0.513916015625
-0.375244140625 0.0900573730468749 0.2291259765625 0.325592041015625
-0.3134765625 0.281494140625 0.199813842773438 0.220855712890625
-0.151824951171875 0.386993408203125 0.110198974609375 0.212005615234375
-0.12310791015625 0.369964599609375 0.06109619140625 0.243850708007813
-0.11572265625 0.387420654296875 -0.00323486328125004 0.31884765625
-0.193145751953125 0.352508544921875 -0.0869140625 0.34234619140625
-0.287353515625 0.218109130859375 -0.147430419921875 0.255691528320313
-0.3355712890625 0.0945739746093751 -0.19976806640625 0.129608154296875
-0.264404296875 -0.0890808105468751 -0.100555419921875 -0.111885070800781
-0.262054443359375 -0.130828857421875 0.135665893554687 -0.1458740234375
-0.34393310546875 -0.15631103515625 0.205032348632812 -0.07647705078125
-0.51971435546875 -0.416839599609375 0.19384765625 0.402862548828125
-0.582275390625 -0.30126953125 -0.0943450927734375 0.18304443359375
-0.544403076171875 -0.17437744140625 -0.08697509765625 0.396331787109375
-0.550811767578125 0.0325012207031251 0.1531982421875 0.48040771484375
-0.45574951171875 0.193603515625 0.326934814453125 0.23199462890625
-0.335784912109375 0.39007568359375 0.279312133789062 0.0706024169921875
-0.154571533203125 0.46466064453125 0.133407592773438 0.0267181396484375
-0.1402587890625 0.447906494140625 0.0517120361328125 0.0691108703613282
-0.12432861328125 0.480133056640625 -0.01483154296875 0.168014526367188
-0.211761474609375 0.453521728515625 -0.07763671875 0.223907470703125
-0.345245361328125 0.322235107421875 -0.14166259765625 0.173980712890625
-0.43804931640625 0.201171875 -0.195419311523438 0.0831298828125001
-0.440887451171875 -0.064117431640625 -0.1046142578125 -0.147430419921875
-0.452545166015625 -0.20355224609375 0.0567779541015625 -0.178054809570313
-0.484771728515625 -0.272857666015625 0.074371337890625 -0.154006958007813
-0.52899169921875 -0.487640380859375 0.00482177734374995 0.30975341796875
-0.65386962890625 -0.361083984375 -0.201934814453125 0.175018310546875
-0.6341552734375 -0.15716552734375 -0.032440185546875 0.38519287109375
-0.59234619140625 0.11480712890625 0.25396728515625 0.386383056640625
-0.43994140625 0.271514892578125 0.40350341796875 0.087158203125
-0.28814697265625 0.429931640625 0.330047607421875 -0.11529541015625
-0.129486083984375 0.46490478515625 0.13946533203125 -0.174240112304687
-0.134368896484375 0.457427978515625 0.0355987548828125 -0.113792419433594
-0.123504638671875 0.5008544921875 -0.0319309234619141 -0.00379180908203122
-0.21307373046875 0.48687744140625 -0.0746841430664063 0.0749740600585938
-0.367919921875 0.372711181640625 -0.144424438476563 0.0538177490234375
-0.49151611328125 0.274566650390625 -0.192184448242188 -0.00379943847656252
-0.5654296875 -0.03717041015625 -0.100204467773437 -0.201553344726563
-0.59088134765625 -0.25244140625 -0.0401763916015625 -0.207305908203125
-0.56695556640625 -0.36199951171875 -0.0902099609375 -0.255233764648438
-0.46026611328125 -0.48712158203125 -0.159088134765625 0.215789794921875
-0.6219482421875 -0.351806640625 -0.276947021484375 0.172348022460937
-0.59722900390625 -0.1082763671875 0.0242614746093749 0.347869873046875
-0.508331298828125 0.16802978515625 0.3260498046875 0.24664306640625
-0.335235595703125 0.287811279296875 0.427734375 -0.071807861328125
-0.18890380859375 0.385772705078125 0.33367919921875 -0.2962646484375
-0.08026123046875 0.388885498046875 0.123443603515625 -0.35589599609375
-0.10638427734375 0.396942138671875 0.012847900390625 -0.278823852539062
-0.10662841796875 0.44268798828125 -0.0481109619140625 -0.17059326171875
-0.187225341796875 0.439300537109375 -0.0718994140625 -0.0866012573242187
-0.341278076171875 0.354888916015625 -0.143951416015625 -0.0872039794921875
-0.4766845703125 0.288238525390625 -0.174789428710938 -0.120391845703125
-0.60125732421875 -0.0297851562500001 -0.0777130126953126 -0.265106201171875
-0.63525390625 -0.2838134765625 -0.132125854492187 -0.233123779296875
-0.560028076171875 -0.41314697265625 -0.26409912109375 -0.367889404296875
-0.340057373046875 -0.417022705078125 -0.2779541015625 0.137802124023437
-0.511932373046875 -0.2783203125 -0.3035888671875 0.16845703125
-0.4609375 -0.0371704101562499 0.07513427734375 0.283538818359375
-0.337921142578125 0.1832275390625 0.34930419921875 0.10107421875
-0.181015014648438 0.241989135742187 0.394989013671875 -0.202728271484375
-0.073577880859375 0.271499633789063 0.2923583984375 -0.431182861328125
-0.0277557373046875 0.251373291015625 0.086029052734375 -0.484283447265625
-0.0629425048828125 0.275314331054688 -0.01287841796875 -0.4010009765625
-0.067962646484375 0.316497802734375 -0.058807373046875 -0.3057861328125
-0.125213623046875 0.322265625 -0.0623931884765625 -0.229888916015625
-0.2506103515625 0.283843994140625 -0.130615234375 -0.220474243164063
-0.387481689453125 0.25164794921875 -0.13568115234375 -0.243560791015625
-0.54083251953125 -0.030914306640625 -0.029541015625 -0.325286865234375
-0.56884765625 -0.2890625 -0.199249267578125 -0.256546020507813
-0.4573974609375 -0.411773681640625 -0.412445068359375 -0.48028564453125
-0.182952880859375 -0.294830322265625 -0.3404541015625 0.087432861328125
-0.347320556640625 -0.16748046875 -0.28692626953125 0.16455078125
-0.274612426757813 0.0283050537109375 0.109542846679687 0.209808349609375
-0.13922119140625 0.158981323242188 0.32928466796875 -0.021820068359375
-0.02557373046875 0.154037475585937 0.32830810546875 -0.281982421875
0.0315704345703125 0.113441467285156 0.2244873046875 -0.50323486328125
0.017669677734375 0.0780105590820313 0.038970947265625 -0.547454833984375
-0.0121078491210938 0.111465454101562 -0.04083251953125 -0.4649658203125
-0.00940704345703124 0.139404296875 -0.065887451171875 -0.38507080078125
-0.0235748291015625 0.16326904296875 -0.056121826171875 -0.3253173828125
-0.104415893554688 0.185104370117187 -0.117645263671875 -0.319000244140625
-0.233612060546875 0.1961669921875 -0.08477783203125 -0.347503662109375
-0.393402099609375 -0.0213623046875001 0.0389404296875 -0.36602783203125
-0.397979736328125 -0.247589111328125 -0.226394653320313 -0.2718505859375
-0.269378662109375 -0.345306396484375 -0.5050048828125 -0.5771484375
-0.0176239013671875 0.0727767944335938 0.60205078125 0.480712890625
0.1439208984375 0.10693359375 0.208358764648438 0.234420776367188
0.170059204101563 -0.0653533935546875 -0.039398193359375 0.338653564453125
0.0323944091796875 -0.143951416015625 0.0487060546875 0.44647216796875
-0.0709381103515625 -0.0963287353515625 0.12164306640625 0.34674072265625
-0.11798095703125 -0.0149993896484375 0.089263916015625 0.341796875
-0.0554962158203125 0.0711822509765625 0.09130859375 0.419769287109375
-0.0389404296875 0.0657234191894531 0.084625244140625 0.46173095703125
-0.0573234558105469 0.0694427490234375 0.0150756835937499 0.5081787109375
-0.101646423339844 0.0469741821289063 -0.125885009765625 0.477294921875
-0.0973892211914063 -0.0286483764648437 -0.2088623046875 0.33349609375
-0.0438995361328125 -0.109512329101563 -0.239669799804688 0.123382568359375
0.134529113769531 -0.0649871826171875 -0.105628967285156 -0.122718811035156
0.14569091796875 0.101165771484375 0.229629516601563 -0.130523681640625
0.00878143310546875 0.13299560546875 0.336273193359375 -0.04058837890625
-0.261184692382813 -0.0936279296875 0.54248046875 0.4893798828125
-0.15338134765625 -0.0103607177734375 0.137374877929688 0.216964721679687
-0.0963592529296875 -0.09967041015625 -0.079803466796875 0.36614990234375
-0.18890380859375 -0.0894317626953125 0.050994873046875 0.49835205078125
-0.235122680664062 0.00506591796874997 0.171661376953125 0.355194091796875
-0.226791381835937 0.157394409179687 0.142242431640625 0.306854248046875
-0.100906372070313 0.259552001953125 0.110137939453125 0.349212646484375
-0.0728912353515625 0.241607666015625 0.085662841796875 0.382110595703125
-0.0767822265625 0.253402709960938 0.026214599609375 0.437713623046875
-0.143218994140625 0.220901489257812 -0.08294677734375 0.4327392578125
-0.199951171875 0.109954833984375 -0.15313720703125 0.31744384765625
-0.200668334960938 -9.15527343749973E-05 -0.203857421875 0.15191650390625
-0.0730972290039062 -0.0886917114257813 -0.105606079101562 -0.097808837890625
-0.0625534057617188 -0.0249671936035156 0.191146850585938 -0.13470458984375
-0.178070068359375 -0.00415039062500002 0.291412353515625 -0.0440673828125
-0.4495849609375 -0.257659912109375 0.40936279296875 0.458648681640625
-0.42156982421875 -0.15191650390625 0.0398712158203125 0.1971435546875
-0.363739013671875 -0.13043212890625 -0.08587646484375 0.388397216796875
-0.405120849609375 -0.0206298828125 0.0977783203125 0.5147705078125
-0.377105712890625 0.11822509765625 0.25177001953125 0.311492919921875
-0.30328369140625 0.309906005859375 0.214736938476562 0.206298828125
-0.12884521484375 0.40673828125 0.12921142578125 0.20697021484375
-0.096832275390625 0.38201904296875 0.0753173828125 0.242919921875
-0.086395263671875 0.40411376953125 0.019866943359375 0.3236083984375
-0.16741943359375 0.36920166015625 -0.061920166015625 0.35357666015625
-0.274612426757813 0.24456787109375 -0.128219604492188 0.269317626953125
-0.33038330078125 0.12347412109375 -0.182693481445313 0.14788818359375
-0.276535034179688 -0.07659912109375 -0.108200073242188 -0.10308837890625
-0.274337768554688 -0.120590209960937 0.131744384765625 -0.153900146484375
-0.360321044921875 -0.13397216796875 0.199417114257812 -0.0846710205078125
-0.557220458984375 -0.387176513671875 0.225799560546875 0.396453857421875
-0.60980224609375 -0.2625732421875 -0.0803375244140626 0.191680908203125
-0.56988525390625 -0.14581298828125 -0.0558776855468751 0.39923095703125
-0.557220458984375 0.0722351074218751 0.187774658203125 0.475494384765625
-0.45233154296875 0.23101806640625 0.3466796875 0.21026611328125
-0.314605712890625 0.42071533203125 0.285614013671875 0.04754638671875
-0.127532958984375 0.483154296875 0.135177612304688 0.0171966552734375
-0.1087646484375 0.467071533203125 0.0550460815429688 0.0663948059082032
-0.0919799804687501 0.49884033203125 -0.002899169921875 0.170501708984375
-0.1783447265625 0.479248046875 -0.05810546875 0.228775024414063
-0.32965087890625 0.357086181640625 -0.125701904296875 0.18438720703125
-0.427978515625 0.240234375 -0.183517456054688 0.0987701416015625
-0.458953857421875 -0.038543701171875 -0.11444091796875 -0.142120361328125
-0.477294921875 -0.18182373046875 0.0478057861328125 -0.178619384765625
-0.51202392578125 -0.24334716796875 0.06536865234375 -0.15447998046875
-0.57073974609375 -0.4581298828125 0.0267333984374999 0.314208984375
-0.69024658203125 -0.32025146484375 -0.18951416015625 0.187515258789062
-0.6607666015625 -0.1204833984375 -0.00570678710937505 0.38641357421875
-0.59735107421875 0.15869140625 0.281158447265625 0.373138427734375
-0.428466796875 0.309539794921875 0.412261962890625 0.056060791015625
-0.2659912109375 0.456756591796875 0.32281494140625 -0.146728515625
-0.098846435546875 0.483856201171875 0.126754760742188 -0.186187744140625
-0.1009521484375 0.47637939453125 0.0251388549804687 -0.116775512695312
-0.088104248046875 0.519439697265625 -0.031524658203125 -0.00020599365234372
-0.17852783203125 0.512420654296875 -0.0705490112304688 0.0787811279296875
-0.347747802734375 0.409698486328125 -0.138664245605469 0.0657348632812501
-0.481170654296875 0.316314697265625 -0.187942504882813 0.0117340087890625
-0.5819091796875 -0.000732421875000022 -0.11767578125 -0.197845458984375
-0.6207275390625 -0.21746826171875 -0.0550689697265625 -0.199874877929687
-0.6002197265625 -0.3251953125 -0.110321044921875 -0.242843627929688
-0.500152587890625 -0.463226318359375 -0.145828247070313 0.229965209960937
-0.65643310546875 -0.31024169921875 -0.266754150390625 0.193145751953125
-0.6190185546875 -0.072998046875 0.0502929687499999 0.34466552734375
-0.5074462890625 0.2069091796875 0.343414306640625 0.228485107421875
-0.319732666015625 0.316650390625 0.42352294921875 -0.105621337890625
-0.16949462890625 0.404205322265625 0.31121826171875 -0.327606201171875
-0.056488037109375 0.400726318359375 0.093719482421875 -0.3685302734375
-0.07928466796875 0.4107666015625 -0.00942993164062503 -0.282623291015625
-0.072509765625 0.457977294921875 -0.0602874755859375 -0.168670654296875
-0.15948486328125 0.45867919921875 -0.0767593383789063 -0.0832748413085937
-0.3221435546875 0.3897705078125 -0.148208618164063 -0.0765838623046875
-0.46478271484375 0.328948974609375 -0.180313110351563 -0.107086181640625
-0.61553955078125 0.00982666015624999 -0.100830078125 -0.263839721679688
-0.66766357421875 -0.24615478515625 -0.151397705078125 -0.221633911132813
-0.5999755859375 -0.38067626953125 -0.29364013671875 -0.34429931640625
-0.371978759765625 -0.402313232421875 -0.26934814453125 0.157028198242188
-0.5382080078125 -0.24468994140625 -0.295562744140625 0.1904296875
-0.47467041015625 -0.0085144042968749 0.0909881591796875 0.276458740234375
-0.331878662109375 0.210540771484375 0.352813720703125 0.0806884765625
-0.166091918945312 0.259384155273438 0.381744384765625 -0.23553466796875
-0.0571746826171875 0.280410766601563 0.25860595703125 -0.4615478515625
-0.0106658935546875 0.25830078125 0.046478271484375 -0.49652099609375
-0.0443115234375 0.28448486328125 -0.044464111328125 -0.404693603515625
-0.04547119140625 0.326202392578125 -0.080413818359375 -0.305328369140625
-0.10528564453125 0.3355712890625 -0.0765228271484375 -0.230072021484375
-0.235504150390625 0.306640625 -0.145980834960937 -0.21270751953125
-0.37762451171875 0.2833251953125 -0.15057373046875 -0.23504638671875
-0.55328369140625 0.00317382812500012 -0.0563049316406251 -0.327850341796875
-0.60015869140625 -0.2562255859375 -0.222091674804688 -0.238937377929688
-0.492706298828125 -0.3870849609375 -0.4515380859375 -0.451171875
-0.205535888671875 -0.288360595703125 -0.33892822265625 0.1060791015625
-0.36346435546875 -0.143951416015625 -0.27899169921875 0.183364868164062
-0.279281616210938 0.04736328125 0.122314453125 0.2000732421875
-0.131668090820313 0.169479370117188 0.326019287109375 -0.04534912109375
-0.0146942138671875 0.15863037109375 0.306121826171875 -0.30987548828125
0.0375518798828125 0.112510681152344 0.184844970703125 -0.5269775390625
0.0206832885742187 0.0797576904296875 -0.00430297851562498 -0.556488037109375
-0.00533294677734375 0.116065979003906 -0.076324462890625 -0.46624755859375
-0.0012359619140625 0.143081665039063 -0.0931396484375 -0.3858642578125
-0.01397705078125 0.168685913085938 -0.07830810546875 -0.32476806640625
-0.0933990478515625 0.196701049804687 -0.139373779296875 -0.31390380859375
-0.224273681640625 0.218109130859375 -0.10980224609375 -0.344207763671875
-0.401947021484375 0.00338745117187499 0.007171630859375 -0.373046875
-0.422088623046875 -0.22442626953125 -0.253265380859375 -0.254608154296875
-0.297119140625 -0.33160400390625 -0.55364990234375 -0.54302978515625
-0.0125961303710938 0.0787582397460938 0.6256103515625 0.433837890625
0.1490478515625 0.09893798828125 0.22454833984375 0.212692260742188
0.16461181640625 -0.0761871337890625 -0.012847900390625 0.331329345703125
0.02337646484375 -0.145050048828125 0.07684326171875 0.43133544921875
-0.0751266479492188 -0.09149169921875 0.1405029296875 0.32904052734375
-0.119880676269531 -0.00285339355468751 0.106231689453125 0.3304443359375
-0.0479965209960938 0.0743637084960937 0.121673583984375 0.4034423828125
-0.0306816101074219 0.0634880065917969 0.1148681640625 0.445220947265625
-0.05029296875 0.0726394653320312 0.050628662109375 0.496673583984375
-0.0968017578125 0.0527114868164062 -0.088592529296875 0.47564697265625
-0.09625244140625 -0.0212631225585938 -0.176116943359375 0.340667724609375
-0.0502471923828125 -0.103652954101562 -0.220962524414063 0.13629150390625
0.126434326171875 -0.0758438110351563 -0.107803344726562 -0.111564636230469
0.150741577148438 0.0879364013671875 0.221511840820313 -0.142410278320313
0.0178680419921875 0.133201599121094 0.3282470703125 -0.05865478515625
-0.263137817382813 -0.0690765380859375 0.5667724609375 0.4501953125
-0.151779174804688 0.001617431640625 0.156936645507813 0.202163696289063
-0.102691650390625 -0.093292236328125 -0.05023193359375 0.35845947265625
-0.193695068359375 -0.074920654296875 0.08013916015625 0.48541259765625
-0.235031127929688 0.02227783203125 0.19244384765625 0.33343505859375
-0.217559814453125 0.173294067382812 0.15673828125 0.29095458984375
-0.08038330078125 0.261947631835938 0.132080078125 0.333343505859375
-0.05010986328125 0.24395751953125 0.113037109375 0.3685302734375
-0.0547332763671875 0.25433349609375 0.059539794921875 0.4271240234375
-0.123092651367188 0.22857666015625 -0.050323486328125 0.4283447265625
-0.187591552734375 0.122848510742187 -0.125335693359375 0.319305419921875
-0.19677734375 0.014678955078125 -0.18243408203125 0.161651611328125
-0.079833984375 -0.0865325927734375 -0.110244750976563 -0.0894241333007813
-0.0599784851074219 -0.0239448547363281 0.182586669921875 -0.145416259765625
-0.175445556640625 0.010772705078125 0.284820556640625 -0.05816650390625
-0.4583740234375 -0.2198486328125 0.43572998046875 0.427581787109375
-0.42401123046875 -0.11981201171875 0.056915283203125 0.189590454101563
-0.372161865234375 -0.113372802734375 -0.055755615234375 0.37890625
-0.402984619140625 0.00680541992187508 0.129730224609375 0.4974365234375
-0.36761474609375 0.145111083984375 0.269500732421875 0.286773681640625
-0.280487060546875 0.329376220703125 0.222122192382812 0.185470581054688
-0.097930908203125 0.40948486328125 0.139068603515625 0.19183349609375
-0.066009521484375 0.383697509765625 0.0911102294921875 0.234939575195313
-0.052093505859375 0.403717041015625 0.04412841796875 0.313323974609375
-0.1339111328125 0.379608154296875 -0.033782958984375 0.344879150390625
-0.25323486328125 0.261825561523438 -0.10009765625 0.271087646484375
-0.316925048828125 0.147552490234375 -0.163818359375 0.154220581054688
-0.279739379882813 -0.05877685546875 -0.110198974609375 -0.0975494384765625
-0.280014038085937 -0.102401733398438 0.119888305664062 -0.15728759765625
-0.36285400390625 -0.10443115234375 0.19061279296875 -0.089599609375
-0.5726318359375 -0.344482421875 0.251495361328125 0.378143310546875
-0.61724853515625 -0.2178955078125 -0.0631256103515625 0.188674926757813
-0.5771484375 -0.11181640625 -0.02813720703125 0.38763427734375
-0.55059814453125 0.109283447265625 0.215789794921875 0.452911376953125
-0.43157958984375 0.26251220703125 0.353363037109375 0.17987060546875
-0.28753662109375 0.440521240234375 0.281097412109375 0.0225830078125
-0.091339111328125 0.48907470703125 0.132644653320313 0.00715637207031253
-0.0713195800781251 0.46771240234375 0.0568313598632813 0.065765380859375
-0.05194091796875 0.49652099609375 0.0103302001953125 0.16839599609375
-0.13970947265625 0.484588623046875 -0.041259765625 0.227890014648438
-0.3001708984375 0.37445068359375 -0.10552978515625 0.1903076171875
-0.407684326171875 0.26953125 -0.167129516601563 0.10882568359375
-0.4556884765625 -0.0123596191406251 -0.121803283691406 -0.132026672363281
-0.484649658203125 -0.150482177734375 0.035888671875 -0.173828125
-0.51947021484375 -0.204071044921875 0.05194091796875 -0.146713256835938
-0.59051513671875 -0.41619873046875 0.051361083984375 0.308929443359375
-0.6978759765625 -0.267578125 -0.171310424804688 0.197113037109375
-0.665771484375 -0.0816040039062499 0.0167541503906249 0.37347412109375
-0.58074951171875 0.196044921875 0.29803466796875 0.34918212890625
-0.402984619140625 0.334197998046875 0.40826416015625 0.024993896484375
-0.231689453125 0.470916748046875 0.30224609375 -0.1700439453125
-0.064727783203125 0.484375 0.109161376953125 -0.19378662109375
-0.063934326171875 0.4776611328125 0.0138473510742187 -0.113861083984375
-0.049041748046875 0.5162353515625 -0.0326194763183594 0.000547409057617217
-0.1373291015625 0.516815185546875 -0.0624923706054688 0.079803466796875
-0.31494140625 0.429931640625 -0.12744140625 0.0710296630859375
-0.45257568359375 0.347686767578125 -0.1788330078125 0.0233306884765625
-0.57666015625 0.0327148437499999 -0.127655029296875 -0.186935424804687
-0.63134765625 -0.1785888671875 -0.0666809082031251 -0.189849853515625
-0.61444091796875 -0.28179931640625 -0.125701904296875 -0.224136352539063
-0.521881103515625 -0.426849365234375 -0.1243896484375 0.234542846679687
-0.66265869140625 -0.2615966796875 -0.248367309570313 0.202835083007812
-0.6204833984375 -0.0345458984375 0.0673828125 0.329833984375
-0.487884521484375 0.239044189453125 0.34912109375 0.2049560546875
-0.294891357421875 0.336151123046875 0.405731201171875 -0.134063720703125
-0.14141845703125 0.410125732421875 0.279937744140625 -0.348175048828125
-0.027923583984375 0.401519775390625 0.066131591796875 -0.368499755859375
-0.048797607421875 0.412567138671875 -0.0297698974609375 -0.275100708007813
-0.0418701171875 0.45867919921875 -0.070892333984375 -0.1612548828125
-0.12371826171875 0.46435546875 -0.0806503295898438 -0.0796051025390625
-0.29071044921875 0.4088134765625 -0.147476196289063 -0.0663604736328124
-0.43865966796875 0.356719970703125 -0.181289672851563 -0.092620849609375
-0.61199951171875 0.0437622070312501 -0.119186401367188 -0.253204345703125
-0.67919921875 -0.20294189453125 -0.163818359375 -0.202117919921875
-0.61346435546875 -0.333740234375 -0.312408447265625 -0.311859130859375
-0.393341064453125 -0.37213134765625 -0.25177001953125 0.16888427734375
-0.5430908203125 -0.201385498046875 -0.278121948242188 0.202590942382813
-0.4727783203125 0.01959228515625 0.104965209960937 0.2633056640625
-0.3153076171875 0.2305908203125 0.348114013671875 0.0570068359375
-0.146453857421875 0.267807006835938 0.35235595703125 -0.25634765625
-0.039459228515625 0.27886962890625 0.215362548828125 -0.473663330078125
0.00381469726562501 0.256317138671875 0.011199951171875 -0.489654541015625
-0.02484130859375 0.285919189453125 -0.07183837890625 -0.392730712890625
-0.023529052734375 0.325653076171875 -0.099395751953125 -0.294464111328125
-0.079559326171875 0.338226318359375 -0.090240478515625 -0.220504760742187
-0.21136474609375 0.321014404296875 -0.155410766601563 -0.199172973632812
-0.3541259765625 0.30859375 -0.1622314453125 -0.21917724609375
-0.55010986328125 0.0341796874999999 -0.0816650390625 -0.316864013671875
-0.61126708984375 -0.21734619140625 -0.236129760742188 -0.21563720703125
-0.510772705078125 -0.348297119140625 -0.474395751953125 -0.40631103515625
-0.221633911132812 -0.271194458007813 -0.320709228515625 0.122161865234375
-0.365814208984375 -0.11517333984375 -0.263885498046875 0.194595336914063
-0.275115966796875 0.0632476806640625 0.128829956054687 0.186660766601563
-0.119888305664062 0.176284790039063 0.31072998046875 -0.06304931640625
-0.00250244140625 0.156692504882813 0.273773193359375 -0.323272705078125
0.0412445068359375 0.107490539550781 0.137115478515625 -0.53240966796875
0.0236587524414062 0.076934814453125 -0.0440673828125 -0.54376220703125
0.000564575195312502 0.116371154785156 -0.106536865234375 -0.451507568359375
0.00605773925781249 0.142333984375 -0.1173095703125 -0.37286376953125
-0.00366210937500001 0.165634155273438 -0.09588623046875 -0.3154296875
-0.081146240234375 0.200241088867188 -0.157012939453125 -0.297576904296875
-0.206588745117188 0.22900390625 -0.129119873046875 -0.326934814453125
-0.3984375 0.026214599609375 -0.02215576171875 -0.365936279296875
-0.432952880859375 -0.195343017578125 -0.268218994140625 -0.225784301757812
-0.315673828125 -0.30572509765625 -0.5804443359375 -0.4935302734375
-0.00952148437500001 0.0822906494140625 0.62554931640625 0.3966064453125
0.150985717773438 0.09100341796875 0.23223876953125 0.192764282226563
0.157821655273438 -0.081817626953125 0.00195312500000002 0.31585693359375
0.0153045654296875 -0.142333984375 0.092071533203125 0.4117431640625
-0.077789306640625 -0.0865859985351563 0.150360107421875 0.312042236328125
-0.117538452148437 0.00562286376953126 0.116943359375 0.318359375
-0.0446624755859375 0.0730819702148437 0.134735107421875 0.385040283203125
-0.0277175903320313 0.0605545043945313 0.130828857421875 0.424835205078125
-0.0430221557617187 0.0720901489257813 0.07135009765625 0.4793701171875
-0.0895309448242188 0.0574569702148437 -0.062469482421875 0.462921142578125
-0.0948562622070313 -0.0175857543945312 -0.1517333984375 0.33642578125
-0.0536727905273438 -0.0990142822265625 -0.20166015625 0.141281127929687
0.119697570800781 -0.0814895629882813 -0.106033325195312 -0.103385925292969
0.1513671875 0.0749969482421875 0.212066650390625 -0.146484375
0.0229415893554688 0.132125854492188 0.314666748046875 -0.067230224609375
-0.260116577148438 -0.0534820556640625 0.57098388671875 0.4149169921875
-0.144775390625 0.00726318359375001 0.16552734375 0.185302734375
-0.106773376464844 -0.0882034301757813 -0.034576416015625 0.3431396484375
-0.19378662109375 -0.06695556640625 0.099853515625 0.464447021484375
-0.228195190429688 0.03082275390625 0.19976806640625 0.312652587890625
-0.204208374023438 0.181854248046875 0.163681030273438 0.275192260742188
-0.067230224609375 0.258636474609375 0.1422119140625 0.315216064453125
-0.0372467041015625 0.236495971679688 0.123809814453125 0.35113525390625
-0.0386505126953125 0.250030517578125 0.0760498046875 0.41162109375
-0.106964111328125 0.2281494140625 -0.02838134765625 0.41412353515625
-0.175506591796875 0.130966186523438 -0.103057861328125 0.312774658203125
-0.190139770507813 0.0245819091796875 -0.163330078125 0.16387939453125
-0.0819168090820313 -0.0826797485351563 -0.106704711914062 -0.0828781127929688
-0.0613021850585938 -0.0235977172851563 0.173477172851563 -0.145675659179688
-0.168731689453125 0.019500732421875 0.272369384765625 -0.0633697509765625
-0.45538330078125 -0.1959228515625 0.440338134765625 0.400482177734375
-0.414825439453125 -0.097015380859375 0.0664825439453125 0.178176879882813
-0.372222900390625 -0.0974426269531249 -0.0401306152343751 0.362335205078125
-0.395599365234375 0.026458740234375 0.147705078125 0.47607421875
-0.351043701171875 0.156219482421875 0.272445678710938 0.262466430664063
-0.25982666015625 0.336456298828125 0.222061157226562 0.167510986328125
-0.078155517578125 0.403778076171875 0.14154052734375 0.178939819335938
-0.045196533203125 0.376007080078125 0.0968170166015625 0.222610473632813
-0.0316162109375 0.393310546875 0.05621337890625 0.301910400390625
-0.111663818359375 0.374542236328125 -0.0184326171875 0.333740234375
-0.233413696289062 0.26959228515625 -0.0825653076171875 0.2650146484375
-0.302886962890625 0.159576416015625 -0.146087646484375 0.154525756835937
-0.277450561523437 -0.0491943359375 -0.11077880859375 -0.0902786254882813
-0.280715942382812 -0.091949462890625 0.113265991210938 -0.15435791015625
-0.35546875 -0.0865478515625 0.181625366210937 -0.087371826171875
-0.5704345703125 -0.3133544921875 0.259307861328125 0.358489990234375
-0.60723876953125 -0.185791015625 -0.04876708984375 0.182540893554687
-0.5748291015625 -0.0879516601562501 -0.015411376953125 0.369720458984375
-0.535797119140625 0.12994384765625 0.227569580078125 0.433258056640625
-0.4091796875 0.2734375 0.350494384765625 0.155670166015625
-0.262237548828125 0.44287109375 0.2696533203125 0.00523376464843753
-0.069610595703125 0.48150634765625 0.128135681152344 -0.00164794921874997
-0.0462646484375 0.45843505859375 0.0563697814941406 0.0611343383789063
-0.02703857421875 0.486236572265625 0.017181396484375 0.161544799804688
-0.111663818359375 0.47589111328125 -0.0309600830078125 0.221298217773438
-0.2735595703125 0.380767822265625 -0.090850830078125 0.186080932617188
-0.384765625 0.284271240234375 -0.151565551757813 0.111129760742188
-0.447906494140625 0.00347900390625002 -0.12384033203125 -0.124046325683594
-0.483489990234375 -0.129547119140625 0.0287322998046875 -0.167694091796875
-0.51129150390625 -0.17877197265625 0.0443801879882812 -0.136497497558594
-0.5902099609375 -0.38372802734375 0.0652770996093749 0.29681396484375
-0.684326171875 -0.23199462890625 -0.156768798828125 0.193527221679687
-0.65924072265625 -0.05450439453125 0.02752685546875 0.35369873046875
-0.56060791015625 0.2171630859375 0.30303955078125 0.326904296875
-0.3790283203125 0.344940185546875 0.393707275390625 0.00524902343750002
-0.2080078125 0.469970703125 0.281524658203125 -0.18255615234375
-0.043609619140625 0.4754638671875 0.0952301025390625 -0.192794799804687
-0.039093017578125 0.4671630859375 0.006805419921875 -0.109764099121094
-0.02392578125 0.506072998046875 -0.0312366485595703 0.00248336791992191
-0.109832763671875 0.50933837890625 -0.055999755859375 0.079498291015625
-0.2884521484375 0.435943603515625 -0.116607666015625 0.0741958618164063
-0.42572021484375 0.3614501953125 -0.167831420898438 0.02972412109375
-0.56561279296875 0.0513305664062499 -0.135116577148438 -0.1751708984375
-0.62579345703125 -0.1510009765625 -0.0710754394531251 -0.175704956054688
-0.606201171875 -0.24884033203125 -0.129318237304688 -0.202560424804688
-0.524383544921875 -0.3948974609375 -0.107269287109375 0.230133056640625
-0.65118408203125 -0.22540283203125 -0.231842041015625 0.202926635742188
-0.60992431640625 -0.00848388671874998 0.071868896484375 0.309661865234375
-0.467437744140625 0.255584716796875 0.343292236328125 0.185699462890625
-0.272674560546875 0.341583251953125 0.38482666015625 -0.146392822265625
-0.120513916015625 0.40802001953125 0.248382568359375 -0.35198974609375
-0.011688232421875 0.3929443359375 0.04632568359375 -0.361053466796875
-0.02789306640625 0.40380859375 -0.0431365966796875 -0.264404296875
-0.01849365234375 0.44769287109375 -0.0754241943359375 -0.1536865234375
-0.0992431640625 0.458587646484375 -0.0809478759765625 -0.074127197265625
-0.2666015625 0.412139892578125 -0.142532348632813 -0.058349609375
-0.41162109375 0.36767578125 -0.175933837890625 -0.0817565917968749
-0.5999755859375 0.06396484375 -0.129608154296875 -0.239089965820313
-0.67236328125 -0.172607421875 -0.16748046875 -0.183120727539063
-0.60931396484375 -0.30078125 -0.313751220703125 -0.282928466796875
-0.3963623046875 -0.349578857421875 -0.234390258789063 0.168930053710937
-0.535003662109375 -0.17230224609375 -0.261077880859375 0.203598022460937
-0.4647216796875 0.03857421875 0.106842041015625 0.244949340820313
-0.297454833984375 0.2393798828125 0.335296630859375 0.04449462890625
-0.129806518554687 0.268051147460937 0.325775146484375 -0.26220703125
-0.029327392578125 0.273696899414063 0.18072509765625 -0.469757080078125
0.0135650634765625 0.250076293945313 -0.013336181640625 -0.47412109375
-0.01025390625 0.2802734375 -0.0870361328125 -0.3780517578125
-0.00930786132812497 0.318756103515625 -0.1087646484375 -0.2821044921875
-0.06439208984375 0.333099365234375 -0.0943756103515625 -0.210678100585937
-0.193115234375 0.322845458984375 -0.155609130859375 -0.186325073242187
-0.331817626953125 0.315673828125 -0.164230346679688 -0.202682495117187
-0.53814697265625 0.0528259277343749 -0.096527099609375 -0.302978515625
-0.60833740234375 -0.18817138671875 -0.238571166992188 -0.193038940429688
-0.5089111328125 -0.31817626953125 -0.4737548828125 -0.368621826171875
-0.226806640625 -0.256057739257813 -0.305877685546875 0.12677001953125
-0.359344482421875 -0.0955505371093749 -0.248992919921875 0.19464111328125
-0.269546508789063 0.072509765625 0.126998901367187 0.173080444335938
-0.111282348632812 0.177886962890625 0.291717529296875 -0.06988525390625
0.00419616699218751 0.15252685546875 0.246002197265625 -0.322509765625
0.042999267578125 0.102134704589844 0.102264404296875 -0.5206298828125
0.024627685546875 0.0737152099609375 -0.067718505859375 -0.523406982421875
0.00608062744140624 0.113189697265625 -0.12164306640625 -0.431549072265625
0.0116348266601562 0.137847900390625 -0.128021240234375 -0.3580322265625
0.00161743164062499 0.161819458007813 -0.10308837890625 -0.302001953125
-0.0709228515625 0.19921875 -0.161361694335938 -0.279617309570313
-0.191909790039063 0.23187255859375 -0.13800048828125 -0.3079833984375
-0.390594482421875 0.0375061035156249 -0.040191650390625 -0.35198974609375
-0.430206298828125 -0.175994873046875 -0.273040771484375 -0.203567504882812
-0.317657470703125 -0.283477783203125 -0.5806884765625 -0.45074462890625
-0.00766754150390625 0.08685302734375 0.62176513671875 0.380126953125
0.152084350585938 0.0884246826171875 0.235275268554687 0.180694580078125
0.154373168945313 -0.0843963623046875 0.00732421875000001 0.303680419921875
0.012939453125 -0.140716552734375 0.09747314453125 0.399871826171875
-0.0789413452148438 -0.085113525390625 0.15118408203125 0.300140380859375
-0.116340637207031 0.0123825073242188 0.118896484375 0.3096923828125
-0.043670654296875 0.0731124877929688 0.139251708984375 0.37322998046875
-0.0268287658691406 0.0579452514648438 0.135711669921875 0.411590576171875
-0.0385665893554688 0.0716476440429687 0.080657958984375 0.467620849609375
-0.0850830078125 0.0589218139648438 -0.05078125 0.451812744140625
-0.0932693481445313 -0.0145111083984375 -0.13873291015625 0.329498291015625
-0.0545120239257813 -0.0963287353515625 -0.190200805664063 0.140396118164063
0.114852905273438 -0.084564208984375 -0.101860046386719 -0.0981826782226563
0.149078369140625 0.0692138671875 0.209182739257813 -0.144943237304688
0.02667236328125 0.131523132324219 0.30584716796875 -0.066619873046875
-0.256179809570313 -0.0464630126953124 0.567626953125 0.3988037109375
-0.1400146484375 0.010284423828125 0.168899536132813 0.174514770507813
-0.108940124511719 -0.087432861328125 -0.029296875 0.330596923828125
-0.192855834960938 -0.061248779296875 0.105194091796875 0.4508056640625
-0.224594116210938 0.0339813232421875 0.19964599609375 0.300048828125
-0.199432373046875 0.188430786132812 0.164413452148438 0.264175415039062
-0.062255859375 0.257080078125 0.143646240234375 0.30450439453125
-0.032318115234375 0.231674194335938 0.1279296875 0.340087890625
-0.031158447265625 0.245773315429688 0.082183837890625 0.402557373046875
-0.0985107421875 0.227890014648437 -0.0184326171875 0.4052734375
-0.169692993164063 0.133453369140625 -0.0909423828125 0.306671142578125
-0.186355590820313 0.0285491943359375 -0.152587890625 0.16033935546875
-0.0855255126953125 -0.0830001831054688 -0.103767395019531 -0.0786666870117187
-0.0625419616699219 -0.0242156982421875 0.170944213867188 -0.144210815429688
-0.163665771484375 0.0225830078125 0.2655029296875 -0.0594940185546875
-0.452178955078125 -0.18475341796875 0.441162109375 0.387451171875
-0.407318115234375 -0.089324951171875 0.0730438232421874 0.170028686523437
-0.3740234375 -0.09332275390625 -0.038055419921875 0.34881591796875
-0.391021728515625 0.03204345703125 0.152252197265625 0.46435546875
-0.3443603515625 0.160430908203125 0.272308349609375 0.248733520507813
-0.250640869140625 0.34039306640625 0.217803955078125 0.156417846679688
-0.068939208984375 0.400299072265625 0.139251708984375 0.171096801757813
-0.03533935546875 0.37158203125 0.09954833984375 0.21636962890625
-0.02032470703125 0.387725830078125 0.0615234375 0.29461669921875
-0.09906005859375 0.37115478515625 -0.011627197265625 0.326873779296875
-0.2244873046875 0.271621704101563 -0.0717926025390625 0.259780883789063
-0.293304443359375 0.16351318359375 -0.135330200195313 0.151763916015625
-0.27825927734375 -0.046234130859375 -0.109718322753906 -0.08673095703125
-0.281143188476563 -0.08740234375 0.110702514648437 -0.151443481445313
-0.348388671875 -0.0794067382812499 0.176651000976563 -0.0821990966796875
-0.56451416015625 -0.302734375 0.26397705078125 0.347747802734375
-0.59637451171875 -0.17449951171875 -0.042633056640625 0.176422119140625
-0.57427978515625 -0.0811157226562501 -0.0146179199218751 0.355499267578125
-0.527374267578125 0.13934326171875 0.2288818359375 0.421112060546875
-0.399017333984375 0.277008056640625 0.344757080078125 0.142425537109375
-0.25030517578125 0.4434814453125 0.261260986328125 -0.00392150878906247
-0.059844970703125 0.476654052734375 0.122543334960937 -0.00518798828124997
-0.03546142578125 0.450897216796875 0.0554885864257813 0.059661865234375
-0.0146484375 0.4783935546875 0.020111083984375 0.15802001953125
-0.098114013671875 0.471832275390625 -0.0250244140625 0.216720581054688
-0.260040283203125 0.3829345703125 -0.0811920166015625 0.18231201171875
-0.372711181640625 0.2882080078125 -0.142730712890625 0.109756469726563
-0.44647216796875 0.0106506347656251 -0.12384033203125 -0.119293212890625
-0.482635498046875 -0.123687744140625 0.0283355712890625 -0.1617431640625
-0.50360107421875 -0.16796875 0.0426025390625 -0.126350402832031
-0.58514404296875 -0.37017822265625 0.0719299316406249 0.288787841796875
-0.67388916015625 -0.21722412109375 -0.14935302734375 0.188720703125
-0.65673828125 -0.0465087890625001 0.025634765625 0.33917236328125
-0.55029296875 0.22503662109375 0.301513671875 0.317352294921875
-0.36651611328125 0.3480224609375 0.384063720703125 -0.00390624999999998
-0.1966552734375 0.4700927734375 0.267898559570313 -0.187911987304687
-0.03460693359375 0.471221923828125 0.0871429443359375 -0.191482543945312
-0.0291137695312501 0.460479736328125 0.003448486328125 -0.106666564941406
-0.011322021484375 0.49749755859375 -0.0301933288574219 0.00167083740234379
-0.0950927734375 0.503662109375 -0.0528564453125 0.0777511596679688
-0.274322509765625 0.43756103515625 -0.109481811523438 0.073089599609375
-0.412567138671875 0.365936279296875 -0.158737182617188 0.0316009521484375
-0.561798095703125 0.0574951171874999 -0.13720703125 -0.1690673828125
-0.62261962890625 -0.14093017578125 -0.071258544921875 -0.167694091796875
-0.59716796875 -0.23828125 -0.127243041992188 -0.1890869140625
-0.520782470703125 -0.383758544921875 -0.0986480712890625 0.223861694335938
-0.6419677734375 -0.2108154296875 -0.223617553710938 0.198654174804688
-0.60791015625 -0.000427246093749905 0.068359375 0.2978515625
-0.4561767578125 0.26177978515625 0.337738037109375 0.178985595703125
-0.26080322265625 0.341796875 0.37127685546875 -0.151123046875
-0.111968994140625 0.405548095703125 0.23052978515625 -0.35284423828125
-0.00411987304687496 0.388946533203125 0.035247802734375 -0.354766845703125
-0.018157958984375 0.399658203125 -0.0478668212890625 -0.256912231445313
-0.01025390625 0.443084716796875 -0.07720947265625 -0.150115966796875
-0.0875244140625 0.45355224609375 -0.0793304443359375 -0.0720367431640625
-0.254638671875 0.413543701171875 -0.1370849609375 -0.0561065673828125
-0.399658203125 0.371917724609375 -0.1697998046875 -0.0766143798828125
-0.5953369140625 0.0694580078125 -0.133880615234375 -0.2313232421875
-0.67071533203125 -0.1617431640625 -0.167037963867188 -0.172500610351563
-0.60260009765625 -0.28790283203125 -0.30914306640625 -0.264617919921875
-0.39520263671875 -0.339080810546875 -0.2242431640625 0.1646728515625
-0.525115966796875 -0.1610107421875 -0.25384521484375 0.19921875
-0.4625244140625 0.0443115234375001 0.102310180664062 0.23553466796875
-0.290130615234375 0.24139404296875 0.325347900390625 0.041656494140625
-0.12200927734375 0.267303466796875 0.31036376953125 -0.2611083984375
-0.0252838134765625 0.270538330078125 0.162109375 -0.46478271484375
0.01611328125 0.247283935546875 -0.024444580078125 -0.463531494140625
-0.00460815429687497 0.276260375976563 -0.093048095703125 -0.367462158203125
-0.00299072265624999 0.314727783203125 -0.11090087890625 -0.27557373046875
-0.0567626953125 0.3292236328125 -0.0945892333984375 -0.206298828125
-0.184539794921875 0.32305908203125 -0.152267456054687 -0.1798095703125
-0.321197509765625 0.31732177734375 -0.161163330078125 -0.194717407226562
-0.533355712890625 0.0570678710937499 -0.10418701171875 -0.29364013671875
-0.60546875 -0.17791748046875 -0.237716674804688 -0.180679321289062
-0.505096435546875 -0.30548095703125 -0.46826171875 -0.3487548828125
-0.2264404296875 -0.251052856445313 -0.295318603515625 0.122100830078125
-0.35247802734375 -0.0871276855468749 -0.242141723632813 0.19140625
-0.266754150390625 0.076904296875 0.121246337890625 0.165740966796875
-0.106353759765625 0.17803955078125 0.280868530273438 -0.0688323974609375
0.00720214843750001 0.150115966796875 0.23040771484375 -0.3172607421875
0.0408706665039062 0.100135803222656 0.083740234375 -0.509368896484375
0.02288818359375 0.07281494140625 -0.07720947265625 -0.51025390625
0.00749969482421875 0.11187744140625 -0.126922607421875 -0.4208984375
0.0139007568359375 0.136276245117188 -0.130645751953125 -0.349365234375
0.00468444824218751 0.158798217773438 -0.103240966796875 -0.295379638671875
-0.0660552978515625 0.198043823242187 -0.159912109375 -0.27099609375
-0.184402465820313 0.232025146484375 -0.13787841796875 -0.2982177734375
-0.38629150390625 0.0404052734375 -0.0496826171875 -0.34332275390625
-0.42840576171875 -0.16766357421875 -0.269317626953125 -0.18951416015625
-0.316070556640625 -0.275299072265625 -0.57427978515625 -0.4287109375
-0.00703430175781249 0.0917739868164063 0.62969970703125 0.37762451171875
0.156143188476563 0.0885162353515625 0.2423095703125 0.174087524414062
0.15679931640625 -0.08740234375 0.009979248046875 0.300079345703125
0.0112457275390625 -0.141952514648438 0.099884033203125 0.3978271484375
-0.0817947387695313 -0.0865859985351562 0.1539306640625 0.297698974609375
-0.115562438964844 0.018402099609375 0.123138427734375 0.310394287109375
-0.0436019897460937 0.0757675170898438 0.1414794921875 0.372528076171875
-0.0266799926757813 0.0581626892089844 0.141204833984375 0.410675048828125
-0.0362930297851563 0.0722579956054687 0.088836669921875 0.4698486328125
-0.0833511352539063 0.0617599487304688 -0.04449462890625 0.452728271484375
-0.0947036743164063 -0.0129928588867188 -0.131195068359375 0.331207275390625
-0.0551681518554688 -0.096923828125 -0.184890747070313 0.14141845703125
0.1136474609375 -0.0881423950195313 -0.100944519042969 -0.0971145629882813
0.151458740234375 0.066131591796875 0.213165283203125 -0.146148681640625
0.0313568115234375 0.134658813476562 0.30511474609375 -0.064788818359375
-0.259124755859375 -0.0415802001953125 0.5765380859375 0.39801025390625
-0.139335632324219 0.011993408203125 0.1766357421875 0.169586181640625
-0.112983703613281 -0.0894317626953125 -0.02886962890625 0.326873779296875
-0.197845458984375 -0.0604400634765625 0.109283447265625 0.452484130859375
-0.227493286132813 0.036041259765625 0.20355224609375 0.29425048828125
-0.197372436523438 0.196243286132813 0.165863037109375 0.262542724609375
-0.05999755859375 0.263031005859375 0.14532470703125 0.30499267578125
-0.029052734375 0.234832763671875 0.1309814453125 0.340118408203125
-0.026153564453125 0.247848510742187 0.089569091796875 0.40338134765625
-0.0934295654296875 0.231643676757813 -0.012725830078125 0.4061279296875
-0.168319702148438 0.137924194335937 -0.083892822265625 0.30682373046875
-0.186370849609375 0.032135009765625 -0.146896362304687 0.160980224609375
-0.0904541015625 -0.083831787109375 -0.103286743164063 -0.0763473510742188
-0.0653839111328125 -0.0260848999023438 0.173919677734375 -0.145278930664063
-0.16180419921875 0.025634765625 0.266159057617187 -0.0568084716796875
-0.458099365234375 -0.182220458984375 0.450103759765625 0.387481689453125
-0.41119384765625 -0.0874633789062501 0.0781707763671874 0.16619873046875
-0.383392333984375 -0.09210205078125 -0.03839111328125 0.346160888671875
-0.397613525390625 0.0384521484375001 0.157318115234375 0.46502685546875
-0.346649169921875 0.16656494140625 0.275192260742187 0.243515014648437
-0.248382568359375 0.350616455078125 0.218063354492188 0.151763916015625
-0.063262939453125 0.408721923828125 0.1395263671875 0.17010498046875
-0.030426025390625 0.374298095703125 0.101226806640625 0.217071533203125
-0.01361083984375 0.39105224609375 0.06646728515625 0.29498291015625
-0.092041015625 0.37664794921875 -0.00543212890625 0.32794189453125
-0.221633911132812 0.279266357421875 -0.0655670166015625 0.25823974609375
-0.29351806640625 0.171112060546875 -0.129165649414063 0.15155029296875
-0.286773681640625 -0.0445556640625 -0.110832214355469 -0.0850067138671875
-0.288177490234375 -0.087615966796875 0.113418579101563 -0.150985717773438
-0.350189208984375 -0.079345703125 0.1776123046875 -0.07708740234375
-0.57330322265625 -0.30010986328125 0.2703857421875 0.348114013671875
-0.601806640625 -0.17218017578125 -0.0380096435546875 0.17315673828125
-0.58892822265625 -0.0785522460937501 -0.0172119140625001 0.352264404296875
-0.5338134765625 0.14764404296875 0.2353515625 0.42193603515625
-0.40008544921875 0.28778076171875 0.346710205078125 0.13690185546875
-0.24822998046875 0.4547119140625 0.257949829101563 -0.0109405517578125
-0.05303955078125 0.485076904296875 0.120277404785156 -0.00748443603515622
-0.027923583984375 0.45684814453125 0.0553550720214844 0.0609970092773438
-0.00695800781249995 0.48297119140625 0.022064208984375 0.156890869140625
-0.08929443359375 0.476806640625 -0.021881103515625 0.217910766601563
-0.25616455078125 0.39190673828125 -0.0771636962890625 0.18194580078125
-0.37152099609375 0.298797607421875 -0.136680603027344 0.109756469726563
-0.4576416015625 0.014404296875 -0.126655578613281 -0.117729187011719
-0.492950439453125 -0.119842529296875 0.029327392578125 -0.159500122070313
-0.506927490234375 -0.166961669921875 0.0439987182617187 -0.120864868164063
-0.59521484375 -0.3717041015625 0.0774536132812499 0.288116455078125
-0.68023681640625 -0.2138671875 -0.148086547851563 0.187347412109375
-0.6734619140625 -0.0413818359375001 0.0221862792968749 0.336181640625
-0.55438232421875 0.237091064453125 0.306884765625 0.318206787109375
-0.364898681640625 0.356597900390625 0.38507080078125 -0.00933837890624998
-0.193817138671875 0.478240966796875 0.261581420898438 -0.195022583007812
-0.0279541015625001 0.47796630859375 0.082366943359375 -0.193679809570312
-0.021575927734375 0.46490478515625 0.0019989013671875 -0.105880737304687
-0.00445556640625001 0.503662109375 -0.0309123992919922 0.0013828277587891
-0.08697509765625 0.5089111328125 -0.0513076782226563 0.0787277221679688
-0.26983642578125 0.447723388671875 -0.106307983398438 0.0736312866210938
-0.41290283203125 0.37786865234375 -0.155120849609375 0.031707763671875
-0.57452392578125 0.06304931640625 -0.142288208007813 -0.1666259765625
-0.63507080078125 -0.13873291015625 -0.0714569091796875 -0.16351318359375
-0.603759765625 -0.2369384765625 -0.126861572265625 -0.182464599609375
-0.52947998046875 -0.385894775390625 -0.0950469970703125 0.222259521484375
-0.64617919921875 -0.2066650390625 -0.224380493164063 0.198837280273438
-0.620849609375 0.00494384765625003 0.0642089843749999 0.296875
-0.459503173828125 0.271942138671875 0.34088134765625 0.18023681640625
-0.25830078125 0.349395751953125 0.368927001953125 -0.156402587890625
-0.108551025390625 0.412353515625 0.2222900390625 -0.359283447265625
3.05175781250238E-05 0.39434814453125 0.03045654296875 -0.356292724609375
-0.012847900390625 0.4029541015625 -0.051177978515625 -0.256607055664063
-0.00433349609375004 0.447265625 -0.0789337158203125 -0.151947021484375
-0.081298828125 0.4593505859375 -0.0791244506835938 -0.0725860595703125
-0.25146484375 0.42303466796875 -0.135505676269531 -0.0555038452148437
-0.399322509765625 0.38299560546875 -0.167724609375 -0.0758514404296875
-0.60809326171875 0.0753173828124999 -0.140884399414063 -0.228729248046875
-0.68402099609375 -0.15899658203125 -0.168701171875 -0.167373657226562
-0.60906982421875 -0.2886962890625 -0.310272216796875 -0.258148193359375
-0.4017333984375 -0.341552734375 -0.222244262695313 0.161331176757812
-0.5291748046875 -0.15740966796875 -0.254867553710938 0.198928833007813
-0.4716796875 0.0504455566406249 0.0980987548828125 0.2344970703125
-0.29132080078125 0.25079345703125 0.326416015625 0.04150390625
-0.118606567382813 0.272720336914063 0.306549072265625 -0.26336669921875
-0.022674560546875 0.274368286132813 0.1500244140625 -0.46807861328125
0.0182952880859375 0.250564575195313 -0.030975341796875 -0.46441650390625
-0.00111389160156248 0.279876708984375 -0.09765625 -0.367584228515625
0.000854492187499969 0.317657470703125 -0.114471435546875 -0.277862548828125
-0.05230712890625 0.333709716796875 -0.096038818359375 -0.208358764648437
-0.18310546875 0.330291748046875 -0.152114868164062 -0.179275512695313
-0.32244873046875 0.325225830078125 -0.160537719726563 -0.193450927734375
-0.545318603515625 0.0604553222656251 -0.1121826171875 -0.292205810546875
-0.61700439453125 -0.17498779296875 -0.24102783203125 -0.17462158203125
-0.51092529296875 -0.306549072265625 -0.472076416015625 -0.341827392578125
-0.231307983398438 -0.253173828125 -0.29473876953125 0.118896484375
-0.3564453125 -0.0843505859375001 -0.243423461914063 0.190887451171875
-0.272018432617188 0.0815582275390625 0.118301391601562 0.165267944335937
-0.104965209960937 0.182464599609375 0.279678344726563 -0.067840576171875
0.0113067626953125 0.151626586914063 0.22479248046875 -0.316986083984375
0.0414276123046875 0.100753784179688 0.070465087890625 -0.50897216796875
0.0230560302734375 0.073394775390625 -0.0850219726562499 -0.510772705078125
0.009552001953125 0.113563537597656 -0.13214111328125 -0.420806884765625
0.0149459838867187 0.137527465820313 -0.135040283203125 -0.352447509765625
0.00689697265625 0.159820556640625 -0.104766845703125 -0.2982177734375
-0.0636444091796875 0.20098876953125 -0.160568237304687 -0.27081298828125
-0.184158325195313 0.237167358398437 -0.139251708984375 -0.296173095703125
-0.39410400390625 0.043426513671875 -0.058319091796875 -0.3426513671875
-0.43780517578125 -0.167236328125 -0.274078369140625 -0.183074951171875
-0.32037353515625 -0.2745361328125 -0.5782470703125 -0.42437744140625
-0.0036773681640625 0.100044250488281 0.65814208984375 0.37353515625
0.165771484375 0.08819580078125 0.256668090820313 0.166839599609375
0.160140991210937 -0.095855712890625 0.015838623046875 0.30340576171875
0.00773620605468749 -0.146820068359375 0.111419677734375 0.403717041015625
-0.088592529296875 -0.0880966186523437 0.163055419921875 0.296142578125
-0.116546630859375 0.02630615234375 0.133636474609375 0.3135986328125
-0.0419692993164063 0.0816421508789063 0.1541748046875 0.376739501953125
-0.0268630981445312 0.0609245300292969 0.15594482421875 0.41558837890625
-0.0340347290039063 0.0750808715820313 0.10797119140625 0.480194091796875
-0.0823440551757813 0.0666275024414062 -0.03076171875 0.466064453125
-0.0980911254882813 -0.0101776123046875 -0.122955322265625 0.34210205078125
-0.0594100952148438 -0.0987701416015625 -0.181838989257812 0.14947509765625
0.112777709960938 -0.0954208374023438 -0.102745056152344 -0.0952682495117188
0.156997680664063 0.062591552734375 0.218963623046875 -0.1551513671875
0.03802490234375 0.138076782226563 0.31085205078125 -0.069915771484375
-0.268112182617188 -0.0333099365234375 0.60650634765625 0.396728515625
-0.142425537109375 0.0161590576171875 0.189071655273438 0.164230346679688
-0.122039794921875 -0.091278076171875 -0.0247802734375 0.33184814453125
-0.205902099609375 -0.0554962158203125 0.12493896484375 0.46038818359375
-0.236572265625 0.0428009033203125 0.21392822265625 0.292449951171875
-0.19659423828125 0.2122802734375 0.17486572265625 0.2623291015625
-0.0518341064453125 0.276046752929687 0.15570068359375 0.307586669921875
-0.02191162109375 0.2425537109375 0.14404296875 0.34423828125
-0.0175933837890625 0.255966186523438 0.10687255859375 0.411163330078125
-0.0858306884765625 0.242095947265625 0.00122070312499999 0.416595458984375
-0.168685913085938 0.148773193359375 -0.074188232421875 0.315399169921875
-0.190292358398438 0.039825439453125 -0.140945434570312 0.167739868164063
-0.0985031127929687 -0.0842971801757813 -0.10614013671875 -0.07464599609375
-0.0695533752441406 -0.0258407592773438 0.178695678710938 -0.152587890625
-0.164230346679688 0.029510498046875 0.27191162109375 -0.0595550537109375
-0.478424072265625 -0.1746826171875 0.47503662109375 0.3870849609375
-0.424896240234375 -0.078582763671875 0.086822509765625 0.164047241210938
-0.404876708984375 -0.0869445800781251 -0.035400390625 0.351837158203125
-0.410797119140625 0.052398681640625 0.176849365234375 0.473236083984375
-0.35394287109375 0.181365966796875 0.288665771484375 0.23779296875
-0.245147705078125 0.373016357421875 0.2235107421875 0.146469116210938
-0.051971435546875 0.426116943359375 0.145706176757813 0.169891357421875
-0.0181884765625 0.386871337890625 0.109817504882812 0.219696044921875
0.000457763671875 0.403472900390625 0.07720947265625 0.2998046875
-0.07928466796875 0.391448974609375 0.005035400390625 0.336639404296875
-0.2186279296875 0.297332763671875 -0.0563812255859375 0.264785766601563
-0.29595947265625 0.187347412109375 -0.12396240234375 0.157028198242188
-0.30078125 -0.0369873046875001 -0.115234375 -0.08258056640625
-0.302734375 -0.083221435546875 0.115325927734375 -0.156326293945313
-0.360992431640625 -0.0738525390625001 0.1826171875 -0.076812744140625
-0.60076904296875 -0.29425048828125 0.2904052734375 0.3504638671875
-0.62408447265625 -0.1610107421875 -0.033172607421875 0.174774169921875
-0.61846923828125 -0.06573486328125 -0.015045166015625 0.359832763671875
-0.548248291015625 0.171112060546875 0.25421142578125 0.4276123046875
-0.404388427734375 0.306427001953125 0.358489990234375 0.12567138671875
-0.24072265625 0.478759765625 0.25909423828125 -0.0225067138671875
-0.039093017578125 0.503173828125 0.120132446289062 -0.0106277465820312
-0.01324462890625 0.469757080078125 0.0580558776855469 0.0612869262695313
0.0101623535156249 0.498199462890625 0.027069091796875 0.16015625
-0.07379150390625 0.493804931640625 -0.0144500732421875 0.223617553710938
-0.251312255859375 0.41558837890625 -0.0706939697265625 0.186935424804688
-0.372344970703125 0.321624755859375 -0.132980346679688 0.113845825195313
-0.477203369140625 0.028656005859375 -0.134162902832031 -0.11529541015625
-0.51531982421875 -0.11065673828125 0.0282440185546874 -0.162109375
-0.525115966796875 -0.16168212890625 0.0450820922851562 -0.117958068847656
-0.62310791015625 -0.36895751953125 0.08978271484375 0.291656494140625
-0.7049560546875 -0.2032470703125 -0.146011352539063 0.192031860351563
-0.70263671875 -0.02392578125 0.024383544921875 0.3438720703125
-0.56756591796875 0.2613525390625 0.32525634765625 0.318756103515625
-0.365814208984375 0.379241943359375 0.39337158203125 -0.023773193359375
-0.18426513671875 0.500885009765625 0.257614135742188 -0.210906982421875
-0.012847900390625 0.495452880859375 0.0764923095703125 -0.201797485351562
-0.00543212890625003 0.48095703125 -0.00133514404296875 -0.10833740234375
0.0112304687500001 0.5205078125 -0.0323810577392578 0.000696182250976591
-0.071044921875 0.528533935546875 -0.0480194091796875 0.0820159912109375
-0.264190673828125 0.474639892578125 -0.103324890136719 0.0759048461914063
-0.41314697265625 0.403778076171875 -0.154159545898438 0.0355987548828125
-0.5982666015625 0.0815429687500001 -0.152328491210938 -0.165069580078125
-0.6654052734375 -0.12652587890625 -0.0766296386718751 -0.162506103515625
-0.62725830078125 -0.231689453125 -0.131500244140625 -0.178207397460938
-0.55596923828125 -0.38714599609375 -0.090087890625 0.226303100585937
-0.6708984375 -0.197265625 -0.225494384765625 0.205459594726562
-0.6480712890625 0.0240478515624999 0.0665588378906249 0.301910400390625
-0.464569091796875 0.297271728515625 0.356170654296875 0.1761474609375
-0.252777099609375 0.368316650390625 0.373565673828125 -0.17138671875
-0.09906005859375 0.42901611328125 0.211578369140625 -0.375274658203125
0.013153076171875 0.4073486328125 0.0186767578125 -0.366729736328125
0.00112915039062501 0.41552734375 -0.0606536865234375 -0.261337280273437
0.010833740234375 0.4625244140625 -0.0866241455078125 -0.154754638671875
-0.0668334960937501 0.47705078125 -0.0818405151367187 -0.072235107421875
-0.245880126953125 0.44635009765625 -0.137596130371094 -0.0546493530273437
-0.40106201171875 0.40966796875 -0.170639038085938 -0.0738983154296875
-0.63311767578125 0.094482421875 -0.154373168945313 -0.228240966796875
-0.716064453125 -0.14556884765625 -0.177566528320313 -0.162490844726562
-0.63458251953125 -0.28302001953125 -0.321929931640625 -0.251983642578125
-0.42413330078125 -0.34454345703125 -0.222732543945313 0.164520263671875
-0.5482177734375 -0.148193359375 -0.258392333984375 0.207168579101563
-0.49053955078125 0.0665588378906251 0.10150146484375 0.238067626953125
-0.2921142578125 0.268157958984375 0.3367919921875 0.03643798828125
-0.11065673828125 0.28466796875 0.305267333984375 -0.277191162109375
-0.01495361328125 0.28485107421875 0.13494873046875 -0.4822998046875
0.0267791748046875 0.258209228515625 -0.0467529296875 -0.475250244140625
0.00836181640624999 0.288116455078125 -0.110992431640625 -0.373992919921875
0.010406494140625 0.328155517578125 -0.12652587890625 -0.28369140625
-0.0426025390625 0.3463134765625 -0.102935791015625 -0.2119140625
-0.1767578125 0.348419189453125 -0.158111572265625 -0.180099487304687
-0.322967529296875 0.347259521484375 -0.167617797851563 -0.194091796875
-0.56689453125 0.0769653320312499 -0.1270751953125 -0.294158935546875
-0.646484375 -0.16534423828125 -0.252426147460938 -0.167755126953125
-0.5343017578125 -0.304229736328125 -0.4901123046875 -0.336273193359375
-0.2462158203125 -0.25726318359375 -0.298492431640625 0.122222900390625
-0.3671875 -0.07568359375 -0.247467041015625 0.198928833007812
-0.28204345703125 0.0924072265625 0.121932983398438 0.166976928710938
-0.102386474609375 0.19219970703125 0.283355712890625 -0.0743408203125
0.0182342529296875 0.155868530273438 0.21929931640625 -0.327392578125
0.0460052490234375 0.103691101074219 0.05230712890625 -0.520904541015625
0.0246658325195313 0.0761184692382813 -0.103363037109375 -0.519012451171875
0.0134963989257812 0.116813659667969 -0.147003173828125 -0.4287109375
0.0191497802734375 0.140701293945313 -0.148529052734375 -0.359222412109375
0.0122222900390625 0.163864135742188 -0.114501953125 -0.305816650390625
-0.05877685546875 0.210098266601563 -0.16937255859375 -0.273101806640625
-0.182144165039063 0.251174926757813 -0.149322509765625 -0.299468994140625
-0.409393310546875 0.05535888671875 -0.07244873046875 -0.347442626953125
-0.458587646484375 -0.15972900390625 -0.2867431640625 -0.17559814453125
-0.337188720703125 -0.275177001953125 -0.60430908203125 -0.42010498046875
0.00334167480468751 0.109031677246094 0.69921875 0.34814453125
0.17864990234375 0.082489013671875 0.275283813476563 0.150299072265625
0.160964965820313 -0.110748291015625 0.03057861328125 0.307373046875
-0.000274658203124994 -0.152816772460937 0.13623046875 0.407257080078125
-0.0996551513671875 -0.085968017578125 0.17938232421875 0.29217529296875
-0.115669250488281 0.0361557006835937 0.15277099609375 0.314483642578125
-0.0367279052734375 0.0886383056640625 0.177520751953125 0.378265380859375
-0.0238990783691406 0.0647010803222656 0.1827392578125 0.416107177734375
-0.0286636352539063 0.0790328979492188 0.14227294921875 0.485504150390625
-0.078948974609375 0.07427978515625 -0.00265502929687498 0.478118896484375
-0.1015625 -0.00339508056640627 -0.103271484375 0.35748291015625
-0.0679168701171875 -0.0979843139648438 -0.173126220703125 0.16204833984375
0.108993530273438 -0.105361938476563 -0.10626220703125 -0.0901412963867188
0.165618896484375 0.0544586181640625 0.219879150390625 -0.170852661132812
0.0491256713867188 0.139968872070312 0.31451416015625 -0.082611083984375
-0.277328491210938 -0.0147247314453125 0.6480712890625 0.37567138671875
-0.143081665039063 0.0258941650390625 0.20654296875 0.153060913085938
-0.133522033691406 -0.0891036987304687 -0.0103759765625 0.34063720703125
-0.216812133789063 -0.0458221435546875 0.153411865234375 0.46551513671875
-0.244537353515625 0.0574035644531251 0.232574462890625 0.28424072265625
-0.187835693359375 0.233688354492188 0.191085815429688 0.258010864257813
-0.03448486328125 0.28924560546875 0.174407958984375 0.305999755859375
-0.00790405273437502 0.251022338867188 0.16790771484375 0.344818115234375
-0.00067138671874998 0.265182495117188 0.135467529296875 0.413726806640625
-0.0707244873046875 0.254150390625 0.026580810546875 0.427581787109375
-0.163299560546875 0.164688110351563 -0.053955078125 0.326324462890625
-0.192977905273438 0.0528564453125 -0.130081176757812 0.1776123046875
-0.109031677246094 -0.0804595947265625 -0.110237121582031 -0.069244384765625
-0.0747451782226563 -0.0232772827148437 0.178314208984375 -0.16632080078125
-0.165771484375 0.037933349609375 0.277481079101563 -0.0690460205078125
-0.502593994140625 -0.151580810546875 0.511627197265625 0.3736572265625
-0.440155029296875 -0.05780029296875 0.100692749023437 0.158905029296875
-0.428466796875 -0.0665893554687499 -0.0227661132812501 0.361236572265625
-0.4215087890625 0.078948974609375 0.208282470703125 0.476348876953125
-0.35595703125 0.207763671875 0.306304931640625 0.22320556640625
-0.22943115234375 0.401397705078125 0.233184814453125 0.1343994140625
-0.025146484375 0.44317626953125 0.156234741210938 0.165313720703125
0.00735473632812496 0.399078369140625 0.124649047851562 0.21832275390625
0.0272216796875 0.417083740234375 0.09710693359375 0.301361083984375
-0.053375244140625 0.406829833984375 0.027587890625 0.344085693359375
-0.20458984375 0.320465087890625 -0.0389404296875 0.272506713867188
-0.2921142578125 0.212005615234375 -0.113006591796875 0.164505004882812
-0.31646728515625 -0.01904296875 -0.121322631835938 -0.0767440795898438
-0.32025146484375 -0.0687866210937501 0.112716674804687 -0.165191650390625
-0.37451171875 -0.057891845703125 0.185516357421875 -0.08148193359375
-0.63629150390625 -0.27105712890625 0.319854736328125 0.3438720703125
-0.64862060546875 -0.131591796875 -0.0237579345703126 0.177581787109375
-0.64892578125 -0.0308227539062501 -0.00234985351562502 0.36968994140625
-0.556427001953125 0.2086181640625 0.286956787109375 0.423583984375
-0.39910888671875 0.340911865234375 0.37451171875 0.105224609375
-0.219390869140625 0.509429931640625 0.259140014648438 -0.0406494140625
-0.00686645507812502 0.521484375 0.120185852050781 -0.0186386108398437
0.017791748046875 0.48468017578125 0.0637245178222656 0.0590057373046875
0.04278564453125 0.51422119140625 0.036224365234375 0.160430908203125
-0.042236328125 0.5137939453125 0.000930786132812476 0.230712890625
-0.23101806640625 0.446014404296875 -0.0571746826171875 0.193130493164063
-0.36444091796875 0.355316162109375 -0.124771118164063 0.121574401855469
-0.495574951171875 0.0584411621093749 -0.144119262695313 -0.10809326171875
-0.542266845703125 -0.0840759277343751 0.02276611328125 -0.165252685546875
-0.5501708984375 -0.140380859375 0.0431137084960937 -0.116188049316406
-0.6629638671875 -0.34832763671875 0.109832763671875 0.2921142578125
-0.737060546875 -0.16888427734375 -0.140350341796875 0.201309204101563
-0.73486328125 0.0174560546874999 0.0369873046874999 0.3515625
-0.570068359375 0.3040771484375 0.354095458984375 0.309478759765625
-0.3521728515625 0.4132080078125 0.401702880859375 -0.049591064453125
-0.16021728515625 0.530426025390625 0.245498657226563 -0.233474731445313
0.0193786621093751 0.512420654296875 0.0640411376953125 -0.21209716796875
0.0257568359375 0.49462890625 -0.00784301757812499 -0.111419677734375
0.046722412109375 0.536865234375 -0.0348777770996094 0.0022678375244141
-0.0377197265625 0.5458984375 -0.04278564453125 0.0870285034179688
-0.240234375 0.50762939453125 -0.0977325439453125 0.0818099975585938
-0.401214599609375 0.44482421875 -0.151657104492188 0.0431976318359375
-0.6175537109375 0.1192626953125 -0.1668701171875 -0.15728759765625
-0.6990966796875 -0.09136962890625 -0.0861663818359375 -0.158248901367188
-0.65869140625 -0.2064208984375 -0.141693115234375 -0.168960571289063
-0.59661865234375 -0.36859130859375 -0.0789337158203125 0.231887817382812
-0.69970703125 -0.16558837890625 -0.221420288085938 0.219345092773438
-0.67376708984375 0.0623168945312499 0.079010009765625 0.306396484375
-0.462005615234375 0.332427978515625 0.376800537109375 0.162017822265625
-0.23724365234375 0.39501953125 0.37200927734375 -0.196929931640625
-0.076507568359375 0.449310302734375 0.18951416015625 -0.3975830078125
0.03924560546875 0.4183349609375 -0.00390625000000001 -0.378326416015625
0.0277099609375 0.42767333984375 -0.076751708984375 -0.264724731445313
0.03924560546875 0.4761962890625 -0.100006103515625 -0.154998779296875
-0.03912353515625 0.494140625 -0.0860824584960938 -0.0703735351562499
-0.2247314453125 0.478363037109375 -0.14093017578125 -0.0501861572265625
-0.38922119140625 0.44842529296875 -0.175796508789063 -0.0678863525390625
-0.65374755859375 0.13482666015625 -0.173904418945313 -0.2213134765625
-0.75244140625 -0.10845947265625 -0.190643310546875 -0.152511596679687
-0.67034912109375 -0.2586669921875 -0.340911865234375 -0.236236572265625
-0.457244873046875 -0.334808349609375 -0.219711303710938 0.1746826171875
-0.57110595703125 -0.12115478515625 -0.256057739257813 0.223648071289063
-0.5064697265625 0.0995483398437499 0.112335205078125 0.239334106445313
-0.283660888671875 0.29400634765625 0.348663330078125 0.0198974609375
-0.093963623046875 0.299285888671875 0.297210693359375 -0.2994384765625
0.00201416015624997 0.294769287109375 0.10565185546875 -0.49847412109375
0.042938232421875 0.265121459960938 -0.0767517089843749 -0.4854736328125
0.026611328125 0.296051025390625 -0.13604736328125 -0.377960205078125
0.030487060546875 0.337921142578125 -0.147186279296875 -0.284698486328125
-0.0220947265625 0.35888671875 -0.115921020507813 -0.212677001953125
-0.16033935546875 0.37017822265625 -0.169998168945313 -0.177993774414062
-0.3109130859375 0.379119873046875 -0.180145263671875 -0.189712524414062
-0.584716796875 0.1114501953125 -0.14959716796875 -0.29022216796875
-0.6805419921875 -0.1337890625 -0.269134521484375 -0.152679443359375
-0.5673828125 -0.28533935546875 -0.519073486328125 -0.314788818359375
-0.2685546875 -0.253829956054688 -0.299957275390625 0.134185791015625
-0.382843017578125 -0.057586669921875 -0.245010375976563 0.214218139648438
-0.288299560546875 0.114593505859375 0.130828857421875 0.165252685546875
-0.093719482421875 0.204238891601562 0.286407470703125 -0.089447021484375
0.03070068359375 0.159042358398438 0.20489501953125 -0.345611572265625
0.0536270141601563 0.103904724121094 0.02032470703125 -0.530914306640625
0.0292510986328125 0.0767822265625 -0.136260986328125 -0.525482177734375
0.0204238891601563 0.1190185546875 -0.17510986328125 -0.43109130859375
0.027313232421875 0.14373779296875 -0.1729736328125 -0.360687255859375
0.022552490234375 0.167373657226563 -0.13360595703125 -0.308319091796875
-0.0472259521484375 0.220260620117188 -0.186538696289063 -0.271347045898437
-0.172073364257813 0.270645141601563 -0.167694091796875 -0.298431396484375
-0.423431396484375 0.079925537109375 -0.0986328125 -0.349609375
-0.48577880859375 -0.138214111328125 -0.30474853515625 -0.158905029296875
-0.36126708984375 -0.26434326171875 -0.6429443359375 -0.39556884765625
0.014892578125 0.114356994628906 0.72894287109375 0.29815673828125
0.188873291015625 0.06903076171875 0.287445068359375 0.12335205078125
0.152908325195313 -0.126113891601563 0.050140380859375 0.3033447265625
-0.0112457275390625 -0.154220581054688 0.16510009765625 0.396636962890625
-0.109153747558594 -0.077545166015625 0.198272705078125 0.277755737304688
-0.110488891601563 0.0474166870117187 0.17425537109375 0.303131103515625
-0.028106689453125 0.093475341796875 0.203826904296875 0.3658447265625
-0.0185165405273437 0.0673904418945313 0.21337890625 0.40191650390625
-0.021148681640625 0.08148193359375 0.18182373046875 0.47216796875
-0.071685791015625 0.081207275390625 0.03662109375 0.477447509765625
-0.10284423828125 0.00613403320312502 -0.069793701171875 0.3634033203125
-0.0759201049804687 -0.0933837890625 -0.156951904296875 0.174041748046875
0.100128173828125 -0.114646911621094 -0.108840942382813 -0.081298828125
0.1702880859375 0.041046142578125 0.211639404296875 -0.188323974609375
0.0612106323242187 0.135848999023438 0.308929443359375 -0.100341796875
-0.277755737304688 0.00842285156250005 0.679443359375 0.33087158203125
-0.139717102050781 0.0366134643554687 0.217987060546875 0.132492065429688
-0.14453125 -0.08074951171875 0.01025390625 0.34014892578125
-0.221466064453125 -0.0300445556640625 0.18878173828125 0.453765869140625
-0.242828369140625 0.0777435302734375 0.250869750976563 0.264633178710938
-0.168350219726563 0.251846313476563 0.206558227539063 0.243179321289063
-0.00927734374999998 0.294677734375 0.195404052734375 0.293060302734375
0.0131378173828125 0.252243041992188 0.1920166015625 0.32965087890625
0.0220184326171875 0.265609741210938 0.1680908203125 0.40069580078125
-0.04718017578125 0.2598876953125 0.061981201171875 0.424713134765625
-0.1497802734375 0.179351806640625 -0.024078369140625 0.32745361328125
-0.188949584960937 0.068878173828125 -0.112274169921875 0.184341430664063
-0.117294311523438 -0.0723114013671875 -0.111785888671875 -0.0597152709960938
-0.0779571533203125 -0.0181045532226562 0.168853759765625 -0.179855346679688
-0.162384033203125 0.0484466552734375 0.274246215820313 -0.082916259765625
-0.51470947265625 -0.112945556640625 0.542999267578125 0.33758544921875
-0.444305419921875 -0.0242309570312499 0.113082885742187 0.147125244140625
-0.441558837890625 -0.03350830078125 -0.000335693359375005 0.36358642578125
-0.417266845703125 0.11029052734375 0.246429443359375 0.46136474609375
-0.34356689453125 0.2384033203125 0.3216552734375 0.197723388671875
-0.19744873046875 0.42303466796875 0.237960815429688 0.115829467773438
0.011993408203125 0.44866943359375 0.1656494140625 0.15380859375
0.03900146484375 0.39923095703125 0.140884399414063 0.20849609375
0.062713623046875 0.41619873046875 0.12127685546875 0.293121337890625
-0.017974853515625 0.412017822265625 0.056365966796875 0.341156005859375
-0.176513671875 0.340850830078125 -0.0137481689453125 0.2720947265625
-0.2745361328125 0.237655639648438 -0.09637451171875 0.169845581054688
-0.3214111328125 0.00613403320312499 -0.125076293945313 -0.066070556640625
-0.32928466796875 -0.04425048828125 0.103897094726563 -0.17340087890625
-0.3785400390625 -0.0311889648437499 0.18389892578125 -0.0881500244140625
-0.6597900390625 -0.2249755859375 0.34783935546875 0.3199462890625
-0.6611328125 -0.0825805664062501 -0.0109863281250001 0.17462158203125
-0.662841796875 0.0213623046874999 0.0199890136718749 0.36944580078125
-0.5445556640625 0.25372314453125 0.32122802734375 0.403656005859375
-0.3746337890625 0.373565673828125 0.380218505859375 0.074432373046875
-0.1793212890625 0.533416748046875 0.249847412109375 -0.06134033203125
0.037200927734375 0.524627685546875 0.116073608398438 -0.0280838012695312
0.056976318359375 0.48529052734375 0.0677337646484375 0.0531196594238282
0.0856628417968749 0.512908935546875 0.046905517578125 0.157363891601563
0.00210571289062497 0.516326904296875 0.0211639404296875 0.229293823242188
-0.19256591796875 0.467742919921875 -0.038299560546875 0.193695068359375
-0.336181640625 0.387664794921875 -0.11151123046875 0.127754211425781
-0.49713134765625 0.100006103515625 -0.151031494140625 -0.09503173828125
-0.55572509765625 -0.0419006347656251 0.0129852294921875 -0.163818359375
-0.561981201171875 -0.101593017578125 0.0394973754882812 -0.11273193359375
-0.6943359375 -0.3004150390625 0.131805419921875 0.281402587890625
-0.75079345703125 -0.115966796875 -0.126800537109375 0.208114624023438
-0.74505615234375 0.0787963867187499 0.0578613281249999 0.349517822265625
-0.55206298828125 0.35211181640625 0.37872314453125 0.28350830078125
-0.320770263671875 0.441864013671875 0.396881103515625 -0.08306884765625
-0.117218017578125 0.546722412109375 0.22186279296875 -0.252792358398437
0.060882568359375 0.5133056640625 0.04583740234375 -0.218429565429687
0.06451416015625 0.493560791015625 -0.0168914794921875 -0.111587524414062
0.0917663574218749 0.53594970703125 -0.0367164611816406 0.00508880615234379
0.00778198242187506 0.551788330078125 -0.03326416015625 0.0890426635742188
-0.198486328125 0.530059814453125 -0.0881881713867188 0.086029052734375
-0.3660888671875 0.4793701171875 -0.144729614257813 0.051055908203125
-0.61639404296875 0.1702880859375 -0.179656982421875 -0.141189575195312
-0.7142333984375 -0.0379638671875001 -0.095855712890625 -0.148025512695313
-0.67626953125 -0.15997314453125 -0.149688720703125 -0.153167724609375
-0.628662109375 -0.327880859375 -0.062347412109375 0.233016967773437
-0.71270751953125 -0.112060546875 -0.207366943359375 0.2325439453125
-0.6787109375 0.11981201171875 0.096710205078125 0.30181884765625
-0.439849853515625 0.371917724609375 0.3896484375 0.134979248046875
-0.204498291015625 0.41485595703125 0.355926513671875 -0.227142333984375
-0.03887939453125 0.4578857421875 0.154510498046875 -0.41064453125
0.072509765625 0.417236328125 -0.034515380859375 -0.378753662109375
0.061431884765625 0.425201416015625 -0.097259521484375 -0.260223388671875
0.07891845703125 0.4755859375 -0.114089965820312 -0.14703369140625
0.00286865234374995 0.4984130859375 -0.0888214111328125 -0.0645294189453125
-0.18377685546875 0.499786376953125 -0.142288208007813 -0.04205322265625
-0.352691650390625 0.484466552734375 -0.177719116210938 -0.056121826171875
-0.65155029296875 0.18792724609375 -0.191986083984375 -0.204620361328125
-0.76971435546875 -0.0516357421875 -0.200576782226563 -0.132843017578125
-0.6910400390625 -0.2122802734375 -0.354339599609375 -0.206878662109375
-0.485321044921875 -0.302337646484375 -0.207916259765625 0.18377685546875
-0.58087158203125 -0.07696533203125 -0.24212646484375 0.238998413085938
-0.50543212890625 0.14361572265625 0.125747680664062 0.231277465820312
-0.26300048828125 0.3179931640625 0.35003662109375 -0.00546264648437498
-0.068817138671875 0.306365966796875 0.27288818359375 -0.320892333984375
0.02618408203125 0.295562744140625 0.06365966796875 -0.503875732421875
0.064178466796875 0.26202392578125 -0.114898681640625 -0.4796142578125
0.050018310546875 0.294036865234375 -0.1641845703125 -0.368255615234375
0.057220458984375 0.337158203125 -0.170974731445313 -0.273162841796875
0.00765991210937503 0.3609619140625 -0.130325317382813 -0.205245971679687
-0.130889892578125 0.386871337890625 -0.181381225585938 -0.167343139648437
-0.282501220703125 0.40606689453125 -0.192306518554688 -0.177886962890625
-0.58367919921875 0.15863037109375 -0.174972534179688 -0.2742919921875
-0.6988525390625 -0.083740234375 -0.279571533203125 -0.126785278320312
-0.59051513671875 -0.244873046875 -0.54010009765625 -0.274566650390625
-0.291015625 -0.2369384765625 -0.292449951171875 0.1483154296875
-0.387176513671875 -0.0263366699218751 -0.232803344726563 0.22918701171875
-0.2843017578125 0.139923095703125 0.139739990234375 0.155914306640625
-0.07861328125 0.21337890625 0.278762817382813 -0.109695434570312
0.045501708984375 0.155593872070313 0.17767333984375 -0.357940673828125
0.0621566772460938 0.0999984741210937 -0.02264404296875 -0.527130126953125
0.0342483520507813 0.075836181640625 -0.17608642578125 -0.515716552734375
0.0288238525390625 0.117843627929687 -0.206085205078125 -0.417388916015625
0.03814697265625 0.141708374023438 -0.202850341796875 -0.34796142578125
0.0358123779296875 0.16552734375 -0.15643310546875 -0.299713134765625
-0.0287628173828125 0.224899291992188 -0.205703735351562 -0.257736206054688
-0.150146484375 0.285797119140625 -0.188629150390625 -0.286285400390625
-0.423065185546875 0.113739013671875 -0.127349853515625 -0.337982177734375
-0.50213623046875 -0.10174560546875 -0.315765380859375 -0.130340576171875
-0.38043212890625 -0.23760986328125 -0.67132568359375 -0.347412109375
0.0257492065429688 0.113395690917969 0.72955322265625 0.244384765625
0.191482543945312 0.05413818359375 0.2855224609375 0.09588623046875
0.139114379882813 -0.135917663574219 0.06536865234375 0.2908935546875
-0.0220947265625 -0.151443481445313 0.18597412109375 0.375946044921875
-0.114036560058594 -0.0679397583007813 0.20709228515625 0.25701904296875
-0.101486206054688 0.055267333984375 0.18731689453125 0.284454345703125
-0.0182342529296875 0.093658447265625 0.221099853515625 0.34381103515625
-0.01324462890625 0.0672073364257813 0.233062744140625 0.375640869140625
-0.014129638671875 0.08013916015625 0.210479736328125 0.442718505859375
-0.0632781982421875 0.0840988159179688 0.0708923339843751 0.459747314453125
-0.0992889404296875 0.0137557983398437 -0.039215087890625 0.355255126953125
-0.0811538696289063 -0.085418701171875 -0.136474609375 0.177108764648437
0.0889663696289062 -0.118179321289063 -0.1065673828125 -0.0721206665039062
0.169403076171875 0.0276031494140625 0.19622802734375 -0.197906494140625
0.0685806274414063 0.127281188964844 0.293731689453125 -0.11083984375
-0.267898559570312 0.0293426513671875 0.6832275390625 0.2781982421875
-0.13031005859375 0.0442352294921875 0.219940185546875 0.109619140625
-0.1495361328125 -0.0686492919921875 0.028656005859375 0.329315185546875
-0.219406127929687 -0.01531982421875 0.21380615234375 0.4290771484375
-0.233505249023438 0.092987060546875 0.258590698242188 0.238510131835938
-0.1451416015625 0.259384155273438 0.213180541992188 0.222671508789063
0.014434814453125 0.28863525390625 0.206298828125 0.273483276367188
0.0308074951171875 0.2435302734375 0.20745849609375 0.307037353515625
0.0417633056640625 0.256454467773438 0.190704345703125 0.375244140625
-0.0260467529296875 0.256057739257813 0.09234619140625 0.405426025390625
-0.131515502929688 0.185867309570312 0.00247192382812499 0.31463623046875
-0.179061889648437 0.0799102783203125 -0.092559814453125 0.182769775390625
-0.119361877441406 -0.0615921020507812 -0.108985900878906 -0.0504226684570313
-0.0782546997070313 -0.0121078491210938 0.1556396484375 -0.186141967773438
-0.154449462890625 0.0568084716796875 0.26434326171875 -0.091217041015625
-0.510467529296875 -0.075897216796875 0.5521240234375 0.294219970703125
-0.430999755859375 0.00466918945312494 0.119255065917969 0.13153076171875
-0.437255859375 -0.00131225585937491 0.01837158203125 0.352813720703125
-0.402679443359375 0.136260986328125 0.269683837890625 0.43267822265625
-0.320770263671875 0.253570556640625 0.320159912109375 0.168975830078125
-0.161590576171875 0.429962158203125 0.233184814453125 0.0958404541015625
0.045318603515625 0.43463134765625 0.168685913085938 0.139724731445313
0.067230224609375 0.384857177734375 0.149002075195312 0.191299438476563
0.092926025390625 0.3995361328125 0.13641357421875 0.274917602539063
0.013916015625 0.401092529296875 0.080474853515625 0.325408935546875
-0.14520263671875 0.345123291015625 0.00865173339843747 0.260498046875
-0.249496459960937 0.2506103515625 -0.07843017578125 0.166915893554688
-0.314544677734375 0.030120849609375 -0.123130798339844 -0.054534912109375
-0.32623291015625 -0.0207519531250001 0.0915069580078125 -0.174880981445313
-0.3717041015625 -0.00894165039062504 0.176681518554688 -0.0919036865234375
-0.656005859375 -0.17633056640625 0.3602294921875 0.2891845703125
-0.64678955078125 -0.0379028320312499 0.000137329101562461 0.167266845703125
-0.64984130859375 0.0688476562499999 0.037994384765625 0.358306884765625
-0.51763916015625 0.285736083984375 0.341033935546875 0.37103271484375
-0.339874267578125 0.388641357421875 0.3721923828125 0.04473876953125
-0.13580322265625 0.5330810546875 0.2332763671875 -0.0763397216796875
0.0735778808593751 0.508392333984375 0.107109069824219 -0.0350265502929687
0.088775634765625 0.46630859375 0.0668754577636719 0.0459518432617188
0.123046875 0.49322509765625 0.055267333984375 0.150238037109375
0.040679931640625 0.501617431640625 0.0388641357421875 0.219375610351563
-0.15264892578125 0.470947265625 -0.02154541015625 0.186477661132813
-0.29742431640625 0.40350341796875 -0.0966262817382813 0.127311706542969
-0.47979736328125 0.13226318359375 -0.151565551757813 -0.0801849365234375
-0.548614501953125 -0.00167846679687501 0.00509643554687497 -0.157470703125
-0.55389404296875 -0.064422607421875 0.036468505859375 -0.105575561523438
-0.696044921875 -0.24945068359375 0.146148681640625 0.263580322265625
-0.7337646484375 -0.0629272460937501 -0.11151123046875 0.207870483398438
-0.72662353515625 0.13018798828125 0.07379150390625 0.336822509765625
-0.5140380859375 0.381622314453125 0.38916015625 0.24932861328125
-0.281280517578125 0.451385498046875 0.377288818359375 -0.109161376953125
-0.07550048828125 0.5416259765625 0.193496704101562 -0.259872436523437
0.09564208984375 0.494903564453125 0.0261077880859375 -0.215866088867187
0.096435546875 0.473724365234375 -0.0254898071289063 -0.108695983886719
0.1285400390625 0.516448974609375 -0.037109375 0.00786590576171878
0.049072265625 0.53643798828125 -0.023345947265625 0.0875625610351563
-0.1536865234375 0.532318115234375 -0.077606201171875 0.0861129760742188
-0.322998046875 0.49591064453125 -0.133811950683594 0.0560455322265625
-0.5936279296875 0.2100830078125 -0.183425903320313 -0.121917724609375
-0.70440673828125 0.0139770507812501 -0.0998535156250001 -0.133193969726563
-0.6705322265625 -0.11517333984375 -0.149276733398438 -0.134979248046875
-0.634033203125 -0.28094482421875 -0.04718017578125 0.226089477539062
-0.69879150390625 -0.0625610351562501 -0.189559936523438 0.236221313476563
-0.65692138671875 0.1678466796875 0.109222412109375 0.28704833984375
-0.403594970703125 0.395172119140625 0.3876953125 0.104095458984375
-0.168975830078125 0.41644287109375 0.3292236328125 -0.245452880859375
-0.00521850585937497 0.44927978515625 0.118865966796875 -0.40777587890625
0.100341796875 0.401153564453125 -0.0609130859375 -0.366607666015625
0.08929443359375 0.4102783203125 -0.113357543945313 -0.247238159179687
0.111358642578125 0.458465576171875 -0.121566772460938 -0.133468627929687
0.0390625 0.4842529296875 -0.0882415771484375 -0.0582733154296875
-0.1416015625 0.501434326171875 -0.138916015625 -0.0347824096679687
-0.310943603515625 0.49578857421875 -0.174163818359375 -0.0453948974609374
-0.62689208984375 0.22869873046875 -0.200973510742188 -0.181777954101563
-0.7601318359375 0.00421142578125012 -0.201400756835938 -0.1104736328125
-0.68707275390625 -0.16302490234375 -0.353485107421875 -0.174774169921875
-0.494903564453125 -0.2655029296875 -0.192855834960938 0.18695068359375
-0.5682373046875 -0.0354614257812501 -0.22259521484375 0.244583129882813
-0.485870361328125 0.17926025390625 0.133331298828125 0.21710205078125
-0.23553466796875 0.330078125 0.339202880859375 -0.02874755859375
-0.043914794921875 0.30126953125 0.24261474609375 -0.33001708984375
0.046844482421875 0.285797119140625 0.026336669921875 -0.48974609375
0.0801849365234375 0.250228881835938 -0.145751953125 -0.45941162109375
0.0673828125 0.282745361328125 -0.184326171875 -0.348297119140625
0.079193115234375 0.32470703125 -0.185043334960938 -0.252731323242187
0.03338623046875 0.350067138671875 -0.138259887695313 -0.19183349609375
-0.098785400390625 0.385406494140625 -0.185592651367188 -0.15252685546875
-0.245849609375 0.415985107421875 -0.196640014648438 -0.160842895507813
-0.56439208984375 0.1961669921875 -0.1895751953125 -0.250823974609375
-0.691650390625 -0.0320434570312501 -0.27789306640625 -0.0992584228515625
-0.58953857421875 -0.201171875 -0.53924560546875 -0.228973388671875
-0.301025390625 -0.21331787109375 -0.276535034179687 0.155685424804688
-0.377166748046875 0.000579833984375052 -0.213424682617188 0.23468017578125
-0.268966674804688 0.159561157226562 0.142471313476562 0.141571044921875
-0.062347412109375 0.21484375 0.26116943359375 -0.123641967773437
0.056549072265625 0.146820068359375 0.147125244140625 -0.355621337890625
0.0677947998046875 0.092498779296875 -0.0584716796875 -0.50408935546875
0.0368118286132812 0.0717697143554688 -0.205902099609375 -0.488922119140625
0.0351104736328125 0.113128662109375 -0.226593017578125 -0.3935546875
0.0454254150390625 0.135360717773438 -0.2197265625 -0.32391357421875
0.0465087890625 0.157623291015625 -0.17010498046875 -0.282379150390625
-0.011199951171875 0.221817016601562 -0.215911865234375 -0.237701416015625
-0.125335693359375 0.28912353515625 -0.20135498046875 -0.2647705078125
-0.408233642578125 0.141021728515625 -0.148529052734375 -0.31622314453125
-0.49847412109375 -0.0660095214843749 -0.3128662109375 -0.10028076171875
-0.385223388671875 -0.20941162109375 -0.6729736328125 -0.29278564453125
0.0319900512695313 0.110687255859375 0.7117919921875 0.209716796875
0.1893310546875 0.0443878173828125 0.275543212890625 0.078216552734375
0.12786865234375 -0.137992858886719 0.0702667236328125 0.277786254882813
-0.02789306640625 -0.146408081054687 0.19256591796875 0.3538818359375
-0.114616394042969 -0.0591506958007813 0.205337524414063 0.23907470703125
-0.0932540893554687 0.0581207275390625 0.188461303710938 0.267181396484375
-0.011260986328125 0.0914688110351563 0.222869873046875 0.322967529296875
-0.00930023193359375 0.0659637451171875 0.236907958984375 0.3514404296875
-0.00926208496093749 0.0782012939453125 0.219696044921875 0.4144287109375
-0.0562057495117187 0.0840530395507813 0.087615966796875 0.436798095703125
-0.0948028564453125 0.0177536010742188 -0.020599365234375 0.339141845703125
-0.0826797485351562 -0.07965087890625 -0.12030029296875 0.171859741210938
0.080902099609375 -0.118331909179688 -0.100570678710937 -0.06549072265625
0.165664672851563 0.01934814453125 0.184188842773438 -0.198410034179688
0.0703353881835938 0.119499206542969 0.2796630859375 -0.109512329101562
-0.255126953125 0.0401153564453125 0.66851806640625 0.248291015625
-0.121536254882813 0.0466842651367188 0.214004516601563 0.0948486328125
-0.1494140625 -0.0601959228515625 0.036163330078125 0.317047119140625
-0.214218139648438 -0.00674438476562502 0.22296142578125 0.404022216796875
-0.22467041015625 0.099609375 0.2537841796875 0.219085693359375
-0.127670288085938 0.257369995117188 0.210250854492188 0.207138061523438
0.0279083251953125 0.277999877929688 0.20648193359375 0.256072998046875
0.0397186279296875 0.234146118164063 0.209197998046875 0.2857666015625
0.0523223876953125 0.245529174804688 0.196502685546875 0.3492431640625
-0.0121917724609375 0.247100830078125 0.10675048828125 0.38360595703125
-0.1168212890625 0.184982299804688 0.018524169921875 0.29791259765625
-0.16839599609375 0.084503173828125 -0.07879638671875 0.174942016601562
-0.118034362792969 -0.0547943115234375 -0.103050231933594 -0.0444717407226563
-0.0771636962890625 -0.0099945068359375 0.145034790039063 -0.183792114257813
-0.146804809570312 0.05792236328125 0.25396728515625 -0.0901031494140625
-0.491973876953125 -0.0536499023437499 0.542755126953125 0.264373779296875
-0.413848876953125 0.019439697265625 0.118049621582031 0.120361328125
-0.426605224609375 0.0158081054687501 0.027618408203125 0.3397216796875
-0.38677978515625 0.148193359375 0.277618408203125 0.404327392578125
-0.302001953125 0.25762939453125 0.312286376953125 0.148162841796875
-0.137237548828125 0.42205810546875 0.223892211914063 0.0843963623046875
0.063201904296875 0.41766357421875 0.1641845703125 0.128326416015625
0.080322265625 0.366668701171875 0.148223876953125 0.177536010742188
0.10791015625 0.381439208984375 0.140045166015625 0.25738525390625
0.032958984375 0.3837890625 0.09326171875 0.30609130859375
-0.123870849609375 0.337615966796875 0.020751953125 0.2447509765625
-0.228790283203125 0.252227783203125 -0.066192626953125 0.158660888671875
-0.3040771484375 0.04205322265625 -0.118240356445313 -0.04718017578125
-0.317657470703125 -0.00540161132812499 0.085052490234375 -0.169281005859375
-0.3583984375 0.00231933593749992 0.171951293945312 -0.0875701904296875
-0.63983154296875 -0.14678955078125 0.355743408203125 0.266204833984375
-0.6214599609375 -0.01446533203125 0.00517272949218747 0.157745361328125
-0.62994384765625 0.09326171875 0.0460205078125 0.345062255859375
-0.4901123046875 0.297149658203125 0.341949462890625 0.342987060546875
-0.313690185546875 0.388580322265625 0.356292724609375 0.027191162109375
-0.108489990234375 0.520782470703125 0.21630859375 -0.081390380859375
0.092803955078125 0.4871826171875 0.0981979370117188 -0.0377883911132812
0.103546142578125 0.44482421875 0.0637054443359375 0.0404243469238282
0.14007568359375 0.46893310546875 0.0570526123046875 0.142868041992188
0.064056396484375 0.479156494140625 0.0487518310546875 0.205703735351563
-0.12451171875 0.45904541015625 -0.01165771484375 0.175003051757813
-0.2686767578125 0.40069580078125 -0.08648681640625 0.121673583984375
-0.46087646484375 0.148101806640625 -0.14739990234375 -0.06976318359375
-0.531890869140625 0.021484375 0.00273132324218747 -0.149032592773438
-0.53509521484375 -0.04486083984375 0.0374374389648437 -0.0973663330078125
-0.67913818359375 -0.21649169921875 0.150039672851562 0.246841430664062
-0.70709228515625 -0.0339355468749999 -0.101364135742188 0.200286865234375
-0.6998291015625 0.1583251953125 0.0784912109374999 0.321319580078125
-0.48419189453125 0.39129638671875 0.382781982421875 0.22442626953125
-0.253997802734375 0.445465087890625 0.356353759765625 -0.120849609375
-0.049560546875 0.525634765625 0.171615600585938 -0.256072998046875
0.112701416015625 0.473876953125 0.0134429931640625 -0.2088623046875
0.1114501953125 0.453216552734375 -0.0311355590820312 -0.104377746582031
0.147125244140625 0.490936279296875 -0.0361213684082031 0.0106925964355469
0.071807861328125 0.511962890625 -0.0163955688476563 0.0821685791015625
-0.12261962890625 0.51904296875 -0.0694656372070313 0.0812530517578125
-0.288726806640625 0.4915771484375 -0.125190734863281 0.055023193359375
-0.56768798828125 0.22882080078125 -0.1807861328125 -0.107498168945313
-0.68255615234375 0.0418701171875 -0.0971298217773438 -0.120689392089844
-0.64923095703125 -0.0891113281249999 -0.142837524414063 -0.119369506835938
-0.622314453125 -0.25006103515625 -0.038665771484375 0.21673583984375
-0.67242431640625 -0.0343017578125001 -0.1751708984375 0.2301025390625
-0.63134765625 0.19293212890625 0.1107177734375 0.272506713867188
-0.37567138671875 0.399932861328125 0.3765869140625 0.08502197265625
-0.145660400390625 0.40625 0.304107666015625 -0.248382568359375
0.01458740234375 0.433074951171875 0.094879150390625 -0.39453125
0.11163330078125 0.382354736328125 -0.07659912109375 -0.349517822265625
0.10003662109375 0.392608642578125 -0.120254516601563 -0.233734130859375
0.12530517578125 0.436737060546875 -0.12274169921875 -0.121627807617187
0.060272216796875 0.46466064453125 -0.0849838256835937 -0.0549468994140625
-0.1146240234375 0.488983154296875 -0.133567810058594 -0.0312271118164062
-0.278045654296875 0.491973876953125 -0.167800903320313 -0.039581298828125
-0.6004638671875 0.24737548828125 -0.200119018554688 -0.163284301757812
-0.73809814453125 0.0343017578125 -0.194198608398438 -0.093994140625
-0.6669921875 -0.13519287109375 -0.34112548828125 -0.15338134765625
-0.486968994140625 -0.2406005859375 -0.181900024414063 0.181686401367188
-0.544403076171875 -0.0149230957031251 -0.207962036132813 0.239959716796875
-0.462432861328125 0.19635009765625 0.131561279296875 0.203170776367188
-0.213836669921875 0.330810546875 0.32373046875 -0.039764404296875
-0.02801513671875 0.291259765625 0.218536376953125 -0.323883056640625
0.058074951171875 0.272079467773438 0.00427246093750005 -0.46820068359375
0.0868072509765625 0.237823486328125 -0.158477783203125 -0.43609619140625
0.074859619140625 0.270416259765625 -0.191253662109375 -0.327728271484375
0.089111328125 0.309783935546875 -0.187103271484375 -0.234298706054687
0.04730224609375 0.33465576171875 -0.137802124023437 -0.180801391601563
-0.077911376953125 0.37591552734375 -0.183731079101563 -0.140838623046875
-0.22125244140625 0.41131591796875 -0.193893432617187 -0.1490478515625
-0.5404052734375 0.213287353515625 -0.193008422851563 -0.230117797851563
-0.67333984375 -0.00219726562499999 -0.267837524414063 -0.0804443359375
-0.5743408203125 -0.17523193359375 -0.5230712890625 -0.1995849609375
-0.299041748046875 -0.19647216796875 -0.26483154296875 0.153335571289063
-0.359710693359375 0.0159912109375 -0.200515747070313 0.229537963867188
-0.25433349609375 0.167755126953125 0.137550354003906 0.129440307617188
-0.05279541015625 0.212051391601563 0.24530029296875 -0.12774658203125
0.0620880126953125 0.13763427734375 0.126861572265625 -0.34515380859375
0.0689315795898438 0.0849151611328125 -0.075897216796875 -0.47894287109375
0.037078857421875 0.0678367614746094 -0.216888427734375 -0.462554931640625
0.0368576049804687 0.108100891113281 -0.2315673828125 -0.370880126953125
0.047637939453125 0.128753662109375 -0.221160888671875 -0.301788330078125
0.051025390625 0.148956298828125 -0.172515869140625 -0.265655517578125
-0.000976562500000017 0.212661743164063 -0.215408325195313 -0.220458984375
-0.109405517578125 0.283599853515625 -0.20269775390625 -0.248275756835937
-0.39166259765625 0.152862548828125 -0.155792236328125 -0.29388427734375
-0.48565673828125 -0.0426330566406249 -0.30181884765625 -0.0805053710937499
-0.376251220703125 -0.188934326171875 -0.65423583984375 -0.2581787109375
0.0358352661132812 0.109954833984375 0.69970703125 0.1986083984375
0.188385009765625 0.040008544921875 0.268783569335938 0.070953369140625
0.122169494628906 -0.138267517089844 0.07080078125 0.2706298828125
-0.030914306640625 -0.14385986328125 0.192657470703125 0.343414306640625
-0.115257263183594 -0.0546646118164063 0.201583862304688 0.230758666992188
-0.0886993408203125 0.05908203125 0.186370849609375 0.259017944335938
-0.00695037841796876 0.0893478393554688 0.2198486328125 0.3140869140625
-0.00759124755859375 0.0650520324707031 0.233673095703125 0.338775634765625
-0.00753021240234374 0.0767059326171875 0.220306396484375 0.396728515625
-0.052703857421875 0.0834808349609375 0.094818115234375 0.422271728515625
-0.0920181274414063 0.01904296875 -0.01129150390625 0.32666015625
-0.0826416015625 -0.0767059326171875 -0.1114501953125 0.165908813476563
0.0768661499023437 -0.117752075195312 -0.094879150390625 -0.0640640258789063
0.162857055664063 0.0145721435546875 0.17889404296875 -0.1971435546875
0.070098876953125 0.116424560546875 0.273162841796875 -0.103302001953125
-0.246734619140625 0.04412841796875 0.6580810546875 0.2342529296875
-0.11529541015625 0.0467147827148438 0.209915161132813 0.0874481201171875
-0.149581909179688 -0.0560150146484375 0.037811279296875 0.30975341796875
-0.211746215820312 -0.003021240234375 0.223724365234375 0.390380859375
-0.220184326171875 0.101593017578125 0.247817993164063 0.209014892578125
-0.118682861328125 0.255630493164063 0.203948974609375 0.19952392578125
0.0337371826171875 0.270614624023438 0.201065063476562 0.2490234375
0.0431060791015625 0.227951049804688 0.205032348632813 0.276138305664063
0.0572967529296875 0.237960815429687 0.19671630859375 0.336944580078125
-0.00480651855468749 0.240447998046875 0.1124267578125 0.368316650390625
-0.109649658203125 0.182418823242187 0.0244140625 0.28521728515625
-0.1627197265625 0.0853271484375 -0.0720367431640625 0.167587280273438
-0.117805480957031 -0.051727294921875 -0.0982284545898438 -0.0422897338867187
-0.0749053955078125 -0.00848388671875 0.141143798828125 -0.181381225585937
-0.143020629882813 0.0582733154296875 0.250411987304688 -0.084991455078125
-0.48052978515625 -0.0455322265624999 0.53497314453125 0.25494384765625
-0.401275634765625 0.0244445800781251 0.117042541503906 0.11248779296875
-0.42059326171875 0.02606201171875 0.027984619140625 0.332550048828125
-0.37823486328125 0.151763916015625 0.27679443359375 0.390899658203125
-0.29266357421875 0.256988525390625 0.304107666015625 0.139495849609375
-0.12579345703125 0.4171142578125 0.216171264648437 0.0802459716796875
0.071075439453125 0.40679931640625 0.158050537109375 0.124176025390625
0.083831787109375 0.35797119140625 0.143997192382813 0.170501708984375
0.11309814453125 0.370758056640625 0.139205932617188 0.248855590820313
0.041534423828125 0.372222900390625 0.097259521484375 0.2940673828125
-0.1116943359375 0.332275390625 0.026123046875 0.232223510742188
-0.217681884765625 0.250396728515625 -0.06103515625 0.150863647460938
-0.298309326171875 0.04730224609375 -0.114105224609375 -0.0435333251953125
-0.312255859375 -0.000518798828124934 0.0836944580078125 -0.164566040039063
-0.34991455078125 0.00451660156249992 0.171844482421875 -0.081878662109375
-0.62615966796875 -0.13604736328125 0.352630615234375 0.2548828125
-0.6053466796875 -0.00598144531250009 0.00588989257812497 0.151229858398438
-0.6181640625 0.10650634765625 0.044830322265625 0.3360595703125
-0.477203369140625 0.30084228515625 0.338775634765625 0.32855224609375
-0.3017578125 0.38446044921875 0.345489501953125 0.01873779296875
-0.094970703125 0.51318359375 0.205368041992188 -0.0817718505859375
0.099853515625 0.474609375 0.09063720703125 -0.0372314453125
0.108642578125 0.43377685546875 0.0589523315429687 0.0381278991699219
0.147186279296875 0.456024169921875 0.0569839477539063 0.138626098632813
0.074462890625 0.465423583984375 0.0527496337890625 0.196792602539063
-0.110931396484375 0.45269775390625 -0.0075531005859375 0.165756225585938
-0.254150390625 0.397918701171875 -0.0811767578125 0.115249633789063
-0.4515380859375 0.154998779296875 -0.142898559570313 -0.0638885498046875
-0.523681640625 0.0306701660156249 0.00325012207031247 -0.14288330078125
-0.524566650390625 -0.0409851074218749 0.040435791015625 -0.0915298461914063
-0.6678466796875 -0.205078125 0.149612426757812 0.238037109375
-0.68963623046875 -0.0255126953125001 -0.097900390625 0.193359375
-0.68536376953125 0.17132568359375 0.0756835937499999 0.3123779296875
-0.46868896484375 0.3955078125 0.3773193359375 0.212554931640625
-0.2413330078125 0.4405517578125 0.34320068359375 -0.124114990234375
-0.0384521484375 0.515167236328125 0.159759521484375 -0.250274658203125
0.1171875 0.459686279296875 0.0057220458984375 -0.203384399414063
0.117156982421875 0.44219970703125 -0.0351181030273437 -0.100868225097656
0.154388427734375 0.477783203125 -0.0358428955078125 0.0123863220214844
0.082244873046875 0.496490478515625 -0.012420654296875 0.0773773193359375
-0.10821533203125 0.5111083984375 -0.0663528442382813 0.0769882202148438
-0.27276611328125 0.48651123046875 -0.120529174804688 0.0525131225585938
-0.555877685546875 0.235626220703125 -0.176956176757813 -0.0986480712890625
-0.67254638671875 0.05499267578125 -0.0922622680664063 -0.111763000488281
-0.63604736328125 -0.0821533203124999 -0.134834289550781 -0.112205505371094
-0.61181640625 -0.23907470703125 -0.0363922119140626 0.208709716796875
-0.6534423828125 -0.0264892578124999 -0.17144775390625 0.223480224609375
-0.6158447265625 0.20391845703125 0.106277465820312 0.264205932617188
-0.36138916015625 0.401947021484375 0.367767333984375 0.076934814453125
-0.134185791015625 0.399627685546875 0.291259765625 -0.24530029296875
0.02264404296875 0.422576904296875 0.083740234375 -0.3837890625
0.115631103515625 0.370269775390625 -0.08453369140625 -0.34088134765625
0.10345458984375 0.38250732421875 -0.123687744140625 -0.226181030273437
0.131988525390625 0.425140380859375 -0.120750427246094 -0.116073608398437
0.067962646484375 0.450164794921875 -0.0807418823242188 -0.0552291870117187
-0.10174560546875 0.4803466796875 -0.129623413085938 -0.0309219360351562
-0.263275146484375 0.489013671875 -0.1639404296875 -0.0382080078125
-0.5875244140625 0.2547607421875 -0.197967529296875 -0.151718139648438
-0.72613525390625 0.0477905273437498 -0.187026977539063 -0.0842437744140625
-0.6539306640625 -0.1275634765625 -0.329833984375 -0.14263916015625
-0.48046875 -0.2305908203125 -0.1773681640625 0.17498779296875
-0.528839111328125 -0.00830078125000011 -0.203338623046875 0.232452392578125
-0.45086669921875 0.2034912109375 0.125473022460938 0.196441650390625
-0.203704833984375 0.330078125 0.31402587890625 -0.0438232421875
-0.021209716796875 0.28302001953125 0.206268310546875 -0.316864013671875
0.0624237060546875 0.264175415039063 -0.00424194335937504 -0.4542236328125
0.087799072265625 0.2305908203125 -0.164093017578125 -0.42425537109375
0.076873779296875 0.263992309570313 -0.1927490234375 -0.31671142578125
0.091827392578125 0.3018798828125 -0.184539794921875 -0.2252197265625
0.0535888671875 0.324127197265625 -0.134902954101563 -0.176773071289062
-0.06927490234375 0.368927001953125 -0.180023193359375 -0.136367797851563
-0.208892822265625 0.4071044921875 -0.191390991210938 -0.143936157226562
-0.531280517578125 0.219268798828125 -0.191864013671875 -0.216415405273437
-0.6612548828125 0.00939941406249999 -0.258682250976563 -0.0692749023437499
-0.56146240234375 -0.166717529296875 -0.5106201171875 -0.187225341796875
-0.296295166015625 -0.190826416015625 -0.259857177734375 0.146484375
-0.34844970703125 0.02020263671875 -0.196914672851563 0.222854614257813
-0.246490478515625 0.17254638671875 0.131584167480469 0.123764038085938
-0.048004150390625 0.211410522460937 0.235260009765625 -0.126358032226562
0.0646591186523438 0.131790161132813 0.11767578125 -0.33416748046875
0.0687789916992188 0.0802841186523438 -0.081787109375 -0.459442138671875
0.0367240905761719 0.0659446716308594 -0.220062255859375 -0.447174072265625
0.036590576171875 0.106269836425781 -0.23126220703125 -0.3587646484375
0.0474853515625 0.125953674316406 -0.2193603515625 -0.290985107421875
0.052093505859375 0.143081665039063 -0.169692993164063 -0.257675170898438
0.00335693359374999 0.207122802734375 -0.213241577148438 -0.211868286132812
-0.101669311523438 0.280029296875 -0.200942993164063 -0.239028930664063
-0.38494873046875 0.158905029296875 -0.156295776367188 -0.27978515625
-0.479766845703125 -0.0319213867187501 -0.29217529296875 -0.06964111328125
-0.367401123046875 -0.18096923828125 -0.64068603515625 -0.24407958984375
0.03936767578125 0.112266540527344 0.7052001953125 0.19512939453125
0.191268920898438 0.037628173828125 0.2686767578125 0.0671234130859375
0.120643615722656 -0.140243530273438 0.070953369140625 0.271820068359375
-0.0333099365234375 -0.144760131835938 0.197418212890625 0.341705322265625
-0.118370056152344 -0.0518646240234375 0.201644897460938 0.229400634765625
-0.0866546630859375 0.0607070922851563 0.187301635742188 0.258163452148438
-0.0035400390625 0.0893325805664063 0.22076416015625 0.314697265625
-0.00627517700195312 0.0654335021972656 0.234649658203125 0.338104248046875
-0.0050048828125 0.0778045654296875 0.223480224609375 0.392578125
-0.0508193969726563 0.0856857299804687 0.1005859375 0.417633056640625
-0.0921783447265625 0.0208053588867188 -0.00570678710937497 0.32135009765625
-0.0859451293945313 -0.0763626098632813 -0.107147216796875 0.1634521484375
0.0761489868164063 -0.120071411132812 -0.0918731689453125 -0.0648269653320313
0.164169311523438 0.011260986328125 0.179718017578125 -0.199127197265625
0.069305419921875 0.117446899414063 0.27581787109375 -0.098602294921875
-0.244873046875 0.0461578369140625 0.6658935546875 0.23345947265625
-0.113746643066406 0.046661376953125 0.210800170898438 0.0845184326171875
-0.152923583984375 -0.054595947265625 0.037384033203125 0.309661865234375
-0.214340209960938 -0.000747680664062464 0.228179931640625 0.3883056640625
-0.222869873046875 0.105621337890625 0.246307373046875 0.207275390625
-0.115203857421875 0.258377075195313 0.2037353515625 0.199066162109375
0.0384368896484375 0.271087646484375 0.200820922851563 0.249008178710938
0.045654296875 0.2283935546875 0.204071044921875 0.274826049804688
0.0617218017578125 0.238784790039063 0.198089599609375 0.334808349609375
-0.00128173828124999 0.239898681640625 0.116058349609375 0.3631591796875
-0.1068115234375 0.184539794921875 0.0291748046875 0.2791748046875
-0.16204833984375 0.0876617431640625 -0.0689697265625 0.164276123046875
-0.118186950683594 -0.0505447387695313 -0.0963287353515625 -0.04217529296875
-0.0758895874023437 -0.00746154785156252 0.14215087890625 -0.181884765625
-0.144561767578125 0.0589447021484375 0.253982543945313 -0.0800018310546875
-0.48046875 -0.042633056640625 0.53948974609375 0.253448486328125
-0.400146484375 0.02716064453125 0.116439819335937 0.110000610351563
-0.4241943359375 0.0332336425781251 0.027191162109375 0.332000732421875
-0.38018798828125 0.158843994140625 0.280975341796875 0.38824462890625
-0.293853759765625 0.26275634765625 0.303466796875 0.134552001953125
-0.12030029296875 0.42083740234375 0.213104248046875 0.078460693359375
0.076995849609375 0.4075927734375 0.155426025390625 0.124862670898438
0.087677001953125 0.35992431640625 0.141677856445313 0.169754028320313
0.121002197265625 0.370513916015625 0.14056396484375 0.2470703125
0.04864501953125 0.370391845703125 0.101348876953125 0.2882080078125
-0.10748291015625 0.334197998046875 0.028778076171875 0.227645874023438
-0.215164184570313 0.254806518554688 -0.059539794921875 0.148834228515625
-0.298614501953125 0.0516357421875 -0.11212158203125 -0.0422515869140625
-0.314605712890625 0.00405883789062497 0.084564208984375 -0.16448974609375
-0.352020263671875 0.00482177734375006 0.177413940429687 -0.0782318115234375
-0.6297607421875 -0.1346435546875 0.355865478515625 0.254150390625
-0.60614013671875 -0.00384521484375 0.00517272949218745 0.148574829101563
-0.62176513671875 0.11798095703125 0.041656494140625 0.3363037109375
-0.478363037109375 0.311431884765625 0.3408203125 0.325469970703125
-0.30133056640625 0.388946533203125 0.34344482421875 0.01434326171875
-0.08905029296875 0.516510009765625 0.20001220703125 -0.08258056640625
0.105804443359375 0.47418212890625 0.08782958984375 -0.0360946655273437
0.114105224609375 0.434600830078125 0.0555801391601563 0.0392837524414063
0.155120849609375 0.4560546875 0.05718994140625 0.138618469238281
0.08203125 0.4632568359375 0.05572509765625 0.19256591796875
-0.10333251953125 0.4547119140625 -0.00535583496093751 0.161590576171875
-0.249053955078125 0.402618408203125 -0.0789794921875 0.111862182617188
-0.4532470703125 0.162506103515625 -0.14208984375 -0.0605316162109375
-0.52734375 0.038909912109375 0.00677490234374996 -0.14044189453125
-0.5274658203125 -0.039764404296875 0.045989990234375 -0.0884246826171875
-0.67071533203125 -0.2037353515625 0.150985717773437 0.23583984375
-0.68865966796875 -0.0233764648437499 -0.09954833984375 0.191818237304688
-0.68731689453125 0.18389892578125 0.071136474609375 0.312744140625
-0.46795654296875 0.405548095703125 0.378875732421875 0.210205078125
-0.237396240234375 0.442779541015625 0.34161376953125 -0.1278076171875
-0.031524658203125 0.517822265625 0.154449462890625 -0.250198364257812
0.122772216796875 0.459381103515625 -0.000122070312499974 -0.202041625976562
0.12152099609375 0.442962646484375 -0.0385360717773437 -0.09893798828125
0.1605224609375 0.47723388671875 -0.0358848571777344 0.0134086608886719
0.0909423828124999 0.494140625 -0.0100936889648437 0.0734939575195313
-0.09979248046875 0.51214599609375 -0.0642623901367188 0.0728302001953125
-0.267333984375 0.493255615234375 -0.119949340820313 0.0514373779296875
-0.5576171875 0.24444580078125 -0.176284790039063 -0.0934600830078125
-0.677001953125 0.066162109375 -0.0888137817382813 -0.107940673828125
-0.63885498046875 -0.0825195312500001 -0.12982177734375 -0.108802795410156
-0.61541748046875 -0.237060546875 -0.03662109375 0.206130981445312
-0.6533203125 -0.02459716796875 -0.173110961914063 0.221420288085938
-0.6173095703125 0.2156982421875 0.101959228515625 0.264007568359375
-0.357513427734375 0.412139892578125 0.368896484375 0.07562255859375
-0.12933349609375 0.399566650390625 0.289093017578125 -0.24847412109375
0.028900146484375 0.4234619140625 0.0771484375 -0.381805419921875
0.11859130859375 0.37017822265625 -0.091094970703125 -0.338592529296875
0.1090087890625 0.38330078125 -0.127456665039062 -0.224014282226562
0.137451171875 0.425140380859375 -0.122077941894531 -0.114692687988281
0.07525634765625 0.44757080078125 -0.0797348022460938 -0.057647705078125
-0.0948486328125 0.482757568359375 -0.129600524902344 -0.0317916870117187
-0.258270263671875 0.49462890625 -0.16424560546875 -0.0379486083984375
-0.59173583984375 0.26446533203125 -0.198516845703125 -0.145523071289063
-0.73089599609375 0.0584716796875001 -0.183120727539063 -0.078460693359375
-0.656982421875 -0.1265869140625 -0.3267822265625 -0.14056396484375
-0.484954833984375 -0.231231689453125 -0.180206298828125 0.171554565429687
-0.5267333984375 -0.00653076171875011 -0.206268310546875 0.230117797851563
-0.45147705078125 0.21337890625 0.120773315429688 0.195907592773438
-0.1995849609375 0.337677001953125 0.311798095703125 -0.044586181640625
-0.0167236328125 0.282867431640625 0.20281982421875 -0.31622314453125
0.0663299560546875 0.26226806640625 -0.00988769531250002 -0.45062255859375
0.08935546875 0.230056762695312 -0.17108154296875 -0.421478271484375
0.079010009765625 0.264938354492188 -0.196990966796875 -0.3155517578125
0.09564208984375 0.301727294921875 -0.185134887695313 -0.223648071289062
0.057373046875 0.322357177734375 -0.134719848632812 -0.178131103515625
-0.064178466796875 0.3707275390625 -0.179428100585938 -0.1356201171875
-0.204681396484375 0.41131591796875 -0.192398071289063 -0.142654418945312
-0.5350341796875 0.229705810546875 -0.193817138671875 -0.210205078125
-0.66754150390625 0.02056884765625 -0.255813598632813 -0.0629577636718749
-0.564697265625 -0.168212890625 -0.5084228515625 -0.1851806640625
-0.300018310546875 -0.191558837890625 -0.263641357421875 0.142608642578125
-0.348541259765625 0.019805908203125 -0.200469970703125 0.220611572265625
-0.246170043945312 0.177642822265625 0.126144409179687 0.123817443847656
-0.0453033447265625 0.21563720703125 0.2313232421875 -0.125503540039063
0.0679092407226562 0.129638671875 0.114990234375 -0.3316650390625
0.0694427490234375 0.0783233642578125 -0.085174560546875 -0.455047607421875
0.0360641479492188 0.0656242370605469 -0.2244873046875 -0.446075439453125
0.037506103515625 0.107994079589844 -0.23492431640625 -0.35748291015625
0.0480728149414063 0.126197814941406 -0.2197265625 -0.290771484375
0.053680419921875 0.140975952148438 -0.169937133789063 -0.257919311523438
0.00599670410156248 0.20721435546875 -0.21319580078125 -0.210205078125
-0.098388671875 0.28192138671875 -0.202117919921875 -0.238449096679687
-0.38751220703125 0.165374755859375 -0.159423828125 -0.274810791015625
-0.48388671875 -0.02520751953125 -0.2891845703125 -0.06396484375
-0.3671875 -0.183929443359375 -0.6396484375 -0.2420654296875
0.0459213256835938 0.115272521972656 0.72747802734375 0.18603515625
0.200225830078125 0.0337677001953125 0.275970458984375 0.0601806640625
0.119338989257813 -0.147140502929688 0.078521728515625 0.276596069335938
-0.040252685546875 -0.147735595703125 0.208740234375 0.34375
-0.123863220214844 -0.0473480224609375 0.210098266601563 0.230133056640625
-0.0856170654296875 0.0648269653320313 0.19549560546875 0.2598876953125
0.000350952148437509 0.0903472900390625 0.230804443359375 0.31732177734375
-0.00377655029296875 0.0673904418945312 0.244140625 0.33880615234375
-0.00182342529296874 0.0808181762695313 0.236236572265625 0.39312744140625
-0.0485382080078125 0.0900192260742188 0.1143798828125 0.420318603515625
-0.0941085815429688 0.0238113403320313 0.00460815429687502 0.322906494140625
-0.090789794921875 -0.0753250122070312 -0.10186767578125 0.165435791015625
0.0746994018554688 -0.125831604003906 -0.0920486450195313 -0.0656051635742188
0.167877197265625 0.0056915283203125 0.180419921875 -0.207351684570312
0.0728530883789062 0.120147705078125 0.2840576171875 -0.097808837890625
-0.247238159179687 0.0537109375 0.68743896484375 0.2264404296875
-0.111244201660156 0.0496826171875 0.2171630859375 0.079925537109375
-0.158218383789063 -0.050445556640625 0.043792724609375 0.316650390625
-0.22119140625 0.00634765624999998 0.244415283203125 0.392181396484375
-0.227218627929688 0.115402221679688 0.255630493164063 0.205474853515625
-0.107818603515625 0.26910400390625 0.210861206054688 0.198226928710938
0.04864501953125 0.275009155273438 0.208724975585938 0.252548217773438
0.0530853271484375 0.232559204101563 0.212417602539063 0.278213500976563
0.0720977783203125 0.242630004882813 0.20904541015625 0.333587646484375
0.0077056884765625 0.244415283203125 0.12933349609375 0.363555908203125
-0.1029052734375 0.191070556640625 0.0377655029296875 0.278640747070312
-0.163726806640625 0.0936737060546875 -0.0642852783203125 0.165252685546875
-0.122795104980469 -0.0489654541015625 -0.0964126586914063 -0.0410079956054688
-0.077972412109375 -0.00656890869140624 0.142486572265625 -0.18896484375
-0.1475830078125 0.062835693359375 0.26336669921875 -0.0800933837890625
-0.490966796875 -0.0326843261718751 0.56060791015625 0.2496337890625
-0.405853271484375 0.03485107421875 0.120590209960937 0.107368469238281
-0.43463134765625 0.04754638671875 0.03076171875 0.34039306640625
-0.386566162109375 0.175048828125 0.298736572265625 0.389434814453125
-0.29705810546875 0.277069091796875 0.31097412109375 0.129058837890625
-0.110748291015625 0.435821533203125 0.216415405273438 0.0767822265625
0.09039306640625 0.414581298828125 0.15899658203125 0.1263427734375
0.099700927734375 0.363861083984375 0.14544677734375 0.172164916992188
0.1337890625 0.375213623046875 0.147018432617188 0.248611450195313
0.06280517578125 0.375213623046875 0.1107177734375 0.287384033203125
-0.09674072265625 0.344970703125 0.036041259765625 0.225189208984375
-0.211959838867187 0.26727294921875 -0.0559234619140625 0.149490356445313
-0.304595947265625 0.0616455078124999 -0.113128662109375 -0.0394744873046875
-0.32342529296875 0.01483154296875 0.0864715576171875 -0.16778564453125
-0.361236572265625 0.0111083984375 0.1864013671875 -0.078704833984375
-0.646484375 -0.1248779296875 0.3719482421875 0.252655029296875
-0.61590576171875 0.00701904296874998 0.00668334960937496 0.150161743164063
-0.6353759765625 0.13995361328125 0.045074462890625 0.3441162109375
-0.481292724609375 0.334014892578125 0.358612060546875 0.324676513671875
-0.30084228515625 0.40704345703125 0.349395751953125 0.00650024414062503
-0.07611083984375 0.53271484375 0.1993408203125 -0.08880615234375
0.1204833984375 0.481170654296875 0.0845489501953125 -0.0367813110351562
0.128814697265625 0.44189453125 0.0560379028320313 0.0410346984863282
0.174041748046875 0.46185302734375 0.0602569580078125 0.140701293945313
0.0999755859375 0.467315673828125 0.062744140625 0.191131591796875
-0.08868408203125 0.468017578125 -0.000701904296875009 0.158782958984375
-0.24267578125 0.41876220703125 -0.0777511596679688 0.114456176757813
-0.461151123046875 0.180267333984375 -0.144119262695313 -0.0549774169921875
-0.539764404296875 0.056671142578125 0.00759887695312495 -0.141098022460938
-0.54254150390625 -0.031341552734375 0.0518112182617187 -0.0877609252929688
-0.6915283203125 -0.19403076171875 0.159469604492187 0.237869262695313
-0.70245361328125 -0.0106201171874999 -0.100692749023438 0.194595336914062
-0.70050048828125 0.20989990234375 0.074432373046875 0.3199462890625
-0.46527099609375 0.4317626953125 0.391998291015625 0.206695556640625
-0.23248291015625 0.459259033203125 0.3441162109375 -0.138641357421875
-0.016510009765625 0.529998779296875 0.14776611328125 -0.258407592773438
0.136322021484375 0.466583251953125 -0.00762939453125001 -0.204025268554687
0.135589599609375 0.44927978515625 -0.0439376831054687 -0.097808837890625
0.178253173828125 0.48297119140625 -0.036590576171875 0.0156135559082032
0.108367919921875 0.4998779296875 -0.0077667236328125 0.0716705322265625
-0.086395263671875 0.527435302734375 -0.063232421875 0.0719451904296875
-0.25811767578125 0.512908935546875 -0.120956420898438 0.0537872314453125
-0.5673828125 0.26885986328125 -0.180282592773438 -0.0873260498046875
-0.69464111328125 0.0891113281249999 -0.0888900756835938 -0.104362487792969
-0.65692138671875 -0.0728759765625 -0.129676818847656 -0.106681823730469
-0.6361083984375 -0.2320556640625 -0.0352020263671875 0.21038818359375
-0.66546630859375 -0.01165771484375 -0.17706298828125 0.226776123046875
-0.62445068359375 0.241455078125 0.102676391601562 0.2694091796875
-0.35369873046875 0.4345703125 0.376434326171875 0.0692138671875
-0.121246337890625 0.410888671875 0.288238525390625 -0.2596435546875
0.042144775390625 0.430908203125 0.06689453125 -0.38958740234375
0.129913330078125 0.3743896484375 -0.104400634765625 -0.34185791015625
0.12066650390625 0.389617919921875 -0.137588500976563 -0.223831176757813
0.153167724609375 0.43157958984375 -0.126670837402344 -0.113189697265625
0.0921325683593751 0.453216552734375 -0.0822830200195312 -0.0602264404296875
-0.08099365234375 0.495819091796875 -0.132369995117188 -0.0321426391601562
-0.249267578125 0.514007568359375 -0.168533325195313 -0.0352935791015624
-0.6016845703125 0.290771484375 -0.204635620117188 -0.138442993164063
-0.75006103515625 0.08355712890625 -0.18438720703125 -0.0715179443359375
-0.67498779296875 -0.11944580078125 -0.33294677734375 -0.1357421875
-0.50341796875 -0.22845458984375 -0.183578491210938 0.175872802734375
-0.536376953125 0.00378417968749992 -0.212310791015625 0.2373046875
-0.45452880859375 0.234130859375 0.121246337890625 0.199081420898438
-0.192962646484375 0.3546142578125 0.31524658203125 -0.051025390625
-0.00741577148437498 0.286895751953125 0.19927978515625 -0.32586669921875
0.075469970703125 0.264373779296875 -0.02325439453125 -0.4564208984375
0.0954437255859375 0.232513427734375 -0.186553955078125 -0.425689697265625
0.0880126953125 0.269805908203125 -0.209014892578125 -0.316192626953125
0.105621337890625 0.306732177734375 -0.193359375 -0.2239990234375
0.067779541015625 0.324737548828125 -0.140106201171875 -0.181243896484375
-0.05419921875 0.37982177734375 -0.185943603515625 -0.13519287109375
-0.19647216796875 0.427764892578125 -0.200607299804687 -0.140762329101562
-0.54412841796875 0.25286865234375 -0.20159912109375 -0.20501708984375
-0.6845703125 0.0413208007812499 -0.256942749023438 -0.0543975830078125
-0.5792236328125 -0.1632080078125 -0.520233154296875 -0.17803955078125
-0.3143310546875 -0.190826416015625 -0.270736694335938 0.145950317382813
-0.353118896484375 0.027008056640625 -0.205490112304688 0.226654052734375
-0.24603271484375 0.191390991210937 0.124740600585937 0.124580383300781
-0.0386505126953125 0.225234985351563 0.23187255859375 -0.13140869140625
0.074737548828125 0.129035949707031 0.109344482421875 -0.33837890625
0.0728607177734375 0.0757827758789062 -0.096832275390625 -0.458465576171875
0.0366668701171875 0.0664939880371094 -0.2413330078125 -0.44830322265625
0.0404739379882813 0.109786987304688 -0.247314453125 -0.360321044921875
0.050537109375 0.128684997558594 -0.2276611328125 -0.291534423828125
0.0575103759765625 0.140701293945313 -0.178497314453125 -0.26116943359375
0.01312255859375 0.210464477539063 -0.221145629882813 -0.20880126953125
-0.09222412109375 0.291351318359375 -0.2130126953125 -0.237625122070312
-0.395477294921875 0.181915283203125 -0.168182373046875 -0.27197265625
-0.49627685546875 -0.0119018554687501 -0.292205810546875 -0.054656982421875
-0.377960205078125 -0.183197021484375 -0.65869140625 -0.23388671875
0.05487060546875 0.117393493652344 0.75537109375 0.15643310546875
0.2093505859375 0.0230865478515625 0.2840576171875 0.045806884765625
0.114517211914062 -0.157394409179688 0.092041015625 0.27911376953125
-0.0497283935546875 -0.148757934570312 0.231781005859375 0.340576171875
-0.130226135253906 -0.0401382446289063 0.224609375 0.224105834960938
-0.0829315185546875 0.071533203125 0.2113037109375 0.256439208984375
0.00608062744140624 0.0917205810546875 0.250640869140625 0.315399169921875
0.000114440917968748 0.0698013305664063 0.26397705078125 0.336151123046875
0.00441741943359376 0.0829925537109375 0.258819580078125 0.38653564453125
-0.0427703857421875 0.0944747924804688 0.138671875 0.419158935546875
-0.0953521728515625 0.0303497314453125 0.022552490234375 0.323455810546875
-0.0980072021484375 -0.071746826171875 -0.093658447265625 0.169815063476563
0.0696792602539063 -0.133926391601563 -0.0937118530273438 -0.0639877319335938
0.17144775390625 -0.0043487548828125 0.175552368164063 -0.220352172851563
0.0794525146484375 0.122268676757813 0.290618896484375 -0.10699462890625
-0.249252319335938 0.066802978515625 0.71710205078125 0.19970703125
-0.108596801757813 0.0549240112304687 0.224990844726563 0.068206787109375
-0.163894653320313 -0.0422821044921875 0.057281494140625 0.323028564453125
-0.227630615234375 0.0188751220703125 0.268768310546875 0.3865966796875
-0.228240966796875 0.132644653320313 0.269744873046875 0.196258544921875
-0.09503173828125 0.2818603515625 0.221649169921875 0.19366455078125
0.065093994140625 0.2789306640625 0.22381591796875 0.249832153320313
0.06817626953125 0.23480224609375 0.228424072265625 0.274688720703125
0.088470458984375 0.244003295898438 0.227386474609375 0.329315185546875
0.023529052734375 0.249038696289063 0.151123046875 0.360321044921875
-0.094451904296875 0.201202392578125 0.0525054931640625 0.276458740234375
-0.161865234375 0.105972290039062 -0.055389404296875 0.16925048828125
-0.127700805664063 -0.0438766479492187 -0.0972747802734375 -0.037078857421875
-0.0805435180664063 -0.00211334228515627 0.1387939453125 -0.198440551757813
-0.148773193359375 0.073883056640625 0.271774291992188 -0.0889739990234375
-0.504486083984375 -0.0122070312499999 0.588623046875 0.230224609375
-0.4095458984375 0.0531005859375001 0.128341674804687 0.102943420410156
-0.44110107421875 0.0737304687499999 0.044281005859375 0.34844970703125
-0.38824462890625 0.201263427734375 0.325531005859375 0.38189697265625
-0.28973388671875 0.300872802734375 0.322540283203125 0.11529541015625
-0.086669921875 0.453338623046875 0.220535278320313 0.067657470703125
0.113189697265625 0.4193115234375 0.167633056640625 0.124160766601563
0.12152099609375 0.368194580078125 0.155807495117188 0.170989990234375
0.160919189453125 0.375213623046875 0.161346435546875 0.245101928710938
0.0860595703125 0.376708984375 0.127685546875 0.28326416015625
-0.079071044921875 0.35614013671875 0.047332763671875 0.221771240234375
-0.200714111328125 0.285003662109375 -0.0480499267578125 0.152740478515625
-0.30810546875 0.07940673828125 -0.114479064941406 -0.0331268310546875
-0.330352783203125 0.03448486328125 0.083221435546875 -0.174118041992188
-0.371002197265625 0.030548095703125 0.193038940429687 -0.08538818359375
-0.6676025390625 -0.0971069335937501 0.393463134765625 0.241363525390625
-0.62646484375 0.0358886718749999 0.0119476318359375 0.15087890625
-0.6429443359375 0.17828369140625 0.057525634765625 0.3521728515625
-0.47479248046875 0.3699951171875 0.382843017578125 0.313446044921875
-0.28662109375 0.43206787109375 0.35638427734375 -0.011688232421875
-0.04656982421875 0.548095703125 0.195281982421875 -0.098358154296875
0.1473388671875 0.488616943359375 0.0819549560546875 -0.038665771484375
0.155517578125 0.445220947265625 0.0580368041992188 0.0420875549316407
0.20361328125 0.4613037109375 0.0682830810546875 0.141357421875
0.12884521484375 0.46759033203125 0.0735321044921875 0.187667846679688
-0.064453125 0.481353759765625 0.00656127929687499 0.156280517578125
-0.2235107421875 0.44342041015625 -0.0730514526367188 0.119598388671875
-0.460784912109375 0.21014404296875 -0.146026611328125 -0.0465850830078125
-0.54949951171875 0.0892333984375001 0.00546264648437496 -0.14154052734375
-0.55755615234375 -0.00970458984375009 0.0549240112304687 -0.0892486572265625
-0.71734619140625 -0.1680908203125 0.173843383789062 0.23663330078125
-0.7149658203125 0.0205078125 -0.0970306396484375 0.202651977539063
-0.7047119140625 0.25494384765625 0.0852355957031249 0.3270263671875
-0.451751708984375 0.4703369140625 0.410675048828125 0.191314697265625
-0.212860107421875 0.48046875 0.34246826171875 -0.16064453125
0.01336669921875 0.54290771484375 0.134674072265625 -0.268646240234375
0.162353515625 0.47027587890625 -0.0211944580078125 -0.205154418945312
0.1627197265625 0.453155517578125 -0.0508270263671875 -0.0950241088867187
0.21038818359375 0.485076904296875 -0.0372352600097656 0.0191230773925782
0.13824462890625 0.49969482421875 -0.00457763671875 0.0694732666015625
-0.058319091796875 0.542999267578125 -0.0616531372070312 0.0726547241210938
-0.234710693359375 0.539398193359375 -0.120918273925781 0.0610504150390625
-0.56585693359375 0.3087158203125 -0.184341430664063 -0.075531005859375
-0.7037353515625 0.13043212890625 -0.0896682739257813 -0.0990829467773437
-0.676025390625 -0.0456542968750001 -0.131179809570313 -0.101219177246094
-0.6640625 -0.2083740234375 -0.0275421142578126 0.21533203125
-0.67767333984375 0.0168457031249999 -0.175003051757813 0.239303588867188
-0.62603759765625 0.2825927734375 0.111709594726562 0.274261474609375
-0.335723876953125 0.46722412109375 0.3870849609375 0.0521240234375
-0.1014404296875 0.425689697265625 0.279815673828125 -0.27935791015625
0.066864013671875 0.43621826171875 0.046905517578125 -0.397979736328125
0.15057373046875 0.37646484375 -0.127166748046875 -0.341705322265625
0.14306640625 0.392059326171875 -0.151641845703125 -0.21881103515625
0.180023193359375 0.432159423828125 -0.134666442871094 -0.108787536621094
0.1168212890625 0.45330810546875 -0.0859451293945312 -0.061309814453125
-0.05474853515625 0.51025390625 -0.136123657226563 -0.0295791625976562
-0.22686767578125 0.53924560546875 -0.17364501953125 -0.0273132324218749
-0.60107421875 0.33251953125 -0.212646484375 -0.125900268554687
-0.761474609375 0.1273193359375 -0.185638427734375 -0.0606689453125
-0.69696044921875 -0.0939331054687499 -0.341552734375 -0.122894287109375
-0.528106689453125 -0.2110595703125 -0.183242797851563 0.18658447265625
-0.5465087890625 0.0267639160156249 -0.21051025390625 0.2510986328125
-0.4522705078125 0.264984130859375 0.126541137695313 0.20068359375
-0.175933837890625 0.376251220703125 0.317718505859375 -0.066375732421875
0.00946044921874997 0.291656494140625 0.186981201171875 -0.341552734375
0.091217041015625 0.264251708984375 -0.046600341796875 -0.459320068359375
0.10784912109375 0.232696533203125 -0.214630126953125 -0.422882080078125
0.103897094726563 0.272140502929688 -0.229736328125 -0.311370849609375
0.12396240234375 0.3076171875 -0.207138061523438 -0.219680786132812
0.085784912109375 0.32537841796875 -0.151153564453125 -0.180709838867188
-0.033233642578125 0.390625 -0.196182250976563 -0.130706787109375
-0.177764892578125 0.448638916015625 -0.211257934570313 -0.132614135742187
-0.54437255859375 0.289886474609375 -0.213958740234375 -0.192947387695312
-0.69732666015625 0.0821533203125001 -0.259490966796875 -0.0395355224609375
-0.60235595703125 -0.14263916015625 -0.53759765625 -0.1585693359375
-0.3341064453125 -0.182769775390625 -0.274444580078125 0.159332275390625
-0.357513427734375 0.041656494140625 -0.205902099609375 0.239990234375
-0.241424560546875 0.211578369140625 0.127586364746094 0.124176025390625
-0.0240020751953125 0.235748291015625 0.227615356445313 -0.1422119140625
0.0856094360351563 0.125663757324219 0.095428466796875 -0.34661865234375
0.0774078369140625 0.0724029541015625 -0.119720458984375 -0.458709716796875
0.0389022827148438 0.0665359497070313 -0.269287109375 -0.443756103515625
0.047637939453125 0.111106872558594 -0.269683837890625 -0.355010986328125
0.057403564453125 0.129234313964844 -0.244384765625 -0.2889404296875
0.0654373168945313 0.138206481933594 -0.192901611328125 -0.259124755859375
0.02581787109375 0.21282958984375 -0.234954833984375 -0.201553344726562
-0.077606201171875 0.302642822265625 -0.22882080078125 -0.230545043945312
-0.3963623046875 0.20892333984375 -0.183135986328125 -0.263641357421875
-0.506500244140625 0.015594482421875 -0.29473876953125 -0.0391235351562499
-0.39410400390625 -0.17486572265625 -0.68328857421875 -0.2103271484375
0.0645599365234375 0.114768981933594 0.76947021484375 0.10986328125
0.21490478515625 0.0072479248046875 0.2864990234375 0.025299072265625
0.1051025390625 -0.165847778320312 0.107666015625 0.274765014648437
-0.05975341796875 -0.145004272460937 0.25146484375 0.32537841796875
-0.133506774902344 -0.0292205810546875 0.237472534179688 0.208709716796875
-0.0778884887695313 0.0775375366210937 0.2257080078125 0.242599487304688
0.012481689453125 0.091339111328125 0.267852783203125 0.30255126953125
0.00582122802734374 0.0705490112304688 0.282470703125 0.321380615234375
0.012481689453125 0.0830078125 0.281829833984375 0.368408203125
-0.0352783203125 0.0985183715820312 0.166046142578125 0.40496826171875
-0.0937652587890625 0.0369796752929688 0.044952392578125 0.316497802734375
-0.10418701171875 -0.0639801025390625 -0.0803985595703125 0.171310424804688
0.0605316162109375 -0.140350341796875 -0.0945510864257812 -0.0603408813476563
0.170913696289063 -0.0160064697265625 0.163314819335938 -0.23046875
0.0876541137695313 0.121505737304688 0.290802001953125 -0.119476318359375
-0.245269775390625 0.083251953125 0.73468017578125 0.15814208984375
-0.100898742675781 0.0590896606445313 0.228546142578125 0.0515289306640625
-0.166366577148438 -0.0328369140625 0.076202392578125 0.321136474609375
-0.22625732421875 0.0359649658203125 0.295684814453125 0.37017822265625
-0.221771240234375 0.151123046875 0.28131103515625 0.17626953125
-0.075469970703125 0.289581298828125 0.230239868164063 0.179122924804688
0.0832061767578125 0.27569580078125 0.23883056640625 0.239776611328125
0.0842132568359375 0.230926513671875 0.243896484375 0.262786865234375
0.106430053710938 0.236770629882812 0.246307373046875 0.313385009765625
0.041961669921875 0.245330810546875 0.174163818359375 0.345611572265625
-0.079681396484375 0.207366943359375 0.070892333984375 0.266510009765625
-0.155364990234375 0.117294311523438 -0.0431671142578125 0.167877197265625
-0.1304931640625 -0.0359115600585938 -0.0955886840820313 -0.030792236328125
-0.081329345703125 0.00322723388671874 0.129318237304688 -0.20745849609375
-0.143569946289062 0.084930419921875 0.273880004882812 -0.101303100585938
-0.50433349609375 0.0176391601562499 0.60595703125 0.1978759765625
-0.403839111328125 0.0770263671875 0.133674621582031 0.0929641723632813
-0.437774658203125 0.10260009765625 0.062164306640625 0.34808349609375
-0.37481689453125 0.23095703125 0.35247802734375 0.361175537109375
-0.27301025390625 0.323028564453125 0.32879638671875 0.093292236328125
-0.05511474609375 0.46026611328125 0.221267700195313 0.0554962158203125
0.140655517578125 0.413970947265625 0.171310424804688 0.117446899414063
0.148468017578125 0.36199951171875 0.164993286132812 0.164230346679688
0.1878662109375 0.3641357421875 0.173614501953125 0.236221313476563
0.11102294921875 0.368682861328125 0.1446533203125 0.270431518554688
-0.052490234375 0.3623046875 0.05987548828125 0.214218139648438
-0.178924560546875 0.299224853515625 -0.036224365234375 0.152847290039063
-0.302764892578125 0.100311279296875 -0.112266540527344 -0.024810791015625
-0.32684326171875 0.058349609375 0.07659912109375 -0.1766357421875
-0.369903564453125 0.0531005859374999 0.196319580078125 -0.09442138671875
-0.6763916015625 -0.0583496093750001 0.41094970703125 0.219329833984375
-0.621826171875 0.071533203125 0.0200042724609375 0.151290893554688
-0.631103515625 0.2232666015625 0.075836181640625 0.353118896484375
-0.44952392578125 0.407623291015625 0.402252197265625 0.287261962890625
-0.258270263671875 0.452880859375 0.353057861328125 -0.0369873046875
-0.010223388671875 0.552734375 0.185256958007813 -0.108749389648437
0.1781005859375 0.479034423828125 0.0777359008789063 -0.0396804809570312
0.183074951171875 0.435272216796875 0.059783935546875 0.0410728454589844
0.2353515625 0.448089599609375 0.0766448974609375 0.137451171875
0.1617431640625 0.455810546875 0.083587646484375 0.180038452148438
-0.029052734375 0.4853515625 0.0149688720703125 0.1507568359375
-0.19000244140625 0.460723876953125 -0.0643463134765625 0.1214599609375
-0.448211669921875 0.243682861328125 -0.145294189453125 -0.0350799560546875
-0.5439453125 0.127410888671875 0.00234985351562496 -0.139999389648437
-0.560028076171875 0.0237426757812499 0.0559539794921875 -0.09161376953125
-0.73077392578125 -0.126220703125 0.189300537109375 0.226821899414063
-0.71429443359375 0.0615844726562501 -0.087738037109375 0.209182739257813
-0.68585205078125 0.30364990234375 0.099853515625 0.326690673828125
-0.419219970703125 0.5062255859375 0.422271728515625 0.165130615234375
-0.182281494140625 0.494781494140625 0.329742431640625 -0.183258056640625
0.0517883300781251 0.54095458984375 0.114120483398438 -0.274032592773437
0.193634033203125 0.461883544921875 -0.037628173828125 -0.200653076171875
0.1920166015625 0.443695068359375 -0.0567626953125 -0.0894622802734375
0.243865966796875 0.469879150390625 -0.036163330078125 0.0222740173339844
0.172454833984375 0.4862060546875 -0.000797271728515617 0.0667190551757813
-0.0186462402343749 0.546112060546875 -0.0579986572265625 0.0729598999023438
-0.196044921875 0.5574951171875 -0.115440368652344 0.069061279296875
-0.546600341796875 0.348968505859375 -0.184494018554688 -0.0601043701171875
-0.69580078125 0.1805419921875 -0.0898513793945313 -0.0913009643554687
-0.68072509765625 -0.00659179687499999 -0.131935119628906 -0.0927200317382813
-0.681640625 -0.17071533203125 -0.0141754150390626 0.218399047851563
-0.67559814453125 0.0565185546875001 -0.164077758789063 0.25128173828125
-0.6053466796875 0.3265380859375 0.1229248046875 0.271865844726563
-0.3016357421875 0.49310302734375 0.389373779296875 0.027923583984375
-0.07232666015625 0.430419921875 0.26092529296875 -0.296783447265625
0.09686279296875 0.431427001953125 0.020660400390625 -0.397186279296875
0.173095703125 0.369171142578125 -0.15087890625 -0.330291748046875
0.170501708984375 0.38330078125 -0.164901733398438 -0.207931518554688
0.20928955078125 0.42095947265625 -0.140609741210938 -0.0988922119140625
0.146484375 0.442138671875 -0.0889739990234375 -0.0582046508789062
-0.02020263671875 0.512603759765625 -0.138778686523438 -0.0230255126953125
-0.1890869140625 0.556549072265625 -0.17340087890625 -0.014129638671875
-0.58123779296875 0.3759765625 -0.21600341796875 -0.10772705078125
-0.7540283203125 0.18072509765625 -0.182083129882813 -0.0466156005859375
-0.7044677734375 -0.0554199218749999 -0.345245361328125 -0.102630615234375
-0.54559326171875 -0.181396484375 -0.173782348632813 0.196426391601563
-0.543487548828125 0.0580139160156251 -0.200958251953125 0.26495361328125
-0.43310546875 0.298614501953125 0.132614135742187 0.197799682617188
-0.145782470703125 0.391845703125 0.312591552734375 -0.08447265625
0.03021240234375 0.28875732421875 0.16485595703125 -0.349365234375
0.109222412109375 0.256622314453125 -0.075927734375 -0.452789306640625
0.121749877929688 0.226913452148438 -0.24285888671875 -0.406005859375
0.121337890625 0.265518188476562 -0.248016357421875 -0.2960205078125
0.144317626953125 0.300262451171875 -0.220169067382812 -0.206939697265625
0.106231689453125 0.31597900390625 -0.161376953125 -0.17401123046875
-0.00643920898437496 0.391754150390625 -0.20355224609375 -0.1190185546875
-0.1478271484375 0.4613037109375 -0.21875 -0.116744995117187
-0.528350830078125 0.328155517578125 -0.220977783203125 -0.174789428710937
-0.69122314453125 0.1287841796875 -0.255401611328125 -0.02117919921875
-0.6114501953125 -0.1099853515625 -0.54644775390625 -0.12646484375
-0.349365234375 -0.164337158203125 -0.268890380859375 0.174270629882813
-0.353668212890625 0.06182861328125 -0.19488525390625 0.25384521484375
-0.227142333984375 0.23052978515625 0.129638671875 0.120948791503906
-0.00433349609375001 0.240066528320313 0.217041015625 -0.154144287109375
0.0947799682617187 0.116935729980469 0.074127197265625 -0.349334716796875
0.0823898315429687 0.0664291381835938 -0.14715576171875 -0.445556640625
0.0420494079589844 0.0655250549316406 -0.2978515625 -0.426544189453125
0.0543136596679687 0.110198974609375 -0.2919921875 -0.339752197265625
0.06561279296875 0.126853942871094 -0.261032104492187 -0.274581909179688
0.0729598999023437 0.1312255859375 -0.207000732421875 -0.248687744140625
0.0403900146484375 0.210281372070313 -0.2457275390625 -0.186080932617188
-0.056793212890625 0.308624267578125 -0.242782592773438 -0.214675903320312
-0.3834228515625 0.23980712890625 -0.196884155273438 -0.24700927734375
-0.505706787109375 0.0503540039062499 -0.291168212890625 -0.0197448730468749
-0.406646728515625 -0.155029296875 -0.6968994140625 -0.16888427734375
0.0710830688476563 0.111335754394531 0.76263427734375 0.0670166015625
0.21197509765625 -0.00830078125 0.278366088867188 0.0069732666015625
0.093353271484375 -0.168807983398438 0.119049072265625 0.26373291015625
-0.0677108764648437 -0.138381958007813 0.267486572265625 0.30535888671875
-0.13250732421875 -0.0179824829101562 0.240936279296875 0.1910400390625
-0.07025146484375 0.0813217163085938 0.230392456054688 0.225128173828125
0.0186996459960937 0.0868072509765625 0.279876708984375 0.28466796875
0.0124435424804687 0.0690879821777344 0.293212890625 0.30194091796875
0.017333984375 0.08056640625 0.292724609375 0.34259033203125
-0.0289688110351562 0.0983963012695313 0.18182373046875 0.383087158203125
-0.0891189575195312 0.04351806640625 0.05902099609375 0.299774169921875
-0.106948852539063 -0.0548477172851562 -0.0684051513671875 0.168609619140625
0.050628662109375 -0.144073486328125 -0.0926284790039063 -0.0561370849609375
0.163040161132813 -0.0260009765625 0.14837646484375 -0.23223876953125
0.09320068359375 0.117080688476563 0.285064697265625 -0.127197265625
-0.232040405273438 0.0937042236328125 0.73193359375 0.1160888671875
-0.0935211181640625 0.058868408203125 0.226608276367188 0.0386962890625
-0.163314819335938 -0.0247650146484375 0.090972900390625 0.31341552734375
-0.218597412109375 0.048370361328125 0.309783935546875 0.345977783203125
-0.212356567382813 0.160385131835938 0.281951904296875 0.15771484375
-0.056182861328125 0.289642333984375 0.23419189453125 0.162246704101563
0.0984954833984375 0.267547607421875 0.243728637695312 0.224578857421875
0.097625732421875 0.2216796875 0.249679565429688 0.246780395507813
0.118484497070312 0.226516723632813 0.258575439453125 0.29205322265625
0.05780029296875 0.236083984375 0.18572998046875 0.322906494140625
-0.0640106201171875 0.208770751953125 0.0791778564453125 0.250015258789063
-0.145797729492188 0.12567138671875 -0.0317535400390625 0.162994384765625
-0.127922058105469 -0.0298919677734375 -0.0945510864257813 -0.0274810791015625
-0.0771255493164063 0.00906372070312501 0.118621826171875 -0.206039428710938
-0.136520385742188 0.0930862426757812 0.269454956054688 -0.113021850585938
-0.496612548828125 0.04425048828125 0.60626220703125 0.1600341796875
-0.387725830078125 0.0914306640625 0.134246826171875 0.0819320678710938
-0.4248046875 0.125640869140625 0.078948974609375 0.3421630859375
-0.352508544921875 0.247833251953125 0.365325927734375 0.335235595703125
-0.252471923828125 0.33282470703125 0.323577880859375 0.070556640625
-0.0283203125 0.454864501953125 0.215438842773438 0.0423431396484375
0.161468505859375 0.40130615234375 0.172683715820313 0.109207153320313
0.167510986328125 0.34442138671875 0.17144775390625 0.153823852539063
0.208282470703125 0.343902587890625 0.181854248046875 0.222610473632813
0.133392333984375 0.34918212890625 0.153106689453125 0.254547119140625
-0.031768798828125 0.355621337890625 0.0695648193359375 0.198516845703125
-0.15679931640625 0.30157470703125 -0.0250244140625 0.147628784179688
-0.2867431640625 0.115936279296875 -0.10748291015625 -0.01885986328125
-0.31536865234375 0.0758056640625 0.0677490234375 -0.17742919921875
-0.357940673828125 0.070465087890625 0.193206787109375 -0.1026611328125
-0.66680908203125 -0.0187988281249999 0.417510986328125 0.195892333984375
-0.6024169921875 0.0975341796875001 0.027130126953125 0.146484375
-0.60205078125 0.25390625 0.087493896484375 0.3453369140625
-0.41302490234375 0.424591064453125 0.4083251953125 0.2607421875
-0.22821044921875 0.45672607421875 0.34002685546875 -0.057952880859375
0.023162841796875 0.5423583984375 0.1697998046875 -0.113815307617187
0.202362060546875 0.461212158203125 0.071929931640625 -0.0389404296875
0.206817626953125 0.416259765625 0.0625457763671875 0.0380134582519532
0.256195068359375 0.425323486328125 0.0823822021484375 0.130119323730469
0.184326171875 0.43170166015625 0.0906829833984375 0.1654052734375
-0.000244140624999971 0.47509765625 0.0182952880859375 0.143295288085938
-0.159149169921875 0.461181640625 -0.055328369140625 0.120315551757813
-0.42364501953125 0.26483154296875 -0.136474609375 -0.0261383056640625
-0.522705078125 0.15850830078125 -0.00291442871093753 -0.135337829589844
-0.545623779296875 0.0508422851562499 0.0559539794921875 -0.093780517578125
-0.72265625 -0.0873413085937501 0.200897216796875 0.2117919921875
-0.6917724609375 0.0944824218749999 -0.076995849609375 0.20965576171875
-0.6524658203125 0.33648681640625 0.11065673828125 0.319183349609375
-0.376617431640625 0.522430419921875 0.4200439453125 0.137664794921875
-0.150787353515625 0.494049072265625 0.312164306640625 -0.1981201171875
0.08349609375 0.524322509765625 0.0961151123046875 -0.270477294921875
0.21435546875 0.44488525390625 -0.0494384765625 -0.191574096679687
0.213287353515625 0.42333984375 -0.0616912841796875 -0.08306884765625
0.26739501953125 0.44671630859375 -0.0347633361816406 0.0255107879638672
0.19488525390625 0.461944580078125 0.00146102905273439 0.062774658203125
0.01300048828125 0.532684326171875 -0.0541763305664062 0.0725479125976563
-0.1561279296875 0.559814453125 -0.105445861816406 0.0728530883789063
-0.51458740234375 0.374542236328125 -0.175247192382813 -0.04669189453125
-0.67047119140625 0.2178955078125 -0.087310791015625 -0.0821914672851562
-0.66943359375 0.0254516601562499 -0.128532409667969 -0.0834808349609375
-0.67706298828125 -0.13262939453125 -0.00184631347656255 0.215042114257813
-0.655517578125 0.0863647460937501 -0.149627685546875 0.254730224609375
-0.5716552734375 0.35345458984375 0.129409790039062 0.263687133789063
-0.261566162109375 0.503570556640625 0.3797607421875 0.00622558593750003
-0.04473876953125 0.42138671875 0.238128662109375 -0.305908203125
0.122711181640625 0.41314697265625 -0.00354003906250001 -0.386871337890625
0.190338134765625 0.352996826171875 -0.165557861328125 -0.310089111328125
0.18572998046875 0.365997314453125 -0.171035766601563 -0.193374633789062
0.230865478515625 0.400177001953125 -0.14239501953125 -0.08746337890625
0.167999267578125 0.42181396484375 -0.0915603637695312 -0.0546722412109375
0.011474609375 0.50189208984375 -0.137802124023438 -0.01702880859375
-0.14996337890625 0.555908203125 -0.167724609375 -0.00439453125
-0.547576904296875 0.403564453125 -0.210494995117188 -0.0887908935546875
-0.72369384765625 0.22149658203125 -0.175674438476563 -0.0347900390625
-0.692626953125 -0.0198974609374999 -0.34100341796875 -0.08154296875
-0.546875 -0.148468017578125 -0.159713745117188 0.200485229492188
-0.526092529296875 0.0821533203125001 -0.184738159179687 0.271743774414063
-0.404449462890625 0.31915283203125 0.136444091796875 0.191329956054688
-0.11553955078125 0.392791748046875 0.29852294921875 -0.097442626953125
0.0474090576171875 0.27642822265625 0.140960693359375 -0.3502197265625
0.122482299804687 0.241561889648438 -0.09771728515625 -0.43377685546875
0.129913330078125 0.21673583984375 -0.258941650390625 -0.381378173828125
0.135513305664063 0.253585815429688 -0.2568359375 -0.27667236328125
0.15692138671875 0.2860107421875 -0.225494384765625 -0.190658569335938
0.120086669921875 0.301116943359375 -0.166839599609375 -0.164505004882813
0.017303466796875 0.38043212890625 -0.205078125 -0.105926513671875
-0.115325927734375 0.460296630859375 -0.217987060546875 -0.100860595703125
-0.498199462890625 0.35498046875 -0.219070434570313 -0.153945922851562
-0.669677734375 0.16693115234375 -0.244720458984375 -0.00546264648437497
-0.605224609375 -0.0792236328124999 -0.53997802734375 -0.095916748046875
-0.355499267578125 -0.142059326171875 -0.25616455078125 0.1824951171875
-0.340484619140625 0.077728271484375 -0.182632446289063 0.25811767578125
-0.207046508789062 0.239547729492188 0.129661560058594 0.114463806152344
0.012786865234375 0.235946655273438 0.202621459960938 -0.159194946289062
0.101081848144531 0.106826782226562 0.0531005859375 -0.3427734375
0.0828628540039063 0.0579376220703125 -0.1658935546875 -0.42376708984375
0.0425148010253906 0.0630226135253906 -0.314849853515625 -0.397308349609375
0.0582809448242188 0.104240417480469 -0.300201416015625 -0.3179931640625
0.070587158203125 0.119499206542969 -0.268646240234375 -0.258392333984375
0.0769805908203125 0.124443054199219 -0.21392822265625 -0.232437133789063
0.052154541015625 0.200408935546875 -0.24835205078125 -0.169403076171875
-0.0362548828125 0.305755615234375 -0.245285034179688 -0.193756103515625
-0.361907958984375 0.25799560546875 -0.200912475585938 -0.227981567382813
-0.49090576171875 0.076812744140625 -0.280075073242188 -0.00480651855468748
-0.407958984375 -0.1353759765625 -0.689697265625 -0.12677001953125
0.0737152099609375 0.10650634765625 0.7469482421875 0.04248046875
0.206985473632813 -0.01531982421875 0.27008056640625 -0.0037841796875
0.0843963623046875 -0.170089721679688 0.122802734375 0.256744384765625
-0.0710296630859375 -0.132514953613281 0.2718505859375 0.287261962890625
-0.130851745605469 -0.0115585327148437 0.240264892578125 0.177780151367188
-0.0660858154296875 0.0842361450195313 0.228530883789063 0.213104248046875
0.0199432373046875 0.0878677368164063 0.280487060546875 0.271881103515625
0.01397705078125 0.0678558349609375 0.292205810546875 0.284942626953125
0.0219650268554687 0.0779800415039063 0.291046142578125 0.324432373046875
-0.0215988159179687 0.0985641479492187 0.186614990234375 0.36376953125
-0.0873794555664063 0.0466766357421875 0.066802978515625 0.284149169921875
-0.107070922851563 -0.0495223999023438 -0.0591888427734375 0.159698486328125
0.0434417724609375 -0.141693115234375 -0.0890426635742187 -0.0538330078125
0.160140991210938 -0.0316314697265625 0.140411376953125 -0.23016357421875
0.0957412719726563 0.114898681640625 0.279083251953125 -0.128311157226563
-0.225875854492188 0.100875854492187 0.72125244140625 0.0931396484375
-0.0877914428710938 0.0594863891601563 0.21929931640625 0.0299530029296875
-0.159439086914063 -0.018310546875 0.0958251953125 0.307586669921875
-0.213241577148437 0.0543212890625 0.315460205078125 0.326263427734375
-0.199905395507812 0.1680908203125 0.277069091796875 0.141021728515625
-0.044281005859375 0.28533935546875 0.226806640625 0.153701782226563
0.104660034179688 0.25885009765625 0.244400024414063 0.214263916015625
0.103591918945312 0.21429443359375 0.2503662109375 0.23382568359375
0.12579345703125 0.215591430664063 0.255050659179688 0.277740478515625
0.063232421875 0.225692749023438 0.188385009765625 0.3070068359375
-0.0565185546875 0.205062866210937 0.0850982666015625 0.233840942382812
-0.134071350097656 0.127273559570313 -0.0246734619140625 0.154769897460938
-0.12799072265625 -0.0275497436523437 -0.0878448486328125 -0.0241165161132812
-0.074920654296875 0.0111923217773438 0.111892700195313 -0.202423095703125
-0.127243041992188 0.0947418212890625 0.266189575195313 -0.115264892578125
-0.483154296875 0.0584716796875001 0.60076904296875 0.14019775390625
-0.37457275390625 0.10052490234375 0.134918212890625 0.0791778564453125
-0.406219482421875 0.135833740234375 0.0844421386718749 0.334197998046875
-0.334564208984375 0.255767822265625 0.36566162109375 0.31451416015625
-0.23455810546875 0.332183837890625 0.31414794921875 0.055419921875
-0.00799560546875 0.44573974609375 0.209793090820313 0.0368194580078125
0.17108154296875 0.386138916015625 0.173568725585938 0.10296630859375
0.1732177734375 0.330657958984375 0.168975830078125 0.146987915039063
0.2139892578125 0.3275146484375 0.182266235351563 0.21087646484375
0.141143798828125 0.333160400390625 0.155227661132812 0.237030029296875
-0.015472412109375 0.3470458984375 0.069000244140625 0.188568115234375
-0.140289306640625 0.303192138671875 -0.0201873779296875 0.143295288085938
-0.279052734375 0.121185302734375 -0.102569580078125 -0.0167922973632813
-0.30340576171875 0.087493896484375 0.0665740966796875 -0.171112060546875
-0.346343994140625 0.0802307128906249 0.190460205078125 -0.103729248046875
-0.6505126953125 -0.00152587890624987 0.418060302734375 0.179290771484375
-0.5809326171875 0.1116943359375 0.030609130859375 0.141143798828125
-0.57763671875 0.2674560546875 0.0940551757812499 0.33935546875
-0.385009765625 0.4290771484375 0.408538818359375 0.239501953125
-0.20867919921875 0.45233154296875 0.328460693359375 -0.06976318359375
0.04296875 0.524200439453125 0.163070678710938 -0.113845825195312
0.213775634765625 0.446044921875 0.0661354064941406 -0.0377540588378906
0.2144775390625 0.3985595703125 0.0607185363769531 0.0365791320800782
0.267425537109375 0.403778076171875 0.0813522338867188 0.126480102539063
0.19451904296875 0.408721923828125 0.09033203125 0.15594482421875
0.020416259765625 0.46044921875 0.02069091796875 0.135818481445313
-0.13470458984375 0.456024169921875 -0.0466232299804688 0.117469787597656
-0.402801513671875 0.271575927734375 -0.130699157714844 -0.0190505981445312
-0.504119873046875 0.174041748046875 0.00118255615234371 -0.131721496582031
-0.532135009765625 0.0637512207031249 0.0571670532226562 -0.0895843505859375
-0.7103271484375 -0.0629882812499999 0.205215454101562 0.201873779296875
-0.67034912109375 0.10919189453125 -0.0676116943359375 0.207809448242188
-0.62335205078125 0.34906005859375 0.11517333984375 0.31341552734375
-0.34600830078125 0.521759033203125 0.4139404296875 0.12188720703125
-0.128143310546875 0.48486328125 0.295684814453125 -0.205078125
0.09954833984375 0.504638671875 0.082794189453125 -0.264236450195312
0.22283935546875 0.4268798828125 -0.0557403564453125 -0.180908203125
0.22314453125 0.405609130859375 -0.0611419677734375 -0.077545166015625
0.274200439453125 0.4244384765625 -0.0309219360351562 0.0267295837402344
0.20416259765625 0.437255859375 0.00205993652343752 0.0563316345214844
0.0338134765625001 0.515869140625 -0.0534286499023437 0.0684776306152344
-0.129608154296875 0.548980712890625 -0.0970001220703125 0.0728988647460938
-0.48779296875 0.38104248046875 -0.167007446289063 -0.039794921875
-0.642578125 0.23492431640625 -0.0806732177734375 -0.0769271850585937
-0.6514892578125 0.0410156250000001 -0.125579833984375 -0.0792160034179687
-0.66705322265625 -0.10919189453125 0.00492858886718746 0.207061767578125
-0.63616943359375 0.098388671875 -0.139617919921875 0.25390625
-0.5452880859375 0.363983154296875 0.131149291992188 0.260879516601563
-0.23223876953125 0.500244140625 0.369598388671875 -0.00228881835937497
-0.029052734375 0.41033935546875 0.220947265625 -0.303863525390625
0.132080078125 0.396240234375 -0.0140380859375 -0.3719482421875
0.197174072265625 0.339141845703125 -0.17437744140625 -0.295318603515625
0.19378662109375 0.351409912109375 -0.173263549804688 -0.182388305664063
0.23663330078125 0.380859375 -0.140884399414062 -0.0810394287109375
0.175323486328125 0.399261474609375 -0.0907669067382812 -0.0544967651367187
0.027557373046875 0.487701416015625 -0.135406494140625 -0.0133132934570312
-0.124969482421875 0.54827880859375 -0.159423828125 0.000366210937500006
-0.519622802734375 0.4136962890625 -0.201217651367188 -0.0783843994140625
-0.69525146484375 0.2418212890625 -0.164199829101563 -0.028076171875
-0.6778564453125 -0.00451660156249986 -0.331634521484375 -0.0714111328125001
-0.541290283203125 -0.12884521484375 -0.150375366210938 0.198410034179688
-0.509124755859375 0.0929565429687501 -0.174468994140625 0.270004272460937
-0.38055419921875 0.32513427734375 0.134735107421875 0.189422607421875
-0.093963623046875 0.38885498046875 0.286773681640625 -0.101470947265625
0.056427001953125 0.264175415039062 0.12677001953125 -0.34381103515625
0.127822875976563 0.228134155273438 -0.10552978515625 -0.4168701171875
0.133743286132813 0.208587646484375 -0.26715087890625 -0.361297607421875
0.138015747070312 0.243927001953125 -0.257980346679688 -0.260955810546875
0.163070678710937 0.274993896484375 -0.225112915039062 -0.1800537109375
0.125518798828125 0.287384033203125 -0.166015625 -0.157424926757812
0.030364990234375 0.370147705078125 -0.2008056640625 -0.0973510742187499
-0.09503173828125 0.452484130859375 -0.210678100585938 -0.09002685546875
-0.474456787109375 0.364166259765625 -0.213302612304688 -0.141525268554688
-0.6446533203125 0.18426513671875 -0.232315063476563 0.0010528564453125
-0.59490966796875 -0.0658569335937501 -0.5283203125 -0.078460693359375
-0.3544921875 -0.12652587890625 -0.246139526367188 0.182937622070312
-0.3311767578125 0.081939697265625 -0.1734619140625 0.25823974609375
-0.191696166992188 0.242446899414062 0.124244689941406 0.114608764648438
0.0256195068359375 0.232513427734375 0.189971923828125 -0.15887451171875
0.103302001953125 0.0964736938476562 0.0419921875 -0.3321533203125
0.0825881958007813 0.0502700805664063 -0.170440673828125 -0.404449462890625
0.0422325134277344 0.0608940124511719 -0.318511962890625 -0.377410888671875
0.0606231689453125 0.100204467773438 -0.303253173828125 -0.301177978515625
0.0714645385742187 0.116920471191406 -0.267959594726563 -0.242233276367187
0.0755767822265625 0.116378784179687 -0.214218139648438 -0.221710205078125
0.059326171875 0.192764282226563 -0.2445068359375 -0.15521240234375
-0.023895263671875 0.298309326171875 -0.243972778320313 -0.180374145507812
-0.34423828125 0.26611328125 -0.196853637695313 -0.214141845703125
-0.47418212890625 0.0922546386718749 -0.2666015625 0.00512695312500001
-0.40264892578125 -0.12322998046875 -0.6751708984375 -0.1064453125
0.073089599609375 0.106147766113281 0.74102783203125 0.02996826171875
0.204925537109375 -0.0208282470703125 0.264297485351563 -0.0081634521484375
0.0798797607421875 -0.169204711914063 0.125091552734375 0.255035400390625
-0.0738296508789062 -0.130790710449219 0.273666381835938 0.280120849609375
-0.130416870117188 -0.00582122802734375 0.2371826171875 0.171188354492187
-0.062835693359375 0.087005615234375 0.22601318359375 0.20660400390625
0.0243453979492188 0.0880889892578125 0.281051635742188 0.267486572265625
0.0162506103515625 0.0675773620605469 0.29364013671875 0.281036376953125
0.024566650390625 0.0764846801757813 0.290069580078125 0.315582275390625
-0.018829345703125 0.0987396240234375 0.1878662109375 0.3531494140625
-0.0872344970703125 0.0500946044921875 0.067840576171875 0.275192260742188
-0.106887817382812 -0.0455398559570313 -0.05615234375 0.153945922851563
0.039337158203125 -0.1429443359375 -0.088287353515625 -0.0534210205078125
0.157516479492188 -0.0343017578125 0.1380615234375 -0.228851318359375
0.0981216430664063 0.115211486816406 0.281402587890625 -0.128509521484375
-0.223312377929688 0.103790283203125 0.71783447265625 0.08050537109375
-0.085235595703125 0.0570297241210938 0.21771240234375 0.0247039794921875
-0.160675048828125 -0.01556396484375 0.098907470703125 0.304840087890625
-0.20904541015625 0.058197021484375 0.31793212890625 0.3154296875
-0.195541381835938 0.16998291015625 0.2740478515625 0.1341552734375
-0.035675048828125 0.2845458984375 0.224136352539063 0.1495361328125
0.110733032226562 0.25579833984375 0.2447509765625 0.210906982421875
0.106292724609375 0.211029052734375 0.251235961914063 0.229721069335938
0.128875732421875 0.2100830078125 0.253005981445313 0.270523071289063
0.067413330078125 0.220932006835938 0.186553955078125 0.296783447265625
-0.0511932373046875 0.204544067382813 0.084014892578125 0.226226806640625
-0.129592895507813 0.128997802734375 -0.0209503173828125 0.149932861328125
-0.127830505371094 -0.0255966186523438 -0.0850753784179688 -0.0250701904296875
-0.072967529296875 0.01275634765625 0.11004638671875 -0.201065063476563
-0.125259399414063 0.0971450805664062 0.266647338867188 -0.115371704101563
-0.47760009765625 0.0653381347656249 0.60205078125 0.1300048828125
-0.3681640625 0.101165771484375 0.133415222167969 0.0743331909179688
-0.400054931640625 0.13885498046875 0.0888671875 0.334716796875
-0.323272705078125 0.26007080078125 0.369720458984375 0.3017578125
-0.226348876953125 0.3353271484375 0.308013916015625 0.04833984375
0.00207519531250003 0.43927001953125 0.203323364257813 0.03582763671875
0.180084228515625 0.380767822265625 0.170928955078125 0.1029052734375
0.176971435546875 0.32452392578125 0.169586181640625 0.142486572265625
0.218414306640625 0.31890869140625 0.181686401367188 0.20745849609375
0.146484375 0.322357177734375 0.15325927734375 0.230026245117188
-0.00662231445312501 0.3431396484375 0.0676422119140625 0.180419921875
-0.129669189453125 0.300872802734375 -0.0157623291015625 0.136795043945313
-0.273193359375 0.122467041015625 -0.0960235595703125 -0.0154342651367187
-0.297027587890625 0.089508056640625 0.06719970703125 -0.171173095703125
-0.342803955078125 0.082244873046875 0.191696166992187 -0.103652954101563
-0.6446533203125 0.00622558593750009 0.4193115234375 0.170806884765625
-0.573486328125 0.11407470703125 0.0317459106445312 0.139175415039063
-0.5682373046875 0.27197265625 0.09796142578125 0.33905029296875
-0.369049072265625 0.43243408203125 0.4085693359375 0.229705810546875
-0.199371337890625 0.450347900390625 0.319305419921875 -0.0750732421875
0.053924560546875 0.5181884765625 0.156631469726563 -0.11309814453125
0.221343994140625 0.438446044921875 0.0652732849121094 -0.0358963012695312
0.219940185546875 0.390228271484375 0.0592765808105469 0.0359230041503906
0.27252197265625 0.39324951171875 0.0822219848632813 0.125595092773438
0.197052001953125 0.396270751953125 0.0889739990234375 0.149856567382813
0.029571533203125 0.45562744140625 0.0201568603515625 0.13031005859375
-0.120513916015625 0.451568603515625 -0.0412216186523438 0.1138916015625
-0.394012451171875 0.274169921875 -0.123451232910156 -0.019683837890625
-0.4913330078125 0.180816650390625 0.00543212890624996 -0.12835693359375
-0.526458740234375 0.069671630859375 0.05889892578125 -0.090576171875
-0.7049560546875 -0.0533447265625001 0.2083740234375 0.195465087890625
-0.6595458984375 0.113525390625 -0.0645751953125001 0.204910278320313
-0.610107421875 0.3536376953125 0.117431640625 0.313568115234375
-0.32940673828125 0.521942138671875 0.411834716796875 0.116363525390625
-0.11907958984375 0.478729248046875 0.285003662109375 -0.20794677734375
0.109466552734375 0.494781494140625 0.0772552490234375 -0.259567260742187
0.23052978515625 0.419830322265625 -0.0577239990234375 -0.174972534179687
0.226409912109375 0.398345947265625 -0.0611114501953125 -0.075592041015625
0.27996826171875 0.414459228515625 -0.0304794311523437 0.0284404754638672
0.207977294921875 0.4249267578125 0.000904083251953136 0.0526657104492188
0.04510498046875 0.508514404296875 -0.0544281005859375 0.0672760009765625
-0.114501953125 0.5445556640625 -0.0916213989257813 0.0706863403320313
-0.47784423828125 0.385589599609375 -0.16168212890625 -0.0360260009765625
-0.62982177734375 0.2449951171875 -0.0740737915039063 -0.0748443603515625
-0.645751953125 0.0455932617187501 -0.123016357421875 -0.0755844116210938
-0.663330078125 -0.0984497070312499 0.011260986328125 0.203125
-0.6253662109375 0.10321044921875 -0.1353759765625 0.251602172851563
-0.53070068359375 0.36834716796875 0.13214111328125 0.261825561523438
-0.21539306640625 0.498504638671875 0.366119384765625 -0.00582885742187497
-0.02117919921875 0.402069091796875 0.210784912109375 -0.303375244140625
0.138336181640625 0.38433837890625 -0.019744873046875 -0.3648681640625
0.20074462890625 0.333831787109375 -0.17706298828125 -0.284423828125
0.197662353515625 0.345550537109375 -0.1729736328125 -0.1773681640625
0.241058349609375 0.373291015625 -0.139274597167969 -0.0777816772460937
0.178680419921875 0.389312744140625 -0.0914382934570313 -0.05572509765625
0.039306640625 0.479248046875 -0.13482666015625 -0.012725830078125
-0.110107421875 0.5430908203125 -0.15350341796875 0.00251770019531257
-0.508026123046875 0.41851806640625 -0.193817138671875 -0.0745391845703125
-0.68389892578125 0.2493896484375 -0.156997680664063 -0.0254364013671875
-0.67327880859375 -0.000244140624999925 -0.327789306640625 -0.066131591796875
-0.539093017578125 -0.120513916015625 -0.145263671875 0.19659423828125
-0.502349853515625 0.0944213867187501 -0.169830322265625 0.268829345703125
-0.3704833984375 0.32586669921875 0.134231567382812 0.191574096679688
-0.080474853515625 0.38616943359375 0.280532836914063 -0.102081298828125
0.061431884765625 0.255935668945313 0.11993408203125 -0.340789794921875
0.129562377929688 0.218490600585938 -0.10888671875 -0.407073974609375
0.1337890625 0.20458984375 -0.269561767578125 -0.3511962890625
0.141265869140625 0.238906860351562 -0.259552001953125 -0.254226684570313
0.165206909179688 0.26904296875 -0.222686767578125 -0.17431640625
0.12567138671875 0.278213500976562 -0.166152954101562 -0.155548095703125
0.037109375 0.36175537109375 -0.200057983398438 -0.092926025390625
-0.08392333984375 0.44952392578125 -0.20587158203125 -0.0868377685546875
-0.463104248046875 0.36981201171875 -0.20660400390625 -0.1357421875
-0.63323974609375 0.1925048828125 -0.224014282226563 0.00367736816406247
-0.59197998046875 -0.06219482421875 -0.523834228515625 -0.071502685546875
-0.354400634765625 -0.1192626953125 -0.243255615234375 0.183074951171875
-0.32696533203125 0.08270263671875 -0.169586181640625 0.257614135742187
-0.184463500976562 0.244461059570313 0.122611999511719 0.116645812988281
0.03472900390625 0.228912353515625 0.1837158203125 -0.155838012695312
0.105278015136719 0.0885696411132812 0.03692626953125 -0.32574462890625
0.0818634033203125 0.0454254150390625 -0.1702880859375 -0.39459228515625
0.0415687561035156 0.0604629516601563 -0.319671630859375 -0.367919921875
0.0614471435546875 0.0989990234375 -0.30487060546875 -0.2940673828125
0.0720138549804687 0.114891052246094 -0.266342163085938 -0.238113403320312
0.0762252807617188 0.11181640625 -0.212921142578125 -0.220474243164062
0.0625 0.186065673828125 -0.241973876953125 -0.149261474609375
-0.016876220703125 0.294891357421875 -0.239669799804688 -0.173263549804687
-0.3363037109375 0.271453857421875 -0.1922607421875 -0.207443237304688
-0.466064453125 0.0972595214843751 -0.25946044921875 0.00646972656250006
-0.402496337890625 -0.12188720703125 -0.67230224609375 -0.097412109375
0.0754318237304688 0.109260559082031 0.75146484375 0.01751708984375
0.207443237304687 -0.0252227783203125 0.264572143554688 -0.013214111328125
0.07684326171875 -0.173095703125 0.130691528320313 0.257415771484375
-0.0780181884765625 -0.130470275878906 0.280593872070313 0.27655029296875
-0.132453918457031 -0.00209045410156249 0.238922119140625 0.167510986328125
-0.0595550537109375 0.0914154052734375 0.227127075195312 0.206680297851563
0.028411865234375 0.0904693603515625 0.2872314453125 0.266754150390625
0.0189971923828125 0.0688018798828125 0.300201416015625 0.280242919921875
0.0267333984375 0.0775070190429688 0.2940673828125 0.314971923828125
-0.0157394409179687 0.100799560546875 0.192535400390625 0.35137939453125
-0.0883102416992188 0.05499267578125 0.069976806640625 0.271453857421875
-0.109848022460937 -0.0420608520507813 -0.05535888671875 0.152175903320313
0.033782958984375 -0.147598266601563 -0.0888290405273438 -0.0549697875976562
0.157806396484375 -0.03778076171875 0.138885498046875 -0.231964111328125
0.10308837890625 0.117561340332031 0.288421630859375 -0.131866455078125
-0.2242431640625 0.111892700195313 0.729736328125 0.0677490234375
-0.0841751098632812 0.0565872192382813 0.2193603515625 0.0210113525390625
-0.163299560546875 -0.0149078369140625 0.10565185546875 0.309112548828125
-0.21051025390625 0.0623321533203125 0.326904296875 0.312347412109375
-0.196487426757812 0.176132202148438 0.274566650390625 0.128692626953125
-0.029205322265625 0.288543701171875 0.224166870117188 0.1494140625
0.1207275390625 0.257553100585938 0.250350952148438 0.21124267578125
0.11248779296875 0.21063232421875 0.256546020507813 0.228439331054688
0.136398315429688 0.21002197265625 0.257614135742188 0.271224975585938
0.0731658935546875 0.219100952148437 0.190704345703125 0.293060302734375
-0.0478515625 0.2081298828125 0.084381103515625 0.2242431640625
-0.126953125 0.131500244140625 -0.0186920166015625 0.146957397460938
-0.130851745605469 -0.0251846313476562 -0.0843887329101563 -0.0255355834960938
-0.072967529296875 0.0139999389648438 0.111602783203125 -0.205032348632813
-0.124282836914062 0.101188659667969 0.273590087890625 -0.119338989257812
-0.48211669921875 0.0760192871093749 0.61529541015625 0.12054443359375
-0.3690185546875 0.1044921875 0.136978149414062 0.0718307495117188
-0.40216064453125 0.145538330078125 0.095855712890625 0.339263916015625
-0.321136474609375 0.267486572265625 0.37860107421875 0.298309326171875
-0.225433349609375 0.34185791015625 0.308319091796875 0.041900634765625
0.010955810546875 0.443023681640625 0.2025146484375 0.03570556640625
0.19317626953125 0.3822021484375 0.173431396484375 0.103561401367188
0.1864013671875 0.32513427734375 0.172256469726563 0.141510009765625
0.228729248046875 0.317962646484375 0.184829711914063 0.207290649414063
0.152496337890625 0.319244384765625 0.155426025390625 0.225967407226563
0.00195312499999999 0.34503173828125 0.06707763671875 0.178802490234375
-0.12109375 0.304290771484375 -0.012420654296875 0.133453369140625
-0.274444580078125 0.127044677734375 -0.0951156616210938 -0.0157699584960938
-0.29595947265625 0.09661865234375 0.0705413818359375 -0.172897338867187
-0.345245361328125 0.0878601074218751 0.1982421875 -0.107421875
-0.65228271484375 0.0189208984375 0.429351806640625 0.163848876953125
-0.5771484375 0.1204833984375 0.034759521484375 0.139045715332031
-0.56890869140625 0.28399658203125 0.105621337890625 0.345916748046875
-0.3624267578125 0.44390869140625 0.417266845703125 0.22467041015625
-0.196014404296875 0.457427978515625 0.317138671875 -0.083221435546875
0.0654296875 0.518157958984375 0.153411865234375 -0.113998413085937
0.23590087890625 0.439910888671875 0.0645179748535156 -0.0343055725097656
0.229400634765625 0.392181396484375 0.0596275329589844 0.0355491638183594
0.28387451171875 0.390228271484375 0.0843124389648438 0.127723693847656
0.2059326171875 0.392822265625 0.089080810546875 0.147354125976563
0.040863037109375 0.456085205078125 0.0183563232421875 0.129707336425781
-0.10809326171875 0.4576416015625 -0.0375518798828125 0.111190795898438
-0.393707275390625 0.283843994140625 -0.121353149414063 -0.01947021484375
-0.49078369140625 0.190643310546875 0.00900268554687498 -0.129287719726563
-0.53289794921875 0.0760803222656251 0.0621490478515625 -0.0913543701171875
-0.71368408203125 -0.0416259765624998 0.217025756835937 0.191619873046875
-0.66375732421875 0.1199951171875 -0.0630798339843751 0.205780029296875
-0.6114501953125 0.36663818359375 0.1234130859375 0.320220947265625
-0.316680908203125 0.5333251953125 0.4190673828125 0.109893798828125
-0.113006591796875 0.482513427734375 0.281524658203125 -0.215118408203125
0.119537353515625 0.49462890625 0.0731201171875 -0.260910034179688
0.24163818359375 0.41937255859375 -0.06195068359375 -0.1724853515625
0.23577880859375 0.398834228515625 -0.0642318725585938 -0.075958251953125
0.29107666015625 0.412200927734375 -0.0310287475585937 0.0297927856445313
0.21710205078125 0.421661376953125 -0.000438690185546857 0.0502166748046875
0.056732177734375 0.510467529296875 -0.0563850402832031 0.0670890808105469
-0.101806640625 0.5489501953125 -0.088653564453125 0.0695648193359375
-0.47467041015625 0.3980712890625 -0.157699584960938 -0.036041259765625
-0.62884521484375 0.2572021484375 -0.0705184936523438 -0.0748214721679687
-0.6551513671875 0.0507812500000002 -0.122047424316406 -0.0733489990234375
-0.67132568359375 -0.0889282226562499 0.0153045654296874 0.202224731445313
-0.63043212890625 0.10858154296875 -0.134323120117188 0.253952026367187
-0.529876708984375 0.380645751953125 0.136856079101562 0.267196655273438
-0.20233154296875 0.5072021484375 0.36859130859375 -0.010101318359375
-0.0140380859375 0.40240478515625 0.2061767578125 -0.30804443359375
0.146240234375 0.380126953125 -0.024871826171875 -0.3651123046875
0.20892333984375 0.334747314453125 -0.184234619140625 -0.283721923828125
0.207427978515625 0.3447265625 -0.17779541015625 -0.177169799804687
0.25128173828125 0.37359619140625 -0.141189575195312 -0.0763397216796875
0.184844970703125 0.38543701171875 -0.0950393676757813 -0.0579910278320312
0.049652099609375 0.481689453125 -0.13677978515625 -0.010650634765625
-0.09912109375 0.549102783203125 -0.151580810546875 0.00248718261718755
-0.506683349609375 0.43316650390625 -0.190383911132813 -0.07342529296875
-0.68402099609375 0.26446533203125 -0.152786254882813 -0.0234222412109375
-0.684814453125 0.00500488281250007 -0.3310546875 -0.06085205078125
-0.547210693359375 -0.110076904296875 -0.1431884765625 0.19769287109375
-0.50653076171875 0.099334716796875 -0.170074462890625 0.27191162109375
-0.367645263671875 0.33612060546875 0.137832641601562 0.19586181640625
-0.0665283203125 0.390411376953125 0.280548095703125 -0.1043701171875
0.066680908203125 0.252197265625 0.113189697265625 -0.34375
0.133331298828125 0.213287353515625 -0.113861083984375 -0.4073486328125
0.137847900390625 0.204925537109375 -0.2783203125 -0.348876953125
0.146026611328125 0.23883056640625 -0.266403198242188 -0.2525634765625
0.17181396484375 0.269927978515625 -0.227020263671875 -0.173812866210938
0.128982543945313 0.276077270507813 -0.171157836914063 -0.157669067382812
0.0440673828125 0.362091064453125 -0.202606201171875 -0.0911407470703125
-0.07373046875 0.45489501953125 -0.205947875976563 -0.0851440429687499
-0.461456298828125 0.3839111328125 -0.20458984375 -0.134201049804687
-0.63525390625 0.2047119140625 -0.22137451171875 0.00643920898437505
-0.60223388671875 -0.05841064453125 -0.531951904296875 -0.0633544921875
-0.362030029296875 -0.114044189453125 -0.243499755859375 0.185012817382812
-0.32989501953125 0.0860595703125 -0.170272827148438 0.26141357421875
-0.181488037109375 0.251449584960937 0.123878479003906 0.121505737304688
0.045318603515625 0.230148315429688 0.182479858398438 -0.156417846679687
0.1080322265625 0.0830917358398438 0.032989501953125 -0.326263427734375
0.0813674926757813 0.0402450561523438 -0.173797607421875 -0.394256591796875
0.0415382385253906 0.0618362426757813 -0.329986572265625 -0.36395263671875
0.0634536743164063 0.0981597900390625 -0.312408447265625 -0.2921142578125
0.0743331909179688 0.115623474121094 -0.27313232421875 -0.239364624023437
0.0766067504882813 0.110221862792969 -0.217941284179687 -0.22210693359375
0.0668487548828125 0.184036254882812 -0.243728637695313 -0.147293090820313
-0.009246826171875 0.29803466796875 -0.242080688476563 -0.171875
-0.333892822265625 0.2813720703125 -0.193084716796875 -0.207168579101562
-0.467071533203125 0.105133056640625 -0.25811767578125 0.00866699218750002
-0.411834716796875 -0.12127685546875 -0.68121337890625 -0.0880737304687501
0.080535888671875 0.114013671875 0.770263671875 -0.00964355468749999
0.211456298828125 -0.0341949462890625 0.267990112304688 -0.022918701171875
0.0710906982421875 -0.181076049804688 0.143707275390625 0.26092529296875
-0.0858154296875 -0.13134765625 0.297607421875 0.272003173828125
-0.135986328125 0.00588989257812498 0.247222900390625 0.162551879882813
-0.0558547973632813 0.0982131958007813 0.236129760742188 0.206100463867188
0.0352401733398437 0.0920257568359375 0.304473876953125 0.266387939453125
0.0238227844238281 0.0701751708984375 0.31689453125 0.280242919921875
0.0320816040039062 0.0788345336914063 0.30877685546875 0.31317138671875
-0.01116943359375 0.104362487792969 0.20648193359375 0.35162353515625
-0.089263916015625 0.06231689453125 0.0772247314453125 0.271347045898438
-0.115318298339844 -0.0384597778320312 -0.0516204833984375 0.15380859375
0.0266876220703125 -0.153854370117188 -0.0916290283203125 -0.0551376342773438
0.160308837890625 -0.0449066162109375 0.136337280273438 -0.241409301757813
0.111701965332031 0.119438171386719 0.296051025390625 -0.1446533203125
-0.226516723632813 0.125106811523437 0.75244140625 0.043212890625
-0.0830841064453125 0.05877685546875 0.2237548828125 0.0120697021484375
-0.1693115234375 -0.010284423828125 0.120269775390625 0.31451416015625
-0.213470458984375 0.07098388671875 0.346893310546875 0.304779052734375
-0.196685791015625 0.190277099609375 0.280899047851563 0.121078491210938
-0.0169677734375 0.29705810546875 0.230300903320313 0.14776611328125
0.136581420898438 0.258544921875 0.262741088867188 0.211181640625
0.123336791992188 0.212600708007813 0.269699096679688 0.225021362304687
0.148712158203125 0.209701538085938 0.27056884765625 0.269195556640625
0.0828399658203125 0.219406127929688 0.2020263671875 0.29156494140625
-0.0396728515625 0.21466064453125 0.0896453857421875 0.222930908203125
-0.123184204101562 0.138465881347656 -0.014404296875 0.145416259765625
-0.137542724609375 -0.0231475830078125 -0.0857772827148438 -0.0248260498046875
-0.0724945068359375 0.0161590576171875 0.111251831054688 -0.212371826171875
-0.12310791015625 0.107795715332031 0.28125 -0.132171630859375
-0.491180419921875 0.0979003906249999 0.63604736328125 0.10113525390625
-0.37255859375 0.116851806640625 0.142166137695312 0.067657470703125
-0.40740966796875 0.162750244140625 0.110015869140625 0.347015380859375
-0.31597900390625 0.2840576171875 0.3990478515625 0.287567138671875
-0.220550537109375 0.3580322265625 0.311798095703125 0.03009033203125
0.02777099609375 0.451507568359375 0.20513916015625 0.032012939453125
0.21453857421875 0.38336181640625 0.180099487304688 0.102569580078125
0.204315185546875 0.323883056640625 0.179290771484375 0.139251708984375
0.246978759765625 0.316162109375 0.194259643554688 0.207366943359375
0.167633056640625 0.31689453125 0.163436889648438 0.22406005859375
0.016387939453125 0.350677490234375 0.0711212158203125 0.176864624023438
-0.109893798828125 0.312896728515625 -0.00813293457031249 0.132049560546875
-0.277755737304688 0.138351440429687 -0.0959320068359375 -0.0150222778320312
-0.29730224609375 0.10906982421875 0.07080078125 -0.179733276367188
-0.350555419921875 0.10137939453125 0.20330810546875 -0.116256713867187
-0.66778564453125 0.0418701171875 0.447845458984375 0.150604248046875
-0.5853271484375 0.13909912109375 0.0405349731445312 0.137939453125
-0.57440185546875 0.30908203125 0.120330810546875 0.3525390625
-0.351287841796875 0.4659423828125 0.435577392578125 0.21270751953125
-0.185882568359375 0.473846435546875 0.316619873046875 -0.09808349609375
0.0858154296875 0.52587890625 0.151092529296875 -0.119293212890625
0.259307861328125 0.44122314453125 0.0640449523925781 -0.0341415405273437
0.24951171875 0.39093017578125 0.0605926513671875 0.0337944030761719
0.306182861328125 0.388153076171875 0.0898971557617188 0.128280639648438
0.222320556640625 0.38995361328125 0.0928802490234375 0.144973754882813
0.06109619140625 0.461669921875 0.0196990966796875 0.130302429199219
-0.090789794921875 0.467926025390625 -0.0336456298828125 0.109733581542969
-0.393524169921875 0.30377197265625 -0.121780395507813 -0.0184860229492188
-0.493194580078125 0.213653564453125 0.010894775390625 -0.133934020996094
-0.54559326171875 0.093536376953125 0.0641250610351562 -0.0950546264648438
-0.7320556640625 -0.0186767578125 0.230545043945312 0.185440063476563
-0.673828125 0.1400146484375 -0.0578155517578125 0.209426879882813
-0.61444091796875 0.39739990234375 0.13690185546875 0.326507568359375
-0.298431396484375 0.55609130859375 0.43212890625 0.097442626953125
-0.100189208984375 0.4951171875 0.276504516601562 -0.229827880859375
0.138031005859375 0.497100830078125 0.0648956298828125 -0.266738891601562
0.263336181640625 0.42108154296875 -0.0695648193359375 -0.171371459960938
0.25689697265625 0.398223876953125 -0.0687408447265625 -0.0756759643554687
0.316070556640625 0.410186767578125 -0.0301055908203125 0.0325260162353516
0.23193359375 0.419036865234375 -0.00177383422851561 0.0488357543945313
0.0794067382812499 0.516143798828125 -0.0564384460449219 0.0695343017578125
-0.080322265625 0.5633544921875 -0.0858306884765625 0.0696182250976563
-0.473480224609375 0.42547607421875 -0.158111572265625 -0.034027099609375
-0.632080078125 0.28662109375 -0.0679473876953126 -0.0744781494140625
-0.67266845703125 0.0712280273437499 -0.125732421875 -0.0698394775390625
-0.69158935546875 -0.0681762695312501 0.0245513916015625 0.201919555664063
-0.64202880859375 0.12835693359375 -0.130752563476563 0.262725830078125
-0.530059814453125 0.407867431640625 0.148727416992187 0.272506713867187
-0.181304931640625 0.524261474609375 0.3760986328125 -0.023223876953125
-0.000915527343750006 0.408294677734375 0.1973876953125 -0.322296142578125
0.160797119140625 0.378936767578125 -0.037322998046875 -0.371978759765625
0.224334716796875 0.3350830078125 -0.197662353515625 -0.28125
0.224029541015625 0.345703125 -0.18896484375 -0.175811767578125
0.272796630859375 0.3721923828125 -0.146804809570313 -0.0731658935546875
0.198486328125 0.384735107421875 -0.101852416992187 -0.0588607788085937
0.068756103515625 0.487213134765625 -0.140853881835937 -0.00790405273437494
-0.0760498046875 0.56280517578125 -0.15185546875 0.00369262695312504
-0.50335693359375 0.4625244140625 -0.193191528320313 -0.0706939697265625
-0.68865966796875 0.294189453125 -0.152008056640625 -0.0197296142578125
-0.7054443359375 0.0236206054687499 -0.340484619140625 -0.0494384765625
-0.56494140625 -0.0947265625 -0.139434814453125 0.2030029296875
-0.516387939453125 0.1160888671875 -0.16815185546875 0.281951904296875
-0.36444091796875 0.357513427734375 0.146575927734375 0.20062255859375
-0.047515869140625 0.3997802734375 0.28277587890625 -0.11419677734375
0.0773162841796875 0.250167846679688 0.10382080078125 -0.353759765625
0.140182495117188 0.208450317382813 -0.128692626953125 -0.41162109375
0.147430419921875 0.205856323242188 -0.296661376953125 -0.34423828125
0.157470703125 0.239059448242188 -0.280731201171875 -0.251800537109375
0.186172485351563 0.269454956054688 -0.238525390625 -0.171737670898437
0.138275146484375 0.275390625 -0.182449340820313 -0.159072875976562
0.059234619140625 0.36578369140625 -0.209808349609375 -0.0863037109374999
-0.0560302734375 0.466583251953125 -0.210479736328125 -0.08251953125
-0.459442138671875 0.410736083984375 -0.210174560546875 -0.132492065429687
-0.64166259765625 0.22998046875 -0.221603393554688 0.01312255859375
-0.62286376953125 -0.0444946289062499 -0.546661376953125 -0.0450134277343749
-0.376678466796875 -0.102294921875 -0.24407958984375 0.194656372070313
-0.335906982421875 0.09686279296875 -0.16949462890625 0.270355224609375
-0.1759033203125 0.265792846679687 0.129753112792969 0.125663757324219
0.0608062744140625 0.2320556640625 0.181167602539063 -0.1622314453125
0.113128662109375 0.0753860473632813 0.023040771484375 -0.331634521484375
0.080291748046875 0.0347671508789063 -0.18951416015625 -0.396392822265625
0.0423736572265625 0.0627822875976563 -0.349945068359375 -0.36041259765625
0.0681304931640625 0.0991592407226563 -0.3292236328125 -0.2901611328125
0.0799179077148438 0.11541748046875 -0.286956787109375 -0.238006591796875
0.0793838500976563 0.108131408691406 -0.230392456054687 -0.221878051757813
0.0749664306640625 0.182449340820313 -0.25201416015625 -0.1424560546875
0.00457763671874997 0.30364990234375 -0.251266479492188 -0.1688232421875
-0.329986572265625 0.302978515625 -0.200485229492188 -0.206619262695312
-0.47369384765625 0.124725341796875 -0.260940551757813 0.0160064697265625
-0.427581787109375 -0.114532470703125 -0.70123291015625 -0.0645141601562501
0.0894546508789063 0.116035461425781 0.7801513671875 -0.05645751953125
0.212661743164063 -0.0480194091796875 0.267059326171875 -0.03936767578125
0.06024169921875 -0.188827514648438 0.161590576171875 0.257247924804688
-0.0965728759765625 -0.128189086914062 0.31689453125 0.255035400390625
-0.138328552246094 0.0167770385742188 0.256973266601563 0.149932861328125
-0.0481185913085937 0.105056762695313 0.2471923828125 0.1976318359375
0.0447463989257813 0.090362548828125 0.323577880859375 0.25469970703125
0.030364990234375 0.0700569152832031 0.33612060546875 0.2646484375
0.039093017578125 0.0794219970703125 0.327789306640625 0.3004150390625
-0.00359344482421874 0.107200622558594 0.226898193359375 0.341766357421875
-0.0865631103515625 0.0718536376953125 0.090240478515625 0.267120361328125
-0.120040893554687 -0.0309906005859375 -0.044677734375 0.154159545898438
0.01416015625 -0.158782958984375 -0.0949249267578125 -0.0522003173828125
0.158782958984375 -0.055877685546875 0.12786865234375 -0.252410888671875
0.122200012207031 0.116539001464844 0.2967529296875 -0.163909912109375
-0.221023559570313 0.144622802734375 0.76654052734375 -0.00103759765624999
-0.0793075561523438 0.06256103515625 0.226837158203125 -0.00177001953125
-0.173690795898438 -0.00216674804687498 0.1405029296875 0.3126220703125
-0.212677001953125 0.0834197998046875 0.36993408203125 0.2850341796875
-0.189300537109375 0.2061767578125 0.28741455078125 0.105010986328125
0.00167846679687503 0.3033447265625 0.239654541015625 0.13983154296875
0.157485961914063 0.25262451171875 0.279510498046875 0.201248168945313
0.13958740234375 0.2066650390625 0.2845458984375 0.2137451171875
0.165756225585938 0.202651977539062 0.287261962890625 0.259552001953125
0.097015380859375 0.215408325195313 0.2166748046875 0.280563354492188
-0.0272369384765625 0.22021484375 0.0996856689453125 0.216583251953125
-0.115859985351562 0.145980834960938 -0.0071563720703125 0.14361572265625
-0.143524169921875 -0.015838623046875 -0.0865020751953125 -0.0222625732421875
-0.0728607177734375 0.0197372436523437 0.104751586914063 -0.222763061523437
-0.117774963378906 0.118217468261719 0.281524658203125 -0.150177001953125
-0.490966796875 0.128814697265625 0.65277099609375 0.06256103515625
-0.368865966796875 0.13592529296875 0.147750854492187 0.0583343505859375
-0.405181884765625 0.186492919921875 0.132904052734375 0.34649658203125
-0.301300048828125 0.3040771484375 0.42193603515625 0.265350341796875
-0.204193115234375 0.376251220703125 0.31292724609375 0.011383056640625
0.0565185546875 0.456085205078125 0.207427978515625 0.0241241455078125
0.243743896484375 0.374481201171875 0.189315795898438 0.09649658203125
0.226654052734375 0.31610107421875 0.187850952148438 0.130569458007813
0.2706298828125 0.30267333984375 0.207260131835938 0.200515747070313
0.186431884765625 0.3072509765625 0.1734619140625 0.214874267578125
0.03985595703125 0.352081298828125 0.0781097412109375 0.173797607421875
-0.09002685546875 0.3201904296875 -0.0012359619140625 0.128524780273438
-0.274673461914063 0.156356811523438 -0.0951919555664063 -0.012237548828125
-0.293304443359375 0.1268310546875 0.0665130615234375 -0.18731689453125
-0.351806640625 0.123809814453125 0.203460693359375 -0.129531860351563
-0.6727294921875 0.08148193359375 0.46630859375 0.125213623046875
-0.58282470703125 0.1710205078125 0.0485687255859375 0.135162353515625
-0.565185546875 0.34698486328125 0.1414794921875 0.353240966796875
-0.325042724609375 0.4901123046875 0.455291748046875 0.187408447265625
-0.161346435546875 0.4906005859375 0.3104248046875 -0.11798095703125
0.1181640625 0.524932861328125 0.144912719726563 -0.126937866210937
0.291107177734375 0.43060302734375 0.0631332397460938 -0.0364151000976562
0.277374267578125 0.381134033203125 0.0612220764160156 0.031158447265625
0.336181640625 0.373321533203125 0.098175048828125 0.126884460449219
0.246612548828125 0.376922607421875 0.0985260009765625 0.139793395996094
0.090789794921875 0.459320068359375 0.0247955322265625 0.129135131835938
-0.061187744140625 0.474578857421875 -0.0277786254882813 0.107093811035156
-0.381103515625 0.331024169921875 -0.12164306640625 -0.0145339965820312
-0.485321044921875 0.242645263671875 0.00908660888671874 -0.137786865234375
-0.550506591796875 0.123992919921875 0.0637664794921875 -0.0995330810546875
-0.7427978515625 0.021484375 0.246307373046875 0.171371459960937
-0.67559814453125 0.1741943359375 -0.0483093261718751 0.213455200195312
-0.5999755859375 0.43890380859375 0.1572265625 0.32550048828125
-0.264404296875 0.57476806640625 0.4442138671875 0.071533203125
-0.0743408203125 0.504364013671875 0.2625732421875 -0.249191284179687
0.16839599609375 0.491851806640625 0.0496826171875 -0.2725830078125
0.29461669921875 0.410675048828125 -0.0799102783203125 -0.167266845703125
0.283294677734375 0.38824462890625 -0.075958251953125 -0.0736770629882812
0.346099853515625 0.39471435546875 -0.0287284851074219 0.0356826782226563
0.256744384765625 0.4068603515625 -0.00323104858398436 0.0473518371582031
0.11163330078125 0.514312744140625 -0.0549697875976563 0.0721893310546875
-0.04425048828125 0.57122802734375 -0.0820846557617188 0.0698165893554688
-0.45538330078125 0.459930419921875 -0.159027099609375 -0.0285491943359375
-0.6229248046875 0.3272705078125 -0.0672683715820313 -0.0734024047851562
-0.68194580078125 0.1063232421875 -0.1278076171875 -0.0624847412109375
-0.705322265625 -0.0305786132812499 0.0372161865234375 0.199172973632813
-0.64263916015625 0.16265869140625 -0.121063232421875 0.270248413085938
-0.5130615234375 0.445587158203125 0.16546630859375 0.270614624023437
-0.146636962890625 0.537200927734375 0.37969970703125 -0.044647216796875
0.02105712890625 0.409698486328125 0.17913818359375 -0.3375244140625
0.18267822265625 0.369049072265625 -0.057830810546875 -0.373687744140625
0.247772216796875 0.326202392578125 -0.216293334960938 -0.271026611328125
0.247314453125 0.336151123046875 -0.20318603515625 -0.168014526367187
0.298248291015625 0.359649658203125 -0.152374267578125 -0.065765380859375
0.218292236328125 0.375030517578125 -0.109878540039062 -0.0560760498046875
0.099029541015625 0.48455810546875 -0.143402099609375 -0.000747680664062467
-0.04083251953125 0.571533203125 -0.152206420898438 0.00784301757812504
-0.482208251953125 0.500030517578125 -0.195693969726563 -0.0631866455078125
-0.680908203125 0.33795166015625 -0.149749755859375 -0.0125274658203125
-0.7169189453125 0.0607910156249999 -0.34564208984375 -0.02899169921875
-0.57867431640625 -0.06341552734375 -0.129730224609375 0.209014892578125
-0.518035888671875 0.142547607421875 -0.158172607421875 0.29266357421875
-0.347564697265625 0.384765625 0.15972900390625 0.19873046875
-0.01812744140625 0.403472900390625 0.280242919921875 -0.130203247070312
0.0909271240234375 0.242996215820313 0.084014892578125 -0.361541748046875
0.149917602539063 0.198211669921875 -0.15216064453125 -0.408111572265625
0.161178588867187 0.201553344726562 -0.320526123046875 -0.3294677734375
0.173507690429688 0.23345947265625 -0.300750732421875 -0.240020751953125
0.205230712890625 0.26190185546875 -0.25146484375 -0.161697387695312
0.151809692382812 0.268585205078125 -0.196319580078125 -0.152694702148437
0.081878662109375 0.36285400390625 -0.216079711914062 -0.076171875
-0.026519775390625 0.4720458984375 -0.21649169921875 -0.0752716064453125
-0.439544677734375 0.44476318359375 -0.2169189453125 -0.124710083007812
-0.6363525390625 0.26971435546875 -0.219924926757813 0.0245361328125
-0.6385498046875 -0.0133666992187501 -0.5562744140625 -0.0115966796874999
-0.387451171875 -0.0805053710937501 -0.237396240234375 0.205856323242188
-0.33734130859375 0.11474609375 -0.161529541015625 0.281829833984375
-0.16265869140625 0.28179931640625 0.138175964355469 0.124298095703125
0.0800933837890625 0.227981567382813 0.174118041992188 -0.171463012695312
0.117454528808594 0.0644607543945313 0.00552368164062503 -0.33380126953125
0.079010009765625 0.0278244018554688 -0.212127685546875 -0.3895263671875
0.0450630187988281 0.0638504028320313 -0.375091552734375 -0.343048095703125
0.073699951171875 0.096832275390625 -0.35186767578125 -0.27716064453125
0.0867538452148438 0.111747741699219 -0.305755615234375 -0.22723388671875
0.0831680297851563 0.102828979492188 -0.247100830078125 -0.214019775390625
0.0863037109375 0.176605224609375 -0.261505126953125 -0.129852294921875
0.024444580078125 0.305755615234375 -0.263397216796875 -0.158538818359375
-0.31646728515625 0.328369140625 -0.212081909179688 -0.201065063476562
-0.471893310546875 0.15093994140625 -0.260879516601563 0.030029296875
-0.44561767578125 -0.0943603515624999 -0.718017578125 -0.0227050781250001
0.0987930297851563 0.114990234375 0.76641845703125 -0.10784912109375
0.208297729492187 -0.062286376953125 0.259765625 -0.05621337890625
0.0458221435546875 -0.191452026367188 0.177719116210938 0.244476318359375
-0.105636596679688 -0.120941162109375 0.32965087890625 0.229156494140625
-0.13580322265625 0.0284194946289062 0.261001586914063 0.131744384765625
-0.037384033203125 0.108779907226563 0.255035400390625 0.182586669921875
0.0534286499023438 0.0851211547851563 0.3389892578125 0.234161376953125
0.0367050170898438 0.0662651062011719 0.349456787109375 0.242828369140625
0.0467300415039062 0.0757827758789063 0.34307861328125 0.27777099609375
0.00455474853515626 0.106742858886719 0.243133544921875 0.320526123046875
-0.0803680419921875 0.0800704956054688 0.103347778320313 0.255020141601562
-0.122001647949219 -0.0221176147460937 -0.0359954833984375 0.151779174804688
-0.000106811523437517 -0.158523559570313 -0.0962600708007813 -0.0479965209960938
0.15179443359375 -0.0664825439453125 0.11407470703125 -0.259033203125
0.131034851074219 0.110031127929688 0.286956787109375 -0.181976318359375
-0.206741333007813 0.160507202148437 0.7587890625 -0.0518798828125
-0.073822021484375 0.0637893676757812 0.223770141601562 -0.0172576904296875
-0.173553466796875 0.00740051269531251 0.1600341796875 0.301177978515625
-0.20501708984375 0.09515380859375 0.383148193359375 0.25439453125
-0.175933837890625 0.218124389648438 0.2869873046875 0.08551025390625
0.024139404296875 0.300048828125 0.243545532226562 0.125869750976563
0.175552368164063 0.237960815429688 0.29034423828125 0.18304443359375
0.152511596679688 0.194320678710938 0.29376220703125 0.193817138671875
0.180068969726562 0.188430786132813 0.298431396484375 0.239044189453125
0.109176635742188 0.205276489257812 0.228256225585938 0.261993408203125
-0.0111541748046875 0.219070434570313 0.109100341796875 0.205535888671875
-0.105148315429688 0.149887084960937 0.000686645507812493 0.137870788574219
-0.146331787109375 -0.00762939453125 -0.0861053466796875 -0.0185317993164063
-0.0707168579101562 0.0228424072265625 0.09375 -0.229278564453125
-0.106941223144531 0.125938415527344 0.273330688476563 -0.16705322265625
-0.47454833984375 0.15997314453125 0.6505126953125 0.01873779296875
-0.355712890625 0.153533935546875 0.149765014648438 0.0456085205078125
-0.3914794921875 0.210174560546875 0.153228759765625 0.334747314453125
-0.277801513671875 0.317291259765625 0.43377685546875 0.23284912109375
-0.180633544921875 0.387786865234375 0.30535888671875 -0.00930786132812498
0.08709716796875 0.4459228515625 0.205535888671875 0.0134429931640625
0.269195556640625 0.353485107421875 0.193954467773438 0.084197998046875
0.245758056640625 0.297607421875 0.19244384765625 0.118316650390625
0.29119873046875 0.28009033203125 0.2166748046875 0.187255859375
0.20135498046875 0.289031982421875 0.18133544921875 0.200027465820313
0.06304931640625 0.342376708984375 0.08526611328125 0.164505004882813
-0.066680908203125 0.318359375 0.00479888916015625 0.121734619140625
-0.26422119140625 0.171951293945312 -0.092987060546875 -0.008514404296875
-0.281463623046875 0.142547607421875 0.0584564208984375 -0.191497802734375
-0.33905029296875 0.144195556640625 0.197463989257812 -0.1419677734375
-0.65777587890625 0.1219482421875 0.47039794921875 0.09033203125
-0.564697265625 0.19970703125 0.0550994873046875 0.127792358398438
-0.539581298828125 0.378662109375 0.161529541015625 0.340606689453125
-0.286376953125 0.50164794921875 0.461517333984375 0.15374755859375
-0.132781982421875 0.495452880859375 0.294677734375 -0.136474609375
0.149566650390625 0.50970458984375 0.135452270507813 -0.132400512695312
0.319366455078125 0.4056396484375 0.061279296875 -0.0389747619628906
0.297943115234375 0.357452392578125 0.0594596862792969 0.0259246826171875
0.359466552734375 0.343170166015625 0.104827880859375 0.120613098144531
0.263427734375 0.3546142578125 0.101020812988281 0.130134582519531
0.121124267578125 0.44598388671875 0.0303878784179688 0.124275207519531
-0.027252197265625 0.467010498046875 -0.0224227905273437 0.101821899414063
-0.356414794921875 0.352020263671875 -0.118904113769531 -0.00968933105468747
-0.4632568359375 0.27178955078125 0.00624084472656248 -0.139717102050781
-0.54034423828125 0.15673828125 0.0606918334960937 -0.102104187011719
-0.73260498046875 0.0658569335937499 0.255722045898437 0.149871826171875
-0.65814208984375 0.20989990234375 -0.0367431640625 0.21044921875
-0.568115234375 0.47235107421875 0.175201416015625 0.31390380859375
-0.2208251953125 0.5828857421875 0.44244384765625 0.041412353515625
-0.045196533203125 0.501953125 0.24066162109375 -0.2628173828125
0.195526123046875 0.47265625 0.0329437255859375 -0.27117919921875
0.31976318359375 0.38629150390625 -0.08929443359375 -0.160324096679688
0.304656982421875 0.366119384765625 -0.0830841064453125 -0.0675277709960937
0.369384765625 0.36505126953125 -0.0259056091308593 0.03802490234375
0.27593994140625 0.38385009765625 -0.00468063354492186 0.046234130859375
0.14471435546875 0.496917724609375 -0.0513916015625 0.0734481811523438
-0.0037841796875 0.56292724609375 -0.0778579711914063 0.0684585571289063
-0.42047119140625 0.486236572265625 -0.156661987304688 -0.0216064453125
-0.59466552734375 0.36199951171875 -0.0650405883789063 -0.0711746215820312
-0.67315673828125 0.14874267578125 -0.126998901367188 -0.0524063110351562
-0.6988525390625 0.0125122070312501 0.0492401123046875 0.189804077148438
-0.626953125 0.19610595703125 -0.106887817382813 0.272140502929688
-0.48065185546875 0.475616455078125 0.179763793945312 0.260101318359375
-0.10650634765625 0.536285400390625 0.372222900390625 -0.068817138671875
0.043243408203125 0.398590087890625 0.1527099609375 -0.342926025390625
0.199951171875 0.349609375 -0.080963134765625 -0.36383056640625
0.26727294921875 0.30767822265625 -0.231369018554687 -0.253448486328125
0.264739990234375 0.316314697265625 -0.2138671875 -0.154647827148437
0.3197021484375 0.33489990234375 -0.154998779296875 -0.0556488037109375
0.237152099609375 0.35565185546875 -0.115966796875 -0.0496444702148437
0.12823486328125 0.4676513671875 -0.142898559570313 0.00720214843750001
-0.00195312499999999 0.5633544921875 -0.1500244140625 0.0124206542968751
-0.44451904296875 0.526031494140625 -0.195220947265625 -0.05377197265625
-0.65130615234375 0.37701416015625 -0.143356323242188 -0.00494384765624998
-0.7122802734375 0.10260009765625 -0.341552734375 -0.00375366210937502
-0.57647705078125 -0.0269775390624999 -0.116943359375 0.209365844726562
-0.505279541015625 0.169158935546875 -0.1435546875 0.296722412109375
-0.31951904296875 0.40509033203125 0.169662475585938 0.1895751953125
0.012237548828125 0.395751953125 0.2679443359375 -0.14532470703125
0.102737426757813 0.229644775390625 0.060516357421875 -0.3602294921875
0.156005859375 0.183822631835938 -0.17535400390625 -0.3934326171875
0.17254638671875 0.190673828125 -0.33856201171875 -0.304473876953125
0.1856689453125 0.220169067382813 -0.314300537109375 -0.218597412109375
0.219512939453125 0.244476318359375 -0.258956909179688 -0.1446533203125
0.162811279296875 0.254379272460938 -0.206924438476563 -0.140625
0.101806640625 0.34942626953125 -0.217742919921875 -0.062408447265625
0.00601196289062502 0.46478271484375 -0.218734741210937 -0.0640716552734375
-0.40771484375 0.470245361328125 -0.2200927734375 -0.112197875976563
-0.61181640625 0.30615234375 -0.212265014648438 0.0364990234375
-0.63763427734375 0.0232543945312499 -0.550506591796875 0.0264587402343751
-0.38995361328125 -0.0555419921874999 -0.224899291992188 0.2132568359375
-0.32952880859375 0.132720947265625 -0.14910888671875 0.287994384765625
-0.14154052734375 0.2908935546875 0.144485473632813 0.118453979492188
0.0981292724609375 0.216354370117188 0.161041259765625 -0.177871704101563
0.117324829101563 0.0508193969726563 -0.014434814453125 -0.32763671875
0.0743026733398437 0.0202789306640625 -0.23394775390625 -0.370849609375
0.0482330322265625 0.0628242492675781 -0.39471435546875 -0.314727783203125
0.0784454345703125 0.0912628173828125 -0.367706298828125 -0.252685546875
0.0919570922851563 0.104591369628906 -0.31732177734375 -0.206756591796875
0.0849685668945313 0.095611572265625 -0.258956909179688 -0.197891235351563
0.094329833984375 0.16497802734375 -0.26446533203125 -0.112319946289063
0.04559326171875 0.297210693359375 -0.270309448242187 -0.141281127929687
-0.291839599609375 0.3460693359375 -0.221588134765625 -0.188079833984375
-0.45880126953125 0.1771240234375 -0.253311157226563 0.044342041015625
-0.45086669921875 -0.0672607421875 -0.7108154296875 0.0277099609374999
0.105079650878906 0.112190246582031 0.74163818359375 -0.139404296875
0.200286865234375 -0.0718994140625 0.247406005859375 -0.0665740966796875
0.034454345703125 -0.189056396484375 0.184951782226563 0.229385375976563
-0.1102294921875 -0.112724304199219 0.3309326171875 0.205780029296875
-0.129623413085938 0.0370941162109375 0.25653076171875 0.114944458007813
-0.0277786254882813 0.109657287597656 0.255218505859375 0.16748046875
0.058624267578125 0.0778579711914063 0.3411865234375 0.2120361328125
0.0405921936035156 0.0608177185058594 0.350921630859375 0.220428466796875
0.0525741577148438 0.0705947875976563 0.343353271484375 0.254425048828125
0.0108795166015625 0.104263305664063 0.247772216796875 0.298126220703125
-0.0727157592773437 0.084442138671875 0.109420776367188 0.239730834960938
-0.120193481445313 -0.0152969360351563 -0.0295867919921875 0.144729614257813
-0.011627197265625 -0.154190063476563 -0.09515380859375 -0.0446090698242188
0.142868041992187 -0.071990966796875 0.102279663085938 -0.259124755859375
0.13555908203125 0.102958679199219 0.273406982421875 -0.19073486328125
-0.189529418945313 0.16802978515625 0.73529052734375 -0.08843994140625
-0.0666351318359375 0.0622406005859375 0.215347290039063 -0.029022216796875
-0.17010498046875 0.015228271484375 0.169677734375 0.28521728515625
-0.195556640625 0.099578857421875 0.384246826171875 0.226409912109375
-0.161056518554688 0.223159790039063 0.27862548828125 0.067352294921875
0.040069580078125 0.291961669921875 0.241226196289062 0.113082885742187
0.184707641601563 0.220062255859375 0.292022705078125 0.163604736328125
0.158218383789062 0.180160522460938 0.292938232421875 0.175048828125
0.18695068359375 0.171768188476563 0.2998046875 0.220184326171875
0.114990234375 0.193618774414062 0.229019165039062 0.241455078125
0.000534057617187478 0.213043212890625 0.111541748046875 0.192276000976563
-0.0957489013671875 0.148056030273437 0.00419616699218749 0.128921508789063
-0.1455078125 -0.000534057617187469 -0.0835189819335938 -0.016326904296875
-0.0678787231445312 0.0247154235839844 0.084014892578125 -0.22833251953125
-0.0958251953125 0.128791809082031 0.260391235351563 -0.175872802734375
-0.4505615234375 0.1785888671875 0.6351318359375 -0.01629638671875
-0.336883544921875 0.160430908203125 0.146682739257812 0.035125732421875
-0.372100830078125 0.221954345703125 0.16448974609375 0.318695068359375
-0.2550048828125 0.3189697265625 0.432373046875 0.202850341796875
-0.1595458984375 0.38555908203125 0.292083740234375 -0.0240478515625
0.10699462890625 0.428619384765625 0.200225830078125 0.00480651855468753
0.279815673828125 0.32769775390625 0.193389892578125 0.072723388671875
0.251846313476563 0.275558471679688 0.18902587890625 0.106613159179688
0.297454833984375 0.254058837890625 0.218536376953125 0.173568725585938
0.207290649414063 0.269424438476563 0.180557250976562 0.185302734375
0.07855224609375 0.32623291015625 0.087249755859375 0.15350341796875
-0.049224853515625 0.30706787109375 0.00817108154296874 0.112747192382813
-0.250106811523438 0.179428100585938 -0.0905990600585938 -0.00682830810546874
-0.2655029296875 0.151870727539062 0.0531463623046875 -0.191665649414063
-0.32232666015625 0.15667724609375 0.187789916992188 -0.147445678710938
-0.6329345703125 0.14874267578125 0.4638671875 0.063079833984375
-0.5400390625 0.21466064453125 0.0581207275390625 0.118736267089844
-0.50897216796875 0.392791748046875 0.172210693359375 0.325286865234375
-0.254547119140625 0.494903564453125 0.45458984375 0.126312255859375
-0.108123779296875 0.486572265625 0.27545166015625 -0.145782470703125
0.169647216796875 0.4859619140625 0.125038146972656 -0.133918762207031
0.331085205078125 0.377777099609375 0.0579757690429688 -0.0408744812011719
0.307525634765625 0.33258056640625 0.0554580688476563 0.0239067077636719
0.367095947265625 0.313018798828125 0.107376098632813 0.114326477050781
0.2686767578125 0.328643798828125 0.0995254516601563 0.121665954589844
0.13836669921875 0.421539306640625 0.0318832397460938 0.117942810058594
-0.00314331054687501 0.449920654296875 -0.0201797485351562 0.0948562622070313
-0.331329345703125 0.359527587890625 -0.115341186523438 -0.00746917724609374
-0.43798828125 0.28546142578125 0.00431060791015623 -0.139297485351562
-0.51904296875 0.17681884765625 0.0576553344726562 -0.101837158203125
-0.7054443359375 0.095703125 0.255294799804688 0.129058837890625
-0.630615234375 0.2296142578125 -0.028900146484375 0.203720092773438
-0.531005859375 0.486602783203125 0.1829833984375 0.299346923828125
-0.1844482421875 0.57183837890625 0.431610107421875 0.018524169921875
-0.023345947265625 0.4884033203125 0.2177734375 -0.264892578125
0.209625244140625 0.447601318359375 0.0193939208984375 -0.263992309570313
0.33062744140625 0.35906982421875 -0.0944976806640625 -0.151351928710937
0.31298828125 0.34014892578125 -0.0873260498046875 -0.062042236328125
0.3779296875 0.33367919921875 -0.0226974487304687 0.0390968322753906
0.282379150390625 0.35833740234375 -0.00634384155273436 0.0450286865234375
0.163848876953125 0.469757080078125 -0.049102783203125 0.0721282958984375
0.023345947265625 0.54071044921875 -0.0748291015625 0.0651168823242188
-0.3865966796875 0.49298095703125 -0.151397705078125 -0.01708984375
-0.55975341796875 0.38037109375 -0.0610771179199219 -0.0688552856445312
-0.65008544921875 0.1732177734375 -0.1220703125 -0.04425048828125
-0.67706298828125 0.0420532226562501 0.0552062988281249 0.17742919921875
-0.6025390625 0.21319580078125 -0.09588623046875 0.267303466796875
-0.444244384765625 0.486175537109375 0.185211181640625 0.248458862304688
-0.074493408203125 0.52105712890625 0.35748291015625 -0.082794189453125
0.0570068359375 0.383270263671875 0.129852294921875 -0.33843994140625
0.206451416015625 0.328216552734375 -0.09442138671875 -0.349334716796875
0.275543212890625 0.285919189453125 -0.237014770507813 -0.235061645507812
0.271575927734375 0.295440673828125 -0.218154907226562 -0.139312744140625
0.326080322265625 0.307525634765625 -0.152938842773437 -0.046356201171875
0.242950439453125 0.33233642578125 -0.118820190429687 -0.0428695678710937
0.145416259765625 0.443695068359375 -0.138809204101563 0.0124740600585938
0.025909423828125 0.5430908203125 -0.14715576171875 0.014923095703125
-0.4080810546875 0.532745361328125 -0.189926147460938 -0.046478271484375
-0.6158447265625 0.3970947265625 -0.134330749511719 -0.000328063964843726
-0.69219970703125 0.1297607421875 -0.3291015625 0.013427734375
-0.562286376953125 -0.000488281249999946 -0.1063232421875 0.203506469726563
-0.486602783203125 0.183837890625 -0.132598876953125 0.295562744140625
-0.290374755859375 0.41107177734375 0.172500610351562 0.180450439453125
0.034149169921875 0.378997802734375 0.252777099609375 -0.151840209960938
0.106796264648438 0.214523315429688 0.0401611328125 -0.35028076171875
0.15509033203125 0.168930053710938 -0.188232421875 -0.373016357421875
0.176406860351563 0.178436279296875 -0.344329833984375 -0.279022216796875
0.189453125 0.2059326171875 -0.318695068359375 -0.1983642578125
0.2242431640625 0.225967407226563 -0.25909423828125 -0.12939453125
0.165847778320312 0.2393798828125 -0.209548950195312 -0.127655029296875
0.1138916015625 0.3304443359375 -0.213623046875 -0.0519256591796875
0.028717041015625 0.4466552734375 -0.21649169921875 -0.0545196533203125
-0.372100830078125 0.478118896484375 -0.217117309570313 -0.101669311523437
-0.581787109375 0.3260498046875 -0.200820922851563 0.0438079833984375
-0.62396240234375 0.0495605468749999 -0.53173828125 0.0547180175781251
-0.3822021484375 -0.03509521484375 -0.212554931640625 0.213592529296875
-0.3177490234375 0.142242431640625 -0.139007568359375 0.28729248046875
-0.122833251953125 0.292572021484375 0.145477294921875 0.11260986328125
0.108596801757812 0.202011108398437 0.147262573242188 -0.177749633789063
0.112663269042969 0.0398178100585938 -0.02801513671875 -0.3143310546875
0.067596435546875 0.0157661437988281 -0.24224853515625 -0.348602294921875
0.0496749877929688 0.0613250732421875 -0.39739990234375 -0.287689208984375
0.0789108276367187 0.0855789184570313 -0.37078857421875 -0.228057861328125
0.0925674438476563 0.0973434448242188 -0.3187255859375 -0.1888427734375
0.0829086303710938 0.0886001586914063 -0.26171875 -0.181503295898438
0.09759521484375 0.15240478515625 -0.259719848632812 -0.097137451171875
0.05950927734375 0.283538818359375 -0.269134521484375 -0.125808715820312
-0.26641845703125 0.3519287109375 -0.222991943359375 -0.174301147460938
-0.4395751953125 0.1925048828125 -0.242218017578125 0.05389404296875
-0.44598388671875 -0.0476684570312501 -0.68841552734375 0.0621948242187499
0.110420227050781 0.110321044921875 0.7176513671875 -0.154052734375
0.194564819335938 -0.07635498046875 0.237716674804688 -0.071563720703125
0.027923583984375 -0.18536376953125 0.185440063476563 0.218994140625
-0.111366271972656 -0.107192993164063 0.32623291015625 0.189117431640625
-0.123619079589844 0.0409774780273438 0.2490234375 0.104873657226563
-0.0192718505859375 0.107261657714844 0.250595092773438 0.158294677734375
0.0613784790039063 0.0723037719726563 0.339630126953125 0.197357177734375
0.0422210693359375 0.0567893981933594 0.346649169921875 0.205902099609375
0.0562057495117188 0.0663566589355469 0.338623046875 0.241180419921875
0.01507568359375 0.102027893066406 0.244140625 0.2835693359375
-0.06683349609375 0.0861740112304688 0.108078002929687 0.22735595703125
-0.118675231933594 -0.0112533569335938 -0.0279769897460937 0.136711120605469
-0.018951416015625 -0.14971923828125 -0.0926742553710938 -0.0436859130859375
0.136161804199219 -0.0735244750976563 0.096405029296875 -0.256057739257813
0.138275146484375 0.0987777709960938 0.263992309570313 -0.191848754882812
-0.17626953125 0.170852661132813 0.71527099609375 -0.10357666015625
-0.0626220703125 0.0579032897949219 0.207748413085938 -0.0347900390625
-0.166412353515625 0.0177764892578125 0.172698974609375 0.274307250976563
-0.189300537109375 0.10015869140625 0.378631591796875 0.2081298828125
-0.151840209960938 0.222518920898438 0.268508911132813 0.0596466064453125
0.049774169921875 0.2825927734375 0.236663818359375 0.105484008789063
0.1875 0.206954956054687 0.2880859375 0.15191650390625
0.1591796875 0.170120239257813 0.28759765625 0.164947509765625
0.18914794921875 0.159683227539063 0.295623779296875 0.2091064453125
0.117263793945313 0.184661865234375 0.22418212890625 0.230438232421875
0.007049560546875 0.20635986328125 0.109710693359375 0.180908203125
-0.0905303955078125 0.144256591796875 0.00391387939453125 0.120628356933594
-0.144027709960938 0.00250244140625003 -0.0806961059570313 -0.0162506103515625
-0.0646934509277344 0.0254020690917969 0.0795440673828125 -0.227371215820312
-0.0873489379882812 0.127517700195313 0.252197265625 -0.17767333984375
-0.43060302734375 0.184783935546875 0.62042236328125 -0.03045654296875
-0.32379150390625 0.15814208984375 0.142364501953125 0.0280914306640625
-0.35784912109375 0.2232666015625 0.16729736328125 0.30816650390625
-0.239288330078125 0.312164306640625 0.42437744140625 0.183074951171875
-0.147705078125 0.380584716796875 0.278411865234375 -0.0286865234375
0.114959716796875 0.413238525390625 0.194000244140625 0.00151062011718753
0.282958984375 0.3084716796875 0.189605712890625 0.0658416748046875
0.2535400390625 0.261734008789063 0.183425903320313 0.10064697265625
0.297943115234375 0.235809326171875 0.216033935546875 0.165191650390625
0.20684814453125 0.253921508789062 0.176116943359375 0.17633056640625
0.083831787109375 0.312286376953125 0.0847625732421875 0.14459228515625
-0.04144287109375 0.29608154296875 0.00678253173828125 0.105712890625
-0.240936279296875 0.181137084960937 -0.086822509765625 -0.00704193115234376
-0.25396728515625 0.153350830078125 0.0516357421875 -0.191329956054688
-0.309967041015625 0.1600341796875 0.182647705078125 -0.147689819335937
-0.61004638671875 0.157958984375 0.453033447265625 0.0469970703125
-0.5206298828125 0.21429443359375 0.05694580078125 0.111328125
-0.486175537109375 0.39495849609375 0.17431640625 0.31475830078125
-0.2340087890625 0.48516845703125 0.444549560546875 0.110107421875
-0.096649169921875 0.476898193359375 0.260101318359375 -0.1478271484375
0.175628662109375 0.468658447265625 0.117935180664063 -0.132026672363281
0.333984375 0.355712890625 0.0544624328613281 -0.04132080078125
0.3062744140625 0.31689453125 0.0513420104980469 0.02398681640625
0.36627197265625 0.291107177734375 0.107475280761719 0.109779357910156
0.26690673828125 0.311614990234375 0.0956954956054688 0.117324829101563
0.143524169921875 0.402099609375 0.0307693481445313 0.112258911132813
0.00759887695312504 0.431915283203125 -0.0208892822265625 0.08819580078125
-0.3145751953125 0.357757568359375 -0.111160278320313 -0.00714111328124998
-0.416748046875 0.287384033203125 0.00599670410156248 -0.138923645019531
-0.501983642578125 0.1824951171875 0.058197021484375 -0.100830078125
-0.6849365234375 0.1072998046875 0.251632690429687 0.115921020507813
-0.60919189453125 0.232421875 -0.0274658203125 0.196792602539063
-0.506622314453125 0.48760986328125 0.18341064453125 0.29052734375
-0.1641845703125 0.556671142578125 0.41845703125 0.00820922851562503
-0.0140380859375 0.474273681640625 0.201828002929688 -0.261154174804687
0.2125244140625 0.430084228515625 0.013092041015625 -0.256668090820313
0.332122802734375 0.339935302734375 -0.096405029296875 -0.144790649414062
0.312225341796875 0.325042724609375 -0.0899581909179687 -0.056488037109375
0.377044677734375 0.31268310546875 -0.0208168029785156 0.038848876953125
0.28094482421875 0.339996337890625 -0.0084114074707031 0.0451812744140625
0.169036865234375 0.45037841796875 -0.0485649108886719 0.0697517395019532
0.0340881347656249 0.520843505859375 -0.0749435424804688 0.0616378784179688
-0.364715576171875 0.489654541015625 -0.14666748046875 -0.0160675048828125
-0.534454345703125 0.383331298828125 -0.0557174682617188 -0.0695152282714843
-0.63250732421875 0.18121337890625 -0.116310119628906 -0.0398712158203125
-0.65850830078125 0.0550537109375001 0.056365966796875 0.167022705078125
-0.58343505859375 0.21484375 -0.092193603515625 0.26214599609375
-0.420928955078125 0.485076904296875 0.184555053710937 0.241470336914063
-0.05682373046875 0.50396728515625 0.343719482421875 -0.087646484375
0.0601806640625 0.367828369140625 0.1168212890625 -0.32989501953125
0.20477294921875 0.31121826171875 -0.0987548828125 -0.336334228515625
0.277328491210938 0.270706176757813 -0.237457275390625 -0.222259521484375
0.2698974609375 0.28289794921875 -0.218414306640625 -0.12933349609375
0.324554443359375 0.28936767578125 -0.149688720703125 -0.042327880859375
0.239776611328125 0.317474365234375 -0.119132995605469 -0.0381317138671875
0.14959716796875 0.424957275390625 -0.135963439941406 0.0143356323242188
0.0373535156249999 0.521636962890625 -0.1455078125 0.01519775390625
-0.38494873046875 0.530914306640625 -0.184967041015625 -0.0432739257812499
-0.59014892578125 0.40106201171875 -0.126014709472656 -6.10351562499695E-05
-0.67529296875 0.1385498046875 -0.316131591796875 0.0215759277343749
-0.5458984375 0.0108947753906251 -0.101791381835938 0.196868896484375
-0.473907470703125 0.186737060546875 -0.129150390625 0.291259765625
-0.272308349609375 0.40985107421875 0.171432495117187 0.175918579101563
0.045928955078125 0.363800048828125 0.2410888671875 -0.15087890625
0.104934692382813 0.202545166015625 0.0316162109375 -0.339080810546875
0.150039672851563 0.160232543945313 -0.18896484375 -0.357879638671875
0.176864624023438 0.16986083984375 -0.340972900390625 -0.262939453125
0.18829345703125 0.196792602539062 -0.316925048828125 -0.184661865234375
0.222396850585938 0.213836669921875 -0.254989624023438 -0.121063232421875
0.162933349609375 0.229278564453125 -0.208480834960938 -0.118881225585937
0.115203857421875 0.313812255859375 -0.2086181640625 -0.0469818115234375
0.038787841796875 0.43115234375 -0.213668823242187 -0.0497589111328124
-0.351318359375 0.4761962890625 -0.212844848632813 -0.0963134765624999
-0.557403564453125 0.33074951171875 -0.190139770507813 0.04547119140625
-0.61041259765625 0.0592651367187499 -0.513916015625 0.0663452148437501
-0.3729248046875 -0.024444580078125 -0.206298828125 0.20953369140625
-0.310333251953125 0.14520263671875 -0.136505126953125 0.286590576171875
-0.11077880859375 0.290618896484375 0.144927978515625 0.111068725585938
0.114059448242187 0.189620971679688 0.138107299804688 -0.173080444335938
0.106147766113281 0.0330657958984375 -0.03253173828125 -0.30242919921875
0.061798095703125 0.0146598815917969 -0.239837646484375 -0.332977294921875
0.0504188537597656 0.06048583984375 -0.394744873046875 -0.268646240234375
0.0787200927734375 0.0826339721679688 -0.3681640625 -0.213531494140625
0.0899810791015625 0.0929031372070312 -0.315765380859375 -0.177703857421875
0.0788116455078125 0.0845489501953125 -0.258529663085938 -0.171066284179687
0.0950927734375 0.142135620117188 -0.252822875976563 -0.0898437499999999
0.0648345947265625 0.271865844726562 -0.265304565429688 -0.115966796875
-0.249755859375 0.351226806640625 -0.22021484375 -0.1663818359375
-0.423187255859375 0.195953369140625 -0.231460571289063 0.057586669921875
-0.437835693359375 -0.0384826660156251 -0.666748046875 0.0785522460937501
0.116012573242188 0.112045288085938 0.71063232421875 -0.16265869140625
0.193954467773438 -0.0793609619140625 0.232925415039063 -0.074249267578125
0.025421142578125 -0.185943603515625 0.18731689453125 0.216888427734375
-0.1134033203125 -0.106552124023438 0.3260498046875 0.180877685546875
-0.121528625488281 0.0436859130859375 0.244888305664063 0.100738525390625
-0.0132827758789063 0.106719970703125 0.247329711914063 0.15643310546875
0.0637016296386719 0.0684089660644531 0.338714599609375 0.19195556640625
0.0442237854003906 0.0545005798339844 0.3470458984375 0.201324462890625
0.059539794921875 0.0628318786621094 0.337249755859375 0.23760986328125
0.018829345703125 0.101615905761719 0.24188232421875 0.279144287109375
-0.0629959106445313 0.0880355834960938 0.106491088867188 0.220855712890625
-0.119270324707031 -0.00878906250000001 -0.0292434692382813 0.13232421875
-0.02374267578125 -0.146942138671875 -0.091094970703125 -0.0452423095703125
0.134300231933594 -0.0745086669921875 0.096954345703125 -0.257843017578125
0.14227294921875 0.0982818603515625 0.262649536132813 -0.193069458007813
-0.167938232421875 0.172515869140625 0.70977783203125 -0.1103515625
-0.0606002807617188 0.0541839599609375 0.205184936523437 -0.0385894775390625
-0.166213989257813 0.017730712890625 0.174591064453125 0.272445678710938
-0.188125610351563 0.0987396240234375 0.378021240234375 0.20001220703125
-0.149307250976563 0.224990844726563 0.262939453125 0.05584716796875
0.0558624267578125 0.279815673828125 0.233291625976563 0.104522705078125
0.190475463867188 0.200714111328125 0.28662109375 0.14739990234375
0.161041259765625 0.16595458984375 0.285858154296875 0.16168212890625
0.191680908203125 0.152877807617188 0.293426513671875 0.20611572265625
0.118011474609375 0.181472778320313 0.22100830078125 0.226669311523438
0.0109710693359375 0.203689575195312 0.106582641601562 0.175079345703125
-0.0893707275390625 0.142822265625 0.00144195556640625 0.115821838378906
-0.145751953125 0.00520324707031247 -0.0789566040039063 -0.017486572265625
-0.0631561279296875 0.0259552001953125 0.08160400390625 -0.230117797851563
-0.0826416015625 0.127716064453125 0.25103759765625 -0.178955078125
-0.422454833984375 0.186981201171875 0.6160888671875 -0.04071044921875
-0.3203125 0.1541748046875 0.140556335449219 0.0237350463867188
-0.3544921875 0.224517822265625 0.169036865234375 0.30548095703125
-0.234832763671875 0.308013916015625 0.42156982421875 0.17486572265625
-0.145721435546875 0.380218505859375 0.2713623046875 -0.031219482421875
0.120147705078125 0.40838623046875 0.191543579101562 0.000366210937500025
0.286376953125 0.300628662109375 0.187423706054688 0.063018798828125
0.255172729492188 0.255645751953125 0.180862426757813 0.0995941162109375
0.2999267578125 0.227783203125 0.216323852539063 0.163681030273438
0.206512451171875 0.2484130859375 0.172271728515625 0.174148559570313
0.08636474609375 0.3060302734375 0.0810928344726563 0.140434265136719
-0.03863525390625 0.290374755859375 0.00342559814453125 0.100944519042969
-0.238723754882813 0.18316650390625 -0.0855636596679688 -0.00833892822265624
-0.248138427734375 0.155609130859375 0.0533599853515625 -0.194717407226563
-0.304595947265625 0.160186767578125 0.183135986328125 -0.149002075195312
-0.6021728515625 0.16046142578125 0.45037841796875 0.04034423828125
-0.516845703125 0.212921142578125 0.055419921875 0.108169555664063
-0.481201171875 0.3974609375 0.17584228515625 0.3131103515625
-0.226837158203125 0.47845458984375 0.44049072265625 0.104217529296875
-0.095733642578125 0.47552490234375 0.253173828125 -0.147628784179687
0.1783447265625 0.46160888671875 0.116096496582031 -0.131500244140625
0.33721923828125 0.3475341796875 0.0524635314941406 -0.0411834716796875
0.307952880859375 0.312225341796875 0.0482254028320313 0.0254058837890625
0.366180419921875 0.28070068359375 0.108062744140625 0.108558654785156
0.266693115234375 0.30517578125 0.0932998657226563 0.116714477539063
0.145294189453125 0.394134521484375 0.0280990600585938 0.109275817871094
0.01153564453125 0.42431640625 -0.0237274169921875 0.0852279663085938
-0.309478759765625 0.359954833984375 -0.10906982421875 -0.00871276855468746
-0.4095458984375 0.289703369140625 0.00932312011718748 -0.142913818359375
-0.497955322265625 0.1839599609375 0.0596694946289062 -0.100395202636719
-0.67620849609375 0.11029052734375 0.250335693359375 0.10943603515625
-0.60540771484375 0.2286376953125 -0.0292358398437501 0.194931030273438
-0.499603271484375 0.489837646484375 0.18389892578125 0.2900390625
-0.15594482421875 0.547088623046875 0.414459228515625 0.00369262695312503
-0.01434326171875 0.470794677734375 0.195098876953125 -0.258163452148438
0.212860107421875 0.42193603515625 0.0112457275390625 -0.254547119140625
0.334930419921875 0.33258056640625 -0.09881591796875 -0.142608642578125
0.314300537109375 0.319854736328125 -0.0929031372070313 -0.0526504516601562
0.377716064453125 0.30389404296875 -0.0197219848632812 0.0389747619628906
0.277740478515625 0.33380126953125 -0.0104141235351562 0.0459327697753907
0.17034912109375 0.441009521484375 -0.0494842529296875 0.069122314453125
0.038360595703125 0.510833740234375 -0.0768203735351563 0.060028076171875
-0.35809326171875 0.49200439453125 -0.145172119140625 -0.017181396484375
-0.526702880859375 0.38677978515625 -0.05078125 -0.0723724365234375
-0.62994384765625 0.18450927734375 -0.112091064453125 -0.0378875732421875
-0.65142822265625 0.05731201171875 0.055816650390625 0.16107177734375
-0.58233642578125 0.2156982421875 -0.0946960449218751 0.261428833007813
-0.41314697265625 0.4888916015625 0.185562133789062 0.241653442382813
-0.04876708984375 0.49468994140625 0.34027099609375 -0.08807373046875
0.06036376953125 0.364471435546875 0.112579345703125 -0.32586669921875
0.203338623046875 0.306610107421875 -0.099334716796875 -0.332550048828125
0.27789306640625 0.265777587890625 -0.238800048828125 -0.217086791992187
0.271820068359375 0.279052734375 -0.2215576171875 -0.124099731445313
0.325469970703125 0.282196044921875 -0.1488037109375 -0.0411376953125
0.23699951171875 0.312347412109375 -0.120384216308594 -0.0359573364257813
0.15057373046875 0.416748046875 -0.13568115234375 0.014190673828125
0.0421142578125 0.51458740234375 -0.146865844726563 0.01470947265625
-0.377105712890625 0.532928466796875 -0.183151245117188 -0.0440216064453125
-0.5814208984375 0.4049072265625 -0.120468139648438 -0.00237274169921873
-0.675048828125 0.14276123046875 -0.31121826171875 0.0253601074218751
-0.54095458984375 0.0148315429687501 -0.102218627929688 0.192214965820313
-0.472198486328125 0.187255859375 -0.130462646484375 0.292877197265625
-0.264495849609375 0.410614013671875 0.172805786132813 0.177078247070313
0.053802490234375 0.35455322265625 0.23760986328125 -0.149765014648437
0.10198974609375 0.197311401367188 0.02789306640625 -0.333465576171875
0.146133422851563 0.156982421875 -0.188446044921875 -0.35247802734375
0.178756713867188 0.166763305664062 -0.343902587890625 -0.255096435546875
0.189300537109375 0.194732666015625 -0.31915283203125 -0.177947998046875
0.221771240234375 0.209747314453125 -0.254913330078125 -0.118545532226562
0.160308837890625 0.22674560546875 -0.209808349609375 -0.116119384765625
0.11431884765625 0.30755615234375 -0.206787109375 -0.0452117919921875
0.041046142578125 0.424102783203125 -0.21343994140625 -0.048065185546875
-0.343719482421875 0.47705078125 -0.211746215820313 -0.0954742431640624
-0.550872802734375 0.333740234375 -0.1845703125 0.0451202392578125
-0.6114501953125 0.06292724609375 -0.506683349609375 0.0722045898437501
-0.3692626953125 -0.0204162597656249 -0.20697021484375 0.206756591796875
-0.31158447265625 0.147247314453125 -0.13861083984375 0.2900390625
-0.104400634765625 0.293487548828125 0.14666748046875 0.112167358398438
0.117431640625 0.183517456054688 0.136077880859375 -0.169845581054688
0.102027893066406 0.0287933349609375 -0.03277587890625 -0.296905517578125
0.0572357177734375 0.015167236328125 -0.238616943359375 -0.32696533203125
0.0518264770507812 0.0609664916992188 -0.395782470703125 -0.2598876953125
0.0791549682617188 0.0815505981445313 -0.37042236328125 -0.207183837890625
0.088623046875 0.09197998046875 -0.31597900390625 -0.175811767578125
0.075469970703125 0.0839004516601563 -0.258544921875 -0.169097900390625
0.0921249389648438 0.138114929199219 -0.2501220703125 -0.0873870849609375
0.0673980712890625 0.266250610351563 -0.264862060546875 -0.113418579101562
-0.2437744140625 0.352264404296875 -0.220062255859375 -0.165130615234375
-0.41986083984375 0.1983642578125 -0.227859497070313 0.058258056640625
-0.44073486328125 -0.0362548828125001 -0.65899658203125 0.0864868164062499
0.126937866210937 0.114227294921875 0.71734619140625 -0.176513671875
0.197052001953125 -0.0860443115234375 0.23272705078125 -0.0799560546875
0.021484375 -0.190567016601563 0.196334838867188 0.216751098632813
-0.1190185546875 -0.107147216796875 0.33453369140625 0.174896240234375
-0.121292114257812 0.0474014282226562 0.246505737304688 0.0979461669921875
-0.00715637207031249 0.107566833496094 0.251785278320313 0.156707763671875
0.0680084228515625 0.0661888122558594 0.3458251953125 0.187896728515625
0.0475997924804688 0.0528793334960938 0.35565185546875 0.198089599609375
0.0652694702148438 0.0607681274414063 0.345611572265625 0.238128662109375
0.0234756469726562 0.103385925292969 0.24725341796875 0.279342651367188
-0.060394287109375 0.0919952392578125 0.10797119140625 0.21966552734375
-0.121879577636719 -0.00580596923828123 -0.0303802490234375 0.131454467773438
-0.030303955078125 -0.147613525390625 -0.0934524536132813 -0.0468826293945313
0.135032653808594 -0.0779495239257813 0.0959930419921875 -0.267654418945312
0.15142822265625 0.0983123779296875 0.26617431640625 -0.200912475585938
-0.16131591796875 0.178466796875 0.7176513671875 -0.12713623046875
-0.0600128173828125 0.0523414611816406 0.206024169921875 -0.0445098876953125
-0.169662475585938 0.020416259765625 0.183853149414062 0.272979736328125
-0.191360473632813 0.101028442382812 0.386077880859375 0.191986083984375
-0.1497802734375 0.23150634765625 0.263168334960938 0.052886962890625
0.06494140625 0.28204345703125 0.237045288085937 0.103713989257813
0.199478149414063 0.196609497070313 0.293365478515625 0.144744873046875
0.169113159179687 0.164413452148438 0.291656494140625 0.16094970703125
0.199798583984375 0.148223876953125 0.300445556640625 0.2073974609375
0.123519897460938 0.180938720703125 0.2255859375 0.227142333984375
0.0147857666015625 0.2052001953125 0.106613159179687 0.173660278320312
-0.0881195068359375 0.145217895507812 0.000297546386718753 0.114936828613281
-0.14971923828125 0.00900268554687503 -0.07989501953125 -0.0190048217773437
-0.0621528625488281 0.0272254943847656 0.0813751220703125 -0.239288330078125
-0.07794189453125 0.130844116210938 0.2552490234375 -0.186264038085938
-0.420745849609375 0.196990966796875 0.6258544921875 -0.05389404296875
-0.32208251953125 0.15692138671875 0.141632080078125 0.01922607421875
-0.357696533203125 0.23541259765625 0.1781005859375 0.30828857421875
-0.235015869140625 0.313323974609375 0.431610107421875 0.166259765625
-0.143280029296875 0.392303466796875 0.271072387695313 -0.0355072021484375
0.130645751953125 0.41094970703125 0.194320678710938 -0.00106811523437498
0.2978515625 0.2962646484375 0.18988037109375 0.060333251953125
0.265533447265625 0.25396728515625 0.182815551757813 0.101104736328125
0.3106689453125 0.220458984375 0.221710205078125 0.164047241210938
0.212265014648437 0.2469482421875 0.1751708984375 0.1759033203125
0.092681884765625 0.306365966796875 0.080718994140625 0.139701843261719
-0.034912109375 0.29254150390625 0.00127410888671874 0.100776672363281
-0.239669799804687 0.190872192382813 -0.0863723754882813 -0.00933837890625001
-0.247177124023437 0.162384033203125 0.0538787841796875 -0.203689575195313
-0.3045654296875 0.166595458984375 0.186920166015625 -0.154632568359375
-0.60479736328125 0.16888427734375 0.458526611328125 0.030670166015625
-0.523162841796875 0.219573974609375 0.056060791015625 0.107231140136719
-0.4825439453125 0.4132080078125 0.183502197265625 0.316497802734375
-0.222015380859375 0.484375 0.449249267578125 0.09503173828125
-0.092132568359375 0.485504150390625 0.250900268554688 -0.152053833007812
0.189239501953125 0.46484375 0.116264343261719 -0.135276794433594
0.350433349609375 0.342437744140625 0.0506706237792969 -0.0423088073730469
0.320404052734375 0.30950927734375 0.0467529296875 0.0279273986816406
0.379150390625 0.27349853515625 0.111618041992188 0.110015869140625
0.271575927734375 0.303009033203125 0.0949249267578125 0.118690490722656
0.153411865234375 0.393157958984375 0.0269775390625 0.10986328125
0.01873779296875 0.426055908203125 -0.0259628295898438 0.0859375
-0.306884765625 0.37322998046875 -0.110107421875 -0.00956726074218745
-0.406646728515625 0.30242919921875 0.0109710693359375 -0.150238037109375
-0.503662109375 0.194915771484375 0.0628204345703125 -0.102691650390625
-0.68304443359375 0.118896484375 0.255996704101562 0.103225708007813
-0.6148681640625 0.23724365234375 -0.0291595458984375 0.198410034179688
-0.49749755859375 0.508026123046875 0.192230224609375 0.293792724609375
-0.14544677734375 0.55322265625 0.418670654296875 -0.00350952148437497
-0.00967407226562497 0.478240966796875 0.191940307617188 -0.263458251953125
0.220855712890625 0.42364501953125 0.00840759277343749 -0.258255004882812
0.347869873046875 0.32861328125 -0.104537963867187 -0.141998291015625
0.325836181640625 0.3193359375 -0.0976791381835937 -0.04901123046875
0.389068603515625 0.297821044921875 -0.019378662109375 0.0404853820800781
0.28509521484375 0.333160400390625 -0.012115478515625 0.0482139587402344
0.17724609375 0.441375732421875 -0.051239013671875 0.0703887939453125
0.047393798828125 0.513702392578125 -0.0803298950195313 0.0608978271484376
-0.353485107421875 0.50714111328125 -0.146392822265625 -0.0171356201171874
-0.525054931640625 0.4029541015625 -0.0487594604492188 -0.0776138305664062
-0.64007568359375 0.19757080078125 -0.110916137695313 -0.0359268188476562
-0.65887451171875 0.0643310546875001 0.0573272705078125 0.159271240234375
-0.59185791015625 0.22479248046875 -0.0957031250000001 0.268997192382813
-0.41015625 0.50482177734375 0.193527221679688 0.245651245117188
-0.037872314453125 0.496795654296875 0.34320068359375 -0.094635009765625
0.06268310546875 0.36724853515625 0.107147216796875 -0.3297119140625
0.208251953125 0.306640625 -0.105743408203125 -0.3372802734375
0.288116455078125 0.262939453125 -0.247467041015625 -0.215591430664063
0.282012939453125 0.278350830078125 -0.229522705078125 -0.119186401367188
0.3338623046875 0.278289794921875 -0.15203857421875 -0.039093017578125
0.2432861328125 0.31475830078125 -0.12445068359375 -0.0341720581054687
0.155914306640625 0.416595458984375 -0.138832092285156 0.0162887573242188
0.050079345703125 0.518218994140625 -0.150650024414063 0.0172729492187501
-0.372222900390625 0.550628662109375 -0.185806274414063 -0.042877197265625
-0.5814208984375 0.42236328125 -0.117912292480469 -0.00360107421874999
-0.6871337890625 0.15496826171875 -0.31231689453125 0.03228759765625
-0.54840087890625 0.020721435546875 -0.103256225585937 0.193496704101563
-0.479705810546875 0.19757080078125 -0.132049560546875 0.303314208984375
-0.257598876953125 0.425689697265625 0.180267333984375 0.179824829101563
0.061859130859375 0.3526611328125 0.237960815429687 -0.152938842773437
0.103179931640625 0.197006225585937 0.024566650390625 -0.336639404296875
0.147369384765625 0.155914306640625 -0.194793701171875 -0.3548583984375
0.185394287109375 0.164993286132813 -0.354217529296875 -0.251312255859375
0.196090698242188 0.194412231445313 -0.329376220703125 -0.1728515625
0.227890014648437 0.208511352539062 -0.261917114257813 -0.11651611328125
0.162841796875 0.228591918945313 -0.215301513671875 -0.114654541015625
0.11724853515625 0.30877685546875 -0.2100830078125 -0.0437164306640625
0.04949951171875 0.425933837890625 -0.218597412109375 -0.0448455810546875
-0.340423583984375 0.493927001953125 -0.216644287109375 -0.0941619873046875
-0.554779052734375 0.3497314453125 -0.182907104492188 0.0469970703125
-0.62548828125 0.0722656249999999 -0.511322021484375 0.084320068359375
-0.374603271484375 -0.0158996582031251 -0.209808349609375 0.211868286132812
-0.317626953125 0.156219482421875 -0.139984130859375 0.30218505859375
-0.09716796875 0.30328369140625 0.153045654296875 0.114410400390625
0.125442504882813 0.179794311523437 0.135910034179688 -0.170166015625
0.100433349609375 0.0251998901367188 -0.035125732421875 -0.2972412109375
0.0547103881835938 0.0151443481445313 -0.24444580078125 -0.327911376953125
0.0545158386230469 0.0613822937011719 -0.4063720703125 -0.256317138671875
0.081451416015625 0.0818557739257813 -0.380401611328125 -0.20196533203125
0.0903549194335938 0.0927658081054687 -0.325927734375 -0.1734619140625
0.0748977661132813 0.0853805541992188 -0.265518188476563 -0.168441772460938
0.0926055908203125 0.136436462402344 -0.253082275390625 -0.0859832763671875
0.0725860595703125 0.266448974609375 -0.27093505859375 -0.10968017578125
-0.239654541015625 0.363311767578125 -0.227096557617188 -0.164764404296875
-0.425323486328125 0.209320068359375 -0.226959228515625 0.0627593994140625
-0.452789306640625 -0.0304260253906249 -0.66680908203125 0.1011962890625
0.142349243164063 0.1134033203125 0.727294921875 -0.211181640625
0.199554443359375 -0.0980987548828125 0.23291015625 -0.0923309326171875
0.014190673828125 -0.197402954101563 0.211959838867188 0.21337890625
-0.129341125488281 -0.105064392089844 0.34796142578125 0.16290283203125
-0.12176513671875 0.0543365478515625 0.251617431640625 0.0905609130859375
0.0019378662109375 0.108879089355469 0.262313842773438 0.152542114257813
0.0737457275390625 0.06201171875 0.361114501953125 0.17822265625
0.0527000427246094 0.0500259399414062 0.373382568359375 0.187591552734375
0.0727767944335938 0.0555877685546875 0.36102294921875 0.231658935546875
0.0316848754882812 0.105133056640625 0.261581420898437 0.276962280273437
-0.0555496215820312 0.0970611572265625 0.115219116210937 0.217239379882813
-0.125686645507813 0.000541687011718762 -0.0290374755859375 0.1329345703125
-0.0395355224609375 -0.147796630859375 -0.0963363647460938 -0.0475616455078125
0.135543823242187 -0.0850143432617187 0.089996337890625 -0.282135009765625
0.164840698242188 0.0938873291015625 0.266510009765625 -0.216644287109375
-0.151351928710937 0.188858032226563 0.7313232421875 -0.160888671875
-0.0582199096679687 0.0514373779296875 0.206710815429688 -0.05609130859375
-0.173736572265625 0.026458740234375 0.200637817382813 0.271697998046875
-0.194656372070313 0.10809326171875 0.399749755859375 0.178314208984375
-0.14459228515625 0.246307373046875 0.2677001953125 0.045257568359375
0.08111572265625 0.28411865234375 0.245697021484375 0.0988311767578125
0.213516235351563 0.18975830078125 0.30450439453125 0.136322021484375
0.1806640625 0.1591796875 0.30426025390625 0.1544189453125
0.212722778320313 0.13848876953125 0.316314697265625 0.20343017578125
0.135406494140625 0.1793212890625 0.236663818359375 0.224822998046875
0.0247955322265625 0.207916259765625 0.112030029296875 0.171600341796875
-0.0858306884765625 0.151458740234375 0.0013885498046875 0.115432739257813
-0.154190063476563 0.0177154541015625 -0.0818328857421875 -0.0189743041992188
-0.0598831176757813 0.0306777954101562 0.0760650634765625 -0.253433227539063
-0.0704193115234375 0.135673522949219 0.256439208984375 -0.201583862304687
-0.418365478515625 0.21417236328125 0.63812255859375 -0.08197021484375
-0.323486328125 0.17022705078125 0.144256591796875 0.01226806640625
-0.35723876953125 0.2537841796875 0.19525146484375 0.3084716796875
-0.231109619140625 0.327362060546875 0.445037841796875 0.151123046875
-0.133087158203125 0.408843994140625 0.272079467773438 -0.0447845458984375
0.152374267578125 0.414520263671875 0.19830322265625 -0.00862121582031247
0.31854248046875 0.2874755859375 0.195327758789063 0.055816650390625
0.2821044921875 0.247802734375 0.190032958984375 0.0993194580078125
0.32763671875 0.20782470703125 0.2335205078125 0.161880493164063
0.227066040039063 0.242584228515625 0.184066772460938 0.174545288085938
0.10662841796875 0.30712890625 0.0842208862304688 0.139015197753906
-0.02490234375 0.297607421875 0.00275421142578124 0.101715087890625
-0.236740112304688 0.207733154296875 -0.0875244140625 -0.00802612304687498
-0.242034912109375 0.175735473632812 0.0494842529296875 -0.215240478515625
-0.30255126953125 0.181549072265625 0.188339233398437 -0.166046142578125
-0.6090087890625 0.19317626953125 0.470428466796875 0.00991821289062501
-0.527496337890625 0.239532470703125 0.0605850219726562 0.105644226074219
-0.476593017578125 0.443389892578125 0.200286865234375 0.318817138671875
-0.209259033203125 0.500274658203125 0.461090087890625 0.078125
-0.077728271484375 0.504150390625 0.248245239257813 -0.163070678710937
0.21221923828125 0.466339111328125 0.1136474609375 -0.143661499023437
0.3729248046875 0.332611083984375 0.048004150390625 -0.0443763732910156
0.339752197265625 0.303955078125 0.046722412109375 0.0307388305664063
0.3992919921875 0.26068115234375 0.119407653808594 0.110176086425781
0.290802001953125 0.29718017578125 0.0995559692382813 0.119400024414063
0.171905517578125 0.393768310546875 0.0285491943359375 0.110649108886719
0.03436279296875 0.43182373046875 -0.0261688232421875 0.0885696411132813
-0.29840087890625 0.396209716796875 -0.112098693847656 -0.00704193115234374
-0.400634765625 0.32537841796875 0.00869750976562496 -0.159072875976562
-0.508331298828125 0.218170166015625 0.0640640258789062 -0.107574462890625
-0.694091796875 0.14300537109375 0.26568603515625 0.0924224853515625
-0.62225341796875 0.2626953125 -0.0240631103515625 0.2037353515625
-0.488922119140625 0.541534423828125 0.2076416015625 0.2952880859375
-0.127685546875 0.567138671875 0.427947998046875 -0.018798828125
0.00579833984375 0.492095947265625 0.184585571289063 -0.273757934570312
0.240509033203125 0.422637939453125 -0.00115966796874999 -0.2667236328125
0.37042236328125 0.317840576171875 -0.114486694335937 -0.139938354492187
0.347747802734375 0.3118896484375 -0.10406494140625 -0.0416641235351563
0.410003662109375 0.284881591796875 -0.0176200866699219 0.0435562133789063
0.302734375 0.32794189453125 -0.0115470886230469 0.0512886047363282
0.195343017578125 0.441619873046875 -0.0524063110351562 0.0736846923828125
0.068328857421875 0.520355224609375 -0.0817947387695313 0.0654220581054688
-0.338958740234375 0.536895751953125 -0.1494140625 -0.01312255859375
-0.51605224609375 0.433502197265625 -0.0489425659179688 -0.0818328857421875
-0.64984130859375 0.226318359375 -0.1103515625 -0.031341552734375
-0.67120361328125 0.0867919921874999 0.0641937255859375 0.157669067382813
-0.59869384765625 0.250732421875 -0.0891876220703125 0.280731201171875
-0.39501953125 0.5355224609375 0.207046508789062 0.245956420898438
-0.0181274414062499 0.504669189453125 0.34613037109375 -0.109222412109375
0.075439453125 0.373077392578125 0.09710693359375 -0.339202880859375
0.221649169921875 0.304107666015625 -0.119842529296875 -0.34259033203125
0.306732177734375 0.25445556640625 -0.263473510742187 -0.208206176757813
0.300079345703125 0.27349853515625 -0.241043090820312 -0.108642578125
0.353759765625 0.26788330078125 -0.1572265625 -0.033355712890625
0.25970458984375 0.311492919921875 -0.130210876464844 -0.0293197631835937
0.174468994140625 0.420166015625 -0.142898559570313 0.021453857421875
0.071563720703125 0.52386474609375 -0.154861450195313 0.0241241455078125
-0.3564453125 0.58172607421875 -0.19097900390625 -0.0377807617187499
-0.57513427734375 0.45489501953125 -0.116218566894531 -0.00231933593749996
-0.7025146484375 0.18701171875 -0.31427001953125 0.047821044921875
-0.55926513671875 0.0388183593749999 -0.0997619628906251 0.19989013671875
-0.487152099609375 0.221221923828125 -0.125213623046875 0.3193359375
-0.24322509765625 0.449188232421875 0.192092895507812 0.179763793945313
0.080474853515625 0.353546142578125 0.237655639648438 -0.163131713867187
0.109130859375 0.195831298828125 0.013824462890625 -0.3428955078125
0.152603149414063 0.153366088867188 -0.212432861328125 -0.356964111328125
0.19677734375 0.160751342773438 -0.372589111328125 -0.24029541015625
0.208297729492188 0.190505981445313 -0.3460693359375 -0.160369873046875
0.240753173828125 0.203170776367188 -0.274246215820313 -0.109481811523437
0.173599243164063 0.2286376953125 -0.225906372070313 -0.109710693359375
0.12841796875 0.30963134765625 -0.216903686523438 -0.0374755859375
0.067138671875 0.43115234375 -0.2254638671875 -0.0363616943359375
-0.32550048828125 0.5201416015625 -0.224517822265625 -0.0885009765625
-0.550994873046875 0.379608154296875 -0.180694580078125 0.053680419921875
-0.64154052734375 0.0982055664062499 -0.515869140625 0.109344482421875
-0.38372802734375 -0.00451660156249992 -0.208709716796875 0.222732543945313
-0.32305908203125 0.175048828125 -0.132781982421875 0.321136474609375
-0.082183837890625 0.31719970703125 0.163070678710938 0.11322021484375
0.13739013671875 0.173812866210938 0.133056640625 -0.1761474609375
0.09942626953125 0.0203170776367188 -0.04425048828125 -0.30133056640625
0.0528106689453125 0.0143013000488281 -0.260345458984375 -0.32794189453125
0.05889892578125 0.060638427734375 -0.4251708984375 -0.24261474609375
0.086639404296875 0.0797271728515625 -0.398681640625 -0.1895751953125
0.0953216552734375 0.0918502807617188 -0.342376708984375 -0.166351318359375
0.078338623046875 0.0850372314453125 -0.278305053710938 -0.163467407226563
0.0964202880859375 0.134788513183594 -0.26080322265625 -0.079803466796875
0.084686279296875 0.26776123046875 -0.28143310546875 -0.10064697265625
-0.228790283203125 0.3851318359375 -0.239028930664062 -0.159957885742188
-0.427490234375 0.22967529296875 -0.225921630859375 0.073333740234375
-0.46905517578125 -0.01300048828125 -0.6749267578125 0.13250732421875
0.158828735351563 0.104736328125 0.71868896484375 -0.26123046875
0.197036743164063 -0.115158081054688 0.225494384765625 -0.108062744140625
0.000457763671874999 -0.201080322265625 0.2293701171875 0.200164794921875
-0.141189575195313 -0.0977020263671875 0.36102294921875 0.137908935546875
-0.1190185546875 0.0640411376953125 0.257080078125 0.07659912109375
0.0134124755859375 0.107757568359375 0.272354125976563 0.14111328125
0.0804214477539063 0.0548934936523438 0.375396728515625 0.156585693359375
0.0575141906738281 0.0444755554199219 0.3883056640625 0.165863037109375
0.0799789428710938 0.04779052734375 0.380615234375 0.213958740234375
0.0427703857421875 0.103660583496094 0.279571533203125 0.263320922851563
-0.047119140625 0.102783203125 0.126449584960938 0.209915161132812
-0.127510070800781 0.00968933105468749 -0.0246353149414062 0.134010314941406
-0.0512542724609375 -0.143936157226563 -0.100440979003906 -0.0448455810546875
0.13250732421875 -0.0947341918945313 0.074249267578125 -0.294586181640625
0.178329467773438 0.0827484130859375 0.256866455078125 -0.235885620117188
-0.134765625 0.19732666015625 0.7269287109375 -0.2110595703125
-0.0548477172851562 0.0508880615234375 0.202713012695313 -0.0710296630859375
-0.174423217773438 0.03662109375 0.221466064453125 0.261093139648438
-0.193450927734375 0.12139892578125 0.41339111328125 0.151519775390625
-0.130630493164063 0.260299682617188 0.269256591796875 0.0305938720703125
0.103530883789062 0.279922485351563 0.253158569335938 0.08587646484375
0.22882080078125 0.174591064453125 0.314666748046875 0.11859130859375
0.192657470703125 0.146881103515625 0.31640625 0.138153076171875
0.225296020507813 0.120941162109375 0.333221435546875 0.18743896484375
0.149856567382813 0.171142578125 0.251693725585938 0.212448120117187
0.039276123046875 0.207611083984375 0.119842529296875 0.165115356445313
-0.0776824951171875 0.157211303710938 0.00611114501953124 0.115524291992188
-0.154388427734375 0.030029296875 -0.083221435546875 -0.0160751342773437
-0.0548477172851562 0.0333061218261719 0.062103271484375 -0.264602661132813
-0.05816650390625 0.139205932617188 0.248519897460938 -0.21990966796875
-0.4056396484375 0.23883056640625 0.639892578125 -0.12603759765625
-0.317138671875 0.185760498046875 0.144485473632812 0.00126647949218751
-0.345733642578125 0.278717041015625 0.215576171875 0.299346923828125
-0.215911865234375 0.341796875 0.457733154296875 0.122894287109375
-0.1112060546875 0.42608642578125 0.269638061523438 -0.0601348876953125
0.180999755859375 0.407379150390625 0.198593139648437 -0.020660400390625
0.340606689453125 0.265350341796875 0.19873046875 0.0447845458984375
0.3006591796875 0.230987548828125 0.197128295898438 0.0909271240234375
0.345062255859375 0.18389892578125 0.248123168945313 0.151779174804688
0.244064331054688 0.228179931640625 0.194778442382813 0.1654052734375
0.126129150390625 0.300872802734375 0.090087890625 0.134574890136719
-0.00765991210937497 0.29876708984375 0.00685119628906249 0.102073669433594
-0.22344970703125 0.225967407226563 -0.087860107421875 -0.00447845458984373
-0.227691650390625 0.190765380859375 0.037841796875 -0.226211547851563
-0.292022705078125 0.1998291015625 0.1834716796875 -0.179855346679687
-0.60137939453125 0.2281494140625 0.477264404296875 -0.023193359375
-0.5198974609375 0.270172119140625 0.0655975341796875 0.100837707519531
-0.45306396484375 0.478057861328125 0.221343994140625 0.31036376953125
-0.183685302734375 0.513885498046875 0.468292236328125 0.04949951171875
-0.049957275390625 0.51776123046875 0.23870849609375 -0.177871704101562
0.24359130859375 0.45721435546875 0.10565185546875 -0.15362548828125
0.39923095703125 0.30755615234375 0.0436248779296875 -0.0465431213378906
0.363861083984375 0.2825927734375 0.0484237670898438 0.0326194763183594
0.418914794921875 0.232147216796875 0.128791809082031 0.10528564453125
0.310394287109375 0.2808837890625 0.106483459472656 0.115150451660156
0.196624755859375 0.38262939453125 0.0322952270507813 0.110099792480469
0.06072998046875 0.429412841796875 -0.0232467651367188 0.0904312133789063
-0.27191162109375 0.41998291015625 -0.112716674804688 -0.0020828247070312
-0.37744140625 0.352264404296875 0.00163269042968748 -0.166793823242187
-0.49896240234375 0.251800537109375 0.0626602172851562 -0.112289428710937
-0.69097900390625 0.1834716796875 0.274154663085937 0.0725860595703125
-0.615966796875 0.30108642578125 -0.01275634765625 0.206192016601563
-0.4569091796875 0.57891845703125 0.226806640625 0.28857421875
-0.093505859375 0.57489013671875 0.429901123046875 -0.045989990234375
0.033905029296875 0.49951171875 0.168212890625 -0.286468505859375
0.268524169921875 0.410491943359375 -0.0178985595703125 -0.270751953125
0.39361572265625 0.2943115234375 -0.126327514648437 -0.131385803222656
0.3704833984375 0.29180908203125 -0.108505249023437 -0.0306854248046875
0.42999267578125 0.2569580078125 -0.0140266418457031 0.0465621948242188
0.324676513671875 0.31182861328125 -0.01025390625 0.0532722473144531
0.223236083984375 0.43145751953125 -0.0510330200195312 0.0778884887695313
0.10089111328125 0.516143798828125 -0.080047607421875 0.0712432861328125
-0.3046875 0.56591796875 -0.15045166015625 -0.00590515136718747
-0.4891357421875 0.46728515625 -0.0507431030273438 -0.08514404296875
-0.64404296875 0.26947021484375 -0.108451843261719 -0.0236740112304687
-0.6739501953125 0.12469482421875 0.0740814208984374 0.150985717773438
-0.5941162109375 0.28826904296875 -0.073516845703125 0.290679931640625
-0.3616943359375 0.5667724609375 0.22369384765625 0.238693237304688
0.0146484375 0.504547119140625 0.34259033203125 -0.12994384765625
0.0982666015625 0.3729248046875 0.077301025390625 -0.346954345703125
0.23858642578125 0.290985107421875 -0.141998291015625 -0.340850830078125
0.325439453125 0.235015869140625 -0.2806396484375 -0.191543579101562
0.320068359375 0.2552490234375 -0.251007080078125 -0.0900421142578124
0.372039794921875 0.246368408203125 -0.160446166992187 -0.02264404296875
0.279693603515625 0.297088623046875 -0.135086059570312 -0.020538330078125
0.198211669921875 0.4105224609375 -0.144683837890625 0.0305938720703125
0.10345458984375 0.521881103515625 -0.155471801757813 0.0346527099609376
-0.3193359375 0.61138916015625 -0.194107055664063 -0.0279083251953124
-0.54742431640625 0.494171142578125 -0.113258361816406 0.00059509277343755
-0.70123291015625 0.232666015625 -0.308868408203125 0.070220947265625
-0.56390380859375 0.0689697265625 -0.0895538330078125 0.204605102539063
-0.4815673828125 0.253265380859375 -0.10693359375 0.333953857421875
-0.212158203125 0.47100830078125 0.205963134765625 0.1715087890625
0.10400390625 0.346038818359375 0.230224609375 -0.177154541015625
0.118850708007812 0.190475463867188 -0.006256103515625 -0.34521484375
0.15911865234375 0.144744873046875 -0.23419189453125 -0.349029541015625
0.208526611328125 0.1478271484375 -0.391693115234375 -0.218231201171875
0.221145629882813 0.178604125976563 -0.359710693359375 -0.13671875
0.254013061523438 0.188507080078125 -0.283905029296875 -0.0923767089843749
0.187423706054688 0.219085693359375 -0.236541748046875 -0.0962066650390625
0.146392822265625 0.304168701171875 -0.222061157226563 -0.025146484375
0.0933837890625 0.42742919921875 -0.231185913085937 -0.0218505859375
-0.292694091796875 0.548736572265625 -0.2314453125 -0.0763092041015625
-0.53045654296875 0.41839599609375 -0.17486572265625 0.063323974609375
-0.64813232421875 0.14117431640625 -0.5086669921875 0.145263671875
-0.388214111328125 0.0171508789062499 -0.198699951171875 0.2353515625
-0.316650390625 0.19952392578125 -0.113983154296875 0.337890625
-0.056304931640625 0.326263427734375 0.173019409179688 0.105911254882813
0.15167236328125 0.16143798828125 0.124481201171875 -0.182464599609375
0.09686279296875 0.0135116577148437 -0.059967041015625 -0.301513671875
0.0492668151855469 0.0123100280761719 -0.2811279296875 -0.31585693359375
0.0640373229980469 0.0572776794433594 -0.44525146484375 -0.217071533203125
0.091156005859375 0.0745773315429688 -0.4151611328125 -0.162445068359375
0.099884033203125 0.0875244140625 -0.3572998046875 -0.14544677734375
0.0818023681640625 0.0813522338867187 -0.292266845703125 -0.14837646484375
0.10272216796875 0.129676818847656 -0.26715087890625 -0.066436767578125
0.101837158203125 0.262588500976563 -0.289581298828125 -0.0828552246093749
-0.203948974609375 0.40374755859375 -0.25091552734375 -0.1461181640625
-0.417205810546875 0.259246826171875 -0.219009399414063 0.0871734619140625
-0.477935791015625 0.01708984375 -0.669921875 0.181396484375
0.169586181640625 0.0907440185546875 0.6849365234375 -0.304931640625
0.18701171875 -0.1292724609375 0.210845947265625 -0.119964599609375
-0.0137481689453125 -0.198654174804688 0.239822387695312 0.1793212890625
-0.147659301757813 -0.0845184326171875 0.36083984375 0.11016845703125
-0.111534118652344 0.0725631713867188 0.253799438476563 0.0597686767578125
0.0244216918945313 0.101943969726563 0.275665283203125 0.1239013671875
0.0841522216796875 0.0463180541992188 0.37652587890625 0.12939453125
0.059783935546875 0.0377693176269531 0.390228271484375 0.136932373046875
0.0828857421875 0.0368576049804688 0.390228271484375 0.186798095703125
0.05322265625 0.0977935791015625 0.29083251953125 0.240203857421875
-0.0372314453125 0.104690551757813 0.133590698242188 0.19573974609375
-0.12451171875 0.019500732421875 -0.01806640625 0.13165283203125
-0.0603713989257813 -0.135017395019531 -0.102035522460938 -0.04034423828125
0.125717163085938 -0.102577209472656 0.053955078125 -0.29803466796875
0.184402465820312 0.0667572021484375 0.237274169921875 -0.2484130859375
-0.113784790039063 0.199920654296875 0.6976318359375 -0.25677490234375
-0.0498924255371094 0.0489120483398438 0.191558837890625 -0.0836944580078125
-0.16961669921875 0.04595947265625 0.235000610351562 0.24029541015625
-0.184982299804688 0.130767822265625 0.413482666015625 0.119049072265625
-0.110763549804688 0.267227172851563 0.262969970703125 0.0144195556640625
0.123123168945312 0.2646484375 0.253311157226563 0.069183349609375
0.23699951171875 0.153060913085938 0.314483642578125 0.097076416015625
0.198745727539063 0.129409790039063 0.318634033203125 0.115875244140625
0.228164672851563 0.0987701416015625 0.34088134765625 0.16461181640625
0.159225463867187 0.155685424804687 0.258270263671875 0.19305419921875
0.0527801513671875 0.199722290039063 0.123428344726563 0.152801513671875
-0.0665283203125 0.157684326171875 0.0108795166015625 0.111885070800781
-0.148406982421875 0.040435791015625 -0.0819015502929688 -0.0130233764648437
-0.0480575561523438 0.0334434509277344 0.0438232421875 -0.269058227539063
-0.0442428588867187 0.137161254882813 0.231964111328125 -0.231658935546875
-0.378204345703125 0.25714111328125 0.61834716796875 -0.1680908203125
-0.300567626953125 0.197601318359375 0.13946533203125 -0.0102920532226562
-0.32049560546875 0.295623779296875 0.230880737304687 0.279861450195313
-0.1937255859375 0.347747802734375 0.4541015625 0.088623046875
-0.081146240234375 0.428924560546875 0.257904052734375 -0.0751953125
0.205810546875 0.384613037109375 0.192840576171875 -0.0330352783203125
0.35223388671875 0.234222412109375 0.195663452148438 0.0327301025390625
0.3092041015625 0.204681396484375 0.198623657226563 0.07958984375
0.347503662109375 0.1512451171875 0.25506591796875 0.134201049804688
0.254074096679688 0.204742431640625 0.19970703125 0.151123046875
0.142974853515625 0.283935546875 0.0922698974609375 0.126167297363281
0.0103759765625 0.290863037109375 0.0108489990234375 0.0987014770507813
-0.202178955078125 0.23614501953125 -0.0857162475585938 -0.00119018554687499
-0.206283569335937 0.198257446289063 0.0234832763671875 -0.229446411132813
-0.270614624023438 0.212692260742188 0.171829223632812 -0.188858032226563
-0.57330322265625 0.2581787109375 0.4661865234375 -0.0582275390625
-0.495391845703125 0.2930908203125 0.069610595703125 0.0925979614257813
-0.412506103515625 0.498321533203125 0.2359619140625 0.293212890625
-0.147369384765625 0.51129150390625 0.461822509765625 0.01837158203125
-0.01617431640625 0.514678955078125 0.221115112304688 -0.18804931640625
0.26776123046875 0.428375244140625 0.0921783447265625 -0.158645629882812
0.40826416015625 0.271331787109375 0.0378608703613282 -0.0460166931152344
0.37396240234375 0.252288818359375 0.0494880676269531 0.0327720642089844
0.422027587890625 0.195404052734375 0.135826110839844 0.0960617065429688
0.31982421875 0.25146484375 0.110015869140625 0.107566833496094
0.215850830078125 0.360565185546875 0.0355453491210938 0.106582641601563
0.086456298828125 0.413116455078125 -0.0179901123046875 0.0901870727539063
-0.23468017578125 0.427764892578125 -0.109291076660156 0.00286102294921878
-0.34173583984375 0.365081787109375 -0.00750732421875001 -0.169815063476562
-0.47296142578125 0.277252197265625 0.0590057373046875 -0.114341735839844
-0.6671142578125 0.21856689453125 0.27252197265625 0.0489654541015625
-0.587890625 0.33038330078125 -0.000930786132812531 0.20166015625
-0.408447265625 0.59771728515625 0.239593505859375 0.270660400390625
-0.05615234375 0.56390380859375 0.417205810546875 -0.0716552734375
0.063751220703125 0.488616943359375 0.14569091796875 -0.28948974609375
0.28680419921875 0.38232421875 -0.0358123779296875 -0.26611328125
0.403717041015625 0.25897216796875 -0.133750915527344 -0.118194580078125
0.380950927734375 0.261260986328125 -0.10833740234375 -0.0188674926757812
0.436004638671875 0.220458984375 -0.00852584838867185 0.0475845336914063
0.3350830078125 0.2808837890625 -0.00830841064453122 0.054718017578125
0.244110107421875 0.406097412109375 -0.0481643676757812 0.0805282592773438
0.131561279296875 0.496856689453125 -0.0742950439453125 0.075653076171875
-0.256591796875 0.57275390625 -0.146316528320313 0.00137329101562501
-0.443603515625 0.48675537109375 -0.0518875122070313 -0.0858306884765625
-0.6163330078125 0.3062744140625 -0.101905822753906 -0.0165786743164062
-0.6536865234375 0.16070556640625 0.0807952880859375 0.138603210449219
-0.5665283203125 0.32073974609375 -0.053924560546875 0.289154052734375
-0.314697265625 0.580078125 0.233734130859375 0.22259521484375
0.047454833984375 0.48760986328125 0.32745361328125 -0.147003173828125
0.116851806640625 0.359466552734375 0.053436279296875 -0.34271240234375
0.2503662109375 0.269775390625 -0.162109375 -0.327056884765625
0.333099365234375 0.20574951171875 -0.287994384765625 -0.166748046875
0.32781982421875 0.228912353515625 -0.251663208007813 -0.0687713623046875
0.3782958984375 0.21551513671875 -0.158157348632812 -0.0114288330078125
0.290283203125 0.272247314453125 -0.134918212890625 -0.0104827880859375
0.217987060546875 0.3876953125 -0.141876220703125 0.03912353515625
0.1337890625 0.50152587890625 -0.150070190429688 0.0442047119140625
-0.26776123046875 0.62054443359375 -0.1900634765625 -0.0161590576171875
-0.500579833984375 0.516693115234375 -0.106826782226563 0.00267028808593753
-0.67535400390625 0.274169921875 -0.291961669921875 0.088775634765625
-0.55108642578125 0.100341796875 -0.0763702392578125 0.202056884765625
-0.458770751953125 0.2803955078125 -0.0831298828125 0.336212158203125
-0.17059326171875 0.474639892578125 0.212478637695313 0.156784057617188
0.1259765625 0.325103759765625 0.214202880859375 -0.185317993164062
0.125411987304688 0.1787109375 -0.02667236328125 -0.337005615234375
0.160385131835937 0.132049560546875 -0.252471923828125 -0.329345703125
0.213394165039063 0.129074096679688 -0.398406982421875 -0.184478759765625
0.2275390625 0.159942626953125 -0.360687255859375 -0.106658935546875
0.258697509765625 0.167633056640625 -0.28399658203125 -0.0714111328125
0.194198608398438 0.202911376953125 -0.23870849609375 -0.0787506103515625
0.159576416015625 0.28759765625 -0.220016479492188 -0.0105743408203125
0.118560791015625 0.410888671875 -0.2265625 -0.00556945800781247
-0.2467041015625 0.556915283203125 -0.229232788085938 -0.06048583984375
-0.4913330078125 0.44122314453125 -0.162124633789063 0.0700531005859375
-0.62762451171875 0.18048095703125 -0.481781005859375 0.178314208984375
-0.381103515625 0.039154052734375 -0.181533813476563 0.238693237304688
-0.298492431640625 0.218994140625 -0.08892822265625 0.34185791015625
-0.028717041015625 0.3231201171875 0.177383422851563 0.0937042236328125
0.159683227539063 0.142532348632813 0.111282348632813 -0.184280395507813
0.0924911499023437 0.00646209716796875 -0.076263427734375 -0.290679931640625
0.0451431274414062 0.0109291076660156 -0.2952880859375 -0.2933349609375
0.065765380859375 0.0509681701660156 -0.449554443359375 -0.180206298828125
0.0926437377929688 0.0673599243164063 -0.416229248046875 -0.130767822265625
0.1011962890625 0.07989501953125 -0.3619384765625 -0.11810302734375
0.0826568603515625 0.0745849609375 -0.29632568359375 -0.1275634765625
0.105728149414062 0.119522094726562 -0.265350341796875 -0.0485076904296875
0.116531372070313 0.247970581054687 -0.288330078125 -0.0617980957031249
-0.16998291015625 0.409820556640625 -0.25421142578125 -0.127792358398437
-0.392547607421875 0.28009033203125 -0.204269409179688 0.0981903076171876
-0.47076416015625 0.048248291015625 -0.63812255859375 0.2213134765625
0.1728515625 0.078125 0.6456298828125 -0.3206787109375
0.175994873046875 -0.135574340820313 0.195602416992188 -0.122787475585938
-0.02294921875 -0.191726684570313 0.239791870117187 0.160110473632812
-0.14794921875 -0.07293701171875 0.350341796875 0.088409423828125
-0.103507995605469 0.0767669677734375 0.244247436523437 0.049224853515625
0.0314712524414062 0.0943069458007813 0.270950317382813 0.110687255859375
0.0849761962890625 0.0390625 0.3673095703125 0.10980224609375
0.0596885681152344 0.0324478149414063 0.381439208984375 0.115020751953125
0.0823974609375 0.0281448364257813 0.386077880859375 0.163482666015625
0.0594711303710938 0.0902938842773437 0.28948974609375 0.219390869140625
-0.0288848876953125 0.103233337402344 0.133148193359375 0.181900024414063
-0.119407653808594 0.0254745483398437 -0.0147171020507813 0.126472473144531
-0.0635986328125 -0.124946594238281 -0.100418090820313 -0.0363998413085938
0.118270874023438 -0.104591369628906 0.039306640625 -0.293365478515625
0.183853149414063 0.05303955078125 0.219955444335938 -0.2481689453125
-0.0966339111328125 0.193756103515625 0.6605224609375 -0.27783203125
-0.0460319519042969 0.0441818237304687 0.178176879882813 -0.089080810546875
-0.161956787109375 0.049835205078125 0.2364501953125 0.220733642578125
-0.176071166992188 0.134552001953125 0.401397705078125 0.09521484375
-0.095550537109375 0.265472412109375 0.251419067382813 0.00436401367187502
0.132125854492188 0.247161865234375 0.246810913085938 0.0578460693359375
0.235870361328125 0.133712768554688 0.3060302734375 0.082183837890625
0.196685791015625 0.114959716796875 0.31134033203125 0.10040283203125
0.222732543945313 0.0811004638671875 0.33837890625 0.145477294921875
0.161453247070313 0.140518188476563 0.255813598632812 0.176864624023437
0.059661865234375 0.189071655273438 0.12127685546875 0.141586303710938
-0.0588531494140625 0.154083251953125 0.012786865234375 0.106719970703125
-0.139427185058594 0.0460662841796875 -0.079559326171875 -0.0111846923828125
-0.041778564453125 0.0312461853027344 0.030975341796875 -0.2650146484375
-0.0344009399414063 0.130256652832031 0.214569091796875 -0.2327880859375
-0.35089111328125 0.25811767578125 0.58831787109375 -0.19091796875
-0.2822265625 0.197723388671875 0.131980895996094 -0.017791748046875
-0.297119140625 0.296478271484375 0.233673095703125 0.261474609375
-0.174835205078125 0.340667724609375 0.44024658203125 0.066009521484375
-0.060821533203125 0.420928955078125 0.243240356445313 -0.0804595947265625
0.215240478515625 0.3604736328125 0.1832275390625 -0.039825439453125
0.34820556640625 0.206878662109375 0.188751220703125 0.0257720947265625
0.306915283203125 0.18316650390625 0.19482421875 0.0718231201171875
0.33892822265625 0.127166748046875 0.253494262695313 0.119583129882813
0.251022338867188 0.184310913085938 0.197158813476563 0.138595581054687
0.148101806640625 0.265579223632813 0.0902557373046875 0.117866516113281
0.0198211669921875 0.276931762695313 0.01312255859375 0.0945663452148438
-0.181976318359375 0.234771728515625 -0.0819015502929688 0.000160217285156261
-0.186279296875 0.194900512695313 0.0132293701171875 -0.2269287109375
-0.2508544921875 0.213165283203125 0.160568237304687 -0.189468383789063
-0.541351318359375 0.268035888671875 0.444671630859375 -0.078887939453125
-0.466552734375 0.298492431640625 0.0687484741210937 0.083465576171875
-0.376739501953125 0.496734619140625 0.238479614257813 0.274063110351563
-0.122802734375 0.49542236328125 0.4453125 -0.00119018554687497
0.00399780273437497 0.500518798828125 0.203628540039063 -0.188217163085938
0.274871826171875 0.399871826171875 0.0807647705078125 -0.157211303710937
0.406280517578125 0.2415771484375 0.0332260131835938 -0.0437889099121094
0.370147705078125 0.226318359375 0.0493240356445313 0.033416748046875
0.4124755859375 0.16729736328125 0.137069702148438 0.0876083374023438
0.315673828125 0.227691650390625 0.108978271484375 0.101226806640625
0.22064208984375 0.335205078125 0.0352554321289063 0.102470397949219
0.09808349609375 0.390350341796875 -0.01495361328125 0.08758544921875
-0.205718994140625 0.419586181640625 -0.104484558105469 0.00414276123046878
-0.310302734375 0.361480712890625 -0.0136871337890625 -0.169082641601563
-0.4432373046875 0.285369873046875 0.05670166015625 -0.114173889160156
-0.635498046875 0.23406982421875 0.262725830078125 0.030975341796875
-0.5550537109375 0.339630126953125 0.00601196289062495 0.192520141601563
-0.36700439453125 0.59271240234375 0.240280151367187 0.25494384765625
-0.03338623046875 0.541595458984375 0.399688720703125 -0.0841064453125
0.080047607421875 0.471038818359375 0.127777099609375 -0.2828369140625
0.28985595703125 0.35626220703125 -0.048309326171875 -0.2564697265625
0.3974609375 0.2296142578125 -0.135231018066406 -0.105697631835937
0.377593994140625 0.235565185546875 -0.104766845703125 -0.009552001953125
0.425140380859375 0.19189453125 -0.00458526611328122 0.04644775390625
0.330352783203125 0.255828857421875 -0.00656127929687499 0.0545501708984375
0.24932861328125 0.37890625 -0.0449905395507812 0.0810317993164063
0.145050048828125 0.46820068359375 -0.0690078735351562 0.0750198364257813
-0.220367431640625 0.559600830078125 -0.139869689941406 0.00449371337890628
-0.404052734375 0.48333740234375 -0.0512466430664063 -0.0867996215820312
-0.58050537109375 0.31951904296875 -0.0933303833007813 -0.0132369995117188
-0.62591552734375 0.17791748046875 0.0812606811523437 0.124946594238281
-0.53546142578125 0.3292236328125 -0.0411987304687501 0.280807495117188
-0.2757568359375 0.5709228515625 0.233535766601562 0.208023071289063
0.06524658203125 0.46112060546875 0.309661865234375 -0.1531982421875
0.126068115234375 0.343475341796875 0.03759765625 -0.331451416015625
0.248199462890625 0.248458862304688 -0.17169189453125 -0.309600830078125
0.327178955078125 0.1807861328125 -0.285797119140625 -0.146026611328125
0.325408935546875 0.2066650390625 -0.24456787109375 -0.052001953125
0.36944580078125 0.189697265625 -0.151611328125 -0.00355529785156252
0.285980224609375 0.249053955078125 -0.131301879882812 -0.003692626953125
0.223968505859375 0.36376953125 -0.1368408203125 0.0448684692382813
0.149566650390625 0.473663330078125 -0.141937255859375 0.0487213134765626
-0.2294921875 0.60638427734375 -0.182662963867188 -0.0108795166015624
-0.457611083984375 0.514984130859375 -0.0994033813476563 0.00189971923828129
-0.63970947265625 0.291748046875 -0.271514892578125 0.0966796875
-0.528411865234375 0.114654541015625 -0.068084716796875 0.192535400390625
-0.43182373046875 0.290283203125 -0.0655517578125 0.32769775390625
-0.14105224609375 0.462860107421875 0.21087646484375 0.144866943359375
0.13433837890625 0.30218505859375 0.20025634765625 -0.184799194335937
0.12548828125 0.167709350585938 -0.038909912109375 -0.322998046875
0.155990600585938 0.122100830078125 -0.258575439453125 -0.307769775390625
0.208908081054688 0.113677978515625 -0.3914794921875 -0.158447265625
0.224441528320312 0.145339965820313 -0.3504638671875 -0.08551025390625
0.2532958984375 0.15142822265625 -0.277206420898438 -0.0566558837890624
0.191696166992188 0.186798095703125 -0.23431396484375 -0.0650634765625
0.162506103515625 0.269424438476562 -0.213455200195313 -0.00138854980468751
0.13006591796875 0.388641357421875 -0.2174072265625 0.00381469726562506
-0.2108154296875 0.546112060546875 -0.222412109375 -0.0511474609374999
-0.454437255859375 0.442901611328125 -0.14892578125 0.0691375732421875
-0.600830078125 0.200927734375 -0.45111083984375 0.1904296875
-0.3685302734375 0.050506591796875 -0.167694091796875 0.233810424804687
-0.279830932617187 0.226669311523438 -0.07073974609375 0.3348388671875
-0.00909423828124999 0.311370849609375 0.1748046875 0.0836181640625
0.159271240234375 0.1246337890625 0.101333618164063 -0.17950439453125
0.0853271484375 0.00260162353515625 -0.08306884765625 -0.277755737304688
0.0404624938964844 0.0110931396484375 -0.2965087890625 -0.27166748046875
0.0639266967773438 0.0455665588378906 -0.43994140625 -0.1552734375
0.0901565551757813 0.0615158081054688 -0.4063720703125 -0.105072021484375
0.0981216430664062 0.0741195678710938 -0.353668212890625 -0.0985107421875
0.07928466796875 0.068756103515625 -0.291107177734375 -0.110687255859375
0.104530334472656 0.110244750976563 -0.257705688476563 -0.036651611328125
0.121612548828125 0.23162841796875 -0.279205322265625 -0.0471954345703125
-0.14337158203125 0.4012451171875 -0.249755859375 -0.113372802734375
-0.36822509765625 0.285675048828125 -0.188491821289063 0.099578857421875
-0.45428466796875 0.06695556640625 -0.59979248046875 0.23974609375
0.174774169921875 0.069915771484375 0.6170654296875 -0.32110595703125
0.168731689453125 -0.138168334960938 0.184600830078125 -0.12066650390625
-0.0257415771484375 -0.186737060546875 0.234512329101563 0.148330688476563
-0.14569091796875 -0.066009521484375 0.33868408203125 0.077850341796875
-0.0975875854492188 0.0788726806640625 0.235549926757813 0.04571533203125
0.035308837890625 0.08758544921875 0.265579223632813 0.10498046875
0.0851516723632813 0.0336761474609375 0.35650634765625 0.101531982421875
0.0586471557617188 0.0291252136230469 0.370330810546875 0.104827880859375
0.0809097290039063 0.0223007202148438 0.37872314453125 0.15447998046875
0.0628814697265625 0.0836715698242188 0.282257080078125 0.208343505859375
-0.0244140625 0.101058959960938 0.127334594726563 0.172637939453125
-0.115669250488281 0.0285720825195312 -0.0142059326171875 0.122673034667969
-0.0628509521484375 -0.118247985839844 -0.0985107421875 -0.035064697265625
0.113601684570313 -0.105491638183594 0.032073974609375 -0.28729248046875
0.181304931640625 0.0456695556640625 0.21026611328125 -0.242691040039063
-0.0863037109375 0.185470581054687 0.6329345703125 -0.281005859375
-0.0454597473144531 0.0384483337402344 0.168777465820313 -0.08953857421875
-0.157562255859375 0.0498809814453125 0.231170654296875 0.209091186523438
-0.171127319335937 0.1337890625 0.38946533203125 0.084442138671875
-0.0872650146484375 0.263320922851563 0.2420654296875 0.00271606445312502
0.133331298828125 0.233932495117188 0.239120483398437 0.053253173828125
0.2310791015625 0.122695922851563 0.2957763671875 0.07666015625
0.192733764648437 0.107574462890625 0.302490234375 0.094146728515625
0.216217041015625 0.071502685546875 0.332000732421875 0.13604736328125
0.158966064453125 0.13104248046875 0.2491455078125 0.16827392578125
0.06121826171875 0.18115234375 0.114875793457031 0.135215759277344
-0.055877685546875 0.149765014648438 0.0121612548828125 0.102363586425781
-0.1328125 0.0467605590820313 -0.0769271850585938 -0.0116806030273437
-0.0374603271484375 0.0265960693359375 0.0242767333984375 -0.26129150390625
-0.0286483764648438 0.123512268066406 0.206253051757812 -0.228744506835937
-0.333404541015625 0.251953125 0.564697265625 -0.195556640625
-0.271575927734375 0.189865112304688 0.124946594238281 -0.0214614868164062
-0.282806396484375 0.29052734375 0.229263305664062 0.251190185546875
-0.16656494140625 0.331085205078125 0.42559814453125 0.054473876953125
-0.051605224609375 0.41204833984375 0.232040405273438 -0.07989501953125
0.21527099609375 0.34326171875 0.17547607421875 -0.04156494140625
0.339447021484375 0.19097900390625 0.181259155273438 0.0244293212890625
0.299072265625 0.17266845703125 0.189346313476563 0.069244384765625
0.327911376953125 0.114105224609375 0.250045776367188 0.11181640625
0.243881225585938 0.17193603515625 0.192169189453125 0.132858276367188
0.146041870117188 0.252944946289062 0.08575439453125 0.114044189453125
0.0219268798828125 0.265762329101563 0.0125579833984375 0.091064453125
-0.170913696289063 0.227569580078125 -0.0795135498046875 -0.001190185546875
-0.174484252929687 0.186508178710938 0.009063720703125 -0.224899291992188
-0.23797607421875 0.20770263671875 0.1551513671875 -0.1876220703125
-0.520904541015625 0.264190673828125 0.427764892578125 -0.087432861328125
-0.45074462890625 0.29217529296875 0.0652999877929687 0.076629638671875
-0.35662841796875 0.48651123046875 0.23333740234375 0.2662353515625
-0.115020751953125 0.479339599609375 0.431243896484375 -0.00860595703124997
0.013641357421875 0.48779296875 0.193267822265625 -0.183578491210937
0.272552490234375 0.381500244140625 0.07293701171875 -0.154434204101563
0.395660400390625 0.223114013671875 0.0299339294433594 -0.0398712158203125
0.361846923828125 0.21331787109375 0.0487480163574219 0.0353050231933594
0.399261474609375 0.153167724609375 0.136184692382813 0.08233642578125
0.30419921875 0.213348388671875 0.105926513671875 0.098175048828125
0.215972900390625 0.319610595703125 0.033050537109375 0.100204467773438
0.09857177734375 0.37371826171875 -0.0143280029296875 0.0848236083984375
-0.189727783203125 0.4068603515625 -0.101333618164063 0.00315856933593753
-0.2899169921875 0.348388671875 -0.0157470703125 -0.169906616210938
-0.424896240234375 0.281463623046875 0.05645751953125 -0.113739013671875
-0.61334228515625 0.23150634765625 0.251876831054687 0.0216217041015625
-0.53466796875 0.335357666015625 0.00659179687499995 0.1839599609375
-0.34490966796875 0.57891845703125 0.235855102539062 0.247573852539063
-0.025115966796875 0.519500732421875 0.38580322265625 -0.0880126953125
0.085235595703125 0.457550048828125 0.118576049804688 -0.2745361328125
0.284515380859375 0.33941650390625 -0.053009033203125 -0.248931884765625
0.385986328125 0.212677001953125 -0.133796691894531 -0.09716796875
0.3697509765625 0.222442626953125 -0.100715637207031 -0.00411987304687499
0.41259765625 0.17694091796875 -0.0023384094238281 0.044647216796875
0.319610595703125 0.241790771484375 -0.00647735595703123 0.0546531677246094
0.2442626953125 0.361419677734375 -0.0446624755859375 0.0812759399414063
0.145477294921875 0.44769287109375 -0.0660934448242187 0.0733261108398438
-0.202301025390625 0.5421142578125 -0.135299682617188 0.00294494628906254
-0.38189697265625 0.4677734375 -0.050048828125 -0.0893096923828125
-0.55743408203125 0.316925048828125 -0.0860137939453125 -0.0133514404296875
-0.60772705078125 0.178466796875 0.0772628784179687 0.115402221679688
-0.51568603515625 0.3271484375 -0.0370941162109376 0.270156860351563
-0.2550048828125 0.555633544921875 0.228805541992187 0.202377319335938
0.06829833984375 0.438812255859375 0.298248291015625 -0.151275634765625
0.126373291015625 0.330657958984375 0.031494140625 -0.3199462890625
0.23974609375 0.23681640625 -0.174285888671875 -0.2977294921875
0.317138671875 0.166534423828125 -0.279678344726563 -0.134002685546875
0.318115234375 0.194793701171875 -0.236419677734375 -0.0431213378906249
0.358428955078125 0.176849365234375 -0.14642333984375 -0.00209045410156249
0.275360107421875 0.237045288085938 -0.128173828125 -0.000152587890624957
0.2183837890625 0.347869873046875 -0.132705688476563 0.04681396484375
0.14947509765625 0.453704833984375 -0.136894226074219 0.0487289428710938
-0.2110595703125 0.58740234375 -0.176345825195313 -0.0112152099609374
-0.435333251953125 0.50079345703125 -0.093780517578125 -0.00305175781249997
-0.61773681640625 0.29241943359375 -0.255615234375 0.09521484375
-0.5135498046875 0.11737060546875 -0.0666351318359375 0.183151245117187
-0.415496826171875 0.288421630859375 -0.0591430664062501 0.317596435546875
-0.125457763671875 0.449554443359375 0.206222534179688 0.139602661132813
0.1339111328125 0.282958984375 0.192047119140625 -0.180068969726562
0.1217041015625 0.160491943359375 -0.042205810546875 -0.310546875
0.148818969726562 0.117263793945312 -0.25689697265625 -0.295867919921875
0.20172119140625 0.104736328125 -0.380950927734375 -0.145751953125
0.218307495117188 0.138336181640625 -0.340301513671875 -0.0755615234375
0.24481201171875 0.143218994140625 -0.269210815429688 -0.0503387451171875
0.184402465820313 0.178375244140625 -0.228713989257813 -0.0597381591796875
0.158706665039063 0.257308959960938 -0.207351684570313 0.00303649902343754
0.1304931640625 0.370513916015625 -0.209381103515625 0.00686645507812506
-0.193450927734375 0.529144287109375 -0.215789794921875 -0.0491180419921874
-0.43389892578125 0.432769775390625 -0.140090942382813 0.0640792846679688
-0.58013916015625 0.202880859375 -0.428497314453125 0.18902587890625
-0.359527587890625 0.053802490234375 -0.163345336914063 0.224853515625
-0.267684936523437 0.226226806640625 -0.06201171875 0.32562255859375
0.000640869140625018 0.29925537109375 0.170440673828125 0.0802001953125
0.155502319335938 0.113006591796875 0.09674072265625 -0.173248291015625
0.079803466796875 0.0017852783203125 -0.084014892578125 -0.2677001953125
0.0365142822265625 0.0126762390136719 -0.29022216796875 -0.260498046875
0.0611190795898438 0.0422554016113281 -0.42779541015625 -0.140533447265625
0.0864639282226563 0.0587387084960938 -0.393341064453125 -0.094085693359375
0.093780517578125 0.0725631713867188 -0.344696044921875 -0.0902404785156249
0.0741119384765625 0.0661773681640625 -0.28485107421875 -0.10406494140625
0.0995941162109375 0.104377746582031 -0.250274658203125 -0.031951904296875
0.12060546875 0.220062255859375 -0.270339965820313 -0.0416412353515625
-0.13201904296875 0.3900146484375 -0.24310302734375 -0.107574462890625
-0.3536376953125 0.279998779296875 -0.176620483398438 0.09576416015625
-0.440460205078125 0.0711364746093751 -0.57098388671875 0.239501953125
0.178680419921875 0.0662078857421875 0.60748291015625 -0.31744384765625
0.166275024414063 -0.141357421875 0.180007934570313 -0.118026733398438
-0.027313232421875 -0.186599731445313 0.2320556640625 0.144149780273438
-0.146041870117187 -0.0636444091796875 0.334320068359375 0.07373046875
-0.0951995849609375 0.0810165405273437 0.232559204101562 0.04669189453125
0.03790283203125 0.0834579467773437 0.263137817382813 0.10589599609375
0.086822509765625 0.0301437377929688 0.352508544921875 0.101287841796875
0.0591392517089844 0.0278396606445313 0.36614990234375 0.10491943359375
0.0808181762695313 0.0188446044921875 0.378753662109375 0.152130126953125
0.0654144287109375 0.0802078247070312 0.279434204101563 0.206497192382813
-0.0210952758789062 0.100692749023437 0.122299194335938 0.170989990234375
-0.114891052246094 0.0303726196289062 -0.0161361694335938 0.121101379394531
-0.0615005493164063 -0.115425109863281 -0.0983657836914063 -0.0358505249023438
0.113731384277344 -0.106315612792969 0.030517578125 -0.287567138671875
0.181732177734375 0.043212890625 0.209625244140625 -0.238540649414062
-0.0819091796875 0.179550170898437 0.62396240234375 -0.2789306640625
-0.0459861755371094 0.0333099365234375 0.1639404296875 -0.08935546875
-0.156646728515625 0.047515869140625 0.227874755859375 0.206878662109375
-0.17144775390625 0.132720947265625 0.38482666015625 0.081787109375
-0.0841827392578125 0.26416015625 0.238555908203125 0.00376892089843752
0.133804321289063 0.2288818359375 0.236312866210938 0.0537109375
0.229278564453125 0.117340087890625 0.2921142578125 0.077911376953125
0.191253662109375 0.105331420898438 0.299407958984375 0.09503173828125
0.213134765625 0.0673370361328125 0.332550048828125 0.134979248046875
0.15740966796875 0.127044677734375 0.245941162109375 0.168167114257813
0.0608978271484375 0.179107666015625 0.110382080078125 0.134254455566406
-0.056640625 0.148239135742188 0.0105972290039063 0.101600646972656
-0.130653381347656 0.045166015625 -0.0764846801757813 -0.0137176513671875
-0.0355415344238281 0.02239990234375 0.0228118896484375 -0.261947631835938
-0.0274658203125 0.119697570800781 0.206512451171875 -0.226211547851563
-0.32861328125 0.245513916015625 0.557373046875 -0.196258544921875
-0.270889282226563 0.183135986328125 0.120613098144531 -0.0234298706054687
-0.28204345703125 0.288116455078125 0.2255859375 0.251113891601563
-0.169677734375 0.32745361328125 0.42132568359375 0.05181884765625
-0.0499267578125 0.412567138671875 0.229644775390625 -0.0775604248046875
0.213409423828125 0.336212158203125 0.171646118164062 -0.041015625
0.335357666015625 0.18634033203125 0.178817749023438 0.027008056640625
0.296661376953125 0.169891357421875 0.188064575195313 0.071380615234375
0.322235107421875 0.110443115234375 0.25048828125 0.110000610351562
0.23846435546875 0.168701171875 0.189483642578125 0.133712768554688
0.143478393554688 0.249114990234375 0.08148193359375 0.114326477050781
0.019775390625 0.26141357421875 0.0110626220703125 0.0901565551757813
-0.167938232421875 0.223098754882812 -0.0790328979492188 -0.00404357910156249
-0.170455932617188 0.178939819335937 0.00765991210937497 -0.227737426757813
-0.234786987304688 0.202804565429688 0.155929565429687 -0.186126708984375
-0.515350341796875 0.256683349609375 0.421539306640625 -0.08917236328125
-0.4481201171875 0.285125732421875 0.0613250732421875 0.0733871459960938
-0.35321044921875 0.4805908203125 0.23028564453125 0.267623901367188
-0.117156982421875 0.472198486328125 0.42547607421875 -0.00936889648437497
0.014373779296875 0.4873046875 0.190231323242187 -0.18048095703125
0.267547607421875 0.37664794921875 0.0701141357421875 -0.153305053710937
0.389739990234375 0.217437744140625 0.0283851623535157 -0.0358963012695312
0.359100341796875 0.21173095703125 0.0489883422851563 0.0384368896484375
0.3924560546875 0.148529052734375 0.136940002441406 0.0812225341796875
0.297027587890625 0.210235595703125 0.104270935058594 0.0987930297851563
0.21142578125 0.316070556640625 0.0298538208007813 0.101249694824219
0.095123291015625 0.367279052734375 -0.01495361328125 0.0831756591796875
-0.18695068359375 0.39959716796875 -0.1015625 -0.000267028808593712
-0.28668212890625 0.3397216796875 -0.0166473388671875 -0.174453735351562
-0.4215087890625 0.276214599609375 0.0585708618164062 -0.114837646484375
-0.61016845703125 0.2259521484375 0.246261596679687 0.0179901123046875
-0.532501220703125 0.32879638671875 0.00312805175781248 0.179428100585938
-0.34014892578125 0.57403564453125 0.233184814453125 0.250732421875
-0.02734375 0.510894775390625 0.38226318359375 -0.086944580078125
0.085357666015625 0.45703125 0.117294311523438 -0.270370483398437
0.278411865234375 0.33551025390625 -0.055511474609375 -0.24737548828125
0.3798828125 0.206695556640625 -0.133544921875 -0.0927886962890625
0.3658447265625 0.2186279296875 -0.0991439819335937 -0.000267028808593733
0.406005859375 0.17266845703125 -0.00123596191406248 0.0432548522949219
0.312408447265625 0.239013671875 -0.00750350952148435 0.0554847717285156
0.239654541015625 0.357666015625 -0.04559326171875 0.0827560424804688
0.142852783203125 0.4412841796875 -0.0662155151367187 0.0726318359375
-0.197784423828125 0.534393310546875 -0.135505676269531 -0.000801086425781227
-0.37628173828125 0.457611083984375 -0.0495986938476563 -0.0954055786132812
-0.553863525390625 0.3126220703125 -0.0814971923828125 -0.016357421875
-0.6036376953125 0.17333984375 0.0723342895507812 0.110366821289063
-0.512725830078125 0.323028564453125 -0.0387115478515625 0.266403198242188
-0.251251220703125 0.550048828125 0.226303100585938 0.205398559570313
0.065826416015625 0.430023193359375 0.295928955078125 -0.14892578125
0.125244140625 0.328521728515625 0.030548095703125 -0.315216064453125
0.234039306640625 0.23590087890625 -0.174713134765625 -0.294830322265625
0.310150146484375 0.16278076171875 -0.27783203125 -0.129562377929688
0.314727783203125 0.194580078125 -0.233200073242187 -0.039764404296875
0.35186767578125 0.176361083984375 -0.144851684570312 -0.00209045410156251
0.268463134765625 0.235397338867188 -0.127655029296875 0.00154113769531254
0.213470458984375 0.3431396484375 -0.132766723632812 0.0483322143554688
0.14556884765625 0.44647216796875 -0.135444641113281 0.0472030639648438
-0.20758056640625 0.5799560546875 -0.175827026367188 -0.0148468017578125
-0.430450439453125 0.491363525390625 -0.0918807983398438 -0.00931549072265621
-0.61322021484375 0.28814697265625 -0.249786376953125 0.0919189453125001
-0.512237548828125 0.1138916015625 -0.070648193359375 0.177597045898438
-0.41143798828125 0.28558349609375 -0.0592041015625 0.313812255859375
-0.12030029296875 0.443389892578125 0.204559326171875 0.1417236328125
0.1312255859375 0.274459838867187 0.191390991210938 -0.176132202148438
0.119186401367187 0.159042358398437 -0.042236328125 -0.307281494140625
0.144134521484375 0.117340087890625 -0.255859375 -0.292510986328125
0.196441650390625 0.1019287109375 -0.37847900390625 -0.141387939453125
0.214614868164063 0.137313842773438 -0.3350830078125 -0.071685791015625
0.240127563476563 0.143753051757813 -0.267547607421875 -0.0499420166015625
0.177719116210938 0.177658081054688 -0.22747802734375 -0.0589599609375
0.1531982421875 0.254379272460938 -0.205291748046875 0.00381469726562505
0.127532958984375 0.365142822265625 -0.207107543945313 0.006439208984375
-0.19171142578125 0.522125244140625 -0.214675903320313 -0.0516510009765624
-0.429290771484375 0.426239013671875 -0.136802673339844 0.0582962036132813
-0.57672119140625 0.20062255859375 -0.41986083984375 0.184295654296875
-0.359344482421875 0.052337646484375 -0.16558837890625 0.219100952148437
-0.265151977539062 0.226089477539063 -0.060699462890625 0.322357177734375
0.00488281249999999 0.294219970703125 0.16937255859375 0.0806732177734375
0.152542114257812 0.107162475585937 0.0965728759765625 -0.169692993164063
0.0767135620117188 0.0019989013671875 -0.0830841064453125 -0.264556884765625
0.033660888671875 0.0145969390869141 -0.288848876953125 -0.2586669921875
0.0582618713378906 0.0411567687988281 -0.421783447265625 -0.13653564453125
0.0839614868164063 0.0590591430664063 -0.389434814453125 -0.092193603515625
0.0903549194335937 0.0737991333007812 -0.343292236328125 -0.0882568359375001
0.0686302185058594 0.0667495727539063 -0.282745361328125 -0.103515625
0.0957565307617187 0.102737426757812 -0.24725341796875 -0.031707763671875
0.117630004882812 0.216110229492188 -0.267181396484375 -0.0417022705078125
-0.1292724609375 0.385284423828125 -0.241714477539063 -0.109039306640625
-0.352264404296875 0.2769775390625 -0.172409057617188 0.0899200439453125
-0.4384765625 0.06964111328125 -0.56158447265625 0.23492431640625
0.186904907226563 0.0622406005859375 0.61328125 -0.32830810546875
0.166427612304687 -0.148712158203125 0.179061889648438 -0.119598388671875
-0.031585693359375 -0.191696166992188 0.233734130859375 0.141891479492188
-0.150741577148438 -0.061737060546875 0.33758544921875 0.070220947265625
-0.0937576293945313 0.0861968994140625 0.236358642578125 0.046478271484375
0.0417556762695313 0.0808486938476563 0.268798828125 0.106185913085938
0.0900726318359375 0.02587890625 0.358734130859375 0.1029052734375
0.0620231628417969 0.0268516540527344 0.372314453125 0.10382080078125
0.0823287963867188 0.0153045654296875 0.3883056640625 0.150482177734375
0.0693359375 0.0780792236328125 0.28448486328125 0.20855712890625
-0.0185623168945313 0.103317260742188 0.121231079101563 0.172119140625
-0.116546630859375 0.0334091186523437 -0.0169448852539063 0.122772216796875
-0.0626296997070313 -0.116928100585937 -0.100624084472656 -0.0368118286132812
0.115226745605469 -0.111167907714844 0.026947021484375 -0.29583740234375
0.186904907226563 0.041046142578125 0.213714599609375 -0.24273681640625
-0.0783233642578125 0.178451538085938 0.629638671875 -0.289794921875
-0.0489578247070313 0.0284919738769531 0.162261962890625 -0.092132568359375
-0.161331176757813 0.048187255859375 0.231948852539062 0.209747314453125
-0.17706298828125 0.137344360351563 0.388763427734375 0.077484130859375
-0.0815582275390625 0.27276611328125 0.241348266601563 0.00242614746093752
0.13916015625 0.228546142578125 0.239883422851563 0.053497314453125
0.23321533203125 0.11407470703125 0.297393798828125 0.080078125
0.19659423828125 0.104995727539063 0.3048095703125 0.096466064453125
0.215927124023437 0.0635223388671875 0.34051513671875 0.133209228515625
0.16070556640625 0.1259765625 0.250213623046875 0.1705322265625
0.063232421875 0.181427001953125 0.109016418457031 0.136878967285156
-0.0580596923828125 0.1514892578125 0.0107574462890625 0.102386474609375
-0.131668090820313 0.04583740234375 -0.0787124633789063 -0.0151138305664063
-0.0349922180175781 0.0187129974365234 0.0189056396484375 -0.270553588867188
-0.0252609252929688 0.119308471679688 0.209976196289062 -0.231582641601563
-0.3314208984375 0.246978759765625 0.561431884765625 -0.205780029296875
-0.277435302734375 0.182968139648438 0.117866516113281 -0.0264205932617187
-0.2857666015625 0.292724609375 0.230194091796875 0.257278442382813
-0.17205810546875 0.333038330078125 0.42706298828125 0.049102783203125
-0.046661376953125 0.4241943359375 0.231903076171875 -0.0799102783203125
0.220184326171875 0.337982177734375 0.173004150390625 -0.04327392578125
0.339691162109375 0.183197021484375 0.181488037109375 0.0296630859375
0.303924560546875 0.169708251953125 0.192047119140625 0.0753631591796875
0.326141357421875 0.10687255859375 0.257232666015625 0.109573364257812
0.239944458007813 0.1689453125 0.192901611328125 0.136032104492188
0.146133422851562 0.25103759765625 0.0812301635742188 0.117256164550781
0.019622802734375 0.264129638671875 0.010894775390625 0.0907745361328125
-0.168670654296875 0.225830078125 -0.0817947387695313 -0.00576782226562499
-0.170944213867188 0.177581787109375 0.0035247802734375 -0.236526489257812
-0.237594604492188 0.205551147460938 0.159317016601562 -0.192031860351563
-0.52392578125 0.2608642578125 0.42364501953125 -0.097686767578125
-0.457000732421875 0.28936767578125 0.0586318969726562 0.071563720703125
-0.3548583984375 0.490753173828125 0.236373901367187 0.27618408203125
-0.12060546875 0.478271484375 0.4320068359375 -0.01318359375
0.020050048828125 0.4984130859375 0.191802978515625 -0.183990478515625
0.273834228515625 0.3792724609375 0.066925048828125 -0.156997680664062
0.393157958984375 0.215423583984375 0.0279312133789063 -0.0335426330566406
0.367095947265625 0.210479736328125 0.0510177612304688 0.0426216125488281
0.39794921875 0.144927978515625 0.14080810546875 0.080596923828125
0.29901123046875 0.211456298828125 0.106239318847656 0.101905822753906
0.21453857421875 0.31732177734375 0.0295944213867188 0.104896545410156
0.09637451171875 0.37054443359375 -0.0152359008789062 0.0841217041015625
-0.18780517578125 0.404296875 -0.104827880859375 -0.00212097167968748
-0.287322998046875 0.3408203125 -0.020294189453125 -0.182296752929688
-0.42584228515625 0.281951904296875 0.060791015625 -0.119407653808594
-0.6214599609375 0.2314453125 0.246627807617187 0.0135040283203125
-0.54278564453125 0.335052490234375 0.00106811523437496 0.179718017578125
-0.3394775390625 0.584716796875 0.239730834960937 0.259674072265625
-0.026092529296875 0.514617919921875 0.388519287109375 -0.090240478515625
0.090423583984375 0.464447021484375 0.116775512695312 -0.274383544921875
0.282989501953125 0.338348388671875 -0.062225341796875 -0.25152587890625
0.3831787109375 0.204681396484375 -0.137489318847656 -0.0901107788085937
0.37347412109375 0.220123291015625 -0.0992202758789062 0.004058837890625
0.410858154296875 0.173065185546875 -0.000419616699218724 0.0432014465332031
0.313323974609375 0.2421875 -0.00753021240234373 0.0582466125488281
0.242340087890625 0.359161376953125 -0.0467529296875 0.0861663818359375
0.14422607421875 0.445159912109375 -0.0670394897460937 0.0730361938476563
-0.197784423828125 0.541717529296875 -0.14007568359375 -0.00289154052734371
-0.377349853515625 0.464019775390625 -0.0524749755859375 -0.102500915527344
-0.5628662109375 0.3203125 -0.080810546875 -0.0186614990234375
-0.61676025390625 0.17681884765625 0.0705108642578125 0.108543395996094
-0.521484375 0.330322265625 -0.0401611328125 0.26824951171875
-0.247833251953125 0.56005859375 0.232498168945312 0.212554931640625
0.068328857421875 0.431732177734375 0.30023193359375 -0.151641845703125
0.129669189453125 0.334197998046875 0.028564453125 -0.319061279296875
0.235107421875 0.238250732421875 -0.182861328125 -0.29876708984375
0.311279296875 0.16192626953125 -0.2833251953125 -0.1259765625
0.319427490234375 0.194732666015625 -0.23602294921875 -0.0348968505859374
0.35626220703125 0.176666259765625 -0.14752197265625 -0.00169372558593748
0.26995849609375 0.238372802734375 -0.130897521972656 0.00317382812500002
0.214752197265625 0.346710205078125 -0.134681701660156 0.0520477294921875
0.1484375 0.450164794921875 -0.137229919433594 0.0484161376953125
-0.205322265625 0.5880126953125 -0.181259155273438 -0.0166015625
-0.43505859375 0.4986572265625 -0.09326171875 -0.0153732299804687
-0.6236572265625 0.2967529296875 -0.249359130859375 0.0924072265625001
-0.524566650390625 0.117889404296875 -0.075439453125 0.177947998046875
-0.41729736328125 0.293975830078125 -0.058990478515625 0.317840576171875
-0.115509033203125 0.448974609375 0.2098388671875 0.146484375
0.133636474609375 0.27264404296875 0.193771362304688 -0.178909301757812
0.121261596679688 0.16021728515625 -0.04437255859375 -0.310455322265625
0.143402099609375 0.119583129882812 -0.264312744140625 -0.295654296875
0.1962890625 0.10113525390625 -0.3851318359375 -0.136749267578125
0.217803955078125 0.138824462890625 -0.33929443359375 -0.067108154296875
0.242584228515625 0.145431518554688 -0.272750854492188 -0.0487060546875
0.176864624023438 0.18157958984375 -0.232254028320313 -0.0575103759765625
0.153900146484375 0.25689697265625 -0.208221435546875 0.00634765625000004
0.129852294921875 0.367095947265625 -0.21038818359375 0.00665283203124999
-0.1888427734375 0.530303955078125 -0.220748901367188 -0.05364990234375
-0.4365234375 0.43359375 -0.1368408203125 0.0540313720703125
-0.5880126953125 0.205322265625 -0.42144775390625 0.187469482421875
-0.368560791015625 0.055755615234375 -0.171463012695312 0.221710205078125
-0.267562866210938 0.232879638671875 -0.05908203125 0.327362060546875
0.01007080078125 0.2965087890625 0.173309326171875 0.083038330078125
0.154800415039062 0.102874755859375 0.0976409912109375 -0.170623779296875
0.0760726928710937 0.0013275146484375 -0.0856170654296875 -0.267425537109375
0.0317554473876953 0.0168952941894531 -0.296783447265625 -0.260894775390625
0.0567359924316406 0.0415000915527344 -0.43072509765625 -0.132476806640625
0.084075927734375 0.059814453125 -0.39495849609375 -0.0880737304687499
0.0907135009765625 0.0767288208007812 -0.350189208984375 -0.0876464843749999
0.0665054321289063 0.0689582824707031 -0.28948974609375 -0.103607177734375
0.0949172973632813 0.102531433105469 -0.25006103515625 -0.0303955078125
0.12078857421875 0.216171264648438 -0.271102905273438 -0.0398406982421875
-0.1270751953125 0.39227294921875 -0.24713134765625 -0.110916137695312
-0.358795166015625 0.28448486328125 -0.17138671875 0.0887451171875
-0.44647216796875 0.07257080078125 -0.56597900390625 0.24090576171875
0.19793701171875 0.0537109375 0.6153564453125 -0.35455322265625
0.16400146484375 -0.162002563476563 0.176284790039063 -0.125564575195313
-0.0419158935546875 -0.197021484375 0.2415771484375 0.138473510742188
-0.1593017578125 -0.0561981201171875 0.346038818359375 0.059478759765625
-0.0910797119140625 0.0942611694335938 0.242782592773438 0.0400390625
0.047454833984375 0.0779800415039063 0.279129028320312 0.101394653320312
0.0943069458007812 0.019622802734375 0.37213134765625 0.09619140625
0.0655136108398438 0.0235824584960938 0.384185791015625 0.095367431640625
0.0858154296875 0.009796142578125 0.405364990234375 0.139495849609375
0.076446533203125 0.075714111328125 0.29949951171875 0.205718994140625
-0.0134735107421875 0.107856750488281 0.125503540039063 0.173553466796875
-0.119010925292969 0.040313720703125 -0.0146484375 0.127059936523438
-0.0676040649414062 -0.117271423339844 -0.104331970214844 -0.0356903076171875
0.114402770996094 -0.119865417480469 0.015960693359375 -0.307373046875
0.195999145507812 0.03472900390625 0.2135009765625 -0.254837036132813
-0.07196044921875 0.181442260742188 0.6339111328125 -0.31805419921875
-0.0525932312011719 0.0266952514648437 0.15887451171875 -0.099456787109375
-0.167251586914062 0.0536651611328125 0.243377685546875 0.208694458007813
-0.180908203125 0.147430419921875 0.399169921875 0.06475830078125
-0.072418212890625 0.286346435546875 0.24615478515625 -0.00460815429687498
0.150848388671875 0.227462768554687 0.246688842773438 0.0467681884765625
0.242446899414063 0.105712890625 0.3082275390625 0.075927734375
0.207183837890625 0.0999298095703125 0.3162841796875 0.091217041015625
0.222274780273438 0.0562896728515625 0.356719970703125 0.12347412109375
0.168365478515625 0.123397827148437 0.262252807617188 0.167343139648437
0.0710296630859375 0.18414306640625 0.112350463867188 0.137901306152344
-0.055938720703125 0.157913208007813 0.0125656127929688 0.104438781738281
-0.134346008300781 0.0501251220703125 -0.0818252563476563 -0.0146102905273437
-0.0354042053222656 0.015777587890625 0.00714111328125 -0.28192138671875
-0.0205917358398438 0.121810913085938 0.20928955078125 -0.244338989257813
-0.3311767578125 0.260223388671875 0.56695556640625 -0.2308349609375
-0.282073974609375 0.1915283203125 0.115760803222656 -0.0316696166992187
-0.28466796875 0.3092041015625 0.245468139648437 0.26080322265625
-0.170318603515625 0.347686767578125 0.43817138671875 0.035064697265625
-0.03033447265625 0.439056396484375 0.23309326171875 -0.08935546875
0.235626220703125 0.33782958984375 0.173294067382813 -0.0501708984375
0.350921630859375 0.173583984375 0.18780517578125 0.028411865234375
0.318206787109375 0.163360595703125 0.201583862304688 0.0737152099609375
0.33599853515625 0.09686279296875 0.268173217773438 0.10247802734375
0.248916625976563 0.165725708007812 0.202239990234375 0.134872436523437
0.156051635742188 0.2525634765625 0.0837326049804688 0.119331359863281
0.0261993408203125 0.269973754882813 0.0137100219726563 0.0916213989257813
-0.166336059570313 0.234207153320313 -0.0860748291015625 -0.0050201416015625
-0.168991088867188 0.182266235351563 -0.00857543945312499 -0.247238159179688
-0.235610961914062 0.216812133789062 0.1578369140625 -0.20452880859375
-0.529388427734375 0.281341552734375 0.428070068359375 -0.1153564453125
-0.464080810546875 0.305999755859375 0.0578422546386718 0.0692596435546875
-0.347900390625 0.51605224609375 0.25311279296875 0.282318115234375
-0.111114501953125 0.4940185546875 0.44189453125 -0.027923583984375
0.03961181640625 0.51300048828125 0.188980102539063 -0.19403076171875
0.290191650390625 0.3780517578125 0.0601043701171875 -0.163665771484375
0.407073974609375 0.20660400390625 0.0279273986816406 -0.031381607055664
0.382781982421875 0.20428466796875 0.0554885864257813 0.0463218688964844
0.41009521484375 0.134765625 0.1478271484375 0.076568603515625
0.309173583984375 0.208465576171875 0.111961364746094 0.102531433105469
0.2269287109375 0.31768798828125 0.0320968627929688 0.109123229980469
0.1080322265625 0.37567138671875 -0.0141448974609375 0.0859756469726563
-0.178497314453125 0.419403076171875 -0.111289978027344 -0.000938415527343721
-0.2838134765625 0.35345458984375 -0.0303802490234375 -0.192138671875
-0.42852783203125 0.3017578125 0.0597991943359375 -0.126495361328125
-0.6312255859375 0.25537109375 0.250289916992188 0.00279235839843752
-0.5489501953125 0.359039306640625 0.00212097167968745 0.181793212890625
-0.328125 0.610595703125 0.257110595703125 0.265274047851563
-0.0129394531249999 0.527099609375 0.3958740234375 -0.10443115234375
0.11077880859375 0.4742431640625 0.1103515625 -0.284210205078125
0.29779052734375 0.33782958984375 -0.0755767822265625 -0.256027221679688
0.395904541015625 0.19732666015625 -0.144058227539062 -0.0840911865234375
0.38983154296875 0.21405029296875 -0.0992889404296875 0.0114288330078125
0.425323486328125 0.163116455078125 0.00052642822265628 0.0441932678222656
0.3243408203125 0.240447998046875 -0.00683593749999998 0.061798095703125
0.257232666015625 0.359649658203125 -0.0457611083984375 0.0925445556640625
0.1602783203125 0.449188232421875 -0.067291259765625 0.0767288208007813
-0.187255859375 0.558685302734375 -0.147628784179688 0.00022888183593756
-0.373870849609375 0.482147216796875 -0.0606002807617188 -0.109580993652344
-0.56964111328125 0.34619140625 -0.0815963745117188 -0.0182723999023437
-0.62969970703125 0.2001953125 0.072509765625 0.105751037597656
-0.52703857421875 0.354278564453125 -0.0361480712890626 0.27490234375
-0.233154296875 0.58087158203125 0.248291015625 0.215728759765625
0.080841064453125 0.4368896484375 0.3038330078125 -0.16400146484375
0.1434326171875 0.33880615234375 0.0185546875 -0.3267822265625
0.245773315429688 0.237167358398438 -0.20025634765625 -0.299713134765625
0.319915771484375 0.154937744140625 -0.294464111328125 -0.116943359375
0.333343505859375 0.188720703125 -0.24090576171875 -0.0251922607421875
0.370208740234375 0.16943359375 -0.152359008789062 0.00366210937499999
0.279678344726563 0.239959716796875 -0.1348876953125 0.00894927978515627
0.22930908203125 0.34893798828125 -0.136054992675781 0.0595626831054688
0.164764404296875 0.455535888671875 -0.139602661132813 0.0537185668945313
-0.1915283203125 0.60675048828125 -0.190399169921875 -0.013275146484375
-0.4310302734375 0.523223876953125 -0.097503662109375 -0.0184783935546875
-0.63385009765625 0.3228759765625 -0.250595092773438 0.100860595703125
-0.538177490234375 0.13641357421875 -0.074615478515625 0.182357788085938
-0.419525146484375 0.31561279296875 -0.051910400390625 0.326385498046875
-0.10113525390625 0.463409423828125 0.221893310546875 0.148208618164063
0.143646240234375 0.270660400390625 0.193923950195313 -0.186904907226562
0.128707885742188 0.159530639648438 -0.055816650390625 -0.315032958984375
0.148086547851563 0.11962890625 -0.2830810546875 -0.29541015625
0.20001220703125 0.0980377197265625 -0.398590087890625 -0.12554931640625
0.226165771484375 0.135772705078125 -0.3482666015625 -0.054931640625
0.252166748046875 0.143447875976563 -0.282623291015625 -0.0396728515624999
0.183334350585938 0.183792114257813 -0.24139404296875 -0.0505218505859375
0.162384033203125 0.257644653320313 -0.21234130859375 0.01434326171875
0.1436767578125 0.37237548828125 -0.215667724609375 0.013397216796875
-0.177703857421875 0.55010986328125 -0.231231689453125 -0.0497589111328124
-0.43505859375 0.456939697265625 -0.138511657714844 0.0549774169921875
-0.5999755859375 0.2298583984375 -0.424163818359375 0.20599365234375
-0.379638671875 0.0701599121093751 -0.172637939453125 0.230743408203125
-0.2655029296875 0.24957275390625 -0.050323486328125 0.3363037109375
0.0242919921875 0.301300048828125 0.182373046875 0.08172607421875
0.160751342773438 0.0960845947265625 0.0958709716796875 -0.175338745117188
0.0760269165039063 -0.0016937255859375 -0.096160888671875 -0.269134521484375
0.0314178466796875 0.0185642242431641 -0.312591552734375 -0.25830078125
0.0571327209472656 0.0413246154785156 -0.444183349609375 -0.121337890625
0.0861968994140625 0.0599288940429687 -0.406402587890625 -0.07586669921875
0.0943527221679688 0.078948974609375 -0.361968994140625 -0.0771484375
0.0670013427734375 0.0706710815429687 -0.300445556640625 -0.096832275390625
0.0970382690429687 0.101463317871094 -0.256500244140625 -0.0230560302734375
0.130569458007813 0.2156982421875 -0.27960205078125 -0.0326080322265624
-0.11712646484375 0.406463623046875 -0.259765625 -0.106658935546875
-0.36163330078125 0.304443359375 -0.170684814453125 0.0919342041015625
-0.4603271484375 0.0878601074218749 -0.56964111328125 0.26519775390625
0.207672119140625 0.0384521484375 0.60040283203125 -0.39208984375
0.153289794921875 -0.17657470703125 0.168121337890625 -0.132415771484375
-0.05828857421875 -0.1968994140625 0.24932861328125 0.128082275390625
-0.168319702148438 -0.0447235107421875 0.350494384765625 0.0394287109375
-0.083953857421875 0.103721618652344 0.2467041015625 0.0267333984375
0.054443359375 0.073272705078125 0.287841796875 0.087646484375
0.0969161987304688 0.0108184814453125 0.383209228515625 0.07794189453125
0.0694923400878906 0.0181961059570313 0.394805908203125 0.076324462890625
0.0870361328125 0.00176239013671875 0.421234130859375 0.11639404296875
0.0839080810546875 0.0701675415039063 0.31494140625 0.1920166015625
-0.00520324707031249 0.111709594726563 0.133468627929688 0.170181274414063
-0.119056701660156 0.0500564575195312 -0.00905609130859375 0.128990173339844
-0.07568359375 -0.115982055664063 -0.108367919921875 -0.031951904296875
0.108512878417969 -0.130279541015625 -0.00476074218750003 -0.315338134765625
0.203887939453125 0.023468017578125 0.203948974609375 -0.270278930664063
-0.0609893798828125 0.183334350585938 0.62103271484375 -0.35589599609375
-0.0558395385742188 0.0266227722167969 0.1513671875 -0.107070922851563
-0.169418334960938 0.0637664794921875 0.258560180664063 0.20123291015625
-0.179443359375 0.162384033203125 0.4041748046875 0.0423583984375
-0.053192138671875 0.297271728515625 0.246826171875 -0.0186767578125
0.166305541992188 0.219482421875 0.25 0.0344696044921875
0.250015258789063 0.091094970703125 0.3187255859375 0.06201171875
0.216278076171875 0.08843994140625 0.326263427734375 0.076904296875
0.227279663085938 0.0409088134765625 0.36834716796875 0.103057861328125
0.176528930664063 0.114852905273438 0.27587890625 0.156600952148438
0.082000732421875 0.183380126953125 0.118545532226563 0.135536193847656
-0.0498046875 0.164016723632812 0.0176773071289063 0.104438781738281
-0.133834838867188 0.057373046875 -0.0855255126953125 -0.0114974975585937
-0.0354118347167969 0.0141258239746094 -0.01318359375 -0.289276123046875
-0.0121078491210937 0.123191833496094 0.200241088867188 -0.260238647460938
-0.321807861328125 0.27740478515625 0.559326171875 -0.267547607421875
-0.280563354492188 0.20703125 0.109970092773438 -0.0386199951171875
-0.273468017578125 0.3299560546875 0.26580810546875 0.254669189453125
-0.158111572265625 0.363311767578125 0.443939208984375 0.011016845703125
-0.00259399414062504 0.4505615234375 0.229278564453125 -0.103378295898438
0.256195068359375 0.32879638671875 0.1685791015625 -0.0604705810546875
0.36346435546875 0.155181884765625 0.192642211914063 0.02056884765625
0.332122802734375 0.14666748046875 0.210113525390625 0.0660247802734375
0.343902587890625 0.07745361328125 0.279190063476563 0.087188720703125
0.259735107421875 0.154434204101562 0.212265014648438 0.1270751953125
0.1710205078125 0.2474365234375 0.0897674560546875 0.118675231933594
0.0380859375 0.270599365234375 0.01763916015625 0.091339111328125
-0.156723022460937 0.245086669921875 -0.0904922485351563 -0.000984191894531229
-0.162017822265625 0.188934326171875 -0.02783203125 -0.253768920898438
-0.226043701171875 0.2310791015625 0.149703979492188 -0.216796875
-0.52252197265625 0.311676025390625 0.42333984375 -0.1439208984375
-0.457489013671875 0.333343505859375 0.0564956665039062 0.065673828125
-0.324249267578125 0.542205810546875 0.27618408203125 0.275848388671875
-0.0885925292968751 0.506622314453125 0.446441650390625 -0.052978515625
0.0693359375 0.51898193359375 0.17901611328125 -0.206893920898437
0.313720703125 0.366607666015625 0.0472869873046875 -0.16925048828125
0.420989990234375 0.185150146484375 0.0273361206054688 -0.0305614471435547
0.399932861328125 0.184478759765625 0.0618247985839844 0.04638671875
0.420318603515625 0.112823486328125 0.15380859375 0.0693359375
0.321868896484375 0.196868896484375 0.119331359863281 0.0992507934570312
0.2451171875 0.30987548828125 0.0374526977539063 0.111251831054688
0.12713623046875 0.372039794921875 -0.0105972290039062 0.0869598388671875
-0.159881591796875 0.43267822265625 -0.1165771484375 0.00511169433593753
-0.26873779296875 0.36932373046875 -0.046478271484375 -0.196914672851563
-0.418609619140625 0.32843017578125 0.053924560546875 -0.132797241210938
-0.62847900390625 0.2926025390625 0.249649047851563 -0.0140380859375
-0.5401611328125 0.39208984375 0.00669860839843747 0.182510375976563
-0.29595947265625 0.63653564453125 0.280517578125 0.259552001953125
0.01220703125 0.532867431640625 0.395965576171875 -0.127655029296875
0.139495849609375 0.47430419921875 0.0947265625 -0.293365478515625
0.318817138671875 0.324859619140625 -0.0955963134765625 -0.254623413085937
0.407012939453125 0.177001953125 -0.149871826171875 -0.0738983154296875
0.406280517578125 0.194854736328125 -0.0969085693359375 0.0201492309570313
0.436279296875 0.14141845703125 0.0025901794433594 0.0446853637695313
0.339599609375 0.229400634765625 -0.00335311889648436 0.0652656555175782
0.277923583984375 0.350616455078125 -0.0412826538085937 0.0980224609375
0.183837890625 0.444244384765625 -0.0645980834960937 0.0807647705078125
-0.15911865234375 0.5762939453125 -0.154373168945313 0.00810241699218756
-0.352691650390625 0.505615234375 -0.0712356567382813 -0.11236572265625
-0.558868408203125 0.381927490234375 -0.0823211669921875 -0.0151901245117187
-0.632080078125 0.2369384765625 0.0755233764648437 0.100151062011719
-0.515838623046875 0.388641357421875 -0.0260772705078125 0.27813720703125
-0.20037841796875 0.6014404296875 0.268234252929688 0.209060668945313
0.104827880859375 0.433807373046875 0.30072021484375 -0.1820068359375
0.1644287109375 0.332855224609375 0.00119018554687498 -0.330047607421875
0.259628295898438 0.227294921875 -0.22314453125 -0.29193115234375
0.330718994140625 0.14056396484375 -0.304473876953125 -0.0981445312499999
0.347808837890625 0.1746826171875 -0.24285888671875 -0.00897216796875002
0.382598876953125 0.152557373046875 -0.154739379882812 0.0128936767578125
0.2935791015625 0.230560302734375 -0.136344909667969 0.0184249877929688
0.2479248046875 0.340118408203125 -0.134025573730469 0.06915283203125
0.18963623046875 0.45013427734375 -0.139457702636719 0.0613021850585938
-0.162109375 0.6263427734375 -0.19781494140625 -0.00267028808593744
-0.41046142578125 0.5517578125 -0.102188110351563 -0.0180816650390625
-0.6279296875 0.36248779296875 -0.246353149414063 0.11517333984375
-0.54241943359375 0.1697998046875 -0.0692138671875 0.1856689453125
-0.407684326171875 0.342498779296875 -0.036834716796875 0.331573486328125
-0.0728759765625 0.4732666015625 0.236831665039063 0.139495849609375
0.159011840820313 0.262252807617188 0.189117431640625 -0.19842529296875
0.137725830078125 0.152679443359375 -0.07305908203125 -0.313629150390625
0.153839111328125 0.11444091796875 -0.305877685546875 -0.282012939453125
0.204544067382813 0.0889739990234375 -0.409942626953125 -0.102203369140625
0.235397338867188 0.12664794921875 -0.354034423828125 -0.034027099609375
0.261978149414063 0.1336669921875 -0.28955078125 -0.0234375
0.19207763671875 0.17962646484375 -0.247604370117188 -0.0369720458984375
0.175018310546875 0.252487182617188 -0.213653564453125 0.026519775390625
0.165313720703125 0.365631103515625 -0.218307495117188 0.0254058837890625
-0.14959716796875 0.56683349609375 -0.24078369140625 -0.036590576171875
-0.41851806640625 0.487274169921875 -0.137382507324219 0.0586547851562501
-0.5992431640625 0.26495361328125 -0.414642333984375 0.229736328125
-0.384613037109375 0.092620849609375 -0.16558837890625 0.241104125976563
-0.254470825195312 0.268875122070313 -0.033843994140625 0.3421630859375
0.045440673828125 0.30126953125 0.190582275390625 0.072906494140625
0.16668701171875 0.0843353271484375 0.0895843505859375 -0.180679321289062
0.0751495361328125 -0.006500244140625 -0.110748291015625 -0.265243530273438
0.0309734344482422 0.0190925598144531 -0.333526611328125 -0.243743896484375
0.0571479797363281 0.0400581359863281 -0.4559326171875 -0.0950622558593749
0.0884780883789063 0.0582275390625 -0.41412353515625 -0.05242919921875
0.0999603271484375 0.0775604248046875 -0.3720703125 -0.0550537109374999
0.06829833984375 0.0709686279296875 -0.311187744140625 -0.08184814453125
0.100860595703125 0.097015380859375 -0.259048461914063 -0.00947570800781245
0.143585205078125 0.209335327148438 -0.28546142578125 -0.017333984375
-0.09405517578125 0.419189453125 -0.27215576171875 -0.093017578125
-0.35211181640625 0.3302001953125 -0.165969848632813 0.098297119140625
-0.465545654296875 0.1151123046875 -0.558319091796875 0.300201416015625
0.208480834960938 0.020477294921875 0.56524658203125 -0.417724609375
0.137481689453125 -0.184600830078125 0.156204223632813 -0.134796142578125
-0.073211669921875 -0.188796997070312 0.251663208007813 0.112777709960938
-0.171127319335938 -0.0297088623046875 0.344207763671875 0.0177001953125
-0.0722885131835938 0.109474182128906 0.2410888671875 0.011810302734375
0.0594940185546875 0.0657577514648438 0.2874755859375 0.070281982421875
0.0959548950195313 0.0007476806640625 0.38525390625 0.056915283203125
0.0706024169921875 0.0114974975585938 0.393157958984375 0.051666259765625
0.08502197265625 -0.0067291259765625 0.42169189453125 0.086395263671875
0.0885543823242188 0.0626220703125 0.322235107421875 0.170623779296875
0.004150390625 0.112167358398438 0.137847900390625 0.160537719726563
-0.114692687988281 0.059234619140625 -0.002777099609375 0.127700805664063
-0.0828018188476563 -0.109115600585938 -0.10968017578125 -0.02642822265625
0.0990829467773438 -0.136306762695313 -0.02764892578125 -0.310821533203125
0.20550537109375 0.008697509765625 0.185073852539062 -0.279525756835937
-0.0489654541015625 0.1796875 0.5872802734375 -0.38848876953125
-0.0583534240722656 0.0265655517578125 0.139083862304688 -0.111351013183594
-0.166519165039063 0.0743408203125 0.267501831054688 0.186111450195313
-0.170578002929688 0.174758911132813 0.399444580078125 0.01727294921875
-0.0318603515625 0.299041748046875 0.239410400390625 -0.0319366455078125
0.177017211914063 0.203659057617188 0.24542236328125 0.0202789306640625
0.250564575195313 0.0721588134765625 0.319366455078125 0.04388427734375
0.218338012695313 0.072418212890625 0.3277587890625 0.0565185546875
0.224472045898438 0.0245361328125 0.37017822265625 0.07904052734375
0.181060791015625 0.102188110351562 0.2816162109375 0.13909912109375
0.09228515625 0.176803588867187 0.122314453125 0.128570556640625
-0.041595458984375 0.166427612304687 0.021759033203125 0.101554870605469
-0.130279541015625 0.0638351440429688 -0.0866851806640625 -0.00687408447265624
-0.0349807739257813 0.0124359130859375 -0.035430908203125 -0.285614013671875
-0.002471923828125 0.119606018066406 0.180862426757813 -0.268585205078125
-0.300445556640625 0.289520263671875 0.53070068359375 -0.296539306640625
-0.26947021484375 0.21728515625 0.101028442382813 -0.0430679321289062
-0.251495361328125 0.34210205078125 0.280853271484375 0.238632202148438
-0.138641357421875 0.370208740234375 0.436859130859375 -0.015869140625
0.02716064453125 0.445770263671875 0.2169189453125 -0.114273071289062
0.27178955078125 0.3065185546875 0.157913208007813 -0.0684051513671875
0.36688232421875 0.12896728515625 0.192413330078125 0.010467529296875
0.3359375 0.12384033203125 0.2127685546875 0.0541534423828125
0.33990478515625 0.053619384765625 0.279037475585938 0.068603515625
0.263870239257813 0.138290405273438 0.217239379882813 0.113555908203125
0.181015014648438 0.23388671875 0.0936355590820313 0.113792419433594
0.0513458251953125 0.264373779296875 0.0206527709960938 0.0889434814453125
-0.14208984375 0.249649047851562 -0.0916290283203125 0.00545501708984377
-0.148757934570313 0.191696166992188 -0.048095703125 -0.249649047851563
-0.208099365234375 0.238845825195313 0.134246826171875 -0.222259521484375
-0.49847412109375 0.335205078125 0.405487060546875 -0.168975830078125
-0.436279296875 0.35272216796875 0.0535202026367187 0.0606956481933594
-0.287109375 0.554107666015625 0.294952392578125 0.260009765625
-0.06134033203125 0.504974365234375 0.436492919921875 -0.07952880859375
0.102630615234375 0.507598876953125 0.162460327148438 -0.212860107421875
0.329620361328125 0.342315673828125 0.03082275390625 -0.1680908203125
0.4222412109375 0.158111572265625 0.0253086090087891 -0.0296592712402344
0.405181884765625 0.158172607421875 0.0661354064941407 0.0433273315429688
0.4183349609375 0.084442138671875 0.15576171875 0.0594482421875
0.32659912109375 0.176116943359375 0.124031066894531 0.0921859741210938
0.256866455078125 0.29107666015625 0.0428085327148438 0.108779907226563
0.142822265625 0.358184814453125 -0.0065765380859375 0.0860366821289063
-0.1341552734375 0.434234619140625 -0.117767333984375 0.0133438110351563
-0.242279052734375 0.375518798828125 -0.0628662109375 -0.192657470703125
-0.392547607421875 0.34716796875 0.0458755493164062 -0.134506225585938
-0.6046142578125 0.32415771484375 0.24114990234375 -0.031402587890625
-0.5140380859375 0.4146728515625 0.0108795166015625 0.177749633789063
-0.25213623046875 0.6439208984375 0.297271728515625 0.2415771484375
0.041046142578125 0.52294921875 0.384002685546875 -0.1497802734375
0.16748046875 0.458404541015625 0.075103759765625 -0.2930908203125
0.330413818359375 0.301055908203125 -0.114105224609375 -0.243453979492188
0.408111572265625 0.151092529296875 -0.151626586914062 -0.061309814453125
0.4119873046875 0.168304443359375 -0.0912551879882812 0.0267868041992188
0.436370849609375 0.1116943359375 0.00543975830078128 0.0452003479003906
0.3447265625 0.207275390625 0.00104522705078127 0.0660934448242188
0.291290283203125 0.33074951171875 -0.0351791381835937 0.100547790527344
0.204986572265625 0.424713134765625 -0.0602188110351562 0.08294677734375
-0.12353515625 0.57574462890625 -0.155349731445313 0.0194244384765625
-0.318878173828125 0.516021728515625 -0.0809478759765625 -0.109634399414062
-0.531494140625 0.40887451171875 -0.0803985595703125 -0.0109176635742187
-0.611572265625 0.2703857421875 0.0758743286132812 0.0915374755859375
-0.487823486328125 0.410888671875 -0.014007568359375 0.2742919921875
-0.15850830078125 0.6033935546875 0.28179931640625 0.192047119140625
0.1263427734375 0.41864013671875 0.287841796875 -0.1962890625
0.182647705078125 0.316436767578125 -0.0181884765625 -0.3232421875
0.26580810546875 0.209701538085937 -0.240768432617188 -0.272476196289062
0.328582763671875 0.12091064453125 -0.30474853515625 -0.075408935546875
0.3515625 0.151824951171875 -0.236770629882812 0.00711059570312502
0.384063720703125 0.12860107421875 -0.151443481445312 0.0236358642578125
0.300262451171875 0.213775634765625 -0.133193969726562 0.0274276733398437
0.261474609375 0.3223876953125 -0.127120971679687 0.0771865844726563
0.212890625 0.429351806640625 -0.134185791015625 0.0683059692382813
-0.12335205078125 0.626708984375 -0.198516845703125 0.0113983154296875
-0.37158203125 0.56494140625 -0.104331970214844 -0.0155563354492187
-0.598876953125 0.39215087890625 -0.233001708984375 0.127227783203125
-0.52734375 0.199615478515625 -0.0613555908203125 0.184799194335938
-0.3834228515625 0.361968994140625 -0.021240234375 0.326751708984375
-0.0400390625 0.467620849609375 0.244857788085937 0.124862670898438
0.170120239257812 0.244186401367188 0.176788330078125 -0.20556640625
0.14288330078125 0.141128540039063 -0.0889282226562499 -0.302490234375
0.154830932617187 0.104888916015625 -0.320159912109375 -0.257415771484375
0.203125 0.07830810546875 -0.40960693359375 -0.0739746093749999
0.239044189453125 0.1123046875 -0.347564697265625 -0.0113525390625
0.26513671875 0.118362426757813 -0.2860107421875 -0.00390624999999999
0.197860717773438 0.169342041015625 -0.246902465820312 -0.0211334228515625
0.183578491210938 0.239395141601563 -0.20770263671875 0.039337158203125
0.1827392578125 0.349456787109375 -0.213592529296875 0.0377349853515625
-0.11279296875 0.56829833984375 -0.2421875 -0.0202178955078125
-0.383758544921875 0.50531005859375 -0.131851196289063 0.0616378784179688
-0.57958984375 0.29742431640625 -0.391448974609375 0.2510986328125
-0.376068115234375 0.115875244140625 -0.15240478515625 0.244781494140625
-0.234283447265625 0.280364990234375 -0.015350341796875 0.338043212890625
0.066131591796875 0.29046630859375 0.194732666015625 0.0606231689453125
0.16741943359375 0.069000244140625 0.0808563232421875 -0.182601928710938
0.0713119506835938 -0.01165771484375 -0.122634887695312 -0.25360107421875
0.0298919677734375 0.0189151763916016 -0.34442138671875 -0.2196044921875
0.0558738708496094 0.0377235412597656 -0.4559326171875 -0.0656433105468751
0.0896453857421875 0.0543060302734375 -0.408172607421875 -0.0260314941406249
0.101959228515625 0.0733642578125 -0.370697021484375 -0.030059814453125
0.0688514709472656 0.069183349609375 -0.311798095703125 -0.062347412109375
0.101516723632813 0.0899200439453125 -0.254806518554688 0.00537109374999995
0.152801513671875 0.194427490234375 -0.2818603515625 0.000488281250000013
-0.066497802734375 0.41888427734375 -0.276153564453125 -0.0741729736328124
-0.328521728515625 0.348663330078125 -0.156692504882813 0.102676391601563
-0.45501708984375 0.140106201171875 -0.52789306640625 0.327301025390625
0.203994750976563 0.007781982421875 0.530731201171875 -0.42388916015625
0.122283935546875 -0.185165405273438 0.1456298828125 -0.13134765625
-0.0811767578125 -0.1781005859375 0.2469482421875 0.10321044921875
-0.16900634765625 -0.016204833984375 0.332275390625 0.003570556640625
-0.0625762939453125 0.111152648925781 0.230743408203125 0.00376892089843751
0.06182861328125 0.0578422546386719 0.280166625976563 0.0594329833984375
0.0927734375 -0.00628662109375 0.37744140625 0.038330078125
0.0691413879394531 0.00588226318359375 0.3828125 0.035675048828125
0.0811386108398438 -0.0129547119140625 0.411102294921875 0.064910888671875
0.0903244018554688 0.0552825927734375 0.319488525390625 0.15228271484375
0.0117034912109375 0.110191345214844 0.137161254882813 0.15234375
-0.109703063964844 0.06549072265625 0.000862121582031252 0.124076843261719
-0.0854873657226563 -0.102806091308594 -0.10906982421875 -0.0224227905273438
0.090087890625 -0.137580871582031 -0.043212890625 -0.302154541015625
0.202972412109375 -0.0022735595703125 0.168548583984375 -0.277572631835938
-0.041259765625 0.172103881835938 0.551849365234375 -0.39569091796875
-0.0598716735839844 0.0264816284179687 0.128173828125 -0.109382629394531
-0.160873413085938 0.08013916015625 0.267684936523438 0.17218017578125
-0.161788940429688 0.181060791015625 0.385833740234375 0.00173950195312501
-0.015899658203125 0.29302978515625 0.227920532226562 -0.039031982421875
0.180267333984375 0.188461303710938 0.2357177734375 0.0126495361328125
0.2449951171875 0.058197021484375 0.312408447265625 0.030731201171875
0.21484375 0.0602874755859375 0.31982421875 0.043548583984375
0.215789794921875 0.01318359375 0.360382080078125 0.060272216796875
0.18023681640625 0.09136962890625 0.278533935546875 0.123870849609375
0.0974884033203125 0.169448852539063 0.120361328125 0.121116638183594
-0.036041259765625 0.164627075195313 0.022979736328125 0.0971450805664063
-0.125587463378906 0.066650390625 -0.0870361328125 -0.00286865234374999
-0.0343513488769531 0.00999641418457031 -0.0507965087890625 -0.275955200195313
0.004302978515625 0.112556457519531 0.165023803710938 -0.26715087890625
-0.28204345703125 0.28875732421875 0.498870849609375 -0.30743408203125
-0.258071899414063 0.220199584960938 0.09173583984375 -0.0440139770507812
-0.231414794921875 0.342193603515625 0.285369873046875 0.222076416015625
-0.122650146484375 0.366851806640625 0.422515869140625 -0.0325927734375
0.0457763671875 0.433563232421875 0.203323364257813 -0.117263793945312
0.2747802734375 0.285858154296875 0.146133422851563 -0.070068359375
0.357452392578125 0.1104736328125 0.187896728515625 0.00341796875000001
0.330078125 0.105804443359375 0.209564208984375 0.045440673828125
0.329010009765625 0.037384033203125 0.273696899414063 0.0556640625
0.26007080078125 0.1246337890625 0.215560913085938 0.103240966796875
0.184295654296875 0.22113037109375 0.0931930541992188 0.108551025390625
0.0564422607421875 0.254913330078125 0.021881103515625 0.0852737426757813
-0.130218505859375 0.247421264648438 -0.0914840698242188 0.00982666015625003
-0.138473510742187 0.186447143554688 -0.061126708984375 -0.24090576171875
-0.191940307617187 0.23638916015625 0.12091064453125 -0.220046997070313
-0.471893310546875 0.341552734375 0.3826904296875 -0.1798095703125
-0.4140625 0.3572998046875 0.0479660034179687 0.0576553344726563
-0.256500244140625 0.54681396484375 0.299652099609375 0.24163818359375
-0.042633056640625 0.493316650390625 0.4207763671875 -0.093109130859375
0.120361328125 0.490264892578125 0.147842407226563 -0.211456298828125
0.3304443359375 0.319091796875 0.0184173583984375 -0.16180419921875
0.4127197265625 0.13720703125 0.024099349975586 -0.0280666351318359
0.399505615234375 0.1375732421875 0.0679244995117188 0.0406761169433594
0.404266357421875 0.06671142578125 0.1534423828125 0.0518798828125
0.321380615234375 0.16064453125 0.124412536621094 0.086212158203125
0.258148193359375 0.273422241210938 0.0447311401367188 0.105781555175781
0.14947509765625 0.341156005859375 -0.00464630126953124 0.083740234375
-0.114898681640625 0.42535400390625 -0.116432189941406 0.0205535888671875
-0.22222900390625 0.36907958984375 -0.0733642578125 -0.185897827148437
-0.368011474609375 0.350372314453125 0.0396957397460937 -0.132072448730469
-0.57672119140625 0.33392333984375 0.228256225585937 -0.041473388671875
-0.4871826171875 0.421661376953125 0.0109405517578125 0.172348022460938
-0.217041015625 0.63311767578125 0.3033447265625 0.224456787109375
0.056976318359375 0.5037841796875 0.367523193359375 -0.16046142578125
0.180023193359375 0.43817138671875 0.061920166015625 -0.285888671875
0.328399658203125 0.28082275390625 -0.124740600585937 -0.229354858398438
0.39752197265625 0.1328125 -0.148681640625 -0.05120849609375
0.405975341796875 0.147491455078125 -0.0854644775390625 0.030487060546875
0.424285888671875 0.09307861328125 0.00720596313476565 0.044586181640625
0.341064453125 0.19036865234375 0.00388336181640627 0.0654830932617188
0.29168701171875 0.309356689453125 -0.0300674438476562 0.100341796875
0.211151123046875 0.402099609375 -0.056304931640625 0.082672119140625
-0.0989990234375 0.5634765625 -0.152557373046875 0.0280609130859376
-0.291046142578125 0.509063720703125 -0.086517333984375 -0.104850769042969
-0.500885009765625 0.41595458984375 -0.0764007568359375 -0.00809478759765624
-0.58526611328125 0.285400390625 0.0732192993164062 0.0838699340820313
-0.460784912109375 0.415252685546875 -0.00921630859375003 0.26605224609375
-0.12872314453125 0.58697509765625 0.284881591796875 0.176544189453125
0.136993408203125 0.396240234375 0.273696899414063 -0.201797485351562
0.18756103515625 0.298187255859375 -0.028564453125 -0.311248779296875
0.262176513671875 0.1939697265625 -0.247772216796875 -0.252655029296875
0.319580078125 0.10601806640625 -0.2978515625 -0.0584716796875
0.347381591796875 0.13580322265625 -0.22686767578125 0.016571044921875
0.375946044921875 0.110198974609375 -0.145126342773437 0.0303497314453125
0.296630859375 0.199127197265625 -0.127952575683594 0.0330276489257813
0.262359619140625 0.303192138671875 -0.119377136230469 0.0803298950195313
0.219268798828125 0.407196044921875 -0.128028869628906 0.0716552734375
-0.0965576171875 0.61309814453125 -0.19464111328125 0.0220947265625
-0.34027099609375 0.56109619140625 -0.103553771972656 -0.0134124755859374
-0.57049560546875 0.404296875 -0.217697143554688 0.131317138671875
-0.50665283203125 0.214752197265625 -0.056427001953125 0.178726196289063
-0.360260009765625 0.3643798828125 -0.014129638671875 0.317535400390625
-0.017822265625 0.451019287109375 0.245376586914063 0.111770629882813
0.1732177734375 0.2257080078125 0.16607666015625 -0.206436157226563
0.142074584960938 0.129669189453125 -0.095794677734375 -0.289215087890625
0.151138305664063 0.0974578857421875 -0.32269287109375 -0.235504150390625
0.196273803710938 0.0700531005859375 -0.3978271484375 -0.052825927734375
0.235260009765625 0.102447509765625 -0.335052490234375 0.00296020507812507
0.26092529296875 0.106582641601563 -0.276611328125 0.00865173339843745
0.195770263671875 0.160446166992188 -0.239959716796875 -0.0101776123046875
0.1844482421875 0.226776123046875 -0.198760986328125 0.0461273193359375
0.187957763671875 0.328704833984375 -0.205642700195313 0.0453643798828125
-0.0859069824218749 0.556488037109375 -0.237213134765625 -0.00715637207031248
-0.35479736328125 0.506195068359375 -0.12615966796875 0.0612869262695313
-0.55413818359375 0.311279296875 -0.365875244140625 0.255828857421875
-0.362335205078125 0.129241943359375 -0.142364501953125 0.2415771484375
-0.21636962890625 0.28082275390625 -0.00570678710937502 0.328094482421875
0.07855224609375 0.274581909179687 0.192138671875 0.0506744384765625
0.163360595703125 0.0562896728515625 0.0742950439453125 -0.17950439453125
0.0664596557617188 -0.0151214599609375 -0.126083374023437 -0.239959716796875
0.0274162292480469 0.0194511413574219 -0.34326171875 -0.198211669921875
0.0533294677734375 0.036590576171875 -0.440643310546875 -0.0438232421875
0.0884323120117188 0.0513839721679688 -0.39495849609375 -0.00881958007812502
0.102142333984375 0.0701751708984375 -0.3597412109375 -0.013031005859375
0.0672950744628906 0.0673370361328125 -0.304962158203125 -0.048187255859375
0.098388671875 0.0840301513671875 -0.245101928710938 0.01361083984375
0.154876708984375 0.18035888671875 -0.273422241210938 0.0125732421875
-0.045654296875 0.410064697265625 -0.271270751953125 -0.0583648681640625
-0.3070068359375 0.353179931640625 -0.146408081054688 0.101211547851563
-0.439697265625 0.15435791015625 -0.49530029296875 0.336700439453125
0.198883056640625 0.0017242431640625 0.509307861328125 -0.418212890625
0.113739013671875 -0.182861328125 0.141220092773438 -0.126052856445313
-0.083770751953125 -0.16973876953125 0.241806030273437 0.09967041015625
-0.165802001953125 -0.00767517089843748 0.321319580078125 -0.0013427734375
-0.0550308227539062 0.110122680664063 0.222442626953125 0.00271606445312501
0.0612411499023437 0.0516357421875 0.27227783203125 0.05621337890625
0.0891189575195312 -0.0114364624023437 0.368865966796875 0.031951904296875
0.0667572021484375 0.00271987915039063 0.3721923828125 0.028900146484375
0.0766754150390625 -0.0161056518554688 0.401123046875 0.056243896484375
0.09173583984375 0.05010986328125 0.314117431640625 0.143768310546875
0.0167922973632812 0.107917785644531 0.132583618164063 0.147994995117188
-0.10577392578125 0.0692672729492188 0.000595092773437491 0.121688842773438
-0.0866165161132812 -0.0981826782226563 -0.108200073242187 -0.0209884643554687
0.0849151611328125 -0.138145446777344 -0.050750732421875 -0.2938232421875
0.200485229492188 -0.0088653564453125 0.159500122070313 -0.27252197265625
-0.038299560546875 0.165664672851562 0.530029296875 -0.39288330078125
-0.0626258850097656 0.0255775451660156 0.1217041015625 -0.10601806640625
-0.157440185546875 0.0821990966796875 0.265853881835938 0.165939331054688
-0.15643310546875 0.183853149414063 0.375213623046875 -0.00402832031249999
-0.00711059570312503 0.287445068359375 0.218414306640625 -0.039093017578125
0.177505493164063 0.177459716796875 0.226608276367188 0.0119781494140625
0.238494873046875 0.050079345703125 0.3052978515625 0.0250244140625
0.20965576171875 0.053497314453125 0.312744140625 0.038238525390625
0.208160400390625 0.0080413818359375 0.3529052734375 0.05224609375
0.178512573242188 0.0860137939453125 0.273773193359375 0.116806030273438
0.0992584228515625 0.164154052734375 0.116127014160156 0.119003295898438
-0.033294677734375 0.163848876953125 0.02191162109375 0.0942153930664063
-0.123344421386719 0.0672073364257813 -0.0859222412109375 -0.00106048583984375
-0.0347480773925781 0.00586700439453125 -0.0583953857421875 -0.267379760742187
0.00727844238281249 0.106010437011719 0.155868530273437 -0.262619018554688
-0.271270751953125 0.281951904296875 0.479339599609375 -0.3060302734375
-0.253143310546875 0.216110229492187 0.0845870971679688 -0.0424575805664062
-0.220703125 0.337554931640625 0.284942626953125 0.2138671875
-0.11724853515625 0.362884521484375 0.41021728515625 -0.038360595703125
0.053863525390625 0.422454833984375 0.194717407226563 -0.115509033203125
0.270294189453125 0.27294921875 0.136978149414063 -0.0667190551757812
0.34820556640625 0.100830078125 0.182952880859375 0.00189208984375001
0.3238525390625 0.09722900390625 0.2060546875 0.0415191650390625
0.317657470703125 0.0308837890625 0.267990112304688 0.049713134765625
0.254669189453125 0.117996215820313 0.211959838867188 0.097412109375
0.18255615234375 0.212738037109375 0.0899124145507813 0.106315612792969
0.0557861328125 0.24853515625 0.0211257934570313 0.082733154296875
-0.124801635742188 0.243484497070313 -0.09014892578125 0.0134811401367188
-0.133575439453125 0.179000854492188 -0.0691070556640625 -0.2332763671875
-0.183258056640625 0.230926513671875 0.114837646484375 -0.215621948242188
-0.458160400390625 0.337371826171875 0.36590576171875 -0.18133544921875
-0.4034423828125 0.352874755859375 0.0419998168945312 0.0571174621582031
-0.240234375 0.536712646484375 0.30078125 0.232177734375
-0.035797119140625 0.4815673828125 0.4095458984375 -0.09857177734375
0.1273193359375 0.476348876953125 0.140167236328125 -0.206314086914062
0.325103759765625 0.30517578125 0.0116119384765625 -0.15460205078125
0.401885986328125 0.1278076171875 0.022939682006836 -0.025604248046875
0.391693115234375 0.1275634765625 0.0685195922851563 0.0395050048828125
0.392486572265625 0.057159423828125 0.151123046875 0.048614501953125
0.314788818359375 0.153106689453125 0.12347412109375 0.082855224609375
0.254837036132813 0.262100219726563 0.0445556640625 0.104278564453125
0.14788818359375 0.329833984375 -0.00446319580078124 0.0821075439453125
-0.106048583984375 0.4171142578125 -0.114410400390625 0.0254592895507813
-0.212493896484375 0.35791015625 -0.078765869140625 -0.179580688476562
-0.353546142578125 0.344696044921875 0.0378341674804687 -0.128974914550781
-0.560211181640625 0.333465576171875 0.217620849609375 -0.0446624755859375
-0.4736328125 0.415557861328125 0.00642395019531249 0.168838500976563
-0.20074462890625 0.61724853515625 0.302947998046875 0.214752197265625
0.06048583984375 0.488494873046875 0.3560791015625 -0.16229248046875
0.18231201171875 0.42388916015625 0.0566864013671875 -0.278045654296875
0.3206787109375 0.26812744140625 -0.128204345703125 -0.217971801757812
0.387420654296875 0.124664306640625 -0.145477294921875 -0.0450592041015625
0.397430419921875 0.137481689453125 -0.0812530517578125 0.0317916870117188
0.413116455078125 0.083770751953125 0.00891876220703128 0.0440483093261719
0.332855224609375 0.18402099609375 0.00567245483398439 0.0645866394042969
0.287261962890625 0.299224853515625 -0.027191162109375 0.100135803222656
0.20806884765625 0.3878173828125 -0.0542068481445312 0.0817413330078125
-0.0880126953125 0.55010986328125 -0.149063110351563 0.0336456298828125
-0.2774658203125 0.49591064453125 -0.0894241333007813 -0.10162353515625
-0.48345947265625 0.412017822265625 -0.0718231201171875 -0.00717926025390623
-0.56915283203125 0.28631591796875 0.0680694580078125 0.0787353515625
-0.447052001953125 0.41259765625 -0.0118103027343751 0.261474609375
-0.11334228515625 0.57135009765625 0.2835693359375 0.167877197265625
0.1370849609375 0.380645751953125 0.264205932617188 -0.200942993164062
0.186065673828125 0.28631591796875 -0.030914306640625 -0.302764892578125
0.254791259765625 0.186508178710938 -0.247711181640625 -0.2392578125
0.309722900390625 0.101318359375 -0.28961181640625 -0.050018310546875
0.340576171875 0.128570556640625 -0.218917846679687 0.0200500488281251
0.36639404296875 0.103546142578125 -0.139419555664062 0.03302001953125
0.29052734375 0.192718505859375 -0.123649597167969 0.0349502563476563
0.257110595703125 0.293121337890625 -0.114776611328125 0.081878662109375
0.21612548828125 0.390228271484375 -0.124290466308594 0.0722579956054688
-0.08349609375 0.5992431640625 -0.1903076171875 0.028289794921875
-0.323944091796875 0.5513916015625 -0.102767944335938 -0.0142593383789062
-0.5517578125 0.40380859375 -0.206466674804688 0.129714965820313
-0.493133544921875 0.218109130859375 -0.0562591552734375 0.173370361328125
-0.347442626953125 0.35992431640625 -0.013824462890625 0.31146240234375
-0.00772094726562501 0.435546875 0.242904663085938 0.105499267578125
0.17034912109375 0.212661743164063 0.16033935546875 -0.203369140625
0.138664245605469 0.122650146484375 -0.0950927734375 -0.279632568359375
0.145751953125 0.0950469970703125 -0.317535400390625 -0.221923828125
0.190078735351563 0.0681304931640625 -0.38751220703125 -0.0429382324218751
0.230636596679688 0.0977783203125 -0.32421875 0.00814819335937498
0.256072998046875 0.101821899414062 -0.267990112304688 0.0146026611328125
0.1910400390625 0.15728759765625 -0.233474731445312 -0.00598144531249994
0.180465698242188 0.220184326171875 -0.1915283203125 0.04827880859375
0.1859130859375 0.31494140625 -0.19970703125 0.048431396484375
-0.0736083984375 0.54364013671875 -0.231735229492188 -0.000106811523437459
-0.337921142578125 0.498443603515625 -0.121978759765625 0.05828857421875
-0.540008544921875 0.3126220703125 -0.3489990234375 0.253997802734375
-0.3541259765625 0.132904052734375 -0.139907836914063 0.236068725585938
-0.207717895507813 0.276962280273438 -0.004852294921875 0.321441650390625
0.0823822021484375 0.261962890625 0.188003540039063 0.0466766357421875
0.157974243164063 0.0478363037109375 0.0712738037109375 -0.176483154296875
0.0619773864746094 -0.0164566040039063 -0.123443603515625 -0.23199462890625
0.024932861328125 0.0207118988037109 -0.337005615234375 -0.186065673828125
0.0501594543457031 0.0373077392578125 -0.429351806640625 -0.032379150390625
0.0862274169921875 0.0506591796875 -0.382354736328125 -0.00338745117187506
0.101127624511719 0.0692367553710938 -0.348419189453125 -0.00683593749999997
0.0642013549804688 0.0680427551269531 -0.298004150390625 -0.04296875
0.0941390991210938 0.0816574096679688 -0.2374267578125 0.017120361328125
0.1524658203125 0.1705322265625 -0.265960693359375 0.01702880859375
-0.03533935546875 0.401397705078125 -0.265457153320312 -0.0504608154296875
-0.293121337890625 0.351348876953125 -0.140609741210938 0.0964202880859376
-0.430999755859375 0.1571044921875 -0.472198486328125 0.332244873046875
0.19775390625 -0.0014801025390625 0.504425048828125 -0.415618896484375
0.10968017578125 -0.18267822265625 0.141189575195313 -0.12298583984375
-0.08563232421875 -0.166580200195313 0.241943359375 0.100479125976563
-0.164581298828125 -0.000717163085937488 0.318695068359375 -0.0010986328125
-0.0513458251953125 0.110031127929688 0.218154907226562 0.00393676757812501
0.060821533203125 0.0470657348632813 0.270431518554688 0.058349609375
0.0878829956054688 -0.0155181884765625 0.36737060546875 0.029022216796875
0.0659217834472656 0.000354766845703125 0.37054443359375 0.02740478515625
0.0746612548828125 -0.0185165405273438 0.3995361328125 0.052886962890625
0.0938568115234375 0.0469436645507813 0.31298828125 0.140228271484375
0.02069091796875 0.107673645019531 0.12872314453125 0.148956298828125
-0.104660034179688 0.0730209350585938 -0.000343322753906257 0.121185302734375
-0.0884933471679688 -0.096832275390625 -0.109642028808594 -0.0208740234375
0.0826568603515625 -0.140716552734375 -0.05621337890625 -0.291412353515625
0.200363159179688 -0.0130767822265625 0.156967163085938 -0.27056884765625
-0.0388946533203125 0.162734985351563 0.523956298828125 -0.391082763671875
-0.0662422180175781 0.0255165100097656 0.119293212890625 -0.102851867675781
-0.15704345703125 0.0831298828125 0.267074584960938 0.16571044921875
-0.1552734375 0.18853759765625 0.372283935546875 -0.00561523437499999
-0.00302124023437503 0.286865234375 0.214080810546875 -0.03753662109375
0.176727294921875 0.174148559570313 0.223648071289063 0.0149993896484375
0.23492431640625 0.0464324951171875 0.3040771484375 0.02410888671875
0.208145141601563 0.0516204833984375 0.3104248046875 0.037261962890625
0.204788208007813 0.0056915283203125 0.35009765625 0.050018310546875
0.179107666015625 0.0833892822265625 0.273483276367188 0.1146240234375
0.101654052734375 0.163238525390625 0.113510131835938 0.119766235351563
-0.03399658203125 0.165786743164063 0.0210494995117188 0.0941009521484375
-0.123870849609375 0.06805419921875 -0.0865554809570313 0.000801086425781272
-0.0364608764648438 0.0020751953125 -0.064056396484375 -0.265090942382813
0.00762939453125001 0.102546691894531 0.152679443359375 -0.26019287109375
-0.271087646484375 0.279754638671875 0.471343994140625 -0.3056640625
-0.256027221679688 0.21600341796875 0.0805130004882812 -0.040252685546875
-0.21875 0.33538818359375 0.287750244140625 0.21173095703125
-0.115478515625 0.364227294921875 0.407623291015625 -0.040191650390625
0.058258056640625 0.419891357421875 0.191558837890625 -0.1143798828125
0.267120361328125 0.268524169921875 0.13360595703125 -0.0633468627929687
0.344818115234375 0.09832763671875 0.181930541992188 0.00227355957031251
0.322235107421875 0.0950927734375 0.20526123046875 0.041473388671875
0.313751220703125 0.028533935546875 0.26776123046875 0.0480804443359375
0.253662109375 0.115982055664062 0.21136474609375 0.0964813232421875
0.182373046875 0.211883544921875 0.0886077880859375 0.107559204101563
0.0543365478515625 0.248641967773438 0.0209121704101562 0.0822219848632813
-0.124130249023438 0.24267578125 -0.0901336669921875 0.0161819458007813
-0.134170532226563 0.173248291015625 -0.0745697021484375 -0.230438232421875
-0.181549072265625 0.227691650390625 0.113632202148438 -0.213729858398437
-0.45556640625 0.33453369140625 0.35992431640625 -0.18212890625
-0.406097412109375 0.352630615234375 0.0359535217285156 0.058319091796875
-0.2369384765625 0.532501220703125 0.3031005859375 0.2296142578125
-0.03680419921875 0.4798583984375 0.40679931640625 -0.10089111328125
0.130126953125 0.472015380859375 0.137985229492188 -0.204910278320312
0.3211669921875 0.301483154296875 0.00767517089843752 -0.149703979492187
0.39727783203125 0.12567138671875 0.0231380462646485 -0.0237998962402344
0.390960693359375 0.12518310546875 0.0695037841796875 0.0399589538574219
0.38751220703125 0.055999755859375 0.1514892578125 0.04791259765625
0.311920166015625 0.15185546875 0.123512268066406 0.08203125
0.2532958984375 0.262008666992188 0.0440673828125 0.105461120605469
0.144256591796875 0.3275146484375 -0.00381469726562499 0.0815887451171875
-0.10394287109375 0.41571044921875 -0.113189697265625 0.0290374755859375
-0.211669921875 0.3514404296875 -0.0833892822265625 -0.177642822265625
-0.3521728515625 0.341796875 0.0387115478515625 -0.128211975097656
-0.557830810546875 0.332305908203125 0.211868286132813 -0.0463714599609375
-0.4732666015625 0.416290283203125 0.000656127929687469 0.170578002929688
-0.19775390625 0.61346435546875 0.306121826171875 0.211669921875
0.060577392578125 0.484466552734375 0.355010986328125 -0.164459228515625
0.182647705078125 0.418853759765625 0.0556793212890625 -0.276046752929688
0.317901611328125 0.266448974609375 -0.131378173828125 -0.212677001953125
0.38336181640625 0.12322998046875 -0.144287109375 -0.041839599609375
0.396697998046875 0.136322021484375 -0.0793609619140625 0.0332260131835938
0.409149169921875 0.084075927734375 0.0101852416992188 0.0443572998046875
0.330047607421875 0.184356689453125 0.00649642944335939 0.0648765563964844
0.284423828125 0.296142578125 -0.0259170532226562 0.100814819335938
0.2059326171875 0.384002685546875 -0.053436279296875 0.0818023681640625
-0.0843811035156251 0.54803466796875 -0.147552490234375 0.037933349609375
-0.274932861328125 0.49151611328125 -0.0920944213867188 -0.101707458496094
-0.482452392578125 0.411224365234375 -0.0690040588378907 -0.00766372680664059
-0.568115234375 0.28680419921875 0.0635833740234375 0.0764312744140625
-0.44793701171875 0.41229248046875 -0.016693115234375 0.262466430664063
-0.10980224609375 0.5653076171875 0.28509521484375 0.16632080078125
0.134979248046875 0.374237060546875 0.264266967773438 -0.201934814453125
0.185211181640625 0.282501220703125 -0.03009033203125 -0.3004150390625
0.249862670898438 0.186019897460938 -0.248825073242188 -0.233078002929687
0.30499267578125 0.10162353515625 -0.28759765625 -0.046142578125
0.34088134765625 0.12677001953125 -0.215713500976563 0.022308349609375
0.3641357421875 0.104095458984375 -0.137657165527344 0.03424072265625
0.287567138671875 0.19384765625 -0.12261962890625 0.0357437133789063
0.2548828125 0.29278564453125 -0.112274169921875 0.0821075439453125
0.21380615234375 0.385955810546875 -0.122802734375 0.0726547241210938
-0.0775146484374999 0.59747314453125 -0.188522338867188 0.0329132080078125
-0.320343017578125 0.54779052734375 -0.104133605957031 -0.0159454345703125
-0.5521240234375 0.404266357421875 -0.2015380859375 0.128341674804688
-0.4906005859375 0.219879150390625 -0.0597686767578125 0.17071533203125
-0.3468017578125 0.36102294921875 -0.017822265625 0.312591552734375
-0.00488281249999995 0.429107666015625 0.243331909179688 0.104660034179688
0.166885375976563 0.206497192382813 0.15960693359375 -0.2032470703125
0.136459350585938 0.119865417480469 -0.0936431884765625 -0.27783203125
0.141769409179688 0.0961761474609375 -0.317047119140625 -0.216705322265625
0.185714721679688 0.0703277587890625 -0.3828125 -0.0382690429687499
0.230194091796875 0.0983428955078125 -0.32037353515625 0.0101318359375
0.255279541015625 0.102996826171875 -0.26495361328125 0.01605224609375
0.189605712890625 0.159469604492187 -0.232711791992188 -0.00473022460937502
0.176864624023437 0.219680786132812 -0.188507080078125 0.0487518310546875
0.183502197265625 0.310821533203125 -0.197784423828125 0.0494384765625
-0.06805419921875 0.541534423828125 -0.230026245117188 0.00421142578125008
-0.3350830078125 0.497344970703125 -0.121330261230469 0.0546493530273438
-0.53973388671875 0.31439208984375 -0.34161376953125 0.250457763671875
-0.3526611328125 0.136077880859375 -0.141860961914063 0.233352661132813
-0.20709228515625 0.277725219726563 -0.00714111328125001 0.321929931640625
0.0843658447265625 0.25628662109375 0.187240600585938 0.0462646484375
0.154830932617188 0.0426177978515625 0.071441650390625 -0.175643920898438
0.0595245361328125 -0.0173225402832031 -0.121124267578125 -0.230484008789063
0.0225601196289063 0.0232009887695313 -0.335174560546875 -0.18316650390625
0.047332763671875 0.0395584106445313 -0.42425537109375 -0.0295410156250001
0.0855560302734375 0.0519180297851563 -0.377899169921875 -0.000823974609375047
0.101272583007813 0.0708847045898438 -0.34515380859375 -0.00451660156250004
0.0619735717773438 0.0708236694335938 -0.29718017578125 -0.04156494140625
0.0906448364257812 0.0817947387695313 -0.234024047851563 0.0173187255859375
0.14996337890625 0.166549682617188 -0.263504028320313 0.01922607421875
-0.029998779296875 0.398529052734375 -0.263565063476563 -0.0472869873046874
-0.28900146484375 0.352752685546875 -0.137443542480469 0.092041015625
-0.4317626953125 0.15966796875 -0.4642333984375 0.329315185546875
0.201766967773438 -0.0056304931640625 0.506744384765625 -0.4259033203125
0.106124877929688 -0.187149047851563 0.143035888671875 -0.124801635742188
-0.0909881591796875 -0.166915893554688 0.248489379882812 0.101654052734375
-0.165771484375 0.00701904296874996 0.3228759765625 -0.00616455078125
-0.0472564697265625 0.113136291503906 0.2203369140625 0.00300598144531251
0.0615577697753906 0.04339599609375 0.276458740234375 0.0590057373046875
0.0875244140625 -0.0211715698242188 0.374969482421875 0.02484130859375
0.0662879943847656 -0.00182723999023438 0.375823974609375 0.023345947265625
0.0739364624023438 -0.0217208862304687 0.406982421875 0.046112060546875
0.0985336303710938 0.043121337890625 0.322052001953125 0.13702392578125
0.0270462036132812 0.109268188476562 0.130615234375 0.152114868164062
-0.104598999023437 0.0796890258789063 0.00041961669921873 0.123664855957031
-0.0933380126953125 -0.0960769653320313 -0.113838195800781 -0.0196380615234375
0.0799560546875 -0.147247314453125 -0.065948486328125 -0.295135498046875
0.204971313476563 -0.019378662109375 0.153961181640625 -0.275970458984375
-0.0381317138671875 0.16436767578125 0.5262451171875 -0.4022216796875
-0.0712890625 0.0268707275390625 0.118988037109375 -0.103591918945313
-0.159988403320313 0.086944580078125 0.276565551757813 0.165451049804688
-0.154937744140625 0.197891235351563 0.37799072265625 -0.01177978515625
0.00405883789062502 0.291717529296875 0.21624755859375 -0.038848876953125
0.180145263671875 0.172607421875 0.22705078125 0.0162200927734375
0.238388061523437 0.0422821044921875 0.309722900390625 0.020843505859375
0.213241577148438 0.048431396484375 0.31646728515625 0.03472900390625
0.206787109375 0.0025482177734375 0.357757568359375 0.044769287109375
0.18389892578125 0.080047607421875 0.279876708984375 0.112197875976563
0.107498168945313 0.1658935546875 0.11444091796875 0.122886657714844
-0.0326690673828125 0.171249389648438 0.0223617553710937 0.095428466796875
-0.126785278320313 0.0718231201171875 -0.0887374877929688 0.00291442871093748
-0.0401649475097656 -0.00223541259765626 -0.0741119384765625 -0.26763916015625
0.0097808837890625 0.100997924804688 0.151077270507813 -0.26470947265625
-0.274871826171875 0.28631591796875 0.475738525390625 -0.317352294921875
-0.26239013671875 0.223373413085938 0.0781173706054688 -0.0396499633789062
-0.2200927734375 0.34344482421875 0.299224853515625 0.211578369140625
-0.1141357421875 0.374359130859375 0.414794921875 -0.0462646484375
0.0665283203125 0.427825927734375 0.192108154296875 -0.117355346679687
0.274154663085938 0.269561767578125 0.133056640625 -0.0611419677734375
0.34881591796875 0.095703125 0.1849365234375 0.00132751464843751
0.329559326171875 0.0916748046875 0.209518432617188 0.04034423828125
0.317169189453125 0.025543212890625 0.27337646484375 0.0455474853515625
0.2596435546875 0.114730834960937 0.217147827148438 0.095367431640625
0.189361572265625 0.213699340820313 0.089691162109375 0.11083984375
0.0564727783203125 0.253570556640625 0.0216217041015625 0.0827255249023438
-0.1239013671875 0.249465942382813 -0.0907745361328125 0.0199661254882813
-0.137466430664063 0.17303466796875 -0.083953857421875 -0.231719970703125
-0.1824951171875 0.23193359375 0.113174438476562 -0.217971801757813
-0.461761474609375 0.3453369140625 0.360626220703125 -0.190338134765625
-0.41461181640625 0.365753173828125 0.0322227478027343 0.061614990234375
-0.234130859375 0.5433349609375 0.316162109375 0.229461669921875
-0.032012939453125 0.48846435546875 0.414031982421875 -0.10894775390625
0.13861083984375 0.478912353515625 0.137542724609375 -0.209762573242187
0.328216552734375 0.303619384765625 0.00407409667968752 -0.147994995117187
0.403564453125 0.1246337890625 0.0223541259765625 -0.0229988098144531
0.398956298828125 0.122894287109375 0.0716323852539063 0.0410079956054688
0.3936767578125 0.052215576171875 0.15606689453125 0.046539306640625
0.319091796875 0.15155029296875 0.127296447753906 0.0826644897460938
0.261215209960938 0.263168334960938 0.0466384887695313 0.108505249023438
0.148895263671875 0.331634521484375 -0.00302886962890624 0.0821456909179688
-0.099639892578125 0.4239501953125 -0.113929748535156 0.034515380859375
-0.21380615234375 0.35614013671875 -0.0910186767578125 -0.178970336914062
-0.354248046875 0.35308837890625 0.039398193359375 -0.131454467773437
-0.56488037109375 0.3428955078125 0.211334228515625 -0.0507965087890625
-0.481536865234375 0.43023681640625 -0.00245666503906252 0.176742553710938
-0.19158935546875 0.62420654296875 0.318084716796875 0.2110595703125
0.0661926269531251 0.4893798828125 0.361358642578125 -0.17169189453125
0.1917724609375 0.423431396484375 0.0535888671875 -0.281143188476563
0.323089599609375 0.269195556640625 -0.138458251953125 -0.210708618164062
0.387939453125 0.124298095703125 -0.146820068359375 -0.03851318359375
0.407073974609375 0.133697509765625 -0.078399658203125 0.03594970703125
0.416656494140625 0.0802001953125 0.0129776000976563 0.0455169677734375
0.337554931640625 0.185516357421875 0.00815200805664064 0.0659332275390625
0.292510986328125 0.3004150390625 -0.0235824584960937 0.104179382324219
0.21014404296875 0.38818359375 -0.0529327392578125 0.0836334228515625
-0.0777587890624999 0.559234619140625 -0.148223876953125 0.0443878173828125
-0.275726318359375 0.499542236328125 -0.0976104736328125 -0.102638244628906
-0.486907958984375 0.425323486328125 -0.0677642822265625 -0.00772857666015623
-0.5760498046875 0.2967529296875 0.0615692138671875 0.0760726928710938
-0.4534912109375 0.427276611328125 -0.018157958984375 0.27099609375
-0.10321044921875 0.574462890625 0.29583740234375 0.165618896484375
0.1402587890625 0.375396728515625 0.267745971679688 -0.208572387695313
0.190765380859375 0.283172607421875 -0.0335693359375 -0.3057861328125
0.253585815429688 0.188629150390625 -0.257339477539062 -0.23089599609375
0.308929443359375 0.103729248046875 -0.291259765625 -0.040740966796875
0.34820556640625 0.125457763671875 -0.217086791992187 0.026275634765625
0.372222900390625 0.10296630859375 -0.13751220703125 0.037384033203125
0.29498291015625 0.19775390625 -0.123603820800781 0.0380935668945313
0.261566162109375 0.296783447265625 -0.1112060546875 0.0852203369140625
0.21954345703125 0.389373779296875 -0.123146057128906 0.0756912231445313
-0.06781005859375 0.60894775390625 -0.18939208984375 0.0391235351562501
-0.321563720703125 0.5595703125 -0.107574462890625 -0.017333984375
-0.558837890625 0.420318603515625 -0.200149536132813 0.131134033203125
-0.499664306640625 0.230804443359375 -0.0624847412109375 0.173171997070313
-0.3499755859375 0.374237060546875 -0.0174255371093751 0.32183837890625
0.00125122070312499 0.433197021484375 0.250244140625 0.103790283203125
0.170089721679688 0.202972412109375 0.161239624023437 -0.20904541015625
0.1383056640625 0.118392944335937 -0.096771240234375 -0.28143310546875
0.142593383789063 0.0994873046875 -0.32550048828125 -0.215576171875
0.187835693359375 0.0730438232421875 -0.3875732421875 -0.0319824218749999
0.236160278320312 0.09796142578125 -0.32330322265625 0.0152893066406251
0.261856079101563 0.103591918945313 -0.267654418945312 0.0205688476562501
0.193878173828125 0.16448974609375 -0.236724853515625 -0.00193786621093748
0.180526733398438 0.22308349609375 -0.189498901367188 0.0512542724609375
0.187469482421875 0.311737060546875 -0.199417114257813 0.0535125732421875
-0.058013916015625 0.551116943359375 -0.232421875 0.0106201171875
-0.333099365234375 0.5111083984375 -0.123023986816406 0.0535354614257813
-0.548095703125 0.3292236328125 -0.341278076171875 0.2572021484375
-0.35784912109375 0.14453125 -0.144760131835938 0.238754272460938
-0.207733154296875 0.28759765625 -0.00433349609375004 0.33184814453125
0.0897216796875 0.25677490234375 0.191055297851563 0.0455322265625
0.155517578125 0.0369415283203125 0.0718536376953125 -0.178787231445313
0.058074951171875 -0.0192947387695313 -0.124221801757813 -0.233139038085938
0.0215435028076172 0.0262489318847656 -0.342498779296875 -0.179656982421875
0.0465812683105469 0.0439414978027344 -0.429534912109375 -0.0227966308593751
0.0875778198242188 0.0532989501953125 -0.38275146484375 0.00393676757812505
0.105148315429688 0.0728073120117188 -0.349273681640625 0.00103759765624997
0.06219482421875 0.0753326416015625 -0.30322265625 -0.03826904296875
0.09051513671875 0.0832672119140625 -0.236328125 0.01873779296875
0.15234375 0.165069580078125 -0.26702880859375 0.0242309570312501
-0.02154541015625 0.40631103515625 -0.267654418945313 -0.0421295166015625
-0.289276123046875 0.363800048828125 -0.138168334960938 0.0904006958007813
-0.441558837890625 0.16986083984375 -0.46502685546875 0.336883544921875
0.207733154296875 -0.0140533447265625 0.502044677734375 -0.4554443359375
0.0989990234375 -0.1961669921875 0.142715454101563 -0.131439208984375
-0.100845336914062 -0.166549682617188 0.259872436523437 0.096099853515625
-0.167373657226563 0.01861572265625 0.330078125 -0.018524169921875
-0.0409698486328125 0.117050170898438 0.22412109375 -0.00280761718749999
0.0638351440429688 0.0388565063476563 0.285980224609375 0.052825927734375
0.086639404296875 -0.028656005859375 0.383514404296875 0.010284423828125
0.0676689147949219 -0.0057373046875 0.384521484375 0.010467529296875
0.0736312866210937 -0.0261993408203125 0.4180908203125 0.029693603515625
0.104347229003906 0.0354690551757813 0.3341064453125 0.126220703125
0.0350570678710938 0.11029052734375 0.136459350585938 0.153472900390625
-0.102691650390625 0.0892868041992188 0.00432586669921875 0.126800537109375
-0.100906372070312 -0.0938949584960938 -0.118751525878906 -0.0155715942382813
0.073333740234375 -0.156356811523437 -0.083160400390625 -0.29827880859375
0.210433959960938 -0.03094482421875 0.146575927734375 -0.28558349609375
-0.0323486328125 0.168304443359375 0.52313232421875 -0.430267333984375
-0.0751266479492188 0.0311279296875 0.116539001464844 -0.1087646484375
-0.162796020507812 0.094635009765625 0.2919921875 0.15911865234375
-0.150131225585938 0.21160888671875 0.38739013671875 -0.027496337890625
0.01715087890625 0.29852294921875 0.218307495117187 -0.0458984375
0.188858032226563 0.168289184570313 0.233261108398437 0.012420654296875
0.242507934570312 0.0324859619140625 0.317535400390625 0.009857177734375
0.2200927734375 0.040496826171875 0.32470703125 0.024139404296875
0.2100830078125 -0.006011962890625 0.36785888671875 0.02996826171875
0.19171142578125 0.0723419189453125 0.2900390625 0.10272216796875
0.118637084960938 0.164657592773438 0.119949340820313 0.123634338378906
-0.02716064453125 0.18035888671875 0.0257644653320312 0.0961990356445313
-0.127960205078125 0.07928466796875 -0.0906600952148438 0.00765228271484374
-0.0448341369628906 -0.00441741943359376 -0.090850830078125 -0.268402099609375
0.0149078369140625 0.100502014160156 0.144668579101562 -0.2744140625
-0.270660400390625 0.300811767578125 0.471099853515625 -0.340667724609375
-0.264541625976562 0.23992919921875 0.074859619140625 -0.0416259765625
-0.213775634765625 0.3580322265625 0.31732177734375 0.204315185546875
-0.10198974609375 0.388763427734375 0.422454833984375 -0.0653076171875
0.085601806640625 0.434356689453125 0.191436767578125 -0.1260986328125
0.2877197265625 0.26483154296875 0.133323669433594 -0.0634536743164063
0.359100341796875 0.08447265625 0.189453125 -0.00437927246093749
0.341705322265625 0.08087158203125 0.216629028320313 0.0343780517578125
0.324859619140625 0.014007568359375 0.28228759765625 0.034088134765625
0.27044677734375 0.106460571289063 0.226043701171875 0.0883331298828125
0.202484130859375 0.212234497070313 0.0957412719726563 0.111396789550781
0.0652008056640625 0.258819580078125 0.0245590209960938 0.08270263671875
-0.1170654296875 0.259658813476563 -0.0907440185546875 0.0260772705078125
-0.138397216796875 0.177322387695313 -0.09832763671875 -0.230865478515625
-0.177688598632812 0.242279052734375 0.10791015625 -0.225570678710937
-0.461212158203125 0.367767333984375 0.35888671875 -0.20770263671875
-0.4134521484375 0.38983154296875 0.0309867858886719 0.0644569396972656
-0.22216796875 0.5621337890625 0.33587646484375 0.221343994140625
-0.0173339843749999 0.501190185546875 0.42041015625 -0.128448486328125
0.16168212890625 0.48468017578125 0.132736206054688 -0.219253540039062
0.344207763671875 0.299774169921875 -0.00218200683593748 -0.1475830078125
0.415924072265625 0.114410400390625 0.022176742553711 -0.0215435028076172
0.41351318359375 0.109222412109375 0.0762863159179688 0.0404891967773438
0.404144287109375 0.0391845703125 0.163314819335938 0.040802001953125
0.331451416015625 0.14447021484375 0.134254455566406 0.0793533325195313
0.276153564453125 0.26007080078125 0.0518569946289063 0.110343933105469
0.160888671875 0.335205078125 -0.000404357910156241 0.08306884765625
-0.086029052734375 0.43780517578125 -0.111869812011719 0.0428466796875
-0.20965576171875 0.36688232421875 -0.103195190429688 -0.178756713867187
-0.349700927734375 0.37213134765625 0.0370407104492187 -0.134925842285156
-0.56951904296875 0.37139892578125 0.210861206054687 -0.0606689453125
-0.481658935546875 0.461273193359375 -0.000595092773437529 0.184356689453125
-0.173583984375 0.6435546875 0.336181640625 0.20355224609375
0.08197021484375 0.495635986328125 0.364044189453125 -0.1895751953125
0.21173095703125 0.4241943359375 0.045318603515625 -0.290008544921875
0.337371826171875 0.265289306640625 -0.149765014648437 -0.207412719726563
0.40008544921875 0.116363525390625 -0.151260375976562 -0.03125
0.422271728515625 0.121856689453125 -0.0768051147460937 0.0403366088867188
0.429229736328125 0.06781005859375 0.0174636840820313 0.0452232360839844
0.35089111328125 0.179229736328125 0.01123046875 0.0675239562988281
0.309906005859375 0.29840087890625 -0.019256591796875 0.107192993164063
0.22589111328125 0.3887939453125 -0.0504379272460937 0.0866317749023438
-0.0568847656249999 0.57366943359375 -0.146514892578125 0.0543212890625
-0.266876220703125 0.517608642578125 -0.106620788574219 -0.101898193359375
-0.4840087890625 0.45416259765625 -0.0664634704589844 -0.00665283203124997
-0.5816650390625 0.3255615234375 0.0616912841796875 0.0744247436523438
-0.450592041015625 0.457611083984375 -0.012664794921875 0.28179931640625
-0.08453369140625 0.58917236328125 0.311553955078125 0.1580810546875
0.154296875 0.37445068359375 0.2667236328125 -0.224166870117187
0.203338623046875 0.280380249023438 -0.04364013671875 -0.312347412109375
0.263687133789063 0.186843872070313 -0.271408081054688 -0.224197387695313
0.31829833984375 0.09881591796875 -0.298431396484375 -0.028564453125
0.361724853515625 0.114837646484375 -0.219161987304687 0.03582763671875
0.385589599609375 0.09222412109375 -0.136589050292969 0.04315185546875
0.308319091796875 0.1951904296875 -0.124710083007813 0.0439605712890625
0.277496337890625 0.29608154296875 -0.108360290527344 0.0905609130859375
0.234466552734375 0.38909912109375 -0.12255859375 0.081329345703125
-0.0452880859375 0.6246337890625 -0.18841552734375 0.0507202148437501
-0.3095703125 0.5810546875 -0.112167358398438 -0.0151138305664062
-0.558929443359375 0.4530029296875 -0.196441650390625 0.138992309570313
-0.504425048828125 0.255523681640625 -0.061370849609375 0.178726196289063
-0.3468017578125 0.40008544921875 -0.008270263671875 0.334686279296875
0.0179443359375 0.440673828125 0.261489868164063 0.0968780517578125
0.177474975585938 0.196548461914062 0.1580810546875 -0.219512939453125
0.14288330078125 0.113937377929688 -0.10723876953125 -0.285125732421875
0.14739990234375 0.100067138671875 -0.34124755859375 -0.20526123046875
0.192535400390625 0.073089599609375 -0.395751953125 -0.01702880859375
0.245361328125 0.0931549072265625 -0.327972412109375 0.02789306640625
0.272567749023438 0.09771728515625 -0.270111083984375 0.0317230224609375
0.203369140625 0.165054321289063 -0.242385864257813 0.00694274902343753
0.19091796875 0.223541259765625 -0.190109252929688 0.0586242675781251
0.200286865234375 0.3099365234375 -0.200775146484375 0.06243896484375
-0.0357666015625001 0.5657958984375 -0.23382568359375 0.0220336914062501
-0.322784423828125 0.5347900390625 -0.124427795410156 0.055419921875
-0.55206298828125 0.359710693359375 -0.335296630859375 0.270751953125
-0.362152099609375 0.163238525390625 -0.142822265625 0.248886108398438
-0.2020263671875 0.304168701171875 0.00762939453124997 0.343719482421875
0.102127075195313 0.256484985351563 0.198257446289063 0.04046630859375
0.156387329101563 0.028045654296875 0.0672607421875 -0.18536376953125
0.0557212829589844 -0.0233497619628906 -0.133102416992188 -0.23468017578125
0.022308349609375 0.0299205780029297 -0.3553466796875 -0.1712646484375
0.0477523803710938 0.0481681823730469 -0.437835693359375 -0.00659179687500008
0.0905914306640625 0.0530548095703125 -0.3875732421875 0.0184631347656249
0.11151123046875 0.0722579956054688 -0.355010986328125 0.014251708984375
0.065460205078125 0.0790939331054688 -0.312286376953125 -0.028289794921875
0.0928115844726563 0.08331298828125 -0.239013671875 0.0264892578125
0.160003662109375 0.160888671875 -0.270294189453125 0.0361480712890625
-0.000946044921875023 0.41510009765625 -0.272689819335938 -0.0320281982421875
-0.28118896484375 0.384429931640625 -0.137092590332031 0.0927047729492188
-0.449066162109375 0.1923828125 -0.4598388671875 0.359466552734375
0.210464477539063 -0.0279083251953125 0.480194091796875 -0.486175537109375
0.08599853515625 -0.202972412109375 0.137123107910156 -0.139495849609375
-0.113723754882812 -0.161392211914063 0.268966674804688 0.082733154296875
-0.163909912109375 0.0313568115234375 0.33026123046875 -0.039337158203125
-0.0320281982421875 0.120040893554688 0.223770141601563 -0.01409912109375
0.064544677734375 0.0323448181152344 0.292877197265625 0.039825439453125
0.0828018188476563 -0.03717041015625 0.386505126953125 -0.011383056640625
0.0672607421875 -0.0114212036132813 0.38604736328125 -0.01068115234375
0.0716400146484375 -0.0316238403320313 0.421051025390625 0.003387451171875
0.108390808105469 0.0248870849609375 0.34320068359375 0.105224609375
0.0457077026367188 0.107475280761719 0.144302368164063 0.14947509765625
-0.0965957641601563 0.0989990234375 0.0106277465820313 0.127204895019531
-0.108444213867188 -0.0869064331054687 -0.121353149414062 -0.00829315185546878
0.0616607666015625 -0.163864135742188 -0.10565185546875 -0.292999267578125
0.2115478515625 -0.046051025390625 0.129364013671875 -0.292938232421875
-0.0220489501953125 0.169692993164063 0.4993896484375 -0.46331787109375
-0.0771942138671875 0.0359878540039063 0.109970092773438 -0.114501953125
-0.160995483398437 0.104690551757813 0.30523681640625 0.14239501953125
-0.13824462890625 0.2236328125 0.387664794921875 -0.051422119140625
0.0367431640625 0.299652099609375 0.21551513671875 -0.0575714111328125
0.198593139648438 0.15740966796875 0.236740112304688 0.00161743164062501
0.244857788085937 0.0173187255859375 0.320159912109375 -0.00689697265625
0.224441528320313 0.0264434814453125 0.327972412109375 0.00689697265625
0.209991455078125 -0.0193023681640625 0.3729248046875 0.007232666015625
0.19830322265625 0.0580596923828125 0.297576904296875 0.085235595703125
0.13153076171875 0.1580810546875 0.126205444335938 0.119514465332031
-0.0162811279296875 0.185379028320313 0.0302734375 0.0941925048828125
-0.12469482421875 0.0872039794921875 -0.0899887084960938 0.01409912109375
-0.0495834350585938 -0.00492477416992188 -0.111663818359375 -0.26171875
0.0220489501953125 0.097320556640625 0.1292724609375 -0.28155517578125
-0.25689697265625 0.318145751953125 0.454437255859375 -0.370452880859375
-0.2554931640625 0.257354736328125 0.0698013305664062 -0.0438499450683594
-0.196136474609375 0.37286376953125 0.33294677734375 0.186248779296875
-0.0818176269531251 0.398712158203125 0.42333984375 -0.0924072265625
0.11279296875 0.4326171875 0.184600830078125 -0.137664794921875
0.303131103515625 0.251861572265625 0.131378173828125 -0.068511962890625
0.3663330078125 0.066131591796875 0.190414428710938 -0.01312255859375
0.3489990234375 0.060882568359375 0.220977783203125 0.0234222412109375
0.327392578125 -0.005218505859375 0.28643798828125 0.016693115234375
0.277969360351562 0.0907745361328125 0.232421875 0.0746002197265625
0.21697998046875 0.20135498046875 0.101921081542969 0.107681274414063
0.079315185546875 0.258773803710937 0.0289154052734375 0.0803909301757813
-0.103775024414062 0.267501831054688 -0.0868072509765625 0.0330734252929687
-0.13360595703125 0.182891845703125 -0.115997314453125 -0.223861694335937
-0.164154052734375 0.251327514648438 0.0969696044921875 -0.23187255859375
-0.445159912109375 0.396881103515625 0.345977783203125 -0.231201171875
-0.397705078125 0.41912841796875 0.0307998657226562 0.0664710998535157
-0.191650390625 0.57928466796875 0.3519287109375 0.2022705078125
0.00961303710937504 0.504425048828125 0.4169921875 -0.1546630859375
0.18939208984375 0.47845458984375 0.120315551757813 -0.228775024414062
0.360809326171875 0.284393310546875 -0.01025390625 -0.146133422851563
0.4244384765625 0.09423828125 0.0215301513671875 -0.0208473205566406
0.4241943359375 0.085723876953125 0.0807723999023438 0.0367202758789063
0.408721923828125 0.015533447265625 0.168258666992188 0.0299224853515625
0.341644287109375 0.12713623046875 0.13934326171875 0.0716629028320313
0.292877197265625 0.246612548828125 0.0587005615234375 0.107894897460938
0.177398681640625 0.32940673828125 0.00437927246093752 0.081695556640625
-0.06121826171875 0.443206787109375 -0.106391906738281 0.051239013671875
-0.19268798828125 0.378387451171875 -0.116683959960938 -0.170989990234375
-0.330718994140625 0.393341064453125 0.032073974609375 -0.137825012207031
-0.55419921875 0.406524658203125 0.205169677734375 -0.0731658935546875
-0.46063232421875 0.49505615234375 0.00582885742187495 0.189468383789063
-0.1378173828125 0.65667724609375 0.352294921875 0.184478759765625
0.109100341796875 0.492279052734375 0.357757568359375 -0.21405029296875
0.23675537109375 0.41522216796875 0.029052734375 -0.2958984375
0.352874755859375 0.251312255859375 -0.162261962890625 -0.197799682617188
0.408843994140625 0.0992431640625 -0.153350830078125 -0.0204315185546875
0.43280029296875 0.097808837890625 -0.0730133056640625 0.0458908081054688
0.435882568359375 0.044158935546875 0.0224266052246094 0.0428619384765625
0.365875244140625 0.1639404296875 0.01568603515625 0.0673027038574219
0.327667236328125 0.284454345703125 -0.01226806640625 0.108711242675781
0.2462158203125 0.378997802734375 -0.045501708984375 0.088348388671875
-0.02191162109375 0.579833984375 -0.139633178710938 0.065277099609375
-0.238739013671875 0.53277587890625 -0.115234375 -0.0959930419921875
-0.46136474609375 0.48480224609375 -0.0642051696777344 -0.00469970703124998
-0.5701904296875 0.36077880859375 0.0631561279296875 0.0707473754882813
-0.4307861328125 0.489654541015625 0.000396728515624958 0.288238525390625
-0.05010986328125 0.59539794921875 0.325164794921875 0.140869140625
0.173126220703125 0.364654541015625 0.257492065429688 -0.241989135742188
0.21881103515625 0.26898193359375 -0.060089111328125 -0.313323974609375
0.274169921875 0.176467895507813 -0.2857666015625 -0.209197998046875
0.325927734375 0.08734130859375 -0.30084228515625 -0.00967407226562498
0.373138427734375 0.09735107421875 -0.21563720703125 0.048614501953125
0.39361572265625 0.071624755859375 -0.131790161132812 0.0502166748046875
0.321685791015625 0.181976318359375 -0.122833251953125 0.0518569946289063
0.295562744140625 0.283294677734375 -0.103111267089844 0.0958023071289063
0.254638671875 0.37908935546875 -0.117668151855469 0.0878067016601563
-0.00689697265625001 0.62890625 -0.181793212890625 0.0635986328125001
-0.27838134765625 0.601318359375 -0.115287780761719 -0.0109100341796875
-0.5386962890625 0.4901123046875 -0.186050415039063 0.14825439453125
-0.49737548828125 0.287872314453125 -0.0549163818359375 0.182388305664063
-0.3271484375 0.425872802734375 0.01019287109375 0.3408203125
0.045135498046875 0.440887451171875 0.2705078125 0.082550048828125
0.186065673828125 0.183792114257813 0.148529052734375 -0.230026245117188
0.14739990234375 0.10455322265625 -0.12213134765625 -0.28253173828125
0.152679443359375 0.0961761474609375 -0.35418701171875 -0.1876220703125
0.1976318359375 0.0686492919921875 -0.397796630859375 0.00689697265625004
0.252853393554688 0.0808868408203125 -0.325469970703125 0.04656982421875
0.281158447265625 0.084014892578125 -0.268112182617188 0.0465698242187501
0.214645385742188 0.158218383789063 -0.243331909179688 0.0220336914062501
0.20361328125 0.216415405273438 -0.1861572265625 0.06793212890625
0.215301513671875 0.299652099609375 -0.197402954101563 0.0734100341796875
0.000366210937500024 0.5701904296875 -0.23040771484375 0.0367279052734376
-0.293670654296875 0.556304931640625 -0.122673034667969 0.0595779418945313
-0.53814697265625 0.3973388671875 -0.319061279296875 0.28948974609375
-0.356781005859375 0.18792724609375 -0.132553100585937 0.258651733398438
-0.18585205078125 0.322052001953125 0.027862548828125 0.348419189453125
0.119247436523437 0.250503540039063 0.203140258789063 0.0304412841796875
0.155502319335938 0.0154571533203125 0.0584259033203125 -0.18902587890625
0.0516929626464844 -0.0279083251953125 -0.145355224609375 -0.22979736328125
0.023223876953125 0.0321121215820312 -0.365875244140625 -0.15155029296875
0.0505828857421875 0.0515670776367188 -0.439727783203125 0.0184020996093749
0.0938873291015625 0.050933837890625 -0.387359619140625 0.040008544921875
0.117286682128906 0.0687255859375 -0.353179931640625 0.0341796875
0.06982421875 0.0796432495117188 -0.315948486328125 -0.01007080078125
0.0965652465820313 0.080230712890625 -0.237777709960938 0.0381469726562501
0.167327880859375 0.151275634765625 -0.268692016601562 0.051971435546875
0.026763916015625 0.414947509765625 -0.27447509765625 -0.0156707763671875
-0.26116943359375 0.403778076171875 -0.132843017578125 0.096099853515625
-0.444580078125 0.2237548828125 -0.43963623046875 0.385162353515625
0.207290649414063 -0.0419769287109375 0.443267822265625 -0.50439453125
0.0702972412109375 -0.203811645507813 0.126724243164063 -0.143417358398438
-0.123153686523437 -0.150955200195313 0.270370483398437 0.066741943359375
-0.155960083007813 0.0425567626953125 0.3206787109375 -0.058837890625
-0.022003173828125 0.119003295898437 0.217788696289062 -0.0248565673828125
0.0637397766113281 0.025299072265625 0.292022705078125 0.023834228515625
0.07666015625 -0.0449905395507813 0.3780517578125 -0.034332275390625
0.0658721923828125 -0.0169677734375 0.37738037109375 -0.03143310546875
0.0677947998046875 -0.0373420715332031 0.411865234375 -0.022796630859375
0.108604431152344 0.0131072998046875 0.341278076171875 0.08087158203125
0.054168701171875 0.10076904296875 0.147811889648438 0.1407470703125
-0.0870819091796875 0.105552673339844 0.0170059204101562 0.12396240234375
-0.112113952636719 -0.0781707763671875 -0.119972229003906 -0.00147247314453125
0.0482330322265625 -0.1663818359375 -0.124313354492188 -0.278076171875
0.205978393554688 -0.0603790283203125 0.110382080078125 -0.2901611328125
-0.0111083984375 0.1658935546875 0.463287353515625 -0.48333740234375
-0.0753326416015625 0.0406570434570313 0.0996551513671875 -0.1171875
-0.154541015625 0.112777709960938 0.309539794921875 0.12225341796875
-0.122360229492188 0.22869873046875 0.376800537109375 -0.0755615234375
0.055419921875 0.29241943359375 0.207199096679688 -0.067657470703125
0.202102661132813 0.142486572265625 0.233657836914062 -0.0100250244140625
0.240005493164062 0.0010833740234375 0.313323974609375 -0.023834228515625
0.222305297851563 0.0119171142578125 0.322479248046875 -0.01092529296875
0.204299926757813 -0.031829833984375 0.365234375 -0.016326904296875
0.19757080078125 0.042694091796875 0.29583740234375 0.065338134765625
0.140151977539063 0.146209716796875 0.128944396972656 0.112159729003906
-0.00509643554687498 0.184722900390625 0.0342559814453125 0.0893325805664063
-0.117645263671875 0.0933380126953125 -0.0858535766601563 0.0184783935546875
-0.0531272888183594 -0.00443649291992188 -0.12762451171875 -0.246383666992188
0.0285186767578125 0.0901718139648438 0.112457275390625 -0.280288696289063
-0.233367919921875 0.324981689453125 0.420257568359375 -0.388671875
-0.238311767578125 0.2684326171875 0.0630111694335937 -0.0441131591796875
-0.174530029296875 0.37701416015625 0.33868408203125 0.16265869140625
-0.059478759765625 0.395599365234375 0.410491943359375 -0.11749267578125
0.136444091796875 0.41790771484375 0.172409057617188 -0.144805908203125
0.311126708984375 0.2313232421875 0.1259765625 -0.0729827880859375
0.361724853515625 0.042816162109375 0.186386108398438 -0.0219573974609375
0.347198486328125 0.03851318359375 0.219146728515625 0.011444091796875
0.31988525390625 -0.02490234375 0.283538818359375 -0.00244140625
0.277542114257813 0.0716552734375 0.231842041015625 0.0596923828125
0.225265502929687 0.1844482421875 0.104835510253906 0.101303100585938
0.091888427734375 0.251907348632813 0.0320358276367188 0.0751419067382813
-0.08587646484375 0.267623901367188 -0.0800933837890625 0.037139892578125
-0.12542724609375 0.18408203125 -0.129135131835938 -0.209976196289062
-0.146484375 0.252716064453125 0.08392333984375 -0.230819702148437
-0.41656494140625 0.413330078125 0.3245849609375 -0.246551513671875
-0.368499755859375 0.434722900390625 0.0304641723632812 0.066192626953125
-0.15753173828125 0.5784912109375 0.359039306640625 0.177886962890625
0.03515625 0.494384765625 0.4014892578125 -0.177947998046875
0.213165283203125 0.45819091796875 0.104995727539063 -0.231475830078125
0.3687744140625 0.260284423828125 -0.0185699462890625 -0.141250610351562
0.422393798828125 0.0704345703125 0.0210742950439453 -0.0189571380615234
0.422119140625 0.059326171875 0.0830917358398438 0.0321044921875
0.401641845703125 -0.007232666015625 0.168380737304688 0.017486572265625
0.342376708984375 0.106048583984375 0.140495300292969 0.0620346069335938
0.30078125 0.226776123046875 0.0632858276367188 0.102920532226563
0.19000244140625 0.314849853515625 0.00797271728515626 0.0781097412109375
-0.035614013671875 0.436981201171875 -0.096466064453125 0.05615234375
-0.1739501953125 0.37939453125 -0.126220703125 -0.159423828125
-0.302154541015625 0.403106689453125 0.0265579223632812 -0.137161254882812
-0.52410888671875 0.429840087890625 0.193313598632812 -0.0841522216796875
-0.42462158203125 0.514068603515625 0.0128173828125 0.189315795898438
-0.09844970703125 0.65155029296875 0.358184814453125 0.161041259765625
0.129302978515625 0.476043701171875 0.341705322265625 -0.233184814453125
0.25433349609375 0.391815185546875 0.01165771484375 -0.293731689453125
0.358612060546875 0.23046875 -0.171035766601562 -0.184478759765625
0.407745361328125 0.07830810546875 -0.150558471679687 -0.00875854492187502
0.432220458984375 0.070831298828125 -0.0672378540039062 0.0491561889648438
0.43096923828125 0.019012451171875 0.0261039733886719 0.0383415222167969
0.36846923828125 0.140228271484375 0.0192337036132813 0.06494140625
0.337432861328125 0.26275634765625 -0.00588226318359373 0.106414794921875
0.25848388671875 0.3609619140625 -0.0401458740234375 0.0871658325195313
0.01324462890625 0.56793212890625 -0.128059387207031 0.0724639892578125
-0.20831298828125 0.5350341796875 -0.119392395019531 -0.0872802734375
-0.426361083984375 0.50091552734375 -0.0598335266113282 -0.00286102294921873
-0.541656494140625 0.388427734375 0.0623588562011718 0.0647010803222657
-0.39617919921875 0.508758544921875 0.01409912109375 0.28680419921875
-0.0145263671875 0.58685302734375 0.328643798828125 0.120086669921875
0.185089111328125 0.345550537109375 0.241592407226563 -0.253158569335938
0.22735595703125 0.250900268554688 -0.0762939453125 -0.30615234375
0.277542114257813 0.161483764648438 -0.2926025390625 -0.188812255859375
0.326202392578125 0.07220458984375 -0.294647216796875 0.0102233886718749
0.371856689453125 0.075042724609375 -0.20660400390625 0.0596160888671875
0.390625 0.048431396484375 -0.124801635742187 0.0548095703125
0.326934814453125 0.16400146484375 -0.117782592773437 0.0578536987304688
0.30548095703125 0.263885498046875 -0.0953369140625 0.0989227294921875
0.267059326171875 0.35888671875 -0.10986328125 0.0908126831054688
0.03076171875 0.61602783203125 -0.170211791992188 0.0732269287109375
-0.241943359375 0.60308837890625 -0.114608764648438 -0.00605773925781249
-0.501922607421875 0.51104736328125 -0.171463012695313 0.1531982421875
-0.47332763671875 0.311279296875 -0.0467987060546875 0.181076049804688
-0.296783447265625 0.4405517578125 0.028961181640625 0.33746337890625
0.070159912109375 0.4276123046875 0.272445678710937 0.066558837890625
0.187744140625 0.166168212890625 0.134689331054688 -0.233840942382813
0.147140502929688 0.093170166015625 -0.134613037109375 -0.27264404296875
0.154571533203125 0.0894622802734375 -0.358001708984375 -0.16363525390625
0.2000732421875 0.0624542236328125 -0.388397216796875 0.029449462890625
0.25335693359375 0.0671539306640625 -0.31439208984375 0.063140869140625
0.28179931640625 0.067596435546875 -0.256927490234375 0.0586700439453125
0.219711303710938 0.147262573242188 -0.238128662109375 0.0354309082031251
0.211181640625 0.203781127929687 -0.178024291992187 0.075164794921875
0.2247314453125 0.28167724609375 -0.188217163085938 0.0819854736328125
0.03692626953125 0.555572509765625 -0.219146728515625 0.0489654541015625
-0.259674072265625 0.5616455078125 -0.117927551269531 0.0620956420898438
-0.5081787109375 0.42120361328125 -0.293060302734375 0.298980712890625
-0.339874267578125 0.20697021484375 -0.118026733398437 0.260147094726562
-0.16302490234375 0.330322265625 0.048248291015625 0.343475341796875
0.132003784179688 0.236495971679687 0.201934814453125 0.0195159912109375
0.148651123046875 0.00421142578125 0.0484771728515625 -0.187652587890625
0.0456504821777344 -0.0303153991699219 -0.153549194335938 -0.219467163085937
0.02557373046875 0.0331344604492188 -0.3680419921875 -0.128143310546875
0.054473876953125 0.0531272888183594 -0.429473876953125 0.04388427734375
0.0950088500976563 0.0474929809570313 -0.374176025390625 0.059417724609375
0.119636535644531 0.0621414184570313 -0.343048095703125 0.0518493652343751
0.0733261108398438 0.0779342651367188 -0.310302734375 0.00714111328125003
0.0976638793945313 0.0748519897460938 -0.230087280273438 0.0488433837890625
0.169937133789063 0.138626098632813 -0.259124755859375 0.0662384033203126
0.054168701171875 0.4024658203125 -0.26715087890625 -0.000244140624999946
-0.231353759765625 0.41156005859375 -0.125724792480469 0.0972442626953125
-0.4263916015625 0.247161865234375 -0.40679931640625 0.3985595703125
0.2017822265625 -0.0513763427734375 0.409698486328125 -0.505950927734375
0.058837890625 -0.200164794921875 0.117446899414062 -0.142822265625
-0.127067565917969 -0.140541076660156 0.265884399414063 0.0551910400390625
-0.147216796875 0.048492431640625 0.307403564453125 -0.070343017578125
-0.0147171020507813 0.115524291992187 0.209259033203125 -0.0298614501953125
0.0603485107421875 0.0208702087402344 0.2862548828125 0.012664794921875
0.069061279296875 -0.0495986938476563 0.364532470703125 -0.046905517578125
0.0636482238769531 -0.0208206176757813 0.36309814453125 -0.043792724609375
0.0636787414550781 -0.0405235290527344 0.39642333984375 -0.03900146484375
0.105857849121094 0.00345611572265625 0.331695556640625 0.063751220703125
0.0598297119140625 0.094085693359375 0.146636962890625 0.133224487304688
-0.0778274536132813 0.108283996582031 0.0206756591796875 0.118370056152344
-0.111495971679688 -0.07147216796875 -0.116447448730469 0.00273895263671876
0.0373992919921875 -0.163803100585938 -0.134613037109375 -0.261520385742188
0.198837280273437 -0.0701904296875 0.09722900390625 -0.281097412109375
-0.00296020507812499 0.158401489257813 0.428955078125 -0.48419189453125
-0.0736923217773438 0.0423049926757813 0.090087890625 -0.115447998046875
-0.148101806640625 0.1168212890625 0.30535888671875 0.107025146484375
-0.1104736328125 0.227523803710938 0.361480712890625 -0.08953857421875
0.065826416015625 0.281463623046875 0.19744873046875 -0.0715789794921875
0.200027465820313 0.130401611328125 0.227279663085937 -0.0176239013671875
0.230819702148438 -0.0089874267578125 0.30352783203125 -0.034210205078125
0.217178344726563 0.0009002685546875 0.31182861328125 -0.021728515625
0.196014404296875 -0.0399017333984375 0.351409912109375 -0.03021240234375
0.192459106445312 0.0301971435546875 0.287567138671875 0.05108642578125
0.14337158203125 0.134979248046875 0.127174377441406 0.10601806640625
0.0029449462890625 0.181411743164063 0.0356369018554688 0.0830001831054688
-0.110725402832031 0.0941619873046875 -0.0806198120117187 0.0201568603515625
-0.0560646057128906 -0.00420379638671876 -0.135452270507813 -0.229537963867187
0.0312881469726563 0.0818710327148438 0.100296020507813 -0.272186279296875
-0.215301513671875 0.32049560546875 0.390960693359375 -0.3912353515625
-0.223983764648438 0.26922607421875 0.0565528869628906 -0.0429153442382812
-0.15631103515625 0.37432861328125 0.33514404296875 0.14544677734375
-0.045623779296875 0.3873291015625 0.39373779296875 -0.131988525390625
0.148956298828125 0.4010009765625 0.160797119140625 -0.14593505859375
0.307952880859375 0.212890625 0.1190185546875 -0.0745010375976563
0.353363037109375 0.028900146484375 0.180679321289063 -0.0264892578125
0.33966064453125 0.02294921875 0.213348388671875 0.0036773681640625
0.30810546875 -0.03662109375 0.273468017578125 -0.0142059326171875
0.2703857421875 0.05767822265625 0.225494384765625 0.04931640625
0.226226806640625 0.170135498046875 0.103775024414063 0.0953292846679688
0.0975189208984375 0.242965698242187 0.0324134826660156 0.0694465637207031
-0.073883056640625 0.260498046875 -0.0725860595703125 0.0375595092773437
-0.119918823242188 0.180313110351563 -0.134140014648438 -0.194671630859375
-0.131622314453125 0.245498657226562 0.0753326416015625 -0.22503662109375
-0.390869140625 0.41473388671875 0.301483154296875 -0.249847412109375
-0.343780517578125 0.4359130859375 0.0279922485351562 0.0665931701660156
-0.13330078125 0.56658935546875 0.354705810546875 0.15997314453125
0.047882080078125 0.476715087890625 0.383148193359375 -0.190185546875
0.2232666015625 0.4366455078125 0.09271240234375 -0.229080200195312
0.3662109375 0.242431640625 -0.0239410400390625 -0.13555908203125
0.414093017578125 0.0545654296875 0.0205745697021485 -0.0169391632080078
0.41326904296875 0.040283203125 0.0825271606445313 0.028472900390625
0.388916015625 -0.0218505859375 0.163360595703125 0.0081024169921875
0.334808349609375 0.09039306640625 0.138496398925781 0.055084228515625
0.3016357421875 0.209014892578125 0.064239501953125 0.0980377197265625
0.194305419921875 0.299713134765625 0.00925445556640626 0.0732040405273438
-0.01727294921875 0.422332763671875 -0.0869674682617188 0.05712890625
-0.1585693359375 0.37091064453125 -0.128936767578125 -0.1473388671875
-0.27777099609375 0.397674560546875 0.023681640625 -0.134445190429688
-0.4947509765625 0.434967041015625 0.180892944335937 -0.0881195068359375
-0.3941650390625 0.515045166015625 0.015716552734375 0.186538696289063
-0.0722045898437499 0.63482666015625 0.353668212890625 0.143341064453125
0.138671875 0.45562744140625 0.322845458984375 -0.240753173828125
0.259674072265625 0.371307373046875 0.000671386718750017 -0.28594970703125
0.353790283203125 0.212371826171875 -0.173385620117188 -0.171432495117187
0.4005126953125 0.063690185546875 -0.144943237304688 1.52587890624784E-05
0.422271728515625 0.0528564453125 -0.0616607666015625 0.0495529174804687
0.417510986328125 0.002532958984375 0.0271492004394531 0.0334358215332031
0.361175537109375 0.125030517578125 0.0210952758789063 0.062225341796875
0.336761474609375 0.242919921875 -0.00218200683593747 0.103172302246094
0.261444091796875 0.342041015625 -0.0365982055664062 0.0835418701171875
0.03314208984375 0.54656982421875 -0.116043090820312 0.0734710693359375
-0.187469482421875 0.5238037109375 -0.119804382324219 -0.0794906616210937
-0.394866943359375 0.49859619140625 -0.0548019409179688 -0.00293731689453122
-0.51263427734375 0.396881103515625 0.0590896606445312 0.0596084594726563
-0.36553955078125 0.50946044921875 0.0222015380859375 0.280731201171875
0.00744628906249999 0.5665283203125 0.324462890625 0.105224609375
0.18731689453125 0.32598876953125 0.227218627929688 -0.254486083984375
0.226730346679688 0.234085083007813 -0.08502197265625 -0.295684814453125
0.274383544921875 0.149581909179688 -0.291015625 -0.17193603515625
0.322418212890625 0.062255859375 -0.283294677734375 0.022369384765625
0.3651123046875 0.059967041015625 -0.196258544921875 0.064453125
0.380950927734375 0.03240966796875 -0.117645263671875 0.054473876953125
0.323150634765625 0.149993896484375 -0.111473083496094 0.0602188110351563
0.30413818359375 0.247039794921875 -0.0891799926757812 0.09832763671875
0.268798828125 0.3382568359375 -0.103553771972656 0.0903167724609375
0.0526123046875 0.59136962890625 -0.15771484375 0.0755157470703125
-0.21478271484375 0.59283447265625 -0.112113952636719 -0.00291442871093747
-0.469146728515625 0.514373779296875 -0.157257080078125 0.150665283203125
-0.448211669921875 0.321319580078125 -0.0418853759765625 0.17608642578125
-0.269775390625 0.440093994140625 0.038909912109375 0.328826904296875
0.086212158203125 0.40924072265625 0.2681884765625 0.0557098388671875
0.182830810546875 0.152267456054688 0.124420166015625 -0.23193359375
0.142440795898438 0.084381103515625 -0.13916015625 -0.260986328125
0.152938842773438 0.083740234375 -0.352294921875 -0.145538330078125
0.199432373046875 0.0579986572265625 -0.37322998046875 0.0445251464843751
0.248992919921875 0.0571136474609375 -0.29986572265625 0.0705566406249999
0.275924682617188 0.0565032958984375 -0.245437622070312 0.06353759765625
0.218215942382813 0.138046264648438 -0.229415893554688 0.0424041748046875
0.211212158203125 0.191390991210938 -0.169570922851563 0.0769805908203125
0.224960327148438 0.266983032226563 -0.178482055664062 0.0853271484375
0.0570983886718751 0.53369140625 -0.20684814453125 0.0541534423828125
-0.23077392578125 0.552734375 -0.112831115722656 0.0612640380859375
-0.4783935546875 0.42889404296875 -0.271728515625 0.294891357421875
-0.322021484375 0.21484375 -0.107284545898438 0.255386352539063
-0.14398193359375 0.32843017578125 0.060211181640625 0.33306884765625
0.138595581054688 0.221221923828125 0.19757080078125 0.0125885009765625
0.13983154296875 -0.00310516357421875 0.0424041748046875 -0.182693481445313
0.0399589538574219 -0.03076171875 -0.15631103515625 -0.208541870117187
0.0264930725097656 0.0332145690917969 -0.3616943359375 -0.112457275390625
0.0578880310058594 0.0544204711914063 -0.4117431640625 0.0588378906250001
0.09381103515625 0.0452804565429688 -0.359161376953125 0.0685119628906251
0.118186950683594 0.0573959350585937 -0.327362060546875 0.0605163574218751
0.0740890502929688 0.0762481689453125 -0.3006591796875 0.018646240234375
0.0958404541015625 0.070953369140625 -0.221435546875 0.05279541015625
0.167327880859375 0.127395629882813 -0.246734619140625 0.0730438232421875
0.069549560546875 0.384490966796875 -0.255538940429687 0.00860595703125
-0.209716796875 0.40802001953125 -0.119056701660156 0.0947113037109375
-0.4061279296875 0.25616455078125 -0.3778076171875 0.396026611328125
0.198623657226563 -0.05657958984375 0.388458251953125 -0.49810791015625
0.0523834228515625 -0.196060180664063 0.111785888671875 -0.139747619628906
-0.12823486328125 -0.131858825683594 0.262130737304688 0.0507659912109375
-0.140716552734375 0.0508575439453125 0.29705810546875 -0.074554443359375
-0.0101699829101563 0.112777709960938 0.203598022460938 -0.0305938720703125
0.0579910278320312 0.0177001953125 0.2803955078125 0.00689697265625
0.0630302429199219 -0.052581787109375 0.3543701171875 -0.05157470703125
0.0622062683105469 -0.0240287780761719 0.35205078125 -0.0457763671875
0.0611801147460938 -0.0429039001464844 0.383087158203125 -0.0443115234375
0.102638244628906 -0.0035400390625 0.322509765625 0.055572509765625
0.0628662109375 0.0885086059570313 0.143844604492188 0.130477905273438
-0.0718765258789063 0.108673095703125 0.0212554931640625 0.113670349121094
-0.110710144042969 -0.0674819946289063 -0.11383056640625 0.00354766845703127
0.030426025390625 -0.161849975585938 -0.138229370117187 -0.249038696289063
0.194168090820313 -0.0754547119140625 0.092376708984375 -0.27154541015625
0.000732421875000014 0.151229858398438 0.408050537109375 -0.47930908203125
-0.0724334716796875 0.0421676635742188 0.0842819213867188 -0.111473083496094
-0.144317626953125 0.117874145507813 0.301025390625 0.100341796875
-0.104461669921875 0.224853515625 0.349700927734375 -0.0943603515625
0.0707244873046875 0.273361206054687 0.19073486328125 -0.0717926025390625
0.195144653320313 0.124496459960937 0.221893310546875 -0.0201873779296875
0.222915649414062 -0.0147857666015625 0.2960205078125 -0.0374755859375
0.212692260742188 -0.005340576171875 0.3033447265625 -0.024139404296875
0.18988037109375 -0.0439605712890625 0.340850830078125 -0.036529541015625
0.18658447265625 0.02362060546875 0.279556274414063 0.0438690185546875
0.144317626953125 0.127105712890625 0.124420166015625 0.104110717773438
0.00703430175781252 0.179336547851563 0.03436279296875 0.0791549682617188
-0.107048034667969 0.09271240234375 -0.0768585205078125 0.0194931030273438
-0.0590782165527344 -0.00455474853515625 -0.137664794921875 -0.217330932617188
0.0326461791992187 0.0748367309570313 0.0962982177734375 -0.26361083984375
-0.204132080078125 0.3143310546875 0.37237548828125 -0.3875732421875
-0.215072631835938 0.266433715820313 0.0508346557617187 -0.039093017578125
-0.1474609375 0.366363525390625 0.330718994140625 0.136962890625
-0.0404052734375 0.3797607421875 0.381072998046875 -0.138580322265625
0.1522216796875 0.38983154296875 0.153961181640625 -0.14434814453125
0.302703857421875 0.205596923828125 0.114028930664063 -0.07427978515625
0.34429931640625 0.022613525390625 0.177581787109375 -0.026336669921875
0.33306884765625 0.01507568359375 0.2086181640625 0.000701904296875001
0.300048828125 -0.04180908203125 0.265060424804688 -0.020294189453125
0.263336181640625 0.050750732421875 0.219497680664063 0.0435028076171875
0.224822998046875 0.161590576171875 0.101608276367188 0.0936660766601563
0.098175048828125 0.2374267578125 0.0305900573730469 0.0649833679199219
-0.0689544677734375 0.254119873046875 -0.067169189453125 0.0359382629394531
-0.118682861328125 0.17645263671875 -0.134689331054688 -0.184341430664062
-0.124237060546875 0.23712158203125 0.073272705078125 -0.2196044921875
-0.37567138671875 0.408203125 0.28668212890625 -0.24761962890625
-0.328857421875 0.430938720703125 0.0244369506835937 0.0683174133300781
-0.121734619140625 0.555389404296875 0.350250244140625 0.149932861328125
0.050872802734375 0.46533203125 0.370208740234375 -0.193756103515625
0.224945068359375 0.422210693359375 0.08636474609375 -0.224899291992187
0.35992431640625 0.233062744140625 -0.02691650390625 -0.131233215332031
0.405975341796875 0.047027587890625 0.0216350555419922 -0.0139503479003906
0.4056396484375 0.031341552734375 0.081756591796875 0.026580810546875
0.378173828125 -0.028411865234375 0.158523559570313 0.003082275390625
0.32763671875 0.082672119140625 0.13592529296875 0.0510025024414063
0.29736328125 0.19842529296875 0.0635833740234375 0.09527587890625
0.192291259765625 0.292327880859375 0.00764846801757814 0.0690498352050781
-0.01031494140625 0.41070556640625 -0.0802841186523438 0.0549850463867188
-0.152130126953125 0.362640380859375 -0.128631591796875 -0.138618469238281
-0.2655029296875 0.388397216796875 0.0243377685546875 -0.132347106933594
-0.47674560546875 0.43170166015625 0.17193603515625 -0.08795166015625
-0.37615966796875 0.510345458984375 0.01513671875 0.185073852539063
-0.0594482421875 0.61907958984375 0.349853515625 0.13446044921875
0.137908935546875 0.4417724609375 0.311309814453125 -0.241668701171875
0.256591796875 0.35791015625 -0.00384521484374996 -0.280502319335937
0.347869873046875 0.204803466796875 -0.173507690429687 -0.164215087890625
0.394561767578125 0.0584716796875 -0.139213562011719 0.00527954101562503
0.4146728515625 0.044525146484375 -0.0579872131347656 0.0489654541015625
0.40673828125 -0.003875732421875 0.0262928009033203 0.0297737121582031
0.353790283203125 0.117828369140625 0.0219345092773438 0.0603866577148438
0.33233642578125 0.231170654296875 -0.000793457031249977 0.100624084472656
0.25799560546875 0.33123779296875 -0.0358123779296875 0.08026123046875
0.0413513183593749 0.528961181640625 -0.107635498046875 0.0714645385742188
-0.178009033203125 0.511199951171875 -0.118614196777344 -0.0751876831054687
-0.378814697265625 0.48992919921875 -0.0504341125488281 -0.00459671020507809
-0.4952392578125 0.39495849609375 0.0554351806640625 0.0571632385253906
-0.347442626953125 0.5045166015625 0.0238037109375 0.277481079101563
0.0172424316406251 0.551361083984375 0.321014404296875 0.098175048828125
0.182525634765625 0.31488037109375 0.219406127929688 -0.253738403320313
0.222396850585938 0.22406005859375 -0.08795166015625 -0.2884521484375
0.2681884765625 0.144622802734375 -0.288482666015625 -0.16265869140625
0.3182373046875 0.058380126953125 -0.273956298828125 0.0288848876953125
0.35791015625 0.052520751953125 -0.188949584960938 0.0649261474609375
0.3721923828125 0.0272216796875 -0.113967895507812 0.0519485473632813
0.316925048828125 0.143798828125 -0.107772827148437 0.0609130859375
0.30108642578125 0.236236572265625 -0.0849838256835938 0.0965576171875
0.26513671875 0.32843017578125 -0.100112915039062 0.087982177734375
0.0614013671875 0.5728759765625 -0.1478271484375 0.0739746093750001
-0.202392578125 0.5799560546875 -0.110160827636719 -0.00236511230468749
-0.452789306640625 0.508880615234375 -0.147979736328125 0.145217895507813
-0.43170166015625 0.32135009765625 -0.0410919189453125 0.171646118164063
-0.253448486328125 0.43670654296875 0.043121337890625 0.3226318359375
0.091156005859375 0.39434814453125 0.264450073242188 0.050994873046875
0.176040649414063 0.143997192382812 0.119476318359375 -0.22802734375
0.1368408203125 0.0804443359375 -0.139617919921875 -0.253982543945313
0.149826049804688 0.08197021484375 -0.347259521484375 -0.136260986328125
0.198486328125 0.05633544921875 -0.362060546875 0.05023193359375
0.24468994140625 0.0540008544921875 -0.29083251953125 0.0719604492187499
0.269760131835938 0.052642822265625 -0.237335205078125 0.0626068115234375
0.216049194335937 0.135101318359375 -0.223190307617188 0.045440673828125
0.2081298828125 0.185333251953125 -0.164535522460938 0.07659912109375
0.220733642578125 0.257583618164063 -0.17218017578125 0.08538818359375
0.06561279296875 0.5155029296875 -0.197219848632813 0.0544128417968751
-0.218170166015625 0.542327880859375 -0.109832763671875 0.0584335327148438
-0.46258544921875 0.427520751953125 -0.25799560546875 0.287200927734375
-0.310028076171875 0.216888427734375 -0.10308837890625 0.250152587890625
-0.131744384765625 0.325592041015625 0.0653076171875 0.324981689453125
0.140472412109375 0.210983276367187 0.195266723632813 0.010223388671875
0.132972717285156 -0.00655364990234375 0.0413055419921875 -0.17791748046875
0.0355949401855469 -0.0306167602539062 -0.154052734375 -0.2027587890625
0.0264167785644531 0.0337276458740234 -0.355194091796875 -0.10504150390625
0.0609092712402344 0.0557518005371094 -0.3997802734375 0.0648193359375
0.0935440063476563 0.0459747314453125 -0.3466796875 0.070556640625
0.116294860839844 0.0560150146484375 -0.317291259765625 0.0606689453125001
0.0733184814453125 0.0772476196289063 -0.292572021484375 0.022674560546875
0.0932159423828125 0.0686798095703125 -0.214874267578125 0.0542144775390625
0.162872314453125 0.12176513671875 -0.23773193359375 0.0756378173828125
0.074432373046875 0.370574951171875 -0.247329711914063 0.010894775390625
-0.198028564453125 0.401458740234375 -0.115203857421875 0.0895843505859375
-0.394805908203125 0.259063720703125 -0.361541748046875 0.387664794921875
0.19769287109375 -0.062347412109375 0.380615234375 -0.4974365234375
0.0490264892578125 -0.194412231445312 0.110260009765625 -0.138191223144531
-0.129844665527344 -0.127944946289063 0.262939453125 0.048614501953125
-0.137687683105469 0.0530014038085937 0.29229736328125 -0.077362060546875
-0.00667572021484376 0.112174987792969 0.201385498046875 -0.0304718017578125
0.0564155578613281 0.0163536071777344 0.280014038085938 0.004638671875
0.0576667785644531 -0.0546875 0.351165771484375 -0.054718017578125
0.061187744140625 -0.0274200439453125 0.3497314453125 -0.04705810546875
0.0599937438964844 -0.0453300476074219 0.381317138671875 -0.04876708984375
0.0997543334960938 -0.0093231201171875 0.3187255859375 0.05126953125
0.0663223266601563 0.0848388671875 0.14312744140625 0.131805419921875
-0.067901611328125 0.111129760742188 0.0203399658203125 0.110893249511719
-0.111442565917969 -0.066314697265625 -0.113929748535156 0.00277709960937501
0.0256195068359375 -0.161529541015625 -0.141860961914063 -0.24200439453125
0.193603515625 -0.0805816650390625 0.0923461914062501 -0.266387939453125
0.00163269042968749 0.146530151367187 0.39935302734375 -0.476531982421875
-0.0734786987304688 0.0430755615234375 0.0817413330078125 -0.10821533203125
-0.143722534179687 0.119232177734375 0.302337646484375 0.098114013671875
-0.102615356445313 0.226119995117188 0.344940185546875 -0.098602294921875
0.07440185546875 0.27178955078125 0.188323974609375 -0.0717315673828125
0.194290161132813 0.12261962890625 0.219482421875 -0.02178955078125
0.219268798828125 -0.01800537109375 0.29400634765625 -0.038604736328125
0.211563110351563 -0.00970458984375 0.301666259765625 -0.025543212890625
0.187149047851563 -0.047271728515625 0.336669921875 -0.039306640625
0.183822631835938 0.0185699462890625 0.276382446289063 0.0411376953125
0.146484375 0.12310791015625 0.1234130859375 0.104949951171875
0.0101318359375 0.180313110351563 0.0320968627929687 0.0760421752929688
-0.10699462890625 0.092193603515625 -0.0760269165039062 0.017425537109375
-0.06304931640625 -0.00496292114257813 -0.13946533203125 -0.210617065429688
0.032928466796875 0.0689888000488281 0.09661865234375 -0.2607421875
-0.20111083984375 0.31121826171875 0.36419677734375 -0.385162353515625
-0.212203979492188 0.266738891601563 0.0471458435058594 -0.035247802734375
-0.1455078125 0.36700439453125 0.3314208984375 0.13427734375
-0.0400390625 0.378509521484375 0.37677001953125 -0.1427001953125
0.156097412109375 0.3873291015625 0.151229858398438 -0.143814086914062
0.30145263671875 0.204010009765625 0.111663818359375 -0.0735015869140625
0.341705322265625 0.018768310546875 0.177398681640625 -0.0263214111328125
0.332061767578125 0.010101318359375 0.207199096679688 0.000167846679687501
0.296539306640625 -0.0445556640625 0.26141357421875 -0.023193359375
0.26031494140625 0.0474700927734375 0.218002319335938 0.04156494140625
0.225845336914063 0.15679931640625 0.101028442382813 0.0941925048828125
0.09967041015625 0.237197875976562 0.0277976989746094 0.0629005432128906
-0.0673980712890625 0.251144409179688 -0.0649147033691406 0.0334358215332031
-0.121002197265625 0.175262451171875 -0.135299682617188 -0.178085327148438
-0.123336791992188 0.231292724609375 0.075103759765625 -0.217819213867187
-0.372528076171875 0.407135009765625 0.278915405273438 -0.245513916015625
-0.325042724609375 0.43170166015625 0.0206680297851562 0.0721282958984375
-0.115020751953125 0.55194091796875 0.3507080078125 0.148101806640625
0.050048828125 0.464691162109375 0.3681640625 -0.198883056640625
0.226043701171875 0.41986083984375 0.0835113525390625 -0.224319458007812
0.358428955078125 0.231597900390625 -0.0299911499023437 -0.128570556640625
0.404388427734375 0.043701171875 0.0236701965332031 -0.0117893218994141
0.404754638671875 0.02630615234375 0.0820465087890625 0.0265731811523438
0.375152587890625 -0.03106689453125 0.15618896484375 0.000305175781249998
0.324676513671875 0.080963134765625 0.1351318359375 0.0496139526367188
0.297210693359375 0.19378662109375 0.0629806518554688 0.0954818725585938
0.19171142578125 0.2904052734375 0.00558090209960939 0.0667076110839844
-0.009765625 0.404815673828125 -0.076202392578125 0.052337646484375
-0.154052734375 0.35955810546875 -0.128822326660156 -0.134941101074219
-0.263427734375 0.38458251953125 0.0264816284179687 -0.13348388671875
-0.472198486328125 0.430908203125 0.167068481445312 -0.088134765625
-0.3702392578125 0.510467529296875 0.0125885009765625 0.189056396484375
-0.05389404296875 0.6143798828125 0.35015869140625 0.13330078125
0.135040283203125 0.438568115234375 0.309722900390625 -0.24383544921875
0.257080078125 0.354217529296875 -0.006103515625 -0.279830932617188
0.3472900390625 0.204010009765625 -0.17626953125 -0.160537719726562
0.39361572265625 0.055755615234375 -0.135635375976562 0.00864410400390622
0.41375732421875 0.039306640625 -0.0565185546875 0.0497360229492187
0.40435791015625 -0.006439208984375 0.0251827239990235 0.0276012420654297
0.351806640625 0.116973876953125 0.0220527648925781 0.0598945617675781
0.332061767578125 0.2275390625 -0.000617980957031229 0.0998458862304688
0.255523681640625 0.32977294921875 -0.037322998046875 0.0788421630859375
0.043731689453125 0.521392822265625 -0.102462768554688 0.06854248046875
-0.1759033203125 0.508026123046875 -0.118896484375 -0.073394775390625
-0.374359130859375 0.489013671875 -0.0477142333984375 -0.00728607177734372
-0.490478515625 0.396453857421875 0.0522422790527343 0.056732177734375
-0.340087890625 0.505279541015625 0.0235137939453125 0.279434204101563
0.0242919921875001 0.54571533203125 0.322967529296875 0.096954345703125
0.17950439453125 0.310760498046875 0.217987060546875 -0.255111694335938
0.220123291015625 0.22088623046875 -0.089080810546875 -0.28741455078125
0.266372680664063 0.144683837890625 -0.2900390625 -0.15826416015625
0.319305419921875 0.0574951171875 -0.269073486328125 0.0334930419921875
0.35748291015625 0.049652099609375 -0.186141967773437 0.0652923583984375
0.3702392578125 0.026214599609375 -0.113754272460937 0.0498046875
0.316558837890625 0.14422607421875 -0.106552124023437 0.0610122680664062
0.301239013671875 0.233673095703125 -0.0838775634765625 0.0958404541015625
0.26312255859375 0.325958251953125 -0.099822998046875 0.087066650390625
0.06512451171875 0.5670166015625 -0.142532348632813 0.0718231201171875
-0.19964599609375 0.578369140625 -0.110145568847656 -0.0028915405273437
-0.446685791015625 0.50860595703125 -0.144546508789063 0.141586303710938
-0.427764892578125 0.3236083984375 -0.043060302734375 0.17047119140625
-0.24639892578125 0.436370849609375 0.04449462890625 0.32318115234375
0.09552001953125 0.387786865234375 0.265670776367187 0.049713134765625
0.171310424804688 0.141265869140625 0.119674682617187 -0.22821044921875
0.133140563964844 0.0779876708984375 -0.140899658203125 -0.252487182617188
0.148223876953125 0.083038330078125 -0.3482666015625 -0.131011962890625
0.2010498046875 0.0572967529296875 -0.355682373046875 0.05535888671875
0.245132446289063 0.0528411865234375 -0.286834716796875 0.071868896484375
0.269119262695313 0.05242919921875 -0.23626708984375 0.0608673095703125
0.21588134765625 0.13641357421875 -0.221282958984375 0.0468292236328125
0.207489013671875 0.183822631835938 -0.163345336914063 0.0765380859375
0.219345092773437 0.255355834960938 -0.16961669921875 0.084930419921875
0.0681457519531249 0.507843017578125 -0.1927490234375 0.052886962890625
-0.214141845703125 0.540435791015625 -0.109405517578125 0.0565414428710938
-0.4581298828125 0.429656982421875 -0.253509521484375 0.28289794921875
-0.306365966796875 0.21905517578125 -0.10302734375 0.247604370117188
-0.1243896484375 0.32647705078125 0.068603515625 0.324188232421875
0.142608642578125 0.204299926757813 0.196090698242188 0.00910949707031251
0.128120422363281 -0.00865936279296875 0.0420989990234375 -0.177047729492187
0.0316314697265625 -0.0306549072265625 -0.15374755859375 -0.201553344726562
0.0256023406982422 0.0350875854492188 -0.353607177734375 -0.09930419921875
0.0641021728515625 0.0578231811523438 -0.393310546875 0.068450927734375
0.093902587890625 0.0476760864257813 -0.343475341796875 0.0684814453125
0.116813659667969 0.0577850341796875 -0.3150634765625 0.0595397949218749
0.07318115234375 0.0792388916015625 -0.290863037109375 0.0245361328125001
0.0914459228515625 0.0684127807617188 -0.21331787109375 0.0536346435546875
0.160797119140625 0.11932373046875 -0.234451293945313 0.0774993896484375
0.078094482421875 0.363250732421875 -0.243545532226563 0.0107269287109375
-0.193359375 0.40191650390625 -0.114822387695313 0.0860595703125
-0.392852783203125 0.263885498046875 -0.3555908203125 0.38348388671875
0.199676513671875 -0.07086181640625 0.37225341796875 -0.507080078125
0.0440826416015625 -0.1961669921875 0.10833740234375 -0.139701843261719
-0.134063720703125 -0.12457275390625 0.26971435546875 0.04486083984375
-0.136520385742187 0.0568161010742188 0.2921142578125 -0.08453369140625
-0.00194549560546875 0.112922668457031 0.202102661132813 -0.033477783203125
0.0560111999511719 0.0147018432617188 0.282440185546875 -0.00189208984375
0.0532112121582031 -0.057586669921875 0.35296630859375 -0.0614013671875
0.06097412109375 -0.0324325561523438 0.352264404296875 -0.052398681640625
0.057830810546875 -0.0493736267089844 0.381561279296875 -0.05523681640625
0.0988922119140625 -0.0158843994140625 0.320831298828125 0.046112060546875
0.0712890625 0.0819244384765625 0.146514892578125 0.134002685546875
-0.0634994506835937 0.115325927734375 0.02032470703125 0.109848022460938
-0.11553955078125 -0.0650711059570313 -0.117080688476563 0.00324249267578124
0.0196533203125 -0.16363525390625 -0.148895263671875 -0.2371826171875
0.194564819335938 -0.0897979736328125 0.0915374755859375 -0.26708984375
0.00454711914062501 0.145431518554688 0.393280029296875 -0.486846923828125
-0.0745468139648438 0.0453872680664062 0.07867431640625 -0.107795715332031
-0.143356323242187 0.124374389648438 0.30987548828125 0.094207763671875
-0.099884033203125 0.23223876953125 0.346435546875 -0.1072998046875
0.0830078125 0.273635864257813 0.188461303710938 -0.0747222900390625
0.198013305664062 0.122146606445312 0.219863891601562 -0.0250244140625
0.2181396484375 -0.0233306884765625 0.29669189453125 -0.0440673828125
0.21343994140625 -0.0166168212890625 0.30377197265625 -0.029571533203125
0.187759399414063 -0.0530242919921875 0.337982177734375 -0.0467529296875
0.183868408203125 0.0134429931640625 0.277755737304688 0.0363922119140625
0.151901245117188 0.118881225585938 0.125785827636719 0.106979370117188
0.0148162841796875 0.183135986328125 0.0306015014648437 0.0746994018554688
-0.10784912109375 0.0938949584960937 -0.0763931274414063 0.0166168212890625
-0.0681190490722656 -0.00446701049804687 -0.145309448242188 -0.205535888671875
0.0336875915527344 0.0636215209960937 0.0967559814453125 -0.263137817382812
-0.19873046875 0.315338134765625 0.358917236328125 -0.39373779296875
-0.210708618164063 0.273330688476563 0.0443038940429687 -0.0321235656738281
-0.141082763671875 0.37359619140625 0.339691162109375 0.13067626953125
-0.035980224609375 0.385162353515625 0.37908935546875 -0.1524658203125
0.16656494140625 0.38873291015625 0.149368286132813 -0.148101806640625
0.308441162109375 0.203399658203125 0.108718872070313 -0.0752334594726562
0.344818115234375 0.012969970703125 0.180572509765625 -0.0280609130859375
0.33624267578125 0.000518798828125 0.2100830078125 -0.0016937255859375
0.298431396484375 -0.052276611328125 0.262481689453125 -0.0288848876953125
0.262069702148438 0.04345703125 0.219985961914063 0.0377044677734375
0.231094360351563 0.152023315429688 0.102706909179688 0.0955734252929688
0.105148315429688 0.239852905273438 0.0250892639160156 0.0619163513183594
-0.065216064453125 0.25396728515625 -0.0634956359863281 0.0319862365722656
-0.123321533203125 0.178512573242188 -0.139785766601563 -0.173507690429688
-0.122329711914062 0.23114013671875 0.074615478515625 -0.22174072265625
-0.3704833984375 0.416412353515625 0.2763671875 -0.251190185546875
-0.321136474609375 0.441314697265625 0.0194854736328125 0.0778884887695313
-0.108734130859375 0.558502197265625 0.3607177734375 0.144805908203125
0.055023193359375 0.4697265625 0.368255615234375 -0.209014892578125
0.23876953125 0.42083740234375 0.0799713134765625 -0.229248046875
0.365997314453125 0.23175048828125 -0.0358963012695312 -0.127182006835937
0.41015625 0.03814697265625 0.0264396667480469 -0.0106773376464844
0.409423828125 0.017974853515625 0.0839309692382813 0.0263824462890625
0.37799072265625 -0.03887939453125 0.15606689453125 -0.00286865234375
0.327880859375 0.07794189453125 0.136749267578125 0.0477828979492188
0.303619384765625 0.1893310546875 0.0647354125976563 0.0967636108398438
0.19775390625 0.29254150390625 0.00365829467773439 0.0666656494140625
-0.003021240234375 0.408203125 -0.0737991333007813 0.0506820678710938
-0.15289306640625 0.3663330078125 -0.132728576660156 -0.131813049316406
-0.26275634765625 0.389190673828125 0.0266342163085937 -0.137107849121094
-0.472808837890625 0.44476318359375 0.165374755859375 -0.0902099609375
-0.366485595703125 0.522674560546875 0.0136566162109375 0.196151733398438
-0.0430908203125 0.621337890625 0.35992431640625 0.12847900390625
0.141143798828125 0.44189453125 0.310272216796875 -0.25372314453125
0.26611328125 0.353302001953125 -0.012176513671875 -0.28338623046875
0.353240966796875 0.204803466796875 -0.184097290039062 -0.156845092773438
0.401031494140625 0.05023193359375 -0.133369445800781 0.0128250122070312
0.419921875 0.031524658203125 -0.0557594299316406 0.0516853332519531
0.408447265625 -0.015045166015625 0.0238914489746094 0.0262660980224609
0.35821533203125 0.114654541015625 0.0231513977050781 0.0603218078613281
0.338775634765625 0.2230224609375 0.000305175781250026 0.102081298828125
0.262359619140625 0.33172607421875 -0.038818359375 0.0798110961914063
0.05242919921875 0.5267333984375 -0.099884033203125 0.0681686401367188
-0.17230224609375 0.516693115234375 -0.120834350585938 -0.071868896484375
-0.373199462890625 0.498443603515625 -0.0463066101074219 -0.0100059509277343
-0.4918212890625 0.4093017578125 0.0512237548828125 0.0568504333496094
-0.333282470703125 0.51800537109375 0.027008056640625 0.28680419921875
0.0338134765625 0.54815673828125 0.330780029296875 0.092498779296875
0.1812744140625 0.310211181640625 0.218353271484375 -0.264053344726563
0.22418212890625 0.21942138671875 -0.095977783203125 -0.2896728515625
0.270614624023438 0.145980834960938 -0.29840087890625 -0.152374267578125
0.325775146484375 0.05426025390625 -0.267929077148438 0.0401153564453125
0.363525390625 0.04345703125 -0.1866455078125 0.068572998046875
0.374908447265625 0.0211181640625 -0.116035461425781 0.0507049560546875
0.322601318359375 0.143341064453125 -0.106857299804688 0.0641555786132813
0.30810546875 0.23138427734375 -0.0837860107421875 0.0981674194335938
0.2694091796875 0.327545166015625 -0.100791931152344 0.0893020629882813
0.0758666992187499 0.5673828125 -0.140007019042969 0.0723724365234375
-0.1934814453125 0.58660888671875 -0.111175537109375 -0.00260162353515619
-0.4454345703125 0.5223388671875 -0.14239501953125 0.141159057617188
-0.42742919921875 0.33544921875 -0.04296875 0.172119140625
-0.23870849609375 0.44793701171875 0.05059814453125 0.329254150390625
0.10479736328125 0.38714599609375 0.272674560546875 0.04571533203125
0.171310424804688 0.138717651367188 0.120193481445312 -0.233993530273437
0.132575988769531 0.0764999389648438 -0.146759033203125 -0.25408935546875
0.149505615234375 0.0841827392578125 -0.35565185546875 -0.125274658203125
0.206756591796875 0.05670166015625 -0.3553466796875 0.0632629394531251
0.25006103515625 0.0513153076171875 -0.287933349609375 0.07623291015625
0.27410888671875 0.05029296875 -0.239013671875 0.0635223388671874
0.220550537109375 0.138229370117188 -0.222686767578125 0.050506591796875
0.2117919921875 0.18341064453125 -0.163955688476563 0.079742431640625
0.223953247070313 0.255661010742188 -0.170196533203125 0.08856201171875
0.0777587890625 0.508392333984375 -0.190826416015625 0.0536651611328125
-0.207305908203125 0.55047607421875 -0.110206604003906 0.0559234619140625
-0.45867919921875 0.443817138671875 -0.250457763671875 0.28521728515625
-0.306304931640625 0.2279052734375 -0.102066040039063 0.251174926757813
-0.116973876953125 0.332427978515625 0.0762939453125 0.328155517578125
0.147857666015625 0.19989013671875 0.200759887695312 0.00602722167968751
0.125686645507813 -0.0110626220703125 0.0423583984375 -0.179061889648438
0.0282077789306641 -0.0303859710693359 -0.159027099609375 -0.2017822265625
0.0255584716796875 0.0366249084472656 -0.3599853515625 -0.092987060546875
0.0683708190917969 0.0592803955078125 -0.392974853515625 0.0776062011718749
0.09710693359375 0.0492019653320313 -0.344512939453125 0.0736083984375
0.119575500488281 0.0592727661132813 -0.31768798828125 0.062530517578125
0.0756301879882813 0.0826339721679688 -0.293060302734375 0.0295715332031249
0.0916061401367188 0.0688095092773438 -0.214523315429688 0.0572662353515625
0.162826538085938 0.11810302734375 -0.234100341796875 0.0822601318359376
0.086151123046875 0.36212158203125 -0.243942260742188 0.0125122070312501
-0.18841552734375 0.410003662109375 -0.115104675292969 0.0848388671875
-0.393157958984375 0.276641845703125 -0.35205078125 0.389068603515625
-0.199198803334164 -0.0584591366226264 0.634144099670982 0.0651671402847652
-0.194147420935107 0.105280294865306 0.208108240951624 0.0658659584897084
-0.0493207958700555 0.188980679560149 0.147158049403288 0.262987313034672
0.121922253518289 0.0864994323261495 0.2245149744515 0.177926730103741
0.0617186247025485 -0.0767716552645039 0.125726499507034 0.164335093954624
-0.0529339846447603 -0.0557560946011819 0.120917779691297 0.258690449584528
-0.0985811523846869 -0.00902659553358571 0.180130000925679 0.325350546858256
-0.0876141871320592 -0.0144546326446164 0.216223687030499 0.323210677709852
-0.104178817875122 -0.0232596858494721 0.210052147128173 0.33976337693522
-0.0960285778752908 -0.0607088274025733 0.102816897449349 0.303263213971249
0.00201483834789783 -0.115656500710939 -0.0715140249207682 0.202761754877326
0.136836071797907 -0.026466449949719 -0.0967064452374876 0.0482216844949318
0.0487772924841503 0.126849648152337 -0.0548414405388368 -0.100808973776357
-0.125858108215214 0.0971088595793561 0.132764973635194 -0.22662807490777
-0.172277144349115 -0.0906505138432761 0.237800352956059 -0.0731213048931719
0.0759367685617306 -0.0165002452595777 0.616383915055564 0.0510501872221216
0.0804450693463525 0.0447509074827106 0.139213376455213 0.00350675678576941
0.159340406807843 0.0474320954502757 0.0665335890407785 0.296892272611379
0.244315112931668 -0.0645246091650027 0.223853560345716 0.20128218271808
0.120281885257588 -0.252178967565041 0.128417224678121 0.135994986564679
-0.0525767990190831 -0.22967087493565 0.0885101749661547 0.204962145851979
-0.152021870544993 -0.177431115258594 0.119780751838218 0.290585599852308
-0.170946052907164 -0.137727795770806 0.163785294912116 0.300669318422584
-0.178862458398217 -0.132960132671323 0.171014811085555 0.314246025194001
-0.123928657816262 -0.14768626207598 0.077381413781571 0.266834951994971
-0.0227595814120276 -0.197827132318612 -0.0682718286512302 0.173162823264295
0.147302862869346 -0.132413847342091 -0.0766109985174595 0.0396206389314441
0.14712019459114 0.00663885584548701 -0.0546220869040868 -0.0698081431051545
0.0462937914727161 0.0676266370242857 0.109599785721823 -0.227854502497184
0.0266326756639444 -0.0401306429582997 0.255055439095862 -0.0838493026224377
0.324935755572717 0.0469740498461949 0.51359511504096 0.0332046118320953
0.354993600184809 0.00266015957038949 0.0315977218459597 -0.0430632558629608
0.360926940993496 -0.102433783407913 -0.00868124520424099 0.317250898448395
0.330717217405062 -0.223153687223398 0.231950090223723 0.205822721907451
0.149379272313425 -0.391264018360024 0.15524761531591 0.0675056133203349
-0.0469715838629124 -0.36023915600615 0.0631582988623404 0.0931362635997256
-0.179965641449899 -0.311881772017471 0.0442344600117409 0.194345404585873
-0.229611241862761 -0.241498501062658 0.0851472288468036 0.2333557797639
-0.235867889634346 -0.229415549446615 0.11318040609646 0.260211352514434
-0.146463518541667 -0.230934630727379 0.0368355973720834 0.222675614525358
-0.0499842354443109 -0.277660812329113 -0.0798665306378425 0.149441729919728
0.141401475049287 -0.243099579797479 -0.0845911134866356 0.0311406568363861
0.22259272795595 -0.137042353092367 -0.0740536794937199 -0.0579952648052884
0.216618173672865 5.43486324302497E-05 0.0832859237973456 -0.229337044093832
0.234448019841699 -0.00369549322304591 0.227741083677672 -0.0948207806081502
0.503984343535054 0.115527984611647 0.347789894163954 0.0116059890650286
0.561601229654486 -0.0271186521671076 -0.0966608608053607 -0.0521379785296267
0.49463761931853 -0.240111384951025 -0.0576648018109488 0.33173121972949
0.342865602156537 -0.356127411391406 0.247184922661808 0.181721050274108
0.128800057580778 -0.456732611455556 0.184643225122733 -0.0326822335960039
-0.0463484787208461 -0.415399190551622 0.0375843595747542 -0.0532142933161703
-0.183475960384326 -0.38469636032458 -0.0377611986935424 0.058983241229712
-0.255451002321294 -0.308629641521028 -0.00624473972826814 0.130385907300576
-0.262220962713922 -0.306850959456214 0.0361525404244629 0.177282572165727
-0.156189054338051 -0.308110504598115 -0.0214175259545998 0.158266141881202
-0.0676104675579845 -0.356643265241544 -0.110501441293739 0.116955692590252
0.132264569611708 -0.354268628087656 -0.11750440389032 0.0160240489742116
0.281892906725462 -0.289995046662999 -0.109831046503125 -0.0606483004295076
0.374581195895972 -0.0906473229751028 0.0463425307197955 -0.223267577076982
0.427743493347786 0.021959983010641 0.149581358324671 -0.100105317296502
0.591050279983636 0.163563748965995 0.153501116264765 -0.0102369113016368
0.654965100053126 -0.0556961604799765 -0.218062479905824 -0.0165253344516451
0.507179685035034 -0.32915161374799 -0.0644582675116529 0.331036418194545
0.261696714871216 -0.40382965156879 0.256867926286727 0.13200200104224
0.0709965414239247 -0.422602615709704 0.193818895899031 -0.142176271377688
-0.0434728778765382 -0.382722607767341 0.00252902271782901 -0.199135318627797
-0.157268734510307 -0.38752150113242 -0.115826104254406 -0.086286260496658
-0.24222638164462 -0.329153580907369 -0.0986467362180427 0.00766480673062011
-0.247575790123215 -0.348047158306265 -0.0504090044033476 0.0658599955440639
-0.139408507702456 -0.360061335437379 -0.0928393837525694 0.0658752644996958
-0.063378893407284 -0.406621669490533 -0.152480940505784 0.0590915031915415
0.128679381842073 -0.434896321145781 -0.162053210743973 -0.013989541588013
0.322518425279305 -0.411832565262224 -0.150047695086753 -0.0768299192717295
0.499357724477662 -0.168678778251596 -0.00466743761089335 -0.201511524760116
0.571509408203432 0.0480410794091976 0.0211872527455554 -0.0941703190727253
0.584641647639128 0.178480474965617 -0.0301446549229683 -0.0254148923946832
0.624609025100453 -0.0857569981700393 -0.298246154799625 0.0474727197955777
0.402828235883152 -0.348630639900954 -0.0371221291133994 0.309430732189294
0.127897525275901 -0.347204491709664 0.248191257766202 0.073588812612585
0.0126955723164095 -0.293610265795995 0.17485151696176 -0.225391397002276
-0.0259634344598948 -0.280819201181689 -0.0374090387372581 -0.307587725999516
-0.106196223732382 -0.324701383229846 -0.179322554021755 -0.211204854229678
-0.187471552108941 -0.299280692879791 -0.175655143429933 -0.115988154865786
-0.188510638185578 -0.338752869280517 -0.130926528018983 -0.06056269739942
-0.0871814553716081 -0.354255040111019 -0.156264201433348 -0.0496153279350555
-0.0307441117142713 -0.387446594375148 -0.18743234464225 -0.0260018463140622
0.125385288254292 -0.437668770313722 -0.200298662503648 -0.06431008084558
0.335949012114964 -0.456887908687511 -0.180064481292362 -0.108685200865471
0.562286203144756 -0.199314537900454 -0.0602249805393458 -0.16855407186417
0.630485671336035 0.0828437991199615 -0.143670036174489 -0.081978554477324
0.499719567411547 0.149905810496754 -0.177853872552334 -0.0271482523484432
0.504568383627907 -0.124023935360502 -0.32649235088024 0.115576305569849
0.232890331306729 -0.309294080449845 0.00524328469375544 0.264228665096042
-0.00566644085946919 -0.220402365850078 0.217339232275286 0.0189578643009623
-0.0194834660730132 -0.126871982197205 0.137968899988367 -0.261591658108464
0.00899443947278741 -0.150450114161683 -0.0702675623268086 -0.360340926785168
-0.036493498513524 -0.22158954473101 -0.216416910094607 -0.297795582988551
-0.10275931764494 -0.222899650439928 -0.224896772520548 -0.221710232956142
-0.095834941711368 -0.267184800025005 -0.18617002949603 -0.181453109431776
-0.0185656410570982 -0.272414672930465 -0.187713229187638 -0.16269456773995
0.00336317871727309 -0.282416378116745 -0.192682928900774 -0.11401626064718
0.0940239676821485 -0.352824568229246 -0.219473553808438 -0.123092192095101
0.29636425087361 -0.414154806507123 -0.189798586821086 -0.156264074775853
0.542885510071946 -0.16933304911163 -0.105770807961313 -0.136841401804342
0.581745121225068 0.122834585085157 -0.315740315907381 -0.0722516482305127
0.354382956282728 0.0976213911116764 -0.275411120060642 -0.00810285727692017
0.328923198990113 -0.149963336267771 -0.308970822664194 0.173309810639433
0.0583762121274399 -0.234317268136585 0.040956737300824 0.205795994494692
-0.0974226287773872 -0.0811188355802838 0.173269265617715 -0.0162021394819686
-0.0210699625310367 0.0213621585563886 0.102500138618574 -0.255829397246695
0.0502073932758061 -0.0285537324184104 -0.0846609104587469 -0.362753924100223
0.0413506098560397 -0.100806400142475 -0.224674534045469 -0.344125725022477
-0.00199853824676372 -0.112135633340136 -0.241261276498769 -0.292790217500273
0.00694289570114895 -0.137425148746743 -0.204104561601366 -0.269250205841552
0.035304445259243 -0.121950742333839 -0.180674661939931 -0.239721833162193
0.0025374276444847 -0.114540295325987 -0.172599234513338 -0.171016759868548
0.0150365632037687 -0.215193627660109 -0.222140009009051 -0.17281556465315
0.195342197577929 -0.310600387923032 -0.175155399342236 -0.212656454220947
0.426386128201213 -0.10414091613959 -0.127706866630849 -0.11202469540232
0.424997888576733 0.147978689515615 -0.461871441869039 -0.0729673521740494
-0.204398049888722 -0.0471263245173086 0.631175475139215 0.0350953705268646
-0.187203933960588 0.114640388765574 0.207979120581638 0.0558963011869357
-0.0376341644549691 0.190204722117221 0.161782109062522 0.256589251944777
0.126412492308313 0.0781137792811562 0.231117658032934 0.164652861387019
0.0549402271559461 -0.0809424934128174 0.131660148480639 0.157788365060723
-0.0555724400362071 -0.0523826670292276 0.132011000168677 0.250915342478612
-0.0961991603686581 -0.00126148003793832 0.195553798357127 0.313522476516579
-0.0894592325688605 -0.0067996469624522 0.229943886579987 0.311817686140076
-0.106274664483693 -0.0147946308806792 0.226125097085283 0.326615745569516
-0.0996162375074859 -0.0519836279439529 0.116502387761081 0.295429089851856
-0.00730961731570824 -0.115032376545728 -0.0632071047623563 0.208470397405771
0.133648077458362 -0.0370319238237382 -0.0964606956482118 0.050188665737601
0.0566441585081861 0.125702486455293 -0.0602394487145471 -0.10017431457341
-0.118484797715686 0.1044889207356 0.116779218669259 -0.230033769403327
-0.179677248724327 -0.0793056458015391 0.233998986573732 -0.0793385950261625
0.0729312986333304 -0.0182958097664565 0.614494559598781 0.0222275505088181
0.0827362796167496 0.0409070413432906 0.135204390930339 -0.00297956933835058
0.161915880715371 0.040193208749537 0.0830699279547393 0.294277597199021
0.243775472887688 -0.0772754725446518 0.233303093280158 0.186832757162091
0.106155979421513 -0.258121714285376 0.133670318951478 0.128668848337738
-0.0631977394699965 -0.228240807872521 0.0948870767593795 0.199472569686705
-0.158523950696395 -0.168323617782653 0.133741052970318 0.283434963228465
-0.178819540068146 -0.12567070158975 0.176735868829897 0.292335432851609
-0.186002013927583 -0.121122104975516 0.185420471181806 0.303873166696731
-0.130049553042138 -0.138577418496034 0.0900455509132148 0.261594821357629
-0.0353394532209884 -0.194977471058464 -0.0614861594451855 0.177768681457657
0.140280036304397 -0.142050031829023 -0.0771424424274063 0.0396617691535777
0.148075186519243 0.00160304639220631 -0.0567259918238852 -0.0690884810468235
0.051463285336799 0.0668797965683449 0.0949206537117897 -0.230008166587549
0.021545326935007 -0.0375509909244232 0.252211773540231 -0.0923848904985177
0.325126093428294 0.0327880822617809 0.511431346164794 0.00955725471933737
0.352736712303804 -0.0137292641736055 0.0236695174025429 -0.0430360516838436
0.354886864375021 -0.119685471346128 0.00822279873797684 0.319444802570875
0.322838243536927 -0.238640395047159 0.243840607866218 0.189036911413943
0.129506291245681 -0.3967736388119 0.157376775250469 0.0589809743032143
-0.0633612987896214 -0.360393071411738 0.0628560482290562 0.0893463071610718
-0.19364236666732 -0.303052514773539 0.053735020132248 0.192321792202126
-0.242228551857221 -0.226640009409265 0.0955306993290667 0.22915959768034
-0.246351691237631 -0.215653067286231 0.124117810839801 0.252798543468709
-0.155327007980985 -0.222280661161282 0.047003547425729 0.218559010332293
-0.0651689705382781 -0.273414113275762 -0.0742788025828222 0.153906150632003
0.13052071646181 -0.250697330026172 -0.0855773370048078 0.0314619667179085
0.216513459240768 -0.145062556300771 -0.0738491680851903 -0.0553435341322725
0.218818712891939 -0.00864027265230479 0.0698755959259325 -0.229803473895265
0.232318241568657 -0.0104696997226553 0.225297264074958 -0.104267703517147
0.509648770287442 0.0916490530976775 0.345687380709038 -0.00508833604167857
0.559362451061855 -0.0526286203490626 -0.105325050389097 -0.0457379277396223
0.481198473300655 -0.263392847315759 -0.0384076298220919 0.335620426005496
0.328394453249143 -0.369428666946472 0.258494929445492 0.166688719936827
0.107188139773153 -0.462245939280056 0.183243598642913 -0.0426446753940152
-0.063886484162258 -0.414753394300054 0.030014311308424 -0.0563005421332839
-0.200786160452952 -0.376740764612038 -0.0343257882221945 0.0621074024744206
-0.270570066618358 -0.294020797314149 -0.00160733226242798 0.131858375099992
-0.27680968643921 -0.292491533711162 0.0437661546105325 0.17343657292631
-0.168655609820521 -0.301253713471204 -0.0141290309819487 0.157839508092985
-0.0856305816478321 -0.351625942644881 -0.105534234659873 0.122308833754101
0.116715753369148 -0.36125047416544 -0.11868692090514 0.019141998834976
0.268054633949407 -0.30025461839885 -0.10869893753653 -0.0557930234558904
0.370988507815494 -0.10578216832807 0.0344869331210876 -0.223686760497636
0.427951237365405 0.00501127750664143 0.147325043842706 -0.106885575869756
0.598394687759083 0.135584158511369 0.152097092938868 -0.0181804696444443
0.64870668844335 -0.0859888795992191 -0.223545964398492 -0.00349602993613718
0.487881286849452 -0.351300823430367 -0.0455951035430307 0.336119110621382
0.247177445071029 -0.41380773348704 0.267383930472328 0.1170708136092
0.0512211595117116 -0.423902388425991 0.187617958104287 -0.153356287274593
-0.0584717515203668 -0.383577259062497 -0.0122814786848766 -0.200068137795755
-0.175816173183642 -0.381301453448054 -0.119474212918782 -0.0779625386956475
-0.257915445704759 -0.315669720636737 -0.0984892527033645 0.0136542070649727
-0.265060563437701 -0.335764852449966 -0.0482258631212951 0.067071202130188
-0.153814829070305 -0.354004954716096 -0.0898952698655698 0.0696587445547149
-0.0804876731697441 -0.402326232520058 -0.150225177070716 0.0654465373634877
0.109891603516675 -0.440583068768654 -0.163892095669048 -0.00801140962642455
0.301997436345549 -0.42272729988007 -0.148796099617992 -0.069265232571927
0.49163712551044 -0.19018457424056 -0.0136345174319144 -0.201329710053064
0.574216201675704 0.0226016638885433 0.0197419548865445 -0.0964370857231627
0.595468138681912 0.150852422102907 -0.03180225614437 -0.0262804780953889
0.617668816511558 -0.11928471091107 -0.300010733722913 0.0642468127801567
0.382171173503844 -0.365754038174055 -0.0188107177621029 0.314032437202
0.114621803263523 -0.349048552235411 0.254757214649604 0.058857532369705
0.000857399945309426 -0.291390133975012 0.164077873417903 -0.235595972984291
-0.0347464848174519 -0.282022470229968 -0.0572188980768192 -0.305885797574616
-0.121774041422101 -0.322547295743853 -0.188589185240654 -0.199844133589974
-0.200528962510101 -0.290052248446361 -0.180176685679481 -0.10707490634945
-0.20275143223548 -0.330325454203583 -0.135183649211637 -0.0555153836444407
-0.102327959851372 -0.353507602988828 -0.159732652698689 -0.0420562771914449
-0.0485801926791406 -0.384947598816083 -0.188085358732934 -0.0175430506377129
0.106330291957108 -0.443401873656871 -0.204023590650171 -0.0554303724486896
0.311990228017477 -0.469917542426697 -0.180460071483009 -0.100099685491604
0.552628806355978 -0.223545919067124 -0.0661535444641215 -0.16696172922053
0.636307095839844 0.0536669273901215 -0.143736231640445 -0.0775700633445699
0.508812471301004 0.125848533297152 -0.179354800859405 -0.0211408117373241
0.495024567939135 -0.150086410613443 -0.322107477945241 0.134068125992493
0.215482143678785 -0.318445240251383 0.0208218154113754 0.265843115050031
-0.0137118819850798 -0.216482473592285 0.220995931269574 0.00764443506945175
-0.022140475827731 -0.12284969661919 0.126341397246797 -0.269179492748189
0.00584263294099865 -0.153355330777869 -0.0907530638248014 -0.354240600812128
-0.0462445319930482 -0.223527611561034 -0.229220922419662 -0.285052216009743
-0.112349945686998 -0.218641847899246 -0.234176383296144 -0.21019124964111
-0.107739773882025 -0.26403327051344 -0.195149297415752 -0.173375265786221
-0.0292151508035454 -0.275176792531627 -0.196402804138935 -0.153982235113324
-0.00737230439682701 -0.281638639573977 -0.19793872408349 -0.105376660384981
0.078542696348122 -0.355200658102111 -0.22435828862744 -0.11242619616198
0.275289215568654 -0.425249862600844 -0.193223494334889 -0.147438813174159
0.534296261860925 -0.195512501732487 -0.109892683823709 -0.134229294820761
0.589652590267798 0.0947330202686322 -0.315955311458359 -0.0591937466338573
0.360428738341572 0.0799010263774431 -0.274962365526522 0.00185989866590239
0.31922762952815 -0.167803090217527 -0.300325182155127 0.191086853845131
0.0440014621389789 -0.234966442378915 0.0529361695374775 0.205518550233885
-0.0991096928441723 -0.073607678790374 0.17418879808769 -0.0235733080269406
-0.0163609212391565 0.0244240206067722 0.0909461289992266 -0.260397856618196
0.0523458989141971 -0.0315945214410652 -0.102970592047136 -0.357059409087075
0.0367807499636801 -0.106169119596755 -0.239917926827886 -0.329535420897389
-0.00603998518677571 -0.114512145055085 -0.252726608479775 -0.280413590867251
0.00164979515620029 -0.140506619275662 -0.216127943020757 -0.261038643309002
0.0322642456672501 -0.126529489547932 -0.192944086677372 -0.231054909794871
-0.000117566221032218 -0.114177890322145 -0.179819090891736 -0.16325110106922
0.00516732655111125 -0.213368466421056 -0.228298718370589 -0.159863266613371
0.177650502269524 -0.317565713253245 -0.182910749028011 -0.204589210293699
0.422118891525731 -0.125522408050666 -0.129728054501585 -0.109312228776403
0.433334900998618 0.127361339166642 -0.4631296706829 -0.052300292003952
-0.204169064007197 -0.035582558276896 0.616669062407834 0.00897325229867904
-0.177262203571967 0.119351145648327 0.203847633702736 0.0465135501745126
-0.0271634098937362 0.186492943017288 0.170213423726287 0.244882203951448
0.127796498543053 0.0690614918561571 0.232589880706374 0.150294453596013
0.0479882425305524 -0.0831801402056397 0.133707964843719 0.149322407366812
-0.0572553115361316 -0.0489442115356396 0.137607980919978 0.239797562758635
-0.0923465372148858 0.00517961591291949 0.202807476967981 0.296991063775493
-0.0883875827441193 0.00051950746385541 0.236120189396023 0.296436050294413
-0.105399347673664 -0.0068071490655801 0.23642421494469 0.308843449946452
-0.099689126658665 -0.042485611091144 0.126983898256509 0.282879493209502
-0.0165528075711062 -0.111246114162441 -0.054404202054195 0.20949487732673
0.12891639879089 -0.0451819548847033 -0.0946746818584553 0.0505392349784267
0.0631880998256787 0.122045461501271 -0.0646412236865821 -0.097828254678104
-0.109372000624197 0.108971421594548 0.101352914042899 -0.227182640502331
-0.182699508911057 -0.0662458377053162 0.22668740782215 -0.0830195978147211
0.0692014624448059 -0.0193583744034003 0.598679556867134 -0.00351403446978534
0.0829186444498225 0.0372450542947447 0.127816977483377 -0.00679970833013312
0.161324440565922 0.032543803117731 0.0951445293910476 0.28554989002744
0.239136199979486 -0.0881591645348082 0.2362646323553 0.170723015802641
0.0910115333060432 -0.259228489658164 0.134438709927006 0.119808750884083
-0.0715730140013943 -0.222637304641969 0.0972249889961381 0.191361178572306
-0.161237760998024 -0.15661107324058 0.141912452041503 0.270455909619222
-0.180972691666287 -0.112456267643036 0.182767418594765 0.279350147607091
-0.187567183671418 -0.108247945222222 0.194088270498708 0.2886505583768
-0.132268038360834 -0.12795331927669 0.098900652324492 0.250349975270223
-0.0458515237925551 -0.187734131104696 -0.0540699634248954 0.178566064388257
0.131576299546875 -0.147158623628573 -0.0762169304266894 0.0393593313282102
0.146878865339156 -0.0026938468908137 -0.0582360565997749 -0.0667661977403983
0.0559152323649088 0.0652434062539791 0.0807110232214655 -0.226026945943904
0.0173891907388458 -0.0329887138800331 0.24428753228144 -0.0976879579421649
0.319155003971629 0.0208812069636082 0.499454639158144 -0.0121674350308326
0.345182824815404 -0.0276278129566533 0.0167815375436186 -0.0409498920185674
0.342473580892454 -0.131301647047833 0.0231590995923307 0.314312123232705
0.310733502581952 -0.248389410752172 0.249192610950886 0.171710663851136
0.109443613169096 -0.394929812360649 0.156039268201381 0.0501308106810178
-0.0752870293867221 -0.352572394623424 0.0602566271932296 0.084786114175193
-0.2020480756224 -0.288421571241806 0.0602029135930486 0.185985061693001
-0.247531614711768 -0.209061354960869 0.100585305864423 0.221440460344628
-0.250661949361089 -0.199086472049932 0.131163252256464 0.241097751911483
-0.160139505476484 -0.210747564323809 0.0545315531878907 0.210963158688027
-0.0760323835795564 -0.262881102344337 -0.0679529981093272 0.154426955353739
0.118495612913405 -0.252142478120696 -0.0852985063678236 0.0318330731975967
0.206919551387182 -0.148362480785005 -0.0723106106057458 -0.0524777841165242
0.215309233970335 -0.0152415546153311 0.0579183068413047 -0.225042397032069
0.226180389943712 -0.0150798092014689 0.218253383527003 -0.109629851163735
0.50243028666643 0.0706313246259427 0.336514681750184 -0.019583966669007
0.543743890864299 -0.0748846434126851 -0.110393973925783 -0.0378281351169526
0.4587461300596 -0.276051899755038 -0.0231082433873288 0.33219174390174
0.310791249362233 -0.373980089592766 0.263470374315433 0.147879009300374
0.0861659054033987 -0.457088094533153 0.17734226331517 -0.0524986430612406
-0.0767809354632899 -0.408572513783162 0.0211366876586328 -0.0561540193305635
-0.213195779287937 -0.361299162795487 -0.0305518696112756 0.0630803853313907
-0.277861186991884 -0.273673115633202 0.00259036934889718 0.13054047184871
-0.283091830889746 -0.273500862650652 0.0483743945606029 0.166907795657887
-0.176053983479261 -0.289424293194713 -0.00836606148508544 0.154435403173816
-0.0980803945618629 -0.338298389092461 -0.0993267340401943 0.123998934060702
0.101395579779022 -0.359801124878228 -0.118318352363902 0.021684108160768
0.250463303519948 -0.301633356388281 -0.104516438882805 -0.0508277953291227
0.360873689120911 -0.117526530651977 0.0245228280255683 -0.219110668707184
0.419476935553332 -0.00897754373162344 0.142121811440858 -0.111326953710648
0.593056458268604 0.10987512166794 0.14757102094963 -0.0255277237638176
0.630833613322387 -0.110961907589786 -0.223752345022113 0.00803309568001711
0.462215778916865 -0.363107738964644 -0.0288280182756419 0.333082636210238
0.227890857222687 -0.413233877910708 0.26892381566831 0.0987550526241637
0.033436404177282 -0.414421183988929 0.177560804645033 -0.160345596119735
-0.070960904500639 -0.37652954189377 -0.0253913541171925 -0.1952240350985
-0.189158757535721 -0.367639466565699 -0.119266462678034 -0.0697500753503612
-0.265639562097513 -0.296954054766127 -0.0968784743505558 0.0183438289591617
-0.272126353402818 -0.316593879089373 -0.0461507345660612 0.0666565035939885
-0.16425963352467 -0.344056678300068 -0.0869910002702168 0.0713227226496691
-0.0955374297796061 -0.389273552300459 -0.144835344372181 0.0698599220077588
0.0927762407323348 -0.437761053296808 -0.162847848180216 -0.00291829830321069
0.277867916007577 -0.424349106095238 -0.144551844305791 -0.0623642428685274
0.473919941673583 -0.204874820743057 -0.0209462081596114 -0.196496412916876
0.565072868755316 0.000698498225090818 0.017604820900944 -0.0971554733385098
0.590214716030761 0.122650746087435 -0.0324362241898163 -0.0268827552123932
0.598696428149828 -0.141784998842781 -0.293415369306132 0.0775735834024244
0.355943887417896 -0.372422255398012 -0.00230548900549721 0.310608206151528
0.101824008304488 -0.344109850930198 0.255107360456158 0.0446944000266273
-0.00857472399804936 -0.282105553114178 0.15190340348978 -0.239890987164553
-0.0421156726354057 -0.278010539591642 -0.0724612736507755 -0.296618135221405
-0.132306268654681 -0.313491617506114 -0.191804990700366 -0.185443626101605
-0.209051708414074 -0.274792658429844 -0.180496174868234 -0.0965399510442169
-0.212855529680044 -0.315665067634303 -0.135683219335789 -0.0501001644677094
-0.112366043233921 -0.345099174833977 -0.159862706326508 -0.0355187917128349
-0.0603679262008731 -0.374229937609993 -0.184826254694648 -0.0101443662683358
0.0881735924445857 -0.438584705616689 -0.203086859716649 -0.0466663784686927
0.285039644285577 -0.469283079113928 -0.176435126598613 -0.091093081714899
0.533295636641779 -0.24079119754533 -0.0705760498810115 -0.162749145597883
0.628395227863382 0.0272182034197013 -0.142037246026571 -0.0726081355007348
0.507342059897575 0.102989922182285 -0.175687153722004 -0.0172682446716258
0.476394164696569 -0.168531112025477 -0.310180368505309 0.14650442598569
0.193716771021876 -0.318625453105748 0.0338498468525376 0.260938432880762
-0.019236512751792 -0.207945076738905 0.21952491323503 -0.0029478761295765
-0.0233003399871841 -0.116260140790897 0.112616795022004 -0.270075890731948
0.00321429347531409 -0.152775243802675 -0.107238035003924 -0.343251982280893
-0.0548457799373339 -0.220679525963237 -0.234860155361704 -0.266278697670276
-0.118189227950585 -0.211402387238715 -0.23693147963639 -0.196457534724752
-0.115185562300437 -0.256621474181832 -0.199897040289792 -0.163899025290994
-0.0380854861265875 -0.272229212312956 -0.200793721895766 -0.1430299855399
-0.0163216292501794 -0.275001824604991 -0.197452627846822 -0.0956007197061082
0.0635165546856573 -0.350744916191707 -0.224013936036709 -0.100818011276948
0.24945360199974 -0.424426987485098 -0.191647872253516 -0.137184883386242
0.516207584837606 -0.213901922310356 -0.110891177658793 -0.130877501894714
0.584613565595753 0.0678495955610599 -0.310194978336966 -0.0490921294825715
0.358380914080766 0.0623356985913584 -0.268480820409447 0.0101993285927104
0.303110810568438 -0.179090920937014 -0.284665164823487 0.201531567349961
0.029903156192082 -0.228936499161559 0.0630249114427043 0.200580310608859
-0.098226030551948 -0.0653614738510974 0.171730787000882 -0.0309851132133704
-0.0116957776379773 0.0264463435030896 0.0788645456790124 -0.259329165122041
0.0533465769271793 -0.0352229126122096 -0.118034060244095 -0.345169044184443
0.0317677528350872 -0.109178228831402 -0.247325735900422 -0.310040887670729
-0.0101736924698198 -0.114390639658206 -0.256882985386175 -0.265457406752192
-0.00202798316014622 -0.141158259102031 -0.222953478281418 -0.249068921968661
0.0282111664752925 -0.129219052708696 -0.200030630289743 -0.218179580831019
-0.00166142393244683 -0.111493244158717 -0.181650801556995 -0.153401948699881
-0.00365574014962276 -0.208117879046429 -0.228949958498492 -0.145968782762447
0.15777239930512 -0.315318301856304 -0.184665002006004 -0.192833867391401
0.407140477281312 -0.143190393102064 -0.129153903103491 -0.106292846574919
0.434666507090755 0.106398890104127 -0.452050502861563 -0.035499351492088
-0.202288778239418 0.0332777430046365 0.576068366690331 -0.190133275289795
-0.121217023561583 0.17016379116362 0.201707035354832 -0.0303016242844198
0.0415024880990352 0.178896626208975 0.226179235368277 0.168217964918514
0.142652986248596 0.0152286791487672 0.256648034018716 0.0700832528029188
0.0156227695731808 -0.0909155989138364 0.171074215183467 0.100245723301089
-0.0674218285125019 -0.0226921160037239 0.204918213410959 0.175882861623919
-0.0802342613365306 0.037937176956718 0.285578897665452 0.203862003860821
-0.0778174267531533 0.0321077589806088 0.313183691023135 0.19354595120607
-0.0976027602573824 0.0307811444458128 0.312583976085368 0.204860588325412
-0.103896203115329 -0.00536038389049717 0.205833694392171 0.218686220594047
-0.0546658410333623 -0.0946872333393083 0.0194214355191981 0.212623414605997
0.10196331532688 -0.0850492426542952 -0.076589457170133 0.0763816939094732
0.0983773451043795 0.0925014946367588 -0.0921469793817974 -0.0739497377793721
-0.0642521138724081 0.137073890132914 0.0256257210468073 -0.235983757476678
-0.192851548246675 -0.000416387187682946 0.186770873099437 -0.133030370873548
0.0609895286642034 -0.0448198255598222 0.550769138245827 -0.188926344954196
0.090515337148026 0.00547785133656395 0.109902472656838 -0.0408070541713506
0.163208789760655 -0.0251569258749185 0.174960436130725 0.243800844003322
0.190779441606421 -0.166575727265549 0.271981267474688 0.0948206634773199
-0.00112167290387249 -0.266687805374944 0.169774617940735 0.0766837527673853
-0.136584455593502 -0.179470199406995 0.157384050433236 0.147374828123749
-0.199029870161921 -0.0921364100605759 0.225127696275275 0.205498099190431
-0.196821147692125 -0.0423158047171289 0.261005973033417 0.195231478375715
-0.2045861964334 -0.0354466362492649 0.269933575069888 0.199069184519781
-0.160224560788722 -0.0752376441846788 0.170766147005991 0.199110942256597
-0.103777324839161 -0.154839756646589 0.0110114138341684 0.184396497136183
0.0734448318983136 -0.178928270368098 -0.0632453073696862 0.0622781616646452
0.136482780346485 -0.0473522576466361 -0.0771729837620424 -0.0465715417310049
0.0738364007702169 0.044924358644601 0.00496050703406987 -0.230133553202735
0.00447276153852752 -0.0304386484753045 0.1953654344866 -0.158812932727089
0.309863094204779 -0.0912386961493953 0.449452054807531 -0.159519874716926
0.31131192748541 -0.143028057158692 -0.00972989575061038 -0.0247988019610201
0.275448115299272 -0.234981427016262 0.123107269279225 0.306695874310506
0.202985832515688 -0.337947539596894 0.292514724661418 0.0989222970091574
-0.0261010286309494 -0.397348946640393 0.173163844419233 0.00573771606603249
-0.181762059853575 -0.300237400288575 0.0925858256454196 0.0629186322637633
-0.282582286507048 -0.202775593586601 0.125767493419243 0.157993782153463
-0.288463684385583 -0.109965497848877 0.169737856551556 0.168255883591397
-0.2913147708222 -0.09905382411127 0.197959769148111 0.176833982442702
-0.211753665071193 -0.143909385803126 0.11968305028717 0.177337358295129
-0.154086027773322 -0.213880811930195 -0.00775342476056047 0.166312174758219
0.029728348795021 -0.271279569738023 -0.072676947467756 0.0603251775277113
0.145735406662818 -0.199389945346058 -0.0865051978325928 -0.0272472614384339
0.195176803138772 -0.0799662305635761 -0.0181904603780629 -0.226030693878495
0.206169565782032 -0.0777174004372368 0.16447236935549 -0.16877442757173
0.499244504725896 -0.106344568193988 0.290692748605876 -0.112012202080694
0.478946545529131 -0.252946244724521 -0.129627846490977 0.0282773802854569
0.331997515323365 -0.407835439366323 0.0928498584538639 0.34844849712564
0.158985824833511 -0.452912902973755 0.306644679662751 0.0748947525863176
-0.0679216273943349 -0.447732817793453 0.164549262854977 -0.0952787006466802
-0.201463562772744 -0.352723524935755 0.0121083778555041 -0.0539844056608996
-0.318580011783318 -0.269726914196254 0.00303982163534692 0.0780877025186756
-0.336209787861215 -0.160002312983781 0.0522854653183845 0.116486129634153
-0.343581976531569 -0.158865280411224 0.0999364401063951 0.135251979019524
-0.251046379413995 -0.211724509842141 0.0449242621213849 0.146859472239066
-0.196842725135971 -0.276462526329056 -0.0449208922424516 0.149325124330614
-0.0182915503163124 -0.364503585475999 -0.103998917814226 0.0632993318254709
0.137843900700618 -0.353089889842663 -0.11649819133729 -0.0137770591355982
0.296503795937739 -0.220192353432741 -0.0496749693999613 -0.212507356964643
0.390392022978907 -0.131709824769106 0.0906328043705 -0.154458700860181
0.596663532988512 -0.100028934005259 0.109882082873074 -0.0560641821254854
0.546858278989253 -0.316169373728006 -0.22058062645473 0.110546646871468
0.303945763730185 -0.487977544148493 0.0938291910872944 0.352168651718065
0.0697830009530696 -0.458850542518803 0.300568619107546 0.0237698909401828
-0.0987936689062637 -0.392778033360119 0.130038796181047 -0.199347651220875
-0.184930174701437 -0.327621264012248 -0.0770792967081159 -0.167610881259519
-0.298969574052791 -0.285583697640452 -0.123190614709705 -0.0135994585551568
-0.333198651572542 -0.186131114981221 -0.0739826184300382 0.0473025777355008
-0.349462094721706 -0.203874207691985 -0.0181569520154014 0.0736307800970037
-0.258359714916166 -0.266455403366112 -0.0522074982070033 0.0965122545704279
-0.209495698017475 -0.324546765300102 -0.102672858157552 0.115200276895299
-0.0502662381896683 -0.432129331918388 -0.151194908928851 0.056223792777846
0.124148216971015 -0.473321176079282 -0.157039449257582 -0.00973264006936475
0.371953723493695 -0.336758782083037 -0.0866169238297516 -0.180196413686802
0.529827209178469 -0.168396619392206 -0.0214411415606855 -0.109821152847606
0.597604983077536 -0.0850345285719775 -0.0576622171809854 -0.0018531072382932
0.505588075946164 -0.335174767497111 -0.259890001985189 0.19650697840718
0.205305764054232 -0.459962896184717 0.112994317652853 0.316611740150625
-0.0226582679742064 -0.348612065725569 0.270384818315089 -0.0310919921940015
-0.0941312226818361 -0.257413646266373 0.0760955911346991 -0.267768262427597
-0.126599137722513 -0.248137296619152 -0.156397388303792 -0.245362475760075
-0.229417348205199 -0.254196326394741 -0.229211829402198 -0.097155012311175
-0.276167319999984 -0.185817875100045 -0.189183669057695 -0.0303146474995874
-0.294938763438495 -0.22175407359151 -0.136781608682661 -0.00412796891251492
-0.211981583552579 -0.284890702246971 -0.153291327581314 0.0225967292845777
-0.171968719299295 -0.323983489604695 -0.165152941685909 0.0549495501543186
-0.0549383329318372 -0.432541009369903 -0.199458367943077 0.0281597832245405
0.115588525703086 -0.515953204288913 -0.196573651742562 -0.0248413954574084
0.415619035992284 -0.391077976068697 -0.123302874317689 -0.136333289394561
0.597408299108476 -0.164979282503769 -0.160530718359582 -0.0433187023575354
0.513236235457626 -0.0763106274536565 -0.185156295976883 0.0495378299443806
0.383157941683193 -0.317479867115693 -0.247795807726099 0.260134861588955
0.0718830309218945 -0.356372096348782 0.131527958527851 0.248806816982757
-0.0859666260867578 -0.18164494194836 0.21668261814871 -0.0715596121835573
-0.0537179214614444 -0.100753357173607 0.0244214611929088 -0.285972445752671
-0.0448501465185753 -0.149063694313968 -0.207042193286659 -0.277093135156311
-0.126380757971166 -0.193129536881698 -0.298882448320922 -0.158952178846018
-0.175062807890553 -0.157909039202013 -0.275076174183472 -0.103468587234858
-0.186609839261235 -0.201286498011394 -0.232914271123917 -0.0879888204462853
-0.120421272089082 -0.241060970759067 -0.226427549451301 -0.0644656687403948
-0.099445871426636 -0.247647507235917 -0.20587731913724 -0.0208051670423065
-0.0495160268842553 -0.342595004647263 -0.234640912300224 -0.0166968171951864
0.096922591169706 -0.462698515501897 -0.224204362571079 -0.0630131691522529
0.407157586942872 -0.361324371785209 -0.149957281247904 -0.0947230196508931
0.570181367810678 -0.115427922721192 -0.30564156356624 0.0268866823019328
0.358877282025073 -0.0628513563479755 -0.257158673991353 0.100478239761107
0.218212794869835 -0.268809821248268 -0.199486248543056 0.294958778214737
-0.0496428627605604 -0.217584211473207 0.136731331793733 0.171584802940803
-0.10919477280084 -0.0236557046317494 0.156857802011274 -0.0878938162514384
0.0026260403981641 0.0261080762247176 -0.00889233357615012 -0.266442374435255
0.0387904649600675 -0.0572300017248348 -0.220721689433217 -0.275894287216808
-0.00941727959884493 -0.117374848578472 -0.327175355654791 -0.198076539713535
-0.0466500864630142 -0.10456872729139 -0.317648257561814 -0.159890080860902
-0.0470891188067885 -0.132058266863558 -0.282191034653148 -0.158321061129413
-0.0136098663811944 -0.129907216749748 -0.25082545573355 -0.135391165047993
-0.0342478031138715 -0.102281132375105 -0.212024889696508 -0.0809815835689209
-0.0672639709491228 -0.188669073693302 -0.251908505775198 -0.0594074064165092
0.0450390910322122 -0.335594811967985 -0.233983815427699 -0.117376181074625
0.330191149976724 -0.260727631840536 -0.156883976406971 -0.0675927098799014
0.442887073944014 -0.0356016986675587 -0.428622962690991 0.084783299399245
-0.199201675401863 0.0366685049720079 0.56442627873158 -0.189781080635707
-0.117614705906129 0.168062286845797 0.196616506389334 -0.0295968120198797
0.0426948226893781 0.174338566114611 0.225926872844727 0.164230058843276
0.139685409559119 0.009922818537324 0.251822997125957 0.06654362890236
0.011414284123527 -0.0894847305265925 0.168336003570301 0.0990060730025219
-0.0676153999692841 -0.0211836681512323 0.201745331879438 0.173472215073355
-0.0765658053742386 0.0388685372724907 0.280646175316819 0.199321997763828
-0.0754894131147056 0.0351766736404904 0.308372113502601 0.18905882475516
-0.0953324214799798 0.0343299307731645 0.30892408174394 0.19689322751149
-0.101134977451347 -0.0014046680882079 0.203675230106688 0.211280456716709
-0.0571741128762672 -0.0899644446783098 0.0212902406928389 0.210357983701195
0.0976686170142775 -0.0871903914528668 -0.0783122955987913 0.0757202367311395
0.100882041552551 0.0899887554130875 -0.0939166400994584 -0.0726793456336226
-0.0598950159339024 0.135579867017823 0.021743461478511 -0.227885485718136
-0.190690385882595 0.00555803746970274 0.185041342114985 -0.129262174773656
0.0596508786309778 -0.0425123293708955 0.539861006884568 -0.18933980957492
0.0892771166998869 0.00584539858341217 0.105974210205017 -0.0386991163988366
0.160688384898583 -0.0261431298035454 0.176044335930858 0.239101918037082
0.187287410539059 -0.169420122465145 0.267996007673864 0.0887750105111893
-0.00534475956658444 -0.262889186909895 0.16595517147018 0.073378934974157
-0.137423926395294 -0.176509993755496 0.153597675407697 0.146450510690641
-0.19621938428075 -0.0890507453795295 0.221006371956012 0.200261359027038
-0.193210738332078 -0.0369859960113142 0.25762228980717 0.192007090167876
-0.201253118435115 -0.0304911192320744 0.265716294918749 0.192896556961428
-0.157496080550116 -0.0710528769762226 0.168862963021365 0.192681292810432
-0.104736084300634 -0.148294628035209 0.0122407952841052 0.181663765243598
0.069587389632223 -0.179053008863852 -0.0651567887349597 0.0620689464604657
0.136761526193964 -0.0477752785753374 -0.0772221244406722 -0.046923759649455
0.0751409249744284 0.0441774183067255 0.00293852045994309 -0.222723856150551
0.00507349430184794 -0.0254650225352379 0.19336073275122 -0.156488107451965
0.304401345663688 -0.0909950093962702 0.438723307968561 -0.160880569916185
0.305429441816829 -0.140780470244976 -0.0122907365236668 -0.0212857447950543
0.268366030172205 -0.232963986073833 0.126360817826229 0.302329552964899
0.200398669270416 -0.336916034003981 0.288422568667599 0.0911430610239011
-0.0294135811049845 -0.392229881338182 0.168335038880685 0.00290837292812239
-0.182142957258167 -0.296566580633432 0.0879557088003492 0.0639990389129632
-0.280954169437775 -0.197859031675561 0.123530247892146 0.155006860706519
-0.283829714931207 -0.103539685121849 0.167305347086817 0.166943905667839
-0.286143559813943 -0.0926713605756312 0.194930720471365 0.17207459645148
-0.209020959334231 -0.140583560857602 0.117251453821255 0.172555274495595
-0.153260749933484 -0.206704240638871 -0.00732201240134571 0.164514900537834
0.0265678232343848 -0.268923675229324 -0.0736882561764952 0.0601871465929891
0.144914118403302 -0.19724114867988 -0.0836177540357374 -0.0284297296099689
0.193928489916783 -0.0790462242103329 -0.0200670287504038 -0.219853995653254
0.204324896079667 -0.0747439162645186 0.161470813957532 -0.167575193033858
0.490409019731022 -0.107412315765862 0.283786063470259 -0.113121686682677
0.470032525353291 -0.250437272734981 -0.130721296923128 0.0318510419091019
0.323639107932422 -0.40241091696907 0.0964757374055698 0.344187475897365
0.15595127788644 -0.449072617475115 0.301366630353072 0.0673462095498662
-0.068713401607073 -0.44016111508593 0.159990234593312 -0.0986443160892877
-0.202665706208288 -0.348555859335958 0.00721003994514965 -0.0504659995914804
-0.317565749462143 -0.263309180115153 0.00285153955547851 0.0769349814489129
-0.332828055293398 -0.153759025264891 0.0515823283824605 0.117262158361189
-0.340284387878311 -0.150552436637718 0.0980904966783089 0.133317421475157
-0.2490071455102 -0.208138033218118 0.0439413126794477 0.143957743189699
-0.195477660139537 -0.268794364789013 -0.0444715057570174 0.147487967746252
-0.0202134737300296 -0.360469746406577 -0.104197544003086 0.0632408808017934
0.133803690852734 -0.347767250740412 -0.111896867164342 -0.0157162960857258
0.291716460545382 -0.217937995941464 -0.0504357573094139 -0.208094216552927
0.386032944643354 -0.131415440552254 0.0893448018552569 -0.153648832986429
0.58888157165008 -0.102048296747577 0.106057425093752 -0.0593744646451483
0.535239187536036 -0.315230279031785 -0.218740635757238 0.113832716554372
0.295618146797181 -0.480722663022755 0.0976488711203548 0.348325356722152
0.068425407597551 -0.452379158890795 0.298837635246083 0.017787399720583
-0.0988959500660904 -0.38454775225822 0.124895733790881 -0.200787245154213
-0.182894580375139 -0.325555953679825 -0.0818840495231271 -0.16195848200529
-0.298469897227038 -0.279056112971835 -0.121345823438927 -0.0121070422926461
-0.330163656669224 -0.180318301138051 -0.0730751925848468 0.0493137287980196
-0.345770091376405 -0.197729317026661 -0.019010351364391 0.0734518561480431
-0.256448750995711 -0.263541922438969 -0.0521880129748109 0.0958605156225869
-0.207384441330377 -0.318197026528935 -0.10205584464833 0.113910866248954
-0.0520489512502623 -0.427272398697623 -0.149629299314551 0.0562079339397893
0.120597633037125 -0.464014584849971 -0.15100580880295 -0.0121774821327218
0.36506975044816 -0.33322606633598 -0.0865812941907346 -0.177848962380063
0.523578560359819 -0.170189825893051 -0.021278842493773 -0.109523055758659
0.590577135214893 -0.0904751832832205 -0.0586205454932555 -0.00514972524199561
0.494553380667085 -0.331616032032793 -0.255516598277344 0.197657013124489
0.196936612174398 -0.452152051748408 0.116943501892466 0.31185074714365
-0.0214511903098813 -0.342989380761233 0.266408132534651 -0.0357747235675116
-0.0905514887665047 -0.251137641906678 0.0720525314445405 -0.267653925102224
-0.125416193289726 -0.247282618399787 -0.160158837228058 -0.238164762520243
-0.230048999203042 -0.250288942469926 -0.225581837131038 -0.0929515030038057
-0.273128210569518 -0.181267623271816 -0.186568037668669 -0.0275869223194946
-0.293879415344731 -0.217635520833449 -0.136573727617844 -0.00219249185982199
-0.211085880429466 -0.28215399672025 -0.152229531663223 0.0245538449339656
-0.169338418575402 -0.31805009722502 -0.163888112779737 0.0545555682238219
-0.0563933981719072 -0.425664045466205 -0.196530036518441 0.0287269025111429
0.110695793496918 -0.506913342464375 -0.190174684044373 -0.026488133826281
0.406730404412847 -0.385787283104079 -0.122596191848757 -0.135726377305342
0.589795826181093 -0.1681539246321 -0.158427291594016 -0.0436235068722614
0.505134235599267 -0.0820678929242162 -0.183615281360777 0.0473337429368557
0.372279442256884 -0.316497484438929 -0.241590796927208 0.259993008536861
0.065454111841214 -0.347165541500141 0.134746339242694 0.244435965654451
-0.0825844410899319 -0.176559132676959 0.213463273222551 -0.0744820609771431
-0.0486980009474098 -0.0977984626806207 0.0211265934487095 -0.283614210213582
-0.043596117839635 -0.15020432218399 -0.207823137066946 -0.269021127048865
-0.128559861126819 -0.192072823021114 -0.294194321308496 -0.153563856821504
-0.173518831193848 -0.155255898757856 -0.270642033722199 -0.101128080484512
-0.185845929882374 -0.198926906462444 -0.231207770826208 -0.084327157330311
-0.120537355877571 -0.241108543676461 -0.224516128932011 -0.0597040014730671
-0.0974073163542465 -0.244111043118325 -0.203326870917768 -0.0199835994512813
-0.0498474564069076 -0.33658704164319 -0.230095211447182 -0.0148353400982546
0.0916553387042139 -0.454812571152555 -0.218073331380176 -0.0628888769999925
0.398069994290954 -0.35788223784596 -0.148038824094203 -0.0961226321158389
0.563510087515933 -0.120357946234881 -0.301053627523749 0.0274561358098562
0.353988125939737 -0.0673246372277223 -0.253805829486936 0.0973682631067148
0.210332766844595 -0.267826884092708 -0.192505620475137 0.292306646996889
-0.051463453102147 -0.209779732165546 0.138466831280493 0.167073162151514
-0.104943933382486 -0.0203101511562379 0.154612116557843 -0.0879883734312985
0.00738204887592743 0.02603632201872 -0.0115234154838072 -0.262914206203918
0.0395834605443917 -0.0600728749142332 -0.221380235115832 -0.26845926899021
-0.0124877735142525 -0.118828959303062 -0.321516995639885 -0.192527107208255
-0.0474023022092773 -0.105286219492431 -0.313455312218661 -0.156533671860631
-0.0481901943586327 -0.133581076159579 -0.279991365596248 -0.154455790417972
-0.0134440855334245 -0.132148795106719 -0.24883879351585 -0.130133658479169
-0.0313240202131542 -0.101079115022109 -0.209410301852909 -0.079197739855524
-0.0668328018045992 -0.183565887612298 -0.246465653804082 -0.0559689980006573
0.0419799799713759 -0.328212394742978 -0.229191812479153 -0.115899997973195
0.322288554143007 -0.261326931351822 -0.154774588884689 -0.0695082875393255
0.437941430741326 -0.0407020272830751 -0.421823497560457 0.0847668730561844
-0.200459254713018 0.039509456400832 0.562608866556357 -0.192693100485562
-0.116463517475145 0.168819282129886 0.195659240173789 -0.0292838428329111
0.0446108838246509 0.173773081063976 0.230067136632401 0.163590426099132
0.138512905133214 0.00575660380639066 0.252796191352002 0.0631495424754163
0.00736844133734407 -0.0907163135057515 0.168808725352407 0.0997452672277539
-0.0694934028022099 -0.0194925728030343 0.202849877653539 0.173797418061391
-0.0747063282206991 0.0400625976909638 0.280445103274138 0.198428093301581
-0.0739166361106993 0.0380404706389343 0.310318790155439 0.190035335403514
-0.095135532890744 0.0379867793672174 0.310084229306708 0.193915937002013
-0.100791494287734 0.00221623783482238 0.20533414614973 0.208092224421294
-0.0609556481110281 -0.0868689519104252 0.0244526419474231 0.212788090048693
0.0952839793563016 -0.0908384139473394 -0.0812840104016984 0.0780922914738842
0.105804680803019 0.0888460420075189 -0.0975687422870826 -0.0726699484824655
-0.0575916763605957 0.136811107293296 0.0201666050704712 -0.224754934263219
-0.192352597948772 0.0115554883747391 0.187577401487482 -0.128733740188124
0.0591998138367236 -0.0426012981692708 0.537223291065425 -0.192624069680901
0.0903533735862512 0.00668189335711267 0.104552760467474 -0.0373234591839442
0.161431938686644 -0.0264772085256451 0.18054628919689 0.239594744378925
0.187253435766409 -0.174523040359921 0.268506090507397 0.0837586397945105
-0.00885711131986209 -0.264827167913673 0.165174023909871 0.0730660143812611
-0.141728657766777 -0.176689211569935 0.153218410182059 0.148380770098289
-0.197599325013974 -0.0872083271499553 0.221566143241388 0.200722404194893
-0.193633620968725 -0.0332485623401362 0.258911171289025 0.194078132683109
-0.201261327445415 -0.0263548099633032 0.267463166958534 0.190710639882609
-0.158046603437797 -0.0693052585662942 0.169041668066194 0.191138621755423
-0.106990325272429 -0.144856618485905 0.0122273642417747 0.183409842203907
0.0681039929125953 -0.182225834788026 -0.0679281667002322 0.063320299072266
0.140059601045388 -0.0495799849029444 -0.0785685783737317 -0.0479352168568673
0.0784911046472597 0.0446022370978226 0.00086768852913353 -0.220772604465346
0.00577388810235011 -0.0214808301657059 0.195395136863908 -0.156735894102557
0.303988028627053 -0.0933655913753521 0.4393814434331 -0.163747210005234
0.305911135216905 -0.141543547178495 -0.014260489310291 -0.0180774703614541
0.269292397746217 -0.23434475317415 0.130963698239149 0.304496337003597
0.199548642090471 -0.34379214086481 0.289540140056718 0.0859804936501144
-0.0329858049468914 -0.393914090066891 0.167462664897222 -0.000352071256148636
-0.188746182691087 -0.298601129733734 0.0853684798062772 0.0668809916441564
-0.284351412835966 -0.19680252708151 0.123076714095736 0.155982133480845
-0.284870225810313 -0.0997548404269554 0.168441415424361 0.169279955474922
-0.288172026173106 -0.0877245882112778 0.19668033466932 0.1716510459607
-0.210659204962438 -0.140396033031242 0.117677426944918 0.171748484512055
-0.154490945802007 -0.203870656090464 -0.00720426328541988 0.166195334555073
0.0249529496417866 -0.272294798545917 -0.0760482495011294 0.0613184779704546
0.146145580648928 -0.19887780999185 -0.0833313179263249 -0.0306964121772566
0.19647705227673 -0.0795603510749493 -0.0217711139951914 -0.218407897728229
0.206441551296396 -0.0738488763600046 0.163669485288276 -0.168696486057591
0.493417710684238 -0.111404330093577 0.282672908358363 -0.116984794089748
0.472296231683914 -0.252838447909446 -0.133317701916767 0.0350255198425068
0.32253563533334 -0.404705730692621 0.103975201010937 0.34742664923634
0.155952052163848 -0.453605566913843 0.30451196512968 0.0600784529597207
-0.0711484762690009 -0.441718873382432 0.157880941847967 -0.103367386381853
-0.207160367214467 -0.351191710001785 0.00348336612406242 -0.048771722247016
-0.321721741138551 -0.262968358562271 0.00145132596619632 0.0787305142505486
-0.334459472844922 -0.149500975297057 0.0518115221828488 0.119848179072124
-0.342174059671311 -0.147761964018705 0.0983904899597879 0.1337718038287
-0.251363827591048 -0.209833578006779 0.0433509320216939 0.143780054002136
-0.196076755099693 -0.266589869835657 -0.0453299941532391 0.148946493096517
-0.0217444346907764 -0.364494599361408 -0.106196776141198 0.0643681481327564
0.135561797578266 -0.347948810065047 -0.110222291574455 -0.0190317129281011
0.29389482044015 -0.219473390772909 -0.0518903726312544 -0.207539121345754
0.38882110335112 -0.133249283137172 0.0899046969793196 -0.154766268953542
0.591156744189674 -0.10868178867402 0.104178025561201 -0.0626678359905784
0.537062385499373 -0.318616849260127 -0.22195875947882 0.117758613192136
0.292331008256822 -0.483577764009511 0.104190121802036 0.350635813905328
0.0693571528968895 -0.456790985559924 0.29981734817071 0.0112530991532004
-0.0983439110955658 -0.385760552554011 0.122350623081859 -0.206428639623501
-0.186823838474902 -0.32987377066739 -0.0878946705438743 -0.159622183780808
-0.304107288685505 -0.280344397509938 -0.122719375132847 -0.0102795414801569
-0.33247852423125 -0.178109454794463 -0.0731099136841206 0.0516767224328122
-0.348403344382681 -0.194346882971515 -0.0190476209744913 0.0752409865842693
-0.259920099155451 -0.265964745256203 -0.0536073758944119 0.0971094986416525
-0.207836831638607 -0.316686739190364 -0.103159266000611 0.115401555455045
-0.0539167068601978 -0.429966119903786 -0.150722292917944 0.0576658588106109
0.119421035742673 -0.465441154793334 -0.149011226073795 -0.0151653445662944
0.366097384261857 -0.336165517000063 -0.0883013259137388 -0.178697917922578
0.527866149244647 -0.174363509278176 -0.021659429221413 -0.11160456468659
0.592648953464598 -0.0975231958796416 -0.0615645260802799 -0.00807086184033285
0.494411216062321 -0.336543823112791 -0.257239741055384 0.201829956933866
0.19330933261272 -0.452428271557503 0.1229853750249 0.313365904417912
-0.0205937371979827 -0.343966646486687 0.268391711967665 -0.0414713547029746
-0.0880734336474922 -0.251660298831304 0.0684849615760719 -0.27291718815804
-0.127028380480208 -0.252088611889927 -0.16687936385176 -0.236693820280254
-0.235619120058123 -0.251852727954369 -0.227208160573339 -0.0915614112705426
-0.275523111074961 -0.180431581034958 -0.187161648219695 -0.0259106537124314
-0.296873924864944 -0.217734365811429 -0.138615554620976 -0.000342134773356289
-0.214857107510726 -0.286416580713491 -0.154114344700715 0.0268310002921544
-0.169917460736698 -0.31871863761472 -0.165589316245829 0.0560579790893513
-0.0581924021426699 -0.428644121568288 -0.197390159298514 0.0307730414804965
0.107442707753869 -0.508087367633408 -0.187797144257329 -0.029066865637587
0.40703757861173 -0.388916539281124 -0.124296657153045 -0.13799924713652
0.595831193268609 -0.175232996726581 -0.15966286243629 -0.0444863533595928
0.507295947192275 -0.088257264854093 -0.186113201187106 0.0441355649608325
0.370819062072007 -0.31953182082529 -0.241230809216947 0.2630164452366
0.0634329858397157 -0.346030839444408 0.140771748259215 0.243868958402914
-0.0806404192955882 -0.175720057226423 0.21459692081954 -0.0779942419397598
-0.044468518857584 -0.0982009179525635 0.0179922534963998 -0.287507482007737
-0.0433309510870928 -0.155267988627185 -0.214154571002807 -0.267436197009356
-0.132734867515109 -0.194723123066323 -0.295559718011762 -0.151859978311192
-0.175778830653239 -0.156142517337315 -0.272841422619922 -0.0997468037239567
-0.189909593123084 -0.201382245598669 -0.234263384430166 -0.0820371449587174
-0.123264214377503 -0.245415277313052 -0.226872806561821 -0.0570023963699126
-0.0972307702724618 -0.245281031047642 -0.205090928536327 -0.0183206076285952
-0.0507422835641313 -0.337819772608922 -0.23038664459129 -0.013642294617043
0.0888314225209189 -0.454273053119429 -0.216496677231811 -0.0656339299407315
0.397905568984642 -0.361404048878278 -0.150074356403907 -0.0992077633313797
0.568962578483895 -0.127120988414438 -0.303147079559379 0.0278838198558453
0.356013041035146 -0.0732202672706826 -0.256273508829819 0.0955030330559507
0.206895920749299 -0.271739959319904 -0.190497744765371 0.294880914289065
-0.0539982892210578 -0.207027188490195 0.142387162012968 0.166299924408767
-0.102515492364142 -0.0178299117521363 0.155777711424963 -0.0886312511514717
0.0120913368647776 0.0258743651942462 -0.0130670705938876 -0.264146394425476
0.0406796395900113 -0.0646114787522445 -0.225910890762754 -0.266304268289086
-0.0150811775315635 -0.122781765114917 -0.323170530229201 -0.19069838482303
-0.0486825765505899 -0.107851736540081 -0.31495457708638 -0.158259382377125
-0.0504318192940244 -0.137532592753149 -0.282941193329421 -0.152870271547443
-0.0143932127775498 -0.136825130234665 -0.251494996244519 -0.127479014408593
-0.0289856218801318 -0.102638216289003 -0.210833770200658 -0.0779327966281414
-0.0668441548249111 -0.182603188015293 -0.246115822748284 -0.0538608666503859
0.0391029037165572 -0.327144644913696 -0.229315827596055 -0.118248876493419
0.321777775697231 -0.264904107434149 -0.156158347080286 -0.0737409514674259
0.444397038527648 -0.046959492088804 -0.424542022227607 0.0855384001916177
-0.203270338256462 0.0458995073834477 0.564439853553632 -0.208181165701855
-0.114166268800904 0.173607987347768 0.196163758629043 -0.0329429018102222
0.0489414171244415 0.173781314524602 0.238644018447025 0.160973499202007
0.139062441989757 -0.00024748323077442 0.257166902429251 0.0569079070108442
0.00186850948688772 -0.0920503068200178 0.17284510173771 0.0978336867798316
-0.0722505418253819 -0.0173385478357189 0.209922536707519 0.174429182028471
-0.0734319311163912 0.0425541792843825 0.287314762995025 0.196996433892209
-0.0728876091526846 0.0427119323519082 0.318585316060238 0.187804546081458
-0.094555663137728 0.0443990491916409 0.317864422030441 0.186627037330726
-0.101798760770935 0.00767325295565388 0.212173323500764 0.204362792064582
-0.065676550104967 -0.083594986746938 0.0292978872575125 0.216468843730465
0.0921695420869407 -0.0969816634660329 -0.0830094715589726 0.0826985567273179
0.112670052101314 0.0857149259601481 -0.103000498709462 -0.0704275296711959
-0.0535325953575137 0.140222710207932 0.0150020753514904 -0.224948350161335
-0.194759509592736 0.0204230330547798 0.189951755600585 -0.132838681108171
0.0569941474316792 -0.0447049257045837 0.538448514780541 -0.207257495681626
0.0920842791428834 0.00571895551510585 0.103106903396882 -0.0375753031612636
0.16404871692562 -0.0306896183807178 0.191810872408498 0.240353967914289
0.186552158093576 -0.184570484560344 0.273572579046046 0.0763572653233392
-0.0176695933705612 -0.269290025541299 0.16817046308181 0.0694076008098608
-0.150375383388572 -0.175986966378358 0.157683405674124 0.149699421635388
-0.203244634306405 -0.0830340292871927 0.227890679838898 0.200836525390389
-0.195972562772271 -0.0272217059089501 0.265823592749122 0.193897239252441
-0.204027489450936 -0.0180582739014249 0.273889152048148 0.186977092956568
-0.16181456008578 -0.0647127653879072 0.173974781757539 0.187976329477665
-0.112658656811937 -0.141454784328536 0.0160642606057483 0.187479485169878
0.0631722166089974 -0.188993976013601 -0.0696257135841888 0.0671905616471155
0.143843943318812 -0.0548091630482902 -0.0817322873073493 -0.0476098845655087
0.0827405807324767 0.0440607021693614 -0.00328314979560715 -0.220239967600271
0.00652626726901148 -0.0187457079033476 0.19687069645496 -0.162216725231496
0.306107482956818 -0.102015839178446 0.43862308513109 -0.176977454451551
0.308824536555677 -0.148762983230908 -0.0176967632505933 -0.0153710994269485
0.267745354631373 -0.242607044281943 0.144747645013505 0.307878817771123
0.196647950991723 -0.354881859210556 0.295334287026604 0.0768747920346596
-0.0430739445004632 -0.399888588067809 0.167521860177156 -0.00566452723330459
-0.200372847949868 -0.300620582572369 0.0859436820058154 0.068409930630534
-0.294887842359785 -0.192515094490109 0.127335671155689 0.156880413681254
-0.290461557649975 -0.0918917456420211 0.174177990168721 0.171653938563428
-0.293061296651123 -0.0800059224077263 0.202594780398103 0.170016178275989
-0.217410888153791 -0.136969757067817 0.120813915620948 0.170501914771752
-0.160508175594683 -0.200059451235532 -0.00564321790920314 0.169925076150364
0.0190816446776585 -0.279670254883205 -0.0781531921217832 0.0644858776586947
0.145919412399106 -0.206142780901733 -0.0851597765711767 -0.0326605340383859
0.19980860181893 -0.0846416438874974 -0.027455088901414 -0.219277913986667
0.209772901111747 -0.0776217102021627 0.163217323572206 -0.17479354710136
0.49806752607334 -0.126679220697792 0.280566150819485 -0.127672058851614
0.472494513701368 -0.266053479149474 -0.137142680940396 0.0421178321405288
0.315892642366976 -0.416595053399983 0.11801024602349 0.351063410999315
0.150375685846704 -0.468264460129375 0.309685965592299 0.050793614178577
-0.0811847570367839 -0.445977244459588 0.155576185421318 -0.112019595149584
-0.21950216464747 -0.355227157663291 -0.00217797804634336 -0.0463221635924639
-0.335868754924084 -0.260711483050661 0.00220381207140684 0.0812180864369099
-0.341614830509243 -0.143795194192997 0.0552401394311906 0.123702233350628
-0.349912565157829 -0.139671581194744 0.102295416332498 0.134680971725195
-0.261058762693833 -0.207813213935437 0.0451342881133688 0.14516553405653
-0.203053722724009 -0.264331987065668 -0.0449261667323779 0.153499996642956
-0.0309235460134666 -0.37170355459139 -0.107616039403762 0.0682657788957862
0.130623989417182 -0.358041193197407 -0.111110449257135 -0.0206669854512036
0.295388850533705 -0.228851784698715 -0.0581880945481152 -0.209241208883354
0.394255419988987 -0.143421556258914 0.0890240571229798 -0.160241151979561
0.598046409252189 -0.125721107669673 0.100550330590444 -0.0693345099690457
0.538089503891253 -0.333791510238967 -0.224429328630706 0.12736321174095
0.284696917650584 -0.49511526801637 0.118301559144375 0.354343610253985
0.062324109610328 -0.466463109564259 0.30400152644057 0.000209523608309731
-0.106729214038078 -0.389252214448575 0.116808486867279 -0.215569834380199
-0.198163369834713 -0.333574116201151 -0.0977902237054205 -0.157047197480585
-0.318394886894241 -0.277818072315589 -0.126013387532474 -0.00569088339541165
-0.34094931795286 -0.171884700778445 -0.073526736500485 0.0564476707706903
-0.358707032185949 -0.188861162292663 -0.0185178368463291 0.0780432315734275
-0.27154756506259 -0.265200606728967 -0.0534647843653719 0.100889148375884
-0.215608410481668 -0.315654124838959 -0.103969502349732 0.120173719250572
-0.0641174952111466 -0.438288777308104 -0.152018092315662 0.0615488220426786
0.110122391036229 -0.474908052525488 -0.149579528851257 -0.0169711489427028
0.365705608378521 -0.350305613872426 -0.0957244800825385 -0.180470999468942
0.534390359633282 -0.191832329736447 -0.0242604451765826 -0.113338171063247
0.600913095821518 -0.114377293458358 -0.0659084988827222 -0.0107582894889661
0.494007905676789 -0.353921061736419 -0.258456444830725 0.212056173572005
0.183721441070479 -0.462158448866251 0.136602242193885 0.315834344309014
-0.025864186102265 -0.348916232556615 0.27224704257849 -0.0510130268509376
-0.0905052140851854 -0.253263906163943 0.0612045603399875 -0.282021332567769
-0.13456455378654 -0.257038946537562 -0.179278249220031 -0.23280124031883
-0.248123605332293 -0.251788850450762 -0.233418752573321 -0.0861453667959426
-0.283082351529202 -0.177456108152468 -0.191001719803926 -0.0206184685379457
-0.307828817264555 -0.214933521092938 -0.141563158608424 0.00500040907317358
-0.225897051980007 -0.289091250401119 -0.157179305385638 0.0325416071581232
-0.177622116225573 -0.319180998689251 -0.167525871019881 0.0611376915290475
-0.0679796507414461 -0.435184199101708 -0.199297564389781 0.0347646103690107
0.0977652939852571 -0.515134808036999 -0.189548170214108 -0.0311218756109529
0.404888894844364 -0.405523450153275 -0.130572769649923 -0.139338924226267
0.603167241296277 -0.195488787850068 -0.16296129305902 -0.042399185849742
0.51340654673904 -0.103687768929916 -0.191148117747912 0.0450278991758471
0.367167142701225 -0.335534721035049 -0.239391980634439 0.273372277422994
0.0538261544484089 -0.350495142416176 0.151892758792 0.243825341190442
-0.0827850941423542 -0.175900834265464 0.217609781054415 -0.0852309708480433
-0.0420441895300192 -0.0982924141638495 0.0102135972072647 -0.294724274193684
-0.0466975042330519 -0.160731240937252 -0.227084209390873 -0.263693411116201
-0.142217337883361 -0.196475360522529 -0.303808674333916 -0.146500672642374
-0.182139840405706 -0.156561490772462 -0.279305579832437 -0.09613975106636
-0.199228699098834 -0.203102110962971 -0.241119426846031 -0.0766138938061637
-0.13209070282446 -0.251000396064345 -0.23270301536764 -0.0506849270505152
-0.101004767535966 -0.24811842443876 -0.209537556361525 -0.014283712802527
-0.0580052096874463 -0.342358066557328 -0.233255373879858 -0.00910432159074514
0.0782070207091378 -0.46057860682045 -0.220017148884914 -0.0659574142212242
0.396160554286792 -0.37662190550707 -0.156375057375424 -0.100956297246123
0.578796912618278 -0.147275119101209 -0.307412111055332 0.0343727036877342
0.359884676119687 -0.0853842732654372 -0.260096885991544 0.098750757011542
0.201302782896204 -0.28118222661822 -0.185234373318309 0.303242116823004
-0.0599013654216954 -0.205987545407674 0.151917128850992 0.164582865358054
-0.10141826443937 -0.0150020672781803 0.157955621429029 -0.0928528335352092
0.0178297224094913 0.0251543222821447 -0.0197780481667048 -0.269039507050567
0.0404277425215118 -0.0705878626671081 -0.236765586160363 -0.263511715120478
-0.0203817341747499 -0.126578493404432 -0.331280916923497 -0.18608808481412
-0.0522104380924961 -0.110883374917837 -0.323784185685987 -0.156121788905849
-0.0564283990013125 -0.141770247809982 -0.291993398299372 -0.148524667261723
-0.0175317867512838 -0.142965132571711 -0.257908344082957 -0.122125895779622
-0.0290119472063074 -0.104498233077442 -0.215504126442032 -0.0744653007573518
-0.071308429319429 -0.182185033304118 -0.24886610590487 -0.0495054833702772
0.0313642288003571 -0.330222136425647 -0.234944561346123 -0.118963024825729
0.320995364520872 -0.277311102749214 -0.160987001676676 -0.0754753194928052
0.452641616450112 -0.062398357879441 -0.429810336090571 0.0973696389541353
-0.205171654983315 0.0553673739413658 0.558201987499533 -0.230859345903008
-0.108152516169027 0.178620075894902 0.193691326656218 -0.0395740285395559
0.0576883092128268 0.172877529110942 0.249234075434154 0.151915270400217
0.138153894669826 -0.00811161723758616 0.260196894070476 0.0456260432687842
-0.00563378280265652 -0.0927981682917979 0.177878252521494 0.093101088268458
-0.0753863604283065 -0.0128315177584988 0.218527773606987 0.168796201340014
-0.0714542754293981 0.0469878604570754 0.297469227004723 0.189210919408475
-0.0698287981567209 0.0479179486907358 0.327669945747979 0.178502357417621
-0.0915295057188693 0.052032961614603 0.325795839216378 0.173688394919129
-0.101153157135488 0.0151369609017115 0.219826245911526 0.194520409552811
-0.0712693554238975 -0.0787535391357299 0.0387245789397529 0.218404161471421
0.0854516859197692 -0.10404192108273 -0.0819472946601582 0.0883556483967475
0.120403072804618 0.0789717029715402 -0.108497085777333 -0.0657157595239468
-0.0458088752803693 0.143779972102258 0.00655462121602184 -0.223281555316829
-0.195123020565606 0.0321154872064336 0.187613311957165 -0.138821217601987
0.053701983023755 -0.0469292681727954 0.532624631291617 -0.230095855009804
0.0938635899900671 0.00255370466314341 0.0995406503209693 -0.0400323943459971
0.165084312401764 -0.0364312330259193 0.206067295526846 0.234212947177076
0.180484588822414 -0.196217987499058 0.277143397065332 0.0627518162330421
-0.0316784051486028 -0.270787957314265 0.170774503642335 0.063270070628047
-0.16026363623702 -0.171597860119506 0.163559645794151 0.14720259448742
-0.20876916411946 -0.07446219501328 0.236928814436846 0.19485773808388
-0.196858939627417 -0.0170632688271898 0.276259571102355 0.187523010369708
-0.20438212657404 -0.0066113151632218 0.282860505073733 0.17624041631854
-0.165195205582896 -0.0568464606988206 0.180462245803174 0.180386119121179
-0.118907629874714 -0.135677426630277 0.022888090311383 0.189401730136219
0.0535122220465087 -0.19512599052448 -0.0689602123317419 0.0713498933780642
0.144787778088989 -0.063289360998266 -0.085405392275377 -0.0453266471495983
0.0875859648356793 0.0410315251073644 -0.0125102304902633 -0.218631143495642
0.00690223270834388 -0.0165697814337795 0.192389356957296 -0.169589425781339
0.302504762832762 -0.115495857501468 0.431412032837671 -0.196658474396628
0.306823808165388 -0.16055048939453 -0.0212189107698876 -0.0129277106756966
0.260438175133682 -0.25484927536742 0.16224358235935 0.304687942534015
0.18660810178795 -0.368818443940738 0.297798425542955 0.0601013408332978
-0.0617910218208253 -0.402635080214653 0.166428609892019 -0.014254634561379
-0.216989592574346 -0.295551030472908 0.0865324386458743 0.0688092727955925
-0.30702144948753 -0.180021292348465 0.134014613332782 0.154976295780066
-0.295572515088106 -0.0795441685270799 0.181975881423584 0.168870585198272
-0.296534565913441 -0.0651309859963782 0.210084655418596 0.163143141709349
-0.224269712530658 -0.129044273464928 0.126166259498152 0.166283189305078
-0.167679574733811 -0.19342931069727 -0.000566525790561014 0.172751909176346
0.00654739483186854 -0.284790855813493 -0.077636311942158 0.0684039722977705
0.139891799435839 -0.214119228790755 -0.0875870596878866 -0.0321265693807004
0.200299307078504 -0.0927522797692738 -0.0362926672842591 -0.217594414523411
0.209812582654674 -0.0856492331704091 0.158285824806225 -0.182324506338661
0.494954096507655 -0.147450836920045 0.27419287630031 -0.140642669974166
0.468647032535629 -0.286078556250061 -0.140230073567425 0.0508549453401038
0.302153376723639 -0.429682194302391 0.137361583022104 0.349957011404645
0.134780951829717 -0.480163319576014 0.312119607454694 0.0341780735265789
-0.0993510764042201 -0.446431099853647 0.147998719357581 -0.122294077342709
-0.238134938317131 -0.352662987639293 -0.00818722074570992 -0.0426122154082782
-0.353025220368206 -0.246681422923393 0.00558348790659854 0.0840476899092822
-0.349806858638883 -0.129325213093451 0.0608288931632235 0.126027909246469
-0.357164886153373 -0.123597895340961 0.108912209622542 0.131983682782665
-0.272281313470126 -0.200291031315012 0.049450804053165 0.144516958900194
-0.213063764337388 -0.25750299798963 -0.0409387810157154 0.157330007147748
-0.0460463720069498 -0.375248400872006 -0.10653494939925 0.072146910750267
0.118791090868965 -0.364869653570132 -0.111905912542175 -0.0212104976257337
0.290627552132345 -0.242233759400593 -0.0679051303668431 -0.207075104149892
0.393264053307775 -0.162388345417772 0.0829890247073398 -0.165031829429128
0.597508859361246 -0.15208795813252 0.0948285195666541 -0.0764651699768173
0.529932107748197 -0.358397160494562 -0.224351992240578 0.139305649031707
0.266585734587563 -0.507538930835055 0.138582551537734 0.352029303614977
0.0464998092478469 -0.474820376664229 0.305550684384712 -0.0159487564268739
-0.119625698781739 -0.386733573376484 0.104870099942881 -0.226245366979828
-0.215166328449864 -0.331177803426618 -0.109128555428679 -0.150325119116326
-0.334972815763229 -0.266680304701746 -0.126896243332522 0.000967515516699086
-0.349674631994891 -0.159099091219217 -0.0719902220341543 0.0624553787504551
-0.36941145915345 -0.174183401481746 -0.0154946719549931 0.0811206756004001
-0.285667410873389 -0.258931346315364 -0.0518443312767051 0.104581905177314
-0.228332120459699 -0.308318181855047 -0.100948300312143 0.126235944212215
-0.0827037944286655 -0.440406985121467 -0.151106158259474 0.0676463767163171
0.09254918126435 -0.481822274710552 -0.150809099886729 -0.0163411089219334
0.357052411876685 -0.365394393805961 -0.104245080614121 -0.177949173959636
0.53033002338247 -0.216299311300874 -0.0286611893990813 -0.11344629953206
0.600332706179762 -0.143029919902159 -0.07091554527996 -0.011450407517378
0.481927424661609 -0.375924730899403 -0.253434317607806 0.226288647906401
0.165435182834115 -0.470662665161548 0.154052822811802 0.311478620688865
-0.0369855632345618 -0.351386015443914 0.272577992075698 -0.0662801362338438
-0.0972462451108695 -0.251676600641907 0.0468476942824722 -0.289579275406799
-0.146084082069163 -0.257867732576693 -0.194369001867748 -0.223285011528141
-0.262937931116893 -0.243751177647974 -0.239037488908558 -0.0757725062250276
-0.292573659896467 -0.167299472402123 -0.194186193656767 -0.0120556515534992
-0.318157665275027 -0.204081023371806 -0.142360246652029 0.0118166269811734
-0.241501557713179 -0.285948018187977 -0.158113052934253 0.0408183317698662
-0.188066950439904 -0.31605760518966 -0.167735209914928 0.0686552193733417
-0.0856844647639131 -0.437023742386426 -0.198909485321537 0.0422828128744593
0.0770386468116153 -0.52092229643186 -0.191213059348686 -0.0283574086389734
0.392261211964857 -0.423374755158551 -0.139013991284672 -0.136384646787818
0.601112239219981 -0.22388754778026 -0.165289205309338 -0.0360797508301874
0.513966218114533 -0.129524807131027 -0.194920667591772 0.0497002845667794
0.353743837442023 -0.353239927466571 -0.230335864150236 0.285163595152386
0.0396036552879967 -0.351875631794023 0.16591020567539 0.23761129364195
-0.0873507599256726 -0.174017804657778 0.217372538758094 -0.0973380940205803
-0.0403641545820166 -0.098258888074661 -0.00369283942347446 -0.29885412445267
-0.0538344747298737 -0.164276266988096 -0.242718952025933 -0.252318341403699
-0.153588951162368 -0.193935230529011 -0.311496432716611 -0.134153938494933
-0.190225237334612 -0.152086620150914 -0.285953594349651 -0.0857615595660177
-0.210966636761366 -0.198038039206113 -0.245261790804604 -0.0663535858004018
-0.144736978566705 -0.250993457155107 -0.236967769161897 -0.039935619672325
-0.108945456088475 -0.247398319299286 -0.211951926826478 -0.00553561666985258
-0.0720422173456263 -0.342396787281362 -0.233500187282196 -5.66242604159163E-05
0.0613767844691549 -0.463667404210978 -0.223390475841526 -0.0625724620124863
0.384779276291364 -0.396349758507228 -0.162984064925922 -0.0976493937969359
0.578172070172321 -0.175179747423864 -0.307690023463663 0.0475320177014725
0.358950927298219 -0.103142407776699 -0.261348621397929 0.106517593134473
0.187700122636363 -0.292321155326146 -0.174767727673461 0.312777492808256
-0.0700766975815194 -0.202535078961611 0.161477321025972 0.158188486049256
-0.100116951589164 -0.0109192343903437 0.157319257059293 -0.100333411350431
0.0241759442732498 0.023338786583226 -0.0313831019244302 -0.271656715500733
0.0381805543640783 -0.0772419837006653 -0.251784422659744 -0.251925670063034
-0.028469159074579 -0.129186094089614 -0.341158152873385 -0.17413719330378
-0.057710067134019 -0.112383008985293 -0.333887801006958 -0.146515356322365
-0.0645002333589935 -0.143947068908027 -0.300671381411014 -0.137472187909863
-0.0243101007628403 -0.147616548308778 -0.264192453155192 -0.110943192208859
-0.0305516260166887 -0.105433493554109 -0.21940526969097 -0.0655480847578601
-0.0779048733670933 -0.179136101963605 -0.250777531675674 -0.0402137393576637
0.0170806611470562 -0.330226683185253 -0.241561331492612 -0.114295191348383
0.310265843375856 -0.293758865136806 -0.166990731563307 -0.0735030384148531
0.455150436870909 -0.0860568049288621 -0.42780487183746 0.116687530831947
-0.185785982605129 0.0801047383549867 0.506989979958729 -0.314140762318957
-0.0713438280484517 0.188269309601153 0.175624845896164 -0.0728075263312494
0.091234206861474 0.157812960898111 0.25670284283996 0.108834134749327
0.136070566286303 -0.0344390717718125 0.255827197425128 0.0105109365529818
-0.0194368822251469 -0.0876382557724468 0.192759620743661 0.0657754506485187
-0.0686652051853267 0.00111869743168302 0.238011057854468 0.130459732850688
-0.056376241129615 0.0587142838242257 0.319029700001367 0.139214197866836
-0.0541820527297449 0.0565268675033954 0.342173117687535 0.127403550419238
-0.0757773521102437 0.0657066001008808 0.338910176110079 0.12724049573495
-0.093496883909562 0.0300614483301167 0.239436815226502 0.162590675683582
-0.0796699961751856 -0.0632768667658366 0.0670785652777326 0.211373860256625
0.066408658869708 -0.116612883242608 -0.072738589895305 0.100829911554812
0.130757715172906 0.0589678318146018 -0.118211464566552 -0.0526786708794846
-0.0236605410649872 0.148906085706286 -0.0163074501966142 -0.218464585835949
-0.189792457655535 0.0595570112305812 0.172490796479564 -0.150337728335409
0.0480722820991772 -0.0634769600284156 0.478561256631657 -0.294781966596651
0.0933145149040876 -0.0148695253944533 0.0869243570951416 -0.0469137925197618
0.161993669567429 -0.0611084074072718 0.237047052980674 0.205023123823083
0.146761999506059 -0.22561940228439 0.282931336703281 0.0308368543043978
-0.0707634098577853 -0.25806107898075 0.18684505143024 0.0374184256944609
-0.176903294307505 -0.140327124612155 0.186920458610721 0.117520922074028
-0.214931756713833 -0.0379854827059727 0.267942924916747 0.156052720629106
-0.186964171909351 0.0111772157666139 0.296170652483547 0.143862785274821
-0.195379221696704 0.025274606018063 0.297979239868006 0.13618728392639
-0.167614072906062 -0.0315918938226048 0.199710742242945 0.155203108324587
-0.133240128057295 -0.111817839900834 0.0477925372170736 0.185358528935154
0.0209994410489089 -0.201846923972003 -0.0615855528808723 0.0838629796463067
0.134218713374901 -0.0828717366950605 -0.094603245145947 -0.0346746878600196
0.0925352940603134 0.0300245936559783 -0.0383808286229618 -0.214197134830781
0.00346416464230208 -0.0160881392291816 0.170214276165418 -0.18636804429633
0.278499893510998 -0.171716108474701 0.382019921192661 -0.239185772575905
0.270621876247401 -0.206834426521686 -0.0238604046904847 0.0102460977655406
0.21883003657353 -0.287395198396588 0.213887657933956 0.290078578466128
0.123323718537887 -0.393973637315402 0.31126472602721 0.0301629004768693
-0.119426712225568 -0.382293980603235 0.175054659633029 -0.038659061499641
-0.252147318725481 -0.254711968479075 0.104122655472745 0.0533947862175058
-0.333150028845711 -0.125568336835603 0.167584613844234 0.136530401073042
-0.291878850241709 -0.0358338050498471 0.202961146960473 0.137467916120959
-0.296666349514974 -0.0177921134715088 0.226540337257714 0.132703008936299
-0.237662656354253 -0.0943096699555771 0.146157330391465 0.149854277402007
-0.188743571791165 -0.161860920676218 0.0236283131153942 0.172737800409856
-0.0381178773058949 -0.282532899144011 -0.0688585474797441 0.0837481333599437
0.108147839602988 -0.228582909104755 -0.0961205431698912 -0.0192873112092178
0.184237463110373 -0.116510246933312 -0.0666303241769054 -0.212522975128391
0.194434018309412 -0.112734522505369 0.130006006082884 -0.199160919722808
0.459231255964016 -0.233887089171856 0.234286670903442 -0.154316987297082
0.405381018565902 -0.35467144259591 -0.128371374837457 0.0991979226708009
0.231351044668054 -0.465407029072433 0.204628402405489 0.342037243398046
0.0572387559528159 -0.494903157387918 0.326119604918172 0.000603823045654231
-0.162181921212764 -0.423635901798145 0.142866489329679 -0.142742188810728
-0.285410123446463 -0.307859251026596 -0.00256075262926911 -0.0398143050194649
-0.391441390490315 -0.183662202313783 0.0340141917909613 0.0879211813392675
-0.353375332831028 -0.0764006856605528 0.0802805235644469 0.112154787098616
-0.36654895661193 -0.0661377998826826 0.124200653736851 0.114772745689155
-0.297298053387006 -0.156539367847982 0.0695112778163885 0.139242326555294
-0.240661564874192 -0.217831421042717 -0.0166427260264942 0.162749008228604
-0.102700047842032 -0.363347967541758 -0.0947788650678897 0.0931729445386146
0.0650941304312705 -0.371086895862545 -0.119937971891603 -0.00285472077854809
0.251501048414745 -0.275424901651166 -0.101414211052868 -0.200386731708089
0.366116308419341 -0.212997383270414 0.0539754028020643 -0.177883110820174
0.556053419056637 -0.252281018867488 0.0676504794488821 -0.0624948974358593
0.451335275544622 -0.431641720963272 -0.194732510497352 0.201814153204806
0.180849174714052 -0.534171124349803 0.210343893429693 0.34538093128336
-0.0281384811775613 -0.4753471268139 0.31633838318398 -0.0502191990512436
-0.172650818241688 -0.364919731817282 0.0819461525265469 -0.239539283813852
-0.263689133097833 -0.295602947993993 -0.11752301746153 -0.127701296356122
-0.381408480103045 -0.207293314296669 -0.108139436120676 0.0279034702201348
-0.358995691968788 -0.105289543401056 -0.0570506233088536 0.0689258535899321
-0.388900588581118 -0.113138684861916 -0.00286912807246609 0.0806239354517786
-0.320544246834441 -0.212010262635078 -0.0334429441483059 0.113921771888282
-0.263978672160347 -0.267184157680416 -0.0789447105940144 0.140188741834769
-0.147017160712254 -0.421346808746012 -0.137879744081334 0.0949511355329252
0.023058491772616 -0.479626079301862 -0.157709760372633 0.00957184134461959
0.298329718865896 -0.404810280895793 -0.137876644466903 -0.168737122815432
0.494832979489111 -0.287470059159913 -0.0525442358715022 -0.118354063252519
0.558342550787063 -0.242533985197347 -0.0839277258893892 0.0239444705930203
0.399859109406679 -0.439041684506122 -0.208171164189399 0.287903978193798
0.087523505344535 -0.48060991985009 0.219839435622774 0.296988672832811
-0.0897941437232851 -0.339973118931658 0.272985952498529 -0.101228661525744
-0.130379360659664 -0.237443477646535 0.00988603871238525 -0.292533194241519
-0.187879418538976 -0.234950918111601 -0.212908264492401 -0.184077270419317
-0.307811194589711 -0.197425198164359 -0.231260605038125 -0.0304592076627798
-0.308670436028936 -0.121913560865497 -0.186938633817938 0.0135619120286693
-0.346742810087346 -0.150889301192392 -0.135809046168715 0.0292821087510385
-0.282510878049123 -0.244770148229826 -0.14559041790831 0.0645232075611637
-0.227475894488076 -0.278677869550561 -0.150931730202493 0.0918540398683497
-0.148596594214728 -0.416093718066427 -0.187280442998929 0.0748888812930862
0.004176706386927 -0.515025709901804 -0.199044399830329 0.00316340302228472
0.326675668368383 -0.467717371074975 -0.169735921189166 -0.125150317244294
0.563988475506452 -0.304038798461778 -0.178730121143214 -0.0289247922315914
0.475595337297138 -0.212877506059448 -0.192826501080502 0.09716757266987
0.279753456627599 -0.393446872450695 -0.174258332749986 0.334787708357575
-0.0160067119351334 -0.346875179705805 0.216068096505113 0.214542555032205
-0.109540357789348 -0.158086794951404 0.208606940580174 -0.128867873713557
-0.0516796778421913 -0.0976813781315973 -0.0463447956481839 -0.293790722618026
-0.085907032341785 -0.158284218094009 -0.267380035932495 -0.203445677085968
-0.192567172113997 -0.166083927589743 -0.315564288286405 -0.0785201002122901
-0.209771430435226 -0.121811852384363 -0.288348609398065 -0.0444448066125003
-0.242385213786973 -0.161210959927571 -0.24764167982393 -0.0349425803823814
-0.182777385647008 -0.226290589999361 -0.234417758053884 -0.00508428671301484
-0.14022107830068 -0.225330020704247 -0.20478883988177 0.0234151679562483
-0.12101010292388 -0.323485603000468 -0.225544556982928 0.0348462631783242
-0.00447775308447488 -0.456400502841666 -0.234638400698666 -0.026915969182381
0.321354655634844 -0.440223035944956 -0.188542382963972 -0.0851513365059817
0.549865106904313 -0.252325844748222 -0.306305715272381 0.06882546221499
0.328103452074553 -0.159021071581175 -0.244716298132706 0.15451366751963
0.129962611236235 -0.306626580673025 -0.113770730238846 0.342537838869866
-0.0980525776117675 -0.182427031763545 0.193369235371891 0.128883561620163
-0.0952527992890627 0.0036158961037786 0.144585943978789 -0.127269125315224
0.0290608675205602 0.0109916922198824 -0.0735609020202756 -0.261320360953552
0.016638985514231 -0.0861282978322864 -0.278305188815399 -0.20103083921898
-0.0580739031925273 -0.124128196282431 -0.354817998142962 -0.114937686802267
-0.0782741675175647 -0.101884308869214 -0.344442695562306 -0.0965844479351262
-0.0923098005567551 -0.131796721702031 -0.311389380126153 -0.0973374439090934
-0.0494541155434595 -0.142413877602954 -0.271743534352676 -0.0737271323908543
-0.0431495267110025 -0.098123751981033 -0.220845862294541 -0.0366355553229763
-0.102990206152282 -0.159636769394353 -0.247145350636374 -0.0065046665861578
-0.0303579717288491 -0.319871272299329 -0.256395868342654 -0.0775532776732199
0.263704197046812 -0.330065671335418 -0.186159569818611 -0.0605526415200796
0.442252389460158 -0.1470190485472 -0.411332681049186 0.151424320168043
-0.180531901184135 0.0862074777248861 0.480454655618145 -0.318704201228269
-0.0643486728065859 0.184737434706328 0.166312876795824 -0.0728814658760403
0.0939026780415449 0.150001745862137 0.254310062811351 0.0976684887327355
0.129764655667802 -0.0395894817334221 0.247694701182983 0.00152070393377398
-0.0252609161172357 -0.0831814953549253 0.188834420543227 0.0585331482238206
-0.0684601721587507 0.004855369693171 0.235598815755158 0.120435959976067
-0.052008681092138 0.059797811542907 0.314396086884254 0.127716128709832
-0.0496479761388116 0.0579137190931094 0.33712669253821 0.11716621056659
-0.0692078792488307 0.0684088566533485 0.330210116463654 0.113861213104375
-0.0879019808722148 0.0345799423728467 0.23420457882739 0.150087454647037
-0.080055745546783 -0.0572238408024357 0.0721138685955652 0.20494911197439
0.0585887585219295 -0.116917499019729 -0.0684592696558126 0.100999440709139
0.130361845288586 0.0506303203114823 -0.117729215370958 -0.0468755727457273
-0.0159772701225741 0.144355982596208 -0.0210560367078864 -0.209425279978053
-0.182304603499227 0.0671613355583642 0.165843928979929 -0.148700455126608
0.0425421685317171 -0.061005306942443 0.453714053125237 -0.299059314035569
0.0913908659875278 -0.016311681198675 0.080812457596252 -0.0446834567663091
0.15791595084945 -0.0639328269080817 0.238278014722011 0.191188904463923
0.136302616545793 -0.227383666016651 0.27312561822039 0.0193532320488947
-0.0784852204823471 -0.248590646747429 0.180474994264139 0.0305713667993251
-0.178805973351956 -0.131038761665659 0.184390609237215 0.111773113571022
-0.210023829213832 -0.0277687214247572 0.265443985270445 0.14602434911767
-0.180166045344667 0.0168793642114007 0.291719062091313 0.135128789784443
-0.186104330781353 0.032557591579717 0.291811327214665 0.124448488145829
-0.16311287207493 -0.0238284300866808 0.19576987343088 0.1454115703468
-0.131682630211587 -0.103612688808079 0.051849926630769 0.181189841817327
0.0122833573891825 -0.197822678775558 -0.0581589394043861 0.0831521419037444
0.129337764080962 -0.08647892473801 -0.094756376018959 -0.0318323759649946
0.0939156536299157 0.0254445752929855 -0.0430674478093568 -0.204422647569049
0.00391891359737357 -0.0135351174799742 0.161382690467328 -0.184479031385782
0.262664891200184 -0.17357072459223 0.361661467846918 -0.241338841473812
0.259011037968766 -0.208008965883017 -0.0259996819963128 0.014933151443949
0.207798286354502 -0.284752938294481 0.218353292432122 0.274317681961856
0.110104161132438 -0.391893056931863 0.300032306941466 0.0171008848086863
-0.127135336532112 -0.369350979215725 0.165457084345214 -0.0435820222020441
-0.25624245470943 -0.241866472680231 0.101303954040513 0.0529654686191091
-0.328022692737282 -0.109196635906668 0.166631141197406 0.128768773139464
-0.283720187925073 -0.0259147145058691 0.20240281040256 0.132562988608717
-0.286165664888164 -0.00782305250004962 0.2233646432991 0.123335429426597
-0.234011279156396 -0.0831063404473376 0.143349739731397 0.142560767946198
-0.186014833435927 -0.150980704712738 0.0265057763599989 0.169739884252852
-0.0468963387685834 -0.275113585188123 -0.0664000920526971 0.0832086940355561
0.0999098285481499 -0.225965804689018 -0.0951600498477393 -0.0179399334801671
0.179312371656507 -0.119428135031768 -0.0700754516739982 -0.202371061171251
0.186499671176086 -0.113686046428521 0.122563020934964 -0.196691985729436
0.437374626801961 -0.239175580885661 0.219815718006408 -0.156158860053924
0.384855873937792 -0.355760343232527 -0.125225960570068 0.10393255401008
0.213279914237182 -0.456404608810224 0.212781336426353 0.326240568190212
0.0421083241851717 -0.487769016507487 0.315574458378712 -0.0122924427300113
-0.168408369344874 -0.408384387992164 0.129838523611575 -0.144913446606217
-0.289024572000032 -0.294608316084988 -0.00619875469910904 -0.0336111641035929
-0.387058230943755 -0.164892269012672 0.0354023112582878 0.0853413049702916
-0.345236561001208 -0.0634810785850788 0.0818786629508192 0.11092120114794
-0.355159413982515 -0.0522860068930903 0.123618596429329 0.108972781353475
-0.294343144628665 -0.144115270780859 0.0697522547948479 0.13490214808152
-0.238031231000329 -0.205795822931192 -0.012984914450458 0.16131915646279
-0.111630796282089 -0.351586152547476 -0.0911914700518454 0.092338223501704
0.0550471043822636 -0.362206328263342 -0.118063724859367 -0.00277633361417471
0.240059003249076 -0.27417026823374 -0.104142417037823 -0.189946861809899
0.349809933165901 -0.217595067826584 0.0485791038885679 -0.174836639171913
0.532798577272056 -0.262638419040471 0.0600460411815322 -0.062553232083164
0.429036413482106 -0.43232010061993 -0.186651333453949 0.204587357893057
0.162302326672963 -0.520849057072075 0.216875961768212 0.327972864189432
-0.0404663398100094 -0.46264879385753 0.304694889268 -0.0612046553521729
-0.175383400321742 -0.351822328989059 0.0680885164469829 -0.236887484034942
-0.266189069746134 -0.282914011210753 -0.12030314538453 -0.115538977161107
-0.379303709814674 -0.188556820273785 -0.104394822242671 0.0306798457701446
-0.351923211105447 -0.0940136446378777 -0.0531718047601354 0.0715861789338868
-0.379044873475496 -0.0981641126688779 -0.000470390080913321 0.0793914822869591
-0.320252914812181 -0.200121308051854 -0.0305491977257024 0.113912322176775
-0.261576183812925 -0.253056554372312 -0.0736515093358633 0.139572963974695
-0.1562593216875 -0.406287927575391 -0.132289613022222 0.0950397289507596
0.0119754581984014 -0.465422180219111 -0.154663264263501 0.00891008917508153
0.280959187109264 -0.403096367198982 -0.139615736321046 -0.158933333576637
0.471783204351173 -0.294331286200941 -0.0537105474173264 -0.113842878475858
0.536384217470384 -0.254257367293698 -0.0854733506867388 0.0249937277463029
0.377729502501305 -0.439098379037093 -0.196960678058029 0.288401823954785
0.0717254456045444 -0.467880430359909 0.22487800027794 0.280618330908639
-0.0954086028734014 -0.32972373183339 0.262060622834287 -0.109418333745863
-0.128310073747257 -0.230119117848914 -0.00282144166599998 -0.286182052930818
-0.191253689882795 -0.227090822396287 -0.214359887036829 -0.167452598594767
-0.307248590863945 -0.182130380703542 -0.226023903870008 -0.0222697162211939
-0.303687188001467 -0.112357327542363 -0.181419932797896 0.0212079331748881
-0.341646697845352 -0.136485565197061 -0.130709958683734 0.0334030369790375
-0.283930250558613 -0.232648436232858 -0.140882139383463 0.0689110361202636
-0.226099927930378 -0.268296001501118 -0.145541993184714 0.0940639446869474
-0.157187212160417 -0.400338395372683 -0.180541976590716 0.0761142469647711
-0.00808399077685541 -0.498843282000975 -0.195059740179331 0.00491234098650029
0.305303241387574 -0.464157353157756 -0.169458829092902 -0.116152220798777
0.538841907237943 -0.312901815184011 -0.173639628501429 -0.0237736418381016
0.455734732445834 -0.221665165355809 -0.189017001096573 0.0980840061476779
0.259809838117455 -0.391257502814556 -0.162159580207621 0.331783013539403
-0.0257184378394264 -0.332187217350976 0.218059932472936 0.200161711485879
-0.109711046544675 -0.150668903487127 0.200382720786151 -0.133248456721188
-0.0480577024375782 -0.0969690029136036 -0.056104424046986 -0.285162085863877
-0.0885101594885054 -0.155638586358213 -0.266357024962604 -0.185114212823224
-0.194787241313835 -0.15654397913564 -0.308767350256833 -0.0659383505337813
-0.208215535651076 -0.11516791814142 -0.28212441811089 -0.0345134689744385
-0.241283305461866 -0.150848660089461 -0.241067915901097 -0.0262347639184477
-0.187151183220287 -0.218128605693912 -0.227837262796045 0.00306251654161897
-0.140329015126489 -0.217571126659013 -0.198844156657882 0.0279929893071199
-0.12669580182449 -0.309894678337514 -0.21824976154065 0.0382155605780346
-0.0174234141922851 -0.441561264428148 -0.231277158572793 -0.0223254431021946
0.300317814492691 -0.438256994188066 -0.187196363426141 -0.078985724240932
0.527014017935338 -0.265054807170645 -0.294593168744257 0.0755105086501099
0.313460876010966 -0.167698502761978 -0.238498357261482 0.155167469418089
0.116416460294224 -0.301242934057772 -0.102037187342761 0.33556802293514
-0.100480531178098 -0.170905847367115 0.192833990904951 0.118486527721873
-0.0918983700865701 0.00706660690298775 0.139457849696658 -0.129175735157354
0.0330107552974407 0.00650613470499692 -0.0798549603483204 -0.251480132738557
0.0135736523945179 -0.0879016744198125 -0.27515567357414 -0.183923437221727
-0.0626330381658179 -0.11995006243734 -0.347854914509792 -0.101369925538577
-0.0802833980844387 -0.0995778299615911 -0.33932043404632 -0.0858354088462551
-0.0957165756135719 -0.127720323930926 -0.306234215708503 -0.0859294342653639
-0.0542597306862716 -0.140308203946849 -0.26498571162166 -0.0629962113547524
-0.0423732428343349 -0.0967975964142855 -0.215015785969631 -0.0299390629892258
-0.103519627750801 -0.150677578477851 -0.239301543668406 -0.000508519990493258
-0.0369226784005997 -0.306817989046134 -0.254197820413146 -0.0704809279552403
0.245261998552285 -0.330328593833663 -0.184436016579421 -0.0562935699980652
0.425548907407155 -0.160131797171952 -0.393705221625386 0.158425644275207
-0.177126220019645 0.0895005703688092 0.467186993398147 -0.313192360644825
-0.0619721766428761 0.181463446716525 0.160616984287647 -0.069083320411512
0.0936989145957953 0.145138623239898 0.250810251465538 0.0942588876784852
0.125573533104313 -0.0415095134862973 0.240984418237872 -0.00183166589779916
-0.0281500712734708 -0.0786114564619816 0.185221014454092 0.0553126177813343
-0.0683607715149623 0.00725996877394657 0.231164300615433 0.117143209416864
-0.0489352331967766 0.0595151423196006 0.30841392665767 0.124020544324374
-0.0467649272533183 0.0587085059388249 0.331464557824905 0.116359622511935
-0.0643251485185341 0.0694084646011822 0.320851208912324 0.109734199528495
-0.0841408886130833 0.0368263967071135 0.226906487951946 0.145203315592198
-0.0788568623897489 -0.0530712624007248 0.0729557264518332 0.201578764730291
0.0530005057652317 -0.115675265375198 -0.0668785812508108 0.0999254492284856
0.129479198741671 0.0465853031533498 -0.116771177326498 -0.0442714792387055
-0.0118940792483287 0.140188735636311 -0.0217573719487107 -0.201585163581264
-0.177243447499259 0.0698722141148141 0.163400709175294 -0.144718725083004
0.0386163119640823 -0.0565045788721891 0.439997465059226 -0.294421492383051
0.0903430207591474 -0.0161788121881725 0.0764073299825786 -0.0401347658625663
0.15630547633845 -0.0634309264700258 0.236520313353469 0.184243252646612
0.131702782221553 -0.226867121670348 0.264560837905447 0.014790666936781
-0.0811270699898696 -0.242204107048928 0.174128366238551 0.0283659095350724
-0.178642226715902 -0.12578636377171 0.180354953742285 0.110449698612093
-0.204550430079282 -0.0241537383740745 0.260143566525276 0.141668919904965
-0.175062476784399 0.0191154108672193 0.288011897688796 0.133957634634011
-0.178382927433158 0.0345929776206421 0.284092340026489 0.120248383444722
-0.158668397939198 -0.0203949809068426 0.188484803125392 0.141843626814936
-0.128681754849739 -0.0991083941661867 0.0512674097369626 0.178538868015731
0.00848802787511311 -0.194375613731079 -0.0582116799651798 0.0815043297614079
0.127053035189699 -0.0869681028073419 -0.0938028564881876 -0.0306517268016658
0.0948269081673495 0.0226410831674777 -0.0428780454807676 -0.196469459338254
0.00393196726191053 -0.0111055307554343 0.158238771386007 -0.17955946780182
0.253590817591686 -0.168441969686762 0.349697145087142 -0.236271362648521
0.253888693496997 -0.204721913500482 -0.0279092953646226 0.0192995832603738
0.203591930168858 -0.277252371542938 0.218003990638551 0.265307642085435
0.106513796623725 -0.387717252629069 0.291528972810186 0.0112947932569949
-0.126564345641575 -0.362234485703995 0.157087807321838 -0.0448806644033886
-0.254973389177722 -0.235082492498523 0.0973098830635189 0.0556511634489042
-0.320841986481198 -0.102168791210317 0.162568474135711 0.124920360458526
-0.276616620562135 -0.0233706556068356 0.200575325885442 0.133025542945307
-0.276896277264216 -0.00396871923416093 0.218313045053494 0.120041013443895
-0.229243651903439 -0.0789495244065999 0.13870183279018 0.140490506967163
-0.18066404119929 -0.146914972906019 0.0256929323359295 0.167594941117879
-0.0493780149225321 -0.269387458499214 -0.0660893594936411 0.0811530347811207
0.0983385771049585 -0.222174660069766 -0.0952471531590605 -0.0190517580396166
0.176403350175025 -0.119812343483157 -0.0691954835074081 -0.194088116490888
0.182769633779951 -0.111566055496353 0.119466426471167 -0.192575591304986
0.425116819818904 -0.235366843300741 0.211278417844004 -0.152149054509457
0.3768399046431 -0.349216197417569 -0.124330506616521 0.107335435259091
0.208380965195619 -0.446933711126678 0.210128286633898 0.315729615740456
0.0400567482271803 -0.481945878666139 0.304710474957048 -0.0171243570591248
-0.166319569828721 -0.401611930751281 0.120451161638023 -0.143410732395937
-0.287651777125095 -0.288777712893881 -0.00855079806756251 -0.0280235909430578
-0.380106980186337 -0.157159827744023 0.033642165665936 0.0835756654821668
-0.337006896193411 -0.0599931821232919 0.0817967309077575 0.111851298354774
-0.345798801937764 -0.0481299358841279 0.121772014216339 0.10748612520196
-0.289074808299376 -0.139228852178878 0.0666417676150893 0.133915409916693
-0.231276683086857 -0.201102187476113 -0.0131529710194736 0.159639137557834
-0.112126470857344 -0.34353838386303 -0.0904291251846574 0.0894835003192917
0.0531916341364455 -0.355199678628143 -0.117493515715373 -0.00431733439270518
0.235780917618399 -0.272331270644684 -0.102501517775309 -0.183368188749007
0.340947235954839 -0.214692327813206 0.0476468029434819 -0.171274676801528
0.518130810966984 -0.259827583583681 0.054375761132386 -0.0611842826532595
0.41815466743582 -0.426808405535615 -0.184538329345867 0.206067289216934
0.156708739455955 -0.509591124128106 0.215719835006814 0.318362820685637
-0.0412392724490459 -0.455622118043525 0.294828135145831 -0.0663851482948404
-0.17099134875992 -0.346562925965828 0.0590982365586012 -0.233114627968209
-0.265123672933214 -0.279064179891879 -0.120439762371209 -0.1066756979948
-0.371835353098369 -0.179022981073233 -0.102684145846408 0.03082223713137
-0.345101342080248 -0.0903134302798587 -0.0503917730107987 0.0746207784080723
-0.370079402535531 -0.0937879376705943 6.39121918942185E-05 0.0791485855065225
-0.315513795427517 -0.193742046798345 -0.0307519307323735 0.113922948094628
-0.254713397413187 -0.248574406789904 -0.0729115424489254 0.138297974701861
-0.155868368088696 -0.397519719955321 -0.130844598680133 0.0919171438383645
0.0108051272351957 -0.454167216899171 -0.152820987136682 0.00755939073840096
0.273869699645543 -0.397204286953156 -0.137282954495986 -0.152996788102054
0.460720797614003 -0.291864208218276 -0.0525571583582393 -0.111942512419564
0.520418642652222 -0.251568844313365 -0.0866938997635933 0.0247195146384591
0.366171327167299 -0.431752490596945 -0.193577441810545 0.286655202472692
0.0685773042619114 -0.454818816036564 0.222340619175906 0.270784710565156
-0.0948508640194109 -0.322609260102256 0.255007063906345 -0.112581270278511
-0.123348757101222 -0.227803958463738 -0.00885626676170756 -0.281230352493521
-0.189696164656033 -0.224705477672839 -0.211795667100648 -0.156959093606269
-0.303637963729371 -0.17489318400821 -0.221005798221288 -0.0198560381634051
-0.29911496738453 -0.109640339248112 -0.176880654420856 0.0242114672154826
-0.335639562916326 -0.13120494556341 -0.127484923980516 0.0342069811557325
-0.282204026546727 -0.228002990538509 -0.137702470281185 0.0706364481341764
-0.220511545228646 -0.263964244865505 -0.143173402543689 0.093071053910746
-0.155217410243953 -0.390742101702921 -0.177529502734597 0.0734982811124104
-0.00901112509830473 -0.485732774263639 -0.192928243240425 0.00311840104895229
0.296075150308621 -0.456524688541584 -0.166516513807787 -0.112896796127168
0.525014129955641 -0.313381298396782 -0.169374304740855 -0.023490003067942
0.442469783195443 -0.221454878263428 -0.188090068068837 0.0967500113200939
0.250938676744377 -0.383535899898411 -0.157995974290276 0.327854934001815
-0.0258338161426459 -0.321041921938981 0.215411293848306 0.192295787845589
-0.107080101232939 -0.146875090214064 0.195761134664712 -0.134991343716903
-0.0429663454034406 -0.0985948139407469 -0.0597853485567785 -0.278916409419244
-0.0882023689013773 -0.155615545709608 -0.261586988178331 -0.175414834111132
-0.193761407284684 -0.151962080232966 -0.302732612913666 -0.061834295527971
-0.206357576873073 -0.113687724228801 -0.277589732360975 -0.0312218699148453
-0.238881721666019 -0.14724314858195 -0.236180918404567 -0.0243702194419508
-0.187100888347388 -0.2152353353046 -0.222096915338416 0.00584885766919336
-0.13590676898842 -0.215552131064072 -0.195157378497249 0.0282599666319704
-0.123766349283193 -0.301788671754116 -0.213944015226113 0.0363326398958863
-0.0166470096571249 -0.428596261337939 -0.22852304131439 -0.0231903917696315
0.289963395403761 -0.430056784751227 -0.184240291696605 -0.0769126183066237
0.514071366134992 -0.265644670957937 -0.287298020376875 0.0740214073705529
0.304092259182546 -0.167625001290375 -0.235887289372595 0.1519119513957
0.10969112388029 -0.295261152673633 -0.0994534401459552 0.330216502505981
-0.0986198205027152 -0.163084205509081 0.189833186988381 0.113061889060562
-0.0889376679423265 0.00866919835733421 0.137543675990304 -0.129714492622801
0.0364238213908518 0.00203136125640007 -0.0811628669921332 -0.246039168618434
0.0125650485692042 -0.089867777211675 -0.26938950007787 -0.174897367998686
-0.0648187331119565 -0.118283250047401 -0.341033043209298 -0.0964862923965955
-0.0812245337139378 -0.0999784199125171 -0.334452536534164 -0.0826260454949181
-0.0967047864361755 -0.125821991930793 -0.299576864062321 -0.0833841613907872
-0.0552313739036361 -0.140220417014425 -0.25832208534682 -0.0597245800463294
-0.0395041505232971 -0.0975535097789674 -0.209331368545006 -0.0292141592563541
-0.101100206713462 -0.144692890655023 -0.232988542137301 -0.000270916409327591
-0.0374818704174902 -0.298326669905494 -0.251765816526229 -0.0687399342296372
0.23769190401288 -0.325855932617709 -0.182127476169194 -0.0564455985419451
0.416332042528005 -0.163810404947143 -0.384004067838352 0.15649492143983
-0.177474124038662 0.091875537523745 0.46423755760982 -0.307838482348568
-0.0631746919113109 0.180614611481551 0.159501479038799 -0.065081782015083
0.0940511260735778 0.144183213467066 0.250933448499011 0.0951772616763339
0.124324444637411 -0.0441587196339431 0.238311908378011 -0.00173729719212692
-0.0302247769081436 -0.0763438213657333 0.183606198212692 0.0552362956657042
-0.0696474331270891 0.0102061853650987 0.229726198743625 0.118919435710935
-0.0473996118518433 0.0603602620853679 0.306609719319256 0.125653260562147
-0.0452834823147345 0.0602563872691641 0.33256201058207 0.120405639854525
-0.0619198459424591 0.0711474238739023 0.317491981234605 0.111220395080521
-0.0817889162443513 0.0390232538763605 0.221982083987113 0.146005688776836
-0.079262021389738 -0.050920025035272 0.0727105911772926 0.202474888354995
0.0501306579918581 -0.116593817289549 -0.0685507771384332 0.0997869429587
0.130922806693048 0.0444602503211055 -0.117336031819523 -0.0441307420433314
-0.0106693665458783 0.137582696975558 -0.0198500826651325 -0.198125401891364
-0.176802158222017 0.0729270765585576 0.166388503274464 -0.141749664224113
0.037224280914368 -0.0527538632646961 0.438722735674238 -0.289313245639261
0.0901905660176404 -0.0151057088505528 0.0745546937697498 -0.0357379762239488
0.158711038116223 -0.0631634685508846 0.236844265327435 0.184976916726351
0.131987267587721 -0.230481404661797 0.260468524718616 0.0136616537212469
-0.081845829467451 -0.241162343099439 0.170829252231137 0.0287856939314123
-0.180362396855304 -0.124713503283594 0.17829663924094 0.113987591624658
-0.203030232141645 -0.0225945315121719 0.257172026714036 0.142255252234664
-0.173710214206405 0.0198387440696206 0.288950523280387 0.139653978029801
-0.174824611770091 0.0351679952905671 0.28192317241821 0.12260419887751
-0.156186827844896 -0.0198214123802199 0.183971309531928 0.143683333002489
-0.127464142833081 -0.0980655434470797 0.0497069387071679 0.180446367331195
0.00666687940016971 -0.194489425825276 -0.060779593056136 0.0810166500579379
0.129277896517203 -0.0878780399997867 -0.0948116095151384 -0.0319707640599122
0.0963794991163577 0.0207098287995164 -0.0405882663076312 -0.19289881408784
0.00478112296789886 -0.00803789761993151 0.160905578786564 -0.177812021202923
0.251620714261269 -0.164418731251824 0.349320369455677 -0.232020195625399
0.25514160313171 -0.202880319879536 -0.0305598968440916 0.0239044685685088
0.207684155541392 -0.275825723966301 0.217660156153923 0.265325587227783
0.107806665785136 -0.391775079749442 0.287052658724748 0.00999117478106401
-0.125412531385143 -0.363291822028303 0.151849235162675 -0.0446226679875907
-0.256833923384387 -0.235830025364308 0.0958124973546283 0.0595935702539676
-0.319408025065621 -0.101518499003396 0.160069189279569 0.125314707771301
-0.276552882591979 -0.0235248536510274 0.202063969009744 0.138297758958345
-0.273300854592665 -0.00498559814365986 0.216478360255424 0.12269944926616
-0.22752468154297 -0.0787719687936852 0.134687123543821 0.142618000699719
-0.178357200293055 -0.147123149908217 0.0244095245614491 0.16992964400724
-0.0499529431953639 -0.269374013760584 -0.0688663187044772 0.0805625852580725
0.100231090630732 -0.222841058935874 -0.096642388268268 -0.0204755022094168
0.179070366153746 -0.120687487748671 -0.0666371554750289 -0.1911826440824
0.182742979472904 -0.108890112724808 0.121500351507342 -0.190902289009875
0.422449015277333 -0.231163588731168 0.209877753475295 -0.150259846195221
0.379320191749926 -0.348365349553916 -0.127549039764686 0.111110777436149
0.212424307516212 -0.443060473308544 0.210209844499994 0.314773474407769
0.0417749823672009 -0.484210134480949 0.302109546920294 -0.0191790668854489
-0.162196790204913 -0.403214415555264 0.115475307661756 -0.14398626920141
-0.289338584994679 -0.290041833131163 -0.0101738784060107 -0.0228687728617461
-0.378746320330729 -0.15471121885186 0.0317136989272237 0.0835412024066723
-0.336805627042487 -0.0627565674551129 0.0840484631141236 0.117013924876052
-0.34260452617243 -0.0492501161176027 0.120991627583826 0.108933516227789
-0.288936596908245 -0.140531685245741 0.0640278388472026 0.136771057404032
-0.227951341236614 -0.20307142703502 -0.0153312703700988 0.160736196081863
-0.111245531671048 -0.344254344996298 -0.0937036794406343 0.0881330425810444
0.0566613790891914 -0.354650532637157 -0.119292813596286 -0.00674020142089065
0.236379218940394 -0.271105772150105 -0.0997364726452816 -0.180323716494412
0.341961197701091 -0.212576277008345 0.0488510388642412 -0.171508883490715
0.51549810730377 -0.255696217176686 0.052788637239938 -0.0602762837693884
0.419946502816496 -0.425223657325911 -0.187860355661264 0.210003254020553
0.160777101663089 -0.506859600568846 0.214790122994794 0.318109931088592
-0.0387489767263774 -0.458118339350816 0.291975797126312 -0.0675037186776178
-0.167418225970698 -0.350076954238855 0.0538552241872068 -0.233451347143445
-0.265249406411992 -0.28189243686943 -0.121608050396904 -0.101047493084225
-0.371101472496324 -0.178891148838451 -0.104281855204134 0.0313258493403659
-0.345313322939951 -0.0930450087621864 -0.0486494193276868 0.0779652459344628
-0.368357499462111 -0.0959124063916258 0.000370139728385493 0.0801024080292606
-0.315005654619753 -0.196145053842859 -0.0321651103488619 0.116283702685018
-0.250274549594228 -0.252425286296546 -0.0753820034283673 0.139102648401397
-0.152933975110998 -0.39753268502033 -0.133347156081943 0.0898456337016255
0.015004685859311 -0.453799286904404 -0.154876231413643 0.00418245141064037
0.276557550670525 -0.395843528414792 -0.135320940453604 -0.152132797710558
0.462190889477168 -0.290185152099763 -0.05108718402528 -0.113009226791706
0.518613389425559 -0.25006665962364 -0.0894046698691152 0.0242108829671767
0.368257449105684 -0.430777411039555 -0.196587477561113 0.289722615222546
0.0717588734016425 -0.450909227813074 0.222140680764898 0.27072981291957
-0.0925512041714671 -0.324201393571661 0.253246889913111 -0.113825196960506
-0.11823104921398 -0.231384795758432 -0.0131698195911496 -0.280990123602851
-0.190748996209836 -0.228760455910261 -0.211144742756918 -0.152136797845873
-0.302998120496491 -0.175258807809261 -0.222453626469204 -0.0202331136734896
-0.30005707709511 -0.112390559871709 -0.176179196614625 0.0265773209089726
-0.334599508535831 -0.134199531178955 -0.127100462214335 0.0345041589359171
-0.282529350822442 -0.230317120841957 -0.137604164276372 0.0722987285386634
-0.21636332393123 -0.267380620141737 -0.144862171107574 0.0924883758008816
-0.152232426054023 -0.391862607274432 -0.179562950626951 0.0709782566547138
-0.00570096985997358 -0.485139557581568 -0.194664141589047 -0.000221748143787745
0.298752833683134 -0.455870333837019 -0.165316920498457 -0.113580427461594
0.525618558674847 -0.312226324844371 -0.168483513168418 -0.0249985964982973
0.440180052354121 -0.221443737208073 -0.191312270887473 0.09494168685968
0.252059648497712 -0.38307468813248 -0.161631748883497 0.328957068470761
-0.0235266672027574 -0.317822371519959 0.214532197267091 0.191722104474057
-0.105380124882353 -0.146225927640632 0.195718261498101 -0.137383479950362
-0.0384498389026852 -0.102462034034103 -0.0619070585825523 -0.278925408817555
-0.0886372906639654 -0.159699406894128 -0.25957871789788 -0.171979572871362
-0.195065490680669 -0.152276703025428 -0.302614795463424 -0.0633008674213957
-0.20754574530838 -0.117046196207099 -0.277579857506977 -0.0313831572824005
-0.238749738724303 -0.149830152629257 -0.235421133337657 -0.0248200261375932
-0.187924614202236 -0.218341711908466 -0.221531333146055 0.00614041879398415
-0.132273838546873 -0.218581776865115 -0.195355720819694 0.0265235219122599
-0.121765777939523 -0.300435591336094 -0.214374326999589 0.0339822622755661
-0.0137471427809877 -0.427675917886826 -0.229813979960586 -0.0257677707599315
0.290432838036017 -0.429978143436638 -0.183987377426206 -0.0790764072790375
0.514346541784613 -0.266274469893298 -0.285699661486027 0.0716242813651173
0.302941789191801 -0.167887296353894 -0.238929390354899 0.149472013172516
0.109445472541435 -0.293658554930027 -0.101959611208137 0.330899896914718
-0.096018825371245 -0.160726111923844 0.188607793165209 0.112044567974296
-0.0869982042485223 0.010267208271659 0.139240319206685 -0.131791903418302
0.0402596512681882 -0.00160024054768732 -0.0807899858155477 -0.246279364924314
0.0123805635035763 -0.09361997695528 -0.267043801777594 -0.172523493995467
-0.066604154137789 -0.118392203002135 -0.33957678361359 -0.0974170787147605
-0.0826906026838441 -0.103188422323771 -0.335674006661309 -0.0848698155644326
-0.0982186986290802 -0.128465543792359 -0.298733234218586 -0.0848436843818112
-0.0572600198034192 -0.143427963410717 -0.256137414581481 -0.060683119886469
-0.0367958715110788 -0.100380913983321 -0.208796530717987 -0.0306354406567709
-0.0986308954173084 -0.142224787706736 -0.232322917837329 -0.00269134924893351
-0.0348305596775381 -0.295981847447978 -0.253745580888134 -0.0708272797140162
0.237366511549934 -0.325300033963731 -0.182217399227612 -0.0598671462229981
0.416193937246717 -0.166004704814995 -0.383323926987197 0.153618109469794
-0.181191141312781 0.097582991508864 0.470406421084033 -0.314652003691526
-0.0647549083867709 0.185455450430681 0.161768664846647 -0.063834186197349
0.0976295743718286 0.146275986706071 0.258514420439692 0.0956118742129895
0.124631452931148 -0.0489583996303252 0.241962950455907 -0.0046334380906563
-0.0334236333578284 -0.0757535549297993 0.18599212604253 0.0554180509459049
-0.0723056332163335 0.0139976693231991 0.234998317557039 0.121910464709448
-0.0464193411604258 0.0633360401467279 0.312628820580453 0.128715894602796
-0.0440055855665607 0.0640935246088533 0.342366353457166 0.124726791129757
-0.0604277942318758 0.0748405446236757 0.323300369621415 0.113624167689961
-0.0806824865057678 0.0422972193445509 0.224458497703134 0.149054811891097
-0.0822252757797782 -0.0494281186808343 0.0755271820597152 0.207974651231546
0.0479824608467445 -0.119936996074968 -0.0715506657029323 0.102291882705452
0.136221923673576 0.042152384442964 -0.122025071540228 -0.0442944504659756
-0.00899127521815784 0.137825274468873 -0.0192749128016806 -0.199464345639398
-0.17975745726402 0.0790408841410419 0.172087218224363 -0.143889957637609
0.0370147359913248 -0.0508705948653979 0.445201214077254 -0.295839767094065
0.0924101273185275 -0.0151650663972869 0.075048030913933 -0.0318101008577941
0.164540324763416 -0.0653718320450576 0.244335050819945 0.187357836673139
0.132459525210371 -0.239960431849118 0.264098415107632 0.011377357151608
-0.0849204583537691 -0.246498709227375 0.17107227450612 0.0285887143886492
-0.187504838352581 -0.124091646895856 0.182333655700248 0.119027165909589
-0.205471287249781 -0.020116001175216 0.2622051809628 0.145449575362065
-0.175857362522497 0.0233193787195139 0.299186889070798 0.145217112886419
-0.177276621720503 0.0379863833543364 0.287650960352638 0.126495772990623
-0.157986576630183 -0.0173225990083715 0.185656281080329 0.14871625328878
-0.129760067487545 -0.0986192559464633 0.0519373364501654 0.186063660920771
0.00340064712904436 -0.200245346391404 -0.0643436496685042 0.083155010187167
0.133776449819967 -0.0926886700377961 -0.0989464097809491 -0.0325497893328802
0.0999182425214407 0.0185096829963602 -0.0394639736385881 -0.194109901418257
0.00542728573910154 -0.00493041626901152 0.165675604475474 -0.181016196426548
0.25489761505776 -0.166030717331671 0.354224589930652 -0.237682619627346
0.261271037398054 -0.208776223913714 -0.0328326839386202 0.0297498299151118
0.214638342800767 -0.282664884485519 0.225628405095225 0.269689281114346
0.108291370670193 -0.405078548535167 0.291893786446326 0.00583913937532733
-0.130512544202198 -0.372213362420358 0.149712305786546 -0.046435986159506
-0.267378187736099 -0.239140998472824 0.097006109518842 0.065847748259496
-0.325281455284701 -0.09997940113758 0.16117591101749 0.128281928592306
-0.282162309469154 -0.0218492307507107 0.210456599308775 0.144504263809827
-0.276827977320704 -0.00302329416666665 0.221885074586542 0.126361130675893
-0.232008470900764 -0.078943772368585 0.136298182506382 0.148154352853824
-0.181746185705345 -0.150416639286102 0.0246501514986949 0.174815425612678
-0.0538629230499371 -0.276686639857588 -0.0724832835055229 0.0816646617124111
0.104201312603535 -0.228636446764657 -0.100009711184549 -0.022077203958899
0.183406815888984 -0.126011894172364 -0.0662617115850851 -0.193107340203372
0.1875964203574 -0.10996359043502 0.124695051980358 -0.195584019460561
0.428956523535747 -0.236030756494889 0.212470122886875 -0.152708050715681
0.388215753219573 -0.356880629789007 -0.132386799394469 0.119614520631001
0.219548017085015 -0.455343821579225 0.217799233567929 0.32013874375246
0.0416027220912643 -0.499840993294961 0.30603145603477 -0.0229049804212506
-0.165917100182971 -0.414452127406803 0.111048197860244 -0.14837719452505
-0.301724843053455 -0.296217358811316 -0.0108602616329068 -0.0175627643805526
-0.387666823666227 -0.15537141496567 0.0295949153372289 0.0861354661142442
-0.346055191108948 -0.0617273219330522 0.0901262299365285 0.123786861492997
-0.349256818898705 -0.0497702035519939 0.1250495873314 0.112669700287681
-0.29583229368861 -0.14172596759024 0.0646501358582175 0.142148481438659
-0.232793047875749 -0.208846550019344 -0.0162559653300304 0.166417036514096
-0.115963916531633 -0.352513661721071 -0.0984784818848151 0.0901073994941786
0.0588884471847654 -0.362591734697898 -0.123584291999774 -0.00850011147130808
0.241836663672816 -0.280281142727711 -0.100469997358048 -0.18234090024996
0.349302930937392 -0.218501686342088 0.0503899522687858 -0.175884512143855
0.524315976441371 -0.263059421766924 0.0515784408633314 -0.0619338922842702
0.427721151955485 -0.436583474773133 -0.193686659264618 0.220877367318532
0.164357977271203 -0.516830288240489 0.222575230683952 0.324266340780334
-0.0420983277684385 -0.470043709217216 0.297626629298109 -0.072886086151863
-0.168261389624581 -0.36065308638738 0.0490115363376237 -0.239596375483507
-0.275923461783348 -0.290069740946937 -0.125280166560268 -0.0972986109264414
-0.379757297296602 -0.181271342246451 -0.10995723795622 0.0334634372433929
-0.355440584864541 -0.0935031827393077 -0.0471154356918201 0.0841876096211938
-0.376457579118695 -0.0976503255919526 0.000876134410329914 0.0832651178364657
-0.325394902372584 -0.199755280603404 -0.032698004018443 0.121319661165591
-0.255334549135499 -0.259752573294176 -0.0781022909483294 0.143766161292632
-0.157512876086396 -0.406764153088898 -0.13862637852065 0.0914179540721926
0.0159806850581515 -0.463575575197283 -0.159277065304829 0.00206944505841474
0.282076587158942 -0.406321069841459 -0.136906736834328 -0.154311303637194
0.470260611971075 -0.299462564181528 -0.0521000546120401 -0.116273460752065
0.527657076098889 -0.258676581686801 -0.094216611739571 0.0242380608679824
0.375660135946045 -0.443073047835509 -0.202159116010976 0.301026107621008
0.0730459317675103 -0.460099554740157 0.229368374451779 0.27545865097295
-0.0951974915949851 -0.331050087924449 0.257290594507856 -0.120558772158653
-0.118691021384078 -0.240598537366 -0.019901985123375 -0.287030265213174
-0.198618376061499 -0.236393031051834 -0.216549970475593 -0.1495202392933
-0.3119589484149 -0.177670942835523 -0.229613642895003 -0.0182549516674294
-0.309158628504292 -0.115422366026718 -0.179055277644825 0.0308803288647524
-0.342359972605703 -0.13801596537335 -0.1297408347548 0.036547681722093
-0.292127120424715 -0.236070313751161 -0.140237620626605 0.0764121927053179
-0.220559759033946 -0.276500903307758 -0.150211351670595 0.096076198568391
-0.155540512278425 -0.399594565532154 -0.184841268018807 0.0717626920049406
-0.00494144909295043 -0.493954123693075 -0.20031758020648 -0.00203886689442855
0.303670901266742 -0.468130811311237 -0.168761316346083 -0.115794693249642
0.53505627931125 -0.323334958817085 -0.171781015697439 -0.0257839802945045
0.447934224706835 -0.22779491550599 -0.197833170091953 0.095947131429384
0.254437314049675 -0.393762084494813 -0.165112092615443 0.341199335169748
-0.024262214503702 -0.322580945661616 0.220539684626972 0.195039677683329
-0.107291426367373 -0.147135043763033 0.199014563631844 -0.144213116091891
-0.0356927250912707 -0.109655387662759 -0.0680222036461219 -0.284746183624766
-0.093063111605689 -0.1672507970001 -0.265109771063584 -0.171402141737354
-0.201248768082799 -0.155119920757964 -0.31000983328945 -0.061709178295922
-0.21587823727775 -0.120701017369148 -0.284100475381143 -0.0290177552247724
-0.247223759520225 -0.154113358201126 -0.24105008459089 -0.0245914432024748
-0.195568808719304 -0.224596949893667 -0.225154281294108 0.00810325374295975
-0.134371033088533 -0.227659823266905 -0.201391049771644 0.0280291350955362
-0.123207884083908 -0.305621422272931 -0.219612815587742 0.0335981615691163
-0.0139756985271437 -0.435312287420051 -0.236513124893992 -0.0275379495456822
0.295057906641767 -0.441091251022158 -0.188811294850463 -0.0814618416243238
0.524920245232278 -0.277883948961819 -0.291252449014704 0.0735772396627285
0.307945774943742 -0.174315885975111 -0.245926555945659 0.151387435161056
0.109509385311874 -0.301824293019915 -0.103678006655276 0.341243975731641
-0.0977407828096006 -0.161149799327024 0.193693294464275 0.112918619780618
-0.0869447637984915 0.0135885318272071 0.142419642555184 -0.138471129706954
0.0441268751563169 -0.00629692903194711 -0.0858402522397865 -0.252021571869488
0.0114852894776026 -0.100112510984997 -0.270962292492568 -0.174199825168207
-0.0709577316181787 -0.122264280275501 -0.348061710098062 -0.0974769616976145
-0.0882080492800422 -0.108317958285695 -0.346444017007628 -0.0855897659565292
-0.102774487298762 -0.133146245529249 -0.306838023601598 -0.0872042692081629
-0.0609107474917257 -0.149482400519438 -0.260583892887964 -0.0610667448993009
-0.0357231529258378 -0.105428216587231 -0.213727644820283 -0.0327987263396856
-0.0992113629889115 -0.143237186321003 -0.23713069611642 -0.00257602802338567
-0.0365974773753367 -0.301036789967909 -0.261352777646605 -0.0722341909775527
0.239262997615763 -0.334533390863349 -0.188059650423354 -0.0628493777754688
0.426400623141255 -0.175613606838593 -0.388683526106287 0.158204002241702
-0.172256601093852 0.113513153250654 0.453704544228411 -0.364955732185677
-0.0444822286376586 0.191964697036345 0.149008845577919 -0.0778084491567547
0.120504270713591 0.13280558563382 0.260181422403435 0.0840348092982346
0.120251455477417 -0.0704220858947464 0.246122137491056 -0.0131239194625637
-0.0404002233508022 -0.0722883637672401 0.198334824233116 0.0379196342141424
-0.0680672352178349 0.0234368238181967 0.249827003655727 0.103313079340849
-0.0349325066240756 0.0713064705868922 0.330423798993842 0.099142509801108
-0.0343899256872664 0.0686405494886738 0.36502177101459 0.0983814575001105
-0.0496219201297894 0.0850392984483851 0.347217397187523 0.0928581958440754
-0.0775501433558419 0.0546817559648398 0.247560484616988 0.138834600921195
-0.091490237282026 -0.0386891838884489 0.101367328804669 0.213275367170836
0.0304465260626346 -0.130153843643445 -0.0677495050223455 0.119985147508807
0.147739759322247 0.0250810227133673 -0.141058274361631 -0.0364861990292653
0.00812038541927344 0.144392278818526 -0.0294325917628186 -0.214973850480428
-0.179078767777807 0.105988534206937 0.185682078919629 -0.158010096823751
0.0278233551041772 -0.0600456983162193 0.439237160214712 -0.327931934248174
0.0912274816548482 -0.0261091682509667 0.0749982136688612 -0.0277086026847634
0.164346852059029 -0.0883375662861956 0.271167855691546 0.18584894026257
0.104920236497906 -0.264836037037731 0.285125136805923 0.00418068943562005
-0.112192733519973 -0.241616970180232 0.190429894385446 0.0091585458369237
-0.200172808169135 -0.106718706703386 0.203311531758512 0.10098137984716
-0.209091263194381 0.00576307831917331 0.290175948952026 0.11838793649519
-0.172870077753108 0.0382674414463159 0.32361664290037 0.122098369104535
-0.172348650147138 0.0595715708665506 0.312611774844767 0.108656757356992
-0.163648293719152 0.000694105158756751 0.209452001833405 0.142946527145515
-0.143878364428249 -0.084841766865477 0.0746348422487732 0.192412953015126
-0.0227956616555445 -0.206517742962103 -0.0600212230254627 0.10026861428967
0.130929235766581 -0.112557838471301 -0.113815935744372 -0.0210498423066037
0.110486811902381 0.0088128634629803 -0.0599262300936031 -0.204930633447436
0.00951013153804427 0.000289182094579656 0.162724851397155 -0.199904061248992
0.232385688369885 -0.199761695144946 0.357411877971811 -0.245255888681191
0.239514560496905 -0.239503184625021 -0.0204331623422357 0.0556077896019345
0.18995347534251 -0.314804455916317 0.277283121642926 0.278340312827877
0.0609477407428658 -0.42919956105835 0.326744510187746 -0.000774295672520171
-0.17077812961138 -0.365960986213245 0.170508519187584 -0.0691080049240646
-0.294677431999385 -0.217342656496727 0.118196927757996 0.0506357065626423
-0.343459800710715 -0.060448299774328 0.19585173977391 0.10703432245997
-0.285095540216888 0.00241949909619778 0.232505817818501 0.127960609381288
-0.279766048017856 0.0278511307941847 0.244323129629025 0.113789463107998
-0.246377165288125 -0.0553940605465195 0.159484242917045 0.147322443828505
-0.200800030914394 -0.134180479146303 0.0457673110005243 0.183899463101911
-0.0876414918957798 -0.278832145339688 -0.0660398947447878 0.100483034767956
0.086630725647262 -0.249053405420417 -0.112170010436506 -0.00534836512529121
0.183644625836171 -0.150988616797986 -0.0972730940567569 -0.196083864324425
0.192341556908584 -0.12791590197384 0.104154097453104 -0.214681183592757
0.399382874948004 -0.288975789967217 0.221073546839876 -0.138269689492036
0.349758790334207 -0.402232705976154 -0.107959661161635 0.163576493185234
0.172931176496366 -0.487017396398645 0.28823240233747 0.334090039924575
-0.0187277885164487 -0.516668451788285 0.348429634863932 -0.0378670598971156
-0.214527784989138 -0.408878483413403 0.124265369867079 -0.171978501827234
-0.337295245361566 -0.273207093170024 0.00332656243373842 -0.0263179000617071
-0.416195738270222 -0.110107776424433 0.0631911502841645 0.0754510683647406
-0.353913963520636 -0.0332017059525316 0.105903339322037 0.116802125373516
-0.359345213569216 -0.0116967779946663 0.142442919235832 0.108494178303473
-0.318542126209055 -0.114419606811521 0.0860919102178809 0.147521071135012
-0.257513339310544 -0.190139024614245 0.00276602421780764 0.179172640449753
-0.159644769218288 -0.350885632571652 -0.08909821993411 0.112497366459309
0.0268566396261079 -0.380854837800549 -0.131388680648222 0.0161969427070916
0.23021191171902 -0.317079386249661 -0.140670532203428 -0.176312661185425
0.353420836454461 -0.257584288568771 0.0148688498461629 -0.189573985787722
0.492616080747846 -0.327472773797581 0.0628448673164335 -0.0272704022535419
0.381914673796627 -0.485834666553873 -0.157754906315472 0.275280018340859
0.110371389569782 -0.543758396783361 0.29780229165297 0.332779795603435
-0.0984348848717231 -0.476955856940954 0.335736195533391 -0.0955880324735311
-0.211624992783903 -0.354421062814042 0.0480081810729908 -0.261023146166799
-0.314178246962825 -0.267592613155314 -0.119198476518611 -0.0975824280160768
-0.413296620921367 -0.135907350462383 -0.0823826485422519 0.0349577409066886
-0.368865039596669 -0.0646414258535102 -0.0388234935916375 0.0878392863073146
-0.393960448296977 -0.0573085742524971 0.0101813584657059 0.0884978031209369
-0.355019189072615 -0.171100052547887 -0.0165940965317962 0.134320885621346
-0.28607242922509 -0.241538428507482 -0.0635586440262884 0.160891376248163
-0.207343438240006 -0.401366074554433 -0.128665293126641 0.117118341252672
-0.0272424454074458 -0.480901361640363 -0.166119192590909 0.0339301624907851
0.259774278186637 -0.453270157839677 -0.184488372310477 -0.139299513116179
0.472620455189139 -0.35696284075218 -0.0988060183844773 -0.120707192547967
0.49762395612112 -0.319178128816742 -0.0826418279552675 0.0694450623127566
0.32882480201087 -0.484423847972445 -0.159691708089448 0.354741154311279
0.0230375097859298 -0.475012982676107 0.296685200283116 0.274325100066557
-0.134888711454675 -0.326710996363719 0.280933226943498 -0.148580834926723
-0.147130584236156 -0.239113230202111 -0.032861920270706 -0.300711094554071
-0.231156454397912 -0.223152984157039 -0.219294315071616 -0.140536989204666
-0.344260800217084 -0.142500359488598 -0.213289564727427 -0.00302968155882844
-0.325406645554891 -0.0903687897445441 -0.180109232058169 0.0444940376097583
-0.365104518192701 -0.102913216774262 -0.13198191529177 0.0496574394454356
-0.325651144582024 -0.213066909551977 -0.133285795004131 0.0954268711242971
-0.251562781863475 -0.263718867604666 -0.143618922468858 0.116017416718651
-0.202403596210919 -0.394545110290131 -0.179069331164893 0.0996370993421299
-0.0518536455011247 -0.509340000963443 -0.208087701782353 0.0343390179534042
0.275918637661614 -0.519970483933341 -0.218642917090314 -0.0939534306915432
0.53720643410699 -0.391062966276459 -0.221574757169885 -0.0192178343665857
0.420466503958143 -0.280197307899807 -0.186045796779278 0.142623722386074
0.2143463384532 -0.420698933186566 -0.120829328209917 0.383762623195756
-0.0588819272275142 -0.324131154328835 0.269756275554585 0.181608920522711
-0.123488796534384 -0.137835410127792 0.205294691077657 -0.172799231464661
-0.050095379131068 -0.114878340906122 -0.0897072616144863 -0.287976091235118
-0.117331494911941 -0.162099167452312 -0.273951400271471 -0.154796745321742
-0.23015180307427 -0.133999762729132 -0.305120876475891 -0.0363265894723989
-0.232834654861732 -0.104581367290678 -0.295128296893078 -0.00742618782461736
-0.270521256157428 -0.131253141085735 -0.254288925109325 -0.00469012285676448
-0.225704486804913 -0.212640735832025 -0.23017944667101 0.0305284610032234
-0.158634115693507 -0.2231569138878 -0.2052099428316 0.0486219339820194
-0.156210980797545 -0.302064605881591 -0.22093396681914 0.0598337013657588
-0.0550548275691828 -0.448023955147562 -0.248790758727123 0.00799495876057528
0.270493618535944 -0.49245476459823 -0.237171464467979 -0.0577311944818648
0.527308112875079 -0.345380592567968 -0.337866688817351 0.0904565717535147
0.287272586273663 -0.207816199311465 -0.234852180922563 0.192344112103159
0.0792343092791171 -0.312993126635217 -0.0627295786923902 0.368310685149982
-0.114414062598172 -0.151773256677269 0.222179350927405 0.0923171942182622
-0.0830348785210618 0.0229635218795998 0.13508452484945 -0.16298960164463
0.0423671992408942 -0.01887311738762 -0.109462721799304 -0.24845930497021
-0.00434769661332628 -0.104390984882423 -0.283705501116091 -0.154114695631798
-0.0932352503318924 -0.116298770751662 -0.354198715425318 -0.0654856314101675
-0.103550696346939 -0.102863125582178 -0.365791667981195 -0.0581793982268917
-0.122669014774039 -0.125744433215864 -0.329176638813277 -0.0656576580057692
-0.078414608801361 -0.150042348005774 -0.27670118473556 -0.0419832153452593
-0.0439516728428998 -0.108883511263214 -0.226237324096772 -0.016222223768088
-0.113211476409889 -0.136963662184694 -0.244826633150698 0.0176937801538504
-0.0649591458589905 -0.308148553332228 -0.279704559131191 -0.0417431407258211
0.219641374798508 -0.376700138288723 -0.229832774724132 -0.0434980940783946
0.431273300416272 -0.231620039117942 -0.427544865296239 0.1845807442751
-0.169172782415549 0.128631520965148 0.438643212762878 -0.393537208080898
-0.0350085009381185 0.199584745853539 0.147045033818509 -0.0844822218075666
0.132130710719963 0.127616064552292 0.271217526923906 0.0684995691912407
0.114165162960701 -0.0799070636223075 0.247705959231631 -0.0287451826293243
-0.0474507701769519 -0.0687398446860154 0.201210365182419 0.0274878066524075
-0.0674512854280207 0.0316366160852897 0.260894417052419 0.0921280175664898
-0.0293192115156251 0.0748597371472937 0.341105716658231 0.084500679927227
-0.0275115875558875 0.0726156831732869 0.37968987134164 0.0799024948855128
-0.0421257092702137 0.0908656068143743 0.357351460996273 0.0750486211804955
-0.0729265099663556 0.0613511591315579 0.257383960939432 0.129366478412553
-0.0954346004240706 -0.0315742737644833 0.117232975736564 0.210646490413918
0.020334231689798 -0.134191059503442 -0.0639646368420713 0.127266326113154
0.154103836449761 0.0127968609101346 -0.148406864713248 -0.0277043905240312
0.0161377402780395 0.145108726468553 -0.038119702303185 -0.215525913397354
-0.173664173850598 0.123189147032935 0.182079647581065 -0.171028721244282
0.0238791971476408 -0.0585637715898859 0.42689287629053 -0.355349583292376
0.0911034846817378 -0.0307183733334576 0.0738675458924349 -0.0281191641405949
0.165012108851674 -0.100673176351673 0.28850694632991 0.172585823754935
0.0888203494586119 -0.278648584865569 0.287009994831931 -0.0135561652973757
-0.129047842439191 -0.238830134333295 0.189662066694013 -0.00107630512044323
-0.211686540835238 -0.0935634964177649 0.213062023563252 0.094957520254557
-0.210808253835344 0.0197109609441011 0.299824786868458 0.107467682818951
-0.170770230911593 0.0502282872234816 0.340567390099639 0.107093592735145
-0.168912993402527 0.0714970971365612 0.324543139398932 0.0941292766483967
-0.163825498518246 0.0112614572512209 0.21869082882458 0.136816062872761
-0.150724945193922 -0.0776785739802154 0.0870541521467902 0.192728107793006
-0.0375737379637314 -0.209181827336581 -0.0580972685083169 0.106079641338211
0.128657299929569 -0.124262315063674 -0.11907412401238 -0.0149894715042499
0.112736198212975 0.000828870069865605 -0.0691501353911721 -0.203444274978128
0.0120527887136726 0.00329211785234145 0.155435036746788 -0.212458159481718
0.224643465756323 -0.211912346633092 0.347526687960195 -0.269191904403754
0.230367939082157 -0.255267334109531 -0.0175831374423463 0.0626037454251128
0.17846343382554 -0.333126168754794 0.299553560455677 0.267109210241191
0.0353338328156749 -0.443996969020895 0.328493536205531 -0.0230312687210088
-0.196804857829797 -0.365607650261781 0.163784248533132 -0.07827720718931
-0.315937230168784 -0.201003763446731 0.123758506329033 0.0499547443871449
-0.351435646572711 -0.0396951917646059 0.201613765351222 0.102602651388759
-0.288749752251471 0.0202248231064483 0.249336034522458 0.119620746780438
-0.281006235460505 0.0449540236906025 0.25681075015196 0.103665856948544
-0.25296393552671 -0.0413555287364366 0.169294469158727 0.144631560780711
-0.210745421727045 -0.12643864458398 0.0563129223782689 0.187217400632144
-0.107262439359379 -0.278620021905527 -0.065278763953082 0.106750833227263
0.0757177575344036 -0.26008192944319 -0.116285146319204 0.000111780632650292
0.178381930497607 -0.164793325161349 -0.106611036818887 -0.193588352683306
0.190152600153052 -0.13905820924886 0.0947599069150189 -0.224592002283465
0.390346262186254 -0.31386600473234 0.214786120374311 -0.15342605787448
0.333967830255875 -0.428470534072318 -0.100216330072701 0.178440894786107
0.150629824394619 -0.507071684366072 0.31392904883244 0.324139928646304
-0.0498171017422943 -0.527294962489554 0.350908162157927 -0.0613231131649377
-0.240886992259196 -0.406805055978351 0.10937506255571 -0.180843495713603
-0.36252854528079 -0.257872157165281 0.00260067898139154 -0.0215428152984077
-0.427629928075798 -0.0867804663951285 0.0642997043556449 0.0773125826881639
-0.362984415887799 -0.0130933677748318 0.11975089555061 0.114546237086019
-0.365661609535643 0.00847673794847387 0.152206752042417 0.103261061987264
-0.331820621450546 -0.0977889441955832 0.0958180847373731 0.148902059947151
-0.272151200330985 -0.180634308871811 0.0118986005535645 0.185019852024132
-0.183721013040886 -0.348493584733397 -0.0877368530154163 0.119780035560122
0.00778511075383685 -0.390478490616658 -0.135517176125224 0.0211661635747353
0.217188839620035 -0.336877097315574 -0.150189852578632 -0.171879706233608
0.344744326304884 -0.282285019682126 0.00422548081715514 -0.194110268223969
0.480486202295957 -0.358068526467881 0.0595702658522485 -0.0321048956213205
0.361988492998065 -0.516008829943358 -0.145225688376404 0.294166243646201
0.0836274585301253 -0.560816008294017 0.324229414177405 0.321852778912274
-0.127333432218924 -0.480289947845339 0.332706678575638 -0.118771720927361
-0.234319937922879 -0.352147418942611 0.0274716478769228 -0.266545660574642
-0.33863602083081 -0.255652762563213 -0.126322051637046 -0.087814505021213
-0.427354667366565 -0.115562275579609 -0.0860486676420586 0.0447072725450803
-0.380348544315183 -0.0443551567188198 -0.0296439534433753 0.09372359278934
-0.404297952686984 -0.0365776787275853 0.0169508170483683 0.0902823365707834
-0.371804673576878 -0.15480892718103 -0.00886632021081961 0.139655339371584
-0.304067815369353 -0.234047348768112 -0.0580704667535135 0.170394114674153
-0.233284837477548 -0.397090049364365 -0.127313161962353 0.12637090094709
-0.052869767874666 -0.48924143254334 -0.169422462598589 0.0418262234857469
0.239350459689401 -0.476045949881896 -0.193391682966619 -0.132332196055434
0.460794762844108 -0.391473125296689 -0.10693989518503 -0.117961282888159
0.487296820973939 -0.352321933264758 -0.0830814336267913 0.0733318264683796
0.307353455397896 -0.513895977907191 -0.141185518808866 0.374767838618047
-0.00181188969519073 -0.485832964856027 0.318978793611113 0.261810913445665
-0.155006798858237 -0.325020388998485 0.274748918371119 -0.170595060518207
-0.161296295815482 -0.240122998582816 -0.0562023898177291 -0.301211761174901
-0.251231114265479 -0.215912077481079 -0.229990506964006 -0.126365155729358
-0.358617612268133 -0.124892359974309 -0.219294088423102 0.0119318108319676
-0.338543340964225 -0.0737638205361145 -0.177538204629878 0.0577393902327391
-0.379658892612028 -0.0845858711527612 -0.130083463942706 0.0593345857391126
-0.347024385707194 -0.199882140701738 -0.129628333297979 0.106798396995247
-0.270825158745609 -0.259373254271551 -0.141774080702945 0.128976174568837
-0.227478609094124 -0.390114653152636 -0.178779734588665 0.110850068225232
-0.0805258285215707 -0.516243525574303 -0.211811292471387 0.044730131856176
0.250416714887191 -0.544386512905714 -0.227172937007339 -0.0840889932544615
0.523720979657647 -0.432391571520524 -0.226368513234941 -0.00836970735661915
0.409971180455472 -0.309164138754937 -0.184633415073306 0.154284570497427
0.191678568552932 -0.441455065270111 -0.0997138140379128 0.400545674280029
-0.0777727629635829 -0.325829224365637 0.286287416256281 0.168386919181461
-0.130763365317207 -0.132174400673983 0.196741422409527 -0.191212465496542
-0.055258738060789 -0.119951315870171 -0.11108354565064 -0.286580808777323
-0.130541059676665 -0.16195445116775 -0.285213005850076 -0.139753273879364
-0.242809604713487 -0.123147586275128 -0.31445766067769 -0.0181856746872982
-0.245775591977102 -0.0936342920211055 -0.300122105820296 0.0113193984766962
-0.286656605996208 -0.118704967555055 -0.258551541432243 0.0100702733811899
-0.244637972045377 -0.20532956326332 -0.232358151396134 0.0444622860255519
-0.172744788883636 -0.223490719998756 -0.208916379246821 0.0618970696494195
-0.174249251049874 -0.298048934513776 -0.222909144575314 0.0721308110886333
-0.0804865009754901 -0.452226079158352 -0.25521387446858 0.0208141502814494
0.244518191875973 -0.516970124270645 -0.2452844559455 -0.0470941469972361
0.515518240234662 -0.386386120291359 -0.337635213747776 0.110952016036796
0.279285566915168 -0.228292999362914 -0.231822799847817 0.206167021835282
0.0601002902922735 -0.323883445802399 -0.0420620087419358 0.380468597095611
-0.12436152015067 -0.147152719967234 0.231336522686638 0.0807145871232523
-0.0790207645230256 0.0295992773676827 0.126753644569209 -0.176491430021855
0.0438814223113839 -0.027252051162469 -0.127257911570025 -0.245141139985541
-0.0123319579574907 -0.109603088554043 -0.295657878493033 -0.140094483546068
-0.103383827412993 -0.112901221820175 -0.363935137554074 -0.0465091278843372
-0.114343256313592 -0.0998341111899464 -0.377268351835612 -0.0369642663128169
-0.135682389037677 -0.122611917507266 -0.340251979942655 -0.0476300727818858
-0.0915446320524471 -0.150398407415896 -0.283138331572917 -0.0284717653445551
-0.0500583019310531 -0.112370086618257 -0.232152190681362 -0.00431657588033568
-0.119190865222392 -0.131163999430845 -0.248184758309331 0.0309894178906735
-0.082889650511227 -0.308073521046426 -0.28936779872862 -0.0284041534491594
0.198881434313369 -0.394726437784643 -0.237155069938007 -0.0329759145798642
0.422825985197027 -0.266596413964897 -0.421089600721643 0.211757302825579
-0.159485808761388 0.140037518328174 0.406278776473229 -0.412840659271945
-0.0230839165592099 0.200930971992532 0.139651103224173 -0.0884609845420573
0.140281315155671 0.116612581493037 0.273405322792752 0.0498274200234492
0.104692061766508 -0.0866554658880558 0.240023127557069 -0.0441553615406836
-0.052470770441924 -0.0620401657938127 0.197145623787689 0.0156346082949462
-0.0633348018799046 0.0396451557586551 0.263056679053353 0.0764594421324805
-0.022174420895283 0.0764130533458029 0.341846194345527 0.0652218190598713
-0.0204329157199583 0.0743812752352639 0.38315589476011 0.0553160449196512
-0.032417294176978 0.09330780390593 0.356950819897391 0.0528306118043586
-0.0652100574655398 0.0663305093733784 0.260395504203284 0.114608901388595
-0.096985497798013 -0.0224967491196121 0.129998515483228 0.200602226792463
0.00831902548576223 -0.133656657605389 -0.0576751417625054 0.1309779049182
0.154444844175706 -0.0014820741075847 -0.150189438751383 -0.0153546100226201
0.0238720158779238 0.141450041949777 -0.0482664099371298 -0.209574450485288
-0.160461437474822 0.136696161658828 0.171043257800813 -0.178940677335267
0.0188375245784495 -0.0546319559732265 0.397088809797934 -0.374126280025927
0.0885688141413262 -0.0340451999252761 0.0717618265086353 -0.0282033847528273
0.159604197646826 -0.111447673678652 0.296677622817577 0.152038658696988
0.068112497986647 -0.282786335409485 0.279074855690529 -0.0317040304511409
-0.144205735945122 -0.227379871485427 0.183632371905696 -0.010111888805766
-0.214267912665537 -0.0755502965691242 0.217113708542323 0.0837687121312384
-0.20453434425991 0.033120598857191 0.301127709264869 0.0924726777864055
-0.163656134813652 0.0609086130780966 0.34685030608207 0.0856116245754536
-0.159465993864696 0.08117090791695 0.3259754678217 0.0736348670163587
-0.15905805622624 0.0218652837450029 0.222974322130441 0.124851689338873
-0.152851606218437 -0.0665079025037669 0.0978119896247881 0.186514744273466
-0.052894237408877 -0.203574664304748 -0.053085245166062 0.109391597160742
0.121246789831075 -0.134404995914878 -0.121201763191747 -0.0064471323041243
0.11090711995773 -0.00716512529100627 -0.0779257016508135 -0.196762958737546
0.0151818056524633 0.00584996140822584 0.140787523792519 -0.218355964186277
0.207740229622998 -0.218898807794354 0.32424673730956 -0.284584721845346
0.211369576708699 -0.264301324086689 -0.0128708771617345 0.0679753667462512
0.158035208881738 -0.341363968086418 0.31403404030453 0.245039484958239
0.00619412968047695 -0.442199849291553 0.318666543983905 -0.0453454128511974
-0.217540017521888 -0.349698410815168 0.150400527798726 -0.0840993016178718
-0.325595809011436 -0.176504443334582 0.126072409238027 0.0459376626711404
-0.347191301753654 -0.0167098251300264 0.202651201866488 0.094237759921983
-0.282139614827884 0.0391659289557996 0.258538904009771 0.102794554324428
-0.272578019977515 0.06212835821161 0.260483766857589 0.0870442698370295
-0.251175341035962 -0.0246142022335365 0.175404176213328 0.136149915684192
-0.214774475473628 -0.112331834548961 0.0660014206901338 0.184879203654258
-0.125340355663265 -0.268250277025722 -0.0608785005466076 0.111025602567539
0.0600231661477179 -0.264626429815959 -0.117830305324979 0.00675439753816161
0.165511099507204 -0.174221417032254 -0.113446002623016 -0.185099445412759
0.180505015215948 -0.147923462423714 0.0799666322548797 -0.226904548834126
0.365672987653949 -0.329920334294306 0.199895839085897 -0.164229383246595
0.303465474403331 -0.443500215470022 -0.0863270834933971 0.187968765584728
0.119143391592827 -0.511706524450877 0.333006330386957 0.302020816054097
-0.0838539786373683 -0.519689092560274 0.337637155094521 -0.0837162837663794
-0.264277484051139 -0.390543203507035 0.0904127406941801 -0.181776117624463
-0.377646294264394 -0.230410469582545 0.0022042666535122 -0.0165309738092217
-0.427237073087763 -0.0585156630520856 0.0652437133428409 0.079046548316502
-0.359284080211735 0.0110383840054897 0.130799258890442 0.106538477635068
-0.359532646754507 0.0308421345111557 0.158351106967211 0.0929540956709442
-0.334266921002746 -0.0763238049737231 0.10362638181103 0.143923889046353
-0.279567692157734 -0.164518984693164 0.0213578500481931 0.186184448486964
-0.204241787412291 -0.33296204521087 -0.082926690241269 0.12525641075013
-0.0161711256281377 -0.388486881685518 -0.134493804458619 0.0283719169302673
0.192416531762226 -0.346768399332854 -0.156027658573227 -0.160947607050957
0.323186971564937 -0.300386217966176 -0.00745002196506664 -0.191677450034118
0.453149297041552 -0.379932296202693 0.053469634141971 -0.0368329577725471
0.325102293398935 -0.532981326421157 -0.123533846792514 0.303795716162579
0.0487300168945641 -0.560485004553933 0.342639277562837 0.299383539475891
-0.154994731381568 -0.468094240142718 0.317580551328295 -0.140132228517041
-0.252811126554294 -0.337766859566407 0.00428277067673494 -0.26063774827232
-0.353950383316058 -0.231964363819623 -0.128707200906391 -0.0735722188741179
-0.430036295861444 -0.0861429421126946 -0.0850101607225634 0.055572618011246
-0.378074232818591 -0.019599059183564 -0.0187464304986753 0.0952534246890121
-0.402880115540723 -0.0105766856460765 0.023707934774062 0.0882917699228543
-0.379155305457211 -0.129561074271954 0.000222549921476404 0.141872811463484
-0.314240085807848 -0.21543020664302 -0.0484242433468721 0.176083111462753
-0.255915430801992 -0.379065957143308 -0.121718144204687 0.13356074808819
-0.0806767549699268 -0.480398018776572 -0.167271185939696 0.0496459901876553
0.20551452663643 -0.486004492361463 -0.196352978288595 -0.119270380084423
0.428793933338414 -0.417327684071873 -0.113165393147694 -0.109930615891566
0.458468874056045 -0.377145650456775 -0.0816364843865492 0.0767502782632053
0.268511171534888 -0.525722849039034 -0.115047274187155 0.382784194096268
-0.0329351127509315 -0.479185943711449 0.333396461086822 0.239595860694709
-0.171233444715647 -0.311864386753102 0.256967373274972 -0.18763845871017
-0.173549172613554 -0.232500722832114 -0.0783063099412326 -0.290948991693384
-0.264850822687163 -0.19899562847653 -0.232249804970021 -0.106638847230556
-0.361746469301476 -0.101125307227541 -0.21796775155769 0.0305340842084838
-0.340872207576833 -0.0522415821880128 -0.169242333634828 0.069345385821121
-0.382374540576815 -0.0599502141516161 -0.123964294359739 0.0670216612796603
-0.357509945459358 -0.175800018889586 -0.120957535993482 0.115185616669775
-0.284069428176829 -0.243972306283785 -0.134664701054843 0.139850049700487
-0.248422430017731 -0.371829363349753 -0.172277002632987 0.120490885017996
-0.109021975780975 -0.503483628236547 -0.208664392870803 0.0547470877396201
0.211905898542037 -0.553114515975243 -0.228349734699005 -0.070412088016239
0.487174828178632 -0.461266702422952 -0.223532760131752 0.00575680268468522
0.385344699972303 -0.330536878751312 -0.177137702190318 0.162090226286044
0.159752863472458 -0.448503979991978 -0.0719367712996212 0.404823834945306
-0.0971142874629146 -0.316791116280196 0.293810363150497 0.14928876626339
-0.134297473753059 -0.122444393041094 0.179635501656354 -0.201894753075818
-0.0607909673071304 -0.120909588957363 -0.1303083119912 -0.272641489369747
-0.142365783513087 -0.154649449100926 -0.288505296939145 -0.117451034077699
-0.249143948166626 -0.107012868124742 -0.312441392251381 0.00411174516882636
-0.251031343469271 -0.0779410407948927 -0.294864527350738 0.0307352591192029
-0.293373793591423 -0.100314627796682 -0.254853469045333 0.0263377790997905
-0.257942774731719 -0.188641965750694 -0.226034030785363 0.0588090406561934
-0.184992753980737 -0.214725669750929 -0.204493248602582 0.0763288235580896
-0.188355279266563 -0.283246130163686 -0.217244349748946 0.0841281653407094
-0.105253393075085 -0.440781750287017 -0.253070982295982 0.0350017425525292
0.208805740947304 -0.524756653361009 -0.244958097102541 -0.0334871723996386
0.482117000146421 -0.416253970349908 -0.325577044922854 0.130351516471819
0.260408968799035 -0.243856364702862 -0.219992625968605 0.21561235875866
0.036544434958287 -0.323450138074511 -0.0161485226359699 0.379980053705978
-0.131618513487726 -0.1362445212502 0.233518178341419 0.0653088479077138
-0.0727789208168654 0.0347528237403257 0.112479421406242 -0.18460992502361
0.0422858906042742 -0.0348820002651716 -0.141423774661283 -0.232081291193474
-0.0213941232032284 -0.111167754217828 -0.298627640050788 -0.119724426572051
-0.111920901893961 -0.105961071178479 -0.362913474950328 -0.0217150410074661
-0.122986041958757 -0.092788368036062 -0.375891990883316 -0.0128710461657089
-0.145069774766721 -0.113229374404367 -0.339671811297594 -0.0268375818494584
-0.102530528094549 -0.144908317381077 -0.280562300209574 -0.0112560882398845
-0.0558610093931196 -0.111885677365925 -0.230685270573078 0.0108992521469339
-0.122862634437047 -0.121573110810924 -0.243882317964711 0.0451941490867289
-0.100063106917154 -0.297260818334552 -0.290691040527313 -0.00971183502256489
0.170987136057044 -0.403258428532767 -0.237490534849658 -0.0205793537453019
0.398700147972179 -0.292882519921434 -0.399988039921113 0.234226069746365
-0.148892888619463 0.146204092873347 0.375020865310802 -0.411392325713782
-0.0147554298148169 0.197145064019517 0.131356078132749 -0.0877527939392269
0.142312034870255 0.104980159537077 0.2667794153231 0.0362711388973317
0.0946702653473742 -0.0891650315440795 0.228569865917938 -0.0521865710157234
-0.0543823530572764 -0.0549958962356248 0.188583754264706 0.00927328191221141
-0.0575335721134408 0.0449016498148858 0.25764039620679 0.0647101428639153
-0.0164460312290162 0.0756605694558665 0.333855654507986 0.0538709663488916
-0.0143113685452422 0.0728361506959273 0.374449781968215 0.0386761659283684
-0.0241311358872104 0.0919876121929323 0.345472421030826 0.0374849195278813
-0.0575504495990708 0.0671334051729919 0.255012335559088 0.102586572779414
-0.094722905183068 -0.0154872886260287 0.134824070127876 0.188191775287208
-0.000389150259920529 -0.128928773070534 -0.0516003013597665 0.131450729650467
0.15013169877104 -0.0133202432246267 -0.147020765886173 -0.0054649340305723
0.0284928328624868 0.135670395612479 -0.0521448395172081 -0.201106374180476
-0.145266163304115 0.142154543302514 0.15909475527976 -0.17825784019286
0.0157421660631737 -0.048367985792321 0.367225720336916 -0.374549973565026
0.0846515800148697 -0.0336214198710989 0.0687049851795785 -0.0262734929659417
0.152034513479267 -0.11695084693462 0.293970522180409 0.133680315396619
0.0520697970313365 -0.278576999068939 0.265651918838642 -0.0422256511909257
-0.150218077070942 -0.213659196459993 0.172769002835716 -0.0135638412461286
-0.210106011916813 -0.0607258437874535 0.214455405022911 0.0750748525713237
-0.194411021163005 0.041402738240187 0.294307660935527 0.082387396792283
-0.153324750480656 0.0664956826140598 0.341871065913933 0.0694493147306952
-0.147660116420432 0.0858993151872371 0.318070546912054 0.0585338856577967
-0.15046600069225 0.0279692057831707 0.220193007110799 0.115376237360228
-0.150194936704058 -0.0571570518918286 0.101814575858904 0.178209076889712
-0.0616494373554523 -0.193680351104942 -0.0494917101185394 0.11027456512499
0.112443803832108 -0.139546567925171 -0.119265573363806 0.000114457937583214
0.105876617926674 -0.0118010819524434 -0.0800799009275997 -0.187455837566098
0.0179236491496109 0.00656503448811478 0.128687839037737 -0.215895549998287
0.191583928975256 -0.21461019858731 0.300171809357888 -0.287605179994376
0.193947008777231 -0.262040300801932 -0.00923721844273187 0.0703888143294058
0.141686822259528 -0.338158322907097 0.315925068941243 0.225089532668491
-0.0130929996052972 -0.431280841593636 0.302465765391472 -0.05653827405578
-0.226342829063157 -0.330113061742185 0.136919065274359 -0.0831644267333266
-0.323428397291676 -0.154595856407292 0.12561493584189 0.0437125014255597
-0.334538876482761 -0.00143349527750425 0.198652272211932 0.0907562900456103
-0.270169991316546 0.0500782025210117 0.257971142996446 0.0893995538559427
-0.258137084003302 0.0711480165107225 0.256529955710189 0.0735732861660272
-0.242874318406257 -0.0134173559454076 0.174863809728885 0.128468693088153
-0.212232460136371 -0.100613135866946 0.0714949629322946 0.178839188042716
-0.134005614819883 -0.254111752519386 -0.0575254434920088 0.111971547820086
0.0483724242963544 -0.261613434573526 -0.115546865616256 0.0114014797634734
0.152035942474669 -0.175979574514271 -0.115219277124395 -0.174405327559413
0.170718799661869 -0.149025105770382 0.0679797468840372 -0.221641889830805
0.3376341449264 -0.329452709317957 0.184175761800576 -0.166316735397183
0.274646069763191 -0.439860922345449 -0.0753060670835237 0.189169048647261
0.0952709554422942 -0.500906366526071 0.336377695863562 0.278694118431272
-0.102689242697386 -0.502134982895008 0.31843867199194 -0.0972614472306808
-0.271661791327333 -0.369069685308977 0.0741658866632119 -0.174472897727652
-0.375827414133917 -0.205588105628564 0.00354184474978158 -0.0112477243817557
-0.412762229165831 -0.0392262024679053 0.0645108896704792 0.081659673645204
-0.345467835770016 0.0266773092107677 0.135013967913544 0.0982176974788063
-0.345011591073659 0.0445880960949335 0.157832240308185 0.0835541536065568
-0.325325131959682 -0.0589895603021655 0.10652848248444 0.138822342726197
-0.277248598877398 -0.150495874277679 0.0278764432447302 0.183573289594175
-0.212395522866311 -0.313777423157031 -0.0783012928694097 0.125919381633097
-0.0288424758181521 -0.377133714043769 -0.131162850781295 0.031570772459304
0.171622997666009 -0.342321103459593 -0.154338189403141 -0.150851329759491
0.300488964089827 -0.303937420356078 -0.0155642035415366 -0.184592445847336
0.420917145316394 -0.384831699621291 0.0471313300757998 -0.0374627462244177
0.290270483768778 -0.526147284838682 -0.105907911621166 0.302574476508094
0.0227607095883499 -0.543073053477345 0.347565475358856 0.276039460584371
-0.169264247929144 -0.447106714455623 0.297730111517773 -0.150550949151056
-0.259400120640452 -0.321238619505237 -0.0112927564046161 -0.24686539672491
-0.35419102484117 -0.209277131083016 -0.124814231965834 -0.0611765309381282
-0.4188624536656 -0.0650296274449816 -0.0812895803213284 0.0649124904644694
-0.36750711775042 -0.00351908279664718 -0.0104440202702936 0.0930254647679196
-0.388769306468773 0.00632297131910508 0.0279375317250014 0.0843247480268015
-0.373036472991656 -0.110443902649699 0.00676604850926023 0.140213096250632
-0.314160247824042 -0.200258546491719 -0.0408520445339461 0.177448631309548
-0.263327543864008 -0.356930568802802 -0.115255548735961 0.135596016280173
-0.0958209449645897 -0.462856101854801 -0.161502429808743 0.0528957441377603
0.178179055933722 -0.477581383495673 -0.192801813949576 -0.109078157249683
0.396248825835703 -0.421912702829823 -0.113893137038914 -0.101547711179254
0.427291567271494 -0.382446198700549 -0.0798035402138412 0.0765399976001157
0.236015008456579 -0.519507342063273 -0.0934239710655581 0.377362706606654
-0.0530167750841066 -0.4629089451048 0.334397377392091 0.21905633546527
-0.177945634753133 -0.295437162510777 0.237153898614519 -0.19335652744215
-0.17729937317225 -0.223162274772223 -0.0919950237799061 -0.273197608420046
-0.266415160656762 -0.182906662695405 -0.227090305114411 -0.089950471960147
-0.354759491533683 -0.0827126754973735 -0.21039297752549 0.0444855897845976
-0.333614010664066 -0.0359555049826122 -0.157105486385258 0.0741527844248652
-0.373380813565837 -0.0419059025891184 -0.115109671361877 0.070036368786646
-0.354626455772085 -0.156480188589881 -0.111348217169125 0.118307672122874
-0.284729939475714 -0.228543068698802 -0.12534765653116 0.145331786486128
-0.254853329420673 -0.349038737927791 -0.164802188077538 0.123830445401535
-0.123079601768592 -0.484533797534729 -0.202185599713847 0.0604890941007982
0.183445239751276 -0.542284989670869 -0.22222307298482 -0.0610590449445802
0.449522389831589 -0.467432737656165 -0.215488062604707 0.014322688292324
0.357537666817767 -0.335372203712218 -0.169013770152885 0.16291080205933
0.132465143858166 -0.439795771042886 -0.0505661907460473 0.39580553454647
-0.10782488890342 -0.301564720044158 0.291688878424041 0.131732174605056
-0.132641287022964 -0.113477530738287 0.162454544674437 -0.204281076786165
-0.0640767579972438 -0.12026449308207 -0.138640874355578 -0.254645182247734
-0.146491016786754 -0.146435403802927 -0.281434017418175 -0.0996023335077707
-0.246821766142395 -0.0938519406779884 -0.30260835033585 0.0215175578240953
-0.248757159614992 -0.0654035628767566 -0.282381708827145 0.0430122319123101
-0.289971898603534 -0.0845883078647421 -0.244343446200575 0.0361488155943384
-0.258271657711888 -0.172662912669239 -0.214882592559059 0.0662364146547605
-0.187806621539457 -0.204739780750479 -0.195705696999151 0.0853331211367683
-0.191452624861111 -0.265971680250257 -0.208192025041404 0.0900405333888734
-0.11722824210928 -0.420532074260441 -0.245712776790783 0.0428614660232357
0.178172933977959 -0.51422751858165 -0.238171471176965 -0.0241146967506866
0.443442947590673 -0.42450267064496 -0.308093266837826 0.137990781859357
0.239807225437915 -0.247066812025314 -0.20868920533785 0.215938440922038
0.0195901561251679 -0.314015494398682 0.00193775788564864 0.368761112693753
-0.132178963000092 -0.125008971019505 0.228396286173884 0.053743786254588
-0.0652466228206722 0.0355427005170647 0.0993374511704697 -0.183710235457759
0.0396242280398833 -0.0413675288606879 -0.146449174873562 -0.217519737275795
-0.0273723388689359 -0.110624684406674 -0.291715334897511 -0.102325257150459
-0.114886823415692 -0.0981783400931225 -0.35165128670239 -0.00515363760966382
-0.12605799726608 -0.0851458619022425 -0.364560457477054 0.00363669845031445
-0.147987559308585 -0.104220990499465 -0.330129539408815 -0.0129323430142199
-0.107369680346248 -0.138154615259979 -0.271312003409465 -0.00106944155820343
-0.0579735087564821 -0.110120295914731 -0.223890685583343 0.020734988455238
-0.120499236507703 -0.111433672917201 -0.233914502941137 0.0524363939617796
-0.108568743288287 -0.282649327604092 -0.282958958192202 0.00303796414133847
0.145319236972013 -0.396048799458146 -0.231988117134971 -0.0117781369031075
0.368225520140359 -0.302282711011317 -0.375094872346876 0.242226693056973
-0.142737606013747 0.147993180042564 0.357621934522236 -0.399618813887599
-0.011146788130225 0.194166556830422 0.126283313524068 -0.0838635462291133
0.140720345761639 0.0980784430027278 0.260217218670251 0.0305700308264404
0.0880330168145904 -0.0892370723455566 0.219610082873833 -0.053058519959711
-0.0548229359642229 -0.0504932566419888 0.180568079256325 0.00838725196825531
-0.0524753734024416 0.0479784788533219 0.251106781377505 0.0605844895945058
-0.0124569818210856 0.0734957372086031 0.326375143286292 0.0500917942436784
-0.0102243863341493 0.0710418424969954 0.365416903832356 0.0335872728284403
-0.0182857265428343 0.0899372281984839 0.334860053409884 0.0337389020336377
-0.0528203027910748 0.0668176949688911 0.247922010762829 0.0988146209421307
-0.0917918299681915 -0.0111863638010645 0.134018403908171 0.180501317135669
-0.00464855459255826 -0.124564713748488 -0.0499735092724453 0.129960004422494
0.145519922170291 -0.0200382011434949 -0.143095462552354 -3.06113146454601E-05
0.0297914352435842 0.131567733821076 -0.0518716131593473 -0.195564394043897
-0.13476400455886 0.141776875253219 0.154052488813768 -0.172774614193849
0.0148714108302883 -0.041778342517543 0.349639297070409 -0.365614972656502
0.0824584219168733 -0.0308958174081122 0.0663697937685909 -0.0226947015512728
0.147677463649521 -0.117902918028447 0.289558592180456 0.126474022358871
0.0432990986821603 -0.273525023606518 0.255243895057544 -0.044666430416475
-0.150681908164825 -0.205532408084695 0.164327158921376 -0.0114121199292862
-0.203532080146131 -0.052566227873129 0.210729896016255 0.0729763272522733
-0.18525364203301 0.0434087520730215 0.288257260382877 0.0818396322941991
-0.145714477869227 0.0669677801229844 0.335749773535965 0.0624104374332403
-0.138776770517588 0.0853563449472149 0.30992108480549 0.0538565450682646
-0.144115371195186 0.0294731527076272 0.215270907454921 0.11286127411159
-0.146884040949621 -0.0530855950986654 0.10143693622798 0.173217150647063
-0.0650690334630014 -0.186681341605225 -0.0492039253229107 0.110358297664923
0.107343153031311 -0.141438506719958 -0.116501290585435 0.00387506939831801
0.102022849409539 -0.0121685063784349 -0.0774134825948943 -0.18183529747449
0.0204255432811519 0.00754150171655989 0.122615612733326 -0.209389626619521
0.183108919722664 -0.205815566344306 0.285186455083559 -0.281285065178366
0.185806358607931 -0.253938470909024 -0.0070407781582262 0.0721645414133849
0.133939682987716 -0.332772456200423 0.312525189576398 0.214842020937265
-0.0213593732671998 -0.421015057823931 0.28989688240743 -0.0596335948803785
-0.226125260747363 -0.320367360143051 0.128024958571051 -0.0773657343451908
-0.317062925149166 -0.142131250573168 0.124355262110686 0.0444543617075257
-0.323114978755005 0.00369384098551151 0.195627113735801 0.0929686462229169
-0.259879285198724 0.0527188808855169 0.255195101953723 0.0825597472119582
-0.247221969607335 0.0734573405401509 0.250923907810048 0.0691981101980569
-0.234400631137262 -0.0103940733847466 0.172690016897619 0.126277161958017
-0.207898835833543 -0.0965710071297271 0.0718869353410617 0.176376169522486
-0.135762387288256 -0.244527552062928 -0.0569946207837267 0.112014133099626
0.0434267604525835 -0.258178351375933 -0.113526660308098 0.0130015505843767
0.144933331780615 -0.172249925251011 -0.111018186594726 -0.169922817600366
0.16448358304069 -0.146376883295097 0.0636066849855246 -0.21422061276481
0.324832262997427 -0.320629842476231 0.173176911189604 -0.163300368038981
0.261262162826203 -0.428456953015369 -0.069675401546205 0.188658178024619
0.0857794291137729 -0.49031677467787 0.333331537038881 0.268784058772862
-0.10793339819038 -0.488372663280559 0.305185362938875 -0.0976763685234886
-0.270454365582734 -0.358116319992374 0.0653780724245498 -0.164350670677736
-0.370295067348011 -0.19389813127159 0.00555163231134849 -0.00637102209322656
-0.401275555952835 -0.0332161414806343 0.0644830658121388 0.0872587620025838
-0.333515820143286 0.0308396260819368 0.136598072477998 0.0934749009276058
-0.33319591223356 0.0487463518353805 0.15578701629917 0.0789634427368276
-0.316038490596148 -0.05347170366954 0.106473096795676 0.136874908025214
-0.271994603060298 -0.144971169020478 0.0290739195721132 0.182991487654573
-0.211100679583547 -0.301094420301702 -0.076686369508884 0.125334738374997
-0.0331043245819735 -0.368794885178094 -0.128984229528166 0.0322736587015909
0.161312224555799 -0.334816409329923 -0.149699425723481 -0.146012251107485
0.28724734034643 -0.298498836684256 -0.017257326318294 -0.177739981045912
0.40446237385815 -0.375839728108606 0.0411777845532652 -0.037213762804189
0.274717708549725 -0.514331054748967 -0.0975235148948483 0.298980495694441
0.0145391750949694 -0.529577397957629 0.34425274118443 0.265447733686962
-0.173213231771027 -0.434671296484649 0.284682444861955 -0.14938156310821
-0.256283819232621 -0.312303019665186 -0.0179256342405221 -0.233678158633834
-0.348917107807764 -0.198626984136642 -0.119789444459591 -0.0527657575476884
-0.406350054583467 -0.0565929864147112 -0.0763834672395935 0.0720956027166311
-0.357042216188026 0.0017926074786189 -0.00501949577452977 0.0906631916411847
-0.37790221375227 0.011456675589427 0.0294626246210053 0.0816765488543598
-0.364462994952963 -0.10155564288839 0.00966316253534864 0.138984667892099
-0.308996870672125 -0.193797481167356 -0.0371001229488526 0.177688821754344
-0.261029357596173 -0.342730454257772 -0.113033685818758 0.134587196690664
-0.0975043515528194 -0.45014299183947 -0.158465481609127 0.052629202900259
0.165988375829318 -0.464393062794907 -0.186550543834995 -0.105013826596129
0.37656953171473 -0.41605211613952 -0.111526020848146 -0.0963533392721963
0.406906749142376 -0.375393914534204 -0.0804880053039305 0.0750367383832311
0.219642738554553 -0.507022252087837 -0.0836318505415986 0.370399464966607
-0.0580916151891665 -0.447617925458598 0.330438758378316 0.208217155469812
-0.175839800597452 -0.285594943978821 0.225253764055414 -0.191722337143738
-0.176236044978302 -0.219166690163512 -0.0946902360285302 -0.258916947421706
-0.263820257558236 -0.175472242595035 -0.218831757898986 -0.0806844520553824
-0.347083533215849 -0.0758874327203405 -0.202557107669272 0.0528627483446917
-0.325906611091221 -0.0308308513876246 -0.148700035929042 0.0743221178665703
-0.364373444805953 -0.035910258912453 -0.110360889445119 0.0691073428743975
-0.347665841839383 -0.147440889951015 -0.104990638064642 0.118289846971777
-0.281984993686625 -0.22311300913573 -0.119774028615889 0.147401312064554
-0.250937543564716 -0.336004014887099 -0.160248269004019 0.123659312497259
-0.124321952301539 -0.468756017100172 -0.197991586396543 0.0599510868652654
0.169316141760221 -0.528901099171324 -0.214953070425701 -0.0579389781184022
0.425973831838982 -0.462027543643576 -0.208138470896137 0.0174827229124866
0.341884081551746 -0.328874818733175 -0.166880077416994 0.159568076868947
0.119616302656401 -0.428473244527018 -0.0417844727583827 0.386892941359163
-0.109399483460946 -0.290008900792375 0.28676032211137 0.124727989052779
-0.128325869630119 -0.10907913385492 0.152193775551863 -0.201076276851482
-0.0644192355073871 -0.12119216491742 -0.138524600853112 -0.241808883991342
-0.147246371165093 -0.143463232351084 -0.271900410254199 -0.0908402817022003
-0.242164967827899 -0.087331936742952 -0.292621483000911 0.0293982705147766
-0.245321187088679 -0.0604535377425644 -0.272137779177019 0.0459717932260404
-0.285382767156185 -0.0784785071367505 -0.236907936283635 0.0371403883334049
-0.25602438153291 -0.165523943016146 -0.20725143311122 0.0680626345877663
-0.18624291090034 -0.201159380958126 -0.189260715222304 0.0887523181821047
-0.187228933991053 -0.25609466022993 -0.202385618550674 0.0902533070852872
-0.119027936516064 -0.405695735575547 -0.239642884541329 0.044339477945958
0.165300949237432 -0.500706402329667 -0.230904201914966 -0.0218077629088253
0.422334330228463 -0.421266234271442 -0.295916105212767 0.136984855399486
0.228508853363384 -0.242535496923545 -0.20399951340951 0.211760808981326
0.0115498668228424 -0.304651605569126 0.00879443555984651 0.358851007537494
-0.129498971927729 -0.118463934696074 0.222911220249384 0.049091121575659
-0.0598462470460569 0.0350678625967261 0.0922460432680134 -0.180215626202599
0.0367939998377039 -0.0456546483900225 -0.144355608732392 -0.207489197296904
-0.0314423646205477 -0.110330566852515 -0.282779519254234 -0.0957163175076386
-0.114863462299644 -0.0942575237350596 -0.34184785686826 0.00197360506487092
-0.127041656649127 -0.0812110244562581 -0.354406815049302 0.00964877574325078
-0.148183261445049 -0.0993704457344049 -0.321228903323164 -0.00876165188666053
-0.108379323977901 -0.133968506796091 -0.26299416096756 0.00096675047533768
-0.0578962717912607 -0.110160764638097 -0.216273388831822 0.0246438366387377
-0.115437288579413 -0.105960138512137 -0.226554750860253 0.0539244021120744
-0.108398782521445 -0.271567715224689 -0.277504662548213 0.00725486739643339
0.132773872367844 -0.384884276650695 -0.225334878801037 -0.0103017952986194
0.349412726659746 -0.301206529622796 -0.358971216456642 0.237502771298722
-0.104933633718014 0.167904886715047 0.271248832229236 -0.468579959269497
0.0270956939381079 0.188213224937127 0.103808168157337 -0.0985252962804194
0.152739213009736 0.0612336602755865 0.265838957980008 -0.00415001376157916
0.0627431429164341 -0.104583010599214 0.218153182442885 -0.0884812063620064
-0.0602835434904845 -0.037410597276264 0.180252315708 -0.0279535680797566
-0.0366346758129372 0.0545724183921576 0.255957590206912 0.0154666134152878
0.00777935544306944 0.070974071463485 0.325314302215854 -0.00451507653316113
0.00682704213098856 0.0684092874465965 0.365091021502842 -0.0331820456074863
0.00449143793053631 0.0883357354498475 0.339153242750473 -0.0283223832759828
-0.0344384666588846 0.0752216684318874 0.267980472764884 0.0514198554147517
-0.0866986132684675 0.00985155242877218 0.170067112676378 0.15223971024684
-0.0313905975526473 -0.116173766718399 -0.0216870465622725 0.144220370378417
0.130809343678638 -0.0514304108641883 -0.142718280044886 0.037775325434275
0.0563635013912902 0.119133428461175 -0.0969031442711866 -0.192133242353071
-0.0971638988296414 0.163997319387845 0.12531783912944 -0.210773537828441
0.0102940600905678 -0.0372767364017917 0.284255942589075 -0.435545880446355
0.0742670432357815 -0.0424190625842581 0.067279297882901 -0.0283049935387576
0.119168784459104 -0.142791915831153 0.327713963767459 0.0742747530852163
-0.0154173938533769 -0.270693234547269 0.266602270001966 -0.0957491447775433
-0.181848342344641 -0.168900317817 0.162583201137888 -0.0560417207741253
-0.20088793932001 -0.0143278904779434 0.219335421902785 0.0248510124960195
-0.161769162148392 0.0765376412875179 0.293616996000452 0.0208987428191101
-0.124746598200936 0.0872240123348954 0.342082500560807 -0.000885695475247665
-0.11150324618736 0.105189221215981 0.321256058708087 -0.00376308888927261
-0.12910153789085 0.055270354683952 0.241641993187672 0.0714136956336482
-0.146135654096326 -0.0217195197631554 0.137644448697787 0.152641411685871
-0.0991079935605345 -0.164533654724736 -0.0232292816878686 0.123024961609639
0.0731413601330573 -0.157954181313019 -0.110626091310268 0.0347644520655412
0.0978119482440232 -0.0349507069890118 -0.11861279463055 -0.164030193239583
0.0272000196128142 0.00192823991973487 0.083420444193617 -0.229648499930191
0.139719008065922 -0.220966407237168 0.248345242004953 -0.338667662477715
0.13025158582822 -0.274071634752807 0.0236865702352862 0.0788033746155084
0.0652841328337079 -0.341633907431541 0.383033275719169 0.14719016931865
-0.106691103307399 -0.398414265565149 0.306544285792204 -0.127507153690188
-0.277721729128657 -0.266064260465965 0.115722704859417 -0.122667484060831
-0.327819342465127 -0.0795868286361631 0.130004785563015 0.0049493629889628
-0.30197570675594 0.067058870563409 0.205559212410827 0.0386107729813059
-0.237441926253019 0.0932381828123837 0.268339186733986 0.0330727525366514
-0.218689816620972 0.11281823607345 0.266909751496202 0.0212064106135298
-0.224219642394764 0.0329541145473639 0.204967206441663 0.0922968393476555
-0.211976954294725 -0.0540987054862496 0.110000153356691 0.162621724803293
-0.176172355996013 -0.207013051465911 -0.0295230017851362 0.124845872340546
-0.00788801920159862 -0.255893164714564 -0.100941411364788 0.0415187214224147
0.10679360100626 -0.197639255729739 -0.145773349551588 -0.135867183721822
0.136025405538712 -0.176632033064325 0.0209386768475255 -0.211910252791569
0.250517902422329 -0.353339359248088 0.169955989250139 -0.19572202985309
0.168327469196899 -0.452496989470166 -0.00861159695070645 0.204703688069056
-0.0102080866948198 -0.478975048558331 0.423249628093294 0.18580833320147
-0.201074219628951 -0.444163329716512 0.318374467260247 -0.177837354649315
-0.329994446855893 -0.294398716315499 0.0373623754934006 -0.200848337916572
-0.390293271800949 -0.116807944902115 0.00354795632256324 -0.027582112675644
-0.384303768608727 0.0494024790889963 0.077945642697652 0.0496394176505043
-0.313739259846412 0.0850093877152626 0.153535731151242 0.0635392620687104
-0.306385107507946 0.105207920989762 0.176240239822645 0.0489722136382596
-0.312474796009918 0.00584590807276883 0.143138801077607 0.115104772779348
-0.282451395414434 -0.0905327566953109 0.0702111151811924 0.176442249008908
-0.258403976934624 -0.248744673603296 -0.0444151541907145 0.141342361347337
-0.10037189509391 -0.347112174815396 -0.108954245526655 0.0608475100619919
0.0910626575976917 -0.357928225840993 -0.175491048018738 -0.0966926227403045
0.223928974227028 -0.348214789632674 -0.0537605568470272 -0.149815557163557
0.313858554563021 -0.420515362572905 0.0650978580581273 -0.0426266960303361
0.164488771280869 -0.538093158009001 -0.0121347928211657 0.318975885323774
-0.085330294209487 -0.502180838195385 0.431775466602006 0.174668988906202
-0.251503829530046 -0.380444189133095 0.280908191773628 -0.229145352538978
-0.308854365413793 -0.253886314105074 -0.0588540914009841 -0.251687855717751
-0.373504788578464 -0.126790023575681 -0.128144017964656 -0.0508668033736052
-0.396627363911983 0.0268626213534879 -0.0618505763377727 0.0587318674226535
-0.342604964110936 0.0615216366416989 0.0146219751072239 0.0866360583630328
-0.357712104848883 0.0775133173056425 0.0515110964052393 0.0751111234607719
-0.368720378562745 -0.0336314724134502 0.0480691100574293 0.135356955006561
-0.327849965803193 -0.131265437854158 0.00490235673854424 0.185178686744718
-0.311803945581668 -0.279549544928859 -0.0770643879239731 0.156387754059809
-0.177258635533659 -0.411349818227818 -0.129865201802579 0.0848692132642941
0.0689059753869074 -0.48465714491548 -0.200320619436965 -0.0425614145935393
0.28565637281353 -0.479304601891744 -0.132974960158443 -0.0424962351755419
0.315968509495224 -0.422926217544522 -0.0371269388212922 0.0946578540993734
0.113361113673675 -0.522411276097478 0.0134784821323254 0.38637866677512
-0.13908140691143 -0.411025469122189 0.398692885277179 0.119794722712231
-0.224308803025494 -0.237802694514829 0.203571875295374 -0.254431730966706
-0.215128747489492 -0.180733535266805 -0.140105544940147 -0.254732655225813
-0.289069908546985 -0.119285822602694 -0.229180489527506 -0.056388067189944
-0.345570560446556 -0.00193569893259751 -0.186205403101875 0.0648639595857962
-0.319415928962295 0.0258036329245162 -0.129466687828229 0.098120453391358
-0.355791826413557 0.0314032164976522 -0.0904074382619974 0.0898405606594354
-0.363496554317997 -0.0808238908280222 -0.071416506523514 0.137327404505762
-0.308391199464121 -0.164372169741453 -0.0843380710039094 0.171217244681673
-0.301414191785575 -0.277080221248165 -0.126892836522781 0.154501023787075
-0.204921302810507 -0.423785336147528 -0.166344910072136 0.0989586147259887
0.0590992352903986 -0.545407688639001 -0.217997493236286 0.0135967397694569
0.322171252682143 -0.532703061357644 -0.208645982474304 0.0916933450903032
0.261719382449307 -0.368047352657194 -0.113496126435093 0.195590528921766
0.0330547071687535 -0.427954652576127 0.0531074580010855 0.391269621603893
-0.156766376036667 -0.252288507245732 0.324284452247928 0.0501123102820824
-0.142729368142674 -0.0809053373208323 0.117951934745932 -0.240678662234774
-0.0908288824680742 -0.10818873518992 -0.179279635316123 -0.221074054620032
-0.172948445500641 -0.109468979235075 -0.281728120792511 -0.0515066105054332
-0.250316494874782 -0.0327827449010957 -0.276787879240918 0.0638040231361884
-0.248926851763658 -0.0159006204496424 -0.256759459524065 0.093981524519061
-0.289226859493736 -0.0241474772480817 -0.224744442868107 0.0827730772954282
-0.280085747392396 -0.114767894769084 -0.185435066501859 0.107642529344675
-0.214350250289892 -0.161152067801226 -0.165994011444181 0.12680716751166
-0.224891366674403 -0.212111243538785 -0.177700023132728 0.128823667248647
-0.189421891085535 -0.36551617407648 -0.213963493029084 0.0921471603621242
0.0589375965474932 -0.519306034551379 -0.227646768800118 0.0521703250983331
0.324002617701276 -0.490429543424873 -0.274228862042279 0.225301856655225
0.169991979064628 -0.26809977149863 -0.150164119828161 0.25345013666956
-0.0469881118293439 -0.290321359457352 0.0914235535558171 0.351887066353532
-0.142849793539154 -0.0869191578457031 0.23367885920455 -0.00545396951393468
-0.048325603639056 0.0415641234377138 0.053492801356325 -0.19956850574187
0.0197974355723745 -0.0542768152188096 -0.176897096595986 -0.179045757551021
-0.0556926163133275 -0.0994402785119843 -0.291532319407013 -0.0489453174446595
-0.13177806241157 -0.0639754983114816 -0.32870081887819 0.0520222428716192
-0.140057254910852 -0.0552996826065094 -0.345566393114911 0.0746248325764924
-0.164502742442932 -0.0686569014189453 -0.320953956952519 0.0526576190192233
-0.132322765522275 -0.111600338059291 -0.259159509953604 0.051918332799583
-0.0769402989193279 -0.0982255861266873 -0.208682934257641 0.0677130335783656
-0.129191244717695 -0.0820514823657495 -0.212193384932909 0.096995051285074
-0.153322025894549 -0.23893271461486 -0.264568424023027 0.0623784734622858
0.0509765870717759 -0.400677600440324 -0.22330365516036 0.0565063062095679
0.274290842266618 -0.360941846893964 -0.319391436434552 0.328182018966765
-0.101927867504441 0.176462166846144 0.270940696384514 -0.475116851314569
0.0320943088152596 0.194140272671552 0.105091606749643 -0.0967800120960915
0.155879160024435 0.0583831070821235 0.270897741960115 -0.00771555966997983
0.0592122738944128 -0.106490349517342 0.219750917064077 -0.0927711543509212
-0.0622587597113439 -0.0349639606525549 0.18221618041017 -0.0276113335203154
-0.0328398661465134 0.0573694319449263 0.260729811314122 0.0146423652848926
0.0110127826261565 0.0714521888112725 0.333498769539951 -0.00590715920163991
0.0103078356185668 0.0689939723930373 0.373680965263832 -0.0369375583195757
0.00899431909341551 0.0887907124587368 0.344373881974702 -0.0292780461494718
-0.0315287508567915 0.0766565333600485 0.272807134569066 0.0525706687642318
-0.087149447379134 0.0135412218177187 0.174075530504926 0.152589822570988
-0.0361550507331951 -0.11637878229219 -0.0198311017604494 0.149493858643752
0.130519932662109 -0.0580984508224371 -0.143129505933048 0.041680426681683
0.0587097683517384 0.120317419368359 -0.0993161615884414 -0.195662009946536
-0.0933823845694736 0.16781942337303 0.12753666751478 -0.213252961580703
0.0141089240631301 -0.0323426006162465 0.283749559372026 -0.440892068962739
0.0775773604105009 -0.041415126017148 0.0687619154754286 -0.0250245504456103
0.119703878558154 -0.147991439235764 0.337091153046858 0.0708351063429642
-0.0218896263742479 -0.275734303165541 0.267688192868268 -0.100381111376234
-0.188973011009065 -0.16938542265389 0.163991512098413 -0.0539970834611304
-0.201537365109009 -0.010479093014978 0.225282126271199 0.0248123679537343
-0.161653307983146 0.0790597404135009 0.303739709299529 0.0233444269789431
-0.124246529585351 0.0889899806652321 0.351299797794852 -0.00359546086944398
-0.108754150908496 0.106858419672388 0.32656593584364 -0.00510007793656108
-0.129152570110318 0.0570294280305309 0.247820554535005 0.0737470283501111
-0.148698426536164 -0.0196671632238971 0.142534772956913 0.155740666270739
-0.104545025012928 -0.164482685842257 -0.0227540363746119 0.128530341809273
0.0706982223640959 -0.165494554217866 -0.112336478101668 0.0375288330196177
0.0985486113612631 -0.0355500979045218 -0.120998000575645 -0.166854107166271
0.0296147460774659 0.00250272150265734 0.0845348776102869 -0.231879036827332
0.143571586613075 -0.220468838428208 0.247769652165823 -0.341351913350518
0.132473349044978 -0.276984054588959 0.0256832399433662 0.0841491741897874
0.0633270861192319 -0.349005177262197 0.394287875813504 0.143161500320122
-0.116645217729587 -0.403993020968203 0.308167866730327 -0.133070569414151
-0.288348710671386 -0.268084993658241 0.116072301489271 -0.120461643158961
-0.33355391772407 -0.0754682280771138 0.135255063957194 0.00606652763759396
-0.303420549132821 0.0712191682824116 0.214720358157861 0.0425389492906897
-0.238957737546962 0.0960777146369139 0.276204101817026 0.0308182561742702
-0.218252318274369 0.116196865521293 0.271998846849513 0.0197333108472739
-0.226989733058294 0.034963373110347 0.210862555971191 0.0955419577559065
-0.216521081463522 -0.0526351919054769 0.115255704997892 0.167326068733914
-0.182576633534635 -0.207429922185397 -0.029301610667178 0.130788328342561
-0.0124029074072257 -0.263421544157332 -0.10302589291279 0.0437518402012381
0.105676842984472 -0.200754682362728 -0.148452893533882 -0.139414017227368
0.13721041489021 -0.18080604014657 0.0216461445017583 -0.213682391851646
0.253488968929908 -0.358154128848654 0.16783197464962 -0.198401021295823
0.167111616746826 -0.460561025657067 -0.005749175143431 0.212778914918955
-0.0163878436857789 -0.487271830958919 0.438091962974059 0.182248865614008
-0.210293382546629 -0.449312725119255 0.319203613130973 -0.182449220375948
-0.340952204050531 -0.297856890200143 0.0353856770055817 -0.19830473614391
-0.39949435336558 -0.114314050700099 0.0072773829438385 -0.0253857508907464
-0.38861705347041 0.0537688834210542 0.085739987830552 0.056006916114803
-0.317399008130532 0.0885830439022505 0.160639283686315 0.0625240412338399
-0.30856551162124 0.109093127478197 0.180636633763478 0.0480125629914079
-0.318088074941992 0.00754956230734431 0.148915135205845 0.118957496020747
-0.290089634923366 -0.0904068141767281 0.0766639001486466 0.18336967252041
-0.265947904113974 -0.249222341976358 -0.0450026673201838 0.146987035148305
-0.106264121493078 -0.353565997349674 -0.111416314542429 0.0620276367514856
0.0878454892311059 -0.363391979158686 -0.177580913312001 -0.0993601111296509
0.221637929794192 -0.356242314117806 -0.0549080026903354 -0.150168618278006
0.316315686402015 -0.428129099887271 0.0621775209237786 -0.0415022174407884
0.162054604351786 -0.546620550634702 -0.00740210419525271 0.328345177458159
-0.0934332625049569 -0.509362217970063 0.445851382435454 0.171166051375162
-0.25959237802491 -0.38440922368714 0.281833704613414 -0.235219713192454
-0.320884151113463 -0.258347391516295 -0.0625193426669272 -0.2501931880537
-0.383100237166583 -0.124419847642512 -0.126544294346574 -0.0481437970027942
-0.402681340838722 0.0308959463728932 -0.0557425914187923 0.0669680821475807
-0.348066434111075 0.0653890540610312 0.0188034549289995 0.0872274612421601
-0.362549159642715 0.0824749537340733 0.0536298173641948 0.0755171196840591
-0.376918742112395 -0.0310681926665997 0.0524158937645925 0.139550096366684
-0.336979322557845 -0.132554886764928 0.00979497399152962 0.193186872674948
-0.320218980904864 -0.281746116888159 -0.0778274872626008 0.161920848414288
-0.183768297948336 -0.416800282489883 -0.133407861375265 0.0865177724705037
0.0659152762357445 -0.491158274663314 -0.202905966030014 -0.0445762556268676
0.282836134303838 -0.49003178334028 -0.134348888369645 -0.0416785332741701
0.317114658065224 -0.429847485183532 -0.0408795095451299 0.0987444604260676
0.108437806583528 -0.529334851402534 0.0197867317530752 0.394336358667188
-0.145521309930776 -0.41503419518507 0.410462243136417 0.116792385041886
-0.230703599142667 -0.239139788168725 0.202761272246347 -0.260023604434186
-0.224155793886257 -0.18471878627686 -0.143896349778211 -0.253191585918472
-0.298264854241803 -0.119592073234938 -0.230127215522545 -0.0527764636912682
-0.351648835209521 0.00147432386467658 -0.183011906152958 0.0728196460425673
-0.32632606799285 0.0290982979558489 -0.12841469181478 0.100864708127537
-0.362284548945098 0.0347638765598692 -0.0906361911734783 0.0916922666825542
-0.372013953100698 -0.0794186455929625 -0.0688971311991871 0.141946409853654
-0.31803276231705 -0.167605432701136 -0.0805366624101501 0.179448642750485
-0.30791613539775 -0.278167553537258 -0.12805074727777 0.159231535651803
-0.212218266068758 -0.429036544505657 -0.170170712743188 0.101203908945551
0.0542326735053365 -0.553223639465926 -0.220187519116763 0.0130863146476769
0.318226802739509 -0.544153302938965 -0.209809511284238 0.0945844652793136
0.261987232797124 -0.37524021659162 -0.117483088060851 0.201136437414385
0.0262326971448666 -0.434063489420454 0.06046027988994 0.398865614595706
-0.162278207981936 -0.253565870577094 0.333212906855891 0.0470280119151293
-0.14506554510536 -0.0806249827548093 0.116607026048261 -0.245149132675324
-0.0968627231811609 -0.112888807692391 -0.183597470551605 -0.221165775637407
-0.180477386583133 -0.111456932955244 -0.284452398182221 -0.0492689455892954
-0.256374021862221 -0.0312376352809676 -0.276907274799651 0.0708169624862666
-0.255927563406475 -0.013995741406215 -0.259594677759846 0.0981734209839921
-0.296954160344866 -0.0210705833706697 -0.227673075085096 0.0849957663657253
-0.288285927027082 -0.115178574008139 -0.186187957081232 0.111218743146835
-0.221694282021303 -0.16492046931494 -0.165402681263355 0.13339556636308
-0.228295595802879 -0.214439668424914 -0.179735480452265 0.132635887974737
-0.193024963601729 -0.368696700330761 -0.219158472476159 0.0954042615211073
0.0549512538656747 -0.525735934644779 -0.230570378796373 0.0517808065717127
0.319472830080618 -0.503512739139592 -0.275614458228787 0.230079441875534
0.169325062978944 -0.273957482618692 -0.154516558187265 0.259764150800826
-0.0537760150719949 -0.293179180709939 0.098507942444969 0.356632123297358
-0.145743530631744 -0.086411806020784 0.239571361918765 -0.00741601611112409
-0.0467277963799175 0.0415820897245329 0.0516979680746652 -0.202589216965649
0.016991453673368 -0.0584832956877012 -0.180684930313441 -0.180705880993659
-0.0622099980280529 -0.102954183984517 -0.295679072716637 -0.0485612874914644
-0.136151583560946 -0.0638275354454253 -0.331687278272003 0.0587332734087154
-0.145679413785335 -0.0543167098012952 -0.350953025539759 0.0811951595013613
-0.170840237080506 -0.0681640788915279 -0.326346670278732 0.0555115454781959
-0.13865296053 -0.113987512112132 -0.263251284449623 0.0537548050382159
-0.0808148720456105 -0.102122813455542 -0.209128032844748 0.0716396820424428
-0.128307780367668 -0.081799293401155 -0.21490835945985 0.0997660155125497
-0.15783280931812 -0.239634181843741 -0.269675685625856 0.0672411432405619
0.0458757709057426 -0.404411513443949 -0.226965530816635 0.0568372309365827
0.271576894351309 -0.369395953590271 -0.319105599970353 0.335108437158993
-0.0924537563151935 0.187874271906305 0.257292552094128 -0.491140998481725
0.0433402286602261 0.199555724218547 0.104426243077972 -0.0979002255908177
0.161908593130733 0.051566437716842 0.276914893461688 -0.0187662807227736
0.0531781968057689 -0.111196579083737 0.21959404818797 -0.104086526468186
-0.0651957573375756 -0.0313606075854745 0.184539748038609 -0.0328546938832589
-0.0272202237742187 0.0604716793591889 0.268010022742009 0.0066352756686041
0.0162611506287422 0.0718895792269411 0.343111337252605 -0.0174550876240539
0.0154405498212628 0.0689484829313281 0.382902611058277 -0.0507680431571233
0.0162460724831707 0.0890272614694362 0.351587440133868 -0.0415985535561585
-0.0266222388182185 0.0795150170006571 0.281935651183806 0.0461516864757152
-0.0874835741137513 0.0197729694052997 0.18433381775975 0.1492597646946
-0.0443196611389863 -0.115855538227037 -0.0135447439588654 0.156416186460391
0.128087863712391 -0.0680676418695035 -0.143433787973109 0.0495066941466521
0.0647538393600411 0.121667283926903 -0.109401031512357 -0.197071866753025
-0.0852815954977825 0.175808582087165 0.125768048842929 -0.221289468489525
0.0184762984560517 -0.0291498148452553 0.271949106756256 -0.457072646834075
0.0815866924878928 -0.0423858541407597 0.0706753543893814 -0.0226425087297849
0.11760281378398 -0.158002071413616 0.349082596278257 0.0577767202336436
-0.0355575860925262 -0.280924823316817 0.267157007707682 -0.114013727701839
-0.202192297904737 -0.16448934939672 0.165390915143441 -0.0568775999623788
-0.203902766350694 -0.00169994491452182 0.233720896781869 0.0182033938143396
-0.159896640335448 0.0863945454681184 0.316066010904702 0.0141169148834434
-0.121058385299109 0.0952263726245477 0.361904291252924 -0.0171488603262137
-0.103738988120668 0.111875293591191 0.334355796818289 -0.0165524345766872
-0.127746325049768 0.0631905434963856 0.258374399849113 0.069289624187613
-0.152088609101521 -0.012642879095426 0.153329589968401 0.155215235071067
-0.115330092066684 -0.162501344513082 -0.0177341417784874 0.134922079552905
0.0625675635645028 -0.174741809747236 -0.112665636188874 0.0430914722399906
0.0989736972209153 -0.0392519624013173 -0.129267913496534 -0.168510626264016
0.0321875158911355 0.00235195667009125 0.0807855160988567 -0.23899693902663
0.142636390617377 -0.225801878957802 0.239511200634202 -0.355447735447869
0.127546862750816 -0.285605206879631 0.0312214860381617 0.0902128151891484
0.0511309784481536 -0.360202284239682 0.412149650685266 0.128446705615362
-0.137533857814765 -0.409553433954423 0.307348056722365 -0.148139460146613
-0.308432055215796 -0.262344077122502 0.114180219718897 -0.122335748678935
-0.342837044940462 -0.0638439910701771 0.14190706983785 0.00294806327188186
-0.3061922476167 0.0839095485323366 0.227030073298335 0.0395361266111083
-0.239157443659173 0.106498710761354 0.287697527925612 0.0199681787217671
-0.216046925443881 0.125817999107801 0.27962598408773 0.00987465247340019
-0.229686667969774 0.0447040521496432 0.222175949098701 0.0927631047147154
-0.224326790253068 -0.0451112596919535 0.127490506415616 0.169699020265278
-0.195561551117217 -0.202933417967747 -0.0248662865210081 0.13688496004944
-0.0257659780519415 -0.271221627009351 -0.105026791171232 0.0487134963032525
0.0995368448996345 -0.207475839029664 -0.156061478646526 -0.138962656489176
0.132398404712234 -0.188840813076125 0.0158583101077674 -0.217475601666986
0.248468299968094 -0.371382241512646 0.161590769681048 -0.205929996019519
0.155997696855828 -0.473801513767185 0.00505953063126784 0.222901610150866
-0.0348658092508551 -0.496142402428189 0.458462980165948 0.166575122270707
-0.235586694404297 -0.450129499295719 0.316923660017772 -0.200342078539854
-0.364904443274675 -0.292294725978495 0.0292358340917761 -0.19876000072678
-0.412866296993706 -0.100710344737212 0.0108458825578395 -0.0244817555174914
-0.395119180858649 0.0691677164311585 0.0969048903615946 0.0589317181000446
-0.319953951208248 0.101823852425743 0.170515471973716 0.0574715435903415
-0.309464895107049 0.122848094640468 0.186925516773639 0.0415159935924575
-0.324682761218602 0.0197219725576758 0.159806259361327 0.118721733039117
-0.301640372316353 -0.0820158203935753 0.0891841002480275 0.188650166717859
-0.282120217000127 -0.242975813515807 -0.0403963992944905 0.153727644719746
-0.124405528538857 -0.358048024352459 -0.113251604160833 0.0670668856680172
0.0757098905594477 -0.373192823784339 -0.184677107853102 -0.0981804067071814
0.211697126447352 -0.370437650325083 -0.0593538706740607 -0.150185480107547
0.308900261918364 -0.444419293974485 0.0594766190266061 -0.0425786823813409
0.143545864633169 -0.562434727423829 0.00742296722037872 0.339086648936572
-0.116353688259381 -0.515261460764699 0.467205366040918 0.155002694629918
-0.281372621804664 -0.381696789885371 0.27664171487485 -0.251063349192633
-0.341151182248931 -0.253423886624714 -0.0733285408868687 -0.248543861743637
-0.399212685326063 -0.111401235829174 -0.126260740369163 -0.0421851809854905
-0.410510149521061 0.046378172737703 -0.047209656822716 0.0747848140038028
-0.353210201036523 0.0796144015206548 0.0261810446042573 0.0883028748001521
-0.365912352010692 0.0980421713303023 0.0580024458464711 0.0747188482995262
-0.388053985057584 -0.0177708813624843 0.0615139832085428 0.142803068765706
-0.352642754658514 -0.123357541120413 0.0220929169045211 0.200313565802722
-0.337110501970076 -0.27385821738385 -0.0742331479413559 0.169701595165353
-0.203861723729307 -0.420534599083284 -0.13535267222965 0.0927603936483411
0.0488978454307033 -0.502897614499678 -0.208116802489899 -0.0414965949248153
0.266681330242312 -0.508967582257942 -0.136735294444827 -0.0371217800052195
0.308792511714833 -0.449463248135513 -0.0406246951146197 0.104491703199568
0.0880443628232008 -0.543275797665501 0.0383609040037104 0.404410675856707
-0.167300352732181 -0.416254918028888 0.42859821691003 0.101084697624317
-0.245098076875339 -0.234830644822966 0.195266930381947 -0.273558626915632
-0.239583322821098 -0.1820050903008 -0.156429392277106 -0.250226354717341
-0.312996109810049 -0.110640770786878 -0.233032380630918 -0.0438620584396556
-0.360302043360582 0.0143571332741229 -0.177475663823736 0.0863721105559444
-0.333755546881905 0.0422029121923799 -0.124229757236941 0.107507076474372
-0.369627440954979 0.0494968273492935 -0.0892819183502877 0.0972892196807409
-0.38600039222393 -0.0676386828850352 -0.062852620479935 0.148667775087686
-0.334168946370495 -0.161273846769463 -0.0715239856554921 0.189557407335687
-0.323798108314449 -0.27305003049501 -0.125425296264775 0.167658202744581
-0.233530960882819 -0.431682199245691 -0.173129041093595 0.110149247272632
0.0333630019107617 -0.565780090604939 -0.224269097600516 0.0183935704883367
0.30040303145271 -0.566726689582952 -0.209432183303829 0.103765398750127
0.251894603252456 -0.393083570009782 -0.115376549595344 0.212865909929155
0.0067077972698609 -0.442654425976065 0.080601882787561 0.405411310627458
-0.177049366885273 -0.251249602750182 0.346338771226116 0.0331699350332964
-0.15080458760978 -0.07677077596026 0.108473865337424 -0.254337066898731
-0.106713156479969 -0.114089680394444 -0.195070747559112 -0.217635262306475
-0.193352698239361 -0.108263086445159 -0.289292488190563 -0.0388510801144384
-0.264766990299868 -0.0222201192647088 -0.27528972225742 0.0863338125590074
-0.264488265787082 -0.00434186972030323 -0.2600664803564 0.110667276141555
-0.30653476762339 -0.00925177139382524 -0.230580217923011 0.0954136463606398
-0.302144895476204 -0.108086234450235 -0.185589138789956 0.120947782969269
-0.236222340406803 -0.163414055468801 -0.160363008092239 0.144661522766532
-0.238856839839335 -0.210052753493562 -0.179296287035741 0.141703136839067
-0.211802531444657 -0.369466239127486 -0.222046421064503 0.106485775755834
0.0346526432352551 -0.538118014744427 -0.234471755664176 0.0592007633068768
0.302447919461223 -0.525541887874805 -0.270935346299407 0.243470390601799
0.160866785739189 -0.286544278930327 -0.151773972098528 0.273253311558554
-0.0695947072925356 -0.296140318239074 0.117565773318833 0.359613398572865
-0.152059167308019 -0.081427695961599 0.246299743427962 -0.0173994380662514
-0.0441666499580879 0.0437262856572857 0.0447851684308785 -0.208871395350822
0.0122181954587914 -0.0633686322779281 -0.19105457224913 -0.178413278772987
-0.0721943284071991 -0.104162899243694 -0.301994260103857 -0.0381831925602018
-0.143851116284687 -0.059944794587479 -0.334338854790014 0.0741408689615296
-0.154031017438579 -0.0497560907647878 -0.355291832794405 0.0966307202697273
-0.180194114919838 -0.0620069533034647 -0.33354899038345 0.068453340185768
-0.148975891249928 -0.112190451600739 -0.26706139712153 0.0634904612423637
-0.0879908056213101 -0.104707146767169 -0.208931139577922 0.0813839229904408
-0.130625777899503 -0.0792773295174067 -0.21586922249006 0.10877667048571
-0.170372161238611 -0.23818305199412 -0.274672800131365 0.0805376898764847
0.0295482032490076 -0.414556583301555 -0.231212611119404 0.0636980507830072
0.259102527881555 -0.3886749968514 -0.311628955749312 0.350663573141807
-0.0756925180067926 0.195834866411298 0.227530503253785 -0.500387444619077
0.0600584173126936 0.197521035125923 0.0996789743980664 -0.0992404201267364
0.16539458697069 0.0393770657733785 0.276748385941309 -0.0354645781599568
0.0428180193129869 -0.112802808271354 0.211023813424586 -0.117765473735568
-0.0674867480393749 -0.0241645687777214 0.181957094724618 -0.0416477053589166
-0.0201181218492598 0.0618126248488442 0.269019832331963 -0.00809570484773803
0.0229101965508738 0.0698191109980368 0.344274312214109 -0.0379128982749805
0.0216596833156476 0.0666561331441622 0.382990801913034 -0.0737680178584334
0.0248931379159734 0.0857340040647352 0.349690881927834 -0.0605763033312729
-0.0189096230939015 0.0807170277668754 0.285145606417629 0.031509833533311
-0.0847478922732973 0.027735877394793 0.19297802409529 0.137391409856329
-0.0535220827395757 -0.110248015714054 -0.00248890438142716 0.158726578831247
0.120376788778856 -0.0789415330591907 -0.138740702172111 0.0583195364278324
0.0730040895753764 0.118177316356169 -0.121501781020766 -0.191631198978768
-0.0704644796163149 0.181803882018363 0.116041935767689 -0.227458847339535
0.0224134402803474 -0.0268210739949853 0.244208018002047 -0.467445032264971
0.0839703305957246 -0.0458636915930549 0.0713945538675541 -0.0220766131783651
0.108662538622078 -0.166508951768736 0.353087518120685 0.0346251142302819
-0.0561033850100021 -0.277019989484701 0.257700283101156 -0.130201706113022
-0.214313098120309 -0.150465908083189 0.162217798854961 -0.0633992252522748
-0.201365505050173 0.0109052525759388 0.235843230691475 0.00467588351694609
-0.152836500467669 0.0951889322575877 0.321234638755808 -0.0033178737822973
-0.113986518787307 0.100911895621481 0.364864732642405 -0.0389643369949521
-0.0940207002808099 0.116319035266046 0.334179095712877 -0.0359750905307982
-0.121446070010065 0.0703380618029872 0.265190885846204 0.0554841223999349
-0.15248310021923 -0.00192623817876197 0.164819536881668 0.147410291060666
-0.127227261590675 -0.152563499135834 -0.00883994503426853 0.137515239998479
0.0490867987895826 -0.180248972785625 -0.109642974281881 0.0495764056496256
0.0960837891433486 -0.0436992586909522 -0.13902664721439 -0.161781379598339
0.0341274771161328 0.0026002543033485 0.0695961376825479 -0.241409739624274
0.13442648024137 -0.230783689822871 0.216556088654003 -0.364487258039825
0.113935237250683 -0.289694973050902 0.0389672070843471 0.0932344965164984
0.0301685151157641 -0.363508526933948 0.422024845689673 0.100316066608133
-0.164327648540438 -0.399009783024025 0.295135273837595 -0.167281290334025
-0.327511583833949 -0.243138415979052 0.106965403588224 -0.124515405812572
-0.344764332241277 -0.0409320046436735 0.144167429902642 -0.00528827477496973
-0.29878297579754 0.101303697240002 0.235839239131564 0.0279055901769631
-0.231214220645812 0.119524452233234 0.292331711323192 0.00287238648588954
-0.205295751994321 0.136721812359615 0.280803278875174 -0.00604596096051782
-0.226154483612393 0.058037419088847 0.230985507665475 0.0817937140102019
-0.227252009841695 -0.0308599193521307 0.141085641044918 0.164288487129043
-0.208561455098385 -0.18872694375425 -0.0169144090713681 0.140496675151617
-0.0442986142430011 -0.270291034918729 -0.102311221827496 0.0543783777910309
0.0859588187248225 -0.211473794139182 -0.163519408423163 -0.131656313071525
0.120957928505743 -0.193857354391387 0.00533207099617423 -0.216977179134285
0.23019670697968 -0.381344666939534 0.147834383559952 -0.212412318764118
0.129024951079752 -0.479530839922995 0.021157248617459 0.225521719143129
-0.0652268498850923 -0.492756132998862 0.47118897683597 0.134498976485244
-0.262758535907591 -0.434240761334175 0.300711695133467 -0.219670242389276
-0.385896117816157 -0.269298354688241 0.0180349588483225 -0.195830642649278
-0.418601898375059 -0.0734301015634933 0.0126754020373309 -0.0238900488253924
-0.389528846347869 0.0911489709165067 0.108030505870451 0.0554101821597724
-0.313428508965601 0.120089614982429 0.17791677519116 0.045738048708701
-0.300000607092718 0.140536447915126 0.189394847842356 0.0305689600618629
-0.322863684551614 0.0395247225873451 0.169614340705766 0.110794203741623
-0.307526372944767 -0.0636911788328964 0.104885003643434 0.18514049658367
-0.296657040426263 -0.224670800502216 -0.0317987924222576 0.157743359940666
-0.148210989466159 -0.35163390865095 -0.110116930839254 0.0742197053462982
0.052279404960065 -0.374197616420999 -0.189238483222251 -0.0899397585125948
0.186566766923393 -0.379931688665356 -0.0662927801491116 -0.145550914985113
0.282912013064604 -0.460991809129549 0.0553366165075741 -0.0435519989284282
0.109550581665247 -0.566143707176953 0.0311263417463413 0.340556630061987
-0.148352148752745 -0.504646256963431 0.480589424753324 0.121582256478693
-0.304163431116181 -0.36054181205285 0.258360788854156 -0.268822404792045
-0.358632302722393 -0.23265033375642 -0.0866478774229691 -0.239329235689476
-0.405916200971184 -0.0865604044376059 -0.125249182635605 -0.0333468058463526
-0.407162705452806 0.071233181261125 -0.0348845749943811 0.0805587524139544
-0.348568600736199 0.0996137416574288 0.0354171048149853 0.0856581349662885
-0.359652105195686 0.120946466746894 0.063355158813017 0.071073607380736
-0.388760014434327 0.00493225852872835 0.0733404731679591 0.140341593186948
-0.362202561696809 -0.103236068087242 0.0387886693483341 0.201541804593654
-0.352420526758439 -0.252216961329865 -0.0653949322831949 0.174624137661529
-0.229606318004305 -0.407161254853383 -0.131783512220129 0.100325388765099
0.0168863724085021 -0.50122518331349 -0.209589242711291 -0.0324181572552285
0.231900566873546 -0.521288138107782 -0.137155737511859 -0.0283933645265902
0.282254616116258 -0.465499540520845 -0.0363946667437939 0.10843315495612
0.0541416678567496 -0.543922261262699 0.0658225032943202 0.402175312835281
-0.192206624107143 -0.40242966305292 0.437749027413148 0.0711033407542997
-0.258747943359277 -0.217333626365468 0.177820434726794 -0.285112879652991
-0.253373428093949 -0.168750119355892 -0.170179553766811 -0.237104055792312
-0.322472525374957 -0.0915850267200269 -0.231489779040289 -0.0292928666333546
-0.360094996573141 0.035546573742891 -0.164816160700571 0.0988112113230861
-0.332028010933355 0.0610930445457734 -0.115113652593123 0.114476937735022
-0.366920388214438 0.0727809352582605 -0.0831231815548478 0.102133281279309
-0.392176100023531 -0.0442851171530985 -0.0518851742811685 0.153493257678259
-0.346499017221064 -0.142043047547198 -0.0552191169589727 0.195826596102892
-0.338117477231202 -0.252394139229729 -0.116372803949896 0.174986081991593
-0.25858185826105 -0.415841715300078 -0.167881449516123 0.120155948269133
0.000590175459324066 -0.563007474419381 -0.222815312344482 0.0276706920837934
0.261250817588619 -0.581796619042437 -0.200969696682589 0.115865547093752
0.228634012353616 -0.406163390004057 -0.10424595457412 0.220338405559586
-0.0227611328251178 -0.439225381424073 0.10814870791526 0.39880544660079
-0.193072217342984 -0.237223397804649 0.349548974637044 0.00855513444601861
-0.153667547791524 -0.065868838124777 0.0922171341301681 -0.260736294361814
-0.116104620190327 -0.108826351448836 -0.207253845603101 -0.20382752957943
-0.203967115190919 -0.0967215717372321 -0.288314058880853 -0.0217447066899878
-0.267068147265264 -0.00723872188887584 -0.263659620630362 0.104031780250364
-0.266289537898331 0.0117380869534402 -0.249787162029202 0.126380861726075
-0.308772727361309 0.0100105313350879 -0.225390442874683 0.109210653959375
-0.310824408631449 -0.0907744817826896 -0.17689615744339 0.132115554586874
-0.248484691851692 -0.151703797406225 -0.147440031484081 0.155322410575678
-0.247693813564171 -0.195671640238946 -0.171666571080826 0.151484193506544
-0.232540716911355 -0.354298679566149 -0.216329237031 0.120103763950162
0.00188996138454731 -0.53435196873228 -0.230843504918331 0.0686334228796852
0.264827386004025 -0.541805263742715 -0.25364228222764 0.257944341989718
0.143513180598641 -0.294770558440022 -0.137471533761199 0.282839709306846
-0.0904828344042592 -0.288241317493428 0.142050606633534 0.350175533188987
-0.157766092570816 -0.0710260986904017 0.247245061136597 -0.0330253361167249
-0.0396436812267484 0.0466335308012469 0.0320033893713502 -0.210492024999357
0.00545877533367034 -0.0659276276648398 -0.201953784193936 -0.1670559788834
-0.0838931237886506 -0.100360909135072 -0.302671629354047 -0.0208367520991049
-0.149167116263927 -0.0510324031645538 -0.326269793142312 0.0951214884328476
-0.159677599616246 -0.0398135958831157 -0.348629755523453 0.118753176117836
-0.187144957943643 -0.0500046514922095 -0.330474586919276 0.0890973986318404
-0.158729671680607 -0.104268830718569 -0.264182885345708 0.0788456855219006
-0.0959860482314751 -0.102411109932666 -0.20144280956156 0.0938235216213859
-0.131282110531378 -0.0714500867060297 -0.209298593526372 0.120588427144103
-0.183414616645634 -0.225593593910977 -0.270158422764751 0.0989769728154053
0.00340562637413255 -0.412288643364358 -0.228422624961877 0.0741395666148308
0.229715226037859 -0.404155101726521 -0.289142302194201 0.366383971490427
-0.0573831650025311 0.192927749723247 0.195401642737795 -0.48804516633346
0.0719574780731953 0.187098525310548 0.0926496657380947 -0.0954592781563473
0.161594855164292 0.0265426406499995 0.265100763367122 -0.0490213807517863
0.0324872319183025 -0.109544646406885 0.195468207438177 -0.124534430578227
-0.0670385747907954 -0.0174487523774575 0.17306606638026 -0.0477951594817403
-0.0134323815886616 0.0602696884348118 0.258980156315376 -0.0207440314979232
0.0276541152134528 0.0649144624463242 0.33204960928963 -0.0533074121457036
0.0260214268920694 0.0622144545532548 0.368591572615886 -0.0917660325179134
0.0309219098014095 0.0792100083947805 0.335515545584444 -0.0746068717232434
-0.0117160928967998 0.0782983735594652 0.278705641504801 0.0173227256365618
-0.0784357316613139 0.0334294531601458 0.19323175048533 0.122618038844945
-0.0590022887953817 -0.101320742818864 0.00738974575441547 0.153801208748262
0.108496290376776 -0.0850638187074052 -0.129626290706424 0.0638112042886264
0.0774245517533308 0.111199548748637 -0.127166314599899 -0.178971735619921
-0.0538172955930793 0.179702745974855 0.103656608523589 -0.223412752265007
0.0254225762156911 -0.0252711393193715 0.212917535679338 -0.45700118302894
0.0829734517544337 -0.0472402725044385 0.0697644030243557 -0.019922940204843
0.0956628154559063 -0.167552160629042 0.343580352777521 0.0128687810353334
-0.0707162533154022 -0.263494543159492 0.239091925440591 -0.138790569313969
-0.216349582201786 -0.130476877732926 0.15299272327151 -0.0671449657285983
-0.19163362147129 0.020813565236876 0.228530957546724 -0.00647342290949971
-0.139478279958703 0.0983492961124393 0.313657628069062 -0.0183217189645192
-0.102946337820632 0.102114416043113 0.35324717352691 -0.0575112167404545
-0.0822967665620481 0.114976312658893 0.321569789604938 -0.0502740395325773
-0.111818097804594 0.0736564917863618 0.260955815608923 0.0423283129102473
-0.145626518873563 0.00755284654101525 0.16762667713631 0.133648500616077
-0.131235609252106 -0.13770900817763 -0.000939856274529021 0.133799622173581
0.0343113289981801 -0.177917858221958 -0.103371122689464 0.0541215105461107
0.0902862973321681 -0.0449446441531838 -0.142562379815878 -0.150067666708229
0.0355740706955141 0.00161071085719985 0.0572877911933701 -0.234483889232702
0.122717007600313 -0.226497941133401 0.189789925389456 -0.358739963705883
0.0990559362814561 -0.283536733902286 0.045003179750424 0.0915916211878606
0.0108097455245505 -0.351268951714873 0.41392808668362 0.071823513920579
-0.179684129068427 -0.374838725906553 0.272522747540287 -0.176595329744076
-0.330105806724822 -0.21458301497781 0.0969516872193701 -0.121871300270371
-0.333915137661549 -0.0218118406035019 0.140465180953722 -0.0115806808450511
-0.281707254501431 0.112177561064422 0.234497767766899 0.015956452731033
-0.216262119039806 0.125762198953763 0.28598283728262 -0.0138206105179507
-0.189328590173732 0.140339044266914 0.2717622926663 -0.0199441389801357
-0.213153260322061 0.0671352572916469 0.229883796499432 0.06814145126478
-0.219697089721902 -0.0173402699860051 0.147242053738013 0.151601320555272
-0.211016772542754 -0.169253581525728 -0.00924489352675124 0.137162564253377
-0.0598857331129898 -0.258923862548143 -0.0970620510392512 0.0576569460707364
0.072329948096583 -0.205284690117971 -0.164315287435196 -0.120479316587768
0.106674061188928 -0.190510837194809 -0.00347613427533329 -0.207441497244208
0.205901642294232 -0.376535539815294 0.130693721123666 -0.209341902365345
0.1028301608613 -0.465110071865017 0.0348218281781526 0.219320099747625
-0.0878900313048071 -0.468802749769903 0.463112110876459 0.1007899897659
-0.277211634454719 -0.403354135331437 0.276325236106303 -0.22730724173046
-0.387178247264632 -0.23812616021225 0.00789057676816319 -0.185554117900439
-0.406742874378368 -0.0484935700889708 0.0138521671119547 -0.0227196928821216
-0.369801560945372 0.108837354614511 0.114096604146707 0.0488891672457545
-0.296184934067133 0.130732790485866 0.178126394382371 0.0333679669364822
-0.279603804999076 0.148800943864307 0.185139739281643 0.0201545783411947
-0.309392744168299 0.0538656917682923 0.173018483234238 0.0996033325291682
-0.300441248045726 -0.0452356958873542 0.114232447889049 0.174361869163745
-0.295557300429683 -0.199191673981714 -0.0238829419745588 0.154847119007174
-0.162998785768972 -0.330625711002784 -0.104073062709858 0.0766350984067391
0.0322649372735502 -0.358860027689307 -0.186702490324022 -0.0798264522013219
0.158740558330102 -0.372930586602296 -0.0689317752399432 -0.135541560554912
0.252096357616662 -0.45548627721868 0.0493483490864918 -0.043549118406286
0.0780628054913775 -0.547734468183812 0.0502185090007717 0.328294568793222
-0.16793463093703 -0.475580552781107 0.471551027291406 0.0882296862856832
-0.312152431242261 -0.330382147441471 0.232901650331043 -0.271505245475458
-0.361024475214473 -0.205351483158003 -0.0942197815592846 -0.222626046572453
-0.398863420241851 -0.0607325693885763 -0.118697482150132 -0.0253406064056071
-0.388918758882793 0.088318269175134 -0.0214511649120445 0.0806513123806214
-0.332393437113424 0.113713518359322 0.0422986308752182 0.0789339270168589
-0.339515883321898 0.13352212358718 0.0651521130949818 0.065229164048453
-0.376106371427132 0.0250552315017277 0.0816037761340329 0.132748102432949
-0.356068832001312 -0.0812690956733568 0.0523796784191136 0.193735435454741
-0.350546553679098 -0.224668940156644 -0.0550427997582909 0.172324098832288
-0.241929352901447 -0.381432440311413 -0.123658917103517 0.102876545200665
-0.00837705188030182 -0.480670905524791 -0.203946165476732 -0.0244219479315166
0.193212923774867 -0.511098319909168 -0.131088515220497 -0.0200560162899511
0.248700101074488 -0.459735056652256 -0.0308836340702669 0.106765780732348
0.0221363242026341 -0.522289381581028 0.0866753809013258 0.384385346120723
-0.206956036179261 -0.374611572693777 0.42716328031542 0.0412724088219645
-0.258865715713377 -0.193610956167412 0.155257404973889 -0.283429726675441
-0.255059872639267 -0.149852068851948 -0.174449722426772 -0.216851943899728
-0.317868761108052 -0.0710429786149605 -0.220841319727826 -0.016367859888252
-0.34665501871811 0.0514031450693357 -0.146258878880918 0.104365824583869
-0.318288437275835 0.0755781195967262 -0.101793919640757 0.115350917356351
-0.350387649131917 0.0888717758401418 -0.0748023920006509 0.102241009537268
-0.382322997065898 -0.0232914572177291 -0.0396079847252709 0.151017736013092
-0.34422670061245 -0.12046911860464 -0.0386126569628546 0.192190901592753
-0.334740741536751 -0.226890748093362 -0.105245366874195 0.174402601104149
-0.269829627883109 -0.386069619365527 -0.15716213329803 0.123340339889551
-0.0274899531735693 -0.539022530927586 -0.213899491424905 0.0344679059031781
0.218031329151559 -0.570173124420143 -0.185124351950991 0.120969006029379
0.200120945897784 -0.401702962867766 -0.0913135231747736 0.218603962706757
-0.0460755706048734 -0.417387083017107 0.126314577614218 0.377421756803631
-0.198755856727638 -0.215698524109654 0.340295181663047 -0.0129338575499145
-0.149747263704472 -0.0545669039786721 0.074654559621115 -0.256001035339695
-0.119708381333858 -0.100031245326533 -0.20934680144778 -0.184671514704166
-0.20566729906697 -0.0824478512397192 -0.276667785526941 -0.00640856875867208
-0.260217800340472 0.00660948062957842 -0.243299345975733 0.114198573296909
-0.258674149928482 0.0248226630912996 -0.232459182307974 0.134636354445373
-0.298295392441472 0.0264711494001949 -0.211669316970523 0.117193721014956
-0.30701584550062 -0.0718834080595811 -0.162820433602676 0.135955511314493
-0.250131996734958 -0.134646145023567 -0.130385650685551 0.157062938639624
-0.244642181434187 -0.17656227068551 -0.159167019114121 0.15351173638977
-0.241419581374626 -0.329187533023647 -0.203455375295633 0.127036173707335
-0.0238505047874267 -0.513254376031935 -0.219937904723888 0.0745760444923582
0.224432930284361 -0.532016974037828 -0.228993693064177 0.258819663758197
0.122810911054033 -0.29091421955396 -0.120033404384086 0.280768089718273
-0.105460313801365 -0.26935221504239 0.156348641603487 0.327782656572961
-0.155383707419355 -0.0578223801748285 0.238708482682084 -0.0469604094568476
-0.0336909386572491 0.0465389904056609 0.020268362443113 -0.20462543959577
-4.06659988842458E-05 -0.0649961887697549 -0.203527195449144 -0.150005869648681
-0.0904705058653022 -0.0918651982141003 -0.291179736785431 -0.00539989387332426
-0.148748600210569 -0.0415157047572544 -0.305905992196417 0.10764262842355
-0.158623582414252 -0.0295918805226486 -0.329946181974188 0.133062232213466
-0.185769065574755 -0.0371634889713168 -0.315608333976675 0.103180088491136
-0.161146276670223 -0.0931413342904507 -0.250895744652347 0.0877291502477269
-0.10009781373308 -0.0955576672195522 -0.186057674784931 0.0993565265320086
-0.125779192439536 -0.0634204829389326 -0.196106217283602 0.12569933869331
-0.18727146739073 -0.205972268791519 -0.254730548125294 0.109765976030861
-0.0175468017412953 -0.395758087371011 -0.218365298864254 0.0794142201685036
0.196835840241598 -0.399516439213276 -0.257955995068803 0.364893419098797
-0.0308734642080473 0.175608717621602 0.101900006410046 -0.475650302630066
0.0929363124409049 0.159874602123968 0.0769145037642025 -0.0930860629103359
0.152082612673299 -0.00285913687686331 0.254860054469236 -0.0828609973142262
0.0113704495909354 -0.107485202333638 0.171733320710326 -0.15258794303321
-0.0634343270550031 -0.00810088963304296 0.152785109084312 -0.0708966584095229
-0.00357747677739895 0.054751461741251 0.243979598125331 -0.0534717696452168
0.0360834554355705 0.0524730167193962 0.31496406532621 -0.093469791431132
0.0327950170496837 0.0516147682562147 0.339032369258266 -0.140020949428662
0.0412549694784751 0.0659788391071837 0.30953012921287 -0.121419382499552
0.00312815741619642 0.0735173454233947 0.2682423877903 -0.0272875069028163
-0.0658766631044064 0.0409996117000658 0.202556276769716 0.0853901358153297
-0.0696391547067556 -0.0836693263232094 0.0340517908531695 0.145131812069622
0.0865314976658903 -0.0921377363439152 -0.109799140058911 0.0810338326828201
0.0868742011259049 0.0918588899404399 -0.151091025600591 -0.14845521451706
-0.0262328363307968 0.172736790566446 0.0699466708644479 -0.224917393577388
0.0232569353100865 -0.0357554056425809 0.128504466215237 -0.458880288660103
0.0750587032092931 -0.0554157637423906 0.070329118889992 -0.0268006102394329
0.069412600561477 -0.173292300183282 0.337732938750125 -0.0526903112974097
-0.104976398930402 -0.235479792177562 0.210498136829531 -0.18556851573611
-0.217244976415021 -0.093815857252538 0.121960862549082 -0.0940967252131305
-0.175853360128861 0.0402890195820916 0.210053453372588 -0.0373138745417434
-0.115285941790299 0.105428642800126 0.295570982081675 -0.060168539816159
-0.0842194184408633 0.103733111563777 0.329751355052392 -0.107086853957947
-0.0612309632371893 0.113542978485506 0.30131263643305 -0.0984700730724612
-0.0930350885056389 0.0818938385978345 0.257936408474107 -0.00362179527102182
-0.132339208378961 0.0238551898980668 0.182344676179438 0.100900567273319
-0.141763766740963 -0.109664695872367 0.024099694940623 0.128600787661011
0.00783070432124302 -0.170011632527717 -0.0866966064857207 0.0657299411457663
0.0786093277263901 -0.0542683752219823 -0.157716046416972 -0.116843201148189
0.0362415106041577 -0.00434916530395392 0.0257622193837578 -0.227392525388613
0.0915021104646849 -0.231065320388718 0.127005783652647 -0.372709550615333
0.0610971768400346 -0.274304381611123 0.0668203563049912 0.0738281825781109
-0.0295691539671898 -0.329422748981315 0.410119782287101 -0.023897095274642
-0.218802268126628 -0.323622475768164 0.234007963087022 -0.237485721018566
-0.335556751756246 -0.156183199909839 0.0544668104935359 -0.143318868306375
-0.314412583617161 0.0193655475191332 0.119879901216899 -0.0318720758463368
-0.246279687976392 0.137458210136662 0.219252623896745 -0.0190218066464233
-0.188360675472865 0.139760489821927 0.271599888475278 -0.0565499599949406
-0.158910356240208 0.151665121513874 0.259040699431368 -0.0637316482214986
-0.190254869923183 0.0884244223097627 0.23361809588381 0.0235138621359533
-0.206406873058956 0.00775494620514053 0.167621738824681 0.12124961725766
-0.220236776815284 -0.129811708566875 0.0175929480674299 0.13307774064958
-0.0875420993881351 -0.234267703060378 -0.0806007041968111 0.0657723459412837
0.0410438741203223 -0.20029156482646 -0.170561021151763 -0.0855826263924287
0.0797052863852217 -0.19256224249815 -0.025987394551946 -0.192511745335123
0.152253461042303 -0.376219638885546 0.0991686356371193 -0.231343355018968
0.0415213009953569 -0.441432416673102 0.0781737387135211 0.188617383835005
-0.134483035958522 -0.425033014504523 0.458942409283118 -0.0123253492539118
-0.311820007915882 -0.336072185772268 0.226718060103381 -0.292976061094649
-0.393381517622524 -0.169929781848759 -0.0424242130317239 -0.192718719178556
-0.387671782170393 0.00550341453128455 -0.00529208928766393 -0.0262051807176346
-0.327304110404053 0.146827925810629 0.105079220902507 0.0266437776487904
-0.263000779785594 0.153906045690389 0.173710710442769 0.00289291791070117
-0.244278481644303 0.172623437092198 0.184033542604889 -0.0141949466020195
-0.284105278322134 0.0896113306092336 0.185657794278148 0.0599633842356983
-0.28536069406755 -0.0103716319227576 0.141590409435665 0.148062089238275
-0.303764353268225 -0.149150634955245 0.00700556300595537 0.152694822949719
-0.189566149926161 -0.289726581240625 -0.0856365762445047 0.0827231212697408
-0.0168150863573247 -0.339116598115192 -0.182336926083679 -0.0427677312400598
0.105476905492835 -0.368735985326161 -0.076746045301622 -0.115235783702934
0.185816382885308 -0.450085205271495 0.0516202588413104 -0.067060679825144
0.00814261239874432 -0.511744223164617 0.109975642523152 0.284614066892496
-0.208809479350258 -0.419732577969911 0.457751668835286 -0.0292264963730593
-0.334647299650176 -0.263682706630266 0.174585196611876 -0.325589860558908
-0.364568894912017 -0.142862037510213 -0.143837490567853 -0.210227369011858
-0.382284633931754 -0.00682283769304885 -0.130506931952348 -0.0104111778005342
-0.349724039865272 0.131831256101555 -0.0213040025568165 0.0737611771203111
-0.299058926125306 0.142674446202571 0.0511872848351325 0.0647847514574337
-0.302706174566862 0.166166684966144 0.0769038313520078 0.0459983246649418
-0.351664955402871 0.0710156923289055 0.103887473067009 0.104321886404577
-0.342820179180139 -0.0389773310892483 0.0863914824825387 0.17588182990971
-0.358579503149467 -0.167539617241572 -0.0190376307659908 0.174362707802209
-0.269264662136767 -0.326332107905187 -0.100450791107543 0.109287515417758
-0.0706446632699847 -0.446851023758005 -0.187130615598521 0.0119200417488789
0.121665562820132 -0.5020570960437 -0.118598217651886 0.00186937245760137
0.182159555156069 -0.451777215978362 -0.000354105857288721 0.0864254886547001
-0.0401024960604677 -0.481680833147747 0.149652052614944 0.33094343897265
-0.23277656200479 -0.320200808883098 0.404416606387728 -0.0602377957912131
-0.266463896447469 -0.145479283929537 0.0970922058220381 -0.314485458055161
-0.261351787020576 -0.103651843754682 -0.212823283043811 -0.189564349700185
-0.309835802227608 -0.0237889393632107 -0.224052793773012 0.0126730407902044
-0.316839245149878 0.0941019623364467 -0.135735669764909 0.112667281801774
-0.292011465069226 0.107768642107407 -0.0804299418163594 0.119604502267404
-0.318741978002415 0.128318114751696 -0.0516501250823666 0.103462791141233
-0.365483190721542 0.0275493509119823 -0.00766473288901507 0.141152607638514
-0.337196609583806 -0.0764156289715863 0.000151322228474919 0.187827393069252
-0.343732436512033 -0.173174466400467 -0.0674690051141102 0.183349914528561
-0.294015215554768 -0.32822092039284 -0.128685083935185 0.13308225081147
-0.0971543132416535 -0.498901822829992 -0.186388160454799 0.0686268289977857
0.137340569735947 -0.559034756413939 -0.150638990368537 0.140242391288706
0.141889098724474 -0.390006771122356 -0.0417010263741138 0.201620628741102
-0.0910113438995627 -0.376748622952743 0.183584346333836 0.320479892573478
-0.206171877599577 -0.175486062423731 0.310906932128488 -0.0854451261597128
-0.146879676052778 -0.0318458164056932 0.025730796879669 -0.263186106354958
-0.12982819619744 -0.0748900934049191 -0.232335464834456 -0.149115254977415
-0.206590207229976 -0.047587768594414 -0.27096509844894 0.0286665773643559
-0.242868617117407 0.0423855050341674 -0.224694186480771 0.135390918294859
-0.242608979529575 0.0548751571581592 -0.20243906692046 0.157714969951533
-0.279655336303855 0.0651921346938358 -0.181013787184419 0.139659972967433
-0.302674677092517 -0.0274857461456831 -0.128450630262394 0.147583547097767
-0.251082168301468 -0.0999199671654251 -0.0939327895966265 0.16864958384091
-0.252090300192917 -0.137702790973013 -0.123017098349642 0.170234313717061
-0.261191368694273 -0.277587826045326 -0.171517513701975 0.144343318399439
-0.0931728770547263 -0.474734450038042 -0.186811852005826 0.108099370810121
0.146340476696522 -0.522401424903014 -0.17415291561676 0.275049147749127
0.0835222272320746 -0.277579950905554 -0.0628750601553783 0.269332033409754
-0.127015502252004 -0.232223478640889 0.199651805200447 0.27270805599773
-0.148310333211687 -0.0355695988902834 0.209955329712987 -0.0893580815874443
-0.0259304594217995 0.0448146002342148 -0.014943981266532 -0.19549666492676
-0.0139835893989657 -0.0580908778553094 -0.215281238822572 -0.115479197384774
-0.1004181389838 -0.0704634342673883 -0.281376401118382 0.0311268268846945
-0.145527962357725 -0.0157162250502901 -0.281554269113134 0.139455191427521
-0.155082663745057 -0.00610148060082184 -0.294997585517185 0.171012590343097
-0.182034777612632 -0.00764848218763839 -0.284302244893438 0.1448893432037
-0.167879013388891 -0.0662640202499143 -0.222200977547753 0.118581221998242
-0.106699687293111 -0.0790700848796818 -0.158368575544903 0.121418481781205
-0.125296502393616 -0.0458014056671592 -0.164412052046231 0.147726276841923
-0.197276092705477 -0.168735594567648 -0.222202414678393 0.139755721166664
-0.0722733713189429 -0.366078576912725 -0.186515990086478 0.110818686176141
0.134607779523062 -0.393232120277068 -0.188063911401275 0.376971419740817
-0.0295140555647211 0.16843431151285 0.109676430962477 -0.453379989458855
0.0895097920808882 0.154479094053114 0.0800283337068484 -0.0835094948413458
0.145841947603962 -0.00173948692652891 0.249514203695023 -0.0762697016939351
0.0105598357759573 -0.101854792034946 0.16661155322524 -0.144314029744088
-0.0607021505576759 -0.00618449948044017 0.149259186871422 -0.0639276123908072
-0.00265330652880791 0.052500592052842 0.238323207929662 -0.0452931925158052
0.0349585786249691 0.0502837734319597 0.308502069958912 -0.0835209398611239
0.0320352058094851 0.0496337358158651 0.333621243659381 -0.13030386178899
0.0400698861943351 0.0625063519242615 0.303916378050574 -0.110733859521652
0.00314361827279248 0.0701284179665727 0.261676191652255 -0.0200960094254587
-0.0621130552156022 0.0396880125135962 0.194066040334311 0.0862649176645136
-0.0665686935546344 -0.0794534395061027 0.0310551236991453 0.140531475060048
0.0817022018343746 -0.0889196009210205 -0.107108231383698 0.0768816483912916
0.0837810774152033 0.0915360220728929 -0.144551354606593 -0.146526776390522
-0.0247201545511678 0.165601999054696 0.0763343716760194 -0.216146858656067
0.027634692107769 -0.0341854802771091 0.135198892664938 -0.437346311431403
0.0772332333983365 -0.0537162827479223 0.0723763867180221 -0.0198264736357917
0.070247382354357 -0.167551209885883 0.3282927941559 -0.0457108582462573
-0.0979630690205239 -0.227188329783774 0.204239153370856 -0.174917001702798
-0.209136980588051 -0.0921426679214462 0.120949402638507 -0.0855023722647406
-0.169725582602341 0.0364228660973629 0.205218877505923 -0.0303989043861356
-0.11285427680804 0.0977625513659837 0.29080549383871 -0.0516965110671061
-0.082691067329095 0.0977503617988592 0.3239860060872 -0.098565498693002
-0.0599897157941213 0.10609722134782 0.295062709692074 -0.0888608148723254
-0.0895287358154176 0.0764777867444222 0.251931201199503 0.00201752269607795
-0.126739877899416 0.0218306385444666 0.175614261965596 0.101943869267318
-0.135146825099693 -0.10680548604552 0.0199867458510408 0.125096365341949
0.00769611071590806 -0.164336533299781 -0.0856815724504679 0.0620683926163122
0.0786441927209727 -0.0481929234998755 -0.150720631028342 -0.117528684037441
0.0380679704742786 -0.00219684579626802 0.0336574012964004 -0.219033941036039
0.0972124913428399 -0.220820095046251 0.132155529275368 -0.354912627183695
0.0682258314576672 -0.263573304237992 0.0666826514653111 0.076201594159455
-0.0214560990073125 -0.318732467800394 0.398100785133504 -0.0181383781250127
-0.206061955400061 -0.315329133492552 0.228802358332283 -0.224505847029567
-0.323426123825672 -0.153858608172425 0.0559577674624791 -0.134394179074644
-0.303924447041869 0.0133446048618387 0.118440837240358 -0.0268455135317877
-0.239349597047293 0.126681890455462 0.217617299855709 -0.0139342543654363
-0.184618023032551 0.130256270298851 0.267118311218069 -0.0518646079528163
-0.155205502652068 0.140775738174188 0.253552375649386 -0.0559622731448938
-0.185064293801802 0.0813958985008501 0.229141284626637 0.0279838767877055
-0.198323216117651 0.0041460374327852 0.162783137798969 0.121331467075545
-0.209190840714237 -0.128081824352727 0.0135407366694965 0.130413436361206
-0.0824729325689676 -0.227371383574626 -0.0806873293217828 0.0624203975112296
0.0448462740268755 -0.189979663931474 -0.163408828887269 -0.0878816277019655
0.0823988813048726 -0.181737612304284 -0.017226004042376 -0.186189451855204
0.157697612535417 -0.360138692721709 0.100671214303911 -0.219202610047124
0.0525802141917037 -0.423888651432266 0.0751892625762805 0.186570381158079
-0.119110462082673 -0.411609126074481 0.444022244916496 -0.00729268358287668
-0.294603188857614 -0.328652752043486 0.2216992706389 -0.277955573986682
-0.378508459219583 -0.170135581164669 -0.0360120701109729 -0.183641180331546
-0.375903452681914 -0.00246356979993069 -0.0021503796622634 -0.0240994185412415
-0.319828151795413 0.134861419064643 0.107255100660991 0.0275952864087469
-0.258449606345424 0.142927095504257 0.171679521130319 0.0034605312040257
-0.23856832073644 0.159210974982899 0.179368762071003 -0.0098701156850037
-0.276396856341993 0.0797159296270722 0.181807307508077 0.0618795891308602
-0.276221158300142 -0.0151547751907437 0.137953891319383 0.146105385519504
-0.289484426811737 -0.149313771510523 0.00217087006846645 0.149263643317143
-0.178171978513497 -0.28178823452497 -0.0861856695536987 0.0778231186423048
-0.00788858151357085 -0.324004429166342 -0.176235953254396 -0.0481808032062628
0.109463413563051 -0.35014119427055 -0.0684649732844223 -0.113335045927641
0.190485716765758 -0.431100738201333 0.0496974460572005 -0.0624149774050821
0.0206262677594526 -0.492958593597323 0.10224674019584 0.27868935975826
-0.191369940956122 -0.407702157775212 0.444460700408895 -0.0235612603316632
-0.31588585856454 -0.259787031057661 0.172698024818358 -0.310133562066297
-0.351135539969533 -0.144343298412834 -0.133210933918087 -0.202707548232676
-0.369646141164649 -0.0133182077063656 -0.123769223656796 -0.0127076993128413
-0.341888474593295 0.119525934620616 -0.0154701994588365 0.0695148067941265
-0.294009165460524 0.132778050394332 0.0518190303725574 0.0613170397930217
-0.295959106361694 0.153228785314085 0.0738603100268002 0.0460131662714129
-0.343130424550828 0.0606555753847029 0.101893034987924 0.103328379310293
-0.331837161227403 -0.044649950143947 0.0844239385547865 0.171510765540043
-0.34085420686759 -0.169486004060444 -0.024398500989116 0.169268507159491
-0.253501470949133 -0.321528399299206 -0.101081325539736 0.103268503934551
-0.0572358239353691 -0.428955294564117 -0.181611602119931 0.00443256169635435
0.127567260701955 -0.476153016363812 -0.111624597826173 -0.00196006086078947
0.185912492837183 -0.432594737134832 -0.00388954623438383 0.0837144505906501
-0.0284275659794659 -0.463883792132791 0.139724816275053 0.322085751312786
-0.217872641228908 -0.311344996407852 0.393000712883886 -0.0537875334382431
-0.252207836224681 -0.144013168556873 0.0994371049659715 -0.301649022253131
-0.251455561505106 -0.105664501722028 -0.200442307885263 -0.185405990013284
-0.301744025468602 -0.0284954685382017 -0.213962294080687 0.00623079417940914
-0.308715101963016 0.0846268717369013 -0.127589609676453 0.104332121194593
-0.287236559936666 0.0981271747064034 -0.0776227853285485 0.112373054962532
-0.311492213639324 0.116948617363954 -0.051489134454383 0.0992507921618051
-0.35582029717653 0.0189257926159991 -0.00753127519613613 0.135662724064806
-0.326994186903434 -0.081373838407772 0.000129885413220181 0.181100374327573
-0.326026972858956 -0.17459265620938 -0.0711233197424212 0.176417787294666
-0.276910985763645 -0.322956298357308 -0.128565073825588 0.125141588615947
-0.0821725803183242 -0.480885715814269 -0.182408391355972 0.0591837319703396
0.141747530020938 -0.53218994093594 -0.146031012164746 0.130565514103029
0.145443876337804 -0.374382503063822 -0.0464782064335061 0.194579194003146
-0.0814257207897682 -0.360757514191927 0.171935146809813 0.31066836025641
-0.195515926897276 -0.17064060691753 0.302828061571326 -0.0801002973571159
-0.138386616861331 -0.0331689971203736 0.0309768556455539 -0.253257700676996
-0.125012336057885 -0.0757605322251377 -0.220785879093299 -0.147305714946332
-0.202269306617802 -0.0494020355706535 -0.260711375216646 0.0209249629232278
-0.237070367593294 0.0363154530909875 -0.214854037816881 0.124494377542705
-0.238120603133493 0.0488243212455028 -0.197014091969427 0.147315469077936
-0.272581567425465 0.0580891798309737 -0.177890030707056 0.131777689393431
-0.294955369972117 -0.0323987854197917 -0.126164255101429 0.139521679379167
-0.242708266482264 -0.102650720580267 -0.0909529528873707 0.159872479679934
-0.237765704215533 -0.140629187177699 -0.124978910574993 0.162834578258062
-0.245746039209818 -0.271320872260841 -0.16888707086168 0.136357082305224
-0.0793646763086256 -0.457300088699866 -0.184046835214897 0.0972151559760251
0.149072780501886 -0.497796771151913 -0.172198079249046 0.258589394898345
0.0859155246864457 -0.267213953263267 -0.0689160505045543 0.258768023619061
-0.1190460750235 -0.222836723632158 0.188370093510517 0.264155191514552
-0.141215474491204 -0.0356028297163938 0.205838319730064 -0.0844279174871734
-0.0233786889456528 0.0424869582164736 -0.00920808333731665 -0.189060635306944
-0.0136861624035081 -0.0572404178685196 -0.205670883745428 -0.115750149884477
-0.0993181867003519 -0.068861339919082 -0.272014947840545 0.0232992306585246
-0.142892438134346 -0.0175425271594631 -0.27223910199428 0.127065133676079
-0.152428943711877 -0.0082564583937417 -0.287433613722307 0.160534945653484
-0.177289479184739 -0.00956564056029558 -0.279062514472287 0.135245356761447
-0.164129569968759 -0.067619920439796 -0.218276379861823 0.110100438282364
-0.103325098999847 -0.0797469227381801 -0.153183108590357 0.111924905159956
-0.117078789905596 -0.0486476683663293 -0.163174719917382 0.139108029173318
-0.185646494674968 -0.165201212878897 -0.217917395903825 0.130217292902137
-0.0612560146250891 -0.353115110831712 -0.184645446195383 0.100251228083547
0.135188523028936 -0.37498781026941 -0.188701898312983 0.356502928258656
-0.0317514021080676 0.166672647426019 0.127875218845429 -0.446297939443418
0.0869240032794937 0.156828354951043 0.0870649197923551 -0.0756238026178303
0.145252046901295 0.00115412861361494 0.253944257581146 -0.0687854619817975
0.0123351987221034 -0.0991166382397589 0.17065578731701 -0.138784577274993
-0.0602724516906924 -0.00559045778311948 0.1520806945965 -0.0572079664974699
-0.0024271590649671 0.0533723557221551 0.241833670224434 -0.0351838010525952
0.0346602525142332 0.051086627153693 0.315541569804156 -0.0729418086248994
0.0315201766672389 0.0498707901634639 0.341523509310446 -0.121464102702121
0.0395987439734421 0.0623521895906804 0.310910134593973 -0.100046317227618
0.00229859940876831 0.0695441415245759 0.265928315452436 -0.0105615392532403
-0.0620124519500997 0.0392764187461958 0.192309241411383 0.0937677767761139
-0.0647406968609214 -0.0797356032026804 0.026535950287621 0.14150668750322
0.081582554209331 -0.0875571317359085 -0.109820661659622 0.0741973292189139
0.0834486996190692 0.0958764643810742 -0.140761345529681 -0.152855173688332
-0.0261730469106479 0.164614252227864 0.0884193217937385 -0.214490668801542
0.0326417318986161 -0.0332088044019995 0.1525169770743 -0.430042600849864
0.0820650986355672 -0.0524022846750262 0.0776064823501533 -0.0124223925086095
0.0759040298842501 -0.166753931926713 0.331119131723902 -0.037842326083608
-0.091610107621765 -0.230147020736579 0.208548052713459 -0.167670759114256
-0.207272921994471 -0.0959304561207453 0.124735573238747 -0.0788899508237053
-0.17003832144267 0.0314668827275916 0.208723590227894 -0.021435080035388
-0.1154710587117 0.0934889092305145 0.297604211591606 -0.0407720123616695
-0.0862104864228088 0.0943813526193727 0.332324325067974 -0.0897965906941313
-0.0625757782028103 0.102150606274603 0.3014602877481 -0.0785407656538476
-0.0918412823115016 0.072214473367726 0.256308295363782 0.0111261163333546
-0.126559155542375 0.0186203439533398 0.174311625026244 0.107851253168937
-0.131030211769572 -0.109074752089543 0.0153136667532609 0.12630800459091
0.00951782684532293 -0.164885065069867 -0.0884028798045523 0.0601012217374013
0.0829647154650715 -0.0438824542684283 -0.148436487182191 -0.124308851002762
0.0417528469888099 -0.000110450237757212 0.0454448832315129 -0.218708935577788
0.108208692007303 -0.218239033995634 0.145605575108839 -0.348594099727994
0.0817183721697777 -0.26220260995499 0.0681432340811732 0.0826756395558463
-0.00928063621410814 -0.321390895248 0.400144366823937 -0.00683843647862163
-0.19567001949577 -0.322366054365399 0.235335097284899 -0.217259416800797
-0.31966146106535 -0.165060963750511 0.0621785205159439 -0.128593467808921
-0.305252149401295 0.00404855269162308 0.121881337788513 -0.0213879443423535
-0.24428570692098 0.117262108082692 0.224163448750055 -0.0062310119043108
-0.190167393338728 0.12389996362544 0.273036845559185 -0.0453740034314048
-0.160390522256703 0.133713388459168 0.258123547074632 -0.0466683504946299
-0.187856162006476 0.0742588160012458 0.233077333265292 0.035841493156382
-0.19876489235465 -0.00199858991202456 0.161477298626903 0.128298495630279
-0.205333621062361 -0.134488299265072 0.0073081835878951 0.133326508275525
-0.077616584382699 -0.231008756272933 -0.0838341443352327 0.060332108034375
0.0545133582810261 -0.186732577470241 -0.161992201888845 -0.0959101901278761
0.0910143750600951 -0.176381264440144 -0.0069073261458771 -0.187912103849453
0.174529172056521 -0.35525083377146 0.108470253076175 -0.21477020170885
0.0707477055076165 -0.422435283193759 0.0719711832210948 0.192817863176879
-0.103231148672828 -0.416505611637832 0.44668088100072 0.00433732930632422
-0.281773105186052 -0.339339144897634 0.230679559305888 -0.270743372768046
-0.37436461127712 -0.183588197667978 -0.0287720166423889 -0.182012374555204
-0.376863250406665 -0.0147580311932985 0.00114797634207438 -0.023701207508731
-0.32678250453289 0.122361913078742 0.112961854172952 0.0306291125769
-0.265356709476151 0.134436684788517 0.175976782554821 0.00774812775712246
-0.244816970928858 0.14956682113689 0.181616186293672 -0.00304255051811457
-0.280713208384355 0.0690054529583616 0.185115857980601 0.068843187423868
-0.276833749479496 -0.0255556903294118 0.137139213223011 0.152329255546732
-0.284283644499804 -0.160560510529435 -0.00464547394504712 0.152198316560174
-0.170603009805843 -0.289418772978291 -0.090555517686718 0.0753967891540074
0.00671230464626736 -0.321659004039245 -0.175304897192746 -0.0572665944658874
0.124358066724741 -0.343562891955843 -0.0614826519751976 -0.116996857856989
0.208970915262084 -0.424852808383065 0.0506667729767671 -0.0600417173713968
0.0403361218662511 -0.492130747070354 0.0952897944537483 0.285305345642957
-0.176476983985495 -0.411752390890472 0.44742619145368 -0.011756758392772
-0.306280004707737 -0.269777244765609 0.184242244271697 -0.305565310934305
-0.348158218935519 -0.15820249791113 -0.124809926043134 -0.205892246473302
-0.372760296298064 -0.0258105205116271 -0.12098365358952 -0.0168664752037631
-0.347778152432749 0.106977814486237 -0.0114156294634721 0.067941412837911
-0.301870769609872 0.121984480427336 0.0532340670151372 0.06114455355391
-0.302442244946436 0.14211597220709 0.0738590904710499 0.049453279060766
-0.347539380326829 0.0481927755115579 0.102509666586971 0.107062089349675
-0.332773120987075 -0.0567030333621331 0.083035109946551 0.175288370928027
-0.334808778155676 -0.183414904271252 -0.032192685477786 0.171390330090239
-0.243774837725995 -0.32999323232756 -0.106993037416279 0.1000907628388
-0.0392468969678291 -0.430815189183896 -0.184647801289674 -0.00526103006420362
0.144764557729013 -0.467925197217831 -0.108939970197833 -0.00764421675305717
0.202409735006168 -0.427736634365135 -0.00872865206435825 0.0837396737542947
-0.0115438349942162 -0.463045072801306 0.130440845071461 0.328386593925246
-0.205623685130921 -0.317225036479031 0.397135296894406 -0.0441599767952276
-0.244988746298209 -0.152103132978217 0.110654918456993 -0.29955064429342
-0.249439150176723 -0.115463771874386 -0.193090091087336 -0.190519455127968
-0.304258857033284 -0.0380903365871038 -0.213087413212445 -0.00241649455849066
-0.315144928330146 0.0738090161583389 -0.125683911867646 0.0977036982875674
-0.294426099008229 0.0892436282011805 -0.0784879070665906 0.108165658641569
-0.31786793516146 0.106130813504135 -0.0540190061247659 0.0980854679988418
-0.361024127905104 0.0061967660159984 -0.00995318306021255 0.136170890803474
-0.326542287097944 -0.0936042061305668 -0.00199729546789136 0.181026360498949
-0.318655744610013 -0.190553603113706 -0.0811323766685077 0.176713371629353
-0.264833615270164 -0.332455507418976 -0.135370811084694 0.120310974982372
-0.063378033964009 -0.481697604837642 -0.186903958103708 0.0489728974661428
0.159661722027365 -0.524067719299946 -0.148351224121485 0.123088689693596
0.158845500858955 -0.37077046959138 -0.0558280917883493 0.192922941956804
-0.0699097714440566 -0.361560706756561 0.162150871493686 0.316646377125223
-0.189095337890148 -0.175585433499544 0.308088423387741 -0.0730131286558379
-0.134520285597606 -0.0382167555573577 0.0407645660629482 -0.252876612572982
-0.124306437718131 -0.0817482376658187 -0.215393692201192 -0.154322299645211
-0.204397345798236 -0.0555391332227747 -0.261259576529124 0.0101748800363233
-0.241744958059355 0.0278222362095372 -0.21547488519275 0.114639927196363
-0.244220735341084 0.0415751579031068 -0.200708423287628 0.140504550279715
-0.277305629628354 0.0495968925110603 -0.183140869035738 0.126845837156351
-0.297712273855088 -0.0432520760363212 -0.130582941144906 0.135481523623991
-0.242172418366609 -0.113040632948695 -0.0940640635063198 0.155516192876986
-0.230800484647243 -0.152189783651895 -0.13353029421026 0.15958604376894
-0.23468012154856 -0.280262044489455 -0.175383664810634 0.129676550262991
-0.061577577998959 -0.457899235431668 -0.1898271657191 0.0872586261132569
0.165311237729734 -0.49058290042917 -0.180772626731992 0.25078723154219
0.095198306429973 -0.265844901634074 -0.0819361289667298 0.257053865925643
-0.112241017409143 -0.224303422811209 0.179164759112764 0.268799156621405
-0.139929369686629 -0.0386988638742744 0.210990794284232 -0.0799060326349679
-0.0221715969024824 0.0413971076153598 -0.00101370454621383 -0.189949608099271
-0.013415914075872 -0.0593824166215262 -0.202294867079796 -0.122432305464968
-0.101103058747489 -0.0714387736253525 -0.273662563706974 0.0121659905231712
-0.145789537601557 -0.0222137300355603 -0.275105183018785 0.116445302821559
-0.155984567386468 -0.0124256746847762 -0.294421725807947 0.150934101048537
-0.180109858817869 -0.0141731905687719 -0.285960941375749 0.126861135760703
-0.165086051376701 -0.0738329199191107 -0.224253546365847 0.101191816504211
-0.10202254792239 -0.0850193800490062 -0.156259468904892 0.103605036622863
-0.112234807322093 -0.055732570951999 -0.170469071495942 0.133948688998083
-0.179782051532645 -0.170672111859407 -0.222713633438306 0.122937073368416
-0.0508270253427989 -0.353549370791832 -0.191119271818018 0.0909254359747524
0.145280454984722 -0.36791522706792 -0.201320466058013 0.346930643246011
-0.0344543838730326 0.172539618247567 0.147322263223539 -0.457762049949938
0.0888570957526799 0.163418329924066 0.0981191595296425 -0.0717599496669975
0.149867238174619 0.00164695921684188 0.268347926897377 -0.0677982065299953
0.0128335315180047 -0.100808811400589 0.179430416024281 -0.141199789787456
-0.0629444455625801 -0.0040487408987452 0.160691759519824 -0.0539251217551218
-0.00125638758375938 0.055912054387154 0.255559698006808 -0.0300309696857308
0.036284167311128 0.0537089148369286 0.334390637043534 -0.0691231358331781
0.0327357107618083 0.0525628008826367 0.361600081760357 -0.12173905078511
0.0414639671180254 0.0637511078270988 0.328556687477759 -0.0984658257842403
0.00213526061417701 0.0722055085196489 0.280401733486973 -0.00478035381073738
-0.063336179298691 0.0409692008313177 0.198847120124033 0.101927818726561
-0.0665419134441972 -0.0823329771566113 0.0246696524064291 0.148381544451033
0.0827499960019348 -0.0905654925240884 -0.114983560518446 0.0765316502492344
0.087870218023118 0.102681867291226 -0.145481575912665 -0.162843083295408
-0.0264288516984462 0.170193344104033 0.102153793272128 -0.22328366895961
0.0380991643264593 -0.0346326076478521 0.171043739772126 -0.442431215028173
0.09008032377642 -0.0537240126266272 0.0868603767096763 -0.00716766983814731
0.0831202307196284 -0.17419980008322 0.347491581842324 -0.0341570594697361
-0.0919516500611128 -0.240254112639142 0.218848984799606 -0.170438288252535
-0.214372249102807 -0.102292389675874 0.132574286042178 -0.0763152071568611
-0.176409440875767 0.0296069914472772 0.220231002042165 -0.0158596178665078
-0.121611339512816 0.0939514188447903 0.316962993544979 -0.0361572599973793
-0.0917346567145106 0.096390918278445 0.352310879860707 -0.0894615918459594
-0.0664998397532792 0.102463528150966 0.318869043869681 -0.0755991094455525
-0.0964059761758034 0.0731300944707474 0.270568225671528 0.017456131610691
-0.130726595980179 0.017381569796757 0.182038886775644 0.117677205636948
-0.134313148311055 -0.115334496425258 0.0123898682051472 0.13390028726394
0.00968761167223407 -0.171447585093812 -0.0929963286635482 0.0614430313422333
0.0905191389476143 -0.0423377610759861 -0.153353488347547 -0.133551237061344
0.0473096852188271 0.00132378122241184 0.0575265172977025 -0.22797780562702
0.122039198995959 -0.224462443426938 0.16090003185447 -0.358462358329205
0.0945355420070075 -0.272346602611757 0.0740678904222165 0.0923576187261998
-0.00257729129934856 -0.336593364103738 0.418849383365677 -0.00222507803633226
-0.196511278651519 -0.340312743021958 0.247429034183207 -0.221106221177414
-0.330877229935576 -0.175902168441938 0.0685383492529775 -0.129380869167675
-0.317462843446749 -0.00209224923293381 0.130284255166173 -0.0174020697183055
-0.257384634342361 0.115711978013539 0.24043288454014 -0.0017678029130529
-0.201633060888798 0.125444385212973 0.290321438918326 -0.0438069244271241
-0.169693655242317 0.133686485545219 0.273745515302133 -0.0434314857372383
-0.197735282609068 0.0720034617241697 0.246536122091288 0.0428060700535667
-0.206734253456731 -0.00581193441283125 0.16942763245142 0.137790502729571
-0.210508700730933 -0.144390297740873 0.00389913179119524 0.141585340037801
-0.0792522460812512 -0.241726217483414 -0.0892392495592883 0.0617927971945233
0.0643425054960619 -0.190708912488207 -0.168210893332661 -0.10571359133549
0.102817324719135 -0.180196622805416 0.000960781169148966 -0.197665345265217
0.192673735210321 -0.365537338354412 0.117533328989336 -0.219874713254261
0.0854986746071439 -0.43854849542226 0.074436099128802 0.206828499868173
-0.0977994068425713 -0.436504080714299 0.468246238769053 0.00929641567701208
-0.286316856632112 -0.360117467508332 0.244841506197189 -0.277573320112855
-0.387114329482028 -0.197940410226223 -0.024539352453898 -0.186645835953066
-0.393245496184674 -0.0223331539206062 0.00423886590086133 -0.0235020213099175
-0.343699334561686 0.118715792936806 0.123824850956147 0.0341244963947338
-0.28147359943525 0.134303599438108 0.18832913303646 0.00874186171386958
-0.258970547499261 0.14859411586696 0.191879832351035 0.000924973407144663
-0.295998525942863 0.065352122883757 0.195775121354329 0.0752538320664773
-0.288725342086789 -0.0321353554445977 0.144272306814136 0.162308637943344
-0.292093811073469 -0.174133898561533 -0.0095477805731713 0.162306966941925
-0.174064723915231 -0.304923310737682 -0.0980563499875942 0.0771062613451399
0.0175367671299956 -0.333426784894182 -0.183748164535474 -0.0661072113852553
0.139023910287604 -0.352441038302798 -0.0582875714157028 -0.124797198231758
0.228702503494888 -0.437258974398904 0.0522147504836251 -0.0607701426294662
0.0543372863623685 -0.510180876797973 0.0952101753462697 0.301870074308041
-0.173097875930421 -0.433563156924114 0.469349540634349 -0.00752469097683061
-0.311542553769304 -0.288428961027206 0.198251551864625 -0.315161164543551
-0.360544013515892 -0.172041508966774 -0.123690692629305 -0.21393227797427
-0.389380359309229 -0.0349123926221596 -0.123415594755411 -0.0198775785894906
-0.36738502265347 0.103770598532156 -0.00730169115354425 0.0685755871679505
-0.320068189534479 0.121343987050671 0.0580399877505317 0.06230466856802
-0.320131445735828 0.140102642152222 0.0774743693279162 0.0534148949258056
-0.366464650771372 0.0417872176655465 0.108424715115541 0.113380163963055
-0.347201540429921 -0.0662950911605713 0.0875170479819482 0.18407264549305
-0.344069908100223 -0.201034457498034 -0.040219006963633 0.181760501807736
-0.24694374436605 -0.348549369346282 -0.116639361344366 0.100981511539816
-0.0281590012111896 -0.446897613792702 -0.194094707627468 -0.0130090978625493
0.162778130323418 -0.481210473248665 -0.111295831166812 -0.0127152879963582
0.221737795307217 -0.441548234883362 -0.014128372421819 0.088357949098927
-0.00119103235650416 -0.481109219873254 0.129983983229203 0.346820030279892
-0.208044542088418 -0.333054410075541 0.417083088528697 -0.0422949665214392
-0.249217926978872 -0.163495880703768 0.122384440796977 -0.310649507693373
-0.258809663949903 -0.127121399989003 -0.195257395308368 -0.200615302331203
-0.318767014768522 -0.0456626046581526 -0.220501543451236 -0.00737975006764107
-0.332971914072602 0.0699987227521986 -0.127453657591338 0.0968480666786087
-0.312446845536446 0.0876351264841544 -0.0813026480544184 0.109224517049953
-0.33548886735022 0.103684390239087 -0.0577995437975181 0.102030193301765
-0.380141720213305 -0.0027336636271737 -0.0110058553738501 0.141574599734776
-0.340871547127564 -0.106053922118541 -0.00244062373449591 0.188228269910172
-0.325868686398204 -0.208162725876701 -0.09186583794356 0.18545791103549
-0.268628983143944 -0.352541355994106 -0.14646463342178 0.122256638913704
-0.0523067689688875 -0.501158135844393 -0.197842923488539 0.0423401744225561
0.17899023281907 -0.537826137262233 -0.155640397663211 0.12251448043973
0.1741392363006 -0.383835660305872 -0.0657927505980508 0.200590693832678
-0.0664243720760234 -0.375875649933577 0.162786111187762 0.332300127685183
-0.193329888986838 -0.185183641917311 0.324852032043058 -0.0736207079025372
-0.135690480998624 -0.0424615804990709 0.0490273103255282 -0.263849372991012
-0.129154664812587 -0.0887248570820898 -0.220223853265725 -0.165161833865824
-0.215607373487706 -0.0610693539327259 -0.272177543375038 0.00415125902303655
-0.256641433942663 0.0243196739168339 -0.223521807514415 0.111829397635162
-0.259024479530495 0.0392599126406636 -0.20987329314542 0.141064319954487
-0.292421270786474 0.0465139797086058 -0.194009176340604 0.12944443719032
-0.313465960371573 -0.0523999563832323 -0.138076622731477 0.137824116279991
-0.252590231639616 -0.124159610749359 -0.0990665482563975 0.158363082717282
-0.233808073631696 -0.167458482499139 -0.146312774775241 0.165614359696157
-0.236481999281881 -0.295962294165041 -0.187620915874121 0.130237370733342
-0.0532082069352213 -0.477047489563337 -0.202043776931534 0.0829191840856027
0.183154262580416 -0.502138373246066 -0.192629919894545 0.253367472940579
0.105742709876029 -0.27656907289607 -0.0935327129633084 0.26637472239582
-0.11350873976157 -0.233260761811627 0.180857197464551 0.28118623168873
-0.145034610595648 -0.0422283778170844 0.223939110754093 -0.0819503717157094
-0.0209938990124503 0.0415217958240096 0.00503547018243272 -0.199776800778634
-0.0141131411074015 -0.0636090558636364 -0.208075519518552 -0.132322650346178
-0.107495986997155 -0.075220387110884 -0.286259559040339 0.00514110009427979
-0.154912125145092 -0.0257918122625959 -0.287637118222043 0.112145367318197
-0.16543467934855 -0.0145595957850103 -0.308617306350365 0.151945506165272
-0.189763248887931 -0.0167172839717747 -0.30200608315169 0.127043728022542
-0.17386122770231 -0.0809704544007579 -0.237491791606706 0.10024749717075
-0.105999110963419 -0.0925216585689422 -0.165068721578251 0.102212288864536
-0.113263041652972 -0.063474912910292 -0.182748723755382 0.136751824492716
-0.181861544623662 -0.180387627500235 -0.235555135388298 0.122837814798735
-0.0449355162408694 -0.367266516922018 -0.204555146159119 0.0872194039196656
0.158749490710961 -0.377162485355478 -0.217226010571184 0.351696234439545
-0.0309039927044956 0.183203096477575 0.151434557961914 -0.486089189951783
0.0994220005582545 0.170080012684645 0.110470932523243 -0.0733237723621565
0.15831191591587 -0.00371760063932784 0.285923858764552 -0.0790605883495321
0.010967563693882 -0.105263363686064 0.186550087389963 -0.153276172095182
-0.0663813502485731 0.000268007579241625 0.171281664794925 -0.059130859491543
0.00270426627059001 0.0593926511071406 0.274131338669185 -0.0358460231182926
0.041091058458077 0.0554748108525814 0.358372013692441 -0.0797300236032663
0.0371206737060017 0.0545374778524232 0.385495568574602 -0.140292489631587
0.0471196520738179 0.0644698446669644 0.350263144212482 -0.111697789271295
0.00539069747555365 0.0753574436477233 0.300941900895036 -0.0113929563089206
-0.0650008440781931 0.0460498826239842 0.21418433264791 0.104835147029606
-0.073527551309013 -0.0847935930064904 0.0283464824657687 0.159322462281566
0.0820637143007032 -0.0987431436570442 -0.119459409376923 0.0849226734842581
0.099019279988515 0.107432602876278 -0.16039809118085 -0.170489362485626
-0.0204348897005039 0.179930505944627 0.109764738929138 -0.241641761331166
0.0431698493117253 -0.0377916099238707 0.177288520527826 -0.47098741917161
0.0973077020862796 -0.0604516762694628 0.0985823122492128 -0.00406206247890248
0.0841977251166422 -0.189500494126519 0.371825399967398 -0.0451338954380094
-0.102192233554983 -0.253472984819212 0.227981918129515 -0.185722966852819
-0.231110647380522 -0.102085208324386 0.141317096242816 -0.0803842449919638
-0.185693405808194 0.0354606044385316 0.238048519069256 -0.0192738767807195
-0.126309849428654 0.101146021726547 0.342933562750398 -0.0449624617714532
-0.0952947705004234 0.104437711111422 0.377032274848646 -0.10612788224753
-0.0679729837301839 0.108077637674338 0.341077486071619 -0.0865758336156507
-0.100052171138144 0.0782626196672429 0.292764854033646 0.0122953239625525
-0.137525688511305 0.0216198760354635 0.197920888018634 0.122194638658683
-0.145707413338227 -0.118632100676678 0.0148296768558148 0.1448700588538
0.00214083997718037 -0.182201348802939 -0.0968679866332187 0.0675892134453471
0.0997874523579201 -0.0452854464340978 -0.167626006188973 -0.140015603964345
0.0548598081785924 9.16348457563488E-05 0.0608499004891639 -0.246034300166412
0.128270780420188 -0.241638411952424 0.165349008648748 -0.381897067347404
0.0979615764368737 -0.292238320519522 0.0861077440103352 0.101384298543974
-0.00777624823039491 -0.359186651978679 0.44792193610521 -0.0143372794325948
-0.21537027026854 -0.356620752471247 0.256889829741864 -0.241491682623217
-0.35689264661906 -0.181153340389916 0.0729769112040567 -0.134738578088042
-0.33788590100565 0.00435797180972942 0.141697841323925 -0.0188024143879343
-0.271823252691529 0.126902761300225 0.262630822643744 -0.00739377378215491
-0.21296653659784 0.13731957480091 0.313079378841703 -0.0563043473569495
-0.178406149786449 0.142619347590213 0.293318382250421 -0.0519546099104519
-0.209494870834106 0.0794781273598277 0.26812964766666 0.0395274145736201
-0.219565871529668 -0.00292115155340981 0.186473400802286 0.1445756918899
-0.226736137694497 -0.149473306444359 0.00500742845852369 0.154418037748264
-0.0925138153423027 -0.254950741524099 -0.0944704515089292 0.0677399484121735
0.0685542667595966 -0.202960115965969 -0.183160067923082 -0.1109436823535
0.109398178194281 -0.193267115152533 2.4712016101949E-05 -0.212093062735034
0.201429109337984 -0.393655352366783 0.11965820344789 -0.234852156065461
0.0864218151578602 -0.469487322516188 0.0868951142390896 0.222265615318266
-0.111315962442533 -0.463668230755731 0.499105825776907 -0.00345808151658997
-0.309206059513821 -0.378407872740637 0.253736024185511 -0.301009234835523
-0.417790253254851 -0.20392954310657 -0.0270253653178362 -0.193988646832653
-0.420141792043226 -0.0152095911381207 0.00703104540028691 -0.02330386699725
-0.364629905992536 0.132629026155381 0.139366753215954 0.0325925343487279
-0.299250063405665 0.14919746772561 0.204568173053267 0.00178238226214443
-0.273637547040622 0.161231729693489 0.206870369084192 -0.0030717493911057
-0.315827310839184 0.0742316347300927 0.21409560959882 0.0756860279512976
-0.308645252636875 -0.029369054111196 0.161432942308379 0.170571770287485
-0.313793042293103 -0.181665988197956 -0.0094740475964348 0.177616804518217
-0.193140980284868 -0.320051813479539 -0.10473857506356 0.0837465482756664
0.0167494952921378 -0.354068624128746 -0.199787617170702 -0.0696989850409342
0.143860437883377 -0.375837097745386 -0.0616580820706592 -0.133465396916714
0.237212895597681 -0.471130527826816 0.0520451949721071 -0.0646195268662863
0.0514076177387664 -0.544868001113441 0.109945810496985 0.322813492950424
-0.192753135947978 -0.457411434005116 0.500412988500173 -0.0211784410620716
-0.333680183542334 -0.300256041294799 0.204360436860491 -0.342009859679456
-0.389678619064713 -0.175681842088694 -0.134241516714385 -0.222097315412834
-0.417255175325447 -0.0295376965744867 -0.12949510782983 -0.0176566677191878
-0.391765096649392 0.116121402677043 0.000136224542999785 0.0713753052105129
-0.341011126700683 0.136044683275405 0.0667530959571774 0.061815543420848
-0.339665672478489 0.154014583001386 0.0858532737669388 0.056001077614783
-0.392108286716487 0.0512617969701614 0.121048395871925 0.118481275249194
-0.37310754103827 -0.0659086114609905 0.101046409755732 0.194771089432943
-0.368798905572585 -0.210080578875961 -0.0418264510745163 0.199124980267418
-0.270914674596503 -0.364587885869969 -0.124631157070704 0.109524185935012
-0.0335081671014311 -0.473377082188703 -0.209789395564641 -0.0140392210906093
0.166832225476308 -0.513339249852925 -0.116590451298984 -0.0138068997874834
0.229103519152751 -0.475683484192302 -0.0171791620455175 0.0943542151128472
-0.0123096357476006 -0.510442456398906 0.14704589915103 0.367079758249275
-0.226767651091423 -0.349358829885806 0.444871328129303 -0.0586253658978266
-0.2648127325804 -0.169060866480264 0.123952683878275 -0.335616526140763
-0.279450781508348 -0.131607614167889 -0.210553280745808 -0.207745260052452
-0.343616716711323 -0.0423505396041922 -0.233484028848177 -0.00343859860591157
-0.357073364575656 0.0802823769416958 -0.128942287044228 0.102971366152867
-0.335306999445485 0.10051738578446 -0.0810287823928968 0.114276059178352
-0.357769082110518 0.116984999330476 -0.0577997909641002 0.110275939667142
-0.409217688738935 0.00454992829245138 -0.00602347836990791 0.150205873017286
-0.367393657953823 -0.107108180327574 0.0048207800850488 0.199078918732857
-0.350008462847109 -0.219471731018072 -0.0968567228991257 0.202811545355339
-0.29206350208886 -0.369065249288831 -0.156863795809831 0.132249083388501
-0.0627376397690063 -0.531589598569888 -0.213168466769457 0.0454786944603946
0.180807117982216 -0.57357955489835 -0.162753048327614 0.130209371502262
0.178597086498355 -0.414328441890894 -0.0703410482570331 0.215088584309185
-0.0783022493428855 -0.395485194217646 0.180038911020355 0.350631886509911
-0.20956840377054 -0.190546735243292 0.344907983470351 -0.0899962739160183
-0.141839695345874 -0.0426862204478024 0.0479753679330374 -0.2847522008157
-0.140568524817736 -0.0934943872385676 -0.236347483380145 -0.170780550260151
-0.234764242023498 -0.0594474693011698 -0.289326407459805 0.0088893719207666
-0.276671081654129 0.0312779093631208 -0.232599647740866 0.1204173896917
-0.27919212047591 0.0488530603481291 -0.218713923227294 0.152426737500828
-0.313516878002201 0.055716817106702 -0.203811794766713 0.142853222467017
-0.339529521116493 -0.0497473858920454 -0.143955769236889 0.1491589007026
-0.273567142673854 -0.129000235957024 -0.100058432697618 0.168012658216599
-0.25004173412586 -0.177497397268478 -0.155659889658865 0.181743976665243
-0.257103376014926 -0.309454704462857 -0.199377947328343 0.141433086862381
-0.0632800482561984 -0.503726650406475 -0.216845644435189 0.0869869657148929
0.184472003866751 -0.536029078503043 -0.20056311362617 0.269499675211731
0.105829950107981 -0.298942503139656 -0.100118232792253 0.286862423222132
-0.126310756421922 -0.243179605036482 0.197198296322273 0.294755886185547
-0.155416261988296 -0.0400270090803183 0.238457507973127 -0.0962246086528994
-0.018426046529169 0.0435223014873226 0.00273842465540491 -0.215918719320881
-0.0179498821434942 -0.0690191128974895 -0.223656363909842 -0.136950617520546
-0.120242985109262 -0.0760379197860874 -0.305718787131346 0.0102403803944899
-0.169299545814095 -0.0236571098588453 -0.303231366201585 0.122495410042699
-0.180363906798944 -0.0108272082083351 -0.324952617069438 0.167178189790534
-0.205320126587825 -0.0125098477927064 -0.320808145336498 0.142469045964298
-0.191099484957289 -0.083205472081328 -0.252136176303245 0.11118236262354
-0.116018791655709 -0.0986298468673708 -0.17329964690824 0.108624677024936
-0.119004626904959 -0.0687521367373373 -0.193933547976362 0.150077209583262
-0.195299406854571 -0.186568119926546 -0.249767336926644 0.135440299846314
-0.0552212506451039 -0.387027205263779 -0.219486656892977 0.0923913776982706
0.161269672440674 -0.402603901677408 -0.225264866202445 0.374490184072392
-0.0686116342104816 0.171985560334442 0.236293125605725 -0.462830028348473
0.0728456935734905 0.186379245599412 0.136286257990109 -0.0476268337176851
0.161475780551992 0.0175400139432345 0.320713906436255 -0.0378156416703136
0.025098908749709 -0.108134969958222 0.221368676557912 -0.137293550312176
-0.068927329017749 -0.0119501480604237 0.185373673914707 -0.0327959979853062
-0.00317959982286567 0.0594349132382845 0.295541984235572 0.00780025611307519
0.0368985531298005 0.0622638968916298 0.395615509583601 -0.025144091062513
0.0307193465461151 0.0614561684905023 0.429158009619484 -0.0864633415361854
0.0387967445105015 0.0733317261828408 0.386678934050042 -0.0637889296364454
-0.0041417781833396 0.078925863840121 0.318270134686368 0.0322745522720957
-0.0743831591556578 0.0382117080424688 0.210233721703156 0.141233103187283
-0.0648401530481147 -0.0980504097248109 0.0103341452200037 0.174682226475311
0.0990441782672203 -0.0873418933316768 -0.138404889730269 0.0727079350379415
0.0865714449883967 0.127828682411955 -0.14572248758934 -0.206407151191015
-0.0525335143697573 0.184143792425879 0.166668948418347 -0.24316019296934
0.0490377988163734 -0.0402278957766573 0.263759864361879 -0.451579596809208
0.112097960799006 -0.047072663610945 0.113572696413698 0.0156930711080284
0.12131619359327 -0.184889360273327 0.399032298297722 -0.00309046063775657
-0.0652463730336949 -0.278125205191604 0.265743390115055 -0.177597216094552
-0.220466876821705 -0.144485069846921 0.148397465494259 -0.0623718494652686
-0.195667227052879 0.00148801223143203 0.25001572601671 0.0190917301775577
-0.144508752838408 0.0806481996254661 0.368786203005599 0.00565516524553596
-0.117178647867342 0.0865026052594786 0.41578811970179 -0.0525883589138523
-0.0889654016232588 0.0973182356523306 0.375342718520832 -0.041660255910944
-0.115521803810591 0.0629736681045544 0.309044998675823 0.0538826385296104
-0.145183378096099 -0.00310538192407842 0.194940618081355 0.157996177017
-0.133987096863404 -0.146306115782925 0.00177626511996258 0.159787028847235
0.0341576590605465 -0.189263474555533 -0.111585430088187 0.0611870583486641
0.115923992340749 -0.0308296634808519 -0.158518566722275 -0.169921471568536
0.0628793837902987 0.00751466591072841 0.108472556085183 -0.248140960932805
0.174625816010302 -0.231677190747344 0.240539496668325 -0.370206556654619
0.155068759269165 -0.281249890464358 0.083294481136506 0.115352772456738
0.0598500708897624 -0.374433236557424 0.467774205668635 0.0313648885402426
-0.162703695681462 -0.403781604327975 0.300932469602642 -0.240577792456774
-0.335675985287185 -0.246622729698007 0.07663358934056 -0.132223706685768
-0.349005829738076 -0.0568323235132846 0.145976622604609 0.0032698242967106
-0.299754623675725 0.0831009854897782 0.275493930178668 0.0296526653961869
-0.246625874267381 0.0977465957582171 0.340690833375359 -0.0115203534530075
-0.21004291797166 0.113661477507737 0.320225361028118 -0.0137709586011955
-0.230960973103382 0.0447499497228005 0.282120942088921 0.0767784162986567
-0.227005638324188 -0.0453921634437885 0.184410556554543 0.18073032143513
-0.213147204892884 -0.19356610868213 -0.00379346018336667 0.169363784107951
-0.049433471397375 -0.284219055707536 -0.108381078382724 0.0633431384557503
0.113362397259595 -0.20004438948008 -0.178061362217793 -0.136395722226635
0.158385804952784 -0.187442853877104 0.0318210855555205 -0.214598795775328
0.277260772553512 -0.371219151805768 0.171323999101953 -0.232350060882187
0.173583500123068 -0.461355666114993 0.0631255308819414 0.235891273954588
-0.0268659817078966 -0.498241159532963 0.513057012662792 0.0429053503376314
-0.254781648255524 -0.43899612650591 0.301659147439961 -0.308672010355382
-0.39619503530721 -0.280436905495508 -0.0213846056580906 -0.210175101362572
-0.432733721012547 -0.0914414129057067 0.00379299048454884 -0.0231300674514731
-0.398698183879439 0.0739652544620449 0.136563070753833 0.0489782705698804
-0.340440444645483 0.0940382153770099 0.217311409288727 0.0308382691832159
-0.313776894087294 0.116225755538189 0.223500324184064 0.0227179305202571
-0.341945316395033 0.0199170691804517 0.221275551483243 0.104586486507112
-0.31701823573284 -0.0931455156461735 0.158034515849417 0.205015856275708
-0.298533108196606 -0.243552513437847 -0.0172696997452869 0.191922034811041
-0.13897837618824 -0.373024153400955 -0.120109380710243 0.0809087322675959
0.0866586610438439 -0.367644092566878 -0.199301833264122 -0.0902597219416579
0.231586414783403 -0.373731005489174 -0.0531740763466979 -0.136031740692193
0.328913021334407 -0.44140405176954 0.0742677551033055 -0.0723486423222063
0.148241451015782 -0.543328199065275 0.0690537510412712 0.340518399622056
-0.110227906554176 -0.506507610337403 0.512720410757345 0.0236883381589218
-0.291270355518107 -0.363714924807118 0.253698835426077 -0.35554794486218
-0.371850294037776 -0.24673375110298 -0.127622035964409 -0.256213121433223
-0.431177220416812 -0.101956903505788 -0.140255838183019 -0.0405822183758973
-0.424785277551961 0.0533276149174418 -0.0175710101647389 0.0663897209857445
-0.382420234441569 0.0738111516761142 0.0630299737038085 0.070832340970241
-0.381826197458044 0.0971088050910735 0.0876710106896553 0.0658661342623314
-0.420812461861515 -0.0183784020556455 0.11950695954707 0.134513155976943
-0.378579215637042 -0.144810277254953 0.094044697497462 0.221555674142367
-0.351488893755302 -0.284211232850688 -0.0523229964991203 0.209520779633145
-0.210136988512837 -0.43661453814858 -0.144650921877362 0.10587330365184
0.0548159066231976 -0.501639947937065 -0.216707778346231 -0.029426303085895
0.281469233156223 -0.514804899211995 -0.137425620877118 -0.0149169432527952
0.321398913656976 -0.444157123097445 -0.0243090491786574 0.0788180347605557
0.0803149917463065 -0.519571762679417 0.0967557811097038 0.391591729153106
-0.166662489478653 -0.398293817585532 0.457442253617369 -0.018043908289389
-0.242694505035207 -0.217064791741592 0.170622500373911 -0.353453842776338
-0.26858837820277 -0.181535193614543 -0.202293285696957 -0.252952832673434
-0.353205568056868 -0.10178846658087 -0.250256310875403 -0.0420999262132094
-0.385474526687949 0.023206812009285 -0.158592946119665 0.0778333098927702
-0.371119067143885 0.038682699642623 -0.10129274804136 0.102984428901772
-0.393759264231377 0.055284680997022 -0.0725174777030879 0.101255036215507
-0.431092860794921 -0.0693968350900896 -0.0192969669523327 0.149025938546087
-0.365644738014678 -0.187832639298234 -0.00830578801240301 0.211881922538968
-0.328973544543832 -0.292498634674511 -0.111499144030223 0.205664305612739
-0.231643968647637 -0.444533291676296 -0.180763652268167 0.124771696234163
0.0360234453072958 -0.564974072654812 -0.22914885186065 0.0324484680420824
0.310148579438849 -0.574371780005772 -0.213965354121229 0.12780683786096
0.257983531001325 -0.390145978566867 -0.101969462988303 0.195536074235371
-0.00772144119818986 -0.412958048887114 0.130888319265788 0.380515623022566
-0.179246843447887 -0.233834242767586 0.360104207444581 -0.056206538987115
-0.137755673760622 -0.0685601779890029 0.0888720521101259 -0.300181003777687
-0.132500072081025 -0.118135911916147 -0.227879419462264 -0.217661485256548
-0.239048070460508 -0.0995047922145313 -0.309451977961666 -0.0385947419349382
-0.294667781802914 -0.0134140841917373 -0.269007650443826 0.0804496215360823
-0.303478488269605 -0.00216263604979922 -0.252864000261469 0.121379406050905
-0.337958359891491 0.00136058624121698 -0.231988381212549 0.113936345668771
-0.350309725463312 -0.113623456247474 -0.165286229655513 0.128955124168521
-0.26312393539979 -0.191999661851333 -0.118323007915457 0.162959064443525
-0.231572806821321 -0.232234631514698 -0.175489260747281 0.172093136821513
-0.205938787188883 -0.375082881072162 -0.227487765348142 0.125467048877292
0.0263650653835693 -0.537129812928488 -0.239470342923494 0.0738363695626453
0.30453827918092 -0.531642294356086 -0.27908583251402 0.264300544542148
0.164612505529054 -0.284892479221626 -0.147921273896942 0.267085786624596
-0.0833525026963706 -0.266055996128575 0.154971914883918 0.328294938491097
-0.151087318671626 -0.0707078285544139 0.254575826939549 -0.0697516645401079
-0.0254004595147256 0.0390883135805718 0.0374334648022199 -0.226891924456114
-0.0105214693225224 -0.0720880384672567 -0.213825191982484 -0.181139698124373
-0.117706309481354 -0.0957694733610137 -0.325018116616451 -0.0405536289487874
-0.175493706114533 -0.0506561654271209 -0.342592425777982 0.07304368413394
-0.190109056650417 -0.0427502632206503 -0.36693700527406 0.121604765147787
-0.21333966509775 -0.0489610867416383 -0.356837081712358 0.0992069310575601
-0.189763180208495 -0.121415957145972 -0.278213801042081 0.0755258132298305
-0.104692569837359 -0.129104758488614 -0.192825487741636 0.0871974670138712
-0.112566613425763 -0.0945453397018771 -0.219472460450547 0.128243779985766
-0.167528970526819 -0.233781058142236 -0.278026640861766 0.108195593093269
0.0113139286819776 -0.412308067537803 -0.243426323877145 0.0735061713873138
0.250509332559193 -0.39341735548406 -0.320241824719908 0.362848020561836
-0.0511913288636583 0.178875262794149 0.200055442894825 -0.482840094295171
0.0907841895835596 0.180065798511461 0.141128011203128 -0.0560153344477469
0.161546893866804 0.00102454052521739 0.320994806073883 -0.0675138729188594
0.0141213455103357 -0.109978014197281 0.209060590986677 -0.157424819176714
-0.0695295345248584 -0.00206534229271602 0.18520444610379 -0.0481019778166361
0.00430475181064709 0.0598295086828181 0.300496407035238 -0.0168254016210201
0.0449054244651712 0.0585089160179355 0.39985607737144 -0.0600553025839223
0.0383201282473919 0.0593864385433057 0.425574219321128 -0.127170272907019
0.0461858394315003 0.0680951138988494 0.385668537704877 -0.0986658461209974
0.00463973400779339 0.0789147679486953 0.325454316846196 0.00410779140505714
-0.0692239966530557 0.0462373869371736 0.22428083750286 0.124722522549042
-0.0752601488222292 -0.0913458174932237 0.0253268824594547 0.176434596911996
0.0881639124589928 -0.0953079896299365 -0.131250268588312 0.0851519753045847
0.102662455839508 0.120268720713838 -0.166839493501413 -0.193532141696338
-0.0329978285750833 0.187073553717741 0.151365164751289 -0.261261568798274
0.0487138841270479 -0.0452492417764141 0.229484424573084 -0.473369119270475
0.111194131454663 -0.0571628929107719 0.122566700428741 0.0104797446108084
0.105134217320856 -0.198504842416934 0.401647626432192 -0.0400505254155169
-0.0906855473817546 -0.27443459982497 0.249407489796522 -0.202057793403052
-0.23385456867967 -0.123364907016232 0.145557873824692 -0.0723229261156761
-0.194181853927065 0.0186233454221379 0.256963053423844 -0.000712917087014893
-0.13699935568055 0.0916648435047804 0.378213220454408 -0.0273519596092447
-0.109045334894724 0.0972264516117278 0.416523904423068 -0.0933055543618875
-0.080347855753992 0.102958710644232 0.375730889711865 -0.0747778233873391
-0.1100069586369 0.0723218622326742 0.319002560924362 0.0263664286657141
-0.145096755524892 0.0101207591140207 0.212372128856415 0.143420844080116
-0.148170137732914 -0.134728922097845 0.015858755953091 0.163813625858346
0.013718102665685 -0.190904471401535 -0.106114793689983 0.0697856560874699
0.118277761687735 -0.0416352669788469 -0.176909937732846 -0.156677851834229
0.0678524681701292 0.000389427786889219 0.0913943171306548 -0.260751873613029
0.158552145794511 -0.247781930142164 0.211214281136905 -0.389387937469848
0.1345801258767 -0.295535161437578 0.0995363024999911 0.114107497427479
0.0275371921731311 -0.381965945329118 0.47370217793609 -0.0126519425273121
-0.19891751253324 -0.392382292936278 0.278045958777473 -0.268747191014133
-0.359849506566669 -0.216765168846029 0.0690363226105025 -0.136079217402667
-0.355653175674696 -0.0262782853811616 0.151566088145437 -0.00786897980642264
-0.294591734505038 0.107995806386527 0.286510848123793 0.00412005529015239
-0.239920518801798 0.120068525112645 0.344544844553471 -0.0468751867706411
-0.201846670891698 0.130181242323148 0.323399296884234 -0.0421643458694067
-0.228801551305055 0.0633087616676417 0.293499051700358 0.051147061747044
-0.231984869146324 -0.0267572719899877 0.20546530842742 0.167002305473708
-0.231581301362321 -0.17546452513379 0.0105028698453549 0.174830098370999
-0.0773025128443948 -0.278422822742984 -0.103944587632734 0.0722027486084077
0.101213735417253 -0.211545610888454 -0.19378680357043 -0.121908501664649
0.146421620392822 -0.202146054250506 0.0159397241847314 -0.220546209163802
0.250209017480621 -0.397274717495647 0.150487225755417 -0.246443036521946
0.13869958349483 -0.47731062176933 0.0888398465757326 0.236439442393776
-0.0694312992921698 -0.498003202029287 0.5203878477186 -0.00482618183300685
-0.290459878174034 -0.418170487811008 0.273277080266664 -0.338690887453217
-0.42320712145356 -0.2479077173139 -0.0365403367211997 -0.206763772022994
-0.443355650773193 -0.054681068524273 0.00560619523897265 -0.0226589238007684
-0.395497634959985 0.107880581884575 0.148609392037269 0.0354637779993385
-0.335287302620958 0.124541594296122 0.225038896499625 0.00743803323452462
-0.306589668191351 0.141313586475119 0.229070933203438 0.00415217295300318
-0.344295293839032 0.0490489134988021 0.236046369000335 0.0851684229749021
-0.327819102492795 -0.0673722674990209 0.181687190860787 0.192937721232661
-0.321473421820302 -0.219930676341652 -0.00126713107156749 0.200208999905647
-0.17481142422147 -0.360965103438792 -0.11605575099668 0.0913293333080903
0.0606444077419207 -0.377520597663629 -0.212585838595842 -0.075321638918036
0.203217191299643 -0.39471492297958 -0.0634624643151202 -0.133862166199611
0.294639180320016 -0.472304545793721 0.0650645395751296 -0.0768081881166195
0.104645115576343 -0.558238791103459 0.10204539584396 0.339810045778602
-0.156134107201411 -0.495913130125653 0.518292427323119 -0.0252876737295917
-0.321185487022796 -0.340290282793098 0.22232197455053 -0.382828125460911
-0.395364748076102 -0.217662833612528 -0.146828633471115 -0.244008789621595
-0.443687093577805 -0.0657943426543438 -0.14148233359712 -0.0282612535324375
-0.42526382632203 0.0897484593540931 -0.00566589342094404 0.0645969041744728
-0.381431862853232 0.10788010977373 0.0726746539183392 0.0611586359366787
-0.376982015414969 0.12967706024285 0.0960663565528116 0.0585465028487198
-0.428951634614839 0.0173354551104187 0.135134038359931 0.124463707162914
-0.394955922151254 -0.114110638365586 0.118561227391527 0.213806899042032
-0.377916730429502 -0.259187469863078 -0.035425402608908 0.221416863152219
-0.249731409451427 -0.419186194567695 -0.139479243023985 0.118575173184208
0.0167186576959882 -0.50785066340381 -0.224071969647731 -0.0141408166974637
0.24022236824927 -0.538871718793539 -0.137929318896445 -0.00528845212293779
0.284077703981525 -0.477256557253772 -0.0210594820824911 0.0824885401675072
0.0365791679695174 -0.525418701114292 0.133471292004122 0.387890653629701
-0.20293036905868 -0.382732937242772 0.458922328811951 -0.0633844897781021
-0.259183539887821 -0.198982517931713 0.13942539872012 -0.373457416583468
-0.286328726325481 -0.160430330166499 -0.223122206853136 -0.235736777632829
-0.367295469671478 -0.0705140647949537 -0.253731080317568 -0.0209849142137664
-0.38895782490122 0.0571368534088943 -0.148005971334354 0.0886472506155283
-0.372715838848548 0.0729822733264171 -0.0904681889720379 0.108264824453591
-0.393922623867897 0.0899811305013614 -0.0621538694094333 0.108197671125351
-0.444741439856884 -0.0329030548668817 -0.0043415776599504 0.150853100147191
-0.386315225195205 -0.159101650537097 0.0141027208539633 0.212129042432805
-0.354545057042917 -0.269852370262359 -0.0962925950821864 0.221492230629048
-0.269096222693057 -0.425618612119404 -0.174916513480056 0.140656354794606
-0.0101596052017443 -0.569160930122051 -0.231829141621133 0.0485536764643728
0.260950416708956 -0.600512710111877 -0.203246486583005 0.144790884491888
0.2236056267927 -0.416535100974071 -0.0895665903115248 0.206550316204985
-0.0452383829645356 -0.411555936765703 0.16476411260597 0.371579948014988
-0.201383347863196 -0.215663463772459 0.357033181029448 -0.093053343577229
-0.140505463562465 -0.0587451621472677 0.062302521084183 -0.313850878766805
-0.144181453230644 -0.110192458851848 -0.246380944192339 -0.198044966342058
-0.25246278222345 -0.0774722617359362 -0.313204858258918 -0.0121647656649269
-0.302222834090578 0.0129970805443449 -0.26138299904547 0.10079568519242
-0.309154585227202 0.0257253119633668 -0.241539467177196 0.141178836288659
-0.342443178072504 0.0318550496413782 -0.222561597727493 0.135766478064468
-0.367390047640625 -0.0835594550458966 -0.154631016223147 0.14431746465929
-0.283527348371796 -0.173058169387898 -0.10303908761989 0.171750504066383
-0.250757302575216 -0.217794217677645 -0.163726724793949 0.19229759905058
-0.237542018961962 -0.35805064670232 -0.220430080057266 0.145157453694449
-0.0165860370027357 -0.53960897118602 -0.238950090274214 0.0903031722754552
0.259271679623208 -0.557819277295686 -0.257913571728824 0.285882925246146
0.138034335368836 -0.302906657416823 -0.13051590112087 0.283912530196845
-0.109325088589121 -0.257412347442997 0.183207718929117 0.316317007180614
-0.159566801938023 -0.0544823735421385 0.249415051052462 -0.0964858469601974
-0.0186447764197082 0.0389989403893469 0.0179852811140575 -0.234758300520379
-0.0185836390269571 -0.0737977550680093 -0.229777387565425 -0.164124293314463
-0.131098095360534 -0.0841626480716376 -0.331187471679952 -0.0124101340419016
-0.185207645404247 -0.0341943352497369 -0.338573907459082 0.100300605985173
-0.19804943898771 -0.0247574260484606 -0.35878018688427 0.151594481402433
-0.220979699230836 -0.0285827964343355 -0.351539335068319 0.131562576050134
-0.20637976465007 -0.105832206434414 -0.274520601114565 0.100092073046589
-0.117220214300939 -0.122946856059501 -0.186205318775177 0.100974283000907
-0.118069955504422 -0.08921605119471 -0.210938462675779 0.149353810262015
-0.186985034999818 -0.218711646828278 -0.272089825218741 0.132530341180587
-0.0236412217378256 -0.412001587497032 -0.2426862364778 0.0902434335559745
0.217206514067761 -0.414884277465134 -0.291766483719326 0.387369502662743
-0.0351750385525822 0.175658622757683 0.16797474984083 -0.477233724671909
0.100530093399607 0.167934647657585 0.141740918525295 -0.0603975503549238
0.154350447361722 -0.0117156233116575 0.308605584926795 -0.0877241911700007
0.00452225021939572 -0.107269786977672 0.189953820898417 -0.167054244055809
-0.0668272331447657 0.00636259519677843 0.176115531313736 -0.0584011361404176
0.0106351079146954 0.0568109007265971 0.292634377869478 -0.036577335677095
0.0494956364897239 0.0519461072906832 0.387421007939565 -0.0873779711161057
0.0427673585750397 0.0543993864717522 0.404429553999783 -0.153855454578509
0.0503118500201319 0.0602166344366261 0.368109967836968 -0.120320777123307
0.0114440922378447 0.075405825919054 0.317400469769532 -0.0189778502314886
-0.0620456586301204 0.0503819181140164 0.226555841430762 0.106668968916452
-0.0805480106802981 -0.0820525512636907 0.0369263815225333 0.170986475213763
0.0754132054676017 -0.0972414570756316 -0.12041818117252 0.0907362760960286
0.111440695425436 0.107371630825772 -0.177026920230938 -0.173743883342912
-0.0166107159436859 0.180067710211937 0.132947621513217 -0.264963913104528
0.0468602256508857 -0.0470440326387108 0.192990597285383 -0.4709039054137
0.106767201225121 -0.0626933103890589 0.127959337100942 0.00498065546946145
0.0874329940175358 -0.200099732682673 0.387066600146866 -0.0672340701795037
-0.106155072843933 -0.260742452992196 0.224466564095239 -0.211380410702702
-0.233859883541591 -0.100718050680456 0.137956193038474 -0.077973007778713
-0.18503431423483 0.0305958755873256 0.251847405970348 -0.0174847047303204
-0.126124194765019 0.0962169218281996 0.369846757286179 -0.0540960081311985
-0.0981367503021294 0.10117542884607 0.398557504864144 -0.1212567012427
-0.0713864605108945 0.102500974690916 0.361753171539484 -0.0979815408144047
-0.100696648800184 0.0762779149767052 0.312834922434961 0.00228880228444813
-0.138613288668648 0.0198026371470147 0.217335324152377 0.125161932853524
-0.153764113442063 -0.119262010886571 0.025805216375072 0.160559162308457
-0.00218588438123283 -0.183676734165128 -0.0983559119968723 0.0743257814058204
0.11674282113454 -0.0495937894630576 -0.184087189666547 -0.138664211403392
0.0684298388942239 -0.00532869222036668 0.0747230834688326 -0.260777874885863
0.140874924554916 -0.250189581526993 0.179055408625407 -0.389065443606659
0.114891792182704 -0.294752838276238 0.110967124812931 0.107130303946911
0.00202233285298015 -0.371701801511049 0.458557208861049 -0.0463676394133604
-0.217974510829819 -0.367448369755692 0.248099770727029 -0.279121768681021
-0.36279030849125 -0.184257905539527 0.0607420774587715 -0.133650457008239
-0.344364650998722 -0.00278833200434399 0.149539804669607 -0.0165081403556453
-0.278410260868892 0.122302987430369 0.284247702415173 -0.0176809425138572
-0.224043293085954 0.132434111033107 0.333040138524819 -0.0719023072428961
-0.187060609735511 0.136920313662016 0.312852255791674 -0.0628666194411013
-0.217350500988198 0.0761360786158675 0.290798334228512 0.0286488067908255
-0.22601005311807 -0.0105635192306474 0.214070235762983 0.148133613332259
-0.236224399080975 -0.154804415209343 0.0214396425681274 0.173077461525208
-0.0948917090817537 -0.260911457718227 -0.0973368420074234 0.0764776929935073
0.0887966223425132 -0.212139652862451 -0.198438569101168 -0.104878760779222
0.130706954110159 -0.205028233730273 0.00395646089300204 -0.215215765342515
0.219078809367713 -0.400187531909974 0.128663593555268 -0.245589903396483
0.106182104947882 -0.470299190949411 0.106953641229119 0.226392761972509
-0.097020217405083 -0.475275700490446 0.503956282978909 -0.0426275714483697
-0.30895774794497 -0.388127652161126 0.239201293493168 -0.347304100181061
-0.424587505428934 -0.211692980023896 -0.0459849825243099 -0.194628564398079
-0.433842756822986 -0.0239881014800354 0.00795230250325539 -0.0219100219250839
-0.377382496120909 0.129648232472425 0.152494099452967 0.0206416780694903
-0.317447980070074 0.143055766936871 0.220474624025586 -0.0119880935502325
-0.288117334744661 0.155958814581992 0.224311956167676 -0.0125740937197037
-0.331885499600314 0.0691822110527345 0.237511484525477 0.0650163413274879
-0.322305919221292 -0.0446666795428732 0.193509721638946 0.174050452497665
-0.325531276996798 -0.193306671055783 0.0117434023103215 0.198664157806428
-0.192903491818703 -0.334727147909218 -0.108717219609615 0.0952708357693568
0.0378281070336689 -0.368468593824718 -0.213251174175237 -0.059711775679815
0.172531363408934 -0.394109571763983 -0.0676091407099434 -0.126783148843144
0.254597938104168 -0.477367790630648 0.0556183664047304 -0.0763599972933537
0.066897838013658 -0.544811310379681 0.124984502338353 0.325056567006515
-0.181645833031606 -0.467570698407691 0.499493272274072 -0.0624394504086188
-0.329857725429624 -0.311806010794523 0.186426751438302 -0.387299239062337
-0.397876587345001 -0.185531776892912 -0.155473757922134 -0.224543892683667
-0.435847532041314 -0.0334017044992604 -0.136100710306804 -0.0178478264373967
-0.407979763245937 0.115013111087152 0.00474745463937547 0.0589561139915136
-0.363665284527261 0.131021426196168 0.0760643537004343 0.0502065052463828
-0.357121496572903 0.149782618649286 0.098794550812337 0.0496990479038425
-0.416408572060367 0.0445376175646932 0.141797495158437 0.110079339919612
-0.391580797436865 -0.0864847587256924 0.133447601145751 0.197691899743755
-0.382659652334092 -0.228819804236686 -0.0204000209751216 0.22184142588452
-0.267438953625103 -0.387572306291163 -0.130480531086737 0.123859705578536
-0.0117325427898848 -0.492782940056305 -0.222602558429507 -0.00186024235520767
0.198223467267425 -0.53320113943722 -0.132062423553679 0.00185422342922308
0.243642566064426 -0.480332173909106 -0.0180024008225946 0.0836393984125394
0.000935771336812391 -0.507702020082027 0.157413793170888 0.368897026840441
-0.221701864167815 -0.353327502596033 0.438167743792024 -0.0955277457566474
-0.260045620907587 -0.176723828903424 0.107830326046758 -0.37345527365947
-0.288750862682291 -0.139131240575591 -0.228628656708599 -0.212474877095377
-0.362583675326751 -0.0435863202429816 -0.244914096989988 -0.00391150309736133
-0.37613766340346 0.0819497780129957 -0.133453734077655 0.0911637670873745
-0.358781973139501 0.0961625931816474 -0.0790311010177004 0.106747147004468
-0.377405560342251 0.114203492520432 -0.0513447024452795 0.108285919433251
-0.436791153358507 -0.00224582229253731 0.00803966250813022 0.145668805493784
-0.386617658862232 -0.131147588060858 0.0303108532404672 0.202291357214622
-0.361160516975892 -0.242168352768455 -0.0795287631569076 0.225871231198719
-0.286505683131302 -0.393617736595804 -0.163686635062426 0.147416446846353
-0.041782069748036 -0.551046377042267 -0.226289461812553 0.0590084453264553
0.216350098779005 -0.595845593485501 -0.187128157096312 0.150801652044211
0.186987694272842 -0.418960744729686 -0.0769706668405902 0.208861003989298
-0.0704589877911489 -0.391146269215376 0.185117043106467 0.349191271072391
-0.209057746339294 -0.190334474191695 0.337051459210902 -0.118760539884332
-0.135983619497653 -0.049943465949499 0.0385320609841509 -0.310904217366414
-0.147934557121595 -0.0990975344125895 -0.249651640140258 -0.176600277553798
-0.252981507266789 -0.0565857925940934 -0.304165388781811 0.00828895693689554
-0.296295012426253 0.0341392396408361 -0.244532992887663 0.111483245669789
-0.301018765925153 0.0477861640911304 -0.224438954117516 0.149509150964258
-0.330945434434169 0.0551221400109057 -0.204891939648619 0.146589761995651
-0.365884509445709 -0.0558729531109558 -0.139856345170618 0.149029520319606
-0.288365243522428 -0.15158453002247 -0.0870395668044454 0.170243468481994
-0.25549218636432 -0.198915736536504 -0.14766283722018 0.201532238115476
-0.251180843365996 -0.328607130960746 -0.206577275609009 0.155240367438006
-0.0482209086720526 -0.517867153300054 -0.230918595405046 0.0993418274848578
0.214911899040419 -0.55446680436015 -0.231747065024703 0.291031197419158
0.110994381727008 -0.304081580847272 -0.111729345472061 0.285457059608618
-0.122963567073111 -0.23763763338986 0.197671180198198 0.292507773327534
-0.157516011321554 -0.0383913132728833 0.234030066651463 -0.114777147003967
-0.0121950258032746 0.0359281729680343 0.000913590797496677 -0.232065847025539
-0.0241489406953406 -0.0722076689773387 -0.232967429524418 -0.144197128732487
-0.135387071662898 -0.0703717144013374 -0.32211353725142 0.0088666935578799
-0.185542533633302 -0.0186920656106481 -0.321214240807483 0.117199010720345
-0.196964956655266 -0.00859320325121544 -0.337319496367731 0.169454870670383
-0.217882188439716 -0.0113990925867589 -0.33223121976194 0.152726856883826
-0.210135551414665 -0.0883411799155906 -0.260807899080838 0.114186960795439
-0.122650952145511 -0.114233406509985 -0.175216706756719 0.107119548633964
-0.117634072673228 -0.081755263501376 -0.195186071579167 0.161757232073535
-0.192933059434349 -0.197870934403578 -0.255716035915001 0.146053390950519
-0.0478945516002494 -0.39449907556622 -0.234705431217001 0.0990428511607098
0.181755049175805 -0.414632914267445 -0.259764087956662 0.390971455442576
-0.0262893748491411 0.169161264485847 0.150544520540512 -0.462005554216561
0.103529970934391 0.157767101994432 0.143149906412855 -0.0603712536082631
0.145362827722215 -0.0170626012777503 0.295580607196066 -0.0955106597631596
-0.00123059162335046 -0.102700541458584 0.174905150206158 -0.166574025338432
-0.0628507716010196 0.0115844878195114 0.168124896487937 -0.0611675492284125
0.0146689115983563 0.0534958207835912 0.281780153156055 -0.0433238438989736
0.0505668607181907 0.0469841490777371 0.372723882572418 -0.0970998557968653
0.0442438777539661 0.0502557560036983 0.385394585082593 -0.162465632196473
0.0505469894971808 0.0540236446776181 0.352068913085091 -0.127350615676384
0.0148660185139566 0.0713598562101721 0.305797188355527 -0.0288737017170307
-0.0562539323502265 0.0515719603881291 0.222013153126692 0.0961458466159695
-0.0811403719480026 -0.0738031912090773 0.0415168257327632 0.164593010692006
0.0669564401903618 -0.0945282408568912 -0.112839027430945 0.0899348726535798
0.114054927419321 0.0966905239833958 -0.177201147874312 -0.158574763936361
-0.00811713032589234 0.170665767035187 0.123207163321341 -0.261214089931644
0.0469381775087449 -0.0467002691428329 0.174519521042018 -0.455890322255176
0.104174906068715 -0.0633000074909557 0.131307232575928 0.00254133814228477
0.0775943605441252 -0.196006518559166 0.370873964262536 -0.0789150592654308
-0.111806168097327 -0.247844498415389 0.205810934471763 -0.210546009356782
-0.226507896106525 -0.0872749675943967 0.131679126236809 -0.0775688096816209
-0.175052177178575 0.0346377601122969 0.244761412229849 -0.0239440032745046
-0.117168017999158 0.0951753179093888 0.358633881295664 -0.0651585066562779
-0.0906066568141605 0.100056225107545 0.381112751477914 -0.13203906157716
-0.0653414302294131 0.098531746949962 0.347014452269294 -0.10640549203229
-0.0938535184442386 0.0753512345493074 0.302985387081244 -0.00860211698459804
-0.13095526676535 0.0234797929796345 0.215626140242464 0.113815491521836
-0.152281599711993 -0.108641656907678 0.0307479258664127 0.156320551109731
-0.00917274701967674 -0.173428219314054 -0.0934928198184298 0.0732766677660145
0.113938367931159 -0.0529560588917019 -0.183074039643362 -0.125781067248998
0.067771607979924 -0.00846735690178558 0.0668181482485354 -0.254191340738356
0.130746732921971 -0.24477404183484 0.161723661817934 -0.376303553592741
0.105757792938241 -0.285852377541526 0.11717902153834 0.102561149229057
-0.00838897566431481 -0.357031545678837 0.439444591910182 -0.060908221659937
-0.219814636255767 -0.348755219609857 0.226192481809741 -0.275683841256433
-0.353583680058062 -0.165654134568028 0.0567862467252745 -0.128231064508679
-0.330641772518664 0.00755103138014445 0.146977807427529 -0.0201305291406638
-0.263720853108598 0.12529762269958 0.2777420227148 -0.0296523164885178
-0.211506521698348 0.133818503360942 0.319408618654179 -0.0834786223249787
-0.176916654344536 0.135532209949931 0.302055815762521 -0.0716400545023353
-0.207487911928675 0.0784567355306831 0.282521226698707 0.0172634287625476
-0.217173704410567 -0.00423803068550045 0.213951697911125 0.135221011725571
-0.232544425521142 -0.140968024063382 0.026392697374656 0.169913880175779
-0.0997558796140511 -0.24508563834975 -0.0931152520764452 0.0753161765277083
0.0831091456991458 -0.207974176914326 -0.196790286778532 -0.0941137188214489
0.12203092736319 -0.200905301397125 -0.000556611583317143 -0.209140048863982
0.200412661124488 -0.390859114750346 0.115433143641142 -0.237413827904893
0.092333489240513 -0.454045623132155 0.115256644902774 0.217095726183394
-0.107100273213152 -0.453580507822513 0.483026926891677 -0.0588854868791047
-0.30617166275285 -0.364964008646156 0.215277672925314 -0.342201707029838
-0.415515833228792 -0.191537424791873 -0.0472753003775612 -0.184030914323195
-0.417834468221311 -0.00928171478649215 0.010382802486173 -0.021196623947311
-0.359314558567387 0.135532601807008 0.152534394289188 0.0110401156927608
-0.301687493040033 0.147929409463716 0.212006370678428 -0.0230544464276556
-0.273710666569045 0.156913527553569 0.217944404096267 -0.0204664791574849
-0.318910027498666 0.0764855686602517 0.232178250976392 0.0537069496032736
-0.311296554399016 -0.0338039624029844 0.195393355094584 0.160224902207691
-0.319583388855392 -0.176384741546666 0.0181198863452479 0.195762552354072
-0.195390308715236 -0.313586261206787 -0.1051244914735 0.0948043622432501
0.0305380700853842 -0.35633429208163 -0.210220441443125 -0.051881030422415
0.155286381886828 -0.381343627981558 -0.0669951898820471 -0.121272046914038
0.23082313376352 -0.466402758089988 0.0489459513455631 -0.0722644145050677
0.05101351802666 -0.523140918328001 0.134201244242583 0.311486488514473
-0.187692924719123 -0.441382765172415 0.477146847454905 -0.0796705194517724
-0.323237872654591 -0.290471291538156 0.163802435461525 -0.379686328657234
-0.388213145152393 -0.167482197494175 -0.152751281747035 -0.210243985267284
-0.421355084211664 -0.0200673388195263 -0.128166564036206 -0.0132026023181266
-0.391383806761191 0.123792081695249 0.0103053326520868 0.0522578837256617
-0.347936466132538 0.13716099047549 0.0753613156053752 0.0410503030845679
-0.34080876164805 0.154448737225197 0.0990264053520364 0.043196332918366
-0.402143479935656 0.0564097789823763 0.142048052278487 0.100531475680835
-0.380935913613361 -0.0722878112382679 0.137730834558594 0.183660355863884
-0.375270476561415 -0.211053842372671 -0.0125642882193306 0.219504644910788
-0.266915366728456 -0.363344387308355 -0.125848868310502 0.123217920008067
-0.0220511909019303 -0.472903723801305 -0.217867824163853 0.00366425007489535
0.177689402129771 -0.517702966892832 -0.125871030437786 0.00405363409550908
0.217403864405887 -0.468673159618104 -0.018314644134468 0.0839036041832184
-0.0121238959223795 -0.485106618854234 0.164411597905557 0.35095246053801
-0.223009619504452 -0.32950111454201 0.416478015667642 -0.109094595106117
-0.252164133393743 -0.16414296681758 0.0889857406199536 -0.365189389660583
-0.282535205343973 -0.126779128224618 -0.223836331428198 -0.196924329855793
-0.351257199654984 -0.0302151346379544 -0.233670594382872 0.00291612203921199
-0.362476608128824 0.0915289780811838 -0.12230749405476 0.0871804786141663
-0.344759704328682 0.105142960796217 -0.0731320947550412 0.100527612068727
-0.361079193968927 0.121429744928187 -0.0441668908391918 0.104666208741204
-0.42461856683012 0.0117887380266633 0.013090913828803 0.139008555208615
-0.378149972737206 -0.116401012755056 0.0374587158620137 0.191195206613578
-0.353223086383603 -0.226152319827242 -0.0706522026886296 0.224506582216466
-0.283747902023038 -0.367667375379069 -0.156899890627824 0.145921154642084
-0.0519431142897956 -0.526361403600611 -0.220289292503398 0.0608978891393236
0.190853462859433 -0.574696972615914 -0.174811082031409 0.148149015586045
0.164860823369214 -0.409212991815229 -0.0710955633037235 0.205485802775986
-0.0805589887011867 -0.369818106735021 0.188485731104616 0.330470021276806
-0.205650906002184 -0.172319087640793 0.317423721365927 -0.128435988844215
-0.129230590545235 -0.0463314391071234 0.0251645338121899 -0.302149851792337
-0.146783181437142 -0.092676149837964 -0.244438792027852 -0.162179376996724
-0.246943015949872 -0.0452207779811247 -0.291161104914867 0.0168907060007383
-0.28726333792498 0.0442150980118191 -0.229789153445728 0.110744379222574
-0.291479252582771 0.0564105411466723 -0.211309834039187 0.14736526600026
-0.31895894919179 0.063067159028398 -0.192077912763756 0.146802318663699
-0.358263954035711 -0.0422495671135249 -0.130195524847183 0.1469467891686
-0.283176235075802 -0.139542443123161 -0.0784650285294805 0.163475946334937
-0.250132308416401 -0.187924259270779 -0.13683809019835 0.201496045935082
-0.247171057797306 -0.307801903827307 -0.196591236070631 0.155171727260634
-0.0578497152207786 -0.4944928244882 -0.223827983254386 0.0988001254547938
0.190678883239496 -0.53771487006374 -0.215201173641641 0.283913322579398
0.0934619151592293 -0.296444577133953 -0.101649603824666 0.28062978971109
-0.12558444886819 -0.220462347873161 0.198942573772432 0.275789350273477
-0.152212093924597 -0.0288574349499523 0.21932008607492 -0.121771262702127
-0.00809667905530001 0.0319154977159544 -0.00728248972621757 -0.225645380674633
-0.0270613971016034 -0.071098004025658 -0.22829356601517 -0.132612164095369
-0.135044634392622 -0.0613035482644763 -0.310396990046074 0.0188836364744083
-0.183193569349144 -0.00989549145899239 -0.305255032142778 0.12088853115117
-0.192237177937298 -0.000395594616895405 -0.319430619848397 0.172083124317664
-0.211509768248962 -0.00267464358615955 -0.314691118760422 0.157695438277293
-0.208924867234443 -0.0781072792169124 -0.248931096946711 0.117851460201522
-0.123081556608996 -0.108793995403537 -0.166636224716868 0.105107685123812
-0.112810149953213 -0.0790530835094051 -0.183075439108297 0.163184635261291
-0.18940541167646 -0.182950576790382 -0.242771641131397 0.14883180444822
-0.0556911291449228 -0.375736585909784 -0.228724647824254 0.0989378480293886
0.162519982639471 -0.403593892498124 -0.240340741730986 0.380680563975274
-0.0226407135481123 0.165218781606735 0.148289458306031 -0.451369546829756
0.104326993654569 0.153618547977482 0.14853806108803 -0.0603033494628896
0.139927943343253 -0.0194230493914641 0.290526500533864 -0.0982113920881541
-0.00463067454640265 -0.0995562926561068 0.167378105582813 -0.164941983118058
-0.0593833557264131 0.0156590922629355 0.163031264778312 -0.060954280808921
0.0167444128140816 0.0519184654890727 0.277474132163075 -0.0444823440501034
0.0519465377296698 0.0440588636380344 0.368023632664977 -0.0997905977427925
0.0457630569104795 0.0487513855683848 0.3773275279228 -0.163835734719193
0.0501883220463831 0.0507157090794876 0.346248753309779 -0.128316126969647
0.0165994027867023 0.0688715920219655 0.300829999580111 -0.0306764656253198
-0.0526192318466979 0.0519608031310064 0.220214111596896 0.093328743061063
-0.0814670037485439 -0.070401310964204 0.0424722976300515 0.163191085097663
0.0635530861755102 -0.0915363569135418 -0.110412928146604 0.0887424142739604
0.115291053584968 0.0913607105357666 -0.176078466907475 -0.151854945125584
-0.00489503315681784 0.164594402601053 0.121800635805636 -0.260147266898524
0.0480129946965131 -0.0465260596291664 0.170699401919358 -0.44592238571098
0.105298819840689 -0.0630321099178424 0.136292018650891 0.00183463827531665
0.0743563414387068 -0.193455826167312 0.363321850104225 -0.0805454603468007
-0.112973333294695 -0.241782435169246 0.196389685823034 -0.207990421392646
-0.221550621457446 -0.0807440011848493 0.129914880111381 -0.0759228029811722
-0.169960905850248 0.0341476411543173 0.242179271371032 -0.0246383936290142
-0.113494448170891 0.0923900850550008 0.355335647576873 -0.0706982617822159
-0.0865186536860707 0.0982671325897087 0.373476343813177 -0.135030306271432
-0.0638009059594395 0.0951961127268205 0.341818645207337 -0.10796878622085
-0.090573707482222 0.0735465316816877 0.298825437410825 -0.0120468866762397
-0.126591656941608 0.0243416738484332 0.215002653355656 0.109988782393764
-0.150721634263131 -0.104089263268893 0.0321511188076947 0.155945238418581
-0.01084574601082 -0.167627769638379 -0.0931479168400492 0.0714288529594501
0.114894274324467 -0.0556170009587549 -0.182563011796952 -0.119368292033523
0.0686133192201216 -0.0101332466548305 0.0664784418604185 -0.251907543489993
0.12925874117571 -0.240325886209412 0.156601692361846 -0.367907731917952
0.106403629169472 -0.28101070360315 0.122154206413989 0.100628328431485
-0.00888083292693994 -0.350159291060922 0.43019174741266 -0.0645697648079896
-0.218105088036449 -0.342188038644344 0.21484547178507 -0.271717367318177
-0.346685260391832 -0.159311889369727 0.0571619658684353 -0.12430988185695
-0.322820865018559 0.00881363479988235 0.146479818852575 -0.0206025983954501
-0.257548474600393 0.123174573859412 0.276471940661955 -0.03439538271045
-0.206751265593824 0.133217248977592 0.313487429857885 -0.0879328342314674
-0.17298469791124 0.132781879216228 0.297824502249217 -0.0730698831257844
-0.203105409505575 0.0779978534616124 0.279219460166196 0.0138734841051451
-0.211734491875479 -0.00267401436957622 0.213619092760393 0.130514624579364
-0.229206376247189 -0.136183460738553 0.0278258544238224 0.170415933164965
-0.0991150135691739 -0.236800893460268 -0.0938431853123046 0.0736040539002692
0.0833950900872295 -0.205477869971537 -0.195928306520815 -0.0900690351074978
0.119547393484662 -0.19742579595314 0.000607806985111211 -0.20594789391215
0.196308324401066 -0.384063964255126 0.111172171201966 -0.2302459701961
0.0930358655434574 -0.445526278106844 0.119898658400181 0.21346330592588
-0.105040825530518 -0.442560343394918 0.472029641158941 -0.0643692931583818
-0.300962788438893 -0.358798917299487 0.204352738981363 -0.336862529673026
-0.408985100302629 -0.185549491339964 -0.0445542468858976 -0.178985946980705
-0.409223796326197 -0.00829086340139856 0.0126779382670413 -0.0211922560934627
-0.353195397785725 0.134541976646952 0.154391104649223 0.00508602131892912
-0.296036558625562 0.147245422522468 0.208645647785366 -0.028422330516478
-0.268496931945218 0.154801348864327 0.215968642511618 -0.0226378923587613
-0.314127824645036 0.0768940450139937 0.230969502582568 0.0499261964284985
-0.306432837716809 -0.0329102946760461 0.196027438532439 0.15370505084702
-0.315072140828591 -0.171951907664637 0.0193747456614339 0.196471480197598
-0.191748693360913 -0.303619164000611 -0.106132149010399 0.0934315069315162
0.0312585784615921 -0.350658329579403 -0.209456611011171 -0.050238301124514
0.152431346859751 -0.373318946210536 -0.0641073704615154 -0.119449956554297
0.224396278163519 -0.458511544851169 0.0456896424297431 -0.0681832579555887
0.049350835119433 -0.51096357094834 0.137482790223746 0.305706912333678
-0.1853564893118 -0.429785837894128 0.466059806351856 -0.0841462170891178
-0.316132218250986 -0.284425114147361 0.154368324256505 -0.374459946312903
-0.382286220197042 -0.164116760487264 -0.149068305314162 -0.204893719131174
-0.415050453867349 -0.0160613272426722 -0.123217791536685 -0.0131354452627389
-0.385363203688297 0.123806269930636 0.0142052225614363 0.0460279480075605
-0.34227962872547 0.138873594026636 0.074031996863975 0.0353869823305811
-0.334669832820232 0.152686335464086 0.0990640623362827 0.040233344125998
-0.397620615789045 0.057796249473693 0.141949307395529 0.0967160804134915
-0.375757764016723 -0.069685194740569 0.139352118186006 0.177090998851931
-0.369183212572522 -0.207450886858783 -0.0108823254031031 0.220469090506607
-0.262335051461329 -0.352307905868195 -0.12646362073211 0.121409869688786
-0.0193451037625143 -0.463928336976376 -0.217452564363359 0.00344532640051849
0.172951375655874 -0.505181898037695 -0.121801526622949 0.00311985528482122
0.209570701819018 -0.461134848184737 -0.019698353516604 0.0851722633522903
-0.0146927847843573 -0.472089523157791 0.165683274842519 0.343799963931249
-0.218666799728315 -0.317434933873953 0.405523479507385 -0.113113512115514
-0.245431976698521 -0.161126748620645 0.0820064787824091 -0.35983646618222
-0.278293507358414 -0.124397107889331 -0.219003297866407 -0.192437391615303
-0.347236150415578 -0.0261632898032973 -0.227413071398082 0.00380918379544396
-0.358556066508176 0.092690950364192 -0.117011145589014 0.0813806603248265
-0.340174661847716 0.1067773776206 -0.0713290776068537 0.095775223462137
-0.355133014216833 0.121166428517671 -0.0413797888553408 0.101823698054648
-0.420011003075356 0.014957739256488 0.0153046662990418 0.13543857912194
-0.373953230664084 -0.112757783341624 0.0394343493040923 0.184283703893227
-0.348522695834293 -0.223057417056561 -0.0678968202874768 0.225878830443944
-0.278865765966165 -0.357747323376073 -0.156821700494132 0.143835615728717
-0.0498508885618143 -0.515688413057513 -0.221118910719011 0.0588727887617675
0.185678385232944 -0.563253291127928 -0.170021505355158 0.144253464272761
0.154852516138158 -0.402375981863726 -0.0709528452743711 0.204536192015923
-0.0809199804858667 -0.357467407978581 0.188107163860621 0.322835888864935
-0.201484519006519 -0.163113669856041 0.307880171155818 -0.130972905863227
-0.124428716672826 -0.0464439664199024 0.0193756381126879 -0.29878779549314
-0.145900724293509 -0.0922223522316716 -0.239729164734033 -0.157946637789026
-0.244811325260799 -0.0405990905008081 -0.284619131433181 0.0176329941649096
-0.285069438420109 0.0480017265844348 -0.224644018666666 0.106586208634257
-0.288365372909557 0.0588488765455744 -0.206787183412381 0.143443813460276
-0.314101709189168 0.0656078853400793 -0.186757245526328 0.144378018083503
-0.355914538350083 -0.037528586041947 -0.126296712158412 0.145163425065256
-0.2811987875799 -0.137039671559989 -0.0762647563104057 0.158170698436645
-0.245349047083934 -0.187754790491865 -0.133139550938527 0.202855992510432
-0.241496783497135 -0.299631593112069 -0.195468743786771 0.153367376633942
-0.0560096294645943 -0.48363628330773 -0.224853319550649 0.0957888180975249
0.185061053692274 -0.525312351858002 -0.209633784958788 0.276092258855449
0.0855019456132996 -0.292153892120649 -0.100052570884001 0.27922307883747
-0.124573477775284 -0.2107949737211 0.196655789640455 0.268524235273577
-0.147698728253926 -0.022718163772794 0.212065866136754 -0.123715711275617
-0.00598551083317055 0.0279743981713721 -0.0107276614367689 -0.224311360387664
-0.0292198464664802 -0.0714198335466558 -0.225160470823604 -0.129652954749003
-0.135461107264998 -0.0562470304223393 -0.304384608481083 0.0204256963600339
-0.182477831547934 -0.00586821515539227 -0.299274955525372 0.119062957777588
-0.191701476469719 0.00286976503588073 -0.313141361687015 0.169679332299189
-0.208863992588065 -0.000402030529997491 -0.308569092955944 0.157036650217019
-0.210195775973001 -0.0741264003146056 -0.244176263557259 0.118536734073021
-0.123378793325472 -0.108556340699694 -0.164313921111219 0.102292880806665
-0.109058525957625 -0.0802898884870838 -0.178875122132345 0.163908474309443
-0.184082544283225 -0.177351745093168 -0.238513201714415 0.147482705793111
-0.055225066673665 -0.365942044853662 -0.229491595827971 0.0955823304639455
0.157741417287562 -0.395363347513076 -0.234695304249156 0.371707211489587
0.0390558214211542 0.161994408910177 -0.0460697979320433 -0.472352202054299
0.155234150133429 0.0941581007848301 0.119691191996997 -0.125615243952558
0.112683639750477 -0.0763775783234788 0.222164328997698 -0.223703651759277
-0.0508722998892473 -0.0842931491515784 0.0734640655038905 -0.224547421815116
-0.0467839527028209 0.0397959203435315 0.119975551988096 -0.123006748048679
0.0372305235967792 0.0367868865098886 0.234546358810049 -0.161984352745554
0.0664544441948663 0.0156911057417231 0.296913489223891 -0.255399033932326
0.0620937054715524 0.02483154315462 0.270143539883317 -0.317145099253485
0.0681665674979172 0.024973937802555 0.259148283983256 -0.270117989236718
0.0460379584508422 0.0541314653132175 0.258739593752719 -0.160549795290981
-0.0232740978643589 0.0706984680825403 0.238091056746068 -0.0139773280746984
-0.103753246425839 -0.0234743408568466 0.11171832861937 0.123201636693752
0.0167571470829403 -0.11022681876571 -0.058045921537116 0.129555152223311
0.145162915759798 0.0268795068471592 -0.228484343183851 -0.0527021547340159
0.0721622177742194 0.150900540120681 -0.00653091677898767 -0.29599402323942
0.020302667329799 -0.0599253851199344 -0.0300230699191375 -0.482789609601518
0.0712830840036157 -0.10289554579368 0.130786835016783 -0.0633260921916069
-0.0160403679371793 -0.20977086018806 0.285296887540018 -0.23845474352152
-0.206359989266638 -0.168443033139077 0.0709459721230514 -0.276485914690123
-0.233211323889557 0.0193489300418078 0.078378111982369 -0.116904982319474
-0.140208761026077 0.0992615086898592 0.208336781424545 -0.12498949283074
-0.0636154264781357 0.129218758773264 0.292986424945425 -0.218987979647671
-0.0415967580479079 0.126307070212177 0.278145781034114 -0.290496553543216
-0.0186874149761247 0.113443055277673 0.262048610142378 -0.252205451123449
-0.0514387681485279 0.104532024404679 0.263253288565283 -0.145217135258028
-0.104394515220288 0.076196931709595 0.242662030398591 -0.00123438954119605
-0.180626433404005 -0.0243111968128928 0.0991438517800324 0.116869715663958
-0.0829957475620388 -0.148342319235709 -0.0479661769166067 0.10360292655047
0.081187025912912 -0.106906624730495 -0.214154521368231 -0.0221774530289703
0.060231227977364 -0.0453899387070518 -0.0442534203998915 -0.257834553803702
0.0185423541804723 -0.269973668011459 -0.0147382065639588 -0.41139938040001
-0.0141637919992921 -0.301083862850811 0.154301471225937 0.0322537045410526
-0.154392311537258 -0.319593768196406 0.343497755552697 -0.251404306688194
-0.340777407876334 -0.214505456390858 0.0529782431221594 -0.341954495641054
-0.379064424615831 0.00104362176437793 -0.0129439276190929 -0.125943123541953
-0.291148245393329 0.142565954196181 0.121456664282967 -0.0772744300641455
-0.182309755506321 0.21799052181666 0.232228919920239 -0.149548460470167
-0.139572927315611 0.208676142413717 0.243710687357463 -0.22178290396917
-0.104779534282299 0.194514449444006 0.235896926945028 -0.203005711443102
-0.153895240745692 0.157624599735942 0.255407480815059 -0.116762661398247
-0.19677739114391 0.087150023839467 0.250401782024215 0.0128504134915289
-0.266629493842588 -0.0206273938123867 0.102115810146057 0.126259208138724
-0.193657991595934 -0.175470723528137 -0.047249875105978 0.103075302961108
-0.0136241292672218 -0.230718955416091 -0.206588420454094 0.0079944968775968
0.0221601062948029 -0.242219584346825 -0.0752724999571742 -0.182821083045503
0.0243676804395062 -0.428204831038798 -0.00427819203900639 -0.270907530925056
-0.092257988370467 -0.444834765087762 0.196521596652488 0.136860891307792
-0.27883051217104 -0.365224215970561 0.374682129245357 -0.264671047140039
-0.421628416920721 -0.195827914534331 0.0108101525918692 -0.395662310910967
-0.446747294255554 0.00311431081243936 -0.130673319254323 -0.128872791820253
-0.377302848457455 0.165497685430796 -0.00248159328855069 -0.0176877311981199
-0.264991239884079 0.269228284311722 0.134125434569984 -0.057345607660324
-0.216621464862103 0.260073893395426 0.172571466720596 -0.121856269045514
-0.183416558572099 0.255651745864427 0.182668995059702 -0.121899728741493
-0.258110670110636 0.204455584636033 0.226040401651345 -0.0640283618744349
-0.298662611054801 0.0997673396627809 0.245383715677179 0.0369313375127149
-0.360238921071683 -0.0172490948545288 0.105028497079604 0.147829731339734
-0.308097336636964 -0.198739705231979 -0.0476165071038779 0.122360913463023
-0.123582662489121 -0.340407224870071 -0.196545979887072 0.0464657752507773
-0.0277873643517029 -0.420222713478596 -0.0887231255784634 -0.0712731376723941
0.0225482414386384 -0.506613443419324 0.000943703375813983 -0.0964715114109028
-0.157185720229286 -0.486246938188003 0.249099510074411 0.214815384264923
-0.344621063527224 -0.317676105141869 0.359617611631899 -0.2771886627709
-0.404348322458241 -0.122614963486863 -0.0494422728722679 -0.405300110142326
-0.413243282963669 0.013150770363346 -0.235985828300231 -0.10822193557197
-0.384057977369304 0.161443062918175 -0.123379561312643 0.0495981028835696
-0.299112868734453 0.275345375483646 0.0226705833800009 0.0411354654938016
-0.263551971215842 0.272205941066057 0.0773804770285513 -0.00473602936787492
-0.24647150410555 0.282345199931923 0.103784919472798 -0.0134224878352168
-0.344398980888337 0.224404993881003 0.165245693984589 0.0151610510720602
-0.380633397682708 0.0955476273983261 0.204283792747045 0.0799582082381422
-0.425738769638926 -0.0268780292667506 0.0889056196722583 0.178179936636795
-0.394355457791433 -0.213977934422774 -0.0529238122347601 0.152770215023986
-0.220332288053476 -0.421537141108572 -0.177221458060149 0.0950567895191872
-0.0709537386818263 -0.550288269166169 -0.0825331237651307 0.0681247076404663
0.00855503450242608 -0.504150751328492 0.004609577343819 0.0722946324463679
-0.199039292074436 -0.424910885334279 0.290457473172976 0.239085925303888
-0.32957591913729 -0.200450920659885 0.296397837681841 -0.273668640615406
-0.287865340745609 -0.0419343871180245 -0.102035552831115 -0.35983831180635
-0.303472318917738 0.00583588053677133 -0.292149570225189 -0.0683964592667994
-0.327152131670414 0.125468500714555 -0.209890471814619 0.109589526261582
-0.287728559012214 0.237105886217817 -0.0817220941042042 0.130709801561757
-0.274453249857336 0.242974996193377 -0.0281393291027552 0.114366998449579
-0.278591474415943 0.262505623608539 0.00337433819951878 0.104415593081457
-0.383870417348269 0.195356457951192 0.0674930778325902 0.105772217854993
-0.3991934340062 0.0536601405407485 0.118391284676803 0.129983066592839
-0.414226722733479 -0.0516919383877942 0.0410576661352114 0.208597790037744
-0.410706834295055 -0.213787643449945 -0.0699969213589856 0.185705299437083
-0.270138819833606 -0.454690491435122 -0.155077831945052 0.144080683722862
-0.0860627869322251 -0.610375005640233 -0.0654458339328189 0.219674300783618
-0.0156411709312233 -0.429490050993161 0.00953380159885029 0.206809552997088
-0.214581755782739 -0.293412066502545 0.302778880819195 0.21249350735547
-0.250298344111637 -0.0650522415155569 0.207432695554069 -0.245348024406563
-0.132105608529003 0.0100537462181734 -0.123574165259542 -0.278451952500939
-0.170629282765752 -0.019548945810572 -0.29265485779382 -0.0329350438781916
-0.23990098740195 0.0708013681425767 -0.25512777101678 0.145842123762051
-0.240862261763915 0.166328779228596 -0.168503240081151 0.199295213949973
-0.245103118654394 0.177663150372988 -0.130149388261679 0.218521855123362
-0.26448980134848 0.193718261098775 -0.108929643295694 0.209377875855778
-0.347743480679799 0.120043134600759 -0.0548694978796698 0.178798775347736
-0.323851497056059 -0.00859808797191674 0.0022353091130435 0.160898123656351
-0.30545264164873 -0.0652426798108332 -0.028241364990132 0.22287148475283
-0.35226383802526 -0.174540356399065 -0.101783122713313 0.211821631709494
-0.262475649368796 -0.422132649813165 -0.145577757773594 0.179628347488443
-0.0708301882843736 -0.573696176042996 -0.048528673272836 0.358283621761699
-0.0360185814878699 -0.301859550631064 0.0166343462216078 0.292442644582429
-0.195866016890604 -0.142013190109593 0.288884442063497 0.160352807159693
-0.144158950742551 0.0411036164215263 0.130823822737738 -0.19826003763259
0.00393571114234047 0.0272244875997768 -0.110323254107959 -0.199717020243299
-0.0571828398246235 -0.0497614622987874 -0.265742721744583 -0.018603795516865
-0.146330158862458 0.0108786155368226 -0.270689887973626 0.155046761523133
-0.170644031689749 0.0758269046675131 -0.229382600985206 0.241340046082743
-0.177089557934086 0.0851340152588171 -0.213322866307354 0.291077130062934
-0.195901268548633 0.0898001258370248 -0.211619195193956 0.276489468669092
-0.228448935808318 0.0250460183768401 -0.171678849027387 0.210063477008485
-0.164404176169639 -0.0491241439629164 -0.103551878662274 0.155789054849898
-0.135784682157765 -0.0273197739708204 -0.0884635746677264 0.217378639537473
-0.24728820323362 -0.0853301748942848 -0.146106610244833 0.228049058417398
-0.210820392641735 -0.31195696947405 -0.156254729932752 0.182734059205115
-0.0384381284434974 -0.437177881723503 -0.0378733140018937 0.452844615974507
0.0459875350619575 0.162949152055606 -0.0592776198514413 -0.479555367871173
0.16316545313936 0.0895217273029735 0.124032125729641 -0.136006082774435
0.110316194954078 -0.0814152438821133 0.219689149813488 -0.23701363280744
-0.0559154057941789 -0.0814057160190981 0.0658278850242814 -0.228912766983714
-0.0426097339880352 0.0438012863912737 0.118632560389537 -0.12798342409998
0.0405504545160458 0.0342544955378569 0.235621639114756 -0.173392456263567
0.0690861120673928 0.0116282755008027 0.296452387142374 -0.273707958543375
0.0663059473033159 0.0215433399232136 0.266326778181916 -0.333741370559913
0.0700175690100766 0.0222617611587486 0.256375268331126 -0.285629848523189
0.049736825193776 0.0525590123784781 0.260002699732774 -0.17330051811679
-0.0193698826773103 0.0723457187804305 0.24462728601648 -0.0223128948687178
-0.106288731935707 -0.0179691736270698 0.119976645306537 0.122971122048757
0.012916588631663 -0.111519712677688 -0.0560539130857022 0.135610830799751
0.149144374163163 0.0188859232470003 -0.23413578593605 -0.043052697749176
0.0785561904740354 0.149337039633431 -0.014305433809239 -0.306544183181402
0.0211036240685406 -0.0633614322412722 -0.0428422556986248 -0.491114939105998
0.0728056737614279 -0.109639679184598 0.136857893223965 -0.0719863765124609
-0.0235276482650691 -0.213557010312135 0.283458765566741 -0.254150873827407
-0.216954368142589 -0.163960931212227 0.0613901022815207 -0.28100173518827
-0.234765908999492 0.0276094542145438 0.0776541423774397 -0.121124544374724
-0.139766027982471 0.104347496121992 0.21186834401309 -0.134568186425556
-0.0611472619512522 0.131636277743147 0.293570398009955 -0.237668647725621
-0.0374934510426655 0.129734001615302 0.274932934688317 -0.307634447384273
-0.0157509590721515 0.115554508770017 0.26060574699016 -0.268640740008497
-0.0489319961922234 0.107364774408683 0.265354046926607 -0.15823015285211
-0.1029932260558 0.0807713586695742 0.249122878134543 -0.010421006015133
-0.184863757543286 -0.0170443164724891 0.107632834919251 0.11800032063403
-0.0885670888824718 -0.146746844795328 -0.0486847322846255 0.109225220893352
0.0805892864245182 -0.115090737683575 -0.218992708843758 -0.0127284948236882
0.0610313921064167 -0.0496999299901712 -0.0518423206331625 -0.265022612314487
0.0135956486220477 -0.276950132459351 -0.0261612773776194 -0.418530887905095
-0.0188319463632201 -0.310005757515162 0.164554991185783 0.0262254653475597
-0.16686653349217 -0.322087413674384 0.344188750589018 -0.268384859618158
-0.353911305367764 -0.209455932964649 0.0397570954325823 -0.348145650636933
-0.384792624800467 0.0128246343750534 -0.0145653008330927 -0.127787500089152
-0.293131332800824 0.152864166396735 0.123995597623753 -0.0836724159265362
-0.180672303873252 0.22722359262071 0.233907490202209 -0.164977273171256
-0.135402348468517 0.217631021732185 0.2401738359914 -0.23750371445083
-0.101197262021848 0.201217222851181 0.234826867012577 -0.217719333847631
-0.153139262031318 0.165198052832814 0.258534049355631 -0.129576692457111
-0.198211103784123 0.0939194533585306 0.258365943815932 0.00223837652483357
-0.272718204548806 -0.0112930024799781 0.111374883448786 0.128444995764882
-0.201644416240999 -0.171546099082348 -0.0482053126374044 0.109036928400297
-0.0189062424326063 -0.238611299349626 -0.212457236881068 0.0166932170137628
0.0167564185257267 -0.248243582330923 -0.0799243565241838 -0.1873768959672
0.015134235521078 -0.438059482032852 -0.0120435372784111 -0.274245192987097
-0.103726425714454 -0.452861546809112 0.209706336258015 0.13359913168033
-0.29373442415642 -0.36284072333835 0.374506486125604 -0.284032920261999
-0.435681153066198 -0.188838180148344 -0.00451055736537732 -0.40110523272586
-0.455630863547057 0.0156699741789941 -0.134479160858904 -0.127863832962881
-0.381701835247338 0.180302046123285 -0.00120470314949998 -0.0195773645278246
-0.264204482915937 0.283573418663682 0.136315105683944 -0.0686971661006667
-0.213736153357 0.273584753278969 0.170756853489059 -0.1333611039122
-0.181236514549877 0.266674049941861 0.183059616145219 -0.132903944977248
-0.25802477292182 0.217890250945336 0.230847532156921 -0.0749830615671961
-0.303094106840468 0.11086496638226 0.25321299368694 0.027020648990072
-0.369063623088357 -0.00712639860550534 0.116069801526672 0.151262329288513
-0.317472344241338 -0.192337440889857 -0.0489322055128531 0.129501784640544
-0.134648875484636 -0.346661357099018 -0.202196617352017 0.055535919938967
-0.0394649328419302 -0.427209122186251 -0.0909234849094483 -0.0733966648281999
0.00848687639541255 -0.517369679157905 -0.00184807918619986 -0.0957362385840932
-0.172178985671994 -0.492743697312726 0.26522713941422 0.210868664493814
-0.35947862986687 -0.312394548999032 0.357691382363731 -0.294987883638458
-0.414524488013987 -0.115965976757672 -0.0672330555754833 -0.410958074135622
-0.42376855990011 0.023897373736564 -0.241841598703129 -0.103649823294641
-0.388850190477052 0.17582290624458 -0.122997554485251 0.0528994946238616
-0.298634173844414 0.292146226456944 0.0239329852151163 0.0361236969269169
-0.262312124134872 0.288126689046199 0.0770759135344728 -0.0103247454187311
-0.244469095643854 0.297050545321883 0.105462445405658 -0.0198286560019842
-0.346556203912924 0.24240656453677 0.171241180654866 0.00815176712012402
-0.388579863866668 0.108588070282723 0.212336761292058 0.0723353315000362
-0.437024581466543 -0.0158634086822743 0.100311922690836 0.183665687474845
-0.405521590065187 -0.207326879684498 -0.0537027776728737 0.161539897282513
-0.233490314714484 -0.426819884164874 -0.182389332149508 0.103467425786932
-0.0862317216405846 -0.559502291913184 -0.0810829548519202 0.0689569649460852
-0.00716634348468036 -0.512498101357703 0.00631269778836807 0.0763676621335954
-0.213897422052159 -0.426735057310167 0.305685476554696 0.235555617811875
-0.338460315674714 -0.191013964417434 0.291911547114541 -0.288209041794719
-0.293611042171458 -0.0365302548658371 -0.119688015304447 -0.36286521815976
-0.311892205865304 0.0137871863026337 -0.298744602027635 -0.0623897349131795
-0.331604116812105 0.139671917727158 -0.210166188120911 0.116814359418231
-0.287352248829348 0.255609930526935 -0.0812839096100738 0.131410512725411
-0.275371085079641 0.259739131656661 -0.0279156217283244 0.115500966417152
-0.277934214289194 0.27821373185455 0.00651300847867703 0.104446460303376
-0.388499514315975 0.215455044434365 0.073599633772739 0.104453860186634
-0.409432670558062 0.0663782260140105 0.124331036637647 0.127083051404682
-0.426447732702793 -0.0433569405329803 0.0515172323082293 0.215986786358077
-0.423231570550405 -0.206779452509299 -0.0702609878790639 0.195443306471807
-0.28496029192186 -0.459259819765946 -0.159668825196961 0.152967965155068
-0.104051496803819 -0.619081252898124 -0.0598495046275069 0.223800136830909
-0.0327515425729029 -0.436215024741494 0.0156918844782391 0.213053652452
-0.225287246238824 -0.2900000901487 0.316402719834654 0.207771610160246
-0.253759338072454 -0.0547263611583866 0.20089656106461 -0.257582111641305
-0.134089623637154 0.0114439920176354 -0.138337972955415 -0.280696625208559
-0.177662012593665 -0.0162445601099751 -0.300385874280728 -0.0254112938605414
-0.244344086554721 0.0819867871558179 -0.255138074083473 0.15629629773695
-0.241827663508601 0.182194199689201 -0.167529254784806 0.205796923910809
-0.24730269201142 0.192387289036018 -0.129091613701116 0.225875046925866
-0.266042914336727 0.20798512409841 -0.105004622042196 0.216159213829922
-0.354298802918699 0.138051627753608 -0.0501979698097439 0.184127787518548
-0.334525365395217 0.000396552697320863 0.0054170309458433 0.163326969432529
-0.315582251080341 -0.0613463079625964 -0.0193061951269262 0.232285638578465
-0.361997086641639 -0.168827991629867 -0.10055896111787 0.222034180912361
-0.277518427738023 -0.422459533063746 -0.149286895218509 0.188593091831398
-0.0887733675968863 -0.583292682996962 -0.039541399133711 0.366086068837241
-0.0499229819353291 -0.304938394487991 0.0261847036274325 0.301434666782967
-0.201606188526906 -0.135796002391188 0.299913947948254 0.155807442960227
-0.141952057105793 0.0495717248889487 0.124128879010065 -0.207502885992307
0.00507006647973762 0.0249568329630554 -0.1226353105031 -0.201321849591561
-0.0625597149916591 -0.0495720378447937 -0.272824694065231 -0.0104750230012693
-0.15057781030631 0.0186272189866031 -0.272427986698919 0.166687943383966
-0.172640556660367 0.0875797209981138 -0.229164973826439 0.253080463167055
-0.180284329312165 0.0961084981174669 -0.210266125692551 0.303925608375883
-0.198559362430678 0.0997380634430868 -0.208499273554111 0.289149906410702
-0.235273323272089 0.0355608823656205 -0.169528132858445 0.220055685872621
-0.172984601408831 -0.0464844273820795 -0.103919222836912 0.162368204513679
-0.139569659134511 -0.0285741123635836 -0.0820799181938891 0.226690143005832
-0.252642278652561 -0.0797192472612328 -0.144174293753257 0.238189034306006
-0.222392988784793 -0.311113646358855 -0.161027702638309 0.191932189548729
-0.0537631967801195 -0.444781214263249 -0.0274314261612706 0.462887034974499
0.0571029762503953 0.159008750905743 -0.0833631252517812 -0.480027096787755
0.170942150096351 0.0788954079031031 0.122366320795637 -0.148334320763858
0.1041783513846 -0.0877229292730554 0.208097132688449 -0.253269775918186
-0.0629015988897609 -0.0753927048801441 0.0508571149948514 -0.231616845990186
-0.036879779425119 0.0475723399581552 0.111400436501188 -0.133170138041903
0.0438131274927253 0.0302177196310183 0.229630593371095 -0.188096602015055
0.0706644943745749 0.00521557243529985 0.284220394699473 -0.295914095682846
0.0695748875902472 0.0161487459366783 0.249848652244539 -0.352369605781879
0.0722310720623886 0.0171242187509447 0.242830543454561 -0.304547084571258
0.0543234621976627 0.0478006465630117 0.252249799323224 -0.190897629692015
-0.0133644228754908 0.0730989110280281 0.246680887049308 -0.0371261951832359
-0.107934665663656 -0.00945579755477272 0.129680629404776 0.118264836204356
0.00628209324353994 -0.112058254863858 -0.0492607547116034 0.141307023324949
0.151127581152678 0.00647580380720931 -0.236822976721243 -0.027276965182447
0.0879202755636657 0.143580322345183 -0.031396479284707 -0.312344571906812
0.0198253751257755 -0.0665080421768101 -0.0688072809193838 -0.4928066405576
0.0707786044583637 -0.117741152686361 0.139885517809689 -0.0832916027416443
-0.0364122741375789 -0.214542794159876 0.271688542144263 -0.272978826681343
-0.229296214888161 -0.151877094622008 0.0436347501625329 -0.282565498993269
-0.232448848690678 0.0421344293073679 0.072547131257708 -0.124954859299551
-0.134814342815892 0.111030805625207 0.207995070676074 -0.148784762571228
-0.0548261758429562 0.134914999225415 0.283099995189985 -0.260593173336477
-0.029326304633762 0.131595124273974 0.259172020885646 -0.327925883949011
-0.0100139347271341 0.116918072294927 0.247414990049427 -0.28786876296596
-0.042911746073594 0.110289779159418 0.259763430467154 -0.176100022644108
-0.0970191889955763 0.0854865801507992 0.251695126148338 -0.0263666014864372
-0.186476698003261 -0.0048476392263688 0.11796638443043 0.11439063603682
-0.0965536352259696 -0.141115717034929 -0.0447737777946882 0.115505514333194
0.074723671463656 -0.124163345523858 -0.220064695631116 0.00192759422818443
0.0593534136471401 -0.05419816546573 -0.0657010686253576 -0.268856951237726
8.60715549820153E-05 -0.281173882363234 -0.0491538483664917 -0.418968101567241
-0.0320425142901537 -0.314615979280016 0.172554397720122 0.0145611965977077
-0.184262762874997 -0.316078161047301 0.331386012311489 -0.29109827407105
-0.369384681498501 -0.191765531252527 0.017775608100037 -0.348319210291259
-0.386346978920414 0.0329133624391366 -0.0191589152368268 -0.127908738873376
-0.287855641140555 0.169505392326415 0.122404994712819 -0.0930222666137376
-0.170268727958324 0.239149628237484 0.226582652033572 -0.185427042566177
-0.124419023925962 0.226872601375133 0.228130659773455 -0.255252593652944
-0.0920770600106894 0.207911819299569 0.224384928857006 -0.235265602710731
-0.144844533429797 0.175701833844975 0.254799489023346 -0.14665739484127
-0.194356929753932 0.104616667121404 0.262651901236379 -0.0141032109959622
-0.274799158216158 0.00543497922823796 0.123132852205501 0.125721697128311
-0.210191154183831 -0.160145536693137 -0.0455125376991504 0.11619777362413
-0.0316856143028147 -0.242435616821355 -0.213513780991395 0.0312240277950457
0.00392892896499284 -0.251516431795706 -0.0892299471007982 -0.187961673232531
-0.0102001203460841 -0.443488180855327 -0.0269955233796349 -0.274103592107803
-0.124794025660402 -0.453391018763948 0.224476090679041 0.121191590213082
-0.313461192119887 -0.34909500921621 0.361465239626459 -0.308859342692732
-0.448711304093627 -0.167813252810143 -0.0306912642346981 -0.400491104390186
-0.458518059006639 0.0407150475341485 -0.140537338961018 -0.121663734143564
-0.37727764916202 0.202576479935786 -0.000291270563329858 -0.0216099036188607
-0.251547624165127 0.302232116620326 0.133626457390871 -0.0825346660368802
-0.200673810916631 0.289051957809074 0.163178741081732 -0.146151246950378
-0.168667666594814 0.278339196343719 0.176231200955065 -0.147014295774167
-0.248527998527803 0.23594514975871 0.229614741603563 -0.0913463004223563
-0.299839210539027 0.127342151033669 0.258169086543771 0.0107393673885791
-0.372810042001978 0.0139092056301758 0.130129513457806 0.148906817064348
-0.328691234305874 -0.175928620212158 -0.0460929343635047 0.138306100694052
-0.152872718216811 -0.344942884888728 -0.202531750292062 0.0690819145096308
-0.0621631567828726 -0.427509968483487 -0.0936753930737808 -0.0720769147438023
-0.0192606252132866 -0.522118773339512 -0.00724546667652165 -0.0943362730252653
-0.195193630620529 -0.487759593703879 0.283561943230616 0.197514830095397
-0.374213443686433 -0.29309546670362 0.343227130487687 -0.318332406512896
-0.422217527963802 -0.0967750880041172 -0.0940313961892974 -0.407241929558566
-0.426846041457203 0.046086695889333 -0.247780958571657 -0.0920774509208136
-0.383974977922704 0.199835880067894 -0.119621948325373 0.058444454838153
-0.285859661163127 0.313751476587933 0.0255286580114586 0.029744210784612
-0.250039374196635 0.306689400570501 0.0747665015274587 -0.0164368489709574
-0.231081281889769 0.312697950107815 0.10384389654481 -0.0281726131686494
-0.337059584050125 0.26668985995434 0.174133848243765 -0.00406970402602515
-0.388391187263926 0.129392857051882 0.218255445731925 0.0588717158072364
-0.443270581750297 0.00749772164969286 0.116375399426414 0.182615640227541
-0.418541397546563 -0.187641897072055 -0.048933208468826 0.170626779457296
-0.258699705167429 -0.419835028698884 -0.181331610147302 0.116169786626972
-0.11634263349419 -0.55794683814261 -0.0769016802857552 0.0710166577629878
-0.0361302812361258 -0.513493110739963 0.0102911042177481 0.0792894414522171
-0.235603623648309 -0.415941223293996 0.324932151767969 0.220585220199025
-0.346832216184201 -0.170266795408295 0.275747682853221 -0.308058904329803
-0.296709309449435 -0.0234549744025571 -0.144794615428637 -0.356780395345358
-0.315869893225202 0.0295344453441091 -0.303831501544799 -0.0467801050310901
-0.328305923162671 0.161280406459504 -0.204633446995623 0.128359723948123
-0.276896915212921 0.27729687626245 -0.0758547528880954 0.133446223916884
-0.264327295811059 0.280118453522941 -0.0243112109426522 0.116533640152457
-0.26651425823067 0.296949866857612 0.0116233290958719 0.103444140866846
-0.381266821252834 0.24297109813292 0.0819007426261983 0.0991150091406615
-0.411701812075219 0.0890054093662867 0.131482448232339 0.119202567567546
-0.434029901809907 -0.0236182415124258 0.0684920957731935 0.218513461778124
-0.435305012220977 -0.18588670509338 -0.0637258486580482 0.204838410713844
-0.311021789388111 -0.447641935609507 -0.157058883846832 0.164126969510597
-0.137447985791695 -0.616637388948741 -0.0470653239130014 0.226147993232133
-0.0591284772340517 -0.433573194607211 0.0269033708390591 0.216717681584925
-0.238874130252332 -0.278674435009623 0.332332161573627 0.191582996372053
-0.25361043208219 -0.0380769676682906 0.185504680072812 -0.270568357726612
-0.133178764438662 0.0166467788932365 -0.159078162706645 -0.273412016160121
-0.182081429252626 -0.00778974804457435 -0.303476242400574 -0.00950538559681798
-0.243170843037111 0.0987250147784576 -0.248137734435566 0.171690203631816
-0.234503065149498 0.202564462530256 -0.159294869844862 0.215154048865117
-0.23962530201527 0.212224527008606 -0.119919542691458 0.235215941356576
-0.2580133549312 0.22633720944616 -0.093856224530079 0.223103223744684
-0.351744041109223 0.162828901355113 -0.0395086123245224 0.186830677796298
-0.341158836744166 0.0185292594467192 0.0129355300793699 0.163229683724652
-0.322683716323397 -0.0491295123533207 -0.00284929688434012 0.238057582068105
-0.371642835593515 -0.151258443707708 -0.0925721705604795 0.23184039379222
-0.300307944304137 -0.411973711386316 -0.146123514344081 0.200075712660875
-0.122167622974907 -0.581084232349794 -0.0186173816482121 0.367993594378499
-0.069758808541557 -0.301065169936491 0.0431967573334222 0.304841448702646
-0.207891241589054 -0.123183966731925 0.311327778413373 0.140620869092009
-0.135797580089033 0.0599838085212991 0.110917920866252 -0.214863337339531
0.00634625402134657 0.0219628300148489 -0.137761991755936 -0.195797041722803
-0.0688913448312403 -0.0476240873850963 -0.276547029294809 0.00482249048236539
-0.150731457531901 0.0300385147267486 -0.264762170554507 0.183818484208783
-0.169358992259339 0.102997569156832 -0.218275517907402 0.268348745526382
-0.177493624656095 0.110863684336567 -0.196788047735193 0.318880628603347
-0.196254709426995 0.114137797813641 -0.194033663070419 0.304583922437067
-0.237358583311309 0.0526666620499908 -0.158357927445617 0.232020564395267
-0.180024775020848 -0.0382610008546393 -0.0980236373012831 0.168799273000717
-0.142914038476683 -0.0253155374611062 -0.0672859533972638 0.234768092658432
-0.256914957105108 -0.0664507881610586 -0.133578513912255 0.249641829144025
-0.239219345120204 -0.301854931333375 -0.158627985261543 0.204775172512403
-0.0804092493195389 -0.444489187267688 -0.00346392060395125 0.466888569765968
0.0662138028670867 0.150472826517153 -0.10766543843138 -0.463570903175802
0.173402749859665 0.0648467448132014 0.11528031522126 -0.155791701190943
0.0947748692693315 -0.0913852738833052 0.18898659597343 -0.261584012071276
-0.0670041660292764 -0.0668844101147254 0.0349651899842965 -0.226360235978086
-0.0292675498137814 0.0497120152612616 0.100818227401001 -0.133859780709261
0.0456601842594944 0.0253988467986446 0.215665707367814 -0.197730941033866
0.069357208296148 -0.00155566868562373 0.262287828616865 -0.310092583812043
0.0705586725038398 0.00932377955500633 0.224336618496132 -0.36133498822186
0.0714858404586042 0.0113192531269927 0.219776851076431 -0.313663825288598
0.0565165893265634 0.0420864697502888 0.235797503798596 -0.202780022189234
-0.00601909494295671 0.0715701961010173 0.239998482049742 -0.0516694539728132
-0.105623785346807 -0.00080547602791076 0.135982637861961 0.108699431572059
-0.00107982669051169 -0.109430350585797 -0.0398315625959689 0.142939981931006
0.146602586268665 -0.00635600391441383 -0.230541026343386 -0.00996836730665946
0.0943300435636806 0.133205467779278 -0.0491611726835816 -0.307830083436355
0.017324584745459 -0.0680458252512578 -0.0938868869912192 -0.476633519512156
0.0654947122050375 -0.123706469295017 0.136788359246796 -0.0928429073535383
-0.0480280774873647 -0.207980566703308 0.250943276794601 -0.285531821693732
-0.23335126713948 -0.134049998714711 0.0234996979869143 -0.274207188742153
-0.222013667345699 0.0539028075422759 0.0652922856896522 -0.125881551352075
-0.12487189079226 0.11525394013332 0.197031851701483 -0.158774872785679
-0.0469801896574453 0.133292056729026 0.262944024657759 -0.276500102157908
-0.0203493706266928 0.128750651356168 0.234003596623818 -0.33819559462772
-0.00352656267662206 0.114225633817946 0.224772541371887 -0.29814906528129
-0.034824940942678 0.108824684681203 0.244160351687009 -0.190053648483715
-0.0893961205015655 0.0880896723588963 0.246485291801425 -0.0419941295665131
-0.181887276701579 0.00863793527335516 0.125373672663744 0.106600466126932
-0.101649191911549 -0.131677083589174 -0.0383576101440633 0.118490253330548
0.0652649962080931 -0.128892136702813 -0.214223975721846 0.0172073793968127
0.0556482358733763 -0.0581275718394708 -0.0794319740273671 -0.263263044041809
-0.0142420876851144 -0.276150679711635 -0.0709356197089879 -0.405442693764801
-0.0456771874052673 -0.309668813629981 0.175941756076639 0.0023635233660573
-0.197223822402386 -0.298859022002189 0.307229161637027 -0.305468563001978
-0.373142305927397 -0.167157444838163 -0.00522248766890811 -0.337572010656797
-0.376289776636001 0.0540302508450574 -0.0249505400234738 -0.123722672589051
-0.272949686000786 0.181431388360473 0.116398809176538 -0.0996413312521219
-0.153713129502227 0.243396268779678 0.211244341747222 -0.19971622112497
-0.108527469650464 0.228890493995536 0.206768019038055 -0.265997867420507
-0.0780756563413429 0.208533786121023 0.205176670967227 -0.246151573324757
-0.131683695132185 0.17963627659404 0.241899927532224 -0.161112844062542
-0.183710711253576 0.112489333943995 0.257106022902401 -0.0319952456267976
-0.268118533306682 0.0220471701944633 0.132445683097912 0.117581719015344
-0.213627603672427 -0.143747602156508 -0.0393476048107322 0.12055082422773
-0.044040253676118 -0.237702408802574 -0.207128660208337 0.0453005859047025
-0.00918206605066993 -0.245396456518137 -0.0973979832754999 -0.182628069673734
-0.0327608832522161 -0.432352014424687 -0.0415591452527131 -0.264298864526838
-0.145302648704133 -0.439273586969766 0.232131857534597 0.103821343832802
-0.323022975826721 -0.323143795106525 0.336793069540095 -0.325499602979218
-0.447838946035443 -0.141521514123903 -0.0560281006794048 -0.386929958652547
-0.445817549331066 0.0650281635855234 -0.142864088742175 -0.112336055995888
-0.358955256020953 0.220026063211577 0.000577067573303141 -0.0229422625747815
-0.228951688191481 0.311174562210197 0.124853684651883 -0.0937413286648522
-0.180494580289717 0.29643475425364 0.150077994794208 -0.155160880249437
-0.149442301396226 0.282460945609737 0.163306818974888 -0.156664749639301
-0.230094448121224 0.246384064367783 0.221078112338079 -0.105038212700922
-0.28818001695157 0.141259477726908 0.25409164655878 -0.00776679833849476
-0.363932470675889 0.0360122906480083 0.141108056618828 0.139986597370551
-0.329084150047828 -0.153526958586612 -0.0389405746244343 0.142991696310105
-0.167452396975481 -0.330266912708681 -0.196103693628836 0.0808156021951754
-0.0836164979357293 -0.413592715933188 -0.0948276564547442 -0.0696370707294147
-0.0483474305253153 -0.508572275991891 -0.0131708578100175 -0.0892516367672091
-0.216756248191415 -0.466950684121894 0.294085434586763 0.176552100691714
-0.379472117422924 -0.262663840454849 0.31721183334303 -0.332923920675065
-0.417180119609064 -0.0725367667845847 -0.11872289181209 -0.390829621356858
-0.415185557930873 0.0679709712859601 -0.246033125839409 -0.0766499968295953
-0.366569281961944 0.219921904422886 -0.112494600720953 0.0621781963247231
-0.261783071532804 0.326401433647017 0.0255504654635103 0.022880764218848
-0.227410745840479 0.318100891186279 0.0700049194509386 -0.0220186625103163
-0.209409698880801 0.320666804225618 0.099525818555791 -0.0350129043572309
-0.315336967729855 0.283036839141057 0.172223932450868 -0.0169176825938726
-0.375340290686806 0.149872874208286 0.217732423757858 0.0420181044781025
-0.434559810261363 0.0320511661568947 0.129742626022446 0.174951728258413
-0.417067129260261 -0.160216932043804 -0.0411080638118008 0.175618711484828
-0.273379247351738 -0.398427778383487 -0.174358080095814 0.126115755709871
-0.144003870158797 -0.536549119023969 -0.0700955128913365 0.0693146062285337
-0.0669826107927774 -0.499581029931354 0.0142043158555404 0.0785381368462101
-0.250663628257234 -0.393973188501739 0.3342685183684 0.196456152790423
-0.343851089789685 -0.143405882877864 0.251826018153617 -0.317839323600806
-0.290361069609396 -0.00895478955525259 -0.165447722330211 -0.338661787993687
-0.309415812412764 0.0451933111979608 -0.299461425242153 -0.0297218687732144
-0.314321433671395 0.178839992628089 -0.192131872433802 0.135914388433539
-0.254835696585842 0.290777388124652 -0.0680824551421168 0.131198925255012
-0.243776885427866 0.293091183403155 -0.0190532260318641 0.114733737154004
-0.244855628698105 0.30748424912951 0.0158214570902428 0.0990245527188109
-0.359919397022845 0.26301030876306 0.086713416658364 0.0894761995138265
-0.402052194290931 0.11125870934646 0.135433563779211 0.108042867047346
-0.428736443683922 -0.000386532418146519 0.0852520267257966 0.213086574288321
-0.433781435863613 -0.159040632303044 -0.0533267290696787 0.209382697437676
-0.327287138460166 -0.422678578087616 -0.149548589379421 0.172228690905088
-0.170361579146274 -0.594448038238125 -0.0330903317403651 0.220320368602616
-0.0846752227391584 -0.418854819415343 0.0385196853051422 0.212060676091683
-0.247543534666864 -0.255615893591469 0.338805918019816 0.168341662731379
-0.245499373842523 -0.0194737355589289 0.163725136287083 -0.274790424193196
-0.128553735384667 0.0208602649053021 -0.174831533104446 -0.256307272595056
-0.181711672368388 0.00186191786498508 -0.297927998699065 0.00815085640342444
-0.232675094804927 0.113480027632612 -0.232094607276833 0.181560736503081
-0.217265461027837 0.216593674201996 -0.145473829928668 0.218227149476923
-0.223990968989822 0.226021428166619 -0.105844459789315 0.23758495252951
-0.24070301932905 0.239017915345796 -0.0800932892443498 0.222880716749265
-0.335443521380142 0.183253398616751 -0.0271357807698276 0.184053731963631
-0.336382906249944 0.0372277141331154 0.0203837053473677 0.158618501765235
-0.321534350917271 -0.0329764239862793 0.0149632600547681 0.234537263742664
-0.367643260961291 -0.128583823569851 -0.0799333171556035 0.235951083704305
-0.314497240048574 -0.387554653607834 -0.137767112346541 0.20675865916012
-0.152225656234751 -0.559446738293198 0.00208021503831575 0.357978472963587
-0.0879876324572989 -0.287583442023117 0.0602652699835935 0.296828215575623
-0.207916543725765 -0.106275926682024 0.313885282213391 0.11858887091037
-0.124853823138966 0.0681865433385875 0.0933389712658723 -0.2163303823253
0.00726774054782836 0.0185060311174443 -0.149414826504509 -0.181992937201255
-0.0728092034465681 -0.0431975971398788 -0.270572428201295 0.0218020632026429
-0.146287327626543 0.041381119017907 -0.249060217255552 0.195854806488483
-0.158751889208927 0.116626740811853 -0.199975830243571 0.275052998530229
-0.168511061624465 0.123281195040934 -0.175934683100577 0.324916368698712
-0.186580967453258 0.125484557503417 -0.171628638886254 0.309791310104208
-0.230528303796112 0.0691422668118126 -0.141737509653157 0.235998160904838
-0.181781083149962 -0.0280192396268967 -0.0886133478843093 0.171858213295387
-0.142522278829868 -0.0209017266913665 -0.0490542746842685 0.233762675696504
-0.252168191305246 -0.0500882328871275 -0.117238720235345 0.253821004572879
-0.248818038816596 -0.28133975558192 -0.149081155930141 0.213064999986174
-0.105766714214417 -0.42911198878828 0.0229601947479076 0.454154300693554
0.0689355051909582 0.139727436176018 -0.118137282993007 -0.439070534571743
0.169486687011892 0.0529011153084524 0.108974119655061 -0.157805706662888
0.0851478803524235 -0.0905096349416734 0.172486472031422 -0.259656150875262
-0.0667901886521255 -0.0577235555990051 0.0236277514875928 -0.215259986105911
-0.022758731590721 0.048609642714337 0.0917425185357072 -0.128373376596661
0.0451856789750756 0.0206463646410248 0.200722721715797 -0.197597834388325
0.0660427418932007 -0.00652354880920921 0.239856737806641 -0.31081701943558
0.0695125261640416 0.00347315049813963 0.201905252562994 -0.356569561906753
0.0688806813867763 0.00755073821408577 0.198802758273992 -0.309459701150047
0.0557461003884436 0.0362474477720449 0.218685875270579 -0.20359949298588
-0.00132580224979765 0.0672438645519878 0.228815500029917 -0.0598825287320292
-0.10092436670478 0.00545258556142379 0.136603486168574 0.0994174621053229
-0.00630594279836192 -0.104294409535891 -0.0324500760135604 0.140940516922726
0.139032075114527 -0.014622819463268 -0.219634734620975 0.000851709567978338
0.0949470726548317 0.122370155374656 -0.0591462849222289 -0.296966954808706
0.0153977162225127 -0.0675716145470034 -0.105628981608487 -0.452342116073792
0.0605738967965989 -0.124677164393611 0.132853037767052 -0.0974210253179986
-0.0538043452076293 -0.197904823466952 0.230606330598922 -0.284354048017044
-0.229362281884507 -0.118407760686758 0.0113108195835996 -0.259243710963066
-0.208350557211737 0.0593005518966992 0.0586595002373673 -0.120207049475947
-0.116497086796358 0.113736658224095 0.18505100273026 -0.160887394330764
-0.0406819594691039 0.128070159646805 0.241881869734169 -0.27931571293038
-0.0136927749027566 0.123030404417973 0.212371701196524 -0.335395723474969
8.74114015764777E-05 0.108462023249654 0.203077948376357 -0.29510583689304
-0.0295476202173453 0.104697212556421 0.227834438413259 -0.192584568421132
-0.0816407313279068 0.0861765688082127 0.235710830762392 -0.0510045754576974
-0.173478029478525 0.0165913715809943 0.127426911285781 0.0984716404764328
-0.10174611138928 -0.121925652247893 -0.0323922598212997 0.118911560807016
0.0570408659466155 -0.128852416445107 -0.20381604636755 0.0266118050470429
0.052231698622657 -0.0583708622776071 -0.0863319110859884 -0.252522926029857
-0.0221671157180942 -0.264970764478204 -0.0812521182453789 -0.383879108309816
-0.0510500417947965 -0.300202704830606 0.174187230325366 -0.00682729138295457
-0.198146703285738 -0.279385386225584 0.283569092775921 -0.306494858592262
-0.364466432710308 -0.147497042153987 -0.0184253715934945 -0.31946098018386
-0.356867764170916 0.0634011933926405 -0.0257533044206376 -0.116906691425952
-0.256368584872035 0.183431647601741 0.110355079637792 -0.102111124863475
-0.13958454452516 0.238352362705815 0.195262772062921 -0.203571881868209
-0.0951075708793594 0.222911665539348 0.188542736674977 -0.26426098998284
-0.0684767845608112 0.201835276615798 0.186533063693035 -0.244643292171124
-0.119707583125688 0.176726954111748 0.226632428589423 -0.165489755067926
-0.1726670242735 0.113255225154808 0.246268715426669 -0.0417454148064381
-0.256416246606782 0.0316211610508329 0.135117921459358 0.109223789216328
-0.207804942844013 -0.129823664145259 -0.034423394892589 0.121420127582816
-0.0503663313880833 -0.228519286989264 -0.196560272102482 0.0526276965950616
-0.015157950962282 -0.23440763752343 -0.099823724333736 -0.175579052222823
-0.0456208050072707 -0.412697277218227 -0.0485110153107287 -0.249784244020947
-0.150688585298913 -0.41919491098834 0.23179837345505 0.0893402756810411
-0.317688624121363 -0.298139839329788 0.311634996405378 -0.32604484832453
-0.43459592169628 -0.121925437467088 -0.0691830532124173 -0.365091065507955
-0.427666407946037 0.0760067719009929 -0.138918643685627 -0.1032798110332
-0.337478637648231 0.224370279556473 0.000780115581711298 -0.0244458204011518
-0.209134124810676 0.307014659692077 0.115282820135788 -0.0988628890505027
-0.162601252540063 0.290652465187917 0.136926454740802 -0.156243295626273
-0.135031380884338 0.275099167648281 0.149501302007715 -0.156226824968392
-0.212325630429931 0.246142732255557 0.209290077147375 -0.111792475282193
-0.273140307266635 0.1452455360958 0.244242617175263 -0.018228403638407
-0.349396254424284 0.0479732145754494 0.145859685952374 0.130686444538727
-0.318077344230923 -0.135634161245844 -0.0337223021611502 0.143938576226591
-0.171483617445346 -0.312731791921111 -0.186559747605003 0.0867490295331895
-0.0924062815130488 -0.39170046010892 -0.0934380451807018 -0.0674313367145049
-0.0642720608237839 -0.482833007806921 -0.0156717841056697 -0.0827998168375768
-0.220930610451633 -0.442871602264379 0.29283738078802 0.15717492022677
-0.36795970314994 -0.237988138837648 0.292134531887892 -0.332564164426552
-0.402382165067278 -0.0576793276680448 -0.129493801681271 -0.366111480943358
-0.398720426411235 0.0776616765696863 -0.237930893731335 -0.0663370673866192
-0.345569624146601 0.224205017822962 -0.104591150628247 0.061368218128153
-0.239655320912155 0.324545737058095 0.0238473953149603 0.0169879492591174
-0.207612256280178 0.31570310615818 0.0653295580828217 -0.0251521343906465
-0.19090370925059 0.314874863450168 0.092780207356226 -0.0383683198676546
-0.292528751123926 0.284165266010582 0.165119123889606 -0.0252441359118562
-0.356861820014464 0.156206040143708 0.21024541650483 0.031367595146618
-0.416829401502777 0.0446927120718018 0.135896830743602 0.16435543734237
-0.403865779082564 -0.140753207314532 -0.0347689567627439 0.176126368333238
-0.273156428004033 -0.374643110585712 -0.166340314009234 0.129516171857194
-0.155232864219083 -0.507032674151329 -0.0648714916997883 0.0643575253303982
-0.0816618813438451 -0.472343675236782 0.0154475918001819 0.0770230454342657
-0.250570838619165 -0.36848055673138 0.331534469156392 0.175261602901321
-0.329108971574646 -0.124503261313435 0.228749681400283 -0.314536068092443
-0.276791985475202 -0.00110288512582036 -0.173259600042016 -0.315580235995541
-0.297474860215483 0.0529686481500717 -0.287434133752552 -0.018883684860491
-0.29603644934879 0.184405284261305 -0.17817907943027 0.135358283830503
-0.233282687257333 0.291849384156351 -0.062757028219456 0.125205381029648
-0.224717075576739 0.293401262239298 -0.015420773644483 0.110696734720559
-0.225601158446792 0.304968229067931 0.0175093822830004 0.0938180288134547
-0.336478668381191 0.26876698582494 0.0870708524787656 0.0805798239715864
-0.384328542660941 0.120249261120995 0.133047252795676 0.0977116073234939
-0.413574318961217 0.0124159236888529 0.0940389902498675 0.202309209996802
-0.418007048370929 -0.13928842700203 -0.0458781907737237 0.208394642106779
-0.325085948277876 -0.3954640428947 -0.141833700224578 0.173324582208086
-0.180596952947009 -0.561662327050153 -0.0244214841281243 0.207527462879656
-0.0970877220782343 -0.392738034142723 0.0441825724490684 0.203410703172288
-0.243939770735347 -0.235517107119909 0.332953574278186 0.148529292910784
-0.229643431181563 -0.00875861070204618 0.145736316464426 -0.269764673896966
-0.121753351115241 0.0217279332856889 -0.179351518832573 -0.236960902017326
-0.177011902079417 0.0072624716594376 -0.284999260405211 0.0178297393204734
-0.219814262946691 0.119986271642574 -0.215594929099181 0.180669533374298
-0.199109198778089 0.21915450275232 -0.133186488605094 0.213445129733249
-0.207689981995236 0.229407064163731 -0.0934587361751615 0.232441321270092
-0.224001534795335 0.239402422984488 -0.0701620461491855 0.216780682679745
-0.315996654796821 0.190586273372933 -0.0193573388323006 0.176082692789892
-0.32460218681371 0.0476084881246953 0.0241567705863451 0.152042847181391
-0.311623417959834 -0.0239615662001856 0.027497032530552 0.225793076619225
-0.353997247932681 -0.111897199123196 -0.0704104684629189 0.232720540768189
-0.312321546794113 -0.361491996438528 -0.129718309930685 0.206114769220791
-0.165814114262052 -0.528290385116749 0.013735511371183 0.340063629719288
-0.0966488936852894 -0.269388563864665 0.068297250659258 0.283835085687072
-0.201302391090569 -0.0935867325241424 0.306776830953851 0.101081936651019
-0.112070781888757 0.070292373327525 0.0798037597981539 -0.210312132082442
0.00758987495489827 0.0143758121250331 -0.152388601935451 -0.168285436763346
-0.0748687958717236 -0.0388317515959982 -0.258991774682593 0.0309130441545057
-0.1393228286164 0.0481813579104634 -0.230643520549374 0.196567877240621
-0.146838262316663 0.121898096548944 -0.182746764998995 0.272801949950196
-0.157750267228454 0.128980068233381 -0.157335279987651 0.320272820963276
-0.176074537718075 0.129346089457765 -0.153398108993288 0.303564695467769
-0.219650564472866 0.0778500499903929 -0.127956994793725 0.231639044076218
-0.178676538268564 -0.0204559305132615 -0.0802551879301193 0.168602561829917
-0.138592885021906 -0.0192539659770771 -0.0360024058983462 0.226386485123488
-0.241001700506635 -0.0390332148239726 -0.104060420936158 0.249106534952122
-0.246784237467366 -0.26082014618846 -0.140777104941788 0.213010824333688
-0.11710586272854 -0.405638293090503 0.0367216703014486 0.432594273767848
0.0544874199840929 0.14332502665887 -0.0824442022266341 -0.427572705540385
0.15906441778319 0.0580967469191485 0.11610238625525 -0.15429080663441
0.0826986128018375 -0.0834499188107337 0.172729230114905 -0.24457036839821
-0.0627828415861041 -0.0542378895304323 0.0264469893044008 -0.199654269651731
-0.0234472327151733 0.0456707529612237 0.0939574418284765 -0.112634268222474
0.041451167517199 0.0192437530089878 0.201197048790092 -0.180308311248836
0.0653961511358181 -0.00758143544591769 0.240711543157041 -0.293417319644135
0.0699727565390995 0.00346985571580571 0.205176548597646 -0.337652207453303
0.0690779802385144 0.00555527896181107 0.200520657484905 -0.292011952484698
0.0547335234506916 0.0336533824605263 0.215540748399661 -0.189212117103506
-0.000728030428084999 0.0636960189819236 0.219697448292112 -0.049398685234286
-0.0940220903886231 0.0045823991765857 0.125200196422409 0.0981890593977017
-0.0039526359950081 -0.0991990475235493 -0.0332719212218027 0.133101995419975
0.13035825128688 -0.0129205336482793 -0.206135228242199 -0.00295504483395524
0.0869052547222172 0.11598970129411 -0.0445079921997966 -0.285690240987891
0.0162830024538332 -0.0620844946013342 -0.0789953790793729 -0.439857968203063
0.0662038281605909 -0.12176830870164 0.133077109118762 -0.0917702530459661
-0.0442270203664478 -0.197468640580182 0.225291027706483 -0.259141688473674
-0.21508735891529 -0.122553701748985 0.0109084911546162 -0.238947595883932
-0.202413685383094 0.0447986545127776 0.0587005654824174 -0.100430356910067
-0.119385209763583 0.101908013149601 0.184966838694103 -0.142081798048561
-0.0444875935125407 0.117530429203931 0.242652726814666 -0.259832316064743
-0.0183965863646217 0.117199782926488 0.212683385197687 -0.316853422742054
-0.00214116066949713 0.102328573633061 0.202883246493356 -0.279004017277374
-0.0314047159316182 0.0984573674066164 0.222211196845625 -0.179745971703322
-0.0810914281036115 0.0792299288152467 0.223714209390055 -0.0440086090097763
-0.163010966560508 0.0120872888295381 0.114418515914635 0.0952038746331065
-0.0941351165879939 -0.119714438022712 -0.0344113266590083 0.109706310177827
0.0560118679044422 -0.12473336384007 -0.189809850240565 0.0193909349942033
0.0504317066287532 -0.0571605136627867 -0.0668010546313308 -0.247831159675346
-0.00545481359213919 -0.257657944070318 -0.0667491904126072 -0.375004423508302
-0.0304376062188257 -0.298904090162164 0.164209250807862 0.00126620396550193
-0.177487986490025 -0.286275472658163 0.273962689313429 -0.272325879381799
-0.341650851907625 -0.159513509757298 -0.0207893655981182 -0.293115245895482
-0.346143012466319 0.040897066693442 -0.025991505951705 -0.0965729314453223
-0.258137275924853 0.163764717440243 0.110872753124046 -0.0844602835908377
-0.145430610887321 0.220786556554506 0.195256515681187 -0.185674404770847
-0.104150920270021 0.213049947020901 0.186647636034258 -0.247989740306779
-0.0735339599832186 0.191176427562782 0.183453929662651 -0.231160081927657
-0.122067513987771 0.167144897742908 0.219713679499597 -0.155296067580081
-0.172673782725839 0.10262781278555 0.231729082423306 -0.037917424411877
-0.243031971980419 0.0235540317159833 0.11940244504258 0.10391704112335
-0.195685556790422 -0.132064264949237 -0.0381283344251726 0.110524537004815
-0.04359203401674 -0.224520420655542 -0.183535239446875 0.0415483803034247
-0.00964824548434275 -0.227276480648078 -0.079010793121954 -0.178177532391999
-0.0185515683867287 -0.404298238612858 -0.0499689317495247 -0.244018514296376
-0.118679023471384 -0.42090575482936 0.212364558598171 0.100638569270246
-0.290781527392075 -0.312711084607592 0.300396604622545 -0.285916892800664
-0.409971823850156 -0.13946878088317 -0.0677502563272522 -0.337513621746614
-0.414123723583208 0.0478124353885334 -0.13609138083734 -0.0861778210032785
-0.337756830855825 0.199513578435901 0.00273529632383963 -0.0130597428160963
-0.216899251390271 0.284751798744749 0.114300461887489 -0.0851432289359979
-0.174134002389456 0.277910850054051 0.133344904943403 -0.144424526294957
-0.141958731716688 0.261889150278299 0.143459004154058 -0.147945901841492
-0.214430096865647 0.232069046656689 0.198636779657819 -0.105311550460167
-0.273233173120654 0.131378902708305 0.227160538429546 -0.0183503673436708
-0.333582446687359 0.0341234191971022 0.125070891932927 0.122525053235494
-0.301695805688541 -0.143098206742253 -0.0403973131662921 0.129608380896291
-0.156438178048647 -0.309991614733802 -0.175115704308542 0.0707511442940888
-0.0786944336199661 -0.379186024225258 -0.0746858439023551 -0.0789521397923069
-0.0302965206219927 -0.474876638957641 -0.0309170545393596 -0.0823214036430626
-0.184778446465814 -0.44684205550366 0.265827441808598 0.171084571750668
-0.342633988845683 -0.255602498373072 0.283326254716687 -0.289271242448405
-0.383112465851339 -0.0771485150982392 -0.123687012778905 -0.342254733020068
-0.386769187133931 0.0538579216823112 -0.231305922014413 -0.0560755658120164
-0.3433111260329 0.202109933829213 -0.101026045966311 0.0641772179719347
-0.247713630123032 0.302146721634245 0.0219274114573652 0.0240237453135952
-0.21997397817617 0.300865404607253 0.0602870093121843 -0.0199264999808021
-0.199496951617622 0.299621226046031 0.0845001444494882 -0.0358897018346526
-0.294517025880463 0.268879705625882 0.152435257426237 -0.0243538195566202
-0.35690053555693 0.139104232859021 0.191149929720302 0.026069898623049
-0.400562011826954 0.0290162687024321 0.11275554624014 0.152223257661078
-0.38345333149652 -0.152410997218303 -0.0447304366054344 0.157380985905144
-0.251707040556722 -0.372217298750571 -0.158041156163514 0.108608584245556
-0.134333799871883 -0.490321432643739 -0.0526788296861632 0.0463511771190321
-0.0483396433862063 -0.465630901720207 -0.00973373827541291 0.0734086231082807
-0.218582322823819 -0.374987294237282 0.303227102851689 0.190924493903713
-0.310524816407259 -0.140472243880386 0.226336239819323 -0.275124505057578
-0.26499323770998 -0.016216157737969 -0.162294989001829 -0.298210357519104
-0.288605534428664 0.0357310935004041 -0.278726341058725 -0.0172335309052567
-0.293537955370847 0.166069966026611 -0.173987979630241 0.12967134271841
-0.23957177009473 0.273667156311261 -0.0649746824915463 0.125421905711432
-0.235663995311898 0.280340617859985 -0.0213070430911338 0.108549870602052
-0.232971377424491 0.289998696211325 0.00838140781286865 0.089499839122464
-0.33794649314289 0.25408408522217 0.0741876241529563 0.074549892006244
-0.383992067206006 0.103956892529426 0.115706119157898 0.086836384287264
-0.396535416701827 -0.00266662083355542 0.0717623796269845 0.185669705684186
-0.398002372470805 -0.153322796985855 -0.0575085879840793 0.186930191903795
-0.301430339202772 -0.393897869141611 -0.137311635483914 0.150561561532678
-0.159784121341532 -0.541361387673459 -0.0208873612348539 0.183782962772516
-0.0678948093378245 -0.38980953164839 0.0137073003711044 0.197427944255178
-0.219850409535361 -0.245299973781591 0.30916738160528 0.164125712563013
-0.220298798504157 -0.0226552458394102 0.150323609076055 -0.239592869751664
-0.117717452318776 0.0132546615852977 -0.16619050841569 -0.228771091670603
-0.170724595923644 -0.00070180032037302 -0.276849796190027 0.0124991690066229
-0.216360026772729 0.10847733591967 -0.211650045344483 0.169333678560338
-0.202999960914838 0.207481675860656 -0.135444409045858 0.206044463741388
-0.216687311181769 0.21898271310893 -0.0994282713090506 0.22308300297414
-0.229962577100096 0.228925092108061 -0.0783741781053171 0.204965759097595
-0.315736736374278 0.180393300098355 -0.0300293257502311 0.163498966505716
-0.323166072612026 0.0352431055675606 0.0120059644551827 0.136807675944519
-0.298464896552446 -0.0343293105826415 0.0101802142037522 0.206647047802742
-0.337555407143545 -0.119700795946553 -0.0816762365207645 0.210111980857436
-0.289308515131113 -0.358889847795926 -0.129451793883834 0.183554027168294
-0.145553121621372 -0.509045538206278 0.00662962088458015 0.312773801730116
-0.0755504391521877 -0.268818403815032 0.0388822835566916 0.277452676956788
-0.187954251545833 -0.104549448177747 0.288685377648346 0.116751850375971
-0.111164043642405 0.0604213419800086 0.0876852073198525 -0.190627880387252
0.00497641161876108 0.0136127360384996 -0.140076444973101 -0.166274834654849
-0.0710263598591208 -0.0388564941848078 -0.252060493974243 0.0217955249714316
-0.134147907370237 0.0431143927211858 -0.227396710135572 0.180852547322417
-0.147812053291651 0.116142744721928 -0.185583447207956 0.260500217075949
-0.162448375945874 0.123369904293695 -0.162083889154719 0.305084214737428
-0.179474413515496 0.125331093590071 -0.159223435130967 0.287272952031412
-0.217976044069908 0.0728281140047858 -0.133593595261931 0.216076964333231
-0.177286043254343 -0.0260418081305149 -0.0854854386849074 0.154201024280399
-0.133064912338658 -0.0229230517073385 -0.0448714138633693 0.208781652139713
-0.230323802534806 -0.0444408293186443 -0.114324857528516 0.226019205960442
-0.230036671644524 -0.257959644392079 -0.14280072302834 0.192258217625823
-0.103127723117712 -0.388814698313108 0.0199822665107774 0.404898112091708
0.0524064531413373 0.141040326147373 -0.0726086933642965 -0.420196619031277
0.15694257409588 0.0562556970693656 0.120742395441459 -0.154154741356743
0.0807218460358073 -0.0807571405762772 0.173862255954364 -0.240874833906611
-0.0612842971236802 -0.0502637818842221 0.0285964404178115 -0.192672403666339
-0.0204567509187479 0.0450132449949848 0.0962055555880013 -0.105913298330923
0.0416908021851636 0.0179896540752439 0.202388997776479 -0.175878663079776
0.0639878318138785 -0.00889917883540526 0.241096812728609 -0.290050710455649
0.0698853222917878 0.00125162860599136 0.205922901712865 -0.332751112316944
0.0682574981039785 0.0053339741710416 0.201599473185387 -0.287065673745043
0.0540061520326636 0.0321753862716992 0.215428768920016 -0.185119320834089
-2.72337995525199E-05 0.0616484264881647 0.217544266443253 -0.0468258946245906
-0.0919211400761775 0.00603276071296685 0.124669751439701 0.0982554977639559
-0.00399079100119784 -0.0975384409472761 -0.0335625083500072 0.132925097511946
0.126936032059636 -0.0142708977655515 -0.201079263385502 -0.00303897804409239
0.0847314513703243 0.113792975118414 -0.0425464342215586 -0.28507282973168
0.0180657347971124 -0.0614605197515003 -0.070334624840479 -0.432277356937473
0.0687766408972044 -0.123940711207081 0.137210195618951 -0.0918635688586181
-0.041395585405194 -0.195825094827207 0.225384504217919 -0.255515432368129
-0.210940522353788 -0.122337603722828 0.0135617940050691 -0.231148424413178
-0.198947508884462 0.040884177096138 0.0615383507678188 -0.0959758898553457
-0.118846225294802 0.0980836905277274 0.186611155842814 -0.138442554815245
-0.0461812910414503 0.114142179916671 0.241676612180087 -0.256786258759313
-0.0191178273411887 0.113700361041739 0.213107648827403 -0.311716698343751
-0.00344588681238537 0.0995148119411828 0.203011074924097 -0.273614375409217
-0.0319770958725139 0.0952748943279399 0.222540004221898 -0.176452991924505
-0.0806390341575531 0.0758140224015326 0.222528302011468 -0.0413288372946298
-0.160540319540552 0.0120965466404579 0.115246714925979 0.0960926628811872
-0.0908314500738823 -0.119120350094001 -0.0343745354035064 0.111132939378156
0.0559938559992811 -0.124609302469215 -0.185921536094999 0.0186633270258719
0.0523180795934508 -0.0566069470379159 -0.0640067784655972 -0.248558379375837
-0.000167974548131223 -0.253318913463447 -0.0600425676962725 -0.367414676479878
-0.0236017917487858 -0.30009595303062 0.166689089707079 0.000795276315796022
-0.169122557509616 -0.286050372530154 0.275107232668817 -0.269064174176821
-0.336107452780963 -0.161916074337308 -0.0170018442887937 -0.285619339317392
-0.342355234094658 0.0352836354206099 -0.0223139905261864 -0.0944488976356866
-0.257518242041545 0.158004066514152 0.111906445678365 -0.0833800487529039
-0.14760726914018 0.215534719457607 0.193861088148784 -0.184520043673387
-0.104880619382686 0.208648821992283 0.186882343376479 -0.245210807271954
-0.0763256621587773 0.18718079887849 0.183256649551643 -0.226453087905955
-0.122971341778168 0.162679823685032 0.21932699131629 -0.153030588723612
-0.172545024346612 0.0983506739370679 0.230674794499189 -0.0363802266920571
-0.23981134026878 0.0218600345155022 0.120350328025101 0.103954117814505
-0.189988635235255 -0.132899045116205 -0.0384061505770718 0.113251107742563
-0.0394452368164708 -0.224077108763191 -0.181033927439167 0.0406755702020254
-0.00438305603687839 -0.224111101779451 -0.0761443265783151 -0.180247187772259
-0.0101602354321995 -0.397092943478036 -0.0452910741648682 -0.239226876245247
-0.108524996844162 -0.41970670495984 0.21268499380006 0.0988821146727579
-0.279423995816359 -0.312808832475919 0.300120626651806 -0.280232306227631
-0.403054284533518 -0.145001894051622 -0.0637398813120579 -0.330043699384803
-0.410993524706935 0.0417467621308286 -0.131858222071267 -0.0865856219294279
-0.336280029500756 0.194327576264552 0.00437204586513386 -0.0142039578354618
-0.21839257202807 0.279438044510614 0.11351618705882 -0.0861996771756211
-0.175457010460681 0.273126593718923 0.132960797648313 -0.143525902512068
-0.145308016838203 0.256443779353166 0.142919882254639 -0.144721448565514
-0.216140937744719 0.227115922187768 0.198468923002685 -0.104467039526804
-0.273407857440129 0.12548177923506 0.225793800896295 -0.0171932498823042
-0.330257139566938 0.0301041088699662 0.127203778367633 0.122720354311631
-0.294737876208155 -0.146211439091548 -0.0408308673811359 0.132675709092044
-0.149039683606833 -0.309745045029394 -0.174334658809993 0.0702467976235602
-0.0693385754368348 -0.373024243803214 -0.0730220086318445 -0.0819845389219232
-0.02170234247041 -0.465771969888594 -0.030014737824026 -0.0796132812493162
-0.172758054978426 -0.445461421373781 0.264610911733427 0.169029991803467
-0.328897031062226 -0.256759278698818 0.283497818516034 -0.284880298586722
-0.375041214033107 -0.0845754517978514 -0.119471395197185 -0.335743892517219
-0.384849654453848 0.0478672499170666 -0.226608537617468 -0.0586598994712753
-0.343749846270263 0.195858674609969 -0.100010308071038 0.0603792595587853
-0.248399644363021 0.297095180818984 0.0201120266681742 0.020552934748564
-0.220988726836087 0.29679194293929 0.0591361800487779 -0.0210204931773273
-0.202186272324317 0.294050449700141 0.0835539161092439 -0.0347991027046559
-0.295964660907054 0.263629821298595 0.151567734931596 -0.0249799960843887
-0.356859281116486 0.132337005111413 0.18957152606616 0.027257867505056
-0.396396779767886 0.0221914286771534 0.114820669420931 0.152239903618342
-0.374534412350785 -0.157069676000276 -0.0463177498003382 0.160957186229085
-0.2402580895188 -0.372380983112284 -0.159927889374771 0.107497384949658
-0.125013074133883 -0.483684754665106 -0.0529739471696846 0.0415024106294533
-0.0396469081157733 -0.455944391172597 -0.0119818278679501 0.0744321681208419
-0.208510931023589 -0.374502476980326 0.299643779297307 0.190450826994995
-0.298913973848334 -0.14255447052908 0.227110654995755 -0.271285967944201
-0.260930600426255 -0.022838670619169 -0.158130007787032 -0.293836308389699
-0.288486653074821 0.0308904223449394 -0.275172547344012 -0.0204553472069496
-0.292684935869465 0.16208729512832 -0.17292046606061 0.124316753686343
-0.239362640389209 0.269515669278552 -0.0667770363940847 0.120159809951386
-0.236341925714507 0.277430262166519 -0.0222650126611064 0.105781635254017
-0.235970761666536 0.2848774252743 0.0064282729851775 0.0880628017265302
-0.337230273633237 0.248152795225192 0.0722242198938043 0.0723447685840592
-0.383545408992239 0.0974257609100021 0.113761398770132 0.0867055146457581
-0.393887994441469 -0.0100455896011482 0.0729162858583383 0.185261528825472
-0.387800453469031 -0.155695509390238 -0.0599546116713336 0.189074191542733
-0.289009901194592 -0.394873273985431 -0.141926672812483 0.149316595826688
-0.146518442266084 -0.533454684117951 -0.0245001180472192 0.176938275823642
-0.0627559164649175 -0.381819025297565 0.00994803373822183 0.195781875379231
-0.211086828305815 -0.243979431745575 0.305277815873441 0.163865144717346
-0.212031400739676 -0.0239757891117619 0.150674595129379 -0.235574403577714
-0.115952560873996 0.0090493978009786 -0.162777471350122 -0.225710665480848
-0.171882525530318 -0.00336878527439422 -0.273564027640988 0.00851148198524627
-0.21567239765206 0.106685652701358 -0.211701951166909 0.163413773192504
-0.201179891665921 0.205462549205697 -0.137573553911594 0.200589226547485
-0.216149276740761 0.218036078008049 -0.100213440519694 0.21854406195757
-0.232104589287553 0.225830559719924 -0.0800320607091744 0.201268950179336
-0.315603698255148 0.176592512023482 -0.0316008766983404 0.159927162511209
-0.322650811019379 0.0302321905668076 0.00991904841883306 0.134821292598498
-0.296437691793533 -0.0407876348134759 0.0110467599151705 0.2046956006006
-0.328224566449345 -0.125285966606681 -0.084998005554813 0.210301399034889
-0.277397166871355 -0.359317453443589 -0.134554803614476 0.182321548576775
-0.134766651297218 -0.502815951926653 0.000484152257213244 0.304998509085374
-0.0722061438977631 -0.263272051751609 0.0339500644613915 0.275093151675138
-0.182192153657997 -0.103988098500818 0.284779487810604 0.116848090453832
-0.105885606299274 0.0581074322981272 0.0884273395941865 -0.187421069023095
0.0045670790017881 0.0105905911132725 -0.138186312734088 -0.165214050372017
-0.0721502918963161 -0.040003193117601 -0.249660131208064 0.0186717579341297
-0.132868686350574 0.0438762158587658 -0.22715087679268 0.175936151007281
-0.145170236820986 0.116554024234425 -0.186617677996014 0.254648205387907
-0.162030881282973 0.125112989714134 -0.1623768370129 0.300338020367771
-0.179940963382274 0.124169749543865 -0.160330945864002 0.281854991320349
-0.217849220403933 0.0715365147286708 -0.135134895320621 0.211348498592434
-0.177979274685406 -0.0291924931306386 -0.0874488665844503 0.151553028800543
-0.131866193769533 -0.0277522579698351 -0.0448333843924656 0.204705770856778
-0.224425813044344 -0.0470552347550144 -0.116851643215916 0.223831157962502
-0.22176360172483 -0.257751111449642 -0.148733984957911 0.190993367347646
-0.0968710056553137 -0.382079596110277 0.0135575054078148 0.396866800498513
0.0524206205849958 0.142076966837249 -0.0657728478961671 -0.424782148238295
0.159040189697965 0.0550379996302145 0.128435419307038 -0.158812538192573
0.0803532387869782 -0.0809533268234409 0.178838115808812 -0.245308423751239
-0.0618162968284341 -0.0488217809783749 0.031078389154784 -0.191486146356201
-0.0178443102108893 0.0459703910164938 0.101281563072058 -0.102746147906129
0.0426293501267381 0.0179946338158181 0.209336057637472 -0.176667365784586
0.0650433554187364 -0.0106608222203241 0.246723583719166 -0.295546369433399
0.0722950860927454 -0.00160660791273268 0.211134015911594 -0.337537404953272
0.0700782995505986 0.00431619218913793 0.207173655231481 -0.289385172972459
0.0548813346229771 0.0321922245557767 0.220627605520854 -0.186440366791158
0.000339527173547161 0.0611821652204079 0.222997642440861 -0.0458427730686475
-0.0930033568198763 0.00739693399036106 0.12822431916783 0.100326524740264
-0.00428212187099404 -0.0984493147625899 -0.0336099984209253 0.137155214228472
0.127984320129232 -0.0158561029132312 -0.201653300890968 -0.0030763795557751
0.0855860836594702 0.114569585377627 -0.0421440870228257 -0.293099589503086
0.0206350917369806 -0.0629354650334232 -0.0629774058557005 -0.437826144395822
0.0717911435039563 -0.129516885308683 0.145832436927935 -0.095878152599534
-0.0398797689249859 -0.199809758231468 0.232890053931016 -0.260109562538146
-0.213602575851019 -0.125605033418055 0.0164113849163829 -0.230478932712619
-0.201658938134365 0.0389464581722552 0.0662288119831582 -0.0943819048448562
-0.122080947491334 0.0975606814314474 0.192888493824142 -0.139345865939906
-0.048883856342824 0.114212508100434 0.24733965030062 -0.261875782771604
-0.0198268380336823 0.112640519826872 0.218548246903205 -0.318292986360718
-0.00484319552184991 0.100003002825441 0.208869533867017 -0.277467609914153
-0.0335249598687111 0.0959044806938846 0.227645267356235 -0.178757954570227
-0.0823738217208322 0.0752917435705277 0.227157588589553 -0.0415278235857962
-0.16271049435923 0.0124889055233948 0.119765188817219 0.0980461174649112
-0.0917826405756341 -0.121729398213156 -0.0348971694851551 0.115866674997724
0.0577364835658981 -0.128339994649841 -0.187023683498199 0.0195163640921531
0.0549247444022926 -0.0579646624734954 -0.0637038741709995 -0.255500376449787
0.00398237810155067 -0.257456124419172 -0.0560459063689552 -0.37098494883517
-0.0192278844557111 -0.309596701990365 0.175305112478717 -0.00146617189035677
-0.167428795506926 -0.293899416843603 0.282716481594489 -0.273528452673754
-0.339258871262897 -0.169444762382186 -0.0143877476640997 -0.285627758737872
-0.347998067094198 0.0313286677299723 -0.0191160879474106 -0.0949470799032225
-0.263961455160813 0.157902889285719 0.117027679017273 -0.0845187674326216
-0.153429003970048 0.217173583079681 0.198873997258841 -0.188324749811941
-0.108446754035075 0.20991657685344 0.191994027749253 -0.250864855712831
-0.0801553732868051 0.188729992519559 0.188318809990069 -0.229253148234455
-0.127042870519671 0.164032140855547 0.224951398256425 -0.155805442777382
-0.177107566374641 0.0969229525656917 0.236673500450935 -0.0355832676857766
-0.242804962041203 0.0209878154611971 0.126033503601649 0.106847925598414
-0.191065067859674 -0.136571060432956 -0.0390966983009869 0.118961812663632
-0.037458211499523 -0.229860995210121 -0.18349679012088 0.041447003791149
0.000306050205794434 -0.227439242516377 -0.0765621839884685 -0.186681040957453
-0.00261805486421377 -0.403483139598127 -0.0435247636407053 -0.240428342147004
-0.10411675228 -0.432013823707249 0.220808724875584 0.0996045585445819
-0.277409049929788 -0.321714948177686 0.308074538990954 -0.285647882450059
-0.408483140995005 -0.154286956311947 -0.0620688819480261 -0.331468425010506
-0.420561662596837 0.0359787214072608 -0.131160928767423 -0.089078467691527
-0.345298206950363 0.194432939734392 0.00622783277672376 -0.0160824895851945
-0.225909094207833 0.282415815135576 0.11495832496646 -0.0899640901474088
-0.181485761953652 0.276489617838617 0.136157651714399 -0.14806168567481
-0.152576100630051 0.259515667878196 0.146931325544802 -0.146949754253257
-0.222665177867505 0.229182999154077 0.203999621841939 -0.106821748968565
-0.281408574588868 0.124007660098281 0.231036136548395 -0.0168065420852573
-0.33607682695589 0.0281444578380684 0.133082644928022 0.126022803226591
-0.296371702128069 -0.152168358092158 -0.0419532567750998 0.139979322353631
-0.146130314081598 -0.318702759035721 -0.179045819566464 0.07166486259375
-0.0645537380319354 -0.379427164913856 -0.0743545975080932 -0.0879062553176168
-0.0147315327304935 -0.472236246444736 -0.0305801153704004 -0.0782863382080336
-0.168940579264691 -0.456841530200704 0.271376458234283 0.171801851664941
-0.327128721891519 -0.264373368184471 0.291057903885606 -0.290169196305344
-0.380521552340852 -0.0923110963626688 -0.119071941776211 -0.339884705699433
-0.395207889673114 0.0412991622686074 -0.229006262847855 -0.062276979252439
-0.353691873129212 0.197039480638092 -0.101124202632726 0.0593046535828544
-0.25551772897257 0.300592879410389 0.0186046974629728 0.0183215825525834
-0.228081278199276 0.302068550610358 0.0600189939645222 -0.0238511309368783
-0.211456848073004 0.297197949795456 0.0846841262088636 -0.0348219300377696
-0.304614132296483 0.265661775218649 0.15494394726998 -0.0267859088256902
-0.368371672242028 0.131017991740457 0.194500489254354 0.0282348179527774
-0.404262958645137 0.0174184528344456 0.11999201484223 0.156093179760171
-0.377463657468443 -0.165101173942115 -0.0476045743550795 0.168769313784154
-0.239436967011402 -0.383379517208638 -0.165733010678164 0.110283118522229
-0.117918069769267 -0.492194390273576 -0.0556492753122871 0.0369898579184707
-0.0323995687802536 -0.461492066288979 -0.0146449665487369 0.0769556984378586
-0.205970173202079 -0.382712532770782 0.30685934772553 0.193451214832723
-0.297129502318161 -0.14756416856932 0.232885506512261 -0.276207752979762
-0.263710395640453 -0.0290953952842303 -0.159189810230407 -0.298001405853119
-0.297566983988402 0.0265024428633975 -0.279090812507141 -0.0246583742850025
-0.300860953089245 0.163653474602061 -0.177487464825259 0.123235320968597
-0.245585623503247 0.272961280070597 -0.0708485856546933 0.119114848960846
-0.243162212878654 0.283738720041525 -0.0242586280253248 0.105001143271509
-0.245144305207081 0.289162839950457 0.00577586065413438 0.0889864378932842
-0.346786788647674 0.251224994160967 0.0732057723686076 0.0720699568019869
-0.39493644320252 0.0942806757563704 0.115588837823162 0.0884432607733285
-0.401768534868711 -0.0160142654745158 0.077100400978952 0.187987636345946
-0.390791158577309 -0.16511866464261 -0.0637119437570483 0.197494783385583
-0.286603372791106 -0.406633094645841 -0.149185716769974 0.152143550581547
-0.143002571779171 -0.541827106649856 -0.027996823982428 0.17525278060399
-0.0595900328919681 -0.386104667408969 0.00612908342666308 0.200529400270334
-0.209989132941569 -0.24889374102364 0.309936842606914 0.167548610707805
-0.209800378818035 -0.0265075126807729 0.155369843128459 -0.240031961615423
-0.117510269976992 0.00456922773198348 -0.165679070471007 -0.228765298184528
-0.178251552670828 -0.00607534496976922 -0.278502393263023 0.00621596135968252
-0.219968970874789 0.108827922640124 -0.216888902063907 0.163187590901132
-0.205313168462739 0.209976210091582 -0.143515358677238 0.201513755293662
-0.221975844457908 0.224462672483461 -0.104720637481965 0.219897509730401
-0.240166697899762 0.22923810495949 -0.0833384742448722 0.204382311239907
-0.323029078462961 0.178153337752576 -0.03401884993244 0.160860348320783
-0.332115362328247 0.0264075070983335 0.00869493248967136 0.137173355327157
-0.302176711583284 -0.0478822204205234 0.0126233772758605 0.206574299377551
-0.328892391576662 -0.13201358508732 -0.0891121296526904 0.216889749056142
-0.275188617905821 -0.369694737921565 -0.143003310093844 0.185934355361018
-0.132063130751977 -0.508902189182126 -0.00351795391540305 0.306201363729158
-0.0714626340654735 -0.264987746156527 0.0303176826785452 0.279931356390588
-0.182467241313588 -0.106405745624344 0.288926969520003 0.119827171505398
-0.104289423044469 0.0575674914432382 0.0909717851528458 -0.190748333905071
0.00458247830178638 0.00772679077541713 -0.140985922348668 -0.168189820415585
-0.0759950518580284 -0.0415252091116032 -0.254710476074782 0.0171212480672155
-0.135672619657864 0.0454163672483875 -0.232664157293477 0.177128035496682
-0.146557330038347 0.120271436456114 -0.192801612814375 0.258046216983534
-0.165203995431453 0.129726442331735 -0.167851433268978 0.302739431749945
-0.185286289390016 0.127602651269707 -0.166420829337114 0.285306502708388
-0.222872125666655 0.0730312909327895 -0.140056550298985 0.213294939250779
-0.183517001863528 -0.0320496307920758 -0.090986729762751 0.153069910317791
-0.134735742345241 -0.0328868804731133 -0.0447393852410543 0.206238202876456
-0.224029658639809 -0.0500922410756824 -0.121690981563585 0.228329783908587
-0.220525017853681 -0.264676347705441 -0.157400470030832 0.195393350870069
-0.0936288850475695 -0.388453273171216 0.00684140767937892 0.399752283852205
0.0562480471721127 0.14588704597336 -0.0695755046140478 -0.437195344547143
0.164812469067836 0.0517172168681906 0.134733979650931 -0.169420526405985
0.0803162717482369 -0.0835684142830909 0.182618107790322 -0.258139027074303
-0.0641649101679454 -0.0459208761762195 0.030707659031154 -0.19503145398644
-0.0144980903510887 0.0474750580323365 0.10677631762076 -0.104811368369952
0.0449207093441684 0.0158595121138392 0.216714772128759 -0.186412557749635
0.0665591581495098 -0.0136006115675247 0.250226652563518 -0.312075354297815
0.0753638344663233 -0.00564731574950477 0.213118554695027 -0.354105183875188
0.0738602265412095 0.0020060128150762 0.210713776733581 -0.303467597650344
0.0580972916249188 0.0311065506916336 0.225935954084393 -0.197224166658651
0.00230328967360627 0.0623325157319076 0.231401185598295 -0.0510440499233865
-0.0955017534934448 0.0118234160392573 0.136127462165894 0.101602871189064
-0.00749323023309669 -0.101425282196385 -0.0307722224019465 0.144738870643814
0.131109860723027 -0.0213008282872479 -0.206754084030555 0.0017345036177811
0.0906044723619223 0.116129829051692 -0.050093885299289 -0.304380466376294
0.0220663683827777 -0.0657743070925412 -0.066925383395882 -0.450018806048349
0.0736581856066827 -0.139709520846013 0.154297916774131 -0.10441850171423
-0.0437034423969481 -0.206468750639458 0.238960035100632 -0.275483497279872
-0.223617795120174 -0.125079889991248 0.0143833131130785 -0.234303301063768
-0.206973526584386 0.0426831588488356 0.0704499816374272 -0.096562628720122
-0.124926743354356 0.101934236665123 0.200800320219327 -0.148273646255595
-0.0504743951529857 0.117722829894352 0.252426163899094 -0.277963375428497
-0.0191694021319102 0.114868624528286 0.221651396854619 -0.334707149319088
-0.00355666489687084 0.102374173505788 0.212550446298494 -0.290715555858004
-0.0330058978570693 0.0986550970642 0.234517637425621 -0.190331478105655
-0.0848751557087451 0.0776712165887936 0.236861163907663 -0.0471951921579617
-0.167456365871222 0.0180438722603799 0.128878949980861 0.0992652078745099
-0.0967833770449748 -0.123843030209507 -0.0329956714187878 0.124172003867615
0.0581959558340873 -0.136237669552951 -0.191166215854402 0.0252842030032277
0.057582079891784 -0.0614476276900857 -0.0703461778256827 -0.266284696644771
0.00336019991944656 -0.26597352851768 -0.0606924206590137 -0.380591772193274
-0.0225908866512828 -0.325604302901002 0.186630492626043 -0.00770250278450673
-0.174511538855141 -0.302694404181022 0.289477930734025 -0.291381529305281
-0.354499498146451 -0.171502917464413 -0.0184947103623203 -0.291850826909141
-0.360858663978179 0.034894768287641 -0.0184059318424273 -0.0976473041496034
-0.272781751933348 0.166898527058787 0.122270674988203 -0.09044341533553
-0.157835624146471 0.225834957601244 0.202030249521257 -0.201229551379701
-0.109704776176221 0.218398782803595 0.194405597028005 -0.265653164517634
-0.0819538570824455 0.195817897658751 0.19204711182644 -0.240848677775217
-0.129712817139471 0.171545843565709 0.231982790438962 -0.167126437988347
-0.184182038419318 0.102731119761039 0.246183950513295 -0.0419065217456252
-0.251220015786862 0.0264686182480623 0.13651148712683 0.108057110250167
-0.198899859712572 -0.139267174855886 -0.0364620092545766 0.128517180418486
-0.0407735361868836 -0.24003037353716 -0.188195256204582 0.0473392735534258
-0.000733309669934193 -0.23590409120889 -0.082886360572631 -0.195413662458108
-0.00665113668928792 -0.415118919855042 -0.047459170445547 -0.244924355448615
-0.11073044802193 -0.450227918806935 0.235381042578431 0.0962603512339304
-0.287174379736554 -0.331456317660295 0.315772001910836 -0.305290773281975
-0.425121674907935 -0.156959599033621 -0.0692849742374322 -0.339661445200763
-0.436846421716675 0.0414767600325665 -0.135407057404452 -0.0903254310759479
-0.35778643921683 0.206150488437979 0.00793070180783549 -0.0180996743447634
-0.231889434568204 0.295928682806246 0.117009053319209 -0.0974530949668118
-0.184823705625522 0.290294104923942 0.138200870878677 -0.157911797013624
-0.156194431562973 0.270623619141553 0.150130483757603 -0.153869920029418
-0.228958961731467 0.240887073331669 0.210538367145915 -0.116514237058035
-0.293315866817691 0.131825374402491 0.242265083916544 -0.0213887776308116
-0.34818229229416 0.0332024051908358 0.144450444269005 0.128181273979205
-0.307776912656799 -0.154302088392387 -0.0398798111505923 0.15121015747512
-0.153584952201232 -0.330936570827635 -0.184937780682483 0.0781875146998144
-0.068375129393396 -0.390690950965616 -0.0795733038892372 -0.0933038825897055
-0.0200810765553767 -0.486080634131871 -0.0341924228192913 -0.0775897601355083
-0.179886737048017 -0.473497008277257 0.287976033269893 0.170939762580448
-0.337188322934662 -0.269961074909386 0.297682074163988 -0.309015047450682
-0.395835380478317 -0.0941292087092475 -0.129192172558112 -0.347550859746493
-0.412474582515551 0.0462754413601762 -0.237409671737646 -0.0622159392509946
-0.365574221990767 0.209732032038039 -0.103500673940929 0.0612010752856232
-0.261950899773133 0.316211273331595 0.0181524986097786 0.0157893648599084
-0.232902693583053 0.318326928314136 0.060794970199217 -0.0287219113232743
-0.217830390282334 0.31178199377006 0.0873085969355181 -0.0371323896355768
-0.312874017547849 0.281451434639901 0.160557375305516 -0.0323415292886811
-0.383888267960555 0.140524609164736 0.203448900240954 0.0250324883882978
-0.421066097671617 0.0220853207876276 0.132192464548632 0.1592357611358
-0.390828956500443 -0.167093824205063 -0.0461004597389286 0.181495567604235
-0.249533577533098 -0.3970861359695 -0.172975434392697 0.118386376570235
-0.126214947121964 -0.506024036060727 -0.0584218651305654 0.0348815250057858
-0.0400315004218139 -0.475124665652372 -0.0163111887652729 0.0830139483123676
-0.216778264472093 -0.393411732649358 0.322135305158966 0.19328437474027
-0.304057138432468 -0.148959606487228 0.236853212970409 -0.292556744073507
-0.273629671834318 -0.0297534004026552 -0.170558966433617 -0.304075791191836
-0.311675175586412 0.0303337879904322 -0.289625801538793 -0.02225483067481
-0.311494388465843 0.175262970933376 -0.181315914702877 0.128829919799131
-0.250220768855515 0.289204456949062 -0.0736753631666039 0.122005721399097
-0.248220459274397 0.300685513460698 -0.0246494927325951 0.105927630920461
-0.25349319738748 0.304887645375945 0.00668745974971739 0.0921719737879265
-0.358154485956527 0.266569829774439 0.0765751308430348 0.071680261415406
-0.412459035666881 0.103174056139261 0.122079366480495 0.089189569765537
-0.418301472315346 -0.0145688977031793 0.0866632914841158 0.193838758121878
-0.404091349787665 -0.169351000701 -0.0624470457323641 0.21097092596587
-0.299937549536234 -0.419834408900348 -0.156050541502403 0.16297830257672
-0.151309486935484 -0.55705469251037 -0.0288510026207547 0.177927681092143
-0.0661700137160668 -0.39544851071565 0.006523497723159 0.20919686259255
-0.219626536110965 -0.254248390604203 0.325036789726336 0.166338765595895
-0.212463612672441 -0.0241716109081467 0.155689565114372 -0.252400199474436
-0.121081109193418 0.00361136262892095 -0.175879656745706 -0.232469355894956
-0.188665777260034 -0.00486254887262306 -0.28947655406443 0.0103175470522707
-0.227301599203725 0.117872817075264 -0.222214987565552 0.171515827966362
-0.208210178712882 0.223231179110954 -0.146199099896628 0.209526539689211
-0.226639261949067 0.239588998083907 -0.105751692938253 0.227670847301408
-0.246922314306479 0.243606009322587 -0.0843467092713034 0.212778231497064
-0.333614363196954 0.191543047150033 -0.0345546919320862 0.165719852820436
-0.348881804216534 0.0316787544921447 0.0112890203358729 0.142032849683529
-0.315642988729786 -0.0490990398745018 0.019337865669204 0.212801622871251
-0.338876243753601 -0.135116960680566 -0.0901845915697851 0.230284837677613
-0.287877659530985 -0.381742918675897 -0.150359031674787 0.198143854262312
-0.139950392219247 -0.523337939593606 -0.00238752291139216 0.312709980585758
-0.078505010852971 -0.270820075830714 0.0330369829562284 0.289851596521732
-0.188897082375416 -0.105976289162194 0.301473646403423 0.117370826942053
-0.103430033812153 0.0608085385752609 0.0895101116906463 -0.200699146376036
0.0050701977167977 0.00539105779080085 -0.150739385717115 -0.171154705802284
-0.0836426917662119 -0.0419347727524278 -0.263055696607562 0.0221104480304524
-0.139568609956575 0.0512591290764235 -0.239718850973532 0.186327446811886
-0.14814271956338 0.12996365974967 -0.19633373983697 0.270249613989408
-0.169057610029483 0.141462017986563 -0.169742411402115 0.314432871664088
-0.191659689537786 0.138370606381222 -0.168728716209441 0.297613565192779
-0.231219741995882 0.0817247737828578 -0.144307719577825 0.222967248180984
-0.194519804610125 -0.0315629932186304 -0.0933693262632409 0.160168463291671
-0.141358585654212 -0.0366789331862795 -0.042018084607982 0.212152045187482
-0.228936518033692 -0.0501244448299003 -0.123777053128508 0.240152665408645
-0.230796206081775 -0.271920164396568 -0.165391291819468 0.207834197262506
-0.104320446678716 -0.397343497278431 0.0107052429001509 0.41063065846707
0.0650897600938413 0.14702507787389 -0.0854801208366358 -0.445437861745403
0.171995495621789 0.0423719381578962 0.135428417779786 -0.185269630459128
0.0770815571204506 -0.0895961940679278 0.177139316276706 -0.277366346515652
-0.0673313168670947 -0.0407907564753363 0.0243717694121317 -0.19983272722978
-0.00995008149088641 0.0493476831073594 0.109071651525877 -0.110516552810873
0.0478344339962469 0.0127463603098817 0.217022445156813 -0.20262710106705
0.0675237842830462 -0.0202467813420394 0.243374807852882 -0.336380010840333
0.0774387881371475 -0.0138410913766668 0.202680579389188 -0.375807634000089
0.0766976592231838 -0.0032031982160365 0.203101203280077 -0.32277956023555
0.0616240288449086 0.0273862860988236 0.224664405249789 -0.214128056630021
0.00637212400155727 0.0635088275779871 0.237537163717198 -0.0648259508806347
-0.0972492631004881 0.019161307069378 0.147663430731576 0.0981106142239569
-0.0138671577467347 -0.103611989456236 -0.0220822782801917 0.152120625317096
0.132431065134435 -0.0296520422756144 -0.210335191175264 0.0126982072431805
0.0994919767956616 0.114670433001341 -0.0678272231441814 -0.312965417476714
0.0214513945272224 -0.0690513534615117 -0.086904089195181 -0.457331415846354
0.0695754669821074 -0.152117759488538 0.159339821119939 -0.118747500367492
-0.0547965476803459 -0.212836204027421 0.234142010641822 -0.297978381388444
-0.236197918950947 -0.117940929874396 0.00643848286080851 -0.238906271023373
-0.210893293288937 0.0522393779511624 0.0718537408788184 -0.100972274017174
-0.125502900551278 0.110725840422148 0.202661368365066 -0.162841680053443
-0.0479413413890004 0.122746122785147 0.246948389652633 -0.301190973727091
-0.0146694274726957 0.116856579944503 0.211196961775793 -0.357760651625882
0.00115975248637039 0.102927805613968 0.206241817561691 -0.309557157607772
-0.0299398107815256 0.10211498263447 0.233607030585997 -0.208804278230493
-0.0840350642759068 0.0837690724299257 0.243838871077175 -0.0615505887931229
-0.170952951537533 0.0276263826173717 0.140833689020261 0.0961166591776704
-0.106196863774735 -0.122952549631175 -0.025087660072097 0.132857451871919
0.0531246645191075 -0.146191430770243 -0.194296266449868 0.0354806317287668
0.0579918647689485 -0.0672631525857664 -0.0863400309365368 -0.272378750115435
-0.00553060009749869 -0.274955600514891 -0.0772840888371141 -0.386486533796683
-0.0372811197894378 -0.338924978852982 0.19676175290608 -0.0213215700286697
-0.19174378653921 -0.307610576443821 0.285649571375965 -0.317999728862596
-0.374075219062512 -0.163406261703049 -0.0311549970292839 -0.295871674103163
-0.372867768953284 0.0508834044390169 -0.0204579299746101 -0.0989977913221594
-0.275434810851285 0.184597947202553 0.124593696125407 -0.101311112497133
-0.153977744691723 0.240114083371699 0.198766267639438 -0.220788400788567
-0.104736673770646 0.229504934544002 0.187729669222451 -0.285916360250207
-0.0768654891740474 0.205047795790829 0.187979872260207 -0.257379604151648
-0.126533791427072 0.183355705131924 0.233526789204752 -0.184941480900811
-0.187346275347926 0.114231501070438 0.254524903420545 -0.0571086169294749
-0.257657928160248 0.0400203129603052 0.15012108095765 0.104165465764677
-0.211246052828038 -0.134154251081582 -0.0287448720526007 0.138529532718835
-0.0538232383853255 -0.247445331936255 -0.190379253764749 0.0595770144458104
-0.009145420479795 -0.24375293884306 -0.0956561480806769 -0.200467815319982
-0.0226597178598997 -0.427516866499957 -0.0592002333073723 -0.246808934606927
-0.134064137430197 -0.463886369534536 0.252046174584677 0.0835957196138108
-0.30670767060348 -0.331425881724036 0.311762994490555 -0.333999900564519
-0.445599463995899 -0.146684701402113 -0.087397251183556 -0.343990683012614
-0.452470568041897 0.0604100204228238 -0.142057190785003 -0.088506624304302
-0.362225523629049 0.230101764850192 0.00880790103082994 -0.0206609472606116
-0.227238434644823 0.316895704605848 0.11597377573574 -0.109045173812336
-0.178449795318852 0.309366804216613 0.133658871117864 -0.17275444897269
-0.151392978453364 0.287083159104236 0.148208909892992 -0.167018512499389
-0.226166552803469 0.259169461975134 0.212887263027554 -0.131312801073489
-0.300976262564844 0.149894779177245 0.251484869132803 -0.0355178156370969
-0.359241244515068 0.0500111495840392 0.159820577987234 0.124652279828034
-0.323240739472164 -0.147033967886922 -0.0310187313689832 0.163005994232126
-0.171988919617428 -0.33758045292167 -0.187391547770432 0.0917214215080824
-0.0861025109445298 -0.400574516395357 -0.0873656060318909 -0.0954109204296696
-0.0395248909530511 -0.498891270575924 -0.0387660584624398 -0.073928856384365
-0.205541740288031 -0.482621717883895 0.308223530125992 0.160381517168907
-0.355050181511573 -0.264954404946038 0.293351536979416 -0.336808310985163
-0.413028566255246 -0.0816746140408486 -0.149055531994321 -0.350019667253145
-0.427744015535641 0.0658263101815063 -0.246963337903562 -0.0538449305732197
-0.36840536039937 0.236362570623597 -0.103293125660326 0.06609722308368
-0.256792691781043 0.339807988323816 0.0179705022410253 0.0133459745508629
-0.225630278746132 0.342030583699923 0.0590865727337875 -0.0355530544422277
-0.21365952863024 0.333547963373949 0.0889445720678482 -0.0424110335584097
-0.312182975117388 0.306150757736308 0.165317307991196 -0.0423687897787882
-0.394585969185078 0.163199818406875 0.21409838942662 0.0143654535917367
-0.435663555261751 0.0420806548449286 0.14854744836045 0.157607529577171
-0.408435057481055 -0.157958204062413 -0.0366937098613729 0.195646300324809
-0.273391182777078 -0.401539999576002 -0.175812753457582 0.132713403076879
-0.149042773856801 -0.516523467365829 -0.0603643228669694 0.0350365297261241
-0.0622442806488116 -0.485157656934652 -0.0150903360961967 0.0897381145656715
-0.239891151890056 -0.397325589380154 0.344716811737916 0.181167187118481
-0.313900554381316 -0.140580223055067 0.230392762854808 -0.316070058003506
-0.283697625145543 -0.0221397994193577 -0.191000640687376 -0.302922534436894
-0.325610791591342 0.044172545680048 -0.300072768597378 -0.00987793135711167
-0.315041041036803 0.198237736898657 -0.182096458117483 0.139248226685791
-0.244340981648468 0.312481467642037 -0.0718254989914459 0.127677637269099
-0.242633812238376 0.325797440315746 -0.022343939857326 0.107820490355474
-0.249381887718658 0.328339096558772 0.0109055400365361 0.0950978206540443
-0.358447092091596 0.294335840941562 0.0825342534955401 0.0683101532843607
-0.426579975423768 0.125192800701319 0.131083878507045 0.0849592814936467
-0.436122435864132 0.00100313063127987 0.102833303693228 0.194402609852095
-0.423014106199365 -0.159470685971088 -0.0536847110328447 0.226521547263563
-0.325124397605075 -0.424423347538309 -0.158002330286594 0.178105590711505
-0.178430581962169 -0.568291650209215 -0.0241190304393593 0.180628081505418
-0.0859177523636475 -0.401040371349095 0.0133589569522587 0.218717233765803
-0.236440312554185 -0.250300899943797 0.343515739410172 0.154123976388444
-0.215703771872451 -0.0150776440852845 0.147993234925756 -0.27082268022046
-0.12513864067433 0.0054916350178831 -0.194225729780246 -0.23024436779695
-0.199983057475539 0.00374146142638488 -0.298524446221666 0.0228644833945934
-0.229390721128569 0.134369799049268 -0.223213212808436 0.185855193536056
-0.202032065817161 0.242612142754882 -0.143321702498292 0.222445702273183
-0.221782453514634 0.262894837275743 -0.101197599230386 0.237472486205202
-0.246040565171749 0.266943262761915 -0.0777503256888909 0.223117565747049
-0.337469504450193 0.215704051767265 -0.0293358941930824 0.172590315361114
-0.363763247161553 0.047895811068962 0.0184653888809226 0.145313260541356
-0.330599519649326 -0.0405833730344839 0.0321811483495036 0.217927186785909
-0.352247785319659 -0.126460228388402 -0.0820596397346835 0.245809507326032
-0.31196644416946 -0.383309365627308 -0.150925294290295 0.214560745097824
-0.165804454526618 -0.531578112866621 0.00937794166778968 0.318343088518999
-0.0952696797061371 -0.272816546641721 0.0447544444811242 0.300778978718697
-0.198571244157287 -0.0992953501606571 0.316710721545345 0.105100100523117
-0.100329734472237 0.0662590993361192 0.0812293861654878 -0.212800483020953
0.00459565901050129 0.00186138680479037 -0.166174643345389 -0.168613776108593
-0.0929294151651946 -0.0376254424918939 -0.272867109534501 0.0357400618121769
-0.140655261958801 0.0622095698538003 -0.238939731786331 0.203300229595474
-0.143832419051957 0.143379702512027 -0.190434704490758 0.287385501362643
-0.16582051393137 0.158743166093978 -0.161392382443336 0.332517433332802
-0.191224956206988 0.155908667911824 -0.160630653097036 0.315228346102479
-0.23503042941867 0.0957108131660682 -0.139959081256895 0.237065316448453
-0.205968959872984 -0.0240373398184333 -0.0898995747944951 0.169193695627173
-0.149170611581814 -0.0360229186141281 -0.0329464319115011 0.218629531318904
-0.234607487099213 -0.0424311420342389 -0.117736782426892 0.255300359328654
-0.248396114091669 -0.271459579888708 -0.167143145180236 0.22573275754381
-0.124747230659637 -0.403332900479352 0.0267795056839563 0.418914241216712
-0.0104189556412047 0.169343455087904 0.125733336230111 -0.445495228689235
0.135954607116437 0.112237801885595 0.207739406895776 -0.116024894192088
0.104422127377424 -0.047021113172673 0.281569122411296 -0.176785048232381
-0.0461284304393553 -0.0603321315080727 0.108918420090106 -0.168027236811852
-0.0294715132111679 0.0410805274942935 0.15215638907519 -0.0479632967202284
0.0372963133357505 0.03038292450277 0.289834231095289 -0.0882002367033131
0.0711298516643632 0.00570868700075838 0.368368634494716 -0.200831814584666
0.0788696809687072 0.017541647024613 0.345374399039855 -0.253850179555126
0.0724815438684561 0.0247124462591727 0.322165981281824 -0.204002805683255
0.04702851943325 0.0481512162571663 0.294379160343048 -0.0963868495324606
-0.0196207085362598 0.0595004951656627 0.243589492981881 0.04493458698471
-0.0934996822353545 -0.0207472241255508 0.0899300428474382 0.152526276547581
0.0318064115958553 -0.0986978593536488 -0.0845484570991694 0.130368932050614
0.130572691445638 0.0270455362058801 -0.197270445388995 -0.0779594696015472
0.0414407094326492 0.145624278134479 0.0828831843268572 -0.318472803162915
0.0481939547255925 -0.0477502732327549 0.126446457843323 -0.456591671745356
0.129379726909761 -0.112896667239001 0.200210121616427 -0.0393910452933021
0.0398249815952041 -0.218957693689519 0.34227451274617 -0.164953422813619
-0.165622471827112 -0.205081147986669 0.107057007786981 -0.204195113935725
-0.21436188658594 -0.0465773391600907 0.113078503475305 -0.0468351482425098
-0.164447754963232 0.042644495278624 0.263518819300987 -0.0541096352382675
-0.0974988173192839 0.0865902836197494 0.358465363996708 -0.16411615488065
-0.0653516382845952 0.0979474027064426 0.344886973338003 -0.232107419271902
-0.0444867734910202 0.0906814026063616 0.319069947223255 -0.192478278863351
-0.0697967737864363 0.0772833556890665 0.298576882697709 -0.0890159633120776
-0.112389970503985 0.0391845155677858 0.246217323933784 0.048259759367948
-0.162047702155237 -0.0451418558869109 0.0829708459744386 0.14649014324043
-0.041321066788968 -0.156961654141032 -0.080016797049716 0.110711800402153
0.108177857730343 -0.111293456759156 -0.188931631418658 -0.051399920394934
0.0831452833157662 -0.0360314002379644 0.0505269044865589 -0.289377552561561
0.114837963432558 -0.248276808795945 0.0959488748611712 -0.38585025895294
0.114321098173892 -0.332612921115543 0.1918043725736 0.0757540313345662
-0.0435280114953578 -0.367296699775442 0.396975890948001 -0.155088220631677
-0.270056568638738 -0.309175967950792 0.0963813430737883 -0.271360650783336
-0.361896054618795 -0.120293768043803 0.0257367569706889 -0.0791195297174743
-0.333526984861315 0.0452563714738345 0.168018475064975 -0.0298343270735931
-0.246004393390438 0.148291865196005 0.280803018775042 -0.111654470383577
-0.198116258574082 0.162823588739587 0.29181588029455 -0.178414550944907
-0.160936819421852 0.14987694003362 0.281239871587692 -0.152973828864697
-0.193618566276921 0.109915218901195 0.286518216994186 -0.0705431081191916
-0.222305916986707 0.0214792137124676 0.251567180459062 0.0548173394847877
-0.246646413651506 -0.0730856788817688 0.086273179224789 0.155722604963868
-0.131085091325122 -0.213848230037852 -0.0865080505769344 0.112507503504374
0.0573430790206712 -0.250343479674444 -0.195638455948275 -0.0280671473108515
0.0998264938145698 -0.22570302550615 0.010297532040183 -0.226197137678425
0.170350563484943 -0.395837568617666 0.0438486769062126 -0.249858766567627
0.0811579775546015 -0.489624109618104 0.194051223097234 0.20192394059625
-0.137684873300544 -0.440223301034743 0.431920403757658 -0.152388180063538
-0.342489913286145 -0.325319890955057 0.0653018611125423 -0.337982622561396
-0.439080954332895 -0.144221930485979 -0.0890424806592809 -0.118409891421632
-0.433537373248755 0.0500347609411743 0.0285426898578764 -0.0069063220757321
-0.347730696394477 0.188232001490072 0.15731621624655 -0.0480407650943987
-0.302900988683271 0.20420427356088 0.194449918480287 -0.0996806673594329
-0.265232046296832 0.193907311398316 0.204021563847228 -0.0875310620451682
-0.318731424797055 0.138533966926543 0.245967809267621 -0.0315659701854961
-0.342383346878876 0.00678450139511769 0.238357354546536 0.0687093437533472
-0.340899817932475 -0.107785082443992 0.0862022267795968 0.177479258202805
-0.227508754049117 -0.276624119317807 -0.100257522885002 0.131013484031814
-0.0107399744053486 -0.383606524708297 -0.205664749607036 -0.000902503467918046
0.0979295695842984 -0.399213190529756 -0.0289172659597672 -0.129177060168726
0.187188175698024 -0.47092708774197 -0.0183663764495455 -0.0808137421902733
0.0251739841778944 -0.537303502633175 0.213533279775812 0.296408977144007
-0.209826363802424 -0.399908790406746 0.416449461609021 -0.166512499239667
-0.337690476451982 -0.254017800384476 0.0130548230849689 -0.371546065900235
-0.419002484698112 -0.128054466478602 -0.199899029854641 -0.13579528007473
-0.440958888922612 0.0531981667076314 -0.113612267046877 0.0220581181159512
-0.384885250452766 0.200768553055222 0.0139164244397809 0.0206357288449388
-0.362921273116536 0.215934916549437 0.0680160704480961 -0.00523486679039274
-0.341841164035316 0.210823831963028 0.0977465025819602 -0.00220464631250013
-0.417411627541246 0.14627482160957 0.162509712571922 0.0269061698642737
-0.435804657432952 -0.0224829866039493 0.18097720507024 0.096469957108515
-0.408313273025181 -0.151670116240673 0.0588813823558888 0.199751289533156
-0.29940062364561 -0.324895666615823 -0.121463686058826 0.157493810506904
-0.0722072849530015 -0.487294644894483 -0.213351032850378 0.0420195323472705
0.0914529452469999 -0.532207921500314 -0.0648349983520391 0.0020240480043653
0.160251035641902 -0.469524441644171 -0.0691925813889663 0.0814648605385856
-0.0473026955480801 -0.473652534869882 0.237144316849191 0.330597468007535
-0.226539580027987 -0.267453787502707 0.350946623503341 -0.178614695062655
-0.247266741514811 -0.142395918653126 -0.043702008415148 -0.351556163975723
-0.316212089142717 -0.101272563992691 -0.269662339629231 -0.12428972653496
-0.374035678874681 0.0435761223415956 -0.220103068707765 0.0527417070948777
-0.361268793343171 0.183159826220636 -0.11968826138554 0.0850904252945709
-0.370373613660663 0.197333856506726 -0.0679117493646078 0.088276471025331
-0.373035239243004 0.194031812997407 -0.0331834646613078 0.0887808066518317
-0.456531482031821 0.116369531256269 0.0393405977006834 0.0919823430851451
-0.449630379814221 -0.0708384275361963 0.0753055605264417 0.123140803577566
-0.392208948430884 -0.186774233802051 0.00125521783441945 0.212266445750165
-0.309690993896825 -0.332373052934381 -0.151712438433676 0.176169437449404
-0.108472640744192 -0.527472613874434 -0.219464172379309 0.0885509419159724
0.0855744084801181 -0.590991734072675 -0.100885672241478 0.151909527584053
0.100896420550947 -0.403341723419323 -0.0993458838781582 0.211530035862083
-0.109574595936698 -0.336295764310225 0.251837502408013 0.301557358456508
-0.190217499052042 -0.106843458702218 0.256326054518554 -0.177293203481296
-0.114882906363187 -0.0488658613413657 -0.079484470582404 -0.290564035623438
-0.184915621021847 -0.0830363327550535 -0.285408408637657 -0.0998903363526414
-0.268450586427271 0.0250304112940837 -0.279173229913619 0.0742090150166994
-0.292092517245652 0.13883528194002 -0.225876574089801 0.138786681028827
-0.32294988320422 0.149039164882469 -0.193661980964648 0.171452355802422
-0.341228126173612 0.14096026019914 -0.169024954935496 0.167838685821779
-0.402876517756733 0.0560459968657198 -0.10458505356495 0.138191920039099
-0.358255525636169 -0.114451811897793 -0.0517218118651854 0.130041136473998
-0.278777594834829 -0.181035059244023 -0.0702825016173001 0.202351122872634
-0.25930762241692 -0.270386814884108 -0.187963800256208 0.18125766071003
-0.115596441120849 -0.481788017307955 -0.229834309899201 0.124732027536736
0.0808201787136191 -0.5527783146131 -0.137281723483682 0.292030423363023
0.0347128229517213 -0.292184540259752 -0.102270307803782 0.299190970574163
-0.141107594128985 -0.178831130310588 0.247131998419846 0.238553678030544
-0.120475864032163 0.0193366614490503 0.170600519880839 -0.157118562133055
0.00354368668404852 0.00408451278679721 -0.0806492578891826 -0.22603356583608
-0.0688456290432686 -0.0724265211381725 -0.268416480977865 -0.0822705620662055
-0.154693348859086 -0.0019515899660417 -0.305396740425032 0.0809373075780869
-0.194500733808854 0.0754444064417851 -0.299084298633922 0.177191044703221
-0.224713450153274 0.0782987241777041 -0.290869088615844 0.231781260745206
-0.244568159430784 0.0662199276976009 -0.281898171293369 0.216192608991393
-0.258746737851817 -0.00867102464811601 -0.232034209363454 0.150454587484909
-0.182735164518901 -0.111922439309359 -0.157952300160904 0.107641044752274
-0.116935565081037 -0.0972154418220644 -0.127537786163679 0.176111921060318
-0.191167265170431 -0.138598827709596 -0.224501645649428 0.174384279092156
-0.108586728157032 -0.351339283232217 -0.254023613209996 0.127985019272964
0.0620562635853304 -0.41813655767625 -0.170531271654531 0.391262219482946
0.00101399783820313 0.16800618355192 0.10356185650373 -0.443649632387164
0.14054606041778 0.0998314476700386 0.202567887486242 -0.127178126686634
0.097830982714709 -0.0513912350966301 0.269315312786711 -0.1911380258386
-0.0492148232646648 -0.0539441362686035 0.0979209445876231 -0.168856338666914
-0.0238005644691226 0.042696776110043 0.150867756295141 -0.0531608450175783
0.0398564145712934 0.0264192349780669 0.284003713155879 -0.103438729766967
0.0706932847038177 -0.00106610119106055 0.3518440047983 -0.220913163753809
0.079955250115439 0.00893082863177535 0.325415759244244 -0.270083762338133
0.0744757944432086 0.0182092535864476 0.307113374771823 -0.219597532270179
0.0497602347443398 0.0435092659982135 0.285862485822817 -0.112176763054172
-0.0142936510762026 0.0593140958422835 0.245152872302051 0.0300493931994684
-0.0936090006775602 -0.0128862879523112 0.0992837292225056 0.145549344762861
0.0239543672926799 -0.0990355092982957 -0.073750981719504 0.13576051822098
0.129008652855287 0.0163934300679838 -0.197179159270687 -0.0635632208296838
0.0513460223900155 0.139494293585607 0.0623298075358886 -0.319295858816064
0.0472842894068615 -0.048185893125187 0.0997470621654668 -0.453502127513627
0.122566929590823 -0.121105249535138 0.201122269383101 -0.0519178148078071
0.027738904815005 -0.22046670657791 0.329320732938036 -0.185230432942985
-0.175790955299896 -0.192389374986421 0.0930867125590514 -0.205838452225378
-0.213520528204272 -0.0334051358514715 0.112064425738235 -0.0500133892939788
-0.15868642170879 0.051384628775239 0.260386953721331 -0.0697079960940122
-0.0911338305381913 0.0883839941129566 0.34532811472035 -0.186076103326077
-0.0577450133745295 0.0976488800811975 0.326987024297333 -0.251304534389577
-0.0390686850401261 0.0899564395269151 0.305672671221138 -0.207319839116086
-0.0629046482830329 0.0784380714159471 0.291550811427198 -0.10566505518813
-0.10860007893219 0.0444428233120008 0.248898041433894 0.0326855614547479
-0.161957461918755 -0.0329775866475414 0.0934969653632092 0.139514322716845
-0.0508634007073536 -0.152846075165487 -0.0697339521379914 0.116004739078701
0.100633842936947 -0.118660897235479 -0.188182917803794 -0.0368224320724611
0.0818530758176306 -0.0411021813885255 0.0316446122839383 -0.289346417398246
0.103262925929521 -0.249310833624379 0.0740515622716079 -0.381191822104551
0.0969870532891259 -0.336771868645883 0.198755486378429 0.0611674037839448
-0.05923099013804 -0.362021908981655 0.385021548944742 -0.179916550366824
-0.284264751780194 -0.290411341540436 0.0786141992399172 -0.270162761112593
-0.36511971700666 -0.0991767496328229 0.0245574195613586 -0.0775145717624693
-0.327988896186434 0.0636145463832236 0.165405975060883 -0.0391517125222759
-0.235588470439879 0.160724742866171 0.272466010661631 -0.128526294851235
-0.186986997511579 0.170466033455851 0.276873734583266 -0.194569855382903
-0.150885839565988 0.15658869581708 0.268931387579125 -0.165638586135857
-0.18415949755338 0.118172410494078 0.281387600366409 -0.0868698392079586
-0.220044242039613 0.0340441452544499 0.255724898472408 0.0385139840969016
-0.246099199249642 -0.0560785271766284 0.0983159969021485 0.150010176454012
-0.141255130206789 -0.20479797889965 -0.076104147847694 0.119521786092713
0.0449634133440226 -0.252811545911691 -0.193820524810942 -0.0140211100004208
0.0873922743768363 -0.227911507162361 -0.00322184558841461 -0.225567313078091
0.148919802751838 -0.398067848876044 0.0303953448491065 -0.243240716735215
0.0554737878918407 -0.488244110095291 0.208299595627416 0.184340532041369
-0.15446463112435 -0.428290426209019 0.416478060901092 -0.182110230567903
-0.355823013701152 -0.305223912376684 0.0448855228447248 -0.334064356141694
-0.445141484748959 -0.121140040423715 -0.0932539314124672 -0.111318541449086
-0.426515262357249 0.0735634696480457 0.0288229878708962 -0.00924181378553534
-0.334011171613523 0.20663308534629 0.151992804966358 -0.0583841576730043
-0.287136627246501 0.220067772897105 0.185694383851442 -0.110521383477202
-0.252981652238582 0.207043442254977 0.199117242047232 -0.0973882204481785
-0.307292492162171 0.1548209895139 0.242761261480547 -0.048218618314006
-0.341329196196896 0.0249783836777034 0.242262370430586 0.0530659558415512
-0.344043624613222 -0.0868342051498968 0.0992377373814552 0.170552891026054
-0.238090376894921 -0.260590831198442 -0.0893797402690771 0.140129161059912
-0.0290896525906579 -0.380465040313863 -0.203805030945509 0.0140915725299813
0.077820392697617 -0.39880936443907 -0.0357890579464216 -0.129057058472651
0.161045007085856 -0.470052681432804 -0.0228641375013482 -0.0746995584773067
-0.00472168980332694 -0.53184624443336 0.23147584707391 0.277921234276831
-0.223126925225962 -0.383681162434984 0.400457925881862 -0.191541147260491
-0.346829401112805 -0.235115065867729 -0.00971373404654701 -0.365110239970997
-0.424789848500227 -0.106025342723947 -0.204841528919122 -0.122320136725579
-0.435275449530014 0.077896312497499 -0.109601995724134 0.0267379173502042
-0.369630187902811 0.220496736660525 0.0151006993712135 0.0165551707285072
-0.346458994573346 0.235477287810278 0.0655143259860801 -0.0124735371235374
-0.327653785981397 0.229955607203205 0.0974554494590896 -0.00628795735495257
-0.406392115739693 0.16950510809499 0.163756050360592 0.0148494057957873
-0.436741756144751 0.00275077436664581 0.186435075542001 0.0827766230599137
-0.41177347598032 -0.127772975531253 0.0732259007244306 0.193876941982156
-0.310135532556759 -0.306230747025289 -0.110298894327324 0.167365632202745
-0.0959096924314636 -0.478653473963618 -0.211628568101726 0.0546627101854999
0.0647515193657386 -0.528184125203264 -0.0648301882526091 0.00191378715220409
0.133715909019659 -0.468834157805594 -0.0663380463139352 0.0870346167080044
-0.0714065887324629 -0.462650959165254 0.256313378416147 0.310068304579808
-0.232642984797349 -0.249350020808057 0.335157090252555 -0.198899251065928
-0.250033387129724 -0.128953896040104 -0.0647676938203537 -0.342909764335142
-0.322386878708362 -0.0838015376823141 -0.272341397441901 -0.108541378352302
-0.368376215085179 0.0662452284678898 -0.213709727965767 0.0620788249707271
-0.346123973269557 0.202369588936305 -0.113498540390126 0.0877558568290848
-0.355350085645589 0.218839713570883 -0.0638275424399724 0.0887933105903577
-0.360985023203057 0.215448232260323 -0.0273635113809276 0.0900590946075406
-0.445317124824796 0.143000931652203 0.0448590752196868 0.087117009458251
-0.453309926249563 -0.0450493177236008 0.0823903430837812 0.115662480057427
-0.398688316951117 -0.166613698582135 0.0158473327938019 0.208605844211283
-0.319395755050553 -0.313393482376424 -0.13977414317235 0.186809692540799
-0.135153911660932 -0.51591018478838 -0.215535665026652 0.102044432484541
0.0541923840790431 -0.58454808770258 -0.0912711633120453 0.150033569900127
0.0757479723381964 -0.401115733592217 -0.0888378740640481 0.216707338865777
-0.125765764160866 -0.323036268185907 0.266395866243003 0.280404806777637
-0.188296967619957 -0.0933008809902621 0.242465865025525 -0.192045335964949
-0.114861279106228 -0.0439740665424687 -0.0959396490932262 -0.280750391810304
-0.19123861067938 -0.0718238868489233 -0.286338757966251 -0.0824790522185457
-0.263998727483245 0.041131464598918 -0.272025970889051 0.088505823321977
-0.279519774750467 0.156558386748043 -0.215662546004534 0.148118140955076
-0.310003724741212 0.169395105492293 -0.184303593947182 0.17869533509321
-0.332022686888387 0.162224011574703 -0.156339667039416 0.174229277080596
-0.396691576951206 0.0801611969251096 -0.0957286972488683 0.142009462494534
-0.36594634672718 -0.0929357638111317 -0.0435932097087289 0.129481311796584
-0.286433601705656 -0.166396294976303 -0.05633463584434 0.202327093119212
-0.26676131160698 -0.253775003807402 -0.176592343667731 0.192467563234437
-0.137427685985216 -0.471803160156518 -0.227517394336376 0.138178112512206
0.0491886573892589 -0.547525870100399 -0.120509481612128 0.29053552827118
0.0173917792513816 -0.286010642781387 -0.0869522620080043 0.302890345044803
-0.149321263015405 -0.165865424059508 0.258749059382316 0.219733356357501
-0.113786321584992 0.0261512105167677 0.156668465754246 -0.166667770519897
0.00377366935115652 0.000236672409836362 -0.0936348770635315 -0.216413053940997
-0.07623406391846 -0.0680807334494368 -0.269170299542837 -0.0663663038325342
-0.15376519394767 0.00911900707835021 -0.297624020372541 0.0974156359114373
-0.186665842466032 0.0877428364414693 -0.285730602857953 0.191729257970505
-0.216704864473038 0.0953425600494248 -0.274964880589577 0.243215982618523
-0.2378423471748 0.0825407093691313 -0.267165944119497 0.22832418347715
-0.258693446116375 0.00800205758351754 -0.22108290423805 0.162701082719487
-0.190093835322369 -0.101253854125337 -0.150953483596505 0.113768642271928
-0.120766552525791 -0.0935642581140541 -0.114502663286764 0.179495861678235
-0.192232748290975 -0.12639486851969 -0.21390527533979 0.187020648721839
-0.125658587689789 -0.340314916417349 -0.249024186833988 0.14309227621334
0.0371546878223785 -0.413104551278352 -0.147372718076527 0.390282266469941
0.00902289035062611 0.164240382651173 0.0877274417797819 -0.434605472248888
0.14148829268541 0.088806311682329 0.197597491782191 -0.135268808989462
0.0924185078590019 -0.0550592752536389 0.256866250061752 -0.201534299937625
-0.0503519951139894 -0.047037922038219 0.0888900449814804 -0.16770354888782
-0.0185239142122085 0.0433141383866226 0.148503189257876 -0.0552939242229843
0.0409838776469973 0.02322981451124 0.275175394840372 -0.112821737508432
0.0687656764656406 -0.00627828818530778 0.333841242477546 -0.232254963396484
0.0787733712311883 0.000986085303699042 0.307526155485466 -0.27735298133709
0.0744224724584688 0.0126573724680285 0.292096033893224 -0.226085074263157
0.051931796218109 0.0385394770191169 0.275776795582022 -0.122015409377225
-0.0103147744836061 0.0584708208938112 0.242740503520214 0.0179378076727529
-0.0911413733737628 -0.00599995565915546 0.106575491094957 0.138243363736457
0.0174702122377483 -0.0983351904949244 -0.0638558264856585 0.137676192700688
0.125873862777459 0.00720434736726705 -0.193263816621275 -0.0516783186438295
0.0568870982734594 0.132044705480889 0.0456954492288111 -0.314697511343448
0.0471330079083313 -0.0474996622074701 0.0832262945814722 -0.442710674572176
0.116504283747872 -0.126683225454858 0.1992184747777 -0.0608248968789736
0.0186816102812472 -0.21740212178208 0.315902807648608 -0.198354313573884
-0.179157095687748 -0.180227678524015 0.0827715105593253 -0.201682409213406
-0.20878486820282 -0.0242772847529079 0.111612432814031 -0.0511206942440597
-0.153453838533801 0.0556898307396193 0.254182565842489 -0.0795363553088775
-0.0864315628391 0.0884576873498621 0.329594014327864 -0.198679109426558
-0.0526179708032825 0.0945726615302268 0.308976018022515 -0.259671502827226
-0.0339109497397709 0.0878768068469349 0.291931047100522 -0.213937929085635
-0.0578309438255688 0.0779603253642082 0.281836542954141 -0.117013612010019
-0.104328322842223 0.0479563740391263 0.247941465461704 0.0193892161851197
-0.159145977796911 -0.0229366900217099 0.100572797435665 0.132915310456962
-0.056874468439259 -0.146941287153934 -0.0607323872186945 0.119341796167792
0.0936960322965331 -0.123230573142368 -0.18401209306422 -0.0254031522749593
0.0801051635160777 -0.0449536951501311 0.017674866174812 -0.285217758901383
0.0951648964092757 -0.245886052307205 0.0593212193889005 -0.370971041412383
0.0834339399381723 -0.336127725822942 0.201609156716517 0.0493059810493137
-0.0699316782234644 -0.354199402017025 0.370728979014076 -0.195774595814677
-0.290385726926802 -0.274308772660181 0.0651984004861256 -0.262918022199651
-0.36181961441067 -0.0828355038034047 0.0244514435804293 -0.0751297356392008
-0.319314586845756 0.0749329872528947 0.163139587656376 -0.0468093545441343
-0.22554517047389 0.165281104650576 0.261255938687946 -0.140197891652388
-0.175781306869778 0.173154568149703 0.261799464558916 -0.203529189500135
-0.141873298104803 0.158266805391749 0.258612353909688 -0.173132122493957
-0.176175078731336 0.121832657842666 0.273189637568221 -0.0994351675364018
-0.214342190905499 0.0429699637928365 0.254797168620536 0.0247078062157319
-0.242658011090932 -0.0429842354360218 0.105962505709831 0.142732285307068
-0.146274349591244 -0.194068556476092 -0.0669464846897137 0.124458845351996
0.0337544875533574 -0.25171932989739 -0.18978589920154 -0.00397244432483976
0.0788563005184064 -0.225675758222046 -0.0122779290494081 -0.223187777629656
0.133763286284957 -0.392270793040943 0.0197770166281604 -0.234554858872333
0.037686100128766 -0.481408103151602 0.214912505670102 0.169426075460083
-0.164671358984224 -0.414619276734725 0.400366075049262 -0.199644514496857
-0.360453539860994 -0.287298576618978 0.0293807634533864 -0.325736800890086
-0.443115456127753 -0.102354705843768 -0.0927606755929031 -0.104233836529923
-0.415509049214356 0.0892899185198165 0.029404961316175 -0.0121129734166995
-0.319290852846245 0.215037856354996 0.147079902259217 -0.0665231515390436
-0.272613491153871 0.226821265210611 0.175739493035698 -0.118778769966917
-0.240013831164534 0.212891345088834 0.193003733640317 -0.103110272971973
-0.295637248895176 0.164225593868742 0.237008772791922 -0.0589636081701778
-0.335608062944686 0.0396832893905275 0.242680522857572 0.0395502926349412
-0.339484549432699 -0.0706655989526259 0.107133877164162 0.162517946244191
-0.242335325598689 -0.246249867950939 -0.0793241273694666 0.145717417823492
-0.0423062502903234 -0.373537899887904 -0.200618984759969 0.0248462482899838
0.063071262450339 -0.391855326970476 -0.0405277262727998 -0.126213976241197
0.140999071465248 -0.464416965801466 -0.0261501771584401 -0.0682290632765713
-0.0241176642590334 -0.519938416550016 0.240912581059838 0.260935960765918
-0.228839513385938 -0.366948720252567 0.384643207446627 -0.209451939049024
-0.34711534955211 -0.218347739554765 -0.0253874523675154 -0.354912412025989
-0.42349911835086 -0.0872615703427592 -0.203594777224262 -0.111938264137779
-0.424056687438551 0.0946820982469105 -0.105272532986851 0.0288311055495317
-0.352878320740615 0.231915692157525 0.0147846067133848 0.0125141144261961
-0.329030742075243 0.246612861623555 0.0619182216598278 -0.0179673781304254
-0.313837157673323 0.239826895537041 0.0960828541156587 -0.0100061786181676
-0.392330716893228 0.182112975242731 0.162341949952806 0.00616744793060469
-0.431511165213751 0.0210786827796796 0.187914677034729 0.0708841751560779
-0.408673925653473 -0.109152747361851 0.0832889635411176 0.186510104076881
-0.314101619996189 -0.288353151564075 -0.0987335299749905 0.173459605427338
-0.109670093577584 -0.467252830171026 -0.207539345712782 0.0651359978069361
0.0438856265182935 -0.517119457083623 -0.0639947600982163 0.000820403876975055
0.112647847241824 -0.4581705746377 -0.0638859192684308 0.0908256608033888
-0.0878243612334525 -0.447127304515727 0.265470894387863 0.290836017690075
-0.231946338528691 -0.234080861135889 0.319877873968458 -0.212983786429929
-0.249083166706169 -0.119314875071549 -0.0793041044234692 -0.330924730202029
-0.323277831067214 -0.0697911970672704 -0.270497664691718 -0.0947138573094845
-0.359602599742088 0.0811516935130889 -0.206041315240204 0.0683536551147173
-0.329688601126032 0.214398460178092 -0.108176627663216 0.0880471506697239
-0.337592132529061 0.232392768024075 -0.0612580060926424 0.0868322789700184
-0.34542919815406 0.228026033015456 -0.0221734698542154 0.0896455252201781
-0.432361945117901 0.1585115309576 0.0477489041594506 0.0817660921959708
-0.451087397081544 -0.0245356643787726 0.0870022766893516 0.108473475950711
-0.398204366405726 -0.149833097055146 0.0272139874505932 0.203066665274745
-0.322883529861176 -0.295842875897828 -0.128502026216574 0.193525517042418
-0.148660283831212 -0.502755854988598 -0.211399297280172 0.111177814067246
0.0326185283118583 -0.571780585621804 -0.0847487316194001 0.145987251520526
0.0592933447237725 -0.389975080481999 -0.0800121664875235 0.217730348158373
-0.135037545574927 -0.307621643348729 0.273262541270173 0.260936358818798
-0.182396760261586 -0.0819415506062121 0.227513621900907 -0.200075791027087
-0.113421746131305 -0.0412235600256344 -0.106522610135815 -0.269425786383638
-0.194500383719823 -0.0619947228232834 -0.28316686768011 -0.0685407784926012
-0.257558662738602 0.0537084511739217 -0.261964098286753 0.0971992355061123
-0.265399072220261 0.167000939850537 -0.206154482806431 0.152466908244418
-0.295534439312087 0.183989181864359 -0.174176451810125 0.180431457482495
-0.319396752482813 0.17719665700927 -0.146244751914311 0.17728989590853
-0.38741042652362 0.0968004210676453 -0.0880860703843524 0.143124148669981
-0.366102716071244 -0.0763257044462551 -0.0376947919419899 0.127359686547244
-0.287860244952212 -0.155937534093034 -0.0456400257290183 0.19880331978136
-0.267105403334235 -0.238963580799638 -0.16535967991964 0.199070538264174
-0.151204105610102 -0.455867635610174 -0.22156585862735 0.146351782486966
0.0286518654900293 -0.534841235687984 -0.106980574106199 0.284094147523171
0.00446074721231437 -0.276516431764306 -0.0746533204206531 0.301239395879689
-0.150574905039922 -0.152486314794445 0.262989524359787 0.201848867981681
-0.106766592659259 0.0310282422716502 0.145477388230481 -0.171321981503209
0.00395091249257703 -0.00274641397881281 -0.10249450552708 -0.206839849723734
-0.080964947242828 -0.0626394667930839 -0.267498374492328 -0.052016088828957
-0.149779849113142 0.0172729785116663 -0.287369931397162 0.108159153766364
-0.176825311029956 0.0959733539195698 -0.271855012943219 0.198923746466137
-0.206489123907425 0.106800299651205 -0.25984231763531 0.247676267927685
-0.23011042416835 0.0953271878927351 -0.251978703560953 0.235170595251219
-0.254462925787348 0.0204091843996994 -0.21036402564579 0.169418585249014
-0.193868210950293 -0.0922161413966794 -0.14329882931374 0.117983570754744
-0.122164468520787 -0.0908572887253497 -0.103754566399376 0.17818633262701
-0.188474537423061 -0.115868286167433 -0.202046234680562 0.192472268186407
-0.134199232967451 -0.328100045376953 -0.244247028126662 0.153070722638911
0.0207334559766484 -0.403929230512896 -0.130335798505415 0.38214767032249
0.0160525381452625 0.16149938059657 0.0757596359866745 -0.425864861222123
0.142108337193019 0.0799981765628329 0.194512354544022 -0.139954927049712
0.0874054636255095 -0.0563468752930897 0.247114748166917 -0.208658043630026
-0.0508321682521511 -0.0414250607159519 0.0819548402232329 -0.165021459081398
-0.0132485378648477 0.04308215654469 0.147132978090274 -0.0561109049872239
0.042107027146265 0.0205449126182313 0.269366311172848 -0.119688643913013
0.0663537551778687 -0.0102543732829368 0.319517903234924 -0.240431404527171
0.0775893626244897 -0.00567762540344243 0.294085155438413 -0.281405279770741
0.0745309719127584 0.00736750355169977 0.282893611566219 -0.230427946335888
0.0529072880994639 0.0347331427074859 0.267136050774872 -0.128903352644451
-0.00667514696154524 0.0573451143311678 0.240767428520403 0.00844445732256299
-0.0892054898473608 -0.000285225386281566 0.110880227788858 0.131983886995221
0.0122807098932751 -0.0970956018667154 -0.0556013334732855 0.139078271222667
0.122929415173034 0.000582383950243109 -0.18905417092563 -0.0424087068526406
0.0607976958348387 0.126184753833988 0.034761591375658 -0.310894620966878
0.0487110129908637 -0.0474662552802524 0.0721867487235324 -0.433231299434029
0.112389300593088 -0.131315478077457 0.198547767855058 -0.0678247892573367
0.01248637271538 -0.216140933387922 0.306197008013821 -0.208519553889471
-0.181429125305119 -0.170238893714562 0.0749492957633956 -0.197668455113453
-0.204244626363038 -0.0181986490059785 0.111610067997273 -0.0519954702865308
-0.14913296217112 0.0586119116408223 0.249553928342035 -0.0868496270815076
-0.083801345257247 0.0879669600510484 0.317306535347404 -0.207333303953175
-0.0485878044201785 0.0914591261006418 0.295155360778468 -0.265412866668384
-0.0309226462708321 0.0855390501922095 0.282832679995674 -0.218910469490645
-0.0544154643503928 0.076419329741462 0.274412174463144 -0.125776080302578
-0.100814288199646 0.0500277308612537 0.245958225433917 0.00968172818880989
-0.155864252447111 -0.0160644801702032 0.105956573764122 0.127613933340358
-0.0607511922884786 -0.142211052939827 -0.0537914662102678 0.122310437853335
0.0872849177348341 -0.126906562367919 -0.179577448378688 -0.0163116847094761
0.0782862434618251 -0.0472751147341994 0.00866048590104841 -0.280890815905526
0.0910811112652349 -0.243018212516141 0.0499254313736719 -0.362114460830776
0.0752309857810395 -0.336121067134488 0.20371831842862 0.039890762453645
-0.0760162441219308 -0.34833712863232 0.359287780632718 -0.208090388854995
-0.292524258138263 -0.262191569848951 0.0559459929853129 -0.257904459493614
-0.358936419049417 -0.0711441935835103 0.0248123140266073 -0.0736523232374407
-0.312305097395252 0.0829176391469281 0.160875027910713 -0.0517317308402787
-0.218299166955742 0.168290868536574 0.252972852843255 -0.148608770568321
-0.167319405919023 0.17377497662628 0.250506064864738 -0.209595689294717
-0.135639697086312 0.159160481542035 0.251230778724401 -0.17846532868267
-0.170211036274281 0.124487494156858 0.266564355450856 -0.107230506078906
-0.210286272290482 0.048465401089495 0.253655668643409 0.0140312890630353
-0.239070631910326 -0.0341252756386055 0.112221748702903 0.136929152369152
-0.14860147136902 -0.186839811740633 -0.0597818629005545 0.128118565556679
0.0257125289502524 -0.251350448279804 -0.185872698733326 0.00434733435640946
0.0722494587349905 -0.224033311869408 -0.0186244796940929 -0.219392945132809
0.12531886136794 -0.387628655501137 0.0137505054612362 -0.227348115550096
0.025612213473862 -0.477460780344047 0.220264625810864 0.157564977809208
-0.170675665211741 -0.405919466535316 0.388995169903124 -0.213661278129477
-0.362111744340309 -0.274095371391037 0.0186211825757086 -0.318294786722833
-0.441618076064654 -0.0872480507705555 -0.0913328753961707 -0.0999453018543497
-0.407600145070886 0.100960142339585 0.0296532965876603 -0.0141994313981148
-0.30789583533957 0.221215304718042 0.142285070502339 -0.0727239757793887
-0.260524150217206 0.230756112148417 0.167535058501445 -0.124814330009208
-0.231279665312101 0.216795130538264 0.188741737517189 -0.106806858944022
-0.287591475488106 0.169536723243809 0.232507702442428 -0.067484678427047
-0.331481494203889 0.0494322164755377 0.24216659502045 0.0286229072176122
-0.335369575436055 -0.0594973701519999 0.114535561181218 0.156259859489189
-0.244692431931522 -0.235645642371952 -0.0704507188841591 0.149741584427047
-0.0516805505306964 -0.369090626455189 -0.19711352198706 0.0331007371364048
0.0524764897565123 -0.385319265541926 -0.0435133344846556 -0.125939403666892
0.128610673271653 -0.456696404482834 -0.0283453118431023 -0.0624312418216599
-0.0355319737601848 -0.510919192388044 0.247755250106592 0.245781574058914
-0.229377701641587 -0.355746160027273 0.370909992210014 -0.221752576024412
-0.347752858526837 -0.206889986187994 -0.0367149873706246 -0.346073130866948
-0.422022180839296 -0.0741709137172048 -0.201540708950197 -0.105341101682219
-0.416654299119623 0.105886344876114 -0.102291173655957 0.0294855037798249
-0.339765522050309 0.239123586567432 0.0149028167765628 0.00961418099597521
-0.315057572105778 0.254422685113952 0.058560552514806 -0.0219916011673213
-0.303430433605929 0.246811473640513 0.0962741936433432 -0.0130999046370941
-0.382894275930985 0.192768474829552 0.160903907914504 -0.00120662329332972
-0.427810453971011 0.0349445338779721 0.189347526537563 0.0617076941548044
-0.406375845964253 -0.0968688679422833 0.0911841568938607 0.18050319936545
-0.314171104127111 -0.277238280097866 -0.0897177432630287 0.177794971317453
-0.119786389793413 -0.458490823734825 -0.20443137513006 0.0731428789637753
0.0304372398283273 -0.507887014808811 -0.0637522069047416 -0.00100339623351953
0.100508016211133 -0.450650574124846 -0.0612203828044567 0.0943611073012538
-0.0972359660835058 -0.435906094596955 0.271338268448472 0.274597096315512
-0.229312545400016 -0.222589916525222 0.306730381262618 -0.223555009078253
-0.247536327084508 -0.112225896362176 -0.0890917385094779 -0.321289471917989
-0.323162071924621 -0.0583211663173137 -0.267132051106899 -0.0857652541314102
-0.352061055073621 0.0914845063023361 -0.200477618247219 0.0716974882953304
-0.317257902394593 0.222580317930864 -0.10462898918495 0.0877845542959474
-0.324379288905333 0.241635110125847 -0.0596697717899861 0.084436360633951
-0.334521650408703 0.238003691794962 -0.0179672578279056 0.0885886923190208
-0.423654077573663 0.17134808104956 0.0503790251868942 0.0773610319790356
-0.447600728906939 -0.00943692440521237 0.0902948687726486 0.101555469348907
-0.396198559952284 -0.139240131556133 0.0352380336423431 0.198381418146816
-0.323011542859253 -0.283973308480496 -0.119647733685748 0.197849447389069
-0.158588365488231 -0.491267923906034 -0.209301243329912 0.118281812161188
0.0173162110228128 -0.561186407641947 -0.0804872718708363 0.140991796697498
0.0476681684708555 -0.38197895262954 -0.0740715221345371 0.218349381865715
-0.140089732985957 -0.295562895835537 0.277877401793631 0.24566174511504
-0.176576368804038 -0.0743571865251762 0.216328579712065 -0.207472040996116
-0.112108530829155 -0.0395900487915557 -0.113775920637529 -0.260339636940382
-0.196894512577999 -0.0548128129711311 -0.281094108182806 -0.0589749149897359
-0.252400905009425 0.0615099223893615 -0.254332533151585 0.101629221337726
-0.254657732409903 0.174357130181692 -0.198869415924904 0.154780944701166
-0.283243692664169 0.192873813851722 -0.168416102782508 0.180622161704456
-0.309350138364629 0.188031225677237 -0.138528317521411 0.179087294766951
-0.380110378255262 0.108455202441463 -0.0821622224647785 0.142371838891983
-0.365179541089296 -0.0640269200782888 -0.0327670013142869 0.125071591365998
-0.288052612951938 -0.149372854328986 -0.0376518656715856 0.195638188929333
-0.266021119269745 -0.229574217192573 -0.156723890279579 0.203334434958398
-0.160144831721637 -0.445787887792652 -0.218727247784385 0.153242917789579
0.0136368499137628 -0.524627804829228 -0.0990780992394063 0.276958311833184
-0.00416752542097815 -0.268673791129506 -0.0658590180793333 0.298957199514842
-0.151203773162452 -0.142339655383994 0.265707675491051 0.187791459887745
-0.0997265558805273 0.0333602671061565 0.135994087606317 -0.174534283959817
0.00361487586266955 -0.00549597495273572 -0.108678708792592 -0.19895463468761
-0.0847920673260091 -0.0581880872993739 -0.264681420605474 -0.0427255828380347
-0.146817430324134 0.0227079002191509 -0.279077256960123 0.114198415344123
-0.168892999418135 0.101967961902244 -0.2619239391403 0.202637297748979
-0.197884081264276 0.115152287253113 -0.250083114925924 0.249724219240752
-0.223175834593157 0.105429336606882 -0.241114896522378 0.238220701734328
-0.251131309966279 0.0302608361176695 -0.201694600420715 0.173363828214021
-0.196411727955866 -0.0853663789404661 -0.138302864851941 0.118965197849157
-0.123109004938003 -0.0900102651530946 -0.096430268729843 0.176285903712174
-0.183889905111557 -0.109044366801065 -0.194685570043912 0.196051087158445
-0.139831627321337 -0.318990660660635 -0.24073211465798 0.16082893483158
0.00721254279291036 -0.394383289180929 -0.118642117079384 0.373553479912391
0.0230086325234838 0.158302707243275 0.0674429196396485 -0.419093325052359
0.14362421815586 0.0718495581026051 0.19301360754903 -0.145987207712943
0.0828905060888397 -0.0582425518252628 0.239208818156044 -0.21632704154708
-0.050747059504898 -0.0358337226207339 0.0757388458794184 -0.163312692152745
-0.00857404695478036 0.0433214556766705 0.146513018514551 -0.0580320579722925
0.0437204231039725 0.0187270194104361 0.265276688365276 -0.126694117118858
0.064178361210448 -0.0137017436203694 0.307905469578537 -0.248774183244215
0.0761898273319409 -0.0115216594006391 0.28327557823803 -0.28901494663333
0.0747455877478472 0.00216390722081783 0.274730387546749 -0.234988043397099
0.0541695204010186 0.0309215048393924 0.26172419860082 -0.136303473612394
-0.0037103677174308 0.0564480929935524 0.240089433550301 -0.000635172281053506
-0.0879722279204719 0.00496856761123359 0.116495891182325 0.126249450708949
0.00749195471961833 -0.0961689583925345 -0.0480042008819525 0.140260226729836
0.119706295320586 -0.0060430531815115 -0.185450281142823 -0.0335829958307279
0.0646590901205496 0.120847306881942 0.0234877546811844 -0.307925847731408
0.0507074420375989 -0.048200296678634 0.0627050715737922 -0.427034391158482
0.109457005865576 -0.136713746573968 0.199080100739955 -0.0756303394579077
0.00640491487240683 -0.215478068327235 0.29675933255594 -0.218639030391412
-0.18461495833629 -0.162543846856625 0.0675163398010582 -0.193754950759655
-0.201638497174499 -0.01257835723029 0.111798947082451 -0.053373126219451
-0.144925712023523 0.0612286756029041 0.245877159165877 -0.0939298020416311
-0.0814437292691994 0.0878087343940722 0.307813328220578 -0.216966300551263
-0.0460967874519085 0.0886232606838233 0.284690735224521 -0.270839621810392
-0.0278332092079434 0.082988740036128 0.275380336416418 -0.226552118631607
-0.051745236808604 0.0756184134358231 0.268410295086216 -0.133485850140677
-0.0978673344978001 0.0524450681356973 0.245276540552574 0.000492137559030035
-0.153739926271819 -0.0092406625114029 0.111324273057371 0.122030326517787
-0.0651627599897951 -0.138451355474633 -0.0464858852339611 0.124919213346565
0.0817404737664637 -0.13010321311822 -0.176393631273436 -0.00848622702472911
0.0768211258678565 -0.0504790175021504 -7.57214007750794E-05 -0.278374319088058
0.0883676016942415 -0.242195334403843 0.0421800974029768 -0.354763167751684
0.0682745454882743 -0.337400654173636 0.207125346749173 0.0307742000235087
-0.0838807740559076 -0.345151336680757 0.349888300721459 -0.220802988539386
-0.297953312526415 -0.252066236082645 0.0472111510574586 -0.253366539989119
-0.35842795214112 -0.0602609012229577 0.0254290101138953 -0.0732306255095699
-0.307334598097782 0.0904778115709463 0.158531841761399 -0.05793766071225
-0.212212819469723 0.171413246290778 0.245725563975511 -0.156924835206746
-0.160744060612095 0.174722360995013 0.240752679531677 -0.215625367694898
-0.129528615141138 0.159729471608311 0.246100269447671 -0.184568688702836
-0.165394982783315 0.127456061343874 0.261200277208934 -0.116123271282778
-0.207581622019216 0.054732650770209 0.2535427412193 0.00374363737408037
-0.236071400600486 -0.025636065322757 0.118684246508937 0.130967994799021
-0.153009428113502 -0.180437275260243 -0.0525586673645348 0.131058016644062
0.0178916903758551 -0.251180070123927 -0.182306687259891 0.0124642642281176
0.0661891675809607 -0.223284490839972 -0.0250258378514694 -0.218768551324833
0.116307357432758 -0.385965415364017 0.0078476035928819 -0.220545671214416
0.0146357763939905 -0.47473038612761 0.225417393571752 0.146444672735723
-0.175380883138434 -0.400382702198907 0.377169755218478 -0.22786923024877
-0.365905265873946 -0.262387238829788 0.0082408947791313 -0.313400756106831
-0.441440957713512 -0.074844076394674 -0.0920928093956204 -0.0969115443000781
-0.402765823293701 0.110990399084119 0.0294381388649087 -0.0164115358064357
-0.299364039896722 0.227105714063656 0.138164637079057 -0.0787821851689044
-0.251845975521441 0.234316465498032 0.160421808183654 -0.129801265226628
-0.223494039915526 0.221857179327503 0.185828404340717 -0.112626852395397
-0.281122926859986 0.176817720677826 0.229288222127468 -0.0758022692507213
-0.327812598592105 0.0597013317081826 0.242636549716098 0.0182296471418609
-0.333244005144841 -0.0490670255306407 0.121323858690615 0.15036306197943
-0.248185620232499 -0.226479235357744 -0.0621180118081248 0.153708172830793
-0.0598344750608145 -0.366844094004011 -0.194344363165172 0.0414173067811456
0.0426330072304649 -0.383522386996939 -0.047446945115346 -0.125467818069252
0.119102415739725 -0.452931807097239 -0.0300397257373378 -0.0572953826532161
-0.0482904196169051 -0.504146209036674 0.253874134543683 0.233227619838718
-0.232495626571048 -0.346696431033467 0.36134187464808 -0.236060755568689
-0.348334405759115 -0.198897539777951 -0.0488152080554589 -0.33972009372499
-0.424239920451974 -0.0622979266895566 -0.201380915358846 -0.100359734566375
-0.410937065671704 0.11725065149033 -0.100656844415768 0.0300804218220674
-0.330040687108845 0.245628667658172 0.0138165986066701 0.00631382392634302
-0.305682573022641 0.262033014406049 0.0551166921156584 -0.0255888066615076
-0.295141313975111 0.255439231384857 0.0967523953644372 -0.0165006984928001
-0.37623183832235 0.203225345372957 0.160544211609191 -0.00833294476608792
-0.425642296620623 0.0472855071220545 0.190490527027572 0.0529892551321815
-0.40542622370106 -0.0858241614818587 0.0990107003184795 0.175371745037654
-0.318236603354464 -0.266769480928101 -0.0807002987802701 0.182733554958717
-0.13006725807463 -0.453674727127296 -0.202444857934071 0.0813035688667129
0.0195330121928636 -0.50173581565251 -0.0646006930691804 -0.00379500286067868
0.0893018405957795 -0.445953652410921 -0.0589896838038158 0.0983938576298425
-0.105875627583488 -0.427915731915752 0.278212171247153 0.261006646695343
-0.227653781787101 -0.214121245227739 0.295977846912423 -0.236052145697957
-0.246609156275675 -0.107709381865856 -0.0988295248565748 -0.314489838182651
-0.325245987525143 -0.0466188541816157 -0.26633700634263 -0.0792430599429751
-0.347154157161972 0.101505505251558 -0.196392341288656 0.0749126097840437
-0.306066698046945 0.229843103481281 -0.101992517779549 0.0871998669255008
-0.313099846157588 0.250854862205317 -0.0590966944940672 0.0832095824153035
-0.325285660264588 0.249075923642779 -0.0137270898842978 0.0880860411291244
-0.417172915160438 0.183745624890259 0.0528286256779561 0.0739633661428223
-0.448060428942934 0.00414659005292463 0.0930544912757269 0.0963154075143975
-0.39729738905797 -0.13007605518387 0.0428760439663702 0.195016431123122
-0.324203687492208 -0.273541469273537 -0.112175957018394 0.203078270198356
-0.167933114490863 -0.484402947523166 -0.207940509079078 0.125996506914701
0.00431351417721695 -0.552946992004134 -0.0780806161164079 0.136471490015565
0.0377602520888292 -0.374842927650867 -0.0676889091768754 0.220285169007772
-0.144092343412778 -0.285099336895281 0.282813202272702 0.230354461546722
-0.172540378895426 -0.0689735602250548 0.20640507684447 -0.214802849534343
-0.111174496777369 -0.0384673775929182 -0.121638377931956 -0.252967107800823
-0.199893413010478 -0.0469298095638327 -0.279694991004665 -0.051394221436627
-0.249119410075285 0.0694746832149282 -0.249900089616756 0.106540130153258
-0.244376217085961 0.180190292593534 -0.192020520074264 0.157072297138968
-0.273241231840018 0.201693447768099 -0.164168596952697 0.181736758313156
-0.29868668490645 0.199612056276955 -0.131673329587271 0.180289946731633
-0.377045557507455 0.121915850229064 -0.0758551024860169 0.142300830770288
-0.367918155350621 -0.052034384675737 -0.028933121426125 0.123486049803015
-0.290374819484353 -0.144152267032881 -0.0303707433181794 0.193602677127572
-0.264690493168179 -0.221900194143564 -0.150143286743238 0.208531481781612
-0.168229096413562 -0.43806082466002 -0.216809035388421 0.161215654854962
-0.000253451748879785 -0.516964474200391 -0.0929577383125723 0.270765997154469
-0.0118778669340119 -0.263426829865406 -0.0575520382928848 0.298818556108543
-0.152160409838121 -0.133249028830939 0.268860157008348 0.174840867774251
-0.0944781795504581 0.0363199529529762 0.127669103332262 -0.179409552898445
0.00338791575507417 -0.00815209196478534 -0.115130374178588 -0.193114838735401
-0.0891033347379722 -0.0534055284699234 -0.263761312901476 -0.0338330559683631
-0.144744923776131 0.02847779668015 -0.27212470652857 0.1204886915988
-0.161791646091554 0.107140488093485 -0.252348206730873 0.20752756372284
-0.189738267443334 0.122653118474363 -0.242304417954194 0.253337370454598
-0.216563476649106 0.114815311372108 -0.233338755485948 0.242391400980018
-0.250009648915812 0.0393529197417153 -0.195049405611881 0.177673886212668
-0.200200354048541 -0.0788623755746337 -0.134698169479621 0.120651692397793
-0.125308209803159 -0.0902769582638648 -0.0903840792989957 0.174647082529674
-0.179994008498438 -0.102987791089131 -0.188624441215408 0.201322877638904
-0.146897945985026 -0.311561199271365 -0.238827917872516 0.169247345793805
-0.00334549380503028 -0.387654036070796 -0.109707384985902 0.367329426360055
-0.000518245139912585 0.160038988137065 0.141451321811392 -0.391155023210745
0.124381683124198 0.092483967932318 0.214648787106527 -0.105489861130847
0.0886026739428447 -0.0373670070572203 0.272849643092729 -0.165875336125874
-0.0414066355857101 -0.0372320570429076 0.102501972430857 -0.143283103024155
-0.0144850633450485 0.0415173629264007 0.155462179903899 -0.0295129588350792
0.0390583091832766 0.0254596979853923 0.283566247528556 -0.075008846385808
0.0626790619293476 -0.00526063397116921 0.349487521225997 -0.184895200764622
0.0754068348403079 -0.00155175989915684 0.326625902692775 -0.22564300205471
0.0723669898435941 0.014018771338374 0.311888604490557 -0.176361495206677
0.0466381862956428 0.0372657279248645 0.279129899368833 -0.0805566878126817
-0.0132029238284611 0.0537703078900494 0.234565951817972 0.0431855546235014
-0.082970223630926 -0.0106962769653805 0.0893719955200287 0.144723220432061
0.0257067084885063 -0.092024391388386 -0.070434798127504 0.127694360996249
0.115081733147816 0.0158426020402989 -0.174839179825836 -0.0634545936927129
0.0395950102092472 0.129263155440702 0.0858905486633605 -0.30427621169071
0.0646448219707148 -0.0317651350389977 0.13851758526705 -0.402861162237158
0.127879879967853 -0.112655795127995 0.216295818630861 -0.035520266557932
0.0438431436396272 -0.201622328884793 0.334604046173333 -0.160792665315629
-0.144895290421909 -0.18135551623341 0.101699498702431 -0.177362801956553
-0.1903296858276 -0.0467717186814124 0.124638192185951 -0.030594858020401
-0.15154301203057 0.033051218826843 0.260697724456272 -0.0518197635618007
-0.0964846511594188 0.0680644078457089 0.34155150473919 -0.156693567155528
-0.0636796302260925 0.0749995470276983 0.324769726466328 -0.210132433809835
-0.0430672872807883 0.0735118331902252 0.310691614415743 -0.167877777452194
-0.0640094788574549 0.0613753409641557 0.283478232911973 -0.0781917251658086
-0.104173102848115 0.03145935736805 0.235564581323838 0.0450348427760169
-0.142776689081005 -0.0379128108845419 0.0830799688662518 0.139681666572679
-0.0356109500032828 -0.148099773229255 -0.0684799132969251 0.112334157396794
0.103426851384786 -0.111716064257692 -0.168904910130678 -0.0384519244264258
0.0856432992388699 -0.033748515259915 0.0565711572796738 -0.280471770839184
0.135053465030166 -0.210138760926826 0.106636429179452 -0.337787829543792
0.121449387856916 -0.312131586722801 0.212871074086418 0.0692490716572288
-0.0176319358096423 -0.341052958994052 0.389358825434829 -0.158505561483415
-0.234437607828433 -0.286872197746039 0.0941941119158828 -0.242300007545786
-0.331128892615919 -0.12242283985168 0.0459040239868997 -0.0649495052642817
-0.314090055494573 0.0315881008174312 0.170113444676593 -0.0354338394841596
-0.236892401291394 0.126663395485349 0.267361596869713 -0.111438629011771
-0.191388144592891 0.139535234395094 0.272838138456302 -0.165878859062828
-0.157110470095957 0.128259113447943 0.274135194154649 -0.134420464189102
-0.18461251476591 0.089738399557525 0.271902020904161 -0.0634907980879782
-0.212705993319012 0.013496398195943 0.24030814905806 0.0494627162962824
-0.217510466764174 -0.0711423821660689 0.085951176975294 0.15047995043365
-0.110407395319318 -0.206555810931485 -0.0780497691739001 0.11685228168395
0.0662878966587711 -0.240962921421002 -0.178705772524058 -0.0204569722981847
0.110810164224642 -0.202917336857713 0.0182877580251905 -0.226946451967564
0.187331650927747 -0.342726315302432 0.0510135659882427 -0.215062473690105
0.0920437021948397 -0.451435547791468 0.215192793506888 0.18420305195223
-0.0957736246837422 -0.407511009891698 0.41998163496885 -0.160866917539897
-0.296144021700442 -0.309284140496822 0.0676284874961035 -0.308297971618493
-0.408166113894932 -0.150721126881922 -0.0621163467639876 -0.109247057456398
-0.409188261114747 0.0335816912841953 0.0369591999292552 -0.0212572507142393
-0.329899045004449 0.165907071499024 0.147411358651176 -0.0558315149584019
-0.291153766265482 0.182797578267043 0.178597212878718 -0.0971213479790179
-0.260153811447537 0.171448963140454 0.201270528263637 -0.0764700502834014
-0.306611806545906 0.116930972401534 0.230957694669359 -0.030297347549977
-0.332126399364043 -0.00613674213847775 0.222857875050287 0.0623116986093435
-0.306444811246987 -0.115280428650645 0.0826167279510166 0.169002269508916
-0.191456032509109 -0.273034430670534 -0.0950318128138904 0.136810523046891
0.0134940216825987 -0.368328137061551 -0.196432663637578 0.00339065097846282
0.11885151847873 -0.362221019703302 -0.0231558009381384 -0.14093926921708
0.200935190027665 -0.408280131934578 -0.0159045988626075 -0.0631335930012042
0.0356172573075036 -0.488561025633564 0.229142276308088 0.270509532427181
-0.158209206340832 -0.366865213501912 0.40079054739294 -0.173759026778842
-0.28853736272931 -0.246988420346675 0.0145985087847462 -0.344842696570173
-0.393967569772228 -0.137410620781806 -0.170060383610628 -0.132176719547448
-0.417438573411715 0.0378683459948867 -0.0998686540217113 0.000665638215361646
-0.361865880869295 0.180533574768163 0.00854681757859673 0.003460998590504
-0.34840357592995 0.201803637545738 0.0572289739181757 -0.0163062388008997
-0.335127284869875 0.190708229882448 0.0961445352511143 -0.00054476628344979
-0.403304058883765 0.12616247886163 0.14980441147641 0.0216699514366282
-0.42352401518223 -0.0359984419416146 0.162897196496738 0.0851413715560936
-0.368129021412542 -0.166535932056757 0.0528614519772344 0.188576668253673
-0.249968459123077 -0.326707816876212 -0.122119806445401 0.160696978381879
-0.0343968572937924 -0.465557832072115 -0.213704856728285 0.0389461057682195
0.12176766283202 -0.481864165716811 -0.0663147367410906 -0.0232808538484173
0.167399046055372 -0.40633471243194 -0.0716848831944158 0.0834338510131483
-0.0332497708315886 -0.421501562049273 0.246173307500272 0.297930663003732
-0.17662298805504 -0.237772981449478 0.333869671602124 -0.187164673854522
-0.207851313331697 -0.143503161615987 -0.0400679296529564 -0.327997937220413
-0.301468369155163 -0.104759579521871 -0.240130197757912 -0.122502675162812
-0.353479111913929 0.0354258873947685 -0.203224731382056 0.027568856182055
-0.336626555447826 0.169884694878946 -0.120715451154999 0.0621095374528073
-0.353071669621949 0.189037062542603 -0.0740838476125719 0.0678551141971469
-0.362731256612174 0.179614052549396 -0.0324434895858091 0.0796760161763848
-0.438938048865573 0.101191107670239 0.0306413798633632 0.0786961072656216
-0.437571878998799 -0.0841329666165247 0.0577939973353512 0.108170770603276
-0.352912770796077 -0.208339990424343 -0.0061047493345347 0.1947531662824
-0.25322218476791 -0.335740500712812 -0.157519803703042 0.175496718273376
-0.0649798926176658 -0.501820296179348 -0.229200979036474 0.0813811527243107
0.117431613655526 -0.536342217729392 -0.109777650776369 0.112464743375923
0.10271240268691 -0.351394711570155 -0.10393495653874 0.201349986085735
-0.0940667648969633 -0.291758026003954 0.249961179634556 0.266176990040082
-0.14868806936857 -0.0900458344977185 0.239209577574083 -0.179498989967877
-0.0933702945180679 -0.0564902404337088 -0.074593902062602 -0.268975895963679
-0.181781680869516 -0.0808308316169663 -0.259484007901527 -0.0969523762299385
-0.251323383545973 0.0221321228076147 -0.261758348094248 0.0518183316112902
-0.265587156104655 0.133732850390535 -0.222500083112827 0.113621366400744
-0.303809658467691 0.151254671685461 -0.194134140469199 0.14450589054049
-0.327740848817372 0.136958213616088 -0.163275345334907 0.147722827703776
-0.385535965561343 0.0488139977950806 -0.107308233096881 0.120906381806134
-0.349327302337606 -0.12353000314648 -0.06278081783931 0.110892546863
-0.247668341957801 -0.20005128638032 -0.0751506646755342 0.178224805012821
-0.206934782206196 -0.271378035309535 -0.196139261127525 0.173958735825318
-0.0739892785044797 -0.456890685589833 -0.246591668493573 0.114070850399871
0.104652452499159 -0.500855904094535 -0.15200367579644 0.243620858592093
0.0332187948847167 -0.254913889692031 -0.106782062013661 0.279600804254317
-0.125675339675638 -0.148226801329332 0.240341253268688 0.207829437001938
-0.0923197873251185 0.0216678001525904 0.152974368946418 -0.15643544358044
0.00766556181135144 -0.00828808338407613 -0.0788850732988551 -0.207423913287716
-0.0747916365971609 -0.0669880506892027 -0.249998108260346 -0.077190773758458
-0.14308680548025 0.00139248927665249 -0.287735913018304 0.064496294166711
-0.172128597320784 0.0783646178833855 -0.288896078895169 0.153747206836806
-0.206825139792371 0.0885047943258484 -0.283283141784008 0.19904132664796
-0.230527226136796 0.0720443669675632 -0.272847272170187 0.189851346642976
-0.249455600664494 -0.00627857948859905 -0.225233000313256 0.132602282801757
-0.181485746491995 -0.116658787796481 -0.16009072418232 0.088168285237604
-0.0995355430164667 -0.11560205518601 -0.124978392659335 0.148509802037296
-0.149288786019185 -0.137140063227786 -0.23031644517408 0.161101171935953
-0.0790880530326748 -0.327693570077103 -0.271870172982319 0.119247995799675
0.0750085713570042 -0.376891355349761 -0.188900157599519 0.338035890600066
0.00657016723562133 0.155589475293299 0.13086040205477 -0.383233005951098
0.124713657953025 0.0831072424602623 0.212192899181763 -0.11059871322124
0.0837016335330558 -0.0391284784191098 0.26258412867148 -0.17430391029691
-0.0411447446179386 -0.0314823443968919 0.0946966130697125 -0.14000980167791
-0.0104256612678181 0.0408167685476229 0.15365261018538 -0.0310223156871237
0.0402113827419364 0.0223628873767552 0.27608761890758 -0.0817708117291898
0.0608836432331745 -0.00795569747291684 0.334646914357886 -0.193272285222505
0.0729129388382761 -0.00758578655009105 0.313457052060418 -0.230316758398647
0.0716723766748133 0.0081859884894407 0.302620483336928 -0.181371968899412
0.0487832486361312 0.0338938901298779 0.271413391325939 -0.0878736661614841
-0.00980620320639843 0.052709963618953 0.23158593449738 0.0331488747593294
-0.0818703621814082 -0.00505850370405376 0.0941972628862998 0.138210822819047
0.0204785672804333 -0.0906802614042542 -0.0616595523475794 0.129008291673356
0.112399190613235 0.0093169504078113 -0.17086918236025 -0.0545043092511368
0.0439520005649888 0.124159594479494 0.0737488884122463 -0.300127448447978
0.0661870232214262 -0.0339356364941627 0.126653719359132 -0.392943344067206
0.122887026416657 -0.118218332812271 0.216128331144666 -0.0427203718354342
0.0371673237262676 -0.200121719888898 0.322968217381688 -0.172497701830085
-0.147518673813186 -0.172028385672163 0.0939669772726292 -0.173028883195696
-0.186236000874955 -0.0406638367394469 0.122928378958333 -0.0321114762460519
-0.147522714320686 0.0357346423509515 0.254344072533665 -0.0590040739458287
-0.0927996309444458 0.0678664377665745 0.329143610980397 -0.164709215969238
-0.0605684069013894 0.0722298418679526 0.312459075376304 -0.216207436922159
-0.0394796806048762 0.0706306134940502 0.300960003611143 -0.175243861893531
-0.0604311535087247 0.0604139912654128 0.275137266297892 -0.0862963622506307
-0.101129095732217 0.0342882389178163 0.233879245111759 0.0345504484702613
-0.140023900570345 -0.030568949914622 0.0885438394357585 0.133817901666562
-0.040911533015821 -0.143349878276175 -0.0606236316243026 0.114146628672225
0.0968881166746042 -0.114566349362243 -0.164479783546592 -0.0301479298991096
0.084326287467645 -0.0357518644389076 0.0461349056774688 -0.27645833358098
0.130461429040435 -0.209171771351697 0.0964407225333985 -0.329567860218064
0.111921413887509 -0.312652971235497 0.214318541968448 0.0595423480093599
-0.0249182717161149 -0.335169887891142 0.377101687359343 -0.171822032802744
-0.237773005623615 -0.274720616715313 0.0841219850753622 -0.235940316673015
-0.328872510998344 -0.110528613371817 0.0451380266435786 -0.0645890775394248
-0.305958458152104 0.0390184778102099 0.166598220510766 -0.0405816160617827
-0.229207144147967 0.12962223354067 0.258461121421479 -0.119153092870289
-0.184279106123624 0.14002128631907 0.261596920667021 -0.171287054792728
-0.14989504997633 0.12999530431667 0.266313372064168 -0.141591299438581
-0.178240453885751 0.093374941989347 0.26491526453526 -0.0726892256631552
-0.208233145803033 0.0200138149490974 0.238300322931176 0.0385272826631119
-0.214369079354672 -0.061571640219522 0.0913690453543663 0.143614956240474
-0.114633934172908 -0.198288337908144 -0.0700836737627722 0.119969951456629
0.0574039377294736 -0.239613947914347 -0.174807308074578 -0.0121706560181026
0.102956514882907 -0.200502424151393 0.010608725066389 -0.224834234231253
0.176714873387978 -0.339124143922963 0.0431290030915127 -0.207296592910907
0.079354253076521 -0.446666032539413 0.218946100500615 0.171710796776049
-0.101278886255493 -0.397058782075708 0.404621695301885 -0.176706312486135
-0.297146912104687 -0.295646306666893 0.0541684849244828 -0.301778309738274
-0.40569315437819 -0.135643343565368 -0.0638283046691049 -0.106370975154826
-0.400691849853414 0.0438695414092006 0.0352881304571539 -0.0229247688804704
-0.319012406516405 0.172154190184985 0.14247085945576 -0.0620434259484266
-0.28045128719154 0.187151300806873 0.170588604741572 -0.102283907250511
-0.24997555916909 0.175502209225921 0.197062701652495 -0.0827746302896405
-0.297080867390328 0.124037061827471 0.226509894033242 -0.0393375066738679
-0.327209382444252 0.00499292961974886 0.221928256276203 0.0517600125241125
-0.303526743027684 -0.104289516554346 0.0887525825073811 0.162532202820725
-0.195494085052072 -0.262093659653514 -0.0861094865206915 0.140177237134391
0.00339155180093704 -0.363301716386157 -0.192125042077247 0.0124660841514435
0.108013998312547 -0.355586237221261 -0.0281623950060243 -0.140790454507639
0.18722378050358 -0.403148929240734 -0.0186596775636725 -0.0573515002918156
0.0224917553406665 -0.479470402969502 0.234501479742377 0.256241095266092
-0.162337430428916 -0.354239318683475 0.388113395507694 -0.190059594737177
-0.289246537180388 -0.235484442278381 0.00220535668182992 -0.337011456522382
-0.392110057649206 -0.12143848867363 -0.170714869707434 -0.125778985853019
-0.410393508534803 0.049630273386334 -0.0983785831270996 0.00245419777004353
-0.349672180216343 0.187940849387871 0.0083025814706861 0.000181154091111745
-0.335630102850926 0.207277694570332 0.0528638870180137 -0.0195340601125989
-0.322393459593444 0.196888446714686 0.0957724117662299 -0.00520151068309058
-0.392270973900219 0.136701122232396 0.148296260368437 0.0138648553729877
-0.418866304195196 -0.0231562714451271 0.163863558480432 0.0767691186239395
-0.366407868545249 -0.153572228163461 0.0600710020565321 0.181818684723004
-0.252495716930404 -0.312946646361914 -0.113054356514645 0.164508464531849
-0.0455478580544402 -0.457738221672991 -0.210876478977704 0.0480275776955772
0.1053975757771 -0.472913167983679 -0.0678127919433668 -0.0257274482650052
0.153017197515303 -0.400892562365046 -0.0701248064446065 0.0869480977792222
-0.0442138300870597 -0.411450104276079 0.250617211104999 0.280854950249997
-0.175132466789404 -0.22636254854691 0.321069753437103 -0.198706628630703
-0.205720292370271 -0.137600804138525 -0.0521339025216263 -0.31872449648335
-0.301286237973817 -0.0934459316278864 -0.239781549540316 -0.114703987489737
-0.34785474155675 0.0449408527662384 -0.199103821782364 0.031192429523902
-0.322588504165712 0.177053306369445 -0.116596566595574 0.0611487452105119
-0.338972232491554 0.197454068345619 -0.0732045174868961 0.0669110078133863
-0.349285463366662 0.187991927784686 -0.0284709645604433 0.077357117580909
-0.427622777626254 0.113541531931471 0.0323053431321472 0.0744687674300261
-0.435395272347189 -0.0699097718103248 0.0612662916194612 0.102511253797139
-0.352151179425474 -0.195896542282397 0.00161999843965626 0.189902254972636
-0.254712713573221 -0.323498649196661 -0.149080857527257 0.180269195027861
-0.0756400342819538 -0.491584630509431 -0.226303324102271 0.0893213567872801
0.0997469219850642 -0.524996288122186 -0.107152736630238 0.108151183506967
0.0918591325612557 -0.343849323560769 -0.0971838372681618 0.200941256923133
-0.100008424584541 -0.280099273496621 0.253183854884295 0.249679897470341
-0.143549289742587 -0.0822373129092911 0.225983798381052 -0.188253491683726
-0.091233014716588 -0.0554000840802993 -0.0836108187322586 -0.260307644306623
-0.183352493101874 -0.0734643607766054 -0.258536768618256 -0.088318493453385
-0.247094697600853 0.0305651236480871 -0.256508252568786 0.0573459113796361
-0.25490151618573 0.139425978697599 -0.214257611984277 0.115846196564092
-0.291959992435977 0.159504197963025 -0.188189199362182 0.146110989372095
-0.317976159143706 0.146980924686574 -0.156429461350722 0.14847477928763
-0.379432309161281 0.0629046159487785 -0.101289257663336 0.119709090611678
-0.349675251049401 -0.111250524901369 -0.058654191406524 0.108799335948931
-0.248920766105862 -0.192706780686424 -0.0672379350187216 0.175213129735843
-0.205954556378939 -0.260539350635539 -0.188531684402689 0.178916774346776
-0.0834836522009552 -0.445300729524652 -0.243741755708254 0.121998210093824
0.0877033340141108 -0.491029848171098 -0.144433257519574 0.237130307453814
0.0233907711529856 -0.247731372327842 -0.0977612747073555 0.27674206683581
-0.126637092069333 -0.13926488265456 0.242569690921595 0.192547735278674
-0.0867951619547247 0.0254730168120248 0.142030175869602 -0.161926676878462
0.00789523556848832 -0.0114190964800352 -0.0859939049971916 -0.201347032327206
-0.0785879423624762 -0.0627506077087427 -0.247684255654101 -0.0687346936180475
-0.141145746201346 0.00700448325592614 -0.280925239020424 0.0717615090063635
-0.164097791874823 0.0833018074218155 -0.277657691827699 0.157602069835746
-0.198824492356113 0.0960802742704112 -0.273065342402849 0.202787877380945
-0.222942454541765 0.0808011902435128 -0.260870648028767 0.194891662484384
-0.246187710082932 0.00391403427100692 -0.216804207915095 0.135718065532103
-0.184750324110928 -0.109666144172826 -0.155286348522022 0.090619374931768
-0.101066636816263 -0.114105707040892 -0.117937294122791 0.147029039433767
-0.145159327780593 -0.129394277748773 -0.223354653181385 0.166141059208159
-0.086949646182622 -0.317960533817685 -0.268126499073536 0.127907694468067
0.0612281049680988 -0.368376286340256 -0.177298905800875 0.330349602742437
0.011562804092561 0.151464197926023 0.124156976283345 -0.37285954051144
0.123203493717961 0.075334458941937 0.211406330064141 -0.113561113242869
0.0792437495725146 -0.0406989691147803 0.253897806943708 -0.178301733509597
-0.0404350940466238 -0.0260756960629468 0.0897283200854506 -0.13485084242907
-0.00704005603117477 0.0403981042233518 0.151551775201391 -0.0309005186219739
0.0411174913226079 0.01998869191601 0.269808823405982 -0.0856717686419445
0.0585411196418398 -0.0103390252059639 0.320787392325412 -0.19441319988528
0.0699002892371177 -0.0117241268127152 0.303296486195629 -0.230964678495763
0.0708678497533394 0.00349035195436575 0.293511630516142 -0.18421582208132
0.0492545590369519 0.0302832448334347 0.264623679656302 -0.0914799669777779
-0.00749449058299282 0.0512701423069349 0.227075927452241 0.0263652570487961
-0.0793011164481795 -0.000172651891717029 0.0967577661679696 0.131864258113481
0.0159784656846547 -0.0889587000638748 -0.0544554540259898 0.128329177212125
0.108912501071515 0.0046858359775351 -0.164443549392609 -0.0481730029478372
0.0453128541395699 0.119349489437165 0.0646257342074959 -0.29396705011524
0.0667293803561259 -0.0336016849938217 0.119728533205066 -0.38059991699174
0.11930899585747 -0.121700848861371 0.215434769961755 -0.0471293136625846
0.0324697219870654 -0.196973804603199 0.311351906852116 -0.178594531838075
-0.146309023765804 -0.16321018368073 0.0869850639156339 -0.166617436204647
-0.181439993893264 -0.0360307417736658 0.121581034793449 -0.0323248085096225
-0.142530230768707 0.0358377950097735 0.248820885313901 -0.06265484866295
-0.090652796459304 0.0667218876542376 0.317129700645164 -0.167974024072493
-0.0594580690679587 0.0692524841085258 0.300778094141983 -0.21638183976132
-0.0372506823407494 0.0672774420404307 0.292400330722488 -0.177425654719692
-0.0574162041819402 0.0591364163188612 0.268085782534035 -0.0905272299609485
-0.0974797569807469 0.0359361588095035 0.230317678532498 0.0270427361189829
-0.136421849732098 -0.0246197769773092 0.0906456015830376 0.12707942879036
-0.0434478392138113 -0.137323389662062 -0.0542772893663116 0.114882162185475
0.0909151593291065 -0.115381948548232 -0.158224173057296 -0.0238136569023247
0.082185179229858 -0.0355267905259236 0.0385246775070971 -0.271762426969337
0.12750161032786 -0.205946371078781 0.0905450961393046 -0.318174761595452
0.106170113604485 -0.310185413928105 0.214281548247076 0.0524579362429201
-0.0277405287068973 -0.328599430189167 0.364250977850537 -0.1796643038882
-0.236250021850303 -0.265211732581821 0.076896195310054 -0.227722522759075
-0.323598732760132 -0.102306150117813 0.0442417117102983 -0.0634198573161801
-0.299104601620922 0.0437501132064486 0.162702620971703 -0.0433250232523881
-0.222372820764452 0.129733920050125 0.250108127503701 -0.122765061071271
-0.178799664438778 0.138407497944894 0.25163721876902 -0.172979040453495
-0.144760251533764 0.127369601789848 0.259462024890778 -0.144672842044785
-0.17206899814778 0.0930472623621671 0.258546507336286 -0.0778822033235834
-0.203223664301699 0.0238732345574129 0.234819590619157 0.0307459427250651
-0.208949643003888 -0.0553147525564667 0.0945416583853783 0.137577957196106
-0.114957812449341 -0.191160735381288 -0.0632763948675531 0.120235462567162
0.0510839529420244 -0.236331797711722 -0.169059815469114 -0.00646463937193451
0.0989299002924262 -0.19522908662384 0.00602982705958717 -0.221462465327993
0.171455094326312 -0.332006103397712 0.0394675879182088 -0.198993016509515
0.0716334313909828 -0.439698871968662 0.219925101248292 0.163179229474739
-0.103388247320436 -0.38792358721885 0.391588035509814 -0.186521877782933
-0.294874489812948 -0.287517149188618 0.0461546022726646 -0.293429070256422
-0.399884446778103 -0.127553892920874 -0.0637499552401718 -0.102735199565283
-0.392130794373054 0.0512472026362487 0.0342758976168053 -0.0237399746198918
-0.308962946159969 0.173148000184366 0.13835392632235 -0.0658891073857746
-0.271873529880754 0.186617283656904 0.163842314093394 -0.104378162860926
-0.241068734728163 0.175809121292024 0.192826476245033 -0.0868111832396504
-0.288562168174429 0.12732092598508 0.221252237952086 -0.0448838908597313
-0.321540914913197 0.0118297782161699 0.219906450556418 0.0439824959220804
-0.296991937493625 -0.0954920047639022 0.0920795139594613 0.156228113666338
-0.193605310903424 -0.251617705225137 -0.0788730259687323 0.140756077900628
-0.00182329810728793 -0.356612424732927 -0.187795231752051 0.0178756011216734
0.100400910076755 -0.344889989056784 -0.0306769000631318 -0.140109020938523
0.178902750700645 -0.394789550257865 -0.0204060054169526 -0.0518808574124187
0.0160777014258861 -0.469131473076829 0.235096063783341 0.243204866319695
-0.158903845983667 -0.342880872050287 0.373333523323581 -0.200214446829567
-0.285277126304169 -0.228129011466376 -0.00714975654923373 -0.327888167824519
-0.387771344290627 -0.113320801242614 -0.16972375198151 -0.121347350521111
-0.402613026254398 0.0563322509199234 -0.0972115207186621 0.00330380380422012
-0.339590416585883 0.189306275342202 0.0083746990562611 -0.00325118315250693
-0.325340895577584 0.209964706753627 0.0492893473305909 -0.0219707192040935
-0.312518031734696 0.200128844998226 0.0948314562138754 -0.0087991461343364
-0.382127710625933 0.141913093189233 0.145618942331964 0.00862915376865215
-0.413031722580387 -0.0138688721199456 0.162509747436749 0.0698429978088861
-0.361152918665366 -0.145298401337279 0.0644228864129343 0.175421524662992
-0.250029120095682 -0.302722908781719 -0.105389702507181 0.165296504627057
-0.0516752966071579 -0.447274303430095 -0.206940187500768 0.0529501048696078
0.0963587050547668 -0.459386066547628 -0.0680719473840983 -0.0279080725410477
0.144167176701544 -0.391530325814785 -0.0693801117846049 0.0889576982973229
-0.0493165053397795 -0.398508874501414 0.250607778738372 0.267600507640723
-0.170131472444365 -0.21661606073685 0.305315163939699 -0.205874493044959
-0.201687787843513 -0.133238209601189 -0.0596129453902598 -0.309902194865948
-0.298750693684801 -0.0856852272263518 -0.237375409055392 -0.108370783624134
-0.340756951019233 0.0527202027370832 -0.196061220519023 0.0338737313561864
-0.313354352714062 0.178529939477863 -0.112937303506282 0.0593325828114243
-0.328861529248301 0.199599741818599 -0.072330192587251 0.0653555441794346
-0.339422510993191 0.192903316826796 -0.0258648592308749 0.0744536067264041
-0.4178160983581 0.122411110300321 0.0332017779099129 0.0698813892723228
-0.430470871373348 -0.059376107036586 0.0621798445500742 0.0973768029776296
-0.348198496910913 -0.189402838441585 0.0064430849171535 0.184539974823744
-0.250032056116263 -0.313830816178322 -0.142139498417066 0.181281369475336
-0.0810962411836499 -0.481258721322557 -0.222917627314328 0.0936937962601156
0.0899149199771012 -0.511085114678243 -0.105579416934917 0.102611494892341
0.0817580939991524 -0.334637951769 -0.0935608597103327 0.200253813582529
-0.10321911491387 -0.269471641040378 0.25222036746188 0.235079196942988
-0.136875056001051 -0.0755401736607212 0.213175690629736 -0.193270053442052
-0.0886485957230431 -0.054887326558916 -0.0895425588331664 -0.252719305618507
-0.183398602355942 -0.0669395052794229 -0.256940717997337 -0.0817366787148673
-0.242259374929065 0.0356987186218612 -0.250398287098244 0.0602014224956046
-0.246034141772382 0.14142969036333 -0.206961723442687 0.115012263361359
-0.28174608126215 0.163514996517616 -0.183948480664527 0.144076789060925
-0.307781669965822 0.151038223443094 -0.148920690677336 0.146649978627307
-0.370505445740191 0.0709241548413672 -0.0966925693789887 0.116819323032416
-0.347390004920469 -0.103062542523928 -0.0557301538284431 0.105535572012826
-0.247300288518086 -0.188583136773202 -0.0622976431862072 0.170801739617014
-0.199855371168253 -0.253477975917978 -0.182284444196511 0.180714126479179
-0.0885220067236038 -0.433390256230536 -0.240704248429768 0.126924248778244
0.0781920046738442 -0.477109376533989 -0.14067813728675 0.227993866028697
0.017101067785613 -0.240920943514821 -0.0920431529032182 0.272592856717304
-0.126118504329892 -0.130064704321061 0.241033390255276 0.17886561696278
-0.0800103007988327 0.0277157979460746 0.132743502160674 -0.163223309382118
0.00701943901742745 -0.0139925545849754 -0.0901266677610779 -0.194423320625102
-0.0804996772560897 -0.0582628276456094 -0.244944011709806 -0.0615350751420493
-0.138895664128199 0.0111388225097893 -0.274128307771159 0.0757428444547997
-0.158650731543474 0.0845053757691515 -0.268930224478145 0.157107224655905
-0.191735955489396 0.0991489591008659 -0.265368379899854 0.202634644512863
-0.214654163076389 0.0853087193537492 -0.252544424076311 0.194212887301502
-0.241906033520273 0.0102779601483677 -0.209961317876805 0.135643536048932
-0.185690685005582 -0.10423996667342 -0.150774879192349 0.0897325139287497
-0.101577223782075 -0.114811873924471 -0.112422978374785 0.143630783661571
-0.138471965397398 -0.124244872753217 -0.216792317398558 0.168018635200007
-0.0898034884387038 -0.308536979861228 -0.266124593440488 0.133320251607001
0.05261740219399 -0.359197384988664 -0.170817910323955 0.319718681005606
0.0152227031091053 0.147669026466552 0.125586519960246 -0.362136302156331
0.120558074749065 0.0695232183610017 0.213264791140026 -0.115901309170141
0.0766220961536183 -0.0407711395566224 0.249341812363203 -0.179797682646228
-0.038991810263684 -0.0218279020194689 0.0881227554334579 -0.129544528218181
-0.00368203020370649 0.0397113389082448 0.151877388846132 -0.0290305157844295
0.042033759062958 0.0185519948196962 0.266182440606471 -0.0861088007706614
0.0572609336364873 -0.0117163499880274 0.313679047852439 -0.193115814310414
0.067559864381975 -0.0143217752253012 0.298636661931552 -0.22738940852936
0.069866896133934 1.21199368869618E-05 0.29043694926374 -0.182659912000021
0.0496779281474101 0.0274391597275257 0.260207635049911 -0.0922805001662494
-0.00572925522567293 0.0504082790161783 0.224762768425946 0.0227690163664684
-0.0770697958788227 0.00340586315584189 0.0975091087942446 0.127906897283158
0.0130408954533292 -0.0870045650987279 -0.0495588339763248 0.127164054383069
0.105479875905781 0.0021564877864574 -0.159021921296563 -0.0444488154800448
0.0458088583268951 0.116676664955017 0.0608880951129021 -0.289457221383277
0.0688628260667053 -0.0334379353827141 0.119862973801276 -0.370671843579847
0.11673208425782 -0.123873006733479 0.216311092058708 -0.0498566393486171
0.0326734122782988 -0.195482281908597 0.30593354879231 -0.182920124966443
-0.143455797928174 -0.159019770142181 0.0850028678690996 -0.159949766148122
-0.176970275393975 -0.0348546427510172 0.122214482520657 -0.0306625353979117
-0.140175653474711 0.0356674497706425 0.246399395087784 -0.0625053485823096
-0.0895849562812686 0.0647713153092725 0.311188555567592 -0.168598325218681
-0.0596661823703558 0.065998123541762 0.295653833105991 -0.214727602623214
-0.0362517467998083 0.0636798988870383 0.290001184335966 -0.177340602718833
-0.0551947066629988 0.0564852040514346 0.264857013426949 -0.0917954897981824
-0.0950609603897988 0.0361205321024862 0.228619864447444 0.0224717384659457
-0.13262656726623 -0.0206565948532681 0.0919546862476974 0.123548438152492
-0.0437887993425887 -0.1347219936102 -0.0492440114143778 0.115010559620596
0.0878162488785006 -0.11521669844275 -0.152748655008945 -0.0203783584054862
0.0816860984213545 -0.0342547940139941 0.035812364207346 -0.268349912543454
0.128183088407822 -0.20221631160138 0.0898828826474002 -0.308610875524915
0.103620763401112 -0.307921888865493 0.215004735812264 0.0491175342722484
-0.0275607931642002 -0.32563020376162 0.356242377463616 -0.186604523775781
-0.232910697357004 -0.260797252790126 0.0731158814338965 -0.220751180328307
-0.317521995522916 -0.100525116919108 0.0449710578564375 -0.0617511045251777
-0.29587937972049 0.0435688119091201 0.161042850554085 -0.0433692240690805
-0.219418869262485 0.127635956827798 0.246174090591087 -0.124933538162794
-0.1777420154039 0.136215580492635 0.246393575294051 -0.171389237592396
-0.142000351546067 0.124526734712515 0.256219506368354 -0.146015629579166
-0.168930894680598 0.0919088553863757 0.254662662388931 -0.0800731648835792
-0.201253764310003 0.0256324290158156 0.233689002366221 0.0268935585906863
-0.204751143117483 -0.0510920209066472 0.0961893502572414 0.132892156922686
-0.114894938880811 -0.186065985390552 -0.0590102191749127 0.121158372346888
0.0488160803979443 -0.234404714462397 -0.16421945422115 -0.00282381766673295
0.097689626917925 -0.189941370296458 0.0033312562252153 -0.219896085067732
0.171860256128692 -0.326539108591031 0.0384407814324264 -0.190798772905246
0.0698357730977294 -0.434512748931659 0.220191960766032 0.157567776652096
-0.0983680430803761 -0.381554744071504 0.383225008937086 -0.193262055012069
-0.290486761578204 -0.284213415845717 0.0416561624181191 -0.2856527512967
-0.396571051726541 -0.124662041233136 -0.0625284874998591 -0.100617765906239
-0.387514732468203 0.0521114402782198 0.033743769592599 -0.0236954454056276
-0.305712892873994 0.172147500650786 0.135906231941167 -0.068653876152505
-0.268356441922011 0.186157446072634 0.160099400284074 -0.104656915257968
-0.237012223014218 0.173649738197743 0.190971488845276 -0.0884296129284484
-0.284351671054381 0.126619605714803 0.218451007990508 -0.0479638829061749
-0.31753467840632 0.0145296771612864 0.218368279054583 0.0396818920924719
-0.29231326636785 -0.0923933009225656 0.0940249123304544 0.151843819653424
-0.191118783803101 -0.247282542786696 -0.0744284461380761 0.14117263719647
-0.00251337139016842 -0.351154465900341 -0.184299800169875 0.021300367335642
0.100074539420257 -0.336724902189233 -0.0327558903979396 -0.140901553644382
0.177195510194344 -0.385918915994571 -0.0205852316054729 -0.0467708053969637
0.014151740009667 -0.462014053002799 0.234945779298776 0.237760275249471
-0.15254367623379 -0.336534524789187 0.363359824441465 -0.204081263502398
-0.280046057474201 -0.227196733776375 -0.0113519343425329 -0.319882542386552
-0.38438014269999 -0.109909582352089 -0.168632100593455 -0.118724575909516
-0.39768946484125 0.0579185675307427 -0.0958627910354247 0.00301128714118727
-0.333971063054513 0.187639641010579 0.00815664541494808 -0.00689032564554708
-0.319907172014382 0.208509416371191 0.0465796601055864 -0.0224795713030254
-0.307792682815095 0.199358125758122 0.0943093167833438 -0.0111323728546538
-0.376901444020675 0.142621173908702 0.143472709331812 0.00529804572965401
-0.409942901702701 -0.0100890752483211 0.162337899542043 0.0656133054859242
-0.357101958630314 -0.143302374177329 0.0669505636650992 0.171504688773063
-0.243384921946462 -0.298245467520824 -0.101437136418148 0.166070276369801
-0.0508487411903963 -0.441337497702449 -0.205661564635599 0.0557737221655713
0.0966505862917078 -0.449301822257368 -0.0702038093157849 -0.0317839953329303
0.142284870705426 -0.382775163195114 -0.0687636132307497 0.0913962296320004
-0.0502545085060173 -0.390933224008452 0.248816675025056 0.259537146910628
-0.16242553667969 -0.210436098818614 0.295197004791102 -0.210151559618241
-0.198194127189713 -0.132814782334529 -0.0633158494158737 -0.302566316007052
-0.296239219203779 -0.0824149842312315 -0.23619529338801 -0.106225108540635
-0.336099741582858 0.0540822637736938 -0.193583062862993 0.0342322886493374
-0.307394648697651 0.177835942282377 -0.111525441468857 0.0548336345773712
-0.323357205779269 0.200385975422639 -0.0736812632196463 0.0639554282810887
-0.333057940364815 0.193301595582536 -0.0245180543764782 0.0722882589913377
-0.411875316641333 0.123475601082194 0.0324338322897921 0.0665916965667181
-0.428086303760505 -0.0558591800702785 0.0624997738656077 0.093645191459419
-0.344731228938838 -0.186953741115284 0.008698817704346 0.179612387203579
-0.243345222511312 -0.308209151351538 -0.138315633528661 0.182921773232354
-0.0794089300830731 -0.474662644850291 -0.223216154086239 0.0967531697028647
0.0879676595928199 -0.497919301973034 -0.106491308200488 0.0956591971361403
0.0796262687870611 -0.326944043812712 -0.0923333499465912 0.199851120530372
-0.101815074024058 -0.262006206169728 0.249264832946437 0.227191788347272
-0.13044895033216 -0.0717148633380553 0.204589151408491 -0.194895466508423
-0.0873065359145593 -0.0564265234911448 -0.0925948473109638 -0.247238602583041
-0.183485703294595 -0.0643433301565266 -0.253918100060966 -0.0783493451237976
-0.239861740638205 0.0380077777270975 -0.24784846122005 0.0603765534231611
-0.241302252203645 0.141771059746919 -0.20415660317661 0.110669344972375
-0.276571591814556 0.163973902919032 -0.181721907017663 0.142637854023502
-0.301246896575224 0.152696323358691 -0.146643340301469 0.144899373666101
-0.365077209529429 0.0734868089605802 -0.0949648587682493 0.114569944088181
-0.346118313539522 -0.0992532929123806 -0.054539105665059 0.103382497887559
-0.245408049473095 -0.188247151501919 -0.0596148977984069 0.166623713769955
-0.192702619515741 -0.249657856644428 -0.178685804450167 0.180776740183468
-0.0856834629041861 -0.426331415712685 -0.241738387234752 0.128537258393864
0.0761031403690921 -0.467512772411435 -0.140898715957469 0.219012704056856
0.0142360907720909 -0.233238595871709 -0.0911005272989965 0.26902638044609
-0.124247892001654 -0.124427316457176 0.237689878957501 0.170153331608018
-0.0755455154679283 0.0290556945069172 0.125544492800685 -0.163992780498246
0.00663613188166524 -0.0167468143317908 -0.0929193515352173 -0.189927521662996
-0.0818426752313162 -0.0558210535303638 -0.242555033929754 -0.057414952132398
-0.13727223243766 0.0132391613400989 -0.270303526572342 0.076073883463946
-0.154718393380271 0.0853528689010382 -0.263993920094655 0.153806655602544
-0.186400127890445 0.100956296384878 -0.261980669056002 0.19978787389399
-0.210109727024976 0.0883410115187426 -0.247357233665293 0.191537532350746
-0.238663755783283 0.0141262952998534 -0.206392822533359 0.133544245953631
-0.186035975878881 -0.102829828243407 -0.148982360538644 0.0888762560094475
-0.10144222335477 -0.116223165508797 -0.11038318439848 0.139414081030022
-0.13238822856413 -0.122866026015641 -0.214889650310863 0.168342566911171
-0.0887763407281658 -0.302079862067066 -0.265722296707174 0.135104830817935
0.0498759749537177 -0.351124963149449 -0.169998096741939 0.308731360303437
0.0172895560005795 0.146689498834981 0.130763212337398 -0.357457256778638
0.119912814298041 0.0662882990508362 0.218772217459104 -0.119908532220851
0.0751146878273911 -0.0417213502294428 0.250235263552769 -0.185013319808145
-0.0373366341198287 -0.018746992227948 0.0889387839599925 -0.12645391124755
-0.000618061477970241 0.0401240886258297 0.155607202248593 -0.0273702964448946
0.0438175808337433 0.017190117049227 0.268158420930387 -0.0862442699290025
0.0579011208208773 -0.0126544433652885 0.313142563867319 -0.192926371876616
0.0667088880638204 -0.0176810463017939 0.299936318697374 -0.227280042156286
0.0697703292807118 -0.00367949997246197 0.293337639374924 -0.184268480543057
0.0510232963417573 0.0247840769021378 0.261435368752905 -0.0932755592327853
-0.00451237381165132 0.0506240809246643 0.225697705638004 0.0204610429876641
-0.0764377511105212 0.0067238502270091 0.0992492385683658 0.127423627710991
0.0108719616009415 -0.0870567802192929 -0.0459717484463079 0.12814373604002
0.10490570672701 -0.00058294899070269 -0.156637821407029 -0.0428128934590763
0.0482721639052645 0.116264281125784 0.0592595713989861 -0.289431415836666
0.072307810191537 -0.0336895563269525 0.124454382370578 -0.367275200912637
0.11712394701061 -0.127385154749097 0.221530281048613 -0.0532478517713809
0.0324311259956205 -0.19807986031523 0.305994947338918 -0.188712283224038
-0.143915923952478 -0.158552192218583 0.0850843178982707 -0.155969776030007
-0.175668217333062 -0.0353804984160461 0.125177011104323 -0.0287630498625762
-0.140021812361669 0.034511156795443 0.247953120290056 -0.0631566085920082
-0.0903480238707517 0.0647344124898025 0.311351831685815 -0.169811240110996
-0.0616420189746301 0.0641210499399629 0.297146497746091 -0.215817478916357
-0.0373569918489328 0.0609170151457623 0.291502018059797 -0.179404007461759
-0.0550758285971801 0.0549467973425288 0.265672676854055 -0.0942604866611266
-0.0948900237125544 0.0368928776056925 0.229679908545432 0.0205025669011914
-0.131488319156367 -0.0172839166098763 0.0946508658660204 0.122341164158485
-0.0454278094784283 -0.134210919214764 -0.0462697102262395 0.116322570019627
0.0869112982685058 -0.116677094052264 -0.150176362410855 -0.0184626839036981
0.0839508253507062 -0.0331709395128387 0.0342943585195838 -0.268885077029858
0.132244102129144 -0.201922459611607 0.0920150312037598 -0.305015076135871
0.104468013859644 -0.311676218695152 0.219348735157348 0.0467898763050585
-0.0232837331932043 -0.327184361362472 0.356620824061646 -0.192400498813164
-0.232317009215489 -0.262713388034965 0.0728889747502424 -0.218082101210403
-0.319402254355945 -0.102137570138699 0.0471274662176083 -0.0608850923826175
-0.297482161471781 0.043232487373951 0.162364367433843 -0.0434783681088311
-0.222449724794276 0.127676879540484 0.247529615500222 -0.128521121201906
-0.179947339427185 0.134972880674409 0.247280907441563 -0.173622560489576
-0.142404101624339 0.123046176438842 0.259257334363146 -0.149035206555263
-0.170247825196891 0.0911542046472143 0.256081463746793 -0.0825088572752344
-0.20204734368294 0.026887334636622 0.235694011046791 0.023602318931344
-0.203979644718389 -0.0488700628039442 0.0986590212090976 0.131798750975271
-0.114011147222001 -0.185125031819712 -0.0557180051066008 0.122893076617773
0.0484663831017442 -0.235344786383369 -0.16270170502275 -0.00166342501373075
0.100201436070094 -0.18739421977805 0.00153421393028238 -0.222139939216359
0.174954096945758 -0.325658167096386 0.0401133228804387 -0.187228373477194
0.0705228426895057 -0.437080031662807 0.224397560242081 0.156750411892601
-0.0935202571995069 -0.384685410509868 0.381147364524962 -0.20174197594434
-0.2899691918471 -0.286540735515586 0.0399598527521113 -0.283750431325412
-0.397195164403034 -0.12546728394455 -0.0618019031464591 -0.101156689112304
-0.390797093620541 0.0530789359702581 0.0342741627785487 -0.0240405914935052
-0.308476706026555 0.172281548630849 0.13633226634056 -0.0722906488686248
-0.270333721788128 0.186191617872597 0.1588704446602 -0.106710597496861
-0.23873995118831 0.173399027432312 0.193026080922501 -0.0912491447826326
-0.286059348155349 0.127683324363824 0.219639835786084 -0.0496570949058296
-0.320250689517042 0.015839513354077 0.220248897490676 0.0371915609484765
-0.292203589130751 -0.0914893827807283 0.0966281890675965 0.150609447451121
-0.189548366517789 -0.246918995255472 -0.071547309749867 0.143381189460758
-0.00296952387429495 -0.352895965109598 -0.184331010259753 0.0231122164524614
0.102747875995935 -0.334080586425387 -0.03517483034345 -0.14362560878061
0.180922397928417 -0.3853760263806 -0.0210269882562272 -0.0429699549472132
0.0147740276760674 -0.463538927438753 0.237417238054834 0.237200593496351
-0.147203628431441 -0.337790345662977 0.359587814898888 -0.212823165278147
-0.278765521642006 -0.231334682416502 -0.0138485930760159 -0.318299198636053
-0.386723334787378 -0.110336252200879 -0.169539653033298 -0.11872908563203
-0.401490727403722 0.059844758557852 -0.0965886865819251 0.00286510187367253
-0.335800290163045 0.189898294562273 0.00734671662440278 -0.0105201558854948
-0.322618354073513 0.210193381300566 0.0456493513023796 -0.0242115247862518
-0.30960656855473 0.20036530366824 0.0952718483712011 -0.0135738501023013
-0.380816880339426 0.14561129191139 0.144194689376199 0.00282028564317065
-0.41387966979695 -0.00826316250882939 0.164045855655471 0.0627590929863089
-0.358182584211162 -0.14429539080972 0.0683573918615033 0.170554624414481
-0.241447741328024 -0.299810478397856 -0.09959725184822 0.16995894900513
-0.0482677983589472 -0.443318429840129 -0.207927379653174 0.0588593811310358
0.0979806202022392 -0.446596385042209 -0.0730023085687461 -0.0357253865251673
0.14441234649323 -0.380866248679802 -0.0705027191437305 0.0944235917386762
-0.0490233540772243 -0.389592613543869 0.249921018450593 0.258579551329276
-0.157410175761274 -0.20984324409128 0.290858694353941 -0.215272541668026
-0.197292970335038 -0.136457488380768 -0.06636140045166 -0.300575662893591
-0.300107787249958 -0.0820904560076513 -0.237859090315242 -0.106324335362936
-0.340009114289975 0.0562916913482446 -0.195523732627896 0.0348052574752548
-0.308574850387947 0.178461720783981 -0.112883890315014 0.0513188957719555
-0.324938381403369 0.203446321384991 -0.0758155700358127 0.0632836412136585
-0.334082029990927 0.195272132060116 -0.0244438339787411 0.0708599647734499
-0.415250388323743 0.125785349395515 0.0325671734442505 0.0649191518256715
-0.431790473733896 -0.0560048604078132 0.0632996061006333 0.0917293513000346
-0.347180966066703 -0.19084305102482 0.00944421255480027 0.179491397933628
-0.239359788085436 -0.311640350723397 -0.138619189455434 0.18672740906869
-0.0770295935722222 -0.476237481349541 -0.227839319611051 0.100526253045829
0.0906282492114659 -0.497113522920882 -0.110393882363914 0.0913951697213824
0.0805043460519306 -0.32389883663076 -0.0945355181411283 0.202040866413552
-0.102227509993707 -0.258929604084088 0.250896236323002 0.22442235607071
-0.124550293522683 -0.0699851917100518 0.199348791501295 -0.199592610548455
-0.0870275566049387 -0.058856065963598 -0.0961005796409809 -0.245791329658699
-0.186687368938945 -0.0629148156333529 -0.256325107324082 -0.0779034204357821
-0.242502129124973 0.0408211117518586 -0.249430862402407 0.0613057001575326
-0.242487917299206 0.142612183615491 -0.206273388166391 0.108120548573589
-0.276324516081188 0.166742579007408 -0.184904849338573 0.141797245306741
-0.301691161038203 0.155887812975227 -0.147471240904812 0.143956641158517
-0.368428276421395 0.0767661300330754 -0.0963899684691408 0.113297848601778
-0.35105684176523 -0.0993320128397505 -0.0542403805793768 0.102700403155061
-0.248206033722187 -0.19328642783455 -0.0597572255439876 0.16557084561074
-0.187498388109835 -0.252298859315842 -0.180240020383097 0.185752730243325
-0.0846030090189072 -0.428106596018059 -0.247234781990619 0.133161630121894
0.0765453370228319 -0.465153793248946 -0.145731390967101 0.214188102102953
0.0127414281132593 -0.23046722659549 -0.0932927111247087 0.269934880459052
-0.123840586987372 -0.120925123424058 0.237975345138909 0.166654298782315
-0.0714437917113769 0.0304868778565825 0.121270829826591 -0.167136913134902
0.00606580133423126 -0.0195370487899611 -0.0962038385007589 -0.188673090791805
-0.0853044344553633 -0.0542349314212001 -0.244559917221604 -0.0548298101210785
-0.139310254226693 0.0155953749920441 -0.272207958980471 0.0778392421802886
-0.154553573484643 0.0873547994050481 -0.265884720274403 0.152283608156634
-0.186029345156982 0.104108224981681 -0.264782170696133 0.199725083865241
-0.209738841300776 0.0906558724665236 -0.249875090415623 0.191823362861591
-0.240547848011083 0.0167054892041704 -0.207769014511423 0.134057360937654
-0.190580259623475 -0.103107004617623 -0.150811550967596 0.0887023444992614
-0.102555579526 -0.120546095095114 -0.111244271474488 0.136989520816461
-0.127307849461465 -0.123478596865978 -0.217924400743563 0.171779715641724
-0.0881941941215138 -0.302974205297228 -0.271159817102261 0.139579383669129
0.0484411775147966 -0.35067834343507 -0.173974380387912 0.304375053130612
0.0982806991417597 0.10735505671117 -0.0985165749648911 -0.369538905905824
0.130276990939222 -0.0188896133771491 0.109110071322091 -0.237579547813724
0.0336670205761615 -0.079998969625905 0.0889344260494656 -0.307855267218505
-0.0387905165855216 0.00711558619792025 -0.00376635541003048 -0.154743668304231
0.0249258501786759 0.0301075464496759 0.112664720170349 -0.116835395830572
0.0446298110398297 -0.0149565005030777 0.165974702964444 -0.235987338943069
0.0354998546464142 -0.046457389861991 0.135017383365121 -0.352931281747791
0.0406711759983463 -0.0578781594660281 0.103664285243742 -0.368387587996424
0.0532181757815984 -0.0512658240684088 0.12387691536502 -0.332459220965729
0.0561656720750638 -0.0151465095545054 0.155517894939601 -0.239602344182099
0.0309489680890013 0.0424042810832514 0.193661212835095 -0.12602334674928
-0.0550510794948259 0.05389455115315 0.160801523235988 0.0381859470960971
-0.0475078660512292 -0.077599451565646 0.0477100410423805 0.130504855841236
0.0817737349887465 -0.0677853602534235 -0.150533550362816 0.0687812654819923
0.1170470706319 0.0602162179986575 -0.145118787645657 -0.273344061019609
0.0425080923360547 -0.0734329446750052 -0.121643173613267 -0.375309279915197
0.018656682765588 -0.172779272152285 0.146563066094325 -0.189941472970242
-0.0896680680959182 -0.184219217653845 0.123410056859068 -0.347796876461114
-0.205124668502879 -0.0456874754779822 -0.0330324724289601 -0.176278813170601
-0.161527395764413 0.0729628494653794 0.0843716966916464 -0.0973098830635554
-0.092878005935753 0.109538459804517 0.15880557112713 -0.202227816478152
-0.0366870507150122 0.104706246527089 0.146606239107491 -0.33122778374263
-0.0125240861677107 0.0881307090262058 0.107365450960062 -0.358500528875993
0.00520794601138408 0.0682929066915024 0.124219691377381 -0.329077840357192
-0.0118766880533932 0.0762301543490657 0.158141317750874 -0.243474759309146
-0.0526484156385703 0.0885921694592636 0.198141275043942 -0.127995168208406
-0.116276095358515 0.0674660385735926 0.15434308242214 0.0376060295413634
-0.12326949790174 -0.0809093238812042 0.0409441996953576 0.121928836068102
-0.00603921754878962 -0.151945388300142 -0.126679150817413 0.0831083462248822
0.0512381607007974 -0.0856875120972827 -0.147727390587381 -0.236363522130078
-0.00182736991436206 -0.245864319348662 -0.121740948980392 -0.307876002404462
-0.0947678220055301 -0.312892420436954 0.201105961645565 -0.11237355339361
-0.20903892965956 -0.257477736687092 0.153671836903137 -0.382633586556216
-0.337011319626322 -0.0793524623571976 -0.0883700630163866 -0.216378856927465
-0.316683727154408 0.104595044320293 -0.00210131981398217 -0.0734578452973081
-0.214641956435893 0.211667917924015 0.0975826658622683 -0.132378734644961
-0.102715222885086 0.23525611395008 0.119625585402595 -0.255698274768377
-0.0647443430188399 0.219743268537586 0.0931871844385873 -0.294481660093106
-0.0421077900834378 0.186332713203111 0.115132236744661 -0.286148833729593
-0.0830708108098818 0.17865386362973 0.157332641209484 -0.228353139053103
-0.14699301024771 0.148682453639453 0.205490217116209 -0.128768342441179
-0.196232503257479 0.0845796319725066 0.165682438074284 0.0431645208078608
-0.21339007433372 -0.0810377433225677 0.0389158454055643 0.133767083843617
-0.113263464271106 -0.225262825825011 -0.121820219702709 0.103577833475043
-0.0342105535480127 -0.223816073217668 -0.137902690033453 -0.17352981967855
-0.0364878924487976 -0.371340405787991 -0.103128886318374 -0.181375235463199
-0.19320476008463 -0.392355720937859 0.26572025550064 -0.0282790203292614
-0.297396520610523 -0.263940776045763 0.16435379391733 -0.40348538613935
-0.399595999860214 -0.069033591024233 -0.158584090104328 -0.248877231014819
-0.394236260189532 0.132350996166787 -0.116744285867282 -0.0369014215505978
-0.284658720426591 0.276329538537463 0.00357325127409379 -0.0352077260051009
-0.145304380606136 0.323573746986569 0.0635601121838909 -0.140327986429869
-0.10682097287885 0.318959155158413 0.0621641306935089 -0.186765529059868
-0.0889523711013979 0.288368198707733 0.0972965844850323 -0.199721404259177
-0.154490875789414 0.282344240905746 0.147757253353499 -0.180724283048155
-0.253459500496469 0.214693117779709 0.203121952727486 -0.10826367646801
-0.297806229793629 0.103379799113876 0.176839711875428 0.0601917174598812
-0.315635225724573 -0.0864027048786386 0.0399785032186204 0.161899005980142
-0.229747623901585 -0.289199473482813 -0.121221883570949 0.137330453540619
-0.125836977241531 -0.346749457682205 -0.113318942694279 -0.0834750285693445
-0.0660332176866481 -0.423556906983981 -0.0684970275792424 -0.0270383728442336
-0.250795812449306 -0.378763110548396 0.32283803514467 0.0295698211383182
-0.311018173758315 -0.194286260892355 0.141145362148287 -0.395417471135807
-0.358066731764017 -0.0283369423905823 -0.222977097474997 -0.242783663328692
-0.377743865354406 0.140449831395183 -0.214648522210562 0.0146885926858915
-0.288550842305251 0.290150456499468 -0.0859789585500645 0.0682651321706474
-0.155869464502412 0.355461861316067 -0.00457123057360042 -0.00862186040503929
-0.132089737208156 0.371472453663912 0.0196335548440821 -0.049297765292733
-0.128567072332814 0.355897189481675 0.066324214775679 -0.0767058285227362
-0.221459466686893 0.357237242225688 0.119505234747129 -0.0910702599149435
-0.346752677045346 0.25449672618154 0.174293786232876 -0.0505463379860592
-0.385895995594953 0.0985457171140202 0.166816122435299 0.0947496991057077
-0.39368264957382 -0.0982104146159116 0.0345584649453853 0.202060386199519
-0.326527263130253 -0.334698340450298 -0.115207059695386 0.181057858333349
-0.202330154769417 -0.435969711285444 -0.0712510723850569 0.0313798052205681
-0.0956032286248091 -0.396671728466507 -0.0241765046716674 0.116751419734828
-0.259830983077782 -0.281226514060364 0.345908716828927 0.0424757773066855
-0.244322728318088 -0.0848385363884359 0.0876788543576969 -0.350868278314703
-0.237833508963612 0.000286109842500642 -0.25085729489616 -0.197241252509308
-0.290798974087793 0.113011270775688 -0.260371482121094 0.0664197825725082
-0.240123036114561 0.251525271028688 -0.144547632634915 0.153617056972205
-0.138832659425259 0.330610385180694 -0.0647504067857841 0.117581177728167
-0.137133697458581 0.368054767181748 -0.024867997853421 0.0961926726809311
-0.152849097310113 0.369469484192529 0.0219617945552276 0.0665935853743357
-0.260269985941482 0.364485905909278 0.0662791511634835 0.0290842991608822
-0.394066343540845 0.228121806257813 0.110771531661091 0.0369585357316452
-0.408164103479896 0.0526553159330935 0.12389123263419 0.140508714354185
-0.398657002142639 -0.111001640619843 0.0126016708371252 0.241306582154774
-0.369148100452608 -0.343491779603099 -0.105631281069213 0.227585915726116
-0.243371410435447 -0.47023867513432 -0.0189038472452299 0.159943123828968
-0.11640931439072 -0.311295215079007 0.0252634138653868 0.221006712184264
-0.225523313685845 -0.146001396777826 0.327084068057894 0.018392176172848
-0.136594563775327 0.0113173387024233 0.0306802096165878 -0.279140178730853
-0.106142650915506 0.000170218409657506 -0.2344691513877 -0.136475756116305
-0.188010109048362 0.0619955339101574 -0.255742256101304 0.0987573752501557
-0.170079929826523 0.180261523556551 -0.169201277575494 0.207858029652235
-0.105443182294531 0.261838817425974 -0.104685902565579 0.221222123839345
-0.120781235278874 0.308757967382834 -0.0643596113103459 0.22746310670231
-0.150324311385857 0.317787912349681 -0.0322607571414055 0.20373817449873
-0.251601893444127 0.294755759490987 -0.00847038560172422 0.149289853424618
-0.355751569983367 0.141430999517287 0.0213045304852571 0.119662522587322
-0.327886619168768 -0.0096571046117691 0.056243207844377 0.173015750667465
-0.317416222393859 -0.0943649955163123 -0.0233337925420681 0.267943786540251
-0.344250924928126 -0.297394144800114 -0.101976247940652 0.267340273659701
-0.235554977368615 -0.432849392226262 0.0294556458602924 0.281318853364264
-0.120101068140803 -0.193780747827283 0.0746121281964347 0.277172982617286
-0.16416870977634 -0.0239242925222832 0.283516643421395 -0.0154312032489108
-0.0360417705195224 0.0627252363225498 -0.00707725021913349 -0.204708204286829
-0.00912669203083022 -0.0198611010143396 -0.195276863931377 -0.0922345115735322
-0.100607933883269 0.010141952501836 -0.232027346619335 0.108126836810539
-0.100847854121624 0.0989101338850266 -0.174715477241436 0.232338223625891
-0.0678496393911392 0.16429262218062 -0.124569569703919 0.292829662974592
-0.0849440679822572 0.201683477078228 -0.0934094832744575 0.32395875348816
-0.114459207008484 0.208050307748053 -0.0841008441392252 0.307155587277219
-0.184424556082299 0.16732886547347 -0.0861899391307233 0.236362995773699
-0.225350270590504 0.0371759293554569 -0.0666955096612508 0.167453384542266
-0.162186346565966 -0.038871045094426 -0.00546202656427415 0.181141831107584
-0.183123731386836 -0.0228843730387786 -0.0645657719998874 0.27938069913751
-0.267281060347269 -0.189583537184179 -0.12146436132375 0.289430063938907
-0.188132342112583 -0.31672920005767 0.0599414311763677 0.368479929648899
0.105896662878548 0.104485448491342 -0.107257331229273 -0.376686636696145
0.129993808247134 -0.025660708719478 0.103799367795594 -0.252165887199655
0.0287188395278337 -0.0824232328666991 0.0774123380728114 -0.32053435041132
-0.037011811615677 0.00973596919566404 -0.00568046786531897 -0.157498716319615
0.0282028742375308 0.0274243539271536 0.116136285956115 -0.124978995317367
0.0450716138288651 -0.0200875436887122 0.162744528415932 -0.249454497432204
0.0338552584403782 -0.0503924211248414 0.125071929701622 -0.364808706719805
0.0369218579009258 -0.0618899975259786 0.0946269618235663 -0.381995361022727
0.0496656977232072 -0.0570553256019528 0.115411215275228 -0.347917025077622
0.0555346989289138 -0.0206362996484941 0.149873571488143 -0.251844154322183
0.0350539819787583 0.0409473709853593 0.192788492903479 -0.138061202059001
-0.0515503929102423 0.0589121619592102 0.166418652182092 0.0309425620683845
-0.054247482913844 -0.0759296308093835 0.0564695080182204 0.129444020624273
0.0790362497449646 -0.0739754797322778 -0.150022580741278 0.075168876728837
0.123563828830958 0.0547014891098101 -0.160278778675186 -0.271513416223059
0.0444883344618415 -0.0793174277785519 -0.132556430324491 -0.378945968701499
0.011196726819854 -0.180264058080459 0.144584226972049 -0.204403891897965
-0.100202620954836 -0.187467119472276 0.109073420496478 -0.363047731933263
-0.21087851318382 -0.0398524803324379 -0.0367301564423653 -0.177238670565945
-0.16253943052051 0.0782077096141386 0.087193451420127 -0.104445590207792
-0.0921026988851631 0.114665627891717 0.157166706037503 -0.214971939123624
-0.0356446162116615 0.108208409908474 0.137444097455764 -0.345241395543657
-0.0120411678629534 0.0899140376804703 0.0981004595408654 -0.372530751858264
0.00550866738978316 0.0677218999144087 0.11618672216438 -0.346083845110632
-0.0106772312557089 0.0766423074901104 0.152507659952709 -0.256852900613497
-0.0483637753969591 0.0924536776103598 0.19723169939684 -0.140907767614094
-0.113199607409551 0.0731678957427787 0.16017393252332 0.0315010876290137
-0.129646720903616 -0.0770419231165855 0.049796684005222 0.120927179298947
-0.0137179351110515 -0.15610537834302 -0.124703639061923 0.0886378889271272
0.0523570850495861 -0.0907636893733341 -0.161846069073877 -0.23513291927685
-0.00644549318400166 -0.254081565815475 -0.130367489835467 -0.309636125831672
-0.109550803057726 -0.319735824242359 0.203975498021616 -0.124873861351637
-0.223407888922527 -0.260527627020901 0.137395721358242 -0.401731063793684
-0.348701105471269 -0.0712229566685523 -0.0950318999792023 -0.215879501851884
-0.321330479308787 0.116480351124117 -0.00106005757762603 -0.0767725768050213
-0.213498156247491 0.2246597625647 0.0967331075324267 -0.139910752323558
-0.0985166386902662 0.245242662018866 0.111846906330754 -0.268511629761338
-0.0604450482500203 0.228561161752949 0.0845609438078105 -0.306613276984043
-0.038870149671443 0.191250089466893 0.107898015227011 -0.300738245420173
-0.0794887852966863 0.186214241628697 0.152922595146197 -0.242460284529145
-0.144695589955067 0.158115332497418 0.205378926494379 -0.14265010970325
-0.195258487059688 0.0930534346847198 0.171525769068611 0.0365204082035119
-0.22073895166573 -0.0747705249139907 0.0477662421059853 0.134333812747129
-0.125953838948156 -0.225864443030396 -0.119243442110143 0.110737473603902
-0.0387631827153741 -0.227734247566157 -0.150442303512391 -0.172053766894818
-0.0463653274740258 -0.381969614980416 -0.107379437955014 -0.179480795792203
-0.209883411374367 -0.397526239975851 0.274122242885374 -0.040287573615149
-0.311834874500827 -0.265342544269695 0.145890870723966 -0.421225163896903
-0.411811205306602 -0.0586679042686109 -0.169600663274605 -0.245563931987317
-0.401976486423877 0.149140180512178 -0.119525822616309 -0.0351316700730015
-0.283187995375804 0.295599500931244 0.00327421769516279 -0.0371999975692804
-0.138516060364676 0.337173930781464 0.0577248989802899 -0.149049608944917
-0.0995677306671678 0.332029530230242 0.0559012718724914 -0.194086578575805
-0.0826877963868771 0.298992189208521 0.0914710345257333 -0.211419806644797
-0.149861815145176 0.296991915874328 0.144549812909486 -0.193422178794181
-0.252012593590993 0.231301983605787 0.203707891855944 -0.121769771179772
-0.300736943846673 0.115559477292586 0.183554675591829 0.0534077177774301
-0.325595312131944 -0.0782609101975415 0.0500568847861808 0.163554254405575
-0.246119368452253 -0.289120869706873 -0.117902368798941 0.146422079151528
-0.135550354642021 -0.349923935973599 -0.123026074145743 -0.0812175132161012
-0.0779192288943175 -0.433318121911581 -0.0684187598441273 -0.0220020100166929
-0.26938419091579 -0.380982476633488 0.333895561108133 0.0173400112473475
-0.322565036735722 -0.192874453425105 0.122230547073475 -0.410957575620771
-0.368373590005827 -0.0205149172152828 -0.23612612592335 -0.23769336961782
-0.384334015583673 0.158097483124871 -0.219967744615398 0.0222857056307393
-0.285574631768938 0.308800409617704 -0.0850105142861363 0.0732238341587362
-0.147129423247091 0.371479269862795 -0.00856126957854549 -0.0103245065843689
-0.122500752581672 0.387600060999725 0.0166663111123554 -0.0514021231886588
-0.122421716588347 0.370996542621439 0.0643873103856074 -0.083116886712678
-0.21272685284481 0.376130359091486 0.118287592431858 -0.0989968026892832
-0.347685198828857 0.276156768702854 0.176379603443664 -0.0607696150541099
-0.393478528352442 0.113353180688844 0.174980934566454 0.0899966357502696
-0.405501160685487 -0.091878829533983 0.045549949865305 0.207065406502323
-0.346607822135771 -0.332731189169478 -0.110674527219706 0.192859940392996
-0.217586023764858 -0.437770013297575 -0.0775141121617641 0.0350656861569761
-0.106943525001601 -0.403074670904878 -0.0190692577391155 0.122553845858085
-0.273769534128975 -0.277561636975983 0.356027829796987 0.0277408978022113
-0.248034930728572 -0.0826022708733079 0.0691620119478338 -0.363678315623193
-0.245232034515553 0.0052055348118905 -0.263099861125 -0.188583858999739
-0.296230296640703 0.12788105327184 -0.264623636843261 0.0777685304967212
-0.237389990248332 0.269404344816294 -0.142637352630729 0.163114974093023
-0.13004792085679 0.344905292204104 -0.0653917690877067 0.121796943379676
-0.127592166991667 0.384551574598752 -0.0250765555863201 0.0997590537817021
-0.144380801722399 0.384574251181357 0.0236813032282489 0.0655337287983642
-0.253286742320548 0.385739454534557 0.0682023671005719 0.0264520398057058
-0.398071213399972 0.251872543563406 0.114091490308564 0.0318913779009717
-0.420408534383948 0.0660532381414385 0.131691524572836 0.139191739642319
-0.411152352258378 -0.105693772156829 0.0252912250436584 0.25001060756385
-0.389389790392735 -0.341378304472379 -0.099151565422104 0.242508123770851
-0.261333140050829 -0.47206201723344 -0.0211799112925027 0.164411880728506
-0.127777619023849 -0.313090992388985 0.03377389355012 0.228119731815233
-0.233080894690911 -0.139084180819144 0.334794208240993 0.00529569904436316
-0.133995944934531 0.0130733656739085 0.0134931960837833 -0.286051510178504
-0.109438065722796 0.00163124339997714 -0.244549983408099 -0.126765819433475
-0.191305786661783 0.0734425914417968 -0.258697999171508 0.112242668830985
-0.167159729402431 0.194444856505836 -0.165890905489077 0.219629786544403
-0.0976310060201441 0.273687695583507 -0.10221576961863 0.230388383498206
-0.111025244907555 0.323572362080077 -0.06030966493986 0.236828716706082
-0.141960585576077 0.332840973848123 -0.0259865445340008 0.208823562656911
-0.248145602490875 0.313354085524541 -0.00393901973829613 0.153016832641857
-0.363241266402658 0.159272946460712 0.0249732963552261 0.120648909521997
-0.340798104868187 -0.00131739439078418 0.0623487476644841 0.175828476624247
-0.326108914866968 -0.0921774733730712 -0.0116573515178071 0.279540346751895
-0.362891031007908 -0.292359431265277 -0.0950385040845577 0.283150472279946
-0.254721726205238 -0.432534080684622 0.0326611088685816 0.286212709991565
-0.128696656309475 -0.191676944459937 0.0860426094295838 0.282930212861696
-0.165537194711667 -0.0158449967249749 0.287000183111241 -0.0298214521817344
-0.0297108836312102 0.0626180416868382 -0.0195598776525743 -0.207157581747922
-0.0124602974785258 -0.022092799232243 -0.204298654247768 -0.0837394410398049
-0.103522878322488 0.0172637445141846 -0.232083801964559 0.122079532689597
-0.0989653855416356 0.107522989497133 -0.170256335494455 0.246194130061658
-0.0626347483871296 0.171986727503731 -0.12025636102111 0.304801500538926
-0.0779368001889746 0.210951168091517 -0.0856334027467228 0.337314012987736
-0.108029603349359 0.218424131525755 -0.0766456600934233 0.317013843643524
-0.182297393250965 0.180520636255235 -0.0801100223718678 0.245813573796587
-0.232826135621321 0.0483794093133172 -0.063173501420225 0.17384183630596
-0.170580255308004 -0.0360620632497333 -0.00185600011750163 0.185435740347888
-0.185466960100144 -0.0214964462610785 -0.0543616012060831 0.293134427164562
-0.279818538164412 -0.183952035559795 -0.113428945521682 0.307330380935295
-0.202605731602456 -0.314825954881119 0.0673538818958208 0.373393928236535
0.114037291879657 0.0961253318114105 -0.123396779916278 -0.374662797927904
0.12641785425243 -0.0344468819974837 0.0900754333619079 -0.263415107779833
0.0208667718303701 -0.0835711757784805 0.0559984127916478 -0.329720399296397
-0.0341674791471229 0.0131165194714376 -0.0112762553352419 -0.158567712821695
0.0311583552586944 0.0233091488277405 0.114350633546412 -0.134559389203583
0.043719819850253 -0.0252600007178062 0.151479835931806 -0.262411239939578
0.0305572075260032 -0.0547967907114127 0.106961681842005 -0.373755992194291
0.0308394189510787 -0.0661474904107465 0.075896455768178 -0.391409273285769
0.0436969323074612 -0.0628242192412009 0.0978317900206281 -0.360213098876086
0.0528757360831404 -0.0264087608624733 0.136898918341979 -0.263999160637242
0.0390721389595152 0.037507944399174 0.185819823065504 -0.151269305636998
-0.0452165855369166 0.0634056278600903 0.169451859576961 0.0201140264085244
-0.0609990932040616 -0.071365341826402 0.0665694292101962 0.123996615164806
0.0713274048168924 -0.080961186464399 -0.144718199847216 0.0843182369682543
0.129147900707552 0.0454605193732747 -0.176961533021056 -0.260674751920423
0.0435187981212925 -0.083988109864583 -0.148010932216129 -0.374581081204741
-0.000569310905637755 -0.183773550563117 0.135673981494525 -0.217929213222828
-0.113940651952593 -0.185087458540323 0.083841327985828 -0.37345237496799
-0.213978938892323 -0.0281589102775657 -0.042724287737813 -0.175401373958684
-0.158570653772104 0.0861584937994025 0.0858272485015305 -0.112896930739503
-0.0872188170499762 0.119207006143821 0.148071039117133 -0.22831627409199
-0.0308516159725768 0.109655880513979 0.118761795319393 -0.358027578336148
-0.0100032679274931 0.0908981316068767 0.0787392710850263 -0.382363942393878
0.00596994956119883 0.0659535814188783 0.0969084810189065 -0.357879186844077
-0.00843300311041744 0.0767063086202964 0.139055609146835 -0.268764627536196
-0.0423278258432475 0.0948354037861188 0.189564704511388 -0.155989247644076
-0.106330835274554 0.0803510816682325 0.163205588210942 0.020820603059654
-0.134938357649042 -0.0687798079903013 0.0596819903403821 0.116808617880213
-0.0254840479905481 -0.156659403988485 -0.118569622755229 0.0963019392601637
0.0511883842016361 -0.0961831047959194 -0.176529972582368 -0.224363308466246
-0.0162186515953016 -0.257783614858023 -0.142923261468597 -0.304080684673099
-0.12826026349151 -0.317059592563806 0.20138998674813 -0.140213272893931
-0.240122938423375 -0.254479690342432 0.108595079713336 -0.413569224569161
-0.357441249607289 -0.054995755898596 -0.104658537068297 -0.210476804465413
-0.31814999803862 0.134350418240606 -0.0034610321570395 -0.0804734402632111
-0.204234453765889 0.239044501405874 0.090806871449971 -0.148532299499582
-0.0876209372063276 0.252812793783778 0.0957985298596939 -0.27994178619703
-0.0496220746744624 0.233835789379829 0.0686301011891513 -0.315573676901759
-0.0314622398836478 0.193480722606707 0.0910325076211979 -0.312084996055492
-0.070900420262675 0.191596424472783 0.139880160741897 -0.255139862487419
-0.135758636913057 0.168031729119534 0.199049844166514 -0.15848349638891
-0.189486091197355 0.105123795509981 0.174890789356227 0.0256558087070204
-0.224917299009512 -0.063326995972405 0.0589920478416584 0.130722061842979
-0.140709120604221 -0.220936043901029 -0.111529840140322 0.118363808081092
-0.0465739910162291 -0.228998172483364 -0.163695196664143 -0.16243552619052
-0.0627591443889644 -0.383847739915337 -0.113435207129384 -0.172783780710673
-0.234176901121544 -0.389448510976001 0.276812422817867 -0.0594695489304547
-0.327950749271132 -0.255950308268424 0.115763157905063 -0.43344158564871
-0.421739337461561 -0.0398066046997273 -0.181806806051288 -0.235754216559923
-0.398343319286256 0.172699494960456 -0.121634939650092 -0.0304209810713859
-0.270079351418055 0.314069032787506 0.00268695981072607 -0.0386902044898893
-0.121314121889101 0.348123191708012 0.0455867540583364 -0.15620930568649
-0.0827975907059005 0.341612153939445 0.0444273117966963 -0.200275164196837
-0.0685987742239884 0.306490156596802 0.0792940640337686 -0.221453984528471
-0.134394354580349 0.30846681989212 0.134086253758746 -0.205275321776151
-0.240881883870017 0.249044054070073 0.197876533621984 -0.137849777917241
-0.295687910620237 0.13221285336749 0.18865542085159 0.0426583683965878
-0.330784918965317 -0.0625706516908743 0.063291073700477 0.161953373799805
-0.265145243086095 -0.277970447195629 -0.108483693878963 0.155510925354338
-0.150513801966812 -0.344916264089663 -0.132644281507638 -0.0737550130915284
-0.0986782770645223 -0.432707195918712 -0.0659257740670264 -0.0157568482615628
-0.291106291873746 -0.368255529873017 0.339366399349962 -0.0043738833545296
-0.332439356813642 -0.182859086025699 0.0907684136101482 -0.422589530033348
-0.373893480597962 -0.00375765962987422 -0.249673852253479 -0.222921597603898
-0.380358395974806 0.18140126998779 -0.220271437837641 0.0346083600828356
-0.271271785409708 0.331003936922322 -0.0811978498570619 0.0779506157932809
-0.128363161878763 0.38321012976627 -0.0132805472586912 -0.0120613212279858
-0.101278609144795 0.399526136828334 0.0119867895721389 -0.0536080145823954
-0.10357048980452 0.380802344842764 0.0588333563313591 -0.0896741146054888
-0.194284315782878 0.392331453714221 0.113448733649473 -0.109548428330469
-0.337607848293818 0.300612396626204 0.174336392107295 -0.0744989784966645
-0.393247830953759 0.135789722918067 0.181787995975985 0.0801340501273135
-0.412588233330632 -0.0736520057164251 0.0612265055401688 0.207019971086176
-0.367984674926487 -0.317495348348537 -0.0992200592010154 0.204006535836886
-0.237454272262284 -0.429407195905925 -0.0820583503876844 0.040602221315684
-0.127486723852628 -0.401139429372724 -0.0102414148820604 0.127895452107714
-0.289614025804839 -0.26281698523031 0.360710562374553 0.00641332854271199
-0.250000831912772 -0.0747055831659847 0.0413115932998262 -0.36828914419242
-0.248299751070765 0.0154354027536738 -0.274953403617608 -0.172038737429958
-0.292041800699873 0.147590043518465 -0.262711087038035 0.0940984406908607
-0.225350233183531 0.28887504899212 -0.135000378954972 0.17294093966668
-0.110974553880849 0.356349543396207 -0.0638691111499198 0.125452198538488
-0.105186934879282 0.396948870458212 -0.0210558176652242 0.102255590454874
-0.124687331950282 0.397721938373374 0.0265051044949713 0.0632403179001684
-0.234014618210824 0.406367503729434 0.0693943720834704 0.0210665809987456
-0.390435556950362 0.276772653211252 0.117180138022036 0.0238497569159976
-0.423595374940923 0.0872709860395285 0.140132896009366 0.133365677267347
-0.419733853987978 -0.0906795619280658 0.0431571304374443 0.253343363060311
-0.411161291260654 -0.322829966128753 -0.085451042918243 0.254228614143037
-0.283915198521168 -0.459219622557983 -0.0194014934245397 0.167443398740865
-0.145053234434462 -0.307322771475603 0.0484318437584364 0.230033877552344
-0.239589577539113 -0.123905950454094 0.335038109050758 -0.0168869579524158
-0.12969116962971 0.0163740068744242 -0.00761633560589985 -0.287085343574427
-0.111597651151413 0.00456024368586624 -0.25303539546203 -0.110435695243546
-0.188920079184158 0.0874995045241969 -0.253863145764369 0.128857845755205
-0.157427898362673 0.208067190553174 -0.154690938117489 0.232451983179214
-0.0824503606935208 0.282256645780694 -0.093932748575453 0.23762249685398
-0.0919924345880159 0.334024915111408 -0.0497199236749442 0.243404313009381
-0.123785008025025 0.34492667065167 -0.0160844467243497 0.211664458630957
-0.232678182185937 0.332081280115138 0.00421856791622286 0.154241696784421
-0.360149145684417 0.184512647676012 0.031300524886127 0.120124377881569
-0.347628825590786 0.0153240653691275 0.0712256100937241 0.174233612175655
-0.331380089954775 -0.081831942911697 0.00634927773219662 0.286457025868563
-0.379247885130695 -0.276245324638268 -0.0792681309395207 0.296793099085187
-0.276335213783737 -0.420160907151686 0.0407135807249261 0.285952941982742
-0.140000900840752 -0.184844524697838 0.10261249456585 0.281200671584791
-0.164524608042329 -0.00403042681645122 0.283804554054634 -0.0502914971101861
-0.0226345055254625 0.0610184758323725 -0.0364526337188011 -0.205683064894709
-0.0156486383346378 -0.0228131490004387 -0.209657231753912 -0.0691614274613448
-0.103854988957743 0.0267604683348127 -0.225739057470116 0.137810494243543
-0.0930204205998581 0.116406857430337 -0.157174993000222 0.259129218347179
-0.0525959126194676 0.178329215346735 -0.106787619053373 0.31411650115449
-0.0641915703087045 0.219354664356435 -0.069413652870575 0.346313842567858
-0.0944042986933423 0.22751780671286 -0.0605416671725758 0.324230153916357
-0.172822213636575 0.194207665027732 -0.0673030966663398 0.252057653737188
-0.236130030481717 0.0638724852574026 -0.0548417485086066 0.179456431983838
-0.178484792409629 -0.030219902273782 0.00601822062795415 0.186481334728798
-0.184680293235862 -0.0171565443968528 -0.0359393944044987 0.302892645997987
-0.291906250422913 -0.16799460169452 -0.096011880727348 0.320675861260324
-0.220792611396427 -0.302799165182897 0.0801080142052961 0.370924042930362
0.118944552443528 0.0855339297883164 -0.135881083014798 -0.362555593707311
0.119049665774811 -0.0422499468828092 0.0747892491190191 -0.267431568243604
0.0124641341891459 -0.0816220344697348 0.0339126159358432 -0.328957572405722
-0.0311137061507228 0.0160481427106096 -0.0167658597575153 -0.155398002172952
0.0331723495017913 0.0187826548250113 0.108336190354933 -0.141869386362309
0.0410434698048766 -0.0301194388004952 0.135530111115224 -0.268167354040166
0.0257405844728961 -0.0576247168305166 0.0838480178537963 -0.373310534536161
0.0232734106061895 -0.0679542927185362 0.0554599559899463 -0.39006938036009
0.0355754310015713 -0.0656645917475563 0.0762752344317519 -0.362722944207668
0.0485560913946091 -0.0311296781184792 0.119318582242886 -0.268881570644378
0.0415622069789525 0.0323479006143388 0.172837961729324 -0.161079787641707
-0.0373917540368207 0.0656284639409578 0.167719214687274 0.00835912217056486
-0.065720369583693 -0.0644430266021008 0.0738003108546656 0.115453937557198
0.0623528799096599 -0.0841002334443044 -0.136009561660797 0.091762414148807
0.130019202767304 0.0337084485738639 -0.187269908235534 -0.241806328642686
0.0411245521296406 -0.0888349506240417 -0.159049863726674 -0.360484546978387
-0.012969828038194 -0.182842948684834 0.12424974618628 -0.224944261528106
-0.124763080977759 -0.177026460030361 0.0559250889235966 -0.373730930370415
-0.212592752170493 -0.0163536640788596 -0.0483756664842371 -0.168625059745607
-0.150809528983738 0.0915167989881506 0.0805279597887076 -0.119073706175811
-0.0798324906396889 0.120735435788653 0.134016248482178 -0.234807763932965
-0.026213442545555 0.108179708729545 0.096127737444302 -0.359430846665139
-0.0076227247254293 0.0900204301118536 0.0577402913429631 -0.382887513909913
0.00597595808495361 0.06357020136633 0.0741231282010181 -0.360212535923195
-0.00531371335983833 0.0743522597063769 0.120682426162945 -0.274674798962073
-0.0354385272774683 0.0941851305244435 0.177149983037694 -0.167053479278302
-0.0969136436562192 0.085004102098252 0.161843883145043 0.00954691891688866
-0.136797106490221 -0.0583444997388055 0.0671271452603555 0.10938878427255
-0.0363508273213572 -0.152596927375266 -0.109128804072182 0.101379939819177
0.0480511250462522 -0.0998041743103258 -0.186944456779579 -0.207389845193125
-0.0265804557791019 -0.256565069580492 -0.151772584274041 -0.290344004180043
-0.144334168869602 -0.307156107569415 0.193778822336096 -0.152901495431644
-0.25080063677609 -0.240112091840186 0.0762088301625056 -0.413978799835256
-0.355089397394802 -0.0354154166597147 -0.110894761889157 -0.199542752264034
-0.307925224880021 0.148928051369458 -0.00646676114394048 -0.0818104296024778
-0.188886164573943 0.246284801163697 0.0819480124354165 -0.153514834390267
-0.0738685598257231 0.252522640004451 0.0763915160279853 -0.282479591910691
-0.0385405273320382 0.233412587390425 0.0490421966811161 -0.316697348021669
-0.0239971106800139 0.1917604033465 0.0707022530807686 -0.315083713863656
-0.0606339916392548 0.191888272129164 0.123009617255702 -0.26111965806497
-0.123936196059703 0.172975778151586 0.185326936604014 -0.170897499454539
-0.177416019107138 0.112627890912702 0.174279438190061 0.0137683831174585
-0.224121334226814 -0.0491609521461268 0.0679354682464973 0.123693978611769
-0.151580585870936 -0.208632724986966 -0.101027216144049 0.123345985154515
-0.0538939874318513 -0.224272402363768 -0.171146936847436 -0.148582176530535
-0.0799016077832647 -0.377746389003969 -0.116871837822733 -0.162211854825709
-0.251899267491571 -0.371830865257653 0.273917776194973 -0.0755479836902991
-0.335279359740623 -0.238053516050716 0.0802409118698875 -0.434013214040811
-0.418214654171235 -0.0179711580863648 -0.18928332790593 -0.220141705625223
-0.385809125351601 0.192347612867039 -0.120760288470197 -0.0250617271649325
-0.249574917762932 0.32646131741611 0.00138383752939515 -0.0400310464097844
-0.101913935792485 0.350019268309001 0.0328407268045368 -0.158379038885072
-0.0628177425435284 0.342484134193682 0.030960252817665 -0.201206760603633
-0.0533358668652074 0.305004440606928 0.0645208571568742 -0.225155016356135
-0.116497270164351 0.311210822908725 0.119848895441417 -0.21219622348914
-0.223810868815942 0.259866016542121 0.186295856966994 -0.150119420406025
-0.283119748039184 0.144837189526263 0.188952643086989 0.0301122790311596
-0.327927852741242 -0.0455786986196173 0.0744778434386097 0.155090289912289
-0.276450269077439 -0.25924037276438 -0.096057647756298 0.160679349205573
-0.160929952856237 -0.332447271525946 -0.137648933194017 -0.0629614694180641
-0.118945988022848 -0.422284143024587 -0.0624319274682168 -0.00922751353033652
-0.306000668894333 -0.344283450338285 0.336449714728858 -0.0261118151561975
-0.334470597144421 -0.167619437191317 0.0582430698076686 -0.418729172558011
-0.371052290192725 0.0132324080439272 -0.256019533401774 -0.203874680169145
-0.366478233230015 0.19908169606428 -0.215934805225846 0.0459953132917937
-0.249720438160092 0.343138189697291 -0.0742868864458834 0.0808273441051425
-0.105928545126003 0.384388789562629 -0.0182615149565527 -0.0126683490924378
-0.0775478328645445 0.401122535174665 0.00668701606233656 -0.0537879629800052
-0.0825843201759017 0.381429686396743 0.0517041207163731 -0.0937625561421951
-0.170152667823556 0.398741442154832 0.104822053073223 -0.115615632405842
-0.3162902937866 0.316698035019412 0.166504666467544 -0.0858598369186313
-0.381140757291347 0.15323510121714 0.184208449573607 0.0691910088294479
-0.410420293426019 -0.0549941626507503 0.0766026292873333 0.201161960835581
-0.378853988427276 -0.293018014374153 -0.0844460813248798 0.209076668400545
-0.251037053390899 -0.409321612760804 -0.083255276029128 0.0463660110897028
-0.147295292695765 -0.387280700858361 -0.000409679352525209 0.129241224335823
-0.295679190311436 -0.240528493662853 0.355106091763251 -0.0168699837607339
-0.246272885929009 -0.0648534657774945 0.0130774521577269 -0.362188617229609
-0.245194335552391 0.0255881991850311 -0.278163348385506 -0.150638099588662
-0.280505120116851 0.163636612291485 -0.253314568885317 0.109082158866263
-0.204876358929762 0.299233309370132 -0.122171630984855 0.178471157598162
-0.0896074166666288 0.357826290535775 -0.0600465738289855 0.126489599205752
-0.080481120672762 0.398427570759823 -0.0177893224119772 0.103007968723187
-0.101112028504506 0.400345765013368 0.0283123945427342 0.0594227798332868
-0.207855776697696 0.413766988548586 0.0697641909352711 0.0161504220681385
-0.370814035140649 0.299248262083687 0.115874747012632 0.0152189219333715
-0.414848238946668 0.107310819836017 0.1453790780163 0.124631497841371
-0.416993015652268 -0.07151134342135 0.0608955292108021 0.248902047650503
-0.420108353727929 -0.295145522407283 -0.0685791898251353 0.260112994095038
-0.299169475144789 -0.435135731977745 -0.0164544366162703 0.167035796289812
-0.15846331629693 -0.29271823055714 0.0617099687703192 0.22493624884226
-0.238838924706223 -0.105643742001936 0.324951025943082 -0.0384786100977747
-0.122635449890937 0.0177438480339425 -0.0304298049564313 -0.278363906054703
-0.11140303410323 0.00806764785717659 -0.253004671868655 -0.0902384555643652
-0.181669708656416 0.0992156675415476 -0.241641362925521 0.143353580672176
-0.142321407577124 0.216320982746686 -0.138651497646051 0.238181970117437
-0.0641456706253525 0.282539187726601 -0.0831646313677963 0.23964907988422
-0.0698640598464682 0.335847136768718 -0.0380392899114751 0.244134965717501
-0.101285330873717 0.346910272652815 -0.00531933511842089 0.208905840552837
-0.210628365247131 0.341565018249257 0.0124205603200084 0.151376854217564
-0.347334669916445 0.203827061248188 0.0365601216472701 0.116205486999256
-0.346307218551195 0.0310139465931754 0.0787086292657806 0.169237265932439
-0.329995212050525 -0.0691389027821717 0.0271469005109777 0.284975011269032
-0.3871752202311 -0.250620853748927 -0.0601125779033495 0.301002920293062
-0.29160251291644 -0.395322427540563 0.0476588272211559 0.280671849202724
-0.147407114854825 -0.170791333098951 0.115938987535045 0.272404966235174
-0.157743960683294 0.0082827320719603 0.271304504487057 -0.067876336273371
-0.0156996522800274 0.056686594417683 -0.0514199035866221 -0.197474244724251
-0.0188638531778663 -0.0230662278524529 -0.208210023170411 -0.0530180263003477
-0.100412851485276 0.0351952918840435 -0.21299480842652 0.150706115338248
-0.0840364382312403 0.122588724592891 -0.139854745661492 0.265486523825234
-0.0400526265740541 0.17903520021376 -0.0900932725186491 0.316388547004148
-0.0481252039882719 0.221009621357139 -0.0511625914378514 0.346960749028882
-0.079162366781525 0.229591389326 -0.0419335737963514 0.322221830983193
-0.158771549259632 0.202260416286419 -0.0525888732278237 0.252047141800399
-0.231104733491661 0.0789981350782727 -0.0457621119203339 0.179897198583616
-0.181790471230193 -0.0228524915519592 0.0142763178785446 0.184993671942292
-0.180570687806599 -0.0125089662422068 -0.014935392486942 0.303573895700809
-0.294466193329436 -0.146750745302641 -0.0754531866630653 0.325338063376198
-0.232020565416398 -0.283804146513764 0.0899596022360842 0.361171357152059
0.119070368978315 0.0751159214601962 -0.139019631325326 -0.347135639351491
0.110255574962731 -0.0468387890355299 0.0640049403571499 -0.265168900837887
0.0059172631923112 -0.076304038461974 0.016710921458267 -0.320678290078877
-0.0272915493393089 0.0175921357438831 -0.0205924741019069 -0.150237175224294
0.0340688079293303 0.0148556089871207 0.102483476121074 -0.144894589011971
0.0370020638051546 -0.0327783258239921 0.121074759534826 -0.267196782699613
0.0213713976766036 -0.0586451403050682 0.068371624651036 -0.364659756564259
0.0172996332778669 -0.0677117599063564 0.0396366726119204 -0.382445151299682
0.0284558267611409 -0.0669650094005241 0.0591570464132218 -0.356158827088865
0.043707671624976 -0.0337016982861899 0.105198785366024 -0.266045312430689
0.0426604609025297 0.0276113579704572 0.159553141117644 -0.164448239516784
-0.0298093014267596 0.0657176531852673 0.162688195894801 0.000128346282688484
-0.0684158984064408 -0.0570005506356094 0.077781425220334 0.105949116075083
0.0542240063603574 -0.0846652210425298 -0.126298755847352 0.0948018150416612
0.127954141168909 0.0241210408966729 -0.18855497269735 -0.222515774610274
0.0385654794132695 -0.0911793554532411 -0.16148647889958 -0.342295449853708
-0.0207516418741414 -0.178233526030946 0.114654532290095 -0.22558817654481
-0.12987183593954 -0.166933624717157 0.0351087507921919 -0.364266287151256
-0.205992393991386 -0.00770973024222408 -0.0498401713138106 -0.161689361194118
-0.142839765539332 0.092670233549694 0.0762310882788073 -0.121696777876215
-0.0745670934887756 0.118250337932797 0.121694816057009 -0.235204320544071
-0.0238442256487889 0.10527954082792 0.0783934273051038 -0.353158119234447
-0.00661911881675589 0.0867424771153784 0.0418779287000439 -0.374752330815554
0.00407825293026211 0.06063047680581 0.0578687918496624 -0.354484263294473
-0.00436547471589705 0.0709659506187313 0.10508986382372 -0.272586864844493
-0.0300496264942886 0.0915957633567067 0.163841308907658 -0.171138198595022
-0.0868692270461198 0.0856563924948053 0.157803504516536 0.00203997099077581
-0.134805542157249 -0.0501355654394749 0.0712088371455711 0.101440769166744
-0.0425892287139977 -0.145679443623826 -0.100198741593177 0.103510585711407
0.0459515780632296 -0.101932450006958 -0.188455548056438 -0.190295974667512
-0.0318276080566677 -0.250590761419644 -0.151037152219365 -0.274314209511815
-0.151689785886937 -0.294054820099474 0.185407722061148 -0.158897009616211
-0.252478678535558 -0.22733507382766 0.0530150743685247 -0.403606976377021
-0.346723366604464 -0.0220193865656054 -0.112006179433806 -0.188475014547006
-0.293768524564825 0.155053765962786 -0.0078173629527245 -0.0815359754398443
-0.174889866317787 0.246088688654801 0.0747680663266226 -0.154184180268316
-0.0642724194143165 0.24740592770277 0.0601920335466837 -0.277941723189466
-0.0299317087619979 0.228243228633401 0.0351285938396326 -0.310829996439981
-0.0194284039851935 0.186933639401886 0.0554017227058713 -0.311506141200424
-0.0531493442093214 0.187381006055968 0.108640229158752 -0.261478860687496
-0.112860038536495 0.1723684899902 0.171567365660396 -0.17604198591877
-0.16602005268398 0.114889921950951 0.170001059749666 0.00591110039393367
-0.218073917650495 -0.0393224443582965 0.0725450138158636 0.1156618757464
-0.15570196854664 -0.195411050786984 -0.0908944326258096 0.123795979837881
-0.0565343577949083 -0.217102377445611 -0.171777871328238 -0.134426447684173
-0.0875453914834722 -0.36687837873023 -0.113730262515356 -0.151255238279977
-0.255419276892438 -0.351991780380303 0.265661369460282 -0.0874434822993897
-0.334355430150031 -0.224122378016349 0.0547791748942138 -0.421743978675206
-0.409145385530976 -0.00511604748892291 -0.189525604090768 -0.205021345208129
-0.36761075361371 0.200978434664577 -0.118422092838936 -0.0214713813796266
-0.229927142961595 0.327388240029404 0.00117094658919371 -0.0400999643720156
-0.0882236344211522 0.343796690318607 0.0219873777140523 -0.15614750188938
-0.0492903719874712 0.334777455959058 0.0209584259251241 -0.197180041180639
-0.0429961133328786 0.299437029325167 0.0526716151116648 -0.222798923853801
-0.10272023471225 0.306749472273861 0.10684017300179 -0.212740077324466
-0.206798532971654 0.261573847178315 0.173664623775664 -0.156325314853088
-0.269697559847547 0.150346365622385 0.185727835424341 0.0215023570849568
-0.318829187366192 -0.0336762583798583 0.0818120306131695 0.147180527880814
-0.276842317556749 -0.240085304544152 -0.0844325893864921 0.160398173132096
-0.162180216518942 -0.317940573827765 -0.138486065686404 -0.052511805131087
-0.128323004225859 -0.4077946101879 -0.0568076619517664 -0.00438266669045585
-0.307023502998612 -0.322179913629582 0.327675367495576 -0.0410800468306391
-0.329261370603168 -0.155016827056181 0.0329168356272681 -0.405396605905026
-0.362441108449691 0.0222775376536347 -0.25365733534872 -0.185622001251475
-0.349509324732771 0.210373438225115 -0.207282556076539 0.0527778451175486
-0.229260946462589 0.345183545153265 -0.0687500993254719 0.080135222270183
-0.0898688919063955 0.37790233134518 -0.0222608291988593 -0.0122747548193008
-0.0599733037954179 0.393380303805784 0.00212306792096645 -0.0523957134074878
-0.0672218613197069 0.375207058030838 0.0451639849763276 -0.0950601420643488
-0.149674214169258 0.394657741232606 0.0959399585211755 -0.118780878710778
-0.296619721689226 0.321529082653001 0.157405858282355 -0.0927519971454876
-0.366955697811658 0.160762915057159 0.18299446017807 0.0599935032784327
-0.399315037929529 -0.0406128041710129 0.0862153780031531 0.19142565519775
-0.376414843692619 -0.270088951576348 -0.0715396927650453 0.209784772963151
-0.252485367392785 -0.389275545139252 -0.0831787006004573 0.0509217767203331
-0.154031506602867 -0.369322863395662 0.00756256737107073 0.127462224915857
-0.291689958472101 -0.218755325336475 0.343202613875501 -0.0329140875953132
-0.237627532932545 -0.0588903042562921 -0.00845675637198119 -0.34748125024799
-0.238158673779907 0.0298866975413555 -0.273576506844741 -0.132986157540543
-0.266020484864442 0.170381326071158 -0.240903486260864 0.116139349629218
-0.186772354928605 0.301406468564824 -0.11123856382614 0.177172136684448
-0.0742240191149641 0.350728584989119 -0.0574952091991881 0.125467734643254
-0.061443791863682 0.390426585988425 -0.0156855728977601 0.101178265327305
-0.0836286217777724 0.392021298441676 0.0286080206166014 0.0557882571848015
-0.184661597159111 0.410734506844326 0.0675759240436204 0.0119545679424413
-0.351386823909255 0.30722331275638 0.111922006329235 0.00839582996457677
-0.403513190755735 0.11868574011329 0.146796724489235 0.116253647374128
-0.407634091588557 -0.0610122768864273 0.0732840210979002 0.240596757189144
-0.41729320398868 -0.271928474332043 -0.0547881073372389 0.258886537352185
-0.299261912463241 -0.410798030469075 -0.0160462185497449 0.165111355669198
-0.162895328352431 -0.274577435145074 0.0687785459472256 0.217740204264147
-0.229679797140923 -0.0906522190578382 0.309883744505614 -0.0514735825065797
-0.114893136023199 0.0170176435046425 -0.0449391122772562 -0.263783906886904
-0.110175881728069 0.00919158993857656 -0.247381683596518 -0.0763210917542548
-0.171665049372236 0.105411295620755 -0.227878989587232 0.149225980967067
-0.128942188428733 0.218308142270037 -0.124324440620631 0.23658816568455
-0.0509348936441944 0.278433506693447 -0.0751891484703565 0.237187626778792
-0.0524494177497427 0.329861827538204 -0.0294723502325994 0.239475434989514
-0.0857903414120131 0.341218332461177 0.00144335455610909 0.202398159165948
-0.190079562541529 0.339790880570182 0.0173812204275769 0.145722203786371
-0.333008679820699 0.213794967437771 0.0394824846867843 0.110394578307673
-0.340427518065454 0.0411812746542783 0.0823447621638212 0.162063017447146
-0.322082149637769 -0.0609467748929833 0.0412844911017503 0.277069877626851
-0.382002514100795 -0.227937616076984 -0.0466379991309832 0.299453743112786
-0.291645269684513 -0.370513629896946 0.0490546282821293 0.270950519834489
-0.149068656668362 -0.156268940426451 0.122322274469194 0.260093438731206
-0.148090073208646 0.0161854224602964 0.25381114811074 -0.07892457166494
-0.0104777460487296 0.0510838255043757 -0.0604316488986663 -0.185436038276243
-0.0216497302323504 -0.0233825082005837 -0.202047616260955 -0.0413024521902984
-0.0955208696707236 0.0402097268619438 -0.19878262280951 0.155182111951698
-0.0749305140759757 0.124195019107062 -0.12370600653603 0.26406730954651
-0.0304151034996984 0.176075100459598 -0.078097945672162 0.31135566062343
-0.0356605897909722 0.216305521432094 -0.0384541164281535 0.340931624685008
-0.0661397252144049 0.22544162822334 -0.030157200384324 0.314528885191784
-0.146030745075389 0.202922505736377 -0.0413302934252798 0.246361936714088
-0.223764854604398 0.087636222604522 -0.0382714367023154 0.176465540923749
-0.181553357433672 -0.0181415046304252 0.0187702147303057 0.179874815767332
-0.174065213031427 -0.0116003210789584 0.000390750392771125 0.297668018334078
-0.287715833770857 -0.129585358008957 -0.060106186663504 0.322582908157931
-0.233069071444568 -0.263251770984724 0.0926478842655868 0.346703534866892
0.076171748849658 0.118083068001825 0.0288534705515051 -0.378061582070703
0.112966827471594 0.00485478680035946 0.166233096888435 -0.218841674909854
0.0333096829046522 -0.0646272006275635 0.140028715020555 -0.28331751817385
-0.0299934293124691 0.00674950431227264 0.044800780178845 -0.140981374955403
0.0243080729952691 0.0265181097689576 0.154571477259699 -0.0908190108203465
0.0454115487937979 -0.0153567338146519 0.216851678402746 -0.190949930593002
0.0411650776680444 -0.0456632651469261 0.208797927408231 -0.297021903411791
0.039041162015708 -0.0566169219307397 0.191044727663845 -0.323545183799134
0.0470934471281951 -0.0528074294187894 0.196151471847772 -0.293394719634546
0.0486738425776621 -0.0173358331415501 0.202603745136105 -0.195660878420899
0.0286631793607385 0.0365376182537425 0.206633914571238 -0.0820813627752046
-0.0476687848361188 0.0471387179777922 0.143776689845833 0.0645281597243815
-0.0411660854095616 -0.0756777160869816 0.0277764410431378 0.121177812233993
0.0757335660358381 -0.0554013753206321 -0.143249387416152 0.0393711949385058
0.106188017847086 0.0625140605623827 -0.0812484037561206 -0.263962223287707
0.0796300078056548 -0.067842735320493 -0.00961850843125212 -0.370768629485195
0.0570385578730961 -0.166352345222151 0.189331618168149 -0.156446472065991
-0.0473247571449202 -0.203937505784559 0.164181812317778 -0.305733389095348
-0.175286326463563 -0.0927541192432107 0.0179652000745242 -0.152552492527423
-0.16396899524405 0.019958221967326 0.122372709722227 -0.0712288406139394
-0.114708131865595 0.0721709562159841 0.206136112810054 -0.154381477795874
-0.0648709220393873 0.0805259674368809 0.212755929980882 -0.281076939607594
-0.0435698107880515 0.0725381340373034 0.18896659260363 -0.317429036688525
-0.0246831242714316 0.0513158952357303 0.19155263693577 -0.292965927250185
-0.0344209075983618 0.0575478526191235 0.203597072772126 -0.202005489324602
-0.0610553406749256 0.0660637961159368 0.212183436334842 -0.086694104427909
-0.106316900341288 0.0415765586267877 0.13795351563525 0.064555875473837
-0.102530995212748 -0.0936968200458116 0.0236870775446555 0.113533501081309
0.0126321999747048 -0.143937242298924 -0.121208334658979 0.050543677661081
0.0784532758867914 -0.0805811928450375 -0.0873084815466321 -0.236845281244082
0.0875735539908702 -0.243362610274238 -0.0454164699717658 -0.295225098292244
-0.00585238360501358 -0.323258242890278 0.21897865805967 -0.0612152586200631
-0.12879518749508 -0.311581411527406 0.189307603625319 -0.327276586094102
-0.292043632308782 -0.166459015662267 -0.0301620730596663 -0.193744727969674
-0.322062634675033 0.0121474555230742 0.0312477086630891 -0.0608344841087556
-0.254960790932369 0.143755623036835 0.134364439159141 -0.0952135723052501
-0.159741356388461 0.190397966432468 0.165394583256948 -0.219999277651096
-0.120404427429215 0.190790218488958 0.155901076455291 -0.263118309163089
-0.0951080123268494 0.156436681565691 0.170108302023819 -0.256269700187712
-0.1223529292829 0.144448287326217 0.198658226868267 -0.191637227648448
-0.166883473226753 0.107890271762565 0.220528641014593 -0.0882650087206325
-0.189775103817501 0.0361660718278577 0.146915310381962 0.0732268873286267
-0.181433574260125 -0.115924651466322 0.0188164596842094 0.126504763576657
-0.0685283572544649 -0.229400067385112 -0.120626538453355 0.0661990853516148
0.0289625809405619 -0.221131661362654 -0.0891450346928948 -0.184713000917603
0.0876876231465135 -0.372426049227699 -0.0737469034220937 -0.160468703235768
-0.0712915294177963 -0.418593792831131 0.257676971677389 0.0403335331459711
-0.19910557927455 -0.34302901512312 0.198070116306111 -0.336387161941358
-0.353339619448686 -0.179906062838651 -0.0949384053793258 -0.236283273005128
-0.40672565490679 0.0211306229765977 -0.0920032020006746 -0.0467861319099193
-0.33717917385081 0.193124276674621 0.0226363384660254 -0.0203699218294931
-0.217825607776438 0.265443972363028 0.0819208668324102 -0.125218814538903
-0.179054549285281 0.279648566715752 0.0968501468376468 -0.169113758507012
-0.160132678423068 0.248116039087136 0.13028026226321 -0.179779231816525
-0.211533437070333 0.232438667211268 0.17597659761587 -0.149635081925248
-0.286085133126332 0.153019286729639 0.213968673437722 -0.0697850007150946
-0.297810271962654 0.0261775676543858 0.153133527564428 0.0922337779437015
-0.274858852348076 -0.151744056136581 0.0138897801653727 0.155745069295804
-0.15916058247235 -0.313517503808654 -0.129443197532382 0.0968934830531769
-0.0297162478053849 -0.349032674457916 -0.0863169057831692 -0.102831814093824
0.0684880911287324 -0.424387656693668 -0.0879818530339856 -0.00200670367035569
-0.127384091368755 -0.412628622620116 0.293604397380932 0.109665661304212
-0.221496974037327 -0.281270493911689 0.176518844577495 -0.328645277565099
-0.324674973524708 -0.135708156135056 -0.158985001733739 -0.245929378224469
-0.392443952326787 0.0360925497838814 -0.200132764494834 -0.0173066849422297
-0.34313615763566 0.209923058770312 -0.0870580875111929 0.0590649980116887
-0.233201458204698 0.29495828087152 -0.0164564786741616 -0.0148385907238388
-0.210946469289609 0.327748515703107 0.022095316958803 -0.0470246115685885
-0.209646193044754 0.308015275719003 0.0711240949174602 -0.0686776691336322
-0.287669902256563 0.293430060280562 0.126556217658709 -0.0690671912319693
-0.390497418393912 0.17420117473809 0.172240946899822 -0.0196037182529527
-0.388916536084666 -0.00228167997196425 0.13363013718211 0.124776489831467
-0.345071120555851 -0.191999551267569 -0.000528063457812346 0.196575629341321
-0.23700683014389 -0.377175766492535 -0.136510312226407 0.141326538556919
-0.0845202708397908 -0.443142073428145 -0.0761500131290854 0.00823855603749749
0.0276043179108997 -0.400912218982618 -0.0804751926402277 0.143169230927843
-0.158326292206765 -0.313732698194989 0.306905008433124 0.122562948044008
-0.181380948245824 -0.157185747827612 0.122618420381543 -0.298209929753279
-0.220093057081327 -0.0776545923695616 -0.195592030840493 -0.214164004629639
-0.303647492604853 0.0375729440080568 -0.256398160769804 0.0220235759174573
-0.28622448962332 0.188972834253351 -0.164836867672786 0.125598119332352
-0.206783378435119 0.278895846168372 -0.103860974264242 0.0941163682460541
-0.211049939660376 0.32683195854049 -0.0564711677150685 0.0826243795010943
-0.230026226428595 0.318702229055472 -0.00514489456631177 0.0581613767595404
-0.324425036582537 0.29500131415621 0.0479120806878583 0.0348610815080946
-0.433692750149719 0.142042730843881 0.0915193684953144 0.0516487271582496
-0.408518663837762 -0.0553310758676033 0.0785309943407338 0.159342062137331
-0.343344952719719 -0.212771818544867 -0.0309800843887551 0.234848050563125
-0.2696476088857 -0.393588067832477 -0.143456812584836 0.190594778942983
-0.119112152763201 -0.479540953836883 -0.0620367603600132 0.134946044629389
-0.0240438736194291 -0.318614057550201 -0.052756500242932 0.246692473809203
-0.159379815953299 -0.173803578070031 0.289214092814279 0.0891633994705344
-0.103684887516525 -0.0367975193728414 0.0628333164251932 -0.245140195868975
-0.0996988838583074 -0.041230196242402 -0.192869150787586 -0.159467774404721
-0.192725155090157 0.0212203952212564 -0.2595898071026 0.051200223332068
-0.20053840403617 0.140099299728758 -0.202258192867269 0.169392524908838
-0.157010177848122 0.223647804380697 -0.164247650541231 0.185691003587243
-0.17711899486267 0.275773781365544 -0.12408684735922 0.200474238988244
-0.209363709958561 0.274092748617582 -0.0864176446545982 0.17763512099651
-0.299368464342028 0.231701165407888 -0.0498769044990367 0.134168850578877
-0.380068975840897 0.0669074838401386 -0.0144630055738704 0.112652669948232
-0.321676803241642 -0.0992143017180435 0.00288218012302418 0.174858186232449
-0.26390468481951 -0.180992127129913 -0.0734370581129738 0.25639385454897
-0.253571267240899 -0.338573123329684 -0.153453025103481 0.231719755115695
-0.126716488969856 -0.437322848600156 -0.0510806373143463 0.254282379064542
-0.0649089439789807 -0.203722698593269 -0.0118207817508316 0.301117664464812
-0.132173260604512 -0.0454959528032739 0.254317640387821 0.038565204927317
-0.027069694523591 0.0375032172217227 0.019651538252512 -0.187758650990768
-0.0104846422235548 -0.031605681040392 -0.167479621155046 -0.117401843723969
-0.0984124715673013 -0.00325263260961663 -0.23652787363244 0.0647060443410616
-0.115433714415718 0.080226282687248 -0.213700707926273 0.190286389597025
-0.0970248879429108 0.143348437800669 -0.1967694009443 0.249825544643447
-0.116315015646289 0.181459360212175 -0.17217106424884 0.287088677845292
-0.145410385631908 0.178466776484439 -0.157706416286555 0.265363392436504
-0.206080126349619 0.12682418874002 -0.141145734443401 0.199911647808685
-0.235355713008153 -0.00406709418932341 -0.108340204064201 0.13901737729262
-0.156580123391384 -0.0896048818135477 -0.0600271698576338 0.16589756530271
-0.146923655536578 -0.0776123727670041 -0.117815401987779 0.261930354728443
-0.205974902893252 -0.213868608331691 -0.178162754604916 0.251813793340329
-0.114123672505195 -0.31603963714333 -0.0482562435704918 0.338351299787619
0.0793545862313323 0.112656420208293 0.0299881054494498 -0.372745311231572
0.109974470017701 0.000951793652347878 0.165356330667531 -0.221220908271504
0.0282580751199562 -0.0624903468872653 0.132301240019852 -0.284739115767143
-0.0279310451072098 0.00961274613937559 0.0444229712496201 -0.139883111658961
0.0266565491580711 0.0244542950538776 0.154107539687207 -0.0943604459862568
0.0443079438186144 -0.0183413138941624 0.212624152364776 -0.194232639282645
0.0385402025145193 -0.0482267327747663 0.203888273580621 -0.297441257962413
0.0349175600363557 -0.0584560950361466 0.186879127291811 -0.32526346310343
0.0426493633179612 -0.0557655547053569 0.190556528626234 -0.296265918574207
0.0468356117345335 -0.0205661443607551 0.197171257452217 -0.198043720704505
0.0301808722376792 0.0339165017208829 0.203471244323391 -0.0862489734741407
-0.0423954118029837 0.0491724964992117 0.144407657055487 0.0608474700916573
-0.0446065612954552 -0.0724950829282569 0.0311116201620968 0.118151940252876
0.071184625492855 -0.0575455514813591 -0.139875972875256 0.0434344195419558
0.107654380586472 0.056434421161884 -0.0829754744843772 -0.255658804320633
0.0819529098987538 -0.0709832076984657 -0.00844235448414295 -0.366025395540162
0.0539564485305056 -0.168236132928204 0.191010628920919 -0.160582668201898
-0.0514340447245969 -0.202863026244591 0.155070576347665 -0.307206911112396
-0.174968836601197 -0.08914332320899 0.0179647451330615 -0.150082516738299
-0.161780667994979 0.0207414565248545 0.122514817708545 -0.0743282741499862
-0.113550988677277 0.0716553019793988 0.203344280440502 -0.158424495830553
-0.065412075309529 0.0792313815767975 0.206502947225521 -0.282985283669967
-0.0449042599727237 0.0718034587670725 0.184038937870165 -0.319735274083205
-0.0271506632096047 0.0494194311431118 0.185940962147978 -0.296635467170121
-0.0353715021922379 0.055185800807315 0.198725516532846 -0.205321236126273
-0.0587762957658359 0.0658200597535066 0.208419208859894 -0.0920319785937819
-0.101440274405352 0.0436084395282409 0.139161029183139 0.0617933545206602
-0.104747463219542 -0.0897600280358676 0.0279085465544717 0.111848514101275
0.0088525152409058 -0.142586410599108 -0.117134741829042 0.0539972231705335
0.0800355470480987 -0.083552948678553 -0.0886523433243289 -0.230555350150379
0.0875947103993772 -0.245048782051553 -0.0424521848778273 -0.289004106781713
-0.00900485158283181 -0.322853397664264 0.224941982092614 -0.0668442939669817
-0.131165557622606 -0.31114682455003 0.178782879766135 -0.327860287717617
-0.292888650710457 -0.163777789510122 -0.0315026192279145 -0.190266142299114
-0.320707058851922 0.013829779571614 0.0313159759436233 -0.0625916619251439
-0.253092829669502 0.144827241999375 0.132671286115882 -0.0982714843412715
-0.158135221154885 0.190151020858593 0.159815592341151 -0.222208375862946
-0.119643681332875 0.190891036212658 0.150585089172588 -0.266087215226732
-0.0959950446131442 0.155674196636351 0.164946838835234 -0.26011517619352
-0.121627085284176 0.143486213375472 0.194520807380891 -0.194915773008514
-0.164662590495433 0.109774184636114 0.217768276522108 -0.0937971109465065
-0.185807894643363 0.0382305849850874 0.149080636147175 0.0701239928800499
-0.181291903733304 -0.112576794301378 0.0240739089693542 0.12480981775011
-0.071106461709593 -0.225579429342156 -0.116548632174072 0.0697494109699196
0.0316114896608666 -0.221479134735355 -0.0912472198512206 -0.179066959467353
0.0856169688723604 -0.371380297963903 -0.0707356232051472 -0.15526603540128
-0.0738240239956379 -0.413962311137018 0.262801850941875 0.0334067488225638
-0.201072773533181 -0.342906252935836 0.184863080501631 -0.337162435976471
-0.355109390934271 -0.177726408397663 -0.0962298155021211 -0.231050913953236
-0.405773573584918 0.0249506993866119 -0.0907477310824899 -0.0455941288800719
-0.332552293991687 0.196926632998741 0.0238538326666968 -0.0219916452756334
-0.215369487651537 0.266718685946353 0.0766156076180913 -0.127387524837442
-0.176160656317912 0.280572206202984 0.0924997400335968 -0.17075371829176
-0.15924387557377 0.248552381480825 0.126717438621788 -0.182806702558098
-0.209039955495927 0.23444624574694 0.172999646972269 -0.153895024351717
-0.283162829993369 0.158226822829374 0.211154373797065 -0.0762652850309667
-0.294957081035748 0.0293194728063235 0.155937387728521 0.0896293427741468
-0.273239388696444 -0.148454254015012 0.0193980713489625 0.15500187057482
-0.1618912838463 -0.308630710634486 -0.12496857003594 0.100915814155753
-0.0285825136776636 -0.346045282522329 -0.0893472748546829 -0.0984503951172521
0.0646687522305998 -0.423587555092653 -0.0839645622261175 0.00275992408432707
-0.128225652752679 -0.4055877076409 0.297626779181624 0.101974260710831
-0.220126804732829 -0.281021269659025 0.164143660924111 -0.328324152803931
-0.325432185552592 -0.136175470166715 -0.161349603428632 -0.240522131313687
-0.393119450362388 0.040075829975956 -0.199376428109664 -0.0137457577850974
-0.338909327526759 0.214105950932019 -0.0846284502226613 0.0586311060244228
-0.228566875112582 0.296438878765879 -0.0203823981969563 -0.0149427760702531
-0.205292658032006 0.33001084680264 0.0183283059847644 -0.0483031787097915
-0.207413045975678 0.310003651724544 0.0689744001958989 -0.0721837937622577
-0.282465490207097 0.296412553863338 0.125149195244967 -0.0733895168782339
-0.386985916237114 0.181012829744751 0.170937083199829 -0.0253415696087842
-0.390773084192305 0.000520956692685636 0.137625043843689 0.123039415972855
-0.343328407611113 -0.189638244454231 0.00616929678208036 0.19640497444608
-0.23721208214911 -0.371493144325238 -0.13269667709965 0.146539089627661
-0.0825221828957037 -0.438245006318361 -0.0797136966893326 0.010922593199034
0.0233535050503731 -0.397392357788197 -0.0768685024897545 0.146334242111801
-0.157280114855462 -0.305776715791703 0.308484757084573 0.116059421414725
-0.177399648366854 -0.157728994041581 0.111566529212151 -0.295865318459655
-0.220911877503228 -0.0784769094027939 -0.196532576729923 -0.207596192020605
-0.302689074118655 0.0416275981662697 -0.254326863472795 0.0261466815240904
-0.282230726308042 0.193961188021402 -0.16070869243513 0.126574149791986
-0.202403118645741 0.281170599359274 -0.105250597252666 0.0955155712531842
-0.20390816163468 0.329105044283842 -0.057262909386933 0.0827064354377258
-0.225284227798727 0.321286641695761 -0.00567596093090521 0.0562434853258122
-0.319067378606473 0.298647544370563 0.0479355431067933 0.0322176760697067
-0.432126381415872 0.150760199826755 0.0916037142095985 0.0477263233226635
-0.410023347862008 -0.0515897555664738 0.0824493942334814 0.159535611538867
-0.342458666800606 -0.212714393088369 -0.0226625514872477 0.23566451624459
-0.271118153695957 -0.386147573248369 -0.139975379265097 0.1959004818094
-0.118394835717089 -0.472722784870239 -0.0660360713317948 0.136055797172671
-0.0278336104802284 -0.312309836656733 -0.0489896864415065 0.24733297960086
-0.15501850971969 -0.166164730798393 0.286374502451009 0.0816287726591949
-0.0984517004771447 -0.0397438527022917 0.0527528907766614 -0.241210949826634
-0.100595439464862 -0.0428380126326448 -0.193895431662778 -0.154501533512133
-0.192374072408694 0.0241855555434075 -0.255037624828115 0.0561482342377262
-0.196556330923434 0.144776167978272 -0.196970317258716 0.171502489282735
-0.151903970665971 0.22588628362147 -0.164620650644914 0.187597218979898
-0.170384479546445 0.27869487126842 -0.12317825753839 0.201652947739785
-0.204638940467901 0.276599171258587 -0.0853044713106076 0.176461882837976
-0.295561302808165 0.235671857995648 -0.0480459114687464 0.13234633066624
-0.380668383236672 0.0742501790481268 -0.0133220431025845 0.110596703706492
-0.325813511364182 -0.0984344613233702 0.00536478601326814 0.175406018263294
-0.262636814073322 -0.182418932806289 -0.0658177805524127 0.25859321826249
-0.251903480793748 -0.33255845642367 -0.149717382408774 0.237399344361027
-0.127708121591198 -0.430982655419591 -0.0554296456773529 0.253176089424062
-0.0682591168236861 -0.197123682816014 -0.00853826226922959 0.298694295019379
-0.12749659636293 -0.039803431952065 0.248734682112416 0.0309188866019543
-0.0225463936500589 0.0336491894935428 0.0133452518634884 -0.184808935693997
-0.0133145687086709 -0.0336430895646663 -0.167748405697205 -0.111066275831242
-0.0980591060244656 0.000129364168990597 -0.232064910425516 0.0682263879928891
-0.111708039760368 0.0834705960363009 -0.207976110281965 0.192914785127281
-0.0930388714233092 0.145109326381519 -0.194533583136033 0.251805874229104
-0.110133096400518 0.183256982158538 -0.170059363463209 0.288991952282056
-0.141137190029331 0.179796709044116 -0.154253213827149 0.265565990689266
-0.203268976990199 0.130869824168919 -0.136802255048668 0.200190701379744
-0.237351363587387 0.000764110645184274 -0.107541493887824 0.139587803278663
-0.161312994533895 -0.0906633564948559 -0.0592641749874026 0.166669291546131
-0.14399493400304 -0.0803502863728818 -0.110358321159991 0.264998949870267
-0.204458654465625 -0.206683280628435 -0.175470565507959 0.256334813750679
-0.117163679903948 -0.309786606360415 -0.0524245420230001 0.334890732135567
0.0848973231109203 0.107726770817894 0.0272238934317827 -0.372465984825198
0.107089338778982 -0.00369606376010386 0.165511031928148 -0.23017231657889
0.0229181343452688 -0.0608977388611803 0.121812518004136 -0.290924804596905
-0.0248689489108168 0.0130086695455895 0.0417419744322183 -0.140260066609944
0.0300274677744304 0.0218496476441953 0.154473623113071 -0.101559470484965
0.0437827097435476 -0.021767841732122 0.208276104470063 -0.201940892786208
0.0353228088531078 -0.0516560025015931 0.196817480681401 -0.303669500964783
0.0302690118919275 -0.0608435433701088 0.181497003011392 -0.333430695546128
0.0378034603064497 -0.0591852668267496 0.183755732862859 -0.304915909857318
0.0449914624804187 -0.0244410144860099 0.193422228047453 -0.206174987347162
0.032550079642489 0.0310957500877627 0.201810817437312 -0.0949110809203724
-0.037456153303114 0.05134808892446 0.147714656753257 0.0547978603522924
-0.0497141835698747 -0.0690081305615908 0.036898310523852 0.116617128272811
0.0664964431584456 -0.0617822162090232 -0.136660220049911 0.0503536813780775
0.111256354104899 0.0496769296582955 -0.0870135997154251 -0.250121237042714
0.0841658774821431 -0.0766027384061057 -0.010830588162262 -0.364748923644391
0.0489519131154911 -0.172426997840849 0.194192364762443 -0.170021129651007
-0.059517301763182 -0.203098167664094 0.143308486905685 -0.31235735819115
-0.17709359977152 -0.0849757314063173 0.0160627365203737 -0.149725400033834
-0.161110999728464 0.0228688123862639 0.122300133019993 -0.0801498521619387
-0.113156942579233 0.073179316381735 0.201408217223529 -0.16609873229661
-0.0668766740812125 0.0801195384934036 0.198706666772066 -0.289292723993482
-0.0467718852644138 0.0731065175946489 0.176620781280731 -0.329280451555514
-0.0307005614382206 0.0496430427113583 0.177431451359921 -0.305749170893626
-0.0358464085292661 0.0551707041196742 0.19359519157582 -0.213658945878328
-0.0566067788308077 0.0665676982096335 0.206498225078329 -0.101097896857951
-0.0972944214493559 0.0463846367854531 0.14306122948 0.0568508540558278
-0.108449211019004 -0.0856562289004047 0.0333966804809526 0.110927938912092
0.00371941822406806 -0.143972744451515 -0.113438251125315 0.0601854799848752
0.0816433001858687 -0.0891517987841022 -0.0934198220810878 -0.224451928100711
0.0862165032187039 -0.250835145847676 -0.0438993097067166 -0.286245618603991
-0.0157113883326574 -0.325455802262241 0.230764434328088 -0.0768811557669955
-0.141561204124522 -0.312799592475634 0.165509078318766 -0.333735451546102
-0.299736109118856 -0.158459096173316 -0.0346479741627852 -0.188614053833279
-0.322953103613878 0.0213320096814712 0.030835141938178 -0.0652672115604709
-0.250484196001565 0.15197237187953 0.132120479817561 -0.103976443620396
-0.156795255787215 0.195325524233086 0.152313635986463 -0.228497926006675
-0.118284562701309 0.195607808938434 0.143586165147023 -0.273446253622788
-0.0968850539459283 0.159150923624858 0.15797426616984 -0.269325370572113
-0.12069984432555 0.147154894281765 0.189871846203255 -0.204591081772053
-0.162131733850813 0.114914927885866 0.215851741372633 -0.104320041002503
-0.183415771633962 0.0419951005731792 0.153936772472142 0.0658700111516698
-0.18488172916267 -0.108068166352726 0.0311124022924672 0.124799782755358
-0.0775354710110329 -0.224435034441383 -0.112808133670811 0.0755930329708734
0.0304121181868951 -0.225390662464142 -0.096846225009033 -0.174346047568349
0.0807669155756025 -0.377172099142138 -0.0707594873813044 -0.151405237072966
-0.0843626359674894 -0.415841412296631 0.272406047850934 0.023402486283319
-0.208693756306457 -0.344953203110812 0.172178984219644 -0.344269420943217
-0.363886981305129 -0.172681865624235 -0.101730412092267 -0.227218640326447
-0.409254428074071 0.0338233899537137 -0.0929957948856067 -0.0442556619377909
-0.33018444270443 0.207186331134383 0.0246028572251517 -0.0244400323599296
-0.212614389362001 0.274431256137638 0.0702273201352364 -0.130427562260768
-0.171635580059077 0.288108291011384 0.0866170371764887 -0.175481622088273
-0.157397702133825 0.255732538325726 0.121203155737158 -0.190533297893402
-0.205772500637229 0.241758217899306 0.16954635816621 -0.162543348730883
-0.282088910208887 0.167748109641555 0.209672121802948 -0.0864553317216359
-0.295886700120044 0.0358889533898395 0.162519169464542 0.0854308040954634
-0.278502902011108 -0.143017525122347 0.0279665998324327 0.155374794038947
-0.169760681638456 -0.30525513222691 -0.120370346800665 0.107612637058422
-0.0316141980763616 -0.349202014331938 -0.0939722317048234 -0.0934632424715943
0.0559215086841268 -0.428613175462589 -0.0815972591453248 0.00792026659040882
-0.136491341289242 -0.402862910538111 0.307306902132002 0.0908236308517737
-0.227047123846865 -0.282239767419196 0.148568146582771 -0.333457369593204
-0.332613145344373 -0.131767577034353 -0.167913149148406 -0.235536865019885
-0.396248397663553 0.0512868997762247 -0.201118463790674 -0.00812146751763765
-0.33598562337131 0.226194305625942 -0.0824653110173078 0.0601253300529495
-0.22371848758911 0.306333366977709 -0.0238430918534607 -0.0143557086035695
-0.198599054830779 0.338519996695678 0.0143595690667515 -0.0495505765560802
-0.20220007689846 0.318725871644961 0.0658208082540927 -0.0771096950092583
-0.278808676323923 0.305745823601865 0.124123720843625 -0.0800355999305147
-0.387314457564997 0.193953757831957 0.171248514963705 -0.0338433332276116
-0.393988312199888 0.00940134828821696 0.144377383190005 0.120804533940217
-0.349739366559736 -0.18426582302117 0.0156089179293157 0.198527473009165
-0.245543835566903 -0.366621614124537 -0.127988188942318 0.154453902908133
-0.0890430687489017 -0.438209502019373 -0.0835189473549159 0.0154309969132946
0.0131207646444843 -0.399143794469469 -0.0718472248253958 0.15128971906091
-0.161959681217695 -0.299905519453377 0.315299047537104 0.104428984407193
-0.179518356027155 -0.158659623665998 0.0984296229138105 -0.297575470377458
-0.225922915750533 -0.0769654371861618 -0.203363346473869 -0.201763302195214
-0.305363799083418 0.0513556578587521 -0.255051947056437 0.0335942937610593
-0.278453341573561 0.204360338709746 -0.157842850411482 0.130948118653484
-0.196562306544531 0.289133061767837 -0.106561493197976 0.099276064656546
-0.195945943436708 0.337613762546563 -0.0578458971051904 0.0850305089787937
-0.220300949588562 0.332200363830031 -0.00525858638870546 0.0545132180072045
-0.314560598118505 0.311047927015882 0.0491490567993565 0.0290183432227279
-0.433269956953069 0.165668708449817 0.0928502380717764 0.0434518098219751
-0.418902793206932 -0.0448098847162499 0.0898385150467227 0.159829381566555
-0.349443913099528 -0.210220621459336 -0.0128103461988301 0.23993727287679
-0.277501972624575 -0.380870295594292 -0.13418791246915 0.20575352616917
-0.12632360950117 -0.470196950250863 -0.0686180472172038 0.139599946472038
-0.0357924573978539 -0.310279413548895 -0.0431457561676841 0.250902497085537
-0.155790019105636 -0.159041363393918 0.289023678056077 0.0720756709476663
-0.0963454955896611 -0.0416238803565299 0.0413914655549787 -0.241325626333415
-0.104842679095221 -0.0436434941588123 -0.198983738811923 -0.148081642872723
-0.193434714834733 0.0307540563464104 -0.254137278870286 0.0640636521490081
-0.192964730164872 0.153197077370441 -0.19246977536544 0.177580596597843
-0.145885305143882 0.232397127393041 -0.162556539013476 0.194245680852029
-0.162140858818166 0.285561860661393 -0.121141864419577 0.206905255977241
-0.198370905549523 0.284923918842203 -0.0830802873099505 0.178555223176161
-0.290881529435981 0.246781048817959 -0.045033152932729 0.133435496394266
-0.385199700466587 0.0876104568440107 -0.0113076402939947 0.110827325519228
-0.33518261736886 -0.0939666480660114 0.0109674977685308 0.178400132410526
-0.266352378731165 -0.18296049095178 -0.0543763646629511 0.265087826299924
-0.259616137793542 -0.326108690293472 -0.14572373696286 0.247414408803252
-0.13440446941906 -0.425488065705211 -0.0570791547492789 0.25557237861213
-0.0737244121043269 -0.191919828954936 -0.00177554911887523 0.301254620185084
-0.123573917915564 -0.0335474330227069 0.245802644636618 0.0227503782060095
-0.0184296776455483 0.0304245461320446 0.00403561936504165 -0.183111364865417
-0.0168106480745534 -0.035200945213141 -0.171429488966014 -0.107030626527792
-0.0997386607117665 0.00385477568032567 -0.22910745394787 0.0758399813138936
-0.108484527213258 0.0893495415756753 -0.202226243030348 0.199686862367485
-0.0873315490246011 0.15065475741227 -0.19123428291535 0.259951303917862
-0.103201817469194 0.189185279775117 -0.164500210773003 0.29649824740776
-0.135329857774482 0.186532696715771 -0.150012235011041 0.270483039820491
-0.201652257231279 0.13869598797043 -0.133354853327551 0.20396739345806
-0.241435733250259 0.0100908606475748 -0.104845032462338 0.143572486866249
-0.169178336680881 -0.0893947350230474 -0.0550110704615432 0.170311716026092
-0.143243976388453 -0.0818753900407311 -0.0993318206496429 0.271240393204608
-0.207716419638408 -0.200377477060475 -0.170640708459106 0.267109560262086
-0.124449453950872 -0.304498601738784 -0.0530492766657757 0.336609528926723
0.0916834203395568 0.0996135084918688 0.0171225767808691 -0.371349607214945
0.103705806022913 -0.0101422233047785 0.158641904172043 -0.241076281850798
0.0173087585343326 -0.0582830425866162 0.104990558147836 -0.296301637195843
-0.021070481895703 0.0160103025994006 0.0367548797629111 -0.141245792583857
0.0329462048564105 0.0177296687245436 0.150807697296163 -0.110993292289893
0.0420501676162617 -0.0256090071225053 0.197197124262481 -0.212561885789908
0.0307063803322723 -0.0554633478178842 0.182047714671099 -0.311219830018887
0.0237878616904224 -0.0625123849031632 0.165942788443748 -0.342904513065927
0.0303141506755901 -0.0619705153618768 0.167403716662773 -0.314071365327189
0.0414158353396132 -0.0288574921022935 0.181869668702639 -0.215923530724803
0.0352007314257785 0.0269698809112774 0.194500954630033 -0.106397332497055
-0.0303798410091501 0.0532806462796144 0.150385453356856 0.0456875548998698
-0.0553486335914862 -0.0628505973912593 0.0442536132127921 0.112649157474929
0.0601755676742149 -0.0656543869093461 -0.130626948491155 0.0601755057409239
0.114672768034067 0.0395585714668768 -0.0958138292484691 -0.240310138482251
0.0833986877471273 -0.0830570800782904 -0.0200485779776401 -0.360466124724679
0.0400175930728405 -0.176970147816921 0.192323910382047 -0.183115668721048
-0.0708785183814406 -0.199842877915454 0.124262978615717 -0.318607625603216
-0.17964457317101 -0.075837528048687 0.0116332426424233 -0.148276836911871
-0.159121929809708 0.0283813426183361 0.119756077562178 -0.0883340397903871
-0.110024570020383 0.0774274518419226 0.193323254854046 -0.176676039163079
-0.0654170383790585 0.0822664623511214 0.183458729493525 -0.298663814170615
-0.0469589735802428 0.0751047050500133 0.160386859132046 -0.338812652919123
-0.0319725916028344 0.0504715380535637 0.161973684815694 -0.316279125759114
-0.0353529129176403 0.055146379349054 0.182172416972329 -0.225019756437102
-0.0516073017237765 0.0680718431433354 0.199040509635569 -0.114010914568415
-0.0904467816607163 0.0511083035697116 0.146578059864316 0.0482606225017971
-0.112418487690524 -0.0771878019175598 0.0415108027778636 0.107763765053882
-0.00448033558620246 -0.142877188434746 -0.107528567554613 0.0678373399159045
0.0796246390866149 -0.096641213602654 -0.101574477402433 -0.214662521508386
0.0772442340920532 -0.256663667718493 -0.0511840078643572 -0.280970141300361
-0.0294942084176082 -0.326270516815276 0.232850477427218 -0.0925735549402288
-0.157004825286766 -0.307548049276166 0.144455382501242 -0.339681319264126
-0.308447828938941 -0.145698748593231 -0.0413225857678054 -0.184642315952079
-0.321713149160309 0.0346513994919708 0.0278351985836278 -0.0673394001449027
-0.244420827574481 0.163254212712088 0.128291905445448 -0.112438979230911
-0.15023409878366 0.202658620255131 0.139500449129356 -0.235884094361288
-0.111378937530235 0.200714197312558 0.128620286068015 -0.281510079934229
-0.0924381793851075 0.163179730661194 0.142529721911514 -0.278938051563991
-0.115638662842038 0.152289342588758 0.178248735660712 -0.216246786142714
-0.155496825177178 0.12219787478909 0.208605524167737 -0.118269545473128
-0.178262193156026 0.0505763614620553 0.159861044348245 0.0573915137646224
-0.189182635390872 -0.097051418843462 0.0403523296082273 0.121557532157211
-0.0881739630618686 -0.21885056746704 -0.105158438810847 0.0830423444337958
0.0235069837609979 -0.228630513527374 -0.103996584676556 -0.16495018357605
0.0661396784443565 -0.381503696327633 -0.0717035706276702 -0.144728437266154
-0.099950430037228 -0.410926322091144 0.280124683099949 0.00422774417990414
-0.225197889907251 -0.338888175635342 0.14902210319546 -0.350766053389399
-0.372728488403327 -0.158362718250975 -0.111225969690803 -0.219880523782329
-0.408944319518259 0.0538719830700548 -0.0941984168421882 -0.0397892306126684
-0.321446412601431 0.224016858491998 0.0244619383590866 -0.027735933088115
-0.200330752727913 0.285002015777012 0.0614110583253655 -0.134640509522874
-0.159269047993368 0.296747735286961 0.075114491032635 -0.180589080479744
-0.146783188468625 0.263437515060757 0.109499523340644 -0.199393974594998
-0.196452784787299 0.25207922039774 0.160579231475967 -0.173055395711331
-0.272778509782505 0.182987739868192 0.204002052360148 -0.100366983714552
-0.293915502217793 0.0490640348697627 0.169396076853853 0.0769116551043805
-0.283557742105413 -0.130541749224596 0.0391049373552454 0.153445224851511
-0.181490747018219 -0.294837526389502 -0.111535626785222 0.115704068657644
-0.0430104604784879 -0.346905265506735 -0.0986013114493474 -0.0860455055088758
0.0386276649313917 -0.429052219486705 -0.0765776003389705 0.0143438793658066
-0.151288642506054 -0.394938590374829 0.316476956321677 0.0708461585271612
-0.237615305142561 -0.275771972868476 0.127209211104059 -0.338477051186723
-0.341242443955212 -0.119819577895134 -0.178146417415015 -0.224266241615151
-0.395254177342499 0.0696229475168462 -0.201436521008719 0.00190536102813304
-0.324498717833341 0.243484555870002 -0.0783536774693232 0.0621773049436895
-0.209962388911554 0.31759002847169 -0.0271663435225024 -0.0135985922578086
-0.183721717157687 0.349968745719787 0.00940895911734798 -0.0508978295429358
-0.18835117955696 0.329479307186299 0.059973253495202 -0.0827134628333539
-0.26411870371917 0.320953590147119 0.118643828976208 -0.0888198713429603
-0.378091732068729 0.215491527599856 0.168281357262792 -0.0451743315113203
-0.396769580734353 0.0269161789060125 0.153835874235748 0.113419034686825
-0.356790223463421 -0.171206153460266 0.0298050450811747 0.198026153058185
-0.259077068594042 -0.354019210292217 -0.117550555621417 0.163805742332198
-0.103931331362424 -0.43358935366801 -0.08527949915161 0.0226113793206683
-0.00368239539348461 -0.396868976493899 -0.0624328295294465 0.156549230761199
-0.17146570164987 -0.289123070794733 0.321509103875084 0.0852134258129941
-0.183778131647964 -0.154903462604894 0.0774547268127795 -0.2984084672151
-0.230979687619443 -0.0696532655684391 -0.212804646206698 -0.189103510089637
-0.303942125476991 0.0662707480696872 -0.252209213207277 0.0474051288289268
-0.267708982178459 0.220664063893074 -0.149395041991153 0.137401422816407
-0.181680289295312 0.299307945732565 -0.10454067902461 0.104851901225691
-0.179058674877533 0.348065250619335 -0.0566935120453352 0.0883295877537056
-0.204688690361018 0.344174793370251 -0.00496019013918747 0.0527923598372138
-0.300292306202199 0.328447650916866 0.0494497747730754 0.0239148033362913
-0.426290782017437 0.189821383241751 0.0934494295147079 0.0365377203661277
-0.424928528872736 -0.0268041897683856 0.100014278659748 0.15552670486728
-0.356826240276315 -0.19885300982112 0.00422655473426101 0.240902820385249
-0.290590244788192 -0.367904692131555 -0.122387982540604 0.216749374363947
-0.142231125843126 -0.460992697755749 -0.067038058797268 0.144698572095765
-0.0501046368342691 -0.30404611537896 -0.0306894624895932 0.254629128414124
-0.15696651518903 -0.148180962337825 0.290907279656788 0.0550390725360336
-0.0947015789337393 -0.0410232401223407 0.0252772864590851 -0.239964176339036
-0.108000360709091 -0.0416133165501437 -0.205981044615403 -0.136546516458568
-0.192822267156664 0.0414909990511518 -0.249149567603795 0.0776399417067891
-0.183076799415835 0.164352433169021 -0.181096891129894 0.185066308767482
-0.132733401499261 0.240928816556027 -0.155774132238877 0.203579443910391
-0.146555917154627 0.294591506059771 -0.113457619174262 0.214033872261031
-0.183861712675721 0.295762137049714 -0.0759170603603595 0.181347084235842
-0.278633739620006 0.262060764577322 -0.0390799730897382 0.133379859336246
-0.382979457035376 0.107966421389115 -0.0069284262503997 0.110792092456004
-0.344599853330873 -0.0801039015658065 0.021021146197624 0.179298749582123
-0.271699141327227 -0.175943620913258 -0.0377615540668998 0.268501777057588
-0.269182057720986 -0.312175961572945 -0.133346133330641 0.258284324652361
-0.150395297166228 -0.415500274605679 -0.0519781950606385 0.259281229419627
-0.0822584154803377 -0.183522784787192 0.0109456004547701 0.300523107157885
-0.119101807135323 -0.0249389135309862 0.242198897680957 0.00905957773248606
-0.0138071415549871 0.0269790809695673 -0.00867012154200831 -0.180042543530896
-0.0212031813073557 -0.0357944525901254 -0.176623261117863 -0.0958083257394226
-0.0992324591626876 0.0106340405954056 -0.224052874434635 0.0876562274010127
-0.100798903467205 0.0965248585681803 -0.189817428975753 0.20877276271291
-0.0782468428380964 0.155007018178852 -0.180637954783086 0.270773568462061
-0.0908452218504203 0.194527164260411 -0.151937301952313 0.30528136401745
-0.125459447516689 0.194090110384228 -0.13793492628129 0.276509067752994
-0.193886473201429 0.14958586962662 -0.12332504001751 0.208118926391015
-0.24398935020084 0.0235804089092167 -0.099307211193788 0.148504499109969
-0.178311109882538 -0.0840302734533098 -0.046676605161248 0.172682912658121
-0.144243027322256 -0.0798100092657666 -0.0823241984100146 0.277103176258721
-0.21122736814881 -0.186862455772266 -0.158000761635204 0.277136877309266
-0.136754409659803 -0.293427465499795 -0.0461238805204822 0.337995949458417
0.095718321169727 0.0872791297089743 0.00767805793106657 -0.358756952202361
0.0973424997644647 -0.0166896131761485 0.145715048275014 -0.247055285424746
0.0116138972040456 -0.053811444261218 0.0844961656663501 -0.293315803016427
-0.0164607424410793 0.0182074835085849 0.0312134757941222 -0.137612625249467
0.0345149020226985 0.0131387662957218 0.141770824044708 -0.118143272631747
0.038467120372999 -0.0290274263136211 0.180263715344574 -0.216206558227188
0.0241579857526954 -0.0568571208152267 0.160840264969174 -0.310362879337102
0.0161667136934055 -0.0620758388205139 0.144325433718825 -0.343190739017204
0.0225360686189292 -0.0623408170852637 0.146497262878747 -0.315275430065176
0.0360624322105828 -0.0321848605223016 0.164866563555799 -0.219970997061342
0.0363251935141019 0.0223328485201672 0.181113574443775 -0.115299773669358
-0.0223436855495006 0.0531886318946587 0.149074953961332 0.0354003939252471
-0.0585284077731144 -0.0547245748204055 0.0502159005341591 0.104970173088941
0.0514825394465001 -0.0680065415054498 -0.119150431170138 0.0676479435036497
0.113344401284657 0.0282097270614665 -0.100734892468786 -0.224790534005488
0.0802223949564825 -0.0888223419226474 -0.0281228541335755 -0.3477002838967
0.0291524670025894 -0.17560141671575 0.182328627003246 -0.193779306781882
-0.0806780482480972 -0.189323454963696 0.0998469249802695 -0.315026367407249
-0.176818189889394 -0.0638104400765731 0.00687057162813009 -0.143132687959684
-0.152690276181458 0.0329304529549741 0.112658273302063 -0.0941356040864018
-0.103772757610524 0.078873844634954 0.178250002273812 -0.182814924350347
-0.0623290374147773 0.0825611276967294 0.161870659844528 -0.298615444141356
-0.0447471161720889 0.0746467868492759 0.139413455118309 -0.338554267610872
-0.0333698832681249 0.0502963953783245 0.13932850054238 -0.317158994157534
-0.0344904766426262 0.0536890682839614 0.164972208844342 -0.229323863457685
-0.0458993418683814 0.0673816089314731 0.185381733544796 -0.123633375782674
-0.0818582650758667 0.0532203101798757 0.146687118542369 0.0376350348806155
-0.112937514321599 -0.0666081329894282 0.0485292891202008 0.10038785401505
-0.0130502058736957 -0.138103686847784 -0.0964988932086788 0.0730105109744704
0.0744843667985165 -0.100964700127885 -0.105430002602338 -0.200717745454016
0.0668243215131902 -0.255137205581638 -0.0551419438355412 -0.268235291085818
-0.0434573203394164 -0.316974665602864 0.22861569547888 -0.108909952833548
-0.16716873279634 -0.293359616292498 0.118464912548337 -0.335837718846805
-0.306436185611551 -0.127863432955519 -0.0464436787287604 -0.175178070296064
-0.31161429123555 0.0476958111082263 0.0237761564685256 -0.0688620165030246
-0.229870871109628 0.170347544030923 0.118607891452411 -0.117758859836433
-0.138814485002359 0.20383612772324 0.120936378458113 -0.236527921830325
-0.100576766305899 0.201401092475998 0.109039158119772 -0.281169799546624
-0.0853995727149304 0.164236120242781 0.122321606643181 -0.280662487746933
-0.107303051994192 0.153652743942157 0.161545702902322 -0.222018515343559
-0.143829650339661 0.127279247307733 0.194670052273278 -0.12881390409627
-0.168317750070217 0.0571858292592849 0.160147977004647 0.0456876628778088
-0.186876008615722 -0.0831395302770546 0.0487779059510137 0.115376785008001
-0.0951768942424975 -0.207153749884974 -0.094111387618798 0.0877797379281728
0.0152510825139742 -0.225357536438882 -0.106552115051991 -0.152200350911495
0.0478043963275775 -0.374918908617113 -0.070760154957641 -0.134903579822265
-0.113972839136955 -0.39420982487061 0.279093022069348 -0.0167174191857049
-0.234286233203174 -0.320459228768853 0.121478360601902 -0.347480900224114
-0.370301782309759 -0.13828323126277 -0.116984134194154 -0.206482049322836
-0.396577576535252 0.0709176188760041 -0.0940863574660725 -0.034234875784881
-0.302095415595656 0.233498945911085 0.0236125803152115 -0.0304127515287743
-0.182508163454589 0.287377797101314 0.0511637811692908 -0.134503817385295
-0.141917316026856 0.297206754748878 0.0617485496545816 -0.18002936320355
-0.132617522312869 0.264775318486175 0.0942428873453407 -0.202067277102527
-0.179064995144643 0.254871716883637 0.145928072712998 -0.179647774950837
-0.255084842667514 0.192768397026893 0.191065680930289 -0.111615139984462
-0.282929003830054 0.0618825326632734 0.171282581540236 0.064775629740057
-0.280403036218599 -0.112651735334209 0.0499729389477953 0.146184851597346
-0.188956905253748 -0.276867905258197 -0.09871802014575 0.120028225752486
-0.053869763397213 -0.336662140816446 -0.100111044695023 -0.0759462074310964
0.0178109774281347 -0.417888314067582 -0.0695449482391751 0.0202784633650722
-0.163688207212989 -0.373678622323848 0.315012573606452 0.04715400582884
-0.243481872143964 -0.259446130923547 0.0997938499615784 -0.333179360089843
-0.337866566865024 -0.102635080686297 -0.183049006436968 -0.206773625327107
-0.382186748132965 0.0887752389346597 -0.194339070838132 0.0133712363918782
-0.303360864360399 0.254740845995603 -0.072113378129782 0.0621853013257079
-0.188446503260227 0.319723751176169 -0.0298104792530305 -0.0122645727930175
-0.160328546981268 0.350251561758845 0.00385215687541012 -0.0491462437028705
-0.168085531636547 0.330269833784978 0.0506726503734155 -0.0853968477822814
-0.241811179090347 0.325285159722425 0.109822628075071 -0.0955052787133618
-0.35678344739463 0.231750058725061 0.159760257969745 -0.0555558930146787
-0.386188956707091 0.0454984280784081 0.158082258261767 0.101498244188649
-0.353348493875298 -0.151245350072999 0.0435583015105935 0.190103329420965
-0.266576422121108 -0.331066709882433 -0.102611145020544 0.168706735748283
-0.115568657079786 -0.416121222318777 -0.0837219508407516 0.0286028730788815
-0.0229790501889994 -0.38234911579188 -0.0504699450400979 0.158035092628935
-0.176147061212153 -0.268614910901676 0.31920599632836 0.0612694280102366
-0.182440981831932 -0.143816104826463 0.0555829409141891 -0.291319488198642
-0.229951984813525 -0.0597278910348159 -0.215060543542873 -0.170562882911721
-0.293203387230871 0.0800801602908755 -0.241870147714064 0.0597889483803354
-0.248005743977543 0.229101561521418 -0.138004326194444 0.138529036786523
-0.161281629820913 0.301287667395557 -0.0984930161408721 0.108265912913147
-0.155343315275261 0.348248278457367 -0.0535878469205023 0.0894966279222853
-0.181595794536056 0.344973110355389 -0.0047944190534657 0.050445966159794
-0.274464076611979 0.335153425947998 0.0486875293815259 0.0183093023289447
-0.40682187076649 0.208444300321811 0.0916565051089967 0.0290725685556517
-0.419023076920793 -0.00549212369834308 0.107539550049031 0.146757071730758
-0.356022405669522 -0.181460745092339 0.0202986064108965 0.234033007128804
-0.295651690112241 -0.342515232566377 -0.106526723980881 0.221280426479948
-0.154408182630112 -0.439840139858939 -0.0624445303008941 0.146507739840833
-0.0624532242036538 -0.288679019595171 -0.0161945944819922 0.249039568960637
-0.153677428491506 -0.133523362024984 0.283070873342647 0.0354975332986349
-0.0908008977089036 -0.0394326923538871 0.0075062607711565 -0.230519039975877
-0.109549706472518 -0.0372333312124277 -0.20657656909967 -0.119199774821238
-0.186219090971177 0.0516371213083553 -0.237077791923443 0.0884845880361434
-0.167757322044964 0.17071268745549 -0.165600232534498 0.18802829181846
-0.115639004740779 0.24148264477879 -0.142936058964837 0.207003737893538
-0.125347460464812 0.294633007123052 -0.102134171429918 0.213659435190454
-0.163256988561244 0.297865159089739 -0.0671618179736944 0.17903678536919
-0.259185237464581 0.269744767955695 -0.0322100506296482 0.129064271714629
-0.368596732466117 0.127774591880856 -0.00200068659442624 0.106932140443677
-0.343866311316488 -0.062375778422144 0.0310998424309829 0.173769261549215
-0.271978884382958 -0.164086689546256 -0.0189497586302481 0.262279171228737
-0.270635833441419 -0.288860712008525 -0.115586785673206 0.26203106144367
-0.162930357414837 -0.394043552118371 -0.044999421102634 0.256117633053652
-0.088597951592649 -0.168888517199387 0.0242113735532162 0.291715113846065
-0.111007282123608 -0.0164541466717866 0.233103223352849 -0.00521203508251887
-0.0102232032824403 0.0223960778176703 -0.0208606644779878 -0.171751961342916
-0.0250402572180089 -0.0356291565535425 -0.177423124097987 -0.0823925691750605
-0.0961893524239259 0.0168473437311827 -0.211066113654424 0.0963166547010805
-0.0912804557959854 0.100171520797682 -0.172330301268971 0.211847600059545
-0.0658620239883198 0.155362784872639 -0.162334609638094 0.273439807139619
-0.0753293454913537 0.193902622535063 -0.13451512295892 0.305779380360368
-0.109937482875649 0.195371563851648 -0.122424112551362 0.275076103842661
-0.18017264383292 0.156833260925323 -0.110086609796546 0.207068352749129
-0.237725030553641 0.0371389711089679 -0.0904399552923474 0.149602877230058
-0.18230749260675 -0.074493351156275 -0.0383423917645515 0.171414580400998
-0.141105737635873 -0.0761232231742802 -0.0620049088104738 0.273073713508752
-0.209487146634511 -0.169019949476615 -0.13999728051223 0.281954506549941
-0.144468782024826 -0.274525147950145 -0.0373627799437766 0.331646529684528
0.103338836476809 0.0652531989315986 -0.0382603509070073 -0.347609692745687
0.0867911954667533 -0.0291282224612297 0.107644753654127 -0.256516893954869
0.00209487180465755 -0.0495130265385884 0.0408893019902511 -0.286884745564858
-0.0103763886144089 0.0195412507241315 0.013305623917878 -0.134713827414914
0.0357572841492505 0.00649028441027166 0.118637014536867 -0.133526497552482
0.0314549002836076 -0.0338816235407238 0.143962146497336 -0.227745101141214
0.0136705919302058 -0.0587984034601769 0.117515741649652 -0.316699518246991
0.00487015888670469 -0.0601405538361728 0.0957168834624274 -0.342744982427609
0.00817522792512854 -0.0610078980518086 0.0995231840550229 -0.317257224990858
0.0263008703932676 -0.0348541714890317 0.127317293311831 -0.230661160764537
0.0356738320794638 0.0139145935591237 0.156863847924217 -0.131755097644546
-0.0122085443174671 0.0495293191257681 0.147498100015306 0.0148436924853779
-0.0626183449505374 -0.04032155638394 0.0591147537431888 0.0920966310306912
0.0372906865033393 -0.0682678212689148 -0.0984326310670701 0.0766916375630637
0.105157513037111 0.00797876062541106 -0.114632112230564 -0.198185316961863
0.0673120345278662 -0.102574307204547 -0.0656306050133918 -0.316778349362709
0.00777018922771704 -0.173155961822444 0.15303346094566 -0.207295981984934
-0.100468425382447 -0.171107330786026 0.0554408188034258 -0.302968406243607
-0.171425297089994 -0.042194779548873 -0.00642806689234114 -0.130098688224896
-0.139510843845094 0.0457804235175278 0.100830024984328 -0.104014628328183
-0.0910739908971075 0.0834786126194878 0.152050243156464 -0.195223347487232
-0.0522989237524796 0.081669097810141 0.121515363447874 -0.303294107630315
-0.0368944163099816 0.076865879188234 0.0883676671207581 -0.335467994121588
-0.030385978964135 0.0531808569253304 0.0925975015345105 -0.316639230475905
-0.0298859947210463 0.0546805541129058 0.125278722160964 -0.237121324908325
-0.0360996901743116 0.0669952983427346 0.160414735694964 -0.138699264310951
-0.0676772971941337 0.0562330126463536 0.145502587580969 0.0192002068521782
-0.11324685362058 -0.0457009897984401 0.0558374766240869 0.0891970838509739
-0.0280597418061968 -0.124949439082514 -0.0813436416843858 0.0772029641575022
0.0547011451921221 -0.105986115775163 -0.118332164237919 -0.177805138671966
0.0327971510925372 -0.261575924841743 -0.0787077433167459 -0.224641890918433
-0.0739149383715814 -0.298789085916923 0.21012829727536 -0.129894098122728
-0.193960053131101 -0.262052291239097 0.0711166732536915 -0.32027616012927
-0.301217258758968 -0.0904892537565481 -0.0585329582723003 -0.148436631615501
-0.289231829451543 0.0772920995840691 0.0266669679684445 -0.064215357913226
-0.199583834054171 0.184552200016356 0.109040604449191 -0.125699654636641
-0.110165478992518 0.205368618033468 0.0924088981835125 -0.23621843900214
-0.0745946766826102 0.202650911691681 0.0670145055397714 -0.277364283873528
-0.0647702632751778 0.166611138348127 0.0804126105545292 -0.278209954540856
-0.0853174585841336 0.157666541564864 0.123580386372969 -0.227584798010836
-0.11975715105102 0.136489149266034 0.169234203263811 -0.141979919610454
-0.14923666999322 0.0694675010640898 0.15936890715612 0.027185114145286
-0.183470775998766 -0.0537968985069936 0.0563359983611294 0.104873832608475
-0.109573798481968 -0.178832142976254 -0.0820855171690785 0.0900456350795688
-0.0140124403360958 -0.211836055524841 -0.116741613633995 -0.136154074047911
-0.000487468372587209 -0.372822664828128 -0.0764204233439361 -0.0849608560151829
-0.147691294389289 -0.363657733507336 0.270887178706891 -0.0465215062281461
-0.259144201420274 -0.281387340689585 0.0765784301341322 -0.327289302400378
-0.365355991913154 -0.094448926907551 -0.128589926537262 -0.166355705642566
-0.368617255715625 0.109916737777028 -0.0780119111431537 -0.0141502711005477
-0.260435416540709 0.253284856944289 0.0321858654279752 -0.0315425924212821
-0.14239250324552 0.289391159422986 0.0385068510322425 -0.128522105847259
-0.0996397118783181 0.298862955296369 0.0341811319968528 -0.174548570610314
-0.096308213795323 0.266784448251587 0.063399378244043 -0.197949118682554
-0.13893169722281 0.261692317647131 0.115528700957927 -0.183065502220973
-0.216990911836901 0.212845583915927 0.170250988709878 -0.122915935139219
-0.257613130780118 0.0867700144839964 0.171263383345023 0.0467646018539852
-0.274421898358862 -0.0717689021970831 0.0586397979027199 0.13619807436215
-0.202082422635983 -0.232994813035995 -0.0885683953652093 0.1213690812171
-0.0902669049970576 -0.304783888640393 -0.104034403080318 -0.0677094542153509
-0.0367172525598567 -0.407683474528397 -0.0537768269094332 0.0654702147897562
-0.189546163696844 -0.33700113160566 0.312645448558923 0.0094894430888714
-0.258827755655425 -0.221678658197216 0.0576676127228383 -0.314251467631038
-0.332188732471137 -0.0652882282224996 -0.192566345509667 -0.158267528473767
-0.352899677900516 0.126050534662607 -0.167001417965465 0.0430931123205235
-0.259336551467217 0.274857621560842 -0.0468586821653638 0.0682868296621413
-0.142866860002859 0.321608439359764 -0.0234582154059301 1.80841654567841E-05
-0.111063779373683 0.350490696931328 -0.00436745478830526 -0.044108051872898
-0.121055699381763 0.334346715147164 0.0376539227070333 -0.0810625865608302
-0.188349080810683 0.335656519682041 0.0921897399430989 -0.0967480195032017
-0.307569841583808 0.262395003757747 0.147232500429487 -0.0627865354600289
-0.358841729267335 0.0829598353228555 0.16188468531825 0.0869292899498881
-0.349123608986931 -0.1004207090789 0.0564283847749261 0.180518020937063
-0.278373631477592 -0.274898425980213 -0.0916897113480364 0.168498339491441
-0.155422733787867 -0.368333992728358 -0.0792903227814343 0.0274037339608367
-0.0707070957536361 -0.366859246707828 -0.018454344977222 0.189165495335268
-0.188616667809669 -0.23564603679111 0.31542869496568 0.0217347360813352
-0.188793477661811 -0.120891147158903 0.0196414207829511 -0.27259739066279
-0.225897775464403 -0.0354231526604906 -0.221004910404608 -0.122515462608215
-0.270532820327864 0.108339900578368 -0.208715371270661 0.0925416818607468
-0.207743634766932 0.246421421678399 -0.101873507218708 0.148946071228448
-0.118986776689667 0.301694546993603 -0.0756257897490933 0.122459642982698
-0.105007345834368 0.349095842141937 -0.0412721716286952 0.0942000481363175
-0.12830839279079 0.349998122038825 0.000596765740696839 0.0538939310193482
-0.21664159721936 0.34717497311313 0.0484566369260764 0.0192337818845997
-0.358112107457676 0.246568308167792 0.0923177034120805 0.0269841853349638
-0.396038029256878 0.0398643736251228 0.116341154802798 0.137660636752457
-0.354632747755742 -0.129745621691796 0.0383635688730739 0.224720525741525
-0.305554688289481 -0.282985695947792 -0.0917795514764363 0.218735113725743
-0.193922978269559 -0.385992569887719 -0.048637122195003 0.137310718668668
-0.0966207662336286 -0.267328660428944 0.0248648327384699 0.264202643539914
-0.152702220521133 -0.108647559885944 0.276346874576587 -0.00138353384722124
-0.0900627322727784 -0.0313810953628544 -0.0204336355235287 -0.213348977894074
-0.110437838147753 -0.0261489791228419 -0.209493161337403 -0.0787076518680342
-0.170506065946776 0.0700184336295138 -0.204194240250066 0.11734148319085
-0.138227151979322 0.181416884064549 -0.125690355649892 0.198620068141072
-0.0814222369355013 0.241011739510396 -0.107488806051735 0.222502787362904
-0.0811556616069533 0.29407900276953 -0.0714790465362762 0.217851698690879
-0.116650460703848 0.301667485754134 -0.0428880239251831 0.183125435534327
-0.208660972127987 0.284176930206226 -0.0155976093793219 0.133820976782255
-0.329815142208089 0.166335174523965 0.010387374325834 0.111152234420616
-0.331742016970192 -0.0212926543330432 0.0442578348832866 0.170781480627296
-0.27247965068727 -0.126355473084449 0.00741132636840167 0.25534074523783
-0.275898563690487 -0.235954770682111 -0.0941234460600859 0.261198778023014
-0.194779287543223 -0.340138518704986 -0.0209374990931176 0.240832490966103
-0.104667208536589 -0.146546574625275 0.0664437582479798 0.287759700533023
-0.0999913837534485 -0.00315165886893539 0.21940637079724 -0.0350201891212295
-0.00718546815417098 0.0181029262331799 -0.043066927670695 -0.157525821524503
-0.0310211582662089 -0.0320345649862998 -0.1795110454398 -0.0504237623535842
-0.0899870081639416 0.0280231170719955 -0.182893900817854 0.120650375033323
-0.0730603680943703 0.106261508472729 -0.133014501697988 0.221176651197429
-0.0423084925238097 0.155594259796756 -0.120104351369549 0.287204890339415
-0.0461557024292092 0.19215932368812 -0.090965790467779 0.30712928067783
-0.0773891024512282 0.197353596750356 -0.0840343603491196 0.278484598496303
-0.147844550451907 0.169268811476673 -0.0802712249800189 0.213638764109845
-0.217763386685207 0.065712022596651 -0.0696680540253381 0.158238227284125
-0.180644010076161 -0.0500987097445175 -0.020336651634728 0.171550634555326
-0.137813179747552 -0.0596887033264964 -0.0278514340738166 0.268357923808446
-0.204193523989031 -0.130176820014097 -0.109877537806435 0.286093190764827
-0.162952862196732 -0.23133897006341 -0.00597943436194336 0.314458805003178
0.0985651367337601 0.0585004950362393 -0.0248911289119065 -0.332742102728281
0.0803318846811729 -0.0288074240625847 0.10712040610272 -0.250040619119662
0.00137794061216993 -0.0439097862508902 0.0374873568733004 -0.274097016886716
-0.00654311618702086 0.0192072690738699 0.0161912075179877 -0.128605599089005
0.0350296165717787 0.00349382135179362 0.113244910033419 -0.12972573941936
0.0295650396610337 -0.034066474049234 0.138280113778662 -0.216718281638546
0.0109330908238256 -0.0568990205150695 0.114154058221669 -0.300319978546354
0.00224149786289409 -0.0573193917034224 0.0937562246600584 -0.328250821120416
0.00463726623998533 -0.0572932582591087 0.0958602069207885 -0.302338104171484
0.022278306561731 -0.0343204077513346 0.121740953343216 -0.219869760429348
0.0338861314080385 0.0112750790811168 0.14800621046061 -0.126151617530708
-0.0081521773745906 0.0461148042606435 0.140994517660111 0.0124264738151649
-0.0604512163741901 -0.0345199159001581 0.0573419751984607 0.0856769631682566
0.0321964662440944 -0.064957863356581 -0.0894519287966614 0.0744576325990225
0.0996150606611504 0.00389542627485143 -0.103934917170186 -0.18803438402897
0.0665527093730818 -0.102605160238528 -0.0529316251640918 -0.303368537550373
0.00754100764293951 -0.167527825602154 0.150451155937746 -0.204822708266992
-0.0959606919343061 -0.163374706073904 0.0506407078663997 -0.288407020531256
-0.161570127926247 -0.0420635851776298 -0.00199038773889239 -0.124020093786086
-0.134059137946678 0.040394284305476 0.0964500309691852 -0.0997045066338279
-0.0885277587795947 0.0781341598840212 0.146632238160546 -0.186599737260892
-0.0526329283539178 0.0781522542523678 0.116958789526198 -0.288518788153354
-0.0380668459696388 0.0742808153051286 0.0855244734687092 -0.322328053310357
-0.0327270927255436 0.0515555204385097 0.0885441246518009 -0.302595319876422
-0.0310687212814542 0.0521542300545081 0.119518653279702 -0.227737494900542
-0.0338005814305755 0.0622457016136291 0.151655565953992 -0.133781623116595
-0.0619738029824628 0.0524385768610956 0.140836401904299 0.016789734671125
-0.107270085098652 -0.0413299914827832 0.0550934951721981 0.0836036119900237
-0.0271758089818502 -0.119273543365101 -0.073255919537629 0.0743786839045273
0.0535712638030188 -0.104534054233925 -0.108691914479724 -0.168617906013775
0.0356038911605415 -0.252967461495342 -0.0668355153606157 -0.215003208833376
-0.0680567237397471 -0.28775919173598 0.205229755306252 -0.131538678042803
-0.183474519553221 -0.252937559532798 0.0655471254827834 -0.303314107783463
-0.288186517603931 -0.0902789643657693 -0.0521586890523565 -0.140654209246766
-0.278200480871784 0.0715222874867151 0.025215346763862 -0.0618679950358935
-0.192980941679305 0.174256205478979 0.104493898343494 -0.121159903795071
-0.109344949919146 0.195926694854103 0.0869824493456092 -0.226598287171255
-0.0738486085298295 0.195099147031767 0.063448425270548 -0.265477616944746
-0.065557674947718 0.160914925833457 0.0755392693944456 -0.266352553567245
-0.0835109481480596 0.150470171813582 0.117791208876409 -0.218563620061007
-0.113863165055568 0.129192235380258 0.159895753823925 -0.138234579666016
-0.140975303203707 0.0644800444975861 0.154281562069362 0.0247317687016022
-0.173231224163182 -0.0510806837582009 0.0557449499689958 0.0980442922041664
-0.102402381221487 -0.171815290028508 -0.0750684415186945 0.0863842787666491
-0.00922504546633568 -0.205092414476512 -0.108307224415647 -0.129261476075661
0.0037201138738939 -0.3597494364287 -0.0675240705594846 -0.0812867804341118
-0.135504361618823 -0.349205203615659 0.262613140861732 -0.0525689316744115
-0.246143045290596 -0.27352597982441 0.0699283635823536 -0.312840590564653
-0.3504269541581 -0.0947998089446442 -0.120608988342153 -0.157621863258272
-0.354328534333512 0.102185971663708 -0.0742699537765836 -0.0137044499881107
-0.251074005069297 0.242895496975853 0.0312563965637782 -0.0322268347749538
-0.13898390938248 0.277186859881334 0.0353698178223736 -0.122744529849783
-0.0983774283078077 0.28675649087974 0.0313731214894235 -0.166862088474026
-0.0954367409067003 0.256814193143818 0.0582847109720328 -0.190760502562632
-0.135953566608689 0.2509900884237 0.109122076038025 -0.176545374802506
-0.207306128012047 0.203747422790559 0.16026800139831 -0.119013107761916
-0.246146589121269 0.0801346972259692 0.165882833978241 0.0438871815504745
-0.260153966449295 -0.0709795731731174 0.0585495102452961 0.128659321564328
-0.188872618978136 -0.224978455163166 -0.0813122442598345 0.116071226400067
-0.0793933928385396 -0.293867906439417 -0.098298570361232 -0.0634062943853603
-0.0302064893186107 -0.389950724126244 -0.0486680584943092 0.0629042415745424
-0.17564477325212 -0.323059953779318 0.300706677326836 0.00218903426180623
-0.244231998391886 -0.217712369739431 0.0528755006785005 -0.297191305419758
-0.31930561863398 -0.0666935514593888 -0.182591710373151 -0.150583412199391
-0.340208116553358 0.117502014705368 -0.159963514149972 0.0409900473300636
-0.248567516351706 0.262779393287923 -0.0453854927831854 0.0626557572273095
-0.140061613614355 0.306605939966557 -0.0256225323888578 -0.000929437338051499
-0.108166608892072 0.336218837401182 -0.00649881752430138 -0.0411235196378326
-0.118041280742072 0.32164080902346 0.0332171945333162 -0.0783295674684426
-0.182008302889497 0.321375227620949 0.0862775594634126 -0.0941822131380597
-0.296252798637195 0.250836631963204 0.139168129764803 -0.0617049910082079
-0.345425708062261 0.0766390831079542 0.15686821621554 0.0830136770033895
-0.331630184160519 -0.102153486787125 0.0563148605817303 0.171004446309584
-0.26057735806369 -0.265897500520149 -0.0853344634321424 0.162379747418051
-0.141180736080748 -0.353986840450476 -0.0773870333189515 0.0273083886095238
-0.0633865621023883 -0.34860410615183 -0.016774169430301 0.181575073968845
-0.173690411722333 -0.224836279167483 0.30130893918803 0.0154339091001969
-0.177366980619738 -0.119948369745549 0.0154598318758679 -0.257776359800509
-0.217881467953323 -0.0382779694277407 -0.210529014072417 -0.116378505114351
-0.25971516285816 0.103271690215916 -0.19963306092808 0.0877360314033033
-0.198383001639816 0.235888179918311 -0.0980528949162677 0.139993287214535
-0.113992191718705 0.288657294515759 -0.0753786477544078 0.117662877535596
-0.101231063463501 0.33405855236084 -0.0426527117216197 0.0916013563996912
-0.127059827974633 0.33525271222117 -0.00245513069977348 0.0515553797575074
-0.209621287007243 0.332704833682517 0.0437305085484768 0.0170440686409241
-0.342869708971997 0.236508046766747 0.0861592674196818 0.025236622192697
-0.380238936928228 0.036473809628869 0.112757824871256 0.131264854913165
-0.337327523968686 -0.131801888534349 0.0397085733468433 0.21355528756369
-0.284964463350167 -0.274171798231128 -0.0857721061176779 0.212294503348255
-0.176831117102175 -0.369744925053963 -0.0509840222750024 0.13281172579399
-0.0887892734129196 -0.251907396102285 0.0230676517667191 0.252870887881276
-0.139424961436304 -0.103133359935443 0.262370579395224 -0.00338291412817501
-0.08343800362956 -0.0338346259069201 -0.0225765918697684 -0.201349866546437
-0.108302193486865 -0.027309776381756 -0.199479117148669 -0.0735871861867124
-0.164063190741671 0.0673128451995182 -0.194318346962469 0.111528394163672
-0.13179349234447 0.174311948297415 -0.121571533477991 0.187791718920716
-0.0772810065121104 0.230533339402151 -0.105540658862638 0.212303287221608
-0.0770958332123684 0.280874817828622 -0.0716082326240408 0.209634466204184
-0.112825327235136 0.288471597927796 -0.0442290935585699 0.174925953624958
-0.201391836814305 0.271237803489184 -0.0171228420910293 0.125852353190977
-0.31699080796019 0.15963567107877 0.00827151538303929 0.105735157824914
-0.321721978079507 -0.0229166994160007 0.0436333210661407 0.163261650195458
-0.259179442641364 -0.128666567182062 0.00871734847575908 0.242386655299088
-0.256295143924572 -0.227881115444246 -0.0892954973507959 0.252241309968433
-0.179120341588935 -0.325422998677251 -0.0273145724522606 0.232274462884108
-0.097641416303936 -0.136354232404002 0.0618409452069565 0.276251176037004
-0.0894112655265263 -0.00304394416698379 0.205983942835642 -0.0339058599034934
-0.00587812746350827 0.0138460061981401 -0.043141141827912 -0.147781445813274
-0.0317256141777124 -0.0310354531000962 -0.171487381744395 -0.0468901056219267
-0.086138114478391 0.0282449753450753 -0.173619098424062 0.115251353497746
-0.0682217981803928 0.102534464679496 -0.127721091956894 0.209554928811498
-0.0390706596640119 0.148795846162835 -0.117162212059773 0.275200524537779
-0.0430105777854703 0.183564111448829 -0.0894223373513743 0.295220831689512
-0.0736730883049255 0.188691667592677 -0.0845130898417778 0.265091637847537
-0.140645029000919 0.161257987202974 -0.0789772419988276 0.202807665651052
-0.209557076710184 0.0646303697168 -0.0684028988184515 0.151592176863174
-0.176778279390356 -0.0498629078056541 -0.020696796982166 0.165505797773252
-0.130624087027566 -0.0634308595817772 -0.0244954965066643 0.253951272082292
-0.189543900565986 -0.125457788403349 -0.106147838484259 0.275153748412513
-0.152277471214878 -0.218903240045423 -0.0154059234805344 0.302992792330314
0.0950236826787547 0.0549178936557524 -0.00726080782342101 -0.328150076204615
0.0764758381519245 -0.0272249096992366 0.11406737117489 -0.248116732643907
0.00154860443195391 -0.0400979064318298 0.0420333735501503 -0.268036599194605
-0.004047982421568 0.0188051219000096 0.020939891042101 -0.126334682276769
0.0347353852375586 0.00190622928160771 0.114515931727786 -0.125796007055557
0.0291613700332634 -0.0342391993652027 0.141830784017159 -0.208388970208826
0.00943780649352009 -0.0564402905846677 0.121534274104102 -0.290617836729869
0.00126303707337465 -0.0555383443102075 0.101675221675577 -0.321636530749116
0.00235057937145991 -0.0553899869103058 0.10150440573905 -0.294877998644472
0.0196390299134789 -0.0337333733261519 0.124936800460534 -0.213175751447254
0.0331715607180429 0.00933117372938691 0.147358930165071 -0.120945522954344
-0.00633773519764571 0.043897339247742 0.137943705714806 0.0136481279931671
-0.0588868116963505 -0.03216614565704 0.0553472637501331 0.0837946983221801
0.0296437686652552 -0.0634080804221906 -0.0851909750790519 0.0725734012803298
0.0973543027372809 0.00259977795133926 -0.0915661729597749 -0.186186223848524
0.0701010750858014 -0.103169316631645 -0.0343253184574287 -0.29979822331687
0.0115528215695926 -0.166150184065324 0.156750988169391 -0.204642736048623
-0.0901999621004531 -0.162093391166903 0.054539000141912 -0.280645014229812
-0.155812034992399 -0.0454386522932194 0.00351330716153869 -0.122226267307002
-0.132954097560546 0.0345377055031359 0.0967998843507122 -0.096653120567276
-0.0902984974282919 0.0727776190552818 0.148074024243303 -0.180452347765853
-0.0574560214094462 0.0747737242784513 0.122441943797688 -0.28011171203922
-0.0426382182507869 0.0729290768125144 0.0923948179892987 -0.314356984869644
-0.0367864133711222 0.0507356439878844 0.0933660517519461 -0.295529290349794
-0.0347775019957096 0.050392889224082 0.121962581388094 -0.221684912381923
-0.0339606105914295 0.0587165569459614 0.150058692943194 -0.129310065119302
-0.0590931567341681 0.0480513680904367 0.138637053667125 0.0173846754562981
-0.102838153970634 -0.0409223038068214 0.0532321085309372 0.0814800900415429
-0.0252690744968481 -0.117577587020077 -0.0692529834495334 0.0719194352936697
0.0567155371504202 -0.104899129469727 -0.0979276588887363 -0.166857282723331
0.0447879883533534 -0.250574775627621 -0.053329921958922 -0.213558923146618
-0.0573427128004132 -0.287450933358192 0.208487142308575 -0.133179683623878
-0.17342659148207 -0.255786536530901 0.0677566877942394 -0.295996271465079
-0.280265373268034 -0.0974959266244193 -0.0460497706684942 -0.139217343805485
-0.276974546541416 0.060744091811252 0.0262278524845209 -0.0606554766476175
-0.195770052572631 0.165380043546388 0.106400755462353 -0.118512343698924
-0.114287167386905 0.189922746173063 0.0901011167949162 -0.219976804150812
-0.0806165123321375 0.190648826209122 0.0681775824004757 -0.259365718991488
-0.071899505260987 0.157477037915133 0.079015217951681 -0.260356049476493
-0.0883728397930202 0.146502283874794 0.119045815403497 -0.213473737444128
-0.114391167373176 0.123081077895804 0.157559533053867 -0.134123618031258
-0.138160380735097 0.0584175759657847 0.151666326552196 0.0250048614107709
-0.167336156182453 -0.0544982393502037 0.0542831821009241 0.0956537257619547
-0.0946604881906489 -0.171181479991825 -0.0712217429003787 0.0829724483610842
-0.00104131824989368 -0.205185686640203 -0.0995346071933097 -0.128873108142351
0.0158706005671719 -0.35327334118985 -0.0578942252939695 -0.081441632415463
-0.121147527393736 -0.347494578659241 0.261248862366661 -0.0540549138016773
-0.231958101059985 -0.279844470193887 0.0710654114467566 -0.301622770662183
-0.342748496821498 -0.105793701861116 -0.112758294585856 -0.156792038807809
-0.353303143208989 0.089485834348563 -0.072030514431441 -0.0158077882373655
-0.254038805834971 0.230836856845792 0.0309563359854095 -0.0334868683794394
-0.146435882472075 0.26967640790492 0.0340874031186262 -0.121228106296881
-0.105555298777554 0.280895901846798 0.0323407072133804 -0.162675289971686
-0.103002176561992 0.251080677074856 0.0595768479249325 -0.185992714097375
-0.141801783922082 0.243730776940288 0.109183346849902 -0.173835308707732
-0.208160899922283 0.195007930457425 0.157671551177007 -0.114887011440243
-0.244068785469975 0.0726287630729748 0.163845748907943 0.0451218283867011
-0.251997928726808 -0.0788592243661687 0.0566602882413442 0.125663946466738
-0.176689541891419 -0.226623148823811 -0.0787478574428906 0.112689670125678
-0.0660788644006932 -0.292650064814416 -0.0937350227035212 -0.0643052197981462
-0.0165553012039704 -0.383188451634478 -0.0454520717215204 0.0610706705443187
-0.15910029172023 -0.322962828309978 0.296842390657906 0.00123720007707763
-0.231745207109227 -0.22388266096047 0.053825480085287 -0.288831188128116
-0.313937419457267 -0.0774351074055328 -0.173838586642269 -0.151319407610248
-0.339946575652339 0.106441866396798 -0.157226125845143 0.0369977141305197
-0.251737092902185 0.252495685730783 -0.0470003401636207 0.058104607247051
-0.146307637833916 0.299551578685553 -0.0279632488108439 -0.00236029768378587
-0.11401561596014 0.328717118702522 -0.00828081962803431 -0.0396454542595192
-0.126787720791872 0.315371721658132 0.0319765427013494 -0.0768331190578746
-0.189819216157605 0.313313283516085 0.0854363367660947 -0.0922029215083422
-0.29550247786788 0.240663812559672 0.13592131494511 -0.0589754326410553
-0.342111933494743 0.0662424564056484 0.154137631555199 0.0836699935376636
-0.322048196800305 -0.11324925703126 0.0539062870314084 0.167670272806401
-0.244545031569305 -0.270925109113279 -0.0838407074323119 0.158029359845476
-0.122560210771004 -0.353817853782344 -0.0772672219973108 0.0257635780193536
-0.0506859198855591 -0.341521436005245 -0.0194381530103322 0.17863338474549
-0.158345140439403 -0.224913162276509 0.295197144753645 0.0153083388184439
-0.167950191820688 -0.12583553565774 0.0173243974404548 -0.249775723420672
-0.215043929908588 -0.0457023219640127 -0.203132323584432 -0.11747472824744
-0.259628752269745 0.0956558503457131 -0.196898894261538 0.0812899454796327
-0.200256562877022 0.227087745878267 -0.100827151609359 0.132652593107374
-0.12127359535706 0.281025987876628 -0.0795951933626442 0.11331401657996
-0.108121654645527 0.32617078199057 -0.047395804485074 0.0904734320783772
-0.133826170411137 0.327634577506221 -0.00649744624137319 0.0504993013716746
-0.216037545666774 0.321480474760351 0.0406531244912054 0.0161589955011845
-0.343966146233124 0.225296816101481 0.0823097994521135 0.0253948005689183
-0.379761741576733 0.0238613843802244 0.109978346549912 0.132096978909016
-0.327689948918118 -0.145200693862515 0.035574013412222 0.209319828983579
-0.268674601998006 -0.280248740545237 -0.0862968389728115 0.208579787879947
-0.157238888777153 -0.368132652630254 -0.0568339361609092 0.130851680716335
-0.0777299778963539 -0.246134518777142 0.0167919801011767 0.249907449031179
-0.127092946893123 -0.104450519303239 0.254748870844803 -0.00216273330006764
-0.0784031096024737 -0.0385026372401792 -0.0211032933918449 -0.194693894890676
-0.107477812337649 -0.0312041255779138 -0.194254652942008 -0.0757288948286232
-0.163943831146063 0.0634145314300274 -0.192985774628162 0.104267224474674
-0.13212295667338 0.168742937074479 -0.123571130452137 0.180044501115756
-0.0812827598932635 0.224893715755509 -0.111440219025603 0.206656885604969
-0.0811128903808528 0.274222870798751 -0.0783748760157905 0.206414531200098
-0.118814461721313 0.282310342080699 -0.0515200477436276 0.170489605883655
-0.204950494359169 0.261761425278255 -0.0226138214052472 0.122039355284406
-0.317071617577511 0.150449186369871 0.00421982155306161 0.10374877797298
-0.318961786367583 -0.0313319013635708 0.0389248163548693 0.161942653906412
-0.250410686561051 -0.140385270071054 0.00438759591330021 0.236604049461718
-0.239342135048499 -0.233642263652754 -0.0935490863809398 0.248110115696008
-0.162416744917163 -0.322888088560884 -0.037884047752982 0.22957281420345
-0.090041428367577 -0.132164323590612 0.0522630517265337 0.273011694410525
-0.0823052460854074 -0.00584683411289848 0.199151118290525 -0.0300379124126003
-0.00479607082463421 0.0096255921048554 -0.0419248239323411 -0.143023701683356
-0.0335990622337275 -0.031510308406215 -0.167957253860307 -0.0476039098149342
-0.0848014281008687 0.027117428596491 -0.172385791802891 0.108806757590335
-0.0682931217036784 0.0996105445898413 -0.129384145117857 0.201812805479439
-0.0406752809963859 0.145219968191009 -0.123318550598437 0.267845213518809
-0.0430682930612828 0.179748280818187 -0.0982509642412116 0.290023498361293
-0.0758148687179359 0.184112045372417 -0.0924349949485433 0.259458065075571
-0.14211646922375 0.154991594345691 -0.0857619313360855 0.195420764564397
-0.209050975907176 0.0602403817683374 -0.071940955832691 0.146764730016711
-0.176039813534845 -0.0545739480852706 -0.0251807757933685 0.161907225508358
-0.124293335475744 -0.0719177456564275 -0.02927880352986 0.247708037483854
-0.177098808848269 -0.128743669756237 -0.112414595593641 0.270681573542298
-0.140934308935653 -0.216851670748901 -0.0312078088649025 0.298899868323457
0.0946236449792005 0.053793358269003 0.0114218080730131 -0.335981260621639
0.0754477056768971 -0.0265712416977385 0.125144619836038 -0.255357647328775
0.00156146919249169 -0.0379538517673433 0.0461681714730644 -0.272288927920826
-0.00174524723654226 0.0193896416609423 0.0267065599701956 -0.128891168797703
0.0362701493932533 0.000125223527251844 0.118750943615542 -0.125878271710248
0.0292894487080216 -0.0356959275334284 0.149618137280006 -0.208318666762504
0.00802290094853402 -0.0575325104056024 0.132731894025781 -0.29134470762857
-0.00028588507637259 -0.0563590225905422 0.112609614303366 -0.326501449905544
0.000484461781026452 -0.0554015797518195 0.112242439388316 -0.298802185031858
0.0179221267086112 -0.0342916402922869 0.130951496737548 -0.214342014780195
0.0338333501630524 0.00840323804559686 0.150978714570029 -0.120783858597942
-0.00409247262111955 0.043330446723889 0.141071942756509 0.0146366195632487
-0.0594983648924182 -0.029744355367199 0.0561053573219332 0.0853812699395335
0.0280323163496087 -0.0633878304042654 -0.0832170533123667 0.0727259767311855
0.0986667431514808 0.000116433983422821 -0.0839382141951992 -0.190221274916156
0.0763702054069246 -0.107942374906335 -0.0186070021232441 -0.308392242755201
0.0153903187155284 -0.172406349897782 0.167055254599035 -0.212243835796001
-0.0883919092130352 -0.167911746719788 0.0588433282351275 -0.283262238488307
-0.156499966177368 -0.0511611847579491 0.0093083019422092 -0.124159179934197
-0.13693264712385 0.0283406567184375 0.100699698145704 -0.0969171494079398
-0.0947391934162981 0.0698751722671905 0.155046571762393 -0.181886377932782
-0.0634439042811313 0.0749104975955226 0.131267113244053 -0.281710718401574
-0.0480458895973418 0.0741496676804324 0.101829146511015 -0.31901168466999
-0.0426262028334651 0.0525282084333908 0.101550028055374 -0.299395951063791
-0.0388822787072216 0.0504731642879083 0.128300096371614 -0.223876818338473
-0.0350370861825503 0.0571475101855494 0.153066369139946 -0.128897597139056
-0.0586797057157793 0.0460792361263727 0.141528007162132 0.0186405860152773
-0.102055974317439 -0.0411246836378868 0.0546261665045595 0.0822686366085361
-0.0234813265638291 -0.119540944046956 -0.0675654228546697 0.0717372560538231
0.0614131626007802 -0.109044195836967 -0.0912823736209889 -0.171479139686724
0.0552085148273979 -0.257416129617321 -0.0415499804779363 -0.219027943987929
-0.0494174232101984 -0.296283698817491 0.218455442185186 -0.139499554302258
-0.169817897715947 -0.266367545743627 0.0719493042906042 -0.299409627420298
-0.283829536259588 -0.108242622608177 -0.0411204786711118 -0.141624015886883
-0.285297566682351 0.0526735766227742 0.0280087001928315 -0.0612182085474309
-0.205116468888528 0.162350570195824 0.110113300330091 -0.120015451663906
-0.125193936533988 0.191395662267213 0.0954616724246558 -0.222263592170635
-0.0884153153700414 0.193497518958351 0.074662319407861 -0.262797165710393
-0.0802837774022431 0.160788068147382 0.0849098734847962 -0.263801061181326
-0.0957419072759708 0.147554594409135 0.125033716614597 -0.216405440406844
-0.117947639161176 0.12161947805881 0.160422482234976 -0.134103897177318
-0.139824626160309 0.0548386611752749 0.156155748748757 0.0275708285498096
-0.166334847995851 -0.0587785942569511 0.055456516489523 0.0968915714959987
-0.0911523747748233 -0.177154874849736 -0.0700854371340968 0.0822811925155492
0.00757270662885389 -0.211262707359263 -0.0949278895982509 -0.132936839769391
0.0290586938009333 -0.360847444725882 -0.0514394305984548 -0.0846743059402751
-0.111023611891683 -0.360027044610503 0.269710334831454 -0.0586638927868654
-0.227788115473284 -0.294492182818299 0.0751030271114781 -0.304273757649296
-0.348143824450898 -0.118823120477761 -0.108974469630264 -0.1611183967118
-0.36397235638718 0.0820602425191817 -0.072905444893799 -0.0175468173464563
-0.265824402271316 0.228712914954171 0.031818812555261 -0.0353930847200773
-0.15874665117971 0.272254202460428 0.0348480517567307 -0.122988543022703
-0.115918416617455 0.284607930011595 0.0345978479719856 -0.164072598350971
-0.113769686664251 0.256095109882447 0.0629260591192849 -0.188938709433723
-0.151199204052495 0.246609581069847 0.113609403541755 -0.17648563021789
-0.21598764799292 0.193414888756268 0.161114964018954 -0.115822861572001
-0.249746005397392 0.0663657672452889 0.168317686516438 0.0471672032616977
-0.252562907680339 -0.0890024304331178 0.0570877825293312 0.127687671771769
-0.170326710746782 -0.237775520321033 -0.0791839609629636 0.113342438695843
-0.0546045314027636 -0.302043932481708 -0.0928957587693118 -0.0673636899296774
-0.00392371686720455 -0.390206924681022 -0.0445109953162123 0.0616886187122878
-0.148674063265047 -0.333394639269935 0.303012758030428 -0.00067836417781672
-0.227520611388424 -0.236701489230949 0.0569435424521864 -0.290382352820146
-0.319971335916116 -0.0894578220531885 -0.172341363450528 -0.155847584167702
-0.349394584545025 0.0995878790425826 -0.159838872218389 0.0330665761441694
-0.262262615659221 0.250523891733513 -0.0503540854129258 0.0550582481185064
-0.158388487994532 0.302652274127889 -0.0322659070471484 -0.00295569910919753
-0.125884325174688 0.332475707106183 -0.0102514106428734 -0.0391900490242163
-0.138418959939726 0.319695418918029 0.0306848134407834 -0.0784462715963874
-0.20187498638252 0.315278695094921 0.0871661306523235 -0.0937950040103607
-0.30788256472587 0.23897686872757 0.138123705175538 -0.0586617097766712
-0.352503676090591 0.058022296955288 0.157630697244226 0.0876460612636615
-0.324760338918456 -0.128332265080151 0.0533481212363365 0.170610752021206
-0.238259891198282 -0.284747681454812 -0.0859734835838042 0.160034107087692
-0.110146745976854 -0.363304849920703 -0.0811680271566936 0.0259969914147357
-0.03985711154868 -0.346265109269984 -0.0215595630119018 0.182285086990324
-0.150138227539801 -0.232978196294007 0.298454999528548 0.0170265576720641
-0.16408903611024 -0.136373209269289 0.0188204220086451 -0.251346249544655
-0.220286915353159 -0.0547594031961571 -0.203138826289306 -0.122339210876662
-0.269079821701007 0.0925776067807987 -0.20138586286771 0.0783684869536328
-0.209731861718863 0.226835379123494 -0.106626389678225 0.130184007253349
-0.131105763999089 0.285148494748079 -0.088038873908705 0.113955778855108
-0.116006550209456 0.331064196670453 -0.0529681080766176 0.0926308744082697
-0.145555360712646 0.332127869639941 -0.011230200108294 0.0513754099813953
-0.229566452713423 0.323626415172384 0.0382616722851272 0.0156786646396325
-0.356506708686178 0.222101312602561 0.0819997900966387 0.0268283600310747
-0.390694933284263 0.0130945282750514 0.11030463036622 0.136021123722598
-0.330330398030364 -0.162981843432765 0.0338140168470846 0.2126081223614
-0.261125132691178 -0.295462127227048 -0.0917135385082524 0.212849918452042
-0.146248406398097 -0.378634208826966 -0.0636845122544161 0.13346849849153
-0.0707819668620472 -0.249791467035078 0.0107626009129486 0.255234769729281
-0.121126701017311 -0.10989407213546 0.257372716713866 -0.000207633813204079
-0.0758683072611498 -0.0453013191238878 -0.0204971329179269 -0.196125149725992
-0.111442070615417 -0.0363302662675198 -0.196343119672523 -0.0783458131897392
-0.169476308765198 0.0625632779444037 -0.197152303975001 0.102169649564767
-0.137369396188016 0.169664461155568 -0.132170843145637 0.178372959443059
-0.0874577795148595 0.228057740642105 -0.120840367876551 0.208811499312435
-0.0876410324682206 0.277629239263344 -0.0875037870862081 0.210410234215831
-0.127522342252031 0.28560109477429 -0.0595430096345468 0.172503395485004
-0.21673739751423 0.262104087100372 -0.028221988849044 0.123081430925489
-0.327973435550933 0.147096184831395 -1.4219370376832E-05 0.105363475092728
-0.32835619167832 -0.0414157001016675 0.0370820041035315 0.166744349490867
-0.25044685984487 -0.156638743653433 0.000770573161866448 0.239512691686145
-0.231579268851858 -0.246761641288331 -0.100958941793334 0.25448332358562
-0.152747265925918 -0.330952758374797 -0.0504507185354373 0.234656665408018
-0.0858093373321835 -0.133045149481238 0.0451707289397902 0.280303367317253
-0.0783740461902567 -0.00834956655231746 0.19914649579402 -0.0289178010020048
-0.00284821131787411 0.00632345173430372 -0.0416213675626136 -0.144204626222354
-0.03655882391902 -0.033571725946049 -0.169928372516872 -0.0495945138598054
-0.0877149299519164 0.0273326527923326 -0.17682172321316 0.107434986581022
-0.07040964739178 0.100727264457474 -0.137359895561037 0.201520821192535
-0.0424725599626044 0.146998420430448 -0.133956866586048 0.272126629428898
-0.0462195701791117 0.181687285550726 -0.109431077559706 0.295342879027792
-0.0810774376293795 0.186246365123787 -0.103527754909622 0.261471843731954
-0.149606097672047 0.155344121243649 -0.0943187223271708 0.196492013141715
-0.216262804459389 0.0586610061828188 -0.0787243630328913 0.148217765891662
-0.18129698186492 -0.0608271663712631 -0.0305994683925927 0.165275395456855
-0.123620432791274 -0.0834888449125574 -0.0343935024333046 0.249328558910497
-0.171754261252915 -0.135347603687966 -0.121696172206593 0.276245673269276
-0.135603833690918 -0.221449143395149 -0.0468420062427037 0.305584586258948
0.0985598289121529 0.0519700246661178 0.0209313359758181 -0.354851274768871
0.0755882349330055 -0.0290777474636339 0.133593016946711 -0.274045284798911
0.000544072276709498 -0.0360575809781493 0.0459411060224821 -0.285071164822658
0.00154896225075893 0.0212260377699698 0.0292694340119879 -0.135839457172395
0.0379664321558993 -0.00282383399940968 0.123824748542505 -0.133715166823132
0.0295584380665256 -0.0394772912309537 0.156589781203441 -0.218864835193201
0.00556069701075844 -0.0608311283807997 0.140323598074171 -0.304715112135424
-0.00342090615197554 -0.0586588673696944 0.119343754413501 -0.344681437924918
-0.00294654485914494 -0.0566401107047737 0.117708582284177 -0.314143641597892
0.0160033451229531 -0.0362144982982452 0.137336883274563 -0.226092001119773
0.0357666961604503 0.00587391317692084 0.156204454154375 -0.128414134543218
-0.000772706272003689 0.0441894783873617 0.147551289918576 0.0116402644096394
-0.0627033547692677 -0.0270913742636952 0.0601970040635699 0.0865584263456966
0.0246628431395419 -0.0665811382031702 -0.0808775701610355 0.0777555245497867
0.102313769708284 -0.00483768231192577 -0.082883206130207 -0.198905736037097
0.0810072933102822 -0.117772280816907 -0.0098350669355386 -0.324820157302827
0.0144296912446496 -0.183615760123488 0.179237375673903 -0.231132035301479
-0.0932605920499739 -0.175364966816319 0.0579810540866381 -0.296549944790215
-0.162928167740387 -0.0542626145712699 0.0122963525990032 -0.129820074824849
-0.144907596609396 0.0275256955875907 0.10518357800521 -0.102008386560753
-0.101551832004569 0.0716112002789562 0.162855706494228 -0.191800646795456
-0.0701541590967017 0.0790271844228763 0.137139443494151 -0.295123022657047
-0.0533166722317355 0.0793143538794472 0.106474303358788 -0.336136558925255
-0.0479102212679607 0.0564291782079357 0.104924855846982 -0.315168630469546
-0.0433906918152114 0.0529251570178992 0.132347185306864 -0.236724353295867
-0.0360816712608845 0.0576776504432245 0.158120095948308 -0.137607455021914
-0.0572132119297234 0.0472467169963766 0.148596267249732 0.0160432361406811
-0.105630409533536 -0.039923530716647 0.0592139791366665 0.0841871891710212
-0.0268203190418547 -0.12546740490238 -0.0649548978959879 0.0753211032627864
0.0655863630776636 -0.118989945893356 -0.0906113339960827 -0.179114912027688
0.0605658290307731 -0.273714093482 -0.0352485326506914 -0.230956087938777
-0.0499496846116215 -0.314959657641658 0.231270190136299 -0.156085641777939
-0.177817258575453 -0.282060655391582 0.0702144019182318 -0.311594000254029
-0.298041335197385 -0.115538830914367 -0.0398511235611574 -0.148378214576439
-0.301344245738164 0.0533438698187385 0.0300916408899698 -0.0645995466969764
-0.217034922537878 0.169011479167232 0.114712140802355 -0.128362541260789
-0.133960010039709 0.202317872200942 0.0969775665790992 -0.233889224380702
-0.0958696749942195 0.205360940229394 0.075926987441332 -0.276149396859969
-0.0876924570865225 0.171325787937549 0.0869553976682814 -0.277319449372276
-0.102604529751589 0.15641607485526 0.128764514223026 -0.229320172617786
-0.122783014204587 0.127148896713707 0.166332519243923 -0.142834318801752
-0.144175231491665 0.0561673279529957 0.165213673572446 0.0248190962902305
-0.172086480169928 -0.0611869774718618 0.0605886453632623 0.100166817136348
-0.0945786351839367 -0.186142769024362 -0.0683021854409235 0.0867339297036236
0.0110530228953169 -0.225608661333321 -0.0974720217475544 -0.138947139552346
0.0325989817068288 -0.379868253087056 -0.0481135169874934 -0.0889449087087952
-0.112662857016303 -0.379695874570405 0.284599859187747 -0.0727237314749875
-0.238315591910912 -0.312394933825789 0.0726053329288476 -0.317786790682023
-0.367705567871611 -0.127956022856242 -0.113134550656797 -0.167387101483702
-0.385543558850611 0.0845844433555657 -0.0756511891164055 -0.0183205651761924
-0.280254786672311 0.239573059930627 0.0317874527745209 -0.0409070739685367
-0.168215142039763 0.287029801198508 0.0319311394907005 -0.129844991758741
-0.123433007495749 0.300896484662277 0.0340669542159831 -0.172145042521773
-0.121661416099401 0.271774813269445 0.0621151995140588 -0.198971425946847
-0.161349870232347 0.260561197426635 0.116459212691552 -0.187173109500668
-0.225072118682693 0.203441270499159 0.166240286922725 -0.123693193126382
-0.26193099146969 0.0685690922070707 0.179157413462001 0.0470225838790349
-0.263517989432927 -0.0950628084796765 0.0631960870647484 0.132108196293427
-0.177275951822796 -0.25101497404923 -0.0776279008441922 0.118793186289523
-0.0526856853140546 -0.319848320717079 -0.096788663872153 -0.0689018274022142
-0.00202033013424454 -0.409779805781544 -0.0422495831066981 0.0655098172543581
-0.153524244905319 -0.350702343544153 0.317511694207805 -0.0111564104596979
-0.236345679093281 -0.253295125127117 0.0530149040408062 -0.302081289979402
-0.338047300372651 -0.097732014945585 -0.180091179025477 -0.160717162724637
-0.370886269803581 0.10586625862627 -0.166766894807096 0.0354361479299814
-0.276052912582315 0.265101405921733 -0.0539407053997651 0.0551200646156211
-0.166689558567267 0.320496860925735 -0.0389941509359996 -0.00298357635725015
-0.13169642006498 0.351975115659532 -0.013680897100936 -0.0401888601758957
-0.146219191907342 0.338788910968027 0.0293657589349327 -0.0814349388452583
-0.213253934905443 0.333437595735914 0.0881163343445553 -0.100942882849951
-0.323060158611105 0.251577512260678 0.141813197088947 -0.0634725771445945
-0.370963517441326 0.0604616496293363 0.168216940655423 0.0894190253318077
-0.339807243655884 -0.139677923409441 0.0588368497051292 0.176535428703299
-0.246560950131164 -0.3018686059108 -0.0853211420117983 0.168656196778098
-0.110130454259612 -0.383199755612575 -0.0860443629825907 0.0281946249992383
-0.040266968408652 -0.36081003828465 -0.0202460508961542 0.192371027652159
-0.151492885783955 -0.244953933561372 0.311704495306087 0.00914147261325739
-0.168570022207848 -0.146765247256155 0.0140737791151197 -0.260224630630196
-0.233670864939334 -0.0597120393504659 -0.212601729312555 -0.124166119752946
-0.283508945763598 0.0980740295343346 -0.209584397637342 0.0827356092170651
-0.2189770280524 0.239862242641293 -0.112874391420645 0.13456963504629
-0.136281623609506 0.300327561258779 -0.0959230269401491 0.120628267574952
-0.119904500830719 0.348341282283235 -0.0584755477733363 0.0993476587226292
-0.1531107625671 0.351493098638184 -0.0145948724490426 0.0540981202544296
-0.241494836532426 0.342392786153779 0.0380281697620453 0.0152765505932931
-0.375476616617336 0.235548830557363 0.0835327932268422 0.0273038222472236
-0.414807236683989 0.0147197234752949 0.118800507932985 0.141394510516532
-0.346081415452709 -0.177454048698979 0.0382658035008623 0.220921676455056
-0.269321062256093 -0.313866699389045 -0.0924954700176135 0.225230869520262
-0.147178696613661 -0.397459897160334 -0.0708553260849602 0.141744621635163
-0.0725306931284593 -0.257775540947806 0.0116049939267426 0.268832450136634
-0.121367802656089 -0.114540193971814 0.266434999114239 -0.00702844562000846
-0.0761456503850435 -0.0514487175289177 -0.0263007685316073 -0.200807461527458
-0.119740494518697 -0.0395095545018186 -0.205578073698391 -0.0789413052978173
-0.178456466151161 0.0674552154386875 -0.205394504725294 0.107938368033803
-0.142858047741144 0.179729763361127 -0.137924324923518 0.185278433526599
-0.0897005641996244 0.240655465223384 -0.12999192072916 0.222008984221569
-0.0889381339370133 0.292325811902372 -0.0944062733254626 0.223927016973753
-0.13328836011494 0.301618677088591 -0.065468338631654 0.182365882632818
-0.227964800382771 0.277209531804856 -0.0316596106199007 0.128034526846937
-0.345597463043308 0.157349055475669 -0.00170644822584009 0.110253846899739
-0.349001175738392 -0.0450771136966823 0.0405892887888307 0.175162873764127
-0.263259694540711 -0.172329732953267 0.00330305528565381 0.249804436895691
-0.238099115098569 -0.261472280368569 -0.10464236846713 0.270166717061834
-0.155418937306933 -0.345466689515057 -0.0584760447491001 0.248772009848125
-0.0870781082063228 -0.135180392903531 0.0456060888921254 0.294366233529994
-0.0767091028168972 -0.00963790988094579 0.203903588594913 -0.0338216941702421
-0.002456177938289 0.00193422895168466 -0.0486408487718067 -0.1471703947045
-0.0408019951315084 -0.0349108461600091 -0.178713123925021 -0.0482600568342289
-0.0920578096624601 0.0313576907253755 -0.183644159392908 0.112804710589726
-0.0720433866605703 0.106339171718721 -0.143343565801638 0.21090813905153
-0.0416655663640925 0.155908624633626 -0.141843537147982 0.287853997623736
-0.045637207723877 0.190254923313676 -0.11607003910199 0.3127760823249
-0.083588932981673 0.196068283387454 -0.111502315868765 0.276409406290046
-0.156837563372534 0.164507070789415 -0.101681201525556 0.205449738278008
-0.228045284008127 0.0635187367655253 -0.0835480955222625 0.155441378955802
-0.193968215168704 -0.0653479143264328 -0.0320909349166366 0.17358477377047
-0.128129873798083 -0.0937817293317307 -0.033895064696495 0.259681399578189
-0.174209751241028 -0.143008806490745 -0.127886420443298 0.294219926763325
-0.139154693797266 -0.228428284671286 -0.0568506653531835 0.323597035248578
0.114738739097872 0.0345409262664259 -0.0401004215666097 -0.377531933834821
0.0717865002150398 -0.0401605685005506 0.0925739233019007 -0.313919540445537
-0.00355568929112899 -0.0312564189831138 -0.00320461589505938 -0.303858905041304
0.00958609859469534 0.0224959086462058 0.00669786657174209 -0.148302926010424
0.0404949094401549 -0.00933577035025986 0.101950108329196 -0.161581303208832
0.0231077204423567 -0.0454075323647264 0.126011211667177 -0.252722068962156
-0.00603593982863437 -0.0629172166382869 0.094690650280142 -0.345010652927743
-0.0141624426584957 -0.0572938863323191 0.0685337763814764 -0.377810365797922
-0.0133432756113655 -0.0550509518182175 0.0724450130103013 -0.34958997891017
0.00877692528949232 -0.0384578903982031 0.104696563797224 -0.259681655095855
0.0378429437484426 -0.000362893723092688 0.139692629632992 -0.160428058526887
0.00768266924746082 0.0437765293260694 0.15554285724194 -0.0150826549842053
-0.0684281597209039 -0.0126084829989694 0.0792627157425073 0.0790186733045013
0.0108876573661384 -0.0713748359121755 -0.0662119539118959 0.0928807038207932
0.101137173358879 -0.0257626747559579 -0.111420332684388 -0.194849640792296
0.0685264889295199 -0.14169118856161 -0.0571398488580808 -0.331284677843487
-0.013216269883561 -0.195515950163522 0.151658100595412 -0.275490088465473
-0.12452173224813 -0.165588016594561 0.015372245297057 -0.313171387972271
-0.174328299249302 -0.0326883403944277 -0.000940179057310295 -0.1354270618404
-0.145070223114207 0.0490792230655912 0.0979870037876522 -0.128300445320954
-0.0968304541215863 0.0902722818980771 0.141442088408523 -0.232598118054905
-0.0639203990219125 0.0948910254238507 0.0943433240513089 -0.33752532717532
-0.0446311576479796 0.0935182343576777 0.0555125772010058 -0.367233058958555
-0.0407232656451809 0.069153390405309 0.0573077704352882 -0.346906080958295
-0.0367685768143037 0.0645160000214503 0.0974368757649479 -0.268993184144012
-0.0269875866273746 0.0647929328412882 0.140932055022924 -0.170497008126987
-0.0507018911472267 0.054463218380933 0.159772291554995 -0.0110907539011063
-0.113184052112783 -0.0209640458878794 0.0774778884542226 0.0769563392866098
-0.0482645421327376 -0.124193748350172 -0.0520314606318013 0.0884268615848229
0.0473461889126604 -0.136497477711387 -0.118253724555407 -0.174109343973638
0.0196556592652336 -0.303733428173758 -0.0574254448043092 -0.217997139706998
-0.101069490869536 -0.323992297648224 0.225825771183617 -0.205199863222558
-0.230463182529921 -0.267730943385663 0.0319431020623344 -0.326696597479796
-0.326409731877732 -0.0778634556230055 -0.0515208038164941 -0.14173805364134
-0.305061081656047 0.100298673491724 0.0350400797069035 -0.0788114070479401
-0.201448712207253 0.209380341380595 0.105660673181603 -0.165170191373464
-0.112640113354382 0.233078605292765 0.063895123336759 -0.266652908582735
-0.0679017288074042 0.232593132791128 0.0324178049897476 -0.298981830184072
-0.0630465843995184 0.193733049198578 0.0435254825143056 -0.305022314265536
-0.0813403349948846 0.18081747224136 0.0947557054743659 -0.261359467074124
-0.105148264264076 0.151191873476592 0.150140120749464 -0.17965152674645
-0.139666968544146 0.077652207353053 0.180911680175977 -0.00457047002221732
-0.184885046475961 -0.0343877362643673 0.0828247276327004 0.0945444140722823
-0.126045991794936 -0.177497206661654 -0.0562970634596858 0.101870260232567
-0.0228940502931448 -0.236093331379624 -0.120442654815972 -0.13044620296693
-0.0296187286534201 -0.411144113045956 -0.0386125708967907 -0.059977981783952
-0.175585051534165 -0.382456980779191 0.298218497828564 -0.124975312045604
-0.296025078657905 -0.290918544313724 0.0368232305799343 -0.33280519669424
-0.401563541318693 -0.0826110642274814 -0.12746251237038 -0.146526792001157
-0.389902958247558 0.144611148416039 -0.0618821927023338 -0.0129580415587086
-0.256633268838684 0.29317459871239 0.0361138535608976 -0.0635028413805448
-0.135439366664752 0.326907724537229 0.0150693380468605 -0.146768305424707
-0.0820563185130066 0.334624594222032 0.00477685350565868 -0.184004496635008
-0.0812967251698445 0.303423386427458 0.0309736489303276 -0.218181475731084
-0.123891946515808 0.297478399988236 0.0904183906886908 -0.215149407311011
-0.198172409786026 0.247099662519273 0.155096107452043 -0.159928487581154
-0.260699191453043 0.108454744816897 0.201868900632452 0.0180168595333851
-0.285660688697343 -0.0562228318224272 0.0912286244090195 0.129953907290277
-0.218629179963294 -0.233304519810343 -0.0626735761939896 0.138907468171959
-0.101612435201918 -0.321677681451086 -0.111211465389511 -0.0583637016324342
-0.0738728353810028 -0.434054498172685 -0.00251529681282653 0.101704452765141
-0.210883244886414 -0.344233361901904 0.341995581493953 -0.0670063607614909
-0.284600758198786 -0.231019127384819 0.0177417951964239 -0.31611414612579
-0.366922577627719 -0.0564420207524338 -0.198200558183715 -0.127817659829506
-0.371429047758719 0.163406684081178 -0.147947319022547 0.0584109953142189
-0.24797957617204 0.319489529947554 -0.0384281854280518 0.0494826304815738
-0.127336244848226 0.359844701097144 -0.0360478058189029 -0.00131134189526734
-0.0815015769123141 0.388724161351108 -0.0232292857628122 -0.0386363267989961
-0.0961980578922396 0.376793170929662 0.0150643666508143 -0.089882947482484
-0.167502215821849 0.380377574709856 0.0761791478652797 -0.119501034296355
-0.290949773608007 0.314909360180546 0.141933281656917 -0.0922751325571766
-0.378318709061639 0.117306447679596 0.200183542078102 0.0672041682079625
-0.374048544369308 -0.0928622167422952 0.0943600275385871 0.179964839382167
-0.295951738049513 -0.276903832177075 -0.0637239644398337 0.196040052180405
-0.168315223657856 -0.377395657691654 -0.0870436389539346 0.0431188428546175
-0.107571463526688 -0.374057456636065 0.0407297162506645 0.227117790482804
-0.193661232887071 -0.231725538699571 0.335589138591724 -0.0474430887693024
-0.196140374628612 -0.13090326889919 -0.0222703363449911 -0.26627768657199
-0.25326181218893 -0.0321504618478456 -0.230986517885539 -0.0843737867671947
-0.281983264997595 0.142867582077495 -0.18842126501765 0.116025868329824
-0.190456970923083 0.284025343258941 -0.0889862807764549 0.145348250778662
-0.0974781388944314 0.334216843678432 -0.0743424351405617 0.140732659997659
-0.0706127813771912 0.381273196831402 -0.047244525073338 0.113528029874307
-0.101029828840797 0.390351786637869 -0.00846129932861775 0.0597128462794858
-0.19633617404562 0.392500161073814 0.0426701520693569 0.0105044143398527
-0.349756387402022 0.305415326391879 0.096757192691489 0.0125702688169116
-0.431896977913419 0.0750322246416655 0.157284535814269 0.132747016506927
-0.3884985159085 -0.133147821893622 0.0792367131506098 0.231134259136972
-0.319348346198748 -0.287191107680582 -0.0632558764689168 0.25808684681148
-0.206420288057702 -0.383593259144215 -0.0563229465752592 0.160574255081778
-0.12223408560998 -0.258549783957225 0.0814131082827874 0.293187382165474
-0.1401307515536 -0.100328965013535 0.27882668740936 -0.0569214370624693
-0.0845240474207368 -0.0461743865518357 -0.0602739094394361 -0.200074778064442
-0.132422749096909 -0.0264898076835115 -0.219911636148859 -0.0384428427122649
-0.177331765500206 0.0956160331192924 -0.184310665239614 0.144207282698032
-0.11908712451322 0.208687009790441 -0.108961385495419 0.20690241325859
-0.0567094482990206 0.26428386413528 -0.092391005336597 0.254365265379187
-0.0466193237421054 0.317061755348783 -0.063351771567996 0.249048944596816
-0.0877655628133103 0.334230607451995 -0.0419797265813116 0.202511511151748
-0.192140217019818 0.323415801411948 -0.0123664244825907 0.140052333673073
-0.333013129586305 0.21883042181307 0.0204299843387855 0.11575408072206
-0.373373977112522 0.00384554578177302 0.0772335188039747 0.181651028964719
-0.301256134521879 -0.141853215181512 0.0450999681790295 0.264665537979895
-0.279817354900947 -0.236739232133515 -0.0679971237521786 0.30748633640232
-0.207424748342647 -0.328486858744655 -0.029455400940389 0.272429426674625
-0.115953775153308 -0.124942319968661 0.11348664527946 0.30616414046173
-0.0773865528179058 0.0024633758492088 0.205045125943754 -0.0747769363248091
-0.000337303968916635 -0.0016071204614781 -0.0790574732263613 -0.140855505879302
-0.0499312441837236 -0.0317445776308068 -0.191051813578267 -0.0117056134286571
-0.0915803296997641 0.04641250925919 -0.164880962685112 0.147606327696901
-0.0565117314149678 0.121010088173816 -0.112603831360305 0.237962655678172
-0.0177429716599587 0.168453081666352 -0.0946743422969158 0.328796318349143
-0.0161912302978287 0.202308410810733 -0.0713748402279933 0.345190938403032
-0.0543303694625933 0.215756206799724 -0.072882444286035 0.308552123929038
-0.136095585580527 0.194868731292106 -0.0734661351493917 0.232583669192383
-0.226401917815677 0.102519944290229 -0.0604072526797928 0.17756072327864
-0.2147979364972 -0.0406245790553513 -0.00349167453969434 0.192382146456565
-0.148369224489788 -0.0824979656014173 0.00747891982639584 0.278155210975145
-0.194743745202164 -0.123954162400967 -0.0880279186072218 0.335605334507145
-0.175440254680567 -0.209981920283852 -0.0175619654908295 0.351458156274209
0.115956110818635 0.0205812450041427 -0.0638235208607367 -0.383776526833724
0.0639079991967316 -0.047437351182408 0.0670323516841084 -0.334058055229432
-0.00653091865256376 -0.0277848547826722 -0.0325648558048519 -0.305602111587432
0.0156231626759656 0.0214019826726236 -0.0053880527975345 -0.150757437796741
0.0399630033262614 -0.0156092188732054 0.0879143368715949 -0.172702050499918
0.0167271302770869 -0.0496700289956657 0.105294358763488 -0.266252343254353
-0.0150460139866194 -0.0621206998142489 0.0683434371869791 -0.356743461847108
-0.0227600060747485 -0.0546496634056176 0.0369400083043874 -0.389549208654108
-0.0216794548514993 -0.0516180069366853 0.0424816510886435 -0.360140729282417
0.00288258431941831 -0.038475354254314 0.0817634823160579 -0.271989205259926
0.0373835857834193 -0.00717769870237389 0.124225397264135 -0.175463250614103
0.0148719395586715 0.0405831417893727 0.154191447943853 -0.0325054649649871
-0.068522154614024 -0.00239169251386832 0.088059497207294 0.0700895977011398
0.000321407397849126 -0.0700370290397131 -0.0514744594537272 0.0988475612777969
0.0964950911772743 -0.0403615014580814 -0.124061050836453 -0.188474533452819
0.0564693067674164 -0.154406507135067 -0.0777138503208842 -0.334670922813465
-0.0344027919814439 -0.19890669133765 0.129970748332596 -0.302101705498673
-0.141596676958911 -0.155908185612984 -0.0159490520540728 -0.314871501546641
-0.177211124666806 -0.0187952154239591 -0.0102698076427383 -0.137281383584256
-0.144292153655169 0.0603545112002757 0.0879830571136025 -0.1389870329835
-0.0924902858385496 0.0983712803912095 0.121613375458954 -0.247963239562679
-0.059967188795624 0.103407979033824 0.0654233092362798 -0.348182052550563
-0.0394641695747033 0.101395099283302 0.023411619346956 -0.377305546454575
-0.0379940030274756 0.0771279224325462 0.0259419055788839 -0.356727448294552
-0.0339731063407399 0.0697723745417106 0.0730361126433036 -0.281728933432571
-0.0214291576275172 0.0647499460508508 0.124232887250101 -0.185780796959684
-0.0429659049670548 0.0561630370631067 0.160193178450478 -0.0289482398653926
-0.113352335431256 -0.00857903962031539 0.0870110931155384 0.0676449736898636
-0.0618168342421376 -0.119542597718955 -0.0390133033578895 0.09217544721454
0.0351227086676638 -0.147139949330499 -0.130058778880479 -0.166218541896901
-0.00606419858066775 -0.313294089986092 -0.0693742656730706 -0.219095209013918
-0.131057755126998 -0.321864635739796 0.208259672890362 -0.240302523695366
-0.256868865063054 -0.252317327969693 -0.00114072410697626 -0.330640799392546
-0.337261829493403 -0.0519078997607016 -0.06200118898262 -0.137918667177931
-0.303304255857869 0.126294984466773 0.0301352254912011 -0.082936686758879
-0.188573681117984 0.229456014887769 0.0906146692585881 -0.178301924239637
-0.0954978874646104 0.24792732656298 0.03915433102602 -0.274029687147266
-0.050756746717479 0.243367952736803 0.00549117991373468 -0.305260695011015
-0.0486896067774634 0.205101438186901 0.014239147490475 -0.312488131638057
-0.066427802956433 0.191944927385317 0.0693578323057773 -0.273095596407333
-0.0923562480326812 0.16004794935236 0.132664168274894 -0.194790411596894
-0.132818439845918 0.0873897837335046 0.182776937749291 -0.024448749512014
-0.18759814594092 -0.0180156493353342 0.0933092902036986 0.0852029387160534
-0.142594667201507 -0.168808792851956 -0.0423248893280041 0.10532102970534
-0.043207555096684 -0.24058702551708 -0.130466526576983 -0.122161152783117
-0.0637693573184762 -0.414537068238611 -0.0379503546406991 -0.0599368128113412
-0.209303790865474 -0.374012532609547 0.287080855185531 -0.165666877753709
-0.324874715778927 -0.273098065929398 0.00180606511735514 -0.336210186232931
-0.415827731317902 -0.0508508620774072 -0.138920594808836 -0.136001506892889
-0.384684585172562 0.180231460925041 -0.0618975442251782 -0.00787618234437086
-0.23520621091127 0.319585111639903 0.0276901576947165 -0.0700544702695063
-0.108933470261557 0.344839970525445 -0.00152995045360081 -0.147963996675045
-0.0541982992924267 0.348249995652166 -0.0128591144831989 -0.184507336164486
-0.0570388332809858 0.317384140271727 0.0092002486139453 -0.222188632192337
-0.100189903619962 0.314131757881697 0.0690328677813796 -0.22648510315185
-0.17897691443716 0.267814475707322 0.139285642511121 -0.175605612397115
-0.254392103642536 0.130836156609225 0.207175996680135 -0.00378011693473732
-0.293278295905305 -0.0349395727067505 0.105897487208497 0.119468458177867
-0.239577380881615 -0.219174331075114 -0.0462893561837373 0.143801199882241
-0.127055921185591 -0.319450226834554 -0.116599137282954 -0.0493059463530632
-0.111338239694682 -0.43239256508186 0.0104555095492035 0.102310381715088
-0.23945840581771 -0.330718308614611 0.334668805149931 -0.109464991619296
-0.306690510864148 -0.213970783835132 -0.0159171392251759 -0.314581884224818
-0.380949021184732 -0.0272596352869129 -0.209046789441657 -0.109224142495328
-0.363473719492349 0.200187967719583 -0.142940632098502 0.0711314266121759
-0.222373224181484 0.34542858942476 -0.0382060491033087 0.0515460449406088
-0.0976387162685362 0.376638818708798 -0.0406601143726664 0.00430365237941858
-0.0475679806633016 0.401912223610224 -0.0293701980486697 -0.03439176078273
-0.0638547062767736 0.391849934238436 0.0044149763373056 -0.0905962094611386
-0.134869559407555 0.402568767668475 0.0634148861575463 -0.128672226118452
-0.267812114475093 0.345421057606876 0.132859574869462 -0.106828643634229
-0.374793317389738 0.151665966774075 0.210922899943845 0.0457299976307146
-0.387997371585156 -0.0664207633471364 0.113073907127895 0.170274917335216
-0.321347501953441 -0.258430836759383 -0.0434307339206769 0.2028544114026
-0.197726576058182 -0.369319160950751 -0.0857132792049012 0.0522867661601761
-0.139049866568697 -0.366715439991799 0.0633684635617231 0.225089953871088
-0.210188425459455 -0.218228475891166 0.327913252642466 -0.0864002974616823
-0.208013639559448 -0.12061691736748 -0.0506214619771017 -0.261129931643043
-0.262855080689389 -0.0116406948059427 -0.238096486030971 -0.0622302117184469
-0.274721917583265 0.172514516651191 -0.178554456681459 0.132835230759676
-0.166595157096831 0.305223549889294 -0.0797775594955843 0.153636573476453
-0.067373397108867 0.348366192080534 -0.0647331604923948 0.151810134773125
-0.0357571284218226 0.393094275782493 -0.0387700480272196 0.122857271457914
-0.0664123092635531 0.405746006805222 -0.00625889573319242 0.0633745354909015
-0.162566542187126 0.417790339254482 0.0415439718875348 0.0069911419195551
-0.327664173556416 0.341813769987451 0.0969955155653871 0.00458467584839854
-0.434444904148145 0.114235954625548 0.17329601356807 0.11773318906746
-0.407310339359756 -0.107902087103327 0.102439853146794 0.223052073892477
-0.344426527066045 -0.266717872127629 -0.0373495955368322 0.267686959367109
-0.237609208819388 -0.370680912746868 -0.0454759573704843 0.170076715954642
-0.142412926999278 -0.247955429598716 0.108934151466024 0.289649397226639
-0.143992632149115 -0.0903784845229884 0.268978080953565 -0.0877228983510932
-0.0884527836519836 -0.044438435978331 -0.0816381463118827 -0.191023742595383
-0.139714181558932 -0.0150851754479017 -0.223792088737177 -0.0162221743885336
-0.170597362182646 0.116323886315117 -0.172255006614759 0.161361972707076
-0.100535499617167 0.222148869855661 -0.0934133324533172 0.218137219481346
-0.0312897283102679 0.272991364324357 -0.0711806005115818 0.268422304702356
-0.0166582471615694 0.323952241718158 -0.0430374630264256 0.261010514389755
-0.0577887242459081 0.347349908263781 -0.0264686325373835 0.210762606358959
-0.16607522035906 0.346280343578161 -0.00289106411236545 0.142797635707631
-0.318216664109348 0.253640196037738 0.0293943445051092 0.115576033307523
-0.382802356333115 0.0366691084114143 0.0963982509887111 0.176214230911223
-0.31941575789714 -0.125332253741186 0.0708559005223329 0.261111723130366
-0.298202547425964 -0.219754659557884 -0.0397294851782982 0.319510450769518
-0.23246986544301 -0.312593890295353 -0.0105822451158288 0.281663886018931
-0.124345093507301 -0.113109497601253 0.140565343892899 0.300209352033826
-0.0719904785632375 0.0073696914856431 0.191643812059874 -0.0957211150651964
-0.000859814765040464 -0.00649353613390754 -0.0940768996782128 -0.130030218402593
-0.0565659519361062 -0.0261826730439475 -0.192521610863954 0.00882152595228613
-0.0881420375966877 0.0570212689159007 -0.152039752630066 0.164228223426382
-0.0434925790360903 0.127752419056931 -0.0929319086916433 0.250363627245838
-0.000104985246755539 0.170799129337605 -0.06551070509147 0.34406069083785
0.00377108535883822 0.205153559454 -0.0419409007104828 0.359941301494729
-0.0343468484511753 0.223277230619057 -0.0494494110803626 0.320814610592112
-0.120295370138937 0.210892075804369 -0.0558633814995238 0.24177785755349
-0.22042485116852 0.127513355472158 -0.0467140145033833 0.186285015910614
-0.226198782894889 -0.0221426574556257 0.0148152747300657 0.195592064135224
-0.158392213111378 -0.0776444374504869 0.0319451756807936 0.277733407459267
-0.202215619512719 -0.11065031581612 -0.0585377775745919 0.350899298409704
-0.191993832296707 -0.192832873799445 0.00613647472907083 0.36216105180305
0.10972500033404 0.00705582477121362 -0.0828019516574035 -0.371033855650284
0.0519402559793991 -0.0491764326493588 0.0380575839850467 -0.333808259053982
-0.00822883951045033 -0.0220977747396495 -0.0566703884112043 -0.289003834630754
0.0203665764980947 0.0179844208416615 -0.0151362237656153 -0.144462373703961
0.0362823450308383 -0.0208202563378253 0.0700658198937728 -0.172329402662972
0.00977845618124908 -0.0499659880488926 0.0810525708272224 -0.263172683841411
-0.0229691038737958 -0.0570884195918748 0.039929548021523 -0.348591436108485
-0.0285484252741069 -0.0478978557193846 0.00623998798338879 -0.379279383089244
-0.0268233990955754 -0.0445942096154947 0.0115491637647203 -0.351527320750414
-0.00272215852226282 -0.0359825999734507 0.0563427689379854 -0.268327411402413
0.0336837735328115 -0.0130865671831851 0.102773263974938 -0.178022871460852
0.0201219630339157 0.0346170911264949 0.143621847089853 -0.0457667938275657
-0.0642955974708252 0.00808600350421943 0.0912158455568891 0.0565439857088245
-0.00919243924752807 -0.0645696425244508 -0.0349411530249882 0.0972069430206088
0.0846728288198329 -0.0515195548146938 -0.128231036898187 -0.174001490818171
0.0408185858655058 -0.157253850674685 -0.0916777150362752 -0.32221175797481
-0.0519179702225244 -0.189285972824874 0.099549143472774 -0.311636122950134
-0.148985751054794 -0.137736326802559 -0.0414507189508318 -0.297774609139283
-0.170526262836642 -0.00617809231143146 -0.0177401115170067 -0.130820690407594
-0.135845677638863 0.0675115527462107 0.0739161756306254 -0.140657982627638
-0.0846395046448581 0.101410301916894 0.0968113437652312 -0.247665938589154
-0.0524593175774595 0.105960842738088 0.0355733169509773 -0.338514017886799
-0.032207807731273 0.103643447892728 -0.00656651024897672 -0.364272353580982
-0.0322122687627299 0.0800984519363163 -0.00412927046826428 -0.345891930023513
-0.0290794374266746 0.071259224904938 0.0455529905034249 -0.277026949432748
-0.0165599145721397 0.0613115239088452 0.101262619268979 -0.188276135237879
-0.0347505712496806 0.0529045796130236 0.1498206204184 -0.0437654508446874
-0.106759595533977 0.00329694492225558 0.0899500649085858 0.054563316515947
-0.0699610509934784 -0.108064889788046 -0.0245413556844159 0.0884758460054682
0.0195292300907494 -0.148537542564249 -0.133373153382734 -0.152323851548701
-0.0288981939255042 -0.303185715831298 -0.0766028041874442 -0.209732784130554
-0.151401860055469 -0.302717075361182 0.177082101931353 -0.257983067235151
-0.266371955969868 -0.226076389661604 -0.0310665461316261 -0.313151842026195
-0.328438514829205 -0.0257945081764755 -0.0667546398461906 -0.127485753806901
-0.284116044567071 0.143972804373007 0.0227985750581695 -0.0824470014050949
-0.166599781266734 0.235017878681203 0.0711941707082031 -0.179367306835392
-0.0749781950757157 0.247577556372247 0.0146980983201773 -0.264193534154903
-0.031445724519654 0.241211223533395 -0.0188588338454996 -0.292669434937426
-0.0325819850691689 0.203592283498628 -0.0124449153822993 -0.300713091578812
-0.050096000460118 0.19099318758768 0.0430106169507823 -0.268724056013989
-0.0762610350968104 0.159548350600231 0.108653450217482 -0.197788549174169
-0.118843176428727 0.0909920673683679 0.173890277863971 -0.0415026763792438
-0.179007206926511 -0.00278998487641558 0.0980303294674783 0.0703618308011631
-0.149497217678003 -0.150144432914255 -0.0269945928414183 0.101472684669549
-0.0599088017458057 -0.231129668137829 -0.131855453179514 -0.108843477471738
-0.0920268296548818 -0.395023713932719 -0.0356790926121029 -0.0572347379109347
-0.228248144316803 -0.346207831809242 0.256235464147217 -0.193343026720688
-0.333531671678983 -0.241728284079842 -0.0291321480653533 -0.31722492170014
-0.406039946443503 -0.0183144075976457 -0.141107689992221 -0.118754751934078
-0.35796952497448 0.203855754021019 -0.0587859432344395 -0.00467024288525061
-0.203843877205207 0.325746073591553 0.0175563797370393 -0.0706725988863166
-0.0783071031506936 0.341764186051022 -0.0160806415466995 -0.139891354776808
-0.0248118359243306 0.341961174141542 -0.0280102589743706 -0.174572835836463
-0.0308831575142889 0.311756093160041 -0.0111728548127803 -0.212999161129923
-0.0709986484457821 0.311678144103285 0.0452170707835859 -0.224154477208246
-0.149842426004884 0.271164511260027 0.117294642719353 -0.180408316818678
-0.233836511858348 0.143452043167036 0.199620190433546 -0.0247246777960595
-0.283861248418804 -0.0130538306506624 0.113136636658986 0.103130450056727
-0.245542494136472 -0.193754733953483 -0.0294466121979551 0.138327141466203
-0.144186661106731 -0.301258474428077 -0.115508990060891 -0.0385303840407227
-0.137918570142642 -0.405042332149852 0.0217792146004669 0.0948107381699241
-0.251610155534586 -0.301895286763531 0.304634822877302 -0.141038567036742
-0.309607144557275 -0.18733039089673 -0.0448598307902875 -0.294587774676755
-0.371584103506963 0.00227672867955428 -0.206500291468319 -0.0870003145461102
-0.336774710563615 0.223170125831157 -0.130421793248394 0.0780820541271741
-0.186971783504848 0.350172313850689 -0.0355324044480268 0.0515885353740811
-0.0633267916819993 0.37178647907013 -0.0422515356219685 0.00993588040447479
-0.0152051671445337 0.390955074787819 -0.0314169584177811 -0.0273203380242681
-0.0308527147346689 0.384151183363356 -0.00540715840644276 -0.0857926152516245
-0.0979515484766669 0.40054403914313 0.0481267520444373 -0.129550883854429
-0.229744449386868 0.353818015856969 0.116435203066638 -0.113397135185661
-0.350346854456428 0.173493016853912 0.208053382490825 0.0239022990075853
-0.379662208035696 -0.0374724877978818 0.124100157116169 0.151500156913526
-0.325259962225765 -0.227690723061747 -0.0220096031664402 0.196151078483503
-0.213571123527447 -0.342134770862058 -0.0792517403814871 0.0576970077154383
-0.158156850367365 -0.338564224642356 0.0806693198206042 0.210444296521514
-0.213912268288851 -0.194097879253159 0.299521575818973 -0.115325918968066
-0.20670230377386 -0.105002445454802 -0.072321392011021 -0.2405859987148
-0.25775132305123 0.00802742776872345 -0.229863180480564 -0.0385040779307701
-0.25008660882847 0.189736784869533 -0.159433172483734 0.140431725711877
-0.134880903273075 0.307248447353454 -0.0675425785868961 0.153136459951149
-0.0359536387556825 0.339925363414887 -0.0533890283959627 0.152587497321904
-0.00241522637246795 0.381000058174712 -0.0286185895082404 0.124597452107736
-0.0314089223253929 0.397709150853025 -0.0034332793666293 0.0639954602379602
-0.124581370819295 0.416833978913463 0.0380564216871149 0.00248423489330779
-0.288926487654991 0.355971648747256 0.0918452725103014 -0.00288030264308586
-0.412481232610308 0.144912205144684 0.178482543078424 0.0959822464878419
-0.403207277061709 -0.0781723794151484 0.117168336284333 0.203834887544942
-0.349769173111302 -0.233312548298097 -0.0115856222398612 0.258603533404773
-0.249794956203154 -0.339290597343727 -0.0339262938318915 0.169049777783018
-0.153439068582265 -0.223259894527846 0.128283429725032 0.269367906422889
-0.139228453261096 -0.0768453814769949 0.242269742671407 -0.108585386873993
-0.0880684398175686 -0.0407265020948001 -0.0954648078136273 -0.170393849457915
-0.13872316914755 -0.00376767632629712 -0.212960338926574 0.00533455657836125
-0.154486830712362 0.128133405648873 -0.151016891419358 0.166847443425493
-0.0763832424697364 0.222078113430812 -0.0744434229523183 0.215927599031594
-0.00577449962185985 0.263773056779493 -0.0476669552813954 0.265535541745154
0.0102767031507276 0.31182071122264 -0.0218548401414478 0.257421633277028
-0.0264843671615459 0.338408569315643 -0.00984552536981803 0.207099964311153
-0.132011908903137 0.348124127085586 0.00615674321033427 0.138032304206972
-0.286604432212515 0.271434934913045 0.036463201314862 0.108839979071594
-0.369811727582344 0.0666270748871984 0.108374046011515 0.160702183223337
-0.320372968302989 -0.102210598697505 0.088636663176975 0.243477948707756
-0.298975488341188 -0.192627484832586 -0.0101515263671054 0.310588880513558
-0.241912432816307 -0.281503456184872 0.00645287849726638 0.275421775012365
-0.124988941069935 -0.0962134703994934 0.15874048802881 0.2789354686639
-0.0625568569927181 0.0103865045366486 0.168247855048066 -0.107235976977249
-0.00218486787524633 -0.00998580985224913 -0.102802142555149 -0.111293690744167
-0.0595899550813603 -0.0195339175375963 -0.181606997488528 0.0267282332360436
-0.0791679877242208 0.0650138569861983 -0.131519826482857 0.169624502483702
-0.0296207704958197 0.126084128476748 -0.0713680724529875 0.247723791064543
0.0173784331151637 0.161454676993171 -0.0350562729689718 0.33774120977349
0.0221408319918358 0.194904342887537 -0.0117333981245447 0.351743983261821
-0.0134403260771894 0.216335093445134 -0.024497506041606 0.314225244544695
-0.0984615556196961 0.213613042363095 -0.0365273963383979 0.236467361738737
-0.202692280970966 0.142054503144887 -0.0311595699004911 0.183518725442019
-0.223717733638584 -0.00332035154910442 0.030125122656124 0.186402553459016
-0.159438956492948 -0.0697982502445837 0.0518412070213657 0.262193274483333
-0.197902637679606 -0.0933623790029296 -0.0272070088400919 0.343134514831267
-0.193712185168067 -0.166494410883 0.0272501544200577 0.35240486648564
0.0993658552384647 -0.000570288363246584 -0.0834455168470972 -0.351870133061444
0.0416826038291706 -0.0459976685657669 0.0230169532442188 -0.321619814056611
-0.00752123829572273 -0.0167669522745014 -0.0642971368192124 -0.266495203313171
0.0224404601552435 0.01448126832649 -0.0177716006953169 -0.134862119615622
0.0325021940741505 -0.0228256312686555 0.0592263102920896 -0.16301537941076
0.00461498055435402 -0.0476643971421232 0.0670939151693699 -0.249746593245133
-0.0261567133154059 -0.0506536289352743 0.0279894029452304 -0.327536626171753
-0.030860298915153 -0.0409300356183145 -0.00678940600396315 -0.357439265190132
-0.0284827149563439 -0.037927405909592 -0.00194185529981871 -0.330283955697757
-0.00703707419820301 -0.0324119254968976 0.0418604639682447 -0.25416627441051
0.0291627854905528 -0.0159917572124195 0.0872933481200959 -0.169872529770388
0.0217282789129508 0.0284534808447576 0.130640878469777 -0.0503484557186684
-0.0574581353706614 0.0142889859462133 0.0875635665403915 0.0465050804677918
-0.013797917991423 -0.0567472949622832 -0.0226251626827949 0.089247048591352
0.0722000572201341 -0.0549403770171528 -0.121533894114642 -0.161781977419223
0.0315447134571471 -0.152264258815221 -0.0903681710225154 -0.304481604317595
-0.0588318710186224 -0.176200453037788 0.0788560839823819 -0.305148833250929
-0.145026203708881 -0.122736729078749 -0.0519060861710294 -0.273860096913823
-0.158089900884795 -0.00161755268936637 -0.0186649061294835 -0.123349364181388
-0.125947385639563 0.0664078181796681 0.0647407691365304 -0.134470541160556
-0.0791188621248567 0.0976325457595531 0.0807427693617904 -0.236021451137407
-0.0480411652462257 0.103062642738129 0.022048082801083 -0.316664432870959
-0.0285448757302748 0.101625041791597 -0.0190024875797264 -0.341371916504416
-0.0294970741690512 0.0802142535038681 -0.0172995755943306 -0.32373469410044
-0.026953786826895 0.0701147976129074 0.0311370099313004 -0.261320392109593
-0.0145978483852493 0.0557706228506631 0.0850509574567699 -0.179421097236357
-0.0287823516308334 0.0475591980180581 0.137918112923601 -0.0494661158004862
-0.0966590164788728 0.00873298776507843 0.087143341044572 0.0442696881356844
-0.0700030844237289 -0.0962472844081314 -0.0135544215950504 0.0802952532018952
0.0104013728443253 -0.143141941840313 -0.126799627494443 -0.141043176604806
-0.0378237816878665 -0.28657134490839 -0.0731636797966903 -0.198140067349204
-0.153715361178598 -0.27974271968374 0.151665684902415 -0.259674821845667
-0.258732568477402 -0.203257103561528 -0.0431619982241707 -0.286960581166348
-0.309598465452318 -0.0147423915061979 -0.0638279874048474 -0.11798811470763
-0.263440939548364 0.145155579722865 0.0191167793069718 -0.0787801234677864
-0.150654760897827 0.226394292138796 0.0588437035314383 -0.170155353658431
-0.063349057985619 0.237400174346797 0.00214582318447655 -0.246300085065062
-0.022592443901395 0.230555300240712 -0.0286965352709607 -0.272599567299052
-0.0247213252052534 0.194706530882194 -0.0247985496256586 -0.279928726798005
-0.0419565368138391 0.182864242909812 0.0270509791356904 -0.253181183141997
-0.0658866663491371 0.150444216820179 0.0911528715164459 -0.189013269670683
-0.108081061726178 0.0863816604834955 0.161042463179971 -0.0488964118755257
-0.164316097472918 0.00358317968419047 0.0950627074353594 0.058874382127189
-0.144227215310586 -0.135193143069838 -0.0182065620420083 0.0920441313471205
-0.0641006605723015 -0.219052064410822 -0.125255562692432 -0.0987902583458106
-0.0988202745591584 -0.3675915529314 -0.0310744538828759 -0.0554829436323199
-0.225194723282053 -0.318952354062723 0.225653781668178 -0.200308571652867
-0.32081591263463 -0.219504519389824 -0.0432244639320004 -0.28994012484776
-0.383588304140631 -0.00510783240536765 -0.132939015510496 -0.106773727635683
-0.331181068441695 0.206353694202417 -0.0548708023513588 -0.00373798285703209
-0.18072041252568 0.312167419874688 0.0119085469261243 -0.0671974603648567
-0.0626923160896865 0.324904239770384 -0.0229825667922422 -0.127910490413853
-0.0125244334882849 0.324138587109043 -0.0324504798880716 -0.160993983695043
-0.0188327052146153 0.296783312793406 -0.0197370048181853 -0.197967655772205
-0.0562479329567539 0.297086477961444 0.0306240297152106 -0.212000949508546
-0.131170061140488 0.258854032263926 0.10087481581936 -0.174098447911482
-0.215066117897782 0.141657476405137 0.187052815319146 -0.0344823068538534
-0.265009000925079 -0.0044029281906112 0.110520299420886 0.0880543913495402
-0.234536987352111 -0.174587163213166 -0.0186146866267924 0.127195588802073
-0.141419938883191 -0.281044804804716 -0.108605177001182 -0.0327613059071767
-0.140689799096579 -0.372740874612093 0.0271828066219226 0.08578648790293
-0.242444010341697 -0.274756769809863 0.272373038092839 -0.15137032617811
-0.296426953723044 -0.169783784410705 -0.0558292311444662 -0.267761493629787
-0.351119571106272 0.013044608267803 -0.192429844924717 -0.0733580158017496
-0.308455324690793 0.223859494583782 -0.118206990464383 0.0759038510804163
-0.163586532740988 0.336053230863891 -0.0345194087181813 0.0491074027113052
-0.0463815352369433 0.351885243585536 -0.0421672951711252 0.0135371420224448
0.000263374735676062 0.369431719021599 -0.0302562341323362 -0.0223455114702764
-0.0158455773017914 0.363455962005458 -0.00966686638483828 -0.0779298990748971
-0.0775567002117798 0.38018612987888 0.0379670959946427 -0.12368434541155
-0.20114272257032 0.339999610656632 0.103097433212347 -0.11056844017731
-0.324665328543902 0.175626988213487 0.197373414426118 0.0101559250155576
-0.358244772823906 -0.0257099744913542 0.122513897096738 0.133220969381086
-0.311618492637795 -0.204565603996372 -0.0102751076659665 0.181860862134608
-0.206412273162952 -0.316226163809673 -0.0732790495890338 0.057567973019096
-0.157135383764466 -0.308045877135524 0.0855702710200927 0.193079173448105
-0.201065560860228 -0.176398174924778 0.266399231411827 -0.123705532511435
-0.196601378768247 -0.0970418997314291 -0.0792500849192835 -0.21570694114097
-0.244516078315514 0.0163947178583703 -0.213661150885063 -0.0251757163971118
-0.227031077928493 0.190736488144963 -0.143350430286557 0.135643081771232
-0.114751108124234 0.293944031207042 -0.0607007322553845 0.145313745311086
-0.0207723441088616 0.320598361000406 -0.046346811392741 0.147236718108867
0.0120486305252885 0.356280898089317 -0.0225291400317805 0.120771320836218
-0.0149539708984433 0.3741449445944 -0.00216117855213218 0.0622862678430687
-0.100636996724692 0.397385579259421 0.0328520191351966 0.000611652865293561
-0.256757994590151 0.345256218260757 0.0844296647769681 -0.00634799339064827
-0.385769534805519 0.151599927631438 0.172247442952991 0.080619654173144
-0.383556410823261 -0.0645372778485204 0.117174668500024 0.183802546067199
-0.330802024801427 -0.212853370648449 0.00138913484947582 0.241708436990689
-0.238661778316636 -0.309410014669432 -0.0292694942821886 0.161766966243279
-0.148174016494144 -0.200358816466477 0.13091603105866 0.248559897976656
-0.127391207442409 -0.0686510075623861 0.214571417342107 -0.111718338956751
-0.0827863911646584 -0.0405629118495276 -0.0965318275485414 -0.149583447524717
-0.133176182942294 0.00213767092705092 -0.196292134615286 0.0157419184350206
-0.139129609372709 0.128598214297629 -0.133893695527031 0.160445870783058
-0.0618204515056502 0.211538398333513 -0.0637907843300138 0.205395633065434
0.0060123912090612 0.246533673095694 -0.0357264745914263 0.252747878740525
0.0232560428942784 0.290458128310666 -0.0103024873617208 0.245195727829753
-0.0124915664740696 0.318324301765135 -0.00430557413314306 0.196784798544628
-0.111303187743768 0.333510880526071 0.00853823671948752 0.12858845798483
-0.259254060952019 0.267253509134575 0.0372816956090915 0.102359481018698
-0.349467019475798 0.0752471255067933 0.109121570827555 0.14526750363731
-0.306345382776174 -0.0916336464716744 0.0919437346681811 0.222320798243949
-0.282117411334747 -0.175421597277595 0.00326526524896827 0.292434881682518
-0.229368372917995 -0.254983397726457 0.0108730478714519 0.262492570447268
-0.117042159008474 -0.0821598624607151 0.157635954733951 0.255539895432915
-0.0535739059081548 0.00954627338242281 0.145774603653949 -0.105107671774912
-0.00284268900023359 -0.0132919627536938 -0.100675198790544 -0.0950449291314719
-0.0593221825104492 -0.0142047444963079 -0.166854223859318 0.0352534201655728
-0.0699819470847708 0.0661050082859612 -0.115491551155904 0.163682062693092
-0.0205949471971395 0.119308349462416 -0.0575846430806721 0.235106981911762
0.0239223974503655 0.148895298665458 -0.0193048674317666 0.31904313834121
0.0301780654810762 0.179113651567419 0.00301067155442857 0.333102941762039
-0.00294403863666393 0.202344885057668 -0.0127624012453805 0.2984529609808
-0.0834755685859729 0.204989375851092 -0.0285902881707605 0.223762825904388
-0.184571690998587 0.143975246833306 -0.022910013108272 0.174314178568497
-0.214396129214816 0.00570668392704203 0.0350690699772098 0.17404910482039
-0.154296242148104 -0.0668366261206076 0.0572072840298445 0.241947057987439
-0.182823929413516 -0.0828443841767142 -0.0111832000949775 0.325175337229026
-0.182398936891117 -0.145691937062606 0.0319797080330248 0.335311475793376
0.091826629117882 -0.00280142189519762 -0.0706122085398954 -0.342571265998854
0.0362347002198074 -0.0405671101952262 0.0220662342661454 -0.314274506857041
-0.00654641346668652 -0.0122415228722245 -0.0603597657012389 -0.251290575155241
0.0241447543596931 0.0121557743544341 -0.014146304939497 -0.12931182545186
0.0299425225709679 -0.0240663915113678 0.0571079237354426 -0.153728775511336
0.00223421781481089 -0.0456250891959698 0.0658992459804733 -0.235998635469849
-0.0273616607446503 -0.0461342236278058 0.0304576599113274 -0.312027011095205
-0.0307636154187797 -0.0361327179383412 -0.00377250242779683 -0.342841431890495
-0.0282589965357229 -0.0330849191219219 -0.0011327755416918 -0.315662235222662
-0.00828114831586504 -0.0295332382630013 0.0402366862769631 -0.241508160547068
0.0255960164690397 -0.0178765466741642 0.0815461163943978 -0.160639620510219
0.0224720713400204 0.0238137266258118 0.12299592729321 -0.0492220536608011
-0.0514820281622311 0.0175039716462883 0.0833395391442571 0.0415263793781559
-0.0155284323948642 -0.0510820519862728 -0.0152318791420822 0.08154438479371
0.0640083071972889 -0.0553447524296484 -0.110913080341967 -0.157187485311887
0.0301880050919989 -0.148205124838872 -0.0780214894864949 -0.296017150695018
-0.0569492909317208 -0.168280221209876 0.0730603852814499 -0.299881425950478
-0.137247354693089 -0.116536608289622 -0.049067390036623 -0.257169641810263
-0.149903846793113 -0.00395613224788281 -0.0139031184629154 -0.11909590727535
-0.123155269269485 0.0606513129730509 0.0629280088325579 -0.128892807346905
-0.0789197940688029 0.0923445544144758 0.0778291214640902 -0.224207619214602
-0.0493167878467235 0.100655679745778 0.0236838154865599 -0.30049944189527
-0.0293603263133716 0.1001993317668 -0.0152870113568817 -0.326106303134273
-0.0303166724506825 0.0790922795960501 -0.0163405119629613 -0.308311401798951
-0.0272632476848862 0.0683318595967424 0.0288882171175381 -0.248779863927019
-0.0160072523908389 0.050488067571113 0.0793349028721242 -0.17034651428193
-0.026679524603404 0.041061511656859 0.130352274679654 -0.0497054596874967
-0.08829968352942 0.00927252074924238 0.082918671980485 0.0390223004687676
-0.0668587495514654 -0.0903254802674494 -0.00858103241046002 0.0726425511085309
0.00767441592197839 -0.140109276664256 -0.117016462322001 -0.136546017382908
-0.0329675309221016 -0.275392804605016 -0.0626730804840032 -0.19395733384606
-0.145230405981106 -0.268371636772905 0.140245125326172 -0.257042774691169
-0.245889715092018 -0.196773890543572 -0.0421884334133636 -0.268550795245127
-0.296057759658639 -0.0178733270764343 -0.0569892762458653 -0.11409564159365
-0.254389755724054 0.135930327283674 0.0199092744981759 -0.0772245207364618
-0.147646370328464 0.214892788496127 0.0545802249814477 -0.1625229893854
-0.0646125037101412 0.227983632711209 0.00240009540691708 -0.231809225347029
-0.0236618863587129 0.221925769161633 -0.02641157201664 -0.259384359152745
-0.0261413414997072 0.189320388352242 -0.0231468797215959 -0.266081822297013
-0.0406221710370245 0.176132924988757 0.0246305265776854 -0.241442410123401
-0.0647104905323412 0.140927414287816 0.0854133221215023 -0.179712795590226
-0.101872666057239 0.078481410362391 0.152393571387438 -0.0499424712157535
-0.154314892932032 0.00146193881542824 0.0907890573605347 0.0527170391113615
-0.13582452402155 -0.129566400287873 -0.0138759564272671 0.0832500932378577
-0.0601982311704423 -0.212291702517553 -0.117321769440653 -0.0961692557795418
-0.0894041027892975 -0.350606984970203 -0.0253764376818134 -0.0565051014447181
-0.209685868923444 -0.306043110714813 0.209620725804779 -0.19869242689494
-0.304740507899665 -0.214289192072619 -0.0426655858653577 -0.27069580405587
-0.368432523667987 -0.0080188366883128 -0.122077809922351 -0.101906770440394
-0.318360301085337 0.194461848713533 -0.0512500389492923 -0.00556693307819881
-0.175695871244812 0.298057654274032 0.00847415866554562 -0.064564026155408
-0.0631967411249356 0.311397413117084 -0.0238702561374119 -0.118899362056805
-0.0136587793545842 0.310340117075038 -0.0309116379702309 -0.151650981761562
-0.0210275985669304 0.285244122333024 -0.0189879340372664 -0.186578278407061
-0.055346164338472 0.284886293073661 0.0277411827800917 -0.202051195366341
-0.126041714804243 0.245006773184908 0.0949829382668139 -0.164451792352754
-0.206443965623294 0.130995843310583 0.177820326874585 -0.0366857503840762
-0.251921408345886 -0.00823336792937561 0.105059683686238 0.0814552923546112
-0.220259769092246 -0.170162442397433 -0.0157472647917699 0.11733048120786
-0.130385378134643 -0.271867155286107 -0.103301438239944 -0.0322036907385566
-0.128888478906266 -0.354333650380467 0.0285478312208183 0.0805170412597959
-0.224509435162778 -0.264682330682737 0.251068116518918 -0.149561343037732
-0.280473071107975 -0.169132817839024 -0.0544108963069594 -0.248876116750799
-0.337767557402785 0.0093050500362722 -0.180418356019403 -0.0703952517081986
-0.296918494592 0.212996903779658 -0.111874807324333 0.0702452027658413
-0.157348682909883 0.320307279689355 -0.0359958241861823 0.0462416265593105
-0.0471889762231735 0.336518753359833 -0.042727005071708 0.0153982101935866
-0.00196501834316772 0.352683927408013 -0.0294473252482384 -0.0186182564200022
-0.0165712948835353 0.348678699062924 -0.0100562818878693 -0.0730322247344351
-0.0761836982878288 0.36423753888053 0.0339632067151501 -0.118153576594907
-0.194733738441455 0.323526701123682 0.0976597940331151 -0.104970959290731
-0.312299763498422 0.165046842875165 0.188081291686405 0.0060584222454232
-0.342785898733601 -0.0319153941695943 0.116280937880046 0.124036478446892
-0.291731448360146 -0.20091911091529 -0.0082791064512155 0.169969434439747
-0.190064090811742 -0.305816456975637 -0.0722281111255822 0.0555066297263787
-0.144241129609944 -0.289754131924359 0.0816515151229715 0.182152188711101
-0.183756108935416 -0.169251944134918 0.24455201454468 -0.12003075793047
-0.184973113112498 -0.0986060687424608 -0.0759112960147555 -0.197996929916857
-0.235434196766847 0.013732983330236 -0.200173922382271 -0.0246675090476598
-0.217900541510071 0.181893875991236 -0.136866780400554 0.12701704978455
-0.109051710992366 0.279172307768431 -0.060886306857873 0.138467167828915
-0.0209590590191342 0.305465968306628 -0.0465287547902154 0.143052133887823
0.0107132826926525 0.339600330663096 -0.0221108518958872 0.116629371572227
-0.0153824656308578 0.358192010561988 -0.00399856907668382 0.0613608032750922
-0.0988712755959487 0.380321925767055 0.0292277441282222 0.000548645268083905
-0.247324260431976 0.331239572440618 0.08006670533608 -0.00496382037563165
-0.372012339739158 0.142405575505499 0.164386162135489 0.0743144367920312
-0.367997571216453 -0.0702324059010092 0.111023501018506 0.172860270783702
-0.311218027306625 -0.209781263321583 0.00212569976030879 0.228570833745232
-0.218199022401036 -0.29977311372508 -0.0328247378325929 0.156497534384514
-0.136087771060829 -0.187511852603922 0.123807607112841 0.235528488046206
-0.1140516796028 -0.0684966772166733 0.195376022064829 -0.106223980381135
-0.0778902678957224 -0.0438154735315191 -0.0922080157518931 -0.135953503447652
-0.129748845375366 0.00255626519727248 -0.183133335633244 0.0152144913160997
-0.131672523575679 0.124089091395097 -0.12779369991537 0.151176036248047
-0.0576186336740201 0.201668079515179 -0.0628826315557893 0.195036679976008
0.0057055876458343 0.232847890728231 -0.0360222623614287 0.241612319767468
0.0220024510815616 0.275397490044622 -0.0115707690211129 0.235699180593718
-0.0127041515626128 0.303925986348387 -0.00618763696620746 0.189797780295025
-0.106934232703349 0.31860297548729 0.00556819002106249 0.122780920482282
-0.248427071640205 0.255111531227119 0.034597277928965 0.0981336637538687
-0.337647070494501 0.0719095078604017 0.104283575567941 0.136553095837833
-0.295309297392577 -0.0961286550068099 0.0859584631718302 0.210001239459556
-0.262656686854726 -0.17389695520279 0.00311151230194334 0.278687686028449
-0.209815841879399 -0.244330715457286 0.00444764866352918 0.254372294787208
-0.10680115174858 -0.075699512703738 0.149126472983751 0.244382008050273
-0.0456439369459485 0.0055621851804731 0.131361761003617 -0.0978140632583875
-0.00327241198661499 -0.0166870849834407 -0.0964440121113141 -0.085313629032471
-0.0585612384411069 -0.0109188762911636 -0.155882021074304 0.0340476727060124
-0.0657668624154092 0.064777644185644 -0.108881608390223 0.153751204494173
-0.0178124292475767 0.113195956082056 -0.0563631141575523 0.223795899936095
0.0242742141992682 0.140157571655139 -0.0194144699788654 0.303843714537934
0.0288201015904451 0.168996527431804 0.00145301409072108 0.319063060208473
-0.00335288279753633 0.191536127265637 -0.0153737074504318 0.286031288898409
-0.0798749007066685 0.196344930640799 -0.03031581449141 0.213786410885276
-0.176592552552597 0.137874518056886 -0.0228684633399499 0.166621732204659
-0.209065405561297 0.0054775134322088 0.0320075326521062 0.164887418502638
-0.148906356959425 -0.0710445977546599 0.0528202493943218 0.228736986073963
-0.168479903048591 -0.0833993796078142 -0.0129534757258067 0.310719262940301
-0.166861570952857 -0.13778634587493 0.0230378740757706 0.325803907671034
0.0882215018859584 0.00875406070179813 -0.0155413011968449 -0.346146368771424
0.0375040823592342 -0.0312877843138207 0.0683180189055281 -0.311888748700892
-0.003676815099982 -0.00853934265976109 -0.022590662947896 -0.253949813938779
0.0241896988384738 0.0143909895993853 0.00527498517588406 -0.12745914343168
0.0331961245704557 -0.0200813535874302 0.0767906071003044 -0.138854616461961
0.00612588333526991 -0.0433849926352384 0.102595428225442 -0.218858141250748
-0.0227393358681495 -0.0485186051607172 0.0772944935006878 -0.299634148647744
-0.0266986883754891 -0.0395867442930708 0.0542586525951422 -0.335266799071533
-0.0258882486467111 -0.0357089708506576 0.0515252563092221 -0.310360482047103
-0.00677530036585939 -0.0306666202773823 0.077724857931265 -0.229368681273047
0.0243628781246792 -0.0174601181064604 0.104625603333871 -0.143171254479714
0.0185812528848524 0.0221594602489303 0.127388606349983 -0.0303590061431447
-0.0480087043667533 0.0118724066393273 0.0757623489600669 0.0522143689109205
-0.00828568664694704 -0.0491317459065303 -0.0220900055859428 0.0757077456262929
0.0640188125900203 -0.0459176964358781 -0.0787647758942614 -0.176999466006578
0.0510698858676925 -0.142531417473877 -0.0176236672903285 -0.299124535618825
-0.0300806680538826 -0.171952321124246 0.121788249736863 -0.290727244853536
-0.114175251613558 -0.132844471527427 -0.00164517356320086 -0.259491050294902
-0.142309580155465 -0.0314056317854345 0.0121740450978025 -0.12046735379423
-0.12922780212675 0.0344454243370875 0.0843862007927479 -0.120434974166048
-0.0965010498379029 0.0763361898904789 0.110835875652745 -0.213013602616924
-0.0694280415912677 0.0912889525736032 0.0688744635824307 -0.291546212738662
-0.0483324574628451 0.0938952943553655 0.0386800289602911 -0.320573175137491
-0.0468602200001613 0.0721267310637597 0.034587979678882 -0.304066177409208
-0.0407445784167908 0.0608897891781372 0.0685393054427787 -0.23811408654791
-0.0264408851744638 0.0416724205147654 0.104635182520071 -0.152730167230816
-0.03181036949373 0.0297375939481659 0.135384343642346 -0.0297763378622891
-0.0810365561851401 -0.00400124324739879 0.0765523815761203 0.0502699477965944
-0.0491154603665803 -0.096958532135718 -0.0163401785382051 0.0685639274859225
0.0266775505010112 -0.136352735984847 -0.0892563733698719 -0.156175484708643
0.00903566316392406 -0.274246285872579 -0.00842360375695675 -0.194289542757482
-0.0967987952057645 -0.284636188454337 0.186064573566614 -0.238916087149037
-0.20639662759568 -0.230944597459725 0.0142579740801614 -0.270754214467751
-0.281819938600984 -0.0699774960751548 -0.02323787214966 -0.124158127232203
-0.269426289453241 0.0843915279328856 0.0402620048319635 -0.0828332892450075
-0.182554840874629 0.183639064184474 0.0764859066595733 -0.163212935544103
-0.104787869782973 0.213626006980244 0.0374427573128761 -0.230261835168251
-0.062605103107968 0.213847880578555 0.0166163044735847 -0.254958817516128
-0.0604450302465999 0.178455860424812 0.0223179687019023 -0.263138298357853
-0.0711533313948265 0.162924618295809 0.0646761622497998 -0.23109735995935
-0.0878309007399795 0.121147951966833 0.11451747545604 -0.160703836111277
-0.112203680512513 0.0523720012404209 0.160169299566018 -0.0274610508687402
-0.144079116216856 -0.025201062569164 0.0814249299281736 0.066048537046709
-0.107285155033744 -0.147756418987393 -0.0253804941535879 0.0806471552177438
-0.0216342170977222 -0.21764106430589 -0.0985620775341031 -0.114342181783786
-0.0337714407981497 -0.354294033565293 0.0142601853013116 -0.053492098842012
-0.151894837722192 -0.330864573689796 0.246709729869956 -0.17349409641609
-0.260057179225667 -0.259022396457585 0.0163583987619688 -0.274126180865
-0.354903601732875 -0.0742255824219899 -0.0860738358886074 -0.12411858256639
-0.341176345264289 0.129712754769416 -0.0371967339126966 -0.0273057278898216
-0.222134543458301 0.259772158742511 0.0141538614144671 -0.0782316666758014
-0.117312760675014 0.296731462859642 -0.00543873817437985 -0.123576422127891
-0.0669727596349037 0.301602766524471 -0.00625221724949317 -0.149795123964896
-0.0698356307983039 0.272945938132366 0.0126767031138618 -0.183871703105157
-0.101253398061366 0.264571684015229 0.0632305612224706 -0.191933110637705
-0.163328912405484 0.211380944206884 0.123552957161714 -0.144492746272541
-0.223335205529796 0.0867529442215618 0.185064659476975 -0.0104914112584177
-0.237675387944904 -0.0539996458999106 0.0919045896004634 0.0978098998519832
-0.180556304726492 -0.203090039368832 -0.0342939109642693 0.116091690757882
-0.0771292662385449 -0.287225284543506 -0.0979142094439039 -0.0464102634330266
-0.0713323059635356 -0.361584197115695 0.0471805790702737 0.0864066212568717
-0.17106699130252 -0.292808280426844 0.279087120390209 -0.117636162379171
-0.24285161663934 -0.211893266502419 -0.0014973491255058 -0.253395000007953
-0.32927961344911 -0.0520233518475677 -0.148012030350862 -0.100093370124203
-0.323106945150362 0.152395976878176 -0.10919799718885 0.0364894632327525
-0.205301330464552 0.283650732465717 -0.0485353648884614 0.0235448178344243
-0.103672840606446 0.322532200552474 -0.0437950024168288 0.00514139109016452
-0.0603584048218217 0.345039958417993 -0.0269371640974861 -0.0202280318881486
-0.0760130372936668 0.334276287805729 0.00372631340083176 -0.0702720350994829
-0.13373216998243 0.338463276867944 0.0565315772577516 -0.108852792596354
-0.240621252229498 0.276792819684119 0.118943993347831 -0.0849697485117278
-0.333376200992296 0.102075293339456 0.190522749255136 0.0347920554672873
-0.323024337692309 -0.0922270928429724 0.0949662826649129 0.144918898989358
-0.241898379205851 -0.246637872486655 -0.0372715741635982 0.172328252889176
-0.12382338575476 -0.330152676310544 -0.0842292229900234 0.0478848075394653
-0.0966562342859807 -0.299627758199399 0.0801573706384634 0.191964105594404
-0.145819622932461 -0.194270462586599 0.263377704012911 -0.088141771486695
-0.160588157465934 -0.130055686034898 -0.036248652783752 -0.204133688815473
-0.232045493952419 -0.0283941830718363 -0.177962543874257 -0.0561266331538582
-0.241210965876025 0.137917044687827 -0.143253116216606 0.0908717064908268
-0.150483903713993 0.252380436199003 -0.0864331321185887 0.113441119629025
-0.0709187450421694 0.29609631216782 -0.0663637128034045 0.129093093969289
-0.0467809966559524 0.333361069696855 -0.0419813321182332 0.113175781036346
-0.0738959827866224 0.342869622685582 -0.0121991200126609 0.0612858527146345
-0.156540576403023 0.351553329115676 0.033399189342094 0.00660789335707231
-0.293174024139829 0.2755179205712 0.0855005755727724 0.0109812706665403
-0.387440780989851 0.0708988084967302 0.156656243436302 0.0992403332017984
-0.342056265485282 -0.134751764785146 0.0806131913407582 0.192078167241354
-0.256609487706272 -0.259615613885319 -0.0383131040368873 0.233007551908899
-0.150708855002553 -0.328459067327982 -0.0637284741575111 0.156238004476114
-0.103066513753467 -0.19786626930713 0.105118740275817 0.246106204049424
-0.0932707896752304 -0.0860597209160194 0.206430149732876 -0.0790776801098043
-0.0660221845039231 -0.0591826345575103 -0.0675152870328661 -0.143046270645423
-0.127706887083811 -0.0192849358893436 -0.171179475677755 -0.0126597962457554
-0.147972531998853 0.0984942734827517 -0.140875150826195 0.119976423494587
-0.0860486167498005 0.184478706671319 -0.0966151480475222 0.172909558002049
-0.0313054638157897 0.229191255071101 -0.0694681864390813 0.228401185916625
-0.0229599488072435 0.271507982317118 -0.050221698949116 0.230863566932398
-0.0607181243977649 0.292225385601214 -0.0364751277173741 0.186699869953182
-0.154674849467443 0.291146445417262 -0.0114675432532091 0.122107004701603
-0.280909390310826 0.205275314536837 0.0228987321337426 0.104488760869412
-0.34349222054911 0.0109429194254912 0.0852110837199533 0.152916520120119
-0.266590358943758 -0.148311659431987 0.0486363219969246 0.223024164437006
-0.214484055605937 -0.215597779795001 -0.0459590744758661 0.281472281215493
-0.150275599952954 -0.271109517199688 -0.0465822454306453 0.259902902963737
-0.0906617509999487 -0.086361061456465 0.120006129853514 0.256711376800851
-0.0400097773513429 -0.00473690678383284 0.136265943414325 -0.0767136829899634
-9.82208196026419E-05 -0.0203423939244399 -0.0814658032906579 -0.0917575648825349
-0.0561884226002898 -0.0195161341787649 -0.150815685063692 0.0132410588761382
-0.0740774598498636 0.0525790027833514 -0.12463806200439 0.130003688442214
-0.0323864177117083 0.105881851720994 -0.09173821004005 0.205582449651798
0.00368048149325987 0.14001566218348 -0.0611051267981707 0.293835875789198
0.00197434567427379 0.169339288820754 -0.0514494635971048 0.312249529177135
-0.0315712775705612 0.18573855874798 -0.0620946960621896 0.27932260993012
-0.10639465353145 0.178405564823306 -0.0637509491392534 0.204361496332987
-0.19098846053992 0.106889351080759 -0.0476658670749347 0.161782578573036
-0.205089182123775 -0.0305250301713809 0.00692398452651399 0.169888613175971
-0.129203925932715 -0.0987170247177901 0.0110252288522921 0.233214766275333
-0.138736922543179 -0.110330423986711 -0.0653518147393636 0.308511123201862
-0.127404549845153 -0.158332368124774 -0.0412035191581569 0.334107717591675
0.0866062100247774 0.00542830595684461 -0.0051854113146783 -0.359414223246254
0.0346106773794749 -0.0291641450497876 0.0694196535596461 -0.325461209325768
-0.00308631917286914 -0.00429334944057649 -0.0207733845253733 -0.257307122896527
0.0264834255288495 0.0138012951991424 0.00864438340540494 -0.130968906309811
0.0333025295886123 -0.0228239568489718 0.0800741121566518 -0.139859500019925
0.00448046807267718 -0.0448950241872365 0.107196596275744 -0.220551486988991
-0.0252440484293514 -0.0475747384280557 0.0842183542968144 -0.305291082757006
-0.0283812163198287 -0.0374134333493302 0.0595836270838056 -0.343829416401839
-0.0275051690002179 -0.0341999021762395 0.0548019984458188 -0.316660980831014
-0.00915409307149533 -0.0298647047853514 0.0799297298668214 -0.234049740814431
0.022268400507426 -0.019976544571922 0.104855094528793 -0.144549528021779
0.0204211658894463 0.0195708118257401 0.128148959740417 -0.0324734440399873
-0.0462304749222119 0.01549240696128 0.0771168540022009 0.0505273424215162
-0.0110398440877167 -0.0474632483378788 -0.0158526707451968 0.073725325191312
0.0607915839896424 -0.0496865719407145 -0.075982445570191 -0.183176132785934
0.0531644626855541 -0.147961554658646 -0.00895004541355741 -0.310294604364358
-0.031668504863845 -0.175219503404374 0.121504747534214 -0.304229424720412
-0.115563372841474 -0.135044726668526 -0.000551844060937522 -0.261681206621401
-0.143966330629636 -0.0354623138415973 0.0159637432791206 -0.12455382556403
-0.133644276884584 0.0322129088437813 0.0878864637785154 -0.122462566250321
-0.102227998358389 0.0764197658513312 0.113424808087586 -0.215040875790225
-0.0742247068211577 0.0956254506755028 0.0733701503613993 -0.295271557055948
-0.0517884058141332 0.0985647750751342 0.042276757071753 -0.327109603953361
-0.050307784705182 0.0765984129534813 0.0372518145615756 -0.310191855048206
-0.0430345761385386 0.0631857549755442 0.0695411151910803 -0.242126515101396
-0.0293434835196878 0.0399981644666766 0.106362427673492 -0.154528324589478
-0.031930283822274 0.0269602670344116 0.137375226037097 -0.0325461424298203
-0.0794344535918964 -0.00381133429986127 0.0778611788170724 0.0486205895702707
-0.0500860804870998 -0.0977533680489565 -0.0113278133179063 0.0664323170203156
0.0257551196356146 -0.141608773101179 -0.0881015093865158 -0.161155168953777
0.0139623790476775 -0.281799318053446 -0.000951570743213721 -0.202934855979785
-0.0953563352701287 -0.292386423229126 0.185679264670619 -0.252042294510306
-0.208752565306405 -0.238881745896604 0.0139158392367288 -0.271185249683642
-0.287930147124727 -0.0759828157159028 -0.0205157099707122 -0.127907472126102
-0.277136082097591 0.0824718587426719 0.0421328255009882 -0.0855603303932854
-0.191211232881886 0.186162697776137 0.0767466890226273 -0.166306567612816
-0.111344916434834 0.220289394316501 0.0392021824925694 -0.231383741535337
-0.0670420359075261 0.221091672285059 0.019246888479402 -0.260675954231039
-0.0655471367279712 0.185346340721788 0.0236906913663531 -0.268202452665063
-0.0743691959972891 0.16684684128191 0.0646865150028234 -0.236146878575339
-0.0913733444322167 0.121641465858684 0.116094189208143 -0.163884378000606
-0.114749521152417 0.0500934107274381 0.162448361475366 -0.0307359298901805
-0.143373824407839 -0.0273929127608636 0.0833378404676218 0.0641891855678455
-0.106724396648607 -0.151963687214443 -0.0220233106865564 0.0778092366807562
-0.0206984567357937 -0.225380798000412 -0.0982787486402122 -0.118125420245787
-0.0277096404331998 -0.361519937147439 0.0192478904226615 -0.0571482711192583
-0.148310070655918 -0.341524159006361 0.244649691745139 -0.182460600459091
-0.261096228984161 -0.270912036512435 0.0158054695014313 -0.273417544790675
-0.363574077383085 -0.0800522710225118 -0.0842769110097313 -0.127478770579852
-0.351531877976223 0.130337481014745 -0.0372653030726 -0.0307791917947209
-0.231134042020791 0.264067921533757 0.0118627148291755 -0.0791518664492237
-0.123385742258255 0.302869447435822 -0.00731284011543735 -0.123273179666296
-0.0724070955156595 0.30933558743757 -0.00583495948366828 -0.15210727243671
-0.0745318197572377 0.280878122107106 0.0133654539766548 -0.186457629153402
-0.105524491801704 0.271909444987389 0.0628800178787506 -0.196654681800182
-0.168689153608692 0.21404880478881 0.125571633250239 -0.147247065104196
-0.22875319477225 0.0853069947614813 0.18882945258132 -0.013353689011425
-0.240888685533366 -0.05956863907879 0.0928881120258423 0.0969990753808128
-0.179882779189845 -0.210920605990007 -0.0337182624244441 0.114646225843906
-0.0729106225029793 -0.297549511026293 -0.100136538164023 -0.0471445718038635
-0.0661091506385079 -0.366034245450041 0.0502325468624487 0.0865221909122297
-0.166014811832316 -0.301784831359379 0.275199416107089 -0.12458331050103
-0.243687318645987 -0.224882701452808 -0.00265746867420791 -0.251695643352512
-0.339294740214329 -0.0572220908740793 -0.146956780201834 -0.102718874729378
-0.331067575070498 0.154669955223866 -0.111565402592259 0.0337789633283856
-0.212413765294379 0.288311102735374 -0.0527148813237222 0.023548466464618
-0.109205672922092 0.329079920300695 -0.047562289624161 0.00822612773451513
-0.0666492858583586 0.35109957772904 -0.0277381982690148 -0.0185893115865181
-0.0807247359496496 0.342453582417932 0.00264626547292894 -0.0702108050180828
-0.138847245853348 0.346374084211464 0.0563412179894892 -0.110982506264661
-0.250011036062099 0.280640083634717 0.120958977680333 -0.0862825624027406
-0.343582165726343 0.101659424893088 0.194649991735808 0.0330419938634499
-0.329558998150134 -0.102638061891173 0.0964485452180882 0.144711664403695
-0.241366874144895 -0.258598206175294 -0.0380510574588138 0.172933924933877
-0.118335367346397 -0.341772420599659 -0.0892688163819309 0.0503923077048946
-0.0906872990610015 -0.301663710408863 0.0810639805949885 0.194242970404995
-0.140212483954094 -0.201134905963753 0.259508642108383 -0.0907238935398169
-0.161956961375818 -0.140147234306185 -0.036387834098745 -0.201118655778068
-0.239360753296859 -0.0314241757680741 -0.178365714611023 -0.0569644031048558
-0.246408288338853 0.141533462015448 -0.146883030422873 0.0895092265801055
-0.154328199802453 0.256293196017539 -0.0920230936692869 0.113549611635374
-0.0747489079102689 0.301307704994238 -0.0708670008654583 0.13354081014933
-0.0503942403749242 0.339585622606048 -0.0439466693910904 0.118576366568296
-0.0783288364279954 0.350167850280778 -0.0147947151036396 0.0645630251043612
-0.164236184489103 0.358775105545984 0.0310101075382613 0.00692804160636497
-0.300381106975169 0.279879595905534 0.0874505128678233 0.0116343312329688
-0.400328258310163 0.0704110434738502 0.159633695536335 0.100057696915614
-0.349281427636283 -0.147609334302762 0.0806474244957092 0.194019630905641
-0.255041025860667 -0.272815092207125 -0.0414457225372344 0.235797345776403
-0.143205718482115 -0.338617614939568 -0.071461806768891 0.162260925326998
-0.0993198836005829 -0.197672162899195 0.105383236116522 0.250628504949885
-0.0881519227133097 -0.0903482913565311 0.2014973679942 -0.0798217122025749
-0.065807307781298 -0.0671426321699484 -0.0682148193837449 -0.138969227100553
-0.132491314778318 -0.0201444554149798 -0.171746650206052 -0.0114770299294428
-0.150551444797983 0.101759923030561 -0.142957328321541 0.120252803562648
-0.0869309680310129 0.187279352694686 -0.100603009155382 0.174843701901235
-0.0324244074770171 0.232993216668395 -0.0734088056019269 0.234178469676357
-0.025581579119527 0.274600510237878 -0.0539227922960105 0.236798249452221
-0.0646648752508463 0.296491552206546 -0.0397285423545723 0.192074605798275
-0.15875232061391 0.296648832694997 -0.0150981642628256 0.124827573837675
-0.289214577051445 0.209499228459277 0.0223975640517658 0.107315745156292
-0.354234762314536 0.00899711525409595 0.0863618696610032 0.15474177352367
-0.273691763340545 -0.162273263249443 0.0464955112079893 0.226640520418815
-0.211464240623646 -0.226763674119865 -0.0494571501646687 0.287366605790298
-0.143637853122366 -0.278506862255956 -0.0561402014817648 0.269763997784919
-0.0879211296115617 -0.0848293173434659 0.119775318194785 0.262340735919826
-0.0355979803575053 -0.00781846526752381 0.13225649454361 -0.0753856569561462
-0.000374592242413267 -0.0262587260155486 -0.0832001858131342 -0.0875950286202602
-0.0588540699797984 -0.0177776853340598 -0.151339155855308 0.0150830156786619
-0.0742550839541992 0.056067757317351 -0.126169256548127 0.131053611717478
-0.0311282918185239 0.106816987577425 -0.0945109060001733 0.209180353944931
0.0050357740658066 0.140490811342375 -0.0644584768837548 0.299830141360026
0.00145330671858807 0.169607942205827 -0.055512319641778 0.320600956941644
-0.0320417021616101 0.187745992814293 -0.0671416833986743 0.285867745674239
-0.10879364907877 0.182252634939136 -0.0689328949766843 0.209388401225802
-0.195746956448545 0.110582870527048 -0.0499611737082754 0.16531697151848
-0.213225424256596 -0.0315660142857003 0.00547478490620266 0.172398638777472
-0.132001313967348 -0.108876283423805 0.00825376256902307 0.235928153303598
-0.134654954500832 -0.117074975202242 -0.0701942284159084 0.317405578013757
-0.121817450555369 -0.159812599747855 -0.0505542630518007 0.347065752903
0.087182465783546 -0.000423365971707581 -0.008288109930077 -0.375747592307569
0.0306363304467511 -0.0280682982625685 0.0589557238067112 -0.344892196614833
-0.00243956221613645 -7.30757150706736E-05 -0.0288391442679132 -0.262456143578621
0.0301386767828942 0.0118625234722118 0.0073426267442948 -0.135671091296139
0.0323304762160857 -0.0267130323969972 0.0792876121417259 -0.145253835285955
0.000583051697844189 -0.0459012296815448 0.104718408438773 -0.227772554202558
-0.029399411172524 -0.0454548255771817 0.0801180457426784 -0.314576541156897
-0.0313076622477701 -0.0349995293809922 0.0524872055801097 -0.357221973058937
-0.0306773331496663 -0.0308072168343988 0.0463855487610865 -0.329190043505218
-0.0125297194137386 -0.0287068867597751 0.0749947378050315 -0.243211634208162
0.0197850517909896 -0.0230266776815108 0.102115300015977 -0.151296007745761
0.0232910096575466 0.0157254968237389 0.129839968681178 -0.0389872779742353
-0.0429325281526728 0.0209847869589899 0.0809767085207095 0.0465545162782432
-0.0153482603914742 -0.0460173867907446 -0.00691205135285272 0.0725065851040125
0.0556098164294222 -0.0554755216105884 -0.0802869531308232 -0.188699864772285
0.0511228549281033 -0.157969964112268 -0.0107029709689038 -0.324683692539652
-0.0389954326065171 -0.179686948881147 0.111739624137001 -0.32470659885312
-0.122566037169255 -0.134032681584888 -0.0084580980876361 -0.265797441169036
-0.147934649044691 -0.033506056914372 0.0153827479022226 -0.12919493687861
-0.138322138526233 0.0346541475555 0.0870208218160506 -0.128931906322367
-0.106494838181494 0.0819557990444977 0.110001268537237 -0.222935486750708
-0.0760066085555385 0.101949229417223 0.0679817891255952 -0.303878581271101
-0.0523307998309798 0.106103697418638 0.0355296472268627 -0.339217683301093
-0.0506919265723447 0.0837538334769353 0.0287824811082078 -0.319859091194663
-0.0440547231854946 0.0679033055622155 0.0625827972371275 -0.250975816956084
-0.0312292924667802 0.0402666843267831 0.10203933369725 -0.16200882861869
-0.0312133122526794 0.0248383102527882 0.139125583618498 -0.0411237834556778
-0.0769447981417453 -0.000394441588055387 0.081550860650035 0.0441272906347261
-0.0551238941564168 -0.0974400345138874 -0.00488623636799395 0.0639919349908105
0.0193154132467067 -0.149811234871891 -0.0926264572805159 -0.165104759112941
0.00907025272755145 -0.29325301187014 -0.000654670106941031 -0.212379477624305
-0.1049923699452 -0.299189356001835 0.17535887967741 -0.273130578450072
-0.221719863174382 -0.241437972124019 0.0049453194632886 -0.274216921131606
-0.298964486508599 -0.0722785738384423 -0.0214188887941682 -0.131293720368686
-0.284645322247071 0.0917709890863451 0.0407742662955737 -0.0909392865524637
-0.195193630600521 0.197101271992962 0.0721201480342103 -0.171499050501422
-0.110193941517059 0.231244489576879 0.0324979899832843 -0.236098630497148
-0.0644615305894321 0.23187508458883 0.0128570568433507 -0.267887183483887
-0.0634243190379963 0.196016641575977 0.0150347503892919 -0.274759790480618
-0.0719385574409804 0.175744315077575 0.0574263449014291 -0.245113207505565
-0.0917807741817875 0.126275497891554 0.112708125309301 -0.171842358886179
-0.115450447359003 0.0518403697988984 0.164818304400713 -0.0398797221208408
-0.144703719077793 -0.0259446422898766 0.088118649983383 0.0601744469000727
-0.112934549755999 -0.153589301765551 -0.0181737057328749 0.076154873542085
-0.0281480719072515 -0.233976181695316 -0.103631325364983 -0.117747387820828
-0.0350214687688686 -0.370612052833367 0.0229510997639998 -0.0616691448070353
-0.158365781649297 -0.348424097483096 0.236786265224148 -0.202538206640945
-0.276812300350115 -0.275564807579324 0.00719408733399337 -0.274500169220556
-0.378272035244027 -0.0744412545995458 -0.0873591491971022 -0.129271309538188
-0.358313353376917 0.144216019783096 -0.0395710140681699 -0.0330818147466092
-0.232917935699351 0.277698531851941 0.00671060364776998 -0.0812212585627794
-0.119709034494183 0.316161912685184 -0.0128437324165379 -0.122545080084639
-0.0667249080104061 0.322313603097165 -0.0099333634811751 -0.154195537063114
-0.0700656190253547 0.292919882081129 0.00707987612153843 -0.189712989384119
-0.100550613112572 0.283821568825474 0.0565061478633893 -0.203624024486251
-0.168546248036845 0.224529732659701 0.123668294372088 -0.156076514789484
-0.234056707402981 0.0921302574335226 0.193335016347842 -0.0233198418043678
-0.248488223930001 -0.0588739638520053 0.0987919951792769 0.093135328436521
-0.188336925962489 -0.214203872772284 -0.0292652476116115 0.115469545975211
-0.0807532461867457 -0.306723586176037 -0.105329192212608 -0.0432738121851987
-0.0733001362951676 -0.371875125719576 0.0570220399582805 0.0860513024273473
-0.174673357043537 -0.307293615009412 0.269006520401571 -0.140462020178397
-0.255393122128954 -0.230035823340942 -0.0121391611418281 -0.25033768900477
-0.352094829592471 -0.0499901877032622 -0.151391176243877 -0.100600597312181
-0.337078530880038 0.169705230043376 -0.113234429397749 0.0358244097954321
-0.21130040258521 0.301899984013336 -0.0568146125308989 0.025400839686399
-0.102872000993356 0.342704244916678 -0.0511891300794704 0.0129824220371375
-0.0586352601894483 0.364241715237937 -0.0296372879407723 -0.0160678540200285
-0.0741386932530799 0.356558710896616 -0.000130947306131561 -0.0704648492510454
-0.131552089700311 0.361720391594576 0.0514942602459078 -0.116905413499504
-0.24925045009805 0.29742139396265 0.121493633165359 -0.0936909142091331
-0.351943724755829 0.114046452532339 0.20071444818387 0.0236373776687031
-0.344136467526825 -0.102305939611279 0.102673555923135 0.142617901803766
-0.252026207360381 -0.264283395146727 -0.0333696229081892 0.176815701594705
-0.125535901791585 -0.351374914678408 -0.0935405480327299 0.0572295259205404
-0.0965262012665216 -0.303399665134672 0.0894800397380488 0.195549123154107
-0.143335235634257 -0.204896110208837 0.253787344280073 -0.103650039979672
-0.16814697895996 -0.146189259397179 -0.0445213746420697 -0.1984761241887
-0.249065218974111 -0.0256135540771531 -0.181188325943005 -0.052067831444509
-0.249551129791198 0.153729263769433 -0.148074092658534 0.094429553567718
-0.150500820507999 0.267859559874501 -0.0925069204705385 0.119405580425365
-0.06721146152209 0.311806525832868 -0.0712404684189063 0.141988129002444
-0.041821772889975 0.350096866987536 -0.0424772149464341 0.124810147786849
-0.0711915646408624 0.362559648330069 -0.0152287007233691 0.0684180423912402
-0.156855683692128 0.375467591928915 0.0298386087533541 0.00561812616700995
-0.3036340928178 0.29851916815163 0.0904669306601249 0.00833488003966156
-0.413247573371498 0.0842131314608303 0.168194674547514 0.0950417290261556
-0.368033886923906 -0.148827541168171 0.0873958579528383 0.195325566080717
-0.265763914043401 -0.279152270846261 -0.035549560027724 0.243666633574117
-0.149831677518307 -0.346920136590898 -0.0732168037311396 0.173198008396581
-0.101956448034489 -0.194963019278718 0.115404879587233 0.252389528425519
-0.0863869540870119 -0.0938104869958636 0.194834779338752 -0.0872995046796236
-0.0697000638631085 -0.0736408422446247 -0.073184719090075 -0.133896505757491
-0.138825755311304 -0.015115223464145 -0.173455991091594 -0.00523454674218397
-0.149929363837227 0.111031367071273 -0.143438649745946 0.127005579871613
-0.0825524423294896 0.194835523021052 -0.10005161312826 0.182040987775906
-0.024919536821843 0.237760670099879 -0.0701190233122018 0.244741524012258
-0.0183786836530066 0.282515667961552 -0.0491340424484742 0.24755994834231
-0.057079201459024 0.306755054400013 -0.0378109060060613 0.200621407525284
-0.153948430340348 0.311424388342932 -0.0147015126246398 0.129130671113709
-0.291927212795838 0.225721307394303 0.0268271958739141 0.108871552885215
-0.368267572712789 0.0211040813933526 0.0941492550159524 0.15580252177801
-0.289228333557412 -0.166193197480082 0.0521839675148441 0.229471347803221
-0.218522348778077 -0.233529325487789 -0.0443191793198684 0.29820353436298
-0.14722224846563 -0.282567701556851 -0.0547169458716786 0.284652134412616
-0.0880684306643023 -0.080031648072815 0.130142615176179 0.264654521973879
-0.0316460298776966 -0.0111041174684822 0.126958515141993 -0.0785498970017874
-0.0027058828956174 -0.0319523789526046 -0.0871590712164045 -0.0822204638931646
-0.0634409953604601 -0.0136118011555184 -0.151816606720991 0.0220496016320987
-0.0727571555667197 0.0619860410390395 -0.124761779826678 0.13687041381167
-0.0261932915631565 0.109909996527609 -0.0907225711775506 0.216596131962572
0.010890379835703 0.141367988528109 -0.0572658111777371 0.31025185714605
0.00701785988251514 0.171276545172237 -0.0479463368608591 0.333894291202071
-0.0271750571289731 0.192531852556631 -0.0628345007742876 0.298005610772368
-0.105097979614861 0.192268248381402 -0.0668800524133437 0.217033780034508
-0.19735607054101 0.120880047629384 -0.0473430025745702 0.171331075974498
-0.224477921533373 -0.0245239760527082 0.0111118293740635 0.177325863370813
-0.141842591827009 -0.116039403672896 0.0134003253050378 0.240782519952999
-0.135687835363515 -0.120194172389698 -0.0641977719603741 0.330284802661507
-0.123563645476081 -0.158637595638074 -0.0472056455347739 0.363554228994795
0.0841032789329725 -0.00906311566992178 -0.0221646400675395 -0.383008847996954
0.0261241370478697 -0.0271256484441509 0.0373740510999232 -0.355188159978249
-0.000647297976369939 0.00414792268513685 -0.0440471958100209 -0.260289922151607
0.0329641229235694 0.00863400221767818 0.00135558732958069 -0.137614300405484
0.0300553605044098 -0.0313687964546844 0.0720338539067961 -0.148861711449791
-0.00385737205705289 -0.0454243072420241 0.0931414297633417 -0.232447272718258
-0.0338992676826264 -0.0412178011705246 0.0668595189322114 -0.319391430850317
-0.0338785193586936 -0.030210641327026 0.0340403176850675 -0.363803480819804
-0.0328381491276197 -0.0263839080798877 0.0287236500527215 -0.333461177004597
-0.0155773283525904 -0.025746275763729 0.0603978553244957 -0.248582336342742
0.0148751257805411 -0.025369045846633 0.091500297960911 -0.156418268840243
0.025129814142468 0.0115035859811431 0.124699980849416 -0.0481886730935287
-0.0372187703631941 0.0264201616226241 0.0842081793577822 0.0389206555790737
-0.0209676530015057 -0.0427549853538208 0.00379342047646898 0.0678099377418883
0.0466177615699656 -0.0615282585837568 -0.0882003942933335 -0.186133996429782
0.0426055987489424 -0.165288523961281 -0.0216083133698261 -0.330087349272989
-0.0504900162692433 -0.17778725481184 0.0878952186604403 -0.339039122100178
-0.128530740109282 -0.126658362217347 -0.0228397499249405 -0.26217574164811
-0.149077685818438 -0.0276734633545284 0.011216228959599 -0.131569951625299
-0.138921558525463 0.039694418959025 0.0805267656053507 -0.134302861916585
-0.105453711340246 0.0881083777577236 0.0986888343847146 -0.227918053101647
-0.0726082877281087 0.10946417957961 0.0540911241103961 -0.306256069602408
-0.0477288161967189 0.112236377774876 0.0178089886823388 -0.34236097980466
-0.0468530902132508 0.0900913961396813 0.0104582022971208 -0.322561754258074
-0.0414315234132139 0.0719829540140646 0.0467199527096326 -0.255153080460183
-0.0307756247420819 0.0410754774030566 0.0917725027752581 -0.167597136968946
-0.0292151469221739 0.0228175995240744 0.134888573597936 -0.0511824191828141
-0.0726019095961517 0.00405038126926583 0.0839978157766574 0.0363953800859681
-0.0610719640185262 -0.0929412946830405 0.00258421600125608 0.0591480214410231
0.00754641310998268 -0.153930332133799 -0.0999797291334871 -0.160908943655095
-0.00361389068429071 -0.296477240808795 -0.00675853803472923 -0.216858940102387
-0.120444596745583 -0.297079817544859 0.152876756954993 -0.289853331350032
-0.23351751308011 -0.231346825505451 -0.0103525604063119 -0.268932262508706
-0.30365700945951 -0.0588636885903385 -0.0256109284241009 -0.131540425866843
-0.283002469583098 0.10504611068229 0.0358603600601788 -0.0940168722365538
-0.188636605608044 0.208536496497969 0.0620179820960622 -0.174892563696898
-0.0999540265967533 0.240074255932371 0.0199742706885298 -0.234668109687368
-0.0534054902113133 0.238904616989555 -0.000313658240499913 -0.26845633642616
-0.0535744535719111 0.203414211329101 -0.00191444896966276 -0.275720036271442
-0.0627047806342995 0.18112523347405 0.0408381783472984 -0.249362970734385
-0.0864401120160841 0.13071234101628 0.101798097813709 -0.179177337087832
-0.113339776569547 0.0557485416303485 0.161328609497662 -0.0534926791645735
-0.143337489668702 -0.020316994138025 0.0913936665521979 0.0518916878794618
-0.121637991044418 -0.148299966792208 -0.0105128340884457 0.0730751275228008
-0.0413700770607495 -0.236885113858937 -0.109131131811843 -0.111146592441475
-0.0490166817081501 -0.371012502258806 0.0230423814682087 -0.0660614943198017
-0.173278445149118 -0.344180774583315 0.21661765774632 -0.221814376377479
-0.291300935994637 -0.266876496617846 -0.009203537211537 -0.269064749497788
-0.385631791531144 -0.0570827637476967 -0.0914973899223524 -0.123513675573341
-0.355199690163411 0.16324623754219 -0.042455273084154 -0.0331700503007881
-0.221061098701762 0.291238442862093 -8.16011390594691E-05 -0.0813669283725967
-0.104791819222281 0.324516781721539 -0.0211050611024804 -0.117413824979769
-0.0510849492608711 0.328428578598702 -0.018549130885298 -0.152938874317325
-0.0564874341169042 0.3011585837396 -0.00411607621810454 -0.189579293276201
-0.0852896128764762 0.290707095313389 0.0422111036774666 -0.207254186397621
-0.157596128290749 0.234138531989456 0.113673043187836 -0.164365450516325
-0.230500664088705 0.103488099579106 0.191008161170937 -0.0385015566223972
-0.251817586560118 -0.0494405531754641 0.103495889278166 0.0858338010284474
-0.199192675090348 -0.208307820249222 -0.0211723446526998 0.114937769312306
-0.0948465080631055 -0.306948556249699 -0.107736006130098 -0.0355799504892675
-0.0862779944072611 -0.366934433833515 0.0633510422637882 0.0811745667070463
-0.185277791624084 -0.301090613688809 0.251434538631102 -0.159268219830947
-0.267985143492783 -0.223707558179293 -0.0263119723827939 -0.243295317573853
-0.358247098227819 -0.0332375884991699 -0.153507017426669 -0.0917385362908132
-0.330649934920937 0.18810322503489 -0.112568375497798 0.0406889145656594
-0.197086051602731 0.314586913527599 -0.0581609110784217 0.0294035864206992
-0.0858326786261735 0.348876696970352 -0.0534720978736958 0.0206159143503064
-0.0397529689303225 0.369507074806363 -0.0311552231756937 -0.0121419082400912
-0.055089875689463 0.362758321828082 -0.00506879614080665 -0.0684963021926343
-0.111991089954762 0.372076294422382 0.0420331256323875 -0.120017637707492
-0.234341488462231 0.311881752222101 0.116043676985849 -0.101906092847339
-0.348692931526491 0.132639083394759 0.202405582690499 0.00890901633888872
-0.351911945318038 -0.0893931182505322 0.10962474793634 0.135243046925853
-0.264177776947679 -0.257735803037529 -0.0243644775616524 0.177611933877581
-0.138758370391807 -0.348938449225838 -0.092682486318495 0.066608587504281
-0.105957522342748 -0.294730854819342 0.101235983596789 0.190179892588486
-0.147618138219202 -0.200500054284707 0.238333974047605 -0.118373244156533
-0.175784969647037 -0.144291793531487 -0.0552513789774085 -0.1887698994797
-0.253488000615154 -0.0127645313225902 -0.180645748402133 -0.0420384315011526
-0.240677668700962 0.168658404893257 -0.143759882424545 0.101011172337576
-0.136181468636889 0.275439917196005 -0.0895641614974414 0.125585632868455
-0.0495151781577809 0.314968280948852 -0.0651669940910897 0.150105039068047
-0.0247270315571614 0.353103859876641 -0.0368500736723198 0.130490885201582
-0.0518669280243828 0.36832006693415 -0.0118421531942701 0.0721127369412375
-0.135735399085747 0.386646277933342 0.0267705283045937 0.00388908931848606
-0.289373864256331 0.316023356976926 0.0906664891485463 0.00273524896089598
-0.412410078616616 0.108205475295703 0.173975232446166 0.0830953080037492
-0.380942707529761 -0.13729140592316 0.0967111854249673 0.189465611298422
-0.276922212636672 -0.273553623615275 -0.0230037101922282 0.247274854922473
-0.161745778519134 -0.343205083998695 -0.0672499109991078 0.184128312808957
-0.106010234429972 -0.185390852223972 0.12861022224391 0.245182992853492
-0.0858870058636071 -0.0924569178825101 0.182210061050168 -0.0961697506138749
-0.0736236179949914 -0.0762760746555173 -0.0807857390091852 -0.123124239121086
-0.141288996096513 -0.00682247714401371 -0.170505934388942 0.00554489269858686
-0.142499752004629 0.120460947280968 -0.136243754745193 0.133225719344728
-0.0698342993448023 0.197778147311355 -0.0917733011299232 0.187614781819515
-0.0108975150976294 0.237777827993088 -0.0579563969332594 0.250226447745589
-0.00421575007211215 0.282749044060625 -0.0356388820351966 0.253736564052237
-0.0411659834186737 0.309460946733524 -0.0285327910184969 0.205704917319204
-0.137039316583571 0.321390251109336 -0.00997686731486769 0.130252636002543
-0.280978376217117 0.244308139545235 0.032727265337162 0.107709304152414
-0.371480923463648 0.0423635841589277 0.102488922135046 0.149549393039162
-0.304313791406901 -0.159761440668062 0.0624200577220954 0.226646727488481
-0.226179623683743 -0.228707138559869 -0.0292463400705926 0.304198002731497
-0.156527368818824 -0.276860331536993 -0.0431017050057944 0.294831522760563
-0.0879859111811053 -0.0718852162939699 0.14241373941258 0.256287393075147
-0.0291103840171439 -0.0128716640165911 0.115808532034582 -0.0822956123933237
-0.00621389774744949 -0.0367460527925538 -0.0912663265770925 -0.0708189697721779
-0.0652789307492578 -0.00791355750974281 -0.147456035183069 0.0317933597868644
-0.0677883903053842 0.0678651270749654 -0.116070606520812 0.14279292766579
-0.0180487462319303 0.109967548130891 -0.079084055613968 0.222210139885665
0.0202191617273326 0.138395171857126 -0.0400509335163792 0.315066809281346
0.0168660847432484 0.168751105304837 -0.0306112743513458 0.339212508145454
-0.0164764744905255 0.192128475034273 -0.0486470172509469 0.303721339755398
-0.093223006174614 0.198225208374628 -0.0584322139151261 0.222046364671826
-0.191456866812341 0.134636345847848 -0.0376461750542449 0.174342815776115
-0.230107667085976 -0.0113985405920258 0.0188611461066008 0.176990655445962
-0.152857212191424 -0.116342973842174 0.0241711287218577 0.239434755878559
-0.136337114263859 -0.117249288591492 -0.0477761521172285 0.338397489614261
-0.125401843378875 -0.15126182487904 -0.0325835966552703 0.374172350339859
0.0769739750591873 -0.0165507411389114 -0.0331082527531803 -0.375437384031162
0.0207724467526601 -0.0250569345276306 0.014968307838605 -0.351287334296016
0.00239400140327198 0.00815878480847023 -0.0545289999730524 -0.247899917589082
0.0346194802420724 0.00543346574550641 -0.00354393449394491 -0.134742912088579
0.026046862953127 -0.0337760526122051 0.0638950027408856 -0.146743981612657
-0.00781541634042049 -0.0436918742136115 0.0814058572197617 -0.226596360817723
-0.0358411213910158 -0.0358388004827771 0.0538367181624394 -0.311902249744097
-0.0350352980910093 -0.0252295048674541 0.0177679945632992 -0.356268571560961
-0.0330657244414036 -0.0205591068735967 0.0122238443086336 -0.324329361155023
-0.0188923426789577 -0.0220332049342722 0.0457473687484308 -0.243030771847018
0.0103301938947069 -0.0265405280524551 0.0801699473364971 -0.154365479591584
0.0253070315065935 0.00661212479869082 0.11636978614972 -0.0543228519300968
-0.0300644372644258 0.0293487911691182 0.0836883824395445 0.0310223573122008
-0.0250508866970508 -0.0371481036921558 0.0121855142418586 0.0587287231359538
0.0363401832334419 -0.0628389182373549 -0.0918166702050517 -0.177921608860505
0.0331231404284896 -0.166625413681234 -0.0295094614319609 -0.324287653477121
-0.0580540600491541 -0.170278498750165 0.0625694931532783 -0.338625715259869
-0.128610498228563 -0.11591668141304 -0.0351079642964287 -0.248568326049336
-0.144082663493886 -0.022142178928853 0.0073500147922934 -0.129706344744978
-0.134901216644617 0.0426522595396789 0.072180465121027 -0.134026719462612
-0.101298873930673 0.0908880791202591 0.0854808524320395 -0.222744272721644
-0.0676032188463966 0.112100008707954 0.0402995578470404 -0.296532869126973
-0.0416454487879358 0.113907782511891 0.0026639908160716 -0.333100769671578
-0.0420808866535691 0.0927428552034152 -0.00560039269432475 -0.311777227813555
-0.0377556061518482 0.0738178045634588 0.0309902265783056 -0.248777608046788
-0.0302026853971236 0.0401430665945967 0.0790075652142368 -0.16595382656793
-0.0266456871227663 0.0200566857728498 0.125503339593388 -0.0586947345159747
-0.0660076273309588 0.00754240261356678 0.0831222543942044 0.0282443734927252
-0.0643518448252395 -0.0853024545303026 0.00910477015762956 0.0521792981488869
-0.00322379249127731 -0.15055172237601 -0.101747410511444 -0.151128934731727
-0.0142143024965316 -0.290901407116126 -0.0117672290721532 -0.21352379692888
-0.128707743827904 -0.283903703563963 0.126835193144557 -0.293839906864485
-0.235823696821538 -0.216077641858064 -0.0232642246509759 -0.255309386264772
-0.297123111576902 -0.0453627194465329 -0.0280693812834225 -0.127292962136372
-0.272542477120031 0.112840963363004 0.0294880095785257 -0.0943858537848548
-0.176256595836643 0.210350180041225 0.0508587956379593 -0.17041331916369
-0.0886075286449166 0.23855408836735 0.00993955997003771 -0.224627168349764
-0.0415449417784336 0.236358810802135 -0.0134673319741777 -0.259909039690089
-0.0437077257122288 0.202427605393436 -0.0150939526432368 -0.264967471274016
-0.0524272973320539 0.178621029406173 0.0250749630699671 -0.241329072797452
-0.0788816793328143 0.129834068640036 0.0882398043784088 -0.178492689286785
-0.106920381645902 0.0559021895792981 0.151302657803483 -0.0624542065681475
-0.137303033618792 -0.0151755991722918 0.0903992763256698 0.0436341874885894
-0.122904119219149 -0.139081094392739 -0.00481205845912988 0.0675128812162464
-0.0514694062318423 -0.229041562342291 -0.109466937838563 -0.102321076333136
-0.0588765044220541 -0.358706404201223 0.02287141886679 -0.0673156174567678
-0.179888455679997 -0.328033748211149 0.189358649231246 -0.22813259948177
-0.292984690508731 -0.249112193091872 -0.0221691064194968 -0.253885121966907
-0.376506213894205 -0.0403196850693949 -0.0911371820440572 -0.116667870345827
-0.338633609905997 0.171959531742394 -0.0429408781246339 -0.0304843966605222
-0.203401788231998 0.291843393521441 -0.0061277203179193 -0.0771155716086103
-0.0885719796684677 0.319656495632944 -0.0264242488634143 -0.108439375652743
-0.035574292561442 0.322804364857501 -0.0252689702690237 -0.145045855605956
-0.0400929376613737 0.296224360621946 -0.0133704860294861 -0.181069065514787
-0.0695470485133004 0.286287172801655 0.0279721078170941 -0.202089752203022
-0.142581596767774 0.233421081490717 0.100825384322801 -0.165334681728131
-0.218015540668727 0.109166683765255 0.180828419736854 -0.0495790140971329
-0.245156077609399 -0.0402905664343689 0.103211792187307 0.075622748713275
-0.2003507408298 -0.196003166726432 -0.0145530477518475 0.109561693978556
-0.103499581740178 -0.295523668643501 -0.105591566719326 -0.0263562485690471
-0.0947071802867872 -0.350095893925353 0.0669604419286334 0.0746468397856152
-0.187242336666309 -0.286379472908482 0.226032741900135 -0.167994571302385
-0.267889471229247 -0.21061489880361 -0.0366572563892588 -0.227376920832794
-0.350572078090623 -0.0180417017549628 -0.149714860338865 -0.0815823614552841
-0.312593589761402 0.197791989315588 -0.107994292342552 0.0421972918214917
-0.17774526881149 0.313062325031791 -0.0580513279654872 0.0319480511882643
-0.0676814958993587 0.341333358107211 -0.0520590846975476 0.0262804789782616
-0.0234509061536049 0.361256179417562 -0.0305667481281831 -0.00793337732644403
-0.0377375366063161 0.35554600626287 -0.00946597203117705 -0.0638084771171239
-0.0907709785630136 0.365162406261292 0.0319214498071677 -0.117334287391671
-0.213422082475112 0.313401691422977 0.105989360295142 -0.105364064977892
-0.332937793881748 0.144195939202772 0.195488079693267 -0.00406606854139952
-0.348373760641817 -0.076433583278981 0.111375128529733 0.124581258882418
-0.264398420301006 -0.24287528074556 -0.0148555465175419 0.172156219014484
-0.14522534433344 -0.334575509660899 -0.0868913385437347 0.0735034046517493
-0.109761788143494 -0.278239070394309 0.107298539261984 0.178315164035621
-0.146034817499019 -0.189944265751145 0.215057453568422 -0.126175289014006
-0.175508839547878 -0.138620668035419 -0.0623060462747626 -0.172564503829191
-0.247180513718292 -0.00129466771549696 -0.173503043471794 -0.031605061797835
-0.224395310283589 0.175425587371512 -0.135208101735468 0.102684912670683
-0.118989366713587 0.272057702921328 -0.0839959942838146 0.126251775179937
-0.0343121741387558 0.305123793203439 -0.0581309529277205 0.152187987176686
-0.00841996905780998 0.342434109047359 -0.0295713786412989 0.130784671454914
-0.0357540884632195 0.35971000653049 -0.00913745689770986 0.0735533778282049
-0.113121061388071 0.380180839867124 0.0231347791544766 0.00310495897912204
-0.265685275349966 0.320934930519143 0.0874270393453345 -0.00334667113997689
-0.39739408902964 0.125283022939821 0.172257823485052 0.0699620541533147
-0.379398061825667 -0.122225936299621 0.100037383272706 0.178059726206575
-0.276579830420295 -0.259740864876097 -0.011567167740292 0.242232013116968
-0.166037775225196 -0.328652252112527 -0.0587291866187041 0.18673633788485
-0.104481564901869 -0.171132639927272 0.135419497387702 0.230027486974196
-0.082478848171428 -0.0881358092527778 0.16341970846465 -0.100373701612382
-0.0759551190931154 -0.0758599078746515 -0.0825936902558803 -0.109820095974743
-0.138005032928315 0.000547691088162768 -0.161008765797928 0.0145956361843335
-0.130480364631565 0.124124825298394 -0.125394655837628 0.133804683130744
-0.0570300235630666 0.193493574789555 -0.0815476228757976 0.185224452819001
-8.8667476825891E-05 0.227774115344761 -0.045229720494338 0.247003838263614
0.00870296640506954 0.272934494000615 -0.0233560113731998 0.250212691067286
-0.0259888954372815 0.300108136934112 -0.0193901360539788 0.20309316272809
-0.116666421285223 0.317504637719713 -0.0067900230349115 0.126961378208878
-0.260875429046965 0.249662032172939 0.036547235753808 0.101754484405001
-0.361955568559408 0.0593968331613134 0.106239873408429 0.13931654262343
-0.30671717352377 -0.147373667119049 0.0686115677864795 0.215564606744439
-0.224941520144304 -0.218550198473145 -0.0146564675198312 0.299287306906459
-0.156143271468995 -0.262218741735621 -0.0320404979938968 0.294314406586099
-0.082231887463107 -0.0611284322240493 0.14797247890727 0.239233185551867
-0.0251604621796621 -0.0144617995367522 0.10133534187541 -0.0811522174334948
-0.0107189338144447 -0.039568155879853 -0.0904543365692075 -0.0593746737175713
-0.0641767437318626 -0.00270176505602866 -0.138439310269382 0.0399116842291464
-0.0596723478332406 0.0710319433376896 -0.104417567640778 0.143491776768423
-0.0108726413840582 0.105735102655677 -0.0669963616915361 0.216661570106492
0.0265821541718101 0.128239613955278 -0.0238401812871347 0.306844443694218
0.0241140059370525 0.159792148110255 -0.0142439778347301 0.332249100321064
-0.00709117150076296 0.184707741266798 -0.0355784302527557 0.298306100812097
-0.0798072995986682 0.19598475591288 -0.0485229479480781 0.218684640117645
-0.178924489763657 0.140331673506932 -0.0285855384427301 0.170904955548503
-0.226909792061176 0.00147497835678248 0.0264156173061604 0.171073817062163
-0.158288190894605 -0.111950079177392 0.0320086306992171 0.229965467767614
-0.1309583524784 -0.11251108516588 -0.0312267007170703 0.334712308436679
-0.12139224324621 -0.140216801689494 -0.018165631093479 0.370561944453752
0.069760407461309 -0.00927969160736192 0.0200303738695414 -0.355126253431155
0.0196628802731482 -0.0184720811667174 0.0505181020307164 -0.335451494819298
0.00330073952358859 0.011606473745884 -0.0235142398356693 -0.235797356079171
0.0346806397769843 0.00894613595798875 0.0142714204448183 -0.12394806299466
0.028148256648408 -0.0299573178667301 0.0790108157191273 -0.126723256235445
-0.00317132821838027 -0.0394733515463497 0.106311461943944 -0.202089397337371
-0.0322468658059054 -0.0355139905110938 0.0898310388691876 -0.287693396910415
-0.0324174449889958 -0.0263771172110383 0.0609038096727901 -0.337644036916229
-0.0313551008055986 -0.0204189526404167 0.0508125199937183 -0.309071042960763
-0.0168664000196836 -0.0206071805856556 0.0718148952203559 -0.226015504874567
0.00945393351948061 -0.0244850403190377 0.0941814533218585 -0.13653282150649
0.0231717042983904 0.00640272017608914 0.11589043853734 -0.0404096047311983
-0.0281159765765403 0.025746749408999 0.0783559902008966 0.0362039606458385
-0.0226827516114434 -0.0360715210946631 0.0121571202539907 0.0541664156265847
0.0375520096959015 -0.0564594747786428 -0.065403109140348 -0.181947621670533
0.0512610658614277 -0.154029797992446 0.0253106420456803 -0.312982574400867
-0.0311757722414754 -0.165300634606437 0.0978792912169599 -0.323945776940646
-0.101368722807057 -0.123554316513573 3.13986469681588E-05 -0.243315828143594
-0.129301327582782 -0.0438773126534669 0.0259323748415558 -0.125594450471222
-0.135120202151493 0.0172439170653777 0.0838416897357819 -0.122193524347255
-0.110149221457567 0.0735431499057875 0.101537852013823 -0.201173362430615
-0.0818422220702371 0.100236734892842 0.0742307686463253 -0.275092710559617
-0.0564279553648272 0.105888126829558 0.0456925541772146 -0.315726454538338
-0.0543081305028835 0.0871313140082105 0.0339199917855999 -0.298884904902295
-0.0472602694947196 0.0669940796011759 0.0593527777145112 -0.235325622824607
-0.0369412797848044 0.0335846658514758 0.0962812887801654 -0.15061196438561
-0.029495441239523 0.012627324233474 0.126780100634913 -0.044459499924599
-0.0600941957287573 -0.00193261457432283 0.0791638781645558 0.0352003317348555
-0.0524973803681288 -0.0878359481657154 0.010214813125005 0.0505292017541298
0.0116406474514167 -0.146142658495373 -0.0760894264124446 -0.15308158491297
0.0261111591465877 -0.274877564620302 0.036002684941453 -0.211731143823209
-0.0790491472799067 -0.282350390956914 0.152503379640273 -0.280499815796171
-0.187329184876602 -0.234920196064968 0.0130019840002509 -0.254337414900629
-0.269364523672158 -0.0888118231321936 -0.00460275559852381 -0.132932201409099
-0.274803259924069 0.0623685412148589 0.0393056269582081 -0.0978581864435606
-0.197417299432291 0.174690663571303 0.0562277588458833 -0.157646460647102
-0.117716949022039 0.21794559137103 0.035209701979417 -0.210813685758204
-0.0721917693348832 0.223180951180805 0.0214065025454167 -0.245786093191432
-0.0696142602476899 0.191000115552923 0.0205558821559954 -0.255701082288094
-0.0745212834114454 0.164056785337723 0.0544599993657571 -0.231040461576837
-0.0943602877239167 0.112963104870083 0.108852404076673 -0.164936329338508
-0.11197337284111 0.0366423333499406 0.154973599187584 -0.0467367391797307
-0.127047674182239 -0.0341732108959992 0.0863499797864653 0.0524990653406956
-0.100664352497132 -0.147375788152158 -0.00381470549914317 0.0664514807343934
-0.0212856487390878 -0.227614283341522 -0.086220035797542 -0.103353406601461
-0.00603012115394006 -0.340291397657049 0.0544163139433314 -0.074821659918685
-0.117584377773467 -0.330158540241075 0.203700244733079 -0.215866124540742
-0.236020088510214 -0.276091216210927 0.0144100397582275 -0.254673447472783
-0.346065346316322 -0.0967716704712037 -0.0638501728543507 -0.13296516835398
-0.346517674606766 0.107762460952537 -0.0368315685393196 -0.0515867351300233
-0.233730385868225 0.24623645594851 -0.0120261551388142 -0.0781925148581056
-0.126668077915779 0.293948135254001 -0.014356145006961 -0.105619012283024
-0.0766640393335508 0.306313856648391 -0.00300498634047368 -0.136721966523794
-0.0795256056636416 0.279686019677185 0.0128430479085228 -0.176664856755809
-0.103334131138465 0.263297816358359 0.0545309554939795 -0.195763585247127
-0.168058792107592 0.20420588820009 0.123459937945975 -0.153792245314208
-0.226431310702299 0.0740347446094143 0.186172299587707 -0.0335068427904833
-0.229708759306055 -0.0736627516609726 0.0972561744964127 0.0870023827849359
-0.166168635565321 -0.214046300972727 -0.0161117934316813 0.109283585913267
-0.0607829495403028 -0.298987265912687 -0.0889994467628078 -0.0268448808297152
-0.0363697315497099 -0.33490060316641 0.0760597810540539 0.060757443867348
-0.12805600621876 -0.292370069112252 0.228682082737191 -0.151175699564502
-0.21884954114967 -0.237994762006157 -0.00364502442787438 -0.22892013794891
-0.325594976713354 -0.0720506338894832 -0.122790907534646 -0.106721463677935
-0.323700486100767 0.13630796080471 -0.107755567699048 0.00989139689324885
-0.209869093833124 0.268145738599743 -0.0752327840735469 0.0196221877333879
-0.108402161815681 0.315652036976963 -0.0547632088559878 0.0181326365565165
-0.0698478500624241 0.34361811602918 -0.0260221473951624 -0.0072077656820828
-0.0843089311158931 0.335562220395915 0.0031105041896129 -0.0633959481392719
-0.134633936110965 0.334506135350911 0.0500723233764768 -0.116041795325437
-0.246134453490585 0.271236196633604 0.125291126190422 -0.0984099515136964
-0.342226403048848 0.0932436397014354 0.198343475838402 0.0115220341995801
-0.326325372917837 -0.12245863384724 0.101271743202856 0.13816661828455
-0.22066859050132 -0.270806169851844 -0.0210633639835182 0.174371367267049
-0.0953297341463435 -0.343477047681017 -0.0816067761178324 0.0742852583882317
-0.0599846238402619 -0.26786949314423 0.0952784074422681 0.163005361358086
-0.103069149977857 -0.197624357703159 0.211509907740906 -0.106593221546402
-0.142943733607956 -0.158631397774329 -0.0349336376844466 -0.175097245256826
-0.231653786319665 -0.0404380608600793 -0.152176367932105 -0.0582465618617797
-0.236991490146925 0.129768865639863 -0.14032439543728 0.066226990500156
-0.148174809977297 0.235793569029002 -0.107005366587435 0.106246550319913
-0.0709198478333601 0.283638395100255 -0.0751734882843227 0.135320976930457
-0.0527832924080897 0.326894010236523 -0.0420838299518567 0.12403503194367
-0.0794593462471758 0.338044519516131 -0.0147289963587615 0.067123273395193
-0.157066004679718 0.345337936408871 0.0279700734954997 -0.00213745769112128
-0.296379934955028 0.270755524364012 0.0971354560674721 -0.00228692121357981
-0.400745811952452 0.0674262851603547 0.169061769455351 0.0813942116175319
-0.352436295421352 -0.171509605013398 0.0844917841022951 0.191657988080874
-0.228569276616459 -0.289164506168608 -0.0266914886736439 0.244666230381092
-0.112267205751279 -0.339173229522579 -0.0692596097942396 0.189585129834546
-0.068754494417595 -0.167357248456033 0.106951041906399 0.217311668694214
-0.0587796034120682 -0.0946743782654288 0.158058107068834 -0.0812491807101148
-0.059759444034171 -0.0863282329527639 -0.0618782409660221 -0.111338689052121
-0.130114062086124 -0.0200456812232895 -0.146214417067078 -0.00879739585423993
-0.139496554524714 0.0972125394055466 -0.134469112110373 0.10107028933442
-0.0794823728887802 0.17025708697023 -0.108507133338795 0.163297571519071
-0.0267203667144271 0.213404978885538 -0.0736512123888057 0.226699528466495
-0.0262872416303013 0.260509417398925 -0.0515145340713932 0.237124926697417
-0.0634525273680388 0.28131126509855 -0.0410407612420258 0.190176774681914
-0.151247776026463 0.284917803013936 -0.0162006743714831 0.114621423681389
-0.281606717890984 0.205041132394412 0.0349477331787156 0.0957007564375146
-0.358143450434718 0.00814829313947005 0.0968663122566437 0.143772401343076
-0.278926521389002 -0.188135650919191 0.045345393969406 0.22496414297333
-0.181411735512403 -0.243854494774349 -0.0396728118738928 0.299197237540334
-0.110031069035808 -0.273590287835155 -0.0596346274249292 0.295743056446779
-0.0633904808124895 -0.0630732211750974 0.111498850793137 0.231457599929936
-0.0170547436849227 -0.0201843494075004 0.0986270248539584 -0.0645830022527674
-0.00584001543575418 -0.0420853690279664 -0.0746338167776441 -0.0621118819179096
-0.0604613301669418 -0.0101874599636947 -0.129145327356804 0.01999156969514
-0.0649891016328375 0.0588396183202813 -0.114540380707022 0.116483844751367
-0.0230961620073944 0.0940217631858405 -0.0929625349843558 0.195325219215853
0.0112626385209204 0.122038344666045 -0.0591312201137309 0.285855706053263
0.00360373010864748 0.154596060267224 -0.0531178939985248 0.31498741322613
-0.0290342487909238 0.173195116761603 -0.0690351548075506 0.280583179799144
-0.098728655680375 0.174686034751702 -0.0697070979770476 0.199636849944917
-0.187539024627897 0.111493902892872 -0.0403721565868798 0.157431050558366
-0.219778944180846 -0.0281663625383246 0.0117107760714234 0.167267370423934
-0.139810329855971 -0.134739658485509 0.00339778645190713 0.230502737345819
-0.104065806147959 -0.129512038277091 -0.0634601973418965 0.326939567522324
-0.0923668682846597 -0.150487465578402 -0.0600549662888778 0.366824196346002
0.0647024316304752 -0.0111519862866385 0.0344188617083451 -0.352240533353597
0.016587981679779 -0.0153242555964854 0.0527051960928707 -0.330913632656871
0.00482308290436099 0.0144148240039853 -0.0177810971544368 -0.229558348490457
0.0362779458387432 0.00812882844947936 0.0177704830137622 -0.122328049833517
0.0267611192848525 -0.0307795186992534 0.0807113280981511 -0.121425158671371
-0.00405277921692227 -0.0380353472361409 0.110566959141227 -0.193108504279804
-0.0323611318453343 -0.0327470519266125 0.0974745063135108 -0.277714819983583
-0.0315623369213608 -0.0240074845493421 0.0668319791750309 -0.330536242898585
-0.0302492463062274 -0.0179171632051989 0.0564438114316331 -0.301873935948147
-0.0175240286984288 -0.018851639638236 0.0729256370240205 -0.21945333301961
0.00683063292657436 -0.0251471738871763 0.0936982468612104 -0.131622335746482
0.0231909632646158 0.00391662933953001 0.11130210836242 -0.0395753909638698
-0.0242159809654348 0.0267567054736709 0.0755370090194435 0.0338329171158315
-0.024311678201245 -0.0325485444311696 0.0161134962665326 0.0476444510989818
0.0323434730013831 -0.0562068267165819 -0.0580062104313826 -0.179397809597433
0.0525613143192852 -0.153566228836592 0.0381837563871162 -0.308774053649808
-0.0281490408231843 -0.1630273316313 0.0965479429385865 -0.320763612584127
-0.0952538218291286 -0.122571157133017 0.00453693848037033 -0.234434360004494
-0.123720575299397 -0.0478012133308425 0.030167006094092 -0.123521676483476
-0.13505684259626 0.01114923388124 0.0843342598018359 -0.117516371402478
-0.112653457187689 0.0699167487182278 0.104066395926221 -0.192422091482893
-0.0845224047538973 0.0993980401592751 0.0807665429463299 -0.264942385306249
-0.0584985251189027 0.104792004740552 0.0511187430383145 -0.308713480993987
-0.0557164038579539 0.0869727474080725 0.0390132062778999 -0.290551482648021
-0.0486965255106205 0.0656296407090569 0.0595983693733519 -0.228079460739078
-0.0390905643694223 0.0312952863077631 0.0954640730010559 -0.145676484896768
-0.0282572531851315 0.00821293305978641 0.122519880028872 -0.0436957110977416
-0.0547056489839933 -0.00324469751283328 0.0763852214066141 0.0331584730512628
-0.0507345512171709 -0.0844335770873491 0.0122284017479272 0.0443810516173228
0.0118961684407826 -0.143201168490192 -0.0680160317882849 -0.150736496283752
0.0336493447305268 -0.270797418481027 0.045663633053777 -0.208115308910138
-0.0696171437569015 -0.279576247723958 0.148081573515986 -0.276183145444614
-0.176631525894747 -0.236369174879946 0.0179840825627922 -0.243977792509305
-0.262150361748068 -0.0965090483604534 0.00119122897904915 -0.130977821014648
-0.273006259030041 0.053045165533335 0.0402565571022915 -0.0956557961669856
-0.200199192675708 0.167598063865245 0.0572531252497759 -0.151829036338325
-0.123055937891599 0.213129866050087 0.0403457055002098 -0.202507994297677
-0.0763096787189732 0.218680272472863 0.0267986989930778 -0.238747477523591
-0.0728796555185409 0.188024672061775 0.0247027057474333 -0.247582286635701
-0.0771602998606656 0.160154057070631 0.0550964106615604 -0.223357953965727
-0.0952864931752204 0.107709402917378 0.107541051041082 -0.159827910249687
-0.109759711667497 0.0303272436651732 0.149929264223947 -0.0459744450926584
-0.121165492197072 -0.0387056604364993 0.0837527730356311 0.050553822056696
-0.0946383250909886 -0.146223194097478 -0.00274031040754723 0.0618263801377646
-0.0167817360050228 -0.22388979926221 -0.0788169817703534 -0.10119400065985
0.00624252977277952 -0.334002378677562 0.0593424397636425 -0.072968113469173
-0.103131537086447 -0.327749740772494 0.195919836635957 -0.210317237985417
-0.222773241781433 -0.279449299389205 0.0180687879325097 -0.243947167516945
-0.337327175905685 -0.105318603632286 -0.0567859538192474 -0.131810508491249
-0.342541983505354 0.0979621294433958 -0.036074346914604 -0.0524518784508787
-0.236359800116811 0.236199726045261 -0.0129281930939225 -0.0750248204590682
-0.133067724477865 0.287038734028494 -0.0112146843197444 -0.0997904219346529
-0.0826484794999288 0.299612588706835 -9.80323506726189E-05 -0.132121479254364
-0.0841338631983837 0.27423911626301 0.0159788404182831 -0.169855466880985
-0.107229114041148 0.255381037427613 0.0537826992040607 -0.189105200887789
-0.168449794788458 0.195515156679888 0.122153516074164 -0.150768042980427
-0.222994870886426 0.0648575101483666 0.180932487294867 -0.0322082796838942
-0.223736505838605 -0.0804102933975643 0.0935868178693439 0.0856889219139387
-0.156906437194656 -0.215410086337091 -0.0160698177507355 0.104555281371903
-0.0503491576992471 -0.29613143268373 -0.0847010472255826 -0.0245241600732539
-0.0228229152396603 -0.326654997361131 0.0756019562608074 0.0607755668479595
-0.113046685161394 -0.291114920669976 0.217880367906337 -0.146101443160405
-0.207203669686877 -0.243756570421207 0.000402001190907894 -0.217561523858236
-0.318216163770983 -0.0802039483815235 -0.114611336392674 -0.1064977288493
-0.32162664178868 0.125870263879357 -0.106157567215595 0.00650995674499023
-0.213667983062814 0.257928262104685 -0.0770448248756118 0.0190535962130353
-0.115219726747936 0.307008715989821 -0.0550911835809191 0.0205334886283051
-0.0768480443035245 0.335040895262631 -0.0250132625912754 -0.00539041087027925
-0.0904402785362485 0.326530610509814 0.00460392255915712 -0.0601274198075442
-0.139377033187414 0.324171162481036 0.0480814220409064 -0.11156324858114
-0.244952773744015 0.259757838116828 0.122183291347113 -0.0962277331226535
-0.337639992048992 0.0822898773588857 0.193043479723659 0.0120176320382678
-0.319327554193687 -0.131804606386885 0.0960451468332529 0.137460371603554
-0.206911629612277 -0.274752019994331 -0.0233007919385902 0.170524366937298
-0.0799091939324852 -0.340211145690023 -0.0813214294961815 0.0762873325029544
-0.0464877076685653 -0.260678642992504 0.090310213796299 0.16097747945451
-0.090351150304246 -0.197164042922806 0.199604232239979 -0.101091918578768
-0.135067071733871 -0.16436218835539 -0.0310517529329765 -0.164892123454193
-0.227104823909015 -0.0459662697345185 -0.142889105709952 -0.0592040287796773
-0.234553012894743 0.122040505762858 -0.138509183555952 0.0616079161846591
-0.14985270103386 0.227114855727382 -0.110752060650583 0.101943293404095
-0.0760876251125906 0.274728316576523 -0.0779781752032983 0.134067405707916
-0.0591658617154338 0.31896290326393 -0.0441771408754629 0.122879346169452
-0.0876236310862563 0.32781661687937 -0.0161607230120964 0.0675867852903719
-0.161533248457914 0.334215212893558 0.0243687008387683 -0.00155202323690773
-0.295817399243372 0.260205386880493 0.09389573360123 -0.00298350227004614
-0.394361640242271 0.0575279064901521 0.163277264073879 0.0808010547391723
-0.345038378879838 -0.181951995201041 0.0774935970072231 0.189704329623345
-0.213233739253356 -0.295179356113887 -0.0302192629009004 0.240613128922764
-0.0957171821708102 -0.336167039516864 -0.0737867953657861 0.18966835219614
-0.0577274538788781 -0.160847094810206 0.0991632207707921 0.212541961371002
-0.049285049869705 -0.0959742966472178 0.148014154818426 -0.0757494650041348
-0.0563624989109514 -0.0911798859322183 -0.05807053349677 -0.104189938957487
-0.127277647199234 -0.0222982967442932 -0.139629777798279 -0.010911399179086
-0.137425494477556 0.0935761724635064 -0.133640988639067 0.095581580312961
-0.0807191905558022 0.163226773474341 -0.111624889428322 0.157983792647722
-0.0312175212518974 0.205225212875879 -0.0780001742581788 0.221735122149943
-0.0321612872336709 0.253374031606447 -0.0554582274875983 0.232075365587597
-0.0691858992234878 0.272749562655396 -0.0446701506966724 0.187176521257344
-0.152884487294226 0.274780041994421 -0.0207837858145357 0.111612773506639
-0.278995384798042 0.194510485837342 0.0309679757101362 0.0922500048693191
-0.351948913371314 0.00094879293721431 0.0914365396513903 0.141245188885473
-0.273454872730009 -0.197172120956212 0.0378217931428423 0.221859905375085
-0.16661045321964 -0.2498216656683 -0.0453666330522469 0.295587701604681
-0.0944599035945374 -0.270444886151292 -0.0681287807882364 0.29302913367733
-0.0547090161607181 -0.0599745483302616 0.101545545453157 0.226798321128523
-0.012197988005943 -0.0227836550957862 0.0906901915381487 -0.0589476227678049
-0.00612080166650167 -0.0450642100347529 -0.0715556668997202 -0.057944757469765
-0.0595736720009806 -0.00926741646804121 -0.12308875622553 0.0194042555776448
-0.06229437469024 0.0573459219857345 -0.113120852631914 0.110979139196298
-0.0224549807566229 0.0896248790254664 -0.0959372691915479 0.187763046840434
0.00909925628382431 0.115504350077292 -0.0637600834173433 0.278115480009645
-0.000352881548250916 0.148311131047139 -0.0590266571285823 0.3081886178404
-0.0319196636809135 0.167367355800568 -0.0742767648374664 0.274740837792263
-0.0991581957728153 0.167636823360575 -0.074328934996903 0.193057434242052
-0.184158205272329 0.106552317444311 -0.0429725489542871 0.151518095940737
-0.217347793072553 -0.0312360009817719 0.00595545336141535 0.164463847975921
-0.136761330782566 -0.141630004971965 -0.00416790117613471 0.224846718740009
-0.0929254226284876 -0.134592145217647 -0.0696530613312328 0.322091657821035
-0.080344793953047 -0.147159411137768 -0.0698387542253639 0.362735735613054
0.0615706442633487 -0.0127337111987507 0.051817300108788 -0.362832774210105
0.0138067628975756 -0.0127127886747343 0.0592790288200256 -0.339187941663088
0.006366644791349 0.017425889547972 -0.0120872253772092 -0.231855572088354
0.0389462923117938 0.00736930338329655 0.0235259678094781 -0.125123602188737
0.0261401678836026 -0.0322049663744328 0.0860982762728867 -0.120316067917026
-0.00503660941385034 -0.0385904379498847 0.119709350144216 -0.19056950251159
-0.0334830011862373 -0.0314643707973203 0.111010847961081 -0.278842310199081
-0.0320654907630605 -0.0231095432936211 0.0790252282439454 -0.336268821582412
-0.0302460937877177 -0.0166451233345153 0.065816303615732 -0.305547404672695
-0.0186814620497951 -0.0179847805752843 0.07848339166907 -0.220042320995718
0.0050202234103765 -0.0261472137505243 0.0973082259009363 -0.130774842693616
0.0235959925705456 0.00124726691723283 0.111530910591681 -0.0387461780535608
-0.020874351962005 0.0279323058486307 0.0763928501163239 0.0339877441045463
-0.0268156542366212 -0.0305634691455737 0.0206253580329914 0.0433614431827706
0.0291347785256593 -0.0574451601990051 -0.0506356067210188 -0.184209398347346
0.0570949081085753 -0.158612807413927 0.0552298494735623 -0.317064590391529
-0.0249441282663217 -0.166780160397345 0.102230260385028 -0.329289410096642
-0.0916417400710563 -0.127871544541067 0.0112201952581699 -0.235485677482224
-0.122442554294041 -0.0547600492932637 0.0372900745940458 -0.125974250878622
-0.139771715503798 0.00618585353211838 0.0899406770029663 -0.11662511986628
-0.119280565012351 0.0679904348804046 0.111648118781042 -0.190886240655644
-0.091926915499175 0.100675442681802 0.0931153073110616 -0.264743060679269
-0.0643137117049098 0.108294415054191 0.061190661761371 -0.312698355685008
-0.0593800012590208 0.0896463256467947 0.0486121991902761 -0.294151541020215
-0.0524861002695645 0.0666445092829037 0.065661885451593 -0.228415192366984
-0.0417791306474046 0.0290243083856049 0.0994255599990052 -0.145566505042457
-0.0290298000742841 0.00375592609084905 0.12336771952283 -0.0433142152672704
-0.0521080367998515 -0.00491261640324138 0.0769673973831405 0.0327671608211693
-0.0498982933335814 -0.0854773439265631 0.0152798468285281 0.0410253733129549
0.0140382670956621 -0.14695636740886 -0.0616561372670479 -0.153751529528327
0.04432928668156 -0.277301650585943 0.059539637025812 -0.21327346063389
-0.0600960625392385 -0.28900334010729 0.15190132511681 -0.281960204870644
-0.171957013202883 -0.248089083043869 0.0252799358832202 -0.243205814746483
-0.262964784572347 -0.108288581655015 0.00831431659631917 -0.134106432133514
-0.281728205609024 0.0442508153256143 0.0436397822855661 -0.0956018865294639
-0.211902702343804 0.164124701112938 0.0620049722733176 -0.150559263846073
-0.134002218958163 0.214940895114298 0.0477322484678809 -0.20090144619999
-0.0856202988923692 0.223317123904633 0.0342345007240943 -0.241728033991481
-0.081153497557639 0.191941837663557 0.0328339575814114 -0.249680634246408
-0.0842638020243534 0.160670659908801 0.0595295786381887 -0.224659749257065
-0.100984140495886 0.105766298618654 0.11206644455304 -0.160751775534099
-0.111598491373178 0.0248545161814447 0.151897430252351 -0.0458011288658197
-0.120398762286904 -0.044684838188195 0.0836360989388694 0.0514693430613187
-0.0913539258397215 -0.150826645767602 -0.00134024249066708 0.059039416310443
-0.0101723248763632 -0.230050697511605 -0.0738263716207145 -0.102633426621763
0.020624743389328 -0.339541339771733 0.0673721131797979 -0.0740586264835501
-0.0914404569009357 -0.338987813776749 0.196443034655364 -0.212333519953004
-0.216994512299514 -0.296690197120018 0.0242815654672138 -0.241094770301377
-0.340023025611183 -0.119931245471351 -0.0503841355126289 -0.136019099550896
-0.354276078938578 0.0879779402018531 -0.0355895250815226 -0.0553394854634598
-0.2501146316726 0.232806763805282 -0.0131849961918847 -0.0747605257759164
-0.146822204949117 0.288715773745135 -0.00937580646877238 -0.09759535861573
-0.0950676845807969 0.304005169448066 0.00377127066836509 -0.132591921464737
-0.0951624584389962 0.277878893893633 0.0208811015872026 -0.170304104249819
-0.117208708454501 0.255924475673631 0.0566590672719328 -0.188727419815217
-0.177284656926587 0.193331884661057 0.125660159578545 -0.150940821738476
-0.228429842061479 0.0566948300294467 0.183060721008745 -0.0304333903708034
-0.224659920103229 -0.0921803998821003 0.0934593331673094 0.0885017306420773
-0.150969463688383 -0.22643666159914 -0.0168878145793933 0.104486132599293
-0.039109817417857 -0.30425474879643 -0.0828739264318108 -0.0241821042776549
-0.00762788610584959 -0.332208409229661 0.0783505216606324 0.0631213380028598
-0.100044961107718 -0.300902233584589 0.216292729633439 -0.144835016797762
-0.202055027659954 -0.260005303918101 0.00577598196945752 -0.214762439540923
-0.322829883342123 -0.092926139922591 -0.109948927091185 -0.111218228846472
-0.331628883013385 0.119007083147604 -0.108231092655766 0.00237583995720048
-0.226776023232347 0.255868260572052 -0.0817056522286481 0.0184162261996806
-0.128594116141803 0.307960406605937 -0.0577234174397922 0.0238410825007919
-0.0896181542754641 0.339690708786135 -0.0252925755139791 -0.00338671077679638
-0.103365334829609 0.331153465357948 0.00664048296215829 -0.0590796307671595
-0.15194727543372 0.324861781586245 0.0484221201575848 -0.110873418743055
-0.257469669337047 0.257474017363837 0.125067031193472 -0.0961196844444988
-0.346775364236642 0.0723182056039609 0.194736454863486 0.0151621209301991
-0.323004074604407 -0.149166319073688 0.0930744376821579 0.142543299877324
-0.199920979205533 -0.290672280448618 -0.0263082526186719 0.173326817618163
-0.0650596290161771 -0.350513031167081 -0.083794625517515 0.0800834199485763
-0.0325664116868874 -0.262851875863483 0.0882649312513722 0.16489372852126
-0.0784146264544229 -0.204679791948445 0.196171294151406 -0.0978721200510095
-0.131490495464541 -0.178036411450558 -0.0268470945954434 -0.162480603706797
-0.23075531654848 -0.0550510178765238 -0.140252752784018 -0.0626445654698035
-0.240899334189058 0.117238587498788 -0.142771373375295 0.0568636378970597
-0.159813803775833 0.225421223332142 -0.118552575292996 0.101831262448825
-0.087131731062704 0.276091309064704 -0.0840070144170761 0.136692805954363
-0.0711002377822158 0.32186423062853 -0.0488075433941218 0.126174385713141
-0.0996942524754148 0.331820200796262 -0.0179492021486398 0.0701082743111259
-0.174992093226449 0.333788135255916 0.0215723238683711 0.000637423354614324
-0.308776511248252 0.255566525197944 0.0938453500910914 -0.00175276194926251
-0.404982471858698 0.0440243656995685 0.163543712435514 0.0853638753030425
-0.350008720209778 -0.202042054763087 0.071610766721738 0.196401244184543
-0.204705672326618 -0.3135845484067 -0.0365365371370659 0.245824524009768
-0.0804264568161116 -0.345936854608238 -0.0818598055744451 0.195813901125029
-0.0468576842036925 -0.161754243719928 0.0935102194219542 0.218153996830576
-0.0410378256594887 -0.100861074906089 0.143901700516843 -0.0711502255421881
-0.0546914497125722 -0.100101781063912 -0.0559238864342599 -0.101856028190386
-0.129871349179042 -0.0265385091169884 -0.137771262947761 -0.0130682956413769
-0.140680678437588 0.0927557023627384 -0.137481415574944 0.0913940023060955
-0.085029528670282 0.162423186564723 -0.120435485945222 0.15710324951525
-0.037715469161723 0.204834460228328 -0.0856084259518954 0.225046785165022
-0.0413873742838077 0.255071512509422 -0.0638365996776225 0.237073173504286
-0.0798350124339719 0.275101450382381 -0.0518445045914936 0.190475075594537
-0.164274850209616 0.273907689341964 -0.0275497989718912 0.113201798424008
-0.289153961847175 0.191247188117434 0.0277916141655002 0.0927768077460352
-0.360552075603837 -0.00846414199465446 0.0887729248336298 0.144843490855981
-0.276700400824738 -0.215625063640573 0.030121461821086 0.227607986039199
-0.157011036628413 -0.266906738445332 -0.0547124290417985 0.302771049952171
-0.080718026033729 -0.278051450859325 -0.0803053645107467 0.301609889417212
-0.0480857296969652 -0.0589149658924576 0.0944056410481858 0.231679975913011
-0.0075582923258024 -0.0259981392822254 0.0880681571121334 -0.0540308394870487
-0.0071019041188876 -0.0500060725759221 -0.0706901419271648 -0.0554661643302254
-0.06117951246749 -0.00966619946671439 -0.122715835791752 0.0174919370270085
-0.0625513802909582 0.0586617384004395 -0.117193853600301 0.108985890324857
-0.023986358815676 0.0896766374040773 -0.104561466277679 0.188067604328016
0.00541846835307386 0.114677544626272 -0.072900851812719 0.280590002494124
-0.0050496115333523 0.148697005932348 -0.0684689275405295 0.313218905983785
-0.0375445711756262 0.1679343247097 -0.0859411216572697 0.278207211638308
-0.105058949381796 0.166727251154697 -0.0838617877686607 0.19366223626104
-0.18892046866518 0.104897865584936 -0.0486265616644728 0.151362504119668
-0.222438515943217 -0.0369983721442471 0.00196146168263896 0.167127398056989
-0.139076264920309 -0.154052661903616 -0.0131860561213738 0.228722721896749
-0.0844587584636579 -0.144766490669939 -0.0799165118860972 0.329608431673761
-0.0710333123262545 -0.150976953205261 -0.0858077750014623 0.371914538900791
