TRXV5
3
4
4
9
string Extension=J
integer IsArchMeasurement=1
integer IsSpherical=1
string Generator=SPM
string GeneratorVersion=1.3.1 Dev
double ArchRadius=0.449999988079071
integer FrequencyAxisIndex=0
integer AzimuthAxisIndex=1
integer ElevationAxisIndex=2
Frequency
5 136 690000000 960000000 LIN
Azimuth
7 8 0 2.74889357189107 LIN
Elevation
7 15 -2.74889357189107 2.74889357189107 LIN
Polar H Real Part
13
Polar H Imaginary Part
14
Polar V Real Part
13
Polar V Imaginary Part
14
Polar H Magnitude (dB)
12 0xC0000002 0 1
Polar H Phase
7 0xC0000003 0 1
Polar V Magnitude (dB)
12 0xC0000002 2 3
Polar V Phase
7 0xC0000003 2 3
-0.0417671203613281 -0.0155220031738281 0.02081298828125 0.65740966796875
-0.0313796997070313 0.095123291015625 -0.067230224609375 0.224990844726563
0.0861968994140625 0.0549240112304688 -0.280410766601562 0.152008056640625
0.0797042846679688 -0.064239501953125 -0.294097900390625 0.315032958984375
-0.00582885742187501 -0.0887298583984375 -0.14306640625 0.32171630859375
-0.0653610229492188 -0.0580406188964844 -0.121261596679688 0.27093505859375
-0.0883026123046875 0.012176513671875 -0.187469482421875 0.273681640625
-0.0728683471679688 0.0141677856445313 -0.255050659179688 0.280059814453125
-0.0748977661132813 0.000190734863281249 -0.34332275390625 0.243865966796875
-0.0880966186523438 -0.0395355224609375 -0.40020751953125 0.12579345703125
-0.0504531860351563 -0.0784988403320312 -0.331939697265625 0.00378417968750004
0.0349578857421875 -0.0922088623046875 -0.214599609375 -0.133132934570313
0.0880279541015625 0.0363311767578125 0.0194854736328125 -0.181365966796875
-0.025054931640625 0.107032775878906 0.2093505859375 0.0378875732421875
-0.089599609375 0.0373916625976562 0.232025146484375 0.178939819335938
-0.07281494140625 -0.25262451171875 -0.023681640625 0.60797119140625
-0.112457275390625 -0.158920288085938 -0.101821899414062 0.16705322265625
-0.05133056640625 -0.119178771972656 -0.324188232421875 0.15191650390625
-0.0762786865234375 -0.162109375 -0.316253662109375 0.34136962890625
-0.153091430664062 -0.127410888671875 -0.124664306640625 0.340911865234375
-0.22412109375 -0.0262603759765625 -0.0870819091796876 0.273590087890625
-0.219497680664063 0.082366943359375 -0.135147094726563 0.235946655273438
-0.194610595703125 0.0767974853515625 -0.195465087890625 0.238418579101563
-0.201385498046875 0.075103759765625 -0.284271240234375 0.217071533203125
-0.21954345703125 0.019073486328125 -0.349212646484375 0.13421630859375
-0.182464599609375 -0.0691986083984375 -0.29840087890625 0.030517578125
-0.112724304199219 -0.133468627929687 -0.21746826171875 -0.101425170898438
-0.0176162719726563 -0.0992507934570313 0.003265380859375 -0.162841796875
-0.0597610473632813 -0.0811386108398438 0.196395874023438 0.0116119384765625
-0.1060791015625 -0.149139404296875 0.213241577148438 0.138137817382813
-0.061370849609375 -0.455078125 -0.08807373046875 0.4959716796875
-0.149658203125 -0.403228759765625 -0.155059814453125 0.10113525390625
-0.16632080078125 -0.301055908203125 -0.34222412109375 0.176422119140625
-0.224807739257813 -0.259063720703125 -0.28582763671875 0.38189697265625
-0.28594970703125 -0.157073974609375 -0.0570068359375 0.35693359375
-0.352935791015625 0.003265380859375 -0.00181579589843755 0.25494384765625
-0.316253662109375 0.13653564453125 -0.0390167236328125 0.167938232421875
-0.2867431640625 0.123687744140625 -0.1099853515625 0.161056518554688
-0.295654296875 0.1383056640625 -0.207351684570313 0.153533935546875
-0.32232666015625 0.08172607421875 -0.284820556640625 0.10748291015625
-0.296783447265625 -0.038421630859375 -0.257827758789062 0.0184326171875
-0.254348754882813 -0.13958740234375 -0.204345703125 -0.09979248046875
-0.148468017578125 -0.202392578125 0.00544738769531249 -0.163162231445313
-0.12738037109375 -0.250335693359375 0.180419921875 -0.040771484375
-0.124786376953125 -0.324798583984375 0.195480346679688 0.044769287109375
-0.02435302734375 -0.58599853515625 -0.1585693359375 0.3388671875
-0.15093994140625 -0.58209228515625 -0.217025756835938 0.033905029296875
-0.245574951171875 -0.43585205078125 -0.33123779296875 0.221435546875
-0.342529296875 -0.317230224609375 -0.197784423828125 0.419891357421875
-0.3797607421875 -0.158050537109375 0.058380126953125 0.351898193359375
-0.42523193359375 0.036712646484375 0.1202392578125 0.2110595703125
-0.363494873046875 0.16943359375 0.08184814453125 0.0765914916992188
-0.337677001953125 0.150848388671875 -0.00775527954101565 0.0586128234863281
-0.35150146484375 0.18072509765625 -0.118743896484375 0.0618362426757813
-0.387542724609375 0.132659912109375 -0.208038330078125 0.0450286865234375
-0.3800048828125 -0.001739501953125 -0.205276489257813 -0.03021240234375
-0.373260498046875 -0.122344970703125 -0.168853759765625 -0.126968383789063
-0.27935791015625 -0.272781372070313 0.025970458984375 -0.173583984375
-0.203765869140625 -0.38934326171875 0.150177001953125 -0.10400390625
-0.137176513671875 -0.46978759765625 0.16156005859375 -0.0930328369140625
0.0218505859374999 -0.6226806640625 -0.218917846679687 0.166351318359375
-0.1295166015625 -0.65313720703125 -0.271636962890625 -0.0255889892578126
-0.281982421875 -0.47674560546875 -0.28570556640625 0.2601318359375
-0.395477294921875 -0.30584716796875 -0.070404052734375 0.4300537109375
-0.404388427734375 -0.11865234375 0.189666748046875 0.31585693359375
-0.418243408203125 0.0727539062500001 0.253829956054688 0.140045166015625
-0.345550537109375 0.179962158203125 0.205032348632812 -0.0273895263671875
-0.335662841796875 0.154144287109375 0.0950851440429687 -0.0523147583007812
-0.356048583984375 0.192230224609375 -0.0260086059570313 -0.0447616577148437
-0.39996337890625 0.155975341796875 -0.117385864257813 -0.0441436767578125
-0.4127197265625 0.0275573730468749 -0.135139465332031 -0.110206604003906
-0.4400634765625 -0.0974731445312499 -0.106338500976563 -0.17718505859375
-0.372955322265625 -0.315887451171875 0.0640716552734375 -0.189224243164063
-0.2550048828125 -0.481201171875 0.10736083984375 -0.169647216796875
-0.128143310546875 -0.557098388671875 0.11907958984375 -0.260345458984375
0.0623779296875 -0.56683349609375 -0.2603759765625 0.013885498046875
-0.10601806640625 -0.61407470703125 -0.29962158203125 -0.064056396484375
-0.275543212890625 -0.41827392578125 -0.212554931640625 0.2744140625
-0.370452880859375 -0.22442626953125 0.064300537109375 0.395172119140625
-0.347991943359375 -0.05224609375 0.301025390625 0.245941162109375
-0.333740234375 0.10125732421875 0.364654541015625 0.04998779296875
-0.272552490234375 0.16290283203125 0.3033447265625 -0.130157470703125
-0.280471801757813 0.135650634765625 0.18109130859375 -0.158767700195313
-0.30517578125 0.170166015625 0.0622406005859375 -0.148849487304688
-0.350189208984375 0.148284912109375 -0.0210189819335938 -0.139244079589844
-0.38226318359375 0.03753662109375 -0.050689697265625 -0.19940185546875
-0.437896728515625 -0.0758361816406251 -0.0179595947265625 -0.231094360351563
-0.391937255859375 -0.327911376953125 0.118896484375 -0.19598388671875
-0.24542236328125 -0.515411376953125 0.063018798828125 -0.228683471679688
-0.0792236328125 -0.56524658203125 0.0769653320312499 -0.43408203125
0.086822509765625 -0.43597412109375 -0.280441284179688 -0.0967407226562501
-0.08819580078125 -0.48638916015625 -0.29693603515625 -0.075347900390625
-0.23236083984375 -0.284759521484375 -0.126449584960937 0.264053344726563
-0.280120849609375 -0.104293823242188 0.172027587890625 0.3232421875
-0.232177734375 0.016326904296875 0.365997314453125 0.157745361328125
-0.1951904296875 0.1083984375 0.428619384765625 -0.03936767578125
-0.157806396484375 0.118377685546875 0.361358642578125 -0.216278076171875
-0.182601928710938 0.0946807861328125 0.237594604492187 -0.243484497070312
-0.20391845703125 0.120758056640625 0.132919311523437 -0.23095703125
-0.241683959960938 0.113739013671875 0.0675048828125 -0.219085693359375
-0.2855224609375 0.0411376953125 0.038787841796875 -0.273345947265625
-0.36016845703125 -0.05279541015625 0.0875701904296875 -0.274017333984375
-0.333740234375 -0.3001708984375 0.189071655273437 -0.189987182617188
-0.1790771484375 -0.47381591796875 0.038909912109375 -0.270706176757813
-0.00225830078125 -0.487030029296875 0.05181884765625 -0.58197021484375
0.0982818603515625 -0.252700805664063 -0.2860107421875 -0.152496337890625
-0.06573486328125 -0.300262451171875 -0.273345947265625 -0.0630493164062501
-0.1619873046875 -0.124725341796875 -0.0518035888671875 0.232498168945313
-0.155029296875 0.010284423828125 0.236114501953125 0.239547729492188
-0.0922012329101563 0.0662765502929688 0.378814697265625 0.075042724609375
-0.0398178100585938 0.0870285034179688 0.441192626953125 -0.113006591796875
-0.0265426635742188 0.0511360168457031 0.372528076171875 -0.2723388671875
-0.0565567016601562 0.0370445251464844 0.257537841796875 -0.292236328125
-0.065460205078125 0.0555496215820313 0.172943115234375 -0.277389526367188
-0.0897140502929688 0.0773696899414063 0.13006591796875 -0.2685546875
-0.145462036132812 0.0555572509765625 0.109283447265625 -0.320281982421875
-0.23052978515625 -0.010528564453125 0.18798828125 -0.296295166015625
-0.220291137695312 -0.2181396484375 0.259841918945313 -0.167449951171875
-0.07391357421875 -0.342742919921875 0.036285400390625 -0.288299560546875
0.0826416015625 -0.320648193359375 0.05670166015625 -0.68389892578125
-0.0474815368652344 -0.015472412109375 0.0765991210937501 0.6734619140625
-0.0240936279296875 0.103134155273437 -0.045318603515625 0.241622924804688
0.094329833984375 0.0488128662109375 -0.267547607421875 0.180831909179688
0.0735244750976563 -0.072540283203125 -0.265350341796875 0.34515380859375
-0.0152740478515625 -0.0892791748046875 -0.119354248046875 0.334442138671875
-0.0731201171875 -0.0519256591796875 -0.105010986328125 0.282012939453125
-0.0897598266601563 0.0220489501953125 -0.169189453125 0.2940673828125
-0.0737533569335938 0.0214920043945313 -0.2357177734375 0.309173583984375
-0.0791015625 0.0086822509765625 -0.32763671875 0.28289794921875
-0.0953826904296875 -0.0305099487304687 -0.397430419921875 0.166839599609375
-0.0585403442382812 -0.0735092163085938 -0.338531494140625 0.034698486328125
0.0247039794921875 -0.0970535278320313 -0.231765747070313 -0.112564086914063
0.09246826171875 0.026824951171875 0.00209045410156249 -0.179183959960938
-0.0149765014648437 0.113380432128906 0.216644287109375 0.0277252197265625
-0.09002685546875 0.0466842651367187 0.250274658203125 0.167098999023438
-0.097198486328125 -0.25634765625 0.0262451171874999 0.62506103515625
-0.128173828125 -0.15185546875 -0.0863189697265625 0.185821533203125
-0.060546875 -0.118804931640625 -0.312835693359375 0.181365966796875
-0.0941925048828125 -0.160858154296875 -0.289459228515625 0.371978759765625
-0.168670654296875 -0.115798950195313 -0.097869873046875 0.35321044921875
-0.231491088867188 -0.00753784179687501 -0.06781005859375 0.28192138671875
-0.21710205078125 0.105621337890625 -0.119888305664063 0.250885009765625
-0.193832397460937 0.098052978515625 -0.178390502929687 0.260513305664063
-0.200729370117187 0.09735107421875 -0.270706176757813 0.24871826171875
-0.224166870117188 0.04168701171875 -0.34375 0.172088623046875
-0.194580078125 -0.053192138671875 -0.3009033203125 0.05950927734375
-0.130302429199219 -0.126251220703125 -0.230712890625 -0.0800018310546875
-0.0262298583984375 -0.103157043457031 -0.010589599609375 -0.160293579101563
-0.0654144287109375 -0.0782546997070313 0.20074462890625 0.0012664794921875
-0.122055053710937 -0.145248413085937 0.2274169921875 0.12713623046875
-0.104339599609375 -0.466339111328125 -0.0507812500000001 0.515472412109375
-0.187042236328125 -0.400970458984375 -0.147659301757813 0.121475219726562
-0.190155029296875 -0.29638671875 -0.329254150390625 0.20672607421875
-0.255126953125 -0.24749755859375 -0.25689697265625 0.410858154296875
-0.30718994140625 -0.135467529296875 -0.026947021484375 0.36590576171875
-0.3602294921875 0.032928466796875 0.019927978515625 0.25750732421875
-0.312103271484375 0.16790771484375 -0.0272979736328125 0.172897338867188
-0.285369873046875 0.154510498046875 -0.09722900390625 0.17333984375
-0.292205810546875 0.17138671875 -0.196441650390625 0.177017211914062
-0.3243408203125 0.115478515625 -0.279220581054688 0.139556884765625
-0.308868408203125 -0.01165771484375 -0.25958251953125 0.0462188720703125
-0.276885986328125 -0.120162963867187 -0.2169189453125 -0.0771331787109375
-0.16888427734375 -0.196792602539062 -0.00697326660156249 -0.160369873046875
-0.147979736328125 -0.247512817382813 0.180191040039063 -0.051910400390625
-0.155975341796875 -0.32513427734375 0.200942993164063 0.0316314697265625
-0.07586669921875 -0.60565185546875 -0.13336181640625 0.359954833984375
-0.2025146484375 -0.583984375 -0.217498779296875 0.0553741455078125
-0.2843017578125 -0.42816162109375 -0.31353759765625 0.25
-0.3795166015625 -0.2977294921875 -0.162078857421875 0.43951416015625
-0.403900146484375 -0.128936767578125 0.0892333984374999 0.35150146484375
-0.428802490234375 0.0731201171875001 0.143081665039062 0.202987670898438
-0.35504150390625 0.20672607421875 0.0884246826171875 0.0687332153320313
-0.334991455078125 0.1861572265625 -0.00142669677734376 0.0593109130859375
-0.3465576171875 0.219757080078125 -0.114303588867188 0.0751571655273437
-0.385986328125 0.173248291015625 -0.204574584960938 0.06903076171875
-0.392059326171875 0.0316162109375 -0.210128784179688 -0.00852966308593749
-0.398223876953125 -0.092926025390625 -0.184188842773438 -0.108871459960938
-0.3077392578125 -0.258270263671875 0.0135955810546875 -0.175186157226563
-0.23907470703125 -0.38385009765625 0.142654418945312 -0.114059448242188
-0.180755615234375 -0.473663330078125 0.153976440429688 -0.10662841796875
-0.0305175781249999 -0.6446533203125 -0.208221435546875 0.187210083007813
-0.18963623046875 -0.65863037109375 -0.279373168945313 -0.00466918945312501
-0.327056884765625 -0.467010498046875 -0.266510009765625 0.283905029296875
-0.43365478515625 -0.2794189453125 -0.03271484375 0.436767578125
-0.42376708984375 -0.0877685546875 0.222503662109375 0.3038330078125
-0.418182373046875 0.109130859375 0.274368286132813 0.118698120117188
-0.337188720703125 0.2161865234375 0.204483032226563 -0.048248291015625
-0.33209228515625 0.1910400390625 0.0927886962890625 -0.0643539428710937
-0.35003662109375 0.231536865234375 -0.0280876159667969 -0.0438575744628906
-0.395782470703125 0.19793701171875 -0.120407104492188 -0.0297317504882812
-0.423065185546875 0.064727783203125 -0.146270751953125 -0.095458984375
-0.46405029296875 -0.0599365234375 -0.126052856445313 -0.165756225585938
-0.40478515625 -0.29278564453125 0.0509796142578125 -0.196334838867188
-0.297943115234375 -0.47552490234375 0.092559814453125 -0.18048095703125
-0.17803955078125 -0.56451416015625 0.0950164794921875 -0.27459716796875
0.0148315429687501 -0.5904541015625 -0.262939453125 0.0335083007812499
-0.16265869140625 -0.62115478515625 -0.3118896484375 -0.042938232421875
-0.31341552734375 -0.408599853515625 -0.19036865234375 0.2904052734375
-0.4000244140625 -0.197784423828125 0.10015869140625 0.39044189453125
-0.359283447265625 -0.02362060546875 0.330322265625 0.22052001953125
-0.3291015625 0.129852294921875 0.38092041015625 0.016937255859375
-0.2620849609375 0.190536499023437 0.29656982421875 -0.162200927734375
-0.277496337890625 0.165908813476563 0.171829223632812 -0.180923461914063
-0.3004150390625 0.2041015625 0.0526580810546875 -0.158111572265625
-0.34619140625 0.18365478515625 -0.0299606323242188 -0.135604858398438
-0.390655517578125 0.0709228515624999 -0.0676422119140625 -0.193115234375
-0.459228515625 -0.038848876953125 -0.040924072265625 -0.229507446289063
-0.4273681640625 -0.30462646484375 0.105377197265625 -0.210189819335938
-0.293487548828125 -0.511016845703125 0.0416259765625 -0.237564086914063
-0.13275146484375 -0.5780029296875 0.037506103515625 -0.450408935546875
0.051055908203125 -0.4573974609375 -0.292633056640625 -0.0796203613281251
-0.133331298828125 -0.490570068359375 -0.310882568359375 -0.05718994140625
-0.260345458984375 -0.273681640625 -0.106246948242188 0.271194458007813
-0.2952880859375 -0.0833740234375 0.203399658203125 0.30694580078125
-0.234115600585938 0.036285400390625 0.3880615234375 0.12530517578125
-0.1866455078125 0.123092651367188 0.4376220703125 -0.07977294921875
-0.149734497070313 0.133407592773438 0.3486328125 -0.25653076171875
-0.180557250976563 0.11456298828125 0.221893310546875 -0.271560668945313
-0.200912475585938 0.141555786132813 0.117706298828125 -0.249237060546875
-0.237945556640625 0.137435913085937 0.053466796875 -0.225433349609375
-0.2901611328125 0.066162109375 0.0166778564453125 -0.276321411132813
-0.375762939453125 -0.0238037109375 0.062530517578125 -0.284088134765625
-0.36383056640625 -0.280303955078125 0.176849365234375 -0.212631225585938
-0.2213134765625 -0.47247314453125 0.0126190185546875 -0.280975341796875
-0.04559326171875 -0.503631591796875 0.000610351562500033 -0.60003662109375
0.07794189453125 -0.268310546875 -0.302886962890625 -0.136016845703125
-0.0950927734375 -0.302154541015625 -0.287200927734375 -0.04736328125
-0.17333984375 -0.11541748046875 -0.03369140625 0.2325439453125
-0.156600952148438 0.0236968994140625 0.261016845703125 0.215423583984375
-0.0865097045898438 0.0740814208984375 0.39495849609375 0.038787841796875
-0.0299453735351563 0.0873031616210937 0.44329833984375 -0.1575927734375
-0.0217018127441406 0.0521087646484375 0.354736328125 -0.311920166015625
-0.0558547973632813 0.04339599609375 0.2376708984375 -0.324493408203125
-0.0645828247070313 0.0618324279785156 0.154205322265625 -0.299835205078125
-0.0852508544921875 0.0854034423828125 0.11260986328125 -0.2818603515625
-0.14404296875 0.068328857421875 0.0849609374999999 -0.332000732421875
-0.237884521484375 0.00875854492187497 0.16278076171875 -0.31622314453125
-0.242172241210938 -0.204833984375 0.248947143554687 -0.197189331054688
-0.104095458984375 -0.345611572265625 0.00833129882812502 -0.299468994140625
0.054718017578125 -0.338623046875 -0.00311279296875005 -0.706298828125
-0.0517501831054687 -0.0129280090332031 0.12762451171875 0.65802001953125
-0.01458740234375 0.105842590332031 -0.0198516845703125 0.247879028320313
0.0984039306640625 0.041473388671875 -0.244354248046875 0.198440551757813
0.0648574829101563 -0.0766525268554688 -0.23095703125 0.35662841796875
-0.0210113525390625 -0.0845794677734375 -0.091949462890625 0.33380126953125
-0.0756759643554688 -0.0440521240234375 -0.0863037109375 0.281524658203125
-0.0860671997070313 0.0312347412109375 -0.145843505859375 0.302581787109375
-0.0719528198242188 0.0286331176757812 -0.205291748046875 0.322784423828125
-0.0786666870117188 0.017730712890625 -0.298187255859375 0.30889892578125
-0.0979843139648438 -0.0210189819335937 -0.37628173828125 0.202667236328125
-0.0640869140625 -0.0659713745117188 -0.330352783203125 0.06365966796875
0.0140457153320313 -0.0970306396484375 -0.236328125 -0.0874481201171875
0.0927276611328125 0.0181427001953125 -0.0118560791015625 -0.168426513671875
-0.00408935546875001 0.113632202148438 0.215972900390625 0.0163726806640625
-0.0855255126953125 0.053619384765625 0.256851196289063 0.148086547851563
-0.11962890625 -0.24932861328125 0.0736694335937499 0.61767578125
-0.135612487792969 -0.139312744140625 -0.064483642578125 0.195693969726563
-0.0657272338867188 -0.114555358886719 -0.28863525390625 0.2015380859375
-0.108322143554688 -0.151031494140625 -0.2515869140625 0.38482666015625
-0.175155639648437 -0.1002197265625 -0.06866455078125 0.3514404296875
-0.227783203125 0.0111846923828125 -0.0487060546875 0.280853271484375
-0.205169677734375 0.122344970703125 -0.100540161132813 0.256072998046875
-0.184066772460937 0.113983154296875 -0.153289794921875 0.269790649414063
-0.191009521484375 0.116119384765625 -0.242996215820312 0.270050048828125
-0.21832275390625 0.0616302490234375 -0.321533203125 0.201202392578125
-0.197891235351563 -0.03533935546875 -0.289642333984375 0.085479736328125
-0.141677856445313 -0.113494873046875 -0.23199462890625 -0.0548553466796875
-0.0336380004882813 -0.101333618164063 -0.0213165283203125 -0.150390625
-0.0680694580078125 -0.0729827880859375 0.19976806640625 -0.00862121582031251
-0.132164001464844 -0.135009765625 0.230667114257813 0.110382080078125
-0.138824462890625 -0.457122802734375 -0.00918579101562498 0.5135498046875
-0.2132568359375 -0.380401611328125 -0.131797790527344 0.135467529296875
-0.208221435546875 -0.28253173828125 -0.303985595703125 0.225830078125
-0.274276733398438 -0.226150512695312 -0.2181396484375 0.41876220703125
-0.314117431640625 -0.110626220703125 0.00332641601562495 0.358306884765625
-0.34967041015625 0.06036376953125 0.0385894775390625 0.249832153320313
-0.29376220703125 0.191497802734375 -0.0166168212890625 0.171157836914063
-0.269683837890625 0.178665161132813 -0.0814208984375 0.177108764648438
-0.27618408203125 0.196762084960937 -0.177505493164063 0.192062377929687
-0.31158447265625 0.142791748046875 -0.26031494140625 0.164093017578125
-0.307891845703125 0.01409912109375 -0.250030517578125 0.06951904296875
-0.2874755859375 -0.094085693359375 -0.218276977539063 -0.0527801513671875
-0.181198120117188 -0.183441162109375 -0.0166473388671875 -0.152755737304688
-0.1619873046875 -0.236083984375 0.173446655273438 -0.059844970703125
-0.180328369140625 -0.3131103515625 0.195449829101563 0.0187530517578125
-0.1229248046875 -0.59490966796875 -0.10443115234375 0.365997314453125
-0.244384765625 -0.560577392578125 -0.207489013671875 0.07342529296875
-0.30926513671875 -0.406585693359375 -0.286468505859375 0.267120361328125
-0.40087890625 -0.266845703125 -0.125640869140625 0.4393310546875
-0.407501220703125 -0.0962219238281251 0.116546630859375 0.33636474609375
-0.4146728515625 0.104736328125 0.157180786132812 0.186126708984375
-0.3326416015625 0.232452392578125 0.089324951171875 0.0592803955078125
-0.316558837890625 0.214141845703125 0.00303649902343748 0.0562210083007813
-0.32452392578125 0.250213623046875 -0.105224609375 0.0833816528320313
-0.36773681640625 0.204986572265625 -0.192611694335938 0.0889739990234375
-0.3870849609375 0.0643615722656251 -0.20501708984375 0.013519287109375
-0.404022216796875 -0.057586669921875 -0.1890869140625 -0.0847930908203125
-0.3231201171875 -0.234466552734375 0.00238037109375 -0.170074462890625
-0.26153564453125 -0.3646240234375 0.130996704101562 -0.120361328125
-0.2166748046875 -0.457305908203125 0.139114379882812 -0.114723205566406
-0.0828857421875001 -0.6378173828125 -0.190338134765625 0.198959350585938
-0.23797607421875 -0.63616943359375 -0.274993896484375 0.017333984375
-0.355316162109375 -0.440643310546875 -0.238616943359375 0.293121337890625
-0.452545166015625 -0.242919921875 0.00256347656249994 0.425811767578125
-0.425628662109375 -0.053924560546875 0.243621826171875 0.2779541015625
-0.401031494140625 0.139068603515625 0.281646728515625 0.09368896484375
-0.3128662109375 0.238250732421875 0.194854736328125 -0.0663299560546875
-0.31396484375 0.218963623046875 0.0862503051757812 -0.07354736328125
-0.32843017578125 0.26092529296875 -0.029632568359375 -0.0407791137695312
-0.3759765625 0.229400634765625 -0.116813659667969 -0.015655517578125
-0.416015625 0.096893310546875 -0.148818969726563 -0.0770263671875
-0.467620849609375 -0.02142333984375 -0.137130737304688 -0.146224975585937
-0.421295166015625 -0.259490966796875 0.0363311767578125 -0.195755004882813
-0.32861328125 -0.45050048828125 0.075164794921875 -0.181854248046875
-0.222625732421875 -0.547637939453125 0.06756591796875 -0.276809692382813
-0.03240966796875 -0.58758544921875 -0.2548828125 0.0505371093749999
-0.2103271484375 -0.60211181640625 -0.311431884765625 -0.0208740234375001
-0.3388671875 -0.3818359375 -0.165069580078125 0.294097900390625
-0.411865234375 -0.164581298828125 0.127655029296875 0.3673095703125
-0.35614013671875 0.00436401367187505 0.34381103515625 0.18731689453125
-0.3115234375 0.150054931640625 0.37799072265625 -0.0164794921875
-0.24188232421875 0.206817626953125 0.276275634765625 -0.185394287109375
-0.261184692382813 0.188369750976563 0.153472900390625 -0.194122314453125
-0.281219482421875 0.227996826171875 0.041015625 -0.161163330078125
-0.3275146484375 0.209930419921875 -0.0362548828125 -0.127494812011719
-0.381256103515625 0.101409912109375 -0.0797882080078125 -0.178512573242188
-0.459075927734375 -0.00241088867187498 -0.0602569580078125 -0.217575073242188
-0.443328857421875 -0.268707275390625 0.0873870849609375 -0.216140747070313
-0.32733154296875 -0.484405517578125 0.0185546875 -0.236465454101563
-0.1781005859375 -0.5650634765625 -0.00393676757812501 -0.4451904296875
0.012603759765625 -0.45855712890625 -0.292083740234375 -0.059600830078125
-0.172271728515625 -0.4735107421875 -0.31292724609375 -0.0357360839843751
-0.274932861328125 -0.252777099609375 -0.0858306884765625 0.26678466796875
-0.298248291015625 -0.05914306640625 0.221206665039062 0.2783203125
-0.227554321289063 0.0536041259765625 0.39215087890625 0.087310791015625
-0.172927856445313 0.131134033203125 0.42547607421875 -0.11846923828125
-0.135513305664063 0.1407470703125 0.319183349609375 -0.28143310546875
-0.169723510742187 0.128204345703125 0.195831298828125 -0.28717041015625
-0.188583374023438 0.157821655273438 0.0969085693359375 -0.256301879882813
-0.223709106445313 0.1549072265625 0.03839111328125 -0.22314453125
-0.282562255859375 0.0871582031249999 -0.00410461425781254 -0.268112182617188
-0.37408447265625 0.00692749023437506 0.036224365234375 -0.280181884765625
-0.3795166015625 -0.249359130859375 0.155532836914062 -0.22576904296875
-0.2535400390625 -0.451263427734375 -0.0139007568359375 -0.278350830078125
-0.08709716796875 -0.496551513671875 -0.0501098632812501 -0.59075927734375
0.055328369140625 -0.272994995117188 -0.306427001953125 -0.115692138671875
-0.1190185546875 -0.29010009765625 -0.2889404296875 -0.02923583984375
-0.17828369140625 -0.102157592773438 -0.0184783935546875 0.224197387695313
-0.151535034179688 0.03497314453125 0.270233154296875 0.182540893554688
-0.0788116455078125 0.0782241821289063 0.390411376953125 0.001251220703125
-0.0220108032226562 0.08355712890625 0.42254638671875 -0.1959228515625
-0.015625 0.0499420166015625 0.322662353515625 -0.33929443359375
-0.0526313781738281 0.0467376708984375 0.205047607421875 -0.338348388671875
-0.0607414245605469 0.0654258728027344 0.129180908203125 -0.308349609375
-0.0770645141601563 0.08984375 0.091461181640625 -0.283660888671875
-0.137542724609375 0.0780792236328125 0.058349609375 -0.327606201171875
-0.23468017578125 0.026824951171875 0.131072998046875 -0.322113037109375
-0.252960205078125 -0.183883666992187 0.226226806640625 -0.217559814453125
-0.12841796875 -0.33465576171875 -0.020111083984375 -0.297332763671875
0.024688720703125 -0.341583251953125 -0.05975341796875 -0.695556640625
-0.0552482604980469 -0.0109481811523437 0.15869140625 0.63482666015625
-0.00653839111328124 0.105384826660156 0.000656127929687518 0.243850708007813
0.099945068359375 0.0343017578125 -0.221237182617188 0.203903198242188
0.0580673217773437 -0.0758132934570313 -0.2027587890625 0.353179931640625
-0.0236282348632813 -0.0793914794921875 -0.0732421875 0.3232421875
-0.0742950439453125 -0.0386199951171875 -0.0728302001953125 0.275482177734375
-0.080322265625 0.0370864868164063 -0.128814697265625 0.29962158203125
-0.0678062438964844 0.0333328247070312 -0.181732177734375 0.3251953125
-0.075897216796875 0.0238113403320312 -0.269744873046875 0.317047119140625
-0.095947265625 -0.0123214721679687 -0.35052490234375 0.217864990234375
-0.0655899047851563 -0.0587997436523438 -0.315673828125 0.0804443359375
0.00675201416015625 -0.0937881469726563 -0.232467651367188 -0.06732177734375
0.0895919799804688 0.012176513671875 -0.0190582275390625 -0.155746459960938
0.00432586669921875 0.112274169921875 0.2109375 0.0115966796875
-0.0810317993164063 0.057159423828125 0.253799438476563 0.1341552734375
-0.130615234375 -0.237579345703125 0.10302734375 0.59674072265625
-0.136032104492187 -0.127334594726563 -0.04730224609375 0.195663452148437
-0.0653762817382813 -0.111213684082031 -0.265975952148437 0.207778930664063
-0.114120483398438 -0.14166259765625 -0.223236083984375 0.381622314453125
-0.174468994140625 -0.0885009765625 -0.0504150390625 0.340301513671875
-0.2193603515625 0.0211944580078125 -0.034881591796875 0.271652221679687
-0.192169189453125 0.130416870117188 -0.0874176025390625 0.252761840820313
-0.1728515625 0.123062133789063 -0.135650634765625 0.269454956054688
-0.179489135742188 0.125076293945312 -0.219757080078125 0.2752685546875
-0.209259033203125 0.074310302734375 -0.297393798828125 0.21624755859375
-0.193984985351563 -0.0216827392578125 -0.274642944335938 0.0995635986328126
-0.145965576171875 -0.101242065429687 -0.225173950195312 -0.0349884033203125
-0.0377578735351562 -0.0988311767578125 -0.0259475708007813 -0.138496398925781
-0.0670509338378906 -0.0686416625976563 0.19305419921875 -0.01318359375
-0.134559631347656 -0.125694274902344 0.225540161132813 0.0991363525390625
-0.16131591796875 -0.439483642578125 0.016021728515625 0.49920654296875
-0.22369384765625 -0.359771728515625 -0.117279052734375 0.140884399414062
-0.211395263671875 -0.267990112304688 -0.281112670898438 0.23284912109375
-0.279312133789063 -0.208084106445312 -0.18804931640625 0.411163330078125
-0.31060791015625 -0.09112548828125 0.02166748046875 0.343780517578125
-0.334381103515625 0.0741271972656249 0.049407958984375 0.2381591796875
-0.273468017578125 0.200149536132813 -0.00959777832031251 0.165786743164063
-0.253860473632813 0.189361572265625 -0.06982421875 0.173126220703125
-0.257156372070313 0.208847045898437 -0.161376953125 0.19549560546875
-0.2943115234375 0.15777587890625 -0.2391357421875 0.17584228515625
-0.299591064453125 0.0317382812500001 -0.235305786132813 0.0829925537109375
-0.286834716796875 -0.0758056640625 -0.211334228515625 -0.033935546875
-0.184036254882813 -0.171127319335937 -0.020233154296875 -0.142974853515625
-0.165740966796875 -0.223495483398437 0.165023803710938 -0.0623779296875
-0.19073486328125 -0.296295166015625 0.187393188476563 0.011077880859375
-0.15167236328125 -0.57550048828125 -0.08416748046875 0.359466552734375
-0.262115478515625 -0.53204345703125 -0.195266723632813 0.0834808349609375
-0.316314697265625 -0.3846435546875 -0.263214111328125 0.266860961914062
-0.4052734375 -0.240997314453125 -0.09967041015625 0.427093505859375
-0.402008056640625 -0.0726928710937501 0.13116455078125 0.317169189453125
-0.398040771484375 0.1195068359375 0.162918090820312 0.17041015625
-0.3106689453125 0.24176025390625 0.0862808227539062 0.0520858764648438
-0.297607421875 0.22735595703125 0.00474166870117186 0.0523338317871094
-0.302154541015625 0.2620849609375 -0.0960464477539063 0.0863189697265625
-0.346466064453125 0.221435546875 -0.17742919921875 0.0994873046875
-0.375213623046875 0.0850219726562499 -0.194580078125 0.0275421142578125
-0.397552490234375 -0.03375244140625 -0.184951782226563 -0.0673675537109375
-0.324310302734375 -0.214141845703125 -0.00297546386718754 -0.16265869140625
-0.269927978515625 -0.344696044921875 0.119865417480469 -0.118942260742188
-0.234466552734375 -0.4365234375 0.124855041503906 -0.114723205566406
-0.11492919921875 -0.6177978515625 -0.1749267578125 0.201324462890625
-0.2623291015625 -0.60614013671875 -0.264251708984375 0.0300140380859374
-0.362640380859375 -0.416778564453125 -0.21612548828125 0.28997802734375
-0.45379638671875 -0.214996337890625 0.020263671875 0.40655517578125
-0.416778564453125 -0.0301208496093751 0.251251220703125 0.254730224609375
-0.38153076171875 0.151092529296875 0.279525756835938 0.0735931396484375
-0.29083251953125 0.245391845703125 0.182342529296875 -0.07513427734375
-0.293914794921875 0.22955322265625 0.0780868530273437 -0.0786972045898437
-0.304840087890625 0.273773193359375 -0.0305633544921875 -0.03936767578125
-0.352783203125 0.244110107421875 -0.109001159667969 -0.00622558593749999
-0.40069580078125 0.11688232421875 -0.144393920898438 -0.0625457763671875
-0.4569091796875 0.00320434570312493 -0.138465881347656 -0.128562927246094
-0.41998291015625 -0.23553466796875 0.0274200439453125 -0.190155029296875
-0.33880615234375 -0.4259033203125 0.061798095703125 -0.177703857421875
-0.24407958984375 -0.5238037109375 0.0472564697265625 -0.269363403320313
-0.0638427734375 -0.570556640625 -0.243682861328125 0.0591583251953125
-0.2366943359375 -0.5718994140625 -0.30316162109375 -0.00598144531250006
-0.345550537109375 -0.358367919921875 -0.147918701171875 0.285858154296875
-0.40850830078125 -0.1405029296875 0.137786865234375 0.3436279296875
-0.34649658203125 0.0219116210937499 0.341278076171875 0.1605224609375
-0.29443359375 0.15625 0.3677978515625 -0.038116455078125
-0.224044799804688 0.210250854492188 0.255844116210937 -0.194610595703125
-0.245193481445312 0.197265625 0.137130737304688 -0.197952270507813
-0.262405395507813 0.23828125 0.0308380126953125 -0.159332275390625
-0.30694580078125 0.2216796875 -0.0366744995117188 -0.118820190429688
-0.3673095703125 0.11767578125 -0.0834808349609375 -0.1644287109375
-0.447296142578125 0.0199584960937499 -0.0691680908203125 -0.201339721679688
-0.440460205078125 -0.24212646484375 0.074127197265625 -0.214569091796875
-0.340057373046875 -0.459503173828125 0.00338745117187497 -0.228271484375
-0.2020263671875 -0.54339599609375 -0.029754638671875 -0.430084228515625
-0.01025390625 -0.447113037109375 -0.285003662109375 -0.0478515625
-0.193023681640625 -0.451080322265625 -0.306121826171875 -0.0215148925781251
-0.278076171875 -0.23516845703125 -0.07275390625 0.25634765625
-0.29254150390625 -0.0428771972656251 0.22418212890625 0.249542236328125
-0.217361450195313 0.0621795654296875 0.38116455078125 0.0611572265625
-0.1607666015625 0.131271362304688 0.405975341796875 -0.140472412109375
-0.124641418457031 0.140335083007813 0.29296875 -0.29046630859375
-0.158950805664062 0.1337890625 0.172760009765625 -0.288421630859375
-0.17681884765625 0.163482666015625 0.0799560546875 -0.254058837890625
-0.209121704101563 0.161117553710938 0.0301666259765625 -0.215835571289063
-0.270919799804688 0.0979461669921875 -0.0150299072265625 -0.255020141601563
-0.364166259765625 0.025146484375 0.0186309814453125 -0.268264770507813
-0.377197265625 -0.226348876953125 0.137786865234375 -0.228302001953125
-0.267059326171875 -0.42987060546875 -0.0313873291015625 -0.268341064453125
-0.111572265625 -0.481048583984375 -0.08111572265625 -0.5679931640625
0.0387725830078125 -0.26995849609375 -0.29986572265625 -0.101593017578125
-0.132614135742187 -0.27520751953125 -0.282989501953125 -0.0167236328125
-0.177566528320312 -0.09295654296875 -0.0104217529296875 0.212005615234375
-0.144287109375 0.041656494140625 0.26483154296875 0.156173706054688
-0.071685791015625 0.0789031982421875 0.375091552734375 -0.02178955078125
-0.0174789428710937 0.076629638671875 0.399078369140625 -0.214508056640625
-0.0135154724121094 0.0452766418457031 0.29254150390625 -0.3455810546875
-0.0495262145996094 0.0472526550292969 0.182220458984375 -0.337799072265625
-0.0578193664550781 0.0662269592285156 0.109954833984375 -0.305908203125
-0.0705718994140625 0.08941650390625 0.076995849609375 -0.276947021484375
-0.129257202148437 0.0814208984375 0.040740966796875 -0.31561279296875
-0.225814819335938 0.0376129150390625 0.106597900390625 -0.314666748046875
-0.252166748046875 -0.167221069335937 0.205245971679687 -0.22515869140625
-0.1409912109375 -0.320526123046875 -0.039031982421875 -0.287872314453125
0.00427246093750003 -0.3348388671875 -0.0948486328125 -0.66973876953125
-0.0581436157226563 -0.00906753540039062 0.16790771484375 0.61871337890625
-0.00223541259765625 0.104751586914063 0.0126495361328125 0.241012573242188
0.100425720214844 0.0302047729492187 -0.20892333984375 0.2027587890625
0.0543899536132813 -0.0744094848632813 -0.188873291015625 0.345977783203125
-0.0228042602539063 -0.0765304565429688 -0.065216064453125 0.314056396484375
-0.0725860595703125 -0.0373077392578125 -0.0706024169921875 0.269500732421875
-0.076416015625 0.039154052734375 -0.1220703125 0.295928955078125
-0.0652351379394531 0.0359840393066406 -0.1702880859375 0.32073974609375
-0.0741348266601563 0.0272064208984375 -0.2547607421875 0.317138671875
-0.0949325561523437 -0.00758361816406249 -0.334442138671875 0.225128173828125
-0.0652275085449219 -0.0547599792480469 -0.305755615234375 0.087677001953125
0.00296783447265624 -0.0902099609375 -0.22613525390625 -0.0564117431640625
0.0876998901367188 0.0104217529296875 -0.018646240234375 -0.1455078125
0.00902557373046874 0.110816955566406 0.207427978515625 0.01275634765625
-0.079315185546875 0.0578842163085937 0.247467041015625 0.12982177734375
-0.135940551757813 -0.232208251953125 0.11016845703125 0.5850830078125
-0.133071899414063 -0.122894287109375 -0.03839111328125 0.195999145507813
-0.0640869140625 -0.111961364746094 -0.252975463867187 0.208831787109375
-0.116241455078125 -0.138229370117188 -0.210174560546875 0.374908447265625
-0.172439575195313 -0.084075927734375 -0.0408935546875 0.33184814453125
-0.212966918945313 0.0243988037109375 -0.030548095703125 0.264968872070313
-0.183807373046875 0.133193969726563 -0.0831756591796875 0.249664306640625
-0.167816162109375 0.127410888671875 -0.126754760742188 0.265426635742188
-0.17327880859375 0.129745483398437 -0.20751953125 0.276107788085938
-0.20294189453125 0.0797576904296875 -0.283447265625 0.2205810546875
-0.191925048828125 -0.0149383544921875 -0.26458740234375 0.106689453125
-0.146774291992188 -0.0944366455078125 -0.217788696289063 -0.024871826171875
-0.0379180908203125 -0.096923828125 -0.0246505737304687 -0.130538940429688
-0.0643157958984375 -0.0663223266601562 0.18963623046875 -0.0112152099609375
-0.135948181152344 -0.120285034179688 0.21942138671875 0.097198486328125
-0.16937255859375 -0.42950439453125 0.02301025390625 0.4913330078125
-0.2230224609375 -0.348846435546875 -0.108810424804688 0.142471313476563
-0.209564208984375 -0.265457153320312 -0.268035888671875 0.23095703125
-0.280715942382813 -0.199981689453125 -0.17864990234375 0.40472412109375
-0.306884765625 -0.0850830078125 0.0281982421875 0.3345947265625
-0.327239990234375 0.07611083984375 0.0527801513671875 0.231185913085938
-0.265365600585937 0.2027587890625 -0.0102386474609375 0.163833618164063
-0.245590209960938 0.193817138671875 -0.066162109375 0.170196533203125
-0.246932983398437 0.214691162109375 -0.152481079101563 0.195831298828125
-0.285400390625 0.163482666015625 -0.22589111328125 0.18011474609375
-0.29425048828125 0.039215087890625 -0.225555419921875 0.0894775390625
-0.284393310546875 -0.067291259765625 -0.20440673828125 -0.0234832763671875
-0.183090209960938 -0.1671142578125 -0.0193939208984375 -0.135856628417969
-0.165557861328125 -0.218597412109375 0.161056518554688 -0.0594635009765625
-0.1942138671875 -0.28936767578125 0.179702758789063 0.0121002197265625
-0.16302490234375 -0.562103271484375 -0.076568603515625 0.354095458984375
-0.265838623046875 -0.5177001953125 -0.1871337890625 0.08599853515625
-0.314453125 -0.379150390625 -0.251235961914063 0.265350341796875
-0.403106689453125 -0.2310791015625 -0.09124755859375 0.415771484375
-0.39630126953125 -0.0671691894531249 0.134857177734375 0.305877685546875
-0.3865966796875 0.121856689453125 0.164688110351562 0.161544799804688
-0.300537109375 0.242156982421875 0.0828933715820312 0.0489501953125
-0.28814697265625 0.232177734375 0.00429916381835936 0.0485572814941406
-0.29132080078125 0.26788330078125 -0.09136962890625 0.0863800048828125
-0.335540771484375 0.227142333984375 -0.165740966796875 0.103271484375
-0.36724853515625 0.0918273925781251 -0.18536376953125 0.0341949462890625
-0.393341064453125 -0.0241088867187499 -0.179962158203125 -0.056396484375
-0.320220947265625 -0.207489013671875 -0.00375366210937501 -0.157379150390625
-0.26959228515625 -0.3375244140625 0.114875793457031 -0.115486145019531
-0.23876953125 -0.427032470703125 0.115150451660156 -0.111785888671875
-0.125244140625 -0.60479736328125 -0.167678833007812 0.19940185546875
-0.26953125 -0.58929443359375 -0.25738525390625 0.0343017578125
-0.361114501953125 -0.408477783203125 -0.20550537109375 0.284271240234375
-0.450286865234375 -0.203826904296875 0.024444580078125 0.393798828125
-0.409423828125 -0.024322509765625 0.25 0.241409301757813
-0.37255859375 0.1512451171875 0.276504516601563 0.0634002685546875
-0.281707763671875 0.243988037109375 0.174942016601562 -0.0775604248046875
-0.285888671875 0.233551025390625 0.0732650756835937 -0.0809249877929687
-0.29400634765625 0.278594970703125 -0.0310592651367188 -0.0387344360351562
-0.34033203125 0.248779296875 -0.102035522460938 -0.0016632080078125
-0.3941650390625 0.123199462890625 -0.139259338378906 -0.0548095703125
-0.451019287109375 0.013458251953125 -0.136001586914063 -0.117546081542969
-0.41400146484375 -0.22723388671875 0.0244140625 -0.18670654296875
-0.33782958984375 -0.41656494140625 0.0546417236328125 -0.17181396484375
-0.25091552734375 -0.51104736328125 0.0363922119140625 -0.261138916015625
-0.07635498046875 -0.558807373046875 -0.237396240234375 0.0599822998046875
-0.241241455078125 -0.556915283203125 -0.296905517578125 -0.00183105468750008
-0.344207763671875 -0.349761962890625 -0.14105224609375 0.278305053710938
-0.405120849609375 -0.129791259765625 0.1363525390625 0.328857421875
-0.33856201171875 0.0276184082031251 0.336181640625 0.147491455078125
-0.286163330078125 0.15606689453125 0.3594970703125 -0.0484619140625
-0.216156005859375 0.20745849609375 0.244354248046875 -0.197723388671875
-0.237319946289062 0.200851440429688 0.128570556640625 -0.197738647460938
-0.252838134765625 0.241668701171875 0.02655029296875 -0.157470703125
-0.296630859375 0.22381591796875 -0.034332275390625 -0.113777160644531
-0.360321044921875 0.12359619140625 -0.081207275390625 -0.15545654296875
-0.442108154296875 0.03057861328125 -0.07080078125 -0.190460205078125
-0.433837890625 -0.234344482421875 0.0684967041015625 -0.212234497070313
-0.34161376953125 -0.4486083984375 -0.0048828125 -0.221694946289063
-0.210540771484375 -0.531494140625 -0.041351318359375 -0.417266845703125
-0.021331787109375 -0.439605712890625 -0.277786254882813 -0.0445709228515625
-0.19989013671875 -0.43719482421875 -0.30029296875 -0.016754150390625
-0.276443481445313 -0.22894287109375 -0.070098876953125 0.24798583984375
-0.28759765625 -0.037017822265625 0.218292236328125 0.235107421875
-0.212081909179688 0.064422607421875 0.37139892578125 0.048675537109375
-0.156707763671875 0.1275634765625 0.39471435546875 -0.148895263671875
-0.120277404785156 0.136741638183594 0.2781982421875 -0.29119873046875
-0.154647827148437 0.134536743164063 0.162078857421875 -0.28680419921875
-0.171066284179688 0.16485595703125 0.0731201171875 -0.250198364257813
-0.201766967773438 0.161636352539063 0.0283203125 -0.210372924804687
-0.265823364257812 0.100662231445313 -0.0177459716796875 -0.244552612304688
-0.357421875 0.031280517578125 0.012359619140625 -0.257247924804688
-0.370880126953125 -0.21759033203125 0.127532958984375 -0.227935791015625
-0.269073486328125 -0.419891357421875 -0.040435791015625 -0.26165771484375
-0.120819091796875 -0.47100830078125 -0.0926513671875 -0.5538330078125
0.031097412109375 -0.266433715820312 -0.29266357421875 -0.0975341796875001
-0.1370849609375 -0.265594482421875 -0.278106689453125 -0.012481689453125
-0.17462158203125 -0.0897369384765625 -0.0102081298828125 0.203720092773438
-0.139877319335938 0.0424880981445312 0.256088256835938 0.142059326171875
-0.0680084228515625 0.0782928466796875 0.36224365234375 -0.032684326171875
-0.017120361328125 0.0716629028320312 0.384735107421875 -0.220428466796875
-0.0136528015136719 0.0415687561035156 0.27764892578125 -0.34490966796875
-0.0492820739746094 0.0466728210449219 0.168853759765625 -0.333984375
-0.0565948486328125 0.0661964416503906 0.10101318359375 -0.300506591796875
-0.0674591064453125 0.0872116088867187 0.0726318359375 -0.270553588867188
-0.125732421875 0.0815963745117188 0.036224365234375 -0.305206298828125
-0.221817016601563 0.041015625 0.097015380859375 -0.305419921875
-0.249221801757813 -0.1607666015625 0.19244384765625 -0.226654052734375
-0.143768310546875 -0.31256103515625 -0.0483551025390625 -0.280929565429688
-0.00445556640625 -0.32928466796875 -0.10711669921875 -0.65478515625
-0.0625228881835938 -0.00831222534179688 0.17437744140625 0.62298583984375
0.000411987304687509 0.105583190917969 0.0196380615234375 0.244125366210938
0.102615356445313 0.0281829833984375 -0.205078125 0.206283569335937
0.0541610717773438 -0.0736846923828125 -0.18408203125 0.346710205078125
-0.0223159790039063 -0.0767745971679688 -0.063446044921875 0.311798095703125
-0.0723724365234375 -0.0374832153320312 -0.071258544921875 0.271255493164063
-0.0758056640625 0.041259765625 -0.122406005859375 0.300872802734375
-0.0640830993652344 0.0396995544433594 -0.168487548828125 0.3265380859375
-0.0734634399414063 0.0304641723632812 -0.248870849609375 0.32208251953125
-0.0952072143554688 -0.00460052490234375 -0.3310546875 0.232391357421875
-0.0660133361816406 -0.0525474548339844 -0.3055419921875 0.094635009765625
0.000526428222656245 -0.0896224975585937 -0.225006103515625 -0.0496673583984375
0.0884170532226563 0.009674072265625 -0.017608642578125 -0.140106201171875
0.0133132934570312 0.112648010253906 0.209701538085938 0.016510009765625
-0.080291748046875 0.0598831176757813 0.248367309570313 0.13330078125
-0.141860961914063 -0.232391357421875 0.11529541015625 0.589111328125
-0.133644104003906 -0.122840881347656 -0.032318115234375 0.199325561523438
-0.06365966796875 -0.116836547851563 -0.249832153320313 0.210861206054688
-0.119132995605469 -0.137336730957031 -0.207122802734375 0.377197265625
-0.174697875976563 -0.0840911865234375 -0.03887939453125 0.330963134765625
-0.215118408203125 0.0234222412109375 -0.0295867919921875 0.266250610351563
-0.184356689453125 0.136337280273438 -0.0846710205078125 0.25311279296875
-0.166702270507812 0.132492065429688 -0.126190185546875 0.267501831054688
-0.172073364257813 0.1361083984375 -0.20330810546875 0.278656005859375
-0.203262329101563 0.0851287841796875 -0.277740478515625 0.2254638671875
-0.1937255859375 -0.01239013671875 -0.261993408203125 0.11212158203125
-0.150482177734375 -0.0920562744140625 -0.2159423828125 -0.017913818359375
-0.0384063720703125 -0.0977020263671875 -0.022308349609375 -0.126510620117188
-0.0625534057617188 -0.0677070617675781 0.191253662109375 -0.007843017578125
-0.136726379394531 -0.121810913085937 0.218185424804688 0.0992431640625
-0.176513671875 -0.43212890625 0.025665283203125 0.495697021484375
-0.226409912109375 -0.351043701171875 -0.105026245117188 0.145889282226563
-0.212173461914063 -0.27264404296875 -0.265701293945313 0.235809326171875
-0.285247802734375 -0.200531005859375 -0.17535400390625 0.405364990234375
-0.3111572265625 -0.0850524902343751 0.033905029296875 0.33349609375
-0.33026123046875 0.076141357421875 0.056243896484375 0.230514526367187
-0.265167236328125 0.206375122070312 -0.0113525390625 0.166046142578125
-0.245819091796875 0.202560424804688 -0.067047119140625 0.17120361328125
-0.24627685546875 0.222030639648438 -0.149612426757812 0.198928833007813
-0.284698486328125 0.171661376953125 -0.219711303710938 0.184814453125
-0.2978515625 0.04437255859375 -0.223236083984375 0.09466552734375
-0.289276123046875 -0.0626525878906251 -0.201904296875 -0.016204833984375
-0.183792114257812 -0.16937255859375 -0.0176162719726563 -0.134132385253906
-0.166030883789062 -0.22314453125 0.161270141601563 -0.0567779541015625
-0.19732666015625 -0.29180908203125 0.176284790039063 0.0139923095703125
-0.1695556640625 -0.5654296875 -0.07513427734375 0.357757568359375
-0.271148681640625 -0.521209716796875 -0.185226440429688 0.089599609375
-0.31982421875 -0.386016845703125 -0.249801635742188 0.266098022460938
-0.412017822265625 -0.229156494140625 -0.090545654296875 0.41748046875
-0.4019775390625 -0.0643615722656251 0.139434814453125 0.30438232421875
-0.390411376953125 0.122833251953125 0.168228149414062 0.15911865234375
-0.301116943359375 0.2451171875 0.0815505981445312 0.0489883422851563
-0.28948974609375 0.239227294921875 0.00273132324218748 0.0473365783691406
-0.289093017578125 0.276458740234375 -0.0918197631835938 0.0880050659179688
-0.33477783203125 0.2352294921875 -0.16107177734375 0.106918334960937
-0.372802734375 0.098175048828125 -0.182769775390625 0.0391387939453125
-0.399871826171875 -0.01837158203125 -0.177291870117188 -0.0491180419921875
-0.3218994140625 -0.209869384765625 -0.00263977050781252 -0.156265258789063
-0.2724609375 -0.340850830078125 0.112998962402344 -0.112548828125
-0.24603271484375 -0.429290771484375 0.111228942871094 -0.109352111816406
-0.13250732421875 -0.607421875 -0.168869018554688 0.2010498046875
-0.27557373046875 -0.59161376953125 -0.25762939453125 0.03643798828125
-0.366485595703125 -0.416351318359375 -0.205078125 0.285430908203125
-0.457794189453125 -0.2008056640625 0.0244750976562499 0.393310546875
-0.41448974609375 -0.02130126953125 0.2537841796875 0.239273071289063
-0.374481201171875 0.15362548828125 0.28106689453125 0.0593109130859375
-0.282562255859375 0.2464599609375 0.17315673828125 -0.0809173583984375
-0.28778076171875 0.240966796875 0.069732666015625 -0.0832061767578125
-0.2928466796875 0.28570556640625 -0.0323524475097656 -0.0385627746582031
-0.34033203125 0.2559814453125 -0.097503662109375 0.000160217285156245
-0.39898681640625 0.130889892578125 -0.136848449707031 -0.050445556640625
-0.45770263671875 0.0187988281249999 -0.135330200195313 -0.111526489257813
-0.417388916015625 -0.22991943359375 0.0239410400390625 -0.18780517578125
-0.34442138671875 -0.421905517578125 0.0508575439453125 -0.17095947265625
-0.258941650390625 -0.51531982421875 0.029632568359375 -0.259124755859375
-0.080047607421875 -0.5618896484375 -0.23748779296875 0.060882568359375
-0.2490234375 -0.557861328125 -0.29815673828125 3.05175781249817E-05
-0.348724365234375 -0.35638427734375 -0.141265869140625 0.277923583984375
-0.411041259765625 -0.127593994140625 0.135589599609375 0.3267822265625
-0.342498779296875 0.0296630859375001 0.33843994140625 0.143768310546875
-0.287872314453125 0.156036376953125 0.36260986328125 -0.0557861328125
-0.217605590820312 0.20843505859375 0.241119384765625 -0.201980590820313
-0.239151000976563 0.205413818359375 0.124847412109375 -0.201705932617187
-0.25262451171875 0.2476806640625 0.0241241455078125 -0.15826416015625
-0.296295166015625 0.23004150390625 -0.0314712524414063 -0.113601684570312
-0.365478515625 0.128570556640625 -0.0799560546875 -0.152099609375
-0.4468994140625 0.034515380859375 -0.0714569091796876 -0.18572998046875
-0.4373779296875 -0.235992431640625 0.0657806396484375 -0.214767456054688
-0.3487548828125 -0.45416259765625 -0.0106201171875 -0.220687866210938
-0.217559814453125 -0.535430908203125 -0.050201416015625 -0.415863037109375
-0.0255126953125 -0.44293212890625 -0.2791748046875 -0.0449829101562501
-0.206939697265625 -0.43719482421875 -0.302459716796875 -0.016693115234375
-0.279815673828125 -0.23223876953125 -0.0705413818359375 0.246337890625
-0.291168212890625 -0.03521728515625 0.214492797851562 0.231063842773438
-0.21368408203125 0.0665130615234375 0.37103271484375 0.042510986328125
-0.158477783203125 0.126708984375 0.39532470703125 -0.15753173828125
-0.122467041015625 0.135917663574219 0.27587890625 -0.297332763671875
-0.156692504882813 0.1376953125 0.1578369140625 -0.29010009765625
-0.171051025390625 0.169357299804688 0.07049560546875 -0.252395629882813
-0.202667236328125 0.164657592773438 0.0302276611328125 -0.210723876953125
-0.2685546875 0.103713989257813 -0.016510009765625 -0.242263793945313
-0.362030029296875 0.03472900390625 0.00988769531249997 -0.255325317382813
-0.375640869140625 -0.22064208984375 0.123519897460937 -0.2314453125
-0.275115966796875 -0.425018310546875 -0.048492431640625 -0.262130737304687
-0.126739501953125 -0.475128173828125 -0.10113525390625 -0.5538330078125
0.029052734375 -0.269546508789062 -0.29205322265625 -0.09918212890625
-0.142059326171875 -0.264556884765625 -0.279708862304688 -0.0124969482421875
-0.177169799804688 -0.0917816162109375 -0.011444091796875 0.2015380859375
-0.140296936035156 0.043304443359375 0.252365112304688 0.137115478515625
-0.0680389404296875 0.0791549682617188 0.359832763671875 -0.039642333984375
-0.0186882019042969 0.069305419921875 0.38275146484375 -0.230865478515625
-0.0161018371582031 0.0385246276855469 0.27337646484375 -0.351348876953125
-0.0506744384765625 0.0475921630859375 0.1663818359375 -0.335968017578125
-0.0578765869140625 0.06732177734375 0.098602294921875 -0.30230712890625
-0.0676040649414062 0.0874786376953125 0.0732269287109375 -0.27197265625
-0.126731872558594 0.0822372436523438 0.03460693359375 -0.3035888671875
-0.223373413085938 0.04351806640625 0.092620849609375 -0.304901123046875
-0.25067138671875 -0.16192626953125 0.189208984375 -0.2305908203125
-0.1474609375 -0.316802978515625 -0.055999755859375 -0.282562255859375
-0.00970458984374998 -0.331939697265625 -0.1156005859375 -0.65618896484375
-0.0684700012207031 -0.00584030151367188 0.1927490234375 0.639404296875
0.00485229492187499 0.109588623046875 0.0312042236328125 0.252410888671875
0.106788635253906 0.0255661010742188 -0.202011108398437 0.216064453125
0.054046630859375 -0.075653076171875 -0.180267333984375 0.35760498046875
-0.0234756469726563 -0.0788803100585938 -0.058349609375 0.32000732421875
-0.0761184692382813 -0.0392990112304687 -0.07080078125 0.279067993164063
-0.0754623413085937 0.0450820922851563 -0.121337890625 0.315185546875
-0.0627403259277344 0.0445327758789063 -0.163726806640625 0.33917236328125
-0.073455810546875 0.0354080200195312 -0.24609375 0.33856201171875
-0.0972518920898438 -0.000373840332031262 -0.330230712890625 0.24871826171875
-0.0678825378417969 -0.0516891479492187 -0.31005859375 0.10748291015625
-0.00118255615234374 -0.0911788940429688 -0.229568481445313 -0.04119873046875
0.0931167602539063 0.00742340087890625 -0.01849365234375 -0.13970947265625
0.0196380615234375 0.117393493652344 0.217391967773438 0.01763916015625
-0.08221435546875 0.0642013549804687 0.256393432617188 0.135772705078125
-0.154754638671875 -0.236648559570313 0.12945556640625 0.607666015625
-0.139251708984375 -0.125740051269531 -0.0249176025390625 0.208938598632812
-0.0673370361328125 -0.122962951660156 -0.24871826171875 0.222854614257813
-0.126571655273438 -0.138435363769531 -0.20343017578125 0.389495849609375
-0.182174682617187 -0.0843048095703125 -0.031341552734375 0.338531494140625
-0.224395751953125 0.0263214111328125 -0.025909423828125 0.272994995117188
-0.186996459960938 0.145156860351563 -0.0837554931640625 0.264739990234375
-0.1668701171875 0.143234252929687 -0.124496459960938 0.279830932617188
-0.172348022460938 0.147506713867188 -0.201263427734375 0.29217529296875
-0.206695556640625 0.0960845947265625 -0.2767333984375 0.240188598632813
-0.199142456054688 -0.006622314453125 -0.26513671875 0.124465942382812
-0.158782958984375 -0.0897369384765625 -0.2188720703125 -0.00830078125000005
-0.040802001953125 -0.102806091308594 -0.0236587524414063 -0.126518249511719
-0.0636405944824219 -0.0702285766601563 0.198577880859375 -0.007659912109375
-0.144699096679688 -0.122039794921875 0.224563598632813 0.1024169921875
-0.19189453125 -0.4417724609375 0.0352478027343749 0.5120849609375
-0.239837646484375 -0.359649658203125 -0.101470947265625 0.155242919921875
-0.22332763671875 -0.284637451171875 -0.265090942382813 0.246353149414062
-0.30084228515625 -0.20098876953125 -0.172210693359375 0.42047119140625
-0.32421875 -0.0828857421875 0.042266845703125 0.33929443359375
-0.342254638671875 0.083770751953125 0.0639801025390625 0.23309326171875
-0.270523071289062 0.219345092773438 -0.008880615234375 0.17236328125
-0.2489013671875 0.216949462890625 -0.066162109375 0.17718505859375
-0.247421264648438 0.23779296875 -0.149200439453125 0.20819091796875
-0.288665771484375 0.185455322265625 -0.217880249023438 0.195602416992188
-0.30792236328125 0.053985595703125 -0.22320556640625 0.10565185546875
-0.302886962890625 -0.05694580078125 -0.204177856445313 -0.00718688964843747
-0.192901611328125 -0.174285888671875 -0.018310546875 -0.1348876953125
-0.174484252929687 -0.22894287109375 0.164840698242187 -0.056732177734375
-0.211578369140625 -0.296905517578125 0.178680419921875 0.0153961181640625
-0.1851806640625 -0.580322265625 -0.072174072265625 0.37164306640625
-0.290374755859375 -0.5330810546875 -0.186920166015625 0.0971221923828125
-0.336151123046875 -0.40142822265625 -0.248153686523438 0.278778076171875
-0.431884765625 -0.229705810546875 -0.086822509765625 0.4310302734375
-0.417694091796875 -0.06121826171875 0.152008056640625 0.30816650390625
-0.4029541015625 0.1317138671875 0.179443359375 0.156158447265625
-0.3079833984375 0.259063720703125 0.0826568603515625 0.0486831665039063
-0.29443359375 0.256683349609375 0.00125122070312498 0.0481681823730469
-0.2916259765625 0.295562744140625 -0.0924072265625 0.0934371948242188
-0.33807373046875 0.253387451171875 -0.158477783203125 0.113494873046875
-0.384613037109375 0.111724853515625 -0.184707641601563 0.0472412109375
-0.416961669921875 -0.00848388671874992 -0.178817749023438 -0.041290283203125
-0.33709716796875 -0.214569091796875 -0.00430297851562501 -0.160781860351563
-0.288360595703125 -0.350799560546875 0.112045288085937 -0.114822387695313
-0.26348876953125 -0.43798828125 0.107368469238281 -0.109725952148438
-0.14910888671875 -0.625732421875 -0.170913696289062 0.212081909179687
-0.298583984375 -0.60595703125 -0.263717651367188 0.0430450439453124
-0.387359619140625 -0.43011474609375 -0.203399658203125 0.295928955078125
-0.477630615234375 -0.200592041015625 0.030242919921875 0.404449462890625
-0.430389404296875 -0.0142822265624999 0.267288208007813 0.238906860351563
-0.386688232421875 0.163665771484375 0.292877197265625 0.050201416015625
-0.289215087890625 0.25970458984375 0.174102783203125 -0.0876617431640625
-0.2921142578125 0.258819580078125 0.0676345825195312 -0.0882568359375
-0.2945556640625 0.304229736328125 -0.0347747802734375 -0.0386810302734375
-0.345001220703125 0.274505615234375 -0.096405029296875 0.00177764892578128
-0.411376953125 0.144927978515625 -0.138236999511719 -0.04638671875
-0.47589111328125 0.030059814453125 -0.138824462890625 -0.107223510742188
-0.4351806640625 -0.23388671875 0.0206146240234375 -0.194351196289063
-0.365478515625 -0.4322509765625 0.045562744140625 -0.173263549804688
-0.27960205078125 -0.52825927734375 0.0210418701171875 -0.26287841796875
-0.09503173828125 -0.5787353515625 -0.243865966796875 0.0672302246093749
-0.27032470703125 -0.5699462890625 -0.306396484375 0.00558471679687501
-0.36883544921875 -0.36529541015625 -0.14019775390625 0.28656005859375
-0.42742919921875 -0.12451171875 0.141387939453125 0.332122802734375
-0.354217529296875 0.0380859375000001 0.349334716796875 0.138153076171875
-0.2962646484375 0.16455078125 0.373077392578125 -0.068756103515625
-0.223434448242188 0.21875 0.241500854492188 -0.213897705078125
-0.24456787109375 0.220199584960938 0.12152099609375 -0.210556030273438
-0.25506591796875 0.263351440429688 0.0205230712890625 -0.163543701171875
-0.300689697265625 0.245269775390625 -0.0311050415039063 -0.11651611328125
-0.376434326171875 0.141845703125 -0.0820465087890626 -0.152511596679688
-0.4637451171875 0.045074462890625 -0.075927734375 -0.184890747070313
-0.45648193359375 -0.239654541015625 0.0624847412109375 -0.223236083984375
-0.368927001953125 -0.465362548828125 -0.0192413330078125 -0.224288940429688
-0.237640380859375 -0.550079345703125 -0.063995361328125 -0.42333984375
-0.037322998046875 -0.45599365234375 -0.28717041015625 -0.04254150390625
-0.223785400390625 -0.444976806640625 -0.31182861328125 -0.0120849609375
-0.294647216796875 -0.237274169921875 -0.0688934326171875 0.252700805664063
-0.301116943359375 -0.030426025390625 0.219482421875 0.231353759765625
-0.21923828125 0.0735321044921875 0.380096435546875 0.032989501953125
-0.162841796875 0.13165283203125 0.40264892578125 -0.17620849609375
-0.126617431640625 0.141143798828125 0.274566650390625 -0.312591552734375
-0.160476684570313 0.1463623046875 0.15435791015625 -0.30218505859375
-0.173828125 0.179489135742187 0.06689453125 -0.259628295898438
-0.205841064453125 0.174179077148438 0.0291290283203125 -0.216827392578125
-0.277328491210937 0.112533569335938 -0.0201263427734375 -0.246185302734375
-0.37432861328125 0.04302978515625 0.00465393066406245 -0.258621215820312
-0.39019775390625 -0.2242431640625 0.120391845703125 -0.242706298828125
-0.292236328125 -0.436126708984375 -0.0599365234375 -0.267166137695313
-0.143218994140625 -0.48846435546875 -0.11944580078125 -0.56640625
0.0233612060546875 -0.278167724609375 -0.30010986328125 -0.0993652343750001
-0.153579711914063 -0.268051147460937 -0.287567138671875 -0.00900268554687497
-0.185623168945312 -0.093475341796875 -0.01068115234375 0.20452880859375
-0.143447875976563 0.046478271484375 0.256195068359375 0.132217407226563
-0.0681533813476563 0.0836563110351563 0.3653564453125 -0.05029296875
-0.0194358825683594 0.0699577331542969 0.38775634765625 -0.250518798828125
-0.0186309814453125 0.0386962890625 0.27032470703125 -0.3685302734375
-0.0535964965820312 0.0499305725097656 0.162017822265625 -0.348052978515625
-0.0595550537109375 0.070770263671875 0.095916748046875 -0.312042236328125
-0.0681533813476563 0.0903778076171875 0.0717620849609375 -0.279876708984375
-0.129920959472656 0.0868759155273438 0.030975341796875 -0.310760498046875
-0.23040771484375 0.0495147705078125 0.088348388671875 -0.311920166015625
-0.260833740234375 -0.16455078125 0.186935424804687 -0.243301391601563
-0.16046142578125 -0.3251953125 -0.069305419921875 -0.28924560546875
-0.01873779296875 -0.342071533203125 -0.13446044921875 -0.6728515625
-0.0750503540039063 -0.0015411376953125 0.23199462890625 0.65484619140625
0.01068115234375 0.113059997558594 0.04974365234375 0.261932373046875
0.112533569335937 0.0195388793945313 -0.1942138671875 0.231613159179688
0.0536727905273437 -0.0811767578125 -0.16705322265625 0.375274658203125
-0.0268325805664062 -0.0824661254882812 -0.04534912109375 0.3302001953125
-0.0835113525390625 -0.0398941040039063 -0.062286376953125 0.292877197265625
-0.0734786987304688 0.0523757934570313 -0.109283447265625 0.3345947265625
-0.0602874755859375 0.0509529113769531 -0.151641845703125 0.360321044921875
-0.0729598999023438 0.0426406860351562 -0.23516845703125 0.362823486328125
-0.100364685058594 0.00534820556640624 -0.32537841796875 0.2750244140625
-0.0737991333007813 -0.0499649047851563 -0.312774658203125 0.1318359375
-0.00665283203124999 -0.0937576293945312 -0.236587524414063 -0.0269012451171875
0.0991134643554687 0.00194549560546875 -0.0231552124023438 -0.139434814453125
0.0308456420898437 0.118789672851563 0.228591918945313 0.012359619140625
-0.08270263671875 0.0712356567382813 0.269577026367188 0.131683349609375
-0.17352294921875 -0.237014770507813 0.16302490234375 0.62493896484375
-0.151031494140625 -0.123748779296875 -0.0102386474609375 0.220474243164063
-0.0757064819335938 -0.130485534667969 -0.241592407226562 0.243453979492188
-0.138771057128906 -0.138031005859375 -0.189788818359375 0.410125732421875
-0.193359375 -0.080047607421875 -0.01556396484375 0.348358154296875
-0.233963012695313 0.0364837646484375 -0.013275146484375 0.2818603515625
-0.187728881835938 0.159881591796875 -0.071807861328125 0.279739379882813
-0.16357421875 0.160385131835938 -0.115020751953125 0.29571533203125
-0.169891357421875 0.164276123046875 -0.19305419921875 0.3134765625
-0.208709716796875 0.1114501953125 -0.270187377929687 0.263656616210938
-0.208099365234375 0.00430297851562497 -0.264556884765625 0.14520263671875
-0.171051025390625 -0.08270263671875 -0.223220825195312 0.00569152832031246
-0.0460281372070312 -0.107170104980469 -0.0269393920898437 -0.126739501953125
-0.066253662109375 -0.0705490112304687 0.208206176757812 -0.01348876953125
-0.15802001953125 -0.119659423828125 0.235137939453125 0.09893798828125
-0.2213134765625 -0.448974609375 0.058685302734375 0.532012939453125
-0.267425537109375 -0.361907958984375 -0.0944061279296875 0.168670654296875
-0.245391845703125 -0.2900390625 -0.257537841796875 0.266510009765625
-0.32403564453125 -0.1953125 -0.157318115234375 0.441131591796875
-0.34332275390625 -0.0719299316406251 0.060333251953125 0.346771240234375
-0.354705810546875 0.10223388671875 0.0778045654296875 0.23516845703125
-0.270950317382813 0.241180419921875 -0.00181579589843753 0.17950439453125
-0.245819091796875 0.241409301757812 -0.0612335205078125 0.186447143554688
-0.24346923828125 0.2628173828125 -0.142684936523438 0.224365234375
-0.288665771484375 0.211395263671875 -0.211410522460938 0.212432861328125
-0.31805419921875 0.073638916015625 -0.222747802734375 0.123062133789062
-0.319244384765625 -0.0418395996093749 -0.206771850585938 0.00717163085937504
-0.20849609375 -0.174957275390625 -0.0232925415039063 -0.137565612792969
-0.191238403320312 -0.232254028320312 0.168228149414063 -0.0620880126953125
-0.2347412109375 -0.29864501953125 0.18255615234375 0.01165771484375
-0.22149658203125 -0.593017578125 -0.057861328125 0.38995361328125
-0.329803466796875 -0.53985595703125 -0.1864013671875 0.110382080078125
-0.37005615234375 -0.407684326171875 -0.2406005859375 0.298187255859375
-0.4608154296875 -0.217926025390625 -0.069915771484375 0.44989013671875
-0.43927001953125 -0.041961669921875 0.17352294921875 0.30828857421875
-0.416259765625 0.15496826171875 0.195541381835937 0.1492919921875
-0.3089599609375 0.28558349609375 0.0865936279296875 0.045867919921875
-0.292083740234375 0.285491943359375 0.000743865966796857 0.0491256713867188
-0.286651611328125 0.322998046875 -0.091552734375 0.10162353515625
-0.33843994140625 0.28277587890625 -0.15484619140625 0.125015258789063
-0.395599365234375 0.137725830078125 -0.185348510742188 0.059783935546875
-0.4359130859375 0.0142822265625001 -0.183807373046875 -0.02972412109375
-0.36004638671875 -0.2100830078125 -0.0101776123046875 -0.166091918945313
-0.316619873046875 -0.354217529296875 0.109634399414062 -0.121383666992188
-0.294921875 -0.442291259765625 0.100112915039063 -0.114677429199219
-0.183837890625 -0.641845703125 -0.167160034179688 0.228912353515625
-0.3392333984375 -0.6124267578125 -0.2686767578125 0.0579833984375
-0.42388916015625 -0.433013916015625 -0.19415283203125 0.31353759765625
-0.508758544921875 -0.184356689453125 0.048065185546875 0.416046142578125
-0.44927978515625 0.00720214843750002 0.288177490234375 0.230072021484375
-0.39678955078125 0.1881103515625 0.306640625 0.032318115234375
-0.289398193359375 0.28387451171875 0.174240112304687 -0.0991363525390625
-0.289398193359375 0.2855224609375 0.061737060546875 -0.0960464477539062
-0.288543701171875 0.33233642578125 -0.0387916564941407 -0.0377388000488281
-0.3446044921875 0.304443359375 -0.0965118408203125 0.00521087646484379
-0.42205810546875 0.17254638671875 -0.142196655273438 -0.0395355224609375
-0.4947509765625 0.057159423828125 -0.145156860351563 -0.09918212890625
-0.464630126953125 -0.22564697265625 0.012359619140625 -0.201919555664063
-0.40057373046875 -0.4361572265625 0.036102294921875 -0.178543090820313
-0.31683349609375 -0.53533935546875 0.00381469726562496 -0.2686767578125
-0.12628173828125 -0.59649658203125 -0.248580932617188 0.0814208984375
-0.31048583984375 -0.574951171875 -0.31634521484375 0.019744873046875
-0.400726318359375 -0.366424560546875 -0.129638671875 0.300140380859375
-0.45135498046875 -0.10693359375 0.15911865234375 0.335845947265625
-0.366302490234375 0.0565490722656249 0.36737060546875 0.1231689453125
-0.30157470703125 0.18487548828125 0.3836669921875 -0.09564208984375
-0.223922729492187 0.2371826171875 0.237106323242188 -0.234649658203125
-0.243484497070312 0.242919921875 0.112152099609375 -0.224807739257813
-0.251739501953125 0.287506103515625 0.0123443603515625 -0.169601440429687
-0.300750732421875 0.270538330078125 -0.0351791381835938 -0.120002746582031
-0.386871337890625 0.166473388671875 -0.0902099609375 -0.151611328125
-0.4803466796875 0.071075439453125 -0.0859832763671875 -0.183929443359375
-0.48394775390625 -0.231475830078125 0.0516357421875 -0.235763549804688
-0.407806396484375 -0.46807861328125 -0.0346527099609375 -0.227981567382813
-0.2740478515625 -0.558868408203125 -0.09228515625 -0.431121826171875
-0.0606689453125 -0.471710205078125 -0.2967529296875 -0.031494140625
-0.25689697265625 -0.4482421875 -0.32232666015625 0.00140380859375001
-0.318603515625 -0.236480712890625 -0.0594329833984375 0.261993408203125
-0.3143310546875 -0.0173339843749999 0.233840942382812 0.227401733398438
-0.224227905273438 0.087554931640625 0.3917236328125 0.014404296875
-0.164093017578125 0.144546508789063 0.40777587890625 -0.20782470703125
-0.127090454101563 0.151626586914063 0.26495361328125 -0.3387451171875
-0.160842895507813 0.161666870117187 0.1429443359375 -0.32025146484375
-0.17205810546875 0.195358276367187 0.0559234619140625 -0.271636962890625
-0.205947875976563 0.190826416015625 0.0218353271484375 -0.225738525390625
-0.2841796875 0.1319580078125 -0.0305023193359375 -0.252395629882813
-0.388641357421875 0.0634765625 -0.00718688964843752 -0.263916015625
-0.41522216796875 -0.21783447265625 0.1092529296875 -0.258346557617188
-0.326812744140625 -0.44140625 -0.0812225341796875 -0.27081298828125
-0.172210693359375 -0.499542236328125 -0.15472412109375 -0.57720947265625
0.00952148437500002 -0.290313720703125 -0.311981201171875 -0.0924987792968751
-0.174362182617187 -0.26861572265625 -0.29852294921875 0.00311279296874998
-0.1993408203125 -0.0903778076171875 -0.00189208984375001 0.209609985351563
-0.147384643554688 0.0548858642578125 0.264999389648437 0.12237548828125
-0.0651626586914063 0.0901031494140625 0.372039794921875 -0.072174072265625
-0.0182037353515625 0.0713958740234375 0.385345458984375 -0.283782958984375
-0.0200996398925781 0.0394515991210938 0.259674072265625 -0.396759033203125
-0.0546340942382813 0.0550384521484375 0.1505126953125 -0.3685302734375
-0.0595016479492187 0.0768051147460938 0.08294677734375 -0.326568603515625
-0.0679092407226563 0.0963668823242187 0.06158447265625 -0.29248046875
-0.132186889648438 0.0965499877929688 0.017364501953125 -0.321044921875
-0.237960815429687 0.0626373291015625 0.074432373046875 -0.324737548828125
-0.2784423828125 -0.160446166992188 0.177749633789062 -0.26220703125
-0.181243896484375 -0.33111572265625 -0.090911865234375 -0.294677734375
-0.03717041015625 -0.353790283203125 -0.17633056640625 -0.68865966796875
-0.0814590454101563 0.00666046142578125 0.2823486328125 0.64617919921875
0.0200424194335937 0.115676879882812 0.0786895751953125 0.26373291015625
0.115577697753906 0.0127029418945313 -0.175674438476563 0.248641967773438
0.048858642578125 -0.0839309692382813 -0.1417236328125 0.391510009765625
-0.0357513427734375 -0.0824356079101563 -0.0228271484375 0.335479736328125
-0.0910263061523438 -0.0318756103515625 -0.04339599609375 0.299774169921875
-0.0685272216796875 0.0565757751464844 -0.0877685546875 0.3475341796875
-0.0529594421386719 0.0543632507324219 -0.125518798828125 0.376129150390625
-0.07257080078125 0.0514297485351562 -0.209381103515625 0.382232666015625
-0.101783752441406 0.0156784057617188 -0.304779052734375 0.30157470703125
-0.0783615112304688 -0.0454635620117188 -0.30303955078125 0.160064697265625
-0.0139389038085937 -0.0955123901367188 -0.237533569335938 -0.00480651855468751
0.1007080078125 -0.00634765625 -0.030426025390625 -0.13470458984375
0.0425491333007812 0.1162109375 0.233489990234375 -4.57763671874929E-05
-0.0790557861328125 0.0801544189453125 0.281585693359375 0.11712646484375
-0.1932373046875 -0.22705078125 0.2044677734375 0.62689208984375
-0.161148071289062 -0.114730834960938 0.00997924804687497 0.2261962890625
-0.0855560302734375 -0.12786865234375 -0.222122192382813 0.261505126953125
-0.150314331054687 -0.131454467773438 -0.162872314453125 0.429107666015625
-0.203567504882813 -0.0673980712890625 0.007781982421875 0.35125732421875
-0.241455078125 0.05487060546875 0.00622558593749998 0.2828369140625
-0.176132202148437 0.176849365234375 -0.05340576171875 0.29046630859375
-0.153488159179688 0.175567626953125 -0.09466552734375 0.30584716796875
-0.159393310546875 0.180435180664063 -0.170318603515625 0.331390380859375
-0.20501708984375 0.130996704101562 -0.250091552734375 0.284393310546875
-0.212051391601563 0.02423095703125 -0.252593994140625 0.167098999023438
-0.180160522460938 -0.0717010498046875 -0.220748901367187 0.027130126953125
-0.0546188354492188 -0.108345031738281 -0.0332183837890625 -0.125053405761719
-0.0698318481445313 -0.07037353515625 0.211807250976563 -0.0233001708984375
-0.170730590820312 -0.1103515625 0.241348266601563 0.087890625
-0.257965087890625 -0.44061279296875 0.094390869140625 0.53955078125
-0.298980712890625 -0.347381591796875 -0.076812744140625 0.178878784179687
-0.27105712890625 -0.284576416015625 -0.23687744140625 0.285369873046875
-0.344818115234375 -0.17755126953125 -0.130035400390625 0.45880126953125
-0.35662841796875 -0.049468994140625 0.0869140625 0.344146728515625
-0.357421875 0.128662109375 0.095855712890625 0.22576904296875
-0.257904052734375 0.26702880859375 0.0110626220703125 0.183975219726563
-0.228408813476562 0.266845703125 -0.0509490966796875 0.194488525390625
-0.22650146484375 0.28619384765625 -0.126144409179688 0.237411499023438
-0.276519775390625 0.237701416015625 -0.195465087890625 0.2298583984375
-0.3179931640625 0.100128173828125 -0.211761474609375 0.14404296875
-0.32806396484375 -0.0163574218749999 -0.203872680664063 0.0240631103515625
-0.225448608398438 -0.165283203125 -0.0305328369140625 -0.135757446289063
-0.210037231445313 -0.227264404296875 0.167160034179688 -0.0719757080078125
-0.260772705078125 -0.28619384765625 0.183059692382812 0.00567626953124998
-0.267822265625 -0.5858154296875 -0.030487060546875 0.404449462890625
-0.37261962890625 -0.5247802734375 -0.177886962890625 0.125961303710937
-0.4063720703125 -0.39434814453125 -0.21807861328125 0.3143310546875
-0.4854736328125 -0.18792724609375 -0.0396423339843751 0.45819091796875
-0.45440673828125 -0.010101318359375 0.197998046875 0.296356201171875
-0.416473388671875 0.1876220703125 0.210067749023438 0.13287353515625
-0.29296875 0.31134033203125 0.0915145874023437 0.038970947265625
-0.271728515625 0.31524658203125 0.000919342041015612 0.0494575500488281
-0.26556396484375 0.351806640625 -0.084381103515625 0.10888671875
-0.319122314453125 0.313568115234375 -0.145706176757813 0.136703491210938
-0.394439697265625 0.17364501953125 -0.180130004882813 0.0770721435546876
-0.44549560546875 0.0496215820312501 -0.181121826171875 -0.0137481689453125
-0.382965087890625 -0.19482421875 -0.0225982666015625 -0.165237426757813
-0.34820556640625 -0.343841552734375 0.1044921875 -0.125289916992188
-0.3343505859375 -0.4295654296875 0.0892868041992187 -0.116569519042969
-0.233642578125 -0.6370849609375 -0.153106689453125 0.246353149414063
-0.39080810546875 -0.593994140625 -0.26483154296875 0.0778045654296875
-0.463226318359375 -0.41607666015625 -0.171630859375 0.3260498046875
-0.532806396484375 -0.15289306640625 0.074981689453125 0.41656494140625
-0.457672119140625 0.0403747558593749 0.310455322265625 0.21038818359375
-0.39239501953125 0.219146728515625 0.313201904296875 0.00531005859375001
-0.276947021484375 0.310302734375 0.169113159179687 -0.114669799804688
-0.27313232421875 0.317169189453125 0.0527725219726562 -0.101837158203125
-0.269683837890625 0.36175537109375 -0.0426406860351563 -0.0346107482910156
-0.32574462890625 0.335845947265625 -0.0960159301757813 0.0121078491210938
-0.418212890625 0.208465576171875 -0.14532470703125 -0.0271453857421875
-0.501495361328125 0.0965881347656251 -0.152023315429688 -0.086639404296875
-0.48968505859375 -0.201416015625 -0.00366210937500003 -0.205520629882812
-0.438018798828125 -0.41656494140625 0.023101806640625 -0.179336547851563
-0.35919189453125 -0.518646240234375 -0.018768310546875 -0.265716552734375
-0.16998291015625 -0.59661865234375 -0.242874145507813 0.10089111328125
-0.355560302734375 -0.55712890625 -0.316680908203125 0.041961669921875
-0.437347412109375 -0.34735107421875 -0.107635498046875 0.30810546875
-0.466949462890625 -0.0769042968750001 0.182373046875 0.32806396484375
-0.370635986328125 0.0855102539062501 0.380035400390625 0.095977783203125
-0.2952880859375 0.209320068359375 0.379364013671875 -0.13104248046875
-0.212020874023438 0.256759643554688 0.220809936523438 -0.256256103515625
-0.230331420898438 0.267196655273438 0.0942840576171875 -0.237197875976562
-0.23382568359375 0.31158447265625 0.00041198730468748 -0.172348022460938
-0.284210205078125 0.296905517578125 -0.0425491333007813 -0.1199951171875
-0.383697509765625 0.19970703125 -0.0992584228515625 -0.145965576171875
-0.486846923828125 0.108428955078125 -0.09771728515625 -0.176437377929688
-0.510650634765625 -0.2060546875 0.0337066650390624 -0.243606567382813
-0.449310302734375 -0.4508056640625 -0.0546417236328125 -0.225067138671875
-0.319915771484375 -0.54827880859375 -0.12774658203125 -0.42340087890625
-0.095123291015625 -0.47613525390625 -0.300201416015625 -0.0115966796875001
-0.2933349609375 -0.432586669921875 -0.325469970703125 0.02252197265625
-0.342315673828125 -0.21929931640625 -0.0415496826171875 0.26458740234375
-0.32244873046875 0.00460815429687505 0.248504638671875 0.211105346679688
-0.221908569335937 0.105758666992188 0.39483642578125 -0.016632080078125
-0.158599853515625 0.155731201171875 0.393280029296875 -0.24542236328125
-0.120681762695313 0.164047241210937 0.24114990234375 -0.363616943359375
-0.153244018554688 0.177627563476562 0.11865234375 -0.334259033203125
-0.161575317382813 0.212158203125 0.0383148193359375 -0.278732299804688
-0.196456909179688 0.209716796875 0.0065460205078125 -0.230392456054688
-0.280258178710938 0.155670166015625 -0.0485992431640625 -0.251815795898438
-0.39154052734375 0.0930175781249999 -0.02587890625 -0.264907836914063
-0.4375 -0.195556640625 0.0896453857421875 -0.27117919921875
-0.364654541015625 -0.427886962890625 -0.1060791015625 -0.264999389648438
-0.213104248046875 -0.49560546875 -0.202880859375 -0.56964111328125
-0.011138916015625 -0.296356201171875 -0.318267822265625 -0.074798583984375
-0.197463989257813 -0.257217407226563 -0.299591064453125 0.02154541015625
-0.211105346679688 -0.078460693359375 0.01202392578125 0.208663940429688
-0.146636962890625 0.0662994384765625 0.270584106445313 0.102798461914063
-0.0582351684570312 0.0957412719726563 0.3660888671875 -0.103729248046875
-0.0136871337890625 0.0724105834960938 0.365509033203125 -0.32135009765625
-0.0200271606445313 0.0415763854980469 0.229827880859375 -0.420562744140625
-0.0547447204589844 0.0600090026855469 0.124420166015625 -0.3807373046875
-0.0552749633789063 0.0810470581054688 0.063690185546875 -0.3360595703125
-0.062408447265625 0.101722717285156 0.04302978515625 -0.29888916015625
-0.127067565917969 0.108131408691406 -0.00527954101562499 -0.324249267578125
-0.237197875976563 0.0804443359375 0.050872802734375 -0.331268310546875
-0.2950439453125 -0.14544677734375 0.156967163085938 -0.280624389648438
-0.2086181640625 -0.32427978515625 -0.117645263671875 -0.288909912109375
-0.064117431640625 -0.3551025390625 -0.2303466796875 -0.6827392578125
-0.0828475952148438 0.0169448852539062 0.31842041015625 0.6204833984375
0.0268173217773438 0.113739013671875 0.0987396240234375 0.25286865234375
0.115203857421875 0.001739501953125 -0.15130615234375 0.252731323242188
0.0438156127929688 -0.0879364013671875 -0.113861083984375 0.390625
-0.0399093627929688 -0.0798187255859375 -0.00231933593750003 0.3302001953125
-0.095733642578125 -0.0266494750976562 -0.025054931640625 0.298431396484375
-0.06390380859375 0.0611915588378906 -0.05859375 0.3485107421875
-0.0477828979492188 0.0581207275390625 -0.09552001953125 0.37701416015625
-0.0657958984375 0.0564727783203125 -0.17877197265625 0.39154052734375
-0.0970840454101563 0.0228347778320312 -0.274444580078125 0.317169189453125
-0.080657958984375 -0.03778076171875 -0.28240966796875 0.17779541015625
-0.0208206176757812 -0.0894241333007813 -0.227645874023438 0.0134735107421874
0.0994491577148438 -0.016571044921875 -0.0357208251953125 -0.129348754882813
0.0521240234375 0.109237670898438 0.231842041015625 -0.0125732421875
-0.073272705078125 0.0861282348632812 0.281890869140625 0.099609375
-0.208740234375 -0.210540771484375 0.24609375 0.6026611328125
-0.166778564453125 -0.100967407226562 0.0294189453125 0.223068237304688
-0.094085693359375 -0.128074645996094 -0.197418212890625 0.267364501953125
-0.159759521484375 -0.121978759765625 -0.131988525390625 0.43157958984375
-0.20623779296875 -0.0546112060546875 0.030914306640625 0.343719482421875
-0.237152099609375 0.06915283203125 0.0229644775390625 0.278427124023438
-0.161376953125 0.18701171875 -0.0338134765625 0.28973388671875
-0.137252807617188 0.180404663085937 -0.07244873046875 0.307891845703125
-0.143508911132812 0.191635131835938 -0.144683837890625 0.33734130859375
-0.189956665039062 0.145721435546875 -0.224578857421875 0.29559326171875
-0.205764770507812 0.0380859375 -0.232757568359375 0.185745239257812
-0.18280029296875 -0.0550384521484375 -0.208206176757813 0.0454864501953125
-0.0618515014648437 -0.107368469238281 -0.0399856567382813 -0.119232177734375
-0.0720062255859375 -0.0696563720703125 0.2071533203125 -0.0359649658203125
-0.172866821289062 -0.096221923828125 0.241851806640625 0.0735321044921875
-0.2841796875 -0.416961669921875 0.131927490234375 0.52685546875
-0.315032958984375 -0.321441650390625 -0.0595245361328125 0.181991577148437
-0.28887939453125 -0.269378662109375 -0.2099609375 0.291839599609375
-0.352447509765625 -0.1533203125 -0.0948486328125001 0.45989990234375
-0.356719970703125 -0.02435302734375 0.10992431640625 0.330963134765625
-0.348541259765625 0.15191650390625 0.108795166015625 0.213241577148438
-0.2392578125 0.281707763671875 0.023162841796875 0.179153442382813
-0.206497192382812 0.277786254882813 -0.0374908447265625 0.19476318359375
-0.20098876953125 0.301544189453125 -0.10882568359375 0.241867065429688
-0.25457763671875 0.255645751953125 -0.175094604492188 0.236907958984375
-0.30792236328125 0.12384033203125 -0.195175170898438 0.154876708984375
-0.327911376953125 0.00894165039062495 -0.191299438476563 0.0431671142578125
-0.234466552734375 -0.154052734375 -0.0384292602539063 -0.132308959960938
-0.222320556640625 -0.2142333984375 0.160171508789063 -0.0793304443359375
-0.275772094726563 -0.264129638671875 0.174942016601563 -0.00308227539062502
-0.2999267578125 -0.56036376953125 -0.004180908203125 0.402923583984375
-0.40032958984375 -0.487884521484375 -0.160797119140625 0.13800048828125
-0.428955078125 -0.369293212890625 -0.189239501953125 0.31768798828125
-0.49481201171875 -0.157989501953125 -0.00820922851562504 0.456024169921875
-0.4481201171875 0.0180358886718751 0.21636962890625 0.277999877929688
-0.40106201171875 0.21453857421875 0.214401245117187 0.109207153320313
-0.2713623046875 0.33001708984375 0.09112548828125 0.0319976806640625
-0.246246337890625 0.330413818359375 0.00313186645507811 0.0496902465820313
-0.235107421875 0.367218017578125 -0.0752944946289063 0.113922119140625
-0.29193115234375 0.334381103515625 -0.131851196289063 0.141494750976563
-0.37530517578125 0.198944091796875 -0.16693115234375 0.0865631103515625
-0.4366455078125 0.0810546874999999 -0.174957275390625 0.00193786621093752
-0.39190673828125 -0.16912841796875 -0.0332183837890625 -0.163619995117187
-0.36566162109375 -0.318572998046875 0.0921096801757812 -0.126945495605469
-0.357635498046875 -0.39996337890625 0.077880859375 -0.11529541015625
-0.26983642578125 -0.61358642578125 -0.131332397460938 0.253097534179688
-0.421844482421875 -0.558013916015625 -0.253692626953125 0.092742919921875
-0.4869384765625 -0.38812255859375 -0.145599365234375 0.32666015625
-0.538116455078125 -0.1156005859375 0.0999755859374999 0.404632568359375
-0.4495849609375 0.0705566406249999 0.318359375 0.18499755859375
-0.37591552734375 0.242889404296875 0.3084716796875 -0.0234375
-0.2532958984375 0.324615478515625 0.155319213867187 -0.124969482421875
-0.246978759765625 0.33233642578125 0.0421905517578125 -0.102104187011719
-0.2413330078125 0.376373291015625 -0.0446319580078125 -0.0310020446777343
-0.297210693359375 0.356475830078125 -0.0913543701171875 0.01715087890625
-0.4005126953125 0.236785888671875 -0.13916015625 -0.0164566040039062
-0.489288330078125 0.131103515625 -0.150466918945313 -0.072052001953125
-0.49658203125 -0.173675537109375 -0.0172576904296875 -0.204437255859375
-0.46112060546875 -0.387237548828125 0.00933837890624998 -0.173599243164063
-0.38958740234375 -0.48931884765625 -0.039886474609375 -0.253128051757813
-0.2027587890625 -0.57806396484375 -0.228775024414062 0.114456176757812
-0.386474609375 -0.523712158203125 -0.30645751953125 0.060150146484375
-0.45526123046875 -0.32080078125 -0.0860290527343751 0.3040771484375
-0.4691162109375 -0.04461669921875 0.197509765625 0.310211181640625
-0.358642578125 0.109619140625 0.377777099609375 0.0660400390625
-0.279525756835938 0.224853515625 0.362701416015625 -0.1595458984375
-0.193893432617188 0.268157958984375 0.19873046875 -0.26690673828125
-0.207977294921875 0.281524658203125 0.0755615234375 -0.236801147460937
-0.209991455078125 0.323883056640625 -0.0101318359375 -0.168487548828125
-0.261962890625 0.3125 -0.0495223999023438 -0.114799499511719
-0.365264892578125 0.225006103515625 -0.104667663574219 -0.135498046875
-0.474395751953125 0.14178466796875 -0.105865478515625 -0.164718627929688
-0.518524169921875 -0.175201416015625 0.0148773193359375 -0.243560791015625
-0.472381591796875 -0.420257568359375 -0.0706634521484375 -0.21307373046875
-0.35137939453125 -0.51824951171875 -0.154449462890625 -0.401885986328125
-0.12335205078125 -0.463134765625 -0.291778564453125 0.00613403320312504
-0.315582275390625 -0.40447998046875 -0.316009521484375 0.04071044921875
-0.354583740234375 -0.19964599609375 -0.024017333984375 0.257049560546875
-0.31878662109375 0.0256958007812499 0.253250122070313 0.191253662109375
-0.211227416992188 0.119674682617188 0.383026123046875 -0.04498291015625
-0.14630126953125 0.164199829101562 0.36767578125 -0.272430419921875
-0.11004638671875 0.169296264648438 0.210113525390625 -0.37353515625
-0.138946533203125 0.187225341796875 0.093719482421875 -0.33575439453125
-0.145355224609375 0.220046997070313 0.0188751220703125 -0.275466918945312
-0.17950439453125 0.219085693359375 -0.00601196289062502 -0.226303100585938
-0.268600463867188 0.172958374023437 -0.0621337890625 -0.242141723632813
-0.381195068359375 0.120025634765625 -0.042388916015625 -0.254928588867188
-0.445953369140625 -0.169342041015625 0.06719970703125 -0.273544311523438
-0.387420654296875 -0.402069091796875 -0.124755859375 -0.249954223632813
-0.2410888671875 -0.472625732421875 -0.23797607421875 -0.541046142578125
-0.03033447265625 -0.2919921875 -0.314544677734375 -0.05572509765625
-0.209259033203125 -0.237869262695312 -0.29302978515625 0.036712646484375
-0.214065551757813 -0.0651092529296875 0.023040771484375 0.20074462890625
-0.141738891601562 0.0744171142578125 0.267303466796875 0.0832061767578125
-0.0512924194335937 0.0980758666992188 0.347625732421875 -0.126739501953125
-0.0111808776855469 0.0699539184570312 0.33160400390625 -0.34124755859375
-0.0193557739257813 0.0414047241210938 0.194793701171875 -0.42791748046875
-0.0491485595703125 0.064727783203125 0.09832763671875 -0.384124755859375
-0.0515060424804688 0.0845108032226562 0.0408935546875 -0.333892822265625
-0.05572509765625 0.104507446289063 0.025543212890625 -0.295867919921875
-0.119400024414063 0.115501403808594 -0.025054931640625 -0.31640625
-0.229095458984375 0.0970306396484375 0.02783203125 -0.3265380859375
-0.300048828125 -0.127532958984375 0.132965087890625 -0.287261962890625
-0.227142333984375 -0.308685302734375 -0.139297485351563 -0.2725830078125
-0.08673095703125 -0.345062255859375 -0.272216796875 -0.6500244140625
-0.0803604125976562 0.023223876953125 0.3341064453125 0.59197998046875
0.0313186645507813 0.111526489257813 0.111190795898438 0.239059448242187
0.112701416015625 -0.003387451171875 -0.133834838867187 0.246810913085937
0.0394439697265625 -0.089141845703125 -0.094024658203125 0.381744384765625
-0.041717529296875 -0.0779266357421875 0.0126953125 0.316986083984375
-0.0978546142578125 -0.0196762084960937 -0.0145263671875 0.290679931640625
-0.0597381591796875 0.0603828430175781 -0.042266845703125 0.339447021484375
-0.0415992736816406 0.0560722351074219 -0.07666015625 0.367950439453125
-0.0585174560546875 0.0588951110839844 -0.156951904296875 0.38568115234375
-0.0937576293945313 0.0292892456054688 -0.250579833984375 0.317718505859375
-0.079345703125 -0.0334701538085938 -0.262313842773438 0.186065673828125
-0.0245208740234375 -0.0863037109375 -0.21490478515625 0.0240631103515625
0.0977020263671875 -0.0217437744140625 -0.0377120971679688 -0.121231079101563
0.0577850341796875 0.101821899414063 0.227325439453125 -0.017547607421875
-0.068511962890625 0.0882720947265625 0.275054931640625 0.08856201171875
-0.21282958984375 -0.194122314453125 0.26373291015625 0.58087158203125
-0.16546630859375 -0.089630126953125 0.043212890625 0.215087890625
-0.0979537963867188 -0.124122619628906 -0.177352905273438 0.262115478515625
-0.1607666015625 -0.113998413085938 -0.10919189453125 0.42303466796875
-0.20513916015625 -0.0455322265625 0.04669189453125 0.32989501953125
-0.232040405273437 0.0802764892578125 0.031829833984375 0.266510009765625
-0.151931762695313 0.1885986328125 -0.0185089111328125 0.279830932617188
-0.12310791015625 0.181900024414063 -0.057952880859375 0.302001953125
-0.128448486328125 0.1923828125 -0.126495361328125 0.333404541015625
-0.176544189453125 0.150924682617187 -0.20208740234375 0.294830322265625
-0.200607299804688 0.047027587890625 -0.21337890625 0.188751220703125
-0.182037353515625 -0.04498291015625 -0.194610595703125 0.052215576171875
-0.0645523071289062 -0.105369567871094 -0.0421371459960938 -0.112884521484375
-0.0722808837890625 -0.0684814453125 0.201019287109375 -0.0397796630859375
-0.172576904296875 -0.084991455078125 0.23394775390625 0.0666656494140625
-0.2930908203125 -0.394866943359375 0.14990234375 0.5115966796875
-0.31756591796875 -0.29931640625 -0.04632568359375 0.179290771484375
-0.29425048828125 -0.256866455078125 -0.18939208984375 0.284942626953125
-0.353485107421875 -0.13763427734375 -0.0742797851562501 0.4486083984375
-0.350372314453125 -0.00939941406250003 0.120941162109375 0.3135986328125
-0.33770751953125 0.164154052734375 0.114181518554688 0.199935913085938
-0.222686767578125 0.283721923828125 0.0306549072265625 0.169723510742188
-0.18707275390625 0.279800415039063 -0.0298614501953125 0.189300537109375
-0.18212890625 0.301910400390625 -0.0957489013671875 0.239730834960938
-0.235458374023438 0.261154174804688 -0.158096313476562 0.23626708984375
-0.295745849609375 0.135650634765625 -0.17852783203125 0.15899658203125
-0.318878173828125 0.0250244140625001 -0.178695678710938 0.0503692626953125
-0.235321044921875 -0.145858764648438 -0.0414886474609375 -0.127464294433594
-0.224700927734375 -0.204315185546875 0.153213500976563 -0.0798187255859375
-0.275650024414063 -0.245773315429687 0.167984008789062 -0.00343322753906252
-0.3121337890625 -0.537017822265625 0.0149536132812499 0.393035888671875
-0.406463623046875 -0.45855712890625 -0.148727416992188 0.138076782226562
-0.437103271484375 -0.35064697265625 -0.169891357421875 0.307861328125
-0.492584228515625 -0.135986328125 0.00930786132812494 0.4422607421875
-0.439544677734375 0.0373840332031249 0.221511840820312 0.257171630859375
-0.385986328125 0.225311279296875 0.212387084960937 0.0937042236328125
-0.251739501953125 0.332275390625 0.089447021484375 0.0255661010742188
-0.224273681640625 0.333770751953125 0.00252151489257811 0.0483856201171875
-0.213104248046875 0.367828369140625 -0.0678634643554688 0.114356994628906
-0.267608642578125 0.3387451171875 -0.121353149414063 0.14178466796875
-0.3597412109375 0.21234130859375 -0.15289306640625 0.0921783447265625
-0.42401123046875 0.0996704101562501 -0.164901733398438 0.010223388671875
-0.391265869140625 -0.1556396484375 -0.037811279296875 -0.157974243164063
-0.369964599609375 -0.301910400390625 0.084869384765625 -0.123863220214844
-0.359710693359375 -0.374725341796875 0.0688552856445312 -0.107841491699219
-0.28277587890625 -0.590087890625 -0.114608764648438 0.2525634765625
-0.42901611328125 -0.524993896484375 -0.239059448242188 0.098663330078125
-0.493560791015625 -0.365814208984375 -0.127899169921875 0.31463623046875
-0.5311279296875 -0.0921630859375001 0.112213134765625 0.389801025390625
-0.436248779296875 0.088226318359375 0.31573486328125 0.163970947265625
-0.358062744140625 0.252532958984375 0.297210693359375 -0.039886474609375
-0.234375 0.327789306640625 0.144989013671875 -0.129562377929687
-0.2247314453125 0.334381103515625 0.0347061157226562 -0.100593566894531
-0.21710205078125 0.3770751953125 -0.0429573059082031 -0.027008056640625
-0.272918701171875 0.35943603515625 -0.0875244140625 0.0189437866210938
-0.380767822265625 0.249481201171875 -0.132743835449219 -0.00948333740234375
-0.4736328125 0.149810791015625 -0.144119262695313 -0.0623016357421875
-0.492889404296875 -0.15478515625 -0.0268096923828125 -0.198287963867188
-0.466033935546875 -0.364990234375 0.00106811523437498 -0.164840698242188
-0.394378662109375 -0.460693359375 -0.049774169921875 -0.237335205078125
-0.21783447265625 -0.55816650390625 -0.214157104492188 0.118576049804687
-0.39404296875 -0.49053955078125 -0.293060302734375 0.0670776367187499
-0.46044921875 -0.29962158203125 -0.073333740234375 0.291473388671875
-0.459991455078125 -0.0251159667968749 0.20068359375 0.29364013671875
-0.3455810546875 0.120697021484375 0.36737060546875 0.047576904296875
-0.264739990234375 0.230438232421875 0.3427734375 -0.1751708984375
-0.179931640625 0.269943237304688 0.179702758789063 -0.268966674804688
-0.190460205078125 0.282958984375 0.0613555908203125 -0.232574462890625
-0.191375732421875 0.32476806640625 -0.0164337158203125 -0.16290283203125
-0.2412109375 0.316131591796875 -0.0509872436523437 -0.110404968261719
-0.34808349609375 0.23486328125 -0.103706359863281 -0.125358581542969
-0.45751953125 0.1585693359375 -0.10614013671875 -0.15301513671875
-0.51416015625 -0.155731201171875 0.00222778320312497 -0.238235473632813
-0.478759765625 -0.396209716796875 -0.0784912109375 -0.20086669921875
-0.35992431640625 -0.490692138671875 -0.1673583984375 -0.377593994140625
-0.1361083984375 -0.447174072265625 -0.278610229492187 0.0142669677734374
-0.32080078125 -0.376983642578125 -0.3031005859375 0.0479736328125
-0.35723876953125 -0.1820068359375 -0.01593017578125 0.244796752929688
-0.311309814453125 0.0386962890625 0.247802734375 0.17596435546875
-0.20001220703125 0.125473022460938 0.36602783203125 -0.06121826171875
-0.138137817382812 0.16455078125 0.33941650390625 -0.283233642578125
-0.101577758789063 0.168960571289063 0.187347412109375 -0.37042236328125
-0.127365112304688 0.189132690429687 0.0772705078125 -0.32855224609375
-0.133499145507812 0.220458984375 0.00903320312499999 -0.268539428710938
-0.1663818359375 0.22088623046875 -0.01312255859375 -0.219085693359375
-0.25531005859375 0.180145263671875 -0.0677032470703125 -0.230377197265625
-0.367431640625 0.1317138671875 -0.0499420166015625 -0.243545532226563
-0.442169189453125 -0.15301513671875 0.050689697265625 -0.269561767578125
-0.393585205078125 -0.378997802734375 -0.133544921875 -0.233856201171875
-0.253021240234375 -0.450958251953125 -0.25201416015625 -0.51080322265625
-0.0401611328125 -0.283599853515625 -0.302947998046875 -0.0467529296875
-0.213516235351562 -0.221572875976563 -0.2806396484375 0.0434722900390625
-0.213226318359375 -0.0561065673828125 0.0272369384765625 0.188995361328125
-0.135894775390625 0.0770034790039063 0.257232666015625 0.0699005126953125
-0.04522705078125 0.09722900390625 0.32684326171875 -0.137451171875
-0.009521484375 0.0674057006835938 0.301513671875 -0.347747802734375
-0.0183258056640625 0.0407333374023437 0.17034912109375 -0.422271728515625
-0.0462303161621094 0.0658416748046875 0.079986572265625 -0.374847412109375
-0.0473098754882813 0.0844879150390625 0.02850341796875 -0.325836181640625
-0.0504913330078125 0.102760314941406 0.0155029296875 -0.287872314453125
-0.112754821777344 0.117019653320313 -0.036163330078125 -0.303680419921875
-0.219772338867188 0.103851318359375 0.013519287109375 -0.31524658203125
-0.29736328125 -0.116424560546875 0.1143798828125 -0.284210205078125
-0.2347412109375 -0.294189453125 -0.148818969726563 -0.255523681640625
-0.0985412597656249 -0.3319091796875 -0.28997802734375 -0.61773681640625
-0.0799484252929688 0.027587890625 0.33563232421875 0.5784912109375
0.03375244140625 0.110511779785156 0.118209838867187 0.232177734375
0.112129211425781 -0.00514984130859375 -0.12506103515625 0.2398681640625
0.0374755859375 -0.08880615234375 -0.08587646484375 0.373443603515625
-0.0416107177734375 -0.0782012939453125 0.016448974609375 0.30889892578125
-0.0992889404296875 -0.0142974853515625 -0.010498046875 0.28515625
-0.0588607788085938 0.0597496032714844 -0.037689208984375 0.332244873046875
-0.0395889282226563 0.0541152954101562 -0.070098876953125 0.360076904296875
-0.0549583435058594 0.0594635009765625 -0.147796630859375 0.3828125
-0.0908355712890625 0.031280517578125 -0.24005126953125 0.314910888671875
-0.0785140991210938 -0.0309600830078125 -0.250564575195313 0.18658447265625
-0.0247116088867187 -0.083709716796875 -0.204879760742188 0.0276031494140625
0.09539794921875 -0.0260696411132812 -0.0367202758789062 -0.116172790527344
0.0583267211914062 0.0971527099609375 0.225616455078125 -0.0176849365234375
-0.06536865234375 0.0897216796875 0.268264770507813 0.087158203125
-0.2132568359375 -0.187667846679688 0.26629638671875 0.56964111328125
-0.161819458007813 -0.0859832763671875 0.0512542724609375 0.209091186523437
-0.0997543334960938 -0.123725891113281 -0.168899536132813 0.254745483398438
-0.16107177734375 -0.110916137695312 -0.1011962890625 0.415740966796875
-0.204071044921875 -0.0428466796875 0.051544189453125 0.3189697265625
-0.230636596679687 0.0848846435546875 0.0347900390625 0.259246826171875
-0.149078369140625 0.189361572265625 -0.0148773193359375 0.273605346679687
-0.11773681640625 0.181243896484375 -0.05224609375 0.29620361328125
-0.122406005859375 0.19317626953125 -0.1177978515625 0.329376220703125
-0.1695556640625 0.153045654296875 -0.19366455078125 0.2913818359375
-0.19635009765625 0.0505523681640625 -0.203125 0.188705444335937
-0.180130004882813 -0.040435791015625 -0.184768676757813 0.0546875
-0.066131591796875 -0.106460571289063 -0.0406341552734375 -0.109298706054687
-0.0723114013671875 -0.0700225830078125 0.197830200195313 -0.0390625
-0.169570922851563 -0.0814971923828125 0.22808837890625 0.06719970703125
-0.293365478515625 -0.386962890625 0.15228271484375 0.503326416015625
-0.313690185546875 -0.291351318359375 -0.0386199951171875 0.17633056640625
-0.29620361328125 -0.253814697265625 -0.18121337890625 0.276382446289063
-0.3536376953125 -0.132080078125 -0.067108154296875 0.442169189453125
-0.346466064453125 -0.00509643554687502 0.124359130859375 0.302276611328125
-0.33392333984375 0.168426513671875 0.114425659179687 0.190383911132812
-0.21661376953125 0.2835693359375 0.0306243896484375 0.1636962890625
-0.17950439453125 0.27899169921875 -0.027008056640625 0.186508178710938
-0.172760009765625 0.30059814453125 -0.0889434814453125 0.237274169921875
-0.225936889648437 0.26275634765625 -0.1502685546875 0.233627319335938
-0.29034423828125 0.140533447265625 -0.168472290039063 0.158645629882812
-0.315277099609375 0.030120849609375 -0.168777465820313 0.0514984130859375
-0.23712158203125 -0.144912719726563 -0.0417022705078125 -0.12353515625
-0.2252197265625 -0.202926635742187 0.151153564453125 -0.077423095703125
-0.273712158203125 -0.238510131835937 0.16229248046875 0.000137329101562485
-0.313720703125 -0.52587890625 0.021209716796875 0.38702392578125
-0.40362548828125 -0.446624755859375 -0.140296936035156 0.135932922363281
-0.439697265625 -0.34674072265625 -0.16571044921875 0.297821044921875
-0.491180419921875 -0.126708984375 0.0146789550781249 0.434814453125
-0.433013916015625 0.0435485839843749 0.222274780273437 0.24591064453125
-0.380157470703125 0.2294921875 0.208145141601562 0.082977294921875
-0.244659423828125 0.33355712890625 0.0874176025390625 0.021697998046875
-0.215118408203125 0.33258056640625 0.00214385986328124 0.0479507446289063
-0.20367431640625 0.367645263671875 -0.0645599365234375 0.112579345703125
-0.25732421875 0.338897705078125 -0.11602783203125 0.140144348144531
-0.351898193359375 0.217559814453125 -0.1455078125 0.0921630859375
-0.417449951171875 0.10638427734375 -0.15679931640625 0.01300048828125
-0.39202880859375 -0.1524658203125 -0.0410614013671875 -0.15484619140625
-0.371856689453125 -0.2972412109375 0.081878662109375 -0.119064331054688
-0.356414794921875 -0.3638916015625 0.0650253295898437 -0.100921630859375
-0.28387451171875 -0.57965087890625 -0.106369018554688 0.249176025390625
-0.42596435546875 -0.51031494140625 -0.231033325195313 0.09698486328125
-0.4967041015625 -0.359344482421875 -0.1243896484375 0.303558349609375
-0.5289306640625 -0.08416748046875 0.1141357421875 0.382598876953125
-0.43011474609375 0.0931396484375001 0.311279296875 0.1533203125
-0.350555419921875 0.2545166015625 0.289093017578125 -0.04852294921875
-0.22845458984375 0.32757568359375 0.138771057128906 -0.13104248046875
-0.215362548828125 0.3336181640625 0.0316238403320312 -0.0981369018554687
-0.2080078125 0.376220703125 -0.0417633056640625 -0.0264015197753906
-0.2618408203125 0.360260009765625 -0.0844345092773438 0.0196304321289063
-0.37322998046875 0.25469970703125 -0.126861572265625 -0.00694274902343747
-0.4678955078125 0.15570068359375 -0.138389587402344 -0.0582275390625
-0.493255615234375 -0.15203857421875 -0.0306243896484375 -0.195510864257813
-0.466796875 -0.35858154296875 -0.00167846679687503 -0.158401489257813
-0.39166259765625 -0.44866943359375 -0.05291748046875 -0.2265625
-0.21942138671875 -0.5504150390625 -0.205474853515625 0.117034912109375
-0.392120361328125 -0.478179931640625 -0.28515625 0.066009521484375
-0.46221923828125 -0.29296875 -0.07122802734375 0.281112670898438
-0.45697021484375 -0.0170593261718751 0.19793701171875 0.286529541015625
-0.33905029296875 0.1256103515625 0.360382080078125 0.039520263671875
-0.258743286132812 0.2310791015625 0.32989501953125 -0.181182861328125
-0.174545288085938 0.269317626953125 0.171127319335938 -0.2667236328125
-0.183074951171875 0.28265380859375 0.0558624267578125 -0.228164672851562
-0.183441162109375 0.3238525390625 -0.017852783203125 -0.159652709960937
-0.232452392578125 0.3165283203125 -0.0503921508789063 -0.107490539550781
-0.340728759765625 0.239349365234375 -0.101219177246094 -0.121116638183594
-0.450439453125 0.163665771484375 -0.103164672851563 -0.146896362304687
-0.51202392578125 -0.152557373046875 -0.00419616699218754 -0.235260009765625
-0.479278564453125 -0.387298583984375 -0.0809783935546875 -0.193069458007813
-0.357635498046875 -0.47979736328125 -0.16888427734375 -0.36376953125
-0.137451171875 -0.440826416015625 -0.269088745117188 0.0142059326171875
-0.3193359375 -0.365325927734375 -0.295989990234375 0.046875
-0.3570556640625 -0.177337646484375 -0.015655517578125 0.235626220703125
-0.306884765625 0.0438232421875 0.242507934570312 0.170761108398438
-0.19500732421875 0.127090454101563 0.35430908203125 -0.06439208984375
-0.1353759765625 0.16400146484375 0.32379150390625 -0.28485107421875
-0.0997161865234375 0.168228149414062 0.1771240234375 -0.36669921875
-0.122879028320313 0.188949584960938 0.0709228515625 -0.32275390625
-0.128524780273438 0.220062255859375 0.00679016113281248 -0.263900756835938
-0.160049438476562 0.220932006835938 -0.01385498046875 -0.21527099609375
-0.250106811523437 0.182510375976562 -0.06756591796875 -0.22369384765625
-0.36187744140625 0.136932373046875 -0.05029296875 -0.235687255859375
-0.4398193359375 -0.1492919921875 0.0423583984375 -0.265869140625
-0.394866943359375 -0.372528076171875 -0.136566162109375 -0.224288940429688
-0.254302978515625 -0.4405517578125 -0.253326416015625 -0.494537353515625
-0.041900634765625 -0.281158447265625 -0.294586181640625 -0.047393798828125
-0.21209716796875 -0.214019775390625 -0.273834228515625 0.0418243408203125
-0.21368408203125 -0.0534210205078125 0.026214599609375 0.181045532226563
-0.133857727050781 0.0789871215820312 0.248321533203125 0.06622314453125
-0.04296875 0.0967559814453125 0.314208984375 -0.139190673828125
-0.0100898742675781 0.0657196044921875 0.283935546875 -0.346466064453125
-0.0188102722167969 0.0396461486816406 0.159881591796875 -0.416961669921875
-0.0443077087402344 0.0659675598144531 0.073333740234375 -0.369140625
-0.0458755493164063 0.0841064453125 0.02532958984375 -0.32073974609375
-0.0492172241210937 0.101783752441406 0.014862060546875 -0.28277587890625
-0.1092529296875 0.117828369140625 -0.03729248046875 -0.29510498046875
-0.215789794921875 0.106185913085937 0.010101318359375 -0.306427001953125
-0.2972412109375 -0.11444091796875 0.104583740234375 -0.281768798828125
-0.235809326171875 -0.289703369140625 -0.151535034179688 -0.2454833984375
-0.100555419921875 -0.324859619140625 -0.29095458984375 -0.60125732421875
-0.0828857421875 0.030975341796875 0.3406982421875 0.5828857421875
0.035797119140625 0.112861633300781 0.124755859375 0.23138427734375
0.114273071289063 -0.00632476806640625 -0.12457275390625 0.238250732421875
0.0365676879882813 -0.0903396606445313 -0.084808349609375 0.37408447265625
-0.0435028076171875 -0.08026123046875 0.01971435546875 0.308013916015625
-0.101890563964844 -0.00972747802734377 -0.00894165039062498 0.287139892578125
-0.060455322265625 0.0625457763671875 -0.035919189453125 0.3336181640625
-0.0400657653808594 0.054046630859375 -0.06805419921875 0.36328125
-0.0535316467285156 0.061187744140625 -0.144561767578125 0.388031005859375
-0.0916290283203125 0.0337066650390625 -0.237152099609375 0.31951904296875
-0.080657958984375 -0.030181884765625 -0.24822998046875 0.190261840820312
-0.0254974365234375 -0.0849227905273438 -0.202178955078125 0.030029296875
0.0954971313476563 -0.0292816162109375 -0.0355911254882812 -0.114585876464844
0.0608139038085937 0.0955963134765625 0.2301025390625 -0.015533447265625
-0.0639877319335938 0.093170166015625 0.26776123046875 0.0902557373046875
-0.217041015625 -0.1881103515625 0.270751953125 0.5760498046875
-0.162551879882813 -0.0855560302734375 0.058258056640625 0.210098266601563
-0.102470397949219 -0.127487182617188 -0.169036865234375 0.252105712890625
-0.165451049804688 -0.11212158203125 -0.098663330078125 0.419403076171875
-0.20831298828125 -0.04376220703125 0.0548095703125 0.317962646484375
-0.2357177734375 0.090667724609375 0.0353240966796875 0.258758544921875
-0.150955200195312 0.194198608398438 -0.0129852294921875 0.273818969726563
-0.11798095703125 0.18365478515625 -0.0513916015625 0.299072265625
-0.120376586914062 0.196975708007813 -0.115447998046875 0.334930419921875
-0.169174194335937 0.15850830078125 -0.19195556640625 0.294525146484375
-0.199737548828125 0.0539398193359375 -0.200180053710938 0.190841674804687
-0.182601928710938 -0.0389251708984375 -0.180801391601562 0.057037353515625
-0.0702896118164063 -0.109825134277344 -0.0418624877929688 -0.108352661132813
-0.074676513671875 -0.0734329223632813 0.201507568359375 -0.0384063720703125
-0.169418334960938 -0.0805511474609375 0.22747802734375 0.0719451904296875
-0.297149658203125 -0.390411376953125 0.158935546875 0.507781982421875
-0.3179931640625 -0.29376220703125 -0.03363037109375 0.176422119140625
-0.30511474609375 -0.261810302734375 -0.1832275390625 0.272903442382813
-0.360321044921875 -0.1328125 -0.06378173828125 0.4464111328125
-0.3525390625 -0.00314331054687507 0.12835693359375 0.300628662109375
-0.33868408203125 0.1754150390625 0.11572265625 0.187057495117188
-0.21734619140625 0.292724609375 0.0305328369140625 0.163314819335938
-0.178802490234375 0.284027099609375 -0.02703857421875 0.187713623046875
-0.171295166015625 0.307342529296875 -0.086883544921875 0.2398681640625
-0.22442626953125 0.269454956054688 -0.148895263671875 0.235870361328125
-0.29254150390625 0.14752197265625 -0.164337158203125 0.161178588867187
-0.318572998046875 0.0359497070312499 -0.165252685546875 0.0535888671875
-0.2451171875 -0.148788452148438 -0.0433502197265625 -0.123847961425781
-0.231887817382813 -0.207763671875 0.152847290039062 -0.0761566162109375
-0.274749755859375 -0.24072265625 0.161346435546875 0.00492858886718748
-0.318023681640625 -0.5338134765625 0.02484130859375 0.391815185546875
-0.407928466796875 -0.45135498046875 -0.137351989746094 0.136192321777344
-0.451416015625 -0.354949951171875 -0.166534423828125 0.29449462890625
-0.5008544921875 -0.125152587890625 0.017486572265625 0.44061279296875
-0.438995361328125 0.0468139648437499 0.2271728515625 0.244369506835938
-0.384002685546875 0.238128662109375 0.209640502929688 0.077178955078125
-0.246002197265625 0.34130859375 0.0864715576171875 0.0189285278320313
-0.2132568359375 0.33935546875 0.00171279907226562 0.0493202209472656
-0.201995849609375 0.375823974609375 -0.0625534057617188 0.113739013671875
-0.25579833984375 0.347137451171875 -0.114669799804687 0.142242431640625
-0.35516357421875 0.226043701171875 -0.142623901367188 0.09417724609375
-0.421844482421875 0.11309814453125 -0.153167724609375 0.0150299072265625
-0.40203857421875 -0.156036376953125 -0.042938232421875 -0.155838012695313
-0.3814697265625 -0.3035888671875 0.0824203491210937 -0.117393493652344
-0.36004638671875 -0.369720458984375 0.0635223388671875 -0.0960769653320313
-0.2884521484375 -0.58880615234375 -0.1031494140625 0.251022338867187
-0.430908203125 -0.516082763671875 -0.2303466796875 0.09649658203125
-0.5101318359375 -0.36676025390625 -0.127838134765625 0.29998779296875
-0.53656005859375 -0.0802612304687499 0.117462158203125 0.386993408203125
-0.435302734375 0.0991821289062499 0.314544677734375 0.150970458984375
-0.35467529296875 0.26092529296875 0.288787841796875 -0.056488037109375
-0.230682373046875 0.335052490234375 0.137161254882813 -0.134666442871094
-0.215118408203125 0.339996337890625 0.0302810668945312 -0.097991943359375
-0.20745849609375 0.383636474609375 -0.041656494140625 -0.0273475646972656
-0.2608642578125 0.367523193359375 -0.0841903686523438 0.0205078125
-0.376983642578125 0.262939453125 -0.124526977539063 -0.0055999755859375
-0.47332763671875 0.163909912109375 -0.135879516601563 -0.0567550659179688
-0.5052490234375 -0.154388427734375 -0.0353546142578125 -0.197235107421875
-0.478363037109375 -0.3648681640625 -0.00306701660156254 -0.1566162109375
-0.39630126953125 -0.45416259765625 -0.054473876953125 -0.22216796875
-0.224578857421875 -0.556732177734375 -0.202896118164063 0.116241455078125
-0.3968505859375 -0.48175048828125 -0.28594970703125 0.0646667480468749
-0.47369384765625 -0.298065185546875 -0.0743255615234375 0.278457641601563
-0.46282958984375 -0.0134887695312499 0.200958251953125 0.2900390625
-0.34197998046875 0.130859375 0.361480712890625 0.036163330078125
-0.262603759765625 0.236480712890625 0.32855224609375 -0.18902587890625
-0.175750732421875 0.274658203125 0.169219970703125 -0.271804809570313
-0.182373046875 0.28814697265625 0.0545654296875 -0.229568481445312
-0.183349609375 0.331085205078125 -0.0178070068359375 -0.162200927734375
-0.23138427734375 0.323089599609375 -0.05035400390625 -0.108894348144531
-0.345947265625 0.2471923828125 -0.0993041992187501 -0.120689392089844
-0.4569091796875 0.170654296875 -0.10211181640625 -0.146270751953125
-0.525665283203125 -0.157440185546875 -0.00927734375000003 -0.23748779296875
-0.49200439453125 -0.394256591796875 -0.084136962890625 -0.190902709960938
-0.362335205078125 -0.485504150390625 -0.17169189453125 -0.36029052734375
-0.140960693359375 -0.44696044921875 -0.266464233398437 0.0104217529296875
-0.32379150390625 -0.368011474609375 -0.297576904296875 0.04412841796875
-0.36700439453125 -0.179473876953125 -0.0189666748046875 0.233505249023438
-0.31182861328125 0.04766845703125 0.24267578125 0.173324584960938
-0.195541381835938 0.130874633789062 0.35467529296875 -0.06732177734375
-0.136734008789062 0.167373657226563 0.320770263671875 -0.291259765625
-0.100387573242187 0.171234130859375 0.1746826171875 -0.371551513671875
-0.122177124023438 0.192581176757812 0.0694580078125 -0.32501220703125
-0.128768920898438 0.2244873046875 0.00595092773437498 -0.267440795898438
-0.160263061523437 0.225692749023438 -0.01348876953125 -0.217453002929688
-0.25274658203125 0.188507080078125 -0.0667266845703125 -0.22381591796875
-0.365692138671875 0.141632080078125 -0.050262451171875 -0.234664916992188
-0.451202392578125 -0.15380859375 0.0367431640625 -0.268508911132813
-0.40423583984375 -0.378265380859375 -0.140853881835938 -0.222732543945313
-0.257354736328125 -0.44500732421875 -0.25616455078125 -0.494049072265625
-0.0435791015625 -0.28582763671875 -0.2930908203125 -0.051513671875
-0.214935302734375 -0.213409423828125 -0.27557373046875 0.0386505126953125
-0.21856689453125 -0.05352783203125 0.023590087890625 0.179672241210938
-0.135391235351563 0.0822219848632813 0.247116088867188 0.067138671875
-0.0419845581054688 0.0988311767578125 0.31024169921875 -0.139892578125
-0.0104637145996094 0.0664596557617188 0.278533935546875 -0.3511962890625
-0.0203475952148438 0.0400047302246094 0.157379150390625 -0.420135498046875
-0.0447502136230469 0.06719970703125 0.072113037109375 -0.37139892578125
-0.0458450317382812 0.0855331420898438 0.024749755859375 -0.324462890625
-0.0492095947265625 0.103492736816406 0.014801025390625 -0.285247802734375
-0.109687805175781 0.121185302734375 -0.03778076171875 -0.295501708984375
-0.218124389648438 0.110107421875 0.00888061523437497 -0.307098388671875
-0.303619384765625 -0.11724853515625 0.10040283203125 -0.285003662109375
-0.242218017578125 -0.294342041015625 -0.156646728515625 -0.24322509765625
-0.1025390625 -0.327484130859375 -0.294189453125 -0.60406494140625
-0.0860443115234375 0.038177490234375 0.36505126953125 0.59881591796875
0.0427322387695313 0.118362426757813 0.13909912109375 0.2337646484375
0.119926452636719 -0.0100555419921875 -0.123016357421875 0.244354248046875
0.0362701416015625 -0.0947189331054688 -0.077880859375 0.386505126953125
-0.0483551025390625 -0.0846481323242188 0.02642822265625 0.313446044921875
-0.106414794921875 -0.0041046142578125 -0.00393676757812498 0.2955322265625
-0.0619239807128906 0.0678825378417969 -0.03143310546875 0.343353271484375
-0.0412864685058594 0.0564804077148438 -0.06256103515625 0.375030517578125
-0.0525131225585938 0.0660133361816406 -0.137603759765625 0.404815673828125
-0.0925827026367188 0.0389175415039062 -0.23638916015625 0.333770751953125
-0.0847625732421875 -0.0290069580078125 -0.248809814453125 0.202362060546875
-0.02880859375 -0.0873565673828125 -0.204544067382812 0.0366973876953125
0.0972900390625 -0.0344390869140625 -0.0374374389648438 -0.115287780761719
0.0648269653320313 0.09588623046875 0.240249633789063 -0.018341064453125
-0.0624465942382813 0.0989913940429688 0.275634765625 0.0914459228515625
-0.230484008789063 -0.188385009765625 0.293212890625 0.59234619140625
-0.168533325195312 -0.0847625732421875 0.069305419921875 0.213760375976563
-0.110610961914063 -0.132797241210937 -0.169647216796875 0.259597778320313
-0.175033569335938 -0.111968994140625 -0.092803955078125 0.4344482421875
-0.217514038085938 -0.0425567626953125 0.0633544921875 0.32196044921875
-0.242507934570313 0.104385375976563 0.0416717529296875 0.263214111328125
-0.150863647460938 0.20745849609375 -0.009735107421875 0.28167724609375
-0.116958618164063 0.193695068359375 -0.04583740234375 0.309539794921875
-0.11846923828125 0.20806884765625 -0.108062744140625 0.348388671875
-0.169281005859375 0.169891357421875 -0.189117431640625 0.30914306640625
-0.204986572265625 0.0628509521484375 -0.197738647460937 0.201904296875
-0.190277099609375 -0.0334625244140625 -0.181640625 0.062957763671875
-0.0784683227539063 -0.114105224609375 -0.0448760986328125 -0.108558654785156
-0.0803375244140625 -0.0767898559570312 0.209762573242188 -0.040985107421875
-0.174835205078125 -0.0804595947265625 0.234512329101563 0.0745391845703125
-0.317901611328125 -0.3980712890625 0.17645263671875 0.524200439453125
-0.33123779296875 -0.297454833984375 -0.027496337890625 0.180648803710938
-0.32623291015625 -0.268798828125 -0.185455322265625 0.28033447265625
-0.37847900390625 -0.128997802734375 -0.054901123046875 0.46221923828125
-0.36651611328125 0.00363159179687503 0.140960693359375 0.302947998046875
-0.348846435546875 0.193695068359375 0.121536254882812 0.186248779296875
-0.21966552734375 0.310791015625 0.033355712890625 0.166656494140625
-0.17724609375 0.298797607421875 -0.0235443115234375 0.195587158203125
-0.167755126953125 0.323974609375 -0.08306884765625 0.248947143554688
-0.222808837890625 0.28631591796875 -0.146560668945313 0.247039794921875
-0.298797607421875 0.16265869140625 -0.16290283203125 0.169540405273438
-0.329864501953125 0.04779052734375 -0.16424560546875 0.0592803955078125
-0.261367797851563 -0.149917602539063 -0.0478515625 -0.124992370605469
-0.246963500976563 -0.212890625 0.158035278320312 -0.07928466796875
-0.286651611328125 -0.245513916015625 0.164642333984375 0.00889587402343748
-0.3428955078125 -0.548065185546875 0.03546142578125 0.404632568359375
-0.430755615234375 -0.460235595703125 -0.136016845703125 0.141159057617187
-0.482208251953125 -0.362701416015625 -0.16943359375 0.302032470703125
-0.522491455078125 -0.1180419921875 0.0283203125 0.454376220703125
-0.45458984375 0.0588684082031249 0.240097045898438 0.244308471679688
-0.393646240234375 0.25738525390625 0.21539306640625 0.0696258544921875
-0.247100830078125 0.362823486328125 0.0873641967773437 0.0160446166992188
-0.211944580078125 0.357940673828125 0.00300216674804686 0.0514183044433594
-0.19805908203125 0.396209716796875 -0.0610122680664063 0.117942810058594
-0.253326416015625 0.367401123046875 -0.11383056640625 0.14971923828125
-0.36328125 0.246185302734375 -0.140472412109375 0.100685119628906
-0.435546875 0.132232666015625 -0.15350341796875 0.0186309814453125
-0.426055908203125 -0.15484619140625 -0.0496368408203125 -0.158462524414063
-0.4046630859375 -0.309356689453125 0.0832901000976562 -0.120002746582031
-0.377685546875 -0.37701416015625 0.0632553100585937 -0.093597412109375
-0.3116455078125 -0.60662841796875 -0.097686767578125 0.260208129882813
-0.455810546875 -0.524993896484375 -0.233917236328125 0.100875854492188
-0.542694091796875 -0.373077392578125 -0.129913330078125 0.307403564453125
-0.560760498046875 -0.06982421875 0.1300048828125 0.397979736328125
-0.447845458984375 0.113677978515625 0.329681396484375 0.146026611328125
-0.362060546875 0.28094482421875 0.29376220703125 -0.069244384765625
-0.229461669921875 0.353607177734375 0.13720703125 -0.143508911132812
-0.2115478515625 0.35882568359375 0.0289688110351562 -0.1009521484375
-0.20355224609375 0.403533935546875 -0.0435142517089844 -0.0286140441894531
-0.25921630859375 0.38909912109375 -0.0847702026367188 0.0226898193359375
-0.383087158203125 0.286407470703125 -0.124893188476563 -0.00295257568359374
-0.48858642578125 0.183929443359375 -0.137458801269531 -0.0548629760742188
-0.533721923828125 -0.1522216796875 -0.0434417724609375 -0.201705932617187
-0.50799560546875 -0.370086669921875 -0.00701904296875002 -0.158370971679688
-0.417327880859375 -0.46588134765625 -0.0608062744140625 -0.222335815429688
-0.242431640625 -0.57476806640625 -0.203155517578125 0.120620727539062
-0.41973876953125 -0.490234375 -0.2928466796875 0.06805419921875
-0.504608154296875 -0.301177978515625 -0.075714111328125 0.284881591796875
-0.4808349609375 -0.001861572265625 0.212493896484375 0.297149658203125
-0.34942626953125 0.14495849609375 0.373046875 0.029815673828125
-0.266387939453125 0.252593994140625 0.3311767578125 -0.205810546875
-0.175445556640625 0.289794921875 0.167510986328125 -0.2845458984375
-0.180572509765625 0.30426025390625 0.051300048828125 -0.237060546875
-0.18170166015625 0.348419189453125 -0.0214385986328125 -0.168472290039062
-0.230712890625 0.3414306640625 -0.0527191162109375 -0.1109619140625
-0.351806640625 0.26641845703125 -0.101875305175781 -0.121955871582031
-0.470947265625 0.189361572265625 -0.105560302734375 -0.147659301757813
-0.553863525390625 -0.154754638671875 -0.01904296875 -0.244659423828125
-0.5224609375 -0.4012451171875 -0.0927886962890625 -0.19189453125
-0.38482666015625 -0.498504638671875 -0.18243408203125 -0.36468505859375
-0.15362548828125 -0.46380615234375 -0.270462036132813 0.0117950439453125
-0.342193603515625 -0.3729248046875 -0.305572509765625 0.047393798828125
-0.38848876953125 -0.17852783203125 -0.0184783935546875 0.238388061523438
-0.322418212890625 0.05810546875 0.253173828125 0.174942016601563
-0.197189331054687 0.14202880859375 0.36273193359375 -0.075897216796875
-0.137435913085938 0.177459716796875 0.31854248046875 -0.3084716796875
-0.10089111328125 0.180419921875 0.1724853515625 -0.38690185546875
-0.1212158203125 0.202682495117188 0.064483642578125 -0.336883544921875
-0.127853393554688 0.236099243164062 0.00122070312499998 -0.277557373046875
-0.159896850585937 0.2381591796875 -0.0166473388671875 -0.224517822265625
-0.256759643554688 0.203369140625 -0.07135009765625 -0.228469848632813
-0.3768310546875 0.157440185546875 -0.0542449951171875 -0.240219116210938
-0.475982666015625 -0.152557373046875 0.0285186767578125 -0.278366088867188
-0.431549072265625 -0.3865966796875 -0.152557373046875 -0.223129272460938
-0.27484130859375 -0.457916259765625 -0.273223876953125 -0.502777099609375
-0.05078125 -0.296783447265625 -0.299224853515625 -0.05364990234375
-0.226531982421875 -0.2159423828125 -0.283477783203125 0.041473388671875
-0.230728149414063 -0.0505828857421875 0.025177001953125 0.1832275390625
-0.13818359375 0.0892562866210937 0.253677368164063 0.0654449462890625
-0.0388031005859375 0.103965759277344 0.31463623046875 -0.15008544921875
-0.0100135803222656 0.0692825317382813 0.27325439453125 -0.3665771484375
-0.0215072631835938 0.0417098999023438 0.151519775390625 -0.4359130859375
-0.0447311401367188 0.0703277587890625 0.067626953125 -0.384063720703125
-0.0455169677734375 0.0897064208984375 0.01861572265625 -0.33648681640625
-0.0476531982421875 0.108978271484375 0.01092529296875 -0.295135498046875
-0.110557556152344 0.128707885742187 -0.0428466796875 -0.30316162109375
-0.2230224609375 0.120574951171875 0.00411987304687496 -0.315643310546875
-0.320404052734375 -0.117401123046875 0.093841552734375 -0.296630859375
-0.259796142578125 -0.3013916015625 -0.169281005859375 -0.244659423828125
-0.1123046875 -0.335845947265625 -0.31591796875 -0.61639404296875
-0.0880355834960938 0.0478897094726562 0.4088134765625 0.60296630859375
0.0527725219726563 0.122024536132813 0.16119384765625 0.230667114257812
0.125640869140625 -0.0181198120117187 -0.115280151367187 0.254898071289063
0.0334396362304688 -0.101051330566406 -0.061248779296875 0.401519775390625
-0.0566864013671875 -0.0862808227539062 0.04132080078125 0.31793212890625
-0.110038757324219 0.00535583496093749 0.00976562499999999 0.303924560546875
-0.0602264404296875 0.076385498046875 -0.015838623046875 0.3553466796875
-0.0400772094726563 0.0608024597167969 -0.04437255859375 0.389984130859375
-0.0493698120117188 0.0716552734375 -0.117218017578125 0.426025390625
-0.0926589965820313 0.046630859375 -0.2236328125 0.35784912109375
-0.0898895263671875 -0.0248336791992187 -0.24212646484375 0.223373413085938
-0.0350189208984375 -0.0897064208984375 -0.2052001953125 0.04925537109375
0.0975265502929688 -0.042144775390625 -0.043365478515625 -0.11383056640625
0.0725936889648438 0.094390869140625 0.250686645507812 -0.0290069580078125
-0.0569534301757813 0.106452941894531 0.28656005859375 0.085845947265625
-0.250137329101562 -0.181549072265625 0.33660888671875 0.60235595703125
-0.176651000976563 -0.0785064697265625 0.0872039794921875 0.214706420898437
-0.123443603515625 -0.134880065917969 -0.164230346679688 0.273605346679688
-0.1883544921875 -0.1080322265625 -0.0711669921875 0.45257568359375
-0.230239868164063 -0.0338592529296875 0.081573486328125 0.325531005859375
-0.24658203125 0.124221801757812 0.054443359375 0.266921997070313
-0.145156860351563 0.227325439453125 0.00238037109374996 0.29071044921875
-0.109573364257812 0.208221435546875 -0.030548095703125 0.321014404296875
-0.109695434570312 0.223312377929688 -0.092132568359375 0.36669921875
-0.16339111328125 0.18670654296875 -0.176483154296875 0.3299560546875
-0.208526611328125 0.079010009765625 -0.188644409179688 0.219512939453125
-0.199111938476563 -0.023529052734375 -0.179290771484375 0.0750732421875
-0.0898513793945312 -0.115684509277344 -0.0505828857421875 -0.107696533203125
-0.0883102416992188 -0.0774765014648437 0.21649169921875 -0.05120849609375
-0.182769775390625 -0.0755767822265625 0.243743896484375 0.0711669921875
-0.3509521484375 -0.397186279296875 0.210174560546875 0.536041259765625
-0.35986328125 -0.293121337890625 -0.014984130859375 0.1861572265625
-0.357086181640625 -0.265716552734375 -0.181060791015625 0.296173095703125
-0.4017333984375 -0.114532470703125 -0.03082275390625 0.48077392578125
-0.382232666015625 0.0229492187500001 0.16119384765625 0.302093505859375
-0.352325439453125 0.22296142578125 0.132400512695312 0.181564331054688
-0.2093505859375 0.337493896484375 0.0416717529296875 0.169357299804688
-0.164886474609375 0.320281982421875 -0.01348876953125 0.203399658203125
-0.154327392578125 0.346954345703125 -0.0706787109375 0.260955810546875
-0.2120361328125 0.310394287109375 -0.136672973632813 0.264419555664063
-0.299896240234375 0.18817138671875 -0.15411376953125 0.183853149414063
-0.33978271484375 0.069183349609375 -0.16180419921875 0.0697174072265625
-0.284393310546875 -0.142608642578125 -0.0558090209960938 -0.12493896484375
-0.269439697265625 -0.210723876953125 0.161376953125 -0.087127685546875
-0.3076171875 -0.24200439453125 0.170150756835937 0.00746154785156249
-0.38214111328125 -0.552581787109375 0.05902099609375 0.41717529296875
-0.469146728515625 -0.456390380859375 -0.130691528320313 0.150070190429687
-0.526275634765625 -0.354400634765625 -0.164154052734375 0.317169189453125
-0.552581787109375 -0.0951232910156251 0.0545654296875 0.468841552734375
-0.469757080078125 0.0858154296874999 0.261489868164062 0.236175537109375
-0.39520263671875 0.290191650390625 0.22296142578125 0.0562591552734375
-0.2357177734375 0.39111328125 0.0893325805664062 0.0108184814453125
-0.197296142578125 0.38238525390625 0.00600051879882811 0.0531692504882813
-0.181884765625 0.422637939453125 -0.0576095581054688 0.123947143554688
-0.23907470703125 0.397064208984375 -0.107467651367188 0.161727905273438
-0.361297607421875 0.27960205078125 -0.135818481445313 0.111259460449219
-0.4456787109375 0.162017822265625 -0.152297973632813 0.02764892578125
-0.455810546875 -0.1397705078125 -0.0612030029296875 -0.1593017578125
-0.440399169921875 -0.3026123046875 0.0803298950195312 -0.125320434570313
-0.40924072265625 -0.37408447265625 0.0605316162109375 -0.0926895141601563
-0.3536376953125 -0.616455078125 -0.0858154296875 0.272064208984375
-0.498443603515625 -0.5225830078125 -0.234893798828125 0.113265991210937
-0.5911865234375 -0.36151123046875 -0.1221923828125 0.321014404296875
-0.586669921875 -0.0436401367187499 0.155731201171875 0.40631103515625
-0.4581298828125 0.142791748046875 0.34881591796875 0.13140869140625
-0.360260009765625 0.3123779296875 0.296356201171875 -0.091339111328125
-0.217620849609375 0.382293701171875 0.133056640625 -0.156890869140625
-0.19921875 0.383270263671875 0.0253829956054687 -0.105659484863281
-0.187591552734375 0.431304931640625 -0.0470352172851563 -0.0283927917480469
-0.24462890625 0.419097900390625 -0.0851821899414063 0.0284194946289063
-0.381439208984375 0.3204345703125 -0.124801635742188 0.0028228759765625
-0.495697021484375 0.22076416015625 -0.14080810546875 -0.048797607421875
-0.56689453125 -0.13067626953125 -0.0579071044921876 -0.203933715820313
-0.551116943359375 -0.361083984375 -0.016204833984375 -0.159393310546875
-0.454864501953125 -0.463623046875 -0.0731048583984375 -0.22027587890625
-0.281005859375 -0.58746337890625 -0.199615478515625 0.13092041015625
-0.4598388671875 -0.487396240234375 -0.298187255859375 0.081573486328125
-0.546142578125 -0.288665771484375 -0.067474365234375 0.295684814453125
-0.499725341796875 0.0240173339843751 0.236785888671875 0.297088623046875
-0.353424072265625 0.17041015625 0.38726806640625 0.00994873046875001
-0.262969970703125 0.27716064453125 0.3262939453125 -0.231170654296875
-0.1663818359375 0.311492919921875 0.15740966796875 -0.30419921875
-0.16888427734375 0.325225830078125 0.04193115234375 -0.247512817382812
-0.168701171875 0.371917724609375 -0.0318756103515625 -0.173995971679688
-0.218719482421875 0.36761474609375 -0.0583648681640625 -0.1116943359375
-0.3489990234375 0.299530029296875 -0.108322143554688 -0.120468139648438
-0.47857666015625 0.22479248046875 -0.113372802734375 -0.146636962890625
-0.588623046875 -0.13299560546875 -0.035858154296875 -0.250244140625
-0.56689453125 -0.391845703125 -0.106491088867188 -0.189559936523438
-0.423095703125 -0.49908447265625 -0.206573486328125 -0.363037109375
-0.182403564453125 -0.475067138671875 -0.27508544921875 0.0189666748046874
-0.372222900390625 -0.368560791015625 -0.31329345703125 0.0596923828125
-0.417144775390625 -0.16436767578125 -0.011322021484375 0.245025634765625
-0.331390380859375 0.07769775390625 0.270477294921875 0.168304443359375
-0.194778442382812 0.158660888671875 0.369049072265625 -0.096710205078125
-0.132705688476562 0.191574096679688 0.3096923828125 -0.335113525390625
-0.094757080078125 0.193206787109375 0.156219482421875 -0.4091796875
-0.114425659179688 0.2166748046875 0.050567626953125 -0.35064697265625
-0.119155883789063 0.252197265625 -0.01361083984375 -0.28802490234375
-0.151931762695313 0.256256103515625 -0.0276031494140625 -0.230743408203125
-0.255294799804687 0.22686767578125 -0.082183837890625 -0.2322998046875
-0.3836669921875 0.185882568359375 -0.0662994384765625 -0.24444580078125
-0.50653076171875 -0.135650634765625 0.00979614257812495 -0.2877197265625
-0.47210693359375 -0.38037109375 -0.170867919921875 -0.218948364257813
-0.306671142578125 -0.461090087890625 -0.307373046875 -0.503570556640625
-0.06744384765625 -0.307098388671875 -0.308837890625 -0.0471801757812501
-0.246490478515625 -0.210479736328125 -0.291229248046875 0.0531005859374999
-0.245681762695313 -0.0407257080078125 0.0326385498046875 0.186126708984375
-0.138145446777344 0.100311279296875 0.263961791992188 0.0556640625
-0.0326004028320313 0.110855102539063 0.31512451171875 -0.169189453125
-0.00689697265625 0.0726089477539063 0.258270263671875 -0.39068603515625
-0.0210304260253906 0.0445480346679687 0.135467529296875 -0.4576416015625
-0.0428848266601562 0.0751113891601563 0.051239013671875 -0.40045166015625
-0.0426101684570312 0.0944595336914063 0.00265502929687497 -0.349365234375
-0.0425643920898437 0.11474609375 -0.00228881835937503 -0.305877685546875
-0.1058349609375 0.140457153320313 -0.058319091796875 -0.310028076171875
-0.224212646484375 0.138778686523438 -0.011077880859375 -0.325347900390625
-0.342132568359375 -0.106231689453125 0.07672119140625 -0.310699462890625
-0.2879638671875 -0.299713134765625 -0.189788818359375 -0.240249633789063
-0.132537841796875 -0.34259033203125 -0.35650634765625 -0.62066650390625
-0.085357666015625 0.059967041015625 0.45745849609375 0.583984375
0.065521240234375 0.120841979980469 0.182418823242188 0.216583251953125
0.127418518066406 -0.0298690795898438 -0.099761962890625 0.262451171875
0.027069091796875 -0.105964660644531 -0.033721923828125 0.40948486328125
-0.0668563842773438 -0.0843887329101562 0.062225341796875 0.314910888671875
-0.110382080078125 0.0169448852539062 0.029327392578125 0.305419921875
-0.0548324584960938 0.084197998046875 0.00732421875000003 0.359100341796875
-0.0357551574707031 0.0646743774414063 -0.016693115234375 0.394561767578125
-0.0431594848632812 0.0764694213867188 -0.084381103515625 0.439666748046875
-0.0894546508789062 0.0551834106445313 -0.197509765625 0.378173828125
-0.0936050415039063 -0.0167083740234375 -0.223800659179687 0.243576049804688
-0.0421981811523437 -0.0881805419921875 -0.199371337890625 0.0653533935546875
0.0948562622070313 -0.0508956909179688 -0.0487213134765625 -0.10888671875
0.081268310546875 0.0894546508789063 0.254074096679688 -0.04669189453125
-0.0481338500976562 0.111427307128906 0.293609619140625 0.07269287109375
-0.266036987304688 -0.164382934570312 0.38311767578125 0.58831787109375
-0.18206787109375 -0.0657958984375 0.1068115234375 0.207870483398438
-0.136970520019531 -0.13116455078125 -0.14959716796875 0.28497314453125
-0.198944091796875 -0.096466064453125 -0.040985107421875 0.4620361328125
-0.2384033203125 -0.0178070068359375 0.1043701171875 0.319549560546875
-0.240768432617188 0.147079467773438 0.0714263916015625 0.262710571289063
-0.128799438476563 0.243072509765625 0.021087646484375 0.29205322265625
-0.0947113037109375 0.218353271484375 -0.007568359375 0.32489013671875
-0.09222412109375 0.234725952148438 -0.063568115234375 0.373870849609375
-0.149520874023437 0.20257568359375 -0.151763916015625 0.3470458984375
-0.204925537109375 0.09844970703125 -0.170028686523438 0.235794067382813
-0.203521728515625 -0.00796508789062503 -0.17022705078125 0.0884246826171875
-0.101913452148438 -0.110816955566406 -0.0572280883789062 -0.101791381835938
-0.0964584350585938 -0.0740509033203125 0.21807861328125 -0.06610107421875
-0.188674926757813 -0.065093994140625 0.249832153320312 0.06103515625
-0.3848876953125 -0.37677001953125 0.252044677734375 0.529022216796875
-0.384307861328125 -0.269989013671875 0.00125122070312496 0.186203002929687
-0.38641357421875 -0.24737548828125 -0.165618896484375 0.30938720703125
-0.41668701171875 -0.08740234375 0.00317382812499992 0.489013671875
-0.38604736328125 0.050384521484375 0.183990478515625 0.289154052734375
-0.339813232421875 0.25518798828125 0.143035888671875 0.170364379882813
-0.185516357421875 0.35955810546875 0.0514068603515625 0.166168212890625
-0.142059326171875 0.3369140625 0.00227355957031249 0.204605102539063
-0.128265380859375 0.363739013671875 -0.0516815185546875 0.266983032226563
-0.18829345703125 0.33123779296875 -0.116134643554688 0.277679443359375
-0.288177490234375 0.215850830078125 -0.1368408203125 0.195709228515625
-0.338165283203125 0.098236083984375 -0.152679443359375 0.0806884765625
-0.301025390625 -0.1234130859375 -0.0646286010742188 -0.119422912597656
-0.292083740234375 -0.195068359375 0.157760620117187 -0.0972900390625
-0.326446533203125 -0.2242431640625 0.171615600585937 0.00254821777343749
-0.427276611328125 -0.533935546875 0.0912170410156249 0.417572021484375
-0.505889892578125 -0.427490234375 -0.119644165039063 0.157913208007812
-0.5660400390625 -0.32421875 -0.14825439453125 0.329803466796875
-0.5679931640625 -0.0570678710937499 0.089263916015625 0.471038818359375
-0.469329833984375 0.12078857421875 0.28143310546875 0.21624755859375
-0.379302978515625 0.32635498046875 0.225555419921875 0.0367431640625
-0.209228515625 0.415679931640625 0.0893096923828125 0.00236511230468753
-0.169921875 0.4014892578125 0.0102310180664062 0.0522079467773438
-0.15155029296875 0.44171142578125 -0.0489120483398438 0.128364562988281
-0.2093505859375 0.42022705078125 -0.0944061279296875 0.171401977539063
-0.34307861328125 0.312835693359375 -0.124099731445313 0.120651245117188
-0.437957763671875 0.2012939453125 -0.146270751953125 0.0378570556640625
-0.4761962890625 -0.10711669921875 -0.073638916015625 -0.1541748046875
-0.472076416015625 -0.27581787109375 0.0723648071289062 -0.128105163574219
-0.43829345703125 -0.352996826171875 0.055023193359375 -0.0908279418945313
-0.400390625 -0.6009521484375 -0.0652008056640626 0.278854370117187
-0.54144287109375 -0.4940185546875 -0.228057861328125 0.126998901367187
-0.63287353515625 -0.32562255859375 -0.10595703125 0.33050537109375
-0.6015625 -0.000244140625000011 0.188232421875 0.399658203125
-0.45404052734375 0.17767333984375 0.36224365234375 0.104766845703125
-0.3424072265625 0.3450927734375 0.288787841796875 -0.11602783203125
-0.191009521484375 0.40380859375 0.12127685546875 -0.170059204101562
-0.1717529296875 0.40350341796875 0.0185623168945313 -0.109237670898437
-0.15643310546875 0.45245361328125 -0.0505599975585938 -0.0262908935546875
-0.21209716796875 0.44317626953125 -0.080810546875 0.035552978515625
-0.36151123046875 0.3563232421875 -0.121932983398438 0.0110092163085938
-0.486053466796875 0.264129638671875 -0.141189575195313 -0.0396881103515625
-0.5902099609375 -0.0916137695312501 -0.0756378173828125 -0.199203491210938
-0.588623046875 -0.32940673828125 -0.0280609130859375 -0.15557861328125
-0.49261474609375 -0.4398193359375 -0.0879669189453125 -0.211441040039063
-0.32562255859375 -0.5777587890625 -0.191009521484375 0.14117431640625
-0.49835205078125 -0.458404541015625 -0.29498291015625 0.098876953125
-0.58087158203125 -0.2520751953125 -0.051361083984375 0.301239013671875
-0.506439208984375 0.06182861328125 0.260894775390625 0.282501220703125
-0.343597412109375 0.19915771484375 0.390350341796875 -0.01953125
-0.244781494140625 0.301544189453125 0.30908203125 -0.25714111328125
-0.144683837890625 0.327667236328125 0.13690185546875 -0.3201904296875
-0.146453857421875 0.34088134765625 0.025360107421875 -0.253402709960937
-0.141510009765625 0.390472412109375 -0.0462188720703125 -0.1744384765625
-0.191009521484375 0.389068603515625 -0.0643844604492188 -0.108047485351562
-0.330352783203125 0.33087158203125 -0.114677429199219 -0.114959716796875
-0.468109130859375 0.26739501953125 -0.121368408203125 -0.13995361328125
-0.61322021484375 -0.0927124023437499 -0.0577545166015625 -0.24749755859375
-0.60772705078125 -0.35809326171875 -0.122634887695313 -0.179580688476563
-0.46044921875 -0.47662353515625 -0.23321533203125 -0.3465576171875
-0.218505859375 -0.4710693359375 -0.273818969726563 0.0311737060546874
-0.4029541015625 -0.344512939453125 -0.31207275390625 0.0781249999999999
-0.44024658203125 -0.135894775390625 0.00285339355468748 0.24627685546875
-0.330291748046875 0.104095458984375 0.2847900390625 0.150848388671875
-0.182174682617187 0.17572021484375 0.36468505859375 -0.122589111328125
-0.119552612304688 0.204544067382813 0.28326416015625 -0.358306884765625
-0.082122802734375 0.202056884765625 0.128753662109375 -0.42462158203125
-0.0989990234375 0.226791381835938 0.02734375 -0.358612060546875
-0.102401733398438 0.263900756835938 -0.035858154296875 -0.290008544921875
-0.132965087890625 0.270751953125 -0.0427093505859375 -0.23077392578125
-0.240585327148438 0.250518798828125 -0.0970458984375 -0.228805541992188
-0.37432861328125 0.21734619140625 -0.0825042724609375 -0.241836547851562
-0.528564453125 -0.101806640625 -0.014129638671875 -0.2891845703125
-0.50927734375 -0.35382080078125 -0.190093994140625 -0.203750610351563
-0.341552734375 -0.4476318359375 -0.34521484375 -0.483489990234375
-0.09075927734375 -0.308502197265625 -0.312957763671875 -0.03387451171875
-0.264205932617187 -0.193206787109375 -0.29071044921875 0.06915283203125
-0.2557373046875 -0.021636962890625 0.043365478515625 0.183670043945313
-0.132667541503906 0.1123046875 0.269012451171875 0.0377197265625
-0.0218505859375 0.114089965820313 0.303070068359375 -0.1907958984375
-0.000671386718750006 0.073486328125 0.22845458984375 -0.409881591796875
-0.0192718505859375 0.0459098815917969 0.1031494140625 -0.472381591796875
-0.0376739501953125 0.0786666870117188 0.024810791015625 -0.4068603515625
-0.0363845825195312 0.0980148315429688 -0.022064208984375 -0.352630615234375
-0.0337677001953125 0.118217468261719 -0.023223876953125 -0.308929443359375
-0.0955963134765625 0.150634765625 -0.079437255859375 -0.3082275390625
-0.21612548828125 0.158355712890625 -0.03338623046875 -0.32684326171875
-0.35833740234375 -0.08343505859375 0.05145263671875 -0.3175048828125
-0.3160400390625 -0.283203125 -0.210067749023438 -0.224105834960937
-0.15740966796875 -0.336761474609375 -0.4019775390625 -0.60015869140625
-0.0784378051757813 0.0682830810546875 0.48699951171875 0.54638671875
0.0747451782226562 0.115066528320313 0.1937255859375 0.197402954101563
0.124382019042969 -0.04046630859375 -0.084808349609375 0.262313842773438
0.0193405151367188 -0.106887817382813 -0.00790405273437504 0.403717041015625
-0.0736236572265625 -0.0789566040039063 0.07861328125 0.30364990234375
-0.105979919433594 0.026214599609375 0.045806884765625 0.2978515625
-0.046295166015625 0.0886611938476562 0.0284423828125 0.352508544921875
-0.0307350158691406 0.0669174194335938 0.00830078124999998 0.38690185546875
-0.0367202758789063 0.07818603515625 -0.0504150390625 0.434173583984375
-0.0826416015625 0.060882568359375 -0.166778564453125 0.383697509765625
-0.0928878784179688 -0.00963592529296876 -0.198471069335938 0.253494262695313
-0.0480728149414063 -0.084381103515625 -0.186355590820313 0.07745361328125
0.0893478393554688 -0.0574951171875 -0.051300048828125 -0.101119995117188
0.0867919921875 0.0821533203125 0.248733520507813 -0.0609588623046875
-0.0394058227539063 0.110954284667969 0.289886474609375 0.058135986328125
-0.27197265625 -0.1414794921875 0.414031982421875 0.554412841796875
-0.181610107421875 -0.0528411865234375 0.1204833984375 0.193466186523438
-0.146438598632813 -0.122268676757813 -0.13079833984375 0.287841796875
-0.203384399414062 -0.0826873779296875 -0.00836181640624997 0.457427978515625
-0.238510131835937 -0.00270080566406245 0.1212158203125 0.303924560546875
-0.226318359375 0.163909912109375 0.0832977294921875 0.252334594726563
-0.1087646484375 0.249542236328125 0.037689208984375 0.284698486328125
-0.0772705078125 0.221038818359375 0.0130615234375 0.3175048828125
-0.07281494140625 0.238204956054688 -0.036376953125 0.369049072265625
-0.131301879882813 0.210006713867188 -0.12200927734375 0.349639892578125
-0.1942138671875 0.11175537109375 -0.145492553710938 0.240478515625
-0.199905395507813 0.00677490234374998 -0.156280517578125 0.096923828125
-0.109542846679688 -0.102561950683594 -0.0593643188476563 -0.0936813354492187
-0.100440979003906 -0.067169189453125 0.211944580078125 -0.0768890380859375
-0.1883544921875 -0.05474853515625 0.248519897460938 0.0511322021484375
-0.402740478515625 -0.345703125 0.282135009765625 0.505645751953125
-0.39312744140625 -0.241607666015625 0.0150604248046875 0.1793212890625
-0.401519775390625 -0.219696044921875 -0.146484375 0.31329345703125
-0.418243408203125 -0.05828857421875 0.0354003906249999 0.480133056640625
-0.379150390625 0.0743713378906251 0.197830200195312 0.269119262695313
-0.3187255859375 0.27557373046875 0.148239135742187 0.155426025390625
-0.157470703125 0.368499755859375 0.0587005615234375 0.158645629882813
-0.116180419921875 0.340179443359375 0.0146331787109375 0.1988525390625
-0.09967041015625 0.367431640625 -0.0333099365234375 0.263259887695313
-0.159149169921875 0.33917236328125 -0.0923004150390625 0.279251098632812
-0.266555786132813 0.235000610351562 -0.116500854492188 0.198455810546875
-0.32562255859375 0.1212158203125 -0.139602661132813 0.0879364013671875
-0.307464599609375 -0.101959228515625 -0.0692901611328125 -0.110969543457031
-0.303131103515625 -0.17425537109375 0.150238037109375 -0.102813720703125
-0.335662841796875 -0.203338623046875 0.169235229492187 -0.000793457031250012
-0.4544677734375 -0.498992919921875 0.1171875 0.40411376953125
-0.521942138671875 -0.38726806640625 -0.1053466796875 0.160079956054688
-0.586181640625 -0.2822265625 -0.12841796875 0.33203125
-0.56640625 -0.0184326171874999 0.119842529296875 0.456512451171875
-0.454681396484375 0.149444580078125 0.289703369140625 0.190216064453125
-0.35107421875 0.34869384765625 0.220230102539062 0.01861572265625
-0.17529296875 0.424102783203125 0.085662841796875 -0.00507354736328122
-0.138397216796875 0.40594482421875 0.0133590698242187 0.0484390258789063
-0.115875244140625 0.44659423828125 -0.041046142578125 0.128166198730469
-0.1737060546875 0.429229736328125 -0.0776214599609375 0.174514770507813
-0.31536865234375 0.334197998046875 -0.109024047851563 0.123893737792969
-0.416168212890625 0.2294921875 -0.136322021484375 0.0450210571289062
-0.480194091796875 -0.07415771484375 -0.0818939208984375 -0.143814086914062
-0.486572265625 -0.2427978515625 0.0636444091796875 -0.126564025878906
-0.452667236328125 -0.32086181640625 0.0506591796875 -0.0863113403320313
-0.43316650390625 -0.5682373046875 -0.0449066162109375 0.275421142578125
-0.5611572265625 -0.451263427734375 -0.215347290039063 0.13568115234375
-0.65283203125 -0.27862548828125 -0.086669921875 0.329437255859375
-0.5941162109375 0.0394287109375001 0.212005615234375 0.38037109375
-0.433685302734375 0.204986572265625 0.362335205078125 0.076507568359375
-0.3140869140625 0.364776611328125 0.272125244140625 -0.1351318359375
-0.1600341796875 0.409912109375 0.106552124023437 -0.17681884765625
-0.140411376953125 0.406005859375 0.0109176635742187 -0.110015869140625
-0.122161865234375 0.456512451171875 -0.0525894165039063 -0.0227584838867187
-0.17596435546875 0.4498291015625 -0.0739059448242188 0.0404815673828125
-0.32916259765625 0.378082275390625 -0.1146240234375 0.0166015625
-0.4603271484375 0.295440673828125 -0.13702392578125 -0.031005859375
-0.59173583984375 -0.05133056640625 -0.0887603759765625 -0.187362670898438
-0.6072998046875 -0.28497314453125 -0.037109375 -0.146148681640625
-0.510772705078125 -0.404144287109375 -0.0969085693359376 -0.196533203125
-0.358306884765625 -0.550689697265625 -0.177474975585938 0.14581298828125
-0.517730712890625 -0.418121337890625 -0.282806396484375 0.112091064453125
-0.5941162109375 -0.20782470703125 -0.0341796875000001 0.296539306640625
-0.49664306640625 0.0940551757812501 0.274765014648437 0.260467529296875
-0.322021484375 0.2181396484375 0.38238525390625 -0.046112060546875
-0.2193603515625 0.31427001953125 0.283538818359375 -0.273681640625
-0.12042236328125 0.332275390625 0.1123046875 -0.325592041015625
-0.12127685546875 0.3446044921875 0.00823974609374998 -0.251861572265625
-0.113739013671875 0.393646240234375 -0.0578460693359375 -0.167617797851563
-0.159393310546875 0.396453857421875 -0.06787109375 -0.101493835449219
-0.301177978515625 0.3505859375 -0.116668701171875 -0.107078552246094
-0.441986083984375 0.29583740234375 -0.125640869140625 -0.130462646484375
-0.61395263671875 -0.0511474609375001 -0.0753021240234375 -0.236328125
-0.62750244140625 -0.315673828125 -0.13214111328125 -0.163345336914063
-0.482086181640625 -0.441986083984375 -0.247222900390625 -0.32135009765625
-0.246612548828125 -0.451934814453125 -0.26617431640625 0.040771484375
-0.416473388671875 -0.3109130859375 -0.30181884765625 0.09173583984375
-0.446136474609375 -0.102630615234375 0.015350341796875 0.239334106445313
-0.319793701171875 0.125091552734375 0.288726806640625 0.1300048828125
-0.1651611328125 0.185150146484375 0.34820556640625 -0.144378662109375
-0.10272216796875 0.209701538085938 0.253204345703125 -0.368988037109375
-0.06744384765625 0.20379638671875 0.099365234375 -0.427001953125
-0.0828704833984375 0.229034423828125 0.00494384765625002 -0.35400390625
-0.08343505859375 0.266311645507813 -0.053955078125 -0.282073974609375
-0.111312866210937 0.274932861328125 -0.05401611328125 -0.223159790039062
-0.2181396484375 0.26361083984375 -0.107757568359375 -0.219589233398438
-0.35394287109375 0.241424560546875 -0.0948638916015625 -0.232040405273437
-0.5313720703125 -0.06536865234375 -0.0361938476562501 -0.279022216796875
-0.528656005859375 -0.315643310546875 -0.199920654296875 -0.183639526367188
-0.36273193359375 -0.4193115234375 -0.367645263671875 -0.451568603515625
-0.10968017578125 -0.299591064453125 -0.30810546875 -0.021728515625
-0.271148681640625 -0.170806884765625 -0.281707763671875 0.08172607421875
-0.255538940429688 -0.002288818359375 0.0519866943359375 0.175308227539063
-0.124221801757813 0.12017822265625 0.264923095703125 0.020538330078125
-0.0120620727539063 0.114105224609375 0.2828369140625 -0.2056884765625
0.0045318603515625 0.0723419189453125 0.1947021484375 -0.411895751953125
-0.0176239013671875 0.0465164184570313 0.07177734375 -0.469146728515625
-0.033355712890625 0.0795516967773438 0.000701904296874974 -0.402069091796875
-0.0307235717773438 0.0982284545898438 -0.044342041015625 -0.34344482421875
-0.024566650390625 0.118019104003906 -0.040557861328125 -0.300689697265625
-0.08294677734375 0.1552734375 -0.09588623046875 -0.296905517578125
-0.20135498046875 0.170761108398438 -0.0529479980468751 -0.318878173828125
-0.361419677734375 -0.059814453125 0.02691650390625 -0.312530517578125
-0.3323974609375 -0.259857177734375 -0.220901489257813 -0.202178955078125
-0.173614501953125 -0.320831298828125 -0.430908203125 -0.56463623046875
-0.0729904174804687 0.0722427368164063 0.4932861328125 0.516387939453125
0.08026123046875 0.109123229980469 0.195892333984375 0.1806640625
0.119110107421875 -0.0462493896484375 -0.0748138427734375 0.257369995117188
0.0147323608398438 -0.106674194335938 0.00671386718750004 0.392547607421875
-0.077301025390625 -0.0746536254882812 0.085357666015625 0.290740966796875
-0.100517272949219 0.0317764282226562 0.053131103515625 0.2877197265625
-0.0396804809570313 0.0892410278320313 0.037841796875 0.341827392578125
-0.0270500183105469 0.0665435791015625 0.020660400390625 0.373046875
-0.031829833984375 0.0775299072265625 -0.030670166015625 0.42156982421875
-0.0777587890625 0.0638427734375 -0.14434814453125 0.378509521484375
-0.0909271240234375 -0.00382232666015624 -0.177261352539062 0.252456665039063
-0.0511093139648438 -0.0811233520507812 -0.173171997070313 0.08123779296875
0.08447265625 -0.059814453125 -0.0493316650390625 -0.0945968627929687
0.08807373046875 0.0751419067382813 0.24237060546875 -0.06695556640625
-0.0336837768554688 0.107986450195313 0.2816162109375 0.052276611328125
-0.268325805664063 -0.126235961914062 0.4222412109375 0.5283203125
-0.176849365234375 -0.0443267822265625 0.125701904296875 0.1806640625
-0.150604248046875 -0.115127563476563 -0.1199951171875 0.2838134765625
-0.202987670898438 -0.075347900390625 0.00881958007812494 0.4454345703125
-0.234619140625 0.00679016113281254 0.126739501953125 0.28863525390625
-0.213394165039062 0.170974731445313 0.087310791015625 0.241043090820313
-0.094451904296875 0.248550415039063 0.043487548828125 0.275466918945312
-0.0666046142578125 0.218460083007813 0.023101806640625 0.305908203125
-0.0597991943359375 0.235595703125 -0.020294189453125 0.358978271484375
-0.1170654296875 0.21002197265625 -0.1019287109375 0.34271240234375
-0.183059692382813 0.11810302734375 -0.126724243164063 0.2364501953125
-0.194564819335938 0.0150146484375 -0.142684936523438 0.0988616943359375
-0.111610412597656 -0.0956573486328125 -0.0584335327148437 -0.0868759155273438
-0.101394653320313 -0.0620346069335937 0.204635620117188 -0.0814666748046875
-0.184646606445313 -0.0483551025390625 0.242706298828125 0.047576904296875
-0.403350830078125 -0.321197509765625 0.2928466796875 0.484039306640625
-0.389556884765625 -0.220733642578125 0.0224456787109375 0.171310424804688
-0.405181884765625 -0.20013427734375 -0.13336181640625 0.30853271484375
-0.414215087890625 -0.04193115234375 0.054443359375 0.46575927734375
-0.3682861328125 0.0870361328125 0.201004028320312 0.25128173828125
-0.299560546875 0.28399658203125 0.145126342773437 0.143707275390625
-0.13653564453125 0.363677978515625 0.0605926513671875 0.150421142578125
-0.0992431640625 0.3350830078125 0.0202484130859375 0.1900634765625
-0.0806884765625 0.36175537109375 -0.0222930908203125 0.255645751953125
-0.13775634765625 0.336822509765625 -0.0747833251953125 0.273681640625
-0.248214721679687 0.2412109375 -0.099609375 0.194625854492188
-0.31158447265625 0.132354736328125 -0.127540588378906 0.08807373046875
-0.3052978515625 -0.0864257812500001 -0.069732666015625 -0.10321044921875
-0.303802490234375 -0.159454345703125 0.143936157226562 -0.102615356445313
-0.331817626953125 -0.188720703125 0.166091918945312 -0.000244140625000011
-0.4598388671875 -0.469970703125 0.129241943359375 0.38983154296875
-0.521942138671875 -0.359283447265625 -0.0958251953125 0.155349731445313
-0.5894775390625 -0.253173828125 -0.11541748046875 0.3250732421875
-0.55718994140625 0.00491333007812503 0.13421630859375 0.440765380859375
-0.43743896484375 0.162109375 0.288330078125 0.171722412109375
-0.329345703125 0.3543701171875 0.210357666015625 0.00843811035156252
-0.154571533203125 0.420013427734375 0.0799713134765625 -0.0100326538085937
-0.119903564453125 0.399749755859375 0.0133476257324219 0.0440216064453125
-0.093109130859375 0.440032958984375 -0.0356216430664063 0.125289916992188
-0.148406982421875 0.423309326171875 -0.06597900390625 0.171173095703125
-0.290008544921875 0.340179443359375 -0.096893310546875 0.121482849121094
-0.396240234375 0.242767333984375 -0.126480102539063 0.0463790893554688
-0.475433349609375 -0.05328369140625 -0.0837249755859375 -0.134529113769531
-0.488006591796875 -0.21856689453125 0.058502197265625 -0.121292114257813
-0.451263427734375 -0.300567626953125 0.0486602783203125 -0.0790557861328125
-0.4415283203125 -0.538055419921875 -0.033538818359375 0.267120361328125
-0.561187744140625 -0.416778564453125 -0.204086303710938 0.13568115234375
-0.65228271484375 -0.24481201171875 -0.076324462890625 0.32049560546875
-0.5811767578125 0.0634155273437499 0.221710205078125 0.36151123046875
-0.41363525390625 0.21563720703125 0.354400634765625 0.05926513671875
-0.289398193359375 0.369293212890625 0.2552490234375 -0.142471313476562
-0.141571044921875 0.40460205078125 0.0942840576171875 -0.178054809570312
-0.121734619140625 0.4000244140625 0.00557708740234375 -0.10882568359375
-0.099029541015625 0.4508056640625 -0.0532760620117188 -0.0198631286621093
-0.150787353515625 0.445404052734375 -0.0673179626464844 0.0411758422851563
-0.303741455078125 0.383270263671875 -0.107139587402344 0.0181884765625
-0.43658447265625 0.3076171875 -0.13104248046875 -0.0271148681640625
-0.58453369140625 -0.0278930664062499 -0.0935363769531251 -0.1761474609375
-0.60809326171875 -0.25689697265625 -0.0401535034179688 -0.135276794433594
-0.510406494140625 -0.378662109375 -0.097900390625 -0.182113647460938
-0.3682861328125 -0.525238037109375 -0.166641235351563 0.143722534179687
-0.515380859375 -0.385986328125 -0.270828247070313 0.114303588867188
-0.59197998046875 -0.1767578125 -0.0267333984375 0.28704833984375
-0.482452392578125 0.113677978515625 0.277816772460937 0.2410888671875
-0.303375244140625 0.224334716796875 0.368804931640625 -0.0595703125
-0.200286865234375 0.315643310546875 0.262298583984375 -0.275558471679687
-0.10406494140625 0.32794189453125 0.0946044921875 -0.322235107421875
-0.105743408203125 0.3402099609375 -0.00178527832031251 -0.2464599609375
-0.094207763671875 0.3892822265625 -0.0629730224609375 -0.159957885742187
-0.1376953125 0.391693115234375 -0.0666656494140625 -0.09686279296875
-0.277374267578125 0.354583740234375 -0.115074157714844 -0.101676940917969
-0.41888427734375 0.306640625 -0.124603271484375 -0.122657775878906
-0.6048583984375 -0.02642822265625 -0.083953857421875 -0.223892211914063
-0.628662109375 -0.28411865234375 -0.133544921875 -0.149017333984375
-0.483551025390625 -0.416015625 -0.249114990234375 -0.299652099609375
-0.25531005859375 -0.432830810546875 -0.256622314453125 0.0429840087890625
-0.41363525390625 -0.285980224609375 -0.29071044921875 0.0951538085937499
-0.442779541015625 -0.0802612304687499 0.0210113525390625 0.228546142578125
-0.308685302734375 0.13671875 0.283782958984375 0.114990234375
-0.151519775390625 0.185699462890625 0.3306884765625 -0.153045654296875
-0.090576171875 0.207672119140625 0.228485107421875 -0.366973876953125
-0.058319091796875 0.200576782226562 0.07940673828125 -0.41998291015625
-0.0731048583984375 0.225784301757813 -0.00747680664062499 -0.345428466796875
-0.0712432861328125 0.2628173828125 -0.06298828125 -0.2706298828125
-0.09539794921875 0.271408081054688 -0.0582733154296875 -0.215240478515625
-0.200576782226563 0.26690673828125 -0.111221313476563 -0.2095947265625
-0.336273193359375 0.24981689453125 -0.0987548828125 -0.222091674804687
-0.526611328125 -0.044525146484375 -0.047821044921875 -0.266860961914063
-0.531158447265625 -0.2890625 -0.200485229492188 -0.165008544921875
-0.365753173828125 -0.39581298828125 -0.369415283203125 -0.42352294921875
-0.11822509765625 -0.29010009765625 -0.299835205078125 -0.0180969238281251
-0.267807006835938 -0.1541748046875 -0.2720947265625 0.0846099853515625
-0.250717163085938 0.0105133056640625 0.054229736328125 0.164886474609375
-0.118301391601562 0.123100280761719 0.255508422851563 0.00955200195312501
-0.00531768798828125 0.110572814941406 0.264907836914062 -0.207550048828125
0.00828170776367187 0.0694046020507812 0.172393798828125 -0.405181884765625
-0.0164108276367187 0.0455894470214844 0.053314208984375 -0.459930419921875
-0.0312042236328125 0.0781936645507812 -0.012542724609375 -0.391937255859375
-0.0273895263671875 0.09588623046875 -0.054168701171875 -0.330352783203125
-0.0189437866210937 0.115097045898438 -0.048736572265625 -0.2896728515625
-0.0731658935546875 0.1541748046875 -0.104400634765625 -0.284576416015625
-0.188751220703125 0.1748046875 -0.06201171875 -0.30706787109375
-0.358428955078125 -0.043975830078125 0.01239013671875 -0.3016357421875
-0.33551025390625 -0.24072265625 -0.221664428710938 -0.18365478515625
-0.177154541015625 -0.3062744140625 -0.437347412109375 -0.53192138671875
-0.069854736328125 0.0760726928710938 0.494293212890625 0.504791259765625
0.0833587646484375 0.106651306152344 0.195968627929688 0.173828125
0.116592407226563 -0.0496139526367188 -0.0713043212890625 0.25482177734375
0.0126495361328125 -0.1075439453125 0.013580322265625 0.387420654296875
-0.080902099609375 -0.0721817016601563 0.0859375 0.284393310546875
-0.0974807739257812 0.0348587036132813 0.05535888671875 0.2823486328125
-0.0359344482421875 0.0904769897460938 0.040740966796875 0.3363037109375
-0.025604248046875 0.0674591064453125 0.025787353515625 0.36676025390625
-0.02923583984375 0.0778732299804687 -0.02288818359375 0.41265869140625
-0.0746383666992188 0.0655593872070313 -0.13299560546875 0.375
-0.0889434814453125 -0.00151824951171875 -0.165084838867187 0.249221801757813
-0.0525970458984375 -0.0788421630859375 -0.165618896484375 0.0816497802734375
0.0815887451171875 -0.0611114501953125 -0.0458145141601563 -0.0911712646484375
0.0888671875 0.0718841552734375 0.239913940429688 -0.069244384765625
-0.032684326171875 0.105903625488281 0.2769775390625 0.0553436279296875
-0.266128540039062 -0.11981201171875 0.425201416015625 0.51885986328125
-0.173294067382813 -0.040771484375 0.127349853515625 0.173828125
-0.153701782226563 -0.112640380859375 -0.115798950195313 0.2808837890625
-0.203506469726563 -0.0711669921875 0.017242431640625 0.440643310546875
-0.234207153320312 0.0100097656249999 0.1287841796875 0.281524658203125
-0.207794189453125 0.1749267578125 0.0873565673828125 0.23529052734375
-0.0865020751953125 0.248672485351562 0.0451202392578125 0.269760131835938
-0.0617828369140625 0.21759033203125 0.025543212890625 0.2984619140625
-0.0535430908203125 0.234283447265625 -0.01318359375 0.35076904296875
-0.108657836914063 0.21026611328125 -0.091522216796875 0.33740234375
-0.176666259765625 0.121597290039062 -0.116455078125 0.231475830078125
-0.191238403320313 0.0191802978515625 -0.134506225585938 0.0973587036132813
-0.112930297851563 -0.09295654296875 -0.05560302734375 -0.0835494995117187
-0.10223388671875 -0.0609207153320313 0.201751708984375 -0.0817413330078125
-0.183212280273438 -0.0473785400390625 0.239990234375 0.0505523681640625
-0.40338134765625 -0.311126708984375 0.296783447265625 0.4752197265625
-0.385284423828125 -0.211669921875 0.025482177734375 0.165817260742188
-0.410064697265625 -0.18988037109375 -0.12908935546875 0.3055419921875
-0.41229248046875 -0.0343627929687499 0.061981201171875 0.4591064453125
-0.364898681640625 0.0908508300781249 0.201766967773437 0.241958618164063
-0.28961181640625 0.287811279296875 0.142486572265625 0.138076782226563
-0.12841796875 0.36383056640625 0.0587005615234375 0.1466064453125
-0.092193603515625 0.33343505859375 0.02081298828125 0.184555053710938
-0.07080078125 0.359161376953125 -0.018463134765625 0.250991821289063
-0.126373291015625 0.33551025390625 -0.0665435791015625 0.269500732421875
-0.238388061523438 0.244125366210937 -0.0913238525390625 0.189010620117188
-0.30462646484375 0.13800048828125 -0.120986938476562 0.0861587524414063
-0.305816650390625 -0.0801391601562501 -0.0680770874023438 -0.0988006591796875
-0.30572509765625 -0.152374267578125 0.141204833984375 -0.1011962890625
-0.3311767578125 -0.1865234375 0.165008544921875 0.00489807128906249
-0.459564208984375 -0.458251953125 0.1337890625 0.38348388671875
-0.51800537109375 -0.348388671875 -0.09161376953125 0.151565551757813
-0.59063720703125 -0.23858642578125 -0.112457275390625 0.31964111328125
-0.554046630859375 0.0152893066406249 0.139739990234375 0.430877685546875
-0.43170166015625 0.1676025390625 0.28607177734375 0.16229248046875
-0.317474365234375 0.35870361328125 0.203521728515625 0.00299072265625002
-0.14398193359375 0.416259765625 0.07464599609375 -0.0120697021484375
-0.112884521484375 0.397308349609375 0.0111808776855469 0.0415534973144532
-0.083251953125 0.43707275390625 -0.0346221923828125 0.123931884765625
-0.135009765625 0.420928955078125 -0.0590057373046875 0.167861938476563
-0.277618408203125 0.342742919921875 -0.089874267578125 0.117759704589844
-0.386199951171875 0.24810791015625 -0.121109008789063 0.0458755493164063
-0.47332763671875 -0.0442199707031251 -0.08489990234375 -0.128280639648437
-0.4896240234375 -0.208709716796875 0.0573654174804687 -0.117080688476562
-0.44891357421875 -0.2930908203125 0.0488510131835937 -0.0726470947265625
-0.44293212890625 -0.52752685546875 -0.028533935546875 0.26239013671875
-0.556915283203125 -0.40472412109375 -0.198822021484375 0.132888793945312
-0.65496826171875 -0.22808837890625 -0.0738525390625001 0.314605712890625
-0.57745361328125 0.073974609375 0.224578857421875 0.352935791015625
-0.404693603515625 0.219818115234375 0.348724365234375 0.05035400390625
-0.278350830078125 0.3699951171875 0.245925903320312 -0.145355224609375
-0.131591796875 0.403472900390625 0.0865478515625 -0.17852783203125
-0.11444091796875 0.397186279296875 0.001251220703125 -0.108863830566406
-0.088958740234375 0.44744873046875 -0.0536994934082031 -0.0178947448730468
-0.136260986328125 0.44158935546875 -0.0625877380371094 0.0405540466308594
-0.290374755859375 0.38690185546875 -0.1029052734375 0.0165939331054688
-0.425567626953125 0.31390380859375 -0.127792358398438 -0.0266189575195312
-0.581787109375 -0.01678466796875 -0.09600830078125 -0.1688232421875
-0.6109619140625 -0.2420654296875 -0.0405654907226563 -0.128013610839844
-0.5081787109375 -0.37060546875 -0.0958251953125 -0.173309326171875
-0.3704833984375 -0.51507568359375 -0.16204833984375 0.14013671875
-0.51397705078125 -0.374969482421875 -0.266265869140625 0.11187744140625
-0.59246826171875 -0.1629638671875 -0.02557373046875 0.279312133789063
-0.478363037109375 0.124267578125 0.276504516601562 0.232681274414063
-0.2950439453125 0.22601318359375 0.36065673828125 -0.064849853515625
-0.19110107421875 0.3155517578125 0.251968383789063 -0.277053833007812
-0.0980224609375 0.3248291015625 0.085296630859375 -0.321014404296875
-0.099395751953125 0.337249755859375 -0.00688171386718749 -0.2440185546875
-0.085235595703125 0.38665771484375 -0.0650482177734375 -0.155670166015625
-0.1253662109375 0.3876953125 -0.0641098022460938 -0.0955047607421875
-0.26611328125 0.3563232421875 -0.113021850585938 -0.0994796752929687
-0.40924072265625 0.312835693359375 -0.123214721679688 -0.120628356933594
-0.6031494140625 -0.0158081054687499 -0.088226318359375 -0.215789794921875
-0.631103515625 -0.2701416015625 -0.13348388671875 -0.139732360839844
-0.481475830078125 -0.408111572265625 -0.24639892578125 -0.28955078125
-0.258544921875 -0.426849365234375 -0.252639770507813 0.0394744873046874
-0.41009521484375 -0.27569580078125 -0.28643798828125 0.0922546386718749
-0.44232177734375 -0.068450927734375 0.0196685791015625 0.221649169921875
-0.30450439453125 0.1434326171875 0.28021240234375 0.10797119140625
-0.144485473632813 0.185684204101562 0.321990966796875 -0.1553955078125
-0.08447265625 0.205902099609375 0.216827392578125 -0.363006591796875
-0.0552978515625 0.1983642578125 0.069488525390625 -0.4169921875
-0.070037841796875 0.224822998046875 -0.013427734375 -0.3424072265625
-0.0665435791015625 0.261550903320313 -0.0653076171875 -0.264968872070312
-0.0874481201171875 0.268875122070313 -0.0585479736328125 -0.211395263671875
-0.192138671875 0.266998291015625 -0.112442016601562 -0.205795288085938
-0.327606201171875 0.253936767578125 -0.100265502929688 -0.218246459960937
-0.524169921875 -0.035614013671875 -0.0538787841796875 -0.258987426757813
-0.534912109375 -0.27520751953125 -0.199600219726563 -0.154571533203125
-0.364532470703125 -0.3887939453125 -0.3681640625 -0.410919189453125
-0.120330810546875 -0.28662109375 -0.295379638671875 -0.020965576171875
-0.264251708984375 -0.14703369140625 -0.2686767578125 0.081451416015625
-0.24945068359375 0.0170745849609375 0.05181884765625 0.1580810546875
-0.115791320800781 0.126998901367188 0.248825073242188 0.00511169433593751
-0.00109100341796875 0.108467102050781 0.25543212890625 -0.205978393554688
0.010345458984375 0.0671234130859375 0.16082763671875 -0.398468017578125
-0.0164947509765625 0.04510498046875 0.044158935546875 -0.454833984375
-0.0309677124023438 0.0782470703125 -0.01776123046875 -0.38690185546875
-0.0268020629882813 0.0950775146484375 -0.055999755859375 -0.324981689453125
-0.0154190063476563 0.112876892089844 -0.050079345703125 -0.284393310546875
-0.067901611328125 0.153427124023438 -0.10626220703125 -0.27825927734375
-0.182907104492188 0.17706298828125 -0.065277099609375 -0.301788330078125
-0.35858154296875 -0.03759765625 0.0047607421875 -0.294189453125
-0.339385986328125 -0.232177734375 -0.220321655273438 -0.173324584960938
-0.17657470703125 -0.301605224609375 -0.43695068359375 -0.518218994140625
-0.06817626953125 0.0810012817382813 0.505889892578125 0.509124755859375
0.0877609252929687 0.108253479003906 0.200515747070313 0.171722412109375
0.116981506347656 -0.0523223876953125 -0.0709075927734375 0.258270263671875
0.00968170166015625 -0.110755920410156 0.01904296875 0.391265869140625
-0.0847930908203125 -0.0719451904296875 0.08917236328125 0.28662109375
-0.097381591796875 0.0378799438476563 0.05804443359375 0.28521728515625
-0.0329132080078125 0.093231201171875 0.042449951171875 0.3382568359375
-0.0252799987792969 0.0694046020507813 0.027496337890625 0.36871337890625
-0.0282211303710937 0.0805892944335938 -0.017181396484375 0.41571044921875
-0.0735092163085937 0.0688095092773438 -0.12628173828125 0.378875732421875
-0.0902862548828125 -0.000328063964843734 -0.15960693359375 0.250762939453125
-0.0549545288085938 -0.080047607421875 -0.16180419921875 0.083160400390625
0.0829391479492188 -0.06396484375 -0.0438079833984375 -0.0902328491210937
0.0921249389648438 0.0699005126953125 0.24334716796875 -0.071868896484375
-0.0340499877929688 0.1064453125 0.279815673828125 0.0614166259765625
-0.269668579101563 -0.11614990234375 0.436798095703125 0.523529052734375
-0.172683715820313 -0.039794921875 0.130905151367188 0.172943115234375
-0.1590576171875 -0.111282348632812 -0.11602783203125 0.2860107421875
-0.209915161132813 -0.0700531005859375 0.0248107910156249 0.4451904296875
-0.240493774414062 0.0126495361328126 0.131103515625 0.2816162109375
-0.207412719726563 0.182083129882812 0.088348388671875 0.236221313476563
-0.082672119140625 0.25341796875 0.04541015625 0.272003173828125
-0.0599212646484375 0.221847534179687 0.026123046875 0.3004150390625
-0.05072021484375 0.23828125 -0.00939941406250001 0.35198974609375
-0.104293823242188 0.214263916015625 -0.084075927734375 0.339874267578125
-0.17596435546875 0.126190185546875 -0.110977172851563 0.23114013671875
-0.194091796875 0.0225830078125 -0.131500244140625 0.0981216430664062
-0.115989685058594 -0.0923004150390625 -0.0551223754882813 -0.08209228515625
-0.105705261230469 -0.06103515625 0.204391479492187 -0.0823822021484375
-0.187423706054688 -0.0482025146484375 0.2440185546875 0.055877685546875
-0.41021728515625 -0.311431884765625 0.304290771484375 0.48065185546875
-0.390777587890625 -0.210662841796875 0.02783203125 0.164840698242188
-0.421600341796875 -0.186553955078125 -0.13140869140625 0.308502197265625
-0.4210205078125 -0.028045654296875 0.06866455078125 0.4644775390625
-0.3707275390625 0.096466064453125 0.205474853515625 0.2408447265625
-0.289947509765625 0.29827880859375 0.142196655273438 0.136886596679688
-0.123291015625 0.36944580078125 0.0571441650390625 0.147216796875
-0.08935546875 0.339691162109375 0.01898193359375 0.185440063476563
-0.065582275390625 0.36627197265625 -0.0160064697265625 0.252212524414063
-0.1187744140625 0.34136962890625 -0.0606689453125 0.270034790039062
-0.236114501953125 0.25115966796875 -0.0868377685546875 0.187973022460938
-0.305938720703125 0.1456298828125 -0.117668151855469 0.0858306884765625
-0.312896728515625 -0.075836181640625 -0.06915283203125 -0.0969161987304687
-0.3154296875 -0.150634765625 0.143035888671875 -0.0999603271484375
-0.336944580078125 -0.186767578125 0.16827392578125 0.0108489990234375
-0.469696044921875 -0.46136474609375 0.13995361328125 0.386962890625
-0.52508544921875 -0.347320556640625 -0.0905456542968751 0.150177001953125
-0.60736083984375 -0.23260498046875 -0.114532470703125 0.32293701171875
-0.564697265625 0.0267333984375 0.14862060546875 0.435943603515625
-0.436798095703125 0.174774169921875 0.29046630859375 0.15838623046875
-0.31689453125 0.369049072265625 0.202392578125 -0.000793457031249977
-0.139373779296875 0.42510986328125 0.0714111328125 -0.0140304565429687
-0.1082763671875 0.40301513671875 0.00864791870117186 0.0417823791503907
-0.07537841796875 0.445343017578125 -0.0343093872070313 0.125411987304688
-0.125518798828125 0.42730712890625 -0.0547027587890625 0.167587280273438
-0.27374267578125 0.3521728515625 -0.086517333984375 0.116127014160156
-0.388641357421875 0.26019287109375 -0.119865417480469 0.0450057983398438
-0.484222412109375 -0.0369873046875 -0.0862731933593751 -0.126304626464844
-0.50347900390625 -0.2041015625 0.05889892578125 -0.114326477050781
-0.4569091796875 -0.29681396484375 0.05224609375 -0.0677871704101563
-0.45465087890625 -0.53253173828125 -0.0263214111328125 0.263717651367187
-0.56561279296875 -0.403564453125 -0.20068359375 0.131378173828125
-0.671142578125 -0.22052001953125 -0.0765380859375 0.317108154296875
-0.58709716796875 0.0867309570312501 0.231201171875 0.354034423828125
-0.407257080078125 0.227081298828125 0.35321044921875 0.0447998046875
-0.2757568359375 0.379425048828125 0.244003295898438 -0.150894165039063
-0.128387451171875 0.409271240234375 0.0813751220703125 -0.182510375976562
-0.1103515625 0.4052734375 -0.00279998779296876 -0.110137939453125
-0.0830078125 0.455291748046875 -0.0552101135253906 -0.0173988342285156
-0.127716064453125 0.44769287109375 -0.0595893859863281 0.039642333984375
-0.2864990234375 0.39642333984375 -0.101036071777344 0.0155487060546875
-0.4267578125 0.3270263671875 -0.127235412597656 -0.0271759033203125
-0.5958251953125 -0.00677490234374993 -0.09930419921875 -0.166168212890625
-0.6280517578125 -0.2374267578125 -0.0406723022460938 -0.124595642089844
-0.51654052734375 -0.3739013671875 -0.0947265625 -0.170318603515625
-0.380523681640625 -0.521026611328125 -0.163040161132813 0.1392822265625
-0.518768310546875 -0.373626708984375 -0.270538330078125 0.109848022460937
-0.60687255859375 -0.15313720703125 -0.02874755859375 0.279464721679688
-0.4857177734375 0.136688232421875 0.281280517578125 0.23297119140625
-0.2940673828125 0.23309326171875 0.36419677734375 -0.07049560546875
-0.18719482421875 0.321014404296875 0.247314453125 -0.282135009765625
-0.094818115234375 0.329254150390625 0.079559326171875 -0.32696533203125
-0.097503662109375 0.344024658203125 -0.0118560791015625 -0.247100830078125
-0.080902099609375 0.394195556640625 -0.0670013427734375 -0.155563354492187
-0.118316650390625 0.394989013671875 -0.0627059936523438 -0.0967330932617187
-0.262603759765625 0.36590576171875 -0.114036560058594 -0.101325988769531
-0.410400390625 0.323974609375 -0.125297546386719 -0.121391296386719
-0.61761474609375 -0.0067749023437499 -0.0932769775390625 -0.213363647460938
-0.648193359375 -0.2646484375 -0.134841918945313 -0.134346008300781
-0.490081787109375 -0.412322998046875 -0.248382568359375 -0.287872314453125
-0.265228271484375 -0.432952880859375 -0.255477905273438 0.0359497070312499
-0.41455078125 -0.2742919921875 -0.291412353515625 0.0902099609375
-0.4515380859375 -0.0597229003906249 0.016357421875 0.220306396484375
-0.307891845703125 0.15338134765625 0.28216552734375 0.10565185546875
-0.140960693359375 0.189376831054687 0.322601318359375 -0.15924072265625
-0.0813140869140625 0.20855712890625 0.21356201171875 -0.367767333984375
-0.053955078125 0.200897216796875 0.063079833984375 -0.423919677734375
-0.06884765625 0.229385375976563 -0.018218994140625 -0.34674072265625
-0.064666748046875 0.266403198242188 -0.0674896240234375 -0.266281127929688
-0.083404541015625 0.271759033203125 -0.058349609375 -0.214111328125
-0.189361572265625 0.27349853515625 -0.1141357421875 -0.206695556640625
-0.328033447265625 0.263427734375 -0.104049682617188 -0.21954345703125
-0.53717041015625 -0.02764892578125 -0.059326171875 -0.257659912109375
-0.549957275390625 -0.271942138671875 -0.201553344726563 -0.148666381835938
-0.3709716796875 -0.3929443359375 -0.373199462890625 -0.412689208984375
-0.1259765625 -0.292266845703125 -0.300262451171875 -0.02606201171875
-0.266983032226562 -0.146011352539062 -0.27325439453125 0.078643798828125
-0.254928588867188 0.0233917236328125 0.0486602783203125 0.156143188476562
-0.116119384765625 0.133544921875 0.248046875 0.00306701660156251
0.00231170654296875 0.109367370605469 0.253570556640625 -0.20794677734375
0.0116767883300781 0.0656776428222656 0.157012939453125 -0.401214599609375
-0.0177459716796875 0.0456733703613281 0.038726806640625 -0.460784912109375
-0.0311431884765625 0.0807876586914063 -0.020477294921875 -0.3919677734375
-0.0275115966796875 0.097015380859375 -0.057891845703125 -0.32708740234375
-0.0133743286132813 0.112930297851562 -0.051422119140625 -0.287078857421875
-0.0654754638671875 0.156845092773438 -0.109695434570313 -0.2779541015625
-0.182785034179688 0.182098388671875 -0.069976806640625 -0.303863525390625
-0.36822509765625 -0.032379150390625 0.000396728515624995 -0.2947998046875
-0.34857177734375 -0.228485107421875 -0.222915649414063 -0.167999267578125
-0.178985595703125 -0.30511474609375 -0.44512939453125 -0.521697998046875
-0.06585693359375 0.0872650146484375 0.53656005859375 0.512939453125
0.0966873168945313 0.109893798828125 0.212295532226563 0.168914794921875
0.118217468261719 -0.0600051879882813 -0.0671539306640625 0.26849365234375
0.00607299804687501 -0.115135192871094 0.031585693359375 0.40411376953125
-0.0929336547851563 -0.0701904296875 0.098907470703125 0.29168701171875
-0.0981826782226563 0.0434951782226562 0.066558837890625 0.292755126953125
-0.0294189453125 0.0965042114257813 0.050445556640625 0.348663330078125
-0.0230331420898437 0.0730667114257813 0.03485107421875 0.378265380859375
-0.02587890625 0.08526611328125 -0.00598144531249997 0.42486572265625
-0.0728988647460938 0.0744781494140625 -0.115875244140625 0.391265869140625
-0.093505859375 0.00324249267578124 -0.152786254882812 0.259780883789063
-0.0613632202148438 -0.081024169921875 -0.159835815429688 0.0894317626953125
0.0824050903320313 -0.069549560546875 -0.0440902709960937 -0.0907669067382813
0.0980148315429688 0.067230224609375 0.249710083007813 -0.0795745849609375
-0.0335464477539063 0.111404418945313 0.289154052734375 0.063507080078125
-0.279876708984375 -0.111648559570313 0.4659423828125 0.531005859375
-0.177154541015625 -0.034637451171875 0.140594482421875 0.171768188476563
-0.169235229492188 -0.110366821289063 -0.113494873046875 0.29754638671875
-0.2200927734375 -0.0658721923828125 0.038848876953125 0.458465576171875
-0.250198364257812 0.0213775634765625 0.143157958984375 0.284698486328125
-0.207138061523438 0.19598388671875 0.0957183837890625 0.239654541015625
-0.0765228271484375 0.264862060546875 0.0506744384765625 0.279647827148438
-0.0542449951171875 0.23175048828125 0.032196044921875 0.308135986328125
-0.0424957275390625 0.249069213867188 -0.0010986328125 0.36041259765625
-0.09796142578125 0.224395751953125 -0.072967529296875 0.34930419921875
-0.17584228515625 0.13641357421875 -0.103897094726563 0.237472534179688
-0.199859619140625 0.0309600830078125 -0.128067016601563 0.102958679199219
-0.123497009277344 -0.0914535522460938 -0.056488037109375 -0.0815963745117188
-0.111885070800781 -0.0601119995117187 0.209609985351563 -0.089202880859375
-0.195556640625 -0.045440673828125 0.254669189453125 0.0595855712890625
-0.429229736328125 -0.310760498046875 0.32977294921875 0.4896240234375
-0.406036376953125 -0.20684814453125 0.0331573486328125 0.166427612304688
-0.444061279296875 -0.178497314453125 -0.12982177734375 0.321685791015625
-0.4383544921875 -0.0151367187500001 0.0873718261718749 0.47705078125
-0.382415771484375 0.111297607421875 0.218673706054687 0.240127563476563
-0.2884521484375 0.318267822265625 0.147048950195312 0.135345458984375
-0.115509033203125 0.38714599609375 0.058197021484375 0.150588989257813
-0.0810546875 0.353546142578125 0.0219879150390625 0.190460205078125
-0.05267333984375 0.381317138671875 -0.0108489990234375 0.259307861328125
-0.108917236328125 0.35455322265625 -0.0509185791015625 0.276107788085938
-0.233154296875 0.26776123046875 -0.0806121826171875 0.191207885742188
-0.310699462890625 0.162689208984375 -0.116523742675781 0.0897293090820313
-0.32696533203125 -0.067535400390625 -0.0722122192382813 -0.0953750610351562
-0.333251953125 -0.1446533203125 0.146713256835937 -0.10430908203125
-0.353302001953125 -0.18511962890625 0.177291870117187 0.0128173828125
-0.496063232421875 -0.463470458984375 0.15545654296875 0.395111083984375
-0.550018310546875 -0.343475341796875 -0.0907135009765625 0.154373168945312
-0.6380615234375 -0.21820068359375 -0.115325927734375 0.335601806640625
-0.58441162109375 0.0491943359375 0.1668701171875 0.445220947265625
-0.447021484375 0.193878173828125 0.30389404296875 0.15283203125
-0.314208984375 0.3917236328125 0.205230712890625 -0.00746154785156248
-0.131805419921875 0.443145751953125 0.0688934326171875 -0.01513671875
-0.098724365234375 0.42059326171875 0.00698852539062499 0.0430030822753907
-0.061126708984375 0.462371826171875 -0.033203125 0.130287170410156
-0.111480712890625 0.44287109375 -0.04827880859375 0.17254638671875
-0.268768310546875 0.3724365234375 -0.0825271606445313 0.118072509765625
-0.392578125 0.28326416015625 -0.120162963867188 0.0479660034179688
-0.50262451171875 -0.02154541015625 -0.0914535522460938 -0.123985290527344
-0.528656005859375 -0.192718505859375 0.0590744018554687 -0.115028381347656
-0.4781494140625 -0.296417236328125 0.0556449890136718 -0.0657234191894531
-0.481475830078125 -0.539825439453125 -0.0208740234375001 0.271072387695312
-0.59295654296875 -0.40234375 -0.205047607421875 0.136749267578125
-0.70233154296875 -0.2025146484375 -0.076812744140625 0.325897216796875
-0.6053466796875 0.1141357421875 0.249237060546875 0.356719970703125
-0.413330078125 0.24658203125 0.364532470703125 0.03472900390625
-0.272064208984375 0.401153564453125 0.242935180664062 -0.163284301757812
-0.12060546875 0.425537109375 0.07470703125 -0.190704345703125
-0.10162353515625 0.422119140625 -0.00914001464843749 -0.113227844238281
-0.06866455078125 0.47393798828125 -0.0578231811523438 -0.0148239135742187
-0.114532470703125 0.46368408203125 -0.0571746826171875 0.0391731262207032
-0.280181884765625 0.4190673828125 -0.101211547851563 0.0154037475585938
-0.42852783203125 0.353271484375 -0.131301879882813 -0.0246200561523437
-0.61785888671875 0.0146484375000001 -0.107421875 -0.163543701171875
-0.6588134765625 -0.22186279296875 -0.043365478515625 -0.121536254882813
-0.54229736328125 -0.3759765625 -0.098663330078125 -0.169052124023438
-0.405670166015625 -0.52996826171875 -0.165237426757813 0.145187377929687
-0.543670654296875 -0.372589111328125 -0.278366088867188 0.115737915039062
-0.63323974609375 -0.13525390625 -0.028350830078125 0.28662109375
-0.495697021484375 0.1614990234375 0.294952392578125 0.231689453125
-0.294189453125 0.248870849609375 0.37188720703125 -0.0830078125
-0.1817626953125 0.33660888671875 0.244171142578125 -0.297271728515625
-0.08905029296875 0.342071533203125 0.06842041015625 -0.33953857421875
-0.08978271484375 0.358551025390625 -0.0211639404296875 -0.253921508789063
-0.07080078125 0.408843994140625 -0.073638916015625 -0.157485961914062
-0.10711669921875 0.406890869140625 -0.06500244140625 -0.099945068359375
-0.257537841796875 0.385833740234375 -0.11810302734375 -0.102470397949219
-0.413726806640625 0.350341796875 -0.132286071777344 -0.121307373046875
-0.64117431640625 0.01531982421875 -0.103363037109375 -0.211883544921875
-0.6806640625 -0.24957275390625 -0.140213012695313 -0.129425048828125
-0.514495849609375 -0.415557861328125 -0.25909423828125 -0.289337158203125
-0.286224365234375 -0.44342041015625 -0.264923095703125 0.0389862060546875
-0.43218994140625 -0.27197265625 -0.301239013671875 0.095703125
-0.4686279296875 -0.04412841796875 0.0172576904296875 0.224502563476563
-0.312286376953125 0.173828125 0.2926025390625 0.101898193359375
-0.1363525390625 0.198806762695312 0.3267822265625 -0.172088623046875
-0.0763397216796875 0.21624755859375 0.205718994140625 -0.38372802734375
-0.0507354736328125 0.207672119140625 0.05047607421875 -0.43939208984375
-0.0647430419921875 0.23992919921875 -0.029693603515625 -0.35693359375
-0.058013916015625 0.277206420898438 -0.0756988525390625 -0.27197265625
-0.0758514404296875 0.280471801757812 -0.0636749267578125 -0.219757080078125
-0.185028076171875 0.288055419921875 -0.1224365234375 -0.2095947265625
-0.330780029296875 0.283447265625 -0.112808227539063 -0.223312377929688
-0.560577392578125 -0.0094909667968751 -0.0704193115234376 -0.258560180664063
-0.57830810546875 -0.26116943359375 -0.210479736328125 -0.14239501953125
-0.390899658203125 -0.39996337890625 -0.3944091796875 -0.414886474609375
-0.138427734375 -0.300750732421875 -0.31268310546875 -0.0255432128906251
-0.276611328125 -0.14324951171875 -0.28375244140625 0.0834350585937499
-0.263381958007813 0.034393310546875 0.0484619140625 0.157028198242188
-0.11572265625 0.145416259765625 0.252792358398438 -0.00270080566406249
0.00896453857421875 0.112251281738281 0.254226684570313 -0.218658447265625
0.0145912170410156 0.0652694702148438 0.14813232421875 -0.414459228515625
-0.017974853515625 0.0471878051757813 0.024261474609375 -0.476043701171875
-0.0303192138671875 0.0850143432617188 -0.0323486328125 -0.404205322265625
-0.0265426635742188 0.100830078125 -0.065765380859375 -0.33544921875
-0.009490966796875 0.114768981933594 -0.05816650390625 -0.29443359375
-0.061279296875 0.163101196289063 -0.120025634765625 -0.28204345703125
-0.1822509765625 0.194900512695313 -0.081329345703125 -0.31048583984375
-0.384796142578125 -0.0199584960937499 -0.010101318359375 -0.299530029296875
-0.368011474609375 -0.2239990234375 -0.232025146484375 -0.161758422851563
-0.18994140625 -0.3125 -0.471649169921875 -0.5260009765625
-0.060302734375 0.0952911376953125 0.58270263671875 0.50140380859375
0.109771728515625 0.106918334960937 0.228164672851563 0.159500122070313
0.118537902832031 -0.068939208984375 -0.0565032958984375 0.280410766601563
-0.00183868408203126 -0.119918823242187 0.05657958984375 0.4132080078125
-0.102264404296875 -0.0655746459960938 0.117584228515625 0.29364013671875
-0.0975189208984375 0.0513763427734375 0.08416748046875 0.295379638671875
-0.0236053466796875 0.101669311523438 0.068145751953125 0.356781005859375
-0.0192794799804688 0.0777740478515625 0.053741455078125 0.385894775390625
-0.0205307006835937 0.0909652709960938 0.01727294921875 0.434356689453125
-0.069610595703125 0.082763671875 -0.09320068359375 0.40509033203125
-0.096527099609375 0.00955200195312502 -0.137924194335938 0.272308349609375
-0.0694732666015625 -0.0792160034179688 -0.154052734375 0.0983123779296875
0.081573486328125 -0.0777587890625 -0.0463714599609375 -0.0905609130859375
0.103958129882813 0.06146240234375 0.253372192382813 -0.0952606201171875
-0.0302200317382812 0.118255615234375 0.30230712890625 0.058990478515625
-0.2930908203125 -0.09967041015625 0.510498046875 0.525238037109375
-0.180267333984375 -0.0257415771484375 0.1541748046875 0.167160034179688
-0.181488037109375 -0.102752685546875 -0.103271484375 0.312347412109375
-0.23223876953125 -0.0546417236328125 0.06817626953125 0.469146728515625
-0.2596435546875 0.03759765625 0.16326904296875 0.282470703125
-0.201431274414063 0.216140747070312 0.109832763671875 0.239669799804688
-0.06243896484375 0.277313232421875 0.064788818359375 0.2860107421875
-0.0413055419921875 0.242355346679688 0.047576904296875 0.315673828125
-0.026458740234375 0.259490966796875 0.0185546875 0.36920166015625
-0.0846099853515625 0.237289428710938 -0.05218505859375 0.359344482421875
-0.17169189453125 0.151229858398437 -0.0889434814453125 0.244842529296875
-0.20294189453125 0.0454559326171875 -0.122589111328125 0.110649108886719
-0.133399963378906 -0.0864410400390625 -0.0596160888671875 -0.0797805786132813
-0.119529724121094 -0.0551681518554687 0.211563110351563 -0.100555419921875
-0.205581665039063 -0.0358734130859375 0.267333984375 0.05535888671875
-0.45941162109375 -0.2977294921875 0.365875244140625 0.488250732421875
-0.425689697265625 -0.189910888671875 0.042724609375 0.167388916015625
-0.46942138671875 -0.15386962890625 -0.11920166015625 0.337249755859375
-0.4537353515625 0.0134582519531249 0.118743896484375 0.48553466796875
-0.39019775390625 0.13720703125 0.238143920898438 0.232513427734375
-0.27716064453125 0.34661865234375 0.15643310546875 0.129669189453125
-0.09637451171875 0.405181884765625 0.0648651123046875 0.153213500976563
-0.06219482421875 0.369842529296875 0.03021240234375 0.19549560546875
-0.02862548828125 0.396087646484375 0.001678466796875 0.267013549804688
-0.086944580078125 0.37054443359375 -0.03509521484375 0.2828369140625
-0.22149658203125 0.2904052734375 -0.0694732666015625 0.19549560546875
-0.3082275390625 0.188018798828125 -0.111320495605469 0.097015380859375
-0.340789794921875 -0.0489501953125001 -0.0772247314453126 -0.09210205078125
-0.352996826171875 -0.12799072265625 0.14715576171875 -0.112258911132813
-0.37652587890625 -0.173248291015625 0.186447143554688 0.0107574462890625
-0.535491943359375 -0.4544677734375 0.1805419921875 0.40008544921875
-0.581787109375 -0.32366943359375 -0.0862579345703126 0.161224365234375
-0.67108154296875 -0.18499755859375 -0.105682373046875 0.34954833984375
-0.600830078125 0.087158203125 0.197967529296875 0.447265625
-0.44964599609375 0.225189208984375 0.320709228515625 0.13739013671875
-0.29937744140625 0.424285888671875 0.206756591796875 -0.0202178955078125
-0.110626220703125 0.463836669921875 0.065338134765625 -0.0187911987304687
-0.076324462890625 0.43939208984375 0.00712966918945312 0.0447921752929688
-0.033447265625 0.479034423828125 -0.0275497436523438 0.136329650878906
-0.08587646484375 0.458892822265625 -0.0378875732421875 0.175338745117188
-0.252471923828125 0.400299072265625 -0.0763931274414063 0.120933532714844
-0.383392333984375 0.317169189453125 -0.1190185546875 0.0552825927734375
-0.521209716796875 0.0110168457031251 -0.100715637207031 -0.118667602539063
-0.55889892578125 -0.16412353515625 0.0576248168945312 -0.1173095703125
-0.5101318359375 -0.282806396484375 0.0579948425292968 -0.0649604797363282
-0.52423095703125 -0.5323486328125 -0.00720214843750003 0.280548095703125
-0.6279296875 -0.38165283203125 -0.207061767578125 0.148880004882812
-0.73687744140625 -0.164306640625 -0.067535400390625 0.339080810546875
-0.616455078125 0.1590576171875 0.275909423828125 0.35272216796875
-0.41070556640625 0.277862548828125 0.376861572265625 0.012969970703125
-0.254180908203125 0.427978515625 0.236862182617187 -0.180908203125
-0.101043701171875 0.4443359375 0.062042236328125 -0.198928833007812
-0.079803466796875 0.44140625 -0.0172653198242187 -0.114265441894531
-0.04150390625 0.491485595703125 -0.0605735778808594 -0.0113525390625
-0.087158203125 0.4805908203125 -0.0547561645507813 0.0409736633300782
-0.261322021484375 0.44793701171875 -0.101905822753906 0.0181961059570313
-0.419036865234375 0.392059326171875 -0.134925842285156 -0.0181198120117187
-0.63848876953125 0.0535888671875001 -0.11932373046875 -0.156997680664063
-0.69354248046875 -0.18695068359375 -0.047882080078125 -0.117485046386719
-0.57867431640625 -0.36090087890625 -0.106338500976563 -0.164764404296875
-0.447479248046875 -0.527252197265625 -0.164337158203125 0.156204223632812
-0.57574462890625 -0.35443115234375 -0.2841796875 0.130828857421875
-0.65966796875 -0.0979003906250001 -0.0203857421875 0.2958984375
-0.4993896484375 0.200164794921875 0.31597900390625 0.2203369140625
-0.28570556640625 0.272308349609375 0.3760986328125 -0.107330322265625
-0.165557861328125 0.356414794921875 0.231475830078125 -0.318603515625
-0.0738525390625 0.356292724609375 0.04718017578125 -0.35186767578125
-0.07122802734375 0.3741455078125 -0.037017822265625 -0.257965087890625
-0.0477294921875 0.426116943359375 -0.08404541015625 -0.157196044921875
-0.0836181640625 0.422607421875 -0.0703048706054688 -0.101425170898437
-0.2396240234375 0.41351318359375 -0.125923156738281 -0.100006103515625
-0.403350830078125 0.386505126953125 -0.142181396484375 -0.116363525390625
-0.66302490234375 0.0567626953125001 -0.118606567382812 -0.206085205078125
-0.7164306640625 -0.21435546875 -0.148284912109375 -0.119842529296875
-0.55230712890625 -0.4029541015625 -0.279296875 -0.280929565429688
-0.32098388671875 -0.444580078125 -0.273208618164063 0.0505371093749999
-0.45745849609375 -0.257568359375 -0.310272216796875 0.111419677734375
-0.484619140625 -0.014404296875 0.0226593017578125 0.22882080078125
-0.309661865234375 0.20159912109375 0.3035888671875 0.0875244140625
-0.125686645507812 0.2117919921875 0.3243408203125 -0.193389892578125
-0.064361572265625 0.224868774414063 0.1881103515625 -0.402496337890625
-0.042327880859375 0.216537475585938 0.02520751953125 -0.453125
-0.0525360107421875 0.251251220703125 -0.050689697265625 -0.3641357421875
-0.044158935546875 0.289154052734375 -0.0915374755859375 -0.27520751953125
-0.05987548828125 0.2899169921875 -0.0751953125 -0.223983764648437
-0.172027587890625 0.307525634765625 -0.135757446289063 -0.208831787109375
-0.32257080078125 0.314117431640625 -0.12933349609375 -0.222137451171875
-0.5811767578125 0.0244140625 -0.0868530273437501 -0.256668090820313
-0.612548828125 -0.2337646484375 -0.220367431640625 -0.129501342773438
-0.422149658203125 -0.39471435546875 -0.4259033203125 -0.40411376953125
-0.161285400390625 -0.304901123046875 -0.3260498046875 -0.014801025390625
-0.290283203125 -0.133087158203125 -0.29266357421875 0.097900390625
-0.269546508789063 0.0540924072265625 0.0521392822265625 0.157943725585938
-0.108795166015625 0.160934448242187 0.256927490234375 -0.016387939453125
0.0185317993164063 0.114082336425781 0.247756958007812 -0.23638916015625
0.0186958312988281 0.0644645690917969 0.12823486328125 -0.4288330078125
-0.017974853515625 0.0490875244140625 -0.00109863281249995 -0.490509033203125
-0.0269012451171875 0.0897598266601563 -0.0543212890625 -0.4134521484375
-0.0227737426757813 0.105743408203125 -0.08447265625 -0.341522216796875
-0.00314331054687501 0.116081237792969 -0.073333740234375 -0.2991943359375
-0.0517425537109375 0.170700073242188 -0.13824462890625 -0.28179931640625
-0.175460815429687 0.212203979492188 -0.1015625 -0.31317138671875
-0.4007568359375 0.00439453124999992 -0.027740478515625 -0.303009033203125
-0.392608642578125 -0.206695556640625 -0.2442626953125 -0.148910522460937
-0.21002197265625 -0.31549072265625 -0.511627197265625 -0.5179443359375
-0.0529403686523437 0.101890563964844 0.62432861328125 0.46661376953125
0.12213134765625 0.09881591796875 0.239883422851563 0.14215087890625
0.115005493164063 -0.07818603515625 -0.0391845703125 0.285919189453125
-0.0120010375976563 -0.120674133300781 0.086700439453125 0.411529541015625
-0.110061645507812 -0.0579757690429688 0.13934326171875 0.2843017578125
-0.0940399169921875 0.0606918334960938 0.104095458984375 0.289947509765625
-0.0146255493164063 0.103569030761719 0.09088134765625 0.355194091796875
-0.0125198364257812 0.0816421508789063 0.07867431640625 0.38580322265625
-0.0114517211914063 0.0937652587890625 0.046417236328125 0.432403564453125
-0.0628814697265625 0.0891342163085937 -0.06396484375 0.409332275390625
-0.097991943359375 0.0167007446289062 -0.115478515625 0.277984619140625
-0.0774765014648438 -0.0740814208984375 -0.144073486328125 0.1082763671875
0.0770034790039063 -0.0854110717773438 -0.049102783203125 -0.08697509765625
0.108726501464844 0.0531158447265625 0.24896240234375 -0.111831665039063
-0.02252197265625 0.123886108398438 0.311614990234375 0.045867919921875
-0.3004150390625 -0.080047607421875 0.552459716796875 0.49639892578125
-0.17950439453125 -0.0146026611328125 0.16741943359375 0.15533447265625
-0.18927001953125 -0.0892791748046875 -0.0859985351562501 0.321502685546875
-0.2392578125 -0.0367584228515625 0.103271484375 0.467254638671875
-0.261138916015625 0.0570068359375 0.1846923828125 0.27008056640625
-0.184844970703125 0.234222412109375 0.125137329101563 0.23223876953125
-0.042236328125 0.28448486328125 0.082733154296875 0.283538818359375
-0.0237274169921875 0.247314453125 0.0665283203125 0.315032958984375
-0.00515747070312499 0.263168334960938 0.042694091796875 0.367767333984375
-0.0651702880859375 0.244293212890625 -0.02618408203125 0.360748291015625
-0.161911010742187 0.16680908203125 -0.0689849853515625 0.245880126953125
-0.201995849609375 0.0626678466796875 -0.111351013183594 0.117424011230469
-0.14013671875 -0.0781936645507813 -0.062103271484375 -0.0745391845703125
-0.124794006347656 -0.0465927124023437 0.20623779296875 -0.113113403320313
-0.210693359375 -0.0216064453125 0.277908325195313 0.0428924560546875
-0.482757568359375 -0.269927978515625 0.40155029296875 0.469451904296875
-0.4381103515625 -0.163177490234375 0.054046630859375 0.164352416992188
-0.4830322265625 -0.119720458984375 -0.100433349609375 0.348907470703125
-0.457122802734375 0.048675537109375 0.15631103515625 0.4794921875
-0.38299560546875 0.16778564453125 0.255874633789063 0.213455200195312
-0.252227783203125 0.37054443359375 0.1627197265625 0.118896484375
-0.0682373046875 0.41546630859375 0.0727691650390625 0.150405883789063
-0.034637451171875 0.377166748046875 0.0416107177734375 0.19598388671875
0.00231933593750004 0.39874267578125 0.0178375244140625 0.267913818359375
-0.056732177734375 0.3759765625 -0.01287841796875 0.281158447265625
-0.198944091796875 0.308837890625 -0.0531158447265625 0.195159912109375
-0.29400634765625 0.2139892578125 -0.101814270019531 0.103126525878906
-0.346160888671875 -0.0228271484375 -0.0809707641601563 -0.084259033203125
-0.36553955078125 -0.10009765625 0.142257690429687 -0.119155883789063
-0.389068603515625 -0.149017333984375 0.193115234375 0.00347900390624999
-0.5687255859375 -0.42169189453125 0.2110595703125 0.392913818359375
-0.604248046875 -0.28607177734375 -0.0791168212890626 0.167510986328125
-0.68865966796875 -0.1334228515625 -0.088348388671875 0.360809326171875
-0.59649658203125 0.1363525390625 0.232330322265625 0.433319091796875
-0.43536376953125 0.2596435546875 0.331573486328125 0.111083984375
-0.2691650390625 0.450653076171875 0.201995849609375 -0.034454345703125
-0.07879638671875 0.47515869140625 0.0612564086914063 -0.02276611328125
-0.044677734375 0.448272705078125 0.008392333984375 0.0465011596679688
0.00454711914062501 0.48626708984375 -0.0191268920898438 0.139877319335938
-0.04840087890625 0.465118408203125 -0.0240478515625 0.174774169921875
-0.221588134765625 0.421661376953125 -0.0673065185546875 0.122344970703125
-0.361602783203125 0.350433349609375 -0.11260986328125 0.0621490478515625
-0.523529052734375 0.0506896972656249 -0.107192993164063 -0.107925415039063
-0.574462890625 -0.12139892578125 0.052001953125 -0.117668151855469
-0.533172607421875 -0.252777099609375 0.0586395263671875 -0.0652961730957031
-0.564453125 -0.502685546875 0.011932373046875 0.284027099609375
-0.65533447265625 -0.34112548828125 -0.20001220703125 0.163040161132812
-0.7532958984375 -0.1087646484375 -0.0511169433593751 0.346405029296875
-0.60760498046875 0.21075439453125 0.301849365234375 0.334686279296875
-0.391510009765625 0.308380126953125 0.378326416015625 -0.016998291015625
-0.2239990234375 0.449371337890625 0.221282958984375 -0.197723388671875
-0.070068359375 0.456512451171875 0.0445556640625 -0.202285766601562
-0.04852294921875 0.449981689453125 -0.0260162353515625 -0.111679077148437
-0.00430297851562504 0.496368408203125 -0.0621376037597656 -0.00625610351562497
-0.048431396484375 0.486114501953125 -0.0506553649902344 0.0416641235351563
-0.227142333984375 0.4708251953125 -0.100578308105469 0.0216217041015625
-0.39056396484375 0.428009033203125 -0.135116577148438 -0.00778961181640622
-0.6390380859375 0.1031494140625 -0.128494262695313 -0.144943237304687
-0.71209716796875 -0.1341552734375 -0.052154541015625 -0.109626770019531
-0.60736083984375 -0.325927734375 -0.114303588867188 -0.156509399414063
-0.48699951171875 -0.503936767578125 -0.154403686523438 0.167465209960937
-0.60137939453125 -0.31695556640625 -0.280853271484375 0.150146484375
-0.67022705078125 -0.0472412109375001 -0.00686645507812504 0.299774169921875
-0.487091064453125 0.242706298828125 0.33172607421875 0.1995849609375
-0.265045166015625 0.29400634765625 0.37054443359375 -0.1361083984375
-0.1380615234375 0.368927001953125 0.206817626953125 -0.33447265625
-0.049957275390625 0.364593505859375 0.0196533203125 -0.35595703125
-0.04541015625 0.383026123046875 -0.0555267333984375 -0.254806518554688
-0.01593017578125 0.432647705078125 -0.0951690673828125 -0.150894165039062
-0.051055908203125 0.425933837890625 -0.075531005859375 -0.099365234375
-0.209075927734375 0.4324951171875 -0.132369995117188 -0.094329833984375
-0.37664794921875 0.42132568359375 -0.150405883789063 -0.105300903320312
-0.66455078125 0.1072998046875 -0.13201904296875 -0.192367553710938
-0.73712158203125 -0.1597900390625 -0.152786254882813 -0.104812622070313
-0.581787109375 -0.370849609375 -0.295745849609375 -0.2620849609375
-0.355621337890625 -0.428314208984375 -0.272918701171875 0.0677490234375
-0.473846435546875 -0.228424072265625 -0.30859375 0.13079833984375
-0.487213134765625 0.0249938964843751 0.0311889648437499 0.229110717773438
-0.29412841796875 0.229888916015625 0.30865478515625 0.06683349609375
-0.107742309570313 0.219879150390625 0.311370849609375 -0.2177734375
-0.0467681884765625 0.229156494140625 0.15869140625 -0.41357421875
-0.02935791015625 0.220718383789063 -0.00839233398437496 -0.455413818359375
-0.035369873046875 0.256744384765625 -0.075592041015625 -0.361541748046875
-0.02276611328125 0.2943115234375 -0.110198974609375 -0.269515991210938
-0.038726806640625 0.292236328125 -0.0884246826171875 -0.221527099609375
-0.148590087890625 0.320709228515625 -0.150314331054688 -0.20050048828125
-0.30120849609375 0.340179443359375 -0.145248413085938 -0.211410522460938
-0.58563232421875 0.0716552734374999 -0.10504150390625 -0.245437622070313
-0.63287353515625 -0.187744140625 -0.225906372070313 -0.11053466796875
-0.450469970703125 -0.37225341796875 -0.45477294921875 -0.37835693359375
-0.186431884765625 -0.299407958984375 -0.330902099609375 0.00311279296875001
-0.299224853515625 -0.114898681640625 -0.292205810546875 0.1160888671875
-0.266403198242187 0.076690673828125 0.0567474365234375 0.154525756835938
-0.096099853515625 0.172943115234375 0.25274658203125 -0.0339813232421875
0.0298233032226563 0.111541748046875 0.23089599609375 -0.252410888671875
0.0239372253417969 0.0622100830078125 0.09893798828125 -0.435455322265625
-0.0163764953613281 0.0508537292480469 -0.037384033203125 -0.4912109375
-0.021270751953125 0.0934371948242188 -0.082611083984375 -0.412384033203125
-0.0161056518554688 0.108627319335938 -0.10540771484375 -0.337493896484375
0.004669189453125 0.11456298828125 -0.092010498046875 -0.2958984375
-0.0374298095703125 0.173797607421875 -0.156570434570313 -0.2720947265625
-0.160446166992187 0.22760009765625 -0.124053955078125 -0.3052978515625
-0.404083251953125 0.03656005859375 -0.0482482910156251 -0.29718017578125
-0.4105224609375 -0.1781005859375 -0.251083374023438 -0.130020141601562
-0.2315673828125 -0.3062744140625 -0.5499267578125 -0.486236572265625
-0.04620361328125 0.102554321289063 0.6424560546875 0.42291259765625
0.126365661621094 0.0865631103515625 0.2423095703125 0.123931884765625
0.107521057128906 -0.0843048095703125 -0.02239990234375 0.284454345703125
-0.0207443237304688 -0.117576599121094 0.1112060546875 0.398681640625
-0.112190246582031 -0.0461273193359375 0.15374755859375 0.26934814453125
-0.0884475708007813 0.0678482055664063 0.117401123046875 0.275726318359375
-0.0099334716796875 0.103324890136719 0.10955810546875 0.344696044921875
-0.00777435302734376 0.0798721313476563 0.09625244140625 0.373779296875
-0.00380706787109374 0.09454345703125 0.073822021484375 0.418212890625
-0.0537185668945312 0.0924530029296875 -0.03656005859375 0.3988037109375
-0.0952911376953125 0.02276611328125 -0.093231201171875 0.276138305664063
-0.08197021484375 -0.0670623779296875 -0.130851745605469 0.111961364746094
0.0697402954101563 -0.0900421142578125 -0.0514678955078125 -0.0819854736328125
0.11029052734375 0.0440826416015625 0.237823486328125 -0.122634887695313
-0.0147781372070313 0.125518798828125 0.309051513671875 0.033538818359375
-0.30255126953125 -0.06231689453125 0.5745849609375 0.45721435546875
-0.174087524414062 -0.00637817382812501 0.172760009765625 0.141387939453125
-0.19256591796875 -0.0750579833984375 -0.065887451171875 0.322540283203125
-0.237274169921875 -0.0213165283203125 0.134368896484375 0.449737548828125
-0.253814697265625 0.075531005859375 0.196243286132813 0.248703002929688
-0.16632080078125 0.242599487304688 0.133148193359375 0.217758178710938
-0.023223876953125 0.28515625 0.09765625 0.275680541992188
-0.00735473632812503 0.24737548828125 0.08135986328125 0.303924560546875
0.0149078369140625 0.257354736328125 0.062774658203125 0.35528564453125
-0.04693603515625 0.242599487304688 3.0517578124996E-05 0.348968505859375
-0.144989013671875 0.173309326171875 -0.0481719970703125 0.24127197265625
-0.191329956054688 0.074920654296875 -0.0965118408203125 0.1201171875
-0.142852783203125 -0.0655670166015625 -0.0616073608398438 -0.0669212341308594
-0.125801086425781 -0.037017822265625 0.1968994140625 -0.119369506835938
-0.208755493164063 -0.007354736328125 0.278488159179688 0.0336151123046875
-0.491241455078125 -0.23443603515625 0.4267578125 0.437896728515625
-0.435333251953125 -0.13507080078125 0.062408447265625 0.1578369140625
-0.48248291015625 -0.08721923828125 -0.0809020996093751 0.34912109375
-0.445220947265625 0.080902099609375 0.1845703125 0.459747314453125
-0.367218017578125 0.187957763671875 0.261856079101563 0.189208984375
-0.222564697265625 0.3797607421875 0.163726806640625 0.103775024414063
-0.041900634765625 0.416046142578125 0.0771636962890625 0.144882202148438
-0.010101318359375 0.373443603515625 0.0518035888671875 0.192596435546875
0.033660888671875 0.390838623046875 0.0337677001953125 0.26007080078125
-0.02813720703125 0.369720458984375 0.00491333007812499 0.272445678710937
-0.173828125 0.31494140625 -0.0414581298828125 0.189987182617188
-0.274093627929687 0.230361938476563 -0.0904998779296875 0.104866027832031
-0.3382568359375 0.00088500976562506 -0.0822677612304688 -0.0743408203125
-0.365203857421875 -0.075103759765625 0.134262084960937 -0.120704650878906
-0.39013671875 -0.123687744140625 0.194778442382812 -0.00326538085937501
-0.58734130859375 -0.3802490234375 0.232025146484375 0.376739501953125
-0.60711669921875 -0.24798583984375 -0.067291259765625 0.168731689453125
-0.6845703125 -0.0876464843749999 -0.0690612792968751 0.364166259765625
-0.57501220703125 0.1739501953125 0.254791259765625 0.409423828125
-0.409698486328125 0.281219482421875 0.332000732421875 0.08477783203125
-0.2310791015625 0.45855712890625 0.193878173828125 -0.044891357421875
-0.04791259765625 0.4735107421875 0.0555801391601562 -0.0241737365722656
-0.01654052734375 0.441558837890625 0.0107574462890625 0.0476112365722657
0.03729248046875 0.476165771484375 -0.012969970703125 0.136573791503906
-0.012664794921875 0.453948974609375 -0.0112762451171875 0.1671142578125
-0.18560791015625 0.428314208984375 -0.05950927734375 0.120010375976563
-0.326995849609375 0.3687744140625 -0.105339050292969 0.0673294067382813
-0.509552001953125 0.0831909179687501 -0.107597351074219 -0.0945510864257812
-0.57135009765625 -0.07965087890625 0.0467605590820312 -0.113983154296875
-0.536956787109375 -0.21875 0.0585556030273437 -0.0630073547363281
-0.5869140625 -0.463134765625 0.0318603515625 0.279403686523437
-0.658203125 -0.2974853515625 -0.189041137695313 0.172210693359375
-0.7418212890625 -0.055908203125 -0.03668212890625 0.344970703125
-0.57769775390625 0.24652099609375 0.316497802734375 0.3084716796875
-0.3626708984375 0.326873779296875 0.369598388671875 -0.0416259765625
-0.18817138671875 0.45416259765625 0.201934814453125 -0.2056884765625
-0.041748046875 0.45428466796875 0.028564453125 -0.199905395507812
-0.019378662109375 0.444793701171875 -0.0329742431640625 -0.106605529785156
0.029296875 0.485260009765625 -0.0601158142089844 -0.000167846679687459
-0.014373779296875 0.47491455078125 -0.0453376770019531 0.040863037109375
-0.19036865234375 0.474395751953125 -0.0970077514648438 0.0239639282226563
-0.353424072265625 0.44580078125 -0.129608154296875 0.00206756591796879
-0.61907958984375 0.1441650390625 -0.130294799804688 -0.128074645996094
-0.707275390625 -0.0843505859375 -0.0518417358398438 -0.101119995117188
-0.61529541015625 -0.2889404296875 -0.116546630859375 -0.144332885742188
-0.5101318359375 -0.46612548828125 -0.14141845703125 0.174346923828125
-0.60528564453125 -0.2744140625 -0.269561767578125 0.163711547851563
-0.658935546875 -0.00207519531249993 0.00372314453124995 0.296173095703125
-0.456634521484375 0.273773193359375 0.335968017578125 0.17449951171875
-0.23907470703125 0.302398681640625 0.353271484375 -0.15667724609375
-0.1102294921875 0.369171142578125 0.180145263671875 -0.3367919921875
-0.027618408203125 0.3616943359375 -0.004058837890625 -0.34735107421875
-0.01934814453125 0.378814697265625 -0.06964111328125 -0.245330810546875
0.012298583984375 0.424346923828125 -0.10205078125 -0.141586303710938
-0.023956298828125 0.417388916015625 -0.0791244506835938 -0.0960845947265625
-0.17510986328125 0.435028076171875 -0.135734558105469 -0.0869827270507812
-0.339324951171875 0.439910888671875 -0.15155029296875 -0.0913848876953124
-0.64666748046875 0.1510009765625 -0.138397216796875 -0.173965454101562
-0.73248291015625 -0.1075439453125 -0.151229858398438 -0.0894012451171875
-0.592041015625 -0.33343505859375 -0.302978515625 -0.238525390625
-0.3778076171875 -0.400604248046875 -0.26348876953125 0.0813751220703124
-0.47613525390625 -0.197418212890625 -0.297607421875 0.1463623046875
-0.475921630859375 0.0586547851562501 0.0381622314453125 0.223876953125
-0.26904296875 0.248519897460938 0.3038330078125 0.04681396484375
-0.0877532958984375 0.22052001953125 0.28948974609375 -0.23187255859375
-0.0302276611328125 0.225265502929688 0.1300048828125 -0.411956787109375
-0.01593017578125 0.219284057617187 -0.03814697265625 -0.445831298828125
-0.01861572265625 0.253997802734375 -0.095458984375 -0.348968505859375
-0.00436401367187501 0.289886474609375 -0.121963500976563 -0.257736206054688
-0.01953125 0.286224365234375 -0.0978546142578125 -0.213851928710937
-0.12322998046875 0.32342529296875 -0.158538818359375 -0.18719482421875
-0.27178955078125 0.353912353515625 -0.153640747070313 -0.195205688476562
-0.5703125 0.1090087890625 -0.114715576171875 -0.227691650390625
-0.63250732421875 -0.14056396484375 -0.222274780273438 -0.090789794921875
-0.463409423828125 -0.34295654296875 -0.465667724609375 -0.344146728515625
-0.204437255859375 -0.2847900390625 -0.32720947265625 0.0198669433593749
-0.297393798828125 -0.097259521484375 -0.2835693359375 0.130218505859375
-0.254379272460938 0.09466552734375 0.05780029296875 0.149826049804688
-0.0787200927734375 0.179916381835938 0.243392944335938 -0.046875
0.03961181640625 0.105354309082031 0.210235595703125 -0.259185791015625
0.026031494140625 0.0572128295898438 0.071075439453125 -0.428619384765625
-0.0149650573730469 0.0510177612304688 -0.06793212890625 -0.478179931640625
-0.01495361328125 0.092742919921875 -0.103363037109375 -0.399261474609375
-0.010040283203125 0.107406616210938 -0.120697021484375 -0.3262939453125
0.0114059448242188 0.109443664550781 -0.10498046875 -0.28509521484375
-0.02392578125 0.173721313476563 -0.168228149414063 -0.254730224609375
-0.14080810546875 0.232467651367188 -0.13848876953125 -0.28936767578125
-0.39483642578125 0.0639648437499999 -0.063568115234375 -0.28363037109375
-0.411407470703125 -0.14727783203125 -0.25 -0.10992431640625
-0.244049072265625 -0.291168212890625 -0.56884765625 -0.44403076171875
-0.041717529296875 0.102996826171875 0.642822265625 0.390380859375
0.129669189453125 0.0786361694335938 0.240036010742187 0.108016967773438
0.102272033691406 -0.0893020629882813 -0.013580322265625 0.279876708984375
-0.023773193359375 -0.113754272460938 0.12579345703125 0.383392333984375
-0.114768981933594 -0.04046630859375 0.158660888671875 0.253082275390625
-0.0843124389648438 0.0698394775390625 0.12213134765625 0.262588500976563
-0.00474548339843751 0.102882385253906 0.116943359375 0.333099365234375
-0.00249481201171876 0.0805892944335938 0.106353759765625 0.36279296875
0.00208282470703125 0.0918045043945313 0.08160400390625 0.40167236328125
-0.04766845703125 0.0930099487304688 -0.01995849609375 0.386871337890625
-0.0929794311523437 0.0282745361328125 -0.0796356201171875 0.263824462890625
-0.0825119018554688 -0.0602493286132813 -0.118492126464844 0.108863830566406
0.0632553100585938 -0.0911636352539063 -0.0500411987304688 -0.0797348022460938
0.107978820800781 0.0380172729492188 0.229263305664063 -0.12603759765625
-0.0108184814453125 0.125450134277344 0.308380126953125 0.028900146484375
-0.297210693359375 -0.0479736328125001 0.579833984375 0.4267578125
-0.165054321289063 -0.00224304199218749 0.173019409179688 0.131271362304688
-0.189682006835938 -0.0679779052734375 -0.05584716796875 0.318267822265625
-0.232940673828125 -0.00798034667968754 0.1484375 0.431488037109375
-0.246292114257812 0.0831451416015625 0.20147705078125 0.232772827148438
-0.152755737304687 0.245437622070313 0.134597778320313 0.205795288085938
-0.011810302734375 0.278305053710938 0.10223388671875 0.267868041992188
0.004119873046875 0.240463256835938 0.088897705078125 0.297454833984375
0.02655029296875 0.251510620117187 0.07086181640625 0.34429931640625
-0.0313568115234375 0.23651123046875 0.00967407226562499 0.335052490234375
-0.134353637695312 0.17535400390625 -0.0397796630859375 0.22845458984375
-0.183502197265625 0.081207275390625 -0.0886001586914063 0.1153564453125
-0.140518188476563 -0.0627593994140625 -0.059661865234375 -0.0631942749023438
-0.123252868652344 -0.029022216796875 0.188018798828125 -0.121963500976562
-0.202728271484375 0.00186157226562501 0.276687622070313 0.027191162109375
-0.486846923828125 -0.2103271484375 0.436187744140625 0.415618896484375
-0.42816162109375 -0.1170654296875 0.0664215087890625 0.151870727539063
-0.47296142578125 -0.0673828125 -0.07000732421875 0.347412109375
-0.429443359375 0.0971069335937499 0.196929931640625 0.44061279296875
-0.352447509765625 0.200531005859375 0.262588500976563 0.1700439453125
-0.200653076171875 0.381439208984375 0.158966064453125 0.09564208984375
-0.022216796875 0.4078369140625 0.079620361328125 0.140838623046875
0.0050048828125 0.364654541015625 0.053924560546875 0.185516357421875
0.04791259765625 0.378662109375 0.040863037109375 0.25244140625
-0.00894165039062498 0.357421875 0.0135498046875 0.260894775390625
-0.153289794921875 0.31463623046875 -0.03314208984375 0.179046630859375
-0.253463745117188 0.236618041992188 -0.0807342529296875 0.104927062988281
-0.330413818359375 0.012786865234375 -0.078460693359375 -0.06878662109375
-0.35784912109375 -0.055877685546875 0.130287170410156 -0.119247436523438
-0.385589599609375 -0.10797119140625 0.1949462890625 -0.00660705566406251
-0.5863037109375 -0.34991455078125 0.24273681640625 0.360870361328125
-0.5970458984375 -0.22015380859375 -0.059783935546875 0.168075561523437
-0.6695556640625 -0.0574951171874999 -0.0594482421875001 0.357330322265625
-0.5516357421875 0.19488525390625 0.265380859375 0.3917236328125
-0.390289306640625 0.29205322265625 0.323974609375 0.06793212890625
-0.207122802734375 0.455963134765625 0.182235717773438 -0.05218505859375
-0.026947021484375 0.46734619140625 0.0514183044433594 -0.0239334106445312
0.00207519531249999 0.43267822265625 0.0102462768554687 0.0457420349121094
0.055999755859375 0.460601806640625 -0.00646209716796874 0.135581970214844
0.00469970703125002 0.43853759765625 -0.00782775878906249 0.161605834960938
-0.162811279296875 0.422454833984375 -0.05523681640625 0.11309814453125
-0.301605224609375 0.37371826171875 -0.0954437255859375 0.0698776245117188
-0.494140625 0.102813720703125 -0.103118896484375 -0.0864944458007812
-0.558135986328125 -0.05340576171875 0.0482406616210937 -0.108070373535156
-0.532318115234375 -0.197967529296875 0.0587615966796875 -0.0632820129394531
-0.58984375 -0.4315185546875 0.0434265136718749 0.271408081054688
-0.6495361328125 -0.26776123046875 -0.178359985351563 0.1746826171875
-0.72552490234375 -0.0275268554687501 -0.027740478515625 0.340362548828125
-0.5504150390625 0.266845703125 0.319580078125 0.28778076171875
-0.339508056640625 0.33154296875 0.354888916015625 -0.056793212890625
-0.16168212890625 0.44769287109375 0.186798095703125 -0.207443237304687
-0.023040771484375 0.445465087890625 0.0183258056640625 -0.1934814453125
6.10351562499679E-05 0.4344482421875 -0.035736083984375 -0.102119445800781
0.0484619140625 0.4736328125 -0.0596809387207031 0.00181579589843753
0.00485229492187497 0.458587646484375 -0.0432014465332031 0.0379638671875
-0.16534423828125 0.471282958984375 -0.09527587890625 0.0242538452148438
-0.323394775390625 0.451019287109375 -0.123085021972656 0.00527191162109378
-0.59893798828125 0.16607666015625 -0.12762451171875 -0.1158447265625
-0.6905517578125 -0.0522460937500001 -0.0505371093750001 -0.0913009643554688
-0.608154296875 -0.26361083984375 -0.115303039550781 -0.135368347167969
-0.5159912109375 -0.438507080078125 -0.129287719726563 0.174240112304687
-0.596435546875 -0.24993896484375 -0.257064819335938 0.16986083984375
-0.640380859375 0.02447509765625 0.01019287109375 0.291595458984375
-0.431427001953125 0.287872314453125 0.330657958984375 0.157440185546875
-0.21832275390625 0.302703857421875 0.33502197265625 -0.16619873046875
-0.0902099609375 0.361907958984375 0.161651611328125 -0.332275390625
-0.013946533203125 0.35540771484375 -0.01934814453125 -0.33660888671875
-0.00540161132812504 0.370025634765625 -0.0764007568359375 -0.235504150390625
0.02880859375 0.413665771484375 -0.103309631347656 -0.133308410644531
-0.00662231445312503 0.404449462890625 -0.0788955688476563 -0.093109130859375
-0.15240478515625 0.431854248046875 -0.134735107421875 -0.0797882080078124
-0.3121337890625 0.442962646484375 -0.147735595703125 -0.0824737548828125
-0.62451171875 0.1739501953125 -0.136703491210938 -0.15966796875
-0.7171630859375 -0.0760498046875001 -0.144943237304688 -0.07891845703125
-0.588623046875 -0.310302734375 -0.302154541015625 -0.223724365234375
-0.38592529296875 -0.37725830078125 -0.25347900390625 0.0871124267578124
-0.46868896484375 -0.1768798828125 -0.28662109375 0.15325927734375
-0.45965576171875 0.0766296386718749 0.0393524169921875 0.220352172851562
-0.249099731445312 0.256744384765625 0.2940673828125 0.036102294921875
-0.073944091796875 0.215667724609375 0.271865844726563 -0.234954833984375
-0.018310546875 0.218276977539062 0.112274169921875 -0.4027099609375
-0.00914001464843751 0.215530395507812 -0.055419921875 -0.430267333984375
-0.00804138183593749 0.249008178710937 -0.105499267578125 -0.336883544921875
0.00695800781250001 0.282989501953125 -0.127456665039062 -0.2464599609375
-0.00837707519531248 0.276412963867188 -0.101882934570313 -0.206436157226562
-0.105865478515625 0.31866455078125 -0.16021728515625 -0.175735473632812
-0.248321533203125 0.357666015625 -0.154373168945313 -0.183029174804687
-0.552459716796875 0.132537841796875 -0.11663818359375 -0.212234497070312
-0.6212158203125 -0.1131591796875 -0.216064453125 -0.0785064697265625
-0.4639892578125 -0.321929931640625 -0.46600341796875 -0.32080078125
-0.212539672851562 -0.270034790039063 -0.318603515625 0.028594970703125
-0.292236328125 -0.084320068359375 -0.273300170898437 0.135787963867188
-0.244400024414062 0.105056762695313 0.05615234375 0.146331787109375
-0.0656585693359375 0.181289672851563 0.230743408203125 -0.0540924072265625
0.0458221435546875 0.0976638793945313 0.192611694335938 -0.257003784179688
0.0295944213867188 0.0524444580078125 0.054901123046875 -0.41571044921875
-0.0136375427246094 0.051483154296875 -0.083587646484375 -0.46368408203125
-0.010833740234375 0.0918960571289063 -0.115325927734375 -0.387542724609375
-0.0064849853515625 0.103851318359375 -0.127685546875 -0.313629150390625
0.0150146484375 0.104667663574219 -0.110794067382812 -0.27508544921875
-0.01519775390625 0.167190551757813 -0.172271728515625 -0.240310668945313
-0.127593994140625 0.234298706054687 -0.14532470703125 -0.274337768554688
-0.383941650390625 0.0807800292968749 -0.06817626953125 -0.268966674804687
-0.405120849609375 -0.126922607421875 -0.242019653320313 -0.096954345703125
-0.2489013671875 -0.279144287109375 -0.570068359375 -0.414794921875
-0.0390625 0.103378295898437 0.646240234375 0.3751220703125
0.130416870117188 0.0731964111328125 0.238662719726563 0.101852416992188
0.098236083984375 -0.0908355712890625 -0.00910949707031248 0.278289794921875
-0.0274276733398437 -0.111618041992188 0.13336181640625 0.37579345703125
-0.114982604980469 -0.0344772338867188 0.158554077148438 0.244522094726562
-0.0828399658203125 0.072662353515625 0.122573852539063 0.255722045898438
-0.00143432617187501 0.103675842285156 0.12005615234375 0.32904052734375
-0.000450134277343746 0.080352783203125 0.110626220703125 0.3568115234375
0.00461578369140624 0.0915985107421875 0.085479736328125 0.394256591796875
-0.0444488525390625 0.0933990478515625 -0.012542724609375 0.378997802734375
-0.0926132202148438 0.0308609008789062 -0.0712432861328125 0.255661010742188
-0.08441162109375 -0.05718994140625 -0.112648010253906 0.105613708496094
0.06011962890625 -0.0953750610351562 -0.0483245849609375 -0.0785903930664063
0.106643676757813 0.0352249145507813 0.22491455078125 -0.124725341796875
-0.00843048095703125 0.127143859863281 0.30950927734375 0.0277099609375
-0.295379638671875 -0.0418090820312499 0.5836181640625 0.4122314453125
-0.162185668945312 0.000335693359375021 0.174087524414063 0.125350952148438
-0.189376831054687 -0.06488037109375 -0.050323486328125 0.319854736328125
-0.228668212890625 -0.00265502929687495 0.1568603515625 0.42333984375
-0.2432861328125 0.0889434814453125 0.199356079101562 0.222076416015625
-0.14404296875 0.246963500976563 0.13336181640625 0.200027465820313
-0.00418090820312503 0.279281616210938 0.103317260742187 0.263641357421875
0.00920104980468748 0.237136840820312 0.0921630859375 0.291778564453125
0.0318603515625 0.247879028320313 0.0738525390625 0.33795166015625
-0.0260772705078125 0.2320556640625 0.014617919921875 0.326995849609375
-0.12835693359375 0.176040649414062 -0.036773681640625 0.21978759765625
-0.1776123046875 0.0861663818359375 -0.0819015502929688 0.1121826171875
-0.139678955078125 -0.0609207153320312 -0.0579071044921875 -0.061737060546875
-0.122695922851562 -0.0259475708007813 0.186920166015625 -0.120559692382813
-0.200485229492188 0.00582885742187497 0.278701782226562 0.0255279541015625
-0.488067626953125 -0.200164794921875 0.44134521484375 0.404296875
-0.421112060546875 -0.11004638671875 0.0693359375 0.147506713867188
-0.467071533203125 -0.0578918457031249 -0.06585693359375 0.3480224609375
-0.42034912109375 0.105224609375 0.2054443359375 0.42926025390625
-0.344818115234375 0.203460693359375 0.259963989257813 0.159866333007813
-0.1881103515625 0.381988525390625 0.155563354492188 0.090789794921875
-0.01263427734375 0.407623291015625 0.0780487060546875 0.139068603515625
0.014129638671875 0.358642578125 0.0573272705078125 0.182159423828125
0.05615234375 0.37322998046875 0.04229736328125 0.24884033203125
-0.000915527343750031 0.349853515625 0.016326904296875 0.252700805664063
-0.14208984375 0.31414794921875 -0.0308685302734375 0.173370361328125
-0.241958618164062 0.240493774414063 -0.0749588012695313 0.100440979003906
-0.325958251953125 0.0187683105468751 -0.07598876953125 -0.065399169921875
-0.3526611328125 -0.045623779296875 0.129440307617187 -0.116920471191406
-0.38311767578125 -0.100982666015625 0.195999145507812 -0.00787353515625001
-0.5872802734375 -0.3380126953125 0.25048828125 0.352142333984375
-0.590087890625 -0.2105712890625 -0.054962158203125 0.165802001953125
-0.66156005859375 -0.04486083984375 -0.05413818359375 0.35845947265625
-0.53778076171875 0.20672607421875 0.269439697265625 0.381195068359375
-0.37908935546875 0.29351806640625 0.318572998046875 0.05706787109375
-0.19134521484375 0.453033447265625 0.175735473632813 -0.0544281005859375
-0.01617431640625 0.464935302734375 0.0481338500976563 -0.0216789245605468
0.01263427734375 0.427886962890625 0.0120849609375 0.0451469421386719
0.066986083984375 0.45220947265625 -0.00594329833984374 0.135604858398438
0.0159912109375 0.428680419921875 -0.00416564941406251 0.154281616210938
-0.148193359375 0.42254638671875 -0.05322265625 0.108528137207031
-0.285491943359375 0.37750244140625 -0.0891265869140625 0.0671005249023438
-0.48370361328125 0.111297607421875 -0.0999832153320313 -0.0814208984375
-0.551055908203125 -0.0384521484375001 0.0490264892578125 -0.105705261230469
-0.528961181640625 -0.1876220703125 0.0604705810546875 -0.06207275390625
-0.5916748046875 -0.41607666015625 0.05157470703125 0.26739501953125
-0.64300537109375 -0.257568359375 -0.17230224609375 0.174957275390625
-0.71575927734375 -0.0125732421875001 -0.023223876953125 0.3409423828125
-0.534393310546875 0.279266357421875 0.32049560546875 0.27886962890625
-0.32684326171875 0.332275390625 0.3480224609375 -0.065765380859375
-0.148773193359375 0.443878173828125 0.1783447265625 -0.2060546875
-0.013397216796875 0.442352294921875 0.0120849609375 -0.18902587890625
0.00814819335937501 0.42919921875 -0.0365066528320313 -0.0994338989257812
0.05853271484375 0.466705322265625 -0.059051513671875 0.00515747070312503
0.014404296875 0.448486328125 -0.0415496826171875 0.0345535278320313
-0.1494140625 0.4686279296875 -0.093963623046875 0.022705078125
-0.306060791015625 0.454071044921875 -0.117462158203125 0.00730895996093753
-0.589111328125 0.1761474609375 -0.123573303222656 -0.109184265136719
-0.68115234375 -0.0362548828124999 -0.0461044311523438 -0.0869903564453125
-0.60516357421875 -0.25469970703125 -0.11383056640625 -0.131744384765625
-0.52203369140625 -0.423797607421875 -0.121414184570313 0.172760009765625
-0.58978271484375 -0.23809814453125 -0.2515869140625 0.17047119140625
-0.631103515625 0.0379028320312499 0.010833740234375 0.291839599609375
-0.413970947265625 0.296661376953125 0.32720947265625 0.151214599609375
-0.205841064453125 0.299957275390625 0.32574462890625 -0.17144775390625
-0.078857421875 0.3548583984375 0.152984619140625 -0.328369140625
-0.00695800781249997 0.35272216796875 -0.02703857421875 -0.330230712890625
0.00186157226562497 0.3653564453125 -0.0786895751953125 -0.231338500976562
0.037139892578125 0.407989501953125 -0.102951049804687 -0.128288269042969
0.00262451171875001 0.395233154296875 -0.0790176391601562 -0.0934295654296875
-0.138458251953125 0.42926025390625 -0.135032653808594 -0.0778121948242187
-0.29486083984375 0.445892333984375 -0.143142700195313 -0.0778961181640625
-0.6151123046875 0.18707275390625 -0.131988525390625 -0.151626586914063
-0.7083740234375 -0.05853271484375 -0.140068054199219 -0.0722732543945313
-0.5867919921875 -0.3011474609375 -0.30023193359375 -0.2158203125
-0.3919677734375 -0.366119384765625 -0.24627685546875 0.0887756347656249
-0.4642333984375 -0.169281005859375 -0.280960083007813 0.15557861328125
-0.451690673828125 0.0859375 0.0385284423828125 0.220687866210938
-0.234649658203125 0.262237548828125 0.288330078125 0.03106689453125
-0.0655059814453125 0.21087646484375 0.262466430664063 -0.236129760742188
-0.011993408203125 0.211944580078125 0.102630615234375 -0.396392822265625
-0.00492858886718748 0.213516235351563 -0.06378173828125 -0.423187255859375
-0.00395202636718749 0.247024536132812 -0.10919189453125 -0.331512451171875
0.012237548828125 0.2796630859375 -0.128021240234375 -0.24151611328125
-0.00323486328125003 0.26959228515625 -0.102340698242188 -0.204254150390625
-0.095794677734375 0.31524658203125 -0.160995483398438 -0.170364379882812
-0.235931396484375 0.3604736328125 -0.153121948242188 -0.176483154296875
-0.545379638671875 0.142822265625 -0.11358642578125 -0.205154418945313
-0.61370849609375 -0.0986938476562499 -0.209518432617188 -0.07275390625
-0.463714599609375 -0.31549072265625 -0.467071533203125 -0.310699462890625
-0.219085693359375 -0.26171875 -0.31414794921875 0.031219482421875
-0.289459228515625 -0.07977294921875 -0.269134521484375 0.136962890625
-0.239425659179688 0.1097412109375 0.053985595703125 0.146270751953125
-0.05780029296875 0.183746337890625 0.222885131835938 -0.0543060302734375
0.0501327514648438 0.093048095703125 0.183273315429688 -0.254150390625
0.0310707092285156 0.0476417541503906 0.0494384765625 -0.40643310546875
-0.0148086547851562 0.0506744384765625 -0.092010498046875 -0.455657958984375
-0.00957489013671874 0.0909881591796875 -0.12042236328125 -0.38177490234375
-0.00431060791015626 0.104721069335937 -0.129638671875 -0.308624267578125
0.0162124633789063 0.101181030273438 -0.111846923828125 -0.270172119140625
-0.00946044921874999 0.163665771484375 -0.172698974609375 -0.231658935546875
-0.117813110351562 0.235763549804688 -0.146209716796875 -0.266387939453125
-0.37786865234375 0.09033203125 -0.0686798095703125 -0.261810302734375
-0.40185546875 -0.1177978515625 -0.235977172851563 -0.09136962890625
-0.250778198242187 -0.276107788085938 -0.57220458984375 -0.40191650390625
-0.0394744873046875 0.107200622558594 0.6591796875 0.36602783203125
0.134048461914063 0.0699920654296875 0.240447998046875 0.096466064453125
0.0970077514648438 -0.095123291015625 -0.00442504882812501 0.283660888671875
-0.0302810668945312 -0.113189697265625 0.143096923828125 0.374053955078125
-0.118011474609375 -0.0304031372070313 0.16265869140625 0.240142822265625
-0.0808486938476563 0.0782623291015625 0.123062133789062 0.254531860351563
0.00240325927734374 0.107421875 0.12432861328125 0.33074951171875
0.00197601318359376 0.08245849609375 0.115509033203125 0.3580322265625
0.00727081298828125 0.092132568359375 0.0906982421875 0.393798828125
-0.042083740234375 0.0960845947265625 -0.00790405273437502 0.377899169921875
-0.094482421875 0.0347442626953125 -0.0680694580078125 0.25201416015625
-0.08709716796875 -0.0545120239257812 -0.109626770019531 0.103973388671875
0.0573348999023438 -0.100395202636719 -0.0476837158203125 -0.0789413452148438
0.107666015625 0.0331192016601563 0.225418090820313 -0.127899169921875
-0.00645446777343749 0.130294799804688 0.316925048828125 0.027008056640625
-0.299835205078125 -0.0352783203125 0.59906005859375 0.40545654296875
-0.161895751953125 0.00181579589843751 0.17755126953125 0.122222900390625
-0.191619873046875 -0.06298828125 -0.044586181640625 0.325408935546875
-0.230392456054688 0.000885009765625008 0.16754150390625 0.421783447265625
-0.244842529296875 0.0959930419921875 0.201858520507812 0.21600341796875
-0.138442993164063 0.253860473632812 0.133224487304688 0.197723388671875
0.0037841796875 0.28314208984375 0.106094360351563 0.265304565429688
0.0150604248046875 0.2396240234375 0.09661865234375 0.29180908203125
0.038177490234375 0.2490234375 0.07769775390625 0.337677001953125
-0.0194549560546875 0.233245849609375 0.01904296875 0.324310302734375
-0.124176025390625 0.180862426757813 -0.034576416015625 0.216064453125
-0.174819946289063 0.0902862548828125 -0.0778732299804688 0.110687255859375
-0.142410278320313 -0.0596923828125 -0.0568389892578125 -0.0611648559570312
-0.122917175292969 -0.0237884521484375 0.1885986328125 -0.12139892578125
-0.202407836914062 0.00910949707031248 0.284881591796875 0.023773193359375
-0.49591064453125 -0.19171142578125 0.45526123046875 0.3997802734375
-0.423919677734375 -0.10498046875 0.0736083984375 0.146728515625
-0.472900390625 -0.0487365722656251 -0.06011962890625 0.355560302734375
-0.419036865234375 0.1168212890625 0.217926025390625 0.428131103515625
-0.344207763671875 0.21160888671875 0.261489868164063 0.151626586914063
-0.17950439453125 0.38885498046875 0.153976440429688 0.0894317626953125
-0.00149536132812502 0.411865234375 0.0782470703125 0.141036987304688
0.021942138671875 0.363037109375 0.06011962890625 0.182586669921875
0.06561279296875 0.37493896484375 0.0449981689453125 0.249588012695313
0.00845336914062502 0.3486328125 0.019378662109375 0.250213623046875
-0.13421630859375 0.319366455078125 -0.0303192138671875 0.169921875
-0.2342529296875 0.247482299804688 -0.0708236694335938 0.098724365234375
-0.32830810546875 0.02362060546875 -0.0734024047851563 -0.0639419555664063
-0.3546142578125 -0.0377807617187501 0.132766723632812 -0.117462158203125
-0.3880615234375 -0.0977478027343751 0.200515747070312 -0.00836181640625001
-0.5985107421875 -0.32977294921875 0.26251220703125 0.350616455078125
-0.59417724609375 -0.2042236328125 -0.0509796142578125 0.166549682617187
-0.66748046875 -0.0325927734375001 -0.0494384765625001 0.36627197265625
-0.5322265625 0.22064208984375 0.280548095703125 0.37713623046875
-0.3759765625 0.3021240234375 0.319671630859375 0.048431396484375
-0.18157958984375 0.459075927734375 0.1728515625 -0.0568389892578125
-0.00567626953125003 0.4703369140625 0.0458793640136719 -0.0208549499511718
0.021240234375 0.431121826171875 0.0118293762207031 0.044525146484375
0.078857421875 0.45513916015625 -0.00450897216796874 0.137046813964844
0.024566650390625 0.42742919921875 -0.00360107421875 0.152130126953125
-0.13763427734375 0.428131103515625 -0.0535202026367188 0.106246948242188
-0.273284912109375 0.38543701171875 -0.084564208984375 0.0667495727539063
-0.486083984375 0.121063232421875 -0.0973052978515626 -0.0791091918945312
-0.554595947265625 -0.02618408203125 0.0523605346679687 -0.103927612304687
-0.536468505859375 -0.1846923828125 0.0619125366210937 -0.0615882873535156
-0.604248046875 -0.4093017578125 0.0597076416015624 0.268051147460938
-0.6514892578125 -0.2503662109375 -0.169723510742188 0.177383422851562
-0.722412109375 0.00207519531250009 -0.020416259765625 0.3470458984375
-0.526611328125 0.293609619140625 0.327484130859375 0.2755126953125
-0.320831298828125 0.337158203125 0.345245361328125 -0.074462890625
-0.13848876953125 0.446563720703125 0.173828125 -0.209442138671875
-0.00421142578125002 0.448486328125 0.00726318359375001 -0.1883544921875
0.015380859375 0.433319091796875 -0.0385818481445312 -0.100540161132812
0.06988525390625 0.468597412109375 -0.0588569641113281 0.00655364990234379
0.023712158203125 0.446990966796875 -0.0427742004394531 0.0317268371582032
-0.136962890625 0.47235107421875 -0.0951004028320313 0.0220794677734375
-0.2930908203125 0.464324951171875 -0.113922119140625 0.00776672363281255
-0.59100341796875 0.18994140625 -0.119949340820313 -0.106765747070312
-0.6861572265625 -0.02252197265625 -0.0428695678710938 -0.0839309692382813
-0.6158447265625 -0.25054931640625 -0.115676879882813 -0.129135131835938
-0.533050537109375 -0.4166259765625 -0.116317749023438 0.173751831054687
-0.59698486328125 -0.23345947265625 -0.249191284179688 0.173934936523437
-0.635009765625 0.04974365234375 0.012603759765625 0.297027587890625
-0.404571533203125 0.309967041015625 0.330963134765625 0.146209716796875
-0.1998291015625 0.3011474609375 0.32208251953125 -0.17901611328125
-0.071258544921875 0.354339599609375 0.146697998046875 -0.33099365234375
-9.15527343749854E-05 0.35650634765625 -0.03564453125 -0.330535888671875
0.008819580078125 0.368804931640625 -0.0831146240234375 -0.232391357421875
0.046417236328125 0.410919189453125 -0.105453491210938 -0.127395629882812
0.00976562500000004 0.393157958984375 -0.08074951171875 -0.09613037109375
-0.12744140625 0.43475341796875 -0.137092590332031 -0.0760421752929687
-0.284576416015625 0.456512451171875 -0.141433715820313 -0.0761260986328125
-0.6170654296875 0.19952392578125 -0.130599975585938 -0.148239135742188
-0.71368408203125 -0.0441894531250001 -0.138298034667969 -0.0687484741210938
-0.5985107421875 -0.30096435546875 -0.30694580078125 -0.21185302734375
-0.404022216796875 -0.360595703125 -0.244857788085938 0.09039306640625
-0.468994140625 -0.165863037109375 -0.281051635742188 0.158721923828125
-0.4532470703125 0.0961608886718749 0.037994384765625 0.2247314453125
-0.224273681640625 0.270904541015625 0.288909912109375 0.02801513671875
-0.0591888427734375 0.209457397460938 0.257492065429688 -0.240753173828125
-0.0063629150390625 0.207962036132813 0.09716796875 -0.3975830078125
-0.00257873535156252 0.215652465820312 -0.072662353515625 -0.422088623046875
0.000549316406250002 0.249099731445313 -0.115631103515625 -0.332733154296875
0.017669677734375 0.282073974609375 -0.13153076171875 -0.241958618164062
0.00105285644531251 0.26837158203125 -0.105484008789062 -0.2064208984375
-0.087615966796875 0.31787109375 -0.164566040039063 -0.1680908203125
-0.226806640625 0.368377685546875 -0.15423583984375 -0.174728393554687
-0.54736328125 0.156646728515625 -0.113143920898438 -0.203414916992188
-0.6195068359375 -0.08697509765625 -0.208633422851563 -0.06817626953125
-0.47442626953125 -0.3165283203125 -0.4764404296875 -0.304901123046875
-0.22808837890625 -0.25885009765625 -0.31549072265625 0.033416748046875
-0.29254150390625 -0.0782775878906251 -0.270462036132813 0.13970947265625
-0.239059448242187 0.116943359375 0.0523529052734375 0.150039672851563
-0.0487213134765625 0.187225341796875 0.22076416015625 -0.055389404296875
0.0548934936523438 0.0887298583984375 0.179214477539063 -0.25537109375
0.0318984985351562 0.0430068969726562 0.044647216796875 -0.407806396484375
-0.0156898498535156 0.0518646240234375 -0.101409912109375 -0.45556640625
-0.00842285156250001 0.0923309326171875 -0.12811279296875 -0.381805419921875
-0.00353240966796875 0.105697631835938 -0.134002685546875 -0.31103515625
0.0168304443359375 0.0988693237304688 -0.11492919921875 -0.271499633789063
-0.00474548339843749 0.162857055664063 -0.1768798828125 -0.229232788085937
-0.111892700195312 0.240524291992188 -0.150192260742187 -0.265029907226563
-0.378875732421875 0.100128173828125 -0.0697021484375 -0.261550903320313
-0.40521240234375 -0.11077880859375 -0.237091064453125 -0.0877075195312499
-0.259048461914063 -0.278366088867188 -0.58441162109375 -0.396240234375
-0.0389785766601562 0.113998413085938 0.68804931640625 0.35125732421875
0.140144348144531 0.0655517578125 0.247329711914063 0.088775634765625
0.0940399169921875 -0.102035522460937 0.00613403320312499 0.29156494140625
-0.0365142822265625 -0.115196228027344 0.1597900390625 0.37451171875
-0.123802185058594 -0.0251083374023438 0.171035766601563 0.237106323242188
-0.0792999267578125 0.0857620239257813 0.1307373046875 0.254684448242188
0.00843811035156251 0.111343383789063 0.136810302734375 0.336181640625
0.00635528564453126 0.0852737426757813 0.128326416015625 0.36285400390625
0.01226806640625 0.0951766967773438 0.104278564453125 0.3990478515625
-0.037994384765625 0.100296020507813 0.00402832031249999 0.382659912109375
-0.0959091186523438 0.0406875610351563 -0.0617218017578125 0.254638671875
-0.0921249389648438 -0.051971435546875 -0.106414794921875 0.1060791015625
0.0527420043945313 -0.107406616210938 -0.0498733520507812 -0.0796127319335938
0.111068725585937 0.0287551879882812 0.228408813476563 -0.135528564453125
-0.001434326171875 0.136039733886719 0.328704833984375 0.02008056640625
-0.309326171875 -0.0224609375 0.62872314453125 0.39324951171875
-0.163284301757813 0.00581359863281249 0.185638427734375 0.117218017578125
-0.197906494140625 -0.0586090087890625 -0.034149169921875 0.337005615234375
-0.234130859375 0.00946044921875001 0.188568115234375 0.421630859375
-0.248367309570313 0.1065673828125 0.210372924804688 0.21087646484375
-0.130828857421875 0.265472412109375 0.138763427734375 0.198135375976563
0.01715087890625 0.290252685546875 0.114974975585938 0.269210815429688
0.0251922607421875 0.244613647460938 0.106597900390625 0.295379638671875
0.0501556396484375 0.25286865234375 0.088470458984375 0.341522216796875
-0.0107879638671875 0.235748291015625 0.029144287109375 0.325408935546875
-0.119659423828125 0.1895751953125 -0.029693603515625 0.217376708984375
-0.1728515625 0.0985870361328125 -0.0736770629882813 0.111030578613281
-0.14892578125 -0.058441162109375 -0.057464599609375 -0.0604057312011719
-0.12548828125 -0.0191726684570312 0.191268920898437 -0.127944946289063
-0.206878662109375 0.0168304443359375 0.295684814453125 0.016998291015625
-0.51507568359375 -0.17718505859375 0.481781005859375 0.393524169921875
-0.4342041015625 -0.094818115234375 0.0808868408203125 0.1463623046875
-0.484222412109375 -0.0360107421874999 -0.049224853515625 0.367095947265625
-0.42138671875 0.134002685546875 0.239166259765625 0.42755126953125
-0.3453369140625 0.22735595703125 0.269088745117188 0.142593383789063
-0.1678466796875 0.402313232421875 0.155807495117187 0.0869293212890625
0.01629638671875 0.421142578125 0.083709716796875 0.143417358398438
0.03662109375 0.369354248046875 0.06524658203125 0.1834716796875
0.082763671875 0.379547119140625 0.052459716796875 0.253982543945313
0.0224609375 0.351104736328125 0.026611328125 0.250732421875
-0.12164306640625 0.329345703125 -0.0277099609375 0.170639038085938
-0.225830078125 0.2603759765625 -0.0655975341796875 0.099395751953125
-0.3345947265625 0.03564453125 -0.0735931396484375 -0.063323974609375
-0.36175537109375 -0.0263671875 0.135726928710937 -0.121810913085938
-0.401214599609375 -0.0868225097656251 0.207305908203125 -0.01275634765625
-0.6224365234375 -0.31475830078125 0.28375244140625 0.348541259765625
-0.61187744140625 -0.19091796875 -0.04559326171875 0.169357299804688
-0.683349609375 -0.012451171875 -0.0397033691406251 0.377349853515625
-0.53155517578125 0.243804931640625 0.30157470703125 0.3741455078125
-0.374725341796875 0.31878662109375 0.324249267578125 0.03515625
-0.168365478515625 0.472412109375 0.172637939453125 -0.06280517578125
0.013427734375 0.48089599609375 0.0443534851074219 -0.0197181701660156
0.03704833984375 0.438629150390625 0.0122642517089844 0.0445480346679688
0.098541259765625 0.4610595703125 -0.000579833984374991 0.140701293945313
0.041534423828125 0.430633544921875 0.000228881835937502 0.151153564453125
-0.12030029296875 0.439117431640625 -0.052642822265625 0.108306884765625
-0.2613525390625 0.40277099609375 -0.0810012817382813 0.0669097900390625
-0.4913330078125 0.14105224609375 -0.0970611572265625 -0.0777740478515625
-0.565673828125 -0.00842285156250012 0.05584716796875 -0.105064392089844
-0.55560302734375 -0.173492431640625 0.064239501953125 -0.0620918273925781
-0.63287353515625 -0.396484375 0.0734558105468749 0.268890380859375
-0.66900634765625 -0.23858642578125 -0.167129516601563 0.183441162109375
-0.73876953125 0.0267944335937501 -0.0111389160156251 0.358428955078125
-0.521514892578125 0.3189697265625 0.344818115234375 0.26922607421875
-0.31585693359375 0.3511962890625 0.347564697265625 -0.08984375
-0.1258544921875 0.45635986328125 0.168487548828125 -0.217864990234375
0.014984130859375 0.459381103515625 -0.000671386718750005 -0.189895629882812
0.032135009765625 0.44122314453125 -0.0435256958007813 -0.101844787597656
0.090850830078125 0.476409912109375 -0.0598983764648437 0.00928115844726567
0.04010009765625 0.450347900390625 -0.0442771911621094 0.0302085876464844
-0.118743896484375 0.486358642578125 -0.0972518920898438 0.0248641967773438
-0.27777099609375 0.48443603515625 -0.111747741699219 0.00917053222656255
-0.59722900390625 0.2164306640625 -0.121086120605469 -0.103996276855469
-0.6993408203125 0.0015258789062499 -0.041259765625 -0.0818405151367188
-0.6409912109375 -0.2423095703125 -0.121131896972656 -0.126480102539063
-0.558990478515625 -0.40771484375 -0.109146118164063 0.177825927734375
-0.6162109375 -0.22174072265625 -0.249923706054688 0.182464599609375
-0.646728515625 0.0729980468750001 0.020233154296875 0.30584716796875
-0.395782470703125 0.3321533203125 0.342254638671875 0.14093017578125
-0.192138671875 0.31036376953125 0.31951904296875 -0.194091796875
-0.059295654296875 0.35888671875 0.13824462890625 -0.340972900390625
0.01226806640625 0.364501953125 -0.0487060546875 -0.3338623046875
0.022613525390625 0.37640380859375 -0.093353271484375 -0.2359619140625
0.0635986328125 0.4180908203125 -0.111305236816406 -0.126686096191406
0.022552490234375 0.39666748046875 -0.0867538452148438 -0.0987701416015625
-0.111572265625 0.4451904296875 -0.142807006835937 -0.073577880859375
-0.269500732421875 0.47711181640625 -0.1431884765625 -0.0746612548828125
-0.6234130859375 0.22808837890625 -0.133102416992188 -0.145980834960937
-0.72882080078125 -0.0211791992187499 -0.138534545898438 -0.0636749267578125
-0.6220703125 -0.2906494140625 -0.32098388671875 -0.20391845703125
-0.424468994140625 -0.353668212890625 -0.244415283203125 0.0962219238281249
-0.483551025390625 -0.15625 -0.282745361328125 0.167449951171875
-0.459503173828125 0.1160888671875 0.0438995361328125 0.232009887695312
-0.2115478515625 0.285614013671875 0.2930908203125 0.02130126953125
-0.05072021484375 0.210494995117188 0.252761840820313 -0.2537841796875
-0.000320434570312503 0.206710815429687 0.08660888671875 -0.40814208984375
0.003753662109375 0.220657348632812 -0.092376708984375 -0.427215576171875
0.00903320312500002 0.254364013671875 -0.12884521484375 -0.337310791015625
0.0283203125 0.287750244140625 -0.141876220703125 -0.243820190429688
0.00892639160156249 0.2698974609375 -0.11407470703125 -0.210556030273437
-0.075439453125 0.325042724609375 -0.172775268554687 -0.165115356445312
-0.21392822265625 0.384796142578125 -0.160888671875 -0.17352294921875
-0.55291748046875 0.18145751953125 -0.11737060546875 -0.202713012695313
-0.63458251953125 -0.0682373046874999 -0.211334228515625 -0.0615997314453125
-0.497222900390625 -0.311553955078125 -0.499481201171875 -0.295166015625
-0.244003295898438 -0.254257202148438 -0.3203125 0.040618896484375
-0.301666259765625 -0.0726318359375 -0.274185180664063 0.147781372070313
-0.23956298828125 0.129623413085938 0.055145263671875 0.1552734375
-0.0366973876953125 0.194503784179687 0.220169067382813 -0.061553955078125
0.0612945556640625 0.0835952758789063 0.17315673828125 -0.263259887695313
0.0320320129394531 0.0386810302734375 0.0333251953125 -0.4156494140625
-0.0166397094726562 0.0546226501464844 -0.120880126953125 -0.46087646484375
-0.00612640380859376 0.0943222045898438 -0.144256591796875 -0.387054443359375
-0.000595092773437512 0.107673645019531 -0.146026611328125 -0.315673828125
0.0195159912109375 0.0971145629882813 -0.125274658203125 -0.275741577148437
0.00273132324218752 0.163543701171875 -0.185882568359375 -0.225677490234375
-0.103286743164062 0.24957275390625 -0.1610107421875 -0.264999389648438
-0.383514404296875 0.118743896484375 -0.0767059326171875 -0.264022827148438
-0.417388916015625 -0.10015869140625 -0.242050170898438 -0.081756591796875
-0.27423095703125 -0.279739379882813 -0.61346435546875 -0.3814697265625
-0.0345535278320312 0.12237548828125 0.7164306640625 0.314208984375
0.146255493164063 0.0571136474609375 0.253814697265625 0.074676513671875
0.0891036987304687 -0.110366821289063 0.023345947265625 0.296234130859375
-0.044189453125 -0.115737915039062 0.184051513671875 0.36859130859375
-0.128494262695313 -0.0162811279296875 0.184585571289063 0.22802734375
-0.0744171142578125 0.0944137573242188 0.142059326171875 0.250900268554688
0.018096923828125 0.113288879394531 0.156005859375 0.3349609375
0.0126876831054688 0.08673095703125 0.14898681640625 0.3612060546875
0.0184707641601563 0.0973892211914063 0.123748779296875 0.3980712890625
-0.0326614379882813 0.104286193847656 0.023895263671875 0.383148193359375
-0.0964813232421875 0.0486297607421875 -0.050140380859375 0.256317138671875
-0.0968780517578125 -0.04693603515625 -0.100730895996094 0.108848571777344
0.0441360473632813 -0.113945007324219 -0.0524368286132812 -0.0782394409179688
0.113258361816406 0.0218276977539063 0.2269287109375 -0.147994995117188
0.00584411621093749 0.139411926269531 0.337799072265625 0.00408935546875001
-0.31494140625 -0.000762939453124951 0.66033935546875 0.362548828125
-0.162841796875 0.0135498046875 0.194000244140625 0.107620239257813
-0.20489501953125 -0.0494537353515625 -0.01416015625 0.3441162109375
-0.2353515625 0.021209716796875 0.216064453125 0.413909912109375
-0.247467041015625 0.12310791015625 0.22198486328125 0.197906494140625
-0.116912841796875 0.27630615234375 0.146682739257813 0.193710327148438
0.038055419921875 0.293182373046875 0.131332397460938 0.268707275390625
0.040771484375 0.246337890625 0.122467041015625 0.2933349609375
0.0677947998046875 0.252731323242188 0.105621337890625 0.3408203125
0.00338745117187501 0.237030029296875 0.044891357421875 0.323455810546875
-0.1080322265625 0.197891235351563 -0.02032470703125 0.216537475585938
-0.16656494140625 0.108963012695313 -0.0669021606445312 0.111640930175781
-0.155807495117188 -0.0527496337890625 -0.0587043762207031 -0.0588645935058594
-0.126876831054687 -0.0134124755859375 0.191665649414063 -0.138137817382813
-0.20831298828125 0.029296875 0.304290771484375 0.003387451171875
-0.52899169921875 -0.148040771484375 0.5128173828125 0.369049072265625
-0.4423828125 -0.0755615234375001 0.0904541015625 0.141616821289063
-0.493316650390625 -0.01055908203125 -0.02996826171875 0.3758544921875
-0.414703369140625 0.15716552734375 0.268310546875 0.415985107421875
-0.337493896484375 0.248291015625 0.276046752929687 0.125335693359375
-0.1461181640625 0.4146728515625 0.1590576171875 0.08050537109375
0.04425048828125 0.425537109375 0.09222412109375 0.142959594726563
0.05889892578125 0.371124267578125 0.0747528076171875 0.181350708007813
0.108612060546875 0.37823486328125 0.0652618408203125 0.254669189453125
0.0418701171875 0.349090576171875 0.038421630859375 0.247268676757813
-0.10125732421875 0.338165283203125 -0.0205078125 0.17071533203125
-0.208969116210937 0.273773193359375 -0.0589981079101562 0.0989913940429688
-0.337646484375 0.053192138671875 -0.0748138427734375 -0.06060791015625
-0.365020751953125 -0.00561523437499997 0.136039733886719 -0.128684997558594
-0.41180419921875 -0.0677185058593749 0.21343994140625 -0.022430419921875
-0.6461181640625 -0.2835693359375 0.30889892578125 0.33453369140625
-0.62542724609375 -0.1634521484375 -0.0359649658203125 0.171829223632813
-0.69390869140625 0.0254516601562501 -0.0198669433593751 0.38470458984375
-0.519195556640625 0.277679443359375 0.326507568359375 0.359283447265625
-0.36163330078125 0.3414306640625 0.326812744140625 0.0140380859375
-0.1427001953125 0.483673095703125 0.167984008789063 -0.071075439453125
0.043792724609375 0.485260009765625 0.04296875 -0.0201606750488281
0.0645751953125 0.441436767578125 0.0135231018066406 0.0434112548828125
0.129180908203125 0.4595947265625 0.00640869140625001 0.143142700195313
0.0655517578125 0.427703857421875 0.00558471679687501 0.14886474609375
-0.093902587890625 0.44805908203125 -0.04901123046875 0.109748840332031
-0.2347412109375 0.4205322265625 -0.075042724609375 0.0670089721679688
-0.489715576171875 0.17156982421875 -0.0984649658203125 -0.0739517211914063
-0.57073974609375 0.02392578125 0.0569381713867187 -0.107818603515625
-0.573974609375 -0.14764404296875 0.0645103454589843 -0.064666748046875
-0.65802001953125 -0.36737060546875 0.0922698974609375 0.265243530273438
-0.6878662109375 -0.20806884765625 -0.158401489257813 0.190872192382813
-0.74688720703125 0.0675659179687499 0.00714111328124992 0.3643798828125
-0.501922607421875 0.3525390625 0.362945556640625 0.252197265625
-0.300262451171875 0.369873046875 0.343353271484375 -0.111846923828125
-0.100860595703125 0.4639892578125 0.157379150390625 -0.228012084960937
0.04168701171875 0.462677001953125 -0.0114898681640625 -0.189651489257812
0.058135986328125 0.44439697265625 -0.0508041381835938 -0.102584838867187
0.121978759765625 0.475982666015625 -0.0599098205566406 0.0131721496582031
0.06378173828125 0.44879150390625 -0.0450515747070312 0.0296440124511719
-0.08941650390625 0.4937744140625 -0.098297119140625 0.0281753540039063
-0.247467041015625 0.504425048828125 -0.1092529296875 0.0108261108398438
-0.592041015625 0.2537841796875 -0.123703002929688 -0.0995101928710938
-0.70648193359375 0.0407104492187501 -0.040557861328125 -0.0790786743164063
-0.66473388671875 -0.2142333984375 -0.128250122070313 -0.119430541992188
-0.5882568359375 -0.38104248046875 -0.09869384765625 0.181716918945312
-0.63330078125 -0.19488525390625 -0.244064331054688 0.193862915039062
-0.64923095703125 0.11083984375 0.0348205566406249 0.310791015625
-0.373016357421875 0.35845947265625 0.352996826171875 0.122314453125
-0.175933837890625 0.32012939453125 0.310302734375 -0.213958740234375
-0.04095458984375 0.3604736328125 0.120758056640625 -0.35137939453125
0.033233642578125 0.368621826171875 -0.06805419921875 -0.3330078125
0.04388427734375 0.379241943359375 -0.108261108398438 -0.235610961914062
0.090087890625 0.4185791015625 -0.118698120117187 -0.121864318847656
0.04217529296875 0.395599365234375 -0.0952224731445312 -0.0983352661132813
-0.0848388671875 0.453582763671875 -0.1485595703125 -0.0670166015625
-0.240692138671875 0.49591064453125 -0.145843505859375 -0.07025146484375
-0.6187744140625 0.26861572265625 -0.13775634765625 -0.141159057617187
-0.73736572265625 0.0198364257812502 -0.138633728027344 -0.0545730590820312
-0.65093994140625 -0.2667236328125 -0.33489990234375 -0.18743896484375
-0.4482421875 -0.332763671875 -0.240386962890625 0.105499267578125
-0.49560546875 -0.134368896484375 -0.279495239257813 0.180679321289062
-0.4586181640625 0.144744873046875 0.0546112060546875 0.234710693359375
-0.190673828125 0.29962158203125 0.295989990234375 0.00622558593750002
-0.038299560546875 0.209701538085938 0.238967895507813 -0.267822265625
0.00897216796875002 0.203414916992188 0.065582275390625 -0.41412353515625
0.014923095703125 0.224319458007812 -0.116302490234375 -0.4266357421875
0.0225982666015625 0.256423950195313 -0.14996337890625 -0.335174560546875
0.045501708984375 0.288482666015625 -0.156112670898438 -0.239822387695313
0.0213470458984375 0.268875122070312 -0.128158569335937 -0.209304809570313
-0.055999755859375 0.329071044921875 -0.182235717773438 -0.157302856445312
-0.19122314453125 0.399627685546875 -0.169219970703125 -0.16827392578125
-0.54998779296875 0.217193603515625 -0.126800537109375 -0.199234008789062
-0.64373779296875 -0.034912109375 -0.213958740234375 -0.0501251220703125
-0.522247314453125 -0.29315185546875 -0.522979736328125 -0.267791748046875
-0.261978149414063 -0.242477416992187 -0.321685791015625 0.0526123046874999
-0.309722900390625 -0.0606689453125 -0.273330688476563 0.160110473632812
-0.235671997070313 0.147232055664062 0.06121826171875 0.157562255859375
-0.0208587646484375 0.1978759765625 0.217498779296875 -0.0713043212890625
0.0681304931640625 0.0748977661132813 0.160064697265625 -0.2716064453125
0.0305976867675781 0.0321617126464844 0.011505126953125 -0.41986083984375
-0.016082763671875 0.0577354431152344 -0.147979736328125 -0.4588623046875
-0.00174713134765626 0.096038818359375 -0.166412353515625 -0.3857421875
0.00517272949218749 0.107963562011719 -0.16485595703125 -0.312896728515625
0.0225830078125 0.0942535400390625 -0.14154052734375 -0.273971557617187
0.0133819580078125 0.161422729492188 -0.198394775390625 -0.217544555664063
-0.0863189697265625 0.2581787109375 -0.175827026367188 -0.259384155273438
-0.3812255859375 0.144073486328125 -0.0892486572265625 -0.26446533203125
-0.426177978515625 -0.0794677734375 -0.247650146484375 -0.06842041015625
-0.29461669921875 -0.272369384765625 -0.64581298828125 -0.351806640625
-0.0266876220703125 0.128524780273438 0.7279052734375 0.26593017578125
0.148910522460938 0.0467071533203125 0.253890991210938 0.05712890625
0.0801467895507813 -0.115631103515625 0.0416259765625 0.291839599609375
-0.0520782470703125 -0.113571166992187 0.205963134765625 0.350128173828125
-0.129562377929688 -0.00555419921874998 0.193084716796875 0.212432861328125
-0.066192626953125 0.100364685058594 0.152618408203125 0.2401123046875
0.028350830078125 0.110847473144531 0.174957275390625 0.3238525390625
0.0204849243164062 0.0850448608398437 0.16815185546875 0.350433349609375
0.0271759033203125 0.0960617065429688 0.142333984375 0.385040283203125
-0.0249557495117188 0.105819702148437 0.044342041015625 0.372344970703125
-0.0928726196289063 0.0565948486328125 -0.0357513427734375 0.25146484375
-0.0996322631835937 -0.0403060913085938 -0.0922088623046875 0.109291076660156
0.03350830078125 -0.1171875 -0.0542449951171875 -0.0748138427734375
0.112617492675781 0.0130844116210937 0.219345092773438 -0.158859252929688
0.015472412109375 0.140396118164063 0.337982177734375 -0.015350341796875
-0.31024169921875 0.022064208984375 0.67474365234375 0.31634521484375
-0.157501220703125 0.0203094482421875 0.198822021484375 0.0929718017578125
-0.206634521484375 -0.0388031005859375 0.00668334960937496 0.341705322265625
-0.2305908203125 0.0334014892578125 0.238616943359375 0.393035888671875
-0.239105224609375 0.137496948242187 0.227890014648437 0.179641723632813
-0.0970458984375 0.28228759765625 0.153549194335938 0.183761596679688
0.058441162109375 0.287200927734375 0.145370483398437 0.259841918945313
0.057037353515625 0.2410888671875 0.13677978515625 0.2825927734375
0.0849609375 0.24554443359375 0.122406005859375 0.3309326171875
0.017333984375 0.230987548828125 0.06097412109375 0.31304931640625
-0.0932006835937501 0.202163696289063 -0.00921630859375002 0.21173095703125
-0.156875610351563 0.1158447265625 -0.0584259033203125 0.108856201171875
-0.159133911132813 -0.044219970703125 -0.0592231750488281 -0.0559463500976563
-0.126716613769531 -0.00663757324218749 0.185302734375 -0.147018432617188
-0.20458984375 0.04290771484375 0.30474853515625 -0.013580322265625
-0.53204345703125 -0.113800048828125 0.531890869140625 0.333984375
-0.438018798828125 -0.05120849609375 0.099273681640625 0.132331848144531
-0.48980712890625 0.0186157226562499 -0.00747680664062502 0.3739013671875
-0.3974609375 0.17926025390625 0.29071044921875 0.3916015625
-0.32147216796875 0.26513671875 0.276657104492187 0.104721069335938
-0.1195068359375 0.4190673828125 0.159835815429688 0.071502685546875
0.072967529296875 0.417633056640625 0.0992660522460938 0.137489318847656
0.0821533203125 0.362030029296875 0.0816802978515625 0.174285888671875
0.133636474609375 0.366851806640625 0.078155517578125 0.24951171875
0.061492919921875 0.338409423828125 0.04913330078125 0.23834228515625
-0.076416015625 0.336822509765625 -0.01214599609375 0.166488647460938
-0.185791015625 0.2801513671875 -0.0509262084960938 0.0952606201171875
-0.33184814453125 0.07177734375 -0.0744857788085938 -0.0569839477539062
-0.360992431640625 0.015350341796875 0.132186889648437 -0.134918212890625
-0.413116455078125 -0.0415344238281249 0.2125244140625 -0.0332183837890625
-0.65496826171875 -0.241943359375 0.328399658203125 0.310760498046875
-0.625 -0.12872314453125 -0.0251617431640626 0.168563842773438
-0.6856689453125 0.0657958984374999 0.00180053710937499 0.382904052734375
-0.49249267578125 0.30279541015625 0.3455810546875 0.333465576171875
-0.339447021484375 0.35614013671875 0.3194580078125 -0.00827026367187498
-0.111572265625 0.48504638671875 0.160415649414063 -0.0787200927734375
0.075225830078125 0.477294921875 0.0414047241210938 -0.0210838317871093
0.090301513671875 0.43115234375 0.0126075744628906 0.0409736633300782
0.159515380859375 0.4449462890625 0.01416015625 0.14239501953125
0.088897705078125 0.4139404296875 0.010498046875 0.1444091796875
-0.06048583984375 0.44366455078125 -0.043853759765625 0.108757019042969
-0.201568603515625 0.42474365234375 -0.0689926147460938 0.0651664733886719
-0.473846435546875 0.199462890625 -0.0981063842773438 -0.0696868896484375
-0.562042236328125 0.05712890625 0.056427001953125 -0.109504699707031
-0.5784912109375 -0.113525390625 0.0629920959472656 -0.065521240234375
-0.67095947265625 -0.32440185546875 0.109237670898437 0.252914428710938
-0.6907958984375 -0.17059326171875 -0.146835327148438 0.194793701171875
-0.73626708984375 0.1123046875 0.026763916015625 0.36138916015625
-0.470367431640625 0.376190185546875 0.375152587890625 0.22613525390625
-0.276031494140625 0.378387451171875 0.329010009765625 -0.13201904296875
-0.07305908203125 0.459503173828125 0.140945434570313 -0.23358154296875
0.070526123046875 0.45721435546875 -0.0228271484375 -0.186172485351562
0.08319091796875 0.435272216796875 -0.0587615966796875 -0.099761962890625
0.15167236328125 0.461151123046875 -0.058929443359375 0.0171012878417969
0.08819580078125 0.435302734375 -0.0463371276855469 0.0291786193847657
-0.05474853515625 0.489990234375 -0.0965499877929688 0.0323410034179688
-0.208251953125 0.50994873046875 -0.105850219726563 0.0119476318359375
-0.5709228515625 0.2874755859375 -0.124214172363281 -0.0928192138671875
-0.6953125 0.0825805664062501 -0.03802490234375 -0.0751113891601563
-0.67364501953125 -0.17535400390625 -0.131378173828125 -0.107902526855469
-0.60186767578125 -0.34228515625 -0.0847015380859375 0.180343627929687
-0.63629150390625 -0.15960693359375 -0.232803344726563 0.201324462890625
-0.638427734375 0.1505126953125 0.051177978515625 0.306732177734375
-0.341522216796875 0.375 0.35430908203125 0.099609375
-0.15411376953125 0.32135009765625 0.290130615234375 -0.230224609375
-0.021881103515625 0.35369873046875 0.09979248046875 -0.35345458984375
0.055267333984375 0.36328125 -0.0877685546875 -0.32403564453125
0.0650634765625 0.371734619140625 -0.123504638671875 -0.228286743164062
0.11639404296875 0.406951904296875 -0.124046325683594 -0.114097595214844
0.0640869140625 0.38543701171875 -0.102500915527344 -0.09429931640625
-0.0550537109375 0.44696044921875 -0.150726318359375 -0.058685302734375
-0.20428466796875 0.50146484375 -0.146713256835937 -0.06500244140625
-0.595703125 0.30474853515625 -0.141159057617187 -0.1328125
-0.728271484375 0.0635986328125001 -0.13531494140625 -0.0450439453125
-0.66046142578125 -0.23004150390625 -0.343505859375 -0.16070556640625
-0.462310791015625 -0.30242919921875 -0.231170654296875 0.112930297851562
-0.498382568359375 -0.109130859375 -0.269729614257813 0.1898193359375
-0.444580078125 0.173126220703125 0.0658111572265625 0.231689453125
-0.1636962890625 0.306549072265625 0.2913818359375 -0.010406494140625
-0.0258941650390625 0.202590942382813 0.218307495117188 -0.27716064453125
0.017578125 0.195343017578125 0.04150390625 -0.41253662109375
0.027313232421875 0.222305297851563 -0.14117431640625 -0.413848876953125
0.0374298095703125 0.251998901367188 -0.16973876953125 -0.324432373046875
0.062896728515625 0.28173828125 -0.169235229492187 -0.228973388671875
0.034576416015625 0.261428833007812 -0.14068603515625 -0.20074462890625
-0.034912109375 0.324127197265625 -0.1885986328125 -0.144668579101562
-0.159515380859375 0.40435791015625 -0.176071166992188 -0.1580810546875
-0.53057861328125 0.250762939453125 -0.133834838867188 -0.191497802734375
-0.6387939453125 0.00262451171874989 -0.210906982421875 -0.0362701416015625
-0.536163330078125 -0.262969970703125 -0.533172607421875 -0.230865478515625
-0.274444580078125 -0.2239990234375 -0.3148193359375 0.0649414062499999
-0.31109619140625 -0.04486083984375 -0.266860961914063 0.17022705078125
-0.224334716796875 0.162628173828125 0.0675811767578125 0.155670166015625
-0.00297546386718749 0.194931030273438 0.208709716796875 -0.0811004638671875
0.0707626342773438 0.0643692016601563 0.141693115234375 -0.27508544921875
0.0282135009765625 0.0267524719238281 -0.01251220703125 -0.415435791015625
-0.0144004821777344 0.0600547790527344 -0.175537109375 -0.44415283203125
0.00335693359375 0.0949020385742188 -0.18896484375 -0.374053955078125
0.0100250244140625 0.105972290039063 -0.18115234375 -0.302215576171875
0.0253372192382813 0.0900192260742188 -0.155517578125 -0.263595581054688
0.0235748291015625 0.15509033203125 -0.206802368164063 -0.202163696289063
-0.0675811767578125 0.258529663085938 -0.188629150390625 -0.24676513671875
-0.36767578125 0.167083740234375 -0.10137939453125 -0.257278442382812
-0.42620849609375 -0.055511474609375 -0.246673583984375 -0.0531158447265625
-0.310150146484375 -0.2547607421875 -0.660888671875 -0.306884765625
-0.0189056396484375 0.131904602050781 0.7174072265625 0.228515625
0.148056030273438 0.0384521484375 0.248825073242188 0.0442657470703125
0.0724105834960938 -0.117416381835938 0.054290771484375 0.2823486328125
-0.0563812255859375 -0.109092712402344 0.214385986328125 0.3284912109375
-0.126991271972656 0.00286102294921878 0.193984985351562 0.196090698242188
-0.0579605102539063 0.104347229003906 0.15576171875 0.22772216796875
0.0354766845703125 0.105865478515625 0.185089111328125 0.309326171875
0.0257644653320312 0.0815277099609375 0.1771240234375 0.335174560546875
0.0329971313476562 0.0931625366210938 0.152435302734375 0.369384765625
-0.0188064575195312 0.104713439941406 0.056121826171875 0.3568115234375
-0.0876541137695312 0.0616912841796875 -0.025909423828125 0.24176025390625
-0.0998077392578125 -0.0350494384765625 -0.0836029052734375 0.105438232421875
0.0235519409179688 -0.1171875 -0.0540618896484375 -0.07171630859375
0.108833312988281 0.006866455078125 0.21002197265625 -0.163131713867187
0.02191162109375 0.138633728027344 0.33099365234375 -0.026947021484375
-0.299591064453125 0.0375976562499999 0.67169189453125 0.279296875
-0.149459838867188 0.0241851806640625 0.196914672851563 0.0805511474609375
-0.20355224609375 -0.0305328369140625 0.0201416015625 0.3321533203125
-0.222549438476563 0.0407257080078125 0.2503662109375 0.36822509765625
-0.228973388671875 0.145263671875 0.225692749023437 0.161758422851563
-0.0807342529296875 0.279754638671875 0.15576171875 0.173095703125
0.072479248046875 0.2757568359375 0.153335571289063 0.24688720703125
0.067230224609375 0.23028564453125 0.142303466796875 0.269058227539063
0.0963134765625 0.23419189453125 0.130828857421875 0.316619873046875
0.026214599609375 0.222640991210937 0.068359375 0.2984619140625
-0.08038330078125 0.19964599609375 -0.00161743164062499 0.201370239257813
-0.146499633789063 0.116714477539062 -0.0519561767578125 0.102630615234375
-0.159820556640625 -0.0380401611328125 -0.0573654174804688 -0.0528297424316406
-0.123214721679688 -0.0014801025390625 0.17852783203125 -0.15106201171875
-0.19659423828125 0.051666259765625 0.297882080078125 -0.024658203125
-0.5181884765625 -0.0866394042968749 0.533050537109375 0.301361083984375
-0.425537109375 -0.03424072265625 0.102241516113281 0.121734619140625
-0.4752197265625 0.03668212890625 0.00845336914062494 0.364898681640625
-0.376922607421875 0.18798828125 0.300048828125 0.365570068359375
-0.30419921875 0.270599365234375 0.269317626953125 0.08740234375
-0.0964660644531251 0.411834716796875 0.156707763671875 0.0634918212890625
0.092559814453125 0.401824951171875 0.102928161621094 0.130142211914063
0.095977783203125 0.34796142578125 0.0835113525390625 0.165786743164063
0.148712158203125 0.34918212890625 0.0849761962890625 0.239898681640625
0.073486328125 0.323089599609375 0.05377197265625 0.22735595703125
-0.057525634765625 0.328155517578125 -0.00665283203124999 0.159423828125
-0.166000366210938 0.2769775390625 -0.0458450317382812 0.0887603759765625
-0.320556640625 0.08349609375 -0.072052001953125 -0.0541000366210937
-0.34967041015625 0.030303955078125 0.128852844238281 -0.136505126953125
-0.403533935546875 -0.0253295898437499 0.208541870117187 -0.0394287109375
-0.64337158203125 -0.2080078125 0.335540771484375 0.285308837890625
-0.61102294921875 -0.10498046875 -0.017913818359375 0.16162109375
-0.66552734375 0.0932006835937499 0.01666259765625 0.37396240234375
-0.46319580078125 0.312286376953125 0.3514404296875 0.3079833984375
-0.31768798828125 0.358428955078125 0.306365966796875 -0.023040771484375
-0.088897705078125 0.47412109375 0.152313232421875 -0.0826568603515625
0.096954345703125 0.460052490234375 0.0398635864257813 -0.0220069885253906
0.10675048828125 0.415618896484375 0.0110511779785156 0.0388526916503907
0.17724609375 0.422454833984375 0.0191879272460938 0.139350891113281
0.100799560546875 0.394500732421875 0.0123977661132812 0.138046264648438
-0.03839111328125 0.42926025390625 -0.0400619506835938 0.105049133300781
-0.174713134765625 0.4176025390625 -0.0644264221191406 0.0607032775878907
-0.453948974609375 0.213470458984375 -0.094879150390625 -0.0654144287109375
-0.543609619140625 0.07977294921875 0.0562820434570312 -0.109344482421875
-0.57000732421875 -0.08856201171875 0.0615921020507812 -0.0644798278808594
-0.66485595703125 -0.28802490234375 0.118148803710937 0.237640380859375
-0.67755126953125 -0.14215087890625 -0.137008666992188 0.190963745117187
-0.71258544921875 0.14056396484375 0.038116455078125 0.35162353515625
-0.436004638671875 0.38250732421875 0.372528076171875 0.20306396484375
-0.254638671875 0.37548828125 0.309539794921875 -0.143157958984375
-0.0533447265625 0.44805908203125 0.126785278320313 -0.232192993164062
0.089508056640625 0.439483642578125 -0.02996826171875 -0.179550170898437
0.098876953125 0.419342041015625 -0.064605712890625 -0.0958023071289062
0.169586181640625 0.43939208984375 -0.0558280944824219 0.02001953125
0.1011962890625 0.416259765625 -0.0467491149902344 0.0285491943359375
-0.030426025390625 0.4736328125 -0.0934295654296875 0.0334701538085938
-0.1776123046875 0.50140380859375 -0.102424621582031 0.0109710693359375
-0.544281005859375 0.3038330078125 -0.121452331542969 -0.0876312255859375
-0.674560546875 0.11004638671875 -0.034332275390625 -0.0714492797851563
-0.6650390625 -0.14776611328125 -0.129844665527344 -0.097564697265625
-0.597412109375 -0.309326171875 -0.074859619140625 0.173660278320312
-0.62481689453125 -0.134033203125 -0.221939086914063 0.201065063476562
-0.61505126953125 0.17498779296875 0.05902099609375 0.297882080078125
-0.310455322265625 0.375823974609375 0.347442626953125 0.08160400390625
-0.1390380859375 0.313873291015625 0.270736694335938 -0.236053466796875
-0.00903320312499998 0.341339111328125 0.080291748046875 -0.346649169921875
0.070404052734375 0.3511962890625 -0.099853515625 -0.3111572265625
0.0782470703125 0.358795166015625 -0.132049560546875 -0.217880249023438
0.131103515625 0.388153076171875 -0.125282287597656 -0.106208801269531
0.0740966796875 0.36834716796875 -0.105995178222656 -0.0885772705078125
-0.033294677734375 0.434173583984375 -0.149002075195313 -0.051727294921875
-0.173095703125 0.492034912109375 -0.145217895507813 -0.061004638671875
-0.56805419921875 0.32330322265625 -0.139678955078125 -0.125358581542969
-0.70703125 0.0928344726562501 -0.128494262695313 -0.037811279296875
-0.65728759765625 -0.1998291015625 -0.337738037109375 -0.1400146484375
-0.461639404296875 -0.275390625 -0.22088623046875 0.11322021484375
-0.491455078125 -0.0889892578125 -0.260971069335938 0.192733764648438
-0.425506591796875 0.1884765625 0.07037353515625 0.224838256835938
-0.140411376953125 0.30218505859375 0.280502319335938 -0.0211944580078125
-0.0179595947265625 0.193145751953125 0.199050903320313 -0.276123046875
0.0211029052734375 0.1864013671875 0.023162841796875 -0.401031494140625
0.0359649658203125 0.21630859375 -0.155487060546875 -0.396026611328125
0.0456085205078125 0.243316650390625 -0.181549072265625 -0.31024169921875
0.072662353515625 0.27001953125 -0.173690795898438 -0.217178344726562
0.0410003662109375 0.250091552734375 -0.146499633789063 -0.19110107421875
-0.020111083984375 0.312225341796875 -0.187973022460938 -0.1331787109375
-0.1353759765625 0.397491455078125 -0.177719116210937 -0.148788452148438
-0.505279541015625 0.266754150390625 -0.135818481445313 -0.181488037109375
-0.62310791015625 0.0293579101562499 -0.203109741210938 -0.0259246826171875
-0.536407470703125 -0.237274169921875 -0.527069091796875 -0.199615478515625
-0.276840209960937 -0.205810546875 -0.305572509765625 0.0700988769531251
-0.3074951171875 -0.03369140625 -0.259246826171875 0.1734619140625
-0.21112060546875 0.171173095703125 0.0701904296875 0.152145385742188
0.009368896484375 0.187911987304688 0.197463989257813 -0.0853271484375
0.0702285766601563 0.0538406372070312 0.125930786132813 -0.269790649414063
0.0239772796630859 0.0222549438476563 -0.028594970703125 -0.400604248046875
-0.0124397277832031 0.0615119934082031 -0.1903076171875 -0.423309326171875
0.00611114501953124 0.0926437377929688 -0.200897216796875 -0.356170654296875
0.0126495361328125 0.1014404296875 -0.18890380859375 -0.288482666015625
0.0253982543945313 0.0839691162109375 -0.162216186523438 -0.250701904296875
0.0286407470703125 0.14581298828125 -0.20733642578125 -0.187103271484375
-0.05218505859375 0.252609252929688 -0.193954467773438 -0.232391357421875
-0.350860595703125 0.1800537109375 -0.10821533203125 -0.24755859375
-0.418792724609375 -0.037384033203125 -0.24005126953125 -0.040924072265625
-0.315155029296875 -0.239837646484375 -0.65557861328125 -0.26806640625
-0.0137557983398437 0.134452819824219 0.70501708984375 0.2093505859375
0.147232055664063 0.0336761474609375 0.242538452148438 0.037078857421875
0.0678939819335938 -0.117599487304688 0.0580291748046875 0.275543212890625
-0.0585174560546875 -0.107307434082031 0.215911865234375 0.31427001953125
-0.123725891113281 0.0072784423828125 0.1905517578125 0.185409545898438
-0.0505752563476563 0.104934692382813 0.153610229492188 0.219451904296875
0.0395889282226562 0.102012634277344 0.186767578125 0.298004150390625
0.0289306640625 0.0783843994140625 0.17822265625 0.32373046875
0.0377655029296875 0.09088134765625 0.15380859375 0.3577880859375
-0.0149078369140625 0.102943420410156 0.057647705078125 0.344146728515625
-0.083892822265625 0.06396484375 -0.021575927734375 0.232177734375
-0.0983810424804688 -0.0326614379882812 -0.0799407958984375 0.0999679565429687
0.0171432495117187 -0.116226196289063 -0.0513687133789063 -0.0703048706054688
0.1048583984375 0.00403594970703125 0.205795288085938 -0.162841796875
0.0255889892578125 0.137161254882813 0.324554443359375 -0.030426025390625
-0.2879638671875 0.04541015625 0.66119384765625 0.26025390625
-0.143081665039063 0.0232391357421875 0.193450927734375 0.0724029541015625
-0.19989013671875 -0.0276947021484375 0.026519775390625 0.324127197265625
-0.216018676757813 0.04107666015625 0.251220703125 0.353271484375
-0.222808837890625 0.146621704101563 0.219741821289063 0.151870727539063
-0.0710906982421875 0.2757568359375 0.151962280273438 0.166412353515625
0.07958984375 0.266265869140625 0.153274536132813 0.238449096679688
0.07147216796875 0.22271728515625 0.141647338867188 0.260772705078125
0.102142333984375 0.225067138671875 0.131317138671875 0.307769775390625
0.029541015625 0.214813232421875 0.067779541015625 0.2874755859375
-0.0739288330078125 0.195175170898437 -0.000320434570312489 0.192718505859375
-0.139480590820313 0.113800048828125 -0.049285888671875 0.0955581665039063
-0.158233642578125 -0.0349578857421875 -0.0542945861816406 -0.0521430969238281
-0.120231628417969 0.000869750976562503 0.176864624023438 -0.150833129882813
-0.189453125 0.0559539794921875 0.292938232421875 -0.02813720703125
-0.504974365234375 -0.0735168457031249 0.52716064453125 0.282745361328125
-0.41217041015625 -0.0311279296874999 0.101692199707031 0.114662170410156
-0.464569091796875 0.04412841796875 0.01373291015625 0.356719970703125
-0.362274169921875 0.18743896484375 0.299896240234375 0.348968505859375
-0.294342041015625 0.26953125 0.260452270507813 0.07843017578125
-0.086334228515625 0.403228759765625 0.15313720703125 0.059967041015625
0.10162353515625 0.389251708984375 0.102218627929688 0.124244689941406
0.101043701171875 0.337982177734375 0.0813751220703125 0.161041259765625
0.15472412109375 0.33544921875 0.0858612060546875 0.23309326171875
0.07684326171875 0.3106689453125 0.051910400390625 0.219390869140625
-0.0491943359375 0.317169189453125 -0.00598144531249999 0.151962280273438
-0.154708862304688 0.268798828125 -0.0440521240234375 0.0821380615234375
-0.31317138671875 0.08734130859375 -0.0687179565429688 -0.0534515380859375
-0.339508056640625 0.0365295410156249 0.129112243652344 -0.136573791503906
-0.394805908203125 -0.016326904296875 0.205947875976562 -0.04083251953125
-0.62994384765625 -0.19415283203125 0.333221435546875 0.269378662109375
-0.595947265625 -0.0968017578125001 -0.0159912109375 0.155075073242187
-0.64849853515625 0.1033935546875 0.02008056640625 0.365386962890625
-0.44146728515625 0.310455322265625 0.348419189453125 0.292755126953125
-0.306365966796875 0.3529052734375 0.294158935546875 -0.029449462890625
-0.0782470703125 0.46282958984375 0.145889282226563 -0.082733154296875
0.105072021484375 0.447174072265625 0.03778076171875 -0.0230560302734375
0.11181640625 0.40380859375 0.00780105590820313 0.0373764038085938
0.183349609375 0.4066162109375 0.021270751953125 0.136344909667969
0.10565185546875 0.379547119140625 0.0111007690429688 0.132858276367188
-0.028411865234375 0.415924072265625 -0.0385589599609375 0.101341247558594
-0.15887451171875 0.406158447265625 -0.062530517578125 0.0546226501464844
-0.440277099609375 0.217559814453125 -0.0918502807617188 -0.0641250610351562
-0.529449462890625 0.088165283203125 0.059051513671875 -0.108551025390625
-0.559051513671875 -0.0773620605468749 0.0624732971191406 -0.0623283386230469
-0.6514892578125 -0.2706298828125 0.1204833984375 0.225433349609375
-0.66278076171875 -0.13323974609375 -0.1326904296875 0.1854248046875
-0.6949462890625 0.15130615234375 0.0399780273437499 0.344451904296875
-0.41455078125 0.378387451171875 0.366424560546875 0.1907958984375
-0.243560791015625 0.36798095703125 0.29632568359375 -0.145355224609375
-0.046051025390625 0.435150146484375 0.12030029296875 -0.228073120117187
0.09808349609375 0.427764892578125 -0.033660888671875 -0.17529296875
0.10357666015625 0.40753173828125 -0.0682830810546875 -0.0926132202148437
0.1754150390625 0.423065185546875 -0.0539627075195312 0.0202255249023438
0.105255126953125 0.40032958984375 -0.0485267639160156 0.0277214050292969
-0.020355224609375 0.45745849609375 -0.0913543701171875 0.032623291015625
-0.160491943359375 0.487457275390625 -0.101104736328125 0.00827026367187505
-0.5263671875 0.30841064453125 -0.118156433105469 -0.0854873657226563
-0.65472412109375 0.1199951171875 -0.0284233093261719 -0.0695533752441406
-0.653564453125 -0.13543701171875 -0.125526428222656 -0.0906906127929688
-0.5877685546875 -0.29437255859375 -0.070037841796875 0.165542602539062
-0.61444091796875 -0.12567138671875 -0.217422485351563 0.19769287109375
-0.5985107421875 0.18402099609375 0.060211181640625 0.29193115234375
-0.291046142578125 0.369720458984375 0.33892822265625 0.07427978515625
-0.132171630859375 0.304046630859375 0.256317138671875 -0.23358154296875
-0.00601196289062499 0.33038330078125 0.0732421875 -0.33837890625
0.076324462890625 0.34161376953125 -0.103851318359375 -0.30206298828125
0.082366943359375 0.34942626953125 -0.136276245117187 -0.2110595703125
0.136688232421875 0.37481689453125 -0.123786926269531 -0.101852416992187
0.076019287109375 0.35614013671875 -0.107673645019531 -0.0856704711914062
-0.024627685546875 0.419189453125 -0.14630126953125 -0.04888916015625
-0.1566162109375 0.48077392578125 -0.143218994140625 -0.06005859375
-0.547332763671875 0.327545166015625 -0.1368408203125 -0.121879577636719
-0.687744140625 0.10400390625 -0.12054443359375 -0.034210205078125
-0.64727783203125 -0.187744140625 -0.33038330078125 -0.1282958984375
-0.4532470703125 -0.261322021484375 -0.215103149414063 0.1087646484375
-0.483062744140625 -0.0814819335937499 -0.258010864257813 0.19061279296875
-0.41192626953125 0.196502685546875 0.070709228515625 0.221725463867188
-0.1258544921875 0.2952880859375 0.271072387695312 -0.0240631103515625
-0.0161285400390625 0.183517456054688 0.188064575195313 -0.270751953125
0.0200347900390625 0.178665161132813 0.016937255859375 -0.391143798828125
0.0395050048828125 0.211807250976563 -0.16119384765625 -0.383758544921875
0.0480804443359375 0.2369384765625 -0.1846923828125 -0.300262451171875
0.07501220703125 0.261367797851562 -0.172500610351562 -0.210372924804688
0.041351318359375 0.241683959960938 -0.14715576171875 -0.185134887695312
-0.01458740234375 0.300445556640625 -0.184768676757812 -0.127120971679688
-0.12322998046875 0.387359619140625 -0.176406860351562 -0.143539428710937
-0.48907470703125 0.271331787109375 -0.13458251953125 -0.176376342773438
-0.60882568359375 0.0396728515624999 -0.194717407226563 -0.0214385986328125
-0.5311279296875 -0.226806640625 -0.517791748046875 -0.182373046875
-0.273361206054687 -0.19427490234375 -0.29931640625 0.06903076171875
-0.30450439453125 -0.029296875 -0.257919311523438 0.172775268554688
-0.202713012695313 0.174423217773438 0.069549560546875 0.150497436523438
0.0169830322265625 0.1815185546875 0.188323974609375 -0.083740234375
0.0671348571777344 0.0470619201660156 0.118072509765625 -0.26104736328125
0.0193462371826172 0.0196456909179688 -0.0330810546875 -0.388397216796875
-0.0112190246582031 0.0616607666015625 -0.194793701171875 -0.410003662109375
0.00699615478515625 0.0914459228515625 -0.205291748046875 -0.34564208984375
0.0121231079101563 0.0992813110351563 -0.189346313476562 -0.279937744140625
0.0230636596679688 0.0800628662109375 -0.162261962890625 -0.242935180664063
0.0301513671875 0.137596130371094 -0.203353881835937 -0.1781005859375
-0.0441131591796875 0.245635986328125 -0.193374633789063 -0.223159790039062
-0.33837890625 0.1839599609375 -0.10906982421875 -0.241607666015625
-0.409271240234375 -0.030487060546875 -0.233169555664063 -0.03485107421875
-0.31378173828125 -0.231201171875 -0.64373779296875 -0.2474365234375
-0.00971984863281251 0.139335632324219 0.70458984375 0.20684814453125
0.1488037109375 0.0320892333984375 0.241729736328125 0.034393310546875
0.066650390625 -0.118675231933594 0.059417724609375 0.275314331054688
-0.0595855712890625 -0.108726501464844 0.219024658203125 0.310302734375
-0.123138427734375 0.00930023193359373 0.18792724609375 0.181137084960937
-0.046234130859375 0.106742858886719 0.151199340820313 0.217803955078125
0.0430984497070312 0.1004638671875 0.187164306640625 0.296051025390625
0.0306015014648438 0.07666015625 0.17974853515625 0.322418212890625
0.0421829223632813 0.0897369384765625 0.152069091796875 0.356964111328125
-0.0135116577148438 0.103660583496094 0.056549072265625 0.3399658203125
-0.0825042724609375 0.0659027099609375 -0.0221099853515625 0.226608276367188
-0.0998077392578125 -0.0320892333984375 -0.0796585083007812 0.0944976806640625
0.012847900390625 -0.116806030273438 -0.0493545532226563 -0.0722503662109375
0.104194641113281 0.00359344482421875 0.209121704101563 -0.1640625
0.0289154052734375 0.1395263671875 0.326263427734375 -0.0306396484375
-0.28326416015625 0.0494384765625 0.662841796875 0.2562255859375
-0.139442443847656 0.0208740234375 0.193115234375 0.0701751708984375
-0.200576782226563 -0.0276336669921875 0.02813720703125 0.325103759765625
-0.21453857421875 0.0382537841796875 0.254058837890625 0.34808349609375
-0.222198486328125 0.147979736328125 0.215896606445313 0.148040771484375
-0.06683349609375 0.27587890625 0.150054931640625 0.16485595703125
0.0833282470703125 0.26373291015625 0.154281616210937 0.2359619140625
0.073883056640625 0.221405029296875 0.13983154296875 0.260665893554688
0.106414794921875 0.2227783203125 0.13018798828125 0.307952880859375
0.0308685302734375 0.213516235351562 0.06396484375 0.28472900390625
-0.071441650390625 0.194015502929688 -0.000701904296875001 0.187957763671875
-0.138336181640625 0.112113952636719 -0.049530029296875 0.0909500122070312
-0.16058349609375 -0.03424072265625 -0.052490234375 -0.0534744262695313
-0.119132995605469 0.001861572265625 0.180801391601563 -0.152252197265625
-0.18621826171875 0.056915283203125 0.29461669921875 -0.0277099609375
-0.499481201171875 -0.0715026855468749 0.529449462890625 0.2794189453125
-0.408721923828125 -0.0339660644531251 0.102310180664062 0.111709594726563
-0.466033935546875 0.0448913574218751 0.014923095703125 0.3568115234375
-0.358642578125 0.184417724609375 0.301177978515625 0.344085693359375
-0.2950439453125 0.26910400390625 0.255828857421875 0.0749969482421875
-0.08294677734375 0.40252685546875 0.151275634765625 0.059661865234375
0.105682373046875 0.384490966796875 0.101448059082031 0.12274169921875
0.1025390625 0.335693359375 0.07861328125 0.160491943359375
0.1593017578125 0.330902099609375 0.0852813720703125 0.233673095703125
0.0767822265625 0.307159423828125 0.0488433837890625 0.2176513671875
-0.046173095703125 0.31353759765625 -0.007781982421875 0.147964477539063
-0.15203857421875 0.26446533203125 -0.0454483032226562 0.0775375366210938
-0.31329345703125 0.08856201171875 -0.0666313171386719 -0.0544471740722656
-0.337799072265625 0.03851318359375 0.133705139160156 -0.138343811035156
-0.391876220703125 -0.0147399902343751 0.208389282226562 -0.039947509765625
-0.6246337890625 -0.19207763671875 0.33587646484375 0.266265869140625
-0.5936279296875 -0.10015869140625 -0.016632080078125 0.152175903320313
-0.64984130859375 0.10369873046875 0.0191650390625 0.366943359375
-0.436920166015625 0.307708740234375 0.34771728515625 0.28778076171875
-0.3072509765625 0.35308837890625 0.28887939453125 -0.030975341796875
-0.076507568359375 0.4615478515625 0.145111083984375 -0.082275390625
0.10992431640625 0.4423828125 0.0362815856933594 -0.0238990783691406
0.114471435546875 0.402374267578125 0.00396347045898438 0.0381126403808594
0.187225341796875 0.401397705078125 0.0207290649414063 0.136245727539063
0.105682373046875 0.374603271484375 0.00780487060546874 0.13262939453125
-0.025238037109375 0.409393310546875 -0.0405426025390625 0.0981826782226563
-0.154876708984375 0.40185546875 -0.0645523071289063 0.050750732421875
-0.438446044921875 0.220123291015625 -0.08978271484375 -0.0662384033203125
-0.5250244140625 0.091796875 0.0651626586914062 -0.109855651855469
-0.559051513671875 -0.07708740234375 0.0652046203613281 -0.0605697631835938
-0.64691162109375 -0.27105712890625 0.12249755859375 0.220916748046875
-0.6597900390625 -0.13519287109375 -0.135177612304688 0.183029174804687
-0.69366455078125 0.1558837890625 0.039337158203125 0.34576416015625
-0.40704345703125 0.37548828125 0.365020751953125 0.1873779296875
-0.246063232421875 0.36669921875 0.2913818359375 -0.1456298828125
-0.0452880859375 0.432952880859375 0.119720458984375 -0.227203369140625
0.101776123046875 0.425140380859375 -0.035369873046875 -0.175430297851562
0.1064453125 0.406646728515625 -0.0724868774414063 -0.09130859375
0.178741455078125 0.41943359375 -0.0536270141601562 0.0208320617675782
0.103302001953125 0.39654541015625 -0.0512008666992187 0.0281639099121094
-0.017974853515625 0.45172119140625 -0.09259033203125 0.0308761596679688
-0.157135009765625 0.483123779296875 -0.102210998535156 0.00525665283203129
-0.524078369140625 0.310882568359375 -0.115852355957031 -0.0868072509765625
-0.65167236328125 0.12310791015625 -0.0230789184570313 -0.070587158203125
-0.65576171875 -0.13543701171875 -0.123420715332031 -0.0884323120117188
-0.584228515625 -0.2926025390625 -0.0699462890625 0.161041259765625
-0.61407470703125 -0.1275634765625 -0.221450805664063 0.196273803710937
-0.59539794921875 0.189697265625 0.05908203125 0.29461669921875
-0.28302001953125 0.365631103515625 0.336883544921875 0.073883056640625
-0.133575439453125 0.30078125 0.252593994140625 -0.231521606445312
-0.00738525390625002 0.32659912109375 0.073394775390625 -0.3365478515625
0.078826904296875 0.340576171875 -0.10626220703125 -0.30096435546875
0.083343505859375 0.34906005859375 -0.140213012695313 -0.2095947265625
0.13812255859375 0.371246337890625 -0.123725891113281 -0.102226257324219
0.07415771484375 0.3521728515625 -0.109321594238281 -0.0852584838867187
-0.02337646484375 0.4132080078125 -0.146743774414062 -0.0492706298828125
-0.152496337890625 0.477142333984375 -0.144851684570313 -0.061309814453125
-0.545501708984375 0.330535888671875 -0.135116577148438 -0.122573852539062
-0.6875 0.1072998046875 -0.115325927734375 -0.0345230102539063
-0.65130615234375 -0.1888427734375 -0.328460693359375 -0.125
-0.45196533203125 -0.259490966796875 -0.215652465820313 0.1051025390625
-0.48455810546875 -0.0826110839843751 -0.263259887695313 0.1907958984375
-0.40924072265625 0.201629638671875 0.0700531005859375 0.223831176757813
-0.1202392578125 0.2926025390625 0.267440795898438 -0.02301025390625
-0.0180206298828125 0.179122924804688 0.18548583984375 -0.267318725585938
0.0169830322265625 0.176132202148438 0.01739501953125 -0.386993408203125
0.04107666015625 0.211044311523438 -0.16424560546875 -0.380523681640625
0.0486297607421875 0.23687744140625 -0.18890380859375 -0.29803466796875
0.0752105712890625 0.259307861328125 -0.173477172851563 -0.2108154296875
0.0380706787109375 0.2392578125 -0.1483154296875 -0.184967041015625
-0.014678955078125 0.295867919921875 -0.183746337890625 -0.12615966796875
-0.119903564453125 0.384002685546875 -0.177261352539063 -0.143020629882812
-0.487945556640625 0.274810791015625 -0.133712768554688 -0.176895141601562
-0.6070556640625 0.0419921874999999 -0.190292358398438 -0.0202789306640625
-0.534637451171875 -0.2288818359375 -0.516510009765625 -0.177978515625
-0.272476196289063 -0.191635131835938 -0.301239013671875 0.065582275390625
-0.308990478515625 -0.02880859375 -0.264358520507812 0.174087524414063
-0.200363159179687 0.1795654296875 0.0691375732421875 0.15386962890625
0.0221710205078125 0.178451538085938 0.185501098632812 -0.0812530517578125
0.0646324157714844 0.0426139831542969 0.117431640625 -0.257904052734375
0.015350341796875 0.0190811157226563 -0.0308837890625 -0.385162353515625
-0.0110511779785156 0.0633125305175781 -0.197479248046875 -0.407440185546875
0.00713348388671875 0.0909805297851563 -0.209136962890625 -0.3438720703125
0.0104217529296875 0.0986862182617188 -0.19012451171875 -0.28167724609375
0.020263671875 0.078765869140625 -0.161483764648437 -0.242889404296875
0.0288925170898437 0.133583068847656 -0.20111083984375 -0.176422119140625
-0.0416412353515625 0.243087768554688 -0.193695068359375 -0.221908569335937
-0.33709716796875 0.1864013671875 -0.108840942382813 -0.242355346679688
-0.410797119140625 -0.0289916992187499 -0.2301025390625 -0.0335235595703125
-0.3172607421875 -0.232177734375 -0.642822265625 -0.24212646484375
-0.00329589843749999 0.147140502929687 0.72442626953125 0.20068359375
0.156021118164062 0.02935791015625 0.246170043945313 0.030853271484375
0.0665512084960938 -0.123382568359375 0.06658935546875 0.2818603515625
-0.063690185546875 -0.112655639648438 0.229248046875 0.311279296875
-0.12530517578125 0.0127029418945313 0.1904296875 0.180999755859375
-0.0410385131835937 0.110771179199219 0.15362548828125 0.220458984375
0.0483779907226562 0.10052490234375 0.195343017578125 0.29949951171875
0.0350494384765625 0.0776596069335938 0.18743896484375 0.328826904296875
0.0485458374023437 0.0902481079101563 0.158111572265625 0.364990234375
-0.0107040405273437 0.107696533203125 0.057952880859375 0.346038818359375
-0.0819320678710938 0.070220947265625 -0.0217437744140625 0.22711181640625
-0.103660583496094 -0.0311737060546875 -0.0805206298828125 0.0930862426757812
0.00855255126953126 -0.11932373046875 -0.0485916137695313 -0.074981689453125
0.106575012207031 0.0029754638671875 0.216522216796875 -0.172637939453125
0.0347747802734375 0.14495849609375 0.33538818359375 -0.033294677734375
-0.2833251953125 0.05621337890625 0.6817626953125 0.252197265625
-0.140251159667969 0.01947021484375 0.198699951171875 0.06689453125
-0.205764770507813 -0.0272979736328125 0.033477783203125 0.33294677734375
-0.21942138671875 0.037872314453125 0.264190673828125 0.3482666015625
-0.227630615234375 0.155197143554687 0.217880249023438 0.146835327148438
-0.0616455078125 0.283233642578125 0.153030395507813 0.167160034179688
0.0927276611328125 0.266372680664063 0.158920288085938 0.23895263671875
0.0808563232421875 0.225051879882813 0.144577026367188 0.265548706054688
0.115707397460938 0.223876953125 0.135223388671875 0.314605712890625
0.03546142578125 0.216705322265625 0.065765380859375 0.289764404296875
-0.0694427490234375 0.197555541992188 -0.0016326904296875 0.188034057617188
-0.140396118164063 0.114974975585937 -0.0509567260742188 0.0888214111328125
-0.167205810546875 -0.0325164794921875 -0.0517768859863281 -0.0554351806640625
-0.120391845703125 0.00414276123046873 0.187515258789063 -0.160110473632813
-0.187271118164062 0.062286376953125 0.3040771484375 -0.030120849609375
-0.506622314453125 -0.0672912597656251 0.545928955078125 0.277801513671875
-0.41522216796875 -0.0346374511718751 0.104942321777344 0.110809326171875
-0.474609375 0.05120849609375 0.01934814453125 0.36669921875
-0.36383056640625 0.1885986328125 0.31365966796875 0.344970703125
-0.30206298828125 0.279266357421875 0.257843017578125 0.072998046875
-0.077850341796875 0.411773681640625 0.154266357421875 0.058837890625
0.114837646484375 0.390045166015625 0.103096008300781 0.123756408691406
0.11181640625 0.34063720703125 0.0790863037109375 0.164962768554688
0.171051025390625 0.333160400390625 0.08905029296875 0.238845825195313
0.08221435546875 0.310302734375 0.0493316650390625 0.221908569335938
-0.041839599609375 0.317657470703125 -0.0084381103515625 0.148391723632813
-0.150711059570312 0.268264770507813 -0.0474853515625 0.0757064819335938
-0.32025146484375 0.096160888671875 -0.0671958923339844 -0.0561447143554688
-0.34234619140625 0.0459899902343751 0.140411376953125 -0.145095825195313
-0.400115966796875 -0.0116577148437501 0.215789794921875 -0.041351318359375
-0.6358642578125 -0.18975830078125 0.34796142578125 0.266082763671875
-0.6068115234375 -0.0999145507812499 -0.0161590576171875 0.154220581054688
-0.66351318359375 0.11614990234375 0.0242614746093749 0.376373291015625
-0.440399169921875 0.31488037109375 0.358917236328125 0.2879638671875
-0.314300537109375 0.363128662109375 0.2904052734375 -0.034454345703125
-0.071746826171875 0.4697265625 0.147674560546875 -0.08612060546875
0.121185302734375 0.44989013671875 0.0347919464111328 -0.0250282287597656
0.123626708984375 0.410003662109375 0.000881195068359386 0.0407562255859375
0.199554443359375 0.404876708984375 0.0229263305664063 0.140419006347656
0.11029052734375 0.378814697265625 0.00704193115234376 0.135284423828125
-0.020599365234375 0.4151611328125 -0.0422897338867188 0.0982208251953125
-0.152099609375 0.4073486328125 -0.0668449401855469 0.0494956970214844
-0.445892333984375 0.232818603515625 -0.0903472900390625 -0.0680160522460938
-0.53460693359375 0.10400390625 0.071136474609375 -0.115989685058594
-0.57403564453125 -0.0753173828125001 0.0684852600097656 -0.0607185363769531
-0.66119384765625 -0.27288818359375 0.1280517578125 0.22064208984375
-0.6773681640625 -0.13671875 -0.138458251953125 0.18756103515625
-0.70941162109375 0.1705322265625 0.042755126953125 0.355194091796875
-0.407562255859375 0.383880615234375 0.37518310546875 0.186370849609375
-0.250244140625 0.37542724609375 0.292938232421875 -0.150970458984375
-0.042816162109375 0.441253662109375 0.120147705078125 -0.23333740234375
0.11102294921875 0.430145263671875 -0.0407257080078125 -0.178085327148437
0.114898681640625 0.414794921875 -0.0789413452148438 -0.0910797119140625
0.189971923828125 0.42333984375 -0.0552940368652344 0.0220985412597656
0.108367919921875 0.401275634765625 -0.0543594360351563 0.0293693542480469
-0.01409912109375 0.457427978515625 -0.0961685180664063 0.031219482421875
-0.152130126953125 0.491424560546875 -0.105628967285156 0.00465393066406251
-0.531829833984375 0.328369140625 -0.117355346679688 -0.089080810546875
-0.66290283203125 0.13720703125 -0.0183258056640625 -0.0739593505859375
-0.67626953125 -0.13348388671875 -0.124610900878906 -0.0861282348632813
-0.5980224609375 -0.29510498046875 -0.0693817138671875 0.161880493164062
-0.63018798828125 -0.1268310546875 -0.228073120117188 0.202987670898438
-0.606201171875 0.2044677734375 0.062286376953125 0.302978515625
-0.27984619140625 0.374969482421875 0.342559814453125 0.071868896484375
-0.1356201171875 0.30560302734375 0.252731323242188 -0.237869262695312
-0.00637817382812503 0.331451416015625 0.0718994140625 -0.3443603515625
0.087249755859375 0.3458251953125 -0.114105224609375 -0.30535888671875
0.09051513671875 0.355682373046875 -0.14971923828125 -0.210739135742187
0.147125244140625 0.376068115234375 -0.128662109375 -0.103324890136719
0.078643798828125 0.358551025390625 -0.114570617675781 -0.085784912109375
-0.021026611328125 0.419219970703125 -0.150619506835938 -0.0495147705078125
-0.147918701171875 0.485107421875 -0.149948120117188 -0.0619659423828125
-0.5550537109375 0.346710205078125 -0.138671875 -0.1251220703125
-0.69903564453125 0.12042236328125 -0.113212585449219 -0.0345306396484375
-0.67193603515625 -0.18853759765625 -0.33551025390625 -0.121795654296875
-0.461761474609375 -0.26177978515625 -0.220809936523438 0.106124877929687
-0.5 -0.0798950195312501 -0.271835327148438 0.199295043945312
-0.413360595703125 0.215179443359375 0.0738067626953125 0.2308349609375
-0.113525390625 0.29632568359375 0.271163940429688 -0.0248260498046875
-0.0186614990234375 0.179702758789062 0.1854248046875 -0.272872924804688
0.0157928466796875 0.1776123046875 0.015533447265625 -0.3948974609375
0.0458221435546875 0.214950561523438 -0.174102783203125 -0.385345458984375
0.0531463623046875 0.241943359375 -0.1998291015625 -0.301116943359375
0.0799560546875 0.263748168945313 -0.180984497070313 -0.214492797851562
0.0396270751953125 0.243453979492188 -0.154434204101563 -0.187759399414062
-0.01361083984375 0.29815673828125 -0.1885986328125 -0.126968383789062
-0.115020751953125 0.3917236328125 -0.183914184570312 -0.144485473632813
-0.494384765625 0.29156494140625 -0.137344360351563 -0.180465698242187
-0.62030029296875 0.0510864257812501 -0.191177368164063 -0.017791748046875
-0.5528564453125 -0.23065185546875 -0.529327392578125 -0.173614501953125
-0.278839111328125 -0.193069458007813 -0.309539794921875 0.0672302246093749
-0.3201904296875 -0.025146484375 -0.274398803710938 0.184249877929687
-0.200576782226563 0.19110107421875 0.072723388671875 0.159317016601563
0.029052734375 0.179412841796875 0.186233520507812 -0.08209228515625
0.0642051696777344 0.0390586853027344 0.11749267578125 -0.260879516601563
0.0116405487060547 0.0187473297119141 -0.032867431640625 -0.39227294921875
-0.00986099243164063 0.0655975341796875 -0.2071533203125 -0.411773681640625
0.00850677490234376 0.0933685302734375 -0.220245361328125 -0.34771728515625
0.0106201171875 0.101364135742187 -0.199371337890625 -0.287445068359375
0.0192413330078125 0.0796966552734375 -0.167282104492188 -0.247665405273438
0.0291519165039063 0.132179260253906 -0.205032348632812 -0.1773681640625
-0.0372314453125 0.247146606445312 -0.201431274414062 -0.223556518554688
-0.341827392578125 0.1976318359375 -0.114303588867188 -0.247726440429688
-0.421844482421875 -0.02587890625 -0.233566284179688 -0.030426025390625
-0.33013916015625 -0.23699951171875 -0.6607666015625 -0.23687744140625
0.00859069824218751 0.156265258789063 0.7552490234375 0.1802978515625
0.16448974609375 0.0227813720703125 0.254257202148438 0.0203399658203125
0.0636520385742188 -0.131828308105469 0.081787109375 0.28863525390625
-0.0728073120117187 -0.116470336914063 0.2490234375 0.309051513671875
-0.129135131835938 0.0192947387695313 0.199844360351563 0.178146362304688
-0.0338134765625 0.117012023925781 0.163162231445313 0.22357177734375
0.0566329956054688 0.100120544433594 0.2115478515625 0.30157470703125
0.0415191650390625 0.0777435302734375 0.2059326171875 0.332763671875
0.0577468872070312 0.0896148681640625 0.174530029296875 0.373321533203125
-0.00440216064453126 0.113349914550781 0.0703125 0.354736328125
-0.0806121826171875 0.0775375366210938 -0.016143798828125 0.231185913085938
-0.108924865722656 -0.0280303955078125 -0.0809249877929688 0.0948715209960938
0.00106811523437499 -0.122451782226562 -0.0505523681640625 -0.0778045654296875
0.110267639160156 -0.00078582763671875 0.220794677734375 -0.188400268554688
0.04595947265625 0.151138305664063 0.34735107421875 -0.0458984375
-0.28436279296875 0.0699462890625 0.7147216796875 0.23388671875
-0.140480041503906 0.0212173461914063 0.207489013671875 0.0589599609375
-0.213134765625 -0.021240234375 0.048797607421875 0.341827392578125
-0.226760864257813 0.04345703125 0.286376953125 0.347076416015625
-0.2320556640625 0.169784545898437 0.225570678710937 0.142776489257813
-0.04937744140625 0.295166015625 0.161041259765625 0.1676025390625
0.108154296875 0.268798828125 0.171600341796875 0.240234375
0.0937957763671875 0.227325439453125 0.157135009765625 0.270492553710938
0.131301879882813 0.223419189453125 0.14886474609375 0.322296142578125
0.045501708984375 0.221649169921875 0.075469970703125 0.29638671875
-0.0633697509765625 0.205947875976563 0.00267028808593751 0.190032958984375
-0.140174865722656 0.121261596679687 -0.0510177612304688 0.09014892578125
-0.175308227539063 -0.0258331298828125 -0.0531120300292969 -0.0573539733886719
-0.121772766113281 0.0106430053710938 0.192153930664063 -0.174560546875
-0.1871337890625 0.0717620849609375 0.315887451171875 -0.04132080078125
-0.519561767578125 -0.05230712890625 0.575927734375 0.264892578125
-0.428466796875 -0.026336669921875 0.113525390625 0.108192443847656
-0.490081787109375 0.069732666015625 0.03363037109375 0.377471923828125
-0.36773681640625 0.202667236328125 0.335235595703125 0.34112548828125
-0.305328369140625 0.299896240234375 0.26507568359375 0.065887451171875
-0.063385009765625 0.42755126953125 0.160751342773438 0.05560302734375
0.13775634765625 0.395355224609375 0.10906982421875 0.124031066894531
0.129974365234375 0.34600830078125 0.0851287841796875 0.1695556640625
0.192413330078125 0.33258056640625 0.09954833984375 0.2457275390625
0.09619140625 0.31549072265625 0.0563507080078125 0.226913452148438
-0.03179931640625 0.3262939453125 -0.00637817382812501 0.150741577148438
-0.144729614257813 0.279510498046875 -0.0485000610351563 0.0774307250976563
-0.32720947265625 0.113037109375 -0.0685234069824219 -0.0575790405273437
-0.34765625 0.06219482421875 0.1446533203125 -0.15869140625
-0.411163330078125 0.00363159179687503 0.225082397460937 -0.048828125
-0.65789794921875 -0.17724609375 0.370635986328125 0.25921630859375
-0.62847900390625 -0.08612060546875 -0.0113525390625 0.15777587890625
-0.6802978515625 0.1455078125 0.0373229980468749 0.3880615234375
-0.4415283203125 0.336090087890625 0.380035400390625 0.28143310546875
-0.31561279296875 0.38677978515625 0.295989990234375 -0.04583740234375
-0.0574951171875 0.48797607421875 0.149368286132813 -0.0939483642578125
0.1427001953125 0.45635986328125 0.0332984924316406 -0.0269432067871093
0.143768310546875 0.41644287109375 -0.000804901123046866 0.0445632934570313
0.2235107421875 0.40557861328125 0.0281219482421875 0.14544677734375
0.12567138671875 0.384246826171875 0.00944519042968751 0.140106201171875
-0.00653076171875002 0.4246826171875 -0.0423355102539063 0.101226806640625
-0.139068603515625 0.422637939453125 -0.069549560546875 0.0517005920410157
-0.45172119140625 0.25872802734375 -0.0932693481445313 -0.0683059692382812
-0.54296875 0.128204345703125 0.0748062133789062 -0.124740600585937
-0.59576416015625 -0.05694580078125 0.071990966796875 -0.0627059936523438
-0.68798828125 -0.26092529296875 0.141769409179687 0.220855712890625
-0.70465087890625 -0.12042236328125 -0.1375732421875 0.197647094726563
-0.72314453125 0.20477294921875 0.0555419921875 0.36688232421875
-0.403350830078125 0.40704345703125 0.392364501953125 0.1783447265625
-0.248565673828125 0.395538330078125 0.294525146484375 -0.16455078125
-0.028839111328125 0.454315185546875 0.116928100585938 -0.246917724609375
0.13323974609375 0.438262939453125 -0.049957275390625 -0.1826171875
0.13543701171875 0.423309326171875 -0.0883560180664063 -0.0886154174804687
0.2139892578125 0.42657470703125 -0.0562362670898437 0.0258293151855469
0.125244140625 0.40924072265625 -0.0566864013671875 0.0322456359863282
0.001556396484375 0.46875 -0.0994873046875 0.0344696044921875
-0.1373291015625 0.510223388671875 -0.111030578613281 0.00718688964843752
-0.53594970703125 0.36187744140625 -0.122970581054688 -0.0887145996093749
-0.67498779296875 0.16888427734375 -0.01580810546875 -0.0778045654296875
-0.70391845703125 -0.1143798828125 -0.128211975097656 -0.0815582275390625
-0.62384033203125 -0.287353515625 -0.0658111572265626 0.165298461914062
-0.65667724609375 -0.11065673828125 -0.231277465820312 0.21893310546875
-0.61724853515625 0.23870849609375 0.074615478515625 0.312286376953125
-0.269561767578125 0.393402099609375 0.354766845703125 0.0621337890625
-0.132568359375 0.318634033203125 0.250503540039062 -0.25146484375
0.00354003906250003 0.340301513671875 0.06390380859375 -0.35931396484375
0.103790283203125 0.35198974609375 -0.131622314453125 -0.310150146484375
0.107513427734375 0.36358642578125 -0.165481567382813 -0.209136962890625
0.166412353515625 0.37957763671875 -0.136856079101563 -0.101768493652344
0.091461181640625 0.366485595703125 -0.122756958007812 -0.0849838256835937
-0.00787353515624997 0.4302978515625 -0.158111572265625 -0.0465545654296874
-0.133392333984375 0.50360107421875 -0.158096313476562 -0.0589599609375
-0.5589599609375 0.38360595703125 -0.145919799804688 -0.124923706054687
-0.71429443359375 0.151611328125 -0.112899780273438 -0.03216552734375
-0.70452880859375 -0.1728515625 -0.34954833984375 -0.109130859375
-0.48260498046875 -0.257293701171875 -0.224807739257813 0.114013671875
-0.521514892578125 -0.06719970703125 -0.277389526367188 0.218765258789062
-0.416900634765625 0.241607666015625 0.0836944580078125 0.237258911132813
-0.10064697265625 0.306365966796875 0.276962280273438 -0.0329437255859375
-0.0157928466796875 0.183502197265625 0.182220458984375 -0.28448486328125
0.019500732421875 0.180938720703125 0.00329589843750002 -0.40960693359375
0.0555419921875 0.219757080078125 -0.195098876953125 -0.39031982421875
0.0637054443359375 0.246719360351562 -0.220672607421875 -0.301239013671875
0.09197998046875 0.268310546875 -0.195770263671875 -0.215591430664062
0.0469512939453125 0.249237060546875 -0.167221069335937 -0.189605712890625
-0.00582885742187497 0.305755615234375 -0.197845458984375 -0.125274658203125
-0.104248046875 0.4052734375 -0.194808959960938 -0.142166137695312
-0.49859619140625 0.32073974609375 -0.147659301757813 -0.181655883789062
-0.63824462890625 0.0781250000000001 -0.194000244140625 -0.010894775390625
-0.58349609375 -0.2208251953125 -0.55059814453125 -0.155609130859375
-0.292022705078125 -0.190582275390625 -0.318267822265625 0.077728271484375
-0.33441162109375 -0.013092041015625 -0.281768798828125 0.20452880859375
-0.19610595703125 0.20916748046875 0.0810546875 0.1641845703125
0.0409393310546875 0.181137084960938 0.18768310546875 -0.08782958984375
0.0648956298828125 0.0346336364746094 0.114944458007813 -0.27020263671875
0.00910568237304687 0.0186786651611328 -0.045379638671875 -0.40264892578125
-0.00762939453124999 0.0688285827636719 -0.230072021484375 -0.416473388671875
0.0122604370117188 0.0944671630859375 -0.2420654296875 -0.35003662109375
0.013427734375 0.104148864746094 -0.21759033203125 -0.2906494140625
0.020294189453125 0.0810775756835938 -0.181854248046875 -0.251083374023438
0.0325546264648437 0.133270263671875 -0.21588134765625 -0.176010131835937
-0.02825927734375 0.2542724609375 -0.215927124023438 -0.222137451171875
-0.345428466796875 0.2193603515625 -0.127090454101563 -0.25201416015625
-0.436309814453125 -0.0106506347656251 -0.238876342773438 -0.0211944580078125
-0.353118896484375 -0.233489990234375 -0.69000244140625 -0.2161865234375
0.0252227783203125 0.161178588867188 0.7811279296875 0.13433837890625
0.172256469726562 0.0103759765625 0.258712768554688 0.0031890869140625
0.0570907592773437 -0.13970947265625 0.1033935546875 0.288238525390625
-0.0844268798828125 -0.115959167480469 0.2738037109375 0.296417236328125
-0.130889892578125 0.029205322265625 0.211502075195313 0.168167114257813
-0.0227584838867188 0.12188720703125 0.177749633789063 0.21893310546875
0.0667037963867188 0.0965576171875 0.2332763671875 0.29376220703125
0.04962158203125 0.07489013671875 0.229461669921875 0.326629638671875
0.0683670043945313 0.0851669311523438 0.20001220703125 0.371978759765625
0.005584716796875 0.117546081542969 0.09161376953125 0.35675048828125
-0.0759429931640625 0.085906982421875 -0.00384521484375 0.232452392578125
-0.113967895507813 -0.020843505859375 -0.0783004760742188 0.0983505249023438
-0.00918579101562501 -0.123344421386719 -0.0542144775390625 -0.0791015625
0.113540649414063 -0.0069427490234375 0.216018676757813 -0.209060668945313
0.0618438720703125 0.151779174804688 0.3536376953125 -0.0679931640625
-0.27978515625 0.0891876220703125 0.744140625 0.1932373046875
-0.139129638671875 0.0263442993164063 0.215072631835937 0.044342041015625
-0.21893310546875 -0.0101776123046875 0.072235107421875 0.345794677734375
-0.231307983398438 0.0549163818359375 0.313446044921875 0.331817626953125
-0.22723388671875 0.1893310546875 0.23565673828125 0.131515502929688
-0.028839111328125 0.303466796875 0.173431396484375 0.161865234375
0.129364013671875 0.26446533203125 0.187393188476563 0.234268188476563
0.111114501953125 0.223770141601563 0.175872802734375 0.267807006835938
0.151611328125 0.214462280273438 0.171112060546875 0.32257080078125
0.0619964599609375 0.222686767578125 0.09271240234375 0.298126220703125
-0.051055908203125 0.212905883789063 0.011322021484375 0.190231323242187
-0.135551452636719 0.130508422851563 -0.0485076904296875 0.0921554565429688
-0.180252075195313 -0.0126953125 -0.0551490783691406 -0.0570259094238281
-0.119773864746094 0.0191497802734375 0.189300537109375 -0.193435668945313
-0.181915283203125 0.0845947265625 0.322357177734375 -0.06036376953125
-0.528228759765625 -0.0241394042968751 0.6041259765625 0.23248291015625
-0.435760498046875 -0.00601196289062509 0.122421264648437 0.100654602050781
-0.4935302734375 0.101409912109375 0.05706787109375 0.382904052734375
-0.364410400390625 0.2249755859375 0.362274169921875 0.325286865234375
-0.29608154296875 0.32696533203125 0.270797729492188 0.0520172119140625
-0.035858154296875 0.439117431640625 0.166702270507813 0.0467071533203125
0.16595458984375 0.39093017578125 0.116767883300781 0.11962890625
0.1551513671875 0.3421630859375 0.0951385498046875 0.170669555664063
0.21820068359375 0.322021484375 0.116851806640625 0.247665405273438
0.11822509765625 0.31231689453125 0.068359375 0.22845458984375
-0.01190185546875 0.33148193359375 -0.000442504882812508 0.15093994140625
-0.128936767578125 0.290069580078125 -0.0463485717773438 0.0796051025390625
-0.32476806640625 0.137481689453125 -0.07135009765625 -0.056732177734375
-0.345367431640625 0.0865478515625 0.142608642578125 -0.1739501953125
-0.416778564453125 0.0278015136718751 0.230331420898438 -0.0619964599609375
-0.68048095703125 -0.14453125 0.39617919921875 0.239166259765625
-0.64508056640625 -0.0568237304687501 -0.00192260742187504 0.159149169921875
-0.68450927734375 0.19207763671875 0.060791015625 0.3944091796875
-0.4276123046875 0.365753173828125 0.402587890625 0.263336181640625
-0.3018798828125 0.415924072265625 0.295745849609375 -0.063140869140625
-0.027008056640625 0.49920654296875 0.146438598632813 -0.106704711914062
0.177093505859375 0.452667236328125 0.0300960540771484 -0.0292930603027343
0.17388916015625 0.413482666015625 -0.000877380371093735 0.0488014221191407
0.25445556640625 0.3946533203125 0.0379791259765625 0.149139404296875
0.15313720703125 0.381622314453125 0.016143798828125 0.142486572265625
0.019622802734375 0.42999267578125 -0.03985595703125 0.104049682617188
-0.115997314453125 0.434722900390625 -0.06976318359375 0.0548515319824219
-0.44073486328125 0.29522705078125 -0.0973892211914063 -0.06549072265625
-0.5384521484375 0.166290283203125 0.0736923217773437 -0.135162353515625
-0.60980224609375 -0.0231933593750001 0.0736999511718749 -0.0658493041992187
-0.71636962890625 -0.22802734375 0.159759521484375 0.211990356445313
-0.72552490234375 -0.0850219726562499 -0.128997802734375 0.209213256835938
-0.72314453125 0.255126953125 0.0765991210937499 0.3720703125
-0.383026123046875 0.435272216796875 0.409149169921875 0.158721923828125
-0.231689453125 0.420379638671875 0.28814697265625 -0.18463134765625
-0.00314331054687505 0.4622802734375 0.10479736328125 -0.260269165039062
0.165130615234375 0.435333251953125 -0.0650177001953125 -0.182281494140625
0.164031982421875 0.422088623046875 -0.0984573364257812 -0.08111572265625
0.244476318359375 0.416046142578125 -0.055511474609375 0.0312957763671875
0.150787353515625 0.40582275390625 -0.0577468872070312 0.0365982055664063
0.0291748046875 0.47467041015625 -0.100990295410156 0.0399856567382813
-0.107574462890625 0.52191162109375 -0.113754272460938 0.0126953125000001
-0.519622802734375 0.404083251953125 -0.128410339355469 -0.084503173828125
-0.673095703125 0.21624755859375 -0.01544189453125 -0.080841064453125
-0.72747802734375 -0.0741577148437499 -0.131782531738281 -0.0715484619140625
-0.65228271484375 -0.26019287109375 -0.0554656982421875 0.168838500976562
-0.67822265625 -0.0758056640624999 -0.223617553710938 0.238082885742188
-0.61041259765625 0.2838134765625 0.0922851562499999 0.315185546875
-0.246429443359375 0.412139892578125 0.362823486328125 0.042724609375
-0.118377685546875 0.33148193359375 0.239364624023438 -0.27020263671875
0.022003173828125 0.34375 0.043426513671875 -0.372161865234375
0.128662109375 0.34906005859375 -0.155059814453125 -0.3062744140625
0.1322021484375 0.362030029296875 -0.184173583984375 -0.200042724609375
0.193389892578125 0.373291015625 -0.146148681640625 -0.0942535400390625
0.115386962890625 0.3643798828125 -0.132209777832031 -0.0788040161132812
0.017669677734375 0.436065673828125 -0.164459228515625 -0.0385742187499999
-0.1036376953125 0.51739501953125 -0.164779663085938 -0.05023193359375
-0.541656494140625 0.429656982421875 -0.15484619140625 -0.119369506835937
-0.7147216796875 0.2010498046875 -0.111289978027344 -0.0275650024414062
-0.73333740234375 -0.1341552734375 -0.357818603515625 -0.0860595703125
-0.506622314453125 -0.236602783203125 -0.221328735351563 0.126693725585937
-0.53802490234375 -0.0357055664062499 -0.271560668945313 0.242477416992188
-0.403472900390625 0.277069091796875 0.0990447998046875 0.238418579101563
-0.078887939453125 0.31414794921875 0.278045654296875 -0.0481414794921875
-0.007476806640625 0.184555053710937 0.1685791015625 -0.299041748046875
0.02703857421875 0.180740356445312 -0.0205078125 -0.419403076171875
0.0712890625 0.218856811523437 -0.22412109375 -0.385162353515625
0.0799713134765625 0.246856689453125 -0.24505615234375 -0.290740966796875
0.108856201171875 0.265960693359375 -0.213455200195312 -0.207717895507813
0.0613250732421875 0.249298095703125 -0.183090209960938 -0.1826171875
0.011627197265625 0.30938720703125 -0.20904541015625 -0.116241455078125
-0.079681396484375 0.417205810546875 -0.207809448242187 -0.131805419921875
-0.48565673828125 0.363433837890625 -0.160797119140625 -0.176544189453125
-0.64337158203125 0.11932373046875 -0.193191528320313 0.00103759765625001
-0.6131591796875 -0.19049072265625 -0.5675048828125 -0.1195068359375
-0.3084716796875 -0.179443359375 -0.31976318359375 0.095458984375
-0.344329833984375 0.00958251953125007 -0.27679443359375 0.230453491210937
-0.181793212890625 0.229263305664063 0.09295654296875 0.16351318359375
0.057403564453125 0.178314208984375 0.184356689453125 -0.097412109375
0.0648918151855469 0.0278549194335938 0.1024169921875 -0.280899047851563
0.00654220581054687 0.01788330078125 -0.06988525390625 -0.409637451171875
-0.00304412841796875 0.0704269409179688 -0.26153564453125 -0.4075927734375
0.01702880859375 0.094696044921875 -0.269134521484375 -0.339813232421875
0.0182647705078125 0.104660034179688 -0.241180419921875 -0.283203125
0.0234603881835938 0.0801010131835938 -0.200576782226563 -0.2452392578125
0.0390548706054687 0.131736755371094 -0.22845458984375 -0.166183471679688
-0.0118408203125 0.259048461914063 -0.2333984375 -0.212173461914063
-0.33636474609375 0.2474365234375 -0.14501953125 -0.248550415039063
-0.445068359375 0.0148620605468749 -0.241317749023438 -0.0051727294921875
-0.3780517578125 -0.217254638671875 -0.71533203125 -0.17437744140625
0.0420684814453125 0.159103393554688 0.78131103515625 0.07928466796875
0.173934936523438 -0.003662109375 0.253738403320313 -0.015960693359375
0.0463409423828125 -0.1431884765625 0.124191284179687 0.277664184570313
-0.0952377319335937 -0.109512329101563 0.28948974609375 0.27215576171875
-0.128311157226563 0.03973388671875 0.216354370117187 0.152694702148437
-0.00847625732421875 0.12152099609375 0.188018798828125 0.207061767578125
0.0753097534179688 0.09002685546875 0.24969482421875 0.275482177734375
0.0554084777832031 0.0689048767089844 0.249237060546875 0.3084716796875
0.0771026611328125 0.076446533203125 0.2235107421875 0.3575439453125
0.0170974731445313 0.117149353027344 0.112823486328125 0.3466796875
-0.0678787231445312 0.0916671752929688 0.00875854492187499 0.22674560546875
-0.114852905273438 -0.0126571655273438 -0.0724716186523438 0.0996932983398438
-0.0184249877929687 -0.11895751953125 -0.0574951171875 -0.076873779296875
0.113426208496094 -0.0141983032226562 0.203201293945312 -0.22442626953125
0.076141357421875 0.145614624023438 0.34747314453125 -0.089324951171875
-0.265151977539062 0.10546875 0.75006103515625 0.13922119140625
-0.133514404296875 0.03045654296875 0.213882446289063 0.0281219482421875
-0.21795654296875 0.00337219238281248 0.095306396484375 0.33685302734375
-0.227752685546875 0.068115234375 0.331298828125 0.305908203125
-0.214859008789063 0.205459594726562 0.238555908203125 0.115219116210938
-0.00427246093750003 0.30145263671875 0.179901123046875 0.149459838867188
0.147842407226563 0.250289916992187 0.199050903320312 0.220993041992188
0.125778198242188 0.211761474609375 0.190719604492188 0.25518798828125
0.166046142578125 0.1971435546875 0.192108154296875 0.311187744140625
0.0778656005859375 0.21484375 0.109130859375 0.288604736328125
-0.034881591796875 0.212966918945313 0.0204620361328125 0.184402465820312
-0.125587463378906 0.136627197265625 -0.0435333251953125 0.0918502807617188
-0.1787109375 0.00120544433593748 -0.0561065673828125 -0.0557518005371094
-0.112785339355469 0.0269699096679688 0.177719116210937 -0.2081298828125
-0.17022705078125 0.0950164794921875 0.317962646484375 -0.079925537109375
-0.520111083984375 0.0082702636718749 0.61663818359375 0.18609619140625
-0.43035888671875 0.017242431640625 0.127471923828125 0.0883026123046875
-0.48297119140625 0.134307861328125 0.0809631347656249 0.375823974609375
-0.3480224609375 0.2435302734375 0.38055419921875 0.296295166015625
-0.274200439453125 0.346771240234375 0.268951416015625 0.0336456298828125
-0.00433349609374999 0.435943603515625 0.166900634765625 0.0342254638671875
0.192108154296875 0.37322998046875 0.121635437011719 0.1116943359375
0.175689697265625 0.327392578125 0.10400390625 0.165756225585938
0.23870849609375 0.298126220703125 0.13299560546875 0.240631103515625
0.13641357421875 0.297943115234375 0.0799713134765625 0.222183227539063
0.010894775390625 0.3265380859375 0.00573730468749999 0.147674560546875
-0.108978271484375 0.291717529296875 -0.0418472290039063 0.079803466796875
-0.309234619140625 0.15924072265625 -0.0723342895507813 -0.0526885986328125
-0.32916259765625 0.1075439453125 0.133377075195312 -0.185638427734375
-0.40875244140625 0.0546875 0.22735595703125 -0.0753173828125
-0.67999267578125 -0.1019287109375 0.41021728515625 0.206268310546875
-0.64215087890625 -0.0172729492187499 0.00820922851562494 0.154769897460937
-0.6651611328125 0.2369384765625 0.0841979980468749 0.389129638671875
-0.3992919921875 0.385467529296875 0.417236328125 0.23284912109375
-0.275146484375 0.433074951171875 0.286346435546875 -0.0809326171875
0.00524902343749997 0.492950439453125 0.136947631835937 -0.117218017578125
0.2064208984375 0.431671142578125 0.0250797271728516 -0.0298652648925781
0.197998046875 0.39691162109375 0.000839233398437515 0.0515899658203125
0.2779541015625 0.36737060546875 0.048095703125 0.147171020507813
0.17578125 0.363067626953125 0.0230331420898438 0.140434265136719
0.04705810546875 0.421051025390625 -0.0358505249023438 0.104354858398438
-0.0848388671875 0.43310546875 -0.0660285949707031 0.0582160949707031
-0.41259765625 0.323089599609375 -0.098358154296875 -0.060516357421875
-0.516510009765625 0.198883056640625 0.0687408447265625 -0.142623901367188
-0.60589599609375 0.01788330078125 0.0730133056640624 -0.06817626953125
-0.72210693359375 -0.1849365234375 0.173873901367187 0.194808959960937
-0.7247314453125 -0.04010009765625 -0.114517211914062 0.21392822265625
-0.69720458984375 0.30267333984375 0.097015380859375 0.3648681640625
-0.347564697265625 0.45068359375 0.414581298828125 0.130584716796875
-0.205413818359375 0.43231201171875 0.271835327148438 -0.200363159179687
0.0255126953125 0.455078125 0.0863189697265625 -0.266738891601562
0.191436767578125 0.41558837890625 -0.0790863037109375 -0.174713134765625
0.19024658203125 0.4041748046875 -0.104141235351563 -0.0701751708984374
0.2696533203125 0.390350341796875 -0.0517768859863281 0.0358810424804688
0.17431640625 0.387969970703125 -0.0564117431640625 0.0408744812011719
0.05950927734375 0.46478271484375 -0.100372314453125 0.045623779296875
-0.07080078125 0.519439697265625 -0.111953735351563 0.019744873046875
-0.48309326171875 0.4364013671875 -0.1304931640625 -0.0769500732421875
-0.6458740234375 0.2572021484375 -0.0152130126953125 -0.0819625854492187
-0.72711181640625 -0.026123046875 -0.129814147949219 -0.0599746704101562
-0.6622314453125 -0.2208251953125 -0.04241943359375 0.1658935546875
-0.67730712890625 -0.0322875976562499 -0.206405639648438 0.24993896484375
-0.58001708984375 0.32470703125 0.109130859375 0.307525634765625
-0.212127685546875 0.418609619140625 0.360809326171875 0.0211181640625
-0.097625732421875 0.335418701171875 0.21868896484375 -0.281585693359375
0.04083251953125 0.33599853515625 0.017822265625 -0.373382568359375
0.151275634765625 0.334136962890625 -0.17620849609375 -0.291595458984375
0.1536865234375 0.348724365234375 -0.195907592773438 -0.182388305664062
0.2147216796875 0.3524169921875 -0.1507568359375 -0.082916259765625
0.1348876953125 0.349273681640625 -0.136978149414063 -0.0692291259765625
0.04376220703125 0.42755126953125 -0.167251586914063 -0.0280609130859375
-0.067047119140625 0.515899658203125 -0.166107177734375 -0.038818359375
-0.502777099609375 0.4627685546875 -0.158782958984375 -0.108810424804687
-0.68890380859375 0.243896484375 -0.106040954589844 -0.0221786499023437
-0.73760986328125 -0.08465576171875 -0.354888916015625 -0.05859375
-0.516998291015625 -0.205230712890625 -0.209671020507813 0.134567260742188
-0.536712646484375 0.000244140625000105 -0.253463745117188 0.259918212890625
-0.376556396484375 0.3023681640625 0.111846923828125 0.231246948242188
-0.05316162109375 0.3096923828125 0.27069091796875 -0.06243896484375
0.001190185546875 0.181671142578125 0.147491455078125 -0.305572509765625
0.0341339111328125 0.17608642578125 -0.047332763671875 -0.415771484375
0.0850677490234375 0.209930419921875 -0.249420166015625 -0.363189697265625
0.09393310546875 0.23773193359375 -0.262557983398437 -0.268051147460938
0.123245239257813 0.253280639648438 -0.225509643554688 -0.1907958984375
0.074737548828125 0.240386962890625 -0.193832397460938 -0.169143676757812
0.029205322265625 0.30322265625 -0.214447021484375 -0.101837158203125
-0.0511474609375 0.41448974609375 -0.213790893554688 -0.11572265625
-0.4527587890625 0.392486572265625 -0.169418334960938 -0.165023803710937
-0.62677001953125 0.15936279296875 -0.18560791015625 0.013763427734375
-0.6212158203125 -0.14886474609375 -0.5648193359375 -0.0746459960937501
-0.317718505859375 -0.16064453125 -0.30999755859375 0.110748291015625
-0.34234619140625 0.0341796874999999 -0.25994873046875 0.25
-0.158828735351562 0.240890502929688 0.102035522460937 0.156967163085938
0.07147216796875 0.168228149414063 0.175582885742188 -0.104904174804687
0.0622024536132813 0.0213851928710938 0.084991455078125 -0.282958984375
0.00327014923095703 0.0175495147705078 -0.0941162109375 -0.40142822265625
0.00164794921874999 0.0694351196289063 -0.286041259765625 -0.38421630859375
0.0218887329101563 0.0917892456054688 -0.290008544921875 -0.3148193359375
0.0225677490234375 0.101837158203125 -0.259292602539062 -0.264785766601563
0.0259552001953125 0.0764617919921875 -0.214447021484375 -0.231170654296875
0.0450286865234375 0.125785827636719 -0.235870361328125 -0.150375366210937
0.00636291503906249 0.254348754882813 -0.244308471679687 -0.192916870117188
-0.3143310546875 0.269073486328125 -0.1597900390625 -0.237289428710937
-0.441009521484375 0.0440368652343749 -0.233718872070313 0.0115203857421875
-0.39154052734375 -0.1904296875 -0.714599609375 -0.1204833984375
0.0548858642578125 0.153564453125 0.76068115234375 0.04058837890625
0.17169189453125 -0.01483154296875 0.243011474609375 -0.0276031494140625
0.0384368896484375 -0.142684936523438 0.134674072265625 0.262451171875
-0.10101318359375 -0.100944519042969 0.2952880859375 0.248016357421875
-0.122848510742188 0.0470046997070313 0.214218139648438 0.139541625976563
0.00124359130859375 0.117454528808594 0.190231323242187 0.195205688476562
0.0793609619140625 0.0821533203125 0.2537841796875 0.256942749023438
0.0577812194824219 0.06280517578125 0.255645751953125 0.2889404296875
0.0802383422851563 0.0675125122070313 0.234527587890625 0.340606689453125
0.0258026123046875 0.112586975097656 0.12298583984375 0.3314208984375
-0.0599517822265625 0.0935821533203125 0.0155487060546875 0.216903686523438
-0.113288879394531 -0.005615234375 -0.067413330078125 0.097503662109375
-0.02447509765625 -0.112419128417969 -0.0583343505859375 -0.074462890625
0.1123046875 -0.0191421508789063 0.188812255859375 -0.230926513671875
0.0848846435546875 0.136558532714844 0.33404541015625 -0.100921630859375
-0.248016357421875 0.113540649414063 0.734375 0.10009765625
-0.126594543457031 0.031402587890625 0.207855224609375 0.0154571533203125
-0.212127685546875 0.011962890625 0.10784912109375 0.32305908203125
-0.221786499023438 0.0748291015625 0.33673095703125 0.27978515625
-0.201080322265625 0.21307373046875 0.233871459960937 0.101715087890625
0.013427734375 0.291748046875 0.180206298828125 0.138107299804688
0.157180786132813 0.234298706054688 0.201034545898438 0.206756591796875
0.131805419921875 0.198760986328125 0.195907592773438 0.241317749023438
0.171279907226563 0.1805419921875 0.202392578125 0.29693603515625
0.087066650390625 0.202774047851563 0.116485595703125 0.276626586914062
-0.0230255126953125 0.207809448242188 0.0240020751953125 0.176254272460938
-0.116607666015625 0.136940002441406 -0.0399322509765625 0.0895538330078125
-0.172317504882813 0.0104827880859375 -0.0558815002441406 -0.05340576171875
-0.103591918945313 0.0303115844726563 0.165557861328125 -0.213821411132813
-0.158477783203125 0.098052978515625 0.3082275390625 -0.09112548828125
-0.500732421875 0.02874755859375 0.60791015625 0.1495361328125
-0.416717529296875 0.031097412109375 0.127555847167969 0.0774688720703125
-0.462677001953125 0.14990234375 0.093719482421875 0.36309814453125
-0.32830810546875 0.24853515625 0.38360595703125 0.26934814453125
-0.253326416015625 0.352691650390625 0.260711669921875 0.0215301513671875
0.016204833984375 0.42266845703125 0.162399291992188 0.025848388671875
0.20428466796875 0.350677490234375 0.120925903320313 0.104179382324219
0.1854248046875 0.30889892578125 0.107101440429688 0.158859252929688
0.24468994140625 0.274154663085938 0.14166259765625 0.229934692382813
0.14569091796875 0.280441284179688 0.0855560302734375 0.213104248046875
0.024993896484375 0.313446044921875 0.00846862792968751 0.141952514648438
-0.092926025390625 0.284820556640625 -0.038848876953125 0.0784835815429688
-0.2901611328125 0.1685791015625 -0.0715179443359375 -0.0504684448242188
-0.30963134765625 0.11773681640625 0.123870849609375 -0.19085693359375
-0.39190673828125 0.06951904296875 0.22113037109375 -0.0826873779296875
-0.66375732421875 -0.072998046875 0.407379150390625 0.17669677734375
-0.62493896484375 0.0057983398437501 0.014556884765625 0.147171020507813
-0.634765625 0.25982666015625 0.09686279296875 0.37554931640625
-0.371795654296875 0.388671875 0.41455078125 0.207550048828125
-0.249298095703125 0.43731689453125 0.272857666015625 -0.0904083251953125
0.02679443359375 0.477020263671875 0.127288818359375 -0.121849060058594
0.22125244140625 0.407470703125 0.0202865600585938 -0.0289230346679687
0.21087646484375 0.375762939453125 0.00183868408203126 0.0535888671875
0.284820556640625 0.340545654296875 0.055328369140625 0.142868041992188
0.18463134765625 0.341278076171875 0.0266342163085938 0.136466979980469
0.06390380859375 0.403411865234375 -0.0336456298828125 0.102363586425781
-0.063323974609375 0.420013427734375 -0.0626678466796875 0.0580711364746094
-0.382354736328125 0.331024169921875 -0.09698486328125 -0.0564956665039062
-0.487091064453125 0.213653564453125 0.0639801025390625 -0.146453857421875
-0.58868408203125 0.04278564453125 0.0733718872070312 -0.0689468383789063
-0.70953369140625 -0.1531982421875 0.17803955078125 0.176055908203125
-0.70697021484375 -0.00958251953125001 -0.102386474609375 0.210693359375
-0.660888671875 0.32763671875 0.108551025390625 0.353057861328125
-0.3165283203125 0.449981689453125 0.407928466796875 0.11151123046875
-0.18157958984375 0.4310302734375 0.25341796875 -0.205276489257813
0.043060302734375 0.440887451171875 0.06976318359375 -0.265655517578125
0.20648193359375 0.39141845703125 -0.087005615234375 -0.164749145507812
0.201629638671875 0.383575439453125 -0.105949401855469 -0.0601882934570312
0.2779541015625 0.364776611328125 -0.047943115234375 0.0383644104003906
0.183685302734375 0.366485595703125 -0.0551338195800781 0.0432052612304688
0.07745361328125 0.445098876953125 -0.0980758666992188 0.0484237670898438
-0.0443115234375 0.50360107421875 -0.108085632324219 0.0239486694335938
-0.444854736328125 0.445465087890625 -0.128211975097656 -0.0713729858398437
-0.60968017578125 0.27703857421875 -0.0132369995117188 -0.083892822265625
-0.7091064453125 0.00671386718750003 -0.123008728027344 -0.0511245727539062
-0.65380859375 -0.19036865234375 -0.03411865234375 0.156982421875
-0.66180419921875 -0.00329589843750002 -0.189910888671875 0.251693725585938
-0.5460205078125 0.341400146484375 0.117919921875 0.29681396484375
-0.184417724609375 0.41131591796875 0.3515625 0.00711059570312502
-0.082305908203125 0.33013916015625 0.19915771484375 -0.2823486328125
0.05133056640625 0.323516845703125 0.000213623046874984 -0.36614990234375
0.161041259765625 0.3148193359375 -0.185836791992188 -0.273818969726563
0.1634521484375 0.33135986328125 -0.20001220703125 -0.165771484375
0.22216796875 0.330902099609375 -0.149978637695313 -0.07366943359375
0.144927978515625 0.331329345703125 -0.137924194335938 -0.0608749389648437
0.0595703125 0.41015625 -0.16510009765625 -0.0199432373046875
-0.0419921875 0.499542236328125 -0.162918090820313 -0.030853271484375
-0.46435546875 0.471099853515625 -0.156723022460938 -0.100753784179687
-0.65509033203125 0.2666015625 -0.0985107421875 -0.0196762084960937
-0.72283935546875 -0.0481567382812499 -0.34197998046875 -0.039093017578125
-0.513885498046875 -0.1812744140625 -0.198196411132813 0.134536743164063
-0.52288818359375 0.025115966796875 -0.235015869140625 0.264434814453125
-0.346221923828125 0.312591552734375 0.11724853515625 0.221542358398438
-0.03460693359375 0.29803466796875 0.2601318359375 -0.0695648193359375
0.00679016113281249 0.175033569335938 0.129730224609375 -0.30224609375
0.03680419921875 0.168960571289063 -0.06591796875 -0.4033203125
0.09136962890625 0.197494506835938 -0.259246826171875 -0.338836669921875
0.100265502929687 0.226531982421875 -0.267501831054687 -0.245681762695313
0.128768920898438 0.2393798828125 -0.228759765625 -0.175582885742187
0.08013916015625 0.227783203125 -0.196319580078125 -0.156356811523437
0.039520263671875 0.291229248046875 -0.213760375976562 -0.0894927978515625
-0.029083251953125 0.40155029296875 -0.212066650390625 -0.103195190429687
-0.419403076171875 0.40283203125 -0.170166015625 -0.154037475585938
-0.6009521484375 0.18072509765625 -0.173934936523438 0.0199432373046875
-0.6124267578125 -0.11724853515625 -0.547943115234375 -0.0459899902343751
-0.317962646484375 -0.144775390625 -0.29705810546875 0.116302490234375
-0.331939697265625 0.050567626953125 -0.241256713867187 0.257034301757813
-0.137451171875 0.242630004882812 0.106292724609375 0.149063110351563
0.080108642578125 0.155288696289063 0.165939331054687 -0.106170654296875
0.0584602355957031 0.01678466796875 0.071014404296875 -0.277664184570313
-0.000217437744140624 0.0178565979003906 -0.10784912109375 -0.386749267578125
0.00376129150390625 0.0664901733398438 -0.29583740234375 -0.35809326171875
0.0233383178710938 0.0876617431640625 -0.29583740234375 -0.29083251953125
0.0239028930664062 0.0982818603515625 -0.264877319335938 -0.245849609375
0.0253524780273438 0.07159423828125 -0.2186279296875 -0.215805053710938
0.047332763671875 0.118179321289063 -0.235015869140625 -0.135589599609375
0.0193939208984375 0.244308471679688 -0.24566650390625 -0.17596435546875
-0.29022216796875 0.277923583984375 -0.16473388671875 -0.223785400390625
-0.427978515625 0.0611572265624999 -0.221572875976563 0.022216796875
-0.390838623046875 -0.16778564453125 -0.6943359375 -0.08282470703125
0.062957763671875 0.148513793945313 0.74078369140625 0.02276611328125
0.169204711914063 -0.0217132568359375 0.233428955078125 -0.0325164794921875
0.033905029296875 -0.14208984375 0.138336181640625 0.251190185546875
-0.103363037109375 -0.0960006713867187 0.29290771484375 0.233489990234375
-0.119270324707031 0.051483154296875 0.209259033203125 0.13214111328125
0.00864410400390624 0.11370849609375 0.188369750976563 0.188873291015625
0.0822525024414063 0.0773239135742187 0.251327514648438 0.247039794921875
0.0582466125488281 0.0593490600585937 0.255859375 0.27593994140625
0.0818099975585938 0.0611801147460938 0.237884521484375 0.330596923828125
0.0317230224609375 0.109291076660156 0.124664306640625 0.322052001953125
-0.0544509887695313 0.0937881469726563 0.0157012939453125 0.207733154296875
-0.11126708984375 -0.00202178955078126 -0.0651397705078125 0.0949249267578125
-0.0261688232421875 -0.107131958007813 -0.0576553344726563 -0.0732421875
0.110557556152344 -0.02166748046875 0.180343627929688 -0.23260498046875
0.0886611938476563 0.130844116210938 0.325042724609375 -0.103759765625
-0.234771728515625 0.11431884765625 0.71820068359375 0.08050537109375
-0.120956420898438 0.0275497436523438 0.202011108398438 0.007965087890625
-0.206283569335938 0.0147705078125 0.1124267578125 0.312225341796875
-0.218093872070312 0.0762786865234375 0.33447265625 0.26318359375
-0.1932373046875 0.216201782226562 0.227874755859375 0.0955963134765625
0.021240234375 0.2825927734375 0.177871704101563 0.132003784179688
0.159469604492188 0.221755981445313 0.198562622070313 0.198623657226563
0.132736206054688 0.191131591796875 0.19482421875 0.232711791992187
0.17138671875 0.168624877929688 0.2054443359375 0.28765869140625
0.089874267578125 0.19415283203125 0.1168212890625 0.268264770507813
-0.0181427001953125 0.202239990234375 0.0230712890625 0.169509887695313
-0.111503601074219 0.134429931640625 -0.0384292602539063 0.0866165161132813
-0.166122436523438 0.0135650634765625 -0.0549583435058594 -0.0534553527832031
-0.09613037109375 0.0290374755859375 0.158676147460938 -0.215911865234375
-0.149002075195312 0.0974884033203125 0.30059814453125 -0.09423828125
-0.485382080078125 0.0347900390624999 0.595703125 0.13031005859375
-0.4052734375 0.0328674316406249 0.125297546386719 0.0689926147460938
-0.4488525390625 0.155364990234375 0.09735107421875 0.3529052734375
-0.317108154296875 0.24725341796875 0.3802490234375 0.252532958984375
-0.242095947265625 0.354156494140625 0.25225830078125 0.0167999267578125
0.025970458984375 0.408599853515625 0.157623291015625 0.0210113525390625
0.207733154296875 0.333953857421875 0.117164611816406 0.100944519042969
0.18701171875 0.2977294921875 0.106185913085938 0.1556396484375
0.243621826171875 0.258804321289063 0.145339965820313 0.2235107421875
0.145919799804688 0.2672119140625 0.0855712890625 0.207717895507813
0.029754638671875 0.30316162109375 0.0074005126953125 0.137298583984375
-0.085662841796875 0.276504516601563 -0.0374298095703125 0.0758209228515625
-0.277511596679688 0.16888427734375 -0.0698471069335938 -0.05010986328125
-0.293975830078125 0.11761474609375 0.119827270507813 -0.193649291992188
-0.3792724609375 0.07391357421875 0.217376708984375 -0.0852813720703125
-0.6475830078125 -0.06292724609375 0.399932861328125 0.160308837890625
-0.61004638671875 0.01312255859375 0.0171661376953125 0.138771057128906
-0.613525390625 0.26593017578125 0.0985107421874999 0.367584228515625
-0.355987548828125 0.3834228515625 0.409332275390625 0.1943359375
-0.236083984375 0.43536376953125 0.263031005859375 -0.093017578125
0.03607177734375 0.463775634765625 0.11993408203125 -0.123359680175781
0.223236083984375 0.38812255859375 0.0169639587402344 -0.0266189575195312
0.212554931640625 0.3614501953125 0.00129318237304689 0.0555458068847656
0.28448486328125 0.3226318359375 0.0586624145507813 0.139274597167969
0.184051513671875 0.3253173828125 0.0267791748046875 0.134140014648438
0.06878662109375 0.3890380859375 -0.03497314453125 0.100326538085938
-0.053558349609375 0.40704345703125 -0.0611228942871094 0.0568885803222657
-0.363067626953125 0.3289794921875 -0.0944061279296875 -0.0565032958984375
-0.465057373046875 0.215606689453125 0.0634002685546875 -0.1497802734375
-0.5709228515625 0.0523681640624999 0.0748062133789062 -0.0691604614257812
-0.6949462890625 -0.139892578125 0.177017211914062 0.163055419921875
-0.69085693359375 0.00122070312500012 -0.095550537109375 0.204391479492188
-0.6370849609375 0.3343505859375 0.1090087890625 0.345428466796875
-0.299224853515625 0.43939208984375 0.399932861328125 0.09942626953125
-0.170562744140625 0.426422119140625 0.242416381835938 -0.204376220703125
0.048675537109375 0.426239013671875 0.0618743896484375 -0.262619018554688
0.207489013671875 0.3740234375 -0.0907745361328125 -0.1568603515625
0.2041015625 0.3699951171875 -0.105735778808594 -0.0537338256835937
0.27667236328125 0.346435546875 -0.0446510314941406 0.0389060974121094
0.18280029296875 0.349884033203125 -0.0544471740722656 0.0438995361328125
0.08172607421875 0.4295654296875 -0.097869873046875 0.0501861572265625
-0.0332031250000001 0.488250732421875 -0.105415344238281 0.0240707397460938
-0.421661376953125 0.44232177734375 -0.125762939453125 -0.0704421997070312
-0.5858154296875 0.2783203125 -0.0099868774414063 -0.0863571166992188
-0.69281005859375 0.0199584960937501 -0.115676879882813 -0.0476837158203125
-0.64373779296875 -0.17596435546875 -0.0310211181640625 0.147537231445313
-0.64666748046875 0.00933837890625005 -0.1807861328125 0.246551513671875
-0.521148681640625 0.3470458984375 0.118194580078125 0.289794921875
-0.1695556640625 0.3994140625 0.341888427734375 0.00106811523437502
-0.075286865234375 0.32403564453125 0.187957763671875 -0.277877807617188
0.0537109375 0.313323974609375 -0.00888061523437503 -0.3585205078125
0.162261962890625 0.300079345703125 -0.189254760742188 -0.2611083984375
0.16534423828125 0.3199462890625 -0.1993408203125 -0.154815673828125
0.220245361328125 0.317596435546875 -0.147140502929687 -0.0691986083984375
0.142303466796875 0.31719970703125 -0.1370849609375 -0.0565719604492187
0.065093994140625 0.395538330078125 -0.163314819335938 -0.0152587890625
-0.03143310546875 0.485137939453125 -0.158737182617188 -0.0271759033203124
-0.4395751953125 0.468475341796875 -0.153884887695313 -0.098602294921875
-0.631591796875 0.27093505859375 -0.0911636352539063 -0.0213546752929688
-0.7078857421875 -0.0357666015625 -0.32843017578125 -0.0312194824218749
-0.505645751953125 -0.17041015625 -0.191375732421875 0.12908935546875
-0.5096435546875 0.03582763671875 -0.223602294921875 0.262344360351563
-0.326568603515625 0.3116455078125 0.118011474609375 0.2154541015625
-0.02532958984375 0.28546142578125 0.251510620117188 -0.0708770751953125
0.00788879394531252 0.170303344726563 0.120147705078125 -0.29644775390625
0.03564453125 0.1641845703125 -0.0728759765625 -0.3934326171875
0.09197998046875 0.188339233398438 -0.26220703125 -0.323822021484375
0.1015625 0.218856811523438 -0.266525268554687 -0.232345581054688
0.127609252929688 0.230743408203125 -0.227081298828125 -0.166580200195313
0.077728271484375 0.21929931640625 -0.19580078125 -0.14837646484375
0.0426177978515625 0.28033447265625 -0.210296630859375 -0.0825653076171875
-0.020599365234375 0.389312744140625 -0.207901000976563 -0.0965576171875
-0.396942138671875 0.400604248046875 -0.167877197265625 -0.148666381835937
-0.5810546875 0.18560791015625 -0.164230346679688 0.020355224609375
-0.602294921875 -0.10223388671875 -0.528350830078125 -0.033233642578125
-0.315338134765625 -0.137664794921875 -0.28985595703125 0.113250732421875
-0.324005126953125 0.05908203125 -0.22955322265625 0.256942749023438
-0.123260498046875 0.239578247070313 0.105728149414062 0.144317626953125
0.0829925537109375 0.144699096679688 0.159103393554688 -0.104248046875
0.0543022155761719 0.01422119140625 0.0646209716796875 -0.271926879882813
-0.00347328186035156 0.0185985565185547 -0.113372802734375 -0.376373291015625
0.00408554077148438 0.0634536743164063 -0.29608154296875 -0.34234619140625
0.0227203369140625 0.0847320556640625 -0.295166015625 -0.276824951171875
0.0219268798828125 0.09576416015625 -0.264663696289063 -0.234268188476563
0.0225982666015625 0.0678672790527344 -0.2171630859375 -0.207122802734375
0.047088623046875 0.112663269042969 -0.231063842773438 -0.128204345703125
0.024078369140625 0.235565185546875 -0.242141723632813 -0.167144775390625
-0.27490234375 0.277297973632813 -0.165115356445313 -0.216476440429687
-0.417449951171875 0.0663757324218749 -0.21075439453125 0.02484130859375
-0.38507080078125 -0.156036376953125 -0.6737060546875 -0.0640869140625001
0.069671630859375 0.14678955078125 0.73614501953125 0.01654052734375
0.170196533203125 -0.027252197265625 0.230178833007813 -0.0348663330078125
0.0322418212890625 -0.144027709960938 0.139633178710937 0.246749877929688
-0.105735778808594 -0.093963623046875 0.292205810546875 0.2265625
-0.118637084960938 0.0554733276367188 0.207565307617188 0.130950927734375
0.0134811401367188 0.111534118652344 0.187973022460938 0.1883544921875
0.085296630859375 0.0744247436523438 0.250213623046875 0.2451171875
0.0596580505371094 0.0589942932128906 0.2554931640625 0.274032592773438
0.0835189819335938 0.0576553344726562 0.24169921875 0.328155517578125
0.035614013671875 0.107833862304688 0.125701904296875 0.320037841796875
-0.052520751953125 0.0954513549804688 0.014495849609375 0.204421997070313
-0.112312316894531 -0.00023651123046877 -0.0660324096679688 0.0932693481445313
-0.026153564453125 -0.1053466796875 -0.0579986572265625 -0.0741348266601563
0.112693786621094 -0.0240020751953125 0.1796875 -0.236114501953125
0.0917434692382812 0.129005432128906 0.324737548828125 -0.103240966796875
-0.228256225585938 0.113418579101562 0.71490478515625 0.07373046875
-0.119621276855469 0.0232315063476563 0.19891357421875 0.0045928955078125
-0.20623779296875 0.014129638671875 0.113189697265625 0.310302734375
-0.219650268554688 0.076507568359375 0.3341064453125 0.25634765625
-0.190948486328125 0.220657348632812 0.226165771484375 0.0940093994140625
0.025970458984375 0.2791748046875 0.175765991210938 0.130599975585938
0.162338256835938 0.217575073242188 0.196990966796875 0.198333740234375
0.134201049804688 0.189117431640625 0.195053100585938 0.232330322265625
0.171646118164063 0.163665771484375 0.2083740234375 0.287017822265625
0.09130859375 0.19073486328125 0.1170654296875 0.268051147460938
-0.01641845703125 0.200469970703125 0.0204925537109375 0.167068481445313
-0.111351013183594 0.133987426757813 -0.039093017578125 0.0850906372070313
-0.163787841796875 0.0146636962890625 -0.0544891357421875 -0.0544929504394531
-0.0927200317382813 0.02655029296875 0.157852172851563 -0.220733642578125
-0.14544677734375 0.0963287353515625 0.301055908203125 -0.094696044921875
-0.48028564453125 0.033905029296875 0.59454345703125 0.1248779296875
-0.40350341796875 0.02923583984375 0.123374938964844 0.0636520385742188
-0.446441650390625 0.15692138671875 0.0970153808593749 0.353271484375
-0.31842041015625 0.245758056640625 0.380340576171875 0.24755859375
-0.239532470703125 0.358306884765625 0.250320434570313 0.0154876708984375
0.030548095703125 0.40618896484375 0.155349731445312 0.019012451171875
0.20904541015625 0.3275146484375 0.114921569824219 0.102241516113281
0.188262939453125 0.295257568359375 0.105972290039063 0.157211303710938
0.243087768554688 0.252532958984375 0.147857666015625 0.222686767578125
0.14495849609375 0.26300048828125 0.085174560546875 0.2080078125
0.030364990234375 0.299072265625 0.00462341308593749 0.136604309082031
-0.084442138671875 0.273178100585938 -0.0376663208007813 0.0741729736328125
-0.272857666015625 0.16888427734375 -0.0687751770019532 -0.0522079467773437
-0.28759765625 0.115203857421875 0.119354248046875 -0.199295043945313
-0.375762939453125 0.0739440917968749 0.219314575195312 -0.0865020751953125
-0.6455078125 -0.062744140625 0.399627685546875 0.1536865234375
-0.60772705078125 0.0119628906250001 0.016510009765625 0.133651733398438
-0.60821533203125 0.27117919921875 0.097412109375 0.369384765625
-0.35302734375 0.38006591796875 0.408477783203125 0.191192626953125
-0.2322998046875 0.4376220703125 0.260726928710938 -0.093994140625
0.03765869140625 0.45965576171875 0.116188049316406 -0.125495910644531
0.22381591796875 0.381378173828125 0.0139713287353516 -0.0243301391601562
0.213836669921875 0.358795166015625 0.000370025634765641 0.0587615966796875
0.28289794921875 0.317169189453125 0.0610885620117187 0.138916015625
0.1802978515625 0.32122802734375 0.0258026123046875 0.134544372558594
0.0692138671875 0.383544921875 -0.0367965698242187 0.101089477539063
-0.05169677734375 0.40167236328125 -0.0613441467285156 0.0559959411621094
-0.356414794921875 0.3272705078125 -0.0943222045898438 -0.05926513671875
-0.457916259765625 0.21435546875 0.064422607421875 -0.155136108398438
-0.56854248046875 0.0521240234375001 0.0775985717773437 -0.0702285766601563
-0.69580078125 -0.139892578125 0.176284790039062 0.155792236328125
-0.68951416015625 0.000610351562499848 -0.0952148437500001 0.20025634765625
-0.62890625 0.33612060546875 0.10772705078125 0.348724365234375
-0.29449462890625 0.43475341796875 0.399932861328125 0.097015380859375
-0.168212890625 0.428253173828125 0.238845825195313 -0.2041015625
0.049468994140625 0.422576904296875 0.057281494140625 -0.264373779296875
0.208251953125 0.366485595703125 -0.0937347412109375 -0.153549194335937
0.20489501953125 0.367767333984375 -0.106216430664063 -0.0492477416992187
0.275054931640625 0.340728759765625 -0.0437088012695312 0.0390090942382813
0.179901123046875 0.345001220703125 -0.0559921264648437 0.0451087951660157
0.0816650390625 0.42431640625 -0.0991439819335938 0.0516281127929688
-0.032012939453125 0.4827880859375 -0.105186462402344 0.0239105224609375
-0.4146728515625 0.44085693359375 -0.124992370605469 -0.0732955932617187
-0.57794189453125 0.27569580078125 -0.00757598876953129 -0.0917129516601562
-0.68963623046875 0.0220947265625001 -0.111236572265625 -0.0479965209960938
-0.64337158203125 -0.17681884765625 -0.0320281982421875 0.141983032226563
-0.645751953125 0.0112915039062501 -0.179351806640625 0.2442626953125
-0.514923095703125 0.349212646484375 0.117156982421875 0.291839599609375
-0.166412353515625 0.39227294921875 0.340667724609375 0.000457763671875024
-0.074462890625 0.32403564453125 0.184463500976563 -0.277572631835938
0.052215576171875 0.3111572265625 -0.01300048828125 -0.3587646484375
0.1617431640625 0.294189453125 -0.192718505859375 -0.2567138671875
0.165557861328125 0.317138671875 -0.20037841796875 -0.14959716796875
0.219024658203125 0.31304931640625 -0.147445678710938 -0.06817626953125
0.13818359375 0.313232421875 -0.138023376464844 -0.0546188354492187
0.064056396484375 0.3912353515625 -0.163742065429687 -0.0134124755859375
-0.0274658203125 0.479339599609375 -0.158218383789062 -0.027557373046875
-0.432403564453125 0.46820068359375 -0.153289794921875 -0.100967407226562
-0.625732421875 0.268310546875 -0.0871734619140625 -0.025726318359375
-0.704345703125 -0.0322265625000001 -0.32232666015625 -0.0302124023437501
-0.507232666015625 -0.170867919921875 -0.19195556640625 0.123794555664063
-0.509613037109375 0.0393981933593749 -0.22174072265625 0.2615966796875
-0.317962646484375 0.312744140625 0.11651611328125 0.216323852539063
-0.02166748046875 0.2784423828125 0.249496459960937 -0.0695953369140625
0.00750732421874999 0.168701171875 0.117279052734375 -0.295135498046875
0.03289794921875 0.162673950195313 -0.07659912109375 -0.392364501953125
0.090911865234375 0.184371948242188 -0.26422119140625 -0.31805419921875
0.10040283203125 0.216598510742188 -0.26654052734375 -0.227935791015625
0.125717163085938 0.228805541992188 -0.227645874023438 -0.16461181640625
0.0735015869140625 0.216278076171875 -0.196823120117188 -0.147140502929688
0.0416717529296875 0.276504516601563 -0.210205078125 -0.0795745849609375
-0.018280029296875 0.3851318359375 -0.207183837890625 -0.0956878662109375
-0.391143798828125 0.401458740234375 -0.168075561523438 -0.150833129882812
-0.5782470703125 0.18609619140625 -0.158309936523438 0.0176849365234375
-0.6014404296875 -0.10174560546875 -0.52252197265625 -0.0300598144531251
-0.3175048828125 -0.13739013671875 -0.2904052734375 0.10968017578125
-0.322906494140625 0.0635375976562499 -0.226882934570313 0.257720947265625
-0.1171875 0.239013671875 0.105697631835937 0.144439697265625
0.085418701171875 0.138664245605469 0.1572265625 -0.102127075195312
0.0516548156738281 0.0125579833984375 0.0621337890625 -0.26983642578125
-0.00654411315917969 0.0199451446533203 -0.115936279296875 -0.375457763671875
0.00315856933593749 0.0624351501464844 -0.296875 -0.33660888671875
0.0207595825195313 0.0835342407226563 -0.295440673828125 -0.27227783203125
0.0196075439453125 0.0962371826171875 -0.265625 -0.231857299804687
0.0188636779785156 0.0663948059082031 -0.217742919921875 -0.2066650390625
0.0451126098632813 0.109016418457031 -0.229888916015625 -0.126220703125
0.0261077880859375 0.232162475585938 -0.241744995117187 -0.16424560546875
-0.271163940429688 0.278045654296875 -0.165313720703125 -0.216812133789062
-0.418121337890625 0.0673828125000001 -0.204803466796875 0.024444580078125
-0.385284423828125 -0.1552734375 -0.66729736328125 -0.0609130859374999
0.0791168212890625 0.1475830078125 0.74945068359375 0.00677490234375001
0.174072265625 -0.0351104736328125 0.230712890625 -0.039520263671875
0.0301666259765625 -0.149566650390625 0.144546508789062 0.247695922851563
-0.112770080566406 -0.093841552734375 0.30035400390625 0.22357177734375
-0.119621276855469 0.0618820190429687 0.212966918945313 0.130905151367188
0.0188522338867187 0.1112060546875 0.193389892578125 0.190826416015625
0.09112548828125 0.07220458984375 0.25726318359375 0.248397827148438
0.0636940002441406 0.0592155456542969 0.263076782226563 0.275848388671875
0.0877609252929688 0.0549087524414063 0.2550048828125 0.332672119140625
0.0411605834960937 0.108642578125 0.1317138671875 0.32623291015625
-0.0511322021484375 0.0991363525390625 0.0130157470703125 0.20599365234375
-0.116096496582031 0.00281524658203123 -0.0669021606445313 0.0946426391601563
-0.027984619140625 -0.106277465820313 -0.0602188110351562 -0.076080322265625
0.11651611328125 -0.0280838012695313 0.179428100585938 -0.24737548828125
0.0978546142578125 0.129539489746094 0.33062744140625 -0.1077880859375
-0.226974487304687 0.1163330078125 0.7279052734375 0.06402587890625
-0.121429443359375 0.0188369750976562 0.200042724609375 -0.000701904296874999
-0.211090087890625 0.0153045654296875 0.117523193359375 0.315185546875
-0.225799560546875 0.080169677734375 0.34356689453125 0.25531005859375
-0.191574096679688 0.231979370117188 0.231414794921875 0.092742919921875
0.03271484375 0.282562255859375 0.180023193359375 0.130401611328125
0.16998291015625 0.215255737304688 0.2017822265625 0.20294189453125
0.140640258789063 0.191360473632813 0.201324462890625 0.237075805664063
0.177886962890625 0.161178588867188 0.219512939453125 0.2900390625
0.09521484375 0.192169189453125 0.121810913085938 0.27398681640625
-0.0146331787109375 0.204025268554688 0.0188446044921875 0.169189453125
-0.113510131835938 0.13714599609375 -0.0395278930664063 0.08563232421875
-0.166244506835938 0.01629638671875 -0.0559463500976563 -0.0570411682128906
-0.0905838012695313 0.0251235961914062 0.15777587890625 -0.232254028320313
-0.145050048828125 0.0988311767578125 0.307403564453125 -0.1004638671875
-0.48736572265625 0.037811279296875 0.6053466796875 0.11529541015625
-0.4107666015625 0.02911376953125 0.124114990234375 0.0594863891601563
-0.4521484375 0.16650390625 0.10174560546875 0.36279296875
-0.323974609375 0.251953125 0.3902587890625 0.2452392578125
-0.239410400390625 0.373077392578125 0.254486083984375 0.011871337890625
0.03692626953125 0.4097900390625 0.155670166015625 0.0157470703125
0.218048095703125 0.3275146484375 0.116371154785156 0.105789184570313
0.196563720703125 0.298065185546875 0.109832763671875 0.16229248046875
0.250350952148438 0.250823974609375 0.15667724609375 0.225357055664063
0.148956298828125 0.264190673828125 0.087921142578125 0.212432861328125
0.034332275390625 0.302459716796875 0.00297546386718751 0.139411926269531
-0.0843048095703125 0.276870727539063 -0.0380477905273438 0.07489013671875
-0.274566650390625 0.173736572265625 -0.0717315673828125 -0.055694580078125
-0.288238525390625 0.117218017578125 0.1192626953125 -0.210769653320313
-0.381072998046875 0.0797729492187501 0.225128173828125 -0.0919647216796875
-0.65765380859375 -0.0579223632812499 0.40875244140625 0.1461181640625
-0.62109375 0.0155029296875 0.0155181884765624 0.131607055664062
-0.6171875 0.2845458984375 0.1005859375 0.38104248046875
-0.3564453125 0.388580322265625 0.41876220703125 0.18670654296875
-0.23193359375 0.453094482421875 0.263137817382813 -0.0989227294921875
0.04486083984375 0.4656982421875 0.114608764648437 -0.131706237792969
0.232757568359375 0.381134033203125 0.0113353729248047 -0.0224971771240234
0.2225341796875 0.363037109375 0.000282287597656268 0.0638198852539063
0.290802001953125 0.314666748046875 0.06536865234375 0.140151977539063
0.183563232421875 0.321746826171875 0.02685546875 0.138252258300781
0.072784423828125 0.388031005859375 -0.0395965576171875 0.104873657226563
-0.048828125 0.4072265625 -0.0623779296875 0.0563583374023438
-0.357818603515625 0.335479736328125 -0.0976409912109375 -0.0629501342773437
-0.460418701171875 0.219268798828125 0.0646820068359375 -0.165557861328125
-0.57867431640625 0.05975341796875 0.08135986328125 -0.074432373046875
-0.71099853515625 -0.13739013671875 0.180007934570312 0.1514892578125
-0.7039794921875 0.00689697265625012 -0.0969085693359376 0.200729370117187
-0.6361083984375 0.35394287109375 0.1124267578125 0.3592529296875
-0.294586181640625 0.4437255859375 0.4078369140625 0.093963623046875
-0.165130615234375 0.439605712890625 0.239654541015625 -0.211013793945313
0.055267333984375 0.428375244140625 0.0527191162109375 -0.272048950195313
0.214599609375 0.368011474609375 -0.100341796875 -0.152694702148437
0.213104248046875 0.371978759765625 -0.110427856445312 -0.0449447631835937
0.283966064453125 0.341094970703125 -0.0436897277832031 0.0398445129394531
0.18206787109375 0.34771728515625 -0.0576438903808594 0.0477714538574219
0.087615966796875 0.42901611328125 -0.102142333984375 0.0557403564453125
-0.026763916015625 0.488006591796875 -0.107215881347656 0.0242919921875
-0.414093017578125 0.453216552734375 -0.129478454589844 -0.0771408081054687
-0.5841064453125 0.2867431640625 -0.00685882568359379 -0.0994338989257812
-0.70440673828125 0.02850341796875 -0.110710144042969 -0.0489654541015625
-0.65911865234375 -0.175048828125 -0.0326461791992188 0.139823913574219
-0.6580810546875 0.0183105468749999 -0.180557250976563 0.248779296875
-0.515838623046875 0.36297607421875 0.121734619140625 0.3006591796875
-0.161956787109375 0.39752197265625 0.346649169921875 -0.00253295898437498
-0.070709228515625 0.331451416015625 0.182586669921875 -0.28387451171875
0.054473876953125 0.3155517578125 -0.020751953125 -0.3673095703125
0.165679931640625 0.294830322265625 -0.201400756835938 -0.256195068359375
0.172271728515625 0.321380615234375 -0.20721435546875 -0.146270751953125
0.22503662109375 0.315338134765625 -0.151168823242188 -0.0675811767578125
0.13897705078125 0.316162109375 -0.143112182617188 -0.0535430908203125
0.0692138671875 0.394439697265625 -0.168365478515625 -0.00973510742187499
-0.021759033203125 0.48590087890625 -0.161422729492188 -0.0270538330078125
-0.432830810546875 0.479766845703125 -0.159011840820313 -0.104644775390625
-0.63372802734375 0.27777099609375 -0.0859832763671876 -0.0307388305664062
-0.72076416015625 -0.0269775390625 -0.32562255859375 -0.0279235839843751
-0.5223388671875 -0.170867919921875 -0.196517944335938 0.123977661132813
-0.518035888671875 0.0481872558593749 -0.222488403320313 0.268112182617188
-0.31646728515625 0.322967529296875 0.120712280273437 0.222396850585938
-0.016204833984375 0.27813720703125 0.2529296875 -0.07208251953125
0.00910949707031248 0.171096801757813 0.11492919921875 -0.300933837890625
0.03240966796875 0.165679931640625 -0.085418701171875 -0.399078369140625
0.092193603515625 0.1844482421875 -0.27447509765625 -0.318634033203125
0.10357666015625 0.2196044921875 -0.276290893554688 -0.224945068359375
0.128372192382813 0.232635498046875 -0.2357177734375 -0.164871215820312
0.07269287109375 0.219497680664062 -0.204010009765625 -0.1473388671875
0.0435791015625 0.278594970703125 -0.21563720703125 -0.0776824951171875
-0.012939453125 0.38916015625 -0.212417602539063 -0.094512939453125
-0.391693115234375 0.41455078125 -0.174224853515625 -0.154525756835938
-0.58880615234375 0.19635009765625 -0.157089233398438 0.0164642333984375
-0.61785888671875 -0.0968627929687499 -0.52899169921875 -0.0240783691406251
-0.328582763671875 -0.136993408203125 -0.297454833984375 0.111175537109375
-0.328765869140625 0.0721740722656249 -0.227508544921875 0.266143798828125
-0.111160278320312 0.24517822265625 0.110076904296875 0.14715576171875
0.0902328491210938 0.13482666015625 0.157882690429687 -0.103225708007812
0.05145263671875 0.0112762451171875 0.05938720703125 -0.274398803710938
-0.00936508178710937 0.0219402313232422 -0.122314453125 -0.380462646484375
0.00229263305664062 0.0624275207519531 -0.3079833984375 -0.33599853515625
0.020294189453125 0.0851364135742188 -0.30517578125 -0.271270751953125
0.0190200805664063 0.0999526977539063 -0.275543212890625 -0.232757568359375
0.0157089233398437 0.0672416687011719 -0.225051879882813 -0.208160400390625
0.0458526611328125 0.108055114746094 -0.235015869140625 -0.124755859375
0.0308990478515625 0.234161376953125 -0.249008178710938 -0.164291381835937
-0.271240234375 0.287506103515625 -0.1732177734375 -0.220962524414062
-0.4281005859375 0.0729980468749999 -0.203262329101563 0.025054931640625
-0.39739990234375 -0.1553955078125 -0.6763916015625 -0.05242919921875
0.0927734375 0.14678955078125 0.7677001953125 -0.0235595703125
0.176437377929688 -0.048065185546875 0.2303466796875 -0.0491943359375
0.0225372314453125 -0.158172607421875 0.156631469726562 0.247146606445312
-0.12322998046875 -0.0908126831054688 0.315826416015625 0.215423583984375
-0.1195068359375 0.0723037719726563 0.222320556640625 0.12567138671875
0.027435302734375 0.111412048339844 0.205657958984375 0.189483642578125
0.0992965698242188 0.067626953125 0.273178100585938 0.247772216796875
0.0697860717773438 0.0574455261230469 0.2816162109375 0.2738037109375
0.09344482421875 0.049896240234375 0.27783203125 0.331085205078125
0.0490951538085938 0.108551025390625 0.14764404296875 0.3309326171875
-0.0475845336914063 0.106002807617188 0.0177154541015625 0.20965576171875
-0.120681762695312 0.00796508789062501 -0.0662765502929688 0.0988998413085938
-0.0333099365234375 -0.108261108398438 -0.0642166137695313 -0.077606201171875
0.118934631347656 -0.035797119140625 0.17340087890625 -0.26434326171875
0.107963562011719 0.129508972167969 0.337646484375 -0.122100830078125
-0.224197387695312 0.124923706054688 0.7493896484375 0.03448486328125
-0.125343322753906 0.0183944702148437 0.200424194335938 -0.0104522705078125
-0.217987060546875 0.0212249755859375 0.131500244140625 0.321563720703125
-0.233078002929687 0.090118408203125 0.36212158203125 0.245819091796875
-0.186935424804687 0.250198364257813 0.2391357421875 0.085479736328125
0.04632568359375 0.2864990234375 0.187957763671875 0.126708984375
0.183639526367188 0.211441040039063 0.213592529296875 0.2032470703125
0.153732299804688 0.189620971679688 0.216049194335938 0.237319946289063
0.188461303710938 0.155410766601563 0.23931884765625 0.2884521484375
0.105133056640625 0.192092895507813 0.134811401367188 0.277908325195313
-0.00756835937500002 0.209823608398438 0.0222625732421875 0.17254638671875
-0.1129150390625 0.144561767578125 -0.0383529663085938 0.088226318359375
-0.169586181640625 0.0217437744140625 -0.0601310729980469 -0.0582389831542969
-0.089752197265625 0.0253829956054688 0.152297973632813 -0.25
-0.143112182617188 0.105514526367188 0.314300537109375 -0.11492919921875
-0.497772216796875 0.0546264648437501 0.6256103515625 0.091552734375
-0.423370361328125 0.0401916503906249 0.125724792480469 0.052001953125
-0.460906982421875 0.187774658203125 0.118011474609375 0.373748779296875
-0.32635498046875 0.26983642578125 0.409820556640625 0.23565673828125
-0.230987548828125 0.396270751953125 0.259628295898438 0.00231933593750002
0.054290771484375 0.418731689453125 0.158721923828125 0.00837707519531253
0.23455810546875 0.324859619140625 0.122894287109375 0.107139587402344
0.215423583984375 0.297576904296875 0.118499755859375 0.166091918945313
0.266525268554688 0.244476318359375 0.1708984375 0.224960327148438
0.160064697265625 0.264144897460938 0.0977630615234375 0.216705322265625
0.044921875 0.307891845703125 0.0048675537109375 0.144027709960938
-0.0775146484375 0.28472900390625 -0.0381088256835938 0.07745361328125
-0.274658203125 0.18670654296875 -0.0771865844726563 -0.0561981201171875
-0.288055419921875 0.127288818359375 0.113449096679688 -0.227615356445313
-0.387298583984375 0.09344482421875 0.229461669921875 -0.104156494140625
-0.678466796875 -0.0382080078125001 0.42388916015625 0.13018798828125
-0.64031982421875 0.034423828125 0.0180892944335937 0.129844665527344
-0.62127685546875 0.31719970703125 0.119049072265625 0.394683837890625
-0.352996826171875 0.4090576171875 0.438079833984375 0.174591064453125
-0.22039794921875 0.47796630859375 0.264694213867188 -0.112380981445312
0.062530517578125 0.47540283203125 0.109588623046875 -0.14178466796875
0.251434326171875 0.3782958984375 0.00922584533691408 -0.0201053619384765
0.2437744140625 0.36419677734375 0.00334548950195314 0.0701217651367188
0.30877685546875 0.309783935546875 0.0733184814453125 0.141220092773438
0.196746826171875 0.3238525390625 0.0319976806640625 0.142745971679688
0.08929443359375 0.3935546875 -0.03863525390625 0.110885620117188
-0.0350341796875 0.41583251953125 -0.0632057189941406 0.0593795776367188
-0.353973388671875 0.35589599609375 -0.10589599609375 -0.0634689331054687
-0.462554931640625 0.23883056640625 0.0591583251953125 -0.178756713867187
-0.59197998046875 0.08294677734375 0.0827713012695312 -0.0804061889648438
-0.73760986328125 -0.11663818359375 0.188735961914062 0.143585205078125
-0.7236328125 0.03118896484375 -0.0945434570312501 0.20538330078125
-0.63665771484375 0.38897705078125 0.12884521484375 0.372650146484375
-0.28582763671875 0.461669921875 0.423614501953125 0.08038330078125
-0.15252685546875 0.459075927734375 0.236038208007812 -0.224533081054687
0.070831298828125 0.436737060546875 0.039581298828125 -0.28338623046875
0.23126220703125 0.365936279296875 -0.110931396484375 -0.149765014648437
0.23394775390625 0.373138427734375 -0.115104675292969 -0.0372390747070312
0.301483154296875 0.33746337890625 -0.0436439514160156 0.0419197082519532
0.19561767578125 0.348846435546875 -0.0588188171386719 0.0526275634765625
0.103546142578125 0.43243408203125 -0.104484558105469 0.062713623046875
-0.00750732421875 0.49859619140625 -0.110038757324219 0.0272598266601563
-0.407257080078125 0.479339599609375 -0.139892578125 -0.0776138305664063
-0.58648681640625 0.3109130859375 -0.01043701171875 -0.108810424804687
-0.72381591796875 0.0563354492187501 -0.113441467285156 -0.047515869140625
-0.68804931640625 -0.15850830078125 -0.030303955078125 0.139976501464844
-0.6759033203125 0.0417480468749999 -0.178207397460938 0.258804321289063
-0.51025390625 0.3936767578125 0.136322021484375 0.3101806640625
-0.150604248046875 0.40948486328125 0.355926513671875 -0.013580322265625
-0.059722900390625 0.3427734375 0.175445556640625 -0.297515869140625
0.06494140625 0.32061767578125 -0.0391845703125 -0.37713623046875
0.17694091796875 0.293701171875 -0.21844482421875 -0.251708984375
0.18829345703125 0.322540283203125 -0.218704223632813 -0.138458251953125
0.241058349609375 0.314453125 -0.159194946289062 -0.0632781982421875
0.14935302734375 0.31951904296875 -0.150192260742188 -0.0484619140625
0.082763671875 0.401580810546875 -0.173431396484375 -0.00218200683593751
-0.00378417968750001 0.495758056640625 -0.16717529296875 -0.0224151611328125
-0.425384521484375 0.510040283203125 -0.170120239257813 -0.104721069335938
-0.6405029296875 0.30804443359375 -0.08758544921875 -0.0336380004882812
-0.74462890625 -0.00195312499999992 -0.332550048828125 -0.0167236328125001
-0.54754638671875 -0.15838623046875 -0.199432373046875 0.130050659179688
-0.53076171875 0.0700378417968751 -0.218414306640625 0.282135009765625
-0.306976318359375 0.345458984375 0.1326904296875 0.22784423828125
-0.00482177734375001 0.280838012695312 0.257110595703125 -0.081268310546875
0.015869140625 0.174041748046875 0.105133056640625 -0.311065673828125
0.036529541015625 0.168777465820313 -0.104644775390625 -0.407684326171875
0.0981597900390625 0.183883666992188 -0.295074462890625 -0.312225341796875
0.112991333007813 0.221481323242187 -0.292510986328125 -0.217132568359375
0.13873291015625 0.23468017578125 -0.250259399414063 -0.15899658203125
0.077911376953125 0.222763061523438 -0.21600341796875 -0.143264770507813
0.052398681640625 0.282073974609375 -0.223098754882813 -0.0702056884765625
0.00180053710937504 0.397735595703125 -0.222564697265625 -0.0894775390625
-0.385833740234375 0.440765380859375 -0.187606811523438 -0.15484619140625
-0.598876953125 0.22235107421875 -0.157562255859375 0.01873779296875
-0.64007568359375 -0.077880859375 -0.5411376953125 -0.00457763671875007
-0.34576416015625 -0.128692626953125 -0.303985595703125 0.12176513671875
-0.333709716796875 0.0883178710937499 -0.222442626953125 0.28125
-0.0995330810546875 0.255050659179688 0.1185302734375 0.148300170898438
0.0987091064453125 0.130577087402344 0.158767700195313 -0.108688354492187
0.0516548156738281 0.00838851928710938 0.050323486328125 -0.282012939453125
-0.0109977722167969 0.0238590240478516 -0.142303466796875 -0.386474609375
0.00230026245117187 0.06304931640625 -0.330780029296875 -0.332427978515625
0.0221099853515625 0.0867462158203125 -0.32415771484375 -0.2635498046875
0.02044677734375 0.103744506835938 -0.293914794921875 -0.22698974609375
0.0144691467285156 0.0683212280273437 -0.24029541015625 -0.205352783203125
0.048797607421875 0.106658935546875 -0.244781494140625 -0.118499755859375
0.04180908203125 0.236663818359375 -0.2625732421875 -0.159423828125
-0.265625 0.30657958984375 -0.188735961914063 -0.22235107421875
-0.43902587890625 0.0932617187499999 -0.204147338867188 0.03155517578125
-0.416168212890625 -0.1461181640625 -0.69342041015625 -0.0270996093749999
0.107917785644531 0.139633178710937 0.77252197265625 -0.07110595703125
0.173873901367187 -0.0645751953125 0.225692749023438 -0.0619049072265625
0.00914001464843751 -0.163131713867188 0.171401977539062 0.24102783203125
-0.135452270507812 -0.0831069946289063 0.332183837890625 0.195281982421875
-0.115493774414063 0.0844573974609375 0.230972290039062 0.112503051757813
0.0367889404296875 0.108818054199219 0.218124389648437 0.180023193359375
0.106605529785156 0.0587310791015625 0.292236328125 0.236114501953125
0.0765228271484375 0.0529098510742188 0.301483154296875 0.26129150390625
0.0988311767578125 0.0422286987304688 0.304901123046875 0.3175048828125
0.0583267211914063 0.106117248535156 0.170135498046875 0.32708740234375
-0.0408554077148438 0.11273193359375 0.0262298583984375 0.210006713867188
-0.123725891113281 0.0180587768554688 -0.062042236328125 0.102691650390625
-0.04052734375 -0.107421875 -0.0688247680664063 -0.0758895874023438
0.119514465332031 -0.0462646484375 0.156982421875 -0.283721923828125
0.120262145996094 0.124275207519531 0.336151123046875 -0.144195556640625
-0.2161865234375 0.136077880859375 0.75823974609375 -0.0137939453125
-0.128204345703125 0.020416259765625 0.1976318359375 -0.024139404296875
-0.22235107421875 0.0342559814453125 0.152191162109375 0.319915771484375
-0.23590087890625 0.105972290039063 0.38128662109375 0.224212646484375
-0.1732177734375 0.269241333007813 0.245681762695312 0.070526123046875
0.065460205078125 0.284454345703125 0.195526123046875 0.115966796875
0.19793701171875 0.200088500976563 0.228973388671875 0.1956787109375
0.16827392578125 0.182662963867188 0.233566284179688 0.229812622070313
0.19989013671875 0.143264770507813 0.262542724609375 0.277542114257813
0.117431640625 0.187545776367188 0.15325927734375 0.27423095703125
0.00463867187500001 0.2142333984375 0.029296875 0.17327880859375
-0.108230590820312 0.152664184570313 -0.0344772338867188 0.090423583984375
-0.170867919921875 0.0314483642578125 -0.0652923583984375 -0.0571022033691406
-0.0879669189453125 0.027099609375 0.135711669921875 -0.267654418945313
-0.136444091796875 0.115440368652344 0.312103271484375 -0.135955810546875
-0.498016357421875 0.0812377929687501 0.63671875 0.05078125
-0.429290771484375 0.0606079101562499 0.125526428222656 0.042724609375
-0.455963134765625 0.218536376953125 0.14385986328125 0.3763427734375
-0.319732666015625 0.291778564453125 0.42816162109375 0.21038818359375
-0.20843505859375 0.419586181640625 0.261215209960938 -0.01495361328125
0.080047607421875 0.418609619140625 0.157119750976563 -0.00312805175781247
0.255462646484375 0.31134033203125 0.130340576171875 0.104141235351563
0.23651123046875 0.28753662109375 0.131149291992188 0.164688110351563
0.28326416015625 0.22747802734375 0.188262939453125 0.216262817382813
0.175308227539063 0.257492065429688 0.112197875976563 0.214599609375
0.062530517578125 0.30804443359375 0.010467529296875 0.146087646484375
-0.063385009765625 0.2904052734375 -0.0343780517578125 0.0785980224609375
-0.26666259765625 0.203155517578125 -0.08416748046875 -0.0541763305664062
-0.282745361328125 0.14178466796875 0.0982513427734375 -0.24249267578125
-0.384979248046875 0.118621826171875 0.226699829101562 -0.120819091796875
-0.68865966796875 -0.000671386718750072 0.434173583984375 0.101226806640625
-0.64923095703125 0.0688476562499999 0.0220870971679687 0.126129150390625
-0.6092529296875 0.36016845703125 0.145843505859375 0.399322509765625
-0.3363037109375 0.43255615234375 0.45416259765625 0.149322509765625
-0.192535400390625 0.499847412109375 0.259048461914063 -0.130661010742187
0.091339111328125 0.47467041015625 0.0977783203125 -0.152786254882812
0.27288818359375 0.366546630859375 0.00717449188232424 -0.0175094604492187
0.268829345703125 0.352783203125 0.00827789306640626 0.0743560791015625
0.330474853515625 0.290924072265625 0.0828933715820313 0.138580322265625
0.21453857421875 0.314361572265625 0.0398712158203125 0.14459228515625
0.111846923828125 0.389984130859375 -0.0342788696289062 0.115753173828125
-0.011383056640625 0.419647216796875 -0.061309814453125 0.0623054504394532
-0.3360595703125 0.380645751953125 -0.114967346191406 -0.0595779418945312
-0.4525146484375 0.264984130859375 0.0464324951171875 -0.191024780273437
-0.5965576171875 0.11865234375 0.0798797607421875 -0.0871047973632812
-0.75445556640625 -0.07745361328125 0.19793701171875 0.129165649414063
-0.73388671875 0.0715942382812501 -0.0865325927734375 0.209579467773438
-0.61761474609375 0.43414306640625 0.155303955078125 0.375762939453125
-0.261505126953125 0.4818115234375 0.43450927734375 0.0574951171875
-0.12408447265625 0.476043701171875 0.223846435546875 -0.241119384765625
0.095977783203125 0.436920166015625 0.018463134765625 -0.291473388671875
0.250732421875 0.354827880859375 -0.122573852539062 -0.14166259765625
0.258209228515625 0.36334228515625 -0.118171691894531 -0.026275634765625
0.32513427734375 0.320404052734375 -0.0418472290039062 0.0455360412597656
0.214385986328125 0.34234619140625 -0.0572586059570312 0.058624267578125
0.128143310546875 0.43084716796875 -0.102516174316406 0.0713272094726563
0.020111083984375 0.50079345703125 -0.110763549804688 0.033447265625
-0.38409423828125 0.507537841796875 -0.150131225585938 -0.0712127685546874
-0.5758056640625 0.34844970703125 -0.0186309814453125 -0.115188598632812
-0.73175048828125 0.0990600585937501 -0.1160888671875 -0.0414352416992187
-0.70928955078125 -0.119140625 -0.0247573852539063 0.13885498046875
-0.68359375 0.08251953125 -0.1671142578125 0.2689208984375
-0.4896240234375 0.43194580078125 0.158203125 0.31072998046875
-0.1263427734375 0.4183349609375 0.361175537109375 -0.034088134765625
-0.03857421875 0.349334716796875 0.1585693359375 -0.30902099609375
0.082000732421875 0.3194580078125 -0.066070556640625 -0.380401611328125
0.1942138671875 0.2845458984375 -0.237945556640625 -0.238662719726563
0.208984375 0.315643310546875 -0.228759765625 -0.1229248046875
0.260955810546875 0.303253173828125 -0.166519165039062 -0.05328369140625
0.16607666015625 0.31597900390625 -0.15631103515625 -0.038177490234375
0.10504150390625 0.397918701171875 -0.175521850585938 0.00994873046874999
0.0272216796875 0.498748779296875 -0.171035766601563 -0.0131378173828125
-0.39935302734375 0.539947509765625 -0.18353271484375 -0.0968933105468749
-0.6300048828125 0.34979248046875 -0.0900726318359375 -0.033966064453125
-0.75738525390625 0.0416259765625 -0.336090087890625 0.003387451171875
-0.566650390625 -0.128173828125 -0.196548461914063 0.139144897460937
-0.5322265625 0.103363037109375 -0.20526123046875 0.295684814453125
-0.284149169921875 0.36639404296875 0.14984130859375 0.225692749023438
0.0134735107421875 0.278564453125 0.256057739257813 -0.0944671630859375
0.02593994140625 0.173004150390625 0.08740234375 -0.31866455078125
0.0442047119140625 0.169052124023438 -0.132843017578125 -0.406158447265625
0.106475830078125 0.17938232421875 -0.31805419921875 -0.295654296875
0.125762939453125 0.218017578125 -0.308868408203125 -0.19842529296875
0.15252685546875 0.23052978515625 -0.26446533203125 -0.14483642578125
0.0874786376953125 0.221786499023438 -0.228485107421875 -0.131179809570312
0.0670318603515625 0.280899047851563 -0.229629516601563 -0.056304931640625
0.02703857421875 0.399078369140625 -0.230819702148437 -0.077606201171875
-0.363311767578125 0.47052001953125 -0.203460693359375 -0.146377563476562
-0.59600830078125 0.26214599609375 -0.155181884765625 0.0246734619140625
-0.65667724609375 -0.0434570312499999 -0.545318603515625 0.0284729003906249
-0.361114501953125 -0.109710693359375 -0.30255126953125 0.1383056640625
-0.33148193359375 0.111968994140625 -0.207977294921875 0.296905517578125
-0.080047607421875 0.263198852539063 0.130416870117187 0.144271850585938
0.108497619628906 0.121238708496094 0.1551513671875 -0.116287231445312
0.051177978515625 0.00324630737304688 0.03375244140625 -0.2860107421875
-0.0117740631103516 0.0262203216552734 -0.169708251953125 -0.382843017578125
0.00319290161132813 0.0636711120605469 -0.353729248046875 -0.31280517578125
0.0249557495117188 0.0871658325195313 -0.34375 -0.24383544921875
0.0252914428710937 0.105888366699219 -0.313079833984375 -0.210906982421875
0.0147171020507813 0.0690841674804688 -0.25634765625 -0.194427490234375
0.0531005859375 0.102981567382813 -0.25360107421875 -0.10479736328125
0.0574951171875 0.23406982421875 -0.276336669921875 -0.144775390625
-0.249847412109375 0.328826904296875 -0.207626342773438 -0.214202880859375
-0.443389892578125 0.12255859375 -0.2000732421875 0.0409698486328125
-0.433074951171875 -0.1253662109375 -0.7012939453125 0.0158691406250001
0.119026184082031 0.126983642578125 0.751220703125 -0.11932373046875
0.163970947265625 -0.07794189453125 0.213104248046875 -0.07183837890625
-0.0056610107421875 -0.1612548828125 0.181488037109375 0.227371215820313
-0.143417358398438 -0.070526123046875 0.337188720703125 0.16961669921875
-0.106033325195312 0.0946502685546875 0.231246948242188 0.0940093994140625
0.0460433959960938 0.101737976074219 0.223129272460938 0.1632080078125
0.109794616699219 0.0477676391601562 0.303558349609375 0.216278076171875
0.080078125 0.0449752807617188 0.31329345703125 0.2388916015625
0.100418090820313 0.0320663452148438 0.321563720703125 0.29034423828125
0.0667724609375 0.09991455078125 0.188018798828125 0.310943603515625
-0.031341552734375 0.115913391113281 0.03460693359375 0.204330444335938
-0.122810363769531 0.0281600952148438 -0.0560989379882813 0.1036376953125
-0.0477447509765625 -0.103843688964844 -0.073760986328125 -0.0719757080078125
0.114372253417969 -0.0545806884765625 0.13372802734375 -0.291656494140625
0.13031005859375 0.114578247070313 0.32220458984375 -0.162109375
-0.201278686523438 0.143524169921875 0.7420654296875 -0.06256103515625
-0.128448486328125 0.0238418579101563 0.187515258789063 -0.035125732421875
-0.219390869140625 0.04766845703125 0.171051025390625 0.30810546875
-0.230316162109375 0.120834350585937 0.387420654296875 0.193115234375
-0.151092529296875 0.279373168945313 0.242630004882813 0.0523223876953125
0.0829925537109375 0.273956298828125 0.196121215820313 0.101776123046875
0.207229614257813 0.181427001953125 0.23870849609375 0.180694580078125
0.178192138671875 0.166793823242188 0.244827270507813 0.212539672851563
0.204666137695313 0.124649047851563 0.2767333984375 0.25537109375
0.126846313476563 0.176925659179688 0.167739868164062 0.261062622070312
0.0177154541015625 0.211166381835937 0.035552978515625 0.168472290039063
-0.0992279052734375 0.1572265625 -0.029937744140625 0.0893402099609375
-0.16717529296875 0.0399017333984375 -0.0697097778320313 -0.0531120300292969
-0.0835647583007813 0.0286788940429688 0.1121826171875 -0.275833129882813
-0.123863220214844 0.120552062988281 0.29840087890625 -0.153839111328125
-0.483123779296875 0.106658935546875 0.6258544921875 0.00695800781250001
-0.420684814453125 0.0830078124999999 0.121063232421875 0.0317611694335938
-0.436126708984375 0.24298095703125 0.167266845703125 0.365020751953125
-0.29888916015625 0.3072509765625 0.435150146484375 0.178619384765625
-0.1768798828125 0.428863525390625 0.25262451171875 -0.0318450927734375
0.105560302734375 0.404205322265625 0.15008544921875 -0.0141448974609375
0.269134521484375 0.287933349609375 0.134605407714844 0.0964736938476563
0.251296997070313 0.266876220703125 0.141036987304688 0.155364990234375
0.29095458984375 0.202850341796875 0.198989868164063 0.200271606445313
0.185897827148438 0.24212646484375 0.122970581054688 0.205780029296875
0.078704833984375 0.29833984375 0.01629638671875 0.143722534179688
-0.046722412109375 0.287384033203125 -0.0304718017578125 0.0786666870117188
-0.250228881835938 0.215240478515625 -0.0889053344726563 -0.0482025146484375
-0.26727294921875 0.153152465820313 0.077239990234375 -0.24884033203125
-0.370208740234375 0.1385498046875 0.215652465820312 -0.133590698242187
-0.67767333984375 0.03955078125 0.4307861328125 0.067596435546875
-0.6363525390625 0.10479736328125 0.0238418579101562 0.118812561035156
-0.57464599609375 0.39251708984375 0.173431396484375 0.38751220703125
-0.306732177734375 0.444854736328125 0.456329345703125 0.11761474609375
-0.15460205078125 0.505035400390625 0.244552612304688 -0.14404296875
0.118408203125 0.460113525390625 0.08111572265625 -0.157318115234375
0.2891845703125 0.342498779296875 0.00540447235107424 -0.0154504776000976
0.28741455078125 0.329315185546875 0.0146713256835938 0.0757675170898438
0.34051513671875 0.26312255859375 0.090423583984375 0.13116455078125
0.2265625 0.297027587890625 0.048126220703125 0.141494750976563
0.131378173828125 0.375244140625 -0.0278701782226562 0.117256164550781
0.01190185546875 0.409576416015625 -0.0582771301269531 0.0641899108886719
-0.308502197265625 0.393524169921875 -0.120635986328125 -0.0510482788085938
-0.42547607421875 0.2850341796875 0.0304718017578125 -0.195220947265625
-0.57843017578125 0.15313720703125 0.0739669799804687 -0.0914688110351562
-0.7484130859375 -0.0308227539062501 0.199874877929687 0.109756469726562
-0.71807861328125 0.11328125 -0.0768280029296876 0.207107543945313
-0.57684326171875 0.465576171875 0.180267333984375 0.3642578125
-0.2288818359375 0.4849853515625 0.43182373046875 0.028411865234375
-0.091339111328125 0.474761962890625 0.20379638671875 -0.25048828125
0.1185302734375 0.420989990234375 -0.004730224609375 -0.28857421875
0.265472412109375 0.332763671875 -0.130233764648437 -0.128692626953125
0.27655029296875 0.3409423828125 -0.115745544433594 -0.0154876708984375
0.336334228515625 0.293701171875 -0.0388908386230468 0.0488662719726563
0.22796630859375 0.323577880859375 -0.0535659790039062 0.0633277893066406
0.14910888671875 0.414306640625 -0.0969161987304687 0.0779953002929688
0.05035400390625 0.486663818359375 -0.108207702636719 0.0389938354492188
-0.34613037109375 0.522430419921875 -0.157272338867188 -0.0598907470703125
-0.542327880859375 0.375762939453125 -0.0270614624023438 -0.116714477539062
-0.7158203125 0.1416015625 -0.114891052246094 -0.0332489013671875
-0.7071533203125 -0.0753173828125 -0.0176239013671875 0.133247375488281
-0.6658935546875 0.12200927734375 -0.151870727539062 0.2706298828125
-0.448699951171875 0.45428466796875 0.177978515625 0.300018310546875
-0.09820556640625 0.4129638671875 0.353515625 -0.054840087890625
-0.014739990234375 0.343902587890625 0.13592529296875 -0.3116455078125
0.097503662109375 0.308685302734375 -0.092926025390625 -0.370147705078125
0.203369140625 0.267440795898437 -0.249267578125 -0.216522216796875
0.2236328125 0.29754638671875 -0.230819702148437 -0.102767944335937
0.274871826171875 0.282135009765625 -0.167266845703125 -0.040252685546875
0.179168701171875 0.301971435546875 -0.156951904296875 -0.0268096923828125
0.1256103515625 0.384124755859375 -0.171600341796875 0.022186279296875
0.055694580078125 0.484588623046875 -0.17010498046875 -0.00273132324218744
-0.358978271484375 0.55670166015625 -0.190399169921875 -0.082733154296875
-0.59881591796875 0.38232421875 -0.091033935546875 -0.0319976806640625
-0.74603271484375 0.0877075195312501 -0.327301025390625 0.024932861328125
-0.568359375 -0.0914916992187499 -0.1871337890625 0.144943237304688
-0.5162353515625 0.134307861328125 -0.186279296875 0.30010986328125
-0.2510986328125 0.37811279296875 0.162933349609375 0.214157104492188
0.0311279296875 0.268264770507813 0.247451782226563 -0.106689453125
0.035919189453125 0.166030883789062 0.0660400390625 -0.316070556640625
0.05072021484375 0.163314819335937 -0.160186767578125 -0.3897705078125
0.111648559570313 0.169677734375 -0.3333740234375 -0.267608642578125
0.135147094726563 0.207809448242187 -0.313995361328125 -0.17340087890625
0.162857055664063 0.218612670898438 -0.26953125 -0.12298583984375
0.0955810546875 0.21441650390625 -0.233840942382813 -0.113494873046875
0.0802764892578125 0.2705078125 -0.228103637695313 -0.0407867431640625
0.05145263671875 0.387939453125 -0.23236083984375 -0.0614013671874999
-0.325042724609375 0.486541748046875 -0.212997436523438 -0.129928588867188
-0.56988525390625 0.29522705078125 -0.148941040039063 0.02996826171875
-0.65283203125 -0.00103759765625005 -0.53057861328125 0.0645751953125001
-0.3653564453125 -0.0849914550781249 -0.290924072265625 0.151580810546875
-0.316986083984375 0.131378173828125 -0.1875 0.30224609375
-0.0572662353515625 0.261749267578125 0.137649536132813 0.133193969726563
0.115020751953125 0.107063293457031 0.146484375 -0.1214599609375
0.0490570068359375 -0.00116348266601563 0.01666259765625 -0.280593872070313
-0.0120296478271484 0.0273933410644531 -0.19049072265625 -0.365692138671875
0.00410842895507813 0.0627212524414063 -0.369049072265625 -0.28411865234375
0.0276947021484375 0.085205078125 -0.35101318359375 -0.21661376953125
0.0301361083984375 0.105056762695312 -0.321044921875 -0.184539794921875
0.0149497985839844 0.0684127807617187 -0.264739990234375 -0.174545288085937
0.0554122924804687 0.096405029296875 -0.253646850585938 -0.086151123046875
0.0723419189453125 0.223968505859375 -0.280975341796875 -0.123565673828125
-0.22259521484375 0.3408203125 -0.220596313476562 -0.196884155273438
-0.42926025390625 0.15093994140625 -0.190582275390625 0.0500335693359375
-0.43695068359375 -0.09759521484375 -0.68341064453125 0.0601806640625001
0.122039794921875 0.113906860351563 0.71905517578125 -0.14312744140625
0.152542114257813 -0.08477783203125 0.199417114257812 -0.073822021484375
-0.0157470703125 -0.155609130859375 0.183517456054688 0.213714599609375
-0.146270751953125 -0.0588226318359375 0.329315185546875 0.14727783203125
-0.0960006713867187 0.09930419921875 0.224014282226563 0.0809326171875
0.0508193969726562 0.0939865112304687 0.219451904296875 0.150360107421875
0.109001159667969 0.0379486083984375 0.3035888671875 0.197998046875
0.0805282592773437 0.0382156372070312 0.312774658203125 0.21722412109375
0.0985565185546875 0.0234909057617187 0.324127197265625 0.266021728515625
0.0710220336914063 0.0939254760742188 0.194976806640625 0.2935791015625
-0.0236968994140625 0.116035461425781 0.03765869140625 0.196304321289063
-0.119735717773437 0.0350112915039063 -0.05224609375 0.101287841796875
-0.0515975952148438 -0.0986557006835937 -0.0746688842773438 -0.06817626953125
0.109321594238281 -0.0593795776367187 0.113372802734375 -0.2899169921875
0.1346435546875 0.104080200195313 0.305023193359375 -0.169952392578125
-0.188247680664063 0.142623901367188 0.7095947265625 -0.0909423828125
-0.126792907714844 0.0241165161132813 0.175140380859375 -0.040679931640625
-0.212417602539063 0.05523681640625 0.178619384765625 0.292877197265625
-0.22271728515625 0.12841796875 0.380218505859375 0.1708984375
-0.13238525390625 0.279464721679688 0.232742309570313 0.040740966796875
0.0924224853515625 0.259429931640625 0.188674926757813 0.09088134765625
0.2076416015625 0.164199829101563 0.238525390625 0.16558837890625
0.17938232421875 0.152511596679688 0.246002197265625 0.196792602539062
0.201507568359375 0.109222412109375 0.278152465820313 0.233978271484375
0.130035400390625 0.16595458984375 0.173049926757813 0.24688720703125
0.0258026123046875 0.2049560546875 0.037261962890625 0.162490844726563
-0.092559814453125 0.156967163085938 -0.0271148681640625 0.0868453979492188
-0.161590576171875 0.0445556640625 -0.0716323852539063 -0.0489120483398438
-0.0784683227539063 0.027130126953125 0.0923309326171875 -0.273330688476562
-0.111953735351563 0.119926452636719 0.282135009765625 -0.1605224609375
-0.462860107421875 0.1197509765625 0.60345458984375 -0.02227783203125
-0.407073974609375 0.091766357421875 0.113014221191406 0.0248794555664063
-0.410888671875 0.25286865234375 0.179351806640625 0.348968505859375
-0.2801513671875 0.31036376953125 0.4261474609375 0.154296875
-0.151275634765625 0.42315673828125 0.240737915039063 -0.0413665771484375
0.116363525390625 0.385406494140625 0.138755798339844 -0.0200271606445312
0.269882202148437 0.265884399414062 0.134231567382813 0.089263916015625
0.253463745117188 0.247055053710938 0.143280029296875 0.14593505859375
0.286834716796875 0.181610107421875 0.200607299804688 0.185836791992188
0.187957763671875 0.226882934570313 0.12725830078125 0.194976806640625
0.086639404296875 0.286163330078125 0.019195556640625 0.139030456542969
-0.0363006591796875 0.278610229492188 -0.0283889770507812 0.0763397216796875
-0.234619140625 0.217330932617187 -0.0904922485351563 -0.042327880859375
-0.250732421875 0.154266357421875 0.0596923828125 -0.246566772460938
-0.350128173828125 0.146453857421875 0.202896118164062 -0.137344360351563
-0.65411376953125 0.06072998046875 0.41632080078125 0.04437255859375
-0.614501953125 0.121337890625 0.021881103515625 0.110984802246094
-0.537506103515625 0.403411865234375 0.186920166015625 0.37255859375
-0.28082275390625 0.442657470703125 0.44561767578125 0.094268798828125
-0.128448486328125 0.494873046875 0.2286376953125 -0.148956298828125
0.1309814453125 0.43798828125 0.0665435791015625 -0.155990600585937
0.289154052734375 0.317962646484375 0.00375461578369142 -0.0127525329589844
0.290191650390625 0.307098388671875 0.0183486938476563 0.0745697021484375
0.336273193359375 0.23809814453125 0.093048095703125 0.123794555664063
0.229293823242188 0.279251098632813 0.0516891479492188 0.136581420898438
0.13897705078125 0.358184814453125 -0.0240936279296875 0.115470886230469
0.025360107421875 0.392120361328125 -0.0550155639648438 0.0633544921875
-0.28265380859375 0.392333984375 -0.122207641601563 -0.042694091796875
-0.398468017578125 0.288787841796875 0.01806640625 -0.193634033203125
-0.553619384765625 0.167999267578125 0.068603515625 -0.090545654296875
-0.7261962890625 -0.00164794921875004 0.194168090820312 0.0941619873046875
-0.692138671875 0.133544921875 -0.0722808837890626 0.199600219726563
-0.535675048828125 0.47320556640625 0.1925048828125 0.3485107421875
-0.202423095703125 0.474822998046875 0.4190673828125 0.010650634765625
-0.067535400390625 0.4622802734375 0.186065673828125 -0.24847412109375
0.12835693359375 0.40252685546875 -0.0219573974609375 -0.278823852539063
0.267059326171875 0.3099365234375 -0.131736755371094 -0.116493225097656
0.28082275390625 0.3187255859375 -0.110626220703125 -0.00836944580078123
0.334381103515625 0.27008056640625 -0.0351715087890625 0.0500068664550781
0.2291259765625 0.306549072265625 -0.0488319396972656 0.06500244140625
0.15771484375 0.394073486328125 -0.0909652709960938 0.0809097290039063
0.06536865234375 0.465057373046875 -0.10430908203125 0.0417327880859375
-0.313201904296875 0.518707275390625 -0.157562255859375 -0.04937744140625
-0.50970458984375 0.382720947265625 -0.0334548950195313 -0.115066528320313
-0.68743896484375 0.16619873046875 -0.109939575195313 -0.0269393920898437
-0.68914794921875 -0.0463867187499999 -0.0150222778320313 0.124969482421875
-0.64093017578125 0.14190673828125 -0.141311645507813 0.264541625976563
-0.41094970703125 0.454864501953125 0.18634033203125 0.285736083984375
-0.077178955078125 0.398223876953125 0.341156005859375 -0.066619873046875
-0.00103759765625001 0.330902099609375 0.119873046875 -0.30474853515625
0.10308837890625 0.2933349609375 -0.108001708984375 -0.353485107421875
0.202621459960938 0.251296997070313 -0.249664306640625 -0.19598388671875
0.2269287109375 0.280014038085937 -0.225067138671875 -0.0876770019531249
0.274063110351563 0.2623291015625 -0.163314819335937 -0.0305023193359375
0.180572509765625 0.287139892578125 -0.1529541015625 -0.0179901123046875
0.13226318359375 0.365478515625 -0.164443969726562 0.02935791015625
0.0706787109375001 0.4630126953125 -0.16558837890625 0.00366210937500004
-0.32476806640625 0.553253173828125 -0.1912841796875 -0.0696258544921875
-0.5648193359375 0.3919677734375 -0.0892715454101563 -0.0310134887695312
-0.72064208984375 0.11309814453125 -0.31182861328125 0.038299560546875
-0.557159423828125 -0.0651855468750001 -0.177719116210938 0.143280029296875
-0.494140625 0.148895263671875 -0.171783447265625 0.294891357421875
-0.2225341796875 0.373321533203125 0.16717529296875 0.201675415039063
0.041259765625 0.252059936523438 0.236663818359375 -0.111968994140625
0.04010009765625 0.156005859375 0.052703857421875 -0.30523681640625
0.05218505859375 0.156036376953125 -0.171112060546875 -0.369964599609375
0.110198974609375 0.160430908203125 -0.331787109375 -0.2420654296875
0.137222290039063 0.196823120117188 -0.307952880859375 -0.15216064453125
0.164031982421875 0.206253051757813 -0.264907836914063 -0.106063842773438
0.09722900390625 0.205780029296875 -0.230636596679688 -0.0999450683593749
0.08447265625 0.257171630859375 -0.220550537109375 -0.0287933349609375
0.0653076171875 0.368194580078125 -0.227447509765625 -0.0499114990234375
-0.29510498046875 0.484619140625 -0.213699340820313 -0.115203857421875
-0.53973388671875 0.309539794921875 -0.140899658203125 0.0313568115234375
-0.63543701171875 0.0225830078125 -0.5047607421875 0.08392333984375
-0.359405517578125 -0.06640625 -0.2784423828125 0.15447998046875
-0.3004150390625 0.13946533203125 -0.17144775390625 0.29803466796875
-0.0404815673828125 0.252517700195312 0.138275146484375 0.123153686523438
0.115509033203125 0.093719482421875 0.138671875 -0.121742248535156
0.0455474853515625 -0.00507354736328125 0.00744628906250003 -0.269027709960938
-0.0131034851074219 0.02838134765625 -0.199188232421875 -0.34332275390625
0.00353622436523437 0.0614547729492188 -0.367706298828125 -0.256195068359375
0.0286788940429688 0.0830078125 -0.346282958984375 -0.193634033203125
0.0328445434570312 0.102676391601563 -0.317413330078125 -0.16302490234375
0.0132293701171875 0.0669288635253906 -0.262680053710937 -0.157699584960938
0.0541458129882813 0.089630126953125 -0.246902465820312 -0.07330322265625
0.0797576904296875 0.209823608398438 -0.277389526367188 -0.106796264648438
-0.198638916015625 0.340301513671875 -0.222671508789062 -0.179580688476563
-0.410552978515625 0.165985107421875 -0.178375244140625 0.052093505859375
-0.4298095703125 -0.0776977539062499 -0.6533203125 0.0881347656249999
0.120941162109375 0.105766296386719 0.69305419921875 -0.14801025390625
0.143783569335938 -0.0865020751953125 0.191390991210938 -0.071044921875
-0.020538330078125 -0.149215698242188 0.18017578125 0.207061767578125
-0.146377563476563 -0.0496673583984375 0.319915771484375 0.137908935546875
-0.0888748168945312 0.100395202636719 0.214340209960938 0.07598876953125
0.0528182983398438 0.0875473022460938 0.212600708007813 0.145034790039063
0.106803894042969 0.0319137573242188 0.298004150390625 0.187835693359375
0.0792160034179688 0.0333480834960938 0.30609130859375 0.205169677734375
0.0953598022460938 0.018402099609375 0.318756103515625 0.25128173828125
0.073577880859375 0.0895462036132813 0.193939208984375 0.28192138671875
-0.0189971923828125 0.115921020507813 0.0358428955078125 0.18988037109375
-0.117408752441406 0.0383834838867188 -0.0506973266601563 0.0985946655273437
-0.053497314453125 -0.0951995849609375 -0.074676513671875 -0.0662155151367188
0.10565185546875 -0.0624313354492188 0.10260009765625 -0.2850341796875
0.135520935058594 0.0969390869140625 0.293182373046875 -0.1693115234375
-0.180435180664063 0.137771606445313 0.6854248046875 -0.09906005859375
-0.126510620117188 0.0225372314453125 0.166549682617188 -0.039825439453125
-0.207260131835938 0.057037353515625 0.179229736328125 0.283843994140625
-0.21856689453125 0.13153076171875 0.3709716796875 0.158843994140625
-0.1221923828125 0.27606201171875 0.22344970703125 0.0362396240234375
0.09429931640625 0.24774169921875 0.179656982421875 0.08709716796875
0.203216552734375 0.153640747070313 0.2349853515625 0.1585693359375
0.17779541015625 0.144622802734375 0.2421875 0.187210083007812
0.1961669921875 0.100540161132813 0.273941040039062 0.222503662109375
0.129470825195313 0.15899658203125 0.172027587890625 0.2376708984375
0.0283203125 0.20001220703125 0.034820556640625 0.15765380859375
-0.089813232421875 0.154495239257813 -0.0266571044921875 0.0839614868164063
-0.157791137695313 0.045654296875 -0.0720291137695313 -0.0459671020507813
-0.0748977661132813 0.0230178833007813 0.081085205078125 -0.269241333007813
-0.104545593261719 0.114982604980469 0.27081298828125 -0.159133911132813
-0.448150634765625 0.118743896484375 0.580078125 -0.03033447265625
-0.399261474609375 0.0914306640625 0.104888916015625 0.021636962890625
-0.395538330078125 0.251373291015625 0.182403564453125 0.33917236328125
-0.27197265625 0.305999755859375 0.414825439453125 0.1417236328125
-0.139007568359375 0.415924072265625 0.229766845703125 -0.04315185546875
0.11767578125 0.3704833984375 0.128829956054687 -0.0200729370117187
0.2637939453125 0.252227783203125 0.131515502929688 0.0861663818359375
0.249786376953125 0.235397338867188 0.14202880859375 0.140716552734375
0.2789306640625 0.169631958007813 0.198348999023438 0.177322387695313
0.184738159179688 0.218551635742188 0.126068115234375 0.189071655273437
0.08709716796875 0.27606201171875 0.0177764892578125 0.136314392089844
-0.0345916748046875 0.269989013671875 -0.02752685546875 0.0738754272460938
-0.226058959960938 0.213653564453125 -0.0910415649414063 -0.038299560546875
-0.239822387695313 0.147979736328125 0.0493621826171875 -0.242355346679687
-0.336883544921875 0.146026611328125 0.195175170898437 -0.13568115234375
-0.6353759765625 0.0656738281249998 0.4013671875 0.03411865234375
-0.598876953125 0.1251220703125 0.0169677734375 0.106025695800781
-0.51416015625 0.398284912109375 0.190765380859375 0.36114501953125
-0.26873779296875 0.432403564453125 0.4345703125 0.08380126953125
-0.115875244140625 0.484283447265625 0.218307495117188 -0.147079467773437
0.1328125 0.422210693359375 0.0567474365234375 -0.151443481445312
0.283416748046875 0.30316162109375 0.00324916839599611 -0.0108423233032226
0.286895751953125 0.29315185546875 0.0199127197265625 0.0733108520507813
0.327484130859375 0.22540283203125 0.0924072265625 0.119926452636719
0.223953247070313 0.267242431640625 0.0530471801757813 0.133087158203125
0.13775634765625 0.345611572265625 -0.0228805541992187 0.114051818847656
0.02685546875 0.378662109375 -0.0533905029296875 0.0625953674316407
-0.26983642578125 0.3841552734375 -0.122108459472656 -0.0370254516601562
-0.38104248046875 0.281158447265625 0.01019287109375 -0.19024658203125
-0.53472900390625 0.169921875 0.0667343139648437 -0.0888519287109375
-0.70733642578125 0.00604248046874992 0.186874389648437 0.0845794677734375
-0.6729736328125 0.13787841796875 -0.0741729736328125 0.192733764648437
-0.508941650390625 0.466644287109375 0.196044921875 0.33819580078125
-0.192474365234375 0.4615478515625 0.408599853515625 0.00384521484375003
-0.05865478515625 0.449005126953125 0.176971435546875 -0.243392944335938
0.127044677734375 0.386383056640625 -0.0300750732421875 -0.268951416015625
0.259368896484375 0.2967529296875 -0.130241394042969 -0.108383178710938
0.276519775390625 0.307098388671875 -0.106338500976562 -0.00440979003906247
0.32550048828125 0.2567138671875 -0.033294677734375 0.0511245727539063
0.224639892578125 0.295684814453125 -0.0465888977050781 0.064910888671875
0.15673828125 0.380035400390625 -0.0879440307617187 0.0814285278320313
0.067901611328125 0.447235107421875 -0.101318359375 0.0421524047851563
-0.29693603515625 0.509033203125 -0.156661987304688 -0.0420989990234375
-0.489044189453125 0.375 -0.0357284545898438 -0.114051818847656
-0.66656494140625 0.16815185546875 -0.104660034179688 -0.024261474609375
-0.6708984375 -0.0361938476562501 -0.0159454345703125 0.11737060546875
-0.6221923828125 0.145751953125 -0.1395263671875 0.256744384765625
-0.3890380859375 0.44610595703125 0.187637329101562 0.2769775390625
-0.069427490234375 0.382965087890625 0.3314208984375 -0.0693359375
0.00378417968750003 0.319244384765625 0.112518310546875 -0.29595947265625
0.10113525390625 0.282867431640625 -0.113922119140625 -0.33990478515625
0.196365356445313 0.240982055664063 -0.24554443359375 -0.18328857421875
0.224517822265625 0.27056884765625 -0.218002319335938 -0.0800933837890625
0.268020629882813 0.251693725585938 -0.158294677734375 -0.0251312255859375
0.176345825195312 0.27789306640625 -0.148345947265625 -0.0141754150390625
0.130889892578125 0.352508544921875 -0.158782958984375 0.0322418212890626
0.074798583984375 0.44573974609375 -0.161407470703125 0.00675964355468751
-0.304840087890625 0.54364013671875 -0.1883544921875 -0.060943603515625
-0.54132080078125 0.389312744140625 -0.0870819091796875 -0.0315628051757812
-0.7012939453125 0.11846923828125 -0.298431396484375 0.041717529296875
-0.545166015625 -0.056121826171875 -0.173309326171875 0.1380615234375
-0.47894287109375 0.15087890625 -0.16741943359375 0.288360595703125
-0.206207275390625 0.363525390625 0.166488647460938 0.194625854492188
0.04498291015625 0.2384033203125 0.229278564453125 -0.1112060546875
0.0401763916015625 0.14886474609375 0.049102783203125 -0.295166015625
0.0494842529296875 0.151107788085938 -0.174407958984375 -0.355316162109375
0.10577392578125 0.155075073242188 -0.326141357421875 -0.226715087890625
0.135391235351563 0.19122314453125 -0.2989501953125 -0.14190673828125
0.160980224609375 0.199874877929688 -0.258209228515625 -0.09716796875
0.0938568115234375 0.200347900390625 -0.225341796875 -0.0929718017578125
0.0827178955078125 0.248153686523438 -0.213043212890625 -0.02410888671875
0.0675048828125 0.353118896484375 -0.221771240234375 -0.0438690185546875
-0.277252197265625 0.47589111328125 -0.211410522460938 -0.10540771484375
-0.520355224609375 0.308929443359375 -0.13421630859375 0.029052734375
-0.61968994140625 0.0306396484374999 -0.484344482421875 0.0887145996093751
-0.35186767578125 -0.05828857421875 -0.270889282226563 0.15093994140625
-0.289398193359375 0.139678955078125 -0.166046142578125 0.291290283203125
-0.031524658203125 0.24285888671875 0.13525390625 0.118049621582031
0.113304138183594 0.0838623046875 0.134880065917969 -0.118804931640625
0.0423507690429688 -0.0077056884765625 0.00607299804687503 -0.260040283203125
-0.0145225524902344 0.0287837982177734 -0.19903564453125 -0.329803466796875
0.000968933105468746 0.0605621337890625 -0.359100341796875 -0.23980712890625
0.027069091796875 0.0819854736328125 -0.336639404296875 -0.180206298828125
0.0321884155273438 0.102348327636719 -0.309356689453125 -0.15277099609375
0.0104598999023438 0.0663719177246094 -0.257858276367188 -0.1497802734375
0.0510025024414062 0.0853729248046875 -0.238784790039062 -0.06732177734375
0.080718994140625 0.19970703125 -0.270767211914063 -0.0986633300781249
-0.1851806640625 0.335296630859375 -0.220016479492188 -0.168853759765625
-0.39642333984375 0.1695556640625 -0.168930053710938 0.0503692626953125
-0.42181396484375 -0.0702209472656249 -0.626953125 0.0930786132812499
0.120468139648438 0.10321044921875 0.6844482421875 -0.14642333984375
0.13946533203125 -0.0878372192382813 0.188446044921875 -0.067657470703125
-0.02276611328125 -0.147369384765625 0.178741455078125 0.207168579101563
-0.147842407226563 -0.0436859130859375 0.31597900390625 0.13592529296875
-0.0849685668945312 0.101905822753906 0.209014892578125 0.0759735107421875
0.0538787841796875 0.0828781127929688 0.208053588867188 0.14630126953125
0.106124877929688 0.0277328491210938 0.296783447265625 0.185943603515625
0.0785980224609375 0.0311050415039063 0.302093505859375 0.202423095703125
0.093597412109375 0.0156326293945313 0.31756591796875 0.247161865234375
0.0766525268554688 0.0872955322265625 0.193206787109375 0.2794189453125
-0.0159530639648438 0.117095947265625 0.031829833984375 0.188934326171875
-0.118400573730469 0.0421218872070313 -0.051788330078125 0.0973892211914063
-0.0556106567382812 -0.093902587890625 -0.0754013061523438 -0.0662918090820312
0.105171203613281 -0.0657577514648437 0.0968017578125 -0.28466796875
0.137451171875 0.092926025390625 0.28924560546875 -0.167877197265625
-0.179244995117188 0.134475708007812 0.67791748046875 -0.09771728515625
-0.129447937011719 0.0199508666992187 0.1617431640625 -0.038482666015625
-0.206573486328125 0.056640625 0.17864990234375 0.28350830078125
-0.218887329101563 0.134811401367188 0.367034912109375 0.15582275390625
-0.118118286132812 0.275588989257812 0.218597412109375 0.0361175537109375
0.0933074951171875 0.24285888671875 0.174148559570312 0.088958740234375
0.201004028320312 0.149612426757813 0.232574462890625 0.156997680664063
0.17596435546875 0.14141845703125 0.240081787109375 0.185562133789063
0.192428588867188 0.097412109375 0.27386474609375 0.219833374023438
0.130035400390625 0.156967163085938 0.1712646484375 0.234786987304688
0.0298919677734375 0.1993408203125 0.0318450927734375 0.157363891601563
-0.0915679931640625 0.1549072265625 -0.0275726318359375 0.083038330078125
-0.157791137695313 0.045379638671875 -0.0727767944335938 -0.04486083984375
-0.07373046875 0.017913818359375 0.075286865234375 -0.268310546875
-0.102043151855469 0.111953735351563 0.266983032226563 -0.157867431640625
-0.446197509765625 0.115264892578125 0.57269287109375 -0.03424072265625
-0.399017333984375 0.0886230468749999 0.0985336303710937 0.0216598510742188
-0.39178466796875 0.2490234375 0.18463134765625 0.338348388671875
-0.271484375 0.305633544921875 0.413055419921875 0.13934326171875
-0.135345458984375 0.41424560546875 0.225830078125 -0.042388916015625
0.11602783203125 0.364471435546875 0.122322082519531 -0.0178909301757812
0.260421752929688 0.247955322265625 0.129608154296875 0.0858154296875
0.248306274414063 0.232711791992187 0.141006469726563 0.139984130859375
0.273895263671875 0.166915893554688 0.197341918945313 0.176010131835938
0.183074951171875 0.216323852539063 0.126129150390625 0.187545776367188
0.08599853515625 0.274307250976563 0.0155792236328125 0.135887145996094
-0.03704833984375 0.267303466796875 -0.0284805297851563 0.0728912353515625
-0.224578857421875 0.212631225585938 -0.0914077758789063 -0.0346298217773437
-0.237319946289062 0.141494750976563 0.0443115234375 -0.24212646484375
-0.33355712890625 0.14190673828125 0.192581176757812 -0.134567260742187
-0.63134765625 0.0609130859375 0.393951416015625 0.032257080078125
-0.59893798828125 0.12188720703125 0.00982666015624995 0.103569030761719
-0.507781982421875 0.39422607421875 0.192657470703125 0.359161376953125
-0.266815185546875 0.427886962890625 0.432220458984375 0.082550048828125
-0.113433837890625 0.480621337890625 0.215103149414062 -0.145736694335937
0.127532958984375 0.41680908203125 0.05078125 -0.147979736328125
0.278350830078125 0.299957275390625 0.00198745727539064 -0.0093116760253906
0.285308837890625 0.29083251953125 0.020660400390625 0.074249267578125
0.322784423828125 0.222259521484375 0.0928726196289063 0.119728088378906
0.219589233398438 0.2666015625 0.0526809692382813 0.132614135742188
0.135650634765625 0.341888427734375 -0.0237960815429687 0.115249633789063
0.024505615234375 0.373779296875 -0.0538749694824219 0.0620841979980469
-0.2667236328125 0.381866455078125 -0.122428894042969 -0.0325164794921875
-0.376953125 0.273468017578125 0.00718688964843747 -0.1907958984375
-0.532135009765625 0.167633056640625 0.0672607421875 -0.0867538452148437
-0.70416259765625 0.00250244140625002 0.181350708007812 0.0807342529296875
-0.6737060546875 0.13543701171875 -0.0801086425781251 0.190322875976563
-0.50390625 0.4610595703125 0.197662353515625 0.337249755859375
-0.189788818359375 0.45513916015625 0.404815673828125 0.00436401367187503
-0.056427001953125 0.4439697265625 0.175140380859375 -0.240737915039063
0.1226806640625 0.38287353515625 -0.0346221923828125 -0.264556884765625
0.254241943359375 0.29534912109375 -0.13006591796875 -0.105064392089844
0.27569580078125 0.30450439453125 -0.103965759277344 -0.00270843505859374
0.3218994140625 0.254364013671875 -0.03179931640625 0.0517082214355469
0.219635009765625 0.293914794921875 -0.0455055236816406 0.0654487609863281
0.152984619140625 0.377593994140625 -0.0865402221679687 0.0826187133789063
0.06536865234375 0.440643310546875 -0.100631713867187 0.0423049926757813
-0.292022705078125 0.505950927734375 -0.156661987304688 -0.037506103515625
-0.481689453125 0.370452880859375 -0.0373077392578125 -0.115608215332031
-0.663330078125 0.16729736328125 -0.101364135742188 -0.0230255126953125
-0.66778564453125 -0.0376586914062498 -0.0188674926757813 0.112861633300781
-0.62225341796875 0.143310546875 -0.144943237304688 0.254379272460937
-0.382110595703125 0.440338134765625 0.188430786132812 0.275405883789063
-0.06842041015625 0.37481689453125 0.329742431640625 -0.069000244140625
0.00399780273437501 0.31390380859375 0.112548828125 -0.292144775390625
0.095977783203125 0.280380249023438 -0.116180419921875 -0.33489990234375
0.190231323242188 0.240676879882813 -0.244049072265625 -0.178619384765625
0.222412109375 0.26910400390625 -0.214599609375 -0.077301025390625
0.264129638671875 0.250640869140625 -0.155715942382812 -0.0226287841796875
0.171173095703125 0.277816772460938 -0.147430419921875 -0.01312255859375
0.126708984375 0.34979248046875 -0.156219482421875 0.033355712890625
0.07275390625 0.437591552734375 -0.159896850585938 0.00712585449218749
-0.30133056640625 0.54071044921875 -0.187591552734375 -0.0561981201171875
-0.535614013671875 0.384521484375 -0.0863571166992188 -0.0338134765625
-0.7000732421875 0.11749267578125 -0.292755126953125 0.04156494140625
-0.541839599609375 -0.0539245605468749 -0.174896240234375 0.133270263671875
-0.477081298828125 0.150177001953125 -0.1715087890625 0.28546142578125
-0.201507568359375 0.35723876953125 0.165847778320313 0.194107055664063
0.044219970703125 0.230743408203125 0.227752685546875 -0.110061645507812
0.0388641357421875 0.145294189453125 0.04962158203125 -0.291595458984375
0.0455169677734375 0.150588989257813 -0.17437744140625 -0.3494873046875
0.100555419921875 0.155258178710938 -0.32232666015625 -0.220245361328125
0.1339111328125 0.191055297851563 -0.294342041015625 -0.1380615234375
0.1590576171875 0.200180053710938 -0.254318237304688 -0.0937957763671874
0.08953857421875 0.201202392578125 -0.223648071289063 -0.0917510986328125
0.07879638671875 0.24554443359375 -0.209823608398438 -0.0229034423828125
0.067657470703125 0.3468017578125 -0.2198486328125 -0.0418701171875
-0.2708740234375 0.474945068359375 -0.210433959960938 -0.101181030273437
-0.5152587890625 0.308258056640625 -0.131126403808594 0.0255813598632813
-0.61865234375 0.0305786132812499 -0.475830078125 0.087615966796875
-0.35125732421875 -0.055816650390625 -0.27130126953125 0.1468505859375
-0.287750244140625 0.139678955078125 -0.16796875 0.290496826171875
-0.0286102294921875 0.23748779296875 0.133712768554688 0.117332458496094
0.112258911132813 0.077911376953125 0.133773803710938 -0.117439270019531
0.0403366088867187 -0.00906753540039063 0.00735473632812498 -0.256301879882813
-0.0169811248779297 0.0302886962890625 -0.198883056640625 -0.32574462890625
-0.0019073486328125 0.0620574951171875 -0.354949951171875 -0.234405517578125
0.0257492065429688 0.0826797485351563 -0.33074951171875 -0.176849365234375
0.0319595336914062 0.103561401367188 -0.305877685546875 -0.1485595703125
0.00606536865234374 0.0681304931640625 -0.255935668945313 -0.148544311523438
0.0479278564453125 0.0836181640625 -0.234390258789063 -0.0660400390625
0.080474853515625 0.193984985351563 -0.268753051757813 -0.095611572265625
-0.1798095703125 0.334686279296875 -0.218673706054688 -0.164596557617188
-0.3946533203125 0.1715087890625 -0.164093017578125 0.0464324951171875
-0.422637939453125 -0.0704956054687501 -0.61724853515625 0.0917968749999999
0.124214172363281 0.102943420410156 0.693115234375 -0.15185546875
0.138290405273438 -0.0924758911132813 0.190948486328125 -0.067626953125
-0.0266265869140625 -0.148818969726563 0.183059692382813 0.211013793945313
-0.15252685546875 -0.0374603271484375 0.3211669921875 0.134246826171875
-0.0827713012695313 0.106285095214844 0.210220336914063 0.076568603515625
0.05584716796875 0.080902099609375 0.210601806640625 0.149826049804688
0.108589172363281 0.0232009887695313 0.302825927734375 0.18524169921875
0.0803909301757812 0.029327392578125 0.309326171875 0.20330810546875
0.0943222045898438 0.0129165649414063 0.325103759765625 0.24688720703125
0.0821914672851563 0.0860977172851563 0.200103759765625 0.2816162109375
-0.0115585327148437 0.121696472167969 0.030120849609375 0.192718505859375
-0.121162414550781 0.0474777221679687 -0.0532455444335938 0.0992050170898438
-0.0589828491210937 -0.0949478149414063 -0.0786819458007813 -0.0672988891601563
0.1053466796875 -0.0717086791992188 0.09124755859375 -0.29144287109375
0.142868041992188 0.09130859375 0.290863037109375 -0.172393798828125
-0.181289672851563 0.135848999023438 0.6839599609375 -0.10504150390625
-0.13519287109375 0.01947021484375 0.161651611328125 -0.039093017578125
-0.211044311523438 0.0591583251953125 0.186553955078125 0.288848876953125
-0.223297119140625 0.14300537109375 0.375213623046875 0.153167724609375
-0.1153564453125 0.282257080078125 0.219558715820313 0.03546142578125
0.096099853515625 0.243698120117188 0.174224853515625 0.09228515625
0.2037353515625 0.147552490234375 0.237274169921875 0.158309936523438
0.180404663085937 0.141494750976563 0.24481201171875 0.187057495117188
0.194366455078125 0.0957183837890625 0.28021240234375 0.219573974609375
0.13543701171875 0.157684326171875 0.17730712890625 0.237213134765625
0.0335540771484375 0.203582763671875 0.029815673828125 0.160690307617187
-0.09381103515625 0.160369873046875 -0.0280075073242188 0.0839385986328125
-0.16094970703125 0.0474395751953125 -0.0750350952148438 -0.0435943603515625
-0.0753402709960938 0.0135498046875 0.069000244140625 -0.27410888671875
-0.101325988769531 0.112030029296875 0.269271850585938 -0.162185668945313
-0.453460693359375 0.117095947265625 0.5789794921875 -0.03814697265625
-0.409393310546875 0.0917053222656251 0.0961761474609375 0.0213165283203125
-0.3973388671875 0.254058837890625 0.19342041015625 0.343231201171875
-0.2745361328125 0.314666748046875 0.42138671875 0.136474609375
-0.132171630859375 0.422943115234375 0.226837158203125 -0.045074462890625
0.118804931640625 0.368499755859375 0.120330810546875 -0.0156173706054687
0.263656616210938 0.249557495117188 0.131309509277344 0.0875930786132813
0.254806518554688 0.2333984375 0.14459228515625 0.142379760742188
0.277420043945313 0.166259765625 0.203598022460938 0.177017211914063
0.18756103515625 0.21783447265625 0.130569458007813 0.189422607421875
0.0894622802734375 0.278656005859375 0.0152511596679687 0.139328002929688
-0.0384521484375 0.272171020507813 -0.028564453125 0.0736770629882813
-0.226394653320312 0.217483520507813 -0.093780517578125 -0.0320587158203125
-0.240676879882813 0.138748168945312 0.038421630859375 -0.246536254882813
-0.337249755859375 0.145294189453125 0.1947021484375 -0.136764526367188
-0.64306640625 0.063720703125 0.3974609375 0.027557373046875
-0.6112060546875 0.12628173828125 0.00527954101562497 0.105697631835938
-0.512237548828125 0.40283203125 0.203216552734375 0.364776611328125
-0.268157958984375 0.436370849609375 0.441070556640625 0.07965087890625
-0.10955810546875 0.48724365234375 0.216827392578125 -0.149505615234375
0.1307373046875 0.42156982421875 0.0461578369140625 -0.147933959960937
0.281494140625 0.303802490234375 0.000885963439941423 -0.00741672515869139
0.292266845703125 0.29302978515625 0.0219879150390625 0.0769805908203125
0.3297119140625 0.223114013671875 0.0970611572265625 0.121475219726563
0.223434448242187 0.269866943359375 0.0550918579101563 0.134803771972656
0.138458251953125 0.34564208984375 -0.0236892700195312 0.118759155273438
0.02423095703125 0.376129150390625 -0.0541458129882812 0.0636825561523438
-0.267120361328125 0.390289306640625 -0.124237060546875 -0.0277557373046875
-0.381439208984375 0.276580810546875 0.00248718261718748 -0.195205688476562
-0.538818359375 0.1734619140625 0.0696029663085937 -0.0883941650390625
-0.717041015625 0.00689697265625009 0.182205200195312 0.0775604248046875
-0.6856689453125 0.14227294921875 -0.0863800048828125 0.194320678710938
-0.50482177734375 0.471282958984375 0.206268310546875 0.3416748046875
-0.188995361328125 0.459808349609375 0.41357421875 -0.000152587890624972
-0.053466796875 0.44970703125 0.17626953125 -0.245437622070312
0.124786376953125 0.387908935546875 -0.0406341552734375 -0.266189575195313
0.255859375 0.299468994140625 -0.133537292480469 -0.103263854980469
0.28314208984375 0.30718994140625 -0.104896545410156 0.000404357910156265
0.3275146484375 0.2562255859375 -0.0298194885253906 0.0539779663085938
0.22314453125 0.299224853515625 -0.0457420349121094 0.0677947998046875
0.156097412109375 0.3819580078125 -0.086151123046875 0.0858001708984375
0.066925048828125 0.444732666015625 -0.102195739746094 0.0441131591796875
-0.292083740234375 0.5179443359375 -0.159088134765625 -0.032257080078125
-0.48681640625 0.375396728515625 -0.039947509765625 -0.119155883789062
-0.6763916015625 0.17474365234375 -0.0999755859375 -0.0223617553710938
-0.6827392578125 -0.0339965820312501 -0.0217285156250001 0.111564636230469
-0.63323974609375 0.15155029296875 -0.150833129882813 0.260833740234375
-0.380950927734375 0.449432373046875 0.195907592773437 0.280105590820313
-0.066650390625 0.375762939453125 0.335296630859375 -0.07183837890625
0.00643920898437503 0.315673828125 0.1138916015625 -0.2977294921875
0.09576416015625 0.284698486328125 -0.1231689453125 -0.336212158203125
0.19061279296875 0.24560546875 -0.249069213867187 -0.176620483398437
0.228530883789063 0.272933959960938 -0.218017578125 -0.0751647949218749
0.269668579101563 0.25384521484375 -0.156845092773438 -0.01983642578125
0.173492431640625 0.28387451171875 -0.149612426757813 -0.011322021484375
0.12750244140625 0.3544921875 -0.156997680664062 0.03643798828125
0.075347900390625 0.44134521484375 -0.161834716796875 0.00938415527343755
-0.297149658203125 0.554931640625 -0.190353393554688 -0.0511169433593749
-0.54058837890625 0.393890380859375 -0.0879058837890625 -0.0365066528320312
-0.7137451171875 0.12554931640625 -0.29351806640625 0.044891357421875
-0.554534912109375 -0.0511474609375 -0.179428100585938 0.134033203125
-0.4857177734375 0.157073974609375 -0.176300048828125 0.293212890625
-0.199066162109375 0.362335205078125 0.170852661132813 0.196640014648438
0.045867919921875 0.228363037109375 0.231124877929687 -0.113128662109375
0.040069580078125 0.143692016601563 0.050384521484375 -0.2952880859375
0.0439453125 0.153961181640625 -0.18157958984375 -0.3511962890625
0.0992431640625 0.160140991210938 -0.327484130859375 -0.21978759765625
0.137176513671875 0.194351196289062 -0.2982177734375 -0.137054443359375
0.16357421875 0.204421997070312 -0.25762939453125 -0.09149169921875
0.0889892578125 0.207046508789063 -0.228469848632813 -0.0910491943359375
0.0786590576171875 0.249725341796875 -0.211166381835938 -0.0207824707031249
0.07000732421875 0.348297119140625 -0.223495483398438 -0.0392913818359374
-0.268402099609375 0.48614501953125 -0.21453857421875 -0.097259521484375
-0.520782470703125 0.317138671875 -0.131515502929688 0.0229415893554688
-0.632080078125 0.0357666015624999 -0.478240966796875 0.0924072265624999
-0.359100341796875 -0.053466796875 -0.277206420898438 0.149139404296875
-0.29278564453125 0.14532470703125 -0.17144775390625 0.299163818359375
-0.024810791015625 0.238571166992188 0.136131286621094 0.118698120117188
0.113800048828125 0.0732345581054687 0.135429382324219 -0.119155883789063
0.0396080017089844 -0.0117950439453125 0.00794982910156248 -0.259872436523438
-0.0193729400634766 0.0327415466308594 -0.204193115234375 -0.327423095703125
-0.0053558349609375 0.0651206970214844 -0.361175537109375 -0.233978271484375
0.025390625 0.0854034423828125 -0.33740234375 -0.17572021484375
0.0328216552734375 0.107383728027344 -0.31024169921875 -0.14697265625
0.00379180908203124 0.0719833374023438 -0.261672973632813 -0.149002075195313
0.0460739135742187 0.0840682983398437 -0.236526489257812 -0.065765380859375
0.0824127197265625 0.193130493164063 -0.27362060546875 -0.0930938720703125
-0.175689697265625 0.34356689453125 -0.223358154296875 -0.163528442382813
-0.39923095703125 0.179779052734375 -0.163177490234375 0.0444183349609375
-0.434112548828125 -0.068603515625 -0.6224365234375 0.0973510742187499
0.131538391113281 0.100753784179687 0.7047119140625 -0.17694091796875
0.135917663574219 -0.100257873535156 0.192489624023438 -0.07366943359375
-0.033721923828125 -0.15234375 0.195114135742188 0.21173095703125
-0.157470703125 -0.0281982421875 0.332000732421875 0.126373291015625
-0.0794525146484375 0.112861633300781 0.214920043945312 0.0728302001953125
0.0602493286132813 0.07794189453125 0.219497680664062 0.150634765625
0.111381530761719 0.0164642333984375 0.315338134765625 0.179962158203125
0.0834503173828125 0.025909423828125 0.320404052734375 0.19927978515625
0.096160888671875 0.00765228271484375 0.34173583984375 0.240142822265625
0.0908203125 0.0828018188476563 0.216018676757813 0.2801513671875
-0.00444030761718751 0.125709533691406 0.03302001953125 0.196731567382813
-0.122772216796875 0.0564193725585938 -0.0518798828125 0.102462768554688
-0.0653610229492188 -0.0949859619140625 -0.0830917358398437 -0.0663375854492188
0.103515625 -0.0806350708007812 0.078704833984375 -0.301849365234375
0.150863647460937 0.0869293212890625 0.289794921875 -0.183746337890625
-0.181594848632813 0.143203735351563 0.69720458984375 -0.128662109375
-0.1417236328125 0.0228424072265625 0.162078857421875 -0.044158935546875
-0.215469360351563 0.0658416748046875 0.20245361328125 0.2899169921875
-0.224884033203125 0.156723022460938 0.38970947265625 0.144378662109375
-0.106781005859375 0.29486083984375 0.223907470703125 0.0304107666015625
0.104537963867188 0.244400024414063 0.179702758789063 0.0925445556640625
0.212020874023438 0.142929077148438 0.247406005859375 0.154800415039063
0.190093994140625 0.137557983398438 0.255508422851563 0.184341430664063
0.200836181640625 0.0906219482421875 0.29522705078125 0.21478271484375
0.145538330078125 0.155548095703125 0.189056396484375 0.236419677734375
0.042572021484375 0.207839965820313 0.033111572265625 0.164199829101563
-0.092987060546875 0.169235229492187 -0.0264816284179688 0.0855941772460938
-0.164459228515625 0.0546722412109375 -0.0781173706054688 -0.0410003662109375
-0.0781707763671875 0.01068115234375 0.056732177734375 -0.28314208984375
-0.0988998413085938 0.115638732910156 0.269515991210938 -0.172714233398438
-0.46124267578125 0.132232666015625 0.589111328125 -0.05853271484375
-0.4208984375 0.105438232421875 0.0947036743164062 0.0194778442382813
-0.3995361328125 0.271636962890625 0.211578369140625 0.345794677734375
-0.271575927734375 0.33184814453125 0.436553955078125 0.12493896484375
-0.12066650390625 0.43707275390625 0.230911254882813 -0.0527801513671875
0.130218505859375 0.372406005859375 0.119918823242188 -0.0166244506835937
0.275253295898438 0.247024536132813 0.136573791503906 0.087249755859375
0.268783569335938 0.230239868164063 0.152297973632813 0.142578125
0.28765869140625 0.1610107421875 0.215667724609375 0.174591064453125
0.198257446289063 0.216949462890625 0.1396484375 0.19012451171875
0.10028076171875 0.2825927734375 0.0187530517578125 0.14300537109375
-0.0334625244140625 0.28045654296875 -0.0268325805664063 0.0756988525390625
-0.2247314453125 0.229827880859375 -0.0955657958984375 -0.0266189575195312
-0.242721557617188 0.14447021484375 0.0268402099609375 -0.253982543945313
-0.3406982421875 0.157318115234375 0.195068359375 -0.144393920898437
-0.65753173828125 0.083251953125 0.405059814453125 0.012786865234375
-0.62744140625 0.1470947265625 0.00308990478515621 0.108673095703125
-0.510833740234375 0.42669677734375 0.222869873046875 0.367218017578125
-0.262359619140625 0.452117919921875 0.45660400390625 0.067108154296875
-0.096893310546875 0.501922607421875 0.217437744140625 -0.159744262695313
0.1427001953125 0.42742919921875 0.04010009765625 -0.149932861328125
0.293548583984375 0.303802490234375 -0.000354766845703107 -0.00582551956176756
0.310089111328125 0.291259765625 0.0260162353515625 0.0801467895507813
0.342529296875 0.217559814453125 0.105400085449219 0.121658325195313
0.2359619140625 0.27056884765625 0.061553955078125 0.136581420898438
0.151092529296875 0.35064697265625 -0.020538330078125 0.122901916503906
0.0335693359375 0.384063720703125 -0.0527534484863281 0.0657539367675782
-0.260223388671875 0.408294677734375 -0.126411437988281 -0.0206680297851562
-0.3828125 0.2891845703125 -0.00720214843750001 -0.20086669921875
-0.5467529296875 0.195068359375 0.0703659057617187 -0.0917816162109375
-0.7357177734375 0.0264892578124999 0.185501098632812 0.070770263671875
-0.70263671875 0.1669921875 -0.0883636474609375 0.20245361328125
-0.500274658203125 0.4954833984375 0.225738525390625 0.344390869140625
-0.180023193359375 0.4732666015625 0.424713134765625 -0.0133056640625
-0.0404052734375 0.45941162109375 0.1741943359375 -0.257064819335937
0.135650634765625 0.39422607421875 -0.05194091796875 -0.268035888671875
0.26776123046875 0.301483154296875 -0.140327453613281 -0.0991134643554687
0.298980712890625 0.306854248046875 -0.1055908203125 0.00542449951171879
0.343170166015625 0.253173828125 -0.0263900756835937 0.0574913024902344
0.235687255859375 0.3023681640625 -0.0439529418945312 0.0712814331054688
0.1689453125 0.3865966796875 -0.0841140747070312 0.0907821655273438
0.07843017578125 0.45062255859375 -0.102241516113281 0.0474853515625
-0.279296875 0.53900146484375 -0.161819458007813 -0.0235137939453125
-0.486724853515625 0.39581298828125 -0.0465240478515625 -0.12237548828125
-0.68798828125 0.19891357421875 -0.0997772216796875 -0.0196304321289062
-0.70330810546875 -0.0143432617187501 -0.02166748046875 0.111930847167969
-0.64654541015625 0.17474365234375 -0.15179443359375 0.273681640625
-0.3736572265625 0.469268798828125 0.211517333984375 0.28167724609375
-0.05670166015625 0.381317138671875 0.341827392578125 -0.083648681640625
0.015289306640625 0.32000732421875 0.108154296875 -0.30743408203125
0.10260009765625 0.28961181640625 -0.13800048828125 -0.338958740234375
0.198959350585938 0.24945068359375 -0.259918212890625 -0.170806884765625
0.242080688476563 0.273147583007813 -0.222747802734375 -0.0684814453125
0.2830810546875 0.25262451171875 -0.158416748046875 -0.0141448974609374
0.1837158203125 0.28851318359375 -0.153717041015625 -0.00665283203125001
0.140838623046875 0.3604736328125 -0.157363891601562 0.0423736572265625
0.087005615234375 0.446441650390625 -0.164505004882813 0.0143890380859375
-0.2845458984375 0.575927734375 -0.19427490234375 -0.0421142578125
-0.540283203125 0.417022705078125 -0.09075927734375 -0.0374374389648437
-0.73040771484375 0.15179443359375 -0.294647216796875 0.054290771484375
-0.572998046875 -0.0345458984375 -0.182464599609375 0.139480590820313
-0.49444580078125 0.17669677734375 -0.1751708984375 0.30816650390625
-0.189727783203125 0.374603271484375 0.181716918945312 0.197357177734375
0.0536956787109375 0.22601318359375 0.233428955078125 -0.121536254882813
0.0437469482421875 0.14263916015625 0.044036865234375 -0.30340576171875
0.046234130859375 0.158279418945313 -0.195587158203125 -0.3519287109375
0.10223388671875 0.165237426757813 -0.3421630859375 -0.212188720703125
0.14556884765625 0.195999145507813 -0.307159423828125 -0.1290283203125
0.173263549804688 0.20599365234375 -0.263992309570313 -0.0838623046875
0.0947113037109375 0.212844848632813 -0.236160278320313 -0.0858917236328125
0.085174560546875 0.253204345703125 -0.213897705078125 -0.014892578125
0.079620361328125 0.35089111328125 -0.22900390625 -0.032501220703125
-0.2545166015625 0.50616455078125 -0.220916748046875 -0.089385986328125
-0.522918701171875 0.34271240234375 -0.131851196289063 0.0243453979492188
-0.6507568359375 0.05694580078125 -0.482421875 0.107757568359375
-0.371246337890625 -0.041656494140625 -0.282196044921875 0.159149169921875
-0.2962646484375 0.159423828125 -0.167510986328125 0.31524658203125
-0.0160980224609375 0.243072509765625 0.142349243164063 0.119491577148438
0.1168212890625 0.0662765502929688 0.134918212890625 -0.124488830566406
0.0380821228027344 -0.0155372619628906 0.0023193359375 -0.265060424804688
-0.0211830139160156 0.036346435546875 -0.21807861328125 -0.327484130859375
-0.00720977783203125 0.0710296630859375 -0.374969482421875 -0.2261962890625
0.02655029296875 0.0877761840820313 -0.34637451171875 -0.169158935546875
0.0372543334960938 0.110626220703125 -0.319244384765625 -0.13922119140625
0.00304412841796874 0.0764923095703125 -0.272064208984375 -0.144134521484375
0.0467147827148438 0.08447265625 -0.241806030273437 -0.0601348876953125
0.089385986328125 0.1917724609375 -0.28228759765625 -0.0843505859375
-0.16473388671875 0.35772705078125 -0.2322998046875 -0.158126831054688
-0.40264892578125 0.197174072265625 -0.162750244140625 0.046630859375
-0.451171875 -0.05621337890625 -0.62982177734375 0.116943359375
0.140625 0.09429931640625 0.702880859375 -0.21435546875
0.12939453125 -0.108978271484375 0.190841674804688 -0.0824737548828125
-0.0447540283203125 -0.152267456054688 0.209365844726562 0.20538330078125
-0.159393310546875 -0.0159912109375 0.34259033203125 0.1090087890625
-0.0712127685546875 0.119125366210937 0.218841552734375 0.0632476806640625
0.0648040771484375 0.072357177734375 0.230117797851562 0.144149780273437
0.113357543945313 0.00689697265625 0.32769775390625 0.16583251953125
0.0862350463867188 0.0206756591796875 0.33203125 0.18402099609375
0.0972824096679688 0.0007781982421875 0.3583984375 0.222869873046875
0.0991439819335938 0.0751800537109375 0.2332763671875 0.270217895507813
0.00568389892578126 0.12762451171875 0.0400390625 0.197952270507813
-0.121261596679688 0.0676651000976563 -0.0478515625 0.105545043945313
-0.0720443725585937 -0.091796875 -0.0882568359375 -0.0628509521484375
0.0985183715820313 -0.0908126831054688 0.058746337890625 -0.30938720703125
0.15924072265625 0.0777740478515625 0.28125 -0.197540283203125
-0.175674438476563 0.15264892578125 0.69757080078125 -0.1649169921875
-0.145416259765625 0.0294036865234375 0.158782958984375 -0.0521392822265625
-0.216644287109375 0.0765838623046875 0.221221923828125 0.282989501953125
-0.219039916992187 0.171539306640625 0.40179443359375 0.12384033203125
-0.090667724609375 0.3038330078125 0.225448608398438 0.0193939208984375
0.116897583007813 0.240036010742188 0.185699462890625 0.0879974365234375
0.2208251953125 0.1318359375 0.2569580078125 0.14508056640625
0.199630737304687 0.128555297851563 0.26715087890625 0.174148559570313
0.207366943359375 0.079833984375 0.31005859375 0.200042724609375
0.156341552734375 0.14715576171875 0.203506469726563 0.2275390625
0.0557708740234375 0.208709716796875 0.0393829345703125 0.165512084960938
-0.086151123046875 0.178237915039063 -0.022186279296875 0.0866622924804688
-0.164047241210938 0.0633392333984375 -0.0797805786132813 -0.03607177734375
-0.080780029296875 0.00950622558593751 0.03753662109375 -0.28851318359375
-0.0913543701171875 0.119712829589844 0.261581420898437 -0.185455322265625
-0.46051025390625 0.154388427734375 0.590576171875 -0.08905029296875
-0.4232177734375 0.127410888671875 0.0925445556640625 0.0154953002929688
-0.39044189453125 0.2921142578125 0.234100341796875 0.33831787109375
-0.25897216796875 0.347747802734375 0.44940185546875 0.102264404296875
-0.09722900390625 0.4471435546875 0.2283935546875 -0.0652923583984375
0.14739990234375 0.36993408203125 0.119010925292969 -0.0196456909179687
0.28875732421875 0.236419677734375 0.14129638671875 0.0830230712890625
0.284515380859375 0.219207763671875 0.16162109375 0.137619018554688
0.298004150390625 0.14788818359375 0.228363037109375 0.163986206054687
0.212203979492187 0.208740234375 0.151214599609375 0.183792114257813
0.115997314453125 0.2803955078125 0.0244598388671875 0.144775390625
-0.022705078125 0.285003662109375 -0.0230484008789063 0.0761260986328125
-0.215164184570313 0.242904663085937 -0.0957565307617188 -0.0195388793945312
-0.240158081054687 0.152694702148438 0.00967407226562497 -0.25714111328125
-0.33380126953125 0.174346923828125 0.190597534179687 -0.154052734375
-0.6627197265625 0.11541748046875 0.407318115234375 -0.00894165039062499
-0.62713623046875 0.1805419921875 0.00316619873046871 0.110160827636719
-0.494903564453125 0.45526123046875 0.2467041015625 0.358917236328125
-0.244110107421875 0.46759033203125 0.466705322265625 0.0428466796875
-0.07122802734375 0.511627197265625 0.210830688476563 -0.17327880859375
0.1629638671875 0.4267578125 0.0317840576171875 -0.15069580078125
0.310699462890625 0.294677734375 -0.00156903266906736 -0.00271749496459959
0.3284912109375 0.2781982421875 0.0313873291015625 0.08111572265625
0.35595703125 0.202178955078125 0.115272521972656 0.116554260253906
0.251495361328125 0.2618408203125 0.0693511962890625 0.134918212890625
0.170440673828125 0.346771240234375 -0.014007568359375 0.125343322753906
0.049560546875 0.38543701171875 -0.0493698120117188 0.0677146911621094
-0.23956298828125 0.423004150390625 -0.125656127929688 -0.010955810546875
-0.373260498046875 0.305908203125 -0.020477294921875 -0.20208740234375
-0.54278564453125 0.221405029296875 0.0686111450195312 -0.0953369140625
-0.74456787109375 0.0625610351562501 0.187469482421875 0.0592803955078125
-0.7042236328125 0.20550537109375 -0.0843658447265626 0.210052490234375
-0.479736328125 0.52490234375 0.247772216796875 0.33697509765625
-0.1611328125 0.48150634765625 0.4305419921875 -0.035858154296875
-0.018096923828125 0.4637451171875 0.164169311523438 -0.268661499023437
0.15350341796875 0.392669677734375 -0.0673065185546875 -0.266632080078125
0.282501220703125 0.2958984375 -0.1474609375 -0.0902557373046875
0.31842041015625 0.294158935546875 -0.104736328125 0.012725830078125
0.358306884765625 0.238922119140625 -0.0205078125 0.0591392517089844
0.252471923828125 0.295867919921875 -0.040374755859375 0.0748291015625
0.1898193359375 0.382049560546875 -0.07958984375 0.0959014892578125
0.098480224609375 0.449615478515625 -0.0997467041015625 0.0523910522460938
-0.252197265625 0.558074951171875 -0.161087036132813 -0.011749267578125
-0.47259521484375 0.421630859375 -0.054656982421875 -0.122764587402344
-0.68603515625 0.2371826171875 -0.0980606079101563 -0.0145339965820312
-0.7127685546875 0.0191650390624999 -0.019378662109375 0.110855102539062
-0.64678955078125 0.21240234375 -0.143157958984375 0.285308837890625
-0.350677490234375 0.491363525390625 0.230514526367187 0.275054931640625
-0.039520263671875 0.383392333984375 0.342803955078125 -0.1011962890625
0.02996826171875 0.318511962890625 0.095794677734375 -0.316650390625
0.114349365234375 0.289520263671875 -0.15716552734375 -0.333648681640625
0.21044921875 0.24713134765625 -0.271438598632813 -0.156753540039062
0.258987426757813 0.264450073242188 -0.225433349609375 -0.0566253662109375
0.299102783203125 0.241058349609375 -0.157623291015625 -0.00575256347656251
0.19873046875 0.28515625 -0.155197143554688 0.00169372558593755
0.15802001953125 0.35723876953125 -0.155014038085938 0.0497589111328126
0.10894775390625 0.444122314453125 -0.164352416992187 0.022979736328125
-0.25372314453125 0.59649658203125 -0.194610595703125 -0.0294647216796875
-0.52508544921875 0.447174072265625 -0.0936431884765625 -0.0357208251953125
-0.7327880859375 0.19207763671875 -0.290740966796875 0.07037353515625
-0.58184814453125 -0.00537109375000003 -0.179977416992188 0.147201538085938
-0.49200439453125 0.207427978515625 -0.163055419921875 0.3231201171875
-0.16961669921875 0.38653564453125 0.19415283203125 0.192184448242188
0.0632781982421875 0.22003173828125 0.230636596679688 -0.132949829101563
0.0489501953125 0.138145446777344 0.031829833984375 -0.30853271484375
0.0519256591796875 0.160064697265625 -0.2149658203125 -0.34442138671875
0.108016967773438 0.167266845703125 -0.354583740234375 -0.19403076171875
0.1556396484375 0.192367553710938 -0.313446044921875 -0.113922119140625
0.185882568359375 0.200546264648437 -0.267349243164063 -0.0703277587890625
0.10418701171875 0.2138671875 -0.24322509765625 -0.0737762451171875
0.0961456298828125 0.252227783203125 -0.21429443359375 -0.00544738769531251
0.096527099609375 0.34716796875 -0.231033325195313 -0.0203399658203125
-0.22674560546875 0.524261474609375 -0.224884033203125 -0.07611083984375
-0.51202392578125 0.372100830078125 -0.131111145019531 0.0267486572265625
-0.6588134765625 0.0917968750000001 -0.47686767578125 0.131683349609375
-0.378570556640625 -0.0216674804687499 -0.279220581054688 0.1727294921875
-0.292144775390625 0.179443359375 -0.154327392578125 0.3299560546875
-0.000671386718749974 0.244781494140625 0.149765014648438 0.114639282226563
0.119789123535156 0.0562820434570313 0.130325317382813 -0.130485534667969
0.0348129272460938 -0.0201435089111328 -0.00886535644531253 -0.26763916015625
-0.0208702087402344 0.040435791015625 -0.236053466796875 -0.319610595703125
-0.00647735595703125 0.0774993896484375 -0.388885498046875 -0.207427978515625
0.0296630859375 0.0896835327148438 -0.355316162109375 -0.152191162109375
0.0431442260742188 0.111602783203125 -0.327117919921875 -0.123504638671875
0.00432586669921876 0.08062744140625 -0.282501220703125 -0.130889892578125
0.0487899780273438 0.0831680297851563 -0.244400024414063 -0.05010986328125
0.098602294921875 0.186050415039063 -0.287841796875 -0.06903076171875
-0.142608642578125 0.369903564453125 -0.241119384765625 -0.145980834960937
-0.395751953125 0.22210693359375 -0.158676147460938 0.05029296875
-0.462188720703125 -0.0336608886718749 -0.62567138671875 0.14910888671875
0.14605712890625 0.084930419921875 0.68353271484375 -0.2486572265625
0.119796752929688 -0.115272521972656 0.183609008789063 -0.090484619140625
-0.054473876953125 -0.14874267578125 0.218032836914062 0.193618774414062
-0.156890869140625 -0.00395202636718752 0.343170166015625 0.08746337890625
-0.06201171875 0.121475219726562 0.217681884765625 0.0522003173828125
0.0673751831054688 0.0655937194824219 0.235137939453125 0.132827758789063
0.11126708984375 -0.00347137451171875 0.33160400390625 0.146820068359375
0.0872726440429688 0.0145034790039063 0.3353271484375 0.165740966796875
0.0961074829101563 -0.0059661865234375 0.36395263671875 0.1986083984375
0.104515075683594 0.0654067993164063 0.243743896484375 0.251510620117187
0.0161209106445312 0.125961303710938 0.04730224609375 0.19488525390625
-0.11553955078125 0.0760040283203125 -0.0420761108398438 0.105552673339844
-0.0765151977539063 -0.0865402221679688 -0.089874267578125 -0.0583038330078125
0.0900726318359375 -0.0976715087890625 0.037200927734375 -0.30712890625
0.163970947265625 0.0662841796875 0.265609741210938 -0.205963134765625
-0.1641845703125 0.158523559570312 0.678955078125 -0.19970703125
-0.144729614257812 0.036163330078125 0.15203857421875 -0.0588836669921875
-0.212371826171875 0.08599853515625 0.23394775390625 0.268447875976563
-0.208114624023438 0.181137084960938 0.403472900390625 0.098968505859375
-0.072479248046875 0.30487060546875 0.221527099609375 0.00863647460937502
0.126571655273438 0.22955322265625 0.187698364257813 0.0797576904296875
0.223312377929688 0.117446899414063 0.261032104492188 0.131149291992188
0.204544067382813 0.1165771484375 0.271697998046875 0.159255981445313
0.208038330078125 0.0669097900390625 0.317169189453125 0.179718017578125
0.163070678710938 0.133941650390625 0.21234130859375 0.212814331054688
0.06768798828125 0.202835083007813 0.044647216796875 0.16253662109375
-0.0765380859375 0.182403564453125 -0.0180130004882813 0.084930419921875
-0.158218383789063 0.070526123046875 -0.0783767700195313 -0.030517578125
-0.0818862915039063 0.0088958740234375 0.017852783203125 -0.284515380859375
-0.0814208984375 0.119560241699219 0.248870849609375 -0.193283081054688
-0.447601318359375 0.1739501953125 0.5762939453125 -0.119873046875
-0.4136962890625 0.146270751953125 0.0879592895507812 0.0109939575195313
-0.37249755859375 0.307647705078125 0.249176025390625 0.321441650390625
-0.240447998046875 0.35565185546875 0.450408935546875 0.075775146484375
-0.073760986328125 0.4464111328125 0.220626831054688 -0.0759735107421875
0.162811279296875 0.358551025390625 0.115989685058594 -0.0232315063476562
0.297271728515625 0.219573974609375 0.142822265625 0.076934814453125
0.292388916015625 0.2015380859375 0.166778564453125 0.129425048828125
0.301300048828125 0.129608154296875 0.2354736328125 0.148300170898438
0.21923828125 0.193740844726562 0.158660888671875 0.173019409179688
0.129257202148438 0.271484375 0.029571533203125 0.141860961914063
-0.00979614257812501 0.2833251953125 -0.0186767578125 0.0735321044921875
-0.199371337890625 0.249404907226563 -0.0918121337890625 -0.0128936767578125
-0.231979370117188 0.157485961914063 -0.00720214843750002 -0.252593994140625
-0.318695068359375 0.18646240234375 0.181625366210937 -0.159210205078125
-0.6495361328125 0.14544677734375 0.398101806640625 -0.031768798828125
-0.613525390625 0.2108154296875 0.00355529785156245 0.109207153320313
-0.466796875 0.4735107421875 0.26434326171875 0.341278076171875
-0.221435546875 0.471588134765625 0.464141845703125 0.017547607421875
-0.0447998046875 0.508026123046875 0.199447631835938 -0.182022094726562
0.1795654296875 0.41302490234375 0.0224151611328125 -0.149185180664063
0.31964111328125 0.278961181640625 -0.00201869010925291 -0.000126838684082014
0.339202880859375 0.258544921875 0.036865234375 0.0796966552734375
0.360565185546875 0.1822509765625 0.122695922851563 0.107696533203125
0.26129150390625 0.246597290039063 0.0751953125 0.129753112792969
0.18438720703125 0.3341064453125 -0.00806427001953125 0.124618530273438
0.06500244140625 0.377227783203125 -0.0451736450195312 0.0664443969726563
-0.21405029296875 0.427764892578125 -0.120361328125 -0.00187683105468747
-0.356292724609375 0.316558837890625 -0.03350830078125 -0.197586059570312
-0.5235595703125 0.24664306640625 0.0654373168945312 -0.0964584350585937
-0.73553466796875 0.0982055664062501 0.185226440429687 0.0469818115234375
-0.68719482421875 0.23968505859375 -0.0772857666015626 0.213165283203125
-0.444915771484375 0.54119873046875 0.262908935546875 0.320343017578125
-0.136627197265625 0.4794921875 0.42633056640625 -0.057464599609375
0.00350952148437502 0.457061767578125 0.14923095703125 -0.274795532226562
0.1680908203125 0.3822021484375 -0.0805053710937499 -0.258834838867187
0.292694091796875 0.28326416015625 -0.150665283203125 -0.078887939453125
0.331268310546875 0.2757568359375 -0.100364685058594 0.0185775756835937
0.365936279296875 0.21875 -0.0145912170410156 0.0580596923828125
0.2626953125 0.28131103515625 -0.035736083984375 0.0757064819335938
0.205291748046875 0.368896484375 -0.0731658935546875 0.09808349609375
0.1156005859375 0.438079833984375 -0.0948104858398437 0.0544815063476563
-0.218414306640625 0.56195068359375 -0.154937744140625 -0.000808715820312446
-0.447021484375 0.43499755859375 -0.0618896484375 -0.119384765625
-0.6654052734375 0.2691650390625 -0.09375 -0.00972747802734373
-0.70538330078125 0.0546875 -0.0171966552734375 0.107666015625
-0.628662109375 0.24383544921875 -0.130340576171875 0.291168212890625
-0.318939208984375 0.50213623046875 0.242538452148437 0.26123046875
-0.022247314453125 0.374053955078125 0.335540771484375 -0.116607666015625
0.043548583984375 0.310302734375 0.080413818359375 -0.317718505859375
0.124786376953125 0.282501220703125 -0.171630859375 -0.320770263671875
0.219482421875 0.239303588867187 -0.275588989257812 -0.138504028320312
0.268661499023438 0.249679565429688 -0.22247314453125 -0.0437774658203125
0.306610107421875 0.224609375 -0.15234375 0.00125122070312502
0.20892333984375 0.274505615234375 -0.152969360351563 0.00994873046875002
0.17193603515625 0.345489501953125 -0.149017333984375 0.056060791015625
0.124969482421875 0.4300537109375 -0.159759521484375 0.02935791015625
-0.2169189453125 0.60015869140625 -0.188934326171875 -0.0170898437499999
-0.496612548828125 0.466094970703125 -0.0938949584960938 -0.0331192016601562
-0.7164306640625 0.22625732421875 -0.279541015625 0.0822753906250001
-0.5765380859375 0.0256958007812499 -0.172500610351563 0.151321411132813
-0.4765625 0.233673095703125 -0.146820068359375 0.32965087890625
-0.145477294921875 0.38818359375 0.202285766601562 0.18109130859375
0.070465087890625 0.208358764648438 0.222625732421875 -0.141128540039063
0.0516586303710937 0.130714416503906 0.018280029296875 -0.306396484375
0.0567779541015625 0.1578369140625 -0.228271484375 -0.329345703125
0.114654541015625 0.166351318359375 -0.358001708984375 -0.172607421875
0.162689208984375 0.1844482421875 -0.311553955078125 -0.09619140625
0.193191528320313 0.189910888671875 -0.264190673828125 -0.0564727783203125
0.112564086914063 0.209426879882813 -0.243331909179688 -0.06024169921875
0.10546875 0.245651245117188 -0.210296630859375 0.00361633300781253
0.108489990234375 0.33563232421875 -0.227828979492188 -0.00840759277343752
-0.19189453125 0.52728271484375 -0.221878051757813 -0.0620269775390625
-0.48486328125 0.392791748046875 -0.126274108886719 0.0292434692382813
-0.6475830078125 0.125244140625 -0.460479736328125 0.1512451171875
-0.37615966796875 0.00015258789062505 -0.269027709960938 0.182952880859375
-0.279388427734375 0.195358276367187 -0.13543701171875 0.335906982421875
0.014373779296875 0.239715576171875 0.1539306640625 0.107955932617188
0.117950439453125 0.0458297729492188 0.123374938964844 -0.132453918457031
0.0300159454345703 -0.0236701965332031 -0.01904296875 -0.26324462890625
-0.0193099975585937 0.0433731079101563 -0.247406005859375 -0.303680419921875
-0.00353240966796874 0.082794189453125 -0.392974853515625 -0.183380126953125
0.0313491821289063 0.0897598266601563 -0.354278564453125 -0.133087158203125
0.0475387573242188 0.109550476074219 -0.3243408203125 -0.105438232421875
0.0070648193359375 0.0825347900390625 -0.285186767578125 -0.11505126953125
0.049957275390625 0.0800247192382813 -0.242080688476563 -0.0388031005859375
0.104827880859375 0.175994873046875 -0.285980224609375 -0.05224609375
-0.1175537109375 0.3704833984375 -0.242904663085938 -0.13037109375
-0.378509521484375 0.240875244140625 -0.1524658203125 0.0530853271484375
-0.462371826171875 -0.00823974609375001 -0.60546875 0.1768798828125
0.149002075195313 0.0773773193359375 0.6572265625 -0.26556396484375
0.111900329589844 -0.117164611816406 0.17572021484375 -0.093231201171875
-0.0610198974609375 -0.143524169921875 0.220108032226563 0.18341064453125
-0.15203857421875 0.00328063964843747 0.3377685546875 0.072357177734375
-0.0546035766601563 0.121742248535156 0.211654663085938 0.0446319580078125
0.0665931701660156 0.0588531494140625 0.235519409179688 0.123794555664063
0.107208251953125 -0.0113372802734375 0.32818603515625 0.13262939453125
0.0874862670898438 0.00966644287109375 0.33013916015625 0.152130126953125
0.0934600830078125 -0.0107269287109375 0.360748291015625 0.180511474609375
0.10693359375 0.0554733276367188 0.245086669921875 0.2359619140625
0.0238189697265625 0.121963500976563 0.0484161376953125 0.191055297851562
-0.109405517578125 0.081298828125 -0.0374298095703125 0.10247802734375
-0.078125 -0.0818023681640625 -0.0888671875 -0.05474853515625
0.0820999145507812 -0.101783752441406 0.021728515625 -0.299835205078125
0.165481567382812 0.0568695068359375 0.251693725585938 -0.204452514648437
-0.153152465820313 0.157974243164062 0.654296875 -0.21710205078125
-0.1417236328125 0.03948974609375 0.143661499023438 -0.0615234375
-0.207168579101563 0.090301513671875 0.238662719726563 0.25543212890625
-0.198089599609375 0.184707641601563 0.397308349609375 0.0811767578125
-0.05975341796875 0.30108642578125 0.2144775390625 0.00122070312500002
0.129043579101563 0.21954345703125 0.186477661132812 0.073211669921875
0.22210693359375 0.105300903320313 0.25848388671875 0.12078857421875
0.205078125 0.1055908203125 0.269943237304688 0.1478271484375
0.205062866210938 0.0572967529296875 0.315093994140625 0.1632080078125
0.164138793945313 0.122146606445313 0.214035034179688 0.199966430664063
0.074859619140625 0.195465087890625 0.0463409423828125 0.158279418945313
-0.06890869140625 0.182708740234375 -0.0142822265625 0.0807113647460938
-0.151992797851563 0.0732269287109375 -0.0747299194335938 -0.0277481079101562
-0.0826568603515625 0.00759124755859374 0.00392150878906252 -0.27587890625
-0.0732574462890625 0.116218566894531 0.23687744140625 -0.192764282226563
-0.42987060546875 0.18255615234375 0.55523681640625 -0.1363525390625
-0.40228271484375 0.1556396484375 0.081634521484375 0.00887298583984376
-0.354034423828125 0.31195068359375 0.2545166015625 0.306182861328125
-0.225494384765625 0.35418701171875 0.443267822265625 0.056640625
-0.057342529296875 0.438751220703125 0.211807250976563 -0.0813751220703125
0.168121337890625 0.344390869140625 0.112274169921875 -0.0255966186523437
0.297027587890625 0.2052001953125 0.141403198242188 0.072845458984375
0.294403076171875 0.18719482421875 0.167236328125 0.121658325195313
0.29730224609375 0.1168212890625 0.235107421875 0.135452270507813
0.220687866210938 0.18048095703125 0.16009521484375 0.16278076171875
0.135986328125 0.260818481445312 0.0318222045898438 0.138786315917969
-0.002593994140625 0.279251098632813 -0.0160751342773437 0.0697746276855469
-0.185287475585937 0.248291015625 -0.0857086181640625 -0.00885772705078123
-0.224258422851563 0.156692504882813 -0.0181884765625 -0.244354248046875
-0.303436279296875 0.188995361328125 0.174697875976562 -0.159393310546875
-0.62939453125 0.16058349609375 0.384552001953125 -0.044586181640625
-0.59442138671875 0.22564697265625 0.00204467773437497 0.107246398925781
-0.440185546875 0.47607421875 0.268890380859375 0.3260498046875
-0.20281982421875 0.46429443359375 0.456085205078125 -0.000610351562499972
-0.0284423828125 0.495697021484375 0.188720703125 -0.184814453125
0.184967041015625 0.399139404296875 0.01654052734375 -0.145660400390625
0.322540283203125 0.264251708984375 -0.00230240821838377 0.00272512435913088
0.341552734375 0.241058349609375 0.039093017578125 0.07720947265625
0.356414794921875 0.16693115234375 0.124229431152344 0.0991439819335938
0.261215209960938 0.232574462890625 0.0777511596679687 0.123649597167969
0.190948486328125 0.320709228515625 -0.00503540039062498 0.12158203125
0.07208251953125 0.367279052734375 -0.0419731140136719 0.0634841918945313
-0.1943359375 0.422882080078125 -0.112640380859375 0.00273132324218752
-0.33966064453125 0.316009521484375 -0.0403900146484375 -0.19122314453125
-0.500762939453125 0.25311279296875 0.0646896362304687 -0.0956039428710937
-0.7161865234375 0.11798095703125 0.17791748046875 0.0377044677734375
-0.66455078125 0.258056640625 -0.07391357421875 0.211959838867188
-0.41595458984375 0.53955078125 0.268096923828125 0.305694580078125
-0.120941162109375 0.469024658203125 0.416107177734375 -0.0701904296875
0.01751708984375 0.444549560546875 0.137130737304688 -0.273757934570313
0.173248291015625 0.370758056640625 -0.0880126953125 -0.25054931640625
0.2950439453125 0.270843505859375 -0.1495361328125 -0.0684814453125
0.33233642578125 0.259765625 -0.0954055786132813 0.021636962890625
0.363311767578125 0.201446533203125 -0.00981903076171873 0.0548286437988281
0.2630615234375 0.26715087890625 -0.032135009765625 0.0756759643554688
0.210235595703125 0.355377197265625 -0.0682373046875 0.0975570678710938
0.122406005859375 0.42401123046875 -0.0908355712890625 0.05377197265625
-0.19232177734375 0.553192138671875 -0.146270751953125 0.00549316406250002
-0.424713134765625 0.43621826171875 -0.0647811889648438 -0.115524291992187
-0.6412353515625 0.2808837890625 -0.0877685546875 -0.00734710693359374
-0.68865966796875 0.0766601562500002 -0.016510009765625 0.1029052734375
-0.60888671875 0.25933837890625 -0.12200927734375 0.2906494140625
-0.292724609375 0.49847412109375 0.246261596679687 0.248886108398438
-0.01409912109375 0.361968994140625 0.325286865234375 -0.124267578125
0.0494384765625 0.299346923828125 0.069793701171875 -0.31451416015625
0.128158569335938 0.274444580078125 -0.178558349609375 -0.307586669921875
0.222579956054688 0.232528686523438 -0.272506713867188 -0.123931884765625
0.27032470703125 0.237060546875 -0.216384887695312 -0.035430908203125
0.307464599609375 0.209747314453125 -0.145843505859375 0.00427246093749998
0.211074829101563 0.264434814453125 -0.148681640625 0.014862060546875
0.17822265625 0.33319091796875 -0.142990112304688 0.057830810546875
0.131683349609375 0.41558837890625 -0.154556274414063 0.0324401855468751
-0.1884765625 0.58935546875 -0.179794311523438 -0.0100860595703125
-0.470916748046875 0.467742919921875 -0.09222412109375 -0.0318145751953125
-0.69244384765625 0.24444580078125 -0.264877319335938 0.0869140625000001
-0.564697265625 0.04315185546875 -0.165969848632813 0.15032958984375
-0.4566650390625 0.24578857421875 -0.1341552734375 0.327880859375
-0.1259765625 0.3818359375 0.204696655273438 0.1722412109375
0.07281494140625 0.1966552734375 0.21466064453125 -0.142913818359375
0.0517578125 0.123291015625 0.010101318359375 -0.30072021484375
0.058837890625 0.15411376953125 -0.23455810546875 -0.314300537109375
0.117538452148438 0.165191650390625 -0.352874755859375 -0.1552734375
0.163848876953125 0.177352905273438 -0.303863525390625 -0.0854492187499999
0.194122314453125 0.1802978515625 -0.25579833984375 -0.048919677734375
0.114593505859375 0.204681396484375 -0.238800048828125 -0.0504150390625
0.10888671875 0.237213134765625 -0.204010009765625 0.00862121582031251
0.113525390625 0.322235107421875 -0.220672607421875 -0.00152587890624998
-0.165985107421875 0.518402099609375 -0.214431762695313 -0.0527801513671875
-0.461822509765625 0.398345947265625 -0.121482849121094 0.0282821655273438
-0.63232421875 0.14251708984375 -0.4412841796875 0.16058349609375
-0.368377685546875 0.01446533203125 -0.258209228515625 0.185028076171875
-0.265274047851563 0.203750610351563 -0.120391845703125 0.334228515625
0.0245819091796875 0.231674194335938 0.154083251953125 0.102096557617188
0.113754272460937 0.0373992919921875 0.117378234863281 -0.130836486816406
0.0249538421630859 -0.0256290435791016 -0.0247955322265625 -0.257400512695313
-0.0175666809082031 0.0447044372558594 -0.25079345703125 -0.28802490234375
-0.000381469726562507 0.0861053466796875 -0.387664794921875 -0.166534423828125
0.0327072143554688 0.0896224975585938 -0.345794677734375 -0.12042236328125
0.0493392944335938 0.107292175292969 -0.31597900390625 -0.0943603515625
0.00743865966796875 0.0833892822265625 -0.28118896484375 -0.103118896484375
0.0491485595703125 0.0768661499023438 -0.236038208007813 -0.03131103515625
0.106002807617188 0.166519165039063 -0.278976440429688 -0.0411529541015625
-0.09808349609375 0.363311767578125 -0.238128662109375 -0.1195068359375
-0.36236572265625 0.248291015625 -0.144943237304688 0.051300048828125
-0.4554443359375 0.00781249999999996 -0.58258056640625 0.18865966796875
0.151458740234375 0.071258544921875 0.6409912109375 -0.2716064453125
0.106132507324219 -0.117477416992187 0.17010498046875 -0.09368896484375
-0.064056396484375 -0.139129638671875 0.21978759765625 0.180145263671875
-0.148406982421875 0.00701904296875 0.332275390625 0.064178466796875
-0.04937744140625 0.12103271484375 0.207595825195313 0.0422210693359375
0.0658149719238281 0.0551338195800781 0.234283447265625 0.119354248046875
0.103744506835938 -0.0168838500976563 0.32421875 0.126220703125
0.0877304077148438 0.00592041015625 0.326934814453125 0.14520263671875
0.0925369262695313 -0.0141143798828125 0.356536865234375 0.17010498046875
0.107643127441406 0.0483322143554688 0.243804931640625 0.226531982421875
0.0286407470703125 0.119590759277344 0.0474853515625 0.188583374023438
-0.105377197265625 0.08502197265625 -0.0354766845703125 0.0995559692382813
-0.0782012939453125 -0.0799102783203125 -0.0874176025390625 -0.054046630859375
0.0769119262695313 -0.103431701660156 0.013031005859375 -0.292083740234375
0.166152954101563 0.051025390625 0.245132446289063 -0.199981689453125
-0.146224975585938 0.15545654296875 0.63763427734375 -0.224365234375
-0.140731811523438 0.0395660400390625 0.137702941894531 -0.0611724853515625
-0.204666137695313 0.0924072265625 0.238510131835938 0.249755859375
-0.193710327148437 0.185073852539063 0.39251708984375 0.071563720703125
-0.05377197265625 0.297637939453125 0.209976196289062 -0.000900268554687482
0.12835693359375 0.21466064453125 0.18426513671875 0.0702056884765625
0.2191162109375 0.0980682373046875 0.256271362304688 0.116622924804688
0.2052001953125 0.099517822265625 0.266571044921875 0.142364501953125
0.203216552734375 0.0517120361328125 0.31134033203125 0.153961181640625
0.163650512695313 0.115463256835937 0.212417602539062 0.1922607421875
0.0789337158203125 0.190994262695313 0.0447845458984375 0.156967163085938
-0.065704345703125 0.183212280273437 -0.0137100219726563 0.07659912109375
-0.148223876953125 0.0728912353515625 -0.07183837890625 -0.0272750854492187
-0.0847930908203125 0.00500488281250001 -0.00302124023437501 -0.26837158203125
-0.0675582885742188 0.11090087890625 0.232666015625 -0.188674926757813
-0.420318603515625 0.1829833984375 0.541656494140625 -0.142303466796875
-0.39453125 0.158721923828125 0.0755844116210937 0.00875091552734376
-0.34600830078125 0.312042236328125 0.256378173828125 0.299224853515625
-0.220489501953125 0.35076904296875 0.437042236328125 0.0477294921875
-0.05078125 0.433624267578125 0.205795288085938 -0.0821380615234375
0.1676025390625 0.338165283203125 0.108619689941406 -0.0261993408203125
0.295867919921875 0.19842529296875 0.141128540039063 0.0722198486328125
0.293670654296875 0.17919921875 0.166656494140625 0.118316650390625
0.294403076171875 0.109893798828125 0.233978271484375 0.127716064453125
0.217971801757813 0.173538208007813 0.15960693359375 0.157669067382813
0.138961791992188 0.254867553710937 0.0310134887695313 0.136734008789063
-0.000488281250000026 0.27618408203125 -0.0161781311035156 0.0657119750976563
-0.178878784179687 0.2445068359375 -0.0806884765625 -0.00849914550781248
-0.222457885742188 0.152984619140625 -0.023223876953125 -0.237274169921875
-0.29437255859375 0.18609619140625 0.171859741210937 -0.157302856445313
-0.619384765625 0.1641845703125 0.372955322265625 -0.049652099609375
-0.5828857421875 0.22943115234375 -0.00229644775390628 0.107200622558594
-0.426910400390625 0.472320556640625 0.271026611328125 0.317657470703125
-0.196197509765625 0.4588623046875 0.4505615234375 -0.00811767578124997
-0.022918701171875 0.489501953125 0.1827392578125 -0.185256958007812
0.184906005859375 0.392425537109375 0.012542724609375 -0.143997192382812
0.322357177734375 0.258636474609375 -0.00214672088623045 0.00619840621948244
0.341278076171875 0.2332763671875 0.0405197143554688 0.0760879516601563
0.3529052734375 0.1588134765625 0.124267578125 0.0929412841796875
0.25897216796875 0.225479125976563 0.0785064697265625 0.120742797851563
0.192138671875 0.314208984375 -0.00466156005859373 0.120201110839844
0.0731201171875 0.362335205078125 -0.0417442321777344 0.0601348876953125
-0.18389892578125 0.4166259765625 -0.105514526367188 0.0041580200195313
-0.332916259765625 0.31201171875 -0.0438232421875 -0.186614990234375
-0.490081787109375 0.251708984375 0.0656967163085937 -0.0951995849609375
-0.70574951171875 0.1236572265625 0.171798706054687 0.0330963134765625
-0.650146484375 0.261474609375 -0.0752716064453126 0.210800170898438
-0.401458740234375 0.53594970703125 0.270172119140625 0.29815673828125
-0.11724853515625 0.45989990234375 0.409942626953125 -0.076080322265625
0.02044677734375 0.435760498046875 0.131423950195312 -0.272323608398438
0.172515869140625 0.36407470703125 -0.09185791015625 -0.24554443359375
0.295501708984375 0.266632080078125 -0.147659301757812 -0.0620880126953125
0.33282470703125 0.25091552734375 -0.0923690795898438 0.023101806640625
0.360107421875 0.193328857421875 -0.00808334350585936 0.05120849609375
0.260528564453125 0.261581420898438 -0.030548095703125 0.0750656127929688
0.211029052734375 0.34814453125 -0.06585693359375 0.09661865234375
0.122344970703125 0.414947509765625 -0.0897369384765625 0.05255126953125
-0.180938720703125 0.5430908203125 -0.138519287109375 0.00720977783203128
-0.41497802734375 0.43115234375 -0.0655899047851563 -0.112983703613281
-0.62744140625 0.28265380859375 -0.0825271606445313 -0.0074310302734375
-0.6783447265625 0.0820312499999999 -0.0182647705078125 0.09942626953125
-0.5941162109375 0.26519775390625 -0.11993408203125 0.2890625
-0.278106689453125 0.492431640625 0.246932983398437 0.243682861328125
-0.012237548828125 0.351715087890625 0.321624755859375 -0.125885009765625
0.049713134765625 0.29217529296875 0.0653076171875 -0.31085205078125
0.126846313476563 0.270233154296875 -0.18157958984375 -0.299957275390625
0.222885131835938 0.230499267578125 -0.268844604492188 -0.114517211914062
0.270126342773437 0.23114013671875 -0.211029052734375 -0.0328826904296875
0.303741455078125 0.20452880859375 -0.141342163085938 0.00286865234375004
0.209671020507813 0.260009765625 -0.145645141601563 0.016876220703125
0.1793212890625 0.327423095703125 -0.139457702636719 0.0580596923828125
0.132720947265625 0.407623291015625 -0.1513671875 0.031982421875
-0.17694091796875 0.5799560546875 -0.171737670898438 -0.00823974609375
-0.460235595703125 0.463836669921875 -0.0909805297851563 -0.031768798828125
-0.68072509765625 0.2474365234375 -0.256057739257813 0.0867462158203125
-0.55517578125 0.051971435546875 -0.164077758789063 0.147705078125
-0.4447021484375 0.2508544921875 -0.12939453125 0.32659912109375
-0.1148681640625 0.37493896484375 0.205368041992187 0.16888427734375
0.07037353515625 0.1884765625 0.211669921875 -0.141952514648438
0.0488357543945312 0.119117736816406 0.00790405273437499 -0.297332763671875
0.0577392578125 0.153244018554688 -0.236053466796875 -0.305816650390625
0.119583129882812 0.165695190429688 -0.349578857421875 -0.14532470703125
0.163970947265625 0.175140380859375 -0.297515869140625 -0.08154296875
0.192550659179687 0.176666259765625 -0.249771118164063 -0.047393798828125
0.113739013671875 0.20245361328125 -0.235580444335938 -0.046722412109375
0.108489990234375 0.23272705078125 -0.199905395507813 0.010040283203125
0.113128662109375 0.314849853515625 -0.216415405273438 0.000869750976562472
-0.1546630859375 0.5089111328125 -0.207611083984375 -0.049285888671875
-0.448211669921875 0.396636962890625 -0.118942260742188 0.0256118774414063
-0.6224365234375 0.1490478515625 -0.427734375 0.160308837890625
-0.362274169921875 0.0207214355468749 -0.253524780273438 0.183456420898437
-0.256240844726563 0.20648193359375 -0.1131591796875 0.3321533203125
0.030914306640625 0.224853515625 0.154220581054688 0.100616455078125
0.1092529296875 0.0322341918945313 0.115371704101563 -0.127822875976563
0.0213203430175781 -0.0264396667480469 -0.0255889892578125 -0.25347900390625
-0.0177574157714844 0.0450630187988281 -0.25115966796875 -0.280654907226563
0.002288818359375 0.0898513793945312 -0.382720947265625 -0.156768798828125
0.0323410034179688 0.091705322265625 -0.339080810546875 -0.1148681640625
0.0488128662109375 0.106826782226563 -0.30859375 -0.090576171875
0.00683593750000001 0.084503173828125 -0.277618408203125 -0.0977325439453125
0.0472869873046875 0.0748977661132812 -0.231002807617188 -0.0290069580078125
0.10498046875 0.160888671875 -0.274032592773438 -0.0359649658203124
-0.088531494140625 0.356475830078125 -0.233566284179687 -0.115158081054688
-0.353118896484375 0.249420166015625 -0.140449523925781 0.0482254028320312
-0.45111083984375 0.014801025390625 -0.56781005859375 0.18963623046875
0.155487060546875 0.0680694580078125 0.6380615234375 -0.2763671875
0.104179382324219 -0.11859130859375 0.168792724609375 -0.09381103515625
-0.0678024291992188 -0.137565612792969 0.223724365234375 0.180450439453125
-0.14837646484375 0.0101776123046875 0.33282470703125 0.060821533203125
-0.0462493896484375 0.12322998046875 0.207717895507813 0.042144775390625
0.065155029296875 0.0536308288574219 0.237411499023437 0.117889404296875
0.101615905761719 -0.02142333984375 0.3258056640625 0.123748779296875
0.0894775390625 0.00218963623046875 0.32684326171875 0.14483642578125
0.0934371948242188 -0.0169448852539063 0.356689453125 0.167388916015625
0.10894775390625 0.0431365966796875 0.245025634765625 0.2232666015625
0.0339202880859375 0.118736267089844 0.0464324951171875 0.191558837890625
-0.103843688964844 0.0892105102539063 -0.035400390625 0.097198486328125
-0.0799942016601562 -0.0807418823242188 -0.0881729125976563 -0.0558319091796875
0.0734024047851563 -0.106414794921875 0.00656127929687498 -0.290283203125
0.170166015625 0.0460052490234375 0.2457275390625 -0.197479248046875
-0.144119262695313 0.154342651367188 0.635498046875 -0.22930908203125
-0.142501831054688 0.040557861328125 0.134124755859375 -0.0604629516601563
-0.205795288085938 0.09442138671875 0.243240356445313 0.25054931640625
-0.194412231445313 0.1876220703125 0.393585205078125 0.066162109375
-0.05059814453125 0.300872802734375 0.20928955078125 -0.00173950195312498
0.129226684570312 0.214508056640625 0.184799194335938 0.0687255859375
0.219070434570313 0.095123291015625 0.258682250976563 0.11639404296875
0.20892333984375 0.0958404541015625 0.26788330078125 0.142044067382813
0.204086303710937 0.0489044189453125 0.311767578125 0.15167236328125
0.164306640625 0.110671997070312 0.213394165039062 0.189773559570313
0.083740234375 0.189437866210938 0.04345703125 0.159210205078125
-0.06475830078125 0.186859130859375 -0.01495361328125 0.0736923217773438
-0.148269653320313 0.0718231201171875 -0.070281982421875 -0.0288047790527344
-0.0886306762695313 0.00261688232421876 -0.00863647460937503 -0.265655517578125
-0.0643539428710937 0.107177734375 0.234054565429688 -0.18719482421875
-0.42169189453125 0.183319091796875 0.5384521484375 -0.14617919921875
-0.396759033203125 0.16058349609375 0.071044921875 0.010284423828125
-0.3453369140625 0.31500244140625 0.261016845703125 0.3001708984375
-0.22161865234375 0.353912353515625 0.44061279296875 0.042999267578125
-0.0479736328125 0.437255859375 0.206069946289063 -0.084808349609375
0.167388916015625 0.3402099609375 0.106529235839844 -0.027313232421875
0.296875 0.197265625 0.142486572265625 0.0740509033203125
0.298309326171875 0.175811767578125 0.167327880859375 0.118682861328125
0.2960205078125 0.107330322265625 0.234222412109375 0.124679565429688
0.218475341796875 0.171356201171875 0.160797119140625 0.156524658203125
0.142608642578125 0.253860473632813 0.0297775268554688 0.138412475585938
-0.00010681152343748 0.279159545898438 -0.0178070068359375 0.0625038146972656
-0.177993774414063 0.24359130859375 -0.0773086547851563 -0.00949859619140622
-0.2254638671875 0.151718139648438 -0.0270538330078125 -0.2347412109375
-0.292633056640625 0.182464599609375 0.17474365234375 -0.156478881835938
-0.62054443359375 0.16668701171875 0.369659423828125 -0.052703857421875
-0.58428955078125 0.23388671875 -0.00733184814453127 0.109947204589844
-0.4244384765625 0.476287841796875 0.27484130859375 0.319122314453125
-0.1983642578125 0.46002197265625 0.453948974609375 -0.01263427734375
-0.02081298828125 0.491455078125 0.181976318359375 -0.187332153320312
0.184326171875 0.3953857421875 0.00869750976562502 -0.145095825195312
0.325408935546875 0.2578125 -0.00104808807373045 0.00981235504150392
0.34539794921875 0.23089599609375 0.0416030883789063 0.077178955078125
0.354766845703125 0.157470703125 0.124771118164063 0.0907516479492188
0.258987426757813 0.225631713867188 0.0791549682617188 0.120773315429688
0.19598388671875 0.312896728515625 -0.00511932373046873 0.121002197265625
0.073211669921875 0.363555908203125 -0.0433006286621094 0.0577774047851563
-0.182220458984375 0.4156494140625 -0.101478576660156 0.00391387939453127
-0.336517333984375 0.312164306640625 -0.04608154296875 -0.184951782226563
-0.489013671875 0.2532958984375 0.0688323974609375 -0.0956344604492187
-0.70733642578125 0.125732421875 0.169097900390625 0.031158447265625
-0.650390625 0.26739501953125 -0.0791473388671875 0.214813232421875
-0.39678955078125 0.53839111328125 0.2745361328125 0.30010986328125
-0.118743896484375 0.459686279296875 0.414093017578125 -0.080535888671875
0.021697998046875 0.437347412109375 0.129928588867187 -0.275375366210938
0.172454833984375 0.366973876953125 -0.09661865234375 -0.245391845703125
0.300628662109375 0.26837158203125 -0.147293090820312 -0.056976318359375
0.3365478515625 0.25042724609375 -0.0917739868164062 0.0239334106445313
0.36090087890625 0.192626953125 -0.00777816772460935 0.0489578247070313
0.262161254882813 0.26336669921875 -0.029998779296875 0.0755767822265625
0.213714599609375 0.346771240234375 -0.066558837890625 0.0969619750976563
0.122222900390625 0.417938232421875 -0.0911102294921875 0.0504379272460938
-0.176849365234375 0.54290771484375 -0.134300231933594 0.00657653808593753
-0.416168212890625 0.433197021484375 -0.0671539306640625 -0.11334228515625
-0.62890625 0.2855224609375 -0.0786285400390625 -0.00883483886718747
-0.68170166015625 0.0867919921875 -0.0210494995117188 0.0980911254882813
-0.5927734375 0.27349853515625 -0.12237548828125 0.292877197265625
-0.27447509765625 0.493804931640625 0.2515869140625 0.245025634765625
-0.01519775390625 0.349609375 0.324951171875 -0.127899169921875
0.0489501953125 0.291290283203125 0.063690185546875 -0.314056396484375
0.1258544921875 0.272369384765625 -0.18609619140625 -0.299835205078125
0.226806640625 0.233352661132813 -0.268814086914062 -0.109298706054688
0.273773193359375 0.231246948242188 -0.21112060546875 -0.0319366455078125
0.305938720703125 0.20465087890625 -0.141555786132812 0.000839233398437494
0.210586547851563 0.263458251953125 -0.145919799804688 0.0181884765625
0.17919921875 0.327484130859375 -0.139884948730469 0.0585479736328125
0.13104248046875 0.408599853515625 -0.152191162109375 0.031494140625
-0.17144775390625 0.58062744140625 -0.1685791015625 -0.00851440429687499
-0.459503173828125 0.46746826171875 -0.0904541015625 -0.033935546875
-0.68463134765625 0.2525634765625 -0.25250244140625 0.0859680175781251
-0.558074951171875 0.056427001953125 -0.166427612304688 0.146636962890625
-0.4425048828125 0.256378173828125 -0.12933349609375 0.3302001953125
-0.11053466796875 0.37384033203125 0.208831787109375 0.169891357421875
0.068328857421875 0.185333251953125 0.21368408203125 -0.142547607421875
0.04608154296875 0.117362976074219 0.00692749023437503 -0.298919677734375
0.056427001953125 0.154617309570313 -0.239349365234375 -0.306304931640625
0.123001098632813 0.169784545898438 -0.349578857421875 -0.140350341796875
0.165817260742188 0.177474975585938 -0.2977294921875 -0.080535888671875
0.193756103515625 0.178848266601563 -0.249374389648438 -0.0490570068359374
0.113265991210938 0.2060546875 -0.236434936523438 -0.0452728271484375
0.108505249023437 0.233016967773438 -0.199935913085938 0.00993347167968749
0.1124267578125 0.3148193359375 -0.21649169921875 0.00180053710937501
-0.148895263671875 0.509735107421875 -0.205078125 -0.0489349365234374
-0.448486328125 0.400146484375 -0.1180419921875 0.0230636596679688
-0.627197265625 0.153564453125 -0.424346923828125 0.15814208984375
-0.363800048828125 0.0240478515625 -0.254379272460938 0.182174682617187
-0.253829956054688 0.211807250976563 -0.111236572265625 0.33514404296875
0.0360565185546875 0.222335815429687 0.156570434570313 0.101486206054688
0.107231140136719 0.0295639038085938 0.117416381835937 -0.126396179199219
0.0180606842041016 -0.0279922485351562 -0.025787353515625 -0.254425048828125
-0.0191497802734375 0.0461692810058594 -0.254745483398438 -0.280227661132812
0.00443267822265626 0.0944366455078125 -0.383087158203125 -0.15234375
0.0327835083007813 0.094970703125 -0.338775634765625 -0.115997314453125
0.048126220703125 0.109642028808594 -0.308135986328125 -0.092437744140625
0.0053253173828125 0.0878677368164062 -0.277664184570313 -0.095977783203125
0.0459060668945313 0.07525634765625 -0.231307983398438 -0.0287628173828125
0.105087280273437 0.160125732421875 -0.274017333984375 -0.033233642578125
-0.082916259765625 0.355987548828125 -0.232192993164063 -0.115249633789062
-0.351226806640625 0.2545166015625 -0.139488220214844 0.0445327758789063
-0.455810546875 0.0196533203124999 -0.565185546875 0.189208984375
0.162582397460938 0.0628814697265625 0.64349365234375 -0.2938232421875
0.102508544921875 -0.123428344726563 0.168899536132813 -0.0972442626953125
-0.0735397338867187 -0.137466430664063 0.234451293945313 0.181503295898438
-0.1505126953125 0.01544189453125 0.33929443359375 0.053009033203125
-0.0420303344726562 0.1278076171875 0.2113037109375 0.0391998291015625
0.0670928955078125 0.0527458190917969 0.2440185546875 0.114700317382813
0.0995864868164063 -0.0271682739257813 0.33380126953125 0.119964599609375
0.092987060546875 -0.00261688232421875 0.33514404296875 0.14300537109375
0.0951385498046875 -0.0219345092773437 0.366424560546875 0.161285400390625
0.112503051757813 0.0365066528320313 0.252487182617188 0.220611572265625
0.0407943725585937 0.119453430175781 0.0496063232421875 0.197540283203125
-0.102058410644531 0.0966567993164063 -0.035980224609375 0.0966949462890625
-0.084869384765625 -0.081573486328125 -0.0917129516601563 -0.0569305419921875
0.0691757202148438 -0.112014770507812 -0.00286865234374998 -0.29248046875
0.177703857421875 0.0393829345703125 0.248367309570313 -0.201690673828125
-0.143157958984375 0.157272338867187 0.64044189453125 -0.24456787109375
-0.145660400390625 0.04339599609375 0.132270812988281 -0.0623245239257813
-0.209793090820313 0.101181030273437 0.255722045898438 0.251922607421875
-0.197128295898437 0.197158813476563 0.4017333984375 0.05792236328125
-0.0439453125 0.30877685546875 0.211990356445313 -0.00588989257812498
0.13446044921875 0.217315673828125 0.188003540039063 0.06634521484375
0.2236328125 0.091064453125 0.26629638671875 0.115020751953125
0.216476440429688 0.0909576416015625 0.274734497070313 0.1414794921875
0.209152221679687 0.0439300537109375 0.32061767578125 0.1466064453125
0.168655395507813 0.10760498046875 0.2208251953125 0.188919067382813
0.091766357421875 0.190719604492187 0.045654296875 0.16412353515625
-0.061737060546875 0.194488525390625 -0.0164871215820313 0.0723953247070313
-0.151229858398438 0.074859619140625 -0.0704574584960938 -0.02984619140625
-0.0940628051757813 0.00187683105468752 -0.0165252685546875 -0.267059326171875
-0.0626296997070313 0.105339050292969 0.2374267578125 -0.192733764648438
-0.427825927734375 0.19244384765625 0.544464111328125 -0.1571044921875
-0.40289306640625 0.171661376953125 0.0680160522460937 0.0120086669921875
-0.346588134765625 0.3280029296875 0.27447509765625 0.30328369140625
-0.2227783203125 0.364959716796875 0.451690673828125 0.0318603515625
-0.038909912109375 0.447021484375 0.207778930664063 -0.0906829833984375
0.1761474609375 0.34588623046875 0.105148315429688 -0.0300979614257812
0.306793212890625 0.19476318359375 0.14764404296875 0.0748443603515625
0.3096923828125 0.17144775390625 0.173049926757813 0.119338989257813
0.303924560546875 0.10174560546875 0.240966796875 0.12091064453125
0.224319458007813 0.169662475585938 0.16680908203125 0.155899047851563
0.151153564453125 0.254745483398438 0.031341552734375 0.142135620117188
0.00387573242187497 0.28668212890625 -0.019561767578125 0.0611991882324219
-0.17840576171875 0.25 -0.0763320922851563 -0.0100555419921875
-0.231536865234375 0.155853271484375 -0.0334320068359375 -0.2357177734375
-0.2943115234375 0.1864013671875 0.178054809570312 -0.161956787109375
-0.63262939453125 0.1795654296875 0.373565673828125 -0.059600830078125
-0.59271240234375 0.25006103515625 -0.0114288330078125 0.115440368652344
-0.4234619140625 0.49334716796875 0.28765869140625 0.3231201171875
-0.19769287109375 0.4716796875 0.464569091796875 -0.023895263671875
-0.012115478515625 0.502655029296875 0.1817626953125 -0.195953369140625
0.192626953125 0.404815673828125 0.002410888671875 -0.1473388671875
0.337890625 0.259613037109375 0.00103092193603518 0.0131120681762695
0.3572998046875 0.228912353515625 0.0432357788085938 0.0790328979492188
0.36566162109375 0.15277099609375 0.1280517578125 0.0880966186523438
0.266433715820312 0.226486206054688 0.0832443237304688 0.121070861816406
0.205902099609375 0.315185546875 -0.00440216064453123 0.124427795410156
0.078643798828125 0.3719482421875 -0.0454559326171875 0.0575752258300782
-0.17828369140625 0.4259033203125 -0.0997848510742188 0.00396728515625005
-0.340728759765625 0.32281494140625 -0.0515289306640625 -0.1865234375
-0.49627685546875 0.262664794921875 0.0715866088867187 -0.0996627807617187
-0.7218017578125 0.140869140625 0.16949462890625 0.0286865234375
-0.6588134765625 0.28631591796875 -0.0824279785156251 0.223678588867188
-0.393646240234375 0.555633544921875 0.2877197265625 0.303558349609375
-0.116302490234375 0.46875 0.42333984375 -0.09014892578125
0.02911376953125 0.444549560546875 0.12786865234375 -0.284393310546875
0.1785888671875 0.37451171875 -0.106399536132812 -0.24774169921875
0.313018798828125 0.27099609375 -0.148849487304687 -0.0521087646484375
0.35028076171875 0.248046875 -0.0924835205078125 0.0270233154296875
0.371978759765625 0.189971923828125 -0.00779342651367185 0.048004150390625
0.269821166992188 0.2662353515625 -0.0294113159179687 0.0774993896484375
0.22418212890625 0.349456787109375 -0.06658935546875 0.100471496582031
0.12969970703125 0.42474365234375 -0.0940322875976563 0.0513458251953125
-0.170867919921875 0.554840087890625 -0.132369995117188 0.00810241699218752
-0.419281005859375 0.448822021484375 -0.0708389282226563 -0.114311218261719
-0.63885498046875 0.3006591796875 -0.0773391723632813 -0.009735107421875
-0.69500732421875 0.10089111328125 -0.022705078125 0.0995025634765625
-0.597900390625 0.2919921875 -0.122802734375 0.304473876953125
-0.267578125 0.506103515625 0.264541625976563 0.246780395507813
-0.012115478515625 0.354095458984375 0.33184814453125 -0.13775634765625
0.052642822265625 0.294830322265625 0.059844970703125 -0.322784423828125
0.12994384765625 0.2784423828125 -0.1982421875 -0.30157470703125
0.237777709960938 0.236846923828125 -0.273773193359375 -0.102752685546875
0.284454345703125 0.231170654296875 -0.214691162109375 -0.02813720703125
0.314666748046875 0.203643798828125 -0.14495849609375 0.00140380859375
0.217010498046875 0.268646240234375 -0.148727416992188 0.021697998046875
0.18792724609375 0.330474853515625 -0.1416015625 0.0617218017578125
0.139617919921875 0.41448974609375 -0.1558837890625 0.034454345703125
-0.16259765625 0.593017578125 -0.167892456054688 -0.00738525390624996
-0.46270751953125 0.484161376953125 -0.0928115844726563 -0.03533935546875
-0.697509765625 0.27056884765625 -0.253021240234375 0.0894317626953125
-0.56915283203125 0.0681152343750001 -0.169586181640625 0.150360107421875
-0.444061279296875 0.273162841796875 -0.127410888671875 0.342041015625
-0.10235595703125 0.379486083984375 0.218246459960938 0.171051025390625
0.06982421875 0.184524536132813 0.218231201171875 -0.149093627929688
0.0458602905273438 0.117218017578125 0.00238037109375001 -0.306121826171875
0.0573272705078125 0.158859252929687 -0.252044677734375 -0.3055419921875
0.130142211914063 0.17425537109375 -0.3568115234375 -0.133514404296875
0.172805786132813 0.180404663085938 -0.303680419921875 -0.077606201171875
0.200027465820313 0.181655883789063 -0.254852294921875 -0.0483856201171874
0.117568969726563 0.211624145507813 -0.241973876953125 -0.041534423828125
0.113143920898437 0.23541259765625 -0.203475952148437 0.0133209228515625
0.118499755859375 0.319091796875 -0.220535278320313 0.00596618652343748
-0.13970947265625 0.5186767578125 -0.206436157226563 -0.048004150390625
-0.45098876953125 0.41748046875 -0.119308471679688 0.0221633911132813
-0.6416015625 0.1690673828125 -0.4273681640625 0.166717529296875
-0.371063232421875 0.0328063964843751 -0.258071899414062 0.188247680664063
-0.251678466796875 0.223556518554687 -0.105926513671875 0.34521484375
0.0433502197265625 0.222091674804688 0.163558959960938 0.101913452148438
0.107131958007813 0.025909423828125 0.119705200195312 -0.129280090332031
0.0142135620117188 -0.0293865203857422 -0.0296173095703125 -0.25958251953125
-0.0205116271972656 0.0485954284667969 -0.265472412109375 -0.279205322265625
0.00799560546875001 0.09967041015625 -0.39031982421875 -0.145721435546875
0.0347747802734375 0.100028991699219 -0.344940185546875 -0.11248779296875
0.0503616333007813 0.113983154296875 -0.31512451171875 -0.091888427734375
0.00481414794921876 0.0927505493164063 -0.2847900390625 -0.0928955078125
0.0456771850585938 0.0752334594726563 -0.2352294921875 -0.0254974365234375
0.108749389648438 0.160003662109375 -0.278106689453125 -0.027618408203125
-0.075531005859375 0.361663818359375 -0.237060546875 -0.114578247070312
-0.354644775390625 0.26776123046875 -0.139839172363281 0.0434112548828125
-0.46875 0.0303649902343749 -0.571044921875 0.19989013671875
-0.107615692131422 -0.121283950748788 0.59553438432067 0.399884872777207
-0.180131864072194 0.0106229344440449 0.18083076930435 0.142443337108766
-0.0974605646182428 0.135283533108348 -0.00363964044778683 0.322272809413737
0.0926088103999157 0.117926339726338 0.139928341990078 0.292390608298124
0.102244893538268 -0.0673467601297827 0.0642435297944826 0.207276424556666
-0.0250265243700359 -0.100571559375556 -0.00572248174511709 0.276872890686263
-0.0981330182333554 -0.0784836717572425 -0.00589981313848528 0.373944794325948
-0.0891826795501414 -0.0710987521708196 0.0158175448431562 0.40297683285886
-0.0983348981521578 -0.0869258312346353 -0.00310550672963053 0.421481669523872
-0.0655583902720461 -0.11816659171466 -0.0843597222790021 0.326561510865754
0.0559207166796913 -0.124916260247839 -0.180019179778863 0.136241547655193
0.151315050551801 0.0191838130753744 -0.10457579235108 -0.0121037595517452
0.0125117892380948 0.123772077421022 0.00887731639445616 -0.110403742583916
-0.125985306921137 0.0329388913170931 0.247061493200046 -0.134671220380375
-0.0729187750265953 -0.145838239263704 0.282395546474602 0.0711152779316944
0.132737422698897 0.0722595792698043 0.564738283455977 0.378481225239407
0.119532426786908 0.101149687827183 0.133653094275099 0.063444634559138
0.1793049867244 0.10123297458014 -0.0996261518910521 0.321781678312479
0.278965964557208 0.030998570659323 0.128128749902162 0.316853493477817
0.237630260211175 -0.195823035360893 0.0791956973980909 0.176377970662316
0.0656218524780756 -0.252338927620831 -0.0175389257890735 0.201837868711708
-0.0534067159598408 -0.253701325826909 -0.0538760791067662 0.305762842676772
-0.0955512137466475 -0.223008503052081 -0.02491263378445 0.352013793698582
-0.104653516265115 -0.222895588817493 -0.0248592366245686 0.374417915976263
-0.0423455361247743 -0.207683216933203 -0.0846497630753857 0.279971466543817
0.0752050701172333 -0.208282308695294 -0.162660375905202 0.112422657407831
0.209041725804111 -0.0738599581181262 -0.0875368941467875 -0.0146303006273174
0.164432424541832 0.0534165355511313 -0.00754385661913472 -0.092268005145018
0.0582271175767696 0.0883334663372548 0.229175866509396 -0.152670898208274
0.097781522107869 0.00961505186005766 0.295761167400628 0.0601592135784588
0.323815876937856 0.273173263023879 0.456513839688574 0.303990593027204
0.392991224312065 0.220534205933931 0.0434309877230165 -0.0194105149236889
0.447533901911419 0.0790721355196094 -0.174455819302386 0.310277001052972
0.439540520753707 -0.0614441319811085 0.135700959903359 0.321965372377095
0.339121289473585 -0.291107070025181 0.134878548125265 0.120484179325427
0.147656771612834 -0.355194050784662 0.0104484299489102 0.0809003771936611
0.00347868608183049 -0.383290169430042 -0.0792999686649927 0.174228089914825
-0.0896846998761884 -0.342697627197368 -0.0638290149398169 0.247177359784615
-0.103611807660759 -0.336147298603071 -0.0476681044683048 0.291123287249755
-0.0231102230924764 -0.29215866655569 -0.0953136097314833 0.216310933561363
0.0834513744994894 -0.294476713329799 -0.161320635903339 0.0874639608696036
0.248013858069407 -0.185785652122165 -0.0973646365711972 -0.028012405892067
0.301559408601934 -0.0573734057124926 -0.037482903245255 -0.0986722142496912
0.258139727456107 0.098340039411639 0.202129780853093 -0.174815885535219
0.280456235267943 0.148586510330853 0.262331777572321 0.0229831870656183
0.439752515712948 0.434823506007437 0.29606390844735 0.187767550489928
0.586927440529053 0.314401940082791 -0.082220635710516 -0.0840507397938676
0.631157261236661 0.0408624495381421 -0.215939070751482 0.297865983903626
0.514222568891648 -0.154205931461128 0.162999810379927 0.299444629740865
0.363461763090373 -0.339791390124833 0.208900095689651 0.039138246681936
0.189503766200016 -0.390853458857874 0.0606416803196837 -0.0665495665750941
0.0534007824918247 -0.443032684049173 -0.083873614885887 0.00740306197413455
-0.0697809934377251 -0.412839030904996 -0.0932476009521841 0.104103787509739
-0.0864920096716021 -0.414359087821824 -0.0740543436107617 0.171934170765145
0.00163921242813859 -0.362483455059214 -0.115297061209146 0.125585485837003
0.0932089448808758 -0.373794338423857 -0.173142336137397 0.0435858926600248
0.277835603311177 -0.302169804783469 -0.125920579481437 -0.057340634981203
0.419935286261847 -0.184287357611794 -0.075294363282404 -0.121143728415025
0.449863568878698 0.0791617117885361 0.154850585317454 -0.187754285721022
0.446409967562427 0.263927578724231 0.17327591638449 -0.0312444358345876
0.480677633042976 0.514083454898533 0.116278499241664 0.0544014007414716
0.662841842736243 0.33321930013514 -0.216737329117877 -0.111122393051672
0.663571108651841 -0.0201683585366783 -0.214776453497323 0.287422168094141
0.456219151518793 -0.21520715195899 0.19402720001188 0.249978242201008
0.296688733463616 -0.317848869853348 0.269779220079626 -0.0532736798049624
0.188146812340429 -0.349710685561107 0.107153448422585 -0.21075012547032
0.087003472813083 -0.424772543509721 -0.0728475353779687 -0.161540252273427
-0.0377472134023046 -0.418563902907468 -0.109714120412063 -0.0559753331229551
-0.048514146631047 -0.437606053800571 -0.0969722095405139 0.0244963174964948
0.0381455381962453 -0.392226350681685 -0.136399571298505 0.00465006724613849
0.110706449753575 -0.410246729926804 -0.185385469338591 -0.0290598388270138
0.294999802128943 -0.378236338540242 -0.156174012956711 -0.105287279636169
0.504871839289132 -0.2831758534511 -0.107153091897479 -0.154416823763259
0.593638636965098 0.0604105339129458 0.0870445203079647 -0.185837464260299
0.554107974357627 0.349478324158613 0.0309724583145002 -0.0966459665174449
0.455034170026879 0.502668668351302 -0.049770987149874 -0.0650122319707375
0.630577590373455 0.269083586266768 -0.321312870891033 -0.0988157333042768
0.550434682374595 -0.0921438488937469 -0.176635417381534 0.269135330358477
0.288959883992431 -0.221241762414797 0.206051965303621 0.186280182717344
0.177146635719999 -0.219692114940149 0.288650433671437 -0.129332430139012
0.153350492850698 -0.24231747932764 0.132168334447563 -0.317760154997938
0.105334691423428 -0.33627725392585 -0.0556682709496846 -0.302304763501692
0.00189580372854563 -0.357934119736295 -0.109053765306956 -0.206261413514556
0.00466580234176426 -0.392022854740172 -0.105937565852341 -0.129677999227693
0.0830444054363638 -0.351768696000067 -0.139789844800285 -0.129546554724346
0.126636837434059 -0.365921726175217 -0.17955432794125 -0.119894813679209
0.281946595386111 -0.37769361226964 -0.170510263752589 -0.167537916286693
0.525014322856454 -0.313824212427379 -0.117990220204854 -0.194882372987144
0.648238069709865 0.0647810987266388 0.0105947868866939 -0.172066817009633
0.569833410578524 0.404100302989928 -0.143736111879437 -0.170818491290366
0.378303030479923 0.408538999557627 -0.183772056611795 -0.143581817936722
0.515298155615326 0.150038087641329 -0.374956336519386 -0.0555721757652172
0.351683846166485 -0.150738709906207 -0.119490285682136 0.23685439139746
0.0929244602178812 -0.17210538902413 0.191747788497778 0.121047120571688
0.0583359023620966 -0.0853144781021776 0.267944963277166 -0.168786828016471
0.111616029381918 -0.109064363917654 0.133763029143388 -0.369873161965093
0.111124338272842 -0.205050130825431 -0.03477278000158 -0.39469907010016
0.043529114779036 -0.241169328263271 -0.092500517408143 -0.324683952390618
0.0607315099634693 -0.272585656038997 -0.0929532681910508 -0.261617597980613
0.110220407840062 -0.2337262863078 -0.113028110603418 -0.241966339741067
0.110384005960831 -0.242661412957905 -0.146585639307525 -0.198722792361739
0.214914072878048 -0.299072077526939 -0.163654468248538 -0.230121110596918
0.461218010406681 -0.273493630404711 -0.102133609806775 -0.243118911241399
0.592898185808754 0.0920244152150833 -0.0494650156711098 -0.159657654277786
0.473851694438668 0.40508056660247 -0.312743726459112 -0.249719589034783
0.252490827613547 0.258721416896402 -0.279976611261098 -0.168964309672966
0.347917273701595 0.0227141505888277 -0.383935378930761 0.00473758813980696
0.138762991663798 -0.173198269968099 -0.0634928475485517 0.197806995645133
-0.063036320491824 -0.0940180948647494 0.159958363299119 0.0713121845807323
-0.0229359091386034 0.0403849431140468 0.23042688078987 -0.171717377502716
0.0766529948137147 0.0194996802997914 0.127640506539289 -0.372536186246258
0.111074084366429 -0.0546947760579929 -0.0100143021106198 -0.434744700060624
0.0777298342027498 -0.087029625051997 -0.063259314706802 -0.391461329516019
0.0929065893254354 -0.0990543766152882 -0.0569778322766641 -0.342063517594581
0.0919628041091169 -0.064585537988486 -0.0652446661241474 -0.299341980258516
0.0378652686420979 -0.0805239241870543 -0.102997413362748 -0.236514352094101
0.0856381686747972 -0.189762221164656 -0.143339424448948 -0.279707579578959
0.308425450489831 -0.198077193361783 -0.0571390727693464 -0.291417182102578
0.422599886769933 0.105031157061576 -0.0795754382669332 -0.147120344241125
0.285141055980571 0.337377523794904 -0.443069258152063 -0.323836799907512
-0.118550121880593 -0.115809394402396 0.617115457471227 0.369495269136324
-0.179717187042212 0.020880929092146 0.186902943873983 0.132607758208152
-0.0879305318002774 0.141978479204731 0.0148643675424032 0.326297820282744
0.101492763361549 0.112200128959803 0.156078369197654 0.284274716943506
0.0971353752605844 -0.0757960257993999 0.0734261777167814 0.20398559574184
-0.0314198899045664 -0.099890042020462 0.00802251377730187 0.276225970417175
-0.101846639796244 -0.0695328932719098 0.0146446144317995 0.374391378315447
-0.0964606213959999 -0.0643037934082006 0.0363275418422254 0.404077324659571
-0.106169702537938 -0.0801857756517476 0.0198762886079901 0.421969475895137
-0.0746088575756947 -0.111527389019174 -0.0654342814961313 0.330516459091289
0.0457621811405304 -0.129482663753737 -0.177328537050057 0.147819674418802
0.153896960515968 0.00679401975694977 -0.106101677674306 -0.010560916357765
0.0203212948751114 0.125345570572538 0.00412045918434313 -0.113866005454504
-0.123864783045992 0.0430005086385338 0.235934003159332 -0.147405929642774
-0.0865228293666364 -0.141514885150612 0.285928265138381 0.0610090093042284
0.134619303871695 0.0665195514510112 0.584916247774456 0.34871527604961
0.125353583916968 0.0963204880207336 0.133389683087235 0.0548062751513944
0.186787077308408 0.0931306237627208 -0.0814612959645499 0.331411660828488
0.285541195924386 0.0165366366391746 0.148332725878954 0.309645718664446
0.227670496758819 -0.211248077150115 0.0881332553875428 0.172014756300199
0.0539660034107188 -0.25821823362965 -0.0088526822808915 0.201327408855286
-0.0661239163680356 -0.250424974787681 -0.0372391056123883 0.308788474990048
-0.110980267438996 -0.216989758291675 -0.008204911488097 0.354677169075607
-0.119263165197498 -0.216709426668908 -0.00446571156766231 0.376474953442066
-0.0535681837946891 -0.204231239894572 -0.0698148472789686 0.284265265970651
0.0618411093009427 -0.213200944780736 -0.159981450492106 0.122303204382936
0.207356858195675 -0.088093056754957 -0.0892544327231866 -0.0141746911984238
0.168091981947289 0.0468820205420468 -0.0102885678372282 -0.093211120391131
0.0645468516935573 0.0886495781158322 0.218717902472407 -0.164556268802832
0.0948288121713224 0.00699187710413053 0.300179964949003 0.0479325374038909
0.338591677517556 0.2587920112327 0.472987081009725 0.280145169149823
0.406034264763959 0.20319889531957 0.0372925469047504 -0.0239394216136466
0.453568709085868 0.0547609945894282 -0.158038731101611 0.324389826475134
0.443658816533943 -0.083388257520338 0.156954878105197 0.313204681979295
0.324558797862214 -0.311980310957673 0.142269123521495 0.112824984727925
0.132956339686368 -0.367138732912324 0.0107224903518738 0.0772271506107102
-0.0171803525507459 -0.385731147064247 -0.0708457378613458 0.181134581187766
-0.110381945547997 -0.338148648629015 -0.0522795395312662 0.251646959423574
-0.123678779970229 -0.330898465779218 -0.0326491028097795 0.293714600341666
-0.0371388993934964 -0.291411117893747 -0.0837885888712374 0.220802751566086
0.0662663405695964 -0.299470648174712 -0.159762315071126 0.0962908534439124
0.241468551649658 -0.201038962133614 -0.100608502648994 -0.027015949566159
0.299594868506139 -0.0705256054624409 -0.039757985604153 -0.0959913179297455
0.26505646578425 0.088258451770756 0.191110150509052 -0.184839509799313
0.28640472527611 0.137966638904918 0.26653811066148 0.011383214742927
0.465597605151217 0.414402071727721 0.306008816120447 0.173254256010053
0.606112026277747 0.284258097471997 -0.0935209672642547 -0.0816464539551176
0.634080797768634 0.00883791347120242 -0.199796781620809 0.314983461779774
0.511906342037578 -0.178235271335533 0.184618017754467 0.290544084876157
0.347548702571143 -0.360286304443888 0.213230236218322 0.0260016142525022
0.176002509555843 -0.405574046112388 0.0526428476097335 -0.0743508043429863
0.030662133015316 -0.449540599182369 -0.0841140547296281 0.0148566117353133
-0.0941701153725775 -0.410047237271901 -0.0902016253861463 0.110116528664237
-0.110319653803768 -0.412090472909129 -0.0657466464679065 0.174619945003505
-0.0155959394912387 -0.364835785333826 -0.109497502964741 0.13083357613926
0.0729860150863458 -0.378172453692117 -0.172568059712366 0.0527520076631455
0.265872045771044 -0.319060006479952 -0.130898808776159 -0.0542572839096488
0.412508124285208 -0.203579538073526 -0.0777217002089832 -0.11575902665813
0.456976822067323 0.058100143488751 0.144667913667395 -0.196649391823067
0.462311000376085 0.24600226939234 0.175598054567309 -0.0394379306670215
0.512472374821675 0.493022950792295 0.11935390108378 0.0462592187698314
0.683203759956923 0.297328828787511 -0.230275192277044 -0.101560617502392
0.663926162735691 -0.0547049085909609 -0.199680155392146 0.303983967956564
0.450427530983224 -0.236553066913393 0.212603405492629 0.240540442728703
0.283052009319463 -0.332593770579203 0.270630469960108 -0.0693545681141318
0.175438008747448 -0.361322756276476 0.0922854749127679 -0.221519669407022
0.0659180721032093 -0.43332305042631 -0.0827704186369645 -0.155310960280617
-0.0626572617707517 -0.417999216499441 -0.114181577753312 -0.0486225987491919
-0.072424577172618 -0.43875115740026 -0.09688667272174 0.027904610421497
0.0211503333282866 -0.397319599145272 -0.137690600089761 0.00991839573761261
0.0899117774193672 -0.416055645922384 -0.18858688200021 -0.0197459187248401
0.279249890863289 -0.394255235101238 -0.163352273561387 -0.100208045312707
0.489314958231576 -0.309318288955229 -0.111715077267889 -0.146621107657482
0.60020110596086 0.0299819809562894 0.0782539673259834 -0.192183047467844
0.577893995951361 0.327089504799154 0.0291335708154258 -0.099304195192117
0.486941408292752 0.480690979626237 -0.0531707909304801 -0.0653582771573713
0.64547971366556 0.235077330543793 -0.332947482655507 -0.081259818664011
0.543357595894431 -0.12223630307637 -0.161838010240115 0.283993406185187
0.280948637271047 -0.232479335183102 0.221233829115315 0.176451487349593
0.167647137594383 -0.225928966048319 0.28548287319502 -0.146797635634186
0.146812206702934 -0.252351610530853 0.112054352730366 -0.329179555906795
0.0888992699577053 -0.348009904568481 -0.0726202059203598 -0.297796877597399
-0.0171823760883425 -0.359994797925778 -0.120284558523246 -0.200738541061101
-0.0143470155494343 -0.394866171890092 -0.113515645652638 -0.127085834266373
0.0691305117668088 -0.360170409134528 -0.148757792075858 -0.124111815226445
0.108560455270789 -0.372749249098765 -0.186542723182114 -0.110980246406762
0.26558797194962 -0.393591917182976 -0.181081162620101 -0.160521209819337
0.507772102336324 -0.341398948727005 -0.12519335915197 -0.188115657242324
0.656623412774404 0.0312221346581603 0.00468981042038719 -0.17491522096269
0.596079895161331 0.378603246342602 -0.149813619798545 -0.164687895663216
0.404203750138266 0.390298721189988 -0.191608804512963 -0.138261624958615
0.524269358429303 0.119755269539894 -0.381953943499923 -0.0339420762713093
0.339519373446428 -0.169768058509117 -0.104830494518326 0.248451982927893
0.0848979290626287 -0.173180132146832 0.201881506528133 0.112357924463695
0.0560930362304254 -0.0843939650786048 0.261764223927559 -0.184599809710965
0.111401294038074 -0.114919860281371 0.111740068117661 -0.380402678149459
0.102388850740482 -0.215762809856271 -0.0564207342275771 -0.39065304438645
0.0323433888303058 -0.246183044965667 -0.108781362655523 -0.320277941192232
0.0486642410015489 -0.279043840376937 -0.106411233732806 -0.260277827466412
0.103192609783851 -0.243694816773634 -0.128419156008062 -0.238808135623873
0.100149940113439 -0.247638150122946 -0.156397091679386 -0.192129424968967
0.200702422467431 -0.310122644857192 -0.176226277932602 -0.221800075473559
0.44462072333052 -0.298171381055878 -0.112951907172254 -0.237718558978762
0.601890315642049 0.0612261433370936 -0.0538396450306875 -0.160292760127069
0.500245124243441 0.385029933771407 -0.324837439482995 -0.235050169918069
0.269823122390003 0.246830439962386 -0.288292640723366 -0.157840917160855
0.348846710032022 0.000993990371933588 -0.385437139642009 0.0278423040115124
0.125443701694467 -0.180619200861906 -0.0510848774261184 0.205173266152918
-0.0680750478051583 -0.0885886404912565 0.165667624225291 0.0651417867131238
-0.018568676448918 0.0449341322211314 0.223657362631334 -0.184861523986141
0.0819329514607258 0.0162375778827938 0.106546229858988 -0.381584779796553
0.110986497940278 -0.0639951793340695 -0.03391868615916 -0.433060892190913
0.076321581970435 -0.0937615566802959 -0.0813238140571577 -0.389102135470047
0.0915096973744702 -0.106510486676683 -0.0733621423107787 -0.342569340644079
0.0937991272830137 -0.0711674298031938 -0.0824922210864827 -0.29861673696943
0.0364238645555654 -0.0803053408973776 -0.114743136722209 -0.232302672652932
0.0747944363246297 -0.193873728478135 -0.158727352915814 -0.271484226709029
0.296144733796491 -0.214903845351317 -0.0706221651654519 -0.289256749994711
0.432384807108097 0.082717045355777 -0.0828056090608748 -0.14605611942069
0.309348441591829 0.325922101724097 -0.45937893586284 -0.305496033627932
-0.124908160912233 -0.106967468479262 0.62185616105718 0.33317406681267
-0.174189152271563 0.02899359526531 0.186902856886753 0.120932913870485
-0.0772359396785817 0.14402010723314 0.0309438352682189 0.322548017422444
0.108842968300976 0.104358040742994 0.167823761019996 0.269652724763293
0.0900521246705804 -0.0822140745506599 0.0800271481312199 0.196085209507342
-0.0363337480144349 -0.0971538458520955 0.0188443070749593 0.270506299521572
-0.102954676264313 -0.0602340614739866 0.0321864232685617 0.365693854722294
-0.100285205025266 -0.055883744114957 0.0534681912789499 0.39477355053146
-0.110540104208284 -0.070562111478771 0.0410613375270789 0.411968297266016
-0.0807948477431474 -0.103002685099265 -0.0480046671643231 0.327133947934033
0.0350586614032751 -0.13129015302073 -0.169590453212814 0.156156584599737
0.152654250562858 -0.00472605812980036 -0.106362453158917 -0.00859637094149189
0.0275210509388776 0.12494025505507 -0.00101757520330977 -0.114661997122832
-0.117769775761049 0.0508266397055403 0.219984718608737 -0.155643635619615
-0.0963375422342284 -0.133325936323312 0.283135091451033 0.0509158183825584
0.133605952888003 0.0603618388137723 0.589716447303905 0.313905685641919
0.127845598874312 0.0897496895821264 0.128592758296003 0.0469462251669667
0.189221457648531 0.0832085532532318 -0.0633624603135408 0.332108012658381
0.285952954525725 0.00256190787739944 0.162103671486768 0.293814068420776
0.212275012975232 -0.220442054906876 0.0941188693719864 0.16347738008091
0.0423796146560528 -0.259027698913568 -0.00409634306146293 0.196380431277518
-0.0767813230620014 -0.241770140696732 -0.0220421652650053 0.304591522379501
-0.122456023485 -0.205765517772553 0.00682263936094065 0.349955115450742
-0.129796110680398 -0.204704185383201 0.0147809765046518 0.369039340877787
-0.0627086499445391 -0.195906805283052 -0.0549041951781779 0.280548527010137
0.0465390851683822 -0.212767236404162 -0.153823640974666 0.129189383095327
0.200891149926669 -0.0994289659701606 -0.089955141157571 -0.0139277461216741
0.168290788070518 0.0411539221798658 -0.0127057963944722 -0.0920143818873971
0.069534601749406 0.0866340782178143 0.20304092575433 -0.171457424930619
0.0894383591579145 0.00557375027454181 0.297945236207141 0.0362896662294849
0.344428625931497 0.239102379408554 0.47621261526491 0.252576614715009
0.408671579989387 0.179665156201738 0.0288048635738279 -0.0257842496643928
0.449051022768365 0.0329368713414715 -0.139357058387862 0.328503598428875
0.436471610192696 -0.100908098206227 0.173140905553393 0.297547666262085
0.304288177106252 -0.32293641824491 0.145231042754042 0.101020160649736
0.116144441258746 -0.370226164986594 0.0091309642644588 0.0724336340791121
-0.0346639534987278 -0.380264092521929 -0.0609936919391033 0.181120349278483
-0.126809326844362 -0.325613546775266 -0.0417792393518751 0.250420711904975
-0.138928526999697 -0.317989220048472 -0.0179457510936196 0.289024036099437
-0.0486274452661918 -0.284231161282189 -0.0724497488372087 0.219401217732167
0.0492629525258874 -0.296817329413956 -0.153393962149732 0.102772389991485
0.229870902302939 -0.210371405270837 -0.101877272556639 -0.0256694202189738
0.291863938922089 -0.0806042143308801 -0.0403735617304702 -0.0925734417777253
0.266744069629386 0.0768885755468161 0.177291285039873 -0.190504284904419
0.286897448851683 0.125854504645666 0.264571982448864 0.000550427965195424
0.47901148999128 0.387978494341274 0.308052462610641 0.153676090135198
0.606520375763021 0.251935806281809 -0.101639954544843 -0.0760635261440637
0.62183346311688 -0.0215214318278393 -0.18126657884441 0.321544508528702
0.499982005314773 -0.197092145373628 0.200143864984214 0.273888461298133
0.324104928941169 -0.37122217199731 0.213046199263428 0.0133441878089818
0.158730134061861 -0.41083689731685 0.0424297121817793 -0.0791257700877352
0.0103756434940129 -0.447067832205753 -0.0821475455502608 0.0193530085099385
-0.113662184246941 -0.398521437101462 -0.0850687402486328 0.113548441381146
-0.129036318671256 -0.398716595693593 -0.0570769586511914 0.173534008971981
-0.0301028641960767 -0.359765843243412 -0.102362460427806 0.132670556894488
0.0538641247971403 -0.374546789755876 -0.168138202130685 0.0593694054492846
0.249117378078154 -0.325418484870171 -0.132675038698402 -0.0502524117841384
0.395259358637317 -0.218073556860209 -0.0775079086173073 -0.10925941164067
0.452818273840533 0.0375924847587005 0.132180582707423 -0.200385926160633
0.464290499601692 0.222977946847308 0.173514705618711 -0.0465980526749876
0.529235722555567 0.461615886836543 0.119743778425708 0.0370401592656721
0.686385844037736 0.260423586907729 -0.23661727135674 -0.0894183494967444
0.647335732036284 -0.08793063055721 -0.18184212574984 0.312103217797753
0.435218747365058 -0.251023114030066 0.225668741478104 0.225200371262458
0.263334775079957 -0.337951568313338 0.264474267162543 -0.0846310430293085
0.160968483976802 -0.367414482953458 0.075181347075986 -0.225418493542551
0.0457343050171205 -0.432970075359013 -0.0887841810000439 -0.146974090498706
-0.0818379119456458 -0.40838087042059 -0.114921230702039 -0.0416376724384873
-0.0925917162301252 -0.427849292889847 -0.0948080222129833 0.0306695022376296
0.00601503464297625 -0.394342974008201 -0.136340500947706 0.0151452078760326
0.0700697125458743 -0.411370177024219 -0.186505845936574 -0.0111234539760776
0.258458408848933 -0.401115234898765 -0.166457652007566 -0.0927884289669179
0.466015526500267 -0.324679921555484 -0.112156609099261 -0.138050995025117
0.592633654398134 0.00214316353683549 0.0687657645384307 -0.194050784860141
0.585299106379668 0.297119252675176 0.0274252337552754 -0.100028500101341
0.502680436609271 0.45257920078577 -0.0541113179230855 -0.0651776066193303
0.644193755972407 0.198585924934412 -0.334808164310968 -0.0633295213773021
0.524973310431566 -0.146788014080638 -0.144694098086653 0.290546191727932
0.266447339561398 -0.237421010781388 0.230357183781286 0.161816764284474
0.155624272291842 -0.226273648562086 0.27551018843929 -0.160135664690593
0.137456551988574 -0.257099039861287 0.0908107345792744 -0.330898343705239
0.0726977967350499 -0.350166511462559 -0.0858157385098601 -0.28632795078976
-0.0328158007489144 -0.354228711154639 -0.127696826532658 -0.190869718826132
-0.0313068835716899 -0.38962478349811 -0.118620360981798 -0.120742538170581
0.0547344571150149 -0.360490338297629 -0.153959153925894 -0.116068791560245
0.0909711635241534 -0.37046457372293 -0.18806874127135 -0.101352728733961
0.243588927136577 -0.397177146491534 -0.185961924305545 -0.150079295523643
0.481878622628841 -0.357706154205004 -0.127450690565969 -0.178045245037883
0.647100532613619 0.000534018883685178 -0.000901935789055035 -0.174573231227344
0.6082109722494 0.345373303528536 -0.151847763385137 -0.156425037003828
0.419063362840644 0.365291030770439 -0.19328150115267 -0.130391843376856
0.51983668781399 0.0909880062840857 -0.379313116946783 -0.0137211325432416
0.320984331895521 -0.182654429047113 -0.0894452510201963 0.25244598454522
0.075477799729078 -0.169600580139316 0.20728866298689 0.101273600990264
0.0526577929472952 -0.0811158658258903 0.249986407129793 -0.194898892516433
0.109266523401745 -0.118919425216369 0.0889883248826066 -0.379999806257889
0.09226536843351 -0.221247765434886 -0.0734658796959108 -0.378475718341332
0.0217322973698376 -0.245196183027646 -0.120681346393114 -0.310062704158444
0.0370929856447103 -0.279229281391974 -0.116735341997679 -0.253107411225619
0.0939337996190554 -0.24711041787164 -0.13838599529311 -0.229331821069343
0.088956520302378 -0.246751411946559 -0.162020426725465 -0.182119449057415
0.183721047280107 -0.313191580665071 -0.183425176952952 -0.209244582159018
0.420913053642168 -0.313023379384272 -0.119019839113119 -0.227621066257329
0.595092327078724 0.0299571434913362 -0.0569959956828875 -0.157924686114176
0.515742558830833 0.356275713820407 -0.326991702227807 -0.218204043375896
0.279391990350692 0.229569023775481 -0.289342832308744 -0.145016212837732
0.343050165563617 -0.0177309439170619 -0.377320228386296 0.0476060505638037
0.110540524490969 -0.18285210093578 -0.0396475494467578 0.206339095480842
-0.0711246337432141 -0.080124339429276 0.16718293888338 0.0571036864074588
-0.0137506229690194 0.0487873346941572 0.21186624621009 -0.19235685411515
0.0857835997789815 0.0119433903817994 0.084279804282907 -0.380285472609034
0.108162683814713 -0.0723381793462697 -0.0541316248332126 -0.420297320634321
0.072781833874042 -0.09824162823554 -0.0942595504257654 -0.380268724167011
0.08869375826894 -0.111615567803193 -0.0875629220584323 -0.335548350696867
0.0924339878428544 -0.0757196221457735 -0.0962038089974957 -0.289644699812521
0.034460585287243 -0.0788224823143537 -0.122472721743669 -0.222875584844503
0.0635782764156695 -0.191939327032607 -0.168575622171926 -0.257665102450656
0.277558291659564 -0.224754392987862 -0.0809747815090485 -0.281510830174905
0.430604441991849 0.0580530773278363 -0.0841242572677009 -0.143184930629871
0.323101364824932 0.306458364183811 -0.464816547867723 -0.279926031089597
-0.150539865712333 -0.0595166036878213 0.687739479996021 0.104128008959177
-0.148752626353858 0.0886498875754162 0.21374857234849 0.0444085884385719
-0.0177034026772916 0.159991988040374 0.127425656611077 0.282634071958829
0.139673420346337 0.0541818202418264 0.235437728623985 0.198812495813182
0.0543384694986336 -0.104817159863861 0.13690154358599 0.160272119448833
-0.0658903387161964 -0.0736856370345522 0.108161321546257 0.242829048386437
-0.11403065404827 -0.0173984546447629 0.155312026771964 0.325039507922237
-0.108610624413672 -0.0131938374055151 0.181125224599217 0.343183882627074
-0.125441758370734 -0.0250979970416308 0.173210461175466 0.36087693870302
-0.107064152856387 -0.0659534050930817 0.0616514172305218 0.314431744523699
-0.0155893370240941 -0.131091795764546 -0.104321627778209 0.203067256528233
0.137718578814592 -0.0568580973952945 -0.105629528343931 0.023746634281834
0.0674578294128833 0.107658215104546 -0.0374030955409214 -0.109821739456049
-0.091589505860462 0.0883872053621522 0.152708531058797 -0.207751392605388
-0.136622815051147 -0.0900656261610418 0.2730323152834 -0.0292573231280979
0.151407126723501 0.00882798590220775 0.641262804245803 0.10309779051006
0.151254149929583 0.0387976441626852 0.123202044585722 0.00616081960098984
0.206376156154439 0.0136468198144937 0.0419560277612011 0.339549436635747
0.268322721351883 -0.10005690488818 0.241278245467384 0.233395778278938
0.122218366419684 -0.271992092409251 0.143934385993631 0.131559733294015
-0.0461108492119582 -0.250009206070398 0.0660230372442492 0.187434835411606
-0.151560953524719 -0.19851678911698 0.0871613216174766 0.293869473772835
-0.176379486045263 -0.14371115826817 0.126060163217701 0.317740452775638
-0.185339456429762 -0.141578675783408 0.134685859103162 0.331188637281019
-0.119719514554712 -0.158458113312086 0.0412776642258033 0.276859053393225
-0.0297341783470949 -0.208745451092992 -0.0970152291944176 0.174062664457316
0.153222159615505 -0.157926133469738 -0.0931324210849658 0.0161940119142783
0.169443838406646 -0.0139157722972736 -0.0428425164433079 -0.0850764611382947
0.0926969650788046 0.0607935510084348 0.131976336117455 -0.220284557272687
0.08131250060573 -0.0176647755765934 0.283392861006669 -0.0565300756401331
0.412230160659304 0.105148536476174 0.507015679621746 0.0852646311738479
0.443380930565732 0.0244069778219471 -0.00613542030956096 -0.0195679535867608
0.428190626734709 -0.120498053562183 -0.0326588731595666 0.377440705829316
0.369005587364318 -0.248214300142224 0.257387949864732 0.24418989946479
0.173461108626408 -0.396264404253199 0.175976784521991 0.0624285008715808
-0.012441349279265 -0.379399671805852 0.0388183411297943 0.0723506158043561
-0.159170757623356 -0.343013821108128 0.00929160892183274 0.198852457803776
-0.219125353209398 -0.252203144824016 0.0514581315159814 0.244633360801358
-0.23031382678725 -0.242610619459708 0.0796322948819 0.268997316451725
-0.134637813591961 -0.246081816749318 0.00617918463903969 0.227930515958624
-0.0532758438074197 -0.285823092163641 -0.104454365100398 0.150055213584382
0.145479686812481 -0.26915583384627 -0.107704985800004 0.0113292049847392
0.243206190233212 -0.163957048990586 -0.0697292257263493 -0.0750971183234814
0.271830578333943 -0.0125772330927717 0.100702203402819 -0.233210867019556
0.304291617632299 0.0333723241322583 0.241336347892375 -0.0872137830471307
0.588581440631301 0.198584749988503 0.311375328689852 0.0467160002414477
0.652051119841398 0.0231553584682277 -0.152557808595555 -0.0178027127176902
0.568551348267421 -0.229606031078244 -0.073968440004767 0.396836101293688
0.393700835426508 -0.357461178202712 0.278852770232155 0.218429393080956
0.178424023522419 -0.447141813781593 0.212627302215687 -0.0401417798885742
0.0136104593147179 -0.430714799703786 0.0203446791596819 -0.076712732755832
-0.140686359550611 -0.423260800219111 -0.0651169898431147 0.0606860509916156
-0.229312497023041 -0.32368548912171 -0.0321169953537055 0.134810392896633
-0.247578523800429 -0.32199715961821 0.0073391439709116 0.176660519597694
-0.140572803674486 -0.321722461595312 -0.0483833799323266 0.160181719982464
-0.0718658928327458 -0.359598262729385 -0.130457026294148 0.116563476158993
0.126733389564309 -0.381559727956525 -0.142850743321433 0.00164039630541442
0.294120232609959 -0.322714683751814 -0.110968717818948 -0.0762939147425677
0.430312806827341 -0.110190919856326 0.0551855299269523 -0.232153662831691
0.503526820254243 0.0672047135238553 0.143301952392644 -0.110931345710789
0.662002459724274 0.251714012263351 0.0955323598126085 -0.00132946028472987
0.727677894613833 0.00391757010013054 -0.282900464466448 0.0170690014144321
0.566510187442832 -0.300249497829745 -0.0726955016638459 0.390157126760083
0.313930551853868 -0.381788492848639 0.290950884749454 0.163366511267443
0.133207211094084 -0.39602565802394 0.229109890348648 -0.149286030396071
0.0320667532442116 -0.394417667633635 5.84187998494848E-05 -0.222606887640951
-0.103642584625633 -0.425012064943891 -0.128497718667457 -0.0896906792828876
-0.203830720780295 -0.344880136644047 -0.11092531986282 0.00315440834974766
-0.222570548590566 -0.361169004233701 -0.0730828823082487 0.0584375668084906
-0.119830066451175 -0.367543964037411 -0.117554262253586 0.064290020341278
-0.0680770368952034 -0.399373599234455 -0.16929916132855 0.0582995835842426
0.11099991792243 -0.452300820082064 -0.185965280468761 -0.0247233171652464
0.323509022769111 -0.4425885170341 -0.154101088136646 -0.0902426515156619
0.546696593350109 -0.188027017905267 -0.00246817743636973 -0.209933787470556
0.641414860601552 0.097115258847643 -0.00660477281116003 -0.121070055067443
0.633429154061717 0.251435149947697 -0.0982409510586468 -0.0416343440259689
0.667143172313659 -0.0406712047449713 -0.360966040815635 0.0720008787097024
0.431951082760703 -0.312786395229484 -0.039127215658405 0.351946430958199
0.164006528357064 -0.309130689633951 0.277883149136309 0.0936908519596081
0.073926919437697 -0.25755093263402 0.211671712407857 -0.22926299964192
0.047178303177552 -0.286404276923732 -0.0232096932991702 -0.327265200939971
-0.0495755332269933 -0.357480424954432 -0.17380708284272 -0.220803692258587
-0.143127359566163 -0.313559963754281 -0.172332541662022 -0.129361304388232
-0.154525269981095 -0.348003919949608 -0.144543001350598 -0.0728085997725461
-0.0637030958976865 -0.351916943611171 -0.176904130112984 -0.0506638953669781
-0.0337700982226136 -0.368215759203538 -0.200276893830735 -0.0242643105135736
0.0978972990092463 -0.443794313563064 -0.220428503781237 -0.0705614779839739
0.32644668644523 -0.478118129441561 -0.181547393014988 -0.122052068271558
0.597319429725961 -0.208820120345004 -0.0605696885100511 -0.172807249144368
0.680451614703035 0.135955706134232 -0.186327473994504 -0.121019061432901
0.522315058036043 0.198574469788419 -0.243148512274378 -0.0578209490947918
0.511584343156254 -0.0961691220765002 -0.374277500092118 0.129860614330736
0.232252375106553 -0.276017832146773 0.00529409903374818 0.286720168891237
0.0119293896042343 -0.178391936227705 0.235606029957299 0.0338370975071097
0.0281314282354792 -0.0911166491144453 0.172260068316361 -0.258871322186109
0.0664918766286972 -0.151431416829691 -0.0433915393343378 -0.375311973602222
0.0120747959472833 -0.244579287741471 -0.195823291940753 -0.314657460782746
-0.0580686256268265 -0.233666179748842 -0.20774603161915 -0.241197952752129
-0.055185908929612 -0.27085734137874 -0.186403637492364 -0.194180973404657
0.00975256617668537 -0.26012562692791 -0.200498586974554 -0.16124788312451
0.00543257871839205 -0.254565466872284 -0.203458196337518 -0.108789872910204
0.0693728218260771 -0.345618728832332 -0.234871362014921 -0.127047156020387
0.284643790149024 -0.417962859956275 -0.1890721396067 -0.170315082842952
0.558448258928741 -0.166330368095806 -0.106159353650287 -0.140476842875023
0.599092262879016 0.172755812782224 -0.364900162399729 -0.123161083795013
0.342613476246271 0.119561953500951 -0.328947745147971 -0.0415845831622055
0.309094830789584 -0.136359900550962 -0.3425045771896 0.181631780205972
0.037025269149895 -0.202812363012093 0.0409604262402496 0.214967652127916
-0.0915217287823356 -0.0446982535420738 0.181738674482207 -0.00271853557277181
0.00846482567844445 0.049400509457269 0.133718631711838 -0.247691377013829
0.0871042512606445 -0.0235917998959579 -0.050861909930783 -0.3746732958188
0.0765055514857364 -0.110514045666303 -0.19291645256931 -0.363465902751762
0.035340693912451 -0.117590585822368 -0.209927875814332 -0.315804032626455
0.0465677562560791 -0.135103206250286 -0.186476283885664 -0.280778216535155
0.062727609634859 -0.101807218867041 -0.181889598568955 -0.233465300507365
0.00938649392453624 -0.0828023165133304 -0.181790976485375 -0.162015168430174
-0.00340117663318139 -0.19532028187267 -0.234039239747826 -0.177380875513801
0.180726890416478 -0.292342409565523 -0.169317379794573 -0.232717447488833
0.416146018130752 -0.0865611147606487 -0.123020145609435 -0.117151648234397
0.403830489180486 0.185298727313013 -0.50604668534837 -0.132230015356218
-0.15145907389619 -0.0550623269023264 0.676677012544333 0.0947752938505522
-0.144983995702729 0.0896027601671885 0.208325908959537 0.0415586633063808
-0.0140128442624345 0.156677470141977 0.131281886812422 0.278558662308045
0.139684605862091 0.0477728076518825 0.235165692350438 0.190789264443807
0.0495272309766482 -0.105934633521126 0.135499826622593 0.156488593087619
-0.0673052526437998 -0.0719376531474803 0.107568041871254 0.239273788568779
-0.111788133328576 -0.0138951860693671 0.155746525104948 0.316753431681834
-0.10767788558256 -0.00829909871480767 0.181282411569943 0.336359210245711
-0.124957272781162 -0.0193581255772119 0.174709818848034 0.351313609732287
-0.107041857535832 -0.0602781278212898 0.0656885891770553 0.307192838331209
-0.0213992818574655 -0.127908128474971 -0.0999125990090246 0.203191277948543
0.134651892174401 -0.0618095045362146 -0.107242578087021 0.0232017755868956
0.0713509236633162 0.106489540800935 -0.0399781833747384 -0.109119464450638
-0.0866657688518552 0.0896646460476687 0.144521377542038 -0.203642884668482
-0.139176292156423 -0.0832414218929854 0.270162036648952 -0.0288144718496731
0.148762457371417 0.00698891258992386 0.630867171686428 0.0915668141400515
0.149426519634029 0.0371457410284491 0.118223548769442 0.00576757108745157
0.204919142387527 0.0107869308105793 0.0474059720735229 0.336069519788999
0.265341399253941 -0.106158450171738 0.242225580810992 0.224501844316752
0.115571186760132 -0.271812775022964 0.142763077606272 0.12666780327326
-0.0502928389096652 -0.248212825053941 0.0640331232283668 0.184943090802231
-0.152363833663014 -0.192113427297303 0.0876337273848488 0.288073223476334
-0.176826972374751 -0.13554162197509 0.126821101422757 0.312511154703236
-0.18578763588296 -0.133755598743156 0.137016471179837 0.3227577443278
-0.119999027352608 -0.153242360334948 0.0444848447658655 0.269977429225111
-0.0351249728633818 -0.203183038218331 -0.094461659856238 0.173614249834244
0.149148416143894 -0.160626685403113 -0.094361360642497 0.0149673392761571
0.169698864551942 -0.0149343452239459 -0.0424197197103996 -0.0851163084407087
0.0947638049002325 0.0602584894667512 0.124355607197923 -0.21619698822105
0.078801195883146 -0.0139759466755106 0.279691444043943 -0.0568549811992936
0.408129733372146 0.0985788647761119 0.500219592366356 0.0745277808750644
0.437405768065074 0.0210899289318123 -0.0102687572527737 -0.0180521506200556
0.419263544260641 -0.124378506170644 -0.0256532657843452 0.375681396959042
0.364265232729526 -0.250494756735424 0.258983910452482 0.232631515444691
0.165863477322556 -0.394206437951255 0.173898523882303 0.0562597160655652
-0.0191878520811551 -0.378146841425883 0.0340557006491828 0.072135164332331
-0.16314729546362 -0.337227059456247 0.0105962929532398 0.195492773054639
-0.220168010184293 -0.243282208652799 0.0521455580445362 0.242701716346184
-0.231551812797155 -0.233886687869662 0.0816745671199995 0.263111056828778
-0.134627337737312 -0.240861642355651 0.00757499517877984 0.222992822588067
-0.0571845022684357 -0.2793397374145 -0.103020167245868 0.149343046428225
0.139971281469623 -0.269140459510047 -0.10883900173135 0.0107158737946293
0.239627712605368 -0.163568732748464 -0.0662638445638712 -0.0748106826442728
0.268561411259042 -0.0143649447681984 0.0949681612410473 -0.229976227676958
0.301639959461154 0.0324399938279857 0.238367721677537 -0.088932905597091
0.585395058846914 0.187506199706 0.306185382228172 0.0382436804132961
0.642248480983405 0.0156307909806039 -0.155245076280522 -0.0145557170226266
0.555589481071515 -0.23447170202802 -0.0652226255575289 0.396134966417451
0.387809930458393 -0.358446163203244 0.279715284984611 0.206394089730697
0.170756466257607 -0.441352608732723 0.209129536007425 -0.0461637261226502
0.00863168379471111 -0.42813622199733 0.0135608238623393 -0.075937950475092
-0.145674209668084 -0.416036032119745 -0.064183878430453 0.0605279021245062
-0.232399838522328 -0.314214678021591 -0.0308143587738553 0.13508783235815
-0.248728832795988 -0.312083766389728 0.00826087817913836 0.173896488705951
-0.142099586380489 -0.317173152720957 -0.0476047352010241 0.156966013815727
-0.0761232104228568 -0.351539055264858 -0.128632282415585 0.115963097233824
0.122727661120059 -0.379032257294308 -0.142789484513548 0.00221733229967576
0.286989792538189 -0.320693736411713 -0.105810951410021 -0.0760853663908129
0.423463563671163 -0.111870483957387 0.050519775989836 -0.229531688415536
0.501042029652689 0.0635489511176371 0.141709924589782 -0.112268104526953
0.658086076401805 0.239677468563532 0.0938755081361019 -0.0067692564185209
0.716725912408062 -0.0047611100819997 -0.282735850130406 0.0210890559085906
0.553081441885255 -0.302021293705621 -0.0641597020598813 0.38869553926669
0.308565902108547 -0.379633301556845 0.291834052114497 0.153214912382353
0.127709646238225 -0.389218042553852 0.224456260254809 -0.154495989363746
0.0280351294358989 -0.39252909042633 -0.00844092583911864 -0.220005148623859
-0.109094759502123 -0.420003226763173 -0.12854864611869 -0.0858686442299448
-0.206516502787719 -0.337466471569734 -0.11002384365991 0.00627972183485862
-0.22446052135817 -0.352733371929462 -0.0735009861419883 0.0585759217974513
-0.121194939197438 -0.363939813420127 -0.11684394884247 0.0648272757403955
-0.0724906729279865 -0.390122540508638 -0.16693435780007 0.0588907773891591
0.106292466315863 -0.448286059609168 -0.185097143396577 -0.0224479063534127
0.312623023973169 -0.439308115693417 -0.148128946819276 -0.0887800882045321
0.537128112279352 -0.19273144688058 -0.0057354618777167 -0.208658032229482
0.636818053823407 0.0884738427255745 -0.00645782602053476 -0.120836835150843
0.630976125413065 0.23802654423926 -0.0978835379807956 -0.0444040952952487
0.654817397386936 -0.0491258724213855 -0.35702895593207 0.0766407438898116
0.418571673936645 -0.312155426116628 -0.0300462392426368 0.349746207292642
0.160077827724187 -0.303861643046186 0.278410685099054 0.085487333633528
0.0725330581998267 -0.251469483201653 0.206479929346191 -0.232475259238016
0.0463925461777795 -0.28663522551613 -0.0320617689198003 -0.322848771833592
-0.0554762622609109 -0.354994761528721 -0.173903686167883 -0.214035013308187
-0.144942630049873 -0.307826979548717 -0.171443509208733 -0.124727122300912
-0.156126420447667 -0.343131089605907 -0.145443229755185 -0.0700253424325122
-0.0655099234653088 -0.349957216283578 -0.177030348008206 -0.0465735421624266
-0.0365674184738922 -0.361780545907565 -0.198381491946963 -0.0227738849376901
0.0930749826616653 -0.439508335137491 -0.218543433830335 -0.067336925840521
0.313488992123176 -0.474700546004136 -0.176473904929602 -0.119325002076634
0.586745353132706 -0.213312751356114 -0.0611162049471187 -0.17281624750698
0.676802689790189 0.124757219318426 -0.184155593962485 -0.118717439012729
0.519718601594495 0.187114891558948 -0.240820118705356 -0.0589544142754075
0.502053113568767 -0.103539455414271 -0.368191945093915 0.134036193907026
0.220568444183345 -0.271848131231321 0.0127150789154966 0.284072384676064
0.0119768246917029 -0.172891203416597 0.234375402971183 0.0289618210839642
0.0307923630940731 -0.086785442012023 0.166352622621709 -0.259784137658685
0.0677224204287558 -0.153232681720928 -0.050680583662532 -0.368748333295853
0.00797202500955442 -0.244984097517515 -0.196210308785316 -0.307621989270212
-0.0598720541665563 -0.231372127027314 -0.206169799006794 -0.236919173529789
-0.0569779279809765 -0.269526900065861 -0.188204359037156 -0.18993227828868
0.00790137844482007 -0.26063155835851 -0.201273171726693 -0.155351020620056
0.00457146222412054 -0.250308398415226 -0.202240644170623 -0.105379125480026
0.0645723279635327 -0.340000249879279 -0.23293658801861 -0.121565665580196
0.272137085708339 -0.413946416589818 -0.18498143186873 -0.166794374483726
0.549360497978665 -0.171911122820882 -0.104779442836608 -0.141124240440875
0.596388048560206 0.161968727371041 -0.36120044517893 -0.1182040604702
0.341821225107275 0.111207496696626 -0.324244866665696 -0.0409770275125792
0.301164276805074 -0.141036858238736 -0.333295034698206 0.184226748084602
0.0303692908989691 -0.198053084626869 0.045918013995068 0.211806497040158
-0.0894677907106718 -0.0394913329404651 0.179688970895727 -0.00382299744530771
0.0135808934117168 0.0505091590898021 0.128813904949604 -0.246280370231272
0.0894273389959152 -0.026903264059836 -0.0575662765485978 -0.367986713847894
0.0731279160761743 -0.114050849139312 -0.193369933321336 -0.354643430210719
0.0340667699442577 -0.119383129575013 -0.208830531264907 -0.310474667397069
0.0458728056098858 -0.137885975809443 -0.189032781555421 -0.275776165740105
0.0632802396170139 -0.104531047857468 -0.182979802372884 -0.226376080920414
0.010755331754248 -0.0808063936637726 -0.181042780993622 -0.158109608262008
-0.00611843777760477 -0.190140924561839 -0.232425752980714 -0.170599013284865
0.17215957219708 -0.289402428617212 -0.167693556172352 -0.228593159760543
0.408306960672546 -0.0925229973423523 -0.120343239204947 -0.118740275609109
0.405409468691979 0.177021441824185 -0.500744674633409 -0.124831859880265
-0.153519753667212 -0.0523488140005014 0.678704671522928 0.0858385798069883
-0.143786148873776 0.0913701202474894 0.207966796388221 0.0399285265952715
-0.0109039151716201 0.156550733357627 0.137702466525351 0.279100462556453
0.141751757076113 0.0420180081432139 0.238451110678081 0.187068286679044
0.0455064108959776 -0.108849326396364 0.136409185980575 0.155552375823839
-0.0706124024950727 -0.071481669636163 0.108746454566811 0.240049482177265
-0.11088478501277 -0.0108555753917871 0.157344501366815 0.315994522151813
-0.108504643426594 -0.00378670356435437 0.184091525038327 0.337842943049712
-0.126970165560948 -0.01415751671687 0.180426443296177 0.347807758073962
-0.109371001590678 -0.056128451596188 0.069879160274677 0.304722332397203
-0.0268190207180397 -0.126293226681357 -0.098046244446257 0.206507087903113
0.133772532168118 -0.0672847978115831 -0.110342466493572 0.023449043870286
0.0769275730798119 0.106983266051427 -0.0429817022803288 -0.111100401004425
-0.0833203934231037 0.0916964210755292 0.139791851189487 -0.202525709291693
-0.14328496782851 -0.0778551353089198 0.272607404308252 -0.0287094332150104
0.148917776241426 0.00613714072773902 0.633610571258192 0.0839489230453553
0.150943320360526 0.0374753322906782 0.115652950550216 0.00558918815606334
0.205205160834286 0.00882532547564491 0.0540199908139083 0.339740472517022
0.267856042690462 -0.113117579986711 0.245366682034873 0.21762560014109
0.11037301794845 -0.275539590750218 0.143136483975699 0.123984908024476
-0.0556505058744759 -0.249756141496314 0.063231211199388 0.186210340540811
-0.155672748993853 -0.191022982598716 0.0890055697845033 0.287805427924533
-0.179358946500923 -0.131253419160529 0.128545850310671 0.314728007843507
-0.188397455769951 -0.128523445811314 0.140944910373304 0.320892552809028
-0.122370160406112 -0.151221320025466 0.0466283275321359 0.26780410081063
-0.0396523569883334 -0.201002811524774 -0.0937961804856583 0.175346466744049
0.14761854461776 -0.166071394126741 -0.0977758240395299 0.0151805912843613
0.172818432582797 -0.0158917398079294 -0.0431808239797043 -0.0870347996703576
0.0977344888363678 0.0614317470847826 0.120149700366754 -0.215586435016129
0.0781779460126716 -0.011170680507828 0.28193567199076 -0.0587611976281345
0.411775666864155 0.094284401483608 0.50086788931264 0.0663354399732173
0.43904817894493 0.0192025210775688 -0.0144446204857961 -0.0166012397377778
0.41913973324899 -0.128649449910844 -0.0175665272980627 0.381193626733962
0.367076660489084 -0.259291982765255 0.263698041002088 0.225070459918926
0.161376203637321 -0.39783420842188 0.174727911754441 0.0509700712655915
-0.0237948535510907 -0.382048419103915 0.0300234824388242 0.0729126342782571
-0.168746145873314 -0.337196740542834 0.0111479734295439 0.196651414236084
-0.22376965582475 -0.239718903426502 0.0528854543775113 0.245011947766976
-0.235426407275874 -0.229184614900896 0.0837794534842866 0.263025576248474
-0.137949672464718 -0.240886299049084 0.00885904762778254 0.222596772907596
-0.0612291319558875 -0.276362041469987 -0.103104022753974 0.151225401882159
0.138749190247471 -0.273742843017257 -0.111530481507154 0.0108103919807597
0.24084475824111 -0.165902583723962 -0.0648526269404707 -0.0771255261384752
0.271932254673676 -0.0163073002957475 0.0909107941621519 -0.230117660324929
0.304381242420015 0.0323982550901614 0.239386007260038 -0.0916086853333005
0.592411939510156 0.180953597717124 0.306240895021168 0.0313718207826461
0.644858281810456 0.0109866606234019 -0.160579638997625 -0.0114497823701035
0.552519609449583 -0.241500840339665 -0.0576145194914983 0.402484288409394
0.387909956571892 -0.364805551414889 0.286143295159736 0.199805326430989
0.167072312796301 -0.445300352957456 0.209464139018056 -0.053569709240802
0.0021153122866693 -0.434749634376354 0.00666833443598503 -0.0755103096897675
-0.153021693160108 -0.419451916436366 -0.0653475608287075 0.0626441672888365
-0.238220922213614 -0.310620628693258 -0.0308754510069274 0.138269617425153
-0.253674463253899 -0.308789168337001 0.00934328335536269 0.174749596100949
-0.145566781991457 -0.318521220619 -0.0478945736863399 0.158325864586714
-0.0796889742978672 -0.349213394499768 -0.129378561294184 0.11745343320866
0.119025800697674 -0.382405136368275 -0.145132561387906 0.0029200291566722
0.285660931299375 -0.323593102554617 -0.102960453576049 -0.077660206572434
0.42676440043447 -0.11622091360258 0.0474553468654613 -0.231508228830801
0.505233065956925 0.0585025484666691 0.141383293811778 -0.114355596923709
0.66588397790141 0.231472627150823 0.0922498932680367 -0.0122622864040005
0.718004392233284 -0.0122076524668584 -0.287536782588505 0.0258431665394636
0.54714258561407 -0.308418348625149 -0.055614342123961 0.394832317827828
0.30761518595164 -0.384590287164889 0.297833908055967 0.1465538594209
0.127560909579422 -0.391227142555893 0.223116736642928 -0.162778859141249
0.0252855118166251 -0.398090413485454 -0.0168067855171516 -0.220557151381682
-0.115679969087495 -0.423509898065232 -0.131136483531685 -0.0843102413907766
-0.211424777520903 -0.334752805370845 -0.111073235853477 0.00883884207956688
-0.2297945026406 -0.351108977004945 -0.0742844315747054 0.0602156351534251
-0.124966446532653 -0.366818367817602 -0.118924162398496 0.0668603354148273
-0.0747886995139044 -0.388526367883125 -0.16871442702127 0.0599114095976082
0.101874010956553 -0.452670321532121 -0.187395162817517 -0.0212553751028687
0.309335990573254 -0.442038543202184 -0.144326261360934 -0.0903184755453978
0.538153080189067 -0.198525754704482 -0.0079613494590926 -0.210797638183681
0.643734895053941 0.0817093315332756 -0.00721393233001751 -0.122242661590257
0.638003056074111 0.230514343005934 -0.0996265810815406 -0.0486124182982306
0.657556802170085 -0.0582686982987023 -0.360005050067253 0.0815981769726935
0.412579070144199 -0.316740921830775 -0.0225995870826041 0.353632425210337
0.15942170865545 -0.304892895165289 0.282936402697109 0.0809477003092035
0.0743366458789266 -0.250654968698173 0.20361626870427 -0.240260609396502
0.0465372713083212 -0.292611524736512 -0.0417585331728212 -0.323511046916876
-0.0616497932338315 -0.359344654569108 -0.177003748174403 -0.212115645814524
-0.148506790597749 -0.308534410643986 -0.174027821643972 -0.12362732789295
-0.160819189621583 -0.344614246634915 -0.148618920760374 -0.0681486511598014
-0.0686836257321585 -0.354687427847695 -0.180320656175781 -0.0444182599937108
-0.038422789000071 -0.362149638061406 -0.200649407940268 -0.0205246607825019
0.0891639899875857 -0.442529743553431 -0.220623928300939 -0.064792508548237
0.308519296186244 -0.479255156169788 -0.174385269765912 -0.120581104732498
0.586358446210883 -0.221894758763634 -0.0629562438596784 -0.17609554978909
0.685035208237685 0.116163857104512 -0.186706339181054 -0.118477882641798
0.526227478548874 0.178809183816408 -0.243010866899201 -0.061820924966946
0.499392020057334 -0.111783291102017 -0.367843620366905 0.138823166163711
0.215173833881632 -0.273096665225524 0.0193958252323395 0.285533359591673
0.0115304644003601 -0.170500678651671 0.237822724921346 0.0256260493719755
0.035410815284852 -0.0850035253915271 0.164421470618219 -0.265276504788426
0.0697342486495716 -0.158134847448294 -0.0593192702665133 -0.369472893636937
0.00392031039240955 -0.250054760905178 -0.199559506453512 -0.304050862110593
-0.0623504907534341 -0.233918826596938 -0.208980662713257 -0.237155237474551
-0.060095563694553 -0.273570737378208 -0.192462242739845 -0.188537202210686
0.00713429724164366 -0.266639893881713 -0.205741174226991 -0.152145433220465
0.00439094426178964 -0.251231344717564 -0.205045113170003 -0.104064716751393
0.0619951951810238 -0.341342759216931 -0.234384562799294 -0.119178425946399
0.267554553891655 -0.417288251505467 -0.184279674767732 -0.167884262908599
0.549183326022792 -0.180396100275394 -0.105926036587335 -0.144955949036911
0.606509621008337 0.154826178400873 -0.363891076296038 -0.115905943952722
0.346191328074958 0.105622487138249 -0.326329179358533 -0.0424319640391824
0.299253727449476 -0.147269772750157 -0.331359479740107 0.188758417705555
0.0265017353376827 -0.1960034497837 0.0504601748053288 0.212417912910936
-0.0885167255732379 -0.0352213824890686 0.181562642205133 -0.00454106575269196
0.0189349901792473 0.0528779339730044 0.126923063765778 -0.249925529916882
0.0931359231379713 -0.0313749333204572 -0.0640896059972546 -0.368400754558887
0.071692406885487 -0.118799049691403 -0.196759185597832 -0.353309774697299
0.0333772984430817 -0.123440150994265 -0.211418762047305 -0.313090536363882
0.0448489756590729 -0.143767186410094 -0.193249311429484 -0.274988384941904
0.0652152390581827 -0.109247540757292 -0.187140068441529 -0.223778571860516
0.0135467309248007 -0.0801765649771729 -0.183250215182688 -0.155858555930923
-0.00858460880217758 -0.188208150293998 -0.233515162551566 -0.166807167274248
0.16689113254827 -0.291473322724658 -0.169087456650476 -0.229784055105317
0.409020316528817 -0.0994315471324814 -0.120229373855557 -0.122400687555792
0.414625091965446 0.171080723045831 -0.504517431080078 -0.121332825625022
-0.158677575239201 -0.0489947433599027 0.68518558953473 0.0681962242204427
-0.142771906439803 0.096556933386229 0.208681394238913 0.034923248286533
-0.0052734451425735 0.158030615977056 0.149412127759763 0.279921192758573
0.144975472688829 0.034859510641128 0.247175302981915 0.180049914890485
0.0398210675713449 -0.11332373910069 0.141380059773112 0.154536110425797
-0.0753165116724025 -0.0697939700153745 0.11482481643021 0.242136442556585
-0.112031703841117 -0.00641684234386067 0.16570082446629 0.31681073274848
-0.109990105430689 0.00214876877154191 0.194684466771122 0.339106322980576
-0.129662105090814 -0.00660193685013803 0.191264075809146 0.346120402727526
-0.113358862915542 -0.0504395918853066 0.0791927815921628 0.304266733700218
-0.0344333020167716 -0.125501354044839 -0.0946834303873614 0.213366432662034
0.131771586859846 -0.0760507175199724 -0.114398045174336 0.0269421694235138
0.0850951913468293 0.105689681696999 -0.0491051451533836 -0.111728048393833
-0.0803077657533346 0.0968214297392928 0.13451696111285 -0.205247320305262
-0.14940851097836 -0.0710838782286089 0.276510250456598 -0.0336121957321452
0.149781665109171 0.000834989444768931 0.640921873152614 0.0665006596579709
0.154651092401427 0.0349025689210273 0.113726937308059 0.00327704633839549
0.209040472690642 0.00475609678190772 0.0675296504568333 0.344389416645104
0.269583148080912 -0.124433308515542 0.256808455535189 0.20976584678694
0.103004130278642 -0.283298760598738 0.147437573535791 0.119820939361229
-0.0650341960420203 -0.253135670745575 0.0663240287837413 0.189262582855584
-0.164098357046862 -0.189146303731825 0.0956276565617537 0.290325294050271
-0.185296204845972 -0.12520729352868 0.137414920741187 0.318023152576052
-0.195554893046014 -0.121279228506377 0.150506726612887 0.31970473281292
-0.128709261381002 -0.148696000348569 0.0531491339940012 0.26864993656985
-0.0475990441242354 -0.199341457054034 -0.0920556722511365 0.181481352882328
0.144152598973817 -0.175645681903721 -0.101303547896859 0.0171032778456827
0.17828190552524 -0.0208586701044066 -0.0452389474249618 -0.0886805749208682
0.102814479819241 0.061013877678771 0.114570155025306 -0.218655953156999
0.0789317472752816 -0.0102151101353933 0.28480815412573 -0.0657314160986962
0.419373067321193 0.0819460612466824 0.504899725696246 0.0516596278136546
0.445899426690808 0.00913807485072378 -0.0193685312636727 -0.0155721033969636
0.419743412840095 -0.141013790060166 -0.00507357020917296 0.389870972170416
0.367509512049972 -0.274242221565022 0.275085619360754 0.215805571008435
0.152511426412123 -0.4088046218625 0.177377842800548 0.0431528419401737
-0.0363684181206922 -0.387964633799965 0.0279467703680289 0.0741738968682897
-0.181982472963886 -0.338328322076062 0.0144591799271168 0.199781563988935
-0.233970501389313 -0.233961880870949 0.0591805267799866 0.249822191591709
-0.245188237831382 -0.22217877836289 0.0912314724104196 0.263824939275528
-0.145802353294557 -0.240455992946396 0.013528755861852 0.223800932039512
-0.0697000762674188 -0.275383217754031 -0.102521699304227 0.155871343593653
0.133839567096271 -0.283758633880784 -0.115021356906094 0.0136106334889565
0.241678736245646 -0.174438609496303 -0.0650573599107639 -0.0796564984941251
0.276803577940478 -0.0214867650247801 0.084785769619374 -0.233810512467613
0.310736158785539 0.0267720616869297 0.241443821496398 -0.099180698406235
0.60527823282273 0.165022690317541 0.308255995676389 0.0197901197603043
0.655338350203973 -0.00317437137528414 -0.166902234663511 -0.00676941094398488
0.552584567433881 -0.25651439757154 -0.0435214005887108 0.411693280848591
0.385249580878165 -0.381304901872252 0.297057834622403 0.189934311684159
0.15768891150854 -0.455377703569792 0.210048313522075 -0.0648856085827293
-0.00851528808752524 -0.443704014850481 -0.000634894525728701 -0.0766739832371038
-0.171062374861038 -0.421886903124904 -0.0662993262355358 0.0666283538417104
-0.248522477866599 -0.306355927306486 -0.0288157443395092 0.143123909768444
-0.265241550544569 -0.304145663403329 0.0129647918372075 0.177047921514156
-0.156470968090093 -0.321064420012601 -0.0464056002130875 0.161037064979023
-0.08879326148981 -0.348680403220139 -0.130058019278095 0.122428791576254
0.110847442992193 -0.392179839962727 -0.148738073701484 0.00638002686608076
0.281825702076217 -0.334575645152953 -0.102579107511513 -0.0800793698557897
0.429869937881721 -0.12856013960553 0.0405207026706542 -0.235776480531178
0.516646411359106 0.0465713151260519 0.141433107648534 -0.120835415928464
0.683219170568784 0.214315993242099 0.0909316030935668 -0.020330498336511
0.726811324906585 -0.0297070951864935 -0.293855412132511 0.0342312583733227
0.545085571396111 -0.325601273850135 -0.0422018024258234 0.403873324736546
0.304410602221085 -0.396647219688317 0.309554164130682 0.135983097615947
0.122352960195047 -0.397080548650444 0.221305358589809 -0.176779709948771
0.0165163798990389 -0.408774056938295 -0.029373769679733 -0.222796052376739
-0.133022182806408 -0.427522364363795 -0.135395536984313 -0.080624099706881
-0.222490241789777 -0.33369981537023 -0.113843274444492 0.0134157189656657
-0.242381367295953 -0.350438999241907 -0.0750928611062631 0.0637761478451923
-0.135739506496331 -0.371401281839632 -0.120308100274188 0.0714966103394005
-0.0843157953998816 -0.390698016282788 -0.171087821556912 0.0650849995403631
0.0924290960018101 -0.460978619492839 -0.190804583541102 -0.0170731692111147
0.300841233777453 -0.455192429623838 -0.145151782317308 -0.0916952349176564
0.540640962391249 -0.21357729137731 -0.0144998263024458 -0.215690954736778
0.65836248022944 0.0642339575642579 -0.0101776994552102 -0.12446528964783
0.656220958072678 0.212936106682535 -0.10452522593109 -0.0518394289348239
0.663047215197113 -0.0762167555050443 -0.364738333701215 0.0927316791296223
0.406720766510666 -0.33008907907543 -0.00949579573987164 0.3600781407469
0.156258364275575 -0.311238981825628 0.291437978402695 0.0717444422777972
0.0732958215278998 -0.253114273643902 0.199526019509418 -0.253771053338211
0.0412687326538263 -0.301493936626429 -0.0573187685770609 -0.325654646541361
-0.0743100111999826 -0.364864743235765 -0.185898108581633 -0.20970909623764
-0.159235198920308 -0.308669718911342 -0.180475045713602 -0.120137779735272
-0.174553532027414 -0.344833048170172 -0.153459092262643 -0.0636513735086397
-0.0781927464155181 -0.362473278874126 -0.18508925435744 -0.0380943214578628
-0.0459274423458278 -0.364724766852913 -0.204987970395095 -0.0162546080267086
0.079140780080967 -0.45104901445544 -0.225104280919122 -0.0598813206358658
0.29845423674816 -0.490563617047957 -0.176269883797866 -0.121185630029078
0.587970353295658 -0.23908915558376 -0.0692004408451254 -0.179699718618299
0.702242520445163 0.0972523386289014 -0.192246951149096 -0.11576676196672
0.539381275685071 0.163725496331443 -0.249374193672138 -0.0613243567277111
0.502432939499151 -0.1283629879761 -0.370329334284575 0.150177390446686
0.207759333827634 -0.280333695583874 0.0305453076881238 0.289308668718761
0.00951813162601339 -0.170422217500989 0.243611921577064 0.0188526417015082
0.0388766391505592 -0.0845893322104485 0.159051856306152 -0.275537936040415
0.0693096449360353 -0.166050103655891 -0.0751059897695676 -0.37085817589303
-0.00433137396564581 -0.257069940361029 -0.210610060725814 -0.302695431859243
-0.0691484724780393 -0.23736763221514 -0.219276937513695 -0.236219696193199
-0.0694093542255813 -0.279527965083532 -0.201273586191953 -0.185181248316676
0.00171390013500996 -0.27530094220856 -0.213659570787517 -0.146499916510884
0.00143647582463492 -0.253961520926752 -0.210628648110335 -0.0998355310001003
0.0538588340897472 -0.34609259233014 -0.239265605195114 -0.11384434092155
0.257273852217604 -0.427616279428688 -0.187766262032005 -0.168220591469661
0.553165789769592 -0.196498720753361 -0.1108787451989 -0.148372088186217
0.623957466616107 0.136189903695119 -0.371709558385271 -0.106991674438865
0.354905670924475 0.0948356617069024 -0.332182685848199 -0.0391032249781884
0.29631433617004 -0.159716518240153 -0.329293986123615 0.19956269351454
0.018895212859069 -0.196514151513144 0.0598011203716869 0.21344436240889
-0.0883877893495872 -0.0310755485522065 0.185410609521195 -0.00839761042203841
0.025664093560373 0.0545878582506875 0.122260177492489 -0.257546072140302
0.0966961133029016 -0.0373040637444746 -0.0779167702762363 -0.371592037628094
0.068802828183737 -0.125778347404491 -0.208365702422701 -0.353115947534453
0.0308322589189802 -0.128655821146854 -0.221666601432014 -0.314395171404866
0.0417887892305071 -0.151553408488739 -0.203856672081142 -0.273568448089466
0.0658724866436403 -0.11694293386246 -0.195820959195687 -0.219715061416543
0.015110038675337 -0.0815443667687907 -0.189117460948444 -0.152587573289559
-0.0141064644024693 -0.188375513304782 -0.239642603855122 -0.161401749580941
0.158328188441193 -0.297364077964882 -0.175776775530764 -0.231197526118891
0.41159671897826 -0.112214587217852 -0.123846291794809 -0.125992403102301
0.430089435557073 0.160023644567824 -0.515622014107062 -0.108824831941312
-0.16412307809334 -0.0421330025366716 0.687944079069215 0.0390636552265487
-0.138668056048882 0.103003758186718 0.208302977869352 0.0261020796939292
0.0022440715941638 0.159346399551972 0.165093826029477 0.276491847173597
0.146080601155899 0.0250833528979014 0.25635128157318 0.168533043584736
0.0312890432168179 -0.117853252687792 0.148098588935108 0.149818806834174
-0.0807329129028805 -0.0660229556323522 0.12535979967711 0.240227557924739
-0.112511874763813 -0.000892422668409839 0.177526469911587 0.312864265385396
-0.110015504298808 0.00955003412586995 0.207587884548644 0.334374831402321
-0.130435841806052 0.00303266725617518 0.207002111400951 0.335235834293456
-0.116505727443563 -0.0424884224106049 0.0917286783892169 0.299105397618718
-0.0430843368716307 -0.122509958236818 -0.0865207709588803 0.220363730118632
0.128448126194856 -0.0857386776198222 -0.115857544677975 0.032080502083694
0.0944321842533758 0.101173155078805 -0.0561146206398376 -0.110833892698623
-0.0741110419571824 0.101382282164021 0.124887710889134 -0.208658520397487
-0.154357216604286 -0.0610260946565107 0.27740014489844 -0.0427656738585804
0.148667037174634 -0.00669622670173309 0.642624779005407 0.0369313460575729
0.157017305579516 0.0301464755922822 0.111395118539438 -0.00134694236583452
0.20954292704241 -0.00316216991485949 0.086131226944072 0.345599570710659
0.267059628825488 -0.139446480438596 0.268852260889299 0.196971745442064
0.0897405877041885 -0.290699651804869 0.151765133903165 0.11168365069984
-0.0777493179273509 -0.252543560862582 0.071515770245046 0.18909633059931
-0.174664091727356 -0.182099840103804 0.106602641893944 0.289271620487059
-0.191010790617538 -0.115027770597662 0.149348046526814 0.316404743390951
-0.201339089035165 -0.108761824164794 0.164337315894996 0.313342258065393
-0.136126852393166 -0.142000762368459 0.0629607958425775 0.265243828027254
-0.0569331679312076 -0.196095779359443 -0.0862756653038342 0.186619403926617
0.137069431861951 -0.185601234543835 -0.103161241236821 0.0213229028374563
0.181024370633702 -0.0292088492576219 -0.0495389786469928 -0.0890304410070947
0.1081131331765 0.057987862977907 0.103859717643342 -0.221351712215097
0.0787097353632607 -0.0103670107790064 0.284589452509713 -0.0769317888189871
0.42344893429914 0.0629176334080913 0.506381119868381 0.0276075140715958
0.448586740101071 -0.00792690869612002 -0.0245389265282121 -0.0131650830506984
0.414769602820838 -0.156724092105739 0.0169905579971154 0.393897964987303
0.359769093225598 -0.292894863016682 0.287408990903839 0.200946702662021
0.135433439238172 -0.416839870695452 0.178323385314557 0.031526497090248
-0.0536484622722671 -0.390553260272406 0.0271054736990508 0.0753209554597193
-0.200783988665872 -0.330628729371611 0.0214729774435166 0.201877771757512
-0.24490242464061 -0.222957801142474 0.0682522852136845 0.251475891284648
-0.255557663748809 -0.208718990997975 0.101955550348129 0.260638172298269
-0.157653729026453 -0.235380972321677 0.0207172406307357 0.223389074586989
-0.0816546084622998 -0.270934648495177 -0.0994861905780986 0.161850384670161
0.121662633105878 -0.293205789850243 -0.116662947111183 0.0176256985673196
0.236880458744378 -0.185053959194942 -0.0677412486034802 -0.0805253544469487
0.279360747328792 -0.0324571315922918 0.0735530606164373 -0.23679022230917
0.313982493174639 0.0152850015563927 0.239065517623073 -0.109456433065036
0.614923779374317 0.138564127518546 0.307561930703059 0.00370525706707351
0.658205338479269 -0.02999738066508 -0.172477980800544 0.0019699729697132
0.541981464627467 -0.280103384066861 -0.0200411182825539 0.416545303695424
0.376321443108754 -0.399785165335965 0.309833859071478 0.172716371471825
0.141594698277741 -0.463633579094999 0.206245164258932 -0.0799294946813662
-0.0273370600232686 -0.449560181665464 -0.0103255062253078 -0.0749745781075646
-0.192063259491885 -0.416727088040847 -0.0647776276706611 0.0708001536839606
-0.26241709814567 -0.29644703467496 -0.0250635433184749 0.148365421364598
-0.27973479232948 -0.290609139933489 0.0198624217415045 0.178550060249229
-0.170499522774683 -0.318000501090756 -0.0416975298080816 0.163266828986953
-0.10250521945103 -0.344267300406214 -0.128271349606491 0.128962579078956
0.0951164134601686 -0.401623634362624 -0.150112610195676 0.0115518146339412
0.268578303286509 -0.347254206103264 -0.104185870224491 -0.0805609975005965
0.428104184144123 -0.145073652228329 0.029332224433602 -0.238495393708238
0.522657395204305 0.0232077591622237 0.137248779274245 -0.127305682754417
0.695404554498676 0.184642774235458 0.0876273772197597 -0.0284780264226032
0.728991279482129 -0.061267357210403 -0.298711650105621 0.0478790289820178
0.529975790513486 -0.34845792350984 -0.0198301217256888 0.40844974909552
0.293069471864443 -0.410021374388717 0.318602189550519 0.117418733396408
0.109743957618902 -0.403602458661848 0.212222799412541 -0.192297663853699
0.00033059027487669 -0.415621564041685 -0.0461580766157 -0.220416903846257
-0.153811922048799 -0.425367232298157 -0.140887550992912 -0.0736306773584746
-0.238007044843395 -0.325736808210799 -0.115130065020561 0.0200441236492368
-0.260055812721424 -0.340083073223566 -0.0730625873629652 0.0686948677896698
-0.153773347531681 -0.370428497164146 -0.119998882855516 0.0785526808809188
-0.0975459555505853 -0.387178479916903 -0.171072551941085 0.0729253304689874
0.0726812838584514 -0.470434711457959 -0.192767318762044 -0.00927913984209693
0.2821475906318 -0.467675881168829 -0.146736763572777 -0.0909162060218592
0.535223636138824 -0.237199278549671 -0.0252095391356834 -0.216649886281207
0.668294305595782 0.0331967495359272 -0.0151125614649551 -0.125109948306245
0.669387254777405 0.182642077227563 -0.110180919518069 -0.0529904242163011
0.661400155943682 -0.105827458733764 -0.365796150573335 0.109496428496707
0.391964264613479 -0.346350894869998 0.00971921686835078 0.362721746374935
0.145866559112148 -0.318457153013205 0.297726627061046 0.0558388277841896
0.06800530622016 -0.256017477400501 0.187908541670714 -0.266955313095408
0.0307411441160588 -0.309182863292514 -0.0779470109438624 -0.322933802023697
-0.0927968205185097 -0.366000942964067 -0.196519899431388 -0.201782034429689
-0.172611511966357 -0.30493152029224 -0.187961178334419 -0.112434910510709
-0.18893556130842 -0.341762573806559 -0.157442821705864 -0.0560323052352638
-0.0940387714504799 -0.365393231257701 -0.18978362088239 -0.0284713990084976
-0.0576621295430343 -0.365131699118406 -0.207637679433079 -0.00740094788286414
0.0606274818235041 -0.455968886601838 -0.227307416987741 -0.0508399751175597
0.27609619380341 -0.503679923445807 -0.180099378821562 -0.118728864662323
0.581892694113317 -0.266356114659256 -0.0781083405777738 -0.180272310102586
0.713375477559245 0.0642801992032137 -0.197557152693518 -0.107568672649741
0.54950610255088 0.137960403585956 -0.255878024479757 -0.0557795695560578
0.497531202180818 -0.151961785461808 -0.366312701079445 0.166354504521189
0.194319975555381 -0.288674566157694 0.0461911876474665 0.288603330900893
0.00462135788962164 -0.169789204037689 0.24817790649327 0.0082811848393462
0.0414160528306639 -0.0843769716260751 0.146789959670262 -0.286880601525995
0.0651830507583633 -0.174275357254486 -0.0955231389317372 -0.367113580575721
-0.0175669211477168 -0.260816560058753 -0.223875748890498 -0.294199260979657
-0.079290071139202 -0.238360565564409 -0.23070056341411 -0.229240327742663
-0.083135819947369 -0.280199596611186 -0.20992063307982 -0.175953755345596
-0.00948747377336197 -0.28118778846196 -0.221436306176555 -0.136556684406907
-0.00546026306310223 -0.254895452993337 -0.216206939485756 -0.0916533696721593
0.0397337904542573 -0.347941765640065 -0.243621334887574 -0.10407693580923
0.238040517935826 -0.438115690200022 -0.194568147321238 -0.165618394101255
0.545453089983333 -0.223555290977955 -0.118470145022618 -0.14808491425409
0.63779841957568 0.105442826833067 -0.378594279347925 -0.0922663874505089
0.36224000154927 0.0772230610081693 -0.336741208248473 -0.0298078586458218
0.286994716680791 -0.175483748776202 -0.321534730603399 0.213778784162023
0.00890746643193684 -0.195691431097515 0.0710611424751713 0.211086636633726
-0.0879128705850349 -0.0255235082002383 0.188253153602478 -0.0142873830400587
0.0338358490090403 0.0545769256685439 0.111857458716403 -0.26445662882651
0.0977051373269849 -0.0452335173118861 -0.095510533886169 -0.366937121631738
0.0626485926556783 -0.133674181007007 -0.224126447733626 -0.34565641564698
0.0257025798628242 -0.134646922246995 -0.236673517224898 -0.309267080006737
0.0342291826862491 -0.158340662628729 -0.216494153323049 -0.266716246670984
0.0628565118497616 -0.124814806608173 -0.205237192312121 -0.210543812556256
0.0151487659779506 -0.0823076471936527 -0.195227523954958 -0.144762883349232
-0.0222423458976703 -0.185937743593212 -0.246249341415194 -0.150968864130498
0.143524718950655 -0.303808662824534 -0.185935719527218 -0.22848459016719
0.409069867063436 -0.13343506049666 -0.129773972936322 -0.125327006053923
0.444086745908203 0.13906938859493 -0.522366799835504 -0.0845123700023942
-0.158129515022399 -0.0199465266492477 0.672719084515522 -0.0681839435271222
-0.112102615305967 0.121465013206613 0.200669087340024 -0.012160969830378
0.0354568162116355 0.157436993253629 0.196005185731232 0.239530338423267
0.151715807801857 -0.00306202909064684 0.269148644298235 0.128583339908459
0.0127804691087009 -0.117970641483752 0.171307819758528 0.126704912105443
-0.0836903938568898 -0.0472631616478649 0.158949764612025 0.212707413011319
-0.105667638630002 0.0214311738667105 0.221551103001291 0.277922325583534
-0.0979305000797291 0.0283610441877275 0.247048358721407 0.294977343671978
-0.120702664422443 0.0273897716907932 0.242838938661301 0.299445473352303
-0.116643617106174 -0.0222123876887547 0.126507374914283 0.280887586678589
-0.0596591148196076 -0.109216713196232 -0.0555152515738256 0.229028105084154
0.111186734932485 -0.106085033299117 -0.114615030803632 0.0485399332193878
0.108439437612718 0.0851374720344531 -0.071585119012068 -0.105113405016214
-0.058296727307127 0.111362471850964 0.0991914520166629 -0.216344256355144
-0.162438146437537 -0.0384366275320823 0.266239211997464 -0.0656376889788373
0.151512924020579 -0.0385072428639316 0.619343260211948 -0.0515458799107602
0.16001004704007 0.00192791811126107 0.0990628209897695 -0.00965534353059463
0.209932327710879 -0.0322582647197755 0.134604790444075 0.333020554634839
0.242615942812676 -0.1830045391584 0.288406477324117 0.163012996883832
0.0438497331211918 -0.29513548340474 0.174271299908493 0.0915500731979213
-0.111022354024491 -0.229834505394274 0.103806299743174 0.174606259955168
-0.199443194253334 -0.146998571864759 0.154090909437374 0.271631099942498
-0.194857944640426 -0.0808614250216406 0.189846474738398 0.285314751918575
-0.208337964042314 -0.0717784252950332 0.200029574390744 0.284855683962734
-0.151269793247894 -0.117523153361176 0.0952194436036313 0.253503384257337
-0.0836051428225415 -0.177884187939602 -0.0606557165332631 0.19743895021134
0.104651789175921 -0.205341870810073 -0.103678963807618 0.0381610791715557
0.173726480423245 -0.0542170644068516 -0.0652767585032017 -0.0833127241000867
0.11383296882701 0.0433347325871729 0.0744443159697833 -0.231349905382947
0.0747765506944824 -0.0202917946067332 0.267745710806893 -0.107132510921794
0.429687890454201 -0.0164544009844376 0.477015915632011 -0.0336474769041757
0.432560563476331 -0.0829432404427959 -0.0379815910605422 0.0119254203003695
0.383146194351114 -0.212756175405677 0.0790352082363953 0.40344644991434
0.306498911323042 -0.346251796609066 0.315321094421578 0.171841852981927
0.0711621348647929 -0.427043128182009 0.192750185148241 0.0108888235869527
-0.111002335844489 -0.37132333420823 0.0467182379505974 0.0743463054284736
-0.253217591883482 -0.290607912454516 0.060775995468423 0.204652368306045
-0.262357696479252 -0.177691119619131 0.103977866046571 0.233494732120535
-0.27773641712009 -0.162045608836318 0.133134992288838 0.241216909946542
-0.187928476925803 -0.20769259515798 0.0494165986677485 0.219792885042543
-0.116495331471621 -0.24802726521191 -0.0756624098426071 0.174771764225065
0.074822183039535 -0.308286435416384 -0.116524341080723 0.0385150977038105
0.205875716064146 -0.213619665068188 -0.0833906463364991 -0.0714430747972638
0.267989796029976 -0.0674058281183164 0.0390595902042077 -0.246829384513754
0.310999024478731 -0.0282901657521145 0.216498397630242 -0.140567274451209
0.624194352353786 0.0254775446712092 0.272952284050157 -0.0236918298239615
0.630801047854387 -0.137535819365418 -0.182905335250672 0.059008917243371
0.484112552208009 -0.353834608859763 0.0471649140736284 0.442015332365616
0.304871137313323 -0.452544023436926 0.336179866604593 0.145395325418333
0.0708038175417583 -0.47498687976084 0.204623584934971 -0.101883532071333
-0.0927050429397329 -0.434990182988471 -0.0107007983132951 -0.0638334829269623
-0.263786668810325 -0.379153924240378 -0.0412878031906388 0.0943220765331886
-0.292484511514702 -0.246524886604366 0.00115407716239134 0.146939151942747
-0.315663209828749 -0.239741146181468 0.0435249901815152 0.171709960534927
-0.213791149134864 -0.287075908950432 -0.0185217845753142 0.170344271629092
-0.14672418469224 -0.316077758130762 -0.107375309684976 0.146519102695944
0.0330279278574331 -0.409118017556654 -0.148626713311769 0.0390048128148441
0.213167248699072 -0.373879532652991 -0.120962464220464 -0.064056331636191
0.396262113479529 -0.198816783655515 -0.009132509579715 -0.246416877428789
0.518265551681967 -0.0477647534993076 0.113310485054221 -0.152939527599068
0.709459018198366 0.057642915221459 0.0527262954800015 -0.0211354223236519
0.690196954100126 -0.17851660717171 -0.298229402566418 0.124796869605116
0.460563611459274 -0.41856918706174 0.0518241245761661 0.433643474531539
0.221158958246013 -0.450320370578255 0.339675439186957 0.0884523879879401
0.0498614930820722 -0.411164288443648 0.191799988688991 -0.215336549849345
-0.0645615008475541 -0.409763761994231 -0.0682866300138347 -0.198163163736504
-0.228579537604313 -0.395401179265355 -0.138100659122107 -0.0345798443758069
-0.273878414295339 -0.280577987904557 -0.10357736382753 0.0358578415046589
-0.307105846157243 -0.293041189111917 -0.060846387577745 0.0769710220868429
-0.205899379190382 -0.341488484197625 -0.105015115862291 0.0977262776756768
-0.148680681881311 -0.359623455469739 -0.155097822336919 0.0975111215750656
0.000859551665846537 -0.471830666457835 -0.191197555706413 0.025124487979121
0.208188371258169 -0.491603784512308 -0.164837623576869 -0.0664627608379117
0.488816409356872 -0.302699778957958 -0.0630965039795263 -0.222902763427046
0.661898627105418 -0.0579437438068675 -0.0362981294765501 -0.137408049223567
0.680264786681961 0.0624577447539308 -0.140763874486007 -0.017907909801164
0.614760153321184 -0.209437820139241 -0.349698306992651 0.192405569939476
0.324416383786561 -0.39474896671398 0.0765609972953773 0.376716371052457
0.0950043493994057 -0.334325388663756 0.310945713385223 0.022119233100443
0.0333283461441274 -0.264766480301477 0.150033980389897 -0.286142232025164
-0.0201950441928626 -0.313715594260759 -0.117114156242323 -0.291576714075652
-0.160109527422673 -0.349254196725471 -0.21371644765013 -0.151568032785149
-0.210614201265315 -0.271288266740952 -0.193330576432453 -0.0825741322049135
-0.241959646121247 -0.305547606802162 -0.15894046291608 -0.0345212473505228
-0.148215183822531 -0.345686357748181 -0.186722370038719 0.00184517780695067
-0.106785510154981 -0.342088333747242 -0.200776929023273 0.0228069220775145
-0.00781508092064133 -0.454501146033137 -0.229835366862602 -0.0124455275569883
0.197560249192394 -0.524254730703481 -0.201254377753389 -0.0884458828289039
0.531581568771449 -0.3382007180752 -0.112089725197287 -0.183319084995131
0.712405347401127 -0.0354331415033951 -0.212541643068719 -0.100800049708034
0.554244346645515 0.0402777567974128 -0.276608507314641 -0.00332185548274533
0.447539198827714 -0.223439982412767 -0.334829622591816 0.241020320483053
0.140796781837131 -0.305255078195518 0.101526681997862 0.288445042788596
-0.0183759089381279 -0.165745212464919 0.253181966580639 -0.02592802883378
0.0338739125717976 -0.0958336103255531 0.101552658621222 -0.300251031972347
0.0323143675189486 -0.189183494377368 -0.145154897590709 -0.331853911395988
-0.0683711281099105 -0.258849194403835 -0.257957404468955 -0.241610555357916
-0.114175915419072 -0.221965625444441 -0.253097372522165 -0.189942010833488
-0.12878248188683 -0.264102454876489 -0.226632290056217 -0.145764573253765
-0.0538629671320635 -0.276615929566073 -0.232971712577638 -0.100781789235784
-0.0405756231663396 -0.244484129709685 -0.219867452067311 -0.0592611973554545
-0.0140397136742618 -0.343589778893526 -0.250521852797359 -0.0641397849958886
0.166016498955517 -0.45403233523191 -0.220037323452392 -0.133303101499572
0.501740553618158 -0.292748434696506 -0.146304669948107 -0.146725580258377
0.645232438151595 0.018773917774665 -0.384479083971392 -0.0635840448802025
0.359555232453325 0.0146890681205723 -0.34273799520914 0.0282274844111292
0.241328860066255 -0.211421655807682 -0.278109505517032 0.269923369082958
-0.0232179192649316 -0.185786343981733 0.112219911252957 0.197384908479912
-0.0853853559503902 -0.0101684845551885 0.187876407731615 -0.0453472505669263
0.0467256953314843 0.0408704465564737 0.0661638607153257 -0.27442032408773
0.0826291396989935 -0.0691172306189076 -0.147301030840898 -0.331964164112014
0.0321555357825199 -0.147391943698845 -0.269003310735841 -0.296595325039336
0.000312832906253118 -0.137558292749106 -0.271251933036149 -0.267994103839112
0.00361388400010725 -0.164491482441328 -0.244169984514611 -0.23391927526616
0.0410422987776587 -0.134166009007892 -0.226277740457729 -0.17775839533695
0.00428562603878558 -0.0805729679951297 -0.206143219777355 -0.11577062516381
-0.051588385318025 -0.172726299663621 -0.256355535873855 -0.1134855512122
0.0944807822497499 -0.309471509789683 -0.217574350541452 -0.198605130535079
0.379275962410053 -0.188737464490437 -0.15094551049327 -0.121644461011602
0.459186789848291 0.0788841962522574 -0.520225702929219 -0.0351826819704034
-0.157364980710781 -0.012544125513365 0.647478166024003 -0.0849726414579994
-0.105444891593729 0.120917223002029 0.190686347390246 -0.0152413378797785
0.0396569748777592 0.151113587849519 0.198248594317214 0.226821887811799
0.14659694571237 -0.0102775120063894 0.263724584367568 0.114358494649349
0.00550213445806336 -0.115008870946839 0.169703345975253 0.117720456813363
-0.0849259508449181 -0.0429963821869064 0.159463990123423 0.203103491427666
-0.10125773598255 0.0259261523905053 0.222124727048836 0.264921734486018
-0.0937437236969162 0.0326558414553699 0.245928466604468 0.282764416698697
-0.114768076012531 0.0333135451596515 0.241038936755233 0.282694697346431
-0.113809666557497 -0.014699011809522 0.127801922558343 0.267210262670413
-0.0631882770135837 -0.101489113918085 -0.0472420706260322 0.225250423416691
0.10178789216282 -0.108996032422441 -0.110763572533373 0.0505702317285729
0.110376293199883 0.0775243577871033 -0.073706010032123 -0.0992457249418067
-0.0502856685923229 0.109966013235394 0.0899681790873869 -0.209295509558871
-0.159249511559643 -0.0286890038824425 0.257285039190356 -0.0683862407978142
0.142226744446545 -0.0407400125068789 0.595798265591311 -0.0676995619175639
0.156240184536886 -0.00146092914537712 0.091567402191412 -0.00983994620534173
0.203485473698199 -0.0355209377778484 0.142863810193046 0.319274077916366
0.231535791791607 -0.18736031623748 0.284186208775809 0.145774498566726
0.0325174564948012 -0.288567484549343 0.169724352180307 0.082102906714669
-0.115991105952022 -0.221112529936527 0.102624508818903 0.168164362178261
-0.198774849871664 -0.134457786398368 0.156228299094749 0.259670840904403
-0.18992192584931 -0.0712303679543299 0.190817050398431 0.27587308268794
-0.201764784711569 -0.0600774421353711 0.198981068879521 0.269313255212057
-0.150154593614258 -0.107961012704495 0.0965974709132711 0.241817430673964
-0.0858724896963263 -0.168264269628737 -0.0550966349711525 0.194509905695532
0.0933217699473922 -0.204138321869051 -0.100243449005993 0.0392937724474107
0.168722628223929 -0.0585942605602196 -0.0658711044242548 -0.0811517490946752
0.114428143782088 0.0393282177391664 0.0650738681899788 -0.222474530411193
0.0720020039421092 -0.019894135850914 0.256429820181383 -0.109034459612309
0.412525133671668 -0.0284911806630155 0.458630738367057 -0.0464898340971833
0.419973839093467 -0.0910017569192801 -0.0421601902278485 0.0154010199595747
0.366883218434815 -0.215071923358812 0.090235150466054 0.389303678276021
0.291485650043927 -0.348000899428277 0.308919159482004 0.153043134204944
0.0579606581994879 -0.416288075496435 0.183456640699935 0.00146947984031708
-0.118938444408888 -0.35911586953978 0.0430578489141207 0.0729165345485006
-0.255671672912114 -0.273087230874523 0.064419200944936 0.197807091634424
-0.258850619702939 -0.16417025669514 0.106238471399728 0.228072412804101
-0.271365707040354 -0.146891779043532 0.134166593971998 0.23114852428554
-0.188091816249226 -0.195572970214017 0.0505711416650181 0.211648928294639
-0.117487899274511 -0.235537191403164 -0.0713420134137519 0.173047290810368
0.0627175797305364 -0.302789705384814 -0.113206917827041 0.0390885023670784
0.194545852343644 -0.212061110381076 -0.0830270424643522 -0.0701011905163787
0.260774526022787 -0.0720335629844761 0.0303702358977511 -0.237721043447148
0.301017063034533 -0.0347178090924925 0.20699515090254 -0.141467066151669
0.605486187414536 0.00597594877375278 0.259855294404759 -0.0307996679334018
0.608786987335 -0.1500909493144 -0.181436703351328 0.0642833517623175
0.459774881499673 -0.354118925358869 0.0615161279212598 0.4272910517985
0.286295740248457 -0.449561344762893 0.329345679908793 0.126245608890868
0.0590083438007792 -0.462097620033847 0.191464806175156 -0.109761423268672
-0.103992408360254 -0.422650397049268 -0.0174888841575027 -0.0583021713071914
-0.267357009103734 -0.358955964000556 -0.0375755829823185 0.092540022796769
-0.289489651953538 -0.232386223170926 0.00371449703155277 0.146343424335615
-0.311392668299082 -0.221842421995217 0.0460586310760926 0.166717158022061
-0.215559706717436 -0.273304608786653 -0.0155476880467633 0.166845243487447
-0.147861714052833 -0.302656600446063 -0.103094216712463 0.146702524229241
0.0204233477725512 -0.399428763528781 -0.144433543498972 0.040195083842645
0.197156595765231 -0.366960971326442 -0.119065392659233 -0.062666306048179
0.381162092770268 -0.203226128056711 -0.0167275116448171 -0.237282639560778
0.501140753696041 -0.0609488653686525 0.106189742403046 -0.150633640808249
0.686821253600062 0.0339287863578855 0.0462469206854668 -0.0233265022789697
0.665482647699901 -0.190500137356632 -0.290507314436184 0.131416279426218
0.433230202270901 -0.415551951821595 0.0647221136076544 0.418469145966827
0.205999631845976 -0.443287824007007 0.332739143574107 0.0699672166497455
0.042632140609539 -0.40239621154596 0.175230085367977 -0.217871252470492
-0.0730863946741533 -0.40094791198084 -0.0770080145528996 -0.185978586709396
-0.234876154849071 -0.375919572673578 -0.13475474742351 -0.0290754800029719
-0.273436657477926 -0.264958416607485 -0.100984134586183 0.040803109911557
-0.305045840889519 -0.274450148464781 -0.0576258060920211 0.0777364917299167
-0.210548150150612 -0.32790701309587 -0.100787848418327 0.0994651202398632
-0.149769875791916 -0.344817959498718 -0.149756875943279 0.0993702457249941
-0.0107785429207515 -0.457874707692028 -0.185648741285209 0.0274544144227505
0.189497123197933 -0.479918162706082 -0.161661004122424 -0.0643996186632637
0.46681270703469 -0.306891936127318 -0.0687086745276043 -0.213305464852504
0.641986238481289 -0.0764955926508294 -0.0381191944333603 -0.132419536032079
0.661638719802021 0.0391681476510661 -0.141187508431057 -0.0160812753053796
0.591286630954597 -0.218536913188055 -0.337967154361212 0.196832407472734
0.301331684739536 -0.388150981244452 0.0871483572315075 0.3620364251514
0.0847080660493687 -0.327165627328318 0.302653477412913 0.00909725018082713
0.0311560253698545 -0.258099205253045 0.134261228631315 -0.285090537108423
-0.0270859279897192 -0.308748203853826 -0.125728748387428 -0.274961361110675
-0.166790051845705 -0.334916576446499 -0.21139304501589 -0.140839737838955
-0.211922322504161 -0.260209877270154 -0.191196880194986 -0.0732166225757747
-0.242538568101921 -0.289789562233246 -0.155572682324727 -0.0284191294515311
-0.154238852047317 -0.33525900211973 -0.182058638854424 0.00863839304739973
-0.109203219523462 -0.33136479576802 -0.195191710617534 0.0274937855775288
-0.0190271217884818 -0.440461148778142 -0.223160929513548 -0.0073364327439779
0.17736654155296 -0.511703673423166 -0.19800038660684 -0.0847070485271178
0.506000236242885 -0.344016722476019 -0.114918700899236 -0.175285602235085
0.691421631893468 -0.0560896358495064 -0.207022357304544 -0.0917869169905085
0.538981507420459 0.0211741003873207 -0.271856857404327 0.00092647915129867
0.4259087059117 -0.230533048642129 -0.32117311887461 0.242822073998302
0.126041594760715 -0.296527093445173 0.107838861034303 0.274896668925759
-0.0214483394317202 -0.159634743254076 0.246422671549486 -0.0343614203179221
0.0370615402535481 -0.0940178770703075 0.0881848563270357 -0.296217262596257
0.027845587287298 -0.189367137518762 -0.151977672176034 -0.31332798481476
-0.0754398153581549 -0.250944767279833 -0.256440488170475 -0.227122365565864
-0.116731421556973 -0.215526325882778 -0.251497767934494 -0.178078647019313
-0.133604607015064 -0.255144850404463 -0.223692059925358 -0.135465577989828
-0.0603409605555843 -0.27164008074242 -0.227870814406501 -0.0895242130504323
-0.0417790187988517 -0.238179634434693 -0.214684158114543 -0.0521997533229652
-0.0232721162399343 -0.33130823173009 -0.243636024738105 -0.0567370083590135
0.15005975009873 -0.44196566230438 -0.218027957443675 -0.127370598938493
0.476890098112468 -0.298666713608572 -0.146962269269436 -0.140380916915216
0.628197684003646 -0.00338408849461354 -0.373253641895549 -0.0506907790835008
0.3496470895083 0.00133213233335195 -0.334859577149252 0.0327874714502642
0.226349882795556 -0.211410594604013 -0.263237888271478 0.268075814644273
-0.0292156680437602 -0.176696077115371 0.115419109985761 0.187069394852884
-0.0827614924889103 -0.00617069429446562 0.184505754632884 -0.0494593954173009
0.0521843607942464 0.0370405400632745 0.0567962364309868 -0.268655611153132
0.0802612697990198 -0.072905589821449 -0.152343593637964 -0.31388431264691
0.0249566834899433 -0.146469926116581 -0.268239913462846 -0.279551775836279
-0.00353886758178366 -0.136726451365053 -0.271496056692693 -0.255130820803397
-0.00257431573786977 -0.162693929637073 -0.243170848317462 -0.221393945142688
0.0363961079163804 -0.135263124888361 -0.222471872602298 -0.165567642609454
0.00579248799219037 -0.0789157903551857 -0.201683246248242 -0.106718146306276
-0.0550241902376334 -0.163777112099462 -0.250025138902928 -0.10312962990253
0.0813466651107165 -0.300175247251907 -0.21835992364391 -0.190229913313628
0.363240297930094 -0.194467397680536 -0.149387980122518 -0.117503438734938
0.451781208201814 0.0593828775499097 -0.503821419986126 -0.018465402600708
-0.15657700583001 -0.00857454621061022 0.630112053625738 -0.0846388014011615
-0.102402750520603 0.118525359391053 0.182484077329026 -0.0133520485787554
0.0416096587863381 0.147606127650069 0.195955312134238 0.221114073899687
0.14334842428459 -0.0140154325403866 0.257497216211285 0.107938812211948
0.00112314242994666 -0.111956406532638 0.164967170465267 0.112615240580645
-0.0856709181660462 -0.0407471258439364 0.155639181218136 0.198545751518271
-0.0982730093203675 0.0278088219813499 0.217043223443103 0.258758405953263
-0.0904522358832887 0.0349115080920185 0.240836993941448 0.279119548881525
-0.110062720527588 0.0361764784389844 0.233747301936885 0.274400283724854
-0.110616290751235 -0.0109384207790323 0.123428139351152 0.258708215303972
-0.0634003575668208 -0.0970603874898883 -0.046201439808465 0.222274639094711
0.0966832316962334 -0.109325165886127 -0.10994963784277 0.0495145635504129
0.110970323325278 0.073554800634273 -0.0737434718533571 -0.0968765247375487
-0.0453322098430072 0.106736647836921 0.0856240199701568 -0.201126929914272
-0.156448834715291 -0.024356556418888 0.252109102147988 -0.0651661520830126
0.134736654344914 -0.0383329313932316 0.578597788648974 -0.0669592524094172
0.153300388008451 -0.00197049325073284 0.085206730261836 -0.00697640150726971
0.20096109470413 -0.0345121789144177 0.143053051609539 0.31151539798221
0.227795388964388 -0.187664667890172 0.275721390587133 0.137826903326163
0.0293467258257738 -0.283036283514807 0.162831905622604 0.0762720014948966
-0.117549172835876 -0.21620376556878 0.0985389144361407 0.166213918890241
-0.194723959455633 -0.12825806376568 0.152541100405525 0.253611619419819
-0.18509097298545 -0.0673763968738028 0.186465665894478 0.273504865417425
-0.195506354929264 -0.0554335912872709 0.193410577621551 0.263314274575253
-0.147274851947354 -0.102728142484384 0.0918448970671995 0.235788760956313
-0.0838621272422111 -0.162527763133089 -0.0537443839833266 0.192305671741795
0.088305669519892 -0.202433275496794 -0.100222908051467 0.0379313754610924
0.166858273323189 -0.0583356460325406 -0.0656743679671563 -0.0800137251899359
0.115233103254364 0.0375244612545221 0.0615612911405688 -0.214394858666032
0.0695164650456975 -0.0169915860597443 0.251473590127766 -0.105335838173339
0.400367528384292 -0.0280508295920555 0.443241016190354 -0.0460352049160646
0.411888636973009 -0.0893481002254126 -0.0457803646554143 0.0181028198628399
0.359122227926779 -0.209155158388767 0.0918042673816054 0.379834331196364
0.287224426906041 -0.343376316882688 0.301804079723035 0.143571416503257
0.0555621235881975 -0.408245456630152 0.175360420058926 -0.00286240785753256
-0.120762763485198 -0.352756976038813 0.038209012364449 0.0745355945786532
-0.252203023407316 -0.2633192521191 0.0625933710666223 0.192548121649789
-0.252212706984623 -0.159126043535363 0.102487449871521 0.227888922436247
-0.26394630148829 -0.140249338244054 0.131018833836546 0.226376275570708
-0.184408316601538 -0.189130935255932 0.047036177124329 0.206367015009096
-0.113246374501287 -0.228123242388354 -0.0709498872358893 0.170222494810111
0.0586877894063689 -0.297620562868045 -0.112836021133917 0.0373641929276781
0.191117863910142 -0.20781939121553 -0.0823626572781841 -0.0706542494052542
0.25702944448302 -0.0720440658165719 0.027833712129743 -0.2292816201756
0.294116934499629 -0.0338428991697355 0.20214893013659 -0.137717454806635
0.58799328417927 0.00359187825028343 0.250606168285554 -0.0312709729495931
0.597497781293878 -0.148064812048502 -0.182831364638129 0.0655566440149953
0.447134799306405 -0.343850064958836 0.0637520874788151 0.417434612635734
0.280419318870119 -0.443898814635152 0.321886228612655 0.117111626854528
0.0588144957850718 -0.453038237488743 0.181972888318057 -0.112255787394704
-0.105612865966159 -0.417541735346565 -0.0222906162747249 -0.0527297921905536
-0.263672111765873 -0.347363201997468 -0.0374619309762987 0.0904490452691116
-0.282605275125409 -0.226342296269115 0.00299673763185836 0.147821081459036
-0.30307164863905 -0.214666244799936 0.0447076689488679 0.164021898757809
-0.212256108318771 -0.267417347236522 -0.0174896297734093 0.164322658234545
-0.141929661205268 -0.294338569070293 -0.102312065036362 0.144234450699276
0.0178760588765487 -0.391451349488077 -0.142804605267722 0.0386416250950462
0.191821655037908 -0.358206523523099 -0.116939117217707 -0.0644444790782277
0.374461968768407 -0.199178731283379 -0.0173616460733898 -0.229594939330723
0.491546383395858 -0.061978950172279 0.104016058909008 -0.147538712797173
0.669395716088952 0.0288100550551448 0.0414804241972734 -0.0234765598950002
0.653182896389393 -0.189001457372969 -0.288642832637506 0.131751572331055
0.422683722546458 -0.403706933790851 0.0657421926067998 0.40729870636625
0.202304382897919 -0.436536973595237 0.324424518782223 0.0630605217228429
0.0449185794696468 -0.393288059510205 0.165895025002431 -0.217865363313463
-0.0728378751983232 -0.395924047582689 -0.0808820276759935 -0.17801785484455
-0.232764575555607 -0.366770141144595 -0.132730061822565 -0.0278366601251105
-0.267321354782115 -0.260399694051116 -0.100109934899912 0.0434748916556414
-0.29842407057186 -0.267071877469461 -0.0564358771489115 0.0773942593240054
-0.207366421718679 -0.322256412393826 -0.100268354732524 0.0991956143719919
-0.143557861644843 -0.337177210384675 -0.148814018615496 0.0979364630906512
-0.0130388472976639 -0.447831580678817 -0.182711016881627 0.0259229319953707
0.185140251424466 -0.468165053110277 -0.15889752886636 -0.0663146194361715
0.457473864957639 -0.302397508026686 -0.0686463074233008 -0.207846671644084
0.628631897718281 -0.0789116341037184 -0.0369115289486312 -0.129146795092662
0.643388041318967 0.0334550584035466 -0.14129275897923 -0.0169159892844831
0.57864953619519 -0.216409517739614 -0.334553133107666 0.194859394213663
0.292268410201684 -0.376057479297667 0.087648901297138 0.351892372803172
0.082446731576834 -0.320186585112309 0.297160822115056 0.0036309079512303
0.0352324944308129 -0.253657978685483 0.12672155811016 -0.281380516289723
-0.0272405704145 -0.306407410877676 -0.127749246616626 -0.263939398248211
-0.166481657534818 -0.327320934368827 -0.208539798219247 -0.136332511369947
-0.207941780155083 -0.256456788573958 -0.188039148221286 -0.069469614090333
-0.238425501682567 -0.283509919116442 -0.152304726866858 -0.0257759204869503
-0.153173120391122 -0.330302276851095 -0.178720284851125 0.011139573111563
-0.103223323316492 -0.323716008426135 -0.192294915787887 0.0271171603133776
-0.0209071351338874 -0.429066050431672 -0.218512347197052 -0.00846625748838046
0.170971534189617 -0.497695860748714 -0.194297213970867 -0.0854169852599149
0.49301433776966 -0.337105296172239 -0.113716303038147 -0.171252846819083
0.677093839712002 -0.0598415089664193 -0.201137143602813 -0.0893019905113596
0.525025352165508 0.0156924681446678 -0.269163303698807 -0.000418649725931737
0.414637842469301 -0.226250475236231 -0.315588654946056 0.239510425816713
0.120631657734935 -0.285841429022869 0.107593729308182 0.26683693432382
-0.0205394643054457 -0.153959127923288 0.242693609822503 -0.0366762265766303
0.0423851350184868 -0.0936215064290871 0.082770968241777 -0.291503818111448
0.0281839445095685 -0.18947310345282 -0.151844229287562 -0.301753005544304
-0.0764845236069217 -0.24683127198305 -0.252329180530046 -0.22009548917414
-0.115095938493053 -0.213486974091673 -0.247921345249323 -0.172988357489211
-0.131679332831414 -0.250534326038752 -0.219319686102155 -0.131584598231106
-0.0606484594628942 -0.268946426633878 -0.222905312446242 -0.0851359447238316
-0.0378187945805278 -0.233985823625494 -0.210197848715671 -0.050989058500137
-0.02292679216924 -0.321272179296399 -0.237851438239734 -0.0559207965681089
0.144167594337505 -0.429025503867242 -0.214435105260519 -0.126506312615363
0.465264905680992 -0.295537637757114 -0.145054178523772 -0.13866439750189
0.615053327781597 -0.00950961672894595 -0.363155345024682 -0.0482630962186597
0.341450063362215 -0.002918682274428 -0.330390830258121 0.0297449245469956
0.219064416720046 -0.20745632944315 -0.258629113811036 0.262746986045259
-0.0302387639291854 -0.168648371434244 0.113564962682142 0.180861008286608
-0.080108518846931 -0.00301887584315336 0.183639986903148 -0.0499727158895982
0.0569792427593273 0.0341651981040767 0.0542497997370721 -0.263153899075039
0.0799087675878319 -0.0752988610967066 -0.150821900106767 -0.303635521643248
0.0222729392097161 -0.146002334317974 -0.26361499920826 -0.272346284130542
-0.00438090748698504 -0.137473655912119 -0.268194713005577 -0.25109643108389
-0.00451955368783325 -0.161288051190192 -0.23805772481451 -0.216680243801446
0.0350239877308528 -0.137139409429018 -0.216829875089966 -0.160487561140614
0.0092823201319251 -0.0782310992222431 -0.195713505474418 -0.104675344730509
-0.0542225142717219 -0.155943519217278 -0.243590426711718 -0.0998002906750907
0.0776148243246658 -0.291525165434101 -0.21585754700576 -0.186934755583487
0.352417458402143 -0.19252921240878 -0.147226792991031 -0.117772254064657
0.443662016379005 0.0520654376724598 -0.491013391378431 -0.0174316470865492
-0.158597561590219 -0.00708019058879507 0.626478997590789 -0.0787378468287733
-0.102984486376337 0.117040846989949 0.178982588370633 -0.00895680618412178
0.0412466985930554 0.147287958157252 0.195243061820808 0.22425895141738
0.143643605781327 -0.0162501894337824 0.253996535372519 0.106664308613032
-0.0015271438431745 -0.111480075481325 0.162505221361194 0.112123399389172
-0.0884012857163187 -0.0398892987561169 0.152196056061439 0.200517165446547
-0.0971401743146679 0.0286792404038377 0.212938393219677 0.261079153421258
-0.0897794635503923 0.0370188608942835 0.238053100242387 0.283830569912955
-0.108493532444065 0.0379642999171229 0.227375379167992 0.276169327493265
-0.109652396356927 -0.00822033123150481 0.117639537602756 0.257809530009736
-0.0639829219607314 -0.0959132532785319 -0.0480185718671278 0.222936022990185
0.0943645498884543 -0.110972405148051 -0.11147022838653 0.0478028327656058
0.112664559687828 0.0723749834817679 -0.0742777537443126 -0.0972076804911839
-0.0432218573776595 0.1053502333948 0.0871043814544549 -0.196270816388634
-0.157003156827734 -0.0220389364873144 0.252815654639034 -0.0597581801992412
0.132690485158025 -0.0343165725801295 0.575090653899858 -0.0619844161418838
0.153312651960176 0.000523221267842065 0.0808321127413421 -0.00258809439488026
0.203388607520964 -0.0313736045782365 0.142524929145977 0.313011709731459
0.230220806221687 -0.190341367746821 0.272526042667853 0.134875090050669
0.0307606519796124 -0.282593521928165 0.158777392672918 0.0753789906464631
-0.118996339536818 -0.217319666436032 0.0937697223225606 0.169232112450696
-0.192967574017457 -0.12685302798824 0.148346169797856 0.254458489264644
-0.183468556718722 -0.0673304790953185 0.184018320808899 0.280429788084254
-0.191803673622317 -0.0549730241225852 0.188624859459153 0.266156488448137
-0.144800743847267 -0.101592037742301 0.0857616948409877 0.235969635094245
-0.082186847000854 -0.161517833883536 -0.0569959547180332 0.192704663897753
0.088008475844672 -0.202340393707859 -0.102402313705526 0.0350286300104222
0.169326192918998 -0.0579665869898917 -0.0662040398738909 -0.0814496378393665
0.117614019105807 0.0373378706241071 0.0634517752011379 -0.209158240702993
0.0692175330097315 -0.0138963373472121 0.252300253157657 -0.101267593468324
0.396814104124522 -0.0237124531545245 0.439209785927688 -0.0422902742755824
0.411955209456156 -0.084249544275849 -0.0507789381083551 0.0209370557928853
0.362333179540364 -0.20278126945702 0.0904050861410324 0.380417146378244
0.292039261168166 -0.34508028366167 0.297914101722851 0.141129244276451
0.0603420553847158 -0.408822658681262 0.169676157947041 -0.0052971425527796
-0.119981554044942 -0.356983897106432 0.0332477703736195 0.0785000361863586
-0.250133280430278 -0.262951214120811 0.0584036608127323 0.192012338039913
-0.250818553644637 -0.159762163414413 0.100993553252277 0.234013997536001
-0.259709129870685 -0.140401028957312 0.127613418164399 0.228186423390599
-0.182871095718598 -0.1897161592127 0.0426838194641627 0.20833074542159
-0.109103480812742 -0.228357904707486 -0.0740634936515184 0.171545977011453
0.0604956012999934 -0.297672189927463 -0.115377001319828 0.0346224297939503
0.195066767842901 -0.205679856547515 -0.082326530867055 -0.0734603781708315
0.259916429346772 -0.0706012558744252 0.0295324305496182 -0.225082517437375
0.294113082758342 -0.0299699125033171 0.202896907864606 -0.134769364262338
0.584660777012065 0.0102337288577816 0.24812579876657 -0.0288560152432984
0.597179241894631 -0.141708873415345 -0.188087449304732 0.0682453747678031
0.452392158598823 -0.337097781972996 0.0623207179505576 0.416973743349337
0.285887663030168 -0.443484474809589 0.3194856826091 0.115461648951538
0.0660066326248389 -0.453639259503436 0.177069797406713 -0.11401088541849
-0.103988035886008 -0.42209791533678 -0.0264151834762265 -0.0478267126951036
-0.262131101222444 -0.347067852370387 -0.0401591477813375 0.0891406347580295
-0.280948041972338 -0.22864219121968 0.00161970675068605 0.153123046807142
-0.29849862095848 -0.215066243528357 0.0423407299468554 0.16579100032205
-0.209836628131068 -0.269130016581103 -0.02124801681664 0.165435431048982
-0.13567588495202 -0.296182046208958 -0.105728297751122 0.144285155500684
0.0214821438358172 -0.390750120965874 -0.145259338618379 0.0345394798697268
0.196661003234105 -0.355483508218648 -0.116842792511735 -0.0680860552298406
0.377233011435332 -0.196870148930756 -0.0154870594615628 -0.226484736433462
0.491023222341852 -0.0570744141476193 0.105425911723764 -0.146228100158457
0.665301229587979 0.033011789497592 0.0384669953632418 -0.0245194919379463
0.652887695525257 -0.18252735741221 -0.294649142979869 0.132699334053416
0.425228133712177 -0.396559715139325 0.0642264791984297 0.407883044873453
0.206419770851327 -0.433905103585554 0.323639145904506 0.06133416814788
0.0522754649839235 -0.394037005680406 0.162514002240505 -0.219843337871131
-0.071164225669215 -0.400444003356451 -0.0835231938060016 -0.172780963709939
-0.231892974794291 -0.366300846289098 -0.133351322892066 -0.0288007246794272
-0.265411356356377 -0.264010167466898 -0.100913780441939 0.0471840417522384
-0.293912106674786 -0.269207809739676 -0.0577149958819802 0.0785297583219334
-0.204912929298274 -0.325414317806917 -0.102548786073917 0.0999941381334779
-0.136666632280866 -0.338559850127542 -0.151311318922484 0.0961295018411967
-0.00806243904832759 -0.446665271996804 -0.184467897131227 0.021558766951102
0.190175476064033 -0.464236468613691 -0.15862852077449 -0.0704370860516792
0.459590203697374 -0.298073135857847 -0.0665194086885145 -0.205858313707983
0.629035145310613 -0.0741096385967772 -0.0351555258020031 -0.12967108467671
0.640300600887854 0.0364217894586615 -0.143661609514527 -0.0194775811207429
0.57737386487976 -0.211130166904767 -0.33912037233459 0.19512382785121
0.295426011316987 -0.36995904563735 0.0852324685957254 0.351310752041155
0.0858194405877273 -0.318006666534872 0.29678531219403 0.00268914650248083
0.043723089807315 -0.254649341250157 0.123818357004078 -0.282730915122557
-0.0243950836294524 -0.31114265994463 -0.127868953396674 -0.259484836345717
-0.165082419478841 -0.328259406436144 -0.207233407909426 -0.137903683624278
-0.205992539691199 -0.260458833922121 -0.188490235260916 -0.0678628156873737
-0.234545726369184 -0.285794822154701 -0.15172096845285 -0.026222025253462
-0.150802140861605 -0.334008793459802 -0.178936778996834 0.0110752427669107
-0.0960031235348393 -0.325945425575146 -0.1936768322247 0.0248884158007085
-0.0158573733386557 -0.425650013568479 -0.218457175990699 -0.011823848914833
0.1750493867687 -0.493068254650937 -0.194251890094618 -0.090128989032402
0.495174782322085 -0.332743801869076 -0.112018190851503 -0.171960331368945
0.678042527240604 -0.0563934280031698 -0.199219654821709 -0.0914829197752213
0.522649972870428 0.0178956356115109 -0.271149447232246 -0.00479441618081099
0.415319454668299 -0.22343116472635 -0.320472807660342 0.238306033195689
0.122779660578225 -0.280742576321421 0.105641087071217 0.266090602908069
-0.0185887832210812 -0.152112265058568 0.24435380032492 -0.0373359557247217
0.0493363311570729 -0.0953685885637844 0.0821642047386798 -0.291758054011905
0.0304235413424456 -0.193198969244529 -0.15009151650955 -0.297966612924571
-0.0765468989652649 -0.248308289830653 -0.250342254601795 -0.221405094850034
-0.113555599066491 -0.218207808805076 -0.248322305691422 -0.174548841363298
-0.130453687727983 -0.253463745758099 -0.21685760054733 -0.132942029588689
-0.0590684389156366 -0.27345821181683 -0.220758992732113 -0.0860264281350836
-0.0315521638054734 -0.235463833470445 -0.210046075712941 -0.0539806163211898
-0.0189778142710309 -0.318097003672624 -0.236554854328015 -0.0592877667545185
0.146977623861371 -0.425173082773081 -0.214225148053632 -0.130586112552766
0.466943911748258 -0.290598183059075 -0.143711933718044 -0.141331844191234
0.61612634404367 -0.00790041659260312 -0.361371294500497 -0.0511462858181923
0.339624006449937 -0.00208714557904818 -0.331151450980658 0.0239187106609693
0.219162859793515 -0.206119213132125 -0.262652320851548 0.260235924673966
-0.0288648396551985 -0.164832824706366 0.111972798167582 0.180179339848495
-0.0795910177224737 -0.000616719550147334 0.185798459072888 -0.0507533782856956
0.0621497593832285 0.0328788221699824 0.0556782238635646 -0.26345000967808
0.0823217252722673 -0.0789618028291874 -0.147738241718994 -0.301917711584264
0.0218565035245018 -0.148071654259946 -0.260817754737345 -0.273813708070378
-0.00378938864508523 -0.142017155302912 -0.267053281458474 -0.2546357198353
-0.00445414305292805 -0.163924792880352 -0.234877407450231 -0.219937490669679
0.0358695652986885 -0.139985271667801 -0.212667259644407 -0.161951397857925
0.0134512757647856 -0.0794359297680385 -0.193824293980172 -0.107148194371267
-0.0521329177301044 -0.153028589402496 -0.240992695509618 -0.102191971960735
0.0789228221762208 -0.289052734279065 -0.21676188686283 -0.190966572154395
0.353694230092179 -0.191563345734561 -0.146120264963091 -0.122612168643131
0.444618480441975 0.0514276423676667 -0.488431272840243 -0.0211705160645775
-0.163557102949262 -0.00445559450793819 0.637980949606938 -0.080214357718584
-0.106328158648692 0.119743198396174 0.179797489488769 -0.00587277598285744
0.0435707926777066 0.150841043268504 0.202796331750382 0.229069432476462
0.146376389479186 -0.0210731237994981 0.258834756149633 0.107464324834401
-0.00466644753467604 -0.113239992533342 0.163903794704128 0.113605272964458
-0.0933688803348638 -0.038520615370357 0.154833552227677 0.207401019055201
-0.0983555616600861 0.0320653087573119 0.216012220586959 0.267706400757159
-0.0911529247347639 0.0406981356261505 0.243809715650092 0.295279467888698
-0.109807626574172 0.0414892986596258 0.231016852944929 0.283071939280527
-0.110829409150968 -0.00498313729551256 0.116601103158324 0.26369022052528
-0.0670036097577688 -0.0961121936501955 -0.0487540817412236 0.230159343406855
0.0948912710892356 -0.11597265752115 -0.11675322219628 0.0482256880511533
0.118993934376705 0.0726400074365419 -0.077301058252953 -0.100448239117175
-0.0417377112962052 0.105837802855676 0.0893542868165861 -0.195876163244485
-0.161571495292391 -0.0187857441522853 0.261165651682088 -0.0579078245746014
0.133084181782576 -0.0329814562547765 0.586107741864006 -0.0609121201763951
0.157629005145623 0.000932366733519821 0.0788135403337841 0.00129616292044557
0.211198171540925 -0.030750202742409 0.147012313125201 0.320703804907751
0.236557415173173 -0.198701276596019 0.27869419741752 0.134847533136645
0.030515065260512 -0.290495137674582 0.158720887897255 0.0753484374038965
-0.124940076015505 -0.222274597680028 0.0932516932211776 0.176865092525117
-0.197266974940426 -0.127715338945293 0.148350451298315 0.261285731163287
-0.187739754592159 -0.0664144555300293 0.1891156812891 0.292793245155915
-0.194264056401129 -0.0539327206901857 0.191314426069184 0.273660046664551
-0.147840958291348 -0.101940879461674 0.0845056214157194 0.242509817397431
-0.0837732107479064 -0.163795098952849 -0.0598383586039449 0.199182756759871
0.0884389271728367 -0.209138821952981 -0.107691266567929 0.0344667776207256
0.175747661522699 -0.060057631419862 -0.0683432963162758 -0.0853001631835456
0.122435261816613 0.0367729581877117 0.0658540669271147 -0.209754374623414
0.0707654810724029 -0.0107500876033117 0.259892790911189 -0.101721499996069
0.403156239448151 -0.0206929416009043 0.44845411151982 -0.0424243098288205
0.423269489489501 -0.0866714342474824 -0.056665116931297 0.0259973945870829
0.375154703638785 -0.205377046240084 0.0946690694113443 0.390315886295849
0.299035193550251 -0.357543918142596 0.303595856500235 0.141449199718836
0.0635047781532266 -0.419896186617183 0.168144545601382 -0.00840492383955793
-0.127487407192768 -0.365021817742189 0.0307747730208068 0.0850547962270454
-0.256516843932658 -0.266444791083023 0.056678808197954 0.196525735205143
-0.257300946224236 -0.162973518961807 0.104181992242336 0.246504349803838
-0.264304525558452 -0.143264472767955 0.128941453559964 0.23686406015265
-0.18612805708335 -0.193980837486868 0.0396393089727896 0.214566267717867
-0.109944860383022 -0.233578644804535 -0.0783958019245436 0.177314820168872
0.060173774035936 -0.306272757320768 -0.120665798594751 0.034081891497206
0.201762466174797 -0.211122387391365 -0.0846322470867058 -0.0777138453723219
0.268315513645377 -0.0728307477337731 0.0317018474076212 -0.226633057111335
0.300926642469933 -0.0284875279910525 0.209896817016046 -0.137027388115129
0.596723109750867 0.011830571144834 0.252118261199115 -0.0296911308294113
0.61388709602156 -0.145538426872814 -0.197562741911694 0.0745725614397822
0.466559947349442 -0.341815205585981 0.0648651986502794 0.426685607249639
0.294291603641188 -0.457326545432641 0.327478807236652 0.114016151792745
0.0711810894458779 -0.46724112973147 0.174990170690264 -0.120330113692764
-0.108356183976337 -0.436433212969882 -0.0318693769966713 -0.0439879809580025
-0.268369599439894 -0.355146469679199 -0.044610202601277 0.090713730122905
-0.288146311759749 -0.234981024552428 0.00161480132419012 0.163401806013531
-0.304335120544577 -0.220826223152624 0.0432135393215879 0.172161058181719
-0.214619296373382 -0.276770277047828 -0.0243508029095219 0.17142171080142
-0.135632929348274 -0.303918825251845 -0.111389115016654 0.148554718151788
0.0226558977717797 -0.401046209108652 -0.151485290305135 0.0338922507669292
0.205202938664805 -0.362824005363423 -0.119685639445337 -0.072949615509866
0.386879768116256 -0.20100821003238 -0.0139998185012667 -0.228903342072657
0.503702694655385 -0.0592786702598815 0.109385922651884 -0.149467297003208
0.679776859711732 0.0342262378105614 0.037573140162307 -0.0262983682973587
0.670396328151588 -0.187287883984192 -0.307009925902594 0.1400976753054
0.43617771560597 -0.40206375319066 0.0671316253272428 0.418046647492624
0.212352450682385 -0.4462368052982 0.331779225651194 0.0584557744399987
0.0585096042495193 -0.405944786217375 0.160152774229468 -0.228094680470207
-0.0737897117718031 -0.415517155078708 -0.0889562059106624 -0.1712567801649
-0.236746633717573 -0.376399300080958 -0.140159198209379 -0.0309652064818243
-0.272778018524549 -0.272879846125107 -0.102955121007242 0.0532544269066939
-0.299712263035192 -0.275659328623203 -0.0588048351337069 0.0819468421735274
-0.210783516661778 -0.335432515304482 -0.10601983790422 0.104572692695395
-0.135920563609084 -0.349469240006513 -0.158513360809382 0.0989820838782281
-0.00728935672088008 -0.457650556508572 -0.191082436199402 0.020502605065051
0.197801010353154 -0.473985860376627 -0.162860837943043 -0.0753833438048651
0.471778010496366 -0.305347516190418 -0.067091114918018 -0.209911563434755
0.644996069717649 -0.0766321939858644 -0.0346432424319265 -0.133082485951872
0.654268249598673 0.0370474633225241 -0.149182337409276 -0.0226192180489376
0.592513050767406 -0.218054798032137 -0.35215257545176 0.203673492249054
0.302205051372633 -0.376005221324043 0.0879880180318865 0.360593554781596
0.0887107086474477 -0.324429049440004 0.305059805853325 -0.000650314322084114
0.0511549886899585 -0.262977124359136 0.122347693977006 -0.29187495362224
-0.0251964153628223 -0.323960157706379 -0.133782468170193 -0.260981717815701
-0.169601576836578 -0.336524044941926 -0.214050195198212 -0.141608676869044
-0.212003091675661 -0.269940632816005 -0.193714167856123 -0.0669111348171566
-0.239701226120951 -0.295901928095076 -0.155784521628957 -0.0259684669535475
-0.155652182438408 -0.345283389989647 -0.183490123798757 0.0130019748904487
-0.0937569191393482 -0.336720512545655 -0.201499997370796 0.024317287448778
-0.0141396195026459 -0.436461836689878 -0.22557645290659 -0.0141731664070969
0.182208356196603 -0.502445783572037 -0.19913746189929 -0.0950097057915567
0.508660370258507 -0.3420563769049 -0.114402016813698 -0.177088074775004
0.695224922773953 -0.0617152627811268 -0.20360879129433 -0.0943433845315429
0.533449045041731 0.0173470513151795 -0.279783081019962 -0.00825621040818273
0.425805131109189 -0.228956434432881 -0.331758778478614 0.245873620624855
0.125592759025918 -0.28462066526627 0.10827926827373 0.271949054560662
-0.0175534800909026 -0.152344183438831 0.251695865753778 -0.0426199316083433
0.0564944838389839 -0.100214455586275 0.0815460168516821 -0.299665952440503
0.0326610886086219 -0.203604069902917 -0.15471955689021 -0.301632644907755
-0.0793351876104213 -0.255776663550203 -0.256493388970786 -0.226781913291458
-0.118532303367998 -0.226984439603892 -0.255464778143727 -0.17874766030924
-0.13405299198353 -0.262611383543647 -0.222744287766115 -0.136367845090655
-0.0611179447620556 -0.283798119266587 -0.225133994016954 -0.0872380792012364
-0.0280151467627994 -0.243888974840818 -0.216087947410268 -0.0572378703610455
-0.0180487927247867 -0.323309916059855 -0.241845585616035 -0.0623560607879686
0.151387840612727 -0.433662232772899 -0.220682739907637 -0.136811225436119
0.478330153996009 -0.297743723721348 -0.147319986604379 -0.146980911808008
0.633128222110583 -0.0116214518970411 -0.368777262117594 -0.05267254060934
0.347034135896806 -0.00321363443481735 -0.341180134486278 0.021854426846246
0.223796066638571 -0.211989313456966 -0.271278786998779 0.268439020898378
-0.0294784810827169 -0.164819001170045 0.11468672092235 0.183820551046551
-0.0807304592645136 0.00268774154789552 0.192949225202193 -0.0542771091131457
0.0691740482933159 0.0305871743969127 0.0563850225233837 -0.270655072194926
0.0853814975463707 -0.0851465090971394 -0.149918888663223 -0.306460848144623
0.020612914462717 -0.153952094188358 -0.265926839660772 -0.280015966596377
-0.00510982566584141 -0.149299548864485 -0.275757362939991 -0.26360368254072
-0.00489215685142258 -0.171138188421614 -0.240739297704667 -0.227776704815691
0.0368594591310244 -0.147212981231402 -0.215724563031406 -0.165727444942403
0.0176635463071155 -0.0824738251459952 -0.197382607113911 -0.111419837816244
-0.0522152417335698 -0.153036313275293 -0.245768685158562 -0.104850769340456
0.0807693663529693 -0.294080584176918 -0.223881346277562 -0.197305263011803
0.359943495168224 -0.19809094363183 -0.150400947514618 -0.128534381642609
0.457678734221752 0.0498172657721026 -0.49829008058123 -0.0213395407480244
-0.164559339804746 0.00715367651075745 0.649317462927488 -0.133597510747573
-0.0933999896488261 0.130416094827943 0.175566674790726 -0.0219418092360116
0.0680911555794259 0.146841727960229 0.214024675467132 0.222931366704459
0.148940261991344 -0.0450285864522245 0.270884868453301 0.100463550640002
-0.0154907190174135 -0.114774544234364 0.18341644708829 0.102113458975083
-0.0967100891316392 -0.0272539400290623 0.17569044244004 0.197415098110078
-0.0931352398388553 0.0471590560942858 0.246149654625184 0.251605986452866
-0.0851376500077152 0.0512791176958006 0.278207783874404 0.28780335524436
-0.105403940728733 0.0577081170066326 0.264218936932904 0.279795520438734
-0.115240804560382 0.00867339116548546 0.142910160895095 0.269604577266044
-0.0820452994024164 -0.0901125422304592 -0.0297268041787883 0.248810871406343
0.0812408437224689 -0.133243531009588 -0.12311320891224 0.0661482473791884
0.134820195527909 0.0601989312976518 -0.0981666661520937 -0.102341661362099
-0.0298790721984591 0.116278946869538 0.0874398807359398 -0.216547615372445
-0.173272553412985 0.00161904989345704 0.280535259951639 -0.0676904450095814
0.130098252388791 -0.0543566762754579 0.599686663413942 -0.0882691926181648
0.160276795505334 -0.0172480555738176 0.0773083539254911 0.00950495295930982
0.218299914824532 -0.0549417295256516 0.179203841583496 0.336092840979041
0.220274408942775 -0.235944623851531 0.305547868808169 0.138302355470436
0.00306373518920991 -0.299814771467458 0.185103773804473 0.0650514879982909
-0.147550753080779 -0.212916273340461 0.119939105406741 0.172951667341015
-0.215795222903555 -0.104365381326745 0.188399548306708 0.252635592791727
-0.192528376124263 -0.0503117648652118 0.222905119691891 0.28753135849278
-0.201854138770364 -0.0322391651520573 0.222650209461228 0.274339152721582
-0.163124937312935 -0.0879556871865876 0.10797303364686 0.252415951393396
-0.103341726110967 -0.158328558811183 -0.0442788447268215 0.218572117686692
0.0664226305934702 -0.227641294326381 -0.112711257995451 0.0532154492034548
0.179917609289014 -0.0809077951954202 -0.0878139296576186 -0.0821978430451201
0.136569119374395 0.028649175569451 0.0499306349717357 -0.230876810121495
0.0757765874250644 -0.00977155836045523 0.263111204809339 -0.123972850784056
0.403373954960514 -0.0731895443359255 0.455117211190829 -0.0402641340261922
0.41992730069329 -0.132282062916851 -0.0568329702744748 0.0626980585384609
0.364983797065897 -0.25038367351242 0.143606496371222 0.429621761722431
0.266400285207535 -0.403831492202756 0.343900969479156 0.149519827449429
0.0236415688911566 -0.438355663399557 0.196370413811406 -0.0201983695789985
-0.162975142893608 -0.361687445803194 0.0547757774647408 0.0848820423214786
-0.294040883929197 -0.241519886929584 0.0987681302535686 0.198335439675102
-0.272583791436892 -0.143990597029844 0.131541313510035 0.246203823964252
-0.282923391056092 -0.116912872841277 0.155413354231027 0.240755584104046
-0.212137961539537 -0.180548500850509 0.0616971789996885 0.228511547567628
-0.13569616495156 -0.228933278806115 -0.0651517701325665 0.197929804421814
0.0286993902356521 -0.323762274538986 -0.125011229562094 0.05511100621767
0.191584609360279 -0.238603599297502 -0.103468021358798 -0.0664932424069925
0.279782116197124 -0.100010283447557 0.00103273600552973 -0.245087321061461
0.319091371234443 -0.0493540016228104 0.19531982549968 -0.166306511089546
0.599743760806677 -0.0604456644163699 0.250663999485577 -0.00236963857221588
0.605011136575555 -0.210723632118082 -0.196569305753938 0.133934631380225
0.44159277026488 -0.399339528974655 0.126313636258428 0.4789392897752
0.249954242355479 -0.505720178415072 0.374828032596868 0.121925465008264
0.0265701546422645 -0.489057285030422 0.196719616969893 -0.136744998561791
-0.154145033603294 -0.436061311510747 -0.0150298404038765 -0.0415950264200875
-0.319848788752545 -0.33121819129125 -0.00876475107996145 0.101951670538834
-0.312133121998624 -0.215958048932178 0.0193991653081936 0.167367558458355
-0.333968920035098 -0.19271637654054 0.0599448477134178 0.180137324732276
-0.250271063475063 -0.264439730157909 -0.00741734113281783 0.18945699452179
-0.167120886163092 -0.299000013811146 -0.101058804251346 0.170279463554363
-0.0188274014866809 -0.416627988381426 -0.154070715643222 0.0600967008456597
0.17952382356551 -0.395070172229961 -0.139029157298623 -0.0523648961853518
0.394177832103943 -0.245371227369836 -0.0586155120683471 -0.242301018489366
0.531614897070927 -0.0995585186162632 0.0771178108950846 -0.180350561185089
0.687269362832769 -0.0431702230243753 0.028119612411633 0.0180233563051493
0.658387265042638 -0.259502510946939 -0.302057005303268 0.212991729226919
0.403919658920077 -0.458352915055855 0.132132230571258 0.467318888034042
0.166629518371759 -0.48324062104642 0.375446470765388 0.0591318621833171
0.0210709153303163 -0.427763678990791 0.168938966613088 -0.246559860183343
-0.118966080547351 -0.421279338689763 -0.0847020026716409 -0.165643835567464
-0.290942943155575 -0.358310152963892 -0.117458834523267 -0.0121061878971726
-0.29989386856987 -0.255415255071127 -0.098235384317948 0.0622080515106732
-0.334863606444344 -0.250917620340274 -0.053879176043149 0.0936309314568891
-0.251640544497786 -0.326894436883586 -0.0981135744187452 0.124910702392131
-0.170815071039662 -0.347192822643589 -0.154207763549424 0.122680538119906
-0.0544841808395249 -0.472163199952099 -0.194760687812102 0.0499370139602165
0.160795739143873 -0.508743629052625 -0.182834752121829 -0.0471518355899563
0.471602542493158 -0.36293381310017 -0.121611834406421 -0.21619713468465
0.679078092216639 -0.134919255480131 -0.0817392855794267 -0.158040972235551
0.660306612013904 -0.036636544992617 -0.164574120538298 0.030292952768937
0.575701934914807 -0.278815628858638 -0.341571417723652 0.275848101113062
0.26879787542807 -0.415083941224512 0.148827706872901 0.39348221701015
0.0565367910434984 -0.342048143325524 0.337498529749099 -0.0141023134723067
0.0278854977132372 -0.281444830162327 0.116363100714396 -0.30874723030664
-0.0599644929425411 -0.333615560128807 -0.141111592607594 -0.252821494896663
-0.218162659647816 -0.328061503768274 -0.207740601200442 -0.117673231598386
-0.239917978038578 -0.25845056577429 -0.203090270616494 -0.0545006257007064
-0.277346195965245 -0.277663479305193 -0.16506332107121 -0.0131009606156573
-0.195007522139644 -0.34379834208819 -0.187079095970324 0.0347475030946051
-0.125124579866388 -0.339421870805717 -0.207114719813124 0.0464781193850469
-0.0567964549765167 -0.447601526384632 -0.232946692709886 0.014344822647183
0.142892446976493 -0.536558608540386 -0.222670987889043 -0.0638156516585183
0.50657153988934 -0.40486735103692 -0.17341015235315 -0.178215376361375
0.733938091747342 -0.125050556041038 -0.25845913116504 -0.110098834604144
0.536925497089924 -0.0416141202455412 -0.295935736712366 0.0433559034631349
0.404514478835517 -0.273439108816084 -0.314381153204244 0.307597082395428
0.0985876540770832 -0.300794015098596 0.155806510063371 0.284377711081299
-0.0316869954747498 -0.152618533600465 0.267859555039742 -0.063909814189057
0.0505507755328336 -0.116551059827147 0.0640466769381246 -0.312555460736857
0.00841075846584123 -0.216164117642927 -0.170229638265777 -0.292269793403188
-0.116391014193326 -0.2567879466004 -0.267472867262849 -0.201989117535525
-0.141467010485586 -0.224138573043372 -0.278322433469227 -0.16600924073504
-0.166604268546595 -0.256966547089106 -0.245198775118083 -0.125282214087307
-0.0908101031790183 -0.290396599371708 -0.241037898274436 -0.0697332675973106
-0.0476859027672713 -0.250848599601696 -0.229882065740685 -0.0396862097971997
-0.0473819816275238 -0.331097280486467 -0.255732850860067 -0.0387213306317873
0.11697309352061 -0.462099956098553 -0.247504682414588 -0.108341152287839
0.478633145035007 -0.359061950928778 -0.203781017212251 -0.14646634730799
0.671913940177509 -0.0729749663057444 -0.424815472074736 -0.0563865248894714
0.34714729881864 -0.0407223788403184 -0.354527147833563 0.0644392255500718
0.204017218161082 -0.234121298533056 -0.249885071773039 0.312693506764155
-0.0450857085543059 -0.161903778162256 0.145351928457182 0.178510180498954
-0.0769839998723741 0.0138128443992249 0.19623727417231 -0.0793186384768813
0.075811471995202 0.0161302037554143 0.0341858150880005 -0.27940535159953
0.0745153840243442 -0.100241144601563 -0.170801927887652 -0.297004506613729
-0.00291995884202351 -0.164345161568138 -0.289991865972665 -0.255766075570069
-0.0224109777667696 -0.155073951925097 -0.308548581875365 -0.251275584285249
-0.025439033897549 -0.178016399043279 -0.272260654135885 -0.221379117972604
0.0241805151242505 -0.159330532619107 -0.238703766276953 -0.156833837018393
0.0157415965974011 -0.0900838358035159 -0.216622236760646 -0.101731684416095
-0.0646381159387566 -0.151559683416778 -0.264085357626339 -0.0888785788467597
0.0580969100853873 -0.311934531994168 -0.255402380767776 -0.178896182183219
0.362233216350825 -0.243978684763366 -0.196635227990978 -0.129343680161841
0.491519334807616 0.00158468554850548 -0.546319555678307 -0.0116975083367984
-0.169398300941813 0.0192567333575335 0.653535569338424 -0.168704229814728
-0.0898585530246928 0.139802441976537 0.176012683120547 -0.0288562736174987
0.0800672851552114 0.147313897114242 0.233451653190247 0.21674829536785
0.147977379638099 -0.0576187976339118 0.280657530384457 0.0859493945861284
-0.0249223367564717 -0.115801880230311 0.190071469209149 0.0934098992745848
-0.102530906252048 -0.0189429855112589 0.189588314263806 0.195078243759497
-0.0914569995770266 0.0555402734484894 0.262169501904946 0.247221805812846
-0.0815660770213749 0.0598718822152222 0.303036413887344 0.282417570065804
-0.101947451482394 0.0680456380293843 0.284839414182272 0.273598535900819
-0.115465932388301 0.017993106085544 0.157032825692369 0.269421396158654
-0.0899549148899813 -0.0858361745738822 -0.0160384148351185 0.257698970619701
0.0718314956661405 -0.143073180898609 -0.124261598753914 0.0738865690244771
0.145084257641332 0.0520761917013988 -0.108250587006944 -0.0996735271395601
-0.0240548780655815 0.118734808778912 0.0798383666681991 -0.22345169304651
-0.176554655392411 0.0163684963209329 0.285017863407282 -0.0830805221865139
0.127254790377372 -0.0597524971340864 0.605644297241383 -0.120164071385564
0.162458030246526 -0.0249914635668206 0.0766440498609028 0.0109355055933836
0.223568423092347 -0.0679776900163048 0.203802644360485 0.335300675483922
0.211723905442236 -0.257685159510011 0.318263172595857 0.121348536883872
-0.0146790265740725 -0.308320535991777 0.186758584821926 0.0548057592659254
-0.165895811295526 -0.207505504059272 0.130639613387627 0.174234342346392
-0.224982256153953 -0.0929601162878096 0.201621279792853 0.25107489961223
-0.198822013397679 -0.0392021316278678 0.246887833216203 0.286399582597154
-0.206520748966497 -0.01896361510083 0.243334428689829 0.269748193373817
-0.170541449853907 -0.0798801175702998 0.120867365012545 0.255110666062906
-0.114197521014312 -0.155935110361183 -0.0343831286757727 0.227496339221676
0.0528539508161608 -0.237841213694399 -0.116370517238467 0.0600570232814507
0.182883955175236 -0.09499719867575 -0.0961849264999416 -0.0805176480385426
0.141705417684334 0.020652074518293 0.0419750472314252 -0.236166427074761
0.0772528925007194 -0.0105334495384277 0.263900782862246 -0.140325118153591
0.405777564709329 -0.0924667791628116 0.461777417538716 -0.0654676919809394
0.422776993475215 -0.157307458143578 -0.0577773895715778 0.0721682060532399
0.3636045660622 -0.277244923018505 0.171886515080717 0.432062456775031
0.250970264167181 -0.433141011580163 0.358245236848861 0.129806187404273
0.000895267528699778 -0.452148251723421 0.192336393738902 -0.0334784754333485
-0.191067979939484 -0.36342967901415 0.058391898819345 0.089212101158152
-0.312878630065318 -0.228367668107031 0.105943285069303 0.199280270586799
-0.285895580924911 -0.131240426100728 0.152471341433501 0.249607959178533
-0.294854138843054 -0.102418190333798 0.173227966792448 0.240220060260126
-0.226009857169633 -0.172259948133248 0.0722895839426714 0.23284486252142
-0.149262630430266 -0.226540778367633 -0.0585447788910449 0.208244090044029
0.0103569188551306 -0.334584363048175 -0.1282774550342 0.0628774408439889
0.18558599348439 -0.254671349770929 -0.111185128503482 -0.0650006591183513
0.281591213619644 -0.118707853354017 -0.00885043961911909 -0.249073684200798
0.324370971109808 -0.0666538007434384 0.191376216991173 -0.181158342771803
0.609425279652622 -0.0926804837154131 0.253886933405271 -0.0178718359321706
0.608739487912549 -0.249410122685634 -0.197055563180576 0.153618108178396
0.43262969824744 -0.432219630437345 0.157174470420612 0.48445647902562
0.22906007877164 -0.533028420893864 0.387842634363861 0.0989189569341144
0.00467100357857941 -0.504763122649132 0.185473507498678 -0.152086182042354
-0.184400760889606 -0.440196809867224 -0.0199179291873705 -0.0362536490675511
-0.344609879756292 -0.320361156361362 -0.00987034218114717 0.106477502066024
-0.330395380091641 -0.204662418937857 0.0328738403604941 0.175282515965076
-0.351548495046312 -0.179228884216541 0.0725978037765655 0.182888554043129
-0.271802432794239 -0.257950569039639 0.000600414605963291 0.196957930504925
-0.184543458007266 -0.299648567813221 -0.0984261437878724 0.182539922707565
-0.0416914007083885 -0.426561235578523 -0.158093476878939 0.0683848167253808
0.165491348882511 -0.414759413537573 -0.145918516228993 -0.0496645869412113
0.391169725158323 -0.273687365956788 -0.0707484923038359 -0.24351629296104
0.539348746304861 -0.13251726381689 0.069294661437879 -0.189018593613497
0.699451272921713 -0.0805520574210844 0.0273625914119668 0.0144178271763214
0.658762936203199 -0.300620066264037 -0.299948209510012 0.239731116025766
0.391482996327861 -0.488860096190767 0.16135695671987 0.472103899399024
0.146162658045144 -0.503383063004584 0.387375441101199 0.0339553575764335
0.0035216389496051 -0.4421155926267 0.151325440943363 -0.26331760076177
-0.147542524965959 -0.427846958237229 -0.0972616259855052 -0.160205585971138
-0.318202686373363 -0.350302266692663 -0.125932912699745 -0.00430152758041164
-0.321602385036542 -0.245727772103407 -0.0943059425952718 0.0732214011102828
-0.357474561368506 -0.240237310289802 -0.049620171913589 0.10034596916027
-0.277216844592525 -0.322084171497896 -0.0948920537911016 0.135856568502133
-0.190187979577003 -0.350134153592669 -0.156030478065577 0.135870213160654
-0.0795531909399654 -0.479982136059229 -0.200112508281278 0.0598956297392649
0.139721636829206 -0.529224234755858 -0.1909350561373 -0.0424704334605893
0.46349395934342 -0.396807761348474 -0.133959511577881 -0.214479737717183
0.688962231945603 -0.178630943671998 -0.0926139655881553 -0.158518093685058
0.67284696591063 -0.0750966414171821 -0.169787930418349 0.0366531176962299
0.573900384382049 -0.318021001760998 -0.336003788411445 0.305748046435332
0.2530429597138 -0.438330184915501 0.174619477288184 0.395322342244292
0.0404062629643289 -0.351925521371089 0.343438560860306 -0.0370136409398363
0.0181059763013737 -0.293883480806394 0.0959025865781743 -0.323404469798583
-0.0821910821132137 -0.342237357807837 -0.158428612508523 -0.247267954975025
-0.241935765218064 -0.324128456328946 -0.223035591739442 -0.108566669729536
-0.261907128315952 -0.254220615944021 -0.20990827634061 -0.0418841117687281
-0.301769051374796 -0.271517620722913 -0.168996953738301 -0.00308197540626104
-0.22084146989134 -0.34436730637305 -0.189969082714868 0.0470275959572604
-0.142251981343811 -0.344766664013774 -0.213014214037937 0.0599757827739795
-0.0800491823421967 -0.455314758618784 -0.240195597595001 0.0259977214076421
0.118407245628077 -0.556478703521983 -0.23298455640772 -0.0566386706746007
0.496366894990636 -0.442099026777947 -0.186043351883538 -0.173879825405433
0.745440481037867 -0.173831565205255 -0.269896460809891 -0.0989341887692857
0.546614821047667 -0.0732167238167113 -0.303750644485529 0.0560741049819018
0.39835115613424 -0.303258673303949 -0.305812910348085 0.335979102535166
0.0851301474157821 -0.311855679180532 0.175030211666094 0.282021837339327
-0.0387964047698818 -0.15175870249744 0.26987294558859 -0.0844477735656239
0.0499172504239355 -0.126835359051333 0.044817569175445 -0.323171067637305
-0.00324565021674206 -0.226989489595685 -0.189433402476111 -0.287003778162564
-0.13527420710684 -0.257694575332521 -0.286285176139101 -0.191178633688403
-0.159938353055643 -0.224950461233951 -0.29460732582818 -0.152994027099078
-0.186176164535399 -0.256703467103656 -0.258009320788427 -0.114412350531034
-0.110477118040667 -0.29570085058623 -0.249421472418646 -0.0582595809000286
-0.0579338905391615 -0.258661911540994 -0.240865954501439 -0.0286472938542131
-0.0640762798082753 -0.334109408329727 -0.264783044710416 -0.0273952502382556
0.0966388985906855 -0.477701924831968 -0.261981001944319 -0.100450577231231
0.468377541717729 -0.394732567378704 -0.216745410289927 -0.140570978356189
0.685288773482962 -0.117519201051505 -0.436901603135299 -0.0342142640663866
0.352816915158 -0.0611273983146861 -0.361906901422503 0.0801925302872746
0.194389804199784 -0.252905406932672 -0.240271559786222 0.336582816062905
-0.0542609811339449 -0.161148283201967 0.15791058080717 0.174174916484671
-0.0748280095204697 0.0220553015393263 0.196749008489635 -0.0957056659478679
0.0829292710084776 0.00780008579656116 0.0184767060836468 -0.287469114509322
0.0704041053478783 -0.111487720458808 -0.189790037196978 -0.294001596096527
-0.0135715321128774 -0.169706629531563 -0.311512508951391 -0.248218190183114
-0.0334925692055089 -0.160867708442271 -0.333014215910356 -0.241280619203141
-0.0372714721512111 -0.184691777932894 -0.292320993435573 -0.21306013773049
0.0149368994334554 -0.168458625943326 -0.250854394687502 -0.149194483677421
0.0148986576987374 -0.0957697030979348 -0.227395388357169 -0.0937383919385518
-0.0722644651943788 -0.147251898477982 -0.274594314406113 -0.0773545205955388
0.0427005044498184 -0.320244967782144 -0.274653200036066 -0.171341143431858
0.355881499046093 -0.270970658723069 -0.208610328763999 -0.125205084087095
0.505007802744273 -0.0307305106283164 -0.558914288266551 0.018411286836553
-0.169493105999953 0.0324765340346628 0.635467295471628 -0.20578702702687
-0.0820069740888917 0.145618388743562 0.171271245948948 -0.0353241567694173
0.0910438587947114 0.141431144400985 0.247837028320794 0.200365400416191
0.141056839516377 -0.0691464118793779 0.28250097273553 0.0668926365041527
-0.0345711947948193 -0.112726808534582 0.19044371622145 0.0806690339141062
-0.104107038174987 -0.0080005059559916 0.199912691873339 0.183680344232454
-0.0860813606281517 0.0629575859838161 0.273968055396546 0.232668765480282
-0.0753058610253396 0.0667883817956925 0.322099310276261 0.264905754402881
-0.0940339037246996 0.0767648726151003 0.298676326423757 0.255616770914019
-0.111383561184981 0.0274014663911468 0.169828759517533 0.260744726791757
-0.0960700639534031 -0.0769802210332279 0.000485417057092366 0.258032955733205
0.0590558405527485 -0.147411202348373 -0.122659143497665 0.0813695798318785
0.151340432264613 0.0396173087827535 -0.116985918785644 -0.0918147901273689
-0.0164494850231416 0.11839981892569 0.0693599525955201 -0.224732225364444
-0.173596694820232 0.033041724831426 0.279281084144325 -0.0982190390970994
0.120705532598362 -0.0631578624129592 0.591739653920024 -0.157734624973078
0.159426389515614 -0.0326812113290524 0.0751862319184416 0.0102107102294416
0.22296347394327 -0.0814258495118523 0.225672788270428 0.320395082583186
0.193926885715351 -0.272573763109569 0.321205322155531 0.0976996865267124
-0.0351362121426175 -0.30737001754507 0.183514658931367 0.0435009187968552
-0.179660265419431 -0.192864662501273 0.139450804726993 0.169152459547862
-0.228092757256942 -0.0766655180900621 0.211606964714851 0.241777860579866
-0.197848906129308 -0.0245446818465621 0.266733534109484 0.273439058936833
-0.204032157984608 -0.00493696358223187 0.258373116143853 0.255691803034107
-0.172745575991476 -0.0670491115241047 0.13314427266886 0.24927031264963
-0.122769134749833 -0.1472765382405 -0.021762162163672 0.230349119433082
0.0352394517495236 -0.240529747405961 -0.116019338352339 0.06659109935035
0.17938151640475 -0.108051684263262 -0.1025183448884 -0.0747933087284692
0.142645280692439 0.0104072152905392 0.0308067440156785 -0.235152411983655
0.0772248757637991 -0.011504259752603 0.254651776402706 -0.154458509605706
0.394873792306687 -0.114499555357651 0.452413923922725 -0.0931938620068892
0.410042892658606 -0.179544833638309 -0.055509841475372 0.080589202957152
0.347897540789087 -0.296649483912533 0.199285659756071 0.420612258839284
0.223246772677693 -0.44969936791595 0.360623113848255 0.103814044495822
-0.0266562756372017 -0.452786737063629 0.181139630381642 -0.0453291549239232
-0.215898387297135 -0.348360568613291 0.0623048702913437 0.0901172373057978
-0.324999411195607 -0.206670478934207 0.11163141202465 0.196418049604974
-0.291553284877587 -0.111805573807897 0.171162461972864 0.242738014922335
-0.297457808966523 -0.0828963405402477 0.187511063200824 0.229649791874438
-0.234952622915644 -0.157280309862535 0.0837502760069209 0.23133030077064
-0.160835622889796 -0.217733748075314 -0.0487628583314631 0.213542403776747
-0.0114495589611605 -0.334175046701118 -0.128323509575989 0.0700297431409493
0.172294051471141 -0.267252003398172 -0.116171651559441 -0.0605633431168061
0.273100061570154 -0.13608095989945 -0.02033350601777 -0.245581696091268
0.320163440198965 -0.0840632014320746 0.179788211543361 -0.191147333189902
0.598111408441458 -0.125816368656514 0.24892317041323 -0.0347905077535736
0.589584491923282 -0.283861120729107 -0.188897063031386 0.169735489227009
0.406850331086111 -0.456822485002172 0.186576414455361 0.4749198753283
0.195276052324741 -0.546810409096129 0.389082251999261 0.0689601312516433
-0.0257784471581383 -0.506509892861178 0.166238100946721 -0.162622844756575
-0.213784044377025 -0.428462832505209 -0.0234631135962911 -0.0288071727592988
-0.363282833728606 -0.296972799808478 -0.00992583754188311 0.110982022113635
-0.342028641354534 -0.18336965953675 0.0479465239629256 0.175941624679005
-0.359314310218005 -0.156368434643236 0.0849723120344086 0.179490935816532
-0.286104954485293 -0.240418562443298 0.0109916153044831 0.199149336460749
-0.199727210392843 -0.289546398730163 -0.0906973812650449 0.191097315700276
-0.0694708284130033 -0.423158126764533 -0.157227483195133 0.077352819704568
0.141589664706798 -0.422391092647428 -0.149704900981441 -0.0437871393990612
0.373588730252253 -0.295436838519891 -0.0812741197931674 -0.237926462146563
0.528719039166455 -0.164891963228073 0.0570687929938461 -0.192273625391174
0.688879413932153 -0.120223085270423 0.024645882995287 0.0100893215886859
0.637970480173668 -0.341236955962304 -0.285483790981212 0.262420073088638
0.360562827740184 -0.510743123226985 0.190701696061419 0.461844992360723
0.114560646624021 -0.510072907905203 0.385400574699875 0.00558457213383378
-0.0212659844022506 -0.445752114661894 0.126983913797816 -0.269955646145728
-0.175625568133139 -0.418743692905013 -0.107516545502139 -0.147863389689707
-0.337608200739043 -0.330067109317449 -0.131601898338534 0.00723020668297123
-0.335669257392017 -0.2250602086614 -0.0857701425804013 0.081806864857049
-0.369580596362256 -0.217972168234837 -0.0410041542888992 0.104368141696253
-0.295998111726761 -0.304970319732227 -0.0871825027806821 0.143278918570897
-0.207362809938566 -0.340611793880635 -0.151649501598992 0.147885448053943
-0.107681076376288 -0.474697775189085 -0.198500269079344 0.0716144170615119
0.109606669281675 -0.534249850417493 -0.193914556460932 -0.0342070826807003
0.437776750834031 -0.423902989510956 -0.144247177974754 -0.205578575519789
0.673758009070517 -0.222398541262608 -0.101124475482901 -0.152050022311305
0.664614808350147 -0.114411836603899 -0.170570085853628 0.0434207751088483
0.548657207784188 -0.353292725392388 -0.31617114909185 0.328332404142822
0.225174114511782 -0.448808858014349 0.198219112713765 0.384274462217631
0.0205607979679397 -0.350604606979457 0.337357710449191 -0.0624500574058665
0.0037949272232283 -0.29858303217886 0.068984865768419 -0.326223752772233
-0.104212605397289 -0.340311838021464 -0.172713773131774 -0.231703769186347
-0.26132435340107 -0.308690888632375 -0.23312008446967 -0.0921344907642752
-0.277560741434724 -0.238316696832727 -0.209372530856536 -0.0263276822352542
-0.318083859899203 -0.253697451038204 -0.1669137544083 0.0082163477850727
-0.242684272606249 -0.331349952059544 -0.186191892205719 0.0598807891744575
-0.159137263019872 -0.339553474664593 -0.212348509884122 0.0745591861400091
-0.105919290842027 -0.447312255943549 -0.239807000830832 0.0396391201389122
0.0864701939737963 -0.557167224639774 -0.236024240684864 -0.0455542908061631
0.465314825328404 -0.470289685836822 -0.19407091263206 -0.162590361353002
0.730585109120757 -0.222321088968038 -0.273972101986213 -0.0826377312090031
0.538212036622111 -0.106612680212168 -0.302755548704159 0.0707026212324342
0.376042476988038 -0.328802576623859 -0.284023348164691 0.355978915482799
0.064876787123197 -0.313941126270925 0.190824653190509 0.270401152369677
-0.0442770106921835 -0.146013402515917 0.261940580196122 -0.103629340424012
0.046380773747865 -0.134609211985869 0.0211608510869516 -0.322809027656668
-0.0184093097809303 -0.230653525847578 -0.204537601820595 -0.27102970621468
-0.152142103504753 -0.24946299476476 -0.29888951199309 -0.171948445344168
-0.175025647653716 -0.21636992919477 -0.302406095949426 -0.132391516912489
-0.203722460213701 -0.247038837380758 -0.263096505369743 -0.0982913493939005
-0.130101497017721 -0.290736179227177 -0.251007570297034 -0.0431461980564657
-0.0704008768691145 -0.258041706857704 -0.24443985406529 -0.0129766595682186
-0.0814370433296393 -0.326206625490032 -0.265718071620605 -0.0124374213414304
0.0679030658223787 -0.477394604531571 -0.268754700547986 -0.0860745648564998
0.439936733903696 -0.420089036022437 -0.223227098728317 -0.128347273481643
0.673442533904444 -0.163544966914664 -0.434731347838493 -0.00688341585228499
0.346908236045129 -0.0835882672694346 -0.358456529212475 0.0973500852682508
0.175947946563274 -0.264750019951989 -0.21699950714658 0.351493296809571
-0.0638513237748755 -0.155636151515201 0.166938997523197 0.163547547260206
-0.0689259965714484 0.0294341871113751 0.188953500471563 -0.10974571270883
0.0865582531473801 -0.00262486068423843 -0.000813241990247895 -0.286857048992004
0.0632167547739593 -0.120257202431706 -0.204282566188912 -0.280016669934993
-0.0255197285288785 -0.169928497976093 -0.326185281556904 -0.2273092386561
-0.046141014878214 -0.160484915944544 -0.347877961934982 -0.219643317009263
-0.0513896302861129 -0.18391738873354 -0.303483832464544 -0.195543437319705
0.00337778282574546 -0.171882172560875 -0.257242982804679 -0.135226343457175
0.0117496219530885 -0.0994289213166597 -0.232652261524405 -0.0795356238300403
-0.0782975906588822 -0.139539196897268 -0.277656480141457 -0.0608300333167239
0.0221563042536343 -0.318615658922145 -0.286903359790901 -0.154854732715177
0.335195826797701 -0.292925468052338 -0.216050538192402 -0.114739017177876
0.499270058316222 -0.0669135117187163 -0.552872732771037 0.0533706098913323
-0.166085196172114 0.0420466917437212 0.607151224616469 -0.22446692891197
-0.0751167164626497 0.1472335959241 0.163688237843003 -0.0375538007094172
0.0980219255202358 0.133142767916981 0.251376665376557 0.184230028950219
0.132181396008707 -0.0756379694351605 0.275627017208352 0.0523495546881044
-0.0417211442261142 -0.106654775965251 0.184807658853168 0.0707347510485942
-0.102866091599089 0.00149342142146575 0.20217689130999 0.173224107861261
-0.0791039980476774 0.0666079515749142 0.27471119204225 0.220438218062378
-0.0675840262830623 0.0699431443357819 0.325745340612342 0.246240240312727
-0.0851427822165957 0.081433617769098 0.299602288776809 0.236142259173986
-0.104992892830521 0.0335571714092342 0.173040150010082 0.249010573388045
-0.0975804591060101 -0.0696133287957994 0.0109672598564519 0.251852034286067
0.0483339005256047 -0.14743307215025 -0.11882843308411 0.0851869335522686
0.152457387342382 0.0277711617302493 -0.120338790841989 -0.0821190441075883
-0.0116516933893366 0.11535537203323 0.0620826766372684 -0.220195989972076
-0.165083497943244 0.0446446438792785 0.268204380083569 -0.104607850132006
0.111529329286787 -0.0623575400986738 0.565479226437581 -0.175656735488536
0.152880782113619 -0.0355988557140015 0.0721769831965863 0.0117376123287155
0.217050029381522 -0.0891891394913662 0.235065963203138 0.303904003225416
0.175928831981973 -0.276559583157526 0.313293323066999 0.0796620203266043
-0.0482443550514948 -0.298924432971252 0.173966136632854 0.0353242085386458
-0.185734486692052 -0.177393194935687 0.142464625541198 0.162279501844679
-0.222988569855481 -0.0636260415467641 0.212520255265707 0.232721070953003
-0.191807335322645 -0.0142271263469657 0.273946408797726 0.257541994328166
-0.195808178852957 0.00583551856770778 0.261471357584588 0.238672725302471
-0.168809237340488 -0.0569967972653751 0.13710408798751 0.241124063442622
-0.125302081530618 -0.137795139868844 -0.0127853616702624 0.2275353829057
0.021283981553134 -0.236259744422443 -0.113859696882748 0.0702815756955852
0.17250077099313 -0.115400404055881 -0.105121260973557 -0.0686296455392325
0.138784761578955 0.00327272019470134 0.0237464175955113 -0.228893814194133
0.0769316980270084 -0.0114399009487227 0.241003482194963 -0.159874870343132
0.377375321187065 -0.122650976505928 0.433062705882004 -0.109671171526879
0.391464939290186 -0.191451525016391 -0.0521240159811695 0.0858959659522992
0.328261842879966 -0.305235470543217 0.213570939036925 0.403895085836384
0.199188276932077 -0.450484122793505 0.352670864445792 0.0828701565175915
-0.0446396036270106 -0.443066861128108 0.167143728439338 -0.0495827806409241
-0.226505337014344 -0.32761419199887 0.0633831163438015 0.089856435242323
-0.322767914212474 -0.186697422563156 0.110951099322861 0.193661305874202
-0.288103085425439 -0.0949821251293158 0.181458662117967 0.231430546089246
-0.291428570687202 -0.0679057828447044 0.193346487950841 0.217004201222382
-0.234773774951986 -0.143119882633777 0.0891822974458299 0.225583587962657
-0.164571503957987 -0.207561672159192 -0.0410888245436221 0.213544640029598
-0.0270689489737155 -0.32524494866219 -0.126447361827535 0.0741433948612168
0.159139445305339 -0.269100984201692 -0.117726697752295 -0.0556722194717793
0.260169160161341 -0.144609641441357 -0.0267694554620921 -0.237948210172373
0.309142588347082 -0.094365728948276 0.166099500592082 -0.192632975698969
0.574416433095233 -0.144371794420595 0.237634358454456 -0.0454539604968643
0.562349463993899 -0.300999501667771 -0.177938163433203 0.17791573844741
0.378017071791066 -0.462571186725236 0.203968181544784 0.457256622495349
0.16835860402781 -0.541334651741669 0.379507722173052 0.0487023821081395
-0.0434878990553676 -0.496580627142665 0.14774094927068 -0.163906096955663
-0.229344789026901 -0.40878244448624 -0.0248886755401293 -0.0215989582510644
-0.364881439151544 -0.272905824984002 -0.010240416030049 0.115195959838309
-0.340027971517189 -0.162461802523764 0.0586281565356984 0.171620725333584
-0.355962272584327 -0.137644864119151 0.0919347225077045 0.171938177180334
-0.288199626957612 -0.222683807334249 0.0173423404871597 0.197196473453197
-0.204746046868076 -0.27769244598027 -0.0838922651147496 0.194572549134282
-0.0858742084158598 -0.409822499084356 -0.153453420428174 0.0819610344171571
0.123879548621412 -0.419544112395088 -0.149762190356735 -0.0395196145031802
0.349939602233506 -0.303533591427129 -0.0857159857538444 -0.227733542650793
0.507968361718713 -0.182526511537723 0.0473867966754707 -0.188744045430028
0.664653138924922 -0.144012063252275 0.0209830579066278 0.00655938851140116
0.605276656795242 -0.357953623016993 -0.267600363200605 0.271539939555454
0.329578010771497 -0.512385815211618 0.206387239028495 0.444576785488739
0.0919497722269783 -0.502151725520151 0.371481896828392 -0.0142346778477685
-0.0363332392864802 -0.437892941061705 0.104428299454306 -0.266557064200078
-0.191355634263939 -0.40336846068066 -0.111203947802455 -0.133726644506005
-0.343012544717487 -0.306345383954147 -0.132704089398641 0.0180883588139525
-0.33745907880747 -0.205980091117713 -0.0764308515226907 0.085419489762138
-0.370223875943429 -0.197677738360665 -0.0334428708907503 0.103973971642354
-0.302725054110801 -0.286707679030172 -0.0795725885639784 0.146723290150251
-0.214927754009635 -0.328582782333775 -0.145300490226259 0.154340098604661
-0.123241843167579 -0.45672063828558 -0.193576066671528 0.0776510968229846
0.0860951953740274 -0.524227529898439 -0.191471626487303 -0.0281684668022267
0.408180392490785 -0.430154512726601 -0.14577401404606 -0.194905718465116
0.645698943838215 -0.247721280398834 -0.105387868695823 -0.1434988347759
0.640205087705543 -0.139277683626571 -0.167977576339904 0.0467624008011689
0.520453692409266 -0.367016647495919 -0.294354628472203 0.337240678848446
0.200547959735483 -0.446391472571606 0.209870929103896 0.367366890372818
0.00757821999995272 -0.342091498372401 0.32302144069775 -0.0781704659927316
-0.00558678258253918 -0.296874096574878 0.048870543664697 -0.317946904370483
-0.11749129575421 -0.330398040521067 -0.17748146687742 -0.214044023970952
-0.26836258459576 -0.290482312055836 -0.234780074087277 -0.0742805738312008
-0.281771605182608 -0.222701882027818 -0.20302311325324 -0.0145816753821937
-0.322029673925042 -0.235491721551925 -0.16132718846807 0.0148708106363237
-0.252049686955189 -0.314317082086616 -0.179264740448993 0.0676349280577696
-0.167189517976931 -0.330074434486049 -0.207516764092114 0.0851375051890161
-0.11999635400091 -0.431447889814369 -0.234047394078942 0.0482121398498508
0.062837525615336 -0.546874655563557 -0.234181914318415 -0.0371879681295425
0.432739540714149 -0.476065579890436 -0.194410930920824 -0.152180075928133
0.698223874992555 -0.251079786805072 -0.268666192741587 -0.0683070384204907
0.517920162739273 -0.125931255670019 -0.295638240876632 0.0781586945597878
0.350430838977784 -0.337789177787636 -0.261273573781794 0.362227680517009
0.0495479040341097 -0.307028225881894 0.19808437108386 0.25696576613456
-0.0464870305503249 -0.139002327115339 0.248156470298171 -0.114284314933873
0.0424805550938619 -0.139270080364595 0.00429193030406954 -0.313257878258419
-0.0285132340806938 -0.228627530148569 -0.209859740519298 -0.253517739749982
-0.159842809279153 -0.238328540060243 -0.300412593865626 -0.152591337066037
-0.182343006102533 -0.205393251311157 -0.29934492477752 -0.11524523303644
-0.21155304906073 -0.234074434512568 -0.259396608601642 -0.0856831308470168
-0.140544362448439 -0.280706106885553 -0.245555874931241 -0.031262130872542
-0.0767205780585627 -0.253415109322972 -0.241158580373476 -0.000654416520667863
-0.0903672752360341 -0.31295389094392 -0.260469652604036 -0.00122979123974756
0.0475429189135979 -0.467591347159755 -0.267695290027356 -0.0744932727098773
0.410034323834709 -0.428427001538674 -0.222789768027237 -0.117597422807667
0.647780380302492 -0.193666152396582 -0.422101936804911 0.0114316626895472
0.334118310350295 -0.0976606064121078 -0.349571244654679 0.105218333551347
0.157111407197048 -0.267546631322249 -0.196555783203739 0.353861595999153
-0.0688874481044039 -0.146853922956439 0.169097516941397 0.15294430567839
-0.0624551050836572 0.0325550697043499 0.178502700899596 -0.11690140089838
0.087217558651373 -0.0117431352379128 -0.0123355977156988 -0.277972047163057
0.0559333234092918 -0.125328281357147 -0.20957873470197 -0.263797108320417
-0.0348366995859246 -0.165758415831648 -0.327022665352389 -0.207863669342797
-0.0544278976282169 -0.157474825410889 -0.34960994905645 -0.199551133493922
-0.0606820362109198 -0.179966178254265 -0.303686904101513 -0.179773864171332
-0.0050640753057214 -0.170459775744987 -0.255037520639175 -0.122807954834473
0.0102269502178759 -0.100364982493865 -0.230749611779615 -0.0678096320123374
-0.0790054671884797 -0.129422704944875 -0.272289976863975 -0.0484464093680795
0.00856954076725004 -0.309964178981389 -0.288796317090846 -0.139406510136459
0.312055982498736 -0.300335827036152 -0.215831201622973 -0.105135598009295
0.480554010021459 -0.0912118500742459 -0.533184677355327 0.0754138998959658
-0.164365983660166 0.0480193646141201 0.587154650355683 -0.225250281699124
-0.0722913538001328 0.148188669052392 0.157941243249113 -0.0355602315697638
0.100848001106023 0.126772067880054 0.2502237852045 0.176245527851567
0.125603895899041 -0.0788946278213645 0.269326011025664 0.0454542247372635
-0.0448113544256217 -0.102114460912712 0.178728610990845 0.0674436388353115
-0.0996976048880476 0.00776815014828991 0.199615328393844 0.167131850773685
-0.0740904321443678 0.0681077356724439 0.272044839470562 0.215372305083409
-0.0624549839454413 0.0708807651260292 0.323941378511343 0.237369802627882
-0.078326885838066 0.0829425473294367 0.29504336894549 0.228075322806935
-0.100176503965496 0.0358056429230986 0.171364741097705 0.243128113923184
-0.0977626534308511 -0.0640787428813041 0.0161426688985024 0.24657431514214
0.0416346999203399 -0.145491439201343 -0.117947513543455 0.0867410063523487
0.151631397014953 0.0195136670447753 -0.120597003264841 -0.0767347369647116
-0.00968950890215762 0.112707087612363 0.0603791787591159 -0.216765177944586
-0.157968910397016 0.0500796795076444 0.261272432970448 -0.1046932530822
0.105637652456265 -0.057363299219291 0.547352159786232 -0.178883465398142
0.148921607178783 -0.0344236657047015 0.0691563535537598 0.0139540566881588
0.213515510425439 -0.0923759765776388 0.236335894805748 0.295168493319706
0.166826986480804 -0.277296309190202 0.304891862401954 0.0712698023127154
-0.0537678925156005 -0.29250163957686 0.165474421048712 0.0344212168322125
-0.185456146127925 -0.16648648740209 0.141614951019859 0.160344762587531
-0.218194762424023 -0.0569466981917913 0.209477622658022 0.231671016760405
-0.185842248501589 -0.00932813520802507 0.274439208281459 0.249749969889139
-0.188673908354834 0.0105257632537944 0.258972993931877 0.231295255584946
-0.164986426953331 -0.0513659555783593 0.136258122944953 0.237137694765401
-0.1252993548865 -0.132727441691356 -0.0103986715830597 0.226049553151912
0.0136412859272224 -0.231992637031524 -0.113462711845952 0.0721887910989669
0.169003867445474 -0.120100147681005 -0.105471372429753 -0.0649812483185814
0.134919729469022 0.000982031417495753 0.0228636587790431 -0.224237218559834
0.0768915160963647 -0.00991504765247958 0.232992332863597 -0.157155251596623
0.364484222729928 -0.122529418777961 0.418783608410087 -0.113982533980126
0.380228066527949 -0.190230159475915 -0.0511566488598142 0.0888088746780292
0.319473904317219 -0.305070071573884 0.218273638394371 0.393786678718088
0.187265304101423 -0.445516986966175 0.343505776113647 0.0721134300785809
-0.0513110897045296 -0.43569015470823 0.154929425063128 -0.0482353416193864
-0.230062698995256 -0.315333299475989 0.0637913286681392 0.0923366317319559
-0.317798630913333 -0.175007497839401 0.108722393229355 0.195563699233524
-0.281934383547279 -0.0878093583188336 0.184483829594225 0.225594699047751
-0.283773803182739 -0.0604170918588695 0.193350820948308 0.210668865714136
-0.230631615742862 -0.135775763094483 0.0890476886775903 0.222978845979311
-0.164031038802122 -0.202131970067115 -0.0386683934070439 0.214156506516723
-0.0335522129014654 -0.31809864956374 -0.125847170053514 0.0758330969518173
0.153259700404404 -0.268621144406197 -0.117647278548914 -0.0534679683369726
0.250840378236856 -0.145712304761361 -0.026023526354261 -0.231870630046632
0.301594273521213 -0.0963357708150178 0.158533376148236 -0.189099904074708
0.557841542037267 -0.147308380591864 0.228639791112123 -0.0486439584619692
0.544594962275921 -0.300762715240729 -0.172115475661782 0.181406762502625
0.364091639118293 -0.459987298554001 0.209000555878921 0.448204280534952
0.1546532302253 -0.535240543719952 0.369297393802509 0.0387890400769272
-0.0513425554274737 -0.488642919536014 0.13360037834914 -0.158600819744986
-0.234264298928151 -0.396285801011136 -0.0248162514459877 -0.0148156666269459
-0.359645198325596 -0.261010545025248 -0.012981824168525 0.121617359032542
-0.334475407398163 -0.152835879822571 0.0637456162690076 0.169242305975423
-0.349546852472605 -0.127339341451837 0.0941098154032411 0.167190981251664
-0.285505141191411 -0.213621247738631 0.0195047830452768 0.196432293871965
-0.204311637908272 -0.271635445858134 -0.0809387550660775 0.196957315282481
-0.0909212792830373 -0.399266042788841 -0.152752936378628 0.0838805210294934
0.114885467337 -0.413276349011262 -0.148788398393691 -0.0378934244768799
0.336842504024871 -0.301613069237693 -0.0839540137303347 -0.221536954902768
0.492881727674658 -0.188593338569922 0.0426768158562703 -0.18446388346809
0.645247633921845 -0.15037137680688 0.0167041742985917 0.00471581532002264
0.585428149737927 -0.360412470798077 -0.258540853666108 0.274471708302993
0.313350531079786 -0.506549330312175 0.21171033967759 0.434482398610268
0.0826000937790577 -0.494448137091622 0.360739913151832 -0.0217730378039591
-0.0416392606825488 -0.432717631789554 0.0913025455768502 -0.257964691253348
-0.196889789588348 -0.392758033517391 -0.110575660919665 -0.123306331330138
-0.341285854327826 -0.295086935196029 -0.134295486383329 0.0284305359447126
-0.334142857701878 -0.197052931491839 -0.0700000075306581 0.0867634883601993
-0.3662562426544 -0.186767374448826 -0.0294569428645913 0.102690761340321
-0.301231419010111 -0.277287300676857 -0.0761925003285842 0.147966775900699
-0.216070809294418 -0.32367528497364 -0.141728444259954 0.159286422755389
-0.128886454634077 -0.445049828080774 -0.191297829682735 0.0798533659528029
0.0779479570312912 -0.514735425731774 -0.189571992557559 -0.0271136925499381
0.3903234934069 -0.427540775258057 -0.143512209615062 -0.188932631412708
0.625420038978131 -0.254418629770411 -0.104979989825681 -0.137560202798997
0.62242893222537 -0.146011872811146 -0.168005064433651 0.0461982529687401
0.499960957989484 -0.368578497599439 -0.281536842234144 0.338288428372762
0.187328380120224 -0.439596475742736 0.2133941304181 0.358698156141514
0.00255637055252798 -0.334025737892237 0.311591406563164 -0.0833181911709983
-0.00815201162132041 -0.295957033898227 0.0370749990683917 -0.30807312257833
-0.122864442893839 -0.324523760887362 -0.176162638064422 -0.201876823317932
-0.268309056889325 -0.280368397270044 -0.233782800605601 -0.0623794370089236
-0.280448085784214 -0.214318111790658 -0.196143303664936 -0.0101243678418167
-0.320609845344065 -0.225916707333631 -0.155550626732933 0.0176418744035347
-0.251867844555253 -0.306105641208913 -0.173671211384328 0.0704566927751456
-0.168018835371565 -0.325742047843494 -0.204349196327221 0.0915149629344358
-0.122676695831062 -0.418963190605027 -0.229914170970541 0.0512517710259644
0.0554379626962282 -0.535025621996828 -0.231144430438961 -0.0348175660226739
0.414980704216981 -0.472743632150338 -0.191275326221945 -0.146544928657375
0.676551796809854 -0.260365838753657 -0.263161210619538 -0.0620359754527096
0.503099984599097 -0.132858718246718 -0.293055522005096 0.078488086216883
0.334453245752636 -0.337732951015437 -0.248711515047138 0.360856451770394
0.0429516919250432 -0.29963577797317 0.198189091780641 0.24911593820243
-0.0451974312115127 -0.134099339262531 0.238411787204577 -0.117628080580926
0.0410252485662259 -0.143126483477933 -0.00310063488592323 -0.303212898283039
-0.0337443264052572 -0.227737785929401 -0.2073977770134 -0.241130939688111
-0.161717915651949 -0.231672989115464 -0.298449975241571 -0.139683581853003
-0.184560878274974 -0.199896761817819 -0.294566795633786 -0.106954793242651
-0.213303377884235 -0.226727344120805 -0.253852400238097 -0.0804000584067124
-0.14343774478971 -0.274756022863541 -0.239965447554213 -0.0265238391109399
-0.0773791450780424 -0.25208183696698 -0.237741013446803 0.00650058618152754
-0.0902694958683632 -0.302728011556682 -0.255535378988472 0.00209614336642288
0.0392636726330063 -0.454777837947295 -0.264583685401909 -0.0700099744788362
0.391683620792694 -0.425021007641816 -0.219122982074516 -0.112622947636999
0.626331726439763 -0.202732728885577 -0.410100222303415 0.01746254609721
0.323419878774023 -0.102142878865029 -0.344379891029953 0.10625025175682
0.146193068935172 -0.265030824300489 -0.184170932935578 0.351570899665724
-0.0691820281756863 -0.140335451778155 0.167457812780891 0.147969075251584
-0.057206222791933 0.0342290432027642 0.170712763465107 -0.118254383775814
0.0861561232503906 -0.0188361922203913 -0.0166786269163155 -0.270081721783492
0.0518685839393341 -0.128807182013928 -0.207257922493184 -0.253870077483059
-0.0390924701536112 -0.163216999990824 -0.325392765702959 -0.197790423619693
-0.0589628717674972 -0.155453336361725 -0.347155181020845 -0.189711685318047
-0.0645459509681078 -0.177346087141847 -0.300561495506323 -0.173247319970314
-0.00883624405090312 -0.16954138724123 -0.249575445100814 -0.118085911859707
0.0109869308165513 -0.102573873457263 -0.226865239537497 -0.0616941490353096
-0.0767086446762573 -0.122001417910675 -0.266627112917265 -0.0424956991402945
0.003005948893206 -0.300795041171189 -0.287598997670514 -0.131568131621084
0.297772412766913 -0.298185058629296 -0.21281096417045 -0.102019041638723
0.466204344631317 -0.102452699927287 -0.516816344966535 0.081005217331598
-0.144912543598751 0.0806002573365611 0.53971459862494 -0.347060185386759
-0.0398051146201148 0.157472703773478 0.143104851622012 -0.0605528901549377
0.124782779701717 0.0969394086291583 0.283431118408708 0.140979722580546
0.102420925317451 -0.105221414223666 0.287212690197063 0.00103762707011235
-0.0628783220671606 -0.0890906154163032 0.191036304705085 0.0282144434838229
-0.0902842810779461 0.0279413251548001 0.225456777591848 0.127109542648895
-0.0512729309731444 0.0812534447749021 0.302477256613895 0.164596066190085
-0.0429520226639026 0.0802334468401678 0.364933175453979 0.174581178674928
-0.0541452588389112 0.0960446087211341 0.338861037932215 0.172315145040457
-0.0866772838007205 0.0572223940078659 0.221742579759124 0.211240443893136
-0.105495997402992 -0.0382168454379418 0.0673337771698337 0.243753542105787
0.00712822209741773 -0.147441160897512 -0.0998433441943938 0.116093426037804
0.148358615800163 -0.0170318587112374 -0.139385683345016 -0.0431246148993581
0.0158817195254337 0.111242732295564 0.0140712549811676 -0.237240022154796
-0.137937089807057 0.0829370582879726 0.248748241870586 -0.159333472687675
0.0908568816513205 -0.0676934222257671 0.523614300842545 -0.285357306342627
0.136262166987411 -0.0592117290209865 0.0772495381512422 0.0103657989053025
0.188795896525479 -0.131767559774294 0.313356217093934 0.258990006210904
0.101136111921376 -0.302135515668599 0.344025407708918 0.0164861796089886
-0.10841753247841 -0.272454067135426 0.180026386120145 -0.0114232797561345
-0.206291531951093 -0.124928497332937 0.172259600474528 0.122608613032923
-0.214418802941355 -0.0078515032898118 0.24939727169227 0.180087495807149
-0.176362182610336 0.0237970432973901 0.321420835483635 0.194082440103457
-0.173333980772999 0.0463615082848031 0.307040204943506 0.183093183374793
-0.1662428643371 -0.0164810032486014 0.189139624045074 0.2144355209944
-0.142860502929147 -0.100322571589995 0.0378112721598663 0.229671691868224
-0.034303413365001 -0.22503675629685 -0.096994993295205 0.101356980461034
0.138189597622845 -0.151959064698231 -0.117127766691448 -0.0340364288333839
0.133974337475896 -0.0282051509940594 -0.0288099817631605 -0.227637612815668
0.079786985622803 -0.023624125609575 0.200582164105975 -0.197262141009588
0.323309115538484 -0.174265173566652 0.421581461074893 -0.186379182034436
0.326648808043577 -0.253419305836314 -0.0162205280784865 0.115248892748192
0.247082726504562 -0.353436759654315 0.333324452895098 0.359143343988316
0.0850149718912458 -0.468068158931097 0.395567405744988 0.00654841328759259
-0.134795834406811 -0.412206049053691 0.160028664251856 -0.0984372478680915
-0.279334211866772 -0.259126093326761 0.0881532455054102 0.0628294017829535
-0.335650605085207 -0.100468060260678 0.15017889562602 0.154436308843793
-0.283805798287594 -0.0361545590042873 0.228444855741062 0.186757593019562
-0.278407463724052 -0.00503881818055755 0.23954918947209 0.174772191451253
-0.246556322692779 -0.0865726562528091 0.142899865448225 0.210384793287928
-0.19176885961498 -0.161325463579843 0.00806706320736187 0.225542421433711
-0.0948952811676683 -0.298637055780247 -0.106725913612868 0.106430768341834
0.0957006991779631 -0.289109481909626 -0.120920119653998 -0.0206351376502651
0.217410433386988 -0.19413436151523 -0.0802775675246644 -0.215116692277404
0.281261569660711 -0.154874141103223 0.111466639476515 -0.203452681764196
0.500486079659392 -0.235687003354348 0.248681745785009 -0.0763307101207375
0.462359112951489 -0.390317506836994 -0.112147945854867 0.234727184366095
0.260072755183358 -0.506157295179984 0.347551516363313 0.410911426033478
0.0384013343110727 -0.544750514051882 0.419552070888718 -0.0374802669009277
-0.145705920821039 -0.465930873260898 0.119825368320422 -0.206169109839884
-0.300214322656135 -0.338613366572949 -0.0163975242113278 -0.0294792914799571
-0.395922132761184 -0.173572411766662 0.0230674849470045 0.0988531910456665
-0.348517095799382 -0.0894009571000209 0.0994201304021861 0.15366209145323
-0.355707506705084 -0.0580989439082491 0.133283551375454 0.151667351903283
-0.31530004896872 -0.152550429084396 0.0696518663913266 0.197726091206829
-0.243037069281941 -0.222310383016571 -0.0367480028262823 0.217828074121962
-0.165684571124345 -0.366340446798959 -0.128584008368537 0.119286090103389
0.0326023560827065 -0.419299525468799 -0.14314168889096 0.000343764045086724
0.268743490925009 -0.364053598810976 -0.135924674238399 -0.182474425942315
0.448633949697847 -0.283314000868075 -0.0101170923345151 -0.166517234797723
0.582160424535355 -0.255955771620927 0.0472607598212946 0.0231760042339131
0.488627569476365 -0.454252139182827 -0.178044168340476 0.34436455025305
0.20006641504268 -0.540242020869907 0.347192593912458 0.392067276300406
-0.0227832415173333 -0.488645185731008 0.392600570527767 -0.100801825997559
-0.125945591678916 -0.414828978153729 0.0566377990565724 -0.293728353433341
-0.266674378141372 -0.342548088340497 -0.120140986535847 -0.120061761576211
-0.386724320456473 -0.21091183164654 -0.110369912868511 0.029137211281738
-0.357465702945664 -0.132156557171344 -0.0482257687222723 0.0969371444589771
-0.384038768689966 -0.113368647653964 -0.00256788024129503 0.111453998049419
-0.343240404243338 -0.212170174184999 -0.0350325580936831 0.167157620295198
-0.263465068575515 -0.271882861165416 -0.10509361113495 0.192313285257008
-0.207860594623925 -0.403942546029506 -0.16656323615697 0.121941269422306
-0.0214121633381449 -0.50901794369972 -0.177151036819528 0.0188121489726789
0.29625464992872 -0.4960602935496 -0.187245872116303 -0.1299379814568
0.561802268015773 -0.375515183527143 -0.152633672871006 -0.084365923353338
0.559270471466897 -0.249106425900731 -0.133697010400168 0.10042863811799
0.405307637721095 -0.448876804293457 -0.190680132669558 0.410008308896017
0.0932942607634149 -0.451540108876862 0.322835512128901 0.310278528608012
-0.0638275315352542 -0.320985566082326 0.319586247279041 -0.153246050615149
-0.0691616744143034 -0.290008175940278 -0.00945937720222196 -0.325069779318067
-0.184661900039311 -0.291751598681953 -0.200161429058829 -0.18133131124087
-0.316298960213312 -0.212064515520206 -0.224694967574746 -0.0385652953485168
-0.311453083560228 -0.159149463300448 -0.191856020532918 0.0261327391218295
-0.349978547205076 -0.160158002014222 -0.147026502495027 0.0501259275328941
-0.302419729004269 -0.251230368805178 -0.149709171814376 0.10968864855255
-0.219783827876978 -0.283833256029103 -0.180968426282986 0.136654355236934
-0.19569792976245 -0.38210380115535 -0.211081268521036 0.0998329103958999
-0.0481025832349512 -0.520651478985547 -0.219210257443166 0.0190642693859995
0.308428856094359 -0.545288170491344 -0.226231594623524 -0.0741847619133966
0.606035741936152 -0.392041170053508 -0.298429106073343 0.023083455465301
0.449337370448142 -0.216338613972814 -0.259839183868245 0.15317676239218
0.251486663522648 -0.385155937404023 -0.15691233152076 0.419172748775435
-0.0162688174530937 -0.29060064724996 0.269704151200246 0.200946311332191
-0.0676490357969549 -0.121019188295221 0.223542316572928 -0.170461995472641
0.00755544749437094 -0.152883360517649 -0.0529206512534498 -0.304585483987651
-0.0808310728908083 -0.215628231620328 -0.239826401713316 -0.209249010031621
-0.206930924804132 -0.187965701500635 -0.304769110773394 -0.0965624746053331
-0.216974682446062 -0.162663806862679 -0.309131700532486 -0.0499846653785954
-0.250205447664814 -0.181401199657203 -0.267196770105863 -0.028986338672614
-0.192665952812738 -0.243127860418863 -0.239267392005536 0.0240762187409371
-0.119629819518653 -0.231351908210097 -0.233037458699989 0.0575907081912401
-0.141762183194578 -0.275738735677173 -0.248426827442592 0.0551031940774236
-0.0484172758435726 -0.443849657915914 -0.264164482720229 -0.0100086149552954
0.294130707181808 -0.494562241531074 -0.248566087420179 -0.036783673824269
0.565163559517186 -0.326122532613935 -0.429954379917985 0.127713991095437
0.284705326014196 -0.156008798028748 -0.315663200385934 0.183476923101844
0.0867831751284183 -0.280205586896549 -0.101542472785022 0.390553636928729
-0.0911413062763439 -0.118281718458444 0.201735516023105 0.106823026394419
-0.0435457885819505 0.0415557975474871 0.143268189254929 -0.153425847079299
0.0744199499765369 -0.0413567917617945 -0.0625449260486744 -0.262743904544025
0.0192834143198359 -0.136447174180035 -0.24462972084948 -0.216646009241849
-0.0767911176928183 -0.147599250106317 -0.343851559557207 -0.139721428302715
-0.0895850928905538 -0.141286658728729 -0.378543111982891 -0.121066057983189
-0.0999137707324737 -0.161224070393332 -0.334417760184779 -0.114389428791715
-0.0429423979318299 -0.166857544031642 -0.271753938899472 -0.0678960520486268
-0.00865872609974106 -0.104647323533055 -0.237715503995269 -0.0138193581796598
-0.0948960978289366 -0.104602245145822 -0.272041031632651 0.0106491369453833
-0.0547976860403846 -0.289302768837239 -0.305623616749603 -0.0693952721611875
0.226176645082399 -0.354231764688364 -0.24063292546328 -0.0363196632122998
0.426528035897498 -0.197106323343273 -0.518906891508325 0.200878821558398
-0.145897535536168 0.0907210997209469 0.542659070542079 -0.359514741801635
-0.0368676537815153 0.165101564405932 0.143812094795314 -0.0590829574822911
0.130116657039457 0.0946079773106129 0.29264297505057 0.139064767579673
0.0990872675154403 -0.111248451206241 0.292366151834323 -0.00406900786424607
-0.0677123825637082 -0.0879746186167939 0.192845786262914 0.0283472451892639
-0.0892261969085243 0.0338690785478239 0.23161688929032 0.128486628202983
-0.0479439075564068 0.084588522773023 0.312911459900891 0.168000444617871
-0.0397389519003935 0.0833685067690261 0.378083710964081 0.174582008036115
-0.0495047296050925 0.100173761327166 0.349144480254933 0.173368336998621
-0.0854396119652826 0.0613154871983988 0.228834164599416 0.215682741760819
-0.108805896003738 -0.034556561709047 0.0730432332472071 0.247862552434667
0.00129028681564453 -0.150059905979097 -0.101541687841642 0.123156511905236
0.150419642948667 -0.0254913876416964 -0.142832457523969 -0.0397076728891035
0.0185680464838711 0.11361997465438 0.0121012665043961 -0.244458646907258
-0.136340558518741 0.0899538260179105 0.252561799896862 -0.163219654298744
0.0918858424639613 -0.0629105435600228 0.526440277052628 -0.29607964492014
0.139441298291582 -0.0590548596694003 0.0775709368658338 0.0159051460815144
0.192167786685394 -0.139311167502558 0.327765981199224 0.259594999325431
0.0956271312261347 -0.312371622778865 0.348212839332384 0.0101684559934911
-0.118161777829203 -0.277105105322346 0.179010419218903 -0.0103486010053687
-0.211342339534005 -0.121705961500926 0.178844380081764 0.125980841800895
-0.216299688347283 -0.00362750840601271 0.25934544605375 0.186940329157613
-0.177370545643795 0.0272413914554311 0.333688338054942 0.196139564792752
-0.172450621004327 0.0512358580238496 0.316873838316626 0.183910280549958
-0.168547866556982 -0.0135422505331586 0.19668740069429 0.220299905738634
-0.148000335353711 -0.0992720314590705 0.0424669587833141 0.237524854020153
-0.0414718164088738 -0.228167673491814 -0.099397312253921 0.106972224522398
0.13804644358013 -0.161837364057679 -0.120605067267358 -0.0321423535094828
0.135852044934045 -0.030265835819256 -0.0297208853163486 -0.233084841812311
0.0825614463296911 -0.0244011784435002 0.2023017863255 -0.201324950024571
0.32865249408852 -0.177376042790274 0.423076583845296 -0.19378585497006
0.329944898911051 -0.261016263257478 -0.0161143911967237 0.123454545246201
0.248382844596997 -0.364954549752612 0.35219442950344 0.362607709511464
0.0771247819127862 -0.480808340117896 0.400861644189089 -0.00163147587242488
-0.146872151283585 -0.422241920132709 0.158017245978559 -0.0977383056742675
-0.288950412095667 -0.25883802575776 0.0926535188641747 0.0674398134030988
-0.3427111833815 -0.0973462343403622 0.158747410440457 0.164912277425499
-0.288461450818862 -0.0322338109771085 0.239157112307357 0.189101824593232
-0.282649338632695 0.000158056104495985 0.248100222379679 0.175890728002883
-0.252760992777862 -0.0844164913573633 0.149559276160437 0.217574144201381
-0.199365506047798 -0.163011412565503 0.0120760877761986 0.234983508041016
-0.103703064291796 -0.30309288516649 -0.109156778169124 0.112516174411332
0.0927616987235346 -0.300835943897568 -0.125033538312191 -0.0194798999228606
0.217959567654006 -0.201338574413076 -0.0823554398036718 -0.219505148693375
0.284157585300474 -0.162348008747619 0.111322695990587 -0.206844781037521
0.50735426803222 -0.242286202541267 0.247969937969973 -0.0802012657669884
0.464553336490277 -0.404602767376439 -0.110895255850997 0.246791990852011
0.256418619911586 -0.521418739821103 0.367685627020446 0.415020939297258
0.0293443844661109 -0.558072056195392 0.424171906942999 -0.0470694871838292
-0.157950783412606 -0.477751993304606 0.11571789192217 -0.206717484280394
-0.313944939191221 -0.339315081304042 -0.0145623178889125 -0.0248348607379218
-0.405515717431843 -0.170975892055728 0.0275219047879987 0.110634136651809
-0.356279205057169 -0.0865086718052655 0.107638891439338 0.15622357887878
-0.362409848206066 -0.0533614940977286 0.13981219561364 0.153329280875931
-0.324553061106551 -0.152374282525393 0.0749729895891587 0.204617864736277
-0.253128254351521 -0.226567902337625 -0.0332997576939145 0.229566604174493
-0.174502195667549 -0.373325161885768 -0.131794899101427 0.125767554818962
0.027712970008073 -0.430850346145236 -0.14751995411645 0.000653234471989195
0.26682132593377 -0.374709487111034 -0.138283770611147 -0.186184924217792
0.450966961735454 -0.296459072910239 -0.0120299488507807 -0.167233612315916
0.588592368141968 -0.266628468888794 0.0436037827643315 0.0234593660848142
0.489884503288268 -0.471076972200194 -0.175562248609176 0.359087527761029
0.193986844492632 -0.555316366675536 0.367300900228936 0.397013111671036
-0.0318144523362603 -0.499550040474699 0.39778120541407 -0.109806431034779
-0.137149934625627 -0.425319209337322 0.0507139234667404 -0.295010877716897
-0.278928172035408 -0.347388053279614 -0.122193233382973 -0.11570277155511
-0.397313822401076 -0.209631955601895 -0.109153682645602 0.0408761490174546
-0.367124081774152 -0.131676191663536 -0.0442823479286965 0.101595919123605
-0.395710079796485 -0.110579898881416 -7.98804955640525E-05 0.113476387899421
-0.354487281189632 -0.214270163483265 -0.0323673481109853 0.174885896987382
-0.274265872600277 -0.277650368585946 -0.102428434474384 0.204758297518687
-0.217045550365323 -0.409381430266959 -0.170138110738025 0.128510247140814
-0.0295320826221589 -0.518942864461806 -0.182224261967813 0.0198512818433869
0.293751365521109 -0.509958726130855 -0.190304974930962 -0.132253063066028
0.563320133160282 -0.394143078589834 -0.15602789365129 -0.0821926522310263
0.56674523659345 -0.259921784502497 -0.140125923905209 0.104817824038145
0.401831978678331 -0.463657463273603 -0.187231070849621 0.425049697247223
0.0855560365947774 -0.461819005915526 0.339662719441082 0.31318343701563
-0.0702310921719693 -0.325979121442711 0.321333672644529 -0.161596908743788
-0.076625702006989 -0.300544661845436 -0.0166103169511974 -0.327837981104125
-0.195445452168602 -0.297737043859507 -0.204440899819948 -0.178496354332618
-0.327636176809887 -0.212221249923392 -0.22784791868021 -0.0280014244588377
-0.32239017289453 -0.159071841122879 -0.193778594809432 0.031465652019399
-0.361417791603506 -0.158883694835367 -0.148435921144654 0.0524025219152179
-0.31506206938222 -0.255142514857785 -0.150585538067403 0.116150043563848
-0.229973159453943 -0.291684774445401 -0.181723582869052 0.148447885120893
-0.20362403201163 -0.385748147408155 -0.214833979040998 0.105296930363016
-0.0557485881353341 -0.532167536172878 -0.225751404037287 0.0213604151238579
0.304680720893304 -0.561229196045233 -0.230600169299504 -0.0748826154572707
0.610474520466418 -0.411217803809313 -0.302718606104676 0.0287783058118342
0.452690497804607 -0.22768601705493 -0.267792000563774 0.160304868549073
0.246602362434481 -0.398201904098892 -0.151034903793251 0.432779438266129
-0.0213349337481647 -0.295453922580843 0.281138213216154 0.203117422340191
-0.0694049127539874 -0.121552791624803 0.223716356775702 -0.17690508206119
0.0043006021639397 -0.161632059205148 -0.0589326924579684 -0.308144459691449
-0.0899693410782546 -0.223011299775935 -0.246160910951581 -0.208031595264391
-0.2154716034819 -0.189390054290896 -0.311314279904893 -0.0883239235258266
-0.226527888001043 -0.16395269493074 -0.31620088030491 -0.0453074811474939
-0.261163877727476 -0.182045322419953 -0.273538036067751 -0.027160701888937
-0.202358048853913 -0.248256777735941 -0.24292414691145 0.0273737543830062
-0.12588933347887 -0.239233652474924 -0.235721208294309 0.0669264942336121
-0.145552778445194 -0.278210549956101 -0.253227463297692 0.0598135087869799
-0.0549267671988112 -0.450471898426333 -0.272101639566101 -0.00644253854024488
0.290519158177865 -0.508574338208965 -0.253025608586448 -0.0368658433083725
0.568667532523908 -0.344033874099512 -0.433471682454495 0.135750745509732
0.286974332568128 -0.164860599514298 -0.324514829530818 0.191985949331577
0.0801701607938021 -0.288158532139126 -0.0949647476549443 0.401482010088223
-0.094612601680002 -0.118356884015509 0.209130558897025 0.107477781037354
-0.0409864563984315 0.043542529307768 0.143019087980965 -0.157844585033328
0.0743504686643782 -0.0478886247293598 -0.0663812852999648 -0.267598945027453
0.0140529433373827 -0.144392150335902 -0.250909968449896 -0.21809313357821
-0.0825249658448738 -0.150144122297524 -0.353655992007228 -0.135735295273478
-0.0975102598849035 -0.143931278633961 -0.389986990238024 -0.116206678318282
-0.108460306126199 -0.165122575220549 -0.345056515115887 -0.114020035586505
-0.0478092976483798 -0.172772100913155 -0.278291021619893 -0.0679869409615224
-0.00987025359162431 -0.110551676943425 -0.241228157408641 -0.00943158612042381
-0.0944446160571704 -0.103394747854881 -0.276417045899641 0.0147170548302649
-0.0610690936666887 -0.292854661696218 -0.316549260872842 -0.0640286308108866
0.223874617141749 -0.363523495844115 -0.245866237763553 -0.0368915917130371
0.429755654979429 -0.209285182076125 -0.522408744981443 0.211195866446404
-0.14236086874703 0.105869794597765 0.53523213764734 -0.386500849083606
-0.0281165937097128 0.174797209776157 0.143703127869101 -0.0616945482245688
0.139069817857377 0.0892257386002377 0.308324027957108 0.128700367299144
0.0930997826702792 -0.119931827762665 0.297778452935402 -0.0191405275524172
-0.0759807140795552 -0.0847046290579652 0.19633453086036 0.0227903530637296
-0.0864890798559035 0.0419817470695901 0.242791654979231 0.123283605601455
-0.0430273474007237 0.0894152935107748 0.331363290198267 0.160819532315644
-0.0340357818723203 0.0872207319898452 0.398507941927843 0.164804972261245
-0.0418512379489098 0.105620289929488 0.365187860229929 0.164710072105622
-0.0824527998384384 0.0681270091437976 0.244540313638688 0.214015592881322
-0.113265494031855 -0.0271245102505429 0.0868876370162134 0.251510372959256
-0.00920946060940115 -0.152686886170713 -0.0982491227717171 0.133953163639917
0.151600096938323 -0.038358601338046 -0.146660034162154 -0.0332030346368267
0.0243402358995273 0.115954052055102 0.00257545079751838 -0.252221406203688
-0.132833725483692 0.100414919211009 0.253859654842311 -0.174568786531619
0.0944112896996503 -0.0617043485037894 0.52353387878466 -0.323157904760949
0.1424814085499 -0.0624236799435923 0.0787930897235372 0.0179542290476709
0.191970033583124 -0.153402964850598 0.351807678440027 0.25011352984041
0.0799093928829321 -0.326496327075913 0.355596524655651 -0.0077156214391833
-0.136758514511245 -0.278940744836634 0.18089319523038 -0.0148110463772812
-0.220190354245004 -0.112016077125457 0.190748736142276 0.123806346986908
-0.21911930068916 0.00655200017161975 0.278336750891944 0.186541383802005
-0.17816155368866 0.0359345843530151 0.35517154691517 0.188337597851452
-0.170641407149946 0.0605340111478121 0.333452650930451 0.17679982321104
-0.171366369863134 -0.00594780692711883 0.211854299196418 0.22094774885384
-0.156932861042905 -0.0936888816708863 0.0550877124463863 0.244689986930708
-0.0564869527604645 -0.230609966605609 -0.097871483651028 0.117225015036784
0.132971219827713 -0.175691724413423 -0.125050419784182 -0.0276420801299927
0.136835616741441 -0.0367294938238831 -0.0399257812250067 -0.240043923526818
0.0838140902332698 -0.0269663981967161 0.199439525225761 -0.21165809076278
0.329781989802412 -0.189976729635033 0.421220484104849 -0.214854108551169
0.328292761062274 -0.278348103386001 -0.0117726321084822 0.13298622854588
0.238231640378157 -0.385668410942559 0.382167511100696 0.354164435113696
0.0558721056501088 -0.496764166763608 0.407394541461803 -0.0213373545874346
-0.172899917305054 -0.428418452105999 0.153937556060259 -0.101906602398645
-0.30773128520143 -0.250753176759914 0.0998894548420705 0.0684983890786005
-0.352881384036839 -0.0835430832242329 0.174171946003886 0.169747068617944
-0.295656688469298 -0.0202319408043617 0.258461107563411 0.185318535761053
-0.28648329967632 0.0133562698964307 0.263173580941176 0.170430550403803
-0.261654067423841 -0.0759952639508122 0.164395307506396 0.220349214815591
-0.213147725119924 -0.158413385110342 0.0244191363579228 0.245754973433048
-0.121651386320474 -0.304447829852261 -0.108450471917687 0.122436653304485
0.0807302822718803 -0.314918361376494 -0.12998650795235 -0.0157345552029492
0.21250884248927 -0.214918007348153 -0.0925052062416584 -0.223852266492789
0.282288638514625 -0.178481763769648 0.105734642397145 -0.214270767835574
0.508979323710665 -0.265547253216925 0.247646594879872 -0.0914151153787146
0.457106466365386 -0.432415481217521 -0.103403439567741 0.263733109557751
0.237635124492149 -0.544961813702853 0.401754018159285 0.408026250723667
0.00279103260477702 -0.572162611905563 0.430321123285063 -0.0682567908979957
-0.186220703612731 -0.485892957568582 0.106157235974607 -0.210733262415242
-0.339076217247527 -0.332975975787631 -0.0131402916749254 -0.0207361692181612
-0.422776466502493 -0.155523439022116 0.0381500979825749 0.121239331098562
-0.368494975811498 -0.0738570576078934 0.121679616085839 0.15760973595903
-0.373308061948099 -0.0386591067831338 0.151090691641817 0.151537265321896
-0.339506867027962 -0.142044012895648 0.0875975308450638 0.210750304302192
-0.271069622509999 -0.223575778291116 -0.0215754014404016 0.242665907060926
-0.195621429717417 -0.372646993406164 -0.131321509323988 0.136705339629364
0.00749590922310369 -0.444519654013881 -0.153057551595105 0.00580531839425313
0.256790995133659 -0.39498611800267 -0.147957252664613 -0.187530552900455
0.444864446920624 -0.325301309066924 -0.0187334554425398 -0.16843911159366
0.590592536081055 -0.295732844258689 0.0421429596860122 0.0231648078458687
0.476946851539361 -0.501671914219418 -0.162833568519353 0.380235471723034
0.171510769873609 -0.575971431415307 0.400871456911236 0.390499187906063
-0.0570465535029238 -0.509939885583973 0.400462104647544 -0.131440203561264
-0.162610725351442 -0.433795597582489 0.0372953970304841 -0.299342437579095
-0.304472273726993 -0.343615804739131 -0.126318602843993 -0.109096387146212
-0.417594788624324 -0.196907014362568 -0.105484872868205 0.0554403158974525
-0.383508840219082 -0.118688123564938 -0.0377603292288899 0.107977525202034
-0.409569915059876 -0.0954118086265162 0.00560801873976057 0.115715525103117
-0.374386457078173 -0.203268704841964 -0.0240103990327002 0.183593447337023
-0.29606336430932 -0.275202808052425 -0.0935579770101257 0.220942362836638
-0.240493819238985 -0.40891579981816 -0.169969974372864 0.139382179005043
-0.0526813531909083 -0.531772661230604 -0.188302801823906 0.026559225780622
0.277254050343142 -0.534563089765615 -0.198743404672213 -0.130077087810886
0.555306031886677 -0.428909244256083 -0.162048652966724 -0.075970802603194
0.566924288890366 -0.290831244066221 -0.142861305834557 0.114800794361313
0.388138807907717 -0.491187452051911 -0.169906177299871 0.446553125801392
0.0657270242088579 -0.475562169859608 0.368073437862722 0.306129408892658
-0.0865348526398135 -0.329383833496355 0.320166472120843 -0.179875251709285
-0.0944436630652438 -0.308389073949114 -0.0320341920528304 -0.331624422351813
-0.217385001960428 -0.298198215330686 -0.214141903439496 -0.170286498458507
-0.347206631839995 -0.204682415258925 -0.229947123268475 -0.0108414020678059
-0.338587238986405 -0.14957081098816 -0.19453803210685 0.0421972994528253
-0.380036751719361 -0.14617460848607 -0.150056914860985 0.0600564173618066
-0.336605119379421 -0.249432817067324 -0.148108954382283 0.127627342366575
-0.250508979764273 -0.292995264965816 -0.17629707510871 0.165816604254953
-0.22271976203508 -0.38509521030032 -0.21647775807849 0.116900952149492
-0.0809163593264821 -0.542224502002244 -0.232992865844117 0.0307338379448409
0.285552899095185 -0.586898202009377 -0.238319591987383 -0.0697168544828987
0.599430749450688 -0.450954687770132 -0.30693353469982 0.0435876008936911
0.451750991129637 -0.251965025275789 -0.27157193029007 0.176600181449251
0.228584830908962 -0.417775719343638 -0.132300785658051 0.451810289724461
-0.037677910004473 -0.300501420940616 0.301297791745362 0.195285441841998
-0.0749105066629603 -0.119793784431072 0.22013442589376 -0.190023447089305
-0.00541221727653106 -0.169547593931658 -0.0730995483449131 -0.311398219426414
-0.106169181602073 -0.228203554533202 -0.258969242095355 -0.20064610697933
-0.231243768963066 -0.186497021000725 -0.319265338366398 -0.0710865307917881
-0.242984116799065 -0.158664021466527 -0.325238086739314 -0.030052482167916
-0.279502636752783 -0.176520467109288 -0.282781810773118 -0.0160493395926312
-0.221783204305611 -0.248476802368985 -0.247728069440038 0.0393659572221672
-0.140820354192441 -0.244297741613683 -0.236101092640329 0.0827413220200732
-0.15792052140413 -0.277254915353301 -0.256911088171292 0.0713483740680333
-0.0779815302510539 -0.457480526919968 -0.281539875371281 0.00517362901450005
0.272539543023414 -0.532050111275866 -0.260550098457652 -0.0296605945613507
0.560621393401929 -0.381647116181069 -0.43569694041908 0.157652546832742
0.284591117195291 -0.181950761234648 -0.32825496191434 0.211267791049963
0.0640090059319378 -0.299028247321467 -0.0764750650343536 0.416052007792886
-0.102383289041464 -0.116028343249598 0.221260806668881 0.102549510549504
-0.0375620181637629 0.0469457328615292 0.138533481797668 -0.16717041320279
0.0721084674115256 -0.0561216998625313 -0.0792993837752036 -0.272020150611259
0.00333237353854136 -0.152432423364195 -0.266186597939582 -0.212420717497005
-0.0935053088292488 -0.151539027366021 -0.369083737806607 -0.12067862583214
-0.109666808477774 -0.144155959057941 -0.405942081426217 -0.0998065550395829
-0.122656249443571 -0.165399778965498 -0.360947812834822 -0.102538787206712
-0.0588139274512335 -0.178361109049445 -0.288929586429852 -0.0607721469936404
-0.0147790129286839 -0.117033960299435 -0.245760128963615 0.00222052746760653
-0.0970516841545074 -0.0995566564106687 -0.282442839403015 0.0262217487063043
-0.0760598286856007 -0.29504528299824 -0.32956942642906 -0.0501230716556697
0.2103125157246 -0.382179781391707 -0.25346058941607 -0.0307892833597347
0.425604340371392 -0.237466159593185 -0.522828360543788 0.238672903687128
-0.131463309852777 0.11961762968572 0.506347927484436 -0.416156156230522
-0.0132740347485737 0.179398492012003 0.138250968231628 -0.0656934585022041
0.146299981962799 0.0772986701242821 0.3181187101228 0.107120153551254
0.08086753065874 -0.126481173573288 0.294534742504038 -0.0400072285429233
-0.0835620305323299 -0.0777296886129626 0.196059071594603 0.0121554529677517
-0.080285071016559 0.0495655340305833 0.250719378417246 0.108576035986956
-0.0340113131413606 0.0927190822816103 0.344275723306222 0.141412686612941
-0.025459878866136 0.0890378348448795 0.412959888060476 0.139583276906096
-0.0301261787411127 0.107761916418839 0.376563675594554 0.142872470315277
-0.0748386678794942 0.0749211226329364 0.258650254213448 0.201099900250949
-0.115292754164756 -0.0160110117667801 0.103948017075824 0.246188184726478
-0.0232982508582667 -0.150570942176217 -0.0888125619811838 0.142869230650208
0.147002981171141 -0.0530270397429054 -0.14807387411393 -0.0222451581131746
0.0314647810431291 0.114651530301805 -0.0136582025438571 -0.254015309831964
-0.122629896872956 0.111490629918596 0.243934158390317 -0.188014059458382
0.0938313375640109 -0.0618021119186469 0.498992825950845 -0.351519107519368
0.14093188514714 -0.0685381244223676 0.0803170389289273 0.0189928607299829
0.183043873767923 -0.167345799026404 0.371208461993617 0.224615835400026
0.0551486943065347 -0.332338530535467 0.352008965969168 -0.0330472712219605
-0.158916641319462 -0.269518163178928 0.177870097148184 -0.0226934192653304
-0.226658846591553 -0.0952113724353642 0.199830432897337 0.113554236371914
-0.216165205092627 0.0211729573428757 0.295202394371917 0.172076929148735
-0.173490644079071 0.0465535754680706 0.371082983069386 0.166766984122377
-0.162847515923099 0.0713244847440478 0.346231811018721 0.15571837728694
-0.170121159100388 0.00651785065599928 0.228234026375479 0.211018610996447
-0.163449331709976 -0.0810585114274254 0.0732717850655746 0.243272200312074
-0.0739722615880265 -0.22410489230389 -0.0899239728112431 0.125197175842584
0.118695792172393 -0.188429615030342 -0.126487408007509 -0.0196039115008524
0.133227755411041 -0.0449359411665487 -0.0545098371995407 -0.238294897773795
0.082725907267996 -0.0304069688809932 0.1873914469567 -0.221150516642419
0.318449824386765 -0.205969096420579 0.402877443989317 -0.238442002772248
0.310166515641599 -0.294940972722029 -0.00284036160700609 0.139372927918927
0.212694226989435 -0.401710290693208 0.410883910187782 0.326132743656598
0.0191802780483195 -0.500491539267526 0.404677277506264 -0.0507533955521921
-0.20537748876676 -0.417345245747582 0.144855564721839 -0.10727042847486
-0.325415005193898 -0.228174355786877 0.10733086876197 0.0644388322272712
-0.357129718273161 -0.0595132969570941 0.191143153627271 0.164380666200576
-0.295117524440924 -0.00126496227529241 0.274770022234052 0.169579907644603
-0.281996934931209 0.0312977579127686 0.274899283113583 0.153518220166837
-0.265711919949759 -0.0574869126749726 0.181276855033579 0.213908453085432
-0.224769929831475 -0.14417129576342 0.0440606850295484 0.248321741670912
-0.143179318012292 -0.293576892445143 -0.100951659822498 0.132100700154245
0.057663449029101 -0.323212592674177 -0.132019547846532 -0.00816476900004262
0.196580588958511 -0.227151702631602 -0.104518728722925 -0.219961490142761
0.267610819084714 -0.195955857582327 0.0929639937104755 -0.217978395638074
0.492176044271056 -0.294476035210506 0.237936263744416 -0.10502431449999
0.427931624641595 -0.457398023348257 -0.0848446513938708 0.274736088169569
0.200663878621893 -0.55892583472956 0.43463151528573 0.379569671678136
-0.0376538271403008 -0.571707539774713 0.42269263669893 -0.098891443077194
-0.222875407761559 -0.474694387092575 0.089907485385619 -0.21239274608918
-0.361378886972069 -0.309940005069065 -0.0108995394127151 -0.0162247421314356
-0.432498610702632 -0.128426122286623 0.0531898631514578 0.125476648201596
-0.373053626393536 -0.0506708672756014 0.135564436821646 0.150477045197626
-0.372802746945273 -0.014281049645333 0.161620017842769 0.14093049643479
-0.34930351486989 -0.120080678382293 0.103665778786629 0.208760256399376
-0.287346242773481 -0.20652480166703 -0.00183174100228742 0.248880453462873
-0.219322546224082 -0.35712997195777 -0.123466229941154 0.14572962755044
-0.0211299781624872 -0.445427817085864 -0.154039982790554 0.0140044172254379
0.228049518687571 -0.410611839547448 -0.158350308710133 -0.180293734878826
0.417870288186635 -0.353830561315204 -0.0283030694233402 -0.164484039878036
0.569681462057144 -0.33074730248355 0.0406353977565753 0.0225216126743802
0.44041731238908 -0.530966213253415 -0.135531818188631 0.394406751064705
0.131237664674148 -0.583618320840328 0.433239058422871 0.36109759566827
-0.0919155727830876 -0.502147539859054 0.389791883864538 -0.158800229000852
-0.193428544446444 -0.424144864169793 0.0157825976503055 -0.296396289516984
-0.329196901126213 -0.324660726008396 -0.13039175367306 -0.0969573092749541
-0.430836231630371 -0.170147659237772 -0.0946981636277562 0.0697740619220893
-0.390536506908796 -0.095100976361641 -0.0262383724572621 0.110851376837876
-0.415553086187013 -0.0688948973874879 0.0137543907449948 0.115250717168753
-0.389359631496647 -0.180725049753071 -0.00982277719017854 0.188795320843132
-0.316297969284811 -0.258654780073946 -0.0750953773040784 0.232009856107637
-0.266136814656784 -0.392018282693089 -0.161635960679698 0.150322806361796
-0.0890764564558498 -0.527617538107682 -0.189384556357322 0.0376527307027762
0.239459584795764 -0.548199581438765 -0.205321787289332 -0.120538384298338
0.520067565926962 -0.466159308466873 -0.165321734025957 -0.0633832064250019
0.545595290451416 -0.325376114382036 -0.137480191903778 0.125163137677555
0.348727121665419 -0.515187868503736 -0.137739939819902 0.459395511596095
0.0317863225887782 -0.476392211092595 0.392246160313708 0.279492159537079
-0.108254371066525 -0.320416975314848 0.306059549849548 -0.201527192132998
-0.11649914285942 -0.304532637478617 -0.0543413604420129 -0.324764834392253
-0.24127771750585 -0.285419200817208 -0.22192874626043 -0.153159444004179
-0.360428142505661 -0.182108880378779 -0.224419292134911 0.0100786589448083
-0.349837577685906 -0.128694789385422 -0.188560668365251 0.0559568206524108
-0.390077504033321 -0.120744620793808 -0.145703457983038 0.0694782891964377
-0.355648335993913 -0.228594436524441 -0.138452412368425 0.139215136043807
-0.271630997446606 -0.279719431623677 -0.161674046851691 0.181275095647586
-0.245196571003301 -0.369195666906952 -0.210182852057511 0.130083750997342
-0.115620130750281 -0.534774665608207 -0.232808039536038 0.0451831374655923
0.246150234565912 -0.602200496976282 -0.241689565201706 -0.057539804502395
0.563197224880514 -0.490595863465401 -0.3010828550284 0.0642421768265567
0.434172053718228 -0.281109855334299 -0.261478825420183 0.195588503019106
0.196702296138964 -0.431255209449096 -0.0986444025999822 0.461347470381652
-0.0598172116888585 -0.295082605694324 0.317574651228113 0.174722213499292
-0.0814524396875286 -0.113227021185278 0.206076558604901 -0.203679826917953
-0.0182618235682299 -0.172055948230245 -0.0939081000346041 -0.304696758228963
-0.126145473917401 -0.22358335001521 -0.269161343110888 -0.182067750707416
-0.245269348702987 -0.171392083608919 -0.319533766933252 -0.0456115052359872
-0.255998337283644 -0.144185224128516 -0.325427584196548 -0.0072937607453616
-0.293803312938465 -0.157468234206829 -0.284911187959431 0.00223330524892946
-0.240516558096735 -0.235621311913842 -0.244427431226088 0.0554683011085836
-0.15919239631744 -0.23891948402703 -0.227215701491652 0.101184409140951
-0.171254287413841 -0.265322627995667 -0.252733887373249 0.0868749613165892
-0.106714169437761 -0.450722839964604 -0.282237946848683 0.0246070866553436
0.234928598004468 -0.547832610789482 -0.261138475429171 -0.0158195239471512
0.53064757879683 -0.41894813385347 -0.421330377743654 0.185856014770727
0.271662018244252 -0.20006333826231 -0.316619028816324 0.232806914395747
0.0386795473986351 -0.300454404185933 -0.044957802734957 0.419739474568156
-0.110613792402891 -0.107959768934615 0.230393404524093 0.088073859349002
-0.0315888500712793 0.0502110601893934 0.127414592822541 -0.175457789075382
0.0673649137353774 -0.0642100603323506 -0.0977732480537222 -0.266879043991302
-0.0116493319825986 -0.155931034425715 -0.279372522923321 -0.194875681688646
-0.105746689094436 -0.146692309115553 -0.372779504993634 -0.0945221235617593
-0.122354729260905 -0.137699399631439 -0.413486187039353 -0.0725162645468932
-0.137077144955279 -0.158424334984046 -0.370901124250434 -0.079119358504413
-0.073572524179596 -0.176800846618741 -0.293680674966406 -0.043276993294963
-0.0226929887534955 -0.119337619389615 -0.24187424404371 0.0192094174184108
-0.0985567031148762 -0.0914079846372905 -0.279346279848377 0.0439900412451072
-0.09580272485178 -0.28746913654249 -0.334024482719321 -0.0265712093859448
0.182523405989346 -0.393261604511152 -0.255815067438433 -0.0176431640555081
0.405261888859135 -0.269175508561861 -0.504050836289829 0.270948403583044
-0.114746665115016 0.126208444064154 0.461378535866744 -0.424515194950614
0.00193048657779138 0.175579786482059 0.129469613993797 -0.0648447555764155
0.147020724454663 0.0636539527730055 0.3143705046293 0.0842235734041282
0.0660397004840362 -0.126202160454575 0.27886411706246 -0.0567692466599132
-0.0872524159855441 -0.0672555881958987 0.188218247974201 0.00229687901641239
-0.0721696552683655 0.0533524609354058 0.247693626994163 0.0925645098298713
-0.0246003987488777 0.0912715088697959 0.341749341538011 0.118767154137242
-0.017152768803148 0.086436207782426 0.409181676493272 0.112375713295851
-0.0197580742235761 0.10459984891621 0.37154394013446 0.118447420350184
-0.065004067446012 0.0766837139147103 0.262126452710826 0.18153281935772
-0.111215974383881 -0.005501163864337 0.114736359357396 0.230952471058084
-0.0341315302575901 -0.141233216907824 -0.0762787909798578 0.144217926725519
0.135780531620501 -0.0635540194261325 -0.142443798242421 -0.01307986868404
0.036844459859538 0.110238706927849 -0.0274465116072931 -0.245103573354585
-0.108238895440811 0.116771792344381 0.227858040099671 -0.191037576282342
0.0914012770571366 -0.059908642924199 0.457742925467154 -0.361203702828153
0.135761416927676 -0.0703479775682599 0.0777756007825948 0.0198527956967094
0.166787056200461 -0.172535518920967 0.373655232850312 0.193055781983268
0.0303118549597454 -0.322802528990365 0.334381766050867 -0.0529711000703772
-0.172350333663633 -0.247992106847284 0.167684442630018 -0.0286364069846381
-0.222025501836061 -0.077828638412713 0.199200630498051 0.0993148426723464
-0.204126017424859 0.0324277867391965 0.298251669036565 0.152497711335981
-0.162892394720837 0.054179567521136 0.372013113254346 0.141005876167281
-0.148852969974216 0.0766049313444684 0.342400844075346 0.132200456358566
-0.160859388382571 0.0163929411104122 0.233905011104614 0.193820086055792
-0.16220038180127 -0.0667990052544107 0.0860809315429563 0.232021698184573
-0.0862175123306758 -0.20951949069707 -0.0792027534407992 0.127370665345165
0.101355714712267 -0.191212848688485 -0.123483204438885 -0.012046312528349
0.124590083232257 -0.0476028482752082 -0.0652652684971086 -0.22833461861129
0.0787518808650751 -0.0312437326804864 0.169994736167053 -0.220003345433984
0.298799671420618 -0.210624511381855 0.373233621088138 -0.247571007866574
0.28410008892038 -0.29701854981197 0.00580737393796325 0.139123483063173
0.181891504061741 -0.397805294331827 0.418310330392593 0.287418373891984
-0.0125027160834588 -0.479868411861289 0.383421403840564 -0.0741393640831569
-0.225436247230505 -0.390154229794206 0.131664523751643 -0.106573235496642
-0.325124087613488 -0.200473386081814 0.108207518978829 0.0580614358814307
-0.344506478826016 -0.0370296795058142 0.199304268407686 0.152033486645817
-0.283308813351304 0.013817521585366 0.279534888725963 0.149101136717887
-0.266878878556837 0.0453921106059516 0.274091152963557 0.133190338098071
-0.258285182570132 -0.0403138864407365 0.188916021485743 0.198987985063983
-0.224911366242302 -0.125284443178074 0.0588136386816122 0.240399841324371
-0.155309720108113 -0.272492388436214 -0.0905307511081568 0.133860807542995
0.0355169357586552 -0.316293949512997 -0.129414444632541 -0.00136158284112062
0.175046621531719 -0.226988912034083 -0.112564117292015 -0.207635284502857
0.245093121575543 -0.200889704489991 0.0796541065384938 -0.211175455662371
0.459164966817874 -0.305049623386283 0.22053698090898 -0.112247220028637
0.387090625950464 -0.460754370233119 -0.0652564123006689 0.273684714602537
0.159819404044459 -0.546933121982729 0.443897235062277 0.337365008883183
-0.0695218224772469 -0.545296379895009 0.39951903570024 -0.12015805481033
-0.244004818504381 -0.445475849627529 0.0733841064086621 -0.204274744022836
-0.368415584620579 -0.278039484877452 -0.0085278496388525 -0.0122674206203843
-0.422636074440923 -0.100328125441208 0.0649596553465176 0.122347074096963
-0.361737733833387 -0.0289255549976273 0.144447843629451 0.138086148676957
-0.358633658618992 0.00681971863486057 0.164118007534395 0.127143981705886
-0.343147682245547 -0.0958137924674298 0.114200432725951 0.198821903246631
-0.290177353384096 -0.183858989880503 0.015777846764544 0.244061536339415
-0.230666506085744 -0.32949955869287 -0.112893146431819 0.14766701526888
-0.0478050803739632 -0.429681080031351 -0.149930645024899 0.0212954807933727
0.194828187907683 -0.403670050440537 -0.160466848972085 -0.167993697666938
0.379478314539289 -0.361875900729669 -0.0346958966020474 -0.154317164013287
0.530042881110919 -0.346594793873651 0.0379660123179083 0.0203089853847008
0.392178819795732 -0.532319965643177 -0.107040807105682 0.390544659137417
0.090470701472537 -0.566089602115539 0.4417626179512 0.319492618627094
-0.117675932030757 -0.475110374993415 0.363448216095138 -0.175503433655364
-0.21354311110897 -0.398750054190954 -0.00204764254600805 -0.281455202556903
-0.338705303928451 -0.292643317403167 -0.1272838212665 -0.0836656002005026
-0.424682219428547 -0.139939787946625 -0.0796615337546799 0.0769621335385244
-0.383112718958005 -0.0701565535239322 -0.014630401340228 0.109166645661404
-0.403827510958059 -0.0424562725135027 0.0200023987636552 0.110409258525062
-0.387050625375388 -0.153846884463136 0.00303140999205093 0.185202905184678
-0.320962107396186 -0.231855484367121 -0.0550878282712593 0.231826238237873
-0.276268937129112 -0.359611711050953 -0.14897826073564 0.15378296127403
-0.114684027289453 -0.504127958221995 -0.181802749246335 0.0453899725311573
0.199703454409379 -0.539183044322191 -0.203331912401681 -0.10769634532194
0.468495496845399 -0.474363091878871 -0.159530488096819 -0.0498660849166156
0.50660963934727 -0.341081357147094 -0.127350847347089 0.12840719763905
0.303649455480815 -0.511626785485657 -0.103916043233878 0.45168708079056
0.000645873001977814 -0.456569583549614 0.398669831651518 0.243831527065959
-0.121342135045963 -0.29891211182824 0.282140750686969 -0.21015471278779
-0.130974884235179 -0.287541562835265 -0.0705523440514683 -0.306598872506429
-0.251439104658025 -0.262281975426289 -0.217966941645049 -0.133374517132861
-0.359288971532395 -0.156336346156733 -0.208380977852069 0.0267725083541557
-0.346594777482441 -0.105534627328958 -0.174645515154427 0.0656809411685367
-0.383584235455836 -0.0944070810301272 -0.136721857443248 0.0754148416649689
-0.357256442713541 -0.2021749295011 -0.124241473206477 0.143663463557712
-0.279312269265641 -0.257112705695457 -0.141080202201931 0.187374705374438
-0.253347053178268 -0.340555400634135 -0.196097044658721 0.135748450356781
-0.140462964393577 -0.506978469252314 -0.223341540242929 0.0553995507881551
0.201735328901196 -0.591109377381166 -0.234716662043284 -0.0456129759174878
0.50847240956089 -0.502785835845633 -0.283137120367352 0.0788406765441098
0.400838899189259 -0.292830486532774 -0.242875148708493 0.202397520136803
0.158467238083094 -0.422074349593042 -0.0653023392472514 0.448439982392381
-0.0760816135183001 -0.277348089366412 0.318864389802514 0.148293361906078
-0.0823924738092402 -0.102077782047817 0.185745456852661 -0.20707982525325
-0.0284437501623641 -0.167079004152526 -0.107344426740957 -0.286070514330251
-0.138328124387691 -0.21060235037248 -0.266074391860083 -0.159748431413334
-0.248598567501787 -0.153567776548809 -0.304500325096346 -0.0222265133078182
-0.25758274982034 -0.125756331090417 -0.312046259676331 0.012217085429867
-0.293991377523048 -0.134873006081367 -0.275538714989341 0.0178340673687989
-0.248331230422946 -0.215844619108095 -0.232359355880283 0.0677520231860753
-0.167880514233664 -0.22462615966987 -0.208833485674624 0.111617475119101
-0.174858091576308 -0.244725239914719 -0.240119574050185 0.0955566407094673
-0.126616635389685 -0.425969232150536 -0.271333607163957 0.0397950642193775
0.19528165636026 -0.537569084296842 -0.25231155300851 -0.00528901755237956
0.479245564350868 -0.433701178938398 -0.393489340308904 0.202877646990492
0.248053275663273 -0.20724597967538 -0.29389908360163 0.240474953156792
0.0156733630196433 -0.288116599587878 -0.0158436192220115 0.404933602188555
-0.112919625546471 -0.0952974149061798 0.229209338176037 0.071348008034214
-0.024410459739851 0.0511190081294653 0.112614910182786 -0.175508991519459
0.0598756967563992 -0.0676355110464005 -0.109352550959549 -0.251862881066127
-0.0253116828111676 -0.151637478084921 -0.278109789885809 -0.171878338419398
-0.11311026047655 -0.135668277624916 -0.362590990199332 -0.0674585114379991
-0.128814492018225 -0.126093656686987 -0.40175965520268 -0.044808380504551
-0.144823930329202 -0.144233681237701 -0.363884220319251 -0.055988071204292
-0.083307991092577 -0.168621472920521 -0.285770752373612 -0.0267113612027204
-0.0292977646849061 -0.117009479946272 -0.22844469439256 0.0320862761978144
-0.094288848030734 -0.0816435545593451 -0.266679842122565 0.0561504740418753
-0.108255359869945 -0.268585979707482 -0.323858890677275 -0.00421395950541587
0.151327082958855 -0.386734724499205 -0.247398604092621 -0.00720820104710451
0.370615015307286 -0.283516219116232 -0.466134636976393 0.286877478919436
-0.0855258835135363 0.119635466694716 0.355036734190887 -0.461563398726561
0.0289709267926432 0.159139987087512 0.111480675696475 -0.0696180851160526
0.146439838338324 0.0316504977553388 0.319565789203397 0.036373662778147
0.0400228182619895 -0.129843444129273 0.262445024292703 -0.102823190309239
-0.089205241562327 -0.0506200599508316 0.17185348371835 -0.0296208601449885
-0.057207232354621 0.0564775054200802 0.246131083751106 0.0555297903706562
-0.00746647347541604 0.0847941350780937 0.345061896381254 0.0707149061615784
-0.00220524570863258 0.0800082232021505 0.407243752569031 0.0474889614538558
-0.000140388306453878 0.0973174815827072 0.373560726208133 0.0562443381010243
-0.0461315063575464 0.0810641268290172 0.278686125064416 0.130484994634918
-0.101119292895308 0.0106317700977605 0.146696389615728 0.199836913399937
-0.0539190896159532 -0.124681982943508 -0.0459961252261823 0.150461151398684
0.11413475580893 -0.077908995154495 -0.133768687618174 0.0116438492233005
0.0503483210154422 0.0960266266262172 -0.0681421962699754 -0.226153503822132
-0.0820614965588129 0.121633398125828 0.189792145569899 -0.20975310859628
0.0842477157224317 -0.07527729532777 0.371804775587208 -0.410053118582366
0.12027359083314 -0.0826923656452143 0.0843022674799818 0.0102127307700597
0.137651625024975 -0.186049591594909 0.398595153536923 0.111233786360863
-0.0185050686188821 -0.305137157491483 0.320451540450156 -0.120711746979752
-0.192965941180676 -0.207424060466811 0.143802783298227 -0.0671669755462609
-0.214821650417668 -0.0462510289523243 0.195617989354719 0.0632582120997333
-0.181185695815567 0.0540882922161507 0.304210750384314 0.104049868453163
-0.14254423518315 0.0669522756899889 0.375746440191854 0.077670143274917
-0.125770703801909 0.0877327193598052 0.350623368947727 0.0715540163065786
-0.145052450696018 0.0369059104163598 0.257131836096156 0.144644879063291
-0.156112400212285 -0.0415580398503802 0.121492552611586 0.207306286642123
-0.110460285433926 -0.181880002049607 -0.0517329743261649 0.136207274037802
0.0677638306337117 -0.19109524164659 -0.115368244720872 0.00679266053142184
0.109730272050277 -0.0623486308702091 -0.0978512424659782 -0.201226074145541
0.0735097002940231 -0.039983958114809 0.132275099409513 -0.225838997463734
0.257785192531895 -0.234143149382697 0.320016947561313 -0.297321024490281
0.228298135391467 -0.30890512120024 0.0425132536189651 0.127027711105745
0.123191722278895 -0.391069160110465 0.462341310860574 0.178139020480064
-0.0797651144805797 -0.445219372156386 0.367442639068387 -0.160078901336572
-0.26226960139161 -0.330836761749068 0.0949449894226661 -0.144346721117178
-0.329106505089938 -0.147262661174182 0.0998171352378673 0.0323839597707812
-0.322151546102233 0.00931576109137787 0.205795449328949 0.111291929530322
-0.261190997974182 0.0442229217346951 0.289675822564743 0.0980442238320704
-0.241588539668606 0.0735113225939132 0.287434621940402 0.0819030849419702
-0.245576363177232 -0.0037602509972665 0.218603760897389 0.155495678943005
-0.221790516540535 -0.0904878668187322 0.0988498492719879 0.219943899111335
-0.183276505725137 -0.233231902996864 -0.0604435824377466 0.144773792798094
-0.00664159265151372 -0.29817409128797 -0.119060365184306 0.0160873380569863
0.131938221826013 -0.234756367805939 -0.136108436751315 -0.172136972835714
0.20707268830593 -0.218898769355576 0.0497074883382748 -0.203286052577234
0.393172036238945 -0.336445220949193 0.207674672028534 -0.150636854889109
0.299309990363484 -0.468687999047534 0.00243248415391363 0.259377141443593
0.0846131514104469 -0.524486509155405 0.497682688856486 0.210121785746634
-0.141408018834531 -0.495453563680003 0.374938885136637 -0.210892980278481
-0.289426418420946 -0.378622711449085 0.0239510476275767 -0.231739616613277
-0.381101039222476 -0.212218033821411 -0.022924102349999 -0.0211413315488165
-0.404261423818299 -0.0363240753690515 0.071634497515935 0.0973661284653416
-0.341357245258509 0.0130909177566318 0.159882022003704 0.105667245774113
-0.332911841646717 0.0499034048832687 0.182633979114003 0.0915022713124564
-0.334661002313158 -0.0453310281252591 0.149148685924788 0.165084542993441
-0.29046700580565 -0.138906018666088 0.0600091878252724 0.23137789509957
-0.261520429474074 -0.278393800192627 -0.0774709494866236 0.162288753848754
-0.0953428184768996 -0.39314265080616 -0.135165244413499 0.0375866020726094
0.126606290391723 -0.402051786795799 -0.171961545829768 -0.1253017316331
0.310709535672653 -0.385231376811463 -0.0479260756904355 -0.133173934898835
0.451468113480599 -0.380180274686443 0.0623734919759632 -0.000191640136269706
0.295520966042286 -0.533190194582754 -0.0173274961941883 0.371698528180973
0.0184589704713107 -0.53114872238042 0.486647573926918 0.191382517757545
-0.173355313469489 -0.423896299967884 0.328741231285045 -0.25460385067728
-0.256044383803406 -0.340796086746524 -0.0562951752573212 -0.289914456171333
-0.355527953148493 -0.229904724281668 -0.144636683388281 -0.0728965904214645
-0.411941191301937 -0.0725522782790627 -0.0725094387212806 0.0713233054456606
-0.367281130839444 -0.0222923752804491 0.00464538580361835 0.101123844620541
-0.383193076292459 0.0106273149148206 0.0434722770388895 0.0983074130240948
-0.385217730968437 -0.0932654219550185 0.0426472918766105 0.169143651377973
-0.325840572808128 -0.181851911483906 -0.00780691100050745 0.230621260289551
-0.305875926993555 -0.303097007906406 -0.111185343634307 0.173191241862038
-0.165582796775987 -0.454856365718871 -0.161113702404125 0.0640799633026235
0.112984631989369 -0.527797841231436 -0.20002397445833 -0.0613116531787331
0.380041309326924 -0.500599193489367 -0.150312479465121 -0.0179432806091355
0.428652466030302 -0.368742427770952 -0.0751449582355497 0.127646716793754
0.214502551059456 -0.501810901584844 -0.00763977336341848 0.427587365684003
-0.0532567002011983 -0.418713471559494 0.425210372491328 0.133229067789247
-0.153159973103672 -0.260451717513488 0.23856380381267 -0.264819748992065
-0.165625910306588 -0.249462323505266 -0.120855033179225 -0.295244425568343
-0.273290582472712 -0.211472439141697 -0.234780011293757 -0.10571373145205
-0.35617956936248 -0.0960003197952383 -0.200475075390984 0.0409193786956977
-0.339773319920207 -0.0585350314952889 -0.154131690348393 0.083764379747643
-0.373825238346136 -0.0378499802446482 -0.111278777999233 0.0892063704958453
-0.36544078958641 -0.14374754607536 -0.0852178853134858 0.150470737776767
-0.290755606364527 -0.210587004900259 -0.0971096501998302 0.201896512220951
-0.281168069097123 -0.28804443182798 -0.158689229218925 0.16212348037306
-0.189056580384682 -0.453248950547153 -0.198037209881163 0.0803704555979631
0.107467542937375 -0.576207405224995 -0.218570315939482 0.00250214849529556
0.411525182927964 -0.530412240580066 -0.247651020661993 0.119579167467439
0.336217642988551 -0.310765126669241 -0.175827270934168 0.216871108330871
0.0937715583066996 -0.402554369585494 0.0222488755014922 0.417857088248667
-0.101888833371727 -0.244442849553741 0.326631758760505 0.0672117231016574
-0.0893680187463295 -0.0848651331934063 0.143348556198199 -0.233455717721708
-0.0558468215501514 -0.150867991814202 -0.146515202835013 -0.263394545311003
-0.161679708043673 -0.176612985528432 -0.28059225884165 -0.121746004341067
-0.253454934066543 -0.106521761486115 -0.297747043555658 0.00855932451236796
-0.25972855806216 -0.0856379636103202 -0.292079085339255 0.0543903104274501
-0.297224455536311 -0.0864922197084752 -0.254548005057259 0.0572316388937948
-0.265510841250673 -0.170608561956594 -0.202188784411514 0.0970333505081929
-0.183405086352981 -0.192791216233219 -0.174627274545515 0.140044100885379
-0.194257789456493 -0.208530840682993 -0.207178986256988 0.129347606614096
-0.165765101231821 -0.378263782907933 -0.246303449293368 0.0745930397473973
0.105490126274389 -0.526234820645412 -0.229556353756074 0.0425571248039352
0.392447940579321 -0.460522105239117 -0.332636194193935 0.24706514320751
0.204464494132914 -0.212582495197006 -0.224757803909808 0.263651532002305
-0.0210919093665444 -0.262013811380059 0.0560925412864003 0.372108866587906
-0.112917202824937 -0.0733706411102056 0.223844009420783 0.0222494455278437
-0.0141858815481484 0.0467448017244641 0.0770979802599366 -0.180055457969174
0.0395120416222221 -0.0716055270506858 -0.138768111773807 -0.225460913665429
-0.0496693410966478 -0.135769211137158 -0.289407617022499 -0.130392457121663
-0.126925125875108 -0.109071052456884 -0.356149654715642 -0.0241417838021835
-0.140173522706696 -0.10079853500584 -0.386539987806323 0.0147158817794512
-0.160047323109188 -0.114098413865419 -0.353442815331081 0.00316706224294682
-0.10482004671494 -0.148479870971887 -0.272806589258182 0.0182875668995961
-0.0420678293134604 -0.107865185757328 -0.207413763018364 0.0654111795710585
-0.0981673765313285 -0.064907617092883 -0.240510603726456 0.0948970876750778
-0.132628157683247 -0.234840168074164 -0.302605814904801 0.0447580711485249
0.084224352204416 -0.381099726968996 -0.228838470546797 0.0375605791064686
0.307152938053977 -0.305895858368623 -0.39183436474117 0.333301894355431
-0.0803193913868958 0.114855610156172 0.349466591426613 -0.432769479704452
0.0287979960898883 0.153678841558752 0.109360551888384 -0.0584009838857587
0.140135512038141 0.0300592702049699 0.309267409319918 0.0392711877322421
0.036975278147299 -0.123452688636241 0.251993056502547 -0.095330811569737
-0.0867149322552865 -0.0475304638162675 0.16493543038079 -0.0226092734414696
-0.0543098179916766 0.0550362804328667 0.236190178154173 0.0603316260880811
-0.0061894824664493 0.0803853405392749 0.334189320921792 0.0757192924500826
-0.00119703975888499 0.0764873940235222 0.395707146213151 0.0517213484413529
0.00105484293681285 0.0920332591769289 0.35972167551032 0.0610390226138443
-0.0434787422415478 0.0772188879122616 0.268243322048701 0.132014624466908
-0.096346453524405 0.0114550472555352 0.137887615828944 0.195018384721307
-0.0519965121205807 -0.117973937062982 -0.0467179371924228 0.143947140124659
0.108252127352853 -0.0759812210904736 -0.129621801441956 0.00915830455143816
0.0483128902947402 0.0956376776215866 -0.0622595522650964 -0.220556235435323
-0.0773125652569957 0.117614364410619 0.190026501063883 -0.195735239545524
0.0866895372789824 -0.0688242783472126 0.364178564216832 -0.38273049276404
0.121514811369258 -0.0762389259176139 0.0822302151121951 0.0175502146860644
0.135413072935488 -0.178217234199408 0.383878081808622 0.11171653971799
-0.0156987757413149 -0.293002466615759 0.307219262012277 -0.11264894570253
-0.184737743866438 -0.199938699697715 0.138688631256564 -0.0584330992422749
-0.205630035617029 -0.0467178086407333 0.188170968986037 0.0671909417352691
-0.173098821982619 0.0490942605287353 0.295297586510282 0.107224798421073
-0.137395432090096 0.0614770871685359 0.365985775683395 0.0810607523260268
-0.120107559371755 0.080726112712963 0.338050522853084 0.0766440946494578
-0.138721860694277 0.033110668295845 0.248818401332126 0.146116484049483
-0.148733773895485 -0.0405376226128732 0.115427897879601 0.202995514154715
-0.104508868131579 -0.174264009844675 -0.0526928626889591 0.130946356330495
0.0653081575302992 -0.185030484544632 -0.1121971729487 0.00455933575345178
0.106938192330465 -0.0553591752329138 -0.0913363625552387 -0.19734185004021
0.0730303957417013 -0.0341723282428906 0.135538469465922 -0.212574964071845
0.255771741044257 -0.218351932307535 0.312002095599309 -0.27665522491112
0.226819341979911 -0.291202282331912 0.040334519352996 0.128845497649426
0.126505847226768 -0.374181038850502 0.444758235460744 0.17574519284098
-0.0700280489285883 -0.42708097441108 0.353254002645736 -0.146927377679532
-0.249556721397926 -0.320664228023324 0.0930442595591212 -0.132851527774158
-0.31490350281851 -0.146173547650697 0.0968658899249797 0.0350175350063206
-0.308570807907731 0.00248279213126787 0.202294234132683 0.113266878199565
-0.252617172904286 0.0366372852619098 0.281602300758352 0.098850499911149
-0.230980232821276 0.0652631400835261 0.276359160750843 0.0847434843463704
-0.235531701058895 -0.00831850814124584 0.211662641969251 0.155670675285122
-0.212105152460828 -0.0897138818973485 0.0948638897156062 0.215841533789675
-0.172056914121582 -0.22575678965257 -0.0623979801300533 0.138890819480012
-0.00385617169378674 -0.287979799430576 -0.116629858667409 0.0126675349287286
0.131079034597065 -0.220398643279982 -0.127397360906371 -0.17004540619419
0.203220065295648 -0.203448043938564 0.0553594925657877 -0.192654701581508
0.387379844075932 -0.314534793241396 0.201580835822557 -0.139607490079271
0.30005424045466 -0.44381259686099 -0.00117636597451064 0.253808548270325
0.0904817781032358 -0.500123253632952 0.478123416410498 0.207969486077498
-0.126434437296974 -0.476401719035091 0.362846455961645 -0.19714004664454
-0.273208808295289 -0.369168116370822 0.0272790951056486 -0.218316973244274
-0.362988735484972 -0.210266528909614 -0.019439919362673 -0.019039073500892
-0.388033989369197 -0.0438474780782843 0.074383582043906 0.097123506327617
-0.32939298629902 0.00566044281167886 0.156780035313482 0.104083832322517
-0.32079142519874 0.0408746658529293 0.1755707393509 0.0928046733385087
-0.321320152624537 -0.0500956229819102 0.145103450965413 0.164031613193266
-0.278395321977478 -0.138555857619757 0.0582936049509076 0.226620528047181
-0.245028391580257 -0.271745741238487 -0.0799950310587309 0.156555679180861
-0.087222637056712 -0.381245317329704 -0.13253340322639 0.0333888640683444
0.129559860157911 -0.379936367913151 -0.162672514157041 -0.126425298276345
0.303889950553036 -0.360839505342551 -0.0401522580914867 -0.12723263583619
0.443139134425258 -0.354577451835337 0.0585349376279644 0.0011368159265204
0.294699394819912 -0.505285415419702 -0.0217587052308639 0.359840541071423
0.0262927052050435 -0.505852360021684 0.468516402311173 0.189341282115835
-0.157999443988833 -0.408021735845794 0.318504140420395 -0.239873401450177
-0.241585715289931 -0.333286465245009 -0.0491417495907206 -0.275833672873723
-0.342097314795092 -0.226706073313202 -0.134567103100535 -0.0713764770234653
-0.39682668420191 -0.0775444988542932 -0.0640216821446483 0.0691983977032022
-0.356238602879705 -0.0296014891035175 0.00726537021465403 0.0973740921064774
-0.369053614022401 0.0033887259055135 0.0410080457436402 0.0959068799892289
-0.369882415686505 -0.0978762194058995 0.0414980790731708 0.165916287329051
-0.312499376573362 -0.182657304749717 -0.00726930860932565 0.224305257929582
-0.285842339079345 -0.29750528133884 -0.113615014136205 0.165478214737269
-0.151465414191497 -0.439369638826253 -0.15818434439205 0.0577749252350292
0.117811102138789 -0.501648369591434 -0.190987788244211 -0.0661139879735595
0.371084096002705 -0.471642285533962 -0.140696449677331 -0.01954007951927
0.419248189083155 -0.345452708789343 -0.076623251727092 0.121240572085806
0.214692419584288 -0.475945329125908 -0.0132533547928872 0.411033016603798
-0.0449199320641895 -0.399095862339397 0.409965800011934 0.1327361200995
-0.140049913446258 -0.250273886631151 0.233817614808416 -0.249602465900748
-0.156316882003663 -0.244037123365875 -0.110751581286688 -0.283385460948578
-0.263071785941325 -0.208572406501478 -0.221041243331102 -0.10566847163271
-0.342602084107654 -0.0992175006570215 -0.187064287642507 0.036952693117825
-0.32918661461015 -0.0632587772736667 -0.146053194814889 0.0780480754475925
-0.360698265969656 -0.045148215271394 -0.108861534309352 0.0854055268190235
-0.351920224283306 -0.145773387185218 -0.082219970167857 0.144780198350323
-0.278752624033798 -0.209459648226113 -0.0922607058948137 0.193861184941361
-0.260874784892305 -0.283473259530384 -0.160144470781328 0.153511893375724
-0.173676257161309 -0.438133617226929 -0.193678068983441 0.0729079356357811
0.111578030124706 -0.548512596364508 -0.210266166453825 -0.00476568789729614
0.400514017856764 -0.498833753525533 -0.236719954501375 0.108883904872836
0.329285999047147 -0.291784836025916 -0.175063560109141 0.204365297169018
0.0949784380991999 -0.382507117152705 0.0154978985097075 0.401438772813258
-0.0934076265725187 -0.233323565257937 0.31563643133176 0.067913441992382
-0.0814981436464877 -0.0812686108998689 0.142707864892424 -0.220834559677528
-0.0517060336976294 -0.14770567290051 -0.136465145325066 -0.253892541134899
-0.157278612154514 -0.173415415447513 -0.26601906857137 -0.122707655285673
-0.245248062365447 -0.108096423105358 -0.280757341802033 0.00327677645845969
-0.252484005397158 -0.0881890734403725 -0.280204492743625 0.0472114587960495
-0.286787366094847 -0.0880080713512899 -0.246621128286515 0.0520267322912319
-0.255208156724509 -0.170636312908869 -0.195955136425668 0.0905285439415171
-0.174878138321513 -0.191353306108198 -0.166596562462609 0.130898765354294
-0.178858575288168 -0.205177280290888 -0.204483161609089 0.120352198182117
-0.154204132624209 -0.365876501696482 -0.238302277283119 0.0676748180923908
0.110226711438403 -0.501723136783158 -0.22198781523946 0.033178695720552
0.380202968789762 -0.432938865690615 -0.320243602899758 0.229429333883465
0.201265891061711 -0.201236059182979 -0.223780935835599 0.249106018179963
-0.0186166325402599 -0.248811123737539 0.0492169385891791 0.356102986938247
-0.107081633363164 -0.0702233587414076 0.21696982357194 0.0242844871621209
-0.0113411725852769 0.0449218047573729 0.0787585955602301 -0.170654517031982
0.0384875519262382 -0.0702933058556642 -0.130149846878134 -0.219182252740249
-0.0501816663418648 -0.132229950087635 -0.275745432611945 -0.131790449877698
-0.123266941727684 -0.10790400822509 -0.338927773160798 -0.0281767739717805
-0.136552137615741 -0.0999044278683744 -0.371776887322827 0.00831693067785273
-0.154311764258349 -0.111756232628572 -0.341891299124022 -0.00288353872079515
-0.101004541406218 -0.14666134840186 -0.264054232753218 0.0116161328224771
-0.0394648875264509 -0.106368728357278 -0.197750917370129 0.0570704531369367
-0.0882029369111281 -0.0651267810254656 -0.234222576911407 0.0857165000857563
-0.122746901570015 -0.226252341059623 -0.292022207174658 0.0392313967592148
0.0854996183907847 -0.363585399321673 -0.22206488043477 0.028291460109356
0.295488106353853 -0.287674399638032 -0.378946324251523 0.310917159393261
-0.0801563077679345 0.112682680249271 0.364757319607914 -0.414133474732622
0.0268124058946847 0.154524744328201 0.113004161167902 -0.0475253754048656
0.138913146757212 0.0323001805984152 0.310143752551197 0.0485543947708487
0.0369298147015056 -0.120850888141288 0.253980477218479 -0.0874981258117738
-0.0867408589292032 -0.0469403180458441 0.165336917534294 -0.0148057052197969
-0.0543293894478581 0.0547870035464671 0.235231892786772 0.0712942379186178
-0.00746252655759569 0.080516308082057 0.334286830967407 0.0891926439894576
-0.00270396506356495 0.076239650613681 0.398473076553177 0.0652041675336184
0.000404092450544112 0.090788958084405 0.360349660780037 0.0747486795088816
-0.0437486905241841 0.0754000323196989 0.266215240987064 0.142880419089833
-0.0950364924475411 0.0106364826668828 0.132235069665949 0.199730108796276
-0.0494788260653427 -0.117556526741917 -0.051255384742684 0.14223708593599
0.107479960763646 -0.075239699659282 -0.129916785361264 0.00546890308097747
0.0464363900146088 0.0990696655816237 -0.0555533179306596 -0.223732038032264
-0.0767151170653152 0.116166883370541 0.202128956818268 -0.187445084000444
0.0926912440646524 -0.0638545073156876 0.37724113343164 -0.365243147708069
0.127505882396598 -0.0717084327121063 0.0834300601423832 0.0276517525816584
0.142835360746774 -0.17406987647542 0.382640222827441 0.122566453735686
-0.00782099367325461 -0.291786686259539 0.30886824985216 -0.102249779131082
-0.180304936707013 -0.20347130767571 0.139011162791453 -0.0498072946031471
-0.202836676813671 -0.0524142723598219 0.186505137774615 0.0764236517377214
-0.173474627740299 0.0424276367034694 0.296552767976218 0.119831820052235
-0.138907539308494 0.0560307471044691 0.368649467387715 0.0928166746655332
-0.120330569575054 0.0749110873823291 0.337976253261081 0.0896678867241949
-0.137836358613977 0.0277528087902384 0.24686901482426 0.156385005047397
-0.146155585036567 -0.0436505654695007 0.110627786532665 0.208252822710128
-0.0989984756255006 -0.175505045377641 -0.0585894952947054 0.129515602060478
0.067667667014587 -0.184194658766898 -0.11271431152045 0.00161682446124405
0.109759740323279 -0.0481766413506913 -0.0849026034732612 -0.201899010286544
0.0764215766893216 -0.0286829663454634 0.147306437909218 -0.204942552836098
0.266408451017875 -0.207163812400714 0.322153502119582 -0.262983097192814
0.240742524393451 -0.280337412673453 0.0369293238818565 0.136391536778994
0.141776952577281 -0.36999978891535 0.441147534388592 0.188079993116282
-0.0560981034524994 -0.428146468012205 0.355428818044012 -0.135172565429221
-0.240510054916576 -0.326540695593472 0.0957038529480138 -0.125114573037117
-0.309652176668036 -0.155950789947586 0.0969729638966806 0.0414075191194631
-0.307861176991176 -0.00873311710659294 0.204502216504002 0.122717522111151
-0.2545084467306 0.0269767431788651 0.284091547902261 0.107996019314392
-0.232008513274433 0.0556770226413215 0.276111880145563 0.0955323333116272
-0.233907598583908 -0.0170846259939872 0.210452787831189 0.165812727111002
-0.208667672630869 -0.0961352449227601 0.0906244396872819 0.221810768904673
-0.163779624677866 -0.230121602302278 -0.0698757318661512 0.13885567926503
0.00289825400468062 -0.289545956628415 -0.118631692818482 0.00890416431254141
0.139418608629407 -0.211386382038889 -0.121371957426606 -0.177211544349611
0.21013223466966 -0.191939274300284 0.0667807537044066 -0.188826377293429
0.400098335775135 -0.298461679562264 0.204121680156685 -0.130727322248009
0.317653672889913 -0.430269283972928 -0.00876578889247049 0.258600214267479
0.108355867461913 -0.493700980673563 0.474588577978193 0.219900824579236
-0.108663468522511 -0.478188508929128 0.3675234578973 -0.185105303127569
-0.261338073917442 -0.378431056139586 0.0336307001661024 -0.212261838213
-0.356417667445868 -0.222258402118613 -0.0166587762535018 -0.017200379617754
-0.386225374006373 -0.0585477389530957 0.0774161512402768 0.102035315830392
-0.33124272919251 -0.00691494158381366 0.158949039407255 0.109282728183241
-0.320769369769722 0.0283894135602513 0.173771607462546 0.0994923949129628
-0.320011153034868 -0.0629726165447807 0.142946963671222 0.1715010185654
-0.274229741958222 -0.148070713967241 0.0544392976580034 0.231442741435251
-0.234073054392172 -0.280181752585986 -0.0888742107508287 0.155419556133648
-0.0736400034587999 -0.383853296131669 -0.136588642937326 0.0279006326182189
0.143543972561693 -0.371385314114059 -0.158318791251953 -0.135664138759613
0.313893237363756 -0.345994468551211 -0.0317715043989885 -0.127761688010804
0.457927799632016 -0.336677448831568 0.0561589725439461 0.00374774148812682
0.312165912669832 -0.492167237925089 -0.0333334244781898 0.362532655690282
0.0448510065965891 -0.502481180554363 0.464376069122512 0.201316963006043
-0.14244687920051 -0.410689793171845 0.326863807537194 -0.228851807991354
-0.230221536355997 -0.342271788638727 -0.0392722517038095 -0.272980907632135
-0.335236014853444 -0.238987275197219 -0.129759327883054 -0.0744879689105701
-0.394545248028237 -0.0922015072035596 -0.0591850671329019 0.0685556218402543
-0.357843030672631 -0.041354163942436 0.00844943996626492 0.0973693316676987
-0.369212252553814 -0.0108873137594757 0.0382156107047179 0.0989013426012848
-0.369280899867046 -0.113258009463198 0.0392295670012886 0.169341317520572
-0.307356811691922 -0.195145959796297 -0.010708964132846 0.226366782945245
-0.27345054992887 -0.308199902691735 -0.122946684255047 0.163103063978376
-0.136094723389246 -0.444567510933238 -0.162488853529128 0.050420780011541
0.134858862495719 -0.494727480538953 -0.188447892973661 -0.0764427847732502
0.384689067036295 -0.453180297368164 -0.135899031779032 -0.024791285445486
0.432169435727249 -0.329666669650341 -0.0830072956675508 0.117363228532335
0.228947444016495 -0.464175784931049 -0.0266120712224164 0.411281934691626
-0.0306391927538752 -0.397391391192182 0.408247169643392 0.143144604190119
-0.12859768630645 -0.252224280431632 0.243125254033998 -0.241201429835054
-0.148124227559534 -0.25095479583884 -0.0999997910522945 -0.283996634832823
-0.25880934326643 -0.217766906457197 -0.215211612362608 -0.113256854865338
-0.340896212509877 -0.11248830706021 -0.182024277566464 0.0306530169894673
-0.330177813968342 -0.0751767497102745 -0.145074261569551 0.0727407006613731
-0.360398705514332 -0.0563940164192054 -0.112050885723176 0.082628130868333
-0.348976255966704 -0.159949391973163 -0.0850023289780856 0.143497431091377
-0.272876942524108 -0.221442358126855 -0.094645716833932 0.191631260903421
-0.246872816295835 -0.294264619202397 -0.169208502270746 0.148646718747053
-0.156994837512463 -0.442940251573395 -0.197663891765691 0.0640480199015246
0.130230381940965 -0.542193861773747 -0.210220282308305 -0.0160217138999615
0.414242136080636 -0.479741041808189 -0.236505479399945 0.0992166385230271
0.339557913275852 -0.280803643003679 -0.184231783466134 0.19713684903222
0.105178968533299 -0.374785798021493 0.00304068508663437 0.400656838856909
-0.0857407434692482 -0.233950845558589 0.316148665105985 0.0766249531080168
-0.0746151173059493 -0.0826253445010941 0.151806769247276 -0.215211383100221
-0.0470867158012715 -0.151735537189593 -0.127269104888738 -0.257011055663385
-0.155845183765076 -0.179383018234918 -0.260328852787245 -0.132665328923321
-0.24448424711376 -0.118208698836414 -0.276173886257349 -0.00599317909747469
-0.252689119773324 -0.0974711668512937 -0.279416217131427 0.0382652361161041
-0.285520589547481 -0.0981092433795074 -0.249777244475627 0.0444945825924272
-0.252475141540195 -0.182012796954319 -0.198552993915257 0.083626228206513
-0.169915204589157 -0.199247548605122 -0.167256408615244 0.124484410215298
-0.165972772446245 -0.21339688790775 -0.212180827755841 0.112611985094468
-0.139096917553597 -0.367463338394171 -0.241611550003658 0.057660630454257
0.125543135692132 -0.494101783919433 -0.223524125326718 0.0212525381609929
0.390701320919777 -0.416844511143658 -0.32637531778912 0.214867330110928
0.20845396600024 -0.194676714712564 -0.235084693886564 0.239093461946464
-0.0126032750144822 -0.245441136761389 0.0375782381401301 0.35445425501828
-0.103973089823939 -0.0721285037753502 0.219442326291487 0.0303333348728649
-0.00884319994517995 0.0448522228842424 0.0869692018327949 -0.167634253682264
0.0406439114408859 -0.0714259908253345 -0.122758326059857 -0.223376295573271
-0.0495090877706729 -0.134641970293779 -0.270971550875824 -0.142538162767395
-0.122851600509336 -0.113000444802921 -0.334759534195329 -0.0408508180147007
-0.136856172036041 -0.105114627328126 -0.372361603970315 -0.00339291180961707
-0.15326598204421 -0.115864294751491 -0.343525538819201 -0.0142525320936483
-0.0982774537023782 -0.15233161344414 -0.265275381620559 0.00137228404467493
-0.0358359369622248 -0.110331554949754 -0.197364546728685 0.0469141571517396
-0.0808246189334581 -0.0688892917902536 -0.23792918186991 0.0768793007488481
-0.113943555051412 -0.227342513924313 -0.293215358049984 0.0294190007904148
0.0962851703356236 -0.358977103717647 -0.223877560083867 0.0166001994145365
0.299751409072431 -0.276059284831679 -0.387494009950668 0.293185220779154
-0.0823931175129866 0.115632441653875 0.388664693165473 -0.416692393721956
0.0268880626247073 0.159776648465351 0.121126681503076 -0.0390070835482162
0.143394599474239 0.0342853385918872 0.323990431454814 0.055328382190713
0.039154103627958 -0.122437807701191 0.263776803876542 -0.0874355668911831
-0.0899552752252333 -0.0472235204948404 0.171386165050801 -0.00881207013949285
-0.055579217933757 0.0577843046570912 0.244348327996384 0.0823738884470957
-0.00738529237598697 0.0834892609454407 0.349579130814651 0.102538044411326
-0.00330762168831268 0.0789211813091206 0.417046153043415 0.074875197437625
0.000831278320390162 0.093253875538915 0.375647453318677 0.0870132519562336
-0.0450901836146222 0.0778629135028383 0.276536491269882 0.1558985765833
-0.0979927363525185 0.0115225073809824 0.13347540846891 0.211186681546567
-0.0503153753900062 -0.121443299610374 -0.0574923236016781 0.147212459918729
0.109311013173679 -0.078242575316329 -0.135003446281615 0.00422580572259778
0.0484249885677532 0.106185573084075 -0.0546445934229665 -0.234770754596166
-0.0779386269684864 0.120303659703762 0.220108884648128 -0.188190158622181
0.10156791874258 -0.0631147432585575 0.401594640794796 -0.367841639649579
0.137540691289833 -0.0706745990173484 0.0880440286719831 0.0385677159504914
0.152489257531314 -0.179588840713813 0.397340328426317 0.133612321164081
-0.00227657801987562 -0.30195277452872 0.321305902510112 -0.100373802244419
-0.18497186083279 -0.213599463191563 0.145118451726617 -0.0445930330441108
-0.208163203098997 -0.0576017881097176 0.193490634048492 0.0874132112009153
-0.179787005414251 0.0389630943280009 0.310397850330606 0.134022163268056
-0.14590328132262 0.0546975658895874 0.386428609388963 0.103455742117327
-0.124255274039743 0.0730727843276461 0.352041665853908 0.101602968522378
-0.142547028284964 0.0250547447933657 0.257283053042132 0.169724030657627
-0.150501142457377 -0.0474034429759806 0.111828422808364 0.221042733190789
-0.0992520151394273 -0.182576386756378 -0.0657541853211166 0.134346145057968
0.0707112484079979 -0.192205056176123 -0.118116243448188 -1.36180549272533E-05
0.116988046893768 -0.0448989957780838 -0.0840534279139463 -0.213376964832658
0.0838399352224423 -0.0255460692560307 0.163376650158122 -0.209127286244095
0.284972080511049 -0.206860509530221 0.339629845605766 -0.263032281029699
0.260978777542015 -0.284584451923377 0.0373863752149006 0.148923109870985
0.156026431580049 -0.380478465659348 0.456983609129259 0.203171278186317
-0.0474838084125878 -0.445439279239663 0.370821985786921 -0.134995179307957
-0.244497962661383 -0.345191975532488 0.102369689094094 -0.122445429780757
-0.317008395650936 -0.168100579605314 0.101826644412949 0.0484663824356478
-0.319771318887786 -0.0173960874348478 0.216009115753609 0.135322668880754
-0.26590017546001 0.0215983676135129 0.298785333588165 0.11739589516473
-0.240693666004178 0.0501196111735842 0.287359135153056 0.107403280839533
-0.24300637749166 -0.0244496523997941 0.219669326709498 0.178633835237361
-0.21365822160004 -0.104024050999176 0.0928300410906392 0.235118213830612
-0.163832098729094 -0.242308602773088 -0.0785596931427783 0.144133170031426
0.00609166712431298 -0.301666188342572 -0.124844149488888 0.00646194606703161
0.1513705724 -0.212738143280908 -0.121931998440893 -0.189728187493045
0.224515646505555 -0.190862805853429 0.0776576806734044 -0.193937187805643
0.42561267165103 -0.297945762768652 0.213962543968893 -0.130205986569027
0.341400650363112 -0.438013617410208 -0.014152728157012 0.274213558210919
0.125552223777799 -0.511862739855868 0.491772073153712 0.236353076933439
-0.101220117742721 -0.497441022073723 0.385918330687864 -0.18607632328477
-0.265589706480191 -0.399627870579638 0.0398411224899134 -0.215056801895381
-0.365832076132067 -0.239666491184538 -0.0144069548057744 -0.0160841671243631
-0.399362533802955 -0.0712703408646338 0.0853114405910324 0.110528742832394
-0.346648004037399 -0.01532798754945 0.168097128062768 0.116155182474151
-0.333301722149995 0.0197609931004648 0.180220822470489 0.109592688772511
-0.332045811543182 -0.0752784464006381 0.148916752934589 0.183782565636196
-0.28102118454849 -0.16100362465313 0.0558023425144889 0.244621444449644
-0.234528507659446 -0.297393656407952 -0.0996755375886354 0.161885285435235
-0.0710250281308107 -0.401210008387614 -0.144572631393724 0.0249653288767011
0.159001475429749 -0.379731460498884 -0.161082461566734 -0.147989634989327
0.335403183170564 -0.347303666198408 -0.0259075383934306 -0.133174910895753
0.48435054691864 -0.337819058239252 0.055728799190049 0.00501916107438929
0.336480084252033 -0.499997395994621 -0.0424523184864262 0.379110646613987
0.0587449082815157 -0.519099155106129 0.482579294084641 0.21700804524188
-0.135223171858866 -0.425874799450909 0.345281111826635 -0.231887757585257
-0.232741295856034 -0.36116632138199 -0.0346443351814042 -0.281268092112615
-0.34600046842831 -0.256877504735365 -0.131005535253815 -0.0795327766032163
-0.4098393279571 -0.107730756794752 -0.0562859993342527 0.0705748971579591
-0.374529612827466 -0.053468059333143 0.0118146505897893 0.100109582498205
-0.383708917446625 -0.0211135884392168 0.0389289039168765 0.104750932010579
-0.382469234311396 -0.128488876503147 0.0404482257566431 0.178810519189181
-0.316344374650546 -0.211505475119105 -0.0113780328626562 0.237153199996843
-0.272472508323769 -0.329004675023198 -0.136352726846693 0.168901484796838
-0.131823778844644 -0.464278750772802 -0.172944388559463 0.0476429693015107
0.154079410517448 -0.507100178679968 -0.194742042088504 -0.0882276510055765
0.409695201486357 -0.456832723035984 -0.136776246422215 -0.0293563833594947
0.458623850112197 -0.331965642004391 -0.0925403170112577 0.119119651206744
0.248626092554953 -0.474045779159228 -0.0365128497225196 0.427518436734567
-0.0223699402476092 -0.410640188236314 0.42435046747135 0.154755271420714
-0.124068549452812 -0.263324376677896 0.259514204394204 -0.246091213730052
-0.14912177196437 -0.265717136241059 -0.0965189145373661 -0.294651758988167
-0.268007220558432 -0.233588999899828 -0.219231855411364 -0.122756313905332
-0.354725983123061 -0.126485515815662 -0.183204879120241 0.0276776780493748
-0.345327444021144 -0.0869677148391791 -0.148062325489611 0.0715942353922388
-0.374373115320973 -0.0677313947302615 -0.117548126116563 0.0842181931345122
-0.362650996182571 -0.177724837908635 -0.0892999550716937 0.148862496866816
-0.279820848657568 -0.238639738951464 -0.0988835342384503 0.197626431036371
-0.246030562549036 -0.313869182591493 -0.183835181924529 0.151544195173704
-0.152408578920673 -0.462292617503959 -0.209464183710672 0.0604563076841286
0.149378676133549 -0.556388659762033 -0.218312944590228 -0.0263288623829146
0.440297358386459 -0.484085460458976 -0.245018443769008 0.0956469881660913
0.359991793511651 -0.284698745732072 -0.199721636620995 0.198366694744306
0.115084951755047 -0.383709386294873 -0.0050550246071911 0.415116721041744
-0.0840029260720942 -0.242380835183102 0.329981394926435 0.0837909941153477
-0.0718560326397732 -0.0863541230867276 0.165528224180789 -0.220023540498991
-0.0455330771494811 -0.160640238796954 -0.125678802475043 -0.268969137532328
-0.161885708208001 -0.190527680532271 -0.266556732843598 -0.144590270853515
-0.255308215671989 -0.129676324744184 -0.281958546459997 -0.0143951760798504
-0.264901056525374 -0.107827959029249 -0.288862863534379 0.0335721589382594
-0.298071131195691 -0.109057846729834 -0.260846181276493 0.041367604765228
-0.262028815546393 -0.197933328671981 -0.207768304331389 0.0828561030369194
-0.172751223256596 -0.213688122272959 -0.173618707854975 0.123914629323593
-0.163390186152213 -0.228198946825998 -0.227084996477248 0.113107014995735
-0.134447567619316 -0.383403069382192 -0.254095039743871 0.0534630224505941
0.142039251143243 -0.507563016269633 -0.233522099140682 0.0122145642113152
0.412937954087686 -0.419628073322578 -0.340748833717412 0.212420566838839
0.221322878112309 -0.199036594604945 -0.253097632552579 0.240961160041872
-0.0102074602313687 -0.2522693278731 0.0317056725048042 0.366836959441993
-0.106093759385258 -0.0759908174133989 0.230322646310352 0.0352798671194183
-0.00629107804546253 0.0464790141232653 0.097229100934198 -0.172161442037202
0.0425793183559736 -0.0756333377316174 -0.122284659213498 -0.234915358392077
-0.0533559572838918 -0.141937220894464 -0.278330126495956 -0.156691493185306
-0.128739388813022 -0.12081502446137 -0.344736327911449 -0.0522048460774693
-0.14410464698235 -0.112236525239168 -0.385954888671587 -0.0114816994926846
-0.160766806973837 -0.12418049063575 -0.359726381916796 -0.0219203018292034
-0.102047553361821 -0.163384640844906 -0.277759541975298 -0.00633802009788859
-0.0348122404473361 -0.117614189632886 -0.203981195967622 0.041337975795547
-0.0779438293321714 -0.0747012108451246 -0.251592439128509 0.0745275120399345
-0.11285864667701 -0.236255965388583 -0.306145257752973 0.0232703910458057
0.105728432683351 -0.367957390470725 -0.234383581735662 0.0071006593480975
0.315340704525315 -0.277294275559282 -0.40769519595841 0.29199012936834
-0.0829307014017473 0.12498729672143 0.408061927579191 -0.44333043779801
0.0340881443385445 0.167977916855467 0.132789441966206 -0.0347111676898789
0.152482869587129 0.0303713498693625 0.346952074258524 0.0525619467465513
0.0368569923586721 -0.129364179773962 0.276772353878781 -0.0980641574933571
-0.0982400486096001 -0.0449173772894657 0.182196733041583 -0.00946560656511411
-0.0560573026041602 0.0637679405107491 0.263790058758568 0.0863673442084508
-0.00469900982043934 0.0889308789704006 0.377557166850591 0.105374269875788
-0.000716181160860603 0.0842463142904471 0.448805780294675 0.0705457057409572
0.00528305825090321 0.0972210179753325 0.403521779848662 0.086691624658853
-0.0451308518210149 0.0835006085807561 0.299518720962753 0.162129066593816
-0.102987337768692 0.0162467991772773 0.146249142731831 0.222571274465355
-0.0568232944220193 -0.126652821609934 -0.0599551281347638 0.15772580297008
0.110204702497127 -0.087542017068812 -0.142612420560856 0.0076043486280327
0.0562993490054343 0.114022046824928 -0.0633812613130877 -0.249840386564818
-0.0755756471045197 0.129517442119205 0.235824843212263 -0.203167224287337
0.109990496462906 -0.0674942658458007 0.421482642937905 -0.391178331287935
0.14833438149349 -0.0774481371390527 0.0988517044556129 0.047691261321
0.159878201328552 -0.195607752812619 0.427536429037458 0.132990628117704
-0.00837178043181222 -0.320386991406107 0.336981086976031 -0.114275201651923
-0.201845019230271 -0.220394299070295 0.152776186333116 -0.0450686953994058
-0.22132452440405 -0.0563893291935448 0.209318219714727 0.0934501950693149
-0.188740002516414 0.0434734603037055 0.339040768106204 0.140080930236669
-0.153864513775627 0.0603468805983522 0.417276916950737 0.101559951800295
-0.129384934319626 0.0774949434489337 0.378920909946056 0.102634014563012
-0.150044858531889 0.0287260405562412 0.280493907036229 0.178407561519428
-0.159294441097875 -0.0463274383119249 0.125485283501166 0.234717980627654
-0.109558842459603 -0.190792721630225 -0.0697455949071244 0.145675490709789
0.0670837965026913 -0.205786447522708 -0.125495990473445 0.00200586497434347
0.126430259956432 -0.046141028289684 -0.0944900036024342 -0.227197715017106
0.0923403642012162 -0.0269651591324844 0.174918373345001 -0.223475356395051
0.303610320831408 -0.222152184232332 0.356895528325537 -0.282359350051589
0.275894818677561 -0.305712613021459 0.0446040725020944 0.165622915017428
0.159540677982793 -0.408159183380984 0.492699083198299 0.204524547554255
-0.0566426214921919 -0.470289370188969 0.38906959334636 -0.150722902685334
-0.266451508195787 -0.360765155910267 0.106066142213588 -0.126227403906557
-0.34043355012964 -0.172964922569857 0.110863819176278 0.0538995664161023
-0.339059715697697 -0.0147693940111205 0.239083783577375 0.142818326120917
-0.282838460273256 0.0273824819475137 0.32593944299331 0.118633972661274
-0.253809819222505 0.054865985423967 0.310228098703442 0.110589172653681
-0.25792181101826 -0.0231454000113029 0.240885000454853 0.18805639343351
-0.228574239227177 -0.106530884210564 0.106254417221224 0.250587135080527
-0.178498101488576 -0.254337775886146 -0.0840656762369346 0.15817352163624
-0.00235856273829537 -0.320799161335277 -0.133782015023494 0.00900871207378525
0.160680587965261 -0.225049677042846 -0.134183859376853 -0.202470943641187
0.238007307574659 -0.203648174270013 0.0844452202682821 -0.206698523139918
0.450747989689534 -0.321298038202419 0.222452296371479 -0.140851551647675
0.360073284001885 -0.46765504029148 -0.00891261991584249 0.298082612254641
0.127010392644334 -0.543545898951717 0.52891272800999 0.239259557016166
-0.11209679809341 -0.524401117158633 0.4047180240855 -0.205510238096727
-0.288677970508978 -0.420100694954924 0.0387027871507319 -0.223254498879981
-0.39457225372706 -0.246843251051298 -0.0138137590746656 -0.014038552089149
-0.426504090975345 -0.0697302303194828 0.0995654180637532 0.117518408256531
-0.370870907927302 -0.0110561506409423 0.186781530746262 0.118984030374191
-0.354613687867272 0.0245633796757742 0.195785015723583 0.114606510207529
-0.356189390846274 -0.0754661425006695 0.166574636547564 0.194639172103045
-0.302232030695756 -0.167485999180441 0.0676958509666692 0.261715053322069
-0.253143604276565 -0.312552873780179 -0.107469714553358 0.177617588550023
-0.0852056002015494 -0.424405030611935 -0.155803706963068 0.0285275003722394
0.16622453409891 -0.401703646880287 -0.1751314071714 -0.158957976315048
0.352868548925792 -0.371689885316744 -0.0263978929734229 -0.141032146993028
0.511545198175577 -0.365709204560355 0.055828696164184 0.00417749546136418
0.351669035375597 -0.536097915205884 -0.038235494577137 0.408149378914887
0.0551630068310758 -0.550708199938625 0.519692855825744 0.218333478448968
-0.147275026768771 -0.448431575461124 0.362980030348094 -0.253279228117735
-0.253570680119569 -0.381203865059711 -0.0404986473391774 -0.293673877655523
-0.374661601903929 -0.266668669583115 -0.138156595790956 -0.0805605272222019
-0.440277024338994 -0.10957341766786 -0.0516146910623811 0.0771439226032494
-0.401698507226183 -0.051391552711079 0.0196758891093237 0.104790771660239
-0.409783285094937 -0.0192771335039439 0.0447501003907241 0.112403376528831
-0.412343120300204 -0.132088672406848 0.0506362074427106 0.191098768728755
-0.340770319929619 -0.220697084920601 -0.00330859086850331 0.253866623716707
-0.29270771179449 -0.349162845614023 -0.147470208287475 0.185769843382263
-0.148536640701811 -0.491989294294405 -0.185810889232486 0.0524507289816397
0.15785759083876 -0.537894442095251 -0.209141345368538 -0.0950306212053476
0.428063977783269 -0.487108726812856 -0.142451785615411 -0.0306170784522149
0.482966706842287 -0.359974488687654 -0.100203271853531 0.126520746904539
0.255423041412056 -0.504571596817487 -0.0317470133806582 0.457287987615945
-0.0308837256570114 -0.433425426059375 0.456687463477474 0.152496352507428
-0.132357447092135 -0.275031258457168 0.272886113940449 -0.267520224279767
-0.163149937149697 -0.281305163537599 -0.106477161546704 -0.309268351767512
-0.291855059333255 -0.243719960715909 -0.233336685785546 -0.125657077670524
-0.383124620478677 -0.129886466927112 -0.18866068083534 0.0318648535438961
-0.373852101805753 -0.0867180102438683 -0.151820662145323 0.0778296530013851
-0.401961213059462 -0.0677091668281185 -0.122633124375091 0.0925916097675366
-0.392229324795092 -0.185785378510749 -0.0896718632841284 0.160857431833255
-0.303187895448827 -0.252225825363962 -0.0979351486311557 0.212036171629862
-0.262232650005968 -0.333456763804269 -0.198009509351513 0.167194980794447
-0.168471137119758 -0.488572619110099 -0.224118220969775 0.0663533202116088
0.152623740088136 -0.589653806704472 -0.233964768722469 -0.0300263287209978
0.458585081193742 -0.516640413035776 -0.255941707223085 0.103465676360543
0.378727921401862 -0.30907516524055 -0.213095261161383 0.213118055527288
0.113558225301211 -0.405262034339732 0.00199074571650487 0.440201785767568
-0.0940750642672507 -0.253259712735415 0.355272370991483 0.0791159002180396
-0.0732230571483057 -0.0893880986859575 0.174653391581406 -0.238495758238298
-0.0515427397132746 -0.172517199951627 -0.136805697481708 -0.282019157398063
-0.180566625393323 -0.200493078315781 -0.284942183678211 -0.149985020137322
-0.277911288707691 -0.134921780937269 -0.295879866576503 -0.0129085340756994
-0.288063366930369 -0.110785966628639 -0.303642691143226 0.039160621402712
-0.321325326587223 -0.110934981448136 -0.277014453113275 0.0497522706796904
-0.286456339814522 -0.209751430484503 -0.218811428826993 0.0918024709471786
-0.187926189612425 -0.227329980838185 -0.179980126132588 0.133173132143949
-0.171699476888303 -0.242234867897459 -0.243268995469549 0.12482092682553
-0.148250423590562 -0.403196359566452 -0.270988433413125 0.0596621572758654
0.143104386696738 -0.538282928206402 -0.249467949905797 0.0109569426794593
0.430282059085605 -0.448207384219224 -0.356386672408295 0.227449298506002
0.232425986563012 -0.217338506384988 -0.270670275207691 0.259374209819963
-0.0171204227780015 -0.264574233840385 0.0393998638125645 0.387083431679336
-0.114118409369849 -0.0774039081657907 0.249539077721084 0.030237590411534
-0.00190711562576786 0.0492284644784377 0.103610466419292 -0.186701600984116
0.0438559850060649 -0.0835346602935527 -0.133630997670993 -0.247289147206336
-0.0644412043900883 -0.149987989136119 -0.298772221090055 -0.163147981390131
-0.143501914260452 -0.127484928372489 -0.365538969494413 -0.0513552045142871
-0.1594265434 -0.117013948326215 -0.409861984656548 -0.00569937835608754
-0.176062765376459 -0.128401798189308 -0.384453905212007 -0.0165741647965282
-0.115241576084133 -0.174440032750947 -0.296666298335564 -0.00285607195165787
-0.0391935364212403 -0.127401946992447 -0.214076352219083 0.0437975387264101
-0.0791389414616106 -0.0797138883066114 -0.267451318466802 0.0840946614664762
-0.122281515505243 -0.246605973509203 -0.325562251431693 0.0301147304538968
0.104305701124768 -0.389476585658976 -0.250703499701008 0.00508509643812316
0.328422747083895 -0.299018165269879 -0.427320166517091 0.311930322426345
-0.106447435897051 0.0999253691206354 0.489020231159882 -0.374743041783278
0.00778989633888044 0.173920577084386 0.148537151456555 -0.000632517777727428
0.152983933137942 0.0513427540794974 0.36282529735013 0.110744674475043
0.0558946799873239 -0.12991179597774 0.309380600945616 -0.0667598161152016
-0.0934151774260075 -0.0631510536194358 0.186657338199875 0.0204508112838188
-0.0643999450520314 0.0558238032582709 0.262240727631754 0.137623295318615
-0.0152007828240468 0.090937582679316 0.383401292673517 0.177133300283469
-0.0134268185306169 0.0862774698334267 0.462651145875612 0.146931504078668
-0.00964939372442434 0.100341066304832 0.411095916046071 0.155485308269754
-0.0580713892783166 0.0794373192187152 0.290980284379153 0.215683553849836
-0.10957240257098 0.000282639531495373 0.121609991932778 0.2552232189395
-0.0414673490571046 -0.13937146847007 -0.0833333765369302 0.16204068085096
0.12688570908786 -0.0716926453920261 -0.151776593672793 -0.0116625292768047
0.0412365043948707 0.128649302489534 -0.0297421693368424 -0.275125412416098
-0.0999853713509033 0.121411788774713 0.296020239706677 -0.171850478580835
0.127757508500308 -0.0592453980059836 0.503113218944544 -0.325471333798171
0.167934522969986 -0.0531986828044459 0.102731701906237 0.0719154572120633
0.203328437693458 -0.176101534849864 0.433276172352943 0.192665145458388
0.0435663840628826 -0.331969588661685 0.376553779888983 -0.0869138769919643
-0.168427159098562 -0.261891548269226 0.15344891418789 -0.028347842593344
-0.215001822657664 -0.0982677368704582 0.200460596544049 0.132700618301062
-0.197599985673167 0.0118196190955174 0.333826759734891 0.202520425082229
-0.16739917203835 0.030178711350178 0.425627730489105 0.174462065148573
-0.146056436954364 0.0543666738486557 0.386135714947935 0.167024934963278
-0.157903159210726 0.00278875914859521 0.273376777033308 0.228108773226129
-0.155209961331938 -0.0772809123212992 0.100791369454273 0.268053728157844
-0.0831148179483896 -0.216996731445926 -0.088942765124792 0.151363997213061
0.10684980324795 -0.202694135051037 -0.133185468738147 -0.0122905392727288
0.145072040221616 -0.024325420342625 -0.0679833349768575 -0.250059282921801
0.11005034771919 -0.0111779453730727 0.222530689597236 -0.20044537942106
0.35356669617993 -0.177982439937276 0.423707226072297 -0.230173654858639
0.339657015133641 -0.260561438462281 0.0309970814703476 0.17934669016015
0.244319714965532 -0.391259849299557 0.488591041228874 0.26286113878841
0.0202501479554344 -0.49204612061241 0.437847868541752 -0.128270148428756
-0.211123307475994 -0.417426099678592 0.112272670145526 -0.127019747858668
-0.319055662275794 -0.241121027509113 0.101288031806229 0.0725937945879765
-0.343209991599871 -0.0740259466266054 0.227532539760849 0.182677920879741
-0.296307380582621 -0.0299959211423592 0.326254043377091 0.175786870582713
-0.271740448911322 0.00796403261407931 0.315037994427743 0.162706524438035
-0.262887678697222 -0.0721667159728088 0.233186201427424 0.232369666148719
-0.216679784360123 -0.156621487699728 0.0827420376622415 0.285411718528166
-0.142919529576143 -0.295596285821861 -0.101039483306994 0.16451320677267
0.0596513926447955 -0.335161444323101 -0.143294854404233 -0.00363819996420325
0.214284605488607 -0.204278421235108 -0.115284051908977 -0.223981057288751
0.299725139506001 -0.169291775587815 0.1127665017533 -0.1945449083535
0.523665556568816 -0.249216388194312 0.268994303115207 -0.112070734972355
0.451738593279338 -0.407613989906394 -0.0445626541228375 0.301057586472655
0.235385830938812 -0.532123126758065 0.520862328506607 0.296564176038578
-0.0251638691092907 -0.556209233697038 0.461903908120634 -0.187165032143868
-0.224777124816954 -0.481181964441054 0.0565314926426972 -0.242649826300115
-0.364704804412724 -0.328230670298694 -0.0186936624534898 -0.0206864318050795
-0.42604760261678 -0.147364805497822 0.0846512274570762 0.130204190632785
-0.380936175441027 -0.0881236743305285 0.180904486642781 0.153382495693255
-0.371144199877052 -0.0419976574877258 0.19642933547068 0.148301143493036
-0.357656244782538 -0.145704960383205 0.156789789287872 0.227029528259463
-0.280983511337288 -0.236983875829084 0.0456890806447114 0.293243732354693
-0.209437373474815 -0.372328436449915 -0.123980580360006 0.183727046867282
-0.00312534890296116 -0.460660256892746 -0.168807703150744 0.0158657962762514
0.252982461501569 -0.387228755170603 -0.164783604921915 -0.178630146534675
0.453975105181777 -0.323504478821686 -0.0238861647294608 -0.140613133307866
0.59285677789525 -0.279338747404763 0.0752709665823497 0.00424077295599733
0.454430477789406 -0.476966519219465 -0.0936381247029771 0.406047258865699
0.161655131211223 -0.551043978711386 0.510400479673299 0.272203642254586
-0.0731629122074673 -0.483908425770428 0.423511028573807 -0.241153646249387
-0.196191293414996 -0.435708207424076 -0.0118505895785263 -0.326874484682723
-0.342839974176747 -0.345061304681782 -0.137928690505137 -0.112469729399541
-0.435336439175319 -0.189879663008005 -0.0677879430148233 0.0597402537085693
-0.408699576365253 -0.135374473370682 0.00814182817474216 0.109974125982813
-0.420541410382432 -0.0973601344206116 0.0386171074467405 0.12177030847634
-0.406130607303178 -0.215408047417288 0.0367834712472746 0.205657573866596
-0.311026363035212 -0.303163795528503 -0.0263883258480198 0.274531514939515
-0.244395233562178 -0.417275841917657 -0.164095223616695 0.18681302061462
-0.0543413825926885 -0.542139116367808 -0.203583655444506 0.0370612872379523
0.268637866707547 -0.529171526005367 -0.209935378495815 -0.113443299826001
0.555811057810392 -0.431587055832342 -0.172657843925152 -0.044384693959241
0.559806220774839 -0.276575618124735 -0.106967991416544 0.102191139066158
0.350834652523926 -0.463491095103478 -0.097440890879305 0.45730641071061
0.0504495623638569 -0.44664316100765 0.450052663868409 0.201235089030829
-0.0867947848054427 -0.304611735051283 0.330308060927171 -0.258401635707554
-0.121181600308037 -0.317488141973285 -0.0717601776675887 -0.349783991468886
-0.264362134891564 -0.305024766969098 -0.228077586883662 -0.174508948207836
-0.376159067811204 -0.201562357721191 -0.204232811401376 -0.0110995795377961
-0.37360207055739 -0.166690281948333 -0.167512684776398 0.0531914456480018
-0.405526378814955 -0.146159800286502 -0.135572148138424 0.0759743099597851
-0.378470390642465 -0.267762285302426 -0.106379122467296 0.152303772705839
-0.267090422617341 -0.328326759163696 -0.120880482762066 0.215501248122795
-0.214743742429897 -0.396806720470229 -0.215595848736911 0.158033687506199
-0.075042206288956 -0.543601073143372 -0.244870410569751 0.0455320665472972
0.270383870230045 -0.585191487371823 -0.245128847753684 -0.0481650415173215
0.592118692858584 -0.454838165225143 -0.317493110548782 0.0739460530139095
0.44419447929912 -0.241574531863011 -0.241748405372149 0.171429733712642
0.190355287559206 -0.386348108043614 -0.0650421617400895 0.44461212350405
-0.0482096215019746 -0.27594765044368 0.35265069354101 0.119138437701435
-0.0576837931073678 -0.105326523162124 0.221626444531112 -0.23103256671273
-0.0275752415599107 -0.186838010353747 -0.101615713482302 -0.323151580316138
-0.158709720073329 -0.23930747665227 -0.276162259398752 -0.207636099486392
-0.267718656785437 -0.187771452489462 -0.309337333608823 -0.0738916716324489
-0.282576247862619 -0.173314200633301 -0.321132679725153 -0.0110094771310007
-0.314496022419255 -0.174732202574035 -0.293167009248045 0.00647117948595244
-0.265062431392327 -0.272914385240359 -0.233619871596491 0.061286361403923
-0.151529520570142 -0.279625500502068 -0.198979878810055 0.11672679773444
-0.135660507688372 -0.286753959875983 -0.262595871891208 0.102674681902237
-0.0712280903818475 -0.45190232748177 -0.292104255969061 0.0292707937740316
0.248189821715029 -0.532019684549434 -0.267748484133095 -0.0112496042380736
0.547235235652173 -0.388456719974805 -0.442112755051642 0.180322036167637
0.278241222679131 -0.173557389002118 -0.315190921090512 0.210594526722186
0.0316771863439036 -0.266712702450191 -0.0214926636959542 0.397019876672472
-0.101025990516763 -0.100170266994872 0.249463823032946 0.0629061580010016
-0.00792012609366204 0.0465593090181732 0.141743124547342 -0.177546116683585
0.0546956158590842 -0.0789997006893236 -0.0974619792274607 -0.284386392661893
-0.0484134237138691 -0.165563338910536 -0.288709904524458 -0.223014595317095
-0.132550590462446 -0.156820795643539 -0.375529156896767 -0.122987223577125
-0.148643129767149 -0.152970146577814 -0.426688329630077 -0.074170810840528
-0.161845418391111 -0.165663427676104 -0.398448512832696 -0.0777385909801734
-0.0929744053196118 -0.206641251349578 -0.306532832080153 -0.0495097015545185
-0.0154966925363791 -0.144172503899452 -0.227048072527148 0.0130245721157357
-0.067443858790873 -0.0994467582219297 -0.287727487196605 0.0471670060319435
-0.0785739270048995 -0.282103165303598 -0.34223836113386 -0.0131718122264988
0.178343949213889 -0.385027951253767 -0.266789208427525 -0.0240412364193835
0.406855652621325 -0.247028514662943 -0.521318472514046 0.249466299155105
-0.0959345540820392 0.109821027887364 0.464325164759668 -0.411543213364566
0.0233432869239052 0.174161426713498 0.155006637873317 -0.0037474379292554
0.157434952141709 0.0359343210328782 0.376468401804175 0.0810249773092818
0.0442988149332769 -0.135352042250315 0.303633053064011 -0.0939311287187717
-0.101273569299192 -0.0522237528379741 0.189564611999038 0.007857923411457
-0.0572249470259888 0.0630020134031127 0.277598268470539 0.119679715995543
-0.00537280085916401 0.0926891804300132 0.406298235684946 0.148068598961107
-0.00417020080160821 0.0885788748510652 0.480334097557488 0.108282650174744
0.000983611216335886 0.099808645514775 0.428853089324447 0.122732730232834
-0.0495042492634531 0.0852432180329267 0.314154745460226 0.193558742405738
-0.108454889182978 0.0120417996739533 0.143839805957382 0.248623402359292
-0.0553948978193232 -0.135869802322598 -0.0716956289052064 0.172201625444099
0.116981663921338 -0.0835381395360174 -0.151707686667591 0.000779316190577809
0.0571064583030339 0.12779444777096 -0.0559948972773912 -0.274125594782503
-0.0855496749713652 0.129591687445846 0.288446565082256 -0.196670742766634
0.126084372179776 -0.0681035133169207 0.479752771171941 -0.364462985426521
0.167511029221738 -0.0660213587585591 0.113759502649864 0.0731177262139676
0.190188265831951 -0.196444260258593 0.454214968972829 0.156126431754671
0.0171994748300774 -0.337661080023922 0.368262429224363 -0.121127130911546
-0.192322499675329 -0.245865356058724 0.152811810663804 -0.0362638217539891
-0.223197193495658 -0.0793953751991336 0.215814265501963 0.121342761750847
-0.196600799997787 0.027691771891801 0.36077101147396 0.178220492882207
-0.165284923234076 0.0451325318675251 0.447501973278657 0.138380514740404
-0.140656437966021 0.0645295611227518 0.405595549545475 0.136885501818513
-0.157651439449821 0.0151993805155693 0.297933450768704 0.207606006907423
-0.160970821733964 -0.0635907796589905 0.12616757486236 0.264082961980059
-0.102536302926876 -0.21070322211194 -0.0798802953178823 0.1630286633584
0.085860599881502 -0.212283933234318 -0.134856398117583 -0.0020830709885267
0.148374547450111 -0.0335232871957224 -0.0919554614357133 -0.247427543145204
0.11358769976997 -0.019273815641046 0.212432941285327 -0.21980352715886
0.345019112864969 -0.207771528990926 0.40744146989318 -0.262465242015872
0.321418984624311 -0.287545661591738 0.049188016688296 0.186403768570794
0.214097551424991 -0.413168614573856 0.516345199620059 0.221897906087057
-0.0176352380667979 -0.497795587484105 0.427337322375193 -0.1672531116169
-0.247174487086601 -0.40111354434945 0.104017077575709 -0.131291415267781
-0.341089722226694 -0.216115643797773 0.111166945419729 0.0686236085519269
-0.35152276251126 -0.0482681811342502 0.252518380044847 0.167992126862832
-0.301202192526738 -0.00631629917438881 0.348577853040718 0.147957345311061
-0.27176317397405 0.0280642280373308 0.333452870729193 0.138859323108435
-0.270683473947986 -0.0519832196920379 0.258418107245351 0.215784399511733
-0.229125046199441 -0.139987066980966 0.110730928199777 0.282487420200666
-0.168768580185929 -0.285860086082221 -0.0910848934064022 0.179274669003063
0.028062174697828 -0.34136009777827 -0.145764384095478 0.00729938522857449
0.202556169297237 -0.220240510591169 -0.137145746962768 -0.218579244237902
0.289225015765131 -0.193050931593409 0.101496825117 -0.203918986846188
0.50768926522089 -0.292576675581842 0.259428773467415 -0.132893697111127
0.42352973362392 -0.444594439736855 -0.017883242016016 0.31439128228701
0.193476709607034 -0.554617389809907 0.550675285282665 0.252749658885685
-0.0664253062886027 -0.55734145349842 0.448213202564223 -0.229845139668201
-0.265459453719162 -0.466598644962785 0.038597089334614 -0.242764180230889
-0.394600341728606 -0.300859810469526 -0.0176735515849825 -0.0159645153971519
-0.443454848406616 -0.114598338931054 0.104574767772473 0.125031481059782
-0.393872487213526 -0.0569705469789895 0.200934653028036 0.136336677674221
-0.376585258036263 -0.014321544004903 0.21243842643431 0.134087198061806
-0.373562939246543 -0.117959709059819 0.18093682455352 0.216849815938518
-0.302844733543933 -0.216964384399508 0.0742934564023826 0.293667072790835
-0.241177585783417 -0.358349584025604 -0.113143078500887 0.200551121869317
-0.0437886380179671 -0.462176998315339 -0.170537318212698 0.0285667606709768
0.22686272415587 -0.406642092250764 -0.182494000394705 -0.169664767767694
0.429636048472883 -0.359069010829016 -0.0319734948214672 -0.139892429622922
0.574470692523441 -0.32929761592205 0.0722705303533031 -0.00128250899013532
0.418983003824498 -0.513518038250838 -0.0605883983405506 0.422720984847905
0.116504382065403 -0.56517500334198 0.538116687423117 0.229409459295697
-0.108653013593611 -0.48015525588188 0.405710210863169 -0.279985968613234
-0.232761621900531 -0.424566644337638 -0.0365084402675061 -0.323774193810652
-0.374738658813059 -0.320219336276729 -0.144960830272888 -0.0990873340297551
-0.456229038659679 -0.15665503221774 -0.0560381653832245 0.0659082010832465
-0.425442535504331 -0.1036834081746 0.0221236695445741 0.10730339053304
-0.434463812028817 -0.0649572969929742 0.0510454010860367 0.120823428844564
-0.431519650059878 -0.185814500441239 0.0577983038567254 0.205012271266284
-0.338792968089431 -0.282762290417927 0.00107044830088937 0.28018335084936
-0.278830266399024 -0.401992351487952 -0.154365414601276 0.207079651812173
-0.0999395960463534 -0.541749118975067 -0.20586804854617 0.0532187053530416
0.231590795371419 -0.551463375904937 -0.223253353425664 -0.101949121748018
0.524259435388019 -0.475236189358587 -0.174466827232531 -0.0314359410370539
0.541573108781225 -0.325617941247503 -0.10382296168407 0.111236206465761
0.313747773600219 -0.491402467921819 -0.0606392330359234 0.47055892731282
0.0125616057666592 -0.449980826999901 0.471636958566632 0.160622711091262
-0.106643667444292 -0.297736548262101 0.311797186387642 -0.291405885874124
-0.14790994649277 -0.312698464756272 -0.0990215197296574 -0.343221135903574
-0.29516535650874 -0.285473642408249 -0.241925428284054 -0.156120688415634
-0.399310514936898 -0.172718323520349 -0.200857868604226 0.00472117419926766
-0.394525574562078 -0.137510606620409 -0.16012545012058 0.0643644275648664
-0.422402849191834 -0.113489081258894 -0.128117995590695 0.0887406837156051
-0.407759675502703 -0.24048006557245 -0.0917490796612737 0.162583668375131
-0.296026174294677 -0.311628098855204 -0.09983743073016 0.226906149516746
-0.244083631017053 -0.386582805095955 -0.208803097087784 0.181899247289148
-0.118058430685574 -0.53965455521579 -0.246787425491695 0.0646706636756597
0.227870805717237 -0.605472204061657 -0.253300126461114 -0.0347583855105622
0.560074258565412 -0.502471239981554 -0.31174356962374 0.0970567698959096
0.426249601660282 -0.281755226290374 -0.234590571924002 0.191497734900158
0.154516257365032 -0.401050809194333 -0.0299463052630125 0.453449346517353
-0.0736374932806726 -0.269972196140097 0.366652464822649 0.0860178176523473
-0.0612245511817722 -0.101270018559511 0.206032366059348 -0.254019788734549
-0.0425807557105742 -0.188445460202865 -0.126402158364767 -0.315209928319883
-0.184052669896996 -0.228085703301575 -0.294880873279419 -0.186341301519783
-0.290698452352984 -0.168425624149023 -0.314361363627534 -0.0503201419692607
-0.303465561555258 -0.15129723250088 -0.322041125978453 0.0131622609491603
-0.333932595367636 -0.150380803659227 -0.293759134554854 0.0314081891642652
-0.294158992675421 -0.255721631353435 -0.229459724476019 0.0804875154915795
-0.175609839981791 -0.273503794138838 -0.187976865437112 0.132354006664093
-0.154929732611469 -0.28108216689239 -0.259925465350875 0.127659694450714
-0.108010728086343 -0.444884754763891 -0.294224912816476 0.0523883082971876
0.207566882836743 -0.551382237323827 -0.272941171647337 0.00384332920582165
0.518387724678474 -0.431904647072912 -0.428544500053722 0.213599771566883
0.264202892252564 -0.202040474526803 -0.305998501682016 0.237260490363466
0.00694612310013044 -0.268317333054705 0.00978993097135527 0.400530582105302
-0.111624430952977 -0.0907796205464186 0.259846470490317 0.0384234879074455
0.000746810397433531 0.0468362437230575 0.130430068815392 -0.193522948440944
0.0482433848542309 -0.0871019605070057 -0.120815618310466 -0.278381886828096
-0.0676188250560142 -0.162956261679564 -0.309272628621761 -0.202054326340933
-0.15098084308698 -0.147461028624688 -0.387843184043324 -0.0965180424949263
-0.167708922902981 -0.141457129510749 -0.435972881004864 -0.0404918317220612
-0.179953110238271 -0.153042700220306 -0.410058655749898 -0.0444450574087035
-0.11487726773942 -0.202745446405705 -0.314613835847848 -0.0255748494345073
-0.0271897110889899 -0.147321097810274 -0.226685643079983 0.0276266235364935
-0.0707282772761932 -0.0966820588292271 -0.287400802608085 0.072648576314812
-0.1018209747833 -0.274743119455226 -0.347281682359125 0.0157540673444248
0.146603383741379 -0.39918402450243 -0.273614619697872 -0.00877687313468637
0.387281841502092 -0.280512800606283 -0.5040830909118 0.289354544461069
-0.0838711771044435 0.113233810437986 0.428118412098282 -0.42118697341451
0.0350878429238177 0.168098703407919 0.157621433366663 -0.00558745912133941
0.153842243359051 0.0217473256790659 0.372484962390126 0.0541811363118809
0.0325793737676544 -0.134497759622168 0.286108881570692 -0.111498721059159
-0.10209325766547 -0.039771266664281 0.185406553485169 -0.00363002970576795
-0.0488419589372647 0.066402007844313 0.279656633688631 0.100659982130975
0.00273923560803975 0.0901300982721865 0.408224295422463 0.119360561661999
0.00310615793045572 0.0864289189287347 0.47596646563542 0.0732471710092583
0.0091381435695066 0.094680713619711 0.426213548804499 0.0936909484510273
-0.0408056942443815 0.0854986456929729 0.319368870104272 0.168029391866924
-0.102746093259128 0.0202907795229187 0.155756136041363 0.234050901446936
-0.063679323566598 -0.12741450672269 -0.0593698298915121 0.174182275253225
0.104472249521551 -0.0884483295514452 -0.146442694157333 0.0091812802302094
0.0683976073896166 0.120097102761753 -0.0751910042414556 -0.261563218073441
-0.0707220411639774 0.129501870182524 0.272416080533103 -0.207869476587147
0.12186351367298 -0.072418212901432 0.444082759797704 -0.378224999005473
0.16132129399404 -0.0728473650184436 0.121173239736629 0.0720590557418042
0.172207300904396 -0.203634030348866 0.451992982107068 0.121388351874736
-0.00509117097098352 -0.329662650444895 0.346666302519605 -0.141619215732014
-0.202910204851788 -0.224190236375676 0.147493950268176 -0.041537178528023
-0.219074785481132 -0.062744380677432 0.219686320456347 0.106818942725792
-0.187409798791496 0.0380663398088185 0.368047087972286 0.150616101371212
-0.156318197385953 0.0538839207225867 0.446847428684402 0.104295687391187
-0.130686027986351 0.0687842202037399 0.40484332757754 0.108707363268844
-0.151043163107463 0.0235067147821282 0.305170966285587 0.183864201820463
-0.15884491893647 -0.0505114770174355 0.142010771211442 0.250369211551761
-0.113796477952733 -0.196749036166783 -0.0686174742787556 0.166799229379987
0.0666431792798543 -0.209646818412764 -0.131269945103428 0.00494468086928656
0.146484208258994 -0.0409073644462767 -0.107759577506368 -0.234003562344932
0.112280120629551 -0.0252306842074887 0.196614488614501 -0.225179818556954
0.324700733398099 -0.22077387834766 0.37840814105262 -0.276661723018782
0.298875341442309 -0.295677152550771 0.0643262574473532 0.185655176812647
0.18318107885943 -0.413065168826747 0.51669224348302 0.180871289432072
-0.0448341924629066 -0.482926958270203 0.400816107374123 -0.191422536753247
-0.264938515080473 -0.372776968874712 0.0950578284161408 -0.129098265873514
-0.342479590242418 -0.186668826415774 0.115917162829816 0.0627928144213281
-0.343839110348319 -0.0259513221715579 0.262936117560151 0.14806249164128
-0.293371374679157 0.0124473284888432 0.352424037398252 0.118279616645276
-0.261208540170178 0.0414847017858871 0.33522948443297 0.114613247438303
-0.265814510397284 -0.0343868172314847 0.267562131112918 0.193159928536052
-0.230226925824483 -0.12159712310491 0.129216558414737 0.269921053071012
-0.18141317221159 -0.267307539202505 -0.0801738656555077 0.184351789761857
0.00312179330455463 -0.330850248859977 -0.142437370543508 0.0144968976652942
0.188387217610505 -0.224213817181551 -0.148901093680218 -0.205051271512969
0.271050145113556 -0.202601901509135 0.0899147522874706 -0.203537965161338
0.476737240464861 -0.314426458663 0.240288618297694 -0.142827355427714
0.385910916119941 -0.453672227775645 0.00492730838575504 0.313895231094616
0.154484339810078 -0.546799179095932 0.5515795387998 0.207696301131587
-0.0955653418458406 -0.537064721943229 0.417395012097765 -0.253480293953256
-0.285727772213138 -0.436679918857155 0.0248884619388923 -0.233703065759315
-0.4027896763212 -0.267088000331389 -0.0141166324495605 -0.0119598984636186
-0.438437326883379 -0.0845715487709026 0.116754608971383 0.114905869796787
-0.386881623277102 -0.0320281539146705 0.207842773516234 0.115895178564068
-0.366895314831974 0.00758407487503168 0.217094222733662 0.117629290677948
-0.371312331642911 -0.0935776795288324 0.193209354921905 0.19961606429845
-0.307726464956969 -0.193319506167963 0.0954482154186721 0.282134075429895
-0.254973014594485 -0.335132621100993 -0.100404750861741 0.207944235239808
-0.0720079288622376 -0.443407493270784 -0.166731111325159 0.0372417360299349
0.200532829071471 -0.405681551674951 -0.190783954856361 -0.157064773286407
0.396491887302885 -0.371878884838807 -0.0362013589365393 -0.133794779724154
0.539357496375238 -0.35319193667482 0.0656418351386846 -0.00417808657215962
0.374785255242137 -0.519655422246591 -0.030671846285086 0.419026093449118
0.0776485374939465 -0.551887667318408 0.538157879843628 0.184696415667057
-0.129925844286734 -0.459034981448257 0.375197892293747 -0.300504204303856
-0.250282906375095 -0.39946686950158 -0.0535289985442898 -0.307894052972451
-0.386047055734892 -0.28699763625167 -0.143547132037194 -0.0859861103170551
-0.455607121795796 -0.124475641224042 -0.0432778400003728 0.0669230834070415
-0.421619633248606 -0.0749756910743225 0.0323516848979422 0.0989991511882956
-0.426339739204529 -0.0377490026237397 0.0600461546560885 0.114788470785807
-0.434572675314185 -0.155209703748922 0.0728978010897052 0.196072988393151
-0.34834810426732 -0.256167593015053 0.0230481045170623 0.272785586674503
-0.292165781326474 -0.376788898462185 -0.140341070460953 0.215653080274713
-0.130048094737815 -0.517327608507007 -0.200076145757796 0.0627204445150353
0.19458019817625 -0.544460242577969 -0.224721135529719 -0.0899373476527802
0.478971389767176 -0.489527714426884 -0.168189794894968 -0.0205733626836218
0.503632731220009 -0.349535973467877 -0.0984072822094197 0.114651010422925
0.273133868370505 -0.491951168535782 -0.0294283130668318 0.463135906814534
-0.0161787758240052 -0.432946116906153 0.467586024329251 0.122160307510969
-0.116042204720705 -0.281793223368849 0.283904570507558 -0.304900299450007
-0.162135548833032 -0.296928657525535 -0.113746509677468 -0.325372474519766
-0.307448409785639 -0.259134851707352 -0.242096687033411 -0.136162104682052
-0.401831741696004 -0.144303678885189 -0.189175929883215 0.0150395194528768
-0.39509253766638 -0.109157913973195 -0.148817702884959 0.0689483362131307
-0.418293487861442 -0.0858262440833963 -0.117058827109825 0.0948153785275065
-0.416311804713436 -0.2109057259009 -0.0768098740529474 0.163958358291906
-0.307779941380659 -0.288855502177244 -0.079034253428389 0.224797521319288
-0.257423768981722 -0.364502543567449 -0.195403961771661 0.19378036429139
-0.146455738169956 -0.514987935974226 -0.239184384240504 0.0770818385939496
0.186043925758779 -0.596446233129673 -0.250242574632209 -0.0236455325550512
0.51188233900786 -0.517072623502588 -0.294663431357921 0.111244274606074
0.394364238468556 -0.302084350831642 -0.220661753577666 0.200623151706345
0.123693833678169 -0.395225276103761 -0.00140202385343684 0.442627934290939
-0.0895129486727667 -0.2530109420376 0.361581692660175 0.0551462784574812
-0.0603679095637838 -0.0949443821861703 0.184779538076832 -0.263051465533888
-0.0531213633682553 -0.183529401663852 -0.139409144990039 -0.297790871000175
-0.197122439889811 -0.208852244466557 -0.296737568589508 -0.162802467916668
-0.297912816782311 -0.145464662797538 -0.305631735415778 -0.0322112666600024
-0.308926659230723 -0.127917774435468 -0.30991914209631 0.030094745379967
-0.337304152265304 -0.126536908041475 -0.282856687603355 0.0503419507878986
-0.306893754067498 -0.232381693390855 -0.217299970760965 0.0924003767400686
-0.187493961013084 -0.25817474842827 -0.172745281832465 0.13742955982918
-0.162832857605077 -0.267270200458685 -0.247197927298592 0.143262805809878
-0.129063565173614 -0.423036156590029 -0.285180648777905 0.0677681772753329
0.169478213683986 -0.54266644552147 -0.267394625910275 0.0140076647968911
0.475973335617371 -0.447326052044602 -0.401915308650355 0.230124002329742
0.241800890511388 -0.215454907428275 -0.287976424091081 0.249880236683446
-0.0125349880115178 -0.256663590681229 0.0337180023296702 0.386901032593374
-0.115485731684453 -0.0778181705726856 0.254952028133026 0.0167409000173594
0.00840152352731776 0.043032042057646 0.116182221426539 -0.198936164111021
0.0411097546558908 -0.0907843198362694 -0.133558962856472 -0.263102829043082
-0.0806913344108866 -0.152964071995166 -0.31310494544245 -0.177382362504436
-0.161303740576464 -0.133380936099974 -0.38226018513212 -0.0711090285914356
-0.175565731670062 -0.126682073165336 -0.425115947404883 -0.0142797388717472
-0.186952141712218 -0.137035791303923 -0.401210876295596 -0.0169176207982763
-0.128818676114915 -0.191802541612358 -0.308128661346915 -0.00665582377320279
-0.0345171854983258 -0.144786789324435 -0.218298122924279 0.0363516255929111
-0.0697683577315964 -0.091666310055372 -0.275806701735399 0.0899758710458135
-0.114211265869649 -0.258624074754663 -0.337397015622716 0.0368050312617847
0.11676825856502 -0.391878078625805 -0.269968573506137 0.00183911365315931
0.358461615844749 -0.294700472037973 -0.47165657611561 0.304572508326267
-0.0751805588819016 0.111360912201083 0.404851618041826 -0.414051530916421
0.0408235876925759 0.161168019342908 0.159872717041532 -0.00342511197367968
0.147227722775851 0.0145924636011116 0.362876653026841 0.0416241422133059
0.0253953362891204 -0.130906621508711 0.270049582657037 -0.116575511718425
-0.100265124568866 -0.031013650571215 0.179262964245311 -0.00786776750644233
-0.0430457678798861 0.0660831742507925 0.274289218471636 0.0905526545613009
0.00765371836304174 0.0860230649025381 0.401904433356353 0.104896428694605
0.00758100645183161 0.0836246713335391 0.463196856953189 0.0559740924589426
0.0127016941449787 0.0890396578278338 0.416098883877928 0.079479121343333
-0.0349667743891308 0.0832641477136292 0.314463790066679 0.153756678302897
-0.0974090779619169 0.024099344735354 0.15794084489474 0.222863793064875
-0.0674942607643904 -0.119799609184451 -0.0530470076499976 0.172175482080443
0.0946031065890313 -0.0877655277670496 -0.140540991024138 0.0116377517885193
0.0736124934541411 0.113575583862588 -0.0825591335264031 -0.249671857452788
-0.0607877059622874 0.125265275727863 0.261987024694313 -0.208122144573167
0.118432857234877 -0.0717935840598512 0.421542829839949 -0.372263847651628
0.157259956715559 -0.0727746761384864 0.125885978955128 0.073060784829145
0.161614028293789 -0.201741530960535 0.44096016024292 0.104115957459845
-0.0130160809881725 -0.319650810404007 0.32667342966142 -0.147416817280578
-0.202020031163045 -0.208097621176498 0.142363669064228 -0.0415162756518739
-0.211205575229856 -0.053509233040034 0.218275842387875 0.0995005463080462
-0.178076474983016 0.0407159203618608 0.366399597707958 0.136098101825937
-0.148366214741854 0.0566263280362738 0.437210684806421 0.0859076078028246
-0.1235226259528 0.0673846975294561 0.396869353397361 0.0944238770933607
-0.143797915048069 0.0266983420492291 0.302494852631282 0.169041559486697
-0.153109498635316 -0.0439325858425053 0.145869066374906 0.239615990375573
-0.116551484510782 -0.186008974563091 -0.0630352182599175 0.166412582197476
0.0552733847189864 -0.201835994178188 -0.127219615376364 0.0065450939032465
0.144804511344055 -0.042852966352892 -0.112893755242826 -0.222845413281567
0.110703098672346 -0.027421725999755 0.188477928282604 -0.222251230710424
0.31093575345827 -0.219497210350118 0.3575581916344 -0.274564602688187
0.284682300997619 -0.290520263506879 0.0727678494487376 0.184592341082198
0.166312960429573 -0.402445665922016 0.504610340926083 0.159419025350607
-0.0548777553714154 -0.464990567177335 0.378002536275056 -0.197394859217586
-0.265137292698617 -0.351257169288922 0.0898186692887388 -0.123572441142345
-0.335317385079006 -0.171944835031461 0.117077528874534 0.0600546510597418
-0.332132141144047 -0.0187212639937147 0.265344969577476 0.134908138008197
-0.282529176103331 0.0201346804046198 0.346668211122456 0.101857099855082
-0.250195727402967 0.0444863424544457 0.329867727793743 0.102587321039747
-0.257905380442809 -0.0275342844780714 0.267307630875997 0.179985892289666
-0.224776687939664 -0.112102958577046 0.136077677850266 0.258817560660695
-0.182059826224942 -0.252678214612918 -0.0737275876686444 0.184984963022273
-0.00783139471405794 -0.316164529317203 -0.138549855776695 0.0155975624018793
0.180129901569059 -0.21953286363307 -0.151998566101248 -0.194989941647796
0.25826532030232 -0.201170940032232 0.0851047797625001 -0.198274689295317
0.453937201646924 -0.312960141825369 0.225891268013793 -0.141563113283868
0.364645545260382 -0.444407012045226 0.0168993558424463 0.308898560176385
0.135608418096343 -0.52837145920101 0.54080424030424 0.182898966373906
-0.103012428403362 -0.515384196625401 0.392811609722466 -0.257931025359786
-0.287441644598844 -0.415078333308338 0.0199999090985401 -0.222415245286464
-0.394471179770243 -0.247199720610775 -0.0104785648271088 -0.00913927375287081
-0.425167715680752 -0.0703272257372217 0.12315641239495 0.106635027645803
-0.375527684991274 -0.0201897038076513 0.206895179511131 0.102962948131897
-0.353542064549769 0.0147624468295069 0.216065173797574 0.108114027689758
-0.362925934769106 -0.0821410525103887 0.195572861957013 0.187920151916852
-0.30166896949152 -0.180467549346929 0.104800185060886 0.269923267079198
-0.254047288338634 -0.318487903649456 -0.0938823716365722 0.208716641464387
-0.0821687228371831 -0.423451780331886 -0.163465007590237 0.0386738120934557
0.186903715855695 -0.395622163823984 -0.190623320916431 -0.149150321512143
0.374215769663208 -0.364899859236649 -0.0351571532766518 -0.128275494750543
0.509637967911346 -0.353982071948693 0.0596243359758426 -0.00436927722481031
0.35002672800017 -0.506241385862255 -0.0163238230951929 0.409731984826785
0.0616013056714616 -0.530305311284185 0.524380064286953 0.160303471687187
-0.131703581664394 -0.440070093016519 0.352938382388139 -0.30194757887085
-0.251240544328886 -0.381260113202738 -0.0560821827738757 -0.293588882886083
-0.380126828904111 -0.267018835258696 -0.137097008572977 -0.0779886308805809
-0.445075078523641 -0.108987845800273 -0.0331017232734873 0.0634200835706551
-0.412168668286991 -0.0604671471371437 0.0368292968829152 0.0904225803378257
-0.412629246761796 -0.0263522020839249 0.0636208703417115 0.109294865713741
-0.425865404203083 -0.140595029471921 0.0779636357924597 0.187614229909218
-0.342936898367033 -0.239598410073741 0.0336436139939609 0.261927109043647
-0.289634949135224 -0.359833780966132 -0.132425903671191 0.217584998299145
-0.138167494648728 -0.492202292237756 -0.194877520177084 0.0643104723961468
0.177798509232176 -0.527523829233126 -0.222408675026506 -0.084841062322503
0.451184253634107 -0.480084832078661 -0.160358365378758 -0.016795920537302
0.475240015498706 -0.350003088599796 -0.0963981201591096 0.113936834378384
0.249188649153421 -0.477202122299541 -0.014916286181229 0.450289306715622
-0.0278673926227694 -0.411914106561695 0.454999716061515 0.101625233618004
-0.114995423972131 -0.269183760105412 0.264852955673286 -0.305001503892698
-0.163068420574823 -0.285038798849803 -0.1161585220637 -0.31013709359013
-0.305362432784689 -0.241909864627104 -0.234901054644196 -0.12507964984501
-0.396761393515522 -0.129233304265558 -0.176917932622808 0.0169693985966485
-0.388191225284394 -0.0943644881901084 -0.139381724584985 0.0670108241061112
-0.408644906902529 -0.0730247382032536 -0.10824950436255 0.0943889857201692
-0.412249359326314 -0.194376385113569 -0.0677747872287762 0.160353154278291
-0.305160307839662 -0.274318215917348 -0.0675724466592997 0.217858253973327
-0.254760930750029 -0.349322046458301 -0.186189000764327 0.196984259185278
-0.152199335698243 -0.489617225693325 -0.23198467760138 0.0786629047537592
0.168756337078112 -0.57839033203954 -0.245862167665082 -0.0210617634621666
0.48248645971412 -0.508231740811229 -0.279725634990177 0.112142142020524
0.369634828833597 -0.303447561627584 -0.212513140139782 0.199959483814048
0.107488252329675 -0.379195057899942 0.010265327563999 0.427170573701784
-0.0942181662051792 -0.236445932076756 0.349366786547252 0.0390050006658672
-0.0561326968430305 -0.0917170247356894 0.170996921269194 -0.261766909780238
-0.0563506321974265 -0.179263872579249 -0.141046745933508 -0.283914298321353
-0.198942126960012 -0.19565764362444 -0.289539712580785 -0.149411541119955
-0.296426809745508 -0.132721405178443 -0.292561702909737 -0.0254900245846629
-0.305676080456588 -0.114909562776356 -0.296735405661812 0.0346199654392324
-0.330870172582061 -0.112442138030666 -0.270151048395292 0.0562013393891081
-0.307424628106774 -0.217967315285896 -0.207386600817799 0.0944414988675375
-0.187425964747437 -0.249252239515116 -0.16215203765535 0.134562079701878
-0.160133946920964 -0.257859758072743 -0.237543553341438 0.14838650312569
-0.133171330579661 -0.403638486656742 -0.276175757008652 0.0720754299431438
0.152510152900777 -0.524699543478796 -0.261619788698223 0.0143545252981099
0.448935031539945 -0.440813071839013 -0.381707834937173 0.228290439693821
0.224448303375473 -0.217350599035749 -0.27552513656574 0.249224829079788
-0.0212126958487671 -0.243420992285442 0.0423904804062918 0.371143231263851
-0.113632120738217 -0.0685454583243301 0.246155029324621 0.00527276537922275
0.0131410253285601 0.0391499308536271 0.107740683970077 -0.198761980538624
0.0366911199359865 -0.0920033413582695 -0.135292833367297 -0.252370189126883
-0.0854415304359578 -0.144202413345023 -0.307234262925778 -0.162954394750347
-0.164741112646453 -0.12312378490611 -0.371097817027597 -0.059445319968163
-0.1770627765981 -0.117068631186171 -0.410963098181403 -0.00442572847241941
-0.186814361754517 -0.127749601708614 -0.388532818358294 -0.00412029906462037
-0.133623278524156 -0.184019670268835 -0.300070299821929 0.00130291968910978
-0.0367340008023372 -0.143106240796538 -0.210171871689644 0.0371477240261799
-0.0653464754400914 -0.0891043137166619 -0.264506580606536 0.0962810342969889
-0.114762035787608 -0.243080049579573 -0.32556964498098 0.0446887753197142
0.104545752992025 -0.376355417711108 -0.264795932414729 0.00188707789835914
0.337289731791932 -0.292496386220597 -0.447120150881911 0.303837058119843
-0.0716887439689613 0.110254868386442 0.401034447901852 -0.405075032270588
0.0428053559598559 0.158985334134407 0.165662013473331 0.00130951789113081
0.143913079939176 0.0117303760153055 0.360489114547439 0.0383001189033463
0.0213300503742638 -0.130171922023516 0.262762960781779 -0.117659351914539
-0.0991558662860254 -0.0260376448551301 0.175788295017832 -0.00785880268478775
-0.0390800874921605 0.0659788166763239 0.272164927190109 0.088988284141606
0.0104289136050365 0.0839886205102846 0.40132533231267 0.100861128763841
0.00973443142063897 0.0832807273294304 0.458234943335056 0.0519779110517213
0.0139319315569318 0.0858930853455171 0.412880149508034 0.0765121678264931
-0.0325004204323273 0.082443343559976 0.312259967112024 0.149852537779152
-0.0943088003141448 0.0262892754703119 0.157691174799917 0.220364025332896
-0.069065870481549 -0.116162228538068 -0.0520340391461377 0.171902075150123
0.0902694631876214 -0.0860978538769366 -0.139342599185513 0.0110111921623745
0.0773200856352602 0.110122561224604 -0.0849170045302383 -0.243135233855625
-0.0566898159362807 0.121712668044446 0.263126019585819 -0.206591782586419
0.119166125086811 -0.0699508258090866 0.415707442787566 -0.362707954292728
0.158560801221829 -0.0705846788794421 0.13190722439248 0.0771214780024151
0.158458663781952 -0.199713790745187 0.437049504634536 0.0989746631671102
-0.0158934574471773 -0.315939024716476 0.316612486375348 -0.14826379998963
-0.199513121621981 -0.201118951072363 0.140383728187868 -0.0396792740525805
-0.205716324945187 -0.0519762451449646 0.217455212045909 0.0998823498845261
-0.173420979468343 0.0395070512326287 0.366711053693669 0.131638440315475
-0.144722898375179 0.0563509555021859 0.434022542887081 0.0811564808100151
-0.120716471052389 0.0646063102328103 0.393830696228575 0.0924626183675712
-0.141000341918507 0.0266749384790157 0.301829535315771 0.165381314705829
-0.149464356580385 -0.0416732503824113 0.148276779218961 0.237136128146855
-0.116566239111518 -0.181510293114529 -0.0622556430992778 0.167935208474621
0.0512834787885462 -0.196706419348937 -0.127413736701103 0.00481546991994128
0.147347400056712 -0.0433375051685058 -0.115522427062191 -0.218195647450657
0.111916740011133 -0.0273643682357772 0.188743570091058 -0.219321090356353
0.308398196684439 -0.215862497880298 0.352378654004748 -0.267386840513657
0.284599423467535 -0.284352074758861 0.0778683308566874 0.187040720361384
0.164173941511256 -0.396082719509316 0.500657374494196 0.154006342733654
-0.0542752665288562 -0.459440516278685 0.36695134219715 -0.19739297963938
-0.261993325181735 -0.344096004423185 0.0893120149627145 -0.119124893818519
-0.328945069070222 -0.167264975903385 0.118805228931867 0.0608987800066125
-0.327293542340591 -0.0178675418641748 0.268766691539017 0.131050417569359
-0.278216714823784 0.0214351964374574 0.345867044928562 0.0958910210251895
-0.246596384509939 0.042656852826599 0.329162393985885 0.0986791284323877
-0.254796355822119 -0.0269682310208876 0.266893899597856 0.176234619831128
-0.221419615105801 -0.110206737047736 0.138884579947247 0.25529788617233
-0.180458218517618 -0.249167979158294 -0.0737281868493941 0.187221598731779
-0.0101850980745193 -0.308701348964418 -0.140009563205745 0.0139203812884135
0.181123190469262 -0.216991345522142 -0.153400449283631 -0.192258992017972
0.255657651326039 -0.197604418507959 0.0870711366467119 -0.195576059667744
0.448364512173475 -0.30897997155246 0.220339801612864 -0.13776053713851
0.360552463134452 -0.435397053070642 0.0217326286250085 0.309920278891046
0.133353236083008 -0.518970705320851 0.533915231079976 0.176435793718933
-0.0977383342514028 -0.508781648674123 0.381009598447807 -0.257940056162828
-0.28306128024809 -0.408901443309219 0.0215226634545868 -0.216376304588599
-0.389873431833502 -0.243413867282661 -0.00708065578118948 -0.00797193472851865
-0.421010802672118 -0.0700775745452952 0.128874549641491 0.102511679311056
-0.371380392150763 -0.0181470642022617 0.207251675554609 0.097529804778707
-0.349232437898692 0.0134967825895091 0.216829749411005 0.105195761810392
-0.36038076366745 -0.0802856005259838 0.196135891281113 0.184946572894452
-0.298258140951331 -0.178828916249949 0.108670139945131 0.266279383348635
-0.250951553583086 -0.314912657283273 -0.0935990810040341 0.211665594058555
-0.0819444643003101 -0.414274092262081 -0.165090932592974 0.0365111493314483
0.18845634419414 -0.388751695525781 -0.192134677211181 -0.14877912875319
0.369766407971813 -0.358718297593398 -0.0320731629235355 -0.126574050529235
0.502424422342152 -0.350853522381595 0.0552194303006417 -0.00276535088327406
0.344714092808441 -0.496549772654699 -0.0127514326279702 0.408489546727144
0.0597712218288904 -0.517470146792445 0.516622716313277 0.153043911056428
-0.127302490838791 -0.433386844971315 0.34293592739136 -0.302739283534029
-0.248354179278239 -0.376618379907455 -0.0540806366391266 -0.28774713026863
-0.376647770124252 -0.262407201843234 -0.132793173270691 -0.0760606107181551
-0.442632201929444 -0.106884173823432 -0.0260919332750682 0.0599931388808279
-0.408775977497413 -0.0582953575399473 0.0390960185810694 0.0849918527332438
-0.408449102888327 -0.0261097590364636 0.0658540054189801 0.106610944084162
-0.424802496086869 -0.138244428300687 0.0807687392119233 0.184987212191623
-0.340420776541856 -0.237736943679807 0.0380503977602223 0.257436028568459
-0.286050701147286 -0.357951803063257 -0.132336808646134 0.221503454736757
-0.136243301666921 -0.483817053426879 -0.196436210269413 0.0624551783544708
0.178426417859378 -0.517867721006701 -0.222779540508612 -0.0866799247742824
0.444816875686321 -0.471158668846305 -0.155464331942258 -0.017076984588218
0.466593155990827 -0.347359774864869 -0.0986377522356141 0.113990170944729
0.24368862735615 -0.4657807195209 -0.0118680976439179 0.44668679552456
-0.0300231839946633 -0.400974514107637 0.447847726293571 0.0940861714003045
-0.109315909539113 -0.265593326740253 0.258172324673003 -0.304906718507957
-0.1616374469069 -0.282963324931494 -0.112858958113072 -0.304183611976906
-0.303720212597857 -0.237330487331668 -0.229800470956871 -0.122332380775625
-0.395205585230788 -0.125521128753913 -0.169904318980767 0.0140845619865072
-0.38714857722087 -0.0926647942146616 -0.13519912167581 0.0622754939104641
-0.40577269415761 -0.0707419895737561 -0.104194233550408 0.0928551575787485
-0.411931541302711 -0.191402656123697 -0.0643362798976179 0.158467629338148
-0.303289145874369 -0.273218402552203 -0.0638251494609302 0.212883199659605
-0.250595927131415 -0.348535910717744 -0.18566036859017 0.200399444159076
-0.149019813167501 -0.480119941209688 -0.232048401980636 0.0768044226754683
0.168110518758265 -0.568093106184309 -0.246596025324144 -0.0249229425992551
0.472230018805829 -0.498823757821875 -0.273770865929386 0.109999758909253
0.360905578857048 -0.301065616292966 -0.212667914336151 0.198754643755052
0.10201879934967 -0.369235771751509 0.0114076329835744 0.421610099288588
-0.0941608195904109 -0.227836021860149 0.343631317809025 0.0331727965357513
-0.0513747075145778 -0.0915930111680062 0.166436418358614 -0.262378536785117
-0.0562912913577766 -0.179620783503875 -0.1385533103846 -0.280001199577247
-0.20000760922818 -0.191262333616801 -0.285157927319643 -0.146622050651626
-0.298736383953287 -0.128728045997813 -0.28651749812083 -0.0262451263349776
-0.306161767652823 -0.112219056634071 -0.292251913012421 0.0320985335119743
-0.329067853077455 -0.110571665578476 -0.264731009148316 0.0560787577126817
-0.308365009759314 -0.21505454243204 -0.204274426260034 0.0937158226536838
-0.186941837165351 -0.248619473726927 -0.158730085270863 0.130143741230578
-0.154493203472422 -0.258077582233996 -0.23560401504365 0.151094182496652
-0.130345954543929 -0.394455263304395 -0.274778560426461 0.0711837596878974
0.151120421146031 -0.514977948998154 -0.262831084574763 0.00982088417516159
0.439838152667976 -0.434917598668173 -0.375047944409643 0.224070832587581
0.217493421764613 -0.216692718797906 -0.274894490041606 0.24789706924304
-0.0237272347882133 -0.234916726738077 0.0427508262730578 0.365214713027381
-0.113241694418059 -0.0629370897892851 0.24202134261006 0.000413869342144137
0.0167161212174411 0.0356974930142776 0.105324125717531 -0.20005063374452
0.0347825176769068 -0.0936712411168182 -0.133789892279444 -0.249607605726941
-0.0887532767842292 -0.140543930187621 -0.304616526730771 -0.16009486591758
-0.167983633889527 -0.119775582426264 -0.366009746555257 -0.0594555989001299
-0.179342820979702 -0.114158129697009 -0.405186019888581 -0.00444031112902198
-0.187278905774383 -0.124932536984351 -0.383854126569606 -0.0026033862670968
-0.136501637094366 -0.181827027584946 -0.297292907262856 0.00214496231241887
-0.0365049899936054 -0.145121239884234 -0.208485574993546 0.0337968414660924
-0.0602313412016891 -0.0903497486130483 -0.261151199264821 0.0982511954924007
-0.112540294962656 -0.23767054870844 -0.321992815870296 0.0447825378955533
0.100917403648727 -0.369350860402701 -0.265902086807245 -0.00230244783050794
0.331600823550504 -0.288657211684166 -0.441824267064814 0.296646085016668
-0.0297571563617482 0.129257984514954 0.204002610898567 -0.536578241887039
0.104013490735056 0.124932264268898 0.165907681891136 -0.0714849608295856
0.130788545901363 -0.0533520147969833 0.349254929003643 -0.129809935932312
-0.0423568874046701 -0.125370863128329 0.180825690998411 -0.227693986120706
-0.100754805972433 0.0191176586245935 0.152909750376791 -0.0810454919389904
-0.0060741269308234 0.0739358643690245 0.290771342119474 -0.0358205439546269
0.0477267506940556 0.0707006683064325 0.41893758303495 -0.0833375333642344
0.0437796243995497 0.0719511571445359 0.443598803983458 -0.15706607729326
0.0509146318899296 0.0730449671695141 0.413142667690852 -0.113335939831858
0.00803965674017734 0.0888219096897495 0.350563316518753 -0.00161834543450141
-0.0733647248633426 0.0664518832616504 0.239681794666214 0.12820673276695
-0.114994715558381 -0.0712288394264101 0.0325612449088283 0.1733090566338
0.0441357620356566 -0.118150521207815 -0.119616396485762 0.0729979151500594
0.122733309175476 0.0614222500433577 -0.188679561552872 -0.178571483677482
0.00726616234218977 0.135628515494171 0.152585141892158 -0.309728620128861
0.0752595359913098 -0.113304169016481 0.233210956374915 -0.516165721525591
0.118701603313219 -0.131174952115144 0.161674831256818 0.00991286280474288
0.0604657035740797 -0.253351279565938 0.434177571318756 -0.110966901157897
-0.150547833902115 -0.278336952200088 0.208684058228206 -0.283865246900157
-0.264997321943685 -0.0989507600819137 0.100175816187257 -0.0916403794715874
-0.208787825513423 0.0361707535689301 0.240982797554689 -0.000832566799887018
-0.140651701918472 0.106762239155731 0.394996395992049 -0.0391679031084601
-0.113338194991902 0.111124719976016 0.432713406448712 -0.122193936975312
-0.0839726514188484 0.110514366357827 0.403106653164639 -0.0953873887781075
-0.117394951051399 0.082914231396001 0.347471192034393 0.0136585604460762
-0.154707435238305 0.0257263762389345 0.241998825591702 0.143537804854675
-0.186266225420546 -0.110925186924905 0.0240874618026742 0.170002971338866
-0.0380091043878078 -0.203476989951359 -0.108169934439754 0.0596887236121854
0.12022098857787 -0.110187817636745 -0.198051139485017 -0.140035984311804
0.0957053082358927 -0.081204449670835 0.0849940903133821 -0.277966364745461
0.194246558806913 -0.321407913101 0.21148861145192 -0.408289150656341
0.148496504726097 -0.376800310623077 0.15409296438225 0.130711202270519
-0.0111406832043368 -0.435226731076744 0.505837601994171 -0.093096973129986
-0.243174953322706 -0.392847839696594 0.225331985769817 -0.355556295143623
-0.38228161492647 -0.204189775996124 0.0130334790773835 -0.142048367454886
-0.371654806708898 -0.0186185583934538 0.128655423494163 0.00824061312101458
-0.305209643587801 0.119437496114991 0.297984691961535 0.00221137816172783
-0.254824226922082 0.133970532711886 0.357587097911125 -0.0704190518941282
-0.211628490939294 0.142702975239904 0.345498005904086 -0.059923668012756
-0.247525204120981 0.0823401721627158 0.320951073682223 0.0350100713312783
-0.252264277782075 -0.00886019089733344 0.244831103195361 0.159326645211592
-0.27408069766677 -0.145277285297011 0.024939238074385 0.187365653276581
-0.142776519012898 -0.282372139903701 -0.112477391694008 0.0707216303350027
0.0766976193899568 -0.284949955293613 -0.213836873367988 -0.100289991137868
0.152323119001912 -0.306486075776184 0.00830649424661412 -0.202083765704674
0.287686314261421 -0.46217457586696 0.142900194714776 -0.240060327336607
0.159302845360919 -0.544750794428876 0.150789585790353 0.265291607012772
-0.0884535987940239 -0.532843752931886 0.540738722735943 -0.0874063284322051
-0.303361516613885 -0.418875270493624 0.210116003640098 -0.41774552078918
-0.427906306154461 -0.252864391726258 -0.094291664685011 -0.201483205863358
-0.460275438521778 -0.0598398526947003 -0.0186972487112548 0.000262151626834333
-0.41514852456104 0.111463378095147 0.15185507623943 0.0379196762594552
-0.359594096464542 0.136047852003526 0.230906565375342 -0.00928942511860899
-0.320878559387838 0.159146527686147 0.245194300650169 -0.00646213435396665
-0.369837327008332 0.0781212596913716 0.260443652744838 0.0711142899811894
-0.356423872747 -0.0409817110274812 0.2238725523667 0.178605342916725
-0.366949483998746 -0.177128672017273 0.0191882340609726 0.212214734983752
-0.255268210534584 -0.351038889920164 -0.121776443061778 0.0989234291540315
0.00722116234402273 -0.445670457684039 -0.222229991249927 -0.0449233709727451
0.18312316228225 -0.507046199942669 -0.0637979695609954 -0.0789741996775379
0.323271831270275 -0.521550181806343 0.0458653902113315 -0.0483596040331142
0.11936840535726 -0.594850636880825 0.159152987071138 0.371406284443585
-0.157179779733827 -0.501360871376084 0.513421194716711 -0.0972680509276085
-0.294633526984692 -0.337155382022284 0.156258099800539 -0.438724799021257
-0.383358339510515 -0.237067964473854 -0.192718257048387 -0.234582931033959
-0.456889024731027 -0.0807521983021503 -0.164210177329857 -0.00767580273135898
-0.450641547100653 0.0880183270972393 -0.0114497972835314 0.0651833585088297
-0.411369332414763 0.114786296975604 0.0706875780589761 0.0538784404428235
-0.393423423089379 0.146905216830266 0.107482196915849 0.0604116372830595
-0.456048386858971 0.0523659020350906 0.154461140914145 0.120264981684578
-0.42222168051644 -0.0799797302784034 0.156483873989137 0.199037856229385
-0.418442126071071 -0.203105035952501 -0.010930108752041 0.234747322835392
-0.333984752178053 -0.392758274298791 -0.138009301122186 0.133283029601755
-0.0576989907656073 -0.562788759861606 -0.219831725942259 0.023062518551562
0.201390570328182 -0.647741256620681 -0.127069977410999 0.0796587542358049
0.293195816315736 -0.504104309040682 -0.0488523173613473 0.125225632211328
0.0400283781156415 -0.523606620696732 0.174634556476544 0.407730573378599
-0.191643373556826 -0.355004287193136 0.426521578949098 -0.115144086304528
-0.209934373833751 -0.194760828776342 0.0844418439065888 -0.400394770625334
-0.266822901597633 -0.188347130859581 -0.250018335141257 -0.225960710260822
-0.380650837369454 -0.0872666781928183 -0.271646005449271 -0.00858962793513634
-0.417584423346748 0.0528863484663444 -0.164042286230712 0.0857967021129848
-0.404732043856943 0.0751200549591828 -0.0994563612896275 0.110426544639596
-0.410124647471035 0.104360540027474 -0.0543218769490542 0.12355886397592
-0.468347246252033 -0.00116759239834517 0.0107357171379188 0.160123761732049
-0.40427334673494 -0.128589077956271 0.045228152967187 0.204256645654155
-0.380856115669022 -0.212173695575459 -0.069341165566282 0.241276359545123
-0.34531912157343 -0.385206294353351 -0.163923091525632 0.161441569998949
-0.0891956800795839 -0.600783942622847 -0.213297390753717 0.0875475467213379
0.215341889615694 -0.687058877733517 -0.182711676351014 0.248911896315671
0.214933758578069 -0.420554394576755 -0.117928756073649 0.256459236465165
-0.0502025246521072 -0.377673502337083 0.186231722606336 0.377740190800763
-0.179913275872807 -0.169449063272549 0.311960458127006 -0.119782460849793
-0.085525322047759 -0.0624352324693228 0.0294847308832446 -0.317956231417828
-0.128215838471702 -0.13799351215639 -0.258260695753992 -0.195906888800582
-0.266420190730133 -0.0869041638980276 -0.331801136859126 -0.00766552251780888
-0.330277511816827 0.0106038426313378 -0.287296150726708 0.0989035649018054
-0.337044233286697 0.0248013635874968 -0.256259634948389 0.152836912981788
-0.356644747464113 0.0364767173559317 -0.21830008351791 0.162738248493267
-0.383792342876782 -0.0667795137877581 -0.144327920199239 0.16526387226314
-0.28528014729215 -0.156290119420342 -0.0799231043393433 0.175934876789975
-0.254605914366456 -0.171210897601496 -0.138232375488298 0.225479763545924
-0.29068272366226 -0.312194701359856 -0.205665873542702 0.175718852385891
-0.0832280437258407 -0.542992139038168 -0.216457449806874 0.125303309454232
0.211047843759565 -0.610190102493203 -0.23281956592165 0.394698810439138
0.116673437981436 -0.285488211291005 -0.154330480883664 0.335363986240748
-0.112479035887419 -0.204762489078483 0.192203439240883 0.316073661693744
-0.130001353317464 -0.0105263365678984 0.212986075034051 -0.103107476645438
0.0277906234404925 0.0227380897490137 0.0083206494735577 -0.232739941044067
-0.0113479551066576 -0.0981237895861611 -0.237402918820525 -0.172266402500567
-0.143137042228626 -0.0866384654566608 -0.353500876837842 -0.0127602103473988
-0.208470081863877 -0.0355530311313947 -0.372074332959081 0.103427720225036
-0.217591060410122 -0.0291250636179116 -0.375086237261893 0.172105162246421
-0.230610794994685 -0.0364370898076447 -0.352704628158091 0.16516824233232
-0.210263404898647 -0.109008104044871 -0.269071246790705 0.127754028620175
-0.0993866845153772 -0.123515903838384 -0.17141196571199 0.115968524866352
-0.0954804408834448 -0.0589544062466222 -0.191375783731079 0.19769110784359
-0.208853835526994 -0.173596274640141 -0.264771909031351 0.175021585970912
-0.0679199054624835 -0.385785133683877 -0.232939968098542 0.113428048398963
0.174458588171546 -0.421003706801849 -0.270495902008365 0.481628575401779
-0.024232532977861 0.13286964612793 0.197672364011547 -0.557705995720506
0.11341721147244 0.123721787675237 0.177310580856355 -0.0795806098301062
0.130855552941455 -0.0601849089044279 0.355539601195082 -0.146359134482858
-0.0502344861438622 -0.125503037514274 0.174763588686314 -0.239328058690295
-0.100217247452218 0.0265500822809583 0.153583454618924 -0.0859319910294991
-0.000725475223868171 0.0751171359824021 0.299382785204479 -0.0449596332805553
0.0531802569706415 0.0689016137424476 0.432144573693267 -0.101397925864337
0.0504411667335174 0.0719118432697724 0.451670064542453 -0.177053836797237
0.0550372718987309 0.0718725458185602 0.423357387560574 -0.13113658321872
0.0128130029868308 0.0907988325599229 0.362576748469915 -0.0134025070459887
-0.0701903017386163 0.0715921237333552 0.252456715438165 0.124275175737464
-0.121485829701942 -0.0666163870174118 0.0399117561680964 0.179837588859285
0.0404641841728452 -0.121540789240188 -0.123145888342724 0.0791476853124106
0.13061762341653 0.0554249692068764 -0.200111015324701 -0.173647170959687
0.0127205305986235 0.136669029940277 0.151515947415708 -0.326389428861841
0.0764724141497355 -0.118887259286757 0.226316459644191 -0.534291930268953
0.123399591335851 -0.139197343606357 0.175017982042713 0.00525942737255385
0.0551534856697413 -0.263523427725827 0.443459044752335 -0.12940873275691
-0.165240926484473 -0.282098560661107 0.201380200008409 -0.295995041635901
-0.273641555856985 -0.0910970906542064 0.10091640527312 -0.0956751617929393
-0.212080913243957 0.0418040810190097 0.250531141813218 -0.00751613083350429
-0.141189794655766 0.111709404430416 0.408913783813317 -0.0561979645169703
-0.11163038455363 0.11744533363606 0.44236319260157 -0.141377365514605
-0.0830872886390252 0.114957387986193 0.414122346698119 -0.11228251806296
-0.11725596439108 0.088387687348843 0.360123657188756 0.00111969497610019
-0.156244351774916 0.0308245964973306 0.256171729909896 0.139437871103121
-0.195545902546098 -0.106187789190269 0.0313392047803332 0.177835439380518
-0.0454631862433747 -0.205938036696839 -0.113408445441749 0.0651841228208542
0.122909119177639 -0.120074900464574 -0.209352915745037 -0.135341717545846
0.0974224316384299 -0.0873389802074962 0.0837528661681581 -0.290938282817896
0.192029489195756 -0.336651878470302 0.207476275103958 -0.423829193971164
0.14601953328637 -0.39235133500963 0.169994930239827 0.132057448235919
-0.0221449754418773 -0.446965575670639 0.517922710340337 -0.112821374531115
-0.262073548747705 -0.397272289793615 0.216115069902886 -0.370967385809304
-0.396989713944107 -0.197732774801439 0.0115347785507921 -0.144485648534438
-0.382989890570401 -0.00834021061128119 0.136087482364625 0.00414746759603492
-0.311281827758319 0.130467770667458 0.310581099324549 -0.0110694595039667
-0.257342823262169 0.144814161861276 0.367462631195866 -0.0866329417995468
-0.214129729586418 0.151803324089251 0.355517834348045 -0.0762783633684459
-0.2522441439426 0.09262957577881 0.334138323924163 0.024266628493003
-0.259240071323409 -0.00203504077755013 0.260586447432612 0.155307606349114
-0.286775353779752 -0.14070291980657 0.0329949201512214 0.197285634691477
-0.154500975631896 -0.282191650076205 -0.119081844305253 0.0766968598142562
0.0730828002083248 -0.296600412562993 -0.225157665784935 -0.0948614124974634
0.148445204883028 -0.319430530271206 0.00798321392096601 -0.209841596447375
0.284014514263592 -0.482794781472353 0.139629143287376 -0.248336762156029
0.153174792731922 -0.564896563088477 0.169844449323673 0.270733206177175
-0.103908227458914 -0.544706398068427 0.553607613369261 -0.107161184186648
-0.320766890531346 -0.424046543514188 0.198447749785825 -0.435466224732982
-0.446536629857854 -0.249323138908911 -0.099897171940403 -0.203041001935592
-0.475734152170561 -0.0492745951872388 -0.0160411693497796 3.68389161306293E-05
-0.424802256869255 0.127362066873454 0.161873918382693 0.0287723952237162
-0.367322573263267 0.152180057421512 0.237445633129012 -0.0202544770697771
-0.326341277066028 0.173162768429457 0.253584883973609 -0.0174685733438805
-0.380365377966172 0.093153582737583 0.273508485591329 0.0631458292964766
-0.368283843460881 -0.0325832288339397 0.238883202551232 0.174840015064017
-0.382898552344229 -0.172385010965763 0.0283683943287335 0.223841629535579
-0.270941465227435 -0.351336753987231 -0.128537499890935 0.106607577325846
-0.00204649744371322 -0.459714133764518 -0.2342268756605 -0.0394515970044152
0.174727708790104 -0.526629004793983 -0.0640731680419873 -0.0811739318273577
0.317050595975943 -0.54355614707092 0.0440168572450327 -0.0484249138103076
0.111053014071842 -0.612249604907779 0.178976963482655 0.378751870356626
-0.173051305164183 -0.506198546340655 0.525236338459338 -0.117594367177012
-0.310326529123805 -0.340874894142783 0.142982255753493 -0.457403317095297
-0.402218143226231 -0.236396745597392 -0.202625307749171 -0.235215801987766
-0.475386677623586 -0.0696289362117258 -0.166825945888074 -0.00450345539904231
-0.464934625523083 0.105864396546111 -0.00678203011090767 0.0621826078606484
-0.422738228820802 0.13271922115109 0.0736784431746937 0.0491377176142293
-0.401304389076952 0.162793820317393 0.113329906305035 0.0558847023958864
-0.471249976619853 0.0696883970774264 0.165900227150182 0.117835405654646
-0.440039592631446 -0.0713207198354757 0.169369396984657 0.197908583049153
-0.436968918675163 -0.19951229930785 -0.00183792800527221 0.248335699102942
-0.351409502655892 -0.393872997282275 -0.144043421467717 0.142699722418861
-0.0719633587265792 -0.578314094756752 -0.230033413813398 0.0291632031643962
0.190252838616823 -0.668779798690996 -0.125306810367377 0.0835386551036387
0.283908116980098 -0.525683089281457 -0.0485536813151019 0.132567670444352
0.0265824919392983 -0.534938806050366 0.194745686865567 0.415402176974067
-0.204853333667917 -0.354784878644322 0.434568396392541 -0.133072282017154
-0.218048260065173 -0.196697946832076 0.0712170497005836 -0.415398757485233
-0.280929417319522 -0.188067629277211 -0.26277610453484 -0.225828469606148
-0.395921352271933 -0.0772852029898302 -0.278358322777319 -0.00137146120127741
-0.432116528961477 0.0700717119463528 -0.164505644144929 0.0885852062453548
-0.417961381444416 0.0919266658809761 -0.100998082689503 0.112913674175206
-0.42076325258179 0.120385947445304 -0.0513701190031027 0.126212884670112
-0.487195143969691 0.0152031503891206 0.0183526129387995 0.164000023135347
-0.423130419525602 -0.123143509171768 0.0531858384619971 0.206942105707451
-0.398178904713574 -0.211225125933336 -0.0616256914925991 0.256675554662737
-0.363155316154794 -0.386426783927338 -0.169067004527873 0.172032048997062
-0.105368579170789 -0.616157640992386 -0.222975292091089 0.094760813724816
0.201620779461139 -0.710926645078091 -0.178337386354691 0.25896749917362
0.203786652515736 -0.43685979100783 -0.115653125495243 0.269606816332489
-0.0618920355815698 -0.381865862084716 0.202806552530914 0.383436716742758
-0.18794283328281 -0.163020687199475 0.314297797118047 -0.134213909642649
-0.0876944195906845 -0.0646833460361432 0.0167001532088143 -0.329583754622774
-0.138540547186777 -0.140826217612903 -0.271531693695508 -0.194379887036048
-0.279201447298561 -0.0797794145945151 -0.340843334745654 0.00225699568545746
-0.344230098578219 0.0254302457582203 -0.292862582318705 0.10690245649622
-0.350247544224242 0.0384951604853481 -0.260896875958824 0.1630082016018
-0.368212390775972 0.0489834369546898 -0.219856706432112 0.173135394252009
-0.402122098445939 -0.0548618595284499 -0.142566191109727 0.174200309320352
-0.300926302912435 -0.155715498929646 -0.0782863647731835 0.181219218569723
-0.266020047838387 -0.174039189224873 -0.133901289376455 0.240854889413155
-0.30527453651819 -0.313429287811463 -0.210685512261288 0.187861584527667
-0.0990069061255063 -0.55481494661608 -0.226139701593384 0.133568961926063
0.199410993719478 -0.631678906865704 -0.22702484478122 0.409672553456285
0.107146496926571 -0.297193918788592 -0.151097940768317 0.352898492299048
-0.120239688626945 -0.203022435653601 0.206330200188222 0.319433852254651
-0.131426356583163 -0.00245273411984762 0.213308950826458 -0.11450748356591
0.0303275813581236 0.0187332047131576 -0.00156618209755943 -0.242556258952852
-0.0165791671251183 -0.103147272572092 -0.250795756028848 -0.170365388708398
-0.151899991358268 -0.0819766746816464 -0.364385473857553 -0.00176363700747456
-0.219133835033432 -0.0258347384784742 -0.380937149467786 0.117166075781262
-0.228433326981953 -0.020945063257976 -0.382736319797103 0.188786241468448
-0.241478159154131 -0.028878006766341 -0.358140125963962 0.180227332945128
-0.223776292834423 -0.104399215972353 -0.27410737442146 0.140048803177023
-0.108439979066848 -0.127142003284141 -0.175870862731123 0.122668531337109
-0.0973058340268907 -0.0626460709455905 -0.189534240420835 0.211644060096975
-0.217343434984191 -0.170814145080744 -0.268156189170815 0.188219252099752
-0.0785026282218744 -0.393037774945401 -0.244477119728184 0.121783521800734
0.163760994769903 -0.439530863226066 -0.263781229649065 0.501284052303585
-0.0152030010044426 0.134996747420274 0.17036478247061 -0.573354921903501
0.1253403531277 0.117872800914321 0.182295858844333 -0.0921256285634648
0.127044038852518 -0.0693444341942366 0.355124316692382 -0.171050594414107
-0.0613376250296808 -0.121612308452844 0.159457105893231 -0.250721774715154
-0.0973372588040111 0.0359798708578991 0.149487167646167 -0.094009271768918
0.00603912768241978 0.0751411684420711 0.304321745920192 -0.062361758747038
0.0593412928883504 0.0642010090929834 0.435718898405876 -0.130509842095376
0.0578991673356244 0.0688509396561581 0.449794174504398 -0.206759464015761
0.0608701032928354 0.0685306433002156 0.42354396475398 -0.159516175971176
0.0204304451590153 0.0899190180538787 0.368035041466888 -0.0357432457758166
-0.0637627913515154 0.0769373720764335 0.264915588308486 0.111066942489381
-0.127851202393343 -0.0576103565823877 0.052959678294728 0.182235898958529
0.0326318951298763 -0.123724216663515 -0.123067947638324 0.0892713290328635
0.137397598951093 0.043940634263822 -0.21342364578643 -0.160631233216978
0.0216730963049808 0.134835150533729 0.138611114317901 -0.344398020174722
0.0739427810506898 -0.125306907405516 0.200774542968946 -0.553751632569476
0.122780957909917 -0.150088582724073 0.185177526831287 -0.00445038638931349
0.0411707556780565 -0.270897110942169 0.443745542588666 -0.158968588616888
-0.185045575265643 -0.275561402441692 0.181690587451251 -0.310001063780776
-0.280842497743315 -0.0751285878857169 0.0973961330388321 -0.100835601004219
-0.211745062864087 0.0530103968984859 0.257429675982245 -0.0211014427896193
-0.135833082949791 0.119930955651422 0.415040839494158 -0.085337666518334
-0.105080389298012 0.124267288220998 0.44232139812254 -0.171100761999116
-0.0779897193982722 0.120568573124064 0.415087192348095 -0.141442244853005
-0.113239183430475 0.0959074064743033 0.368261099732572 -0.0210549100245315
-0.155009496978255 0.0400341132770154 0.270924964106467 0.125173904979464
-0.204536590125564 -0.0938793481845353 0.0445970916874897 0.182448350054704
-0.0576749071264088 -0.202860147878685 -0.115948248939205 0.0743414858494418
0.120393167367222 -0.131974118299551 -0.221517896409537 -0.12212229770055
0.094937470267264 -0.0950395087529838 0.0727609587467828 -0.303466660425675
0.178712003761777 -0.35186772332227 0.185830789517162 -0.439276400740313
0.133332364702367 -0.407260314776985 0.187291172891681 0.125960652635627
-0.0465979499454134 -0.451696892058813 0.520629489461052 -0.144496481903404
-0.288532681622669 -0.390740290642371 0.192184266244537 -0.386423640581014
-0.412162466102645 -0.178173933499352 0.00592558533818394 -0.146134260993961
-0.389348322930597 0.0109855372066628 0.141816726391809 -0.00359758050360503
-0.309186536109528 0.149232122292797 0.319061118810107 -0.0341687836141655
-0.252775346646099 0.161919083400596 0.368403080096632 -0.11252860397736
-0.20914131134636 0.165407940974603 0.35816514136957 -0.101268754829496
-0.251225597323773 0.108568718876313 0.344012418811458 0.00316019622534539
-0.262549009089709 0.0114406051925398 0.2759445467642 0.140961621060967
-0.29860633915699 -0.125263349799542 0.0476745165533854 0.202776920309252
-0.171465972356201 -0.275441759750105 -0.121226393736365 0.0874106907500741
0.0599285882213711 -0.308763795195111 -0.236648013810051 -0.0810089059397616
0.133465456137663 -0.330943721874604 -0.00015241437473079 -0.216511028666606
0.262010765827751 -0.505480196029881 0.126270864591173 -0.257284763398589
0.129646316881241 -0.581336330245351 0.194977127171994 0.266952943407678
-0.133663519147561 -0.544025385716543 0.556651002014306 -0.141598293969482
-0.349088641072467 -0.413174497722406 0.172705218817671 -0.452359213535227
-0.467946700855211 -0.229165835636113 -0.110180118039748 -0.199767247302184
-0.488024960419396 -0.024282607096797 -0.0127167868419539 9.5757263723781E-05
-0.425555351152496 0.153751094444571 0.168905887790171 0.0136392215749581
-0.364175619139182 0.175457082452641 0.239838511310886 -0.038221265252626
-0.32186914294656 0.193437915253106 0.257576796404817 -0.035360186636955
-0.382386502404925 0.117438269348435 0.284674488538314 0.0466744795996255
-0.376816501294168 -0.0136777099128803 0.255322296197221 0.162205791045024
-0.400147645816218 -0.153698129889277 0.0454433941640365 0.231659824812286
-0.291434573307263 -0.340225615673191 -0.130442223215717 0.119151267398157
-0.0250713776892857 -0.469723793214264 -0.24297136199005 -0.0260799040080204
0.150102625386084 -0.541349898654035 -0.065396312902647 -0.0818662214802343
0.291976253179902 -0.570092794460632 0.0404257801049392 -0.0489714869460192
0.0832456162143245 -0.624888801083319 0.208064816599949 0.377385872292173
-0.201038746661826 -0.500437013072253 0.525672626107556 -0.151518829370573
-0.330467659105998 -0.330823534064314 0.113729462201359 -0.472048246215254
-0.421936774460753 -0.219946978908719 -0.216866714160438 -0.227312744433282
-0.488623930151779 -0.045052631087401 -0.166717575371309 0.00381036896961823
-0.467262020564749 0.136578387340605 -0.00152353118178738 0.0576065065667928
-0.424480512109195 0.160296934433523 0.0766079931799256 0.0424703919531774
-0.400503540522226 0.189038657947647 0.119718264347637 0.0476413194968714
-0.47792715441082 0.100950127063042 0.178517981909753 0.108338557962915
-0.451377291037819 -0.0498783734256928 0.185300933585497 0.189020808957332
-0.455979405357977 -0.181384182960994 0.0156304834253302 0.258276159961645
-0.375359649963649 -0.379957259246518 -0.144360955170107 0.156707008004202
-0.100901086677981 -0.583128203742751 -0.237047914037623 0.0417646588045793
0.155996488320383 -0.688739783023995 -0.119108628624652 0.0889976827731957
0.256638098931324 -0.547786202635394 -0.0432859825340655 0.139283335813143
0.00126605468510689 -0.541640913831112 0.22356460255842 0.413942066091888
-0.223884240271219 -0.341325824657878 0.431691412706208 -0.160409679553258
-0.228894426040655 -0.18937034597759 0.0433181736735823 -0.426663706930404
-0.297819227779284 -0.178400020946792 -0.278300342426818 -0.214318231689343
-0.410280076552524 -0.0554198002821879 -0.280863657736277 0.0136277125540921
-0.437303554119774 0.099720618654499 -0.161237779118814 0.094795661894334
-0.423100388545777 0.120269705652525 -0.0973908836141411 0.118403796316042
-0.423460130523541 0.147003790621408 -0.0446095384885579 0.128679900433306
-0.497496059950751 0.0471308098520475 0.0306309450272455 0.163908896213143
-0.439963015197558 -0.103215805278655 0.0656623368327233 0.205476723160671
-0.417611978948873 -0.197157226332605 -0.0446886709189952 0.269481984354804
-0.387476415674521 -0.37028101232006 -0.167275306929801 0.186860228021731
-0.13803029416706 -0.620521544431987 -0.227279308175572 0.108179836450638
0.164552916012769 -0.730554865840496 -0.163348930633494 0.27017800033868
0.178348025655879 -0.453062395458013 -0.103681833373206 0.282333941914097
-0.0812754542551831 -0.379492445886898 0.230098031419654 0.379026212578205
-0.196086577794471 -0.149071977862107 0.309408521780015 -0.154907841329913
-0.0903098324887715 -0.0633172836297494 -0.00561664218908864 -0.336579743204047
-0.150459562099353 -0.138116711608691 -0.286526817730938 -0.181789014501993
-0.290571102199277 -0.0630501249680739 -0.345064652805034 0.0212768992216622
-0.351461585770188 0.050908777337905 -0.291794396015496 0.12334187212734
-0.357643262106665 0.0623626985129375 -0.257797459664731 0.179236300931779
-0.374356451390572 0.0714228282352913 -0.212730712492207 0.186892772767433
-0.41581357546563 -0.0297432889231767 -0.133571123088267 0.184685312888666
-0.318441534771185 -0.144011600430155 -0.0709258769534559 0.187287892847348
-0.279300643385722 -0.167532695569889 -0.11936070254709 0.25642580180748
-0.322282065566375 -0.298735644497259 -0.20652468341577 0.20426867922717
-0.127839858600303 -0.557221508153092 -0.229496795828035 0.147511836765116
0.165434751942875 -0.650303298895844 -0.205311821583023 0.426557598616996
0.0870333628553523 -0.305716075367509 -0.134358528886483 0.368833275499296
-0.131696086326488 -0.195316125659029 0.228110254316826 0.31335790311015
-0.130344036490378 0.00921517757679861 0.206814914825792 -0.129767442312814
0.0326139473104521 0.0141444575454332 -0.018789375172835 -0.247217557504654
-0.0259117211859874 -0.106443821187042 -0.265186744188884 -0.158332187004645
-0.161468904720836 -0.0720315389874269 -0.370794927200558 0.0197846128664785
-0.227429412794013 -0.00826242567600137 -0.381190759604794 0.139465247127989
-0.23664518396604 -0.00462637284767367 -0.380360911529568 0.213008018781025
-0.250123399366135 -0.0140559139458301 -0.353561202283999 0.204237534176835
-0.237617289236977 -0.0906321051215113 -0.270952047554089 0.157837237980495
-0.119958938643383 -0.12663939596419 -0.174776449286592 0.133835035766851
-0.100773381020808 -0.0633640339558111 -0.177174605139655 0.228760995426083
-0.227911715412634 -0.158898087874077 -0.262155104284073 0.206944250520881
-0.0995791964859412 -0.39166286862867 -0.248785568284448 0.13632807974341
0.138856807972798 -0.454655569322717 -0.240499753091106 0.522207311180699
-0.00450307740541534 0.132225670543666 0.134471306462269 -0.573744354477487
0.134040600304001 0.105829195064469 0.180929623904339 -0.10418282832188
0.11874841133074 -0.0767746467337803 0.339799332426244 -0.1916865308837
-0.0710524966185165 -0.113177484652931 0.137963102191357 -0.254033417705467
-0.0902670202375151 0.0444147717766883 0.138819229953604 -0.0993361241631869
0.0124598393157193 0.0716628668106121 0.29727411819068 -0.0791513056954704
0.064025019629218 0.0565775868589396 0.424712945948057 -0.15996089831393
0.0643668388355902 0.0623739547350034 0.430792051044307 -0.233011310490409
0.0640714881367861 0.0626976429792957 0.407997563343788 -0.184507539972105
0.027846816064607 0.0857439788782131 0.360830548328575 -0.0593532803977661
-0.0551660312577222 0.0797709673060442 0.269902869151397 0.0916260700649888
-0.129762474780778 -0.0461385833606136 0.0651940391391221 0.178092880204592
0.0240051289984262 -0.122899759120512 -0.117826431455048 0.0975935565834576
0.138747831367663 0.029738664159593 -0.219566614021413 -0.140456891065384
0.0305079990427604 0.130152977980254 0.118379294459254 -0.352022312824737
0.067427081786414 -0.128718615961872 0.164552143525644 -0.555597313939363
0.116721337112849 -0.157837141318391 0.190649471896077 -0.0167133341428993
0.0234994251944814 -0.270242248502308 0.429237399821755 -0.185064313847827
-0.200469594472614 -0.259331189610123 0.154900888073141 -0.314231314445122
-0.277885661540663 -0.0556322601594745 0.0908020980872973 -0.103784659190767
-0.204413119103511 0.0638442247931676 0.254855544738927 -0.0378624990842612
-0.126209266508239 0.124089143372743 0.407474878744134 -0.114807081810069
-0.0944041162924981 0.127765080073274 0.42529120670789 -0.199820265761807
-0.0694316826727871 0.122193405863435 0.400724667414998 -0.167243656596814
-0.103983794148932 0.100963299052488 0.363019203268067 -0.0455519157643885
-0.147781864106509 0.0480150186421437 0.276540055546109 0.105486027844999
-0.207374845835752 -0.0769459230208249 0.0579207199708345 0.179995315268198
-0.0689091836919249 -0.195134049970586 -0.113340593763332 0.083798990220685
0.111809491256969 -0.140527073789945 -0.225712886875359 -0.103374744332469
0.0880634355022091 -0.099617256654116 0.0557234727318469 -0.307477894083286
0.15728419816386 -0.357860299591527 0.156187215367399 -0.442086406878816
0.112724912972739 -0.411429693422971 0.200175670159552 0.11282565316865
-0.0721693509728869 -0.441413673715037 0.505198970299784 -0.176475087434905
-0.305460487356437 -0.367504759376451 0.161444159567172 -0.389888233171534
-0.416189478594058 -0.150565643861297 -0.00154884096236947 -0.142888308558202
-0.383201759702419 0.0331170190185286 0.143574747646546 -0.0133527481175894
-0.295631446748447 0.165729165774465 0.315144686891443 -0.0593292738296817
-0.239278357829868 0.174941157246936 0.355533054840144 -0.137194522485988
-0.196964617999889 0.175207967534987 0.346504685134061 -0.123471630454961
-0.241101912307406 0.12287601986832 0.341619906628151 -0.0207437506754497
-0.25704240994846 0.0257354982741786 0.283237950170736 0.119559654811995
-0.302416589452177 -0.103244300474971 0.0637015770151706 0.20104964575983
-0.18336715900131 -0.25881546940166 -0.11821055156071 0.0978065293055527
0.0426056592289619 -0.309295645465093 -0.239494874740012 -0.0634445807490411
0.11297484870361 -0.332667631418579 -0.0096509610281535 -0.216729948580828
0.229267677558917 -0.512630710253895 0.107981821364796 -0.257637352577436
0.0976260240565207 -0.580624279013531 0.214912023075443 0.253029273407317
-0.160415094369656 -0.525509390578043 0.540694120578432 -0.175180920598296
-0.365869457838454 -0.38778096235006 0.136532770236383 -0.453401806615096
-0.472305214071422 -0.199644563949122 -0.117871907733357 -0.190197817606911
-0.483931833897313 0.00463913688344466 -0.00948008442843951 -0.000419400539160522
-0.412263249948508 0.178154270220869 0.169696937819577 -0.00302511763677604
-0.350695406430039 0.195953244525883 0.233833576374542 -0.0554176982881594
-0.307221882216738 0.209158975963222 0.251539774050612 -0.0538797495647392
-0.370587934657051 0.141041948746016 0.287278553871504 0.0260841579962249
-0.373013633607076 0.0075503466748368 0.264260449635508 0.141552584301236
-0.403979919549869 -0.126697121591291 0.0636126665593262 0.230255165079628
-0.305790173084993 -0.315587043913682 -0.126288145502074 0.13009608106894
-0.0502177941774501 -0.461999785672081 -0.244946026533682 -0.00996271521273916
0.115445795182914 -0.538866561078099 -0.0656199089783251 -0.0809241767964315
0.25058998261785 -0.575551172956974 0.0351250411447104 -0.0484433590815608
0.0471938187374186 -0.618720156521999 0.233991200950801 0.359513804018965
-0.22423248662409 -0.476120376693801 0.509183387131621 -0.182172921750879
-0.341615046860347 -0.30867812804182 0.0789032754462942 -0.470370173514235
-0.429290273050806 -0.193404582392925 -0.224486720026727 -0.211088918547358
-0.486425316297252 -0.0147767828619407 -0.160968022459994 0.012837384215627
-0.45376465125017 0.166036354065393 0.0036799241121332 0.0511261962140069
-0.411150951869097 0.18631366113911 0.0771189687988546 0.0346657282199273
-0.386167792950772 0.210158925164673 0.120420053292441 0.0365310922424805
-0.466202345088672 0.131332013222766 0.185837811463334 0.0932440127234331
-0.451078948225171 -0.0230129910071976 0.195346504974769 0.17338007395629
-0.462684117171563 -0.152536136530886 0.0368204018013677 0.259017992148871
-0.390448798875584 -0.350314721554801 -0.138070659981851 0.167513661335314
-0.131959485067911 -0.568005132874629 -0.235959335903033 0.0559869348300373
0.112395159460349 -0.683411298111931 -0.108097197179441 0.0902330950011755
0.216507060800849 -0.551838355041537 -0.036125914429605 0.14205765233473
-0.0278910326506161 -0.52951532698311 0.249301300817269 0.393648087239638
-0.237352941947893 -0.317622261237486 0.413937140874443 -0.184854914634367
-0.233724964562243 -0.175176021039824 0.0126186576498619 -0.421328992984418
-0.305083577058402 -0.160779838544327 -0.285212158331472 -0.194780317352694
-0.409666102717288 -0.028127457620036 -0.274067026221745 0.0290843714801467
-0.426382892039762 0.129251603991242 -0.15319639935589 0.0985366014655054
-0.412313677122345 0.147913173403419 -0.0902411946766705 0.120888212935158
-0.410957709700278 0.171547221037037 -0.0365973624369695 0.128064105132793
-0.491307084516917 0.0795291670463617 0.0425782343580536 0.157539545014813
-0.443325381228567 -0.0783008764486884 0.0775456093667937 0.19704494316995
-0.425149733968579 -0.173526729570894 -0.0232234690975724 0.273449383990994
-0.399405087227488 -0.342117401255277 -0.158742512557319 0.198287433586552
-0.16911576641976 -0.601447688089775 -0.223472672206564 0.119560494621552
0.118093761275683 -0.726644885661986 -0.142154762618405 0.271942314268351
0.144798397851446 -0.455307951197219 -0.0865917307805431 0.285889863038543
-0.101759888610432 -0.364110934649961 0.252221729408568 0.359579318637178
-0.198237902570793 -0.129292305798332 0.292751481635979 -0.17146978255307
-0.0900071892560257 -0.0595296519513198 -0.0311782732925823 -0.330744725084685
-0.15978711692652 -0.129707472530772 -0.293116364549359 -0.161981699367042
-0.29293582121195 -0.0420660741556619 -0.336837941015653 0.0412228853119486
-0.344249031272002 0.0771854693085765 -0.279880286002161 0.136788424630801
-0.352722639806625 0.0877147814342575 -0.244477741787568 0.192517341476046
-0.367240776695009 0.0946799011994161 -0.198812317974354 0.196534210673051
-0.415044732324076 -0.00055280677806496 -0.118595760017788 0.188913884298501
-0.326041557972597 -0.125646819342008 -0.0596559778539736 0.188343790318948
-0.285570823157832 -0.153236834432591 -0.0988322785836102 0.263902752488045
-0.332630835174729 -0.274878616025716 -0.195260417942328 0.216060275319266
-0.15632211003476 -0.540055390963444 -0.2241457902875 0.158992601178687
0.122684249291018 -0.648994728715077 -0.175027759288332 0.428693067535281
0.0636079487066978 -0.305041398288491 -0.110628196454431 0.372893937495586
-0.139881869517118 -0.181022603235368 0.244436079113218 0.294503805188502
-0.123229514755562 0.0199335907677829 0.193118976601207 -0.140566012863596
0.0342103530632519 0.00867287287217725 -0.0362228907014999 -0.243358924350857
-0.0356808359358862 -0.104903919695512 -0.272192847761565 -0.139119836528559
-0.165667681281073 -0.0575550444271328 -0.362834428922458 0.043076858784861
-0.225959138325329 0.0120465584649847 -0.368673501755997 0.162033333177035
-0.237358628547175 0.0139394835863563 -0.363066422064237 0.234584426215754
-0.249622033841846 0.00304733799423419 -0.336992459221226 0.223484860158437
-0.243216823998611 -0.072375031517662 -0.257724627911266 0.171995759592865
-0.12896742444097 -0.120508212271933 -0.166853102807958 0.142173825936983
-0.101865160684839 -0.0611055137571671 -0.157898014013048 0.237864244773308
-0.232464965357761 -0.141488839713205 -0.24669277180545 0.221700773537505
-0.120208093138619 -0.378296865686734 -0.245345525441028 0.149927844385082
0.107400563217938 -0.455232273825602 -0.203269051380758 0.525461412981092
0.00228126881624472 0.125707485110926 0.10734803131172 -0.555667780325449
0.135383907788625 0.0936389067883623 0.176899429994955 -0.108580251758668
0.108607417007912 -0.0796221137843671 0.321045428750151 -0.201986489415981
-0.0749222825571182 -0.102525989221805 0.118369000015307 -0.248116868926876
-0.0818373634306126 0.0490660395355478 0.128281055614784 -0.0981338578238462
0.0166175154102672 0.0674156846050955 0.285277329699979 -0.0882968360150611
0.064783511055159 0.050218445771154 0.404948183072051 -0.174964477450617
0.067907307845433 0.0552887153759018 0.406956329411761 -0.24458508979791
0.0654194871617044 0.0565981602126676 0.385641966409679 -0.196235762851533
0.031699922982223 0.0796307160337508 0.34658664174448 -0.0728522735724011
-0.0470244673772023 0.0786062200842516 0.264815239100247 0.0769549035977992
-0.127176540216781 -0.0360569943528263 0.0720258246540763 0.170961316053142
0.0175180873645355 -0.118629109765718 -0.111126267149639 0.101786135793318
0.134381016648655 0.0192745884342233 -0.215877337681848 -0.122810032480967
0.0353313705055279 0.121915130070177 0.100805759265301 -0.348591300771526
0.0620161117224022 -0.127138849370807 0.138347591730611 -0.538390182214986
0.110141114726364 -0.159526385160809 0.190132945606805 -0.0237657036254786
0.0116045333113185 -0.261413854506751 0.408322973286739 -0.198774433749108
-0.204794410371752 -0.240194134390387 0.132959089173925 -0.304874394929021
-0.267506570535296 -0.041605836075858 0.083196045484051 -0.101247226117932
-0.194570624333711 0.068480613719819 0.247338505283676 -0.0461331615029881
-0.11613687520466 0.122910431333277 0.39014218768703 -0.132125490354676
-0.0836121350150327 0.124926979027667 0.403120894976742 -0.212109533988268
-0.0615896732164812 0.118621533555467 0.379497446459332 -0.179476013090525
-0.0958809698892045 0.100310657480264 0.350063444632936 -0.0597101739750125
-0.139147099827619 0.0509512645513623 0.27254043792425 0.0890088850609452
-0.202560373982011 -0.0637649097545646 0.0663563788740547 0.173914638837322
-0.0732081807060644 -0.182601872504303 -0.108160388703989 0.0888628372589621
0.102748054355287 -0.143068803461642 -0.221410464889006 -0.0873308385695449
0.0824991470756737 -0.098795340330651 0.0440381661989369 -0.30286337701268
0.137686393894418 -0.35016335944157 0.133362215616572 -0.429365867531973
0.0976310206096295 -0.403483110853172 0.204821692820386 0.100920302456361
-0.0842273376460506 -0.420879034261085 0.482103022168521 -0.192271533889458
-0.307488895785389 -0.343217659761166 0.135621837690736 -0.378024229502242
-0.404955664027471 -0.129876109379667 -0.00488567680770955 -0.13712288495156
-0.368935321594041 0.0465460070166618 0.140176865851508 -0.0191973967850102
-0.278827557890547 0.17023618832333 0.302405815327401 -0.0750915183521348
-0.22343487810203 0.177695725944549 0.338111948902641 -0.149530294522839
-0.182675056687121 0.174789029132224 0.329472029866356 -0.136314535594572
-0.227021154148038 0.127976825492799 0.330885337238227 -0.0355681278532612
-0.24712460551582 0.0337314990221474 0.280473681296609 0.101783501971609
-0.295966785431555 -0.0855996321388734 0.0738099343904399 0.194393913136308
-0.185274391619074 -0.240362173895833 -0.113816455050661 0.103696441827261
0.0303949945573029 -0.30114747506169 -0.234043164383471 -0.0495105452921061
0.0965729226674011 -0.323125418424926 -0.0147551019632996 -0.213359136575162
0.200906454854497 -0.501764692869826 0.0934746341991808 -0.2505107336425
0.076156671262591 -0.565611779634576 0.223602822862407 0.236260192477831
-0.1716715998131 -0.497334480854812 0.515063626136548 -0.192171932387427
-0.364468801107461 -0.362334717770226 0.109645156898044 -0.439289973692826
-0.463835092095007 -0.175882442707385 -0.119081376440005 -0.17912092038001
-0.468291174599837 0.0243068819470383 -0.00634645351081133 -0.00180113771293412
-0.390176057199706 0.189384604665157 0.1646444016376 -0.0155575910468242
-0.331186183318268 0.203374943059126 0.222796304846327 -0.0657154011525157
-0.288308781753288 0.212624466824834 0.239888831688796 -0.0639637600432865
-0.352903851193455 0.15209164953813 0.280120111569915 0.0106433974727183
-0.361200102352 0.0206733566293353 0.26247637148306 0.122931931053827
-0.394930224110371 -0.107167559947416 0.0753095573717231 0.22292033662164
-0.303959309614258 -0.290452110117223 -0.120830615592738 0.135446038805414
-0.0635425392559758 -0.444826735735915 -0.238645644234865 0.00187434869028344
0.0901190824786183 -0.522458132874185 -0.0633515546956239 -0.0796791326280639
0.219024099622957 -0.561078081449633 0.0303842667380938 -0.0457517160693293
0.0243620796290344 -0.59712509847207 0.245084740212565 0.339148663233149
-0.229862832069732 -0.445610352737869 0.483757065295914 -0.196727370874212
-0.338386402886353 -0.287324061558727 0.053127055727001 -0.454700446692828
-0.422014203159665 -0.172706776477472 -0.223320370412991 -0.196072635849545
-0.47274993043134 0.00554216401081732 -0.153156855471403 0.0164951542744983
-0.431926656108723 0.180678314959974 0.0061288434722682 0.0440628434975369
-0.391168255939267 0.199135331544053 0.0756043992041367 0.0284824500141495
-0.366047890157235 0.21729425636502 0.117348820294772 0.029412551659664
-0.44596399094068 0.146646151853269 0.18554022172396 0.079913352736309
-0.439302480572358 -0.00622869499269364 0.196549325142697 0.157822147093309
-0.454201561115058 -0.131589203985684 0.0504993475653523 0.252609610322705
-0.386709208168802 -0.320749628761213 -0.130454963437905 0.172107086935817
-0.146377139446793 -0.544529445497084 -0.230122069985815 0.0640993024918874
0.0807909261673497 -0.659064460390046 -0.09763323185238 0.0866199976537383
0.185568464348121 -0.536845343841651 -0.0308551697837809 0.139701218986255
-0.0446296062356141 -0.506076420221042 0.260518285360729 0.371696260793364
-0.235767093767695 -0.291576245732953 0.391807115977992 -0.19552309290458
-0.228405454839488 -0.16193736450459 -0.00873062932662842 -0.405645075359444
-0.302944866566715 -0.14589869064394 -0.281586052755817 -0.177278053628937
-0.399162563803659 -0.0091670633724169 -0.260420072402186 0.0368702378275567
-0.407296652694616 0.146264868059839 -0.143394965058278 0.096820751401836
-0.395318008341024 0.162873020210624 -0.0828032289461089 0.11909513416279
-0.391320658091417 0.180582683072911 -0.0305397906901213 0.123439021200261
-0.471602056180036 0.0992603990569296 0.0494076785406552 0.14779518675408
-0.434563452119653 -0.060096442257803 0.0822042082682699 0.186420691028982
-0.417869766677852 -0.154111607296805 -0.00683726561613743 0.268514359724913
-0.393409701059438 -0.313804045034807 -0.149660270237535 0.201879631950212
-0.183189487207974 -0.573119850579943 -0.216340686039252 0.124868765137759
0.0861100801688492 -0.702900048083135 -0.124531380622804 0.262949298936687
0.11728827549973 -0.441192245323764 -0.0730929662763027 0.280119441360602
-0.109592334274175 -0.344399122082923 0.260631460890638 0.336207456217812
-0.189657715483527 -0.111635159565728 0.273716305735437 -0.176549976872916
-0.0870816622013063 -0.0572261123353069 -0.0464884519054755 -0.315818047592649
-0.161669148087895 -0.120796521370877 -0.28861521742438 -0.145001175366342
-0.286281798687625 -0.0262922739197346 -0.321674647071673 0.051862696262838
-0.32980364223837 0.0941195329605796 -0.265540196027492 0.141283724537056
-0.339647500720883 0.103142997490418 -0.229528840574533 0.195051478508248
-0.353090613545176 0.107717518752526 -0.184636926532466 0.196816465652883
-0.402953475391223 0.0195965877095607 -0.106571004053686 0.185668632896566
-0.323983473698933 -0.110379633090874 -0.0513229073799961 0.183689325572578
-0.281676396418542 -0.142311557590351 -0.0806235546389798 0.261093310847091
-0.326930327810194 -0.250457127828525 -0.182640829004621 0.21811073783043
-0.167097898361319 -0.515486120649847 -0.216891165850047 0.163197745129268
0.0910637845563727 -0.626735901080954 -0.150355314493283 0.416087435372599
0.0455057173499303 -0.293485233240595 -0.0913287333803895 0.364916011260671
-0.139958186045944 -0.166177604478987 0.250024177806004 0.273439225243441
-0.113107029568285 0.0265478376246698 0.179057108265685 -0.143283020765263
0.0341159800637789 0.00384186752228929 -0.0480140574661435 -0.232727250891434
-0.0421372937315103 -0.102370631067835 -0.268675060945094 -0.122773293853202
-0.163767764615283 -0.0464843264508452 -0.348470983189461 0.0561725770945306
-0.218468794243906 0.0262083899414598 -0.349631200731443 0.17032962030115
-0.231375106753751 0.0278822092390211 -0.342487973302658 0.242087488631956
-0.243338383939241 0.0156020733384979 -0.31612108060229 0.229648589155646
-0.240102185053044 -0.0573568622953087 -0.241934869515948 0.176236356724484
-0.132507615839228 -0.113616343680281 -0.157851128615715 0.144729562764249
-0.0996803344098721 -0.0599552907680796 -0.139342985566672 0.236100991258849
-0.225990331899172 -0.12429817404778 -0.229872190566846 0.224030387294991
-0.12920410915889 -0.359231325802173 -0.236868469013522 0.155691612478663
0.0826735901780358 -0.441232814494068 -0.175393189469469 0.510191065347881
-0.0108866788128459 0.124673067943077 0.137560875006651 -0.526416515681554
0.126854518479145 0.0945554488032192 0.18334303574902 -0.103237580523715
0.10510221807812 -0.0756573999258594 0.312975497489032 -0.185537091698207
-0.0712448793928759 -0.0977476038702907 0.11438207721572 -0.229587799235573
-0.0791910447499007 0.0443261197475016 0.124161026410361 -0.080796131711638
0.0140078519391078 0.062759944541801 0.278584210128006 -0.0731224521678022
0.0648597482319577 0.0471901043518404 0.398521506667043 -0.160465075915812
0.0680596239551328 0.0549777109213493 0.398540541331636 -0.227329074438395
0.0665180272156241 0.0545638465377308 0.376967597694945 -0.179944917727535
0.0325204700775818 0.0763888358223373 0.334456185428497 -0.0617567367513202
-0.0445688628277529 0.0748023352742898 0.250352103768865 0.0811053168536715
-0.119263454142124 -0.0336196503845062 0.0625445915277311 0.162433452462413
0.0180259437225469 -0.113286527592374 -0.107190109659967 0.0940789775184888
0.127375801682767 0.0166489493623834 -0.200616208841494 -0.119538812637904
0.0321231312212681 0.113950240309437 0.11193195158774 -0.330354475805962
0.063796979693187 -0.119041703743664 0.155784273826751 -0.515295176805315
0.118534857835327 -0.153601258374059 0.18630963866069 -0.0180952493467839
0.0231310358361222 -0.257771725690581 0.389177558770696 -0.174136391988035
-0.187494640033049 -0.238716302872027 0.121209483814437 -0.283412296043671
-0.254432711170424 -0.0530340218567977 0.0746773649210327 -0.0818879280987866
-0.191088351154933 0.0551213281397145 0.238137156434332 -0.0302879406481811
-0.114644436397741 0.111067443506376 0.381947115434478 -0.115120711338489
-0.0861633275400188 0.118102887280129 0.393023679428381 -0.196553438971587
-0.0611167263867608 0.111108537359913 0.368700010415717 -0.16568230621312
-0.0934761589640651 0.0931553298230273 0.336741930087109 -0.0532065132841584
-0.135062939993187 0.0443663353068793 0.257205670147089 0.0876546095724525
-0.19050296302636 -0.0631103339470657 0.0557801950020521 0.163335834000326
-0.0658683645841874 -0.177792418162129 -0.104600059492605 0.0797868258383471
0.101098424764972 -0.140124019600699 -0.203721261593245 -0.0874146475127678
0.0814196711083047 -0.0971380205950587 0.0621980299420854 -0.289429812234771
0.154261896991144 -0.332999544802345 0.138461588557187 -0.414977937638416
0.121126657257788 -0.390552087636131 0.188275565539317 0.105105714609308
-0.058658493522942 -0.41954669219171 0.45299844714617 -0.162059308692821
-0.28048639955494 -0.343002727758061 0.121055986469366 -0.353545279594024
-0.382932118333658 -0.145608428359239 -0.0149967684966801 -0.117954340832154
-0.360625142382157 0.0273518591375073 0.132389086885698 -0.00489475882736157
-0.275691515532688 0.151104842728882 0.293845334514753 -0.0599039621464014
-0.227212664459106 0.164513573099583 0.326908470999148 -0.136889141544891
-0.182864878879244 0.162500702652398 0.318894999133279 -0.126261846245113
-0.22422726109325 0.117537411900275 0.317481950162055 -0.0312088265889311
-0.242272572688098 0.0235332547517036 0.263833038712724 0.0973261776110144
-0.279210298324417 -0.0886104918522756 0.0601875601707226 0.179868228849792
-0.171543456384532 -0.237535715356355 -0.111892517851165 0.0902253024070373
0.036896517325072 -0.294955394817226 -0.214426685731777 -0.0550298532829108
0.0996714252849047 -0.311418791082154 0.00840266292885683 -0.207742560491416
0.226269667419982 -0.476571289514244 0.0845676873923495 -0.248608581700979
0.110243502515167 -0.547487030902905 0.195946693266256 0.23784325986089
-0.138072963440394 -0.497184318977519 0.481401887846648 -0.15748986747172
-0.332805860840994 -0.365023876744322 0.0974142612101941 -0.413262417440807
-0.438695897752807 -0.19200429044484 -0.125226377743753 -0.162312452358209
-0.454968664100384 0.00297344148249167 -0.0106418640834111 0.00778070812035383
-0.385084381869393 0.166180330840235 0.156446435580811 -0.00349453591326498
-0.335939298275409 0.1868361176191 0.213158792745942 -0.0577953750077701
-0.289248942488051 0.196623769742768 0.229892803163801 -0.0599324661875691
-0.348703829998285 0.138582323997895 0.266338096237574 0.00976957422167829
-0.355363950839771 0.00635859400281641 0.244935798349889 0.114658420399245
-0.375051354505857 -0.112917425446939 0.05888221314067 0.204532523689525
-0.284934091845301 -0.292076198947237 -0.121097900009731 0.11698814713649
-0.0501538973901902 -0.434624008765044 -0.218999617157414 -0.0103009702955127
0.0980410738518237 -0.501259520484786 -0.0387484751943073 -0.0849923953981193
0.249736754613384 -0.535369103007209 0.0108390047153436 -0.056521307668342
0.0636911410087184 -0.582986793027964 0.209920634395632 0.339448956553265
-0.196579663912358 -0.448914920900964 0.453301161844123 -0.160023475689104
-0.310259586198899 -0.292944436874899 0.0476227063670226 -0.428339992668582
-0.39824380367841 -0.187318346984374 -0.223215752344804 -0.183518873878568
-0.459535486397664 -0.0138539121005426 -0.151480306327537 0.0197993134609957
-0.426472746132728 0.157421573423235 0.000431121587447765 0.0490884082955044
-0.39578261218401 0.180720911959863 0.0676888954429681 0.0292982878722941
-0.366895871098913 0.200167581392889 0.108126690191585 0.026160233704351
-0.441850415583079 0.133098636426998 0.172115800213987 0.0729093480069932
-0.434060025743417 -0.0230201165100112 0.180327874208011 0.143065935342237
-0.431029276407033 -0.139464431752952 0.0333427726387134 0.228824205481541
-0.362950989756268 -0.325123398718324 -0.13297493122085 0.148317830613882
-0.125754652875121 -0.531830092325725 -0.212384418784239 0.0463926071575035
0.0918980226591653 -0.632237556064273 -0.0770435969150746 0.0711223746128899
0.215411403296544 -0.511788075531085 -0.0573877156609336 0.120486528382094
-0.00998101943913178 -0.497872401491565 0.224584515279426 0.371849379142093
-0.209941407735373 -0.296655418211347 0.369848833020492 -0.161307889172446
-0.210636334205684 -0.168267028933318 -0.0073973972605374 -0.384682247603599
-0.285618962951627 -0.154276004045588 -0.276611542896737 -0.172122115353387
-0.386259478830603 -0.023369415781635 -0.255140909605912 0.0338910641278006
-0.401853493662945 0.127803423826322 -0.14593393882854 0.0956852799650386
-0.399167573847227 0.146165911236006 -0.0876719760195514 0.113867600566975
-0.393182488682135 0.165875934426775 -0.0370368099341045 0.113268051503087
-0.467900093584583 0.0866096990938015 0.0393517198283431 0.134579933384623
-0.42800889310703 -0.0741910378096142 0.0705075294441284 0.167102662025485
-0.396423334257964 -0.161781702662441 -0.0219044300297073 0.242137157161176
-0.369841974251506 -0.317411785436403 -0.153063479111481 0.174654915387359
-0.158966733417886 -0.560879104785937 -0.203039121037291 0.103574581152371
0.096601624227083 -0.671978024781198 -0.110683067581861 0.237701586822753
0.143906799811296 -0.42328505213646 -0.101477707450883 0.257658537546126
-0.0836628596386989 -0.342028400719911 0.229317742095872 0.340046667758864
-0.176015601642982 -0.118772858757115 0.263556426632686 -0.149122979758992
-0.0808974493364595 -0.0603444785259175 -0.0393430651215806 -0.3037435683026
-0.152410655738727 -0.123063283809386 -0.280194040433267 -0.145250758894339
-0.276361665779425 -0.0335214616176919 -0.312635215907724 0.0439704533221835
-0.326305614741808 0.0820196482262587 -0.265157227742249 0.133816870699831
-0.342683093158192 0.0903093917561274 -0.230115092957868 0.183807477883075
-0.354407310366969 0.0969926847070217 -0.186026666822891 0.181476358339616
-0.398159523254743 0.0111647969990644 -0.111107628289977 0.168862557108868
-0.317931499964334 -0.120297772081743 -0.0564217657788899 0.163555318853534
-0.267196625137203 -0.145800240384018 -0.0879798225406802 0.236250792815481
-0.308143411833437 -0.252743532074845 -0.185183465816678 0.190487872492947
-0.147662647391441 -0.50322140381157 -0.207662675620826 0.14120138296826
0.0990171458485743 -0.599412405263245 -0.146853416991074 0.384223123903267
0.0637849364890247 -0.284269771656335 -0.11737600982791 0.343352322781886
-0.1244531763266 -0.170511003971889 0.226107502866523 0.277617667547015
-0.109193674647891 0.0198283702663468 0.176917296671133 -0.123862029752119
0.0312508347729799 0.00314852721079156 -0.0390558700717539 -0.227566836020131
-0.0381821133522857 -0.0980608184641558 -0.259173036814176 -0.127142594650962
-0.156657079889479 -0.0469139796952798 -0.337422747220521 0.0442618234145926
-0.216020235407992 0.0218497861291976 -0.3463016389834 0.158808040299974
-0.232973542767479 0.0219394182560621 -0.337667496836753 0.226854979481686
-0.245107186847061 0.0110742488666127 -0.312141624473268 0.211733479929007
-0.238536051780076 -0.0596913544715192 -0.239593810692601 0.15913637232561
-0.129933344885081 -0.116900167642648 -0.155190729179786 0.128852084785204
-0.0943621654124404 -0.0607689339262344 -0.140281479211118 0.21642921608537
-0.216158475153141 -0.124714458352882 -0.23058504921121 0.19727034242027
-0.115881981834733 -0.350720468330197 -0.23162513186594 0.135825108594527
0.0871187642371741 -0.420350101649193 -0.181524270074673 0.475702366484477
-0.0106249120235412 0.122310037581609 0.141448079658858 -0.515006809303464
0.126694047836547 0.0909628775548995 0.18855941223914 -0.101880131491967
0.102229388918174 -0.0742018433096849 0.311853778892454 -0.183885214856342
-0.0712944158539105 -0.0939430557575675 0.111603316221133 -0.222393373003064
-0.0758287801587578 0.0450431734961906 0.122840944847138 -0.0735239300939675
0.0146531733008315 0.0614170730104763 0.277634522199492 -0.0688086818689602
0.0648091127285429 0.0452883997578624 0.395329185831201 -0.159671427287672
0.0698603815773813 0.052186300540025 0.396999412510731 -0.2243114776008
0.0664885917788591 0.0531423757152463 0.37448224495068 -0.176212141081201
0.0327746464523782 0.0742103598867036 0.332394358936019 -0.0600058298102868
-0.0427399766750592 0.0727826530651047 0.247586439707216 0.0813368165935218
-0.117810452313629 -0.031182338814226 0.0634648387574055 0.162225431428292
0.0176485357416001 -0.111530334969463 -0.106510973227784 0.0957453823074649
0.125676306294049 0.0141033446098399 -0.196310660068367 -0.115973987153529
0.0318638498155306 0.111370431971089 0.11306636953179 -0.32949343175227
0.0656875480104298 -0.117172395783253 0.159831572986153 -0.503866713286039
0.122168586890729 -0.154385656312657 0.191765989928088 -0.0165388783595619
0.0252859653124089 -0.255472012996355 0.388500528001137 -0.172192362747933
-0.183945649557439 -0.235917289223394 0.118613749015992 -0.274759536055457
-0.248846695629934 -0.053981504180069 0.0747199973191694 -0.0769256555151263
-0.188898551198876 0.0526785067107342 0.238017737988411 -0.0271216430151824
-0.11445472305546 0.107729319427808 0.378892220942337 -0.114784031820023
-0.0843877610621295 0.114252889416396 0.390642516970858 -0.194323315926466
-0.0606824751499242 0.10781463552485 0.366631930094707 -0.162507571979436
-0.0923682084076763 0.0904626631055205 0.335367842919585 -0.0510784659629883
-0.132856423166526 0.0414757802762022 0.255892220045752 0.0887509877465346
-0.187478014484883 -0.0608589783026089 0.0574134052745399 0.163550153818003
-0.0632423831528426 -0.17550844631563 -0.105637154036163 0.0816648791527078
0.101473692237396 -0.139566424352334 -0.199844957887149 -0.0841696496345719
0.0829637000578569 -0.0952282258186863 0.0650711614843998 -0.289495951548711
0.156563168196674 -0.326769179031434 0.139715425363384 -0.405632120690532
0.128396346266747 -0.387578068388478 0.193416994367013 0.105245256111897
-0.052554037083069 -0.416115458053742 0.451136511626678 -0.1597962489628
-0.273798835912612 -0.343701463312142 0.118921529399752 -0.34516516798875
-0.376574733236006 -0.148737974754463 -0.0129574787195097 -0.114372380234284
-0.357057445218863 0.0231061144145697 0.133324092485463 -0.00368940286612185
-0.274378286336749 0.146057767674585 0.291753353702952 -0.0614148626968916
-0.225453267427244 0.160574388839988 0.326044426043306 -0.136178772626015
-0.182460122100047 0.157869132498983 0.316296838428851 -0.124070833773886
-0.22273338863387 0.114639188395085 0.316349657530559 -0.0311644868881474
-0.240086198205932 0.0199430041282465 0.262483422536153 0.0967252411505872
-0.275147998163156 -0.0882797052957095 0.0630888031446769 0.180683158960133
-0.165647577321861 -0.235538780971221 -0.113232229452738 0.0931416561657982
0.0402822627290779 -0.292697889260382 -0.211745581345584 -0.0533987505554532
0.102405902516125 -0.305010936145245 0.0113868585051351 -0.20931504470516
0.229412985977653 -0.467280350616069 0.083773232104375 -0.241931755473251
0.119210496437922 -0.54307867899807 0.198603602390158 0.236448226942351
-0.127820070921336 -0.490943922566967 0.479904522093938 -0.154971329312836
-0.324702075946497 -0.367679011622703 0.0947492175700508 -0.405912405065803
-0.43250638628832 -0.196029939414584 -0.121214278712686 -0.16010600067188
-0.45241591489485 -0.00102718653748723 -0.007997698831673 0.00697553138425738
-0.384112104028463 0.160651075609142 0.155611402100302 -0.00687663014386106
-0.335034600211457 0.183609924606228 0.212741111212966 -0.0587848258457352
-0.289700452479259 0.191906186026065 0.227540250884967 -0.0590391105569172
-0.347793962543429 0.134195770413411 0.265472512200678 0.00971371883374695
-0.353833281194821 0.0024796272600145 0.24420845963624 0.114130298617989
-0.371366104479563 -0.114360850283683 0.0617299950393088 0.205143703716079
-0.275624229016128 -0.290268169465525 -0.122759275942624 0.121093781023228
-0.0423834755846743 -0.431859785965313 -0.218561691543734 -0.0101285106430187
0.103251476534842 -0.491977474312679 -0.0358068258369211 -0.0886278498710035
0.251277560025247 -0.523282181512509 0.00887734882422526 -0.0538266261989876
0.0720067608601912 -0.575529005593495 0.210512795073139 0.336494999416808
-0.185061082011729 -0.441828905692452 0.450492124307214 -0.156886794274139
-0.301250570193822 -0.295082593941026 0.0462697470896193 -0.420930338190515
-0.394742125839804 -0.19146547577402 -0.217981107515916 -0.183866742350957
-0.455153666199266 -0.0162206565373783 -0.148529897115871 0.0169060294934266
-0.423932855574999 0.15403103935807 8.99785086561417E-05 0.0441907303285672
-0.395348689953438 0.177380817147525 0.0676607382178449 0.0273848728852402
-0.365888303232001 0.196218133787174 0.10609827660691 0.0252155303743512
-0.441000734377033 0.128875691387321 0.172042183534134 0.0708835026867135
-0.432486254428841 -0.028446090632537 0.179479270371312 0.14206083281958
-0.426427355603757 -0.142967061276642 0.0362676609469133 0.229736092595326
-0.352716024209394 -0.324438172168855 -0.136297433456064 0.152278786709276
-0.11547901810946 -0.528139349169709 -0.214753231584042 0.0456239088374553
0.0987133058753593 -0.621143800668213 -0.0750857709015252 0.0646197057292749
0.216044422641354 -0.501605479167058 -0.0605441301552186 0.119796557241824
-0.00382240554743643 -0.489766580192427 0.224180215621822 0.368908323819021
-0.199523560942091 -0.29031091488074 0.36827772239749 -0.158221758119513
-0.204420429483161 -0.170868204472554 -0.00724965427303896 -0.379045656492344
-0.283461160543276 -0.158382724876919 -0.270994422732774 -0.173007023739429
-0.384407285996862 -0.0249226055281839 -0.251258867950481 0.029817953737863
-0.399363379904185 0.126581011238613 -0.145124179922636 0.0898559119766293
-0.399509861746318 0.146140390376527 -0.0864248728474532 0.110313721616062
-0.393624429682687 0.162490252459254 -0.0381941215750965 0.11083778644796
-0.465679671963924 0.0837905152798731 0.0389867943515636 0.131812730097871
-0.42679626105579 -0.0790360408579112 0.069218552443163 0.165707260852003
-0.392924900192704 -0.166455471102987 -0.0179282152157963 0.241291236193341
-0.359945136188733 -0.317549550810476 -0.155874000769365 0.176772254667516
-0.148087456347738 -0.557004069198119 -0.20671019593025 0.101815731939347
0.10193363881444 -0.659718298643549 -0.110205897152578 0.229219485454145
0.143145240763143 -0.413667292809463 -0.10440268823077 0.253336460923874
-0.0781502107358859 -0.336290638688829 0.22759695280647 0.336522377633595
-0.168034932028431 -0.115496293969493 0.262737399847181 -0.146828012717569
-0.0772511752184965 -0.0636895414620116 -0.0396467465903657 -0.299589367798599
-0.152090885123398 -0.125078111840635 -0.276084335013006 -0.145831728537746
-0.275183215327936 -0.0330977722608812 -0.308827512747932 0.0396828326116249
-0.32301552805343 0.0828626566955409 -0.262816246458083 0.128024857542319
-0.342747325341556 0.092557865205863 -0.227724742154552 0.180601914881426
-0.354618473877507 0.0949435800590047 -0.185961408310508 0.177697105493387
-0.396879723096296 0.0100486354348286 -0.111214743225283 0.164996378123758
-0.31711734168551 -0.124371650940502 -0.0570963113313308 0.162280816902813
-0.262692843101902 -0.150895167861702 -0.0849574602567741 0.233474533916256
-0.298724773698065 -0.25192593137795 -0.187369811137167 0.190524082481442
-0.138833910671606 -0.497731242543626 -0.212002859843708 0.139088040787456
0.10311435118108 -0.589085587132586 -0.147411742889353 0.372597550369036
0.0628063713276332 -0.277946335899977 -0.120310856390966 0.338916968537566
-0.120058693730043 -0.166995453032037 0.222749612946582 0.274907964756811
-0.103787070613928 0.019883257826499 0.175128764596426 -0.121990792751037
0.0317738493270231 0.000261005264073312 -0.0392891287920036 -0.225169620383223
-0.040404434562331 -0.0987463790723476 -0.256286857067563 -0.126848334649201
-0.156399324806698 -0.044896940530346 -0.333941149913078 0.0408273645729556
-0.213474527017753 0.0252405485497211 -0.343472336136994 0.154266401292805
-0.232817182279662 0.0245449864519246 -0.334864365412549 0.223105052188651
-0.245689654947989 0.0120756146848848 -0.310244064842125 0.207963564579149
-0.237755424036019 -0.0588975100010595 -0.239487264061794 0.155456703688946
-0.130186694059927 -0.119863733928923 -0.155589752638572 0.126085468732642
-0.0916854885405635 -0.0653590588001376 -0.136593541099554 0.21212900678759
-0.208969212071419 -0.123845144911967 -0.231142795410454 0.194729882369939
-0.109784764265237 -0.345895635547007 -0.236685768418037 0.133516063414298
0.0866781696248512 -0.412232839592561 -0.183204309268569 0.464195098071388
-0.0104935805464402 0.123145681255694 0.150152863362772 -0.51653241949626
0.13008500216943 0.0895397176806453 0.198237550759368 -0.103951538428601
0.101918552978965 -0.0754972504543015 0.318803179298143 -0.18716664458908
-0.0730026025887474 -0.0918949017209364 0.111842823729311 -0.220451334898286
-0.0735042902616315 0.0472466853571313 0.125583407645992 -0.0688846258312028
0.0163686485094399 0.0614188738435902 0.285133521136222 -0.0678926063313987
0.0668673854200185 0.0440447244020606 0.403666725757226 -0.16337885348387
0.0728233354199737 0.049961814532207 0.403915074819848 -0.228291181012704
0.0687614812473162 0.0531070294945512 0.381282813542577 -0.177895410213656
0.0337906471438193 0.0740110694967363 0.338933884723627 -0.0597716179011446
-0.0417581139169803 0.0731692075783986 0.252575912932533 0.0838281802343954
-0.12003592085174 -0.0294795082593198 0.0663489717774005 0.166440372409855
0.0176221776779848 -0.113063106613452 -0.108503719902236 0.100401333334799
0.126908261361495 0.0116062002132791 -0.197524530681998 -0.115459122284197
0.0326425204007906 0.112399550327766 0.116536169982901 -0.337786779533477
0.0696891738192876 -0.118108295146082 0.166748443905741 -0.505710680997925
0.128246636422559 -0.160166645124044 0.202634035551113 -0.0168218049918161
0.0273955428991814 -0.259899859555226 0.396577193809974 -0.17550495620066
-0.186186763533196 -0.240473255826681 0.119307982315547 -0.273935518074295
-0.250623544358628 -0.0565851739632955 0.0773541525654441 -0.0733872929600633
-0.191773055995243 0.0516862467763245 0.245131272271023 -0.0260740026071566
-0.116492013301427 0.106962881819318 0.386483831588468 -0.11792627455054
-0.0848566925408571 0.113130836305792 0.399159323935476 -0.198519767406758
-0.0620368697625729 0.107970418406155 0.374041188554584 -0.164513436222429
-0.0937194189691887 0.0903820193219366 0.342740005707514 -0.0516000986575797
-0.134596221902546 0.0403308597559305 0.261094298442556 0.0908838373221577
-0.189961693233858 -0.0603581056352357 0.061288836739453 0.167760832951669
-0.0636445664402952 -0.178126551885532 -0.108390850308632 0.0882563732935146
0.10503090674236 -0.143909265648606 -0.20135411239066 -0.0840089731151219
0.0866607286231322 -0.0956536143911754 0.0675918771166985 -0.297383574933904
0.163832400101792 -0.327750636420575 0.145390583409324 -0.407276913709375
0.137014006751348 -0.397008589342903 0.203923789166454 0.107858529813952
-0.0466337753528277 -0.421744811067275 0.462566108902549 -0.163773937760173
-0.274794600363154 -0.352547026712464 0.120025529010243 -0.345290521293912
-0.381304054024005 -0.154920686408068 -0.0111279993010033 -0.114107311155299
-0.363675644280893 0.0207377029402261 0.138134169236524 -0.00333397532802518
-0.280461539622914 0.145612840931169 0.29751636567382 -0.0653627062273739
-0.230067508423345 0.16062872679372 0.332606336324727 -0.14069901782443
-0.187441412282828 0.158506127316831 0.322125285540445 -0.125772750538246
-0.226763667447169 0.114476638449657 0.324266320161142 -0.0322163449495586
-0.245409167423557 0.0171178878744627 0.268684710394122 0.0997711754769819
-0.279122713834377 -0.0895671010564334 0.0676862604972581 0.186708893102367
-0.165483543253096 -0.23958918940424 -0.116262250346166 0.100403289687225
0.043977048279652 -0.298712770402265 -0.215500401870112 -0.0526571616006495
0.108919925259225 -0.307469227539833 0.0145221914600355 -0.216475637285302
0.237666852707204 -0.469803397606128 0.0847940913818899 -0.242105800536934
0.128816003414719 -0.553278827715628 0.207613215933175 0.241168445328054
-0.12162809707821 -0.498360085557201 0.490978760713585 -0.158677685314405
-0.32500118929787 -0.377856836539491 0.0970426313675633 -0.407768409266471
-0.438660052766137 -0.205576929032787 -0.120609299522814 -0.162774327883152
-0.46211622027002 -0.00310325380009494 -0.00601276099491486 0.0069057834795287
-0.391193712684305 0.1617472613126 0.158325563917216 -0.010510473583467
-0.341670185471444 0.186571395991814 0.217728019429795 -0.0621019195771891
-0.29805362620291 0.191943741024601 0.232368527439468 -0.0594819796252102
-0.355173894541768 0.135296772117333 0.272459047518225 0.00915968081827421
-0.361886859993449 -0.00220864642029979 0.250161903089813 0.116688493955803
-0.377241639124332 -0.119389409495739 0.0674729631090623 0.210974156013258
-0.276072715228327 -0.296908972823029 -0.128350475165646 0.128857496750949
-0.0372522400025814 -0.439997106640361 -0.224484968572699 -0.00966104414630435
0.109388780048557 -0.495195137054329 -0.0341785994767327 -0.0950800877748474
0.260335257731639 -0.527146394165079 0.00681768759718237 -0.0519865898328438
0.0794798419347901 -0.584727622641208 0.21788473438908 0.343454452245031
-0.178416828034166 -0.446990154598181 0.462093317661622 -0.159932103262052
-0.301648817689575 -0.304995031578954 0.0466534114544969 -0.425522341606571
-0.402117617765528 -0.199713149895002 -0.2197841730945 -0.187903918922646
-0.464600367022304 -0.0178399974601945 -0.148752133839451 0.0146172587243797
-0.432441733864526 0.156039043726268 -5.60071829100758E-05 0.0407567302739563
-0.404691782639138 0.181165782924794 0.0698058730053619 0.0244156088765268
-0.378076127329248 0.19641910900681 0.107829104014829 0.025961255867208
-0.450010411006899 0.131018331711641 0.176723009159164 0.070771915074991
-0.442592179936998 -0.0324043239056807 0.183891379768787 0.145065977672137
-0.433990454165218 -0.149369464792432 0.0408939106171985 0.235590530574198
-0.352637768578532 -0.334189764827653 -0.141816205606887 0.16124363234193
-0.110703775725761 -0.538906132104661 -0.221780056996916 0.0465426481271144
0.106530567625143 -0.627057452312128 -0.0753594594350551 0.0604323815744012
0.22254763148619 -0.50407035631576 -0.065111003129946 0.122825694603572
0.00291810335451143 -0.496719876471216 0.229537430816661 0.375636282341426
-0.195391642274349 -0.293270722021176 0.375698477313811 -0.161677547751403
-0.203484815086044 -0.178891922536731 -0.00822382066360048 -0.383543113313057
-0.289915294804722 -0.165984216409106 -0.274174479640778 -0.177610437778657
-0.392308062773949 -0.0258418712441337 -0.254307615845705 0.0269880428377871
-0.406902059922038 0.128954827776233 -0.148312620386187 0.0875241197094004
-0.408749700814686 0.149965869406375 -0.087117805483961 0.109705744244392
-0.405401045848276 0.164306815861671 -0.0394684515347238 0.112325350995857
-0.475985514620807 0.0846342927011338 0.0398323836319379 0.132444219649381
-0.437722169226742 -0.0863528205495688 0.070996146907001 0.169329303613915
-0.399058378377081 -0.175734629946032 -0.0152507311081026 0.247190734554119
-0.359882418245692 -0.326849319520056 -0.162589797846898 0.185239732557151
-0.143596106699518 -0.56717778923377 -0.215865871567099 0.103103168050552
0.108146824277052 -0.667462109293511 -0.112801565794774 0.227279234227431
0.147505856949482 -0.415612968422553 -0.110593143460249 0.257132892990571
-0.0754771689190816 -0.339218586498791 0.23223934120018 0.342060998217141
-0.164719147275042 -0.115315274379956 0.267825600065131 -0.149452976829939
-0.0761767005657642 -0.0682812048177792 -0.0409172803754781 -0.304065285470979
-0.15771397897708 -0.130807333987752 -0.279887573345818 -0.149800205003078
-0.281501205620864 -0.0332783319652584 -0.313415684448346 0.037601891170918
-0.328782275531794 0.0872912332095843 -0.268703381947314 0.127544793391571
-0.351144755292608 0.0967952177637356 -0.231876002137287 0.179842140857908
-0.364118321770532 0.0966117297291592 -0.19080260474363 0.179505900222186
-0.406551310996399 0.00965928507097999 -0.113999786126693 0.165883042837316
-0.325264805713983 -0.13156062819391 -0.0589378893878645 0.16460207309237
-0.266522061548196 -0.159465769874661 -0.0834471744252068 0.237832383590033
-0.297715917573511 -0.258161329082813 -0.194392010471467 0.19616302052689
-0.133461004762815 -0.508248153038031 -0.222208001068792 0.141080040626605
0.108003351671316 -0.595271693588363 -0.151695605043772 0.373258952899334
0.063409910740431 -0.279441515593284 -0.126089566146688 0.342883758569886
-0.12025542174847 -0.168258719093078 0.226387470820792 0.278599894084588
-0.101303865147535 0.0209054462934206 0.178620234852957 -0.123872362769961
0.0332871915642961 -0.00299749027955884 -0.0421298422177167 -0.229032335136596
-0.0441808377473137 -0.10290607790737 -0.260658292880071 -0.129831852306162
-0.160038652179538 -0.0436323557753577 -0.340703123751169 0.0399170230319676
-0.216679820371997 0.0289124884463554 -0.350102520325559 0.155328253829779
-0.238740974396559 0.029012726322453 -0.340373593579808 0.224540235584245
-0.252858782517425 0.0135473718685398 -0.317614145873978 0.209765348542446
-0.243423200399832 -0.0598182575394458 -0.245638307224755 0.156883802418365
-0.134450482454142 -0.125359703134698 -0.160183724853632 0.127677395948381
-0.0920482901412322 -0.071245143084897 -0.137294923401479 0.214434955782592
-0.208530079470685 -0.125232304015747 -0.237677904511253 0.197736818571562
-0.107977736368049 -0.351899244239064 -0.247467632497494 0.135809978211056
0.0896595008736902 -0.416272642690118 -0.189566092232343 0.465303496278742
-0.00776189596099454 0.126930290679073 0.150527928692856 -0.533053628031418
0.136928068546661 0.086779609177019 0.21030770533618 -0.112251764105991
0.102328161003175 -0.0801397460595808 0.328949217407934 -0.201449057028792
-0.0784902161957414 -0.0903028769086338 0.111071669000956 -0.225682205579033
-0.0719095854350258 0.051731668888489 0.130827086198109 -0.0684696985117942
0.0196794101241079 0.062269199085476 0.296350795877252 -0.0743131735788435
0.0707629674621638 0.0415709593893424 0.415488974788936 -0.179717304244584
0.0785355962115208 0.0470605352082774 0.413981431506525 -0.245145144522726
0.0738284165978043 0.0523703602040122 0.391716223433925 -0.191908507134041
0.0376552575981809 0.0750221635268936 0.350302531911749 -0.0687376835050436
-0.0401904719111532 0.0758214191108117 0.264301106111586 0.0828587956647668
-0.124575848034136 -0.0248898876805053 0.0736608511304633 0.171224961671618
0.0146874410139489 -0.117230314254367 -0.109765630315555 0.110251146547739
0.131334348721331 0.00660587962657187 -0.204125969224376 -0.112779580703373
0.0369443798925365 0.114288024742233 0.112710720285312 -0.354660260302637
0.0723621989953074 -0.122577788162551 0.167294044203008 -0.521529687367815
0.13361163454081 -0.171726712477729 0.217370298386091 -0.0222397357650545
0.0255110203459422 -0.269640035143604 0.409333785894047 -0.19151995022773
-0.197144221795737 -0.24523067153718 0.117148712464786 -0.279683010195481
-0.258671768961331 -0.054836687977618 0.0811628504902401 -0.0738170572115943
-0.197107667499721 0.0551552810894286 0.256397097080925 -0.0307036126479511
-0.119187035530759 0.110381178606241 0.400640655579259 -0.133003608891675
-0.0848337470683173 0.11683975861446 0.409734967978276 -0.215335031404471
-0.0617753677655813 0.111305089293746 0.38385707345499 -0.177957419154373
-0.0947760511525799 0.0941812203181822 0.356065860425756 -0.0609153913206895
-0.138512807292288 0.0427313869415078 0.274318011862328 0.0893925979974986
-0.196835771299964 -0.0566602689527861 0.0701004533621174 0.174053589124197
-0.0679322422983745 -0.182384949506117 -0.110502682791384 0.098430003168982
0.106488560498199 -0.152139371126959 -0.208964543014208 -0.0803976199500324
0.0898528239881723 -0.100407128586614 0.0656118482782048 -0.311944602907028
0.167705199717056 -0.340520365055294 0.142803042055913 -0.418960447413697
0.139378717657822 -0.41594559540743 0.220026917201981 0.1067764363064
-0.0508731242637526 -0.435172286067289 0.478011310662617 -0.180529966586673
-0.289809541190797 -0.362234305983146 0.116588416323707 -0.354583608854285
-0.396933836835523 -0.156956374830731 -0.0103984263735967 -0.115501704294971
-0.376690332781835 0.0275696663785694 0.146618081682461 -0.0059311380527604
-0.288439734961938 0.1543238416098 0.307889650413433 -0.075547683000976
-0.23537249098244 0.170390525044282 0.342221310453044 -0.155446724509489
-0.192438515214752 0.165502384003247 0.3318665731692 -0.135541913898447
-0.233229051320814 0.121848603330568 0.337553525057635 -0.0407100094166014
-0.254808822170989 0.0200076671495801 0.283359671249579 0.0976374805983761
-0.290291352374838 -0.0872641078248811 0.0779068366632359 0.193311741412329
-0.174110640674809 -0.244713322278871 -0.119409059008087 0.11174589827986
0.0429060897773612 -0.31159309798431 -0.224089960410961 -0.0481646423474593
0.110100876371824 -0.318146004663717 0.0115466013014689 -0.228329489337007
0.241094287947784 -0.486583132711249 0.0835374556236156 -0.247186291085027
0.129000027495785 -0.575647010991477 0.226152012110797 0.245808407536167
-0.128138136555665 -0.513358027816861 0.50829150801541 -0.175610155846932
-0.341152764963007 -0.388957651748898 0.0921350873006811 -0.419601730723189
-0.458710869699422 -0.210398076419643 -0.12581184438679 -0.165759922532714
-0.4799716550511 0.00285052228155627 -0.00418804454129768 0.00550858952395453
-0.403775545246236 0.173980830764918 0.164459802158651 -0.0172143877925978
-0.352637331039678 0.198237643783862 0.224607689945606 -0.0721258095937787
-0.30782836002059 0.202596048711006 0.23918531833715 -0.0656898609062383
-0.366006643051857 0.145478786692048 0.284642346085776 0.00248737036991788
-0.377732181600078 0.00157029150303067 0.264393538609869 0.116903797702724
-0.392867025286598 -0.117182953987184 0.079230043657025 0.219830833177164
-0.287808976730133 -0.303512562400899 -0.130331321134392 0.142651388069817
-0.0430197061040845 -0.456341279910375 -0.234034409662951 -0.00430065447035274
0.108336951747439 -0.512219888920763 -0.0364083301563079 -0.102045773902001
0.261847274594237 -0.544057664460373 0.00315216062714576 -0.0505517595433539
0.0766514201191068 -0.606589562463523 0.238102063819228 0.350798195666336
-0.185127067552529 -0.457817364647224 0.47774160854625 -0.177770611346434
-0.31451999383407 -0.314996938157565 0.0385753042752347 -0.438445261978566
-0.420348194762993 -0.205619150975357 -0.228872557029139 -0.190361620972953
-0.4834211425506 -0.0121292558636622 -0.152400487203123 0.0163348442385809
-0.446621203114832 0.169798331533251 0.000632031319445136 0.0387850347254564
-0.416456527921732 0.196366700615155 0.0739332399043822 0.0200205307179857
-0.391180782078608 0.209244365868505 0.112226438250711 0.0246239654296178
-0.465068692929117 0.142936925187549 0.18587289462366 0.067855046265907
-0.46350767082206 -0.0306978923652873 0.195619784047151 0.147190992588702
-0.452438531979599 -0.151252935977807 0.0521535128702422 0.245520027724873
-0.36711803571339 -0.341133763061575 -0.145761910071751 0.176324018097412
-0.117439260177907 -0.557957335874355 -0.233023535116208 0.0529288029376915
0.102805724028014 -0.647495076909528 -0.0768643390332645 0.0583738126179979
0.222519702207679 -0.521225327680289 -0.0695769968085613 0.129444217635188
-0.00346144050630077 -0.512150537082007 0.24725575225826 0.382746422383333
-0.199490213297192 -0.297158334017067 0.388079406487705 -0.175836254405134
-0.210641883660405 -0.18497777009137 -0.017040552149857 -0.394587396123177
-0.306125170740052 -0.170642056913464 -0.28600564387603 -0.179478381859915
-0.408683660738172 -0.0188955210444337 -0.262428673021623 0.0302712590490897
-0.419440397383588 0.142596700122533 -0.152886733152612 0.0898519804309299
-0.422183608062763 0.166623418364276 -0.0886780567921917 0.110589097428888
-0.419911155043126 0.17710072047063 -0.0400195751880506 0.116148825859821
-0.493479116381609 0.0963933211750751 0.0443595263052589 0.134200488446127
-0.459789684122483 -0.0857141668617928 0.0782477479794799 0.174077715579529
-0.416185629294055 -0.178563697811255 -0.00695637577334769 0.257072776507533
-0.373101581387178 -0.334117538447106 -0.167562467872224 0.199964875492058
-0.153267928719417 -0.586367969682976 -0.227307795589375 0.111069069261213
0.104776968563451 -0.687893306938885 -0.113001656382775 0.230334231462724
0.142777024770743 -0.428995842706107 -0.114215997414007 0.268313828704043
-0.0821451948833403 -0.348101591542474 0.248144496196032 0.347855248414344
-0.166487742774854 -0.114569141928882 0.274282351101246 -0.16184808322484
-0.0774323366590716 -0.0725754158616625 -0.0497142818768691 -0.312462934664572
-0.169138656244576 -0.136238486349829 -0.292298231714916 -0.150988739909044
-0.292901558553763 -0.0267632121050572 -0.323709636370172 0.0429759513923625
-0.33813452888195 0.099725485153735 -0.276618648644725 0.13463397396442
-0.363456248235452 0.111329223184554 -0.236359113287595 0.188110193745141
-0.37947488511966 0.108798356022175 -0.194806136813304 0.188561624304239
-0.423291190249429 0.0180219244568485 -0.115393286657068 0.17246748209534
-0.343501032901906 -0.134670291534447 -0.0577415432668828 0.17143312097909
-0.278701833236004 -0.166420811651209 -0.0786220823634125 0.247470091084782
-0.307151959345094 -0.262413644032775 -0.199789099473914 0.210620993391465
-0.143770492566955 -0.522942211122756 -0.234310997850232 0.149999923975284
0.102788972720441 -0.613594280744671 -0.150943661582883 0.383261532552186
0.0583583025609495 -0.287684171119038 -0.128155645782267 0.355738599498375
-0.125807030380013 -0.170433642989361 0.240527915778142 0.282785745894562
-0.101014647593116 0.0236556556801022 0.181786009041305 -0.132999498821239
0.0353258366792437 -0.00679021354756564 -0.0499073015562815 -0.236315009548382
-0.0516717312142556 -0.107222270920791 -0.273074483714274 -0.129353658316319
-0.167103179383632 -0.0400040727302465 -0.352164213014036 0.0465139128781676
-0.223029474870211 0.0385824028762725 -0.359547158993105 0.166166650524668
-0.247958337767923 0.0402795452533284 -0.349082376061741 0.237581159724287
-0.265203944841469 0.0219330364575491 -0.324739251701532 0.221984111704262
-0.255909591949359 -0.0560325048090638 -0.253519796143629 0.16599309067184
-0.144944273741933 -0.130687039048563 -0.164472750087887 0.13457229746987
-0.0949184609661911 -0.0771838803384921 -0.13536266017531 0.222282638322925
-0.213253178478618 -0.123751123629597 -0.243795721479995 0.210568046728183
-0.116263684454076 -0.361845688891587 -0.260533887222026 0.145243417181883
0.0836684686217522 -0.428806577799146 -0.188213406693254 0.479693341767834
-0.00147705197862546 0.130370966253285 0.133469357142534 -0.550555393607885
0.146204159340609 0.0791106085067846 0.217866053283571 -0.128530555950793
0.099051224205649 -0.0874502999845599 0.330028625244752 -0.225477888213319
-0.086233327665214 -0.0855420452743922 0.104516449066818 -0.233531785165324
-0.0689204089217247 0.0579188815865055 0.133712718376179 -0.0717446973979099
0.0251359410408763 0.0615045518188859 0.304509429450148 -0.0899753771322588
0.0752993386874477 0.0364073030165159 0.420042213347717 -0.207743024150815
0.0858068747298061 0.041088012251631 0.413294306882693 -0.273539843382335
0.0810283685545591 0.0482261935136201 0.394462368593509 -0.215269729598807
0.0444692454276581 0.0743066544005275 0.358497773413769 -0.087361361812887
-0.0369823985693885 0.0792726867198013 0.278007401066352 0.0726301585314305
-0.129254927971919 -0.0161743503267535 0.0866428499710593 0.173348346132674
0.00774508313798786 -0.121447117546178 -0.107009761795114 0.122149442518912
0.135543343039192 -0.00264094525646273 -0.2134281172328 -0.103310877495911
0.0443471013828077 0.114791229914056 0.0985679140906223 -0.372873515450772
0.0705090566038949 -0.128474595149887 0.148544434925358 -0.539734643009766
0.132521466021815 -0.188078826508285 0.230155113278443 -0.0358460898175288
0.0147898413747781 -0.27967912650936 0.415125927488384 -0.219652509058351
-0.214326399746274 -0.243468253793143 0.106280475759147 -0.288860430004724
-0.267336266016214 -0.044472643752277 0.0828896796909991 -0.0756163325126044
-0.199394595493562 0.0652583656157879 0.265442965188229 -0.0437401419356519
-0.118360424064056 0.117422930455151 0.406004509025726 -0.158460715330249
-0.0810165500775552 0.121748836995611 0.410718057998341 -0.244022912112028
-0.0576794808578461 0.115558290136133 0.387244930486575 -0.201291584327109
-0.0915968342473512 0.100091878048301 0.365810524477358 -0.0808994055633206
-0.141130046098064 0.0492904736729131 0.289948296775536 0.07875111821217
-0.204716802370712 -0.0467516827935627 0.0836127755032288 0.177305397206875
-0.0782831696759583 -0.18452226180798 -0.107652010304636 0.111172449176416
0.102960528115305 -0.165035785344674 -0.216793535439578 -0.0692397038503787
0.0893609478303967 -0.107573311456728 0.0520155083935901 -0.32702708098583
0.158482781208997 -0.356353474576326 0.130139855985968 -0.431525506369776
0.127674522094773 -0.439376829973769 0.239479540119172 0.097567753476211
-0.0691739183274157 -0.446979878441897 0.486260103041027 -0.212392113856647
-0.315464389379167 -0.361750003013825 0.102337340500101 -0.366595723613583
-0.416593478893665 -0.145448149099775 -0.0140640323892555 -0.11582596100669
-0.388175152855224 0.0441908039767741 0.153531248069369 -0.0133906956691261
-0.291325898202633 0.171162577386222 0.31479974586111 -0.0958396442487141
-0.234343478358251 0.185587619188878 0.345856591194553 -0.179030805099228
-0.191420378513528 0.178508450815983 0.336163407424977 -0.155556007244029
-0.234497145471494 0.135312289529619 0.347912211747895 -0.0604705344441469
-0.263380342369662 0.0314004059038658 0.299599830418897 0.0864212066779846
-0.302970802983414 -0.0744379773980249 0.0944438263458439 0.1965265447919
-0.188603152796784 -0.243998941732703 -0.11662747261963 0.127521543319971
0.0320466575785319 -0.32472376721417 -0.232807430363001 -0.0366986026831387
0.101501428051703 -0.331999777107321 0.00143886242369837 -0.239541499732806
0.228768685524285 -0.510599995403228 0.0736691850752785 -0.25365869258029
0.109274702649436 -0.603225938680289 0.252041491573659 0.24035964216423
-0.149261679726632 -0.52296826670071 0.518152496725343 -0.211696212778111
-0.366314129070143 -0.388130308115381 0.0736807289120156 -0.433508741625088
-0.48540001360527 -0.199743260603639 -0.135396218676974 -0.164723644420388
-0.495284458330378 0.0252804163341111 -0.000576712944381355 0.00514960843532508
-0.408868056972377 0.198005462777472 0.169560124020363 -0.0296196228896079
-0.354790232068734 0.222343738884207 0.228007874514028 -0.089691791934851
-0.309767273155524 0.222127214039106 0.244758454142701 -0.0789380784510756
-0.372232090809352 0.167645189724684 0.295752439329176 -0.0133700045888771
-0.394447683377225 0.0172393461213136 0.282363613095852 0.10621527849061
-0.410722498436879 -0.10288146380825 0.097040641640367 0.22357113594699
-0.30840540737531 -0.300239760393058 -0.127119064935408 0.16015471259656
-0.0610041675916136 -0.470634049819436 -0.242923341438898 0.00875567132346469
0.0912038772844502 -0.529357970492686 -0.0414918099079325 -0.107643123115309
0.245758756834951 -0.570639133528523 -0.0016109316638701 -0.0481150255830891
0.0548263922332317 -0.629137066006857 0.266956722478229 0.348530082327059
-0.204508445630525 -0.46113160695717 0.484878830893871 -0.211138217942166
-0.336172935162418 -0.313949376703064 0.0189209764821652 -0.449980820977994
-0.447403756112156 -0.196114768438515 -0.243765581153245 -0.186522396406598
-0.501043832461903 0.0109273113538772 -0.154994422808954 0.0220072131310908
-0.452892857679531 0.197277751685318 0.00228330525277638 0.0358853475724726
-0.422368438354418 0.226378934309049 0.0760553958802925 0.0127612674727194
-0.396860936704647 0.234762778986389 0.116252528562673 0.020037193264994
-0.476745572752377 0.169180330117535 0.196227675024177 0.0593976465122879
-0.484897346708159 -0.0112963556685481 0.21172307476883 0.141588867855212
-0.474046622815955 -0.136059686622701 0.0703763836645592 0.25132134084541
-0.391260134764702 -0.336214121194841 -0.141295895823028 0.195853585429719
-0.145291951613125 -0.572421329738158 -0.241297091417779 0.0668248907925656
0.0795239954523096 -0.667308712696218 -0.0764584088840136 0.0585954341941225
0.205475334821744 -0.542772964450889 -0.0698001972770956 0.13997307746759
-0.0267956183463295 -0.527951792473385 0.277012716008743 0.38068546919009
-0.212755941068463 -0.293884823292285 0.390731009416793 -0.203739317854634
-0.223093087423712 -0.185782004000777 -0.0377150706645842 -0.403783586520277
-0.327762042499324 -0.164910477804759 -0.302369912684972 -0.172066944775498
-0.42425962115075 0.000559396644560936 -0.267024341188172 0.0415483483753778
-0.424819868261972 0.170524157218426 -0.153710000892318 0.0967252120422329
-0.429724754276858 0.195643998771821 -0.0860651855358311 0.114413610269803
-0.428693621045407 0.204172567761175 -0.0362557277548828 0.121424614599434
-0.507776333091893 0.123934836633411 0.0525770488731492 0.135401219210508
-0.48315398282456 -0.0690832038277251 0.0907127568394047 0.175001611379164
-0.439084840352441 -0.170017476289345 0.0088807742577655 0.266112056965862
-0.394569651588106 -0.329689195796519 -0.164563048738673 0.220848631226595
-0.180211850065095 -0.599320187872733 -0.234970869562657 0.126432484106579
0.0784881507074495 -0.70929565119526 -0.105590535201936 0.236966264650246
0.127349631396601 -0.444665622622944 -0.108902885598232 0.283804947016827
-0.10010420756489 -0.351730020984734 0.275450756218489 0.343885977396595
-0.170581187377313 -0.107541172282618 0.275005397397908 -0.18235563287977
-0.0819601173612121 -0.0754134029696335 -0.0685349573366801 -0.317619418499277
-0.185690374753288 -0.133842281432074 -0.308282775492172 -0.141980848048406
-0.304998412132223 -0.0118059725886833 -0.331838698723516 0.057206983846245
-0.343244408275197 0.122275684539753 -0.278657046432745 0.150311457595973
-0.370968313280156 0.138312444685314 -0.234884536010899 0.201794714584608
-0.389916016970418 0.133465505697517 -0.192954980061373 0.202552246843858
-0.437794000874974 0.0401881997075444 -0.112445704242593 0.181825054986233
-0.366173428399564 -0.125247911146692 -0.051466934980001 0.179026840515362
-0.295701606181106 -0.163368249462309 -0.0673364822518771 0.257116025612817
-0.323038212171069 -0.25705319264042 -0.197995607984291 0.230303813386683
-0.169691973023787 -0.532343109061782 -0.240956692922326 0.166433370807958
0.0779057862162613 -0.633601706234348 -0.138883037554067 0.395796716926313
0.0441163727959884 -0.295971050753714 -0.11835873125708 0.373203075561491
-0.137178957624849 -0.166580208173953 0.261746467167664 0.277952397220996
-0.0981492982928725 0.0296056487489002 0.179527164768227 -0.148571720912899
0.0368674492372778 -0.0127993935820197 -0.0647391025937596 -0.240822616436803
-0.0628550813391523 -0.109880767376539 -0.28774457081959 -0.120535331030232
-0.174895116734896 -0.0306978643519216 -0.360030016390917 0.0639548642646746
-0.225453693655937 0.0554964845896797 -0.362880660882043 0.188544150157718
-0.254180877920959 0.0586511699906542 -0.348285349996746 0.258357604679483
-0.274702506691249 0.0399214655605309 -0.325592631160519 0.243602730911762
-0.270227746917984 -0.0441802008228196 -0.254522089674987 0.183069379710367
-0.159364941006937 -0.131301185939002 -0.164577860745011 0.145530434397523
-0.100683919941047 -0.079905575124803 -0.12691670517707 0.233493106225128
-0.22034853382898 -0.116496187363241 -0.242652088380517 0.228803047541322
-0.133859064224143 -0.366497750331655 -0.268589596523003 0.163073496431895
0.0653479523837699 -0.443853712004182 -0.172513582122887 0.496828769375362
-0.06550489707729 0.122465881275491 0.373894173035057 -0.439940344767528
0.0972068589298324 0.133276824929849 0.26142506538308 -0.0250062112883285
0.123489581430386 -0.0383944869936296 0.39707394714937 -0.0614370542404326
-0.0453992545417621 -0.110777175451551 0.192215574473764 -0.162604007527895
-0.0870150177644838 0.0231160443139369 0.155339637821158 0.00177949754883443
-0.00263237230254908 0.0641343072213234 0.319932916980501 0.0546409868138186
0.0577337761795645 0.0613079116668653 0.473322074385842 -0.00510798426002468
0.0649039397208749 0.0708791873861416 0.491507425807429 -0.0708761332973208
0.0560681360398176 0.074474982752835 0.448166276542048 -0.0248999763177396
0.0133119633712317 0.0839844077013021 0.359525316485085 0.0745811566027916
-0.0649404379452368 0.0564300945489822 0.220546718393778 0.187306462904384
-0.107518240934171 -0.0659268859196316 0.00030011583135998 0.193383601989128
0.0587780448714417 -0.10560973420022 -0.149565097159543 0.0661397908353405
0.121504675926332 0.0515739501263956 -0.14760525937082 -0.18530652315499
-0.00805500551597718 0.122312676799566 0.263394329650403 -0.294175074561048
0.116670207365379 -0.0815804525147203 0.376328616531599 -0.425608506855287
0.203371634530911 -0.117756202390507 0.227775141412341 0.0736802289302352
0.131844227404281 -0.251725792166867 0.470011665175542 -0.0140109633819145
-0.0932283011700615 -0.309757194369699 0.215516416317366 -0.207924449033764
-0.223013740947009 -0.159321787357748 0.104479286206117 -0.0153913373716274
-0.209256416299712 -0.0321707928005401 0.265537055088878 0.0860678718797174
-0.155474585727653 0.0504434521244716 0.44067738344008 0.0350972941723566
-0.126012788527927 0.0716136059062051 0.476563967466342 -0.0448367192364936
-0.101232026149887 0.0756095437487437 0.436475741282258 -0.0143314101147563
-0.123965005483165 0.0494902081541261 0.363462894321036 0.0805233279057216
-0.147751656124041 -0.0161491000604122 0.228774558367911 0.193978589201426
-0.161381795822237 -0.125596529326277 -0.0031580496131747 0.193869207849152
0.0085261453140913 -0.200377553060675 -0.144204931727412 0.0546482196672239
0.163568171467255 -0.108536858962128 -0.163407827194023 -0.155967044700762
0.128462793098025 -0.0581804387755578 0.20210417891563 -0.273086423426548
0.300156793146981 -0.249333785797434 0.302299794017545 -0.337632188904086
0.311167916221799 -0.350318849719464 0.173453741935615 0.205053978307951
0.13227980355942 -0.442320323817646 0.529371458058961 0.0290748564676311
-0.130895006399017 -0.460685102518619 0.239072430087848 -0.277728249095407
-0.313755701374875 -0.317721378647349 0.0291459187272915 -0.0890993370132566
-0.372265793697309 -0.131775207216565 0.151245217434912 0.0673906346103528
-0.337984876092998 0.0248708860849881 0.330826655092912 0.0528687009768224
-0.297729643863497 0.0634821833047711 0.388310271521417 -0.0134628106330761
-0.251265371451322 0.0751332371023063 0.371405485596075 0.00284355696109009
-0.269169262127996 0.0220433800967051 0.339641890049437 0.090949165917869
-0.254746835895739 -0.08678431142262 0.233262381415553 0.201367581642956
-0.237018589286989 -0.193571112435684 -0.00324852906381034 0.213490848943615
-0.0632221743341732 -0.302814552003352 -0.160576750258415 0.0624969684073303
0.168349785694856 -0.283170394569118 -0.189695617656703 -0.133783396983182
0.237184983629682 -0.255784213832086 0.118370879895925 -0.213648893619583
0.43356831050867 -0.360132366925226 0.163457140355146 -0.201346068074271
0.367643584563254 -0.508835411327246 0.117305033147812 0.346675717670325
0.0938469694457294 -0.545157960869769 0.555210023479151 0.0480162240797972
-0.162525054966679 -0.510758640437262 0.242400497658458 -0.351238472253315
-0.352107440335145 -0.395290174690932 -0.0640302002815701 -0.183683842073103
-0.464225724355146 -0.195847976697284 0.00306827564130618 0.0179339395974639
-0.459744851064139 -0.000539108080908081 0.168657458012668 0.0510076634003388
-0.425784309993061 0.0444765265092996 0.243214063645837 0.0174679725882566
-0.378866740456266 0.0658154984988355 0.253699369861993 0.0310730037589584
-0.410267715448672 -0.00589692913098103 0.271514935898114 0.108404214281795
-0.370048107068179 -0.15713155463905 0.207197460667764 0.208492423876632
-0.321189791235647 -0.267598012973437 -0.0130831256204792 0.236441548435293
-0.144815185141417 -0.406441874499959 -0.185284204449504 0.0850648050304452
0.149577589242601 -0.455810861784711 -0.218341249154334 -0.0979593308442705
0.313534998441727 -0.438884537058524 0.0211380265700218 -0.114517228185182
0.478660182689902 -0.407012189515668 0.000431752726345309 -0.0479763638823624
0.327647035709271 -0.558879528525165 0.0828924476471183 0.451110935060757
0.0152288477795664 -0.511380751089225 0.526729455928419 0.0351736347126028
-0.16629927129031 -0.429169219971905 0.201952874080812 -0.393327295378195
-0.319982753944299 -0.375993729663134 -0.151145593116077 -0.25467177900957
-0.46167367963723 -0.209592456193124 -0.146118225438684 -0.0361365880102598
-0.502183079155752 -0.0175192943798017 -0.0122103449086095 0.0364633334164093
-0.492346808710121 0.0215516841058054 0.0628769688748806 0.0442573226767553
-0.46444901732437 0.0405751521080142 0.0958077406476431 0.0653362487797118
-0.505786897959925 -0.0489098692841838 0.149506757855895 0.130144772315526
-0.44252586523057 -0.222393672204969 0.127902405458774 0.207069176566604
-0.36394599854339 -0.326269033111628 -0.0506213169479439 0.249094608108658
-0.202395160168443 -0.477823569642991 -0.21471798276181 0.108597111683481
0.119764029544765 -0.581268970891109 -0.240901593042447 -0.0473094953676614
0.364030947078633 -0.56673295900567 -0.0877180193004263 0.0187007447696535
0.430518639088561 -0.399645412413328 -0.144437039968072 0.0938254152172749
0.208429336900721 -0.497753134149082 0.0813786848218868 0.484392283713345
-0.0658465092087649 -0.360671781364009 0.442850099758936 -0.00317755814764307
-0.119794800384441 -0.262845384538865 0.133771718891996 -0.377745643636945
-0.225908360002177 -0.294224721877515 -0.209055964434203 -0.274417283429616
-0.388826634685361 -0.183138478638759 -0.257591225652589 -0.0706925717705184
-0.464480611449578 -0.0276997855033332 -0.181269959361335 0.0223652061516782
-0.485636171954534 -0.00585691075880447 -0.128480604055611 0.0665673672895323
-0.482327602800478 0.00238764174142359 -0.0858662878880908 0.0919940256981918
-0.518490224054614 -0.101875353582003 -0.0127751540823051 0.135771154912241
-0.417258227792628 -0.275930949232775 0.00389419324000757 0.183378048860318
-0.318665020918912 -0.343712861008185 -0.11124108627476 0.233058270043303
-0.209194812959607 -0.472415482200408 -0.248249526665695 0.119683674590414
0.0974048744277538 -0.621142340532429 -0.262645354090149 0.00976448749460411
0.380537332272007 -0.607608786181157 -0.200403683418908 0.166753574757546
0.313857552633755 -0.348629336106166 -0.2423753348285 0.20814647526036
0.0625321676241047 -0.370518607739058 0.100031994585869 0.444514227505515
-0.108867528276782 -0.17032779088032 0.329747472706246 -0.0405393783656027
-0.0398540940075431 -0.102730246172951 0.0719056013051651 -0.317195843652249
-0.111749032708026 -0.202721706838162 -0.227314457277278 -0.255176278885818
-0.273982091260628 -0.14069855043277 -0.325210016747001 -0.0879510181892056
-0.370095918818363 -0.0326763180451763 -0.318599008755608 0.014824704838749
-0.40676048828168 -0.0323261485225849 -0.30053821880371 0.0814639177136623
-0.416956403914274 -0.0431337250014327 -0.262623804836635 0.0984837312067375
-0.421614960722032 -0.147617774732817 -0.1805277652448 0.110116540771125
-0.284935764485459 -0.275025661915015 -0.12392960972044 0.127487454951277
-0.191924112975761 -0.275452057036907 -0.174452152584661 0.193046306223074
-0.176483112619283 -0.373977195158124 -0.284155895775631 0.113548036921569
0.0791849347908742 -0.5533100230375 -0.290202473393348 0.0416971741857458
0.344913057327752 -0.536715909101976 -0.305664723220403 0.293128972703727
0.174044461061982 -0.250460394249881 -0.285835225946596 0.287958060607165
-0.0533285867844864 -0.2156018505933 0.120476738820785 0.375061709712671
-0.103331793280426 -0.0144166427064449 0.229707446267854 -0.05428728264931
0.0388165303308154 0.00445117990427137 0.0425386838202612 -0.24852890789563
-0.0117735784093764 -0.125077020698778 -0.216599417520601 -0.233819308133652
-0.146582544330801 -0.0999730506888064 -0.356561010544984 -0.098863788614537
-0.233241639494191 -0.0420764912950857 -0.412006580840856 0.0113685987762867
-0.264656661228471 -0.0527545546147001 -0.427432902181494 0.0846066587600769
-0.271057495690559 -0.0765300253200379 -0.400065620419587 0.0801722751655333
-0.23052740593461 -0.151488793986881 -0.31031867926987 0.0510253272779063
-0.0929646558984517 -0.191977362137354 -0.210274952886279 0.0531637300483078
-0.0537918539182454 -0.114809144015133 -0.215415286661323 0.147488043390115
-0.146734066299446 -0.198649553990136 -0.324297679140664 0.0941528110769307
0.0349350188273485 -0.388321942679472 -0.318982106933293 0.025774732954185
0.25084026993272 -0.370198233105443 -0.387396970910043 0.367768800576259
-0.0571319038982552 0.125816946423901 0.345773912502268 -0.447444094679416
0.105148760096699 0.122640160507182 0.261296728106835 -0.0388929081345408
0.117119232007737 -0.0457926465300826 0.391116026442137 -0.084172723077278
-0.0531133553709721 -0.103596078424676 0.17934950520481 -0.167824950128115
-0.0821068229794521 0.030382888144007 0.154632028918244 -0.00137837589854963
0.00255004628420965 0.062940833431183 0.320389219725606 0.0381495733363093
0.0617498280833421 0.0544696665597229 0.466560427934947 -0.0345995699076067
0.0704789413750073 0.0633681274848544 0.479136216587608 -0.0965054541660252
0.0616937638260639 0.0681045726861165 0.440564081759112 -0.0483441667289022
0.0200220024121137 0.0806586910412725 0.360331493444928 0.0537474412388454
-0.0586672199087075 0.0601784460816591 0.228842621250972 0.172491806535931
-0.11027199785462 -0.0548526404405066 0.0137194128905377 0.192020943754994
0.0509634160110728 -0.107821958518321 -0.141716824992723 0.0775727590738959
0.123586588618059 0.0407637065986288 -0.154797132613039 -0.17087008428936
0.00150263645920509 0.120102122406373 0.241865424379406 -0.307004397971258
0.112077131542025 -0.0839464893491685 0.347442189256311 -0.43187852528788
0.197339752816147 -0.129816059932956 0.23542347569931 0.0601274850711724
0.118464010907656 -0.256183709665939 0.464998188304815 -0.0417004032360115
-0.108490626261035 -0.300294078522565 0.198019603325734 -0.212629983225177
-0.226848450747306 -0.145087037887508 0.104212804505903 -0.0161921996172601
-0.20789943567411 -0.0201231440761582 0.270436714224454 0.0719753227551844
-0.149464725095736 0.0562531398917241 0.438407645157623 0.00744462885437522
-0.118330834179945 0.0755417840734103 0.466787450243301 -0.0716998192083995
-0.0939937611360124 0.0777415500755943 0.429487976656559 -0.0382130101832538
-0.117568107473084 0.0543459552736666 0.364917071488636 0.059109433428526
-0.147378225502009 -0.00832570480917154 0.239021416639118 0.179084915317474
-0.166755937567968 -0.111846548716694 0.0111485300063833 0.193037386617373
-0.00225236395048556 -0.197656488873515 -0.139755513131201 0.0668203554876238
0.156714883348463 -0.117822584166919 -0.168934239003625 -0.141528415836747
0.126857056030404 -0.0640236125425822 0.185244068820205 -0.280811665848843
0.285233550451385 -0.257969543239995 0.277493531847336 -0.343789198713394
0.291693207156622 -0.363960911641633 0.188761741428595 0.193372407099858
0.110499660375301 -0.442369562041778 0.526404777611782 -0.00303657433487988
-0.151028741560019 -0.450324182137721 0.218711794668295 -0.283906691283391
-0.3264143105086 -0.298588327985223 0.0253568762354128 -0.0858969307120291
-0.375082041074826 -0.112037274663405 0.15581121572722 0.0592902174998176
-0.332561137196789 0.041866607180268 0.331790017356837 0.0321728165146199
-0.289139568874459 0.0782169165243229 0.382965218750012 -0.0388007188560318
-0.24376800772199 0.0857778622283408 0.365999516631094 -0.0162768506100848
-0.263412080848188 0.0347650481502769 0.34151221237776 0.0700698810990298
-0.258310181173073 -0.0730956870688317 0.245428887360323 0.186880692368625
-0.244080457155874 -0.176249025683206 0.0126139864938005 0.213584456938911
-0.076768276955275 -0.294403716730569 -0.155188639509813 0.0770618903939246
0.153809080457593 -0.289502318139647 -0.195519621020587 -0.118554816572948
0.221716164763256 -0.261703355054161 0.106114721756518 -0.219511530188233
0.410754272323398 -0.372891825164939 0.149168047034692 -0.202858217701961
0.337996565964435 -0.521274875378644 0.141370499511848 0.33443427613508
0.0689263700240382 -0.54157185862147 0.552342808449898 0.0139345728455644
-0.18512807719382 -0.496533175302098 0.216913551711161 -0.357260238951999
-0.369548970687505 -0.375019052506396 -0.0712777926737696 -0.176152928478644
-0.468487296660869 -0.169321427645422 0.00533543439432783 0.017398952150183
-0.454553838716025 0.0238785565568417 0.171826849118666 0.0383146816659266
-0.418570352359291 0.0696498355056704 0.241189074871656 3.53844129568495E-05
-0.372686220410531 0.0841145009631768 0.253510366357662 0.0186799757762061
-0.405559082621246 0.0139298225802822 0.276625384507166 0.0901564179001801
-0.377001337497109 -0.136449917052458 0.220456252635585 0.193685662566256
-0.331747157652648 -0.246893434286735 0.00424400801284219 0.237217692016452
-0.16221673577812 -0.393461094701392 -0.179294286652543 0.100612222561145
0.125653710372862 -0.456552110823491 -0.222413230442899 -0.0834541595983453
0.28905640391906 -0.4440943527537 0.0152765080095868 -0.11734578632779
0.449357946980461 -0.421391920867434 -0.00542729285323262 -0.0436483026955676
0.296092696899461 -0.564964092775228 0.111997270174695 0.43952787321701
-0.00513333565207311 -0.502010778653891 0.524707680151213 0.00110975134966604
-0.183180414312176 -0.415421333665874 0.176263816309088 -0.39610676678073
-0.339454965302434 -0.356745851145294 -0.161330708519862 -0.242104470138387
-0.469743970650458 -0.18363837918757 -0.143378415952859 -0.028800778584758
-0.495210185941661 0.0104061548226465 -0.00843666914507402 0.0331514593700215
-0.48538878025067 0.051306755581145 0.0635668258995666 0.0363684770341974
-0.458592507797716 0.0668427600163052 0.0994583068809354 0.0607100672371998
-0.50561413749107 -0.020322167873291 0.157858956087097 0.118934330457979
-0.453953113968095 -0.198910943000907 0.141659092726009 0.197265146620254
-0.377260782189228 -0.305210214150814 -0.0324014450825783 0.24956197716925
-0.221152705647548 -0.460571818492544 -0.207778851711621 0.12544001341185
0.0921212855862101 -0.580010111189038 -0.245452331320252 -0.0324050275233045
0.330441048938842 -0.575193742423536 -0.0841788927003614 0.0189458861769091
0.400777309420937 -0.412804891633643 -0.142195428192292 0.101892416637809
0.179444911094152 -0.498610110005615 0.110619948211371 0.471662850216628
-0.0765973311404795 -0.347568106435379 0.437204827810622 -0.0315750662372325
-0.1292306283386 -0.255046063887969 0.109195962006035 -0.378896852232574
-0.243238939615537 -0.281432471218885 -0.220373275801563 -0.25867800802056
-0.395371197033192 -0.159402206191087 -0.256384411201806 -0.0571669190457105
-0.460429772503752 0.0012852842840786 -0.176392528123285 0.0290572540842658
-0.482126153641411 0.0242657912651018 -0.123419425569806 0.0685097149010789
-0.478531991262736 0.0290960700692751 -0.0795331101788353 0.095581125951858
-0.520517640472722 -0.0728725067651634 -0.00355707819156311 0.134148732712276
-0.431534041507466 -0.252976275920475 0.016212314006826 0.180504801388392
-0.332714658665082 -0.3248252416355 -0.0941068853947233 0.236878824359227
-0.226850948011447 -0.45402954540361 -0.240304356945485 0.136485421778275
0.0674981202869166 -0.617246567763518 -0.264976803951921 0.0226818655318484
0.34346720569741 -0.613614288447005 -0.186647192444659 0.169350549984656
0.288189416984582 -0.355801033949279 -0.231363101940737 0.219429659135459
0.0402216376346457 -0.363327345009253 0.125865644378255 0.431570383911865
-0.11141756764427 -0.158638846038319 0.322555229188846 -0.060296913899553
-0.0424537053878377 -0.10244140151153 0.0514493190489398 -0.315163380977095
-0.125856110284943 -0.196094410971353 -0.23795555995836 -0.239232521694231
-0.27920224581492 -0.122607477839644 -0.324563188715279 -0.0701773820838708
-0.36639392812659 -0.00910063183009637 -0.312304573837615 0.0298680794784914
-0.404972743918876 -0.00429473289506853 -0.29169059020032 0.0929414073326138
-0.417229072057225 -0.0163443346298079 -0.253884925135268 0.110321266073126
-0.426468234852134 -0.122297875258601 -0.171908026849429 0.117219585406857
-0.300570042309813 -0.260404072498099 -0.11466066232773 0.131986376073591
-0.202413151571179 -0.266741749688151 -0.158515045327431 0.199979029349691
-0.188619934998212 -0.356889488186635 -0.275753471525113 0.129735221729719
0.0517362749262803 -0.550332396940175 -0.289745156888114 0.0566399018913694
0.312737288406277 -0.54427032596822 -0.284315280155685 0.299124165422082
0.155749175788215 -0.253179930914238 -0.268907579077117 0.299781461201975
-0.0651675640929276 -0.205267304426949 0.140294870164748 0.359854154972871
-0.0992894508036953 -0.00570897191038754 0.223580016533266 -0.0686193777603451
0.0400069864043621 -0.00200414144490228 0.0263678130244466 -0.247850184290457
-0.0236313481072329 -0.124092857092879 -0.228192309895724 -0.217524434954853
-0.151968090770146 -0.0882713818515364 -0.357093181966057 -0.0779730380891717
-0.232100260006125 -0.0246158485156943 -0.404894477909975 0.0344145398164636
-0.265618933354435 -0.0319281091583996 -0.416665880190718 0.104355224078319
-0.275101294479469 -0.0561858279189838 -0.39212634081241 0.0990911852242488
-0.23930959717755 -0.136618643886748 -0.305070728130843 0.0675917150640627
-0.1051019832446 -0.187645757898819 -0.205933907052139 0.0624334226558918
-0.0564753747229406 -0.114753936640059 -0.201850320197725 0.1560907092021
-0.15110054691181 -0.185011159014289 -0.316984447441566 0.110825212173852
0.015950067391263 -0.383134382602437 -0.320521257660597 0.0415339200221399
0.226146512938882 -0.376783488207265 -0.36087726539082 0.376385069047622
-0.0501477560597961 0.12632925786652 0.324408047062498 -0.444952920867811
0.109294949677105 0.112692072590065 0.259831053391544 -0.0473600394825232
0.111439116558285 -0.0502985941789213 0.380719552374792 -0.0990663682166762
-0.0576821198032771 -0.0959898253763585 0.167471066367662 -0.16834150707472
-0.0758753988369268 0.0355918480664323 0.152260503408616 -0.00308867572878231
0.00648663679421355 0.0607442976453296 0.31820220969953 0.0266666022357226
0.063443571882043 0.0482719629862237 0.455900268854838 -0.054347121400109
0.0741163231012114 0.0553302983843192 0.464810374400478 -0.112448652857528
0.065472325374043 0.0621635888731961 0.429590418628396 -0.0628450474343467
0.0248134711854425 0.0764343945637228 0.354943434632041 0.0385401206904119
-0.0538372625534388 0.0615655454560191 0.233658348683125 0.158799369675028
-0.110888509218398 -0.0467118062484526 0.0237501585171743 0.188486844402366
0.0433113741957834 -0.107754690558353 -0.134253935886502 0.0851906539452384
0.122603786617129 0.031430356353368 -0.1573389763946 -0.157389206855683
0.0079210359890825 0.117126581512705 0.224309868189281 -0.309694853654817
0.10930540317025 -0.0831096948688811 0.324118341336781 -0.430217991077983
0.191492193052225 -0.136696309592781 0.238376374983443 0.0493363128181478
0.108663021518069 -0.256155641355416 0.456400152576867 -0.0615645556763753
-0.118233754922208 -0.289278377833567 0.182720610503672 -0.212218425131838
-0.226469668992637 -0.132831231094069 0.103110889617612 -0.016453754240881
-0.204133872267866 -0.0129460166109825 0.270384584432645 0.0602648777077117
-0.143784989380568 0.0579313079726362 0.430305376687715 -0.0122173584750702
-0.110896117004362 0.0758747590963519 0.453077307380132 -0.0899018210344966
-0.0876711857836988 0.0775120368764462 0.420335350603453 -0.0517829444108966
-0.111168987889164 0.0561763224167653 0.361051838382598 0.0430503951183489
-0.143768342202218 -0.00227772532659511 0.244729757060428 0.16551324836534
-0.166949758866796 -0.10026613730568 0.0213037458735375 0.190253008969497
-0.00990078998856641 -0.192757276709121 -0.133387183770679 0.0753690600479687
0.149391835804688 -0.123924832165818 -0.170391861900248 -0.128352842003953
0.123437165355371 -0.066824895978655 0.170794804917818 -0.283177758661068
0.271434067925113 -0.259265559721395 0.259256903178361 -0.340659808284619
0.276246889982171 -0.368514903464197 0.198669870274249 0.18220815845196
0.0973325453098122 -0.437223903224005 0.517273991645879 -0.0268651376920731
-0.163694832591293 -0.436976245663873 0.200963512214828 -0.282500070279617
-0.331186726245995 -0.281393557560294 0.0236273198119232 -0.0817483078841192
-0.371773820093789 -0.0965198280099581 0.15825747222426 0.0521502876300756
-0.324465009262143 0.0509313531425041 0.327353670141915 0.0161180112684523
-0.278952833578337 0.086280924455086 0.372447649111975 -0.0546300022190484
-0.236349407522379 0.0915113231890711 0.359856218642241 -0.0285804364510105
-0.256591068864581 0.0426519747897848 0.340016398515757 0.053573557646344
-0.256652478708802 -0.0625357355952896 0.251516254846586 0.172882420820476
-0.244995089068209 -0.162002082209027 0.0245818092640195 0.210024316794997
-0.0862506905488825 -0.285752348780125 -0.148536553467954 0.0873431791792229
0.141542492527643 -0.291337219952227 -0.19632191334374 -0.105694268492374
0.209461129367128 -0.263134310876655 0.097039264249217 -0.221012703552346
0.390199592137593 -0.374454884265096 0.136369223802944 -0.198728970544764
0.315657158990058 -0.522072421948149 0.156289278262887 0.321166624904853
0.0527368249913808 -0.529414765678747 0.544911726244285 -0.010935069931584
-0.196065489871718 -0.483341428240799 0.19658472699584 -0.355036961320109
-0.378264079388087 -0.355897972059525 -0.0730699194898374 -0.168041829789633
-0.466410393869433 -0.149034684447291 0.00898329801383266 0.0156153577182842
-0.443066129195695 0.0401504318950875 0.17101587856092 0.0278279362873834
-0.406352999625787 0.0852631276806894 0.235566023762245 -0.0132701621393647
-0.36366016078839 0.095494720402095 0.250295508156828 0.010424736967066
-0.397639474994777 0.027589543936711 0.277212286626766 0.0768341868537871
-0.377749826064754 -0.120852383771363 0.227451375277269 0.180365807011007
-0.333291674358217 -0.228330317891264 0.0166864945747626 0.234229587388972
-0.172081927939461 -0.379793751461071 -0.171657959000797 0.11229034222125
0.110163622923983 -0.454392523278018 -0.224118144584904 -0.0715370120323759
0.268123569198185 -0.443177779792078 0.0120074969777649 -0.118855991016127
0.425089600177827 -0.423811211079872 -0.00971057937325824 -0.0390796800890701
0.269896561071263 -0.562343139352296 0.13096714427734 0.425041243493767
-0.0169728366883398 -0.48893713990194 0.515520921006455 -0.0234130961567788
-0.19195360601628 -0.402804973489718 0.156054207681993 -0.393349161686018
-0.34794018241655 -0.340025014382348 -0.165098349736601 -0.230351834849242
-0.468034518166221 -0.162460445540166 -0.139211814538582 -0.0237718133897879
-0.484457639008814 0.0289534804566926 -0.0057517258608214 0.0295537056164136
-0.47387450058486 0.0693687683013195 0.063462192884446 0.0292013399846686
-0.448628046296373 0.082718991584037 0.100552383098258 0.0569966778792143
-0.498415590649254 -0.00264526131458611 0.161752419575307 0.109077158675672
-0.456142129781813 -0.179397821535883 0.149456179805466 0.186469129994256
-0.380927211031922 -0.287599775394935 -0.0187894936681622 0.247742991350139
-0.230514604652999 -0.443065234956377 -0.19934964186242 0.136233211727419
0.0725268414524405 -0.572989731585506 -0.245777496563717 -0.0214859897052639
0.304588557055122 -0.571079176328201 -0.0797982202085873 0.0172036705938693
0.377010704735086 -0.413663746943342 -0.137803096548094 0.107737359656166
0.156283454489721 -0.490877707776737 0.129722196120289 0.455217608435039
-0.0836136212989016 -0.333866246573817 0.428749824384046 -0.0508180560536528
-0.132585213825443 -0.247762101466891 0.0909905083948495 -0.374200217567387
-0.252657310014036 -0.269138739385091 -0.22441918850481 -0.245125440453098
-0.394878331273878 -0.141005257080784 -0.252201160435152 -0.0483575339918026
-0.450676331892213 0.0210363437191985 -0.170623528853003 0.0314538662929461
-0.471120563840689 0.0470186972275839 -0.1180699138765 0.0679355317628116
-0.471439779548044 0.0493674755045848 -0.0737530920957079 0.0974693285212013
-0.515450301602517 -0.0509613221175246 0.00327801339627895 0.130571018094358
-0.436903163894023 -0.23322905236859 0.0250610227148673 0.175453961601224
-0.336526300781867 -0.310220237700747 -0.0805874982265684 0.236470390422314
-0.234006492494371 -0.436463269741078 -0.231349199431343 0.14772625292275
0.0488679123076132 -0.607566968474587 -0.264733392335963 0.0317094892711592
0.315307353686419 -0.609754814790356 -0.175137083446869 0.166815996781802
0.267246407351371 -0.354288668794699 -0.221183877149076 0.224343612012414
0.0264029536384366 -0.35251923868211 0.141016710822771 0.414418553566434
-0.110285700014583 -0.147261886776028 0.315516071339605 -0.074250807995428
-0.0435090686316467 -0.101251514025514 0.0367267079787412 -0.310075250709711
-0.135496424261811 -0.188915469886355 -0.241454476323464 -0.225782036376361
-0.279868360465453 -0.108007610249686 -0.319438270741724 -0.0576812153273855
-0.358198778406204 0.00918574821177524 -0.304230047481495 0.0386947349563825
-0.398291708143825 0.0163043492739645 -0.282651720675107 0.0994947172953471
-0.412760492474099 0.0036406065331694 -0.244293592099606 0.118058301412252
-0.425521841384422 -0.102501911559061 -0.164349839176003 0.12116070154019
-0.308017270988981 -0.246847236695876 -0.106874974557228 0.132826226898035
-0.206704996399016 -0.257766509220851 -0.144977922217601 0.200637960274515
-0.192405758223313 -0.342273774422836 -0.267182857829474 0.140675023918577
0.0340291614578174 -0.539314034119736 -0.289314222752809 0.0650599988438878
0.287025053154468 -0.540597090657466 -0.266045771083418 0.296949758094033
0.139404974194172 -0.250824858675725 -0.254786618366518 0.303419074286803
-0.0714259409168038 -0.194229589581198 0.154368655677385 0.344902311076808
-0.0936296491012881 -0.000205722941940258 0.215646362427908 -0.0782115878397659
0.0397471671188004 -0.00634410314263238 0.0144719597538307 -0.242813534579614
-0.0326044462408226 -0.122118411681312 -0.232306995239162 -0.203553784522589
-0.153259656412141 -0.0789093793384509 -0.352770641858895 -0.0621490762771918
-0.227976796813502 -0.011946063650853 -0.394595753770644 0.0472162697034723
-0.262090682187185 -0.0157209173215833 -0.404329985493616 0.115238119894216
-0.274553023292908 -0.0396991130125711 -0.378828718590745 0.112313551795121
-0.242350330186715 -0.123157008179422 -0.2962108937205 0.0787341635702725
-0.113075621771244 -0.182995227259417 -0.199920973117033 0.0674250568515766
-0.0571417550390253 -0.115041235247418 -0.189864224162447 0.158706616698854
-0.150023931372716 -0.172208075643743 -0.307016817358612 0.121292765514266
0.00243729306955783 -0.373989736476463 -0.31932960273983 0.0523971460055656
0.205569873075441 -0.374379308178243 -0.337443293280886 0.375868617956256
-0.0433374864977165 0.126715995281713 0.308494329181397 -0.440486858328074
0.112221250550929 0.105343985137619 0.260479082056183 -0.052463225606888
0.106892142953824 -0.0529641941060778 0.374910908057304 -0.111047845330583
-0.0608790314285877 -0.0891264438109217 0.158323973306237 -0.167659788879152
-0.0701863772785802 0.038855847084313 0.151877475309842 -0.00236268456304908
0.00960771085073056 0.0595211518713343 0.315735960134157 0.0186260826798257
0.064124682655528 0.0432689814108713 0.446280805447604 -0.0677938431191684
0.0766193344558643 0.0485020208625381 0.454708687619626 -0.122356338629023
0.0686547171272732 0.0571555487822433 0.422364998622508 -0.0712874355867608
0.0287349181892068 0.0730902763318014 0.352206685345995 0.0281843360919526
-0.0495108620305949 0.0625517584455827 0.237920443492126 0.149782066932551
-0.110540059688113 -0.039800376280431 0.0311466384058802 0.186236124966661
0.0385080527860161 -0.10782905729756 -0.128212268888556 0.0903393475315518
0.121282053298618 0.023806801538763 -0.157505724323769 -0.147181290696697
0.0127117602939497 0.113183395478818 0.212527343103655 -0.310930043524051
0.108751533791412 -0.0816220224131086 0.309914727639611 -0.424483768559306
0.188422287504895 -0.142114778290314 0.243386908254846 0.0433298990010828
0.101659483928359 -0.256356159947759 0.45070105758536 -0.075145789653896
-0.124215541673173 -0.280628228645577 0.172367272152477 -0.211074632043494
-0.224008975347366 -0.124694829320017 0.102712828537467 -0.0147366760048779
-0.200496968798225 -0.00856358484678503 0.270485545284278 0.0532856993422956
-0.140404143222229 0.0582279006115602 0.424603333903561 -0.0254771490109615
-0.105472091019726 0.0743313364295199 0.443973650270489 -0.101495577247068
-0.0832320511008217 0.0765357299612777 0.414912042592733 -0.0622020633880637
-0.106743807015789 0.0564419887749245 0.358451420004188 0.0311301757851026
-0.141625846882401 0.00101874786719615 0.249246266325299 0.154834086862485
-0.165966394730248 -0.0921694687582403 0.0297112589150542 0.188082055085427
-0.0153445006813474 -0.189026390039423 -0.127690984371289 0.082286033994081
0.145131966844239 -0.128523183168093 -0.17053503155894 -0.118352239910892
0.121433688658338 -0.0686055008973869 0.161035201485059 -0.283596755582858
0.264683769508486 -0.257012982431966 0.247172404278558 -0.33519386866525
0.267009117625579 -0.369094800082478 0.206045169923301 0.174123887160843
0.0892184872373296 -0.433158721722992 0.512684915522895 -0.04407327366737
-0.171356116807725 -0.426732382660535 0.188008366767933 -0.280705504016928
-0.333817110694536 -0.269845584866246 0.0239788755815313 -0.0783407032979238
-0.368984468654322 -0.0862406443427891 0.159764425996388 0.0471318051802053
-0.318872824294898 0.0569589867873092 0.324085492215733 0.00409267801592789
-0.271578296030465 0.0898538125523715 0.364760252242877 -0.065136165653773
-0.229694189173669 0.0947162816531972 0.355925654190345 -0.0362618899629209
-0.2512837094236 0.0464020793479961 0.338499620420324 0.0424603576295218
-0.255471316134832 -0.0555234515532108 0.256126641712564 0.162380558471017
-0.244409124337494 -0.151555006857192 0.0334209079012423 0.208157795493701
-0.0909491455621425 -0.278781510504434 -0.142667718775612 0.0952028190764252
0.133249074269132 -0.292275401196041 -0.196139276299415 -0.0956998909671188
0.201346284003137 -0.262592216623255 0.0903701176678811 -0.221229363653769
0.377655595146744 -0.374345940334675 0.127920765353245 -0.194122600059
0.300947021056997 -0.5212065277507 0.166567404609339 0.311013532933483
0.0452640168139565 -0.523285161750098 0.53779141091353 -0.0297733772057184
-0.202773452226929 -0.472919210910289 0.181674771479913 -0.352358801846137
-0.382181394989901 -0.343021137506914 -0.0737572986296203 -0.16241496719219
-0.464621904316659 -0.135388396116557 0.0113602098706552 0.0140825875361194
-0.437708272458964 0.0509963339512435 0.170810935669298 0.0193104478225727
-0.39723458291173 0.0950572316766511 0.232040447012777 -0.0215772036382882
-0.357980353370532 0.103633565887838 0.249403588868854 0.00484696536841711
-0.39210433142113 0.0374347072839826 0.27762420242776 0.0664103183456307
-0.378323824026849 -0.110154320549768 0.232905879561589 0.170482111513751
-0.333985055920411 -0.217205137116625 0.026988531150009 0.231650144031286
-0.176460625981853 -0.369574693459875 -0.164530981518052 0.120473838464337
0.0992829203203824 -0.452445147111034 -0.224820571858707 -0.0621417036107604
0.256309669336861 -0.440865283257139 0.0100719463112806 -0.120981672207822
0.410325769208491 -0.421639903474281 -0.0132875078568928 -0.0342469855828928
0.253106752268915 -0.556965180217433 0.143768608503152 0.414224816263603
-0.0221612243743027 -0.478847339586423 0.509242032105789 -0.041169949492035
-0.194887039656736 -0.39528112603352 0.140584237590285 -0.389132554690273
-0.353830402258825 -0.33013023586657 -0.166287578134617 -0.222375839345544
-0.467817853082511 -0.148074800060001 -0.135923051563043 -0.021464186595501
-0.47675429236997 0.0417489995731187 -0.00393146323801188 0.0260235384165033
-0.464753891002559 0.0834318436849389 0.0629138157310952 0.0237079091112745
-0.444319156701357 0.0927702822627787 0.102089978865016 0.0541530392615192
-0.494507801569696 0.0103329070763582 0.164719947872318 0.101788404394108
-0.458393727836231 -0.165837583923386 0.155519255558516 0.178217332299713
-0.381663020259572 -0.275318050669352 -0.00796347847943372 0.24538352538483
-0.232756022090367 -0.430383706682633 -0.19290710463226 0.145337475067433
0.0620939388342897 -0.568242037478712 -0.248077392485905 -0.0129937896438712
0.286761820255814 -0.566521526122793 -0.0767961172784138 0.0145653443435237
0.359679118855118 -0.411572943591687 -0.13621117512972 0.111956631873034
0.142923005615737 -0.482594996247753 0.142693641964117 0.442402322055265
-0.0838792523522607 -0.322994073196132 0.42210580120508 -0.0656980864592925
-0.133758944023067 -0.242928460853118 0.0785954146300022 -0.369146975785123
-0.259257413493038 -0.26087240966197 -0.225384102249961 -0.235575840994602
-0.394893335829328 -0.128295148248748 -0.248625375177104 -0.0432933210998043
-0.442918678861864 0.0335453619317469 -0.16667490391005 0.0328189754186058
-0.463947454287802 0.0615351238670848 -0.115615233224892 0.0664845929850668
-0.467158271924229 0.0631128574034775 -0.0689593456516361 0.0981829607105452
-0.51356012981817 -0.0374471505286168 0.00832410824571479 0.127651994588137
-0.442049523941253 -0.220299080344323 0.0314512746083173 0.170752268765869
-0.339047201161915 -0.301710702856917 -0.0702720200968682 0.236021788387136
-0.236213719651873 -0.424609301655487 -0.22577286766114 0.155894041492174
0.0370145241149289 -0.599987407649467 -0.265895360173434 0.0391788791456501
0.295621787895064 -0.605237169156837 -0.167023470789226 0.162305188765949
0.252665010299541 -0.350329271404565 -0.214484254860802 0.227081742794374
0.01715577974764 -0.343162112906662 0.152754661004945 0.401251881208536
-0.107918905934323 -0.139539028984401 0.308349506506739 -0.0843339041481183
-0.0430574603689083 -0.101059423078069 0.0268823743298721 -0.306412655333484
-0.142579406276073 -0.183396026532169 -0.242620157647722 -0.215841602669308
-0.279867643678722 -0.0978546501249712 -0.31555446132096 -0.0506898151700423
-0.351385764278746 0.0209024186839183 -0.297681828870917 0.0438850177207177
-0.391551836877949 0.0319597006768571 -0.276422082754787 0.10179487044965
-0.409030147692281 0.0172430432883839 -0.237271791140541 0.123203775443211
-0.425522370049831 -0.0901264519995865 -0.157884023302346 0.123830578264924
-0.314597253425568 -0.237803657322421 -0.100825907911922 0.132053736629239
-0.20848643298588 -0.253917054892872 -0.135305427857265 0.201027020460813
-0.190916931929125 -0.331163912664603 -0.261481147946689 0.148405211228555
0.0242406000125433 -0.532603012773857 -0.290316856628867 0.0713256533239465
0.268141342601564 -0.535342736927087 -0.253739987537205 0.291339080929637
0.129511558145913 -0.247801788320932 -0.245240551957761 0.304873266750676
-0.0752570872578026 -0.185416497239274 0.162297454394274 0.332777645532262
-0.0886384912104908 0.00368922637954224 0.210595728239796 -0.0846198856948023
0.0398394793758809 -0.0106851541040167 0.00633019424089249 -0.239837494849251
-0.0394427994718353 -0.119492023037969 -0.23456312427891 -0.1945170344237
-0.154871734337632 -0.0718319779329667 -0.348663758795227 -0.0532030982303994
-0.22328024060132 -0.0021979618109527 -0.38658971963792 0.0564344813015849
-0.258769239775292 -0.00344147953901473 -0.396127232274369 0.121476905374264
-0.273764450555689 -0.0272614247564392 -0.371481050075912 0.119848663851343
-0.245940518556673 -0.113838009442217 -0.290062656273789 0.085978323670205
-0.118900090023997 -0.179877039192567 -0.195927817580958 0.0708974476451828
-0.0564848879991152 -0.116814374766919 -0.181069555220036 0.15915966438273
-0.147178393185107 -0.164004019916209 -0.301190951677528 0.12745067646014
-0.00547081250024327 -0.367655790420672 -0.320341812527809 0.0600846050330668
0.19214001118674 -0.371281446749089 -0.322962795701694 0.369957134831312
-0.0371744542802597 0.127813019531569 0.298469754776993 -0.439022351412153
0.115610886265296 0.0986039604130412 0.263330958048146 -0.0580841970702581
0.102920923059823 -0.0566515214611937 0.372030282507186 -0.123374453352756
-0.0642265355473702 -0.0840626950879787 0.15131522011431 -0.167814787347222
-0.0656281975216447 0.0425953055310786 0.152159636607149 -0.0018695689103047
0.0132648165932897 0.0591292871469743 0.316941252205798 0.01079235794427
0.0643568114035865 0.0390084066113015 0.440294831826111 -0.0808862595285407
0.0793576800050414 0.0410140547684362 0.448170170203666 -0.133212425352581
0.0719734086803704 0.0519300362590151 0.419737437263023 -0.0804095237112546
0.0318726216808387 0.070525365416963 0.351201803186302 0.0189865235289415
-0.0463590824264326 0.063677536352365 0.242282320595726 0.14120293179135
-0.110899691921785 -0.0338604826722549 0.0389694444234784 0.184850128120019
0.033050075862103 -0.108470102306143 -0.12282338844859 0.0965188691950733
0.120835368615464 0.0179539004591452 -0.15914064639805 -0.138818097812226
0.0172577067424638 0.110712130186413 0.202572059027131 -0.315162888753402
0.110212839844799 -0.0810764725439522 0.298782523885157 -0.423674948274778
0.187267809918076 -0.148092460228686 0.248302484328048 0.0361393067400064
0.0961369471019763 -0.257918416396438 0.448407687088779 -0.0909922244781428
-0.130693389133424 -0.274965633871582 0.163791672423783 -0.210451326296714
-0.224087566123849 -0.117544828682938 0.104865034488219 -0.0138616127272983
-0.197761411437369 -0.00361243643020721 0.272840077855177 0.0457976951445223
-0.138282069097805 0.059035511251598 0.42215482817287 -0.0388627963187856
-0.101618063540485 0.0725726426124742 0.438069336602077 -0.111314674548054
-0.0793278446933085 0.0756866604589 0.412252214826693 -0.0700484679528184
-0.103670728693661 0.057283279059547 0.358671602048186 0.0211196460887807
-0.139814859102725 0.00496577406891954 0.254088906902942 0.145878080679745
-0.166663587503666 -0.0844595213182473 0.0377801917958709 0.187011504702631
-0.0213113241694898 -0.186772554919302 -0.12242559519032 0.0895231313157876
0.140703085518368 -0.133428324078067 -0.171443496187757 -0.109588219905989
0.120243227788063 -0.0710160293886671 0.152484596022612 -0.286378540902852
0.261494382683071 -0.257595938051627 0.237509930235269 -0.33230913289225
0.259941938642914 -0.375090737685292 0.214701115471035 0.167865053257152
0.0838472868171844 -0.433417125897248 0.511445258096508 -0.0600797733016266
-0.178436058396355 -0.421997437134733 0.178240198020343 -0.28038418862459
-0.338419402245037 -0.260558620494655 0.0241463785545009 -0.0768507234901165
-0.369505008745832 -0.0770224721331901 0.161781606069558 0.0421474080922795
-0.314704931628634 0.0625971350362873 0.322979987976718 -0.0070369681302096
-0.266402466975286 0.094070720737481 0.360784570531759 -0.0759507717711224
-0.226694775225523 0.0978937006132059 0.355601735737997 -0.0442380830933824
-0.249003525375134 0.0518708244657806 0.339973464852173 0.0313586541507058
-0.257120426095475 -0.0490858876495392 0.262358351525671 0.152509241812181
-0.245827932313593 -0.142976529043666 0.0426267102871584 0.206591793926766
-0.0966821404918191 -0.273964176272854 -0.1374256420076 0.103198597036694
0.127051547320494 -0.295702598649263 -0.197490696657847 -0.0864707092319015
0.194671871137138 -0.264053508472655 0.0858145304907227 -0.224455116526214
0.369208519038725 -0.375011244482418 0.120560843154707 -0.190929047577916
0.289408566916323 -0.523797616605924 0.178349542395355 0.304732673119749
0.0381319757376767 -0.519690762869533 0.536243006966874 -0.0461677828147795
-0.209445079655912 -0.467649721806857 0.170101043727527 -0.352704013560799
-0.390339001902498 -0.334308447445887 -0.0747599386351178 -0.15909716490669
-0.467084619336939 -0.125098333164147 0.0135534145247096 0.0121643186110243
-0.43218193426425 0.0583763613158702 0.170344872175916 0.0119911888618052
-0.392288627517399 0.102438573081198 0.229209975375396 -0.0304212251926448
-0.354092611328035 0.110989399955624 0.251137566539749 -0.00117457042222644
-0.390768710496505 0.0462751827326394 0.279974184290265 0.057800189204516
-0.382242228081101 -0.100239856804913 0.239076427168711 0.161768113745248
-0.336994912513968 -0.208232270364761 0.0366804133757648 0.230949348378934
-0.180426899587273 -0.362992105924503 -0.159212047788598 0.130200764170085
0.0912302450695838 -0.452897537666256 -0.226903260292024 -0.0539465784329829
0.24572488577467 -0.441281391054214 0.00843927107695201 -0.123655796000354
0.400381305587272 -0.423522680415051 -0.0162288737874564 -0.0305580339900145
0.241629089686623 -0.557686080584527 0.157854161376497 0.406343569112145
-0.0293306071669002 -0.472670083703308 0.506393905041083 -0.0575379730283851
-0.199083972544877 -0.389737096774355 0.127928142005656 -0.390130882648252
-0.362027779346714 -0.320689298913653 -0.168256032579615 -0.218137606940328
-0.469784012495089 -0.136143661627574 -0.134349265988619 -0.0207233525081927
-0.472208885741722 0.0514995945325458 -0.00216285951427513 0.0222429874045125
-0.459003681218247 0.0954075808177742 0.0621616473862707 0.0185178834596543
-0.441419619901681 0.105773884174635 0.105633480944918 0.0513735558878214
-0.493433414034862 0.0233633831933197 0.167746720051503 0.094649730382803
-0.463601516014917 -0.156483524900217 0.162239083849736 0.171780003020714
-0.384878175465291 -0.269651318294185 0.00133728327598229 0.245017144001688
-0.238288389686074 -0.423193994508689 -0.187369809216644 0.155041216522131
0.0517405743892663 -0.568522437672432 -0.250648861592097 -0.0052222460018012
0.273181840676898 -0.566889591992611 -0.0752191849171127 0.0112149291743089
0.348651374018609 -0.412224454395789 -0.135841051209723 0.115791654369598
0.131858495925697 -0.480045579349797 0.155620112277982 0.433400321732223
-0.0855654296845773 -0.314885244735355 0.420460827809794 -0.0808866736166181
-0.135135289359288 -0.241237495752438 0.0673969260000152 -0.367880626481156
-0.267592226662512 -0.255019765689818 -0.228824952393333 -0.229747267282738
-0.397754561906029 -0.11804143879015 -0.248361368288961 -0.0399960803923205
-0.439231994743223 0.0447664144211201 -0.164719610916274 0.0334402629903926
-0.459207956455411 0.0756140629625128 -0.114262525657804 0.0654566800908967
-0.464067163580675 0.0763782999909964 -0.0635628474256213 0.0991447147781357
-0.514462815416519 -0.0238260990152524 0.0134083020635848 0.124864171583559
-0.449447565131017 -0.212315632041272 0.0375411447059898 0.167395042332686
-0.343983269678046 -0.296647413411435 -0.0610747790210563 0.237475730178002
-0.238580711837856 -0.416669466799388 -0.221229233619589 0.164024389370605
0.0251970523526153 -0.597076075656507 -0.269180165616204 0.045852655514331
0.280107215000989 -0.60269024320831 -0.160626641742528 0.157269582887652
0.242207149587302 -0.349171616640004 -0.210643586444878 0.230918726195482
0.0101752912307902 -0.336895871967648 0.164416516724659 0.392434300265217
-0.106198328925945 -0.133518884157649 0.304313070707741 -0.0959624859162541
-0.0424509874421043 -0.101766495414418 0.01703297888313 -0.304703420305901
-0.150030835302253 -0.17941706161396 -0.24650434057477 -0.209280638736843
-0.282308984385493 -0.0890385779896663 -0.314423819958923 -0.0431011230982268
-0.347173129885371 0.0311669110484264 -0.294848193107296 0.0495393518225083
-0.388808421900297 0.0454005771831109 -0.273994254402189 0.104496060768326
-0.408574016401139 0.0313325567525692 -0.232211323251037 0.126887263243653
-0.429985431393626 -0.0778951921935591 -0.153051148664272 0.125768909922425
-0.321909311111267 -0.231112509590371 -0.0970448084277225 0.132126503260783
-0.212173965679195 -0.253786112056734 -0.128057938373591 0.201908960375163
-0.191556831797194 -0.324060988239453 -0.258229382295595 0.156243382266566
0.0138375794857372 -0.529812453288786 -0.293670732370887 0.0785758648531551
0.252950397286128 -0.534561860547128 -0.24516497863308 0.28784262173492
0.120293702494288 -0.246424267533515 -0.238221224307104 0.308343058524772
-0.0779278331029408 -0.178883288729111 0.173731149612137 0.322918895163601
-0.0845399116394288 0.00692447009713612 0.207633993000708 -0.0926093256834767
0.0397868258974677 -0.0143422850010283 -0.000574788633864369 -0.238368481056301
-0.0462247684506965 -0.117965905429045 -0.238228285213781 -0.186210768929251
-0.156724454600717 -0.0667990160356934 -0.347324506992374 -0.0448772056430109
-0.220532180261502 0.00644689048832359 -0.382916661210882 0.0645208373533836
-0.256838437662807 0.0080001710310106 -0.390050213678026 0.12842564473965
-0.273715229069757 -0.0148098261176342 -0.365791911763072 0.128930092089599
-0.25014989428926 -0.105958223102361 -0.285447463503582 0.09261649912927
-0.126053202313642 -0.178841518485299 -0.193419150079772 0.0730197204236089
-0.0569000380321182 -0.119679743001107 -0.173857476879664 0.15955412809246
-0.145428939429947 -0.156878393684233 -0.298486371805426 0.134512113962275
-0.013007422837482 -0.364757386717754 -0.324477965177729 0.0673721826903349
0.178683021648862 -0.372754751871721 -0.312720594507859 0.366891566093098
-0.054827000112259 0.123506392661013 0.37008315612819 -0.370748945761026
0.0946625862468984 0.11442622143903 0.269954755376522 -0.00547786883415661
0.105544905221584 -0.0321506013253447 0.387775399923147 -0.0497256221553526
-0.0481429634946753 -0.0841537320107062 0.176715183801406 -0.135568534906402
-0.0696820555882305 0.0314025354682076 0.151505208412823 0.0284334207948626
0.00173149615648194 0.0595407520486603 0.310089107820709 0.0700746251655838
0.0555714892555888 0.0452723129585458 0.450138645997141 0.00655769498992823
0.0708188152437643 0.0514249399108391 0.459883603722789 -0.0426095180555177
0.0618342949058516 0.0621449211404204 0.425996745603371 0.00457203254204156
0.0188176086568879 0.0723755828999995 0.336648490014434 0.0875765474260465
-0.0553028589558716 0.052927217767567 0.209732801067233 0.183900395507283
-0.099156054888966 -0.0518400832207379 0.00166733849716756 0.188429777731805
0.0539330930733215 -0.0990331679478171 -0.137040059825281 0.0726790219239312
0.11280437164061 0.0389251185526983 -0.130193103386523 -0.162368965662776
-0.00429707028808012 0.111014554351591 0.26871978188619 -0.275835717118852
0.125584963356747 -0.0477738019612435 0.370821429736517 -0.358315305371366
0.205674597126405 -0.108936068481473 0.247075827325841 0.088901546821007
0.137470343648857 -0.226770515398342 0.461908946936431 -0.00556335836869711
-0.0752839476182382 -0.278863868350253 0.200239477907461 -0.174714999759881
-0.193195168382451 -0.15299858204071 0.10963204645363 0.0105905132828133
-0.191700973477266 -0.0413714387048366 0.264474637490348 0.0927575565515127
-0.144552836257777 0.0280218918603807 0.423097352335843 0.0409239901192638
-0.11374330769227 0.0483236134171999 0.446985843327585 -0.0251805087479128
-0.0914886450241013 0.0557129187181039 0.41778788316406 0.00982064205706442
-0.110362530465351 0.0328735940760958 0.342594520398257 0.0902996744964481
-0.136381215550922 -0.0234786492172873 0.218343173209792 0.188922123085667
-0.14068228244432 -0.112005129853136 -0.00221565008186467 0.189570685313324
0.01901263335485 -0.186319386591646 -0.137944803500081 0.0632636573858043
0.163159306036516 -0.103808145986377 -0.146249408447972 -0.137029382492922
0.132884345506361 -0.0444295698547084 0.214508888535292 -0.25830076159248
0.30299774104689 -0.189043328600836 0.295666222009675 -0.281695037211723
0.312799704896159 -0.313810049518465 0.198164750408852 0.214750291180783
0.155798372657442 -0.395716084166577 0.522486028790847 0.0342523875890864
-0.0918264397996726 -0.427556373661305 0.229678707414921 -0.24302518116107
-0.276918728089394 -0.313077478282651 0.044671225709787 -0.0637545509469256
-0.343755838172559 -0.143349781481975 0.159972047583493 0.0663157150995282
-0.317366092713506 0.000428825454865891 0.31948848816167 0.0507338848960964
-0.28038495065572 0.0393260760459415 0.365442390973331 -0.00659518604239129
-0.240273581876082 0.0491689825284714 0.356335365631611 0.0237554682677198
-0.251727719273577 -0.00018912483703911 0.320220852280583 0.0949454590550227
-0.240696347643854 -0.0997691141278622 0.221669830028472 0.195073807468437
-0.203764600729981 -0.186627179349697 -0.00316955090711546 0.209385697162751
-0.0353522641319264 -0.287752248484751 -0.157903186219163 0.0727623492111603
0.183438163007151 -0.26368112597346 -0.176548122916074 -0.122646186881041
0.244473541710595 -0.216735200042749 0.134268074551444 -0.212101713441655
0.427835039382111 -0.284009237730351 0.157603373779922 -0.164581826372148
0.365289771599955 -0.451365545544303 0.142030694659429 0.345019441644099
0.13048254637087 -0.486144422552365 0.549214202805947 0.0508892204276299
-0.111233341633494 -0.477401868044877 0.236364637891919 -0.315975403071492
-0.311973392769124 -0.393194691377768 -0.0359229259211873 -0.161681782171766
-0.427814515283258 -0.210029633846615 0.0222249564940656 0.00655383512112707
-0.430961940721813 -0.0233335783154842 0.165520612648132 0.0378438028435961
-0.40585827598222 0.0244644546562217 0.228383677788894 0.011254407145936
-0.367450191979069 0.0381341819893354 0.2464383534216 0.0446926155270113
-0.388260035802559 -0.0313436798095635 0.255717319828201 0.107303648834689
-0.352729188423576 -0.175006866891307 0.193051515805108 0.197702682143899
-0.276279199287608 -0.269988389787232 -0.0175480264648622 0.229230082010136
-0.0966871424714559 -0.393362238510298 -0.18764517398605 0.0928594667273475
0.180977280514665 -0.424648546235264 -0.212003864072225 -0.0975629001654443
0.33060422751794 -0.379236246229947 0.0358861697414716 -0.128998433520412
0.465105056060811 -0.325700051881506 -0.00605446037346061 -0.032462504641613
0.322979817270406 -0.49158671080012 0.105566481831566 0.437007202169651
0.0580264042095053 -0.450502537701133 0.519491183587905 0.0333308431561834
-0.113013391171274 -0.400736695399725 0.200869359167667 -0.361294625758516
-0.28634501326221 -0.37518864667175 -0.117768666327428 -0.23756137563314
-0.430179153011979 -0.219124078699175 -0.11803502072222 -0.0536186127217873
-0.468767852021227 -0.0335793956555366 -0.00800908262311506 0.0138699763988988
-0.469902505745897 0.0081428571326754 0.0567575500351566 0.026521870471061
-0.451127517144289 0.0157076026225347 0.0936963158585963 0.0671199766790763
-0.485893155068687 -0.0730919050635373 0.138663148301122 0.120084825860859
-0.423280778049694 -0.245078289598308 0.112934322625127 0.190780006559575
-0.310306721916036 -0.339300677555236 -0.0562349309547861 0.234765425115831
-0.14015336390122 -0.465278406903329 -0.223071398472536 0.109504752402559
0.167411004890285 -0.542293254670145 -0.245852666114799 -0.0575605080909708
0.383475178832442 -0.494513356390857 -0.0773185101428663 -0.0139181091987538
0.410186050031001 -0.328230699906648 -0.149937670530423 0.0887082218280499
0.204346809746126 -0.433514744506314 0.097163985887417 0.458952409705117
-0.0249891449204284 -0.308561341596789 0.434007368039172 -0.00789033824394386
-0.0787987477861131 -0.248568067429239 0.135746847243776 -0.350983166999919
-0.208918322744796 -0.293499156780358 -0.176258401874709 -0.262381370575313
-0.360679976218472 -0.188254664766994 -0.227541986909051 -0.0929146073872209
-0.434476741766893 -0.0328654993431415 -0.169900053552758 -0.00667023439342327
-0.466358730635017 -0.0103849167963919 -0.123829207776619 0.0377663856082722
-0.469363820287014 -0.0152139937046997 -0.0822963842862284 0.08007445016101
-0.497753712760952 -0.121541022659563 -0.0184659626636573 0.118876535528077
-0.398810152879731 -0.296323375413121 -0.00834746727015567 0.161615967399179
-0.264592400560745 -0.35916046354217 -0.115376761905333 0.212332744765504
-0.139000701537446 -0.457713910592679 -0.258964838510966 0.112650826790856
0.148757801411405 -0.577581602418694 -0.275836588012219 -0.0103260910681622
0.397611723745044 -0.528744029047019 -0.195774696727684 0.114446278992263
0.295493135674949 -0.291908763552896 -0.244075903695427 0.18764102401378
0.0605709901493994 -0.318657346715576 0.10787527677229 0.413363606342992
-0.0758952159278326 -0.13840577999978 0.318161211547928 -0.0444053574708163
-0.0169212776550465 -0.102660044826336 0.0716303060406921 -0.295709179928479
-0.110579715607401 -0.200042246785559 -0.201071066313701 -0.245575585888068
-0.255301597981363 -0.137774235859889 -0.295209136324501 -0.108253206952347
-0.341637669137113 -0.0288504142928697 -0.300075861835283 -0.0160217788486139
-0.391578353947341 -0.0263962893025317 -0.286377009030417 0.0459322440967041
-0.403685518993566 -0.0480150609753779 -0.251613883695662 0.076211993171727
-0.402188592670754 -0.157581846842142 -0.17736956117461 0.0871144889494933
-0.271577321599601 -0.292362639174921 -0.128823358333904 0.100831534297635
-0.147032856476232 -0.290509928688558 -0.170516346708809 0.164238250084454
-0.112681936891117 -0.355105279049671 -0.293598972953081 0.0968365177350345
0.121616877149592 -0.510002259988929 -0.307563683706626 0.0168622633733892
0.357779975422314 -0.469255621668305 -0.306336748194347 0.227073175716137
0.158233312575781 -0.218731414619582 -0.285998347495565 0.257155352268208
-0.0495785617561547 -0.181937403726718 0.123042078247738 0.342059666924428
-0.0806924784725948 -0.00260237478333538 0.218691843200853 -0.0585316491322354
0.0441995439837445 -0.00718010006529177 0.0407198587498995 -0.233343998746791
-0.0217924513135454 -0.121527572683206 -0.199291745690346 -0.222681585101802
-0.138540960642034 -0.0912409324507866 -0.330512063628584 -0.112547647452336
-0.213939803191323 -0.0288537832256113 -0.390607278357428 -0.0154664343819858
-0.25379133992638 -0.0359851921888539 -0.404641089510448 0.0480875121915814
-0.263268857045259 -0.0660756627673322 -0.383008798523729 0.0543756033925864
-0.225058521750245 -0.148206245201704 -0.296902831810816 0.0299580369018932
-0.089864721711641 -0.201829695511835 -0.206421102236493 0.0276863646661049
-0.0260638320596607 -0.129281607754723 -0.202801109867468 0.116101297380803
-0.10365839570936 -0.18003114331718 -0.326874881138187 0.0713221875739516
0.0602604703835151 -0.354681622102156 -0.337803216935678 0.0018095481482106
0.250210203731446 -0.32664937534473 -0.390430192625737 0.293750262277658
-0.0481070875379447 0.124514173939488 0.356045176464258 -0.369235542029609
0.0982314423711139 0.106833873168437 0.272098852728936 -0.0111593260457517
0.101644956421206 -0.0359173209768924 0.383792177158604 -0.0631881035910932
-0.0514507567466368 -0.0787408650352401 0.167541582170849 -0.135171109680035
-0.0653929266218043 0.0345886122542184 0.151253727596593 0.0276164208895556
0.00584645987173081 0.0586656633294266 0.309266104443134 0.0613602384652854
0.0568347764466343 0.041165762996331 0.443474969258067 -0.00937965341305505
0.0733894690093468 0.0440968228825445 0.453412194060446 -0.0543884742476755
0.0651242411297623 0.0571301922147335 0.422881379509398 -0.00694665043196105
0.0233728850168239 0.0696973666932565 0.335777793706004 0.0761681614157761
-0.0518116956737757 0.0544162222845482 0.214572197676674 0.174306894500887
-0.0996720628377774 -0.0448672497556481 0.00903546697454474 0.186343310092497
0.0480966181305363 -0.0997399443170469 -0.130709347936555 0.0790687314447233
0.112334980719487 0.0321067270423727 -0.132134769593773 -0.152355050280979
-0.000140849472092239 0.109094096027428 0.255907628574247 -0.280087435514387
0.126280568738111 -0.0485443263142491 0.355442796520129 -0.35587118581911
0.20377902554416 -0.115722747760301 0.251724456828751 0.0824054279423121
0.130612168537169 -0.228799233754264 0.458406955617835 -0.0221462485093659
-0.082376090228957 -0.271844761896134 0.18873474859264 -0.175095570052607
-0.193422277596315 -0.145230794720608 0.110002050256836 0.0103943208873209
-0.1886325144362 -0.0358989853406897 0.264980162079792 0.0847776058266798
-0.141514188331966 0.0294491773906591 0.41884297020415 0.0257189143971774
-0.109882324175198 0.0469203968662398 0.440099832003788 -0.037307001477883
-0.0868361666964246 0.055151852862025 0.415244472827361 -0.00183720997839384
-0.10663534686671 0.0342685411369178 0.340987899327645 0.0777023439941185
-0.135046147714431 -0.0188522136766404 0.223007175712759 0.178707191056393
-0.141438763520109 -0.103978239193171 0.0064946475046264 0.187839994717044
0.0125984298673928 -0.183398329437091 -0.132569430644048 0.0703529025942238
0.157808490950977 -0.1090259764474 -0.147543943741092 -0.127172916889281
0.130474291464229 -0.0464022665464399 0.204346908942053 -0.261492034502615
0.297998702347126 -0.190410283542659 0.283444175349334 -0.278908811871582
0.304347033808119 -0.31888015549434 0.205647402049896 0.207148716852014
0.146357552269844 -0.393882360790807 0.521187307724109 0.0138757710538174
-0.0999144899421133 -0.420057548332921 0.216765851327878 -0.242971342345676
-0.280778789108369 -0.301755053506625 0.0444122082137048 -0.0626101412967536
-0.342176986431615 -0.13337815680622 0.161690252468372 0.0605690040738951
-0.313241001997736 0.00686742780723643 0.317317235966025 0.0385470891327977
-0.275316992835437 0.0436372925730046 0.360368916708265 -0.0175968709965908
-0.235169201239508 0.0533735619865868 0.356432380689169 0.0134729505465595
-0.247415610460974 0.00568313569815193 0.320776304497695 0.082776981556501
-0.241660290123947 -0.0914324431826564 0.227575417489762 0.185333368565125
-0.205306633980967 -0.176094682965745 0.00545934516656496 0.207012630127513
-0.0423626226515715 -0.281488605026328 -0.15212144123937 0.0805388804638027
0.174183202548135 -0.265958733578104 -0.177784821993465 -0.112200639016383
0.235520551384444 -0.217499262504015 0.127719462736526 -0.215218576181335
0.418393340856322 -0.286634829041376 0.149457551407455 -0.161790094994473
0.351860577624904 -0.455172920595201 0.154364025018123 0.336270122152185
0.11989969632705 -0.48113171960977 0.546830183278811 0.0294037980929461
-0.118642191687353 -0.468769134863965 0.222261011607633 -0.316874972864103
-0.31802746570695 -0.381427946195753 -0.0381402043511102 -0.15946586009481
-0.429515888539252 -0.195884327605242 0.0227209337014789 0.00431698014770211
-0.425975458876927 -0.0132546187823981 0.165469172567578 0.029842995840713
-0.399943504854252 0.0337070252256468 0.22505784050216 0.00253842115437015
-0.362495536147669 0.0466589633226611 0.248083620008899 0.0370332830789423
-0.386140697308924 -0.0222285917056488 0.257828577440949 0.0958575923928697
-0.355833980056046 -0.163234477576856 0.199378755447976 0.188390231279201
-0.279710504369392 -0.259065067961723 -0.00696202377310213 0.227388718903021
-0.105895058053772 -0.384595751236479 -0.180732151235266 0.101484992753176
0.169613519212009 -0.422755814930565 -0.213659793487742 -0.0879771898563212
0.317019801042312 -0.376527801441225 0.0326900538471928 -0.133062756224585
0.450752469097217 -0.330024634195397 -0.0102503686121879 -0.0289474036193336
0.307236506575985 -0.491637021654517 0.118378870334435 0.427321397493729
0.0495739246023846 -0.442355529445896 0.516430238065101 0.0109206575197781
-0.118888391897939 -0.394411643053043 0.186023720126885 -0.362399573464662
-0.294420203216747 -0.363779759950004 -0.122221696326368 -0.232805026599809
-0.432884067016874 -0.205985154380805 -0.117870368763561 -0.0530023376844896
-0.462655029857665 -0.0212468195210138 -0.00651621086306981 0.010301056709201
-0.464970991878202 0.0207062066333127 0.0555226498359265 0.0209176824656862
-0.446890321280601 0.0281374391553196 0.0974155266469227 0.062965327430317
-0.482863993947206 -0.0574531208684274 0.142686711427457 0.111985200673317
-0.428190057896043 -0.232761811194827 0.119518938522585 0.184140625116038
-0.315847999790274 -0.329575176663537 -0.0459313577881804 0.23464359525736
-0.145653327688994 -0.452637861829885 -0.217264520484728 0.11920241496605
0.153772460351753 -0.539787466982529 -0.248009979003016 -0.0485254420158537
0.366513179753634 -0.493396357303477 -0.0752832501442517 -0.01819021518961
0.397040302156281 -0.330044356599364 -0.149095949931376 0.0927202016446109
0.189395915482668 -0.430456933699392 0.109976080157576 0.445549374187457
-0.0285934638401098 -0.298853161654575 0.429284994191285 -0.0266501582496686
-0.0804093767609612 -0.245363730587446 0.121218191133152 -0.351200998888174
-0.216381133557772 -0.28484344589728 -0.181464886303325 -0.255208483041583
-0.36471784114097 -0.174861301519501 -0.227572491589493 -0.0886914413972026
-0.427990497700773 -0.0203283673370112 -0.166487726041979 -0.00575348056127944
-0.460575794357881 0.00543150256513506 -0.122190877793537 0.0371802966699992
-0.465104824321316 -0.000658995159650118 -0.0764247947828343 0.0806899628782755
-0.496305688288979 -0.105047917319753 -0.0124570126599743 0.115619877889149
-0.404752980680205 -0.284904530904514 -0.000918240629387332 0.158468959227154
-0.270669124038982 -0.352486352595133 -0.105266894534873 0.212606335370843
-0.146091502435232 -0.447293498461998 -0.254460723192386 0.122503646433997
0.135661726295813 -0.571313701031224 -0.277892513409718 -0.00330886340168218
0.376261480959839 -0.528451939946932 -0.188745233473476 0.111142889262898
0.281475931165925 -0.292117503499625 -0.237886911286763 0.191175501431463
0.0510869892388341 -0.311434959171242 0.120677212587314 0.400353832540854
-0.0754881957856603 -0.130173802538313 0.31258320334028 -0.0586280438291642
-0.0170593361037333 -0.102506672968505 0.0610067624589062 -0.294706375782617
-0.117744744806338 -0.195363989096438 -0.205869576207648 -0.238288275504343
-0.257938133916257 -0.128338367249792 -0.295968763347318 -0.0997938459704465
-0.336023837308334 -0.0174103230319942 -0.29582299296 -0.0101089574393634
-0.386423708926398 -0.0112704076267771 -0.282942201967704 0.0506172787849328
-0.400585283058959 -0.0331222288288223 -0.245102316313878 0.081131343628318
-0.405906020974074 -0.143012875478161 -0.171373203960648 0.0895368106640769
-0.27948577069042 -0.284842096700368 -0.124257618359981 0.101931527475295
-0.150980893480995 -0.289456035157458 -0.16172250331392 0.165934042921025
-0.114953431321117 -0.345142798731327 -0.289636931800164 0.106973699195675
0.108818309886706 -0.505122447289525 -0.309973072663823 0.0244395900787881
0.338893142525314 -0.468697005469055 -0.295300175941506 0.22377689137874
0.146141380914102 -0.218077459517326 -0.276112466953323 0.260511664356247
-0.0544779833797838 -0.174014662824659 0.133342002574659 0.32936217657462
-0.0778295313743633 0.00221631711211471 0.213496709922441 -0.0689779430497632
0.0449680822270103 -0.0107437300733172 0.0307553861105535 -0.232724846970203
-0.029050865333729 -0.118926980820371 -0.20488881672268 -0.213857838371868
-0.14054792579104 -0.0854200024675273 -0.331371667615059 -0.102208858335718
-0.211017289395553 -0.0209819398908577 -0.384405648109329 -0.00624662540960351
-0.251557422569887 -0.0255784166523561 -0.397903543292043 0.0566661993651529
-0.262731061923708 -0.0528363707711544 -0.374918398171027 0.0618859583452181
-0.228560305550688 -0.139276969764624 -0.291758261758503 0.0379143661493989
-0.096702285863076 -0.199828933455392 -0.204180137318885 0.0318127371877437
-0.0270309368252549 -0.131631780500524 -0.195140935176722 0.118518064764248
-0.102007606317044 -0.172559774897432 -0.323916691417453 0.079414723394658
0.0513418805414667 -0.349554961878994 -0.341074112856861 0.0105050357378939
0.237852996141389 -0.326805358952753 -0.37813658626872 0.291378355081181
-0.041907164639441 0.123638926415882 0.34713925890453 -0.361590522083103
0.100067997377505 0.0994090650921402 0.275747315914744 -0.0139963285105784
0.0985761121992104 -0.0383841039633845 0.379337755524553 -0.0720651669909309
-0.0535168151750707 -0.072489220871341 0.159875574290543 -0.132940524367637
-0.0613437116272702 0.0368409212961869 0.151144822770623 0.0288494066265741
0.00914010077477818 0.0567455505876383 0.307188645680279 0.0565138234880725
0.0570498659494915 0.0379707266388947 0.434165015622726 -0.016531759044314
0.0737552194835681 0.0384448246104813 0.446220693700941 -0.0613825428005265
0.0674579914923341 0.0511435285497923 0.418448056470711 -0.013533482975055
0.0265497848562468 0.0668041090467121 0.332590962382659 0.0685759514764475
-0.0484411707438607 0.0546183928904352 0.216120654110791 0.16639785715445
-0.0997887365407622 -0.0382209108549246 0.0161697814535789 0.183865698046633
0.0439222018597563 -0.0992360907887825 -0.124857350406518 0.0828957130465037
0.110760480957183 0.0266062248253136 -0.130988391642656 -0.143472804002173
0.00298409481218705 0.106903875946779 0.246088563780452 -0.280482884593155
0.127279820456501 -0.0478772453686596 0.345106077567114 -0.349107000670226
0.201607608643481 -0.121131401805186 0.255947138292021 0.077729024642422
0.126015683285549 -0.22826154833332 0.453897424286349 -0.0345115307893181
-0.0850748478138243 -0.264885214304892 0.179465717416664 -0.172187247541508
-0.191608405393806 -0.139561156471756 0.110014939301213 0.011878545846733
-0.184840794554066 -0.0339838762282291 0.264273863920582 0.0793897476399287
-0.139147250284124 0.0289052292120198 0.412457799292243 0.0161139536931299
-0.107144093977654 0.0446988177755314 0.433236535882142 -0.0447352037267035
-0.0828329254066776 0.0529167139183425 0.411016491751541 -0.00901541740931548
-0.101948363731473 0.034236867598007 0.339174341306397 0.0686304856785225
-0.132976838877054 -0.0159234201645995 0.225107198947836 0.170457045976359
-0.140870464906813 -0.09681092932091 0.0129440310835382 0.185061552876475
0.00797525704526812 -0.179900964312333 -0.127662017924478 0.0756409330498172
0.15359454735148 -0.111876540738643 -0.146012907793467 -0.119035013696146
0.127570305183636 -0.0463559264029029 0.195656557581534 -0.262669437214681
0.293727929362227 -0.191034001466054 0.273780075571046 -0.27232535545149
0.29867415556649 -0.320738905262988 0.212381134990524 0.201655391079467
0.142824771069575 -0.389729479958527 0.515511153831913 -0.000927883857735725
-0.103766503410254 -0.412640474651871 0.206075037490163 -0.240016817840922
-0.279526556096965 -0.294019318471475 0.0439352891420701 -0.0601265619066989
-0.340802693723242 -0.127919671022317 0.161343947819618 0.056931117607402
-0.308611466027349 0.00963760797989386 0.315360635805936 0.030575273107259
-0.270764941019813 0.0453939877347513 0.354210481783011 -0.0253714201129639
-0.229532919718007 0.05460162477412 0.354341865308071 0.00542029284076958
-0.242710113859224 0.00920239827378343 0.319243996463363 0.0749472857604159
-0.240307667992791 -0.0857450706170406 0.230213026703318 0.176176434216857
-0.204118313637415 -0.1685112447986 0.0132872569781445 0.204627227094515
-0.0459639354179144 -0.27514894252307 -0.147041285158941 0.0857956184173639
0.167358827544386 -0.266220425690069 -0.177200778964544 -0.104028796253144
0.22894772457388 -0.214202516587117 0.122361359633419 -0.216924328694431
0.409758220817485 -0.284873357880477 0.142333243546121 -0.156097613919845
0.343577462478224 -0.45368941763472 0.160057612615745 0.328149978919333
0.115995435176073 -0.472447253954794 0.542985560946724 0.0109858555256567
-0.120979060150099 -0.461780540207091 0.209922402282239 -0.315068059894243
-0.320368091930202 -0.372419505842568 -0.0396671001933937 -0.15601667008153
-0.427252592113781 -0.187452066679434 0.0226031620884979 0.00306878937901897
-0.42028109382891 -0.00635998958090643 0.16585523671442 0.0231954338777186
-0.394720067696911 0.0390188038586177 0.220935735922772 -0.00386363461074869
-0.356212381454567 0.050531640761829 0.248456090625131 0.0307814191621469
-0.381579900820798 -0.0146131002419416 0.257743963457152 0.0880642534709346
-0.355777700005125 -0.155657360801411 0.203201086407463 0.180598960784411
-0.279971275556436 -0.249958268396296 0.00136202938286188 0.225163585720553
-0.107481252510383 -0.375442285685727 -0.175433526348659 0.106378821637923
0.16022110287226 -0.420626786455454 -0.213670344322669 -0.0808742275441805
0.305974003297155 -0.371933907646103 0.0308857223154002 -0.136179719459125
0.441754651394415 -0.328307843101276 -0.0133774376630112 -0.0253456318186223
0.297157073032361 -0.487251399119898 0.127538823679585 0.418050011717245
0.0474035435611083 -0.431501380910246 0.509607015949202 -0.00609763969110001
-0.119293866546736 -0.388996324456405 0.173623569060523 -0.359914407826747
-0.297985385395335 -0.35619463143997 -0.123633590235132 -0.229897066274998
-0.431718412704789 -0.195386837037714 -0.117341842451628 -0.052106706303083
-0.457130686141595 -0.0147445300575529 -0.00411906583588385 0.00672415741474245
-0.459132781273571 0.0267608630967755 0.0541961138390025 0.0168101047562849
-0.440677489071432 0.036637305918197 0.0988829898843473 0.0590084190528791
-0.478584621232521 -0.0484962408721739 0.144707523030291 0.105585940650804
-0.429713532945403 -0.223423332885101 0.123647114216071 0.178196132802134
-0.314211925084868 -0.320743216066258 -0.0376238779133121 0.231434642230111
-0.147404711226928 -0.44356237879736 -0.211058430410125 0.12483762275265
0.144637339198954 -0.533723882741381 -0.249222541028284 -0.0413648263455236
0.352344184095192 -0.486675501343019 -0.0735766601864706 -0.0235403250779265
0.383617166790767 -0.32829989365353 -0.148762571799293 0.0951146918840079
0.179619397201508 -0.425111572855448 0.118256528910275 0.43367713077808
-0.0275629328004966 -0.288516059321216 0.421970084274498 -0.0418074018125529
-0.0800312303203104 -0.243394442182486 0.109678817601538 -0.348871475441231
-0.221316030284278 -0.278972348752013 -0.183298902085129 -0.250860990773917
-0.365224377797145 -0.167168407601718 -0.227390183052337 -0.0851863033724105
-0.422287122359941 -0.0121738500478856 -0.163499327766182 -0.00633837709396411
-0.454288803447244 0.0128464036079471 -0.121398487975761 0.0358456920774039
-0.459639621312056 0.00918230234069363 -0.07296896325459 0.079230661272088
-0.492724952549743 -0.0915105491344996 -0.00970379609421549 0.110906022016122
-0.409126742977866 -0.276440125882768 0.00281540167660701 0.154123027413636
-0.27215487652821 -0.345393040454567 -0.0973293175506961 0.210866763661368
-0.143687474440493 -0.436071347724012 -0.249998926279914 0.128493305074913
0.127336700382482 -0.566409192659174 -0.281443501551206 0.00261518722994677
0.363628756387881 -0.522434098708434 -0.184562468187203 0.104891593539839
0.269627692699861 -0.288542658042585 -0.235157247781595 0.191768052849609
0.04462728572895 -0.303667105458155 0.127025120374099 0.388344634661804
-0.0724892759782906 -0.121769955239561 0.306492382236589 -0.0700486455250789
-0.015985140166898 -0.105114461616849 0.0524475508620734 -0.292513068988236
-0.122684902348751 -0.190341628887318 -0.207224876556353 -0.232441421899695
-0.258879271380407 -0.121033096536815 -0.294827174250843 -0.0945878248182893
-0.332267228008808 -0.0120638568229932 -0.290537931013999 -0.00740421831957603
-0.381154364847661 -0.00152380826733834 -0.279525252364774 0.05189718929464
-0.397463003621149 -0.0218107670037584 -0.240155499422008 0.0835785189123489
-0.404157998447778 -0.132348855053954 -0.166474249197371 0.08899542959401
-0.285003969146836 -0.278126306300996 -0.120586410961204 0.102317041800077
-0.151817273947519 -0.286942507819694 -0.15512253155581 0.164728311455022
-0.111829598438236 -0.336589252715617 -0.285741024395198 0.112082339842796
0.101358042796378 -0.498565509846327 -0.311757632188431 0.0289937342808765
0.324223477087811 -0.463994565794174 -0.287533165439254 0.217444376854692
0.138128158535169 -0.214643100564599 -0.270126027096095 0.25927827446798
-0.0575429283209577 -0.168415807729995 0.138913979854269 0.317076053015232
-0.0729492896276715 0.00679603985106933 0.208060934600244 -0.0777416826194575
0.0454645714958805 -0.015255627043908 0.0249152867551727 -0.231115090907745
-0.0349640452934747 -0.11689226262612 -0.207210260863314 -0.206416735623956
-0.142076718166468 -0.0797140081849458 -0.329204593224495 -0.0955504752642907
-0.208193920284092 -0.0151740193849732 -0.376747179720571 -0.0011346159642979
-0.247998260729202 -0.0165969062900098 -0.394248518792688 0.0601945314347834
-0.260213301208044 -0.0434983606312767 -0.368303507913796 0.0653304922871648
-0.230272441162508 -0.132043375215329 -0.285939059230563 0.0408512197623812
-0.101412934792545 -0.199066343654656 -0.200718067465874 0.0330161870479452
-0.0274543295640105 -0.13517054476421 -0.189627880598124 0.116722286293744
-0.0978514667521701 -0.164431820860876 -0.320330739799971 0.0850644852347144
0.0444102894879203 -0.343587133318901 -0.342385483844555 0.0149319871462218
0.225970556189332 -0.323601844564022 -0.367149220716554 0.284417830426273
-0.0377692219703706 0.123368087298378 0.343638734868631 -0.352835302142577
0.101210972459765 0.0935144355201226 0.281320870471122 -0.0149688574806206
0.0964734259617777 -0.0399527223367465 0.377197885531671 -0.07862622732198
-0.0545914211780448 -0.0673423437225693 0.155633035525604 -0.128415083231771
-0.0578151012523645 0.0386495512067418 0.151730982664169 0.0312937966275576
0.012098040627684 0.0558094338623559 0.307169034349012 0.055028143726314
0.0570509779965893 0.0357175792216402 0.430913633891876 -0.0199127461747783
0.0732032865788717 0.0334892654562201 0.443433975457862 -0.0608858904994582
0.0699342667956321 0.0467999729762853 0.416349452392082 -0.0148913570660288
0.0299250897387376 0.0646670914249976 0.331947607124504 0.0661521079911991
-0.0462378176546404 0.0558642636371615 0.218868721476771 0.162117176335722
-0.0990764745513927 -0.0339502309098672 0.0193110942094526 0.181603801328863
0.0411173956907643 -0.0993829594718142 -0.121181091787913 0.086137012439965
0.110024847543205 0.0233220013197106 -0.128356056441032 -0.138406736908104
0.00494920351852416 0.106986974750452 0.241519039217332 -0.280029356608875
0.129196738992319 -0.046568731177505 0.341193572791665 -0.340677285038391
0.201710543844973 -0.124618315185534 0.260968071206868 0.0770565396474206
0.125746881165289 -0.227497836530494 0.454136043766919 -0.0431570666773259
-0.0855375440420051 -0.260614318649855 0.174871480066234 -0.167231080298128
-0.188711750340762 -0.137112441513614 0.110523937632578 0.0143860145600895
-0.182632773632737 -0.0331917859475314 0.264603779866821 0.078094016075329
-0.137582011590506 0.0277702561495425 0.410564150179452 0.0118685273745392
-0.106166647409154 0.0418007465194112 0.430287622832082 -0.0472419030636304
-0.0809724750573825 0.0498946889858762 0.410944951591402 -0.0126454397046831
-0.0994583203335534 0.0335415172790618 0.33870248032358 0.0659037071751773
-0.131370580839375 -0.0138138390868487 0.228626178634242 0.165579490859647
-0.140106483369638 -0.091970694850154 0.0175678319534955 0.183241569971579
0.00551894651166114 -0.177967677485847 -0.123609818254432 0.0796256050276512
0.151412181648738 -0.113590439750064 -0.144030190553321 -0.113453371642114
0.126992699727547 -0.044168145642882 0.192636196721686 -0.263662691151574
0.294488103452462 -0.186549820835876 0.270885477116669 -0.265437594811439
0.297856895565949 -0.322847804439022 0.216656006407802 0.200762526902368
0.142860477137785 -0.386259491086486 0.514735219697346 -0.0125829075425671
-0.103745576889211 -0.409787030765506 0.19939047112766 -0.236646792071405
-0.279169525180887 -0.291204043132249 0.0438985152776596 -0.0584007245111002
-0.338605892752772 -0.125291986707779 0.161914937720221 0.0554215261135465
-0.306850167137773 0.0098230038386367 0.314823691946366 0.0254558157686184
-0.269525877070872 0.0442180566572 0.35173675787193 -0.0279073510919896
-0.226861033966201 0.0538095414727209 0.354472364499456 0.00210969958975352
-0.240921957576759 0.00971015117971842 0.319939523979444 0.0703862234075974
-0.240563509041139 -0.0825377436449293 0.233660586188497 0.172236801187758
-0.20270040849837 -0.163438187103325 0.0175108959504525 0.203100309950381
-0.0470156393691837 -0.271106518519035 -0.142973308058695 0.0900940305118003
0.164805094010744 -0.265881078602719 -0.174946123147554 -0.0986293597667244
0.226471512391028 -0.209772594041398 0.120321772099938 -0.218796850031801
0.406796109135445 -0.280644487450173 0.13780547290777 -0.150209037544642
0.341003797175645 -0.453962139593332 0.164050858792897 0.325735222660462
0.118740000629687 -0.467624329470314 0.540746768574023 0.000319982084676494
-0.118617240277376 -0.459760320986485 0.203324896546902 -0.311841864558051
-0.319892763150779 -0.370118445316852 -0.0395334089902781 -0.154983884348503
-0.427243814283298 -0.18475956269207 0.0227791475895044 0.00239291281012275
-0.419286998872992 -0.00618331111766972 0.167058918005839 0.0193566216694825
-0.392436582027216 0.038672892587098 0.219421570608289 -0.00714150436063162
-0.353741861700506 0.0526136060555938 0.250239700454714 0.0272441229932649
-0.379956169994573 -0.0127473301784082 0.258788843232985 0.0836930474401252
-0.358587575891582 -0.151387116870072 0.206901653673867 0.176384768043564
-0.277705486636654 -0.245893583590418 0.00601038078191083 0.223813921468554
-0.106252397641291 -0.370874890792779 -0.171772954709841 0.111008113456405
0.158729274398056 -0.41976360421025 -0.214166566964497 -0.0755262695934554
0.301257174703109 -0.366439064925796 0.0299375368123927 -0.139442547458792
0.436757648666462 -0.322203997063197 -0.0171636513138448 -0.0211437353321158
0.293410640455188 -0.484734934334636 0.129749132520202 0.413348267283501
0.0516144664085725 -0.425614661510972 0.507676125683466 -0.0169693464311474
-0.115505830606681 -0.388521835032135 0.166911760523925 -0.357610286191365
-0.299896006390449 -0.35318560543707 -0.124855563952912 -0.227737547808357
-0.432277860144088 -0.193703765006125 -0.117345338980471 -0.0513092110727394
-0.454582624707284 -0.0114510684738639 -0.00237413516622369 0.00355522679646822
-0.457187214604572 0.0298353915933394 0.0522115095693043 0.0132325688922044
-0.437676632706141 0.0387351694729268 0.100952767377224 0.0564351429478163
-0.477586408525503 -0.0451072413287102 0.146054655222471 0.102324617159311
-0.432657627915351 -0.219960249872408 0.127329646863323 0.17427320252051
-0.315266096623152 -0.320575875447247 -0.0330019016503707 0.230438056587061
-0.144452832032739 -0.438768965520532 -0.208907965243774 0.129473990414899
0.143852086415759 -0.531288775998653 -0.251528971986641 -0.0379708179598881
0.347452211585379 -0.479399168644563 -0.0735292332026908 -0.0290120568290432
0.37963998159456 -0.32260129582655 -0.150954212755576 0.0975911610399405
0.176204774570313 -0.420394672413053 0.121734054231712 0.428889397807779
-0.0243830720770104 -0.281240282422836 0.417062874845665 -0.0510648071650663
-0.0767776681023846 -0.24326574169129 0.10324569338632 -0.347429465585123
-0.223950530006514 -0.277237998229625 -0.184395565830848 -0.249189325996589
-0.366112842174553 -0.163203906852712 -0.226239534678182 -0.0834513996946753
-0.421098571421913 -0.0117856051940928 -0.160875036979765 -0.00871184765124753
-0.453637479740465 0.017884065424156 -0.122671518125504 0.0330872046984179
-0.45722703932996 0.0138040455973539 -0.0698724873767099 0.0777972735644069
-0.493695907683919 -0.0885528979943525 -0.00619229689561347 0.108689629860663
-0.41195826299179 -0.274006834184726 0.00616432568979267 0.152711605932926
-0.270323265232479 -0.346644514307938 -0.0942423926737162 0.209326621561309
-0.138849910652981 -0.433059243059049 -0.248704731558314 0.131927711389811
0.126324400716996 -0.560638750078489 -0.283753156514929 0.00454152172693097
0.356097843568621 -0.51561710325051 -0.182965377286312 0.0969523977622517
0.264068760918038 -0.28551903742955 -0.235707894628004 0.191996843127746
0.0410554153421086 -0.29723777701475 0.130982539000928 0.381362219979405
-0.0679586718900115 -0.115922921313488 0.301347354304381 -0.0779796102010087
-0.0129288600740572 -0.106241905663461 0.0464290717621261 -0.291110796062741
-0.12622725192328 -0.188642506635044 -0.209137472298917 -0.228688646470717
-0.260175989707551 -0.118042131034553 -0.294622549183145 -0.0934001352622282
-0.32968779573429 -0.00868854019702129 -0.288843874431468 -0.00891162250103432
-0.380392145427493 0.00305667824937405 -0.278855354250203 0.0496945450666579
-0.395381009920817 -0.0178058933430378 -0.237885410965367 0.0819614318756176
-0.406402027228489 -0.12643814895177 -0.164653148702853 0.0872765402305576
-0.286734703790264 -0.279017911185476 -0.118613410389356 0.100209340979867
-0.150704091986094 -0.290509299422277 -0.152594596011613 0.162300744679847
-0.105482056479453 -0.331999396321787 -0.285637786102851 0.115797825153571
0.100602736868925 -0.495489563921956 -0.317294119017197 0.0314129970362245
0.319096011161962 -0.458509157788655 -0.285146084929933 0.208805809412107
0.131634818491283 -0.211320349931206 -0.269616425908227 0.258357133002455
-0.059116680897834 -0.162706951844188 0.142479987291494 0.307763130196027
-0.0702420171781026 0.00967975603927879 0.203540685769503 -0.0835857892898205
0.0455605321668213 -0.0187684890390511 0.018941446296589 -0.231241224840682
-0.0385537543599305 -0.116489827116576 -0.20934440536542 -0.202900240457965
-0.143988694024761 -0.0778066206535284 -0.328502384279015 -0.0920796249642006
-0.207120996333752 -0.012722981107383 -0.375177953085866 -0.00278046028897071
-0.246607099242541 -0.0120741459828754 -0.391505518832205 0.0601947822583088
-0.259378479347587 -0.0391431504944529 -0.365429504404857 0.0665793628371729
-0.231825182493873 -0.128090783707622 -0.284065302566648 0.0400565256449544
-0.105131938367892 -0.199636838968452 -0.199781291973612 0.0325707633242236
-0.025478195794179 -0.139454938576206 -0.185572730312577 0.113815566831508
-0.0922114320258009 -0.160675275412851 -0.320680242258364 0.0870380365541851
0.0439423330261445 -0.340970457971779 -0.347872785533006 0.0173381056021815
0.221034786463667 -0.320969588741519 -0.361986059856294 0.278027657437952
-0.0348027988438558 0.125527887200173 0.349424841690089 -0.349603770115002
0.103617349777257 0.090411013225973 0.292313961241355 -0.0169485034375158
0.0965002513726624 -0.0426964951685222 0.383754976033985 -0.0844980743109843
-0.0561711469504529 -0.064058652857617 0.155136557799632 -0.125992504685078
-0.055207811691268 0.0411783231546087 0.154892988271548 0.0352147962052635
0.0146640323291243 0.0559699417285033 0.313502965878311 0.0551774600347218
0.0587834067307781 0.0350864130003661 0.434501727762788 -0.0218583093797458
0.0747821122887799 0.0300319623868089 0.448055086996457 -0.0630224379494896
0.0732886796914467 0.0435894537473764 0.425121809568889 -0.0172536017622085
0.0330227597047305 0.0632522937055157 0.336582258984896 0.066065073083531
-0.0449492147109323 0.0575672856015609 0.223396881273336 0.160740031593898
-0.100734770217089 -0.0302704772363454 0.0229451332959202 0.183155405836602
0.039119083402919 -0.101432539883896 -0.118926700537976 0.0908502729833309
0.11116409911693 0.0204251328334982 -0.127729707899212 -0.135966025406031
0.00636861337851697 0.108677018185852 0.240324004059707 -0.284594787321653
0.134359773872943 -0.0450998864072211 0.3466358151895 -0.338380883534899
0.20576359132732 -0.129747701207702 0.270392343111069 0.0766786651875287
0.128538372687584 -0.231698442262533 0.460228195649307 -0.050811464924177
-0.0869819017360439 -0.262213346368967 0.173659662478923 -0.164832477307213
-0.18936297400221 -0.137327624476641 0.113373922867207 0.0176734071106564
-0.184539798954025 -0.0342060930074431 0.270659246298473 0.0789035630481263
-0.139558701330828 0.0267915407626454 0.415009384660856 0.00861287883230431
-0.107568931897407 0.0393950530692502 0.43631828569355 -0.0482723363820782
-0.0794010793977261 0.0477188022591465 0.41928658491074 -0.0138553618620462
-0.0986749554830158 0.032211386841326 0.345003137427586 0.0626649180828003
-0.132463058693989 -0.0122973485252063 0.234340568539808 0.164612008642328
-0.140771289460209 -0.088139504969519 0.0209691395941554 0.184970318817156
0.00410456348640893 -0.178791515725487 -0.121780406108206 0.0843535970943415
0.152065549316711 -0.117137165204799 -0.144467445524276 -0.111259770325889
0.129394690099596 -0.0415717091464077 0.192875872796259 -0.268527735044678
0.300660585157434 -0.186324957794806 0.271697463723797 -0.262843132285136
0.303241939075253 -0.329557895070395 0.224162980548764 0.202141072079139
0.148812741837607 -0.391019339684197 0.522888880608077 -0.0209932745107038
-0.102072550743035 -0.416135798220619 0.197857754952419 -0.235868587022322
-0.283029742176806 -0.295681451174339 0.0454713451835631 -0.0572633704654616
-0.344309327168699 -0.127381820257797 0.165278281822393 0.0557961322765708
-0.311501144212011 0.00948954972834491 0.320260997008643 0.0229475754030237
-0.273462629263188 0.0430013629827538 0.356641332306151 -0.0311248043678863
-0.228978565683975 0.0535629756238323 0.362387793882519 -0.000797628738626426
-0.243144775862415 0.00934697766327474 0.325687604426235 0.0683964689243984
-0.244853912734256 -0.0819031712311333 0.240351525927106 0.170866326741312
-0.2046556697094 -0.162799994921046 0.0214850043855457 0.204866926753838
-0.048212937388461 -0.272304363574109 -0.141965965418492 0.0957840362304258
0.16653665517937 -0.270173315138059 -0.176448208559627 -0.09592275725889
0.229049351588654 -0.20787622228091 0.120711453377706 -0.224496234091893
0.412924819714682 -0.28062773998657 0.137388233037639 -0.147044953673579
0.345844151246804 -0.458905408566691 0.170393287101933 0.329171922645372
0.124807715735721 -0.471001547347645 0.547398305891932 -0.0105085575009999
-0.117907310188022 -0.467224660387958 0.201024219333055 -0.313087573674838
-0.32517613207961 -0.375559901019204 -0.040150695739791 -0.155292660016919
-0.434114613331764 -0.187054182689411 0.0234732094879851 0.00275318924541653
-0.425019745414776 -0.00575784468060371 0.169936765383138 0.0154675325421517
-0.398007820989663 0.0407443860014475 0.221925660919994 -0.0098181955336386
-0.35836943940484 0.0535038527976075 0.25649857343492 0.0244583700734397
-0.385157845347803 -0.0121669800625862 0.264485037779758 0.0820718126307515
-0.364063248893735 -0.152600927385487 0.213905607069903 0.175546058392707
-0.280615263601761 -0.248298225219539 0.00917132641817229 0.225682109156295
-0.10688927210122 -0.374366770355621 -0.172085016170073 0.117587698719233
0.160455072522205 -0.4254410037489 -0.217736789893362 -0.073216303560393
0.305021160543707 -0.365588577309945 0.029924058737438 -0.145564358219115
0.44254058876779 -0.322802419944828 -0.0208068836399384 -0.0172665396801662
0.297217919146056 -0.489997608025148 0.135527562752155 0.41699728078794
0.0569948710704726 -0.425957725197211 0.514333623270011 -0.028644877372222
-0.113896556744663 -0.394977012711926 0.163681812114598 -0.359696673012655
-0.305414103603458 -0.358103364636951 -0.127049934901238 -0.231161933331095
-0.440430699172317 -0.194731813568104 -0.119083341771125 -0.0520223060382551
-0.461822219744015 -0.0107323896391171 -0.00110023923608961 -0.00149281983932159
-0.464331779221719 0.032304888077021 0.0520860576841281 0.0114202990834718
-0.44392836071187 0.0407658225712853 0.105889708295841 0.0551429524836235
-0.485243497556553 -0.0453461241573172 0.14916963123289 0.10069995377192
-0.442727589871025 -0.221863671836678 0.132974641337433 0.174621530092983
-0.318113356094231 -0.325148936505023 -0.030875547979978 0.233317020094448
-0.141036841678484 -0.442862325712113 -0.211256521559782 0.136218753036106
0.146374553223323 -0.539420935336787 -0.25808825366118 -0.0354946854721419
0.349239022585977 -0.480094853869909 -0.0752582106116821 -0.0346497011602481
0.383352360298622 -0.322507531274161 -0.155824632351577 0.10206145544974
0.175422292588166 -0.420820407070558 0.125830976633235 0.43243460686013
-0.0184394529481929 -0.279471576709803 0.421109272706462 -0.0613373207157441
-0.0734172986428033 -0.248043323987647 0.0991449778825263 -0.350386718162873
-0.23035072023329 -0.281510625756728 -0.189744948122794 -0.252494723944841
-0.374282749345687 -0.163408455496394 -0.230686598553188 -0.0837523383037692
-0.426450911917138 -0.00807956283754869 -0.162246359025 -0.0116536365899668
-0.461122980017418 0.0209244073373575 -0.125329949770528 0.0315859150101111
-0.463505171454795 0.0169325380909431 -0.0693345122584712 0.0770893931338307
-0.502022222014044 -0.0872572797599613 -0.00609788248087971 0.106998810142288
-0.423885057071856 -0.27859329130829 0.00757299065803845 0.152486755729927
-0.274231780785711 -0.355602600361378 -0.0928885404849533 0.211510710032394
-0.133832647143799 -0.437773147167612 -0.25366962399306 0.136769484293843
0.130760083367045 -0.569572612539652 -0.2937454920325 0.007651019957758
0.359502592927148 -0.515725823973582 -0.184973320201481 0.0907968470011123
0.263462769252698 -0.284954979360582 -0.240008981597263 0.196896980260779
0.0389281191770128 -0.297095821695553 0.134970622568672 0.380681461340005
-0.0639705152288408 -0.111583421898032 0.30223011613725 -0.0872781175133053
-0.0123392832567464 -0.109836445714092 0.0402662506598284 -0.295151352490475
-0.132319882003351 -0.190773790372122 -0.214415813884215 -0.230243683284249
-0.266570226149333 -0.116553709907974 -0.299389058324145 -0.0929136128740068
-0.334880251063712 -0.00565843618460062 -0.290711602877088 -0.0121925586006027
-0.385609709420769 0.00631624411964883 -0.284496337448305 0.0482626877916402
-0.40132923027137 -0.0144080536900192 -0.239911236270527 0.0825087496396196
-0.413430757003483 -0.125852284699324 -0.166107858339329 0.087976911142131
-0.297361164289457 -0.283286845275667 -0.118736739685324 0.100456927192451
-0.151717068450018 -0.298741092594819 -0.152696069053775 0.162931961100887
-0.100240065466188 -0.334668429464374 -0.291078707810974 0.120635740141025
0.102619748555617 -0.500211018156905 -0.32847071260084 0.0346355579698712
0.321901408938171 -0.460387604194617 -0.28893380121779 0.203377442810949
0.129129533838844 -0.212872313837551 -0.274531342296198 0.260788787450981
-0.0613959843400586 -0.158792315928026 0.148016469642489 0.306077695000967
-0.066921515385125 0.0140670979979888 0.202411030915497 -0.0890487673428665
0.0460737656737575 -0.0229355989598699 0.0155091252534423 -0.234141120369679
-0.0438182062316017 -0.117808956743937 -0.214655933305706 -0.20282132132298
-0.148355193487325 -0.0756841297982317 -0.334717244585204 -0.0906684045790453
-0.210246630325715 -0.0111470171334151 -0.37932802693302 -0.00344197420775597
-0.250160726253158 -0.00824664539710609 -0.397885298271858 0.0597082153045293
-0.262127680087924 -0.035675040497119 -0.368987979976477 0.0680177708927026
-0.238916063012331 -0.126972113306086 -0.287233474978307 0.0406831880641236
-0.111103869683681 -0.204741953697492 -0.203146095156581 0.0329372038502018
-0.024744611278305 -0.14486249093952 -0.185898148780355 0.114061043194562
-0.0878407620636576 -0.16007665889856 -0.326603407344714 0.0903647937049002
0.0426262878237657 -0.344148049096136 -0.358731767801542 0.0218636128865056
0.218924285922027 -0.323440538306064 -0.365696685764944 0.274704170760612
0.0467884415322201 0.119597716315688 0.080688667300351 -0.495043350856391
0.134351928428544 0.00705946492923234 0.235925749798338 -0.201073485487238
0.0517103083622583 -0.095408552783148 0.260817462141633 -0.314430868628533
-0.0807426239354639 -0.0174989000078239 0.0462958928207809 -0.195011908345768
-0.0166442078174436 0.0647881294775442 0.151410945549226 -0.0640908363687211
0.0471132822231331 0.0332036559394872 0.291083195768797 -0.150006231135599
0.0662837850293075 -0.0123250618743572 0.34081794708054 -0.29355306592884
0.0790041689252365 -0.0269070412148337 0.326268261794442 -0.329136838366101
0.088116025085784 -0.0167445193106301 0.336607242494479 -0.281741637470123
0.0682549897916529 0.0259831285959636 0.317569435130987 -0.159304801147982
0.00443069411237127 0.0752726454203135 0.283106209435267 -0.0134215328845428
-0.0977850621017958 0.0416472819732017 0.1374423787263 0.132829263465458
-0.0354600944910396 -0.10776060390566 -0.0325340652581979 0.150672275753672
0.100884069367593 -0.0578287547235294 -0.189112243488511 -0.0226895470966166
0.0824125359768321 0.0821194896401591 0.0043082045405872 -0.391601621656671
0.090097109019675 -0.117920620703179 0.0703842613619487 -0.491053951430658
0.0901768025897606 -0.228401133841701 0.27340632158581 -0.119826930995672
-0.0302704800594176 -0.270388230340832 0.33600163476793 -0.340759693895067
-0.220967548399102 -0.161978662980356 0.0278235167103659 -0.242169767597503
-0.23263513438227 0.000310064915757144 0.101979967733475 -0.0517034166604357
-0.169471156618388 0.0814817903282661 0.264890189477506 -0.104364000763633
-0.0983479653138617 0.103180831088937 0.343614139081421 -0.254821703252123
-0.0647882536790088 0.0959632627775892 0.323573153161227 -0.312480455655412
-0.0349765041564581 0.0831763066877983 0.334381470278994 -0.27973667956474
-0.0601925496149455 0.0849742984014376 0.323279643661132 -0.166760030358711
-0.113847196849151 0.0742571756139489 0.294430679095577 -0.0159581822520557
-0.167966281548842 0.0167104265996009 0.137946737918686 0.136190827923731
-0.112972189924606 -0.150127343949288 -0.0380746905459641 0.148441637894404
0.0470650344030783 -0.196736381009441 -0.181470549319041 0.00881799776909495
0.0861537156995551 -0.12211771863238 -0.0208390417507342 -0.339816288065269
0.148474067492615 -0.330895687878409 0.0445719799811465 -0.394508807547327
0.0553001353531685 -0.442835726460604 0.309812383014768 0.00287353115757984
-0.105006185618173 -0.412099826805543 0.398530136002742 -0.361036551343762
-0.322618364531221 -0.277519500339851 -0.003410823405385 -0.318278173914656
-0.403194776595044 -0.0722703598675533 -0.00372528367132421 -0.0712115185115559
-0.356146893781116 0.103594858703712 0.159538713731792 -0.0580871579684313
-0.247279584854063 0.195706466597853 0.27212215681819 -0.183020561898495
-0.197982915836095 0.203884099543393 0.27049623862574 -0.248741844160003
-0.154385432659091 0.183959927446428 0.295587811921408 -0.235202029497207
-0.193686181426172 0.159217571667597 0.311642229877551 -0.153347461696189
-0.251992434780331 0.0886086662184109 0.304620893504611 -0.0142569796046326
-0.268519117690204 -0.00648868731952404 0.152312423194196 0.152417088988272
-0.216280876666994 -0.196397451130212 -0.0469937647304245 0.171251215946158
-0.0404685938803903 -0.333215992440471 -0.194545172579082 0.0423534873101638
0.0607012480590491 -0.324219091801022 -0.0465995913588778 -0.250550606277335
0.18731479548588 -0.472584079683516 -0.00123251404856724 -0.223997797760378
0.0134012778173607 -0.571492686793115 0.341809749996912 0.135096767155886
-0.168577982946422 -0.463892912448039 0.420543867162035 -0.36706718748061
-0.365355319540871 -0.314162209767412 -0.0531857983074828 -0.384159152963437
-0.48717142222106 -0.111161434466747 -0.137436551150795 -0.0979145259846324
-0.466180697448318 0.111660671415976 0.0076483482696402 -0.0135400011636671
-0.346655183399532 0.253758458735532 0.143484769189632 -0.0934064580234354
-0.301281528022651 0.282188864817745 0.173218420993601 -0.149569830467655
-0.262270205784837 0.267817185722284 0.225078755041614 -0.149210541922017
-0.325952371665115 0.233382521315452 0.270001481608231 -0.103239926099995
-0.398103088710194 0.107387842710411 0.286820133839985 0.00820787709248368
-0.387825540928808 -0.0321816243164847 0.157170321017097 0.178163381821499
-0.330802282994937 -0.245223874316634 -0.0566376347590478 0.209551971607513
-0.143853529882205 -0.458059520980956 -0.209367939269064 0.0883518524636898
0.0202842264474846 -0.504311568369925 -0.0657679636485887 -0.120406894214105
0.184935655162973 -0.52217323635689 -0.0534131736860251 -0.0233073049650702
-0.0409590955769735 -0.564032776984649 0.363664905450708 0.228126292496782
-0.194992509424485 -0.384429747529498 0.38084438136028 -0.355434050318525
-0.320025142288601 -0.259348201116028 -0.111732605627457 -0.399414119476867
-0.461652040420522 -0.108482514867596 -0.255134364050178 -0.104614823960962
-0.477123526301378 0.111351189495836 -0.143539288690587 0.032366433140616
-0.380075678100282 0.273916873615803 -0.00870016843650185 0.00279319395830482
-0.35802812611169 0.318852739644832 0.0479471437500479 -0.0269274780668271
-0.339714067075862 0.313650974659618 0.120996561518923 -0.0303832432023703
-0.428716296482248 0.271990578241574 0.187817241137267 -0.0164366687729757
-0.509818750021894 0.0990793361434482 0.221004934055196 0.0602620464413798
-0.469324227847182 -0.0758564745030685 0.128372647318316 0.210653960327101
-0.405225589135335 -0.283650089623725 -0.0763950843784648 0.251422393247348
-0.229202285267329 -0.542549235374027 -0.21659078733561 0.14610026471066
-0.0170962151975878 -0.628182248240535 -0.0770440400535017 0.0423917606942283
0.134063968590829 -0.486625799139648 -0.0892097220408762 0.161156457227543
-0.0984556671061247 -0.437677052066791 0.361408768790007 0.249589331889721
-0.170476543885121 -0.219216267016665 0.286686936778639 -0.319609600936791
-0.203873484706587 -0.162099618475154 -0.15172708934943 -0.347692386291992
-0.355758952859841 -0.087217014214121 -0.316305117423607 -0.0835156615969746
-0.402560201894274 0.0979976987896521 -0.252206227103704 0.0759749493369849
-0.346992228424151 0.255637769980478 -0.14892438540019 0.0944366760467568
-0.362609301987023 0.307790940635443 -0.0843582501133401 0.100651242091593
-0.373050519516057 0.30851024888415 -0.00686639193271167 0.0986388247705699
-0.469908307296785 0.249628007904386 0.0650971873905293 0.0870308002047736
-0.531586126542428 0.0412913272272549 0.104950451750473 0.12219083504797
-0.450982558532673 -0.128307849484309 0.0615176290398223 0.233786385906628
-0.392378268272804 -0.284217579758109 -0.110128272309518 0.281526164261965
-0.262674321763323 -0.556111040406272 -0.21916118981406 0.204803292433143
-0.0362279406155763 -0.663401799909365 -0.0848637996461965 0.218234288951299
0.0571559680859706 -0.384462977362265 -0.0969703479922475 0.295045850637316
-0.137155621246228 -0.256864210785902 0.336506839900456 0.210029995218343
-0.109473220949151 -0.0546963894056935 0.180299524140369 -0.259568754790774
-0.0742566001437686 -0.0856018633785581 -0.157732342676934 -0.265809853166524
-0.22295097825834 -0.0727298503774272 -0.321375378299692 -0.0508487662763123
-0.287277966195518 0.0710125198971149 -0.308958435307794 0.112033162424689
-0.272189638949517 0.203665193979973 -0.253188510898222 0.17659609445477
-0.310621590328243 0.250884659170124 -0.202429453133417 0.214395006143676
-0.339480955147182 0.245106105011926 -0.142107832986185 0.212031383782508
-0.421398836227275 0.162495987966369 -0.0797685002669578 0.172655774064081
-0.431466396189355 -0.044754251896765 -0.0333694151315833 0.160145716167586
-0.315435964461484 -0.158526389419391 -0.0194643912812949 0.231062221898917
-0.297641316839736 -0.21913548080867 -0.155182612303076 0.291480501734345
-0.240133811762878 -0.478789748087851 -0.231544090916935 0.249105309132721
-0.0358456802583004 -0.590772601665607 -0.099560583620433 0.374708208160971
-0.0158763857011439 -0.245289427290352 -0.077045632338946 0.375063939659953
-0.138384701756053 -0.0890136835414533 0.300647863426091 0.148195268298951
-0.0399683298201375 0.0490473662198038 0.103711136709126 -0.196065994535552
0.0213022700104801 -0.0478835643051311 -0.137150464281692 -0.199931781669295
-0.108300327412009 -0.0653544643892144 -0.301520481612314 -0.0287960009366224
-0.16628249043497 0.0327009055080083 -0.332094804015514 0.136179505393739
-0.1725419106846 0.124098300120346 -0.316524054327179 0.237452507744324
-0.20833001429382 0.153728431774333 -0.28871937850855 0.295256539120413
-0.238960434515236 0.141061466139138 -0.25810298198819 0.284760694345012
-0.276497315794588 0.0513971091899843 -0.209270034181578 0.2124799291507
-0.227964046748654 -0.0975067623390304 -0.145299423587811 0.156351711020641
-0.113352404980597 -0.109163164942388 -0.0812448880598098 0.209058761525938
-0.173632874066578 -0.0764123321992757 -0.205837383115791 0.287877751077552
-0.191165378755181 -0.308853488194247 -0.271262884991389 0.257848514872702
-0.0353353699826186 -0.408769682793351 -0.119831224501174 0.474739485909145
0.0554820851159595 0.119783741817331 0.0696571198552261 -0.51035496514398
0.135933932579711 -0.00144260419150619 0.237822847026153 -0.222739828405045
0.0464025962886112 -0.101951638349398 0.252635507113455 -0.339056941647123
-0.0818749741927792 -0.0121245604562018 0.0431044034469687 -0.19924179897367
-0.0105277937308783 0.0657525498006111 0.159826386942499 -0.0705869789079256
0.0515502374172314 0.0293926577940634 0.296477712635768 -0.168320952539548
0.0681059294238165 -0.0172141151611218 0.338123994656913 -0.315522774924364
0.0780900448949785 -0.0349491851979725 0.323828953911626 -0.352110339397222
0.0880604335008044 -0.0260851021652049 0.336352567768336 -0.306371230016967
0.0720751085373846 0.0198987009392408 0.321078577125206 -0.179482166032566
0.0104819434123558 0.0760923365562265 0.290972696375122 -0.0281917271286157
-0.0962520164276594 0.049950771676782 0.149079630112215 0.128826008925078
-0.043639325674263 -0.108677179486543 -0.0224629679533932 0.156180860747408
0.0993974624539259 -0.0662669025905898 -0.193274196925035 -0.0146958227041151
0.091118912406321 0.0798253526961793 -0.0151141190782543 -0.401810001768494
0.0926243101672923 -0.126421516422507 0.0595348392714068 -0.506269073008066
0.0831698966095384 -0.242328516070034 0.280980967261846 -0.138537887728568
-0.0428244295898016 -0.281068461070341 0.32663834877982 -0.372660484042223
-0.233918802540174 -0.157909175931614 0.0210416045422777 -0.245679122005611
-0.238062934768411 0.00832301599084029 0.108163936793065 -0.0563612244494398
-0.170605459950167 0.0899949369073816 0.271539234729187 -0.119814311489791
-0.0978950456761013 0.10927869033532 0.344110607283138 -0.279670216426777
-0.0652432145901358 0.0993183856223672 0.322941584128718 -0.336605323320044
-0.0350263994352641 0.0834742835341919 0.3324601537494 -0.304838349669696
-0.0582439968393822 0.0878325025015873 0.327428560751669 -0.187878447292035
-0.112224783559329 0.0810291410606733 0.304088854814276 -0.0339157621314189
-0.169435247928554 0.0261949895907528 0.149435869763321 0.132086820081582
-0.12290648048699 -0.148370958241633 -0.0285088011839768 0.15500872744202
0.0380747836626491 -0.206528155725936 -0.18318536932826 0.0172888546863501
0.0884093066805957 -0.129002304359239 -0.0385095751328759 -0.349170960514746
0.144293880517244 -0.346355165501318 0.0349916912991991 -0.403566737135082
0.0386227280866857 -0.462485331829384 0.324292583550714 -0.0113911157529833
-0.121679515979449 -0.425320944403719 0.389778638173869 -0.395154258037715
-0.344403103901021 -0.27696498225019 -0.0155420371763826 -0.323338612283662
-0.419468800487814 -0.0590833110056177 -0.00307918539033862 -0.0725225718332319
-0.364237365040292 0.122377955358623 0.164285302336176 -0.0671265278186834
-0.248606247834909 0.211064079996064 0.272442691701707 -0.203729850982971
-0.19843838221289 0.217973516360169 0.268895984053414 -0.270193037240982
-0.154063248389898 0.193386430403025 0.295124229139304 -0.259033049708897
-0.193930042422653 0.171299542762318 0.315526155741355 -0.173903049586749
-0.25580266660682 0.103136370696195 0.315403781537285 -0.031754693520489
-0.274278019762956 0.00527139978455896 0.165904846675404 0.148701534754641
-0.229853755987698 -0.192349230515194 -0.0361056533993796 0.179130332013511
-0.0560714696842879 -0.341893287302921 -0.19584385907639 0.0534045034897032
0.054297789576911 -0.333880987431496 -0.0618663757469993 -0.257488144775468
0.179471807699647 -0.494980817622563 -0.00737159537572789 -0.22559186615548
-0.00856219841515518 -0.589401135285322 0.362899099826566 0.124907854301103
-0.186637217417178 -0.474113488722456 0.410874389364271 -0.404751567236822
-0.388659834338276 -0.31337189074785 -0.0710402531110515 -0.389040436834426
-0.508860466799609 -0.0959287842880566 -0.143744512941592 -0.095042598053878
-0.477889743082536 0.136761315969801 0.00929474756890225 -0.0141819018845258
-0.35006769970478 0.277258632041267 0.142750012963866 -0.10751778131394
-0.301263706409272 0.304711365852997 0.172365220750106 -0.163706938239807
-0.259978433049562 0.285406037557697 0.226802388473324 -0.168037281230761
-0.327062018363542 0.254662197512521 0.275800577322757 -0.121860900007629
-0.407869686311286 0.12994460892226 0.29782340890089 -0.00787517729937348
-0.400563387791045 -0.0177498514113682 0.171625135042998 0.175616426979611
-0.348487145023971 -0.240597831048049 -0.0455255013202093 0.220209701632462
-0.166657709839073 -0.467454065653073 -0.211199656736671 0.103132577208113
0.00496847108894962 -0.51738595992844 -0.0771321761384254 -0.12445687587932
0.175089616434677 -0.545098857630557 -0.0542189527254141 -0.0158941800613239
-0.0645568331141927 -0.578082370630319 0.387209744962173 0.21916212234525
-0.209471732205456 -0.39269417605322 0.370166381361305 -0.389433240924665
-0.340063730901486 -0.259885770476106 -0.132903988406952 -0.403194429705291
-0.48430772243139 -0.0921617791788627 -0.26735788442834 -0.0970500438442719
-0.489426447302472 0.13674025978814 -0.145710958181841 0.0390192298061938
-0.380433851811293 0.30001442036291 -0.0110244515503529 -0.00224604477783337
-0.35765614291275 0.345452605088892 0.0467059338249613 -0.030973716974037
-0.337970636919436 0.339604355641734 0.12400988682332 -0.0402439532918808
-0.433049762026169 0.303016667784977 0.193508411743282 -0.0275648936831844
-0.525865011342872 0.126018266699008 0.231651724479797 0.0492535755085459
-0.488830281701006 -0.060018688003125 0.143047015752919 0.210407889431492
-0.426610679766666 -0.279243412039006 -0.0644860685300071 0.266434449124121
-0.2571694731489 -0.552134654576912 -0.217593906145419 0.164420369600316
-0.0391174923733846 -0.642475707059385 -0.0843241451707508 0.0429066625349416
0.121672146326819 -0.50439743996717 -0.0858898619894047 0.174053234624828
-0.118155341375863 -0.443152396052024 0.385543369227328 0.239650879693699
-0.174836262395456 -0.220431433315803 0.274568987420524 -0.34474807605184
-0.216372691548419 -0.164083445047312 -0.173660260080925 -0.347979455405711
-0.373151921951887 -0.0753526315101361 -0.33048808670622 -0.0706964360076462
-0.413297204703093 0.120851958422549 -0.256597697480662 0.0896854759822718
-0.347810482846881 0.279762852078898 -0.15199872077922 0.100535114277412
-0.361720510058532 0.335849467083404 -0.0856800888962219 0.106691898112474
-0.371955590768362 0.335616690565273 -0.00286210381883084 0.0995352758840303
-0.474536293255023 0.281412195983445 0.0705601134537865 0.0857696917587836
-0.551205450207049 0.0654842659817964 0.113684185863636 0.120529258585647
-0.474237947469678 -0.119656687489342 0.0742567711940363 0.23768466482086
-0.41355716977229 -0.281104252789827 -0.0997524505824406 0.299042897581696
-0.292014497498951 -0.564497100822996 -0.218249333614303 0.227256877644834
-0.0616631045022217 -0.676731457974123 -0.086530059593444 0.222911835143302
0.0432425909122988 -0.395183428075035 -0.0880332337403226 0.311019013555613
-0.149417207366973 -0.254350728615456 0.355324462880958 0.196993828798098
-0.106980680857886 -0.0523034757396022 0.167422654501044 -0.277578095717618
-0.0807221921642063 -0.0890950598822458 -0.176649207613725 -0.263743557739757
-0.236179781351296 -0.0617961189693763 -0.333827629073261 -0.0365543264551933
-0.294501605674533 0.089696638699152 -0.315080332880795 0.129848611909016
-0.271484416494788 0.223548341387674 -0.257302766026969 0.190254189705988
-0.308823046544377 0.275103903320799 -0.202965505239211 0.229311752965782
-0.339790190987981 0.270777281444608 -0.138194442996495 0.223350373622867
-0.428806336267534 0.188767911511655 -0.0751701811770951 0.180678544130369
-0.451955395198584 -0.0266880560609862 -0.0279282522857952 0.166092802443768
-0.335543466813639 -0.156029672658359 -0.0120708403019747 0.237820258211428
-0.309412794784649 -0.219278997643952 -0.147726160030166 0.31281433795316
-0.266678502983602 -0.484914485791154 -0.231355388261696 0.274646882098839
-0.0600500118251885 -0.602167523047717 -0.0944047936867224 0.384156120482784
-0.0267147504307101 -0.249010605071643 -0.0661355496381602 0.389578945396236
-0.144479721928441 -0.0808929929815696 0.314504111931717 0.134058929764468
-0.0331098317733254 0.0509403093585677 0.0925055638213227 -0.20704242826917
0.0185964143741401 -0.0530754582659426 -0.15225062912307 -0.197305421233975
-0.117877473548736 -0.0594161731065947 -0.31186453234606 -0.0131938160218258
-0.170735215572007 0.0440623074810555 -0.336954813779704 0.155884148721963
-0.171822704783376 0.137482771913155 -0.320319209384061 0.25877440099872
-0.207640802115555 0.170712154764306 -0.289254580093488 0.316375465333175
-0.238814014379928 0.158627215520784 -0.254724403201992 0.304147940656869
-0.283870069330455 0.0680569305462262 -0.207652991427116 0.228258137919528
-0.243560362243669 -0.0910298889140623 -0.144854016097038 0.166819582184466
-0.123789655943262 -0.113236003541908 -0.0771717549907676 0.216407433263356
-0.175421723733021 -0.0749110377625943 -0.201202814024342 0.31099778848936
-0.209563846443316 -0.308963792272093 -0.27155814303778 0.284750387793779
-0.054534461432767 -0.41611631428791 -0.109832944147043 0.487236129009545
0.0667839098875707 0.115647411496276 0.0459799101317127 -0.51676566754742
0.135675962272885 -0.0131958755453766 0.22956703511641 -0.244464702217628
0.0364622737512623 -0.107260119978288 0.230672666579497 -0.363399842579389
-0.0819689629324019 -0.00458042162671255 0.0341639177318424 -0.201550487117332
-0.00320310731961193 0.0655740155537433 0.162955287724006 -0.0810890065290793
0.0555565109903245 0.023223386061966 0.291506319578239 -0.190357286493975
0.0674976467176294 -0.0244242869417281 0.322233540433472 -0.341868502835177
0.0744533628086189 -0.043504798496228 0.308214718462792 -0.377705199351671
0.0848170154682171 -0.0370955896874116 0.323625150863322 -0.335208020214161
0.0732463273253541 0.0113829945583105 0.314042836057269 -0.20393809395464
0.0182701129181999 0.075147359430432 0.29235051567009 -0.0507378990666719
-0.0912183025340698 0.0592842858719259 0.160862562126372 0.118866746400369
-0.0538569294946423 -0.105172547399452 -0.00787468971499949 0.157752686314873
0.0937114270751465 -0.0761863933844283 -0.194677935013131 -0.0018899599466528
0.100681196149929 0.0726470608384962 -0.0426770522393146 -0.401422280319101
0.0906942872633716 -0.134584794927729 0.0358763109138178 -0.512653108497497
0.0679629613761625 -0.253686954954542 0.280638751170415 -0.160440002837351
-0.0616320064246948 -0.284824302420059 0.302913342956865 -0.403738401629641
-0.246371251354869 -0.14550623143631 0.00910900681786131 -0.24592626853194
-0.238691008358901 0.0216071459470574 0.112666541368353 -0.0648295938677232
-0.16682323500265 0.100045764811332 0.27037618996558 -0.140023308924054
-0.0930386360428881 0.114530024333241 0.330326362500273 -0.307424455466566
-0.062085025860358 0.102659782293333 0.306073170209933 -0.364164318371855
-0.0326358709179276 0.0822883595980525 0.319108656201093 -0.333125895212012
-0.0544250612670666 0.0895686902557843 0.319537505057134 -0.213822331436044
-0.106173567569365 0.0892662854920047 0.306185949127844 -0.0569480404421244
-0.165899499737604 0.0388485541870856 0.161537833251675 0.122831815123233
-0.133986671044412 -0.141146147721605 -0.0140387055015016 0.157760747496333
0.0227880540708929 -0.212084505894262 -0.182405478231725 0.0302133114989681
0.0856997516824373 -0.135620206089182 -0.0644832441771775 -0.348273666976405
0.130016206576498 -0.359582467922175 0.0154715544510742 -0.406326233247582
0.0111638365545829 -0.473241823514879 0.332963228914443 -0.0333256748971242
-0.146239385992685 -0.427114987359463 0.362734660154773 -0.432282925277919
-0.365899779393758 -0.261243433938514 -0.033708081527744 -0.321701115766893
-0.428645058603619 -0.034802453237092 -0.00292780387514111 -0.073893689844334
-0.361699004618178 0.145085412628608 0.165045752178603 -0.0799662190117539
-0.239673662659061 0.228627915253649 0.261892509160541 -0.227717148554007
-0.188436182499579 0.232621928593045 0.25598723335005 -0.292289240364568
-0.145996626498833 0.202637382538054 0.28382260485884 -0.285760271306752
-0.186738631200863 0.185087192338455 0.309470690628926 -0.20015701660445
-0.251187927278822 0.121106761039178 0.31840289587185 -0.0567696442452249
-0.274995884767199 0.0222868018683338 0.178182345211735 0.138286993196541
-0.242400628785159 -0.179829781628544 -0.0202780925777169 0.184340207336899
-0.0797769950215114 -0.343687375287139 -0.19210717952258 0.067862866507724
0.0397398577818563 -0.339764277109961 -0.0829072854203483 -0.256076210298997
0.158050095678133 -0.511318390984877 -0.0183702241503272 -0.222794787371439
-0.0432346695261889 -0.597597704129772 0.380202412123007 0.10214043402133
-0.211959447279446 -0.473170708976944 0.384087000147661 -0.442901799145002
-0.413087954551867 -0.298631747269547 -0.0946794576021909 -0.385010279119988
-0.523141246669607 -0.0661291082499975 -0.149229433684797 -0.0885427831504744
-0.478154096589206 0.167977053163064 0.00975447399361674 -0.0163929771101137
-0.337526472315827 0.302765477361974 0.135901909348815 -0.122594301981271
-0.287560101499651 0.328730852999575 0.163395976181984 -0.178207292738762
-0.247799087624135 0.304388651354712 0.219523022813502 -0.18844572227805
-0.315865806392078 0.279735619887603 0.271717755282628 -0.144241581177928
-0.405546259913339 0.159675721625992 0.302597781990211 -0.0311802804068226
-0.405723245639419 0.00420729929282914 0.186495305998293 0.166029731050914
-0.365411101710447 -0.223351759582946 -0.0271731299259451 0.227964525310859
-0.198579700477978 -0.462821913509487 -0.205564104067225 0.120952480038073
-0.0215298845441063 -0.520059005291719 -0.0907478792635621 -0.122242596405098
0.14793988402159 -0.563941336354056 -0.0543629197549673 -0.00785870176998302
-0.100579401388707 -0.57990833413878 0.408720476425765 0.195869866704543
-0.228200857518607 -0.387503325400307 0.341180916277396 -0.422394613750701
-0.360286455377634 -0.248094902489704 -0.15890886676424 -0.395825040275091
-0.499142975849681 -0.0622023574596486 -0.275565347242136 -0.0818542419466292
-0.489369411789105 0.170205434625086 -0.144191766885538 0.0482018550444604
-0.367317886657386 0.328209018930699 -0.0144584341392454 -0.00599198590661806
-0.341286201765272 0.375038669707196 0.0437346885007774 -0.0356956801334766
-0.323518487054375 0.363759128632108 0.122693006918705 -0.0525960883491634
-0.419645001806653 0.336612113458645 0.194655942227985 -0.0424574372069415
-0.52758400203158 0.16254835613416 0.238573948630943 0.0318952522340477
-0.502027459056789 -0.0329446550891317 0.160006160274983 0.203932575966407
-0.444435361254377 -0.260292381997346 -0.0443662507392241 0.277682854671627
-0.29491077463937 -0.543475989239274 -0.209892813879438 0.185974747424984
-0.074060812941462 -0.642611543837059 -0.0891793223553375 0.0453514750114138
0.0935075082604845 -0.5156245830585 -0.0754717325879656 0.186302711052099
-0.14574975930718 -0.436357891542449 0.404880002975904 0.215292596793944
-0.182950120000957 -0.214637926547982 0.247934134961474 -0.37017524274407
-0.228051485904791 -0.157752617234725 -0.197572595408943 -0.337159181247013
-0.385296066101039 -0.0509898792798415 -0.338492917656462 -0.0506167590809133
-0.41361463490836 0.152690952975177 -0.254483206565228 0.106822952044446
-0.33524139463953 0.308216489032222 -0.151491557177024 0.108907800139483
-0.345115069103917 0.367718313088114 -0.0823931154900831 0.11266972407864
-0.354988458789849 0.364698302791766 0.0026534819722647 0.0982716110384081
-0.464987521457833 0.31682261316135 0.0770687801066958 0.0805318232425995
-0.560900950547997 0.105806185551613 0.12454894212318 0.111970512864305
-0.492071655925595 -0.0966205088672425 0.0890323588166619 0.235295857969582
-0.430037289954199 -0.267129078958141 -0.0796595147666363 0.314360884583269
-0.328389130117986 -0.552757458452258 -0.208118361629237 0.249627405052754
-0.0987840697014787 -0.678823567401353 -0.0813488548668008 0.227533828689812
0.0203454181749928 -0.400461097309969 -0.0696830401000614 0.323106600272846
-0.164485899807953 -0.241504539246819 0.369817386378246 0.172056101168997
-0.103736661622201 -0.0490621921226863 0.142899568983428 -0.292251067926994
-0.0874113242106074 -0.089127562699395 -0.196353953537692 -0.251375875058914
-0.245463898956146 -0.044880276239117 -0.339897145404867 -0.0142171574968963
-0.293475279380733 0.113221961430644 -0.310211687203551 0.152518302188177
-0.260424861079617 0.244989619641142 -0.251475692188812 0.207526207540405
-0.29453930377759 0.302258524325538 -0.194619846250436 0.24553374475485
-0.327618073401335 0.296334943344113 -0.126303531901067 0.233109634162024
-0.423754692756792 0.222285377729371 -0.0658643296266162 0.187354890601056
-0.465899195844957 0.00250147666064995 -0.0176529798090135 0.168924067255703
-0.353530793000426 -0.14270743645739 0.00200073275710133 0.240786992941373
-0.321472191510787 -0.208649403719079 -0.127913467879666 0.332184187585469
-0.299831791114901 -0.472684322512181 -0.218520984645922 0.29843755862397
-0.0966900795257327 -0.600861581985579 -0.0801261153606175 0.389328715244496
-0.0438134436675551 -0.247545631314616 -0.0419609696966449 0.400971861904885
-0.147823745535849 -0.0690775366796987 0.324690519271061 0.109042827602524
-0.023892045611108 0.0515633108775585 0.0731899002477031 -0.216098418377627
0.013473118689194 -0.0579648052845484 -0.168035850129817 -0.18612426414591
-0.124837084475263 -0.0488348582744278 -0.316421330888797 0.0094741697837049
-0.170118558866542 0.0594243315031272 -0.331638311838572 0.182207165773804
-0.163625279397153 0.152751166480029 -0.310114286560706 0.281597842132727
-0.196698006826996 0.189111153801176 -0.27534709253313 0.34003745755981
-0.229977282528591 0.176816415931933 -0.240196355950294 0.324034227025444
-0.284329791405212 0.0897100505177405 -0.196028167520888 0.244369255814762
-0.257960108922059 -0.0757990986990782 -0.137656427659777 0.177545863491258
-0.13496838565703 -0.112127031460622 -0.0674281886524838 0.222400195883117
-0.175714941382154 -0.0695586705690549 -0.182549755676244 0.333541412640612
-0.23248036948505 -0.297003411170826 -0.258447397980298 0.313155929436538
-0.080929621833107 -0.413112466916196 -0.0894350177891325 0.493560709891998
0.0760407013677298 0.107660800588085 0.0205368746960895 -0.51041913828868
0.129780497721241 -0.0253049011556378 0.214727907120216 -0.259456575587664
0.0242358955019368 -0.108064412885681 0.201439567482843 -0.376242493444376
-0.0792318578821076 0.00295518922648092 0.0245487584390205 -0.198850249921005
0.00406588776669156 0.0626823554799106 0.161843215827897 -0.0916057601386751
0.0569960408707681 0.0159147534197577 0.277690455434507 -0.20776784165181
0.0651084722689589 -0.0317536654200816 0.295474266663967 -0.356743106142605
0.0680173507246443 -0.0513659472724261 0.28310476935498 -0.393239779202375
0.0780545764459536 -0.0457791720359524 0.300768408212089 -0.353082132779772
0.0719473399530233 0.00276755728106418 0.29730408892172 -0.22293857659549
0.0255354725332134 0.0711849878856468 0.285283221727528 -0.0713771712801744
-0.0817890526763552 0.0668942661881765 0.167334894117056 0.105830613602621
-0.0623981395925579 -0.0986847197786905 0.00617457298548024 0.154527519892499
0.084127564905427 -0.0834145631855578 -0.189578759863376 0.0120822872198267
0.106968725267872 0.0619323653357208 -0.0703531543897385 -0.387850096217414
0.0859652681006517 -0.140397432896207 0.00946762934203966 -0.503027428163603
0.050782240420631 -0.257171706420174 0.27142910120099 -0.178555404165551
-0.0803466360278745 -0.279287712642421 0.266670916507925 -0.420528788665604
-0.251874726589025 -0.128353434137045 -0.00334377507444387 -0.239436338362708
-0.23274050703155 0.0347138627629182 0.112493194062305 -0.072517278128546
-0.158489351566815 0.106478615892306 0.259649213724692 -0.156863976039261
-0.0861282917480802 0.116649430639676 0.303970190759611 -0.325164514043982
-0.0578823087704213 0.102429663884709 0.281570460814334 -0.378648582175775
-0.0304282598933501 0.0799859832399981 0.29487936379804 -0.353344101548705
-0.0493556005772549 0.088782901610597 0.302303283912778 -0.234121098881115
-0.0969053156525168 0.0935837107301669 0.298469445491409 -0.0798464397243265
-0.157356392546603 0.0499769366421411 0.168386685657103 0.10948961916709
-0.140852739064274 -0.128610070030935 0.000684405418057442 0.155176238955909
0.00696509622349074 -0.211171928714965 -0.174707477575565 0.0421429253280751
0.0803834189967965 -0.139842189434742 -0.0882264454941319 -0.335403647751159
0.111496048668098 -0.364699319618417 -0.00386992507442023 -0.395213259316932
-0.0182749379822445 -0.468052028133455 0.33264881636456 -0.0553235904807071
-0.169487834402878 -0.417241477402633 0.323336181310633 -0.453984106910498
-0.37728821546261 -0.238908857506329 -0.0502137467470989 -0.311208549410666
-0.42490573433056 -0.0100223185069585 -0.00403118553441836 -0.0748973073335236
-0.349544564361413 0.166665102374348 0.160143423594643 -0.0909447323962419
-0.223892002071514 0.238804997452245 0.242196425127711 -0.245181242831376
-0.174104657738626 0.240588689099028 0.234598039007965 -0.307022152252374
-0.134286880865131 0.20634996146212 0.261660156333003 -0.303151865711221
-0.174102187886844 0.19248602867061 0.293145390165521 -0.220284312648273
-0.239955281332751 0.135249721304456 0.310872822369779 -0.0804909369533905
-0.26620556477112 0.0387838822889293 0.186755559923413 0.124420449353549
-0.248575228990996 -0.161926721953532 -0.00395298907717068 0.183569351668686
-0.101445433561328 -0.332460371229225 -0.183321541807119 0.080897002614051
0.023982312815384 -0.335225926115656 -0.100614703720969 -0.245744484890127
0.127944936872227 -0.515634627358424 -0.0272918569028074 -0.2126106096619
-0.0797087887031934 -0.58543720033231 0.387605556805605 0.075478577443396
-0.23521706477829 -0.458493395764309 0.341998433176416 -0.46516917083298
-0.426699251919799 -0.274382484261767 -0.115647418002068 -0.369874341934948
-0.522587113911969 -0.0339178994616441 -0.150744332482543 -0.0796355105598275
-0.463140356892204 0.197895425190861 0.0109820631877254 -0.0174188858125583
-0.316139030032879 0.318691442403421 0.12295131475873 -0.133706609116329
-0.262925978262883 0.342816637891661 0.148769214542376 -0.189138157386627
-0.227879029109533 0.31475629098485 0.204312995817286 -0.204143820118745
-0.295869137064119 0.296044957022433 0.260148177581571 -0.163746053502643
-0.392191145981232 0.184370939875631 0.29793386052369 -0.0545809254930433
-0.399370262616452 0.0280218398747873 0.196258363599098 0.151630295628377
-0.37105247395204 -0.200329710880928 -0.00771714325839155 0.228060834707444
-0.225581138462533 -0.444406702722967 -0.193238789701429 0.135234601787197
-0.0463346809796792 -0.507920712756301 -0.102515185420318 -0.114955976913378
0.113434517263851 -0.563985561813487 -0.050944766041219 0.00110887057137277
-0.133105367851417 -0.562097303639683 0.419714124821118 0.165838927581871
-0.241621393138942 -0.37259138912746 0.300423609915877 -0.440831063011282
-0.370415860492144 -0.227106916407809 -0.180690296040648 -0.374303377776283
-0.498797409142371 -0.0314885420672005 -0.276622023760922 -0.0644488029804579
-0.474598005469474 0.202653546584842 -0.138552889897503 0.0563612475071133
-0.342755438305503 0.34700257664169 -0.0188802782947894 -0.00866734526967412
-0.31399135475972 0.394021897094056 0.0388358494101276 -0.0398943371364055
-0.297489928740075 0.380082368631406 0.117692611630226 -0.0625574999895555
-0.393667584864277 0.359483507559388 0.190095451265235 -0.0577740405207411
-0.514905237596588 0.196198236745425 0.239057098352154 0.0126205437595044
-0.498442618085423 -0.00451976331478305 0.171357299815049 0.190413944454054
-0.452323697094183 -0.233530868127484 -0.0214250019217595 0.279209037172257
-0.32499408569359 -0.518248473958635 -0.194167089019809 0.201280747592134
-0.106804509891528 -0.626375346934156 -0.0911762103039154 0.049217927883779
0.0625050199688331 -0.513918760699323 -0.0608934417250308 0.192121882829054
-0.168445983037094 -0.416432271352735 0.413878144700428 0.183412849414146
-0.18636097606949 -0.203340771172253 0.211613027594067 -0.380867537192704
-0.23508289704538 -0.147060164488324 -0.215733196245316 -0.316055265041575
-0.385761950448096 -0.0239760175559625 -0.337547731920544 -0.0277608231197933
-0.399411866272981 0.179240670266588 -0.245140032910406 0.122887133499363
-0.311889735901877 0.325267380012329 -0.1471206401476 0.113150193678541
-0.316211399368864 0.385788257282782 -0.0773244390162082 0.115522242167531
-0.329224103334745 0.38355956099574 0.00833687519659718 0.0948619021630855
-0.440001151912841 0.344561628954488 0.0810170776331417 0.0733919228339643
-0.550419886349378 0.14019160441859 0.129294958922173 0.101265283241642
-0.495312985843802 -0.0684317029331265 0.103714849805207 0.227451132410647
-0.43729741759775 -0.243146508813835 -0.0534501566153123 0.321446485665774
-0.35959797298788 -0.523489945445418 -0.189654864389799 0.265589185565254
-0.135121126318225 -0.657392556693693 -0.0750488249931427 0.227486900565896
-0.00449727821396562 -0.392975553385853 -0.0492307302553979 0.326698102779316
-0.174539438570896 -0.221988097525079 0.37283810381879 0.141266109255002
-0.098216405335886 -0.0445569992829031 0.114538978837405 -0.29673288464306
-0.0928701309938942 -0.0862575997475878 -0.209335743024332 -0.230660920680275
-0.246549066153917 -0.0256457580451773 -0.336033457092257 0.00914430090942902
-0.282924876572361 0.133662506122375 -0.296961288368722 0.172315749526838
-0.24008127691566 0.260090915533891 -0.239465462310812 0.21900246580063
-0.268525033411124 0.319824065199194 -0.179194534581628 0.254531694345532
-0.302702457102976 0.314384885414102 -0.111312279458321 0.237171144458141
-0.40404352636204 0.248263121955067 -0.053197736865232 0.188512461287627
-0.465636079003686 0.0342331030423401 -0.00701982284859594 0.166662036384632
-0.361838090602766 -0.124138705043513 0.0149869862195799 0.237937249180985
-0.324424987091242 -0.193168442123 -0.101304368031598 0.341417631537495
-0.323886477220456 -0.444674417837425 -0.198049241016155 0.314046925077828
-0.129836627343095 -0.581138943728809 -0.0641480506208295 0.384789662748374
-0.0596068105408066 -0.23743805982624 -0.0174213979958338 0.397243351707117
-0.147457405373875 -0.0532854134555398 0.322274158759595 0.0802262060114069
-0.0148879684941126 0.0491560696524362 0.0526341065326747 -0.216617851263936
0.00781556338439491 -0.0609935516680453 -0.178016079888354 -0.168934921919
-0.127495686734143 -0.0363145410090141 -0.311068312285438 0.0322525039806658
-0.163989493199666 0.0735297932273516 -0.314672203120413 0.201500133667472
-0.151392252489879 0.162587636156329 -0.29139436187657 0.296303605583893
-0.178886655474873 0.201841779587949 -0.253599664297573 0.353244211846665
-0.213913749313661 0.192218743040172 -0.216894292735828 0.333610643444674
-0.274793207845279 0.108556008853563 -0.178338857137422 0.252516136451668
-0.264302810082395 -0.0570128557936554 -0.125837922723787 0.184032860708353
-0.144037759314655 -0.108053475039399 -0.0551312421592116 0.22207247850702
-0.172327308099361 -0.0623380138085347 -0.15698952394132 0.346304469049211
-0.24747559259314 -0.273545210184705 -0.235600092021085 0.329870012093778
-0.106659667150087 -0.398546280490355 -0.0677802081422975 0.487236923966759
0.081352609713633 0.0975846668394441 0.00426368746544802 -0.492737059612172
0.121862540338951 -0.0326392519098395 0.200111679363959 -0.263228801199259
0.0144520616356607 -0.104830742609397 0.173481901340267 -0.377850388819395
-0.0759474444919912 0.00878954794225353 0.0174110626888456 -0.192411151767936
0.00909659752586246 0.0586894487205421 0.158193730937391 -0.0983553816247469
0.0563330293548908 0.00938148762729892 0.261144649427171 -0.215863028523711
0.0608881492067742 -0.0366040116696541 0.270450858272688 -0.357062454152387
0.0599143953569003 -0.0558457566984267 0.259846634568698 -0.394115013187967
0.0697240976341306 -0.0520208380822047 0.274780631952611 -0.358931734740552
0.0682806552075729 -0.00426503437842487 0.27896519945225 -0.231313719246681
0.0297551646385568 0.0657580456544336 0.272841225613218 -0.0842864699983295
-0.0724172542005128 0.0707127880461105 0.16814738894806 0.0926888995057682
-0.0679422025307283 -0.0904980116603723 0.0168653575691106 0.147688151406668
0.0742676115633101 -0.0863253899633238 -0.180925859218993 0.0229544468671738
0.108689040482203 0.0518387745776172 -0.0857618625559295 -0.366126677437386
0.0821152778546026 -0.141815852364557 -0.00451505299620913 -0.484297336334821
0.0372687736947231 -0.25393005778955 0.261078073146593 -0.187572274164048
-0.0919548893364352 -0.269700377324647 0.233250822468373 -0.423344593446115
-0.249594587750707 -0.113827796878108 -0.0108680883104872 -0.229513721512052
-0.222762291826151 0.0414145266999936 0.109326160730351 -0.077306733911153
-0.14843570092043 0.108084680943214 0.247108363508816 -0.166521310226123
-0.0801732473038046 0.113458561217039 0.279648917122792 -0.330313948422899
-0.0540117963752919 0.100247618113304 0.257940199855696 -0.381753337216655
-0.0300455337886624 0.0749405813591402 0.268833431882458 -0.358350998393789
-0.0455378761898738 0.0855228073350487 0.281481739895262 -0.242611772299582
-0.0886240569766186 0.0937459570431479 0.285422285968587 -0.0935749314804447
-0.14642864711558 0.0566572217833635 0.168943146153061 0.0973677155450418
-0.142754141286383 -0.116729789405172 0.0110784368682726 0.14973215066696
-0.00399954939192799 -0.204391939920666 -0.165323831233212 0.0502564060647698
0.0766843624194644 -0.140277786589628 -0.101046412759852 -0.316618131056549
0.0971423476503518 -0.359859380092266 -0.0150428174355369 -0.379375304904205
-0.0364857428485291 -0.453634797970832 0.327743001952637 -0.069877320524301
-0.181688608354418 -0.400188692081989 0.286585613717399 -0.45834517986677
-0.3774585496054 -0.219440338953341 -0.059906583168303 -0.29552257435951
-0.413807796729106 0.00643010040713544 -0.00402381462857495 -0.0749625568667776
-0.332628445648005 0.175545139913285 0.153911383526996 -0.0973898250390722
-0.209356734253772 0.239380897273833 0.220693494975818 -0.251276699983282
-0.160847170535842 0.240183558448273 0.214177337025852 -0.310567078110604
-0.125711561113853 0.20342329823703 0.241075793443303 -0.31016682147626
-0.16107927698562 0.193133436169921 0.273943441746367 -0.229760944847044
-0.226365728938237 0.142215966712929 0.298665420730937 -0.095967473940847
-0.254358493217686 0.048580083709734 0.18785047913409 0.111169522745674
-0.245894744350969 -0.145742953924288 0.00866879718574082 0.177387738691201
-0.114160464981346 -0.316916537328834 -0.171293383990042 0.088170546590274
0.0146595190913487 -0.325201863052353 -0.111086554024238 -0.230884101778582
0.106781904630813 -0.506046204229657 -0.0306543718905279 -0.199872031250242
-0.100321485763887 -0.563857677214433 0.385622365869178 0.0554627781332591
-0.241809475357572 -0.439883587024388 0.301590094712746 -0.468472553679188
-0.426373433356399 -0.252282524834896 -0.126527430483969 -0.350842597044947
-0.510915389323426 -0.010994580133085 -0.148720935049722 -0.0719024031578423
-0.441900928726799 0.213401876095581 0.0116953664842404 -0.0188203428246113
-0.294373412104191 0.323014289400325 0.109324255911598 -0.13904205150042
-0.243460431186825 0.344119382540542 0.13452358056084 -0.191650173905372
-0.210397823337454 0.314548965113052 0.188813687597784 -0.210506987595625
-0.274654511923526 0.299607745920748 0.244738596955481 -0.172949736332768
-0.374403900092674 0.197066971847302 0.28723716020048 -0.0712406681463578
-0.387320834179345 0.0424937570758593 0.198662578021515 0.137897396897672
-0.366209047108343 -0.180857354595728 0.00718787382361363 0.22214428432318
-0.237327473878486 -0.419926450661634 -0.179398281866468 0.142405768174694
-0.0601994669182306 -0.488678548589113 -0.108866403622434 -0.105832534989704
0.0892322659714331 -0.552235704166715 -0.0466055127230724 0.00828556920587179
-0.150748595330498 -0.53659873773261 0.417799946965089 0.141917257454357
-0.243411503010546 -0.355477753861273 0.26195655118305 -0.442888294431641
-0.36992564332655 -0.211392901084417 -0.189140630937968 -0.351894081535346
-0.48757930243584 -0.00985071001164555 -0.271019986065422 -0.0511145383486204
-0.453147234195112 0.219893470812931 -0.130062362833499 0.0607097391794699
-0.319036875138524 0.352120427260268 -0.0231295438222342 -0.0111253082815865
-0.288313199289871 0.398095409185616 0.0329845872281544 -0.0425620136512958
-0.275713255872154 0.382646509526248 0.111582675277587 -0.0698411604468677
-0.367863703131318 0.365771118572625 0.182455349387602 -0.0675481289979708
-0.493270315426282 0.215169987762923 0.233872752665558 -0.00258496653937386
-0.487711697964049 0.0126585326503037 0.1761125514991 0.178518633618922
-0.446058854267619 -0.212645055970056 -0.00351832057566311 0.273902336007851
-0.333965803649107 -0.487178113142167 -0.178492350467268 0.207238229958406
-0.124134513710353 -0.598806713948932 -0.0927854959647581 0.0516316578349854
0.0400751046279131 -0.498308103171002 -0.0488680429648018 0.191895746574122
-0.177242451867017 -0.390119879170206 0.409497004543753 0.156650210989827
-0.181147295463154 -0.194236930920917 0.178553215057013 -0.378572659958002
-0.234801509052241 -0.137057235726255 -0.22146665255639 -0.291977498841965
-0.375723052084569 -0.00622474664565512 -0.327300791097812 -0.011095877863142
-0.38110207828853 0.195126979403398 -0.231020493050018 0.130908023771569
-0.289188280959693 0.330657441715086 -0.141647628990098 0.115351819742868
-0.287664297981106 0.391434150438141 -0.0729548695685358 0.114560935813045
-0.303637884515675 0.387635588419525 0.0114142693449024 0.0889611384427465
-0.412531240777401 0.354713432443035 0.0820190774444543 0.0651685751901115
-0.532231443830895 0.162737223220657 0.130852336163693 0.0896185662630622
-0.488364717008283 -0.0493103877242731 0.110548868524392 0.217182490875302
-0.432507379082912 -0.224739188332107 -0.0324021647267504 0.315906259556082
-0.369015559661094 -0.492346795530625 -0.17400039259165 0.270720889945022
-0.154351838156902 -0.627391475805185 -0.0712251204011537 0.222021796635123
-0.0222648851478541 -0.378432667319984 -0.0340623693663845 0.320491038655205
-0.174211733735501 -0.202634815109074 0.364828442569764 0.116540317880862
-0.089472732610246 -0.0428384813457123 0.0911262528519871 -0.290883341129657
-0.0958501534375054 -0.0840009928288457 -0.212301875911075 -0.21040832375955
-0.241674434147332 -0.0124288169134605 -0.32454862779326 0.02624916287303
-0.268061720001293 0.146504333997512 -0.279195244365238 0.181273317123268
-0.220554061158931 0.265462479580422 -0.225522127940299 0.222293284471374
-0.244919486084396 0.324374961066064 -0.165632408868536 0.255621766882714
-0.278742374478015 0.32033143352444 -0.0988669561620803 0.232801131665028
-0.382330541866357 0.260729733174002 -0.0434025734095743 0.184075477650371
-0.454160413205874 0.0562784018857857 0.000980712682884161 0.161420384315716
-0.361835425823894 -0.110559829456971 0.0236817619202281 0.232085152030112
-0.318350971579405 -0.180601999390443 -0.0785072784571125 0.340316820847519
-0.330071814564111 -0.414113527456581 -0.178291923799227 0.319172620120477
-0.147396650696015 -0.553378930355688 -0.0543152114163055 0.372323042732153
-0.0694284920971793 -0.22252507620356 -0.000211099042845883 0.388291703037144
-0.140644123180838 -0.0392560502961859 0.31003385366413 0.0593015690550695
-0.00807126221673696 0.0451520706272364 0.0366033434016399 -0.210130946658923
0.00191935159683656 -0.0625308503232813 -0.178400912095473 -0.152580258873233
-0.125786866749029 -0.0263937927177672 -0.297830272505137 0.0476512040070216
-0.155256369476253 0.0828489513954594 -0.295098577013608 0.212319350937568
-0.138293477716187 0.166417480735486 -0.272029362679055 0.301431329635723
-0.162244260866253 0.206711249219109 -0.233392111128967 0.355367915567602
-0.197389918949652 0.19756124562475 -0.197141779909382 0.333181941050633
-0.262379290398934 0.119856640266257 -0.161775210822672 0.253444081167903
-0.264525777869833 -0.0424910245364471 -0.114770609868962 0.183608949838942
-0.148039581750589 -0.104408941139479 -0.0468870819997326 0.218182136923252
-0.163209641221975 -0.0581797777649271 -0.133180207475386 0.347757769339273
-0.248614594263954 -0.251241007567225 -0.214685356575668 0.335087059091415
-0.120895208102246 -0.375965242039097 -0.0545854634074555 0.470267421159427
0.0345616237208304 0.121854210208735 0.216096569955524 -0.443380730919915
0.118472616593524 0.0195107957088631 0.289427049284316 -0.161432800287066
0.0511211854232357 -0.0896927521149592 0.300024379920694 -0.27266150315501
-0.0696165202360253 -0.0199915000349349 0.0942602404372151 -0.159915203652131
-0.0142388799599056 0.0547020789393886 0.187563317589033 -0.0239369947353645
0.0464689168313486 0.0287811239082716 0.322476237030904 -0.089735839453336
0.0684762414460708 -0.0118699857694603 0.384570224077854 -0.209854527164366
0.0738336744139755 -0.031128237605876 0.388729689789696 -0.245873789548387
0.0799075371520308 -0.027142771732513 0.387275409434319 -0.210940951052545
0.0613008809786207 0.0158678899118264 0.34209851831526 -0.0956890561878709
0.00564725543095643 0.0654108801273683 0.274096195580361 0.0319104751889639
-0.0865034506896724 0.0377117283549488 0.112456075789644 0.148921824985401
-0.0294958090451619 -0.105341756188854 -0.0393210546401535 0.134468731218883
0.0932241374632248 -0.0514295813163861 -0.164911240980274 -0.0445714543312352
0.0818830330351149 0.0782014759083532 0.061997971083631 -0.351025167563825
0.142506260195416 -0.0938929672095397 0.178035723664158 -0.434312738442232
0.140625850754196 -0.209128938129268 0.302774446503385 -0.0654497434313342
0.0294916267750094 -0.28094020416513 0.359209804240548 -0.284703542163193
-0.169098051734513 -0.201916877218615 0.0729409243956286 -0.196422688117544
-0.211705728573146 -0.0575220883494923 0.132744461827587 -0.013676438086323
-0.173989005428885 0.0326783102603415 0.28777471591899 -0.0415667839823951
-0.11693147834378 0.0646668647303192 0.381014755182453 -0.182101015343885
-0.0901020138146227 0.0643683512460499 0.38177590809391 -0.238681985427119
-0.0586690996202628 0.0484656335173806 0.38042249794821 -0.216323101881975
-0.073849544175112 0.053015519116572 0.348293723775898 -0.106975905364184
-0.111513342711462 0.0463187248943398 0.289378425230013 0.0280413251623995
-0.14720127262411 -0.00481958053666006 0.111534064178339 0.152813482938223
-0.0856036928799663 -0.156228783001695 -0.0449279107446396 0.133763972134416
0.0659180139472246 -0.183567238662954 -0.155850765826784 -0.0184351377492107
0.122478985418512 -0.104413056491611 0.0383780244773784 -0.312641458038861
0.252837466900479 -0.282957013732234 0.102212736292475 -0.341296172478761
0.16224908774779 -0.413440975579008 0.305111473925284 0.0693029256171699
0.00828633252053742 -0.435117293940394 0.408454246563095 -0.290358688434975
-0.236935921365141 -0.3490138029629 0.0455653238322687 -0.270671586810102
-0.364933543935657 -0.167367761359749 0.0243630173968776 -0.0481000830345144
-0.36362159081579 0.0187263369218469 0.174626003600743 -0.00979198571695319
-0.280821100167392 0.124576304723815 0.295165227172001 -0.13380081498645
-0.239938506399006 0.148611013854007 0.313645243343639 -0.194036159313883
-0.194627391643158 0.127411643876937 0.333777292040254 -0.184708264270312
-0.219164401616336 0.105922868400911 0.335268588719643 -0.100512878631754
-0.254891253526953 0.0384173985397772 0.302247778987661 0.0296603485059297
-0.241495928036877 -0.0547524461791572 0.121859530521432 0.172136617405911
-0.167790591789188 -0.221388515665243 -0.0582943603261778 0.154946545057718
0.00995346432717934 -0.322068528930812 -0.172692135990761 0.00628141921430436
0.133043889374764 -0.292112497520115 0.00456878387761655 -0.241855793396499
0.325803795729788 -0.410719314250071 -0.00210996934621856 -0.186056225140014
0.153712610123448 -0.535189039197726 0.298652012625038 0.208385004696763
-0.0249657180265344 -0.495904950168154 0.424105891128117 -0.290255778573868
-0.263835941854734 -0.40124811460002 0.00403452345645447 -0.344141678998387
-0.44263964137598 -0.223347719176543 -0.109219748243613 -0.0994422025674272
-0.475658775005779 0.00823221212093611 0.0157264658122447 0.00717006248322527
-0.388531782875287 0.162739050174583 0.149508226789722 -0.0752795826950186
-0.354556559338068 0.211745724600704 0.195644999134951 -0.120369485821336
-0.312685471016103 0.195253854597495 0.245888436987088 -0.118637774250527
-0.361291026006153 0.15995326264942 0.283622090318521 -0.0628004982286184
-0.409203095085069 0.0341658787571686 0.280424399246516 0.0480543615625175
-0.359900430699278 -0.111629866246593 0.119233192482138 0.198426703905826
-0.261815838580185 -0.299066021095762 -0.0782075456700286 0.192188986961659
-0.0619475505362108 -0.458250434903168 -0.198240778387345 0.0449232605436376
0.124647226018637 -0.465911981277236 -0.0351150880310804 -0.13130118236825
0.326078376017937 -0.46010638002486 -0.105938134680451 -0.0035711628701007
0.097016259488182 -0.530038001060959 0.29172344786565 0.298901064357922
-0.0606870597838684 -0.420402937892667 0.381251593917226 -0.279897598055966
-0.232309220225756 -0.343250194619641 -0.0502269772289103 -0.373658021769452
-0.423544793491769 -0.210804993810162 -0.227059165256287 -0.130242346431477
-0.486548603463374 0.0110678581056785 -0.142143615559767 0.0212982990007064
-0.421427953462497 0.182343892822075 -0.0210583349741572 -0.0131862945838896
-0.414340381603923 0.243485586993383 0.0454709569955963 -0.0262832421608183
-0.396664377725578 0.234636924790641 0.119232504689886 -0.0247996919201423
-0.469429160996425 0.186828550277922 0.18366210967951 0.00536963232136088
-0.525731484678976 0.00604142018485444 0.205052272599501 0.0883166353143818
-0.440201107167898 -0.179288987457326 0.0825416393751232 0.224452086554244
-0.321075250433891 -0.360110364772853 -0.107601953916024 0.234147487927198
-0.122672422292718 -0.55391223582517 -0.222725205317403 0.0988809055706902
0.106490283973069 -0.585105283356329 -0.0793947755766322 0.0128661388414087
0.257598004673281 -0.431216532973405 -0.176745455143837 0.16232249221879
0.0117952022803159 -0.412708404288115 0.281679625403771 0.310708183662254
-0.0718881372479784 -0.249698703595314 0.291754355540429 -0.257823180125416
-0.145833455678881 -0.222436779514422 -0.097742006268938 -0.339100666016687
-0.326489698586961 -0.15959787774776 -0.29194039903541 -0.12311049814312
-0.413932814659608 0.018703866476281 -0.259252142374782 0.0405749881984858
-0.385797492565318 0.177113665987976 -0.177453216495759 0.0519061251984846
-0.413143448100749 0.239837316035515 -0.11059072091292 0.0714466162370426
-0.422802440220885 0.230450714070968 -0.0316502170498603 0.0759526858287314
-0.502948042927835 0.160279578468061 0.0411334633170063 0.084673337969972
-0.541485882994484 -0.0550811275489061 0.076828959292016 0.128499674273039
-0.417815441400026 -0.237288615222738 0.00758663718737373 0.23194851870441
-0.302217996056281 -0.367584909499061 -0.15124848707635 0.261742898337443
-0.149849768575003 -0.568419590956115 -0.242908694384261 0.157377326132267
0.0855588472118574 -0.617632734537042 -0.12601216813557 0.170407952300509
0.145193133483925 -0.347332379193979 -0.198868629791311 0.284326663637631
-0.0653843110282472 -0.244019064807918 0.26547371598329 0.254619235029157
-0.054748241719411 -0.0773639455238422 0.187789786017052 -0.218933549431317
-0.0470469034897634 -0.116958451285578 -0.115410046015584 -0.267745041364456
-0.205186502615911 -0.108768421261624 -0.302323351595811 -0.0936320124437185
-0.295507408140533 0.0228362398128954 -0.321369182760773 0.0622613954104001
-0.298587783285715 0.146684053870618 -0.295148322298424 0.112499913899035
-0.34645227396961 0.197562954247573 -0.250142874384032 0.159786332946501
-0.374253259465455 0.18245207278892 -0.18610598727585 0.161007364191693
-0.43797105691366 0.0905947130995954 -0.117691624272732 0.141309082893366
-0.432851155693724 -0.119817400625086 -0.0668311081861807 0.139444293673425
-0.281367034275645 -0.243758851692077 -0.0752048918564996 0.209985678892503
-0.213287157584349 -0.283838904504003 -0.201246011339203 0.266889271543384
-0.144809123482779 -0.484373876224493 -0.271289206040323 0.199476718983948
0.0650703312975511 -0.547599181478624 -0.177606866428552 0.309030903765899
0.032358516039331 -0.228040894918322 -0.179144725283538 0.35757799552929
-0.104379457411399 -0.0887663113303478 0.245557020767632 0.179025835632047
-0.0194557506709955 0.0347293228953956 0.113339147390922 -0.174324120251863
0.0255999387895398 -0.0565157749517614 -0.105421283796411 -0.208406137754458
-0.098789691376563 -0.0727996628463093 -0.286096157220602 -0.0693636975904751
-0.168865844522266 0.0127386682852746 -0.347724987269646 0.0790718161483314
-0.186901501845805 0.0946841846876447 -0.36763728981086 0.163266875761711
-0.225036875898052 0.125397241032092 -0.350984811459672 0.223357151793821
-0.251653525427825 0.104279586588044 -0.31084851159229 0.211721130411745
-0.278025667712086 0.0118469627366543 -0.247962941184438 0.15603360804508
-0.223812620314966 -0.134972540211042 -0.177249065998756 0.114491431678238
-0.0918706727104486 -0.15434149711574 -0.130827044952055 0.171328486377535
-0.118150141774754 -0.111292508752417 -0.253434709738647 0.25543002741831
-0.13196372539221 -0.304350112750103 -0.315468959849443 0.204492735999183
0.0235928783516902 -0.375756150889529 -0.223476744424067 0.392177234240952
0.0406184213723202 0.118263533644701 0.212534563984825 -0.436155565220138
0.116111662083263 0.0133712676960529 0.290671805958263 -0.165105615177191
0.0442452392608406 -0.0895699616297206 0.290377276749479 -0.279165820010426
-0.0688180389321882 -0.0146152485391906 0.0907673437906912 -0.158393979519765
-0.00960225980974049 0.0540751245948106 0.189706158497501 -0.0288297132345194
0.0479169159345293 0.0245424876825152 0.319476210615471 -0.0963025378649906
0.0673199392155841 -0.0167741977747723 0.377403469937378 -0.214921061554647
0.0698947372191326 -0.0363637152026693 0.383931123812796 -0.251812238580577
0.0756967976284528 -0.0333460191518502 0.381032053901729 -0.21810376937337
0.0609586694290175 0.0104960839264089 0.33774660492136 -0.102476381650426
0.00977498998797319 0.0632116499184941 0.273078475810222 0.0232875256837645
-0.080876799027083 0.0429381703315281 0.116157546851935 0.144526886452987
-0.0347936828204734 -0.102875420191559 -0.03314862760759 0.133341342527517
0.0890989449558361 -0.0556299274116599 -0.163323982240055 -0.0373731412202861
0.0866277669198591 0.0735865488555307 0.054457048203524 -0.342239627919758
0.144903953786099 -0.0958087124477333 0.17423789783643 -0.425582574414687
0.136416687283511 -0.211765088299043 0.307772706167543 -0.070155737692977
0.0233123807072105 -0.281356816689709 0.345402301727817 -0.293714430356323
-0.171548048215854 -0.196902217985371 0.0690254925712644 -0.192127420397741
-0.208953179407012 -0.0547107884474381 0.134698313298601 -0.0173157145893897
-0.171599744133709 0.032989332477486 0.287228678569581 -0.0481770604511355
-0.11640494099684 0.062016819998004 0.371864156766858 -0.188729083635663
-0.0915116456713807 0.0617834501418476 0.376857702838726 -0.245431675919805
-0.061395543564792 0.0442868782767041 0.374416313958493 -0.223326112171791
-0.0731763581399708 0.0500578544284433 0.344317217310533 -0.114711254623232
-0.108276364979091 0.0469391760270621 0.289297201947261 0.0185035468062071
-0.142289390017317 -0.00017664046297893 0.11596979551804 0.149506923878183
-0.0895522775736619 -0.15196070464287 -0.0390724318575229 0.134018783385354
0.0603910561834392 -0.183135333202787 -0.153520284606498 -0.0122960340289685
0.124580450183059 -0.105570759693128 0.0310595172681391 -0.305616327430118
0.25057494110946 -0.283436484896524 0.0999575894940745 -0.332235716852722
0.155430909211065 -0.413537889077504 0.313130842980409 0.0647169720636828
0.00427627511725719 -0.435647543618849 0.394868037792376 -0.299021339601613
-0.239949250193772 -0.345018923505701 0.0411042232549309 -0.265143233029464
-0.364714347999638 -0.162138900904044 0.0253588354559655 -0.0491546227520239
-0.360473443051055 0.0235192507685619 0.176120188094234 -0.0141905820449172
-0.278949661247882 0.125367239829778 0.28912665688347 -0.139883137705285
-0.237899139069611 0.149520608345806 0.308250780169283 -0.199737179237193
-0.194445623623818 0.127001852658313 0.32827377012086 -0.19340462196643
-0.215897950793489 0.106321990808329 0.331323134959336 -0.109134494226278
-0.252311464281825 0.0428359000375812 0.301723388076154 0.0200241560304359
-0.237868210973532 -0.0508233718827155 0.126914335074653 0.169227672821248
-0.169631882015039 -0.216326875108117 -0.0513967065544975 0.156482755705467
0.00412357975304068 -0.318027586364059 -0.169347844441228 0.0126752293861022
0.131830599034658 -0.289918117652296 -0.00201157940351839 -0.237213808318527
0.319645243997829 -0.411334143749874 -0.00206977417445949 -0.177457408507514
0.145809512625844 -0.530585101397339 0.308595025226712 0.201915260704088
-0.0285983504293343 -0.494643504345713 0.408095437721978 -0.297841072298444
-0.267318106580696 -0.399471788442304 -0.00263668524268079 -0.337747383993761
-0.444189603485866 -0.215603025108956 -0.108858222829884 -0.0974963653985577
-0.472931967702563 0.0161753454206734 0.0181993184814067 0.00638024776291921
-0.385853687827069 0.167790493457352 0.144357253785377 -0.0806090892816455
-0.349743056925656 0.215589831941217 0.191147499563825 -0.125226138552622
-0.311248722712285 0.198205204704323 0.243166318682278 -0.125796129407584
-0.357697010073432 0.164115860777054 0.281624209281435 -0.070753479882231
-0.407881314723278 0.0411769388779483 0.281663387020447 0.0388064549287299
-0.357448950573856 -0.107467419518121 0.12549198175487 0.196429305637159
-0.262499481390666 -0.29365376431973 -0.0693390282597931 0.194022135110294
-0.0677476124664039 -0.452314933497909 -0.19593038590047 0.0525766807548838
0.121840287617575 -0.458602122144451 -0.0411393625093607 -0.128681249336088
0.318930405858997 -0.457786622929035 -0.102958663978225 0.00315634824110859
0.090173697041675 -0.521803482710259 0.301422131626759 0.292808797081915
-0.06036779677369 -0.417982231983319 0.36576517437464 -0.287870511410452
-0.234713750875817 -0.341959539605434 -0.0569084301092277 -0.366423296622707
-0.424187706114769 -0.203648655209869 -0.226944056023404 -0.125518371951211
-0.485261930270016 0.0216412375091696 -0.139649034016547 0.0237940756122177
-0.416575385535778 0.188007047243713 -0.0244552652136483 -0.0152513477977825
-0.408782960718829 0.249827003797686 0.0430965015564051 -0.0295241297924068
-0.392478973209792 0.237544920926149 0.119064921062877 -0.0303626406536848
-0.463477054349249 0.192755832802297 0.184114970055477 -0.000229868127651727
-0.526203623531475 0.0168639745518329 0.206860477730861 0.0794728683400157
-0.442131503822811 -0.174609432281232 0.0881944590628802 0.22353567669347
-0.320088919554826 -0.355852255599556 -0.0982600653494115 0.23715444745388
-0.129803493114085 -0.543495232374933 -0.219078151802845 0.106939504360922
0.101483232953381 -0.576690977720765 -0.0846507596111251 0.0133148905659354
0.247602254352751 -0.428879892482165 -0.171664982919528 0.168307508291422
0.00801251394100197 -0.401283208290477 0.288456157661072 0.302497865131964
-0.0678494492745777 -0.24846880339376 0.27581830352646 -0.261619993148082
-0.14686169054181 -0.223564640248922 -0.101592673753653 -0.33295334115673
-0.330245532497491 -0.153558726467325 -0.291763748943533 -0.115470350150941
-0.411415758167723 0.0293884312276505 -0.254156964768904 0.0448967685048014
-0.378668402191416 0.182182816156052 -0.179426606747059 0.0518682950485294
-0.404685613858294 0.247341919262011 -0.112735733227599 0.0714528730071309
-0.416927606657914 0.237371568298623 -0.0313983816982713 0.0734970639837586
-0.498124695697979 0.167817250280799 0.0436267835742001 0.0806028649420214
-0.545723878272212 -0.04293980261793 0.0805525212501689 0.123113615501955
-0.421112561382074 -0.234209398772386 0.011317453534312 0.232398292746001
-0.299801702226488 -0.366199381784916 -0.140193628847742 0.266195480127989
-0.155772889849704 -0.5582385006464 -0.241127916763241 0.166582777779913
0.0821289452843746 -0.609377011371558 -0.130759101646606 0.168048460604437
0.136498974117104 -0.344122347679808 -0.19363205849355 0.28691154435223
-0.0648953608576841 -0.234095973530119 0.266524450933503 0.244034482099215
-0.047892211720444 -0.077785793375979 0.176032933719431 -0.219575139401308
-0.0490141528686915 -0.1200311901714 -0.119150415472417 -0.262303181331543
-0.208250683863064 -0.102733814634428 -0.299550906993051 -0.0859455477676659
-0.292529287506961 0.0312530550787988 -0.316356658917612 0.0687440312698978
-0.294185673556753 0.152998358438114 -0.29412012439985 0.116548875901507
-0.339099272640346 0.204940096725526 -0.248627546125235 0.162871348806507
-0.368683931318427 0.188759078395216 -0.183090257402027 0.161031756910244
-0.436000968171676 0.0986321386537181 -0.113517497462807 0.140703556149599
-0.435981119789461 -0.110811407994813 -0.0645543071957531 0.138205122352705
-0.287356781850705 -0.244434195781038 -0.07208669656256 0.211130675914088
-0.210465096768683 -0.284090689221135 -0.192411629867854 0.273320676364024
-0.147699925818874 -0.472122276054213 -0.268447606832893 0.206818834069643
0.0582025178576473 -0.537858658915586 -0.179614788520982 0.303607564223743
0.0258082266976117 -0.221308225391203 -0.171948567790482 0.353998994394182
-0.100857043250893 -0.0797549006129635 0.242936564929063 0.168472519567558
-0.0128788491460704 0.0319522183713622 0.104567230868529 -0.173262204464281
0.0228773520629006 -0.0603621385049307 -0.10923796624474 -0.202974819173034
-0.100579906059348 -0.0681039712864516 -0.283293781220052 -0.0606369634963135
-0.167322329474308 0.0192273959167896 -0.342655225909469 0.086380917553062
-0.182893667025494 0.099913631909847 -0.365226704266453 0.167864500597039
-0.218843281199527 0.130752070951319 -0.346729413608963 0.227739709690362
-0.245833447678826 0.109979959930121 -0.306827444459242 0.21516770695381
-0.277826066852729 0.0178752375776047 -0.244003229815214 0.158240698905253
-0.229723490433873 -0.129599566021195 -0.173679662997576 0.114823702687655
-0.0973003791892959 -0.158148634304212 -0.128683525246763 0.171908763756254
-0.112128639421405 -0.11267764493245 -0.244913065323167 0.262434818009916
-0.13421898284651 -0.294425413899101 -0.312188772793968 0.211708163544003
0.0157189433160119 -0.36744714813896 -0.223849386414535 0.386222048428216
0.048725741066595 0.114792587238738 0.20716730933776 -0.43599116068084
0.115461070819016 0.00606374328104279 0.294614252571485 -0.175925040032903
0.0363726255133448 -0.0909025189983857 0.280384127692931 -0.291420811220063
-0.0683170482389384 -0.00877805098993663 0.0882336367576035 -0.158998162086348
-0.00478098902730429 0.0534613332896849 0.192803832406925 -0.0349545389722393
0.0496842451630562 0.0205882187317267 0.317679005289905 -0.107251463861979
0.0660968918278733 -0.0225433183154821 0.370349009739041 -0.226241054939453
0.0654419712914964 -0.0416460167677192 0.379931251084657 -0.265088597398288
0.071825068120554 -0.0404512201786463 0.377688475521557 -0.232982875368395
0.0608694841895404 0.00452932384511144 0.336882109001399 -0.11469158688126
0.0151042343231557 0.0614843294285539 0.275074854596638 0.0124977647967684
-0.0753262048086451 0.0478294100016711 0.122809618812272 0.139893447578429
-0.041210092608584 -0.100757621835507 -0.0259465474920017 0.134216868436563
0.0851216657772687 -0.0613637093938322 -0.163725192155053 -0.0276799642058539
0.0930894010071713 0.0671495411054136 0.0443526298322288 -0.337535335661012
0.147836139254417 -0.10132659025925 0.170021350684553 -0.424592345319845
0.131756835194349 -0.218929409964957 0.315673551668599 -0.0799273352510534
0.01384633320193 -0.285013091038807 0.332954388144026 -0.305767034150218
-0.177161295244328 -0.191792565482496 0.0659355846308828 -0.191439374862705
-0.209326996210729 -0.0510571179059256 0.13745473752996 -0.0222484194172592
-0.170920667716051 0.0356620700540893 0.288202086641368 -0.058661083854126
-0.116396920070019 0.0628170438871913 0.366539892741304 -0.200879225875024
-0.0929827374321118 0.0617594382612537 0.371451210141306 -0.259074257914271
-0.0642039466118686 0.0427324363850393 0.368901365746185 -0.239534485798078
-0.0733510258803236 0.0493996058102639 0.342858990334729 -0.128385914035932
-0.105064784862897 0.0500649338940052 0.290967136689617 0.00549420793406947
-0.137898865275481 0.00587267168812827 0.123612178488892 0.146114875835102
-0.094944907270866 -0.14793753032317 -0.0307392791239284 0.135916477761291
0.0540713686912371 -0.185337747336241 -0.152689668854778 -0.00405444129128362
0.12728922361419 -0.110967321199493 0.0208673163056814 -0.301681235676922
0.248058524202228 -0.292589092647667 0.0961851272222824 -0.328475464314953
0.14710301898463 -0.418939324292171 0.326153927172636 0.0546130735326014
-0.00654004372044346 -0.441560965443601 0.380817620127109 -0.313679114099915
-0.250473673097739 -0.342753408892317 0.0349777602967912 -0.26367878378636
-0.370398076089733 -0.154807963740144 0.0260490086012622 -0.051089987394291
-0.361431453170788 0.03159292243564 0.178656870611525 -0.0210734182899535
-0.278740401133497 0.131593956192349 0.283598958733133 -0.150841515957642
-0.237387729916822 0.155799870117307 0.303485239911361 -0.211954997991976
-0.195128791335232 0.130443408900314 0.324057830191449 -0.207300650390835
-0.215746560789268 0.111105445102152 0.330998923967107 -0.122761747414139
-0.25196271244629 0.0504595408640708 0.305057732919541 0.00610705591059826
-0.23807855689751 -0.0430741696092824 0.135899299863718 0.166262510638945
-0.175101745010872 -0.211620964561616 -0.0425417790816286 0.159814956201357
-0.0049552547943522 -0.316969433902693 -0.16829316340974 0.0211393621671942
0.130972399719405 -0.293750228121115 -0.0109318500506869 -0.233796867863568
0.311970090417777 -0.421008114126613 -0.00296292355231644 -0.171672606602434
0.134312968631215 -0.535285482370635 0.326658555803408 0.192908872892051
-0.0373101517177428 -0.500439044979617 0.393506906579878 -0.313985217341235
-0.278913708814903 -0.39831908635264 -0.011165837307838 -0.335973752308916
-0.453532039065013 -0.207814052528762 -0.111732958103431 -0.0954820101443747
-0.475597190663064 0.0294897058272764 0.0212435477657424 0.00408197146400717
-0.383437582315498 0.178366081920849 0.14061654675852 -0.0880469166396217
-0.347277107236634 0.226334170806479 0.186550637951454 -0.133900313533131
-0.310727438903488 0.20653204867519 0.240350116116091 -0.137849448622699
-0.356687297415214 0.174568696806482 0.281962913011734 -0.0827572147655454
-0.410595750689535 0.0554422129322482 0.285463827754669 0.0256522317214593
-0.361461062951663 -0.0996346761285359 0.135145902969455 0.194050433942029
-0.270054938605186 -0.288496015542806 -0.0593533814834788 0.199467923198147
-0.0789384240049275 -0.449196987478241 -0.193048618173935 0.0628299431867093
0.116959868624234 -0.461597206833541 -0.0485468844119631 -0.126460952586584
0.307705952095898 -0.466768148957211 -0.101319613930511 0.0121580696702228
0.077653789614548 -0.522466602925855 0.318523649698837 0.283446600783178
-0.0649636553507962 -0.421169098550518 0.351421321333128 -0.300166481143007
-0.243784094962255 -0.342392744062929 -0.0687697696448953 -0.363374605781227
-0.435501967884855 -0.193700654625731 -0.231816472048762 -0.119097967905677
-0.488110088342258 0.0366589394431514 -0.136805636679725 0.0268110934384708
-0.414894066372936 0.199351337844431 -0.0282805387422668 -0.0171248782853685
-0.402762215435018 0.262591297792117 0.0390871672020507 -0.0329068317002802
-0.390407657262632 0.251344165575686 0.118055958822689 -0.038243412252451
-0.463255271182652 0.207815497106178 0.185904877947308 -0.0088872138102657
-0.531311726393031 0.0338375662021392 0.211830234156278 0.070163939159675
-0.450496619529205 -0.167244831005627 0.0980405598187717 0.223863182080472
-0.329437606868984 -0.352583179404477 -0.0875030013211348 0.244489623638005
-0.142857259455942 -0.540914230811418 -0.217332601355133 0.119969845276011
0.0924224306222445 -0.577556884390163 -0.0900021431492829 0.0159061963709337
0.236804499891196 -0.43299585902244 -0.167204812877303 0.17658640032532
-0.000243380315644995 -0.397023626499711 0.30267909225178 0.292948665979995
-0.06781642147742 -0.250061421559053 0.262487816576065 -0.271692138452354
-0.153351116709412 -0.22623328246462 -0.112284228631949 -0.328022180691403
-0.336519028184535 -0.145123715078563 -0.295598076371327 -0.10715778152927
-0.412894584130417 0.0451314347549872 -0.251744053306614 0.0521007313442079
-0.377728578590485 0.195635011718574 -0.181778139592455 0.0561510259591467
-0.399692656151292 0.261616649198849 -0.11318751086568 0.0730283660746327
-0.414217446528904 0.251574951626549 -0.0294599312399831 0.0712098985348434
-0.498483574383401 0.184533002797014 0.0470695347705902 0.07717185961014
-0.554572494283472 -0.0271432503992236 0.0846786941303456 0.11919926084652
-0.434325788824242 -0.22951706903003 0.0218229576563471 0.236508453767085
-0.307172415453235 -0.363864047944317 -0.129824508910893 0.276515930320107
-0.16657819369239 -0.553674313294647 -0.238643563099905 0.178291112420834
0.0698415238496126 -0.608269628368004 -0.134156343288565 0.169972643634071
0.124661080605751 -0.343181424644955 -0.186864938799167 0.294584375707139
-0.0676659008517916 -0.225671170767877 0.273776557897487 0.234510266956593
-0.042604126998551 -0.078679952409466 0.163530785256234 -0.224717330617992
-0.0538225505211852 -0.123905359431736 -0.127271646194247 -0.256507437378063
-0.214175797606622 -0.0968024383639941 -0.303202622744164 -0.0760794994715012
-0.292928296574484 0.0434307244105692 -0.313957002352861 0.0784492963920367
-0.289102476510527 0.163893917832086 -0.295334690488998 0.124540733141444
-0.332061911521438 0.219290206814444 -0.248950709939698 0.169580162424111
-0.364980823321814 0.20198927372943 -0.179943570886806 0.164339885475223
-0.435972317484119 0.113427822522861 -0.10964396007837 0.142745110962723
-0.447317654565929 -0.0974694343179094 -0.0605881814293304 0.13913289546613
-0.299034741053148 -0.243538972767733 -0.0662452441451068 0.216727205182193
-0.211964967239079 -0.285300021246934 -0.18084845013838 0.283690780702762
-0.157683143486888 -0.466118819712003 -0.266852270269722 0.220574213213358
0.0457476610687496 -0.535487255742736 -0.181167836270378 0.305631184933756
0.017282137733533 -0.217784178632141 -0.164898431750919 0.36120558178636
-0.0984656829580234 -0.0725221320852986 0.244520082235234 0.157011092034469
-0.00566045137500265 0.030267742288823 0.0938552750237481 -0.176815716231431
0.0188065767985477 -0.065091988012142 -0.117263037566074 -0.199360530684666
-0.105213829335431 -0.0637494057603047 -0.2843442991496 -0.0501427161091135
-0.166433363582537 0.0287088507926551 -0.337495885673345 0.0982908158829255
-0.178750370928906 0.108940240777259 -0.362411447704094 0.177544086157945
-0.213187280129695 0.141613730570625 -0.344514533820674 0.239225548387699
-0.24386824359503 0.120108092628591 -0.301817420997027 0.22324289465197
-0.279555525191246 0.0283124449552889 -0.240061003324157 0.164781579533657
-0.240094401545217 -0.123443602531186 -0.173575547557458 0.120488825774665
-0.104623217253958 -0.16236829856843 -0.126214255887596 0.175994318601582
-0.109651131871204 -0.114199653121848 -0.234348191558901 0.275232687568099
-0.142297134424868 -0.286096151900526 -0.310502083867465 0.22501961544806
0.00530851680627805 -0.364408164427388 -0.224165017626278 0.384963205965208
0.0580407401907997 0.10863081400802 0.193521727404587 -0.436296823133744
0.112878188091072 -0.00272089919995275 0.292962032025767 -0.19092879061339
0.0267864264057929 -0.0906994085847839 0.261463917250651 -0.305696100574293
-0.0661972624531341 -0.00133214992450657 0.0815602397532089 -0.160117414283643
0.0016073582553903 0.0519264437909598 0.193064662728921 -0.0452158917565526
0.0507922903342084 0.0147986753776734 0.310983953134132 -0.123423957642076
0.0636673509781062 -0.0298147019409171 0.356863786957501 -0.241055559998836
0.0595337452008102 -0.0480179592296323 0.368515224532229 -0.282959547388838
0.0655615052329154 -0.0478928749925294 0.363396721498094 -0.251921813444997
0.0601513784667106 -0.00224913501374282 0.329278084448568 -0.13356536689327
0.0208243879661146 0.0581793119856469 0.273386120063946 -0.00488065566410286
-0.0678650640372462 0.0536571628667474 0.131706230810734 0.131686833126022
-0.0496799939689858 -0.0958068971317089 -0.0158288506181433 0.134041189983681
0.0783685480804386 -0.0674315355955944 -0.162410316297824 -0.0142672931084709
0.0993971677888175 0.0580174679542915 0.0298910029470068 -0.329624499361368
0.147259525103574 -0.109091261318547 0.155270524210537 -0.422261561046165
0.121475234177669 -0.227166628157716 0.32179327257376 -0.0973513701366554
-0.00303974397218786 -0.285420892618566 0.311606626113287 -0.323386762162692
-0.18462912936333 -0.18195638722637 0.0575718796007383 -0.190143544694921
-0.208874556404122 -0.0425915042404659 0.137722748908511 -0.0298353928599814
-0.168034606320288 0.0411941792080884 0.285187132235402 -0.0738724663956048
-0.115176813872703 0.0654111219241727 0.353541056954414 -0.218785875501977
-0.0925660175593191 0.0636305706410101 0.358135971308366 -0.276330483379944
-0.0658971382540553 0.0420835636939099 0.356534540818909 -0.258601081131635
-0.0721810140774787 0.0490266347204531 0.335566806598939 -0.148377173554957
-0.100046280562232 0.0537483138129093 0.290315464562717 -0.0131036641947502
-0.132695505497245 0.0135582483508099 0.132049835187124 0.1385076697996
-0.102788025432401 -0.140086370528441 -0.0199187803515055 0.137225863185487
0.0426371381830631 -0.1865868582795 -0.149758403154122 0.008052772815203
0.125831390988605 -0.117918872972497 0.00683815316763129 -0.294768808278684
0.238841844573282 -0.302599478646947 0.0863114033711657 -0.324468865177352
0.12861860169613 -0.424922184394054 0.339863186043536 0.0378439387737627
-0.0253053113578282 -0.44253039919307 0.358518464104172 -0.333348433587375
-0.26430468484686 -0.331393967927279 0.022473831082927 -0.260533848935022
-0.376605287687473 -0.139885304391639 0.0249482541531412 -0.0530266020315384
-0.35908573972699 0.0465578658989706 0.179030310786588 -0.0314280279453748
-0.273403353353153 0.142930084638725 0.273410532747035 -0.166070023968448
-0.23145569196981 0.164375328360116 0.290806771638956 -0.228984604708497
-0.192810555855291 0.137781575707266 0.312445066320505 -0.227045143963795
-0.211756325057909 0.119176266980955 0.323406126867563 -0.142376819647068
-0.247137744922141 0.063184067073153 0.303974069518745 -0.0135926562925167
-0.235654306109484 -0.0317823708417648 0.146668672629438 0.158736961832777
-0.183187176630249 -0.200179906566539 -0.0298429419511086 0.161892295856366
-0.0203887571752146 -0.313677047178728 -0.163996647809116 0.0341338506274322
0.122412360035766 -0.297482765840411 -0.0231949087245252 -0.22735105462742
0.295235207671292 -0.432914323778067 -0.00671667574833323 -0.164051834043123
0.112086767957347 -0.536654564902362 0.344602873376426 0.173779804033417
-0.0569130690759923 -0.499122266470262 0.370313118481925 -0.33257253470782
-0.2968969527224 -0.387993760221212 -0.0275487467899856 -0.33052637598595
-0.462543980005772 -0.186868008054398 -0.115286847482281 -0.0899295290188115
-0.473728609781731 0.051335795949914 0.0236305289988119 0.000849792371106019
-0.376867745632906 0.195343385673311 0.132559413003422 -0.0968533294888544
-0.336047975238872 0.242219074408737 0.177082262492767 -0.144715792953799
-0.30272600862484 0.220548079894479 0.231249229889957 -0.15459614948259
-0.349206503395959 0.190639966368951 0.277934059919163 -0.100857138028596
-0.407559012968287 0.0764010150714426 0.286654618112953 0.00602691787750511
-0.365275803451751 -0.083431795489507 0.148604148515315 0.18713650743665
-0.279674107103203 -0.276341477241528 -0.0439268707813431 0.203634498295722
-0.0989754643465783 -0.440037587496924 -0.187249552686832 0.0764028035663366
0.0999059712794548 -0.463148913256889 -0.0565844578142589 -0.12032023405076
0.285984422422799 -0.476555598835191 -0.0975609179985113 0.0227337722556861
0.056378109815785 -0.519105139739358 0.340916614290044 0.264251775899142
-0.0788306828368108 -0.419552961849332 0.327975158271062 -0.318045497140887
-0.257609096927052 -0.33558189747754 -0.08704858496118 -0.355808478174837
-0.444823012798151 -0.173898839119274 -0.236893592887619 -0.106627200434009
-0.484337771217564 0.0614470232977765 -0.132783636798337 0.0309167961727914
-0.405367980579253 0.219551213864617 -0.031129838870202 -0.0175804742189178
-0.390723833454031 0.283005920225195 0.0346844879060673 -0.0373103833821517
-0.379989042066982 0.269537910036835 0.114813420223429 -0.0479519793631049
-0.452917802471133 0.230790645580183 0.185977059318271 -0.0218834302317415
-0.530026685399581 0.0632879065805178 0.215765864714678 0.0552211085378041
-0.459411215215126 -0.148159526662477 0.11312953379013 0.219787920748869
-0.340464601913431 -0.340817133264085 -0.0694633769960901 0.250615703444481
-0.165037509910229 -0.529720955532715 -0.209180851320457 0.134547953714961
0.0712946554345339 -0.574522644872304 -0.0936167082436866 0.0213375483760373
0.214804789833733 -0.439472301515138 -0.156997993860862 0.187347508977181
-0.0156006456636247 -0.388959738374008 0.318596626423787 0.273789537954305
-0.0729208355436498 -0.248775512956484 0.240623348849083 -0.283788479915236
-0.163107268141264 -0.223150747007437 -0.129321816660031 -0.318017000051956
-0.343925250932533 -0.128409266405158 -0.298592621525054 -0.0913864074387169
-0.407986387832755 0.0669886595798065 -0.246714088106274 0.0628309454536918
-0.366229136494592 0.214421753049357 -0.181211019780834 0.064359035840651
-0.383182572609767 0.282977114631241 -0.112644906300823 0.0771031373063377
-0.40273665033108 0.271774333189763 -0.0272060317186634 0.0695007153544631
-0.488776425313838 0.20981613617669 0.0515729963126302 0.0715241672206535
-0.556797133438276 0.00224234993255208 0.0908988099050565 0.111482195443893
-0.447794300889431 -0.21136239375347 0.0361402019310443 0.236235499324549
-0.318570264827979 -0.353433252915122 -0.10999497977527 0.285086008651008
-0.188270357707422 -0.541347947256561 -0.229544470406208 0.195424846446239
0.0454739328434801 -0.604085733206001 -0.131670852363771 0.174663239496164
0.108053776887448 -0.342863193185731 -0.172757135863779 0.302888505675652
-0.0732557651535159 -0.214359976124418 0.283182457671152 0.216649540966852
-0.0399228627182404 -0.0796529533638765 0.145043654820837 -0.231956314612102
-0.0606980944786305 -0.124516638581583 -0.141797256714914 -0.247911630548609
-0.21883664212612 -0.0843451448132672 -0.304139773564086 -0.0589240404831942
-0.287792087315566 0.0608627521238985 -0.305837898208063 0.0937320336498582
-0.279686365201267 0.179747744570292 -0.291619053540684 0.139184085709655
-0.317293626891405 0.237592984669537 -0.242191723228925 0.180867695117601
-0.353627783810319 0.220150623433223 -0.172542356301177 0.1697793245075
-0.43127011907145 0.135337825469157 -0.101430303313004 0.14502463902821
-0.45419744302726 -0.0733640472664582 -0.054253336168098 0.139863552465818
-0.314126144946393 -0.235464677513495 -0.054977589871274 0.220762007390294
-0.219669615040928 -0.280557074699902 -0.161432345300024 0.295240711897976
-0.174207611596177 -0.451470942678224 -0.257835267833035 0.236924112164281
0.0219709947325321 -0.52907768733682 -0.174179048467655 0.309831813081831
0.00476794891815585 -0.212871894980416 -0.150658645729651 0.36641245417619
-0.0963850375866567 -0.0615125492720239 0.247754288924709 0.141051617977704
0.000864623124882081 0.026548147091117 0.0799452033882453 -0.180563053809266
0.0123754221207012 -0.069022048435199 -0.128963209428912 -0.190661959931228
-0.108857959360294 -0.0562022071835436 -0.283861658382535 -0.0359909296707008
-0.162364483738246 0.0404777508748924 -0.329306511682771 0.116415321946683
-0.170656963308244 0.120025977361137 -0.354616704848472 0.197041224480916
-0.202787584936335 0.153978575238437 -0.335278127461654 0.256599567902205
-0.235756309339137 0.132886230366943 -0.291085445967324 0.233716103948688
-0.278019841373333 0.0441091152965278 -0.230947782558688 0.17430720287786
-0.248997066463833 -0.109685424494964 -0.167904685479629 0.12616280700517
-0.115907395507361 -0.162441170576666 -0.118224694064348 0.181863060953964
-0.107089359600182 -0.112976939419353 -0.215761232455891 0.288811894165451
-0.151908497832488 -0.271293938543981 -0.301739055267455 0.241880753408337
-0.0130597211750776 -0.357284259660822 -0.215204528711911 0.388875957008226
0.065602159047324 0.09923082758921 0.174546898533545 -0.426700997717938
0.10746022344231 -0.0114946569706429 0.281521177620856 -0.203345045505934
0.0169467544104571 -0.0862050300894295 0.23451733237544 -0.311915324888434
-0.0619350637443163 0.00514315526994062 0.0718704126591921 -0.1563186415137
0.00775948595204643 0.0485237400542149 0.188373552911261 -0.0552977835544627
0.050276378688839 0.00872639834549007 0.295676373451449 -0.136492885812028
0.0581371328383426 -0.0357098886974567 0.333352952314037 -0.249023258167516
0.0520191402661879 -0.0517018822978282 0.34341912634433 -0.293177311550825
0.056379935204163 -0.0530864763284365 0.339165202821247 -0.263898946932042
0.056565406117322 -0.00920054221971663 0.31214217532118 -0.146463819654968
0.0256756054478233 0.0531732106676354 0.263835797188744 -0.0215398402591135
-0.0574811584998546 0.0571733746092352 0.136331188171671 0.119614091481071
-0.0564444983586842 -0.0872131476675208 -0.00513943045337177 0.129963331779403
0.0694983045426105 -0.0716438458434536 -0.154885705173043 -0.000296991817277621
0.102102399685493 0.0467109258656506 0.0143722642005834 -0.314597037762244
0.14283310994019 -0.11500418537537 0.138397440998581 -0.410479283057371
0.107705554085513 -0.228004140447904 0.318515122557133 -0.113712896453544
-0.0178677185417037 -0.277742598759224 0.281883894694806 -0.330309313090764
-0.186440109653425 -0.166171827817521 0.0485362761203501 -0.183219450657871
-0.202704558100064 -0.0335737585941443 0.134695084743607 -0.0375060227077593
-0.161246737629338 0.045632228778466 0.274579859022637 -0.0868568210773723
-0.111206255679843 0.0662417057417126 0.331255167978262 -0.229364815406269
-0.0907748899297341 0.0642436469600525 0.333550085378939 -0.287911705857004
-0.0664608854682422 0.0420610325777621 0.330875436077351 -0.272217802944768
-0.069487697826898 0.048351993207608 0.318007507937589 -0.163392636516785
-0.092320890889093 0.0562087221618579 0.280046940133791 -0.0315510899142242
-0.123073645317786 0.0202533269840049 0.13841085689637 0.127367699684401
-0.107160682941704 -0.127773681193351 -0.00817576435663815 0.134146438366743
0.0309473447297943 -0.182480616938308 -0.141933501069609 0.0191890472953062
0.120800205964503 -0.123058862682831 -0.0065129934491974 -0.280278412757061
0.221416835445687 -0.304880708639245 0.0754944660775918 -0.312311400443444
0.106495009931986 -0.419770178098883 0.342873957197567 0.016403196391757
-0.0456848593819854 -0.430924486194952 0.324863192048819 -0.342814892804176
-0.271401829788081 -0.31060280240515 0.0107743268144309 -0.249791304921835
-0.371762499433756 -0.119361758442749 0.022664256201606 -0.0537945155112667
-0.346316630963455 0.0621338768481107 0.174277327423814 -0.0419992252741993
-0.261128548410167 0.149732085404087 0.254294074756395 -0.1757375622523
-0.220245282681323 0.170296950154226 0.269541444712661 -0.238584028439769
-0.184159903260291 0.141444475857238 0.290117605696504 -0.239872279574045
-0.201783653580197 0.124230436559048 0.307207450925456 -0.158305067468412
-0.236293421930821 0.0741699462525206 0.294121934611592 -0.0335681943769383
-0.227407624225047 -0.0197470311396638 0.154285227753802 0.146451634074718
-0.186732670711451 -0.184209653151218 -0.0158487482825871 0.159025458755479
-0.0333472776954391 -0.301070969812684 -0.154372412517087 0.0449625746156653
0.109530822575053 -0.294976253961992 -0.0332826323239615 -0.215228772193164
0.268273573123104 -0.432897590312107 -0.008959383281727 -0.152419382262871
0.0859988922244227 -0.52408824463604 0.354819516710175 0.147304173043024
-0.0745323244148674 -0.483942528265099 0.336957300608735 -0.342977129644276
-0.306884268430318 -0.366948057364143 -0.0423530679902006 -0.316603477134719
-0.460322206230164 -0.161241178403472 -0.115126690869692 -0.0818585562138629
-0.457466094381221 0.0739281329290581 0.0252254285256472 -0.00246922481835286
-0.357844536500161 0.208462496379263 0.122091118241102 -0.102801986813663
-0.316513699074413 0.251425480058629 0.162049315630937 -0.15147322107661
-0.286320846824546 0.228291718217532 0.215634074315907 -0.165211335289661
-0.331874252278585 0.202767553443334 0.264937414102858 -0.116130487587756
-0.391756435049962 0.0968393660423225 0.27888855315546 -0.012887977213933
-0.35817902905591 -0.0645214663592332 0.157617414898767 0.17428627481594
-0.282566870809349 -0.255849508047288 -0.0275450030181472 0.200368455153481
-0.114357270675954 -0.419536294047151 -0.175349269862904 0.0876116913282671
0.0811044133560229 -0.450506610546521 -0.0628550749219657 -0.111928628082713
0.255902784851898 -0.473950247311341 -0.0892801728250969 0.0313064918599424
0.034897665537554 -0.50090033089872 0.351699354661172 0.235795995398192
-0.0919539617374972 -0.406685662164107 0.295960332677978 -0.324706706519505
-0.26775398683611 -0.318860774817597 -0.100534499266133 -0.336752705383622
-0.443229635813812 -0.14794198087946 -0.23477498137392 -0.0912653060843174
-0.468061687033237 0.0856370516544081 -0.124904141427688 0.0346533464776243
-0.384675754364029 0.232969081068435 -0.0341902430499247 -0.0168315373674966
-0.365168647482555 0.294701288348419 0.0282710243516208 -0.0397315569612194
-0.357696170206667 0.281555349505368 0.107677429892141 -0.0558819018437753
-0.429883739976311 0.246404273417473 0.180711113575468 -0.0340494057327051
-0.513851320492306 0.089455535349851 0.212474200780792 0.0385378120450664
-0.456669223429027 -0.124040206735426 0.12443224185679 0.208718293051523
-0.344680795784571 -0.316948882654176 -0.0496952624004036 0.247765341535899
-0.180014117823389 -0.503235173944782 -0.195757546871864 0.146568404537722
0.0481048998569469 -0.558381161931028 -0.093854036175056 0.0259666230451768
0.185581078154132 -0.432587101608745 -0.141457040939077 0.193199284764765
-0.0291501218558188 -0.370040991559438 0.326673576568656 0.246137323977036
-0.0761423495231469 -0.239880752480843 0.213571056860401 -0.28547145104372
-0.170154907620483 -0.214360741071565 -0.14107972255365 -0.299503962370181
-0.341928006992322 -0.108419540264754 -0.294880783917106 -0.0726291549311689
-0.394681564084255 0.0879563558988559 -0.234286398287664 0.0718953241419073
-0.344522571402363 0.226688814111827 -0.176001197313171 0.0701250772294448
-0.358520822179606 0.294335165642448 -0.109601755457743 0.0797536131232656
-0.379395506651883 0.286376596874226 -0.0251011694690644 0.0642265425329091
-0.465688833819049 0.231741881524419 0.0539878288297544 0.0643766066343282
-0.543048700151302 0.0331690824696215 0.0944024323187073 0.100901022854291
-0.449970179150121 -0.190547669095719 0.0480820345114792 0.229556875250073
-0.322592833688784 -0.333708340594766 -0.0869750146973178 0.284522497954839
-0.202704210880322 -0.513455978216923 -0.214285649374558 0.205894418714487
0.0204557089342717 -0.581666526892038 -0.125942563442011 0.176299430340703
0.0864981108875719 -0.331601831250673 -0.153609689355724 0.304315609413742
-0.07658483028661 -0.198523297596057 0.286864772131827 0.19309561811921
-0.037302023902157 -0.078302931261498 0.12249981565572 -0.229501207996089
-0.0662358905748716 -0.122648740638114 -0.150567579780567 -0.23145654954539
-0.218920425971072 -0.0691182486094472 -0.297751207248914 -0.0411437514267683
-0.275214430898399 0.0770427721185792 -0.290824367563363 0.104950263879419
-0.260310814289052 0.190480913481206 -0.27876394464891 0.148914387303
-0.29594199948887 0.246220642375658 -0.230466842789442 0.187144786611372
-0.331864751643962 0.233218143790538 -0.16183639693963 0.170033010656428
-0.413005600532844 0.153813001653169 -0.0913758354569406 0.143024791665441
-0.449622607329222 -0.0476386397907322 -0.0457847708355067 0.13639127862694
-0.321992580586836 -0.218182207001356 -0.0417618275756239 0.217555636026601
-0.221059642538367 -0.267674047630666 -0.13640719323814 0.297751512371935
-0.186102418717917 -0.424431702409419 -0.23973025337957 0.2473711010323
-0.00088148014876847 -0.510346831472353 -0.163199730158136 0.306769154862983
-0.00676980498637042 -0.201393146383662 -0.12998544542757 0.362299143396614
-0.0909335477436896 -0.0500226890183236 0.244166753281211 0.120273951672184
0.0063584438106142 0.0213021868050349 0.0638938696352162 -0.177968699676726
0.00561109742636634 -0.0700963378913484 -0.13538198126269 -0.176609523985042
-0.110837605224741 -0.0472248558372454 -0.276804687648334 -0.020486903525336
-0.153019528097819 0.0499532716633951 -0.311778001395888 0.128383942099745
-0.15747779447243 0.127302825399861 -0.336077051390744 0.209806877485431
-0.185946454485537 0.161752765906985 -0.316232860017267 0.265671928389793
-0.220484241255883 0.142683481816994 -0.273595514559129 0.240232441892412
-0.269038920372496 0.0590774023923041 -0.215925896631911 0.179112646669919
-0.252318603172021 -0.093067369511947 -0.159144657274777 0.130640447324576
-0.125418616709059 -0.156322713264486 -0.107192049845337 0.181811971463431
-0.102431982690585 -0.109106692345788 -0.190334442141263 0.293453259916797
-0.156566057741302 -0.250130387828397 -0.283431915546366 0.25305255786648
-0.0286183897346137 -0.34135850692862 -0.199097944953956 0.3832752271307
0.0794706382227878 0.0798062841790517 0.118043813554907 -0.426737172851695
0.0991873742164419 -0.0275896221618715 0.24634557659933 -0.231934096297865
0.00134725103933255 -0.0821898225239648 0.179190278085826 -0.322464137565646
-0.0549051235557842 0.0140129623426907 0.0517653354547593 -0.155302978265251
0.0159257359168368 0.0430998883539457 0.173961225309625 -0.0810220403531959
0.0485672375138508 -0.000960132625046724 0.263922323498218 -0.166366688226615
0.0489277613817181 -0.0449253335745971 0.291289940069194 -0.278403991009323
0.0392982085450238 -0.0567925463865929 0.291145460740513 -0.319093077449279
0.0407246326693225 -0.0587622077032649 0.288836625508593 -0.291750534318928
0.0475462356979829 -0.0187355630359328 0.277106922321982 -0.180653319800735
0.0304286472125893 0.0426719959898257 0.247383627937501 -0.0532635748654908
-0.0426880573488287 0.0583567992516186 0.146738032316216 0.0979672570122801
-0.0655893791438418 -0.0700572249533873 0.0102227518841171 0.122725220048681
0.0532688479651589 -0.0742170323255949 -0.141568739736386 0.0190564187247865
0.0982798879116523 0.0253359053967941 -0.0166648750679448 -0.293903288596283
0.128031143090211 -0.136186559026779 0.0820659575405015 -0.388675650638523
0.0792871106429723 -0.231559947402746 0.293532808184661 -0.144756904181602
-0.050611067464456 -0.263115679169957 0.222621310485327 -0.336766515517202
-0.190900646405021 -0.138036334851041 0.0263906431234046 -0.168543416072179
-0.193179536875671 -0.0120748303314469 0.131057095509013 -0.0487702858149131
-0.147201119946179 0.0573794396630395 0.25611988353126 -0.113471598573951
-0.0989048961974726 0.0693385699750429 0.291534570990318 -0.255481129658493
-0.0822939787031368 0.0696304499753829 0.279062507151742 -0.312925016746809
-0.0641544421617355 0.0461267686562631 0.280484894490922 -0.29572026644762
-0.0638718894526624 0.0504931880241804 0.278912864292416 -0.194536286082501
-0.0799435150256368 0.0616542566491143 0.26132173057631 -0.0628127426137609
-0.108470291789715 0.0303513602860208 0.148312390242277 0.106674838506027
-0.115178355402823 -0.102850682954987 0.00585833401017908 0.127201437738329
0.00739590610458872 -0.169939833239157 -0.131021689600591 0.0324073442324208
0.0963806047065507 -0.131472232330337 -0.0330759277642675 -0.265119320733823
0.179630029266217 -0.328467492477718 0.0283638517253925 -0.270339754746452
0.0609421552823535 -0.410557729355541 0.334335413474628 -0.0199963658952822
-0.0903245572584348 -0.407519321533421 0.260469844454451 -0.348089429603616
-0.287289368842318 -0.268597161143328 -0.0200987114749941 -0.220420009859052
-0.36353694551052 -0.0746937240305875 0.0268314796859178 -0.0422884045350503
-0.321006150452361 0.0930717218411938 0.171167835397834 -0.0539591934134318
-0.231602633563098 0.165688563479853 0.225463167664547 -0.192104683832755
-0.191914492379631 0.184887338519653 0.22376826989629 -0.256825554746348
-0.161862823409554 0.154015318393697 0.243826336527793 -0.259595855349266
-0.178305936205452 0.138052393843967 0.268343851679643 -0.185425713876135
-0.213770843664714 0.0968564533994711 0.27512949239057 -0.0634158754042027
-0.211888244576274 0.00430414759028946 0.164087805293212 0.125251708743038
-0.194835356481492 -0.147297307510793 -0.00133632461705044 0.153778224392516
-0.0634279262534364 -0.270663240269176 -0.144772018273128 0.0539777507572455
0.0667478654643254 -0.286738628796384 -0.051686457153058 -0.205664756178693
0.206999707569279 -0.456070979823004 -0.0368040028680407 -0.0973152848325009
0.0321441239641884 -0.505205581004509 0.362671766395038 0.106104485037852
-0.123102037259412 -0.456305444020171 0.273424089366798 -0.346371187679097
-0.3262511657486 -0.320108945912984 -0.0797608726428556 -0.273059437778506
-0.453594324606973 -0.105182687008479 -0.10642956599743 -0.0472182609941781
-0.42550306718799 0.119172998266516 0.0376036537997476 0.0030101305806552
-0.31588860931279 0.232001719939361 0.106753721533 -0.102660344175868
-0.272856472704614 0.273382632246499 0.131214773838543 -0.160735378033819
-0.246770575433372 0.249191189448078 0.182054484157694 -0.178902685604161
-0.290276546661847 0.228484385551338 0.234094281939689 -0.137096129373331
-0.357842130738923 0.137845223874307 0.262382919446596 -0.0384256126657778
-0.342161471990741 -0.024056278506183 0.169066101971085 0.155288956375218
-0.29273261003301 -0.205945803881146 -0.0108114992773701 0.196158214441532
-0.148391790411528 -0.37221456727624 -0.167134448390389 0.0945836923761169
0.0221453950258413 -0.424585325197388 -0.0696683090553636 -0.1094089020897
0.188520595309971 -0.491526530156225 -0.0927136930939445 0.0890959697156611
-0.0139989676951771 -0.476151327578253 0.367631434649075 0.189310056746577
-0.129262054499147 -0.379999021991776 0.237495593639357 -0.327540228540555
-0.285478965257003 -0.278535820078468 -0.138718556779083 -0.287577782479402
-0.43610866224367 -0.094431730521591 -0.220701587618648 -0.0417217621461173
-0.433885595796519 0.13122397578212 -0.100848890522182 0.0563592899894346
-0.336517935076548 0.261809589956625 -0.0329121209087783 -0.0013549146025427
-0.311697604727234 0.321475652317075 0.0182882175185447 -0.0385819464724549
-0.307403744033247 0.309145023838529 0.0913129797887663 -0.0604108765622331
-0.376236077660627 0.281454974729719 0.162933478652513 -0.0465086187136291
-0.474089274581029 0.145987335943126 0.205494948837113 0.0227086067461801
-0.442594495851955 -0.069816313364421 0.137297564310173 0.194526273584664
-0.357269099639319 -0.259371769491949 -0.0294110610477851 0.24473898039993
-0.215180190655978 -0.440629597193146 -0.18463195079665 0.151173170396923
-0.0206055194225883 -0.516875122627834 -0.0861038130253176 0.0206932228069108
0.125012472251771 -0.439541852516058 -0.119951243727978 0.242699952756795
-0.0582645157711263 -0.342063558899106 0.344648366840422 0.198281754136729
-0.0954187190866482 -0.223660099296522 0.16337758225682 -0.284741153878498
-0.184198456301946 -0.1904222786728 -0.175574911305505 -0.251393525207602
-0.337617726921531 -0.0647334079047001 -0.278656692706403 -0.0200132331460981
-0.362309158683053 0.128595742172075 -0.201717992671041 0.102474129133004
-0.29943834760567 0.252357443743006 -0.157992826180992 0.099775704478244
-0.302836813265913 0.32170915641 -0.097466568197662 0.0909941861939698
-0.323349312608058 0.314474068915526 -0.020146841575595 0.0697051996425872
-0.409483654973732 0.270289238729465 0.0548445003279043 0.0630530303896017
-0.511705818712964 0.0965258238712628 0.0975540496065058 0.0965180793675959
-0.446659677940018 -0.133023665498489 0.0651678012601029 0.223487922890398
-0.338262212696765 -0.281500320084114 -0.0618620608228624 0.282480541085567
-0.236062299213584 -0.447057498358285 -0.196596510399699 0.21216653866535
-0.0455132490894126 -0.537259805642356 -0.103586523629966 0.167212806547681
0.0416382052925653 -0.326062070818555 -0.111707764265112 0.337357589368257
-0.0849527619234384 -0.174464348073704 0.296588937272698 0.149303494099261
-0.0406443725723075 -0.0749615969092248 0.0849409946693239 -0.227848620261605
-0.077169398613081 -0.112993218173477 -0.17651433447089 -0.190680322611642
-0.216346856883085 -0.0409856749141632 -0.280551869666677 0.00644244900794284
-0.250427014886684 0.105093950406236 -0.254683971909752 0.138172627059801
-0.223071675168826 0.209071248913701 -0.247708553049951 0.185614215651281
-0.247925880916004 0.27009431308345 -0.198346962342391 0.207100118449213
-0.283955990030571 0.261535787979191 -0.136763540520122 0.185837827829485
-0.367594673825365 0.193208480628562 -0.0736225384142366 0.154147685136265
-0.429844547609532 0.0110975190348018 -0.0329367417953005 0.144688100536512
-0.328785853857291 -0.172034220129142 -0.0230041405474392 0.218853112442785
-0.233056816877589 -0.230824606472926 -0.102978599076266 0.299755200459984
-0.209822616288792 -0.367912394626064 -0.215800752439081 0.256313840422312
-0.056377199567724 -0.463477253142905 -0.126920384089131 0.296775717138171
-0.0321954884244215 -0.185298034363145 -0.0782872815826696 0.375806909567892
-0.0843320811336705 -0.0337585812453106 0.245664158064117 0.082570893458358
0.010288356273372 0.014541414931277 0.0339618862885792 -0.175701980596915
-0.00569260423320768 -0.0692643418987122 -0.156585093247391 -0.144183662397641
-0.111144469274229 -0.0312910606656446 -0.260869491000805 0.0219452510211213
-0.13786322743304 0.0673482227962926 -0.275470740109357 0.161691083289412
-0.131572704508458 0.13961577560431 -0.297176750795288 0.247076697168822
-0.154349991787972 0.176262626252599 -0.268412984628622 0.290113616423809
-0.188310364414189 0.162273035799993 -0.234226202879737 0.261902763082216
-0.242980271135664 0.0885067327572722 -0.186669765853983 0.19876636200695
-0.249374275449444 -0.0547891514770422 -0.140763742606411 0.147259741713376
-0.135975467545392 -0.136149806300036 -0.0876840795185932 0.18693830142891
-0.10317232786546 -0.0945716773452664 -0.147701734186883 0.302083650425284
-0.163262129906001 -0.207193056724424 -0.2513172401017 0.271701289616921
-0.0644352216403382 -0.303948493975415 -0.154681734420875 0.378105177698302
0.0782565036208303 0.0727491999353334 0.126137098066215 -0.404647211872303
0.0922958143269288 -0.0281830202286594 0.24413202217167 -0.225883810871096
-0.000719222286178607 -0.0757547928010272 0.17131143524081 -0.308548088173177
-0.0489901766950134 0.0156076056832227 0.0529478059245908 -0.145785655456727
0.0178195292886564 0.0390791363455063 0.168679396077134 -0.0781576651988319
0.0460493974464958 -0.00317102070373203 0.253620388363415 -0.156964652614764
0.0444199551505177 -0.0452099366552759 0.27941143213804 -0.263007570317783
0.0348307165977752 -0.0557442966745429 0.282538542311369 -0.303021993104597
0.0345843385177598 -0.0572229670252976 0.278970619078409 -0.277750071205627
0.0429425679276363 -0.0207925732499224 0.265917480551348 -0.171924240765601
0.0307218324671069 0.0388713258737243 0.235821645680283 -0.0516312013451058
-0.036681025067537 0.0559522246872378 0.140954874638757 0.0931424414983492
-0.0648583040515634 -0.0641241337080525 0.0112282042330126 0.116361227837998
0.0479149063496146 -0.07212421912654 -0.131238328389012 0.0218881514512187
0.0954580252615416 0.0197951166122972 -0.00968154450543302 -0.276090862110447
0.128414358212728 -0.132204722550212 0.0918952532590881 -0.366626040874021
0.0783906758453679 -0.223265052054094 0.291306591915689 -0.143806865714973
-0.0466229023081677 -0.252092041598562 0.21055700581609 -0.32283778076763
-0.180577009897878 -0.132354916859704 0.0289472439633712 -0.158214997287149
-0.182998321685626 -0.0154256251946091 0.127498982468806 -0.0477337096832542
-0.141871405452942 0.0507244071522791 0.246673775493022 -0.108022471074461
-0.09965119438882 0.0633241074662602 0.279773560935524 -0.241527153497382
-0.0827946166486032 0.0648584209738996 0.269578582055836 -0.299270083919779
-0.0664050177230567 0.0419606774350053 0.268298210861946 -0.283019484661286
-0.0635167119387016 0.0459002014503902 0.266470201139493 -0.186979982436463
-0.0750045877045001 0.0567229314422336 0.248809819210012 -0.062014982727017
-0.099397713229537 0.0279235446313321 0.14402598298982 0.100346978633298
-0.109411229135306 -0.0964595094298374 0.00868204605301138 0.121224475229228
0.00766299167441416 -0.162369871456862 -0.120488186846564 0.0327708192141914
0.0963828564204329 -0.128209982290189 -0.0253566709535637 -0.249321600366398
0.180322785194132 -0.315177427704865 0.0369335545689353 -0.253994435578
0.0660089631930489 -0.393766503233856 0.329687634052311 -0.0253612680158968
-0.0819309977653765 -0.391914837104148 0.246497443543514 -0.332773152110842
-0.2725886369879 -0.261637627905181 -0.0140888570977722 -0.207312951433792
-0.346858040126144 -0.0783773370034834 0.0269966471117603 -0.042195409624102
-0.309467709740549 0.0847816863060318 0.165602799984489 -0.0529197332791166
-0.22574094111513 0.154753669298384 0.214453644945883 -0.183292295584325
-0.188055259361248 0.176152805319563 0.214371205977133 -0.245268044827143
-0.160478376398764 0.146656600099162 0.232806062117619 -0.250088525411254
-0.174539926429076 0.130727161164412 0.257142046349687 -0.179399192401109
-0.203912790189271 0.0912774590319575 0.261874436701802 -0.0628135161548944
-0.200498088137409 0.0016657605368117 0.160019901364861 0.119420216424881
-0.182639764148094 -0.141364583768112 0.00230551063667069 0.14595614310706
-0.0561517889360869 -0.258645146903129 -0.134573206673078 0.0538545430591891
0.0708032642694814 -0.274044345513866 -0.0453874953306182 -0.194114409544979
0.206367334546294 -0.433684959931541 -0.028631170839466 -0.0896487679602147
0.0401118429514705 -0.481966849711104 0.355107235527339 0.0960137721084839
-0.109745916053679 -0.439908256360865 0.257433700369304 -0.33100568521751
-0.309929981228023 -0.314107176245694 -0.0720811231515104 -0.259306604003091
-0.434134510717879 -0.106124738072938 -0.100591443981897 -0.0459440042720431
-0.408314430973502 0.110238590676158 0.0369019154115613 0.000374373876214341
-0.306249291006321 0.218792837954889 0.100471575479878 -0.100583514295627
-0.26524102298783 0.261223377606633 0.124538352163594 -0.154914929070832
-0.242435425068296 0.237893446520917 0.172208195354324 -0.172594927470086
-0.281314751478517 0.215703621545375 0.223913148238852 -0.133927466798837
-0.343066380679809 0.130839898779605 0.250690775175409 -0.0391795796297741
-0.327657538796793 -0.0270250685987458 0.164627416255996 0.148776886233687
-0.274806304992906 -0.199803387530525 -0.00717576790130416 0.187005795085648
-0.134836796469301 -0.356594067169491 -0.156330389092605 0.092367891579172
0.0305927983757647 -0.404019783920678 -0.0659225412178179 -0.10340942937616
0.187077648521333 -0.465852268738449 -0.0850674319600542 0.0875414194601992
-0.00333763164688245 -0.453111982044974 0.358327485729215 0.176144101851674
-0.114352025635044 -0.367405320361563 0.223719552231036 -0.311971605503753
-0.271135956769896 -0.274792194386968 -0.130677515545531 -0.2738353044449
-0.418724937095319 -0.0939428105297628 -0.210503816142939 -0.0406338863544985
-0.416323548444295 0.124199446916267 -0.0958192375248505 0.0504139871393631
-0.326082532431564 0.247810196076766 -0.0334138619331851 -0.00382370088617894
-0.300807787030258 0.307414651435242 0.0139511533945233 -0.0376601250543297
-0.297440296387787 0.294898540850077 0.0845577093974825 -0.0602471349507422
-0.363951987257108 0.26751677838274 0.155476500227453 -0.0475060882688385
-0.45609552857448 0.139267524811639 0.194483406315243 0.0193824813169915
-0.42591101143117 -0.0719042936839718 0.134142400161674 0.187009866930807
-0.337184267500176 -0.255013655144767 -0.0247605108538846 0.232826879822363
-0.196358264443022 -0.423288757771126 -0.174436179725014 0.147415161266606
-0.00774588067500967 -0.492259617915664 -0.0846802326835393 0.0204933293113999
0.124873566566826 -0.41324750856969 -0.114044226250947 0.23371149439618
-0.0480966105401221 -0.322936186899121 0.332293860722239 0.18549854537306
-0.0845114294803704 -0.218072807717802 0.152525241620077 -0.270495141429309
-0.175437641891667 -0.188466485889724 -0.165566990982405 -0.239222480199432
-0.324693127893455 -0.0657025691047405 -0.266157170495537 -0.0201582372413763
-0.348239945313853 0.122181366793968 -0.193032194517049 0.0948554889269936
-0.288792701119522 0.239030726583008 -0.154859267057923 0.0923926597484582
-0.29217596521563 0.30796052505025 -0.0970494155958652 0.0859813137297534
-0.312349200890106 0.301024966287743 -0.0223857223037701 0.0640945611284331
-0.396710147650039 0.257777129829427 0.0512008561568799 0.0571585884239061
-0.491138336416787 0.0914156870128291 0.093170017027692 0.0906130360162831
-0.431227876728153 -0.130839337695721 0.0654263460196821 0.214150864454329
-0.317834039023543 -0.278000314845042 -0.0564933007182934 0.270564046183793
-0.214980888530645 -0.428435655334908 -0.18798848703737 0.204912668766039
-0.0338374842311494 -0.50979944289585 -0.105660680569791 0.158393381700585
0.0425792286790559 -0.306276942333815 -0.110852756538396 0.323332154676013
-0.0731369901492979 -0.162305262427269 0.283651569318715 0.138977619497222
-0.0336442234033755 -0.074780624788886 0.0767709220418198 -0.216155214131604
-0.0762293324728359 -0.111750669742011 -0.167894690542813 -0.18158901212081
-0.207660964335752 -0.0400931999050899 -0.267025405938736 0.00602754132766959
-0.239610612877621 0.100882113089108 -0.24347729915199 0.128911361403822
-0.214694487595018 0.19971104440612 -0.240945336742566 0.175748702950201
-0.236770529278526 0.259094234069495 -0.194202089062475 0.196867118246706
-0.275534413889513 0.249479691702985 -0.134268437623816 0.175129354920799
-0.354365953013453 0.184450701860964 -0.0723972780415209 0.143969757487532
-0.414978302397682 0.00944034630613426 -0.0332872437444535 0.137641010548387
-0.318175615650589 -0.171314287688395 -0.0236981484646469 0.209969863763426
-0.216986265010338 -0.229326319645124 -0.0960140933703301 0.285883544386086
-0.190251568877795 -0.351736306874711 -0.209720649216481 0.247458014732801
-0.0459776236831995 -0.441131814223125 -0.131114310727379 0.281735113655177
-0.0296054433992538 -0.172007977070532 -0.0808200852360088 0.357993585832399
-0.0738300613976471 -0.0307420066932449 0.231627775490626 0.0769867435219922
0.0129031432349943 0.010912385229758 0.0289305952515221 -0.166635938945686
-0.00896015919604045 -0.0684800109916254 -0.15059138044193 -0.137911321834377
-0.107386755919233 -0.0282678344781618 -0.24883639973724 0.0213184166051204
-0.130949079984527 0.0654398968754548 -0.262271973409161 0.152234980341741
-0.124016670971248 0.134829517558143 -0.288408241555204 0.235671608248102
-0.145998586736236 0.169016334654726 -0.261434128560753 0.276967554750515
-0.180379664263794 0.155273139251621 -0.229010262875919 0.247910052162847
-0.233261289587404 0.0843949184622832 -0.180906868538381 0.186981130881263
-0.24093172862694 -0.0522921288632074 -0.137707721689692 0.139572310663544
-0.133830607916094 -0.134658884431017 -0.0863113628257786 0.177871201565545
-0.0920484092262716 -0.0969864876029146 -0.138911785169892 0.286555825212256
-0.148845666410838 -0.195325881142528 -0.244606422475991 0.263128527376976
-0.0578882254819056 -0.287330944903552 -0.16159326036257 0.358739500259757
0.0773771920396299 0.0683098303386708 0.14803037486567 -0.388960427932129
0.0894381770990414 -0.0287922440242463 0.253741872208112 -0.220689087399969
-0.000907138274517388 -0.0721906408949292 0.173977042305653 -0.300838418995564
-0.0461264481966123 0.0157973714367697 0.0593395216322572 -0.14123505537739
0.0186151162742679 0.0361067528026182 0.169569132613795 -0.0741995974504635
0.0458975815148854 -0.00400971011724526 0.254346533572273 -0.147448153308904
0.0425688863914354 -0.0456467184950989 0.283981279628822 -0.248671503984198
0.0323143728968781 -0.0556181441112102 0.28893408144233 -0.29101261651409
0.0310080261233715 -0.0565589370029383 0.28325240459892 -0.266785448128404
0.0401993434787738 -0.0218183978146777 0.265375102563062 -0.163504628454148
0.0309405956760909 0.0364179086633784 0.232702644546915 -0.0470076263272061
-0.0333327308760868 0.0542107483583784 0.138663590075146 0.0929105873055211
-0.0637581598174327 -0.0605009569261376 0.0113127846490354 0.113534403560246
0.0459807496378651 -0.071581673986343 -0.124937624451997 0.0226098398930383
0.0951015589958613 0.0182810812760686 0.0035661332489565 -0.267801181122273
0.135442880705 -0.130189642147616 0.111504294359586 -0.353265484533072
0.0855433264720483 -0.221119980952309 0.299358831745456 -0.140268605679277
-0.0391201709549898 -0.250065758508093 0.213488343447222 -0.313032053667955
-0.171985232677277 -0.136689451955029 0.0368518097878666 -0.152799880875479
-0.178830969497136 -0.0237218162526859 0.127885311677054 -0.0449984303854046
-0.141666769748005 0.0433600383886646 0.246616850294079 -0.101156452994008
-0.102432966878934 0.0575930479908924 0.281518951991001 -0.230229777807743
-0.0871225523774485 0.0607159010173108 0.273655264830427 -0.286784970443511
-0.0711341162715495 0.0394122806558272 0.270959876152256 -0.273857750022479
-0.0674130030385731 0.0417637060048236 0.267377115244762 -0.178507468370892
-0.0737289906137153 0.0525002028100729 0.245586813831517 -0.0577410037859242
-0.094951935029319 0.0244677186953152 0.142779513428467 0.10120643500885
-0.10411923778611 -0.0940496540733807 0.00834372520745069 0.117774247408556
0.011750914774707 -0.159538536919395 -0.115331088758224 0.0328520367173939
0.102660000458526 -0.125604829085295 -0.0140954001687893 -0.242671136015509
0.191685307482371 -0.304469618891896 0.0527464039135432 -0.245423747534045
0.0806053578038374 -0.387902129408205 0.335711781287712 -0.0232098025095781
-0.0664376268178989 -0.391532606066518 0.248959313925868 -0.322597560043495
-0.259979828110507 -0.268929544651685 -0.00527951664101675 -0.202669957633967
-0.340637492400393 -0.0905964388169821 0.0281846999263464 -0.0410301947004807
-0.307602738782128 0.0727958803207309 0.165746361309389 -0.0504114335120326
-0.231072333963556 0.144665360685962 0.215267508476101 -0.176044878855457
-0.193284476013445 0.167618893809606 0.216977475189192 -0.237063207209893
-0.167390535585184 0.139678383816184 0.234676289039861 -0.242304468119786
-0.178593175125081 0.122944650313467 0.257894112804401 -0.172422427818812
-0.201868215755689 0.0840667703197831 0.258079516775137 -0.0590978951295888
-0.195228216289286 -0.00460751221729414 0.156878177925627 0.120423647234642
-0.173516993246377 -0.143766418717479 0.00125300217117628 0.143091674189522
-0.0449905484282109 -0.255938325427511 -0.129099357135223 0.0518611895518951
0.0838616742883383 -0.26829170038993 -0.0369197050860724 -0.189919963356988
0.220394397878023 -0.420146788299685 -0.0191074510183614 -0.0862221429068905
0.0591677786869922 -0.473252769951388 0.355595414231968 0.0966147574126672
-0.0899630697207106 -0.440082147090811 0.257683588847858 -0.320590198226089
-0.295843649211758 -0.322980633308323 -0.0622997219841987 -0.254726838441781
-0.427198698680442 -0.119942252717251 -0.0976394345208688 -0.0489734782682519
-0.407083957355746 0.0953931405684001 0.0379949207002154 -0.00259433121536681
-0.311586774519032 0.206496557139064 0.0995035624791308 -0.0988945417173023
-0.27031701930147 0.25097681857478 0.124112516438629 -0.149866661505482
-0.249400016879743 0.228221853196042 0.172132979471067 -0.16785829889066
-0.286507722303093 0.205453679060391 0.223881840615248 -0.12927987679532
-0.342450917945444 0.12070185399996 0.246332923471159 -0.0354518995624388
-0.32165611111524 -0.0369026866019865 0.161102183444009 0.149898759148037
-0.261326342352454 -0.207404574041271 -0.0084776278588785 0.183170994449565
-0.116270319736974 -0.352954365488864 -0.152872874738555 0.0894321323152668
0.0504351442545457 -0.396930392279027 -0.0618518400530548 -0.102937010805935
0.200928533114643 -0.451880632688665 -0.083026867033539 0.0868042086033541
0.0158020160909596 -0.442381763951021 0.353993933220452 0.174482991583708
-0.095317812791583 -0.36733849406869 0.223569694259088 -0.302230145907349
-0.258576061147185 -0.284800119694992 -0.120107833313419 -0.271726105381047
-0.412403221896942 -0.10843675372982 -0.205270808060016 -0.0470286480473263
-0.414406786700707 0.111836392877573 -0.0943871649460553 0.0423311598592411
-0.329896586122855 0.234628630533334 -0.0368321698424174 -0.00786277938005266
-0.306810107050359 0.295635314774214 0.0113635393412824 -0.0367750497520156
-0.305244205571924 0.283248917286931 0.0819606209827997 -0.0601758395947959
-0.370374762038118 0.255197328858421 0.153499164369645 -0.0464586738197821
-0.454818951996611 0.12700743121588 0.191495180413833 0.0206102105393864
-0.419459832716475 -0.0858282408987969 0.130389679895801 0.187147752268382
-0.320878217574554 -0.267836147683478 -0.0265107906358648 0.228853410718734
-0.173905530734433 -0.423554906094299 -0.173705847086338 0.144206899790681
0.0147061278327266 -0.482040428473411 -0.0867186665469046 0.0185714166119147
0.1366239989811 -0.400580392963515 -0.117484219232147 0.227943917080886
-0.029962362139499 -0.315916134001754 0.325274996846455 0.185301797979749
-0.0703498465963308 -0.219276154214699 0.150990666771369 -0.261582571095894
-0.169379468169663 -0.195466823316609 -0.15675056912319 -0.237671932943361
-0.320938716147957 -0.0724588990851329 -0.26073719198528 -0.0261289574761752
-0.3467411337569 0.111984990198208 -0.192541296111642 0.0844120711037687
-0.292854393454083 0.228115778701192 -0.158510984110289 0.0838261970694976
-0.294926202833137 0.29659750138969 -0.103095783411975 0.0825928559228433
-0.319198980788904 0.290012749982889 -0.0283064572581704 0.0611953992712542
-0.400742565768453 0.243712154133387 0.0473550646216109 0.0547845717845824
-0.491641668836978 0.0773936788188759 0.0871479117782074 0.089361223112019
-0.424528532336983 -0.145998540559513 0.059882151380595 0.213688801044558
-0.302023681807349 -0.290960779213553 -0.0571060317572998 0.265319169103215
-0.191063366146127 -0.430631492939846 -0.190772099733997 0.199718062815004
-0.0101830862154055 -0.498496844389631 -0.113825389519425 0.152602970089138
0.0519457610452836 -0.293618262031175 -0.118046262022999 0.316493513327303
-0.0604339111757998 -0.158289886678072 0.275806094133983 0.139005683617117
-0.0256657951805318 -0.0773179870594796 0.0760228091090671 -0.210089999483919
-0.0742077575186536 -0.115649743802354 -0.161375585290105 -0.181343521023943
-0.205567590115504 -0.0437154924524799 -0.263108770713951 -0.000769832978060689
-0.237762570570718 0.0951899667030511 -0.242617778223946 0.118779152434872
-0.215979804494616 0.191289216428791 -0.244969628716262 0.163598187615028
-0.239656868853482 0.251293188211147 -0.201373806880417 0.190074892903729
-0.278632010329053 0.240298179067178 -0.142293893772954 0.167514676288549
-0.356296302548487 0.173853842295315 -0.0772414326183185 0.136517749757538
-0.41326935350558 -0.000466956172475436 -0.0384883952696192 0.133025617025375
-0.312923726018961 -0.181817226112542 -0.0285810243544458 0.207566440453204
-0.201627258287325 -0.240633033980769 -0.099151951207176 0.278326453749051
-0.168658575787507 -0.351077147353554 -0.214662436560508 0.242247432997464
-0.0286965870725038 -0.431250334249958 -0.145499710128482 0.273587920270359
-0.0234707977306455 -0.164505585430392 -0.0916398203798385 0.350726968928253
-0.0650248928671966 -0.0294397035892158 0.22269420698006 0.0771958097705361
0.0155906167255655 0.00753509340421967 0.0280432271413265 -0.162628586301752
-0.00991101834168869 -0.0686000474387334 -0.147128380849369 -0.137728562352209
-0.106083643379341 -0.0285460104990698 -0.245939161270458 0.0152574166102402
-0.129063113940893 0.0628522988520428 -0.262538960846341 0.141963410647627
-0.124943431115117 0.131581555664754 -0.293028342008222 0.224876060323781
-0.145284719799886 0.164574283882732 -0.269924589044396 0.2664683480461
-0.181497084887115 0.14985114802961 -0.236031802017447 0.236959894006254
-0.232343056024069 0.0777964287401789 -0.185680336153881 0.175993890319318
-0.239775500731627 -0.0566799696995773 -0.140420910413864 0.132852015065095
-0.131146328913594 -0.140350248511177 -0.0927956765254328 0.173375572389993
-0.0834343258781472 -0.104508204591741 -0.141923095683285 0.277997381629378
-0.135045079347364 -0.194794626030613 -0.253069906080589 0.254486084287195
-0.0473978354764523 -0.280773467756483 -0.179684995569825 0.345703008303822
0.079655628112822 0.0670276040226753 0.17442494010248 -0.389914798655859
0.0894350399592168 -0.0300672459169601 0.272530987575312 -0.224796681465467
-0.00217898321342537 -0.0708865238924275 0.18363875660486 -0.304231065858558
-0.0441405121752155 0.0173571288893553 0.0669316756002166 -0.141544652294498
0.0206358283499434 0.0346513231783856 0.175801445176949 -0.0733851408653194
0.0476585849232864 -0.00589564901838694 0.26478935726289 -0.144359155687685
0.041767963198994 -0.0480300334362767 0.298375094741361 -0.243279082594334
0.0302994399557042 -0.0575107159551312 0.305160675502957 -0.289809514449433
0.0287111574916346 -0.058178626143063 0.297540176014421 -0.265266098343399
0.0387158525131722 -0.0235754882108435 0.276259725097618 -0.161179289490372
0.0325543482772307 0.0351764576392976 0.23791792339851 -0.0445840582453713
-0.0304794802773921 0.0547337901044155 0.14125399166108 0.0959485183798678
-0.0649588914477331 -0.0590748388625219 0.0117084995509582 0.115629410609654
0.0447224251168981 -0.0734743502462282 -0.123402193271881 0.0244974025386863
0.0990124965268882 0.015951392698208 0.0158225920051214 -0.269504002110401
0.146203938623676 -0.131811700975968 0.135141420808377 -0.354113575834463
0.0943988952415132 -0.226874106985964 0.318885411220435 -0.14285103806832
-0.0336348364040988 -0.257639477174492 0.221252541713082 -0.316633467646731
-0.169792301866459 -0.14446173514997 0.0443340438488117 -0.153441120809898
-0.18136206520428 -0.0329752322098378 0.133044534253724 -0.0432810131034226
-0.146560075209286 0.0375489495651817 0.256177596243386 -0.0983979294639398
-0.110495139895949 0.0543744426741627 0.29237395441127 -0.227272893847335
-0.0948405347772344 0.0584942565474029 0.288796205786461 -0.286492317356677
-0.0789276761515934 0.0376022783961276 0.283692334088418 -0.273780132769084
-0.0727923983981091 0.0395153354516219 0.278018794118733 -0.178183193500822
-0.0752525839579668 0.0495299593452995 0.251065927322007 -0.0556022984097527
-0.0933540283496588 0.022294941226296 0.145822282232503 0.104929857062975
-0.103293455357647 -0.0963392346479574 0.00895364197379767 0.120034894520226
0.0158978990626759 -0.162892355804062 -0.113515531576187 0.0340720542420239
0.112105021410771 -0.129506968629431 -0.00336973557187772 -0.244387952494078
0.210115707259841 -0.307862988828965 0.0695249440211208 -0.245478002286814
0.0972101349532123 -0.395591445518914 0.354076375104533 -0.0230467283840067
-0.0537124344072278 -0.404716460387857 0.258179516563471 -0.325988148238616
-0.257822756511486 -0.284947870014709 0.00242015210171939 -0.205318770348542
-0.34705534420866 -0.104941306617611 0.0304454566089385 -0.0420192876195133
-0.317547060791586 0.0640508580020593 0.171825588180221 -0.0500934909917264
-0.244170826965421 0.140588005937245 0.222143556554116 -0.176610334683573
-0.207010954360831 0.166243619001552 0.227117280377158 -0.238493902029235
-0.179565776288155 0.138292663819266 0.244782554008129 -0.243985895193699
-0.188978522692952 0.120351091651005 0.26759671169359 -0.173434727684288
-0.207527284849515 0.0800960485122848 0.264781062608912 -0.0572104428208132
-0.196349853070318 -0.0110354125821416 0.161701262291237 0.125355940583899
-0.17048470849333 -0.150591069428623 0.00222416105239664 0.145452888846839
-0.0362659548143573 -0.262989801014961 -0.128592721266345 0.0513590376591059
0.0990941658843164 -0.273586227302139 -0.0302503311825271 -0.193199533507101
0.240357765236446 -0.422741150346767 -0.0108946313839224 -0.0841526774610282
0.0789986721577505 -0.481516289774443 0.370533101960035 0.0981134756221177
-0.0751621513502802 -0.456035070091931 0.266064546894675 -0.322912086465147
-0.293472107143244 -0.344129974870441 -0.0550302479665715 -0.259981651226448
-0.436513311120983 -0.138513003909697 -0.0975007688367752 -0.0527863513793074
-0.420233657107149 0.0846493831761155 0.0390418935747214 -0.00513325867890643
-0.327769565457429 0.202242345496912 0.100108107620006 -0.10188857963362
-0.286093664041538 0.249281052368836 0.128187998006386 -0.151071131187096
-0.264750723818607 0.227548509513429 0.177930609342686 -0.169742799608295
-0.301642898058987 0.202500687408058 0.23161492849515 -0.130659276077642
-0.352736975436617 0.115330724987725 0.251954613246953 -0.0337037309919195
-0.328730806264146 -0.0483313140072791 0.165535984550921 0.156396779225088
-0.259059166576847 -0.22198217669541 -0.00933711183279122 0.186474014977664
-0.104666973055232 -0.36676066414587 -0.153796807391963 0.089978146305126
0.0706212413233753 -0.403808792110838 -0.0601219783372863 -0.105549138808882
0.219201471805941 -0.45311349382316 -0.0840712790043051 0.0904018649540999
0.0337729566816465 -0.4492064468409 0.363674970976372 0.180048658376432
-0.0802994795698003 -0.382460155997723 0.229993929266755 -0.303070620345026
-0.259170573048122 -0.303455035833752 -0.11484358598529 -0.277935531179657
-0.422053850553398 -0.123346084161913 -0.209297001212533 -0.0536916650783331
-0.429848729490301 0.102080460217992 -0.0981136273689445 0.0380492818720158
-0.346958571029116 0.22913831746822 -0.0415931589847676 -0.0118502274144292
-0.322721889617303 0.295329261398503 0.00942396549388458 -0.0377506166061591
-0.324148918646951 0.282945313733086 0.0822777954417393 -0.0613669210571817
-0.387232672056506 0.251462232168389 0.15708385842751 -0.0472645521540711
-0.470973035983709 0.118855852069645 0.194168682330763 0.0220883105728111
-0.430542934376476 -0.101641854385022 0.133282263245319 0.194645274253672
-0.317287026940859 -0.288735031307763 -0.0299298455403335 0.233843551789957
-0.159264500791433 -0.439955702512549 -0.178421738850793 0.14664062560537
0.0364750618475371 -0.493165696969933 -0.0918610141086301 0.0167685789919767
0.152650444283859 -0.40335723868143 -0.125071817185414 0.232166913299889
-0.0152714203289495 -0.31951789194623 0.330978247350703 0.189517226244104
-0.058360968976339 -0.228594255811543 0.155030684122126 -0.265137459701844
-0.169380297602472 -0.208804967267076 -0.154813097529144 -0.245389326426539
-0.328229870367985 -0.0840465730046113 -0.265086750631633 -0.0338336727666371
-0.357182426998088 0.107134552021047 -0.198021146877501 0.0781889791700525
-0.305934541164349 0.226867288069693 -0.168653821744154 0.079948580055378
-0.311413819007762 0.296496702590228 -0.111714038244253 0.081296753201126
-0.33830339746104 0.290002979770166 -0.0338606748855396 0.0599064384177746
-0.419018298027906 0.23926991268752 0.0454920510038829 0.0544005908022253
-0.507840693080495 0.0699759429303303 0.0861455883713309 0.090917524728205
-0.43425143448327 -0.164066799342807 0.0565407317454165 0.220602749021277
-0.29608004518564 -0.315137605422641 -0.0631232716184042 0.268353926343956
-0.175680294230314 -0.445017986476165 -0.199947838718503 0.204830910994527
0.0107270799589731 -0.510033015659238 -0.125871622247542 0.153169823722889
0.0622296729699431 -0.293931166685785 -0.13060054764015 0.321908063085765
-0.0493022791355014 -0.160246028010947 0.278155552284861 0.142473098687279
-0.0191895436086919 -0.0825225727381822 0.0783925152580986 -0.212325470610391
-0.0753710570862082 -0.123441786385406 -0.162811502671913 -0.187197213828854
-0.210964357743004 -0.0480978344466349 -0.268203582686975 -0.0081116647291631
-0.244704162739521 0.092132138621382 -0.251906194183969 0.114028691091388
-0.225900642141799 0.192266006743684 -0.258389178359936 0.162546236232357
-0.248979156344896 0.25169146810865 -0.215181963768721 0.189162922088923
-0.292657725602257 0.240100529971164 -0.153516595908041 0.165966214074686
-0.371681538906235 0.169195706719326 -0.0846749356662828 0.135874252849383
-0.425511682873807 -0.0113899589351835 -0.044051641690886 0.13381272697685
-0.320852759820646 -0.199224847282766 -0.0345091399895669 0.212079808910464
-0.195585963863366 -0.260963777406228 -0.105476687994183 0.280793197721089
-0.156180433245496 -0.363125189947389 -0.227947001707528 0.246605761552654
-0.0124225866024952 -0.43881382616664 -0.164653227842487 0.274881993810703
-0.0185768944955674 -0.164080197129239 -0.106351828736572 0.356784629525802
-0.0594370498461811 -0.030327552823039 0.224058076967065 0.0800977887216405
0.0189504769586523 0.00451650243872634 0.027994414371043 -0.165191695405534
-0.0118560375075129 -0.0720965671615266 -0.148773038481496 -0.141665827482473
-0.110288292283341 -0.0297738646021738 -0.250774405591389 0.0107214036645361
-0.132295062567454 0.0622638146433569 -0.272097795143132 0.13758256698343
-0.129031615053974 0.132530183907254 -0.308620292233623 0.222493520359669
-0.149877370367967 0.166384142404388 -0.285753601426195 0.266953562263205
-0.188373303871341 0.149380930728624 -0.252894152612769 0.235918021792948
-0.241746607480841 0.0746453745838839 -0.196502518938783 0.173201122028595
-0.247799557433974 -0.063408333307291 -0.149600464916081 0.131864146573366
-0.133262029321025 -0.150454364308747 -0.100795531292901 0.175059646780686
-0.0764794802165828 -0.115984185976479 -0.149435034362859 0.278875933368966
-0.126092831179498 -0.199354526403084 -0.268047520647041 0.258818438691834
-0.0393498226637294 -0.283949937963584 -0.204834850083015 0.34710097811809
0.0852160796333857 0.0651390444296514 0.19643563172359 -0.407950555271424
0.0914504824093506 -0.0358991768661315 0.293978173186352 -0.244403531885521
-0.00561762632183371 -0.0719011534465521 0.189939449065242 -0.323286066054487
-0.044134667818885 0.0210214549424424 0.0731932799345549 -0.148674175383394
0.0237561821352366 0.0333344837723058 0.1863476556221 -0.0790437723768316
0.0497739264988682 -0.00957859948480703 0.279753431534955 -0.152901665494503
0.0408251911074536 -0.0530520236718046 0.315796525020615 -0.254881276258258
0.0278783024117315 -0.0624838381557329 0.324169850085862 -0.308994994559218
0.0250411611995341 -0.0619447552615846 0.315090979445727 -0.280334125900579
0.0376821559338371 -0.0274791704374003 0.291449049373148 -0.172182081580042
0.0361540638557931 0.033481826423192 0.24901586870588 -0.0501964754117961
-0.0270346317561542 0.0576728539102681 0.152305099119985 0.0975206681110127
-0.0705417722611293 -0.056869127127818 0.0164689307790042 0.120675979891501
0.0423918757803102 -0.0790203895638162 -0.124093503261144 0.0303980582578291
0.106724994221212 0.0114204406360373 0.0218285162870021 -0.279001605670379
0.158817195490103 -0.143234614281064 0.154274692223778 -0.370577200608898
0.100665584325316 -0.244072084387761 0.345038604414334 -0.159939467994353
-0.035598877962042 -0.272533570542217 0.229423676537444 -0.336252711095553
-0.178207550858847 -0.152634499333005 0.0499644677123155 -0.160581083617054
-0.191708824351373 -0.0380666841281488 0.141393418213462 -0.0466651106757037
-0.155339296372095 0.0362235642088051 0.27001576106861 -0.105930123882069
-0.120376528827991 0.0557512005083056 0.308473521895086 -0.241080831156544
-0.104723551470507 0.0613458524097365 0.305086755016594 -0.305379706694397
-0.0881888391957902 0.0394766304171635 0.298471281480138 -0.290331301727641
-0.0798410499502206 0.040026298255945 0.291685324497353 -0.190921051025585
-0.0769432099663014 0.0504248108414511 0.263187498608706 -0.0626555231842911
-0.0937528005806602 0.0238292036305028 0.156907798741844 0.107476607973327
-0.107672434313121 -0.0972211452051276 0.0138069716372716 0.125100438329184
0.0158908534958996 -0.171620961832692 -0.113845486956875 0.0391857947921199
0.122455347390695 -0.139791869219497 0.000888431977020453 -0.254904012290536
0.226759434652675 -0.327189806906773 0.0831193791990846 -0.25507667843374
0.106917695876095 -0.420403508118055 0.383076274938582 -0.0365914262198432
-0.0539983612414898 -0.430804714122883 0.265119453932507 -0.344937518215827
-0.271977322523502 -0.30459328151434 0.00455492421540284 -0.21444892381505
-0.367696974540681 -0.114788116006546 0.033561752294535 -0.0437983773064403
-0.337229380919629 0.0640606897416473 0.181701710438789 -0.0561577362195131
-0.262173613286964 0.147457499365967 0.231113216868606 -0.18839703270396
-0.22136453264224 0.175333903571317 0.237661970781763 -0.252880994045585
-0.194099658704679 0.146306501626606 0.256022207746639 -0.260407467133007
-0.20193533881086 0.127606449760973 0.281528189813345 -0.187721854118398
-0.217164637728901 0.0835893772403746 0.278325989175056 -0.0651320078140875
-0.204099083916024 -0.0116648237436187 0.175246618746331 0.129957395398628
-0.177736588339468 -0.15818543051905 0.00706759905919016 0.15303478207609
-0.0364132146403619 -0.276806339071228 -0.130053347800999 0.0576208374955409
0.110368710297215 -0.29062790034923 -0.029684530163712 -0.201905393201174
0.258916740110078 -0.446353572121284 -0.00488541124519266 -0.08564263181842
0.0903050922124415 -0.508099574159167 0.400321085431067 0.0917757005472255
-0.073365952197751 -0.485467661195152 0.27433201437352 -0.343736358769273
-0.310282897194246 -0.369182574730242 -0.056934911894963 -0.272416596247902
-0.463843965284166 -0.149908252892295 -0.101583482287297 -0.0554132074585191
-0.445553093763623 0.0889689455897303 0.0416913015073452 -0.0102665726925563
-0.348955244538728 0.21337257460948 0.10145831592207 -0.110217424607537
-0.304316938035286 0.264337739183768 0.132070007171671 -0.160298436437217
-0.284486267391514 0.24192406109608 0.184056348852101 -0.182604202525792
-0.321148232744448 0.215439783745569 0.243174069953415 -0.142782602158312
-0.37278169637779 0.122418911710151 0.265210385164918 -0.0408609112206392
-0.346748501441015 -0.0512443281503706 0.17896499343466 0.163290276946961
-0.270128787245767 -0.237164689533487 -0.00505832754064684 0.196545735373653
-0.105412918173082 -0.386832027936809 -0.15742209842208 0.0972774178487659
0.0820835833314265 -0.426681572884548 -0.063515518654884 -0.110870484479548
0.234247638945309 -0.474876812837376 -0.0825991427516389 0.097773645371986
0.0434631421363561 -0.472116585301446 0.391059997467566 0.176989071610359
-0.0782572513263849 -0.406976090425349 0.233176716156363 -0.321195289721199
-0.273774880360392 -0.32681636617817 -0.122491106413438 -0.291144338725897
-0.448273181139619 -0.132385215340471 -0.21875517655032 -0.0561644573371483
-0.453531375298086 0.109406527985407 -0.103533037524727 0.0354944372799845
-0.369305608770319 0.244919189639179 -0.0490335807003064 -0.0155467049974228
-0.341241227374424 0.312390569092024 0.00459749220180984 -0.0409128283776186
-0.344440843474486 0.301399297989389 0.0832860396097609 -0.0675311303524377
-0.413863631033282 0.268737525116926 0.164691165388238 -0.053672877780694
-0.499024319861412 0.127027222609963 0.203352812884423 0.0205090332921868
-0.457252081539866 -0.109208549285011 0.144210947789012 0.204870900605913
-0.331988099492785 -0.311427907792289 -0.0267670453885771 0.245748647314501
-0.16125004807982 -0.46573324752438 -0.184717529285928 0.158101551354951
0.04720571909224 -0.518547520780734 -0.0990305745398003 0.0170014499292875
0.161694926742343 -0.419510458580357 -0.1294297839367 0.247639610955935
-0.00866092739459508 -0.332745666033185 0.352427411411073 0.188193194674782
-0.0542390665010799 -0.244675851077516 0.15625653542149 -0.278365671857237
-0.180240349096278 -0.226315892725376 -0.164297897572359 -0.256222769532085
-0.350015522391161 -0.0881440617774305 -0.277894556389769 -0.0361076117024578
-0.377299868426137 0.114649395343707 -0.210054210129325 0.079411176584209
-0.324429258720846 0.24241624418529 -0.182212615582723 0.0832094158160867
-0.326632933444025 0.315017698755715 -0.122140485030416 0.0864694102271767
-0.357419779624818 0.308844957867413 -0.0400552220234256 0.0612078963262856
-0.446798118772226 0.256268520150109 0.0469024980150906 0.0535843783272654
-0.537727252056881 0.0758862788693366 0.0903563666654578 0.0936759827707525
-0.464498157902011 -0.177418631322607 0.0645582391218245 0.23472190294867
-0.309225610380974 -0.341551492032374 -0.0617636467720184 0.282953614382996
-0.17817266196493 -0.472462916489804 -0.211207691364325 0.220179978531444
0.0171223639584425 -0.535090644277946 -0.138736903476499 0.161905960059426
0.0667423350537827 -0.305684610259618 -0.137873558212748 0.340633660376933
-0.0455050815798353 -0.166304353448438 0.292625583069674 0.141524304824641
-0.0136407646527938 -0.0905653618663218 0.0742187067883192 -0.222587155473829
-0.0819068440121381 -0.133893420163961 -0.17384460021191 -0.193514645860777
-0.225357335204577 -0.0491574588867134 -0.281136146837781 -0.00728813729243764
-0.258606286710667 0.100225361892935 -0.264711410462574 0.117097177159226
-0.236196747192855 0.205656644584566 -0.276981730698466 0.171413086586203
-0.260997331838715 0.267075265759624 -0.231078523182863 0.200760597317688
-0.308891220301985 0.255822499102791 -0.16602583597432 0.174184163931319
-0.396404735744626 0.17919533582316 -0.0910258450791421 0.141453814841758
-0.453228406724137 -0.00954785574795467 -0.0484697247498849 0.140219144955648
-0.343888407313983 -0.214384997349183 -0.035791396358993 0.225422203157852
-0.201899578517529 -0.285641676595991 -0.108737290168623 0.296462032143154
-0.154543713655901 -0.383015270597592 -0.242221682113698 0.265814099941491
-0.00860486505278201 -0.458314897817412 -0.182955757912379 0.288910196390367
-0.0180376365501065 -0.165299314503447 -0.11419346278069 0.37656325280392
-0.0564501000801012 -0.0302324385963589 0.232558899173306 0.0772175154600852
0.0233483934432266 0.000454205660529877 0.0227235452912458 -0.172245810705384
-0.0165418380191232 -0.0778015149120012 -0.159875945860488 -0.146190483054894
-0.117401530644799 -0.0278657208251805 -0.263267795551041 0.012164073485558
-0.137910559915336 0.0691479605992702 -0.286295782312818 0.143768858411947
-0.133741033147293 0.14235844914608 -0.328059060997161 0.237287688200827
-0.155298620511249 0.176565606360505 -0.306710720065284 0.283644151718489
-0.197861139397867 0.159655959660045 -0.270259243074445 0.248289614707966
-0.256054055552247 0.0813721160517792 -0.210202630058786 0.181615618246922
-0.26522406686254 -0.0642697737687221 -0.160390770647719 0.13820184870309
-0.145477718193523 -0.163829061052203 -0.107628469190692 0.184709868261243
-0.0753673698892137 -0.129141612914016 -0.15479806523588 0.29374001769333
-0.126838887076429 -0.207569944616512 -0.286672130081147 0.277956982160819
-0.040844993412968 -0.295873643562197 -0.226813929714556 0.366925032886397
0.106507336718795 0.0523157768721253 0.140268195026679 -0.464905507715438
0.0868612221914972 -0.0518618053646968 0.271230794138327 -0.313963036696858
-0.019368106916535 -0.0669285216511172 0.140099826057763 -0.372089411912299
-0.0371363765513519 0.0325816058637213 0.0528153277277616 -0.169337960351167
0.0326392706416279 0.0307108063112578 0.179655636874082 -0.119163334974577
0.0494263434421348 -0.0192944351963525 0.266224218522069 -0.208640242752062
0.0310505244849348 -0.0629198681941819 0.288551785477022 -0.326356088825569
0.0155069101177957 -0.0671498271362145 0.290692497276999 -0.376586144627731
0.0122826193279968 -0.0655510936546894 0.286164560064836 -0.349185810054099
0.0316349354848367 -0.0338327124680664 0.27541242131173 -0.23021792507366
0.0439654021919824 0.0275075292663108 0.251837400451605 -0.0971267789642067
-0.0148194157183214 0.0626571501012675 0.179169187928493 0.0732140807304287
-0.0837342137617872 -0.0421902213364303 0.0412430629422279 0.124108148600646
0.0273903036258011 -0.0888040325035088 -0.119553043125835 0.0548652216445001
0.11030061551648 -0.0114677778896965 -0.0134649580313942 -0.294169889245372
0.149326686413123 -0.182189646538317 0.109948354661348 -0.398535565750401
0.0675729300705294 -0.274632617419807 0.345514983480075 -0.228869746242426
-0.0822962697001164 -0.277974843180638 0.18686443508574 -0.383287519537363
-0.206333399520844 -0.131808498626743 0.0341444821301092 -0.168547107403113
-0.205063298510457 -0.0125503777672404 0.150432223790206 -0.0751332942937084
-0.160227035353292 0.0607119590838416 0.273379367758512 -0.162705631759107
-0.12294952247853 0.0764957138576467 0.286761706629592 -0.310892967176716
-0.103913902468007 0.0831207964320693 0.268561140404583 -0.371108947646309
-0.0880747874880967 0.0586193186042561 0.2660879796286 -0.357279547746027
-0.0795664852240488 0.0562382421194728 0.273075496448068 -0.251865730912462
-0.0700292126712856 0.0646431078425661 0.265824401157019 -0.113031999728221
-0.0895921781797474 0.0373427982283689 0.189020481104194 0.0847068392421834
-0.126307322837171 -0.0795476791002098 0.0397368445416452 0.130417835976179
-0.012360651675771 -0.17954601297156 -0.10966918426408 0.0618933647056181
0.105104336721021 -0.167937303067803 -0.0335452478843851 -0.266807797203066
0.188626583491485 -0.391637753385415 0.0596942778688494 -0.248003911529195
0.0493778776973892 -0.462356215664427 0.411708466268826 -0.10024565193295
-0.123737739369745 -0.446011086274426 0.227569242077605 -0.390458420531775
-0.327675710881003 -0.280947821311329 -0.0181864508655838 -0.209250583190356
-0.402871811243747 -0.0666746858698416 0.0483321225760189 -0.0499640271304636
-0.346040420661723 0.118806299884355 0.19724718517426 -0.0996291510751646
-0.258008986751942 0.19557318109529 0.216603647047979 -0.243723562454504
-0.207853045145298 0.22165811393816 0.204707114617471 -0.305040310902065
-0.18008234228858 0.187644456493456 0.224688067393063 -0.317929287218231
-0.19168512769696 0.1685001046906 0.263101322279294 -0.245381460645819
-0.210728644461359 0.124116895084742 0.282505756127616 -0.118618199646339
-0.21226831692105 0.0159502187734527 0.212650557396506 0.106258567278401
-0.207343040032702 -0.134123991648817 0.0361001350590332 0.162529019348464
-0.0782720050576549 -0.281577898615023 -0.125908334183143 0.0847092710597452
0.0717276493476819 -0.319289459626169 -0.0593807743020034 -0.207723308425038
0.199473390762638 -0.52342422692866 -0.000382263602016307 -0.0421261882647411
0.0183853189230312 -0.550893797408398 0.452755120147264 0.0352280161026285
-0.151035444780698 -0.502129624643731 0.237818273128054 -0.386651617399495
-0.379204978127107 -0.345822718590272 -0.092484728052663 -0.254174687455922
-0.509094801435572 -0.0894192038676806 -0.0902650850404799 -0.0360430380893231
-0.456179148762774 0.162808248006685 0.0619447988909986 -0.0299373090779606
-0.338927870175286 0.27790665000675 0.0948930123996174 -0.138187987833044
-0.279562102879868 0.328440372163108 0.108786661705319 -0.191375854493956
-0.257333749247944 0.302109074546652 0.160973197018722 -0.224752976793502
-0.299844723090635 0.279833732284826 0.231666288537134 -0.19178010373647
-0.367432553057393 0.189961947583938 0.276647949796639 -0.0898419175371235
-0.370489688883906 -0.00472301295008739 0.225371647732208 0.144670453869006
-0.31745680023516 -0.205441609480847 0.0311174800383191 0.212616965255479
-0.163128470677434 -0.385640577519454 -0.152136313855532 0.133391355452708
0.0216036287023331 -0.453953582481578 -0.0835167918654812 -0.108032867248987
0.165841245111432 -0.548310475361356 -0.0496499160782943 0.166004502990703
-0.0242385720059005 -0.50328523882826 0.456587226657427 0.125343356383556
-0.140471844957319 -0.417991798655513 0.198350481122825 -0.360381096408292
-0.334433774868184 -0.307562427000974 -0.165418108136483 -0.263350883288422
-0.491240059229249 -0.0712815435568007 -0.214212836939912 -0.0165865280463988
-0.459093020669514 0.184571481779773 -0.0837748821096585 0.0416956050435949
-0.353167103526181 0.314635959927762 -0.0465413613696361 -0.00943950408059732
-0.309869620975919 0.383919598927274 -0.00420203989093202 -0.044890420879433
-0.311420552219283 0.374717602175258 0.0741833010190057 -0.0859950995557671
-0.389381492643039 0.348273049558376 0.164548731765739 -0.0850615188273763
-0.498846850812739 0.217375589343547 0.223421587207418 -0.0147575994187072
-0.497056852776705 -0.047633610153176 0.197144509263963 0.197402284513931
-0.395828750015672 -0.274804243928141 0.016057321411655 0.271295514698862
-0.232526736607388 -0.459946771178585 -0.173570996849071 0.203873495788106
-0.0268926501573377 -0.54037443876662 -0.104520895198202 0.0330036089089028
0.0956844729117994 -0.475258622157714 -0.0743228918726217 0.324938797325291
-0.0573080134830266 -0.347084789716353 0.412895180074082 0.138436934774912
-0.08864676245747 -0.251430107668303 0.118571171445977 -0.30706933499397
-0.222133067309968 -0.215374021739545 -0.210425411060277 -0.222753659013494
-0.381286252323976 -0.0404230866412993 -0.277650154935563 0.014219218181168
-0.376513568534972 0.178563902900348 -0.191566797918428 0.10661836911252
-0.30280991466291 0.304207070464817 -0.171241076640405 0.120099271281856
-0.291768476999288 0.382396437643517 -0.117207373241344 0.109597422274938
-0.323269297493235 0.383522774384011 -0.0340535278384921 0.07098894121827
-0.425146600663429 0.339049482938116 0.0581626674558473 0.0494396111289595
-0.550282288539761 0.168992700610791 0.114714039474806 0.0845620711448544
-0.518474494689636 -0.118351618882033 0.115571435555838 0.24393532119126
-0.378104774353791 -0.313786513939819 -0.0180703046349194 0.316576416587586
-0.247723148783527 -0.46710885243908 -0.192678100750048 0.275772516952739
-0.0592149237901544 -0.551546957350826 -0.127423039829223 0.190779264868815
0.0148849436551941 -0.335578459056068 -0.0699116993097043 0.411412924204302
-0.0704776383115942 -0.164480697628495 0.336139362259043 0.0937335059397338
-0.0226196230076188 -0.0969149443443576 0.0354384616618944 -0.240182080773596
-0.107348326205179 -0.131487515110563 -0.214135879361251 -0.15904013219681
-0.245439713406444 -0.0180375296363174 -0.282448863994055 0.0457086337224447
-0.251887392470384 0.146225198853985 -0.24808334849995 0.160509339163557
-0.215457342019346 0.252585267792532 -0.25661934790023 0.232597402728698
-0.228992333640581 0.321016718416274 -0.212268907248585 0.248979552753753
-0.279905274426448 0.317720474803975 -0.148884213873002 0.211640855007954
-0.385822552337406 0.250545081596175 -0.0732763153423369 0.165050792190391
-0.47712992033206 0.0653578623422706 -0.0232038131763078 0.157328351056238
-0.397431731082272 -0.17722142594577 0.00454960581026041 0.252674735480387
-0.255503830290588 -0.272863798689393 -0.064013757836944 0.334819328899742
-0.211040748582067 -0.375227107867623 -0.217746540174282 0.328235133563941
-0.0763288627205619 -0.468203027539027 -0.15693015910656 0.333532875488759
-0.0507988601537518 -0.171629357117473 -0.0447526634518978 0.428796107230406
-0.059027088893891 -0.0209779036724256 0.256422297424042 0.0333113964890551
0.0285698504195261 -0.00749072413428558 -0.0131223552075028 -0.182072917340488
-0.0315963728875172 -0.0804339443594314 -0.195830725274543 -0.113674003359087
-0.127372045908692 -0.0118990462199378 -0.265234612636849 0.0636655135746822
-0.13040615648521 0.0940364228608184 -0.269846429170263 0.195435096044594
-0.114255490904883 0.170173688733436 -0.301963201744174 0.313741936477862
-0.130761071935854 0.207673495721002 -0.276590220058433 0.348673785943401
-0.180038851259759 0.200198617849813 -0.246362758448459 0.306715255903587
-0.255092575282249 0.125241389396609 -0.192103183573114 0.226233955526358
-0.288556080517109 -0.0222924016498383 -0.14452061431894 0.175193597802195
-0.181534353681589 -0.153990824447891 -0.0831257844478027 0.218999931088066
-0.0966770431301764 -0.130384421840973 -0.113076066799179 0.33503567458008
-0.15468181671403 -0.196090590440436 -0.261361024108237 0.347342689624359
-0.0862585773640822 -0.294499551921627 -0.192676867521831 0.422410019262541
0.112758222133975 0.0371537259591702 0.114995633947222 -0.487275941202233
0.0778446427833278 -0.0639846278233363 0.254172036785605 -0.355565687745913
-0.0284712139030034 -0.0621258623560964 0.104553539600157 -0.391280251778436
-0.0302629201155728 0.0381102666591064 0.0391267873202933 -0.177309123965765
0.0372261712450265 0.0246927236396534 0.171323233489909 -0.139715380711505
0.0469156887968559 -0.0276484891203129 0.251358427827537 -0.236483689532332
0.0211096374017233 -0.0684646549143954 0.266628606014851 -0.356591879142626
0.00405890156827092 -0.0697530014322398 0.263452050301485 -0.411547169458176
0.0015972517506921 -0.0663696649873813 0.259239844055286 -0.383689579847684
0.0251192954539827 -0.0389300093199667 0.258565169340284 -0.262737471643235
0.048053384607857 0.0195166075607558 0.244717176809705 -0.125149010433275
-0.00376497637550242 0.0632253099185455 0.189844233062818 0.0533497605758127
-0.089100614459915 -0.0291483100987844 0.0572017839926079 0.119799573785074
0.0131433083191414 -0.0921877389894323 -0.107783678905827 0.070078796194752
0.111176139401032 -0.0289121308303978 -0.0335740700515166 -0.296118868598042
0.139094476557741 -0.205096412302654 0.0886716557235454 -0.41627781390359
0.0423879606568513 -0.29055776809552 0.337422428213778 -0.278768911693799
-0.110053808338681 -0.275664233108989 0.148168881689328 -0.404569738415501
-0.219884628508529 -0.115755294152359 0.0227249072213598 -0.173674061677397
-0.210817009902198 0.00250443321503637 0.147120346461174 -0.0914371951862836
-0.159515044160734 0.0724718249269873 0.262624437694101 -0.193263576783261
-0.123291032732644 0.0890539471149592 0.262285883047431 -0.342119807442635
-0.103729728482958 0.0954778874649171 0.239757716355963 -0.40235429973094
-0.0891725445373641 0.0696313838001654 0.235628471945646 -0.39019452347409
-0.0794055230874766 0.0645591072209923 0.252901144999091 -0.284173616421244
-0.0639241672033848 0.0680803431143455 0.256889276082235 -0.143526363999534
-0.0826665034567734 0.0435337126264599 0.201680522126077 0.0628972424801653
-0.133668667915033 -0.065631811837084 0.0569437651761784 0.125845809212095
-0.0303372649405128 -0.180933062660533 -0.0976242505791025 0.0741513312215622
0.0935949755627651 -0.186180677690122 -0.0525662798487491 -0.267494099800212
0.159822352124611 -0.417823508245402 0.0497470757782497 -0.25729810154981
0.0104233816651774 -0.479018186337362 0.415808071553082 -0.156224077055798
-0.165003540667319 -0.446892457969477 0.188381418950978 -0.417738237177453
-0.359964972718833 -0.258270018941209 -0.0337483811561626 -0.209455283492291
-0.419642864494617 -0.0343269559261625 0.0469182506999148 -0.0559984799873978
-0.344884186267486 0.150531104845519 0.190425584415108 -0.123178799858126
-0.24847183722728 0.223647577350257 0.19407144814265 -0.268754901698867
-0.196130056941529 0.246734255167085 0.178380514568678 -0.330142633959976
-0.170633752967557 0.209971623852257 0.195345721998649 -0.345798281638164
-0.182141306996891 0.190362573431384 0.242112768907212 -0.279001079285252
-0.201532400530501 0.143568095449167 0.273702972877201 -0.150662066208364
-0.212002681874312 0.0342331112396265 0.230174125937667 0.0837678398471964
-0.220358660678723 -0.116956241062306 0.0570188053653271 0.158845503497584
-0.104069530639583 -0.279178934785245 -0.11354020313725 0.0981026198982881
0.0479242665142669 -0.335180115745815 -0.0757025903229893 -0.205557842323907
0.159680479798712 -0.549748139503286 0.00426635375631165 -0.0429711277158973
-0.0267028854972957 -0.563844676460832 0.46837539661255 -0.0238355448638033
-0.194418478356022 -0.503000509570229 0.199154495915599 -0.415837792012217
-0.418988399404583 -0.32288488340032 -0.114417035154318 -0.248197900797431
-0.53124559372076 -0.046083469506721 -0.0936918973763878 -0.0289969109083163
-0.451566815836377 0.205045854669307 0.057868303900684 -0.0402915414896821
-0.32236797354237 0.317154962435745 0.077918440758408 -0.150318506898225
-0.258682029150825 0.361367406251058 0.0897678360996409 -0.203745879446119
-0.238515234148071 0.334118869357301 0.138756483629626 -0.244639294723659
-0.282856836399128 0.314881911083338 0.215193472697353 -0.220540916686658
-0.356161892933248 0.228214285946987 0.270145473384928 -0.120646076379327
-0.376499874396455 0.027336380610002 0.247396038179942 0.121872588099021
-0.339490407751859 -0.183557622548229 0.0567214701615145 0.210610736671413
-0.196992679679303 -0.379273146431853 -0.13578589042533 0.149708928601168
-0.0113650430018051 -0.465202037344638 -0.094480153454178 -0.101200292650341
0.121743785905783 -0.572253471600689 -0.030030332029682 0.175102272581042
-0.062517672541867 -0.508489172026585 0.477005788276176 0.0696817594545072
-0.175411456862854 -0.419943839067703 0.158854892574079 -0.38189120112745
-0.373024367454758 -0.289948118293691 -0.191965149756308 -0.249395401206203
-0.511276635625312 -0.0284563733055869 -0.21691417823049 0.0026817383529545
-0.451491929664816 0.231254567214125 -0.0838884369045867 0.0458459501979477
-0.33157233382145 0.354584281648846 -0.0541520679845488 -0.0048631086011482
-0.280442369587791 0.422732722653561 -0.0125607004277974 -0.0433954235769088
-0.284149745214966 0.413393744253364 0.0619602547268834 -0.0945337843014537
-0.364442382957157 0.394561798624245 0.157248997038758 -0.105141774177491
-0.490363164295353 0.268379808912665 0.224346802646209 -0.0378129461513373
-0.516672019932758 -0.00536887655284236 0.224655303519609 0.180305939708539
-0.428302524729563 -0.251148131629822 0.0453329161125616 0.272406983021088
-0.272064660734431 -0.451585343506071 -0.152638015174859 0.224746912841022
-0.0688312934674104 -0.548896252430428 -0.106501222383497 0.0430217091051692
0.0551129699454511 -0.487641726207651 -0.0420556765088213 0.337896631844345
-0.0824411118032084 -0.34536939815146 0.430817488627206 0.0896372682526931
-0.10776952021908 -0.25306656584127 0.0840800794594803 -0.320460648853542
-0.250602530696643 -0.203412276026894 -0.233988439035071 -0.203126193681161
-0.395613649376146 -0.00373950827978316 -0.279532619797265 0.0402090227400615
-0.365555443515871 0.219163209842569 -0.187713132695551 0.123716904371323
-0.27963144548078 0.340176295147857 -0.167977315685007 0.139488773375293
-0.259648754139306 0.417773307561057 -0.112250398221113 0.12497174095994
-0.29275644651808 0.42439213433964 -0.0327412616040763 0.0750001269304644
-0.405004367038871 0.38899152191123 0.0617723315666909 0.0425759521353002
-0.547813377373739 0.225495226227966 0.124017412337772 0.0733585193489424
-0.546304499783671 -0.0758712339032265 0.144134268043187 0.237097684234694
-0.412155761171688 -0.294391786712898 0.0149845444357289 0.321748773296697
-0.286673801749746 -0.456293653480131 -0.167295481708484 0.303003196085366
-0.103890679205273 -0.552363719257955 -0.117572489326222 0.207190265031185
-0.0135093964954917 -0.337290630576494 -0.0321962146361747 0.424414090778711
-0.0775238210877337 -0.158539644576609 0.344876395755384 0.0529589398508982
-0.0276468425279153 -0.101963501114293 0.00678036777894875 -0.243374297797448
-0.126554104845663 -0.126147328875458 -0.232339701223739 -0.137966339435902
-0.252898311660792 0.00874683947610203 -0.281821161424557 0.0726719910024518
-0.241894403501421 0.175181131652252 -0.239579978337867 0.183654965104855
-0.192616204913465 0.27951391357612 -0.2416792143713 0.263115424265342
-0.200798335168456 0.34794585726441 -0.196743385553632 0.276453607950284
-0.255122201226593 0.354059800780534 -0.13695049505557 0.229928562963319
-0.369189419858703 0.29681702537472 -0.0611331512988799 0.173102341338806
-0.484755207582825 0.114413121322405 -0.0119170318811315 0.162552324612778
-0.429243200494501 -0.147376437052135 0.0302381581735245 0.257909736040297
-0.284109989523195 -0.265852821330972 -0.032136987846124 0.344249566394094
-0.23959719445192 -0.366485304917286 -0.190515769931834 0.359491974614223
-0.11637457019318 -0.465621719110493 -0.138175493283661 0.355064664903469
-0.0660568741924733 -0.164317691965814 -0.00695975840527901 0.443048682820464
-0.0557404247792916 -0.0147919601025802 0.255730318788456 0.00244863436836844
0.0294907800118751 -0.0160398423874245 -0.037643289636356 -0.179154209008066
-0.0444999500611142 -0.0789388052329305 -0.209349491142971 -0.0926411629774035
-0.132428931220199 0.0030377015172656 -0.263432681985789 0.0905045207438649
-0.121707240767095 0.109836470805958 -0.256750721153781 0.222491476649345
-0.0955442182973093 0.185093172265984 -0.278249401191655 0.35030464160193
-0.109680227366316 0.223594049141834 -0.250390781171095 0.383898734872435
-0.162554207259494 0.221701005991172 -0.227598839322771 0.336736200101481
-0.248565938843217 0.154180139586929 -0.178559140421104 0.247995859641961
-0.300415370408773 0.0063858810146453 -0.13349269124155 0.19305310756651
-0.205062550822471 -0.143451994401468 -0.0650894288960021 0.233052345005978
-0.106865501569977 -0.132366167672636 -0.0826971294671133 0.349656671657252
-0.167178937655803 -0.183999404037997 -0.23521382475876 0.383973869977327
-0.115022603604047 -0.285916252479383 -0.170378341601988 0.448216317317976
0.11146828886279 0.0200775768734743 0.0841896329589813 -0.483105103885331
0.0633508590905404 -0.070310159563768 0.220253027265196 -0.376844279553807
-0.0346558950592628 -0.0531723603977659 0.0635867667869123 -0.385157510747891
-0.0213084947295522 0.0406491818298088 0.026393396142458 -0.173980013937824
0.0390336584159082 0.0167981976909912 0.153723812323399 -0.150652610761072
0.0406630515176111 -0.0340733308101712 0.223250324408485 -0.249363399198753
0.00943098669044482 -0.0682189469716605 0.230322207668373 -0.365465602470733
-0.00666546407415486 -0.065967029671898 0.222562046488996 -0.422514406756721
-0.00884708999015984 -0.0627933015317755 0.218769714924997 -0.393864293516685
0.0171400601789494 -0.0402960807148787 0.225899337244631 -0.276995742347945
0.0485317874893426 0.00978001311226162 0.222625089261194 -0.143412413581396
0.00679669353403209 0.0584932516164466 0.188160080826811 0.0310416283065386
-0.0875486845911419 -0.0144954204527749 0.0691184862908682 0.107195264228042
0.000259310492065332 -0.0885570226253048 -0.0886559132861061 0.079277202549464
0.102949087105287 -0.0448103981498796 -0.048828555208955 -0.282608927291459
0.118208761907587 -0.214821340478775 0.0640812012367492 -0.413222059361496
0.0139620884610655 -0.287438238213895 0.307062192281527 -0.313065506434933
-0.129902715410435 -0.256873999568858 0.103412034350503 -0.402120956602088
-0.219931968180053 -0.095098391825464 0.0109565741682002 -0.16829580363975
-0.204404425133165 0.0166543598230408 0.13547480045168 -0.1014341415831
-0.15190345732077 0.0807529875521992 0.236438698306976 -0.210740399883106
-0.116775270048857 0.096802763272768 0.223590958639552 -0.350883695078076
-0.0975564910900451 0.103412035928683 0.197085822431691 -0.410106172129406
-0.0850392725123547 0.076734953809202 0.193146869690218 -0.399082161626289
-0.074766609664146 0.069526875270955 0.217677591634692 -0.298816839331609
-0.0549296073332078 0.067239572634069 0.232205243918187 -0.162734838119219
-0.0718060255462889 0.0453766469245214 0.201807772436479 0.0397412075296245
-0.131545798941522 -0.04808875422167 0.0697846640037498 0.113474834540103
-0.0463377249091562 -0.170653872649716 -0.0796536372065727 0.0807395520478127
0.0760778278797085 -0.193387732159951 -0.0675249092571217 -0.252559060940956
0.123234947260766 -0.420322096052265 0.0371405410995404 -0.254723673619816
-0.0285165656174085 -0.465716992921265 0.392073873755119 -0.20182727909437
-0.19630526164325 -0.421849919063983 0.139553681921428 -0.416900131499319
-0.36886152667911 -0.223834756795757 -0.0469335179862615 -0.197628055242449
-0.411049860896656 -0.00131150527213906 0.0425321718142633 -0.0587137413802239
-0.323667898154798 0.17219351256531 0.171329435354277 -0.138410933700711
-0.226142955866625 0.237877781315979 0.161255904871608 -0.275373953580542
-0.172957405027396 0.258204205580928 0.143856208075592 -0.334204355023339
-0.150743102520708 0.218944114742897 0.156882674705048 -0.351933298001976
-0.163295296533115 0.200332006720922 0.207427442904001 -0.292478850290341
-0.182423708607321 0.15374194153213 0.248963538042318 -0.171436901474993
-0.198530056411101 0.0472758709974147 0.232784480746064 0.0572250586895709
-0.219472517532001 -0.0945361309498721 0.072372067696289 0.144972537757145
-0.12113369827965 -0.260982897233775 -0.093871525013296 0.10331341093847
0.0222782036308791 -0.331508330553776 -0.0868743573722907 -0.192072594112243
0.109972584157706 -0.544325958499037 0.00890395278054627 -0.0422480473995461
-0.0682915939863257 -0.544508068060776 0.451162864924195 -0.0790102790044287
-0.22587702584349 -0.476365680620226 0.148510161555529 -0.415455674937369
-0.434045012870232 -0.280960955623399 -0.127852817934512 -0.22802563229493
-0.521742643960903 -0.00134432965232508 -0.0906662017608327 -0.0212945050933115
-0.422161323209488 0.23680781946415 0.0492717378151095 -0.0479411911661323
-0.287907504287943 0.335039476904151 0.0572623202307694 -0.150901243709244
-0.221388021275609 0.373560959192739 0.0675785382119193 -0.20342545444996
-0.204645811763369 0.346455671178055 0.109383893294004 -0.248396081173317
-0.248940072533897 0.330340965144849 0.18612254472881 -0.234804847137015
-0.324565666060769 0.250737072163631 0.247711296480578 -0.142828464098599
-0.362493728891594 0.0561963988957201 0.254198631532323 0.092056445955933
-0.34223935094283 -0.153326299532685 0.0756992459763283 0.195302491123381
-0.218012046258677 -0.353142722836292 -0.112182020165321 0.155414357168739
-0.043425776465249 -0.451213447967645 -0.0987762077368771 -0.0907675398768653
0.0715630293703152 -0.558645584967706 -0.00834638908818628 0.170687036122023
-0.0959452271872598 -0.485938362605507 0.462726598652843 0.0104408376661659
-0.199024344102054 -0.397514739609294 0.113161678397584 -0.379126811447198
-0.387453294946724 -0.253094450377752 -0.203006802270775 -0.222121390258683
-0.500891547590151 0.0180421528172057 -0.207894219817844 0.0185713789196136
-0.419018978925571 0.262955159876633 -0.0812985052125424 0.0475272112453017
-0.290980929719961 0.372600683482408 -0.0589375350029542 -0.000998417303878505
-0.235923896598109 0.433054106095867 -0.018811830999022 -0.0383336685456913
-0.240367271739525 0.425617880076275 0.0485276383741663 -0.0964113770530859
-0.321462567540206 0.416085050246998 0.139965266073426 -0.118207222072578
-0.451963058526487 0.304314992097957 0.21102250239055 -0.0584232055427214
-0.502807846830732 0.0374608971471269 0.237498645297197 0.151211225328381
-0.435342873805541 -0.214692812445886 0.0708220434110947 0.255785956809111
-0.294429750132497 -0.417502319665801 -0.123260825480289 0.229962300170101
-0.102084107252139 -0.523760008402548 -0.102489338901211 0.0508500132648522
0.0157857921327007 -0.471204943336215 -0.00926830093629746 0.330124818677425
-0.100198573459012 -0.325021295462905 0.416553131839893 0.0375955849018354
-0.11933614507026 -0.242204809876642 0.0447688896195625 -0.310364557926262
-0.263503883731382 -0.178411603209494 -0.240737604575408 -0.171827770670923
-0.385116331393473 0.0332111644520782 -0.264153224147927 0.0620523751251372
-0.334362497769523 0.24496835616634 -0.173959360404281 0.132080481124911
-0.240080787391837 0.353521218890707 -0.154317866508298 0.149517656451442
-0.215248536512041 0.427111045371449 -0.101599335229094 0.13484760511215
-0.24759122302794 0.438019774683329 -0.0297839611446912 0.0767689652101768
-0.361279777292746 0.414795901177254 0.0603441641140339 0.0329660815623573
-0.513414248779966 0.268119665030774 0.124523655730685 0.0603853240415101
-0.540536129847067 -0.0286879665337797 0.163149379089726 0.215425429208794
-0.42446811526992 -0.261404292244505 0.0438998364203567 0.305529389036116
-0.308010593778087 -0.420431352660271 -0.131699008127266 0.308219973756968
-0.136617790538259 -0.523887328308354 -0.103094724929104 0.210711577298816
-0.0405053275184787 -0.318078034995338 0.0059413345659707 0.41427565919531
-0.0797550750745026 -0.145615367625474 0.328714316575989 0.0124445434552131
-0.0318434301313391 -0.101654095779743 -0.0199616956899349 -0.230912874911806
-0.138268043704004 -0.112719602131088 -0.234832731287475 -0.107773218471128
-0.244654522519966 0.0327919567192265 -0.264851027381717 0.0942051830498538
-0.21713764983555 0.191448211884468 -0.217287402526022 0.195730997404475
-0.159242140012401 0.286745904103986 -0.214093135937012 0.275968084587102
-0.161447925680116 0.353470240942019 -0.168680081034855 0.287335859282506
-0.216309933930572 0.365068423443154 -0.11670183942023 0.23590131283305
-0.334565170919565 0.320433271406691 -0.0472841180300075 0.171222087892044
-0.460634870213428 0.155975803286769 0.000436075773538834 0.158529670827004
-0.433741738800727 -0.109433216160607 0.0537656331421582 0.245449455258095
-0.29598794987607 -0.244772227471209 -0.000916865761582301 0.333111755402146
-0.253599538144163 -0.335135167626487 -0.152177291200404 0.368218993405767
-0.144051381500773 -0.436115913352929 -0.112335760049353 0.356292938168397
-0.074173699787901 -0.147974082992884 0.0293399567927115 0.42885484512203
-0.0476358797136717 -0.00994126671183185 0.237745971353327 -0.023631515267431
0.0277809811158426 -0.0226387866839388 -0.0556494467111682 -0.165940642947358
-0.0539328957480604 -0.0716214567184448 -0.210848666435918 -0.0667869308986777
-0.127728368980718 0.0188311347812189 -0.245004357042319 0.111181988403748
-0.106768344134743 0.118426867406611 -0.230659594709896 0.236380732020607
-0.0714354869466047 0.186983113246334 -0.24122664706024 0.364341543350589
-0.0834044908201252 0.225456507689879 -0.210926531693588 0.394979472773721
-0.134950145641362 0.227699215708076 -0.194398091917133 0.346942911618732
-0.227171453723976 0.173550356617635 -0.15400705966988 0.255392165193877
-0.292542852696789 0.0352005415040507 -0.115478396468068 0.198337722450451
-0.218130695653036 -0.124481655247058 -0.0441950676108433 0.231142523990544
-0.11227311403084 -0.130170551862357 -0.0490549093352222 0.341533721221904
-0.168931223343049 -0.164140983867708 -0.195935485594532 0.396692241706886
-0.131605715755813 -0.259283264041669 -0.137545764603205 0.451606599952067
0.104118458413497 0.0100557537602586 0.0732526565529571 -0.462738088248262
0.0494185343109344 -0.0693059550722454 0.194078278466567 -0.375501122085688
-0.0363351265587674 -0.044237491432722 0.0407628983211781 -0.363094515909009
-0.0139087831833588 0.038660326845243 0.0204508086475914 -0.163028293950219
0.0381249516725028 0.01104774628027 0.137767725005163 -0.148100801695029
0.0339004692823724 -0.0364371884500312 0.1992449702977 -0.244469159319471
0.00136401950456519 -0.0642978491763817 0.204147921953082 -0.352277449311174
-0.0142974679024103 -0.0597203992178167 0.193814492121098 -0.408104053978388
-0.0150591168012206 -0.056644897673115 0.189785842142008 -0.381625740603211
0.0101458745733005 -0.0386436416327817 0.198939282494268 -0.272565972089004
0.0454541044136793 0.00168148541190454 0.200365286630208 -0.146159222945003
0.0137183299144382 0.0508425913033451 0.177785999418935 0.0166967991445112
-0.0815213704981451 -0.00361920313560724 0.0723571231693465 0.0940711914707668
-0.00882218707100782 -0.0810796935884263 -0.0708561327279493 0.0795605275213493
0.0922310941558132 -0.0540372049861446 -0.0507253048596947 -0.264310056334253
0.104270543498009 -0.211421963962786 0.0553198724629326 -0.395267606975269
-0.00164328206004375 -0.274107536272768 0.277961385116979 -0.322595682518486
-0.134224392581375 -0.236275484213154 0.0757488172447757 -0.378458652990065
-0.208545151958031 -0.0813062430656908 0.00768788628402856 -0.157304220556577
-0.193449768181719 0.0215614708440439 0.124444712946719 -0.102197166802466
-0.142964975413283 0.079663936119213 0.21323561822184 -0.20941733457753
-0.110562900364021 0.0968073115245751 0.195825531204477 -0.337932256498743
-0.0919234263686056 0.104449622277682 0.170172933461796 -0.395276934255571
-0.081845067235469 0.0784345055687336 0.164450913165848 -0.384317618945365
-0.0709821076019771 0.0698328688467934 0.189464985391082 -0.292949220287564
-0.0492601259315479 0.0617235339287452 0.208174500278307 -0.165544022565014
-0.0616484069412162 0.0414158801407338 0.192437198923788 0.0234572271450731
-0.122678630279166 -0.036284934413172 0.074263543927121 0.0998158964288919
-0.0517750525607653 -0.157006207531327 -0.0631095438500919 0.078868333385015
0.0634586580559388 -0.190143827407182 -0.0682857077694308 -0.236081866371875
0.102271031326951 -0.404153357778308 0.034193191128642 -0.243665902419268
-0.0457327554505431 -0.441844593426515 0.360798207241427 -0.224435318187169
-0.200932161429079 -0.39172389842825 0.107309918266987 -0.395619803708578
-0.35692047120581 -0.197442987681894 -0.0477167768806296 -0.182795021026923
-0.390061292231993 0.0154199823978823 0.038931204403571 -0.0587289491234856
-0.300948602855954 0.173252289651011 0.152959335963421 -0.139346857296527
-0.206804621020285 0.235026176101161 0.136495868466989 -0.263853516632414
-0.155710280657407 0.253114747718236 0.120129866187978 -0.319329803246014
-0.137180908600806 0.216190761768681 0.129815304608376 -0.337992639175995
-0.147017440808057 0.197715996693152 0.179840640208058 -0.287433037545844
-0.164878698820836 0.150029659597046 0.222941815099486 -0.174470557578684
-0.182263115941984 0.0492931882094177 0.224504395538937 0.0385181320967645
-0.207301702552971 -0.0795859299693838 0.0780757560141558 0.129442041165299
-0.122793058662804 -0.240012255628538 -0.0774981810785097 0.0992069870421999
0.0107652296274796 -0.317027023176875 -0.0867366015664272 -0.178429752519487
0.084247106996156 -0.516069433365528 0.0145361177833268 -0.0414135582690043
-0.0819618676922387 -0.510839608252236 0.41922418642406 -0.111417457429967
-0.229128502607126 -0.44584647456579 0.113395467199027 -0.392695730035459
-0.423919700676062 -0.252457955234529 -0.126649963650926 -0.206924092727359
-0.494432190785683 0.0201002003583347 -0.0843081316126132 -0.0184595054302718
-0.389569536232935 0.239963538840516 0.0406926118130484 -0.0502155021483697
-0.260147594803092 0.329338829029237 0.0418342948962605 -0.14331078315876
-0.196031985081461 0.365057720436627 0.052792462508721 -0.192461491493782
-0.181094214913773 0.337788040160103 0.0900255656198213 -0.238743211436409
-0.222750889708877 0.324066472868381 0.162111605399922 -0.232714157224088
-0.295824715204382 0.249179397464736 0.224487600741619 -0.147631595285765
-0.339634168934565 0.0660530304579236 0.247133044306507 0.0708730896616021
-0.327300739122383 -0.13296347477553 0.0846544881535592 0.176621663295571
-0.216077150673367 -0.324922761875384 -0.093001811214077 0.14911071711498
-0.0521573922917997 -0.42500917930173 -0.0973457528890569 -0.0824573030448542
0.0460458941894007 -0.524412875216797 0.00432706863320672 0.160620201703585
-0.105091965542964 -0.452053000833709 0.431657542749091 -0.0251166018199214
-0.19900842004416 -0.374538034740939 0.081230133239845 -0.358072737248071
-0.379365060208431 -0.226595815678477 -0.197593469900057 -0.197857417051514
-0.473336513940145 0.0396893432552483 -0.192291865176729 0.0246624975943486
-0.383501130607369 0.265375120422451 -0.0778458808245069 0.0455919925550571
-0.260434208520423 0.363175911769307 -0.0607684553484021 0.00325010294378245
-0.20443939302283 0.420252778047348 -0.0212087178196527 -0.0324790505867288
-0.210453405168117 0.415010085003021 0.0377558429632594 -0.0917932935243508
-0.287497415878635 0.409512722784238 0.123454728462396 -0.119593777075277
-0.41484129316086 0.307369569680139 0.194146038268755 -0.0657557391967064
-0.476847406021674 0.0554234981320661 0.23464192900533 0.12835323831099
-0.41917216726989 -0.192038269425042 0.0806260682146682 0.232502230162733
-0.289203784606336 -0.384835385139122 -0.101123586408263 0.221038745454769
-0.110710692273469 -0.489335408111298 -0.0974932074936801 0.0513766873947138
-0.00337266803814109 -0.436662839518894 0.00830231183811884 0.310446959727621
-0.099744608330651 -0.299565704547025 0.386223749329021 0.00563110751128252
-0.117765557896247 -0.230399444373922 0.0233070188171961 -0.287037795122817
-0.260702615300505 -0.159184913704726 -0.231381073494287 -0.149102986854014
-0.363797741308802 0.0515102916840851 -0.245722998724827 0.0683059485056276
-0.303296294682594 0.24721278408252 -0.161337481469965 0.129606565336132
-0.210126717372366 0.343714610310906 -0.143109456366326 0.148777246414783
-0.183394901265899 0.410884049211281 -0.0924142688811484 0.133169086168661
-0.215900619285957 0.423664154292136 -0.0269382262691928 0.0756632564272209
-0.323758411429596 0.410699466100355 0.0562229336423495 0.02626970440603
-0.473788093954248 0.277285229815767 0.118825947043772 0.0513945787435172
-0.516889235009204 -0.00568912991362841 0.166467718736969 0.194644206036218
-0.411820264954544 -0.239380689715748 0.058324179592939 0.28338116130243
-0.298996449457188 -0.387943898092386 -0.107288289627954 0.296330061692825
-0.143235602930769 -0.487763864252879 -0.0944528153623512 0.203564166933143
-0.0477202207055418 -0.290355794326296 0.024268851094384 0.389004755857581
-0.0720887184326321 -0.132349366623838 0.300975904923307 -0.0089485070631128
-0.0307622396527538 -0.100388064580059 -0.0349334902701834 -0.210161056291013
-0.13863493338207 -0.100220115876668 -0.223341607641056 -0.0876886009256669
-0.229195765352309 0.0470560291133149 -0.243129736922293 0.0990393653500716
-0.192786027508933 0.191901180081805 -0.198696108856317 0.192629238270151
-0.134203655043848 0.277270456772412 -0.191941260561258 0.270982398090257
-0.133618665952179 0.339407359241427 -0.14809078563025 0.281404722414978
-0.185236927749722 0.354766788055407 -0.102828258434011 0.228963405066308
-0.30202859269579 0.319780402010173 -0.0395472346825046 0.160893018477145
-0.43070092264468 0.170945788414278 0.00675707258376683 0.149984912401055
-0.421400046113475 -0.0859772543876975 0.0639627195391629 0.229271680435451
-0.289702747661453 -0.229343831976725 0.0153559202582555 0.311017621486374
-0.244504808632941 -0.309466046989443 -0.125635021398541 0.355956315218581
-0.146146347335274 -0.398503338671187 -0.101012956903868 0.343025577312953
-0.0746456833414986 -0.130623905331707 0.0456424271731088 0.403754110388522
-0.0372227430598343 -0.00796007232697338 0.210482080814282 -0.0372938615619203
0.025432783124267 -0.027765286557068 -0.0652738663344356 -0.148238249062713
-0.0595621674970741 -0.063738639205423 -0.200917531675568 -0.0492083318884134
-0.118389980438057 0.0276003055988943 -0.223728146454385 0.115773127661536
-0.0916245953645025 0.117814230847456 -0.207439721057597 0.234277598444526
-0.053993903292027 0.1777189285608 -0.2095649614809 0.354915673568953
-0.0642514557401498 0.214202539885694 -0.18345217903944 0.386248621252151
-0.114325132703443 0.221574316031026 -0.17219944098799 0.337548010914929
-0.206271467552734 0.177644108959265 -0.137066721340138 0.244537872509067
-0.276460672853387 0.0504735763867241 -0.102343239268481 0.193684974761111
-0.217139841916358 -0.109866709723981 -0.0318108380303143 0.219040301324924
-0.109748777821999 -0.126377543227608 -0.0306483482953202 0.320727868590561
-0.158317094456097 -0.147879720137979 -0.166183673885079 0.385414199262104
-0.13086354978174 -0.231700252214839 -0.121305332486488 0.433824418802242
0.0980852116471237 0.00416189990981643 0.0822385762010059 -0.446899896657787
0.0410713376996881 -0.066466613741751 0.186128721017588 -0.370535637022421
-0.0360374557328856 -0.0374950182368825 0.0349541751573674 -0.344670023705526
-0.00900531859616255 0.0366522765827227 0.022652125247855 -0.15609577431991
0.0365217126183395 0.00666625615343695 0.131517411516061 -0.141962996946534
0.0299225506067627 -0.0375280185323459 0.189381642160983 -0.233139415271776
-0.00370478915404929 -0.0611978960582547 0.196427502585999 -0.336246319668224
-0.018312755337097 -0.0546021726362481 0.186465585200087 -0.391599254460116
-0.0186539540785392 -0.0513558933235916 0.180836645343284 -0.368117492407156
0.00511623737414091 -0.0370106334513587 0.188656373124671 -0.261672505087065
0.0420582909526333 -0.00286722860429592 0.188195441722059 -0.141118855068723
0.0167081888233276 0.0449776765317017 0.170601360793557 0.0110822349591484
-0.0759825117817106 0.00290006914095932 0.0720591758677029 0.0864526290781912
-0.0123052111722583 -0.0746700695034164 -0.0581833532217471 0.0762580656667372
0.0841848941364042 -0.0579648468817779 -0.0426205983433144 -0.25426517024392
0.100955630109025 -0.205618999840172 0.0645754322237476 -0.380681795471663
-0.00483608111502649 -0.262909982922025 0.26531185958181 -0.323738020832439
-0.129546740457512 -0.225991517994227 0.0664535572767759 -0.360517557478059
-0.196985705657718 -0.0790675654779018 0.0115193773757376 -0.149572181342068
-0.185929707258702 0.0176017328314428 0.120465026091162 -0.0992504517838673
-0.140022126404803 0.0737281334241455 0.20118412463542 -0.200728577670297
-0.110035160707834 0.0935519353281956 0.184986372770325 -0.321642007596753
-0.0919628758479761 0.102702229074393 0.161389510431053 -0.379507659207968
-0.0818629886957026 0.0779686585438111 0.155060513108293 -0.368377274900107
-0.0706593771833404 0.0678209427533408 0.177672439353156 -0.28263601404307
-0.0478339228461764 0.0547530417027996 0.194754668474477 -0.159257607835411
-0.0545965200038095 0.0353085415698808 0.185202434894579 0.0170522097908432
-0.113236178796671 -0.0311705411955664 0.0738147404125757 0.0910196024514501
-0.0504431667358925 -0.148219956184676 -0.0518553948095596 0.0741810835577281
0.0597003715228805 -0.186751583834748 -0.0609768786961919 -0.226765218025459
0.0987885904525535 -0.386495848129626 0.0428021787635291 -0.235296162237748
-0.043264667064361 -0.422114986859874 0.343509338348504 -0.230982713669417
-0.190763402979421 -0.376443372736812 0.0944398691451896 -0.375314053877956
-0.342231143857107 -0.19106487247441 -0.0410977965526255 -0.173881555010463
-0.375654108693373 0.0118698379408073 0.0395927380344642 -0.058081173391909
-0.291108062503536 0.164745816695519 0.142965351003948 -0.135629424532202
-0.201732661675793 0.226295578755847 0.126294360011782 -0.250683464202517
-0.151401228025436 0.24431715444805 0.112822585922907 -0.305042240508876
-0.134335143499975 0.209517566585672 0.121222264670068 -0.323645952527093
-0.142572993003254 0.191036935051517 0.167477425470293 -0.278008477581379
-0.157733336976137 0.141223536472842 0.208903776809352 -0.169256470269505
-0.172175804165274 0.0436065129343187 0.215986550294683 0.030299363871759
-0.194433419220779 -0.0762449797182361 0.0782447227104272 0.11892320813681
-0.115853540236941 -0.229541670259825 -0.0665357552798455 0.0926389667405512
0.0127802102259489 -0.306176565349057 -0.0814949670136086 -0.170949964857244
0.0830303116709517 -0.490818911247728 0.0211694045298363 -0.0411386395292741
-0.0742972578375482 -0.488467062905271 0.39585213757069 -0.12280793254997
-0.216605847550621 -0.431896484380975 0.10033126030107 -0.370423373324619
-0.406476408672971 -0.244456754957069 -0.117949367082567 -0.197151102257817
-0.476211102918654 0.0208458265609578 -0.0781967668636308 -0.0202076878009355
-0.375709357592953 0.229722965767148 0.0358966472113627 -0.0504349144569032
-0.250938803042888 0.315380484045802 0.0344630447893989 -0.135660909308915
-0.188023134358495 0.350561151677861 0.0478500788416402 -0.182347642152003
-0.175577293363137 0.325647793348388 0.0822096372765971 -0.227158793329253
-0.213552357836603 0.312895662591412 0.150991708883324 -0.225395255886004
-0.282065724136167 0.239368082577814 0.211918123836475 -0.143287190344641
-0.324888289566197 0.0613442620483017 0.239191370514589 0.0611508284856631
-0.310109733470445 -0.130929108027456 0.0838424582051694 0.164304697728151
-0.201569402474318 -0.313753273633031 -0.0831027232327927 0.140358327952376
-0.0454697492181352 -0.408021676098199 -0.0936619971854702 -0.0788628298058817
0.0463629033087381 -0.494931207488403 0.0094662990062558 0.15221844161037
-0.0931082988991137 -0.431108189515965 0.405398598462405 -0.0376918378785856
-0.185167537917538 -0.363287579384178 0.069061933350366 -0.335501250317586
-0.366955430223844 -0.219055513221014 -0.186916975455123 -0.185956418769619
-0.455884172765449 0.040414237316466 -0.182627688097262 0.020836855467035
-0.367052067393809 0.255496732956512 -0.0771638311598276 0.0409511416452593
-0.248747880996293 0.35072082279507 -0.0629204917638267 0.00398292880626485
-0.195041181411904 0.403312480026682 -0.0229181957090228 -0.0288599819564692
-0.200954687692163 0.39980034925539 0.0332578426739741 -0.087193905831295
-0.27368370521234 0.393563293982023 0.115174472874885 -0.117295899923241
-0.397559161058172 0.295561795488795 0.184643198509747 -0.0644613001711064
-0.458379400222012 0.053674539542653 0.227322643439957 0.117007178506976
-0.400921280520286 -0.190089630978385 0.0804036238193337 0.218807821860941
-0.270047452797739 -0.371715893109552 -0.0921943656685554 0.209894883754158
-0.0972388245894656 -0.467787148021578 -0.0969278018745643 0.049294218605884
-0.00188692866651282 -0.409998825369362 0.0121103367583275 0.295723360765097
-0.0867363455009972 -0.284549951932698 0.360455721862859 -0.00694548631962129
-0.107442038022523 -0.226641163521018 0.0128096739009931 -0.26963683925351
-0.253011695065244 -0.154071544315059 -0.218658261520323 -0.137003870524881
-0.348375620562427 0.0541119199863391 -0.232091274833197 0.063740448053742
-0.287957851767328 0.239039518543892 -0.156642823423573 0.123610234795056
-0.198662469679289 0.329664810523381 -0.140102701363921 0.143676722732467
-0.173256883831928 0.394467373378693 -0.0890333838901346 0.131189953895896
-0.203707350078484 0.406844769154481 -0.0285008998704468 0.073788160281751
-0.307962667642692 0.395640468500292 0.0504393289788229 0.0227802048418206
-0.454921362324334 0.26981674659135 0.112053022267682 0.047509699536654
-0.502146980725305 -0.00436178600867204 0.162646000362366 0.18101739945781
-0.396375645778804 -0.235886579640111 0.0559297076863793 0.267480834480414
-0.2791831976031 -0.374733874181286 -0.0983707711041202 0.283297198773494
-0.127585739074424 -0.463848633889112 -0.0964571213737208 0.195301145781721
-0.0453062706911993 -0.270287681381237 0.0264018188602931 0.37023839467202
-0.0604614860049734 -0.125421419609199 0.277100189610734 -0.0153775489273247
-0.0261651816181292 -0.101619923991837 -0.0394516177060694 -0.193508307007478
-0.136723855828532 -0.095417226131752 -0.2117087846395 -0.0781346518140165
-0.21910483507609 0.0492320191257912 -0.229465554981431 0.095763768067273
-0.181323742402324 0.185144663297571 -0.190825784252189 0.18429555256188
-0.12550467022802 0.264070388085057 -0.183263024908642 0.261596896751375
-0.125073804023748 0.323836411172474 -0.141825425671326 0.272222750063788
-0.175460408517373 0.339962231100332 -0.101336472791282 0.220542839012496
-0.286679592251169 0.310359614382714 -0.0410381809739568 0.152755862092492
-0.41310550302395 0.167274248719021 0.00579246474908324 0.144223875455959
-0.411030550557187 -0.0810794778040465 0.0626297605230019 0.217890912646006
-0.278415967719031 -0.229484413265294 0.0161580708565287 0.295342859045851
-0.226581200015157 -0.298713875237474 -0.117212644605578 0.342123791419881
-0.132886312463442 -0.378706625577469 -0.104023655394005 0.330776362565997
-0.0677266333905907 -0.11915794971425 0.0449690073384259 0.38529347772316
-0.0283624789293889 -0.00809999542732049 0.19146667046977 -0.0372966569586035
0.0252471690590675 -0.0308136330771719 -0.0681097301846834 -0.135264766678925
-0.0614118134408399 -0.05849442138772 -0.190294349563515 -0.0419490733544069
-0.112801617251772 0.0318351659715772 -0.210653343564256 0.111893549134168
-0.0836865837641773 0.113944637213326 -0.19724926648328 0.22419623708269
-0.0478317621741705 0.16855765656174 -0.198685069396859 0.342059464350898
-0.0567363943704161 0.20303269720733 -0.174316617137476 0.372381394240368
-0.105876067355569 0.212427012384693 -0.165277291086728 0.32359165867033
-0.194637148924575 0.172343853747443 -0.132448529434384 0.233907257493189
-0.265095364642726 0.0529482648209848 -0.0981093714199096 0.18542239046254
-0.214171643036296 -0.105860045108401 -0.0305572215949396 0.210074296991864
-0.10373957598611 -0.130262029220645 -0.0286110217406956 0.304866155740204
-0.143691492287836 -0.141616955364587 -0.159003707860588 0.373709521235756
-0.121213882887654 -0.215069595350323 -0.126152849151277 0.41920532339709
0.0947682908942552 0.0141888825180744 0.150759038981695 -0.42621555274999
0.0439578843009236 -0.0573280305425032 0.239740082029093 -0.347773545834863
-0.030664679433908 -0.035810422135275 0.0828158476739787 -0.332597310743973
-0.00982534403647077 0.0346810367486755 0.0448119734881621 -0.149243641797169
0.0355631345736287 0.00949863894906457 0.146062392617704 -0.120842993359922
0.0303488178426469 -0.0342684965365924 0.219704507425813 -0.198845156960776
0.000764163672271025 -0.0622119605600331 0.239730487670576 -0.299990816621701
-0.0127992210564848 -0.0563011292547048 0.245318006084786 -0.355135633615907
-0.0162129375251492 -0.0545930797942496 0.233451186532558 -0.331551456781843
0.006581042426853 -0.0375803187045053 0.22299021978937 -0.227854287620317
0.0398833007585777 -0.00409661215993249 0.203753900881754 -0.109951242893404
0.0132997367371365 0.0406047818947071 0.165679959129282 0.0328609640358334
-0.0694871550805533 -0.00314551224409348 0.0605217545560933 0.0935608975002236
-0.00335815979045437 -0.071603939477706 -0.0605689745980009 0.0680830836177666
0.0842477495571932 -0.0490880911601406 0.00514694558494633 -0.258332346027496
0.128092260582114 -0.188989013725027 0.136576870169752 -0.353070127788474
0.0327167199327184 -0.257447220773286 0.319958029356857 -0.288350653100043
-0.0925009523791245 -0.236293078922177 0.126135854055449 -0.341457668225568
-0.17474799803037 -0.109208311234137 0.0444993426200346 -0.145244140908436
-0.181496185697854 -0.0174398863871161 0.139662894992707 -0.0844127347522916
-0.153369492254567 0.0465605396153422 0.228995901641048 -0.174949916850782
-0.128545157334453 0.0732343389054896 0.228433013712365 -0.29109683927515
-0.110752922891092 0.0854442558076895 0.217923920277477 -0.343849270704442
-0.0985394340391372 0.0605494185058556 0.208305048087852 -0.336625114033421
-0.0818883268683325 0.0517446552252034 0.21656213103576 -0.24861585680762
-0.0553032921444048 0.0379397144736589 0.215085003122721 -0.126387055591424
-0.0551160514204734 0.0189982000704597 0.181782952431914 0.0417302131113062
-0.0981154182185793 -0.044150998599188 0.0610028106283147 0.099548879151916
-0.0247620210965461 -0.148577432395318 -0.0577051535579977 0.0665585308428118
0.085363377934724 -0.17660313464205 -0.0194991393788057 -0.233410928571666
0.152574395028415 -0.363008825169421 0.104564349482823 -0.204999352094469
0.024980497299339 -0.417352260328823 0.389362267626981 -0.185228656596379
-0.126902152054869 -0.396721314262733 0.164174437166243 -0.349300192747165
-0.297930498827196 -0.243661780691655 0.00462395104716072 -0.173131807300962
-0.364094228656989 -0.0538432275037251 0.0642294508184725 -0.0593115163906581
-0.313645084974968 0.111451824480427 0.164424683851706 -0.128665794372488
-0.239290133594488 0.189048030851784 0.160734794557719 -0.231848389638732
-0.190788508379322 0.215350671010618 0.155764896560483 -0.278977759414273
-0.169446628399553 0.17923210701747 0.168402367803333 -0.296494342996578
-0.170538277411832 0.159881039330244 0.207535358942738 -0.245389611088868
-0.174720706043581 0.1053725587878 0.23308653164662 -0.13245744749361
-0.172321566431962 0.00703337896973398 0.213331070728339 0.0594372192340278
-0.169364291484997 -0.104059359718821 0.0608425657639462 0.128929450927958
-0.0711302425955923 -0.239916500887464 -0.0775360342863683 0.0839720834727795
0.0640082872217029 -0.297130905993042 -0.0525036009964562 -0.181626248863469
0.150558573644519 -0.465091879467948 0.0614339548793439 -0.0135381864027889
0.00598433559364169 -0.483255713549952 0.427261449300315 -0.0695749792516396
-0.14178694241226 -0.455365400654365 0.171870156619632 -0.342620421394862
-0.354221407174898 -0.306332935364166 -0.0620744385405595 -0.203761658691786
-0.463667950923263 -0.0612182794404666 -0.0513272169668861 -0.0402406982646446
-0.402762890010965 0.162017769210023 0.0462136571186334 -0.0658314325826998
-0.30004737804213 0.270682706873412 0.0547959189747052 -0.132720360292664
-0.242009735758946 0.313863992595632 0.071632735388831 -0.168706628452283
-0.22536329281908 0.285829719504713 0.114991253665576 -0.208163776687017
-0.256559215841003 0.268614701838134 0.185280712907365 -0.195803763713564
-0.310203402357768 0.181984160773544 0.234836929037973 -0.105210308592199
-0.324877742551163 0.00107645346045175 0.23382952716089 0.0945144680368238
-0.273610325386413 -0.178881113163266 0.0596112118919472 0.176041192553813
-0.138359754274515 -0.336389590504628 -0.10412644504802 0.130615200609468
0.0291530447067706 -0.403997781879657 -0.0835928296477631 -0.0902883509990911
0.114206624542305 -0.472925935022063 0.0242417080127458 0.172356432692403
-0.0191662124675913 -0.429612481623021 0.420206671899389 0.0145534135384981
-0.119685104860421 -0.385197605137148 0.132053142513687 -0.310829049873639
-0.320014889512932 -0.27614340529471 -0.134468083687018 -0.201726311205599
-0.447964649802772 -0.0377235166870945 -0.160486044986916 -0.0142577992164711
-0.397125469983269 0.190702983424178 -0.0802997199954593 0.00692755312602783
-0.301069780734887 0.303952166121131 -0.060880448142726 -0.00859919076596338
-0.257267993253485 0.362776742114843 -0.0215262205128016 -0.0286463275185619
-0.260437992470011 0.354030553687939 0.0458251794073236 -0.0770305552127505
-0.327812396191551 0.338896181046342 0.135931735772973 -0.0951026099950492
-0.430789817192878 0.221581858865347 0.197445581593186 -0.0303425171320793
-0.455641748981134 -0.028593126381263 0.215744289997391 0.151422531856393
-0.351899929827305 -0.253514052265916 0.0452590286086486 0.231977190503908
-0.192249873788713 -0.40582743665775 -0.125981630130836 0.200076349426356
-0.00746494776309407 -0.467714157197937 -0.111420909722963 0.0374749293333947
0.0565368545332541 -0.393069245183674 -0.000191874893913906 0.306081619914866
-0.03332733239559 -0.286244020701977 0.36141924246524 0.0385288422671462
-0.0643721123285701 -0.24001156565961 0.05835732820346 -0.253398011052816
-0.222238425345865 -0.192700906943154 -0.176690451504407 -0.159350798668747
-0.344792370145668 -0.00568445903599213 -0.21904425791302 0.0201957015388777
-0.314841596409182 0.186691353287144 -0.170950018314463 0.0799700035789946
-0.245991668412601 0.293411375420786 -0.154779320313145 0.117411844884714
-0.232106943839962 0.359065510896397 -0.110984204165897 0.117026047213322
-0.261859382764562 0.361479084678454 -0.0402885246239175 0.0704051737623175
-0.35962659750884 0.335422358921837 0.0504015002846212 0.0338258905172744
-0.481357836848482 0.189140347168611 0.109590653578771 0.0711420895443483
-0.489657451887097 -0.0899487838179864 0.142298228604435 0.207047829298319
-0.340484234781892 -0.297955653887612 0.0152511361906137 0.277557634916292
-0.197756558227003 -0.409522457073261 -0.147176403561018 0.272973904045938
-0.034665623766753 -0.467421579107115 -0.13894445674185 0.18391465382838
-0.00622685107133747 -0.262102212188857 -0.00582691502246726 0.371896378318197
-0.030632678943413 -0.128470115242566 0.272023026886947 0.0168960440626341
-0.00456094009494695 -0.108510644594718 -0.0117237748068479 -0.18759122480602
-0.120485001796958 -0.114128788106498 -0.185453593226959 -0.100162562768742
-0.219652737696448 0.0139013251335682 -0.226397143214448 0.0557295775565754
-0.201381287086466 0.153478555652636 -0.214931955159455 0.140276342853841
-0.161936358615727 0.240545320311706 -0.213777661086935 0.227399448343183
-0.171488146136289 0.297438398294891 -0.183303078848172 0.245792229850838
-0.220323582630521 0.303556524551012 -0.133995081408082 0.203262938266765
-0.325871107249189 0.259036193813415 -0.0615247833861485 0.146937407661274
-0.426255096631784 0.100033977142096 -0.012240596636326 0.148612923791657
-0.390100973339587 -0.148086330359433 0.0336546505307685 0.228249004142907
-0.2269647838855 -0.273703836258676 -0.0325262767541333 0.294628381728721
-0.156305887788348 -0.326155189915519 -0.174763594123123 0.326206373702106
-0.0550537292900431 -0.380436513472923 -0.170656035574836 0.316216957244962
-0.0487592104066314 -0.12056187418294 0.00217043049847905 0.383210120047849
-0.0187155810240043 -0.0119216318674617 0.184961500345063 -0.0140090786632391
0.0313456781208293 -0.0314489795606484 -0.0518960275019252 -0.134717283975575
-0.0530197709869054 -0.0645477676490604 -0.174710345324499 -0.059928777670672
-0.114668560754486 0.0138912636136687 -0.213989867300405 0.0796949413759606
-0.0948115359980619 0.0991110321779974 -0.22662365136205 0.184918014842721
-0.0685050442222003 0.159075008620617 -0.238197009712686 0.30786822877171
-0.0851380897927934 0.188562227490971 -0.229154321771491 0.336775436606634
-0.132343031107605 0.191349337476663 -0.214995703029015 0.293414322833159
-0.21454468843158 0.140231451294698 -0.166340897862183 0.211287859826203
-0.264566990133348 0.01476625739916 -0.124641826686717 0.172535140599354
-0.19372971194227 -0.137890040356635 -0.0622384435765349 0.204540758540889
-0.0734666173419824 -0.148374983752252 -0.0785579040534005 0.293453094417301
-0.103488342408795 -0.156220880105429 -0.217904437810526 0.348594562157163
-0.0730557598933148 -0.218880823034932 -0.207743684914333 0.400916065010482
0.0962162410464909 0.00920148906952619 0.164898552498473 -0.437437356888844
0.0390130996647917 -0.0580793226176208 0.245896630629378 -0.366819494524413
-0.0328767836131541 -0.0320211453636983 0.0823575105681087 -0.336360381204107
-0.00619042663981749 0.0351164927120661 0.0494885209475255 -0.151400068669992
0.0364631090014542 0.0058879231996992 0.148909149121769 -0.122249470346152
0.0277200852405644 -0.0369816197873665 0.223563738606703 -0.200957321011422
-0.00392700919870408 -0.062175508058904 0.247794771956675 -0.303943854949846
-0.017138635643988 -0.0545166822141079 0.251474881714431 -0.36260736386179
-0.0202259799169691 -0.0528788703053568 0.238910053606354 -0.340465068001795
0.0030255090694384 -0.038537639151898 0.225940832325943 -0.233198786720881
0.0386839110148018 -0.00922472507781583 0.204345230273723 -0.113487592152706
0.0180194952190691 0.0380381522805656 0.168900080955212 0.0298946080723951
-0.0677322090577273 0.00184904764172806 0.0649393515284396 0.0923548924673506
-0.00735001898271928 -0.07108525706192 -0.0506191245048497 0.070446584992443
0.0824449776293067 -0.056300110716639 0.0106581021711032 -0.263736935062443
0.133567431746825 -0.195929338007422 0.151629095662829 -0.362383664043357
0.03237566341317 -0.263399848428467 0.325072633178143 -0.3087281497739
-0.0954207025492122 -0.240134865643349 0.125629450057612 -0.343451585509479
-0.175946334156324 -0.113495528974745 0.0505534321375832 -0.147229449305738
-0.186052067266136 -0.0208493269752425 0.143175127864778 -0.086976716744891
-0.159627119346746 0.0447888345714658 0.231590871213465 -0.178396915577598
-0.135986479048855 0.0754610113630327 0.23229101529764 -0.293415543795196
-0.116337349813472 0.0901616711091921 0.223184974562134 -0.350607067056606
-0.104784800367322 0.0643809833754605 0.210223787676363 -0.343984457038721
-0.0879279797284739 0.0533039059433468 0.218802965845678 -0.254750898217009
-0.0580707366695616 0.0346915749592166 0.216067221810627 -0.130273353700776
-0.0532219418299029 0.0145438217449454 0.186055217801673 0.0361783730586899
-0.0967660581989227 -0.0422021382897198 0.0654266674792937 0.0975204814393758
-0.0259063241060587 -0.150154336676105 -0.0491973554087428 0.0670055576249951
0.0868014002211038 -0.184057370579673 -0.0164582341442709 -0.238294622345325
0.159013651050661 -0.369765633598795 0.116812830873155 -0.210756001820889
0.0279479243198299 -0.426085544467732 0.393845248751519 -0.204953520198501
-0.128276456639491 -0.40760323599958 0.16134086196216 -0.349980017010493
-0.30446542091942 -0.250685206124569 0.00975465364473366 -0.175052491930317
-0.373958127926613 -0.0572167348720041 0.0670007407555266 -0.0630380466610239
-0.32391476336114 0.111574829839292 0.164920098004609 -0.133211887265868
-0.247680105587117 0.192996842990583 0.160462420308285 -0.23328111716096
-0.198174340057962 0.221414815164577 0.159182161176571 -0.283517889780891
-0.176023214275738 0.185634210193213 0.169510456474887 -0.30311633906724
-0.175925509579595 0.16476050485834 0.208330007938564 -0.252172658986603
-0.17952864305832 0.105281564366013 0.235116629481521 -0.137038097513596
-0.173093882806006 0.00382895257763032 0.218728874580402 0.054699699442736
-0.167623608964131 -0.106299623135213 0.0650340841316918 0.12722701807191
-0.0701917312470402 -0.244926444224408 -0.072498350327261 0.0829785033927194
0.0686969810067777 -0.305948225528798 -0.0522338123247162 -0.18488455515822
0.157260259951622 -0.470165422840054 0.0695268871756593 -0.0153987049737581
0.0133541548923899 -0.493432444648337 0.430047638224594 -0.0867888589314566
-0.139707770554608 -0.46982652655186 0.168345497391127 -0.343350022654071
-0.362302275991456 -0.317576900845856 -0.0597062396372682 -0.206412882691667
-0.474318694048202 -0.0651027073464101 -0.0512197107313736 -0.0446734829758356
-0.413774655311849 0.164148489942868 0.043374233752406 -0.0700004794687291
-0.31022110453946 0.276535818790393 0.0502583763359035 -0.132134888391958
-0.249791937859249 0.321077952716667 0.0714453612720253 -0.170167639788141
-0.23301171492322 0.294175868347642 0.115533700933583 -0.211051316048519
-0.263684451394687 0.275567397130997 0.185421287886233 -0.202009629165713
-0.317471170636089 0.185184812284719 0.23802889737656 -0.109722166592498
-0.331830801202927 -0.0018798067046641 0.241490533057725 0.0905427393666504
-0.27618826993646 -0.186330260337882 0.0624652171449469 0.175276684541737
-0.136017310438127 -0.34554798630679 -0.102117186014399 0.130707553583907
0.0367967034120593 -0.413383667260754 -0.0877358578639402 -0.0916540946734598
0.120189417348605 -0.473531874718538 0.0281973950253167 0.174020586780086
-0.00988069824035792 -0.437126805783674 0.421654080310257 0.000681581440108715
-0.115230213121184 -0.39798614150524 0.127649553162053 -0.310305244142836
-0.328967164477456 -0.286133684509093 -0.13210135143336 -0.204308508077382
-0.457842082427956 -0.038098295758188 -0.161909614407894 -0.0177077298432575
-0.404843747600256 0.193445623675665 -0.0860439642578882 0.00480751920220041
-0.308244498905651 0.310748633813556 -0.0679453116788558 -0.006705884756717
-0.263802157659458 0.371434612433011 -0.0245602791854301 -0.0277427879773461
-0.267982977662399 0.362588862047797 0.0448680057977175 -0.0776942142898777
-0.335057424088581 0.347904752384121 0.135173516422965 -0.0995210136339934
-0.440601677452138 0.226723363847962 0.201081446394627 -0.0325855276629947
-0.468926416595731 -0.0303834423106866 0.223474271472402 0.148225532839523
-0.359128848220756 -0.26579289835469 0.0483716987962832 0.233286557125753
-0.188567096515791 -0.418372546648918 -0.126490189540238 0.202050879680103
0.00172913327006968 -0.47837624347258 -0.11904969459963 0.0400458548777439
0.0594998855408231 -0.392593719215799 0.00216286265557438 0.310099103763119
-0.0232605275977355 -0.290286497465437 0.359053094979312 0.0298884609530291
-0.0591352842243536 -0.252692319192285 0.0536287035286083 -0.250266601180245
-0.229021395925693 -0.198604397376569 -0.178091367473607 -0.158531926940957
-0.353648395869869 -0.00313879152736382 -0.221943721631528 0.0195985661627323
-0.318557623416923 0.191994657237816 -0.177366342127891 0.0787164155578338
-0.249434855427654 0.299047183295876 -0.162307893500787 0.121206053996797
-0.236176473935093 0.364510361476351 -0.115195059165647 0.12163716421533
-0.267251784069929 0.370801015935106 -0.0434432650719668 0.0734476413702189
-0.367700237344986 0.346156938370258 0.0481249378229153 0.0315681911487219
-0.492487861329022 0.194017112094909 0.111367583218275 0.0715337806633339
-0.505707128666825 -0.0929795615990154 0.14919649722712 0.20798521791649
-0.348339851514299 -0.317335203654282 0.0146381676838542 0.278449217465436
-0.192181009057293 -0.422824217097195 -0.148484412935768 0.278432822528131
-0.0250929061357163 -0.472079618042452 -0.150068187340296 0.188935129789273
-0.00238653290009071 -0.260647592347138 -0.0050482488279894 0.378821245977996
-0.0217662381479084 -0.131415133742658 0.26672555237346 0.0123428845976784
-0.00049612969687924 -0.117214111061115 -0.0166620049615628 -0.183522036958507
-0.126277571706319 -0.116324665108813 -0.187261508718574 -0.0975276395747114
-0.224024831767908 0.019279424354434 -0.2288831242499 0.055776915453091
-0.201813728377989 0.15775769826419 -0.219721274766073 0.141682309302695
-0.161881783572387 0.245165533666948 -0.219848502318073 0.232644694362954
-0.172240339981992 0.300661256713065 -0.189346732895484 0.252010061621404
-0.224711302131026 0.310191642888241 -0.139020419451095 0.208326853411893
-0.332100807640875 0.266450732165453 -0.0649010779127324 0.14904164136453
-0.436444535676989 0.104592183668949 -0.0126536749951781 0.151822677275562
-0.405251041906942 -0.153019125449023 0.0366997855495974 0.232081812832121
-0.231804982282152 -0.29081499342059 -0.0332541676471032 0.297078815343841
-0.150592214201139 -0.335103112026817 -0.179808881272747 0.334501118280114
-0.0456147053403741 -0.384795669689163 -0.18378986006333 0.325408985257657
-0.0476541382850167 -0.115710221337626 0.00320487121208411 0.388023156741295
-0.0119654516385164 -0.014376863443181 0.177752006972238 -0.0165767436116532
0.0333671512059783 -0.0384515476085916 -0.058209294001433 -0.129900637276177
-0.0582502513438992 -0.0635192809164923 -0.176728519576562 -0.0572200545936376
-0.115463784764047 0.0186764623639236 -0.214746579046062 0.0817342735760771
-0.0922312406379276 0.101843595810045 -0.229616597966752 0.188935191870496
-0.0651435582132564 0.160623434316555 -0.243004459884044 0.313332413557305
-0.0826368341525456 0.190706756560791 -0.234240732556315 0.345952886025855
-0.13160948853295 0.195598827296751 -0.221469532746283 0.300275998993
-0.215700084581622 0.147598056108299 -0.172528128705827 0.214885684386591
-0.271671516426261 0.0189931972860629 -0.12685186148786 0.176502505905003
-0.204701298879751 -0.141799339923825 -0.0631199499537038 0.208762587535603
-0.073676168380819 -0.161472668101475 -0.0794901201255782 0.295457183291252
-0.0966743945399682 -0.159991416440495 -0.223852458476918 0.359445053654721
-0.0690052305612007 -0.215616794860637 -0.221738638382024 0.413094445607718
0.0987822698470299 0.000152505423572176 0.167801582814172 -0.458034462893324
0.032381745881048 -0.0601243894913197 0.238832655890048 -0.397036628207548
-0.0364081145837385 -0.0259955738324883 0.0707811789870816 -0.345352593168508
-0.000819036316993967 0.0360373091747847 0.0484989539170056 -0.15708517478106
0.0382664249888231 0.00130317064281324 0.148524770397104 -0.129623534069252
0.0239602240655429 -0.0416714571684207 0.22131035187172 -0.211606244163595
-0.0103586505174674 -0.062635386384894 0.245338344438162 -0.317931250126653
-0.0230279509442161 -0.0532863033325785 0.249053382679499 -0.382710536498897
-0.0263050805932654 -0.0500784671977691 0.232057652410179 -0.358199687481399
-0.00267013016620148 -0.0395449672261268 0.221380826906291 -0.248197630481528
0.0365428612056026 -0.0154133419842492 0.203251747005354 -0.124316807391828
0.0228070889683688 0.0339586757050648 0.173863382633825 0.0191908874171403
-0.0664697732212109 0.010701866390826 0.0725304002221529 0.0886169388319343
-0.0139678647222568 -0.0711223667023098 -0.0383578236773367 0.0735513779667499
0.0780278231760494 -0.067221710817413 0.0061547867312689 -0.270931532588404
0.133279490420643 -0.209736587302666 0.153959388955625 -0.379351362969825
0.0221354207271721 -0.271574572932378 0.319208134147191 -0.341823894220913
-0.106003408609112 -0.241791623000488 0.113184945886642 -0.351511957493614
-0.182098202533678 -0.111401842989543 0.0501924904829505 -0.152007798785343
-0.192089666220424 -0.0183440156443469 0.14480858115433 -0.0953504701529357
-0.166837309043378 0.0491435281574407 0.229390863391213 -0.190037605205853
-0.141671191532478 0.0828623236640812 0.228039447291757 -0.305977390937859
-0.120060752497563 0.0989044910243134 0.217267481666582 -0.368525982944493
-0.109356554554256 0.0729986985900221 0.20223659379608 -0.360266898784954
-0.0913712097812392 0.0581529365251572 0.211061598385882 -0.2707463273347
-0.0596403214667618 0.0341100090466324 0.214856284866331 -0.142352329960106
-0.0504134016290241 0.0128555210164951 0.192956412512964 0.0250553024318683
-0.0946689569383398 -0.0379504111357167 0.0735545529758835 0.0936693895027104
-0.0329648304939866 -0.151544957582347 -0.0391118389194551 0.0684840104919566
0.080767102037943 -0.196773154226355 -0.0224686446834592 -0.243750460225055
0.156053554377466 -0.385946469546481 0.121413845696494 -0.221721421862444
0.017656819862043 -0.439534705428562 0.390813743467227 -0.239437515206593
-0.143853859229868 -0.416269716189086 0.147926428498345 -0.358458514799655
-0.319682747840818 -0.251573890951298 0.00762874516322597 -0.179451331929589
-0.387328933424293 -0.0478308636040453 0.0683551995470593 -0.0699110239505099
-0.331827676577728 0.12399452604431 0.160310997808484 -0.143172371698927
-0.251626711204086 0.2086785794875 0.153282583644957 -0.240648205275187
-0.198551822602259 0.236830126443439 0.152737481617987 -0.295467433255457
-0.177923691004708 0.200168966875595 0.161055603796534 -0.316171837603926
-0.176118915461782 0.176833828027113 0.20050105798649 -0.268891478004509
-0.181097630409283 0.111902243924958 0.234705255561073 -0.151234845324019
-0.176337756516971 0.00737728194396651 0.227622161450778 0.0420506675344266
-0.171289917304008 -0.104804218238409 0.073791082749008 0.123575420409001
-0.0782744918989017 -0.249283866198985 -0.0647929901409462 0.0855937925010993
0.061693760506748 -0.319949581646915 -0.0595216214882456 -0.186560166572
0.15115718440725 -0.484022907711279 0.0772731842782597 -0.0187780733750082
0.00218308253031801 -0.506156314098733 0.431129066008254 -0.117656196999853
-0.153771070289291 -0.482343403592066 0.154183402223863 -0.352361832366176
-0.38419883319038 -0.317225816768268 -0.0649475964970171 -0.207993751288518
-0.491886317430543 -0.0497379013181507 -0.0529182888795701 -0.0467027185398485
-0.421670725076216 0.180986924709873 0.03770009228653 -0.0748766006459175
-0.310795190337527 0.294698755419143 0.0412401492118765 -0.134405601826272
-0.247209961472863 0.33861225401225 0.0662644918030255 -0.175578244647853
-0.230895735761634 0.313095867681439 0.107519267262309 -0.220400030416238
-0.260673873960683 0.294775372409286 0.17887064639015 -0.217554802246122
-0.319780258462436 0.199847297125242 0.239244328489946 -0.123534069531264
-0.341634455035587 0.0085192383900436 0.251953034708796 0.0779960899725313
-0.287267598510965 -0.187183940327171 0.0719201005049375 0.17372762069326
-0.145947831787014 -0.353872302097546 -0.0955231795072493 0.134974093786431
0.0291968295877559 -0.428336954657665 -0.0958591750357875 -0.0880475598417682
0.112758132452046 -0.483598618129842 0.0384046747313922 0.176244289719472
-0.0167757307922926 -0.445433545853786 0.421396987894233 -0.026226018431833
-0.125891253415715 -0.413652046234904 0.112329694987799 -0.314894063948269
-0.34892954581657 -0.285146020610428 -0.141146394245085 -0.202243837382482
-0.472355025392163 -0.0220800168509151 -0.166857058774519 -0.0159077291630405
-0.409285086027965 0.212888540970669 -0.0926975329583453 0.00574212439847537
-0.305063135773106 0.330700206338321 -0.0751209604170176 -0.0014686862058293
-0.257633873742576 0.390955397088535 -0.0281014626020959 -0.0261153700275343
-0.261510647449661 0.383942260989751 0.0393921148473334 -0.0803321046969423
-0.332182291966046 0.37165902207611 0.130997981745661 -0.110618274280735
-0.444520961133485 0.248683979820819 0.205135086513214 -0.0429907512840429
-0.485687632274401 -0.0163970137870258 0.236525161437928 0.139332574670726
-0.377484463179795 -0.268332831383359 0.0580574652341751 0.233572194467746
-0.200415922225347 -0.427351100063848 -0.120647084727662 0.210582639812625
-0.00699992256955319 -0.491164577615346 -0.127026004320855 0.047684297626247
0.0514705102741931 -0.397204793014941 0.0147764829592813 0.316404380467682
-0.025246590714345 -0.294465537474667 0.357334099652655 0.00861674089535964
-0.0637281243880371 -0.264413631411524 0.0402208569113846 -0.25034176035932
-0.245160083352236 -0.196840609447659 -0.185358475372432 -0.153804247752884
-0.363286304801999 0.0132776292916648 -0.225066224941459 0.0250478015053104
-0.317431308486953 0.208470852127234 -0.183382126088604 0.084822172956517
-0.243877904594812 0.315326301458593 -0.16637701681754 0.131999872854656
-0.228536962154282 0.382003392663069 -0.116184597816503 0.129706310844202
-0.26185539041638 0.390276349563932 -0.0454150842671526 0.0771996985846903
-0.364539149359756 0.372081035697071 0.0478113414242416 0.0287206509229044
-0.501327976581558 0.220829369199815 0.117620051242132 0.0672277579984558
-0.529265178295574 -0.0773920223780051 0.161353959317394 0.206151401686015
-0.368827264512554 -0.324136226147699 0.024901564090847 0.282943228584742
-0.203812407721144 -0.432976297800579 -0.143098062245855 0.290036660137049
-0.0329149096066373 -0.483458332864087 -0.155554904875229 0.203601247587687
-0.00786702493415049 -0.258390150115687 0.00964336622073545 0.38388151048741
-0.0187401089181674 -0.133626407086188 0.262010667394451 -0.00221757039749462
-0.00138522706693262 -0.127932280390675 -0.0283102742459056 -0.179675007198383
-0.137856354768843 -0.113470188256081 -0.192998191545443 -0.089433011648207
-0.227676096444685 0.0310480866246033 -0.230732622311671 0.0646704086403737
-0.197538014777404 0.169026601478838 -0.221255869758229 0.150662209014808
-0.153457678477299 0.254970912174508 -0.218874819526516 0.247818568954044
-0.164798478715822 0.311894416500909 -0.186089481257231 0.267058408268373
-0.216574300775859 0.325523814296296 -0.138911795248414 0.220132210945995
-0.329352692513626 0.288701399668238 -0.0640509378651303 0.153445300445531
-0.446646597219573 0.125935252871141 -0.00728359443224835 0.156045037606794
-0.428358439231905 -0.143121792201639 0.0463241044226029 0.235236723668239
-0.248042347286289 -0.302668306171185 -0.0246101961396054 0.303242139734066
-0.15514269472723 -0.342980301706914 -0.17388470980193 0.352003898527022
-0.0525887947768461 -0.388416890363767 -0.186870615731701 0.344554041121291
-0.0500999958813168 -0.109611378908193 0.0159152936464955 0.394268157305525
-0.00566583749845303 -0.0170079419105295 0.171227592516603 -0.0238635987861091
0.0332381626234445 -0.0473040860949663 -0.068124266263562 -0.124256014959106
-0.0654546916155735 -0.0597309614164285 -0.181699275734313 -0.0474122632112458
-0.116821766016207 0.0279787983389072 -0.215282719871406 0.0913595970578709
-0.087401258042616 0.10879708884269 -0.226737254916209 0.201039909773684
-0.0569149850714493 0.165028215254005 -0.236820278372971 0.33116358862154
-0.0754196401899984 0.196099307379432 -0.230761685880428 0.365504743333835
-0.12538553590321 0.20329879717146 -0.219109624800952 0.31692668173784
-0.21570013300056 0.161980912741469 -0.172278653782031 0.226135700405048
-0.278416914325013 0.0323336040930404 -0.124211894652497 0.18615119014152
-0.221450700123974 -0.140276475350437 -0.0579982429961088 0.217493894542524
-0.081101526935966 -0.173779372267952 -0.0726649060158635 0.301576462482146
-0.0966645826665571 -0.161282873324425 -0.219369680394217 0.380834814985471
-0.0722410814297874 -0.213024102007299 -0.22393082962901 0.436306042105788
0.0980748991513608 -0.0118981469633854 0.151903431287076 -0.472121192136128
0.0230347530802625 -0.0603746153443551 0.213397225410677 -0.422672806209519
-0.037970840563742 -0.0178747421119625 0.0480385872677622 -0.346640284328486
0.00601101286060243 0.035192446276749 0.0428770924354222 -0.160125426645294
0.0383919045147449 -0.00502880485960399 0.141039214790385 -0.137590110398148
0.0183487701189811 -0.0443715823565178 0.208512216467658 -0.221745279166473
-0.018572882367636 -0.0602351092643871 0.229649827784168 -0.329273952706353
-0.0291352388707097 -0.048563841747752 0.228011641837209 -0.39812830147195
-0.032675185214703 -0.0447599533374704 0.21210513235751 -0.373195161670832
-0.00907686572772199 -0.038448254481145 0.204460330658972 -0.26235335976807
0.0325126898982441 -0.0217315305935209 0.193043105286922 -0.136861600524193
0.0283943373998432 0.0276884569614504 0.173723768087974 0.00393674884604791
-0.0615693462227602 0.0203114437258405 0.0807235717045637 0.0808649453003687
-0.0225162644227938 -0.0674932666004733 -0.0228942396832973 0.0734653846509455
0.06834047819046 -0.0767214481514559 -0.00560515473780086 -0.271037488441687
0.123551758254854 -0.222196077144663 0.141990003224716 -0.392144442967653
0.00588546830474909 -0.273932064670374 0.295404694483268 -0.373867951560032
-0.119481371032027 -0.233432242032289 0.0892279126247169 -0.354233125747456
-0.186323294010073 -0.102335018847026 0.0456169769845615 -0.154741173321719
-0.194230790144299 -0.0112607544429626 0.138845194502221 -0.105551252697925
-0.168388111079405 0.0572047490265048 0.216149702520251 -0.202894652706311
-0.141157536995413 0.0926834113064907 0.21000434688 -0.313848721090615
-0.117657116926226 0.109097179560886 0.195463029521355 -0.380965964370546
-0.108373963270226 0.0832945549740268 0.178354531888649 -0.371885854536233
-0.0897077178044243 0.065187856507611 0.191395250425707 -0.284518062727045
-0.0597633260899371 0.0340951225443832 0.203845419835002 -0.156871546110843
-0.0471556109065487 0.0110918754257713 0.192374539895637 0.00802144649344335
-0.0915330305264106 -0.0303798664739537 0.0813840843779515 0.0854627112860632
-0.0419444501391869 -0.148040776255717 -0.026734183352863 0.0670197218049872
0.0671330481944591 -0.205115699513991 -0.0334568690194812 -0.240648597951613
0.139611040590682 -0.39567984742564 0.116556586678712 -0.230255474310747
-0.00446035902292765 -0.441418276931801 0.369531541013472 -0.27531678294252
-0.165668817079238 -0.410290678974984 0.121642485212709 -0.363111694669077
-0.333196699416712 -0.235269004207482 0.00185377653510335 -0.178684575432934
-0.392175831780879 -0.028606822031792 0.0638914315818699 -0.0757354811418898
-0.329231352503697 0.141407336836295 0.147709529550675 -0.152286320869729
-0.242874521822288 0.224231270566102 0.1361870083159 -0.245520160428337
-0.187885588783999 0.251629702374047 0.134598246416977 -0.303840324156206
-0.169126608136788 0.214021222394445 0.138766224722385 -0.324543773731766
-0.167128028720334 0.187897366621272 0.180048133495446 -0.281949490339024
-0.174965009726344 0.12051706269573 0.222852754810247 -0.167784771654727
-0.174273858365728 0.0134871192041562 0.229479865928126 0.0224405720782999
-0.173208663203367 -0.0965791953220747 0.0833798539982858 0.115302421821417
-0.0905776549032177 -0.245552076904228 -0.0540886735645694 0.0852588716500017
0.0455012792303494 -0.325996931831603 -0.0699407064711871 -0.180872164922887
0.130418645872103 -0.488575368520763 0.0813519001250669 -0.025193606350686
-0.0206899819380325 -0.506216301564151 0.414686830380985 -0.156517093622383
-0.178712610329894 -0.479103086504379 0.126377341793546 -0.353693263041798
-0.402639607070683 -0.298272601506783 -0.0732750090954128 -0.202028671292478
-0.495990435541489 -0.0236875487019062 -0.0554637549762119 -0.0473795485665256
-0.414363675643724 0.205564167403311 0.0281105281778292 -0.077890892901417
-0.294702891888485 0.31333979936611 0.0285667007050406 -0.132555940075532
-0.228858707281274 0.355280087153793 0.054049027945305 -0.177189071557018
-0.21508305618127 0.328263114608758 0.0914882542387967 -0.224796341880325
-0.243615346490949 0.31156285411424 0.161303091162238 -0.229797183013752
-0.309915192598612 0.219368761271377 0.229946603124773 -0.140430852171757
-0.341407791458325 0.0256473276629755 0.257195925321424 0.0569573035532348
-0.295809404626345 -0.175518566977057 0.0833915422888795 0.165073973280163
-0.162127500475189 -0.347214588505448 -0.0846631001833752 0.137480601932022
0.0106496811001542 -0.431012622664519 -0.102863421246136 -0.0803685300486607
0.0912270613177247 -0.48193526003407 0.0519469872058579 0.171847368853721
-0.033677381298734 -0.444138154633524 0.407468834296505 -0.0626220139909615
-0.144429577999639 -0.412610694264265 0.0882080230895181 -0.312372088015105
-0.367593907119738 -0.267626521908174 -0.147946679623572 -0.191132946165577
-0.47294561789227 0.00545734980437804 -0.167006334921466 -0.0095362598219768
-0.396942699329497 0.235958923477988 -0.0969349812524574 0.00990334347595673
-0.285664256246603 0.347296973133027 -0.0813254871040957 0.00588930338196575
-0.235945778637371 0.404708083063586 -0.0314103952546808 -0.0214564702813983
-0.241112917446748 0.399665541351762 0.0319291845574244 -0.0812826071596927
-0.30921412971865 0.393539762647355 0.120862948775417 -0.119378591093076
-0.430986932879037 0.277174991824353 0.201849534990721 -0.0579633643854249
-0.488453583857348 0.0115863313384429 0.246606563619356 0.120021380171546
-0.394330921557249 -0.256042623136526 0.0724032644903774 0.226842960769447
-0.217947113669782 -0.421839755155477 -0.106905264883634 0.216314653906747
-0.0262800129346977 -0.492352693912961 -0.128875810401411 0.0588515713927994
0.0353751955279238 -0.388423300649204 0.0351446189455345 0.311701168987895
-0.0316911868720797 -0.29265617111959 0.344869117379889 -0.0189771545701367
-0.0746069962537976 -0.269070949578041 0.0210365403351922 -0.244616722914907
-0.259270486433933 -0.18346919596323 -0.191458956841181 -0.13938712397379
-0.359037941375885 0.0361136970929631 -0.223822361277696 0.0356757343511193
-0.302709456344548 0.224083064971541 -0.180850599491346 0.093875533581784
-0.224016638100354 0.327059068749342 -0.163303915046115 0.14456615623062
-0.206178106083225 0.393794536940079 -0.111002199138702 0.138579312211839
-0.237678164433257 0.404708897096076 -0.0438812349272691 0.0807081088041647
-0.339135612855017 0.395297339218737 0.0457162748958037 0.023890747343846
-0.489699878563665 0.252861918772011 0.122717346240122 0.0586964092696326
-0.538039343488618 -0.0449632644483607 0.174917121259838 0.1921038127068
-0.389911053271937 -0.313114904875818 0.0408528427218959 0.277622443221988
-0.218535086165825 -0.427810186972664 -0.12747710627233 0.298901740590209
-0.0518853209768569 -0.482046521094722 -0.151636392257935 0.217327963393254
-0.0191021389176071 -0.247445033747277 0.0318247343177075 0.38036876231082
-0.0173810306224099 -0.133877503380084 0.249268802693156 -0.0208912710354922
-0.00745428246433858 -0.135537694691232 -0.0425277343291612 -0.169189558944936
-0.146598587728635 -0.103653797756106 -0.195616707372842 -0.0743599174123952
-0.22354016548521 0.0489062107630644 -0.225005802019546 0.0770427142001904
-0.184374957213563 0.179921132100233 -0.214282029153052 0.163274759086879
-0.134725953990673 0.26072901319288 -0.205776890232875 0.261662590284231
-0.14554949250552 0.319872294710459 -0.172900150114537 0.280646408122777
-0.196331519391128 0.337012575886979 -0.128717915503578 0.2290563760847
-0.310136386337305 0.310315794630951 -0.0585346744426524 0.155310431734112
-0.440150217689397 0.157993300881187 0.00313294974334851 0.155623447287269
-0.443537276629956 -0.116583241684336 0.0611620286902532 0.231403916084005
-0.268258222076342 -0.300757020247715 -0.00782841719759917 0.30120090679972
-0.164527180793954 -0.33951939813565 -0.154888780574835 0.364029196034903
-0.0661085498514128 -0.38198518852559 -0.176460777035268 0.361261308495624
-0.0526503509639077 -0.0990065978125472 0.0372570439813974 0.390998113633322
0.000369005520269093 -0.0198978202439027 0.157560895847883 -0.034018627504745
0.0298071027320245 -0.0550391906124276 -0.0772393606374214 -0.112065784386085
-0.0723707708690433 -0.0528895679257108 -0.182943070295404 -0.0318823449183528
-0.112734504140603 0.039192659112872 -0.205764607486207 0.103584283172395
-0.0764505541995989 0.114510552636277 -0.214163285642431 0.211597812433678
-0.0430882143057068 0.164698449849567 -0.216826776671349 0.344504214607979
-0.0616039458683136 0.195989215331324 -0.208925622414943 0.380225375471781
-0.112263383135854 0.20941018953116 -0.202010691277569 0.330810182131784
-0.203760477619703 0.175745209647178 -0.16125216529664 0.235983607057509
-0.27778775469909 0.0535135773983416 -0.113733300993951 0.193539160378085
-0.23643947038045 -0.125190273600053 -0.0457717931212607 0.220299095418216
-0.0911007793185575 -0.180777493341865 -0.0554690845320164 0.303122433821439
-0.0954375384111808 -0.157250657907137 -0.197776563944155 0.397715616549283
-0.0780170593903365 -0.203290431052399 -0.206358569332002 0.454444559956653
0.0918714278442542 -0.0224635807886651 0.134144387710986 -0.467999286359488
0.0146572969093477 -0.0574133927923814 0.181414150196582 -0.428588711890564
-0.0366737754726987 -0.00993034443751411 0.0285128019863669 -0.334200514733871
0.0105796197101503 0.0328451846505022 0.0365732195582969 -0.15665423911667
0.0355074744311225 -0.0106321648498916 0.130347343731439 -0.138710357345578
0.0121869163004473 -0.0446683016814754 0.190029707415957 -0.220549240086087
-0.0246567493352595 -0.054802787294606 0.208510817232148 -0.325498460335447
-0.0337410719771329 -0.0421202538252018 0.203387100479278 -0.397727747947979
-0.0359058432386513 -0.0374061194934737 0.184250042908875 -0.369740560729507
-0.0140299401083457 -0.0353565464566687 0.18213601272177 -0.263236186790213
0.026680427836058 -0.0265937285500738 0.17675836054604 -0.141990538835266
0.0311185406787807 0.0207698134538576 0.164997052435059 -0.00913459106518553
-0.053340751743455 0.0268697716560648 0.0838388017261931 0.0708448932725434
-0.029189987227821 -0.0620311804521626 -0.00789314536969505 0.0684008498949212
0.0565649375845234 -0.081648470352008 -0.0143416553283616 -0.261108998902183
0.110451510768795 -0.225221032160265 0.128064019979227 -0.388245715383481
-0.00831603738218551 -0.264658344291132 0.260774739112439 -0.386001382967798
-0.12519962899936 -0.217563626821191 0.0665683977924343 -0.341799501205513
-0.18184579717205 -0.091666394838401 0.0402712617399849 -0.151684876537347
-0.189504368140457 -0.00520747100705012 0.128654563462961 -0.109630603312182
-0.164326702758595 0.0621152600172528 0.195795202318018 -0.203331644019171
-0.135715534174073 0.0980363800462774 0.187832530787121 -0.309089446265994
-0.110759100964753 0.113868082770983 0.171636748269524 -0.377392098063596
-0.103099384468651 0.0899464001052228 0.152004016632858 -0.366543939945042
-0.0856232548543631 0.0679761320897075 0.166269068477128 -0.284188851619555
-0.0579611306175386 0.0328898522802039 0.185494690175071 -0.163096545320694
-0.0430186830184694 0.00799453567436903 0.185317430773822 -0.00690187280674997
-0.0837723409365587 -0.0235036499401927 0.0849023953085001 0.0743356467056502
-0.0489502438004607 -0.139432630583982 -0.0147400852023665 0.0620425490892182
0.0524648568089272 -0.204141707400604 -0.0410582734053414 -0.228832680413395
0.121273202516494 -0.39062362676723 0.108592799549949 -0.229398314653523
-0.0215740836549987 -0.426107608611636 0.335122327219941 -0.294708514094636
-0.17623582746208 -0.390920035363047 0.0965780256114935 -0.34900278097661
-0.332333768738866 -0.214156022838908 -0.00268928329159797 -0.171561236225689
-0.381798556467146 -0.0124103107673821 0.0572214568775027 -0.0783446840535303
-0.315044578836541 0.149837056384453 0.131929325474672 -0.152678771376089
-0.227398145096529 0.228255738091929 0.117326127639754 -0.238697250821315
-0.171407162449739 0.254107335245778 0.114577013387755 -0.29811814756691
-0.155501711390355 0.218037952728616 0.115454450387766 -0.317857416440049
-0.152404379772076 0.190469237725721 0.154598522921182 -0.281534662446036
-0.16389251368927 0.123357252461282 0.203020188684997 -0.175328555617543
-0.165882144469062 0.0175775487954562 0.221534388430725 0.00362571100820205
-0.167031387034062 -0.0867351109370942 0.0872408955808904 0.102781544315162
-0.0977991533655766 -0.232417328926076 -0.0426519016874011 0.0815278197372997
0.0293131707763924 -0.318843508435198 -0.0751982315642989 -0.168117380953953
0.10755148982194 -0.476022512618693 0.0831021990285998 -0.0292951359102687
-0.0358649347701587 -0.488064916007377 0.380979562932367 -0.182261493459774
-0.190197018424943 -0.459058764014886 0.0988919444225618 -0.338990217741834
-0.40352990971 -0.271454657338464 -0.0761187735078944 -0.190057789856957
-0.482421750091972 0.000307246064504897 -0.0565219308526078 -0.0458897416393334
-0.392070997637971 0.215710553956103 0.0189161273199888 -0.0764341758672285
-0.271908388078703 0.317012563634085 0.0178102280188041 -0.123813719619172
-0.204886327832426 0.355468020438922 0.0423663142982261 -0.171806340199651
-0.193688951247406 0.330177725615089 0.0746205779874051 -0.219483081354181
-0.218953080842912 0.313038661076919 0.138816148392657 -0.231559507708331
-0.287323459404057 0.227057145040658 0.212825981947398 -0.150520343126745
-0.327557733213356 0.0392689754433907 0.251204072487726 0.0361229280027505
-0.292505162146879 -0.160774959647049 0.0889858754311282 0.151842297210582
-0.169378865728896 -0.331262490867707 -0.0714438455044293 0.13438526405867
-0.0064996116098553 -0.417709633945948 -0.104245633776429 -0.0682773309178691
0.0711792297591314 -0.46306663056829 0.0614306566877747 0.161810603624796
-0.0429448052815472 -0.424823930257429 0.377596963146199 -0.0884136364306913
-0.15417339158543 -0.399652127578499 0.0657028591519257 -0.29714144377196
-0.3693613618521 -0.243009109753828 -0.148269682244196 -0.174696320229619
-0.457759044713598 0.0283881548196923 -0.162145066705001 -0.00421415455339751
-0.372937158050701 0.245449315582964 -0.0968587513269131 0.0133650489775252
-0.258564275457199 0.347943457515468 -0.0818357671153274 0.0137870070951638
-0.209604364866271 0.402108107773787 -0.0332934947257556 -0.0162051321792124
-0.213862971518169 0.398201583657716 0.0233711405891352 -0.0778212022196874
-0.277438348782872 0.395499192936098 0.10566001965517 -0.123624457493279
-0.402399477297109 0.290810036179503 0.190644078811518 -0.0697520055894453
-0.473254320747307 0.0362170845938438 0.244965722794649 0.0983639923597532
-0.393927904529701 -0.236119515531806 0.0804924715427194 0.211644984737384
-0.225184673714581 -0.403964945140543 -0.0916754467555472 0.214191039838112
-0.0402733564541281 -0.474505515292435 -0.125331946757402 0.0688450244898117
0.021635844983987 -0.366804446968048 0.0499030156811197 0.297550750439698
-0.0352428845742253 -0.280323706621157 0.318682161492918 -0.0406892373694598
-0.0809598083167734 -0.26361629203041 0.00429024274264369 -0.228239093542961
-0.259916751399128 -0.165773581454307 -0.188247385006188 -0.120704465241435
-0.344476674085334 0.0541743163997895 -0.214407599004067 0.0440463311806273
-0.28090807980866 0.232055123413941 -0.174030129434044 0.09845331300323
-0.198329117519567 0.323454820899068 -0.154063001787657 0.149588249950925
-0.179551470182048 0.389725032525574 -0.102238915569993 0.142284495163824
-0.209511499825877 0.402722732476115 -0.0417364857823403 0.083999599473744
-0.308029442677539 0.399191781171196 0.0414271253695948 0.0191969669072803
-0.460014301373013 0.270509760811723 0.12080054712006 0.0480545952999094
-0.525587757146925 -0.016103329578873 0.181714168829833 0.174019131128309
-0.395499823118874 -0.296509870218517 0.0503111430493405 0.264594689551847
-0.223560643992639 -0.411382189737467 -0.108520167729845 0.298840837665769
-0.0617125853521756 -0.463328685385801 -0.141523224184393 0.222631668601181
-0.0232942980911465 -0.229076254558651 0.0483081640830152 0.360724400132545
-0.0152624268068371 -0.12838874331762 0.227543987053554 -0.0356652635938438
-0.0119028925570695 -0.136932080837442 -0.0517477756397049 -0.152210370297724
-0.148632565799069 -0.091438561812218 -0.189315203333321 -0.0579734324802676
-0.210242696358601 0.0618790750407287 -0.212336370159849 0.0827561168787452
-0.164953300635719 0.181084509963435 -0.199815948779984 0.165390796223783
-0.114577415354809 0.254361238630818 -0.187605694725651 0.263192044892985
-0.123049651258011 0.313359516551051 -0.153419308409571 0.28143694024322
-0.173975390319264 0.332910687873134 -0.115294364229923 0.229504725171804
-0.282675403886958 0.315632612967126 -0.0517009059997874 0.153163515567809
-0.415609422391445 0.176114251955863 0.0103274431577894 0.14873116037522
-0.438240802142568 -0.0891252175108073 0.0716396820209623 0.218540810232704
-0.276227524687651 -0.289159505927858 0.00400086025915926 0.288989162910184
-0.165418860186115 -0.324667844488014 -0.132629135216232 0.36300957285644
-0.071633530152099 -0.362392512126524 -0.160259435991125 0.362686291475331
-0.0503973010000434 -0.0863871499222798 0.0534337291922964 0.370410119541091
0.00464629652279309 -0.0217882909842582 0.140886748925267 -0.0404796630648887
0.0243241889255761 -0.0605508820501555 -0.0811597987739463 -0.097580338292349
-0.073903302254973 -0.0432360283558939 -0.176982556821615 -0.0171458047292968
-0.104326279773838 0.0477100504729691 -0.191300143107583 0.10977751104522
-0.064492016059365 0.112559631448096 -0.195850273771396 0.213280446698672
-0.0290904247674658 0.156542575064431 -0.191787065407233 0.343051161005684
-0.0482596360751074 0.189301780038149 -0.184265782112794 0.378557819329187
-0.0959870210029433 0.20502769886292 -0.18112201654828 0.330622060223799
-0.184514936912611 0.180921949675413 -0.145472076748168 0.234608734018507
-0.264610295570912 0.0694596228829208 -0.0998322049315942 0.193400563918406
-0.239877862850526 -0.108069983576827 -0.0335202767020915 0.213997111078102
-0.0995070809939377 -0.18114162593637 -0.0403150258314538 0.291820096437273
-0.0895396615426657 -0.150117698753493 -0.1731539778652 0.398378582811427
-0.0780928546384033 -0.186612263736476 -0.183883878879904 0.452706207870076
0.0863920440529297 -0.0157525838251641 0.190532943837339 -0.417561173938289
0.0171458972348386 -0.049963559853112 0.216249176190045 -0.391853799091997
-0.0314673458906235 -0.00780097015292824 0.0607829556210495 -0.308081162628924
0.00978620369949487 0.031928540810558 0.0533615846598212 -0.139956780344243
0.0349251143579536 -0.00816205338661853 0.136723193395112 -0.111222078228011
0.013340011787853 -0.0391111499811386 0.205190068533402 -0.18175023486012
-0.0221209003224431 -0.0524221880170615 0.236767832280336 -0.2786490998207
-0.0301953980235259 -0.042711698816059 0.242089721646664 -0.353464225387949
-0.0344431310311436 -0.0371082580874512 0.219527120011952 -0.329618783538573
-0.0136663073772139 -0.0331412406198164 0.201947604136894 -0.228557394719384
0.024918113291524 -0.0253505791797229 0.182113984244664 -0.114272443538664
0.0274095313110455 0.0184784750329834 0.157687716936856 0.00620430454771526
-0.0488953774446602 0.0217052140671341 0.0762247308256286 0.0741043679649958
-0.0245778696354959 -0.0598754173677097 -0.00367496097651358 0.0646004930253895
0.0578249314591116 -0.0741542742321216 0.0200697740254331 -0.24975853918858
0.132455136623769 -0.198216979371247 0.187615262876558 -0.347404332032113
0.0275342735963586 -0.245556804585716 0.292564570286653 -0.351036473999996
-0.0846779737045926 -0.215457680404688 0.106364003331467 -0.316750567084594
-0.151801835925902 -0.113497547072027 0.0632906366439013 -0.141368488884509
-0.177159147102882 -0.0374251861107793 0.136261835399682 -0.0939121843670182
-0.166039171467712 0.0363334587083117 0.201164165655855 -0.172440401152204
-0.146572424170193 0.0768795446308442 0.212762672139803 -0.268083116786825
-0.123786862710464 0.0966198674646673 0.208823667146431 -0.334506250967094
-0.114774616399727 0.0756858875091504 0.189606588369209 -0.32925845139499
-0.0934538409814997 0.0552084268897396 0.191099304692369 -0.251955723034748
-0.0628095624894815 0.0210875224973551 0.196813361649451 -0.134993890253539
-0.0422955508289603 -0.00250755195092275 0.17979418764447 0.00926121961642891
-0.0716552154022239 -0.0322414360676276 0.077178701935602 0.0799371849392488
-0.0304257551619098 -0.136888468574152 -0.0110519031371861 0.0609949407122497
0.0719443645477095 -0.191265815406764 -0.00788122960874246 -0.217111904693728
0.165896480436416 -0.346047528811379 0.161670338656631 -0.204384723762537
0.0401298433777927 -0.396768893002453 0.358641192217604 -0.263849159131722
-0.106918996915178 -0.386240934540353 0.142133167228428 -0.326428934705235
-0.274843653784235 -0.251423672672475 0.0319420139528686 -0.169439357624128
-0.35604511659639 -0.0732749629477826 0.0699750784204111 -0.0817014486517822
-0.318607649514275 0.0981806517363617 0.128864855011331 -0.138649442619299
-0.248476523803239 0.188353860739608 0.136850227425961 -0.209992751954317
-0.199294810667066 0.222119821542634 0.145484717876884 -0.263626993433218
-0.180246569016992 0.190095564164979 0.150309112190347 -0.28820987202666
-0.171744024584175 0.161770065180492 0.183182922158554 -0.252729284963485
-0.174451295670428 0.0937349514665704 0.221048855400069 -0.147550650421854
-0.161607770930913 -0.00930956947801571 0.217229269916161 0.0232546565718673
-0.144694765137711 -0.106209365114959 0.0777951236369025 0.110396423277146
-0.0627149033485823 -0.234123267831568 -0.0402672233850866 0.0801192466885122
0.0676330804834228 -0.303243541235336 -0.0458539706689244 -0.157316414487136
0.165075068527693 -0.423671086095794 0.11823851922094 -0.0234869089151489
0.0385988655025831 -0.454261703776324 0.388488763073538 -0.154663317517425
-0.110476178713144 -0.454524632300168 0.146251957407936 -0.318059503748499
-0.335055795580764 -0.317507484577095 -0.0315966087142129 -0.196268988288277
-0.451044971438244 -0.0761700175608644 -0.0384687019801058 -0.0698544796858761
-0.397128300440742 0.149286118296916 0.0102107985768336 -0.0831490407890852
-0.299143849971358 0.265918031574702 0.0280193272958371 -0.116252531536161
-0.243065563540943 0.314949297526291 0.0614633739715613 -0.151203439630342
-0.229046411086513 0.289675133111571 0.101182016029276 -0.199522430431734
-0.248814650574632 0.267541636683661 0.16600510289907 -0.209151793397542
-0.304069215071759 0.176844787955332 0.232493869561105 -0.124543322666661
-0.321279728489251 -0.00839783781985689 0.246851590689053 0.0568022131692925
-0.258132215530926 -0.195182197326459 0.0762345709061521 0.161378217934
-0.116954254545298 -0.339174500742253 -0.0728235999343123 0.133750667089148
0.0496424246962146 -0.403026573834797 -0.0856827672546709 -0.0596862053756589
0.129912505443954 -0.413068716137796 0.0725349925175365 0.149612371604433
0.0253464555886806 -0.396361283919524 0.369011387297512 -0.0634286071136073
-0.0830644691772185 -0.397030076346867 0.107186014729817 -0.279191978470365
-0.307877468261904 -0.285204495939756 -0.100590562489969 -0.18932405305489
-0.432417009696795 -0.0442178223608267 -0.142087583502352 -0.0428212709127219
-0.3804346341354 0.176926116640892 -0.110312492164553 -0.0117297387202055
-0.289497249183289 0.294494764219353 -0.0824887521315075 0.000895903644559463
-0.251657520750345 0.357628843331468 -0.0293991865889649 -0.0128129107664783
-0.256881677298237 0.350475483576168 0.0369860386902027 -0.071973111251322
-0.313420277592975 0.339667651036333 0.124652728717577 -0.112216905863559
-0.421584673053044 0.224151024671377 0.208058734907591 -0.0513620478559779
-0.461779016257831 -0.0288804005774375 0.238570688179304 0.117493770758986
-0.348114042467211 -0.283653695228026 0.0620902483075885 0.22395793954528
-0.157958302173717 -0.417983145740704 -0.101075757374006 0.212454806932968
0.0259938977615744 -0.461134178871087 -0.122663277824656 0.0742001380618433
0.0712070785037378 -0.327091279472429 0.0383725540770213 0.270569299835529
0.0143036305612541 -0.260693602119864 0.302849663678641 -0.0200956478962185
-0.0339753734176974 -0.261630891451014 0.0374099692395577 -0.213370392861701
-0.219199563629689 -0.193782856396295 -0.147002556979792 -0.138774291085967
-0.328697336001663 -0.000581896853995154 -0.198113966792111 -0.000480547515069839
-0.291206300301751 0.175283900920508 -0.188593877015991 0.062612174981663
-0.226310387739412 0.280274338946419 -0.163796147532194 0.120050526642568
-0.219658620329214 0.348095399260562 -0.114336420355014 0.128336558636121
-0.251029306187422 0.353975581158506 -0.0452008985155023 0.0735088055726989
-0.340961011693971 0.336988716585819 0.048028987158317 0.0164422648941368
-0.472314440991054 0.198280125036237 0.12913790651307 0.0548996465708182
-0.504685796523247 -0.0868150658276303 0.16956215637265 0.184806693223151
-0.343833158079302 -0.340693161904527 0.0238931456237557 0.27099414025963
-0.154911696893798 -0.426095576942702 -0.128155279676596 0.292786616490037
0.00438812462092748 -0.44907995689894 -0.15830069373801 0.220799709282792
0.0110678021281488 -0.20526373386777 0.0195887256791112 0.329544955151238
0.011810994096896 -0.120361345646828 0.211626295377928 -0.0167701838596574
0.00988124770463982 -0.134405967253022 -0.0274909965830167 -0.144093749674269
-0.12578294976215 -0.106353127313389 -0.160241770106124 -0.0759735440213851
-0.204443340021039 0.0274047155061712 -0.204191702849709 0.0419191735432165
-0.174986835503656 0.144102209634903 -0.216773281374671 0.126074341431848
-0.135829788942101 0.22328742748185 -0.207314760427577 0.223594921407043
-0.155846946331145 0.282192120899358 -0.180087527821097 0.252089988827566
-0.204629357747173 0.292226160048245 -0.134817399011609 0.204164265761326
-0.305063020965489 0.262251282581641 -0.0584105932792901 0.133227867317194
-0.418716286384407 0.114693750558504 0.00920827749323604 0.141544759367061
-0.412087036016166 -0.144166080048919 0.0564777975816368 0.219242694928152
-0.22989906797596 -0.322116478588994 -0.02704877770376 0.289420109648993
-0.107618138581166 -0.336061034344471 -0.16318322032096 0.352311323778173
-0.0168365458621821 -0.352920067311855 -0.195384094941121 0.35036142001537
-0.0324480463876882 -0.0792093602134003 0.0124425540100206 0.340663815613713
0.0127197944409792 -0.0217234371455896 0.128092428299056 -0.0235119371161088
0.0300623429043418 -0.0580830369772887 -0.0649956086601288 -0.0935892560007647
-0.0652050150108935 -0.0485409930243717 -0.156147510441579 -0.0341458099534379
-0.102261250413399 0.0316462868362897 -0.188828008141191 0.0746437448053641
-0.0709694911781755 0.0937290873379377 -0.211825535422793 0.174290217543922
-0.0420790931505445 0.140353007030203 -0.218649271680629 0.297177323699552
-0.0659966516119127 0.172493318677621 -0.218735259132764 0.337614778241068
-0.113412898243049 0.180651323275131 -0.21085383276913 0.292522162434399
-0.192937395526299 0.147925906203041 -0.161188196831473 0.203398192694377
-0.259308764389945 0.0350807430281072 -0.108225716810622 0.173091949505515
-0.218828955952848 -0.136298347459439 -0.0519455242771617 0.204906447923073
-0.0714697721569756 -0.195808021248922 -0.0755805734278871 0.279369761334698
-0.0544754928324178 -0.156818766418927 -0.209956868007744 0.373817958934524
-0.0441459912288145 -0.184343639845272 -0.234700820120376 0.42811545583172
0.0826577018573374 -0.0197069128483953 0.203876799075892 -0.404972715392651
0.0129372816090754 -0.0475504654105291 0.216362030993912 -0.385404386103712
-0.0297998936346187 -0.00318108192729232 0.0647313981386154 -0.295540420162684
0.013452065259133 0.0306777994158896 0.0588836160917054 -0.135236178456066
0.0337133185140378 -0.0105263958495494 0.135526069158454 -0.105253120701503
0.0110969857208794 -0.0384815184755749 0.203372765745634 -0.168833920832456
-0.0239015207580201 -0.0499355513861969 0.23965896227836 -0.263140524386786
-0.0314433411903212 -0.0396205110641693 0.243248301091758 -0.34008288014465
-0.0347820282398741 -0.0326074981385198 0.221017504741343 -0.316780001946117
-0.0157154871614354 -0.0317038428754487 0.198679306316487 -0.21866965476807
0.0214312764118162 -0.0277630262991024 0.177625053299686 -0.108542728232119
0.0292857575802235 0.0146910625483147 0.152257231344658 0.00500335785365899
-0.0431849829450699 0.024406686567414 0.075924706461688 0.0704181307569241
-0.0270013761034645 -0.0566466313948564 0.00524815090368723 0.0596187496285026
0.0533116075570998 -0.0746552267731678 0.0292078781246768 -0.240945632259337
0.135131593899334 -0.195442476375138 0.201217031681809 -0.334560556180381
0.0312148988559963 -0.239568439557572 0.288915119178492 -0.345920774175281
-0.0763490352938272 -0.210945869626978 0.107931893397332 -0.303262557203394
-0.142838384556359 -0.115923343406215 0.0690429388309094 -0.13673661669479
-0.172776549590464 -0.0438058048658951 0.134745409377508 -0.089361739961442
-0.166392686180449 0.0305792123873514 0.197960392452258 -0.160407595544867
-0.148819148692174 0.0734499903985845 0.213812170658071 -0.251374543884151
-0.126341058263519 0.0933984402923126 0.21149195869014 -0.321511109460112
-0.115580008556992 0.0741422511893749 0.190165627736624 -0.316183955398399
-0.0942031647675855 0.0524195272872598 0.187058759624856 -0.241461627949105
-0.0629781747177509 0.016555978652503 0.190697241425083 -0.130255839891835
-0.0382382370948739 -0.00759825986456833 0.173415652675116 0.00746880874049043
-0.0646853826766976 -0.03249880122447 0.0764974801145103 0.0757791045580694
-0.0284195558256732 -0.131877691469904 -0.00501960097199206 0.0552189786125176
0.0728817089478645 -0.186278934911057 0.000252883723258118 -0.208842084251453
0.172884453573032 -0.336425872257282 0.169890601418305 -0.19427993338204
0.0524585437460997 -0.386908054156781 0.347731450517589 -0.259679615115238
-0.0928342029562073 -0.380691802640986 0.140580829518267 -0.309913504466295
-0.261078150107057 -0.253990605806887 0.0387386216894007 -0.163610490930863
-0.347052919094643 -0.0820207974404815 0.069896576578521 -0.080219679033125
-0.316473932263788 0.0872690951604481 0.124788609754155 -0.130490750181789
-0.250790966394667 0.178587185849915 0.136662365423074 -0.197179352350943
-0.201898567459522 0.213578257192403 0.146562083928258 -0.251786289026764
-0.182209442961644 0.183773911371935 0.151090650310037 -0.275043975952003
-0.172049509839058 0.153432776289816 0.177974711794429 -0.243044127525511
-0.172590366433957 0.0864064887459165 0.215058457115421 -0.142217946065533
-0.15563987645094 -0.0159090488522557 0.210036483776635 0.0216712914938094
-0.13564639209014 -0.109277249828332 0.0747708732987088 0.106550568553303
-0.0550140257981171 -0.22873800616453 -0.0354404095660572 0.0750345784808803
0.0742761211354146 -0.295224348686426 -0.0395799994620719 -0.149894731888527
0.176108921617287 -0.405717265196254 0.120966172520264 -0.0188737990819854
0.056666890469694 -0.440578104598757 0.373431982417866 -0.152085907718484
-0.0915706353052277 -0.451326763117144 0.145671140335771 -0.299861452396757
-0.318753115893454 -0.320814698545452 -0.0222554053754048 -0.190942863412913
-0.440609613048674 -0.0861964660674155 -0.0358624723630574 -0.0712122859042596
-0.393230427131987 0.134025837741576 0.00706159126093694 -0.0804184831395021
-0.301418485570568 0.251304120295108 0.0265307354258253 -0.107264234421486
-0.246506345034523 0.302244611829956 0.0615281805059888 -0.143741733004587
-0.231126059044816 0.279269752203181 0.101014017294026 -0.189418652711523
-0.249024405162902 0.255498865475535 0.160064119173165 -0.200880845450263
-0.300660248217806 0.164937773754881 0.227021767597088 -0.121324782265701
-0.312158754276752 -0.0180564137490037 0.23981886682831 0.0552584315148308
-0.246480139243483 -0.20137431924992 0.0713626079375409 0.157165281010535
-0.103280665892076 -0.335603652212921 -0.0703620309528768 0.12744569679882
0.0633029046647116 -0.390883194661353 -0.0821052451876972 -0.0545318951508693
0.141050393103671 -0.392979163644571 0.0715042501334651 0.14722652227146
0.042617895696248 -0.384856621244624 0.350470133672677 -0.0620549017540151
-0.0663672166623939 -0.394172997486415 0.105586380305995 -0.261446508588163
-0.293100688709579 -0.288450417262348 -0.0908384608668834 -0.184037610888344
-0.42095467832023 -0.0535999172381271 -0.137554637627335 -0.04612733193156
-0.376978445374993 0.162535212270027 -0.111625172042465 -0.0138585057406382
-0.290219079301778 0.278392852539539 -0.0846118322952389 0.00393183210401685
-0.253539575884735 0.342838197187992 -0.0294182760890061 -0.0109860517241087
-0.258626960130416 0.337961254113897 0.0354369451349596 -0.0661022265073027
-0.312531670202411 0.322398364402201 0.117740876874651 -0.107528779244461
-0.415427331346749 0.210850161234447 0.201823870646151 -0.0498336418407937
-0.449900114048849 -0.0394796707368021 0.230632623637763 0.114702243036287
-0.334997805996606 -0.29221525018101 0.0555591808962421 0.218240399192634
-0.140021550132262 -0.416931476736923 -0.100804519717226 0.206770828380328
0.0434672392056053 -0.447575237569743 -0.124396187631995 0.0747248368383565
0.0826598319907723 -0.310242400298374 0.0317856188231342 0.263652641799227
0.0290301567936617 -0.252551442554207 0.283890610871322 -0.0194687557818515
-0.022621913192165 -0.262690654246966 0.0375537979967804 -0.200634096130938
-0.209117124597759 -0.196068784993847 -0.137004389889977 -0.13561592276109
-0.320586193567532 -0.00497698135370182 -0.193167489755536 -0.00613097821279938
-0.285701559699231 0.164303865116498 -0.190049916664393 0.056515525032437
-0.226082848913935 0.264072386537415 -0.166918024830316 0.116569405456914
-0.221997780855843 0.333251443143322 -0.115932723252333 0.124063397980602
-0.25231578693134 0.339344763972478 -0.0464400216386612 0.0726054289098997
-0.338418779966214 0.320503440084857 0.0412837974925307 0.0157218372582766
-0.46521301052426 0.184888071852756 0.123549382582564 0.0533164975078744
-0.492291282132675 -0.0934336679250377 0.162862333952376 0.18036102275884
-0.330461674762178 -0.349919206858651 0.0143664260862165 0.266743038132605
-0.131992735979041 -0.424331620513924 -0.130814589981741 0.28726949374439
0.0240125412847547 -0.436918190696006 -0.16314920984304 0.218145240351672
0.0221800362048937 -0.190513766373434 0.00964747028405942 0.318006770802119
0.0218797549035813 -0.116377089340915 0.194684171580613 -0.0152302464665645
0.0151652387923936 -0.138197651046146 -0.0264478645803024 -0.134100128887907
-0.121924912646332 -0.105169480724334 -0.152349601650167 -0.0732172515184713
-0.197940502626779 0.0252521872066735 -0.198594083694804 0.0364052048581104
-0.169953349402683 0.136166284897656 -0.216014020757466 0.117412456390045
-0.134409957801417 0.210944134416417 -0.210303317666203 0.213128471965172
-0.15707594180608 0.268735474721887 -0.181759854966745 0.242868281093599
-0.205512490855246 0.277935853555334 -0.137398792841248 0.197579143632699
-0.300701766003565 0.249522296988244 -0.0624377434023012 0.127547100247872
-0.40930459384105 0.10635563591735 0.00617201018979053 0.13615582973339
-0.402566558729006 -0.1488299205316 0.0509757594841712 0.213803440903365
-0.219343862680642 -0.330796833275047 -0.0360736949870472 0.280760182372299
-0.0865329991025508 -0.336729027014542 -0.167826315081551 0.344033576226499
0.000786637073451214 -0.341574942188211 -0.206328634165425 0.341433418448473
-0.0244715590438086 -0.0702434844949958 0.00168338092460312 0.32674867512595
0.0190503424876032 -0.0220865015957889 0.116370298425114 -0.0215812871629613
0.0301748131111806 -0.0611181185114216 -0.063443930521008 -0.0863527214733249
-0.0635325444898909 -0.0450699986071214 -0.149312990418844 -0.0306997839467946
-0.0981144437539249 0.0321769940035348 -0.183979637651651 0.0691964017873155
-0.0675436106001754 0.0891155695021701 -0.209179670481409 0.164557226645007
-0.0409774321971394 0.132105568540504 -0.220003416964184 0.285034343185922
-0.067390897109748 0.163688049083641 -0.222238335917104 0.325261732649389
-0.111858875470011 0.171384880331263 -0.213275251706221 0.280487641352912
-0.18875405505057 0.140648933360535 -0.163456377068856 0.193564937844892
-0.25195944974521 0.0319929776862316 -0.109465719935592 0.165081515055266
-0.21493561255576 -0.13600370007784 -0.0540530862728295 0.198587120196469
-0.0666625180021147 -0.202033406701844 -0.0831377704493301 0.266980653353635
-0.0401661428439116 -0.156842410594442 -0.213330871414513 0.365045009533242
-0.0319086624478398 -0.174948461477166 -0.246089632295307 0.41541229672002
0.0811150907896351 -0.0242731690791444 0.232011284429296 -0.406099171120631
0.00951701574863028 -0.046774812027414 0.228228006378569 -0.393157937464554
-0.0296647491077606 -0.000161030862763227 0.0721887414934991 -0.295395764591633
0.0166995210650162 0.0305280926779189 0.0666568254262865 -0.136199201630938
0.0335818531874254 -0.0135017709649209 0.142261603124311 -0.101817554890686
0.00916271401744093 -0.0395874205065065 0.21149831760853 -0.16143051465699
-0.0264880835643349 -0.0490617017693378 0.254585535602889 -0.255938150974787
-0.0332596676624707 -0.0380602059807217 0.259065079650278 -0.338176208839131
-0.0363755597396295 -0.0314249626734853 0.232022208650278 -0.312983135588232
-0.0183294355425291 -0.0315901457860307 0.204496605593811 -0.215123690488384
0.0191468784222993 -0.0308217701956385 0.181271680577212 -0.106063661147377
0.0311654919504354 0.0118412759976758 0.151908509613566 0.00562097923764846
-0.0394867899155503 0.027627679485227 0.0779141450180395 0.0696817104652271
-0.0302279649241012 -0.0551456210481146 0.0126025514780491 0.0566566253030548
0.0519457889667383 -0.0782223377782108 0.0402450032291601 -0.239637396227506
0.145207607262469 -0.19826405407006 0.22516570854396 -0.333412658119622
0.0389246450973697 -0.242958904003975 0.299307203471416 -0.352020432070016
-0.0692506360823056 -0.21582320895875 0.116319222046323 -0.299020483424399
-0.137435290189457 -0.124144828604468 0.078777055286933 -0.136875975188224
-0.175804950259048 -0.0543314183847301 0.139650379401295 -0.0870224081363426
-0.173969436086115 0.0240821698023247 0.204023379979416 -0.153956947141218
-0.15835507063043 0.0707647958591804 0.225935952939986 -0.244086187809517
-0.134062632938866 0.0935974827372876 0.224194962041798 -0.318842218254288
-0.121446227347676 0.0750231825542702 0.201781341021294 -0.312837283481953
-0.0998223944456836 0.0503707346467792 0.193671806567171 -0.238768045433593
-0.0665793413025243 0.012007667293749 0.194937820921444 -0.127906142982989
-0.0362455384670349 -0.0133354604497328 0.173475171896049 0.00795661728066191
-0.0591553042208632 -0.0340563569565708 0.0777481609029241 0.0757992174093559
-0.0255857961531189 -0.132223081824862 0.00108273156030614 0.0527155777970587
0.0777808582971828 -0.188694849516229 0.0105536548896515 -0.208190236727113
0.189875046994939 -0.336147491634459 0.186825074922168 -0.191004905269097
0.0695059276753255 -0.391000067186752 0.354752855537165 -0.263371359028385
-0.0781773585845583 -0.392477439822301 0.148881633223045 -0.303763209799421
-0.254506222569218 -0.268834113972108 0.049421528979197 -0.164405209942074
-0.351423852122985 -0.0977168731058653 0.072911010592251 -0.0804155604924989
-0.327706518843835 0.0769041217684911 0.128196844754064 -0.127120422116506
-0.264425261077032 0.173924571479858 0.143569257465143 -0.19027387421251
-0.21462182663398 0.211589483770401 0.155982901013809 -0.250278033658511
-0.192953792021475 0.18357571792917 0.160653385810136 -0.271659280277692
-0.180457665097627 0.15036986138119 0.183693915562574 -0.240444645143845
-0.178035581554256 0.0799967594170277 0.218983721144224 -0.140638355441884
-0.155115608669239 -0.0253141880066722 0.210914991516803 0.0227261293654235
-0.129812622720172 -0.117392335852547 0.0749698903730211 0.107141541420899
-0.0465691066407755 -0.233426371710121 -0.0324983375987613 0.0728630580347299
0.0868192906887715 -0.298096758400185 -0.0324944983654282 -0.148127030839621
0.196221360295829 -0.403761075043608 0.130133138035732 -0.0142312367045008
0.0785620408654424 -0.445272626831049 0.374736931691348 -0.152350864549434
-0.0733452613895653 -0.467263658524951 0.151248709093299 -0.293431067444598
-0.313171269092741 -0.339278907189738 -0.0125677103268809 -0.193288917180341
-0.444914771178947 -0.104757870760466 -0.0343954338466765 -0.0746666767285341
-0.406044609390712 0.121454733106487 0.00557724017782292 -0.08061595275569
-0.315908515555765 0.245372333949018 0.0270815248624416 -0.103079171145533
-0.261742752587637 0.298668788706404 0.0655443008215386 -0.141498399657873
-0.246053959390587 0.277258800181166 0.106365432652709 -0.187401076796143
-0.260429082350103 0.25080352864804 0.163227237866397 -0.19922451279091
-0.30881517357825 0.156973003100336 0.230090890033143 -0.120164134230989
-0.31511142278151 -0.0308830323559317 0.240255347909728 0.0579997075387959
-0.240798847717825 -0.216437515439357 0.06932289769374 0.160567042073498
-0.0900488149799557 -0.347644947606993 -0.071251023004947 0.126320949181628
0.0818384939813569 -0.395174235936991 -0.0812940883656207 -0.0525708895838052
0.162930747067875 -0.387516359558323 0.0710562071978731 0.151479296163846
0.0658795515573806 -0.385914364641678 0.346785992345617 -0.0609344985660947
-0.0492715307196779 -0.409916579410769 0.110861678556959 -0.254203087259533
-0.289317667969224 -0.305920720743444 -0.0822391099408603 -0.187081242351056
-0.425594947368262 -0.0683347883729123 -0.139059043930978 -0.0538916542491843
-0.386169940280274 0.151987432111991 -0.117976326902361 -0.0178898024341953
-0.30451964034366 0.272379551117256 -0.0892125773568896 0.00543477325391175
-0.270594616010654 0.339437287087137 -0.0318985653551045 -0.00959520800033275
-0.275467307473883 0.333492279600792 0.0358160218464993 -0.0638905483212002
-0.326496170495852 0.316888496779807 0.117680163053794 -0.106654142358165
-0.426243434376451 0.200469798059686 0.203708241055341 -0.0491388609815835
-0.456578461485535 -0.0569325304917283 0.229949855835684 0.118977458240033
-0.331321196769151 -0.31486915291214 0.0487114646239354 0.222853339877148
-0.123337363145974 -0.431883431908767 -0.106322203438837 0.207382562059005
0.0677319846304422 -0.452260787434694 -0.13022426316029 0.0778811573610467
0.101517185765075 -0.301721181593827 0.0245797874114263 0.266382550444497
0.0472053405015934 -0.252939959657993 0.276764084100674 -0.0170730211178638
-0.0106218913911461 -0.27501212375752 0.0397878795406788 -0.193436492950918
-0.206910103785092 -0.207068242054538 -0.131111010841157 -0.137900981508986
-0.322059617773543 -0.014788992022311 -0.194813851725262 -0.0136621822215536
-0.292801538643835 0.156163865225062 -0.198653663786565 0.0502932306295774
-0.23883001330711 0.257964425473382 -0.175819039616071 0.115697451711384
-0.237101998366642 0.328184692008221 -0.122999125741783 0.124301360466024
-0.269767298124453 0.336478146852189 -0.0522475956781445 0.074751870149781
-0.352225172692945 0.313835545975858 0.0365431648159876 0.0155088368597194
-0.475697808136379 0.176084685835877 0.123588554235001 0.0530291001076505
-0.49841723033298 -0.112592810308555 0.158590808391791 0.184279112992554
-0.327645305412676 -0.377073086553774 0.00664948609961854 0.270874987535813
-0.112565106694497 -0.443051751001571 -0.141538735764034 0.29056106527866
0.048460844854129 -0.43766929110097 -0.178248170016367 0.220781824781311
0.034876714671327 -0.183592335275964 -0.00187831991664693 0.318540172411851
0.0342475435203113 -0.117705952643737 0.186573766770231 -0.0131379736216388
0.021556633859466 -0.146775275902522 -0.0259631678412262 -0.130326024658467
-0.121395674057554 -0.109641377922428 -0.148209600988354 -0.075452642402793
-0.198775291865001 0.0230499706702778 -0.200747262778289 0.0307929579321467
-0.174456971732452 0.131596731440002 -0.22437950126354 0.111281572695534
-0.142221443344809 0.205499467953788 -0.220111930645382 0.210545414262868
-0.167248454143786 0.264670073955933 -0.193814001338825 0.241663728211815
-0.216628848005803 0.273611574350685 -0.147981456757381 0.196751781963901
-0.311932362322612 0.242937045961734 -0.0712566427965443 0.125671147812192
-0.419294754480212 0.0973485795272389 0.0026284160051701 0.135083841693212
-0.407852343453648 -0.164011818809929 0.0454053984706741 0.216258525533348
-0.215929089903333 -0.352829171707502 -0.0482719998407107 0.283413921338571
-0.0669329660228305 -0.349878470438242 -0.181166147422476 0.348843041437661
0.0209179085238998 -0.341520410797165 -0.225955010829811 0.344464287630738
-0.0169841113442121 -0.0642116780604931 -0.0110728860877948 0.325661576282479
0.0257550143576485 -0.0228807364663862 0.108696513307269 -0.0198758162146643
0.0314170636818147 -0.0667281492572287 -0.0634912481865433 -0.0840784072767419
-0.0651040106395626 -0.0452215933933154 -0.148995213407235 -0.0306162938325742
-0.0977718288120401 0.0335290348765986 -0.186523945297564 0.0654829290149667
-0.0669043955279096 0.0873605816039109 -0.218391112516052 0.158590899213002
-0.0434732652183095 0.127752600270678 -0.230947489574176 0.280773167324505
-0.0714430647993075 0.159868535644738 -0.234303724944369 0.323362748565184
-0.118041665669252 0.168730339889191 -0.227864320945801 0.278133474480324
-0.193212864716838 0.136871595985633 -0.173736363119109 0.189856039895977
-0.256173865113712 0.0279699475989209 -0.115855554447715 0.164276625641939
-0.218785785166631 -0.145339464642878 -0.0620737720782208 0.19915019523011
-0.0651938959699809 -0.216609376205062 -0.094314034519753 0.268403908239642
-0.0261939998743154 -0.163011440527243 -0.22777033770662 0.368805317603583
-0.0202790574589323 -0.173325060981072 -0.268723332055767 0.414931213971836
