TRXV5
3
4
4
9
string Extension=J
integer IsArchMeasurement=1
integer IsSpherical=1
string Generator=SPM
string GeneratorVersion=1.3.1 Dev
double ArchRadius=0.449999988079071
integer FrequencyAxisIndex=0
integer AzimuthAxisIndex=1
integer ElevationAxisIndex=2
Frequency
5 136 690000000 960000000 LIN
Azimuth
7 8 0 2.74889357189107 LIN
Elevation
7 15 -2.74889357189107 2.74889357189107 LIN
Polar H Real Part
13
Polar H Imaginary Part
14
Polar V Real Part
13
Polar V Imaginary Part
14
Polar H Magnitude (dB)
12 0xC0000002 0 1
Polar H Phase
7 0xC0000003 0 1
Polar V Magnitude (dB)
12 0xC0000002 2 3
Polar V Phase
7 0xC0000003 2 3
-0.0414161682128906 -0.00725555419921875 0.1075439453125 0.681640625
-0.011810302734375 0.1080322265625 -0.0438385009765625 0.246322631835937
0.108383178710938 0.0450973510742188 -0.266983032226563 0.20513916015625
0.0842666625976563 -0.08233642578125 -0.2568359375 0.37152099609375
-0.0126876831054688 -0.0991287231445313 -0.103546142578125 0.3546142578125
-0.0767288208007813 -0.061004638671875 -0.09527587890625 0.29583740234375
-0.094696044921875 0.0152130126953125 -0.174713134765625 0.301483154296875
-0.07855224609375 0.0157852172851563 -0.250823974609375 0.310302734375
-0.0838623046875 0.00226593017578124 -0.35174560546875 0.27490234375
-0.0994110107421875 -0.039154052734375 -0.4183349609375 0.144256591796875
-0.0604400634765625 -0.0826873779296875 -0.3529052734375 0.011383056640625
0.0291290283203125 -0.103927612304688 -0.230224609375 -0.13330078125
0.0980987548828125 0.029052734375 0.0162811279296875 -0.1888427734375
-0.014862060546875 0.115509033203125 0.229095458984375 0.036102294921875
-0.0889129638671875 0.0457229614257812 0.258956909179688 0.184860229492188
-0.109420776367187 -0.25238037109375 0.0577392578125 0.6357421875
-0.137985229492188 -0.140045166015625 -0.0829315185546875 0.188339233398438
-0.0609664916992188 -0.109580993652344 -0.315948486328125 0.2027587890625
-0.0886993408203125 -0.159225463867188 -0.284088134765625 0.39935302734375
-0.167526245117187 -0.118850708007813 -0.08660888671875 0.374053955078125
-0.237197875976563 -0.01275634765625 -0.06024169921875 0.295562744140625
-0.22613525390625 0.0997161865234375 -0.122116088867188 0.258514404296875
-0.203369140625 0.089599609375 -0.191131591796875 0.26348876953125
-0.21209716796875 0.086395263671875 -0.2879638671875 0.243011474609375
-0.2344970703125 0.02508544921875 -0.361785888671875 0.153594970703125
-0.200180053710938 -0.0712127685546875 -0.314605712890625 0.04327392578125
-0.128036499023438 -0.144256591796875 -0.233474731445313 -0.0946350097656251
-0.0184249877929687 -0.1090087890625 -0.00588989257812499 -0.1690673828125
-0.0658950805664063 -0.0815200805664063 0.209548950195312 0.00228881835937499
-0.126708984375 -0.151702880859375 0.24066162109375 0.136749267578125
-0.128662109375 -0.466949462890625 -0.0223388671875 0.52410888671875
-0.211944580078125 -0.388763427734375 -0.145294189453125 0.120086669921875
-0.204803466796875 -0.283294677734375 -0.338958740234375 0.223175048828125
-0.255111694335938 -0.241989135742188 -0.2574462890625 0.43243408203125
-0.309051513671875 -0.136810302734375 -0.021484375 0.3807373046875
-0.368804931640625 0.028656005859375 0.024444580078125 0.268875122070312
-0.325531005859375 0.163360595703125 -0.027252197265625 0.179840087890625
-0.2978515625 0.145904541015625 -0.103286743164063 0.176513671875
-0.30841064453125 0.158966064453125 -0.206893920898438 0.175048828125
-0.33837890625 0.0961608886718751 -0.292816162109375 0.127716064453125
-0.31793212890625 -0.031890869140625 -0.269790649414063 0.0355682373046875
-0.278121948242188 -0.140289306640625 -0.221664428710938 -0.0902557373046875
-0.164886474609375 -0.206573486328125 -0.00547790527343749 -0.170516967773437
-0.152755737304687 -0.251937866210938 0.186874389648438 -0.056060791015625
-0.170379638671875 -0.3338623046875 0.21466064453125 0.0347747802734375
-0.10528564453125 -0.60919189453125 -0.116119384765625 0.3663330078125
-0.23211669921875 -0.5814208984375 -0.220611572265625 0.0482025146484375
-0.30096435546875 -0.420745849609375 -0.33087158203125 0.259307861328125
-0.381805419921875 -0.296356201171875 -0.173492431640625 0.460601806640625
-0.40838623046875 -0.134979248046875 0.089019775390625 0.367584228515625
-0.44384765625 0.0668945312499999 0.145065307617187 0.214004516601563
-0.371734619140625 0.20068359375 0.0934982299804687 0.0750198364257813
-0.34832763671875 0.1783447265625 -0.00155639648437502 0.0629501342773438
-0.360504150390625 0.20849609375 -0.118392944335938 0.0736770629882813
-0.3994140625 0.159637451171875 -0.213302612304688 0.0615081787109375
-0.400360107421875 0.018402099609375 -0.217498779296875 -0.0149993896484375
-0.400665283203125 -0.10662841796875 -0.191818237304688 -0.120437622070313
-0.311279296875 -0.26123046875 0.011474609375 -0.191665649414063
-0.252655029296875 -0.384307861328125 0.154647827148437 -0.12921142578125
-0.203277587890625 -0.47796630859375 0.170333862304688 -0.106857299804688
-0.058837890625 -0.65667724609375 -0.200454711914063 0.189926147460937
-0.21160888671875 -0.66748046875 -0.286651611328125 -0.016448974609375
-0.339019775390625 -0.47088623046875 -0.290069580078125 0.290435791015625
-0.435028076171875 -0.290069580078125 -0.047332763671875 0.459014892578125
-0.429290771484375 -0.100921630859375 0.220245361328125 0.32281494140625
-0.43560791015625 0.0989074707031251 0.280029296875 0.131790161132813
-0.355499267578125 0.2093505859375 0.216842651367187 -0.041168212890625
-0.345245361328125 0.18426513671875 0.0995864868164062 -0.0615005493164062
-0.361236572265625 0.223968505859375 -0.0262184143066406 -0.0435218811035156
-0.407135009765625 0.19134521484375 -0.125495910644531 -0.03399658203125
-0.42755126953125 0.060028076171875 -0.15380859375 -0.0998687744140625
-0.46795654296875 -0.0624084472656249 -0.136077880859375 -0.176483154296875
-0.415313720703125 -0.28570556640625 0.044189453125 -0.214385986328125
-0.323699951171875 -0.466400146484375 0.102386474609375 -0.198883056640625
-0.2099609375 -0.56512451171875 0.10565185546875 -0.281768798828125
-0.00482177734374994 -0.60382080078125 -0.263275146484375 0.0285491943359375
-0.17431640625 -0.6328125 -0.322265625 -0.059967041015625
-0.318603515625 -0.419891357421875 -0.217315673828125 0.298187255859375
-0.399139404296875 -0.214935302734375 0.0834045410156249 0.4151611328125
-0.366058349609375 -0.040740966796875 0.329681396484375 0.247039794921875
-0.34442138671875 0.119110107421875 0.3909912109375 0.034637451171875
-0.27789306640625 0.185943603515625 0.315948486328125 -0.153472900390625
-0.28790283203125 0.1617431640625 0.18438720703125 -0.178573608398438
-0.307098388671875 0.201629638671875 0.05743408203125 -0.158935546875
-0.352752685546875 0.185546875 -0.0351333618164063 -0.13922119140625
-0.392486572265625 0.0785522460937499 -0.077117919921875 -0.198776245117187
-0.461273193359375 -0.0267639160156251 -0.05419921875 -0.24224853515625
-0.443267822265625 -0.285675048828125 0.0966796874999999 -0.231277465820313
-0.328094482421875 -0.4962158203125 0.0478515625 -0.25689697265625
-0.16943359375 -0.57708740234375 0.0380859375 -0.459136962890625
0.03955078125 -0.4674072265625 -0.29833984375 -0.090362548828125
-0.135528564453125 -0.503692626953125 -0.323516845703125 -0.07562255859375
-0.2625732421875 -0.28594970703125 -0.131454467773437 0.278656005859375
-0.296112060546875 -0.0972900390625001 0.187835693359375 0.3367919921875
-0.23968505859375 0.02325439453125 0.391998291015625 0.153839111328125
-0.198944091796875 0.115890502929688 0.4549560546875 -0.058502197265625
-0.160369873046875 0.131301879882813 0.373443603515625 -0.243743896484375
-0.186004638671875 0.113067626953125 0.236923217773438 -0.271240234375
-0.202911376953125 0.14422607421875 0.122344970703125 -0.251449584960938
-0.23956298828125 0.146713256835938 0.04669189453125 -0.231277465820313
-0.2911376953125 0.0807495117187501 0.00225830078124998 -0.28643798828125
-0.37957763671875 -0.00302124023437505 0.045745849609375 -0.2991943359375
-0.387176513671875 -0.2579345703125 0.168136596679687 -0.23358154296875
-0.259674072265625 -0.460113525390625 0.013458251953125 -0.295318603515625
-0.0799865722656251 -0.5037841796875 -0.0118408203125 -0.611572265625
0.0721893310546875 -0.27667236328125 -0.3138427734375 -0.15069580078125
-0.096435546875 -0.313140869140625 -0.299591064453125 -0.0617980957031251
-0.178848266601563 -0.121475219726562 -0.0523529052734375 0.243942260742188
-0.159393310546875 0.0195159912109375 0.253707885742188 0.2451171875
-0.0904312133789063 0.0709991455078125 0.4027099609375 0.06964111328125
-0.0342636108398437 0.0886611938476563 0.4659423828125 -0.134552001953125
-0.0234527587890625 0.0536689758300781 0.383819580078125 -0.3035888671875
-0.0562934875488281 0.0452728271484375 0.25390625 -0.32403564453125
-0.062286376953125 0.0678176879882812 0.157135009765625 -0.306121826171875
-0.0852432250976563 0.0968399047851563 0.10247802734375 -0.29180908203125
-0.14581298828125 0.083160400390625 0.068328857421875 -0.3489990234375
-0.244033813476562 0.0285949707031249 0.14630126953125 -0.33831787109375
-0.267807006835938 -0.18890380859375 0.242263793945312 -0.220199584960938
-0.137115478515625 -0.343109130859375 0.005889892578125 -0.31195068359375
0.03082275390625 -0.346160888671875 -0.02716064453125 -0.71746826171875
-0.0467338562011719 -0.00608825683593749 0.16925048828125 0.6864013671875
-0.00225830078125 0.115180969238281 -0.01751708984375 0.261489868164063
0.115142822265625 0.036865234375 -0.248306274414063 0.231826782226562
0.0755691528320313 -0.0903472900390625 -0.223968505859375 0.39697265625
-0.0220108032226563 -0.0978012084960938 -0.076751708984375 0.362762451171875
-0.0841293334960938 -0.05401611328125 -0.07684326171875 0.3043212890625
-0.0954132080078125 0.026214599609375 -0.152557373046875 0.324066162109375
-0.0798416137695313 0.0244140625 -0.2266845703125 0.340179443359375
-0.0875244140625 0.0114669799804687 -0.332550048828125 0.31512451171875
-0.10699462890625 -0.0288925170898437 -0.412506103515625 0.189117431640625
-0.0697021484375 -0.076141357421875 -0.358642578125 0.0454406738281251
0.0179443359375 -0.108322143554688 -0.246810913085938 -0.110336303710937
0.101226806640625 0.0194473266601563 -0.00204467773437499 -0.185699462890625
-0.00230407714843749 0.119873046875 0.236175537109375 0.0243072509765625
-0.0887298583984375 0.0554656982421875 0.278701782226563 0.169891357421875
-0.1348876953125 -0.251846313476563 0.1148681640625 0.645751953125
-0.15203857421875 -0.129348754882813 -0.064300537109375 0.205459594726563
-0.069061279296875 -0.109100341796875 -0.299285888671875 0.233489990234375
-0.108047485351562 -0.155441284179688 -0.249725341796875 0.426300048828125
-0.1827392578125 -0.1068115234375 -0.05706787109375 0.383514404296875
-0.2427978515625 0.00843811035156253 -0.037994384765625 0.302276611328125
-0.222213745117187 0.123428344726563 -0.104095458984375 0.273117065429688
-0.201065063476562 0.11175537109375 -0.17010498046875 0.285003662109375
-0.211639404296875 0.110397338867187 -0.27142333984375 0.276702880859375
-0.239044189453125 0.0499267578125 -0.354522705078125 0.19488525390625
-0.212173461914063 -0.0526580810546875 -0.31646728515625 0.07513427734375
-0.14776611328125 -0.134262084960938 -0.246047973632813 -0.0704345703125
-0.028594970703125 -0.112205505371094 -0.020416259765625 -0.164703369140625
-0.07147216796875 -0.0777435302734375 0.213638305664062 -0.0084686279296875
-0.144607543945313 -0.14532470703125 0.25506591796875 0.122207641601562
-0.17291259765625 -0.4705810546875 0.020965576171875 0.538665771484375
-0.248626708984375 -0.37835693359375 -0.135108947753906 0.139923095703125
-0.22930908203125 -0.2750244140625 -0.319976806640625 0.25244140625
-0.2841796875 -0.228607177734375 -0.220733642578125 0.457977294921875
-0.329803466796875 -0.112060546875 0.01165771484375 0.385284423828125
-0.372833251953125 0.0623779296874999 0.0471038818359375 0.267364501953125
-0.316619873046875 0.197509765625 -0.015045166015625 0.184661865234375
-0.293701171875 0.178619384765625 -0.08953857421875 0.187026977539062
-0.3043212890625 0.1942138671875 -0.193832397460938 0.198410034179688
-0.339019775390625 0.132781982421875 -0.285003662109375 0.161834716796875
-0.329742431640625 -0.00222778320312502 -0.27001953125 0.0648345947265625
-0.301666259765625 -0.116058349609375 -0.233596801757813 -0.065521240234375
-0.186233520507813 -0.198684692382813 -0.0182952880859375 -0.166824340820313
-0.175079345703125 -0.245559692382812 0.186813354492188 -0.0670013427734375
-0.203704833984375 -0.328887939453125 0.218154907226563 0.01971435546875
-0.1607666015625 -0.61810302734375 -0.088470458984375 0.384002685546875
-0.28631591796875 -0.57342529296875 -0.219009399414063 0.0694122314453125
-0.33905029296875 -0.407196044921875 -0.308563232421875 0.2874755859375
-0.4193115234375 -0.272430419921875 -0.134979248046875 0.476898193359375
-0.430694580078125 -0.103546142578125 0.122955322265625 0.364532470703125
-0.44488525390625 0.10565185546875 0.1680908203125 0.202850341796875
-0.360809326171875 0.239990234375 0.098846435546875 0.06671142578125
-0.34173583984375 0.21722412109375 0.00444412231445311 0.0621604919433594
-0.352752685546875 0.25006103515625 -0.111824035644531 0.0858917236328125
-0.395263671875 0.202362060546875 -0.208709716796875 0.087310791015625
-0.410064697265625 0.056671142578125 -0.221145629882813 0.00912475585937503
-0.423492431640625 -0.0713806152343749 -0.205520629882813 -0.0987701416015625
-0.339385986328125 -0.243072509765625 -0.00225830078125001 -0.191650390625
-0.288238525390625 -0.374755859375 0.145095825195312 -0.140365600585938
-0.250457763671875 -0.474761962890625 0.160507202148437 -0.12225341796875
-0.11700439453125 -0.672119140625 -0.18792724609375 0.209014892578125
-0.2733154296875 -0.66217041015625 -0.29339599609375 0.00848388671874993
-0.3828125 -0.45501708984375 -0.265838623046875 0.314300537109375
-0.47198486328125 -0.2579345703125 -0.00711059570312508 0.46514892578125
-0.44915771484375 -0.066802978515625 0.2528076171875 0.30731201171875
-0.43389892578125 0.13775634765625 0.2994384765625 0.1075439453125
-0.342803955078125 0.245697021484375 0.21405029296875 -0.063079833984375
-0.338897705078125 0.22308349609375 0.09588623046875 -0.07470703125
-0.351348876953125 0.26593017578125 -0.0280647277832031 -0.0423126220703125
-0.400299072265625 0.235260009765625 -0.12652587890625 -0.0177841186523437
-0.4359130859375 0.09893798828125 -0.16357421875 -0.0825347900390625
-0.489288330078125 -0.021636962890625 -0.15521240234375 -0.161087036132813
-0.44744873046875 -0.2579345703125 0.0284423828125 -0.221084594726563
-0.367889404296875 -0.452117919921875 0.0850067138671875 -0.209457397460938
-0.2652587890625 -0.564208984375 0.079681396484375 -0.295166015625
-0.0582275390625 -0.6212158203125 -0.264617919921875 0.0485534667968749
-0.23284912109375 -0.633056640625 -0.334808349609375 -0.036407470703125
-0.359130859375 -0.4031982421875 -0.192962646484375 0.313873291015625
-0.428253173828125 -0.18646240234375 0.12109375 0.406158447265625
-0.3756103515625 -0.010406494140625 0.35968017578125 0.219268798828125
-0.33868408203125 0.147552490234375 0.40399169921875 -0.000885009765624991
-0.265640258789062 0.21392822265625 0.30572509765625 -0.186126708984375
-0.28173828125 0.193695068359375 0.172271728515625 -0.200958251953125
-0.298431396484375 0.236724853515625 0.047515869140625 -0.168563842773437
-0.345611572265625 0.222900390625 -0.0439300537109375 -0.133926391601563
-0.396575927734375 0.1148681640625 -0.0950317382812501 -0.189437866210937
-0.476470947265625 0.0122070312500001 -0.0783843994140625 -0.23583984375
-0.475250244140625 -0.2542724609375 0.0797576904296875 -0.243972778320313
-0.376007080078125 -0.48199462890625 0.0234375 -0.265182495117188
-0.22491455078125 -0.58209228515625 -0.00558471679687498 -0.470733642578125
-0.00170898437500001 -0.48516845703125 -0.3104248046875 -0.071441650390625
-0.183013916015625 -0.5032958984375 -0.338287353515625 -0.05413818359375
-0.28961181640625 -0.272613525390625 -0.1104736328125 0.286407470703125
-0.311126708984375 -0.074615478515625 0.220123291015625 0.31597900390625
-0.241455078125 0.0435638427734375 0.4136962890625 0.11883544921875
-0.190216064453125 0.1317138671875 0.46063232421875 -0.10443115234375
-0.149917602539062 0.146560668945313 0.35693359375 -0.284942626953125
-0.181259155273437 0.1341552734375 0.218017578125 -0.299285888671875
-0.196990966796875 0.166473388671875 0.104446411132812 -0.269058227539063
-0.2318115234375 0.1712646484375 0.031494140625 -0.235687255859375
-0.29058837890625 0.10711669921875 -0.021240234375 -0.28570556640625
-0.390655517578125 0.030120849609375 0.01812744140625 -0.304962158203125
-0.416046142578125 -0.230621337890625 0.149749755859375 -0.254302978515625
-0.302886962890625 -0.447967529296875 -0.01617431640625 -0.303436279296875
-0.128631591796875 -0.513214111328125 -0.06842041015625 -0.62237548828125
0.04852294921875 -0.290771484375 -0.330108642578125 -0.132110595703125
-0.126861572265625 -0.3109130859375 -0.313385009765625 -0.0427246093750001
-0.1903076171875 -0.110366821289063 -0.0338592529296875 0.244430541992188
-0.16107177734375 0.03204345703125 0.278274536132813 0.218490600585938
-0.0842819213867188 0.07879638671875 0.41741943359375 0.030975341796875
-0.0250625610351563 0.0880050659179688 0.46514892578125 -0.18133544921875
-0.0179824829101562 0.0540695190429688 0.363250732421875 -0.345306396484375
-0.0546798706054688 0.051513671875 0.229736328125 -0.354156494140625
-0.0603561401367187 0.0737762451171875 0.135284423828125 -0.327301025390625
-0.0782928466796875 0.104804992675781 0.082550048828125 -0.30340576171875
-0.142333984375 0.0963134765625 0.040283203125 -0.354461669921875
-0.246917724609375 0.049468994140625 0.114837646484375 -0.354766845703125
-0.287689208984375 -0.171051025390625 0.225341796875 -0.249176025390625
-0.169525146484375 -0.338775634765625 -0.025848388671875 -0.321197509765625
-0.000183105468749987 -0.359161376953125 -0.0914306640625 -0.730224609375
-0.0502090454101563 -0.00415420532226562 0.22296142578125 0.665283203125
0.0087127685546875 0.115928649902344 0.010711669921875 0.263031005859375
0.117996215820313 0.027923583984375 -0.220687866210937 0.247177124023438
0.065216064453125 -0.094635009765625 -0.18548583984375 0.404083251953125
-0.0296554565429687 -0.0929031372070312 -0.047760009765625 0.358062744140625
-0.0869064331054687 -0.045501708984375 -0.056396484375 0.30181884765625
-0.09112548828125 0.0363006591796875 -0.12701416015625 0.328887939453125
-0.0764312744140625 0.0325241088867187 -0.195648193359375 0.35235595703125
-0.0860137939453125 0.021636962890625 -0.298553466796875 0.339080810546875
-0.107795715332031 -0.0175018310546875 -0.387908935546875 0.224273681640625
-0.0752105712890625 -0.0672760009765625 -0.347900390625 0.074981689453125
0.00600433349609374 -0.107139587402344 -0.250564575195313 -0.0837860107421875
0.100730895996094 0.00920867919921875 -0.0160064697265625 -0.174072265625
0.0089569091796875 0.119758605957031 0.235000610351563 0.0118560791015625
-0.0835418701171875 0.0629043579101562 0.285125732421875 0.14910888671875
-0.155685424804688 -0.240890502929688 0.1622314453125 0.62738037109375
-0.156829833984375 -0.113922119140625 -0.040283203125 0.212875366210938
-0.0739288330078125 -0.103843688964844 -0.27001953125 0.249664306640625
-0.12139892578125 -0.144821166992187 -0.20947265625 0.434173583984375
-0.18902587890625 -0.0892181396484375 -0.026092529296875 0.37615966796875
-0.237899780273438 0.0285491943359375 -0.017669677734375 0.297149658203125
-0.208206176757813 0.141998291015625 -0.08367919921875 0.276962280273438
-0.190017700195313 0.130264282226563 -0.1444091796875 0.29327392578125
-0.199600219726563 0.129852294921875 -0.24169921875 0.297119140625
-0.2322998046875 0.071258544921875 -0.32861328125 0.224365234375
-0.214218139648437 -0.0316162109375 -0.30194091796875 0.102813720703125
-0.16015625 -0.11932373046875 -0.246002197265625 -0.042816162109375
-0.0380783081054687 -0.109588623046875 -0.02996826171875 -0.15313720703125
-0.07391357421875 -0.0714492797851562 0.210220336914063 -0.0194244384765625
-0.15411376953125 -0.132247924804688 0.256759643554688 0.103927612304687
-0.208953857421875 -0.453704833984375 0.061614990234375 0.5302734375
-0.270965576171875 -0.354766845703125 -0.116836547851563 0.151596069335937
-0.243026733398438 -0.256988525390625 -0.28900146484375 0.269927978515625
-0.301849365234375 -0.202972412109375 -0.178985595703125 0.460784912109375
-0.33428955078125 -0.085174560546875 0.04217529296875 0.37451171875
-0.3599853515625 0.0899963378906251 0.06634521484375 0.257110595703125
-0.2957763671875 0.220855712890625 -0.003753662109375 0.181289672851563
-0.275741577148438 0.203598022460937 -0.0726318359375 0.189697265625
-0.283447265625 0.22076416015625 -0.17242431640625 0.2109375
-0.322509765625 0.162689208984375 -0.262344360351563 0.185333251953125
-0.326751708984375 0.025970458984375 -0.256622314453125 0.0885772705078125
-0.30938720703125 -0.0895690917968749 -0.232818603515625 -0.0394439697265625
-0.198318481445313 -0.184677124023438 -0.026947021484375 -0.15673828125
-0.1878662109375 -0.231201171875 0.179244995117188 -0.0749664306640625
-0.2275390625 -0.310302734375 0.212066650390625 0.00630187988281248
-0.2109375 -0.601806640625 -0.056915283203125 0.384368896484375
-0.323486328125 -0.54205322265625 -0.207275390625 0.0889434814453125
-0.36199951171875 -0.3790283203125 -0.278350830078125 0.300872802734375
-0.43707275390625 -0.2376708984375 -0.0943603515625001 0.471893310546875
-0.4337158203125 -0.066619873046875 0.15081787109375 0.344024658203125
-0.428009033203125 0.137481689453125 0.18157958984375 0.184066772460938
-0.33380126953125 0.264617919921875 0.0996170043945313 0.0566635131835938
-0.3192138671875 0.2457275390625 0.00884246826171872 0.05828857421875
-0.32635498046875 0.27972412109375 -0.100997924804688 0.0944595336914062
-0.374114990234375 0.233795166015625 -0.194091796875 0.107070922851563
-0.40155029296875 0.08984375 -0.213027954101563 0.031982421875
-0.42730712890625 -0.0354003906249999 -0.207260131835938 -0.0735931396484375
-0.35211181640625 -0.21697998046875 -0.0136260986328125 -0.184478759765625
-0.310577392578125 -0.348907470703125 0.132354736328125 -0.145309448242188
-0.28717041015625 -0.452239990234375 0.1441650390625 -0.130126953125
-0.17120361328125 -0.65643310546875 -0.16912841796875 0.219024658203125
-0.322021484375 -0.629638671875 -0.28753662109375 0.031768798828125
-0.40966796875 -0.424285888671875 -0.233734130859375 0.32196044921875
-0.487548828125 -0.220916748046875 0.0286254882812499 0.449371337890625
-0.448822021484375 -0.030487060546875 0.275146484375 0.278060913085938
-0.41314697265625 0.167633056640625 0.304595947265625 0.078765869140625
-0.31549072265625 0.268463134765625 0.202957153320312 -0.081390380859375
-0.315887451171875 0.250701904296875 0.0879440307617187 -0.0836563110351562
-0.325439453125 0.293731689453125 -0.0298690795898438 -0.0408592224121093
-0.374847412109375 0.26812744140625 -0.120567321777344 -0.0037994384765625
-0.42449951171875 0.134765625 -0.163970947265625 -0.0625457763671875
-0.48583984375 0.0182495117187499 -0.164505004882813 -0.1387939453125
-0.458984375 -0.2220458984375 0.0130462646484375 -0.217193603515625
-0.396240234375 -0.422698974609375 0.065277099609375 -0.21051025390625
-0.308746337890625 -0.537933349609375 0.04986572265625 -0.29388427734375
-0.10858154296875 -0.61181640625 -0.255813598632813 0.065826416015625
-0.27996826171875 -0.60369873046875 -0.333526611328125 -0.011199951171875
-0.382720947265625 -0.373992919921875 -0.166839599609375 0.3150634765625
-0.43695068359375 -0.149078369140625 0.149749755859375 0.38104248046875
-0.371429443359375 0.019317626953125 0.369781494140625 0.18304443359375
-0.319091796875 0.168304443359375 0.399871826171875 -0.0369873046875
-0.242767333984375 0.229568481445313 0.282928466796875 -0.210296630859375
-0.262725830078125 0.216812133789062 0.151275634765625 -0.2139892578125
-0.275543212890625 0.260147094726562 0.0337066650390625 -0.171096801757812
-0.322021484375 0.248870849609375 -0.04901123046875 -0.124908447265625
-0.382843017578125 0.144775390625 -0.105010986328125 -0.1729736328125
-0.470794677734375 0.05120849609375 -0.0962677001953125 -0.219482421875
-0.484588623046875 -0.217437744140625 0.059356689453125 -0.24700927734375
-0.40576171875 -0.4488525390625 -0.00152587890625001 -0.26092529296875
-0.269866943359375 -0.559967041015625 -0.04693603515625 -0.46185302734375
-0.0421142578125 -0.48040771484375 -0.309600830078125 -0.0502624511718751
-0.22186279296875 -0.48052978515625 -0.338623046875 -0.029815673828125
-0.30419921875 -0.24761962890625 -0.087921142578125 0.281524658203125
-0.312469482421875 -0.0492248535156251 0.238067626953125 0.28271484375
-0.233642578125 0.0608367919921875 0.414886474609375 0.079864501953125
-0.175262451171875 0.13885498046875 0.4454345703125 -0.142303466796875
-0.1343994140625 0.153182983398437 0.325286865234375 -0.31121826171875
-0.169479370117187 0.14801025390625 0.18804931640625 -0.313446044921875
-0.18304443359375 0.18231201171875 0.08197021484375 -0.274200439453125
-0.214691162109375 0.187255859375 0.01617431640625 -0.230865478515625
-0.279495239257813 0.128448486328125 -0.0416717529296875 -0.27362060546875
-0.3834228515625 0.06072998046875 -0.00875854492187505 -0.29583740234375
-0.42462158203125 -0.197235107421875 0.124954223632812 -0.263900756835937
-0.330810546875 -0.42242431640625 -0.0452880859375 -0.297607421875
-0.169403076171875 -0.500457763671875 -0.12078857421875 -0.605712890625
0.02374267578125 -0.292205810546875 -0.333648681640625 -0.1092529296875
-0.1512451171875 -0.294891357421875 -0.31396484375 -0.0215759277343751
-0.194778442382813 -0.09600830078125 -0.0173797607421875 0.235076904296875
-0.154739379882812 0.0446014404296875 0.286865234375 0.182403564453125
-0.0752334594726563 0.0823211669921875 0.410491943359375 -0.00805664062499999
-0.017303466796875 0.082000732421875 0.441314697265625 -0.221099853515625
-0.0125694274902344 0.0513496398925781 0.32568359375 -0.371612548828125
-0.0507965087890625 0.0556526184082031 0.1961669921875 -0.36810302734375
-0.0560684204101562 0.0773239135742188 0.10748291015625 -0.333099365234375
-0.0686874389648437 0.107307434082031 0.061187744140625 -0.302581787109375
-0.132774353027344 0.104629516601562 0.0133056640625 -0.346710205078125
-0.239486694335938 0.0673675537109375 0.081085205078125 -0.35369873046875
-0.294708251953125 -0.146728515625 0.1986083984375 -0.266708374023438
-0.193023681640625 -0.32269287109375 -0.0562744140625 -0.314178466796875
-0.031585693359375 -0.35693359375 -0.150634765625 -0.7115478515625
-0.0526657104492188 -0.00218200683593749 0.2491455078125 0.6331787109375
0.0167007446289062 0.113204956054687 0.03118896484375 0.256576538085938
0.1177978515625 0.0203170776367188 -0.195785522460937 0.248245239257813
0.0564346313476562 -0.0931854248046875 -0.15606689453125 0.394866943359375
-0.0319366455078125 -0.0868988037109375 -0.02960205078125 0.34490966796875
-0.0849761962890625 -0.038604736328125 -0.044158935546875 0.292999267578125
-0.0849761962890625 0.0423736572265625 -0.109588623046875 0.3251953125
-0.07269287109375 0.0377655029296875 -0.170867919921875 0.350677490234375
-0.0822830200195313 0.028076171875 -0.2674560546875 0.346649169921875
-0.106201171875 -0.00862121582031252 -0.360687255859375 0.240875244140625
-0.0754776000976563 -0.05926513671875 -0.3309326171875 0.093597412109375
-0.00167083740234374 -0.102363586425781 -0.244522094726563 -0.061981201171875
0.0969314575195313 0.00295257568359375 -0.0231170654296875 -0.160232543945313
0.0170135498046875 0.11737060546875 0.228866577148437 0.00599670410156251
-0.0789413452148437 0.0664901733398438 0.2808837890625 0.134445190429688
-0.16619873046875 -0.228164672851563 0.18682861328125 0.6024169921875
-0.154754638671875 -0.10198974609375 -0.0226898193359375 0.210983276367188
-0.073577880859375 -0.101005554199219 -0.245452880859375 0.252182006835938
-0.127410888671875 -0.133918762207031 -0.17822265625 0.42596435546875
-0.18670654296875 -0.076568603515625 -0.00732421874999999 0.362030029296875
-0.227584838867187 0.03839111328125 -0.004730224609375 0.285980224609375
-0.192520141601562 0.148788452148438 -0.0701446533203125 0.272735595703125
-0.176467895507813 0.138427734375 -0.12542724609375 0.290191650390625
-0.186264038085938 0.14019775390625 -0.214599609375 0.299652099609375
-0.221054077148438 0.08447265625 -0.302276611328125 0.236724853515625
-0.209213256835938 -0.0182037353515625 -0.28399658203125 0.117828369140625
-0.161941528320313 -0.104522705078125 -0.2373046875 -0.0240478515625
-0.0427169799804688 -0.106773376464844 -0.0343170166015625 -0.140167236328125
-0.0726547241210938 -0.0664749145507813 0.20452880859375 -0.0235137939453125
-0.156463623046875 -0.12066650390625 0.250885009765625 0.091705322265625
-0.228973388671875 -0.432159423828125 0.0843505859375 0.511444091796875
-0.27825927734375 -0.329345703125 -0.101348876953125 0.156448364257812
-0.24468994140625 -0.243179321289063 -0.262237548828125 0.274551391601563
-0.3035888671875 -0.183074951171875 -0.14971923828125 0.449432373046875
-0.328094482421875 -0.06634521484375 0.0601806640625 0.35723876953125
-0.3441162109375 0.1031494140625 0.07635498046875 0.2423095703125
-0.27374267578125 0.229293823242188 0.00279235839843747 0.175857543945313
-0.256378173828125 0.214645385742188 -0.061614990234375 0.185989379882813
-0.26153564453125 0.233367919921875 -0.154403686523438 0.213394165039063
-0.30438232421875 0.176422119140625 -0.23968505859375 0.19757080078125
-0.31634521484375 0.04412841796875 -0.239822387695313 0.102142333984375
-0.307464599609375 -0.068359375 -0.222640991210938 -0.019744873046875
-0.200119018554688 -0.171051025390625 -0.0307769775390625 -0.146743774414063
-0.191009521484375 -0.218109130859375 0.170883178710938 -0.077484130859375
-0.23577880859375 -0.29083251953125 0.201858520507813 -0.000885009765625018
-0.23773193359375 -0.57489013671875 -0.036163330078125 0.37652587890625
-0.339111328125 -0.509552001953125 -0.192855834960938 0.0977783203125
-0.36669921875 -0.357421875 -0.252471923828125 0.299713134765625
-0.438751220703125 -0.21044921875 -0.0669555664062501 0.455841064453125
-0.421661376953125 -0.0452270507812499 0.1644287109375 0.32318115234375
-0.405975341796875 0.152191162109375 0.185943603515625 0.165740966796875
-0.309478759765625 0.2734375 0.0955810546875 0.0492019653320313
-0.298583984375 0.25775146484375 0.0102500915527344 0.0541915893554688
-0.3018798828125 0.2919921875 -0.09228515625 0.0963592529296875
-0.34979248046875 0.248992919921875 -0.17669677734375 0.11712646484375
-0.387481689453125 0.108673095703125 -0.2010498046875 0.0449066162109375
-0.4178466796875 -0.0113525390625001 -0.201889038085938 -0.05438232421875
-0.35125732421875 -0.195281982421875 -0.0191650390625 -0.174591064453125
-0.31561279296875 -0.327667236328125 0.119873046875 -0.143280029296875
-0.300537109375 -0.42706298828125 0.128677368164062 -0.1290283203125
-0.20111083984375 -0.6298828125 -0.152420043945313 0.21942138671875
-0.34075927734375 -0.594482421875 -0.274444580078125 0.0445556640625
-0.414337158203125 -0.397613525390625 -0.211639404296875 0.317901611328125
-0.485809326171875 -0.18994140625 0.046417236328125 0.42596435546875
-0.43585205078125 -0.00714111328124993 0.2801513671875 0.25103759765625
-0.39178466796875 0.179443359375 0.300262451171875 0.057891845703125
-0.29119873046875 0.27386474609375 0.189590454101562 -0.0897979736328125
-0.2933349609375 0.26104736328125 0.0790176391601562 -0.0878677368164062
-0.299560546875 0.3060302734375 -0.0310020446777344 -0.0387458801269531
-0.34783935546875 0.2802734375 -0.112052917480469 0.00580596923828125
-0.4066162109375 0.153076171875 -0.156509399414063 -0.0477447509765625
-0.473297119140625 0.04425048828125 -0.163223266601563 -0.119094848632812
-0.45367431640625 -0.196258544921875 0.00411987304687499 -0.209793090820312
-0.40234375 -0.39410400390625 0.050201416015625 -0.2030029296875
-0.327056884765625 -0.51080322265625 0.029052734375 -0.283905029296875
-0.13739013671875 -0.5875244140625 -0.2432861328125 0.0739135742187499
-0.30059814453125 -0.57037353515625 -0.32275390625 0.00497436523437492
-0.385650634765625 -0.347198486328125 -0.147674560546875 0.307861328125
-0.43243408203125 -0.124237060546875 0.157867431640625 0.354705810546875
-0.359466552734375 0.0364074707031249 0.366058349609375 0.153900146484375
-0.301177978515625 0.17327880859375 0.385894775390625 -0.059814453125
-0.223617553710937 0.23162841796875 0.260894775390625 -0.219589233398437
-0.2431640625 0.225189208984375 0.133712768554687 -0.21685791015625
-0.255874633789062 0.270217895507813 0.0232086181640625 -0.168914794921875
-0.2984619140625 0.257781982421875 -0.0482711791992188 -0.115562438964844
-0.366455078125 0.159912109375 -0.106369018554688 -0.157119750976562
-0.455596923828125 0.0748291015625 -0.104217529296875 -0.20074462890625
-0.478912353515625 -0.18890380859375 0.0448455810546875 -0.242279052734375
-0.41400146484375 -0.418975830078125 -0.0181121826171875 -0.250900268554688
-0.290740966796875 -0.531158447265625 -0.0726318359375001 -0.44061279296875
-0.066619873046875 -0.465087890625 -0.30047607421875 -0.035888671875
-0.240264892578125 -0.4522705078125 -0.330535888671875 -0.0134887695312501
-0.30419921875 -0.22869873046875 -0.0745697021484375 0.2713623046875
-0.305511474609375 -0.032562255859375 0.238433837890625 0.254974365234375
-0.223251342773438 0.069915771484375 0.40325927734375 0.051239013671875
-0.16326904296875 0.137908935546875 0.42266845703125 -0.1649169921875
-0.1226806640625 0.151229858398437 0.296112060546875 -0.3182373046875
-0.15704345703125 0.15252685546875 0.164337158203125 -0.31396484375
-0.169174194335938 0.187576293945313 0.064605712890625 -0.2711181640625
-0.199020385742188 0.1925048828125 0.00799560546874999 -0.22235107421875
-0.266204833984375 0.137191772460938 -0.050323486328125 -0.257125854492188
-0.36871337890625 0.076934814453125 -0.024810791015625 -0.279891967773438
-0.41766357421875 -0.1724853515625 0.105621337890625 -0.264205932617188
-0.339874267578125 -0.395599365234375 -0.06298828125 -0.285125732421875
-0.191009521484375 -0.47784423828125 -0.1502685546875 -0.5780029296875
0.00671386718749999 -0.28643798828125 -0.324066162109375 -0.0942077636718751
-0.163253784179687 -0.277191162109375 -0.3067626953125 -0.00790405273437501
-0.1922607421875 -0.0854339599609375 -0.0091094970703125 0.22265625
-0.147567749023438 0.049957275390625 0.278518676757813 0.155227661132813
-0.0684051513671875 0.0832901000976563 0.393280029296875 -0.033935546875
-0.01397705078125 0.075775146484375 0.4140625 -0.2406005859375
-0.0108070373535156 0.0461692810058594 0.294586181640625 -0.377471923828125
-0.047576904296875 0.0552558898925781 0.170013427734375 -0.3663330078125
-0.0522003173828125 0.0776519775390625 0.086700439453125 -0.328582763671875
-0.0621414184570313 0.105659484863281 0.047821044921875 -0.29296875
-0.123344421386719 0.106803894042969 -0.00280761718750002 -0.33154296875
-0.229461669921875 0.077423095703125 0.0576171875 -0.34136962890625
-0.2906494140625 -0.128936767578125 0.175384521484375 -0.26995849609375
-0.200836181640625 -0.304901123046875 -0.07537841796875 -0.3018798828125
-0.05059814453125 -0.34613037109375 -0.18292236328125 -0.6800537109375
-0.0562095642089844 -0.00109481811523437 0.2568359375 0.61578369140625
0.0215530395507813 0.111305236816406 0.0428314208984375 0.251541137695313
0.117485046386719 0.0162277221679688 -0.182708740234375 0.244476318359375
0.052337646484375 -0.0908737182617188 -0.14263916015625 0.385101318359375
-0.03167724609375 -0.0829315185546875 -0.023223876953125 0.333709716796875
-0.082183837890625 -0.036865234375 -0.041412353515625 0.28704833984375
-0.0808486938476563 0.044219970703125 -0.102020263671875 0.32073974609375
-0.0688133239746094 0.0413055419921875 -0.158721923828125 0.348480224609375
-0.0793228149414063 0.031951904296875 -0.2503662109375 0.34576416015625
-0.102729797363281 -0.00423431396484374 -0.342987060546875 0.245330810546875
-0.074249267578125 -0.0544204711914063 -0.319549560546875 0.10137939453125
-0.00511169433593751 -0.0981979370117188 -0.237808227539063 -0.0506439208984375
0.09393310546875 0.00140380859375 -0.0224761962890625 -0.149032592773438
0.0209503173828125 0.116325378417969 0.225784301757812 0.00730895996093751
-0.07598876953125 0.0674209594726563 0.275131225585938 0.129959106445313
-0.170928955078125 -0.220565795898438 0.195556640625 0.58648681640625
-0.151336669921875 -0.097564697265625 -0.0124359130859375 0.207962036132813
-0.0712814331054688 -0.101005554199219 -0.23095703125 0.249526977539063
-0.128448486328125 -0.128898620605469 -0.164703369140625 0.415863037109375
-0.184005737304688 -0.0726165771484375 -0.00122070312500003 0.350616455078125
-0.220993041992188 0.0403594970703125 -0.00137329101562499 0.277877807617188
-0.185211181640625 0.150894165039062 -0.0664520263671875 0.268585205078125
-0.16986083984375 0.141983032226562 -0.1162109375 0.286346435546875
-0.177047729492188 0.144210815429688 -0.20257568359375 0.298248291015625
-0.213088989257813 0.088653564453125 -0.285797119140625 0.241302490234375
-0.20574951171875 -0.011505126953125 -0.271743774414063 0.122695922851563
-0.16241455078125 -0.09716796875 -0.22784423828125 -0.0128936767578125
-0.0424575805664063 -0.104354858398438 -0.0323028564453125 -0.1324462890625
-0.0694961547851562 -0.0650520324707031 0.200607299804688 -0.0213775634765625
-0.155746459960938 -0.115615844726562 0.244155883789062 0.0897216796875
-0.234893798828125 -0.421630859375 0.091094970703125 0.49981689453125
-0.273895263671875 -0.31964111328125 -0.091766357421875 0.156600952148437
-0.242538452148437 -0.23931884765625 -0.250473022460938 0.269912719726563
-0.3046875 -0.174530029296875 -0.13763427734375 0.4376220703125
-0.3233642578125 -0.059295654296875 0.066680908203125 0.3450927734375
-0.336456298828125 0.104827880859375 0.07891845703125 0.23358154296875
-0.262680053710938 0.230300903320313 0.00250244140624999 0.173248291015625
-0.245376586914063 0.218536376953125 -0.0591888427734375 0.183425903320312
-0.249603271484375 0.2366943359375 -0.145355224609375 0.212493896484375
-0.293121337890625 0.181793212890625 -0.224884033203125 0.20050048828125
-0.308563232421875 0.0513916015625 -0.229263305664063 0.107589721679688
-0.30426025390625 -0.059112548828125 -0.213958740234375 -0.00915527343749997
-0.198165893554688 -0.166290283203125 -0.0292129516601563 -0.140411376953125
-0.189071655273438 -0.213272094726562 0.165817260742188 -0.073974609375
-0.236785888671875 -0.2818603515625 0.194046020507812 9.15527343749827E-05
-0.24566650390625 -0.5618896484375 -0.028564453125 0.369049072265625
-0.33905029296875 -0.4931640625 -0.18475341796875 0.0997772216796875
-0.3623046875 -0.34967041015625 -0.238250732421875 0.29473876953125
-0.436187744140625 -0.199127197265625 -0.05902099609375 0.443267822265625
-0.417510986328125 -0.0371093750000001 0.167327880859375 0.30908203125
-0.3946533203125 0.153167724609375 0.186737060546875 0.15576171875
-0.297943115234375 0.27337646484375 0.0919570922851562 0.0455703735351563
-0.288421630859375 0.261260986328125 0.00830459594726561 0.0505714416503906
-0.288421630859375 0.29681396484375 -0.0881576538085938 0.0953750610351563
-0.33648681640625 0.25531005859375 -0.16473388671875 0.120132446289062
-0.378875732421875 0.1168212890625 -0.191574096679688 0.0514373779296875
-0.41278076171875 -0.000366210937500078 -0.193618774414063 -0.0431976318359375
-0.34588623046875 -0.188720703125 -0.018829345703125 -0.16888427734375
-0.314697265625 -0.321533203125 0.113655090332031 -0.138084411621094
-0.30328369140625 -0.41424560546875 0.118766784667969 -0.124626159667969
-0.21221923828125 -0.61279296875 -0.145843505859375 0.216720581054687
-0.34234619140625 -0.57537841796875 -0.266006469726563 0.0486450195312499
-0.41162109375 -0.388580322265625 -0.20025634765625 0.311004638671875
-0.480438232421875 -0.178436279296875 0.050201416015625 0.4119873046875
-0.427032470703125 -0.00161743164062498 0.277862548828125 0.237945556640625
-0.37957763671875 0.178955078125 0.296356201171875 0.047821044921875
-0.279937744140625 0.272186279296875 0.18060302734375 -0.0928192138671875
-0.283782958984375 0.265289306640625 0.0731964111328125 -0.0882415771484375
-0.28759765625 0.3094482421875 -0.0315742492675782 -0.0381355285644531
-0.335723876953125 0.28466796875 -0.103790283203125 0.00950622558593753
-0.39892578125 0.159881591796875 -0.150772094726563 -0.0401458740234375
-0.465728759765625 0.0533447265625 -0.158950805664063 -0.106887817382813
-0.44677734375 -0.188018798828125 0.000991821289062455 -0.204208374023438
-0.39923095703125 -0.382965087890625 0.0429229736328125 -0.196578979492188
-0.330535888671875 -0.496063232421875 0.0189361572265625 -0.273300170898438
-0.1474609375 -0.573974609375 -0.236404418945312 0.07501220703125
-0.30584716796875 -0.5526123046875 -0.314971923828125 0.0101318359375
-0.3839111328125 -0.339019775390625 -0.139801025390625 0.298675537109375
-0.42681884765625 -0.113677978515625 0.1563720703125 0.339019775390625
-0.350799560546875 0.040252685546875 0.359527587890625 0.140655517578125
-0.292022705078125 0.172607421875 0.3773193359375 -0.0703125
-0.21453857421875 0.22802734375 0.248275756835938 -0.221435546875
-0.235671997070312 0.226409912109375 0.123626708984375 -0.216018676757813
-0.244186401367187 0.271865844726563 0.018646240234375 -0.16534423828125
-0.287261962890625 0.261199951171875 -0.044952392578125 -0.110694885253906
-0.35662841796875 0.16400146484375 -0.103652954101563 -0.1474609375
-0.447906494140625 0.0815734863281249 -0.103668212890625 -0.188369750976563
-0.471221923828125 -0.179931640625 0.0390472412109375 -0.23858642578125
-0.412689208984375 -0.40985107421875 -0.0261077880859375 -0.243484497070313
-0.29656982421875 -0.516510009765625 -0.084869384765625 -0.42657470703125
-0.0741577148437499 -0.453338623046875 -0.292144775390625 -0.032958984375
-0.24493408203125 -0.437652587890625 -0.323272705078125 -0.00955200195312501
-0.3028564453125 -0.224090576171875 -0.0705413818359375 0.262619018554687
-0.299163818359375 -0.0255126953125 0.231414794921875 0.239181518554688
-0.217636108398437 0.0723724365234375 0.390777587890625 0.03790283203125
-0.159149169921875 0.13409423828125 0.409515380859375 -0.174346923828125
-0.118438720703125 0.147247314453125 0.28057861328125 -0.31878662109375
-0.151596069335938 0.15264892578125 0.15325927734375 -0.310821533203125
-0.162643432617188 0.188018798828125 0.0572052001953125 -0.26593017578125
-0.191207885742187 0.192123413085938 0.00817871093749998 -0.216217041015625
-0.259689331054688 0.13934326171875 -0.051513671875 -0.246658325195313
-0.361907958984375 0.0814208984375 -0.02960205078125 -0.2677001953125
-0.411468505859375 -0.16595458984375 0.096038818359375 -0.261886596679688
-0.340087890625 -0.3857421875 -0.071258544921875 -0.276519775390625
-0.198455810546875 -0.465972900390625 -0.160919189453125 -0.559173583984375
-0.000122070312499994 -0.280258178710938 -0.31695556640625 -0.088958740234375
-0.1668701171875 -0.266754150390625 -0.300506591796875 -0.00399780273437495
-0.189559936523438 -0.083892822265625 -0.00839233398437502 0.213287353515625
-0.142623901367188 0.0516510009765625 0.268325805664063 0.140869140625
-0.06597900390625 0.0818557739257812 0.378021240234375 -0.044464111328125
-0.0143585205078125 0.0705337524414063 0.398651123046875 -0.24847412109375
-0.0112724304199219 0.04241943359375 0.277740478515625 -0.375274658203125
-0.0471076965332031 0.0547409057617187 0.157012939453125 -0.3609619140625
-0.0514907836914063 0.0774383544921875 0.078033447265625 -0.32208251953125
-0.0593795776367187 0.103446960449219 0.04327392578125 -0.28533935546875
-0.119071960449219 0.105575561523438 -0.00750732421875001 -0.319305419921875
-0.223541259765625 0.079864501953125 0.047943115234375 -0.329803466796875
-0.285552978515625 -0.122955322265625 0.1622314453125 -0.269195556640625
-0.20220947265625 -0.297149658203125 -0.08489990234375 -0.293182373046875
-0.05877685546875 -0.33746337890625 -0.19427490234375 -0.65997314453125
-0.0603446960449219 -6.48498535156244E-05 0.26416015625 0.6163330078125
0.024658203125 0.11138916015625 0.0513916015625 0.25384521484375
0.119216918945312 0.0138397216796875 -0.176956176757813 0.246414184570313
0.0520553588867188 -0.0904388427734375 -0.137176513671875 0.384033203125
-0.031524658203125 -0.084014892578125 -0.020599365234375 0.3311767578125
-0.0831527709960938 -0.0372543334960937 -0.0426025390625 0.287689208984375
-0.078826904296875 0.0461807250976562 -0.102752685546875 0.324798583984375
-0.0671348571777344 0.0446319580078125 -0.154327392578125 0.35113525390625
-0.0786056518554688 0.0360183715820312 -0.245574951171875 0.349456787109375
-0.103080749511719 -0.00107574462890623 -0.33917236328125 0.252288818359375
-0.0750503540039063 -0.0528945922851562 -0.3182373046875 0.108123779296875
-0.00655364990234374 -0.096771240234375 -0.23565673828125 -0.0441741943359375
0.0956573486328125 0.00124359130859375 -0.02093505859375 -0.144393920898438
0.02655029296875 0.117233276367187 0.227554321289063 0.0111236572265625
-0.0765609741210937 0.0691146850585938 0.275344848632813 0.132080078125
-0.177734375 -0.219802856445313 0.19970703125 0.58905029296875
-0.151077270507813 -0.099151611328125 -0.0049896240234375 0.210845947265625
-0.0718307495117188 -0.105743408203125 -0.225967407226562 0.253173828125
-0.131622314453125 -0.128448486328125 -0.1600341796875 0.415985107421875
-0.186264038085937 -0.071044921875 0.00415039062499997 0.349395751953125
-0.22265625 0.0400390625 0.000320434570312505 0.27801513671875
-0.184188842773437 0.154159545898438 -0.0671234130859375 0.27276611328125
-0.167556762695313 0.147796630859375 -0.11529541015625 0.288818359375
-0.176681518554688 0.14996337890625 -0.197235107421875 0.3023681640625
-0.212814331054688 0.095977783203125 -0.280593872070312 0.246673583984375
-0.206954956054687 -0.00746154785156252 -0.269332885742188 0.12896728515625
-0.166656494140625 -0.0935516357421875 -0.225067138671875 -0.00592041015625002
-0.0437393188476562 -0.106307983398438 -0.03021240234375 -0.129150390625
-0.0675468444824219 -0.0659637451171875 0.203582763671875 -0.0190887451171875
-0.158187866210938 -0.115615844726562 0.243179321289063 0.0929718017578125
-0.24212646484375 -0.422149658203125 0.095458984375 0.50250244140625
-0.278350830078125 -0.320281982421875 -0.0858001708984375 0.160354614257812
-0.243255615234375 -0.245452880859375 -0.2451171875 0.271316528320313
-0.310333251953125 -0.173675537109375 -0.135284423828125 0.440338134765625
-0.326568603515625 -0.05865478515625 0.07061767578125 0.341705322265625
-0.33819580078125 0.106536865234375 0.080963134765625 0.231918334960938
-0.263275146484375 0.233245849609375 0.0026702880859375 0.17474365234375
-0.245803833007812 0.226272583007813 -0.057891845703125 0.183074951171875
-0.248458862304688 0.24517822265625 -0.142318725585938 0.214920043945312
-0.291839599609375 0.19061279296875 -0.219375610351563 0.203720092773438
-0.312225341796875 0.056671142578125 -0.225357055664063 0.113555908203125
-0.308746337890625 -0.0535888671875 -0.2108154296875 -0.00190734863281253
-0.201339721679687 -0.1688232421875 -0.0265274047851563 -0.137855529785156
-0.190032958984375 -0.216217041015625 0.166458129882813 -0.0720672607421875
-0.242645263671875 -0.282867431640625 0.190780639648437 0.00379943847656248
-0.252899169921875 -0.5614013671875 -0.02825927734375 0.371856689453125
-0.3455810546875 -0.495513916015625 -0.181198120117188 0.103302001953125
-0.36566162109375 -0.358123779296875 -0.23577880859375 0.297271728515625
-0.443206787109375 -0.197174072265625 -0.0573730468750001 0.44256591796875
-0.42138671875 -0.034820556640625 0.17230224609375 0.30682373046875
-0.398651123046875 0.1546630859375 0.19061279296875 0.151580810546875
-0.2994384765625 0.276763916015625 0.0899505615234375 0.0458908081054688
-0.28643798828125 0.2703857421875 0.00637054443359374 0.0490570068359375
-0.286651611328125 0.30535888671875 -0.0868759155273438 0.0971298217773438
-0.3350830078125 0.2626953125 -0.15936279296875 0.123001098632813
-0.38287353515625 0.123687744140625 -0.187118530273438 0.0561981201171875
-0.41845703125 0.005828857421875 -0.191452026367188 -0.036712646484375
-0.349395751953125 -0.191864013671875 -0.0187530517578125 -0.169403076171875
-0.317779541015625 -0.32415771484375 0.112030029296875 -0.137077331542969
-0.309906005859375 -0.415740966796875 0.114128112792969 -0.121047973632813
-0.21832275390625 -0.6148681640625 -0.1453857421875 0.2188720703125
-0.3504638671875 -0.57763671875 -0.26531982421875 0.051055908203125
-0.415374755859375 -0.394989013671875 -0.1976318359375 0.31011962890625
-0.48870849609375 -0.1756591796875 0.050537109375 0.409637451171875
-0.431976318359375 0.00195312499999995 0.281585693359375 0.2342529296875
-0.38311767578125 0.1806640625 0.299560546875 0.041259765625
-0.28125 0.275146484375 0.17816162109375 -0.0955047607421875
-0.28375244140625 0.2733154296875 0.0690689086914062 -0.0914535522460937
-0.28564453125 0.317718505859375 -0.0331611633300782 -0.0374488830566406
-0.33428955078125 0.29290771484375 -0.100143432617188 0.0116043090820313
-0.40216064453125 0.16510009765625 -0.1474609375 -0.036407470703125
-0.470855712890625 0.0597534179687501 -0.157867431640625 -0.1005859375
-0.4505615234375 -0.19024658203125 0.000427246093749959 -0.205703735351563
-0.405670166015625 -0.388519287109375 0.0382843017578125 -0.194564819335938
-0.34027099609375 -0.499053955078125 0.01129150390625 -0.270965576171875
-0.15447998046875 -0.576171875 -0.236160278320313 0.07647705078125
-0.31195068359375 -0.55316162109375 -0.31488037109375 0.01080322265625
-0.387664794921875 -0.342926025390625 -0.1392822265625 0.297943115234375
-0.431610107421875 -0.1109619140625 0.15521240234375 0.33544921875
-0.354705810546875 0.0440673828125 0.360260009765625 0.134735107421875
-0.29608154296875 0.172882080078125 0.378662109375 -0.07818603515625
-0.216964721679688 0.228927612304688 0.244125366210937 -0.225860595703125
-0.236068725585938 0.231948852539063 0.118972778320313 -0.218338012695312
-0.242843627929688 0.278030395507813 0.01580810546875 -0.166885375976562
-0.287567138671875 0.26434326171875 -0.0418701171875 -0.110366821289063
-0.36163330078125 0.169952392578125 -0.101181030273438 -0.144149780273437
-0.452545166015625 0.0860595703125001 -0.103851318359375 -0.182418823242188
-0.473724365234375 -0.183197021484375 0.0355072021484375 -0.240692138671875
-0.4188232421875 -0.413238525390625 -0.0328369140625 -0.24163818359375
-0.304840087890625 -0.5205078125 -0.09234619140625 -0.424072265625
-0.079071044921875 -0.45562744140625 -0.291656494140625 -0.03302001953125
-0.251068115234375 -0.436187744140625 -0.324493408203125 -0.00817871093749997
-0.30560302734375 -0.22662353515625 -0.0712127685546875 0.259979248046875
-0.302581787109375 -0.0241394042968749 0.227157592773437 0.23529052734375
-0.218231201171875 0.07403564453125 0.388885498046875 0.031890869140625
-0.161407470703125 0.133575439453125 0.409149169921875 -0.183868408203125
-0.121047973632813 0.145919799804687 0.276763916015625 -0.32476806640625
-0.152755737304688 0.156280517578125 0.147979736328125 -0.314208984375
-0.162673950195313 0.192291259765625 0.0540924072265625 -0.267440795898438
-0.190933227539063 0.194351196289063 0.00947570800781249 -0.2161865234375
-0.263076782226563 0.141921997070313 -0.0507659912109375 -0.243743896484375
-0.365478515625 0.0864257812499999 -0.0316925048828125 -0.263534545898438
-0.41424560546875 -0.16741943359375 0.0914001464843749 -0.2645263671875
-0.346588134765625 -0.3885498046875 -0.0794830322265625 -0.2755126953125
-0.206878662109375 -0.4696044921875 -0.170166015625 -0.55841064453125
-0.00302124023437499 -0.282745361328125 -0.316009521484375 -0.0903015136718751
-0.171356201171875 -0.265579223632813 -0.3016357421875 -0.00326538085937502
-0.1920166015625 -0.08526611328125 -0.010040283203125 0.210678100585938
-0.142532348632813 0.052459716796875 0.26361083984375 0.135299682617188
-0.0651092529296875 0.08294677734375 0.375457763671875 -0.0499267578125
-0.0164756774902344 0.0679893493652344 0.3946533203125 -0.258087158203125
-0.0138702392578125 0.0397911071777344 0.274017333984375 -0.38079833984375
-0.0484771728515625 0.0554924011230469 0.15362548828125 -0.36260986328125
-0.0526275634765625 0.0789566040039063 0.075531005859375 -0.322540283203125
-0.0588607788085938 0.103782653808594 0.0445556640625 -0.2861328125
-0.120246887207031 0.106231689453125 -0.00872802734375004 -0.31689453125
-0.225311279296875 0.081878662109375 0.0447998046875 -0.328369140625
-0.2872314453125 -0.12384033203125 0.15618896484375 -0.272628784179688
-0.206085205078125 -0.299652099609375 -0.0927734375 -0.29351806640625
-0.064849853515625 -0.3397216796875 -0.2039794921875 -0.66015625
-0.0660781860351563 0.00360870361328126 0.28411865234375 0.62957763671875
0.0289535522460937 0.113716125488281 0.064239501953125 0.260848999023438
0.123939514160156 0.0096893310546875 -0.171951293945313 0.256210327148438
0.0515899658203125 -0.0925979614257813 -0.130157470703125 0.39495849609375
-0.0330047607421875 -0.0865478515625 -0.014404296875 0.338043212890625
-0.0869674682617187 -0.0380325317382813 -0.040252685546875 0.2957763671875
-0.078765869140625 0.0510177612304687 -0.099456787109375 0.339996337890625
-0.0656929016113281 0.04962158203125 -0.1500244140625 0.366424560546875
-0.0788497924804688 0.0409317016601562 -0.2398681640625 0.36468505859375
-0.10546875 0.00379180908203125 -0.337860107421875 0.269805908203125
-0.0773162841796875 -0.0510635375976562 -0.32159423828125 0.1229248046875
-0.00974273681640626 -0.0979766845703125 -0.240219116210938 -0.03509521484375
0.0992507934570313 -0.00022125244140625 -0.02178955078125 -0.143600463867188
0.0334625244140625 0.121047973632813 0.236663818359375 0.01165771484375
-0.0773696899414063 0.0742568969726563 0.2841796875 0.13482666015625
-0.190841674804688 -0.221572875976562 0.2161865234375 0.60479736328125
-0.156219482421875 -0.100753784179688 0.00392150878906247 0.220321655273438
-0.075653076171875 -0.112968444824219 -0.221710205078125 0.263763427734375
-0.139503479003906 -0.128768920898438 -0.15606689453125 0.427581787109375
-0.194473266601563 -0.0713348388671875 0.011474609375 0.354522705078125
-0.231338500976563 0.043975830078125 0.00421142578124999 0.284332275390625
-0.18658447265625 0.164169311523438 -0.064605712890625 0.2845458984375
-0.167648315429687 0.159652709960938 -0.112640380859375 0.3004150390625
-0.175735473632813 0.161666870117187 -0.195037841796875 0.315673828125
-0.215316772460937 0.1065673828125 -0.278762817382813 0.260055541992188
-0.213409423828125 -0.00123596191406252 -0.270828247070313 0.142166137695313
-0.1749267578125 -0.090850830078125 -0.227935791015625 0.00341796875000002
-0.0464553833007813 -0.111244201660156 -0.0298614501953125 -0.128776550292969
-0.0681037902832031 -0.0683670043945313 0.2103271484375 -0.0195770263671875
-0.165634155273438 -0.115859985351563 0.249130249023437 0.095947265625
-0.259765625 -0.430450439453125 0.106781005859375 0.518310546875
-0.2918701171875 -0.326202392578125 -0.0817413330078125 0.168243408203125
-0.255081176757812 -0.254959106445313 -0.242523193359375 0.28277587890625
-0.32537841796875 -0.17340087890625 -0.129425048828125 0.452484130859375
-0.340576171875 -0.0559387207031249 0.08111572265625 0.34698486328125
-0.349700927734375 0.11273193359375 0.0887451171875 0.234786987304688
-0.267715454101563 0.247329711914062 0.0034942626953125 0.181671142578125
-0.247314453125 0.24261474609375 -0.0572357177734375 0.190078735351563
-0.24993896484375 0.26068115234375 -0.14178466796875 0.224517822265625
-0.29541015625 0.20697021484375 -0.216049194335938 0.215179443359375
-0.3218994140625 0.0683898925781249 -0.2252197265625 0.123855590820313
-0.322174072265625 -0.0467834472656249 -0.212615966796875 0.00671386718749996
-0.209121704101563 -0.173782348632812 -0.0280914306640625 -0.139877319335937
-0.199111938476563 -0.222579956054687 0.170501708984375 -0.072906494140625
-0.255523681640625 -0.2882080078125 0.193313598632813 0.00477600097656248
-0.271240234375 -0.57379150390625 -0.024017333984375 0.38555908203125
-0.364654541015625 -0.505828857421875 -0.181488037109375 0.111328125
-0.3848876953125 -0.368682861328125 -0.234893798828125 0.3082275390625
-0.463409423828125 -0.19500732421875 -0.0526428222656251 0.455474853515625
-0.438812255859375 -0.0290222167968749 0.184051513671875 0.308013916015625
-0.411865234375 0.165435791015625 0.19989013671875 0.148391723632813
-0.304229736328125 0.290802001953125 0.0920639038085937 0.046142578125
-0.290283203125 0.288818359375 0.00514984130859374 0.0507659912109375
-0.2874755859375 0.324188232421875 -0.0879592895507813 0.101737976074219
-0.33843994140625 0.281646728515625 -0.156326293945313 0.129913330078125
-0.39398193359375 0.137908935546875 -0.187698364257813 0.063385009765625
-0.435333251953125 0.0181274414062501 -0.193161010742188 -0.0279998779296875
-0.363525390625 -0.194915771484375 -0.020538330078125 -0.17291259765625
-0.333709716796875 -0.33233642578125 0.111457824707031 -0.138099670410156
-0.33001708984375 -0.423614501953125 0.109657287597656 -0.121238708496094
-0.2371826171875 -0.62994384765625 -0.145965576171875 0.228378295898437
-0.37335205078125 -0.58984375 -0.270095825195313 0.0575103759765624
-0.437469482421875 -0.407257080078125 -0.196990966796875 0.320068359375
-0.508819580078125 -0.17138671875 0.0571289062499999 0.41925048828125
-0.447998046875 0.0105590820312501 0.2939453125 0.231536865234375
-0.39593505859375 0.19085693359375 0.310943603515625 0.0313720703125
-0.2869873046875 0.28753662109375 0.179000854492187 -0.10205078125
-0.2879638671875 0.2904052734375 0.0658035278320312 -0.09619140625
-0.287445068359375 0.336883544921875 -0.0351982116699219 -0.0380020141601562
-0.33795166015625 0.31121826171875 -0.0974578857421875 0.0128707885742188
-0.4134521484375 0.1812744140625 -0.1478271484375 -0.0319366455078125
-0.489044189453125 0.0734863281250001 -0.160247802734375 -0.094879150390625
-0.468780517578125 -0.193115234375 -0.00384521484375001 -0.2122802734375
-0.427703857421875 -0.398834228515625 0.03240966796875 -0.198272705078125
-0.360565185546875 -0.507720947265625 0.00187683105468749 -0.273590087890625
-0.17010498046875 -0.59063720703125 -0.240631103515625 0.0813751220703125
-0.335235595703125 -0.562042236328125 -0.3231201171875 0.0168151855468749
-0.407867431640625 -0.353363037109375 -0.136688232421875 0.3057861328125
-0.448760986328125 -0.105438232421875 0.160614013671875 0.340301513671875
-0.366424560546875 0.05303955078125 0.371337890625 0.1285400390625
-0.303436279296875 0.1812744140625 0.3873291015625 -0.09320068359375
-0.222183227539062 0.239532470703125 0.244720458984375 -0.2374267578125
-0.24041748046875 0.246627807617188 0.115432739257813 -0.228439331054688
-0.244049072265625 0.29425048828125 0.0115814208984375 -0.17059326171875
-0.290740966796875 0.281219482421875 -0.0414199829101563 -0.113029479980469
-0.3720703125 0.18231201171875 -0.103805541992188 -0.144393920898438
-0.468109130859375 0.0991821289062501 -0.108078002929688 -0.180679321289062
-0.493133544921875 -0.18524169921875 0.0306549072265625 -0.248733520507813
-0.44134521484375 -0.421844482421875 -0.0424346923828125 -0.2447509765625
-0.326324462890625 -0.53094482421875 -0.1077880859375 -0.428466796875
-0.091156005859375 -0.46868896484375 -0.29925537109375 -0.0308227539062501
-0.26898193359375 -0.443206787109375 -0.3328857421875 -0.00286865234375007
-0.321136474609375 -0.231414794921875 -0.0689697265625 0.26580810546875
-0.311981201171875 -0.019134521484375 0.233062744140625 0.235122680664063
-0.223876953125 0.0807037353515625 0.3985595703125 0.02252197265625
-0.166030883789063 0.1385498046875 0.414947509765625 -0.202423095703125
-0.125 0.151535034179687 0.274871826171875 -0.34173583984375
-0.156585693359375 0.165374755859375 0.143768310546875 -0.326141357421875
-0.16412353515625 0.202438354492187 0.049713134765625 -0.275009155273438
-0.194122314453125 0.2042236328125 0.00863647460937501 -0.223114013671875
-0.270553588867188 0.151779174804688 -0.05419921875 -0.246597290039063
-0.37664794921875 0.0959167480468749 -0.0366363525390625 -0.265243530273437
-0.428558349609375 -0.169342041015625 0.0858154296875 -0.274887084960938
-0.3658447265625 -0.398895263671875 -0.092681884765625 -0.27984619140625
-0.22332763671875 -0.479644775390625 -0.189453125 -0.56903076171875
-0.00921630859375002 -0.29180908203125 -0.3232421875 -0.0905151367187501
-0.183349609375 -0.268218994140625 -0.3094482421875 0.000213623046875014
-0.200668334960938 -0.08673095703125 -0.00877380371093751 0.214187622070312
-0.146011352539063 0.0555419921875 0.267013549804688 0.13092041015625
-0.0651626586914063 0.0866928100585938 0.380035400390625 -0.061614990234375
-0.0175971984863281 0.06842041015625 0.397552490234375 -0.277679443359375
-0.0174942016601562 0.0397148132324219 0.2711181640625 -0.39959716796875
-0.0510940551757812 0.0581626892089844 0.1488037109375 -0.37554931640625
-0.0540542602539063 0.08245849609375 0.071563720703125 -0.332061767578125
-0.059814453125 0.106605529785156 0.04150390625 -0.2938232421875
-0.123138427734375 0.111648559570313 -0.013336181640625 -0.323150634765625
-0.231536865234375 0.0894317626953125 0.03924560546875 -0.334503173828125
-0.297607421875 -0.124725341796875 0.151641845703125 -0.28448486328125
-0.2196044921875 -0.30572509765625 -0.107086181640625 -0.298370361328125
-0.07489013671875 -0.34814453125 -0.22491455078125 -0.6737060546875
-0.0724868774414062 0.00955963134765626 0.32476806640625 0.639404296875
0.036834716796875 0.115669250488281 0.087432861328125 0.267120361328125
0.129554748535156 0.00232696533203125 -0.160781860351562 0.271835327148438
0.04949951171875 -0.0971908569335937 -0.113800048828125 0.4097900390625
-0.0388641357421875 -0.0889892578125 -0.000671386718750005 0.34637451171875
-0.0941390991210938 -0.0355758666992187 -0.029998779296875 0.30804443359375
-0.076416015625 0.0569839477539063 -0.0863037109375 0.359039306640625
-0.0621719360351563 0.0551681518554687 -0.135162353515625 0.386322021484375
-0.07745361328125 0.0485610961914062 -0.22882080078125 0.38946533203125
-0.10882568359375 0.0109176635742188 -0.332275390625 0.297576904296875
-0.0821456909179688 -0.0489883422851562 -0.323516845703125 0.147430419921875
-0.0155487060546875 -0.09881591796875 -0.245269775390625 -0.020263671875
0.105316162109375 -0.0059967041015625 -0.025604248046875 -0.14404296875
0.0446319580078125 0.121421813964844 0.24725341796875 0.00465393066406251
-0.0780410766601562 0.0813369750976563 0.2996826171875 0.12945556640625
-0.2113037109375 -0.221054077148438 0.252685546875 0.619384765625
-0.167526245117187 -0.0967254638671875 0.019775390625 0.230178833007813
-0.08404541015625 -0.1168212890625 -0.211181640625 0.282745361328125
-0.152679443359375 -0.126663208007813 -0.139801025390625 0.44891357421875
-0.206527709960938 -0.0660552978515625 0.028839111328125 0.362579345703125
-0.241134643554688 0.0541839599609375 0.016448974609375 0.292083740234375
-0.184112548828125 0.18096923828125 -0.05133056640625 0.299652099609375
-0.163055419921875 0.175704956054688 -0.101104736328125 0.316314697265625
-0.172027587890625 0.178115844726563 -0.185028076171875 0.3367919921875
-0.217498779296875 0.123611450195312 -0.270355224609375 0.285308837890625
-0.221450805664063 0.0100250244140625 -0.268661499023438 0.164352416992188
-0.186996459960938 -0.0821685791015625 -0.230789184570313 0.01910400390625
-0.0530548095703125 -0.113853454589844 -0.0345382690429687 -0.13079833984375
-0.0710067749023437 -0.0699996948242188 0.219772338867188 -0.0255584716796875
-0.1778564453125 -0.112274169921875 0.261825561523438 0.0915374755859375
-0.292022705078125 -0.4329833984375 0.13427734375 0.535064697265625
-0.31951904296875 -0.325927734375 -0.0722503662109375 0.180999755859375
-0.278152465820313 -0.260040283203125 -0.232666015625 0.303131103515625
-0.347015380859375 -0.164276123046875 -0.1129150390625 0.47369384765625
-0.359771728515625 -0.041839599609375 0.099761962890625 0.351165771484375
-0.36114501953125 0.135711669921875 0.104690551757812 0.235107421875
-0.265960693359375 0.27239990234375 0.013397216796875 0.189971923828125
-0.242034912109375 0.266921997070313 -0.05145263671875 0.199615478515625
-0.24224853515625 0.288360595703125 -0.134536743164063 0.239959716796875
-0.2950439453125 0.230316162109375 -0.210494995117188 0.232574462890625
-0.333099365234375 0.088409423828125 -0.22283935546875 0.141677856445313
-0.33746337890625 -0.0289611816406249 -0.214370727539063 0.02142333984375
-0.226150512695312 -0.17242431640625 -0.0323944091796875 -0.141632080078125
-0.216400146484375 -0.225784301757813 0.17291259765625 -0.0803375244140625
-0.28106689453125 -0.285491943359375 0.19598388671875 0.00111389160156248
-0.31097412109375 -0.581787109375 -0.0057373046875 0.402374267578125
-0.403961181640625 -0.50775146484375 -0.179107666015625 0.123703002929687
-0.42041015625 -0.3729248046875 -0.224517822265625 0.327423095703125
-0.492156982421875 -0.18096923828125 -0.033935546875 0.4725341796875
-0.4586181640625 -0.00848388671875007 0.2052001953125 0.3062744140625
-0.422027587890625 0.191253662109375 0.214996337890625 0.14007568359375
-0.30560302734375 0.316925048828125 0.0964584350585937 0.0431442260742188
-0.285247802734375 0.31854248046875 0.0049934387207031 0.0506057739257813
-0.280548095703125 0.353302001953125 -0.0857086181640625 0.11041259765625
-0.33660888671875 0.312225341796875 -0.1529541015625 0.139892578125
-0.403289794921875 0.16546630859375 -0.186859130859375 0.077178955078125
-0.4520263671875 0.0410461425781249 -0.195556640625 -0.0147857666015625
-0.388580322265625 -0.19036865234375 -0.0281982421875 -0.178359985351563
-0.364044189453125 -0.333709716796875 0.108154296875 -0.143890380859375
-0.36517333984375 -0.42364501953125 0.102890014648437 -0.125808715820313
-0.27520751953125 -0.64208984375 -0.140151977539063 0.24493408203125
-0.41705322265625 -0.5928955078125 -0.274581909179688 0.0740509033203124
-0.4764404296875 -0.408355712890625 -0.184844970703125 0.33941650390625
-0.537750244140625 -0.152587890625 0.0751953124999999 0.431121826171875
-0.467071533203125 0.0336914062499999 0.315399169921875 0.2220458984375
-0.403961181640625 0.21630859375 0.323333740234375 0.01190185546875
-0.287139892578125 0.313018798828125 0.178604125976562 -0.1153564453125
-0.284515380859375 0.319091796875 0.0601119995117187 -0.103645324707031
-0.2794189453125 0.367095947265625 -0.03973388671875 -0.0361404418945312
-0.33447265625 0.341094970703125 -0.097503662109375 0.0168304443359375
-0.4224853515625 0.21240234375 -0.151168823242188 -0.0237579345703125
-0.506195068359375 0.1026611328125 -0.16656494140625 -0.086090087890625
-0.497344970703125 -0.18206787109375 -0.01531982421875 -0.21954345703125
-0.463226318359375 -0.395416259765625 0.022308349609375 -0.201431274414063
-0.401031494140625 -0.510467529296875 -0.0164947509765625 -0.277481079101563
-0.2034912109375 -0.60430908203125 -0.244125366210938 0.0960388183593749
-0.375244140625 -0.56536865234375 -0.331878662109375 0.0319213867187499
-0.442047119140625 -0.353240966796875 -0.1263427734375 0.3194580078125
-0.471954345703125 -0.0881652832031251 0.178253173828125 0.3438720703125
-0.37860107421875 0.07208251953125 0.38885498046875 0.112640380859375
-0.309326171875 0.20318603515625 0.396453857421875 -0.12164306640625
-0.222702026367188 0.25921630859375 0.238693237304688 -0.259429931640625
-0.236648559570312 0.270721435546875 0.104598999023437 -0.242156982421875
-0.23809814453125 0.3192138671875 0.00279235839843747 -0.175613403320312
-0.28607177734375 0.30792236328125 -0.0451126098632813 -0.116195678710937
-0.378570556640625 0.2103271484375 -0.110626220703125 -0.141860961914062
-0.48291015625 0.12823486328125 -0.118057250976563 -0.177978515625
-0.521209716796875 -0.17431640625 0.0178375244140625 -0.259231567382812
-0.480010986328125 -0.420745849609375 -0.0604705810546875 -0.246994018554688
-0.365966796875 -0.53521728515625 -0.137908935546875 -0.433563232421875
-0.117401123046875 -0.48248291015625 -0.308868408203125 -0.01904296875
-0.30291748046875 -0.444305419921875 -0.343719482421875 0.01165771484375
-0.345550537109375 -0.22796630859375 -0.0590972900390625 0.2757568359375
-0.325408935546875 -0.00424194335937505 0.247116088867187 0.230331420898438
-0.229110717773438 0.095794677734375 0.410430908203125 0.00225830078125001
-0.16827392578125 0.150405883789063 0.417633056640625 -0.234283447265625
-0.125640869140625 0.163070678710937 0.26470947265625 -0.36785888671875
-0.155776977539063 0.181015014648438 0.131317138671875 -0.344024658203125
-0.1614990234375 0.2191162109375 0.037017822265625 -0.286224365234375
-0.191925048828125 0.22265625 0.000686645507812483 -0.231170654296875
-0.275436401367188 0.172119140625 -0.0659637451171875 -0.250869750976562
-0.38818359375 0.119110107421875 -0.0495147705078125 -0.270462036132813
-0.454681396484375 -0.15887451171875 0.071197509765625 -0.290496826171875
-0.4000244140625 -0.3970947265625 -0.114593505859375 -0.281829833984375
-0.25677490234375 -0.486785888671875 -0.22882080078125 -0.57476806640625
-0.024566650390625 -0.301300048828125 -0.3370361328125 -0.082275390625
-0.203872680664062 -0.266372680664063 -0.318756103515625 0.0142822265625
-0.214279174804687 -0.0809326171875 0.000122070312500006 0.219192504882813
-0.149307250976563 0.0635833740234375 0.27679443359375 0.120697021484375
-0.0625381469726563 0.0933685302734375 0.386199951171875 -0.084625244140625
-0.0165443420410156 0.0699920654296875 0.394622802734375 -0.31170654296875
-0.0196189880371094 0.0410804748535156 0.25604248046875 -0.427093505859375
-0.0520896911621094 0.0634841918945313 0.134735107421875 -0.394195556640625
-0.0530548095703125 0.088226318359375 0.05841064453125 -0.346954345703125
-0.0575332641601563 0.112213134765625 0.03192138671875 -0.305511474609375
-0.1234130859375 0.122474670410156 -0.027618408203125 -0.33154296875
-0.236862182617188 0.104049682617188 0.022857666015625 -0.344146728515625
-0.3148193359375 -0.117462158203125 0.13873291015625 -0.303741455078125
-0.24267578125 -0.308074951171875 -0.1317138671875 -0.301361083984375
-0.0968322753906251 -0.356048583984375 -0.267578125 -0.68328857421875
-0.0769577026367188 0.0200119018554688 0.37469482421875 0.6259765625
0.0438003540039063 0.115882873535156 0.114105224609375 0.264999389648438
0.131271362304688 -0.00916290283203125 -0.137603759765625 0.285797119140625
0.0457916259765625 -0.10333251953125 -0.0858154296875 0.419677734375
-0.0476837158203125 -0.0888137817382813 0.0208740234375 0.34722900390625
-0.100845336914063 -0.0298995971679687 -0.011688232421875 0.313873291015625
-0.0723876953125 0.062835693359375 -0.06005859375 0.3695068359375
-0.0529403686523438 0.0598869323730469 -0.106658935546875 0.399261474609375
-0.0719223022460938 0.05682373046875 -0.2015380859375 0.410003662109375
-0.108657836914062 0.0217666625976563 -0.3084716796875 0.32586669921875
-0.0876693725585937 -0.0430908203125 -0.31396484375 0.174102783203125
-0.0218887329101562 -0.100051879882813 -0.244003295898437 0.00141906738281251
0.107147216796875 -0.0159759521484375 -0.0340957641601562 -0.137977600097656
0.056610107421875 0.118904113769531 0.2542724609375 -0.01019287109375
-0.0731124877929688 0.0879669189453125 0.311737060546875 0.113067626953125
-0.231826782226562 -0.208847045898438 0.3013916015625 0.6107177734375
-0.17633056640625 -0.08428955078125 0.0446319580078125 0.232330322265625
-0.0921554565429687 -0.119468688964844 -0.187774658203125 0.299530029296875
-0.164688110351563 -0.11895751953125 -0.108489990234375 0.464324951171875
-0.215499877929688 -0.051788330078125 0.054168701171875 0.36297607421875
-0.243972778320313 0.0744476318359375 0.033355712890625 0.2930908203125
-0.17218017578125 0.194381713867188 -0.028778076171875 0.308837890625
-0.150650024414063 0.192352294921875 -0.0802001953125 0.329681396484375
-0.159637451171875 0.198043823242188 -0.160888671875 0.352508544921875
-0.211990356445313 0.143646240234375 -0.249053955078125 0.306396484375
-0.22576904296875 0.0278778076171875 -0.25469970703125 0.187545776367188
-0.196197509765625 -0.068878173828125 -0.225433349609375 0.040985107421875
-0.0619735717773438 -0.115409851074219 -0.044464111328125 -0.126174926757812
-0.0764999389648438 -0.06982421875 0.222274780273437 -0.0365447998046875
-0.1920166015625 -0.099151611328125 0.270843505859375 0.079833984375
-0.32989501953125 -0.41900634765625 0.174652099609375 0.535247802734375
-0.350189208984375 -0.30792236328125 -0.055328369140625 0.190277099609375
-0.305877685546875 -0.254180908203125 -0.2109375 0.3173828125
-0.3641357421875 -0.14202880859375 -0.08258056640625 0.4866943359375
-0.37060546875 -0.01763916015625 0.128082275390625 0.3447265625
-0.36041259765625 0.1607666015625 0.121719360351563 0.2255859375
-0.25054931640625 0.293975830078125 0.029388427734375 0.189559936523438
-0.221923828125 0.29315185546875 -0.0409393310546875 0.207305908203125
-0.223114013671875 0.311737060546875 -0.115982055664062 0.253524780273438
-0.281890869140625 0.25592041015625 -0.192459106445313 0.248519897460938
-0.331756591796875 0.117431640625 -0.2081298828125 0.162567138671875
-0.347869873046875 -0.00311279296874997 -0.2083740234375 0.041259765625
-0.241073608398438 -0.161880493164063 -0.0424041748046875 -0.141708374023438
-0.236114501953125 -0.221115112304688 0.172348022460937 -0.0908050537109375
-0.305938720703125 -0.270477294921875 0.197372436523437 -0.00422668457031252
-0.35797119140625 -0.56854248046875 0.023590087890625 0.414093017578125
-0.445343017578125 -0.485595703125 -0.170486450195313 0.13897705078125
-0.455963134765625 -0.356842041015625 -0.19921875 0.345001220703125
-0.5167236328125 -0.1500244140625 -0.00381469726562499 0.479736328125
-0.467529296875 0.0253906250000001 0.22998046875 0.294708251953125
-0.4208984375 0.223968505859375 0.22698974609375 0.119094848632813
-0.288726806640625 0.34423828125 0.0995025634765625 0.0379409790039063
-0.266571044921875 0.347686767578125 0.00536727905273436 0.0547637939453125
-0.257476806640625 0.383026123046875 -0.0792388916015625 0.11944580078125
-0.317596435546875 0.344207763671875 -0.141845703125 0.151351928710938
-0.40240478515625 0.198486328125 -0.179733276367188 0.0940399169921875
-0.46014404296875 0.0790100097656249 -0.19293212890625 0.00335693359374998
-0.408294677734375 -0.16839599609375 -0.039703369140625 -0.177337646484375
-0.39495849609375 -0.316192626953125 0.0975189208984375 -0.147964477539063
-0.40093994140625 -0.404052734375 0.09149169921875 -0.127838134765625
-0.32373046875 -0.632080078125 -0.122390747070313 0.259872436523437
-0.46722412109375 -0.570556640625 -0.269927978515625 0.0942840576171874
-0.5128173828125 -0.387664794921875 -0.1590576171875 0.351837158203125
-0.55975341796875 -0.11956787109375 0.104827880859375 0.430450439453125
-0.47320556640625 0.067779541015625 0.335357666015625 0.200164794921875
-0.398712158203125 0.248260498046875 0.330535888671875 -0.01837158203125
-0.27191162109375 0.34014892578125 0.170608520507812 -0.131439208984375
-0.26409912109375 0.347198486328125 0.0488052368164062 -0.107902526855469
-0.254913330078125 0.39453125 -0.0422439575195313 -0.0338020324707031
-0.313018798828125 0.374237060546875 -0.0962677001953125 0.023284912109375
-0.41534423828125 0.24957275390625 -0.151153564453125 -0.0131378173828125
-0.51116943359375 0.14495849609375 -0.169403076171875 -0.071624755859375
-0.51910400390625 -0.155487060546875 -0.030548095703125 -0.22210693359375
-0.501434326171875 -0.3721923828125 0.00769042968749999 -0.200485229492188
-0.4444580078125 -0.48956298828125 -0.0401458740234375 -0.272232055664063
-0.24755859375 -0.5992431640625 -0.2392578125 0.115005493164062
-0.4227294921875 -0.544921875 -0.3331298828125 0.055023193359375
-0.47662353515625 -0.33203125 -0.104156494140625 0.32666015625
-0.485992431640625 -0.0566406249999999 0.202301025390625 0.33612060546875
-0.3807373046875 0.102447509765625 0.40069580078125 0.082794189453125
-0.302947998046875 0.22705078125 0.389984130859375 -0.158599853515625
-0.209396362304688 0.278839111328125 0.21929931640625 -0.282318115234375
-0.220794677734375 0.29541015625 0.0845794677734375 -0.25030517578125
-0.21856689453125 0.344512939453125 -0.0117950439453125 -0.178573608398437
-0.27001953125 0.33453369140625 -0.0511627197265625 -0.116134643554687
-0.37469482421875 0.2440185546875 -0.118995666503906 -0.136070251464844
-0.485931396484375 0.16717529296875 -0.128372192382813 -0.168716430664063
-0.5423583984375 -0.1453857421875 -0.00263977050781251 -0.265274047851563
-0.51953125 -0.395660400390625 -0.0824127197265625 -0.242721557617188
-0.409271240234375 -0.515350341796875 -0.174102783203125 -0.42193603515625
-0.151275634765625 -0.48211669921875 -0.3125 0.000823974609374936
-0.337982177734375 -0.4244384765625 -0.345672607421875 0.0343017578124999
-0.369415283203125 -0.211090087890625 -0.04205322265625 0.278472900390625
-0.333709716796875 0.0169677734375 0.26153564453125 0.21630859375
-0.225936889648437 0.11468505859375 0.411346435546875 -0.031890869140625
-0.160430908203125 0.1646728515625 0.402130126953125 -0.273406982421875
-0.119140625 0.176498413085938 0.23944091796875 -0.393829345703125
-0.146224975585938 0.196090698242187 0.107635498046875 -0.357635498046875
-0.147689819335937 0.235733032226563 0.018798828125 -0.292236328125
-0.178421020507813 0.240249633789063 -0.0143585205078125 -0.234848022460937
-0.268035888671875 0.19659423828125 -0.082427978515625 -0.247161865234375
-0.38800048828125 0.15045166015625 -0.06781005859375 -0.2647705078125
-0.47344970703125 -0.1317138671875 0.0483093261718749 -0.3006591796875
-0.43548583984375 -0.378753662109375 -0.141708374023438 -0.27362060546875
-0.295257568359375 -0.474578857421875 -0.276336669921875 -0.5611572265625
-0.04388427734375 -0.306182861328125 -0.34246826171875 -0.062896728515625
-0.226974487304687 -0.253570556640625 -0.32049560546875 0.03363037109375
-0.225799560546875 -0.06964111328125 0.0137481689453125 0.2193603515625
-0.147445678710938 0.0728759765625 0.282012939453125 0.1007080078125
-0.05419921875 0.0991592407226563 0.378448486328125 -0.115966796875
-0.0145721435546875 0.0702972412109375 0.370758056640625 -0.349822998046875
-0.019287109375 0.0422592163085938 0.224090576171875 -0.45257568359375
-0.0499458312988281 0.0681304931640625 0.108184814453125 -0.4093017578125
-0.0483932495117188 0.0939712524414062 0.03521728515625 -0.3555908203125
-0.0513916015625 0.11834716796875 0.0113525390625 -0.31072998046875
-0.118988037109375 0.13214111328125 -0.051666259765625 -0.332672119140625
-0.233001708984375 0.1241455078125 -0.00170898437499998 -0.3472900390625
-0.329010009765625 -0.09991455078125 0.114776611328125 -0.31787109375
-0.270477294921875 -0.295989990234375 -0.16015625 -0.2926025390625
-0.12261962890625 -0.354095458984375 -0.32403564453125 -0.66925048828125
-0.0785980224609375 0.0279083251953125 0.40960693359375 0.59100341796875
0.0516891479492188 0.112953186035156 0.135421752929688 0.249847412109375
0.130157470703125 -0.018646240234375 -0.1131591796875 0.284027099609375
0.0380096435546875 -0.105667114257813 -0.056610107421875 0.41741943359375
-0.0502395629882812 -0.0846328735351563 0.044586181640625 0.338470458984375
-0.106338500976563 -0.0213851928710938 0.00793457031250002 0.31207275390625
-0.0646591186523438 0.0662956237792969 -0.03173828125 0.36859130859375
-0.0490760803222656 0.0613784790039062 -0.076080322265625 0.399169921875
-0.0657081604003906 0.0626182556152344 -0.16949462890625 0.41558837890625
-0.105270385742188 0.0301361083984375 -0.2799072265625 0.33843994140625
-0.0881729125976563 -0.0354385375976563 -0.28924560546875 0.19525146484375
-0.02978515625 -0.09490966796875 -0.23492431640625 0.021392822265625
0.105201721191406 -0.0263214111328125 -0.0399856567382813 -0.131332397460938
0.067169189453125 0.109176635742188 0.251998901367188 -0.0219879150390625
-0.0683059692382812 0.0939788818359375 0.311553955078125 0.0936279296875
-0.244430541992187 -0.185791015625 0.3353271484375 0.5849609375
-0.1802978515625 -0.0711822509765625 0.0637664794921875 0.225616455078125
-0.10333251953125 -0.114578247070313 -0.161041259765625 0.301177978515625
-0.16937255859375 -0.110244750976563 -0.0773620605468751 0.460845947265625
-0.218154907226563 -0.036224365234375 0.077301025390625 0.35040283203125
-0.242233276367188 0.0914306640625 0.05181884765625 0.2847900390625
-0.1583251953125 0.205795288085937 -0.00775146484375001 0.305633544921875
-0.13037109375 0.197982788085938 -0.0550537109375 0.327880859375
-0.141937255859375 0.206787109375 -0.132965087890625 0.359527587890625
-0.196365356445313 0.159866333007813 -0.221405029296875 0.318023681640625
-0.219009399414063 0.0453338623046875 -0.234710693359375 0.2025146484375
-0.1990966796875 -0.0530853271484375 -0.213027954101563 0.057281494140625
-0.0680313110351562 -0.112747192382813 -0.0470657348632813 -0.119384765625
-0.0778350830078125 -0.0676727294921875 0.218368530273438 -0.0484161376953125
-0.19482421875 -0.08392333984375 0.267318725585938 0.06402587890625
-0.353057861328125 -0.387481689453125 0.207183837890625 0.52337646484375
-0.365570068359375 -0.276458740234375 -0.0361328125 0.19049072265625
-0.318359375 -0.2337646484375 -0.181396484375 0.321929931640625
-0.37469482421875 -0.1207275390625 -0.0478515625 0.480865478515625
-0.369537353515625 0.00900268554687493 0.147979736328125 0.32928466796875
-0.35211181640625 0.1859130859375 0.133331298828125 0.211563110351563
-0.2296142578125 0.310028076171875 0.039520263671875 0.184738159179688
-0.19696044921875 0.304351806640625 -0.0260009765625 0.206375122070313
-0.196929931640625 0.32427978515625 -0.0976715087890625 0.258392333984375
-0.256439208984375 0.2774658203125 -0.169723510742188 0.25732421875
-0.31915283203125 0.142059326171875 -0.1917724609375 0.17340087890625
-0.34393310546875 0.0220642089843749 -0.19488525390625 0.0569000244140625
-0.252426147460938 -0.149551391601563 -0.0481719970703125 -0.1357421875
-0.248016357421875 -0.204132080078125 0.1639404296875 -0.0958099365234375
-0.317718505859375 -0.24505615234375 0.191513061523437 -0.015045166015625
-0.3870849609375 -0.537261962890625 0.051239013671875 0.40673828125
-0.47088623046875 -0.446044921875 -0.151153564453125 0.147369384765625
-0.475982666015625 -0.329071044921875 -0.169586181640625 0.3421630859375
-0.520050048828125 -0.117767333984375 0.028839111328125 0.473541259765625
-0.463226318359375 0.0573730468750001 0.24554443359375 0.272705078125
-0.404876708984375 0.25128173828125 0.230804443359375 0.0974273681640625
-0.261444091796875 0.363800048828125 0.0995941162109375 0.0277481079101563
-0.233642578125 0.362274169921875 0.00809478759765624 0.0532188415527344
-0.22393798828125 0.397796630859375 -0.0690155029296875 0.123023986816406
-0.286773681640625 0.3634033203125 -0.126449584960938 0.156661987304688
-0.38177490234375 0.226654052734375 -0.164154052734375 0.10418701171875
-0.44781494140625 0.114288330078125 -0.185043334960938 0.0168304443359375
-0.416595458984375 -0.146484375 -0.0517578125 -0.171798706054688
-0.40869140625 -0.29388427734375 0.088287353515625 -0.149337768554688
-0.42034912109375 -0.37158203125 0.0792999267578125 -0.124420166015625
-0.35980224609375 -0.60357666015625 -0.103103637695313 0.2657470703125
-0.495880126953125 -0.52777099609375 -0.25653076171875 0.107635498046875
-0.535675048828125 -0.35577392578125 -0.1314697265625 0.34637451171875
-0.5623779296875 -0.0806274414062499 0.13067626953125 0.41632080078125
-0.464385986328125 0.102264404296875 0.342041015625 0.172119140625
-0.37786865234375 0.27490234375 0.320404052734375 -0.04632568359375
-0.245697021484375 0.35546875 0.157150268554687 -0.141860961914062
-0.23516845703125 0.363433837890625 0.0392837524414062 -0.108345031738281
-0.225311279296875 0.40911865234375 -0.0444755554199219 -0.0292015075683594
-0.282958984375 0.391265869140625 -0.0911331176757813 0.0264129638671875
-0.394744873046875 0.277191162109375 -0.144866943359375 -6.10351562499909E-05
-0.49603271484375 0.17962646484375 -0.167098999023438 -0.05828857421875
-0.5257568359375 -0.12432861328125 -0.04608154296875 -0.217330932617188
-0.5205078125 -0.341033935546875 -0.00854492187500001 -0.193344116210938
-0.470794677734375 -0.452362060546875 -0.0594177246093751 -0.257537841796875
-0.2822265625 -0.57843017578125 -0.223892211914063 0.127655029296875
-0.45062255859375 -0.50445556640625 -0.320068359375 0.0731201171874999
-0.496185302734375 -0.302459716796875 -0.0802307128906251 0.321990966796875
-0.485870361328125 -0.0240478515625 0.2169189453125 0.31671142578125
-0.369659423828125 0.126861572265625 0.396759033203125 0.052978515625
-0.28546142578125 0.243927001953125 0.3704833984375 -0.187530517578125
-0.190521240234375 0.289520263671875 0.195587158203125 -0.292572021484375
-0.197235107421875 0.308319091796875 0.06512451171875 -0.251724243164063
-0.192840576171875 0.3543701171875 -0.02044677734375 -0.173782348632812
-0.241790771484375 0.349609375 -0.0581817626953125 -0.110389709472656
-0.351348876953125 0.26849365234375 -0.12322998046875 -0.122734069824219
-0.468719482421875 0.20013427734375 -0.1351318359375 -0.154022216796875
-0.5482177734375 -0.1116943359375 -0.0225067138671875 -0.261993408203125
-0.5396728515625 -0.3614501953125 -0.0992889404296875 -0.226959228515625
-0.436248779296875 -0.48187255859375 -0.200164794921875 -0.398468017578125
-0.179351806640625 -0.4664306640625 -0.302337646484375 0.019287109375
-0.3603515625 -0.3934326171875 -0.334625244140625 0.05279541015625
-0.38189697265625 -0.187042236328125 -0.021514892578125 0.27044677734375
-0.327789306640625 0.039276123046875 0.266891479492188 0.194427490234375
-0.213836669921875 0.128768920898437 0.398651123046875 -0.06005859375
-0.150344848632813 0.17236328125 0.372314453125 -0.29986572265625
-0.108444213867188 0.182281494140625 0.204437255859375 -0.402740478515625
-0.130218505859375 0.206222534179688 0.0791015625 -0.35693359375
-0.131515502929687 0.241607666015625 -0.000671386718749991 -0.287750244140625
-0.160659790039063 0.2479248046875 -0.02764892578125 -0.230270385742187
-0.253585815429688 0.212265014648437 -0.095672607421875 -0.237060546875
-0.3741455078125 0.17474365234375 -0.0847320556640625 -0.254852294921875
-0.476806640625 -0.104888916015625 0.02392578125 -0.2978515625
-0.4560546875 -0.346923828125 -0.159759521484375 -0.254684448242188
-0.3221435546875 -0.449249267578125 -0.30975341796875 -0.52642822265625
-0.063873291015625 -0.2991943359375 -0.3375244140625 -0.04290771484375
-0.240158081054688 -0.2314453125 -0.3109130859375 0.048980712890625
-0.229385375976563 -0.0546417236328125 0.026611328125 0.2083740234375
-0.14117431640625 0.0833892822265625 0.277969360351563 0.079620361328125
-0.047271728515625 0.1014404296875 0.359649658203125 -0.14056396484375
-0.0118484497070312 0.0697746276855469 0.334503173828125 -0.37030029296875
-0.0186691284179687 0.04205322265625 0.1871337890625 -0.4581298828125
-0.0447158813476563 0.0721282958984375 0.07861328125 -0.407073974609375
-0.0432662963867188 0.0950775146484375 0.01312255859375 -0.351409912109375
-0.0438690185546875 0.11810302734375 -0.00540161132812502 -0.30535888671875
-0.107757568359375 0.138809204101563 -0.07110595703125 -0.320709228515625
-0.222991943359375 0.138137817382812 -0.025238037109375 -0.33758544921875
-0.330169677734375 -0.079345703125 0.0886230468749999 -0.321136474609375
-0.283966064453125 -0.277496337890625 -0.18048095703125 -0.272567749023438
-0.145416259765625 -0.340087890625 -0.361572265625 -0.63336181640625
-0.076507568359375 0.0344314575195312 0.4215087890625 0.559234619140625
0.0557022094726562 0.109184265136719 0.147079467773438 0.235855102539063
0.125091552734375 -0.024505615234375 -0.09539794921875 0.276138305664063
0.0319595336914062 -0.104095458984375 -0.037841796875 0.404510498046875
-0.053253173828125 -0.0817413330078125 0.056427001953125 0.32421875
-0.106979370117188 -0.0135345458984375 0.01800537109375 0.30224609375
-0.0606956481933594 0.0668220520019531 -0.01458740234375 0.35882568359375
-0.0430717468261719 0.0597381591796875 -0.056640625 0.390167236328125
-0.0601806640625 0.0646705627441406 -0.14697265625 0.41180419921875
-0.0995407104492188 0.0362319946289063 -0.252166748046875 0.3406982421875
-0.087982177734375 -0.030517578125 -0.26837158203125 0.202133178710937
-0.0325851440429688 -0.0897598266601563 -0.221588134765625 0.0315399169921875
0.101463317871094 -0.0317840576171875 -0.0417022705078125 -0.123992919921875
0.0704193115234375 0.100662231445312 0.245193481445313 -0.0288238525390625
-0.0626907348632813 0.0975723266601563 0.303619384765625 0.081512451171875
-0.246337890625 -0.169204711914062 0.35076904296875 0.558258056640625
-0.176666259765625 -0.060882568359375 0.076446533203125 0.21533203125
-0.105667114257813 -0.110198974609375 -0.142059326171875 0.29266357421875
-0.17230224609375 -0.100051879882812 -0.05511474609375 0.448333740234375
-0.215545654296875 -0.0277862548828125 0.0882568359375 0.333831787109375
-0.235687255859375 0.102264404296875 0.0611114501953125 0.273117065429687
-0.146041870117187 0.207977294921875 0.00585937499999999 0.29486083984375
-0.117919921875 0.197738647460938 -0.0401611328125 0.320037841796875
-0.127044677734375 0.207382202148438 -0.114227294921875 0.355010986328125
-0.182159423828125 0.164657592773438 -0.200286865234375 0.3173828125
-0.2115478515625 0.0550384521484375 -0.214157104492188 0.206832885742187
-0.1956787109375 -0.0418853759765625 -0.1978759765625 0.0650177001953125
-0.0714187622070313 -0.111091613769531 -0.0494461059570313 -0.113571166992188
-0.079742431640625 -0.0667953491210938 0.212738037109375 -0.0531768798828125
-0.191604614257813 -0.0728302001953125 0.260025024414063 0.05621337890625
-0.35723876953125 -0.364227294921875 0.222686767578125 0.499908447265625
-0.3631591796875 -0.254791259765625 -0.02294921875 0.183441162109375
-0.32354736328125 -0.221038818359375 -0.1612548828125 0.312744140625
-0.37152099609375 -0.1038818359375 -0.026824951171875 0.46966552734375
-0.36065673828125 0.024017333984375 0.1571044921875 0.311004638671875
-0.33758544921875 0.198028564453125 0.135787963867187 0.196182250976563
-0.21240234375 0.31182861328125 0.045745849609375 0.176544189453125
-0.17901611328125 0.303070068359375 -0.0177459716796875 0.201522827148438
-0.175323486328125 0.324249267578125 -0.0852508544921875 0.255416870117188
-0.23614501953125 0.282684326171875 -0.152511596679687 0.255233764648438
-0.30609130859375 0.15240478515625 -0.17498779296875 0.175643920898437
-0.334625244140625 0.040771484375 -0.181396484375 0.0635528564453125
-0.25347900390625 -0.14031982421875 -0.0522613525390625 -0.129791259765625
-0.249771118164062 -0.193634033203125 0.15777587890625 -0.0967254638671875
-0.317718505859375 -0.226348876953125 0.181411743164062 -0.014068603515625
-0.3970947265625 -0.50933837890625 0.068115234375 0.395782470703125
-0.4744873046875 -0.414337158203125 -0.138809204101563 0.14892578125
-0.4825439453125 -0.309173583984375 -0.151397705078125 0.33197021484375
-0.516754150390625 -0.093048095703125 0.047882080078125 0.45855712890625
-0.45068359375 0.0753173828125 0.25091552734375 0.2493896484375
-0.385284423828125 0.262481689453125 0.227325439453125 0.080047607421875
-0.241485595703125 0.364654541015625 0.0970230102539062 0.0210800170898438
-0.211669921875 0.363525390625 0.00763702392578124 0.0519676208496094
-0.200836181640625 0.39703369140625 -0.062530517578125 0.123527526855469
-0.26177978515625 0.36669921875 -0.115203857421875 0.156158447265625
-0.363677978515625 0.240234375 -0.151824951171875 0.108169555664063
-0.43328857421875 0.131591796875 -0.17236328125 0.0255889892578125
-0.4151611328125 -0.128997802734375 -0.0570831298828125 -0.166046142578125
-0.413604736328125 -0.272674560546875 0.079742431640625 -0.144561767578125
-0.423370361328125 -0.34375 0.070770263671875 -0.116706848144531
-0.370361328125 -0.57476806640625 -0.086090087890625 0.26226806640625
-0.50018310546875 -0.492645263671875 -0.242156982421875 0.11114501953125
-0.5426025390625 -0.33111572265625 -0.115570068359375 0.333404541015625
-0.555145263671875 -0.0573425292968751 0.14093017578125 0.399749755859375
-0.449737548828125 0.1173095703125 0.338775634765625 0.149627685546875
-0.361328125 0.282562255859375 0.306610107421875 -0.062225341796875
-0.228057861328125 0.356903076171875 0.145370483398437 -0.145843505859375
-0.21295166015625 0.364349365234375 0.0319595336914062 -0.106002807617187
-0.20135498046875 0.408966064453125 -0.043548583984375 -0.0255012512207031
-0.25732421875 0.39361572265625 -0.0853729248046875 0.02978515625
-0.37353515625 0.2880859375 -0.1370849609375 0.00616455078125002
-0.475860595703125 0.197235107421875 -0.15985107421875 -0.047210693359375
-0.520172119140625 -0.10638427734375 -0.0553741455078125 -0.210311889648438
-0.52313232421875 -0.316925048828125 -0.01654052734375 -0.183853149414063
-0.472808837890625 -0.42095947265625 -0.068084716796875 -0.24066162109375
-0.29510498046875 -0.55267333984375 -0.2080078125 0.131698608398438
-0.4547119140625 -0.470794677734375 -0.30706787109375 0.07965087890625
-0.499053955078125 -0.278778076171875 -0.066436767578125 0.30712890625
-0.477630615234375 -0.00396728515624997 0.22027587890625 0.29827880859375
-0.353759765625 0.140045166015625 0.385894775390625 0.031982421875
-0.269210815429688 0.250534057617187 0.34808349609375 -0.201904296875
-0.1756591796875 0.291961669921875 0.175872802734375 -0.292816162109375
-0.17889404296875 0.30938720703125 0.0517425537109375 -0.246414184570312
-0.17266845703125 0.353607177734375 -0.0269012451171875 -0.167526245117188
-0.220428466796875 0.35186767578125 -0.0594711303710938 -0.105819702148437
-0.334381103515625 0.27691650390625 -0.121742248535156 -0.113212585449219
-0.450225830078125 0.213958740234375 -0.133834838867188 -0.142257690429688
-0.541229248046875 -0.092926025390625 -0.0359039306640625 -0.25421142578125
-0.543426513671875 -0.3350830078125 -0.106475830078125 -0.212265014648438
-0.444000244140625 -0.451812744140625 -0.209686279296875 -0.370880126953125
-0.19171142578125 -0.44842529296875 -0.28839111328125 0.02655029296875
-0.364044189453125 -0.365875244140625 -0.3218994140625 0.0592346191406249
-0.383331298828125 -0.168609619140625 -0.014007568359375 0.256088256835937
-0.3189697265625 0.051300048828125 0.261032104492188 0.17828369140625
-0.203018188476562 0.133712768554688 0.38031005859375 -0.074920654296875
-0.141708374023437 0.173492431640625 0.3441162109375 -0.31207275390625
-0.100296020507812 0.1810302734375 0.1810302734375 -0.399200439453125
-0.119354248046875 0.207443237304688 0.0621337890625 -0.348724365234375
-0.118301391601562 0.242752075195312 -0.0111846923828125 -0.278778076171875
-0.147109985351563 0.249603271484375 -0.033477783203125 -0.222030639648437
-0.239822387695313 0.218017578125 -0.0995025634765625 -0.225067138671875
-0.358123779296875 0.186614990234375 -0.0896148681640625 -0.240859985351563
-0.4720458984375 -0.0876464843749999 0.00772094726562499 -0.291717529296875
-0.459716796875 -0.324981689453125 -0.168167114257813 -0.236328125
-0.32965087890625 -0.4227294921875 -0.319671630859375 -0.49407958984375
-0.07391357421875 -0.290252685546875 -0.324798583984375 -0.0341796875
-0.240875244140625 -0.21435546875 -0.298828125 0.054962158203125
-0.226959228515625 -0.04559326171875 0.0310211181640625 0.196746826171875
-0.135643005371094 0.0864410400390625 0.266494750976563 0.0683135986328125
-0.04132080078125 0.09954833984375 0.33770751953125 -0.1500244140625
-0.0101585388183594 0.0670852661132813 0.303436279296875 -0.375335693359375
-0.0186996459960937 0.0423088073730469 0.1617431640625 -0.4525146484375
-0.0416107177734375 0.07305908203125 0.060150146484375 -0.39837646484375
-0.0386505126953125 0.09423828125 -0.000183105468749971 -0.341033935546875
-0.0389251708984375 0.117843627929688 -0.015472412109375 -0.29656982421875
-0.0996475219726563 0.140182495117188 -0.079620361328125 -0.30548095703125
-0.211212158203125 0.1439208984375 -0.037445068359375 -0.323822021484375
-0.325958251953125 -0.06805419921875 0.069183349609375 -0.31549072265625
-0.2894287109375 -0.26043701171875 -0.188323974609375 -0.252426147460938
-0.15557861328125 -0.324920654296875 -0.37615966796875 -0.59552001953125
-0.0755996704101562 0.0396041870117188 0.421722412109375 0.545440673828125
0.0574798583984375 0.108360290527344 0.153549194335938 0.226470947265625
0.122406005859375 -0.026092529296875 -0.0877227783203125 0.267410278320313
0.0297317504882813 -0.103744506835937 -0.031097412109375 0.39483642578125
-0.053924560546875 -0.0811538696289063 0.059661865234375 0.314971923828125
-0.107742309570313 -0.00772094726562499 0.02142333984375 0.296295166015625
-0.0595817565917969 0.0660743713378906 -0.00805664062500003 0.35076904296875
-0.0408744812011719 0.0574073791503906 -0.04913330078125 0.38238525390625
-0.0562858581542969 0.0654373168945313 -0.13690185546875 0.406890869140625
-0.0965423583984375 0.0387496948242188 -0.240386962890625 0.337005615234375
-0.0867080688476563 -0.0283584594726563 -0.256561279296875 0.202896118164063
-0.0333404541015625 -0.0876846313476563 -0.212356567382813 0.0352630615234375
0.0997772216796875 -0.03594970703125 -0.0406265258789062 -0.118988037109375
0.0711212158203125 0.0957565307617188 0.243759155273438 -0.028076171875
-0.0591354370117187 0.0997695922851562 0.29644775390625 0.0804443359375
-0.245864868164063 -0.16156005859375 0.35198974609375 0.547119140625
-0.173583984375 -0.056976318359375 0.08319091796875 0.2086181640625
-0.108131408691406 -0.111434936523437 -0.135101318359375 0.283050537109375
-0.172592163085938 -0.0968017578125 -0.0461425781250001 0.439697265625
-0.2130126953125 -0.0250244140625 0.093353271484375 0.32330322265625
-0.233016967773438 0.108596801757813 0.062255859375 0.265228271484375
-0.142410278320313 0.208450317382813 0.00930786132812502 0.28839111328125
-0.112548828125 0.194915771484375 -0.0341796875 0.315216064453125
-0.120193481445313 0.20703125 -0.1055908203125 0.350555419921875
-0.174636840820312 0.167251586914063 -0.1884765625 0.313201904296875
-0.208084106445313 0.05975341796875 -0.203262329101562 0.205642700195313
-0.193496704101563 -0.03564453125 -0.187698364257813 0.0665740966796875
-0.0747222900390625 -0.1119384765625 -0.0489349365234375 -0.109756469726562
-0.0799407958984375 -0.0686721801757813 0.209640502929688 -0.053192138671875
-0.187835693359375 -0.06842041015625 0.254287719726563 0.0567474365234375
-0.357391357421875 -0.355224609375 0.22650146484375 0.4932861328125
-0.3590087890625 -0.24554443359375 -0.0157012939453125 0.179489135742187
-0.326568603515625 -0.218414306640625 -0.153778076171875 0.30279541015625
-0.37188720703125 -0.0972900390624999 -0.0191955566406251 0.4622802734375
-0.3564453125 0.028564453125 0.159820556640625 0.30010986328125
-0.332000732421875 0.202880859375 0.135086059570312 0.187026977539063
-0.20501708984375 0.312042236328125 0.045867919921875 0.169723510742188
-0.16973876953125 0.30194091796875 -0.0152435302734375 0.197738647460938
-0.165283203125 0.3238525390625 -0.0782928466796875 0.25225830078125
-0.22576904296875 0.284088134765625 -0.144760131835938 0.251983642578125
-0.29949951171875 0.157928466796875 -0.16448974609375 0.174591064453125
-0.32867431640625 0.04742431640625 -0.17169189453125 0.0654144287109375
-0.25543212890625 -0.138626098632813 -0.0531692504882813 -0.126640319824219
-0.251312255859375 -0.190887451171875 0.15478515625 -0.0938873291015625
-0.31396484375 -0.216522216796875 0.176467895507812 -0.0106964111328125
-0.397186279296875 -0.499725341796875 0.073577880859375 0.389404296875
-0.470611572265625 -0.402099609375 -0.130615234375 0.145416259765625
-0.48382568359375 -0.304901123046875 -0.146026611328125 0.31988525390625
-0.514404296875 -0.0836791992187499 0.05255126953125 0.44921875
-0.44476318359375 0.0809020996093751 0.249984741210937 0.237274169921875
-0.37835693359375 0.26788330078125 0.222686767578125 0.0704498291015625
-0.23504638671875 0.365509033203125 0.0935821533203125 0.0162887573242188
-0.201690673828125 0.361358642578125 0.00712585449218749 0.0517005920410157
-0.19146728515625 0.39569091796875 -0.0584793090820313 0.121192932128906
-0.249542236328125 0.36737060546875 -0.110244750976563 0.15533447265625
-0.354766845703125 0.246246337890625 -0.1429443359375 0.108551025390625
-0.42724609375 0.139617919921875 -0.163558959960938 0.027618408203125
-0.415740966796875 -0.126617431640625 -0.0597076416015625 -0.162399291992188
-0.414093017578125 -0.2685546875 0.0765380859375 -0.140556335449219
-0.41778564453125 -0.3333740234375 0.0673446655273437 -0.108604431152344
-0.37078857421875 -0.564453125 -0.0787353515625 0.258819580078125
-0.49603271484375 -0.477813720703125 -0.234466552734375 0.110671997070312
-0.543487548828125 -0.32489013671875 -0.11212158203125 0.3221435546875
-0.551300048828125 -0.0482788085937499 0.14263916015625 0.390655517578125
-0.4423828125 0.12493896484375 0.333404541015625 0.1397705078125
-0.352325439453125 0.2862548828125 0.297027587890625 -0.071319580078125
-0.2203369140625 0.3577880859375 0.1376953125 -0.146636962890625
-0.20343017578125 0.364349365234375 0.0288314819335937 -0.103958129882812
-0.1910400390625 0.407562255859375 -0.0420303344726563 -0.02459716796875
-0.245635986328125 0.3934326171875 -0.0829315185546875 0.030120849609375
-0.365875244140625 0.293182373046875 -0.130767822265625 0.00738525390625002
-0.46807861328125 0.204498291015625 -0.153152465820313 -0.0425872802734375
-0.518890380859375 -0.101898193359375 -0.0601348876953125 -0.205703735351562
-0.522796630859375 -0.309722900390625 -0.0188140869140626 -0.176681518554688
-0.4683837890625 -0.410400390625 -0.0708770751953125 -0.228607177734375
-0.29608154296875 -0.54205322265625 -0.199432373046875 0.12939453125
-0.4500732421875 -0.458282470703125 -0.297637939453125 0.0789794921875
-0.500396728515625 -0.272064208984375 -0.0646362304687501 0.295623779296875
-0.472869873046875 0.00399780273437494 0.21685791015625 0.2930908203125
-0.346466064453125 0.143646240234375 0.377471923828125 0.0252685546875
-0.262969970703125 0.251327514648437 0.335205078125 -0.207977294921875
-0.169647216796875 0.292083740234375 0.164886474609375 -0.291595458984375
-0.171234130859375 0.30865478515625 0.0459442138671875 -0.241546630859375
-0.164794921875 0.352294921875 -0.02825927734375 -0.164505004882812
-0.212158203125 0.350677490234375 -0.0588150024414063 -0.103179931640625
-0.326019287109375 0.2816162109375 -0.118095397949219 -0.109405517578125
-0.44244384765625 0.2196044921875 -0.130035400390625 -0.135948181152344
-0.53955078125 -0.090362548828125 -0.0426483154296875 -0.24932861328125
-0.543670654296875 -0.327056884765625 -0.10870361328125 -0.203414916992188
-0.44134521484375 -0.440887451171875 -0.21063232421875 -0.35546875
-0.193206787109375 -0.44146728515625 -0.27862548828125 0.0261077880859375
-0.35919189453125 -0.353485107421875 -0.31390380859375 0.057891845703125
-0.382843017578125 -0.163665771484375 -0.01397705078125 0.246200561523437
-0.31561279296875 0.05621337890625 0.255142211914063 0.17254638671875
-0.196807861328125 0.135696411132812 0.368194580078125 -0.0775146484375
-0.137710571289063 0.17364501953125 0.327423095703125 -0.312225341796875
-0.0973968505859375 0.180938720703125 0.1697998046875 -0.395599365234375
-0.1141357421875 0.206436157226562 0.054107666015625 -0.34283447265625
-0.113250732421875 0.241241455078125 -0.0134429931640625 -0.274368286132813
-0.141204833984375 0.248626708984375 -0.0343780517578125 -0.217575073242187
-0.2337646484375 0.2198486328125 -0.0985107421875 -0.2181396484375
-0.352203369140625 0.19085693359375 -0.088775634765625 -0.232086181640625
-0.47125244140625 -0.0856018066406251 -0.000518798828125022 -0.286346435546875
-0.458648681640625 -0.317169189453125 -0.170654296875 -0.22564697265625
-0.32989501953125 -0.412933349609375 -0.320587158203125 -0.476776123046875
-0.076263427734375 -0.28619384765625 -0.315704345703125 -0.035369873046875
-0.238601684570312 -0.206375122070313 -0.292938232421875 0.0537109375
-0.226837158203125 -0.0424957275390625 0.0291900634765625 0.189071655273438
-0.13360595703125 0.0875167846679687 0.25714111328125 0.0641326904296875
-0.03851318359375 0.0987777709960937 0.32427978515625 -0.151336669921875
-0.0102500915527344 0.0658721923828125 0.284576416015625 -0.37286376953125
-0.0192642211914062 0.0416374206542969 0.149871826171875 -0.445526123046875
-0.0405349731445313 0.07342529296875 0.054168701171875 -0.39202880859375
-0.0370941162109375 0.0943603515625 -0.00360107421874997 -0.3349609375
-0.0365524291992187 0.116706848144531 -0.016357421875 -0.291839599609375
-0.0962677001953125 0.140487670898438 -0.080078125 -0.29730224609375
-0.206314086914063 0.145309448242188 -0.0401611328125 -0.31427001953125
-0.323638916015625 -0.065643310546875 0.0592041015625 -0.310394287109375
-0.29058837890625 -0.255523681640625 -0.190750122070313 -0.241058349609375
-0.1558837890625 -0.31707763671875 -0.37579345703125 -0.57879638671875
-0.077056884765625 0.0438995361328125 0.428680419921875 0.551788330078125
0.0609817504882813 0.111656188964844 0.16082763671875 0.224578857421875
0.124786376953125 -0.0278244018554688 -0.0860443115234375 0.265518188476562
0.0292129516601563 -0.10516357421875 -0.027252197265625 0.395843505859375
-0.0558395385742187 -0.0831069946289063 0.062255859375 0.31353759765625
-0.110374450683594 -0.00287628173828124 0.023468017578125 0.29913330078125
-0.0609970092773438 0.0689926147460938 -0.00640869140624997 0.3516845703125
-0.0411834716796875 0.0575942993164062 -0.046844482421875 0.38427734375
-0.0540847778320312 0.0672225952148438 -0.13336181640625 0.41375732421875
-0.0960922241210937 0.041259765625 -0.23870849609375 0.34246826171875
-0.088104248046875 -0.0274124145507813 -0.252777099609375 0.205413818359375
-0.0339431762695313 -0.0877609252929688 -0.20953369140625 0.0371856689453125
0.0990982055664063 -0.0387802124023438 -0.0394668579101562 -0.116943359375
0.0731277465820313 0.0943069458007813 0.248260498046875 -0.0273590087890625
-0.0575408935546875 0.103546142578125 0.2972412109375 0.083465576171875
-0.250747680664063 -0.16143798828125 0.3604736328125 0.55120849609375
-0.174072265625 -0.05633544921875 0.09039306640625 0.207656860351563
-0.112960815429687 -0.114089965820313 -0.134201049804687 0.280746459960938
-0.17791748046875 -0.097076416015625 -0.042999267578125 0.44097900390625
-0.217880249023438 -0.02484130859375 0.096343994140625 0.32135009765625
-0.236679077148437 0.115798950195313 0.0645294189453125 0.264129638671875
-0.142791748046875 0.214599609375 0.01092529296875 0.28814697265625
-0.112289428710938 0.19879150390625 -0.031768798828125 0.317138671875
-0.11767578125 0.21112060546875 -0.102020263671875 0.355010986328125
-0.17291259765625 0.17236328125 -0.187957763671875 0.317962646484375
-0.209747314453125 0.0639190673828125 -0.19818115234375 0.208145141601562
-0.195022583007813 -0.0330047607421875 -0.184127807617187 0.0694122314453125
-0.07843017578125 -0.115631103515625 -0.0487289428710938 -0.108901977539063
-0.0823974609375 -0.0712890625 0.2130126953125 -0.052642822265625
-0.187896728515625 -0.0673675537109375 0.254776000976563 0.061553955078125
-0.363433837890625 -0.3575439453125 0.23394775390625 0.49810791015625
-0.36181640625 -0.247222900390625 -0.00993347167968751 0.179779052734375
-0.336639404296875 -0.22564697265625 -0.15594482421875 0.298797607421875
-0.379913330078125 -0.0963134765625 -0.015106201171875 0.465362548828125
-0.362579345703125 0.030426025390625 0.164337158203125 0.297943115234375
-0.335479736328125 0.21221923828125 0.136062622070312 0.184539794921875
-0.2069091796875 0.32135009765625 0.04638671875 0.1697998046875
-0.16790771484375 0.30804443359375 -0.0137176513671875 0.200225830078125
-0.1639404296875 0.330322265625 -0.0757598876953125 0.254669189453125
-0.223663330078125 0.291351318359375 -0.142608642578125 0.255691528320313
-0.30120849609375 0.164825439453125 -0.160842895507813 0.17730712890625
-0.332427978515625 0.0527648925781251 -0.167205810546875 0.0670318603515625
-0.263824462890625 -0.140869140625 -0.054718017578125 -0.127197265625
-0.257843017578125 -0.195098876953125 0.156875610351562 -0.09283447265625
-0.315673828125 -0.218475341796875 0.176620483398438 -0.00498962402343751
-0.403472900390625 -0.504425048828125 0.077728271484375 0.393585205078125
-0.47515869140625 -0.4056396484375 -0.127960205078125 0.1451416015625
-0.49884033203125 -0.31158447265625 -0.149627685546875 0.31683349609375
-0.524658203125 -0.0821228027343751 0.055908203125 0.454132080078125
-0.4503173828125 0.084747314453125 0.254623413085938 0.234939575195313
-0.38238525390625 0.276702880859375 0.223373413085938 0.06390380859375
-0.23516845703125 0.375732421875 0.0927734375 0.0145263671875
-0.199859619140625 0.36846923828125 0.00681686401367186 0.0524787902832032
-0.187103271484375 0.402862548828125 -0.0563507080078125 0.122451782226563
-0.2469482421875 0.376678466796875 -0.108505249023437 0.157073974609375
-0.3568115234375 0.255706787109375 -0.139495849609375 0.110275268554687
-0.4310302734375 0.1470947265625 -0.15948486328125 0.029296875
-0.427764892578125 -0.128021240234375 -0.0628204345703125 -0.162841796875
-0.424896240234375 -0.2724609375 0.0777740478515625 -0.137649536132813
-0.42193603515625 -0.33660888671875 0.0661087036132812 -0.103721618652344
-0.3780517578125 -0.57208251953125 -0.0737152099609375 0.260467529296875
-0.501220703125 -0.481048583984375 -0.233291625976563 0.108993530273437
-0.558746337890625 -0.330169677734375 -0.11627197265625 0.318389892578125
-0.561676025390625 -0.0431213378906249 0.146148681640625 0.3953857421875
-0.446380615234375 0.130035400390625 0.33837890625 0.136138916015625
-0.356292724609375 0.295684814453125 0.295928955078125 -0.078460693359375
-0.221466064453125 0.3651123046875 0.136138916015625 -0.150833129882812
-0.2010498046875 0.3717041015625 0.0277252197265625 -0.103401184082031
-0.18817138671875 0.41485595703125 -0.0419998168945313 -0.0251617431640625
-0.24285888671875 0.4029541015625 -0.0821075439453125 0.0305557250976563
-0.36785888671875 0.30322265625 -0.129074096679688 0.00935363769531253
-0.473602294921875 0.213409423828125 -0.150497436523438 -0.04058837890625
-0.5341796875 -0.104156494140625 -0.0652618408203125 -0.2064208984375
-0.536773681640625 -0.3135986328125 -0.0205230712890625 -0.173599243164063
-0.473724365234375 -0.414520263671875 -0.072509765625 -0.223785400390625
-0.301239013671875 -0.549896240234375 -0.196456909179688 0.128692626953125
-0.455657958984375 -0.4610595703125 -0.299713134765625 0.0768432617187499
-0.5135498046875 -0.27587890625 -0.068145751953125 0.293304443359375
-0.480316162109375 0.00778198242187503 0.220855712890625 0.294921875
-0.349517822265625 0.14959716796875 0.379425048828125 0.022369384765625
-0.265640258789063 0.25836181640625 0.331634521484375 -0.2142333984375
-0.170440673828125 0.2984619140625 0.16253662109375 -0.297119140625
-0.16912841796875 0.3153076171875 0.0441131591796875 -0.243270874023437
-0.1649169921875 0.359222412109375 -0.0289764404296875 -0.166641235351562
-0.20941162109375 0.358306884765625 -0.0580368041992188 -0.104141235351562
-0.328765869140625 0.289520263671875 -0.116775512695313 -0.108932495117188
-0.44775390625 0.228424072265625 -0.128562927246094 -0.134391784667969
-0.5528564453125 -0.0912170410156249 -0.0479278564453126 -0.251068115234375
-0.55621337890625 -0.333282470703125 -0.111846923828125 -0.200363159179688
-0.4464111328125 -0.44537353515625 -0.21307373046875 -0.352935791015625
-0.19775390625 -0.448089599609375 -0.2764892578125 0.02197265625
-0.365814208984375 -0.355743408203125 -0.31658935546875 0.055999755859375
-0.39306640625 -0.1651611328125 -0.0171661376953125 0.244369506835938
-0.31884765625 0.0615234375 0.256591796875 0.175140380859375
-0.197845458984375 0.140045166015625 0.36737060546875 -0.081024169921875
-0.1387939453125 0.177749633789063 0.321746826171875 -0.31878662109375
-0.09820556640625 0.185089111328125 0.165283203125 -0.4007568359375
-0.113296508789062 0.211257934570313 0.053466796875 -0.345367431640625
-0.11273193359375 0.246505737304687 -0.0145721435546875 -0.278228759765625
-0.13958740234375 0.253585815429687 -0.0335693359375 -0.220123291015625
-0.235977172851563 0.227142333984375 -0.0981292724609375 -0.217742919921875
-0.35711669921875 0.196868896484375 -0.0891876220703125 -0.232009887695312
-0.482635498046875 -0.0872192382812499 -0.00637817382812502 -0.288848876953125
-0.471649169921875 -0.32232666015625 -0.175048828125 -0.222671508789063
-0.3343505859375 -0.418060302734375 -0.32366943359375 -0.475372314453125
-0.078125 -0.291015625 -0.314422607421875 -0.039886474609375
-0.241607666015625 -0.206466674804688 -0.2947998046875 0.0512084960937499
-0.2325439453125 -0.042022705078125 0.026458740234375 0.187225341796875
-0.134628295898438 0.091033935546875 0.257049560546875 0.0657806396484375
-0.0374526977539063 0.101051330566406 0.321258544921875 -0.15203857421875
-0.0109710693359375 0.0670585632324219 0.2769775390625 -0.377716064453125
-0.0205421447753906 0.0432510375976562 0.146514892578125 -0.4501953125
-0.0404739379882812 0.07501220703125 0.052032470703125 -0.39459228515625
-0.0375442504882813 0.0962905883789063 -0.00451660156249997 -0.339111328125
-0.0357894897460938 0.118614196777344 -0.016082763671875 -0.29461669921875
-0.0963287353515625 0.14404296875 -0.081817626953125 -0.2977294921875
-0.20849609375 0.1494140625 -0.0406494140625 -0.314422607421875
-0.3311767578125 -0.066986083984375 0.05426025390625 -0.313385009765625
-0.297027587890625 -0.258697509765625 -0.196517944335938 -0.2381591796875
-0.158111572265625 -0.319183349609375 -0.381591796875 -0.57891845703125
-0.080474853515625 0.0515899658203125 0.456085205078125 0.56182861328125
0.0675201416015625 0.115028381347656 0.1756591796875 0.225082397460938
0.129829406738281 -0.033416748046875 -0.082763671875 0.272048950195313
0.0272140502929688 -0.109756469726563 -0.01873779296875 0.406982421875
-0.0609054565429688 -0.0866851806640625 0.070709228515625 0.317657470703125
-0.113761901855469 0.00416564941406251 0.029510498046875 0.306640625
-0.0616073608398438 0.0745620727539062 -6.10351562499869E-05 0.362060546875
-0.0416488647460938 0.0605545043945312 -0.04034423828125 0.39617919921875
-0.0536956787109375 0.0710525512695312 -0.123748779296875 0.430877685546875
-0.0972366333007813 0.0469436645507813 -0.2349853515625 0.3585205078125
-0.09246826171875 -0.0254745483398438 -0.252349853515625 0.218887329101563
-0.0369796752929688 -0.0912246704101563 -0.210693359375 0.0445556640625
0.100151062011719 -0.0445938110351563 -0.0418548583984375 -0.1170654296875
0.0780029296875 0.0943450927734375 0.258499145507813 -0.0318145751953125
-0.0543975830078125 0.109771728515625 0.30596923828125 0.0838623046875
-0.264053344726563 -0.158721923828125 0.38323974609375 0.564697265625
-0.180206298828125 -0.053619384765625 0.10333251953125 0.210067749023438
-0.120803833007813 -0.118728637695312 -0.133544921875 0.288360595703125
-0.187210083007813 -0.0963287353515625 -0.0347595214843751 0.4569091796875
-0.228164672851563 -0.022430419921875 0.10675048828125 0.324615478515625
-0.242507934570313 0.129547119140625 0.07080078125 0.268814086914063
-0.141937255859375 0.228805541992188 0.01605224609375 0.296295166015625
-0.111160278320313 0.208206176757813 -0.025726318359375 0.3272705078125
-0.115036010742187 0.222579956054687 -0.094970703125 0.3687744140625
-0.1724853515625 0.184341430664063 -0.1834716796875 0.331878662109375
-0.215713500976563 0.07342529296875 -0.196609497070313 0.219314575195312
-0.203521728515625 -0.0283203125 -0.183364868164062 0.07635498046875
-0.0874252319335938 -0.119697570800781 -0.0522994995117188 -0.108940124511719
-0.0877532958984375 -0.073638916015625 0.221511840820313 -0.0570526123046875
-0.193313598632813 -0.0654449462890625 0.262374877929687 0.0637054443359375
-0.38543701171875 -0.3624267578125 0.25457763671875 0.509674072265625
-0.379730224609375 -0.24835205078125 -0.00222778320312504 0.182815551757813
-0.36004638671875 -0.2288818359375 -0.1571044921875 0.307342529296875
-0.39776611328125 -0.089996337890625 -0.00543212890625002 0.480377197265625
-0.375579833984375 0.040008544921875 0.176849365234375 0.2987060546875
-0.344818115234375 0.232208251953125 0.142669677734375 0.18170166015625
-0.205230712890625 0.3419189453125 0.050079345703125 0.1727294921875
-0.16534423828125 0.323760986328125 -0.00952148437499999 0.2071533203125
-0.15887451171875 0.34796142578125 -0.0709228515625 0.26434326171875
-0.22015380859375 0.308563232421875 -0.13916015625 0.267486572265625
-0.30694580078125 0.1820068359375 -0.156997680664063 0.1859130859375
-0.34375 0.066314697265625 -0.1666259765625 0.0729522705078125
-0.281036376953125 -0.141677856445312 -0.0596694946289063 -0.127693176269531
-0.275039672851562 -0.198837280273438 0.162246704101562 -0.097137451171875
-0.32928466796875 -0.221343994140625 0.182083129882812 -0.00175476074218751
-0.42919921875 -0.516143798828125 0.0928344726562499 0.40460205078125
-0.499481201171875 -0.41070556640625 -0.125457763671875 0.14984130859375
-0.5323486328125 -0.3155517578125 -0.14990234375 0.325286865234375
-0.548126220703125 -0.0709533691406249 0.06927490234375 0.46795654296875
-0.465728759765625 0.0988769531249999 0.269393920898437 0.232254028320313
-0.39031982421875 0.298248291015625 0.228729248046875 0.0555267333984375
-0.23394775390625 0.39739990234375 0.0936813354492187 0.0111007690429688
-0.195068359375 0.38763427734375 0.00842666625976561 0.0543975830078125
-0.181732177734375 0.4244384765625 -0.0544204711914063 0.127059936523438
-0.2421875 0.398040771484375 -0.106002807617187 0.16595458984375
-0.3629150390625 0.278594970703125 -0.137275695800781 0.116050720214844
-0.443084716796875 0.167236328125 -0.159027099609375 0.0343780517578125
-0.452911376953125 -0.125 -0.0696868896484375 -0.165313720703125
-0.450958251953125 -0.275604248046875 0.0779266357421875 -0.141326904296875
-0.443145751953125 -0.341278076171875 0.06634521484375 -0.100639343261719
-0.4033203125 -0.587158203125 -0.0676727294921875 0.269195556640625
-0.52880859375 -0.488433837890625 -0.236190795898438 0.115463256835937
-0.5947265625 -0.33392333984375 -0.117828369140625 0.32635498046875
-0.58441162109375 -0.0304565429687501 0.160064697265625 0.40570068359375
-0.458587646484375 0.1466064453125 0.35321044921875 0.12957763671875
-0.36163330078125 0.315521240234375 0.300445556640625 -0.09332275390625
-0.21807861328125 0.38751220703125 0.134902954101563 -0.159774780273437
-0.19586181640625 0.390411376953125 0.0257949829101563 -0.106460571289062
-0.18292236328125 0.436065673828125 -0.0440483093261719 -0.0265617370605468
-0.2393798828125 0.424896240234375 -0.0820999145507813 0.0340957641601563
-0.373138427734375 0.327850341796875 -0.128608703613281 0.01190185546875
-0.485626220703125 0.236480712890625 -0.15167236328125 -0.03875732421875
-0.5614013671875 -0.0973205566406249 -0.0745697021484375 -0.210403442382813
-0.5673828125 -0.315185546875 -0.024749755859375 -0.174789428710938
-0.49810791015625 -0.42132568359375 -0.0785369873046875 -0.222335815429688
-0.32403564453125 -0.56671142578125 -0.196380615234375 0.13323974609375
-0.48236083984375 -0.466064453125 -0.306610107421875 0.0823974609375
-0.543853759765625 -0.275970458984375 -0.06982421875 0.300262451171875
-0.49835205078125 0.0225830078125 0.234161376953125 0.30035400390625
-0.356109619140625 0.16473388671875 0.391204833984375 0.01397705078125
-0.268966674804687 0.275283813476563 0.33343505859375 -0.232391357421875
-0.168487548828125 0.315185546875 0.159942626953125 -0.310882568359375
-0.166412353515625 0.33221435546875 0.0394287109375 -0.251815795898438
-0.159393310546875 0.379119873046875 -0.033660888671875 -0.17303466796875
-0.205413818359375 0.377471923828125 -0.060638427734375 -0.105995178222656
-0.333160400390625 0.312042236328125 -0.119865417480469 -0.109474182128906
-0.460601806640625 0.250640869140625 -0.132438659667969 -0.134864807128906
-0.5809326171875 -0.0839233398437499 -0.0598602294921875 -0.256332397460938
-0.58868408203125 -0.33392333984375 -0.121749877929688 -0.200363159179688
-0.47039794921875 -0.452423095703125 -0.226318359375 -0.35345458984375
-0.213592529296875 -0.462615966796875 -0.28125 0.023406982421875
-0.385467529296875 -0.3599853515625 -0.325286865234375 0.059783935546875
-0.415496826171875 -0.162353515625 -0.0171051025390625 0.249526977539063
-0.32916259765625 0.072479248046875 0.267303466796875 0.1766357421875
-0.198577880859375 0.151596069335937 0.376495361328125 -0.091064453125
-0.139236450195313 0.18804931640625 0.31951904296875 -0.33642578125
-0.0962982177734375 0.194992065429688 0.15997314453125 -0.416839599609375
-0.110733032226562 0.222610473632813 0.046356201171875 -0.357177734375
-0.109970092773438 0.25860595703125 -0.021820068359375 -0.2879638671875
-0.137557983398437 0.266830444335937 -0.0382843017578125 -0.22650146484375
-0.23883056640625 0.243515014648438 -0.103515625 -0.221939086914062
-0.36505126953125 0.216217041015625 -0.09393310546875 -0.235809326171875
-0.506072998046875 -0.080230712890625 -0.01788330078125 -0.297119140625
-0.498931884765625 -0.324432373046875 -0.1878662109375 -0.221527099609375
-0.35406494140625 -0.42462158203125 -0.34326171875 -0.479400634765625
-0.087493896484375 -0.301544189453125 -0.321807861328125 -0.040924072265625
-0.254608154296875 -0.207748413085938 -0.3033447265625 0.0544128417968749
-0.244338989257813 -0.0384063720703125 0.0281982421875 0.190139770507813
-0.136405944824219 0.0984115600585938 0.26416015625 0.0628814697265625
-0.0342330932617187 0.105979919433594 0.3250732421875 -0.16162109375
-0.01007080078125 0.0696220397949219 0.2713623046875 -0.394317626953125
-0.0216827392578125 0.0457305908203125 0.13873291015625 -0.4677734375
-0.0405807495117188 0.079193115234375 0.0452880859375 -0.40753173828125
-0.0362625122070313 0.100395202636719 -0.0113525390625 -0.35162353515625
-0.0334243774414063 0.123275756835937 -0.022247314453125 -0.30438232421875
-0.0953826904296875 0.152252197265625 -0.08843994140625 -0.303955078125
-0.212310791015625 0.162002563476563 -0.047637939453125 -0.3221435546875
-0.347930908203125 -0.0643310546875 0.0445556640625 -0.323883056640625
-0.317779541015625 -0.263641357421875 -0.2099609375 -0.23712158203125
-0.171234130859375 -0.327239990234375 -0.4044189453125 -0.588623046875
-0.0805587768554688 0.0632095336914062 0.5028076171875 0.559326171875
0.078704833984375 0.117057800292969 0.198226928710938 0.218429565429688
0.133880615234375 -0.0436248779296875 -0.0728759765625 0.280776977539063
0.023284912109375 -0.116134643554688 0.000366210937500002 0.42010498046875
-0.0709915161132812 -0.0881805419921875 0.087982177734375 0.32000732421875
-0.116676330566406 0.0143356323242187 0.0460205078125 0.313751220703125
-0.0589218139648438 0.0830307006835938 0.017974853515625 0.373443603515625
-0.0398292541503906 0.0648536682128906 -0.019195556640625 0.409820556640625
-0.0500030517578125 0.0767059326171875 -0.102142333984375 0.452911376953125
-0.0965728759765625 0.0554046630859375 -0.221588134765625 0.38458251953125
-0.097869873046875 -0.0203323364257812 -0.244461059570313 0.24029541015625
-0.0439071655273438 -0.0928573608398438 -0.2113037109375 0.057891845703125
0.100349426269531 -0.0533523559570313 -0.0466995239257812 -0.115097045898438
0.0865478515625 0.0925674438476563 0.26934814453125 -0.0447845458984375
-0.048980712890625 0.116645812988281 0.317474365234375 0.076019287109375
-0.283355712890625 -0.1475830078125 0.42999267578125 0.56671142578125
-0.187728881835938 -0.045013427734375 0.121994018554687 0.2071533203125
-0.134834289550781 -0.12017822265625 -0.12628173828125 0.30169677734375
-0.20037841796875 -0.0902099609375 -0.010986328125 0.473358154296875
-0.240036010742188 -0.011260986328125 0.125762939453125 0.325286865234375
-0.244125366210938 0.1517333984375 0.084991455078125 0.271499633789063
-0.133193969726563 0.248092651367188 0.031036376953125 0.3037109375
-0.10107421875 0.223159790039063 -0.00823974609374998 0.33856201171875
-0.104736328125 0.23883056640625 -0.075225830078125 0.38641357421875
-0.16552734375 0.202499389648437 -0.16888427734375 0.35455322265625
-0.218521118164063 0.0898895263671875 -0.1864013671875 0.236175537109375
-0.211624145507813 -0.0173187255859375 -0.180221557617188 0.087371826171875
-0.0991668701171875 -0.118598937988281 -0.05792236328125 -0.106643676757813
-0.0963973999023438 -0.073638916015625 0.228744506835938 -0.0692291259765625
-0.201385498046875 -0.0590667724609375 0.272994995117188 0.0575714111328125
-0.420318603515625 -0.35479736328125 0.290924072265625 0.51751708984375
-0.405670166015625 -0.2376708984375 0.0106964111328125 0.186279296875
-0.3900146484375 -0.221649169921875 -0.15087890625 0.321563720703125
-0.417938232421875 -0.0722351074218751 0.0220947265625 0.497528076171875
-0.38922119140625 0.06146240234375 0.19769287109375 0.2940673828125
-0.344482421875 0.26226806640625 0.153289794921875 0.1759033203125
-0.191192626953125 0.36932373046875 0.0585784912109375 0.174942016601563
-0.15093994140625 0.345184326171875 0.00222778320312498 0.213790893554688
-0.142730712890625 0.370361328125 -0.0573272705078125 0.275909423828125
-0.20733642578125 0.33349609375 -0.12615966796875 0.28436279296875
-0.307464599609375 0.20947265625 -0.147842407226563 0.19927978515625
-0.352020263671875 0.0909729003906249 -0.16265869140625 0.0841064453125
-0.30364990234375 -0.13134765625 -0.068695068359375 -0.126419067382813
-0.29815673828125 -0.1927490234375 0.165069580078125 -0.107345581054688
-0.351898193359375 -0.213470458984375 0.187606811523437 -0.00521850585937501
-0.4730224609375 -0.514007568359375 0.119415283203125 0.414093017578125
-0.5382080078125 -0.39959716796875 -0.119384765625 0.158416748046875
-0.57574462890625 -0.30169677734375 -0.143798828125 0.33929443359375
-0.574951171875 -0.0439453124999999 0.097930908203125 0.479888916015625
-0.478424072265625 0.130340576171875 0.29180908203125 0.221771240234375
-0.389007568359375 0.33349609375 0.235198974609375 0.0408477783203125
-0.217620849609375 0.428802490234375 0.0954208374023438 0.00561523437500003
-0.178436279296875 0.41339111328125 0.0120506286621094 0.0558853149414063
-0.163238525390625 0.450927734375 -0.0498886108398438 0.132720947265625
-0.2244873046875 0.4266357421875 -0.0985260009765625 0.177093505859375
-0.3597412109375 0.311737060546875 -0.130897521972656 0.127151489257813
-0.449615478515625 0.2025146484375 -0.156936645507813 0.0439300537109375
-0.481689453125 -0.104736328125 -0.0821533203125 -0.164642333984375
-0.48626708984375 -0.262908935546875 0.07403564453125 -0.146774291992188
-0.473907470703125 -0.33282470703125 0.0641326904296875 -0.100486755371094
-0.44921875 -0.58917236328125 -0.0531768798828125 0.27923583984375
-0.57281494140625 -0.47979736328125 -0.237579345703125 0.127593994140625
-0.64349365234375 -0.3173828125 -0.10931396484375 0.3404541015625
-0.60919189453125 0.00146484374999988 0.18780517578125 0.411773681640625
-0.467926025390625 0.177398681640625 0.37164306640625 0.112213134765625
-0.35845947265625 0.3492431640625 0.300750732421875 -0.11572265625
-0.202911376953125 0.416107177734375 0.128677368164063 -0.173538208007812
-0.179168701171875 0.41558837890625 0.0213165283203125 -0.111412048339844
-0.163330078125 0.465240478515625 -0.0478515625 -0.0264244079589844
-0.21917724609375 0.4539794921875 -0.0803985595703125 0.0396881103515625
-0.367828369140625 0.364227294921875 -0.127693176269531 0.0191421508789063
-0.490692138671875 0.276824951171875 -0.153533935546875 -0.0318145751953125
-0.59375 -0.0700073242187499 -0.0909729003906251 -0.21148681640625
-0.6107177734375 -0.29815673828125 -0.0357513427734375 -0.175262451171875
-0.537445068359375 -0.4134521484375 -0.0914459228515625 -0.219253540039063
-0.36651611328125 -0.57275390625 -0.193099975585938 0.143035888671875
-0.52203369140625 -0.456695556640625 -0.311798095703125 0.09710693359375
-0.58685302734375 -0.257568359375 -0.0610351562500001 0.3106689453125
-0.517120361328125 0.0516662597656249 0.258514404296875 0.300140380859375
-0.358917236328125 0.19158935546875 0.4052734375 -0.00848388671874999
-0.262786865234375 0.30242919921875 0.32666015625 -0.2601318359375
-0.15606689453125 0.337310791015625 0.14642333984375 -0.330230712890625
-0.152099609375 0.353302001953125 0.027923583984375 -0.261260986328125
-0.14373779296875 0.4014892578125 -0.045379638671875 -0.178146362304687
-0.189239501953125 0.403717041015625 -0.0666275024414063 -0.106559753417969
-0.32733154296875 0.3470458984375 -0.126235961914063 -0.106887817382812
-0.46295166015625 0.289154052734375 -0.140029907226563 -0.13201904296875
-0.6136474609375 -0.05609130859375 -0.0795440673828125 -0.259719848632813
-0.63470458984375 -0.31646728515625 -0.137191772460938 -0.19586181640625
-0.509552001953125 -0.447052001953125 -0.24945068359375 -0.348480224609375
-0.2469482421875 -0.47003173828125 -0.28631591796875 0.0319519042968749
-0.4169921875 -0.351593017578125 -0.332794189453125 0.073974609375
-0.445037841796875 -0.14605712890625 -0.00828552246093751 0.256057739257813
-0.3380126953125 0.0938720703124999 0.28546142578125 0.16876220703125
-0.195556640625 0.168487548828125 0.38214111328125 -0.11322021484375
-0.133651733398437 0.203521728515625 0.306243896484375 -0.365203857421875
-0.089691162109375 0.207778930664063 0.14251708984375 -0.43927001953125
-0.101638793945313 0.236282348632813 0.030731201171875 -0.371856689453125
-0.0991058349609375 0.274581909179688 -0.038360595703125 -0.29827880859375
-0.125885009765625 0.284210205078125 -0.0498809814453125 -0.232940673828125
-0.2333984375 0.267333984375 -0.116134643554687 -0.223495483398437
-0.366119384765625 0.245758056640625 -0.107345581054688 -0.237777709960937
-0.534637451171875 -0.057891845703125 -0.039215087890625 -0.303314208984375
-0.53997802734375 -0.311309814453125 -0.207489013671875 -0.214691162109375
-0.388885498046875 -0.423797607421875 -0.37762451171875 -0.476165771484375
-0.107147216796875 -0.31011962890625 -0.3321533203125 -0.033172607421875
-0.274505615234375 -0.199966430664063 -0.311004638671875 0.0673828124999999
-0.259628295898438 -0.0262298583984376 0.0362396240234375 0.193191528320313
-0.136093139648438 0.1097412109375 0.274795532226563 0.052764892578125
-0.0271682739257812 0.111862182617188 0.32440185546875 -0.183380126953125
-0.00631713867187499 0.0726394653320312 0.254486083984375 -0.418853759765625
-0.0214424133300781 0.0481910705566406 0.118377685546875 -0.48828125
-0.037139892578125 0.084197998046875 0.026092529296875 -0.42401123046875
-0.032470703125 0.105514526367188 -0.030609130859375 -0.363189697265625
-0.0272216796875 0.128807067871094 -0.036956787109375 -0.313873291015625
-0.08966064453125 0.163864135742188 -0.1055908203125 -0.308197021484375
-0.210113525390625 0.180908203125 -0.064971923828125 -0.3287353515625
-0.368255615234375 -0.048583984375 0.024200439453125 -0.334991455078125
-0.3455810546875 -0.2567138671875 -0.2315673828125 -0.229385375976563
-0.192901611328125 -0.328887939453125 -0.44769287109375 -0.585205078125
-0.0753860473632813 0.0747222900390625 0.54888916015625 0.530120849609375
0.091094970703125 0.113327026367188 0.21868896484375 0.200164794921875
0.133247375488281 -0.056671142578125 -0.055145263671875 0.285797119140625
0.014862060546875 -0.120201110839844 0.029876708984375 0.42291259765625
-0.080596923828125 -0.0837173461914063 0.108673095703125 0.31402587890625
-0.115470886230469 0.0261154174804688 0.066375732421875 0.313140869140625
-0.052032470703125 0.0906219482421875 0.043701171875 0.373687744140625
-0.0356292724609375 0.0692100524902344 0.011077880859375 0.413604736328125
-0.0433883666992188 0.082122802734375 -0.065643310546875 0.464019775390625
-0.0915908813476563 0.0644149780273437 -0.192596435546875 0.40509033203125
-0.100593566894531 -0.0123825073242188 -0.224411010742188 0.260589599609375
-0.0519256591796875 -0.0903701782226563 -0.203567504882813 0.074981689453125
0.096527099609375 -0.0617752075195312 -0.05181884765625 -0.109970092773438
0.0947265625 0.0863418579101563 0.27166748046875 -0.0636444091796875
-0.0385284423828125 0.121109008789063 0.32415771484375 0.059234619140625
-0.296905517578125 -0.125091552734375 0.475616455078125 0.541259765625
-0.19122314453125 -0.03155517578125 0.1414794921875 0.196319580078125
-0.148590087890625 -0.114089965820313 -0.10772705078125 0.310546875
-0.2099609375 -0.0767669677734375 0.0230102539062499 0.477294921875
-0.245925903320313 0.00682067871093753 0.148590087890625 0.3148193359375
-0.235626220703125 0.175323486328125 0.102371215820312 0.265411376953125
-0.1141357421875 0.26385498046875 0.0513916015625 0.30377197265625
-0.08477783203125 0.233230590820313 0.017578125 0.340667724609375
-0.085662841796875 0.249893188476562 -0.0452575683593751 0.393890380859375
-0.14886474609375 0.21893310546875 -0.141510009765625 0.368927001953125
-0.21343994140625 0.11114501953125 -0.165283203125 0.251708984375
-0.215164184570312 -3.05175781250121E-05 -0.170639038085937 0.101455688476563
-0.112014770507813 -0.113372802734375 -0.0638275146484375 -0.1007080078125
-0.105171203613281 -0.0685806274414063 0.228195190429688 -0.0849761962890625
-0.206283569335938 -0.046295166015625 0.278961181640625 0.044921875
-0.451202392578125 -0.327117919921875 0.333831787109375 0.501922607421875
-0.426666259765625 -0.210601806640625 0.0268096923828125 0.18353271484375
-0.417572021484375 -0.198455810546875 -0.13153076171875 0.33428955078125
-0.431365966796875 -0.0413513183593749 0.059600830078125 0.500732421875
-0.392303466796875 0.0910339355468751 0.220932006835937 0.277572631835938
-0.33087158203125 0.295562744140625 0.163589477539062 0.164230346679688
-0.1632080078125 0.390106201171875 0.0695648193359375 0.1707763671875
-0.125091552734375 0.3602294921875 0.0182647705078125 0.214126586914063
-0.114410400390625 0.38726806640625 -0.03643798828125 0.281036376953125
-0.17974853515625 0.3544921875 -0.103363037109375 0.2965087890625
-0.29290771484375 0.23828125 -0.128829956054688 0.210891723632813
-0.3480224609375 0.120819091796875 -0.151779174804688 0.0953521728515625
-0.32073974609375 -0.110076904296875 -0.077301025390625 -0.119819641113281
-0.319976806640625 -0.174713134765625 0.15997314453125 -0.118072509765625
-0.36968994140625 -0.192413330078125 0.190261840820313 -0.010833740234375
-0.516845703125 -0.484832763671875 0.15283203125 0.40869140625
-0.571533203125 -0.36444091796875 -0.1075439453125 0.165115356445312
-0.61419677734375 -0.263916015625 -0.124114990234375 0.35198974609375
-0.5877685546875 -0.000427246093750021 0.136138916015625 0.478424072265625
-0.474884033203125 0.166473388671875 0.308990478515625 0.198150634765625
-0.368927001953125 0.369781494140625 0.235397338867187 0.0206146240234375
-0.1859130859375 0.4503173828125 0.0949783325195313 -0.00319671630859372
-0.14691162109375 0.4307861328125 0.0169029235839844 0.0548553466796875
-0.128387451171875 0.47137451171875 -0.0410079956054688 0.136642456054688
-0.190032958984375 0.44952392578125 -0.0831298828125 0.186325073242188
-0.3370361328125 0.34710693359375 -0.117568969726563 0.135940551757813
-0.439422607421875 0.24169921875 -0.149627685546875 0.054290771484375
-0.50018310546875 -0.069366455078125 -0.0948333740234375 -0.158004760742188
-0.517730712890625 -0.23211669921875 0.0644683837890625 -0.15008544921875
-0.503082275390625 -0.30572509765625 0.0590591430664062 -0.0986862182617188
-0.498291015625 -0.5657958984375 -0.031646728515625 0.282867431640625
-0.6131591796875 -0.44219970703125 -0.22979736328125 0.141632080078125
-0.6839599609375 -0.27447509765625 -0.090362548828125 0.3494873046875
-0.62139892578125 0.04730224609375 0.22186279296875 0.401611328125
-0.458892822265625 0.214202880859375 0.38214111328125 0.08245849609375
-0.335296630859375 0.3837890625 0.290435791015625 -0.141265869140625
-0.172515869140625 0.436920166015625 0.115219116210937 -0.1864013671875
-0.147064208984375 0.433380126953125 0.01336669921875 -0.114456176757812
-0.12823486328125 0.483978271484375 -0.0517082214355469 -0.0237197875976562
-0.1832275390625 0.477264404296875 -0.075531005859375 0.0463485717773438
-0.342987060546875 0.400360107421875 -0.123435974121094 0.0269927978515625
-0.475616455078125 0.322113037109375 -0.153030395507813 -0.0215301513671875
-0.6134033203125 -0.0266723632812501 -0.1094970703125 -0.203338623046875
-0.6468505859375 -0.25811767578125 -0.0481414794921875 -0.170013427734375
-0.5706787109375 -0.381103515625 -0.1055908203125 -0.208587646484375
-0.412567138671875 -0.55511474609375 -0.183273315429688 0.152359008789062
-0.562042236328125 -0.42230224609375 -0.308135986328125 0.115966796875
-0.6212158203125 -0.21630859375 -0.04400634765625 0.31573486328125
-0.520721435546875 0.0909423828125 0.28424072265625 0.283843994140625
-0.34619140625 0.22113037109375 0.4072265625 -0.0406494140625
-0.24298095703125 0.32696533203125 0.306121826171875 -0.287109375
-0.131591796875 0.35333251953125 0.122894287109375 -0.345367431640625
-0.125213623046875 0.3680419921875 0.00924682617187502 -0.266326904296875
-0.1129150390625 0.41851806640625 -0.0603485107421875 -0.176910400390625
-0.15765380859375 0.42425537109375 -0.0724563598632813 -0.102745056152344
-0.3040771484375 0.37744140625 -0.13140869140625 -0.0996780395507813
-0.447235107421875 0.330047607421875 -0.147476196289063 -0.123138427734375
-0.6312255859375 -0.0115356445312499 -0.102767944335938 -0.25360107421875
-0.67022705078125 -0.2755126953125 -0.153823852539063 -0.182266235351563
-0.54888916015625 -0.416717529296875 -0.275543212890625 -0.328765869140625
-0.284149169921875 -0.460052490234375 -0.28564453125 0.0451049804687499
-0.4466552734375 -0.32293701171875 -0.331451416015625 0.09405517578125
-0.466827392578125 -0.113983154296875 0.00627136230468745 0.2569580078125
-0.335601806640625 0.12078857421875 0.299835205078125 0.15008544921875
-0.1820068359375 0.184463500976563 0.375335693359375 -0.14215087890625
-0.1187744140625 0.216094970703125 0.27978515625 -0.38812255859375
-0.0749664306640625 0.21673583984375 0.1107177734375 -0.4534912109375
-0.08447265625 0.246307373046875 0.00439453124999996 -0.377105712890625
-0.0802001953125 0.28607177734375 -0.061737060546875 -0.298065185546875
-0.1046142578125 0.29705810546875 -0.065887451171875 -0.231201171875
-0.214080810546875 0.290557861328125 -0.130477905273437 -0.217208862304687
-0.3521728515625 0.2789306640625 -0.123306274414062 -0.231613159179688
-0.54949951171875 -0.0199890136718749 -0.0659484863281251 -0.300811767578125
-0.5731201171875 -0.2760009765625 -0.226272583007813 -0.195724487304688
-0.42315673828125 -0.4010009765625 -0.413818359375 -0.448333740234375
-0.131561279296875 -0.308319091796875 -0.3359375 -0.018707275390625
-0.29180908203125 -0.18035888671875 -0.310211181640625 0.0859680175781249
-0.268112182617188 -0.00596618652343754 0.0474700927734375 0.19024658203125
-0.130218505859375 0.121498107910156 0.279464721679688 0.033050537109375
-0.0168838500976562 0.114982604980469 0.311370849609375 -0.207977294921875
-0.000251770019531249 0.0738296508789063 0.222747802734375 -0.436431884765625
-0.0189056396484375 0.0500106811523437 0.084503173828125 -0.500885009765625
-0.031707763671875 0.0872268676757813 -0.00134277343749998 -0.428955078125
-0.026031494140625 0.108558654785156 -0.057464599609375 -0.364013671875
-0.017303466796875 0.132011413574219 -0.059356689453125 -0.314453125
-0.0768280029296875 0.17333984375 -0.127349853515625 -0.302154541015625
-0.198104858398437 0.200180053710938 -0.088348388671875 -0.326263427734375
-0.379974365234375 -0.0225524902343751 -0.00402832031250004 -0.338287353515625
-0.372222900390625 -0.235992431640625 -0.25103759765625 -0.209259033203125
-0.218170166015625 -0.31817626953125 -0.493011474609375 -0.557037353515625
-0.0671615600585938 0.0819625854492188 0.57464599609375 0.48541259765625
0.099822998046875 0.105300903320313 0.228469848632813 0.176742553710938
0.126571655273438 -0.0664901733398438 -0.0382232666015625 0.280868530273437
0.00672149658203126 -0.120346069335938 0.057220458984375 0.41070556640625
-0.0871353149414063 -0.077239990234375 0.123687744140625 0.298431396484375
-0.109695434570313 0.03521728515625 0.082763671875 0.302001953125
-0.0431289672851563 0.0948486328125 0.0648193359375 0.363372802734375
-0.0301284790039062 0.0712661743164063 0.0369873046875 0.403778076171875
-0.0358200073242188 0.0836181640625 -0.02996826171875 0.45648193359375
-0.0837020874023438 0.0705490112304687 -0.157989501953125 0.409149169921875
-0.09991455078125 -0.00391387939453126 -0.197296142578125 0.269210815429688
-0.0575714111328125 -0.0856246948242188 -0.189178466796875 0.086212158203125
0.0902557373046875 -0.067962646484375 -0.053955078125 -0.101066589355469
0.0990142822265625 0.0774383544921875 0.2650146484375 -0.0798187255859375
-0.029510498046875 0.120391845703125 0.319488525390625 0.043701171875
-0.29815673828125 -0.1007080078125 0.50390625 0.504241943359375
-0.186294555664062 -0.0184478759765625 0.152557373046875 0.178955078125
-0.1568603515625 -0.104080200195313 -0.0892333984375 0.309814453125
-0.213424682617187 -0.0628204345703125 0.054901123046875 0.466400146484375
-0.24334716796875 0.0223846435546875 0.16387939453125 0.29669189453125
-0.21881103515625 0.190780639648437 0.113510131835937 0.252838134765625
-0.0915374755859375 0.268585205078125 0.06707763671875 0.293914794921875
-0.06707763671875 0.234512329101563 0.038238525390625 0.33160400390625
-0.0652618408203125 0.251693725585937 -0.015167236328125 0.38836669921875
-0.128433227539062 0.224899291992188 -0.111358642578125 0.371307373046875
-0.200927734375 0.125106811523437 -0.139450073242188 0.254806518554688
-0.21063232421875 0.015594482421875 -0.154739379882813 0.109039306640625
-0.118537902832031 -0.104400634765625 -0.0664825439453125 -0.0920562744140625
-0.1082763671875 -0.06036376953125 0.219924926757813 -0.0973052978515625
-0.204483032226562 -0.0343475341796875 0.2764892578125 0.0328521728515625
-0.46435546875 -0.291412353515625 0.36090087890625 0.471832275390625
-0.43115234375 -0.1785888671875 0.0396575927734375 0.17498779296875
-0.430389404296875 -0.1671142578125 -0.111724853515625 0.334381103515625
-0.429718017578125 -0.01300048828125 0.09295654296875 0.488861083984375
-0.380218505859375 0.11614990234375 0.2327880859375 0.254364013671875
-0.3046875 0.314849853515625 0.16656494140625 0.147903442382813
-0.13275146484375 0.396759033203125 0.07672119140625 0.161407470703125
-0.0960693359375 0.361785888671875 0.0308837890625 0.206146240234375
-0.08282470703125 0.389373779296875 -0.01654052734375 0.276382446289063
-0.149200439453125 0.361907958984375 -0.077728271484375 0.296600341796875
-0.269317626953125 0.257080078125 -0.10748291015625 0.212783813476563
-0.33233642578125 0.144195556640625 -0.137382507324219 0.101486206054688
-0.32476806640625 -0.085540771484375 -0.0817794799804688 -0.109977722167969
-0.32904052734375 -0.150390625 0.150543212890625 -0.1229248046875
-0.374847412109375 -0.16778564453125 0.186721801757812 -0.015960693359375
-0.538818359375 -0.44354248046875 0.17645263671875 0.3900146484375
-0.5841064453125 -0.31915283203125 -0.093658447265625 0.165390014648437
-0.6280517578125 -0.2188720703125 -0.1041259765625 0.3515625
-0.58062744140625 0.03912353515625 0.165618896484375 0.4605712890625
-0.457061767578125 0.195037841796875 0.31524658203125 0.170501708984375
-0.33770751953125 0.391357421875 0.2274169921875 0.00198364257812502
-0.1502685546875 0.45697021484375 0.089324951171875 -0.01068115234375
-0.113616943359375 0.4322509765625 0.0197067260742187 0.0500755310058594
-0.090728759765625 0.472381591796875 -0.0317306518554688 0.136192321777344
-0.152099609375 0.4554443359375 -0.0654449462890625 0.186782836914063
-0.304351806640625 0.367462158203125 -0.102127075195313 0.138145446777344
-0.4132080078125 0.2705078125 -0.13818359375 0.060577392578125
-0.498626708984375 -0.032623291015625 -0.1033935546875 -0.1453857421875
-0.52783203125 -0.1939697265625 0.0554656982421875 -0.147430419921875
-0.5128173828125 -0.2694091796875 0.053924560546875 -0.093536376953125
-0.526611328125 -0.5245361328125 -0.0126495361328125 0.2769775390625
-0.62677001953125 -0.3912353515625 -0.21563720703125 0.150115966796875
-0.697509765625 -0.2222900390625 -0.0706787109375 0.34722900390625
-0.60968017578125 0.0886840820312501 0.2454833984375 0.37982177734375
-0.435791015625 0.242156982421875 0.379852294921875 0.05242919921875
-0.304046630859375 0.402313232421875 0.271331787109375 -0.160064697265625
-0.139404296875 0.441162109375 0.0980377197265625 -0.193008422851563
-0.115875244140625 0.435150146484375 0.0054931640625 -0.115531921386719
-0.090576171875 0.4857177734375 -0.0538520812988281 -0.019134521484375
-0.14434814453125 0.48150634765625 -0.0674934387207031 0.0494956970214844
-0.30767822265625 0.41986083984375 -0.115608215332031 0.03216552734375
-0.44488525390625 0.350311279296875 -0.147232055664063 -0.012725830078125
-0.609375 0.0150146484375 -0.121734619140625 -0.188720703125
-0.65771484375 -0.2122802734375 -0.0576171875 -0.158340454101563
-0.58544921875 -0.340576171875 -0.113861083984375 -0.19110107421875
-0.4407958984375 -0.521087646484375 -0.169845581054688 0.15618896484375
-0.57623291015625 -0.3760986328125 -0.294891357421875 0.129669189453125
-0.63165283203125 -0.1690673828125 -0.0266723632812501 0.309906005859375
-0.508392333984375 0.126708984375 0.297637939453125 0.259552001953125
-0.32391357421875 0.240081787109375 0.395721435546875 -0.06817626953125
-0.215240478515625 0.339599609375 0.27783203125 -0.301177978515625
-0.105010986328125 0.355377197265625 0.096435546875 -0.348907470703125
-0.0982666015625 0.3692626953125 -0.00822448730468752 -0.263641357421875
-0.0821533203125 0.41998291015625 -0.0721893310546875 -0.167678833007813
-0.124176025390625 0.4267578125 -0.0754776000976563 -0.0961532592773437
-0.27081298828125 0.394073486328125 -0.132026672363281 -0.0904769897460937
-0.4146728515625 0.356842041015625 -0.149856567382813 -0.112960815429688
-0.62689208984375 0.0300903320312499 -0.1199951171875 -0.2376708984375
-0.68359375 -0.2266845703125 -0.16229248046875 -0.16314697265625
-0.56378173828125 -0.3756103515625 -0.287994384765625 -0.301300048828125
-0.309417724609375 -0.43682861328125 -0.2772216796875 0.056060791015625
-0.457366943359375 -0.285736083984375 -0.320281982421875 0.1087646484375
-0.471923828125 -0.0775146484374999 0.0198974609375 0.249176025390625
-0.3236083984375 0.14263916015625 0.30328369140625 0.1265869140625
-0.16375732421875 0.193038940429688 0.357208251953125 -0.163604736328125
-0.101425170898438 0.220199584960938 0.24481201171875 -0.398406982421875
-0.0596923828125 0.21783447265625 0.0784912109375 -0.454071044921875
-0.0677032470703125 0.246810913085938 -0.019744873046875 -0.3709716796875
-0.059112548828125 0.286834716796875 -0.081329345703125 -0.286651611328125
-0.080902099609375 0.298828125 -0.0772247314453125 -0.222900390625
-0.189300537109375 0.300750732421875 -0.140121459960937 -0.204864501953125
-0.326202392578125 0.298858642578125 -0.134109497070313 -0.219497680664062
-0.547271728515625 0.01727294921875 -0.086822509765625 -0.286224365234375
-0.5880126953125 -0.23309326171875 -0.234390258789063 -0.17138671875
-0.43829345703125 -0.367095947265625 -0.432769775390625 -0.41241455078125
-0.149505615234375 -0.296112060546875 -0.330718994140625 -0.00543212890625002
-0.296783447265625 -0.155487060546875 -0.2998046875 0.09881591796875
-0.26641845703125 0.0145568847656249 0.056640625 0.180862426757813
-0.121086120605469 0.129112243652344 0.274078369140625 0.014312744140625
-0.00704193115234376 0.113441467285156 0.289886474609375 -0.221832275390625
0.00542449951171875 0.0723114013671875 0.1859130859375 -0.43792724609375
-0.0165367126464844 0.0505714416503906 0.04949951171875 -0.498779296875
-0.0270004272460937 0.0870819091796875 -0.028167724609375 -0.42071533203125
-0.0193710327148437 0.108070373535156 -0.07989501953125 -0.351715087890625
-0.00735473632812499 0.129806518554688 -0.07708740234375 -0.30462646484375
-0.0626373291015625 0.175567626953125 -0.142974853515625 -0.28741455078125
-0.179641723632813 0.210403442382813 -0.1070556640625 -0.31396484375
-0.37860107421875 0.00311279296874997 -0.028839111328125 -0.327301025390625
-0.38311767578125 -0.207061767578125 -0.259735107421875 -0.1832275390625
-0.23193359375 -0.2979736328125 -0.517547607421875 -0.513214111328125
-0.0600509643554688 0.086090087890625 0.57568359375 0.4510498046875
0.103935241699219 0.098663330078125 0.227218627929688 0.159027099609375
0.119194030761719 -0.0712890625 -0.02911376953125 0.273406982421875
0.00144195556640626 -0.118797302246094 0.0704345703125 0.397369384765625
-0.0904159545898437 -0.071929931640625 0.128509521484375 0.283935546875
-0.103469848632813 0.040252685546875 0.090118408203125 0.289947509765625
-0.0359268188476563 0.0947952270507813 0.0745849609375 0.35113525390625
-0.02667236328125 0.0711517333984375 0.050384521484375 0.389190673828125
-0.0308609008789063 0.0833206176757813 -0.00955200195312503 0.44158935546875
-0.077911376953125 0.0728073120117188 -0.134002685546875 0.401123046875
-0.0968704223632812 0.00155639648437498 -0.175140380859375 0.266799926757813
-0.0601348876953125 -0.0817337036132813 -0.17572021484375 0.09063720703125
0.0846023559570313 -0.069976806640625 -0.0515213012695313 -0.0945816040039063
0.10052490234375 0.0706710815429688 0.25579833984375 -0.08624267578125
-0.02386474609375 0.117347717285156 0.308929443359375 0.037139892578125
-0.292694091796875 -0.0850830078125 0.5078125 0.47247314453125
-0.180252075195313 -0.00973510742187504 0.155242919921875 0.165664672851562
-0.160186767578125 -0.095611572265625 -0.077239990234375 0.303619384765625
-0.2113037109375 -0.053985595703125 0.072357177734375 0.451507568359375
-0.238235473632813 0.031097412109375 0.167449951171875 0.27972412109375
-0.203628540039063 0.196578979492187 0.117813110351563 0.239791870117188
-0.0762786865234375 0.266036987304688 0.074005126953125 0.281463623046875
-0.0544891357421875 0.230865478515625 0.04815673828125 0.3175048828125
-0.0515594482421875 0.247528076171875 -0.00051879882812498 0.37359619140625
-0.112136840820313 0.2237548828125 -0.0887451171875 0.363800048828125
-0.188232421875 0.131378173828125 -0.12030029296875 0.2501220703125
-0.203689575195313 0.0239410400390625 -0.141128540039063 0.110107421875
-0.120391845703125 -0.0963973999023438 -0.0654220581054688 -0.0850296020507813
-0.108871459960937 -0.05517578125 0.211700439453125 -0.101531982421875
-0.198699951171875 -0.027923583984375 0.269332885742188 0.0292816162109375
-0.4620361328125 -0.264190673828125 0.36749267578125 0.44598388671875
-0.42315673828125 -0.157440185546875 0.0452423095703125 0.165267944335938
-0.431304931640625 -0.145050048828125 -0.0982666015625 0.32733154296875
-0.4215087890625 0.00482177734374999 0.11102294921875 0.469268798828125
-0.36712646484375 0.127288818359375 0.234664916992187 0.235916137695313
-0.283111572265625 0.320953369140625 0.163711547851562 0.136062622070313
-0.11138916015625 0.391357421875 0.0777587890625 0.152435302734375
-0.07916259765625 0.3546142578125 0.0366363525390625 0.197845458984375
-0.06207275390625 0.3819580078125 -0.00642395019531252 0.268264770507813
-0.12542724609375 0.3575439453125 -0.060516357421875 0.290191650390625
-0.248489379882813 0.2623291015625 -0.090850830078125 0.206314086914063
-0.31658935546875 0.15509033203125 -0.124732971191406 0.10101318359375
-0.321075439453125 -0.0702819824218749 -0.0816879272460938 -0.102241516113281
-0.329315185546875 -0.134002685546875 0.142333984375 -0.122726440429688
-0.36920166015625 -0.151519775390625 0.1827392578125 -0.0153961181640625
-0.539764404296875 -0.4117431640625 0.18548583984375 0.37261962890625
-0.57525634765625 -0.2899169921875 -0.0841827392578125 0.160614013671875
-0.6270751953125 -0.186767578125 -0.0914306640625001 0.34375
-0.56744384765625 0.0604858398437499 0.17962646484375 0.4403076171875
-0.4365234375 0.205902099609375 0.309722900390625 0.149993896484375
-0.311279296875 0.39697265625 0.216567993164062 -0.00825500488281248
-0.12713623046875 0.451385498046875 0.0833740234375 -0.0156097412109375
-0.093597412109375 0.425201416015625 0.0187263488769531 0.0463218688964844
-0.065582275390625 0.464111328125 -0.0270538330078125 0.133506774902344
-0.124664306640625 0.44952392578125 -0.0531463623046875 0.1827392578125
-0.27874755859375 0.371124267578125 -0.0897216796875 0.134971618652344
-0.39056396484375 0.281036376953125 -0.128005981445313 0.0607070922851563
-0.491363525390625 -0.0127563476562499 -0.10540771484375 -0.134819030761719
-0.525054931640625 -0.167877197265625 0.04931640625 -0.140975952148438
-0.50750732421875 -0.24609375 0.0523681640625 -0.0860977172851563
-0.53021240234375 -0.49334716796875 -0.00181579589843755 0.26708984375
-0.62298583984375 -0.3592529296875 -0.203887939453125 0.150009155273437
-0.6943359375 -0.18707275390625 -0.060272216796875 0.337310791015625
-0.59332275390625 0.1123046875 0.25341796875 0.359130859375
-0.414093017578125 0.251556396484375 0.36822509765625 0.034637451171875
-0.278839111328125 0.403961181640625 0.252456665039063 -0.166427612304687
-0.117034912109375 0.435302734375 0.0840911865234375 -0.192718505859375
-0.09515380859375 0.42657470703125 -0.000389099121093756 -0.11346435546875
-0.0671691894531249 0.47662353515625 -0.05450439453125 -0.0155067443847656
-0.117340087890625 0.473876953125 -0.0607986450195313 0.0492630004882813
-0.279266357421875 0.421661376953125 -0.107513427734375 0.033416748046875
-0.41650390625 0.360992431640625 -0.139984130859375 -0.00942993164062496
-0.59716796875 0.0398559570312501 -0.126266479492188 -0.175125122070312
-0.655029296875 -0.18048095703125 -0.0604400634765625 -0.14691162109375
-0.5802001953125 -0.31219482421875 -0.113494873046875 -0.176055908203125
-0.44757080078125 -0.49273681640625 -0.158126831054688 0.154144287109375
-0.571533203125 -0.34454345703125 -0.28173828125 0.131317138671875
-0.62701416015625 -0.13702392578125 -0.0181274414062501 0.298675537109375
-0.49267578125 0.145355224609375 0.2974853515625 0.23773193359375
-0.3037109375 0.24542236328125 0.378814697265625 -0.08233642578125
-0.1951904296875 0.338653564453125 0.2547607421875 -0.30352783203125
-0.087799072265625 0.3494873046875 0.075927734375 -0.343994140625
-0.082061767578125 0.362030029296875 -0.0192108154296875 -0.25616455078125
-0.061187744140625 0.412506103515625 -0.077362060546875 -0.158615112304687
-0.1004638671875 0.420135498046875 -0.0737152099609375 -0.0920562744140625
-0.245758056640625 0.3953857421875 -0.129440307617188 -0.08428955078125
-0.39044189453125 0.366607666015625 -0.14678955078125 -0.105499267578125
-0.6151123046875 0.0557861328125 -0.12701416015625 -0.222427368164063
-0.67950439453125 -0.1939697265625 -0.162399291992187 -0.146209716796875
-0.560302734375 -0.346221923828125 -0.286376953125 -0.277374267578125
-0.317779541015625 -0.414337158203125 -0.266952514648438 0.0586090087890624
-0.451416015625 -0.25933837890625 -0.307159423828125 0.112640380859375
-0.465576171875 -0.05450439453125 0.0251312255859375 0.237518310546875
-0.311553955078125 0.153289794921875 0.297576904296875 0.110595703125
-0.149139404296875 0.193435668945313 0.33831787109375 -0.17291259765625
-0.0885772705078125 0.218612670898438 0.219390869140625 -0.39306640625
-0.049835205078125 0.21356201171875 0.05517578125 -0.44464111328125
-0.056884765625 0.242202758789063 -0.03326416015625 -0.359771728515625
-0.04736328125 0.28167724609375 -0.089813232421875 -0.273147583007813
-0.0638427734375 0.292877197265625 -0.0814666748046875 -0.213165283203125
-0.170684814453125 0.301239013671875 -0.141860961914063 -0.194107055664062
-0.30548095703125 0.30548095703125 -0.13671875 -0.208511352539062
-0.536468505859375 0.0364074707031249 -0.098052978515625 -0.271347045898438
-0.58453369140625 -0.203857421875 -0.233001708984375 -0.151321411132813
-0.438995361328125 -0.34222412109375 -0.43218994140625 -0.38092041015625
-0.1568603515625 -0.28363037109375 -0.32159423828125 3.0517578125002E-05
-0.2913818359375 -0.138458251953125 -0.288970947265625 0.10150146484375
-0.260955810546875 0.0272064208984375 0.057769775390625 0.16973876953125
-0.114402770996094 0.131805419921875 0.26458740234375 0.00286865234375001
-9.1552734375005E-05 0.109512329101563 0.268844604492188 -0.223159790039062
0.00875091552734375 0.0689048767089844 0.16259765625 -0.42864990234375
-0.0156097412109375 0.0495796203613281 0.02813720703125 -0.48565673828125
-0.0239181518554687 0.0862960815429688 -0.042449951171875 -0.40826416015625
-0.0156173706054687 0.105453491210938 -0.08978271484375 -0.336273193359375
-0.00106048583984374 0.125099182128906 -0.084197998046875 -0.29144287109375
-0.0527191162109375 0.173171997070313 -0.14837646484375 -0.27301025390625
-0.165695190429688 0.21240234375 -0.11358642578125 -0.2999267578125
-0.37237548828125 0.01788330078125 -0.043853759765625 -0.313720703125
-0.383270263671875 -0.18499755859375 -0.2574462890625 -0.163589477539063
-0.23272705078125 -0.281341552734375 -0.518524169921875 -0.47906494140625
-0.0557861328125 0.088897705078125 0.57366943359375 0.43798828125
0.106590270996094 0.0962677001953125 0.225723266601562 0.1507568359375
0.115524291992188 -0.0735702514648438 -0.026763916015625 0.270233154296875
-0.00116729736328125 -0.118751525878906 0.07720947265625 0.38970947265625
-0.0926742553710937 -0.0685882568359375 0.128677368164062 0.277099609375
-0.0996246337890625 0.0436477661132812 0.091583251953125 0.284088134765625
-0.0312423706054688 0.0956344604492188 0.07708740234375 0.343170166015625
-0.0242385864257813 0.0712127685546875 0.0535888671875 0.380706787109375
-0.027984619140625 0.0833969116210938 -0.000793457031249975 0.43292236328125
-0.0742111206054687 0.0740432739257813 -0.12164306640625 0.3961181640625
-0.0946807861328125 0.00439453125 -0.162872314453125 0.262680053710938
-0.0609588623046875 -0.0796661376953125 -0.166336059570312 0.090087890625
0.0820465087890625 -0.0717315673828125 -0.0483169555664062 -0.091094970703125
0.100852966308594 0.0658798217773438 0.252243041992188 -0.0888214111328125
-0.0228500366210938 0.115074157714844 0.304412841796875 0.03961181640625
-0.28759765625 -0.0765380859375 0.507171630859375 0.45953369140625
-0.17510986328125 -0.00712585449218746 0.155731201171875 0.15740966796875
-0.162322998046875 -0.091064453125 -0.074127197265625 0.29998779296875
-0.2113037109375 -0.049560546875 0.08056640625 0.443359375
-0.238128662109375 0.03485107421875 0.166488647460938 0.270034790039063
-0.19580078125 0.200714111328125 0.116439819335938 0.23388671875
-0.068572998046875 0.264755249023438 0.0746612548828125 0.275390625
-0.049407958984375 0.229080200195313 0.0506591796875 0.3096923828125
-0.0445098876953125 0.245864868164063 0.00576782226562496 0.366485595703125
-0.103439331054688 0.22381591796875 -0.077606201171875 0.357330322265625
-0.18170166015625 0.133804321289063 -0.109848022460938 0.243988037109375
-0.199325561523437 0.0287017822265625 -0.132881164550781 0.108345031738281
-0.121192932128906 -0.0933685302734375 -0.062255859375 -0.0813674926757813
-0.109237670898438 -0.054046630859375 0.20770263671875 -0.101577758789062
-0.1964111328125 -0.0258331298828125 0.265548706054688 0.0322113037109375
-0.45660400390625 -0.25396728515625 0.369781494140625 0.436370849609375
-0.416168212890625 -0.147918701171875 0.04827880859375 0.15972900390625
-0.43218994140625 -0.134246826171875 -0.095733642578125 0.323516845703125
-0.418487548828125 0.011199951171875 0.117340087890625 0.460845947265625
-0.363433837890625 0.130889892578125 0.23126220703125 0.225479125976562
-0.2720947265625 0.324493408203125 0.159133911132812 0.130172729492188
-0.100189208984375 0.38970947265625 0.0756378173828125 0.148239135742188
-0.07183837890625 0.352264404296875 0.037139892578125 0.192611694335938
-0.05224609375 0.378875732421875 -0.00230407714843749 0.263092041015625
-0.113525390625 0.354034423828125 -0.050994873046875 0.28399658203125
-0.236663818359375 0.265625 -0.0820465087890625 0.200759887695313
-0.3074951171875 0.161102294921875 -0.117507934570313 0.0986251831054688
-0.320892333984375 -0.06280517578125 -0.0802764892578125 -0.0969161987304688
-0.329254150390625 -0.126556396484375 0.1405029296875 -0.121124267578125
-0.366912841796875 -0.145751953125 0.18206787109375 -0.01031494140625
-0.5384521484375 -0.39910888671875 0.188873291015625 0.3641357421875
-0.57000732421875 -0.27728271484375 -0.0801239013671876 0.156478881835937
-0.62664794921875 -0.17071533203125 -0.0892333984375001 0.3375244140625
-0.5623779296875 0.07281494140625 0.184967041015625 0.430145263671875
-0.428070068359375 0.209991455078125 0.30694580078125 0.1396484375
-0.3004150390625 0.398956298828125 0.208221435546875 -0.0123138427734375
-0.11468505859375 0.446990966796875 0.07708740234375 -0.018218994140625
-0.08477783203125 0.420654296875 0.0172882080078125 0.0433540344238282
-0.053802490234375 0.459686279296875 -0.02520751953125 0.131782531738281
-0.1109619140625 0.443939208984375 -0.045806884765625 0.17877197265625
-0.265594482421875 0.372344970703125 -0.0825271606445313 0.13031005859375
-0.378570556640625 0.2872314453125 -0.121841430664063 0.0596389770507813
-0.487518310546875 -0.00167846679687492 -0.105491638183594 -0.128036499023437
-0.525390625 -0.155792236328125 0.0481033325195312 -0.135978698730469
-0.502655029296875 -0.23895263671875 0.0538482666015625 -0.0798797607421875
-0.528839111328125 -0.479278564453125 0.00325012207031245 0.260879516601562
-0.61700439453125 -0.3446044921875 -0.198715209960938 0.147125244140625
-0.69354248046875 -0.16888427734375 -0.058013916015625 0.3297119140625
-0.5872802734375 0.12396240234375 0.253997802734375 0.347381591796875
-0.4039306640625 0.25469970703125 0.36175537109375 0.0252685546875
-0.26690673828125 0.40411376953125 0.240997314453125 -0.168792724609375
-0.107696533203125 0.430694580078125 0.075469970703125 -0.19232177734375
-0.08709716796875 0.42303466796875 -0.00495147705078126 -0.112350463867187
-0.054473876953125 0.472442626953125 -0.0540351867675781 -0.0134963989257812
-0.10198974609375 0.467864990234375 -0.05633544921875 0.0486030578613281
-0.265869140625 0.424713134765625 -0.10284423828125 0.0312957763671875
-0.404144287109375 0.366546630859375 -0.135505676269531 -0.00918579101562495
-0.59454345703125 0.0511474609375 -0.127685546875 -0.1666259765625
-0.6561279296875 -0.164306640625 -0.0601882934570313 -0.138298034667969
-0.57574462890625 -0.30194091796875 -0.110107421875 -0.167205810546875
-0.44769287109375 -0.47991943359375 -0.154388427734375 0.150131225585937
-0.564453125 -0.33197021484375 -0.27679443359375 0.128753662109375
-0.62469482421875 -0.11920166015625 -0.017730712890625 0.29132080078125
-0.48529052734375 0.15435791015625 0.2967529296875 0.228363037109375
-0.2923583984375 0.246002197265625 0.36932373046875 -0.08905029296875
-0.1832275390625 0.33782958984375 0.241119384765625 -0.30340576171875
-0.0804443359375 0.346221923828125 0.06622314453125 -0.341461181640625
-0.075164794921875 0.35931396484375 -0.0249481201171875 -0.253173828125
-0.052947998046875 0.41033935546875 -0.0787811279296875 -0.153793334960937
-0.087646484375 0.4134521484375 -0.0715713500976562 -0.089569091796875
-0.23309326171875 0.39642333984375 -0.126838684082031 -0.0830230712890625
-0.377899169921875 0.370849609375 -0.144393920898438 -0.102127075195312
-0.6107177734375 0.0667724609374999 -0.13006591796875 -0.213348388671875
-0.678955078125 -0.17694091796875 -0.161087036132813 -0.13653564453125
-0.5560302734375 -0.33599853515625 -0.282073974609375 -0.266082763671875
-0.318145751953125 -0.406585693359375 -0.262924194335937 0.0555725097656249
-0.446044921875 -0.248016357421875 -0.302734375 0.11029052734375
-0.46234130859375 -0.040130615234375 0.023040771484375 0.22955322265625
-0.306243896484375 0.160675048828125 0.292236328125 0.102813720703125
-0.141738891601563 0.192977905273437 0.326812744140625 -0.17437744140625
-0.0819549560546875 0.216293334960938 0.205047607421875 -0.38916015625
-0.045928955078125 0.211441040039063 0.045318603515625 -0.440826416015625
-0.0527801513671875 0.240310668945313 -0.039215087890625 -0.3546142578125
-0.041015625 0.279281616210938 -0.0918121337890625 -0.265731811523438
-0.056640625 0.288818359375 -0.081085205078125 -0.209259033203125
-0.160980224609375 0.300262451171875 -0.141860961914063 -0.189224243164062
-0.29498291015625 0.308197021484375 -0.13671875 -0.203582763671875
-0.534423828125 0.04736328125 -0.10235595703125 -0.261367797851563
-0.584716796875 -0.19207763671875 -0.230361938476563 -0.140335083007813
-0.43585205078125 -0.331817626953125 -0.42791748046875 -0.368927001953125
-0.158950805664063 -0.279159545898438 -0.317474365234375 -0.00222778320312503
-0.287017822265625 -0.13153076171875 -0.285064697265625 0.0985717773437499
-0.25921630859375 0.03436279296875 0.0550689697265625 0.162521362304687
-0.111579895019531 0.135078430175781 0.256423950195313 -0.00215148925781249
0.00399780273437499 0.107444763183594 0.259140014648437 -0.2227783203125
0.00992584228515625 0.0660972595214844 0.1512451171875 -0.420623779296875
-0.0153732299804687 0.0495452880859375 0.01776123046875 -0.4783935546875
-0.0233917236328125 0.0861434936523438 -0.048095703125 -0.40155029296875
-0.0146636962890625 0.104415893554688 -0.091766357421875 -0.32818603515625
0.00150299072265625 0.12274169921875 -0.08538818359375 -0.284698486328125
-0.047149658203125 0.171249389648438 -0.1495361328125 -0.265640258789062
-0.158737182617188 0.212875366210938 -0.11663818359375 -0.29376220703125
-0.37017822265625 0.0250244140624999 -0.04901123046875 -0.30401611328125
-0.384979248046875 -0.174072265625 -0.254470825195313 -0.151336669921875
-0.23065185546875 -0.274581909179688 -0.516143798828125 -0.46380615234375
-0.0524673461914063 0.0929946899414063 0.58477783203125 0.438720703125
0.111442565917969 0.0961380004882812 0.22930908203125 0.1475830078125
0.1146240234375 -0.07647705078125 -0.0252685546875 0.27252197265625
-0.00441741943359375 -0.121826171875 0.081268310546875 0.39117431640625
-0.0972824096679688 -0.0675735473632813 0.131057739257812 0.277450561523438
-0.0987701416015625 0.0462799072265625 0.09429931640625 0.286346435546875
-0.0279693603515625 0.097564697265625 0.079498291015625 0.34637451171875
-0.0227508544921875 0.0732879638671875 0.056488037109375 0.381317138671875
-0.0268096923828125 0.0851516723632812 0.00552368164062496 0.4326171875
-0.0730056762695313 0.07672119140625 -0.115325927734375 0.399871826171875
-0.0964202880859375 0.00613403320312499 -0.15716552734375 0.263687133789062
-0.0637664794921875 -0.0798873901367188 -0.16204833984375 0.0912628173828125
0.082275390625 -0.0753097534179688 -0.0463943481445313 -0.0910110473632813
0.103797912597656 0.0646591186523438 0.254241943359375 -0.0913238525390625
-0.0227737426757813 0.115921020507812 0.306671142578125 0.04425048828125
-0.29071044921875 -0.07379150390625 0.51959228515625 0.46258544921875
-0.174224853515625 -0.00437927246093752 0.159805297851563 0.155410766601563
-0.16729736328125 -0.089599609375 -0.073486328125 0.302825927734375
-0.2171630859375 -0.0467987060546875 0.086578369140625 0.4453125
-0.242843627929688 0.0385284423828125 0.169769287109375 0.270309448242188
-0.194534301757812 0.207199096679688 0.118118286132813 0.234649658203125
-0.0630340576171875 0.268783569335938 0.07501220703125 0.277694702148437
-0.046051025390625 0.2330322265625 0.0516357421875 0.310546875
-0.0394439697265625 0.250732421875 0.010101318359375 0.366455078125
-0.099945068359375 0.22705078125 -0.069549560546875 0.3590087890625
-0.180068969726563 0.137710571289062 -0.104248046875 0.243682861328125
-0.20159912109375 0.03204345703125 -0.128463745117188 0.10772705078125
-0.125343322753906 -0.0923080444335938 -0.0612258911132813 -0.0796432495117187
-0.112457275390625 -0.05230712890625 0.209396362304688 -0.103408813476563
-0.200775146484375 -0.0260162353515625 0.270782470703125 0.038482666015625
-0.462860107421875 -0.250518798828125 0.3778076171875 0.438446044921875
-0.420013427734375 -0.144989013671875 0.0500946044921875 0.157943725585937
-0.441802978515625 -0.12835693359375 -0.0965576171875 0.327545166015625
-0.425445556640625 0.01910400390625 0.125091552734375 0.462921142578125
-0.368072509765625 0.13671875 0.234359741210937 0.22320556640625
-0.2705078125 0.335357666015625 0.158737182617187 0.128509521484375
-0.09381103515625 0.39495849609375 0.0738983154296875 0.148910522460938
-0.06671142578125 0.357391357421875 0.035247802734375 0.191192626953125
-0.045684814453125 0.385040283203125 -6.10351562500247E-05 0.26416015625
-0.105926513671875 0.359710693359375 -0.0443115234375 0.283905029296875
-0.233749389648438 0.272186279296875 -0.0782470703125 0.1986083984375
-0.307220458984375 0.167999267578125 -0.114204406738281 0.0971755981445313
-0.32598876953125 -0.05810546875 -0.0809249877929688 -0.0948257446289063
-0.337432861328125 -0.1234130859375 0.142410278320312 -0.120834350585938
-0.371612548828125 -0.145477294921875 0.187103271484375 -0.00546264648437501
-0.546051025390625 -0.398040771484375 0.195037841796875 0.36700439453125
-0.57611083984375 -0.2755126953125 -0.0808258056640625 0.155288696289062
-0.6409912109375 -0.16192626953125 -0.09149169921875 0.34002685546875
-0.57171630859375 0.0848388671875001 0.192718505859375 0.431732177734375
-0.43255615234375 0.218658447265625 0.30853271484375 0.13592529296875
-0.2967529296875 0.408966064453125 0.206039428710938 -0.0155487060546875
-0.10858154296875 0.45233154296875 0.0730056762695313 -0.0184249877929687
-0.079010009765625 0.426300048828125 0.0143394470214844 0.0438385009765625
-0.046295166015625 0.466094970703125 -0.0248260498046875 0.133644104003906
-0.102142333984375 0.44976806640625 -0.0414276123046875 0.17822265625
-0.260589599609375 0.38250732421875 -0.0795745849609375 0.128929138183594
-0.37774658203125 0.298248291015625 -0.120101928710938 0.0590744018554688
-0.49578857421875 0.00735473632812504 -0.107902526855469 -0.125343322753906
-0.5377197265625 -0.148162841796875 0.049224853515625 -0.13336181640625
-0.509613037109375 -0.238311767578125 0.0575790405273437 -0.074859619140625
-0.538482666015625 -0.48187255859375 0.00479125976562498 0.261932373046875
-0.623046875 -0.34307861328125 -0.200363159179688 0.145248413085937
-0.7086181640625 -0.15716552734375 -0.0614013671875 0.33135986328125
-0.5955810546875 0.13775634765625 0.2613525390625 0.347076416015625
-0.40557861328125 0.2620849609375 0.3641357421875 0.018768310546875
-0.262786865234375 0.412750244140625 0.237884521484375 -0.173660278320312
-0.1015625 0.436248779296875 0.069610595703125 -0.194366455078125
-0.08154296875 0.429656982421875 -0.00896453857421875 -0.113922119140625
-0.047088623046875 0.47760009765625 -0.0551872253417969 -0.0122489929199218
-0.092071533203125 0.47222900390625 -0.0531005859375 0.0464515686035156
-0.2601318359375 0.433074951171875 -0.100982666015625 0.0298614501953125
-0.402679443359375 0.3785400390625 -0.135635375976563 -0.00983428955078122
-0.60345458984375 0.0622558593750001 -0.131027221679688 -0.162368774414062
-0.67120361328125 -0.15594482421875 -0.0598068237304688 -0.133781433105469
-0.58319091796875 -0.30169677734375 -0.108291625976563 -0.163482666015625
-0.4561767578125 -0.4837646484375 -0.155029296875 0.149765014648437
-0.5693359375 -0.32916259765625 -0.280563354492188 0.1280517578125
-0.635986328125 -0.10736083984375 -0.020782470703125 0.29156494140625
-0.491607666015625 0.168670654296875 0.3006591796875 0.22760009765625
-0.292022705078125 0.25323486328125 0.3697509765625 -0.093597412109375
-0.18011474609375 0.34417724609375 0.2369384765625 -0.307281494140625
-0.077362060546875 0.350372314453125 0.05859375 -0.346466064453125
-0.071685791015625 0.365203857421875 -0.0306396484375 -0.254547119140625
-0.046142578125 0.4140625 -0.0806427001953125 -0.15264892578125
-0.08026123046875 0.417572021484375 -0.0706253051757812 -0.091583251953125
-0.228485107421875 0.404296875 -0.126907348632813 -0.083740234375
-0.376495361328125 0.382110595703125 -0.146575927734375 -0.102569580078125
-0.62286376953125 0.07843017578125 -0.135360717773437 -0.208892822265625
-0.69403076171875 -0.16912841796875 -0.161270141601563 -0.129669189453125
-0.56268310546875 -0.338623046875 -0.283172607421875 -0.262847900390625
-0.325775146484375 -0.41094970703125 -0.26641845703125 0.0529937744140624
-0.4501953125 -0.247833251953125 -0.308135986328125 0.108428955078125
-0.470428466796875 -0.0323181152343749 0.019561767578125 0.228790283203125
-0.3082275390625 0.17120361328125 0.29412841796875 0.100555419921875
-0.138519287109375 0.195587158203125 0.326690673828125 -0.17822265625
-0.0788421630859375 0.217620849609375 0.199798583984375 -0.39239501953125
-0.044158935546875 0.213836669921875 0.0372314453125 -0.44482421875
-0.0509796142578125 0.244644165039063 -0.044921875 -0.35699462890625
-0.037078857421875 0.283477783203125 -0.0933380126953125 -0.266693115234375
-0.051055908203125 0.290740966796875 -0.081024169921875 -0.211334228515625
-0.1573486328125 0.3067626953125 -0.143173217773438 -0.189895629882812
-0.294189453125 0.3170166015625 -0.140365600585938 -0.204376220703125
-0.545318603515625 0.0561218261718749 -0.108291625976563 -0.257644653320313
-0.598388671875 -0.1824951171875 -0.231491088867188 -0.133392333984375
-0.44073486328125 -0.335357666015625 -0.430816650390625 -0.367706298828125
-0.16436767578125 -0.2840576171875 -0.32183837890625 -0.00720214843750002
-0.287933349609375 -0.1297607421875 -0.290191650390625 0.096893310546875
-0.262588500976563 0.041015625 0.0520172119140625 0.160324096679688
-0.1119384765625 0.142318725585937 0.25531005859375 -0.00444030761718749
0.00785827636718749 0.107902526855469 0.256729125976563 -0.223724365234375
0.0108718872070313 0.0650062561035156 0.145660400390625 -0.422119140625
-0.0161666870117187 0.0496444702148438 0.011962890625 -0.4832763671875
-0.023468017578125 0.0881576538085938 -0.052215576171875 -0.405120849609375
-0.0147476196289062 0.106124877929687 -0.093048095703125 -0.329803466796875
0.00414276123046875 0.12176513671875 -0.087249755859375 -0.286407470703125
-0.044219970703125 0.174118041992188 -0.152618408203125 -0.264633178710938
-0.157760620117187 0.218887329101563 -0.12078857421875 -0.2943115234375
-0.378509521484375 0.031280517578125 -0.05487060546875 -0.302093505859375
-0.39361572265625 -0.1710205078125 -0.256057739257813 -0.145278930664063
-0.233474731445312 -0.278182983398438 -0.5224609375 -0.46441650390625
-0.04925537109375 0.0988540649414063 0.61492919921875 0.4384765625
0.121017456054688 0.0962677001953125 0.240615844726563 0.143569946289063
0.1163330078125 -0.0830917358398438 -0.01983642578125 0.2813720703125
-0.009307861328125 -0.125579833984375 0.096710205078125 0.399444580078125
-0.104942321777344 -0.0647506713867188 0.141357421875 0.2813720703125
-0.0992965698242188 0.0524139404296875 0.104278564453125 0.29071044921875
-0.0235366821289063 0.101432800292969 0.087860107421875 0.3543701171875
-0.0201492309570313 0.07659912109375 0.066253662109375 0.38922119140625
-0.0230789184570313 0.0907135009765625 0.017730712890625 0.441650390625
-0.0712814331054688 0.0819015502929688 -0.1021728515625 0.411376953125
-0.0991439819335938 0.00964355468750001 -0.149139404296875 0.272857666015625
-0.0699462890625 -0.0799636840820312 -0.159286499023438 0.096710205078125
0.0821151733398438 -0.0807113647460938 -0.0463638305664062 -0.0916290283203125
0.108688354492188 0.0608291625976563 0.26068115234375 -0.099945068359375
-0.0220108032226563 0.121726989746094 0.31805419921875 0.046295166015625
-0.298736572265625 -0.0669555664062501 0.548004150390625 0.465118408203125
-0.176162719726562 0.00122070312500003 0.169097900390625 0.153594970703125
-0.17706298828125 -0.085113525390625 -0.07012939453125 0.3138427734375
-0.227218627929688 -0.0416412353515625 0.1029052734375 0.455596923828125
-0.252120971679688 0.0484161376953125 0.1806640625 0.271896362304688
-0.193344116210937 0.221588134765625 0.126068115234375 0.237030029296875
-0.0547637939453125 0.278656005859375 0.080322265625 0.28387451171875
-0.0401153564453125 0.241806030273437 0.05816650390625 0.31756591796875
-0.030517578125 0.26019287109375 0.021728515625 0.37554931640625
-0.0922393798828125 0.237655639648438 -0.0584716796875 0.367401123046875
-0.17974853515625 0.149612426757813 -0.0963592529296875 0.24920654296875
-0.20635986328125 0.0404510498046875 -0.124771118164063 0.112358093261719
-0.132125854492188 -0.0910263061523438 -0.0626449584960938 -0.0793304443359375
-0.118606567382812 -0.0511932373046875 0.21343994140625 -0.11004638671875
-0.208160400390625 -0.02166748046875 0.281494140625 0.03961181640625
-0.482574462890625 -0.2469482421875 0.402557373046875 0.443939208984375
-0.43310546875 -0.137115478515625 0.0566864013671875 0.15924072265625
-0.4630126953125 -0.114654541015625 -0.093414306640625 0.338958740234375
-0.441986083984375 0.03436279296875 0.14306640625 0.471923828125
-0.377532958984375 0.15325927734375 0.24652099609375 0.220611572265625
-0.265960693359375 0.355560302734375 0.164093017578125 0.127593994140625
-0.08441162109375 0.409332275390625 0.0758209228515625 0.15155029296875
-0.05731201171875 0.3707275390625 0.038970947265625 0.196990966796875
-0.030548095703125 0.3975830078125 0.00711059570312497 0.270767211914063
-0.09417724609375 0.3707275390625 -0.03472900390625 0.28936767578125
-0.229217529296875 0.2891845703125 -0.0701141357421875 0.202377319335938
-0.309478759765625 0.184478759765625 -0.112709045410156 0.101425170898438
-0.339599609375 -0.0478820800781249 -0.084869384765625 -0.0928192138671875
-0.353851318359375 -0.113433837890625 0.144332885742188 -0.125701904296875
-0.387359619140625 -0.14288330078125 0.196029663085937 -0.00422668457031251
-0.57342529296875 -0.3968505859375 0.210296630859375 0.37347412109375
-0.599609375 -0.2667236328125 -0.0792694091796875 0.158782958984375
-0.6685791015625 -0.14373779296875 -0.08905029296875 0.351654052734375
-0.5892333984375 0.1072998046875 0.212127685546875 0.43939208984375
-0.44073486328125 0.23974609375 0.321685791015625 0.129241943359375
-0.292724609375 0.433929443359375 0.20806884765625 -0.022613525390625
-0.0982666015625001 0.469757080078125 0.06976318359375 -0.0205154418945312
-0.06671142578125 0.442596435546875 0.0126991271972656 0.0457115173339844
-0.029541015625 0.481048583984375 -0.0223922729492188 0.138259887695313
-0.08673095703125 0.463287353515625 -0.0347137451171875 0.181396484375
-0.25250244140625 0.402862548828125 -0.074798583984375 0.130050659179688
-0.377197265625 0.32110595703125 -0.12030029296875 0.061676025390625
-0.513946533203125 0.0241088867187499 -0.113998413085938 -0.122154235839844
-0.5618896484375 -0.1334228515625 0.0493087768554687 -0.134124755859375
-0.532196044921875 -0.23419189453125 0.0615005493164062 -0.0732269287109375
-0.5673828125 -0.48358154296875 0.0117950439453125 0.269088745117187
-0.648193359375 -0.335693359375 -0.205078125 0.152252197265625
-0.73590087890625 -0.1357421875 -0.060211181640625 0.340911865234375
-0.6092529296875 0.166259765625 0.279022216796875 0.349029541015625
-0.409515380859375 0.2818603515625 0.374420166015625 0.00775146484375002
-0.25567626953125 0.43505859375 0.235549926757812 -0.185897827148437
-0.0928955078125 0.45245361328125 0.061676025390625 -0.201385498046875
-0.07177734375 0.444610595703125 -0.0156936645507812 -0.115409851074219
-0.030120849609375 0.4954833984375 -0.0572967529296875 -0.00945281982421871
-0.078033447265625 0.487579345703125 -0.051300048828125 0.0470085144042969
-0.2501220703125 0.4566650390625 -0.100440979003906 0.0301361083984375
-0.401580810546875 0.405609130859375 -0.138839721679688 -0.00680541992187499
-0.62322998046875 0.0858154296875 -0.139602661132813 -0.158935546875
-0.697998046875 -0.13720703125 -0.0621795654296875 -0.13031005859375
-0.6082763671875 -0.29876708984375 -0.110702514648438 -0.1611328125
-0.483123779296875 -0.48992919921875 -0.157257080078125 0.154510498046875
-0.59393310546875 -0.32427978515625 -0.288818359375 0.13494873046875
-0.6610107421875 -0.0875244140625 -0.020355224609375 0.299285888671875
-0.50128173828125 0.194854736328125 0.314727783203125 0.225250244140625
-0.290863037109375 0.2685546875 0.377044677734375 -0.107513427734375
-0.1727294921875 0.358642578125 0.230926513671875 -0.322235107421875
-0.070159912109375 0.362091064453125 0.045501708984375 -0.356781005859375
-0.062469482421875 0.3782958984375 -0.0405120849609375 -0.260406494140625
-0.032989501953125 0.42864990234375 -0.0869140625 -0.153717041015625
-0.06634521484375 0.43072509765625 -0.07275390625 -0.0945587158203125
-0.2200927734375 0.42547607421875 -0.130447387695313 -0.0843124389648437
-0.37481689453125 0.407928466796875 -0.153060913085938 -0.1015625
-0.6439208984375 0.10198974609375 -0.146270751953125 -0.204986572265625
-0.72430419921875 -0.14825439453125 -0.166183471679688 -0.12347412109375
-0.588134765625 -0.3369140625 -0.294097900390625 -0.26153564453125
-0.3470458984375 -0.417449951171875 -0.27496337890625 0.056884765625
-0.4677734375 -0.242523193359375 -0.318634033203125 0.115264892578125
-0.486572265625 -0.0131530761718751 0.019622802734375 0.232879638671875
-0.31158447265625 0.191436767578125 0.30242919921875 0.0953369140625
-0.133453369140625 0.205520629882813 0.329559326171875 -0.1917724609375
-0.0734100341796875 0.225906372070313 0.192230224609375 -0.406005859375
-0.0403594970703125 0.220413208007812 0.022735595703125 -0.45751953125
-0.0450897216796875 0.254867553710937 -0.05767822265625 -0.36663818359375
-0.02911376953125 0.2933349609375 -0.10247802734375 -0.2701416015625
-0.04193115234375 0.298248291015625 -0.0875091552734375 -0.216766357421875
-0.15118408203125 0.320587158203125 -0.1507568359375 -0.191146850585937
-0.292266845703125 0.337127685546875 -0.15045166015625 -0.206207275390625
-0.563720703125 0.0778198242187499 -0.120635986328125 -0.256790161132813
-0.62396240234375 -0.1666259765625 -0.239273071289063 -0.125045776367188
-0.4608154296875 -0.336639404296875 -0.45233154296875 -0.36614990234375
-0.177947998046875 -0.290802001953125 -0.3343505859375 -0.00503540039062498
-0.2984619140625 -0.126495361328125 -0.30078125 0.10272216796875
-0.270034790039063 0.0536346435546875 0.0513153076171875 0.161941528320312
-0.11029052734375 0.153823852539062 0.258987426757813 -0.010650634765625
0.0133819580078125 0.109603881835938 0.255599975585938 -0.235198974609375
0.013153076171875 0.0649032592773438 0.1357421875 -0.4339599609375
-0.0169639587402344 0.0518760681152344 -0.00329589843749995 -0.4964599609375
-0.0225677490234375 0.0924224853515625 -0.06549072265625 -0.416412353515625
-0.0126876831054687 0.110076904296875 -0.102752685546875 -0.336822509765625
0.00825500488281249 0.122467041015625 -0.09478759765625 -0.29229736328125
-0.0386505126953125 0.18011474609375 -0.1632080078125 -0.266159057617188
-0.154464721679687 0.231002807617188 -0.13250732421875 -0.2989501953125
-0.3929443359375 0.046844482421875 -0.06622314453125 -0.304962158203125
-0.411956787109375 -0.16217041015625 -0.264129638671875 -0.137985229492188
-0.24462890625 -0.282318115234375 -0.549224853515625 -0.465728759765625
-0.0429763793945312 0.105903625488281 0.65673828125 0.41851806640625
0.133522033691406 0.0913467407226562 0.255218505859375 0.13140869140625
0.11444091796875 -0.0917892456054688 -0.00653076171874998 0.29022216796875
-0.01824951171875 -0.128684997558594 0.12164306640625 0.405731201171875
-0.113685607910156 -0.0586776733398437 0.160171508789063 0.280364990234375
-0.0981216430664063 0.0604248046875 0.122467041015625 0.293121337890625
-0.0169219970703125 0.104270935058594 0.106536865234375 0.360260009765625
-0.0159149169921875 0.0808868408203125 0.086639404296875 0.39605712890625
-0.0163116455078125 0.095916748046875 0.041168212890625 0.44964599609375
-0.0673828125 0.0898895263671875 -0.07916259765625 0.423675537109375
-0.101882934570313 0.0164108276367188 -0.132354736328125 0.2840576171875
-0.0772171020507813 -0.0786590576171875 -0.153732299804688 0.105667114257813
0.0801773071289063 -0.088897705078125 -0.048431396484375 -0.0911407470703125
0.115280151367187 0.055511474609375 0.26275634765625 -0.116470336914063
-0.016998291015625 0.128364562988281 0.32977294921875 0.03900146484375
-0.30816650390625 -0.053466796875 0.58990478515625 0.45062255859375
-0.177291870117188 0.00909423828125002 0.18115234375 0.14666748046875
-0.187240600585937 -0.0763702392578125 -0.056304931640625 0.326263427734375
-0.23736572265625 -0.0289459228515625 0.131927490234375 0.46099853515625
-0.258941650390625 0.0649261474609375 0.200897216796875 0.267547607421875
-0.1839599609375 0.240921020507812 0.139633178710938 0.235702514648438
-0.039031982421875 0.28924560546875 0.096099853515625 0.288604736328125
-0.0259857177734375 0.250900268554687 0.073883056640625 0.323211669921875
-0.0133209228515625 0.269210815429688 0.042327880859375 0.382415771484375
-0.0774078369140625 0.247787475585938 -0.03662109375 0.374786376953125
-0.1741943359375 0.164886474609375 -0.0806732177734375 0.2550048828125
-0.208831787109375 0.0539093017578125 -0.118919372558594 0.119483947753906
-0.140838623046875 -0.08636474609375 -0.0662612915039063 -0.076934814453125
-0.125167846679687 -0.045501708984375 0.2144775390625 -0.122512817382812
-0.215408325195313 -0.010223388671875 0.29595947265625 0.032073974609375
-0.508941650390625 -0.228790283203125 0.437469482421875 0.43682861328125
-0.449310302734375 -0.1182861328125 0.0652923583984375 0.158645629882813
-0.4832763671875 -0.0893554687499999 -0.0817565917968751 0.352294921875
-0.453826904296875 0.0659790039062499 0.174285888671875 0.4766845703125
-0.3812255859375 0.18035888671875 0.264266967773438 0.211654663085938
-0.2523193359375 0.38287353515625 0.171981811523438 0.12127685546875
-0.0625 0.42529296875 0.082855224609375 0.15325927734375
-0.036468505859375 0.384796142578125 0.0474090576171875 0.201339721679688
-0.00491333007812501 0.409515380859375 0.0204620361328125 0.276718139648438
-0.070159912109375 0.384307861328125 -0.0166015625 0.294952392578125
-0.216339111328125 0.312164306640625 -0.0588226318359375 0.205978393554688
-0.30621337890625 0.209686279296875 -0.107261657714844 0.108024597167969
-0.351776123046875 -0.028656005859375 -0.0895843505859375 -0.0885848999023437
-0.371063232421875 -0.094573974609375 0.142959594726562 -0.133163452148438
-0.40594482421875 -0.125946044921875 0.206161499023437 -0.00860595703125001
-0.608642578125 -0.3819580078125 0.23565673828125 0.373138427734375
-0.6273193359375 -0.244140625 -0.0743103027343751 0.16546630859375
-0.697509765625 -0.10369873046875 -0.078857421875 0.366180419921875
-0.5987548828125 0.1494140625 0.243682861328125 0.437530517578125
-0.439605712890625 0.272247314453125 0.336029052734375 0.11236572265625
-0.272979736328125 0.464080810546875 0.208648681640625 -0.0351715087890625
-0.075103759765625 0.489898681640625 0.0671806335449219 -0.02239990234375
-0.044097900390625 0.45941162109375 0.0128517150878906 0.0474433898925782
0.001190185546875 0.495941162109375 -0.0163421630859375 0.142852783203125
-0.057952880859375 0.4781494140625 -0.0227813720703125 0.183792114257813
-0.232330322265625 0.429901123046875 -0.0682373046875 0.131988525390625
-0.367340087890625 0.354339599609375 -0.118019104003906 0.0687789916992188
-0.527679443359375 0.0578002929687499 -0.121292114257813 -0.114997863769531
-0.587890625 -0.1002197265625 0.0469589233398437 -0.136756896972656
-0.55889892578125 -0.21563720703125 0.0646438598632812 -0.0739059448242188
-0.6092529296875 -0.4715576171875 0.02557373046875 0.275955200195312
-0.680908203125 -0.31085205078125 -0.20526123046875 0.164596557617188
-0.76605224609375 -0.09271240234375 -0.0499267578125 0.353607177734375
-0.61724853515625 0.2105712890625 0.306304931640625 0.342254638671875
-0.40411376953125 0.313995361328125 0.383819580078125 -0.014007568359375
-0.236602783203125 0.4613037109375 0.2274169921875 -0.203079223632812
-0.070220947265625 0.4696044921875 0.0474395751953125 -0.208206176757813
-0.046356201171875 0.46173095703125 -0.0241546630859375 -0.11578369140625
-0.000396728515624979 0.50933837890625 -0.0595245361328125 -0.00564193725585935
-0.04730224609375 0.500732421875 -0.0478248596191406 0.0477943420410156
-0.228118896484375 0.483734130859375 -0.100051879882813 0.0326309204101563
-0.386444091796875 0.443115234375 -0.140884399414063 0.000503540039062498
-0.637451171875 0.127197265625 -0.151214599609375 -0.150009155273437
-0.72686767578125 -0.09619140625 -0.0672531127929688 -0.125595092773437
-0.63934326171875 -0.27789306640625 -0.117782592773438 -0.157180786132813
-0.5228271484375 -0.4803466796875 -0.154922485351563 0.165985107421875
-0.623291015625 -0.3028564453125 -0.29345703125 0.15179443359375
-0.68426513671875 -0.0470581054687501 -0.011627197265625 0.307769775390625
-0.501861572265625 0.2352294921875 0.334136962890625 0.21221923828125
-0.281707763671875 0.29278564453125 0.37982177734375 -0.132110595703125
-0.1552734375 0.37774658203125 0.215545654296875 -0.341583251953125
-0.0523681640625 0.375701904296875 0.02325439453125 -0.3668212890625
-0.04217529296875 0.393524169921875 -0.0567169189453125 -0.262664794921875
-0.00701904296875 0.443878173828125 -0.097076416015625 -0.152206420898438
-0.041107177734375 0.44317626953125 -0.0784759521484375 -0.0957565307617187
-0.198944091796875 0.448272705078125 -0.13714599609375 -0.0814208984375
-0.359222412109375 0.44256591796875 -0.162384033203125 -0.0953369140625
-0.65826416015625 0.1461181640625 -0.161026000976563 -0.196578979492187
-0.753662109375 -0.10772705078125 -0.172439575195313 -0.111846923828125
-0.62091064453125 -0.319091796875 -0.312164306640625 -0.250274658203125
-0.380126953125 -0.413818359375 -0.282196044921875 0.0694580078125
-0.48992919921875 -0.225372314453125 -0.3251953125 0.13330078125
-0.500885009765625 0.0183715820312499 0.0253753662109374 0.237899780273438
-0.3062744140625 0.219757080078125 0.313446044921875 0.08038330078125
-0.122360229492188 0.217422485351562 0.326416015625 -0.213348388671875
-0.0606689453125 0.233840942382813 0.171905517578125 -0.42449951171875
-0.0303192138671875 0.2283935546875 -0.00473022460937499 -0.46990966796875
-0.03155517578125 0.264862060546875 -0.079132080078125 -0.371826171875
-0.012664794921875 0.30322265625 -0.117950439453125 -0.271575927734375
-0.0247802734375 0.30596923828125 -0.099517822265625 -0.21942138671875
-0.134368896484375 0.33795166015625 -0.163864135742188 -0.188278198242187
-0.280364990234375 0.365142822265625 -0.165481567382813 -0.20196533203125
-0.578125 0.11541748046875 -0.137741088867188 -0.250274658203125
-0.6533203125 -0.13287353515625 -0.247390747070313 -0.109893798828125
-0.48956298828125 -0.3265380859375 -0.480804443359375 -0.3521728515625
-0.20135498046875 -0.29327392578125 -0.347625732421875 0.00708007812500006
-0.31109619140625 -0.11572265625 -0.307952880859375 0.11871337890625
-0.274581909179688 0.073944091796875 0.0543975830078125 0.162582397460938
-0.10247802734375 0.168472290039063 0.261825561523438 -0.0240020751953125
0.0233230590820313 0.110420227050781 0.248855590820313 -0.25213623046875
0.0177803039550781 0.0640830993652344 0.1141357421875 -0.44818115234375
-0.0158958435058594 0.0534706115722656 -0.031890869140625 -0.50836181640625
-0.0176925659179688 0.09722900390625 -0.088623046875 -0.42401123046875
-0.00800323486328126 0.114250183105469 -0.12127685546875 -0.3411865234375
0.0152511596679688 0.123214721679688 -0.11065673828125 -0.295928955078125
-0.027984619140625 0.1865234375 -0.17999267578125 -0.263107299804688
-0.14459228515625 0.247100830078125 -0.1533203125 -0.297515869140625
-0.403411865234375 0.072540283203125 -0.084625244140625 -0.3037109375
-0.432098388671875 -0.139984130859375 -0.2745361328125 -0.12188720703125
-0.264602661132813 -0.280654907226562 -0.5880126953125 -0.44940185546875
-0.0342559814453125 0.109733581542969 0.69049072265625 0.37786865234375
0.144454956054688 0.0808868408203125 0.26446533203125 0.111679077148438
0.108901977539063 -0.101287841796875 0.01165771484375 0.2923583984375
-0.0294036865234375 -0.128158569335938 0.151275634765625 0.3966064453125
-0.121528625488281 -0.0490798950195312 0.17919921875 0.269393920898438
-0.0933151245117188 0.0691299438476562 0.14154052734375 0.28448486328125
-0.00925445556640625 0.106605529785156 0.13037109375 0.355316162109375
-0.0102691650390625 0.0831985473632813 0.11083984375 0.39215087890625
-0.00714874267578125 0.0988540649414063 0.07183837890625 0.44598388671875
-0.0601043701171875 0.0957489013671875 -0.0465087890625 0.426177978515625
-0.10101318359375 0.024200439453125 -0.11029052734375 0.288665771484375
-0.085174560546875 -0.0731048583984375 -0.141769409179688 0.113632202148438
0.0726470947265625 -0.096527099609375 -0.0518035888671875 -0.0876007080078125
0.119354248046875 0.0455245971679688 0.256912231445313 -0.132476806640625
-0.00904846191406249 0.132575988769531 0.33819580078125 0.0244140625
-0.313018798828125 -0.03228759765625 0.62567138671875 0.41693115234375
-0.173599243164062 0.020751953125 0.192916870117188 0.133651733398438
-0.193023681640625 -0.0622100830078125 -0.03753662109375 0.330810546875
-0.241958618164063 -0.010009765625 0.167755126953125 0.45233154296875
-0.258697509765625 0.0867156982421875 0.2193603515625 0.252731323242188
-0.166671752929688 0.25653076171875 0.154678344726563 0.226852416992188
-0.018402099609375 0.294189453125 0.11419677734375 0.285858154296875
-0.00715637207031248 0.255050659179688 0.09454345703125 0.322265625
0.00854492187499997 0.268905639648438 0.0673828125 0.378570556640625
-0.0572967529296875 0.254135131835938 -0.00866699218749999 0.372314453125
-0.161972045898438 0.17791748046875 -0.060577392578125 0.255325317382813
-0.206008911132813 0.069610595703125 -0.107009887695313 0.125228881835937
-0.146759033203125 -0.076324462890625 -0.06756591796875 -0.070587158203125
-0.128692626953125 -0.0344772338867187 0.2080078125 -0.135101318359375
-0.218017578125 0.00660705566406253 0.30389404296875 0.017974853515625
-0.527099609375 -0.19647216796875 0.472137451171875 0.41363525390625
-0.45428466796875 -0.0899963378906251 0.076690673828125 0.15362548828125
-0.4912109375 -0.0525512695312501 -0.06219482421875 0.362396240234375
-0.45166015625 0.100738525390625 0.21124267578125 0.4647216796875
-0.3734130859375 0.210693359375 0.280654907226563 0.190948486328125
-0.2237548828125 0.40386962890625 0.177703857421875 0.108551025390625
-0.03399658203125 0.43389892578125 0.0908203125 0.150299072265625
-0.00921630859375 0.389404296875 0.06005859375 0.199966430664063
0.026336669921875 0.411834716796875 0.039337158203125 0.274185180664063
-0.03857421875 0.387115478515625 0.00469970703125001 0.29248046875
-0.1917724609375 0.32745361328125 -0.042724609375 0.204788208007813
-0.289276123046875 0.2332763671875 -0.0984344482421875 0.113868713378906
-0.355377197265625 -0.00311279296875002 -0.09283447265625 -0.0794143676757813
-0.379150390625 -0.0660400390624999 0.1363525390625 -0.14129638671875
-0.415313720703125 -0.10009765625 0.211013793945312 -0.0176544189453125
-0.63995361328125 -0.34271240234375 0.262481689453125 0.3629150390625
-0.6427001953125 -0.20343017578125 -0.0646820068359375 0.169754028320313
-0.7073974609375 -0.0526733398437501 -0.0582885742187501 0.37481689453125
-0.590087890625 0.197509765625 0.27691650390625 0.421905517578125
-0.422882080078125 0.30474853515625 0.3447265625 0.08624267578125
-0.2388916015625 0.486724853515625 0.2027587890625 -0.0485076904296875
-0.040557861328125 0.497283935546875 0.0625534057617188 -0.0250892639160156
-0.0111083984375 0.46307373046875 0.0150108337402344 0.0485038757324219
0.039276123046875 0.497650146484375 -0.00663757324218749 0.1466064453125
-0.0189208984375 0.480194091796875 -0.01025390625 0.180953979492188
-0.199066162109375 0.449432373046875 -0.0572128295898438 0.131645202636719
-0.339996337890625 0.385528564453125 -0.111434936523438 0.0748443603515625
-0.526580810546875 0.0979309082031251 -0.127120971679688 -0.101768493652344
-0.59710693359375 -0.0551147460937501 0.0399856567382812 -0.135475158691406
-0.57501220703125 -0.18121337890625 0.0648040771484375 -0.075653076171875
-0.64715576171875 -0.43414306640625 0.0440673828125 0.27691650390625
-0.70147705078125 -0.2669677734375 -0.196792602539063 0.178619384765625
-0.77313232421875 -0.03460693359375 -0.0325927734375 0.35943603515625
-0.6016845703125 0.26190185546875 0.331573486328125 0.321685791015625
-0.381683349609375 0.34320068359375 0.383514404296875 -0.043609619140625
-0.20208740234375 0.481170654296875 0.21026611328125 -0.217575073242187
-0.03887939453125 0.4783935546875 0.0301666259765625 -0.209793090820312
-0.013397216796875 0.4678955078125 -0.0325469970703125 -0.112052917480469
0.0388488769531249 0.512298583984375 -0.0601463317871094 -0.000690460205078105
-0.00927734374999995 0.503814697265625 -0.0433845520019531 0.0477027893066407
-0.189849853515625 0.50146484375 -0.09796142578125 0.0357284545898438
-0.353363037109375 0.475494384765625 -0.140312194824219 0.0107650756835938
-0.63385009765625 0.17742919921875 -0.1585693359375 -0.134201049804688
-0.7379150390625 -0.0398559570312499 -0.0697708129882813 -0.116294860839844
-0.660400390625 -0.2388916015625 -0.124099731445313 -0.147109985351563
-0.56121826171875 -0.449676513671875 -0.145462036132813 0.177597045898437
-0.64361572265625 -0.26287841796875 -0.2884521484375 0.172149658203125
-0.68914794921875 0.00531005859375003 0.00198364257812496 0.311737060546875
-0.48394775390625 0.2774658203125 0.34735107421875 0.189697265625
-0.25872802734375 0.313140869140625 0.371307373046875 -0.159759521484375
-0.12615966796875 0.389495849609375 0.18865966796875 -0.3558349609375
-0.027130126953125 0.3824462890625 -0.00457763671874999 -0.368011474609375
-0.013946533203125 0.397369384765625 -0.0745849609375 -0.258438110351563
0.023712158203125 0.444671630859375 -0.10809326171875 -0.144790649414062
-0.00881958007812498 0.442718505859375 -0.0834732055664063 -0.0930252075195312
-0.164306640625 0.466217041015625 -0.143035888671875 -0.0744476318359375
-0.32843017578125 0.47412109375 -0.167160034179688 -0.0823974609375
-0.6522216796875 0.1978759765625 -0.1729736328125 -0.1783447265625
-0.765625 -0.0507812499999999 -0.175643920898438 -0.095367431640625
-0.6444091796875 -0.28131103515625 -0.32635498046875 -0.23187255859375
-0.413116455078125 -0.392730712890625 -0.280258178710938 0.0878601074218749
-0.504364013671875 -0.19482421875 -0.321990966796875 0.155792236328125
-0.499053955078125 0.057861328125 0.034332275390625 0.238357543945313
-0.2886962890625 0.247222900390625 0.316375732421875 0.0601806640625
-0.10516357421875 0.224655151367188 0.31243896484375 -0.23565673828125
-0.043701171875 0.237762451171875 0.14178466796875 -0.43377685546875
-0.0154876708984375 0.231353759765625 -0.03765869140625 -0.469482421875
-0.0140380859375 0.268630981445313 -0.104095458984375 -0.366241455078125
0.00842285156250002 0.306396484375 -0.135894775390625 -0.264266967773437
-0.00311279296875003 0.306640625 -0.112548828125 -0.214431762695312
-0.109100341796875 0.349365234375 -0.17608642578125 -0.17828369140625
-0.254241943359375 0.38824462890625 -0.180023193359375 -0.188858032226563
-0.5740966796875 0.16064453125 -0.15313720703125 -0.234786987304687
-0.6651611328125 -0.0838012695312501 -0.250808715820313 -0.089385986328125
-0.513641357421875 -0.2987060546875 -0.504180908203125 -0.322021484375
-0.226104736328125 -0.283935546875 -0.350677490234375 0.02734375
-0.318267822265625 -0.095733642578125 -0.30645751953125 0.138580322265625
-0.27081298828125 0.096466064453125 0.059051513671875 0.161209106445313
-0.0870819091796875 0.1796875 0.257064819335938 -0.04095458984375
0.0348052978515625 0.107894897460938 0.230606079101562 -0.266952514648438
0.0224189758300781 0.0620040893554688 0.084228515625 -0.452667236328125
-0.0147590637207031 0.0550308227539063 -0.06866455078125 -0.50738525390625
-0.0119705200195312 0.09954833984375 -0.118316650390625 -0.418365478515625
-0.00115966796875001 0.115127563476563 -0.141937255859375 -0.333526611328125
0.0235519409179687 0.120719909667969 -0.12908935546875 -0.289337158203125
-0.012420654296875 0.18792724609375 -0.197845458984375 -0.250381469726563
-0.12603759765625 0.2593994140625 -0.1741943359375 -0.285400390625
-0.401336669921875 0.10614013671875 -0.104827880859375 -0.293609619140625
-0.443115234375 -0.10858154296875 -0.278289794921875 -0.100845336914062
-0.28424072265625 -0.26995849609375 -0.620361328125 -0.4119873046875
-0.0259323120117187 0.111038208007812 0.70147705078125 0.33172607421875
0.149337768554688 0.0679168701171875 0.266525268554688 0.0907135009765625
0.102302551269531 -0.106887817382812 0.024749755859375 0.285552978515625
-0.0381546020507813 -0.124320983886719 0.1741943359375 0.38116455078125
-0.122550964355469 -0.0388717651367187 0.192306518554688 0.250076293945313
-0.0877456665039062 0.0728530883789063 0.152572631835938 0.26904296875
-0.0015106201171875 0.1044921875 0.145751953125 0.342987060546875
-0.005096435546875 0.0808486938476563 0.13055419921875 0.3779296875
-0.0017852783203125 0.097503662109375 0.096099853515625 0.428863525390625
-0.0513916015625 0.0982284545898438 -0.021636962890625 0.415740966796875
-0.0972824096679688 0.0326004028320312 -0.08837890625 0.281951904296875
-0.0910873413085938 -0.066375732421875 -0.129173278808594 0.115486145019531
0.065093994140625 -0.101036071777344 -0.0517807006835937 -0.0821762084960938
0.12066650390625 0.037384033203125 0.245132446289063 -0.142501831054688
-0.00199127197265624 0.133697509765625 0.334930419921875 0.00942993164062501
-0.3099365234375 -0.01531982421875 0.6387939453125 0.37225341796875
-0.166641235351563 0.029541015625 0.19415283203125 0.116668701171875
-0.192672729492187 -0.0515594482421875 -0.019012451171875 0.32952880859375
-0.238540649414062 0.00744628906250004 0.189727783203125 0.43231201171875
-0.250259399414063 0.1041259765625 0.227371215820312 0.231277465820313
-0.14794921875 0.264450073242188 0.159988403320313 0.212600708007813
0.00152587890625001 0.29083251953125 0.12457275390625 0.274520874023437
0.00976562500000002 0.25054931640625 0.110870361328125 0.310516357421875
0.0263519287109375 0.266036987304688 0.08648681640625 0.36297607421875
-0.0365447998046875 0.251174926757813 0.014251708984375 0.35870361328125
-0.143295288085937 0.185165405273438 -0.0435028076171875 0.24884033203125
-0.1961669921875 0.0814666748046875 -0.093170166015625 0.127525329589844
-0.1484375 -0.067535400390625 -0.0648155212402344 -0.0636863708496094
-0.128440856933594 -0.0255584716796875 0.198928833007813 -0.142593383789063
-0.211456298828125 0.0203094482421875 0.30218505859375 0.0067138671875
-0.526336669921875 -0.163970947265625 0.48785400390625 0.37786865234375
-0.447418212890625 -0.0633239746093751 0.082977294921875 0.145431518554688
-0.48321533203125 -0.0226440429687501 -0.041229248046875 0.360504150390625
-0.434600830078125 0.13140869140625 0.23797607421875 0.442962646484375
-0.35260009765625 0.22845458984375 0.282958984375 0.164703369140625
-0.194061279296875 0.407501220703125 0.17669677734375 0.0948333740234375
-0.00564575195312503 0.428131103515625 0.094146728515625 0.144241333007813
0.01654052734375 0.3828125 0.0672454833984375 0.194625854492188
0.054595947265625 0.39630126953125 0.0546417236328125 0.26654052734375
-0.010589599609375 0.37646484375 0.0223846435546875 0.278366088867188
-0.163299560546875 0.3350830078125 -0.0297088623046875 0.196258544921875
-0.265792846679688 0.249542236328125 -0.0854873657226563 0.113029479980469
-0.3477783203125 0.02099609375 -0.0945587158203125 -0.0714797973632813
-0.3753662109375 -0.039886474609375 0.130966186523437 -0.141708374023438
-0.41229248046875 -0.0759277343750001 0.2110595703125 -0.0274658203125
-0.6478271484375 -0.29736328125 0.282135009765625 0.343658447265625
-0.6373291015625 -0.16485595703125 -0.0539703369140626 0.170761108398438
-0.693115234375 -0.00732421874999995 -0.041656494140625 0.376007080078125
-0.565185546875 0.2320556640625 0.296478271484375 0.394683837890625
-0.397064208984375 0.3251953125 0.339202880859375 0.062103271484375
-0.200164794921875 0.491058349609375 0.192123413085938 -0.0606231689453125
-0.00891113281250005 0.489715576171875 0.0571441650390625 -0.0238456726074218
0.019287109375 0.4541015625 0.018463134765625 0.0494461059570313
0.0732421874999999 0.481658935546875 -0.00236511230468751 0.14300537109375
0.011322021484375 0.46728515625 0.00189208984375 0.172775268554688
-0.163818359375 0.45233154296875 -0.0494613647460938 0.1300048828125
-0.304107666015625 0.401153564453125 -0.102706909179688 0.081268310546875
-0.5091552734375 0.1300048828125 -0.128028869628906 -0.0896453857421875
-0.58917236328125 -0.0118408203125001 0.0347061157226562 -0.130996704101563
-0.574462890625 -0.14495849609375 0.0652542114257812 -0.0739974975585938
-0.6597900390625 -0.38800048828125 0.0604553222656249 0.268524169921875
-0.6993408203125 -0.2237548828125 -0.185714721679688 0.18701171875
-0.760986328125 0.0152587890625002 -0.01751708984375 0.357696533203125
-0.570556640625 0.29833984375 0.343505859375 0.294158935546875
-0.35076904296875 0.36041259765625 0.3707275390625 -0.068267822265625
-0.16546630859375 0.485748291015625 0.189834594726563 -0.226181030273438
-0.00811767578124996 0.4715576171875 0.01287841796875 -0.205078125
0.017669677734375 0.456878662109375 -0.0385665893554687 -0.104331970214844
0.071380615234375 0.49822998046875 -0.0601654052734375 0.00438308715820315
0.021942138671875 0.489990234375 -0.0393905639648437 0.0463447570800782
-0.15234375 0.504608154296875 -0.0934066772460938 0.0369949340820313
-0.312652587890625 0.4906005859375 -0.133880615234375 0.02044677734375
-0.61041259765625 0.21502685546875 -0.16021728515625 -0.11767578125
-0.72393798828125 0.00909423828124985 -0.0726318359375 -0.106002807617188
-0.6600341796875 -0.19927978515625 -0.125534057617188 -0.135322570800781
-0.58050537109375 -0.4111328125 -0.128799438476563 0.18267822265625
-0.6414794921875 -0.22100830078125 -0.274444580078125 0.186569213867187
-0.6732177734375 0.0505981445312501 0.013885498046875 0.309326171875
-0.45318603515625 0.3050537109375 0.34893798828125 0.16522216796875
-0.23126220703125 0.3214111328125 0.351043701171875 -0.181732177734375
-0.096832275390625 0.38751220703125 0.1605224609375 -0.358062744140625
-0.00558471679687499 0.376068115234375 -0.02911376953125 -0.356658935546875
0.010528564453125 0.39178466796875 -0.0876312255859375 -0.245269775390625
0.053253173828125 0.435455322265625 -0.110252380371094 -0.134208679199219
0.01947021484375 0.4300537109375 -0.0861968994140625 -0.0890350341796875
-0.128448486328125 0.466766357421875 -0.145248413085938 -0.066680908203125
-0.28857421875 0.485992431640625 -0.167755126953125 -0.0698699951171875
-0.62774658203125 0.2376708984375 -0.176162719726563 -0.15850830078125
-0.752197265625 0.00018310546875004 -0.172225952148438 -0.080657958984375
-0.64666748046875 -0.2425537109375 -0.33001708984375 -0.207244873046875
-0.431884765625 -0.36346435546875 -0.267776489257813 0.101654052734375
-0.50213623046875 -0.163543701171875 -0.308349609375 0.170013427734375
-0.484710693359375 0.08929443359375 0.0426483154296875 0.232894897460938
-0.261215209960937 0.264266967773437 0.310211181640625 0.039947509765625
-0.083404541015625 0.224411010742188 0.28887939453125 -0.250274658203125
-0.0252532958984375 0.231948852539063 0.1129150390625 -0.428558349609375
-0.00413513183593748 0.228958129882813 -0.0687255859375 -0.45623779296875
0.00328063964843748 0.263473510742187 -0.123321533203125 -0.351348876953125
0.028167724609375 0.299102783203125 -0.146499633789062 -0.25128173828125
0.0150146484375 0.29656982421875 -0.123046875 -0.204849243164063
-0.083465576171875 0.345947265625 -0.182662963867187 -0.162887573242188
-0.221038818359375 0.39776611328125 -0.186416625976563 -0.170867919921875
-0.554046630859375 0.196685791015625 -0.16009521484375 -0.21466064453125
-0.655029296875 -0.0397949218749999 -0.244491577148438 -0.0702667236328125
-0.51959228515625 -0.268768310546875 -0.5091552734375 -0.286224365234375
-0.24249267578125 -0.266952514648438 -0.345428466796875 0.045318603515625
-0.316650390625 -0.078277587890625 -0.29449462890625 0.153900146484375
-0.258163452148438 0.113693237304687 0.0610198974609375 0.156982421875
-0.0708160400390625 0.183853149414063 0.246749877929687 -0.0541839599609375
0.0426483154296875 0.09954833984375 0.208084106445313 -0.273635864257813
0.0276832580566406 0.0575447082519531 0.0570068359375 -0.442718505859375
-0.0116081237792969 0.0548591613769531 -0.0963439941406249 -0.490875244140625
-0.00544738769531251 0.0971221923828125 -0.139678955078125 -0.404327392578125
0.00527954101562501 0.113136291503906 -0.1553955078125 -0.321044921875
0.0285568237304687 0.115219116210937 -0.140762329101563 -0.276382446289063
0.00201416015625001 0.183746337890625 -0.205642700195313 -0.23284912109375
-0.10626220703125 0.263427734375 -0.186386108398438 -0.26824951171875
-0.3870849609375 0.130706787109375 -0.11688232421875 -0.277008056640625
-0.439544677734375 -0.0772705078125 -0.273712158203125 -0.080230712890625
-0.29132080078125 -0.25164794921875 -0.63104248046875 -0.3673095703125
-0.0202102661132813 0.107627868652344 0.69842529296875 0.29888916015625
0.148971557617188 0.0579833984375 0.260421752929688 0.0776214599609375
0.0942153930664063 -0.108421325683594 0.0353546142578125 0.279815673828125
-0.0409622192382813 -0.116920471191406 0.182464599609375 0.36419677734375
-0.122390747070312 -0.0291748046875 0.193832397460938 0.234817504882813
-0.08306884765625 0.0787124633789063 0.157745361328125 0.255142211914063
0.003021240234375 0.104301452636719 0.152557373046875 0.331329345703125
0.00115203857421876 0.0810089111328125 0.13787841796875 0.36566162109375
0.00508117675781249 0.0948410034179688 0.1053466796875 0.411163330078125
-0.044158935546875 0.0983123779296875 -0.003631591796875 0.4002685546875
-0.095184326171875 0.0367202758789062 -0.0742034912109375 0.2705078125
-0.0912017822265625 -0.059295654296875 -0.118118286132813 0.114692687988281
0.0597381591796875 -0.102073669433594 -0.0506973266601562 -0.0803604125976563
0.117294311523438 0.0309677124023437 0.23406982421875 -0.146697998046875
0.00396728515625 0.133247375488281 0.332611083984375 0.00357055664062501
-0.303955078125 -0.002288818359375 0.64056396484375 0.3450927734375
-0.157501220703125 0.0308074951171875 0.193405151367187 0.108932495117188
-0.188278198242188 -0.0435028076171875 -0.00915527343750004 0.3251953125
-0.23162841796875 0.016143798828125 0.2052001953125 0.41265869140625
-0.2413330078125 0.11260986328125 0.230224609375 0.213226318359375
-0.132369995117188 0.266754150390625 0.162078857421875 0.199295043945313
0.01129150390625 0.28564453125 0.131103515625 0.264999389648438
0.0180206298828125 0.244537353515625 0.115478515625 0.299652099609375
0.0388946533203125 0.256637573242187 0.093658447265625 0.3516845703125
-0.026885986328125 0.243820190429688 0.0269775390625 0.34564208984375
-0.133682250976563 0.187118530273438 -0.03375244140625 0.234298706054688
-0.186691284179687 0.08990478515625 -0.0850982666015625 0.122886657714844
-0.145553588867188 -0.06011962890625 -0.0648574829101563 -0.06103515625
-0.125495910644531 -0.0202255249023438 0.187850952148438 -0.142379760742188
-0.204452514648437 0.027740478515625 0.30072021484375 -0.002532958984375
-0.52130126953125 -0.142486572265625 0.492523193359375 0.353790283203125
-0.434967041015625 -0.0488891601562501 0.0866317749023437 0.139312744140625
-0.47052001953125 -0.00296020507812493 -0.030548095703125 0.354888916015625
-0.41851806640625 0.14556884765625 0.248687744140625 0.420989990234375
-0.336944580078125 0.238372802734375 0.282867431640625 0.148681640625
-0.170989990234375 0.40997314453125 0.17132568359375 0.08758544921875
0.01416015625 0.41876220703125 0.0957412719726563 0.139877319335938
0.030120849609375 0.37164306640625 0.073486328125 0.1864013671875
0.072052001953125 0.386444091796875 0.0589599609375 0.257949829101563
0.00610351562500001 0.3673095703125 0.02978515625 0.267120361328125
-0.14532470703125 0.332855224609375 -0.02294921875 0.185684204101563
-0.248260498046875 0.255691528320312 -0.0755233764648438 0.113197326660156
-0.337860107421875 0.032257080078125 -0.08868408203125 -0.064056396484375
-0.365234375 -0.0211181640625 0.123931884765625 -0.139778137207031
-0.40484619140625 -0.0589599609375 0.210968017578125 -0.0298004150390625
-0.64337158203125 -0.271240234375 0.29132080078125 0.325347900390625
-0.62530517578125 -0.13818359375 -0.0464935302734376 0.167617797851563
-0.67724609375 0.0189819335937499 -0.0286865234375 0.3682861328125
-0.539520263671875 0.251861572265625 0.303741455078125 0.373809814453125
-0.373809814453125 0.32977294921875 0.3328857421875 0.0439453125
-0.175537109375 0.48675537109375 0.18096923828125 -0.0635833740234375
0.00869750976562497 0.482086181640625 0.0523414611816406 -0.0246467590332031
0.0347900390625 0.44207763671875 0.0176200866699219 0.0483970642089844
0.09027099609375 0.4681396484375 0.00521087646484376 0.140037536621094
0.03240966796875 0.4501953125 0.00651550292968749 0.165359497070313
-0.138641357421875 0.446563720703125 -0.0448684692382813 0.121353149414063
-0.27850341796875 0.403533935546875 -0.0911331176757813 0.0805282592773438
-0.4891357421875 0.14764404296875 -0.122245788574219 -0.0802001953125
-0.5711669921875 0.0107421875000001 0.0352096557617187 -0.12579345703125
-0.5638427734375 -0.12542724609375 0.0651626586914062 -0.0717544555664063
-0.6588134765625 -0.35809326171875 0.0723724365234374 0.262054443359375
-0.686767578125 -0.1944580078125 -0.173355102539063 0.188339233398438
-0.736572265625 0.04547119140625 -0.00866699218750007 0.352264404296875
-0.539520263671875 0.314117431640625 0.344818115234375 0.27423095703125
-0.326812744140625 0.361297607421875 0.35693359375 -0.080718994140625
-0.1383056640625 0.47662353515625 0.17474365234375 -0.224014282226563
0.00915527343750005 0.462066650390625 0.00291442871093751 -0.197021484375
0.0328369140625 0.446319580078125 -0.0413589477539063 -0.101821899414062
0.088775634765625 0.482635498046875 -0.0562744140625 0.00745391845703128
0.0423583984375 0.470977783203125 -0.03656005859375 0.0412635803222657
-0.1258544921875 0.49493408203125 -0.0916748046875 0.0362319946289063
-0.283538818359375 0.49017333984375 -0.125770568847656 0.022674560546875
-0.5859375 0.23504638671875 -0.15484619140625 -0.10498046875
-0.70379638671875 0.0389404296875001 -0.0671157836914063 -0.0977249145507813
-0.64959716796875 -0.17523193359375 -0.123199462890625 -0.128372192382813
-0.58135986328125 -0.381103515625 -0.118057250976563 0.1817626953125
-0.63238525390625 -0.19708251953125 -0.260971069335938 0.190109252929688
-0.6492919921875 0.0737304687500001 0.01959228515625 0.30181884765625
-0.422332763671875 0.3189697265625 0.34417724609375 0.14764404296875
-0.210906982421875 0.317169189453125 0.334259033203125 -0.18939208984375
-0.07666015625 0.37921142578125 0.14349365234375 -0.349853515625
0.00939941406250001 0.3680419921875 -0.043212890625 -0.344451904296875
0.02490234375 0.381011962890625 -0.09356689453125 -0.23590087890625
0.068572998046875 0.421539306640625 -0.114662170410156 -0.1268310546875
0.03643798828125 0.4151611328125 -0.085906982421875 -0.0863113403320313
-0.1060791015625 0.45684814453125 -0.142257690429688 -0.06097412109375
-0.260589599609375 0.48773193359375 -0.161590576171875 -0.059783935546875
-0.60284423828125 0.25775146484375 -0.170654296875 -0.144180297851562
-0.730224609375 0.0319824218750001 -0.164520263671875 -0.0700225830078125
-0.63958740234375 -0.2188720703125 -0.326446533203125 -0.1898193359375
-0.438507080078125 -0.339874267578125 -0.258071899414063 0.105926513671875
-0.49273681640625 -0.14483642578125 -0.295562744140625 0.175872802734375
-0.465576171875 0.107025146484375 0.0435638427734375 0.229248046875
-0.240524291992188 0.269882202148437 0.300628662109375 0.02947998046875
-0.071380615234375 0.218734741210938 0.270050048828125 -0.251846313476563
-0.0142669677734375 0.226272583007813 0.094757080078125 -0.419097900390625
0.00415039062499999 0.223220825195313 -0.084869384765625 -0.440582275390625
0.0125732421875 0.257232666015625 -0.130889892578125 -0.33929443359375
0.038604736328125 0.29071044921875 -0.149566650390625 -0.240631103515625
0.025787353515625 0.285247802734375 -0.123275756835937 -0.19805908203125
-0.06500244140625 0.34210205078125 -0.183563232421875 -0.153305053710937
-0.19830322265625 0.39739990234375 -0.183502197265625 -0.158615112304687
-0.53253173828125 0.21435546875 -0.1597900390625 -0.198837280273437
-0.63824462890625 -0.0126953125 -0.234512329101563 -0.05792236328125
-0.515869140625 -0.249481201171875 -0.5072021484375 -0.26177978515625
-0.249099731445312 -0.250762939453125 -0.33380126953125 0.053314208984375
-0.308685302734375 -0.0660095214843749 -0.28338623046875 0.1580810546875
-0.246414184570312 0.122634887695313 0.059051513671875 0.152374267578125
-0.0587921142578125 0.18597412109375 0.233230590820313 -0.059600830078125
0.0485763549804687 0.0926437377929687 0.1912841796875 -0.270111083984375
0.0286293029785156 0.0525093078613281 0.04327392578125 -0.4300537109375
-0.0105018615722656 0.0548667907714844 -0.113006591796875 -0.475311279296875
-0.00159454345703124 0.0957794189453125 -0.14874267578125 -0.3902587890625
0.0096893310546875 0.110374450683594 -0.16082763671875 -0.30841064453125
0.0322647094726563 0.108749389648438 -0.145217895507813 -0.265899658203125
0.0101318359375 0.177215576171875 -0.20635986328125 -0.217361450195313
-0.0919952392578125 0.261032104492188 -0.1885986328125 -0.251358032226563
-0.373291015625 0.1441650390625 -0.119354248046875 -0.261260986328125
-0.42889404296875 -0.0590209960937499 -0.264541625976563 -0.0686187744140625
-0.29376220703125 -0.24005126953125 -0.62799072265625 -0.33966064453125
-0.0207138061523438 0.109291076660156 0.69708251953125 0.28521728515625
0.148773193359375 0.053497314453125 0.256210327148438 0.071746826171875
0.0909805297851563 -0.110992431640625 0.037994384765625 0.27880859375
-0.04437255859375 -0.116676330566406 0.18841552734375 0.3544921875
-0.123695373535156 -0.0251312255859375 0.193527221679688 0.225997924804688
-0.080718994140625 0.0811386108398438 0.155654907226563 0.246871948242188
0.00466156005859375 0.10406494140625 0.15631103515625 0.325592041015625
0.00289916992187501 0.0817794799804688 0.140899658203125 0.35992431640625
0.00872802734375 0.09393310546875 0.11029052734375 0.403472900390625
-0.0417861938476563 0.0993499755859375 0.00183105468750004 0.390777587890625
-0.0950164794921875 0.0380783081054687 -0.067535400390625 0.263107299804687
-0.0918502807617188 -0.05511474609375 -0.111030578613281 0.110542297363281
0.055816650390625 -0.105010986328125 -0.0484237670898438 -0.0785598754882813
0.116294860839844 0.0273590087890625 0.229888916015625 -0.145370483398438
0.006988525390625 0.134033203125 0.33282470703125 0.00350952148437501
-0.300750732421875 0.00375366210937501 0.642578125 0.32916259765625
-0.154586791992188 0.0310821533203125 0.1944580078125 0.101654052734375
-0.187103271484375 -0.0397491455078125 -0.00308227539062505 0.3243408203125
-0.2275390625 0.0205841064453125 0.211181640625 0.40289306640625
-0.237060546875 0.11669921875 0.228744506835938 0.203353881835938
-0.123916625976563 0.265655517578125 0.15985107421875 0.19317626953125
0.019378662109375 0.28387451171875 0.1312255859375 0.260986328125
0.0255126953125 0.241775512695313 0.1192626953125 0.2940673828125
0.045806884765625 0.251754760742188 0.096527099609375 0.344451904296875
-0.018157958984375 0.239517211914063 0.031768798828125 0.33477783203125
-0.12603759765625 0.187301635742188 -0.0290374755859375 0.22698974609375
-0.180877685546875 0.092681884765625 -0.0784378051757813 0.118583679199219
-0.14654541015625 -0.0590362548828125 -0.0622825622558594 -0.0585403442382813
-0.123916625976562 -0.0155181884765625 0.186676025390625 -0.140960693359375
-0.201400756835938 0.0316314697265625 0.30108642578125 -0.001983642578125
-0.520294189453125 -0.129180908203125 0.498626708984375 0.34381103515625
-0.42803955078125 -0.0416259765625 0.0887603759765625 0.135711669921875
-0.4661865234375 0.00561523437500004 -0.026275634765625 0.355621337890625
-0.4090576171875 0.151763916015625 0.253662109375 0.4105224609375
-0.327972412109375 0.2427978515625 0.278289794921875 0.138336181640625
-0.156036376953125 0.409515380859375 0.168212890625 0.0826568603515625
0.0230712890625 0.416656494140625 0.0948638916015625 0.138420104980469
0.040069580078125 0.366058349609375 0.074676513671875 0.184310913085938
0.0789794921875 0.37933349609375 0.0615081787109375 0.253738403320313
0.015594482421875 0.3582763671875 0.0339813232421875 0.25897216796875
-0.1328125 0.329681396484375 -0.021087646484375 0.179580688476563
-0.235702514648437 0.257354736328125 -0.0690994262695313 0.108314514160156
-0.3316650390625 0.037261962890625 -0.0853958129882813 -0.0604095458984375
-0.360809326171875 -0.0112304687500001 0.123031616210937 -0.135948181152344
-0.399261474609375 -0.0550537109375001 0.211807250976562 -0.030029296875
-0.64117431640625 -0.25640869140625 0.296142578125 0.318756103515625
-0.61566162109375 -0.129638671875 -0.041961669921875 0.167022705078125
-0.66778564453125 0.03179931640625 -0.02557373046875 0.368896484375
-0.522918701171875 0.26202392578125 0.305694580078125 0.36199951171875
-0.3621826171875 0.33282470703125 0.326324462890625 0.03314208984375
-0.16015625 0.4837646484375 0.173797607421875 -0.066131591796875
0.021026611328125 0.477569580078125 0.0493278503417969 -0.0226821899414062
0.044342041015625 0.43707275390625 0.01788330078125 0.0470390319824219
0.100830078125 0.4591064453125 0.00673675537109374 0.139663696289063
0.042144775390625 0.438690185546875 0.00877380371093752 0.159393310546875
-0.1239013671875 0.44287109375 -0.044219970703125 0.11688232421875
-0.260894775390625 0.40374755859375 -0.0869064331054688 0.0784149169921875
-0.480987548828125 0.15447998046875 -0.117393493652344 -0.0751724243164063
-0.5614013671875 0.0228576660156251 0.0374603271484375 -0.121955871582031
-0.55859375 -0.118621826171875 0.065673828125 -0.0724716186523438
-0.65771484375 -0.34259033203125 0.0796966552734375 0.257125854492188
-0.67840576171875 -0.18487548828125 -0.167770385742188 0.187850952148438
-0.72625732421875 0.0568237304687501 -0.00534057617187506 0.3516845703125
-0.52130126953125 0.32366943359375 0.344482421875 0.264862060546875
-0.31378173828125 0.36083984375 0.34783935546875 -0.089569091796875
-0.12384033203125 0.469085693359375 0.16571044921875 -0.222091674804687
0.019073486328125 0.458526611328125 -0.000885009765624988 -0.192535400390625
0.0419921875 0.439849853515625 -0.0422515869140625 -0.0989837646484375
0.099517822265625 0.47412109375 -0.05548095703125 0.00918960571289065
0.052490234375 0.459747314453125 -0.0362014770507812 0.0390129089355469
-0.11187744140625 0.490447998046875 -0.090057373046875 0.0346908569335938
-0.265380859375 0.491851806640625 -0.11962890625 0.0238494873046875
-0.573486328125 0.24505615234375 -0.148818969726563 -0.0979156494140625
-0.69183349609375 0.0534057617187499 -0.062255859375 -0.0930252075195312
-0.647216796875 -0.1693115234375 -0.122024536132813 -0.123161315917969
-0.582275390625 -0.36578369140625 -0.110504150390625 0.179702758789062
-0.62335205078125 -0.18682861328125 -0.25469970703125 0.189743041992187
-0.6397705078125 0.0859985351562501 0.020355224609375 0.302032470703125
-0.405548095703125 0.324951171875 0.340911865234375 0.141693115234375
-0.20001220703125 0.314361572265625 0.32440185546875 -0.19219970703125
-0.065521240234375 0.371673583984375 0.13446044921875 -0.34619140625
0.0157470703125 0.36553955078125 -0.050872802734375 -0.3380126953125
0.031890869140625 0.375946044921875 -0.09637451171875 -0.232711791992188
0.076019287109375 0.415283203125 -0.1129150390625 -0.122451782226562
0.04278564453125 0.404205322265625 -0.0857009887695312 -0.0868377685546875
-0.093505859375 0.453155517578125 -0.141891479492188 -0.0590972900390625
-0.242767333984375 0.48797607421875 -0.156326293945313 -0.056365966796875
-0.59197998046875 0.2667236328125 -0.165679931640625 -0.135894775390625
-0.72052001953125 0.04534912109375 -0.157852172851563 -0.0640411376953125
-0.63543701171875 -0.213623046875 -0.324432373046875 -0.183685302734375
-0.440093994140625 -0.327484130859375 -0.2506103515625 0.106521606445312
-0.48846435546875 -0.1365966796875 -0.2899169921875 0.1771240234375
-0.45721435546875 0.115570068359375 0.042449951171875 0.229598999023438
-0.22613525390625 0.274368286132813 0.294708251953125 0.025604248046875
-0.0633087158203125 0.212661743164063 0.259933471679687 -0.252105712890625
-0.00730895996093749 0.217803955078125 0.085968017578125 -0.41119384765625
0.00674438476562502 0.221359252929687 -0.092498779296875 -0.4310302734375
0.0166778564453125 0.254791259765625 -0.134613037109375 -0.332763671875
0.043182373046875 0.286865234375 -0.150482177734375 -0.234527587890625
0.0302734375 0.277450561523438 -0.124130249023438 -0.195281982421875
-0.055877685546875 0.336151123046875 -0.182296752929687 -0.147659301757813
-0.18597412109375 0.39703369140625 -0.18072509765625 -0.153045654296875
-0.52197265625 0.225067138671875 -0.155380249023438 -0.191268920898438
-0.62890625 6.10351562499834E-05 -0.227767944335938 -0.0527801513671875
-0.51446533203125 -0.2430419921875 -0.50592041015625 -0.251922607421875
-0.253768920898438 -0.243057250976563 -0.328765869140625 0.05523681640625
-0.306732177734375 -0.062713623046875 -0.279388427734375 0.158966064453125
-0.240524291992188 0.126754760742188 0.05633544921875 0.152999877929688
-0.0491943359375 0.187606811523438 0.225341796875 -0.0592041015625
0.052001953125 0.0868682861328125 0.182647705078125 -0.266387939453125
0.029815673828125 0.0466461181640625 0.03448486328125 -0.420684814453125
-0.0122909545898437 0.0550651550292969 -0.12060546875 -0.4656982421875
-0.000839233398437498 0.0961151123046875 -0.15399169921875 -0.384796142578125
0.0102920532226563 0.109321594238281 -0.161834716796875 -0.302764892578125
0.0325241088867188 0.105171203613281 -0.1451416015625 -0.261245727539063
0.0142822265625 0.17401123046875 -0.206497192382813 -0.208969116210937
-0.083740234375 0.259750366210938 -0.188018798828125 -0.243499755859375
-0.365753173828125 0.15277099609375 -0.117660522460938 -0.25274658203125
-0.42376708984375 -0.0499267578125 -0.257156372070313 -0.0634002685546876
-0.294677734375 -0.237152099609375 -0.626953125 -0.3253173828125
-0.0209503173828125 0.112327575683594 0.7108154296875 0.275634765625
0.152206420898438 0.0497894287109375 0.258132934570312 0.0665435791015625
0.0888671875 -0.114738464355469 0.043426513671875 0.282958984375
-0.0472030639648438 -0.117347717285156 0.19818115234375 0.352874755859375
-0.126411437988281 -0.020294189453125 0.196380615234375 0.221466064453125
-0.0786209106445313 0.0868453979492188 0.157501220703125 0.24542236328125
0.0089874267578125 0.107147216796875 0.16082763671875 0.32867431640625
0.00569152832031249 0.0835494995117188 0.14801025390625 0.361907958984375
0.0118637084960937 0.0956802368164062 0.1153564453125 0.403900146484375
-0.038482666015625 0.101463317871094 0.00793457031250003 0.38916015625
-0.09588623046875 0.0420913696289063 -0.0636749267578125 0.259841918945313
-0.0950851440429688 -0.0525970458984375 -0.108634948730469 0.108901977539063
0.05279541015625 -0.109298706054688 -0.0480194091796875 -0.07958984375
0.117851257324219 0.0250091552734375 0.231185913085938 -0.147659301757813
0.0103988647460938 0.136405944824219 0.3409423828125 0.00314331054687501
-0.30487060546875 0.01055908203125 0.65765380859375 0.3226318359375
-0.152359008789063 0.032684326171875 0.197250366210938 0.0987396240234375
-0.190139770507813 -0.037109375 0.00256347656250001 0.328826904296875
-0.228668212890625 0.0261383056640625 0.222442626953125 0.400543212890625
-0.237625122070313 0.123184204101562 0.230560302734375 0.1973876953125
-0.11688232421875 0.272994995117188 0.160049438476563 0.191009521484375
0.02838134765625 0.286529541015625 0.13641357421875 0.262802124023438
0.0306854248046875 0.243057250976562 0.123687744140625 0.29534912109375
0.0523529052734375 0.252777099609375 0.10107421875 0.345306396484375
-0.0121002197265625 0.23895263671875 0.03533935546875 0.33306884765625
-0.122467041015625 0.192123413085938 -0.0277252197265625 0.223724365234375
-0.178878784179688 0.098541259765625 -0.0740814208984375 0.117332458496094
-0.149322509765625 -0.05877685546875 -0.0608329772949219 -0.057708740234375
-0.123603820800781 -0.013336181640625 0.187820434570313 -0.14239501953125
-0.202789306640625 0.0349273681640625 0.308319091796875 -0.004058837890625
-0.528228759765625 -0.12030029296875 0.511322021484375 0.33917236328125
-0.43048095703125 -0.0365905761718751 0.0930404663085937 0.134201049804688
-0.469146728515625 0.01226806640625 -0.02099609375 0.36163330078125
-0.406219482421875 0.1629638671875 0.2655029296875 0.407379150390625
-0.326812744140625 0.25079345703125 0.279739379882813 0.129287719726563
-0.147186279296875 0.414459228515625 0.166717529296875 0.0802764892578125
0.034698486328125 0.42169189453125 0.0962371826171875 0.139053344726563
0.0477294921875 0.368499755859375 0.07745361328125 0.184494018554688
0.088714599609375 0.382354736328125 0.0646209716796875 0.255844116210938
0.022491455078125 0.35546875 0.0369415283203125 0.25579833984375
-0.124237060546875 0.334197998046875 -0.021087646484375 0.175979614257813
-0.22857666015625 0.263534545898437 -0.0656661987304688 0.10748291015625
-0.33355712890625 0.04351806640625 -0.0834732055664063 -0.0590972900390625
-0.361541748046875 -0.00476074218750008 0.125991821289062 -0.136329650878906
-0.40472412109375 -0.049713134765625 0.2166748046875 -0.031982421875
-0.6513671875 -0.24658203125 0.30712890625 0.315216064453125
-0.62030029296875 -0.12176513671875 -0.0391845703125001 0.167709350585938
-0.67181396484375 0.0430297851562499 -0.0215148925781251 0.374969482421875
-0.518524169921875 0.2750244140625 0.316162109375 0.35968017578125
-0.358734130859375 0.340484619140625 0.32647705078125 0.024322509765625
-0.149444580078125 0.489166259765625 0.171142578125 -0.0684051513671875
0.0325927734375 0.4840087890625 0.04669189453125 -0.0221214294433593
0.053619384765625 0.44049072265625 0.0192337036132813 0.0465316772460938
0.112152099609375 0.4600830078125 0.00903320312500001 0.142013549804688
0.0528564453125 0.436431884765625 0.00938415527343751 0.156021118164063
-0.11279296875 0.447998046875 -0.0450592041015625 0.115325927734375
-0.25018310546875 0.4107666015625 -0.0824737548828125 0.07763671875
-0.48089599609375 0.1651611328125 -0.114334106445313 -0.0734481811523437
-0.56439208984375 0.0352783203124999 0.0413131713867187 -0.120521545410156
-0.56756591796875 -0.11395263671875 0.0686416625976562 -0.0714874267578125
-0.66943359375 -0.33221435546875 0.089202880859375 0.25604248046875
-0.6842041015625 -0.17962646484375 -0.164535522460938 0.1898193359375
-0.73095703125 0.0699462890625 -0.00158691406250002 0.35760498046875
-0.514129638671875 0.3388671875 0.35089111328125 0.26129150390625
-0.309783935546875 0.366302490234375 0.345794677734375 -0.09783935546875
-0.11370849609375 0.471282958984375 0.1611328125 -0.224472045898438
0.029571533203125 0.462615966796875 -0.00688171386718749 -0.19158935546875
0.04937744140625 0.4439697265625 -0.0446701049804688 -0.0993881225585937
0.111358642578125 0.47564697265625 -0.0557975769042969 0.0107803344726563
0.061614990234375 0.456390380859375 -0.0372848510742187 0.0361824035644532
-0.0983886718750001 0.49542236328125 -0.0918807983398437 0.0350799560546875
-0.253387451171875 0.501190185546875 -0.116424560546875 0.0236282348632813
-0.5740966796875 0.2578125 -0.145538330078125 -0.0948486328125
-0.6951904296875 0.0662231445312501 -0.0591049194335938 -0.0898895263671875
-0.656005859375 -0.1661376953125 -0.122879028320313 -0.12115478515625
-0.59490966796875 -0.3594970703125 -0.104812622070313 0.180145263671875
-0.63067626953125 -0.1812744140625 -0.252914428710938 0.192611694335937
-0.64361572265625 0.0967407226562499 0.021942138671875 0.30828857421875
-0.39544677734375 0.33697509765625 0.345458984375 0.13775634765625
-0.1929931640625 0.315948486328125 0.32080078125 -0.19976806640625
-0.058197021484375 0.370819091796875 0.12896728515625 -0.348358154296875
0.0230712890625 0.368133544921875 -0.058197021484375 -0.335723876953125
0.039520263671875 0.378082275390625 -0.100570678710938 -0.23272705078125
0.0862426757812499 0.41717529296875 -0.114151000976563 -0.121002197265625
0.050689697265625 0.402069091796875 -0.088653564453125 -0.0887527465820312
-0.08209228515625 0.457366943359375 -0.144180297851563 -0.0575256347656249
-0.2327880859375 0.49749755859375 -0.15423583984375 -0.0555572509765625
-0.5911865234375 0.2828369140625 -0.162841796875 -0.132949829101562
-0.72296142578125 0.05950927734375 -0.155548095703125 -0.0603485107421875
-0.64520263671875 -0.2119140625 -0.328216552734375 -0.17828369140625
-0.450408935546875 -0.32098388671875 -0.2484130859375 0.107742309570313
-0.493988037109375 -0.1336669921875 -0.290069580078125 0.180450439453125
-0.45697021484375 0.125244140625 0.04339599609375 0.233657836914063
-0.216217041015625 0.28289794921875 0.295166015625 0.0225830078125
-0.0573883056640625 0.210205078125 0.256134033203125 -0.25616455078125
-0.00320434570312502 0.214859008789063 0.079681396484375 -0.414276123046875
0.00978088378906248 0.2237548828125 -0.102020263671875 -0.43109130859375
0.021209716796875 0.256118774414063 -0.141998291015625 -0.3341064453125
0.048492431640625 0.2886962890625 -0.153900146484375 -0.234664916992187
0.035125732421875 0.2757568359375 -0.127685546875 -0.197128295898437
-0.04742431640625 0.337249755859375 -0.185028076171875 -0.145126342773438
-0.176422119140625 0.405487060546875 -0.180984497070313 -0.1505126953125
-0.522918701171875 0.239349365234375 -0.153976440429688 -0.188613891601562
-0.63177490234375 0.01141357421875 -0.226821899414063 -0.048858642578125
-0.525238037109375 -0.2432861328125 -0.514251708984375 -0.24566650390625
-0.261947631835938 -0.238983154296875 -0.3299560546875 0.0577392578125
-0.310272216796875 -0.0602111816406249 -0.280532836914063 0.161727905273437
-0.239639282226563 0.133773803710937 0.0558013916015625 0.156631469726563
-0.0398101806640625 0.191497802734375 0.223678588867188 -0.0605316162109375
0.0566635131835938 0.0823287963867188 0.177993774414063 -0.267578125
0.0296516418457031 0.0422630310058594 0.02935791015625 -0.42340087890625
-0.01312255859375 0.056610107421875 -0.131195068359375 -0.466400146484375
0.000869750976562492 0.0966873168945313 -0.16094970703125 -0.38592529296875
0.0120773315429687 0.110664367675781 -0.166961669921875 -0.304595947265625
0.0335311889648438 0.103103637695312 -0.148818969726563 -0.26214599609375
0.0195159912109375 0.172454833984375 -0.209457397460938 -0.205612182617188
-0.07623291015625 0.264266967773437 -0.192276000976563 -0.241409301757812
-0.365325927734375 0.163604736328125 -0.119110107421875 -0.2520751953125
-0.4256591796875 -0.04388427734375 -0.257415771484375 -0.0602264404296875
-0.3031005859375 -0.238250732421875 -0.63995361328125 -0.31732177734375
-0.0196304321289062 0.119453430175781 0.7373046875 0.25506591796875
0.157928466796875 0.0445556640625 0.264785766601563 0.0579071044921875
0.086395263671875 -0.121360778808594 0.055267333984375 0.28924560546875
-0.0535659790039063 -0.1177978515625 0.2156982421875 0.349884033203125
-0.131385803222656 -0.0143356323242187 0.20550537109375 0.217575073242187
-0.0763397216796875 0.0940780639648438 0.165115356445313 0.246002197265625
0.0160675048828125 0.110618591308594 0.1737060546875 0.33251953125
0.00974273681640626 0.0858840942382813 0.16180419921875 0.366302490234375
0.016082763671875 0.0981826782226563 0.127532958984375 0.40740966796875
-0.0347747802734375 0.106033325195313 0.020050048828125 0.393951416015625
-0.0975418090820313 0.0480499267578125 -0.05841064453125 0.2623291015625
-0.0997695922851563 -0.0497665405273438 -0.105484008789063 0.110748291015625
0.0471038818359375 -0.116561889648438 -0.049285888671875 -0.0802841186523438
0.120063781738281 0.0201568603515625 0.2340087890625 -0.156234741210938
0.0159149169921875 0.141342163085938 0.352691650390625 -0.00512695312499999
-0.31243896484375 0.025238037109375 0.6849365234375 0.307373046875
-0.152206420898438 0.0365447998046875 0.205657958984375 0.0920867919921875
-0.195816040039063 -0.0330352783203125 0.01385498046875 0.337677001953125
-0.23199462890625 0.0343780517578125 0.242767333984375 0.399078369140625
-0.239837646484375 0.13531494140625 0.239059448242187 0.190536499023438
-0.10772705078125 0.282867431640625 0.1644287109375 0.18975830078125
0.0426025390625 0.29278564453125 0.145980834960938 0.266616821289063
0.041595458984375 0.2470703125 0.13385009765625 0.29833984375
0.0642547607421875 0.257064819335938 0.113128662109375 0.349517822265625
-0.0028228759765625 0.242568969726563 0.045196533203125 0.33447265625
-0.117233276367188 0.199935913085937 -0.0224761962890625 0.22418212890625
-0.176544189453125 0.10614013671875 -0.070037841796875 0.116683959960937
-0.156356811523438 -0.0573272705078125 -0.0616683959960937 -0.057769775390625
-0.125518798828125 -0.00936126708984378 0.191452026367188 -0.149566650390625
-0.206375122070312 0.04241943359375 0.3189697265625 -0.011077880859375
-0.543731689453125 -0.10101318359375 0.537872314453125 0.3275146484375
-0.439208984375 -0.02569580078125 0.100456237792969 0.131706237792969
-0.47918701171875 0.0264892578124999 -0.00836181640625001 0.372100830078125
-0.40679931640625 0.180816650390625 0.286895751953125 0.4041748046875
-0.326446533203125 0.267333984375 0.28558349609375 0.119598388671875
-0.132293701171875 0.427825927734375 0.168258666992188 0.077972412109375
0.053436279296875 0.429534912109375 0.10040283203125 0.142318725585938
0.064178466796875 0.374053955078125 0.0842132568359375 0.184921264648438
0.108123779296875 0.386199951171875 0.0724029541015625 0.259613037109375
0.0379638671875 0.3572998046875 0.0438690185546875 0.256744384765625
-0.11065673828125 0.34393310546875 -0.0182037353515625 0.177642822265625
-0.219467163085937 0.276351928710938 -0.0610504150390625 0.106803894042969
-0.33953857421875 0.0545349121093751 -0.083709716796875 -0.0588760375976563
-0.36700439453125 0.00820922851562501 0.1285400390625 -0.14178466796875
-0.41552734375 -0.0390625 0.2232666015625 -0.0368804931640625
-0.672607421875 -0.228759765625 0.3287353515625 0.309967041015625
-0.6351318359375 -0.10888671875 -0.032501220703125 0.170089721679688
-0.6846923828125 0.0665283203124999 -0.00909423828125003 0.3870849609375
-0.51434326171875 0.299530029296875 0.33709716796875 0.35406494140625
-0.35528564453125 0.3592529296875 0.33050537109375 0.010772705078125
-0.132781982421875 0.5008544921875 0.16943359375 -0.07342529296875
0.054046630859375 0.491485595703125 0.0457000732421875 -0.0206985473632812
0.071197509765625 0.445526123046875 0.0189552307128906 0.0459785461425781
0.132354736328125 0.465118408203125 0.01202392578125 0.145645141601563
0.06854248046875 0.4375 0.0131988525390625 0.155746459960938
-0.0953369140625 0.4578857421875 -0.0440292358398438 0.117088317871094
-0.23590087890625 0.428985595703125 -0.077972412109375 0.0775833129882813
-0.48681640625 0.184814453125 -0.114944458007813 -0.070556640625
-0.57196044921875 0.0555419921875001 0.044586181640625 -0.122604370117188
-0.5859375 -0.1025390625 0.07073974609375 -0.0735321044921875
-0.69439697265625 -0.31805419921875 0.102676391601562 0.255599975585938
-0.70361328125 -0.16326904296875 -0.160903930664063 0.195663452148437
-0.74560546875 0.0971069335937501 0.00924682617187492 0.36846923828125
-0.5072021484375 0.364013671875 0.3680419921875 0.253326416015625
-0.3021240234375 0.381195068359375 0.34686279296875 -0.114105224609375
-0.098419189453125 0.480316162109375 0.154922485351563 -0.232574462890625
0.0489501953125 0.470977783203125 -0.0138397216796875 -0.192672729492187
0.068878173828125 0.44976806640625 -0.0490341186523437 -0.101287841796875
0.1329345703125 0.482330322265625 -0.0567893981933594 0.0137977600097656
0.07781982421875 0.458740234375 -0.0384368896484375 0.0346832275390625
-0.080047607421875 0.506500244140625 -0.0937881469726563 0.0371780395507813
-0.233795166015625 0.519378662109375 -0.114425659179688 0.0246963500976563
-0.57708740234375 0.2852783203125 -0.146759033203125 -0.0929107666015625
-0.70550537109375 0.0928955078125 -0.0572967529296876 -0.0884933471679688
-0.67913818359375 -0.152587890625 -0.127761840820313 -0.117912292480469
-0.6185302734375 -0.344970703125 -0.0983428955078125 0.18408203125
-0.64849853515625 -0.16754150390625 -0.252151489257813 0.201370239257812
-0.65570068359375 0.12310791015625 0.0306396484374999 0.31658935546875
-0.383941650390625 0.358978271484375 0.3564453125 0.129425048828125
-0.18572998046875 0.3243408203125 0.31744384765625 -0.215545654296875
-0.046722412109375 0.373931884765625 0.120208740234375 -0.35693359375
0.036834716796875 0.37554931640625 -0.072265625 -0.338897705078125
0.053924560546875 0.385040283203125 -0.1114501953125 -0.2357177734375
0.1048583984375 0.422576904296875 -0.119903564453125 -0.120452880859375
0.0643310546875 0.4056396484375 -0.0946197509765625 -0.0912628173828125
-0.064361572265625 0.4664306640625 -0.149337768554688 -0.0545196533203124
-0.21307373046875 0.5157470703125 -0.155838012695313 -0.0537872314453125
-0.59503173828125 0.31121826171875 -0.165573120117188 -0.130172729492188
-0.73529052734375 0.0867919921875002 -0.155792236328125 -0.0558929443359375
-0.67144775390625 -0.20001220703125 -0.342864990234375 -0.170684814453125
-0.47259521484375 -0.3116455078125 -0.247879028320313 0.1138916015625
-0.508575439453125 -0.12237548828125 -0.2918701171875 0.1900634765625
-0.4622802734375 0.14544677734375 0.049468994140625 0.241241455078125
-0.20306396484375 0.29681396484375 0.300445556640625 0.01495361328125
-0.049224853515625 0.211227416992188 0.250396728515625 -0.268951416015625
0.00265502929687502 0.213577270507813 0.068115234375 -0.42236328125
0.01715087890625 0.229598999023438 -0.1209716796875 -0.434600830078125
0.0309906005859375 0.2607421875 -0.15521240234375 -0.337738037109375
0.061004638671875 0.292755126953125 -0.164535522460937 -0.236053466796875
0.0433502197265625 0.27642822265625 -0.137161254882813 -0.200424194335937
-0.03436279296875 0.343353271484375 -0.192367553710937 -0.141586303710938
-0.162322998046875 0.419891357421875 -0.187576293945312 -0.149581909179688
-0.526214599609375 0.26446533203125 -0.1595458984375 -0.187484741210938
-0.64373779296875 0.03314208984375 -0.228759765625 -0.0412445068359375
-0.54638671875 -0.235931396484375 -0.53515625 -0.232330322265625
-0.277328491210938 -0.2337646484375 -0.33441162109375 0.064727783203125
-0.31982421875 -0.054168701171875 -0.2841796875 0.170074462890625
-0.24090576171875 0.147796630859375 0.0589447021484375 0.162078857421875
-0.0282135009765625 0.196563720703125 0.224090576171875 -0.066314697265625
0.061553955078125 0.0766677856445313 0.17193603515625 -0.275299072265625
0.0287933349609375 0.0377120971679688 0.017852783203125 -0.42950439453125
-0.0141448974609375 0.0596389770507813 -0.150299072265625 -0.470703125
0.00366210937499999 0.0992202758789063 -0.17889404296875 -0.389892578125
0.0156936645507813 0.112319946289063 -0.180267333984375 -0.308074951171875
0.036712646484375 0.100692749023438 -0.159255981445313 -0.264907836914062
0.027496337890625 0.172088623046875 -0.218215942382813 -0.201614379882812
-0.0655364990234375 0.272140502929688 -0.202377319335937 -0.240081787109375
-0.3675537109375 0.1826171875 -0.12615966796875 -0.253875732421875
-0.43572998046875 -0.030914306640625 -0.262603759765625 -0.053253173828125
-0.31939697265625 -0.237274169921875 -0.6671142578125 -0.302978515625
-0.0141525268554688 0.12762451171875 0.76141357421875 0.21710205078125
0.162811279296875 0.034942626953125 0.269302368164063 0.0423583984375
0.079315185546875 -0.129486083984375 0.07257080078125 0.290557861328125
-0.0615615844726563 -0.117729187011719 0.237762451171875 0.34033203125
-0.135154724121094 -0.00401306152343747 0.216659545898438 0.207290649414063
-0.0700225830078125 0.102798461914063 0.176177978515625 0.240203857421875
0.0257492065429687 0.110946655273437 0.1939697265625 0.3289794921875
0.0170974731445312 0.087158203125 0.182586669921875 0.36260986328125
0.0240859985351563 0.0994949340820313 0.1502685546875 0.405426025390625
-0.028350830078125 0.10931396484375 0.040283203125 0.392913818359375
-0.0971221923828125 0.057037353515625 -0.0462646484375 0.2637939453125
-0.104705810546875 -0.043701171875 -0.09967041015625 0.113594055175781
0.0381851196289063 -0.122978210449219 -0.0520477294921875 -0.0799636840820313
0.12225341796875 0.012359619140625 0.231201171875 -0.170013427734375
0.0252685546875 0.1446533203125 0.36065673828125 -0.023040771484375
-0.315277099609375 0.0475463867187499 0.71240234375 0.2711181640625
-0.150558471679688 0.0433197021484375 0.213348388671875 0.0799102783203125
-0.201263427734375 -0.023773193359375 0.03375244140625 0.342315673828125
-0.232589721679688 0.0466461181640625 0.268646240234375 0.387481689453125
-0.236724853515625 0.151962280273438 0.248367309570313 0.176727294921875
-0.091796875 0.2952880859375 0.174224853515625 0.184646606445313
0.06378173828125 0.293853759765625 0.162567138671875 0.264724731445313
0.058380126953125 0.247406005859375 0.15069580078125 0.294708251953125
0.0823516845703125 0.256622314453125 0.130767822265625 0.346588134765625
0.010986328125 0.242385864257813 0.06231689453125 0.33172607421875
-0.105438232421875 0.208221435546875 -0.0133514404296875 0.224105834960938
-0.170455932617187 0.116378784179687 -0.0629119873046875 0.117881774902344
-0.162918090820313 -0.0501861572265625 -0.0629959106445313 -0.0555839538574219
-0.1265869140625 -0.00355529785156251 0.189208984375 -0.159835815429688
-0.206802368164063 0.0552978515625 0.32598876953125 -0.02813720703125
-0.5560302734375 -0.0700378417968749 0.56622314453125 0.30145263671875
-0.4412841796875 -0.00476074218750005 0.109718322753906 0.125274658203125
-0.485015869140625 0.0537109374999999 0.0118408203125 0.37689208984375
-0.397552490234375 0.20306396484375 0.314239501953125 0.388519287109375
-0.31719970703125 0.287872314453125 0.29144287109375 0.102203369140625
-0.10882568359375 0.441192626953125 0.171768188476563 0.0714874267578125
0.08343505859375 0.431121826171875 0.109649658203125 0.140960693359375
0.08660888671875 0.374267578125 0.0933837890625 0.182540893554688
0.134979248046875 0.383544921875 0.086090087890625 0.25921630859375
0.05682373046875 0.355133056640625 0.055572509765625 0.252639770507812
-0.089813232421875 0.35223388671875 -0.0106964111328125 0.177642822265625
-0.2005615234375 0.289459228515625 -0.0537872314453125 0.106040954589844
-0.34124755859375 0.073944091796875 -0.0845794677734375 -0.0549392700195312
-0.368927001953125 0.0292358398437501 0.127853393554687 -0.14984130859375
-0.42523193359375 -0.0172729492187499 0.22906494140625 -0.0480804443359375
-0.69464111328125 -0.19256591796875 0.35443115234375 0.292938232421875
-0.64697265625 -0.0775756835937499 -0.0227508544921875 0.170166015625
-0.69256591796875 0.105224609375 0.01171875 0.392913818359375
-0.49725341796875 0.330963134765625 0.362030029296875 0.33709716796875
-0.340423583984375 0.38079833984375 0.3302001953125 -0.00949096679687498
-0.105255126953125 0.511749267578125 0.1650390625 -0.0814971923828125
0.086517333984375 0.49456787109375 0.0450782775878906 -0.0211677551269531
0.098785400390625 0.4462890625 0.0205268859863281 0.0452537536621094
0.165313720703125 0.4613037109375 0.0202484130859375 0.147567749023438
0.09326171875 0.43402099609375 0.01898193359375 0.152999877929688
-0.066986083984375 0.465179443359375 -0.040771484375 0.118690490722656
-0.208587646484375 0.444732666015625 -0.0724334716796875 0.0776824951171875
-0.48175048828125 0.2159423828125 -0.115653991699219 -0.0662155151367187
-0.57403564453125 0.0892333984374999 0.044769287109375 -0.125205993652344
-0.6009521484375 -0.0745849609374999 0.0711898803710937 -0.0763626098632813
-0.7178955078125 -0.28265380859375 0.121337890625 0.249954223632812
-0.71783447265625 -0.13067626953125 -0.153152465820313 0.202957153320312
-0.74896240234375 0.14056396484375 0.027557373046875 0.3741455078125
-0.485443115234375 0.395477294921875 0.385955810546875 0.233734130859375
-0.28582763671875 0.3992919921875 0.340911865234375 -0.136138916015625
-0.074005126953125 0.48834228515625 0.142318725585937 -0.241943359375
0.076141357421875 0.474945068359375 -0.02490234375 -0.191970825195312
0.09405517578125 0.451202392578125 -0.0570068359375 -0.100921630859375
0.164093017578125 0.478118896484375 -0.0561332702636719 0.0178337097167969
0.103118896484375 0.45538330078125 -0.0393333435058594 0.0339546203613282
-0.047149658203125 0.512908935546875 -0.0936737060546875 0.0413589477539063
-0.20184326171875 0.537872314453125 -0.111618041992188 0.0267028808593751
-0.569091796875 0.32275390625 -0.149017333984375 -0.08624267578125
-0.70623779296875 0.134033203125 -0.0554733276367188 -0.0850067138671875
-0.70001220703125 -0.12249755859375 -0.133438110351563 -0.110115051269531
-0.64227294921875 -0.314453125 -0.0868682861328126 0.186859130859375
-0.66351318359375 -0.138427734375 -0.246109008789063 0.213287353515625
-0.65594482421875 0.1634521484375 0.0465393066406249 0.320831298828125
-0.3616943359375 0.38427734375 0.366485595703125 0.11163330078125
-0.1688232421875 0.3336181640625 0.30657958984375 -0.234893798828125
-0.02752685546875 0.37591552734375 0.1007080078125 -0.36639404296875
0.05908203125 0.379241943359375 -0.092376708984375 -0.336822509765625
0.075714111328125 0.385162353515625 -0.126510620117188 -0.233901977539062
0.13226318359375 0.422149658203125 -0.128273010253906 -0.115692138671875
0.0859375 0.402313232421875 -0.102729797363281 -0.0904769897460937
-0.03607177734375 0.4720458984375 -0.153854370117187 -0.047637939453125
-0.1822509765625 0.53094482421875 -0.158737182617188 -0.0490875244140624
-0.5848388671875 0.35040283203125 -0.170364379882813 -0.123321533203125
-0.73724365234375 0.12725830078125 -0.154373168945313 -0.04638671875
-0.6954345703125 -0.17144775390625 -0.355621337890625 -0.15069580078125
-0.493988037109375 -0.290069580078125 -0.243621826171875 0.122817993164062
-0.520416259765625 -0.0985107421875001 -0.287567138671875 0.20355224609375
-0.460906982421875 0.175872802734375 0.061492919921875 0.244338989257813
-0.181549072265625 0.31005859375 0.303070068359375 3.0517578125019E-05
-0.0380401611328125 0.21087646484375 0.235992431640625 -0.283935546875
0.0119476318359375 0.209854125976563 0.04632568359375 -0.429351806640625
0.02923583984375 0.232192993164063 -0.144989013671875 -0.430908203125
0.04608154296875 0.262191772460938 -0.178497314453125 -0.33551025390625
0.078857421875 0.292633056640625 -0.178665161132813 -0.231277465820313
0.0565948486328125 0.274002075195313 -0.150955200195313 -0.19793701171875
-0.013427734375 0.345794677734375 -0.201034545898438 -0.1326904296875
-0.135833740234375 0.433013916015625 -0.19525146484375 -0.142807006835937
-0.51849365234375 0.299591064453125 -0.167495727539063 -0.181488037109375
-0.64971923828125 0.06805419921875 -0.230224609375 -0.0285491943359375
-0.56964111328125 -0.21307373046875 -0.556732177734375 -0.202667236328125
-0.294830322265625 -0.22039794921875 -0.33477783203125 0.077606201171875
-0.328155517578125 -0.039703369140625 -0.282135009765625 0.183349609375
-0.234954833984375 0.1666259765625 0.0666656494140625 0.164962768554688
-0.0115966796875 0.1993408203125 0.220672607421875 -0.0763702392578125
0.0672836303710938 0.0679588317871094 0.15802001953125 -0.285003662109375
0.0277309417724609 0.0323238372802734 -0.00311279296874997 -0.434844970703125
-0.01324462890625 0.0629692077636719 -0.180450439453125 -0.467437744140625
0.00870513916015625 0.100448608398438 -0.203338623046875 -0.386749267578125
0.0216217041015625 0.112319946289063 -0.198638916015625 -0.304046630859375
0.0401382446289063 0.0970077514648437 -0.17559814453125 -0.261337280273438
0.038238525390625 0.16888427734375 -0.229354858398438 -0.190689086914062
-0.04815673828125 0.27862548828125 -0.217086791992188 -0.232452392578125
-0.361083984375 0.20782470703125 -0.138229370117188 -0.2508544921875
-0.44219970703125 -0.00833129882812507 -0.2662353515625 -0.0391082763671875
-0.339996337890625 -0.227081298828125 -0.69549560546875 -0.26849365234375
-0.00579071044921874 0.133338928222656 0.7657470703125 0.16583251953125
0.164169311523438 0.0240020751953125 0.267623901367188 0.0246734619140625
0.0693206787109375 -0.134750366210938 0.091064453125 0.28289794921875
-0.0694580078125 -0.113395690917969 0.255859375 0.31951904296875
-0.134567260742188 0.00673675537109378 0.223876953125 0.1905517578125
-0.0609283447265625 0.10943603515625 0.185195922851563 0.2279052734375
0.0354690551757813 0.107933044433594 0.2113037109375 0.31646728515625
0.0240707397460937 0.0850143432617188 0.200897216796875 0.349365234375
0.033203125 0.0980377197265625 0.170928955078125 0.391815185546875
-0.0203170776367187 0.110427856445313 0.061248779296875 0.38177490234375
-0.0930862426757813 0.064361572265625 -0.03143310546875 0.259567260742188
-0.106681823730469 -0.0365142822265625 -0.0909576416015625 0.113433837890625
0.0265884399414063 -0.125320434570313 -0.0543670654296875 -0.077392578125
0.12109375 0.00341796875 0.222610473632812 -0.180557250976562
0.0349273681640625 0.144027709960938 0.359405517578125 -0.0438232421875
-0.307098388671875 0.0700683593749999 0.72314453125 0.22308349609375
-0.143508911132813 0.0494384765625 0.215423583984375 0.064544677734375
-0.20147705078125 -0.012939453125 0.055572509765625 0.33642578125
-0.22650146484375 0.058319091796875 0.2891845703125 0.363433837890625
-0.22698974609375 0.16632080078125 0.252655029296875 0.1583251953125
-0.070404052734375 0.298126220703125 0.17987060546875 0.173583984375
0.08404541015625 0.2861328125 0.176300048828125 0.254165649414063
0.074249267578125 0.241012573242187 0.16436767578125 0.282562255859375
0.101028442382813 0.2476806640625 0.148345947265625 0.33624267578125
0.0259246826171875 0.237167358398438 0.076873779296875 0.32000732421875
-0.090301513671875 0.212326049804688 -0.00218200683593752 0.2183837890625
-0.159530639648438 0.123764038085938 -0.0545501708984375 0.114646911621094
-0.1671142578125 -0.04168701171875 -0.0630912780761719 -0.052703857421875
-0.125442504882813 0.00325775146484374 0.182281494140625 -0.169281005859375
-0.200347900390625 0.0680389404296875 0.32415771484375 -0.0462646484375
-0.551361083984375 -0.034515380859375 0.580322265625 0.261962890625
-0.4349365234375 0.0175781250000001 0.116691589355469 0.115432739257813
-0.477020263671875 0.080657958984375 0.034454345703125 0.373565673828125
-0.380126953125 0.223724365234375 0.33514404296875 0.362030029296875
-0.298187255859375 0.303802490234375 0.29052734375 0.081695556640625
-0.079864501953125 0.441802978515625 0.172149658203125 0.0622711181640625
0.110595703125 0.42071533203125 0.117599487304687 0.134498596191406
0.1092529296875 0.3634033203125 0.100616455078125 0.174667358398438
0.159088134765625 0.36907958984375 0.0999908447265625 0.252227783203125
0.07696533203125 0.343292236328125 0.0655517578125 0.242218017578125
-0.064483642578125 0.35052490234375 -0.00291442871093749 0.172607421875
-0.177886962890625 0.294952392578125 -0.0458145141601563 0.103324890136719
-0.3341064453125 0.0927124023437501 -0.0837478637695313 -0.050506591796875
-0.362335205078125 0.0504150390625 0.123489379882812 -0.155471801757813
-0.422882080078125 0.00790405273437504 0.227188110351562 -0.0600433349609375
-0.69500732421875 -0.1484375 0.370025634765625 0.266357421875
-0.64068603515625 -0.0426025390624999 -0.0133056640625 0.1663818359375
-0.67950439453125 0.14434814453125 0.03436279296875 0.388885498046875
-0.46923828125 0.35491943359375 0.378387451171875 0.308685302734375
-0.31591796875 0.3955078125 0.321990966796875 -0.03143310546875
-0.073394775390625 0.50970458984375 0.157089233398438 -0.088897705078125
0.118011474609375 0.48309326171875 0.0439567565917969 -0.0223503112792968
0.1258544921875 0.43310546875 0.020599365234375 0.0418815612792969
0.196258544921875 0.444091796875 0.0290069580078125 0.145294189453125
0.117645263671875 0.418914794921875 0.0234832763671875 0.146316528320313
-0.033111572265625 0.459503173828125 -0.0349044799804687 0.117172241210938
-0.17401123046875 0.447784423828125 -0.0661849975585938 0.07501220703125
-0.463775634765625 0.241729736328125 -0.115249633789063 -0.0604476928710938
-0.56207275390625 0.12249755859375 0.043701171875 -0.127220153808594
-0.60235595703125 -0.0400390625 0.0695571899414062 -0.07806396484375
-0.72491455078125 -0.23687744140625 0.137435913085937 0.235458374023437
-0.71612548828125 -0.0921630859374999 -0.140396118164063 0.20599365234375
-0.734130859375 0.18402099609375 0.047882080078125 0.369293212890625
-0.45068359375 0.419464111328125 0.39599609375 0.207427978515625
-0.26007080078125 0.408660888671875 0.3248291015625 -0.156158447265625
-0.044708251953125 0.482391357421875 0.126266479492187 -0.24609375
0.1080322265625 0.46478271484375 -0.035858154296875 -0.187179565429688
0.12042236328125 0.43994140625 -0.0646209716796875 -0.0977783203125
0.194091796875 0.46124267578125 -0.0542716979980469 0.0217323303222656
0.1273193359375 0.43927001953125 -0.0406341552734375 0.0337600708007813
-0.013580322265625 0.50640869140625 -0.0913314819335938 0.0452499389648438
-0.162750244140625 0.539520263671875 -0.107345581054688 0.0277328491210938
-0.54351806640625 0.354583740234375 -0.1485595703125 -0.078521728515625
-0.69140625 0.175048828125 -0.0534210205078125 -0.0814743041992187
-0.7041015625 -0.0823364257812499 -0.136085510253906 -0.0986328125
-0.65399169921875 -0.275146484375 -0.073883056640625 0.184478759765625
-0.6641845703125 -0.101318359375 -0.2335205078125 0.220748901367187
-0.63922119140625 0.201416015625 0.06341552734375 0.316619873046875
-0.328216552734375 0.397857666015625 0.3677978515625 0.087188720703125
-0.148193359375 0.335052490234375 0.28497314453125 -0.251068115234375
-0.00698852539062499 0.369232177734375 0.078460693359375 -0.366668701171875
0.081695556640625 0.37213134765625 -0.11151123046875 -0.32720947265625
0.097747802734375 0.376251220703125 -0.14093017578125 -0.225418090820312
0.159210205078125 0.406707763671875 -0.132827758789063 -0.106575012207031
0.106353759765625 0.388427734375 -0.10992431640625 -0.085723876953125
-0.00506591796874997 0.464874267578125 -0.154708862304688 -0.0386810302734375
-0.142730712890625 0.533355712890625 -0.158248901367188 -0.0432281494140625
-0.55718994140625 0.384765625 -0.172470092773438 -0.113021850585937
-0.72149658203125 0.170654296875 -0.150054931640625 -0.0366668701171875
-0.7005615234375 -0.13201904296875 -0.359619140625 -0.12579345703125
-0.50531005859375 -0.256683349609375 -0.23321533203125 0.130218505859375
-0.5218505859375 -0.07012939453125 -0.2769775390625 0.21405029296875
-0.4456787109375 0.20428466796875 0.0727691650390625 0.240097045898437
-0.154449462890625 0.3154296875 0.2987060546875 -0.017669677734375
-0.025604248046875 0.204086303710937 0.215118408203125 -0.292755126953125
0.020599365234375 0.202713012695313 0.021759033203125 -0.425628662109375
0.0422821044921875 0.229446411132813 -0.171875 -0.41632080078125
0.0601348876953125 0.256149291992188 -0.19720458984375 -0.3214111328125
0.096282958984375 0.2838134765625 -0.191070556640625 -0.2193603515625
0.069488525390625 0.265029907226563 -0.162933349609375 -0.188568115234375
0.00830078125000002 0.33819580078125 -0.205703735351563 -0.119400024414062
-0.105316162109375 0.43206787109375 -0.20135498046875 -0.131500244140625
-0.49456787109375 0.33135986328125 -0.173690795898438 -0.171142578125
-0.637939453125 0.1060791015625 -0.225570678710938 -0.01409912109375
-0.58038330078125 -0.18133544921875 -0.5623779296875 -0.1650390625
-0.305206298828125 -0.1998291015625 -0.32745361328125 0.0906677246093749
-0.3282470703125 -0.022705078125 -0.274032592773438 0.193878173828125
-0.222000122070313 0.181884765625 0.07391357421875 0.161895751953125
0.00514221191406249 0.195526123046875 0.212326049804687 -0.0862884521484375
0.06878662109375 0.0579185485839844 0.13861083984375 -0.286712646484375
0.0241413116455078 0.0271644592285156 -0.02874755859375 -0.427337646484375
-0.0107040405273437 0.0654830932617188 -0.2066650390625 -0.45001220703125
0.0141448974609375 0.0989608764648437 -0.22509765625 -0.3721923828125
0.0270919799804687 0.109024047851562 -0.214691162109375 -0.291534423828125
0.0427017211914063 0.0915298461914063 -0.18927001953125 -0.25
0.04815673828125 0.16070556640625 -0.235809326171875 -0.17486572265625
-0.0272674560546875 0.276931762695313 -0.228317260742188 -0.217437744140625
-0.3443603515625 0.230072021484375 -0.149642944335937 -0.240921020507812
-0.438995361328125 0.016448974609375 -0.263076782226562 -0.022186279296875
-0.351715087890625 -0.207122802734375 -0.70343017578125 -0.21978759765625
0.00230407714843749 0.135414123535156 0.752685546875 0.128173828125
0.162506103515625 0.015045166015625 0.260543823242188 0.0117034912109375
0.0608291625976562 -0.135299682617188 0.100631713867187 0.271392822265625
-0.0739364624023438 -0.10894775390625 0.263427734375 0.2962646484375
-0.131088256835937 0.0157470703125 0.22369384765625 0.173553466796875
-0.051025390625 0.111747741699219 0.1876220703125 0.2152099609375
0.0422286987304688 0.102546691894531 0.220611572265625 0.2999267578125
0.0294342041015625 0.0806198120117188 0.210205078125 0.33245849609375
0.0399856567382812 0.0938796997070313 0.17987060546875 0.373779296875
-0.013916015625 0.109107971191406 0.07379150390625 0.365875244140625
-0.0877685546875 0.0693511962890625 -0.0212249755859375 0.249725341796875
-0.106407165527344 -0.0312347412109375 -0.08294677734375 0.109504699707031
0.0167999267578125 -0.124824523925781 -0.0541000366210938 -0.0741424560546875
0.116645812988281 -0.00264739990234375 0.212539672851563 -0.186004638671875
0.04168701171875 0.14080810546875 0.3504638671875 -0.05706787109375
-0.293212890625 0.08447265625 0.714111328125 0.1849365234375
-0.13470458984375 0.0506515502929687 0.212188720703125 0.0520172119140625
-0.197067260742188 -0.00566101074218753 0.06768798828125 0.325042724609375
-0.217971801757813 0.0651092529296875 0.29840087890625 0.339019775390625
-0.214981079101563 0.17266845703125 0.248764038085937 0.140869140625
-0.05267333984375 0.294586181640625 0.180679321289063 0.162673950195313
0.0972442626953125 0.272445678710938 0.184005737304688 0.23992919921875
0.084197998046875 0.229644775390625 0.170700073242188 0.268096923828125
0.112380981445313 0.234207153320313 0.156951904296875 0.320709228515625
0.0357513427734375 0.227752685546875 0.084991455078125 0.30401611328125
-0.077606201171875 0.2095947265625 0.00491333007812498 0.207901000976563
-0.148269653320313 0.124267578125 -0.0477752685546875 0.108177185058594
-0.1663818359375 -0.034271240234375 -0.0617866516113281 -0.0495719909667969
-0.121353149414063 0.00830841064453127 0.174545288085938 -0.172439575195313
-0.191024780273437 0.0756072998046875 0.31658935546875 -0.057464599609375
-0.534454345703125 -0.00787353515624992 0.5775146484375 0.2283935546875
-0.419219970703125 0.031829833984375 0.118461608886719 0.103889465332031
-0.462310791015625 0.09765625 0.04888916015625 0.36248779296875
-0.35699462890625 0.231048583984375 0.341766357421875 0.336181640625
-0.279449462890625 0.3087158203125 0.281585693359375 0.064361572265625
-0.05731201171875 0.432891845703125 0.1683349609375 0.05450439453125
0.129486083984375 0.4022216796875 0.121284484863281 0.126495361328125
0.123382568359375 0.348419189453125 0.102554321289063 0.165603637695313
0.17572021484375 0.349456787109375 0.106399536132813 0.242294311523438
0.0889892578125 0.327850341796875 0.069549560546875 0.23101806640625
-0.04620361328125 0.339874267578125 0.00219726562500001 0.165512084960938
-0.15667724609375 0.2901611328125 -0.0408859252929688 0.0958480834960938
-0.323150634765625 0.104095458984375 -0.080535888671875 -0.0469436645507812
-0.3492431640625 0.06439208984375 0.119033813476562 -0.157272338867188
-0.411468505859375 0.024383544921875 0.221786499023437 -0.067840576171875
-0.67987060546875 -0.11700439453125 0.3739013671875 0.2406005859375
-0.6221923828125 -0.0213623046875001 -0.00584411621093755 0.159652709960938
-0.65509033203125 0.1700439453125 0.047454833984375 0.376678466796875
-0.43707275390625 0.362457275390625 0.38189697265625 0.28228759765625
-0.29351806640625 0.395263671875 0.3074951171875 -0.0457763671875
-0.05078125 0.498046875 0.148178100585938 -0.0919342041015625
0.137939453125 0.46405029296875 0.0422821044921875 -0.02349853515625
0.14129638671875 0.416412353515625 0.0182647705078125 0.0395889282226563
0.2125244140625 0.42041015625 0.034423828125 0.141357421875
0.13037109375 0.398223876953125 0.025115966796875 0.140296936035156
-0.011444091796875 0.444793701171875 -0.03021240234375 0.113197326660156
-0.1458740234375 0.43927001953125 -0.061431884765625 0.0708160400390625
-0.44232177734375 0.2562255859375 -0.111457824707031 -0.0564346313476562
-0.540740966796875 0.1439208984375 0.043182373046875 -0.126655578613281
-0.59051513671875 -0.013916015625 0.068206787109375 -0.0770950317382813
-0.71429443359375 -0.20361328125 0.145217895507812 0.21917724609375
-0.69818115234375 -0.06591796875 -0.12969970703125 0.20263671875
-0.707275390625 0.21063232421875 0.0592651367187499 0.35888671875
-0.415740966796875 0.423187255859375 0.393585205078125 0.183502197265625
-0.238433837890625 0.403900146484375 0.304901123046875 -0.167205810546875
-0.023895263671875 0.469696044921875 0.112075805664063 -0.243865966796875
0.126617431640625 0.446197509765625 -0.04290771484375 -0.18048095703125
0.136199951171875 0.42193603515625 -0.0700531005859375 -0.0931243896484375
0.2127685546875 0.436126708984375 -0.0511894226074219 0.0236396789550782
0.13946533203125 0.418548583984375 -0.0419654846191406 0.0328407287597656
0.0105590820312501 0.48858642578125 -0.0879364013671875 0.0456771850585938
-0.12933349609375 0.526336669921875 -0.103645324707031 0.0263824462890625
-0.513427734375 0.369384765625 -0.144454956054688 -0.072235107421875
-0.66363525390625 0.20111083984375 -0.0491104125976563 -0.0779342651367187
-0.6923828125 -0.0527954101562499 -0.133308410644531 -0.088592529296875
-0.64495849609375 -0.2412109375 -0.0633697509765626 0.176376342773437
-0.65020751953125 -0.07659912109375 -0.222518920898438 0.221481323242187
-0.61334228515625 0.2257080078125 0.0718994140625 0.30682373046875
-0.295745849609375 0.398956298828125 0.359466552734375 0.068572998046875
-0.131744384765625 0.3270263671875 0.262924194335938 -0.255157470703125
0.00488281250000003 0.356475830078125 0.060546875 -0.35821533203125
0.09661865234375 0.358856201171875 -0.122894287109375 -0.312713623046875
0.11077880859375 0.361724853515625 -0.149978637695313 -0.214553833007812
0.17254638671875 0.387420654296875 -0.133369445800781 -0.0987167358398437
0.116912841796875 0.370452880859375 -0.113487243652344 -0.0797500610351562
0.01544189453125 0.4473876953125 -0.152694702148438 -0.0322113037109375
-0.11309814453125 0.521942138671875 -0.1552734375 -0.0391540527343749
-0.527374267578125 0.397705078125 -0.16925048828125 -0.104736328125
-0.69403076171875 0.1961669921875 -0.1419677734375 -0.0301055908203125
-0.69256591796875 -0.10235595703125 -0.35302734375 -0.1051025390625
-0.5018310546875 -0.229949951171875 -0.222518920898438 0.130264282226562
-0.510833740234375 -0.0513000488281251 -0.266448974609375 0.216094970703125
-0.42303466796875 0.220184326171875 0.0785064697265625 0.233016967773438
-0.130828857421875 0.3101806640625 0.286956787109375 -0.0286865234375
-0.01800537109375 0.194091796875 0.19427490234375 -0.291748046875
0.02410888671875 0.193283081054688 0.00317382812500002 -0.413116455078125
0.05126953125 0.222457885742188 -0.185699462890625 -0.397613525390625
0.06878662109375 0.247146606445313 -0.209747314453125 -0.3056640625
0.1060791015625 0.270126342773438 -0.194549560546875 -0.206466674804688
0.0748291015625 0.252777099609375 -0.168365478515625 -0.177932739257813
0.02276611328125 0.32476806640625 -0.203750610351563 -0.108123779296875
-0.08038330078125 0.4227294921875 -0.20098876953125 -0.121231079101562
-0.466461181640625 0.34490966796875 -0.17327880859375 -0.160400390625
-0.61700439453125 0.13018798828125 -0.215682983398438 -0.00437927246093746
-0.5765380859375 -0.1561279296875 -0.553558349609375 -0.133758544921875
-0.30621337890625 -0.180084228515625 -0.31744384765625 0.096466064453125
-0.323150634765625 -0.0104064941406249 -0.2664794921875 0.198379516601563
-0.207534790039063 0.190567016601563 0.0764923095703125 0.157730102539063
0.0179901123046875 0.18792724609375 0.20037841796875 -0.0906524658203125
0.067535400390625 0.0477561950683594 0.122833251953125 -0.28179931640625
0.0198917388916016 0.023681640625 -0.043975830078125 -0.411895751953125
-0.0079803466796875 0.0665054321289063 -0.22119140625 -0.428253173828125
0.01708984375 0.095428466796875 -0.237579345703125 -0.353057861328125
0.0290908813476563 0.10406494140625 -0.221160888671875 -0.276321411132813
0.0417098999023438 0.0859603881835938 -0.194046020507812 -0.236572265625
0.0532684326171875 0.150588989257813 -0.23468017578125 -0.159133911132813
-0.0127105712890625 0.268051147460938 -0.230926513671875 -0.201416015625
-0.324859619140625 0.240234375 -0.154251098632813 -0.229629516601563
-0.42706298828125 0.0333557128906249 -0.254745483398437 -0.0105743408203125
-0.354583740234375 -0.188568115234375 -0.694091796875 -0.18084716796875
0.00852203369140624 0.136924743652344 0.7369384765625 0.11053466796875
0.160720825195313 0.0097808837890625 0.252975463867188 0.0049896240234375
0.0556411743164063 -0.134590148925781 0.103897094726563 0.263275146484375
-0.07562255859375 -0.106193542480469 0.26312255859375 0.282989501953125
-0.126800537109375 0.0195846557617187 0.218109130859375 0.163330078125
-0.0432205200195313 0.11199951171875 0.184783935546875 0.206100463867187
0.0453872680664063 0.0978469848632812 0.222686767578125 0.288665771484375
0.0326156616210938 0.0768890380859375 0.212127685546875 0.322113037109375
0.0445327758789062 0.0901870727539062 0.180450439453125 0.361907958984375
-0.010162353515625 0.107925415039063 0.0738525390625 0.35211181640625
-0.08306884765625 0.0719223022460937 -0.0176544189453125 0.239791870117188
-0.105354309082031 -0.0284805297851562 -0.078887939453125 0.103530883789063
0.0103759765625 -0.122848510742188 -0.0519866943359375 -0.0733642578125
0.113151550292969 -0.0054473876953125 0.207595825195312 -0.185928344726563
0.0458221435546875 0.139259338378906 0.34307861328125 -0.060699462890625
-0.280975341796875 0.090423583984375 0.703125 0.166748046875
-0.128044128417969 0.0483856201171875 0.208404541015625 0.0444183349609375
-0.193832397460938 -0.00350952148437499 0.0720520019531249 0.31634521484375
-0.210968017578125 0.064544677734375 0.297821044921875 0.3203125
-0.207260131835938 0.173751831054688 0.242050170898437 0.13043212890625
-0.041900634765625 0.28924560546875 0.176788330078125 0.1558837890625
0.10369873046875 0.263259887695312 0.184524536132813 0.230361938476563
0.08697509765625 0.221664428710938 0.1705322265625 0.259445190429688
0.117630004882812 0.224319458007813 0.157257080078125 0.31121826171875
0.0397491455078125 0.219512939453125 0.08367919921875 0.293060302734375
-0.069793701171875 0.205184936523438 0.00685119628906249 0.19903564453125
-0.1422119140625 0.121353149414063 -0.0451889038085938 0.100502014160156
-0.165969848632812 -0.030609130859375 -0.0586624145507813 -0.0494728088378906
-0.117752075195313 0.0100173950195313 0.171463012695313 -0.173858642578125
-0.18316650390625 0.0789642333984375 0.3109130859375 -0.06134033203125
-0.517669677734375 0.00207519531249995 0.570556640625 0.21002197265625
-0.405303955078125 0.0319213867187499 0.116966247558594 0.0970001220703125
-0.4490966796875 0.10333251953125 0.053680419921875 0.353363037109375
-0.342254638671875 0.23046875 0.339569091796875 0.3184814453125
-0.26873779296875 0.306121826171875 0.271347045898438 0.0562591552734375
-0.045562744140625 0.4232177734375 0.163894653320313 0.05047607421875
0.13580322265625 0.38714599609375 0.12017822265625 0.120079040527344
0.126861572265625 0.3365478515625 0.101165771484375 0.160293579101563
0.182159423828125 0.333709716796875 0.108535766601563 0.234634399414063
0.093231201171875 0.3140869140625 0.0687255859375 0.222503662109375
-0.035858154296875 0.330291748046875 0.00347900390625001 0.157791137695313
-0.14599609375 0.281585693359375 -0.039306640625 0.0887908935546875
-0.314422607421875 0.107574462890625 -0.0772476196289063 -0.0464019775390625
-0.338623046875 0.07049560546875 0.118972778320312 -0.1568603515625
-0.40087890625 0.0314331054687501 0.218124389648437 -0.0681915283203125
-0.66259765625 -0.1016845703125 0.371185302734375 0.2247314453125
-0.60552978515625 -0.01580810546875 -0.00431823730468752 0.152694702148438
-0.6373291015625 0.1776123046875 0.050689697265625 0.368743896484375
-0.41748046875 0.357421875 0.37725830078125 0.26507568359375
-0.2823486328125 0.38970947265625 0.295379638671875 -0.05169677734375
-0.03802490234375 0.484619140625 0.14208984375 -0.091796875
0.14593505859375 0.447998046875 0.0401229858398438 -0.0237770080566406
0.14569091796875 0.40283203125 0.0153999328613281 0.0385818481445313
0.21759033203125 0.40338134765625 0.0363922119140625 0.137649536132813
0.13262939453125 0.3831787109375 0.0232620239257813 0.136314392089844
-0.000640869140625046 0.4287109375 -0.0294418334960938 0.108657836914063
-0.131805419921875 0.42510986328125 -0.0601615905761719 0.0651473999023438
-0.427490234375 0.258880615234375 -0.106956481933594 -0.054473876953125
-0.523040771484375 0.150604248046875 0.0460739135742187 -0.126029968261719
-0.57672119140625 -0.00408935546874992 0.0683975219726562 -0.075439453125
-0.6986083984375 -0.187744140625 0.146240234375 0.2066650390625
-0.6827392578125 -0.0574951171875 -0.126617431640625 0.1973876953125
-0.68701171875 0.2208251953125 0.0624084472656249 0.35174560546875
-0.393096923828125 0.417388916015625 0.38623046875 0.1702880859375
-0.227142333984375 0.396453857421875 0.290863037109375 -0.166900634765625
-0.01666259765625 0.45538330078125 0.10443115234375 -0.238739013671875
0.1348876953125 0.433624267578125 -0.046417236328125 -0.17584228515625
0.140655517578125 0.40899658203125 -0.0736465454101562 -0.0897216796874999
0.21820068359375 0.418304443359375 -0.0491142272949219 0.0239601135253906
0.141693115234375 0.40234375 -0.0435714721679687 0.0331535339355469
0.019805908203125 0.4715576171875 -0.085968017578125 0.0446243286132813
-0.113372802734375 0.511444091796875 -0.102371215820313 0.0233688354492188
-0.494537353515625 0.37188720703125 -0.139739990234375 -0.0694808959960938
-0.64227294921875 0.2093505859375 -0.0434951782226563 -0.0767364501953125
-0.67755126953125 -0.0421142578125001 -0.128654479980469 -0.0826568603515625
-0.63275146484375 -0.22454833984375 -0.0593719482421876 0.168350219726563
-0.6361083984375 -0.0685424804687499 -0.217910766601563 0.218032836914063
-0.59442138671875 0.2332763671875 0.07305908203125 0.300811767578125
-0.276611328125 0.390472412109375 0.350830078125 0.062103271484375
-0.126373291015625 0.317779541015625 0.2496337890625 -0.252777099609375
0.00994873046874998 0.343170166015625 0.05242919921875 -0.3502197265625
0.10223388671875 0.3477783203125 -0.12762451171875 -0.30267333984375
0.114288330078125 0.3515625 -0.153900146484375 -0.20654296875
0.17718505859375 0.372344970703125 -0.131484985351563 -0.0942687988281249
0.117156982421875 0.35736083984375 -0.114654541015625 -0.0758514404296875
0.02392578125 0.432342529296875 -0.149002075195313 -0.0303802490234374
-0.096343994140625 0.507598876953125 -0.15374755859375 -0.038604736328125
-0.50567626953125 0.40081787109375 -0.164306640625 -0.101058959960937
-0.673828125 0.20660400390625 -0.133522033691406 -0.0276336669921875
-0.68182373046875 -0.091796875 -0.343109130859375 -0.093841552734375
-0.4921875 -0.215240478515625 -0.216079711914063 0.125350952148437
-0.502716064453125 -0.044036865234375 -0.262481689453125 0.214630126953125
-0.40777587890625 0.2275390625 0.0788726806640625 0.228897094726563
-0.11688232421875 0.302978515625 0.276901245117188 -0.0315704345703125
-0.0168914794921875 0.185348510742188 0.18292236328125 -0.285888671875
0.023193359375 0.185531616210938 -0.00387573242187499 -0.40069580078125
0.05523681640625 0.216888427734375 -0.1900634765625 -0.38385009765625
0.07122802734375 0.240509033203125 -0.21337890625 -0.29547119140625
0.1077880859375 0.260147094726563 -0.19366455078125 -0.199386596679687
0.074798583984375 0.243820190429688 -0.168701171875 -0.171722412109375
0.027618408203125 0.311767578125 -0.199554443359375 -0.101943969726562
-0.0676879882812501 0.411102294921875 -0.198837280273438 -0.115676879882812
-0.448211669921875 0.347442626953125 -0.170394897460938 -0.154586791992187
-0.6014404296875 0.137451171875 -0.206710815429688 -0.000717163085937479
-0.569091796875 -0.14483642578125 -0.541473388671875 -0.117401123046875
-0.3017578125 -0.16986083984375 -0.31158447265625 0.0947570800781249
-0.320037841796875 -0.00656127929687494 -0.2635498046875 0.19891357421875
-0.197738647460938 0.193801879882812 0.07647705078125 0.155975341796875
0.0252532958984375 0.181640625 0.191482543945313 -0.0895538330078125
0.0641708374023438 0.0416946411132813 0.11480712890625 -0.273513793945313
0.0151138305664063 0.0220775604248047 -0.049468994140625 -0.39910888671875
-0.00673675537109374 0.0667190551757813 -0.2264404296875 -0.41229248046875
0.0178680419921875 0.093505859375 -0.2403564453125 -0.34033203125
0.0288009643554687 0.101150512695312 -0.221603393554688 -0.268020629882813
0.0392684936523438 0.08172607421875 -0.19427490234375 -0.227447509765625
0.0538177490234375 0.142074584960937 -0.229812622070313 -0.150909423828125
-0.00573730468749997 0.259490966796875 -0.229843139648438 -0.192138671875
-0.311126708984375 0.242584228515625 -0.153884887695313 -0.222427368164062
-0.41705322265625 0.0400695800781251 -0.246353149414063 -0.00518798828125
-0.35302734375 -0.182769775390625 -0.68060302734375 -0.15985107421875
0.0139312744140625 0.141006469726562 0.7359619140625 0.10638427734375
0.162490844726563 0.007110595703125 0.252197265625 0.002044677734375
0.0549468994140625 -0.136192321777344 0.105499267578125 0.262435913085938
-0.0773086547851563 -0.107414245605469 0.264617919921875 0.278030395507813
-0.125785827636719 0.0218048095703125 0.215652465820313 0.159393310546875
-0.0378646850585937 0.113273620605469 0.182464599609375 0.2049560546875
0.048248291015625 0.0959396362304688 0.224517822265625 0.285247802734375
0.0345535278320313 0.075958251953125 0.212921142578125 0.3192138671875
0.0489578247070312 0.0886077880859375 0.17987060546875 0.3607177734375
-0.00766754150390626 0.108299255371094 0.0723876953125 0.348907470703125
-0.080718994140625 0.074188232421875 -0.0178985595703125 0.2340087890625
-0.106498718261719 -0.027496337890625 -0.0787353515625 0.0981674194335938
0.00583648681640625 -0.122940063476563 -0.0501556396484375 -0.0747909545898438
0.112007141113281 -0.0062408447265625 0.209991455078125 -0.188217163085938
0.04901123046875 0.14068603515625 0.34454345703125 -0.060211181640625
-0.275161743164063 0.09405517578125 0.7020263671875 0.15838623046875
-0.124588012695313 0.044921875 0.2076416015625 0.0409088134765625
-0.193572998046875 -0.00378417968749998 0.073211669921875 0.31622314453125
-0.211227416992188 0.0633392333984375 0.29931640625 0.314666748046875
-0.20733642578125 0.175460815429688 0.237838745117188 0.12615966796875
-0.037109375 0.288543701171875 0.174591064453125 0.154251098632813
0.107772827148438 0.259475708007813 0.1846923828125 0.228057861328125
0.0896148681640625 0.2188720703125 0.169586181640625 0.258056640625
0.122451782226563 0.22088623046875 0.157196044921875 0.310150146484375
0.040802001953125 0.217376708984375 0.0811767578125 0.290557861328125
-0.0666656494140625 0.203720092773438 0.00592041015625001 0.194198608398438
-0.1417236328125 0.119583129882812 -0.0458831787109375 0.0955581665039063
-0.16802978515625 -0.0301361083984375 -0.0566024780273438 -0.0504341125488281
-0.117477416992188 0.0109939575195313 0.17535400390625 -0.175521850585938
-0.179641723632813 0.0806121826171875 0.312652587890625 -0.0614013671875
-0.512969970703125 0.00540161132812497 0.57177734375 0.2049560546875
-0.402191162109375 0.027587890625 0.117530822753906 0.09368896484375
-0.4501953125 0.10321044921875 0.0537109375 0.35430908203125
-0.33868408203125 0.226409912109375 0.341522216796875 0.312652587890625
-0.268768310546875 0.306671142578125 0.26751708984375 0.0531005859375
-0.040985107421875 0.420562744140625 0.162338256835938 0.0504913330078125
0.1414794921875 0.383270263671875 0.11993408203125 0.118621826171875
0.12969970703125 0.3348388671875 0.098480224609375 0.16033935546875
0.18505859375 0.32623291015625 0.108230590820313 0.234527587890625
0.09381103515625 0.30987548828125 0.065216064453125 0.221420288085938
-0.03289794921875 0.325164794921875 0.00189208984375001 0.154022216796875
-0.142501831054687 0.276412963867187 -0.040924072265625 0.0838699340820313
-0.31488037109375 0.10980224609375 -0.0758056640625 -0.047393798828125
-0.335418701171875 0.0728759765624999 0.123336791992187 -0.159194946289063
-0.398651123046875 0.032562255859375 0.220993041992187 -0.06854248046875
-0.65716552734375 -0.0991821289062499 0.373046875 0.218963623046875
-0.6024169921875 -0.0188598632812501 -0.00440979003906255 0.150100708007813
-0.634765625 0.1810302734375 0.0515136718749999 0.36920166015625
-0.411529541015625 0.355010986328125 0.378021240234375 0.260650634765625
-0.282379150390625 0.390625 0.28955078125 -0.0533447265625
-0.034332275390625 0.48175048828125 0.141433715820313 -0.0910491943359375
0.151214599609375 0.4437255859375 0.0386962890625 -0.0249137878417968
0.148773193359375 0.402587890625 0.0120468139648438 0.0392341613769532
0.222198486328125 0.396392822265625 0.0365371704101563 0.137840270996094
0.132476806640625 0.37701416015625 0.0199432373046875 0.135406494140625
0.00241088867187497 0.4237060546875 -0.0306549072265625 0.10595703125
-0.127593994140625 0.42071533203125 -0.0622215270996094 0.0609130859375
-0.425567626953125 0.263763427734375 -0.104576110839844 -0.0554122924804688
-0.518890380859375 0.155242919921875 0.0514144897460937 -0.128868103027344
-0.57781982421875 -0.00457763671875006 0.0711135864257812 -0.0743408203125
-0.69512939453125 -0.18560791015625 0.14794921875 0.20159912109375
-0.68017578125 -0.06121826171875 -0.128494262695313 0.195175170898438
-0.68408203125 0.22406005859375 0.0610961914062499 0.352386474609375
-0.385986328125 0.41461181640625 0.3856201171875 0.16693115234375
-0.228912353515625 0.394256591796875 0.285003662109375 -0.167144775390625
-0.015380859375 0.451995849609375 0.103561401367188 -0.2369384765625
0.13800048828125 0.430206298828125 -0.04833984375 -0.175384521484375
0.142791748046875 0.408203125 -0.0771331787109375 -0.0882797241210937
0.22076416015625 0.413238525390625 -0.0486717224121094 0.0242919921875
0.141143798828125 0.398590087890625 -0.045745849609375 0.0333595275878906
0.023773193359375 0.46514892578125 -0.0865859985351563 0.0429763793945313
-0.10931396484375 0.507232666015625 -0.102867126464844 0.0203781127929688
-0.491973876953125 0.37530517578125 -0.137321472167969 -0.070770263671875
-0.6385498046875 0.214111328125 -0.0374832153320313 -0.0785751342773437
-0.68084716796875 -0.04150390625 -0.125694274902344 -0.0802230834960937
-0.62921142578125 -0.2239990234375 -0.0587310791015625 0.163925170898438
-0.63623046875 -0.0689697265625001 -0.221435546875 0.21710205078125
-0.59185791015625 0.23822021484375 0.0722961425781249 0.302703857421875
-0.26806640625 0.388671875 0.348785400390625 0.05914306640625
-0.12652587890625 0.31378173828125 0.245086669921875 -0.251129150390625
0.00857543945312498 0.339996337890625 0.051788330078125 -0.348052978515625
0.105255126953125 0.345794677734375 -0.129486083984375 -0.299652099609375
0.11541748046875 0.350067138671875 -0.157882690429688 -0.204345703125
0.180084228515625 0.3668212890625 -0.131340026855469 -0.0942611694335938
0.1158447265625 0.35394287109375 -0.116531372070313 -0.075225830078125
0.02532958984375 0.42620849609375 -0.149566650390625 -0.030059814453125
-0.092041015625 0.50244140625 -0.154373168945313 -0.039093017578125
-0.502685546875 0.405120849609375 -0.162582397460938 -0.101760864257813
-0.67144775390625 0.20947265625 -0.128059387207031 -0.0285720825195312
-0.68499755859375 -0.0910034179687502 -0.34112548828125 -0.089874267578125
-0.491241455078125 -0.2120361328125 -0.217681884765625 0.121383666992188
-0.50494384765625 -0.04461669921875 -0.267303466796875 0.216110229492188
-0.404754638671875 0.23138427734375 0.0789642333984375 0.2310791015625
-0.10968017578125 0.29901123046875 0.27398681640625 -0.0306549072265625
-0.018707275390625 0.181411743164062 0.179840087890625 -0.282257080078125
0.020599365234375 0.183502197265625 -0.00347900390625004 -0.397674560546875
0.056549072265625 0.216217041015625 -0.1927490234375 -0.3795166015625
0.072235107421875 0.239730834960937 -0.21710205078125 -0.29248046875
0.10870361328125 0.257766723632813 -0.194320678710938 -0.199874877929688
0.0723724365234375 0.24176025390625 -0.169677734375 -0.170257568359375
0.0274658203125 0.306793212890625 -0.198577880859375 -0.101394653320313
-0.0645751953125 0.40704345703125 -0.199798583984375 -0.115264892578125
-0.44580078125 0.349822998046875 -0.169097900390625 -0.155075073242188
-0.59942626953125 0.140869140625 -0.2021484375 -0.000839233398437482
-0.57244873046875 -0.146484375 -0.539398193359375 -0.113433837890625
-0.30133056640625 -0.16650390625 -0.3123779296875 0.09173583984375
-0.322967529296875 -0.00491333007812507 -0.2689208984375 0.200759887695313
-0.194732666015625 0.198577880859375 0.0767059326171875 0.158599853515625
0.0307159423828125 0.177688598632813 0.188217163085938 -0.086883544921875
0.0613555908203125 0.0375709533691406 0.113082885742187 -0.26922607421875
0.0109844207763672 0.0214214324951172 -0.04803466796875 -0.396484375
-0.00604629516601562 0.0677299499511719 -0.229705810546875 -0.407196044921875
0.0181961059570312 0.0938949584960938 -0.24432373046875 -0.338043212890625
0.027069091796875 0.101211547851562 -0.223052978515625 -0.268325805664063
0.0364990234375 0.0812454223632813 -0.193618774414063 -0.227310180664063
0.0527496337890625 0.137687683105469 -0.22674560546875 -0.148941040039063
-0.00300598144531249 0.256881713867188 -0.229812622070313 -0.190261840820312
-0.3084716796875 0.245452880859375 -0.153854370117188 -0.22216796875
-0.416473388671875 0.0403442382812499 -0.243301391601563 -0.00410461425781248
-0.35638427734375 -0.18304443359375 -0.679443359375 -0.154541015625
0.0217132568359375 0.148818969726563 0.7548828125 0.09759521484375
0.168060302734375 0.0027923583984375 0.2567138671875 -0.0030517578125
0.053558349609375 -0.141860961914063 0.112838745117187 0.267959594726563
-0.0822296142578125 -0.110244750976563 0.27490234375 0.277114868164063
-0.127700805664063 0.025604248046875 0.218826293945313 0.158172607421875
-0.0320358276367187 0.116874694824219 0.185592651367188 0.207763671875
0.0539932250976563 0.0958023071289063 0.232452392578125 0.287994384765625
0.0385208129882813 0.0761260986328125 0.223052978515625 0.3243408203125
0.0552902221679688 0.0876846313476562 0.185882568359375 0.367431640625
-0.00397491455078125 0.112129211425781 0.075408935546875 0.3544921875
-0.080078125 0.0787582397460938 -0.0171356201171875 0.234573364257813
-0.110305786132812 -0.025970458984375 -0.0805130004882813 0.096221923828125
0.00102996826171875 -0.125595092773438 -0.0499725341796875 -0.0781402587890625
0.114242553710938 -0.00762176513671875 0.2156982421875 -0.196273803710938
0.0558929443359375 0.145736694335938 0.3538818359375 -0.06573486328125
-0.27423095703125 0.102493286132812 0.72161865234375 0.15301513671875
-0.124107360839844 0.0434722900390625 0.212814331054688 0.0364990234375
-0.199142456054688 -0.00297546386718753 0.080810546875 0.322174072265625
-0.214752197265625 0.0638427734375 0.309661865234375 0.31329345703125
-0.21063232421875 0.18328857421875 0.239761352539063 0.1248779296875
-0.0296630859375 0.295562744140625 0.17828369140625 0.156402587890625
0.116378784179688 0.261383056640625 0.191070556640625 0.229461669921875
0.0970611572265625 0.222274780273437 0.1749267578125 0.262054443359375
0.131195068359375 0.219879150390625 0.162811279296875 0.316436767578125
0.045074462890625 0.220550537109375 0.082855224609375 0.2955322265625
-0.0637054443359375 0.208450317382812 0.00601196289062502 0.194473266601563
-0.14227294921875 0.122116088867188 -0.0472488403320313 0.0935287475585938
-0.174423217773437 -0.0273895263671875 -0.0557403564453125 -0.0530166625976563
-0.117477416992187 0.0134735107421875 0.181167602539063 -0.183181762695313
-0.179733276367188 0.08489990234375 0.32220458984375 -0.065399169921875
-0.5185546875 0.0125732421874999 0.5882568359375 0.20062255859375
-0.40899658203125 0.0293579101562501 0.120948791503906 0.0916671752929687
-0.457855224609375 0.111907958984375 0.060760498046875 0.36163330078125
-0.3426513671875 0.233367919921875 0.3524169921875 0.311309814453125
-0.274200439453125 0.3175048828125 0.269180297851563 0.0504302978515625
-0.03424072265625 0.429046630859375 0.165725708007813 0.0499420166015625
0.153717041015625 0.38671875 0.122543334960938 0.119163513183594
0.1395263671875 0.338653564453125 0.100799560546875 0.163314819335938
0.196441650390625 0.327484130859375 0.112167358398438 0.2396240234375
0.098907470703125 0.312591552734375 0.0659027099609375 0.2259521484375
-0.02813720703125 0.328704833984375 0.0010223388671875 0.154098510742188
-0.140838623046875 0.281341552734375 -0.0431289672851562 0.0828094482421875
-0.31988525390625 0.117645263671875 -0.0750885009765625 -0.0492401123046875
-0.3387451171875 0.0806274414062501 0.129104614257812 -0.16754150390625
-0.406219482421875 0.038299560546875 0.228118896484375 -0.0715179443359375
-0.6700439453125 -0.0958862304687501 0.38446044921875 0.2156982421875
-0.615966796875 -0.017333984375 -0.00344848632812503 0.151123046875
-0.6475830078125 0.1947021484375 0.0563659667968749 0.377349853515625
-0.412139892578125 0.3642578125 0.38897705078125 0.2591552734375
-0.286590576171875 0.401458740234375 0.291107177734375 -0.05731201171875
-0.028564453125 0.490631103515625 0.143295288085938 -0.0947265625
0.16357421875 0.4490966796875 0.0376167297363281 -0.025970458984375
0.1588134765625 0.40789794921875 0.00992965698242189 0.0413589477539063
0.235198974609375 0.397216796875 0.0386199951171875 0.141387939453125
0.139984130859375 0.3802490234375 0.0198822021484375 0.138671875
0.009429931640625 0.42779541015625 -0.0326309204101563 0.106170654296875
-0.12274169921875 0.425628662109375 -0.0650863647460938 0.0595588684082032
-0.43109130859375 0.276458740234375 -0.105674743652344 -0.0575027465820313
-0.52581787109375 0.167510986328125 0.056121826171875 -0.13568115234375
-0.59100341796875 0.00256347656249993 0.0751190185546875 -0.0750732421875
-0.70758056640625 -0.18450927734375 0.154327392578125 0.201080322265625
-0.69647216796875 -0.0576171874999998 -0.130355834960938 0.1998291015625
-0.697021484375 0.24041748046875 0.06610107421875 0.3614501953125
-0.38427734375 0.42578125 0.3944091796875 0.164764404296875
-0.232452392578125 0.40545654296875 0.285980224609375 -0.173004150390625
-0.010498046875 0.459075927734375 0.103668212890625 -0.243392944335937
0.149261474609375 0.435272216796875 -0.0535125732421875 -0.177780151367187
0.1533203125 0.414459228515625 -0.0838241577148437 -0.0872802734375
0.2337646484375 0.415313720703125 -0.0496635437011719 0.0252952575683594
0.1484375 0.40179443359375 -0.0487022399902344 0.0351104736328125
0.02880859375 0.47027587890625 -0.089813232421875 0.0437393188476563
-0.10296630859375 0.514373779296875 -0.107391357421875 0.0203857421875001
-0.496124267578125 0.394287109375 -0.13897705078125 -0.0719985961914062
-0.64654541015625 0.22900390625 -0.033905029296875 -0.0820083618164062
-0.69940185546875 -0.03594970703125 -0.126556396484375 -0.0778961181640625
-0.64263916015625 -0.22442626953125 -0.0580902099609376 0.163787841796875
-0.65142822265625 -0.0662231445312499 -0.226089477539063 0.22467041015625
-0.5982666015625 0.2562255859375 0.0762939453125 0.310638427734375
-0.263702392578125 0.395660400390625 0.354888916015625 0.0572509765625
-0.12884521484375 0.319488525390625 0.245361328125 -0.256561279296875
0.01141357421875 0.344635009765625 0.050537109375 -0.3543701171875
0.114776611328125 0.3505859375 -0.138580322265625 -0.304107666015625
0.124298095703125 0.3560791015625 -0.168197631835937 -0.20501708984375
0.188262939453125 0.370513916015625 -0.136367797851563 -0.095123291015625
0.120147705078125 0.359588623046875 -0.121742248535156 -0.0754165649414062
0.0313720703125 0.43023681640625 -0.153564453125 -0.02996826171875
-0.085845947265625 0.5111083984375 -0.159454345703125 -0.039306640625
-0.507476806640625 0.42388916015625 -0.16552734375 -0.10369873046875
-0.6805419921875 0.2259521484375 -0.126144409179688 -0.028656005859375
-0.70404052734375 -0.08795166015625 -0.348052978515625 -0.0852966308593749
-0.501556396484375 -0.21405029296875 -0.222320556640625 0.12347412109375
-0.51812744140625 -0.040069580078125 -0.275283813476563 0.2252197265625
-0.4072265625 0.247100830078125 0.082489013671875 0.238571166992188
-0.102264404296875 0.303466796875 0.276809692382813 -0.03204345703125
-0.01953125 0.181686401367188 0.179351806640625 -0.287322998046875
0.020233154296875 0.184738159179688 -0.00665283203125002 -0.405303955078125
0.06201171875 0.22021484375 -0.2042236328125 -0.383056640625
0.0773468017578125 0.244094848632813 -0.22802734375 -0.29345703125
0.114212036132812 0.2615966796875 -0.202743530273437 -0.202682495117187
0.0739288330078125 0.245361328125 -0.175872802734375 -0.172607421875
0.030029296875 0.30938720703125 -0.202713012695312 -0.101791381835937
-0.058837890625 0.412841796875 -0.206069946289063 -0.115234375
-0.449859619140625 0.367645263671875 -0.174102783203125 -0.15771484375
-0.6107177734375 0.15252685546875 -0.202804565429688 0.00187683105468754
-0.59130859375 -0.14501953125 -0.551849365234375 -0.106353759765625
-0.307861328125 -0.1669921875 -0.32080078125 0.0940856933593749
-0.334014892578125 0.000396728515625049 -0.278213500976562 0.212326049804688
-0.19287109375 0.210220336914062 0.080474853515625 0.163604736328125
0.0380096435546875 0.178939819335938 0.189559936523438 -0.08831787109375
0.0601806640625 0.0339126586914063 0.114669799804688 -0.2724609375
0.00757789611816406 0.022003173828125 -0.050811767578125 -0.40240478515625
-0.00481414794921875 0.070404052734375 -0.240447998046875 -0.412017822265625
0.0199203491210937 0.095458984375 -0.25689697265625 -0.340576171875
0.0279998779296875 0.102760314941406 -0.2330322265625 -0.27288818359375
0.035614013671875 0.0821609497070313 -0.200225830078125 -0.230667114257812
0.0532913208007812 0.136543273925781 -0.23138427734375 -0.14935302734375
0.00184631347656249 0.260223388671875 -0.23712158203125 -0.190841674804688
-0.311614990234375 0.25750732421875 -0.15966796875 -0.226806640625
-0.427337646484375 0.048126220703125 -0.246231079101563 -0.000305175781249947
-0.370574951171875 -0.1845703125 -0.694091796875 -0.14605712890625
0.035064697265625 0.155731201171875 0.78125 0.0684814453125
0.175933837890625 -0.0057525634765625 0.26312255859375 -0.014678955078125
0.049530029296875 -0.150146484375 0.12884521484375 0.271347045898438
-0.091644287109375 -0.112380981445312 0.294158935546875 0.27099609375
-0.130317687988281 0.032257080078125 0.227783203125 0.152587890625
-0.0236282348632813 0.121757507324219 0.196670532226562 0.208267211914063
0.0620269775390625 0.0949172973632813 0.249969482421875 0.287628173828125
0.045013427734375 0.07574462890625 0.24346923828125 0.3250732421875
0.0643768310546875 0.0855178833007813 0.2061767578125 0.373992919921875
0.00280761718749999 0.116424560546875 0.087890625 0.3624267578125
-0.0779495239257813 0.0859909057617187 -0.011077880859375 0.2381591796875
-0.116081237792969 -0.0219192504882813 -0.080841064453125 0.0978546142578125
-0.00709533691406251 -0.127967834472656 -0.0522079467773437 -0.0808868408203125
0.117912292480469 -0.012237548828125 0.218307495117188 -0.213180541992188
0.068115234375 0.149826049804687 0.36529541015625 -0.0802001953125
-0.272384643554687 0.11676025390625 0.7518310546875 0.12860107421875
-0.124359130859375 0.0449676513671875 0.220993041992187 0.027008056640625
-0.205337524414063 0.0032501220703125 0.096710205078125 0.33013916015625
-0.2208251953125 0.071075439453125 0.3321533203125 0.307891845703125
-0.21197509765625 0.198516845703125 0.24847412109375 0.119537353515625
-0.015716552734375 0.3045654296875 0.188308715820313 0.1558837890625
0.1339111328125 0.262069702148438 0.204147338867188 0.229705810546875
0.110565185546875 0.223602294921875 0.18988037109375 0.26507568359375
0.147415161132813 0.217620849609375 0.17767333984375 0.32171630859375
0.0562286376953125 0.224441528320312 0.09466552734375 0.301513671875
-0.0561370849609375 0.215316772460938 0.0102081298828125 0.19598388671875
-0.141921997070313 0.130050659179688 -0.0478515625 0.094207763671875
-0.182785034179687 -0.01934814453125 -0.057037353515625 -0.0545120239257813
-0.117378234863281 0.0200042724609375 0.183319091796875 -0.199386596679687
-0.179153442382813 0.0947723388671875 0.3323974609375 -0.0782470703125
-0.529510498046875 0.0299072265625 0.616943359375 0.18133544921875
-0.418731689453125 0.0397338867187501 0.128898620605469 0.0866775512695313
-0.468963623046875 0.131988525390625 0.07568359375 0.37127685546875
-0.344573974609375 0.2471923828125 0.374114990234375 0.30560302734375
-0.274017333984375 0.339141845703125 0.274795532226563 0.04168701171875
-0.016326904296875 0.441925048828125 0.172409057617188 0.0457611083984375
0.175323486328125 0.39056396484375 0.129135131835938 0.117973327636719
0.158294677734375 0.341949462890625 0.107284545898438 0.166778564453125
0.21832275390625 0.32470703125 0.124557495117188 0.244857788085938
0.1141357421875 0.31640625 0.0737762451171875 0.230697631835938
-0.01507568359375 0.337890625 0.00431823730468751 0.156173706054688
-0.134490966796875 0.2916259765625 -0.0435333251953125 0.0842666625976563
-0.324920654296875 0.135894775390625 -0.0770492553710938 -0.05023193359375
-0.341644287109375 0.0972290039062501 0.13018798828125 -0.181488037109375
-0.414947509765625 0.0549621582031249 0.235885620117187 -0.080718994140625
-0.68963623046875 -0.0781860351562499 0.405792236328125 0.205596923828125
-0.6363525390625 0.000732421874999982 0.00173950195312497 0.153823852539063
-0.66229248046875 0.22479248046875 0.07122802734375 0.389495849609375
-0.41070556640625 0.386322021484375 0.410675048828125 0.25103759765625
-0.28472900390625 0.4261474609375 0.294830322265625 -0.06854248046875
-0.01116943359375 0.506500244140625 0.145126342773438 -0.102752685546875
0.18768310546875 0.4542236328125 0.0358352661132813 -0.0280609130859375
0.180877685546875 0.413482666015625 0.00830459594726564 0.0454978942871094
0.2589111328125 0.3956298828125 0.0452117919921875 0.145645141601563
0.157379150390625 0.384521484375 0.0233306884765625 0.143356323242188
0.025665283203125 0.4356689453125 -0.0319442749023438 0.108650207519531
-0.108978271484375 0.43914794921875 -0.0671806335449219 0.0617637634277344
-0.4317626953125 0.303985595703125 -0.108749389648438 -0.056976318359375
-0.53094482421875 0.19500732421875 0.057830810546875 -0.145034790039063
-0.6116943359375 0.0250244140624999 0.0784988403320312 -0.0784225463867188
-0.73468017578125 -0.1671142578125 0.167144775390625 0.197586059570313
-0.7205810546875 -0.03948974609375 -0.12811279296875 0.2093505859375
-0.70880126953125 0.27685546875 0.07940673828125 0.371673583984375
-0.376708984375 0.447845458984375 0.410858154296875 0.15509033203125
-0.227630615234375 0.424957275390625 0.285888671875 -0.18731689453125
0.00561523437500005 0.47174072265625 0.100112915039063 -0.255096435546875
0.172760009765625 0.4404296875 -0.063873291015625 -0.180221557617187
0.174957275390625 0.42236328125 -0.0931549072265625 -0.0838394165039062
0.2581787109375 0.414031982421875 -0.0502700805664062 0.0292282104492188
0.165679931640625 0.406005859375 -0.05029296875 0.0387840270996094
0.047943115234375 0.47991943359375 -0.0922393798828125 0.0470199584960938
-0.085357666015625 0.52838134765625 -0.111488342285156 0.023834228515625
-0.495025634765625 0.427978515625 -0.143630981445313 -0.07073974609375
-0.6551513671875 0.26324462890625 -0.0328216552734375 -0.0864410400390625
-0.72637939453125 -0.0131835937500001 -0.130088806152344 -0.0728607177734375
-0.66900634765625 -0.2138671875 -0.054351806640625 0.166976928710938
-0.6766357421875 -0.0482788085937499 -0.2279052734375 0.240386962890625
-0.605224609375 0.29119873046875 0.088409423828125 0.3192138671875
-0.25286865234375 0.413970947265625 0.366241455078125 0.047027587890625
-0.124664306640625 0.33245849609375 0.241867065429687 -0.270462036132812
0.022308349609375 0.3524169921875 0.041046142578125 -0.368988037109375
0.13287353515625 0.35552978515625 -0.1563720703125 -0.306884765625
0.142181396484375 0.36181640625 -0.1837158203125 -0.201995849609375
0.209625244140625 0.372467041015625 -0.144790649414063 -0.0925750732421875
0.13604736328125 0.364105224609375 -0.129608154296875 -0.0729904174804687
0.046417236328125 0.440093994140625 -0.16021728515625 -0.026763916015625
-0.0684814453125 0.52557373046875 -0.16717529296875 -0.03485107421875
-0.504669189453125 0.461029052734375 -0.172637939453125 -0.101669311523437
-0.69061279296875 0.2603759765625 -0.125907897949219 -0.0264511108398438
-0.73583984375 -0.06378173828125 -0.35943603515625 -0.07049560546875
-0.522674560546875 -0.20458984375 -0.224761962890625 0.131942749023438
-0.538665771484375 -0.0234985351562499 -0.278152465820313 0.245330810546875
-0.40826416015625 0.274200439453125 0.0929107666015624 0.244308471679688
-0.089019775390625 0.312164306640625 0.282501220703125 -0.0408935546875
-0.0173187255859375 0.185272216796875 0.174224853515625 -0.300079345703125
0.0237579345703125 0.18798828125 -0.019378662109375 -0.41888427734375
0.07305908203125 0.22332763671875 -0.226104736328125 -0.385711669921875
0.0892333984375 0.247695922851563 -0.250396728515625 -0.29144287109375
0.126861572265625 0.263031005859375 -0.217605590820313 -0.201553344726562
0.084136962890625 0.24951171875 -0.188873291015625 -0.172012329101562
0.0406494140625 0.3148193359375 -0.212493896484375 -0.09820556640625
-0.044097900390625 0.42547607421875 -0.216781616210938 -0.1107177734375
-0.4483642578125 0.399688720703125 -0.18359375 -0.15655517578125
-0.6224365234375 0.1829833984375 -0.204757690429688 0.00978088378906248
-0.62054443359375 -0.12890625 -0.57098388671875 -0.0836181640625
-0.322021484375 -0.163055419921875 -0.32794189453125 0.107025146484375
-0.34796142578125 0.0142517089843749 -0.282806396484375 0.2337646484375
-0.18597412109375 0.228668212890625 0.0890655517578125 0.167190551757813
0.050201416015625 0.179351806640625 0.19049072265625 -0.093536376953125
0.059906005859375 0.029815673828125 0.109527587890625 -0.282379150390625
0.00496101379394531 0.0220146179199219 -0.064697265625 -0.412994384765625
-0.00174713134765625 0.07342529296875 -0.26385498046875 -0.41326904296875
0.0239410400390625 0.0968704223632812 -0.27899169921875 -0.3387451171875
0.0312347412109375 0.10528564453125 -0.252761840820313 -0.273696899414063
0.037841796875 0.0824813842773438 -0.214889526367187 -0.232574462890625
0.05804443359375 0.136604309082031 -0.24188232421875 -0.146530151367188
0.013671875 0.264984130859375 -0.251296997070312 -0.186141967773437
-0.310333251953125 0.28057861328125 -0.1728515625 -0.228622436523437
-0.43994140625 0.064300537109375 -0.2503662109375 0.0102996826171875
-0.39263916015625 -0.177947998046875 -0.7225341796875 -0.12017822265625
0.052703857421875 0.157867431640625 0.80029296875 0.01812744140625
0.181411743164063 -0.02001953125 0.264755249023438 -0.0344085693359375
0.040008544921875 -0.157363891601563 0.150665283203125 0.267974853515625
-0.104057312011719 -0.109703063964844 0.316375732421875 0.254364013671875
-0.130462646484375 0.042572021484375 0.23748779296875 0.140701293945313
-0.0109329223632812 0.124244689941406 0.210464477539063 0.20208740234375
0.071563720703125 0.0905609130859375 0.273056030273438 0.275833129882812
0.0527114868164063 0.071533203125 0.267730712890625 0.315704345703125
0.0745010375976563 0.0802078247070313 0.232452392578125 0.370819091796875
0.01385498046875 0.119377136230469 0.1107177734375 0.362579345703125
-0.0716552734375 0.09381103515625 0.00100708007812502 0.239501953125
-0.120407104492188 -0.0142822265625 -0.0779647827148438 0.10107421875
-0.0175933837890625 -0.127891540527344 -0.0570220947265625 -0.0822296142578125
0.120582580566406 -0.0191116333007813 0.211929321289063 -0.23431396484375
0.08416748046875 0.148361206054688 0.36895751953125 -0.103302001953125
-0.263656616210938 0.135467529296875 0.77252197265625 0.08148193359375
-0.122215270996094 0.049072265625 0.224853515625 0.0104827880859375
-0.210159301757813 0.014739990234375 0.120849609375 0.329833984375
-0.2235107421875 0.0836181640625 0.35662841796875 0.289154052734375
-0.205169677734375 0.21759033203125 0.255477905273438 0.105331420898438
0.00732421874999998 0.308990478515625 0.19964599609375 0.147720336914063
0.154632568359375 0.254684448242188 0.220733642578125 0.220291137695313
0.1278076171875 0.218032836914062 0.209304809570313 0.259307861328125
0.166778564453125 0.206787109375 0.202392578125 0.317901611328125
0.073028564453125 0.223648071289063 0.111663818359375 0.30169677734375
-0.042572021484375 0.221817016601563 0.0191497802734375 0.195404052734375
-0.136428833007812 0.138999938964844 -0.0451278686523438 0.096466064453125
-0.186416625976563 -0.00651550292968749 -0.0593147277832031 -0.0541191101074219
-0.114280700683594 0.0279006958007812 0.17767333984375 -0.218048095703125
-0.171478271484375 0.107772827148438 0.336181640625 -0.099822998046875
-0.531402587890625 0.0616455078125 0.63995361328125 0.1422119140625
-0.423309326171875 0.060577392578125 0.135757446289062 0.0769729614257813
-0.469573974609375 0.1640625 0.1007080078125 0.37493896484375
-0.3372802734375 0.27069091796875 0.398834228515625 0.283843994140625
-0.26165771484375 0.365081787109375 0.279525756835938 0.0267181396484375
0.0137939453125 0.449676513671875 0.17755126953125 0.03515625
0.20574951171875 0.38311767578125 0.137092590332031 0.112602233886719
0.184112548828125 0.33526611328125 0.117507934570313 0.1661376953125
0.242889404296875 0.3101806640625 0.142791748046875 0.244354248046875
0.135498046875 0.311767578125 0.0873565673828125 0.23046875
0.00515747070312497 0.34039306640625 0.010284423828125 0.1558837890625
-0.11767578125 0.30120849609375 -0.0415115356445313 0.0859298706054688
-0.32086181640625 0.160614013671875 -0.0793075561523438 -0.04791259765625
-0.336090087890625 0.121673583984375 0.125808715820312 -0.196640014648438
-0.4176025390625 0.0807189941406249 0.2396240234375 -0.095977783203125
-0.70245361328125 -0.0398559570312498 0.42852783203125 0.180023193359375
-0.64862060546875 0.0337524414062499 0.0109710693359375 0.15350341796875
-0.65728759765625 0.2706298828125 0.095367431640625 0.39263916015625
-0.39361572265625 0.41473388671875 0.430755615234375 0.227813720703125
-0.26605224609375 0.45355224609375 0.292724609375 -0.08709716796875
0.021636962890625 0.512420654296875 0.14111328125 -0.115097045898437
0.22186279296875 0.445526123046875 0.0323276519775391 -0.0301113128662109
0.210601806640625 0.40618896484375 0.00864028930664064 0.048919677734375
0.2886962890625 0.38116455078125 0.055755615234375 0.14764404296875
0.18292236328125 0.378387451171875 0.0311279296875 0.145477294921875
0.052154541015625 0.438140869140625 -0.0290069580078125 0.110710144042969
-0.0836181640625 0.449249267578125 -0.0663414001464844 0.0662460327148438
-0.4156494140625 0.33837890625 -0.111953735351563 -0.0529937744140625
-0.521087646484375 0.23236083984375 0.0542755126953125 -0.154800415039062
-0.62091064453125 0.06268310546875 0.0797119140625 -0.0824737548828125
-0.75531005859375 -0.13092041015625 0.183380126953125 0.186264038085938
-0.73699951171875 0.000732421875000124 -0.118392944335938 0.219985961914062
-0.7017822265625 0.32720947265625 0.10198974609375 0.375335693359375
-0.35296630859375 0.473907470703125 0.425689697265625 0.1326904296875
-0.209136962890625 0.4473876953125 0.277969360351563 -0.20672607421875
0.03436279296875 0.476593017578125 0.0861968994140625 -0.268035888671875
0.2052001953125 0.434356689453125 -0.078704833984375 -0.1788330078125
0.204681396484375 0.414947509765625 -0.102470397949219 -0.0756454467773437
0.28875732421875 0.4005126953125 -0.0491943359375 0.034515380859375
0.193267822265625 0.4002685546875 -0.0505027770996094 0.0432281494140625
0.077911376953125 0.480438232421875 -0.0936737060546875 0.0524139404296875
-0.0531005859375 0.53955078125 -0.113471984863281 0.0300979614257813
-0.4736328125 0.46807861328125 -0.148513793945313 -0.0648803710937499
-0.64263916015625 0.30804443359375 -0.0337600708007813 -0.0889205932617187
-0.74346923828125 0.0333251953125001 -0.132293701171875 -0.0628128051757813
-0.693603515625 -0.18023681640625 -0.04425048828125 0.1693115234375
-0.6942138671875 -0.00897216796875 -0.219009399414063 0.259078979492188
-0.5948486328125 0.33612060546875 0.10772705078125 0.321502685546875
-0.22625732421875 0.43145751953125 0.372467041015625 0.0269775390625
-0.10888671875 0.34442138671875 0.228179931640625 -0.28912353515625
0.040802001953125 0.35467529296875 0.019195556640625 -0.379364013671875
0.158966064453125 0.35015869140625 -0.18017578125 -0.30145263671875
0.16717529296875 0.358001708984375 -0.201095581054687 -0.190170288085938
0.23553466796875 0.360626220703125 -0.153350830078125 -0.084503173828125
0.159332275390625 0.35955810546875 -0.1375732421875 -0.065460205078125
0.0726928710937499 0.441436767578125 -0.165878295898438 -0.0178985595703124
-0.035186767578125 0.535125732421875 -0.172637939453125 -0.0249633789062499
-0.480224609375 0.50421142578125 -0.179718017578125 -0.0942230224609375
-0.6820068359375 0.3096923828125 -0.125221252441406 -0.0204315185546875
-0.75750732421875 -0.0209350585937501 -0.366119384765625 -0.0465087890625001
-0.544158935546875 -0.180877685546875 -0.220794677734375 0.14459228515625
-0.5518798828125 0.01116943359375 -0.270278930664063 0.270263671875
-0.391448974609375 0.307525634765625 0.10845947265625 0.244613647460938
-0.066162109375 0.3179931640625 0.283172607421875 -0.05633544921875
-0.0088348388671875 0.187393188476563 0.16058349609375 -0.31329345703125
0.0320281982421875 0.188018798828125 -0.04400634765625 -0.425933837890625
0.0892486572265625 0.220718383789063 -0.254669189453125 -0.3773193359375
0.105682373046875 0.245681762695313 -0.273757934570312 -0.277496337890625
0.143707275390625 0.258087158203125 -0.235260009765625 -0.190658569335938
0.0986328125 0.247314453125 -0.203948974609375 -0.1634521484375
0.058837890625 0.314910888671875 -0.221710205078125 -0.0873870849609375
-0.0166015625 0.433135986328125 -0.2274169921875 -0.0980224609375
-0.4263916015625 0.43927001953125 -0.195709228515625 -0.148880004882812
-0.6190185546875 0.224609375 -0.202926635742188 0.022491455078125
-0.64398193359375 -0.0928955078124999 -0.5833740234375 -0.0444946289062499
-0.337432861328125 -0.148681640625 -0.327789306640625 0.12579345703125
-0.355560302734375 0.039031982421875 -0.275314331054688 0.260040283203125
-0.169342041015625 0.247833251953125 0.100494384765625 0.166351318359375
0.0662994384765625 0.174911499023438 0.187179565429688 -0.103744506835938
0.0594215393066406 0.0242195129394531 0.09661865234375 -0.291839599609375
0.00199317932128906 0.022308349609375 -0.090545654296875 -0.4171142578125
0.003143310546875 0.07427978515625 -0.296142578125 -0.401458740234375
0.0291748046875 0.0959243774414063 -0.30657958984375 -0.32440185546875
0.0361328125 0.104682922363281 -0.276092529296875 -0.263275146484375
0.0409088134765625 0.0807113647460938 -0.232879638671875 -0.223159790039063
0.0647659301757812 0.133087158203125 -0.253387451171875 -0.13482666015625
0.03082275390625 0.26702880859375 -0.267333984375 -0.172607421875
-0.2960205078125 0.3076171875 -0.1898193359375 -0.222061157226562
-0.444000244140625 0.093353271484375 -0.25042724609375 0.0270690917968751
-0.415740966796875 -0.155517578125 -0.73992919921875 -0.0726928710937499
0.0695037841796875 0.153060913085938 0.78955078125 -0.03765869140625
0.179779052734375 -0.0350189208984375 0.2564697265625 -0.0532684326171875
0.0277862548828125 -0.160293579101563 0.168670654296875 0.253662109375
-0.114112854003906 -0.100944519042969 0.32891845703125 0.228179931640625
-0.126701354980469 0.0531692504882812 0.239334106445313 0.123306274414062
0.00268554687499999 0.122650146484375 0.2198486328125 0.187591552734375
0.0800704956054688 0.0830917358398438 0.28704833984375 0.25421142578125
0.0581703186035156 0.0652580261230469 0.285888671875 0.293243408203125
0.0815963745117188 0.0701522827148438 0.254364013671875 0.353118896484375
0.02593994140625 0.117546081542969 0.132476806640625 0.351287841796875
-0.0627975463867188 0.0986175537109375 0.0140228271484375 0.23236083984375
-0.120628356933594 -0.00537872314453123 -0.0724716186523438 0.103073120117188
-0.0276641845703125 -0.122505187988281 -0.060577392578125 -0.0803680419921875
0.119651794433594 -0.0272903442382813 0.195770263671875 -0.248855590820313
0.0980758666992187 0.140304565429688 0.3592529296875 -0.12646484375
-0.244979858398438 0.150985717773437 0.76849365234375 0.02532958984375
-0.116256713867187 0.051361083984375 0.221221923828125 -0.00732421875
-0.206939697265625 0.02728271484375 0.141510009765625 0.318084716796875
-0.218093872070313 0.0967102050781249 0.3699951171875 0.260101318359375
-0.189376831054688 0.231536865234375 0.257003784179688 0.087738037109375
0.031005859375 0.303070068359375 0.20550537109375 0.133514404296875
0.172286987304688 0.238235473632813 0.230697631835937 0.203750610351563
0.141586303710938 0.204483032226562 0.222854614257813 0.243072509765625
0.17919921875 0.188522338867187 0.22222900390625 0.3043212890625
0.0889129638671875 0.214462280273438 0.12811279296875 0.290618896484375
-0.0260162353515625 0.220550537109375 0.02813720703125 0.18927001953125
-0.126571655273438 0.144744873046875 -0.0403900146484375 0.0958709716796875
-0.184188842773437 0.00799560546875001 -0.0609817504882813 -0.0519180297851563
-0.106597900390625 0.034454345703125 0.163528442382813 -0.231338500976563
-0.158248901367188 0.116867065429687 0.328094482421875 -0.120635986328125
-0.517486572265625 0.0928955078125001 0.6412353515625 0.09393310546875
-0.41424560546875 0.0840148925781249 0.138397216796875 0.063812255859375
-0.45269775390625 0.193084716796875 0.123626708984375 0.363861083984375
-0.316619873046875 0.2860107421875 0.412872314453125 0.25238037109375
-0.236236572265625 0.382110595703125 0.274505615234375 0.00845336914062502
0.044830322265625 0.44146728515625 0.177139282226563 0.022308349609375
0.2308349609375 0.359100341796875 0.140312194824219 0.102828979492188
0.204132080078125 0.31695556640625 0.126419067382813 0.158645629882813
0.26055908203125 0.284637451171875 0.158096313476563 0.233657836914063
0.1544189453125 0.296112060546875 0.09881591796875 0.223403930664063
0.0279541015625 0.332183837890625 0.0168914794921875 0.15185546875
-0.096343994140625 0.3018798828125 -0.0371322631835938 0.0860214233398438
-0.303192138671875 0.1815185546875 -0.0802154541015625 -0.0439529418945312
-0.317535400390625 0.141021728515625 0.113998413085937 -0.206207275390625
-0.404052734375 0.10662841796875 0.234283447265625 -0.110061645507813
-0.6949462890625 0.00305175781250005 0.43572998046875 0.145263671875
-0.63665771484375 0.0716552734375 0.0202026367187499 0.14764404296875
-0.63189697265625 0.311767578125 0.1182861328125 0.384429931640625
-0.36077880859375 0.43170166015625 0.4403076171875 0.196990966796875
-0.236968994140625 0.469207763671875 0.281097412109375 -0.104293823242187
0.054443359375 0.50244140625 0.131736755371094 -0.124534606933594
0.2501220703125 0.421600341796875 0.0276069641113281 -0.03076171875
0.234893798828125 0.386322021484375 0.0107460021972656 0.0514259338378906
0.3106689453125 0.350738525390625 0.066253662109375 0.143997192382813
0.204437255859375 0.357391357421875 0.03851318359375 0.142822265625
0.081024169921875 0.42498779296875 -0.0244369506835937 0.111053466796875
-0.05255126953125 0.44415283203125 -0.062469482421875 0.0686492919921875
-0.385711669921875 0.36285400390625 -0.112281799316406 -0.0472869873046875
-0.492218017578125 0.260406494140625 0.047698974609375 -0.16107177734375
-0.6090087890625 0.10382080078125 0.0786819458007812 -0.086029052734375
-0.75408935546875 -0.0843505859375001 0.194305419921875 0.1673583984375
-0.72967529296875 0.0467529296875001 -0.103713989257813 0.223068237304687
-0.6697998046875 0.37261962890625 0.1221923828125 0.3670654296875
-0.31585693359375 0.48602294921875 0.427642822265625 0.103851318359375
-0.1800537109375 0.457061767578125 0.258895874023438 -0.220291137695312
0.062408447265625 0.466033935546875 0.0669403076171875 -0.272720336914062
0.23193359375 0.409423828125 -0.092529296875 -0.16961669921875
0.2296142578125 0.394378662109375 -0.107856750488281 -0.0644607543945312
0.31072998046875 0.3720703125 -0.0450630187988281 0.038238525390625
0.213592529296875 0.3787841796875 -0.0487060546875 0.0468254089355469
0.1077880859375 0.4658203125 -0.0916290283203125 0.057891845703125
-0.015106201171875 0.53271484375 -0.110755920410156 0.0371322631835938
-0.4300537109375 0.496551513671875 -0.148483276367188 -0.0565338134765625
-0.6083984375 0.34796142578125 -0.0345001220703125 -0.089874267578125
-0.73394775390625 0.0823974609374999 -0.129081726074219 -0.0513458251953125
-0.69610595703125 -0.13885498046875 -0.0319976806640625 0.16552734375
-0.68798828125 0.0365600585937499 -0.199447631835938 0.270797729492188
-0.561309814453125 0.373077392578125 0.125457763671875 0.312164306640625
-0.191314697265625 0.4354248046875 0.3690185546875 0.00476074218750003
-0.088104248046875 0.348052978515625 0.20635986328125 -0.298614501953125
0.059844970703125 0.34625244140625 -0.00622558593750004 -0.37860107421875
0.17987060546875 0.33184814453125 -0.2008056640625 -0.283050537109375
0.188323974609375 0.34161376953125 -0.212783813476563 -0.17120361328125
0.255584716796875 0.337799072265625 -0.156814575195313 -0.072723388671875
0.1771240234375 0.342041015625 -0.141525268554688 -0.05511474609375
0.099639892578125 0.42822265625 -0.16668701171875 -0.00697326660156251
0.00115966796874999 0.527099609375 -0.1724853515625 -0.0130462646484375
-0.43658447265625 0.53155517578125 -0.181808471679688 -0.0832977294921875
-0.64886474609375 0.3499755859375 -0.119438171386719 -0.0153427124023437
-0.75201416015625 0.03125 -0.35833740234375 -0.0172424316406251
-0.551055908203125 -0.147918701171875 -0.208465576171875 0.152236938476563
-0.547698974609375 0.048309326171875 -0.24951171875 0.286590576171875
-0.362060546875 0.331146240234375 0.12188720703125 0.236099243164063
-0.04095458984375 0.312652587890625 0.274765014648438 -0.0714111328125
0.000305175781249989 0.184661865234375 0.13787841796875 -0.3192138671875
0.0391845703125 0.182937622070312 -0.071136474609375 -0.41949462890625
0.103195190429687 0.21026611328125 -0.27978515625 -0.352264404296875
0.118759155273438 0.23443603515625 -0.29034423828125 -0.25244140625
0.156936645507813 0.243881225585938 -0.246109008789062 -0.172439575195312
0.1104736328125 0.23529052734375 -0.212631225585937 -0.147857666015625
0.076385498046875 0.305267333984375 -0.225067138671875 -0.072357177734375
0.01226806640625 0.424835205078125 -0.230300903320313 -0.0812072753906249
-0.389190673828125 0.463470458984375 -0.201370239257813 -0.135223388671875
-0.59423828125 0.26190185546875 -0.193222045898437 0.033294677734375
-0.64642333984375 -0.0488281249999999 -0.57330322265625 -0.000366210937500114
-0.344757080078125 -0.12786865234375 -0.316253662109375 0.1414794921875
-0.351226806640625 0.0659484863281251 -0.255538940429688 0.279037475585938
-0.14483642578125 0.25738525390625 0.110580444335937 0.15899658203125
0.0799713134765625 0.16290283203125 0.17718505859375 -0.110671997070312
0.0564079284667969 0.0185470581054687 0.07769775390625 -0.293212890625
-0.000539779663085938 0.0226268768310547 -0.11566162109375 -0.408721923828125
0.00820159912109375 0.0731201171875 -0.319244384765625 -0.3736572265625
0.0338211059570313 0.0925827026367187 -0.3255615234375 -0.296905517578125
0.0404891967773437 0.100616455078125 -0.291168212890625 -0.241851806640625
0.0433120727539062 0.075958251953125 -0.244735717773438 -0.206192016601562
0.0707778930664063 0.1251220703125 -0.25775146484375 -0.116912841796875
0.0492706298828125 0.259796142578125 -0.27447509765625 -0.152328491210938
-0.26953125 0.325164794921875 -0.202255249023438 -0.207717895507812
-0.432037353515625 0.120574951171875 -0.240798950195312 0.043365478515625
-0.423919677734375 -0.126434326171875 -0.73095703125 -0.0167846679687499
0.0814056396484375 0.1451416015625 0.76226806640625 -0.0745849609375
0.174362182617188 -0.0455322265625 0.2432861328125 -0.063995361328125
0.0183258056640625 -0.157684326171875 0.177291870117188 0.236862182617188
-0.1182861328125 -0.0920944213867188 0.329010009765625 0.203216552734375
-0.120697021484375 0.059722900390625 0.234832763671875 0.110198974609375
0.0122909545898437 0.116378784179688 0.2198486328125 0.174911499023438
0.0831298828125 0.0753555297851563 0.28863525390625 0.234527587890625
0.060638427734375 0.0591011047363281 0.29046630859375 0.271148681640625
0.0843963623046875 0.06097412109375 0.2645263671875 0.332366943359375
0.0341873168945312 0.112739562988281 0.141815185546875 0.33544921875
-0.0543594360351563 0.100120544433594 0.020599365234375 0.22210693359375
-0.118057250976563 0.00146484374999999 -0.068145751953125 0.100685119628906
-0.0325927734375 -0.115142822265625 -0.0616073608398437 -0.0782699584960938
0.116813659667969 -0.03228759765625 0.179519653320313 -0.25341796875
0.105392456054688 0.130126953125 0.34320068359375 -0.13763427734375
-0.225418090820313 0.155029296875 0.7442626953125 -0.01251220703125
-0.109870910644531 0.0500259399414062 0.21221923828125 -0.019683837890625
-0.200515747070313 0.0341644287109375 0.152496337890625 0.3013916015625
-0.210006713867188 0.102447509765625 0.3712158203125 0.233245849609375
-0.17523193359375 0.236892700195312 0.249954223632813 0.074066162109375
0.04718017578125 0.290557861328125 0.204055786132813 0.121109008789063
0.179611206054687 0.221176147460938 0.231338500976562 0.188705444335938
0.146728515625 0.190689086914063 0.226715087890625 0.227218627929688
0.182647705078125 0.16998291015625 0.230712890625 0.28826904296875
0.09747314453125 0.202377319335938 0.135284423828125 0.277191162109375
-0.0147247314453125 0.213577270507813 0.032012939453125 0.179916381835938
-0.116622924804687 0.145278930664063 -0.0366363525390625 0.0930633544921875
-0.17608642578125 0.0171051025390625 -0.0601234436035156 -0.0493125915527344
-0.0971832275390625 0.0370864868164063 0.149993896484375 -0.235504150390625
-0.144180297851562 0.118209838867188 0.3154296875 -0.13055419921875
-0.49322509765625 0.10980224609375 0.62677001953125 0.0615234375
-0.397857666015625 0.09423828125 0.13519287109375 0.0528793334960938
-0.43133544921875 0.20703125 0.13458251953125 0.34991455078125
-0.295318603515625 0.2889404296875 0.41033935546875 0.224884033203125
-0.213958740234375 0.384368896484375 0.26397705078125 -0.00305175781249998
0.06463623046875 0.424346923828125 0.171722412109375 0.0138702392578125
0.240875244140625 0.334930419921875 0.137825012207031 0.0948028564453125
0.21185302734375 0.29705810546875 0.127975463867188 0.150772094726563
0.265609741210938 0.260665893554688 0.165725708007813 0.2213134765625
0.1624755859375 0.277084350585938 0.104171752929688 0.212905883789063
0.0418701171875 0.317962646484375 0.018829345703125 0.145278930664063
-0.080718994140625 0.2940673828125 -0.033660888671875 0.0842514038085938
-0.282501220703125 0.189666748046875 -0.0772705078125 -0.0417938232421875
-0.295257568359375 0.148040771484375 0.104461669921875 -0.209976196289063
-0.38555908203125 0.120697021484375 0.225753784179688 -0.116775512695313
-0.67364501953125 0.0300903320312501 0.4283447265625 0.117401123046875
-0.61639404296875 0.0931396484375 0.0252227783203125 0.139251708984375
-0.5989990234375 0.33203125 0.12982177734375 0.3690185546875
-0.331298828125 0.430877685546875 0.436187744140625 0.171295166015625
-0.211883544921875 0.469512939453125 0.266220092773437 -0.112396240234375
0.0763549804687501 0.482757568359375 0.120986938476563 -0.128379821777344
0.260772705078125 0.392791748046875 0.0228843688964844 -0.0298347473144531
0.24462890625 0.362579345703125 0.0109443664550781 0.0525093078613281
0.31591796875 0.322479248046875 0.07196044921875 0.138214111328125
0.2117919921875 0.33251953125 0.0420913696289063 0.137588500976563
0.095428466796875 0.40447998046875 -0.0226669311523437 0.109001159667969
-0.030975341796875 0.4283447265625 -0.0587959289550781 0.0689697265625
-0.35260009765625 0.368408203125 -0.109474182128906 -0.0434494018554688
-0.460052490234375 0.273193359375 0.0426025390625 -0.163314819335937
-0.58526611328125 0.12567138671875 0.077178955078125 -0.0867767333984375
-0.73529052734375 -0.0529785156250001 0.195709228515625 0.147903442382813
-0.706298828125 0.0755615234374999 -0.0913848876953126 0.218429565429687
-0.63116455078125 0.39215087890625 0.131317138671875 0.35357666015625
-0.28314208984375 0.48004150390625 0.41943359375 0.08258056640625
-0.156158447265625 0.453643798828125 0.239669799804687 -0.223587036132812
0.079681396484375 0.448455810546875 0.0514068603515625 -0.269424438476563
0.2427978515625 0.38299560546875 -0.099334716796875 -0.158035278320313
0.239288330078125 0.372222900390625 -0.109100341796875 -0.0541305541992188
0.315673828125 0.3431396484375 -0.0407333374023437 0.0400505065917969
0.221221923828125 0.3548583984375 -0.0466194152832031 0.0486335754394531
0.122955322265625 0.444915771484375 -0.0892562866210937 0.0603408813476563
0.00839233398437505 0.513336181640625 -0.105987548828125 0.0407638549804688
-0.389923095703125 0.499786376953125 -0.1455078125 -0.0511016845703125
-0.5703125 0.36163330078125 -0.0325775146484375 -0.090789794921875
-0.7091064453125 0.11236572265625 -0.121467590332031 -0.043243408203125
-0.68463134765625 -0.1063232421875 -0.0244140625 0.156265258789063
-0.667724609375 0.0642089843749999 -0.182266235351562 0.270294189453125
-0.523651123046875 0.388153076171875 0.13287353515625 0.3006591796875
-0.1636962890625 0.42388916015625 0.35736083984375 -0.00970458984374997
-0.072113037109375 0.342071533203125 0.18585205078125 -0.29730224609375
0.070587158203125 0.33148193359375 -0.023162841796875 -0.36859130859375
0.18865966796875 0.310455322265625 -0.209243774414063 -0.262786865234375
0.196685791015625 0.323089599609375 -0.215499877929687 -0.152740478515625
0.25970458984375 0.314178466796875 -0.155349731445313 -0.0623321533203125
0.184783935546875 0.32086181640625 -0.140556335449219 -0.0466156005859375
0.113494873046875 0.407623291015625 -0.1639404296875 0.000762939453125025
0.024139404296875 0.506195068359375 -0.167251586914063 -0.00575256347656244
-0.395904541015625 0.53472900390625 -0.178131103515625 -0.074951171875
-0.61053466796875 0.36529541015625 -0.111175537109375 -0.0137863159179687
-0.7301025390625 0.0639038085937501 -0.341400146484375 0.000915527343750031
-0.5418701171875 -0.122039794921875 -0.196014404296875 0.15142822265625
-0.530853271484375 0.0711059570312499 -0.229034423828125 0.289093017578125
-0.331298828125 0.338165283203125 0.126785278320312 0.22589111328125
-0.0230712890625 0.2982177734375 0.262954711914063 -0.0782012939453125
0.00613403320312499 0.178192138671875 0.120025634765625 -0.314361572265625
0.0420989990234375 0.176223754882812 -0.08685302734375 -0.403717041015625
0.107864379882812 0.19732666015625 -0.288238525390625 -0.326446533203125
0.124053955078125 0.222259521484375 -0.292938232421875 -0.22906494140625
0.1600341796875 0.228057861328125 -0.2467041015625 -0.155975341796875
0.113845825195312 0.221755981445313 -0.21380615234375 -0.134262084960937
0.08612060546875 0.289825439453125 -0.222152709960937 -0.0605926513671875
0.031768798828125 0.408843994140625 -0.22650146484375 -0.0682525634765625
-0.352996826171875 0.466278076171875 -0.200088500976563 -0.124176025390625
-0.5628662109375 0.27874755859375 -0.181182861328125 0.0389556884765625
-0.63153076171875 -0.01702880859375 -0.55072021484375 0.0272216796875
-0.341583251953125 -0.1107177734375 -0.30145263671875 0.145660400390625
-0.339019775390625 0.0820007324218749 -0.234344482421875 0.28436279296875
-0.1234130859375 0.256179809570313 0.113784790039063 0.15045166015625
0.08734130859375 0.149261474609375 0.16680908203125 -0.111892700195313
0.0518913269042969 0.0139122009277344 0.063690185546875 -0.287994384765625
-0.00383758544921875 0.0241069793701172 -0.1297607421875 -0.390228271484375
0.00996398925781249 0.0693893432617188 -0.326934814453125 -0.345855712890625
0.0348892211914063 0.0876388549804688 -0.32891845703125 -0.270782470703125
0.0411453247070313 0.0961456298828125 -0.294952392578125 -0.220458984375
0.0417633056640625 0.0708770751953125 -0.24676513671875 -0.190399169921875
0.0714950561523438 0.11651611328125 -0.254562377929688 -0.102554321289062
0.0600128173828125 0.2467041015625 -0.27197265625 -0.135116577148438
-0.24359130859375 0.328033447265625 -0.204742431640625 -0.19305419921875
-0.415313720703125 0.135498046875 -0.226455688476563 0.0519256591796875
-0.4188232421875 -0.103485107421875 -0.7037353515625 0.0193481445312499
0.0883026123046875 0.138694763183594 0.7401123046875 -0.0872802734375
0.170272827148437 -0.0520477294921875 0.232254028320312 -0.0672454833984375
0.013702392578125 -0.155426025390625 0.17877197265625 0.224639892578125
-0.119331359863281 -0.085601806640625 0.3236083984375 0.187744140625
-0.116531372070312 0.06427001953125 0.228240966796875 0.104385375976563
0.0183563232421875 0.111366271972656 0.217071533203125 0.167648315429688
0.0856094360351563 0.0694351196289063 0.28509521484375 0.22265625
0.0609931945800781 0.055328369140625 0.28704833984375 0.2576904296875
0.0848846435546875 0.0543441772460938 0.26727294921875 0.320037841796875
0.0398712158203125 0.108100891113281 0.143951416015625 0.323699951171875
-0.0493087768554687 0.0994949340820312 0.02069091796875 0.213424682617188
-0.115760803222656 0.00529479980468751 -0.0656814575195312 0.098236083984375
-0.0338363647460938 -0.109588623046875 -0.0618896484375 -0.076751708984375
0.11541748046875 -0.0346908569335937 0.170700073242187 -0.254287719726563
0.109169006347656 0.122917175292969 0.33245849609375 -0.13885498046875
-0.212738037109375 0.152984619140625 0.72479248046875 -0.0286865234375
-0.1048583984375 0.04620361328125 0.20428466796875 -0.0252227783203125
-0.195571899414063 0.0368804931640625 0.1556396484375 0.290191650390625
-0.205673217773438 0.102676391601562 0.3665771484375 0.2161865234375
-0.166351318359375 0.238510131835938 0.242599487304688 0.0695953369140625
0.0544586181640625 0.280349731445313 0.199264526367188 0.114425659179688
0.180892944335938 0.207168579101562 0.227279663085938 0.180007934570313
0.146804809570313 0.18182373046875 0.223052978515625 0.218276977539063
0.181121826171875 0.158340454101563 0.232376098632813 0.277191162109375
0.099090576171875 0.19268798828125 0.135604858398438 0.268829345703125
-0.00965881347656249 0.206756591796875 0.030670166015625 0.173019409179688
-0.111526489257812 0.141860961914063 -0.0351943969726563 0.09039306640625
-0.16925048828125 0.020538330078125 -0.0587120056152344 -0.0493888854980469
-0.0896987915039062 0.0347824096679688 0.142379760742188 -0.236740112304688
-0.135307312011719 0.116317749023438 0.306396484375 -0.132965087890625
-0.4754638671875 0.113067626953125 0.6099853515625 0.04302978515625
-0.38494873046875 0.093994140625 0.131599426269531 0.0446853637695313
-0.41668701171875 0.209442138671875 0.13702392578125 0.339111328125
-0.285186767578125 0.28619384765625 0.40478515625 0.20892333984375
-0.202056884765625 0.383148193359375 0.256210327148438 -0.00650024414062498
0.0716552734375 0.41033935546875 0.165496826171875 0.00941467285156252
0.24200439453125 0.31646728515625 0.133979797363281 0.091400146484375
0.21173095703125 0.284332275390625 0.126449584960938 0.146759033203125
0.263442993164063 0.243484497070312 0.168136596679688 0.214141845703125
0.161651611328125 0.26324462890625 0.10400390625 0.207046508789063
0.04632568359375 0.305419921875 0.0171661376953125 0.140838623046875
-0.074249267578125 0.283843994140625 -0.0320587158203125 0.0815353393554688
-0.268402099609375 0.188796997070313 -0.0756607055664063 -0.0414047241210937
-0.279266357421875 0.146347045898437 0.099029541015625 -0.211715698242188
-0.370452880859375 0.123931884765625 0.221176147460938 -0.118881225585937
-0.6524658203125 0.0364990234375001 0.41961669921875 0.1024169921875
-0.6004638671875 0.0975341796874999 0.0263214111328125 0.131141662597656
-0.575439453125 0.3365478515625 0.131256103515625 0.359283447265625
-0.31671142578125 0.422454833984375 0.426788330078125 0.157470703125
-0.197296142578125 0.466094970703125 0.255386352539063 -0.113174438476562
0.082611083984375 0.46771240234375 0.112846374511719 -0.129371643066406
0.2620849609375 0.37286376953125 0.0187053680419922 -0.0271625518798828
0.24468994140625 0.34716796875 0.0105438232421875 0.0545806884765625
0.31109619140625 0.303466796875 0.0748214721679688 0.133834838867188
0.208740234375 0.31719970703125 0.0419235229492188 0.134559631347656
0.0985107421875 0.388946533203125 -0.0229568481445312 0.107009887695313
-0.0228271484375 0.41363525390625 -0.0567626953125 0.0675201416015625
-0.332733154296875 0.365509033203125 -0.106315612792969 -0.0429229736328125
-0.4371337890625 0.270751953125 0.040496826171875 -0.165618896484375
-0.56591796875 0.13323974609375 0.0780029296875 -0.0865631103515625
-0.7181396484375 -0.0419921875000001 0.191909790039063 0.135589599609375
-0.6883544921875 0.0830078125000001 -0.0857696533203125 0.211532592773438
-0.60479736328125 0.3961181640625 0.132598876953125 0.345672607421875
-0.2664794921875 0.46856689453125 0.411865234375 0.0726318359375
-0.1446533203125 0.44775390625 0.22821044921875 -0.221054077148437
0.08465576171875 0.433868408203125 0.0435028076171875 -0.265274047851562
0.2435302734375 0.36395263671875 -0.102737426757812 -0.149490356445313
0.240142822265625 0.3572998046875 -0.108512878417969 -0.046966552734375
0.311767578125 0.3255615234375 -0.0382232666015625 0.0400466918945313
0.218597412109375 0.337371826171875 -0.0456771850585937 0.0495986938476563
0.126739501953125 0.42620849609375 -0.0883865356445312 0.0617904663085938
0.01776123046875 0.4945068359375 -0.103187561035156 0.0406417846679688
-0.36773681640625 0.491119384765625 -0.141433715820313 -0.050323486328125
-0.543701171875 0.35833740234375 -0.0302581787109375 -0.0931549072265625
-0.6884765625 0.1226806640625 -0.114044189453125 -0.040924072265625
-0.6693115234375 -0.0946655273437501 -0.0223236083984375 0.146560668945313
-0.64947509765625 0.0749511718749999 -0.172409057617188 0.264266967773438
-0.499481201171875 0.3892822265625 0.1326904296875 0.29351806640625
-0.149688720703125 0.411773681640625 0.3470458984375 -0.0142822265625
-0.065216064453125 0.335418701171875 0.17486572265625 -0.291595458984375
0.071746826171875 0.32073974609375 -0.032501220703125 -0.360321044921875
0.1885986328125 0.295379638671875 -0.210784912109375 -0.249099731445313
0.1968994140625 0.310211181640625 -0.213455200195312 -0.140899658203125
0.257232666015625 0.297760009765625 -0.152053833007813 -0.057708740234375
0.1812744140625 0.306243896484375 -0.139289855957031 -0.0421066284179688
0.1148681640625 0.3912353515625 -0.16058349609375 0.00541687011718755
0.033233642578125 0.48944091796875 -0.162368774414063 -0.00274658203124999
-0.3704833984375 0.52685546875 -0.173934936523438 -0.073272705078125
-0.58514404296875 0.36297607421875 -0.104660034179688 -0.0160369873046875
-0.71014404296875 0.0761108398437499 -0.327178955078125 0.00662231445312497
-0.531982421875 -0.112579345703125 -0.18988037109375 0.145477294921875
-0.514862060546875 0.080780029296875 -0.216278076171875 0.28619384765625
-0.309722900390625 0.33624267578125 0.126602172851562 0.2198486328125
-0.014312744140625 0.28485107421875 0.253921508789062 -0.0787200927734375
0.00683593749999999 0.173202514648437 0.110382080078125 -0.307159423828125
0.0405120849609375 0.17095947265625 -0.093994140625 -0.393341064453125
0.107528686523437 0.187240600585938 -0.2880859375 -0.309844970703125
0.12396240234375 0.214202880859375 -0.29052734375 -0.212646484375
0.157638549804688 0.219223022460938 -0.24383544921875 -0.14678955078125
0.11053466796875 0.212051391601563 -0.211349487304688 -0.12664794921875
0.0866546630859375 0.277908325195313 -0.218536376953125 -0.0540771484375
0.038787841796875 0.39337158203125 -0.220794677734375 -0.0621337890625
-0.33099365234375 0.460845947265625 -0.1966552734375 -0.11956787109375
-0.543548583984375 0.2794189453125 -0.170639038085938 0.038360595703125
-0.61749267578125 -0.00549316406250003 -0.528564453125 0.0374450683593751
-0.337890625 -0.10357666015625 -0.29327392578125 0.14276123046875
-0.328460693359375 0.08935546875 -0.22186279296875 0.28302001953125
-0.109970092773437 0.2515869140625 0.112625122070312 0.145828247070313
0.08941650390625 0.13836669921875 0.160003662109375 -0.109359741210937
0.0481147766113281 0.0123672485351563 0.0568389892578125 -0.280349731445313
-0.00630378723144531 0.0251083374023438 -0.13421630859375 -0.3792724609375
0.0103302001953125 0.066314697265625 -0.3251953125 -0.3282470703125
0.033782958984375 0.084747314453125 -0.325836181640625 -0.2542724609375
0.03857421875 0.09405517578125 -0.292144775390625 -0.208770751953125
0.0383720397949219 0.0670547485351563 -0.244308471679688 -0.181747436523437
0.0696945190429688 0.109733581542969 -0.24896240234375 -0.0952606201171875
0.06390380859375 0.236328125 -0.2664794921875 -0.1258544921875
-0.228546142578125 0.324615478515625 -0.202285766601563 -0.185501098632812
-0.403045654296875 0.137786865234375 -0.214553833007813 0.0532684326171875
-0.410736083984375 -0.0921630859375001 -0.67913818359375 0.0324096679687499
0.09466552734375 0.136116027832031 0.73162841796875 -0.09197998046875
0.169815063476563 -0.056488037109375 0.227890014648438 -0.06842041015625
0.0117950439453125 -0.15655517578125 0.179534912109375 0.219375610351563
-0.121803283691406 -0.0833969116210938 0.321929931640625 0.18243408203125
-0.114662170410156 0.0676193237304688 0.226226806640625 0.1041259765625
0.0225982666015625 0.10858154296875 0.216156005859375 0.16802978515625
0.0884552001953125 0.06640625 0.282135009765625 0.220916748046875
0.0615348815917969 0.0541305541992188 0.286163330078125 0.25439453125
0.0864486694335938 0.0512619018554688 0.269500732421875 0.3170166015625
0.0431442260742188 0.106307983398438 0.143798828125 0.321563720703125
-0.0467681884765625 0.10052490234375 0.0184326171875 0.209701538085938
-0.116294860839844 0.00699615478515627 -0.0665817260742188 0.095947265625
-0.0335845947265625 -0.107749938964844 -0.0620880126953125 -0.0775909423828125
0.116561889648438 -0.0367279052734375 0.168136596679688 -0.2576904296875
0.111465454101562 0.120155334472656 0.330963134765625 -0.138275146484375
-0.205612182617187 0.150436401367187 0.718505859375 -0.0343017578125
-0.103950500488281 0.0416946411132812 0.199539184570313 -0.02886962890625
-0.195205688476563 0.036346435546875 0.15582275390625 0.2867431640625
-0.206253051757813 0.102737426757813 0.36492919921875 0.21044921875
-0.163589477539063 0.243026733398438 0.239517211914063 0.0684661865234375
0.0583648681640625 0.275726318359375 0.197555541992188 0.113418579101563
0.1827392578125 0.20220947265625 0.224227905273438 0.179168701171875
0.147842407226563 0.179672241210938 0.2230224609375 0.217361450195312
0.18115234375 0.152969360351563 0.2347412109375 0.275558471679687
0.099945068359375 0.188888549804688 0.1353759765625 0.267486572265625
-0.00843811035156252 0.204910278320313 0.02783203125 0.171279907226563
-0.111175537109375 0.141357421875 -0.0359268188476563 0.0891036987304688
-0.167312622070313 0.02069091796875 -0.0585136413574219 -0.0508651733398437
-0.0849838256835938 0.0324478149414062 0.140945434570313 -0.241180419921875
-0.13214111328125 0.114288330078125 0.30615234375 -0.133270263671875
-0.4698486328125 0.11114501953125 0.60626220703125 0.03704833984375
-0.383941650390625 0.0896301269531249 0.128486633300781 0.0405426025390625
-0.414031982421875 0.209442138671875 0.1365966796875 0.337890625
-0.28515625 0.282806396484375 0.40380859375 0.20404052734375
-0.19866943359375 0.38702392578125 0.252670288085938 -0.00730895996093748
0.075592041015625 0.4049072265625 0.163070678710938 0.00752258300781252
0.241790771484375 0.3106689453125 0.131645202636719 0.092681884765625
0.212432861328125 0.281082153320312 0.125350952148438 0.148025512695313
0.262191772460938 0.238037109375 0.169601440429688 0.212249755859375
0.15960693359375 0.258621215820312 0.103363037109375 0.206146240234375
0.045989990234375 0.301483154296875 0.0143051147460937 0.140182495117188
-0.074005126953125 0.280593872070313 -0.0327606201171875 0.07977294921875
-0.263412475585938 0.187301635742188 -0.0753021240234375 -0.0436248779296875
-0.272308349609375 0.142929077148438 0.0981597900390625 -0.2161865234375
-0.365386962890625 0.122711181640625 0.222366333007813 -0.119918823242188
-0.64886474609375 0.0359497070312501 0.41583251953125 0.09527587890625
-0.59613037109375 0.096435546875 0.0250473022460937 0.125617980957031
-0.57080078125 0.33709716796875 0.1298828125 0.362457275390625
-0.31365966796875 0.41717529296875 0.4254150390625 0.15325927734375
-0.19354248046875 0.466522216796875 0.2518310546875 -0.11322021484375
0.0843200683593749 0.463226318359375 0.109580993652344 -0.131370544433594
0.26177978515625 0.3653564453125 0.0162696838378906 -0.0243186950683594
0.24530029296875 0.346038818359375 0.00961685180664064 0.0577621459960938
0.30889892578125 0.297271728515625 0.0765914916992188 0.132827758789063
0.20489501953125 0.31304931640625 0.0408935546875 0.135337829589844
0.099273681640625 0.3828125 -0.0255966186523437 0.107833862304688
-0.02197265625 0.408416748046875 -0.0572547912597656 0.0664787292480469
-0.326934814453125 0.36163330078125 -0.106719970703125 -0.0457534790039062
-0.42828369140625 0.267120361328125 0.0410003662109375 -0.171188354492187
-0.561248779296875 0.133453369140625 0.0806121826171875 -0.0875701904296875
-0.71478271484375 -0.0419311523437499 0.189407348632812 0.12933349609375
-0.68505859375 0.0823364257812499 -0.0858154296875001 0.2064208984375
-0.5982666015625 0.39678955078125 0.129974365234375 0.34759521484375
-0.261962890625 0.46209716796875 0.408599853515625 0.070465087890625
-0.14202880859375 0.4493408203125 0.2244873046875 -0.220703125
0.084503173828125 0.42938232421875 0.0389251708984375 -0.26641845703125
0.2420654296875 0.35662841796875 -0.10516357421875 -0.145263671875
0.240020751953125 0.353790283203125 -0.109039306640625 -0.042022705078125
0.3104248046875 0.3194580078125 -0.0366401672363281 0.0399093627929688
0.213348388671875 0.332794189453125 -0.0465888977050781 0.0509262084960938
0.12567138671875 0.420562744140625 -0.0901641845703125 0.0634002685546875
0.01922607421875 0.487213134765625 -0.10272216796875 0.0398178100585938
-0.35986328125 0.488250732421875 -0.141128540039063 -0.0537872314453125
-0.53564453125 0.354248046875 -0.0280227661132813 -0.0986328125
-0.6845703125 0.12408447265625 -0.108901977539063 -0.0416030883789062
-0.6680908203125 -0.0952758789062501 -0.0238494873046875 0.140640258789063
-0.646484375 0.0762329101562499 -0.171737670898438 0.261276245117188
-0.488861083984375 0.390411376953125 0.130767822265625 0.2965087890625
-0.144805908203125 0.40264892578125 0.345184326171875 -0.014617919921875
-0.06402587890625 0.334259033203125 0.170745849609375 -0.289306640625
0.07000732421875 0.318145751953125 -0.0355224609375 -0.35870361328125
0.186920166015625 0.28863525390625 -0.213104248046875 -0.243392944335937
0.19622802734375 0.307373046875 -0.214080810546875 -0.136077880859375
0.25390625 0.29351806640625 -0.151412963867187 -0.0572967529296875
0.17620849609375 0.302337646484375 -0.140472412109375 -0.0408554077148438
0.114044189453125 0.38677978515625 -0.16143798828125 0.00712585449218752
0.03485107421875 0.48291015625 -0.1617431640625 -0.00262451171874994
-0.36456298828125 0.522735595703125 -0.17376708984375 -0.075347900390625
-0.57745361328125 0.35882568359375 -0.100471496582031 -0.0207138061523437
-0.70758056640625 0.0771484375000001 -0.3201904296875 0.00735473632812501
-0.532745361328125 -0.1119384765625 -0.191162109375 0.140533447265625
-0.51251220703125 0.0854187011718751 -0.21453857421875 0.283935546875
-0.3013916015625 0.335296630859375 0.124786376953125 0.221405029296875
-0.0109405517578125 0.277511596679688 0.251739501953125 -0.0779876708984375
0.0059661865234375 0.171539306640625 0.107330322265625 -0.305206298828125
0.0377655029296875 0.17041015625 -0.098358154296875 -0.392364501953125
0.1053466796875 0.183364868164063 -0.28887939453125 -0.302398681640625
0.122726440429688 0.2119140625 -0.2894287109375 -0.20745849609375
0.155364990234375 0.216995239257813 -0.243911743164062 -0.1441650390625
0.106231689453125 0.210052490234375 -0.212234497070313 -0.124847412109375
0.0841522216796875 0.274215698242188 -0.217849731445313 -0.05120849609375
0.03948974609375 0.387939453125 -0.21966552734375 -0.0616607666015625
-0.32489013671875 0.457733154296875 -0.196273803710938 -0.121017456054687
-0.538818359375 0.278411865234375 -0.165542602539063 0.0354766845703125
-0.61602783203125 -0.00427246093749987 -0.5206298828125 0.0393981933593751
-0.339385986328125 -0.102569580078125 -0.2940673828125 0.13861083984375
-0.3265380859375 0.0932312011718751 -0.21820068359375 0.282684326171875
-0.102920532226562 0.249954223632812 0.112640380859375 0.146331787109375
0.0910263061523438 0.131858825683594 0.157958984375 -0.106948852539063
0.0458984375 0.0114173889160156 0.054779052734375 -0.278106689453125
-0.00894927978515625 0.0267925262451172 -0.135833740234375 -0.377044677734375
0.0087127685546875 0.0652427673339844 -0.3260498046875 -0.3231201171875
0.0324020385742187 0.0840911865234375 -0.324981689453125 -0.249114990234375
0.0363006591796875 0.0948944091796875 -0.29327392578125 -0.20556640625
0.0343093872070313 0.0664787292480469 -0.244766235351563 -0.1800537109375
0.0677261352539062 0.106552124023438 -0.247573852539063 -0.0930023193359375
0.06494140625 0.232742309570313 -0.265213012695313 -0.123336791992187
-0.223876953125 0.324066162109375 -0.20306396484375 -0.185989379882812
-0.40325927734375 0.139007568359375 -0.208709716796875 0.0523529052734375
-0.411651611328125 -0.0905456542968749 -0.6702880859375 0.0350952148437501
0.104415893554688 0.134925842285156 0.741455078125 -0.10394287109375
0.172195434570312 -0.064971923828125 0.22698974609375 -0.0730133056640625
0.00805664062499999 -0.16180419921875 0.184051513671875 0.218795776367188
-0.128318786621094 -0.082244873046875 0.329986572265625 0.17840576171875
-0.114601135253906 0.07452392578125 0.230178833007813 0.104354858398438
0.0276870727539062 0.107795715332031 0.221054077148438 0.16961669921875
0.0931549072265625 0.0636367797851563 0.28948974609375 0.222564697265625
0.0654487609863281 0.0537528991699219 0.294891357421875 0.2554931640625
0.0894622802734375 0.0481719970703125 0.282196044921875 0.320587158203125
0.0484237670898438 0.10614013671875 0.150543212890625 0.32708740234375
-0.045013427734375 0.10455322265625 0.0178680419921875 0.210769653320313
-0.1195068359375 0.0103378295898437 -0.06787109375 0.0977096557617188
-0.0356826782226562 -0.108932495117188 -0.0638961791992188 -0.0787811279296875
0.119590759277344 -0.0414352416992188 0.167587280273438 -0.267898559570313
0.118507385253906 0.120079040527344 0.336395263671875 -0.1436767578125
-0.2027587890625 0.152587890625 0.7303466796875 -0.04461669921875
-0.105987548828125 0.0383148193359375 0.199386596679688 -0.0340576171875
-0.199951171875 0.03802490234375 0.161041259765625 0.29083251953125
-0.212692260742188 0.107635498046875 0.373687744140625 0.207366943359375
-0.162857055664062 0.25421142578125 0.243423461914062 0.0676116943359375
0.06463623046875 0.277587890625 0.201171875 0.112777709960938
0.189117431640625 0.19970703125 0.229095458984375 0.182708740234375
0.153976440429688 0.179977416992188 0.228256225585938 0.219940185546875
0.185928344726563 0.150360107421875 0.244705200195313 0.27838134765625
0.104217529296875 0.1890869140625 0.140350341796875 0.272628784179688
-0.00595092773437502 0.208389282226563 0.0264434814453125 0.173980712890625
-0.11279296875 0.144378662109375 -0.0365142822265625 0.0897216796875
-0.168167114257813 0.02227783203125 -0.0601119995117188 -0.053192138671875
-0.0835952758789063 0.0292510986328125 0.1397705078125 -0.251708984375
-0.130706787109375 0.116401672363281 0.31195068359375 -0.139404296875
-0.475372314453125 0.116241455078125 0.61614990234375 0.0264892578125
-0.390472412109375 0.091278076171875 0.1282958984375 0.0357131958007813
-0.41888427734375 0.21856689453125 0.14105224609375 0.346466064453125
-0.290008544921875 0.289093017578125 0.41351318359375 0.199462890625
-0.197235107421875 0.40155029296875 0.255630493164063 -0.01043701171875
0.082489013671875 0.409271240234375 0.16363525390625 0.00428771972656252
0.24896240234375 0.3094482421875 0.133598327636719 0.0958404541015625
0.221160888671875 0.28399658203125 0.12908935546875 0.153533935546875
0.268157958984375 0.234451293945313 0.177902221679688 0.214401245117188
0.16302490234375 0.258834838867188 0.106918334960938 0.210983276367188
0.04931640625 0.304931640625 0.013092041015625 0.143081665039063
-0.07275390625 0.283782958984375 -0.0337753295898438 0.0814056396484375
-0.2647705078125 0.192398071289062 -0.0775527954101563 -0.046630859375
-0.272125244140625 0.1435546875 0.0970458984375 -0.2274169921875
-0.369598388671875 0.1263427734375 0.226974487304687 -0.125457763671875
-0.66168212890625 0.0418701171874999 0.423980712890625 0.08697509765625
-0.60736083984375 0.09979248046875 0.0241470336914062 0.123214721679687
-0.5770263671875 0.35137939453125 0.1351318359375 0.37255859375
-0.3160400390625 0.425506591796875 0.43621826171875 0.14923095703125
-0.19073486328125 0.48223876953125 0.254196166992188 -0.118804931640625
0.089996337890625 0.46746826171875 0.107467651367188 -0.136207580566406
0.267974853515625 0.365570068359375 0.0142250061035156 -0.0215988159179687
0.25439453125 0.34814453125 0.00988006591796876 0.0627365112304688
0.31695556640625 0.294586181640625 0.0811233520507813 0.134254455566406
0.208740234375 0.314483642578125 0.0424423217773438 0.138496398925781
0.1026611328125 0.386199951171875 -0.0277175903320313 0.111549377441406
-0.019866943359375 0.4117431640625 -0.0582084655761719 0.0675277709960938
-0.328033447265625 0.368133544921875 -0.110595703125 -0.049072265625
-0.4307861328125 0.272552490234375 0.0399169921875 -0.181182861328125
-0.57196044921875 0.1407470703125 0.0843963623046875 -0.092559814453125
-0.73065185546875 -0.037109375 0.193588256835937 0.124588012695312
-0.69927978515625 0.0891723632812499 -0.0871734619140626 0.207199096679688
-0.600830078125 0.412841796875 0.1351318359375 0.360382080078125
-0.26177978515625 0.46856689453125 0.4169921875 0.067962646484375
-0.138397216796875 0.46124267578125 0.225265502929688 -0.226760864257812
0.0885009765625 0.43511962890625 0.03326416015625 -0.27349853515625
0.248382568359375 0.35614013671875 -0.111190795898437 -0.1436767578125
0.248687744140625 0.35760498046875 -0.111968994140625 -0.0372467041015625
0.31646728515625 0.31878662109375 -0.0367431640625 0.0411643981933594
0.216583251953125 0.335296630859375 -0.0478248596191406 0.0532684326171875
0.1307373046875 0.42431640625 -0.0921707153320313 0.0673599243164063
0.0242614746093751 0.49212646484375 -0.104721069335938 0.0410079956054688
-0.359100341796875 0.498870849609375 -0.146331787109375 -0.0567169189453125
-0.53955078125 0.363494873046875 -0.0286941528320313 -0.106422424316406
-0.69805908203125 0.1319580078125 -0.108230590820313 -0.04278564453125
-0.68475341796875 -0.09075927734375 -0.0254364013671875 0.138923645019531
-0.65692138671875 0.0844726562499999 -0.172866821289063 0.264923095703125
-0.490234375 0.403839111328125 0.13470458984375 0.305694580078125
-0.14227294921875 0.4071044921875 0.35076904296875 -0.017822265625
-0.06097412109375 0.341644287109375 0.1685791015625 -0.29571533203125
0.072235107421875 0.32196044921875 -0.043609619140625 -0.366119384765625
0.190704345703125 0.288055419921875 -0.221969604492188 -0.242416381835937
0.202423095703125 0.31036376953125 -0.219711303710937 -0.131271362304687
0.25958251953125 0.295166015625 -0.155517578125 -0.0564727783203125
0.17852783203125 0.30499267578125 -0.14453125 -0.0394287109375
0.11767578125 0.38916015625 -0.164703369140625 0.011322021484375
0.04083251953125 0.4879150390625 -0.164703369140625 -0.0017547607421875
-0.36175537109375 0.535919189453125 -0.18011474609375 -0.0787200927734375
-0.58441162109375 0.37066650390625 -0.100418090820313 -0.0252532958984375
-0.72161865234375 0.08465576171875 -0.322265625 0.00964355468750006
-0.546875 -0.108062744140625 -0.195877075195313 0.140533447265625
-0.520263671875 0.092193603515625 -0.21533203125 0.29046630859375
-0.298675537109375 0.345672607421875 0.12884521484375 0.22747802734375
-0.00660705566406247 0.276519775390625 0.255294799804688 -0.079193115234375
0.00743103027343751 0.173919677734375 0.104095458984375 -0.309783935546875
0.0375213623046875 0.173309326171875 -0.106689453125 -0.3988037109375
0.106521606445313 0.183074951171875 -0.2996826171875 -0.3017578125
0.126144409179688 0.214202880859375 -0.29876708984375 -0.204254150390625
0.158126831054688 0.219741821289063 -0.25164794921875 -0.143630981445313
0.105621337890625 0.21246337890625 -0.2188720703125 -0.124969482421875
0.086029052734375 0.275421142578125 -0.222122192382813 -0.0485687255859375
0.0458984375 0.391876220703125 -0.223861694335938 -0.060760498046875
-0.325347900390625 0.47021484375 -0.202987670898438 -0.123779296875
-0.546417236328125 0.287872314453125 -0.164718627929688 0.0337066650390625
-0.62994384765625 0.00109863281250013 -0.526336669921875 0.0458984375000001
-0.350616455078125 -0.10162353515625 -0.30072021484375 0.1405029296875
-0.330352783203125 0.10137939453125 -0.218719482421875 0.290008544921875
-0.09661865234375 0.255325317382813 0.115829467773438 0.1497802734375
0.0948486328125 0.127761840820313 0.15899658203125 -0.107742309570312
0.0452384948730469 0.0102882385253906 0.051422119140625 -0.282745361328125
-0.01141357421875 0.0290966033935547 -0.142913818359375 -0.382904052734375
0.00809097290039063 0.0653610229492187 -0.335601806640625 -0.321075439453125
0.031951904296875 0.0854110717773438 -0.3333740234375 -0.24761962890625
0.0354080200195313 0.097991943359375 -0.302215576171875 -0.20513916015625
0.0311851501464844 0.0668067932128906 -0.251922607421875 -0.1815185546875
0.067657470703125 0.10552978515625 -0.251663208007812 -0.0912017822265625
0.0697784423828125 0.232894897460937 -0.27191162109375 -0.123245239257813
-0.2218017578125 0.33258056640625 -0.210708618164062 -0.188934326171875
-0.412567138671875 0.146453857421875 -0.207305908203125 0.05279541015625
-0.42181396484375 -0.0891418457031249 -0.67767333984375 0.0444335937500001
0.117927551269531 0.132492065429688 0.75396728515625 -0.134521484375
0.172744750976563 -0.0776519775390625 0.225067138671875 -0.082183837890625
-0.0011749267578125 -0.168060302734375 0.195724487304688 0.216201782226563
-0.138427734375 -0.0779647827148438 0.34271240234375 0.166595458984375
-0.113449096679688 0.08447265625 0.2391357421875 0.0977325439453125
0.035675048828125 0.10638427734375 0.232986450195312 0.166717529296875
0.099884033203125 0.0583038330078125 0.30535888671875 0.22039794921875
0.07135009765625 0.0516586303710938 0.311370849609375 0.251678466796875
0.09478759765625 0.043121337890625 0.30291748046875 0.317291259765625
0.0567550659179687 0.106338500976562 0.16619873046875 0.330230712890625
-0.0410232543945312 0.110343933105469 0.0219268798828125 0.215087890625
-0.123664855957031 0.0170745849609375 -0.0672531127929688 0.101493835449219
-0.0405654907226563 -0.110435485839844 -0.0687942504882813 -0.0800094604492188
0.122512817382813 -0.0494842529296875 0.16082763671875 -0.285247802734375
0.128326416015625 0.118888854980469 0.342315673828125 -0.158355712890625
-0.198043823242188 0.161148071289063 0.7451171875 -0.07366943359375
-0.109291076660156 0.0375747680664062 0.198196411132812 -0.043182373046875
-0.205795288085938 0.04498291015625 0.174346923828125 0.295013427734375
-0.218719482421875 0.117767333984375 0.388153076171875 0.195343017578125
-0.156021118164062 0.271163940429688 0.250595092773438 0.0601654052734375
0.077911376953125 0.279922485351563 0.208938598632812 0.108535766601563
0.201583862304687 0.194778442382812 0.241653442382813 0.181961059570313
0.165664672851563 0.17901611328125 0.243011474609375 0.219940185546875
0.1961669921875 0.143875122070313 0.2640380859375 0.276687622070313
0.113922119140625 0.1888427734375 0.153457641601563 0.274856567382813
0.000640869140625017 0.21368408203125 0.029052734375 0.176681518554688
-0.112747192382813 0.151947021484375 -0.0357131958007813 0.0920562744140625
-0.172286987304687 0.02801513671875 -0.0644073486328125 -0.054412841796875
-0.0821304321289063 0.029296875 0.13214111328125 -0.26873779296875
-0.127754211425781 0.122787475585938 0.3167724609375 -0.154541015625
-0.48089599609375 0.131622314453125 0.6318359375 0.00201416015625001
-0.4000244140625 0.10260009765625 0.128089904785156 0.0293502807617188
-0.422454833984375 0.23974609375 0.1588134765625 0.35516357421875
-0.29022216796875 0.306182861328125 0.429962158203125 0.18768310546875
-0.185333251953125 0.4239501953125 0.259994506835938 -0.0205078125
0.100616455078125 0.41455078125 0.164749145507813 -0.00354003906249998
0.26519775390625 0.3040771484375 0.139602661132813 0.0959854125976563
0.23779296875 0.28216552734375 0.138381958007813 0.156005859375
0.282073974609375 0.228057861328125 0.191940307617188 0.212966918945313
0.174240112304688 0.258636474609375 0.11663818359375 0.214279174804688
0.05963134765625 0.309539794921875 0.0153656005859375 0.147171020507813
-0.0662841796875 0.291351318359375 -0.0321731567382813 0.08294677734375
-0.264312744140625 0.20379638671875 -0.0830612182617188 -0.0469741821289063
-0.271713256835938 0.152099609375 0.0892333984375 -0.243209838867188
-0.373870849609375 0.14215087890625 0.230255126953125 -0.13848876953125
-0.67694091796875 0.06524658203125 0.436859130859375 0.06988525390625
-0.6214599609375 0.12054443359375 0.0247268676757812 0.121620178222656
-0.577392578125 0.38336181640625 0.1539306640625 0.384246826171875
-0.311798095703125 0.4464111328125 0.450897216796875 0.136383056640625
-0.177520751953125 0.505828857421875 0.254608154296875 -0.131500244140625
0.108123779296875 0.47381591796875 0.101730346679687 -0.146347045898437
0.286773681640625 0.3607177734375 0.012136459350586 -0.0188159942626953
0.27471923828125 0.3466796875 0.0128936767578125 0.0685615539550781
0.333770751953125 0.287261962890625 0.0885162353515625 0.134536743164063
0.220977783203125 0.31402587890625 0.0477142333984375 0.142898559570313
0.117889404296875 0.390380859375 -0.025726318359375 0.116722106933594
-0.00610351562500002 0.41949462890625 -0.0580482482910156 0.0698127746582032
-0.32073974609375 0.387542724609375 -0.118270874023438 -0.048187255859375
-0.429351806640625 0.289581298828125 0.0328369140624999 -0.19366455078125
-0.58154296875 0.16302490234375 0.084747314453125 -0.0999832153320313
-0.75201416015625 -0.013671875 0.200729370117187 0.116073608398438
-0.71514892578125 0.1136474609375 -0.0856170654296875 0.211944580078125
-0.59759521484375 0.447509765625 0.152587890625 0.3719482421875
-0.251922607421875 0.48663330078125 0.4298095703125 0.054412841796875
-0.124267578125 0.47894287109375 0.220443725585938 -0.240158081054688
0.1044921875 0.441497802734375 0.020050048828125 -0.283447265625
0.263885498046875 0.353118896484375 -0.120521545410156 -0.139350891113281
0.26812744140625 0.355865478515625 -0.116043090820312 -0.02874755859375
0.334442138671875 0.312744140625 -0.0361251831054687 0.0431137084960938
0.22808837890625 0.33599853515625 -0.0484199523925781 0.0576705932617188
0.145538330078125 0.42779541015625 -0.0931854248046875 0.074920654296875
0.0420837402343749 0.5003662109375 -0.106590270996094 0.0445480346679688
-0.348968505859375 0.5228271484375 -0.155670166015625 -0.0553741455078125
-0.540130615234375 0.38922119140625 -0.0337600708007813 -0.115036010742187
-0.7132568359375 0.1597900390625 -0.110214233398438 -0.0412445068359375
-0.70855712890625 -0.0684814453125 -0.0232543945312501 0.139305114746094
-0.67236328125 0.10870361328125 -0.17034912109375 0.275421142578125
-0.48394775390625 0.432830810546875 0.1510009765625 0.31536865234375
-0.1309814453125 0.417755126953125 0.35980224609375 -0.029266357421875
-0.048126220703125 0.3526611328125 0.16131591796875 -0.308502197265625
0.0821533203125 0.327178955078125 -0.06103515625 -0.37457275390625
0.201507568359375 0.286865234375 -0.237533569335938 -0.236434936523437
0.21868896484375 0.31085205078125 -0.229705810546875 -0.122055053710937
0.276702880859375 0.2926025390625 -0.162918090820312 -0.0518798828125
0.188720703125 0.306427001953125 -0.150848388671875 -0.033843994140625
0.132171630859375 0.393310546875 -0.169113159179688 0.0197296142578126
0.059173583984375 0.495452880859375 -0.169052124023438 0.00334167480468755
-0.35162353515625 0.562286376953125 -0.19073486328125 -0.0767822265625
-0.58770751953125 0.39910888671875 -0.102851867675781 -0.02783203125
-0.740478515625 0.1124267578125 -0.3280029296875 0.021331787109375
-0.56939697265625 -0.0931396484375 -0.198486328125 0.147171020507813
-0.5296630859375 0.11553955078125 -0.211334228515625 0.303253173828125
-0.288238525390625 0.3643798828125 0.141204833984375 0.233123779296875
0.00404357910156248 0.278152465820312 0.259109497070313 -0.08837890625
0.01434326171875 0.176834106445313 0.09454345703125 -0.319610595703125
0.041656494140625 0.176681518554687 -0.12603759765625 -0.4049072265625
0.112335205078125 0.182540893554688 -0.318939208984375 -0.29595947265625
0.135574340820313 0.215057373046875 -0.312347412109375 -0.195220947265625
0.168365478515625 0.220947265625 -0.264999389648438 -0.1375732421875
0.110794067382813 0.21484375 -0.22991943359375 -0.119552612304688
0.095672607421875 0.277999877929688 -0.228759765625 -0.0404052734375
0.061370849609375 0.397552490234375 -0.232772827148438 -0.05413818359375
-0.314697265625 0.494140625 -0.216232299804688 -0.121566772460937
-0.553680419921875 0.314361572265625 -0.164596557617188 0.036651611328125
-0.6494140625 0.0240478515625 -0.534698486328125 0.066131591796875
-0.366485595703125 -0.0913391113281249 -0.306640625 0.152496337890625
-0.33441162109375 0.118377685546875 -0.21270751953125 0.304901123046875
-0.0843048095703125 0.264068603515625 0.124786376953125 0.150588989257813
0.102828979492188 0.122650146484375 0.1597900390625 -0.112960815429688
0.0453109741210937 0.00797653198242188 0.0416259765625 -0.289886474609375
-0.0129165649414063 0.0321178436279297 -0.1632080078125 -0.38763427734375
0.00786590576171874 0.0659828186035156 -0.357696533203125 -0.31536865234375
0.0335845947265625 0.0863876342773438 -0.350738525390625 -0.239288330078125
0.0380630493164062 0.101760864257812 -0.320220947265625 -0.1983642578125
0.0300254821777344 0.0684051513671875 -0.266525268554688 -0.17724609375
0.0703811645507813 0.103752136230469 -0.260482788085938 -0.083343505859375
0.0815277099609375 0.233749389648438 -0.2838134765625 -0.1156005859375
-0.21405029296875 0.35107421875 -0.225830078125 -0.186843872070312
-0.42047119140625 0.165802001953125 -0.206268310546875 0.0589447021484375
-0.437103271484375 -0.0783691406249999 -0.6893310546875 0.0712280273437501
0.132125854492188 0.123199462890625 0.75164794921875 -0.18115234375
0.167648315429688 -0.0935821533203125 0.21795654296875 -0.094329833984375
-0.015380859375 -0.171096801757813 0.208023071289063 0.2073974609375
-0.149383544921875 -0.068267822265625 0.355316162109375 0.14739990234375
-0.108062744140625 0.0955963134765625 0.246353149414062 0.0837249755859375
0.0447235107421875 0.103439331054688 0.244232177734375 0.155609130859375
0.106246948242188 0.0500717163085938 0.3233642578125 0.207183837890625
0.076812744140625 0.046966552734375 0.329345703125 0.2362060546875
0.09979248046875 0.0344772338867188 0.330291748046875 0.301605224609375
0.0662002563476563 0.10247802734375 0.188934326171875 0.32568359375
-0.0334548950195312 0.116783142089844 0.030914306640625 0.216140747070312
-0.125900268554688 0.0267868041992187 -0.0631103515625 0.105552673339844
-0.0478744506835937 -0.109458923339844 -0.0742721557617188 -0.0787429809570313
0.121322631835937 -0.0598373413085937 0.14337158203125 -0.302459716796875
0.140823364257813 0.111831665039063 0.338531494140625 -0.17999267578125
-0.18865966796875 0.170730590820312 0.747802734375 -0.122802734375
-0.111770629882813 0.0400238037109375 0.192626953125 -0.0556640625
-0.208877563476563 0.05792236328125 0.194244384765625 0.290679931640625
-0.218643188476563 0.133712768554688 0.4029541015625 0.1729736328125
-0.13958740234375 0.28765869140625 0.255203247070313 0.044921875
0.09661865234375 0.276885986328125 0.21514892578125 0.0969390869140625
0.215133666992187 0.181838989257812 0.25537109375 0.172897338867188
0.179977416992188 0.16998291015625 0.259796142578125 0.21002197265625
0.20703125 0.130813598632813 0.286376953125 0.2623291015625
0.126510620117188 0.1837158203125 0.171890258789063 0.270294189453125
0.0129852294921875 0.21697998046875 0.0363922119140625 0.177520751953125
-0.107315063476562 0.16070556640625 -0.0319366455078125 0.094085693359375
-0.1727294921875 0.037261962890625 -0.070098876953125 -0.0526008605957031
-0.080810546875 0.0301055908203125 0.11376953125 -0.284637451171875
-0.119522094726563 0.130783081054688 0.3126220703125 -0.176116943359375
-0.477752685546875 0.1573486328125 0.63812255859375 -0.0404052734375
-0.401611328125 0.122833251953125 0.126441955566406 0.0195083618164063
-0.4161376953125 0.26910400390625 0.18402099609375 0.354095458984375
-0.280548095703125 0.326690673828125 0.44647216796875 0.1630859375
-0.1607666015625 0.444244384765625 0.259796142578125 -0.0371856689453125
0.125213623046875 0.4124755859375 0.16339111328125 -0.0141143798828125
0.28424072265625 0.288970947265625 0.147186279296875 0.092803955078125
0.257736206054688 0.2705078125 0.150588989257813 0.152435302734375
0.2972412109375 0.21124267578125 0.2078857421875 0.203872680664063
0.189071655273438 0.251846313476563 0.129898071289063 0.211334228515625
0.076873779296875 0.308563232421875 0.0214996337890625 0.14923095703125
-0.051849365234375 0.297821044921875 -0.029693603515625 0.084625244140625
-0.255294799804688 0.22064208984375 -0.0898361206054688 -0.0439071655273437
-0.264175415039062 0.165573120117188 0.07232666015625 -0.257247924804688
-0.369537353515625 0.1658935546875 0.225692749023438 -0.155364990234375
-0.681396484375 0.1024169921875 0.444000244140625 0.040679931640625
-0.62652587890625 0.15460205078125 0.0269012451171875 0.118446350097656
-0.56072998046875 0.42437744140625 0.18048095703125 0.38641357421875
-0.291839599609375 0.468414306640625 0.465911865234375 0.110748291015625
-0.146331787109375 0.524658203125 0.247573852539063 -0.147796630859375
0.137359619140625 0.4736328125 0.0895843505859375 -0.155746459960937
0.3084716796875 0.346435546875 0.0112762451171875 -0.0170774459838867
0.298797607421875 0.332427978515625 0.0188217163085938 0.072265625
0.353363037109375 0.26849365234375 0.0983734130859375 0.130783081054688
0.239227294921875 0.304718017578125 0.0561065673828125 0.14300537109375
0.139556884765625 0.3868408203125 -0.0209274291992187 0.121307373046875
0.0166015625 0.422393798828125 -0.05615234375 0.0729141235351563
-0.3026123046875 0.40911865234375 -0.126319885253906 -0.0429306030273437
-0.415924072265625 0.31451416015625 0.018585205078125 -0.204086303710937
-0.5794677734375 0.1995849609375 0.0808029174804687 -0.107101440429687
-0.76416015625 0.0293579101562498 0.2080078125 0.101455688476563
-0.71893310546875 0.15423583984375 -0.0786743164062501 0.215072631835938
-0.57598876953125 0.4901123046875 0.1802978515625 0.3740234375
-0.2271728515625 0.503936767578125 0.439178466796875 0.030242919921875
-0.0953369140625 0.49267578125 0.207244873046875 -0.25518798828125
0.130340576171875 0.439727783203125 -0.000823974609374974 -0.289764404296875
0.282989501953125 0.3414306640625 -0.131278991699219 -0.1302490234375
0.29205322265625 0.344573974609375 -0.1173095703125 -0.0182418823242187
0.35516357421875 0.296112060546875 -0.0345916748046875 0.0465202331542969
0.247467041015625 0.327301025390625 -0.0468254089355469 0.0633163452148438
0.17034912109375 0.421478271484375 -0.0903701782226562 0.0832901000976563
0.070098876953125 0.501007080078125 -0.106117248535156 0.0512313842773438
-0.323486328125 0.54913330078125 -0.16583251953125 -0.0478057861328125
-0.521820068359375 0.423583984375 -0.0428314208984375 -0.11962890625
-0.71502685546875 0.20330810546875 -0.1123046875 -0.0360946655273437
-0.72314453125 -0.0303955078125 -0.0174026489257813 0.137725830078125
-0.67425537109375 0.14862060546875 -0.159271240234375 0.284423828125
-0.459564208984375 0.468475341796875 0.17486572265625 0.3162841796875
-0.107208251953125 0.424652099609375 0.36383056640625 -0.04925537109375
-0.027374267578125 0.359100341796875 0.14361572265625 -0.31982421875
0.100311279296875 0.325958251953125 -0.088348388671875 -0.376739501953125
0.21649169921875 0.276962280273438 -0.25494384765625 -0.221588134765625
0.238128662109375 0.3023681640625 -0.238906860351562 -0.105941772460938
0.294586181640625 0.280517578125 -0.168975830078125 -0.0413818359375
0.204559326171875 0.30120849609375 -0.15618896484375 -0.0235443115234375
0.153045654296875 0.388702392578125 -0.169403076171875 0.0313568115234375
0.089599609375 0.49560546875 -0.171951293945313 0.012786865234375
-0.32257080078125 0.59002685546875 -0.2025146484375 -0.0672454833984375
-0.57073974609375 0.4375 -0.105308532714844 -0.0274200439453125
-0.74725341796875 0.1578369140625 -0.327911376953125 0.040374755859375
-0.58502197265625 -0.0616455078125 -0.194183349609375 0.15673828125
-0.529266357421875 0.147491455078125 -0.19775390625 0.316619873046875
-0.264404296875 0.386260986328125 0.159866333007813 0.230850219726563
0.02203369140625 0.275314331054688 0.258346557617188 -0.101516723632813
0.0246124267578125 0.176483154296875 0.076507568359375 -0.32733154296875
0.0498046875 0.177352905273438 -0.15472412109375 -0.403076171875
0.120407104492187 0.177291870117188 -0.340972900390625 -0.275909423828125
0.14825439453125 0.2108154296875 -0.325836181640625 -0.176239013671875
0.181381225585938 0.215347290039062 -0.277206420898438 -0.12188720703125
0.120452880859375 0.212554931640625 -0.241287231445313 -0.106781005859375
0.109725952148438 0.274276733398438 -0.232940673828125 -0.0258636474609374
0.085235595703125 0.3948974609375 -0.238815307617188 -0.0411529541015625
-0.28790283203125 0.519317626953125 -0.229843139648438 -0.111114501953125
-0.542510986328125 0.352081298828125 -0.16253662109375 0.0420684814453125
-0.6597900390625 0.061767578125 -0.533233642578125 0.0987548828125001
-0.379974365234375 -0.070159912109375 -0.3040771484375 0.1688232421875
-0.32940673828125 0.14117431640625 -0.197967529296875 0.318939208984375
-0.0644989013671875 0.270584106445313 0.137481689453125 0.146499633789063
0.111549377441406 0.112777709960938 0.156326293945313 -0.120574951171875
0.0448112487792969 0.0038299560546875 0.025604248046875 -0.292877197265625
-0.0131759643554687 0.0345592498779297 -0.189666748046875 -0.381744384765625
0.00885391235351563 0.0663566589355469 -0.379364013671875 -0.2940673828125
0.0370941162109375 0.0866546630859375 -0.367828369140625 -0.217987060546875
0.043487548828125 0.102790832519531 -0.33709716796875 -0.180145263671875
0.030609130859375 0.0684852600097656 -0.281082153320313 -0.163619995117188
0.07427978515625 0.0994186401367188 -0.266769409179688 -0.0692901611328125
0.0969085693359375 0.22894287109375 -0.29443359375 -0.100067138671875
-0.19415283203125 0.36981201171875 -0.242355346679688 -0.176345825195312
-0.419158935546875 0.195892333984375 -0.202255249023438 0.0686950683593751
-0.45184326171875 -0.0550537109375 -0.69140625 0.1131591796875
0.140327453613281 0.1085205078125 0.72479248046875 -0.2247314453125
0.155807495117188 -0.105514526367188 0.204132080078125 -0.101715087890625
-0.0300140380859375 -0.166671752929688 0.215911865234375 0.192245483398437
-0.155532836914063 -0.054534912109375 0.355316162109375 0.11968994140625
-0.0977020263671875 0.104690551757812 0.2449951171875 0.066680908203125
0.0525970458984375 0.0957870483398438 0.2484130859375 0.138824462890625
0.10882568359375 0.0393142700195313 0.33172607421875 0.1844482421875
0.0796661376953125 0.0394210815429688 0.338836669921875 0.213470458984375
0.10015869140625 0.024139404296875 0.344940185546875 0.2740478515625
0.0741653442382813 0.09564208984375 0.206207275390625 0.308868408203125
-0.0237655639648437 0.119110107421875 0.0393218994140625 0.210205078125
-0.123908996582031 0.0366744995117187 -0.0575485229492187 0.107269287109375
-0.0549163818359375 -0.10504150390625 -0.0792694091796875 -0.0743331909179688
0.115608215332031 -0.0687408447265625 0.1175537109375 -0.3089599609375
0.148529052734375 0.100997924804688 0.321807861328125 -0.19818115234375
-0.172821044921875 0.174957275390625 0.72369384765625 -0.16650390625
-0.111335754394531 0.0417327880859375 0.180862426757813 -0.0656280517578125
-0.205001831054687 0.070098876953125 0.210098266601563 0.276016235351563
-0.211898803710937 0.147720336914063 0.4051513671875 0.142822265625
-0.117401123046875 0.2955322265625 0.250656127929688 0.027679443359375
0.113189697265625 0.263885498046875 0.214218139648438 0.0821533203125
0.222183227539063 0.163009643554688 0.263717651367187 0.156219482421875
0.188613891601563 0.154220581054688 0.268707275390625 0.191818237304688
0.210494995117187 0.112594604492187 0.2999267578125 0.2384033203125
0.135772705078125 0.172698974609375 0.185684204101563 0.256393432617188
0.0257720947265625 0.213348388671875 0.043060302734375 0.172958374023438
-0.0981597900390625 0.16534423828125 -0.0272216796875 0.0937042236328125
-0.168609619140625 0.046142578125 -0.073883056640625 -0.0485153198242187
-0.0764694213867188 0.030517578125 0.08990478515625 -0.2900390625
-0.106719970703125 0.134872436523438 0.29681396484375 -0.19189453125
-0.458648681640625 0.181976318359375 0.62066650390625 -0.0814208984375
-0.39068603515625 0.1405029296875 0.11962890625 0.00991821289062501
-0.391632080078125 0.290069580078125 0.204742431640625 0.34027099609375
-0.259674072265625 0.339263916015625 0.44793701171875 0.131256103515625
-0.128387451171875 0.44927978515625 0.2501220703125 -0.051666259765625
0.147613525390625 0.39581298828125 0.15478515625 -0.0248870849609375
0.29541015625 0.26507568359375 0.150482177734375 0.083892822265625
0.27056884765625 0.248306274414062 0.15911865234375 0.142898559570313
0.30389404296875 0.184844970703125 0.217529296875 0.18695068359375
0.199356079101563 0.236114501953125 0.140701293945313 0.201248168945313
0.09295654296875 0.29840087890625 0.0274505615234375 0.146331787109375
-0.03607177734375 0.293304443359375 -0.0252532958984375 0.0840377807617188
-0.239151000976563 0.23114013671875 -0.0942001342773438 -0.0374679565429688
-0.248443603515625 0.17431640625 0.049652099609375 -0.261260986328125
-0.351654052734375 0.184539794921875 0.212478637695313 -0.166885375976563
-0.663818359375 0.13836669921875 0.4368896484375 0.00881958007812501
-0.607666015625 0.1861572265625 0.0283355712890625 0.111328125
-0.52496337890625 0.4501953125 0.205841064453125 0.37420654296875
-0.2606201171875 0.475830078125 0.464996337890625 0.078369140625
-0.11053466796875 0.52569580078125 0.232269287109375 -0.160552978515625
0.162628173828125 0.455780029296875 0.0731201171875 -0.159912109375
0.321258544921875 0.320343017578125 0.00947856903076174 -0.0149927139282226
0.314422607421875 0.30865478515625 0.0248641967773438 0.0728912353515625
0.360931396484375 0.239776611328125 0.104484558105469 0.123008728027344
0.2498779296875 0.285491943359375 0.0633544921875 0.139144897460938
0.15716552734375 0.370208740234375 -0.0147857666015625 0.121978759765625
0.040679931640625 0.41033935546875 -0.051727294921875 0.0744094848632813
-0.273406982421875 0.41888427734375 -0.130516052246094 -0.033538818359375
-0.3876953125 0.332183837890625 0.00123596191406249 -0.20611572265625
-0.556640625 0.231048583984375 0.0738525390625 -0.110916137695313
-0.751220703125 0.0717773437499999 0.207672119140625 0.082275390625
-0.6998291015625 0.192626953125 -0.0694122314453126 0.213088989257812
-0.531463623046875 0.517578125 0.204681396484375 0.36090087890625
-0.193450927734375 0.506561279296875 0.433837890625 0.00228881835937503
-0.06158447265625 0.4910888671875 0.186920166015625 -0.26251220703125
0.152587890625 0.42291259765625 -0.023681640625 -0.285614013671875
0.2958984375 0.31622314453125 -0.13739013671875 -0.116928100585937
0.308074951171875 0.3211669921875 -0.114433288574219 -0.0078582763671875
0.365264892578125 0.2674560546875 -0.031402587890625 0.0488777160644531
0.2591552734375 0.30816650390625 -0.0424537658691406 0.0670814514160156
0.189666748046875 0.40447998046875 -0.0842742919921875 0.0887069702148438
0.0987548828125 0.484161376953125 -0.102699279785156 0.0553512573242188
-0.283355712890625 0.56005859375 -0.169998168945313 -0.035400390625
-0.4879150390625 0.443572998046875 -0.052032470703125 -0.119636535644531
-0.6920166015625 0.2454833984375 -0.110671997070313 -0.0287551879882812
-0.71697998046875 0.0132446289062499 -0.0113449096679688 0.131866455078125
-0.65618896484375 0.18646240234375 -0.143951416015625 0.286529541015625
-0.417999267578125 0.487213134765625 0.195037841796875 0.3037109375
-0.07928466796875 0.41973876953125 0.355926513671875 -0.069610595703125
-0.00418090820312504 0.352813720703125 0.12054443359375 -0.3204345703125
0.11566162109375 0.313629150390625 -0.114715576171875 -0.36431884765625
0.224945068359375 0.259033203125 -0.264907836914063 -0.198593139648437
0.251983642578125 0.282623291015625 -0.238800048828125 -0.085968017578125
0.304412841796875 0.256683349609375 -0.169219970703125 -0.0285186767578125
0.2158203125 0.285491943359375 -0.155380249023438 -0.0121612548828125
0.171234130859375 0.37286376953125 -0.163772583007813 0.0428924560546875
0.117828369140625 0.4764404296875 -0.16888427734375 0.022552490234375
-0.2789306640625 0.59844970703125 -0.207199096679688 -0.0519256591796875
-0.533843994140625 0.46490478515625 -0.106178283691406 -0.0247039794921875
-0.728271484375 0.20135498046875 -0.316802978515625 0.0603027343750001
-0.5833740234375 -0.0247192382812499 -0.184661865234375 0.162124633789063
-0.51055908203125 0.17791748046875 -0.1773681640625 0.32037353515625
-0.23065185546875 0.393157958984375 0.173599243164062 0.218917846679688
0.0383453369140625 0.26434326171875 0.249282836914063 -0.113876342773438
0.034210205078125 0.169097900390625 0.05584716796875 -0.322662353515625
0.0570831298828125 0.171585083007813 -0.1805419921875 -0.38580322265625
0.12481689453125 0.167388916015625 -0.35205078125 -0.245697021484375
0.157135009765625 0.19921875 -0.3284912109375 -0.148681640625
0.191009521484375 0.202133178710938 -0.28082275390625 -0.0994720458984375
0.127548217773438 0.20428466796875 -0.244277954101563 -0.0886993408203124
0.121200561523437 0.261932373046875 -0.22869873046875 -0.0107727050781249
0.108551025390625 0.38037109375 -0.237503051757813 -0.0254211425781249
-0.249725341796875 0.5302734375 -0.236526489257813 -0.093658447265625
-0.51385498046875 0.38116455078125 -0.15576171875 0.0471954345703125
-0.64862060546875 0.10162353515625 -0.514801025390625 0.1317138671875
-0.38037109375 -0.04443359375 -0.291107177734375 0.180999755859375
-0.313507080078125 0.1597900390625 -0.176055908203125 0.32379150390625
-0.0418853759765625 0.26739501953125 0.144577026367188 0.1353759765625
0.116912841796875 0.0990829467773437 0.14837646484375 -0.12554931640625
0.0428047180175781 -0.000946044921875 0.00863647460937501 -0.28656005859375
-0.012603759765625 0.0359573364257813 -0.21044921875 -0.361968994140625
0.00941467285156249 0.0653800964355469 -0.391448974609375 -0.26202392578125
0.0396041870117188 0.0844650268554688 -0.372344970703125 -0.188995361328125
0.04754638671875 0.101097106933594 -0.3424072265625 -0.1534423828125
0.0303573608398438 0.0676155090332031 -0.2869873046875 -0.1434326171875
0.0759658813476563 0.0916366577148438 -0.26434326171875 -0.0516815185546875
0.109634399414062 0.216232299804688 -0.29595947265625 -0.079071044921875
-0.16595458984375 0.37738037109375 -0.25238037109375 -0.1572265625
-0.40155029296875 0.221923828125 -0.191299438476563 0.076416015625
-0.451324462890625 -0.026031494140625 -0.6678466796875 0.15576171875
0.1417236328125 0.0950164794921875 0.6898193359375 -0.242919921875
0.143707275390625 -0.109970092773438 0.19195556640625 -0.102218627929687
-0.039398193359375 -0.158172607421875 0.214874267578125 0.179214477539062
-0.156539916992187 -0.041717529296875 0.3468017578125 0.101226806640625
-0.0873947143554688 0.108589172363281 0.2362060546875 0.0550689697265625
0.0573348999023438 0.087890625 0.242843627929688 0.125991821289063
0.1077880859375 0.0301895141601563 0.329864501953125 0.1666259765625
0.0796127319335938 0.0325698852539063 0.335174560546875 0.191741943359375
0.0977706909179688 0.016571044921875 0.34478759765625 0.2491455078125
0.0780181884765625 0.0886611938476563 0.21148681640625 0.290740966796875
-0.0161056518554687 0.118545532226562 0.042449951171875 0.2021484375
-0.120315551757813 0.0433807373046875 -0.0533828735351562 0.104873657226563
-0.0584716796875 -0.0992965698242188 -0.0804214477539063 -0.0693740844726563
0.109085083007813 -0.0734634399414063 0.097564697265625 -0.305633544921875
0.151809692382813 0.0893707275390625 0.303466796875 -0.203460693359375
-0.159469604492187 0.171310424804688 0.68939208984375 -0.1888427734375
-0.110122680664063 0.041351318359375 0.168838500976563 -0.067352294921875
-0.197647094726562 0.0764007568359375 0.2152099609375 0.260787963867188
-0.203765869140625 0.15460205078125 0.39556884765625 0.120697021484375
-0.099151611328125 0.2940673828125 0.239486694335937 0.0172576904296875
0.120773315429688 0.248397827148438 0.20587158203125 0.0725250244140625
0.220352172851562 0.146621704101563 0.261703491210938 0.14141845703125
0.188461303710938 0.140487670898438 0.267990112304688 0.174896240234375
0.205657958984375 0.097991943359375 0.298583984375 0.218292236328125
0.138259887695313 0.161575317382813 0.189590454101563 0.2421875
0.0335540771484375 0.20709228515625 0.04486083984375 0.165939331054688
-0.09124755859375 0.164505004882812 -0.02459716796875 0.0902938842773438
-0.162811279296875 0.05084228515625 -0.075347900390625 -0.0443344116210937
-0.0720138549804688 0.0281295776367187 0.070068359375 -0.286468505859375
-0.0946578979492187 0.132453918457031 0.278900146484375 -0.197418212890625
-0.438079833984375 0.190704345703125 0.5936279296875 -0.10406494140625
-0.37725830078125 0.1478271484375 0.111038208007812 0.00504302978515626
-0.367340087890625 0.297271728515625 0.2161865234375 0.32464599609375
-0.2425537109375 0.340606689453125 0.4365234375 0.108917236328125
-0.10400390625 0.441619873046875 0.237060546875 -0.0597991943359375
0.157623291015625 0.3741455078125 0.143218994140625 -0.02935791015625
0.29437255859375 0.24285888671875 0.148727416992188 0.0769500732421875
0.271774291992188 0.228927612304688 0.160751342773438 0.133056640625
0.298004150390625 0.165313720703125 0.21832275390625 0.1719970703125
0.200302124023438 0.221160888671875 0.14422607421875 0.190353393554687
0.099700927734375 0.2852783203125 0.0297393798828125 0.141342163085938
-0.02691650390625 0.284271240234375 -0.0233154296875 0.0816802978515625
-0.222640991210937 0.231674194335938 -0.0949554443359375 -0.0319747924804688
-0.23236083984375 0.173492431640625 0.0327911376953125 -0.2564697265625
-0.3310546875 0.1898193359375 0.1983642578125 -0.169647216796875
-0.63775634765625 0.15716552734375 0.41741943359375 -0.01263427734375
-0.58428955078125 0.199951171875 0.0251388549804687 0.104736328125
-0.485443115234375 0.45660400390625 0.2188720703125 0.355712890625
-0.23687744140625 0.470977783203125 0.451934814453125 0.057098388671875
-0.08367919921875 0.515106201171875 0.216262817382813 -0.163375854492187
0.172760009765625 0.431671142578125 0.05853271484375 -0.1568603515625
0.320220947265625 0.297882080078125 0.00860881805419924 -0.0129032135009765
0.315887451171875 0.28546142578125 0.0286178588867188 0.0712509155273438
0.355255126953125 0.216064453125 0.106491088867188 0.115318298339844
0.249908447265625 0.267852783203125 0.0671920776367188 0.1337890625
0.16351318359375 0.3516845703125 -0.0107650756835937 0.120109558105469
0.051422119140625 0.393585205078125 -0.048370361328125 0.0732345581054688
-0.248291015625 0.415557861328125 -0.130912780761719 -0.0249176025390625
-0.361968994140625 0.33050537109375 -0.0109710693359375 -0.201736450195312
-0.53125 0.243682861328125 0.0679168701171875 -0.109840393066406
-0.7247314453125 0.095458984375 0.200576782226562 0.0670013427734375
-0.6727294921875 0.2100830078125 -0.065826416015625 0.2060546875
-0.490509033203125 0.51983642578125 0.21661376953125 0.34454345703125
-0.16973876953125 0.49420166015625 0.421600341796875 -0.014129638671875
-0.039794921875 0.47607421875 0.1693115234375 -0.259323120117187
0.161895751953125 0.402069091796875 -0.0393524169921875 -0.274520874023437
0.294464111328125 0.29425048828125 -0.137748718261719 -0.10467529296875
0.30975341796875 0.298583984375 -0.108963012695312 -0.00107574462890624
0.36083984375 0.2437744140625 -0.0284957885742187 0.0500640869140625
0.260101318359375 0.28973388671875 -0.038330078125 0.0684051513671875
0.194580078125 0.382965087890625 -0.0781173706054688 0.0905685424804688
0.112457275390625 0.4599609375 -0.0988616943359375 0.057708740234375
-0.25311279296875 0.552581787109375 -0.169235229492188 -0.0251922607421874
-0.453826904296875 0.4451904296875 -0.0579299926757813 -0.117118835449219
-0.6602783203125 0.26287841796875 -0.105697631835938 -0.0232467651367187
-0.69390869140625 0.0391235351562499 -0.0095596313476563 0.12347412109375
-0.62994384765625 0.20269775390625 -0.133880615234375 0.279953002929688
-0.379974365234375 0.48590087890625 0.203857421875 0.2884521484375
-0.06103515625 0.40313720703125 0.342926025390625 -0.080474853515625
0.00973510742187498 0.339263916015625 0.104949951171875 -0.312530517578125
0.121551513671875 0.298126220703125 -0.129058837890625 -0.347015380859375
0.223922729492188 0.242706298828125 -0.263641357421875 -0.177902221679688
0.253646850585938 0.264739990234375 -0.231765747070312 -0.071441650390625
0.30242919921875 0.237396240234375 -0.164321899414062 -0.0184783935546875
0.216033935546875 0.270477294921875 -0.150405883789062 -0.00411987304687499
0.17681884765625 0.35296630859375 -0.156356811523437 0.0484161376953125
0.130157470703125 0.45281982421875 -0.16363525390625 0.0285797119140625
-0.24652099609375 0.59228515625 -0.205642700195313 -0.0390014648437499
-0.498748779296875 0.468994140625 -0.104095458984375 -0.0238494873046875
-0.69976806640625 0.2235107421875 -0.30010986328125 0.07073974609375
-0.5665283203125 -0.00109863281250012 -0.17437744140625 0.15997314453125
-0.48822021484375 0.18975830078125 -0.163909912109375 0.3148193359375
-0.203033447265625 0.386932373046875 0.17822265625 0.206466674804688
0.0472564697265625 0.24810791015625 0.23883056640625 -0.11859130859375
0.03887939453125 0.160385131835937 0.042449951171875 -0.31182861328125
0.05859375 0.164138793945313 -0.191436767578125 -0.363311767578125
0.123321533203125 0.158859252929688 -0.350250244140625 -0.22149658203125
0.158370971679688 0.188095092773438 -0.32171630859375 -0.129425048828125
0.191162109375 0.1895751953125 -0.275100708007813 -0.0832366943359375
0.127883911132813 0.194732666015625 -0.239517211914063 -0.0755615234375
0.123260498046875 0.248565673828125 -0.220703125 -0.00100708007812499
0.11810302734375 0.35992431640625 -0.231369018554688 -0.01519775390625
-0.218353271484375 0.523406982421875 -0.234909057617187 -0.0787353515624999
-0.48236083984375 0.391082763671875 -0.147216796875 0.048126220703125
-0.6263427734375 0.12261962890625 -0.486968994140625 0.146697998046875
-0.371826171875 -0.0268859863281249 -0.2777099609375 0.18359375
-0.297332763671875 0.166351318359375 -0.16168212890625 0.318389892578125
-0.025238037109375 0.256637573242188 0.145706176757813 0.12542724609375
0.116714477539063 0.0856857299804688 0.140625 -0.1259765625
0.0390777587890625 -0.00429153442382813 -0.000396728515624979 -0.2745361328125
-0.0124092102050781 0.0365562438964844 -0.219482421875 -0.339569091796875
0.00904464721679688 0.06439208984375 -0.386688232421875 -0.23553466796875
0.0391921997070313 0.08160400390625 -0.365264892578125 -0.16607666015625
0.0495986938476563 0.0984039306640625 -0.336456298828125 -0.13201904296875
0.0282325744628906 0.0662384033203125 -0.283203125 -0.127471923828125
0.073699951171875 0.0850601196289063 -0.255859375 -0.0398406982421875
0.11456298828125 0.201126098632812 -0.28948974609375 -0.0638732910156249
-0.1429443359375 0.372222900390625 -0.25189208984375 -0.139541625976563
-0.380218505859375 0.232879638671875 -0.178741455078125 0.07781982421875
-0.439910888671875 -0.00848388671874998 -0.6348876953125 0.17529296875
0.139930725097656 0.0874099731445313 0.664794921875 -0.2432861328125
0.135017395019531 -0.110862731933594 0.183990478515625 -0.0973052978515625
-0.043182373046875 -0.151535034179688 0.21026611328125 0.173187255859375
-0.155471801757813 -0.0327301025390625 0.336151123046875 0.092803955078125
-0.0801467895507813 0.109756469726563 0.226715087890625 0.0500030517578125
0.0584869384765625 0.0813446044921875 0.235015869140625 0.121322631835938
0.105827331542969 0.023956298828125 0.32318115234375 0.15606689453125
0.07781982421875 0.028656005859375 0.327880859375 0.181427001953125
0.0940322875976562 0.0117645263671875 0.339569091796875 0.23504638671875
0.0802459716796875 0.0838623046875 0.21160888671875 0.279998779296875
-0.01153564453125 0.117774963378906 0.0401153564453125 0.196517944335938
-0.117958068847656 0.0476150512695312 -0.052337646484375 0.102523803710938
-0.060302734375 -0.0959396362304688 -0.0806732177734375 -0.0675582885742187
0.105850219726563 -0.0758056640625 0.086517333984375 -0.299591064453125
0.15234375 0.082366943359375 0.29156494140625 -0.200958251953125
-0.153488159179688 0.165786743164062 0.6646728515625 -0.19464111328125
-0.110023498535156 0.039398193359375 0.159622192382813 -0.065887451171875
-0.192184448242188 0.078155517578125 0.213851928710937 0.252044677734375
-0.19866943359375 0.15728759765625 0.38580322265625 0.111297607421875
-0.08929443359375 0.289703369140625 0.23016357421875 0.013580322265625
0.120437622070313 0.236968994140625 0.197113037109375 0.07012939453125
0.21575927734375 0.136566162109375 0.256195068359375 0.135223388671875
0.185073852539062 0.132232666015625 0.262969970703125 0.1666259765625
0.19866943359375 0.0897674560546875 0.2933349609375 0.20574951171875
0.13726806640625 0.15478515625 0.188201904296875 0.232940673828125
0.0363311767578125 0.20172119140625 0.041534423828125 0.161529541015625
-0.0884552001953125 0.162689208984375 -0.02435302734375 0.0879440307617188
-0.158950805664063 0.0511627197265625 -0.0756988525390625 -0.0413894653320312
-0.0694541931152344 0.0236930847167969 0.0599212646484375 -0.28045654296875
-0.0880889892578125 0.127304077148438 0.267608642578125 -0.195404052734375
-0.424285888671875 0.1873779296875 0.5721435546875 -0.11065673828125
-0.36865234375 0.14599609375 0.10205078125 0.00321960449218751
-0.353790283203125 0.2933349609375 0.217010498046875 0.313323974609375
-0.23236083984375 0.336090087890625 0.425140380859375 0.098114013671875
-0.092437744140625 0.43267822265625 0.227066040039063 -0.061431884765625
0.158447265625 0.359222412109375 0.133529663085938 -0.0290374755859375
0.28729248046875 0.23138427734375 0.145645141601563 0.0735626220703125
0.267669677734375 0.217529296875 0.158096313476563 0.128097534179688
0.288238525390625 0.154388427734375 0.215835571289063 0.1640625
0.196640014648438 0.2119140625 0.142776489257813 0.184066772460938
0.09954833984375 0.27606201171875 0.0275650024414063 0.138343811035156
-0.0246734619140625 0.276168823242188 -0.0228500366210937 0.0792770385742188
-0.21392822265625 0.22821044921875 -0.0946426391601563 -0.0275955200195312
-0.2227783203125 0.166259765625 0.023193359375 -0.251144409179688
-0.317596435546875 0.18658447265625 0.190780639648437 -0.166961669921875
-0.6195068359375 0.1568603515625 0.401611328125 -0.021270751953125
-0.56927490234375 0.199462890625 0.0193634033203125 0.100830078125
-0.464263916015625 0.449127197265625 0.22161865234375 0.345123291015625
-0.2249755859375 0.46051025390625 0.439697265625 0.048065185546875
-0.072479248046875 0.502197265625 0.206573486328125 -0.161148071289062
0.172607421875 0.416107177734375 0.049346923828125 -0.151901245117187
0.312469482421875 0.28460693359375 0.00740718841552736 -0.0104036331176758
0.31085205078125 0.273468017578125 0.0298690795898438 0.0699272155761719
0.345428466796875 0.20379638671875 0.106010437011719 0.111068725585938
0.244033813476563 0.257431030273438 0.0676193237304688 0.129913330078125
0.162445068359375 0.340728759765625 -0.0100631713867187 0.117843627929688
0.052886962890625 0.378753662109375 -0.0475616455078125 0.0718231201171875
-0.235076904296875 0.4063720703125 -0.129753112792969 -0.0195693969726562
-0.34613037109375 0.321929931640625 -0.017364501953125 -0.198028564453125
-0.511627197265625 0.242889404296875 0.0657882690429687 -0.107872009277344
-0.705322265625 0.10125732421875 0.1920166015625 0.0591888427734375
-0.65435791015625 0.210205078125 -0.06817626953125 0.199844360351563
-0.465484619140625 0.510711669921875 0.21954345703125 0.333160400390625
-0.15911865234375 0.4794921875 0.409027099609375 -0.020721435546875
-0.030181884765625 0.462127685546875 0.160858154296875 -0.253982543945312
0.159149169921875 0.388092041015625 -0.0465545654296875 -0.263946533203125
0.286163330078125 0.2833251953125 -0.135513305664063 -0.0973968505859375
0.305267333984375 0.286834716796875 -0.1041259765625 0.0019073486328125
0.35137939453125 0.231414794921875 -0.0259437561035156 0.0504722595214844
0.254348754882813 0.279388427734375 -0.0356101989746094 0.0682258605957032
0.192413330078125 0.3701171875 -0.0745315551757813 0.0904464721679688
0.11224365234375 0.442657470703125 -0.0955047607421875 0.057830810546875
-0.236083984375 0.540130615234375 -0.167266845703125 -0.0182952880859374
-0.4339599609375 0.435150146484375 -0.060333251953125 -0.11529541015625
-0.64056396484375 0.2633056640625 -0.100204467773438 -0.02105712890625
-0.67669677734375 0.0455932617187499 -0.0106124877929688 0.116104125976563
-0.61126708984375 0.203857421875 -0.132568359375 0.272628784179688
-0.3582763671875 0.474273681640625 0.20501708984375 0.279006958007813
-0.053375244140625 0.38812255859375 0.3333740234375 -0.08306884765625
0.013824462890625 0.3271484375 0.09881591796875 -0.303802490234375
0.118499755859375 0.2884521484375 -0.13262939453125 -0.333099365234375
0.21661376953125 0.23358154296875 -0.258499145507813 -0.1661376953125
0.250350952148437 0.254531860351563 -0.223770141601562 -0.064483642578125
0.2962646484375 0.2276611328125 -0.158676147460937 -0.0140533447265625
0.210296630859375 0.261154174804688 -0.146148681640625 -0.0010833740234375
0.1737060546875 0.340179443359375 -0.150344848632813 0.0506744384765625
0.130706787109375 0.435333251953125 -0.158889770507813 0.0309906005859375
-0.22991943359375 0.58001708984375 -0.202102661132813 -0.031768798828125
-0.47882080078125 0.462554931640625 -0.102096557617188 -0.0247573852539062
-0.679931640625 0.22467041015625 -0.286895751953125 0.07269287109375
-0.553131103515625 0.00665283203124989 -0.17071533203125 0.154129028320312
-0.47320556640625 0.19024658203125 -0.160125732421875 0.3076171875
-0.188873291015625 0.37542724609375 0.177108764648438 0.198638916015625
0.04931640625 0.23492431640625 0.231399536132813 -0.117706298828125
0.038330078125 0.152496337890625 0.03863525390625 -0.301727294921875
0.05609130859375 0.15911865234375 -0.1929931640625 -0.348052978515625
0.118453979492188 0.153915405273438 -0.34124755859375 -0.206329345703125
0.156051635742188 0.182235717773438 -0.31097412109375 -0.119781494140625
0.18701171875 0.1832275390625 -0.26776123046875 -0.074798583984375
0.12353515625 0.190475463867188 -0.234176635742187 -0.0694122314453125
0.120254516601562 0.239547729492188 -0.212203979492188 0.00254821777343756
0.120147705078125 0.344268798828125 -0.22515869140625 -0.0107421875
-0.202362060546875 0.514129638671875 -0.23126220703125 -0.0699005126953125
-0.46435546875 0.38592529296875 -0.141326904296875 0.0447998046875
-0.61175537109375 0.12841796875 -0.467529296875 0.14825439453125
-0.3641357421875 -0.020172119140625 -0.270355224609375 0.17901611328125
-0.2864990234375 0.1661376953125 -0.155670166015625 0.31195068359375
-0.018402099609375 0.245849609375 0.143417358398438 0.120025634765625
0.114395141601563 0.0764923095703125 0.136215209960938 -0.123252868652344
0.0360488891601563 -0.0059814453125 -0.00218200683593751 -0.265853881835938
-0.0141448974609375 0.0369987487792969 -0.218231201171875 -0.3258056640625
0.00680160522460938 0.06439208984375 -0.379119873046875 -0.21966552734375
0.038818359375 0.0806655883789063 -0.35528564453125 -0.15399169921875
0.0492706298828125 0.0975265502929688 -0.32745361328125 -0.12225341796875
0.0253372192382813 0.066162109375 -0.276870727539063 -0.119674682617188
0.0695571899414063 0.081207275390625 -0.246719360351563 -0.035430908203125
0.1138916015625 0.190444946289063 -0.282257080078125 -0.0569763183593749
-0.1314697265625 0.36541748046875 -0.247711181640625 -0.1302490234375
-0.36663818359375 0.2349853515625 -0.1697998046875 0.0741119384765625
-0.432830810546875 -0.00204467773437501 -0.609375 0.177978515625
0.138763427734375 0.0842056274414063 0.6571044921875 -0.2412109375
0.131080627441406 -0.111213684082031 0.18231201171875 -0.0942230224609375
-0.044769287109375 -0.1494140625 0.208465576171875 0.17401123046875
-0.15606689453125 -0.026123046875 0.331878662109375 0.089508056640625
-0.0767669677734375 0.110458374023437 0.221893310546875 0.050567626953125
0.058990478515625 0.0773391723632813 0.231842041015625 0.122726440429688
0.104866027832031 0.0196762084960938 0.32110595703125 0.15496826171875
0.0775299072265625 0.0260467529296875 0.324951171875 0.1785888671875
0.0919189453125 0.0085601806640625 0.338104248046875 0.231536865234375
0.0831985473632813 0.0811614990234375 0.210403442382813 0.275497436523438
-0.00804901123046875 0.118980407714844 0.0360870361328125 0.19561767578125
-0.117813110351562 0.0512619018554688 -0.05364990234375 0.101455688476563
-0.0620040893554687 -0.0950393676757813 -0.0814056396484375 -0.0675506591796875
0.104393005371094 -0.07891845703125 0.0802001953125 -0.298583984375
0.1534423828125 0.07855224609375 0.287567138671875 -0.199432373046875
-0.152664184570312 0.161514282226563 0.65740966796875 -0.19219970703125
-0.113449096679688 0.0374069213867187 0.155715942382813 -0.063201904296875
-0.192123413085938 0.0773468017578125 0.214462280273438 0.251434326171875
-0.198989868164062 0.160980224609375 0.38177490234375 0.10882568359375
-0.08477783203125 0.290008544921875 0.225494384765625 0.01422119140625
0.119308471679687 0.231887817382812 0.191879272460938 0.072723388671875
0.21368408203125 0.132415771484375 0.255081176757813 0.133590698242188
0.1842041015625 0.12969970703125 0.260055541992187 0.16534423828125
0.195541381835938 0.08648681640625 0.292633056640625 0.204132080078125
0.137847900390625 0.152679443359375 0.18743896484375 0.230453491210938
0.038116455078125 0.201614379882813 0.0378875732421875 0.161483764648438
-0.089752197265625 0.163833618164063 -0.0257720947265625 0.0865859985351563
-0.159500122070313 0.0515594482421875 -0.0764617919921875 -0.0395736694335938
-0.0689544677734375 0.0184593200683594 0.053314208984375 -0.279647827148438
-0.0865325927734375 0.123062133789062 0.264297485351563 -0.19390869140625
-0.420501708984375 0.18304443359375 0.56439208984375 -0.11151123046875
-0.37078857421875 0.1429443359375 0.0967788696289062 0.00435638427734376
-0.35162353515625 0.28924560546875 0.21868896484375 0.313446044921875
-0.232879638671875 0.3349609375 0.422515869140625 0.09588623046875
-0.088897705078125 0.430755615234375 0.2232666015625 -0.060394287109375
0.1549072265625 0.355712890625 0.127792358398438 -0.0258636474609375
0.28314208984375 0.22705078125 0.143722534179688 0.074493408203125
0.265548706054688 0.215255737304688 0.15728759765625 0.127716064453125
0.28399658203125 0.151458740234375 0.2152099609375 0.162094116210938
0.19500732421875 0.209945678710938 0.142623901367188 0.18280029296875
0.09857177734375 0.274871826171875 0.0252761840820313 0.138824462890625
-0.027252197265625 0.273681640625 -0.0235137939453125 0.078857421875
-0.21356201171875 0.226211547851562 -0.0953292846679688 -0.0244903564453125
-0.22113037109375 0.15924072265625 0.0180511474609375 -0.250503540039063
-0.314544677734375 0.183013916015625 0.189193725585938 -0.165664672851563
-0.6153564453125 0.1533203125 0.395782470703125 -0.023345947265625
-0.57080078125 0.19635009765625 0.0128631591796875 0.0999832153320313
-0.45794677734375 0.445831298828125 0.223297119140625 0.34344482421875
-0.223602294921875 0.45697021484375 0.4385986328125 0.04730224609375
-0.069976806640625 0.497589111328125 0.203826904296875 -0.158920288085937
0.1689453125 0.411468505859375 0.0439605712890625 -0.147933959960937
0.306793212890625 0.280670166015625 0.00703334808349611 -0.00873994827270506
0.308624267578125 0.27008056640625 0.0306930541992188 0.0706787109375
0.341064453125 0.2005615234375 0.106529235839844 0.111228942871094
0.239791870117187 0.25604248046875 0.0675125122070313 0.130165100097656
0.15838623046875 0.337005615234375 -0.0110397338867187 0.119003295898438
0.049468994140625 0.375244140625 -0.0476837158203125 0.0712814331054688
-0.233795166015625 0.404693603515625 -0.129310607910156 -0.0153961181640624
-0.343719482421875 0.313751220703125 -0.021240234375 -0.19744873046875
-0.507843017578125 0.239532470703125 0.066314697265625 -0.10650634765625
-0.70135498046875 0.0987548828124999 0.186294555664062 0.055389404296875
-0.65484619140625 0.20892333984375 -0.0748138427734375 0.198150634765625
-0.458587646484375 0.50579833984375 0.22222900390625 0.332122802734375
-0.1585693359375 0.472686767578125 0.4088134765625 -0.020843505859375
-0.028472900390625 0.457183837890625 0.160140991210938 -0.250991821289062
0.155364990234375 0.383544921875 -0.0505828857421875 -0.259628295898438
0.2813720703125 0.280242919921875 -0.134979248046875 -0.0942764282226562
0.302642822265625 0.28411865234375 -0.101882934570312 0.0040740966796875
0.347442626953125 0.229461669921875 -0.0243682861328125 0.0515937805175781
0.251052856445313 0.279586791992188 -0.0350418090820312 0.0684318542480469
0.18975830078125 0.366973876953125 -0.0735244750976562 0.0911026000976563
0.109344482421875 0.436126708984375 -0.0949325561523438 0.0577774047851563
-0.233001708984375 0.536712646484375 -0.16680908203125 -0.01385498046875
-0.42987060546875 0.431121826171875 -0.0621719360351563 -0.116943359375
-0.6368408203125 0.26104736328125 -0.0968322753906251 -0.0211257934570312
-0.673095703125 0.0453491210937499 -0.0141372680664063 0.112045288085938
-0.60980224609375 0.20281982421875 -0.137405395507813 0.2706298828125
-0.3519287109375 0.468475341796875 0.206436157226562 0.278152465820313
-0.053466796875 0.3802490234375 0.33203125 -0.082122802734375
0.013458251953125 0.322479248046875 0.098907470703125 -0.30078125
0.114105224609375 0.285552978515625 -0.13653564453125 -0.32794189453125
0.211685180664063 0.232711791992188 -0.255355834960938 -0.16162109375
0.248931884765625 0.252975463867188 -0.220138549804687 -0.062286376953125
0.2930908203125 0.22650146484375 -0.156234741210937 -0.011627197265625
0.206390380859375 0.261917114257813 -0.14447021484375 -0.000137329101562462
0.1693115234375 0.338165283203125 -0.147750854492188 0.0509796142578125
0.12841796875 0.42877197265625 -0.157943725585938 0.0309295654296875
-0.22564697265625 0.575439453125 -0.201492309570313 -0.0270385742187499
-0.473876953125 0.45806884765625 -0.101608276367188 -0.0277099609375
-0.6763916015625 0.22454833984375 -0.28125 0.0716552734375
-0.551025390625 0.00750732421875012 -0.172760009765625 0.149612426757813
-0.4715576171875 0.189544677734375 -0.164031982421875 0.30633544921875
-0.183135986328125 0.369140625 0.17742919921875 0.198013305664063
0.0487823486328125 0.227157592773437 0.230392456054688 -0.116928100585938
0.03692626953125 0.149246215820313 0.039886474609375 -0.29803466796875
0.05267333984375 0.15875244140625 -0.19329833984375 -0.343719482421875
0.11376953125 0.154922485351563 -0.337371826171875 -0.20123291015625
0.15435791015625 0.182113647460938 -0.30712890625 -0.1168212890625
0.185546875 0.183563232421875 -0.26397705078125 -0.071868896484375
0.119659423828125 0.191696166992187 -0.231842041015625 -0.0684967041015625
0.116485595703125 0.237350463867188 -0.208541870117187 0.00346374511718751
0.117340087890625 0.338623046875 -0.22344970703125 -0.00883483886718748
-0.19720458984375 0.51220703125 -0.229766845703125 -0.0656585693359374
-0.460113525390625 0.3851318359375 -0.138664245605469 0.0411834716796875
-0.6109619140625 0.12725830078125 -0.45965576171875 0.146087646484375
-0.363311767578125 -0.017547607421875 -0.271163940429688 0.175216674804688
-0.285247802734375 0.16534423828125 -0.157958984375 0.311492919921875
-0.0154571533203125 0.240615844726562 0.1414794921875 0.119033813476563
0.111846923828125 0.0710296630859375 0.135848999023438 -0.121894836425781
0.0341148376464844 -0.00809288024902344 0.000671386718750016 -0.262344360351563
-0.0161628723144531 0.0380973815917969 -0.216156005859375 -0.3218994140625
0.00315093994140625 0.0654945373535156 -0.373748779296875 -0.2149658203125
0.0374298095703125 0.0817718505859375 -0.348663330078125 -0.151641845703125
0.048614501953125 0.09893798828125 -0.32391357421875 -0.118621826171875
0.0222358703613281 0.0683670043945313 -0.274887084960938 -0.118179321289063
0.0660781860351563 0.079925537109375 -0.242889404296875 -0.035614013671875
0.112991333007813 0.184921264648438 -0.279830932617187 -0.054443359375
-0.12554931640625 0.365142822265625 -0.246383666992187 -0.126251220703125
-0.3629150390625 0.236297607421875 -0.1658935546875 0.0700225830078125
-0.432525634765625 -0.00363159179687499 -0.59942626953125 0.17694091796875
0.143096923828125 0.0833740234375 0.66680908203125 -0.24981689453125
0.129570007324219 -0.116401672363281 0.184661865234375 -0.094207763671875
-0.0482330322265625 -0.15069580078125 0.213958740234375 0.1767578125
-0.159820556640625 -0.0194244384765625 0.337158203125 0.08782958984375
-0.0733718872070312 0.115028381347656 0.22283935546875 0.050811767578125
0.0610580444335938 0.0742340087890625 0.235214233398438 0.126678466796875
0.106826782226563 0.0155258178710938 0.327880859375 0.15325927734375
0.0787887573242188 0.0241241455078125 0.330047607421875 0.176971435546875
0.0923004150390625 0.005859375 0.34619140625 0.22955322265625
0.0885238647460938 0.0790023803710938 0.217453002929688 0.277557373046875
-0.00328826904296876 0.122665405273437 0.0351409912109375 0.199310302734375
-0.120201110839844 0.057342529296875 -0.0547027587890625 0.10382080078125
-0.0656356811523438 -0.095794677734375 -0.085052490234375 -0.0686798095703125
0.104217529296875 -0.084930419921875 0.073699951171875 -0.304901123046875
0.15875244140625 0.0758209228515625 0.28985595703125 -0.20452880859375
-0.154708862304688 0.163818359375 0.6654052734375 -0.2025146484375
-0.118896484375 0.0370712280273438 0.1556396484375 -0.0643463134765625
-0.196060180664063 0.08062744140625 0.223098754882813 0.25439453125
-0.202194213867188 0.168777465820313 0.389404296875 0.106597900390625
-0.08087158203125 0.296905517578125 0.226730346679688 0.0135955810546875
0.122711181640625 0.232147216796875 0.1929931640625 0.0752410888671875
0.217636108398438 0.130233764648438 0.2596435546875 0.134078979492188
0.188400268554688 0.12884521484375 0.265533447265625 0.166091918945313
0.198623657226563 0.0852508544921875 0.299896240234375 0.203887939453125
0.142807006835938 0.152099609375 0.192947387695313 0.232635498046875
0.0417327880859375 0.20574951171875 0.0368194580078125 0.1656494140625
-0.091339111328125 0.169113159179687 -0.0261917114257813 0.0884323120117188
-0.16265869140625 0.0537261962890625 -0.07904052734375 -0.0385665893554687
-0.0708389282226562 0.014190673828125 0.045806884765625 -0.285064697265625
-0.0848541259765625 0.123222351074219 0.266647338867188 -0.1983642578125
-0.428802490234375 0.186859130859375 0.57037353515625 -0.11962890625
-0.3809814453125 0.148040771484375 0.0938034057617187 0.00425720214843751
-0.3536376953125 0.296142578125 0.228790283203125 0.3170166015625
-0.2347412109375 0.34466552734375 0.43170166015625 0.092681884765625
-0.084228515625 0.439727783203125 0.224380493164063 -0.063018798828125
0.158416748046875 0.3585205078125 0.125747680664063 -0.0237579345703125
0.288482666015625 0.227264404296875 0.146194458007813 0.07550048828125
0.272247314453125 0.215774536132812 0.160980224609375 0.129913330078125
0.28729248046875 0.151123046875 0.221176147460938 0.16302490234375
0.19989013671875 0.211944580078125 0.147003173828125 0.185333251953125
0.102737426757813 0.27978515625 0.0251312255859375 0.142578125
-0.02801513671875 0.279281616210938 -0.0235748291015625 0.079193115234375
-0.215713500976563 0.231918334960937 -0.0975265502929688 -0.0213165283203125
-0.223739624023437 0.15802001953125 0.0111846923828125 -0.255020141601563
-0.31866455078125 0.187408447265625 0.190994262695313 -0.168685913085938
-0.62664794921875 0.159423828125 0.39935302734375 -0.028961181640625
-0.5831298828125 0.20379638671875 0.00777435302734372 0.101898193359375
-0.462677001953125 0.454681396484375 0.234344482421875 0.347076416015625
-0.22491455078125 0.4652099609375 0.447509765625 0.043426513671875
-0.065216064453125 0.506378173828125 0.2052001953125 -0.162765502929687
0.171875 0.415924072265625 0.039825439453125 -0.147445678710937
0.311309814453125 0.28277587890625 0.00605678558349611 -0.00705623626708983
0.316986083984375 0.272064208984375 0.032745361328125 0.0732345581054688
0.346160888671875 0.201904296875 0.11077880859375 0.112846374511719
0.245803833007813 0.2596435546875 0.0705947875976563 0.132102966308594
0.163177490234375 0.342864990234375 -0.0103073120117188 0.12255859375
0.049163818359375 0.379119873046875 -0.0479278564453125 0.073028564453125
-0.232086181640625 0.414459228515625 -0.131401062011719 -0.0102691650390625
-0.347198486328125 0.316650390625 -0.0272369384765625 -0.201797485351562
-0.51678466796875 0.2470703125 0.0681610107421875 -0.108192443847656
-0.71466064453125 0.1038818359375 0.186325073242187 0.0517730712890625
-0.66717529296875 0.2164306640625 -0.080718994140625 0.2030029296875
-0.46051025390625 0.516357421875 0.23175048828125 0.3365478515625
-0.15667724609375 0.4779052734375 0.415557861328125 -0.02508544921875
-0.024566650390625 0.462799072265625 0.160858154296875 -0.256179809570312
0.158172607421875 0.38885498046875 -0.0569610595703125 -0.260391235351563
0.284515380859375 0.284820556640625 -0.138458251953125 -0.092254638671875
0.311553955078125 0.287322998046875 -0.101951599121094 0.00692749023437501
0.353607177734375 0.230499267578125 -0.02227783203125 0.0537757873535156
0.253997802734375 0.28466796875 -0.0338592529296875 0.0709228515625
0.193603515625 0.372344970703125 -0.0732040405273438 0.09478759765625
0.1107177734375 0.440765380859375 -0.0951156616210938 0.059783935546875
-0.23095703125 0.546905517578125 -0.168685913085938 -0.00752258300781247
-0.43341064453125 0.43670654296875 -0.0657424926757813 -0.1201171875
-0.64849853515625 0.2711181640625 -0.0959243774414063 -0.021026611328125
-0.68585205078125 0.04852294921875 -0.0174255371093751 0.111099243164063
-0.62225341796875 0.21173095703125 -0.144485473632813 0.278717041015625
-0.351165771484375 0.47601318359375 0.21502685546875 0.281768798828125
-0.051300048828125 0.381622314453125 0.338531494140625 -0.086700439453125
0.016693115234375 0.325164794921875 0.099212646484375 -0.30548095703125
0.11468505859375 0.2901611328125 -0.14251708984375 -0.329010009765625
0.2122802734375 0.237457275390625 -0.260467529296875 -0.159561157226563
0.254913330078125 0.256072998046875 -0.222381591796875 -0.0595550537109375
0.298370361328125 0.2293701171875 -0.15728759765625 -0.00897216796874997
0.209396362304688 0.268035888671875 -0.14703369140625 0.00231933593750001
0.1722412109375 0.34271240234375 -0.147659301757813 0.05413818359375
0.1317138671875 0.43145751953125 -0.159561157226563 0.0336456298828125
-0.22021484375 0.58880615234375 -0.204360961914062 -0.0214385986328125
-0.47705078125 0.468353271484375 -0.104476928710938 -0.0298538208007812
-0.6915283203125 0.23486328125 -0.281402587890625 0.074005126953125
-0.56292724609375 0.0128173828125001 -0.17803955078125 0.1505126953125
-0.48101806640625 0.198638916015625 -0.168731689453125 0.315216064453125
-0.17974853515625 0.373626708984375 0.183929443359375 0.201797485351563
0.0511322021484375 0.224533081054688 0.234466552734375 -0.120269775390625
0.0378265380859375 0.148117065429688 0.040496826171875 -0.3028564453125
0.05126953125 0.162826538085938 -0.199554443359375 -0.34515380859375
0.112869262695313 0.159698486328125 -0.3441162109375 -0.2008056640625
0.158050537109375 0.18426513671875 -0.310272216796875 -0.114044189453125
0.190048217773438 0.186676025390625 -0.267440795898438 -0.0688629150390625
0.120559692382813 0.197296142578125 -0.2364501953125 -0.066741943359375
0.117446899414063 0.241500854492188 -0.210052490234375 0.005126953125
0.120391845703125 0.339752197265625 -0.226211547851562 -0.00639343261718751
-0.19256591796875 0.523345947265625 -0.233291625976563 -0.0609893798828124
-0.463043212890625 0.396759033203125 -0.139381408691406 0.0395355224609375
-0.6248779296875 0.13421630859375 -0.46124267578125 0.15191650390625
-0.371856689453125 -0.0135498046875 -0.2769775390625 0.178497314453125
-0.289886474609375 0.1722412109375 -0.15997314453125 0.32049560546875
-0.0119781494140625 0.241790771484375 0.144699096679688 0.121292114257813
0.112678527832031 0.066009521484375 0.1375732421875 -0.124282836914063
0.0326652526855469 -0.0105609893798828 0.000228881835937516 -0.26605224609375
-0.0183143615722656 0.0416603088378906 -0.222320556640625 -0.3236083984375
0.000656127929687494 0.0701522827148438 -0.379791259765625 -0.21441650390625
0.0371627807617187 0.0836868286132812 -0.35382080078125 -0.150360107421875
0.0502090454101563 0.102348327636719 -0.32830810546875 -0.115936279296875
0.0201034545898437 0.0720291137695313 -0.28106689453125 -0.118118286132813
0.064605712890625 0.0807723999023438 -0.24468994140625 -0.0340423583984375
0.114578247070312 0.183563232421875 -0.28497314453125 -0.051300048828125
-0.119720458984375 0.373260498046875 -0.2506103515625 -0.124069213867187
-0.365234375 0.244964599609375 -0.165390014648438 0.068389892578125
-0.444580078125 0.00146484374999991 -0.6043701171875 0.1842041015625
0.15081787109375 0.0796661376953125 0.67315673828125 -0.2769775390625
0.126075744628906 -0.124664306640625 0.186325073242188 -0.101318359375
-0.0562286376953125 -0.152999877929688 0.226043701171875 0.175491333007813
-0.163406372070313 -0.009063720703125 0.3475341796875 0.077423095703125
-0.068267822265625 0.121116638183594 0.2283935546875 0.0463104248046875
0.064788818359375 0.0705032348632813 0.245437622070313 0.125473022460938
0.109237670898438 0.00751495361328125 0.34039306640625 0.146575927734375
0.081634521484375 0.0208282470703125 0.34234619140625 0.171356201171875
0.0941162109375 0.00112152099609375 0.362823486328125 0.22149658203125
0.0958480834960938 0.075042724609375 0.232315063476563 0.275772094726563
0.00467681884765625 0.126373291015625 0.0382537841796875 0.204559326171875
-0.120986938476563 0.0663299560546875 -0.0540695190429688 0.108268737792969
-0.0725479125976563 -0.095672607421875 -0.0901336669921875 -0.0675125122070313
0.102310180664063 -0.0950698852539063 0.060150146484375 -0.3150634765625
0.167068481445313 0.0702362060546875 0.28790283203125 -0.2169189453125
-0.15264892578125 0.171310424804688 0.6741943359375 -0.2271728515625
-0.124824523925781 0.040802001953125 0.155471801757813 -0.0694427490234375
-0.199676513671875 0.087310791015625 0.238250732421875 0.254638671875
-0.201812744140625 0.183090209960938 0.403228759765625 0.094024658203125
-0.07049560546875 0.30682373046875 0.230300903320313 0.00712585449218752
0.132293701171875 0.23175048828125 0.198974609375 0.07464599609375
0.22479248046875 0.123733520507813 0.2698974609375 0.129287719726562
0.197891235351563 0.124954223632813 0.276779174804688 0.162002563476563
0.204132080078125 0.0794525146484375 0.315032958984375 0.196563720703125
0.153427124023438 0.148941040039062 0.206588745117188 0.231094360351563
0.0514678955078125 0.209808349609375 0.04071044921875 0.169662475585938
-0.0892181396484375 0.178970336914063 -0.0247268676757813 0.0907135009765625
-0.16656494140625 0.0605010986328125 -0.082000732421875 -0.0355148315429688
-0.0743255615234375 0.0108566284179687 0.032623291015625 -0.29327392578125
-0.0818862915039062 0.126594543457031 0.26580810546875 -0.209793090820313
-0.433990478515625 0.203521728515625 0.5775146484375 -0.141357421875
-0.38934326171875 0.1612548828125 0.09228515625 0.00276947021484376
-0.3544921875 0.314178466796875 0.2484130859375 0.317413330078125
-0.230377197265625 0.3621826171875 0.446563720703125 0.078826904296875
-0.070465087890625 0.45416259765625 0.226348876953125 -0.0715484619140625
0.17138671875 0.360565185546875 0.12664794921875 -0.0247573852539062
0.3011474609375 0.223480224609375 0.15130615234375 0.0743255615234375
0.286346435546875 0.211761474609375 0.169342041015625 0.12860107421875
0.2977294921875 0.14501953125 0.2332763671875 0.159332275390625
0.211883544921875 0.210128784179688 0.15728759765625 0.184051513671875
0.114349365234375 0.282958984375 0.028961181640625 0.14703369140625
-0.022430419921875 0.287994384765625 -0.0221481323242188 0.0811996459960938
-0.213180541992188 0.244125366210938 -0.0987091064453125 -0.0156631469726562
-0.226348876953125 0.162750244140625 -0.00151062011718753 -0.261550903320313
-0.320098876953125 0.19989013671875 0.1905517578125 -0.177459716796875
-0.638427734375 0.18096923828125 0.404541015625 -0.043701171875
-0.59527587890625 0.22637939453125 0.00553131103515622 0.105560302734375
-0.458343505859375 0.478515625 0.25531005859375 0.348419189453125
-0.218048095703125 0.48126220703125 0.46124267578125 0.0272216796875
-0.048126220703125 0.521087646484375 0.204544067382813 -0.17388916015625
0.186126708984375 0.420257568359375 0.033660888671875 -0.149002075195312
0.326324462890625 0.2806396484375 0.00493192672729494 -0.00484228134155272
0.333709716796875 0.2674560546875 0.03704833984375 0.0761795043945313
0.359222412109375 0.195159912109375 0.119407653808594 0.111305236816406
0.257919311523438 0.258880615234375 0.0774002075195313 0.133064270019531
0.177337646484375 0.345550537109375 -0.00688171386718749 0.126548767089844
0.059051513671875 0.38592529296875 -0.0459060668945313 0.0750274658203125
-0.225067138671875 0.4312744140625 -0.132675170898438 -0.00251007080078124
-0.3463134765625 0.330413818359375 -0.0386199951171875 -0.206161499023437
-0.520965576171875 0.2694091796875 0.0681304931640625 -0.112617492675781
-0.73211669921875 0.1253662109375 0.189453125 0.0450439453125
-0.68115234375 0.24407958984375 -0.08184814453125 0.212509155273438
-0.454681396484375 0.540802001953125 0.251922607421875 0.33770751953125
-0.1468505859375 0.490753173828125 0.42803955078125 -0.03955078125
-0.01123046875 0.472686767578125 0.156875610351563 -0.267623901367187
0.170074462890625 0.393646240234375 -0.0679473876953125 -0.261871337890625
0.296234130859375 0.285614013671875 -0.144760131835937 -0.0875396728515625
0.3284912109375 0.2833251953125 -0.102691650390625 0.0120391845703125
0.36846923828125 0.22491455078125 -0.01837158203125 0.056396484375
0.267333984375 0.28460693359375 -0.032379150390625 0.0742111206054688
0.208648681640625 0.375823974609375 -0.0705947875976562 0.0994110107421875
0.12469482421875 0.44610595703125 -0.0951919555664063 0.063262939453125
-0.21588134765625 0.570068359375 -0.170455932617188 0.00205993652343751
-0.43023681640625 0.4571533203125 -0.0739288330078125 -0.122581481933594
-0.6583251953125 0.2991943359375 -0.0958480834960938 -0.0186920166015625
-0.70404052734375 0.0717773437500001 -0.017333984375 0.111495971679688
-0.63348388671875 0.237548828125 -0.1435546875 0.2926025390625
-0.341400146484375 0.497802734375 0.231781005859375 0.282318115234375
-0.043182373046875 0.38641357421875 0.344818115234375 -0.09881591796875
0.026275634765625 0.32904052734375 0.0941162109375 -0.3157958984375
0.122406005859375 0.295928955078125 -0.15692138671875 -0.3302001953125
0.220947265625 0.240997314453125 -0.272048950195313 -0.152801513671875
0.26922607421875 0.255142211914063 -0.227218627929687 -0.052215576171875
0.314056396484375 0.22601318359375 -0.158187866210937 -0.00259399414062502
0.220870971679688 0.270782470703125 -0.14984130859375 0.00706481933593751
0.186492919921875 0.34735107421875 -0.147720336914063 0.0596771240234375
0.144775390625 0.43524169921875 -0.16119384765625 0.039825439453125
-0.20513916015625 0.61114501953125 -0.20733642578125 -0.0110015869140624
-0.472869873046875 0.4923095703125 -0.108543395996094 -0.0304794311523437
-0.70379638671875 0.26373291015625 -0.281982421875 0.084442138671875
-0.578125 0.03082275390625 -0.18048095703125 0.15789794921875
-0.48797607421875 0.22027587890625 -0.165740966796875 0.331634521484375
-0.16973876953125 0.387725830078125 0.195877075195313 0.201324462890625
0.057098388671875 0.221603393554688 0.236343383789063 -0.129608154296875
0.0415191650390625 0.147171020507813 0.03369140625 -0.31097412109375
0.0547027587890625 0.166824340820313 -0.2154541015625 -0.34490966796875
0.117172241210937 0.164581298828125 -0.3555908203125 -0.1917724609375
0.166732788085938 0.185287475585938 -0.31805419921875 -0.105743408203125
0.201126098632813 0.187362670898438 -0.27239990234375 -0.060150146484375
0.127410888671875 0.201751708984375 -0.244598388671875 -0.0602874755859375
0.124847412109375 0.244903564453125 -0.212142944335938 0.01092529296875
0.131439208984375 0.341278076171875 -0.230911254882813 0.00169372558593749
-0.17535400390625 0.541748046875 -0.239364624023438 -0.0514984130859374
-0.460479736328125 0.419769287109375 -0.140625 0.04058837890625
-0.63909912109375 0.16082763671875 -0.463592529296875 0.168243408203125
-0.38311767578125 -6.10351562499375E-05 -0.28082275390625 0.189620971679687
-0.29278564453125 0.1888427734375 -0.155120849609375 0.337554931640625
-0.00177001953124998 0.246368408203125 0.151947021484375 0.12054443359375
0.115608215332031 0.058624267578125 0.136878967285156 -0.129829406738281
0.030426025390625 -0.014251708984375 -0.00498962402343753 -0.271636962890625
-0.0192031860351563 0.0449943542480469 -0.23736572265625 -0.321319580078125
-0.000556945800781252 0.0763015747070313 -0.3934326171875 -0.204681396484375
0.0386123657226563 0.086578369140625 -0.362518310546875 -0.14111328125
0.0551223754882812 0.104743957519531 -0.336639404296875 -0.106109619140625
0.0207138061523438 0.0768814086914063 -0.29193115234375 -0.11114501953125
0.0658798217773438 0.0809707641601563 -0.249359130859375 -0.0283203125
0.122085571289063 0.181549072265625 -0.29254150390625 -0.041259765625
-0.105682373046875 0.386199951171875 -0.259658813476563 -0.116409301757812
-0.367340087890625 0.264923095703125 -0.164810180664063 0.07080078125
-0.459686279296875 0.0160217285156249 -0.60870361328125 0.204345703125
0.1583251953125 0.0713653564453125 0.66619873046875 -0.3150634765625
0.118362426757813 -0.133636474609375 0.182968139648438 -0.110794067382813
-0.0672454833984375 -0.151992797851562 0.238510131835937 0.166366577148437
-0.16424560546875 0.00338745117187501 0.35491943359375 0.058746337890625
-0.0597000122070312 0.1268310546875 0.230850219726563 0.0357818603515625
0.069000244140625 0.06463623046875 0.255035400390625 0.116943359375
0.10992431640625 -0.00235748291015625 0.350555419921875 0.129608154296875
0.0844268798828125 0.0152206420898438 0.35296630859375 0.1546630859375
0.0944061279296875 -0.005523681640625 0.37786865234375 0.201507568359375
0.104095458984375 0.0665283203125 0.249862670898438 0.263702392578125
0.0155792236328125 0.127571105957031 0.046630859375 0.206329345703125
-0.118148803710937 0.0774307250976563 -0.0493087768554688 0.111457824707031
-0.0798416137695312 -0.0918426513671875 -0.09564208984375 -0.0636672973632813
0.096160888671875 -0.104637145996094 0.039154052734375 -0.320953369140625
0.175308227539063 0.0598907470703125 0.277938842773437 -0.2322998046875
-0.144912719726563 0.179763793945312 0.66839599609375 -0.26556396484375
-0.127456665039063 0.04730224609375 0.151229858398438 -0.0768890380859375
-0.199783325195313 0.098358154296875 0.255462646484375 0.24505615234375
-0.192718505859375 0.197341918945312 0.411773681640625 0.0711669921875
-0.05279541015625 0.314605712890625 0.231292724609375 -0.00373840332031248
0.144195556640625 0.226242065429688 0.205215454101562 0.0686187744140625
0.232711791992188 0.111679077148438 0.278854370117188 0.117691040039063
0.20684814453125 0.114364624023438 0.286895751953125 0.1500244140625
0.209747314453125 0.0677032470703125 0.32958984375 0.178802490234375
0.1639404296875 0.139373779296875 0.220718383789063 0.221420288085938
0.065338134765625 0.208984375 0.0477447509765625 0.170501708984375
-0.0810699462890625 0.188018798828125 -0.020263671875 0.0921630859375
-0.165252685546875 0.06964111328125 -0.0833816528320313 -0.0303878784179687
-0.0769805908203125 0.010009765625 0.01214599609375 -0.295989990234375
-0.0736007690429688 0.129684448242187 0.256057739257813 -0.223129272460937
-0.428985595703125 0.22686767578125 0.5745849609375 -0.1749267578125
-0.387908935546875 0.1829833984375 0.0889205932617187 -0.000511169433593739
-0.34307861328125 0.334564208984375 0.269500732421875 0.3056640625
-0.21466064453125 0.376434326171875 0.456756591796875 0.055267333984375
-0.045562744140625 0.461944580078125 0.223846435546875 -0.0837860107421875
0.189300537109375 0.355133056640625 0.126029968261719 -0.0282135009765625
0.313568115234375 0.21112060546875 0.155929565429688 0.0692138671875
0.300537109375 0.198883056640625 0.177627563476563 0.122406005859375
0.3074951171875 0.13006591796875 0.246139526367188 0.147064208984375
0.224334716796875 0.199630737304687 0.16943359375 0.177047729492188
0.131362915039063 0.280242919921875 0.0354156494140625 0.147201538085938
-0.00982666015624998 0.292388916015625 -0.017852783203125 0.0822525024414063
-0.201828002929688 0.2574462890625 -0.0978317260742188 -0.00817108154296872
-0.222488403320313 0.170730590820313 -0.0195770263671875 -0.262008666992188
-0.3104248046875 0.216644287109375 0.184097290039062 -0.18731689453125
-0.638671875 0.21392822265625 0.402801513671875 -0.066619873046875
-0.59185791015625 0.2603759765625 0.00611877441406245 0.107795715332031
-0.43719482421875 0.5064697265625 0.278961181640625 0.338470458984375
-0.19561767578125 0.495452880859375 0.46942138671875 0.00268554687500003
-0.021636962890625 0.527130126953125 0.197982788085937 -0.187103271484375
0.206634521484375 0.415679931640625 0.025604248046875 -0.1497802734375
0.3414306640625 0.27142333984375 0.00423693656921389 -0.00287938117980955
0.3529052734375 0.253631591796875 0.0424270629882813 0.0762786865234375
0.373321533203125 0.177642822265625 0.128921508789063 0.105247497558594
0.273529052734375 0.248458862304687 0.0858535766601563 0.130393981933594
0.196685791015625 0.340179443359375 -0.000404357910156228 0.128746032714844
0.076904296875 0.38665771484375 -0.0422592163085937 0.0768356323242188
-0.202301025390625 0.446136474609375 -0.130218505859375 0.0076446533203125
-0.335845947265625 0.345794677734375 -0.0521697998046875 -0.205596923828125
-0.512359619140625 0.298248291015625 0.0652923583984375 -0.116874694824219
-0.73431396484375 0.16363525390625 0.190383911132812 0.032867431640625
-0.67724609375 0.28350830078125 -0.0765686035156251 0.221710205078125
-0.42901611328125 0.56756591796875 0.274505615234375 0.32818603515625
-0.124053955078125 0.499053955078125 0.432647705078125 -0.06182861328125
0.013427734375 0.477264404296875 0.145309448242188 -0.279373168945312
0.188232421875 0.390411376953125 -0.0836639404296875 -0.259506225585937
0.3115234375 0.278106689453125 -0.151092529296875 -0.0783233642578125
0.347564697265625 0.2696533203125 -0.100685119628906 0.01922607421875
0.383331298828125 0.2086181640625 -0.0124893188476562 0.0575790405273438
0.283477783203125 0.27569580078125 -0.0277481079101562 0.0766067504882813
0.227630615234375 0.36920166015625 -0.0647125244140625 0.103729248046875
0.145050048828125 0.443023681640625 -0.092071533203125 0.0679702758789063
-0.18585205078125 0.5859375 -0.168472290039062 0.0145416259765625
-0.412872314453125 0.479339599609375 -0.082977294921875 -0.121017456054687
-0.64996337890625 0.33795166015625 -0.0942306518554688 -0.0141372680664062
-0.71075439453125 0.1083984375 -0.0150909423828125 0.110641479492187
-0.6295166015625 0.27496337890625 -0.133453369140625 0.305450439453125
-0.317352294921875 0.51812744140625 0.251174926757813 0.274673461914063
-0.024139404296875 0.386383056640625 0.345245361328125 -0.11724853515625
0.041473388671875 0.32745361328125 0.080474853515625 -0.324493408203125
0.13592529296875 0.293975830078125 -0.17633056640625 -0.32421875
0.23358154296875 0.237701416015625 -0.282196044921875 -0.137908935546875
0.28594970703125 0.244659423828125 -0.22918701171875 -0.0390625
0.328216552734375 0.212677001953125 -0.156845092773437 0.00592041015625003
0.235824584960938 0.26568603515625 -0.150650024414062 0.015777587890625
0.203643798828125 0.342376708984375 -0.143829345703125 0.0668334960937501
0.165802001953125 0.42919921875 -0.159500122070313 0.0476531982421876
-0.16973876953125 0.6268310546875 -0.206039428710937 0.00326538085937507
-0.453094482421875 0.520355224609375 -0.111427307128906 -0.0277175903320312
-0.698486328125 0.30426025390625 -0.275955200195313 0.098968505859375
-0.58612060546875 0.0625610351562501 -0.177597045898438 0.16552734375
-0.481964111328125 0.251220703125 -0.152679443359375 0.345947265625
-0.147979736328125 0.39825439453125 0.209182739257812 0.193756103515625
0.06719970703125 0.215225219726563 0.233001708984375 -0.141433715820312
0.046630859375 0.143585205078125 0.020050048828125 -0.316070556640625
0.0616912841796875 0.168304443359375 -0.234283447265625 -0.336334228515625
0.12359619140625 0.166275024414063 -0.368377685546875 -0.17291259765625
0.177001953125 0.180450439453125 -0.32330322265625 -0.089874267578125
0.2130126953125 0.1795654296875 -0.275833129882813 -0.0460052490234375
0.137832641601563 0.20135498046875 -0.250289916992188 -0.047882080078125
0.136825561523438 0.242324829101562 -0.212005615234375 0.020477294921875
0.14739990234375 0.33544921875 -0.231826782226563 0.014617919921875
-0.142425537109375 0.556640625 -0.240814208984375 -0.0366363525390625
-0.442626953125 0.44866943359375 -0.139839172363281 0.0447616577148438
-0.6427001953125 0.1956787109375 -0.45526123046875 0.19183349609375
-0.388336181640625 0.021697998046875 -0.276290893554688 0.204330444335938
-0.285919189453125 0.20855712890625 -0.139129638671875 0.35235595703125
0.0135345458984375 0.2469482421875 0.160369873046875 0.11553955078125
0.117950439453125 0.049102783203125 0.13299560546875 -0.135848999023437
0.0270156860351563 -0.0179462432861328 -0.0169677734375 -0.273605346679688
-0.0183258056640625 0.0496559143066406 -0.25537109375 -0.312469482421875
0.001708984375 0.0825271606445313 -0.4061279296875 -0.184356689453125
0.0419387817382812 0.0877761840820312 -0.3709716796875 -0.12286376953125
0.0615921020507813 0.104667663574219 -0.342742919921875 -0.0889587402343749
0.0227813720703125 0.0797958374023438 -0.300628662109375 -0.09735107421875
0.0687332153320312 0.079010009765625 -0.25177001953125 -0.0175018310546875
0.131057739257813 0.174041748046875 -0.2960205078125 -0.0247802734375
-0.081298828125 0.394744873046875 -0.265869140625 -0.102737426757813
-0.354766845703125 0.287445068359375 -0.160903930664063 0.0748748779296875
-0.468109130859375 0.04095458984375 -0.60113525390625 0.23638916015625
0.163421630859375 0.0605926513671875 0.64013671875 -0.34674072265625
0.107589721679687 -0.138374328613281 0.174819946289063 -0.117828369140625
-0.077484130859375 -0.146469116210938 0.245040893554688 0.153335571289063
-0.159408569335938 0.0148773193359375 0.35223388671875 0.0372314453125
-0.0495681762695313 0.128227233886719 0.227828979492188 0.024383544921875
0.0707931518554688 0.056976318359375 0.25958251953125 0.104049682617188
0.106658935546875 -0.0125198364257813 0.35296630859375 0.10992431640625
0.0847015380859375 0.0092010498046875 0.354034423828125 0.134490966796875
0.0925369262695313 -0.0131301879882813 0.38165283203125 0.1768798828125
0.10809326171875 0.0554885864257813 0.26043701171875 0.244461059570313
0.0255126953125 0.124282836914062 0.0536041259765625 0.202239990234375
-0.111442565917969 0.0858383178710937 -0.0429153442382813 0.111984252929688
-0.0841751098632813 -0.0864181518554688 -0.0978164672851563 -0.058197021484375
0.0859832763671875 -0.112236022949219 0.01763916015625 -0.317230224609375
0.178085327148438 0.0470123291015625 0.260009765625 -0.23895263671875
-0.132583618164062 0.183197021484375 0.64337158203125 -0.29833984375
-0.125511169433594 0.0537567138671875 0.143585205078125 -0.083282470703125
-0.194717407226563 0.107269287109375 0.26617431640625 0.227813720703125
-0.181076049804687 0.2060546875 0.41009521484375 0.04742431640625
-0.03326416015625 0.31341552734375 0.225982666015625 -0.0155487060546875
0.152603149414062 0.214202880859375 0.2061767578125 0.0590057373046875
0.234268188476562 0.0956878662109375 0.2816162109375 0.102813720703125
0.21124267578125 0.101455688476562 0.2904052734375 0.13360595703125
0.209701538085938 0.054901123046875 0.335479736328125 0.157745361328125
0.170257568359375 0.126022338867187 0.228988647460938 0.204803466796875
0.078155517578125 0.202484130859375 0.0530548095703125 0.16796875
-0.070281982421875 0.192047119140625 -0.0153350830078125 0.090118408203125
-0.158477783203125 0.0777435302734375 -0.0824661254882813 -0.0251693725585938
-0.0786895751953125 0.00945281982421876 -0.00790405273437502 -0.290557861328125
-0.062835693359375 0.129127502441406 0.241317749023438 -0.230194091796875
-0.412261962890625 0.24407958984375 0.55535888671875 -0.20257568359375
-0.376953125 0.201385498046875 0.0846099853515625 -0.00392913818359374
-0.32366943359375 0.347991943359375 0.284271240234375 0.287261962890625
-0.1939697265625 0.383331298828125 0.453582763671875 0.027618408203125
-0.02020263671875 0.45843505859375 0.215240478515625 -0.094268798828125
0.203125 0.34136962890625 0.122764587402344 -0.0327606201171875
0.31939697265625 0.19140625 0.157394409179688 0.06207275390625
0.3092041015625 0.17901611328125 0.182754516601563 0.112655639648438
0.309478759765625 0.1112060546875 0.251556396484375 0.130081176757812
0.2315673828125 0.18408203125 0.176437377929688 0.165237426757813
0.144866943359375 0.26934814453125 0.041168212890625 0.14434814453125
0.00415039062500002 0.290191650390625 -0.0133438110351563 0.0792770385742188
-0.185287475585937 0.263916015625 -0.0935592651367188 -0.00165557861328123
-0.2144775390625 0.174819946289063 -0.0365447998046875 -0.255661010742188
-0.293975830078125 0.226837158203125 0.17333984375 -0.19244384765625
-0.6209716796875 0.2415771484375 0.39141845703125 -0.08892822265625
-0.5726318359375 0.2882080078125 0.00696563720703122 0.107902526855469
-0.406951904296875 0.52105712890625 0.294097900390625 0.3187255859375
-0.16961669921875 0.496551513671875 0.465667724609375 -0.02294921875
0.004486083984375 0.520355224609375 0.184402465820312 -0.195358276367187
0.2222900390625 0.400665283203125 0.0164947509765625 -0.14752197265625
0.350067138671875 0.252471923828125 0.00436592102050783 -0.000188112258911117
0.362213134765625 0.232147216796875 0.046875 0.0740280151367188
0.376556396484375 0.155792236328125 0.1346435546875 0.0953521728515625
0.2822265625 0.231170654296875 0.0916290283203125 0.124252319335938
0.2117919921875 0.326141357421875 0.00608825683593751 0.127342224121094
0.09228515625 0.37762451171875 -0.0374755859375 0.0754852294921875
-0.173919677734375 0.449920654296875 -0.123458862304688 0.01605224609375
-0.31695556640625 0.353790283203125 -0.06500244140625 -0.198715209960937
-0.488983154296875 0.31903076171875 0.0610809326171875 -0.11761474609375
-0.720703125 0.1986083984375 0.186187744140625 0.02044677734375
-0.655517578125 0.31585693359375 -0.0689697265625 0.224273681640625
-0.39447021484375 0.58135986328125 0.29058837890625 0.310150146484375
-0.100616455078125 0.494659423828125 0.425872802734375 -0.085418701171875
0.03741455078125 0.46832275390625 0.1295166015625 -0.2845458984375
0.2034912109375 0.37811279296875 -0.0964813232421875 -0.25067138671875
0.321685791015625 0.261505126953125 -0.15289306640625 -0.0662689208984375
0.35736083984375 0.248260498046875 -0.0957794189453125 0.0252532958984375
0.388671875 0.18560791015625 -0.00632858276367185 0.0556182861328125
0.2933349609375 0.2598876953125 -0.0229034423828125 0.0772628784179688
0.24298095703125 0.354736328125 -0.0579833984375 0.104957580566406
0.161285400390625 0.42822265625 -0.0868148803710937 0.069580078125
-0.150146484375 0.58392333984375 -0.160186767578125 0.0256195068359376
-0.38397216796875 0.49169921875 -0.0897903442382813 -0.11541748046875
-0.62298583984375 0.36669921875 -0.0896072387695313 -0.00997161865234373
-0.69873046875 0.14385986328125 -0.0128402709960938 0.107345581054688
-0.60784912109375 0.306884765625 -0.119293212890625 0.310638427734375
-0.283203125 0.526458740234375 0.263824462890625 0.2589111328125
-0.00704956054687501 0.377288818359375 0.33587646484375 -0.1331787109375
0.055450439453125 0.31842041015625 0.06365966796875 -0.325439453125
0.1466064453125 0.28564453125 -0.19171142578125 -0.31060791015625
0.243057250976563 0.228302001953125 -0.28485107421875 -0.11883544921875
0.29400634765625 0.2276611328125 -0.225128173828125 -0.0267791748046875
0.33453369140625 0.193084716796875 -0.150604248046875 0.01275634765625
0.245635986328125 0.253448486328125 -0.147857666015625 0.02392578125
0.217010498046875 0.329193115234375 -0.138015747070313 0.0719375610351563
0.18072509765625 0.41485595703125 -0.1539306640625 0.0542449951171875
-0.131591796875 0.62493896484375 -0.197982788085938 0.015869140625
-0.42138671875 0.5347900390625 -0.11181640625 -0.0240707397460937
-0.677001953125 0.338134765625 -0.262557983398438 0.109832763671875
-0.57672119140625 0.09405517578125 -0.168777465820313 0.169815063476563
-0.462890625 0.27740478515625 -0.133697509765625 0.352081298828125
-0.12237548828125 0.398223876953125 0.217864990234375 0.182098388671875
0.0745086669921875 0.20367431640625 0.2242431640625 -0.15045166015625
0.049957275390625 0.136222839355469 0.00585937500000003 -0.313690185546875
0.0676116943359375 0.165390014648438 -0.247955322265625 -0.319610595703125
0.130462646484375 0.164443969726563 -0.3726806640625 -0.14935302734375
0.183837890625 0.171722412109375 -0.32012939453125 -0.07232666015625
0.219573974609375 0.167404174804688 -0.269546508789063 -0.0317993164062499
0.14569091796875 0.195220947265625 -0.249130249023438 -0.0342254638671875
0.145599365234375 0.23333740234375 -0.207061767578125 0.0295867919921875
0.160369873046875 0.320098876953125 -0.225906372070313 0.0255889892578125
-0.1087646484375 0.555084228515625 -0.235397338867188 -0.022003173828125
-0.413787841796875 0.4652099609375 -0.1348876953125 0.0471649169921876
-0.62548828125 0.22979736328125 -0.4354248046875 0.209747314453125
-0.3839111328125 0.04425048828125 -0.264694213867188 0.21380615234375
-0.271163940429688 0.224411010742188 -0.1190185546875 0.3575439453125
0.0294036865234375 0.24066162109375 0.1644287109375 0.107696533203125
0.115570068359375 0.0388031005859375 0.1248779296875 -0.138900756835938
0.0224494934082031 -0.0203456878662109 -0.02825927734375 -0.269744873046875
-0.0159416198730469 0.0523834228515625 -0.267059326171875 -0.294830322265625
0.00585174560546874 0.0879669189453125 -0.408905029296875 -0.160491943359375
0.0445098876953125 0.08782958984375 -0.367706298828125 -0.10345458984375
0.0658035278320313 0.102066040039063 -0.337799072265625 -0.0708312988281249
0.0253448486328125 0.0806503295898438 -0.300933837890625 -0.080474853515625
0.0690155029296875 0.0748672485351563 -0.24774169921875 -0.00650024414062495
0.135910034179688 0.162551879882813 -0.29168701171875 -0.00769042968749995
-0.055419921875 0.3917236328125 -0.264633178710938 -0.0866241455078125
-0.3358154296875 0.3043212890625 -0.153244018554688 0.0774993896484375
-0.46435546875 0.067474365234375 -0.57708740234375 0.26177978515625
0.16455078125 0.0518798828125 0.61181640625 -0.35968017578125
0.0974960327148438 -0.139251708984375 0.16552734375 -0.120147705078125
-0.0834732055664063 -0.139167785644531 0.245574951171875 0.14251708984375
-0.153305053710938 0.022308349609375 0.3436279296875 0.0223388671875
-0.0416717529296875 0.127349853515625 0.220840454101563 0.0171051025390625
0.0697860717773438 0.0504150390625 0.257858276367188 0.0940704345703125
0.102149963378906 -0.0203399658203125 0.346893310546875 0.093902587890625
0.084014892578125 0.003448486328125 0.34698486328125 0.120819091796875
0.0896377563476563 -0.0173263549804688 0.376068115234375 0.157623291015625
0.109413146972656 0.0458908081054688 0.2613525390625 0.2266845703125
0.0328750610351563 0.1202392578125 0.0558013916015625 0.198394775390625
-0.103523254394531 0.0908355712890625 -0.0380783081054688 0.109519958496094
-0.085845947265625 -0.0805816650390625 -0.0974807739257813 -0.0542068481445312
0.0774612426757813 -0.1148681640625 0.00103759765624998 -0.307525634765625
0.178726196289063 0.0368194580078125 0.245834350585938 -0.237533569335938
-0.121047973632812 0.181427001953125 0.61492919921875 -0.31298828125
-0.123153686523438 0.0556488037109375 0.134490966796875 -0.0846939086914063
-0.188568115234375 0.111328125 0.268661499023438 0.214019775390625
-0.170364379882813 0.208648681640625 0.400970458984375 0.029144287109375
-0.0205078125 0.307281494140625 0.218612670898438 -0.0213623046875
0.15460205078125 0.202774047851563 0.203781127929688 0.0516204833984375
0.231170654296875 0.0831146240234375 0.277587890625 0.0912628173828125
0.211517333984375 0.0903472900390625 0.287078857421875 0.12188720703125
0.2059326171875 0.0446929931640625 0.33184814453125 0.1397705078125
0.170486450195313 0.113922119140625 0.22979736328125 0.1903076171875
0.085784912109375 0.194290161132813 0.0548248291015625 0.163238525390625
-0.062103271484375 0.191818237304687 -0.0126190185546875 0.0859909057617188
-0.151901245117188 0.0801849365234375 -0.0786819458007813 -0.0219879150390625
-0.0799560546875 0.00804138183593751 -0.021392822265625 -0.280059814453125
-0.0549163818359375 0.123420715332031 0.22808837890625 -0.22869873046875
-0.3946533203125 0.248992919921875 0.53143310546875 -0.2174072265625
-0.362396240234375 0.208770751953125 0.0780487060546875 -0.00514984130859374
-0.305267333984375 0.34893798828125 0.28741455078125 0.27044677734375
-0.1783447265625 0.379791259765625 0.445037841796875 0.00869750976562502
-0.0037841796875 0.447784423828125 0.205535888671875 -0.0988616943359375
0.2071533203125 0.326629638671875 0.117965698242188 -0.0351181030273437
0.31781005859375 0.17645263671875 0.156173706054688 0.0579376220703125
0.30859375 0.164215087890625 0.182403564453125 0.104873657226563
0.30511474609375 0.09686279296875 0.249923706054688 0.116012573242188
0.231552124023437 0.170135498046875 0.177581787109375 0.154556274414063
0.151336669921875 0.2572021484375 0.0437240600585938 0.140281677246094
0.011993408203125 0.2845458984375 -0.0112686157226563 0.075531005859375
-0.170623779296875 0.261581420898438 -0.0869674682617188 0.000770568847656253
-0.20648193359375 0.173248291015625 -0.04705810546875 -0.244873046875
-0.27685546875 0.226425170898438 0.164718627929687 -0.191864013671875
-0.60028076171875 0.2542724609375 0.3734130859375 -0.100616455078125
-0.551666259765625 0.301361083984375 0.00506591796874996 0.106124877929688
-0.379180908203125 0.519622802734375 0.298980712890625 0.302032470703125
-0.1534423828125 0.48736572265625 0.45501708984375 -0.040557861328125
0.0220947265625 0.507049560546875 0.172637939453125 -0.197341918945312
0.227264404296875 0.38543701171875 0.00950622558593751 -0.144424438476562
0.35015869140625 0.236907958984375 0.00434970855712893 0.00336217880249025
0.361297607421875 0.213897705078125 0.0502395629882813 0.0716629028320313
0.371002197265625 0.139312744140625 0.135902404785156 0.08599853515625
0.2818603515625 0.21661376953125 0.0941390991210938 0.117698669433594
0.21728515625 0.3115234375 0.00913238525390627 0.123832702636719
0.099639892578125 0.3656005859375 -0.0342330932617187 0.0722427368164063
-0.153228759765625 0.441162109375 -0.114334106445313 0.020294189453125
-0.299957275390625 0.351593017578125 -0.072021484375 -0.190460205078125
-0.465789794921875 0.324310302734375 0.0588912963867187 -0.116752624511719
-0.697509765625 0.21630859375 0.178024291992187 0.01153564453125
-0.62994384765625 0.3316650390625 -0.0643310546875001 0.222930908203125
-0.36468505859375 0.578857421875 0.29443359375 0.293060302734375
-0.08416748046875 0.4814453125 0.414215087890625 -0.0987548828125
0.049224853515625 0.45440673828125 0.11761474609375 -0.28216552734375
0.207366943359375 0.363922119140625 -0.103729248046875 -0.241348266601562
0.323516845703125 0.249725341796875 -0.150665283203125 -0.0561981201171875
0.358184814453125 0.23095703125 -0.09051513671875 0.0278167724609375
0.384857177734375 0.1685791015625 -0.00199508666992186 0.0521621704101563
0.29376220703125 0.245269775390625 -0.0196914672851562 0.0760879516601563
0.248016357421875 0.3385009765625 -0.0529861450195312 0.103431701660156
0.168121337890625 0.41265869140625 -0.0821914672851562 0.0686798095703125
-0.12420654296875 0.5723876953125 -0.149505615234375 0.0303802490234376
-0.36065673828125 0.48834228515625 -0.09222412109375 -0.109977722167969
-0.59478759765625 0.3782958984375 -0.084075927734375 -0.00800323486328124
-0.6790771484375 0.1641845703125 -0.0124053955078126 0.103034973144531
-0.582275390625 0.3226318359375 -0.109344482421875 0.309478759765625
-0.25799560546875 0.519989013671875 0.267486572265625 0.245208740234375
0.000732421875000033 0.364654541015625 0.3262939453125 -0.1414794921875
0.061614990234375 0.306549072265625 0.052520751953125 -0.3204345703125
0.14996337890625 0.276382446289063 -0.19671630859375 -0.296112060546875
0.245712280273438 0.22039794921875 -0.280410766601563 -0.103012084960937
0.295623779296875 0.214599609375 -0.217254638671875 -0.0191650390625
0.332122802734375 0.178863525390625 -0.143844604492187 0.0145721435546875
0.246856689453125 0.241455078125 -0.14276123046875 0.0284576416015625
0.2216796875 0.314788818359375 -0.131523132324219 0.07330322265625
0.186187744140625 0.397918701171875 -0.147933959960938 0.055938720703125
-0.10400390625 0.6107177734375 -0.187591552734375 0.0222473144531251
-0.394073486328125 0.533966064453125 -0.110527038574219 -0.0218048095703125
-0.6492919921875 0.35162353515625 -0.248931884765625 0.11383056640625
-0.560516357421875 0.111907958984375 -0.161666870117188 0.168746948242188
-0.44085693359375 0.2882080078125 -0.11895751953125 0.34991455078125
-0.103485107421875 0.389434814453125 0.220046997070313 0.171798706054688
0.075469970703125 0.191513061523438 0.216873168945313 -0.1527099609375
0.0497817993164063 0.129486083984375 -0.00323486328124997 -0.30615234375
0.069976806640625 0.161041259765625 -0.2528076171875 -0.302703857421875
0.1343994140625 0.161605834960938 -0.3660888671875 -0.1309814453125
0.184341430664063 0.164138793945313 -0.311279296875 -0.0615234374999999
0.219345092773437 0.156814575195312 -0.26025390625 -0.0246429443359375
0.146987915039062 0.18853759765625 -0.243392944335938 -0.0245513916015625
0.148086547851563 0.22314453125 -0.199752807617188 0.0339202880859375
0.163330078125 0.306610107421875 -0.218460083007813 0.0321502685546875
-0.083343505859375 0.5399169921875 -0.2257080078125 -0.0130767822265625
-0.38800048828125 0.466217041015625 -0.129852294921875 0.046875
-0.60638427734375 0.24554443359375 -0.41412353515625 0.217315673828125
-0.3734130859375 0.05859375 -0.25244140625 0.21539306640625
-0.2548828125 0.232147216796875 -0.101959228515625 0.35418701171875
0.039520263671875 0.2308349609375 0.165817260742188 0.101028442382813
0.110923767089844 0.0304183959960938 0.119247436523438 -0.137428283691406
0.0176830291748047 -0.0217723846435547 -0.0339508056640625 -0.26275634765625
-0.0142898559570313 0.052978515625 -0.26971435546875 -0.279342651367187
0.0101242065429688 0.090911865234375 -0.403045654296875 -0.140625
0.0454177856445313 0.0874404907226562 -0.358367919921875 -0.090972900390625
0.06695556640625 0.098846435546875 -0.327972412109375 -0.0599365234374999
0.0265045166015625 0.0810165405273438 -0.295196533203125 -0.0681152343749999
0.0679397583007813 0.071197509765625 -0.24005126953125 0.000244140625000049
0.136032104492188 0.152877807617188 -0.28271484375 0.00256347656249995
-0.03619384765625 0.380889892578125 -0.257583618164063 -0.0756988525390625
-0.31671142578125 0.30865478515625 -0.146286010742188 0.0755157470703125
-0.453765869140625 0.0833740234375 -0.55084228515625 0.270843505859375
0.164825439453125 0.0458984375 0.5938720703125 -0.364013671875
0.0921478271484375 -0.138679504394531 0.160171508789063 -0.12030029296875
-0.0865631103515625 -0.134613037109375 0.245147705078125 0.138046264648437
-0.149200439453125 0.0255126953125 0.336944580078125 0.014984130859375
-0.0360107421875 0.12567138671875 0.215988159179687 0.0155181884765625
0.0678634643554688 0.0473136901855469 0.256454467773438 0.0885162353515625
0.09698486328125 -0.0259933471679688 0.342193603515625 0.088775634765625
0.0841903686523437 -0.00042724609375 0.342010498046875 0.11468505859375
0.088043212890625 -0.0209426879882813 0.37103271484375 0.1468505859375
0.108932495117188 0.0380706787109375 0.258529663085938 0.217178344726563
0.0381317138671875 0.116600036621094 0.055816650390625 0.195938110351563
-0.0995330810546875 0.0931320190429688 -0.0362777709960938 0.106002807617188
-0.0860519409179688 -0.078643798828125 -0.0962905883789062 -0.0528488159179688
0.0711517333984375 -0.116615295410156 -0.00796508789062502 -0.299102783203125
0.17901611328125 0.02978515625 0.238357543945313 -0.23260498046875
-0.115509033203125 0.177810668945313 0.5970458984375 -0.317626953125
-0.122444152832031 0.0560073852539062 0.128494262695313 -0.0834808349609375
-0.185745239257813 0.1134033203125 0.268386840820313 0.2073974609375
-0.164886474609375 0.20770263671875 0.39410400390625 0.019775390625
-0.013824462890625 0.3023681640625 0.213333129882812 -0.0234527587890625
0.15350341796875 0.196762084960938 0.201004028320313 0.0477142333984375
0.227203369140625 0.0764312744140625 0.274246215820313 0.0875091552734375
0.209884643554688 0.08331298828125 0.283172607421875 0.11712646484375
0.2032470703125 0.0390777587890625 0.327728271484375 0.130615234375
0.168914794921875 0.105987548828125 0.2274169921875 0.181991577148437
0.0891571044921875 0.188552856445313 0.05413818359375 0.161849975585938
-0.058074951171875 0.191268920898438 -0.011932373046875 0.0818023681640625
-0.147979736328125 0.079071044921875 -0.0758285522460938 -0.0217056274414062
-0.0825347900390625 0.00540924072265627 -0.0287933349609375 -0.271957397460938
-0.0495986938476562 0.117431640625 0.222946166992188 -0.224288940429688
-0.38385009765625 0.248382568359375 0.51678466796875 -0.222259521484375
-0.3563232421875 0.21051025390625 0.0719375610351562 -0.00481414794921874
-0.295654296875 0.348388671875 0.289215087890625 0.2637939453125
-0.173248291015625 0.37493896484375 0.437530517578125 -0.00109863281249998
0.00372314453124997 0.441436767578125 0.199447631835937 -0.100021362304687
0.20599365234375 0.319305419921875 0.113922119140625 -0.036041259765625
0.31463623046875 0.16851806640625 0.154495239257813 0.056610107421875
0.307159423828125 0.155670166015625 0.181121826171875 0.100982666015625
0.300811767578125 0.09039306640625 0.24749755859375 0.108184814453125
0.229400634765625 0.162109375 0.176422119140625 0.148757934570313
0.154144287109375 0.250091552734375 0.0430679321289063 0.139320373535156
0.014739990234375 0.280975341796875 -0.0111465454101563 0.0709228515625
-0.1641845703125 0.256805419921875 -0.0817413330078125 0.00152587890625003
-0.205001831054687 0.169326782226563 -0.0522918701171875 -0.237823486328125
-0.2667236328125 0.22265625 0.162506103515625 -0.18896484375
-0.586181640625 0.25732421875 0.3626708984375 -0.105316162109375
-0.537994384765625 0.3048095703125 0.00131225585937496 0.106956481933594
-0.366973876953125 0.51800537109375 0.300048828125 0.293914794921875
-0.148101806640625 0.480255126953125 0.447967529296875 -0.048431396484375
0.02880859375 0.4981689453125 0.166488647460938 -0.19696044921875
0.226654052734375 0.376678466796875 0.00617980957031251 -0.142013549804687
0.34893798828125 0.229400634765625 0.00502300262451174 0.0061616897583008
0.360107421875 0.204071044921875 0.051422119140625 0.0703277587890625
0.367431640625 0.130889892578125 0.135833740234375 0.0799331665039063
0.27850341796875 0.208908081054688 0.0943832397460938 0.113662719726563
0.218475341796875 0.3026123046875 0.00946807861328127 0.121742248535156
0.099853515625 0.360382080078125 -0.0340385437011719 0.0688095092773438
-0.145172119140625 0.432861328125 -0.106636047363281 0.02044677734375
-0.29278564453125 0.3458251953125 -0.0748138427734375 -0.1851806640625
-0.4508056640625 0.321807861328125 0.0600357055664062 -0.115669250488281
-0.68414306640625 0.22283935546875 0.170852661132812 0.00796508789062501
-0.6146240234375 0.33489990234375 -0.0653228759765625 0.222259521484375
-0.348876953125 0.57147216796875 0.295928955078125 0.28564453125
-0.0805053710937499 0.4713134765625 0.407989501953125 -0.10333251953125
0.053924560546875 0.44464111328125 0.111618041992188 -0.280242919921875
0.205963134765625 0.3575439453125 -0.107086181640625 -0.235824584960937
0.32440185546875 0.243072509765625 -0.148147583007812 -0.0488739013671875
0.35638427734375 0.223114013671875 -0.087066650390625 0.0286788940429688
0.38104248046875 0.160491943359375 -0.000438690185546848 0.0487403869628906
0.291015625 0.239654541015625 -0.0176849365234375 0.0752029418945313
0.249237060546875 0.329833984375 -0.051483154296875 0.102249145507813
0.16815185546875 0.403900146484375 -0.0810089111328125 0.0657501220703125
-0.1131591796875 0.559722900390625 -0.14129638671875 0.0313415527343751
-0.34979248046875 0.4835205078125 -0.0931777954101563 -0.106918334960937
-0.58221435546875 0.376708984375 -0.0785293579101563 -0.00846099853515624
-0.66729736328125 0.1697998046875 -0.0143661499023438 0.09979248046875
-0.5673828125 0.328369140625 -0.106658935546875 0.307830810546875
-0.24310302734375 0.51220703125 0.268234252929688 0.237808227539063
0.00183105468750001 0.354461669921875 0.321197509765625 -0.143829345703125
0.06280517578125 0.298919677734375 0.04815673828125 -0.3177490234375
0.147979736328125 0.27130126953125 -0.2000732421875 -0.28863525390625
0.246612548828125 0.217147827148438 -0.275787353515625 -0.0935058593750001
0.2938232421875 0.207763671875 -0.212173461914062 -0.0160675048828125
0.328826904296875 0.17266845703125 -0.139091491699219 0.0136184692382812
0.245223999023438 0.236419677734375 -0.139175415039062 0.0300521850585938
0.221221923828125 0.30706787109375 -0.128173828125 0.072540283203125
0.18609619140625 0.389190673828125 -0.14508056640625 0.0557098388671875
-0.09234619140625 0.598876953125 -0.178634643554688 0.023834228515625
-0.382537841796875 0.529144287109375 -0.108833312988281 -0.0217819213867187
-0.63604736328125 0.3551025390625 -0.239456176757813 0.112701416015625
-0.55133056640625 0.120025634765625 -0.159896850585938 0.16644287109375
-0.427215576171875 0.29302978515625 -0.11376953125 0.347442626953125
-0.093292236328125 0.381134033203125 0.220993041992188 0.16790771484375
0.0727996826171875 0.1839599609375 0.212890625 -0.152099609375
0.0473403930664062 0.124885559082031 -0.00549316406250001 -0.302886962890625
0.0694580078125 0.159286499023438 -0.25384521484375 -0.294647216796875
0.13690185546875 0.161422729492188 -0.36077880859375 -0.120880126953125
0.184188842773438 0.160873413085938 -0.30413818359375 -0.0574951171875
0.216552734375 0.153427124023438 -0.254257202148437 -0.0233612060546875
0.14605712890625 0.186416625976563 -0.239181518554688 -0.0203399658203125
0.147552490234375 0.21826171875 -0.19561767578125 0.034637451171875
0.1622314453125 0.2984619140625 -0.213653564453125 0.0342559814453125
-0.070953369140625 0.529815673828125 -0.2174072265625 -0.01104736328125
-0.37579345703125 0.46295166015625 -0.126602172851563 0.0446548461914063
-0.59564208984375 0.251708984375 -0.40045166015625 0.21551513671875
-0.36651611328125 0.065338134765625 -0.246780395507813 0.21295166015625
-0.24468994140625 0.234710693359375 -0.093536376953125 0.350616455078125
0.044769287109375 0.223587036132812 0.165664672851563 0.09820556640625
0.105728149414063 0.0257034301757813 0.117660522460938 -0.134513854980469
0.0134544372558594 -0.0221691131591797 -0.0357513427734375 -0.25860595703125
-0.0135345458984375 0.0533485412597656 -0.26934814453125 -0.2718505859375
0.0136184692382813 0.0940017700195313 -0.395782470703125 -0.13177490234375
0.0455245971679688 0.0888214111328125 -0.351470947265625 -0.0860900878906251
0.0657806396484375 0.0983200073242188 -0.32080078125 -0.0570678710937499
0.025665283203125 0.0819778442382813 -0.29046630859375 -0.0631713867187499
0.0657730102539063 0.0694808959960938 -0.235855102539062 0.00230407714843755
0.134078979492187 0.147354125976563 -0.276718139648438 0.00732421875000005
-0.02679443359375 0.372406005859375 -0.252349853515625 -0.0714569091796875
-0.306793212890625 0.308563232421875 -0.141876220703125 0.0719146728515625
-0.447998046875 0.091094970703125 -0.534271240234375 0.270782470703125
0.168472290039063 0.0413818359375 0.58819580078125 -0.3697509765625
0.0889968872070312 -0.140243530273437 0.1585693359375 -0.120010375976563
-0.0898666381835937 -0.132278442382813 0.248703002929688 0.137969970703125
-0.147979736328125 0.028717041015625 0.336700439453125 0.010498046875
-0.0326614379882812 0.127372741699219 0.215301513671875 0.0149688720703125
0.0673065185546875 0.045013427734375 0.258071899414063 0.0859832763671875
0.0937118530273438 -0.0301971435546875 0.342926025390625 0.08587646484375
0.0851669311523437 -0.00414276123046875 0.340972900390625 0.11419677734375
0.0881500244140625 -0.0241470336914062 0.371551513671875 0.142852783203125
0.10986328125 0.0321044921875 0.259613037109375 0.212753295898438
0.0435333251953125 0.115020751953125 0.0554656982421875 0.198822021484375
-0.0970382690429687 0.0975723266601563 -0.0362319946289063 0.103866577148438
-0.0877685546875 -0.07861328125 -0.0970916748046875 -0.0543670654296875
0.0673751831054688 -0.119422912597656 -0.013397216796875 -0.296142578125
0.181976318359375 0.0238800048828125 0.238479614257812 -0.23004150390625
-0.112686157226563 0.17626953125 0.59124755859375 -0.3218994140625
-0.123023986816406 0.0571746826171875 0.12469482421875 -0.0827560424804688
-0.186355590820313 0.115798950195312 0.273147583007813 0.207855224609375
-0.165115356445313 0.210647583007813 0.39520263671875 0.015167236328125
-0.00906372070312501 0.304443359375 0.21221923828125 -0.02423095703125
0.15313720703125 0.196426391601562 0.201019287109375 0.0468597412109375
0.225997924804688 0.0727081298828125 0.276290893554688 0.08624267578125
0.2127685546875 0.0796051025390625 0.28424072265625 0.116241455078125
0.203445434570312 0.03594970703125 0.3260498046875 0.1273193359375
0.1693115234375 0.101364135742188 0.228378295898437 0.179351806640625
0.0941619873046875 0.187149047851563 0.0533599853515625 0.163742065429688
-0.05609130859375 0.193756103515625 -0.01312255859375 0.0789566040039063
-0.148117065429688 0.07879638671875 -0.0743942260742188 -0.0231552124023438
-0.086395263671875 0.00375366210937502 -0.033935546875 -0.268081665039063
-0.04681396484375 0.113433837890625 0.2230224609375 -0.2235107421875
-0.38262939453125 0.250152587890625 0.511260986328125 -0.225921630859375
-0.35589599609375 0.213653564453125 0.0674362182617187 -0.00204086303710936
-0.2950439453125 0.350830078125 0.292236328125 0.264495849609375
-0.1739501953125 0.376220703125 0.439605712890625 -0.00628662109374998
0.007781982421875 0.442291259765625 0.197525024414063 -0.101303100585937
0.2083740234375 0.320220947265625 0.112335205078125 -0.0366592407226562
0.31671142578125 0.16510009765625 0.156036376953125 0.0572967529296875
0.310394287109375 0.1514892578125 0.182098388671875 0.100860595703125
0.3016357421875 0.0870361328125 0.24761962890625 0.104965209960938
0.22906494140625 0.159378051757812 0.176971435546875 0.146484375
0.1578369140625 0.248138427734375 0.0415878295898438 0.140480041503906
0.015594482421875 0.283203125 -0.0129013061523437 0.0683059692382813
-0.162368774414063 0.256301879882812 -0.0783462524414063 -9.91821289062241E-05
-0.207992553710938 0.16815185546875 -0.0558929443359375 -0.234573364257813
-0.264297485351563 0.219329833984375 0.164077758789063 -0.188827514648438
-0.58721923828125 0.2606201171875 0.358551025390625 -0.10736083984375
-0.5386962890625 0.308135986328125 -0.00380706787109378 0.109817504882813
-0.36328125 0.519500732421875 0.30438232421875 0.2935791015625
-0.148681640625 0.480621337890625 0.449981689453125 -0.055267333984375
0.0323486328125 0.498931884765625 0.165206909179688 -0.198715209960937
0.2266845703125 0.3792724609375 0.00189208984375 -0.142074584960937
0.352386474609375 0.227325439453125 0.00651645660400393 0.00930881500244142
0.36529541015625 0.200927734375 0.0525665283203125 0.07061767578125
0.367340087890625 0.12921142578125 0.135643005371094 0.0771255493164063
0.278762817382813 0.207733154296875 0.0955352783203125 0.113136291503906
0.220855712890625 0.301300048828125 0.00946044921875002 0.123291015625
0.099700927734375 0.3614501953125 -0.0365829467773438 0.066253662109375
-0.141510009765625 0.432220458984375 -0.102821350097656 0.0196304321289063
-0.29437255859375 0.347015380859375 -0.077423095703125 -0.182876586914062
-0.450836181640625 0.320831298828125 0.0628433227539062 -0.116683959960937
-0.685791015625 0.22674560546875 0.1669921875 0.00656127929687501
-0.61199951171875 0.34124755859375 -0.0691070556640625 0.225936889648438
-0.34320068359375 0.57452392578125 0.30035400390625 0.285888671875
-0.081451416015625 0.470672607421875 0.41046142578125 -0.108673095703125
0.0555419921875 0.4443359375 0.10980224609375 -0.282440185546875
0.206146240234375 0.35931396484375 -0.112762451171875 -0.235504150390625
0.327850341796875 0.24432373046875 -0.146682739257812 -0.0443878173828125
0.3602294921875 0.21978759765625 -0.0859603881835938 0.0297164916992188
0.380950927734375 0.158172607421875 -0.000125885009765607 0.0462150573730469
0.29168701171875 0.239532470703125 -0.016815185546875 0.0757369995117188
0.251983642578125 0.327545166015625 -0.0516128540039062 0.103012084960938
0.16729736328125 0.406219482421875 -0.0825424194335937 0.0645599365234375
-0.109039306640625 0.55938720703125 -0.13653564453125 0.0304031372070313
-0.349517822265625 0.484527587890625 -0.0942535400390625 -0.106704711914062
-0.58038330078125 0.37982177734375 -0.0753021240234375 -0.0102691650390625
-0.667236328125 0.17572021484375 -0.01751708984375 0.09857177734375
-0.5638427734375 0.33453369140625 -0.1080322265625 0.311798095703125
-0.237457275390625 0.51129150390625 0.273147583007813 0.238540649414063
0.00115966796874997 0.350677490234375 0.3236083984375 -0.14703369140625
0.0614013671875 0.297454833984375 0.04571533203125 -0.31915283203125
0.148178100585938 0.272994995117188 -0.205230712890625 -0.286285400390625
0.250778198242188 0.219802856445313 -0.274703979492188 -0.0880279541015624
0.29754638671875 0.206390380859375 -0.211349487304687 -0.0149383544921875
0.329376220703125 0.17095947265625 -0.139129638671875 0.0120620727539063
0.245803833007813 0.237899780273438 -0.139373779296875 0.0313720703125
0.2232666015625 0.304962158203125 -0.128318786621094 0.0731277465820313
0.185882568359375 0.38897705078125 -0.145126342773438 0.0550689697265625
-0.086181640625 0.59735107421875 -0.174896240234375 0.023468017578125
-0.3807373046875 0.531005859375 -0.109550476074219 -0.0226974487304687
-0.637451171875 0.36029052734375 -0.23516845703125 0.110733032226563
-0.552215576171875 0.123809814453125 -0.161468505859375 0.165191650390625
-0.42352294921875 0.29888916015625 -0.112152099609375 0.350372314453125
-0.086151123046875 0.379058837890625 0.224777221679688 0.1678466796875
0.0706024169921875 0.180419921875 0.214920043945312 -0.153091430664063
0.044647216796875 0.122993469238281 -0.00711059570312503 -0.3040771484375
0.0680999755859375 0.160751342773437 -0.25775146484375 -0.292938232421875
0.140380859375 0.165420532226563 -0.359405517578125 -0.1151123046875
0.186126708984375 0.1624755859375 -0.303009033203125 -0.0566711425781249
0.217178344726562 0.1541748046875 -0.25347900390625 -0.025299072265625
0.146621704101563 0.1890869140625 -0.239227294921875 -0.0184173583984375
0.147262573242188 0.217529296875 -0.19537353515625 0.0342864990234375
0.16192626953125 0.297760009765625 -0.21295166015625 0.0352172851562501
-0.06494140625 0.52630615234375 -0.21453857421875 -0.010833740234375
-0.374481201171875 0.467132568359375 -0.126510620117188 0.0418243408203125
-0.5980224609375 0.25628662109375 -0.3961181640625 0.2152099609375
-0.3663330078125 0.06951904296875 -0.24761962890625 0.212570190429687
-0.2403564453125 0.239486694335938 -0.09100341796875 0.352935791015625
0.04913330078125 0.219802856445313 0.168685913085938 0.0977783203125
0.102912902832031 0.022674560546875 0.118865966796875 -0.133895874023438
0.0102653503417969 -0.02301025390625 -0.036163330078125 -0.25970458984375
-0.0146751403808594 0.0544471740722656 -0.270416259765625 -0.267303466796875
0.0161590576171875 0.0976028442382813 -0.395263671875 -0.12628173828125
0.04656982421875 0.09234619140625 -0.3514404296875 -0.087615966796875
0.0665130615234375 0.100898742675781 -0.318572998046875 -0.0582885742187501
0.0249404907226562 0.08526611328125 -0.291015625 -0.0604248046875
0.0640525817871094 0.0689048767089844 -0.235504150390625 0.00292968749999997
0.133499145507813 0.145416259765625 -0.275375366210938 0.0104522705078126
-0.020416259765625 0.370208740234375 -0.250808715820312 -0.071624755859375
-0.303497314453125 0.312469482421875 -0.140510559082031 0.068756103515625
-0.4517822265625 0.096923828125 -0.53009033203125 0.271270751953125
0.174606323242188 0.0348358154296875 0.58856201171875 -0.3880615234375
0.085540771484375 -0.144210815429688 0.1575927734375 -0.1240234375
-0.095947265625 -0.131675720214844 0.259475708007813 0.1358642578125
-0.149520874023438 0.034393310546875 0.341033935546875 0.00189208984375
-0.0273590087890625 0.13043212890625 0.2188720703125 0.0114593505859375
0.0690879821777344 0.0436592102050781 0.264816284179688 0.0817718505859375
0.0912628173828125 -0.0354461669921875 0.350311279296875 0.07965087890625
0.0875015258789062 -0.009552001953125 0.349456787109375 0.1099853515625
0.0891494750976563 -0.0292739868164063 0.37841796875 0.13641357421875
0.112197875976562 0.0258560180664063 0.266616821289063 0.209823608398438
0.0504302978515625 0.114608764648437 0.0587005615234375 0.204086303710938
-0.0943756103515625 0.103843688964844 -0.037261962890625 0.103668212890625
-0.0929107666015625 -0.0795822143554688 -0.100433349609375 -0.0549545288085938
0.0621490478515625 -0.124732971191406 -0.0233154296875 -0.296783447265625
0.188140869140625 0.0161285400390625 0.239730834960937 -0.234024047851562
-0.109939575195313 0.178497314453125 0.59368896484375 -0.338623046875
-0.125869750976563 0.0603256225585937 0.123031616210937 -0.0842666625976563
-0.188705444335937 0.122161865234375 0.2845458984375 0.206573486328125
-0.165725708007812 0.21917724609375 0.401885986328125 0.00424194335937501
-0.00100708007812498 0.311279296875 0.214553833007812 -0.0286712646484375
0.159317016601563 0.198013305664063 0.204193115234375 0.0435333251953125
0.229736328125 0.06744384765625 0.282806396484375 0.0823974609375
0.219345092773438 0.07318115234375 0.290557861328125 0.1136474609375
0.207717895507813 0.02996826171875 0.333953857421875 0.121368408203125
0.17218017578125 0.0965576171875 0.235000610351562 0.177520751953125
0.1015625 0.186233520507813 0.0557403564453125 0.168197631835938
-0.0524444580078125 0.201263427734375 -0.0147018432617188 0.0780487060546875
-0.150131225585938 0.0813140869140625 -0.0748977661132813 -0.0242462158203125
-0.09222412109375 0.00315093994140625 -0.0418853759765625 -0.267868041992187
-0.0445327758789063 0.110466003417969 0.225616455078125 -0.229476928710938
-0.38494873046875 0.259307861328125 0.51312255859375 -0.23760986328125
-0.358673095703125 0.2230224609375 0.0642013549804687 -0.000457763671874986
-0.293426513671875 0.36285400390625 0.30450439453125 0.262969970703125
-0.172698974609375 0.38787841796875 0.44769287109375 -0.01849365234375
0.019012451171875 0.45147705078125 0.19830322265625 -0.107452392578125
0.21624755859375 0.323333740234375 0.110252380371094 -0.0395355224609375
0.325927734375 0.162384033203125 0.161758422851563 0.0579071044921875
0.32086181640625 0.145538330078125 0.187652587890625 0.10040283203125
0.307891845703125 0.081146240234375 0.253143310546875 0.0999298095703125
0.234100341796875 0.157012939453125 0.182403564453125 0.144866943359375
0.166976928710938 0.248214721679688 0.043792724609375 0.144378662109375
0.020172119140625 0.289581298828125 -0.0148429870605469 0.067657470703125
-0.160629272460938 0.261505126953125 -0.0768890380859375 -0.000991821289062489
-0.212478637695313 0.172576904296875 -0.062835693359375 -0.2340087890625
-0.265151977539062 0.222991943359375 0.166778564453125 -0.194976806640625
-0.5943603515625 0.2750244140625 0.35888671875 -0.115447998046875
-0.542510986328125 0.325408935546875 -0.00665283203125004 0.11590576171875
-0.358306884765625 0.534393310546875 0.317779541015625 0.29541015625
-0.14605712890625 0.4921875 0.459136962890625 -0.066864013671875
0.04302978515625 0.50799560546875 0.163803100585938 -0.206207275390625
0.2353515625 0.3853759765625 -0.004425048828125 -0.143814086914062
0.36322021484375 0.226837158203125 0.00943374633789065 0.0118589401245117
0.376220703125 0.194915771484375 0.0552597045898438 0.072052001953125
0.376953125 0.123046875 0.138824462890625 0.0741958618164063
0.286346435546875 0.207550048828125 0.0992813110351563 0.112876892089844
0.231414794921875 0.30126953125 0.0105667114257813 0.126068115234375
0.107666015625 0.3675537109375 -0.0386734008789062 0.0664443969726563
-0.13629150390625 0.438873291015625 -0.0997467041015625 0.0196609497070313
-0.297119140625 0.356536865234375 -0.082855224609375 -0.182632446289062
-0.45416259765625 0.332611083984375 0.0650634765625 -0.121406555175781
-0.69451904296875 0.24407958984375 0.167037963867187 0.00370788574218752
-0.6177978515625 0.361572265625 -0.0704956054687501 0.235595703125
-0.336181640625 0.5885009765625 0.314117431640625 0.28643798828125
-0.078277587890625 0.4798583984375 0.418060302734375 -0.120330810546875
0.062957763671875 0.450927734375 0.105438232421875 -0.291748046875
0.214630126953125 0.365325927734375 -0.122528076171875 -0.236419677734375
0.33843994140625 0.244232177734375 -0.147308349609375 -0.038787841796875
0.372802734375 0.2166748046875 -0.0862503051757812 0.0326919555664063
0.391021728515625 0.154876708984375 -0.00068664550781248 0.0448989868164063
0.29931640625 0.239898681640625 -0.01568603515625 0.077117919921875
0.261932373046875 0.32763671875 -0.051239013671875 0.105781555175781
0.1756591796875 0.411041259765625 -0.0848464965820312 0.0660781860351563
-0.100341796875 0.56927490234375 -0.134048461914062 0.0318145751953125
-0.35107421875 0.499176025390625 -0.0982513427734375 -0.106834411621094
-0.5855712890625 0.3958740234375 -0.0737075805664063 -0.0118408203125
-0.6781005859375 0.19195556640625 -0.01910400390625 0.0997772216796875
-0.56646728515625 0.3525390625 -0.10711669921875 0.32293701171875
-0.228118896484375 0.523529052734375 0.286224365234375 0.239227294921875
0.00341796874999999 0.35491943359375 0.329132080078125 -0.156768798828125
0.06536865234375 0.299957275390625 0.040130615234375 -0.32763671875
0.152862548828125 0.277664184570313 -0.2166748046875 -0.286224365234375
0.26092529296875 0.221954345703125 -0.2779541015625 -0.08135986328125
0.30767822265625 0.2059326171875 -0.2137451171875 -0.011474609375
0.338653564453125 0.1702880859375 -0.142120361328125 0.0125579833984375
0.252960205078125 0.241119384765625 -0.14117431640625 0.0347137451171875
0.230865478515625 0.306671142578125 -0.129409790039062 0.076324462890625
0.1934814453125 0.393890380859375 -0.148056030273438 0.05816650390625
-0.0742187500000001 0.605712890625 -0.173309326171875 0.025146484375
-0.378326416015625 0.547149658203125 -0.112327575683594 -0.0233993530273437
-0.64434814453125 0.3797607421875 -0.235092163085938 0.113662719726563
-0.560882568359375 0.138885498046875 -0.163894653320313 0.16973876953125
-0.4229736328125 0.314788818359375 -0.109039306640625 0.361328125
-0.0775146484375 0.38470458984375 0.234451293945313 0.167037963867188
0.0710906982421875 0.179428100585938 0.218673706054688 -0.15960693359375
0.0442428588867187 0.123100280761719 -0.012908935546875 -0.310211181640625
0.069732666015625 0.164276123046875 -0.2691650390625 -0.290679931640625
0.147857666015625 0.16888427734375 -0.3646240234375 -0.10760498046875
0.1934814453125 0.163955688476563 -0.307830810546875 -0.052734375
0.224212646484375 0.155227661132813 -0.258514404296875 -0.0233154296874999
0.150863647460938 0.194503784179688 -0.243972778320313 -0.0139617919921875
0.152359008789062 0.219207763671875 -0.198104858398437 0.03778076171875
0.167877197265625 0.299652099609375 -0.216049194335938 0.0394134521484375
-0.054962158203125 0.5347900390625 -0.216018676757813 -0.00872802734374995
-0.372833251953125 0.48394775390625 -0.127731323242188 0.0417404174804688
-0.6064453125 0.27655029296875 -0.3988037109375 0.222747802734375
-0.371917724609375 0.0790710449218751 -0.249038696289063 0.219161987304688
-0.2364501953125 0.25079345703125 -0.0843811035156251 0.362213134765625
0.0564117431640625 0.219009399414062 0.175140380859375 0.0977325439453125
0.102134704589844 0.0189437866210938 0.120925903320312 -0.137222290039063
0.00644111633300781 -0.0241069793701172 -0.0404510498046875 -0.264312744140625
-0.0159225463867188 0.0568618774414063 -0.2818603515625 -0.26690673828125
0.020782470703125 0.102348327636719 -0.400726318359375 -0.11895751953125
0.0490798950195312 0.0962600708007813 -0.355865478515625 -0.082977294921875
0.068817138671875 0.104698181152344 -0.325042724609375 -0.0559997558593749
0.0254364013671875 0.0900497436523438 -0.29742431640625 -0.05657958984375
0.063812255859375 0.0693321228027344 -0.238815307617188 0.00608825683593747
0.137969970703125 0.144287109375 -0.278289794921875 0.01617431640625
-0.011932373046875 0.3739013671875 -0.25537109375 -0.0696868896484374
-0.30322265625 0.32568359375 -0.141448974609375 0.0679779052734375
-0.4610595703125 0.110504150390625 -0.5340576171875 0.282135009765625
-0.128596879103657 -0.105743531885335 0.64553219761741 0.303091723036705
-0.184662441636155 0.0398838447657513 0.205325788381967 0.118788630653893
-0.0786407674936491 0.154137506720924 0.0532590997486153 0.313796213017579
0.108934686428215 0.107160652235303 0.180362469018465 0.264971033865871
0.0921097024261055 -0.076990483181066 0.092299342364172 0.200824385154492
-0.0364749032450422 -0.0927624211494303 0.035202662795157 0.281366969412088
-0.100533644281143 -0.06372304648178 0.04028462285902 0.373975866756774
-0.0912577748421471 -0.0601592659298324 0.0556065061834826 0.399921570521788
-0.102068907982309 -0.0750484239862971 0.0259825823571254 0.421373710987741
-0.0738880236375597 -0.10916573043674 -0.0662184828762622 0.333202993791553
0.0456496777020173 -0.127592196070749 -0.182577235614412 0.149845021874926
0.151751884439815 0.00701467631487466 -0.113459403405511 -0.00976229792491204
0.0203992955134318 0.127420168827997 0.00236197526134878 -0.117793609164789
-0.129742900468169 0.0458197280546925 0.241450077105657 -0.152568710547032
-0.0957669140270755 -0.140167361777865 0.301075797432941 0.0473166465296689
0.138726254418546 0.0444060075614872 0.613000679184607 0.285326483518007
0.121464636268505 0.0761376136742825 0.143694474908304 0.0444973624334275
0.183090406867843 0.0761173835040381 -0.0466421134092143 0.32749608147415
0.27657752835962 -0.00873557185144352 0.165601741238781 0.293860609151006
0.207197418533935 -0.224731294977585 0.0995987027697841 0.171707623227009
0.0327023057181896 -0.255912906933504 0.0120671165365752 0.211193528566388
-0.0782605469599127 -0.243696023148991 -0.0149181391816644 0.313598130498787
-0.111322003174395 -0.210907363856646 0.0115059351113482 0.354039384094379
-0.116384593517966 -0.211190897477261 0.00443768880651646 0.376650825658759
-0.0529004023097674 -0.202373314002465 -0.0680897424145952 0.288366027654419
0.063841519192501 -0.211676487707864 -0.161906962025846 0.126224451487211
0.207553310274611 -0.0864263510242876 -0.0943015181378461 -0.0100750364567735
0.168026640825544 0.0473013546241141 -0.015418964520056 -0.0938345042487604
0.0591643240280407 0.0851053446424341 0.216888314520825 -0.174580240670256
0.094074009326065 -0.00518215597283546 0.314479449057712 0.0290681471006557
0.359284169658846 0.212193772635605 0.495217442492334 0.231995216294162
0.408776470781585 0.152192764778354 0.0388567644151533 -0.0285470569236329
0.443017649867961 0.0173230049480328 -0.133021251754689 0.325458607603601
0.423904641663773 -0.118093953161653 0.166536436222442 0.301953776525706
0.29911946805421 -0.333463908950703 0.142590629081976 0.111342842000657
0.103372286670908 -0.370208717434044 0.0214709848050952 0.0888233982264687
-0.0363568788216022 -0.380686268852898 -0.0567101457249667 0.187735746746644
-0.116577158418329 -0.331336538758815 -0.0360441422925993 0.253691612677843
-0.125747717693238 -0.325428322214837 -0.0220538960696822 0.295819109583766
-0.0394130201135205 -0.289954845818051 -0.0784013164996968 0.227224936971767
0.0672850467004132 -0.29976207046131 -0.158135872698055 0.101863419521749
0.239944458857371 -0.2024401521445 -0.104049808155438 -0.0192013378035602
0.296976975446092 -0.0774331483118546 -0.0476720772178698 -0.0938440187926352
0.260800356851225 0.0735189610538492 0.183065929512635 -0.198907983798082
0.295233530737218 0.108949337180316 0.277334345831946 -0.00900272260343522
0.499458088211608 0.358903801602325 0.319041656813712 0.140344315677504
0.614522085177998 0.224847751557133 -0.0995158056120711 -0.0801106420466956
0.623352153084033 -0.0341849456833537 -0.189673218312202 0.320788130666161
0.494013275657173 -0.209192380014323 0.187652056294028 0.282954336391604
0.327824122183445 -0.382028519458522 0.206231506235691 0.0236450332415368
0.149967497063209 -0.412168443246867 0.0533664607842995 -0.0633723227620365
0.010190865754516 -0.447739287864072 -0.0793796454484815 0.0223938551101852
-0.105445321444581 -0.404224783393842 -0.0788149200177302 0.11469324644728
-0.119637696241777 -0.406764241849827 -0.0550646693604006 0.178785063365326
-0.0273600807250938 -0.364531617513373 -0.10097285951707 0.139639131977888
0.0645403905893773 -0.382285531388358 -0.168113728881503 0.06266060176459
0.255741193252712 -0.32329023672086 -0.134118387580247 -0.0417809840727645
0.39851260156919 -0.223195766514261 -0.0919075687698855 -0.110552517973103
0.451000074304995 0.0254327593965669 0.129867769710494 -0.213803053089874
0.479004754373808 0.198390583186245 0.18136767484882 -0.0570276068824317
0.54832487117446 0.438409534555255 0.12077904841594 0.0324230373697009
0.693353893002463 0.24787297720943 -0.239507834968636 -0.0963020312435283
0.655804501942799 -0.0847389102860822 -0.198764118856533 0.312130462411005
0.438758117200635 -0.253456998657038 0.209916412157433 0.238391955401382
0.279544571400921 -0.345633964433909 0.260520460909358 -0.0721707713663117
0.159417968171084 -0.370204561203142 0.0882936012153989 -0.213773569461338
0.0496805189879041 -0.433894736660065 -0.0850827954925085 -0.149189205063804
-0.0753920856401986 -0.413313942465871 -0.109746550409163 -0.0427855040446532
-0.0918883369112087 -0.432896879959397 -0.0894677734731893 0.0350200321918546
-0.00248315373966819 -0.397504258750777 -0.129868850210167 0.0217602087792789
0.0680741382438792 -0.422240517560149 -0.184700314409395 -0.00597514432839482
0.253786929836652 -0.409219462950997 -0.169938961743847 -0.0824555328834635
0.462193654047598 -0.340630137198319 -0.132615629035687 -0.13793354642774
0.590879961325998 -0.0235469634256977 0.0559450972043143 -0.207783136991495
0.603363686753617 0.261753340499467 0.0289338126264978 -0.105775936344539
0.519144812112593 0.439280379717192 -0.0617152516893218 -0.0671194026010206
0.655877286212731 0.201856406229586 -0.344053863863684 -0.0776152602332094
0.539200482044808 -0.133492218609928 -0.16519148079583 0.29137737571575
0.278955485214296 -0.233154239817784 0.219570105772253 0.178246081474404
0.174203111144251 -0.233058031697403 0.28029293398332 -0.148303824540703
0.140271261203354 -0.260893442813553 0.107456526652148 -0.322558867474978
0.0788765618057302 -0.350411972093175 -0.0789536854809871 -0.293296128584139
-0.0320602865966567 -0.35780934662994 -0.123442881859305 -0.193776192134622
-0.0385303961404443 -0.392028994735396 -0.11482505444735 -0.116983810086237
0.0380803728185987 -0.363077534476117 -0.148810915290393 -0.110359874769673
0.0768551100345351 -0.383347484226091 -0.18958286664482 -0.0943963760086866
0.230290367815793 -0.414562770468518 -0.194099355041951 -0.139805459724309
0.471284012158251 -0.383951530533466 -0.154473661901379 -0.175680776807542
0.644760072705488 -0.0359098766451684 -0.0217810272649953 -0.184613120987183
0.626971509191604 0.307368182526428 -0.157096034087653 -0.15355066605229
0.428324598102902 0.360000227260612 -0.207219147514425 -0.132483490096731
0.532144760407748 0.103015294155318 -0.392214981936689 -0.0306631319998492
0.338228196685655 -0.170737910308467 -0.109776686244556 0.254634492864906
0.0882553572589049 -0.167872992209432 0.203159410944336 0.116162911523323
0.0657353196792641 -0.088266619720283 0.26222894616416 -0.184593752495605
0.110209362243452 -0.123164027896588 0.11115779320808 -0.3759023676206
0.0964659008860737 -0.219413636160042 -0.0630639891218106 -0.389207212709438
0.0187074048026173 -0.246576972339771 -0.118437759639079 -0.313206118187015
0.0238856178458265 -0.280296600272504 -0.117789579599318 -0.24967315296211
0.0732358141437082 -0.250834476955414 -0.140520559585695 -0.225213962943463
0.0707067741543655 -0.261228661529066 -0.169839566380016 -0.175665890001317
0.168055240788941 -0.330801423947267 -0.196210460756535 -0.200804488690637
0.408921679378948 -0.343823167600519 -0.146507639786459 -0.223217268410833
0.596095579995563 -0.00889326458145695 -0.0827532015937336 -0.160109980191117
0.535853637744307 0.322461081352091 -0.341598868048422 -0.204282342549034
0.288931785683725 0.230815931209779 -0.306947223936737 -0.148201738323132
0.357440801509268 -0.00881617880497951 -0.394351607127491 0.0322146439997688
0.126978280539823 -0.181107518435026 -0.0533061544562649 0.209516096976481
-0.0642615409790539 -0.0849623389725395 0.169664798573931 0.0675762985284828
-0.0120433628814708 0.0421487650459339 0.227819554392185 -0.185682362873497
0.0818306886763463 0.00896141160755127 0.105079228936007 -0.380531038096348
0.10682992221454 -0.0692446641798987 -0.0418433712788568 -0.432868689155955
0.0663220950937651 -0.0977683962885894 -0.0976046441364429 -0.385038982634787
0.0746326999542435 -0.1123287804964 -0.0954813987617468 -0.333727412230094
0.0761183555365935 -0.0817556831272492 -0.104873075099638 -0.289800757349347
0.0219054949105817 -0.0910824318118846 -0.135689517361458 -0.221635240714249
0.0547661331654337 -0.207583627042355 -0.186067409888559 -0.251943330924107
0.272566938981466 -0.25163052752923 -0.11000185832808 -0.275765701926566
0.43521068939794 0.0311976755107435 -0.110455232985231 -0.139473119656883
0.341668715271243 0.285948794442251 -0.484013569262871 -0.253784164236413
-0.137957744873123 -0.0982361109992604 0.662207832951619 0.267849415625784
-0.181405053724094 0.0506997428543745 0.209880616103656 0.107919801968532
-0.0681492159984546 0.159468999562938 0.0718880114565233 0.313761247016945
0.116390967017105 0.10023969159973 0.195774114524031 0.2544200071169
0.0859508321679319 -0.0841215142941854 0.101751810298859 0.195730398601625
-0.0419835941740268 -0.0910406278769457 0.0485316796147194 0.278416831612746
-0.103773494352733 -0.0544450709467396 0.0606493833825161 0.371937242865731
-0.0968374719788302 -0.0528595565167722 0.0750739119373463 0.398080593369726
-0.108604401646532 -0.0667044991201189 0.0510171567699843 0.420255021286921
-0.0822475715041891 -0.101686954701467 -0.047758606313466 0.3359088815372
0.0341779043737587 -0.131540650743231 -0.178261050123308 0.161897993397631
0.152911179789622 -0.00464593089378278 -0.114771568284999 -0.00724737227002307
0.0284772196801755 0.128861360456183 -0.00352179602704152 -0.12047163468394
-0.126287713122749 0.0559970830874823 0.228515728685556 -0.16569230763901
-0.108412100805316 -0.133459198120845 0.303012685655956 0.0363474284829826
0.139449661839343 0.0379310658489182 0.628427328905222 0.252817540180865
0.126287127083513 0.0706739939304212 0.142014693145847 0.0361102102992734
0.189740900319833 0.0676681149229884 -0.0285982178394271 0.331732057070229
0.280195324677356 -0.0226136396943054 0.183083515684593 0.283220029121025
0.193646790798117 -0.238856745319987 0.107725474639826 0.166356424345389
0.0202574104448861 -0.259987157784703 0.0198441050631923 0.208596481841703
-0.0913153082491933 -0.238259930923288 0.00237909761592609 0.314707324713486
-0.125073371602923 -0.203272041057642 0.0286226710514376 0.354036664108178
-0.129792897282122 -0.203133357950677 0.0257579414740461 0.375633758907966
-0.0641007689210117 -0.197374848517342 -0.0520602118305672 0.290728405347796
0.0495350742821211 -0.215797335274069 -0.158554500219842 0.13645843575315
0.204594834613719 -0.100280904581116 -0.0962766294243647 -0.00880250249700569
0.171450499188077 0.0410920988282672 -0.0189079795723152 -0.0937299831536212
0.0653749519626231 0.085812390965436 0.204669743449964 -0.185336056807343
0.0897414945443032 -0.00781355499737215 0.31685770316651 0.0157078934986313
0.371533699186005 0.194191910508565 0.506093245117251 0.206659383504688
0.417964305626873 0.130582549060075 0.0308070773395539 -0.0314093393713145
0.446431566445124 -0.00573474143487813 -0.11549370031297 0.335848822741524
0.424658329087319 -0.13900106399548 0.186665428352434 0.289620504057703
0.281162935484018 -0.351950999759702 0.148568914529533 0.102669028812945
0.0868971527734659 -0.379158548816891 0.021681987196815 0.0853714082617184
-0.0553847139206124 -0.379853655533381 -0.0471014887543532 0.192025801271597
-0.136553693150486 -0.32464083116879 -0.0245373337902767 0.256886406585064
-0.143440805819206 -0.318437288581817 -0.00690559951881346 0.296089373584915
-0.0537307407616036 -0.287543181850643 -0.0656659888375006 0.230565736395141
0.0493568114871729 -0.303493936391835 -0.155073817522904 0.111870439199175
0.232036999974762 -0.216505103533334 -0.10627706509323 -0.0179120762480049
0.293013676529314 -0.0902218517492045 -0.049497741504651 -0.0915884295207947
0.267261925337556 0.063703314613909 0.169949510886327 -0.208260472661481
0.299495841848455 0.0972478147554148 0.279504342585646 -0.0223623497299649
0.519767078782073 0.333311304894451 0.325343328326393 0.122566172830277
0.625652848332143 0.192228621877361 -0.110553434877558 -0.0759452708729016
0.621670183114819 -0.0667693890728067 -0.171991893842072 0.335141867804771
0.488274400288016 -0.232118955279601 0.206195512151928 0.27179457417726
0.309265938312167 -0.400486964240639 0.208898904384188 0.0111237452511962
0.133344929499966 -0.423911597212557 0.0451073738233983 -0.0703026505429328
-0.0128577546538323 -0.45117627202996 -0.0786448260940785 0.0290243749311946
-0.127570971176365 -0.398852507640721 -0.0743303275906856 0.119655269942165
-0.142928019415515 -0.400629365782276 -0.0460492422029767 0.180872636880023
-0.0442051405992426 -0.364267525745443 -0.0945593999306061 0.143895752594535
0.0451590252887659 -0.385780855983321 -0.167373369426268 0.0708136490818539
0.242001191763118 -0.339045853830251 -0.138028048851338 -0.038563755416789
0.387585542399852 -0.241295936771057 -0.0936944087870802 -0.105650755752322
0.455066727031232 0.0050599180340796 0.117221338570286 -0.220905869641156
0.49037883425515 0.174689753152714 0.181399263462701 -0.0661517746143542
0.574939296189981 0.414364024480706 0.121938091171765 0.0233743105791593
0.708996260026011 0.212485533152272 -0.251664149105493 -0.0842278469577976
0.650586563653586 -0.120381206743282 -0.181491636696767 0.327312178246224
0.429652603438493 -0.272373704445151 0.227809206347505 0.22720681831926
0.261383600446992 -0.360494311759366 0.259057130900987 -0.0883206574769791
0.145777248389586 -0.38248694576187 0.0721312725330571 -0.222124471340392
0.0270816284084517 -0.440348487447665 -0.0943374541856048 -0.141766130523741
-0.0986770552459084 -0.410580918245261 -0.11232468781708 -0.0362168044326017
-0.114839766892713 -0.428829939701191 -0.088515923023947 0.0379168538713239
-0.0198875681027935 -0.401897553229477 -0.130445166275882 0.0275433849121428
0.0465230421232719 -0.42646211790724 -0.186173977128089 0.00328039903758071
0.235806212338785 -0.423975670971997 -0.175567753507026 -0.0766086914181288
0.443905990462585 -0.364054387281565 -0.135893672140785 -0.129902141719145
0.59272031648539 -0.0539713778816829 0.0457134851139651 -0.212063689314301
0.619101189184763 0.233760406609557 0.0269029429008995 -0.108187819869419
0.547136263847812 0.413717366657844 -0.0656906913507035 -0.0670957065280954
0.667157429448195 0.166662145020685 -0.35371241555531 -0.0589387414699873
0.529217978050966 -0.161452915796153 -0.148556513708448 0.304977864769261
0.269409425354978 -0.243096173819521 0.234452728941297 0.166768895888379
0.163413257426701 -0.238304155714059 0.275013023524271 -0.165344929611979
0.131996592563341 -0.27020480789761 0.0867590259814084 -0.331327455825444
0.0621027421340603 -0.358224600081986 -0.0948186465100589 -0.286193480972646
-0.0509579372762267 -0.358425425244465 -0.133563372085172 -0.186891720200764
-0.058493733522798 -0.392731665343403 -0.121586860939298 -0.113326659406796
0.0225993330328433 -0.368422666751008 -0.156492257124634 -0.103914543080045
0.0589167090524332 -0.386999341676977 -0.194997869991963 -0.085280320807463
0.212153475980833 -0.425407757665376 -0.202204876846496 -0.131450726319668
0.449595729592713 -0.408046698155166 -0.159619900987042 -0.166601175599165
0.645970701826924 -0.0696272894400608 -0.0297358336953737 -0.186050373185596
0.648689706096741 0.277102904914464 -0.16232548226638 -0.147472718744918
0.450747090912854 0.340424715174318 -0.213694467465958 -0.125340106349592
0.536728894754817 0.0717891936809006 -0.398736918513974 -0.00823430682688523
0.324762114309277 -0.188319056396326 -0.0940747226891691 0.264345691834842
0.0803890071072317 -0.168728774843629 0.212947510508235 0.106663225889463
0.0633342442895952 -0.0879405525090453 0.254553732969922 -0.200205687106645
0.109159858675013 -0.128882111842818 0.0892995697514018 -0.38469873324893
0.0861603823769276 -0.229279912171086 -0.0854736088918148 -0.382527556987784
0.00667588034195974 -0.250488438560421 -0.132846705255359 -0.307735547452262
0.0116402134263914 -0.284790329167282 -0.13116058235858 -0.245737296942222
0.0643130339341147 -0.257928093222023 -0.154029968922941 -0.219013445554589
0.0599788288015685 -0.264380629751898 -0.178892039972199 -0.167825212488268
0.151311043035201 -0.339601745644252 -0.207653969789086 -0.19171887594953
0.390743495704827 -0.364202411493038 -0.155243475817877 -0.21583893215428
0.596403888128442 -0.0402277809747143 -0.0879838038744556 -0.158455999290685
0.55878639227537 0.296182276432634 -0.349225410947109 -0.187627460790033
0.303754930603765 0.215072378578528 -0.314612852776425 -0.135379261089452
0.356109125707917 -0.0305399028337122 -0.393605182584768 0.0552445617868275
0.113155326898369 -0.186976255756985 -0.0400295405054036 0.215937983861898
-0.0688898406553524 -0.0785165710192482 0.175340820435757 0.0609350913984971
-0.00704729506761621 0.0459195627194186 0.219492257042735 -0.198631643820245
0.0867563728398877 0.00507364719935548 0.0849053881498036 -0.387322998510211
0.105213993040119 -0.0787684051285839 -0.0642927813324026 -0.428532654839113
0.0634368042325192 -0.103893569482993 -0.114252611351955 -0.38052811102388
0.0724328661808003 -0.118779282915466 -0.11131929997127 -0.331592925852088
0.0761268195731985 -0.0884164690423173 -0.121681578852148 -0.285615931277131
0.0197222657354184 -0.0904848247763314 -0.146668546356984 -0.215808480197707
0.0429001959980513 -0.208810893660455 -0.198978387255431 -0.241220224717691
0.256569084781549 -0.266007203535438 -0.122791236752744 -0.271158940620541
0.440085498714052 0.00553660800708585 -0.114231988667399 -0.137164465522903
0.362399440412482 0.270157986334353 -0.496626956649257 -0.232582864849509
-0.143323810552777 -0.0888052866929036 0.657837983555063 0.231038431844204
-0.174506647790271 0.0586562766277693 0.20791015657939 0.0957065929149933
-0.0570629829550951 0.160064025027316 0.0868621320874042 0.306529703241207
0.121593434541293 0.0905959821410811 0.203882511401148 0.238078760420707
0.0781990406675408 -0.0891984578055861 0.106734521791875 0.186896160056548
-0.0464067110842465 -0.0869273971521172 0.0589855282610245 0.269900053911228
-0.103154870880228 -0.0457495992913171 0.0758530636099036 0.359070963274089
-0.0994016215208668 -0.0441605250841291 0.0902462121431065 0.387854988295995
-0.112040747388426 -0.0577449341260458 0.0707845767833304 0.408521060315514
-0.0870084535770153 -0.0924634093624531 -0.0306038452449237 0.330427594409261
0.0233095563172737 -0.131796985327133 -0.169829395236261 0.169646038973905
0.150024792605067 -0.0154725620367464 -0.114961760613823 -0.00576789039047293
0.0360043526962047 0.127663990320829 -0.00981295447348163 -0.120322729612268
-0.119718308992176 0.0632719297303105 0.212218547152534 -0.172062718610735
-0.11766619905107 -0.124023997173512 0.298332864001867 0.026822577208218
0.137608269735726 0.0317083014427018 0.625930208247413 0.217516938120078
0.127188917013652 0.0637915038381578 0.13669849800083 0.0288578642536652
0.190000080289534 0.0579541382390787 -0.0103071474451218 0.329311570768715
0.278318015101685 -0.0364877208678638 0.194415978168688 0.265255175996069
0.177716942668936 -0.245162084472875 0.112261650120161 0.1567124938998
0.00818770915138454 -0.258324600399071 0.0253315287786773 0.202586882602819
-0.0992708138178673 -0.228991761121222 0.0160948248403695 0.30765726456916
-0.134424660396112 -0.190748511467772 0.0424343383335265 0.346334680701266
-0.138639176654788 -0.190897711217819 0.0430547275521552 0.365724683308454
-0.072084592712403 -0.1884360203066 -0.0373530315145858 0.285692106518963
0.0350547415719443 -0.213504093882173 -0.151585461147979 0.142982455951537
0.197010617807926 -0.110348534322187 -0.0968991659822864 -0.00832369555510983
0.171280602842164 0.0352853722922783 -0.020553362728306 -0.0928872951346981
0.0700855033829594 0.0837888242605875 0.187818725554742 -0.189927728339195
0.0838468671719459 -0.00735436708287091 0.312685011109347 0.00364313221782048
0.372397414584112 0.175599384686454 0.504955327905494 0.177018238219459
0.415016243727276 0.110326263987041 0.02303684545445 -0.0319952937110321
0.437207169904819 -0.0272377319287822 -0.0961528720097805 0.338356651564223
0.414248925947171 -0.154966094701419 0.200645436673263 0.272885514481321
0.259198115744964 -0.359304597991815 0.151231931556386 0.0915878594032111
0.0701653324350663 -0.379710013605034 0.0203081886927727 0.081184419264292
-0.0724791610077365 -0.370891977009109 -0.0368287446117832 0.190800731032301
-0.151078501777142 -0.310108123684736 -0.0136538290299897 0.253706525914343
-0.15779351982178 -0.303066438091776 0.00736229328267024 0.288668101429372
-0.0648662552128878 -0.279316102968787 -0.0541850114823823 0.227979023614287
0.0331808448290949 -0.298823907340717 -0.149140447907304 0.116959048498301
0.219691482189742 -0.224539878239891 -0.107507270206158 -0.0159051827051274
0.284245523829797 -0.0989493412453729 -0.0492963056282064 -0.088162492604845
0.266147895912171 0.0526333959997833 0.154842775096445 -0.211221432420371
0.296474696867468 0.0855989281967693 0.275048994034172 -0.0332725711953773
0.527937157033343 0.304326732934063 0.324036764822359 0.104007602859457
0.622611634564889 0.160415030170398 -0.118543698133555 -0.069112286882263
0.606708446293726 -0.0932926598619521 -0.151109660664358 0.33954112365063
0.47386001559644 -0.248265292106115 0.219690463972123 0.253460395221371
0.285757007644706 -0.40708582039963 0.207271926286618 -0.000447689274348424
0.115531516771872 -0.425842084004091 0.0354413638355486 -0.0733595051785375
-0.0336205184191158 -0.444867745453432 -0.0757683364330218 0.0332283814532804
-0.145148989213371 -0.38415313667234 -0.0685780753930843 0.121905959264868
-0.159250116666035 -0.385177779058377 -0.0375081959690291 0.17857421379081
-0.0580615631089654 -0.356136422622424 -0.0863007078514188 0.144600735688799
0.0247266476426189 -0.379271740925659 -0.161879897287912 0.0777237671961116
0.224003464040002 -0.344555145700553 -0.139575732049417 -0.034107530775919
0.36936391437773 -0.251724447027013 -0.0920502248210693 -0.0992282690196983
0.448041289144959 -0.0144313891825047 0.104171516243659 -0.222135439285114
0.488922157755427 0.152792302599863 0.177676383746618 -0.0733433048460756
0.586158449076577 0.380316827156951 0.120903174387486 0.0148749024793039
0.703783275263137 0.175040874864181 -0.256933726380402 -0.0707311423655709
0.629953790365558 -0.14614261242906 -0.160727156807393 0.333646038040354
0.412827368238722 -0.282412667233754 0.23940986213347 0.209694868024238
0.241727263353513 -0.363323229862679 0.252331484989945 -0.10123107563273
0.129945520798621 -0.384339777144917 0.0550758451996367 -0.223712802411431
0.00733962415394264 -0.43805806966004 -0.0983482972328159 -0.132984484177958
-0.11568283366999 -0.398123569072582 -0.11295340480531 -0.0289694002884535
-0.132214891805818 -0.417366946711185 -0.0861888725469494 0.0403615358478184
-0.0364060957991524 -0.394420618514579 -0.127592556145576 0.0320000609629774
0.0271654256909762 -0.419198799176988 -0.183400399893808 0.0109528480820144
0.214884043237377 -0.427801762977198 -0.177542435031866 -0.069028942072034
0.418526037161248 -0.376072732146785 -0.134388079683643 -0.120602253154661
0.580780175919746 -0.0777303226282652 0.0354509020370666 -0.211478746996477
0.620381443996236 0.20380442754286 0.0238864659750063 -0.108968013882646
0.558216885691438 0.381917534526178 -0.0667569974282233 -0.0660885425894802
0.660513939152219 0.13017010815188 -0.354409652674839 -0.0401791535042642
0.508058058862748 -0.18242605565341 -0.128626662567038 0.310421306657398
0.255748736631328 -0.246953807473853 0.242614992618835 0.151153549890512
0.151165335011186 -0.238298407272275 0.263726970190256 -0.176526203267516
0.12254383870628 -0.273651985016836 0.0655932806935927 -0.33276238392977
0.044217518145041 -0.358980889565628 -0.106592329578638 -0.273966560093732
-0.0659230215154768 -0.349666382486832 -0.139237106065455 -0.176982655700138
-0.0743450166995205 -0.383929926899143 -0.125102167844944 -0.107021317854179
0.00828977824595829 -0.365951600867916 -0.159896302050669 -0.0955406991989584
0.0425960376036837 -0.381191412128262 -0.195555864783358 -0.0758106576843296
0.189452714542269 -0.427655492876982 -0.205284060235431 -0.120700601776919
0.42015068657635 -0.418571379874286 -0.159836024849529 -0.15536393745215
0.632348923965552 -0.0970785107928111 -0.0352863534328963 -0.18411019562512
0.651745638344869 0.24136063237351 -0.163390993260269 -0.139374021376699
0.462101916718239 0.312423048102963 -0.21471492684694 -0.116947106939532
0.528240104731772 0.0438309933210523 -0.392263895561295 0.0127955848618998
0.306788346755495 -0.199993635148309 -0.0779942288544746 0.267187893124348
0.0721608317010782 -0.165083020611945 0.217587115920145 0.0948172231807755
0.0606627301249981 -0.0845861018648563 0.242365720436106 -0.209859169107456
0.106277793409707 -0.132899263255079 0.0659297123840075 -0.383003868923562
0.0754924894138868 -0.232893179019716 -0.100175429747258 -0.369510025912809
-0.00314746068888478 -0.248171752156497 -0.143404598233368 -0.296367102306461
0.000274572630728442 -0.282573633853591 -0.139802205178619 -0.237394742248037
0.0549434610612474 -0.25905919080706 -0.162420568304701 -0.208924846078952
0.0492329037314415 -0.261015009190012 -0.182499145383497 -0.157912198530336
0.13411103864712 -0.339221024325378 -0.212096077592931 -0.177520429348498
0.362836579493722 -0.374608436704366 -0.15911676140408 -0.20389960610369
0.584222302628525 -0.0672029114484126 -0.0909244045336559 -0.155097144208498
0.566864291545196 0.265042331309684 -0.349968498130739 -0.171106269281279
0.311059693213799 0.197601487840017 -0.313513785428805 -0.121971640095568
0.346988322658775 -0.0496302913774324 -0.383317727826131 0.0748307934913598
0.0985877415384353 -0.187489560811155 -0.0277764414451192 0.216255230648479
-0.0705761269816223 -0.070752956296615 0.177105662514581 0.052521636594544
-0.00174776787387722 0.0481747062008297 0.207163240184568 -0.205065691294735
0.0897234458031496 5.07585764705672E-05 0.0633998758810356 -0.384156789610215
0.100648696227745 -0.0865563585315736 -0.0820042229054652 -0.414831260807815
0.0593418970985228 -0.107610686726493 -0.126853298265402 -0.369162219399172
0.0680500913564554 -0.123222712457974 -0.124294407188715 -0.322617794504941
0.0743420480058827 -0.0923288305183837 -0.133663257625949 -0.275099145175649
0.0183032738687988 -0.0887633823079241 -0.152888859753169 -0.205581024572721
0.0316960144849128 -0.205279171573366 -0.206041629437458 -0.226086565891441
0.236329775307685 -0.271029827788338 -0.130819458083715 -0.26101899061593
0.431763068813094 -0.0160195548895801 -0.114147340773098 -0.13331462356246
0.37283790726085 0.248287528061036 -0.495801515687993 -0.206711288893903
-0.161767478585693 -0.03652427615732 0.687293430241515 -0.00058007998842286
-0.139323975435155 0.114526757418554 0.223684870604443 0.0139648870995308
0.00632994830873149 0.166800365871492 0.172332741637863 0.250346142483577
0.146230433060274 0.0370174574247895 0.257429828934656 0.158966903164202
0.0404025853542215 -0.107306836431861 0.158687588016651 0.143729018406
-0.0710065579488002 -0.0604306596846044 0.144694355712214 0.228838418764155
-0.108948276477315 -0.00381525798519116 0.193127590536008 0.304550342392493
-0.103958168311692 -0.0034504724188493 0.211038657734441 0.322897830357127
-0.12106863525835 -0.0126522815879296 0.196464482874677 0.346785338445719
-0.108908322645801 -0.0539554345969863 0.0782950251575147 0.311543374870367
-0.0263025071944278 -0.126688161861278 -0.0983093012197511 0.214642955368307
0.132078915471129 -0.0656766389923263 -0.112732658547108 0.0302302053366225
0.0761708885877578 0.106614513300564 -0.0479343506971618 -0.112723588469584
-0.088832363842865 0.0997707856973232 0.140378804370737 -0.220099851371925
-0.15263959577386 -0.0745705452813659 0.280110042487453 -0.0557224770173913
0.143906665491201 -0.0203080048729605 0.64261925044199 0.0037582927990975
0.141762253145224 0.0151369301408268 0.125643427324103 -0.0112675688096623
0.199274198503701 -0.0106989780982448 0.0905987787651172 0.319580464510976
0.246006737731634 -0.134162299575667 0.263169953874466 0.197089734908569
0.08167746845137 -0.282698863705749 0.159562720581636 0.119633409577407
-0.0765509510194442 -0.237328080140556 0.0951058806548125 0.183108711546472
-0.167799100725303 -0.178059698278129 0.122728168697733 0.283253512405482
-0.18199553335218 -0.126441819417067 0.156928056355146 0.302351548262529
-0.18811651861677 -0.126118943458669 0.159448025712369 0.319022760076065
-0.124571731016548 -0.148715027919296 0.0590813113631288 0.275610358881642
-0.0402125895938861 -0.205773497128391 -0.0903924445500782 0.185605985480604
0.145669927519488 -0.166666398711938 -0.0979825055869339 0.0237066559066147
0.170080510959491 -0.0201524440571197 -0.0505031273104803 -0.0831796784483942
0.092779139092889 0.057981348143798 0.111863970015434 -0.232181124143695
0.0724853600935378 -0.0276636012579822 0.286484118538759 -0.0888905528570981
0.415653414982211 0.0322590484364899 0.509106724291097 0.00929119307060608
0.424604113819619 -0.0415518918393473 -0.0106707909629718 -0.0205615994413297
0.395914252814431 -0.171654216452867 0.0140876609091664 0.371995403489847
0.329689689889944 -0.288498594625664 0.275782570622754 0.211388471379811
0.120416229201199 -0.414031661913507 0.178980751746334 0.050786467671032
-0.0585750700451663 -0.371814923720898 0.0522739185521493 0.0756488899408664
-0.190757790267762 -0.321797516582421 0.0357866597369366 0.198822392093302
-0.235384285126234 -0.230569105717432 0.0779362359387159 0.237645186623118
-0.241739382325989 -0.224039226794859 0.10289891163603 0.261485267732464
-0.147277518359959 -0.235976168663678 0.025055296384244 0.22971668578286
-0.0684282729537441 -0.281504369764858 -0.0949116798403465 0.161895372526769
0.131051794463308 -0.278821671064982 -0.109999165981471 0.0221228176066842
0.230447528111805 -0.177958877865556 -0.0767018637934131 -0.0682483865136011
0.263018574721487 -0.0350658971330731 0.0736543734701175 -0.24533572752666
0.30082307076144 -0.00679415159742289 0.239535222238787 -0.120296343148622
0.604778592146818 0.102965603691439 0.310922771297239 -0.00119796820083065
0.633228075066154 -0.0654616793165423 -0.162035942960741 -0.00161523650276312
0.529799804207588 -0.290426122170307 -0.0357109970041433 0.403025074208277
0.351341430629314 -0.394346905107823 0.292748821035187 0.191904045235528
0.129507286723803 -0.465674892375667 0.203708296291599 -0.051218728064654
-0.030672904479676 -0.430193888788269 0.0164286125790135 -0.0697487867075471
-0.179806265078186 -0.407240558558003 -0.0527984817689073 0.0707307588929233
-0.253308983253523 -0.300173113018708 -0.0141744229156038 0.136219432472635
-0.26908167095479 -0.298690003274708 0.0264423472668372 0.174332048356747
-0.165444813484911 -0.310667500906827 -0.0299957476462156 0.16514855585774
-0.0992165504191236 -0.353261421546068 -0.118137823294318 0.13054549632029
0.0984365730625127 -0.38993880835651 -0.143305120575415 0.0183359281629784
0.259737404798666 -0.34528854231152 -0.121007524784072 -0.0622913992288436
0.408888607567246 -0.154567095805672 0.0215800089486056 -0.243082704346442
0.505182941921293 -0.00488459584602603 0.137336298168515 -0.135671592086849
0.685316578445418 0.153733309487726 0.0899985475027815 -0.0183924690974725
0.712960058362247 -0.0810392595394407 -0.293432238219326 0.0437227218772479
0.531879424094475 -0.347775219353453 -0.0431493825119101 0.402057976511734
0.283013963985093 -0.404308663037205 0.301096169687534 0.143043143404104
0.105803563391321 -0.411106580452682 0.213441277576834 -0.161992471265904
-0.00211236348982833 -0.3994254844002 -0.0167214221124856 -0.214811783096685
-0.140519473040777 -0.415857499146772 -0.130627236606226 -0.0730998012203152
-0.231964929799121 -0.323802749968859 -0.104322546008641 0.0127060085381308
-0.254269480809458 -0.337180651748917 -0.0620937214149639 0.0641250437235894
-0.157355222023259 -0.35383326277746 -0.103653148146793 0.0758114122311978
-0.109935033844874 -0.39216749818425 -0.158135309449672 0.0774847413760621
0.0629316675656718 -0.463236756221158 -0.187703977731095 0.000675671319067191
0.26454755894442 -0.47267698664307 -0.167926866436439 -0.0668143111997673
0.50987884442078 -0.257307782416112 -0.0399957513383037 -0.214628031622342
0.644883804792518 -0.000881643586818356 -0.015395005032656 -0.12791205644045
0.660445905086915 0.167239138199339 -0.108812809659473 -0.0353400869413006
0.656631967069791 -0.107599761140727 -0.368545723269379 0.102891513529981
0.404231322405591 -0.339617698556599 -0.0164448077717742 0.363932722105334
0.151402404972196 -0.312858417093501 0.285879537657458 0.0791195396816159
0.0664565572254721 -0.267549216586288 0.195588114007783 -0.240870027338471
0.0283214150332309 -0.296518531762221 -0.0461856299248288 -0.319040818983011
-0.078697716942863 -0.356122213003054 -0.186839210599943 -0.202625640189217
-0.170880531466175 -0.299476473552008 -0.177972094335005 -0.113313868359694
-0.190502688634297 -0.328973251797846 -0.146097527973303 -0.0579868490502452
-0.108196165146674 -0.341618505480172 -0.174574670005477 -0.0304566318545399
-0.083130688770054 -0.362239274683277 -0.197151643734585 0.000464155107521568
0.0406197657495312 -0.45298350168423 -0.227445142449247 -0.037636302902852
0.253240024672362 -0.513780553278897 -0.203899217610748 -0.0896058883220314
0.551305792201185 -0.294001311584819 -0.097048976821972 -0.168849565949964
0.688091209697653 0.0251981637418443 -0.195442480532176 -0.100988907931833
0.543619461160424 0.133911826019231 -0.257661885017135 -0.0362458490893492
0.501890417322695 -0.143323370260659 -0.377441135840594 0.161411757699484
0.211781055005724 -0.285638824925362 0.0226015341805686 0.295748294036161
0.011414930845807 -0.172451470991522 0.242843844743565 0.0236892482481712
0.0342393532111435 -0.0977947342589351 0.160387751103795 -0.269090279494329
0.0592882778689927 -0.163466795184566 -0.065218114326451 -0.366872037904287
-0.00849218379601882 -0.250008282020313 -0.215481792002336 -0.295875828957301
-0.0814931501001254 -0.227717975397184 -0.22273339131957 -0.222265192208229
-0.0900049226988466 -0.261439245678593 -0.202011957024933 -0.172919650335219
-0.0308962927238306 -0.258815486108011 -0.214893837556754 -0.134815683707147
-0.0360704904128488 -0.255141516507306 -0.213913757416945 -0.0805741243686304
0.0156446131018486 -0.353375830362372 -0.249869510286347 -0.0893840441954119
0.213024840212695 -0.453407847781484 -0.217600749973296 -0.134677216269928
0.516486944029378 -0.250907471672653 -0.137683472610727 -0.12618237615953
0.617260162715112 0.0712421398232608 -0.372817297049056 -0.073975474651237
0.360987595816157 0.0783365241936853 -0.342454960409964 -0.0106752481933001
0.301953185602024 -0.166039917974899 -0.337069555729692 0.209226024629197
0.0252714636143887 -0.20282738097463 0.0557756178436663 0.2190657461887
-0.087086100219544 -0.0364799859658585 0.188526573733443 -0.0105675181170404
0.0199077063871512 0.044062804759597 0.124833605308549 -0.258109628020612
0.0868166900978579 -0.03566250161307 -0.0701194431438606 -0.370526662661199
0.0640308058357058 -0.121015127030978 -0.2159032690648 -0.348001330175627
0.01938678834163 -0.121573939914096 -0.235158493906096 -0.295281923069681
0.0239271894398033 -0.139155325030179 -0.216145026215671 -0.25653298553975
0.0405569650720557 -0.110866805004969 -0.210215015298859 -0.207640562298225
-0.00837845145440922 -0.087265157149724 -0.203666477781273 -0.136831141240439
-0.0356931452089601 -0.19668635535088 -0.257045341705368 -0.137788590542631
0.127951981052124 -0.320787053724415 -0.207821388123567 -0.19663149313297
0.394192495978528 -0.155477932871062 -0.149701445923383 -0.0976238797505103
0.432141411584684 0.115316654368882 -0.514575976205526 -0.0568274779639733
-0.161452751219798 -0.0323633898371425 0.674078142419218 -0.00929928389639175
-0.134911294590291 0.11457647019546 0.218572316791369 0.0121199535499297
0.0102970894460244 0.162877319125223 0.174617518132107 0.245196096638581
0.145028210216411 0.0305531326389504 0.255727389343073 0.151447451917126
0.0354355539367826 -0.107292629634377 0.157027347275029 0.140094294168818
-0.0722231995039833 -0.0585177177828169 0.143101447247485 0.224989592802721
-0.105573758889267 -0.000429091876292191 0.191618341960696 0.295821197423733
-0.101774479161935 0.0014212237134081 0.210338396695867 0.316215451220083
-0.119886785107608 -0.00727634643567077 0.19789290351554 0.336618207651679
-0.108326295223832 -0.0484784666131356 0.0815652099792847 0.303648033458515
-0.0309413593470085 -0.122885656521069 -0.0937169651341902 0.214710660533512
0.128470971327112 -0.0696397982588973 -0.114508340026456 0.0298167542724333
0.0802176522365742 0.105029751012803 -0.0511602833221435 -0.112369718334264
-0.0835450502838319 0.100307419770287 0.13258665719117 -0.21533666445048
-0.154319306790259 -0.0670389198217184 0.276890011445572 -0.0548932215750937
0.140615683329336 -0.020921300462476 0.630163237728399 -0.0042338422192273
0.13971841794551 0.0145930845849175 0.120550529071991 -0.010933910597593
0.196524342369184 -0.0125862336538038 0.0949664172944754 0.315258942722506
0.243283629483144 -0.138537974702877 0.262547613098826 0.187529035638951
0.0753041804879626 -0.280455518491675 0.15778408227303 0.114687453716585
-0.079646655815645 -0.234618671354858 0.0929108059657474 0.180735406989295
-0.167571306843081 -0.172495308261831 0.122248178877841 0.276438410451442
-0.181082935213832 -0.119127025053116 0.156475562986578 0.298087725642751
-0.187438295152016 -0.117847317267418 0.160586519311617 0.310479447660114
-0.124923980458071 -0.143535007964888 0.0607683109402063 0.268822516512201
-0.0451172739175672 -0.199483854795003 -0.0877350638791015 0.184734709999715
0.141204791641815 -0.168244070114271 -0.0995302553246274 0.0232213779086704
0.170521510891465 -0.0206016004739608 -0.0504183937225469 -0.0833726737032349
0.094136033965548 0.0576054598747717 0.104480137891002 -0.227173196496419
0.0698370864158807 -0.023662860126122 0.282599769619631 -0.089114611104791
0.409109173006157 0.0289379592215191 0.50023188717057 -0.000151735319653136
0.41712161500121 -0.0436319771932266 -0.0147205848254128 -0.0175908826412471
0.389108996239519 -0.173063108424624 0.0198845271057217 0.368349708323835
0.324802579697306 -0.291757680900587 0.275588395481677 0.200932850768093
0.113247998054568 -0.410152593234859 0.176380711394347 0.0450971760104974
-0.0621332894824582 -0.368394444891586 0.0475951504613787 0.0756430877649876
-0.193357541956001 -0.314929864256756 0.0367862243460183 0.195564863807687
-0.235514002916413 -0.221527880360359 0.0775093275581638 0.234370494889749
-0.241523017412338 -0.21472216301606 0.103143164228981 0.255424001174256
-0.146556376517956 -0.230427656915255 0.0265814500512719 0.224256640872432
-0.0715832981084694 -0.274226312346916 -0.0925895466009959 0.16144211060305
0.126076869462805 -0.278016050164151 -0.111221142916517 0.0221082346165547
0.227189136836453 -0.177548873964653 -0.0738449448842671 -0.0684317277099162
0.260070202623637 -0.0356625784975431 0.0681976023632621 -0.240270462600457
0.296956539508314 -0.00722114008538633 0.235752743714588 -0.12086871909486
0.59729221952324 0.0944908303872364 0.304775607325121 -0.00847981980526299
0.62279133557565 -0.0705128967127583 -0.164168595495919 0.00229038904791681
0.516487680199468 -0.290599776207732 -0.0280017908049398 0.400339542315689
0.345057346405637 -0.394535492022092 0.293132905391475 0.180845257004164
0.123353647767307 -0.460287072619287 0.200071266135057 -0.0574762228938557
-0.0355432131185346 -0.427210961584711 0.0104463724974913 -0.0676899862754112
-0.184255057730902 -0.398646716613508 -0.0514016935781812 0.0704883756640691
-0.253434599821675 -0.291067747710748 -0.0137207518345417 0.135961227904278
-0.269883455005454 -0.288289533576773 0.0272276841642873 0.171637007621906
-0.165796653543339 -0.305360688904435 -0.028573577954682 0.162041124638468
-0.102628864921206 -0.344513250634309 -0.116431007813677 0.130104376042553
0.0925135686317515 -0.386052429819518 -0.143403863208095 0.0191710461905712
0.253180773995496 -0.340891261162789 -0.115501760413267 -0.062675633673007
0.400751468232065 -0.155423176535375 0.0179429429882465 -0.238710376997594
0.497902569023876 -0.00869374581044857 0.134291955905059 -0.135910267592251
0.680507544339937 0.142079816107412 0.0870028821180972 -0.0235389569630951
0.699372795199928 -0.0876585267883584 -0.292181534404542 0.0490143246154014
0.514873030274149 -0.346924270500091 -0.0340850945852715 0.399833669276789
0.278098846274825 -0.401628802906084 0.30048803197002 0.133189063762207
0.10197785226679 -0.404368145030192 0.206954911497994 -0.166380817980452
-0.0052700419265389 -0.397768902018272 -0.0246943900936488 -0.210973114096717
-0.145115288509088 -0.410439447894905 -0.129959653177895 -0.0699264116642267
-0.232488551508818 -0.315794478289379 -0.103101854349131 0.015559912115063
-0.254949108445255 -0.328714877837512 -0.06192064979713 0.0640211256149028
-0.158272733490048 -0.348883486585614 -0.102519484315399 0.0766812658266308
-0.111407573662524 -0.382476117363595 -0.156561298686789 0.0770625161528405
0.0569293430531274 -0.457715463470529 -0.186742944209981 0.00247374210679393
0.254787686284031 -0.466886448095395 -0.161455562764349 -0.0659769311498011
0.498696836893403 -0.257303261328787 -0.0419622995053757 -0.21171892090458
0.637300183584929 -0.00748968219001899 -0.0156668267871316 -0.126844275077034
0.653432422906664 0.154342708741106 -0.10880116525394 -0.0380843837242365
0.644196936358091 -0.114964968446588 -0.364420311720375 0.10672727334511
0.391448016866743 -0.336492178941574 -0.00738051030079906 0.359883968981405
0.147431501504195 -0.307448906652955 0.286024301236758 0.0710946021818724
0.0661230644893137 -0.261854473570432 0.190217747069275 -0.243226915727264
0.0267319613350759 -0.296346444332921 -0.0536581393909279 -0.313505081340241
-0.0844835327113626 -0.352957577940683 -0.185812776741876 -0.195577419557228
-0.171907991848852 -0.293156723948452 -0.176350766399766 -0.109619441232411
-0.192119605875572 -0.322197734691226 -0.145934716001734 -0.0550317210176865
-0.109567201502265 -0.338959798929383 -0.174071910003651 -0.0270461213735673
-0.0836363743559755 -0.355728782274063 -0.195670968872527 0.0021312306698616
0.0345283004312404 -0.447282337718693 -0.224795787617806 -0.0347054833422185
0.241844018959425 -0.506248623653489 -0.197100267075045 -0.0878320421335948
0.539703917941401 -0.296424898241578 -0.0977369474799934 -0.167909051124483
0.681588420059702 0.0154495285228245 -0.193344527146356 -0.0994522721008911
0.538920677006225 0.122700362497105 -0.255423661417367 -0.0377570477530617
0.491366968778027 -0.148451965383152 -0.370849067075265 0.163655064704507
0.201760822456211 -0.280204822303594 0.0298034667568952 0.29070077705276
0.011275574068213 -0.167203527948442 0.241575885723848 0.0192010401708375
0.0372147881889962 -0.0941080690418281 0.154264752329618 -0.269229656647854
0.0598227229209783 -0.165352754251472 -0.0723950253020779 -0.360514330054026
-0.0120779488025295 -0.249329491219307 -0.214876027069605 -0.287836616815966
-0.0835245934513855 -0.225574116956538 -0.221367430768525 -0.217286240169145
-0.0919171769816842 -0.259950362552733 -0.202923371253825 -0.16792405916434
-0.0318867187467644 -0.258522484821196 -0.214579531994545 -0.129090085160677
-0.0351771366591663 -0.250249226614502 -0.21229167678481 -0.0782724374830482
0.012252736820048 -0.346972931150973 -0.246786627992679 -0.084321138374678
0.201936358696789 -0.447714146642069 -0.212793551084832 -0.131302309538879
0.506713087510528 -0.256239209339845 -0.136196521517262 -0.126158851282962
0.613976712363443 0.0615849749480029 -0.369357241540958 -0.0697016179291614
0.358729472975316 0.070325120513317 -0.338067471575478 -0.0112786011514272
0.293623477917257 -0.169351827487811 -0.32876894048064 0.210444388384625
0.0200513965361921 -0.196584819334986 0.0597846968721081 0.214913804392815
-0.0846505287664199 -0.0315453251986161 0.18736470664883 -0.0120529300065217
0.0245979027724194 0.044803291443825 0.120233802326852 -0.255758799737201
0.0880635146588143 -0.0395191158220471 -0.0762989133156281 -0.363181982374824
0.0609039412985662 -0.123894430482855 -0.215985255390838 -0.338367245837626
0.0182746593802042 -0.122764346915415 -0.232011661752707 -0.290708668342675
0.022604932626895 -0.141494649369476 -0.216807265748101 -0.251458003927881
0.041310967591589 -0.113440246407755 -0.210491253625485 -0.200428267660719
-0.00665745937359252 -0.085099713226414 -0.201981752332494 -0.132843650384178
-0.038064336203452 -0.190768735335673 -0.253181421690734 -0.131294298952932
0.119561455632353 -0.315398954590827 -0.204962777027461 -0.192580104457736
0.385179744469132 -0.160054388060322 -0.14688894644485 -0.0987646353943172
0.430771993703727 0.106655623611063 -0.507669326274304 -0.049687954749988
-0.163608863028395 -0.0291748269278148 0.673790085131329 -0.0167022786334212
-0.133360566142138 0.11648943682975 0.217852239033785 0.0102469652721064
0.0130210403778511 0.161957821603057 0.180168762580277 0.245353829441348
0.146019256005461 0.0247729744722556 0.257441093642612 0.147980304391417
0.0311789809706265 -0.10953279001713 0.157752421013262 0.140137076209968
-0.0750489761205729 -0.0573428933696573 0.144402873935453 0.226025565557587
-0.104484355136526 0.00184063016808112 0.192673181828636 0.295381733188758
-0.102028777887471 0.00601175831391115 0.212601450893581 0.317035331181734
-0.121026626690745 -0.00257908379536418 0.20107865073002 0.333927889627766
-0.109801798875869 -0.0442072814130946 0.0850062134210756 0.301365536750104
-0.0363851430545247 -0.120782057407582 -0.0923607549466263 0.218566084043301
0.126967952840534 -0.0748489761772459 -0.118061237781995 0.030241381464448
0.0857938195796756 0.104444772230458 -0.0549713066776084 -0.113187691974344
-0.0808659833703806 0.1028090525274 0.128547586348717 -0.21339269008189
-0.158187077155492 -0.0613651580385865 0.279421911881171 -0.0545040100029857
0.14047405884476 -0.0221152617023648 0.629875778932925 -0.0135299292015276
0.140677499741626 0.014646088061355 0.118088205456073 -0.0102922724721592
0.197858797723001 -0.0143818455991048 0.101363476150484 0.317678890569589
0.243766285281427 -0.145553920018327 0.264575426614008 0.182535591664767
0.070360331784474 -0.283867915455129 0.158051530912725 0.11224464488041
-0.0838280136906127 -0.235586799575118 0.092074126785127 0.182468819364486
-0.17017244960086 -0.170984593507469 0.123553187205907 0.276391995895814
-0.182679244938921 -0.114530210275495 0.158050748090068 0.29984419142304
-0.189432090544824 -0.113196092847767 0.163462367859885 0.308388342019194
-0.126563409858833 -0.141075791523376 0.0633323943355347 0.267006124854529
-0.0488612686808371 -0.196331926776225 -0.0868973398584157 0.18739960295193
0.13999980460367 -0.173674514498048 -0.103293062529084 0.0234866284843425
0.17472601762141 -0.0223176658352154 -0.0519417566645909 -0.0852265967737993
0.0972290406146767 0.0578910650842021 0.100317323996562 -0.225700360944637
0.069677000596226 -0.0204099756166283 0.284330152809261 -0.0907544672284769
0.410928011183088 0.0234814701954394 0.499361447317422 -0.00676194858083247
0.419444763365241 -0.0459715024027538 -0.0187938746354572 -0.0150511348390526
0.38778947252738 -0.177048636383934 0.0280279772907834 0.372888568786339
0.325858210633789 -0.29834818470899 0.281246674660586 0.194380529418175
0.109460573575552 -0.41353492426704 0.175972081915056 0.0402765509251959
-0.0675816610896103 -0.371282820221917 0.0447142325705402 0.0767932769401001
-0.198856663343449 -0.314305425607791 0.0367544328249585 0.19615628918284
-0.2378734547025 -0.21696304928911 0.0781680294633393 0.237262389814686
-0.244346893253669 -0.209778996405947 0.106097777672245 0.254870139564309
-0.149652232851319 -0.230384729539793 0.0280816509133507 0.222550893838284
-0.0750048632644474 -0.271061651557943 -0.092787532349368 0.162667028647401
0.124624886025736 -0.282310752997882 -0.11440318238995 0.0224708589521635
0.228679941719066 -0.178694187349256 -0.0728573081531199 -0.0710661084690503
0.262889593076454 -0.0363803648931123 0.0648909451464777 -0.240196280726976
0.299060942269039 -0.00653546931608618 0.236801786629109 -0.12372271485818
0.603038395780627 0.0867678892294648 0.302640696541712 -0.0140564812073749
0.624332521358396 -0.0761290115207707 -0.169696887706814 0.00682612138946796
0.512559003849587 -0.296805284551525 -0.0207116066553941 0.406934841566575
0.344993140949429 -0.398887154178862 0.300162903932243 0.174332738569303
0.120155049864791 -0.461423454710231 0.199577312465701 -0.0642692801803888
-0.0411062552214321 -0.43246889365915 0.0044950967451055 -0.066690711725585
-0.19126068173132 -0.400546838113853 -0.0520481434194798 0.0721363766396582
-0.257873843954425 -0.287153199044619 -0.0138746259938251 0.138807038479096
-0.274465195622826 -0.284808323842492 0.0282906797420269 0.172530707968907
-0.168823300995442 -0.30698754129874 -0.0288348523537093 0.161897121555438
-0.105709936127288 -0.341863823068074 -0.117371508401992 0.131274954751348
0.0895664318992245 -0.391379972617149 -0.146553210633648 0.0198606106018209
0.251363519148559 -0.343475990650988 -0.112885731258248 -0.0651102379624375
0.403251587613636 -0.159126197392442 0.0142806553999119 -0.239882508876758
0.502286556184001 -0.0119220041124299 0.134465749899492 -0.138799280301999
0.685415126730186 0.135047372564493 0.0853314871444255 -0.0282824168318839
0.702858364007883 -0.0940771258842701 -0.297184843376876 0.0542508648361106
0.512647878568737 -0.351453304060469 -0.026394058220899 0.404200647968049
0.277225117452923 -0.404375273855403 0.306441992841081 0.124888829781447
0.101825478852701 -0.40563237811046 0.20616310039625 -0.173753544328856
-0.00712225391851192 -0.4036341781633 -0.032338999497251 -0.210632712346671
-0.152708526044464 -0.411348660183861 -0.131154610554332 -0.0675512995674071
-0.23659548298719 -0.313943519499616 -0.104388903345241 0.0176958232138241
-0.259425602773959 -0.327874270730669 -0.0628825013453708 0.0653423947082371
-0.161956750244486 -0.351366166010766 -0.103707847329199 0.0779585029806525
-0.113869755381075 -0.381912812590236 -0.158066670981465 0.078602314226681
0.0544167552531186 -0.460614333443295 -0.188545750983564 0.00387426596542762
0.251431036036689 -0.468484977873199 -0.158274336878297 -0.0685073474998777
0.498948898699458 -0.262737647394802 -0.0446854389333169 -0.213538742329712
0.643104815013881 -0.0149799900203951 -0.0164179646756088 -0.128533777931699
0.660451274456092 0.145507573412393 -0.111228950308116 -0.0420290595926576
0.643905070799912 -0.122541706743087 -0.36719632454617 0.112672802507829
0.38719986893295 -0.339762877601427 -0.000930527132615021 0.363853102085766
0.147719316384542 -0.308399842665911 0.290572084473954 0.065623705698753
0.0682052873057521 -0.260976729300371 0.187258296253218 -0.25013236533642
0.0272318980220683 -0.30185271083146 -0.0628176535635439 -0.313133839786415
-0.0901842236679578 -0.356866149770054 -0.188405399461847 -0.193741719558125
-0.175532353018842 -0.293552391401948 -0.178169327326713 -0.107441920812734
-0.197133138525442 -0.324883872987984 -0.148637688702197 -0.0530565911559523
-0.112316711281084 -0.343485165509497 -0.176979835760705 -0.0243953955456313
-0.0859998054268679 -0.354667927880632 -0.197812995514024 0.00365666038655923
0.0326467322515737 -0.448823713094782 -0.226086008240735 -0.0324572545694702
0.237546160287904 -0.509362579617773 -0.194715664793034 -0.0897602383542166
0.539116791258459 -0.30252774351824 -0.0993514499583651 -0.170169624548673
0.688784635648636 0.00681431422116397 -0.194724410701458 -0.0992083267100469
0.545118827358966 0.115217066884167 -0.257455042576582 -0.0400662987436853
0.489333196514754 -0.156591839322916 -0.371371390136062 0.168683531637895
0.197525508348672 -0.28041598633978 0.0364811667320553 0.292665619651831
0.0118408195749644 -0.16488161639978 0.244593853642231 0.0157524139586702
0.0416062624901641 -0.0927646644196119 0.151798339733145 -0.274435877476834
0.0621423483949775 -0.170771528677406 -0.0802392793582943 -0.360700244339697
-0.0172445338208962 -0.254003925066197 -0.216306954814644 -0.285300465933433
-0.0857828217422497 -0.228247875025474 -0.224165285528291 -0.216779515427413
-0.095030608627719 -0.262851844100501 -0.205980954595096 -0.166588570943389
-0.0331376599515288 -0.26405963217907 -0.217992797676228 -0.125690646835604
-0.0355124486435253 -0.25045543462284 -0.214601452314522 -0.0755675091540518
0.00989299140786158 -0.347581794446423 -0.247515316591903 -0.0815437481560814
0.197221586349271 -0.448722028661525 -0.211220420712958 -0.132671718446905
0.505620834825607 -0.261244502150056 -0.137237893688523 -0.129590272844372
0.620602815910769 0.0526233311698445 -0.371082395671568 -0.0663438966855862
0.361949679377595 0.0636294366489814 -0.340572383235858 -0.0124421964706518
0.290284142396412 -0.175704865268375 -0.326517986597208 0.214532390486088
0.0157473858005871 -0.194862914177982 0.0655114884705183 0.214669496967237
-0.0831697127084749 -0.0278776068012275 0.188726374431586 -0.0132054673972673
0.02996443274037 0.0458247281106741 0.118213925793758 -0.25881216138589
0.0918054724545912 -0.044228633636404 -0.0827457259602384 -0.362666821777474
0.0588860242411912 -0.128445013387008 -0.21592860053541 -0.337887856690627
0.0168369335479648 -0.126864908170875 -0.234926305866795 -0.292710208909203
0.0217576992331483 -0.147121600086929 -0.220649212143405 -0.250080347587842
0.0423965993878435 -0.118005106801644 -0.213572263184358 -0.197641552957197
-0.00400403503888002 -0.0850040585084784 -0.204124498762043 -0.131462083508995
-0.0395932929832433 -0.188738850373455 -0.254298465188848 -0.128298196510142
0.115082634554098 -0.315416244281195 -0.205682159828191 -0.193346764016869
0.385065988304257 -0.167492863092342 -0.14686714491533 -0.102818456720286
0.439093129684252 0.099958610596572 -0.511009504656473 -0.0464343227310155
-0.168502431496214 -0.0246276667914607 0.679723889112588 -0.034505805951912
-0.131358881864013 0.121554135768991 0.218639764633255 0.00537566940198079
0.0187982177360581 0.162887554042458 0.19190373779244 0.245031033905838
0.14827202709014 0.0170860541419657 0.265093534297165 0.141057199572749
0.025102378347417 -0.113080641797004 0.162918534489051 0.138404410569426
-0.0788042820490046 -0.0549229794355001 0.151321203896166 0.226636931183315
-0.104790796588876 0.00580399131690305 0.201239913477567 0.295468681099317
-0.102355281879811 0.0113188830458902 0.222761216611883 0.316658967066332
-0.12269986347366 0.00484968272286334 0.212403529201831 0.330870812202287
-0.1128883978387 -0.0383308093717114 0.093395309648049 0.301005977256823
-0.0435214998958289 -0.118609028153313 -0.0877591534735525 0.225388100153996
0.12490763623278 -0.0835331121118756 -0.122162870773491 0.0350568808314672
0.09379283107929 0.103072218023976 -0.0608355288432151 -0.113751299229156
-0.0772089961562917 0.10749701568107 0.123059377524479 -0.215596412119536
-0.163638607050383 -0.0534542711082876 0.283054035135437 -0.059630871836801
0.140014695331776 -0.0263218809662783 0.635525332873069 -0.0314553057745604
0.143560955727228 0.0124176925366342 0.116595710737562 -0.0125198528885961
0.200300762863072 -0.0193951561234939 0.114886112715687 0.321214217119426
0.245107091388651 -0.156075241013458 0.274118108061315 0.172739275163758
0.0622005031903866 -0.289880951175731 0.161874594693455 0.107465519097559
-0.0936056605042775 -0.236844744164892 0.0952661325633173 0.184618032462078
-0.177001180114074 -0.167896472648858 0.130680869985394 0.278299563575102
-0.187863233778624 -0.108439381850938 0.165805701202044 0.301619466590374
-0.195052757280433 -0.105636064775541 0.172790047837533 0.307614401655544
-0.132700613003949 -0.137735890629643 0.0698324901769534 0.266722824749926
-0.0566495664425672 -0.194375625355712 -0.0846225057243224 0.193375304302469
0.136351206100811 -0.181971795758135 -0.106539774356758 0.0266578407133333
0.179253542871098 -0.0268345203964269 -0.05524537387498 -0.0870758225264019
0.10189354354292 0.0576940787649765 0.0949157046767146 -0.228277551519579
0.0692272678898341 -0.0183102350592608 0.287348924703253 -0.0978151144861658
0.417086381444045 0.0123328129868366 0.502064057490007 -0.0237467908836707
0.423041588880314 -0.0557977301161499 -0.0232645762654988 -0.012376597262821
0.388239933136635 -0.188163007227135 0.0417195789657243 0.380271202024032
0.3255124050433 -0.313318522807217 0.290647069188367 0.184001147463928
0.0992533130839985 -0.421180448490604 0.17856249721085 0.0324574850346271
-0.0789060520423526 -0.377621274833234 0.0427269764306258 0.0786975579785765
-0.211637051501687 -0.314199949268446 0.0409341012691922 0.199327636672305
-0.246191714703726 -0.211080324801518 0.0848954257171944 0.240996250949512
-0.252958672765712 -0.202755414854146 0.113208774458468 0.255314938084878
-0.157256108106372 -0.230288455717818 0.0328427059617829 0.223851250168142
-0.0833100935657589 -0.269770005205832 -0.0924631780897464 0.168102982845687
0.118965273150207 -0.291796793814483 -0.117391265624313 0.0259284811729039
0.229727324993331 -0.186890904680855 -0.0739102596432787 -0.0733973255903702
0.267776435380069 -0.0421429114965429 0.0581818695687645 -0.243059893948021
0.304055626803402 -0.0124066284474045 0.238212183807878 -0.131005045372129
0.613742868655491 0.0707657055365229 0.303817540000258 -0.0254885783543523
0.630932429695004 -0.0901935548933669 -0.175769896207343 0.0134245441454695
0.510773278482714 -0.31378162553134 -0.00516644142438688 0.415046306171756
0.343744548724823 -0.415754669379 0.309681773137109 0.163748153122283
0.110509184885145 -0.470617481070701 0.198819626409111 -0.0754436737907507
-0.0523370217572607 -0.441323570093856 -0.00314055600207715 -0.0661403245495384
-0.208252386760505 -0.402776615561674 -0.0523373230786523 0.0766826969443231
-0.268445773049193 -0.282979422242382 -0.0115124893370924 0.143598063950319
-0.285278553358128 -0.278810634188126 0.0326411759549542 0.1743288354113
-0.179169257144713 -0.307687029913724 -0.0266389438245916 0.164776321422088
-0.114470520022535 -0.341252714142516 -0.117898546720766 0.137049732802493
0.0821114633256107 -0.401254858044917 -0.149596181440932 0.0239954245239194
0.247802275852426 -0.353769256247118 -0.113058350754952 -0.0673939485759099
0.406012758574407 -0.169019607707408 0.00761638476100866 -0.242744295364719
0.511354229260278 -0.0246282070093146 0.133248864074627 -0.144185393976587
0.698308616560648 0.11690367737508 0.0829075102210295 -0.0353068536863953
0.707791976126009 -0.112770701025291 -0.30392721457402 0.0644611954016617
0.507720668119589 -0.36811201251138 -0.0116285687803384 0.412526037158155
0.273946628788258 -0.416867147200752 0.3169577666299 0.114379043330704
0.0945141215888556 -0.41194736703838 0.202361213052792 -0.186114201718688
-0.017386089294945 -0.411882004168768 -0.0448253355370437 -0.211318940381511
-0.167760464198505 -0.415387047647899 -0.136090221880034 -0.0637824484635017
-0.248045377905945 -0.311704460467944 -0.106249853225398 0.0226853998213415
-0.272440590856135 -0.323935868194529 -0.0628998679389953 0.06974597359386
-0.173587294049079 -0.354958086352022 -0.104904576083258 0.0823173171851078
-0.123328132087691 -0.380079980942029 -0.159740203075635 0.0840774121256213
0.0448308004006685 -0.469076577344452 -0.191441411144965 0.00843341606846672
0.243334803587103 -0.479846472368713 -0.158501507698286 -0.0698718516185918
0.500480997175195 -0.27740939457042 -0.0513501390728919 -0.216203239377304
0.654777438392138 -0.03291372412002 -0.0197643303662478 -0.13081257730462
0.675229790364293 0.127391141174188 -0.11672604483133 -0.0446033205950298
0.648160204116588 -0.140311957982836 -0.371642782006932 0.125139084051885
0.379581249626617 -0.353725511971596 0.0135908652783777 0.369636361416721
0.144790473442216 -0.314508864864251 0.298072175609965 0.0556974374866819
0.06644679317517 -0.263593001901339 0.182107938249989 -0.262895521511568
0.0217172526047793 -0.311494247178375 -0.077579866071915 -0.314633277526321
-0.103450136932235 -0.361881680064413 -0.196430176634518 -0.189716647562246
-0.185726490414155 -0.293119828041381 -0.18397511312807 -0.104056142316814
-0.208973586484659 -0.324663632454742 -0.153468675506815 -0.0485627182872395
-0.122263580324129 -0.349176149750199 -0.180932771660997 -0.018604278220788
-0.0916796279912511 -0.35681884943947 -0.201499041643373 0.00877632447686083
0.0212073201792183 -0.455333473386696 -0.230124697374 -0.0268429677302819
0.225374522582533 -0.519539232596699 -0.195559676006323 -0.0897576133274388
0.539619658904181 -0.32041883654865 -0.106039174103594 -0.172893881328782
0.701948888648698 -0.0140582349576267 -0.200403076546664 -0.0960817020173246
0.556865511428516 0.0989249186281616 -0.264523655018767 -0.0391312309664414
0.489240920055158 -0.172228777290931 -0.372206058935018 0.181031231245916
0.189506628111241 -0.287043939535811 0.0479907860869758 0.295771852612338
0.0107001286421985 -0.164560657596529 0.250762452554421 0.00801024212398563
0.0457803199872692 -0.0933539074174326 0.145576509375121 -0.284501162739075
0.0609579174651521 -0.179265653408733 -0.0947031986433849 -0.361696140977782
-0.025452159062925 -0.260172241965931 -0.2266748794671 -0.282443748247746
-0.0931156768993825 -0.23128759924663 -0.233102886505743 -0.215791635901918
-0.103936367450488 -0.267725135162878 -0.214474013999444 -0.16225939654032
-0.0397320241486099 -0.271644455677152 -0.225393612505078 -0.119938539645883
-0.0385931215878463 -0.252644929084845 -0.219795134338051 -0.071613479775152
0.0016271951144845 -0.350618896808471 -0.252091703810036 -0.076361772763158
0.185715044667185 -0.458443119624562 -0.215204353873285 -0.132909828410044
0.506439485658578 -0.279007143062041 -0.142725882608261 -0.131702680307034
0.636273508308536 0.0334532595053336 -0.37837516573261 -0.0596664488337401
0.36950352420607 0.0520885616279922 -0.346401895621992 -0.00886885406552925
0.286140559028373 -0.188978376080395 -0.324045373915551 0.226215280334594
0.00933855831031935 -0.195199944927428 0.0740118475176985 0.214516926280829
-0.0826355192663934 -0.0240156001315265 0.193278592736282 -0.0171436534854431
0.036542066080008 0.0466851668148948 0.113265547724792 -0.266092054827513
0.0942798599759399 -0.0508088979365695 -0.0961468488346758 -0.36510854477189
0.0552151051099405 -0.135381035782176 -0.22770275901276 -0.336393290762335
0.0136332581796135 -0.132412475678651 -0.245571721169926 -0.293438551945176
0.0177283366151283 -0.153603712036578 -0.230301604594773 -0.248541423907634
0.0415982376258306 -0.125178424129262 -0.221688653364402 -0.193073264408627
-0.00301520332082899 -0.0862214698401402 -0.209222926275277 -0.12707599169352
-0.0451627394600657 -0.188159636948818 -0.259835867406618 -0.122202724105488
0.106052498426535 -0.320194397465631 -0.211997088059008 -0.194153154192708
0.384017423974874 -0.17948813821975 -0.15113537793987 -0.104555858649787
0.451425856399874 0.0873472955458262 -0.518072227127303 -0.0324843732344721
-0.173574790475795 -0.0169091957384444 0.678888313909614 -0.0636048746920057
-0.126930664365693 0.127669359784927 0.21691136650329 -0.00307419912756191
0.0265936148038814 0.16210857743597 0.205384038956558 0.238414009070358
0.14894777363751 0.00763675950986038 0.272209366328218 0.128569207672099
0.0168742209335015 -0.11510528401331 0.168762136118684 0.132642835434276
-0.0831485134222456 -0.0508496432402519 0.161570506170813 0.223326408305353
-0.104476827910215 0.0114681069548592 0.213046219294786 0.28916079788495
-0.101609213279222 0.0188185784514852 0.235632353820753 0.31229413625757
-0.122414853692374 0.0139319128831218 0.225956054450407 0.319975563916662
-0.115144201381853 -0.030392637090931 0.105906852772777 0.295465880106703
-0.0514881652130956 -0.1152986333736 -0.0788056289968838 0.232096403653502
0.120664122684019 -0.0929062279966478 -0.124027030919502 0.0415815219071548
0.102962880060978 0.0980903863714133 -0.0684693085464176 -0.111593185200158
-0.070659652234034 0.112173762572919 0.112512572094341 -0.218303267568345
-0.167581838670138 -0.0424057330813644 0.282583402216904 -0.0690452956417905
0.137311962076898 -0.0330632210882236 0.632970401187564 -0.0573319140771663
0.145200475514256 0.00761101600062492 0.11308822628427 -0.0153810175331822
0.200913157877532 -0.0275750422963702 0.13301312599076 0.318969935039774
0.241040459067289 -0.170818255774152 0.282790917384199 0.159199507161071
0.0483973220876148 -0.294243866651153 0.166090951165559 0.0995890957553045
-0.105393180311796 -0.235285902790545 0.101312649666123 0.183492560470045
-0.186802695317225 -0.160572102112729 0.141494169390612 0.275496375705367
-0.192662671506076 -0.098573311918748 0.177506137821382 0.299348476495429
-0.199473840678552 -0.0933231115157463 0.185378759123038 0.30040101570385
-0.138931535372478 -0.130759066522727 0.0797757784920764 0.26307787635759
-0.0663754144973072 -0.190016742572092 -0.0787159586460715 0.198868410416242
0.128057732319084 -0.192552573358238 -0.108736574485684 0.0316350640320836
0.182025184264546 -0.0361938987816178 -0.0598369446966943 -0.086826514027636
0.107315523958764 0.0553195886584067 0.0846408526133165 -0.230141276109892
0.0694887676222272 -0.0186209282985032 0.285071802408198 -0.109207164897675
0.417531676439465 -0.00781151760106003 0.500214278790539 -0.0448906380952391
0.42310202097653 -0.0723737679080697 -0.0279831746475586 -0.00912725168579377
0.381741938378059 -0.203184106998727 0.0623123815204381 0.38160825303228
0.316512511174949 -0.331042919427912 0.300927457345126 0.168156261497445
0.0817825194778414 -0.427388700409369 0.178402423601001 0.0212537405707752
-0.0964041688555391 -0.377858116131041 0.0423552644467119 0.0795873074616865
-0.22910638866199 -0.305612492092854 0.0484023839139368 0.19970955104509
-0.255922233834925 -0.199772394858333 0.093635215531525 0.24155844772806
-0.262279423215205 -0.189783358400149 0.123429713453829 0.25137736848298
-0.168334060938591 -0.223839349622446 0.0404337829853646 0.222400243108395
-0.0941566242446979 -0.26452095436643 -0.088300637006546 0.173886628745292
0.106225563089597 -0.301162951180416 -0.119085828557084 0.0312578760163544
0.224271484871412 -0.197735922628848 -0.0765329087861205 -0.0739951530452909
0.269167639056042 -0.0523828692733038 0.046860106634325 -0.244445890924109
0.306430706622284 -0.023967311389877 0.233958179832255 -0.14104799986488
0.618500217795279 0.04360139218572 0.300816123740306 -0.0402684061518336
0.629934728079336 -0.116610202984468 -0.179850921544108 0.0230677272116101
0.498350371584649 -0.335139383541714 0.0177990365866316 0.419455943715785
0.330445587391035 -0.434033715326397 0.318071206508245 0.145472867399719
0.0928691636636379 -0.47743066351042 0.194170489083076 -0.0889956102517732
-0.0712273903170285 -0.444229255213137 -0.0121688165203605 -0.0640735967833582
-0.228583904904791 -0.395396584075042 -0.0502700753505184 0.0803634800301088
-0.280407417637115 -0.272052478084082 -0.00686476790771425 0.148021669575704
-0.297594016247604 -0.266013042572755 0.0390596799479471 0.17480368183256
-0.192746940802063 -0.304102807193865 -0.0219620804836636 0.166360171294934
-0.12731274087448 -0.335357897879272 -0.114887692117237 0.143574184252921
0.0655660119037404 -0.407769274910737 -0.150611454736705 0.0297515367504595
0.234319700998771 -0.365306320614277 -0.115010961479683 -0.0681180669865882
0.402336795853789 -0.186860328379231 -0.00410669638237708 -0.243256489795952
0.514648397308321 -0.0478283831857598 0.128096953338545 -0.151105938460606
0.709055299603273 0.0851840793283797 0.0780734490303127 -0.0431529229176487
0.70608310606454 -0.1422412519299 -0.306315726831681 0.0797484217339703
0.490972403309851 -0.390263425657135 0.0100984996379717 0.416431831921861
0.261053062065319 -0.429964251347924 0.324062465643226 0.097546847767395
0.0810007141305663 -0.416666411514489 0.193741398723412 -0.201203858296859
-0.0340742520586557 -0.418287765058374 -0.0604451265104708 -0.208066698734588
-0.190435223879932 -0.411687046766243 -0.139747057677464 -0.0566883218512021
-0.261245404358832 -0.302214705040232 -0.106716302682533 0.0294003510028927
-0.288002347463195 -0.314381703585631 -0.0609742789562692 0.0740611810061332
-0.189503650245094 -0.353013357321167 -0.103513858158724 0.0881450262488433
-0.136590414134593 -0.376521390719682 -0.159332239836012 0.0914234635098645
0.0255591558065258 -0.475202839106978 -0.193388076817432 0.0162411120237307
0.223755634912487 -0.491064273464706 -0.160110656261281 -0.0686259849295408
0.490971764874423 -0.29979979125 -0.0616909397061904 -0.215869031411384
0.660769774134847 -0.0625027005370808 -0.0251392874814234 -0.131268682195857
0.683290474260771 0.0964299615367012 -0.122154062447338 -0.0442466903296071
0.64423639569242 -0.168997017585452 -0.371121610376239 0.142848627771593
0.36382387301112 -0.368740330056564 0.0333405382956187 0.370877976943899
0.13563068011051 -0.321244349010392 0.304255166248192 0.0396813148581838
0.0612644128909541 -0.266836892015547 0.169627811021282 -0.275988661170699
0.0104043175662874 -0.318661380393023 -0.0971849519334379 -0.310349272984334
-0.122105381548615 -0.360835682955517 -0.205178388597578 -0.180822688346062
-0.198563816804894 -0.289084623038245 -0.190682337689998 -0.0953878497298803
-0.224987280545602 -0.318353971742327 -0.155938367095229 -0.0408611854850716
-0.138920554016664 -0.350149477597912 -0.184348768395335 -0.00909566378778746
-0.104364436327535 -0.353810379526912 -0.203087968623349 0.0175778770853789
0.00383432887226144 -0.460170170420972 -0.232044697533641 -0.0182785782895575
0.204416159071951 -0.528708678680529 -0.198390580973832 -0.0872213897055468
0.528131865928497 -0.345031581186744 -0.114874437768527 -0.170988455457714
0.709991026610757 -0.0483557603076441 -0.204979826690812 -0.087826659466658
0.563677371785648 0.0730523948139564 -0.269790334770533 -0.032859097023753
0.48171801484673 -0.195983307134506 -0.367362967179644 0.198942995658138
0.175870734221111 -0.293932944672239 0.0639758855375758 0.294526721194975
0.00647248732767579 -0.164214059216874 0.254380651448405 -0.00401988411772383
0.0473130215045078 -0.0942409500342542 0.132824782551459 -0.295480631793084
0.0559168708201119 -0.186886012635875 -0.11467987738001 -0.356756424418905
-0.0393636628520533 -0.263698378949745 -0.239102391966988 -0.273330129157736
-0.103269514473891 -0.230938685076318 -0.244351598856363 -0.207860213737146
-0.117610500013384 -0.26731951105649 -0.222433610595049 -0.153465164573124
-0.0510288881581595 -0.276813474893931 -0.231860582054212 -0.109252303743885
-0.0462328265399733 -0.252420681974777 -0.224355726235108 -0.0632851809576442
-0.0132886790898643 -0.351250940993509 -0.254872928310902 -0.0661732377113311
0.165949967642772 -0.465519840205773 -0.219578806247973 -0.128504167158779
0.496669927488759 -0.3033541771629 -0.149759005317496 -0.129498125365406
0.643699877824154 0.00245986930952606 -0.382959418287994 -0.0409906156146385
0.374900826003118 0.033804619249783 -0.350313053664591 0.000951472156990799
0.276148085296972 -0.202910650360908 -0.31623115160611 0.240545357204214
-0.00112403236709009 -0.194472315144451 0.0863625199704119 0.211977485953316
-0.081989548162705 -0.0188495506106617 0.196027581116473 -0.025056648059822
0.0441197501191372 0.045941983030209 0.102575989978509 -0.273338446601179
0.0943883299671302 -0.0593673121430611 -0.113877594173294 -0.358783014206101
0.0481456899064703 -0.14210253651816 -0.243176824818334 -0.328931552561678
0.00791353801733775 -0.136905596853374 -0.259066341650804 -0.287721026484921
0.0097445301638862 -0.159239948352181 -0.242320069938623 -0.240422242491942
0.0376980105704367 -0.132599637296265 -0.229939259714171 -0.182381505714459
-0.00283272246052227 -0.0870471787264871 -0.214883603124506 -0.118739668293848
-0.0535659082993561 -0.184398435214489 -0.264194658639945 -0.111171487099327
0.0915839855131304 -0.32432487666483 -0.220987725975802 -0.189971934961426
0.380062337059547 -0.199481758244733 -0.156594445413953 -0.103770937724556
0.462127143103787 0.0629697426980423 -0.523944303204419 -0.00865090647595745
-0.163674882468492 0.00509343529341071 0.645920328680595 -0.167484615806739
-0.0963398081083819 0.143007467971367 0.204025072693217 -0.0417218810431122
0.0597732988684592 0.15438868468375 0.228972808876355 0.197192442409539
0.150364826266081 -0.0212072527379566 0.278857843235316 0.0889085259628438
-0.000683132834845218 -0.113056189812096 0.189438311136449 0.106628451516513
-0.0825920435196245 -0.0330713680183532 0.190712737989182 0.190637180656058
-0.0959943377685234 0.0317710799501508 0.252183137626894 0.249396762457662
-0.0888531373584174 0.0349418578615287 0.270167109024295 0.269648617903428
-0.110711202013395 0.0360076570123842 0.259316517566192 0.281938141913568
-0.113104785233034 -0.0102704852005597 0.140328565812015 0.273977845029157
-0.0661954802829142 -0.100045673719993 -0.0466652884866961 0.23973241564852
0.102022155818588 -0.111142186300727 -0.12122058847526 0.0592748217429189
0.116429207850568 0.0797914367976422 -0.0852001956790087 -0.103729970584758
-0.0534282132566034 0.121009173214054 0.0872528153994572 -0.225102889983965
-0.172636244996037 -0.0178686341011125 0.269822497401678 -0.0921560878524032
0.134694895911922 -0.0630810897010999 0.597098450050529 -0.142505072157965
0.144392911167142 -0.0176658498666339 0.100987149866809 -0.0237755182414646
0.198204025883401 -0.0561990388737183 0.176797838207319 0.300352823794719
0.212181516339405 -0.210565426887057 0.299243457950153 0.124866770817935
0.0033152739802742 -0.292560701083305 0.187148533868326 0.0768436454260624
-0.133870304913423 -0.210054191274233 0.132189375339647 0.163696694298193
-0.207362180868534 -0.12343908111564 0.186737428379361 0.251818609818656
-0.192957932140572 -0.0652424878289944 0.2151822299557 0.265088181990697
-0.203455570856198 -0.0579590443898656 0.218282216968781 0.268955367506289
-0.15269869960805 -0.106751517038591 0.110848209400719 0.248421996760091
-0.090183484428442 -0.170749493418133 -0.0506546686656267 0.208541918371372
0.0949799249732915 -0.210336555489654 -0.107802628947863 0.0503274682015518
0.173809789504658 -0.0613909841966092 -0.0755011927932093 -0.0799204499638979
0.112174418010794 0.0411976246604847 0.0552300974924008 -0.238032287745328
0.0644841535148591 -0.0271774935826537 0.264276053702985 -0.138177643486535
0.411063024849671 -0.0844187153074831 0.461821870231374 -0.100815620151181
0.398203121955139 -0.140413134996129 -0.0371399882351405 0.0173465760845243
0.344999119114466 -0.254679630748936 0.123758052050238 0.384917422838546
0.260030100872176 -0.37682577585349 0.324127967634876 0.135755582622561
0.0164673460071596 -0.428438636892428 0.19208946137684 6.89308471886608E-07
-0.149699577097675 -0.352319050889938 0.0626548710798647 0.0745635139730602
-0.276452162420924 -0.261394565363987 0.088345381717914 0.197504309690064
-0.270078388347032 -0.154767131670185 0.1275191570667 0.221731427853629
-0.281146418992479 -0.142840251583299 0.153266509973483 0.229892844438395
-0.195596114150841 -0.194512168928062 0.0676266958342244 0.216685347988176
-0.127106905680876 -0.239767920290717 -0.0631338614951524 0.185691120059181
0.058369298810266 -0.312999798231199 -0.117544549471272 0.0526006299342017
0.19224586289556 -0.22346515075985 -0.0916344742847658 -0.0637847378040262
0.255469365904437 -0.0859600735193206 0.0117862386951246 -0.251372551193239
0.29763691343191 -0.0646287328511714 0.208118363077833 -0.17013400594767
0.611255266704375 -0.0680244425191512 0.263727032379517 -0.0623613381333704
0.587680807759503 -0.21594284580249 -0.18230302221463 0.0819241213443852
0.434467587524066 -0.39941502024684 0.089330638679259 0.436445600743625
0.255610477218953 -0.478868772034547 0.343914428993002 0.115860011385426
0.0222758753574713 -0.478998295564197 0.192410371704423 -0.110896960682395
-0.136856987376722 -0.423546799600675 -0.01003938084036 -0.0539879619624946
-0.294795428773103 -0.349601130088543 -0.0240230302192275 0.0989037537885488
-0.306531499284026 -0.22167192948055 0.0190448011311776 0.144048493314678
-0.329429584631093 -0.212484812744561 0.0625484505135244 0.165821559614373
-0.233893879977149 -0.269765751398243 0.00176307461853351 0.170616154626023
-0.16872013936646 -0.304080210588457 -0.0920430466507539 0.159672274051476
0.00361617011274928 -0.410918723976732 -0.146757811241033 0.0575355358959282
0.178580415517139 -0.386586492948116 -0.129391174729237 -0.0496369029890059
0.366452579163512 -0.235033504860527 -0.0427798420595378 -0.247426517249854
0.500207801412627 -0.116886605050971 0.0999303370153131 -0.17336622987022
0.703333099912021 -0.0401822632768738 0.0448099704360539 -0.0304338943542647
0.654868106155051 -0.250944959116854 -0.295984436972637 0.159587946979062
0.416538504546305 -0.453586006636011 0.0850993429789131 0.435686663823726
0.187907325371644 -0.46398249577056 0.344664409200754 0.0650883807986476
0.0210221657241488 -0.421145022814886 0.171309141023319 -0.221275072317159
-0.0984212970076502 -0.407782860775477 -0.0794321392921579 -0.184175533946198
-0.261228921858754 -0.376458940973096 -0.132039694592892 -0.0194763793467662
-0.29349727812501 -0.256085968142551 -0.0942985131769158 0.0428240894337737
-0.329659086284867 -0.261863991171549 -0.0478244792053058 0.0803686172456105
-0.238910810660708 -0.319320546595631 -0.0875307435720536 0.104910991775909
-0.18469045832332 -0.342863121527823 -0.140812812802441 0.11417818012432
-0.0467464863690012 -0.469281283109392 -0.1874497263811 0.0506004383161762
0.149049897059695 -0.505698311102715 -0.174094545889672 -0.0423779190871921
0.437890968286934 -0.359240279054179 -0.100610208231623 -0.215575900077007
0.64082895033009 -0.15079480694891 -0.0491594052094362 -0.13951924168963
0.678022789817514 -0.023024835272155 -0.14806234942867 -0.00516581322577353
0.585561424124194 -0.265994975483131 -0.346250239436305 0.227336083099339
0.294447722078463 -0.411729735292298 0.102205843536371 0.381218120961682
0.0845880497448629 -0.3359603976393 0.314128218018004 0.00401035521702268
0.0247336026342939 -0.27516156555411 0.131833518936008 -0.29183160566386
-0.0420093093218113 -0.3199883050067 -0.133269916059218 -0.276998079371376
-0.187413592353212 -0.339098499129408 -0.217588413439273 -0.132018623532069
-0.234031707290772 -0.252642741041486 -0.193246705575027 -0.0658627008554493
-0.270954882516752 -0.276808122245957 -0.155388581056504 -0.0199619306565931
-0.190475618894675 -0.32461293285463 -0.178414343299521 0.0200349980477586
-0.150256648823668 -0.326899796084276 -0.193376555700503 0.0465787209518484
-0.0660975290933004 -0.44929338985442 -0.228512554036697 0.0209438779679586
0.123982910338693 -0.539372834706287 -0.214612411856794 -0.0544907624250321
0.469306590218485 -0.40662440591376 -0.148249700350502 -0.167115409285496
0.693983582296038 -0.143573851210723 -0.219642083692637 -0.0788010751271855
0.555187962445957 -0.0256407377532659 -0.284773832566512 0.0234867273490488
0.425695341459799 -0.263219330835298 -0.329718291354759 0.272867013392124
0.123626485701436 -0.308864603839715 0.120803990987108 0.290043102991292
-0.0151526919502174 -0.161693309926009 0.257075408498964 -0.0395797846861894
0.0378644096554143 -0.106912922920944 0.0871684067826492 -0.30621469004458
0.0199994241557347 -0.200262219539498 -0.160874439143794 -0.318911507813671
-0.0903602050997224 -0.257612855482238 -0.268780847759001 -0.22026276991912
-0.136054888967644 -0.210961618565816 -0.262277461146503 -0.167971038094268
-0.161377513800285 -0.245391640044372 -0.234718692647404 -0.121641106448715
-0.094062942146278 -0.265306236560982 -0.238506281291134 -0.0732413213056471
-0.0794291321941351 -0.237684582083659 -0.224216073274744 -0.0307887540406043
-0.0650649160482102 -0.339145418658856 -0.256074035770989 -0.0265089675832867
0.0951453849828304 -0.47054665776572 -0.239174065570121 -0.0930362512447461
0.441871892705087 -0.362982033920034 -0.176541678871081 -0.122566550036837
0.637337951543191 -0.0852022409244168 -0.385489900785994 -0.0124223111666535
0.364565575500103 -0.0293992092602002 -0.35017797221142 0.0612739562572902
0.225828385381849 -0.235422809326985 -0.26646303577558 0.295961316934151
-0.0321729976263284 -0.183769595604175 0.126926160108603 0.195727940258694
-0.0780756726162913 -0.00512905617795961 0.193195016899402 -0.0569290944827177
0.0553194820870087 0.0301174572409775 0.0558732525290377 -0.281849248621699
0.0766111527341674 -0.0817689067710611 -0.163230486680882 -0.323032753317767
0.0156913624097788 -0.152978232763324 -0.283999106157469 -0.275907165694413
-0.0178875451934819 -0.137016140588472 -0.289726531921091 -0.243380667261561
-0.0209891953591431 -0.161111976615821 -0.265827264379259 -0.205458157413809
0.0149594157202336 -0.137728881180603 -0.24662203968634 -0.148343043556495
-0.0134289877940134 -0.0828183693384139 -0.222285677420604 -0.0883384639911871
-0.0802683846203265 -0.166807847132797 -0.269178632891441 -0.072897270789557
0.0414517469454445 -0.321972170376427 -0.246234359477145 -0.154611043551569
0.341956087891887 -0.247118050318453 -0.176429781903037 -0.0952687215326846
0.468400705140105 0.00154057036413728 -0.514029375045863 0.0386820669709851
-0.161409598639384 0.012220675384895 0.619986076796393 -0.17879208426697
-0.0896159013042094 0.141988638862714 0.194210575653493 -0.0438505889641029
0.0636839061275984 0.147497068480795 0.229189203877907 0.185514122181543
0.143800845094731 -0.027898207584903 0.273167922569237 0.0761619660221807
-0.00753885201525442 -0.10971090626488 0.186755332183516 0.0978898169190228
-0.083021094225444 -0.0286628016392026 0.190376045952297 0.180819964190825
-0.0910847355566225 0.0355147770316773 0.25069033821104 0.236457112499867
-0.0846344629674211 0.0389813764240832 0.268447874848131 0.257572645989303
-0.104610155633497 0.04132961854078 0.257011727196822 0.264212411010564
-0.109692595992193 -0.00331525890994366 0.140502185171125 0.261143562516627
-0.0683529362060164 -0.0923841902583726 -0.0382302864724871 0.235583014197565
0.0927103145782392 -0.113593220562713 -0.116960501316231 0.0618532269753825
0.117932493799771 0.0720665499961142 -0.087035772170026 -0.0976590224632512
-0.0452319980454509 0.119657876542314 0.0776768498654804 -0.217680419883871
-0.168543129401491 -0.00842932002544877 0.260257621224167 -0.094322307885925
0.125409493274991 -0.0631197991250366 0.574714994296784 -0.15386151823573
0.140765991508543 -0.0195110269280515 0.0937544718479648 -0.0229617386380223
0.192315293245305 -0.0587395082148026 0.18329023451834 0.286173330897635
0.199903613462792 -0.213677548596694 0.293111302492362 0.108641964280066
-0.00712804379069679 -0.284769339676103 0.180514657186737 0.0678660940799998
-0.137887777320134 -0.200478946342503 0.130192843765313 0.157400781057117
-0.2050393095284 -0.112152476742932 0.187350275530442 0.239745683667598
-0.188429220346842 -0.0558235136127065 0.215188167091993 0.256011161078951
-0.1969713346332 -0.0477194371782031 0.217526588246571 0.254994780717804
-0.150531974900881 -0.0972164322444483 0.111045146637136 0.236968748304123
-0.0914856154515188 -0.160546744063537 -0.0445490520120376 0.205672239636033
0.0840361012856514 -0.208903092352133 -0.104692247943555 0.0514144727722354
0.168411295580602 -0.0657367876641321 -0.0766213521168312 -0.0763130309043628
0.113343425055613 0.0368448940519168 0.0454338078560142 -0.229086647246986
0.0621582038512017 -0.0255989574548467 0.254173668766529 -0.13981453979294
0.393712701726062 -0.0930643381784545 0.441374512484153 -0.109904591313525
0.385541962725968 -0.145242824713872 -0.0405171561535634 0.0213075821003799
0.327193941861614 -0.254501855344649 0.134500407077802 0.370899476473968
0.24339766859033 -0.377085006842262 0.316491960045599 0.119385268930093
0.0056995808117985 -0.416823960036977 0.182155848759559 -0.00804400008847539
-0.157020774728641 -0.340227855307356 0.0589443043865274 0.0736165076406259
-0.276867872890212 -0.244184391776163 0.0909084225822695 0.189787536665689
-0.265368050347158 -0.142064619635988 0.128899737938119 0.21597685796756
-0.273719886716905 -0.128624798302115 0.153946527024376 0.219247067869099
-0.195615944512354 -0.182219221605025 0.0687180255174008 0.207880916981801
-0.127693948247229 -0.227574363896862 -0.0579759183139577 0.18376042829376
0.045776153536709 -0.307050881240557 -0.113619386667832 0.0536142971273176
0.181527072823936 -0.222570509992695 -0.0916160290289079 -0.0621894983111871
0.24814202434141 -0.0889712311561173 0.00431522821679395 -0.241114738578045
0.287741930202662 -0.0693371097233159 0.197613864629262 -0.1696460372096
0.589125680711264 -0.0822906383494104 0.25043266275667 -0.0685250491718415
0.567662833521044 -0.223135161656158 -0.179508608224803 0.0878652634164908
0.411359266176355 -0.396295544302378 0.102987893026337 0.420582079416617
0.23731074261579 -0.475291559436409 0.336347759655508 0.0976432828365492
0.0116611626435054 -0.468168061712018 0.178311038456443 -0.1163719751943
-0.145688202967689 -0.411706213253849 -0.0162229057807603 -0.0482756804292664
-0.297076424310391 -0.331005849953754 -0.0208800930530786 0.0974932186763338
-0.301925018492486 -0.206810129971809 0.0215340221020175 0.143153957598242
-0.32414490235237 -0.196044680662746 0.064434469553693 0.160573335382777
-0.234315278338189 -0.255951890523706 0.0034176178703628 0.165786652989253
-0.167754543606182 -0.290247819970559 -0.0876811146259754 0.158800631808496
-0.0083760557609355 -0.401149011484803 -0.142129876072396 0.058243749802717
0.16384797855412 -0.379133444037816 -0.127624102490224 -0.0496585400610185
0.351573666920617 -0.237919130363197 -0.0491085567251566 -0.236823122975951
0.48304334748792 -0.12740084393276 0.0934358196318847 -0.170171434352164
0.678612569991345 -0.0598741909491258 0.0387400305968896 -0.0327974691302503
0.629791906083791 -0.260467102997 -0.288336460658937 0.164872170553466
0.389604193339642 -0.447950903889469 0.0984456516744562 0.42092416941319
0.172316213789135 -0.458154307770315 0.336808497068067 0.0494937402584912
0.0136569069394585 -0.409976899888145 0.156151770662467 -0.223422215580139
-0.107879232133002 -0.397963078030919 -0.0870735025551789 -0.171944728489903
-0.265396386494624 -0.356786251096714 -0.128587291365882 -0.0145223233431402
-0.29125077928281 -0.242047972775097 -0.090749656361193 0.0475816695992456
-0.327677217470695 -0.244760482679474 -0.0441377195870809 0.0805258040181248
-0.242185474870106 -0.30606223226187 -0.0839048149134332 0.105536622500186
-0.183991716218711 -0.328989192632672 -0.135788835206122 0.115537332504207
-0.0585111960882313 -0.454851594418632 -0.182170828193466 0.0525000500146796
0.132470422283723 -0.492643508716926 -0.17080044007049 -0.0414707245850134
0.41768545822883 -0.359187770808476 -0.10416723432159 -0.205699280431543
0.619268446052073 -0.167827362596631 -0.0506993858570749 -0.134143201902129
0.657134200107371 -0.0442992171308686 -0.148409652464423 -0.0029810968242608
0.562104017796097 -0.273630813733207 -0.333847546204596 0.231579742387709
0.273374047399091 -0.40363412683106 0.112077167061471 0.365403570606244
0.074474692513944 -0.32880446795141 0.30620142855493 -0.0082877003289532
0.0227649456125489 -0.268911800555818 0.115516758696361 -0.290096119540369
-0.0497272144250995 -0.314348344579239 -0.140115060696949 -0.259858729220531
-0.193697144276877 -0.32433810617793 -0.214767321989531 -0.120832016390617
-0.234304579657971 -0.241081698639294 -0.190393693482576 -0.0570610636291723
-0.272030642193625 -0.262750985534972 -0.150993810815778 -0.0139514372857148
-0.194761125102948 -0.313896580392996 -0.173776893597947 0.0256922902782381
-0.151518263211057 -0.314377440004673 -0.187420981978158 0.0502037690329559
-0.0762193389960818 -0.433451890691554 -0.221151311187749 0.0249231419298887
0.105251871024584 -0.523607200899606 -0.210189888082467 -0.0514643864706932
0.444296685869225 -0.407578688333791 -0.149599386420557 -0.159050570650078
0.670719606322506 -0.161628546488812 -0.214046104460591 -0.0703629149728371
0.538622189017912 -0.043648849939974 -0.279643023552796 0.0272593981870482
0.403447637841058 -0.266785227454697 -0.314252293449439 0.274815452641285
0.108787682115187 -0.298948034041932 0.126312183102744 0.276388641301217
-0.0177748739754634 -0.155623190084856 0.250418747946821 -0.0483007751774073
0.0402313022312717 -0.106148107619151 0.0739216374339098 -0.301085983358929
0.0154272480312355 -0.199759903951123 -0.166943032315731 -0.300515392632166
-0.097727629052944 -0.249460225835841 -0.26576170637528 -0.204812814754613
-0.138364510281647 -0.204372547300496 -0.2596756203889 -0.155487302728441
-0.16420566063867 -0.235729313104322 -0.231148244759764 -0.111517868902087
-0.100207715095505 -0.259045373344539 -0.2330677595702 -0.0630414958111285
-0.079637959616515 -0.230317120424162 -0.218823032438336 -0.0238767961401477
-0.0717319144758729 -0.325793742445804 -0.248135428898796 -0.0204261558244728
0.0777159627419357 -0.456418261036214 -0.236072199216341 -0.0875569487272935
0.41991859111948 -0.366177075306286 -0.176240340934193 -0.116816771095384
0.618289075941121 -0.104560201376534 -0.372663199684523 -0.00186329905231698
0.35254426715985 -0.0409206177054853 -0.341559368724472 0.0654861594671767
0.210274510706684 -0.235225137835369 -0.251975489157246 0.294558857593412
-0.0379802069201312 -0.173857277746565 0.129496236114972 0.18553836344366
-0.0747919662376424 -0.00175298981307638 0.188848583275196 -0.0619710903427211
0.0601598663330944 0.0259365346019931 0.0463689630693585 -0.27529935382924
0.073637195381879 -0.0855287011562391 -0.166769214858206 -0.305096435807968
0.00838259517569002 -0.151374594093239 -0.282102857081456 -0.260256788520483
-0.0213182216260595 -0.135859806283535 -0.289548580595317 -0.230995317108334
-0.0267823416223082 -0.158542316790294 -0.262854311559324 -0.192216129792878
0.0101833143635897 -0.138408542884438 -0.241800006801913 -0.136395124263457
-0.0115728201735116 -0.0812697538268113 -0.21730664857365 -0.0796327253459
-0.081784261582099 -0.15707194878524 -0.260973136949675 -0.0638721190583557
0.0298444024626227 -0.310833815725685 -0.245026712494445 -0.146243193796917
0.325325289913934 -0.250779795270288 -0.174569175605664 -0.0915295819635207
0.455497245795278 -0.0164359311031716 -0.496619260263133 0.0527000435475637
-0.160462650734648 0.0164969006957108 0.602345798736812 -0.177633318611784
-0.0866525487157807 0.139388599039049 0.186685434313075 -0.0404404255929446
0.0639302810796005 0.143565190424489 0.226366222849903 0.179998908521154
0.140360524030355 -0.0317630777251052 0.265859619239441 0.0702672772068926
-0.0119935857646147 -0.106223896711986 0.182137767562545 0.0937600785704454
-0.0840733222227196 -0.026767907037273 0.185884413229214 0.176638411804515
-0.0881081542068566 0.0369285188041296 0.244961562993475 0.230826261303491
-0.0813376923031165 0.0411925462048385 0.262575249369104 0.254177020780386
-0.0996763116252846 0.0434363290153715 0.248379818215369 0.25680558562495
-0.105354608045524 0.000334489475226716 0.135462451106231 0.252572071403717
-0.0686363296336938 -0.0877474068537548 -0.035816206441012 0.232180428084771
0.0877615971201356 -0.113192783640487 -0.115459286182834 0.0610228932373097
0.117859391214926 0.067584893056387 -0.0872360296683666 -0.0945342689632243
-0.0403848901269433 0.116590527127357 0.0740287555044494 -0.209907599573106
-0.164802521730686 -0.00382770624179897 0.255762146775918 -0.0898240964598436
0.119017107993698 -0.0599669253540301 0.557190159428863 -0.151567485189282
0.139300513016948 -0.0185713848970906 0.0880178550356267 -0.0193098957294352
0.189280564912653 -0.0572618148379595 0.182874922635501 0.279019359946895
0.195540963763505 -0.213386144685409 0.285823876643524 0.102260171684059
-0.00967684805723967 -0.278798811785645 0.174555306544009 0.0635492437784699
-0.139290229102063 -0.195600324060184 0.125818610622463 0.155854878349865
-0.201152618822087 -0.105131222240635 0.182996814961679 0.233658169611089
-0.183214857597646 -0.0520976744066653 0.210479886966431 0.253893897832105
-0.189571739086097 -0.0434311715148149 0.21155376029654 0.248242576667722
-0.14618465737966 -0.0918271247921564 0.106214566212051 0.231527422370729
-0.0894164451905041 -0.154726702168781 -0.0436237012467282 0.202775557633868
0.0786407520830887 -0.205902326010364 -0.104082484343601 0.0503467504573634
0.166560369203928 -0.0660915553244691 -0.0766558392219745 -0.0757942713609562
0.114505404470637 0.0356717499215707 0.0432970279672664 -0.220819950639747
0.0604725580439013 -0.0226288522539869 0.248635507143733 -0.135109028052792
0.38042720786411 -0.0913178659425479 0.428854327039998 -0.109580963153054
0.377382798192242 -0.141995732493489 -0.0431751727827297 0.024827574847254
0.320143793098458 -0.247814567381084 0.135165016514109 0.361357334367105
0.237673335587609 -0.373742639240817 0.308695167137304 0.109948491594569
0.00409897947830067 -0.408738743145636 0.173530727520912 -0.011977134786937
-0.157817429696447 -0.335104746115044 0.0541039061526818 0.0758302645320043
-0.27258945994499 -0.234888902527176 0.0887843990728765 0.184838499799375
-0.258712776703628 -0.137240328638371 0.125994598705589 0.215012027481747
-0.266188362768822 -0.121733772527511 0.150251919282084 0.214245969788016
-0.191755089124858 -0.177108828121515 0.0646781756728155 0.20439508179095
-0.123383509105655 -0.220996991596307 -0.0577709682437328 0.181430946270119
0.0423180683638432 -0.301924552381815 -0.113416269881334 0.0523110171718444
0.177876352312968 -0.218420875312758 -0.0910279407436653 -0.0631023352596833
0.245725004520831 -0.0882274555272311 0.00212800673580798 -0.233016591185846
0.281270722334246 -0.0681018536765106 0.193593204116098 -0.165155186610282
0.573217158335465 -0.0828293136631613 0.240328262337668 -0.0674841010906363
0.556549069300026 -0.220197516204315 -0.180208421545091 0.0903381554520194
0.401035241985509 -0.386673877702609 0.105025183564083 0.410631098384545
0.232537544434335 -0.468511088938027 0.32752107135217 0.0899115550857539
0.0112632227237935 -0.459286736429025 0.169056661090322 -0.118191032691972
-0.146806059556728 -0.405483235070339 -0.0205952811823813 -0.0425461699749557
-0.29412326150883 -0.319486926023981 -0.0206643066244964 0.0952247992668056
-0.29583085051611 -0.202413626020583 0.0211428861804361 0.144900463803382
-0.314908105840505 -0.188408785619185 0.0634149649037683 0.157483062687199
-0.230812794937562 -0.25033782342288 0.00135327902530182 0.16370077663345
-0.162462357027646 -0.2831597504766 -0.0866809464441868 0.157305620200606
-0.0109696104900841 -0.391797449664443 -0.140367727788977 0.0566019240066966
0.159950871551444 -0.369771165622145 -0.126312848900002 -0.0511031661811302
0.345944111127103 -0.233632759498284 -0.0489740759535069 -0.229181208328678
0.472162602371486 -0.127006183857511 0.0912080461283113 -0.166239107321235
0.662176545298198 -0.0624041404051948 0.0341036801179297 -0.032826162741904
0.616176089923764 -0.257755454007579 -0.285748529131271 0.166238615704602
0.379679538897929 -0.434367753182556 0.100141787338709 0.409779234795714
0.168451803613753 -0.450131532183743 0.328067510870168 0.0422112039927395
0.0162453474323713 -0.403021155191637 0.146511383274473 -0.222164121433923
-0.107851792301886 -0.39264761859715 -0.0897097564357987 -0.162288926109315
-0.263413619646858 -0.345950817061979 -0.126562542343722 -0.0137456949090742
-0.286805179292383 -0.236072891171305 -0.0886567738975323 0.0504770259002401
-0.318395164105462 -0.237637930399962 -0.0429167740208697 0.0801611337961199
-0.239256042086961 -0.300673038680628 -0.0837897430856214 0.105472838523601
-0.177728286477658 -0.321008296494123 -0.134319621109682 0.114371932344733
-0.0585975750668547 -0.444561242911028 -0.178879300773038 0.0503426268137889
0.127786604589551 -0.480621387329633 -0.168070143788161 -0.0439360218216238
0.408649311109432 -0.35284991107337 -0.102708693300224 -0.200039125560338
0.60490289572979 -0.167950067030078 -0.0491781256736022 -0.13113233831011
0.639578982625703 -0.0476586742594683 -0.148975841255953 -0.00401951149584828
0.548181269336331 -0.268986044618843 -0.328933208855023 0.230515662139344
0.263382953037404 -0.391026532894611 0.113633140113774 0.355952799717489
0.0722478860424341 -0.321531044070886 0.299297969536941 -0.0133919286451207
0.0273043416647008 -0.263701914590689 0.108527703487267 -0.286029713099314
-0.0502393169701362 -0.311892845022735 -0.140718871108714 -0.24871287644217
-0.193423849713037 -0.316349550771972 -0.210216696177172 -0.117035149064668
-0.230145198420701 -0.237108077962585 -0.186708581561076 -0.0532552891264185
-0.266750119558623 -0.256597969247601 -0.147516597572347 -0.0123055966200928
-0.193061679081446 -0.308844764708577 -0.170574057652174 0.0276329000850818
-0.143918643859175 -0.308944731838683 -0.185102151545368 0.0500028963703723
-0.0752107532043199 -0.42316564465736 -0.216868785448378 0.0233302933629626
0.103034752039396 -0.509116313948099 -0.20640754036522 -0.053701069278957
0.433135432762123 -0.400530008064749 -0.147298013601795 -0.155180138179306
0.65521469874451 -0.165457327583279 -0.20897739139851 -0.068261445415098
0.52396730873934 -0.047019830089576 -0.276749911757387 0.025288323191163
0.392879886451536 -0.261481343202538 -0.307728418800807 0.271116285599636
0.104379161776111 -0.288606255840979 0.125886479430174 0.268818055225278
-0.0171807043762945 -0.150997560019306 0.245970007073992 -0.0509737172634576
0.0455977742233231 -0.106079584293224 0.0683861688051935 -0.296469702678221
0.0147152439603784 -0.199866802748045 -0.165607070503146 -0.28927565396231
-0.0988051591424172 -0.244316107899026 -0.260914038563359 -0.198897417067814
-0.136498395611424 -0.202770095811421 -0.256307769528796 -0.151347139084187
-0.162610962547496 -0.231331305305212 -0.225750259555964 -0.107931313288184
-0.0995262678251731 -0.256218570366244 -0.227465190139548 -0.0596173901401592
-0.0741760889679877 -0.226818262417945 -0.214914908283467 -0.0237008669445406
-0.070564762105424 -0.315617972178077 -0.24292316182313 -0.0199741548132493
0.0753993597142081 -0.443182292341158 -0.232335722862347 -0.0879191514650269
0.407977015160614 -0.359370041210196 -0.173236386650265 -0.114546857646438
0.604362944089432 -0.108800635181885 -0.363194374246935 0.000582858728245838
0.343136636914801 -0.0433554666202379 -0.336741675549942 0.0625750721248417
0.202519156499807 -0.230497575871768 -0.246214006233316 0.288915002909352
-0.0387865293652544 -0.165661952597885 0.128005860286352 0.178574669214211
-0.0728030377319346 0.000982629523776262 0.187464910720861 -0.0629030286989255
0.0643302884697284 0.0222652224230131 0.0434083648263838 -0.269498863914026
0.0727070075594672 -0.0880210918698738 -0.163948636333315 -0.295030730252956
0.00542557100626741 -0.150383300387975 -0.27671248467703 -0.252514549801741
-0.0226301773629755 -0.136823362521868 -0.285067059043238 -0.226733484536247
-0.0283833062662692 -0.157941105174299 -0.258144439716463 -0.188229594188419
0.00867198025025163 -0.139513251531136 -0.234985830806983 -0.131977866223417
-0.00848217821520828 -0.0811733065532899 -0.212215502351894 -0.0781450304837793
-0.0801141705582025 -0.150170504984853 -0.254738464201185 -0.0620306740487634
0.0278372672979589 -0.301532388884818 -0.242848241085034 -0.144627210648961
0.315462953982907 -0.248375145728649 -0.171885845853576 -0.092131138933113
0.448811946234179 -0.0240081084619905 -0.483675703542708 0.0529762626176471
-0.161361059652621 0.0185499193758601 0.59872460377092 -0.172504073685933
-0.0870463646875275 0.138622482225042 0.18376503720745 -0.0365242351351443
0.0640351231834213 0.143382338101817 0.226637893045001 0.181971042068957
0.139124117838808 -0.0339255030791823 0.263963487549699 0.0695969415413587
-0.0146025868979508 -0.105048026775268 0.179803368275271 0.0941901896081449
-0.0861481814890336 -0.0248181302921858 0.183436679553428 0.179089171271602
-0.0863410249942124 0.0383302609887371 0.241371347897645 0.233046884888666
-0.0800011027246598 0.043333152218941 0.260764739488316 0.259579843796824
-0.0979759045379867 0.0450308717958789 0.243466259579732 0.259036327157329
-0.104318372806445 0.0030242208101511 0.129679207837375 0.252490963436979
-0.068923482314206 -0.086341668878221 -0.0377273620277626 0.233088187501377
0.0849893364542432 -0.114451591296053 -0.117389518926507 0.0600188351024923
0.119397407222384 0.0661626374694389 -0.0875088834252515 -0.0949019989714326
-0.038135023153371 0.114995111165233 0.0753248705388544 -0.205129964045515
-0.165344278340869 -0.00106582831050188 0.258089727025724 -0.0851271011296807
0.116663682033656 -0.0561975076071851 0.554566946784565 -0.147664463523333
0.140009929838469 -0.0171469249999048 0.0850485824376122 -0.0148889123718365
0.192467639666343 -0.0549925791114496 0.182893778791054 0.280107730853078
0.19685201362519 -0.216202605481262 0.282520662215546 0.0995520406260904
-0.0088013695603867 -0.278006690597292 0.170092130437259 0.0629920120192153
-0.141069039714214 -0.195691806823523 0.122109293147348 0.159818720397689
-0.199580052591451 -0.104223226679596 0.178899267232933 0.234947310867018
-0.181356892766734 -0.0519295463389464 0.209130331511048 0.259513486626154
-0.186553353278361 -0.0422790534019166 0.207180614356058 0.250857711941107
-0.145026320078874 -0.0907408075016626 0.100067798976418 0.232130460800114
-0.0871662436418773 -0.15350964372133 -0.0458833312646996 0.204164357678937
0.0779075626627638 -0.206486030773353 -0.106459275666225 0.048540333265957
0.167957977366864 -0.0658430865499312 -0.0775442258947687 -0.0769589011384182
0.116625623896673 0.0352776741472454 0.0445979010886581 -0.216036567806074
0.0602348111586934 -0.0196882079734636 0.250751067905508 -0.13102459835099
0.376777327521762 -0.0855686249328451 0.426080259531155 -0.104945153288806
0.380114564859007 -0.138280540530521 -0.048055350649401 0.0289418169530138
0.324197877759551 -0.242718547508759 0.135340055199591 0.361369697529083
0.241663927878966 -0.375075895560378 0.305921082486775 0.107287086325692
0.00886547495143485 -0.409965211986095 0.168046642968134 -0.0132255324433731
-0.158558254827488 -0.335447809472118 0.0505007081071233 0.0801223049475275
-0.27060273340637 -0.232867400612825 0.0850795480751 0.184574934521796
-0.25683222805127 -0.138027421728155 0.125027835269491 0.22155977855355
-0.262354210668411 -0.122560505583093 0.147378045986758 0.216540544903023
-0.189636053438315 -0.177356954182897 0.059842714658095 0.205082755858119
-0.119272352701196 -0.221086273301136 -0.0609149688037511 0.183042825973849
0.0427304688937984 -0.301172726992072 -0.115487370739201 0.0504307081840031
0.180951971402066 -0.216184268712595 -0.091688507883846 -0.065822519646234
0.24834347857783 -0.0871862553806062 0.00391893709902852 -0.228763241147333
0.281438451718519 -0.0644744961887233 0.195316325005889 -0.162548856086888
0.56927018203801 -0.0777867696403717 0.237838533170158 -0.0655763689717996
0.558122128974019 -0.214857566049823 -0.184978791380794 0.0937528269003387
0.406059491738436 -0.380186045184766 0.104241374119337 0.411140565506051
0.237313729419486 -0.469869747131559 0.324290447395033 0.0870314464600849
0.0188273045112283 -0.460172816466046 0.163483066120654 -0.119620549666924
-0.145655972489789 -0.408691611914675 -0.023767743123421 -0.0374880676986845
-0.292079645193184 -0.319226050748295 -0.0230677668495068 0.0942105450410243
-0.294696911810263 -0.203710025574867 0.0206453366186276 0.149715156845207
-0.310926039038606 -0.190174511683911 0.0613045681088123 0.15946934566248
-0.228399797168181 -0.252348290407956 -0.00218674203509588 0.165546510775981
-0.157066242516622 -0.285431458354352 -0.0899848908062054 0.157925858347123
-0.00901887688898105 -0.392268177996156 -0.143182503415957 0.0544731034480508
0.164591366407576 -0.367231808999046 -0.126714662396157 -0.0550979366880293
0.348808900448034 -0.2310803957182 -0.0465202778874795 -0.226977936886692
0.472761833056778 -0.12353811201336 0.0939901397534974 -0.165298968867024
0.658971839269036 -0.0575804172953934 0.0310750076840867 -0.0331484328636584
0.618482556951407 -0.252225622800985 -0.290446249987797 0.168436159959793
0.382531953172763 -0.428176532612602 0.0985942738683556 0.4092515487391
0.173945775982617 -0.449478809656111 0.3266872724925 0.0386510571486077
0.0238595683991406 -0.404209750170468 0.142542037003947 -0.223199756290763
-0.107392767040881 -0.397698581845402 -0.0922209942664688 -0.157158820710366
-0.262526219494288 -0.347746639331353 -0.127258013143114 -0.0145005976218203
-0.284534822455745 -0.24010620224506 -0.0890201512775257 0.0542537811188331
-0.31532184573414 -0.238763655070137 -0.0431373236128502 0.0811719992273787
-0.236939231786768 -0.302194632857301 -0.085386664533305 0.10704132721934
-0.170418397556715 -0.324871139147173 -0.137206253007151 0.113720642251362
-0.0534549075031738 -0.444594155139656 -0.180842449941956 0.0473563778514762
0.133650287499166 -0.477579594339116 -0.168715798304445 -0.0485605850642885
0.411689903890598 -0.349402678687917 -0.100969090352515 -0.199284582066476
0.605482661483898 -0.16420488161811 -0.0468525732430499 -0.131611151766057
0.637697324534361 -0.0445259457915763 -0.151452481156442 -0.00635583354496434
0.550352475298003 -0.264890827800842 -0.333717578567396 0.231792069508149
0.266623712893137 -0.386055051909108 0.111449785838747 0.35605002477737
0.0757025642911617 -0.320826189789426 0.2987978604667 -0.0151952074924488
0.0344822378358885 -0.266170962014149 0.106165160192414 -0.286851961937139
-0.0481860473977176 -0.316668827126842 -0.14157078893745 -0.244204694323532
-0.192440752694289 -0.317196988181365 -0.209982254281394 -0.118095748091043
-0.228971455332162 -0.241286418310535 -0.186526889006193 -0.0524925847034657
-0.264065347956039 -0.259383794881953 -0.147325172274715 -0.0128296461337392
-0.192152115868012 -0.313005549804775 -0.170656044021638 0.0277745012892259
-0.138146451330813 -0.311557646357231 -0.187126300470001 0.0487420977335594
-0.0696738283309196 -0.421647988503986 -0.217961358876902 0.0196750850848103
0.107876682491615 -0.506689959704132 -0.206471845050194 -0.0585680222933526
0.435921556672457 -0.396947489061702 -0.146090601118915 -0.156336545088393
0.656575272005889 -0.162802572892765 -0.206843462789019 -0.0700856679925294
0.522394176850955 -0.0453378029319435 -0.279128336013797 0.0211494497008712
0.391985843067826 -0.25997161886099 -0.312726539740503 0.271860126591213
0.105886849800464 -0.283545951904597 0.124630280279945 0.267746846367206
-0.0153269453159715 -0.148284633686105 0.247077901583925 -0.0529741346231895
0.0518768572542835 -0.108745685202197 0.0674893830497405 -0.29606475233306
0.0165648030211903 -0.204374565986503 -0.163883485751059 -0.285537366981539
-0.0993068558754044 -0.245792791956935 -0.259395347021187 -0.199798279096552
-0.136698653336958 -0.206660291125377 -0.255699158054332 -0.15307932768573
-0.161644806299283 -0.234580555309402 -0.224061680967954 -0.109694209984582
-0.0991355844526646 -0.261315046994902 -0.226742893147374 -0.0601279056842345
-0.0686751733220695 -0.22948096971839 -0.214926376916884 -0.0262955976728726
-0.0666579596779084 -0.313566643150752 -0.24160455391883 -0.0228654109718672
0.0797818224969398 -0.438914221973338 -0.23274354506181 -0.0929250637922467
0.408794039317326 -0.357286082161692 -0.172718367310241 -0.117858921216725
0.60581432357584 -0.108250874923409 -0.361717532838905 -0.00261005722681375
0.341869840068744 -0.0443367444812288 -0.339027244868439 0.0572955999857512
0.202407105694066 -0.229613440488227 -0.249984054741558 0.287686858207635
-0.0372339399240968 -0.161987276531028 0.126932079857586 0.178772768972925
-0.0722640479242917 0.00385277965737281 0.190545832628816 -0.0641210298763691
0.0687275251412301 0.0201976296520358 0.0449843894235827 -0.269767216148593
0.0743376021032937 -0.0918367378231047 -0.160755345124726 -0.292292592723635
0.00395659926975287 -0.151964059615727 -0.272660961356027 -0.253757059576009
-0.0232466721407319 -0.140097078549908 -0.285336612923727 -0.23039443528469
-0.028392982927945 -0.160362935599476 -0.255238492297243 -0.191833224248372
0.00914019990188819 -0.143402300491403 -0.231907475607689 -0.134083058758638
-0.00406618578156203 -0.083042831107939 -0.210302528280769 -0.0808962503997099
-0.0775694141841136 -0.146920005611903 -0.252621907465706 -0.0638365875753723
0.0298987575496639 -0.29906547149466 -0.243660416247365 -0.148724812278172
0.315954528866953 -0.24792021141751 -0.172098762968956 -0.0965728167132148
0.449342098235966 -0.024041412988014 -0.481787269920214 0.0515108482327938
-0.166753741651721 0.0221353727478499 0.60993396269276 -0.176805757568099
-0.0884761894504978 0.142380384176159 0.185841026920477 -0.0341987283817425
0.06766791182909 0.146122494431687 0.234558030102748 0.18655322487727
0.14117200567361 -0.0386815929535141 0.267738291027875 0.0687181126826937
-0.0177042802814569 -0.106016645199718 0.181822083597856 0.0947077976740884
-0.0908180388046392 -0.0222742173053783 0.18681422983256 0.184898165649777
-0.086554004889722 0.0417103730736337 0.245519363929756 0.239358937351748
-0.0803871182848007 0.0473929573658271 0.268985714300508 0.269582332025831
-0.0985271451850053 0.049628499497208 0.24661451733487 0.265591730713972
-0.104848994201073 0.00641227958418762 0.129294927515062 0.258000612520318
-0.0720453682854063 -0.0860938072724573 -0.0377679371599403 0.240603564820825
0.0843257275022327 -0.119745224467268 -0.122532591048433 0.0616524864264125
0.125742044137469 0.0659499177561802 -0.091572439745594 -0.0975030532047839
-0.0367196626039709 0.116473623872778 0.0770517574318609 -0.206018375766952
-0.169551268846579 0.00260603805763117 0.265792579049192 -0.0849514285949516
0.117098741429484 -0.0547425661799604 0.564463558348854 -0.150112645102107
0.143801384024581 -0.0173640756751972 0.0839307697236556 -0.0107640438691877
0.200139176919548 -0.0555292988692951 0.189958788826832 0.285219958045473
0.201931492974082 -0.225686295816987 0.287275103599813 0.0980998215870318
-0.00989541007074614 -0.285591073066986 0.16933936675038 0.0634752460249276
-0.147883837295968 -0.19934803471831 0.123214679838764 0.167334737496666
-0.203422980737294 -0.10391944177699 0.18026209474075 0.240519108000369
-0.185048845514265 -0.0502353653961864 0.215538865600753 0.271153623808915
-0.188504573121267 -0.0408962451431427 0.21118825885675 0.257843166913724
-0.147128763314085 -0.090916086861104 0.0987854694198557 0.238871517324761
-0.0888904334332956 -0.156072349246075 -0.0479378508714759 0.211110210282434
0.0775298163103876 -0.212920375067022 -0.111260927208424 0.0494527437616018
0.174598521528846 -0.0682612734199225 -0.0801771736856671 -0.0798510837875476
0.122466212812827 0.0352670629378404 0.0462052178784262 -0.217140805552981
0.0617809421529294 -0.0167801359165221 0.258051419122599 -0.132953632571059
0.384511117662066 -0.0861411150219711 0.433040059881411 -0.108610270967738
0.389828053826045 -0.141835581844213 -0.0521211301282281 0.0348828277324972
0.335476085601864 -0.248432874679729 0.141076315123103 0.370843039350836
0.248711086259861 -0.389680033978916 0.310686084695491 0.106689418357001
0.00895702269872713 -0.421413005055181 0.16702719674237 -0.0157096526883311
-0.165836428247366 -0.345787518351008 0.0487788121651993 0.0874694446037169
-0.276597011202767 -0.234614574296377 0.0837544659311112 0.188861286267976
-0.26339412421324 -0.140023347456886 0.129514674774329 0.23288111611583
-0.266300156661704 -0.124442566173709 0.150210248092716 0.223949209679811
-0.193862430081003 -0.180767739111137 0.0580447673555035 0.212157650411896
-0.120379416930835 -0.226443231744663 -0.0637524816656969 0.189274090825402
0.0431320427666135 -0.309751798839182 -0.121258426381062 0.0499372661249456
0.187106072087786 -0.221630767665813 -0.0950992254139508 -0.0698205887650983
0.256731989071044 -0.0902513968125736 0.00552406018186313 -0.230914434569625
0.287291268669677 -0.064717379025267 0.202166180211269 -0.166106156772275
0.581103842005183 -0.079049100010076 0.241279508152625 -0.0671869829268907
0.573416780522391 -0.220278120454365 -0.193004729762474 0.100967722372727
0.41702558211478 -0.387593626472874 0.107572905832123 0.422195285717809
0.244992409697547 -0.48437346710298 0.331867157339307 0.0841238007330185
0.0214352182564293 -0.473585293653142 0.160790701507476 -0.12509229211708
-0.152605364592174 -0.422208320164775 -0.0281320025466161 -0.0321577537731459
-0.299613628964521 -0.325112428451919 -0.0269152166620069 0.0962476000742337
-0.302207951361229 -0.208657423834314 0.0231009435093492 0.159534391514158
-0.316876385577331 -0.195365937994197 0.0633917123730374 0.165590494405715
-0.234820717506391 -0.258985338008816 -0.00464720399600101 0.171743683841368
-0.157463992738032 -0.292934665950705 -0.0946235797899321 0.163126251314729
-0.00900369494468789 -0.40195564983447 -0.149503405750831 0.0541051255732938
0.171040336967923 -0.376066937524213 -0.130631569191524 -0.0597613282384567
0.358604851011775 -0.238048882065765 -0.047044043756257 -0.230048373449413
0.484535497940922 -0.126146012050255 0.0969358441660676 -0.169813752020439
0.67208161570591 -0.0607351735766167 0.0290069596750674 -0.03436354658798
0.63388522268762 -0.257978015349262 -0.301643350686514 0.177317603641675
0.393934083794214 -0.436176204991727 0.103020151670205 0.419637409657053
0.178887412615133 -0.462087126774366 0.333787050589088 0.0375265382508829
0.0290244115550782 -0.417058306304448 0.13973587401077 -0.232011095118427
-0.11250991531176 -0.411622008019665 -0.0968016045882464 -0.155392110068933
-0.27002911830949 -0.354593746583598 -0.133279593998939 -0.015400684784496
-0.291766248856873 -0.247246576163454 -0.0898965382272312 0.0601410560948141
-0.322203444902514 -0.248065007945915 -0.0437169255432027 0.084723308158707
-0.244067016158016 -0.312318227371442 -0.0888103261237856 0.111490618610898
-0.17138291444121 -0.334259986017899 -0.14341542946887 0.117383201888989
-0.0543152235751626 -0.455022574263615 -0.187713159479189 0.0469265692733832
0.139693888905825 -0.487981061889893 -0.173548679069071 -0.0537179514591798
0.423267191722471 -0.358190343529828 -0.102439403345123 -0.202910011531142
0.621245384835427 -0.17133836143674 -0.0470103101871593 -0.135147301219393
0.651027564484903 -0.0456692577026871 -0.158140145048671 -0.00914899290958756
0.56302764524054 -0.273510184175621 -0.345567252844402 0.242147382984298
0.273150558636312 -0.391785909728219 0.116191633607238 0.364040912265195
0.0786914275323181 -0.327409833748584 0.307303681938949 -0.0206596836642877
0.0413837682943772 -0.275548882806335 0.103243020641392 -0.296266932183708
-0.0503292181666311 -0.328939833938426 -0.146440749379407 -0.244741473113008
-0.199801526969708 -0.324925754095998 -0.216635923069436 -0.120978703824537
-0.235796822404844 -0.249307364509456 -0.19133323761243 -0.0507157138357017
-0.2706002889418 -0.268130162163826 -0.150145470882684 -0.012097455067995
-0.197909199912793 -0.323410006382839 -0.175085636479014 0.0305931249118199
-0.136619467651469 -0.322534644715294 -0.194849739962164 0.0491525143118605
-0.0695006180061923 -0.431258932842363 -0.224774685209051 0.0190473614058535
0.112519859782307 -0.516074592999615 -0.212941831147768 -0.0630511136364523
0.446059931264784 -0.408829652571943 -0.149677560384475 -0.160838101361407
0.671830916315287 -0.170709576727639 -0.210325959230828 -0.0720670282873133
0.534546331036373 -0.0469677607951011 -0.288873828976793 0.0186633456587775
0.400495085978786 -0.266219577240335 -0.322374901822094 0.2814065039985
0.108705499177288 -0.287225571365481 0.128672842894452 0.2733472852789
-0.0152393219279199 -0.148739346965996 0.254606162705405 -0.0578267956973577
0.0590197321919304 -0.114176716584217 0.0662340172515341 -0.305306950059593
0.0170272218040264 -0.214809508386443 -0.167721221302093 -0.288212697215627
-0.103672165698446 -0.252934172707796 -0.265674195989299 -0.205087644962066
-0.141866714560089 -0.214945708125236 -0.26331997781678 -0.15609219042246
-0.166676250308625 -0.243204810477859 -0.230022827166831 -0.112789952170922
-0.103252025161177 -0.270886036507146 -0.230839490718596 -0.0608142453880947
-0.0662859249915107 -0.238023587055704 -0.222013691372661 -0.0276655231082368
-0.0660886608600908 -0.318836913012851 -0.248132081057606 -0.0253870331206267
0.0810471473166581 -0.448494708690476 -0.240216477851728 -0.0969689014349351
0.418024120921192 -0.367846902242292 -0.177542520636274 -0.122311636628661
0.621646387836368 -0.116835995211661 -0.369082769710075 -0.0024311752295177
0.349452939840731 -0.0467237695122349 -0.348954728836245 0.055919850837353
0.206427301428955 -0.235137978280876 -0.256953575950722 0.296649366726752
-0.0380754610416365 -0.162182015706442 0.130253594943154 0.182032467282012
-0.0731694840484075 0.00760109275659378 0.197645984497211 -0.0686046518847451
0.0760539447673929 0.0173036532831902 0.044839344359231 -0.277595246732783
0.0767076877223807 -0.0984297843314652 -0.163164246512962 -0.297095437741811
0.00146593461587471 -0.157689619767665 -0.280075375201497 -0.25935292838338
-0.0259178613305998 -0.147391609081925 -0.294810125368456 -0.238370035206594
-0.0309934245688514 -0.167531100235903 -0.261542874879395 -0.198712388099334
0.00838170825894388 -0.150522861721657 -0.23640861458761 -0.13800683405209
-7.85364468473739E-05 -0.0872313733392719 -0.215196398361599 -0.0844122684386046
-0.0776628185443699 -0.147126274324649 -0.257404702243411 -0.0662084891647605
0.0299859063363013 -0.304274007527918 -0.251815492787635 -0.153917922475145
0.322734709878819 -0.255842552818866 -0.177153338243974 -0.102413999161685
0.462061349229286 -0.0312033279193822 -0.490950814522221 0.0521149484268321
-0.166104971289417 0.0345896909063546 0.611909681750303 -0.231342972817697
-0.0735340833019103 0.150807146164787 0.17837064993825 -0.0514625753997394
0.0917571195722564 0.138011766457181 0.243746582573111 0.177513764877069
0.139966538924107 -0.0624254612401232 0.278695463437789 0.0615443463607281
-0.0273361227914725 -0.105368317529478 0.200296649443467 0.0809200898712519
-0.0913482056282394 -0.0110916212415249 0.206702137691891 0.173299783849425
-0.0797301953154476 0.0559291985483533 0.273111286263419 0.219628318441343
-0.0730211587652449 0.0572436303595863 0.300729730231642 0.257210597370646
-0.0925853227228299 0.0646870057556532 0.280461273756305 0.260104471268594
-0.107436494420761 0.0201909550952264 0.1560959368276 0.262995680342338
-0.0857720628837554 -0.078967750744019 -0.0163142809987069 0.258862134641882
0.0699939865561136 -0.136683976878638 -0.127328076662808 0.0812310020213192
0.141044979512595 0.0521250764571259 -0.113665773903536 -0.0976856313656523
-0.0231089256293971 0.126528815156347 0.0735491814500904 -0.226340317103831
-0.178257497244538 0.0259285255248311 0.28516200222087 -0.0976683774762833
0.109824551032531 -0.0745973884223716 0.571176813046508 -0.179211976359377
0.144176593540945 -0.0344901199204741 0.0833023072877438 -0.0037266598156542
0.203588002146942 -0.0800308500341027 0.22244953262565 0.296095670231193
0.180359934462406 -0.261117834529301 0.313852497269259 0.0973422632153989
-0.0383029695861604 -0.290771768661632 0.195879569023642 0.0495194383512574
-0.168228345438571 -0.186789142884761 0.149867609677026 0.159451212475373
-0.217819173024493 -0.0790232238247499 0.218665782854973 0.226870407314781
-0.188098295115383 -0.0349324086231869 0.247008854302934 0.262624083763502
-0.194994271017788 -0.0189822362984327 0.242877577621706 0.255334596890196
-0.160935524458636 -0.076329077008873 0.123983684494467 0.247620186697901
-0.108022460093367 -0.150306784141031 -0.0289298357224407 0.229962117731048
0.0534069116947055 -0.230202181850977 -0.115028540181904 0.0700276477384073
0.177214326943453 -0.0900869232132995 -0.101022764872585 -0.0749232594884943
0.136481240799517 0.0264238341295044 0.0286119892556867 -0.237146985616277
0.0657192601177207 -0.0152106471463364 0.260047273572727 -0.156233114617984
0.374428541650055 -0.136036393990105 0.440389270988647 -0.110039158523758
0.379093507563456 -0.184814685637297 -0.047278691921017 0.0698764008325373
0.320374130865435 -0.288999954406857 0.194918100048002 0.401161537018479
0.209939291166276 -0.431865766059319 0.352157253418166 0.109882594223023
-0.0325665845593261 -0.434041786967077 0.193234989718288 -0.0302074298252744
-0.202788022728781 -0.336169443593676 0.0740013903332577 0.0846389760162967
-0.310959652812413 -0.206646494336549 0.125427826309944 0.18552736689672
-0.276295340229828 -0.120166698436883 0.156860043667144 0.228292264627897
-0.283026919054422 -0.0966376510724567 0.176876672031677 0.224612971381398
-0.21848810358565 -0.165053099965991 0.0811060270555307 0.224077862580864
-0.145227527662705 -0.220099279655391 -0.0481648966176499 0.209548915474281
0.00894618484132489 -0.325467473148085 -0.123530153852529 0.073201525379422
0.175365745916358 -0.249315661189222 -0.114361449025097 -0.0568183445410578
0.266303170233919 -0.118356925239931 -0.0272675749532739 -0.247130329266731
0.30187629573523 -0.0869660687035423 0.183991540478528 -0.195397166912716
0.574630179001781 -0.149733513434302 0.244347900582836 -0.0421785467259771
0.555787382956233 -0.283487337712674 -0.184831475314681 0.160194919980715
0.386159573348244 -0.441000958107363 0.174948047476389 0.464214152094385
0.19318576793073 -0.527036832642583 0.381819835924342 0.087091125531691
-0.0239438741994837 -0.490635349295867 0.182078552130688 -0.142718220608826
-0.19886130915675 -0.417795182560241 -0.00996984357592971 -0.0316111508114187
-0.347752398495096 -0.296201276318399 0.0100409366840037 0.103251494942875
-0.321604297396304 -0.187638747486687 0.0411116607621892 0.160923664782757
-0.343600423876422 -0.164076234013963 0.0814587515569968 0.17030988884859
-0.268752438555415 -0.242580201821928 0.0144012916864402 0.187129478888765
-0.189568837110887 -0.286343853332012 -0.0818574618305811 0.185230442743889
-0.0534865895610157 -0.415144987189572 -0.149683755552346 0.0816024820683442
0.142505620675574 -0.405586938377864 -0.148323177474396 -0.037109784828728
0.360338915692978 -0.282110029998565 -0.0934831027543416 -0.237637973826726
0.505101256305732 -0.171130634476641 0.0611997661928348 -0.196236673272212
0.668525982141304 -0.13978691139974 0.0252416407634522 0.0102662619537349
0.612517676584692 -0.327443254754655 -0.288438664933197 0.250389398360764
0.35530363822034 -0.486739130612286 0.173844473622242 0.461532447837398
0.130839839761639 -0.494391017419422 0.379032038630028 0.0313891661648034
-0.0118219516856545 -0.435041724731886 0.147167604588862 -0.249839355160178
-0.157842769289092 -0.41291108882844 -0.0910430977297048 -0.150537212397176
-0.322122303429851 -0.330656828676506 -0.108250322948491 0.000510504177770245
-0.318442906901811 -0.228264445186853 -0.0844081153441698 0.0677347338083811
-0.356237669269813 -0.217178424396193 -0.0376174190599994 0.0945085692363311
-0.283664429981784 -0.298257196108573 -0.0789811529987474 0.131409015508278
-0.206329076293927 -0.327378466739315 -0.136942931310079 0.140810606799877
-0.105038242428644 -0.465297289424433 -0.187588951311254 0.077569761932762
0.0994319715142221 -0.519098107932354 -0.191645759189409 -0.0228854804878841
0.414745480242488 -0.415606134975974 -0.158562344414683 -0.201629803485477
0.646098439447256 -0.233573930015915 -0.0965513982465872 -0.15440848542593
0.648153109947221 -0.122180510447339 -0.166786125335236 0.0453637458056962
0.539075911795935 -0.332461346767102 -0.326366543890129 0.314969478235046
0.236470956520125 -0.42742095988588 0.179691991863171 0.392443310798523
0.0440273536908396 -0.343546306762287 0.338210947269214 -0.034994992797754
0.0146447419624012 -0.294272020474978 0.0957902436733884 -0.311416099538699
-0.087765966053693 -0.335355165696494 -0.151635002502199 -0.23622516183314
-0.247514193542815 -0.311195953887044 -0.20774387179049 -0.0979683402800669
-0.262535569337864 -0.236142915954794 -0.199509739172189 -0.0381552029254046
-0.306681844306664 -0.246162138749029 -0.157689425138762 0.00136108884541456
-0.23792107597363 -0.315402044532866 -0.176540376518856 0.0517203465024732
-0.169028507400385 -0.320427586249253 -0.197161982808362 0.0727415309536562
-0.116436046448503 -0.43827445134814 -0.228135254791537 0.0487496449663759
0.0670019780075293 -0.544855152558805 -0.231983641298913 -0.0290324034352524
0.435686804719515 -0.47198544074764 -0.209144143359255 -0.152015032527287
0.699172639177391 -0.241330594464257 -0.266678432533748 -0.0782612452680758
0.529430213921603 -0.108384960082729 -0.299225629137189 0.07331446829805
0.375751791385018 -0.308716696159933 -0.298990035224934 0.342863715896457
0.0801862702750926 -0.301854001019476 0.177676828143088 0.282890024084768
-0.0292370044050615 -0.149999729218016 0.26886285533215 -0.0809898021067687
0.0499520633535457 -0.131382182445491 0.0480196938719077 -0.316130018974218
-0.00873510198057462 -0.22498891340379 -0.182692086883203 -0.277588843551012
-0.141775034693932 -0.249890925806074 -0.272977874285419 -0.179050539318055
-0.165894159244483 -0.208647961727624 -0.284536455340182 -0.141027200923722
-0.198054540462474 -0.232755939674496 -0.250527200756762 -0.0995557488255395
-0.133907491133641 -0.272022034204389 -0.244398564889499 -0.0415815355905755
-0.0871007148584173 -0.241898331539614 -0.23370074664151 -0.00810997748713429
-0.0982848002274177 -0.321901696196576 -0.257225391155636 0.000609564770254736
0.043688779510015 -0.470575907417017 -0.262744948550105 -0.0659811670580354
0.407983869877186 -0.427255828794206 -0.233824086403775 -0.112193431962718
0.649151908495259 -0.184533752058917 -0.423616615996078 0.00331539684711661
0.345518956673242 -0.085330167882298 -0.358339339650925 0.10105547854437
0.183586073621489 -0.2565100049229 -0.231554828956757 0.34088021328785
-0.0543011711814945 -0.158071198780943 0.162575776802285 0.173855968214801
-0.067638093270699 0.0176384659267082 0.198818865071303 -0.0953042321539094
0.0801796634871778 0.000982845392241108 0.02127048170746 -0.284813755279328
0.0632136828234918 -0.112714269059612 -0.183711934728292 -0.286155263092679
-0.0231578192746402 -0.16517737448149 -0.301463750028689 -0.234882836611129
-0.0434903782940629 -0.150678470975242 -0.326067502171329 -0.2228059840755
-0.0524419051251547 -0.171048045994245 -0.292073491424984 -0.187769299861098
-0.00600791042453959 -0.159905005940464 -0.25844136590372 -0.125089125837879
-0.00391908831482564 -0.0939486438971479 -0.233256014872989 -0.0711057360417174
-0.0902920319239217 -0.142866190596007 -0.272581965770544 -0.047162221774582
0.00480349299013471 -0.31818398319753 -0.280311811763874 -0.129981756561027
0.315915937611586 -0.302679440072709 -0.224355474406591 -0.0939423667030933
0.486137041208259 -0.0837657683974665 -0.536898582910021 0.0703923900292873
-0.168451082757239 0.0477169569872113 0.609403499282753 -0.268078371842318
-0.0674087813682123 0.159156780681481 0.178434745512753 -0.0584139982105183
0.103003778460299 0.136027083476353 0.262019143118935 0.167237955870667
0.136926581958888 -0.0748462200045519 0.286181031609525 0.0445191796274764
-0.0373319806588698 -0.10510590722863 0.206235366380469 0.0710848230341008
-0.0953861674429273 -0.00204593633144636 0.22094384083675 0.166885121917328
-0.0757638687352829 0.0632981126802472 0.289012089222004 0.211957364656068
-0.0683781959538615 0.0642988314065839 0.323953968663711 0.249757164920253
-0.0874141407030781 0.074073976611425 0.300184242879898 0.25192472177635
-0.106327457376344 0.0291580884205222 0.170762654230528 0.261590281334692
-0.0932301812299933 -0.0735286040178682 -0.00128396164752632 0.266664725437276
0.0601706353247049 -0.144488666500457 -0.128263838763451 0.0907407709088085
0.150493894764272 0.0422366126924865 -0.125124762445 -0.0924840512454869
-0.0157952391950055 0.129164260913415 0.0647913177885596 -0.233007106057595
-0.180292062443353 0.0418135697881023 0.287984881266078 -0.114504867279139
0.10590673448546 -0.0789765404778814 0.569971090307067 -0.21440745745919
0.145373391719334 -0.0421645426757856 0.0833844711420487 -0.00342843306875339
0.206917284370626 -0.0933836322348803 0.246265324520364 0.290550957717037
0.168726739205467 -0.280766471237385 0.323339967269689 0.0788319831669639
-0.0568353073855067 -0.296517602096688 0.196787916715622 0.0397154072138435
-0.184451932097337 -0.179839016297218 0.161044240921536 0.158856953552208
-0.225181781576841 -0.0668766269861805 0.232184714556117 0.223391483043984
-0.191947816363777 -0.0230842474698439 0.271581928191085 0.259071517875077
-0.197174203939117 -0.00692661222771639 0.261694790434057 0.249187742138722
-0.16692138341637 -0.0677596415134344 0.137349853592699 0.24868712079197
-0.117790587387874 -0.146570466779209 -0.0184011808165333 0.238605685634734
0.0389239727732069 -0.239372007772525 -0.117374550606387 0.0774931116209496
0.178982545372486 -0.103378391787856 -0.109586974135133 -0.0717690840043176
0.141983388753477 0.0180990345797732 0.0187675243374472 -0.241052516206049
0.0671204000189509 -0.014792686799397 0.258739044156474 -0.173238874380646
0.372766768138188 -0.1560673472806 0.441033103452438 -0.13621591125252
0.376615539820282 -0.210217386042909 -0.0456942887296437 0.0795961411455007
0.314769130940007 -0.3145269836263 0.22252275218463 0.400741493803933
0.189807832728003 -0.45537466383157 0.363716367594138 0.0872548917200192
-0.0568866971787702 -0.444815332417014 0.189397700603605 -0.0430810181848735
-0.229194293117441 -0.332520712516733 0.0796747241582143 0.0878147926816329
-0.328058344763048 -0.192431802426436 0.13291824802435 0.185414832907375
-0.2876902999524 -0.105706112542336 0.17758111061452 0.229835474206529
-0.292930308558545 -0.0821957496482674 0.195236698783719 0.221774593914057
-0.232063074050785 -0.156422619444039 0.0929875831240762 0.228477675189464
-0.158901607698534 -0.217374623431749 -0.0398262822906309 0.2196645684443
-0.00981063345099803 -0.334851979812465 -0.126039983980966 0.0816576058783363
0.168327016557202 -0.265479306821444 -0.122281152113444 -0.0541919829931948
0.266531346967848 -0.136381238135407 -0.0384027829983579 -0.249019159798734
0.305215596302142 -0.103678435349937 0.178636931534629 -0.209600563266122
0.578728727298097 -0.181466207138099 0.243804992483096 -0.0579929825078589
0.551554830729689 -0.321664155171664 -0.18160133325851 0.180842301666147
0.373270434058696 -0.470941830052397 0.207388011423165 0.466193270323899
0.169896483274678 -0.551061128863615 0.391374565678825 0.0633146348960711
-0.050924002775076 -0.504274015147396 0.170067039647377 -0.156909450175278
-0.229552151058265 -0.416685880574726 -0.0127125402712885 -0.0259909177064451
-0.371449210844271 -0.283280962774269 0.00991662734890057 0.107557155848885
-0.340681644114449 -0.174187910012131 0.0552644028638508 0.166841238592649
-0.359095690715618 -0.148642833425211 0.0941376882706748 0.171256967679041
-0.289903037985246 -0.234016850665778 0.0229904014745957 0.19456074023858
-0.206609022500128 -0.284997853762737 -0.0771718814205992 0.196777682300336
-0.0775964159759815 -0.423438995213536 -0.151801147874536 0.0912661501361864
0.126515798445461 -0.42290930725939 -0.156288468487429 -0.0335348263739719
0.352753470574829 -0.308133164916811 -0.105300204013726 -0.236614327737415
0.508552024140319 -0.204015929680797 0.0520647798466293 -0.205062720026332
0.673529026659249 -0.178054349886471 0.0227876974330089 0.00654519080893542
0.607191410987987 -0.369228242604788 -0.281636878966462 0.277984481324427
0.337495449847658 -0.517184991844122 0.206194254707062 0.464414132097447
0.10677337739426 -0.513476218845123 0.38830509958518 0.00559435888486761
-0.0338443675485713 -0.448549674875204 0.12963711870002 -0.264012283994817
-0.187098789891786 -0.4163402041551 -0.102321441755517 -0.143155221222177
-0.347388393405163 -0.31922741166259 -0.11549854150981 0.00830646865756154
-0.33897299862014 -0.215005728154856 -0.0789446162976609 0.0774434951282504
-0.375619103273566 -0.203440212606833 -0.0320870850667344 0.100310503141344
-0.308768548550063 -0.290761578205962 -0.0737855807357962 0.141102448196773
-0.226940740263825 -0.328836447418513 -0.135877470825304 0.154543199056334
-0.131294456831582 -0.470644707029828 -0.190374200998678 0.0887685925201971
0.0757780410184979 -0.534947129732478 -0.198419717045267 -0.0164710491127863
0.40312473283598 -0.449091766785894 -0.171485726565696 -0.197438614335573
0.646947990163728 -0.277635105796309 -0.107308255484487 -0.152527667417026
0.654703683302708 -0.161186674734274 -0.171921955004054 0.0528912657442215
0.532107914074557 -0.371905607437448 -0.317005901354804 0.345270518177703
0.218395318242568 -0.448851747174102 0.207550595044225 0.392029452881618
0.0278276808311391 -0.352830940835588 0.342442114997911 -0.0600051525105413
0.00331343316096625 -0.305976080945269 0.0747012654685347 -0.32401295806682
-0.110302345035169 -0.342605331180695 -0.168916302363938 -0.228748278835171
-0.271186512474616 -0.304512010829904 -0.221055095726399 -0.088113811886829
-0.283699548598296 -0.228020263846173 -0.204147577605905 -0.0254430721154118
-0.329182047933651 -0.235666373431415 -0.160573185320371 0.0111368356249965
-0.262572295955671 -0.311536520762624 -0.177354397955122 0.0648255482598272
-0.187188411256014 -0.323263267274668 -0.201148619193287 0.0865027099963154
-0.139703618573798 -0.440710278253428 -0.233002666026148 0.0613469750430747
0.041266198923715 -0.558755260772574 -0.240557964877209 -0.0205415422276448
0.418509827795383 -0.505874447013155 -0.221030806934295 -0.144951653821952
0.701521089060135 -0.291018764272434 -0.276448496715298 -0.0662561149658592
0.535474392261401 -0.140403546619215 -0.306096388793432 0.0882629132772478
0.366160216739043 -0.337662419655054 -0.286562014267826 0.371741088729297
0.0655875707710055 -0.311019779276502 0.198929539721996 0.278402139962232
-0.0351312163743743 -0.148582407958865 0.269753392344612 -0.10242262401686
0.0484082582699864 -0.142273989010386 0.0274649368436052 -0.325357650485819
-0.0225239617277487 -0.234500018360434 -0.199944281304529 -0.271461697999576
-0.160332043212918 -0.248474880363248 -0.290822143474608 -0.167397837591375
-0.183936849210141 -0.206884212985389 -0.299527033876412 -0.127270557885226
-0.218385173679182 -0.229390279444115 -0.261940393384057 -0.0879654553625294
-0.154576114567196 -0.273965852529294 -0.251599995826233 -0.0288247600397782
-0.0995126981909398 -0.247171010962874 -0.242575384353008 0.00532805875793761
-0.115451979922493 -0.322394207337405 -0.264100405206902 0.0134179224530362
0.0188118892089932 -0.481452454903942 -0.274903786908013 -0.0554736638763498
0.393716165704502 -0.460557924744751 -0.245684623511828 -0.103741421209394
0.652039180535448 -0.230940716381465 -0.431203531371207 0.0268143931017769
0.347437662969426 -0.107005302938593 -0.363691805533807 0.119217062144377
0.170677512537735 -0.273907607076108 -0.216623562412922 0.364045266373166
-0.063771918435739 -0.156499823120873 0.175984938789151 0.168539533119272
-0.0655376863102985 0.0247633433891412 0.197983211136091 -0.111703628430499
0.0858912873171199 -0.00849236812148043 0.00447498224776968 -0.292289456137014
0.0577978728436149 -0.123613082390723 -0.201646132766099 -0.28251594316919
-0.035003837019908 -0.169123491179309 -0.322659841542049 -0.223116533177508
-0.0557082006302278 -0.153970947191504 -0.348254441027822 -0.210503244887336
-0.0659902923758533 -0.174749683484973 -0.309990788670447 -0.177321887808919
-0.0172583745636458 -0.166417375317663 -0.269614793140217 -0.115129858455763
-0.00653136497732224 -0.0991757274459803 -0.24356705663342 -0.0604526766151616
-0.0973438068722233 -0.138082799690226 -0.281200454234936 -0.033811642594145
-0.0131589381798188 -0.322858666760333 -0.296865735385433 -0.1188617645655
0.304291367955065 -0.328051680812373 -0.234958924580701 -0.0871331502072319
0.492802316492881 -0.120208557568864 -0.54328421647933 0.102451989908504
-0.166536659834543 0.0614854596232045 0.584582614953682 -0.302287871574714
-0.0579450667309569 0.163362425980654 0.171728697556503 -0.0649050551843001
0.114139695457419 0.128273596264456 0.272109617005379 0.149234151215581
0.128119846609094 -0.084936831585201 0.28464872407314 0.0257338672470292
-0.0462862767067414 -0.100161261948221 0.205961211158678 0.0576708420200692
-0.0950772561936831 0.00829410260102069 0.229801736624447 0.15438620933479
-0.068905125163512 0.0690284021017045 0.297909362184489 0.19656424975654
-0.0605423600334494 0.0700038861158783 0.33963553031694 0.229429407732592
-0.0787028372109816 0.081600110004283 0.312673000139488 0.232320091967401
-0.100709736212235 0.0376823820879527 0.182811396498233 0.252350644650268
-0.0981677153319965 -0.0648242456099976 0.0162049973724691 0.264935003191268
0.0473718985917721 -0.148104523012489 -0.124408101698079 0.0988377596503063
0.155455258644784 0.0289162055591686 -0.133295663312473 -0.0824434612262385
-0.00718815995359387 0.128149306462125 0.0529014389507596 -0.233676284177943
-0.174626205138667 0.0579146471890771 0.279680939564209 -0.129846653904427
0.0978716222554225 -0.0809338196374591 0.550011478736388 -0.245867420083677
0.141108485904897 -0.0489726764800734 0.0815087445675066 -0.00360031897543432
0.203641059139179 -0.106619769524092 0.264641278814217 0.272711537152614
0.148485819058615 -0.291707529653606 0.322739343351581 0.0557115598445759
-0.076022761777567 -0.29127457312961 0.192318147098765 0.0278320962004852
-0.196365936408935 -0.163770801627402 0.169965616520817 0.15165972586062
-0.224947545549537 -0.0508077361271436 0.239869830418564 0.212379679204217
-0.189829415262806 -0.00958118901249867 0.289225422974231 0.243247529791663
-0.192985685078947 0.00718175192049481 0.275894451230954 0.233037650769605
-0.167815728152622 -0.0554576042615953 0.149436865649302 0.241643256962575
-0.125865774172706 -0.137714495006177 -0.00447362445927516 0.240117244335347
0.0206674008063457 -0.240382492331952 -0.114619449164096 0.0851166446138598
0.174117033463585 -0.116967977027548 -0.116536351524946 -0.0645114096687852
0.142225327642403 0.00778569120975358 0.00773326233606618 -0.239079468597613
0.0677311929352684 -0.0154440848692312 0.246550412653348 -0.188010170767859
0.358007248021202 -0.174453701176999 0.425497168322868 -0.162549702236603
0.361974030390746 -0.230770361975479 -0.0418015261114301 0.0872977977209667
0.296739799810907 -0.331423342761237 0.250322469673084 0.384903130049822
0.159950192517094 -0.468296898917474 0.36289458116587 0.0611508369644828
-0.0842528210174018 -0.439870085760145 0.177970466261941 -0.0531984760728848
-0.251157060938039 -0.31419669242197 0.0844117481419974 0.0870712675382851
-0.335464432721981 -0.168309145807165 0.137917075760002 0.181371605842137
-0.291073459929974 -0.0863006990211129 0.19569656436613 0.220182152310599
-0.293640600604389 -0.0630236706454395 0.207978244210031 0.209469059598938
-0.238831022535033 -0.140176781939898 0.103959512168824 0.224881500315769
-0.169463414909562 -0.207717034196069 -0.0284029970498196 0.224184855219982
-0.0329435650188231 -0.332083361527454 -0.123612490695013 0.0895837347975235
0.152839460207112 -0.275594418133181 -0.127507303584792 -0.048186456103311
0.256419341838684 -0.153133340225405 -0.0506266442360408 -0.243818461053411
0.297366579966737 -0.120515275418208 0.164584163853877 -0.218906495586779
0.558265241530397 -0.214013829206235 0.235255993302193 -0.0731832180901236
0.527850046847471 -0.352320821407598 -0.169321390454823 0.196724380051859
0.345180135003898 -0.491357508665647 0.236553733091847 0.453030533438164
0.135775636810621 -0.55941024148774 0.389726826243243 0.0343511996518655
-0.0798048585241079 -0.502592686455313 0.15093683558204 -0.165333756274414
-0.25665759586547 -0.400022257861439 -0.0146598686464783 -0.0188153177040659
-0.384666967459067 -0.256089056174244 0.0107811492104389 0.1102312666528
-0.34853324012314 -0.150482593890373 0.0699136729095897 0.165214716866026
-0.365028900936195 -0.125131509194246 0.106177505181448 0.16547746040873
-0.302186115558037 -0.214280092890937 0.0335933094731394 0.195442025215411
-0.221056455001583 -0.272944819648831 -0.0672899940898021 0.20447876520581
-0.104986010614016 -0.415522818434096 -0.148872043610974 0.100274744531527
0.102427012454002 -0.428484675979517 -0.160238584936991 -0.0268792233335181
0.332222829962994 -0.328554428595337 -0.116308596854239 -0.2285609466766
0.491372722585331 -0.234660785153893 0.0392201096099896 -0.206842960054726
0.656790721019138 -0.216640081877122 0.0193937419599705 0.00364225601463574
0.579371633367675 -0.404910608154618 -0.262782512695801 0.299706075990327
0.304779175558218 -0.533783845438111 0.235168240760844 0.449706136031905
0.0749684820213485 -0.51673796514839 0.382109643398681 -0.0229029409654239
-0.0583040047669146 -0.448064040508561 0.104061757659005 -0.269090685155739
-0.214662440478308 -0.403882045038792 -0.110133615822 -0.129892113342036
-0.365637043632375 -0.296515582284594 -0.119379251237237 0.0200963641726131
-0.350764440108346 -0.194151239634178 -0.0694278010547649 0.0844189097273477
-0.38752918397549 -0.179064902996666 -0.0234693433316499 0.102334627657139
-0.324988308584007 -0.270252522240643 -0.0651742242580399 0.147426142968607
-0.243189986271099 -0.316962651557047 -0.129125315023769 0.165661275843916
-0.158359908167921 -0.45964402210857 -0.187076304292727 0.0996937099887497
0.0437617442099919 -0.534924203897315 -0.200709186277048 -0.00772005042332142
0.371923225782092 -0.471114969105176 -0.180020575009068 -0.185635453768782
0.623944787614672 -0.31906916000253 -0.115660779023263 -0.145450664260325
0.640121234213105 -0.199954854346859 -0.171723810569889 0.0607476235670019
0.50372182599122 -0.403249165166475 -0.29306834690592 0.368488128208275
0.190067070796203 -0.457485008619825 0.23133309267975 0.377078865536797
0.00801924340869747 -0.350714185258552 0.334209710209439 -0.0855745502659671
-0.0127095666741945 -0.310225795923538 0.0478549418641507 -0.324858935373396
-0.133355465154171 -0.336758437366986 -0.181184331722664 -0.212202182829125
-0.289254905814736 -0.28588438837282 -0.228697598869722 -0.0700354967105241
-0.298357019205015 -0.210040156578687 -0.201663280180536 -0.0104763200424585
-0.343275106349718 -0.214446353609248 -0.157304888938643 0.0215017661879322
-0.282514366396608 -0.294794911988886 -0.172665357362746 0.0767327365451465
-0.204844481192756 -0.314878360670191 -0.197920499202205 0.102101911538315
-0.165017631176394 -0.428639796406616 -0.229571443940848 0.0743824199745114
0.0079577124862707 -0.555270857786551 -0.242515198746284 -0.0088523468772649
0.384133710203242 -0.529118817570005 -0.227467937855733 -0.13183784282966
0.678121391922125 -0.337111773874733 -0.278126283735713 -0.0491261529540776
0.521385774948693 -0.172657288322713 -0.302611165861292 0.103389826774425
0.340047475838225 -0.359365270327129 -0.259706004274326 0.390487101682465
0.0452731618980869 -0.311756724508754 0.215689495792216 0.264554677593435
-0.040529048045443 -0.143179203527204 0.259954422140563 -0.12247097241001
0.0421881393977818 -0.150762658591441 0.00331342085123891 -0.323324482596642
-0.0386764185700399 -0.235673930584973 -0.214448673138733 -0.253997728132915
-0.176927807821337 -0.237380122838188 -0.300694469678156 -0.146633524956331
-0.198666705508388 -0.196581386018505 -0.304997149326218 -0.106248567081963
-0.23442585102982 -0.216622268539576 -0.264922295620519 -0.0705871847990155
-0.172678810469373 -0.265433302083833 -0.251520746688018 -0.0130162591866978
-0.111646142476304 -0.244220351541763 -0.243401923990734 0.0212883021099837
-0.131401113764057 -0.310734628895533 -0.262667388353958 0.0282743349338369
-0.00895940082309404 -0.477740319500737 -0.279404163282642 -0.0402022189086839
0.360855423339499 -0.481829997457958 -0.250230310060831 -0.089314265573609
0.631375249637534 -0.275879965277151 -0.425444230075165 0.0541917297613237
0.338251201746692 -0.129318328496518 -0.358210019072827 0.137031875925405
0.150110655608552 -0.28370398285382 -0.19044929446976 0.3780341465295
-0.0727664074685391 -0.149628537252214 0.185097602992058 0.156839191623153
-0.0592754678706059 0.0315550219797307 0.188364814540419 -0.126438067812478
0.0876001093004718 -0.0196305235933961 -0.0147100887820698 -0.290535004935914
0.0488544539021837 -0.131416240748394 -0.215788019615275 -0.267785817963942
-0.0478895695073653 -0.166915423360184 -0.333227072365114 -0.201122855604641
-0.0680744728779664 -0.152141542643049 -0.361192708676766 -0.187313183567039
-0.0795523107837641 -0.171808121207009 -0.319325096671794 -0.158889438425406
-0.028662475896019 -0.166989773009539 -0.274174065575406 -0.099412864784088
-0.00949062198747254 -0.102103124505285 -0.246157719465498 -0.045675262480025
-0.102268975016228 -0.127967102515241 -0.280986163642138 -0.0174180917444873
-0.0331030649235361 -0.317680514390086 -0.305608895703768 -0.100760188453594
0.279198794760747 -0.346227624061621 -0.240649780190977 -0.0742434715190002
0.480285458578186 -0.155878657423197 -0.52964168013449 0.134481296485542
-0.16142772252168 0.07069853695874 0.552468946922435 -0.315288763404058
-0.0500995901552495 0.16372174690339 0.162955683164129 -0.0673452716192949
0.119010048588556 0.118011803909775 0.272265961410676 0.133027331894063
0.118338205501498 -0.0902166111348969 0.275417485324508 0.0117532725168878
-0.0518046081818313 -0.0932749460373161 0.199164341203808 0.0482791008464786
-0.0915338477904627 0.0166953975566062 0.229452783417787 0.140741189000049
-0.0618103952619742 0.0715578321321825 0.29742806015826 0.183173310960453
-0.0535341908702457 0.0718885591244506 0.341942158186039 0.211454077557272
-0.069583780566093 0.0845420263233237 0.3116893012489 0.214561321954007
-0.0936173984170606 0.0428196449418066 0.186270110700328 0.239643304164122
-0.0983754795168297 -0.0566098864694015 0.0279092977632903 0.25808723598471
0.0360801396511942 -0.145918830689915 -0.118810547843526 0.103107788583193
0.154679925669698 0.0165051595889652 -0.135368029942752 -0.0715427158082877
-0.00179446409387294 0.124265069274223 0.0446183827405371 -0.22846707448611
-0.164332757594894 0.068824331156022 0.267380574915842 -0.136362384207791
0.0888855044021282 -0.0779217609758759 0.519597155313792 -0.260754125371429
0.134928166719882 -0.0502640547096921 0.0786254543723457 -0.00243736870117976
0.196901736037958 -0.113640614200569 0.270582423469422 0.254352588737259
0.130008938193274 -0.292778460525906 0.312889642806212 0.038843370056978
-0.0879335985978545 -0.280953267808001 0.1831881993408 0.0211334474359198
-0.198654047605822 -0.146359022510198 0.172393173764151 0.143709924228465
-0.219518088068638 -0.0385068877650596 0.240289227963641 0.202992755011798
-0.182407615661908 0.000235900052447811 0.29472942548329 0.225998092668149
-0.184175233469431 0.0160740241834795 0.27759705353987 0.216429497018336
-0.163319671047813 -0.0450099976868179 0.154140866754396 0.2328115122794
-0.127891858482268 -0.127596649582126 0.00478275421620076 0.236008347267985
0.00766796390850094 -0.234520184069649 -0.111576251306182 0.0892085456115973
0.16674383791889 -0.124912469656187 -0.118435491111057 -0.0567889190469764
0.138411912809271 0.000695967572756914 0.000207092571833565 -0.232494434025689
0.0670346701766039 -0.0149137299264006 0.23128733806322 -0.192202853791743
0.33896360446764 -0.180701347303491 0.404027104574482 -0.175649896727671
0.341475699769216 -0.23617780965415 -0.0373363194849872 0.0923746404526836
0.277344411690947 -0.336825639397259 0.25951939987366 0.364605615422341
0.134885439929617 -0.464862522502793 0.350897134175414 0.0416458259478248
-0.101824404113421 -0.427566419904679 0.163683922096751 -0.0565872210698391
-0.260308226099262 -0.291600395226824 0.0860468051265858 0.0857929025937226
-0.332402234839383 -0.14811018246046 0.138047375590414 0.176953576992211
-0.285695522448234 -0.070323958556308 0.203102058058219 0.207635442950492
-0.285513890089148 -0.0473007551608009 0.211941981414611 0.195901553016245
-0.236953318573304 -0.125897330075134 0.109757818554008 0.218505618471906
-0.172938617978601 -0.196203781383199 -0.0194681947851073 0.223330017566399
-0.0480440265440736 -0.321293545834952 -0.120240136717362 0.093085170292159
0.139666551884233 -0.2765799113204 -0.129192616983103 -0.0425172531607831
0.243120586434539 -0.160475021358813 -0.055993197751203 -0.234243067292915
0.285039678643571 -0.128429134850532 0.15017761909255 -0.219530604763294
0.532683554437492 -0.22889122057071 0.221458965860198 -0.0810222664435755
0.498462753441954 -0.362339792822853 -0.156834086595283 0.203809293956525
0.315820673298142 -0.495067260984325 0.252376436113079 0.432504009709604
0.107480442969396 -0.553152386818737 0.377014365402999 0.0135173437516805
-0.0981817000858722 -0.488140046096448 0.132327185372708 -0.164420787013136
-0.270815136825186 -0.378936844173853 -0.0145595424424116 -0.0117233358662423
-0.384236660620379 -0.231960147938764 0.0107655689858872 0.114181678129487
-0.345323342258836 -0.131281507120182 0.0797676951787352 0.159590290599911
-0.358443646004325 -0.105308058608989 0.111971732042118 0.157516914155356
-0.302599406388778 -0.196319907189995 0.039780455619496 0.191908759503728
-0.225063146643232 -0.259149838130994 -0.0594351586296674 0.206945650527937
-0.120051023091572 -0.399620204830426 -0.144535375349827 0.104958368511826
0.0837829689343386 -0.421799114901963 -0.159358421093325 -0.0218257437380541
0.308474087532512 -0.333611294067154 -0.119640373615569 -0.217989529419431
0.466658957445064 -0.249178397309149 0.0290514048117818 -0.202247070210402
0.626796988908178 -0.23710929748252 0.0147823409755016 0.00141396847266847
0.544545698983046 -0.417652460295774 -0.243467305214704 0.307749434491945
0.273899769512348 -0.53261842544639 0.250291324471077 0.42935837063864
0.0530867751471307 -0.506517572790708 0.367344569691056 -0.0418397975598779
-0.0735490740798123 -0.439972465772344 0.0826256366019374 -0.262415078429854
-0.227965064163476 -0.386235604031995 -0.112812745579925 -0.115705904980573
-0.367216602320573 -0.272935363051614 -0.119709289047529 0.0310739993197667
-0.350933696904188 -0.174663046897999 -0.0598129884056673 0.0867600709532671
-0.384683607131225 -0.157808453001542 -0.0165744005369047 0.100896386044526
-0.329262604627472 -0.249419388779335 -0.0579747483169733 0.149437778162936
-0.249004675117922 -0.303783976333065 -0.121728239294673 0.17196563833561
-0.172754071230583 -0.439958260381041 -0.181625508063954 0.105105837849732
0.0238922779952592 -0.522125517010587 -0.198764831390442 -0.00217404096436678
0.341097601742765 -0.474700878103942 -0.180720420514584 -0.174204796545223
0.591094279048662 -0.338845320959831 -0.118481959164493 -0.136152089859512
0.610710082780011 -0.220855688546725 -0.168492455135143 0.0644613501025419
0.469827910289534 -0.413241325247916 -0.26830892550376 0.375257152691057
0.165381373850326 -0.453076674859351 0.244106350252863 0.35905487651215
-0.00533168739801076 -0.340566601992962 0.317883874643847 -0.099783090779753
-0.0224677357082747 -0.306906517957374 0.0275276279165386 -0.314736345683401
-0.14654395704466 -0.325481187140503 -0.183739371765711 -0.194884006901852
-0.294430520371668 -0.266036447562637 -0.228159453075294 -0.0531497309386704
-0.300633383523645 -0.192862970899289 -0.193782521208489 -1.24826849521496E-05
-0.343581816448814 -0.194411757812683 -0.150021021401372 0.0273083209705214
-0.288943343804005 -0.276676630607824 -0.164592166175198 0.0839287769674783
-0.210659252266733 -0.303549101493573 -0.191363468179148 0.112271648901015
-0.177410475464342 -0.409785787046173 -0.222834740303947 0.0819675221794653
-0.0141147029930491 -0.539891956550733 -0.239366246499676 -0.000894494090741561
0.350487767068362 -0.529812987645125 -0.224951750671718 -0.119878865535434
0.640986919330567 -0.36010644204517 -0.271344030962075 -0.0363376431283407
0.497743864262106 -0.191822943792369 -0.294674731186296 0.11083270954944
0.311840570701714 -0.364443920743053 -0.234118456332008 0.394083550316327
0.0306675563417355 -0.303006903482938 0.221916699687199 0.248930616241445
-0.0425116114141378 -0.136085578260569 0.243663964826149 -0.132461483827953
0.0369803698480719 -0.154727746298558 -0.0133569958060034 -0.312468120838655
-0.0491202279610613 -0.232566804313226 -0.218235756598219 -0.235318968977619
-0.183695415752356 -0.224521644085782 -0.300652207887868 -0.126447878931755
-0.204063257313283 -0.18456440693427 -0.300374729145087 -0.0893941928769456
-0.239636281049966 -0.20156651454943 -0.259037810468645 -0.0585721940786729
-0.181338644027674 -0.253180331265811 -0.244524778835541 -0.00176512686947429
-0.11701394810265 -0.238610701281448 -0.238060356536502 0.0335015987445948
-0.137980215138919 -0.295773187387724 -0.255856057700248 0.0379217166669602
-0.0275471257459244 -0.461962460011221 -0.276304483716656 -0.0292408867339626
0.327413430992859 -0.484907161904282 -0.247360713396416 -0.0780287479176464
0.597962745245019 -0.300111243415461 -0.408768210211762 0.0704776517613754
0.322098138601269 -0.141547896619143 -0.346666383936533 0.145856879899878
0.13022570501852 -0.284196389250235 -0.167356726413084 0.377643800027315
-0.0765955762127055 -0.140212954403712 0.186421482593558 0.144638549705503
-0.0519667049909978 0.0346627921169813 0.17597023800527 -0.133115379291477
0.0859353498327231 -0.0285924368015217 -0.027056393066253 -0.279985863884157
0.0408487393442392 -0.135461045002381 -0.220314694679418 -0.250124739240411
-0.0563119741955932 -0.161208820356004 -0.333343298515725 -0.181957536685833
-0.0761393209513867 -0.147154690821164 -0.361087971373566 -0.166318464000058
-0.0884187956979027 -0.165691374331637 -0.317835044093599 -0.142360386102215
-0.0370864962940148 -0.164246197616337 -0.269651760640391 -0.0866358281012037
-0.0120619467791403 -0.103398078774409 -0.242092838027245 -0.032873582786743
-0.101081110198403 -0.117749196221986 -0.273794172488055 -0.00562512028595593
-0.0451259658051378 -0.305057322254988 -0.304621567741372 -0.0853760448441434
0.254710487685234 -0.349796165801783 -0.238125324003234 -0.0646962009409565
0.456243821444999 -0.177123510894662 -0.506321882070626 0.152926210117616
-0.157191179569304 0.0768254453564676 0.530701059747316 -0.313721130797359
-0.046341460822837 0.163008966941431 0.156954606714115 -0.0640796681233425
0.120871327446394 0.110981658529161 0.270043495466198 0.124681688010645
0.110804180051963 -0.0919199483973734 0.267739265820197 0.00719902879743546
-0.0538299402963864 -0.0882658696016964 0.19184592986725 0.0451473882805941
-0.0879222587343983 0.02285538085819 0.226334460525774 0.135153230088515
-0.0566866848805421 0.0722920423237479 0.294080900962734 0.179066939124352
-0.047769130379539 0.0724383995745735 0.339255276808249 0.202489091909563
-0.0624929174799984 0.0848895049530534 0.305449711351361 0.205486797686967
-0.0887857387625451 0.0450553428186275 0.184081018074454 0.23375410936085
-0.0983960758712424 -0.051476709435209 0.0323988284066146 0.251794585387173
0.0290057743787413 -0.143530141443342 -0.117265084003788 0.104579497220457
0.153044531778307 0.00830130797189318 -0.135435155084774 -0.0644476165406992
0.000376217427368486 0.12135423815357 0.0424754793195442 -0.224371072282979
-0.156430002038825 0.0738931384531654 0.259265495764329 -0.135193248236416
0.0839640195608583 -0.0717417573711904 0.500364651206869 -0.26067316959981
0.131595398889434 -0.0478601988124363 0.0760678694600856 0.00123912301586287
0.193250431341584 -0.116472160513148 0.271273727025932 0.244940987663096
0.120546603904598 -0.290531674038249 0.303138577118922 0.0313795610841898
-0.0925453651524359 -0.273720240591493 0.174202049708215 0.0204403926743078
-0.196597422803803 -0.136736753370923 0.170542210080401 0.140404117506166
-0.211664736531179 -0.0320710566189514 0.236397468379624 0.201838989737902
-0.175553978224039 0.00392866222418936 0.294454322488445 0.217830904845603
-0.177087078442509 0.0203013155134756 0.273873459842278 0.207605042606257
-0.157593729229498 -0.0403594916229491 0.152452250985246 0.229045218251332
-0.127052177380142 -0.121965965502767 0.0087798945524388 0.233509812884728
2.58443185217069E-05 -0.228967565444377 -0.110099531131535 0.0903284488548181
0.162690634509452 -0.128467152769168 -0.118655318359745 -0.0529228733023269
0.134668157944131 -0.00228210951894976 -0.000867038799954684 -0.226812838326681
0.0671708545028102 -0.0126044461986094 0.222994941405929 -0.188497217087522
0.325081242985962 -0.175908779773078 0.387550917032668 -0.17560501239838
0.33013211485195 -0.234058015416046 -0.035208583197493 0.0956001539246061
0.267503345415894 -0.333937934917145 0.263212996957958 0.353653931826591
0.123072945136874 -0.458702785947557 0.339130233673501 0.0326249462838102
-0.106609992759035 -0.418182332493271 0.151982345411771 -0.0544178838883876
-0.260568497080105 -0.278735505668643 0.0862723033576586 0.0874319277345987
-0.32442168719049 -0.138364620710628 0.135935655173665 0.179555084459216
-0.277699560875941 -0.0630701887445633 0.205872590841491 0.200464148104549
-0.278068383613634 -0.0410407420859666 0.21085538930348 0.189210390426788
-0.232385776436578 -0.118094174076798 0.110148591654145 0.215884324187983
-0.172103637077542 -0.190319481638546 -0.0168475227335303 0.222666378725667
-0.053949704522295 -0.312589015548367 -0.119685566236303 0.095089427076362
0.133962067292699 -0.275792776257064 -0.129130903901491 -0.0398365670693392
0.233060723469861 -0.160526943142969 -0.0553873614592714 -0.228243886444361
0.276551323102635 -0.129040461496073 0.142950311557429 -0.214836469711906
0.513024285402511 -0.228900809213417 0.211364087497249 -0.083762107780196
0.479761852872537 -0.360687678531712 -0.149692455488152 0.206772544004602
0.300750505091951 -0.488338504131125 0.256935336995769 0.419888499060932
0.0947198467594226 -0.544052235869003 0.363375655673195 0.004564143228996
-0.105016124425268 -0.479485741522437 0.119057840864475 -0.15828479680314
-0.272497174242518 -0.364639784399633 -0.0131517561157994 -0.00591839786232734
-0.377900511499578 -0.218136761890251 0.0101804249244075 0.11992119275524
-0.338674885873623 -0.122681116492392 0.0847692521924849 0.155746313855793
-0.351179846587713 -0.0970142372644162 0.113228908356414 0.151952617729686
-0.297987109093562 -0.1865269979276 0.0420782085227765 0.191363849716647
-0.22431471071572 -0.25309465058664 -0.0559926607772577 0.208639662696861
-0.124874375420265 -0.387074823704777 -0.142845649507725 0.106238481464322
0.0771975381502259 -0.415337755868489 -0.158734505583171 -0.0199945526096253
0.294969354144829 -0.331304193922589 -0.11756270124214 -0.211235448881082
0.450257816332736 -0.252326308889352 0.0248068607010054 -0.196796699913794
0.605651458230978 -0.239287885803157 0.0102601590165397 -0.00023493671582256
0.524398696591954 -0.417024132293642 -0.231668591183549 0.309162330115234
0.259019188713486 -0.523424893799713 0.255246860335332 0.417341453147491
0.0438476206379031 -0.496083548099889 0.354055975537195 -0.0503497124920839
-0.0795629147651467 -0.432471976318748 0.0699636834584948 -0.253661081188227
-0.231675922206015 -0.374368414548804 -0.110514073945765 -0.105822408481208
-0.362252546461418 -0.259586287856539 -0.118185825922034 0.0405943762937632
-0.345234633025348 -0.16529055525559 -0.0535035702752174 0.087062619289197
-0.377757144481478 -0.148121757650594 -0.0127756576199231 0.0985717016674224
-0.326196010024278 -0.24075895347208 -0.0537342999850977 0.150409190245366
-0.247871321116268 -0.296845682628048 -0.117519239112257 0.176444523208476
-0.176346724737141 -0.425573824771648 -0.178476545329986 0.106269755343439
0.0167299465986179 -0.511204746458261 -0.197110150792725 -0.00113245516993917
0.324641516281873 -0.467926463718451 -0.176737214004997 -0.16880167600188
0.569618948013797 -0.342058646488356 -0.117553275473704 -0.130809162050133
0.59019837771194 -0.225647461318868 -0.16825903297897 0.0643810895138616
0.449349514608223 -0.413095973231147 -0.254926517108131 0.374138980796122
0.152292100008101 -0.443617814885601 0.247181412881328 0.348890080175564
-0.00910043417928616 -0.33155088012399 0.305193309302854 -0.105203161936503
-0.0263076758117466 -0.304529146512367 0.016836750194706 -0.304167619320035
-0.151237624277119 -0.318616355645012 -0.181236559823519 -0.181337847209802
-0.292320442615789 -0.256027023628529 -0.225862588439261 -0.0414788023616373
-0.298636656898158 -0.184476643577853 -0.187020561160078 0.00441049898479442
-0.339950235053 -0.186135896931611 -0.144546427905835 0.0286473791677878
-0.287864791247853 -0.266622487962379 -0.158473630395485 0.0865169911433686
-0.210400971383909 -0.298877395347459 -0.186966445373757 0.117915996712187
-0.17677855706316 -0.396750014636099 -0.21846298545775 0.0836417865115942
-0.0192186790682506 -0.527633959774177 -0.236629135844356 0.000924432633521622
0.331995227595581 -0.523530437267483 -0.220244001367493 -0.115438357284619
0.615394775806295 -0.364048618856402 -0.264069609036832 -0.0308062142324941
0.481252387803891 -0.195623297140904 -0.290589797551382 0.110995656812497
0.294792316270912 -0.36336360473854 -0.219470487752153 0.392010342925152
0.0232601201381996 -0.294413672684327 0.222635916757399 0.24113354352202
-0.0409155423137853 -0.130974486369364 0.233414077653888 -0.134797863929206
0.0341489733368148 -0.15761759097176 -0.020975509454795 -0.301727620772887
-0.0544615061566376 -0.231335296882667 -0.21517841522559 -0.223492669382625
-0.184792853742313 -0.216917969102464 -0.297391641373248 -0.114802434087638
-0.204973750877501 -0.178115974513693 -0.29428525966378 -0.0816246614168669
-0.240881069414105 -0.194519405544366 -0.253929925248189 -0.0540730770258873
-0.183139228187151 -0.247180093960564 -0.238404308092226 0.00275084615111556
-0.117894714705627 -0.236562220964516 -0.233333863405007 0.0410898678354457
-0.136529501673825 -0.28528725358301 -0.249951801395916 0.040790720467044
-0.0328723260295267 -0.449980440265525 -0.272756758057259 -0.0251425799184039
0.310161737679732 -0.477826804783368 -0.242247528822176 -0.0740172149564369
0.574857951040398 -0.305876229657271 -0.396233035304915 0.0745088816688206
0.310789704019122 -0.145221366837846 -0.340302401312441 0.145191856026058
0.11871213191759 -0.280138642914115 -0.154229025595745 0.373548468385078
-0.0774924660847889 -0.134043837841178 0.185099031153566 0.139170308802598
-0.0468516095852577 0.0357747098408792 0.167346643737423 -0.133802875028907
0.0837620793986329 -0.0350389040592129 -0.0318067194773894 -0.272477706739559
0.0352112047210104 -0.138088797585355 -0.217367931734643 -0.240524437192857
-0.0601090725676382 -0.157970047636318 -0.330147138898003 -0.170818504539333
-0.0805474213422025 -0.144203684075491 -0.356444840166578 -0.156217648401249
-0.0917732795685024 -0.162150422991062 -0.312807557583102 -0.135875972496205
-0.0401223326561244 -0.162614284028797 -0.264123306370321 -0.0815990417093685
-0.0114187108339736 -0.104573668568811 -0.237220289860265 -0.0272098289704207
-0.0970102597312695 -0.1109639633554 -0.267387263963094 -0.00155367847925333
-0.0491032365066279 -0.295434273909113 -0.301738612771883 -0.0781943247577056
0.239647845298822 -0.345600656595137 -0.233738993923004 -0.0615541323209285
0.439430469656955 -0.184504394854499 -0.488317409620744 0.157577062280087
-0.131946552213714 0.106020218359351 0.464052608102811 -0.421748257827075
-0.0117680813024032 0.166147733198312 0.137214316235706 -0.0869307583129328
0.139511512069833 0.0772598399140976 0.294723813837164 0.0850337392805073
0.0850561906661869 -0.114199286389324 0.278389205053407 -0.0383393876476432
-0.0679797177696126 -0.0735898200819477 0.199203758521794 0.00344687812896228
-0.0753157765762477 0.0390274971119418 0.246010129890731 0.0908170859953529
-0.0333520705037734 0.0804046212254414 0.316616871211839 0.124405787938503
-0.0280474126416157 0.0778035830580514 0.371991925340631 0.136934382150124
-0.0376857003669147 0.0946984577216229 0.345207007901754 0.147295213733751
-0.0729474982732503 0.0631271882941809 0.232216633145489 0.198860151487039
-0.102497607321806 -0.0258980522034607 0.0850370269802203 0.245163085807811
-0.00498456071980522 -0.142595919415882 -0.0945454113207191 0.134242371097703
0.145980439812884 -0.0281220196930628 -0.151113116979372 -0.0274810386731292
0.0283003604984808 0.116279079091318 -0.00723084459727003 -0.241442324635827
-0.130781615805907 0.10554214152934 0.239611373880042 -0.190943224606841
0.0687920712715781 -0.0763579135240806 0.459547109793144 -0.35938835638843
0.117232342285413 -0.0695093031664572 0.0825141558620666 -0.00489261786855055
0.164752173119894 -0.151491473835242 0.338799365755375 0.198005530248986
0.0536503102936581 -0.305451099091607 0.332141355141032 -0.0270896746695517
-0.141285676707955 -0.245721138049551 0.183795957423484 -0.0274249201210636
-0.210253644743862 -0.0937809400930088 0.196742810104234 0.0966753035286069
-0.203179253421524 0.0136160382326471 0.269134959760115 0.145511913582874
-0.164204949510951 0.0343734624810233 0.333313404812645 0.159299518605037
-0.159439560137773 0.0529666661150615 0.316442949739308 0.156020604554887
-0.156589822183861 -0.00686115200192052 0.203611880979878 0.202429883971387
-0.14205497615944 -0.0895073420627189 0.0583943740894847 0.233009628201412
-0.0476279533632427 -0.217820357605903 -0.0892536545969495 0.118660210752048
0.129463991569493 -0.1585799334283 -0.126402685662594 -0.0180596303452859
0.133245746650096 -0.0305845525742037 -0.053377207931994 -0.224871399154157
0.0697916024682548 -0.0249740796520631 0.184516850504123 -0.226358377153102
0.276213597606185 -0.219739471652104 0.377375734841289 -0.244830890761447
0.270385313073198 -0.283650082098814 0.00250897605007265 0.115394920812611
0.190885224790467 -0.370415881778241 0.372454307249034 0.303587913427522
0.0227829963485383 -0.465341950315634 0.380900095879767 -0.0372135876777429
-0.184243110213606 -0.383954632283238 0.152899174279425 -0.104355696565019
-0.300534167125412 -0.218246704332539 0.107587543048717 0.0528183289555959
-0.333244804325552 -0.0640924800426596 0.172044252065378 0.133439497077821
-0.275736496333345 -0.0139718101575794 0.244201981203126 0.157374028916389
-0.268533030706483 0.0120461497168761 0.252015062640465 0.149853207163932
-0.243261579426278 -0.0692945575476303 0.161266571230586 0.197992505355672
-0.19679633517075 -0.148943942432216 0.0326416623239894 0.229429290259763
-0.113444073324361 -0.288688593846067 -0.0952203171692796 0.124026096584299
0.0749919518399527 -0.291477488800231 -0.129484417135031 -0.00391548037601973
0.196804457988065 -0.205587319620127 -0.108343094256423 -0.204878603657179
0.249917657414857 -0.181215107984035 0.0926177769789149 -0.224991268237588
0.442774565093236 -0.303045335706326 0.22615952113931 -0.111948272928108
0.389170883667077 -0.43437653453888 -0.0821796372802085 0.251830952975877
0.193323569141437 -0.520932821776793 0.389674668712712 0.366873834908706
-0.0212940286202448 -0.539643222389396 0.405493513235515 -0.0768683756584746
-0.194652484948649 -0.445272849914463 0.102741889153634 -0.204263803570436
-0.331400739703708 -0.299241320124832 -0.00500874052984922 -0.0238754581881994
-0.402992752698877 -0.130439495114741 0.0429704124939152 0.092445589427285
-0.346453188268614 -0.0599359325767077 0.116704992626008 0.135460920968975
-0.350397668463638 -0.0285670230820288 0.148701809934784 0.132070656138153
-0.320999210938548 -0.124518034232344 0.0909962581609224 0.186757490810116
-0.258279201538029 -0.201076136852462 -0.00855002921594838 0.223687113178064
-0.193862570840636 -0.349156770198257 -0.113869459447776 0.13878510379809
-0.00433161984573806 -0.413257323646279 -0.149156139689886 0.0197117755819095
0.220872989286723 -0.383461938208233 -0.1646206052213 -0.16501775127996
0.392421053336623 -0.335883935418043 -0.0262146689255988 -0.173708950594409
0.527011093975479 -0.331899992227996 0.0424852822031529 0.0144659215031301
0.418655333205237 -0.495196933713644 -0.141436936405007 0.371342230656756
0.145394630425783 -0.54522364782155 0.386783230943704 0.360423150969171
-0.0592748126407248 -0.481578225510949 0.380354539997753 -0.130452678295381
-0.162153669896394 -0.405125937579365 0.0347246234595764 -0.287051919784609
-0.296455733051164 -0.315998973328642 -0.117343970280364 -0.103517932336339
-0.399883707175802 -0.172298040426075 -0.0941163430598186 0.0364884912253861
-0.36232802239001 -0.0997882376571683 -0.0316977364596366 0.0945355118959531
-0.387388738895955 -0.0729494862294088 0.0130560111535758 0.103294668725424
-0.359393469142317 -0.172671605656666 -0.0125077444786221 0.164520783855799
-0.289363157026927 -0.240420547550554 -0.0757538614923027 0.203477785033856
-0.250069909818881 -0.37783118057745 -0.147807006822636 0.145069918043495
-0.079114602540091 -0.492746226735105 -0.179310534586847 0.0445092370111035
0.221630321572743 -0.522236080056161 -0.211943800232615 -0.101722601869826
0.48761106657008 -0.449527973419712 -0.157849850730215 -0.07254537657661
0.513854164373671 -0.317740192882119 -0.128107761700229 0.114510285036117
0.346741984436537 -0.477588872787616 -0.152934313751372 0.43684706049099
0.0583147188702774 -0.447185286282918 0.354373457670026 0.288750496067198
-0.0747449872757259 -0.316191216588576 0.30769405681759 -0.174275781243126
-0.0888516627714585 -0.293969839277232 -0.0297548483537767 -0.317723647612774
-0.209872376249958 -0.278883384783489 -0.201761997710572 -0.161817060701267
-0.334222240030882 -0.182854127852084 -0.213705890463058 -0.021138912352126
-0.322121730581198 -0.126676640091205 -0.179690148351097 0.0384724860123738
-0.361953956598998 -0.116791490820651 -0.133405463149612 0.0586030487998291
-0.329119466506069 -0.206244929973421 -0.130740320949177 0.121450371666862
-0.255398909918221 -0.250200082621386 -0.156713852600324 0.159466369116375
-0.243500482955043 -0.348742383322669 -0.192996783531396 0.129058433009311
-0.117664480434341 -0.500034063756756 -0.21742324736395 0.0532261647717419
0.214570996756823 -0.577162791681986 -0.244163130507974 -0.036020832117332
0.525352418498448 -0.481345598677631 -0.286738243948835 0.0577983249066959
0.414652151750423 -0.270943033656167 -0.248197651828184 0.182789568601044
0.209216985315213 -0.40022031173527 -0.120908618597534 0.441075110914023
-0.0331572721649294 -0.281507538387125 0.291828795864795 0.186396600352198
-0.0628300029809128 -0.119049076274075 0.21395860575631 -0.186302510476946
-0.00259677618441244 -0.164887347860024 -0.0693637211366816 -0.300638617924063
-0.101812692112303 -0.213819906496726 -0.244234656450976 -0.19141918917332
-0.225177388901316 -0.167915119888119 -0.298183529637037 -0.0732355212526841
-0.232753785703958 -0.136903160165651 -0.302916715707846 -0.025208381946954
-0.269462979197959 -0.144353111047638 -0.260473104978609 -0.00305300468203821
-0.225716131156614 -0.207789227599256 -0.230352679503486 0.0524252526094194
-0.156525476393097 -0.209388617740999 -0.21992538908022 0.0906721399999151
-0.182882416809237 -0.249797492962663 -0.235300101850544 0.0912756346419372
-0.116311469121293 -0.422507248109848 -0.262401830763446 0.0342663846958303
0.20318902223137 -0.527649601368347 -0.257925061853942 0.00631956457995494
0.494443019882864 -0.416668715486894 -0.397099647811957 0.183258121386983
0.264545998704813 -0.195026227803511 -0.302167535706952 0.221745621071642
0.0575528662372373 -0.287935214090521 -0.0664006276854465 0.40491684158846
-0.0969140378474314 -0.109974544350982 0.217367153634014 0.0932939602940991
-0.0329632079741754 0.0403658538419588 0.137173580644616 -0.167561809132758
0.0684027317202307 -0.056622542026482 -0.0772609324245224 -0.262153314288805
0.00120490242271626 -0.141157027735667 -0.251563504138476 -0.20185340104873
-0.0952147503702299 -0.137470048048585 -0.343337950567362 -0.114449137782967
-0.108142665370993 -0.12551978673364 -0.381250434984003 -0.0851406192441871
-0.123309658559206 -0.140587220366124 -0.339141102714878 -0.0746856356730915
-0.0729685303248268 -0.15334251017094 -0.277578809410298 -0.0296026351255481
-0.0315945625084235 -0.102348862864007 -0.240177100115791 0.0222799837242352
-0.112409535063556 -0.0903311349286471 -0.264151001598871 0.0512330463491522
-0.103054949675002 -0.27304430109064 -0.308258778895946 -0.0135701519273013
0.159151464909777 -0.385810083754114 -0.249014771492877 0.00942620574193883
0.382642423100418 -0.270485053255224 -0.470782752262453 0.272284788123628
-0.131117882728666 0.116408720778444 0.463345308186355 -0.430898016889201
-0.00768195994836738 0.172929610450037 0.138146731397897 -0.0858296130429266
0.144349545127838 0.0739863696242061 0.302800381657785 0.0817754345034203
0.0802322541184079 -0.11893317596321 0.281848714471155 -0.0436635508432278
-0.0721727887111144 -0.0717911531402586 0.201460514289271 0.00297425389820752
-0.0727336712734108 0.0440394058816536 0.252290798411177 0.0907157045640612
-0.029783062682218 0.0831659261951463 0.327042797727474 0.125752475576031
-0.0242056788954602 0.079918017609331 0.384795540227708 0.136719663914444
-0.0325393203388463 0.0970430581629237 0.353278405301608 0.148095436290218
-0.0708638149523612 0.066298011821761 0.239387282596654 0.20277682063614
-0.105033817831093 -0.0217874077212111 0.0915500725491284 0.248294108909616
-0.0108553910967769 -0.143422410023036 -0.0948933235570274 0.141929988549726
0.147192717349069 -0.0364181306560854 -0.153813638672378 -0.022412770772771
0.0309406101391719 0.118496220158446 -0.010221860207179 -0.246811220167788
-0.127821453371973 0.111978541030302 0.24324264877159 -0.194882007434443
0.0706341919272965 -0.0718169660229875 0.459686717930748 -0.368019962120281
0.120045485615358 -0.0683499157564065 0.0840956187362391 -0.000875457570092287
0.167132887788374 -0.158821874292093 0.352023655070161 0.196392315398802
0.0467736984057195 -0.313625570505171 0.336000981742538 -0.0330825532743247
-0.151315824465492 -0.248703095865582 0.183841659093091 -0.0262330484223327
-0.214127831812294 -0.0896605367873683 0.203369591169168 0.0987188255165389
-0.203544199289475 0.0168560198827492 0.280074700429136 0.150868781076373
-0.163305323800121 0.037125825143056 0.345430955672651 0.158304425219917
-0.157581054884331 0.056301971941203 0.325319066916602 0.156256511029238
-0.157519503655827 -0.00468011886856005 0.211402971764597 0.207804581581131
-0.146406622293605 -0.0882946460619318 0.064553871150921 0.239770626057584
-0.0543537063631577 -0.219786532173769 -0.0906125177510931 0.125297243297318
0.128012440932968 -0.168204783413245 -0.130427684571581 -0.0150920648698445
0.134525088601334 -0.0334374776084187 -0.0561799477769459 -0.229430340240311
0.072693078007626 -0.0250551534318209 0.186347382989467 -0.230655475979996
0.279242481960251 -0.221115678331046 0.37601087737627 -0.253114551422146
0.272102872828329 -0.289643405450686 0.00491755841859685 0.123087680161936
0.190926267378065 -0.382805743033429 0.388160147164638 0.302410410161242
0.0118767882481516 -0.476705897912899 0.385993250001662 -0.044953622266536
-0.196498632731624 -0.391909944617446 0.151495366639245 -0.102530360360228
-0.310033373941486 -0.217262924992838 0.113260362142265 0.0563716716259707
-0.338343123568193 -0.0599178776853643 0.182036927956816 0.141372028593264
-0.278846282322095 -0.00980298046211016 0.255295985637654 0.158450810716367
-0.270583337315506 0.0166067432114368 0.259603769866138 0.149643274106157
-0.247992584780558 -0.0673749952704309 0.168684775455879 0.203525472434928
-0.203562313498528 -0.148942065948283 0.0379408986195697 0.238142207654933
-0.122060955285066 -0.290960077749234 -0.0969147724900543 0.131035766367826
0.0710567446534268 -0.301796627236747 -0.133522944557313 -0.00194086621144456
0.196332903465639 -0.211923368091073 -0.110619948455084 -0.20877355425587
0.25143879271629 -0.187940294319363 0.0919140326120871 -0.228633633278315
0.446957936191499 -0.30917263744831 0.224191232864537 -0.116518250584625
0.389210665997008 -0.444693287942432 -0.0792529393131591 0.262952180030596
0.189817714726992 -0.5350020612214 0.408961281895189 0.368375671107495
-0.0308415196894513 -0.551655238860268 0.409589337518264 -0.0860650597567203
-0.208487762744139 -0.45377639493034 0.0984011645507103 -0.203064311661815
-0.342939100219739 -0.299436697190619 -0.00226236301131182 -0.0194497451774569
-0.410926345819729 -0.126336073066524 0.0492530959387353 0.102124387470997
-0.351479067799756 -0.0569456935312622 0.125354600836476 0.137061311924526
-0.355857940366046 -0.0243180051560982 0.154311937731877 0.132196025175386
-0.328747281927271 -0.122703447554531 0.0974123366870436 0.192772022396087
-0.267582792678587 -0.203659112317432 -0.00299922544622222 0.234631731675755
-0.203679489363187 -0.351862145128115 -0.116297439141665 0.145736103527892
-0.0113627082390983 -0.423611398905033 -0.15474896561374 0.0219016062147585
0.218150057459594 -0.393431319898407 -0.167444920720369 -0.167164420649367
0.3934513052441 -0.349688737762796 -0.0283512944213861 -0.175197950879719
0.530256097051401 -0.342437747904255 0.0390845791237347 0.0159407176296183
0.416506198307665 -0.510324985428188 -0.1366915042968 0.383884754930799
0.137896188665235 -0.557183653204861 0.406535039212312 0.36216734883115
-0.0685783051954435 -0.490458670696788 0.383796252617561 -0.140004203939817
-0.173911208385628 -0.416365236633012 0.0290824401285607 -0.286636999826633
-0.309127917864704 -0.319063853780026 -0.117844595996174 -0.0998118507849246
-0.409434108647967 -0.170766582990188 -0.0919703837735018 0.0474055158139934
-0.371581414611802 -0.0969668539121995 -0.02761712917788 0.0965081048873047
-0.395817117143158 -0.0683970512185524 0.0157923979121133 0.104437935185394
-0.370371609125208 -0.171208439776931 -0.00810383382908585 0.170890330047229
-0.299935796976912 -0.244008790682092 -0.0719988226007095 0.215221636108609
-0.259130580089701 -0.381117061381322 -0.150891906707295 0.151587879938164
-0.0885262142234432 -0.501971201637807 -0.185211251448993 0.0468047152487876
0.217050678510142 -0.534013987580655 -0.215671141458677 -0.103948474867558
0.486893809465448 -0.464617012557844 -0.160402612289317 -0.0706031138500249
0.516585340791755 -0.329269709245986 -0.133294464200438 0.119623828029862
0.343264146543226 -0.490391634880036 -0.14739108309485 0.451419263356844
0.0520752692897214 -0.455298220336846 0.370584937306291 0.289641377256992
-0.0808314758635569 -0.320700264961889 0.308177453157065 -0.182271150987041
-0.0971610673062462 -0.303260739967242 -0.0362744772635223 -0.319500256763423
-0.221552680596457 -0.283436297832962 -0.204951034638398 -0.158343779884748
-0.343903762052005 -0.182037104070396 -0.214375325160015 -0.0111870801891846
-0.332649853809912 -0.125643307928599 -0.179865306099418 0.0425772492936135
-0.371073357886754 -0.113736385027206 -0.134558981191928 0.0611577758943463
-0.341091934664848 -0.207643586120745 -0.130304077053928 0.127546683860564
-0.265601643900317 -0.256178438611567 -0.15578916499297 0.170149679099392
-0.251653361980903 -0.351183754708685 -0.196157326006612 0.13453126667158
-0.12638311688716 -0.507767775764382 -0.223959659636509 0.0569797672901046
0.209782706906493 -0.589469230881079 -0.247974325389506 -0.0365968084105954
0.522678477190996 -0.499366882957502 -0.288792089623908 0.0629090990329893
0.417088310513888 -0.283444046620522 -0.254701682963961 0.190206958374889
0.201966880646593 -0.410553775323373 -0.112800821211408 0.453573529970759
-0.0390521055418318 -0.285145521008342 0.303920632651777 0.184952352293964
-0.0640958589627444 -0.119282628419042 0.213558580364563 -0.192188884705622
-0.0074911953257137 -0.172412916770634 -0.0758202224921969 -0.302346598146785
-0.110879798049147 -0.220202846764746 -0.249162943374024 -0.189931647966342
-0.234077520103285 -0.168747582695099 -0.302559807314138 -0.0641669707996622
-0.242413056987981 -0.13666120541658 -0.307946017698825 -0.0201237862456482
-0.280079917458608 -0.143355441117953 -0.266827907985749 -0.000479030624023132
-0.235780903898215 -0.210973801805034 -0.233336536904548 0.0568747793804147
-0.163366360596294 -0.215409335942206 -0.222034880136764 0.0998333717493578
-0.186051622847246 -0.25159589516376 -0.239363465610644 0.0957910538054564
-0.122831337413902 -0.427913337058729 -0.270243955298154 0.0387200334264979
0.196857169815212 -0.540541810882801 -0.262901519336008 0.00828614493631586
0.49262997349192 -0.432989106639226 -0.399227027611194 0.192016871345049
0.264273610553032 -0.203273099438966 -0.309237797886018 0.230820107440603
0.0489734817664955 -0.294193046894052 -0.0578789835665916 0.413558420901757
-0.100230606747949 -0.109437338107955 0.224931931109658 0.092771429755203
-0.030398229656634 0.0416826514583654 0.135894295662756 -0.17245182063788
0.066737555151518 -0.062373093196961 -0.0822550748116828 -0.265596674901101
-0.00496288004379639 -0.147994809839939 -0.257629560947917 -0.202498717771708
-0.101392414269447 -0.139065865478137 -0.351119458657649 -0.10964693207005
-0.115381030011099 -0.126962407418896 -0.390616924560763 -0.0804521983872007
-0.131396186113466 -0.142560330934778 -0.34898860454718 -0.0729580818032983
-0.0791429304222332 -0.158114098741794 -0.283817796788218 -0.0277659545798473
-0.0333007720776608 -0.108124239980112 -0.242669005808322 0.0279062419571076
-0.111671227963413 -0.0891409969656447 -0.267889594056419 0.0551600302961056
-0.108934786061865 -0.275208195124169 -0.317372129045867 -0.00806697707863877
0.154128310775817 -0.39439697437385 -0.254145504460116 0.0102156092916333
0.382111464389037 -0.284318452240173 -0.471788538472245 0.28259433848178
-0.125524986639891 0.130792624133273 0.453116195133133 -0.45513574967594
0.00293429486941498 0.180245981772103 0.13751230425782 -0.0888269376516698
0.15164895587592 0.0663061306960295 0.315403982293752 0.0691347559506269
0.0732458159440328 -0.125731812238343 0.285284498361855 -0.0594152230580011
-0.0786712020334292 -0.0676532443530695 0.204459854796177 -0.0028860092799156
-0.0687639411134183 0.0502199654947191 0.261668332633611 0.0837113780613921
-0.0234922773714842 0.0867144896257908 0.342568917953221 0.117222402518945
-0.0182270446895165 0.0822613301724263 0.402281225399955 0.124463440813588
-0.0243073143494562 0.100196413908242 0.368331365305484 0.138878807004298
-0.0666544709104303 0.0717544136447948 0.253716013452432 0.200410397162513
-0.10832828115738 -0.014632376118544 0.104922030445413 0.250186680370812
-0.0208697779117001 -0.145329873853957 -0.0904104877197928 0.15236033341541
0.147538465770273 -0.0485509398853639 -0.157044937320036 -0.0141490916377899
0.0373537877111611 0.120579777881953 -0.0213274834275673 -0.25452679038507
-0.122441351322209 0.122348173671347 0.242703484217893 -0.207381001137645
0.0723381589782641 -0.069909863140438 0.450573792148242 -0.390746764979342
0.123642677310817 -0.0719117941190844 0.0861919825886638 0.00127950574395715
0.164157768600139 -0.172282182369937 0.372947693008185 0.183884479897765
0.0296888241313102 -0.323842829774127 0.339906483905817 -0.0500247407121274
-0.169452343778125 -0.247499815018364 0.185518118870578 -0.0302888459977621
-0.221360139542277 -0.0805059024197722 0.214138853343303 0.0938358898498311
-0.204257640779968 0.0265248219255516 0.297240372805805 0.147077355795397
-0.16331911649347 0.0442366647074408 0.364978332372435 0.149276801918709
-0.154785826613357 0.0644008521178895 0.340366690305693 0.147794624656903
-0.159559755108635 0.00242722987870001 0.226474235313991 0.207416206045726
-0.154110354006214 -0.0823244555849606 0.0785085587579903 0.245676580302052
-0.0679029357632222 -0.220488824501961 -0.0876170158844058 0.135518007365325
0.122182158286615 -0.18104441683191 -0.134015055323248 -0.00880613525512113
0.135711419899815 -0.039310191067698 -0.0662627379516687 -0.234287587833337
0.073662278147152 -0.0269592331853418 0.181219823681453 -0.240791023859381
0.278785222414636 -0.230172650485008 0.370753806411534 -0.272214469452611
0.267297820487239 -0.304440755571563 0.0109527566191941 0.131628605339066
0.178461035749837 -0.40084864043064 0.4179936914004 0.291538659934872
-0.0114039796282164 -0.488868021215293 0.390986439576159 -0.0649272748256554
-0.222991530650703 -0.39308063674432 0.147480480131007 -0.105726093490417
-0.326366197441285 -0.206418264345891 0.121113445464702 0.0554508858161085
-0.346190197462589 -0.0467300725423671 0.197283208293677 0.142580771082633
-0.284388302896821 0.000480538116371731 0.272153481738671 0.152449706482997
-0.272384459701618 0.0283618408648802 0.273912092526986 0.142428947468016
-0.255575620768568 -0.0590199290618442 0.183582476647205 0.205087082796508
-0.216244875934867 -0.144074293720971 0.0526543464228345 0.247062255900645
-0.139140327696174 -0.290547439328865 -0.094376600997584 0.141170026047351
0.0579475752458777 -0.314139801335842 -0.138454905338235 0.00381174110090408
0.190273130604038 -0.22429707076476 -0.121289849705987 -0.211231112461302
0.24751300454424 -0.202472223221787 0.0848536520528542 -0.235119196229696
0.444037750804612 -0.330979527491395 0.220183742644968 -0.125688071155423
0.379083334183848 -0.468242332776957 -0.0682212492840276 0.277645925447542
0.168726492765179 -0.554753103985235 0.441837894918057 0.355702132384176
-0.0583951296489634 -0.561116258148846 0.41156671561187 -0.106591889703302
-0.236460369113372 -0.45831778244997 0.089831752313689 -0.205872483202968
-0.366940676211558 -0.291482256608282 0.00107085859721263 -0.0162754429901229
-0.424991593182856 -0.112115158975725 0.0609400050313075 0.10992362880123
-0.361949939939706 -0.0439718845153252 0.13812802050157 0.135325011794613
-0.363749736640203 -0.00916043688243498 0.165320565509486 0.128235122276996
-0.343137607218628 -0.11215871498727 0.110406955765187 0.197093200836441
-0.284733112325718 -0.198881653407095 0.0111551399096369 0.24573257943297
-0.223630405660702 -0.349597309963536 -0.113836549212387 0.156199603439085
-0.029878951862736 -0.435608059681925 -0.160231753658811 0.0288366463098044
0.205215387607663 -0.411494725715572 -0.17745890143558 -0.167381835475748
0.384076180262942 -0.375073404814736 -0.0355339691781567 -0.176026459370474
0.527578523909015 -0.36991369167962 0.0364717729213417 0.0162009913742089
0.402299483514564 -0.537089187716014 -0.120507121971319 0.403439446034628
0.115072750134136 -0.575226019912166 0.439911700408431 0.350946399293866
-0.0927376110691601 -0.497861319615395 0.383258542846279 -0.160609569776946
-0.199046133053118 -0.420639253164875 0.0155806685860049 -0.288956904584175
-0.332509898488883 -0.313123241803496 -0.120943915748451 -0.093380436627637
-0.427478623299967 -0.157013028684222 -0.085260064256418 0.0600321271871237
-0.385211924226396 -0.0843454103699634 -0.0201328988896185 0.10130309614279
-0.408101778900798 -0.0518766956788122 0.0219215128578704 0.105069203647244
-0.387582554276987 -0.160635069307721 0.00126892811554955 0.178626087548846
-0.321028776514459 -0.239967522059692 -0.0600950722074498 0.229514185267499
-0.280682603217682 -0.376193939273778 -0.149030941202097 0.162650718120974
-0.110475399255442 -0.511349900892745 -0.190293476349237 0.0554413723699458
0.197743200618955 -0.554381462016732 -0.223542224514465 -0.100188194817529
0.471663711682387 -0.498319568573436 -0.165855699537527 -0.0638854754661067
0.513756719846978 -0.357337161867843 -0.134655912042265 0.129621596408263
0.325087599680354 -0.516456124173239 -0.127014957362062 0.470316297109997
0.0300462514241992 -0.466168759292527 0.39832907343168 0.278837338590033
-0.0967435743254198 -0.322075191360104 0.305596686979318 -0.200528899047813
-0.11557946819362 -0.309383018544686 -0.0512715075258688 -0.32019166813232
-0.242688667019791 -0.282542230527113 -0.212774332498807 -0.150775944076092
-0.360903813527624 -0.171647674867929 -0.214113110717923 0.00452562046478528
-0.347268909427706 -0.114660096108514 -0.179675919120248 0.0529468256014723
-0.387964829503279 -0.0997473242746753 -0.134978677340033 0.0677342728663593
-0.360456115061226 -0.199975027143116 -0.126313237781849 0.138429297582889
-0.286056398314139 -0.254458990286201 -0.148356705821003 0.186838497309552
-0.270031103648343 -0.348837663029968 -0.196324062064431 0.146563424232429
-0.150583363202926 -0.514569024124324 -0.229992623431899 0.067188096474486
0.187415196889565 -0.611416247898574 -0.253954593397788 -0.0298076153015927
0.507246388309009 -0.535424599094482 -0.290651632293011 0.0772699226197782
0.413547306400055 -0.306267368195646 -0.255953107771351 0.207360081328291
0.182837285277675 -0.427687089273819 -0.0912494030637156 0.469792771673625
-0.0543280299359611 -0.287637696866593 0.323807388644896 0.175814886601965
-0.0688988521212314 -0.118319691110972 0.208384140882042 -0.205432490511908
-0.0172339560462917 -0.179630985296777 -0.0907184983792397 -0.303091506501855
-0.128528200387998 -0.22357432542104 -0.260594907794981 -0.181079599910402
-0.248672200154175 -0.16376228619426 -0.308337736206274 -0.0491654746189003
-0.257058543398152 -0.13030833631013 -0.315136119811722 -0.00574177262542344
-0.29657312895913 -0.134629139620769 -0.273379869301813 0.0106606565341026
-0.253611702099363 -0.207851176373015 -0.235861919933581 0.0688991708677899
-0.178518786484954 -0.21790838901117 -0.219721066102568 0.115591968735763
-0.197217053508474 -0.248608559759509 -0.241045417701479 0.107587339069125
-0.144531392668479 -0.43104095777036 -0.277556814148522 0.0522198128286095
0.175389707532761 -0.560170085998254 -0.267898850114033 0.0164531671944726
0.479868741181715 -0.46493657055004 -0.396880438204623 0.211866594680575
0.259183181523435 -0.219983450872242 -0.309074988759859 0.249667900709563
0.0307013992815136 -0.301539291048899 -0.0363426308180544 0.425746643703998
-0.107146361144897 -0.105941054961347 0.237114570821551 0.0847823232431174
-0.0256794009314566 0.0442439200443154 0.130626033106965 -0.181317973926415
0.063548141053374 -0.0697276800469269 -0.0951639796063959 -0.267988401176307
-0.0170391143761323 -0.154725002837115 -0.270441454567963 -0.196317430459095
-0.11178327835645 -0.139130651691428 -0.362648748653053 -0.0946668288879501
-0.127315843379469 -0.125746534554792 -0.403142547978903 -0.063271877192775
-0.144934614828942 -0.140418899012733 -0.363230765801958 -0.060028113962621
-0.0904523019416981 -0.161033287435652 -0.292264553318485 -0.0183505605740858
-0.0399911837857769 -0.113476780213541 -0.24453658922968 0.0403816331827107
-0.112938340628109 -0.0853308176312016 -0.271905539287027 0.0670505081496262
-0.123424894090054 -0.274971237603484 -0.327853646849199 0.00786041902035367
0.137409432591431 -0.409180116614721 -0.260149243092317 0.0183347691464585
0.373844108037054 -0.309174795236646 -0.468080192274086 0.308522565232839
-0.111380747051988 0.143244534155486 0.419366529230336 -0.478456282198811
0.0188281635768716 0.181961333287143 0.131534282687348 -0.0915122063794534
0.156452225269732 0.0539873319122297 0.319837349337176 0.0471979805361383
0.0603817345617251 -0.130027293114549 0.278037359779757 -0.078375314398528
-0.0850264767939276 -0.0593388031221793 0.202697832711926 -0.0136025417155865
-0.0617319192969889 0.0558154970673982 0.266294852159966 0.0674194077971224
-0.0148973320670231 0.0870468559852482 0.352838893869893 0.0963012872136838
-0.0100567324887999 0.0821975917440437 0.414029743035702 0.0997875996873969
-0.0135444989698843 0.100478694244045 0.377080599606523 0.116810127086959
-0.0584795099542621 0.0768478089929882 0.267969383924621 0.186197247681386
-0.108151714456117 -0.00440455755754746 0.122078065561689 0.242686655153696
-0.0335308837026793 -0.141023620187398 -0.0790830835322789 0.16084897776338
0.140932547307971 -0.0629581440201443 -0.156560574657588 -0.00210573753251088
0.0453758574018174 0.118128144979144 -0.0383039958872251 -0.253049494204969
-0.109821385733232 0.133508255969306 0.230921080493817 -0.219227534148309
0.0725517283316496 -0.0680103784384231 0.421141556794004 -0.414232393749853
0.121660296827441 -0.0764260257089505 0.0867032569257297 0.00186104084616816
0.153099567300446 -0.184786896327802 0.388130392567869 0.156141304781938
0.00450011258089031 -0.325561537841655 0.332680469019739 -0.0738618687599608
-0.188149175716014 -0.234785617522873 0.181427382401287 -0.0378907936083669
-0.224000730915894 -0.0638328031604184 0.221115751894462 0.0812901352760587
-0.199386638925428 0.0392603980437919 0.311284410257694 0.13033027459626
-0.158541425005149 0.0535669820969705 0.377832785598206 0.126308746837184
-0.146840050891472 0.0726785936091418 0.350345239533578 0.126651893613392
-0.156519826293898 0.0127560267256325 0.241963196092134 0.194741316580375
-0.159444732427511 -0.0699874026625379 0.0964781371315443 0.241866205369651
-0.0846071311803098 -0.213220754680681 -0.0786288257241028 0.143124231394728
0.107307628983785 -0.192620299174125 -0.135429710018359 0.000861426380005798
0.131219755762169 -0.0467581428218301 -0.0812318008242146 -0.230962509211639
0.0731188864813175 -0.0297546848731734 0.167538334173238 -0.249203705057842
0.266072573255685 -0.241550840314881 0.348988927741783 -0.290535297488812
0.249662044120336 -0.317402807958317 0.0211289223320564 0.135424656124884
0.152930536959079 -0.410626377907982 0.440270073504228 0.258509919467389
-0.0454083759353378 -0.487173377494759 0.381779182652692 -0.0918089967097393
-0.252128788767751 -0.378469550801958 0.138737980245499 -0.110511010996415
-0.338186857304052 -0.183618096358813 0.127690845286894 0.0490842795767996
-0.346476503170131 -0.0244319878820001 0.211933575090428 0.134695686455604
-0.282344986167008 0.0180229113553493 0.286186231437781 0.135575858784825
-0.267831668972933 0.0453064821610556 0.28299531387588 0.125241695410047
-0.258246272984206 -0.042228390181098 0.200118056911067 0.19669774917156
-0.225759934537118 -0.129314660386232 0.0716098768452631 0.247228527257923
-0.159314336624284 -0.277945919706295 -0.0859415377513119 0.148772516562401
0.035334015727455 -0.320213206956636 -0.138943463502915 0.0127492369727777
0.173293220389253 -0.233895767727758 -0.133610918624415 -0.205349674200412
0.231540811888991 -0.215530700758043 0.0718039022130403 -0.237677638632874
0.423877602727274 -0.353490176094911 0.209347464169292 -0.136841381235907
0.348285489556262 -0.487812297898703 -0.0472196676495225 0.286269871468682
0.13065570965858 -0.562548518759159 0.47181804029267 0.322944346563518
-0.0948265266270958 -0.55471080702049 0.402215256308048 -0.134557616458785
-0.269273450380603 -0.44454559877602 0.0751381515578041 -0.205444989014104
-0.386229743198314 -0.266628842606903 0.00370740883385523 -0.013715637213435
-0.430310966375355 -0.0843642794321768 0.07540309234133 0.111197145556612
-0.364366892017009 -0.021499587817814 0.151897387683682 0.126897722236972
-0.361763101154648 0.0145186359676071 0.17370101199279 0.117453553035638
-0.34963307457275 -0.0907687198421961 0.126449916493462 0.193576002270883
-0.298663955039884 -0.181018974590665 0.0310790537611997 0.248935841657726
-0.246550258300426 -0.333113758240167 -0.105049825394459 0.164866393139445
-0.0602105329830743 -0.433853353626977 -0.160272590081672 0.0388408686662425
0.175496803567475 -0.419836907351206 -0.186627541061389 -0.158710498703243
0.355338414085042 -0.397007362127602 -0.0451077994057134 -0.171215831184826
0.502445194876764 -0.400040593976846 0.034482333264042 0.0162451339906528
0.36371978603046 -0.557847529781833 -0.090866091233039 0.413875006740013
0.075907040155785 -0.576668712872896 0.467275709784255 0.316811803548863
-0.126125245234225 -0.488156886652147 0.369349733254081 -0.186109957543022
-0.228692354421459 -0.408998081270798 -0.00340829708860038 -0.282959058758455
-0.356469652489842 -0.290331718665001 -0.12221152787407 -0.0828557184702074
-0.435028634009074 -0.128711271303545 -0.0737757192804005 0.0705204956434241
-0.389657031790127 -0.0594499344927882 -0.00922967091404626 0.102657788649027
-0.409813027710192 -0.0260601169867127 0.0291139295093409 0.103193230456627
-0.398229025313019 -0.136669682943149 0.0151668182385313 0.181018484979614
-0.337023538614317 -0.221179866207589 -0.0405269691917677 0.237782725397815
-0.302669478206052 -0.356575268980073 -0.140430995348871 0.172480226345383
-0.144776996005474 -0.503452735245865 -0.189220894121169 0.0672670228415433
0.160683603796028 -0.562223002910427 -0.228358616826012 -0.0891402416884599
0.433370517734362 -0.525396003931377 -0.167661679967984 -0.0525891689526971
0.48676707679028 -0.38753241199319 -0.128526941580507 0.139701913194293
0.284643675105538 -0.53156615775082 -0.0916374244574767 0.479089851311461
-0.00243079237623956 -0.463231810042396 0.420548356352341 0.248126958169307
-0.116024172384242 -0.313218299562516 0.290353120761846 -0.22027617698375
-0.137696595490582 -0.303076666234471 -0.0728332874133022 -0.31210337326366
-0.265697941125449 -0.266713256348413 -0.217957163399324 -0.134175337564276
-0.371886295229248 -0.149070146659668 -0.20594850829453 0.0222740259482967
-0.356082855062692 -0.0931924439115491 -0.171938145303511 0.0647045086628491
-0.394322563966907 -0.0745626549917413 -0.130410269220588 0.075862113915194
-0.375936299835802 -0.177825837277712 -0.115436481192861 0.148445952603405
-0.304317775201892 -0.238801194105973 -0.131104914856474 0.199774375040819
-0.289132869681339 -0.330552243782493 -0.188635932043626 0.158494481468013
-0.183327537185842 -0.50281739038575 -0.228048976532889 0.0823035779348668
0.146492100497561 -0.61813266044443 -0.255068705665273 -0.0174172766956915
0.465443243591696 -0.566012093007019 -0.28236943912201 0.0952989755630507
0.38949371229239 -0.331586105922318 -0.243775419972449 0.224178458646489
0.148044711402828 -0.435728423303453 -0.055993934343894 0.473786481190034
-0.0747937205728717 -0.280080429688439 0.337993885814441 0.151506110539057
-0.0737318443044194 -0.111411725875473 0.19345909011439 -0.218815582346327
-0.031156477481919 -0.180607434487313 -0.110284468428925 -0.294491978508755
-0.148228755295618 -0.216391014327853 -0.268800598217719 -0.163294427414044
-0.260434295984487 -0.147623810764084 -0.305470385484667 -0.0258837870660114
-0.267699352544905 -0.114009978408966 -0.312660745096123 0.0163443061779725
-0.307109391275519 -0.114046853790415 -0.273416339358042 0.0278972744671537
-0.270329513628813 -0.193224550782199 -0.230592004788443 0.0843969930361796
-0.194152754366158 -0.209639176311111 -0.207854195780445 0.131921716018308
-0.208258887026303 -0.234946393705793 -0.235066530465005 0.121490343089856
-0.170799194602453 -0.418944609377249 -0.27519460238603 0.0707133788415952
0.136974282214044 -0.56726449610745 -0.266813791229234 0.0303604134054014
0.442767630534006 -0.497250441824385 -0.379316536891932 0.23577544592326
0.242119055133274 -0.236399542592477 -0.294752700680035 0.2691073336349
0.0057166200994707 -0.300310876871164 -0.00369750744943473 0.425399793299484
-0.114512023177602 -0.0967838063702261 0.245035046680915 0.0679380448632615
-0.0196785806741671 0.046145460229837 0.118056401675859 -0.188918215576915
0.0572057183519974 -0.0766772667627137 -0.11355820427992 -0.261476028288528
-0.0328324258865196 -0.155451466697672 -0.282401498901191 -0.177695196031926
-0.123718975097656 -0.13162796746805 -0.365267070946725 -0.0697252043936223
-0.138576993665377 -0.117050455663118 -0.406701776394062 -0.035530130569386
-0.158280562601915 -0.130658106644051 -0.367994680344876 -0.0367936173376596
-0.103829733919835 -0.157518604146037 -0.293861124027439 -6.91128711567741E-05
-0.0477730107473065 -0.114327346384863 -0.238951987410958 0.0566232745994157
-0.113112413982341 -0.0774667024611256 -0.267632534649981 0.0830946684887879
-0.140457179603055 -0.263754359445709 -0.328461261211484 0.0317152054663256
0.107732519040104 -0.415501996006529 -0.259693585690754 0.0314994984916933
0.348149405373739 -0.335232841173047 -0.443708106667235 0.335033904162921
-0.0940390489906362 0.146581749208805 0.374680069981441 -0.47634279120702
0.0329962614629502 0.17492134744206 0.122105554274598 -0.0897657441394142
0.154334054668201 0.0399551143333002 0.312588680140823 0.0262387960999003
0.046520529413911 -0.12773177675978 0.26147917281842 -0.0921660040672358
-0.0869549689464441 -0.0493086528646771 0.192924868184821 -0.0221807490316906
-0.0535746962283772 0.0578991562849756 0.259691428464982 0.0521227673863804
-0.00653863515193961 0.08383939472676 0.346814570797778 0.0748092486993612
-0.00279336786547203 0.0786074256061609 0.407477833267635 0.0738573637280901
-0.00441676288386389 0.0958418724351907 0.370536042911781 0.0934187454851351
-0.0489352366085347 0.0768388625114571 0.268847132342402 0.166347095379672
-0.103321875735707 0.00552676875871465 0.131947338727511 0.226282684790035
-0.0430285766334889 -0.131252196184665 -0.0655592987946511 0.160630160210791
0.129025376610055 -0.0720829453330184 -0.149534404867544 0.00728502253961391
0.0509569859868609 0.112153495777393 -0.0518563476907879 -0.242321747294186
-0.0942241721678226 0.136235467874828 0.213398081179815 -0.220678142968265
0.0712743060339248 -0.0656742791125949 0.379869264657562 -0.415951735917004
0.117175720526318 -0.0781538486376472 0.0854214460370987 0.00221976434925634
0.137419162798463 -0.187313083002641 0.383558926517616 0.124826979420038
-0.0158644813588523 -0.312665570081287 0.313513793602997 -0.0905701693713237
-0.197397891066326 -0.212945670586823 0.170656616644795 -0.0433801065231076
-0.217104771946417 -0.0485754444496245 0.218690512982787 0.0670890418844405
-0.187039930319093 0.0473174266770147 0.311359120224467 0.1105584518869
-0.147384477430299 0.0590553006405279 0.37505666243582 0.101192463928257
-0.133536682277876 0.0768500784281603 0.344915647204734 0.103997132663123
-0.148166910640789 0.021174658043351 0.246446309192185 0.177567534756983
-0.156794090540324 -0.0565441805076204 0.108478478203888 0.228915545230199
-0.0948162559891205 -0.197223937995853 -0.0669086237066674 0.143994859724425
0.089446999310313 -0.193511296809965 -0.130416681482039 0.00833987462050554
0.123359477324667 -0.04964936244042 -0.0905569465396038 -0.219125990775556
0.0700429752800461 -0.0295653059087805 0.150327454202115 -0.245557538128582
0.247213142462928 -0.241984698489761 0.317708529693453 -0.293723945997734
0.224515593195481 -0.315495559295417 0.0296072980530975 0.134895443772071
0.124316596257299 -0.403279770653535 0.441366415292956 0.22076636721981
-0.0732076730571934 -0.464515256334681 0.359325032130726 -0.110912654263306
-0.266760921270041 -0.348708423172987 0.126872754506667 -0.108993712170996
-0.335527373976879 -0.157505273293596 0.127154229773074 0.0419959757347855
-0.332588580922696 -0.00600237635189511 0.217969597714677 0.121752803242394
-0.268985154990365 0.0316550725939518 0.28714556352876 0.114517879537161
-0.251995928690687 0.056846019158037 0.280376223523351 0.106266948712306
-0.249896252560263 -0.026514476557938 0.206448419023145 0.181743411751209
-0.224296683320697 -0.110699355105889 0.0862032585528599 0.235804206176438
-0.168691631403729 -0.255631057414813 -0.0747766527659339 0.149587269591278
0.0142096060572034 -0.310808019628137 -0.13511148815324 0.020596962813303
0.153253754545687 -0.232005053505201 -0.1392515962746 -0.191918622920513
0.210089451274835 -0.217559655281175 0.0584604378396862 -0.228965551981374
0.391209829939257 -0.358277211205192 0.190995796180019 -0.139102917113748
0.30874902968223 -0.484273084240406 -0.0281794283453863 0.281887867559821
0.0950803142860889 -0.544598845257425 0.476317550436157 0.279140907172437
-0.124550191884376 -0.525558106853234 0.37474581664362 -0.152946808886802
-0.285804127670968 -0.411335496899015 0.0599924673293114 -0.196645108863063
-0.386666637938785 -0.232083129804571 0.00607547483731831 -0.0125257288018319
-0.418051701275057 -0.0582035124607677 0.0858569890529501 0.106442793074409
-0.351575679438581 -0.00215459905099154 0.157670881505226 0.113356280291374
-0.345646543058513 0.0321495217754141 0.174041936328835 0.104095080622914
-0.341144631143945 -0.0689511336774413 0.135251310307509 0.182049441473173
-0.298144354708459 -0.157442172050607 0.0486307477509771 0.241447551138604
-0.253847469957258 -0.30391621406316 -0.0939033724419511 0.165811870282585
-0.0826699719320727 -0.414211570688648 -0.154217617372233 0.0459218147110479
0.14637139790638 -0.410505271614169 -0.187647611410404 -0.145287666649438
0.313653068924787 -0.397734231265193 -0.0504605121847041 -0.159415153276148
0.461548605249589 -0.406952879732375 0.0318503714451075 0.0144656983289492
0.317937648735439 -0.552282839750305 -0.0619933512442665 0.40479487436523
0.0403827429860934 -0.554889852155524 0.472241152866806 0.2742426815694
-0.147422521445557 -0.460202973071292 0.342555984972766 -0.2004949014342
-0.24557208653707 -0.380061604922102 -0.019690651931156 -0.26697476261081
-0.362300888362028 -0.258900576820025 -0.117816162629729 -0.071390854533086
-0.427244989911823 -0.0992523426321323 -0.0591718197087672 0.0749499867393514
-0.378897863002316 -0.0367235465230514 0.00140835423881093 0.0988844151522736
-0.396061447772063 -0.00287624243921174 0.0336782283624208 0.0981632933221051
-0.392452996382147 -0.110104130364065 0.0274329527015997 0.176076665161673
-0.3402824485228 -0.194932259734719 -0.0208081848900217 0.234629714115326
-0.308374964977555 -0.326151241488887 -0.128169814686845 0.174682135092684
-0.168373383256839 -0.477479917658717 -0.18111142543279 0.0747727060630864
0.121661163480622 -0.546763446237387 -0.224552258006179 -0.0764698612479804
0.38093245069981 -0.52556022332455 -0.161353945774659 -0.0394909160743213
0.446981163474455 -0.39555556431979 -0.117926323059032 0.142354965550277
0.241448353342368 -0.522813600443278 -0.0592082480496097 0.466210197427867
-0.0305788487502892 -0.440274384696273 0.423079807015385 0.211154368259189
-0.127057054676077 -0.290969698386343 0.264634456628822 -0.228196624121888
-0.151092890233327 -0.285733562216419 -0.0865427564418787 -0.292106138302791
-0.273637257539477 -0.24281907154928 -0.212697841578416 -0.11580359581703
-0.368085221501601 -0.123072555391657 -0.190226306146799 0.035904994137922
-0.34898743310261 -0.0711068129982307 -0.158442783621556 0.0716344386765309
-0.384825788600843 -0.0487143899082965 -0.121413837344692 0.0799138613952029
-0.372799146154404 -0.151259073806425 -0.100919083424934 0.150208186440657
-0.308748480714052 -0.215310200545294 -0.110226566403678 0.202326768316174
-0.292359886113235 -0.300529219988076 -0.17514457265576 0.162271082912956
-0.203031758303879 -0.473772751747282 -0.21731828760836 0.0914816701801345
0.10692439756564 -0.59954129031179 -0.246146698497242 -0.00629448348847019
0.410670264197836 -0.566976311098182 -0.263330504252774 0.106854085645712
0.354756876848002 -0.338971533741031 -0.223719648925511 0.229495922032388
0.113269235717075 -0.423473420026087 -0.0234460812428662 0.457461156625442
-0.088360733649149 -0.261570909021135 0.337075257359174 0.123405243396027
-0.0745892320306412 -0.101386141458137 0.172613669455251 -0.219907041257688
-0.0418855949610703 -0.173996088404941 -0.121732943041228 -0.274955290576173
-0.159068008080195 -0.201121643452267 -0.264055939618479 -0.141608020959328
-0.260776166697378 -0.128181354139962 -0.289811742158605 -0.00602588769118238
-0.267029072252111 -0.0958151318087977 -0.297628145639213 0.033366030462735
-0.303392361796816 -0.0918192297412098 -0.262719153201749 0.042267107618221
-0.273502641622045 -0.172871766471547 -0.216625237948393 0.094650881576423
-0.201289850699246 -0.194463436349141 -0.188951759658976 0.139940162840976
-0.207794748952872 -0.215356890232645 -0.221679206455904 0.128771972569037
-0.186379164887047 -0.393179799111748 -0.262393995187508 0.0842699590087753
0.0988890635724698 -0.549968986980523 -0.254906340464771 0.0397477970980649
0.391788158976794 -0.501428708437156 -0.348993610102087 0.245358840645659
0.218718738544532 -0.240162577234734 -0.270633348989002 0.274364658746675
-0.0154269973637255 -0.284830196840397 0.023112676432553 0.40700538922139
-0.115741276601291 -0.0839256826927733 0.242301071471653 0.0508356579508786
-0.0126979949401805 0.0453988539399258 0.103118987030685 -0.18757065453015
0.0492568586689788 -0.0792288603765041 -0.123453858873889 -0.245078691262618
-0.0455433714713629 -0.148603873299048 -0.279694593312464 -0.15604008652738
-0.129184633046467 -0.120894829193595 -0.35194397265206 -0.0459485171963419
-0.142862476889407 -0.104619892774771 -0.393328192587394 -0.0109239873106285
-0.163153934579817 -0.116102829367027 -0.358391887877332 -0.0145680050343466
-0.112225126951852 -0.147593983256681 -0.283933371728138 0.0146748635869669
-0.0538951680831417 -0.110688522721412 -0.223379782966106 0.0668963001945511
-0.107554607847724 -0.0684207108082713 -0.253791156389603 0.0933109466076842
-0.14925176651612 -0.24343762654991 -0.314243581934765 0.0513142177148523
0.0790605775227267 -0.403392119485624 -0.249664550150728 0.0406704415484052
0.310226624878304 -0.342764950854083 -0.405664052490459 0.34235238018018
-0.0655558131380941 0.135801091303747 0.265800396434583 -0.494871192200438
0.0570531656217699 0.153672782551061 0.10331417702101 -0.0918792036498885
0.148702123389613 0.00909802013061688 0.309195596101261 -0.0199271966773076
0.0215885429764176 -0.127430344478933 0.239578081527291 -0.133983543449308
-0.0864592593043957 -0.0345027986519506 0.173412971383496 -0.0524447612738276
-0.0400079668142058 0.0582097581647912 0.252449276290698 0.0152239571885343
0.00859327402337293 0.0741492712905078 0.344182681588205 0.0279064706876291
0.00992955353745412 0.0699421176481209 0.399541704646024 0.0116444711716172
0.0125651990087751 0.0863292699351643 0.367093511568831 0.0336487162723023
-0.0309185246205042 0.0778642725168178 0.283295238294383 0.115013271249045
-0.0922711546725946 0.0203121513998391 0.161525028596537 0.192927591426112
-0.060257649070523 -0.114107908163244 -0.0336254402417705 0.164140575529826
0.107211190075142 -0.0842882162564432 -0.137335572890021 0.0319492826457675
0.0636640863187589 0.0957409766158716 -0.0912191453032587 -0.219390283764451
-0.0669400441978487 0.137588403863748 0.172249590978795 -0.234587877135343
0.0636178185806611 -0.077205551223014 0.289764977109938 -0.448178917128469
0.102786102790059 -0.0872897902737146 0.0888457619131925 -0.00805443649222011
0.107750133194542 -0.196247218633461 0.395787584344153 0.0448668827145656
-0.0612681531258282 -0.288556600490829 0.29176206375568 -0.153500382987809
-0.211085112209237 -0.17091341835549 0.143612852370033 -0.0794481784772432
-0.206747023910293 -0.0201315106331795 0.209694996307194 0.0312318365973242
-0.163250632023603 0.0648298915152427 0.30965211319772 0.0624343926255063
-0.128113694666058 0.068580968023736 0.372605512366343 0.040662762381222
-0.111352615997435 0.085179473916676 0.347505732953148 0.0453691665507559
-0.131948078831504 0.03855243766099 0.266146257744435 0.127072339572511
-0.14917933789989 -0.0323994776238878 0.141447953319023 0.200088276873495
-0.116561635251158 -0.169038478361223 -0.0368248026215024 0.150004034028823
0.0570581354748032 -0.191038866532476 -0.118059284446258 0.0280016040024274
0.108355213470878 -0.0641431243528955 -0.121238364067214 -0.188098579964076
0.0654167425048093 -0.037595325863087 0.110228841033136 -0.247326226421619
0.205160841539859 -0.258006145207146 0.259763574918884 -0.332303426150404
0.172299758545154 -0.318460489416663 0.0634342747156825 0.117338305709411
0.0691676982919134 -0.39032349780479 0.468249055455521 0.110958473408055
-0.132167670566635 -0.419640375526304 0.334342354640919 -0.190994338088744
-0.294428479339693 -0.286880170964606 0.0880098282857499 -0.14354974534892
-0.331908994936424 -0.10527429667464 0.11470542830293 0.0149223394579262
-0.306281104069555 0.0360213349547308 0.218924061763479 0.0793868202454113
-0.246376140155922 0.057446174816157 0.291143744760782 0.0638877032911086
-0.225691800917414 0.0816923065602407 0.287329363144597 0.0547794079786664
-0.234842695588239 0.00755156296467736 0.23174941913679 0.134740794299037
-0.219673512107493 -0.0771324878658356 0.124126276441717 0.211216690710431
-0.192407741302943 -0.215662246875371 -0.0431743695143476 0.158072267705424
-0.0256900024411419 -0.290648379978741 -0.121071106115962 0.0377177849983765
0.111463970501093 -0.236175938292327 -0.159158271613541 -0.152820690743807
0.171819425090709 -0.229458348636664 0.0273963551483196 -0.217878886967409
0.324302867531903 -0.3763349260152 0.172571962368767 -0.172986816434033
0.227099366100631 -0.481713918272788 0.0371830074641055 0.258807786360265
0.0262475785536888 -0.514237530179295 0.511475565399972 0.149024477421834
-0.187361414074834 -0.469664610874906 0.343606532682452 -0.239273002215509
-0.324074081067405 -0.34165383779717 0.0110852043398363 -0.22034871456599
-0.390993979234122 -0.169649309653576 -0.0093749014813745 -0.0221777774089842
-0.392952583667782 -0.00120399039342349 0.0883271105886447 0.0792590481557577
-0.32787025108535 0.0354368299941955 0.168124086299558 0.0809701834193337
-0.317372530644154 0.0719640027173266 0.188258685020522 0.0678940842075411
-0.328112258361495 -0.0196160028554543 0.166521613134521 0.145210438629778
-0.294528655219508 -0.114390074426968 0.090606357118567 0.222875539852062
-0.278072180044654 -0.251601380707004 -0.0569814722662239 0.176053461301644
-0.125578238129697 -0.375162157711908 -0.135427347296655 0.062461579773846
0.0800976360499257 -0.401793833226975 -0.193337874809981 -0.10059569803863
0.247121274842169 -0.410695571261316 -0.0634261305159188 -0.136964016705929
0.381690130965888 -0.42775017571893 0.0528118908466323 -0.00649662640603254
0.226916319543705 -0.542697875617215 0.0252472708657814 0.376843642986054
-0.02634975608069 -0.515450193317542 0.502933071601467 0.143723213194083
-0.199806367555673 -0.40440669434305 0.300472808257321 -0.275279481338383
-0.282836913410779 -0.319907269988217 -0.0715062632567566 -0.272668644201474
-0.372682986750053 -0.195548804596882 -0.133791387146589 -0.0615494940705262
-0.409506682003379 -0.036623768182704 -0.0540357584491406 0.0671546187088606
-0.36005220520937 0.00836464543935941 0.01791492334119 0.08815323763688
-0.370216148485185 0.0470632838875834 0.0544151798953902 0.0835156882365368
-0.384401025265237 -0.0530143282774104 0.0638770598360317 0.15577453653616
-0.339181608706539 -0.14679963972034 0.0249266471888537 0.227136719695652
-0.330268242065727 -0.266421221891683 -0.0871673953255046 0.188881757746794
-0.209474455857898 -0.422096125698395 -0.156542517315469 0.091827679369123
0.0401102405277779 -0.524741671557174 -0.21397448064836 -0.0299547716820859
0.293276106324774 -0.537548736662054 -0.149246561751492 -0.00993886785227612
0.367286139634848 -0.412805618177406 -0.0665513789546776 0.135860797093592
0.159701949001828 -0.504240833525032 0.0357777395033673 0.431948756720899
-0.0773560613725158 -0.39983695932646 0.440311549267852 0.0983136073035328
-0.15691583086938 -0.252265792635683 0.219128371287775 -0.278943097271767
-0.183559335913662 -0.243490743835475 -0.133948458899087 -0.279169028171884
-0.290860630658377 -0.190004819626717 -0.22738399463941 -0.09000334555863
-0.35908921900997 -0.0643228824077262 -0.182335125125977 0.0470112781556673
-0.338200055941593 -0.0259359410560553 -0.138020496090058 0.085935730318546
-0.36815520241247 0.00294200509736606 -0.0964011411320797 0.0908586684560341
-0.374418046230581 -0.093912031624274 -0.0617027880758629 0.152619600161015
-0.313354856404457 -0.169031111240324 -0.0649055573311133 0.210154672374821
-0.311838626522203 -0.246490644382951 -0.134643129886742 0.183767009941593
-0.241365632079632 -0.414777203864537 -0.187704549849596 0.113124037968727
0.0166903644338073 -0.571622492564895 -0.22193200153988 0.039821163563306
0.313629542345763 -0.577636537129097 -0.224841936063645 0.140411674428308
0.289120257665498 -0.34670504117571 -0.156365244029392 0.236266193625925
0.054056476880648 -0.397110415296957 0.0617268448560655 0.419653798867724
-0.110343881764933 -0.228265181912153 0.338009427735171 0.0404347019967533
-0.0818465559254957 -0.0853378716118719 0.12977637465977 -0.243134941948745
-0.0677666028110341 -0.155332003430133 -0.158865475653985 -0.250468848845163
-0.180225267530506 -0.164420327966228 -0.276251760019156 -0.105463910842855
-0.262552421005742 -0.0819570774206626 -0.280895819580351 0.0220952226736199
-0.263932330990821 -0.0572385144176282 -0.275679538161194 0.0707917899481427
-0.300363597362161 -0.0455394687149542 -0.238208779176326 0.0775126789760502
-0.283466731811562 -0.126543309357025 -0.183325629948479 0.118758817543317
-0.211135282584229 -0.16055839923721 -0.150294133672184 0.162701033334355
-0.221341431170554 -0.176941618959056 -0.185685272773149 0.157449669224487
-0.217540537163509 -0.34118850963485 -0.231321350411872 0.115002219351108
0.0153183367207921 -0.523351194302964 -0.224308872354391 0.0834137722704654
0.302317618749981 -0.511902534188174 -0.284976223329907 0.279928967393858
0.17350420006228 -0.239587527296031 -0.198725309802859 0.289950624712569
-0.0481671203536063 -0.253760795789146 0.091377623774803 0.366473813550386
-0.113619018382108 -0.0629613070912274 0.231705712844141 -9.33255199580145E-05
-0.00490781337051336 0.0400967668713221 0.0672756564874068 -0.1905950380813
0.0288493660722691 -0.0804209032645695 -0.151106193938199 -0.216475723627584
-0.0680471003940965 -0.129527375724168 -0.289266117329963 -0.114683223972812
-0.139519238422421 -0.0913983117724155 -0.34315025153196 -0.00403515971501631
-0.150581943222307 -0.0789262838753539 -0.373265768591894 0.044414242091319
-0.172328401193444 -0.0845771067444973 -0.341687378093733 0.0406988056921765
-0.12910279791481 -0.124220388083519 -0.26374401651274 0.0561243376113872
-0.0646262705670811 -0.0988137423258971 -0.19737677485121 0.0969966074195659
-0.108102836402296 -0.0517227725056587 -0.222922859229153 0.126990855053355
-0.166904023453714 -0.206942979788066 -0.285739746180342 0.0957579191013567
0.0151209700143389 -0.384613922121242 -0.22229953669486 0.0809626598151757
0.243353433747284 -0.352817629510286 -0.326262339156906 0.377176550934434
-0.061094482011146 0.130692312821246 0.266011008102554 -0.464108631246639
0.0561206717131764 0.148188082485724 0.10335679548354 -0.0805310160822856
0.142266309238947 0.00860095475114857 0.300168617053372 -0.0151144436338653
0.0193042305891838 -0.120590262112061 0.230361772291734 -0.124741687679259
-0.0834105953415038 -0.0306706955722541 0.167825206713175 -0.0452306342826002
-0.0376438658962278 0.0558864264655327 0.243348733678466 0.021502770345655
0.00834049552028308 0.0707672087406743 0.333516697042535 0.0349863839930118
0.00992111380254211 0.066573372892643 0.38784421941426 0.0167838310118098
0.0131205073337749 0.0814104699888088 0.355216692811529 0.0395691615074921
-0.028698591494842 0.0736638242813043 0.2721468446954 0.117333519044109
-0.0874772644345682 0.0200784304499307 0.153302678149829 0.188641337249029
-0.057382618264846 -0.107613045713133 -0.0339917764653812 0.157263026661415
0.100949140377764 -0.081890673275147 -0.132542667281744 0.0293307255763701
0.0610078825017965 0.0947973741001021 -0.0853964182009622 -0.212896933513411
-0.062367882860946 0.132562210098147 0.174482538724552 -0.221121350136386
0.0679069238419146 -0.0715881822675941 0.288287565950483 -0.420421816648869
0.105084412574186 -0.081933657911326 0.0881935958481818 -0.000492529900498937
0.10713956503541 -0.188634111463308 0.381492904150916 0.0469112962181323
-0.0558247786982777 -0.277007175910419 0.280624693357645 -0.143110790022609
-0.20186640995395 -0.164615479589478 0.139691624122618 -0.0700378783734497
-0.198012060242112 -0.0220393780871963 0.201845432050178 0.0358293852776378
-0.157441041344454 0.0583881525461941 0.302418915161235 0.0668995323686718
-0.124091051716788 0.0627032550653462 0.363182489314219 0.044456832676136
-0.106644883147941 0.0774198341206134 0.336269976405992 0.0510641144490557
-0.126247911681782 0.0342683804765782 0.257574934914819 0.12875640541226
-0.14177951327406 -0.0322780710404238 0.134472736066195 0.196625461456304
-0.109633889037517 -0.161981960897368 -0.0382851527331984 0.14462321673971
0.0543627474543029 -0.184422988969554 -0.115325326686608 0.0261820496728447
0.106649550573754 -0.0567924039951591 -0.113554056073123 -0.184029964669366
0.0664891720419916 -0.0318967797648468 0.114883699588875 -0.234214726050564
0.207560281480484 -0.242054340334199 0.25589023386623 -0.310533041198309
0.17554160441233 -0.300069238388921 0.061490341174358 0.118330082466165
0.0746519178680298 -0.37355484627066 0.451257286275051 0.110284482919769
-0.120089456377921 -0.405001732933659 0.322607481799018 -0.178810171278479
-0.280113780941399 -0.279662079457056 0.0871427894573908 -0.131929867603735
-0.318193683728187 -0.106386242070449 0.112351339986007 0.0186183089761374
-0.29435949882089 0.0273374758734545 0.214628544047884 0.0820556209255442
-0.239007559441336 0.0497609878832384 0.284553909479923 0.0664152015178159
-0.21672736210074 0.0723267191230278 0.277666190292778 0.05963659413593
-0.225272823087019 0.00148827670286328 0.224486200723036 0.136218173190813
-0.209558191935798 -0.0774452463500922 0.119150280699737 0.208116306665818
-0.180497465538243 -0.209160769271096 -0.045816326394048 0.153320390695707
-0.0215914207748177 -0.281178255955467 -0.11858514235837 0.0344764977760805
0.112030078186869 -0.221912350550443 -0.150199692353234 -0.152121709889431
0.17027789375243 -0.21364682217748 0.0344588619140508 -0.207655999670548
0.321931586126046 -0.354976878912721 0.168234104285122 -0.161066960062848
0.230756407744195 -0.455768723278683 0.0333485819766747 0.254069606528789
0.0361284865811496 -0.492166035716887 0.490444879806139 0.147312931855729
-0.171039037721226 -0.45290730453378 0.332503929987905 -0.223846614311467
-0.306002712851448 -0.334256220476745 0.015250797307684 -0.206724019232287
-0.374596448390401 -0.169631655928925 -0.00620988718389536 -0.0206362683409294
-0.378213458762058 -0.00883108004486002 0.0904983146170672 0.0788878187465157
-0.317561592871134 0.0278052367752618 0.164608695026997 0.0795395333219905
-0.305773182036153 0.0619356097536438 0.18109290812519 0.0702696617356393
-0.316408924532376 -0.0264222589043073 0.161598038299421 0.144416847301464
-0.282810803912109 -0.115358677701055 0.0879130678135014 0.218485702066174
-0.260614223188463 -0.247259517700522 -0.0603644571592014 0.170834182724342
-0.114457694105785 -0.363737097472547 -0.134148736410688 0.0575693580602918
0.0855613460221694 -0.379589202948306 -0.183769779147974 -0.103082444272751
0.244835520760576 -0.386266068526886 -0.0547741191797739 -0.132025094903263
0.37791272635973 -0.401732500947716 0.0488115404376165 -0.00418979614059162
0.229332541384142 -0.514618436301907 0.0199846582714944 0.365397871487537
-0.0155488346253599 -0.493089769111957 0.484594513832306 0.142412138546741
-0.182682592836798 -0.390643545457662 0.293602306997915 -0.259350617488345
-0.266889242942301 -0.313032791788623 -0.0633635373753984 -0.259535697054435
-0.356795359741243 -0.193155764341099 -0.125060340991281 -0.0612522563658959
-0.394124504986774 -0.0435621173463683 -0.046431297240466 0.0636328664155569
-0.34819294328161 -6.38226468943101E-05 0.0194064912913477 0.083973376875241
-0.357101173246629 0.0371413024866705 0.0518853387594267 0.0819716872297361
-0.369673243960809 -0.0584930551683689 0.0626982057775868 0.152594584278555
-0.325240651794012 -0.147108420227542 0.0250457553764665 0.220834268907288
-0.311227646875183 -0.263730628495731 -0.090644379285883 0.182438807898584
-0.195199197584548 -0.410156696958695 -0.155163091462693 0.0859190459250468
0.0492763294745015 -0.499433942094677 -0.205871357926531 -0.0362176405519593
0.288693723370957 -0.506550802388323 -0.140142342942287 -0.0124370717308684
0.36207902453131 -0.388728274889996 -0.0689125434016115 0.129604636296869
0.162078910516889 -0.478477518432098 0.0282188200117954 0.417882096092246
-0.0670799846955188 -0.382309102597896 0.424274861950532 0.0972777786843768
-0.143446742153125 -0.243779950034537 0.215643146126568 -0.26417516896799
-0.172352279877091 -0.23876781760764 -0.122962017508642 -0.267984016662824
-0.279586734613234 -0.187440271504653 -0.214466910960151 -0.0911243396451501
-0.346582391401287 -0.069095780799107 -0.169996966144782 0.0416154107367508
-0.327763701950043 -0.0313393275359118 -0.13039368861359 0.0796510154208355
-0.356156092599995 -0.00451112299242203 -0.0948110239527593 0.0862746306701388
-0.360388321540257 -0.0982800256958187 -0.0599598348571532 0.146599998444297
-0.300916709892466 -0.169167669728458 -0.0617920296350349 0.201761226159202
-0.292287038012437 -0.244848664722403 -0.136461972524217 0.175557344708748
-0.223951825846108 -0.402869866625601 -0.184572743474042 0.105443622125649
0.0269221282967147 -0.544838045443247 -0.214755257851319 0.0302832506122143
0.309630412965695 -0.54556741797899 -0.215533896642218 0.129131301440103
0.285018281372773 -0.328540680156846 -0.156123623269394 0.224219622649174
0.056630099855129 -0.375440007249479 0.0538231522753018 0.402670118265509
-0.101618025219808 -0.217810308022186 0.326545789550371 0.0412622286994554
-0.0736750648166059 -0.0828381944929676 0.12976875340193 -0.231587050818833
-0.0638175735112656 -0.152248615795078 -0.147674466316683 -0.242816079099606
-0.174707032861832 -0.161091318701462 -0.26166318682761 -0.10721305983283
-0.253332575624761 -0.0840687597628572 -0.265849334570077 0.0156479991983828
-0.257360642250793 -0.0595561176220228 -0.264633521337058 0.0625212127703779
-0.289561663706569 -0.0486746364817199 -0.232593929329685 0.0707251264459791
-0.274242557841333 -0.12856027183169 -0.177670228484833 0.111065750212823
-0.203091490655384 -0.160987076903635 -0.144381592239247 0.153054230397813
-0.205162579676334 -0.176675428581182 -0.184370489745868 0.14794514108949
-0.201911975790207 -0.330799934092693 -0.225927890738402 0.106304880174152
0.0238288233321913 -0.501658426326155 -0.218993366075734 0.0725967388154202
0.295374521806511 -0.483229354324586 -0.277072442001488 0.261412377886216
0.170909483057592 -0.22754054025188 -0.199255881949069 0.274285175017735
-0.0440844639950203 -0.240691158488774 0.0831854661918843 0.350600889167416
-0.107423437247337 -0.0604631524676779 0.225629700042075 0.00188151443318373
-0.00187153315849851 0.037945823384398 0.0693519624349484 -0.181469428516715
0.0281952149613288 -0.0788481938577951 -0.14170829678227 -0.211069264971981
-0.0681071908844478 -0.125743393371266 -0.275503407520687 -0.11677701558441
-0.135269987097631 -0.090578057581475 -0.327664075692093 -0.0109997345815351
-0.146927035903291 -0.0782828834384023 -0.359118794097005 0.0367687308158818
-0.167186176955441 -0.0829416931665659 -0.331516696735536 0.0330233867253323
-0.125317647651308 -0.122953550593213 -0.256306674071391 0.0486561376144978
-0.061580207532615 -0.0987203061745046 -0.189383069183326 0.0871994103848616
-0.098676021117031 -0.0534596859421491 -0.21855555545826 0.117673290249502
-0.156330247234687 -0.199429998854154 -0.276929219121655 0.0877965527996058
0.0195053193100578 -0.367262315994087 -0.216504383043552 0.0714240507237411
0.236783801811371 -0.334032937668976 -0.319208117835161 0.351878081864581
-0.0608966156702055 0.128830084549672 0.283290694869984 -0.448336725125703
0.0539850568687919 0.14931576117497 0.109072074678012 -0.0705527237875176
0.141088963421147 0.0112706675084303 0.302751636409095 -0.00664722220594089
0.0200054460264558 -0.117555777425292 0.233317471360528 -0.117736596890405
-0.0824453077586734 -0.0302774179411976 0.168799691055475 -0.0371715751528165
-0.0368738006470767 0.0559788948161377 0.24408059171243 0.0328813529737645
0.00760657953100737 0.0699031254820566 0.335481329786509 0.0475804797118915
0.00910493568121262 0.066691887353915 0.39094243122075 0.0295292118899337
0.0129296862917567 0.0803596751059188 0.356069493814436 0.0536427805924352
-0.0292036834590241 0.0721932379286497 0.270543047870559 0.127985791696764
-0.0855825400456189 0.0188881201711733 0.146772424867709 0.193742216038145
-0.0551769666860023 -0.107546678824147 -0.0392402774332986 0.156682381402985
0.0999500138082597 -0.0808665060963333 -0.133053215442077 0.0262785039611935
0.0597879365456398 0.0985216484204715 -0.0790480622172001 -0.216665591943236
-0.0617868853176596 0.131685466384214 0.187191727261964 -0.213558810525832
0.0743481606370273 -0.0679528119259451 0.303603132092885 -0.403928078175151
0.111975503558214 -0.078457605545504 0.0907176747218622 0.00910532044096564
0.11416399953331 -0.186304263139703 0.382401745311376 0.0566610971186857
-0.0478387497147054 -0.277618114865446 0.282721945877731 -0.133116435948093
-0.198149952785096 -0.169318121449048 0.141596272803104 -0.0619155749481822
-0.195829766264851 -0.0273462999445127 0.201548405747389 0.0451891696299526
-0.157568752345823 0.0514491683172216 0.303982878939829 0.0794245338281449
-0.12512332135686 0.0578984200935215 0.36611519596433 0.0548483624265773
-0.107026659390186 0.0715016210940611 0.33635328739986 0.0637568293014714
-0.12535970561135 0.0295147477679659 0.256576016588606 0.139409334829317
-0.139408188751402 -0.0351436708858055 0.130028831948411 0.201785633393154
-0.104277519372915 -0.16342579924765 -0.0444597450464246 0.144100910891726
0.0572148766426009 -0.183978853617454 -0.116184138814599 0.022807232349445
0.110151270553678 -0.0502801941284572 -0.108072288022235 -0.188656971427945
0.0706036588839744 -0.0267563692423247 0.127877330394422 -0.228075858522482
0.218891578647156 -0.232242874298021 0.266555060331365 -0.29696282889531
0.189670818060415 -0.292194419000461 0.0599559995445357 0.126658437464437
0.0904728828840103 -0.371813091176046 0.448673954129155 0.121586701306747
-0.106973904421492 -0.408501899862702 0.32584791348953 -0.166940355981259
-0.27191211757671 -0.287364379765749 0.091623964712012 -0.124085383642729
-0.313291194597991 -0.116994083850903 0.112844187746116 0.0246683607706393
-0.29457606561194 0.0163585111175787 0.217890610491124 0.0917194413682531
-0.24074163294311 0.0406059458788253 0.287107703555992 0.0741503773500524
-0.217345573329007 0.0625227590180102 0.278166281876301 0.0704351493881571
-0.224473846132769 -0.00742624547459774 0.224224944195641 0.14551708197439
-0.206351099659774 -0.0833818080414384 0.115965789677474 0.213875514685239
-0.172175553238851 -0.214670192021997 -0.0525611084959871 0.152905732419956
-0.0150728680849555 -0.2827670268871 -0.121359402579487 0.0320876621871394
0.120669955910324 -0.213788349194837 -0.145350021715436 -0.158762639966761
0.179599799471274 -0.203936739062671 0.0461697045182009 -0.204950723865095
0.337800481129483 -0.340506345690711 0.172568477528538 -0.153076540978165
0.250569562130416 -0.445667731159162 0.026831656835079 0.259102780561975
0.0548741740839715 -0.489171155526592 0.488314391411647 0.160851973722234
-0.152352697650169 -0.457353718087379 0.336910327247042 -0.212769169581778
-0.295090724092874 -0.345220247054327 0.0231189481298857 -0.201790593719502
-0.368907470478591 -0.181011570141762 -0.00338756063340961 -0.0188026292857799
-0.377660129698004 -0.0222788795450899 0.0940553396190753 0.0835377917368318
-0.32013220354282 0.0156974566109557 0.166704653648169 0.0833916447099938
-0.306974527308776 0.0494791146188064 0.180112805599309 0.0770523809139029
-0.314791696608481 -0.0379077001719066 0.160608869884015 0.151679626199544
-0.27923365167399 -0.124696678249267 0.0843639409887519 0.223414060857159
-0.249950932500424 -0.256132066397858 -0.0691341215853663 0.171333326889636
-0.104512595970639 -0.367742122846801 -0.137873748104786 0.0538458866176927
0.100407632653725 -0.373732517564543 -0.180918229676175 -0.112427157584624
0.258586231074264 -0.371484476288493 -0.0458896478631891 -0.134013235080876
0.394553689261793 -0.386285889705665 0.04710130694022 -0.00175842747349288
0.247175010659483 -0.502743556091951 0.00864223387595589 0.368878264094003
0.00271520030815988 -0.490077659811185 0.482270904098593 0.154370091010002
-0.166459809031659 -0.394348025111313 0.302011628786157 -0.249470550365765
-0.255846878772537 -0.323265605941332 -0.0530867577709307 -0.257925281087936
-0.35121292749889 -0.206445605708231 -0.120266825229808 -0.0649570404062907
-0.393746658310671 -0.05893990839607 -0.042049187798768 0.0622990133660095
-0.351523940058746 -0.0127103671897646 0.0214336724705512 0.0835303401824055
-0.357831848805174 0.0232336970363877 0.0499095080248265 0.0845524216061028
-0.370850518438597 -0.0735303536384362 0.0613455853157575 0.156408294888408
-0.321703898927934 -0.160438651688294 0.0223246698322855 0.222771762430131
-0.298660008226908 -0.276420656772951 -0.100396950207897 0.18197223283794
-0.178911709546877 -0.416066633064104 -0.160693769580489 0.0798700978557079
0.0691572474160103 -0.494072319483718 -0.205575454075898 -0.0472615075666871
0.305032825818313 -0.492380246786771 -0.136422336440499 -0.018225998781572
0.376712124995045 -0.374455728299209 -0.0757988822719866 0.126603130928804
0.178279308654902 -0.469110130592809 0.0147375627919676 0.417366367171101
-0.0524301882807034 -0.380132895897567 0.423497187565272 0.107965106312478
-0.131272162799022 -0.246587999013514 0.224753696571179 -0.256948036281158
-0.164869563935608 -0.246098749178241 -0.111848283488504 -0.269604341140454
-0.276561531491016 -0.197092797178857 -0.208533390202582 -0.0987478660284014
-0.346272498479605 -0.0813921004601899 -0.165098516598273 0.0348790487796511
-0.329681360781888 -0.0432794174719104 -0.130285503590126 0.073851630217225
-0.356674244646577 -0.0162020049744768 -0.0973589789864529 0.0839340980324297
-0.360244829473712 -0.112467125548981 -0.0625410801309469 0.145297104710968
-0.296730382959882 -0.182349540306453 -0.0643022368046383 0.200418045706708
-0.279440165749518 -0.258220359272312 -0.146453632397255 0.172953136847285
-0.208281821851227 -0.409508799743361 -0.190471045015833 0.0980537530827362
0.0465405893793579 -0.541118564523923 -0.216700393302781 0.0190387884681815
0.324679047593388 -0.528838326950316 -0.216728676893861 0.118985640390183
0.295693272924556 -0.318134285488108 -0.166602863714251 0.217387487053596
0.0686376026242486 -0.369035123140525 0.0416129428729593 0.402586476909174
-0.0939074706165662 -0.218356173278784 0.327698218810612 0.0490324202756572
-0.0667076998095672 -0.0842801624263851 0.139060336590195 -0.226907766025869
-0.0590033763774357 -0.156222651542384 -0.138214983968334 -0.246291432857794
-0.173153832572479 -0.16711481680933 -0.256013068839646 -0.117501692146848
-0.253686949538275 -0.0936310580914739 -0.261806456411266 0.00416290197244647
-0.258799682218167 -0.0687978457364778 -0.264859295057182 0.0536936991292548
-0.290360032639896 -0.0583431019447014 -0.234628727190166 0.0634376648916626
-0.2727844491364 -0.139225862655417 -0.180515819936488 0.10548028812489
-0.198956980104694 -0.170508071526719 -0.146154520454562 0.146979109724083
-0.194259270645274 -0.186606485808694 -0.193890906888805 0.142352050520229
-0.188092970142211 -0.335775767733085 -0.230801731453652 0.0986665590191666
0.0405825195687082 -0.496931472477396 -0.222366584378875 0.0607632504445597
0.309218419548912 -0.469691640358801 -0.283393209699287 0.247484553261569
0.179011894119459 -0.222354944900071 -0.211903627147258 0.266434880963459
-0.0376385875714913 -0.238206330396736 0.0721890681790981 0.349354121483643
-0.104337306579633 -0.0620753430495402 0.227906944127812 0.00720559062547155
0.000675580276793287 0.0373769021412214 0.0777979242421119 -0.178842735469835
0.0291856497424459 -0.0801915557716564 -0.133960413661502 -0.215373223665908
-0.0680976706247612 -0.127861699857395 -0.271075651187406 -0.128380383102921
-0.135850703648939 -0.0954778168718922 -0.323949453212259 -0.0237662357453525
-0.147787940177298 -0.0832509546746913 -0.361008059298795 0.0243946322876883
-0.166811049232991 -0.087417187192975 -0.333625789699645 0.0225909397809459
-0.124355206455742 -0.129153208156922 -0.259049985716679 0.0385160525182269
-0.0593670334048027 -0.103602578804038 -0.189988133577677 0.0786059827906243
-0.0921057389348823 -0.0591665344265179 -0.224113293268121 0.110220052082853
-0.147369925705918 -0.202138697751687 -0.279480616971828 0.0784149401182624
0.0304705182018793 -0.364197274442206 -0.221004806550167 0.0593516708405846
0.244018976477922 -0.322921670326565 -0.328585378229645 0.336373124664095
-0.0628928558464244 0.132416376505881 0.306610297760997 -0.453894177674481
0.0556402995204101 0.154544156391915 0.119067971841193 -0.0638160671643335
0.145840018565934 0.0118024233519323 0.317265576626239 -0.00193797889050506
0.0213652292387388 -0.118933166106167 0.243294870596516 -0.118051619777843
-0.0858414720993335 -0.0302409384313362 0.17670446845878 -0.032227960458144
-0.0374561078067404 0.0586784765709068 0.254515496039802 0.0420540296993983
0.00831732580940322 0.072817355616764 0.351158184135792 0.0590009637146287
0.00940450181163148 0.0687693807460612 0.410498337918845 0.0380401830188475
0.0137154248840106 0.0819031884028786 0.371369752476132 0.065031024642345
-0.0298267424356695 0.0742632162206091 0.281340384594569 0.139480425644462
-0.0878048528875574 0.0206620349569507 0.148719178655314 0.20493909906581
-0.0564776067835711 -0.110357341341545 -0.0443155248142266 0.162258314005576
0.101846748014534 -0.0839942151109973 -0.139123733571094 0.0259348746844416
0.0626391982905236 0.104739398872203 -0.0792089695741274 -0.226736789608983
-0.0624619991911415 0.135843280198018 0.204872921111749 -0.217592526125706
0.0829454321852765 -0.0677663077738214 0.32583542903262 -0.408699360006942
0.122338102472558 -0.0797216685130733 0.0985250587286714 0.0182118257485054
0.123872438669234 -0.193419282631423 0.397811678420995 0.0654950591079277
-0.0448357776884262 -0.288414579320929 0.2944944693946 -0.133487795859232
-0.202999584384495 -0.177532700828887 0.148637044545542 -0.0564888945749032
-0.201259505744429 -0.0321601951201906 0.210622650209386 0.0549810204559815
-0.163017254782493 0.0490090658674029 0.320105881757388 0.0917780416354978
-0.131247547480246 0.0563898446300899 0.384555708707244 0.0652166779766549
-0.110495764437522 0.0692804528359994 0.350966394952632 0.0755570846736674
-0.129520811983492 0.026550732784933 0.267242173485849 0.151623190532467
-0.142754618113461 -0.0376517563469843 0.133319207387934 0.214353979033661
-0.104688449918571 -0.170279927229463 -0.0504032202951221 0.151051885578001
0.059765264424409 -0.19085746233997 -0.121911963588237 0.0223276773762082
0.118250664499635 -0.0467663178758754 -0.108996989855689 -0.200527070546848
0.0776032893481716 -0.023587609908486 0.143289630333633 -0.234154682530762
0.23750863185376 -0.234852295697462 0.282615664075548 -0.300763420865681
0.20945978602722 -0.298834771721926 0.0624405400867775 0.139655521574817
0.102662586083984 -0.384138341046488 0.466058888360715 0.130645689571414
-0.10108564758235 -0.425437902086246 0.340416151357387 -0.167554226210689
-0.277877472526204 -0.303971328892456 0.0984610300901652 -0.122166228182382
-0.323563150530894 -0.128316130841638 0.11924468446632 0.0307600174059664
-0.306032673035522 0.00878759474595014 0.230571988929863 0.101851650763101
-0.251762535070701 0.0352513127460739 0.302580050978084 0.0829167357066177
-0.226489478421229 0.0573009226785411 0.290076020961262 0.0811835226318958
-0.232783632152186 -0.013177445395094 0.234482968549672 0.157498505115209
-0.211647962654912 -0.0912382384153306 0.118682534452312 0.226927110906904
-0.174086700570312 -0.225918661549725 -0.0602412954775794 0.161109564355817
-0.0126831437327293 -0.294332522389548 -0.127792129681722 0.0315649557416934
0.133405494761618 -0.216447764586078 -0.148828358004909 -0.171624381021698
0.192864195277573 -0.203887654196611 0.0570770426393662 -0.211975088780435
0.361558151634581 -0.344071221675203 0.181677221863157 -0.15220961659352
0.274000096794369 -0.455333381644798 0.0240567108467982 0.275234696109265
0.0703086410482865 -0.505622677181146 0.506596757758886 0.174448710827771
-0.145947956443219 -0.47648340739447 0.354714091216093 -0.216262085754722
-0.30057921369868 -0.364459509955693 0.0288377511564819 -0.204643644746633
-0.379976233807384 -0.197275496250424 -0.000562576513097625 -0.0180181011663046
-0.392961209704068 -0.0336499965445355 0.102966925755368 0.0895653784255918
-0.335460319767789 0.00779080427830004 0.177039059921456 0.0891985010313055
-0.319564092459861 0.0420788307995524 0.187913551104566 0.0857151798368704
-0.327692313763045 -0.0494448826912893 0.168897782790156 0.163080554570407
-0.287316982526933 -0.13794400533078 0.0876109592280515 0.237002235518494
-0.253113302959083 -0.272794105027813 -0.0784628126787907 0.180093321748864
-0.101711100769471 -0.384076758216841 -0.146912028359995 0.0524620214355226
0.11435027765171 -0.382337079361948 -0.186677398199627 -0.123948498120661
0.2777567341025 -0.376110863230812 -0.0408734861358948 -0.140821344587439
0.420421814141301 -0.390733408653696 0.0463233640412665 -0.000186623572646423
0.271712156835299 -0.514250590984429 0.00261673311065045 0.386829199606102
0.0159129355125436 -0.507855158168776 0.500289240627636 0.166610212704495
-0.159229512930143 -0.412951031467082 0.318719664084539 -0.253960017619835
-0.260718355677239 -0.343047403652309 -0.0485941994675563 -0.265557383305792
-0.363718821033075 -0.223864319746099 -0.120417044043443 -0.0699390794931481
-0.408849714380114 -0.0710708748602076 -0.0383074944848103 0.0635601297034628
-0.367950082285595 -0.0231902631761619 0.0247376006780022 0.0860670255017921
-0.373703873089145 0.0140252271230124 0.0514864577943604 0.0901755620002956
-0.38476603082521 -0.0873807697943218 0.0639796637900289 0.165303327197235
-0.332710250977798 -0.17480657337228 0.0231140343187551 0.234279913199649
-0.302418990982727 -0.296814037868601 -0.112813760258321 0.191017054099857
-0.178007142955617 -0.437767460160172 -0.171362882920536 0.0791650706420394
0.0847633497525949 -0.508371830139119 -0.213231783940654 -0.0578029900282179
0.32751792406043 -0.499413784113668 -0.137794522086959 -0.0237423319051105
0.401064828872939 -0.379657079693441 -0.0847323187838927 0.129539838076603
0.195186020744122 -0.480101325439797 0.00796800780617018 0.435662554638203
-0.0469055594739111 -0.393741165860979 0.440867149003214 0.117149934695848
-0.125865141222531 -0.257625687742034 0.240059286185075 -0.262364333043901
-0.16595988676819 -0.261667249796888 -0.10877681938264 -0.280029270612374
-0.285495794788985 -0.211814618049746 -0.212221706008558 -0.108139691730863
-0.360598946628913 -0.0944341150670108 -0.167040171351799 0.0308222309965049
-0.345534838734392 -0.0536986383660222 -0.133066384569674 0.0722815466878905
-0.371305944639136 -0.0260166912410213 -0.101701308425123 0.0860138451164117
-0.375026824805375 -0.127746143595009 -0.0657071207339826 0.151067662867328
-0.306149570610659 -0.198585604751492 -0.0670680146038996 0.206364414637155
-0.280555942370325 -0.278141280192675 -0.161241566050575 0.179081978807248
-0.205557904247851 -0.429370199927221 -0.20323371264786 0.0969488884274644
0.0623473050808152 -0.557403439083577 -0.22726030943002 0.0105146219105986
0.347731169662086 -0.537886514923871 -0.225342030724204 0.115734971179533
0.31422245755052 -0.324324948178287 -0.181108352628961 0.220218228226082
0.0776123931580572 -0.3779523268452 0.0346200997099404 0.416656603944431
-0.0917711699861225 -0.226480408579691 0.341478134685016 0.0534889142196915
-0.0630075533787578 -0.0885611683797003 0.151365283916132 -0.233536365588597
-0.058244884662619 -0.166042378765054 -0.135625893840323 -0.256979309817465
-0.180815016427711 -0.177398968031005 -0.262574694447811 -0.129246490215828
-0.265211605390997 -0.104001045307993 -0.26830079403642 -0.00363199083874071
-0.27180612333322 -0.0773277052050572 -0.273196160388893 0.0485689104514454
-0.303353354036396 -0.0666579824108814 -0.245490506670119 0.0618036462376384
-0.284128632941076 -0.153728059800741 -0.189423329265841 0.105699299088128
-0.204386397212805 -0.184219994284626 -0.152087540761764 0.148304520689371
-0.193265752095744 -0.202522306102925 -0.208518240549515 0.145278325477714
-0.186913124612959 -0.351750213504397 -0.24395224706098 0.0963905569283702
0.0534702496172149 -0.511517402321894 -0.234174522212277 0.0533276074682327
0.329205187848986 -0.476551090995384 -0.298687885931013 0.246336288160108
0.191146083426456 -0.228368038702944 -0.230028666498661 0.269332352397572
-0.0357807834353278 -0.24419385053796 0.0681735391612804 0.361315721617136
-0.106757893824977 -0.0647781617098631 0.239817537571118 0.00902035723928822
0.00406989582111825 0.0376565413777038 0.0873030551270804 -0.185464900765498
0.0318373499708219 -0.084528675826844 -0.134472808103676 -0.226881932081329
-0.0725302927446563 -0.134514766712995 -0.278802634462779 -0.141139490300295
-0.14288709299423 -0.102529004617936 -0.334602258514013 -0.034868664217187
-0.15577855450364 -0.0890339938586886 -0.374580486399308 0.0175430574474803
-0.174134539788144 -0.0937170660137791 -0.349945301651495 0.0168957801663932
-0.129560063367714 -0.139304241773691 -0.27172234699906 0.0333890634211857
-0.0604026622562183 -0.111421973255111 -0.197414128951078 0.0737888105501912
-0.0898921297074962 -0.0662892763369197 -0.238334824149006 0.110288228016906
-0.147327192034335 -0.211696085952524 -0.29305120482081 0.0758553889323232
0.0375922642096315 -0.374508441385663 -0.233359320781056 0.0525832722214534
0.258151493491363 -0.327365058248301 -0.348662355182929 0.337319421427827
-0.0613356335487648 0.142149269961625 0.319553754552479 -0.480626186045149
0.0638061082295599 0.161927865767082 0.130708728556401 -0.0617504214263096
0.154121598640356 0.00710910967495125 0.338831091839909 -0.00943209777220381
0.0186203263688765 -0.12552672468149 0.254453787597272 -0.130766376616118
-0.0921133464780707 -0.0263601334675369 0.187734858750149 -0.0348515190602784
-0.0360288846565275 0.0640496425579937 0.274127663690856 0.0428274529554536
0.0120387084547773 0.0764901938617406 0.379360449581118 0.0584618076941087
0.012489627059947 0.0724318029122129 0.44085032184021 0.031399577487019
0.0186062285803614 0.0844892328731183 0.398278132668426 0.0630585087397006
-0.0282301779044788 0.0785785768279617 0.304173932001278 0.145487240211642
-0.0917667752408123 0.0254572958591514 0.162320356451125 0.215790496913255
-0.063363254681925 -0.114109047646825 -0.0450459241862329 0.175181076256258
0.10233510218611 -0.0928262242155015 -0.145783780289776 0.0317306892902971
0.0724349096938463 0.111742910497935 -0.0912029362398724 -0.240711386729511
-0.0584888958095715 0.145576176590602 0.219498632913198 -0.234021773296742
0.0905975459296531 -0.0722391028171825 0.340295001455477 -0.433880602823415
0.131542793372483 -0.0866642166061356 0.110207471349709 0.0249046038999113
0.128801276368937 -0.209471537792074 0.425639595457977 0.0592247393510805
-0.0525732816157423 -0.304327273867586 0.309040765759754 -0.147884555174211
-0.220227983069519 -0.182404156426144 0.158033152884541 -0.0581998865183993
-0.212765335695671 -0.0301789679338279 0.227547092835417 0.0575082354196621
-0.171239894128101 0.0533783482488271 0.347931845629383 0.0942071362507844
-0.137964968064713 0.0614184836478161 0.415246600610319 0.059942887295227
-0.11487800742085 0.0728551377858679 0.378046728229692 0.0747047231370747
-0.135856932108373 0.0297853829769663 0.291378001524474 0.157936927198422
-0.150616904394151 -0.0365218067630843 0.147983165134317 0.227411261027044
-0.115005707568724 -0.177348577078912 -0.0531027218123784 0.164032240372098
0.0556830363119473 -0.204543033798097 -0.128717259690369 0.0269416665431974
0.127920483152047 -0.0489468269639529 -0.121816796358066 -0.212289738812736
0.086444840399526 -0.0247341646518271 0.152881211330766 -0.250629759267518
0.252440474960957 -0.251950242258703 0.296493507550632 -0.318998988161874
0.221359531558982 -0.320841341666061 0.0733027299931463 0.154271404605832
0.105264943903035 -0.412281034473048 0.499809245565997 0.128502783699158
-0.11259689325242 -0.449540605393422 0.355524138825058 -0.185093402544441
-0.301290805482233 -0.317185328061687 0.103500847073628 -0.126289147636529
-0.344853178355685 -0.129926276207696 0.129808033662643 0.0341820940182674
-0.324441214439409 0.0128134970191321 0.253679614879799 0.106291241438122
-0.267870277317119 0.0418120987638147 0.328078572982475 0.0803596795231496
-0.238350748345971 0.0621515092375173 0.31317116853514 0.0810667083026457
-0.248204694779514 -0.0121965534292529 0.256939650586125 0.164937056474679
-0.226003082307766 -0.0929673175265153 0.134556754706787 0.241932307387214
-0.187452248430287 -0.236847947829568 -0.063755830865312 0.176489159435505
-0.0214130780969285 -0.31222743573466 -0.136773655755595 0.0361879376080491
0.142059942930255 -0.228547085327243 -0.162502677312869 -0.181435750896948
0.20514840770738 -0.216570298261834 0.0612426331518162 -0.226218698070083
0.381738206645351 -0.369886878244981 0.188149262832043 -0.163067775675332
0.284866841112829 -0.485500093994499 0.0334445602525784 0.298416020485756
0.0665122797012358 -0.539846068250468 0.544674890533756 0.171199071842569
-0.160901831952446 -0.504382119059875 0.371824107505323 -0.235923746419082
-0.326155427034787 -0.382937157101187 0.0282326738142892 -0.212767447758917
-0.40781761426635 -0.202382876277409 0.00186755434959823 -0.0167638402159025
-0.417709602670354 -0.0315555050305963 0.117905650677724 0.0949075762167074
-0.357615585321271 0.0137770580664238 0.194904640315557 0.0897440590237484
-0.339014642391173 0.0469686742146777 0.204291079818487 0.0880173436481868
-0.350682632653777 -0.0483665864449118 0.187339190668783 0.17143747223246
-0.307846638785481 -0.142051580411509 0.102523692729788 0.251718484884034
-0.270840100555912 -0.286532403652927 -0.0834145652500253 0.19782988258379
-0.11666181786227 -0.407556618192809 -0.157935760938054 0.0599285682881257
0.120599772475233 -0.404208961830885 -0.202511850837053 -0.132256148067449
0.291094907983281 -0.400844794267815 -0.0422154104310745 -0.149846347820447
0.444309768023612 -0.421463220574819 0.046137261854349 -9.54682955620566E-06
0.282051617384291 -0.547943634874046 0.0108440545186311 0.414825369995249
0.00962665774178926 -0.537916232000395 0.537612949756773 0.164155726727323
-0.171813836136644 -0.435110254223833 0.334374455678175 -0.277000669776589
-0.282177858179945 -0.361666574181621 -0.0538987731397911 -0.276905438768966
-0.392096872975982 -0.232019995473692 -0.126643696783151 -0.071128285816837
-0.436978176532606 -0.0699148594878976 -0.0323231633691131 0.0680468891363811
-0.395021120016947 -0.0188699502916329 0.0326586609286348 0.0883264930956948
-0.397559018547472 0.0190740556027917 0.0581966939759921 0.0961791936863966
-0.413511208085213 -0.0889780217793162 0.0752633018507469 0.175440000391146
-0.356670120762981 -0.181666117835187 0.0338513542255804 0.249930991620014
-0.323483697915833 -0.312744582131368 -0.120690348208633 0.209443299573747
-0.196026784795693 -0.461016792774812 -0.184147915719076 0.0870381114909037
0.0851335133771113 -0.537627003493327 -0.230024282154017 -0.0620260782799632
0.340784796978273 -0.530835703905785 -0.144022630994283 -0.0250577010426887
0.42005710752424 -0.411955991874256 -0.0917226504336151 0.138467140584752
0.198488141269752 -0.510038791664329 0.0164501404095081 0.463912509906278
-0.0558913959963114 -0.413483465849698 0.472655526626061 0.110830099898009
-0.133002395925012 -0.270489449152078 0.251793010964204 -0.285976617794373
-0.181826946613952 -0.277121388799755 -0.119168194578054 -0.293128319633295
-0.311038720852584 -0.220414335850093 -0.225136280144842 -0.110984486719838
-0.387707372796023 -0.0950475283934097 -0.171023630745693 0.0336013131817914
-0.373086831038994 -0.0506141480621995 -0.136038502740436 0.0769324764683886
-0.39732899690647 -0.0220488840261139 -0.105755668560196 0.0941578110782188
-0.405461179974461 -0.131790226892721 -0.0639661350916549 0.162140727481226
-0.330745436739759 -0.20842357487267 -0.0637423954271139 0.221103328301947
-0.299657252996671 -0.295297176985222 -0.17293807114348 0.197095441867317
-0.225410590174252 -0.45238408230936 -0.217103983143507 0.106020598749477
0.0596740568907431 -0.58949540001271 -0.243716421754304 0.00953580505201153
0.361234842984786 -0.57176946673835 -0.235496559219249 0.123420489717533
0.328608504642878 -0.351581768741534 -0.193328717977507 0.236256472127253
0.0738736638824494 -0.398695792934552 0.0452878485767505 0.441371202005108
-0.102518753553345 -0.235279094780288 0.366643186316906 0.0451590173664157
-0.063294980574 -0.0928699408288575 0.158479424778381 -0.253315084177739
-0.0655157533087997 -0.178069528513888 -0.14827399411895 -0.268989553854779
-0.199506016033313 -0.185511447620753 -0.280368049986321 -0.133524756201219
-0.28811254081672 -0.106296379362934 -0.280499748240427 -0.00201456913315027
-0.294727141197914 -0.0771094632120941 -0.287325642119799 0.0546307703215118
-0.32608286201777 -0.0654387227671478 -0.260274048090209 0.0706550277226918
-0.309328972728156 -0.160685424845672 -0.198769492863401 0.115250194576639
-0.22204014068881 -0.194877687185816 -0.156825401917633 0.157680545514871
-0.204737166502767 -0.215742405826215 -0.223516586760877 0.160581401303847
-0.20246905203285 -0.36916880368462 -0.260177209353686 0.106142750078448
0.0501666373265175 -0.541025653505158 -0.250614709326634 0.0556554134894076
0.340568277613832 -0.509205220825613 -0.312503458881981 0.262697204992368
0.198419320684125 -0.24908479407216 -0.244934427698642 0.28918774899384
-0.0442422258750784 -0.255194637009136 0.0786532159107571 0.380557389902798
-0.114872454463459 -0.0655701820511806 0.257232038526163 0.001140923923912
0.0094844956338844 0.0389910812889576 0.0920795735055056 -0.201314852435711
0.0316506353808839 -0.0932595912775259 -0.145402953597773 -0.238770328951778
-0.0846900839843295 -0.140742197846554 -0.298740899773264 -0.146725907985132
-0.158274855639997 -0.105976779335656 -0.354858540933145 -0.0340726745868925
-0.17167247498136 -0.0915883729129058 -0.397527922276665 0.0245366779261314
-0.190020880404183 -0.0951549417749223 -0.373605540727067 0.0240057060006084
-0.144396896365726 -0.147329295435402 -0.289013553490645 0.0395077312472457
-0.0665448133990218 -0.119633764586475 -0.208568085837694 0.0777431474571156
-0.0920065699324576 -0.0719613671022077 -0.25268793806036 0.121869941197806
-0.159281935441354 -0.219977031631592 -0.310882000766955 0.0856632161247384
0.0325789126645985 -0.395988980906938 -0.250236490667999 0.0547502965802239
0.266261087515431 -0.351566114933367 -0.36474745482238 0.358492439091954
-0.0896599829479998 0.122646963036627 0.407256296714089 -0.426549947058459
0.0391214598450136 0.171947117162328 0.153867109243334 -0.0299118959648039
0.157284600591479 0.026920961721554 0.364432872371311 0.0423659738635551
0.0361814067086658 -0.127105189227663 0.290483980682018 -0.104283980811635
-0.0904923831916235 -0.0433996442839674 0.196681271058918 -0.0049505990250803
-0.0438175061881588 0.058331373122356 0.280539276781645 0.0925952848096759
0.00371237511874077 0.079981813933333 0.393377501780706 0.12659249423374
0.00308250320001391 0.0755501275644327 0.459827700255526 0.105243507386422
0.00588847191597512 0.0888088656896557 0.410990981626143 0.12942453083413
-0.0398556445174401 0.0775578602565395 0.297663128261219 0.197584196825039
-0.0984381709101339 0.0125278204648626 0.139599853273691 0.250144254123496
-0.0501575087943875 -0.127111749245146 -0.0697412962876031 0.181398847932246
0.11954539905032 -0.078961996367945 -0.158483445207535 0.0134233719986736
0.0584666986856062 0.128418017082572 -0.060802465559079 -0.268875241295257
-0.0846863436936069 0.14117989466042 0.2821283340907 -0.209674262236643
0.107359358074944 -0.0675175244484524 0.426524056333819 -0.384396128860095
0.153772350718123 -0.0667805088207291 0.118927111554523 0.0500600852843115
0.172887257373748 -0.197595380340711 0.442015801429268 0.112396207948428
-0.00403974932572474 -0.322156714667198 0.348386924819394 -0.127672680588238
-0.193699582152553 -0.225813730813239 0.160922255150789 -0.0398112157902022
-0.210946093474669 -0.0706549175113979 0.226442164083917 0.0987200420465733
-0.181324064530608 0.0241914415522641 0.351524074790663 0.154883584086588
-0.151391014501654 0.0344075484165235 0.429653170342832 0.130301911895903
-0.130287904110252 0.0522675089674431 0.39037728284156 0.137319633685257
-0.1429265783975 0.00555071469368559 0.286822873711398 0.208050676724878
-0.147647486485843 -0.0661665343011113 0.126737599032059 0.262620333424977
-0.0911716723133789 -0.202206829404501 -0.0726040797858494 0.172485369311372
0.0942519884887615 -0.202872509731549 -0.140150155824086 0.0150399791125401
0.147468720566307 -0.0275207351622133 -0.100255988482296 -0.237820700845058
0.103743220645505 -0.0103170375402407 0.204831598076898 -0.234107532094894
0.306864856306374 -0.218154429966499 0.367627061500398 -0.28078031817865
0.286042762469644 -0.28620830347594 0.0626021881719844 0.170297602285712
0.187086851648562 -0.406214552446082 0.50603938816075 0.18440760497903
-0.0394222496501214 -0.480446538709484 0.404218394587741 -0.170365331012742
-0.254354407741914 -0.377856883330661 0.109009395932453 -0.125331486395322
-0.331200972079552 -0.197635552833592 0.125241205495442 0.0546642420174436
-0.33258018644289 -0.0445875542433146 0.249741414092635 0.147072921106233
-0.283718305270161 -0.0130929281360781 0.335342643348345 0.136648160102712
-0.25667203263274 0.0179061976284187 0.322713780224842 0.132493822121236
-0.253792405672034 -0.0588377474466297 0.253072519543865 0.209599148150771
-0.215695483111501 -0.141522998363061 0.114411505095328 0.279061079493592
-0.156279204187589 -0.277434692804132 -0.0816670639534556 0.187042524459497
0.0374743069042598 -0.330053494004028 -0.149830496514438 0.0247991878861249
0.195277028954534 -0.211678968637733 -0.148004396612335 -0.206281014246048
0.267101797032878 -0.191243757183882 0.0925126486865041 -0.217836801828
0.461125770604255 -0.311128209937175 0.236083545925836 -0.144202324598551
0.381121973735282 -0.439709169640687 -0.000697177911423268 0.308386895902389
0.174290704034894 -0.539704633957617 0.544016173254207 0.225778639680757
-0.0784141602646879 -0.544551344327881 0.428337742271163 -0.226438529693833
-0.268259072200676 -0.450116418241551 0.0430772333741808 -0.231252056859431
-0.385824478335263 -0.2842059727156 -0.00175909079926185 -0.021221647461074
-0.424450362324118 -0.104931085991113 0.107046837426535 0.108443567534321
-0.373717664041917 -0.0595667127357359 0.194179040888917 0.122950791028969
-0.359015089322704 -0.0163072659000315 0.208316511324105 0.12196269028041
-0.356100892033156 -0.116106803059491 0.181153383709798 0.204923966239131
-0.292759175863567 -0.211312150154088 0.0831653393081433 0.28697794554824
-0.233862790527332 -0.347421618592493 -0.100846101490113 0.208342482310563
-0.0408372091160827 -0.448280671541233 -0.174722474163553 0.0487055923748064
0.205271596774636 -0.399885284285742 -0.19608638332926 -0.154807447747514
0.392926609615092 -0.368044494385736 -0.0373504912067476 -0.150857950491158
0.531760698722103 -0.348113472557922 0.0642230250417911 -0.0041989970577821
0.385957898705935 -0.502744854835641 -0.0440238594986666 0.421475044438483
0.112560590591133 -0.547491455800131 0.53463649709139 0.218054784631656
-0.101035806095971 -0.473206739774811 0.394635745918447 -0.269406616935048
-0.229844721183874 -0.419859303311892 -0.0295180442105345 -0.31153173666412
-0.367550219554283 -0.310605300829314 -0.127362089036985 -0.100166185284845
-0.439091488123091 -0.147894263823335 -0.0474440099982875 0.052730705417705
-0.408348016016345 -0.0994056654717731 0.0239662738537205 0.0944698383163609
-0.416239317234452 -0.0551800288930934 0.0542605942895836 0.105678740919827
-0.417452695735901 -0.169972263440326 0.0648129861715555 0.191463816844843
-0.3373428733293 -0.26606816359243 0.0137934024735423 0.274964639466936
-0.281872410054526 -0.38504576309806 -0.138317806249897 0.214548114905071
-0.111385710262979 -0.522080917059563 -0.205499138924572 0.0745460883636801
0.19240802017815 -0.54341303659368 -0.234190892673019 -0.0817204823298753
0.471414651739539 -0.494639888708397 -0.171653513240136 -0.0352543100183751
0.505429054007685 -0.341098813450975 -0.101868086254097 0.113964719842804
0.29383851922802 -0.4764105168401 -0.0481814353680102 0.471422598786427
0.0227939241171995 -0.433288599828779 0.471119686211963 0.159326327435358
-0.0889961063249916 -0.299713624684228 0.308682851963901 -0.282356252588592
-0.141781946271636 -0.316493752871182 -0.087466380261119 -0.335709320143821
-0.288056430576022 -0.282945120876336 -0.222949206705251 -0.158269155222734
-0.386568574399199 -0.165033886150514 -0.187329069100103 -0.00667243555147631
-0.38091003296814 -0.127516869003991 -0.151487916191631 0.0543047915302998
-0.408934708337798 -0.0975558385106171 -0.117503628528831 0.0778528445312492
-0.402408421760725 -0.213044500528197 -0.0793223330822462 0.156374537019522
-0.304904636819192 -0.288579673376087 -0.0849364261197608 0.228356406596988
-0.260669116702105 -0.364770246934808 -0.19243265889992 0.192417268654227
-0.141719094140157 -0.51884342092685 -0.242792446218235 0.088510092845774
0.174753466919271 -0.601807238802082 -0.258913597608022 -0.0086601982601466
0.499909648963077 -0.535062894303014 -0.29654933189352 0.102764179358622
0.400127930422842 -0.294200847936938 -0.226316856745833 0.19751378423735
0.147370137651357 -0.386751670814236 -0.0197868302744575 0.452451213557764
-0.0597277955420959 -0.258728176356865 0.368179010272696 0.0856647823004327
-0.047419831408417 -0.10806781739408 0.207459314927285 -0.249824049820549
-0.0414546879824262 -0.193889028136979 -0.114850430403379 -0.312978043602846
-0.180786143151738 -0.226274292606669 -0.274774185690916 -0.190881537582511
-0.283274323401335 -0.159077407044747 -0.296489845774049 -0.060421553868777
-0.295935953745076 -0.138215942735642 -0.30735255644143 0.00727402029764391
-0.328243478586824 -0.128414508109252 -0.278842890388291 0.0312106497407411
-0.298594800229474 -0.225403852126813 -0.216061016623617 0.0872101991055296
-0.194321059389754 -0.253093287882167 -0.177657835067241 0.146219789761035
-0.17531915017109 -0.266034975608958 -0.245701330169184 0.1427862124943
-0.134526888281392 -0.425825553312484 -0.286125459503704 0.0793728040964659
0.152492463957415 -0.552032919290051 -0.273341317434988 0.0354185025483979
0.464953211827001 -0.468548142027738 -0.400020491689465 0.228830106891232
0.249172254842364 -0.212309835140068 -0.29427666805037 0.245601600388958
0.00212859843516057 -0.262410465701912 0.0204553984752861 0.397644061985499
-0.104440066008856 -0.0883170225093679 0.262576165262463 0.0328148334697277
0.00476708850393277 0.0375138577739353 0.132226127167306 -0.196276055124461
0.0429603165492312 -0.0905649804731121 -0.112122324531107 -0.278595700554703
-0.0700894166879798 -0.158721925891777 -0.291920604851189 -0.206416232208341
-0.150216848541149 -0.135637659777639 -0.369064723316841 -0.102958662242103
-0.165636537036272 -0.127278568788264 -0.418731531766573 -0.041413592619906
-0.182568304617314 -0.133343310216736 -0.393177983568332 -0.0335275745550123
-0.128685351382865 -0.182161445055682 -0.30487257661624 -0.00480426683781549
-0.0466939136766873 -0.142019862999329 -0.225809304783208 0.0501671512152716
-0.0829139643545551 -0.0940258522621648 -0.277874373447143 0.0891348515514193
-0.121299614715637 -0.261655172214487 -0.335525245837366 0.0471798394420793
0.103977032004932 -0.404977862985187 -0.272200033152249 0.028157428834222
0.35176147010496 -0.316369522167735 -0.465120444901354 0.312955129508287
-0.0761206726238652 0.131486822459782 0.377156491101092 -0.457965288127352
0.0555719502165923 0.169342972370466 0.159528140134 -0.0351925862266862
0.159408714430262 0.0108568836274501 0.372359054727156 0.0104412193767363
0.0242480904542182 -0.13063516226643 0.280434074295948 -0.129918304787648
-0.0950878010202566 -0.0315697217770728 0.199408210760541 -0.0193988917086601
-0.0358687189164866 0.0638177615041063 0.294098607767076 0.0714150102737039
0.013098316844335 0.0794333484592329 0.412097210589087 0.0949056259499506
0.0112615440217277 0.0758791252828015 0.474354478209451 0.0640414101107857
0.0163679245875589 0.0865683763404413 0.426324017465292 0.0966504505990451
-0.0314015432721887 0.0810491728650031 0.319213090334754 0.17466190324769
-0.0959344624171993 0.0229209463896997 0.162038893282255 0.240836500444377
-0.0634893917329588 -0.12219393250453 -0.0552440510412908 0.191343957440121
0.108763743577233 -0.0900402377740643 -0.157216125052525 0.0274899391439921
0.0749566122789588 0.124396357475473 -0.0883464668676027 -0.26365619009704
-0.0680682306045849 0.148420091796478 0.271667399921981 -0.234244025787345
0.106021374998401 -0.075034277019402 0.399527382726842 -0.41560129934872
0.152724228749967 -0.079176164030812 0.13168525977092 0.0478318553686672
0.157668522452241 -0.216387810071633 0.454910299269949 0.0741532015103805
-0.0309129767340195 -0.325602875081429 0.335615369768988 -0.158674988508072
-0.214351917269842 -0.207683186685007 0.160073709706199 -0.0490937132373738
-0.215880115832231 -0.0516850733862623 0.238810033751942 0.0836881105310685
-0.178881195462194 0.0379426575693312 0.374171653653643 0.128055485794089
-0.148621476552143 0.046018208301717 0.447034332290709 0.0922428190075213
-0.125104780931966 0.0605323903368525 0.407334828068523 0.106163294636658
-0.142637963075287 0.0167801460978194 0.309149209078748 0.185106971415604
-0.152245783450843 -0.0527630443963465 0.151526861776437 0.256091784711007
-0.109921427646228 -0.195053411377065 -0.0603580359886276 0.183522430625701
0.0731895994470064 -0.210728777804741 -0.139628403031996 0.0262115528614796
0.150309039085843 -0.0386400202448991 -0.123921099014739 -0.231065957320039
0.107469377611983 -0.0186014374631609 0.189583350306781 -0.252001974983846
0.294417730637918 -0.242582260125338 0.347059253757563 -0.308142495080999
0.268115159173979 -0.310990427390301 0.0829283846840507 0.174285130963236
0.155519629753773 -0.42514382712811 0.527295959715698 0.139703211695011
-0.0775280857697518 -0.481673070158484 0.388655636370763 -0.206059375957201
-0.28663093661117 -0.358197160224092 0.101414841743543 -0.129498522912281
-0.349332745394489 -0.17075478340577 0.134210782923578 0.0478320831577457
-0.338764448084418 -0.0187095784359338 0.271446421617925 0.127835439891584
-0.2872834793507 0.010067870031861 0.353839255870644 0.106293970978578
-0.256247944830182 0.0364130301927321 0.338995680064428 0.107555488001643
-0.259893054483259 -0.0391363351137853 0.276135342628331 0.189931774250319
-0.227633475579025 -0.124962498607118 0.143478051041547 0.273255964839188
-0.180252208694943 -0.266859617651112 -0.0680487729178633 0.200544694680744
0.00571105047314505 -0.334220085293486 -0.149494622721946 0.0377929931457909
0.184081756639999 -0.227016088550352 -0.168882006533198 -0.196139871167527
0.25607511758243 -0.212125606960752 0.0793971573866411 -0.22695482746504
0.440700670111411 -0.349532884178864 0.223376726144726 -0.161726005374926
0.350175246035714 -0.472746234588258 0.0289866193910335 0.316884124837725
0.131071995987165 -0.557091181781968 0.569029023333945 0.178192487219432
-0.119589824888274 -0.541040028936036 0.408659255353173 -0.266058628096947
-0.307847587399188 -0.431331735229922 0.0264550900004871 -0.230649505229566
-0.413787519769135 -0.254030789412952 0.000279342756766955 -0.0194039160196446
-0.435675592910807 -0.0725448827544447 0.124963288902824 0.100199456453969
-0.38311773444791 -0.0300708945771831 0.211619842070182 0.104393289235494
-0.363469904121664 0.0106801321168632 0.222431227006777 0.105477979269927
-0.370009164087234 -0.0890340664003864 0.204605346003708 0.191543163668557
-0.311932453529963 -0.189985222930019 0.113425050434655 0.283746313875394
-0.263446759185133 -0.331880950035879 -0.0858536248471905 0.224250650487741
-0.0801153589039045 -0.446418879405009 -0.174208316355203 0.0637311164268085
0.178714824685148 -0.415892089262537 -0.213255013994926 -0.141691813119791
0.366231755185882 -0.400045348749619 -0.0472895317809217 -0.149366010455229
0.507296332584709 -0.394587878648932 0.0607690404071267 -0.00826012631178801
0.348391732936841 -0.535331211592279 -0.00575948238938136 0.433362000555295
0.0685737865212517 -0.556270103499032 0.55729549883139 0.169007904304882
-0.135317082205956 -0.467942854697618 0.371775074736661 -0.308934974186769
-0.265270554593094 -0.405860592925076 -0.052905711318467 -0.30704351803426
-0.39664723827273 -0.281829131833932 -0.133401198325551 -0.0893228217408376
-0.457140893205141 -0.114496217088905 -0.0356037089736952 0.0559780553960282
-0.423626072332614 -0.0666541143802137 0.0372316776638355 0.0898487471828894
-0.425136421512568 -0.0228311610729097 0.0663569718974954 0.102466672318161
-0.438280233233243 -0.138343050550165 0.0858652559684465 0.187773833980691
-0.362677958568559 -0.242229173896027 0.0423288582760312 0.276871916186941
-0.313930630822555 -0.368203248830305 -0.124951507364866 0.234002267422886
-0.155870104652485 -0.514552583655355 -0.204269740247108 0.0925827604948131
0.153307983543795 -0.560274746916032 -0.245939533931248 -0.0673958349774701
0.434523993372548 -0.532732333573533 -0.173583964882582 -0.0236409039168358
0.47934392462542 -0.385894021361367 -0.0977536206386725 0.122748213401976
0.254914187546699 -0.499333631411201 -0.00784972492675974 0.48079493236459
-0.0151622477682213 -0.432204832007325 0.488663353601511 0.115101169590788
-0.108261375249436 -0.293964781737518 0.286929357838172 -0.313325645082661
-0.168578773664393 -0.308997807603084 -0.113923230207262 -0.327889927403539
-0.31678585343974 -0.25997338134185 -0.234754645173945 -0.140927443494982
-0.406296380193629 -0.135314117775486 -0.182662934865068 0.00693054660194395
-0.398190168499405 -0.0979538611837004 -0.144277651613878 0.0639322149743012
-0.422731205062806 -0.0652887202842371 -0.109962768286994 0.0892113337427529
-0.42678469341585 -0.182490011659189 -0.0640174404118951 0.16402595494568
-0.331617989348411 -0.268222003770682 -0.0624504854566584 0.236978583839143
-0.289899777861022 -0.350471474025087 -0.181268626821407 0.216062013471319
-0.185102580336617 -0.508677289303502 -0.240797582986972 0.108907913678658
0.130358068666544 -0.616538712013714 -0.26487523318744 0.00723341190237859
0.458832545951974 -0.575196633274863 -0.288593341796382 0.124931722825898
0.375970276101757 -0.3312464535687 -0.216721286011551 0.217044974562935
0.113156283853652 -0.397559691001227 0.0180317130109997 0.456797040293924
-0.0834771128361228 -0.251746769517786 0.379018716469434 0.0492187338324482
-0.0513876314786587 -0.105702207617707 0.188881070373671 -0.272681711328309
-0.0573635738254049 -0.195194038963093 -0.139702081529621 -0.304081548366393
-0.204958076602027 -0.212245250873681 -0.291637933847738 -0.168981164780741
-0.303238956161794 -0.136644748372711 -0.300646235482391 -0.0384194473149569
-0.314498373636354 -0.114719797062717 -0.306297222985551 0.0294954271868308
-0.343858289417332 -0.101354670944389 -0.277108387281445 0.055861764248258
-0.325145634471187 -0.203760298838431 -0.209360093505703 0.106315974183075
-0.217780145138347 -0.242047301820583 -0.164565013946938 0.160383367037983
-0.193906207201735 -0.257957847153083 -0.23856990988004 0.168501974932496
-0.168228242896708 -0.414786837615716 -0.2845565471806 0.103806298979083
0.108853926207974 -0.564869622319539 -0.27614705360298 0.0526390776905312
0.427826941470809 -0.507553476118363 -0.383206133755949 0.258876982014555
0.230333263663791 -0.237992797345837 -0.281097978366058 0.271004116550342
-0.0219588585423463 -0.259590921380459 0.052747461666922 0.395696368905972
-0.11329413198652 -0.0771910455366219 0.268202524506949 0.00550738036328118
0.0129304412106454 0.0349429156095971 0.117316336106596 -0.213153394460702
0.0352038095800112 -0.0979211131357295 -0.135557062535572 -0.271533303541182
-0.0888279829274412 -0.152827738902581 -0.311065465457867 -0.184082420476152
-0.168025723804203 -0.124095629213801 -0.379664919836906 -0.0758296866702605
-0.182127329355542 -0.113438008630175 -0.424962061538913 -0.00797663848404417
-0.198139435830177 -0.118200200242326 -0.400107699484561 -0.000321413119388738
-0.149833211196639 -0.174083860240141 -0.308237130164645 0.0203092597466011
-0.0590883200056057 -0.14298578260655 -0.22310242962086 0.0655268668097471
-0.0867075602316486 -0.0912498419498061 -0.274632814547229 0.116172400982354
-0.142685059399303 -0.250758652914784 -0.33509318971051 0.0760833211321485
0.0701531344285784 -0.412210171195963 -0.276079460052753 0.0447859423899847
0.324831244326001 -0.345930297229253 -0.442992151321828 0.348730941795961
-0.0624676385719876 0.132255811637969 0.340860409169675 -0.460899529962286
0.0666514680297405 0.16013555572296 0.160871134444323 -0.0381507597460748
0.153592607055454 -0.00269589390524825 0.363654602662159 -0.0151421055623013
0.0134828538712914 -0.128447956584196 0.261003859235321 -0.145007865139987
-0.0942030976021437 -0.0199574672007953 0.192850637484644 -0.0304068702912745
-0.0278588222209683 0.0646976327337765 0.292207216104744 0.0518604306988521
0.0198479765756804 0.0750058456458999 0.410303724820409 0.0667929097216333
0.0177218901856348 0.0721613564606775 0.466403502784982 0.0307705840526636
0.0230570130787699 0.0803137673196865 0.421503639523384 0.0668669935445691
-0.0231922353167494 0.0803117706967583 0.323015387502724 0.148959918125592
-0.089907987930906 0.0302160981650494 0.173255016407649 0.225376355078977
-0.0706654133127776 -0.112589757283839 -0.0408883108038326 0.191168120430495
0.0954933137537664 -0.0939110302135882 -0.148846028211705 0.0368925040098698
0.085939073562172 0.114720734501948 -0.106271711300097 -0.248013710329435
-0.0515758864733486 0.146867614708354 0.253044562037329 -0.245217870528275
0.102268453064121 -0.0784204010341481 0.364373993171837 -0.423328692312102
0.1462452656745 -0.0854932468922494 0.138240610964099 0.044837015507549
0.13925665473605 -0.221415243172276 0.44728440523966 0.0412164822434752
-0.0513895256082229 -0.315126627025731 0.312714488610986 -0.175379457052016
-0.220524152394784 -0.184703126178527 0.154280238579387 -0.0546688204709734
-0.210711820179432 -0.0361088036680204 0.240865248070872 0.0670646298985264
-0.169311094140829 0.0466278787219305 0.378304446956263 0.0993836180286798
-0.140551549739472 0.0542767968922531 0.442951076879769 0.0595553071937526
-0.115743048398723 0.063882893676072 0.404904150637023 0.0779985757259134
-0.135667140291161 0.0239682953436916 0.315412637823715 0.160914024902986
-0.149146773110232 -0.0406589537939752 0.166428823670139 0.24026873905204
-0.119521810909081 -0.180648897063844 -0.0472724263116185 0.18527780568109
0.0535274312384465 -0.207593444782811 -0.13321584817882 0.0342461958925295
0.148500608332305 -0.0464514911397776 -0.138802429669498 -0.215100484963882
0.107230061288657 -0.0243987295579832 0.172393762747174 -0.255989517523838
0.274426248686241 -0.252487077794393 0.317241173197985 -0.316320980885077
0.24495422355457 -0.315764323104049 0.0979586744232459 0.170478223791684
0.123924153192769 -0.421201357940011 0.521541043813032 0.0995041585001854
-0.103385121674061 -0.463353189246452 0.360225166355021 -0.225806520762787
-0.30060357720473 -0.327908908872901 0.0931868894882617 -0.127756664796572
-0.348207593466146 -0.143854146260716 0.137026940207954 0.0398661233411077
-0.329343192656121 0.00101247231748108 0.278462631924275 0.106353380741749
-0.277721217967478 0.0272730810274711 0.35392380096223 0.0771624359650187
-0.245298509975175 0.0491123094560992 0.338123234910584 0.0827468402084794
-0.254766574702367 -0.0238031941208836 0.284510340111789 0.166827030684463
-0.226825938763501 -0.107654338993051 0.160925139778883 0.257452767287215
-0.1914275474392 -0.247262560959659 -0.0545223545210422 0.203763475423109
-0.0175934745763948 -0.321688261117049 -0.143937522278733 0.0455950242729247
0.168566469880253 -0.23020539667184 -0.179712726554811 -0.179946828077762
0.237350344778738 -0.21928148603377 0.0666443172699389 -0.225641748512704
0.407585727333275 -0.365521614089978 0.204253606113786 -0.167632335997177
0.313974383625204 -0.477002025852914 0.0534577211238038 0.311813396584848
0.092503611262537 -0.544958941695046 0.56399555913041 0.13356708960993
-0.145463306284699 -0.518135015492257 0.376442012904113 -0.285184796919735
-0.324920168221443 -0.40054900489734 0.0144377246449649 -0.220746830699349
-0.41594335594849 -0.220810247043868 0.00295053176196684 -0.0170428008853859
-0.428727104046132 -0.0452370565849214 0.135058555058692 0.0875132579014898
-0.375055022771961 -0.00481362816000663 0.21508268104103 0.0832982992494275
-0.351163862430088 0.0309459165870842 0.225680536781627 0.0878850551207039
-0.366009926315434 -0.0647235368292268 0.214388783417393 0.172827210103474
-0.314994200264727 -0.166012812281451 0.134182351687865 0.269184618986983
-0.275148649796957 -0.307843070586407 -0.0706981442103358 0.229382094811116
-0.107560916522199 -0.425729318878037 -0.167285255958462 0.0729720478200865
0.152225059999718 -0.412253628107233 -0.218751841505638 -0.127112364126562
0.332576247204708 -0.407053288229496 -0.0520579701827175 -0.142883458611858
0.467791088476645 -0.413586046166484 0.0541017117811075 -0.00952206308067615
0.306364233422812 -0.536208400927051 0.0251973705482509 0.424095953861999
0.0316578836137095 -0.539860759845333 0.552980928351711 0.12387400429691
-0.155160562800884 -0.446339938988703 0.339746966867542 -0.325818666264823
-0.282277471238291 -0.378906279309629 -0.0678717757228986 -0.291582330475388
-0.403968030231199 -0.248285219353559 -0.130902758021945 -0.0775978633764353
-0.453970707682384 -0.0838953937883744 -0.0241893537807918 0.0537398258622876
-0.416549392959322 -0.0385526795719988 0.0446861103242736 0.0796419579197054
-0.414588241063986 0.00316891843385971 0.0737543865475588 0.0955649501021611
-0.4360167583993 -0.107167464833995 0.0988062226052114 0.176410415451493
-0.367617703962643 -0.214967440895204 0.0638683567586873 0.265612519424808
-0.326850764842869 -0.341384922621339 -0.107691304460922 0.24219820751751
-0.182143382577494 -0.487655824767795 -0.196496539916635 0.102448270501231
0.118977816453195 -0.549670096427887 -0.246438329616067 -0.0535967108908921
0.388866581623903 -0.539499469205497 -0.167432640627917 -0.0134960343173625
0.438387520889059 -0.404814430184392 -0.0915906196053021 0.12554143672264
0.215837576415482 -0.496286797798574 0.0244643517682375 0.469065458129832
-0.0413151370157972 -0.413249234449577 0.480873027295122 0.0761888555883396
-0.118565948968328 -0.279624852885209 0.256140165775912 -0.325683344517967
-0.18228204359877 -0.291622729722546 -0.127760562046493 -0.309048824544683
-0.326276352868772 -0.232154210023763 -0.233933525379608 -0.121820998718204
-0.406921472008753 -0.105977265838368 -0.172434900026737 0.0153562512907122
-0.396475262568408 -0.0690240027252208 -0.133181473038112 0.0667671053091032
-0.415658399414811 -0.0373509739142309 -0.098900754812492 0.0934302359931041
-0.430811539251471 -0.151611388440593 -0.0488709473308356 0.163141408913986
-0.340494592828773 -0.24275710393657 -0.0417858058096675 0.232685927011803
-0.300117396100128 -0.326377538758602 -0.164813988252851 0.226588406385409
-0.20883754959982 -0.481240653868624 -0.23102055310469 0.121107585438504
0.0899785173197362 -0.601885880805164 -0.260322751398531 0.0194625800659957
0.409039620876683 -0.582545677719049 -0.271149052249379 0.136053881744494
0.341174978452172 -0.346670007297385 -0.201730410862689 0.224001543616007
0.0817158438252028 -0.386292864658507 0.0467554259235719 0.44192864212064
-0.0980493923163278 -0.232774567419458 0.370133419246292 0.0178702918613203
-0.0513204122261138 -0.100747945864815 0.164750629405283 -0.280152753220441
-0.0685579062583175 -0.188486278149685 -0.152805347239864 -0.286367408659201
-0.216669196879673 -0.191321167470597 -0.291960040016984 -0.14679795773919
-0.308098888838861 -0.113066087354024 -0.291127743098639 -0.0217754828831151
-0.316185593680602 -0.0900912543206432 -0.294090053120951 0.0447951287461923
-0.342482437016756 -0.0768212386956176 -0.264081512231222 0.0717070128661249
-0.332991340124493 -0.179026924847564 -0.195493686513904 0.114939664911414
-0.227563153430026 -0.225313894882799 -0.14755989121679 0.163785873279228
-0.200443429481703 -0.242368792159033 -0.223593660467236 0.182745279933634
-0.187105002661801 -0.39041574274062 -0.27236886860433 0.118909551188457
0.0733712352155008 -0.549333047205442 -0.268368602606672 0.062819350882196
0.382535232706894 -0.514560351450658 -0.35538297213494 0.271179471140846
0.205216499269258 -0.24855841522672 -0.261399156693181 0.281948131787394
-0.0401159765794201 -0.245440630037935 0.0766845877305149 0.378200051011219
-0.115388377755996 -0.063380998584639 0.260185073833113 -0.0176481450056912
0.0186660842320263 0.0306094408628778 0.100894796970887 -0.217880235920727
0.0264608657721955 -0.100618757166054 -0.148005006343877 -0.25559138102268
-0.100259216181907 -0.14097641426079 -0.314063538312377 -0.159463746416028
-0.17538848430404 -0.108546484460661 -0.373171888852178 -0.0520689765026061
-0.188400687790369 -0.0975609313147114 -0.412556034863369 0.0178057477113133
-0.20245925179838 -0.101024837081783 -0.387449435313068 0.0259113240046337
-0.161143133056932 -0.160567533914481 -0.298669724739469 0.0382962025999886
-0.0672820046432642 -0.138675417849966 -0.212747831985155 0.0735419810407085
-0.0857084149565367 -0.0863207774454599 -0.259608049706419 0.132060189181089
-0.151670168862387 -0.231548761396923 -0.321252431445581 0.0956925384265218
0.041400206287919 -0.400551461232297 -0.269512332118123 0.0553726307821196
0.291415592736352 -0.354689657566681 -0.408600079357678 0.359390322074823
-0.0530428640304495 0.129481040962327 0.320868767120946 -0.450507610264305
0.0710348836372721 0.151810320661754 0.163638384004124 -0.0365466500210692
0.145950771392572 -0.00921691034756555 0.351409082910008 -0.02598648147384
0.0067544530338929 -0.123913044587993 0.245415641725817 -0.148175466783972
-0.0907260353719212 -0.0127676413334935 0.185632851929716 -0.0344841924829374
-0.0216272129059025 0.0635930549905903 0.285081313897894 0.0423751387804058
0.0238821930307344 0.0706186553604945 0.402377275061621 0.0519061254891581
0.0211330033821602 0.0692711856939856 0.452391613562473 0.0144046349029322
0.0256667823402499 0.0743187115825706 0.411063328123729 0.0535011908582741
-0.0179230197159239 0.0770496853110595 0.317337213668482 0.134940616745888
-0.083626158976731 0.0332726479914873 0.17417482518956 0.213332987588405
-0.0731103253143371 -0.104480063740227 -0.0332401514930531 0.187954672745994
0.0859686303724233 -0.092833456497859 -0.142914333538595 0.0393553832472753
0.0902293473679568 0.10655607262986 -0.112352362027096 -0.233378963717727
-0.0417874055305536 0.141560898511773 0.241971162097054 -0.244108174940548
0.100192326816801 -0.0774987555317941 0.340308141802066 -0.413569191789259
0.142756463988445 -0.0856950854281787 0.143162468046129 0.0452210974683643
0.127753229899962 -0.218015463456866 0.433854826467168 0.0243731735946571
-0.0589855235285113 -0.303425000665931 0.292298988799629 -0.179076582002088
-0.217126301711623 -0.169461377404897 0.149076340876504 -0.0549439944368611
-0.201641428695894 -0.0295735132794693 0.2362568034157 0.0595001733652942
-0.160425854604587 0.0474339952465763 0.372618774845032 0.0846334536226589
-0.13277615671858 0.0551511208854006 0.431402428000984 0.0420139855370797
-0.109107364325768 0.0616893813869052 0.394966814827367 0.0641081426132533
-0.128495286412143 0.0264933748474716 0.31148250075003 0.14555390472442
-0.142997733558549 -0.034121332497319 0.17053114458271 0.228771337279246
-0.120937068577906 -0.169498558526268 -0.0406708126365685 0.184406766203656
0.0433922141822276 -0.199188393719477 -0.12824649871133 0.0353132023719102
0.146594072254861 -0.04948435302325 -0.142537061002517 -0.201768361806781
0.106197118396583 -0.0261119548907745 0.163015536712154 -0.252114604241137
0.260810449942879 -0.249121225724603 0.296407893145033 -0.310237770233763
0.232051144802665 -0.308627195557373 0.1062733792268 0.167866109519232
0.110703028668615 -0.408651070006734 0.506966864583373 0.0798822074796604
-0.111230528349454 -0.445345330047306 0.336242366667963 -0.229597592790036
-0.297796190418888 -0.306980881777085 0.0883005431818213 -0.122799380182277
-0.338218959613585 -0.129591242946769 0.137215009617228 0.0357871963820883
-0.316531096922941 0.00838780468012822 0.279127339798969 0.0928095226576025
-0.267749344771069 0.033240376566461 0.347135867582041 0.0607762175292765
-0.235048437013227 0.0513768186011002 0.332193299042643 0.0701307243864616
-0.245731178075945 -0.0161332035832034 0.282251443650169 0.15209137232614
-0.221140450850682 -0.0978218993354187 0.16659867429309 0.244561883493417
-0.190839810799086 -0.232807953246021 -0.0472382683496325 0.203014904321631
-0.0274594714773406 -0.306730417488335 -0.139348065572166 0.0469689937461468
0.161352035806646 -0.225971476306805 -0.181362153328357 -0.169433433628109
0.225352562993504 -0.216615742582767 0.0611287105396179 -0.219282827807167
0.385975064922737 -0.362014266545983 0.189242334222922 -0.164037880604723
0.293700449364578 -0.466071826327441 0.0651007239625605 0.304189093883725
0.0759795371632565 -0.526401451796677 0.54869483731167 0.109965757672291
-0.151239885984981 -0.497630536910565 0.350480542161652 -0.287540898110483
-0.322751542080339 -0.377351738601351 0.0111016296411152 -0.210778531611843
-0.407354820610022 -0.202719187025798 0.0060200639559646 -0.0160788953849147
-0.415808682084542 -0.0340803540216744 0.139167077360341 0.0781104202709342
-0.36244676435694 0.0048365939585984 0.212509146124401 0.0705199827810724
-0.337846632706577 0.0367429359695616 0.223364894052326 0.0781579609666195
-0.356664286141795 -0.0533916696262438 0.215193059791022 0.160018316359866
-0.308375592082161 -0.153174075493871 0.141957405749107 0.256295267417348
-0.272963246259753 -0.29146970765814 -0.0624844569939942 0.228882261923952
-0.115597677643827 -0.405174254174391 -0.162049658946125 0.0748642835424112
0.141043276004564 -0.399509223377266 -0.217564715868568 -0.1183114346656
0.311205840479245 -0.396560332683338 -0.0513675710500824 -0.136984565586728
0.440521970556294 -0.411421648883015 0.0488943820394766 -0.00874235717111597
0.28196402113287 -0.521015391296101 0.0394551842913025 0.412394024018255
0.0179116142189046 -0.516000197656681 0.535796791606447 0.0999395529642708
-0.157874317572506 -0.427507364623478 0.316033585200052 -0.326607317386914
-0.281839369488505 -0.359874444755784 -0.0694793829213821 -0.277669991452056
-0.397333115563126 -0.227876329473316 -0.124920400519105 -0.07137212490141
-0.441331082596385 -0.0688225009816744 -0.0156260841156843 0.0492821807933385
-0.405414639723019 -0.0255240695765493 0.0477725467735826 0.0714681469196028
-0.400142538701928 0.0124713935013252 0.0762512074298752 0.089519907684754
-0.427009273271963 -0.0930963076062149 0.103789402818096 0.167358338836852
-0.361416130148755 -0.19973213115434 0.0736534452201078 0.25338855795953
-0.322656430417368 -0.324705024831477 -0.098742188020941 0.242759270755422
-0.188716532923092 -0.463577426369001 -0.189632899428135 0.104231327260906
0.10500362204358 -0.530265907543768 -0.243285899262919 -0.0486609146710576
0.361228282411505 -0.525707769517337 -0.159776378464194 -0.0101967022539981
0.410167150922909 -0.401287919127974 -0.089245547835288 0.124953033221894
0.194406874084282 -0.47829117102305 0.0383025164581074 0.453239988882281
-0.0507680188127973 -0.391632629329956 0.465153941748987 0.0540472151337264
-0.116542740119757 -0.267487285821656 0.236311808771225 -0.32496638505162
-0.183519560105931 -0.279253989108052 -0.129398457498283 -0.294137621258839
-0.32396248035093 -0.214808328115605 -0.226226532927547 -0.111831590185048
-0.399016522510095 -0.0911295898937086 -0.161281459455959 0.0154773052138909
-0.387522449966056 -0.0559273757384168 -0.124925417860517 0.0640865645930445
-0.403434992340737 -0.025307633220415 -0.089961515853875 0.0926082405446598
-0.424151160796925 -0.135592920475165 -0.0407607192685843 0.158021800242869
-0.337363619440677 -0.228760140420774 -0.0306354419580005 0.22405354784843
-0.29616063317769 -0.312279650709787 -0.154285633672774 0.228236997092268
-0.211450838099729 -0.456255540126689 -0.222592965223818 0.123106040832461
0.0760050042813684 -0.580832751113502 -0.255404490609774 0.0213513192960439
0.380058279924307 -0.568346093422585 -0.256781127021887 0.135041675054534
0.315209946341216 -0.345414719284968 -0.192057612665379 0.222638981012642
0.067801040000584 -0.368076877230769 0.0583973379328349 0.424471062961118
-0.10043369160829 -0.215420114934295 0.355904382296401 0.000639780572447635
-0.0476724087505693 -0.098117324543534 0.149126711199474 -0.278387048816739
-0.0719928849345409 -0.183416905403376 -0.15275171552959 -0.27236779764378
-0.217207323883797 -0.176815065091894 -0.284426905223079 -0.133539318243792
-0.304612495898208 -0.0996230529771562 -0.279182703653162 -0.0161344672648426
-0.312086886766606 -0.0775439558747418 -0.28060915467064 0.0476499404086612
-0.334436128754006 -0.0650730025148589 -0.251430844492197 0.0758278217871178
-0.330848025910544 -0.163858472873416 -0.184601420571511 0.116631370150075
-0.227704170482668 -0.215014841387411 -0.136886283433331 0.158961631093607
-0.197085635733982 -0.23367169934781 -0.212463178168486 0.186649882807082
-0.188109086843844 -0.369968040543946 -0.261978949567996 0.12214220146189
0.058179009605409 -0.527699601876406 -0.261719468527206 0.0629416613321148
0.354847930055046 -0.504923018891747 -0.336159789708869 0.267525390879172
0.186446394831848 -0.24755729129501 -0.247972264521806 0.279645227491987
-0.0470576897363659 -0.230088914380767 0.0835806767845349 0.360364866163017
-0.112660528891634 -0.053733511513821 0.249739466506744 -0.0289722549573496
0.0220744115638652 0.0256336752824489 0.0905633350128986 -0.216151003640339
0.0218647709267574 -0.100938228316842 -0.14868134474611 -0.24479368867962
-0.104704638749215 -0.131243571199309 -0.306692389259796 -0.146494848779989
-0.177399934562941 -0.0978698976169174 -0.360892817959504 -0.042239584220539
-0.187817867982102 -0.0875061591410723 -0.396715119429045 0.0263622069416409
-0.200175805910973 -0.0906703999330701 -0.374207362318415 0.0364921778628975
-0.16417868875885 -0.151222150488378 -0.288698927736132 0.0447509237607479
-0.0694326060754753 -0.135972334719185 -0.203854459232552 0.073767459903475
-0.0813345809878571 -0.0850967226316366 -0.247818927634513 0.137138153866665
-0.150705951804532 -0.217385932217931 -0.308572261048892 0.101828859090313
0.0303178995089905 -0.381929250222713 -0.263374127147168 0.0559542654751381
0.270429367062947 -0.349451534280094 -0.386077512470076 0.352710509183903
-0.0490792152018282 0.127658667703394 0.316651018925116 -0.438812092128859
0.0735204597825552 0.149024865266876 0.169864819628875 -0.032974551536185
0.141790044147185 -0.0117776288005345 0.348513082179174 -0.0293466462645425
0.00294231258004906 -0.12197068085626 0.237055837279054 -0.148147036034637
-0.0885433639507595 -0.00781352296791681 0.18202725144954 -0.0346368941737055
-0.0181118464963991 0.0626956388084261 0.2822947894829 0.0412044352877947
0.0263223084723211 0.0678686959814089 0.400180303290969 0.0487237926995136
0.0235008185921196 0.0675517402801174 0.446849433412018 0.0106418504731129
0.026652866567932 0.0705691185240167 0.407353233532444 0.0512373651788412
-0.0151766507523805 0.075546984357044 0.315164106686151 0.130900381877406
-0.0803053612251919 0.0353795671092286 0.174688918172615 0.209952891613878
-0.0747190390017008 -0.100280459332063 -0.031619203798216 0.187750277097383
0.0809732863506259 -0.0917067481881172 -0.140565783986486 0.0392640029872236
0.0939075054136036 0.102163832759278 -0.114308919915494 -0.226186707650668
-0.0367518255333392 0.137092659923473 0.240874734217188 -0.242204011026839
0.101201033155753 -0.0756933577007027 0.33605998408342 -0.404222279497981
0.14472262652918 -0.0842953611054661 0.148877996724582 0.0476923978933637
0.124776290629881 -0.216605735033077 0.427684785278624 0.0200546084036889
-0.0614763173872445 -0.298997552336057 0.282217572322231 -0.178022558539288
-0.213942515139331 -0.163450015836476 0.147248261682532 -0.0530951736036014
-0.196192128326167 -0.0277344110250141 0.235637689892505 0.0586118649206314
-0.155795250694109 0.0456629335393322 0.373634565547278 0.0799629094664814
-0.128870538917594 0.0541615221806101 0.427006725824094 0.0364638212335749
-0.106192766033998 0.0586073296835376 0.392190516637878 0.0602017246098196
-0.125200941830042 0.0255170765178246 0.309916803945874 0.141349183373174
-0.13919966591044 -0.0322104153051686 0.172017429768014 0.224726842895511
-0.120583492797889 -0.16444948602384 -0.0385693056809958 0.184531792926729
0.0394640869170878 -0.19392262692291 -0.127692628754146 0.034661641053251
0.148674155428854 -0.0507907972960091 -0.144480856184288 -0.19613289451133
0.107519867460054 -0.0266341228309866 0.163653117876201 -0.249223851170789
0.258826849900876 -0.244537183965054 0.291298205813456 -0.302375959741255
0.232141623244717 -0.302825133384753 0.11289055326787 0.169434244102933
0.109249286138666 -0.403103959655747 0.499708153595012 0.0720817552210911
-0.11077691478734 -0.439895987412845 0.324908002113292 -0.228205986607912
-0.294460154210127 -0.299675802315024 0.0882552845927217 -0.118983356983516
-0.331697473438829 -0.126098379695177 0.137797964628698 0.0356800503429892
-0.311379539683714 0.00804823044406098 0.281146690600322 0.0874326341559767
-0.26301231097392 0.0340537435018961 0.344402409391003 0.0546952474677928
-0.231456313951821 0.0487627840524613 0.331342876950039 0.0668952311839456
-0.242685481365757 -0.0160496557154374 0.282513143023339 0.148140737850356
-0.217308519762764 -0.0953138252394657 0.170301032039596 0.241178028825514
-0.18900907817056 -0.22815142808453 -0.0453716786604468 0.205112928030437
-0.0301369364105477 -0.298255340910487 -0.139359305188033 0.0461525540523645
0.162202661009111 -0.222370039529325 -0.182057366108206 -0.165094402205934
0.224019765604736 -0.211903686914207 0.0621681527370334 -0.216499874301097
0.380963326158957 -0.356153023043875 0.184039443523348 -0.159049323975107
0.292539088151724 -0.457651030357358 0.0720451534431823 0.3035938785391
0.0751446951444296 -0.516138940549951 0.540546837185526 0.101830568904331
-0.147892591066401 -0.490356987259371 0.338863807155125 -0.286135752040718
-0.319563941305089 -0.37048285177414 0.0125195358631964 -0.205317265646732
-0.401676055297085 -0.197217827171785 0.00937344425826503 -0.0153696316120491
-0.409305677178624 -0.0330290983752626 0.144221155556177 0.0727759179941644
-0.358123487177066 0.00634543389393669 0.211892308080874 0.0641720829992015
-0.333499540169174 0.0357967508853917 0.223348115755306 0.0754308991933095
-0.352856794022914 -0.0523049381050741 0.217148628755692 0.15704806880501
-0.304002576712756 -0.150930525692443 0.145564586099047 0.250992574738716
-0.269165537156938 -0.286441252009726 -0.060716519160411 0.231648474835107
-0.11334648615757 -0.395217634184165 -0.163291931645228 0.0734100958840663
0.141117714704793 -0.393064419115326 -0.21871006536408 -0.116761751822963
0.306754451445967 -0.389183744164007 -0.047631825357201 -0.135161114274495
0.431365345318098 -0.405107817131676 0.0443301606569087 -0.00648348438410289
0.278614379266722 -0.50905872527067 0.0447079472269652 0.409802376702032
0.0161138109671847 -0.504146755021308 0.528722870185316 0.0913242422039188
-0.152225838854997 -0.420402923183977 0.304147003480503 -0.325641481594652
-0.278011915398496 -0.355271834505098 -0.0676880358318254 -0.271778186807639
-0.393215725765098 -0.223224710843781 -0.120352995846179 -0.0701498650864147
-0.43807486187107 -0.0648149545116595 -0.00957182381590333 0.0446549275887772
-0.400780230867791 -0.023169591703738 0.049477275818417 0.064941602568896
-0.395782579068955 0.0124003616183257 0.0784225263766772 0.0862924143949967
-0.425104118092125 -0.0908108997206122 0.105976992813107 0.164178182279236
-0.358652459906897 -0.197750851221075 0.078307493770181 0.247755751025809
-0.317803723209966 -0.321627449454697 -0.0969815359909962 0.246061396740582
-0.185699335533705 -0.45430357613858 -0.190801219871809 0.103016379596811
0.105907061208275 -0.520670293619968 -0.243640497258415 -0.0492926839645519
0.355896105079155 -0.517439246385487 -0.155630047785035 -0.0107446544099779
0.401360445242117 -0.397189621029838 -0.091347573554583 0.125674290485284
0.189755437891533 -0.465765137164973 0.0423253344400195 0.447672083055751
-0.0510045919241639 -0.379492399773298 0.455401890857143 0.0456888345049864
-0.112073518963076 -0.2638515627465 0.227115439250696 -0.32394773560689
-0.181887397488798 -0.276469439275257 -0.126154930531779 -0.288983439003141
-0.320908214148305 -0.20972912561595 -0.220863278222291 -0.109466973494102
-0.397169298655265 -0.0872136379581341 -0.154404580508214 0.0115651711029194
-0.385314386517992 -0.0520416933409306 -0.121457466341821 0.0589579806070249
-0.398783839886028 -0.0248327467203809 -0.0869664048285075 0.0902465985182009
-0.423844055667798 -0.132093608181077 -0.0367673968450898 0.155652435457128
-0.335148533370027 -0.226905320201094 -0.0263644005292449 0.218755814146947
-0.29094601664606 -0.311014767209914 -0.152931888478357 0.232066630846963
-0.207796579293347 -0.447259698731027 -0.222807235284102 0.122040979869941
0.0769575548100272 -0.568678794415018 -0.256227655212054 0.0175292154886423
0.373043217596126 -0.557354069528135 -0.251115465788332 0.132105366545817
0.305432156843766 -0.342207678345172 -0.192618996636965 0.220981237206633
0.0644929594244845 -0.358012509364568 0.0605935392236967 0.4173006992982
-0.099516730758847 -0.206760376700221 0.347527537718959 -0.00584366579034727
-0.0434873761261893 -0.0989146756087829 0.143832618300871 -0.278630490164675
-0.0724791664836571 -0.183398595733321 -0.151509920958683 -0.26844390882231
-0.2171408520206 -0.171994938283558 -0.279727663554542 -0.13078443567713
-0.30513459898592 -0.0949036569139141 -0.272719789010183 -0.0189699530421112
-0.311629011312371 -0.0741138885344321 -0.27641899219106 0.0451666749297287
-0.331982081317495 -0.0617027288471784 -0.246036437201527 0.0751923706837964
-0.332229146803372 -0.160632828155292 -0.180554985191248 0.115540074489615
-0.226578971541007 -0.214927072011084 -0.133385405283414 0.154686329103727
-0.191956358036099 -0.234373217868283 -0.209057265964762 0.189558842996787
-0.184201287986004 -0.361188311115497 -0.260136299802294 0.120701793273524
0.0584285981619827 -0.517168241346219 -0.263335792762289 0.0579070361178571
0.347476395079426 -0.495895793173107 -0.329863172739664 0.262023731299096
0.178250086767804 -0.245498925359098 -0.246591286777164 0.277838260439693
-0.0483854569291903 -0.221175303566336 0.0850008505961131 0.353323240402994
-0.11061015393733 -0.0474289963836299 0.244021549488128 -0.0347446918011732
0.0247569792633827 0.0212132432798455 0.0864235299151859 -0.217576043477995
0.0196816937406045 -0.102518763831625 -0.14793011023891 -0.241099948250093
-0.106727830009772 -0.126650120410997 -0.303167524606667 -0.142709296136049
-0.180103232769652 -0.0933330509833549 -0.35513723786298 -0.0419374749160633
-0.189394741555569 -0.0839848024794261 -0.391076884461742 0.0253276927659637
-0.199999482680932 -0.0878132238378731 -0.368247492147695 0.0377295026660279
-0.16748299590942 -0.148687024983296 -0.285337924161668 0.0455636386963656
-0.070317431311251 -0.137294520184363 -0.202151957120712 0.0704633556946824
-0.076180841015093 -0.0870134140128197 -0.243510886403957 0.138509335407557
-0.146569013063525 -0.210828267994065 -0.303965843248604 0.102295384866284
0.0296620066725727 -0.373157990664466 -0.265447341803907 0.0514599138503313
0.263672928239944 -0.342665880934652 -0.379564308439688 0.345901734904518
-0.0012450619126918 0.137440056346489 0.112882868484551 -0.532047227953814
0.126401035012396 0.102022892168853 0.154804507834192 -0.107195100755268
0.117928791623131 -0.0732851705101723 0.306073326652582 -0.187069548223818
-0.0548730591487509 -0.108826910022103 0.143175448577945 -0.24276180711172
-0.0832598570711933 0.0311863313453308 0.147711797463919 -0.107806591345294
0.0113451972227594 0.0613843709758446 0.276928222574023 -0.0856750751211505
0.054562135100067 0.0483549535638629 0.393176782905524 -0.132287274005204
0.0494699369737924 0.0508910254823445 0.414065381584766 -0.189180728727037
0.0561235806058699 0.0524532635313266 0.395086449144513 -0.135145747208581
0.0202696082179522 0.074087993019835 0.344743432399269 -0.0206036076207151
-0.055710399315458 0.0683386949671644 0.24966555170801 0.111389449989104
-0.112132224842303 -0.053496522516627 0.0582063054978759 0.178125395376725
0.0327402418025772 -0.118420990728267 -0.106843545073416 0.0994219409635427
0.133067403094885 0.045710581089933 -0.20762331973996 -0.14693400144794
0.0325318661723902 0.14011522541065 0.115069345032295 -0.332321891016796
0.0569141690699538 -0.109668241930197 0.141033682855381 -0.516572491337509
0.0998685538138601 -0.139339026480633 0.165582888049326 -0.0267900153221493
0.0218866183131535 -0.254615554630652 0.389800900485142 -0.179295944435421
-0.184825430523557 -0.243251414140616 0.162130807586113 -0.293225075777383
-0.261704777968825 -0.0579235136635892 0.101800730953575 -0.106498013124144
-0.189913584182848 0.0537620070310793 0.238915699035519 -0.0467217087400305
-0.122300493649904 0.104357382121088 0.375860317500793 -0.0912991935814327
-0.099913643439412 0.102334620461273 0.406093862435668 -0.159786716031993
-0.0735416485888388 0.098083344128852 0.386015076888325 -0.122132466862569
-0.103435068399168 0.0750344645084829 0.344717225918915 -0.012665061994069
-0.140227733877279 0.0292730622127566 0.257579483535599 0.121250325246708
-0.181207323362343 -0.0924320472689701 0.0533086146906546 0.174659350367971
-0.0485145450129345 -0.194791121120155 -0.0947258623980377 0.0875012799145238
0.116721464423201 -0.117359714170253 -0.214309804667875 -0.106366215868701
0.0923725078085338 -0.0789060658729692 0.0483399104125864 -0.294619967061345
0.136213401879829 -0.327800393047717 0.138266012853006 -0.413223898999138
0.0939971431800684 -0.373537044830468 0.178773283681736 0.0983247325273278
-0.0665422191071894 -0.418491121359944 0.4672431472215 -0.165908370375872
-0.28687180670368 -0.34970032883614 0.171723058239052 -0.36082233935239
-0.392116751897379 -0.149225111954979 0.0133377431143984 -0.138965215065694
-0.356462781400404 0.0213028481469922 0.135373981948741 -0.0236994463719639
-0.280338777158638 0.13551391718221 0.288759671418359 -0.0422374244780513
-0.234942230924479 0.138905035716263 0.336120266755499 -0.107790549274264
-0.193988316619671 0.141218778634749 0.331707887392575 -0.0912773233335963
-0.231265803134563 0.0874444698954923 0.322225649141763 0.00192400781476165
-0.242040460837843 0.00318782694342155 0.266288592602177 0.132397081781732
-0.27109733607735 -0.122404941900015 0.0577366567516351 0.191085290878529
-0.156968589026003 -0.262706785104537 -0.0977986643370512 0.0997235300219392
0.0552964469491391 -0.282216019058735 -0.227912479504906 -0.0625299721082932
0.114203920452903 -0.305354538540641 -0.022018990583036 -0.212087712990818
0.206786494879575 -0.479086438970974 0.0973653482907415 -0.241880209436191
0.0866306116424775 -0.537768362180468 0.195065146886999 0.237797215903066
-0.141663624981021 -0.507451574224987 0.511124496396397 -0.155935646873822
-0.339242535021105 -0.380554587240519 0.156047049953896 -0.420999594288702
-0.444794534258616 -0.204090067790463 -0.0966888315569626 -0.184752099471082
-0.451037338754123 -0.0130204207223458 -0.00704176062393959 -0.0137327371414611
-0.388849702279011 0.141733768649563 0.152579429446791 0.00359796859489439
-0.335540999045239 0.153333802597004 0.219084264593023 -0.0419158013718593
-0.29525575400456 0.172805928253192 0.236800734304283 -0.037692539182476
-0.350203633852176 0.102147852583675 0.265436247657448 0.0357834594598582
-0.348737325817159 -0.0122488656629819 0.250089486895231 0.147191629299099
-0.370183902174629 -0.142875295882424 0.0568961113371013 0.215638299407063
-0.276465859623074 -0.317673956259487 -0.104672218413423 0.130505242885731
-0.0376069069065185 -0.430493165812918 -0.234073433548197 -0.00518736381943795
0.110068019591003 -0.507275324204502 -0.0806241182659711 -0.0838971148407845
0.235850197866435 -0.544039728205881 0.0306490354135221 -0.0450740576844108
0.0538525619233363 -0.578372503917334 0.212596542108118 0.3468707104171
-0.189373723200805 -0.470360548935097 0.493815379244011 -0.157633571605591
-0.313878892177315 -0.316317878673469 0.110140370783287 -0.441015873830168
-0.401768407880075 -0.205801504807746 -0.197904209943608 -0.212083196993524
-0.455020282487681 -0.0385416540014775 -0.15052064948774 -0.00741856021638519
-0.428496401451458 0.122939068245164 -0.00313325164978961 0.0451191450162656
-0.389064986972677 0.145635043901866 0.0699287294231727 0.0306914275957074
-0.36377894288759 0.177556868860711 0.1085936726387 0.0358606992820995
-0.435396897527395 0.0979313395500307 0.167562976729781 0.0894674632350857
-0.421300216980922 -0.0330225358172502 0.187237864615262 0.171231663826554
-0.430669487297854 -0.155184170498951 0.0305937452038239 0.240625247752301
-0.366356604327733 -0.343605517431301 -0.115353567817927 0.167118795578692
-0.126550938133207 -0.532087490182254 -0.222590944916554 0.0628449539305265
0.0969094000002889 -0.647840806840245 -0.121331758070972 0.0799285955610349
0.210796499135028 -0.522715288246971 -0.039290165289687 0.133994153259971
-0.0103692145416415 -0.501407934708723 0.225813207091046 0.383764061176149
-0.200947702916295 -0.326315608910497 0.412630030619179 -0.161584152763963
-0.211676383120747 -0.191487129814423 0.0474711415367239 -0.402285464702565
-0.282510376053231 -0.173573307118666 -0.255292988470114 -0.205290937069124
-0.383276996545545 -0.0532166301264973 -0.257945832215054 -0.000808206800095946
-0.401470678565257 0.0891036686519537 -0.150793517283651 0.0771060469331698
-0.385659437589209 0.112720229471506 -0.0888608724922034 0.100615203908926
-0.382864349559851 0.146646431802016 -0.0403652589683092 0.112440034837505
-0.453120248854336 0.0604775117476692 0.033517570666676 0.144840390448717
-0.413655537267037 -0.0708784519590572 0.0798963305974338 0.191802598362288
-0.402754558598572 -0.159124565868856 -0.0267342454137769 0.254080235497132
-0.385400987626017 -0.3288551580019 -0.135973800836518 0.197002715969176
-0.176462145020218 -0.561456131363406 -0.20338891240657 0.127333047738446
0.092714255096192 -0.694136080292125 -0.148051946418319 0.254137504802456
0.145626937363532 -0.434509202127771 -0.0921495585186805 0.269253621861279
-0.0814789720311341 -0.351466682017073 0.228709937791978 0.35101662502462
-0.174671397051452 -0.145958086030424 0.298158597142965 -0.156999285619766
-0.0819958345326259 -0.0717304781800206 -0.000490060053534462 -0.321697411315982
-0.144786844451235 -0.133835794477366 -0.265421777663278 -0.178244669853003
-0.272659017303452 -0.0600323794739055 -0.318678736725609 0.00495656820356126
-0.321006279729251 0.0450019096700418 -0.270756492287149 0.101389326804376
-0.325076946717684 0.0630036954522521 -0.236017524555972 0.158246865735801
-0.337740690468363 0.0832113323053983 -0.192428689940536 0.171567593630652
-0.381429268993942 -0.00480538796213244 -0.114442927246696 0.174514599076538
-0.307808320775146 -0.105567834677641 -0.0471385217009759 0.185352363479259
-0.278247633441884 -0.132394870279685 -0.0987485283857918 0.247054416641245
-0.326620771591599 -0.258440901991291 -0.171919004614669 0.213166308518123
-0.17143435758216 -0.503655464847202 -0.196081259114902 0.16700542688102
0.0947259534082574 -0.623504589959252 -0.170730896896172 0.404378701978335
0.0681785436175911 -0.295354460669817 -0.116851845688452 0.351837858392054
-0.129553036488826 -0.181517061586524 0.224895941382687 0.285218544482272
-0.120768537031964 0.00305493935198639 0.198069772333462 -0.136153234260086
0.0285007567535866 0.00695781200446095 -0.0187368509863875 -0.240226520092943
-0.028467715617986 -0.0987557914513383 -0.247449308780507 -0.156675179937657
-0.153001241586524 -0.0648893964019549 -0.344783708645574 0.00394444470303233
-0.206652160927824 -0.00565011411759091 -0.35387051363813 0.115936649279549
-0.213700425781777 0.00408064562945321 -0.34844098895998 0.193145950923514
-0.225983453335354 0.00426486627198036 -0.319812940666374 0.194756278670254
-0.223566029283792 -0.0640436956391882 -0.240309913776967 0.162024656827673
-0.128035041360506 -0.10053047767338 -0.149644637066892 0.146170465756036
-0.108748313380733 -0.0484064018797871 -0.157380230277335 0.226028389957858
-0.228515247606061 -0.133091064374375 -0.223686693299763 0.217886990703416
-0.136357350695996 -0.355423030088959 -0.20883176916683 0.159878147563313
0.0845321699065883 -0.441597676877322 -0.189203374999431 0.497849955115943
0.00638785619019194 0.139594832746909 0.102623913949569 -0.547495968828889
0.135447317507909 0.0984029005662611 0.1643953966384 -0.118340134138024
0.115915928902016 -0.079459466717406 0.30772592899731 -0.204269060881204
-0.0623849820925725 -0.10699566839076 0.135905550083004 -0.251262335259939
-0.0807713320859063 0.0378950512122715 0.147045159553794 -0.114002907125025
0.0165296023910361 0.0611670721017666 0.283466858168218 -0.0960738376330832
0.058838474732546 0.0451369073273893 0.402092781116546 -0.151501965360788
0.0544475065088491 0.0492979845544779 0.418814520198907 -0.208166060098426
0.0591440716817137 0.0503806934363026 0.402855125803479 -0.151625126667757
0.0255275736515988 0.0738147829728604 0.354489698039345 -0.0329762409301623
-0.0514283370592875 0.072249334219847 0.262376089802366 0.105764839686223
-0.117210142050991 -0.0482887719716388 0.0674163375959009 0.182525447869099
0.0282263921033525 -0.120745472509718 -0.107999471001632 0.106900213852261
0.139902443032706 0.0380166242926036 -0.218022057700641 -0.139121027946795
0.0401368868084359 0.139577359009204 0.111020400929393 -0.34790593444533
0.0588824058780166 -0.115208835413838 0.131831545527042 -0.53382845163698
0.102836188496581 -0.148310354971347 0.177639879889473 -0.0336160670543631
0.0141235291983803 -0.262617695368922 0.393275919437497 -0.199037891664193
-0.199143659757283 -0.242876398182861 0.152373705661966 -0.303934339213242
-0.267722154847891 -0.0494978540978428 0.101956787075691 -0.111127697699441
-0.191597456547115 0.0591652297132056 0.246281626918577 -0.0555678430554604
-0.122057423390502 0.108790658643064 0.387018250604942 -0.10947283166459
-0.098400959810658 0.106620363302189 0.411436695834972 -0.179203921449334
-0.0728586744465751 0.100688944036489 0.394163120775841 -0.139935462663896
-0.103180536291813 0.0792665276148887 0.355849599108478 -0.0255014052280588
-0.139948717816737 0.0343679620685015 0.271160077447213 0.115334467155754
-0.18833352099789 -0.0866900225108788 0.0623318433141584 0.181351777367917
-0.0559060027770887 -0.195317501036605 -0.0976207220916101 0.093926884922591
0.118825676248177 -0.127965492714873 -0.22426482370989 -0.0983496711733156
0.0942708590281416 -0.0856438284117296 0.0434694028905797 -0.30641334605056
0.133065135094587 -0.341021912075935 0.132034100738082 -0.425708982867043
0.0899400234088857 -0.38728498080566 0.194823075451424 0.0946199362298965
-0.0795434563899181 -0.428318246229625 0.473758928647877 -0.186645143178206
-0.303908219363278 -0.351957842887274 0.15996716229716 -0.372727810728195
-0.405493701738143 -0.141259240572731 0.012361893257596 -0.141985203761682
-0.364978261888461 0.0314617185511623 0.140984223726679 -0.0294269508569153
-0.284337906975348 0.146406645648445 0.298547423474923 -0.0587760756883449
-0.236937313742779 0.148885478312392 0.342578599148559 -0.125219221381064
-0.196155812788456 0.148997675861927 0.339239698951565 -0.107399841813317
-0.234434120452631 0.0960748061325554 0.333147359388043 -0.0104304273007166
-0.246637825487997 0.00935682864846092 0.280440211675084 0.124519847029987
-0.282014784277447 -0.116022753997971 0.0685613835485802 0.19840370555764
-0.167736124718872 -0.262151177403905 -0.100743091627374 0.107419463183876
0.0509535767675854 -0.294022885327529 -0.238462758571026 -0.0543923278777538
0.110837419560374 -0.316372045660208 -0.0261153218728025 -0.219602801889325
0.200231240643839 -0.498328272141909 0.0930060437815493 -0.247960073709153
0.0783359796330838 -0.553603641923086 0.214975148257308 0.238794411377475
-0.156432863976457 -0.514050788572356 0.519978365264752 -0.178527922593334
-0.357511762153135 -0.381893842687434 0.14207919148717 -0.434934827645691
-0.462666490566287 -0.196964929408273 -0.102417788554804 -0.185928948936406
-0.46493430407717 -0.00142645836054502 -0.00497717639451141 -0.0154726027284345
-0.39643636389446 0.155805308488496 0.159350743788004 -0.00757278221099819
-0.340941587107343 0.169082160519516 0.223168885856562 -0.0539355875725693
-0.299683600155951 0.184970823949313 0.24360121296866 -0.0492505562432205
-0.358451055899789 0.115629457395363 0.276483939686922 0.026300060282143
-0.359361587296429 -0.00422979714843905 0.264719514862277 0.140941799105813
-0.385237004089806 -0.136286321046439 0.0689377071455897 0.225132363658123
-0.291498719806923 -0.316109654703479 -0.108079265292982 0.140167954485738
-0.0485490549325892 -0.441518676654821 -0.243400396867463 0.00305587167153429
0.100290384319109 -0.523081916995847 -0.0826019190860238 -0.0861116071470213
0.225237958733171 -0.562374093352496 0.0289457457387387 -0.044236381481705
0.0419243291759211 -0.592779364772042 0.233945207571494 0.349806845887757
-0.206157076974883 -0.47337246302324 0.499852003172894 -0.179429435568604
-0.328613475076757 -0.317445962706773 0.0936796844121405 -0.455068926480271
-0.41937565337247 -0.201910030445744 -0.206904253513346 -0.210809603904077
-0.470151397826452 -0.025155449550764 -0.152815651014333 -0.00483614456553584
-0.439641729139673 0.14198179013049 -0.000466667284953538 0.039155213534157
-0.397190001712057 0.162425524740428 0.0717299073872974 0.0251930460656224
-0.370566168383124 0.192722464382927 0.113473268821306 0.0300413112517961
-0.446504266236033 0.116625610057527 0.177494809334707 0.0844417209440646
-0.435432506013293 -0.0229090124512485 0.200752606798651 0.167393336835542
-0.449561594614555 -0.149784209643541 0.0430842961693941 0.252206227912383
-0.384088639331591 -0.341240733483515 -0.118162925842594 0.17796787139956
-0.141861474717032 -0.544232329102622 -0.231043957809541 0.0726307270160186
0.0808567801474789 -0.665662138560286 -0.119552434082854 0.0832448600239571
0.199706351026552 -0.54062165645529 -0.0381443208382818 0.142156149971638
-0.0230721786635234 -0.510133705858886 0.246386702676722 0.386781660476711
-0.21299655865319 -0.323590146225416 0.414879339065917 -0.181684433723515
-0.219870226083601 -0.192872784103328 0.0311750210595352 -0.414743571354911
-0.296584909851036 -0.172354445774865 -0.267215997529663 -0.203041607678979
-0.396978465056464 -0.04172880829557 -0.26344312663699 0.0056690347593634
-0.41313592510902 0.107722676988287 -0.152498488448356 0.0786307878494953
-0.395484119519766 0.130121257592013 -0.0905284261517235 0.102327291116253
-0.390743963037355 0.162046979815709 -0.0374687316136688 0.114094961896002
-0.467273308633213 0.0782325434359448 0.0413126882175312 0.146390657165356
-0.430039415763684 -0.0622405445624888 0.0885800609433301 0.192107782181998
-0.419674272977609 -0.156933495246377 -0.0159726482465333 0.267990653181137
-0.4007483662176 -0.326160021312444 -0.13818005612298 0.208851920210269
-0.192178607202574 -0.570058044953421 -0.211442109719841 0.136704412009201
0.0744132281661405 -0.713441969952833 -0.143300931034123 0.262792540508904
0.132477701192245 -0.447382535563383 -0.0881941853175261 0.282363832799121
-0.0921942624306957 -0.353625890184018 0.247526146059057 0.352920308588973
-0.180020199585195 -0.138741285031619 0.296997505125389 -0.172445663242081
-0.0844040076752359 -0.0744752469021932 -0.0164885635151561 -0.331157688663589
-0.155336092604436 -0.135353136643182 -0.277285309541294 -0.174758085234173
-0.284414670474828 -0.0516914763943344 -0.327122452554015 0.0140817110487001
-0.331154602008993 0.0609380274329225 -0.276231130893114 0.108615871189417
-0.334791866901656 0.0785233075481951 -0.23974778951506 0.166452175517107
-0.347043689834796 0.0973398193911875 -0.192036162361356 0.180139289083283
-0.39587797712837 0.0101436150553533 -0.11057083775948 0.181799233258072
-0.323345604102076 -0.10208474141779 -0.0438425729260728 0.190231209768565
-0.289853018969611 -0.13451581630776 -0.0909664101860579 0.261933996133477
-0.338440265925082 -0.255584263443408 -0.173718899973856 0.225943298786097
-0.186836157040274 -0.511017567301986 -0.203432547667885 0.176910239470475
0.0774303193292168 -0.642401640550225 -0.162356661943088 0.418611817392742
0.0557270104440213 -0.304215519194554 -0.11033130513212 0.367190290472043
-0.135940929093979 -0.17826296697014 0.239435078976953 0.284813145789503
-0.119845323382025 0.0111653604182059 0.195076601848354 -0.147292065753475
0.0299974629280339 0.00238387649688534 -0.0305169324349819 -0.247704987578163
-0.0358447175721875 -0.102265180690426 -0.260590134971844 -0.153158411078945
-0.16133060148874 -0.0588660061418832 -0.354821464642345 0.0148391699219412
-0.215472301710059 0.0056762795317822 -0.36214133935179 0.128782239330139
-0.222506559308615 0.0148134503343796 -0.354562502799786 0.208575928897505
-0.234123320685817 0.0132370884395254 -0.322496689971671 0.21054543745382
-0.235440343015153 -0.0557373579986852 -0.242303973839708 0.173874101079654
-0.137544635933915 -0.102151576179 -0.152034027697676 0.153752501749519
-0.11231296890853 -0.0519433420974464 -0.152095841916283 0.239728143226859
-0.236094998028011 -0.128726647638247 -0.224111516312266 0.231607718147465
-0.148411446945319 -0.359655154613153 -0.217576973202738 0.171013647646532
0.0708387219930081 -0.455596443868568 -0.178908557747779 0.513169862076541
0.0171816229222473 0.138887781743348 0.077178452222712 -0.558804598351556
0.145620052611519 0.088984355528836 0.168005385355606 -0.132938566633107
0.110035409323461 -0.0882239041026661 0.299773126878189 -0.227093235985897
-0.0716051960734719 -0.101172334247717 0.119261778168362 -0.260148693037706
-0.0759766403722139 0.0454945350846669 0.141550287150151 -0.122477583125249
0.0224300290999753 0.0589082169120055 0.283979649923418 -0.11383006011966
0.0629078802018513 0.0393502036708703 0.401472855905095 -0.180873715666723
0.0603183882282293 0.0449900273839946 0.412539725100383 -0.23698872770906
0.0625210876155148 0.0455116149962329 0.40091695081222 -0.178992451453107
0.0318039899959765 0.0717431068912923 0.357900528073067 -0.0550457701891392
-0.0445676023626445 0.0759044865322065 0.273520473804132 0.0911504294406484
-0.121252471080295 -0.0390082106164242 0.0811267497374351 0.182611201700883
0.0203346334402264 -0.122227282641015 -0.104415636749009 0.116897743392515
0.144800879328392 0.0249927218495783 -0.228186023955412 -0.12254051990691
0.0498356325407944 0.1363340071562 0.094551567773594 -0.362801777070073
0.0566112231958701 -0.120913970741171 0.10602216654205 -0.544878096241617
0.100421752443988 -0.159009658545275 0.186632217409712 -0.0467852187853361
-0.00173105324321631 -0.26791654881059 0.385880447534311 -0.225750046919668
-0.216588716315612 -0.233019605890954 0.132555764390735 -0.312832438779306
-0.271661930864003 -0.0331776259255664 0.0985283686259947 -0.117015160109823
-0.189575594109875 0.0687358297714731 0.24920525618341 -0.0708930133179903
-0.116959941878622 0.114445905922057 0.388677064963211 -0.138734538087677
-0.0925414473865303 0.112338035135967 0.406895851896112 -0.207875386218626
-0.0686573268065478 0.104256092965676 0.391989641724702 -0.168234685511776
-0.0987896496583913 0.0849510812710033 0.360187805677466 -0.0485449136461903
-0.137444224569016 0.041758144559415 0.284116238520381 0.0995665329491399
-0.195171521982471 -0.0744293279348439 0.076974779489954 0.182692417276553
-0.0675653114722434 -0.191826321233709 -0.0960618979487482 0.1030093832245
0.114468284766688 -0.14051033148993 -0.23288486575341 -0.0814658586775382
0.092216397547043 -0.0927823352073855 0.0297613958496604 -0.316252930176126
0.118855179546384 -0.352311073048489 0.11002597552347 -0.435899242710804
0.0754080190919666 -0.400462969997925 0.211100312255477 0.0841059882474499
-0.103586718377743 -0.429395510650405 0.468903119655114 -0.218720696674451
-0.327433500518751 -0.339342014642861 0.13506134021469 -0.384470011662122
-0.418182681691817 -0.120169370012575 0.0064499078282559 -0.143631968996714
-0.367512735234737 0.0505773040725291 0.144272362609855 -0.038941999326962
-0.281182656888168 0.162771914448645 0.301838483409658 -0.0827854083429497
-0.231382634169115 0.164287872793021 0.339241647317444 -0.149426023814112
-0.190893876881849 0.161013820778103 0.338517982115648 -0.131843077795072
-0.232163636678927 0.110471696796571 0.339212771063653 -0.0325338378466555
-0.248317788235601 0.0224279414259761 0.2950122661658 0.107272213014187
-0.291957961841107 -0.099945733616752 0.0848647577223798 0.201164329159596
-0.182249386837157 -0.25333589130189 -0.0999252329850787 0.118154140558491
0.0369438233455723 -0.303384432577243 -0.245627029020153 -0.0381212663125447
0.0952335360389878 -0.326137001599094 -0.0356493844868029 -0.224026890626854
0.175432810971584 -0.513827538912222 0.0799350714429594 -0.252822801390224
0.0528146645692376 -0.566241970772883 0.238505591838172 0.229370927222235
-0.185552890430963 -0.511262262273826 0.514807962843799 -0.213160028801485
-0.382620195548755 -0.369430030710334 0.113715226036667 -0.447576502118324
-0.480419536423621 -0.174448321482711 -0.111211561786903 -0.182187764294403
-0.470952936247268 0.0239136121082279 -0.00325100281039783 -0.0166966237767789
-0.394513556991188 0.180965188733492 0.162588804858475 -0.0224863842974508
-0.337629119671843 0.191528494753308 0.222015898882622 -0.0715462956100704
-0.29477616680691 0.203994359559835 0.244389095422134 -0.0669379017617501
-0.357982266519434 0.13888737944675 0.284762549385985 0.0075806069061189
-0.364618274271292 0.0148346803697653 0.279144784529743 0.124400795076927
-0.399000176319072 -0.11713373998235 0.0878520092130104 0.228987177690413
-0.309878633575356 -0.301968755689579 -0.106351104499574 0.152493743269635
-0.0703489162035254 -0.447067167702945 -0.249670102418188 0.0188245833708354
0.0719363045889425 -0.534236367311384 -0.084967728800202 -0.0857704667169969
0.196302803189827 -0.582576708939621 0.0255687389286896 -0.0430606656360588
0.0130136739543897 -0.601350190553678 0.263901293167944 0.341178888497894
-0.230560018870702 -0.463972379389808 0.494348215193119 -0.21153936542588
-0.34671614871532 -0.305889076801046 0.0632717784713664 -0.464468763601952
-0.436065599811435 -0.182685252334344 -0.219281562442892 -0.202086042304932
-0.479360942503192 0.000556384725241014 -0.152730419353372 0.00175246629240223
-0.439415297111376 0.171684583004367 0.00226792049682622 0.0335319560905191
-0.395757719242872 0.189873696176407 0.0721559366612061 0.0176905293726418
-0.366338077421985 0.216471081125766 0.117481717518632 0.0207185519233891
-0.448587497995953 0.145675543062024 0.187696267875417 0.0723814351969644
-0.444656447544566 0.000126675538159002 0.214543059900201 0.155404584650464
-0.463950197041927 -0.129682627128116 0.062930040253363 0.258855345604744
-0.404621446362672 -0.32278734336711 -0.11431504291061 0.191472674195753
-0.171677254271715 -0.543107215142669 -0.234710631994018 0.086525006283919
0.0452259727025596 -0.6768412926878 -0.113897527678767 0.0876847079374653
0.167284302785842 -0.556252319482322 -0.032604660849854 0.148389868288193
-0.0477808691952258 -0.511590713524437 0.275214463187103 0.378146038910688
-0.22890311963562 -0.309796202781523 0.406721567038939 -0.208424723340804
-0.230139643930009 -0.186052237276247 0.00226503630034357 -0.420949585952527
-0.311743202982442 -0.15999091942006 -0.281200961336242 -0.190475907731747
-0.407913700750999 -0.0194676754412519 -0.265325280557882 0.0192897454470858
-0.413925871047927 0.13660283765996 -0.150522023658124 0.0829537431903742
-0.397030435099364 0.158003018119205 -0.08826410960873 0.106117646147048
-0.389854487528941 0.187885892979156 -0.0312932539017337 0.114896555015902
-0.472611251015295 0.110526638402679 0.0523678546537762 0.143419518088388
-0.44336477381632 -0.0409251745990842 0.101167549971624 0.187945013661204
-0.435375380202557 -0.139980605281112 0.00401069114676382 0.277881008904085
-0.4207150182995 -0.307990072496697 -0.132864356990302 0.223297905051727
-0.223284265799322 -0.568591902813492 -0.212397617395098 0.151009156768034
0.0353849297471686 -0.72400684040121 -0.128604504889355 0.270773716930513
0.10575256725582 -0.458155515768563 -0.0746808416400701 0.292477725042435
-0.110026095347437 -0.348179718807405 0.272149702397947 0.343575159450573
-0.185036405885375 -0.124878417120345 0.286733083314242 -0.192070198517819
-0.0874915243911304 -0.0734348320699489 -0.039815477403189 -0.333921056464879
-0.167282085150367 -0.130698143152097 -0.29137304229779 -0.161398174629127
-0.292689269530487 -0.0338301833934812 -0.329544505023759 0.0317870993171123
-0.334445852909156 0.0860338027790776 -0.275124760232449 0.12285906968151
-0.338231732849235 0.102699034774427 -0.23604430723456 0.181098359667205
-0.347479403552857 0.120399680464423 -0.184659464885673 0.191808510323957
-0.404478089696826 0.0369322903580048 -0.101226792852568 0.188890257437765
-0.33724162616455 -0.0868168910211917 -0.0347927384967549 0.194192065047488
-0.302385067018928 -0.125308349044089 -0.0734372633543262 0.274972805164169
-0.354178654432701 -0.238843377450945 -0.165608464710491 0.241242441961866
-0.215625881550066 -0.504139429674847 -0.202824131261859 0.191145013091756
0.0411644682864628 -0.651841320414929 -0.140490893392245 0.429167467824669
0.0348887480936301 -0.309193879982259 -0.0918610203590475 0.380165310612529
-0.145620297358803 -0.168754024564261 0.259114212012233 0.27422720930876
-0.11633927306908 0.0214423271906868 0.185775568450867 -0.16277149429328
0.031121552505106 -0.00212176147863105 -0.0494180055552681 -0.249643855199263
-0.0455097185292302 -0.103479691241193 -0.274235195156949 -0.139218003557844
-0.16850567652039 -0.0468471163385199 -0.357961613629948 0.0354583017714925
-0.219219903126232 0.0245254935107193 -0.36084666357817 0.15035250501463
-0.227287319574908 0.031310086573169 -0.3495367154808 0.23130350790905
-0.239189831164049 0.0289514464762072 -0.315525631341567 0.2317833394024
-0.245214139390396 -0.0395802435284503 -0.235536231110441 0.189929703635747
-0.148463830147364 -0.0978770806222923 -0.148167065063661 0.164085100979388
-0.115891489278821 -0.0521902082079973 -0.137640147287807 0.253455609227142
-0.243189983937736 -0.115332750749011 -0.213855863154512 0.248292054336722
-0.169995471810043 -0.354325177262505 -0.218902292318957 0.187285392534179
0.0425901885261398 -0.463711810877945 -0.153476120146566 0.527787030182869
0.0278474646197455 0.133374062550051 0.0446146599317805 -0.550338008526044
0.150270345797888 0.0751587117233381 0.163405770334697 -0.144977759844921
0.0996623464431358 -0.0944278787164167 0.280393769828878 -0.24408592852112
-0.0788047548658196 -0.0911386034736838 0.097938033041856 -0.259968681279191
-0.0673312541079666 0.051742077134533 0.129813541670233 -0.126308227267968
0.0276381230773017 0.0544315791702104 0.273236809790635 -0.129154748770586
0.0650457209885535 0.0316474919566135 0.385928769146424 -0.205444294947371
0.0639539785386485 0.0382162810485537 0.391974813476141 -0.259099665683472
0.0642306294278636 0.039371676366334 0.383187934194413 -0.201919191449446
0.0370191534031295 0.0663415073993594 0.34899501108251 -0.0777144763183037
-0.0357984793669344 0.0764722390315776 0.275779750163694 0.0724245674531295
-0.121377383557347 -0.0274470009205097 0.0940972211345896 0.176064095627345
0.011262031223748 -0.119957020913982 -0.0963094772951053 0.123752754590753
0.143480168548503 0.0105902654768064 -0.230072872961176 -0.1014156186171
0.058542420763855 0.128139493136017 0.0720053666962479 -0.366314072929589
0.0514052801156257 -0.123624779176653 0.0737723450144334 -0.538445423375339
0.0933663813095391 -0.166372989871021 0.188361975231697 -0.0604903627607909
-0.0189072620653041 -0.264373317398133 0.365919061129121 -0.247478821108513
-0.228101129027229 -0.214186878040051 0.106877408948672 -0.312207369679741
-0.265183374004834 -0.0150886933062593 0.0902838142090649 -0.119587523914411
-0.181092861831468 0.0776419796120685 0.242395334635763 -0.0853064272177636
-0.10900237491298 0.117358902261885 0.374776504095235 -0.164340889636007
-0.0830927252739446 0.114588194029884 0.388864399000788 -0.232679650069933
-0.0614575115740764 0.105091152428643 0.375614031489187 -0.191834048180438
-0.090849928157391 0.0880678913366029 0.352469332608459 -0.0725721088748268
-0.129968767451164 0.0479520531707294 0.287855829891042 0.0783350533192262
-0.195254929621916 -0.0584317161817932 0.0904058811490662 0.176804984499419
-0.0767937814363499 -0.181932814492338 -0.0898552921689148 0.111373336566191
0.104263217124967 -0.148840216619975 -0.232967607916592 -0.0619344614271411
0.0865560623035888 -0.0974590562678672 0.0122778265246835 -0.3166842712868
0.0982018140503868 -0.354271057237512 0.0834953050673216 -0.430620338656898
0.0553841493029602 -0.400817780792107 0.220396446632298 0.0675599787607601
-0.126081208799262 -0.414736003059097 0.446110796524564 -0.244631409762561
-0.342454250244295 -0.314458292732553 0.104762812867094 -0.382131275728455
-0.415430917085155 -0.0933807392691388 0.000543462794991885 -0.140503633691331
-0.359260062939228 0.0707898274646343 0.141724092489771 -0.0481829431740825
-0.267715806228231 0.175777883734514 0.292798780014766 -0.105587407440664
-0.21766807516635 0.174912820965159 0.323947894120788 -0.17125056126874
-0.178260877374367 0.168345348536818 0.325202061549168 -0.153755329798425
-0.22179588374946 0.122972015526225 0.334538107090059 -0.0550693728610979
-0.242328317624939 0.0353651636249196 0.298758352866606 0.0848513353197714
-0.29220018015704 -0.0795444585417281 0.10089201362182 0.195495635653362
-0.192273613586556 -0.234979991311743 -0.0939548255243172 0.12663418433151
0.0198022563136326 -0.302335491566625 -0.244162003183481 -0.0195534780300017
0.0755286927936196 -0.32465199209477 -0.0453834075480819 -0.222107304876948
0.143042850320181 -0.515359898490282 0.0633052417206586 -0.250688462047644
0.0234574922185798 -0.560714720007857 0.255777665434467 0.209840606834597
-0.210464780194008 -0.489742340766087 0.492203738994929 -0.242838819104937
-0.396800595277395 -0.343305567595285 0.0799011424138538 -0.443036810652784
-0.48230592436951 -0.144359801861785 -0.11706547957818 -0.172757602557312
-0.464104014507155 0.0506232707556474 -0.00183890068818874 -0.0181991969271274
-0.376834552560781 0.202071490569647 0.15922796169849 -0.0387900679196949
-0.321198061721567 0.209434093524402 0.212521474764179 -0.086861742464028
-0.278745798159366 0.216903604250242 0.236057117618301 -0.0845350488892907
-0.343656871130565 0.159694925098003 0.283406245953779 -0.0128367395525229
-0.358555160612571 0.0350519754385745 0.285110364855141 0.102444360491349
-0.399852939772621 -0.0917156714418247 0.106454330476406 0.223160246741996
-0.319169197905657 -0.276952316710779 -0.098073722155923 0.161499439851239
-0.0935467652558264 -0.4363997325085 -0.246807240925141 0.0356297261312558
0.0409889072504118 -0.525889937716733 -0.0862560536277569 -0.0835142282426821
0.15681885966877 -0.58017413469491 0.0218658808144661 -0.0408312048712823
-0.0183533635315787 -0.59081234583244 0.285496836566738 0.318313901618939
-0.249953108348247 -0.437192981408344 0.471478966537079 -0.240000178517709
-0.357066751329177 -0.282712309720066 0.0288896116502759 -0.457793595493505
-0.441101317804586 -0.155794387358396 -0.224946895846437 -0.185658641927165
-0.473637197162671 0.028739866867333 -0.147773195899833 0.00918147223805736
-0.421743259189645 0.196378105326933 0.00440164621757355 0.0273277788245692
-0.378772482207055 0.212494899778296 0.0701681451960059 0.0105521286457577
-0.348134941410852 0.234699307494537 0.116011134248835 0.0101248862155274
-0.434014525688021 0.172718444765745 0.191590024689628 0.0564238849780237
-0.440457603045801 0.0252595521010702 0.222874401321978 0.13693391052897
-0.465752278005024 -0.101450149432715 0.0843573163562606 0.255215082499475
-0.412976702535923 -0.29404010312882 -0.104782899082467 0.200442851569863
-0.195940834034357 -0.524576306666909 -0.230531344903342 0.100764453090116
0.00622791817792291 -0.664350555712216 -0.104575198276374 0.0880553544854783
0.129979908148632 -0.554131973589776 -0.0245352666814077 0.150078848456551
-0.0748060605246241 -0.496812067757064 0.298344660915575 0.353641797816943
-0.23789163316561 -0.285489969850068 0.384359833096185 -0.231067948041283
-0.234871513971994 -0.172162375324532 -0.0279613339948101 -0.411157176926236
-0.318736580576075 -0.14121494103004 -0.286017456538135 -0.170541348824146
-0.40339791043085 0.00760320488579471 -0.258277261125019 0.03299298098651
-0.399191886789206 0.163720163784841 -0.143589620867928 0.0864723602136315
-0.382644684598268 0.184207132690702 -0.0822184390114376 0.108073655784008
-0.37323523327115 0.208581686119526 -0.0246610900534799 0.112811340136965
-0.460032344505018 0.140792137677434 0.0623977350737592 0.135141638067754
-0.442087678636531 -0.0153642870975747 0.111630115125092 0.177239845777994
-0.438405583726061 -0.114853171251596 0.0262586463949213 0.276851599482976
-0.429004303472327 -0.277557419587203 -0.120509364691027 0.231830541492287
-0.248684015081267 -0.546418738816451 -0.206564858469273 0.16238097456399
-0.00993357099830872 -0.709566189333836 -0.108755760397405 0.269298490734648
0.0713131256246252 -0.453498269201256 -0.0571553399769745 0.294147929481316
-0.126381614873194 -0.33094899616315 0.290494463516085 0.318460567916204
-0.183341472979657 -0.106913811357766 0.267267255290149 -0.206559346189988
-0.0888955876751139 -0.0700637790677514 -0.0637267706174859 -0.324208313567186
-0.175343199671907 -0.120116606413913 -0.2956533011962 -0.140545941739385
-0.291500897567734 -0.0126067892402988 -0.321234511553174 0.050519774340273
-0.324770868758649 0.110929482231293 -0.2647715241902 0.135271830848176
-0.328982859178274 0.12568851577126 -0.223178939260463 0.192702603296133
-0.337165992200876 0.141258709699101 -0.170560965578491 0.199486754460413
-0.398126242817213 0.064941448614619 -0.0867983633876122 0.190836863085362
-0.341367362355224 -0.0673982095463643 -0.0230538358161029 0.192846465474959
-0.30693552993085 -0.11083380566687 -0.0503223984820254 0.27820115098927
-0.35840345818239 -0.214107578797607 -0.150867066880422 0.250450561980492
-0.237882214999767 -0.483615806851922 -0.195780034825449 0.201891278253697
-0.00204307924201128 -0.640010512909961 -0.111421493019851 0.426773174519691
0.0107820588806648 -0.302175493611508 -0.0681059854794815 0.380987100652712
-0.150434610294569 -0.153147454112081 0.27200769050758 0.252413738058353
-0.107003886042481 0.0311224432089398 0.16869131208038 -0.170983453304869
0.030631678118675 -0.0075463812062618 -0.0678875815510318 -0.241650310883042
-0.0549673454639296 -0.100514802985182 -0.279231558474743 -0.119394725190155
-0.169542904581547 -0.0326705085592416 -0.349196331761687 0.0574980266364425
-0.214113928958482 0.0440493869891421 -0.347022360318884 0.170480383283427
-0.223912793793185 0.0497308300847095 -0.331027002414643 0.249102258341223
-0.2353632270922 0.0461161802324284 -0.295749083229774 0.246623270915546
-0.246690188801733 -0.0203893306660213 -0.22023542048421 0.200559534066841
-0.156076261421925 -0.0894046858782664 -0.137450410302828 0.171233085939047
-0.117710088828556 -0.0498551515449768 -0.116106499903106 0.258528574641079
-0.242981493436385 -0.0983516415333425 -0.196092869929667 0.258835268940442
-0.185473569113391 -0.335080630501559 -0.210728856736789 0.199120295738692
0.0119609856040985 -0.457320487003793 -0.1196710502042 0.523873843740404
0.033871302488997 0.12527724163702 0.024536648465448 -0.528238961894492
0.149440008745567 0.0629006427015889 0.157910805467977 -0.149832714977548
0.0897065537820981 -0.0945907992595958 0.260443956167853 -0.24855138496505
-0.0806256370332217 -0.0804258188551565 0.0800181257096351 -0.250576249513516
-0.0587740897933382 0.0541728413462252 0.118052481910512 -0.123558078276336
0.030191180895986 0.0487298283464464 0.259100828203439 -0.133991227309481
0.0635509559631335 0.0247931306383643 0.363452097833637 -0.217056779789932
0.0653094114978273 0.0312443116211348 0.367326752487754 -0.266961747498224
0.0627512044441114 0.0337353864474488 0.361003785518975 -0.211352313492124
0.0395692853865613 0.0597277450431915 0.33326635676268 -0.0892852722244068
-0.0281634136470485 0.0737003641450855 0.26937237411826 0.057281097805666
-0.116673942561074 -0.0180872989406357 0.100294442154685 0.165675979455444
0.00484344815442444 -0.11505789047404 -0.0868355030412901 0.125836013883207
0.137203126503316 8.71424894494273E-05 -0.22372017030167 -0.0837458598299721
0.0632495030678027 0.118334772991057 0.05516628829613 -0.359630006534488
0.0469726165570506 -0.121598470588346 0.0519875573500917 -0.51844282553971
0.0869140349104645 -0.167896760695746 0.185656962203642 -0.0688219522559458
-0.0288475736702335 -0.253373454194107 0.342728124982175 -0.255778818004219
-0.22957681457658 -0.195329433357064 0.0860074928868068 -0.29977477607412
-0.252680302194116 -0.00380088172971763 0.0826899868262589 -0.116187596963634
-0.170852592882522 0.0790918076487591 0.23293167269946 -0.0920301372874548
-0.100486871876894 0.11480024689495 0.354830046623012 -0.178519017253208
-0.0745366861049113 0.111700822919178 0.364410524911588 -0.241366981548579
-0.0553817501190199 0.101741386224843 0.352970273573577 -0.201896952099235
-0.0834633047935523 0.0868050547633722 0.337216922205696 -0.0849830569334984
-0.121701129177576 0.0497622819897091 0.281945693736364 0.0615058246993642
-0.189254216200741 -0.045694438792078 0.0980217453214867 0.168089570851155
-0.0806056095297059 -0.170386925353041 -0.0828529696539236 0.114779034909899
0.0948778733882833 -0.150411989587582 -0.225196445570416 -0.0461418667411787
0.080829883084112 -0.0967951546726079 0.000394119416882053 -0.309598132753082
0.0823941006430595 -0.344375990022204 0.0642112623333559 -0.414902121307389
0.0414825319279693 -0.390977783731005 0.222833717939865 0.0547022160798384
-0.13605112887738 -0.395338680766966 0.4210784371928 -0.256446608648284
-0.341503292358596 -0.291022462824235 0.0819967542670642 -0.366728139911046
-0.401403339633653 -0.0746449645789565 -0.00319047804513024 -0.134496165723233
-0.344144712018484 0.0803546008895686 0.137187201827456 -0.0531918203825194
-0.250956571807809 0.178446673815031 0.277847945881824 -0.119009603910718
-0.203075844835796 0.17680406313516 0.305675795049141 -0.180431796778927
-0.165726139780053 0.16708881519702 0.305674257551127 -0.162764074031931
-0.208216854175411 0.125926519720007 0.320850533912783 -0.0689208211859251
-0.231065111278347 0.0414347480478292 0.293116978879526 0.0672568877031583
-0.283726610540497 -0.0639694435401713 0.109514535558916 0.186636225930487
-0.191835651001518 -0.217132401623047 -0.0874634419902708 0.130449429941053
0.00872038906715037 -0.293762932074846 -0.235455281854923 -0.00580175412894376
0.0623458395405268 -0.313993190884744 -0.0512374639050237 -0.215614242479855
0.119240002881083 -0.498602873320664 0.0504992778899505 -0.240029449951788
0.00649262519723967 -0.541069978252381 0.261206349659347 0.191079518417596
-0.216969166725281 -0.461349060257409 0.463118347127048 -0.255911488284533
-0.39198857310456 -0.317738238872431 0.0541449334473609 -0.425798882639431
-0.46891627815045 -0.122890505155429 -0.116957873605205 -0.161532533536319
-0.445469736333619 0.0675709703451284 -5.80638632536143E-05 -0.0197726987069282
-0.355407229533498 0.210423419813232 0.151514089016218 -0.0493283098189051
-0.302269503836232 0.214814484809257 0.20086466926139 -0.0945148371170135
-0.261188158553702 0.217982097542548 0.22295461487542 -0.0925752565370058
-0.325432108909447 0.167387715018629 0.27424234669463 -0.0269153767677565
-0.345305009379327 0.0460078940715863 0.280008754639625 0.0839049031324944
-0.388460471247496 -0.0736030354259826 0.117016612051921 0.213919583531337
-0.314991559879708 -0.253998539411064 -0.0904556827106263 0.166044341043592
-0.103108226064968 -0.417605069792522 -0.23850145032328 0.0466237906496273
0.021622484279426 -0.503198016131061 -0.0845142801132904 -0.0820122241298403
0.128098426216735 -0.561377678889483 0.0180802213213474 -0.0373105243708035
-0.0363689474236787 -0.567402783333828 0.293249480948148 0.294101919808476
-0.25152015709132 -0.407710812964304 0.443307850144868 -0.251522524994932
-0.351343294956656 -0.262423529437958 0.00549943227728865 -0.438790497060842
-0.431438057020105 -0.135227890906374 -0.221248044091818 -0.170893021586186
-0.455678464931007 0.047167246456742 -0.13981476502071 0.0114881020631155
-0.397526326945393 0.2081470221155 0.00435768664418235 0.0204877936164443
-0.357339500902177 0.222994427833094 0.0667431260708057 0.00491366301624706
-0.327997611846706 0.238383711787536 0.111357929051198 0.00314521181090735
-0.411844562591753 0.185361661802501 0.188756374723049 0.0432734161079487
-0.426213071215102 0.0394155548681383 0.221790431461657 0.12107070228287
-0.45470365444437 -0.0824963526037536 0.0974331158729696 0.245114587751764
-0.405494733699876 -0.267390851614797 -0.0958432733395145 0.203414307574164
-0.205736956517537 -0.499326402986568 -0.222185359395363 0.108293166098019
-0.0197346915613533 -0.635677848862063 -0.0955856953150987 0.0840795419634641
0.102098949335813 -0.532742284863137 -0.0188319519545391 0.147544389985372
-0.0872432002000977 -0.470638057327506 0.305410889313445 0.328192121805687
-0.232259278963861 -0.260909297686381 0.35876127701127 -0.238098068066299
-0.22888975506482 -0.159813153290387 -0.0469153486997624 -0.391056847731772
-0.314648869567623 -0.126272313980469 -0.280525421584354 -0.153340621557447
-0.390137687164576 0.0248777840229382 -0.245170816615673 0.0395662432873044
-0.378326493803105 0.176734518593282 -0.136392333427297 0.0844381685848118
-0.362986901292315 0.195939266039504 -0.0763891207980335 0.10502479554473
-0.353274145717891 0.215755214182729 -0.0202748001949271 0.108081512395579
-0.439379933126661 0.156059528486701 0.0668028351699057 0.125089537752736
-0.429725566562044 0.00141266312428096 0.115236986258611 0.16450393865001
-0.429275034709618 -0.0977988748680454 0.0423851125387014 0.268964075802316
-0.41921208335647 -0.251690613779503 -0.110264766450999 0.233153677822073
-0.256537933089648 -0.515732328840166 -0.197947928349121 0.165877287081557
-0.0359723624342872 -0.678370591842471 -0.0932534331556814 0.257996982372715
0.0481226775155782 -0.433817667957482 -0.0441325104454894 0.28667090529807
-0.131599141514147 -0.309621921776548 0.29539704376871 0.29411099036085
-0.174031286253443 -0.0921251131113505 0.246731851056621 -0.20972491883243
-0.0857072352282264 -0.0672576849855504 -0.07809798170106 -0.306965127670689
-0.176963716770134 -0.111404387128916 -0.289104072854157 -0.124179561218076
-0.282038835451073 0.00180901251382585 -0.305374393340616 0.059457955391466
-0.30758584186867 0.124744447804832 -0.250636434987366 0.137954163514978
-0.314071754527285 0.139448515836449 -0.208918567105319 0.193766689530337
-0.320911024442652 0.150671352776046 -0.157270818301014 0.197318097608825
-0.382298301419002 0.0813481398138812 -0.0758655647502537 0.185509104312935
-0.33514347438052 -0.0532458725692793 -0.0150298982683646 0.186227395895559
-0.301164745290121 -0.0995053621203233 -0.033147196828295 0.271817584651366
-0.348428285727697 -0.193429671349841 -0.138128631914466 0.250503147221511
-0.243421828309302 -0.455433923528901 -0.186599454507402 0.203471327898947
-0.0268136227912058 -0.611622915347992 -0.0905200951927328 0.410017335169512
-0.00504897743715266 -0.287149826134104 -0.0512415906945309 0.37027297088999
-0.148612228685331 -0.138256726203613 0.272908116217919 0.229447741848951
-0.0960674359792084 0.0355365471977026 0.152321139462408 -0.170906383454544
0.0292686497110996 -0.0117664245759475 -0.07812202390085 -0.228664813309116
-0.0604533552880841 -0.0955445263863341 -0.273743187578861 -0.10326736935269
-0.165415822240932 -0.0212746712024967 -0.333091583706104 0.0686423776326563
-0.204133909105729 0.056648426081525 -0.328502065228175 0.177772113174974
-0.214945856782801 0.0620778578206701 -0.310484189534231 0.254062601750893
-0.226988995957388 0.056255031550824 -0.275198215961625 0.249875786055668
-0.240237620616361 -0.00704362124220881 -0.204714463863973 0.201632861323279
-0.157278261720542 -0.0816667421583401 -0.126943101495702 0.170852600391678
-0.115607391589999 -0.0483370210132116 -0.0971845246152938 0.254359144627485
-0.233982162744693 -0.0841152991965174 -0.179219707753591 0.258026275745016
-0.188284760104874 -0.314721623093806 -0.202469996663932 0.202592965154902
-0.0102634583569972 -0.437350534270378 -0.0950022250215627 0.505694029393361
0.021289803499675 0.125855830698143 0.0571249334137987 -0.50469953990865
0.140701832125004 0.0649601637029044 0.165233335439381 -0.145207526878207
0.0855149744467275 -0.0892200350335164 0.254403894969999 -0.231196304741682
-0.0766633650158451 -0.0758442385996113 0.0786969086714723 -0.232702014072368
-0.0568497830804825 0.0499637686969278 0.116569054016893 -0.105423040737738
0.0269510174970843 0.0447793990336683 0.253919110771092 -0.118241145434993
0.0639547202003745 0.0228542386993956 0.357886991429694 -0.201022513007661
0.065142598410374 0.0305266609412394 0.36082263983406 -0.248216214118864
0.0638313183341026 0.0312387941636584 0.353456188765538 -0.19424626342098
0.0395889374285242 0.0556770519499682 0.322310044281593 -0.0780240231571449
-0.0257449480018758 0.0697037679238513 0.254245833918051 0.0623307968804139
-0.109078985405394 -0.015984910688116 0.0892157526961731 0.158513691317411
0.00590388399821999 -0.109195622775657 -0.084073946066713 0.118065800163113
0.128650782125092 -0.00138569091052896 -0.207509843975602 -0.0815667371303594
0.0585929283391566 0.110185839726818 0.0683341740417061 -0.340237792630855
0.0504404994788732 -0.114644177382613 0.0734223744277462 -0.498032760951964
0.0957809598379715 -0.162817076234845 0.183267595477287 -0.0622708412688873
-0.0183840445859365 -0.25170140687005 0.327307740857225 -0.229250376831249
-0.212034636992833 -0.195954738545016 0.0790074571708812 -0.276309497324572
-0.241456753345859 -0.0163600714684464 0.076115127811778 -0.095864110893717
-0.168809155689961 0.0663358236015301 0.22537827254254 -0.0746292718047886
-0.0997299674115301 0.102897577557773 0.348377292485444 -0.160989476938606
-0.0767038260944223 0.103602956475193 0.355007999290954 -0.224205830739082
-0.0546807812359531 0.0937501783244841 0.344747497361582 -0.187933994398887
-0.0816081340858154 0.0787661497745033 0.325566571437649 -0.0761294365443591
-0.117302005827575 0.0427769951284888 0.266801453404028 0.0630728476584493
-0.176956650064693 -0.0458470809873925 0.0861145830004133 0.158447580682763
-0.0723310969433352 -0.165251917275514 -0.0810037728432313 0.104669138000722
0.0926347330230842 -0.146447740321844 -0.207970017233447 -0.0477927779327113
0.0799378041327035 -0.095546928622098 0.0206034464088858 -0.295904140534722
0.0998390795624598 -0.329855005487939 0.0712185871067318 -0.400174902616076
0.0659896986238218 -0.381748430044062 0.207811360416198 0.0604744722361388
-0.11111163885754 -0.394666559166743 0.396209089011124 -0.223216859784041
-0.31368526600584 -0.293380965536717 0.0707774075228562 -0.340840905158179
-0.381859046980445 -0.0921765494885023 -0.0104467955951208 -0.113790033236811
-0.336867516367716 0.060064937673832 0.131191157117788 -0.0374294996950512
-0.249079920125099 0.159487298820432 0.270032420354987 -0.102245512988372
-0.206715515956933 0.163587041982427 0.29533444568156 -0.166765272949457
-0.166897004364949 0.153922225837169 0.295623091680852 -0.151726734409482
-0.206271411308625 0.115130588215102 0.308309116768676 -0.0632654807733873
-0.225737569631541 0.030829086298004 0.276484261576632 0.0642852409589808
-0.266766761619509 -0.0673071367303181 0.0948433033928298 0.173645224785974
-0.177832775287854 -0.215288892915003 -0.0869666782170547 0.11728682056154
0.0150985034789633 -0.287071921233593 -0.217886403971676 -0.0133423036817257
0.0660670196165325 -0.301696127478122 -0.02675502033499 -0.212751586745846
0.147328379034808 -0.478740429899803 0.0428116016358175 -0.236530495982757
0.0409350518639573 -0.529152200164541 0.23414787753591 0.195005471394934
-0.183409629087981 -0.464237451908669 0.433899075393023 -0.217292735964327
-0.360917679524586 -0.322945239134887 0.0455420824649603 -0.397935434768218
-0.445209419691391 -0.142745258088425 -0.120968014929188 -0.14357396319994
-0.435099497936892 0.0442540154537244 -0.00313868764323712 -0.00921563574194273
-0.353047574872622 0.186125327546236 0.144340850283557 -0.0369268940423606
-0.307826864991538 0.197754952655793 0.191081008785249 -0.0869903738143334
-0.262010636676861 0.202127597791096 0.212723503165092 -0.08776507123809
-0.322633770200824 0.15373519605561 0.260187564326142 -0.0264091023058052
-0.340401121448146 0.0320362343695354 0.262659658117899 0.0765460823418381
-0.368447391270494 -0.0804621651126659 0.0985444273021022 0.19675462091943
-0.294712849930463 -0.256345260646894 -0.0930697304767368 0.147612028485472
-0.0891229454149976 -0.409223686302408 -0.220352960359821 0.0326120089404324
0.0314416002447339 -0.485064759233965 -0.0608553391929952 -0.0886441200685205
0.161416668655804 -0.539348800544835 -0.00198889673062865 -0.0449112059048751
0.00190705702406916 -0.555006776704404 0.258869277071653 0.297926323910339
-0.219054728859823 -0.41332382813402 0.415857681591022 -0.212523171635728
-0.323024915918323 -0.268805319867246 0.00225753416989517 -0.412464242506835
-0.408009226512084 -0.151800674055156 -0.219975052372152 -0.158381684634361
-0.444780410791519 0.0256244768577698 -0.138067889133685 0.0150277022403988
-0.394601219489305 0.185031137627241 -0.00104382194772769 0.0261891386017111
-0.363221262030969 0.204532603063917 0.0591701262173451 0.00680523754354706
-0.330308139458754 0.221458464276852 0.102348641844861 0.00134127464021053
-0.408279260292178 0.169804626157648 0.175471367000264 0.0385122356676157
-0.421326744403408 0.0222292506271168 0.203822083692881 0.10864676337108
-0.432690205746032 -0.0927751202780849 0.0766894678639635 0.224158975578119
-0.381781942127764 -0.272145302003644 -0.101421093386282 0.180259695105832
-0.18408068419852 -0.489459724366736 -0.207616410743735 0.088930464204428
-0.00426817955696789 -0.609749186596915 -0.077759234214355 0.0658946909485604
0.133550160721866 -0.511648957383422 -0.0470405434583291 0.13211086336109
-0.054366071604062 -0.46499848515938 0.270186021397013 0.331605248179021
-0.207978510561761 -0.267005234800376 0.340644222138225 -0.202764820978005
-0.21098486941956 -0.165900825947646 -0.0444453029614159 -0.371621567893384
-0.296631922362228 -0.136035722945872 -0.274252056210674 -0.148572202109878
-0.378624025452112 0.0100115401027184 -0.239188700546699 0.0361600781894912
-0.37452305594324 0.157618262530538 -0.138070072889871 0.0834819773292827
-0.368450800804055 0.17926674434392 -0.0811920734002826 0.100730136934649
-0.355696303104144 0.200625505401492 -0.027119698589926 0.0987358733350923
-0.434700887756629 0.142919798108006 0.0554039652498246 0.113333447953889
-0.424660070914062 -0.0136839117753353 0.101253795441329 0.147057907153396
-0.409361604620351 -0.108187320439494 0.024690074729201 0.24447195183644
-0.394966181562336 -0.258263782891995 -0.117207316609056 0.206974185905942
-0.232267609229649 -0.508398494050828 -0.188082841156231 0.143844111252596
-0.0206194297369657 -0.650598580766401 -0.0842729267538836 0.231193263090977
0.0762590832290214 -0.418300508781613 -0.0745774156363102 0.266984127416124
-0.107068440267046 -0.308723963030508 0.264805808684315 0.298067353477944
-0.159985682080419 -0.098638635572343 0.238194342664461 -0.181635805319222
-0.0792221356621088 -0.0699381782525177 -0.0710860687144444 -0.29437135234349
-0.166232447872834 -0.113620242224483 -0.280752321523812 -0.12460335772466
-0.273098868306854 -0.00607555602038454 -0.296337896063634 0.0501024057316936
-0.304006379333781 0.112406105580252 -0.24965506389712 0.131772005305909
-0.31744580705306 0.126397183111212 -0.210234858344146 0.182222027840806
-0.322677740427255 0.140209902676743 -0.160438461651534 0.182577084354654
-0.378771542000226 0.072720580687295 -0.081445424678523 0.16917394372668
-0.331000178193678 -0.0636086494820993 -0.023039924416549 0.166983741316498
-0.28698749552893 -0.106079776343283 -0.0443712783694061 0.247180634872601
-0.329399866687771 -0.197111522354728 -0.145186234610413 0.223792725821701
-0.22128807756876 -0.445642114987638 -0.182031631824689 0.180940674159755
-0.0137483255282307 -0.585011762074721 -0.091786333144969 0.376606574348442
0.0142603514936495 -0.279901755454089 -0.0790024587085449 0.351718747420842
-0.133679298422194 -0.143424905987627 0.250879679069686 0.234502080918311
-0.092237138165525 0.0292739343413159 0.151777827483133 -0.151903817397205
0.0268637695208074 -0.0116568337530098 -0.0691597793114849 -0.223032765560826
-0.0563607388388699 -0.0919605315760287 -0.263568899625612 -0.107219389285282
-0.158083856448436 -0.0228095835808388 -0.322577607294965 0.0560346800514125
-0.202126736141195 0.0512076166231387 -0.325090793996207 0.165848916315273
-0.216655731380823 0.055689808548142 -0.307314265138086 0.237788561796056
-0.228287920331503 0.0519010578591746 -0.27408829635151 0.231210753303274
-0.237920484665461 -0.0098330429363479 -0.204670798030155 0.184519940343306
-0.155740281813382 -0.0858326388352984 -0.127452181753953 0.154005670308751
-0.110934384212098 -0.0506785723309034 -0.101987047534683 0.234346945735778
-0.222944860005224 -0.0859007755385134 -0.183698702962928 0.231798904819757
-0.174445027422705 -0.307361328584917 -0.200094583939864 0.181545665309418
-0.00262450603976051 -0.415458333514951 -0.106752882536388 0.469171991585844
0.0221244736646323 0.122724794151369 0.0645579619152202 -0.493626413203738
0.139657555543847 0.0613445933371196 0.169855414585533 -0.144974795051971
0.082378660578622 -0.0877181279726597 0.253682117302523 -0.228203007646375
-0.0753601595999596 -0.0717444886490931 0.0778431201854143 -0.223851008131209
-0.0530705112446419 0.0498526736085573 0.116381112136491 -0.0984736249660367
0.027777607999098 0.0425458867250684 0.253319296807146 -0.11404567296216
0.063383658829247 0.0203737582167455 0.355097672330005 -0.199697797871233
0.0658090962332844 0.0275119738869319 0.357361546088895 -0.245323794801639
0.0632689916931256 0.0299181336623794 0.351277333524566 -0.189698447487967
0.0393574697105067 0.0538778228567044 0.319463616140309 -0.0749406600144465
-0.0232805554193879 0.0674241808229043 0.252342125226096 0.0630933350858206
-0.106973190608302 -0.0138579057136605 0.0889600554176281 0.157524396126105
0.00530017441637486 -0.106954823491314 -0.0832271027515677 0.118876224952213
0.125963383810996 -0.00432423511750085 -0.201622194196454 -0.0771505983875511
0.0582267592099595 0.106665709207856 0.0696338924857987 -0.338715351902779
0.0535029255604672 -0.112958188898555 0.0805698500454225 -0.486484162282648
0.0986563818255656 -0.164174870794683 0.189470828078284 -0.062616289828995
-0.016461923621537 -0.249494148865351 0.325006594729089 -0.225788370432961
-0.208024761290493 -0.194135069170343 0.0773564067355865 -0.266656186743862
-0.235491298567576 -0.0189173894646204 0.0774365197947993 -0.0903390513972368
-0.167463635649562 0.0620113323065082 0.225554448883355 -0.0714700410872881
-0.100027526164108 0.0985818434032955 0.345277891952116 -0.15986520273563
-0.0758187097565164 0.0997745016153728 0.353299150292317 -0.220802586682942
-0.0552489428326516 0.0904752640450971 0.341532117079587 -0.183857670101467
-0.0809323139804088 0.0760781653718895 0.323798811559756 -0.0740768530757336
-0.115254600958448 0.0396085979421451 0.264212355714913 0.0632726506088104
-0.172982037855566 -0.0443964273168104 0.0882823006376413 0.158612989858393
-0.0695622369210531 -0.162537863426911 -0.0807942890574506 0.107423958571923
0.0928289993865629 -0.146048425631991 -0.202704432759748 -0.04437947737445
0.0819415047247151 -0.0936647830969759 0.0229853835866427 -0.295345199478939
0.104532530940203 -0.323110720181115 0.0750889374177206 -0.391329702061302
0.0737938193719102 -0.38096293174974 0.212355445660626 0.0588577862639429
-0.103662438560648 -0.390971720904347 0.393205428039636 -0.220045301028184
-0.306331288958705 -0.294161573251191 0.0700634455790972 -0.329954679791436
-0.375594516146227 -0.096639367064344 -0.00733288559708458 -0.11081036941764
-0.33427228105375 0.0552838815189932 0.131932298125172 -0.03629279120106
-0.24812961730096 0.153290393284678 0.267342244917998 -0.102926221193703
-0.206007042491 0.158178705033298 0.292806074012612 -0.165396577179555
-0.16736990664188 0.1489633682275 0.29338018769884 -0.149245082240796
-0.20442025733604 0.110905593458703 0.30616863816988 -0.0622285628531014
-0.22400689096094 0.027057774929199 0.275538328042205 0.0639779450340415
-0.262249551885423 -0.0671898300576638 0.097691665635614 0.173811507653585
-0.170953323824489 -0.212671047878115 -0.0868052731873115 0.120829616329032
0.0192639005372511 -0.284450331353945 -0.21472433692362 -0.0123754312162429
0.0710084645372982 -0.295688785538839 -0.0239120068286153 -0.213698419995046
0.151663192855951 -0.468382827713912 0.0440327664594353 -0.229753043623968
0.0502627052356317 -0.523742196879886 0.23715477357562 0.193143504280985
-0.171626590656414 -0.458763093149745 0.430643478831592 -0.213640008414433
-0.35150814451188 -0.326311031613055 0.0456976668784398 -0.387225178147054
-0.438465124018407 -0.147713678946596 -0.116621510349284 -0.14267338220535
-0.43149818063937 0.0391889005274257 -0.00151216773231039 -0.0108853999044336
-0.352206141833523 0.179671734383674 0.142174474236542 -0.040001683705823
-0.305849893379405 0.193387146929608 0.19009075188366 -0.0865993891044906
-0.263141294914357 0.196193725116488 0.210879744345095 -0.0861382982445158
-0.320925616647613 0.148935878153971 0.259333150839627 -0.0265800062523235
-0.338482191488251 0.0258702911271867 0.260952758502213 0.0768691716420639
-0.363738384717571 -0.0828338246383545 0.101546714527894 0.197501022206602
-0.285814783174308 -0.25593673096291 -0.0939520228255197 0.150943219422401
-0.0803462630390474 -0.406228465573972 -0.219709949262772 0.0331172547590357
0.0385817862142237 -0.474158769918206 -0.0586568942827142 -0.0927519774480507
0.165154807416002 -0.524864479887164 -0.00362444978251993 -0.0410201306287944
0.0120824925867947 -0.547872841801431 0.259255799308727 0.29410389817623
-0.205570725330202 -0.407018237825497 0.413981327795927 -0.208045250957565
-0.313250763724823 -0.272165390070129 0.00316351848779403 -0.403620706413766
-0.403089670998798 -0.156180092471904 -0.214309402672234 -0.158541127852056
-0.440624140868175 0.0216363713673195 -0.135834814093975 0.0106303920759167
-0.391689053426227 0.180166445208938 -0.00186246225962114 0.0215104649503392
-0.362941574566112 0.200987147358485 0.0582789301311611 0.00450607242983363
-0.331207495779649 0.215655779429406 0.100667715480712 0.0013129541755935
-0.407291069347764 0.165537980297076 0.174376452559828 0.0365405108399388
-0.419806220172914 0.0169760747775358 0.202827236241261 0.107552330134391
-0.42799401336135 -0.0978621839393719 0.0801951913851072 0.224106107096053
-0.371369310517397 -0.275031822356569 -0.102898737152782 0.184276722559521
-0.173372721813949 -0.486716886825659 -0.209294099961013 0.0876894137829907
0.00282328731941182 -0.597793161593313 -0.0769600677835363 0.0595664248512237
0.136596273591501 -0.498932644101882 -0.0493972877830817 0.132163278957799
-0.0451304974463493 -0.456899478718718 0.268326092680035 0.327148675099729
-0.195319808652622 -0.262789389645636 0.338189269335227 -0.199205930605234
-0.204112621696157 -0.169125762546159 -0.0439086626986178 -0.36462740024052
-0.294643732941296 -0.139609622335577 -0.269166342224599 -0.149440787692641
-0.375773504916813 0.0071200353406545 -0.236004836164119 0.0307384113015454
-0.370551343648035 0.154197960284667 -0.138806253461499 0.0772955926141593
-0.367205243503101 0.177257753193797 -0.0810398163133115 0.0968569049657707
-0.356407666127079 0.195825632441162 -0.0284701755030561 0.0961158383496921
-0.433232167687586 0.138992457255115 0.0549849098233316 0.109732473824939
-0.424485472491448 -0.0188672288636575 0.0998509806712428 0.145511729413046
-0.405809963319129 -0.114399519236727 0.0275277275013945 0.243909703186717
-0.384373999905145 -0.260226646881537 -0.119671958665521 0.209908373879954
-0.218988067607198 -0.504384917431688 -0.192002402234897 0.14195544095861
-0.0134544989151763 -0.638541627935966 -0.0851325940100905 0.222034810294125
0.0765020060643061 -0.408267312758552 -0.077964706784678 0.263880487513424
-0.0995200374751197 -0.302751347692532 0.261233741657963 0.294314557844741
-0.150617912868022 -0.0968151698815272 0.235825512509787 -0.178454230160091
-0.0755942946206746 -0.0731900500261656 -0.0699707485588912 -0.289837010182349
-0.167025079571311 -0.115457627660966 -0.276316652685538 -0.125199836328681
-0.270542089463464 -0.00620539500922727 -0.292838903343085 0.0450112425369869
-0.299956703757227 0.112077966098702 -0.248502828073588 0.124848719864198
-0.315424447804298 0.127726894073896 -0.2088041447093 0.177540601889624
-0.323357798622791 0.137853286741847 -0.160263915763535 0.177995549854657
-0.37617078548301 0.0710607747592488 -0.0822137527304381 0.164952055941705
-0.33025061963612 -0.0670813731556669 -0.0233051412882253 0.164645003875953
-0.284534992020738 -0.112145841709492 -0.0415655094042388 0.244707920591754
-0.319168091272373 -0.199278688523582 -0.147141351173065 0.223071845163646
-0.211546063168137 -0.443129756081938 -0.186388225320322 0.179036393192936
-0.00890332689926889 -0.573063439268826 -0.0953794916110137 0.366345868848269
0.0142425268468587 -0.272195895703802 -0.0822479826644776 0.346267546168794
-0.128341430597783 -0.139809615346811 0.246661480725876 0.231284231150544
-0.0864570220940609 0.0279038927122838 0.149605650701789 -0.149223128098954
0.027346131503279 -0.0147637932376969 -0.0690064168835421 -0.220158377136571
-0.0585402185771951 -0.0925022673519641 -0.260540493520522 -0.106802755792638
-0.156667484356461 -0.0205814180036446 -0.319331956813431 0.0524597847458411
-0.198082391337328 0.0541097349791702 -0.323065516254768 0.160656059449738
-0.215593114873578 0.0586592776362244 -0.304262856984335 0.233015119629843
-0.228152208250823 0.0527799744743796 -0.27236577804149 0.226633610652037
-0.236598767508029 -0.00914207540993393 -0.204832266128829 0.180283034259681
-0.156722918007183 -0.0875656266668972 -0.127962481565552 0.151032690580292
-0.109111644723943 -0.0553831779510973 -0.0991861610955305 0.229240745192343
-0.215003740967839 -0.0860716055274103 -0.184541979300322 0.229013795239595
-0.166626110467599 -0.303867628952034 -0.205372736351803 0.180266061983025
0.000341495999768231 -0.408033119818531 -0.110699056644294 0.458906395014407
0.0227950874988331 0.123702210128854 0.0735913941168438 -0.497190242037991
0.142007731024251 0.0592809212103874 0.17974859679092 -0.149766888110805
0.0811464849312795 -0.0883810548459595 0.258719282825893 -0.232219808133808
-0.0763723207147269 -0.0696578010233928 0.0788968390125398 -0.222420987719383
-0.0498007444830017 0.0513411361755472 0.120703407433413 -0.0943670245026817
0.0292983896430664 0.0416656122235708 0.260186098313144 -0.113322853621481
0.0641322938921398 0.0179490189626434 0.36204993731795 -0.203314521969569
0.0685332771885321 0.0246708001782657 0.364954284423191 -0.24794516326989
0.0649982216441233 0.0293278730751803 0.357541418554513 -0.191397653905812
0.0404995019364441 0.0530497775828675 0.32542606652099 -0.0743410327922282
-0.022208343751276 0.0667237012486619 0.257176307515448 0.0650856490467695
-0.107773155883756 -0.0118440092655063 0.0924443581689392 0.160813445323621
0.00442590402413677 -0.108123863241396 -0.084009383375873 0.12388080159049
0.127156784043658 -0.00750858595520067 -0.202384993329285 -0.0756424612459524
0.0601789326641038 0.106844988433895 0.0723052734745955 -0.345884055217234
0.0578150554952825 -0.11419649757962 0.0875919715600895 -0.488459911916657
0.104556470863944 -0.170818727195584 0.20056062881301 -0.0645819650786558
-0.01472939444228 -0.253579333129886 0.33262906324806 -0.23071290432158
-0.209876390968552 -0.197624836746346 0.0781233424721053 -0.264805147613414
-0.236421051591789 -0.021603907084977 0.0820541053217929 -0.0883871065730583
-0.170032010303172 0.0600406618392953 0.232145498996364 -0.0711358634957911
-0.103305878851265 0.097085084971024 0.351046884545887 -0.162950991031574
-0.0770322563146352 0.0982583557628742 0.360327842432892 -0.22544797002349
-0.0572301489177118 0.0896317879012829 0.348127175166688 -0.184892685494791
-0.0821791070712205 0.074665723765899 0.329951202392406 -0.0742476691673955
-0.1157984396022 0.0377245660771822 0.27063509944714 0.0648491760615466
-0.174266401361829 -0.0437757572540527 0.0921302616677146 0.162626808735906
-0.0699451056277657 -0.164151005190379 -0.0821977506041347 0.113200212426011
0.0954602877529044 -0.150299610274306 -0.204265802925003 -0.042402107872372
0.0865753772915745 -0.0953934721174881 0.0252464113188927 -0.302707764196867
0.112265419536971 -0.326218752563687 0.0813693685213732 -0.391586323670094
0.081411254892898 -0.389618292294284 0.223604674145386 0.0592752133714785
-0.0989986565441538 -0.398322971669542 0.401870091937134 -0.223954189833243
-0.309834158623659 -0.302943769382801 0.0714855551554397 -0.329496972897781
-0.379255757140686 -0.103227160951444 -0.00431926366048549 -0.111000969897406
-0.340595050381074 0.0524744820626025 0.136732343494307 -0.0372501355958989
-0.253637980226835 0.152423939377221 0.27199199439024 -0.106213194408814
-0.210485756545751 0.158425463525415 0.29884325851844 -0.169861515797902
-0.171829292055722 0.148781514889171 0.29871768650868 -0.150966809836617
-0.208559213451992 0.109897871248267 0.313795392868868 -0.0636478674004304
-0.228105776408784 0.0230975983711681 0.282379638451961 0.0657660417251881
-0.265068163944562 -0.0694254476602024 0.103511215791225 0.179405674243865
-0.170648803380039 -0.217029623288004 -0.0883451906514088 0.128349260179487
0.0228268924466283 -0.290533540383119 -0.216933861295746 -0.00990812229450321
0.0772134531159062 -0.299123704315609 -0.0226408696761287 -0.219839282456731
0.160893189725315 -0.471947991812283 0.0462237491409955 -0.228099109772392
0.0585276547939169 -0.534967861085399 0.247225866932401 0.194777478646887
-0.165534127761427 -0.466084811555478 0.441363667365814 -0.219078992227763
-0.3516176248926 -0.337779183393803 0.0463540280548758 -0.388465160729399
-0.444662777841137 -0.155990572263705 -0.114955508857151 -0.145049137317004
-0.440223550402772 0.0351377546607117 9.97202150546296E-05 -0.0125813759419678
-0.359454479865204 0.181205349933819 0.144157089650113 -0.0441731456615661
-0.313921431826895 0.195438568733716 0.194045283728113 -0.0901827194696866
-0.270812278973124 0.195667166223358 0.214405409864262 -0.0876477421266017
-0.32832118175702 0.14927927076845 0.265852778637361 -0.0271687216030422
-0.346542284898198 0.0222676990380332 0.268525692189056 0.0780710825484635
-0.368411098815226 -0.0880503871067264 0.108433717468469 0.202786799433113
-0.285640856725609 -0.261470276935591 -0.0961313939916909 0.159828478649015
-0.0770824205036023 -0.415315785852841 -0.224581714528651 0.0345289761850153
0.0457216628699212 -0.479106379116063 -0.0586840041958803 -0.0984982193981804
0.173977101376323 -0.529171158197736 -0.00480447305915095 -0.0380513418253419
0.0208321128308398 -0.556216815429527 0.267284267909321 0.297659955805632
-0.198281871252218 -0.413708031657582 0.421481439113009 -0.212458998030563
-0.314165103964577 -0.283456568915419 0.00470341813013684 -0.405354888484491
-0.411239532620605 -0.165390805734819 -0.214898541281667 -0.162928031904132
-0.45129314536114 0.0196117858070567 -0.136972133666545 0.00833479562672504
-0.399266304235283 0.180871777460478 -0.00401167611163945 0.0178610880198559
-0.37044747300238 0.20401883339391 0.0593601093261998 0.00157240147955408
-0.340914658404012 0.216230976553852 0.101428659410361 0.000870742780452278
-0.415746241302515 0.166089554766916 0.178902328543193 0.0357818548462608
-0.430608464987649 0.0125385412243907 0.207876355320428 0.108372517031294
-0.434600435256034 -0.104143403573463 0.0864661857055044 0.229440084496395
-0.37197788472324 -0.283686384297003 -0.106724054696128 0.193672020266297
-0.168646551401645 -0.497045835921196 -0.216923934713734 0.0909156433134388
0.0113204832634756 -0.603833981365318 -0.0789618444024458 0.0548635985456963
0.143312557087207 -0.501477611131777 -0.0540965396643248 0.136169497450888
-0.0396828989159339 -0.462504590684999 0.274515598937325 0.331011091646747
-0.190168173741614 -0.264935158511637 0.344070238265035 -0.203006354732684
-0.203169445734372 -0.177450583204464 -0.0440788996785031 -0.367712968752142
-0.301340852730182 -0.146704494134887 -0.270929787012186 -0.153578314412961
-0.383141479076633 0.00656088652764946 -0.239502613285383 0.0276469014734331
-0.377374239160363 0.15650897268975 -0.142749352389667 0.0738049114707704
-0.375265193415676 0.181316967377341 -0.0828558128226844 0.0953043960260096
-0.366131336135369 0.197090210981985 -0.0305267015942283 0.0968035497180951
-0.442831406378138 0.139769594573048 0.0561551894308339 0.109709527642152
-0.434715870997584 -0.0249554091879402 0.102663168605295 0.147982008265798
-0.412365551239742 -0.123043046728207 0.0319615021914064 0.248661390708421
-0.383602097534873 -0.268556419503605 -0.124342429580009 0.218448222867031
-0.215350853686424 -0.514601487778764 -0.201109402218495 0.145726764425896
-0.00586110284124412 -0.64331712406477 -0.0893736273486104 0.219495549338914
0.0796737407266757 -0.408926616688058 -0.0835738360609751 0.268358253873782
-0.095883519412661 -0.304884676532363 0.266411890959187 0.297122590041323
-0.146635979097394 -0.0969759336574341 0.23959159160773 -0.1815736761718
-0.074703758847792 -0.0788917134209895 -0.0716955880792121 -0.292105802173701
-0.17222005352899 -0.120394148203675 -0.279537915431924 -0.128178410844366
-0.275460723787557 -0.00521357979101523 -0.297951373234625 0.0422296215156046
-0.304606422462645 0.116019936917532 -0.254650145225854 0.123787775700199
-0.323323672094313 0.133114240452712 -0.212146608980217 0.176729201149868
-0.331939200457481 0.140528529977092 -0.164299305393663 0.179055079379555
-0.384295234504051 0.0717849373077533 -0.0848704497325802 0.16531078431498
-0.339895551244295 -0.0728377509713853 -0.0240229798662769 0.166859344861122
-0.289930625541193 -0.121233072144922 -0.0392628543012367 0.248224838757122
-0.31689247877807 -0.206228243278608 -0.152830161111731 0.230434678101832
-0.2075303528493 -0.452086287470877 -0.1967297749238 0.183053064813608
-0.00552758249659314 -0.578388696228673 -0.100670628145655 0.366832861974054
0.0138644768575113 -0.272585977617217 -0.0881674991993609 0.350808089331105
-0.127947872605191 -0.140046266325297 0.250146972633605 0.23375827713342
-0.0828335745283512 0.0276925647241845 0.151948071587651 -0.152337218307263
0.0279460118162342 -0.0178842418978834 -0.0713843214558847 -0.222583850218562
-0.0629249967406782 -0.0952722467621853 -0.264233009225445 -0.109641484292395
-0.159367838612275 -0.0192623015281185 -0.325456133449451 0.0509200567227667
-0.199852060512707 0.0580010458019325 -0.329150129987873 0.160685098433207
-0.219872694163357 0.0634891830134105 -0.310500722578212 0.233874018409014
-0.234494614864343 0.0554369449174523 -0.278487620593612 0.227570465070197
-0.242399023463619 -0.00852036113632043 -0.210049951052082 0.181287201444506
-0.162270968760507 -0.0925046631700916 -0.131375740629761 0.152463851155531
-0.111000131111988 -0.0616355069325729 -0.0992304404293678 0.231029228380699
-0.213944559177736 -0.0885073916446657 -0.190325729414254 0.23338896594168
-0.165174729991697 -0.308418413690909 -0.215431408420486 0.183617317687131
-0.000427289343057715 -0.411298631967282 -0.118479846918219 0.459623569318415
0.0274469041518741 0.125432240885834 0.0731624598146558 -0.510433810762235
0.148358055779333 0.0544514089241003 0.190094570534847 -0.160778539626412
0.0793523150806879 -0.0920479545470335 0.264192207728575 -0.24595690062949
-0.0801294047478645 -0.0668287015586819 0.077412309391773 -0.226051055059398
-0.046537260052083 0.0545482054357496 0.125915578282387 -0.0955648553471651
0.0325993136353502 0.0404996209284481 0.269511370749594 -0.120458066115762
0.0666265152578067 0.0146614481599708 0.370520859565976 -0.21939386547785
0.0723928168020184 0.0205588497847431 0.373301568736902 -0.263590725176393
0.0686665475751993 0.0267868852700259 0.366520696305067 -0.204012411789114
0.043853045513886 0.0522732592819445 0.336313577966799 -0.0826178761050239
-0.0199390120100014 0.0680287847244237 0.267987961145214 0.0627914432439352
-0.110738155326005 -0.00716752554928785 0.101796515984203 0.165623715256665
0.000772081743004978 -0.111039587551175 -0.0827843847858715 0.133646611548689
0.129693533259829 -0.0131481853392959 -0.207851083354446 -0.0696187244748812
0.0655397842731645 0.107651292243023 0.0677042475484517 -0.361322450643877
0.0612274403401502 -0.119683230143682 0.0867249510053274 -0.502554335597315
0.107597202942822 -0.183472970687741 0.213028403539876 -0.0747826103595176
-0.0195594372152953 -0.262507239147623 0.341270279865969 -0.246408582204411
-0.221240048648001 -0.199987062709389 0.0762036115904272 -0.269010693320806
-0.243400990322461 -0.019030584249643 0.0858594724127832 -0.0895332732447788
-0.174659533412905 0.0629041049253961 0.242207400437619 -0.0773436011911262
-0.105687893772938 0.0993775470132767 0.360989837834661 -0.17783251116464
-0.077695851841798 0.100096707710413 0.36795520501724 -0.24133674460758
-0.0581927198858066 0.0911916112951994 0.356929027361377 -0.197251538762734
-0.0834763570270695 0.0774486263907852 0.341859856215849 -0.0848498970946147
-0.119042321466589 0.0388955328231446 0.282869786066425 0.0616624386444834
-0.17921329605919 -0.0403132743677462 0.102864184268667 0.167504863265013
-0.0742233800281878 -0.167904181516896 -0.0815140421057003 0.123502835629087
0.0965494064579052 -0.158886055347714 -0.209075414473083 -0.0369397144323568
0.0904312613346024 -0.100869033111054 0.0209225261149139 -0.315909023498289
0.114233028290484 -0.338103058056308 0.0791536700031841 -0.401476263063536
0.0820549588878178 -0.409431951292001 0.240278500976287 0.0541439580294767
-0.10505787744124 -0.41177153426696 0.414545712053941 -0.24286400733499
-0.323503565479135 -0.311266968003616 0.0688513335777423 -0.336117105576066
-0.393907431139225 -0.103560424264843 -0.00270555467694092 -0.113792734276842
-0.351790446281192 0.0582942250126877 0.143274300126292 -0.042047706366179
-0.26192244701631 0.159463977385017 0.279343482466551 -0.117855577091184
-0.215776018597586 0.165574623188308 0.306628223731926 -0.18376049867262
-0.176852376614666 0.155184600468163 0.306800970938094 -0.161652597318846
-0.213989291357364 0.115718812237274 0.325164792280471 -0.073017416834681
-0.236656106078335 0.0260557708213115 0.296099640562061 0.0617007541960116
-0.274436094881554 -0.0661985016008307 0.115394300111737 0.184247806580372
-0.178036280155902 -0.221876218136328 -0.0883756428907332 0.140069064500504
0.0209439911554471 -0.303196222294538 -0.223692592498102 -0.00367285483295553
0.078120989451477 -0.309361887388156 -0.0267833932824295 -0.230544053938794
0.16110786417143 -0.486958560281083 0.0443544557362666 -0.231805190556706
0.0570346807761849 -0.557224972139236 0.266581710846379 0.19487271798327
-0.173556682583509 -0.480410777749766 0.453231959299958 -0.23694538140011
-0.368495580530747 -0.347428027474566 0.0413904282257026 -0.397435162450586
-0.463974644076344 -0.157659286961303 -0.118141185015993 -0.148366270240012
-0.455905709533192 0.0436670194307653 0.00194285170306171 -0.0146911205800901
-0.369919967771058 0.189757891118587 0.147581571572258 -0.0513460202682088
-0.322369335178353 0.206398983239778 0.197884474244051 -0.100245743611513
-0.279357015420736 0.205295562255089 0.220529604547625 -0.0941948752129414
-0.337978965197548 0.158149772802139 0.276989523974992 -0.0355200805612309
-0.361449371766576 0.0253640879444803 0.282234804658954 0.0747632797257837
-0.383168256885761 -0.0857431716095769 0.122155896549727 0.209781631119031
-0.296198777864363 -0.26731853152829 -0.0958986204579006 0.174121229508182
-0.0819142077005662 -0.429377564653133 -0.233601630407592 0.042765219475507
0.0419171805330057 -0.494287461438405 -0.0621116228417645 -0.104219212109675
0.174731587545746 -0.545762892816865 -0.00785336982539888 -0.0356716694607113
0.0164031016326836 -0.575920790766935 0.287714915753239 0.299756372927874
-0.205075168055961 -0.423327916458713 0.433201268679595 -0.231737712693597
-0.325327317016996 -0.292719351448246 -0.00497911055974048 -0.416655994786316
-0.429585585436026 -0.169664965793944 -0.222850059686933 -0.165730028756643
-0.466640796254193 0.0268466762472213 -0.140632612467601 0.00816752861079611
-0.412001585769112 0.19357518408937 -0.00514912109840599 0.0143379564767884
-0.382077786143834 0.21909396909494 0.0607202060908223 -0.0033518046122939
-0.352497451561526 0.228479909329332 0.104857846999265 -0.000951523171982943
-0.428913166278417 0.177600183359173 0.187476067576024 0.0314339505310881
-0.449335997399073 0.0160210799870367 0.220441075816201 0.108452761513963
-0.453661118560472 -0.103727847690226 0.0996103582859867 0.23715234178003
-0.386211226370933 -0.28966878415804 -0.107016635148545 0.209585195739846
-0.17666695103695 -0.514144354113135 -0.226443638624454 0.0996499853956939
0.00606408150132467 -0.621826107412378 -0.0815082804950447 0.0536205275648514
0.139309464386852 -0.51650205998621 -0.0569907224972504 0.144189868962926
-0.0437194313244466 -0.475176535862361 0.293879252794874 0.334061978821119
-0.192675172901116 -0.269001930106896 0.351948690995871 -0.219257265143701
-0.210425094583338 -0.184635599751174 -0.0534570992020519 -0.377277583878939
-0.317679239632065 -0.150591719755418 -0.281403768393912 -0.155178905709044
-0.397498662660053 0.0138614512268214 -0.246905304716324 0.0296525315142711
-0.386276097954078 0.17068340829008 -0.14821365506715 0.0757910480717124
-0.38693164157002 0.197260934796596 -0.0847285322144581 0.0958602548481359
-0.378848918779867 0.211408373124009 -0.0309672732677711 0.0993018349588256
-0.457175932420791 0.152376071477722 0.059576875445959 0.110414441960308
-0.455771786269802 -0.0218828846816135 0.110378325798953 0.149984469143066
-0.431030703922086 -0.124819138039003 0.0424868508151521 0.257721221096011
-0.396696641903171 -0.27495831751233 -0.126090758314646 0.234953000966483
-0.225274135841055 -0.530033129062255 -0.21079893982861 0.155574649879687
-0.0129949551644857 -0.661871389854275 -0.0907664194154536 0.223306109975208
0.0759100149900829 -0.418910724119166 -0.0854949670438441 0.279461212184994
-0.101762258735658 -0.310898144681784 0.282816520360196 0.299039767666786
-0.145855821039729 -0.0962419911421357 0.243866966372506 -0.194915395185327
-0.0767525396669462 -0.0839333051973976 -0.0815072256163218 -0.299126190885969
-0.184982392062274 -0.123690518411665 -0.290820100740913 -0.128351839586777
-0.286210201574057 0.000301430280904043 -0.308281005698994 0.0470931040493775
-0.311404645438046 0.127572079753191 -0.26264417910045 0.129465359879836
-0.332516406389713 0.147345562185579 -0.217973630913416 0.183227502017349
-0.343571701317908 0.152794928442649 -0.168603420166925 0.186295902771206
-0.398668938687917 0.0814355937650942 -0.085974593030034 0.171008522847019
-0.357745512895493 -0.0735991059194758 -0.0213338925531756 0.172821984231273
-0.302304792260248 -0.125721539712052 -0.0331911475042427 0.256538192092018
-0.326387738904701 -0.210239089030009 -0.154987005348601 0.245536668079255
-0.217621555505493 -0.464221320950886 -0.207011707584296 0.194325602184649
-0.0138618270019061 -0.594441545937596 -0.10095072916367 0.374807800413307
0.0078596187761772 -0.278235746409637 -0.088174944237004 0.363821296285389
-0.132433149978921 -0.140606418209864 0.262915889405271 0.233062466777835
-0.0804245234144354 0.0299241165299301 0.152328263913301 -0.162190818874315
0.0290055558511597 -0.0230547007742227 -0.0809593319869126 -0.227740423682771
-0.0711997503202226 -0.0982233318417369 -0.275866349735552 -0.108830815833547
-0.165531132528772 -0.0146518050687849 -0.336952233464392 0.0564154197349874
-0.203612902873029 0.0673478780702176 -0.339331097148359 0.170848034710705
-0.226581252077617 0.0749887179845709 -0.317274403251092 0.244766002789063
-0.243410064872911 0.0648974962662877 -0.284652095088449 0.23921332548177
-0.253181788387898 -0.00213088195924757 -0.215755818359147 0.190572742269789
-0.173324769882154 -0.0952602913822544 -0.133904449765218 0.159878303292063
-0.115641834786005 -0.0677358691791709 -0.0966261934380312 0.238326750686977
-0.217088732071452 -0.08780651323347 -0.193427919996109 0.246161456770973
-0.173554771033462 -0.315530195925822 -0.226582521493636 0.195958625616196
-0.00773821687053982 -0.421002736912951 -0.117176098042452 0.472470793152512
0.0358713074764092 0.126569343234782 0.0582979457499642 -0.524740294625135
0.155279194199259 0.0447966383892123 0.194344252003312 -0.178799523331327
0.0747750488494555 -0.0979454441628705 0.260554312832431 -0.268005502838776
-0.0860042787286987 -0.0604589281078637 0.0693161302081122 -0.231965790068638
-0.0407240145668183 0.0580722655769624 0.128106394855799 -0.100137176512535
0.0363450782449665 0.0375889228327788 0.274584523067593 -0.137362996739817
0.0690224528810332 0.00849613465029596 0.371373883994066 -0.24588638347656
0.0763783602996981 0.0132819503444197 0.371381308814496 -0.289756660422983
0.073135133220933 0.0216291649127657 0.368328940081973 -0.225817929957394
0.0489435749506616 0.0500468401000252 0.343494643781529 -0.102151632723902
-0.0155634505033175 0.0693890437174124 0.280876934792693 0.0521582321263613
-0.113003641057312 0.00126416859845391 0.114314342566208 0.165642738775897
-0.00619314874935152 -0.114026202020234 -0.0757408944961512 0.145086298703968
0.132061711480236 -0.0239703693388241 -0.214527050049383 -0.058467468813789
0.0745743973867502 0.105221387001219 0.0508643151878328 -0.3780113196796
0.0602440934421977 -0.12631863762179 0.0706896159727021 -0.517688850417439
0.105269455459538 -0.199118427560451 0.223604827041597 -0.0908468985967769
-0.0317991260420653 -0.27007819822147 0.340529198447672 -0.271917767726728
-0.237146948352002 -0.19555004213759 0.0671420510366323 -0.275557142393388
-0.250648203894713 -0.0100169011149587 0.0873009978920141 -0.0931298619141956
-0.176901053958297 0.0716535122624306 0.24825239393465 -0.0918747296806344
-0.105570888363709 0.103969339547846 0.363724724974623 -0.202920087074585
-0.0764262097276741 0.10385673459771 0.367672911392764 -0.268177402486111
-0.0559088216049664 0.0940321871528768 0.359276196180528 -0.220289076389273
-0.0811457137383633 0.0811776329352145 0.34990931439318 -0.104383670023714
-0.121058640262838 0.0443613908005321 0.296934487871187 0.04821967629007
-0.186028819220151 -0.0300031442566205 0.117489740137166 0.167551086165905
-0.0845507274358994 -0.169605440433055 -0.0764165275899605 0.136450876180395
0.0921703675612506 -0.171956885633094 -0.214608997623621 -0.0232356756553013
0.0909528053625416 -0.108124695575372 0.0054536893626331 -0.328538789445383
0.106043218778895 -0.352338073423334 0.0679037083892912 -0.413026557852546
0.0679177873637028 -0.429333777560796 0.258981700813508 0.0404652087145676
-0.123539542825123 -0.420207126278787 0.415198309906759 -0.273143467794063
-0.347666223913464 -0.308028380009174 0.0538865647042954 -0.344869565683408
-0.410965608085503 -0.0913053568158917 -0.0057915993329959 -0.115308020666618
-0.360948243389002 0.0740830507718074 0.149602081349662 -0.0502100315594392
-0.263993330311714 0.174462434837338 0.283505458993911 -0.138450026974567
-0.215265945244878 0.178378425134649 0.305312490790794 -0.206672316006853
-0.176535152505695 0.164773600309042 0.308688602378673 -0.180811300514725
-0.215678825419549 0.128067656350175 0.334152676384932 -0.0930620348554232
-0.244794642752298 0.0356465292969782 0.31188298463527 0.0480194396020612
-0.284387833338036 -0.055052903389356 0.132928806077807 0.184576165865771
-0.192473186346532 -0.220365397595336 -0.0819418282887822 0.155005108272811
0.0088324225195548 -0.314627747777674 -0.230567946745506 0.0104850241070405
0.0712592318927895 -0.321472338709412 -0.0389302780835685 -0.239307121011705
0.14731094329514 -0.507448844239097 0.034802483808785 -0.235106773786224
0.0365434758023366 -0.578774224799861 0.290814360527718 0.184766959389673
-0.192867621910894 -0.486885065710461 0.456031703362884 -0.270916982239381
-0.393329657843849 -0.346071263287342 0.0226784048167231 -0.407072478902031
-0.487496053909068 -0.144598861680942 -0.126389513154265 -0.147663034203908
-0.470538103511364 0.0638811275910507 0.00357638592681252 -0.0172225097228451
-0.374432852353287 0.212782130648599 0.148678001293615 -0.0633646056767048
-0.323292860157972 0.22775651828612 0.198011341884378 -0.116309113070643
-0.282271680696614 0.223635370395655 0.222866749566525 -0.106695505217721
-0.342034430595233 0.177855445836984 0.286033442318036 -0.0518068519815755
-0.375064510269821 0.0412795115976035 0.298611242640773 0.0616634038789651
-0.398820468890322 -0.0725548122396796 0.141261536369157 0.211112442123762
-0.315593714382028 -0.263293148530262 -0.0891336776664217 0.190946929270132
-0.10166812295953 -0.442623566087598 -0.239899195984635 0.0580842654838778
0.026628565106939 -0.50853498484645 -0.0693400350615758 -0.109088403437243
0.155639870077453 -0.566197457487433 -0.0111828368266097 -0.0305618201261093
-0.00707685879387432 -0.594633341306426 0.315545968114923 0.292727528678827
-0.221026620116835 -0.42480668827617 0.435481210007644 -0.262761979704382
-0.347240701673437 -0.291273302329853 -0.0257307398990577 -0.42618160622106
-0.454284582291328 -0.157503087217999 -0.234773181553791 -0.162443682009894
-0.481901507519088 0.0491045047848167 -0.143520368919411 0.0124252197749466
-0.415320715012021 0.219523943266267 -0.00675349301408304 0.0124744263235466
-0.384678598546556 0.245829058049863 0.0615579026256185 -0.010248247729294
-0.356159740645919 0.252066989170404 0.107347736697125 -0.00701581150897187
-0.437932855818761 0.202897203941534 0.195828482423637 0.0210053462676488
-0.468793543039291 0.0356381557712497 0.235267753063499 0.0992347206290655
-0.474368322372245 -0.0892611369282431 0.120417295875184 0.240281386196766
-0.406876188988364 -0.283507617868353 -0.0993256569712841 0.22854492357621
-0.201614474778287 -0.524410635005575 -0.232196302330696 0.116215514393221
-0.0185794778517821 -0.63733143075015 -0.0827469251541319 0.0544800837198666
0.12150765707116 -0.533053440185633 -0.0558683396854089 0.155119628416238
-0.0643265892704838 -0.486146777098942 0.32119836722172 0.326047836246371
-0.202634768204608 -0.266455221465262 0.352398211879291 -0.246107075631603
-0.222896581629418 -0.185304068992858 -0.0741907178145321 -0.38311468430935
-0.338283236886861 -0.142637531428928 -0.295249203500283 -0.147485636636493
-0.410436121469346 0.0332762009075566 -0.253689925080379 0.0399931870799128
-0.390886560706017 0.195459412084406 -0.151624103776504 0.0819807203589269
-0.391014642398307 0.224971214268183 -0.0844599765924276 0.0988560932982905
-0.38436723308636 0.236845418314774 -0.0285139862392289 0.103640166827349
-0.467116521783376 0.179290938050771 0.0677388059575256 0.108651380970235
-0.477439801595609 -0.00334908384495818 0.123808070207916 0.147828115200031
-0.451770801069947 -0.112759548762921 0.0609429397647362 0.26319264048581
-0.415844144409396 -0.269255026364001 -0.118905316000858 0.25498662940131
-0.251892274728047 -0.537773724943943 -0.215610880176138 0.172980580954754
-0.0403544651761843 -0.676996262526485 -0.0854694095674425 0.228926002218621
0.0578881363884011 -0.429697541837989 -0.0794382272100074 0.293695194692231
-0.117574007012928 -0.311906088893087 0.307408202917476 0.290217497123013
-0.148166365073729 -0.0913241491868546 0.239013284125444 -0.215108697746609
-0.0813272924542909 -0.0873873459892755 -0.0997262493264269 -0.301440851761985
-0.200785228961034 -0.119842080119414 -0.30531005411669 -0.118924020940958
-0.294310772636799 0.0155761891031607 -0.316963629911135 0.060555546222134
-0.31305204137998 0.149043421473517 -0.266651757542319 0.144561920131714
-0.33615580373691 0.171908183450792 -0.218230442903368 0.196114721489713
-0.349523018517824 0.17629822737268 -0.166389889901673 0.199726415638847
-0.409528986479771 0.104199109393229 -0.080201658965604 0.178848025987922
-0.378432140428286 -0.0610591919487857 -0.0131085192252213 0.177575651569844
-0.320116890322935 -0.120632100286294 -0.0192180770705064 0.264605571706146
-0.340276478181352 -0.204261185950591 -0.14967587434891 0.264592165884356
-0.240861075558506 -0.469965625958339 -0.210815308741682 0.212614548772503
-0.0401226290049796 -0.606914674843086 -0.0891291693909828 0.384979973109535
-0.00758738427485495 -0.283402218643816 -0.0766640558455789 0.37950161912718
-0.141046389441823 -0.135334326264182 0.282256226349107 0.224512868844345
-0.0771286302483238 0.0344088063477061 0.146568425509235 -0.176337682775279
0.0285064202098165 -0.0292635332754522 -0.0962747145493677 -0.229233267078248
-0.083107481201355 -0.0977154793407139 -0.289979381141779 -0.0977137636278488
-0.171421232371031 -0.00481777889557004 -0.345722894468226 0.0734139486027754
-0.204454681986711 0.0834951495274034 -0.342534922853311 0.191486913111562
-0.229204739673738 0.0927303535237897 -0.317068751862443 0.265323538037628
-0.250009902260929 0.0823319564004166 -0.283862317445249 0.259100105000601
-0.262827888771259 0.0113645399476145 -0.215744824595747 0.206005299920941
-0.188081565634554 -0.0919330837837258 -0.13199781431288 0.169688852870445
-0.123094362938386 -0.068826527796119 -0.0867490717189716 0.247423835089845
-0.223357478349894 -0.0801976662116997 -0.188690048800474 0.265907045217345
-0.18980836393054 -0.315406935610844 -0.231375969914264 0.215388404156513
-0.029092857827784 -0.429791069670843 -0.10148777917124 0.488522189676084
-0.0279244126649325 0.135572195526901 0.293419466857789 -0.451069741291759
0.119691445072264 0.104986663609165 0.260988921900936 -0.082796971443678
0.103825360020774 -0.0576824932693576 0.352354333994643 -0.13010091092324
-0.0556835805370252 -0.0873033390983977 0.163042867672238 -0.17541946967653
-0.0617432672447095 0.0357710429606496 0.16370059888314 -0.0278395374715923
0.0185130200983501 0.0463546893162017 0.311911897735895 -0.0013138371068518
0.0625085930162352 0.0313026586017561 0.444200786841549 -0.0615877503047496
0.068028690410793 0.0406541184292378 0.458069789201577 -0.104142499091185
0.0593902854707876 0.0464560229691262 0.42950952471282 -0.0457745673301226
0.0275249639209987 0.062186711293371 0.353256205945805 0.0564784833677911
-0.0402944117129626 0.055387071784359 0.232532807529055 0.169804504745336
-0.0997967988434096 -0.0420201865338406 0.0309050401516451 0.1990862843169
0.0422499918215886 -0.104485461090253 -0.130533171039198 0.101467407511109
0.127210031258277 0.0312657081182786 -0.168141543073797 -0.142600490982775
0.0245579406093896 0.125556863257372 0.221256218071751 -0.319600680336762
0.108851685646054 -0.082931575433231 0.294079111741101 -0.438222609068654
0.182664836067984 -0.141680205056617 0.247131914134283 0.0172373991659677
0.0844860422402803 -0.263580608552018 0.424885492541743 -0.0935562018073224
-0.132144860436068 -0.275822051450656 0.173678447308201 -0.211100094889353
-0.22051853634309 -0.121184284807659 0.120179972947135 -0.0311389217514536
-0.192526824420608 -0.016367815629133 0.272040094725315 0.0325086296949712
-0.140097273814552 0.0442131223910158 0.420781460617485 -0.0247236727197449
-0.113596730013991 0.0563764877085386 0.445193111648275 -0.0849919079236135
-0.0905129026983436 0.0568521893842745 0.4188372080018 -0.0449632002794505
-0.106552734021637 0.0352020263520169 0.360665428135286 0.0540836500349925
-0.127340844177258 -0.0146843024762592 0.24700302413721 0.170171687781755
-0.150320767896541 -0.103432475693349 0.0319135903044267 0.200608252638357
-0.00341561244510131 -0.18868185590037 -0.125363835133868 0.0924015029046421
0.15560244379542 -0.119061708091545 -0.181245928443276 -0.11223224952147
0.131995070494426 -0.0597841597286946 0.160420568551066 -0.293815307642038
0.251303946910161 -0.269627252917219 0.234843340587507 -0.343382274128224
0.253873415791586 -0.368084444140528 0.217962724786658 0.160410366911086
0.0699526077425102 -0.443543180612733 0.489803213434839 -0.0549361619055682
-0.181741764342977 -0.427545012980036 0.188462383941561 -0.276315010563282
-0.330791952013754 -0.267302078319437 0.0413158324228974 -0.0845522615574247
-0.361649012235093 -0.094229956812479 0.16500820985814 0.0308437930556418
-0.317671554245428 0.0382566184254775 0.318086965923952 0.000721506610006765
-0.277570020339346 0.0650738672969907 0.36319565780941 -0.0553716162723654
-0.234467718371751 0.0690264217467703 0.357310856015664 -0.032415099099017
-0.249934989885112 0.0216526693915251 0.341514597714947 0.0556575370367408
-0.239791680503133 -0.0752624835794604 0.260833547004418 0.17190359425288
-0.227445492841611 -0.168377316702647 0.0384508898295507 0.22041196685089
-0.0750597793264771 -0.28323154893876 -0.141779644362456 0.103965293858449
0.145195428085391 -0.28280088503012 -0.207589605709525 -0.0886272065931491
0.205039738259832 -0.258781450395019 0.0819036060776703 -0.232326255717462
0.360482958805967 -0.391223799871227 0.121292512926167 -0.198354617218378
0.290602829530288 -0.517753676929397 0.181317485638831 0.309647544148675
0.03679767697329 -0.53165008320789 0.526075069562235 -0.0346561881745793
-0.206619090204829 -0.483129497546833 0.185797508764786 -0.347259872830919
-0.377879701048805 -0.350010413263976 -0.0589155104940582 -0.163981250263053
-0.45737683958675 -0.149468659856834 0.0177305569500501 -0.00254410250851364
-0.434770198365989 0.0265095156913233 0.165655060956396 0.0107869081116237
-0.400356146049264 0.0644833775514035 0.227776474739242 -0.0198878434147241
-0.355161473043567 0.0786425712452183 0.247337970133819 -0.00355516589520316
-0.387536697954521 0.0131569127905185 0.277905248376322 0.0691720673044453
-0.36277115234303 -0.127542413496997 0.241267581053386 0.17445277064492
-0.324027041233114 -0.236589876912354 0.0330803612028426 0.245356946824438
-0.167128925798445 -0.379867627620017 -0.163671422555747 0.131139106890107
0.101674076552463 -0.445026569310329 -0.235312783431178 -0.0517920735273521
0.2481854122853 -0.447547229504108 -0.00602418423525716 -0.129861889446218
0.39409964961834 -0.44453729483254 -0.0148550805520836 -0.0340383292070635
0.25697692740371 -0.550851547619371 0.155785748973405 0.419601150423404
-0.0151428668603388 -0.487167566128539 0.506272514767471 -0.0375476291049582
-0.185107192663136 -0.414316440802651 0.151724513447839 -0.388585249071178
-0.342688267864473 -0.345877499882431 -0.152641791099777 -0.227688667374938
-0.461834902404972 -0.166804591142634 -0.130726628468974 -0.0403843957055165
-0.477290191637516 0.0164103773827728 -0.00953269104800202 0.00938540753946827
-0.466289271609189 0.0548671037992797 0.0583011294610424 0.0164366935503755
-0.43598063566709 0.0743432740108304 0.099267889789111 0.038070625941969
-0.486617845175444 -0.00188574329349024 0.165513652849226 0.0963575274603846
-0.449262947846562 -0.173619676654757 0.16735806482634 0.178139992337658
-0.385537063608989 -0.284701547105879 -0.00121499625547183 0.260273625982184
-0.238182512665919 -0.437623234123988 -0.190329507364267 0.158159788684999
0.0474307551914961 -0.561613796665461 -0.255901359312213 0.00206599020050726
0.264361774127571 -0.582012233910821 -0.0931947070070931 0.0104810153530141
0.349074062160745 -0.428872597308685 -0.137468161164128 0.115861006381101
0.154040888986099 -0.477316846729813 0.147767555581064 0.450370606352527
-0.0675859503913344 -0.33100018699472 0.425067841839508 -0.06142480279704
-0.118899575796575 -0.263797446247806 0.0909166049444314 -0.372858031626851
-0.246272790893671 -0.278735385060768 -0.212363379496196 -0.247906702431605
-0.389703396001321 -0.148084165421948 -0.24305012272576 -0.0686347263360783
-0.44514073294292 0.010041903333039 -0.172493621182566 0.00909720080389438
-0.462007770940023 0.0381613634939841 -0.120909670027606 0.0523928776542791
-0.455559571973176 0.0494914407707973 -0.0704477575711724 0.078088444249217
-0.505147410837715 -0.0336942713235794 0.0118755517406792 0.119590453549541
-0.439992890574671 -0.212577910512997 0.0440083756792037 0.172712094179129
-0.356552799900831 -0.298094371610265 -0.064171699653572 0.253816299437014
-0.253805010152276 -0.429303227556374 -0.221976027211464 0.17227843011519
0.00857913074016819 -0.596324692750103 -0.267565170568584 0.0598284639424086
0.259313194152562 -0.628224907397583 -0.178665023624527 0.16773625709016
0.24496561453415 -0.365654199871464 -0.219172453321859 0.234089341160403
0.0287733580516644 -0.339085012133159 0.154100800997807 0.407225211105467
-0.0942056424520496 -0.146003451066174 0.311341209436328 -0.0872696631573097
-0.0350808164476472 -0.114347257222291 0.0356442844093954 -0.316196462498741
-0.132596977173917 -0.195806403631019 -0.23273706059253 -0.232573681284853
-0.277157297869254 -0.110907055287217 -0.311451339580989 -0.0798165791441935
-0.353999275014417 0.0035849372465237 -0.304622388009872 0.0141976472912186
-0.389443184537812 0.0151744908843975 -0.283508402163687 0.0823135552470749
-0.39930973641673 0.0130395163056084 -0.237055895439498 0.105332955369954
-0.422273115680867 -0.075608706082164 -0.151544172600637 0.11944570260077
-0.32524397917548 -0.221358735013443 -0.0905244404899252 0.143194140577927
-0.233146461352709 -0.249249307399215 -0.134857879312362 0.220854164434648
-0.211597872366741 -0.334200816298738 -0.256128929493134 0.167208096592504
-0.0133906625710136 -0.526008180810873 -0.282548687940485 0.0970392248690158
0.228102091873701 -0.563158252504727 -0.257210093699993 0.305580677910404
0.120388834028049 -0.261546116457988 -0.250522012015998 0.313248442995989
-0.0720750386225602 -0.186570643484413 0.161946938881696 0.330859799557166
-0.0849299308375859 0.000777373736071152 0.211439223090927 -0.0954492187328871
0.0384061711228093 -0.0147253081909672 0.00789180479391767 -0.252251869196332
-0.0351720997887855 -0.122362358528705 -0.227023049272104 -0.212669399200238
-0.153867077019397 -0.0745643429952106 -0.345497528012943 -0.083444804841979
-0.224200459735421 -0.00783788552588409 -0.394439408564464 0.0226849343933193
-0.254972217841409 -0.00904391752936387 -0.401423452943057 0.103465092961078
-0.266033358269654 -0.0250791356601945 -0.367147559016552 0.109882628401218
-0.247656502681234 -0.0978362899889961 -0.284875314768196 0.0902022239670051
-0.137282072498067 -0.166673128045521 -0.192979534572967 0.088650186917854
-0.0788917462056535 -0.117161193877383 -0.18658188021737 0.178953726116549
-0.162498823476493 -0.167071020239881 -0.291212714426216 0.150475947665204
-0.0361541922167933 -0.365268955836925 -0.308638242235078 0.0894781572668622
0.159816883957664 -0.398497233510796 -0.318925593875817 0.391584539796854
-0.0175194812451123 0.134964902230203 0.268737302337989 -0.45356594454099
0.125397292373383 0.0930370194601785 0.259277063772103 -0.0979920684017173
0.0972275619437442 -0.0627456927086135 0.342528092245469 -0.149851189106832
-0.0607858298957261 -0.0791754231814404 0.150668928202194 -0.17828461352404
-0.0547085044081071 0.0395516239901776 0.16191802084874 -0.0326717342680297
0.0216847367165867 0.0430433222332287 0.310487673459598 -0.0175272702877653
0.0634252545582927 0.024109977621832 0.434507361315837 -0.0865626180470459
0.0704623978099425 0.0318700180107793 0.447368090041103 -0.125784614263205
0.0630990880836365 0.0395104804271636 0.421309787624801 -0.0674293414682406
0.0317642738677366 0.0578847443974207 0.351971743499857 0.0369888324212792
-0.0354666044268694 0.0574213170652686 0.240981417483956 0.153746693095889
-0.100609397578689 -0.032012586313618 0.0447921358354612 0.195670268421642
0.0332740303019209 -0.105302862957905 -0.120372268603554 0.110860301679407
0.126892594192971 0.0190981753283268 -0.171836496696998 -0.125552035048347
0.0339924504819376 0.12100692027606 0.199684524232805 -0.327714615432092
0.105943091004347 -0.0856276117187709 0.268833658054455 -0.440942727501953
0.176017707918081 -0.15294175695848 0.252898023924076 0.00206352270345215
0.0712592609866422 -0.264316428021644 0.415006741731102 -0.119244678880377
-0.146412320871584 -0.26491047236487 0.160256572647955 -0.213033739408344
-0.222963056929822 -0.107225034270473 0.119550788933021 -0.0329705071956883
-0.190206448862962 -0.0091267922975887 0.272655450659446 0.018581235081765
-0.136056707125418 0.0474302061084603 0.414034901320817 -0.0488570003742903
-0.108532998179274 0.0592272892767862 0.433914283944616 -0.1096638134366
-0.0852087609527254 0.0571651548115034 0.410845470559257 -0.0659703065303029
-0.101292967809851 0.0385438571047698 0.359875325644652 0.0322407390136554
-0.125231208898712 -0.00772816335094407 0.257799593132283 0.153879504001006
-0.152911269092744 -0.09039679938527 0.0473912558820806 0.198143596962274
-0.0137253964984706 -0.184335784777813 -0.117440755519803 0.10357602596194
0.148326698487574 -0.127927945528179 -0.183322247284298 -0.0949131293115317
0.129756134829956 -0.0660088981384386 0.141431104718413 -0.300358742907101
0.236366993164435 -0.276932946105804 0.213661149878713 -0.345999296332048
0.233975216184552 -0.378659681082992 0.231951305951337 0.144121467753589
0.0483180778036282 -0.440624363633009 0.482577376387338 -0.0864607517155161
-0.201346784066158 -0.413983036728861 0.16903461010504 -0.279397178635501
-0.342127776314076 -0.24823283852553 0.0379619756595386 -0.0828093812269106
-0.362901669168778 -0.0753934531193836 0.165882901396602 0.0206655532039875
-0.311093599648347 0.0520039022728759 0.316944259831655 -0.020144545961099
-0.27050282853767 0.0774792476788322 0.355138774847188 -0.076960727316387
-0.227831645036431 0.0782231242532336 0.351398845909817 -0.0503159560359192
-0.244612532493608 0.0318135209915562 0.342530940268958 0.0344932550208304
-0.240438804023021 -0.0627130945963257 0.270005652962585 0.154785983809065
-0.233467456743737 -0.152224668619899 0.055596453599592 0.21805522673187
-0.0883173095557055 -0.274593489968939 -0.131405265017225 0.117201625816649
0.129388939519197 -0.288741361489426 -0.210022352820521 -0.071168328586836
0.191836338563191 -0.265187825639216 0.0688231794374425 -0.236180520827924
0.337464810613129 -0.400638785072171 0.109443322207941 -0.196552566158146
0.262625492958031 -0.527333549765295 0.204049558360978 0.293053747888549
0.0155453973320342 -0.526100733260544 0.51844705922704 -0.0654120288191593
-0.226331419219352 -0.469337313329115 0.162896870116287 -0.349431459743007
-0.393081534405956 -0.327639314927391 -0.0644623815326853 -0.157747713526672
-0.461098070652273 -0.125072349574565 0.0192412853644895 -0.0042071749434854
-0.429350720392051 0.0500699217067248 0.16387876157831 -0.00227356000532864
-0.392643430492098 0.0840253105422136 0.222527343847743 -0.035834420633598
-0.348455499753209 0.0949426950152491 0.245094523341506 -0.0158421342495401
-0.38352813338559 0.0333666002556676 0.282532990492849 0.0508906924771026
-0.367972392173233 -0.108698549243027 0.251796048725081 0.158217807899944
-0.331962341411146 -0.215774601090824 0.0515078748454986 0.242057573456023
-0.182658782592307 -0.364006052190305 -0.152529164350767 0.145785903351867
0.0791646563141674 -0.446215939590704 -0.237337475732224 -0.0343941586655208
0.222575722329585 -0.451761866473555 -0.0122027794563959 -0.130682109126641
0.366212002762863 -0.453269956578279 -0.0188161099316086 -0.0279103989555763
0.2266355661771 -0.554606732343885 0.182842838650319 0.401986821220313
-0.0331048335576596 -0.477364224058547 0.496775421243754 -0.0690125761637234
-0.201762052167768 -0.402374455062276 0.125713432754868 -0.389165078908376
-0.359775642408225 -0.325506512556454 -0.16060575370634 -0.217246834911205
-0.466690085394551 -0.139810184789126 -0.129460370471362 -0.0352865309277146
-0.469726048115407 0.0430605524866702 -0.00853007045267111 0.00712150628538764
-0.457178267297323 0.0808874111058637 0.0562668305116738 0.00863684734879957
-0.430059497626765 0.0963335400245277 0.10072385094355 0.0318872804337402
-0.482501482201331 0.0246081763682226 0.17157256862955 0.0829518949226636
-0.458109396067536 -0.14914398930173 0.17885895344331 0.165073687668101
-0.396160540896562 -0.262677805810747 0.018988988582309 0.258624377382853
-0.255171255949292 -0.420001369429456 -0.179111454674733 0.17423276682459
0.0220525625629722 -0.559172060482027 -0.256482828604001 0.0184849855164561
0.231768157556575 -0.583759106092221 -0.0904323557313083 0.0115637835738437
0.318789214366355 -0.436098179702509 -0.133412115066082 0.12509716887836
0.127239128077362 -0.473971914309127 0.175983739042257 0.43315681027306
-0.0764897404095853 -0.318253038799377 0.414311037968093 -0.0886741175336041
-0.129130773360192 -0.257213256188196 0.06696834430349 -0.371462974884931
-0.260796301503254 -0.264600273293699 -0.222131239655981 -0.234308237862972
-0.393722630657638 -0.124658672722015 -0.24300606601189 -0.0561847168794015
-0.437987400778583 0.0354396097283884 -0.17019609047593 0.014544579671981
-0.455548132429461 0.0659940676125032 -0.118252899283571 0.0545824292511871
-0.450108211370057 0.0763380256239938 -0.0653677223739335 0.080799040183238
-0.50260971683681 -0.0066218068636654 0.019884516692049 0.115316556877267
-0.452524993185509 -0.188546136338416 0.0564456120052519 0.167435762586294
-0.367450161671684 -0.279769969920025 -0.0449718579546355 0.254906142163065
-0.267575078192845 -0.41188715726984 -0.210374322702249 0.188199452415787
-0.0182394914268973 -0.590075773091495 -0.267342137982619 0.0751040289028577
0.224199825246329 -0.629351218822795 -0.167212371708966 0.16912634721983
0.218460434402023 -0.369212147134904 -0.206793691336624 0.243451216068457
0.00923931088764017 -0.330752413143227 0.176268575651439 0.388312396567251
-0.0945556895459996 -0.134057020173996 0.30099067776733 -0.106418202910867
-0.0381506824180153 -0.114743389177242 0.0162430165651628 -0.311577243091112
-0.145036930258915 -0.187528072238781 -0.241680648604426 -0.217414288345328
-0.280361264965192 -0.0931480409035807 -0.310580903696858 -0.0626806792524196
-0.347870936622147 0.0266486728051039 -0.299895824259604 0.026884446781054
-0.384614635685985 0.0411113100868983 -0.275771066553305 0.0932176159684302
-0.395732720125991 0.0387273871773413 -0.228159434150442 0.116594621203231
-0.423402886475601 -0.0520258971191853 -0.143449936107622 0.126677071700684
-0.338107838816181 -0.204237157656674 -0.0814199811534574 0.143892939144135
-0.24398009646964 -0.238480139403333 -0.117904809296412 0.225288186911634
-0.222306003999345 -0.3182832000059 -0.243294701529035 0.182520290193532
-0.0373500334441836 -0.517474722902477 -0.281948669954102 0.112474000132596
0.195299267071586 -0.563205080543947 -0.237514780217219 0.308903209179733
0.10076911181093 -0.260396699820342 -0.232579451995302 0.323086728431238
-0.080637696966661 -0.175271995729803 0.179599365724755 0.313967831865833
-0.0789732631844826 0.00646829648927103 0.200462777675262 -0.109290690182487
0.0376820289938763 -0.0204996121715249 -0.00779553183504389 -0.248868497804588
-0.0471254874031506 -0.119024055074246 -0.237645435884379 -0.196121853714813
-0.157294047252871 -0.0627385232669864 -0.346916720250495 -0.0635753933678625
-0.219445701628945 0.00915471075903106 -0.387522058247871 0.0434867285625471
-0.25289769550572 0.0100716117357134 -0.391298933519365 0.120916549209051
-0.266749479938539 -0.00594179086753183 -0.357538426518796 0.127117279658414
-0.253289715394875 -0.0815904924742606 -0.276710401112648 0.104366321723324
-0.148573912237379 -0.159782436925055 -0.186346994161017 0.0969606622437908
-0.0831159297403255 -0.116127251023593 -0.172174336771937 0.185306999629134
-0.164114436451108 -0.154781150050934 -0.280317466091719 0.166103109227121
-0.0533011682983081 -0.355928056970721 -0.307653242204941 0.107058163202327
0.133123340019019 -0.397796884428239 -0.294296344209011 0.396914525918141
-0.00926400539146111 0.133153035745941 0.250798129539652 -0.448986344149516
0.127155293689931 0.0824471963749268 0.256431115528782 -0.107144514828113
0.090489501872333 -0.0654262714749832 0.330472813920629 -0.162539942979228
-0.0628925399794782 -0.0708429255378617 0.140040445363078 -0.177678582794508
-0.0480625623929234 0.0420923067753053 0.159484833845691 -0.0342553209583723
0.0239497935302959 0.040106276860521 0.305231531327493 -0.0275435515678862
0.0628965244760444 0.0181466799036119 0.420785588421784 -0.10368076978738
0.0719810755295697 0.0245049732683349 0.431438029606496 -0.13949653869754
0.0645183298376333 0.0334927770217556 0.411655031322989 -0.0808996756893056
0.0352716469463568 0.0531652900993016 0.347156601388687 0.0217699169854594
-0.0303494785973329 0.0568170183952727 0.244653917934798 0.13962984030717
-0.0993645498681433 -0.024780069013166 0.0545567410014807 0.190277481634956
0.0260016407755617 -0.103727949646132 -0.110510427138792 0.117301070294673
0.124227163319196 0.0101664292464409 -0.171042608497512 -0.111139201980551
0.0409851250071917 0.115164456823829 0.181524209932069 -0.328564407319193
0.103543652567613 -0.086803108638123 0.247917891611046 -0.433617781110118
0.169464960298974 -0.159612233395218 0.254958164061788 -0.00979352683614531
0.0607952984175056 -0.263441881712512 0.403097249685087 -0.13610276727719
-0.153205124057274 -0.252372065779826 0.146254353600577 -0.210749146506568
-0.219312112632226 -0.0965927491892452 0.118045542269183 -0.0331011364289395
-0.186162140099803 -0.00252292557508175 0.269810069023861 0.00774916531063545
-0.132027562338989 0.0478426867545749 0.403162109176732 -0.0664814410622915
-0.103177598182957 0.058099108166947 0.418972412895126 -0.123801625542014
-0.0813842354752534 0.0564240012274027 0.40113885527288 -0.0802781627021071
-0.0963287011320054 0.0385187841441405 0.3557658050417 0.0163870665617596
-0.121332340710907 -0.00317408684996707 0.261921357220041 0.139057590557577
-0.150689371681209 -0.0795624555771131 0.0577175504881302 0.193505745920204
-0.021284927003984 -0.179239929625533 -0.108819087777235 0.111049214583456
0.140262538114351 -0.133613316252329 -0.181146115318561 -0.0813398303269332
0.127287170812429 -0.070214704937471 0.127230405502803 -0.299079941846761
0.224767206172707 -0.275396821695784 0.197803322762873 -0.339927411590112
0.218699727022852 -0.380993697142629 0.239450887602818 0.128828868269891
0.036260265086493 -0.432682002739896 0.469588390987266 -0.107556158740181
-0.21112614797894 -0.399403995768485 0.152532389265393 -0.275014172307147
-0.343834313850433 -0.231527119230298 0.0367028871199693 -0.0802528506896414
-0.35872429203873 -0.0622539250885147 0.166021000463865 0.0134893838758053
-0.304115218831829 0.0606541148740915 0.308178916659584 -0.0342212546844055
-0.261758345785574 0.0841123507893965 0.343467593381031 -0.0907765811963513
-0.220828910521764 0.0830095604910624 0.343675352283627 -0.0613793794749262
-0.237752527516773 0.0383949598652761 0.33933475796142 0.0184749340378489
-0.239586029758269 -0.0537775975698947 0.275180970458075 0.13899259238395
-0.23234031590264 -0.139241397467263 0.0668935481015616 0.212383633204513
-0.0955828369992735 -0.264422395133164 -0.12223658422353 0.12628278502865
0.118243666388089 -0.2895655530108 -0.207585493699191 -0.0571791836600164
0.180570228148973 -0.265594395067593 0.0582626398827871 -0.234690750036277
0.317711548989658 -0.400999772390831 0.0977401397675617 -0.190081022878147
0.240741445853427 -0.525365279363167 0.217040662549478 0.276880508147568
0.000490461768232096 -0.513968488348169 0.506465163774747 -0.0906562264843544
-0.236898693665917 -0.454598460057231 0.143782411180481 -0.344283299346023
-0.39877929705084 -0.309870814032651 -0.0658925915598639 -0.15048625404233
-0.457173673999148 -0.1072491028771 0.0208316637766328 -0.00636005994606628
-0.418667062039654 0.0627155038530678 0.160582460346405 -0.0127367252813825
-0.381812950373225 0.098506376328866 0.21531032264431 -0.0465428373502824
-0.339287093329988 0.105154009112249 0.240538368851064 -0.0245506464209139
-0.374623666847746 0.0453770207977567 0.28101723933623 0.0366529184639557
-0.367594531396509 -0.0934887957715152 0.257307351530685 0.142446025086542
-0.332806343181067 -0.198749477055764 0.0659199729974102 0.236465059806443
-0.189165606602726 -0.349341938994641 -0.14202879246826 0.155656126646649
0.065048553074352 -0.441305306623122 -0.235913437058979 -0.021120458059759
0.204820297646863 -0.446821813615725 -0.0161163747204234 -0.130141860639983
0.342159694952223 -0.451112390371329 -0.0217832373906528 -0.0214437795112298
0.202524437791449 -0.54929511520327 0.199556159226035 0.383606099305961
-0.0422426485342742 -0.464124072867935 0.484324734550251 -0.0903750884465528
-0.209940798997121 -0.391044120591839 0.107020568432943 -0.383075509099348
-0.367652274624464 -0.309325262569344 -0.162645659921489 -0.205784665097874
-0.464377732527713 -0.12086000767685 -0.126888419876995 -0.0319223073589087
-0.45900708743472 0.0602899997023219 -0.00841850041937179 0.0026841588739996
-0.445139582675161 0.0989693742801331 0.0545179091244026 0.0032015652574639
-0.419224341800133 0.110869635234592 0.10061576684016 0.0275659412636625
-0.472786289578277 0.0402850320950238 0.173882681645264 0.0715796748555089
-0.45761686444793 -0.129795692236188 0.184872427178894 0.152758979601598
-0.398204470544739 -0.246247139881194 0.0337400900208569 0.253980870302226
-0.261612358354867 -0.402487806852124 -0.167291638198146 0.184305187969482
0.0044886234566442 -0.548503422517772 -0.254239819173932 0.0305811780206209
0.207531848044735 -0.576028874329553 -0.0885806206805102 0.00997801744759089
0.295867578773594 -0.433506479308924 -0.128977776407987 0.130864710346237
0.108080084852856 -0.463853354765469 0.191278671793481 0.412358143044277
-0.079200451697854 -0.305630266828321 0.401362345509701 -0.107173139350865
-0.132656697013237 -0.2503503904508 0.0498350666885139 -0.364239196514547
-0.269311881153464 -0.251340085194773 -0.224260816126229 -0.220445159698464
-0.391834357241092 -0.106788391278841 -0.239363446805029 -0.048368495824026
-0.425605795040651 0.0537622621679041 -0.166814364809034 0.0172217718999766
-0.443792403122692 0.0854336234105712 -0.114767638154476 0.0539439381289003
-0.440992773232999 0.0937887824312313 -0.0609007892099538 0.0816433417670842
-0.495804540099909 0.0131321820397836 0.0253183819588847 0.110281271398717
-0.455186645649915 -0.169328478644549 0.0640246852175698 0.159963470958812
-0.370422964602632 -0.265016320752968 -0.0301375794235476 0.252038802293182
-0.272319409453398 -0.392848683553992 -0.198786319882467 0.197601356070155
-0.0356323483990349 -0.575547204389658 -0.265024716240906 0.0850821399992041
0.19669128270147 -0.619688580374067 -0.157597460544967 0.166048931553443
0.197620878427304 -0.363493976557569 -0.196522768927207 0.248050855550367
-0.00208854442085162 -0.318361902004843 0.190711798501888 0.369109363098764
-0.091172720308586 -0.125065612451232 0.288668919222342 -0.119378347342434
-0.0398742621142796 -0.113839083726256 0.00126680212844372 -0.304080031103235
-0.154599148845122 -0.178825819610368 -0.244375712504038 -0.202536251502017
-0.279644659289925 -0.0790514078816073 -0.306164984516384 -0.051161227214652
-0.336959752713092 0.0421372877472373 -0.292852124670405 0.0361495059154264
-0.37415882474676 0.0601706523341879 -0.268027824322558 0.098391163311828
-0.388022236624588 0.0569134424580432 -0.219100018683419 0.122724096592167
-0.419006479990407 -0.03385870463671 -0.134863652063087 0.127805233106748
-0.344220900529876 -0.188297112198009 -0.07257664557304 0.14326797806106
-0.247134318153704 -0.230172516522523 -0.104706030279613 0.224427290037088
-0.222879086496872 -0.304494193599413 -0.233266882774013 0.192317147887406
-0.0505896826151668 -0.504804606067998 -0.27884734290177 0.121728512418332
0.17070481579992 -0.554533874416728 -0.221688360337572 0.30450178225634
0.0859753523199312 -0.254374967119192 -0.217192487701752 0.325729031658439
-0.0849483073025161 -0.164064497422768 0.189893464581378 0.295719532605535
-0.0725140259935699 0.0105783354404723 0.190228130659014 -0.117858474118341
0.0367235374233297 -0.0252627133534946 -0.0198704485296349 -0.241946814561411
-0.0551021190039182 -0.114255630857104 -0.239858252814451 -0.181565216845834
-0.157411683836575 -0.0530051532462041 -0.341517790139302 -0.0490861465679913
-0.213728674513967 0.0203859536589746 -0.377120728226599 0.0569508342095898
-0.246271539874439 0.0252109755388198 -0.378463122654753 0.131021978859564
-0.261885641495523 0.00930982659504591 -0.345883837009914 0.137971148402133
-0.253722228995249 -0.0681686865491141 -0.267594710078233 0.112849990386358
-0.155186022588107 -0.152663979257152 -0.17880711133053 0.100798457053008
-0.0846376213842233 -0.115996358006211 -0.15932840212073 0.185854951014946
-0.160325856816122 -0.143720287638079 -0.26948531735969 0.174187217200252
-0.0632574232244822 -0.344331938944547 -0.304298138948843 0.117797257547699
0.113421482867051 -0.390439464064803 -0.273788643247424 0.392111337462574
-0.00218632213901775 0.131044997049908 0.238171407256165 -0.441778330303224
0.128394879190011 0.0731769247009938 0.255972126395991 -0.114233190550174
0.0844391420641455 -0.0668659197244518 0.322596969693208 -0.170880133034467
-0.0643765669578637 -0.0635285238529642 0.131235993369487 -0.175233676311023
-0.0423402429949622 0.0435137009615048 0.158410001269418 -0.0338291394433967
0.0259801276185277 0.0376350142278055 0.301721776479776 -0.0354055393083668
0.0614160585404435 0.0132681003242554 0.410901984224764 -0.114603911043556
0.0714249201039703 0.0174558151214119 0.42041243053153 -0.14766471597468
0.0660192432395316 0.027775629571977 0.403913916901733 -0.089099339474718
0.0376520112133442 0.0486935769781866 0.343602161693132 0.0111662807562722
-0.025772465850738 0.05589915710081 0.248064653372492 0.129666876568617
-0.0972845817280949 -0.018293680202695 0.0626967065135782 0.186896307129638
0.0200795720832244 -0.103003333173447 -0.102347691018315 0.122277854978591
0.121612429668093 0.00270963940240595 -0.16901364420176 -0.0995969975194399
0.0461692286401138 0.109219610423716 0.168115084691942 -0.327483196640227
0.104381032806409 -0.0864758656165982 0.235776602075685 -0.428968356227023
0.165228821401959 -0.165314818674741 0.257992177692523 -0.0189050106526617
0.0531660690859313 -0.261750678326692 0.394836528321618 -0.148248657489382
-0.15798496964256 -0.243377390180904 0.136316353089885 -0.207596595257802
-0.216945154041482 -0.0900919452609785 0.118943625096976 -0.0328264462780746
-0.182783361593341 0.000639373947311927 0.268986091865593 -0.000592770066998921
-0.130296214932064 0.0479050214704583 0.395223099253494 -0.0792093027991403
-0.0997133630772262 0.0563822246824259 0.408960789172595 -0.134216903635706
-0.0780826556539332 0.0546368064461626 0.394172849782675 -0.0882261701912571
-0.0933677596203476 0.0378626361153581 0.352936731210907 0.00507469646063555
-0.119037691230831 -0.00121181088603784 0.265186671925171 0.12762651392181
-0.148950848438065 -0.0712645593904325 0.0666796266467517 0.189397307771457
-0.0258572019285023 -0.175326466122923 -0.101341873995862 0.117420029558484
0.134765991288554 -0.138412237163654 -0.178822426261182 -0.0702997818368108
0.125667934191508 -0.0727418883490198 0.117038556001169 -0.297982537145272
0.219020338524099 -0.273537678264152 0.185855633830439 -0.332670987279369
0.209613026115635 -0.383399881656878 0.2461092305135 0.118526481121081
0.0285575172883234 -0.427897010727044 0.460239931101556 -0.12321294750112
-0.217310182607782 -0.389895213403286 0.141244431763322 -0.270810920966704
-0.344460390867945 -0.220724530922345 0.0373915575774217 -0.0780042366408693
-0.355655758515509 -0.0532350521252799 0.165797806754433 0.00718997689678172
-0.299060078342981 0.0655386499500452 0.302983953033841 -0.045468587806998
-0.255818408217024 0.0870494526261117 0.333894602407298 -0.100353741690936
-0.215751163009437 0.0856125806789762 0.338500537313544 -0.0690369465912754
-0.234045707254981 0.0419823595761502 0.336041715925836 0.00658965167242612
-0.23778619668912 -0.047824376023572 0.27902255063815 0.126951200104821
-0.230821683427173 -0.129976390322081 0.0769959500048116 0.208793247859111
-0.100372441151513 -0.257106775008011 -0.113823025096573 0.133210830900477
0.110142685802447 -0.290173754334829 -0.205343806021402 -0.0462982242961565
0.173366603814005 -0.265190374421935 0.0514909997082248 -0.233700193788339
0.306412796242536 -0.398210723519334 0.0911345263463265 -0.184096678443901
0.228373481456221 -0.523625686302819 0.226863761649668 0.263009871151125
-0.00477632052707782 -0.507047731522022 0.497565822215914 -0.108838380709232
-0.242649331859477 -0.443811262013216 0.130077642218134 -0.340146245221578
-0.403691233783882 -0.296708496742943 -0.0652994077526464 -0.14625246598638
-0.455648721613021 -0.0945268404592231 0.0217180602493567 -0.00915788947508424
-0.411709701698253 0.0720709597926975 0.157250055530944 -0.0196429889292686
-0.373056117885511 0.105921752617748 0.209087925138282 -0.0545698739806536
-0.334168418777573 0.111157146307149 0.238650197402747 -0.0297257016322177
-0.369654519924665 0.0528516210414462 0.280287657152154 0.0261333926716466
-0.36732677298847 -0.0829103470023658 0.260683309585771 0.131248867044879
-0.331333701697954 -0.187417611719822 0.0772341542320531 0.231970671867819
-0.19340222326936 -0.34021761811001 -0.132631166903602 0.163334297477838
0.0558816917770878 -0.438801783081134 -0.233991932597076 -0.0106516499724094
0.191515444293395 -0.443059363891789 -0.0186935952783437 -0.130245487799132
0.327228666272515 -0.447213272390946 -0.0240188960088365 -0.0155855286243283
0.190684154194615 -0.544035913958338 0.21098104853348 0.368441770629135
-0.0462594372785536 -0.452638258942516 0.474912708080913 -0.109727006923118
-0.21390728893156 -0.382348194809386 0.0926278388401111 -0.377183179951977
-0.37162838238848 -0.296950683289592 -0.162182263143003 -0.199902912144384
-0.461822305286965 -0.107528289174975 -0.124673526641251 -0.031086361197753
-0.450794042090985 0.0713907923649152 -0.00857501435266731 -0.000400874680971537
-0.435335480800199 0.111308683141278 0.0517314856333874 -0.00198185279960825
-0.412964949572523 0.121019546638196 0.101279521393627 0.0247076332436517
-0.467534290702284 0.0514048024541371 0.175161424668325 0.0636162157123118
-0.458698445919515 -0.118402065007644 0.190518422012328 0.143584352055431
-0.397913016640375 -0.235014232843409 0.0449631747648507 0.249865399941522
-0.26357101260124 -0.390595648635557 -0.158452717188983 0.192114125984276
-0.00474528439284279 -0.544039551875804 -0.254292397713947 0.0403868992600174
0.191588837348801 -0.570083747292438 -0.086936727315873 0.00760995240642449
0.278721854231255 -0.428279784933287 -0.125703186522606 0.135514614308455
0.0975117024895339 -0.454018758328974 0.2028278939879 0.396960234567672
-0.0786021517350581 -0.295754627665495 0.391700799866102 -0.121518086153409
-0.134296830508192 -0.246476121688566 0.0370556033457093 -0.358510831923393
-0.276118514560161 -0.241848238435744 -0.224390103809725 -0.212282125347083
-0.389413625876656 -0.0947584309982217 -0.236362806197058 -0.0434725318186567
-0.417771450126667 0.0656743955886589 -0.164040358085928 0.0181607571748811
-0.43457480683717 0.0996803371237781 -0.113824725065478 0.0520042513958092
-0.434004703678933 0.106406134500834 -0.0567548288284022 0.0810849435923483
-0.490900269382544 0.026134474273974 0.0295264004521876 0.105781936200073
-0.458153271294713 -0.155132469138946 0.0698111725353892 0.153411886153774
-0.372303250775883 -0.256592534552931 -0.0189084943747594 0.248670362290692
-0.273534571499977 -0.381858820211587 -0.189617519763754 0.205713905691176
-0.04409817919767 -0.568364293561829 -0.264178066411822 0.0937457895631466
0.181059885526041 -0.61098899129373 -0.151027521716895 0.160748151439663
0.183333889190246 -0.356500179391582 -0.188871230072175 0.250997284379537
-0.00848270319955492 -0.306931466949409 0.200300057531859 0.353063271417641
-0.0866778250354244 -0.118348352676438 0.279674051706509 -0.129843155705247
-0.0404307622587888 -0.114572330847661 -0.0085038302774629 -0.298219002930817
-0.161187221602681 -0.171947857427992 -0.244393874896058 -0.193884499052537
-0.278020965743305 -0.0692072051068736 -0.303377389118582 -0.0446799102358077
-0.329221659032636 0.0527003792551968 -0.287515037310364 0.0405570616799968
-0.366212169672358 0.0734130689897757 -0.262572147826457 0.100904771956354
-0.3822255792687 0.070074733380617 -0.212619871728416 0.125441182416192
-0.416777048092248 -0.0206492076324931 -0.128984568930393 0.128390220062713
-0.348408028998743 -0.178280229550948 -0.0666629809596516 0.141344831822086
-0.248998473615887 -0.225707259121329 -0.093908395707781 0.223034220102213
-0.221655583820577 -0.294499049827612 -0.224782669977752 0.198393220360295
-0.0593866997907772 -0.496034362768816 -0.278015810321033 0.129545804899358
0.153742107360628 -0.54701436616988 -0.210998173216291 0.298637767622377
0.0754032072091766 -0.247865642709413 -0.206720093313372 0.326550612827278
-0.0869822666060626 -0.154398569632071 0.197057419176485 0.281517904770555
-0.0667610273545473 0.0127437997338166 0.182784138708461 -0.124730615682371
0.0352929122061813 -0.0294197538738721 -0.0280886986711822 -0.237122152912614
-0.0614949567269644 -0.110554052750854 -0.242138422963439 -0.171800304692225
-0.156986509305157 -0.0457444130790579 -0.337646440889485 -0.0394981393811852
-0.207482817204219 0.0293188145471164 -0.36973923759521 0.064457177032928
-0.240556759876434 0.0365632786332456 -0.37103982450067 0.135595110670924
-0.258737613328174 0.020816458277621 -0.336827410589312 0.144147811235676
-0.254279355695512 -0.0587061004142517 -0.259924328789589 0.118398712727807
-0.160910438622266 -0.148040388438592 -0.17421352148551 0.103103278535448
-0.08589976474882 -0.117565862275734 -0.150171836297467 0.184983013903538
-0.155638413202056 -0.13651515316098 -0.261354341007462 0.178914875707778
-0.0695866698009342 -0.335465429024044 -0.302962710574386 0.126639190661504
0.0995329695596478 -0.384181810745387 -0.260179637039181 0.385169182183822
0.00463059948608563 0.128932653236686 0.227768505914027 -0.439954293270054
0.130284067438038 0.0650613864953713 0.257546755231714 -0.122401051204366
0.0799453056435082 -0.0690398263534819 0.316900227325296 -0.182255216937189
-0.0659561887334226 -0.0574096439929637 0.124519910655322 -0.174432350055207
-0.0367789144688792 0.0449714710188706 0.158350329425043 -0.0341839174545363
0.0278766194021101 0.0352505754607605 0.300655525812236 -0.0428465044280635
0.0602491174872435 0.00914448728118893 0.403532783936903 -0.126033923178345
0.0717941314748221 0.010680738861178 0.413374806080061 -0.155590437859204
0.0669692767349385 0.0221164478890243 0.399859542057286 -0.0971004261531253
0.0395657375723306 0.0452701012830204 0.342638053461253 0.00106724232226776
-0.0224103873882794 0.0556144342606945 0.251812493837264 0.119953788673725
-0.0960043643996523 -0.011570594031709 0.070604854002695 0.182599471683845
0.0151155885154234 -0.102808877277702 -0.0950769071541762 0.127300448411775
0.119226208664199 -0.00489738520709487 -0.1677132468251 -0.0885120584008871
0.0511466601586072 0.104386088260654 0.156172137355533 -0.328437595209104
0.10635597792621 -0.0873584733735421 0.2265915154726 -0.423934525750597
0.163305918817173 -0.172846545940128 0.261480334356569 -0.0285350300720897
0.0472881287378884 -0.263564321176699 0.387878759547274 -0.161860282074991
-0.163362011400138 -0.235731672269371 0.12808259891922 -0.204975532844524
-0.215544795255385 -0.0842899262389199 0.1196966598741 -0.0334156550889795
-0.180878832308488 0.0035294252963881 0.268525863630179 -0.00774997589159881
-0.129472415397396 0.0479578545497639 0.389734483053922 -0.0905739406407126
-0.0977437094582852 0.0541646719198265 0.401960233620554 -0.144139102241583
-0.0756239994501923 0.0532050977874206 0.392850727571416 -0.0971893670100416
-0.0913468183980984 0.0377150666913322 0.351614644178742 -0.00626235791972496
-0.117307257783208 0.00145765493572764 0.269388136091379 0.1183426731299
-0.147525962466235 -0.0639722305404575 0.0755244789159106 0.18643709556037
-0.0313172546412236 -0.171808649540926 -0.0942085932470428 0.123025087210613
0.129524779642512 -0.143180569778185 -0.177511061291151 -0.0600204811793608
0.125622360017772 -0.0761150274960301 0.107905776531149 -0.297913821835404
0.217393848309397 -0.274473750369291 0.177293915946549 -0.328852430262308
0.202538219012912 -0.38910063685103 0.253529219586816 0.107293501519167
0.0220042196045604 -0.427028545452527 0.455067954545587 -0.139826276941918
-0.225260221153682 -0.382952985284773 0.131280734187568 -0.267717478279539
-0.347104513761824 -0.212185916447748 0.0385240779574912 -0.0770516169720694
-0.355296407268287 -0.0458921819219379 0.166868407336361 0.000795006686581297
-0.296316593991901 0.0704520809081336 0.299605014947247 -0.0555026883301675
-0.251425572603564 0.0902366233941481 0.328230891039841 -0.10922251464269
-0.212672220390568 0.0879187921400472 0.336490813441894 -0.0772448026415954
-0.231406954539813 0.0453038668361687 0.336266579664815 -0.00551379052593581
-0.237193442987308 -0.0420256295531335 0.284470681694815 0.116637877141799
-0.229967942554222 -0.122745771213312 0.0870538996191537 0.205618163943048
-0.105066711004076 -0.252770719026955 -0.106190117432541 0.140500944888147
0.102497380816694 -0.293041774017941 -0.204273709978201 -0.0360106244559385
0.167346108278686 -0.266554556670341 0.0452034270962654 -0.234833127349416
0.296981479449913 -0.398203427543899 0.0853366620173166 -0.178636097379567
0.217660426720165 -0.524735697980397 0.236847496461336 0.252696780347991
-0.0121307949282911 -0.502479594784374 0.490429400086227 -0.124432742770199
-0.249889544592557 -0.437896204137424 0.119551935729625 -0.338379633154741
-0.407008001512491 -0.28712915094531 -0.0652060506664745 -0.143927466216877
-0.455520558488482 -0.0844856180197224 0.0218325908643809 -0.0122590381775865
-0.408309012276312 0.0793560690430487 0.155796161956713 -0.026961982777616
-0.367680071105873 0.114416044316598 0.204201520609592 -0.0626791742851109
-0.329704572034742 0.117550742665632 0.238141504707778 -0.0359502762103126
-0.367296252811525 0.061523054783092 0.281679835150681 0.0149232396165515
-0.368469186924767 -0.0743846064772687 0.266791478454078 0.120453330020944
-0.333503327845849 -0.177774752063397 0.0879799261614198 0.228674279585031
-0.197837384114801 -0.334400414396643 -0.124477593311324 0.171169344114513
0.0478145536733111 -0.437025398238333 -0.233759722635843 -0.00101008174384631
0.182390533765202 -0.441929951757762 -0.022618337642008 -0.131957930575162
0.317753237018295 -0.446841096850523 -0.0253941041866891 -0.0107305696385785
0.177628093276212 -0.541908592611907 0.22284853654381 0.357021814182887
-0.0511724667930345 -0.447367742348582 0.467139621670079 -0.12669857774921
-0.21907778754978 -0.377491294846383 0.0796986235951231 -0.37528558196523
-0.379561636694429 -0.286779600008962 -0.163528279464087 -0.195957376095297
-0.462777041359894 -0.0951620282889868 -0.12417516387334 -0.0308348046436939
-0.445329333861034 0.0813754293792218 -0.00935255168884031 -0.00377278287413277
-0.42970955463928 0.121762205134433 0.0490491459784243 -0.00651748377431717
-0.409429867700385 0.13272334248788 0.103081937260662 0.0208101561899176
-0.465081601910018 0.063736833586883 0.17792018287272 0.0557330810275914
-0.4625563927619 -0.105731951393259 0.196186088002821 0.134838786852469
-0.401340172649082 -0.224563619611604 0.0564631613411156 0.246817345072578
-0.267220320615255 -0.384948840933358 -0.149394952924104 0.200584862213061
-0.0133311659210727 -0.540492094547321 -0.254855380902621 0.0497282310640715
0.178997450747182 -0.566852267997246 -0.08692310482282 0.00444365828113174
0.267460608599659 -0.426974144957836 -0.123572253245651 0.140678030261279
0.0880260914823147 -0.449889308602784 0.215298683776799 0.384698803719877
-0.0789936286502166 -0.28934497717093 0.385217130159327 -0.136965686148282
-0.136981389394966 -0.244539140951689 0.0258646776257723 -0.355861391404572
-0.284110066882678 -0.231885316745918 -0.227052244746593 -0.206691115449986
-0.392336578865842 -0.0834223377799957 -0.236622457087508 -0.0404240759891983
-0.411772243445573 0.0767274745913107 -0.163588303160448 0.0190573503394915
-0.427465919225064 0.112653097091283 -0.114330550489515 0.0508733610694013
-0.430065029027441 0.119397206117633 -0.0532531563589626 0.0814798585675502
-0.490520078372969 0.0393634029029006 0.0339040328820718 0.101858214760505
-0.464348871571111 -0.144029319421267 0.0754277106259378 0.148947299118252
-0.376867094603277 -0.251476274132057 -0.00821326740098497 0.247584975008218
-0.27470743979669 -0.375114409720257 -0.18208036770395 0.213722661932901
-0.0547451960819023 -0.563160842889419 -0.266140860940973 0.102442152919648
0.165194536865939 -0.607568160691037 -0.148040237102973 0.157075868758219
0.172747375331011 -0.353941434832982 -0.182284249020247 0.255453320416185
-0.0148458886429725 -0.299496009647656 0.21101865195871 0.33834787872974
-0.0831826852235601 -0.112429701669302 0.272586077402688 -0.141128800867301
-0.0414206040250709 -0.115362933795133 -0.0184990687760926 -0.294622994387943
-0.168535053101579 -0.165945932267276 -0.24702215910792 -0.18698923979926
-0.2789030879545 -0.0602752509552941 -0.3028417753936 -0.0397496744738696
-0.32337752201937 0.0622030180353887 -0.28534492764606 0.04497487556993
-0.360150586855398 0.0866522786182152 -0.260576355726923 0.103163504315993
-0.379136827596065 0.0837844825210687 -0.208128338675302 0.128295102174136
-0.418941705418004 -0.00759039800755211 -0.122820790082368 0.129608602203699
-0.355231246291339 -0.170675733646984 -0.0618506748102389 0.14012047973309
-0.254072490446789 -0.224506166546144 -0.085065806743056 0.222979531046365
-0.220368567388428 -0.288735513169341 -0.21923496616535 0.206750560843405
-0.06816576322849 -0.490726071491923 -0.279181483343193 0.138012010281298
0.13886410884507 -0.541728278226571 -0.204330364311302 0.293218517184377
0.0667037592057275 -0.244198973563633 -0.198039450166791 0.329458318440804
-0.0882858134989996 -0.14575423361259 0.204357255680317 0.268441745973261
-0.0617603770276943 0.0153195889137774 0.176128447841182 -0.132377929076195
0.0346610223393114 -0.0334105206541159 -0.0357416592201215 -0.234406371362147
-0.0688071151597252 -0.106445317428057 -0.245219950675658 -0.163614917692569
-0.157383882977156 -0.0390284543809812 -0.33659835490645 -0.0313845731643353
-0.203785490246887 0.0370561712756812 -0.366357067668672 0.0721080034203368
-0.235795113161191 0.0465260277069687 -0.36689747988472 0.141437084160328
-0.255821680867054 0.0328512544081654 -0.331028899090845 0.150761153673835
-0.256721693188983 -0.0492746577418524 -0.254221667669273 0.123914220118989
-0.167743034567796 -0.144373229637114 -0.171208288304479 0.106408662512254
-0.0878272079344977 -0.120013750484501 -0.142774378436654 0.184397076152326
-0.151051326715435 -0.130905339211125 -0.256714593655025 0.185550112831533
-0.0760937082559798 -0.329721498894414 -0.303725302792087 0.1358443674732
0.0879901239559443 -0.380892766306146 -0.250888548024584 0.381417936144832
-0.0126612386555586 0.131003752664296 0.303558429747782 -0.381673122520154
0.114347168537675 0.0836604831682597 0.276361021362567 -0.071371159658383
0.0856812096012402 -0.0481653962631299 0.343003088275271 -0.119305489241823
-0.0524509995412141 -0.0594145549868832 0.151558974312635 -0.146188095377762
-0.0419288985880724 0.0380041544827631 0.162971471828186 -0.00331130272163547
0.0203293049634967 0.0385776697849072 0.30316654543387 0.0143068345477366
0.055465193183052 0.0151996048421899 0.42138996685263 -0.0469853385955617
0.0680466828454099 0.0186963686874589 0.431178416745365 -0.0721927512928804
0.0613523334281339 0.0311494535044224 0.410058506862054 -0.0164046887254865
0.0309949448505324 0.0481634910516714 0.332789046544693 0.0680209712101327
-0.0306421774123519 0.0489365455961991 0.223936193538354 0.163919996483284
-0.0878837513310911 -0.0279200893979627 0.0338432983418475 0.192822228705755
0.0333217262734344 -0.0964571548729038 -0.114098955008269 0.109301351827188
0.114935940764564 0.016047912552246 -0.147416846712882 -0.113516071919662
0.0313938548614386 0.110465902630793 0.224790818095146 -0.297617148090839
0.125176442546083 -0.0564789561485419 0.300719922017836 -0.369159367458744
0.186657350148716 -0.137764230298897 0.272829083380504 0.0248852772797171
0.0911344631223607 -0.240256761064131 0.413976164620339 -0.0886409925488962
-0.112229319576438 -0.247134047002674 0.164745648880286 -0.17632346934906
-0.191181227096168 -0.119990520639213 0.129239280413708 -0.00618562583104209
-0.17634127346349 -0.0311145116694864 0.269552780720962 0.0380053149190796
-0.135345246407299 0.019190022704456 0.399170038782464 -0.0170410873110577
-0.106575464331187 0.0300252943204556 0.416739103551642 -0.0630490192004601
-0.0841974301331066 0.0339390665085608 0.40214482507228 -0.020952609970901
-0.0947484637097013 0.0154991962461803 0.341345805388605 0.0602372451311292
-0.112417872702279 -0.0225082126111217 0.239343117612688 0.163230014345858
-0.124692673380491 -0.0892969054358435 0.0367504256315546 0.196201705842288
0.00544121673559422 -0.173892372048115 -0.114125099278431 0.10359751665354
0.153783117059353 -0.115508091256518 -0.160412442248276 -0.0881287930872577
0.139556692957521 -0.0492684221716145 0.170144003493342 -0.278882744980751
0.265174907937176 -0.214667207815698 0.237367610116006 -0.286207063044065
0.261081960597995 -0.336780252247488 0.248856028704805 0.158607448851659
0.0978670643275078 -0.401146235975213 0.481306619093149 -0.0557640018056391
-0.143125991607975 -0.398384510980172 0.181704250906124 -0.238996413447703
-0.294709274631576 -0.268461744290054 0.0603388232243567 -0.0630749815635758
-0.336251728670518 -0.111255250352509 0.171598182843087 0.0252925426469321
-0.301305914889359 0.0106187994914773 0.303683331718055 -0.00229406462600663
-0.26545011515937 0.0380517366947004 0.338437154909492 -0.0450093634833266
-0.224834924476244 0.0413343249742576 0.344391557034564 -0.0143012808254877
-0.232974099448606 -0.00339546012266428 0.324459337120792 0.0568122562141694
-0.222372058464669 -0.0890732857621173 0.250622100403145 0.16174776885321
-0.191606717664966 -0.163878317382579 0.0420945304415568 0.216213919585318
-0.0482140192129127 -0.26781880294644 -0.131463210941518 0.116709205689101
0.159557134294992 -0.265684247759602 -0.191467327420968 -0.0725905985866392
0.218806445382395 -0.224802070693827 0.0943509115742796 -0.229896150667057
0.362573774385478 -0.318434151860464 0.121224149659017 -0.157451393657534
0.297290596308186 -0.463714392789348 0.211192598479435 0.297701942066986
0.080001265169904 -0.477065282850149 0.513945923531981 -0.0364058031120514
-0.154032364026532 -0.456993269870155 0.182779641795801 -0.309992268454266
-0.338373708499412 -0.3507631924498 -0.0288767188433545 -0.147125783879949
-0.426353657730726 -0.166537142080543 0.0333684927206324 -0.017436123045707
-0.410816277756746 0.00202043157907314 0.155801854172704 -0.00342552255784535
-0.383378389267532 0.0424388572694653 0.209042200838547 -0.0244563187308584
-0.345070824375199 0.0486568060728793 0.23996681185865 0.00715229031902435
-0.369032589615943 -0.0139679814490394 0.265790078318069 0.0642198734126631
-0.347025338075209 -0.145862933718535 0.228370472950327 0.162420298652542
-0.280729237718475 -0.240541115845074 0.0349774137029436 0.238116715361662
-0.11924266603503 -0.367918135365863 -0.159324817921224 0.141414817267548
0.136621367400599 -0.416662802130517 -0.228386930352556 -0.0455354672145182
0.269114770617757 -0.392470581246996 0.00446524107681984 -0.143141878569217
0.387824062078093 -0.365398500009942 -0.0182564282687249 -0.0145960631827273
0.258809556636837 -0.484771262664224 0.178981174740337 0.396321006854407
0.0343547112808953 -0.430900640604663 0.49134338719646 -0.0435595473258944
-0.133212003510821 -0.39386169784658 0.150681031445684 -0.353920252322149
-0.31156989345527 -0.345518673097946 -0.116655839780949 -0.215788998113671
-0.43051234671145 -0.177631939465272 -0.107395342066145 -0.0638923990335238
-0.447349615965075 -0.000255951879408439 -0.0112693134001312 -0.0140647909712046
-0.446164376493298 0.0397253045717508 0.0473054884267916 1.49259195091976E-05
-0.424382931602563 0.0481205904957847 0.0967109364321072 0.0358925135827634
-0.466127747777658 -0.0276804037733867 0.155874743617032 0.0831531495842118
-0.432023002423591 -0.196571980829308 0.153604205786934 0.161834139587396
-0.335028544825218 -0.301327853298539 -0.00164230384548806 0.248249975630078
-0.17506953166869 -0.433191735568871 -0.193122832436998 0.163814597889616
0.098349007757363 -0.527382652616203 -0.259775855384896 -0.00247647106897589
0.290982899739328 -0.512984054860487 -0.0896581578860169 -0.0216627425919733
0.335539993750354 -0.357232810617842 -0.142322865975745 0.115325284791702
0.154909106945398 -0.409608683473982 0.164887037815986 0.414805121072275
-0.0211126792552089 -0.28226280342654 0.407088591883083 -0.0701725052301383
-0.079516701088536 -0.254053212316398 0.091342120990876 -0.344592499725429
-0.230161212020003 -0.275517789399373 -0.178446853017615 -0.23856822551247
-0.362585536465948 -0.152832636307283 -0.216851091229309 -0.093073833275908
-0.411797578076106 0.00225461280777504 -0.167507357482841 -0.0206122392254278
-0.441357424818859 0.0319210352037286 -0.122203601328411 0.0246187864261557
-0.4429447795526 0.0335405765313207 -0.0685009322438502 0.0649357133874124
-0.486327731342758 -0.0546296277223761 0.00715316321741684 0.099904245171002
-0.427457693299675 -0.234490808004259 0.0326061641413291 0.151120596941756
-0.307991725506992 -0.322902197747001 -0.0661502840970583 0.234554522434298
-0.181400379396776 -0.42588142068011 -0.229525769637426 0.169986583300254
0.0643407560311617 -0.558190666519897 -0.283307439093449 0.0471900720323311
0.285155793731957 -0.555032805665574 -0.183466056398628 0.116886993405103
0.228360925856979 -0.306856566774644 -0.221146058509821 0.215224059325692
0.0307444962399927 -0.28322926279549 0.162131834341028 0.365231381054505
-0.055975779160595 -0.11518854052168 0.292310368550043 -0.0951150328539829
-0.0135548761967579 -0.116776046985836 0.0347207122697051 -0.292166884387873
-0.130926493001108 -0.189822362630941 -0.205132436453867 -0.224023553423484
-0.257270115856182 -0.107889957224946 -0.285883370289802 -0.100637306808798
-0.322832813604883 0.00590323051121015 -0.292064067422058 -0.0167071975867604
-0.37045441994765 0.0214039495230943 -0.273957884027712 0.0481287336325798
-0.384202184480891 0.00829941194576612 -0.22853273503043 0.0817690595390496
-0.407270489787789 -0.0869519587125231 -0.148862476076872 0.0966669787067768
-0.316080667944651 -0.237804756186358 -0.0976445660270221 0.117072493361277
-0.194971527639664 -0.272328138278279 -0.133694013770137 0.194151054307731
-0.146773398491186 -0.328019824018976 -0.264203145807078 0.156764495465867
0.0368465820834464 -0.488725669373124 -0.305617331707254 0.0805788971783088
0.245546201703643 -0.497238886913661 -0.269144975931146 0.242234370445606
0.103670125934226 -0.224013243493972 -0.25004048166293 0.28462107004171
-0.0638799625898856 -0.149449232371194 0.162170403960703 0.288568683185543
-0.0584444008932865 0.00909353363704333 0.192365162249674 -0.102757409517136
0.0411100102200731 -0.026380094266949 0.00483110040914239 -0.235405017906243
-0.0460899772089315 -0.113912971244256 -0.209790886318319 -0.200549914611683
-0.143443975695355 -0.0649412576812167 -0.322581283995539 -0.0969672213675808
-0.201005268703019 0.0050117255677345 -0.374582603500493 -0.00396581931765441
-0.238767461710152 0.00638973491076106 -0.384260491783614 0.0657252621198604
-0.253826207921965 -0.014459655106954 -0.352302017897774 0.0804346364231954
-0.241415499938893 -0.0935271182144556 -0.273019405991697 0.0678718499888757
-0.138052524980419 -0.175410805105082 -0.19174486439988 0.0635600773200681
-0.0569263103130791 -0.137729387050583 -0.176920314604884 0.147581960572141
-0.114095430725026 -0.157778104466427 -0.294490111423279 0.131984555620249
-0.0069064211526502 -0.332006825903589 -0.333470974902515 0.0756299393301596
0.161738005874147 -0.350651297886027 -0.333950720537244 0.321743135593521
-0.00515877376107107 0.128889483036387 0.290510638835597 -0.378038969446881
0.115865254393247 0.0738446321222251 0.277340586231473 -0.0788601914637859
0.081307831105252 -0.0507863423320903 0.334775365024658 -0.130634676975179
-0.0544059527624368 -0.0529063970002338 0.142877724456348 -0.144871522277643
-0.036110713659631 0.0395712361855356 0.16254462690956 -0.00509081930134854
0.0232494657592097 0.0359531830224824 0.300698809565126 0.00571268144486594
0.0550060872709112 0.0111454932285904 0.410139784416295 -0.0588248345821996
0.0675111980769522 0.0118447160133252 0.420803634415545 -0.0828829080005414
0.062600972286033 0.0250676387721989 0.405463842798497 -0.0282958861942923
0.0334751534927566 0.0443978853899229 0.329410133902886 0.0564315013777261
-0.0260979240367301 0.0486095751121884 0.227411241848711 0.152653732001876
-0.0862572045157256 -0.0209056184331248 0.0423992483660369 0.188860422539871
0.0275021577760962 -0.095480765594104 -0.105596690927007 0.114946850354592
0.112767053716482 0.00889373817724589 -0.145679976920244 -0.101563872585102
0.036327624629587 0.105449150685512 0.211234733598556 -0.299030444548561
0.126431004954357 -0.0577335462280249 0.288050108465653 -0.363458068751794
0.183055966698589 -0.145442998693902 0.276759336478503 0.0161128836773811
0.0831398931463064 -0.241565303187475 0.407119508915368 -0.104694514216283
-0.116796336480188 -0.239006521122284 0.154656759895886 -0.17422267082464
-0.189002192339731 -0.112890485248484 0.129177675379255 -0.00859271566781342
-0.173541726612711 -0.0276091248693897 0.267918203251822 0.0295532919784645
-0.132926504190294 0.0203482241273878 0.392138886829217 -0.030457737136329
-0.104754055525521 0.0283291434141042 0.408081314324876 -0.0730854862511636
-0.0814494589606246 0.0321608925012713 0.397899335883009 -0.0318263483600745
-0.092420585704119 0.0162104459610723 0.339181693102741 0.047602793175753
-0.11082341495345 -0.0192234477728862 0.243305241190964 0.151180520139341
-0.12427275985349 -0.0807566814999526 0.0458969593508603 0.192130907590806
-0.00127716139969813 -0.169834310279445 -0.106106077538586 0.109821836916747
0.147341888345715 -0.120617518929479 -0.15852196446601 -0.076380119568271
0.137959712751685 -0.0524869988194326 0.158483114730728 -0.279578380690227
0.259579298753574 -0.215759521558232 0.226063404801911 -0.281868181451795
0.251918006142683 -0.341862186004439 0.255680472647334 0.147413598102168
0.0874337724833028 -0.398319252128471 0.474806406197808 -0.0748795587560995
-0.151099855952655 -0.389923005755977 0.16847628821114 -0.237202599819006
-0.296783168554967 -0.257115145136113 0.0602188614981537 -0.0632147927682254
-0.334767899304247 -0.102236514033937 0.16995558724571 0.0182686033518658
-0.29719027780493 0.0161479984708012 0.298470671638976 -0.013980757814266
-0.261010857128316 0.0419153417300124 0.330694129518135 -0.0551687543220322
-0.220044821126909 0.0447523574928353 0.34167564824282 -0.0243225525614247
-0.229991171651242 0.00253185108511383 0.322920027543118 0.0442795558510971
-0.222651776761549 -0.082340325754796 0.254438174936198 0.149892236696191
-0.191919853506108 -0.153784992584195 0.0526786878485755 0.211572091879582
-0.054122480921956 -0.261363583703756 -0.122889423610347 0.123427738069193
0.149473149955284 -0.267327922482934 -0.189363307244144 -0.0612739357689435
0.210144564513915 -0.225362670390113 0.0858569085297023 -0.230597376680555
0.352431433647742 -0.320349014286554 0.113389428266076 -0.152667486608947
0.283091427318948 -0.465049290841588 0.221920851652557 0.285150415055476
0.0707397245454685 -0.472859097883302 0.507396792478958 -0.0576892034390374
-0.160626994598483 -0.448233012146679 0.16759172943888 -0.307898311460905
-0.343304302608465 -0.338849447367616 -0.0300256673447486 -0.14532902451834
-0.425365581599983 -0.15415691969987 0.0324888039519788 -0.0204977966468169
-0.405384098720332 0.0124815736340417 0.15347281627899 -0.0112234994232448
-0.377808907297485 0.0513732967769733 0.20359056966476 -0.0321250123983658
-0.339103055929869 0.0572499456876554 0.23966367361786 -0.00159445447097325
-0.364617233019053 -0.00341741949159102 0.265739766215978 0.0527920147046753
-0.347258886350473 -0.135296963927172 0.233284925464268 0.150689513015131
-0.281776371469129 -0.229869658561802 0.0468536997531461 0.233263538160986
-0.124059833008278 -0.3592752076693 -0.149834677725903 0.148672938710909
0.125174981045378 -0.414900610350009 -0.227436242475189 -0.0346913054203364
0.255978462729457 -0.38844763464743 0.000938221092560284 -0.145225683412291
0.373301976706772 -0.365136474429429 -0.0214682202338259 -0.00877093533671696
0.244443907582574 -0.482343362513529 0.192219646996133 0.380279136978364
0.0276779732387698 -0.421902515129202 0.481708671701299 -0.064985089919751
-0.137828177923725 -0.387012581152433 0.13489893672462 -0.351958913027619
-0.316666603673228 -0.333499758509314 -0.119899786144027 -0.211741116295702
-0.431684081719356 -0.165214664649592 -0.107857423301663 -0.0626148909130972
-0.440673783964801 0.0108060811386985 -0.0118842646962135 -0.0162254719254862
-0.439715125623587 0.0516678722001387 0.0445862609644297 -0.00467225249205411
-0.417661287793968 0.0607296683248016 0.0980315879426945 0.0310104747096786
-0.461994899046232 -0.0137466308581063 0.158582959903045 0.073733640137576
-0.433774295189172 -0.181738342381117 0.159009315018479 0.152796617780026
-0.338395393323508 -0.291628703883638 0.00996982406267302 0.244123953264129
-0.179824616028543 -0.423069947848972 -0.18442214797185 0.171672568267329
0.086146744999864 -0.52363503873003 -0.259396967620238 0.00847318853894861
0.273359619706267 -0.508831171581743 -0.0896586437098855 -0.0249273317667934
0.320875040569781 -0.355887062330217 -0.13990431562065 0.12012302876944
0.143090007184549 -0.403784946289068 0.177189782475055 0.39835927380842
-0.0217998126627469 -0.27283708535755 0.39779891361308 -0.0878117482522464
-0.0814491585647006 -0.251051661085864 0.0770560741862428 -0.341492128083089
-0.237398449620498 -0.266366983265485 -0.181739644470599 -0.232552229177517
-0.363786552740219 -0.140148779989986 -0.21809164233114 -0.0886760246540005
-0.405510960949642 0.0137941094243141 -0.165307910776118 -0.0186068915902986
-0.433895969495234 0.0460749134317892 -0.122167505288211 0.0245795042939328
-0.435320440446691 0.0482153106863586 -0.0649472174242292 0.0635399596845416
-0.482883118676894 -0.0387491669207114 0.0119629689319317 0.0945528474686377
-0.432645277004359 -0.220222967585238 0.0387786178443919 0.145975308755223
-0.312962529474396 -0.312757181813247 -0.0545000378236089 0.232604260657654
-0.184946481872417 -0.415476878351211 -0.221279329100835 0.178413679534757
0.051762193079865 -0.551702514761604 -0.282912273947215 0.0569781068881816
0.265879771470969 -0.548652429926266 -0.178346925526433 0.113373417734875
0.214012117831522 -0.303655131112167 -0.213949320852796 0.219238145426025
0.0232163077701379 -0.274251198643019 0.171535320903751 0.34728226666042
-0.0527855345690983 -0.107527258066626 0.28196239547622 -0.108976630101828
-0.0141822251702655 -0.11788758780401 0.0227668006001836 -0.288895322505285
-0.137730351732575 -0.182784640093395 -0.209567071834605 -0.216156242870406
-0.258264807967061 -0.0976927708998978 -0.285747618219698 -0.093786754399412
-0.317096897291827 0.0165217131299397 -0.287352324660385 -0.0111572687601601
-0.363141692832831 0.0334195775785186 -0.270383483723398 0.0524249750291227
-0.37899982162468 0.0228345202830549 -0.221821632306365 0.0853435041205701
-0.405582368838043 -0.0724599199774299 -0.142611023762936 0.0971889779644158
-0.322457851710975 -0.227361249585845 -0.0919610451878472 0.115602956126298
-0.199204494378213 -0.268320608862559 -0.122984410379077 0.194481446624098
-0.146703625983047 -0.319162413593588 -0.256731613273634 0.16436335285933
0.0255923415424651 -0.480229577895979 -0.305641055445321 0.0889222611833045
0.226226300432813 -0.49421296399473 -0.260269527365868 0.23783840137365
0.0922624141242846 -0.220336830968888 -0.239830266969421 0.286752816868719
-0.066953041325659 -0.140198547445172 0.169954511538799 0.273072777667749
-0.0530915241468937 0.0124482993660827 0.184316696906406 -0.113188214335032
0.0402897296402524 -0.0307668962129494 -0.00478964569515704 -0.231950034301554
-0.0523350757829483 -0.109838698839595 -0.213827519783948 -0.190529822240007
-0.144199980329697 -0.0577161632169899 -0.322581519148267 -0.0872269077481437
-0.196014193722565 0.011982176150766 -0.369333822728686 0.00583551501298833
-0.23418034066627 0.0173311457533132 -0.377706897435081 0.0738289372255359
-0.250323374380927 -0.00269094930994738 -0.344491411070532 0.0889794824782232
-0.24351941129337 -0.0836231059262856 -0.265929045873276 0.0735533971704594
-0.144680103671605 -0.170239731996924 -0.187712676272746 0.0678243427745269
-0.0598238271011346 -0.139444083424466 -0.169943332192938 0.147153571432965
-0.109420716815457 -0.150386469972623 -0.28830077540598 0.138788093896104
-0.0152016143513212 -0.325073222148807 -0.333269845898048 0.0855362688964466
0.145785126296491 -0.34903523189243 -0.32275692040248 0.317914104793843
0.00159409665516517 0.125905179670862 0.283098593060153 -0.369022652197742
0.115708612825796 0.0650413613562437 0.278852979287671 -0.0841032828457957
0.0760371002621915 -0.0525371965798889 0.327538883348173 -0.138741116685806
-0.0545131466079298 -0.046355458422057 0.135602515342242 -0.140828472318038
-0.0316860439761353 0.0401257339849207 0.1616122039012 -0.00472564542657804
0.0256578352368311 0.0334440741640658 0.296575788548451 0.000687383752610884
0.0533894807357667 0.00811497295864025 0.401295386842977 -0.0658764077525755
0.0659916515708785 0.0060184896941847 0.412049558128329 -0.0871781401166113
0.0633166169566983 0.0196859108898584 0.399463650129954 -0.034624890509578
0.035491417709709 0.0407555004894678 0.326758296411672 0.0491912410631389
-0.0228836284663864 0.0479679180017004 0.228408592610151 0.143519200963919
-0.0843566745053141 -0.0145098680612904 0.0485169211458875 0.183984795349494
0.0227208617375759 -0.0937063176984935 -0.0976721948851705 0.118273511919925
0.109741294828402 0.00296611045942966 -0.142135515155782 -0.0918037278379509
0.0394680698407411 0.101614113877428 0.200442877020358 -0.296737564357173
0.128010993186212 -0.0578946175436344 0.27804178220603 -0.35537792455248
0.180114482307853 -0.151110945778537 0.280129310442112 0.00849154787627014
0.0782801398212175 -0.239425373013181 0.398515984973143 -0.115754501620677
-0.118891234257448 -0.231050639725268 0.145918452295985 -0.169249014857546
-0.185716394753244 -0.107756608317879 0.12953860090771 -0.00820598919100308
-0.170153441179179 -0.0255235606511389 0.264676508817396 0.0238331788303948
-0.131520954081105 0.0194262319161751 0.382995212297885 -0.038616775165003
-0.10360678100069 0.0259223860952902 0.399003346182937 -0.0782532462888322
-0.0788418100035849 0.0294988039385934 0.391937114184024 -0.0398814421466621
-0.0895886927360277 0.0152215317884074 0.335614016621538 0.0389199831276723
-0.108652208068283 -0.0177473291389846 0.243632078336648 0.141076384525107
-0.121672923815525 -0.0742141302490123 0.053069392161703 0.187356681478416
-0.00542634837973752 -0.165367268913108 -0.098228493027535 0.113807059574257
0.141768638675528 -0.123220599790761 -0.154027695401605 -0.0676169572261311
0.135791204701787 -0.0528052453806084 0.14996023787996 -0.277857786299531
0.256141226083782 -0.214315315447694 0.217920541686805 -0.273059456938855
0.246193607683857 -0.34297233025178 0.260287586457376 0.138117403986066
0.0836286889813897 -0.392615510135492 0.464996639848979 -0.0887637227729539
-0.153194598942119 -0.381768495463102 0.158468891918806 -0.231883826365214
-0.295202785290347 -0.249194690257171 0.0597663661264161 -0.0624952737443545
-0.330038255939455 -0.0963479599948523 0.168242508751443 0.0138885779328685
-0.292551985063436 0.019684924813362 0.29344281162468 -0.0215543301335082
-0.256463945302879 0.0425088497815674 0.323563545251652 -0.0608281791930913
-0.216543361070321 0.0454781860310389 0.337072529145775 -0.0316548195358307
-0.225758288339171 0.00458784511900595 0.319763558212777 0.0348225064005746
-0.221312118347347 -0.0771110341078154 0.256539127835723 0.140573025756277
-0.189516804711915 -0.145555487477967 0.0608966376080931 0.206713651393
-0.0579125271154435 -0.254275146770409 -0.114843548967993 0.127685289238171
0.14335682892388 -0.266457016888234 -0.186136139278964 -0.0522287370879502
0.203853306031154 -0.22219087823142 0.0802488925021311 -0.230008867877063
0.345170734249573 -0.317898079709681 0.108394990454381 -0.146098044702147
0.274911905831556 -0.463393467183219 0.227824287672445 0.27346913744625
0.0680191098989159 -0.464989846965504 0.496919818051064 -0.074953572215808
-0.16277815975567 -0.440210837097012 0.156605709562165 -0.303199289553193
-0.344642767521673 -0.328892228588452 -0.0311845648213059 -0.14298525639403
-0.422498130938478 -0.14653820289741 0.0310798917606417 -0.0223523212933287
-0.399005174428423 0.0174200801523299 0.150196125781703 -0.0174081110936656
-0.371939366838057 0.0542548332940474 0.198128613349114 -0.0368755639569258
-0.333220996562454 0.0605674257258124 0.237869474349586 -0.00849630490317415
-0.359790681676599 0.00255741636654577 0.26407177749733 0.0442099876010458
-0.345759782399918 -0.127145619475684 0.23583260737772 0.141529259626189
-0.27948897115552 -0.22157774692244 0.0549048923302857 0.228222564272426
-0.126027598366274 -0.350033905516661 -0.141750397106047 0.153469780204909
0.117559813119092 -0.410736589910919 -0.224917147594592 -0.0262110656330345
0.246054528623675 -0.381807016519482 -0.00268002080789444 -0.147009528814517
0.362486483718714 -0.361092605771695 -0.023363181342052 -0.00416000092718037
0.234435592547686 -0.476821800840443 0.199753569487211 0.366965775306764
0.0275001381485424 -0.411579863403246 0.471159920505496 -0.0825618753360319
-0.13902419971132 -0.38167758704409 0.123040212147364 -0.34623660150134
-0.319760893543623 -0.323755885975131 -0.120805048556104 -0.207621145170357
-0.429114639922139 -0.155564750447123 -0.108743494485913 -0.0627973406034931
-0.433376231359606 0.0173576791816734 -0.0119061642336763 -0.0203515943852589
-0.431150793703773 0.0583631437080837 0.0413302679054689 -0.00807940499438436
-0.410344274773586 0.0659529168648706 0.0994227774751116 0.0258061253817883
-0.455498253687068 -0.00505428072719905 0.15772027906534 0.0660114777857578
-0.434838241424309 -0.172398541742102 0.162277873976277 0.14406347749927
-0.337769229677157 -0.283474706246787 0.0185813432309669 0.239967021100098
-0.17854157874391 -0.413201791190448 -0.175783655161732 0.176460016399954
0.0781372691244503 -0.517411925984399 -0.258646745476516 0.0160720165783579
0.26125638749889 -0.498596359446813 -0.0898376548278229 -0.0283867790953019
0.307286254658093 -0.349080582241309 -0.137257591649438 0.122680498722555
0.135367468725474 -0.394817807167707 0.182473437545068 0.381644317783931
-0.0189109823490325 -0.262642917227059 0.385336714802838 -0.10192620793861
-0.0809285072594611 -0.248014656959137 0.0656124897663084 -0.336081472384098
-0.239991119925027 -0.258358072857014 -0.184006934298596 -0.227352449491284
-0.36182132294046 -0.131635305426361 -0.217583901408663 -0.08602830424884
-0.397398854549149 0.0200941581882331 -0.163447348902978 -0.0196943654467874
-0.426602368399925 0.054182198009728 -0.121783582349739 0.0232265204906167
-0.427786216677826 0.0557067249950093 -0.0611610099161951 0.0612935412627302
-0.476525287238844 -0.027270202816522 0.0141766304458243 0.089731662221361
-0.433555970346449 -0.210794380364788 0.0425866192831673 0.140056437598246
-0.313142154910717 -0.308300264266226 -0.0461461822381332 0.228877725777288
-0.182862260907508 -0.406758070987201 -0.214596966781806 0.183456596294891
0.0464775626735937 -0.541910767861776 -0.282641253164255 0.0634856774045651
0.250308716933902 -0.538422951483732 -0.17629345899488 0.107156288515831
0.202154008736984 -0.297585714286917 -0.209340078580001 0.219796067936434
0.018672488616053 -0.264451676495794 0.176033300644556 0.331856460177952
-0.04754766991989 -0.100592652444549 0.27175971625543 -0.11976889886586
-0.0136588213051738 -0.118362621596244 0.0137495903308956 -0.284271601686386
-0.142247547241201 -0.175942153244462 -0.210338488339785 -0.208923195665417
-0.257339096579736 -0.0910099256852244 -0.28452588323766 -0.0890275528598408
-0.309669649602911 0.0229288194447633 -0.282902992438554 -0.00854770589444443
-0.355959389323013 0.0417615171840305 -0.267658674143564 0.0531527134199744
-0.372168283944594 0.032473209366694 -0.216015042791783 0.0852760545939803
-0.402246079396542 -0.0607307347069468 -0.137957406588227 0.0955919989330552
-0.326551666238405 -0.219731990738095 -0.0874791622382291 0.114514947203768
-0.202026255707794 -0.266675539442752 -0.115752635904886 0.191709773811519
-0.143235629002077 -0.31118527457779 -0.250706010598999 0.169232498484301
0.0200530526997182 -0.471168564646924 -0.305037520347518 0.0960604992327516
0.212762192482422 -0.48381446331884 -0.253785445635365 0.230110290848712
0.0831489593113544 -0.214166657078162 -0.231866960312838 0.285121381168785
-0.0672543892280352 -0.131600423771577 0.17309423086638 0.257377054718458
-0.0471510251575474 0.0157488046458769 0.174558411525579 -0.119436580193514
0.0399243357263601 -0.0346026732492394 -0.0131961448738301 -0.228047039606162
-0.057060395270066 -0.106005216157797 -0.21567090304642 -0.182726816609552
-0.144449771960416 -0.0524592864569073 -0.320878510858064 -0.0794647446232583
-0.1918334321675 0.0171238260304638 -0.362804372235473 0.00921325374868774
-0.228652360647566 0.024391860134956 -0.370282406436977 0.0767868513398925
-0.24498711732937 0.00523174170207106 -0.336495390063493 0.0914246994497343
-0.243856455383859 -0.0757976212009833 -0.259584414591114 0.0757874462025022
-0.149685348807679 -0.167079775329231 -0.184801168214923 0.0687570320353749
-0.0612656955138641 -0.142245594950577 -0.163250671710446 0.145417515614613
-0.103726775067438 -0.14548559873786 -0.283725471781872 0.142811673847945
-0.0187981145417245 -0.316526097551565 -0.332835174468294 0.0924268812772149
0.135115752847656 -0.342282296306034 -0.31228257131657 0.309798041236629
0.00655120901044484 0.123123532938306 0.281439846422638 -0.359917151802343
0.115095788570677 0.0578739040175434 0.283075070742456 -0.0878957973173769
0.0728557674378172 -0.0531148552034062 0.323442985800803 -0.143752123362461
-0.0537887115137768 -0.0408161711041104 0.132176030592081 -0.136147343440232
-0.0270422363993334 0.0404463271130608 0.161540494239226 -0.00273106703333537
0.027487852052868 0.0316377191477241 0.294866071613128 -0.0020142428246402
0.0529796854758427 0.00588147516850734 0.395491141734098 -0.0676500972857694
0.0641828513121525 0.00115128902714739 0.408184761528491 -0.0873181229845982
0.062872312202267 0.0143308450957885 0.399340011274136 -0.0364574910603535
0.0371501650647387 0.037337123534604 0.324792645870557 0.0455894122269497
-0.0202110873315716 0.0474735544470833 0.228470869263473 0.138147210155732
-0.0823205321626765 -0.0102096965296742 0.0527729330774641 0.181397715118097
0.0183206712950586 -0.0928402658317782 -0.0915560804156933 0.12116536907418
0.1075633105703 -0.0016650846976597 -0.138135381042285 -0.0850552971958631
0.041801640027963 0.0984680449744753 0.194156595214036 -0.294882044534785
0.131167582526005 -0.0583357256301008 0.277559005206698 -0.345619882626055
0.179219501488255 -0.155712835034644 0.284005556186278 0.00389763993541506
0.0765817973140988 -0.238118947486015 0.394286898625065 -0.121879032502714
-0.118590146046991 -0.2258830468282 0.141905572226662 -0.163077740299509
-0.182015857625053 -0.105909172754266 0.129908444198053 -0.00649395365927616
-0.168078153202308 -0.0267654346936386 0.263505482313629 0.0216591757629417
-0.13086854743668 0.0180251450878368 0.378183252694721 -0.0409471306230518
-0.103932561085971 0.0228062850454202 0.393706793150631 -0.0793185258430243
-0.0776803609227089 0.0257867083325737 0.390756808986387 -0.0431726974755278
-0.0869985857742783 0.0135000552714248 0.333823052548527 0.03428054917262
-0.106437350403597 -0.0164053516072468 0.245913185886317 0.135554168880551
-0.118850042076234 -0.0694935330993764 0.0578974565741849 0.184879528525871
-0.00782138352584412 -0.161585732692959 -0.092629917846418 0.117067162372514
0.138809244224675 -0.124866281928508 -0.150863942216692 -0.061025832175372
0.135789835743503 -0.0524268836901556 0.145566292596546 -0.276376666833121
0.256444246627337 -0.210747971043193 0.215660298176866 -0.26422288052824
0.245331104614866 -0.344668164993233 0.264519165425151 0.133123808607993
0.0839472222837412 -0.390144744550737 0.461106454033355 -0.0994560394973035
-0.151142776960631 -0.378037187041316 0.153072183268081 -0.226801900701037
-0.293548730244147 -0.245170071338828 0.0601085010988217 -0.0608201268575571
-0.329182390912171 -0.0956411210908321 0.167926244965971 0.0117779189329416
-0.291296616396777 0.0185476598936544 0.290210868497712 -0.0250690373558806
-0.25552582851462 0.0409812822725413 0.318887179352053 -0.0624841834224151
-0.213908638674244 0.044053071910553 0.336537574797735 -0.0352522341795173
-0.223759094740281 0.00357422130009934 0.31847726381401 0.0293047071018365
-0.219917419236683 -0.0748466188733859 0.258616499220866 0.134285002716414
-0.186373337012168 -0.14150838071638 0.0660042035302776 0.204005109324705
-0.0580276187099137 -0.249115155698032 -0.10947183500514 0.131206761894337
0.140484926317149 -0.265529945214803 -0.182725923545845 -0.0461002276018533
0.202091427569026 -0.216811538196934 0.077001923597913 -0.230695961197465
0.3429199391383 -0.313738881230155 0.105188504824697 -0.138150108944119
0.272105207944606 -0.460612565508135 0.231945323225114 0.266795106183203
0.0708239005649589 -0.459538696545525 0.491010048760763 -0.0852194327898527
-0.160465107774085 -0.437837618713434 0.149429148320272 -0.297741592347496
-0.341576347366454 -0.325552146930037 -0.0305318540185032 -0.141886199691411
-0.421817370265102 -0.14361668105107 0.030644082772849 -0.0239915248151972
-0.396830782141458 0.0177562010733327 0.148894323956727 -0.0214388502347813
-0.369638554620077 0.0546607673700461 0.194540001116663 -0.0394089821664881
-0.329701641412887 0.0612853525768292 0.238124647764879 -0.0123837075185528
-0.357088593404542 0.00441519753244294 0.263517263590877 0.0380256510297571
-0.347047925193169 -0.124109459454138 0.237940132396383 0.134961469822557
-0.276485104761068 -0.218895268910489 0.0607180061830021 0.225020726457287
-0.125046766995676 -0.345278053902256 -0.135530168476896 0.157390528484173
0.11690637975068 -0.407421286871874 -0.223071678957708 -0.0209009598636105
0.243642883585954 -0.375241806522272 -0.00521663372629599 -0.148558667740065
0.359094759666068 -0.355056169811941 -0.0250530887279221 0.00112574373797187
0.232032612784206 -0.470716933961317 0.202865787877757 0.357829292253804
0.032069554528368 -0.404700725246465 0.464552698787683 -0.092109584013304
-0.136080567051072 -0.380369486629867 0.115602236513013 -0.341992109946373
-0.320766916962687 -0.321006589524495 -0.121475806449338 -0.206822075435992
-0.428245319504532 -0.151559449970954 -0.109235530460159 -0.0629003709488716
-0.42911600405171 0.0193252939093749 -0.0117358296612573 -0.0237805567731932
-0.426531416715737 0.059992474677679 0.0386515060955943 -0.0107980329114343
-0.407247251167362 0.0686190120103889 0.0999233674853734 0.022824334421088
-0.453602308989515 -0.00230417090024044 0.158963425848401 0.060833903041335
-0.435758027071056 -0.168224782591172 0.164960391147369 0.139375880413058
-0.336288632456354 -0.280426715343752 0.0242452919382389 0.237023940837759
-0.175495187158027 -0.409348930417587 -0.170849942141819 0.180397043903677
0.0789222215651494 -0.513064071993253 -0.259191670075346 0.0211312132411413
0.256538176016686 -0.490700265630164 -0.0914442781067798 -0.0325068301266222
0.301973818023528 -0.343192618514505 -0.139154596637464 0.125957115589282
0.132210002871531 -0.386263995896545 0.186432640238848 0.372334442574332
-0.0127167502090676 -0.255838238011711 0.378665756546271 -0.111592042012337
-0.0779578279742126 -0.249884148237646 0.0590403142782071 -0.332497026285797
-0.240524239830677 -0.255037013690793 -0.183730799953536 -0.224812955208614
-0.362464589950205 -0.128072917096238 -0.218370299112797 -0.0851611739109014
-0.393407828460537 0.0230844086681931 -0.162778290076601 -0.0223889340498878
-0.42166593680709 0.057018098501823 -0.123522405666138 0.0206906072477638
-0.425022828618024 0.0591076921760375 -0.0593345593854492 0.0587003374430339
-0.475901660386388 -0.0235655917307789 0.0153847376176242 0.085398399395115
-0.43523157495179 -0.206370286905461 0.0450894144016763 0.136599109736259
-0.31274070941231 -0.307334261918541 -0.0415125994989876 0.226000380034848
-0.177065025793389 -0.403414070337151 -0.211084953706984 0.186829963041171
0.0465284612731715 -0.537572455291442 -0.285348867520128 0.0676222193198175
0.245284355456152 -0.529103046209911 -0.176191103648792 0.0999284836274037
0.196147524468696 -0.290959243665628 -0.207420580387278 0.219255447331625
0.0175758772294107 -0.255944012616497 0.177594658465486 0.320913595752834
-0.0415461331309641 -0.0947346050662533 0.263572245029372 -0.127271068333895
-0.0130007748882366 -0.121242806543788 0.00695177219401746 -0.281015518456465
-0.14476499518991 -0.173610406141041 -0.211605091274222 -0.205392911172005
-0.257490806378636 -0.0857065094526486 -0.284390696948093 -0.0861445691796345
-0.306363197720536 0.0247742046201354 -0.280310468707399 -0.011409536725684
-0.35236416596499 0.0455230889087597 -0.267100710309811 0.0519045560639452
-0.367940133120307 0.0368687404825122 -0.213765577083775 0.0844584519457983
-0.4020242450278 -0.0558578555710196 -0.136274318141304 0.0926704969212783
-0.328401826518577 -0.216371232081282 -0.0853585248137004 0.111921872006379
-0.201708566317073 -0.268174234941463 -0.111900603487657 0.188467178198545
-0.135690884398252 -0.309708091392697 -0.248933140814099 0.172278905568983
0.0193449436225983 -0.465179040024541 -0.308670824203054 0.0994341738849431
0.20816524029455 -0.475154974823348 -0.253127574135962 0.221365547673172
0.0772981538981784 -0.20868732490951 -0.228381348553922 0.28133841579741
-0.0668460713893131 -0.124624995238782 0.173348194818248 0.246998033179911
-0.0420359180556891 0.0186242751398938 0.167979761249302 -0.124928570117974
0.0380908618254876 -0.0385595148223953 -0.0185656696263768 -0.22583610904723
-0.0606382930240113 -0.10390191228053 -0.217071106549419 -0.178655684409617
-0.144982574980427 -0.0488298443652663 -0.319094163771319 -0.0759472271890216
-0.188522192057237 0.0202025853416667 -0.358933229521266 0.00881307914519165
-0.225265772376403 0.0286110744593721 -0.36927003744791 0.0757333843131322
-0.242091714045861 0.0105618106969661 -0.333021126946689 0.0909625318768437
-0.243026185888507 -0.069881582665604 -0.257249069674188 0.0745898121519705
-0.153456455909821 -0.16631639817183 -0.181662358688539 0.0683922007615334
-0.0614682655347981 -0.146155749685138 -0.159860640152997 0.141253804283137
-0.0963802582117319 -0.142929699436793 -0.282341196401773 0.14492514135601
-0.0193666917890025 -0.311634127652966 -0.335815755561714 0.0966741097640776
0.128628954447251 -0.334877747943815 -0.310354533873373 0.300667354475221
0.0109269897074242 0.122071774862737 0.287239422915999 -0.355088062883149
0.11530670723398 0.0530487593989908 0.293085052718343 -0.0931303077772316
0.0706296093758497 -0.054990073302633 0.325533230383052 -0.151115156946704
-0.0535989992888695 -0.0367676358048658 0.13221397632826 -0.132102223059168
-0.0231557099435337 0.0412645619530621 0.166162612609022 -0.000316666835775101
0.0297347062871298 0.029966553516339 0.298787785325362 -0.00229703138022656
0.0531418608169443 0.00361738181973538 0.395183731796108 -0.0688451481915556
0.0640202217373245 -0.00308692642940723 0.413022042089993 -0.0857546393547183
0.0639128473087345 0.00951602968996602 0.40271254762086 -0.0374223004597093
0.0396574945964841 0.0343945283088013 0.329066483018019 0.0433066903328991
-0.0178467053668483 0.0476343936028762 0.232792728480706 0.136565017136501
-0.0813519245812761 -0.00615652310626415 0.0574053780872707 0.181320205498722
0.0154958198992603 -0.0930371506442609 -0.0867120374681491 0.125346655947609
0.107407819678489 -0.00585926574607567 -0.135865444537488 -0.0798356735766639
0.0454225888485482 0.0977557960834604 0.191769616416419 -0.296927247089848
0.136621436346325 -0.0579447852701752 0.281943751707574 -0.341833015416354
0.1812990451322 -0.162360775067625 0.293536197602431 -0.000208457124565055
0.0774190092745048 -0.242063210194121 0.396272575092217 -0.130998277207165
-0.119104117992875 -0.226490285421748 0.140956668788889 -0.159957625062047
-0.181749834734229 -0.106957582994165 0.133879702916101 -0.00397895765383658
-0.168870787155306 -0.0276962378473908 0.267239164956113 0.0205144076579316
-0.132774694551144 0.0159606557402406 0.38181614323713 -0.0446580090268715
-0.105891933974634 0.0195619438802938 0.398719613849363 -0.0815557401751558
-0.0781939783786876 0.0226095298706488 0.396113046572231 -0.0459048024859449
-0.0873719030155313 0.0112061615646461 0.338274032725883 0.0319532103119203
-0.106291026260444 -0.0162133648965377 0.250992051632594 0.132884552557066
-0.117388996927286 -0.0666616068782239 0.0630474485249491 0.185047584141452
-0.00989214441229848 -0.161400640847711 -0.0883252287926599 0.122591214806736
0.137902090026584 -0.128132623141158 -0.148662196830998 -0.0568627613856637
0.138950677251444 -0.0515084600924485 0.144152410096242 -0.280501947458073
0.261543547705314 -0.21113643406861 0.218388213015424 -0.258384502172294
0.248095253334552 -0.350379251468787 0.273145033216054 0.13043148624443
0.088076910663787 -0.394540462117268 0.463456193935881 -0.110325908722375
-0.152633704149171 -0.382944769102834 0.151315168704233 -0.223594657622191
-0.294656037254947 -0.248664025688402 0.0629350845007049 -0.059944117553704
-0.332770898147693 -0.0976775689964553 0.169234101133939 0.0106861734386284
-0.294524636658261 0.0180080998367683 0.293115785499809 -0.0290180425799072
-0.259784789360184 0.0398097342062748 0.322029452772198 -0.0647902855438056
-0.216094816568865 0.0418385603926936 0.341609185329339 -0.0397080906215337
-0.225545864929204 0.00272280122758717 0.323497668165551 0.0257574280353379
-0.222326807689126 -0.0746314309644066 0.264678086069296 0.131030739756461
-0.185962969303671 -0.140391718507586 0.0716520909169073 0.204819388466865
-0.058280354703993 -0.24956808139767 -0.105783291582571 0.136968608693481
0.141683744531493 -0.269472361611457 -0.18257664895595 -0.0419767419985319
0.205038872364863 -0.216108819864823 0.0754728721281794 -0.234092448291004
0.348284042125424 -0.311867406642994 0.106018674347622 -0.132665831543669
0.276121843487638 -0.465746216797108 0.239440069405861 0.265839306284396
0.0770890429312472 -0.462101815733145 0.493977574893477 -0.0973362549546899
-0.159340362109214 -0.445082669077165 0.147124639109756 -0.296619450849439
-0.346443799859776 -0.329798535737927 -0.0296411555679757 -0.142769314515407
-0.427570094352271 -0.145121851436969 0.0307946340628396 -0.025739154350109
-0.400299629956185 0.0175238509555036 0.150623274078453 -0.0260220572531668
-0.374319411531035 0.054902380250562 0.19486353938345 -0.0419076159864253
-0.333906868051557 0.0607238084472819 0.241962436953349 -0.0158115765765905
-0.3617099042676 0.00346221468128972 0.267942505499596 0.0349723563771135
-0.351184680364639 -0.1241723243442 0.244494413447378 0.13231433852968
-0.277851764124673 -0.219270262306622 0.066804525786268 0.226686534520606
-0.123759732879691 -0.346887874499181 -0.132715425934606 0.162884318982054
0.117733531684615 -0.412594937273848 -0.225111036448625 -0.016053458433575
0.245272412601281 -0.372931193381197 -0.00680075759854487 -0.153785384551229
0.362633979860356 -0.353625487948815 -0.0272436392922768 0.00687922494665597
0.234863334928995 -0.473438611944689 0.209242220702217 0.357504034383798
0.0405218930369185 -0.404842213607551 0.464028030507746 -0.104356414084205
-0.133185851010701 -0.38695808283719 0.111237615668233 -0.341724173585962
-0.325545621861525 -0.323962233083767 -0.12241854463788 -0.208225534061742
-0.434677053110233 -0.153535578869426 -0.111461555072257 -0.064214361161797
-0.434350991075526 0.0196023354261167 -0.0126881298342167 -0.0282696357441043
-0.432630691916962 0.0620428953320201 0.0369494966156201 -0.0133687136145494
-0.41277924160836 0.0701263716173099 0.102408487285977 0.0199322326975953
-0.460961372848941 -4.04619363460436E-05 0.161066662901509 0.0578019986104662
-0.444628294623796 -0.169258162653517 0.170581774423977 0.136414467999297
-0.340052552678268 -0.286166081150433 0.0296042443829627 0.23728543169805
-0.172985356714669 -0.413920661906683 -0.169706614363154 0.187646451345634
0.0815576808027871 -0.518438262436782 -0.264381170930329 0.026124900753833
0.259701925273635 -0.488816331279126 -0.0944948800741951 -0.0384446745515684
0.303409671469685 -0.340981542710055 -0.141970624819184 0.130602267395887
0.133974070746013 -0.385657974405144 0.19046455146487 0.370818708475976
-0.00537422242027167 -0.253860062452211 0.374343235191417 -0.122248720010106
-0.0756661442877088 -0.255536970025814 0.0535547889955935 -0.333092166131021
-0.24567478680775 -0.257521722822525 -0.18711111219156 -0.226946398168601
-0.366437924958924 -0.1276862885366 -0.222137495054623 -0.0862324705658986
-0.398080351623399 0.0247051538414803 -0.164883603158752 -0.0269057813649376
-0.425845662923488 0.0604196202984181 -0.127447421165379 0.0180868424283212
-0.428215085759289 0.0629010280967402 -0.0585851112850843 0.0572428009662748
-0.480783633634359 -0.0215351008340895 0.0159325536815261 0.0836011762050037
-0.444356056939897 -0.208983655412564 0.048701499414735 0.136063933674355
-0.317308164467827 -0.314038114479649 -0.0386393938637102 0.226951068481575
-0.172354729791118 -0.408186646672644 -0.212042826487902 0.194382776844666
0.0494799252978072 -0.541920893062111 -0.293027288381691 0.0721887667111923
0.24775125457515 -0.526842745238785 -0.180470046328645 0.0942777660449026
0.194937135450833 -0.287885531012429 -0.210902166191111 0.222874982600041
0.0185914442703798 -0.252376959973304 0.180963283454731 0.315536716714798
-0.0343752805254456 -0.0916206804744283 0.258664260930767 -0.136114989552585
-0.011647038597385 -0.125699696041072 0.00144768779428945 -0.281298488537054
-0.150342482101428 -0.17441176691891 -0.215288917932699 -0.20607932375801
-0.261823391235175 -0.0839965832762536 -0.289175441184392 -0.0863278369639957
-0.308847294228308 0.0271606404185198 -0.284479931886855 -0.0143171337821644
-0.354017421141443 0.0506679407186423 -0.272027867271966 0.0505772552991532
-0.371117693175921 0.0412271415415023 -0.215037745182156 0.0833585511617867
-0.407197164104917 -0.0528566226137175 -0.136878656732894 0.0917908853953182
-0.337404478696981 -0.220366295253643 -0.0840370922189697 0.111622763293353
-0.204688454577566 -0.276139361325359 -0.111077840787188 0.188118890424777
-0.129616875135545 -0.314383952661573 -0.25223996420699 0.179452944411987
0.0223450618857136 -0.469853437889951 -0.318151425608453 0.104431375434118
0.207126873371427 -0.474011054784088 -0.258457150022992 0.215773399774086
0.0741865287610437 -0.205511610049211 -0.231285913231557 0.282742335900612
-0.0669816796808498 -0.120086356990329 0.176556082490848 0.240681333916348
-0.0364387575887755 0.0207757993368683 0.162955382484952 -0.131492889823508
0.0381297788456169 -0.0419608163756096 -0.0239269676259623 -0.227103402482358
-0.0657313159319046 -0.103400005414323 -0.220867473491424 -0.177779333090786
-0.148008491246451 -0.0464156713925762 -0.324647103756597 -0.0751068387969608
-0.189253266894 0.0224163908226577 -0.362690023835311 0.00702110552010587
-0.225787812173111 0.0325284061522305 -0.374730484199526 0.0759616926335594
-0.243381120878691 0.0140298405980757 -0.336792960854943 0.0916993201849934
-0.247735146348281 -0.0669171190319864 -0.259544324502721 0.0747095198534498
-0.159953143829287 -0.168331850389731 -0.182742097063485 0.068138076282514
-0.0621464604033349 -0.152633260393638 -0.159532467475798 0.139741366567369
-0.0894876522969737 -0.144383101736106 -0.287520549271643 0.149554689787342
-0.0193975033204797 -0.311433798139585 -0.345281702919412 0.101807726472161
0.126364351639469 -0.33571702941318 -0.316790380787085 0.296339621307707
0.0820137023743081 0.0888972772619971 0.029486468379608 -0.464297976512932
0.118765037138607 -0.0299524061649652 0.18570946746717 -0.266748851573642
0.0227045937384136 -0.0889188047251271 0.168993224150637 -0.329347698114588
-0.0612552076610966 0.00303940509144236 0.0261243134584794 -0.185104672649987
0.008947137835101 0.0441154985069387 0.138602287269279 -0.10074891825295
0.041792285239055 0.00247181302837295 0.242264455418042 -0.187456685721315
0.0412132324851951 -0.0328810734982989 0.279264492188323 -0.304358175854327
0.0470844893855083 -0.0459674883560166 0.283567376349119 -0.325458285381429
0.0574317363684525 -0.0382572924786885 0.306494734557331 -0.285018603234152
0.0540920803016263 -0.00258781096743338 0.29627794317533 -0.171729697690745
0.019703457490451 0.0480636747797842 0.272982533749216 -0.0397632640802493
-0.0655129316093533 0.0476331289202126 0.164102151876085 0.107666878965753
-0.0487064675267401 -0.083282105981018 0.0166876867956097 0.155959361639871
0.0791612687469617 -0.0759085974942228 -0.156025924067161 0.02801254159108
0.105883572038727 0.044762024071429 -0.0430032298589867 -0.366105934504688
0.0840940352675443 -0.132008032632719 0.0185753436367805 -0.454417324163572
0.0503715284945036 -0.24078288592851 0.23958985235817 -0.198474920805855
-0.0798200223416259 -0.247463342717202 0.231239950824594 -0.362880837245829
-0.225125333496708 -0.114128455014485 0.00697798847762534 -0.214176012329339
-0.207615313302122 0.0178148160510681 0.105845907894516 -0.0835546437313158
-0.154518955450186 0.0768752545659527 0.223977950553392 -0.14942185736349
-0.100939368420918 0.0904236192093207 0.280819993607595 -0.276203163723665
-0.0770350366093302 0.0790083584491759 0.273759216155483 -0.314021012625357
-0.0513102262162688 0.0619378168412257 0.2930275020853 -0.288608684915358
-0.0652574513872689 0.0597924924933539 0.296704682957198 -0.188344356420554
-0.0950167180864921 0.0516939946790559 0.286617108607788 -0.0533308191673039
-0.133327272007711 0.0186296502895966 0.171618273498336 0.107714396133739
-0.111570923210671 -0.125268912853494 0.0141834587129491 0.155645281925365
0.0276709045326796 -0.195952194823128 -0.146755071319423 0.0550925354830333
0.0867891190484467 -0.137990081543737 -0.0669816072009401 -0.314433198483841
0.10130111990342 -0.329265543956662 0.00493364230714996 -0.355556798450463
-0.00369782507107425 -0.429594215942514 0.300331635943139 -0.086989447936372
-0.157695712796045 -0.379945180710325 0.289474645356572 -0.390965445415644
-0.342901924649585 -0.222646842815994 -0.0323744215028513 -0.275175986129124
-0.385027886131413 -0.0284986329687774 0.00956810263117678 -0.0844802288974582
-0.329000666098137 0.120102390855589 0.133423248900379 -0.0961287196980966
-0.228653559925954 0.191407956241129 0.21533523674155 -0.206766763453244
-0.189602886015078 0.192214831743524 0.220423545262204 -0.254505438232591
-0.152922795227436 0.165489569240914 0.252909382112796 -0.25239069789679
-0.184563407803296 0.141286069658099 0.280790888956452 -0.185954711397585
-0.229068027670445 0.0781597734992786 0.297787945353354 -0.0629399086163897
-0.237772641295687 -0.00162989987469713 0.192120563682944 0.118399268351339
-0.208173948504962 -0.169927546563602 0.0112101454458452 0.179457830980346
-0.0600776818137293 -0.314297922856811 -0.161207825135142 0.0894230048827884
0.03523616025472 -0.316000286728733 -0.0877198807730537 -0.227586627811787
0.11521962620227 -0.460931558662747 -0.0175608234885162 -0.187625061539545
-0.044530807861895 -0.535595020711976 0.353095006151376 0.0397165134459777
-0.2022293674023 -0.428649913339455 0.317797627870403 -0.399842741780412
-0.385561607833939 -0.2705301257278 -0.0857290253868182 -0.333676997998481
-0.47653674398036 -0.0614005182322879 -0.120273666928828 -0.0938377674437058
-0.434140265096055 0.141047937843717 -0.00519164696587217 -0.0393722117443449
-0.314068126958984 0.257155376435406 0.0996785527252314 -0.113190562743594
-0.272350918258711 0.277136221617127 0.130329306587697 -0.157543508733103
-0.23716672656446 0.257005530797906 0.185942375648121 -0.172918825634128
-0.294590808571537 0.231395070661431 0.241479442937659 -0.144541400262837
-0.368561173200577 0.121287448622241 0.283845061982678 -0.0479243483163086
-0.366514638345934 -0.0115830246356633 0.202686224945339 0.140459559842017
-0.326589273682977 -0.213060484758204 0.00594858441005985 0.219771795963589
-0.169750291935339 -0.417399331936191 -0.176832944234654 0.137577889413851
-0.0332121318314725 -0.472516144048097 -0.0985882674938035 -0.103228028358716
0.102069505478118 -0.500581194887638 -0.0430325484582099 0.00739383420168552
-0.0802347004590587 -0.515202549974749 0.381816076009803 0.133672864712401
-0.196504304077536 -0.359417237669429 0.290463686137997 -0.383023522161416
-0.331905725940118 -0.241256796759104 -0.140977749133725 -0.348769192339441
-0.456883934511095 -0.0683960935612449 -0.236099656961938 -0.0898285460556286
-0.445688850323256 0.140813594246608 -0.145050222848559 0.0177943912502907
-0.338066274950899 0.280678367763632 -0.037130124891777 -0.0115631293399084
-0.314084165147533 0.32059055379077 0.019485453653973 -0.0365476255987577
-0.295313577830602 0.315939045315879 0.0944879488783191 -0.0566956390577344
-0.378870175214862 0.290750949512992 0.168424038396059 -0.0592806546607231
-0.475997682719126 0.143244632797242 0.226981047026808 0.0042445498287637
-0.461647909256853 -0.0279104216246583 0.180533699654112 0.17455131608736
-0.410447415557639 -0.239829564746473 -0.00855598877017381 0.264258896270508
-0.266828452600769 -0.482591222130671 -0.179773599599651 0.197763207215738
-0.09661872479526 -0.57409107944492 -0.0935367491132078 0.0496476087468239
0.0590449900734999 -0.452823955878718 -0.0590343927475548 0.180573797027448
-0.109636071503265 -0.38301056275633 0.373174039364483 0.160193091146686
-0.143594776697983 -0.208800856780544 0.21121320249133 -0.336708394342897
-0.209923054549886 -0.166450457191673 -0.177162872757862 -0.304096834392136
-0.354672073198469 -0.0588904594120417 -0.298153499467465 -0.0645169013172577
-0.37426394406291 0.123643924294092 -0.24611346336117 0.0695976282152247
-0.304144986917328 0.263041076149733 -0.159854752060808 0.0858352758219633
-0.309059529241667 0.317221108524747 -0.0938434918306204 0.092234315445035
-0.31376458018306 0.320918522080571 -0.0133550836310689 0.0746261189094596
-0.408741155452434 0.289566694445651 0.0655082756646587 0.0529727226432537
-0.503590252834347 0.112516797576633 0.126877034935375 0.0814977370106241
-0.463274608144675 -0.0676227739944882 0.116755140409197 0.20980928057382
-0.407858105358479 -0.236394665784419 -0.0393948705574954 0.297932074758707
-0.309172992038085 -0.482045426503388 -0.174100067573503 0.254569191773468
-0.136112493425844 -0.596384931397748 -0.0775472813163599 0.215263117052013
-0.00378795520644474 -0.344316101517241 -0.0541463691713397 0.302967005281049
-0.125527065870777 -0.208205408737503 0.330706004797173 0.128704828509118
-0.0733765091890716 -0.0579399882100941 0.115666736343302 -0.271170087632026
-0.0846197383745918 -0.097964346145525 -0.180918923735268 -0.228947241389904
-0.226252469634491 -0.0466815761263821 -0.304892233559349 -0.0298629744374832
-0.261921369525967 0.0939260436013332 -0.295849474534574 0.112011115128011
-0.228190828302128 0.212513822642562 -0.248511068373761 0.170602500864951
-0.255965695992159 0.264460808910356 -0.192149828736706 0.208154525105666
-0.279970766963708 0.269592193795005 -0.123247758662338 0.196430697326693
-0.366823545983626 0.217450675961979 -0.0549757094941034 0.157138290181827
-0.422834316154273 0.0379241515782808 0.00324894112440796 0.146203040691951
-0.346632570311357 -0.105668017560748 0.0308110100837137 0.223458755976794
-0.308514887061479 -0.183693835124792 -0.0841833049813172 0.310592607301798
-0.284787838062629 -0.399837597187009 -0.176777981022437 0.297022342717955
-0.137303098170578 -0.523750062250174 -0.0644061247084673 0.361182340859342
-0.0568798382444828 -0.206056581701018 -0.0267118341725638 0.369852557931137
-0.116861276871416 -0.0535091094362576 0.281429681892792 0.0768200358731834
-0.0111784203305253 0.0349834717102642 0.0454425549544146 -0.204443800879258
0.00245690118341084 -0.0587206578025868 -0.163823744899778 -0.168937199526695
-0.11600131653632 -0.0392637367713073 -0.289270839857105 -0.0025320800350293
-0.145856321238384 0.0561525969777719 -0.311636355378719 0.143566365567054
-0.134629436250657 0.136113755139352 -0.296043831821812 0.236927762588334
-0.161612505272174 0.170669042746976 -0.26020960706406 0.293233691871197
-0.18932295878593 0.167950241217503 -0.216222136601779 0.280567076694401
-0.243981588036553 0.105907737138048 -0.165262271322067 0.22157267372317
-0.243334724709074 -0.0352218594521216 -0.106068939135847 0.171846411577857
-0.151402003922521 -0.0909383931630372 -0.0426944409693776 0.214159577512856
-0.16479915761048 -0.064294255746984 -0.133321367114535 0.307506816150522
-0.217316260686508 -0.239354594920752 -0.205436919810177 0.312925215396992
-0.118516001086877 -0.353299459513742 -0.0635374374972932 0.457015291282949
0.0904944713404045 0.0838094027729225 0.0203907669817144 -0.476298850921623
0.116674401777464 -0.0393273452692375 0.181524117957407 -0.288968506994637
0.0153219466330054 -0.0910673553652733 0.156173782738033 -0.348224092364997
-0.059650938845968 0.00804581307862109 0.0232160697941873 -0.188671756494718
0.0136093263924449 0.0421191163111363 0.143765082753134 -0.10912475154822
0.0433938385901618 -0.00236599430285393 0.242793889558269 -0.203186140438616
0.0395740479141054 -0.0371949096808455 0.27333546208852 -0.322703722612455
0.0428772744497473 -0.0514615419801088 0.280167688558028 -0.345269663477766
0.0538413874967921 -0.0455713665831567 0.305200730151154 -0.307417508760979
0.0539957964011545 -0.00829457243852752 0.29831204634858 -0.190724535448861
0.0234853685167618 0.0460639372942153 0.279275734022188 -0.0554172342954934
-0.0611944031939701 0.0532786201992522 0.174893259489315 0.100855637156205
-0.0566007900937354 -0.0805428200769607 0.0294601303804126 0.157904689881508
0.0741392145735029 -0.0837756557399342 -0.153668290600523 0.0364900862534873
0.112694981696517 0.0378590316170872 -0.0603359711757355 -0.370027009650096
0.0859361615017918 -0.14209997471424 0.0101550780219038 -0.465998782307196
0.0395895646577213 -0.253271171706527 0.241003451395357 -0.221033575502642
-0.0941904576303797 -0.253477620574193 0.21577671738093 -0.38641995191876
-0.235609988703148 -0.10797672387649 0.00230316437196131 -0.216585595105456
-0.211737798425778 0.0248466843217018 0.110667166622245 -0.0907006409965627
-0.156209056523877 0.083466630775856 0.226269222888126 -0.164193972040428
-0.10198341813597 0.0957099025477316 0.276057491315206 -0.296071856753152
-0.0798831667794445 0.0827878844092149 0.270418403797919 -0.333035665569543
-0.053947867296179 0.0629033207601694 0.291261754295604 -0.312349709599407
-0.0655814370305778 0.0613889077991197 0.296454638429468 -0.208912282576288
-0.0937348883772433 0.0554216727504204 0.292783517505204 -0.0711356399264878
-0.132084041466347 0.0257774757322344 0.183245869626907 0.100040708942811
-0.11973318735644 -0.121264204116666 0.0271906088770235 0.157529114586006
0.0174860842298008 -0.203466349467567 -0.143599843346477 0.0636910616402334
0.0871639988551896 -0.146522737829064 -0.0833226580615824 -0.317401921631816
0.0968562386358002 -0.342967280384638 -0.00129120346219865 -0.360800033418286
-0.0200815413999728 -0.445276149422686 0.308300625479655 -0.107223957582169
-0.174891802620629 -0.388563526266468 0.274507766767162 -0.41947500665315
-0.361248444481218 -0.218273914769195 -0.0414811664634242 -0.276297700433295
-0.397192576994636 -0.0160283549397188 0.0107578408975721 -0.0885502097472
-0.335652679960025 0.137809303659417 0.133485727713809 -0.10599809676182
-0.231005783471716 0.205679604886864 0.210336568918084 -0.223039631507536
-0.189996389233455 0.204668477384201 0.216476128920378 -0.270831802192561
-0.153733782255827 0.174451239598502 0.249178294450861 -0.274011796439208
-0.186001431068071 0.151329448236877 0.281188405258129 -0.205630130482224
-0.231876604508234 0.0898800712344205 0.3040682410391 -0.0815968202779477
-0.241939687169228 0.00725794545946793 0.204772823011887 0.109993774066625
-0.21896961288759 -0.165434470890515 0.0237903516720141 0.183145163079058
-0.0747760875266378 -0.32156649142701 -0.157322904526241 0.0999855818780732
0.0289918252604421 -0.32477916483662 -0.102792625202383 -0.228411848121297
0.105381674954268 -0.475915674521007 -0.0199676624272125 -0.186106923208355
-0.0649752409596882 -0.550627601863313 0.367923883270176 0.0215872760501986
-0.219518437695447 -0.437777072755197 0.300477561596842 -0.429522042160062
-0.407288281569671 -0.267239792281471 -0.100086103563038 -0.334791113778352
-0.495001601664848 -0.0457116514679185 -0.125116236451803 -0.093904973992103
-0.443386439843044 0.163034100155907 -0.00743521040430929 -0.0414691152112132
-0.314733308495621 0.276946613296217 0.0946516657337575 -0.123882563040371
-0.271803784535798 0.296329100675896 0.126500388840696 -0.168021401178616
-0.235638794247237 0.272600520923815 0.183334830499801 -0.189033188982269
-0.29721961719883 0.248861367190987 0.241745882376516 -0.162299169498956
-0.376285529489058 0.140103157242714 0.290627486041207 -0.06692783530799
-0.377245216518564 0.0014742666318597 0.2172069041108 0.132108076098737
-0.340311663783581 -0.206754946780749 0.0204566092254989 0.225470109383571
-0.191256308411672 -0.424701278352323 -0.173334611287625 0.152413081782883
-0.0474217673550029 -0.479495531053934 -0.110241847996654 -0.103395495847206
0.0904081704161252 -0.51635585218584 -0.0407876875119921 0.0140762682516914
-0.100217244757119 -0.52414475869877 0.399396588101949 0.118122714298834
-0.207875453271507 -0.365686327087537 0.273716475456018 -0.410014639969769
-0.351783511825869 -0.240087195271431 -0.158975383549466 -0.347616262676106
-0.474832595651848 -0.0519521383118629 -0.2453238197118 -0.0840015216954024
-0.454157567130873 0.16412260995434 -0.149783815877208 0.0240092292221399
-0.336688616473576 0.3014503685043 -0.0425414707833516 -0.0139856568339807
-0.311156822704124 0.344405206672297 0.0158739546199314 -0.0386542589051532
-0.292689167245401 0.336831364434497 0.0934626993349018 -0.0660357562082882
-0.380504050595354 0.317045329139999 0.170256482614102 -0.0714523392419896
-0.488100816385563 0.168292740267471 0.234226723263192 -0.0094849539510329
-0.479041133305101 -0.0133760232833143 0.194945510124309 0.169193702149844
-0.428819207802949 -0.234462483609053 0.00739204236390648 0.274455883922366
-0.292569981045368 -0.487307686515452 -0.175838845926659 0.215727054247628
-0.117718970752535 -0.582557061030107 -0.100816410556493 0.0539383905347648
0.0457886117019855 -0.464438937911638 -0.0525983592766776 0.192327013795944
-0.123955068110424 -0.385689260529858 0.388789873739242 0.144788742715461
-0.146759778036673 -0.212262244633268 0.193402118300231 -0.357957727328174
-0.222797364064982 -0.168554781177984 -0.195273180919437 -0.300305796050653
-0.369526357518292 -0.0435809000253767 -0.309563353676916 -0.0546427272567857
-0.381154571294746 0.145140338328352 -0.251521718338721 0.0823572438417957
-0.301219168427318 0.284465299354216 -0.16565442861497 0.0924233238906773
-0.304527583476279 0.342100606910723 -0.096544566919633 0.097896552567875
-0.309967129334755 0.344343085254196 -0.0122885066186245 0.0756000100177454
-0.408719262202511 0.315678671797662 0.0685615959366107 0.0492411082585595
-0.519181601837857 0.1383401241679 0.134156781712632 0.0751800846902005
-0.484955899047361 -0.0532628809597519 0.12975787436428 0.208355205657292
-0.424397816252205 -0.23483282224099 -0.0245306882076326 0.312333636082607
-0.335223632362436 -0.484710264581968 -0.169246039633254 0.276245772230515
-0.157821303810645 -0.602295135880308 -0.0796149768973638 0.221256123633027
-0.0154154317775151 -0.349336773291452 -0.0432163517235727 0.316448429788723
-0.132134755504893 -0.204064835633199 0.341251898549404 0.112994697213725
-0.0686891542022407 -0.0607607780930409 0.0981164510979529 -0.283089863498226
-0.0922290487204059 -0.101373256827305 -0.197112187199478 -0.222320922190029
-0.236759688921611 -0.0353961848302094 -0.314390501189529 -0.0174683698232228
-0.266033140128386 0.11102514033855 -0.301381798700437 0.128148239352204
-0.225010093809451 0.22925050580543 -0.252791578492967 0.184609309658194
-0.249926176873419 0.285492356990001 -0.192704481085896 0.221625702390159
-0.275113228147817 0.290254460752909 -0.121391484011807 0.20495529391265
-0.368573832683333 0.242327240352717 -0.0507648267452693 0.162192487328376
-0.438424677841382 0.0583974495028617 0.00881976522334301 0.14787341967829
-0.366711500954367 -0.0988807610848125 0.0399159966569784 0.227028846683572
-0.319964612678111 -0.184629917540144 -0.0719598362555451 0.328526064818675
-0.30542819460958 -0.399968807001751 -0.170562349692271 0.321110747999616
-0.159734505314255 -0.526222580344637 -0.0608256783798171 0.370209076279383
-0.0666904484480291 -0.204248198238348 -0.01381065677526 0.382209411730904
-0.117545182757056 -0.0459536700849578 0.288525995785181 0.0605416617921633
-0.00331626326591895 0.0332715936244757 0.0296155705702808 -0.211710185853958
-0.00317395454954992 -0.0625489383288712 -0.177062462434839 -0.160848086547613
-0.122990597317392 -0.0315068609943354 -0.297308600762828 0.0121721058234144
-0.147449459465514 0.0673044918158062 -0.315318621511557 0.162936026737027
-0.130692509053186 0.146522714370056 -0.298109492820678 0.25543743480455
-0.155825631808098 0.183855795490189 -0.258597226082916 0.311619825958279
-0.18515087342616 0.182648282297253 -0.213117745472531 0.295997666606519
-0.246233185948971 0.121868618139953 -0.162015189077853 0.233484765311093
-0.256878360822581 -0.0233545188944122 -0.102995963454629 0.18073575927649
-0.163893484693467 -0.091630008728661 -0.0371398064844654 0.219792758141164
-0.166901099350034 -0.0652905483452043 -0.123065113897112 0.32698854227544
-0.231514215361947 -0.235723439253355 -0.198013123775651 0.338021210868554
-0.135600786211228 -0.352003744629415 -0.0553172950898551 0.466431225158118
0.0983190625403171 0.0746924507921691 0.000647420584607239 -0.482398006859849
0.110568597363146 -0.049633801822393 0.166066491940693 -0.309440923308779
0.00565051978450561 -0.0920440356956602 0.132240749486095 -0.363462129751515
-0.0569794872187287 0.0137535746538456 0.0160784205461706 -0.189259433165344
0.0194496601200631 0.0382537112962847 0.144404152271464 -0.120017155617028
0.0435684844420486 -0.00879449486039274 0.233754588393809 -0.221472342979694
0.0364207404680076 -0.0424054574502424 0.256265787246432 -0.341474205101296
0.0363528478034545 -0.0572086597981335 0.264530178912217 -0.367150587157501
0.0470426603466692 -0.0522805589609221 0.290814218389789 -0.331976918665071
0.0517744859461417 -0.0152353775926756 0.289512736243451 -0.213117240126161
0.0291849992607336 0.042094488903915 0.278005438217992 -0.0760359011529413
-0.054212664379549 0.059197067678401 0.184596258667146 0.0883584680750592
-0.0633270227257764 -0.0746410210878104 0.045345165144918 0.153757088962744
0.0647272088803191 -0.0910059547796908 -0.147813095771872 0.0481324568543814
0.117545701862496 0.0261986399816188 -0.0861826426900435 -0.363747069752408
0.0828638187698681 -0.151389586920652 -0.00894576376071195 -0.467995763914679
0.0220965510460372 -0.262294851957219 0.232005988631502 -0.243843845504993
-0.111828244350648 -0.252160165941756 0.187545571447162 -0.406033095336559
-0.242708713548773 -0.0942406678817158 -0.00595685178007835 -0.214853528441605
-0.210976484100388 0.0347854024601372 0.112011722952095 -0.101036439008082
-0.153979200564087 0.0913037998770581 0.219636723717067 -0.181347984910996
-0.0994949587199145 0.100997690493886 0.258348072415575 -0.315519597752526
-0.0795576247461812 0.0871539396214412 0.254246420055931 -0.354343436148792
-0.0553567991381009 0.0632030622936396 0.274809609679381 -0.336618606371986
-0.0656039562356583 0.0632172945815744 0.286364302773225 -0.232737169795617
-0.0905824625422886 0.0598265681759164 0.29121476778004 -0.0939707686830556
-0.127735216646912 0.034066022942864 0.192559800775531 0.0864786183146566
-0.127908327057328 -0.112606312995547 0.04295593491548 0.155358956474435
0.00260124877180982 -0.207090597726952 -0.137000529094678 0.0735046511059459
0.0829363294351187 -0.15516194810642 -0.105001662281252 -0.311270569137069
0.0830549586890862 -0.354897229153633 -0.0157833910444582 -0.360772620637486
-0.0480684220718609 -0.452279042291713 0.309065392055791 -0.132150426792935
-0.198887250482294 -0.386449512009371 0.242881709942022 -0.444009530376761
-0.379612498527315 -0.201193000681106 -0.0544128330269548 -0.272229206255325
-0.40393250605308 0.00581032630072821 0.00936018905139409 -0.0933692280623827
-0.333794932830924 0.15802758997013 0.129203106205243 -0.116748237904493
-0.223248183333794 0.220400493452922 0.196677345951285 -0.240628560162748
-0.183624430338096 0.217757919477886 0.202561227788672 -0.28778242351419
-0.148304448108072 0.18335952776617 0.235205134313358 -0.294425368681667
-0.180653105723906 0.162825472113765 0.270036919484146 -0.229288210379916
-0.228768275484709 0.103877625672413 0.302288939940341 -0.107017376285058
-0.24055349518819 0.0209819332111546 0.214971857041626 0.0951663843807843
-0.228845621140345 -0.152871904020187 0.041251590882866 0.182025448268135
-0.0966517683530806 -0.319603037547647 -0.148998567188617 0.11169795285793
0.0154635818268925 -0.329037802506738 -0.120792011402551 -0.222848599563029
0.0837585040700974 -0.487723711958425 -0.0253323453550079 -0.182251867992824
-0.0969441772489284 -0.552796632134867 0.376927170696456 -0.00461548862812708
-0.243861388952842 -0.43356951356846 0.268391555042117 -0.455484683837602
-0.428950105559881 -0.250815108879631 -0.118933028198275 -0.32684472088246
-0.504833198125322 -0.0185109485678649 -0.12995842235504 -0.0899309980887638
-0.441831930707478 0.192662052992505 -0.0100824558496294 -0.0419428341727295
-0.302932465502761 0.298441329793592 0.0839787419421763 -0.133676008592446
-0.259540495400642 0.316333060371247 0.116153716154219 -0.17855187813428
-0.225588930942777 0.288843910198745 0.172259089743907 -0.205605484718549
-0.286015877862376 0.270016767283778 0.23399950347501 -0.18274694032202
-0.373466196026992 0.165925425121499 0.289868222888835 -0.0912049890520474
-0.380642103992035 0.0225367121424594 0.229513974573621 0.116932618182115
-0.354472173522483 -0.191185091191072 0.0408775021806039 0.226853039472208
-0.217890278774878 -0.418089989786928 -0.161735891866999 0.167373743304842
-0.0692217455606548 -0.47942625976305 -0.12185838725568 -0.0969087114463701
0.0638848627771027 -0.524532877805964 -0.0364883830182044 0.0222190254868141
-0.129516623583076 -0.521984419746019 0.411754936900943 0.0891236490323099
-0.225349823277132 -0.362816400630218 0.24050902983134 -0.433055572976091
-0.370669705223523 -0.226652607063043 -0.180394778340507 -0.335515846868929
-0.485517401790903 -0.0242384562310872 -0.252927340526438 -0.0717472526295136
-0.450459702128503 0.195999762773319 -0.150562662276691 0.033244484514735
-0.323642406912079 0.325405213521327 -0.0484704915209613 -0.0136808792262449
-0.294987615556166 0.368168620127193 0.0111465422725502 -0.0405246516881734
-0.277211935127072 0.356993253028805 0.0883661747048729 -0.0756860932611225
-0.363854240140712 0.34375476387613 0.166535365648742 -0.0859821197909917
-0.486415628949714 0.203478027625096 0.236478123662879 -0.0287417360824953
-0.487025894372515 0.0127725634463399 0.209317015578691 0.15630857031355
-0.446010470032049 -0.216852260475312 0.029956428224101 0.278260793458735
-0.323760103849962 -0.477314170187514 -0.162749451549628 0.234455179781888
-0.146398302804984 -0.575893948828599 -0.105159738429606 0.0600394374819475
0.0214114119947164 -0.468113845641713 -0.0384310489009451 0.202279953235854
-0.143729838805918 -0.377914451726875 0.399252087318559 0.117258292178285
-0.151744036303625 -0.211274226258057 0.161783601425279 -0.373358893869826
-0.236406398473037 -0.161733329157638 -0.214796497600174 -0.286378426477356
-0.376995242574073 -0.0204639235769587 -0.316188469025209 -0.0366222382208027
-0.377826758406109 0.173110521397021 -0.250349850473972 0.0988977740236549
-0.287677805367057 0.304719024586288 -0.166989431267584 0.101873377800091
-0.286701823869901 0.365737382416843 -0.0951530719110176 0.105906169050192
-0.292044872734303 0.36673752878942 -0.0100391374583239 0.0742033228947129
-0.395905860203474 0.347041181518684 0.0710595440616108 0.0431074068250833
-0.519771545268979 0.175841680089924 0.139718350729011 0.0636741378354994
-0.497350256399047 -0.0291158390955596 0.144709248099576 0.201909189527917
-0.440923389912061 -0.21967055868459 -0.00103398157721012 0.320312912089327
-0.364720437779875 -0.470442652232475 -0.152411190441678 0.295914258186983
-0.189000166127155 -0.594453377834606 -0.0757149280299397 0.227411165002311
-0.0352088799286968 -0.346106355704045 -0.0238714772520313 0.324020197737091
-0.140307459960698 -0.193234454455599 0.346324400028725 0.0861185579363693
-0.0647586333512988 -0.0618427048737891 0.0721154649399429 -0.29060732448635
-0.101092241898794 -0.100072809392672 -0.21226156290738 -0.206781216155655
-0.24244332835887 -0.017975516733623 -0.318313601262736 0.00311365639006414
-0.261442176488698 0.131645773242613 -0.296844145589967 0.149137166280166
-0.211238858132354 0.245488162702976 -0.248323968156039 0.200614386050188
-0.233472829774244 0.305970485628762 -0.185814076752571 0.235781992677083
-0.258539715921013 0.310213194126554 -0.111783076492137 0.211874064069717
-0.356785184444721 0.268787550985308 -0.042470205558517 0.165508404735776
-0.444661363035659 0.0886514002373817 0.0173988732024399 0.147343907088112
-0.382258235216108 -0.0825071788565077 0.0528928576840494 0.226260143327287
-0.330524855734862 -0.176053704688021 -0.0484261577692892 0.34088578052808
-0.329241493102175 -0.38577645643147 -0.151845651007637 0.342358693051967
-0.188189651286376 -0.516242389902085 -0.0501022917221878 0.374881109649845
-0.0796835347345449 -0.196448685439835 0.00826368254747573 0.386606330810936
-0.115854282063356 -0.035503811607364 0.287572671473261 0.035713421446579
0.00429348173859496 0.029466093031398 0.00940010267746895 -0.213124682384836
-0.01002619706943 -0.0652854602179989 -0.189579246595256 -0.146866329938251
-0.127846203357345 -0.0199862679557229 -0.29788984305049 0.0325437920069425
-0.143716608715844 0.0803937184709776 -0.308083710129247 0.18532106819997
-0.120866955917792 0.15734066456917 -0.289206006795379 0.275248298786091
-0.143589854583498 0.197970940571249 -0.245915957158374 0.331862719767395
-0.172914821049151 0.196937255133598 -0.199074103658142 0.309921984779094
-0.240431165909004 0.141105046587154 -0.149304341678527 0.24554487833752
-0.265315309719727 -0.0047120113706825 -0.0946535749452565 0.187760063583722
-0.176089760562626 -0.0866440116923452 -0.0275050582760862 0.223385471773112
-0.167108855967815 -0.062866719508818 -0.102380562001286 0.343371060133432
-0.245603727605853 -0.220935145751489 -0.179035831225391 0.360939243946533
-0.157477971226944 -0.340048476782665 -0.0382056682021349 0.470688607989379
0.10372217670779 0.0630659191580775 -0.0176121908944956 -0.474230317189358
0.101112317615858 -0.0580786106478296 0.145241739759121 -0.320047979737003
-0.00452552878273083 -0.087935882547647 0.104161938112404 -0.367152436653139
-0.0523189671023669 0.0183440430873335 0.00820351963318416 -0.186427185617353
0.023090243644383 0.0321516157734564 0.139425938231403 -0.129676088611754
0.0411217451189027 -0.0148765349522693 0.21802354243231 -0.233580450487096
0.03100197779738 -0.0464212090792388 0.232218221146471 -0.349359493350752
0.0273418413770789 -0.0603290699317288 0.241494365339175 -0.37637676361164
0.0385422492981266 -0.05679814986311 0.267482566993895 -0.34795470112896
0.0477887988032137 -0.0214591412446122 0.271684413814345 -0.229483357001142
0.0316784820763671 0.0366836630868589 0.268200528634201 -0.0948598996219271
-0.0449499244105246 0.0624589695454669 0.188029911829445 0.0726096441254616
-0.0686282983213883 -0.0659355614959787 0.0592035085245992 0.145533534639736
0.053005010760259 -0.094557301236137 -0.136936390175831 0.0577614716846132
0.11824195972337 0.0134282495710783 -0.106957348516895 -0.34700196370287
0.0770226095513147 -0.158122045235888 -0.0277890219666628 -0.457525230556121
0.0031580055346159 -0.26229937153412 0.21719536549108 -0.259847388233175
-0.127391049445635 -0.24256900137385 0.152619143822704 -0.412618455130037
-0.243519602638427 -0.0789371388273314 -0.0148855427441245 -0.208245957489326
-0.20470066997356 0.0436687779782557 0.108348429582555 -0.109740855933573
-0.147472535916927 0.0966183597232795 0.205668588608942 -0.193189851106276
-0.0946162798019371 0.103693997710585 0.233994446138357 -0.326767640507403
-0.0778807388392012 0.0898611998611494 0.230650910467916 -0.365317693877608
-0.0558174922800103 0.0638121556298317 0.248925545954979 -0.351215134711107
-0.062448881076511 0.0634022800131211 0.267179772057576 -0.249141338346175
-0.0845901002518627 0.0620681619502113 0.27992692515238 -0.115102362033038
-0.119289599449449 0.0403492816128393 0.196181672115492 0.070517561885754
-0.131385928180715 -0.0998460250084791 0.0573251035656693 0.147621844676899
-0.0136095636421437 -0.203939639352741 -0.124643689841907 0.0819354088890184
0.0757178607188437 -0.160379569241836 -0.123413571106785 -0.29448907459051
0.0669719466173117 -0.356616462928737 -0.0291110361132181 -0.350342032689565
-0.0734903609271427 -0.444488626657501 0.299565480398881 -0.15455113510849
-0.218203544310027 -0.372881431618899 0.20190342816389 -0.453311311704585
-0.385763745710583 -0.178480439094953 -0.0655854757517948 -0.260914575070664
-0.399221220476388 0.0265275462621414 0.00589171677960814 -0.0966873427425226
-0.320091135055518 0.175596906315958 0.121416839185241 -0.124655626873723
-0.209799960191631 0.229074725054106 0.175518024009822 -0.250188594453448
-0.171559636025174 0.225937858062005 0.181625023341746 -0.297786220445509
-0.139945280585469 0.187919437344985 0.211659719851036 -0.308772341948486
-0.170619942398774 0.170045130393834 0.25170614273082 -0.245531012199492
-0.219086696858342 0.115003310373367 0.291250289422069 -0.12944334959639
-0.23296151468931 0.0337262572969491 0.219126737132329 0.077528067048336
-0.231870674024004 -0.135830403278201 0.0582640412154545 0.175044204893129
-0.115283778715235 -0.30827187065111 -0.135025065981975 0.120203263551226
0.000631695332123221 -0.325365649188054 -0.133989128052965 -0.20932706842768
0.0589062077067027 -0.487140536863755 -0.0289259612070614 -0.172857011147754
-0.127372769612978 -0.538864944183111 0.373661982650588 -0.0323485035589557
-0.261535065076944 -0.419668790865612 0.22648330178863 -0.467228729757937
-0.437722560302763 -0.227130944770194 -0.132706377796697 -0.310221651503339
-0.501115202820426 0.0107569564800481 -0.132322241725689 -0.0837846209352398
-0.423790358816613 0.217084893746193 -0.0122169365540294 -0.0416936858827754
-0.284491470495235 0.310718348689899 0.0699201170608212 -0.138931850809888
-0.239125762545017 0.327866208786126 0.102886801781737 -0.184431698653331
-0.207944849480627 0.297307866103829 0.156059219644894 -0.216824820885267
-0.267769531899939 0.282547063677863 0.217514941121257 -0.19822038734079
-0.359232635399449 0.186897618310516 0.28034546357168 -0.113063041860236
-0.373390092587507 0.0423150276228854 0.234802048470539 0.0981842065255747
-0.358986426943544 -0.170282122858646 0.0599623664751015 0.220145098215051
-0.240048444249809 -0.398628615219562 -0.145705268016209 0.177085641747133
-0.0898878176181224 -0.466207827951113 -0.129669801210637 -0.0859169893638823
0.0361851407616328 -0.520671380353118 -0.0297439630783347 0.0291400879447441
-0.155287108201584 -0.50439518170567 0.412410964076616 0.0580496320113609
-0.236651099830201 -0.350404698699592 0.198166867394854 -0.442020802886268
-0.379369672100692 -0.208294604349497 -0.19496577925894 -0.314810752056839
-0.482978400652794 0.00515246681261583 -0.253201286279854 -0.0575524395319371
-0.433680872632162 0.222881449609242 -0.146981379342076 0.0422303680704595
-0.301275583952164 0.340545788508997 -0.0536956655194333 -0.0124367970661007
-0.269407620267976 0.381817675534914 0.00530863169085993 -0.0408745222622179
-0.253322005341994 0.36881224717381 0.0804089502861962 -0.0830295033271103
-0.340270624914803 0.361190596885242 0.157688613127914 -0.0986255805516172
-0.469791127334433 0.232114174066053 0.231017046685161 -0.0479592670367979
-0.482263292887922 0.0391742831126672 0.217203343126816 0.139526578381738
-0.451116507537966 -0.193316967690757 0.0528721305831979 0.273408762630461
-0.344241165492027 -0.450835472652788 -0.142792649286706 0.244553158844124
-0.169557024132452 -0.555243083785561 -0.106303328461973 0.0662540064536464
-0.00515541754681095 -0.458728372783029 -0.0231742582386764 0.205270664781448
-0.159410295113214 -0.359878123405972 0.397509838303497 0.0853854146530044
-0.154421186733601 -0.205328286293314 0.126255949689145 -0.375071732390532
-0.243203825592455 -0.15026854546952 -0.226975518097285 -0.263369924580026
-0.373956367911454 0.0048866704437522 -0.313816963641599 -0.0168033834598916
-0.362101599129721 0.195402331777772 -0.241197336523641 0.112663372271175
-0.264983239320831 0.317263362299618 -0.163484573119896 0.109454968762129
-0.258887391717888 0.379373215762048 -0.0908085896244425 0.109354288857842
-0.266719237274524 0.379696540062975 -0.0082497241846229 0.0714638721294253
-0.368844609431214 0.366398765441447 0.0713637959036449 0.0362246179207292
-0.505570028561873 0.207195483540333 0.141542868337191 0.0506445580375399
-0.496936562764769 -0.00236340358361942 0.155390389792031 0.189287838931456
-0.44643062565002 -0.19861332576488 0.0246763822186615 0.318605000563496
-0.383565211811926 -0.442995026271775 -0.13132304989474 0.307451445693875
-0.215932604658375 -0.569819967209923 -0.0697699157581087 0.228503689874243
-0.0546111576838276 -0.333806394983008 -0.00347544304865445 0.322390965224348
-0.143909099596832 -0.176215819758415 0.340955427421855 0.0573390896478431
-0.060443711934773 -0.0632449994589137 0.0427248032899094 -0.286740823199658
-0.108057090492067 -0.0969215501289928 -0.220222626998596 -0.186465032417754
-0.240463323447821 8.50573422163632E-05 -0.312439965849603 0.0236350706129418
-0.249093944092315 0.148747957025797 -0.283080899467305 0.166539989720233
-0.192103197605957 0.25524960972354 -0.237478697106726 0.212658768666984
-0.20900167777968 0.316797586311319 -0.171167003347752 0.244307964065213
-0.234567230574596 0.322043674094667 -0.0997158051256268 0.21435780580149
-0.334960273098451 0.288184160981538 -0.0323306681304125 0.164263242477375
-0.437654701523456 0.117545177405742 0.0249815049944796 0.141935772026348
-0.387696227285817 -0.0619155912823659 0.0643195392139535 0.220089842198749
-0.333080606361855 -0.162865416084943 -0.0225669191617351 0.34281070990498
-0.343540965465181 -0.359179174672466 -0.128902337194572 0.352885892190762
-0.211347010638416 -0.491065878067689 -0.0366246340611422 0.371181781447776
-0.0904156105098912 -0.183550643388641 0.0305004928388736 0.379837537531327
-0.111066966291737 -0.0245562550498372 0.277165417997959 0.0123399985195274
0.0108406870401966 0.0229005596640383 -0.0113587023994389 -0.207131407957653
-0.0174012150914829 -0.0658426591752391 -0.194708355794233 -0.127825947894659
-0.126554981807288 -0.00723839405397985 -0.288643434248302 0.0525171556437771
-0.134738046985481 0.0911575272233296 -0.290817425588504 0.203494230525218
-0.10724891541031 0.163184560132485 -0.270652763939352 0.288772727413141
-0.125246195297572 0.204710368679697 -0.225205316012676 0.342507206122579
-0.155708952075518 0.204723460206051 -0.179923238700884 0.316754899626557
-0.226996266578746 0.155882003380474 -0.133414766496727 0.250482259898296
-0.265847402196976 0.0139043141030529 -0.082398510329865 0.189430594843672
-0.184429089533736 -0.0794643170157239 -0.0162772408959342 0.220762978221649
-0.164380169013498 -0.0595334519633306 -0.0767809862190744 0.347921374207658
-0.251862781701289 -0.199180011830032 -0.153766547317407 0.37215861427927
-0.173864818100155 -0.319986806605341 -0.020855411098339 0.463528550296271
0.104512418658355 0.0510003707196171 -0.0276019179735417 -0.458126206136086
0.0907344777178867 -0.0624516251207217 0.128353760410991 -0.321601563546025
-0.0120575086796037 -0.0820799533955279 0.0815111967202155 -0.360136724719168
-0.0460982537250289 0.0222214382400248 0.00426261994507658 -0.179935863984295
0.0259118247703155 0.0269584835950008 0.133447897575516 -0.13523458385767
0.0384433258118677 -0.0193749377560154 0.201399971332306 -0.236060906718653
0.0253794190614951 -0.0482700210361999 0.210066207742011 -0.344735994961729
0.0191607977785301 -0.0608314967891925 0.221980908964765 -0.375510919518148
0.0293842748471175 -0.0588993527054451 0.244455116604051 -0.350879711892776
0.0420295348668459 -0.0259957571442764 0.252718078124333 -0.235776155320462
0.0334969933637254 0.0307966453474588 0.255054372325649 -0.106108793888928
-0.0360866401085616 0.0627906598046093 0.186045637672714 0.0591072037214788
-0.0708954339672346 -0.0568334528274693 0.0677396197679093 0.134512813543489
0.0415586026373665 -0.0952857191352899 -0.125521100320018 0.0633050323424942
0.115608442051593 0.00281921521944204 -0.11654985520956 -0.32424098931041
0.0718896715507464 -0.161117478500443 -0.0366175142079366 -0.439191951614596
-0.00979934617557645 -0.256720980696632 0.202261110633607 -0.266409371071739
-0.135832948855302 -0.230331131660949 0.123555467697219 -0.405601226228375
-0.238302108202667 -0.0664843885899195 -0.017888945879341 -0.19900955309705
-0.196756704858811 0.0471316303873868 0.103113297820557 -0.115425071675818
-0.140605273772397 0.0975423124379905 0.192762708992319 -0.196849241220753
-0.0917878119973835 0.102626605960429 0.21046261279205 -0.3263479023612
-0.0761628531781223 0.0893646125590276 0.208926212171513 -0.364413213987802
-0.0574385812913656 0.0624736919698561 0.226006325296391 -0.35262275465827
-0.0603913600247903 0.0610630082341516 0.246609418639844 -0.255520884062196
-0.0788620525072446 0.0616790128850234 0.264751416072894 -0.127428025382126
-0.109349814684221 0.0431458071947182 0.194439897168629 0.0567714548406986
-0.130382628782793 -0.0887965230874237 0.0665544323714794 0.137738754218879
-0.0243490223640652 -0.196276576124593 -0.111892013520478 0.0854017502525269
0.0701507595736059 -0.161311808229084 -0.131239788113317 -0.275324952546464
0.0546417235628298 -0.350922128277285 -0.0335891188125813 -0.33455418714002
-0.0894022911691474 -0.42877051275645 0.288492459170201 -0.167121906470215
-0.226727178517485 -0.355895685346212 0.168956191156379 -0.447891527531332
-0.381392852045259 -0.159730132626155 -0.07038494315928 -0.247209732182138
-0.386865994240644 0.0391685414399443 0.0041098125149016 -0.0978081365934258
-0.304506738350039 0.18181241752885 0.112698454738051 -0.126856189568339
-0.198297870038266 0.229275772804184 0.156030834948303 -0.250490170543127
-0.160991471960022 0.225215848069517 0.163410113017675 -0.296824076317452
-0.132741973256183 0.186639043851802 0.191486463640709 -0.309893340296535
-0.160836170160553 0.169960442644029 0.232098957866268 -0.251881474776116
-0.208005609120948 0.120134144790626 0.276321139303234 -0.142557965270594
-0.222121368692808 0.0400672938706565 0.218464261788366 0.0630613371773602
-0.228826963137065 -0.121981523452296 0.0691017239000424 0.163981140941878
-0.124105394947616 -0.293252295455025 -0.120887413501344 0.123357840211887
-0.00651132903548983 -0.315467560957485 -0.139780522204456 -0.192975854884281
0.0419124452824184 -0.475131366387915 -0.028287271329008 -0.161636650105917
-0.14293919691622 -0.517095965296107 0.364395509702792 -0.0523265009094416
-0.267590934293571 -0.402380044513338 0.188414565710654 -0.461227045272722
-0.435308473436786 -0.207254702444175 -0.138502430386172 -0.292058248602067
-0.487834208484855 0.0289786948443867 -0.130965054598372 -0.0797596534535186
-0.404287100769309 0.228793826815918 -0.0133067559332254 -0.0407866160409448
-0.265555449296681 0.312318794251072 0.0575721556860004 -0.138856842210507
-0.220349598210926 0.328047534334469 0.0895092701167071 -0.183726086191333
-0.19339217426055 0.29549295158922 0.139952627551508 -0.219802004364556
-0.250948222008723 0.285220016587322 0.201256089854631 -0.205469499586738
-0.342229345976704 0.196490530132577 0.265495823701702 -0.12696701631664
-0.360383013384665 0.0536616186344775 0.234323619685263 0.0831899948752211
-0.351891559549911 -0.15275848108444 0.0732826889326831 0.209114076602297
-0.247382680231583 -0.377853145971983 -0.129519478850162 0.180493020890844
-0.0986935318151705 -0.446687173338786 -0.132284858705196 -0.075586587142996
0.01763220453428 -0.504584657483352 -0.021628435913154 0.0342135679888254
-0.167045456179731 -0.479145927210022 0.40289284291373 0.0337895289442853
-0.237283105793034 -0.337969384271252 0.163557056029377 -0.433611208477833
-0.377670172881138 -0.192428838429656 -0.199131657027256 -0.293209116794051
-0.4696838427723 0.0247316436039461 -0.24815361578705 -0.046419823081821
-0.412741235523026 0.234687210956986 -0.140887440286358 0.046246360378225
-0.278983573189559 0.341437544228747 -0.0584825443351358 -0.0103549862991295
-0.246263447029862 0.381636880140927 0.000269148936711922 -0.0409742648269753
-0.232543245151377 0.367857305805769 0.0719849410323316 -0.0858260012803751
-0.316112859436889 0.364614464246047 0.147437316985325 -0.105302760778455
-0.44855504565303 0.24657427494217 0.221275595430149 -0.0622844246736886
-0.469613876991632 0.0539565279663074 0.218599941592269 0.124659205944482
-0.442798325190694 -0.175250816872163 0.0690375095837335 0.262644396642498
-0.349148954774392 -0.422903775163996 -0.125686860546411 0.247846086821311
-0.179007324234385 -0.529588806647108 -0.106219676103063 0.0711786367291588
-0.0216582208900655 -0.440426065766878 -0.0102375622673433 0.203474662511411
-0.163188640958505 -0.337045986896568 0.38563573193522 0.0629068637923034
-0.150934701996819 -0.199083857020161 0.0953446486021945 -0.364720016916269
-0.244192797465976 -0.141627651248307 -0.227683503424746 -0.241734930479063
-0.363317331288183 0.0206149770066201 -0.30350649679939 -0.00404417219199604
-0.343169730026174 0.207285602326127 -0.229522210114691 0.120284612520178
-0.243805578462959 0.319244500540789 -0.159669396240135 0.112705182020388
-0.234611483337464 0.37868247031807 -0.0874332300316925 0.109768447192901
-0.243318824752025 0.380573093665936 -0.0071621161279036 0.0677690063121697
-0.343617817912696 0.372683916523756 0.0696581741880529 0.029326474984557
-0.486260059778465 0.225267815597443 0.138586261694591 0.0393751598828446
-0.487325233724924 0.0154336085981975 0.159128401855911 0.17749530678963
-0.439875718082885 -0.181769320305302 0.0437978398249343 0.309747335434672
-0.385315973241973 -0.415198518559062 -0.112856835249434 0.30892232405866
-0.224400941948446 -0.537809348339522 -0.0652041479257722 0.225657752041947
-0.0640656973931274 -0.315429322476149 0.011670626274822 0.313185534918765
-0.139390598095458 -0.16033667149972 0.325656131923927 0.0371188277675678
-0.0544395623096688 -0.0653182833146922 0.0212180881862412 -0.275553698043107
-0.110651517774348 -0.0934810649714269 -0.218147271869915 -0.166402655771441
-0.232939793840525 0.0126837059447867 -0.300965719598743 0.0378325176847791
-0.233539674368654 0.157786775427544 -0.2673707450967 0.175049889252958
-0.175246496219185 0.256049899393775 -0.226234757982944 0.217173443628577
-0.187044007285735 0.316387702584029 -0.16020431130297 0.244721491227888
-0.213976776440852 0.323449414907837 -0.0911023549312573 0.21092731322179
-0.313547166318557 0.294940294938473 -0.0253367891115841 0.159893660644255
-0.422063477395917 0.136940389843516 0.0298565512103745 0.134234405962153
-0.384654338215363 -0.0477867416959515 0.0708524574563707 0.211459781557029
-0.327605161567021 -0.153623608502178 -0.000948667378519857 0.336284567912165
-0.342366933636819 -0.332253950188741 -0.1087139670652 0.353246527307464
-0.219021207744587 -0.461534821016164 -0.030542398315805 0.360631203361504
-0.0941695519044421 -0.167082318982957 0.0443262978030191 0.365936429839448
-0.101256780698938 -0.0154871226026959 0.259684562245442 -0.00469841410582557
0.0147726166646236 0.0158969879131949 -0.0266703245966483 -0.195609276586317
-0.0228636367016306 -0.0651046826673316 -0.193836912468613 -0.111815721854038
-0.122670738092404 0.00225791570049709 -0.274965873833019 0.0657154824053598
-0.124074785644763 0.0977409078827399 -0.272280705620486 0.210598450761782
-0.0952449679234365 0.162956833694559 -0.253462542094407 0.291518558044897
-0.109231249766385 0.20464363679728 -0.207981311473354 0.342041551330917
-0.140176671435164 0.205688585669276 -0.164220504920855 0.313061659289974
-0.213417248264222 0.16168449096509 -0.118654730981654 0.2466610651777
-0.26105565537609 0.0292234637645708 -0.0734081974144895 0.186874566671604
-0.186954369238266 -0.0721825201283361 -0.00852855468222264 0.215354285880829
-0.158612704725459 -0.0588185805256843 -0.0545271046194374 0.343174746818669
-0.247351673887896 -0.17935484805591 -0.13176539623647 0.371856218498741
-0.179809904511138 -0.296361683487347 -0.0122800322135262 0.448873503512823
0.0756970544842132 0.0877499172693321 0.170246589000964 -0.428000086606535
0.101532708580284 -0.0194123235801091 0.245036890367267 -0.243641574322023
0.0180905016076806 -0.077110805691711 0.209977294081046 -0.291674679902044
-0.0480869976179965 0.00302429547682972 0.0787474191605196 -0.155977874537642
0.0129729029155648 0.0320797497825175 0.179333799328973 -0.0693272262624058
0.0402793565970991 -0.00396830609959665 0.274640104927073 -0.130400272947121
0.0402583469579093 -0.0351493674773237 0.32442382991281 -0.221362858972371
0.0374005230637468 -0.050582726606019 0.349609082475056 -0.243162507358917
0.0448911383919624 -0.0473852684144685 0.35663355272462 -0.215549560125259
0.0447572840007979 -0.0136702980517306 0.320430843593506 -0.110209911671267
0.0212084949197846 0.0341018143357297 0.267253172833644 0.00599327675204954
-0.0499637230400716 0.042544619951729 0.143060690050125 0.124667178218089
-0.0438510025682733 -0.0744195107088736 0.0120236796488996 0.141830996731065
0.0658704887560359 -0.0704228544852594 -0.127435341528049 0.0125591324439817
0.103478037916097 0.0340779753545924 0.0231580083318946 -0.322603042863772
0.142167960209243 -0.116950724286626 0.131830321742327 -0.40492507411263
0.0992610714506868 -0.231758033856274 0.279117999817277 -0.160545590091803
-0.0257975897981506 -0.262625711474256 0.254524525450225 -0.309086504318
-0.177996281079624 -0.156934773453561 0.0578215499530028 -0.171124895951806
-0.190941015049979 -0.0431432544446249 0.141985499930467 -0.0524207751914816
-0.163647384222969 0.0262620677627644 0.250196513354518 -0.0907609629818827
-0.123866404230927 0.0510835319313616 0.316005864580189 -0.202530059000135
-0.10756495877203 0.0460532202939666 0.332188711008534 -0.23993643228198
-0.0805675620114405 0.0275322747184021 0.339813732611122 -0.226838029942911
-0.0803639260381082 0.025385564551851 0.320898465933801 -0.132877090962006
-0.0918972762444404 0.0193307990023487 0.284287050414615 -0.0107876738378933
-0.107792263380181 -0.00419141942315378 0.15059963798327 0.125583306456479
-0.0833546060265933 -0.125911446220835 0.0097717434166676 0.143586324276812
0.0454343043896329 -0.182265568954571 -0.120511624798657 0.0328565588567726
0.122592423419365 -0.127264261736097 -0.00166396180340601 -0.285833132507027
0.211926749665784 -0.295036558043924 0.072306213781652 -0.304009864683213
0.105158421601427 -0.415615490359696 0.307392258007878 -0.0346398245315432
-0.0503655620639011 -0.414301589552964 0.299530874244446 -0.322890178590755
-0.264153969681968 -0.300451776284874 0.0211979099260407 -0.227816309304226
-0.354461811764647 -0.127964075784528 0.0424105797639623 -0.0681286508697459
-0.341560185096108 0.0339831164577313 0.149504545680586 -0.0536429396506855
-0.268042512653056 0.119369956840589 0.23632710050094 -0.155408729705143
-0.235923604679733 0.135292364952011 0.264023497864407 -0.199610329739661
-0.196372545403836 0.109027525638735 0.28885658003975 -0.203972829164613
-0.211300192229307 0.0856555208670612 0.304868895692348 -0.137261498279909
-0.231821482766148 0.0233866490687927 0.2991684858968 -0.0208371699469085
-0.208695250794877 -0.0525261816070058 0.169070699380645 0.13893096614057
-0.157891765664691 -0.194520454195608 0.00060475287097841 0.166244651975438
-0.00654834453935551 -0.30424608749222 -0.13983879845358 0.0563904381021557
0.109970687539197 -0.29159213750315 -0.034089821861484 -0.218782434725346
0.253673210575778 -0.410451554815078 -0.0069928865916106 -0.143546775922532
0.0979273072755582 -0.512122545300753 0.324294040534738 0.101847166916455
-0.063343454974463 -0.472564537202947 0.318855559695641 -0.32554804109701
-0.291433713380493 -0.36721230659827 -0.0265325146691769 -0.293107335048433
-0.439697350319496 -0.179303688525446 -0.0882155696905323 -0.100322649378823
-0.447871373552693 0.0359186182697891 0.0018584354218806 -0.0242305284126928
-0.360381058661616 0.165908297430449 0.101308458266083 -0.0943016751559261
-0.329736019754222 0.204976840171947 0.15130221325083 -0.128841995116761
-0.29229476478583 0.185302911815727 0.204832617739306 -0.144655449310478
-0.333577793625582 0.154706456261386 0.25574162567866 -0.108691146927511
-0.382410360858275 0.0416104031507215 0.282545982648047 -0.0113427274194717
-0.339932649614878 -0.0952099104747216 0.174065459539362 0.162460263760639
-0.257590912081815 -0.27157340639268 -0.0134283283722384 0.20671070660018
-0.0835607846040308 -0.424257255032367 -0.168847435821656 0.0982483555949644
0.0755214546779392 -0.439146206464584 -0.0692448402854624 -0.114588232071889
0.242420512782583 -0.444673807166408 -0.0851664998806081 0.036019146886702
0.0602427419891592 -0.486734498442348 0.323782712279613 0.195068622818016
-0.0618499860936243 -0.402843793482258 0.288207896762591 -0.310880702697172
-0.247035524700569 -0.331194527147135 -0.0805609433208211 -0.322868878847821
-0.420994352011986 -0.1755023578194 -0.206387018226864 -0.119456883114648
-0.457359690882521 0.0392633620436296 -0.146914519534255 0.00288212453917268
-0.38364531145186 0.186918191399791 -0.0532895411583913 -0.026012671500462
-0.3718728651637 0.243459954588505 0.0145943972448822 -0.0375391840298853
-0.355623083773609 0.23535895979418 0.0901026041193118 -0.0539691883705581
-0.423286697883419 0.20294649411651 0.16645323279783 -0.0416284804954487
-0.499050935317026 0.0483472884121623 0.216690004044905 0.0284615038354203
-0.439665363301812 -0.137719690325431 0.141420720182431 0.19273747379273
-0.332361318409694 -0.327739317110249 -0.0389965302926434 0.25064710817088
-0.154550333163815 -0.503433426426897 -0.191772698362168 0.156412470939077
0.0325170344173682 -0.540419904156241 -0.101513330740955 0.0230061953780623
0.17735426989467 -0.402392695681779 -0.137023361957254 0.192518401453464
0.00527344548955677 -0.358003414314589 0.299573734773647 0.21339036950566
-0.0415673337658102 -0.244130566251101 0.208839552804932 -0.279149867895184
-0.152336107118778 -0.229490095733336 -0.121689903412581 -0.294275989956854
-0.326215409078127 -0.132438016793764 -0.271903252662921 -0.108408957941488
-0.384245051446319 0.044877177623753 -0.253619868954157 0.0299594987757145
-0.341548559145917 0.182297560955378 -0.193230633193032 0.0429080746711162
-0.359991812229061 0.247681153243707 -0.12330922469636 0.0616777004484365
-0.366549215170577 0.244333526666175 -0.0423700844261119 0.0501787803882905
-0.448367832781452 0.200470817612861 0.0428672676819906 0.0481319040576233
-0.522477008357179 0.017689214531748 0.102911905592836 0.0861097013978785
-0.444482933710573 -0.179589377779142 0.0669443331581413 0.214971737598261
-0.324877920795529 -0.335638240688671 -0.0798315881589677 0.283072263118885
-0.189687987767046 -0.504618514478248 -0.206412381582736 0.214795400582429
-0.00389412798349322 -0.560871572153156 -0.128349433313947 0.172719093406666
0.0814467600008836 -0.306993658564873 -0.148397093124963 0.299458943033887
-0.049030335627999 -0.192201550863155 0.262300631182848 0.16529133589807
-0.0135731531490784 -0.0849877001228219 0.11584946299729 -0.233590128274183
-0.058467734011601 -0.130900999095611 -0.138756452221198 -0.230317000531064
-0.207285970086576 -0.0832978965877342 -0.284063890966866 -0.0753684561089622
-0.267444064632682 0.0465649380900636 -0.307610629904375 0.0591950656197105
-0.255082356677933 0.1546521720344 -0.293023992350815 0.106854632242791
-0.289463392244356 0.210608681594796 -0.242716092467896 0.151989065992978
-0.316040803694722 0.206819486370616 -0.172297049053192 0.144648476917308
-0.390876479648258 0.145396989045776 -0.0935250422451932 0.125895539452437
-0.432877929763941 -0.0352341426154006 -0.0318090681293085 0.12715505545925
-0.327417533842283 -0.195230820565874 -0.0256291093602046 0.211089057968224
-0.233054429498128 -0.267088712432942 -0.131460944335998 0.291709384870311
-0.179038197178948 -0.415126050777123 -0.224973911329934 0.258080176698377
-0.0291178738220418 -0.485817449020329 -0.155480618670522 0.304719456989035
-0.0136164368508306 -0.185232447207888 -0.123967865027784 0.357035737420082
-0.0768738605269179 -0.0511580771092445 0.225495593298633 0.0983156908474005
0.0127121480621067 0.0158459462059363 0.0485672719687825 -0.185188537902424
0.00460477507910071 -0.0683823189556366 -0.133827512904049 -0.175056145692065
-0.105624527386355 -0.0453458471845305 -0.27131961499215 -0.0446052425077972
-0.146115221835691 0.0377676031311564 -0.324696504922807 0.0849990061752007
-0.146582012182351 0.106617157716151 -0.346596564473143 0.160443665744409
-0.174933369375775 0.141894828626663 -0.323990014250099 0.219850181241859
-0.202569026165169 0.131918281312286 -0.275014310908298 0.208140302355855
-0.249243220047883 0.0668445411571102 -0.207541316612646 0.168138300838279
-0.247168879874218 -0.0693797161318434 -0.142846247791125 0.132689797487551
-0.141855831379382 -0.14129958111779 -0.0979961651434215 0.184505344615986
-0.112614635670103 -0.113952932644683 -0.18202487373405 0.280780724996851
-0.150781889630144 -0.239861968916468 -0.257459985879272 0.272976140989868
-0.0548712133717168 -0.321137860337186 -0.183275327830026 0.387156376991032
0.0800647207090735 0.0803248371195221 0.170241048507964 -0.42114394074909
0.0963428641005372 -0.0251210198478932 0.243228707057818 -0.248357942468277
0.0121045269841499 -0.0743177004924523 0.200283363445259 -0.293694821436735
-0.0451003630953712 0.00730839610635789 0.0778425705413903 -0.154132821986385
0.015918410396977 0.0287866521606203 0.17946864640808 -0.0736184288926084
0.0393140923157461 -0.00843047346944613 0.270730820221253 -0.134066531134856
0.0370701536357694 -0.0380901805513826 0.318795784819642 -0.220644486160949
0.0318625384039992 -0.0528709503456766 0.345273807699685 -0.247576285892519
0.0388539366230581 -0.051012449294169 0.350955686682444 -0.221148297790986
0.0425919903863506 -0.0183350332921558 0.316009628355796 -0.116309095023508
0.0229220634104505 0.0305804617660533 0.264488244557425 -0.00245953816958622
-0.0434585123921522 0.0449060533477864 0.145811938960146 0.118638396338239
-0.0471709104491968 -0.0695158446209006 0.0187374856397108 0.139073033680608
0.0597010447091228 -0.0733549781687938 -0.121404237349465 0.0189584856045284
0.105169581911396 0.0269001269269737 0.0181630495373528 -0.312488432868589
0.144488373390204 -0.121689906935825 0.135018482859391 -0.397409115651568
0.0940677072620033 -0.235558647335364 0.280376094886631 -0.167431090087128
-0.0317860395545446 -0.261888205861004 0.240698975978811 -0.310395702645001
-0.178398745616535 -0.15220684524108 0.0574416557528879 -0.167363700545158
-0.188590989198252 -0.0428674581770287 0.142209660026788 -0.0573276758593982
-0.163216936005655 0.0251145290284315 0.246848125213229 -0.0962059837275048
-0.125884634357096 0.0494751240019841 0.308293616008451 -0.203786948722533
-0.110754696914349 0.0452949034192674 0.327985986317011 -0.243439028605341
-0.0842461835940507 0.024771000207983 0.333173096636598 -0.232183710252193
-0.0823103478955206 0.0235548702965399 0.316012332201911 -0.139974985405475
-0.0905294454191238 0.0183525576036193 0.281564024806375 -0.018939549993947
-0.102384780941809 -0.00271810758311876 0.154202258321511 0.119742773479676
-0.0838019272248272 -0.121143064432711 0.0172554386898385 0.141293034007781
0.0396512498765835 -0.180771443123813 -0.11386987010883 0.0371434806904631
0.12383193567264 -0.129985791311133 -0.00620053504983464 -0.277034057945471
0.211106540491756 -0.296135591460095 0.0746810390510074 -0.294980259476015
0.101139999760921 -0.413631564178306 0.313541723914678 -0.0438282153516362
-0.0542578173919002 -0.413543428606463 0.283623892474909 -0.325728289761246
-0.266646155603655 -0.296286265799805 0.0208993782553656 -0.222758289308392
-0.354270700334085 -0.125786973272262 0.0420879815037218 -0.0711699118529678
-0.340655981167039 0.0363390194488908 0.148313753757525 -0.0573961808631781
-0.268192379120959 0.12022046963311 0.228278443548677 -0.158061729328353
-0.236702692896955 0.136231191604134 0.257968661139661 -0.203314600371634
-0.197885585756738 0.108739901436813 0.283454557283786 -0.209383072681654
-0.210543256323988 0.0854318151059337 0.299303348359567 -0.145101725061613
-0.230482830714355 0.0257923841966904 0.296937698179531 -0.0314437697293942
-0.204221813200975 -0.0506311438716087 0.172955724354889 0.133591606914908
-0.15694654774763 -0.189565010458085 0.0091444196978193 0.164980609908011
-0.0115044765899057 -0.300939773667877 -0.133545905184037 0.0621616649305044
0.110957487488485 -0.28939959453738 -0.0381208389764347 -0.211776216407695
0.248927702183154 -0.409754536865636 -0.00340371013413379 -0.135226126238083
0.0938372491307248 -0.508355579013003 0.329448694566468 0.091242955999895
-0.0651487318372676 -0.472057811479639 0.301335001517599 -0.327562680169486
-0.294938485465543 -0.364657453814963 -0.0293281956809457 -0.285595881020266
-0.440461341750034 -0.174578499776506 -0.0893695374781772 -0.101155246636001
-0.445468374801105 0.0413094366818391 0.00173454142652574 -0.0250625583550768
-0.358178556838591 0.168157582266485 0.0952971310294916 -0.0967134379014175
-0.326747589188623 0.20734674447122 0.146272582630446 -0.131810822307594
-0.291807003088338 0.186145766597268 0.199820662127887 -0.150144191745111
-0.332634476727259 0.157539963163384 0.251347596393144 -0.116456554258687
-0.381038347875589 0.0482248011441114 0.281435702348218 -0.0218530140594789
-0.338122142818476 -0.0919467769959145 0.17861564843832 0.157367816419416
-0.255381035595606 -0.268082684355258 -0.00429379880598509 0.206030401834221
-0.087260509070603 -0.418032959782271 -0.162253204401439 0.105372034566396
0.077153693747155 -0.433871041302792 -0.0732956100740695 -0.109751639631674
0.237139121368705 -0.441573022821366 -0.0793416764799357 0.0429419009125683
0.0584632918016472 -0.479477593049237 0.327370960338353 0.184543181034568
-0.0597380711257033 -0.404217149299735 0.270128628101399 -0.312346791432477
-0.250458285666642 -0.329762882474686 -0.0827720744835208 -0.314398452480701
-0.422183031304028 -0.168410800979715 -0.206476475989365 -0.117375880247818
-0.45635345054215 0.0467424447637969 -0.14552756695147 0.00441204377193336
-0.380293180418122 0.190367813989112 -0.0586227282277442 -0.0268192240285981
-0.367516255802665 0.248950244611196 0.00961505775790934 -0.0382997572673806
-0.352474273446552 0.237616910671247 0.0867361207615565 -0.0585716308205322
-0.419829913457666 0.206706529605212 0.163823915209215 -0.0475122975726038
-0.496209461907711 0.0571982360191108 0.216539997130789 0.0196291066976498
-0.442128749994666 -0.134007416132457 0.146948576763024 0.188950701816778
-0.331931868815828 -0.326782717257924 -0.0294476127706447 0.251969853809376
-0.157087616852423 -0.49583256634246 -0.18576066089337 0.163945126668852
0.0313917360988592 -0.531285723690684 -0.105077770768908 0.0255703031223442
0.170689599492723 -0.396215230547921 -0.129946196843779 0.195938908624772
0.00451387454659391 -0.347568179312899 0.301969060685462 0.201325326965657
-0.0365756214503897 -0.245612041426252 0.193150258044293 -0.278193381939766
-0.155408483333863 -0.231583204383447 -0.124478628503007 -0.2859654859035
-0.327507770291522 -0.126878687299879 -0.272622200504343 -0.103369935438106
-0.38075224594367 0.0523050585070444 -0.251061126630642 0.0341120522835856
-0.336657060990991 0.184841221424298 -0.195942826891078 0.0442993087474127
-0.350810036910896 0.250928804217532 -0.125947622408496 0.0615599100894693
-0.361338680208816 0.247886180842093 -0.0434412515574581 0.048596803443688
-0.443707401619444 0.206565385755515 0.0428284530670456 0.0435922123063889
-0.523371511756669 0.0271296752393582 0.103751629315418 0.0798292286948675
-0.44794035876441 -0.176228909415601 0.0722675412325192 0.21343189017067
-0.323755124013311 -0.336615548085748 -0.0699026498247164 0.286048485488901
-0.189268216143879 -0.497198505588495 -0.20149670450537 0.223616242057551
-0.00486202980516135 -0.551396404977231 -0.133110221371269 0.173666458510197
0.0749599857717535 -0.297565229452516 -0.141496857428651 0.299408995448344
-0.0454567630911037 -0.18334702357388 0.258691263245518 0.154459549067338
-0.00692170073323747 -0.0877678361581437 0.10175318794588 -0.231377128832681
-0.0619776862713586 -0.133728781831648 -0.141079401057994 -0.223224581959986
-0.208709066263679 -0.0778207747516564 -0.2824322556778 -0.0687772593892438
-0.263757028288715 0.0534317871898274 -0.30339578687245 0.063752184409001
-0.249961856745846 0.157578576148291 -0.294260148890681 0.109996408470308
-0.281463989595253 0.215681133286392 -0.242486962207044 0.153527418652136
-0.309726551099388 0.209586783385615 -0.171266254194365 0.143543596446742
-0.386671610648497 0.151738589474725 -0.0905075459120026 0.124052418141959
-0.435262428520831 -0.0279289069322841 -0.0298474774437043 0.123860814703857
-0.333994048349707 -0.194678207944615 -0.0215455174081878 0.211492388165881
-0.229978333928175 -0.269536694919225 -0.121590963124783 0.295253320188676
-0.177863639171549 -0.406311337585306 -0.219889212024629 0.266085390051477
-0.0326529528316433 -0.475499705449164 -0.159450849438235 0.302991835255884
-0.0163985814332712 -0.175864506724145 -0.118451234277436 0.353128102019365
-0.0706154775279592 -0.0442617533023919 0.218344692311476 0.088044650762532
0.0186164551296259 0.0109452472138734 0.0377432630211153 -0.182865916848606
-5.70727072253712E-05 -0.0706825872147748 -0.13645025526467 -0.168875716113047
-0.106375002100864 -0.0401615335600783 -0.268224700618342 -0.0377479064546628
-0.143094334974474 0.0433935112867541 -0.319291659634242 0.0919247820609787
-0.141427302032494 0.109216603803593 -0.345457782056625 0.165729914019375
-0.168211880578265 0.144467362647077 -0.320931185774022 0.22216539879293
-0.196625544656189 0.134571283609273 -0.271813164569427 0.208912261231973
-0.245947266391915 0.0734728618327746 -0.202881570081688 0.168454744273589
-0.249880906172108 -0.0624955895942808 -0.141267887716693 0.132161623700768
-0.147882307304333 -0.143010098416162 -0.0957717513741002 0.18416971435906
-0.108140531568772 -0.118781231939433 -0.172843428509845 0.28485750272053
-0.148083766883085 -0.230548589250936 -0.253287233936484 0.279057876474976
-0.0596355326619093 -0.310256754084935 -0.186331872849192 0.381972186439366
0.0853336660873517 0.0733687681012152 0.169623559072144 -0.422649606801004
0.0917346605838698 -0.0311585175848507 0.24276590403387 -0.260243776194067
0.00514940838766456 -0.0720665375428902 0.188714132267183 -0.300615154237206
-0.0415337238245293 0.0117589535590922 0.075656505720054 -0.155352630834153
0.0194283659764535 0.0254922148895133 0.179858106852525 -0.0813105060608054
0.0388155256537179 -0.012865936557992 0.267853283235104 -0.142944474234251
0.0332546009022469 -0.0422389992239333 0.312454516395863 -0.228090358625659
0.0247431455367056 -0.0560758895181124 0.343956365679927 -0.255917112951569
0.0325792898450535 -0.0548381450032771 0.34713463343158 -0.233407626790332
0.0398451184436049 -0.0230529548324274 0.313738938033107 -0.127259148042922
0.0248361756205046 0.0264351583096227 0.265243963674849 -0.0139036040944935
-0.0371786530592904 0.0473333852894374 0.151760066194127 0.111518288032381
-0.0517028407054562 -0.0644342048177949 0.0279637650752324 0.136465757261381
0.052419053870433 -0.0768494713735822 -0.116411911035532 0.0269659724903521
0.108353374843857 0.0182371707478881 0.0109088111113873 -0.305729766434141
0.146628412790358 -0.12975553261717 0.133805324341121 -0.395194063903802
0.0870668426386013 -0.242110522310937 0.284184115107356 -0.180435020952586
-0.0415676771532438 -0.263055593500806 0.226380605910081 -0.319906670645897
-0.181640115236747 -0.146816402862285 0.0561668674000652 -0.166313100133341
-0.189873252154324 -0.0415139980503564 0.143070165561593 -0.0646550838677025
-0.163820805632719 0.0266942422609449 0.245230196341192 -0.104634459255003
-0.128572352370342 0.0508164117916157 0.302468814918919 -0.21184916324185
-0.115262820013269 0.0471257131086069 0.323609592781634 -0.255078255178058
-0.0895665788716501 0.0252716206656567 0.327846079212405 -0.245322756577069
-0.0846703261860155 0.0214046841963215 0.312389207262823 -0.15184700942588
-0.0893059466722061 0.0181926723111171 0.282433561618098 -0.0323849566799599
-0.0970533965478086 -0.000199980938070384 0.161030164691282 0.113450529691941
-0.0875928895338449 -0.115505130112379 0.0262783300188833 0.140721543788171
0.0324216824598627 -0.181917851905656 -0.108910471998564 0.0443995170683222
0.125141972386082 -0.1368570166084 -0.0128017825988199 -0.272144157943416
0.210517365277231 -0.305948262788424 0.0758409026451989 -0.29141166755089
0.0919358744165921 -0.421380387584204 0.321725240688368 -0.057458673494941
-0.0640805534346412 -0.418316465064079 0.266066145732605 -0.335827026321309
-0.275274040577394 -0.293595211126345 0.0165783853387588 -0.220025472589191
-0.359674865846735 -0.119865810245652 0.0419113261905583 -0.0755452357142865
-0.342779259239326 0.0434652980836528 0.147203722767716 -0.0636282456390146
-0.269938517680414 0.126205213366401 0.222650450062303 -0.165180345378829
-0.238280023113858 0.142579598952072 0.25268259085487 -0.212504422929625
-0.201589434677471 0.113705193536595 0.278319671151538 -0.221074832577183
-0.212392395719564 0.0887289308658869 0.296080282775664 -0.157791110113034
-0.231335345646609 0.0314585250600313 0.296914257267906 -0.0460140062255219
-0.203559713506789 -0.0465419792627111 0.181514284260876 0.127279029849465
-0.161090793730234 -0.185174328522027 0.019427087241397 0.165278426082145
-0.0193684107716027 -0.299225297940659 -0.128112732195285 0.0694317494335535
0.10939799325945 -0.29384123545885 -0.0444314074031741 -0.206336839320653
0.24543026661695 -0.417470896554062 -1.59471634485752E-05 -0.129043752945871
0.0839419060969715 -0.511458413547979 0.342017256483567 0.0767706578562837
-0.072359905045235 -0.478096555813333 0.284660546752835 -0.338300999167416
-0.30546916997035 -0.363189605292 -0.0355263847345681 -0.282156681269329
-0.449322933611966 -0.166426460880473 -0.0917604618284458 -0.101126744814827
-0.448390473795952 0.0520926998212765 0.000888088690042021 -0.0271401135192159
-0.359352284534352 0.17770867543844 0.0883855602410365 -0.100009719652147
-0.325454098533088 0.216639046686265 0.140720782784941 -0.137306030718979
-0.293020039928515 0.19409057402658 0.195080771408808 -0.159920100438921
-0.332556303905702 0.165460294696519 0.249344404532066 -0.128552812063138
-0.383484635451232 0.058091346939388 0.281964369517768 -0.0362758698373873
-0.342288163785326 -0.0860002062073913 0.188292007958292 0.15118945988231
-0.262698810443806 -0.264902078730451 0.00783059086223331 0.207370395028134
-0.0959092617511012 -0.417051593977225 -0.156271610103029 0.113980596554857
0.0723650767049163 -0.436218642512271 -0.0788416887157514 -0.10429923610393
0.229277201990858 -0.445983951003578 -0.0733642090551628 0.0509098446447186
0.0509620468811936 -0.478851941592959 0.337609639203397 0.169836211000113
-0.0635169630431119 -0.407946165286173 0.253225190498989 -0.321394879063553
-0.258746282004078 -0.331277037302376 -0.0916505979689437 -0.31049221654362
-0.4318010959763 -0.159989984816327 -0.211727464107941 -0.112914300227672
-0.457463438144074 0.0600561983800551 -0.146275614016513 0.00668635865489937
-0.379448111726213 0.200326204479703 -0.0645370047063991 -0.0250551538440405
-0.363741141350828 0.259025059741968 0.00543500887449697 -0.0395477749754509
-0.350142889687544 0.247976350247672 0.0834235054869686 -0.0646251745328981
-0.419323134755189 0.220184516046185 0.162914155398009 -0.0564453354247414
-0.501881683688199 0.0729259884020095 0.218334496187012 0.00771444870232987
-0.451427681285381 -0.126558496131032 0.157058437834927 0.185027564018573
-0.339840866327305 -0.325356835057284 -0.0162414081440787 0.25523015052781
-0.167694942488627 -0.493428385094362 -0.179331452987721 0.175367574695045
0.0259394558469793 -0.52982609377453 -0.110258677173608 0.0309489529086834
0.162530103580282 -0.395910080469285 -0.12195523388213 0.203297815135583
0.00350283026620573 -0.342479334827102 0.306881853206742 0.188817181224685
-0.0354428396820637 -0.250563909233234 0.17677206322401 -0.282490577646129
-0.162682458767002 -0.234196111005702 -0.132918049151692 -0.280437067024002
-0.334334493950603 -0.117531580896159 -0.276170266585078 -0.0964530823416129
-0.38016795310787 0.0654516443770439 -0.251294582790127 0.040455729302048
-0.333773150463667 0.195290664231873 -0.201255702096744 0.0501147921813959
-0.345849863382672 0.262342870852087 -0.128951319347667 0.0650117893789716
-0.358270387696302 0.25881675083435 -0.0451229159359249 0.0462541439380358
-0.441822347474722 0.220021436722483 0.0441289382723157 0.0389244210340227
-0.529403804801345 0.0455289301717673 0.106025963925807 0.0728447088094355
-0.460252668962945 -0.170539775553411 0.0811883315217283 0.213556516493111
-0.331149825395985 -0.337217925572917 -0.0563126891054028 0.291543121634946
-0.197207189821932 -0.493806916535105 -0.195039481471 0.23659568553213
-0.0123604842786054 -0.546519097599147 -0.136672755976979 0.178351795934056
0.0679116889766378 -0.293575845623613 -0.133949494958523 0.304848607718034
-0.0418999906502969 -0.175836895751838 0.259588725375997 0.14178547175416
-0.00231285722332696 -0.0937358609774612 0.0874856906255555 -0.231114479399715
-0.0674274398139414 -0.136510852824004 -0.147617647729906 -0.216754154547423
-0.212510964671845 -0.0696406784383852 -0.283872712290158 -0.0618850932947494
-0.261497559481563 0.0634643955387402 -0.301121894390899 0.072758761022009
-0.24551497284381 0.166267634399246 -0.296257980569422 0.119783753980182
-0.274631639320415 0.22466481461334 -0.243483335414938 0.160568822571176
-0.305159123677252 0.218900525434339 -0.170989976850273 0.146766422586857
-0.384876927424539 0.164328466976176 -0.0873435516089592 0.124051408571157
-0.441083814020594 -0.0122535602089981 -0.0274821206718383 0.122215825465356
-0.346200443132087 -0.191766475902866 -0.0155605288439036 0.214213284185489
-0.234364043550717 -0.273287195313667 -0.108651866893212 0.302594470428773
-0.182344817831381 -0.401173175179028 -0.213830557876135 0.279564737700688
-0.0397599719636065 -0.468298268268916 -0.162368258317814 0.306554499842928
-0.0221674140665191 -0.168119068335355 -0.110827586733224 0.355703475265555
-0.0646670608544034 -0.0373874047365842 0.214262035356331 0.0774114340434131
0.0241204593214793 0.00476947711075055 0.0256698162563891 -0.181802651207813
-0.00605055787709124 -0.0728236669964156 -0.142480811334827 -0.163414731924724
-0.108900249350874 -0.0340002403291775 -0.268441546884949 -0.029196813844462
-0.139649603408477 0.0509442997945599 -0.315733812505196 0.101835181105252
-0.13709816824666 0.115070906653478 -0.345043111697352 0.176476218529819
-0.160695929035534 0.152291988262561 -0.320346802820548 0.232618379999348
-0.19188602254874 0.141793941557981 -0.270213997009849 0.214154986310967
-0.246152452412545 0.0812373417635581 -0.199401036438253 0.172532639154112
-0.256987070370873 -0.0532844228562129 -0.138849034064177 0.135981218325135
-0.157700009674765 -0.144057572824157 -0.0924764047415885 0.187670461009787
-0.106835742423971 -0.122709955366669 -0.160225937038916 0.293027755023414
-0.149631477147964 -0.222879505314612 -0.247966185070755 0.291736776298227
-0.0663709695927434 -0.303191625619794 -0.188462683009536 0.383841391021889
0.0906353235444555 0.0624270035415717 0.160268376548341 -0.422380360056268
0.0849459564642349 -0.0392654299756053 0.234250894400484 -0.276626271490824
-0.00249887535533784 -0.067975462085187 0.169947511696329 -0.308225133262998
-0.0368795649177541 0.0170460417945268 0.0698601601378078 -0.155897820166203
0.0232686871711562 0.0208329396613669 0.177674376471002 -0.0918558389492436
0.0367861015213334 -0.0181596411452248 0.258608052876357 -0.15554403926599
0.0283142715846204 -0.0458170008171483 0.301646670432222 -0.238157102190008
0.0167081428566516 -0.0575547868734652 0.332023906167908 -0.273315849089161
0.0237981516119951 -0.0580463802957744 0.333782455001396 -0.250880003032501
0.0351508585895836 -0.0290535356016928 0.305281184113294 -0.144387286752082
0.0271780677906783 0.021986559408885 0.262773408435558 -0.0300786502159771
-0.0280591719164394 0.0491065985892143 0.159135622433648 0.100712412414268
-0.0566207092093893 -0.0568634870113211 0.0387376481944883 0.132353535376696
0.0430324964118144 -0.0796595756498594 -0.108835239001145 0.0370014100500383
0.109456781407581 0.00611067825410078 -0.000345424949887645 -0.296791812609307
0.144700038010316 -0.13976593273383 0.124958953622875 -0.394954582836537
0.0733764614844053 -0.248623350070819 0.28153847266733 -0.199020168374499
-0.0561818129115278 -0.259565987334412 0.203903294772046 -0.32911908037197
-0.184736572684805 -0.137774527781701 0.0514613351800059 -0.164585670867146
-0.189903809201619 -0.0357001716664914 0.140955131116101 -0.0739004457324315
-0.163468151659694 0.031097023931162 0.238879067963376 -0.116571161003324
-0.129419434610296 0.0552675509847923 0.28957993149511 -0.223527554873305
-0.118179626291056 0.0516582448556833 0.311772896298104 -0.270009358506006
-0.094483197144243 0.0275028474967805 0.313801377722411 -0.263273608959027
-0.0866306981790812 0.0229001483918618 0.302819127865061 -0.169263067049573
-0.0877135645786604 0.0200461861806349 0.278765282126347 -0.0518386778047494
-0.0922306448802227 0.00308557964065645 0.168758346660515 0.102121668280828
-0.0920282571446139 -0.107490368619492 0.038278688663695 0.137409708478726
0.0207425942414851 -0.181435251584051 -0.099845670378894 0.0531547066780671
0.120866150278702 -0.146310716729361 -0.0237373186881268 -0.26222504194871
0.200112489261248 -0.314862419990658 0.0721103058720704 -0.286955655579024
0.0717310079859357 -0.425722091014511 0.325327153069642 -0.0789744566679628
-0.0818762949560059 -0.41753922047494 0.242246727162075 -0.346700325100057
-0.286679049464491 -0.282071655886667 0.00945970995110554 -0.215316168446771
-0.364928835744475 -0.106523737029991 0.0387824829774503 -0.0796512999438694
-0.341359769587461 0.0582426647185912 0.143670981376514 -0.0719558663242088
-0.267237793520926 0.137533339839659 0.211059119047875 -0.174149003458578
-0.235615605041892 0.152499919409991 0.240304552226589 -0.223673218396933
-0.201004382947626 0.121481087307702 0.263983967786229 -0.23809838797129
-0.210868509876538 0.0972720776402394 0.286092672531908 -0.175756665265238
-0.229063059405766 0.0407996174400125 0.292826045038637 -0.0659692087521203
-0.202514690048836 -0.0392657813308496 0.19052314890137 0.115086356836571
-0.167231667002306 -0.175766909696616 0.0333100203754479 0.16302354604844
-0.0324012111282004 -0.295552055497491 -0.118610596956369 0.078904487498813
0.101081172207422 -0.298316516602357 -0.053248663624522 -0.198356434293816
0.228727480616372 -0.42544107272045 0.00226155272433998 -0.122140063312209
0.0629686646530624 -0.513699227104891 0.351593584119091 0.0532657714250342
-0.0908055878194178 -0.477215660059863 0.258061780931967 -0.349321640746478
-0.320134755309067 -0.352898678743752 -0.046222124606077 -0.275819327069814
-0.457678724284663 -0.14679282105073 -0.0965895302936243 -0.0979324922398711
-0.446121887496915 0.0730129197351398 -0.000372783038241528 -0.0291281695408249
-0.352592255949241 0.193654096860912 0.0797038856696414 -0.103364515375611
-0.318712066938136 0.231363422404746 0.130389583767441 -0.143647790759606
-0.287388392063482 0.207566899317257 0.183883423789455 -0.17162906893541
-0.326519682276886 0.179165754831151 0.24019922140935 -0.143587297205676
-0.381713081202095 0.0775712079333249 0.278992279060198 -0.0557076511950656
-0.345560605577115 -0.0727585033189524 0.198941116187058 0.13952285542007
-0.272112622650956 -0.252927043781544 0.023868102365324 0.205794702446636
-0.11111014568769 -0.40860055940647 -0.145657649412771 0.125294330972636
0.0596415542142016 -0.4340755904656 -0.0849463974258116 -0.0964837827630352
0.211245682046539 -0.452393863392374 -0.0652052514842043 0.059006556533555
0.0355961856280639 -0.475095693059673 0.349508065725781 0.146394997330125
-0.0766001318430556 -0.409331296235838 0.226235319847314 -0.330110945891074
-0.275335113303821 -0.324289443758823 -0.104070824534968 -0.299991117075641
-0.440428566481196 -0.140785708964197 -0.217115514635739 -0.103786924323659
-0.453583957452261 0.0829167691047395 -0.145618581130901 0.0118126360221038
-0.370347492636922 0.217208539681757 -0.0699545917336978 -0.021593763429365
-0.351704249948364 0.275842264183942 5.23748617508202E-05 -0.0400603424403265
-0.340901881090955 0.263787993719196 0.077185299104645 -0.0711086942410776
-0.409915230715183 0.238383531053179 0.158067128986238 -0.0683342949282756
-0.499223556811692 0.0995729849732951 0.217398709309948 -0.00879766380284948
-0.459813368507731 -0.107336563368505 0.16933973198884 0.175839853423827
-0.350237375684132 -0.313073337348313 0.00278998104839005 0.255880861749871
-0.18336200054776 -0.484805017956404 -0.167388867995773 0.188774177779916
0.00950444199203531 -0.525639727380402 -0.112171201546755 0.0386236549865325
0.144554247163368 -0.396466674772899 -0.10882394580723 0.211706680698523
-0.00546945175092228 -0.336407782305754 0.315932581381453 0.16629500290141
-0.0402338235665623 -0.25323418771251 0.152639542851071 -0.286977688971329
-0.174770718528946 -0.230656042228465 -0.145634971936075 -0.269258282692658
-0.339812395184613 -0.100944339308994 -0.279716302151204 -0.0830335829343102
-0.376588911985638 0.0857764608308495 -0.24821379038417 0.0516048068961959
-0.322741072751128 0.211065800347599 -0.202240156573989 0.0610857271153885
-0.332210415579882 0.279097881404549 -0.130298210521955 0.0710804682050866
-0.346683279051925 0.276241622854527 -0.045519061363869 0.0454458726766831
-0.431685214467901 0.242737587488352 0.0446044538555416 0.0326647651379324
-0.529558644503527 0.0734238841592433 0.108673445927045 0.062846788179843
-0.47176424324274 -0.151811874163037 0.0946769974591652 0.208734754297495
-0.343638955976037 -0.329636580643966 -0.0363927795796248 0.294898822208233
-0.212497158970882 -0.481963769098786 -0.181783805443651 0.251080849658509
-0.0294143924270249 -0.538252254367225 -0.135663362978939 0.185170885719024
0.0545825014189358 -0.287323077406002 -0.117802502934713 0.311045732621998
-0.0416295880832108 -0.166809304435969 0.261700489032755 0.122917847595804
-0.000686825662491859 -0.0983905920141073 0.0680137151894864 -0.230717743101448
-0.0759673920133078 -0.136419024665232 -0.157646553367895 -0.205284513230419
-0.215925006124759 -0.0570087368008497 -0.284538792118264 -0.046578562599084
-0.255782274795677 0.0785855022129499 -0.296241073130028 0.0869732950504383
-0.234345159357652 0.177782262829038 -0.292650519505365 0.13485457490452
-0.261634385692884 0.238373900650381 -0.239838094451402 0.171809989680472
-0.292609264587722 0.23333585891278 -0.16649400501597 0.151496744809013
-0.377662149508397 0.183541269092266 -0.0822650288168346 0.124381593440783
-0.443472913349067 0.011699090881461 -0.0220436293328007 0.120294630303916
-0.361383880610402 -0.178850168444392 -0.00388397578337514 0.214858473094246
-0.242754491121115 -0.270184112161205 -0.0883521931077617 0.309182760131911
-0.192318604496262 -0.390049180328121 -0.199649886526483 0.294632823783311
-0.055830731584679 -0.457359845600851 -0.157589515915578 0.311958977230931
-0.0299625353697158 -0.158698966619231 -0.0946693203208986 0.356813736141544
-0.0578038482037144 -0.0295337062997708 0.210280361993844 0.0609454081667952
0.028127626603974 -0.00238533498400426 0.00961500073486277 -0.179146761260978
-0.013252805149615 -0.0750179339083419 -0.151091784036387 -0.152959434307297
-0.110340457092759 -0.0256574660666119 -0.2671075658251 -0.0149756148686645
-0.133741297552264 0.0605288211436821 -0.307353602846641 0.116032088230093
-0.127951878702474 0.122079043262663 -0.338475498497426 0.193557457050392
-0.149587413932607 0.159647473846399 -0.312311006152405 0.247389490696785
-0.181372011506438 0.151987882955184 -0.262489334743169 0.224092878440954
-0.240451860918291 0.0953380919636176 -0.191019089021189 0.177945866876466
-0.262023989811696 -0.0383792307336924 -0.133671849164725 0.140218939254889
-0.170217376520754 -0.140285951296196 -0.0841806126746471 0.192425031049307
-0.107915996343674 -0.125109826387296 -0.141714620654895 0.301668251535018
-0.152008637814407 -0.210275695901968 -0.233096130924611 0.308906862577515
-0.0783627864943468 -0.291306290673705 -0.181478467174461 0.388747981940904
0.093596976515145 0.0497692929456027 0.146751962146106 -0.414425387578086
0.0753974796932881 -0.0446575115475061 0.218490148814454 -0.285324082568956
-0.0100367391871386 -0.0606987730971499 0.145751388728381 -0.307774086322767
-0.0309888462330222 0.0204210000270601 0.0629930566044218 -0.152563729065272
0.0255571261803378 0.0155469264315268 0.169106558204318 -0.100470439910794
0.0332314119819858 -0.0222136556393019 0.242991916894289 -0.16248464227621
0.0217251626860393 -0.0473925346037497 0.28152007388105 -0.241803577422978
0.00837307603461113 -0.0567514747743559 0.311192110429645 -0.281515229969451
0.0138643641056943 -0.0583358525128359 0.310785967149082 -0.259292149492595
0.0288856062837528 -0.0332472047799542 0.287506974022266 -0.1567328645604
0.0288049451725809 0.0159924159063143 0.252117250022095 -0.0459634437487413
-0.0193960797256161 0.048339086749406 0.160660581504096 0.0864305351055715
-0.0592396762880029 -0.0470529062975456 0.0487760828125805 0.123673074521395
0.0322693480071858 -0.0802754561860906 -0.0968343326403974 0.0451610153248358
0.10650039438063 -0.00610363618794497 -0.00990266469537004 -0.279559553403696
0.13833101785876 -0.147324672392999 0.114251642938477 -0.383711726218305
0.0577610080656012 -0.247557849125164 0.270879237911506 -0.215529573092696
-0.0691565103745737 -0.248665930353768 0.176806179541186 -0.328656677254118
-0.184450572174698 -0.123946492001487 0.0455521294144672 -0.159399999533136
-0.185594247513302 -0.0295962705849474 0.133670657843381 -0.0811746154448573
-0.159303585475607 0.0355556412803713 0.2256579543964 -0.125724834910316
-0.127342369189964 0.0577067698371563 0.269046645369643 -0.228706808301629
-0.117917756434935 0.0562785615356044 0.289491577356665 -0.277650076933199
-0.0963449968173455 0.0306025292276653 0.289541057554177 -0.273880075492771
-0.086969194859635 0.0232747580105721 0.283333235508778 -0.182361175264786
-0.0841196884671654 0.0218575654068595 0.266060605609508 -0.0690511190797286
-0.083713874402551 0.00617553705959801 0.171791558476658 0.0874579839140947
-0.0931438019430424 -0.0957838528886074 0.0495832261955741 0.128654713224842
0.0098509415827671 -0.175587579991987 -0.0882814061763726 0.0597597655973924
0.112778648640694 -0.151146303695675 -0.0313809372707975 -0.246798902008075
0.184060139584394 -0.316380044194431 0.0669189971074318 -0.276647130519766
0.0515936930650531 -0.417425177653023 0.320467655667977 -0.101410101648786
-0.0994654401279648 -0.403394073714973 0.2107975184066 -0.347181852028676
-0.291522693471345 -0.261701738064619 0.00197988603472201 -0.205956114794308
-0.360630630106514 -0.0892744629812201 0.0339551329388552 -0.0821012387029925
-0.330341133677944 0.0706016515502722 0.134951292267207 -0.0781674667333015
-0.25758913723496 0.1455985973846 0.193952259361049 -0.178725270537173
-0.22622166374521 0.159495616663539 0.221178487193019 -0.22963270927486
-0.194597822201357 0.127607883311968 0.241780979019387 -0.246928475778879
-0.204205745292222 0.102671235007413 0.266411861043208 -0.188630212262509
-0.221152824286686 0.0508970661553429 0.280482192473442 -0.0846387891487486
-0.196433597614948 -0.0299174523621521 0.193988206782036 0.0988264699489426
-0.168049509283786 -0.160884884835112 0.0459927463896026 0.154246113753574
-0.0444915402373299 -0.283780226564257 -0.105114432654702 0.0853081562035946
0.0892112780348518 -0.296327769632256 -0.0599938381882565 -0.184249578470113
0.206391207115379 -0.424242960573242 0.00546977795526121 -0.113041230624838
0.0414882751082146 -0.500549489943457 0.351108224983119 0.0253604067236217
-0.108038515675496 -0.463999789365608 0.2260225814959 -0.35033557442071
-0.329856966174211 -0.332650870864526 -0.0555269607847829 -0.261268275275618
-0.452602334031102 -0.124104291339885 -0.0994819747214371 -0.0927706269637446
-0.431435525722652 0.0915221361693841 -0.00192400966066523 -0.0299584806791818
-0.337336586461775 0.203939294386442 0.0695806328207363 -0.103865699536554
-0.301054447400797 0.240079638383996 0.116619910739697 -0.146612665283224
-0.274746415124465 0.214891180430749 0.167647955918581 -0.17873497868007
-0.312314757084928 0.19006741082655 0.224494541204618 -0.155707508077975
-0.369054101232024 0.0953917317120351 0.266832556627259 -0.0741949012380467
-0.340125916360802 -0.0557341348172256 0.203923499617528 0.122952194687532
-0.273137464376813 -0.234455245124886 0.0396001661420692 0.197626190229712
-0.123363003297718 -0.390400946599345 -0.129416569063964 0.132474507563369
0.0442250939461861 -0.42420296246549 -0.0878542739114142 -0.0852010336590109
0.186185182523025 -0.444936714822929 -0.0540348996909791 0.0648469189945396
0.0175894015860778 -0.459131326630298 0.350900706783319 0.115588853847943
-0.0874812306469066 -0.400123939664994 0.195842543628864 -0.329086272010774
-0.284585934658491 -0.307712645550479 -0.114530823070963 -0.282507364418913
-0.436127560512378 -0.116121705341753 -0.215370475627127 -0.0905662117274508
-0.436584859416696 0.103372261645491 -0.140826619119619 0.017079712759767
-0.350146934547852 0.229287014886597 -0.0723201210302631 -0.016830783054143
-0.329591483495092 0.285829530840847 -0.00598846370082358 -0.0387264773583397
-0.321628783877604 0.273309530534924 0.0680096328974646 -0.0755645472839727
-0.388765686371311 0.253536075330366 0.149305948750116 -0.0783194910140244
-0.481984892253738 0.123406938118034 0.208823198579762 -0.0249601128665077
-0.456022814720259 -0.0845166775349647 0.177187844320967 0.160137651589814
-0.352928930326332 -0.294601024408063 0.0220628532678771 0.248067703288206
-0.194451118382049 -0.460377364959029 -0.148425975581709 0.196354924715365
-0.00662843965113259 -0.507319393805468 -0.110474696377477 0.0455941299848955
0.123778688111881 -0.38564110523768 -0.0919419188035189 0.212819769374072
-0.0130965511323745 -0.320116311144628 0.315145156910765 0.138209437932542
-0.0455520530727171 -0.249627453078905 0.125812202080071 -0.282206804504891
-0.182546503506511 -0.221305362128501 -0.152951565907143 -0.250494579033782
-0.337072908171591 -0.0806235282840661 -0.276134974410197 -0.0669150905127906
-0.359765768895719 0.102891176206793 -0.238830341105825 0.0602857039468073
-0.305031740029218 0.220453506663647 -0.197066105397763 0.0698857570576092
-0.308502203657394 0.287723247719153 -0.127414239127246 0.0752827338573913
-0.324644985927018 0.285062989788928 -0.0459682662794861 0.0441135985815215
-0.409290797262658 0.256819869851023 0.0437506358002503 0.02571632600105
-0.513789052570575 0.0993950510147445 0.107497595847044 0.0512023397558753
-0.473558201484953 -0.126957194354866 0.10459628361389 0.198495323500349
-0.348776184428331 -0.312218227680851 -0.0136492955981279 0.28888637250274
-0.220958891191471 -0.458628430322213 -0.161547080109779 0.258558171636287
-0.0461041039762523 -0.514915487311222 -0.128581230697188 0.188006554258064
0.0402810013978613 -0.273298523095004 -0.0980168784402969 0.307332639001632
-0.0395624418863166 -0.154952998116174 0.256124072120053 0.100493318903264
0.000118740733400697 -0.101419310860421 0.0465411420556142 -0.2236391776694
-0.083759300172682 -0.132723081259585 -0.163220979464545 -0.188671544072754
-0.213117826959121 -0.042940104868274 -0.279054594299695 -0.0307561713951493
-0.242055377426125 0.0912227429941862 -0.282378007615078 0.0980496431228402
-0.217234464724349 0.184295349226706 -0.281134651964595 0.146799153361084
-0.23962416494402 0.244066709779158 -0.229566787074341 0.178676123871181
-0.273675023643546 0.242473655699506 -0.157756371224884 0.153561088884806
-0.357536670402494 0.198548446579713 -0.0746882211660338 0.121123078024878
-0.434846128654757 0.0358401680181036 -0.0171381909843042 0.115654485707463
-0.367106139810237 -0.159703808281979 0.00826876166695771 0.208705855129353
-0.24638236257827 -0.26010019232505 -0.0644367106938112 0.30524456484576
-0.196809335581545 -0.366306013373347 -0.178828880804937 0.301837050642365
-0.0702869264899316 -0.435535567592361 -0.147320159785192 0.311937297801685
-0.0350078820514566 -0.144183762857218 -0.0769619654280606 0.349198703874907
-0.0486904923075011 -0.023437871295801 0.199229401877827 0.045062732920209
0.0302351680588355 -0.00992424509126619 -0.00597266201951094 -0.170678463503995
-0.0209948291380747 -0.0736748727417211 -0.155769040205292 -0.138218205850598
-0.108660790691952 -0.0161569002492627 -0.25896842671303 0.000237301229449978
-0.123045890597388 0.0668680955154989 -0.290505800342512 0.127572855263697
-0.11514261249367 0.125857881506128 -0.321696655924684 0.205786457746985
-0.133416995184054 0.162023732385009 -0.295773877321261 0.255439578767988
-0.166692569030463 0.156470020236227 -0.246528246183112 0.229373157047977
-0.227776446241626 0.106395983434368 -0.177654207391842 0.179957639739645
-0.259513040231515 -0.0208400825539263 -0.124672235309324 0.142293169351851
-0.178514222239424 -0.130310387412145 -0.0735503761496666 0.190302571297228
-0.106295486681573 -0.124693201436151 -0.116916582337002 0.300049722258254
-0.14989436756461 -0.192738168034468 -0.212130636186487 0.314697921785797
-0.08699951567317 -0.272261687602318 -0.169252607103948 0.385241770908916
0.0966979080183879 0.0265017856898094 0.0930004993060873 -0.410705464564864
0.0613745048996679 -0.0541494202936438 0.173272743564649 -0.303482007672929
-0.0192989085441734 -0.0526361642489864 0.097733470494482 -0.307645240230793
-0.0223583802201298 0.023627029090223 0.0432585944372348 -0.15203964728371
0.027442796226744 0.0085063996819261 0.147664943110197 -0.12060027276684
0.0273050028240661 -0.0273591062020026 0.209794033034849 -0.182877120344936
0.0120921143753013 -0.0503344053225871 0.241841725853986 -0.26367482387135
-0.00321374864994013 -0.0541693731679492 0.262505601567115 -0.303782490590488
-0.000421184662527616 -0.0566499437041596 0.26183250094872 -0.284210159637198
0.0174217949697263 -0.036951113193276 0.25158203451266 -0.186825418324419
0.026401662484024 0.00768228944173158 0.231855043049206 -0.0758208476815969
-0.0079034283839182 0.0440473147967194 0.165923696355678 0.0608012864299637
-0.0614140201339712 -0.0321113969724983 0.0625936621791267 0.109510041088108
0.0165437407211369 -0.0765786369064521 -0.0794652066205087 0.0534244644490214
0.0929136485769319 -0.0251144164626641 -0.0338974943482503 -0.259230577097808
0.118489169546817 -0.169267896878988 0.066676834658062 -0.360215952921093
0.0267961603312743 -0.245622297166003 0.233412007017081 -0.238661731870795
-0.0963937169645827 -0.228564648872968 0.124867952584682 -0.319764272008752
-0.183546638296072 -0.098693793505322 0.0285550245535709 -0.147508678644189
-0.177672015667865 -0.0107593269844339 0.123430338318107 -0.0918933658641438
-0.148696444862424 0.0477810189019864 0.203313224011605 -0.143026831016384
-0.117451585287037 0.0650722480165402 0.232652243903751 -0.245298610740281
-0.109892149604689 0.0670128193821689 0.238671750322158 -0.295701675802484
-0.0936457297224325 0.0407032946311696 0.239167640268482 -0.291427554186556
-0.0846011633009212 0.0306582737006599 0.242832517108824 -0.207661234393791
-0.0782121401042614 0.0281115473569791 0.242033430925449 -0.0971424453238991
-0.0743698049135394 0.0112254822090596 0.174495366605451 0.0619007620795644
-0.0970547295998859 -0.0747314662886387 0.061793211248515 0.113990739705287
-0.0123023888483832 -0.160900497935473 -0.0732121383616022 0.0622686283721677
0.0831838340656618 -0.157803178806571 -0.0513723606273615 -0.230145022062021
0.142264170241513 -0.336793060853882 0.031389402281424 -0.237420892350407
0.00751434008335966 -0.406120646961786 0.295895522267856 -0.131971412792804
-0.140840410627206 -0.375193573856453 0.153564096794129 -0.33565339998439
-0.301162276849539 -0.220184386514729 -0.0178147036701844 -0.178427479615084
-0.350566306691138 -0.0486008790445279 0.0328015471848461 -0.0728661454226206
-0.306422116936747 0.0995279219451976 0.127903410118776 -0.0836038270676566
-0.230073003169541 0.161333225346102 0.165747530797683 -0.184299162072877
-0.199656148056823 0.177225242861408 0.178908580439325 -0.241150649799496
-0.175194628689509 0.14378483739199 0.196609495222372 -0.258081598605658
-0.184374085977941 0.120024776943102 0.224764625353539 -0.208479917848285
-0.203672392536907 0.0726772534483374 0.252606755727107 -0.111423674707629
-0.184956104205005 -0.0106989382341934 0.195846169776876 0.0728614472481688
-0.173908295475841 -0.129831975477809 0.0590787965933594 0.14027911302273
-0.0707623617222252 -0.254430506991089 -0.091150549482564 0.0854182199337416
0.0470673410326553 -0.285851613485316 -0.0718163017978691 -0.173051419953883
0.149416192463868 -0.440032589374476 -0.0106191241731427 -0.0655339339283763
-0.00756144774757112 -0.479840144781315 0.339759246223651 -0.0141415012941127
-0.152738106048209 -0.434777415758891 0.164363196074155 -0.337483641681525
-0.344703712439097 -0.285179070114926 -0.081257567534852 -0.220323651448382
-0.442809798001996 -0.070732660750858 -0.0927102943971792 -0.0626275407859183
-0.40084284522165 0.132771635769024 0.00584474109900875 -0.0200790569134918
-0.297827030905241 0.225198368791775 0.0558061507235028 -0.0959218177106093
-0.260251632687747 0.262587022314995 0.0895630228988858 -0.14881515033218
-0.237523753878216 0.236174259665199 0.133290226738144 -0.184496756164011
-0.274944430969789 0.214846332714832 0.188882980572931 -0.169697288291509
-0.337347336871321 0.134667264112946 0.242171827262171 -0.0960727726985919
-0.325342903062111 -0.0182627345777234 0.206803064312953 0.0977308768765054
-0.2823203093776 -0.188454995290248 0.0547474651293025 0.183804511925845
-0.153789385164178 -0.345058091318439 -0.114754813326627 0.131285361876459
-0.00698677656814158 -0.396544335723228 -0.0906886499816513 -0.0798728209124926
0.12688114910779 -0.45254861790163 -0.0456022159460608 0.111584388521112
-0.0251183153131576 -0.436279128111163 0.349433791657166 0.071041300703518
-0.124358592003052 -0.376144762430183 0.139078473836015 -0.315239512039465
-0.301605481091388 -0.267330799819753 -0.142003573754784 -0.233568141364362
-0.427361953566875 -0.0645999894106697 -0.203657166046599 -0.0463669699926867
-0.402658116246364 0.145961100906353 -0.120484059227462 0.040879396076922
-0.308134293161721 0.251882645130924 -0.0704222285467027 0.00543115396334816
-0.280537588008692 0.308142782161312 -0.0146929477844498 -0.0318423006360536
-0.274372329829851 0.297769142355362 0.0510106581325023 -0.0730769105367988
-0.337559964293182 0.283183992337931 0.12635813229759 -0.0853975441752536
-0.441444924222999 0.17537241507234 0.193358028522305 -0.0387609524442116
-0.439692481000742 -0.0323419999047812 0.183555284784761 0.140158659691223
-0.365256969387184 -0.237786906598531 0.0400185339121506 0.235684332969948
-0.225082868210593 -0.403526783439695 -0.130316159053989 0.194189567540637
-0.0616232198637812 -0.465165345737031 -0.101159027468197 0.0451852242220875
0.0735080686190435 -0.383372738938178 -0.0624904131556746 0.24992520378667
-0.03666107850305 -0.298550081706022 0.314760308185152 0.0941173917479923
-0.0673104324633665 -0.238010359151492 0.0783368122413068 -0.268726703685144
-0.19744209839373 -0.194585277165786 -0.177378695521508 -0.202809695099614
-0.327991675193619 -0.0392523812978198 -0.259643533787101 -0.0184287927819176
-0.327799174491963 0.137700974044244 -0.209560434539826 0.0916958292736926
-0.263702936429088 0.239490098490903 -0.178819774187151 0.102094006118227
-0.256945106802007 0.307924222666069 -0.115562706332517 0.091290860018044
-0.273373221686144 0.307939526333436 -0.0433066364133024 0.0544276339955607
-0.354543942353007 0.288319359219542 0.0394282846976977 0.0273969034567639
-0.471917072149744 0.155997307740133 0.10510989868797 0.0470093787727647
-0.462367856778716 -0.0694032687811267 0.116498753746184 0.185370148548286
-0.36307008988799 -0.257225080030731 0.00915317242681182 0.278637769712516
-0.246003265996025 -0.40017023657934 -0.13777600610859 0.256196084486433
-0.0971374383612778 -0.465869750640362 -0.105790666578755 0.182479907722672
0.00777051474811765 -0.262379344591957 -0.0565961754377945 0.326725197992972
-0.0430563368723543 -0.139586370955408 0.251797588811446 0.0632974053147367
-0.00847760990400878 -0.103341078829086 0.00989214325293246 -0.208912319658044
-0.0963277004544543 -0.119427142033955 -0.180701362077555 -0.147434306750357
-0.206136995302938 -0.0163385871808763 -0.261527638653925 0.0128542736545201
-0.216819852721917 0.11441629975697 -0.248213985762907 0.129857205900717
-0.184320393701555 0.197847740171504 -0.251303141686331 0.182811851675447
-0.195648010196589 0.258676783939209 -0.198791046855257 0.199246910179732
-0.227536694057023 0.261163985346105 -0.136406687204302 0.169527109401335
-0.310083328332967 0.228442198536815 -0.0606961623700542 0.130562020820722
-0.404747508912806 0.0882809369459143 -0.00704566099949714 0.121723835667942
-0.366327302099455 -0.110037475061973 0.0243636502547122 0.206677800206504
-0.260213931208895 -0.222165886677847 -0.0335746852942126 0.298248540882601
-0.210779860826498 -0.317302344152457 -0.147434297344225 0.302441254247033
-0.109384560954553 -0.387382260990108 -0.113275660408594 0.303815966446872
-0.0496012615561625 -0.125171767058547 -0.0285850070816579 0.350134574993797
-0.039840510931151 -0.015299666144363 0.189066992523506 0.0152032350512114
0.0287736373876476 -0.0200008403695192 -0.0342383943349305 -0.157032913646268
-0.0320961181781116 -0.0680333826697304 -0.167937280593371 -0.104129351329924
-0.10430705621556 -0.00186005937496745 -0.241845986986026 0.0373669681616255
-0.105958052388232 0.0789666814275432 -0.25562694531217 0.157307428344242
-0.0927575548396612 0.132467660461219 -0.284034338837316 0.240867790027386
-0.104485626228397 0.168412145496993 -0.25162953065597 0.27825796903798
-0.135578481309562 0.166789032021995 -0.210164435632318 0.248694231482607
-0.198265972418416 0.128237020952278 -0.149471506477651 0.194290925762444
-0.24579922072065 0.0146509673526098 -0.105558950901627 0.155657413266457
-0.185500841747787 -0.10416074573143 -0.0542761027215329 0.193132363776446
-0.109777090911911 -0.111826678909023 -0.0775498720529193 0.29791917156063
-0.148390157564781 -0.159138556083007 -0.171812687792711 0.324829565951822
-0.106500927775042 -0.230796770051114 -0.128886042143585 0.379948220813803
0.0932124795629405 0.0187775306574261 0.104971635104566 -0.390552827528352
0.0539225109090774 -0.0526230913111819 0.171792240335462 -0.296604114917022
-0.0204835853876052 -0.0457412477510448 0.0937506553140546 -0.293151430182851
-0.017009702221692 0.0235575125585173 0.0453959431726321 -0.143827222235491
0.0268752352307767 0.00401941413552794 0.1423516263562 -0.116965633785394
0.024413459777526 -0.0289181909645039 0.202135323306561 -0.171962158981612
0.00831233829832223 -0.0488973034503532 0.235113911012813 -0.247000933344196
-0.0074576033461506 -0.0502293082951536 0.256575141615269 -0.287866132663702
-0.00565750915540935 -0.052872978620164 0.252805690111782 -0.270060468591774
0.0127119143313646 -0.0366282533482291 0.240266734904097 -0.177194241617975
0.025077454678068 0.00470778459075589 0.220011275064065 -0.0742541084596294
-0.00330527460091527 0.0398100232762663 0.159040175024887 0.0555745063713564
-0.0584614698491729 -0.026066863575152 0.0624531173408422 0.101945039741981
0.0108308247868806 -0.0724712867986999 -0.0684881733674802 0.0540093022784781
0.0875962410149577 -0.028583590873613 -0.0240248941875746 -0.243361184880874
0.11833164300858 -0.166175408484242 0.0790429845634864 -0.34206638889667
0.0260624400212514 -0.237558668331741 0.229571779699847 -0.236740156251618
-0.0914528757373834 -0.218803086370653 0.116798032641146 -0.303476464813431
-0.172698953182842 -0.0963060308296027 0.033089978650494 -0.139360591536333
-0.170047252580033 -0.0161087235956793 0.117535358385774 -0.0894306717045754
-0.1448052698354 0.0415437264224564 0.194980237288943 -0.135245574487163
-0.116621746007444 0.0612070241484507 0.223776668080834 -0.230022803153855
-0.110281940738597 0.0644313402448125 0.232671722958683 -0.28054847698569
-0.095683435675915 0.0392792481679333 0.229876992663991 -0.277432669490237
-0.0853947391722956 0.0279044486448 0.23107600527506 -0.198854814707216
-0.0747952145241769 0.0242289733360959 0.228897665024925 -0.0958057923248685
-0.0672186804774026 0.00794943943450277 0.168780264290611 0.0560458842584373
-0.0898381536152189 -0.0686152071342501 0.0628882399186962 0.106413427884103
-0.0115335078580016 -0.152066427620326 -0.0627299276611931 0.0610548614896988
0.0827137056277674 -0.153972528723725 -0.0419051765924519 -0.215778891894704
0.14330066518167 -0.324197150873681 0.0422482383389639 -0.224910121114761
0.0123157218591457 -0.389506208243406 0.288658025422623 -0.13609278971666
-0.130750000581642 -0.361982880127017 0.143462450963908 -0.318834069495731
-0.285255504970877 -0.215413316853943 -0.0117265472775434 -0.168997086033769
-0.336670831612694 -0.052140765402402 0.0310840555747356 -0.07208094801146
-0.297150690132605 0.0922150461992315 0.12247769493928 -0.0804858182023391
-0.225442403763923 0.153032416245124 0.159182859439554 -0.174125521417667
-0.196403203666364 0.169465730916656 0.171818088386221 -0.229719380806248
-0.17299132864389 0.137005004423493 0.186297046160666 -0.247464057656091
-0.180915357276137 0.112415746322262 0.213847416809423 -0.200606791531946
-0.195353371600803 0.0686956015839925 0.238418376404132 -0.109385367692279
-0.175259423671396 -0.0134378531552132 0.189500423862379 0.0667213085063034
-0.162177649276686 -0.12469052773953 0.0600626757096529 0.131470298928315
-0.0635890845012247 -0.242788221675026 -0.0810418017786596 0.0827937809459436
0.0516595272359891 -0.274847671880826 -0.0641964973476178 -0.162448656097258
0.152196849424899 -0.41934246042316 -0.000516655996941608 -0.0607981370666605
0.000785661974142683 -0.459379445560077 0.32942192885124 -0.0227151196560562
-0.139214686335714 -0.421087659601963 0.15236115395313 -0.320545832174785
-0.328944974461091 -0.279335291635092 -0.0729197025211895 -0.20895175255473
-0.425902880180098 -0.0737566315314951 -0.0887921980861628 -0.0618425709788502
-0.385399026786174 0.123333360629196 0.00509845428732284 -0.0207153025788875
-0.289985045086783 0.214360499456022 0.0510255540565674 -0.0910061150835196
-0.254157471756645 0.250985079561596 0.0841878720308737 -0.1405309798037
-0.233978476758171 0.225347690555729 0.124828541270723 -0.176680973063137
-0.267895568066175 0.204384158330547 0.17929088961365 -0.164837563308018
-0.323978965791063 0.127282385076156 0.22950731582408 -0.0957603334491217
-0.312557842744577 -0.0223261273973069 0.200527024422876 0.0913137964537348
-0.265712565251101 -0.185618466119828 0.0554318637629341 0.173056846126158
-0.138596261860235 -0.332346886242 -0.104506142863005 0.126460142423773
0.00377956736214744 -0.379820034317216 -0.0842361217608859 -0.0744497476277281
0.128854446807639 -0.429497569854898 -0.0379078426123373 0.1079870104955
-0.0115995590976703 -0.415151557572164 0.334269433562341 0.0609205819923352
-0.111092206629891 -0.365969057467978 0.12680666021295 -0.297834596870428
-0.288829414305077 -0.262014499396234 -0.131567979405614 -0.222416109206576
-0.41092665434954 -0.065346288467138 -0.1951494872508 -0.045725116122807
-0.387667564410393 0.137313814581403 -0.116417247466847 0.0365819581708413
-0.298088875616007 0.238306320777565 -0.0708081495079177 0.00471925969050464
-0.271885229300923 0.293474685383572 -0.0173448889414316 -0.0292814927733531
-0.268606174358739 0.283121399111289 0.0446921776498726 -0.0712711869622769
-0.328025217804955 0.268806567204871 0.118956588872692 -0.0841916211024463
-0.425167361669982 0.167608258769438 0.182950906666622 -0.0409421502402949
-0.423498320578729 -0.0349369598546958 0.177625300865427 0.132222872365359
-0.347462647715172 -0.236074166769704 0.0426625936367148 0.223373016796044
-0.20437378730106 -0.390794813773937 -0.120998499541018 0.188076595526733
-0.045468870732085 -0.444287203990899 -0.0985767362579378 0.0443534369211756
0.0761230621468363 -0.360941991975816 -0.058433326915823 0.238843756283936
-0.0233639243526587 -0.282577076229978 0.298462561709466 0.0835426121236787
-0.0571153555222775 -0.234166757787413 0.0679345507966289 -0.251561735893004
-0.190726194315775 -0.192269848415949 -0.16699946667277 -0.19248829645248
-0.31465983551128 -0.040787107212482 -0.248426457425336 -0.0193056670690233
-0.313311593325066 0.130667057308943 -0.201921783036972 0.0849243823288779
-0.254252585706056 0.22819127050114 -0.175107752704744 0.0976173791698505
-0.248932247619605 0.292019681508246 -0.115619788958076 0.0873992402032653
-0.267223483564244 0.293926354307695 -0.0451915778634468 0.050531657745083
-0.343280953138097 0.274442571854388 0.0341381100343728 0.0230320085501787
-0.454814087336254 0.149415402833119 0.0975972296032622 0.0421390176398276
-0.448666062837317 -0.0712572989534891 0.114077192293247 0.177265505654275
-0.344243391511624 -0.256759921517531 0.0135624435539956 0.2647055500086
-0.223406506409329 -0.387820188519737 -0.129786198023278 0.248298469064599
-0.0795732585496195 -0.445214542562437 -0.108397026921543 0.176009458329203
0.0116857500480668 -0.243176575164228 -0.0548759936105408 0.311500583068093
-0.0302617100240296 -0.131755533362268 0.235385984310868 0.056075423614312
-0.00371646987204481 -0.104488677828976 0.00403620855028152 -0.194930714130244
-0.0940352977782502 -0.117017570618856 -0.172629601981316 -0.139354875921098
-0.197465245859285 -0.015619316732559 -0.249334166836981 0.011700360260489
-0.205775304033303 0.108803681267978 -0.238833837459368 0.121424731021129
-0.176474574037534 0.187907822116332 -0.244886034949664 0.17483893493379
-0.187246551543675 0.246258562328659 -0.196812578659155 0.19138428595443
-0.220000720693112 0.248816806794868 -0.136051749858172 0.161097952074429
-0.299412539296129 0.217149837372999 -0.0614104157546281 0.121102917970463
-0.390063179724688 0.0849188042089505 -0.00900642245334125 0.11388569735382
-0.356009614096427 -0.10950676644818 0.0226946556396238 0.197683912222243
-0.246325841627595 -0.22459346316806 -0.0293258817140094 0.283522014893474
-0.190454414082417 -0.307328256765138 -0.140601851662148 0.293186907811627
-0.0947130560411695 -0.366656148946632 -0.119002290864905 0.292611510364116
-0.0432602318405343 -0.113202602692944 -0.0323596679511371 0.333225997155901
-0.0289364512648016 -0.0145340064787036 0.173140141346729 0.0116253513885334
0.0287741198146648 -0.024142970203541 -0.0377246237133833 -0.145668413341342
-0.034305613333597 -0.0659764786741787 -0.161802444526089 -0.09748070809071
-0.0997395512248416 -6.42995942826304E-06 -0.230282710657063 0.0352600512032051
-0.0993591292023739 0.0749409864220109 -0.244355611870511 0.147668256736822
-0.0867477622906044 0.126446752394903 -0.274965469751534 0.230973761199696
-0.0975339366692343 0.159523183929758 -0.247363261467028 0.266448616822559
-0.12931375959289 0.157950954137141 -0.207295968082536 0.234421403051588
-0.189072826935843 0.122755759182479 -0.146817771338906 0.181376848205078
-0.237490614642563 0.0155893328080884 -0.10406661909055 0.147997552211758
-0.181783698499765 -0.102045640404122 -0.0546756273613199 0.185174834387764
-0.102878780438489 -0.116361210889386 -0.0727964786610863 0.283091623547692
-0.132506460049561 -0.152695541335962 -0.165801746074987 0.313342503311651
-0.0954971097377613 -0.216698169318945 -0.136890888579042 0.363823762150301
0.0912169950533642 0.0143242156520671 0.128298681555551 -0.380441558295213
0.0489864268604187 -0.0517394984071044 0.180255993417556 -0.295036621004063
-0.0200802499022768 -0.0410906237072133 0.0976915618592531 -0.285342571995749
-0.0131033802684192 0.0227671998090575 0.0523204451110402 -0.139488033816219
0.0271166456744917 0.00107557135490503 0.143363886318076 -0.112656034196346
0.0232198268539224 -0.029752691588751 0.203233889924242 -0.162265609199168
0.00574979859755431 -0.0485427494641156 0.241233274063962 -0.232644730047128
-0.010128906426892 -0.0487374593103015 0.262981148392287 -0.276533296644026
-0.00949783620389701 -0.0511679780504937 0.256495709918271 -0.258413465345579
0.00901205019935324 -0.03769155843345 0.240579199167168 -0.169380467113774
0.0242537807077111 0.00195979699101825 0.216409427759167 -0.0697156341951141
0.00036697299750047 0.037701277677162 0.156353105095892 0.0548005367814713
-0.056090393686692 -0.0216690703229614 0.0624200159189705 0.09855758606993
0.0078025008085811 -0.0710352515462806 -0.0613845985539272 0.0533228519031426
0.0858889233751599 -0.0315111413919736 -0.0104073284622957 -0.235240771779856
0.124178609248377 -0.165726469293087 0.100263806167796 -0.333525438574753
0.0302146456856723 -0.236044479965529 0.237217966139466 -0.237015356623993
-0.0832882682779316 -0.216710864994779 0.11926571050236 -0.294106271409269
-0.164839267074484 -0.100363055982224 0.0412138926241911 -0.13491616205136
-0.167900633277614 -0.0244903913377508 0.119030051780018 -0.0868987760220811
-0.146516093263149 0.0346054790604548 0.195575688959374 -0.127545908273244
-0.121387236010817 0.0563053949954692 0.226561023835573 -0.218147808598027
-0.115054436696978 0.0616545127191193 0.237846636040257 -0.269195407422607
-0.100682109943295 0.0371593195602066 0.232501324784951 -0.266918043555274
-0.0890314557603078 0.0238492776499884 0.23151315074558 -0.191435139319626
-0.0738596135786465 0.0197754489114971 0.225332957778485 -0.0914856763517386
-0.0630289638260399 0.00330961543532231 0.166200451774524 0.056269046408187
-0.0834343197037462 -0.0669544720503101 0.0632107126883521 0.103920763661613
-0.00875388049286936 -0.148760569688132 -0.0561801620769234 0.0596843536599854
0.0877457304879421 -0.152598803011564 -0.0289244646603255 -0.209827932667585
0.155847318822952 -0.318030876538988 0.0598722245908645 -0.218294236786895
0.0257047834468162 -0.386480761536597 0.292217643159001 -0.137862450791947
-0.11635083395059 -0.363679846609173 0.143035015729304 -0.30782169525128
-0.275533624273341 -0.224522906378127 -0.0019528626237117 -0.16430481030242
-0.331896431589234 -0.0651932317391177 0.032336582174387 -0.0715931229069874
-0.29700559256385 0.0797733277351403 0.121643143783174 -0.0767380325677196
-0.231462975069728 0.144142993636345 0.159322135417573 -0.166056525151535
-0.202699156992708 0.163002162877294 0.174913135098545 -0.219889086028823
-0.180683136956508 0.131442515166085 0.18875942424428 -0.238481375379715
-0.186244031064815 0.105785225023295 0.213788884055175 -0.194965900719143
-0.194258092001565 0.0607592667445818 0.234606011185724 -0.106250259950102
-0.170280751534674 -0.0205985245049113 0.187570839248794 0.0664930831219493
-0.15255177956357 -0.127645655086875 0.060851722841491 0.127762391326442
-0.0530131746038391 -0.240774631075486 -0.0750720759827678 0.0795438428897919
0.0644709106504755 -0.270677961466773 -0.0543183972289391 -0.159217549582378
0.168616971268936 -0.407938916067284 0.0103962234730957 -0.0580132495191028
0.0197435816928505 -0.452678849573406 0.328081456566503 -0.0249759703381785
-0.121130579600626 -0.424079540453546 0.152815995042678 -0.308583047177047
-0.316654864289296 -0.289834287651728 -0.0622407738442768 -0.204799040480523
-0.420479325042475 -0.0877548827929896 -0.0866123944372715 -0.0650341869736697
-0.385566962372783 0.10939175816029 0.00360427775259327 -0.0224311032843334
-0.29659222667828 0.203005504199348 0.0495726753634771 -0.088089455375413
-0.260492067365495 0.240925696845442 0.084954899682198 -0.135105366379207
-0.24147822305511 0.216470997577853 0.12476539370291 -0.171518370005102
-0.273248991334986 0.1941412933363 0.177676357788452 -0.160494110582102
-0.323962566849945 0.117144388375857 0.22534835266571 -0.093560715940572
-0.307872447198829 -0.0318332716239971 0.198074109535922 0.0916261454961501
-0.253728310530061 -0.193787080304844 0.0556010152831364 0.169030243758501
-0.121823681173918 -0.333274792400773 -0.100004503602667 0.12280128473892
0.023491943173958 -0.374811885588675 -0.0798699617222138 -0.0734433505950068
0.14359705028151 -0.416196173788732 -0.0345474408632859 0.106438970145943
0.00854119702591835 -0.407711181333022 0.327831739651786 0.0582583995607461
-0.0937382743039442 -0.368148590777312 0.125718629777954 -0.285872103566686
-0.278217067680378 -0.272457173931512 -0.121492647286834 -0.220163421678164
-0.405507104479138 -0.0781858137596539 -0.191386103924872 -0.0524315020508546
-0.386487500242756 0.124614146425583 -0.117597606020952 0.0305371426985797
-0.304565752791803 0.227129543383925 -0.0731870650664009 0.0027613012039056
-0.277488411475365 0.282641212594661 -0.0198377787886661 -0.0282717259682944
-0.276724533292934 0.273078097521138 0.04233662205449 -0.0695966511492788
-0.334462656490746 0.257129030356688 0.116458027910009 -0.0830835517610038
-0.424945155582978 0.153619308304893 0.177879780138909 -0.0393159920242952
-0.4208820303416 -0.0492934541102835 0.174585312222517 0.132923845769041
-0.333690792161383 -0.248873542748212 0.0408214559034929 0.218955432425158
-0.182647944691373 -0.39414351677265 -0.119515463698531 0.184346608887053
-0.0231163379068997 -0.438257952273246 -0.0994533292345095 0.0433666180862011
0.0899541044526981 -0.346753941122762 -0.0606565558936375 0.233797550936825
-0.00617486257361433 -0.276595545603064 0.289042428841194 0.0821584832453311
-0.0440395659232415 -0.237041867225293 0.067154154482788 -0.241722282240599
-0.184494108035663 -0.198274647044065 -0.158557571786774 -0.191632212376012
-0.310530538173739 -0.0481943454331519 -0.243979678318972 -0.0268658772843427
-0.312873164253493 0.120856566333432 -0.202968135668171 0.0760777788783682
-0.257841973457477 0.216824632599774 -0.179193828759283 0.0908301761138516
-0.252087688873834 0.281761994930056 -0.121232796967319 0.084390384390981
-0.272835366781799 0.283086156811938 -0.051484408284764 0.0480329023959594
-0.349657942947619 0.261795055018909 0.0304886800362703 0.0206579045445042
-0.455729213280211 0.13828773425016 0.0928289405718992 0.0411626591090921
-0.444667501114083 -0.084331356493546 0.108676828284316 0.17724147459514
-0.331813686638184 -0.2722940313163 0.0095560309138105 0.259084593635882
-0.199937864753184 -0.39265333438096 -0.1314779393512 0.244327449710809
-0.0564498936339451 -0.438278826940256 -0.116286858882742 0.172784760120101
0.023056184264989 -0.23205774930048 -0.0636234996255119 0.304139203692207
-0.0163090017777577 -0.12859765212537 0.22465681043058 0.0550612728286905
0.00345837854247401 -0.107927045662387 0.00289593793630338 -0.187681105408841
-0.0932879018898782 -0.11931501858808 -0.166133047734671 -0.138699341198171
-0.194707319698053 -0.0186154470225631 -0.245374620269537 0.00406512582324162
-0.203909416471394 0.102031003595427 -0.239232317215249 0.11098740523044
-0.178212502308777 0.17975422061077 -0.248880443233898 0.165966757234424
-0.190027478655912 0.236875789910423 -0.203285082022963 0.184243148377765
-0.224050442710369 0.238028302251906 -0.143922975293195 0.1532465996632
-0.302216668065752 0.205646234676379 -0.0675590548604209 0.114923915382089
-0.388872480323901 0.073593064785995 -0.0146676446347696 0.1105356188569
-0.353723958282293 -0.12007506899369 0.0177578500269154 0.194683857204515
-0.234212702865216 -0.23814717699869 -0.0332959630743325 0.276707736843228
-0.169374689757765 -0.311598292954061 -0.14627979398725 0.288626203276694
-0.073124874365409 -0.359612042452989 -0.134204429889823 0.285986052815573
-0.0361154243430477 -0.105393810978178 -0.0442628690599646 0.325237932646871
-0.020075984420729 -0.015133627767254 0.162626825772103 0.0123535129641251
0.030329562056943 -0.0284295621641396 -0.0373164281741481 -0.140602328352379
-0.0363602054396187 -0.0650677828700962 -0.157836195550658 -0.0964788975793541
-0.0978307345097656 0.000301439347009017 -0.226692667496406 0.0301599664065832
-0.0970951599492601 0.0717092067326042 -0.244142060659379 0.138208983944521
-0.0865154484082019 0.122017515957551 -0.279426335250177 0.220262638310892
-0.0984816008641575 0.153572658761847 -0.2550510593422 0.257266685758999
-0.130885515753495 0.151879665860772 -0.215413968934648 0.224549071999081
-0.189369748547376 0.115578485689512 -0.153140221772094 0.170734536912364
-0.235540599603402 0.0116916321413433 -0.108481431219484 0.141817940190854
-0.181246610448729 -0.107219047598114 -0.0608319318114594 0.181184174035147
-0.0949072593138763 -0.125758706404205 -0.0762364162288407 0.274259832373546
-0.115485153799197 -0.15380322087761 -0.172931660008931 0.308229597354465
-0.0840954747583471 -0.210614408084135 -0.156255986621023 0.355786218489705
0.0924292461576398 0.00991579282983693 0.153685058906897 -0.385654763436112
0.0455097721775239 -0.053148213035466 0.193922516082707 -0.305250340743102
-0.0215016891732685 -0.0377825048007861 0.103703449751726 -0.289248439073054
-0.00958484328080736 0.0240411093282122 0.0610661909461751 -0.14064180987338
0.028004552583557 -0.00217277455517155 0.148945814919169 -0.113829018958586
0.0226251319138244 -0.032138906930001 0.212891232809251 -0.159046080157394
0.00370555987682804 -0.0499474153744722 0.255695827040388 -0.228437121945787
-0.0130726715334622 -0.0483403836679786 0.279854559789123 -0.27665775749897
-0.0130006470220851 -0.0507278409943201 0.270221176328313 -0.257295082641793
0.00555118620813857 -0.0390970729456155 0.248859734786465 -0.167523061472126
0.0249446110143401 -0.00126429058508388 0.220607093612922 -0.0680334812149963
0.00379820289105853 0.0364369327508244 0.159639752491528 0.0557822984306
-0.0552688390787408 -0.0186832136946018 0.0650976998615323 0.099607460126316
0.00409913635688978 -0.0708352643487004 -0.0554208624635887 0.055447466126642
0.0875369188905118 -0.0358634075407016 0.00246644474277861 -0.235481462124791
0.134864009568938 -0.171948887848511 0.125894247757935 -0.337517768819019
0.0360272904462565 -0.243548786480453 0.251896394099597 -0.24656577686748
-0.0806972954563599 -0.223328684979621 0.125646537056976 -0.296397169424644
-0.162704837529221 -0.107695144576269 0.0505403791658518 -0.135653786230071
-0.172130730303229 -0.0337731754713512 0.122858387544966 -0.0876001515252086
-0.152527810039013 0.0292885004031817 0.202303247823233 -0.125435323596401
-0.131060732854897 0.053770460474331 0.237953081915786 -0.214956158923079
-0.124241830067509 0.0617005165621288 0.252185445546079 -0.269743454753042
-0.110423406408019 0.0371784791442027 0.243483974672332 -0.266877080932958
-0.0964167697195084 0.0217856187678333 0.239817404420094 -0.19153067735858
-0.075920519963282 0.0158835532630139 0.229300159883055 -0.0916991247316779
-0.0597821798993629 -0.00035494137376935 0.17085202537258 0.0574237650178164
-0.0803423157129295 -0.0672657071876363 0.0661150851508955 0.103587345890149
-0.00613759908255617 -0.150598371918544 -0.0505382692459008 0.0608802255663492
0.0957141254337832 -0.157640173467098 -0.0183242081927185 -0.210859023903903
0.172925690405759 -0.324353063402748 0.0795393236613649 -0.220522860144701
0.0387717774509777 -0.396431638717983 0.306953617330812 -0.145160348814738
-0.106803211531079 -0.37739226139302 0.14920364013612 -0.309099223897663
-0.274198131021923 -0.240820205116413 0.0072725444042314 -0.166800101281958
-0.339931217271389 -0.079603142551672 0.0337973587481814 -0.0735985740997975
-0.308216414271535 0.0708662072857405 0.125438468457025 -0.0768328310870843
-0.245505742254092 0.141171573920371 0.165077650297193 -0.164643737666048
-0.216952669826475 0.162728423167095 0.184456111342321 -0.219839824085671
-0.193095560319239 0.130981641455349 0.196063903923425 -0.239666393300332
-0.196863421451899 0.103771484385981 0.22126152361741 -0.195930292171404
-0.200881580094059 0.0562003050640973 0.23948299211503 -0.106336057364963
-0.171309640950597 -0.0282754496489074 0.192364308950607 0.0691402907479327
-0.148551200768275 -0.133924680019449 0.0636120765366819 0.129098299388095
-0.0447398149801417 -0.246293583710653 -0.071105920568745 0.0803054031126655
0.0780543681217455 -0.277234414806484 -0.0476859965871176 -0.161209525129957
0.188276242848117 -0.411373015708537 0.0221075329543643 -0.057885348920597
0.0381969064406039 -0.4624403885837 0.338827128524362 -0.0300059685603781
-0.107250548176864 -0.441455077592318 0.155517269725966 -0.308680606341386
-0.316451153449387 -0.31104986644352 -0.0549598943377908 -0.209511832544288
-0.430506541834123 -0.104440920944498 -0.0878077478248104 -0.0701028139355541
-0.399483862250483 0.0993886000659043 0.00244861637119368 -0.0252215499294197
-0.313060699122454 0.199243887340104 0.0488218945882718 -0.0888020410777474
-0.27624658331091 0.24109591820443 0.0872847288874072 -0.134725014937888
-0.257506694064551 0.216567966779968 0.128204806591306 -0.172908798790455
-0.2881836330382 0.191650362610602 0.18311911897153 -0.162810223735375
-0.334682112107194 0.111607034630148 0.228958148998322 -0.094177717217168
-0.313925528578918 -0.0431589736540077 0.202976744392984 0.0941917303062453
-0.251380919380306 -0.208458592158246 0.0568572293616176 0.171532786979208
-0.10924498125423 -0.344857645519296 -0.0985307589066256 0.123914210522009
0.0419361574401782 -0.382801230169628 -0.0786098532933095 -0.0753090966668381
0.16397139906331 -0.417630920563673 -0.0307830900297957 0.108576614382279
0.0282447353339715 -0.415717139995343 0.333826454433904 0.055705915748574
-0.0798939708960716 -0.385436055013357 0.127293277748412 -0.285946537036947
-0.27824299568708 -0.292765398558388 -0.116480627175319 -0.225177929972319
-0.414623347270061 -0.092218696449557 -0.194692721733202 -0.05844413150778
-0.399086982920768 0.116261996896088 -0.12309501885616 0.0250921261502371
-0.320199521321507 0.222869640756952 -0.0797638108070688 0.000979208416719265
-0.295004995835526 0.281975005791649 -0.0232050321507937 -0.0272972441630586
-0.293512260816417 0.273267610009922 0.040463929083667 -0.0708658905961567
-0.351808272050816 0.255365546383825 0.117724734124057 -0.0849077192574381
-0.440912854908017 0.147974874594511 0.180086166893533 -0.0404277002692281
-0.432334578500075 -0.0628526689140328 0.178779520866771 0.137714734851141
-0.332977628931488 -0.271341687746353 0.0404313542757838 0.222605306978532
-0.169434828203681 -0.413197334095848 -0.121350627670347 0.187649889243778
-0.000766100137850272 -0.448108886383133 -0.105451898327915 0.0433429898673031
0.105594926068438 -0.345967507396294 -0.0653677146124185 0.237156814555057
0.0112226262292361 -0.281588364323833 0.28986349769317 0.081845358981612
-0.0324218853346842 -0.249504345280138 0.0661776192610401 -0.240970704618623
-0.185810515886678 -0.212110541532472 -0.156139635773586 -0.196798059526182
-0.31823077074669 -0.0568505209539764 -0.248917025447303 -0.0336301676407862
-0.322265389858384 0.116735895235532 -0.210935882199291 0.0700145354279694
-0.271463066400676 0.215622894060737 -0.190223639820126 0.0895740934099403
-0.26641798502311 0.280798084016175 -0.131258335034715 0.0845289912791659
-0.289738244811238 0.282171516998033 -0.0590136715158366 0.0470807970563794
-0.365702195548532 0.259666621299679 0.027130088566904 0.0188991420167738
-0.472715738732638 0.130102564640028 0.0906987549199557 0.0417507433284544
-0.457511660227602 -0.0998464951366128 0.109904227294541 0.182049916533411
-0.33155873527623 -0.298223615172111 0.0075448778496774 0.263336457194634
-0.185657700684726 -0.413316919897807 -0.136998222770468 0.250491081718084
-0.0350563881845934 -0.447429030993837 -0.128963758716426 0.175706086048227
0.033892237087557 -0.229052607770627 -0.0727410442280675 0.308298894957917
-0.00356204019672787 -0.130547659875344 0.222078599951658 0.0548426562782813
0.0101393994055789 -0.116771602904477 -0.000169087138288684 -0.186741170481098
-0.0953590368369384 -0.126336043644688 -0.167110314761129 -0.142564665656076
-0.199456687981924 -0.0220398076613371 -0.250432281352977 -0.00126867107184049
-0.209867534006093 0.0999117080727189 -0.247930107527444 0.106736680336101
-0.186532257450302 0.179119499590832 -0.26352021384079 0.164704448800841
-0.1984198743147 0.236037417648078 -0.218528524348351 0.186296934268513
-0.235981578534288 0.238086181099369 -0.156498255453481 0.152647517091822
-0.315691168886409 0.203576701643609 -0.0753295238451789 0.11299638830076
-0.402027092397444 0.0694198339921293 -0.0206067680129365 0.110981353586648
-0.364174010816617 -0.134013635954877 0.0142647300139115 0.200140684426995
-0.23230204663924 -0.260395558811691 -0.037829129134533 0.280230357778332
-0.155231598687308 -0.325838830885893 -0.155639177071672 0.296094518114879
-0.0575765851526604 -0.365955066919426 -0.153411447223711 0.291143913623105
-0.0295897475266598 -0.101801215669198 -0.0576572547887887 0.330051034956717
-0.0113591092006155 -0.0167499722378236 0.158204491830795 0.0125087724079696
0.0337077560362439 -0.0345105101679023 -0.0420706748551644 -0.139263068744471
-0.0392612182923091 -0.0665039056453836 -0.160250614697911 -0.0983735336854669
-0.0990514379257423 0.00106692269292915 -0.231288445028872 0.026039306789723
-0.0986899630266948 0.071846588183446 -0.252772672465631 0.133342623745436
-0.0896656767503052 0.121843239891736 -0.294234280149736 0.219724312833125
-0.100172483749611 0.153298818005986 -0.272917794739007 0.258659506149562
-0.135525072722718 0.151878132416675 -0.232877737701815 0.223045592775172
-0.19621198028209 0.114577889389007 -0.164035883017107 0.168782892326155
-0.242862142697027 0.00846562589378322 -0.117233799618997 0.141401731023319
-0.188677781221078 -0.115502178134966 -0.0672024767965395 0.18310346992911
-0.0921227755321347 -0.139905626884897 -0.0828728787072931 0.274456195618601
-0.105652595768116 -0.161415894122867 -0.184319696364017 0.315242670197135
-0.0771767871901153 -0.213154784850227 -0.181170014228103 0.36260480770853
0.0969373681169248 0.00249519374300104 0.178356010437537 -0.407552233086188
0.0422735218123574 -0.0573070633040143 0.206528892316507 -0.330603448748889
-0.0236704791433135 -0.0343995479719868 0.105185408775398 -0.303873001305979
-0.00550542039699442 0.0257173955098332 0.0673300598657804 -0.148679269365095
0.0296536064352979 -0.00673859683634347 0.155758415235892 -0.122260986362847
0.0213870992684343 -0.0363203572303883 0.223680847369655 -0.166353258372586
-0.000519128707799712 -0.0528433601277119 0.273408442594627 -0.237653670548258
-0.0185667320393868 -0.0494154307408314 0.299063356297033 -0.292675610897736
-0.0191229944093551 -0.0513943007849143 0.285290663661761 -0.272047134056614
0.00131900378592665 -0.0415801231789521 0.261002293975594 -0.177977740630146
0.0260674475712588 -0.00488962159350627 0.230039542129925 -0.0746294816761381
0.00910123146892703 0.035705856945393 0.169220238322506 0.0532451618476492
-0.0574982649918056 -0.0129625916513032 0.0730363166407476 0.101082785531312
-0.00203750970903485 -0.0731986151379588 -0.0480038280552564 0.0608740071249574
0.091140701958354 -0.0444746722736446 0.00969403454694137 -0.244388397683465
0.145152087341716 -0.187095388162494 0.148006236611976 -0.355539914978994
0.0357004381322222 -0.259488479279682 0.268171310461876 -0.271943256986088
-0.0847659914996832 -0.234059611856196 0.126748508668098 -0.310795242926812
-0.16955267927173 -0.115550438020582 0.0580658372234269 -0.142359215940346
-0.182532274595955 -0.0399106469640074 0.128945102650716 -0.0939435810509426
-0.164630632716922 0.0279595321096685 0.211536496531569 -0.131493637139705
-0.142498051225003 0.0575078793422129 0.251784634476634 -0.224333800566418
-0.136313364806547 0.0671882121157881 0.267370877682609 -0.284171209738279
-0.121507446267479 0.0411336185326591 0.255765866812713 -0.282549639650748
-0.106724325809856 0.0227314026887295 0.24878655123974 -0.204494051892818
-0.0793827588116077 0.0135838775762501 0.237982342158327 -0.101671818388224
-0.0590203771978287 -0.00308081909618243 0.181881077804093 0.0546001693041768
-0.0808372793261177 -0.0674546218923512 0.0754809487921881 0.10588452435096
-0.00755554444939815 -0.157504778419568 -0.0447378701857572 0.0650053159137544
0.102883847010639 -0.170969502471018 -0.0125435153337634 -0.218865156584341
0.187711431862 -0.345899454050255 0.0972316965126418 -0.231742025527624
0.0436716905503339 -0.421019925705985 0.325618406200215 -0.16682238372057
-0.111021394590097 -0.400011538575376 0.149941006805645 -0.322810057443027
-0.289107032398386 -0.255632322994547 0.0117823748058676 -0.174368376245158
-0.362425541749328 -0.0879649164618045 0.0357832594298194 -0.0792503310668013
-0.328435025937561 0.0723797730514473 0.129552629721333 -0.0825474987185714
-0.263754719680675 0.149294947976869 0.170601292650973 -0.172623520525666
-0.232944462550071 0.174100633453384 0.193662379879449 -0.231575927992978
-0.209055634191115 0.1400020672028 0.204015754248937 -0.25365236920378
-0.212501648360797 0.110018559692421 0.229311308415343 -0.209091013072591
-0.211268347061542 0.0582229581386681 0.248369315081607 -0.117667368682115
-0.178199023997935 -0.031676225453729 0.205235393635329 0.0671995756711705
-0.152610408977924 -0.141178472994068 0.0725455803032636 0.132692895269276
-0.0449552782932997 -0.260940336918828 -0.066541697651534 0.0847985161374182
0.0879520134077968 -0.295041697932235 -0.0456283194550192 -0.166930547589045
0.202060180457573 -0.434306857470307 0.0339502022725418 -0.0598742608664638
0.0459665431146553 -0.489660317385162 0.358566335800904 -0.0465645099332365
-0.108699434835145 -0.470392584351346 0.155189916494574 -0.322432476975616
-0.335468293008984 -0.333501922158909 -0.0546061005458867 -0.218294459390163
-0.457776067171135 -0.11369912301535 -0.0927262503901801 -0.0747298243962024
-0.423448427168329 0.104666602724597 -0.000318340427577172 -0.0283086580528601
-0.335257951519615 0.211154060446274 0.0471618897974782 -0.092985252887947
-0.295078151988478 0.254283284531795 0.0889852620830659 -0.141216462795055
-0.276241182957586 0.230672923476466 0.130555271788078 -0.183185844650192
-0.308299419914852 0.204306824291502 0.189193682308433 -0.174843739022028
-0.353844025846397 0.117862829274766 0.236875687348034 -0.10401878085608
-0.331710918735516 -0.0475311218641759 0.217247369274411 0.0954805386465838
-0.261872087962799 -0.223765935243025 0.0654011465820667 0.177047746737289
-0.109833628337592 -0.368451350169573 -0.0967305896334212 0.131180280236251
0.052325719352616 -0.405589596525832 -0.0808731888018203 -0.0778497572604865
0.176751959587361 -0.437239838373691 -0.0259759974408291 0.115229399595346
0.0379262252762744 -0.437643266454696 0.351350015839337 0.0452510345257943
-0.0773580745810643 -0.411740314478847 0.124253746153111 -0.297367029180413
-0.296103952907803 -0.313139333200723 -0.121010678285189 -0.234075021131373
-0.439974561856353 -0.0993446588075052 -0.205571256267864 -0.0630673276659059
-0.422365850986271 0.121971974358917 -0.13348386113997 0.0251700487262866
-0.340279314058705 0.237609194488085 -0.0892381326364802 0.00127447000576642
-0.311611868046808 0.298434829457581 -0.0293916800165267 -0.026403889403099
-0.314063042308307 0.289635566358784 0.0379773916055815 -0.0745594886394044
-0.374774388318413 0.27018325975231 0.11986495152758 -0.0924103634878188
-0.466336166419497 0.157070722425281 0.185142329816484 -0.0468454137238283
-0.458657992408932 -0.0672935943065376 0.19212789021398 0.141613287168506
-0.350708731954956 -0.294035725931725 0.0478843682499514 0.231167231824274
-0.170788862508858 -0.440401812409164 -0.121089813045147 0.199868364011721
0.00841720472487451 -0.472494543531895 -0.11207242956207 0.0477006532508425
0.115850807780828 -0.358817598810847 -0.064558712579837 0.250166182033423
0.0220503548854379 -0.295442414432786 0.301049456796526 0.0743841587389473
-0.0280391537067116 -0.268703828447463 0.0606032508118074 -0.248788184160001
-0.19942853598711 -0.227428387501392 -0.164469955696258 -0.202926481873563
-0.337245965408292 -0.0603665915122938 -0.262023791835728 -0.0354358170528893
-0.339398550994537 0.123401596000049 -0.224537194905501 0.0724145905902509
-0.287058659478938 0.227928619467295 -0.205066556660053 0.0955579386818481
-0.281553813883186 0.296341825378695 -0.143028271685249 0.092795848137287
-0.307602964338545 0.298995641673975 -0.0675939118158364 0.0499407697593507
-0.388467097490913 0.275174602922347 0.0241976604568446 0.017213896388858
-0.498606565454919 0.141057209394602 0.0924486086668445 0.0400419142184985
-0.489026137811248 -0.106385532455041 0.119620036468246 0.189932900543695
-0.349715092349986 -0.324238746109021 0.0120448404296052 0.275131102736512
-0.187423234352672 -0.441078980232022 -0.139732230912107 0.267853024873751
-0.0270369748635928 -0.469561973001718 -0.140965674099818 0.186934086308714
0.0402538021283778 -0.234184316463795 -0.076555347791416 0.324368277654248
0.00683078502055208 -0.136680885463706 0.227643234408486 0.0486755625482167
0.0153751476140801 -0.128565883079827 -0.00782680716358362 -0.190656226106744
-0.104225572681818 -0.134883244297526 -0.176517738590476 -0.144988598260836
-0.210828207075567 -0.0213260971308958 -0.263675777071427 8.88853993931704E-05
-0.219137580183264 0.105958813104205 -0.262935180113499 0.111172206734514
-0.195545453504075 0.189548259676066 -0.281011185591766 0.176464211372569
-0.206924525231968 0.248079247001831 -0.235216311643039 0.198628922796338
-0.249374637911819 0.251756361751794 -0.170274692356829 0.160570672357506
-0.3340275250098 0.216583672798439 -0.0833557162802707 0.116775584525919
-0.426196928600209 0.0759568577913687 -0.0237139947461247 0.115406989837236
-0.391300589074875 -0.143130946241338 0.016737653749039 0.211374835177292
-0.245476034625609 -0.28620037826937 -0.0366264933325158 0.292945205944925
-0.153840763546552 -0.348261139116289 -0.160856287391274 0.31732481526312
-0.0530578121345064 -0.382187000358451 -0.170256917848685 0.309769177584188
-0.0271999793998642 -0.0999589762051906 -0.0620819467637093 0.346609536372002
-0.00320503729433981 -0.0175916738106786 0.158331254106906 0.00755521347151062
0.0361243568320829 -0.0424404586687219 -0.0514800282603725 -0.141502467507083
-0.0456019363966779 -0.0699859462130604 -0.171335946213636 -0.0983677601071047
-0.103945162296157 0.00397376601163315 -0.241961000788996 0.0298100437984174
-0.100941210734055 0.0758517134991372 -0.266658809057263 0.139644129034517
-0.0903775722334053 0.129207648581211 -0.312305300435363 0.234540196788553
-0.102757955530962 0.160265486419557 -0.291836476914457 0.275491949247962
-0.141031041608256 0.159538499556618 -0.249618625432494 0.235460241098621
-0.206136805395841 0.12253039520146 -0.176503948140559 0.175782311948238
-0.257784547057685 0.0122532401162585 -0.12567187982269 0.149432751081692
-0.205467538614262 -0.123440414629357 -0.072604768408774 0.19529367182104
-0.094886245854755 -0.157909558927501 -0.0859427253322531 0.287573720964543
-0.102648077469205 -0.171920571510257 -0.194403495658246 0.337014963089633
-0.0766104872212182 -0.21801683762996 -0.202011297637537 0.384180049562894
0.102324876287403 -0.0181630953295614 0.125723250266474 -0.459762885429188
0.0302257744431141 -0.0628957107554815 0.159581470950384 -0.391966565639922
-0.0293633597923527 -0.0231025364257938 0.0558230602259924 -0.336423404877117
0.00494934003236245 0.0284355445727096 0.0459126036659981 -0.169852878538459
0.0304993370225186 -0.0130421766221094 0.137409961761467 -0.155764337299703
0.0134567214303394 -0.0418689006508359 0.206455042020519 -0.209173043750418
-0.0125611020900199 -0.0538520281508578 0.250649772604317 -0.297319866427451
-0.030196495565405 -0.0429972065363606 0.266486911576773 -0.35476492561472
-0.0316188841374283 -0.0442854598481867 0.256477882148173 -0.333097439773812
-0.00994399549586679 -0.0405758377214492 0.241630874894799 -0.230268226072647
0.0247061479329549 -0.010063860606592 0.225928826676306 -0.119671209218006
0.0179680957149583 0.0324937166952623 0.186832846822952 0.0222769340794921
-0.0594938315651763 0.00182813755614895 0.0981314021964968 0.090224576315759
-0.0187524827268551 -0.0719809904523979 -0.0319892803856374 0.0712263170613585
0.0814926114859576 -0.066423958832903 -0.0183514411838919 -0.255244059208764
0.123345132900993 -0.229359492268619 0.111164328251563 -0.384065047811994
-0.00482044249058947 -0.278912299851912 0.239645447739272 -0.335550300821283
-0.127156480713472 -0.228319866814322 0.0856710010055705 -0.336383821280613
-0.190752530275764 -0.0961147017324065 0.0467477265653825 -0.154844838654151
-0.198003218920273 -0.0165073903647341 0.125806159450489 -0.122358984634683
-0.171970880786895 0.0542402974397226 0.206442979529399 -0.176525198010977
-0.146743167196012 0.0840257420679886 0.232389458079072 -0.280096959623223
-0.135086543019743 0.0976801548526031 0.23350490204669 -0.340099727093332
-0.122200420917788 0.0682811135909811 0.221286458064367 -0.338920353609617
-0.110631405749837 0.0442367030677714 0.224223413769481 -0.255093470590678
-0.0804687155358822 0.0269127578573528 0.229997265413201 -0.147390054134654
-0.0585030954628032 0.00225010541730738 0.202750095028301 0.0220781743763592
-0.0912197571937088 -0.053942032248886 0.100262530333803 0.0954268972706467
-0.0340581856229246 -0.159858500204238 -0.0301496759980327 0.0744584958619506
0.077634660148592 -0.19638581292218 -0.0400830181609226 -0.226602884337796
0.141692900329333 -0.404459679508358 0.0844490324039846 -0.230149380953249
-0.0192885948199008 -0.451320635308393 0.322146951120888 -0.230975734376418
-0.179877146106333 -0.404151323841807 0.112360334201854 -0.345758358320688
-0.339487078817613 -0.228233742727469 -0.000310808965248871 -0.172305789430828
-0.39280768617992 -0.0400444229707665 0.0412870130702913 -0.0895622158069872
-0.336958014971944 0.126488082662229 0.134645653306404 -0.11481247522443
-0.2600238860402 0.199179444629701 0.157338262335121 -0.212448629897277
-0.220148074659573 0.223059543007634 0.163346869077979 -0.272792071793458
-0.197126004486941 0.184755445463137 0.170100738340064 -0.300490916826158
-0.206113102650893 0.1519403287754 0.202432381326219 -0.257501110669006
-0.208808763345848 0.0953887422719474 0.239801950675389 -0.167187531093086
-0.189151613486245 -0.00880445656612327 0.232635056719931 0.0338104713861563
-0.178116363171809 -0.122141583308223 0.101356175761104 0.126138802215494
-0.0854203751566514 -0.263481955780062 -0.0533033831196079 0.0989429849461091
0.0464989823994364 -0.319862825395856 -0.0691536622089728 -0.167494835748432
0.141695674758461 -0.500278149293447 0.0503765205900756 -0.0298007689979172
-0.0230027991657689 -0.524177669799145 0.377070826423867 -0.10685583118433
-0.186787408075646 -0.480726423795172 0.119141720927499 -0.339027744869322
-0.40066286651789 -0.303432255557974 -0.0753401171306315 -0.201582449025648
-0.496428317011494 -0.0519481633247797 -0.0866390117458813 -0.0603386857896401
-0.431489660684382 0.174896914587966 0.0110459801508329 -0.039183187998699
-0.324318750081754 0.27395854867528 0.0409173785484301 -0.105549503230401
-0.271825450797123 0.317023253411419 0.0685756371291256 -0.161188332715499
-0.252724679120722 0.287689295657923 0.104413328591663 -0.212628008857671
-0.2896200954252 0.265026007604258 0.166517972389106 -0.213703272789325
-0.347334014113432 0.183090367621614 0.233059245258931 -0.151635278397276
-0.354673366857925 -0.00138346703498576 0.252339815470829 0.062848773285993
-0.307893684466099 -0.193088927545914 0.102120784026863 0.177134435085359
-0.167486635265497 -0.367539896746672 -0.0803216293966055 0.155288227153349
-0.0035373291260535 -0.426745659727852 -0.0949822707982272 -0.0686999964946626
0.113303349049511 -0.494680617951747 0.0174776323366516 0.164666519202711
-0.0221397816827217 -0.466064264521758 0.383048324741527 -0.0102761775430363
-0.14193472928261 -0.426199495228998 0.087065122640553 -0.308570841674688
-0.356712431153612 -0.289919833459814 -0.151134250472495 -0.204726421356045
-0.47605892367582 -0.0391494909886693 -0.203084510145683 -0.0273831995139811
-0.423219458971722 0.193440408406643 -0.119619462111954 0.03798357915735
-0.322920913088823 0.300749206868903 -0.0863767569590515 0.0188847041311903
-0.280913786681921 0.36332959056031 -0.0374865183051955 -0.0216763967714529
-0.280764919476714 0.356294247539844 0.0238418868738162 -0.0834582579749051
-0.347943263531207 0.343551040476977 0.10876841818203 -0.115764968012549
-0.45921181158431 0.242736010614997 0.190615681422369 -0.0827279690991024
-0.493757231753754 -0.00158965859296994 0.236123683128045 0.118482673073141
-0.414816665254946 -0.254209532111395 0.0926835155502155 0.240770144729316
-0.239676173142284 -0.43602812902247 -0.0968714389411583 0.233891005782945
-0.0569083665758895 -0.489443938451315 -0.112616987789151 0.0690037575847604
0.0616226457081973 -0.398468176050284 -0.00449666486239586 0.304778447807708
-0.0137836046285239 -0.312964072326867 0.328401456318749 0.0257722126962009
-0.0663214722196667 -0.284431113434849 0.0213178610138854 -0.25094267062011
-0.243407992425563 -0.213528635947073 -0.196956158039146 -0.166340843156419
-0.361926940440496 -0.0123637071886714 -0.262922203441819 0.0108134779095993
-0.334616522904168 0.180338083972881 -0.211158533242026 0.104704988472521
-0.26671693684075 0.282453442574179 -0.193630355461711 0.140729946724041
-0.247823371183308 0.353694053223665 -0.137634621225931 0.122668049974234
-0.271244214609447 0.362454347367781 -0.0669361811430659 0.0647885104468377
-0.362108846924053 0.350493611815706 0.0267596203376224 0.0156287245528644
-0.497153881430376 0.229141571017813 0.107737823244003 0.0258709352318819
-0.53161507820441 -0.0377141253856887 0.166859295862183 0.184661411571417
-0.420422395147929 -0.288859372605351 0.061499416775394 0.293215082865603
-0.255287462462793 -0.434627570485226 -0.106316257251883 0.311227490399493
-0.0919999469475091 -0.476483055733883 -0.123745304834467 0.220585229632041
0.00385799111228302 -0.252086753509474 -0.0103763121289745 0.372476760339365
-0.0060334371566739 -0.144801011006452 0.240238471568064 0.00989342439291512
-0.000791395785236737 -0.144754736980007 -0.0455438634745683 -0.18362821540332
-0.131302696417611 -0.127924390302017 -0.204631737047195 -0.106317241452063
-0.222075490770611 0.00873803424175788 -0.262947443090683 0.0479327359997815
-0.20883638457357 0.143939038739175 -0.248326576677927 0.153913228056594
-0.173184621250386 0.227171810574472 -0.259590539203197 0.239935728826281
-0.176320590312147 0.28872261208152 -0.216202684140678 0.248899248609172
-0.218355638153135 0.301945270109829 -0.157174415914177 0.19892656221874
-0.312365138795415 0.277830248283089 -0.0710097476012337 0.137419901920105
-0.431135294932059 0.150217552909821 -0.00302533709819655 0.125655067850035
-0.43567474225731 -0.0910676509057003 0.0597630648336595 0.225637902775587
-0.305468870886233 -0.267350135110831 0.0108479261416463 0.317809012510638
-0.203918082114025 -0.343971713361632 -0.120182481879954 0.366095195469918
-0.105099584477681 -0.382056201918787 -0.13977517273884 0.35618864237725
-0.0431444268630761 -0.0974592981723725 0.000946417219561903 0.380485198103377
0.000874216551717244 -0.0199192995715018 0.157267405987779 -0.023298271702602
0.0321445548705546 -0.0569108151479618 -0.0860342170042231 -0.128881996639342
-0.0606370304485632 -0.0657902972065984 -0.193816993318184 -0.0608047949225006
-0.106314800319935 0.0195042708232602 -0.240338731356966 0.0765187567102357
-0.0897451878876991 0.0939987618769235 -0.252154497508976 0.187349717569447
-0.0720144516265293 0.146895817437812 -0.286236732364426 0.307997048765755
-0.07937934664248 0.179341977028405 -0.26231860200232 0.338573530513293
-0.120396408385376 0.186883750506245 -0.228685875848395 0.290493721327782
-0.195213778227524 0.159811918606336 -0.15870680443072 0.214150672364498
-0.266932892576707 0.0561262327200645 -0.106806511821026 0.179037194037331
-0.237567253613133 -0.0998595780418865 -0.0434907243602305 0.222029024454975
-0.126084539653252 -0.158191887334896 -0.0430521558257253 0.316668800044863
-0.12271547523477 -0.167189024973054 -0.149192360105769 0.392142728547885
-0.106799036196609 -0.206187687986438 -0.164416299195522 0.440804307508246
0.0982475517174594 -0.0349065128139082 0.101316956941556 -0.48689659137533
0.0174263258309682 -0.0657706351440989 0.12535231453581 -0.423114915881718
-0.0308817073343714 -0.0152782451567172 0.0224748115202124 -0.344219292162719
0.0133426925032758 0.0273320776287447 0.0332226906382519 -0.177612083089813
0.0280681044535488 -0.0200147165219146 0.12358078403848 -0.17144800076778
0.0062475839007678 -0.0455357122395875 0.190748346362758 -0.229084611832614
-0.0224851624139532 -0.0520467440469694 0.232308676869499 -0.323694841370991
-0.0386401671238118 -0.0365082489469118 0.243132079948237 -0.387605348923503
-0.0400916903104977 -0.0376115319843392 0.229587504971318 -0.362787489735676
-0.0193132082454899 -0.0390731543943927 0.222588502301411 -0.257097145483682
0.0222579073412146 -0.0172743103678 0.214790120882518 -0.144358979867031
0.0260131874037761 0.0263065212687354 0.190804449949015 -0.000426835115214486
-0.0566499994688037 0.0122951902624754 0.111537733746103 0.0766366448022299
-0.0313494553551476 -0.0666200730355011 -0.0147112663119283 0.0737006376364544
0.0722548006843538 -0.0814514135402143 -0.0321313048961274 -0.25610497134214
0.104232183784634 -0.251958390789122 0.0939659990318602 -0.406364751537017
-0.0339982287189924 -0.284734892886137 0.21108436169943 -0.377126839695574
-0.149620965276306 -0.219281088351872 0.0507948734112315 -0.344867793956581
-0.200046875111939 -0.0825733920489272 0.0374015683302805 -0.162134517853239
-0.205884275380882 -0.0023864002003792 0.115605458385453 -0.136322679547872
-0.174836332124848 0.0686138278318309 0.192601840048187 -0.196892598788613
-0.146443188404535 0.101213001192649 0.211318477700974 -0.303075084026845
-0.133569134355424 0.115930823276335 0.207476436419581 -0.36759308092674
-0.122950740019166 0.0853002173441767 0.19317141466371 -0.363511691556687
-0.113124499070833 0.057264239085258 0.201063026039386 -0.281203522696658
-0.0809420085746636 0.0311196457437737 0.215560012979549 -0.173231641633734
-0.0557201762523745 0.00264791630426083 0.207283247398642 -0.00235797913972476
-0.0924610823362764 -0.0439029220077027 0.114510244913736 0.0813890279675185
-0.0503921294965486 -0.155817464192092 -0.0137915183380379 0.0749092164572172
0.0601395425228462 -0.212076772716221 -0.0531102448562934 -0.225587839434212
0.111547834579364 -0.429011163650956 0.079012346304293 -0.24653860259167
-0.0602163684978382 -0.460779075921731 0.302307109419147 -0.281470297549854
-0.218655585810517 -0.398222319950742 0.0753491862278488 -0.355854395487239
-0.364817365829458 -0.205233287921248 -0.0109412380884292 -0.174949402881512
-0.407608560669029 -0.00678444446595942 0.0334581272621992 -0.0954848063777485
-0.335647675126862 0.157499078983962 0.123404452139 -0.129298980106021
-0.250491280686691 0.228614478681816 0.138909062220296 -0.226723708751551
-0.208275990547553 0.251467572966266 0.141898103243967 -0.290782347066632
-0.18866149268928 0.2100990556344 0.143134552533129 -0.319332800066986
-0.199587731168389 0.17562203680459 0.177419190974931 -0.281327825347726
-0.204353241797541 0.114084780542126 0.223148279117164 -0.194942304505085
-0.190657040670156 0.00351751539177575 0.23931756697093 0.00552488366562529
-0.188337905990275 -0.10914271386775 0.119474352359443 0.11230918751202
-0.108929303083428 -0.259782855681134 -0.0356376048053021 0.101952216766507
0.0222630124318807 -0.333520933025531 -0.0798827100561273 -0.163704891219094
0.104594379780469 -0.521828809319314 0.0592968317023312 -0.0386518565690955
-0.0660068793885958 -0.534121707246017 0.367837230940992 -0.159588605136494
-0.230448109881177 -0.478792424725905 0.0822117851839829 -0.348617417066934
-0.437500305666863 -0.27763241589703 -0.0909084737707468 -0.196496050456453
-0.514544681360458 -0.00907818726180231 -0.0944854594357429 -0.0545965168727036
-0.425383280910099 0.216518047871873 0.003303033129543 -0.0415560041349163
-0.307173973143212 0.310293736054583 0.0287900787866858 -0.107691296416297
-0.249898010346207 0.349880322015607 0.0530635929114079 -0.166921860721679
-0.234710213837287 0.31993401956897 0.0822653380169696 -0.223809011499057
-0.273495670960094 0.299068406213414 0.144996923195499 -0.23399044666363
-0.337735670932663 0.216909342727917 0.217143127898053 -0.178635118527757
-0.361384436841831 0.0289499386575016 0.264455726653434 0.0340016553566868
-0.330062978093701 -0.172450915672566 0.124546406606114 0.164640628700172
-0.199201450735865 -0.361799817912228 -0.0587003692015764 0.162002675148271
-0.0349635066953147 -0.436915555620048 -0.100584696340635 -0.0600720428484075
0.0761318625911329 -0.51058710298675 0.0395065906887366 0.163212888718229
-0.0550134934103735 -0.473938205562421 0.378198477057234 -0.0598364488092024
-0.178771951244439 -0.429838685054919 0.0516544939395518 -0.311944196738976
-0.394015225576842 -0.266207205913184 -0.168091118188884 -0.191294570784325
-0.491482767890847 0.00406733234270736 -0.209102926471683 -0.0114268678589879
-0.41545301317516 0.236300765252632 -0.122823722983929 0.0492968969791346
-0.303512334583219 0.33671156247283 -0.0908901670911472 0.0310952098600619
-0.254734140986821 0.396582774125864 -0.0424276366235752 -0.014018466454028
-0.256301814623438 0.389271409718342 0.0119638781403987 -0.084212614519901
-0.324682620455681 0.384802487840892 0.0949336547771259 -0.129045640565812
-0.445804080737009 0.290930378237564 0.181442362300441 -0.103299357406051
-0.506361303374304 0.0430704670987969 0.254032335385551 0.0935403294827507
-0.446548338206929 -0.228324916098134 0.120243290590619 0.230170666899791
-0.277011697946908 -0.428786133527248 -0.0696534658658731 0.244796656436459
-0.0909382564660188 -0.493660530569246 -0.108564285794071 0.0820728421089567
0.0332426542333191 -0.406557045039287 0.0259923423364468 0.307726338951118
-0.0322786598772638 -0.318344366531528 0.324640069844009 -0.0146216577451564
-0.0900218609372128 -0.291860407764518 -0.00838435288290485 -0.246788907799519
-0.271303651393299 -0.197719216431143 -0.211398164897254 -0.146987398851994
-0.371330910091887 0.0221064633763199 -0.265650723273253 0.0338606329981536
-0.32268950299809 0.215034278978358 -0.209204659848341 0.125694743643377
-0.244977074706393 0.312049000782174 -0.186716141134361 0.164747823924969
-0.220038682746649 0.382235278287354 -0.131554247409689 0.142346027836759
-0.245502261120476 0.394670731098711 -0.0672480267049562 0.0746886683022956
-0.338630868332799 0.393669178468321 0.0237764583074043 0.0129446429083672
-0.486103524881394 0.281767230540893 0.10755466705008 0.0152944004631004
-0.550959287243454 0.0117503227173058 0.190341235791613 0.168799529602464
-0.458333719181194 -0.265681681428057 0.0923714062453287 0.287828473162173
-0.292282424556719 -0.427211675293193 -0.0733862439390539 0.326101855389456
-0.125524174974158 -0.477240883273056 -0.110502720038685 0.239141560153875
-0.0123636952549687 -0.249814249952685 0.023570406164086 0.376620709928148
-0.00818602303334433 -0.149177343636992 0.232642045768325 -0.0185639047299751
-0.0127346697271505 -0.155338224064243 -0.0683079781267254 -0.171738654554758
-0.150133906507205 -0.118260243493959 -0.215135545903084 -0.0836898715449604
-0.224922287627369 0.0326411027699091 -0.261507480644538 0.0732427617424677
-0.196962669975478 0.165948912061926 -0.242188733255431 0.178115922596615
-0.153918878040648 0.24581316945121 -0.243806624369461 0.270802268877786
-0.151682615893671 0.308679791263344 -0.20085822838841 0.277883155441192
-0.195090660092173 0.327495923075927 -0.147257614074483 0.219753570944215
-0.29392442133826 0.314359371811135 -0.0640655366432779 0.145550995965613
-0.426418953154382 0.196068770697922 0.00567239325148485 0.128124961228837
-0.458803037855096 -0.0527023601273458 0.0832094864546703 0.222941696048437
-0.338626317199434 -0.254804093960102 0.0415840257708071 0.319272681372014
-0.231106109028574 -0.338998026696803 -0.0848709887581923 0.385994575681979
-0.131835673540365 -0.374798806215566 -0.118016761927952 0.379083932418871
-0.0463817079514838 -0.0891852985872943 0.0316984939400895 0.385884691015713
0.00788166014466681 -0.0231680785429507 0.143878058006427 -0.0404514190215713
0.0254979394375485 -0.06737190414048 -0.102797428580313 -0.114124677205806
-0.0718710635964818 -0.0584989943230229 -0.200856877443148 -0.0376363694986585
-0.104779540527323 0.0328236021331196 -0.235190988430189 0.100572524700719
-0.0796291466587378 0.103642230771448 -0.239683637202643 0.213107236890292
-0.0546720807702826 0.154947942573449 -0.26165614143926 0.342017882088229
-0.061278882543756 0.185866308511155 -0.238187965893753 0.372973161564917
-0.10373180664137 0.199374178592549 -0.212331825023555 0.317646404951782
-0.180931290226355 0.181952022585691 -0.146621166762896 0.230988341581819
-0.266399955220408 0.0858522854607869 -0.0940193632755417 0.191908412702239
-0.257690299805966 -0.0791881153794082 -0.0235448041089749 0.231405076681291
-0.145059257324776 -0.159964898902661 -0.0143822700342301 0.322070138228367
-0.130681130059967 -0.163133405820835 -0.112655372013365 0.415870634237806
-0.120290518564859 -0.193333212962548 -0.137239650949944 0.46942537904253
0.0862559670334454 -0.0476349771130999 0.0726150105277982 -0.486303972059589
0.00409981098173977 -0.0620990694747353 0.0834149432889653 -0.428821534431746
-0.0298315364969926 -0.00629190460108174 -0.00979781037797838 -0.330225038484484
0.019786749866643 0.0227414957279253 0.0205710732732329 -0.174989456823244
0.023283566428052 -0.0248884039156133 0.103443055982456 -0.175534717804555
-0.00170584333968042 -0.0454750037910068 0.166896003682703 -0.233835221892873
-0.0302277813054305 -0.0459376005878231 0.202342710742774 -0.32973903602969
-0.0437204271703617 -0.0274187895466617 0.205363217417939 -0.395917767931444
-0.0448432469960358 -0.0280301250866705 0.193147519683292 -0.36988354361515
-0.0270737265675165 -0.0339145116832652 0.1912090273654 -0.267015017876506
0.0173853069276752 -0.0227367376491701 0.190651260602603 -0.157857917480996
0.0307967013465465 0.0180398180415791 0.181676318301619 -0.0211081628539168
-0.0496446714766338 0.0215763197935313 0.115715332252716 0.0578341841097811
-0.0399894393334776 -0.0565214099269308 0.00238864406221897 0.0699113149758644
0.056720558099515 -0.0900823831408357 -0.041912640275414 -0.244077970713576
0.0791138808577063 -0.258342164489186 0.0718865000327184 -0.407694942410486
-0.0607157349872021 -0.272898066780729 0.168524116320972 -0.394066817371522
-0.162309381633217 -0.198283023811668 0.0161972311798716 -0.332160360211592
-0.196901035845815 -0.0660176539003588 0.0280595064285381 -0.161622531229056
-0.202512025725618 0.0114904325510204 0.0983121895686188 -0.142524299333298
-0.168008391745863 0.0795509724016175 0.168961446158241 -0.204263769335334
-0.137369047214466 0.112127656962787 0.182283782312787 -0.307096840344233
-0.12314756317743 0.128710484330198 0.172676649186125 -0.371190836610786
-0.115670758150993 0.0974097074190923 0.155085329465185 -0.365700668234206
-0.108336312463393 0.0668544668630246 0.167105863907488 -0.287325349377944
-0.0771415375255132 0.0332012589404722 0.18742493416914 -0.187549857783246
-0.0512303707807327 0.00186842637310798 0.198716873499637 -0.0259568495655442
-0.088016419911624 -0.0333101751357275 0.119904294824652 0.0629224185448041
-0.0621832554546873 -0.143406747752518 0.00281830889838638 0.0698098783218332
0.0397530778572557 -0.213854111029811 -0.0612457740956148 -0.213929867092487
0.0756444326913878 -0.42880570533412 0.0680113444335854 -0.250656075933255
-0.0952062736120935 -0.442192209295475 0.262680103233265 -0.312142015838182
-0.241718783908502 -0.369246213286124 0.0384171056945689 -0.34253483826583
-0.369877591692784 -0.171549806735983 -0.0194917387412925 -0.168766771046666
-0.397617046106354 0.0247718926908135 0.0239000412954307 -0.0958534469165174
-0.316094354213038 0.179131902405802 0.105604354396927 -0.13325846241737
-0.227861196953321 0.243244214537422 0.114819074099559 -0.226192581154008
-0.183991444019289 0.26459271958444 0.11362812883019 -0.290390588370682
-0.168639828686591 0.222703652400493 0.109487079491736 -0.317245543142404
-0.181821066888272 0.188939754211716 0.143296259282177 -0.285862832560718
-0.19012903163849 0.125292044838571 0.192766519879199 -0.208368906037464
-0.182917636499722 0.0146225738130313 0.231459695799503 -0.0216212527753993
-0.186332094341007 -0.0914098315075318 0.127479793467849 0.0916389147011102
-0.123410024280667 -0.241927840263469 -0.0177641045263279 0.0966302443578679
-0.00239570092841641 -0.328541191586721 -0.0849523147920694 -0.151951836029445
0.0619883913293673 -0.513717440697418 0.0636753009244048 -0.0463974979090875
-0.101820858702392 -0.512115428997879 0.334968395709293 -0.200042976135776
-0.258621857057681 -0.450980148614575 0.0411730825806905 -0.335375731330961
-0.449075275399545 -0.235782914417485 -0.0985125423582501 -0.181210678901301
-0.502215450905482 0.0335761645149408 -0.0952460749761478 -0.0464172528980468
-0.396590570429883 0.243802334927285 -0.00398742990394866 -0.0394531031305077
-0.274849217438047 0.327538445137946 0.0156677356627918 -0.102516714914213
-0.21570704645715 0.363870139789514 0.0370192734095438 -0.161921511679979
-0.203275199982135 0.332064020180015 0.0584101988129906 -0.220368385079937
-0.241934963713213 0.313992510254981 0.116029631678182 -0.238111003062716
-0.30912999275201 0.237965713918648 0.188850226466156 -0.192161536123873
-0.347221840934748 0.0548080990007058 0.258693147458005 0.00368946918085334
-0.331361746631443 -0.144559843106141 0.137001096266703 0.14263899537855
-0.219036657294391 -0.336736971180547 -0.0359440240813737 0.156188618878945
-0.0617695677160212 -0.422659716400161 -0.0989606225298566 -0.04953304351148
0.0371951382253969 -0.496183381533716 0.057849091744464 0.150010957736335
-0.0829959146777554 -0.455040033924949 0.348750363449906 -0.101364990672087
-0.204605672990087 -0.408189994599454 0.0164532296157234 -0.295344116272803
-0.406146907060458 -0.229543973826162 -0.173325486282895 -0.168572923618623
-0.47711611935367 0.0453800439302688 -0.203165722826122 0.0059078671776042
-0.38293435041885 0.261557978557928 -0.118961764838231 0.0582751568124984
-0.267018435562107 0.352136517824507 -0.0883982269005824 0.040811731015252
-0.215108122471222 0.406172718957074 -0.0435841692290075 -0.00543700576743329
-0.216677269110329 0.400577312931506 0.000829029577579695 -0.0794429254611068
-0.284528670822414 0.402513263451502 0.075720200016573 -0.13299966517099
-0.407471237234581 0.318497595102473 0.160680050078495 -0.115734668579422
-0.489060488788864 0.0825408988966791 0.255060361142748 0.0631307412803921
-0.452554365197857 -0.190632619537255 0.138012306105957 0.206096924908825
-0.298511559905936 -0.39661303251892 -0.040442402074296 0.238507334539501
-0.117876969733189 -0.471736482647284 -0.0990127166014502 0.0895772025582532
0.00565824668618503 -0.388675851093019 0.0535218958719531 0.29091549621695
-0.0469966715978614 -0.305867932961605 0.299772198674461 -0.0496985175318426
-0.107560635818682 -0.282269927088354 -0.0340486881457756 -0.225972739176207
-0.282803638262148 -0.170454551265518 -0.212348874919892 -0.120342386940276
-0.357263006343668 0.0534215153647916 -0.252485276526194 0.0543427474744797
-0.292424360226103 0.234982711276919 -0.19557042418265 0.138080897383196
-0.21120659767157 0.320946667183109 -0.169512505451243 0.177153753317385
-0.181865050757727 0.385974284146454 -0.11659096044612 0.153968412512155
-0.206316120845604 0.402331746588902 -0.0626151348492669 0.08183276372683
-0.294436785931635 0.409002538719976 0.0191361791316259 0.00925565112320516
-0.446379512473085 0.315074689038826 0.101631261059781 0.00552339628543769
-0.537934317687932 0.0545587789808426 0.200111979509228 0.143231086968768
-0.468901279183892 -0.227135347028426 0.115792467071095 0.265749196699587
-0.311813388123724 -0.397247809331506 -0.0376434513344574 0.319922770936794
-0.14860458402536 -0.451633799051504 -0.0908293948042762 0.243175113535305
-0.024323527851999 -0.234721740683026 0.0529135335801495 0.359557170703305
-0.00966023442682045 -0.145873374693764 0.207729780886367 -0.041327169689096
-0.0243637898596836 -0.155105805273914 -0.0846127660935161 -0.149535253231144
-0.158682189094069 -0.100319524709935 -0.211614873361878 -0.0578986799556884
-0.213624020087758 0.0535735409411077 -0.244611655776707 0.0925294638921933
-0.173976214319286 0.177057124471043 -0.220954017336175 0.192546413748538
-0.126132285850756 0.24842385235733 -0.214130319405981 0.284545049144345
-0.12017039341805 0.308299361561503 -0.17233229985949 0.29058169238338
-0.161106855282936 0.33083501616023 -0.128617224930351 0.22768721391721
-0.258162536246437 0.329143753688009 -0.0544483193020788 0.145741282898563
-0.396111450080418 0.227634155022516 0.0130367517128793 0.123597988295569
-0.454594460067294 -0.0112018270178791 0.101278798039967 0.206888721145805
-0.352018748429556 -0.228711645694652 0.0685626967030154 0.301019671373672
-0.243546138894793 -0.316023311959696 -0.0455222734966626 0.380104218782231
-0.146923189543121 -0.348854717945821 -0.0896299429983649 0.381466677952785
-0.0435501330104124 -0.077712915378283 0.0583060437772511 0.369820076236351
0.0139460606436855 -0.0276285354499441 0.120692453805231 -0.0505647769266605
0.0164447791279327 -0.0717137915657097 -0.110836900500638 -0.0917319698683861
-0.0789071035968118 -0.047123333886283 -0.194432768486979 -0.0133430614321776
-0.0965657978615875 0.0438778988750014 -0.215765394594805 0.118589111224918
-0.0651367400918072 0.106461267161954 -0.214847448834582 0.225479055271722
-0.036360729544482 0.150471695632136 -0.223363175849522 0.353723659379502
-0.0415513548125829 0.180558668724087 -0.201069709596052 0.382984188943156
-0.0815717054647821 0.198885692408692 -0.183373413042674 0.32854528774093
-0.158185868416599 0.191904072003943 -0.127647914621553 0.234641028482482
-0.2503476669941 0.108647763572192 -0.0766962079385058 0.193776844811878
-0.261976096282718 -0.0541584757048073 -0.00302659004432604 0.225172719068049
-0.155538255910434 -0.152208593716024 0.0137162064231125 0.308325597253941
-0.131242047113166 -0.152176122694535 -0.0704044155040644 0.412514705310275
-0.124250708955682 -0.170976697752227 -0.105045984770443 0.470959012229693
0.073662876501293 -0.0531618126571135 0.0622317255192044 -0.471683781003336
-0.00539050847016606 -0.0553388205692631 0.0569156527780516 -0.4157308439129
-0.0267783610243081 0.000206567854125535 -0.0245215398092825 -0.305676327159238
0.0238175648561521 0.0177053589747811 0.0144644674178018 -0.166597075683367
0.0185343543486179 -0.0276556747242541 0.0893440244933225 -0.168603596921227
-0.00757498401301268 -0.0432281316015121 0.149307142724339 -0.224626673191368
-0.034016350242816 -0.0388854600488585 0.181586025010243 -0.317286304716311
-0.0439907204234605 -0.0189708458922746 0.180989959293051 -0.383470920386391
-0.0456315085277367 -0.019470986971416 0.166471207315125 -0.356232657570299
-0.030312918358591 -0.0283064776686976 0.167438928583858 -0.25843974652865
0.0123188363784774 -0.0255513292721442 0.168063292718774 -0.157255067728418
0.0321735978376727 0.0106047447896453 0.167866509676927 -0.0320178009914187
-0.0413238356391699 0.0269735021839766 0.113118838929904 0.0434707275606388
-0.0438927599362721 -0.0460004622921517 0.015657635876998 0.0617777055479192
0.0435535572184059 -0.0922538855844934 -0.0403653043167337 -0.228426166523443
0.0631672091840478 -0.251692567759635 0.0629005615428138 -0.394996074429811
-0.072371841202211 -0.253475602942399 0.137701917184295 -0.389736475997067
-0.160689408859986 -0.178309832154014 -0.00112820558505372 -0.306677557619101
-0.185405637958318 -0.0574964001154629 0.0238149965971871 -0.154362699786115
-0.192744295497118 0.016373280141664 0.0869237120613526 -0.138569009846221
-0.160379570384826 0.0811599487370826 0.149619101241328 -0.195982880832697
-0.12984459260401 0.114431883037046 0.161258545066888 -0.293334458673419
-0.113595934732001 0.13054861632298 0.149667389493585 -0.357371442994986
-0.108117455101918 0.101399077381969 0.130858763490746 -0.350332735005835
-0.102960127333544 0.0702994744584305 0.143087718104 -0.276242301191688
-0.0733960369467342 0.0316689002215989 0.163257643454887 -0.184072736613655
-0.0455683458562077 -0.00180420959067794 0.183692489219176 -0.0381856347397464
-0.0788525145785064 -0.0261719149080204 0.11760774956778 0.0475035325225314
-0.0644069491669604 -0.127876775613635 0.0141531800662332 0.0603020427807188
0.0261730599684401 -0.207480754810981 -0.0582587764762666 -0.200268772906
0.0543488953691827 -0.409729699086564 0.0643407873625574 -0.245032768843398
-0.107209004142647 -0.414389298954427 0.226582169919445 -0.31720460462264
-0.241959313850636 -0.341085651308453 0.0153528179567682 -0.315724174088405
-0.355861010903016 -0.14978724970203 -0.019985633288935 -0.158703350541155
-0.377511939348931 0.0373136821403274 0.0178560788520816 -0.0931930654830166
-0.295262916543397 0.180791154440875 0.0929208392665222 -0.127721868559397
-0.208346363676285 0.241091852425619 0.0975132738053722 -0.21380421928645
-0.164621953838931 0.261420866757605 0.0965268194914922 -0.276070363049901
-0.152698195542971 0.221205006784882 0.0887633867968635 -0.301874635619789
-0.166248256675684 0.189113742117898 0.119695988691531 -0.275498907409123
-0.174764458651873 0.122965572594932 0.167128066213779 -0.204157950402576
-0.171194637459573 0.0163438353104259 0.215986733831811 -0.036593418630388
-0.175340643300583 -0.0804679706316351 0.126083375357192 0.0746583893028707
-0.12306042804787 -0.222416517631107 -0.00587687888341045 0.084980859291667
-0.0130969320652051 -0.31276085876043 -0.0805832838589209 -0.140590689219715
0.0423057835184646 -0.486172590337441 0.0660232988024909 -0.0521583729069995
-0.112053030422419 -0.480292846819157 0.295464438792173 -0.214639414977862
-0.259404772327867 -0.420231358627648 0.0203539671463744 -0.307907165974792
-0.434668273763445 -0.207686571721157 -0.0947283965101118 -0.166280721648545
-0.475508305979758 0.0513266390786244 -0.0916453147531626 -0.0415260163472336
-0.366230747231938 0.245408270828442 -0.00865629513599717 -0.036230586562282
-0.249334942892345 0.320906756312837 0.00762629520565884 -0.0926307385895163
-0.19103803643472 0.353270339607447 0.0286722802561383 -0.150460662628668
-0.18093038707527 0.324234383141289 0.0443743885600366 -0.206778763922654
-0.218174699108014 0.30801715554411 0.0951454158029727 -0.228903836390272
-0.282551805061208 0.235644216233472 0.163746860337591 -0.18898026662446
-0.32663911747774 0.0630307332828109 0.243249435298738 -0.014728672575118
-0.317204731537374 -0.126902739520436 0.137393687818507 0.121820430155867
-0.215966529060964 -0.31140306002474 -0.0207909627329786 0.142791343153407
-0.067215184415905 -0.399060121128579 -0.0930635705900126 -0.0428357091084233
0.0211125034040623 -0.465984519282452 0.0654587399280938 0.133987349398516
-0.089298941114176 -0.425993631581344 0.311289327243832 -0.120352613630773
-0.207276976324007 -0.383056608376572 -0.00140272403759653 -0.267327748303506
-0.396310610961967 -0.201933784484847 -0.164564657457886 -0.150100251784125
-0.449763955251867 0.0637045994556446 -0.189882073494004 0.0115959938558153
-0.350479933601929 0.262193549106029 -0.113560064651707 0.0604056085133129
-0.239863916205148 0.343324879596784 -0.084260588373439 0.0461236831280978
-0.18723276886676 0.391156375127351 -0.0417338598806131 0.000550433133963582
-0.19000426759254 0.388667192482812 -0.00534759321190449 -0.0707452665134705
-0.25281272139294 0.393380565402804 0.0620925010313736 -0.128235449961384
-0.371573601844807 0.317294445307909 0.142156405969052 -0.116385666329977
-0.460551438400321 0.0974231322947566 0.24344408156649 0.0417859671977109
-0.436040747894302 -0.168796343293957 0.140370410243572 0.182382784771465
-0.293296689502182 -0.368915988982994 -0.0219580246889308 0.221713328628024
-0.119469856596804 -0.442819225706498 -0.0902401876743539 0.0895361061433564
-0.00212339451397621 -0.360584759795131 0.0647200740732699 0.268063948404156
-0.0457710118297492 -0.288003564234137 0.264663282264839 -0.0649202043109929
-0.110908658079652 -0.269580842084108 -0.0452385701966916 -0.199942076949639
-0.277664714835454 -0.149661218661886 -0.199281702247523 -0.101350088644831
-0.334305455353622 0.0676870238818516 -0.234228456928494 0.059429942892912
-0.26426387481582 0.232828837122357 -0.181751683042227 0.139243024109818
-0.185838865983444 0.311007801967676 -0.154599615230884 0.17749758878514
-0.155815789884363 0.370968244732589 -0.104037328499656 0.153550139365542
-0.178054986398961 0.388630763673822 -0.0580919207373743 0.0828580404484756
-0.263517207207186 0.400324999220859 0.0146904699568708 0.00808273196427096
-0.410102764845985 0.317520986003402 0.0924934632498841 0.0008603146248886
-0.509876613287133 0.0757428729758089 0.196018826996017 0.121718125636925
-0.456119322252625 -0.203599411208464 0.121060678210218 0.24029213000702
-0.302920055704911 -0.369981488187696 -0.0178435270150349 0.299903888140391
-0.145887467691544 -0.420600752185979 -0.0804326670016656 0.235199216291097
-0.0247414939260057 -0.21344032564034 0.0633022656967567 0.333377462637316
-0.0048497911909688 -0.139348767628142 0.178427149587596 -0.0495667744471973
-0.0289401211434182 -0.15169034559663 -0.0877769115433948 -0.126665784244403
-0.15770982313266 -0.0861953314842474 -0.196396487704052 -0.0420025856593819
-0.197206103468505 0.062543842753892 -0.22375099692644 0.0969307801130632
-0.153855757193788 0.173164795170398 -0.202097257218167 0.190388279568142
-0.106572262354681 0.236839492327812 -0.19003528793539 0.278709103287798
-0.100060172779687 0.292578644145693 -0.151031037038835 0.284262987679786
-0.138472227571611 0.317833170336781 -0.11550486636708 0.223063477351892
-0.229661399434267 0.322598977659342 -0.0494596382821546 0.139074299766841
-0.364469030717518 0.232997970098805 0.0153070352941132 0.116413436120387
-0.434081931540992 0.0100170895439176 0.104495893275029 0.186651034600701
-0.345739041129131 -0.2099026612422 0.0762828873776145 0.27719923149936
-0.235585917023414 -0.295344763933761 -0.0230731077840399 0.359335691329611
-0.139954307082521 -0.320235235999686 -0.075567191199783 0.367332396142567
-0.0371954978427851 -0.0668070916163203 0.0665250494924629 0.34397324772802
0.019261808935602 -0.0305400110118218 0.0972156427640258 -0.0505170215753756
0.0102698609968635 -0.0734830356717996 -0.110506134834934 -0.0731138254188284
-0.0782159503432955 -0.0375118866032069 -0.180048263412025 -8.9636014916838E-05
-0.0853734684893955 0.0475601076621548 -0.194665609437302 0.121080006100229
-0.0536984840686433 0.102129558196637 -0.193127868568274 0.220703284828358
-0.0261122382201154 0.138561875807312 -0.194803954920288 0.345175764808704
-0.0297025618236388 0.167968305356852 -0.173676120753212 0.373500098597839
-0.067046142706364 0.187497982673811 -0.162387426352769 0.31941532749082
-0.139014512540856 0.187587769669443 -0.113045846589203 0.226020734598088
-0.230372116458214 0.115904945243825 -0.0649889012110006 0.186187533210605
-0.254198554451513 -0.0369822666164098 0.00643045376869995 0.211370084790208
-0.156298178572306 -0.146897336443028 0.0239744154309746 0.287104623732162
-0.12263184010771 -0.142918719680052 -0.0475798973586434 0.392712711760083
-0.113510610663342 -0.150866699073478 -0.0884236592287584 0.45512380837656
0.0659861555466305 -0.0552484593019262 0.0713154061369 -0.459178083992137
-0.0112552055831356 -0.0484820999712772 0.0512581874806076 -0.405185266776721
-0.0239689509707033 0.00512325949664972 -0.0240345807908887 -0.287817352719224
0.0258630179934224 0.0134909074636339 0.0165742952331328 -0.160449416139812
0.0159784232043063 -0.028911837694546 0.0840022911510665 -0.159230347062129
-0.0112358264850146 -0.0407667846987862 0.143809439921308 -0.212099939723934
-0.0360135432498116 -0.0338748174222594 0.179527111228911 -0.302317441818579
-0.0438748217554465 -0.0131097863277361 0.174430777391366 -0.367041298819661
-0.0458890564454987 -0.0133023098042672 0.160542089389822 -0.340769348736797
-0.0334642541629046 -0.023887361581125 0.158674957171997 -0.246506900509544
0.0080128715395673 -0.0280191719859129 0.156557288230473 -0.150705701767893
0.03248291504601 0.00403664062859955 0.157774135184942 -0.0352034266351794
-0.034178299762832 0.0295229286982259 0.109059117273763 0.0355772873347555
-0.0436143005448756 -0.0386786373372674 0.0255489896571919 0.0545089175251437
0.0350099227750218 -0.0922451549954394 -0.0299216523304587 -0.220479362867036
0.0586647976996034 -0.244961835371681 0.0724345148345125 -0.386198700684862
-0.0710327946758194 -0.240893243016727 0.123734003951058 -0.383100993325218
-0.151993033152973 -0.169376468786505 -0.00253409378278028 -0.286069273219424
-0.176293987082283 -0.0583083938648679 0.0271513855121019 -0.149288257646051
-0.188050812587487 0.0134160746712397 0.0820671508247475 -0.131982042084205
-0.157517465392168 0.0774433853375765 0.143785571667143 -0.185621161326953
-0.12729209058544 0.11285998037485 0.157009405797245 -0.277815617103131
-0.110851949755833 0.129985146004508 0.1459034573299 -0.341287207088232
-0.105397819922051 0.102215846260784 0.125460026942157 -0.332717399002884
-0.1018565662996 0.0701386837745241 0.133132974508688 -0.263810468096624
-0.0735518329163944 0.026889530024316 0.151470994185939 -0.175561891381912
-0.0423408860089656 -0.00753541890360858 0.173230219780241 -0.0422876336343384
-0.069972748409332 -0.0238847191766739 0.113878998796806 0.0391086218795504
-0.0607258174064142 -0.119732938833581 0.0216690955230566 0.0515968817920809
0.0232461002651123 -0.20144012900745 -0.048915638862895 -0.192101019610971
0.0546695514106442 -0.393341054456479 0.0723932452529762 -0.241440658866845
-0.102243290761864 -0.397291420305279 0.207030092608138 -0.315662264238307
-0.231175173159471 -0.328843228751486 0.0121695037325481 -0.292846348571427
-0.340681660386748 -0.147267171239016 -0.0148450808792062 -0.152715521111911
-0.365565723825992 0.0336226658317973 0.0163705165229415 -0.0903365476101038
-0.287439044555023 0.172496229386913 0.0869410953205893 -0.120278209043211
-0.203657458808125 0.23325428045997 0.0935841431874202 -0.199752039784687
-0.159708024954863 0.253676477684463 0.0941711876085351 -0.262002902206593
-0.148894530425311 0.215690623108736 0.084276373225078 -0.285402299936051
-0.161129450901091 0.183625023282927 0.110265950250326 -0.262445284722399
-0.169072164862402 0.116619515778484 0.154621675497529 -0.195796221738421
-0.162694957345185 0.0115677515310492 0.203687692530746 -0.0417609568017941
-0.163241430091512 -0.0781238385147907 0.122481604787138 0.0641387924010887
-0.115164453247598 -0.212929846467982 0.00133336685987625 0.0755867754682205
-0.00945800084001545 -0.301901995677337 -0.0723279528793827 -0.135746198534456
0.0460976264609358 -0.465196368946274 0.0703601773362457 -0.054897428853433
-0.101755916447706 -0.461111023510857 0.271037534686622 -0.217134408560848
-0.24600508113765 -0.406460757670936 0.0145083907577341 -0.283749672859285
-0.417653448332809 -0.202228940007892 -0.0851790130203817 -0.159653227696529
-0.457481095488363 0.0481875371815224 -0.0876939393745844 -0.0423920506310146
-0.353216567553681 0.233113040454157 -0.0117480668578609 -0.0328679490242024
-0.241332365975803 0.309069722897647 0.00530468682517811 -0.0841531332904569
-0.185323057499991 0.340473286401134 0.0288032766312965 -0.140261753299272
-0.176089208462835 0.314036172548638 0.0404014871438448 -0.194619554181384
-0.210473594037892 0.298380222027238 0.0870234598219687 -0.218553566141522
-0.270893628742465 0.225635271038152 0.152157234842869 -0.181036840383202
-0.313379538239197 0.0579703617055591 0.231442243937034 -0.0208863736748614
-0.301925748156401 -0.126102970443048 0.132934994281968 0.1099147130328
-0.20204359589501 -0.301950102609875 -0.0148417011157836 0.130341668282041
-0.0575964010844544 -0.385825726047116 -0.0875604305379215 -0.042185912276352
0.0265917709685143 -0.439968321129124 0.0681038512614066 0.123480839603476
-0.0760321317723779 -0.409077559065618 0.284054465543422 -0.124386862226204
-0.193347715128097 -0.3747350626922 -0.00645509984199364 -0.244905513379875
-0.38217352169532 -0.195553078549992 -0.151820211041887 -0.143115142642277
-0.432278909356964 0.0611357983194886 -0.181258335466731 0.00871873046829115
-0.335345699193517 0.251110245330861 -0.111590540935904 0.0591897133111435
-0.231178442654414 0.330084142900537 -0.0830619214358204 0.048362505319165
-0.181964743306666 0.374626062470112 -0.0395712839498089 0.0050942867094643
-0.185048924830172 0.373689446729326 -0.00680736407663194 -0.0649147957734729
-0.24468172274204 0.377771207020674 0.0556613808602562 -0.122370419357643
-0.35712919753842 0.304711600955501 0.132139302269491 -0.11125440504122
-0.444696161635404 0.0929545384614601 0.232192774956988 0.0336356938982315
-0.420234421844199 -0.167585425590848 0.135897103511656 0.168477709287738
-0.275815875472156 -0.360079240540604 -0.0170006568190116 0.20673067848103
-0.102917678021988 -0.428984402521285 -0.0886093787121036 0.0862662659483284
0.00395153518926584 -0.337733171765401 0.0636476064301682 0.252242106728124
-0.03392942990485 -0.277525063152583 0.237697397430292 -0.06765695238815
-0.102581375936206 -0.26546840428918 -0.0467252429697601 -0.179603018010149
-0.269524405793772 -0.142897552602104 -0.185460290069108 -0.0953360377551794
-0.319001416665323 0.0666168747045532 -0.222698767607744 0.0557602897670208
-0.251595704665851 0.222747068316824 -0.175868361948819 0.133539719669836
-0.177376523646515 0.296048865141384 -0.149508674375717 0.172355978205851
-0.149202481134893 0.353462514133867 -0.0997810900535116 0.150965787161391
-0.171501139537667 0.372077600238451 -0.058573268972845 0.0823697159313351
-0.252595315196672 0.384736822089607 0.00994516557964668 0.00795447023785288
-0.392276721062649 0.306276450222302 0.0854481672120614 0.00158500689548834
-0.491670459554202 0.0744894276355863 0.187179842873169 0.110877487277415
-0.439796637015418 -0.20257347706708 0.116774869842318 0.225101888488444
-0.285462947644175 -0.362248915436177 -0.0130331998902015 0.282175515980424
-0.124958521560547 -0.404964672576813 -0.0820972747651919 0.228261102466414
-0.0166908169962745 -0.199162907618312 0.05968132878214 0.315525050681755
0.00493427957610987 -0.137038009219639 0.156808769954332 -0.0481050716063415
-0.0269178895522618 -0.15133133135913 -0.0857780368191515 -0.109815090773296
-0.154406446040451 -0.0809136098846919 -0.183560118955431 -0.0361286658919726
-0.186414838339722 0.0621270874890897 -0.211793291420644 0.0919199292401537
-0.144363006518851 0.164597990733858 -0.193986863537205 0.183544087374389
-0.100915810799564 0.224397448241402 -0.182266860344304 0.268786554194935
-0.0954588789503962 0.275948695455227 -0.145468229870073 0.275646863444074
-0.132688808173498 0.301985093284209 -0.113118013729751 0.216915626280178
-0.219190787764812 0.309550385938346 -0.0511765635580725 0.132865947185871
-0.349633607814676 0.225834459126924 0.0128614785149585 0.111674452016607
-0.421890491430053 0.0102976182971996 0.100817338818368 0.176243750875267
-0.33589316505363 -0.210000847284988 0.0730514348646613 0.261286055699572
-0.218186302232292 -0.290866066182258 -0.019169836097934 0.341197590218364
-0.121737718830223 -0.305619425909972 -0.0799355091708217 0.356359700349226
-0.0289641148996182 -0.0602055812610937 0.0603494852424594 0.327140300389023
0.0258028097159749 -0.0347931812783062 0.0799295349452373 -0.0455334957236168
0.007663795213032 -0.0740001135534687 -0.105922604094194 -0.060267852365868
-0.0771096144956329 -0.0314382802055466 -0.168648407302866 0.00503606687401311
-0.0793518039130019 0.0481730697600029 -0.182699830482388 0.115591579248938
-0.0478189017799148 0.0966379372383669 -0.184224314240796 0.211613644641548
-0.0220411349265869 0.129337519818786 -0.185927293314325 0.329250765481163
-0.0277829040349336 0.156314710580375 -0.166345438938033 0.359274663177418
-0.0635333649719611 0.177643682898692 -0.158637817681959 0.306722742842319
-0.13129260027606 0.179395765049736 -0.113101344335711 0.215345530915928
-0.219404083637492 0.114294353969141 -0.0628432629563596 0.1803076676591
-0.248219706383431 -0.0331493760347887 0.00638690083564991 0.202179005317559
-0.153875104618921 -0.148887477379041 0.0221109414740836 0.270404011122991
-0.109401635382299 -0.142386953147865 -0.0429131417600698 0.376048295884801
-0.0984776993991514 -0.139737292810792 -0.0928733168089752 0.44293572810306
0.0670276345541611 -0.0480410775934855 0.147221067372493 -0.444225443145463
-0.00822902773575947 -0.0441212607427602 0.107519853304655 -0.400639960747167
-0.0223852398157759 0.00733234000463868 0.0159658472631669 -0.282973218137927
0.0269988523941781 0.0153325825638739 0.0390429572645619 -0.153778901339682
0.019303773687414 -0.028213846520995 0.103298293980109 -0.140959197611713
-0.00957213517305732 -0.0415519332094676 0.176797183355426 -0.183837188324199
-0.0336228172650676 -0.0377884021255693 0.223396053075063 -0.270690135040483
-0.0425672184297136 -0.0174550450226937 0.232246534598871 -0.333072028721407
-0.0458093159310388 -0.019108159854033 0.212429610689826 -0.30855975307009
-0.03258925512872 -0.0285910665294375 0.191919002878269 -0.215090455638131
0.0082673376516837 -0.031832414121612 0.173456545860165 -0.122117531500371
0.0330010750041578 0.00262340889537204 0.157841312675072 -0.0140322936336935
-0.0318113505455448 0.0260422493206073 0.10344021691266 0.0472374473723691
-0.0383510031637433 -0.0398672992274203 0.025187358204868 0.0553678648951626
0.0403238916555684 -0.0890505672872936 0.0154706308551114 -0.222945966622973
0.0901197799389983 -0.234427538835004 0.151291023540429 -0.363347490691936
-0.0344567970713216 -0.24379788872275 0.183037394792792 -0.367199469355732
-0.120809806470673 -0.184522416897227 0.0503260122611238 -0.277220830052631
-0.157553834382383 -0.0882534644058895 0.0597995401078925 -0.144598033039513
-0.184830830046658 -0.0218170121658991 0.105209121656173 -0.121722704990239
-0.17161980019191 0.0492651341977626 0.171698484823263 -0.165054735450449
-0.148518295138622 0.091243956655307 0.198412457911338 -0.249914354256633
-0.131180083622008 0.111441986768853 0.198912318758374 -0.309248910049316
-0.123152578936611 0.0818288068732118 0.175905165461605 -0.305090889297662
-0.113128179252101 0.0524219607508832 0.171132198090981 -0.234758262003607
-0.0781241257217383 0.00836799342525316 0.173564158682172 -0.147323444613556
-0.0383104906222283 -0.0224430756651129 0.176814757785524 -0.0190818675697686
-0.0566360503077465 -0.0344796300351673 0.107455956949681 0.0514699879422123
-0.0378252568603058 -0.122783296344829 0.0191398600948457 0.0523364491232078
0.0517087477640896 -0.195433881558376 -0.0107315865828331 -0.198511010224911
0.109684578399988 -0.379859532395047 0.138850982924665 -0.213709639919589
-0.0351257649501197 -0.401225600726025 0.260596143242052 -0.287093698144722
-0.171911806379762 -0.35546193637828 0.0742286349146129 -0.277664728861471
-0.302862094147796 -0.201396910695287 0.0289572055154698 -0.153507243157597
-0.357134655176649 -0.0317594787277203 0.0433377554024791 -0.0944623609371854
-0.311697840764543 0.12003604001605 0.106797472147312 -0.118218425906251
-0.242952405084126 0.197537347190614 0.126018606002764 -0.18368798620217
-0.200324603232536 0.224429493014569 0.133882722207525 -0.238678215884813
-0.184550852216428 0.184958935382346 0.128529075709295 -0.263526755646052
-0.188417354941374 0.15113060122869 0.149819666929516 -0.235565729781195
-0.184632089086751 0.0794150795530671 0.181370031192291 -0.164508454774661
-0.159646472059718 -0.0236471347057938 0.210099292546792 -0.0128079258170735
-0.139937577748144 -0.104891869581423 0.111394813503355 0.0801231231483891
-0.0731358974370611 -0.224657868947742 -0.00802213156383841 0.0738668452535013
0.0424915577313187 -0.297886916528827 -0.046223221254499 -0.14432749818717
0.111786395497377 -0.446761991085259 0.11350429402993 -0.0278732811584941
-0.0227385553336755 -0.463187766043994 0.309761092922896 -0.177434096454363
-0.174067598595512 -0.438277605071492 0.0790692400363979 -0.264675406394139
-0.37062326476915 -0.268111745621571 -0.0348682976756815 -0.167915843638949
-0.451434471595091 -0.0328815433679279 -0.0610163278083327 -0.0638900724558838
-0.383501921545477 0.169372662433967 -0.00368932302710377 -0.0507778269579601
-0.291140802112203 0.264732775006305 0.0220156578822404 -0.0826822727914516
-0.238183030519398 0.306448564734535 0.0494621938602469 -0.129392151075273
-0.224925940321005 0.275297830420069 0.071367674181515 -0.179315638079226
-0.254101553693369 0.255386490640356 0.121307833026724 -0.195825405284198
-0.299388876082799 0.170224828377225 0.180084860574634 -0.14966365659862
-0.31503543960709 -0.00236843314906751 0.235744683502847 0.0126025887612813
-0.266976718458008 -0.174882861170598 0.114147240423751 0.128413733126011
-0.140048573000878 -0.326934788593813 -0.0355353930625737 0.127900913718727
0.0160872501195272 -0.385979351387178 -0.0809180327396784 -0.0514762108459549
0.0923089670720995 -0.421689823330893 0.0814351838530017 0.145204369282235
-0.00228001722978571 -0.408438466745916 0.303847503376067 -0.0826283432642861
-0.127674022181772 -0.399624476784627 0.0500908554357268 -0.226922695218647
-0.339528438534381 -0.255897111704513 -0.102929158164259 -0.158358864995823
-0.428205123132973 -0.0152122578745162 -0.160517025256573 -0.028001962339365
-0.366550939590137 0.189376030431558 -0.11735813540473 0.0238043852121096
-0.281748065968607 0.285936824491107 -0.083895721028753 0.0340243874777873
-0.241348043999402 0.337370888804043 -0.0407731515110639 0.0026830839697598
-0.241951002765146 0.331178240652366 0.0040777884478938 -0.0592303872136356
-0.297776598313451 0.327077224827741 0.0765949871220883 -0.106590423194401
-0.39463858184227 0.23471993600373 0.150914713111047 -0.0836281297763128
-0.44939165772556 0.0117116525171349 0.231133517839035 0.0668635031355937
-0.375822643771009 -0.234976052852596 0.106666601444594 0.189754560591321
-0.199769019964641 -0.398385337330673 -0.0521554130066234 0.206202052547231
-0.016589195981033 -0.433156272865322 -0.107181721976091 0.0767518498658954
0.0568659407679108 -0.324260094207731 0.04989645976476 0.266210093387448
0.0193389214449115 -0.277020594827765 0.242226663257294 -0.0311371464589192
-0.0557042448075582 -0.280490150839553 -0.00636596803506501 -0.167707256194279
-0.238986910607942 -0.184377979567075 -0.148252990323765 -0.114781541778008
-0.318984736725319 0.0107104381128422 -0.211242520243445 0.0141232775678448
-0.276855149590488 0.174941272203973 -0.193191573758278 0.0916655310661805
-0.222628753174147 0.262140440520824 -0.167592151603411 0.146398842461876
-0.205459464388682 0.320065992985434 -0.123414633940946 0.135314539511534
-0.229799418234842 0.33163443157028 -0.0711499855704742 0.0772866966553351
-0.305373827761098 0.332554838627056 0.0113357627940658 0.0142633908461448
-0.427659436691451 0.232136863871068 0.0885945648009795 0.0202044985519108
-0.493989064134052 -0.011832740270487 0.175550477605128 0.138385694796665
-0.392953035033642 -0.273750178997398 0.0781700345275262 0.244427965357459
-0.208136283634638 -0.403684016499639 -0.0623204608320189 0.283448338582107
-0.0390410974755423 -0.412943645638755 -0.127631596326128 0.220538611624236
0.0180434211316011 -0.190240107436852 0.0271156252799079 0.322173886951292
0.0353252171284501 -0.135414721340303 0.151896876251146 -0.0212416238535772
-0.00146589764281445 -0.157735813588846 -0.0624677238837113 -0.106565084455049
-0.137938463287192 -0.102001049625263 -0.161227286172166 -0.0565967534444137
-0.188722052967128 0.0297935336140931 -0.210105893012785 0.0538397607062747
-0.161381002256822 0.136235689444767 -0.219340250655677 0.141654299160705
-0.134234217588569 0.202834306983041 -0.214112138932111 0.236921474658992
-0.139143309062513 0.252932073418994 -0.187671873508645 0.249506429497846
-0.176280873626772 0.271439877070268 -0.146488524561687 0.197725949654639
-0.260504687146236 0.264990702148396 -0.0702297902464722 0.125791097056269
-0.371108331099297 0.165162979050964 -0.00102474553875931 0.116420619241148
-0.415345108806396 -0.0596435485732977 0.0775434263850831 0.191849792838291
-0.290279981144856 -0.264629338602041 0.0282584861128077 0.270823328556642
-0.152346501914403 -0.323409629375158 -0.0771193336542487 0.339661835287186
-0.0496612981340062 -0.312784761265348 -0.149082583112771 0.348983031388483
-0.0139870897580472 -0.0580951339718162 0.0169552851715902 0.327537354124157
0.0381145810580231 -0.0342760107748264 0.0728380075827934 -0.0277872501686532
0.0175092670363914 -0.0765380682290206 -0.0942369125952876 -0.0630349083614247
-0.0719503902305943 -0.0404110374036954 -0.156619993000067 -0.0141380258478654
-0.0829616599724953 0.0347071076153091 -0.187740515477213 0.0846603910004666
-0.056802775502353 0.0848669127788488 -0.212505737821947 0.176414979067327
-0.0395000334119128 0.122049363832007 -0.226822307609441 0.298341519016787
-0.0525545405251138 0.145955963453293 -0.22250299102725 0.325928824250792
-0.0885790692812524 0.161820978554073 -0.207328695640475 0.278673651900081
-0.152929920338019 0.154759343424014 -0.145810607493848 0.195226166026927
-0.22779722964367 0.0797564313861377 -0.0881772886225802 0.169698419212183
-0.238847223430666 -0.0728873520978221 -0.0233304018528032 0.201766025582561
-0.122264887993118 -0.174914174125455 -0.0249377533838053 0.269634870269338
-0.0712611556105104 -0.157945844430647 -0.105694471920965 0.366316128318628
-0.0578614257483583 -0.145410576737804 -0.177146072910848 0.432073946752201
0.0644118517752657 -0.054008043045134 0.16293258145202 -0.461362362566133
-0.0140357682079001 -0.0406192406640338 0.105509387036388 -0.417019576055712
-0.0210531828392296 0.0131181378073532 0.0168906320113457 -0.284723387172023
0.0306846352432061 0.0131547717875179 0.0434477233547259 -0.157823178037391
0.0178481140490624 -0.0313660974022706 0.104526481559185 -0.141454032607793
-0.0137138633903003 -0.0424364553932986 0.18249997267397 -0.183743716003907
-0.0373638562048989 -0.0350414595162228 0.233788849134 -0.273522009838727
-0.0439981142209343 -0.0129667163411285 0.242500663007921 -0.339405131148533
-0.0482540259373658 -0.0146066390355214 0.218308076225079 -0.314037460462706
-0.0371606914687078 -0.0264376619315235 0.195007827883851 -0.218698321941126
0.00402101073848471 -0.0354417645499791 0.17341858473863 -0.124459905502152
0.0355068486844397 -0.0032709391878233 0.158768531652966 -0.0194632237703176
-0.0267644878731728 0.0307436545774393 0.106845790039262 0.0423947228538204
-0.0419709985507268 -0.0360217119742258 0.0374508561288602 0.0520689323809674
0.0346792049357133 -0.0952946331760101 0.0242411846929473 -0.228380001593429
0.0923838682092541 -0.243121621850368 0.166634313575665 -0.377798967563407
-0.0368362344705918 -0.247623514256774 0.180947718786634 -0.38491235792629
-0.121688978344008 -0.187272963421468 0.0506537552636771 -0.275714850262108
-0.158850518998143 -0.0936325041149238 0.0652752006740078 -0.148687366298482
-0.190672894271935 -0.0259541811823206 0.107055991621068 -0.123703696383117
-0.180388702413074 0.0498753693336947 0.17621156540971 -0.165801431510757
-0.155824851904468 0.0954081727211787 0.205757610913922 -0.250760038039457
-0.136853127795724 0.118093865700741 0.206873853557057 -0.315309376551582
-0.129483999492105 0.0886832909550167 0.18040273332953 -0.309299538853731
-0.119545560908776 0.0554874004593881 0.173017023349418 -0.237720084263258
-0.0832152082373629 0.00608763688172348 0.173145531320737 -0.150018386206527
-0.0380785250249839 -0.028628762213113 0.177615280228142 -0.0248543839265873
-0.0519034676248598 -0.0343046074174019 0.111415506141895 0.0466575056547188
-0.0372601673113363 -0.122840028613328 0.0280864871900881 0.0479134625696241
0.0514231560312368 -0.202620029623732 -0.00421204499279753 -0.203080192604654
0.116421805796811 -0.388100413875979 0.152232000889605 -0.22362074673527
-0.0315383511377543 -0.410391916396952 0.255481022701665 -0.303420517105625
-0.172125505688452 -0.365079670807197 0.0742462312831159 -0.274507599778456
-0.308946429487175 -0.21042706477513 0.0351841181378862 -0.157473973755267
-0.369730330571642 -0.0368108674342452 0.0441133087778439 -0.097578094525685
-0.322874555351713 0.122008689261499 0.106957351224224 -0.118351363326662
-0.25185568947186 0.204015847613675 0.129963917527305 -0.182559338792901
-0.207970306800612 0.232693687920651 0.139786643982723 -0.241360318985323
-0.192550100951565 0.19270037721877 0.130821751326536 -0.266186668275293
-0.195301539147809 0.157276271243805 0.150128097321286 -0.239173579096759
-0.190724314717267 0.0790864972967327 0.181245685716217 -0.167747370605371
-0.162520161434695 -0.0286420903229816 0.211599915095254 -0.0199019512795485
-0.137662740693429 -0.109746250861412 0.114914221625009 0.0752703956746276
-0.0712414631234959 -0.229798427024725 -0.0013743003690921 0.069025011259425
0.0480081842500859 -0.307964196922326 -0.0442196359334631 -0.148002326701324
0.121360889879571 -0.453957932955723 0.123173174004625 -0.0327844666411318
-0.0150612312854582 -0.473730846014005 0.304251175583425 -0.192070171757243
-0.172682921592298 -0.45474525611509 0.0777439787665861 -0.25917465080079
-0.378954678771305 -0.279202543337295 -0.0293157599694787 -0.171860650818139
-0.463168806694063 -0.0363459402266193 -0.0629056396997088 -0.0690229338188725
-0.395352692184 0.171575076782093 -0.00669404835033419 -0.0503852025713518
-0.301865571881109 0.270745936158206 0.0215053054637962 -0.0789363443455708
-0.247992443265974 0.311614519259807 0.0517044680121923 -0.129415171638001
-0.23436078497393 0.284179185722992 0.0721065419498055 -0.180503100533527
-0.261240871449642 0.262646645600774 0.119900787710822 -0.198762361042142
-0.307557286724962 0.172247744405844 0.18041109466387 -0.152802578863962
-0.323417197755312 -0.00566074393212293 0.239664447701334 0.00604152081659241
-0.271093427634418 -0.185404464212988 0.117702779888637 0.125018864509204
-0.137766814867202 -0.339995113722922 -0.0318233381980261 0.124558001679504
0.0254069365301156 -0.398174471469433 -0.0823098915855134 -0.0525743384910631
0.101986582869368 -0.424840898627592 0.0872650054821461 0.144533155480111
0.00833818518853232 -0.419474724272526 0.295513921206556 -0.0916185400622434
-0.125270552448041 -0.416304583225217 0.0475962948613841 -0.219645898244945
-0.349080286464441 -0.265142585626683 -0.0993916784872884 -0.161004011787571
-0.438438306993971 -0.0160017976687236 -0.163734645967973 -0.0319527527138698
-0.374759691421736 0.190543922587282 -0.123143140688891 0.0251770562708923
-0.290952181026964 0.291031070221261 -0.0884627837704306 0.0388348065536241
-0.249944561686034 0.344882102409164 -0.041754238707293 0.00553865485153386
-0.251800019417565 0.339990572248054 0.00314105582100356 -0.0570985115432457
-0.308255971556343 0.337260949038595 0.074919251676261 -0.10813572640397
-0.40536479577872 0.239268227035136 0.151869262886488 -0.0856089461325059
-0.462806706826503 0.00994499247576768 0.234883934859613 0.0624845122468535
-0.385913212425925 -0.248536013262362 0.110239959845179 0.188388246530611
-0.197410404355487 -0.41506662527068 -0.05080725538333 0.205381177841604
-0.00489829737125489 -0.446318597522788 -0.11243266793314 0.079765575117503
0.0659393927765892 -0.322491801823483 0.0521643062728115 0.267630046840957
0.0321935856321605 -0.28440241749288 0.232025876875876 -0.0352017246584856
-0.0522263414903738 -0.295504654242922 -0.00909449120474233 -0.159050880568499
-0.247026200109387 -0.189515613844499 -0.145736098478018 -0.115347034296818
-0.324558600011828 0.012243124831161 -0.214804497831152 0.0117001962961596
-0.282148008536762 0.177186752049905 -0.200297119197723 0.0932800839502175
-0.22745032248797 0.265260736004776 -0.173268846564589 0.152625319335879
-0.213706795367524 0.324865128472605 -0.127480936530701 0.141130043681994
-0.236766710453598 0.338602233425023 -0.0754922633534351 0.0814235932524758
-0.313747591159926 0.341102903518688 0.00767205224880513 0.0144096837562003
-0.43884452964148 0.237556198843003 0.0888225590789118 0.0203812940360535
-0.508975961891217 -0.013156146952583 0.178562629949567 0.137412806327615
-0.403922710582315 -0.289115990036212 0.0797665542655068 0.244576523218042
-0.203953154887012 -0.421846366418532 -0.0626183330383634 0.285831256326892
-0.0260175181669351 -0.422791332064229 -0.136805522908164 0.229346641927671
0.025817358435339 -0.187061173178974 0.0256334458084104 0.323571281439344
0.0457070255685464 -0.142989755818879 0.1412927592386 -0.0209010316466092
0.000155423843963507 -0.16939052816949 -0.0654775596379254 -0.0979363496659085
-0.143551388282235 -0.102678465405124 -0.159396748839346 -0.0550069484405095
-0.19034888316098 0.032411305976181 -0.212998481494803 0.0532199091259007
-0.162074457298206 0.136869298181758 -0.224428423811612 0.14474171389153
-0.135659957361412 0.20379125063722 -0.219908795895572 0.243198117963376
-0.143701349596852 0.254118645377433 -0.193883146851488 0.257146914412136
-0.182111810162579 0.275521249185117 -0.153636471389014 0.205276456682888
-0.265872403352548 0.271477840455017 -0.0764460786829216 0.127887646821281
-0.380780789804051 0.167837225854296 -0.00275910849410029 0.118790307102159
-0.428248318246541 -0.0595915717087601 0.0788226390093134 0.193442233493402
-0.300155310740058 -0.281008844592967 0.0272378509792152 0.273118892086824
-0.146304213172332 -0.337424392071584 -0.0801017044079869 0.345089022195402
-0.0375206426868516 -0.3187548675191 -0.161352138762451 0.362049242108333
-0.00714685546317364 -0.0542467696296437 0.0128081849769603 0.331392461619823
0.0462972578760892 -0.0405689714257031 0.0604029003316608 -0.0243218373933387
0.0170973030808028 -0.0841042473530453 -0.098012001178397 -0.0549341470513522
-0.075640868497195 -0.0371946763678579 -0.15571527080371 -0.00999491190031435
-0.0826995139896708 0.0379546287225522 -0.1880034280937 0.0854952952950089
-0.0544335782983932 0.0847472874243103 -0.217123504042285 0.17950739475838
-0.038390459085851 0.12014664517858 -0.232082712593106 0.301995786531832
-0.0530034234437409 0.143703501549523 -0.229710316952863 0.33534527395309
-0.0899254342265467 0.162771040486113 -0.216335225529176 0.286523500187648
-0.154045594340563 0.157964547745795 -0.153907374332821 0.198308800344514
-0.231717342778146 0.0832672948950372 -0.0916148625393724 0.172276097807115
-0.248839901542185 -0.0714600776018712 -0.025859913169649 0.205672600841748
-0.127973198906289 -0.188008843238941 -0.02680416763579 0.272147010117023
-0.0651839534157806 -0.166504054607857 -0.107876587402788 0.374395626908453
-0.0474462527194188 -0.143191277426971 -0.191622396343476 0.447765991590229
0.058775245285151 -0.062631151760077 0.163440410200443 -0.489459213347195
-0.0203726065617744 -0.0365919629809781 0.0885649640821262 -0.439707242766506
-0.0187356256828241 0.0195071911892849 0.00918824457396349 -0.28859331017855
0.0347615593707807 0.00945787922774375 0.0416040953141806 -0.164761385566168
0.0150681245820195 -0.0357984093617982 0.102437545134297 -0.147374839261143
-0.0188589486436736 -0.0424450954295156 0.183733254469986 -0.192241596377254
-0.0424976527346339 -0.0314392663368519 0.236277575263997 -0.287547966187292
-0.0461438419983789 -0.00714717321866044 0.242108361698045 -0.359626337667293
-0.0512521141890234 -0.00793565606507158 0.214756764194485 -0.330018620620773
-0.0427023352929976 -0.0223919224291774 0.19126688843054 -0.230667823062121
-0.00172462584288615 -0.038634055138075 0.170424566075529 -0.13485898345797
0.0374407341823678 -0.00987729943531048 0.159844061393096 -0.0291259197248325
-0.0210864859724047 0.0364133497013737 0.112215212206054 0.0343380962637759
-0.0465853153261289 -0.0311560275386918 0.0508786557082144 0.0473663706617926
0.0246219146094376 -0.103227046884768 0.0247338917914631 -0.236551861159846
0.085552310533691 -0.258284196745929 0.169413218786129 -0.402938994714179
-0.0469717632820439 -0.252064320398995 0.163846921086484 -0.410783573856944
-0.129536865910038 -0.186514183382604 0.0421471362422683 -0.278014126711951
-0.16485095192539 -0.0940261126519325 0.0654869334702261 -0.156473228730742
-0.200486863362265 -0.0232892496708185 0.104360187326016 -0.130686855370463
-0.188309197576199 0.0575961193797974 0.175570246772224 -0.172994733224688
-0.1609507385829 0.106942735771088 0.206672772512573 -0.260831978812447
-0.137819070681539 0.131064917694854 0.206489203678635 -0.331316666496357
-0.131561917455741 0.100708299899337 0.175327755595417 -0.322464666109224
-0.123462628948919 0.0645483951523274 0.167452363211117 -0.249033259858215
-0.08912649247109 0.0067304106454679 0.168760114373139 -0.159880187380632
-0.0396110533286159 -0.0338552596038148 0.179016552005596 -0.0376005790621701
-0.0483054842401606 -0.0334861381389239 0.117177345650167 0.0380010173580745
-0.0426330313508472 -0.121968503759249 0.0381964553231471 0.0419932567825163
0.0433321437613709 -0.213745517592379 -0.00434586935831155 -0.209496020112354
0.108804574853816 -0.405150732533457 0.158990455618772 -0.24269216722513
-0.0429696070698656 -0.42114244240799 0.241022774125194 -0.331403123559276
-0.188224208730771 -0.372739167534014 0.0659341320887318 -0.274734417827403
-0.324446401589575 -0.210467434629429 0.0346830788352129 -0.164843592438797
-0.385158343446435 -0.0272216258167175 0.0405539807091381 -0.10414936365388
-0.333168117240254 0.135337408446655 0.103955849566661 -0.121826976454367
-0.256681427761037 0.219895172393065 0.127053323118534 -0.186449143129172
-0.20831092208372 0.249166029155636 0.137812893614853 -0.251584642879919
-0.194527755326275 0.208827621575596 0.125632139971296 -0.275372365509793
-0.197357366556548 0.171284885793566 0.14304527832319 -0.249750922426473
-0.196017338382108 0.0863052656105486 0.176902900128191 -0.179186186503759
-0.16880625279469 -0.0284792873017207 0.214224550620186 -0.0335984722169453
-0.14067240826386 -0.111490061199855 0.121724967695917 0.0663967027887857
-0.0784484218937476 -0.235222815428788 0.00559717779142467 0.0641037056621549
0.0402248066916225 -0.321545858403921 -0.0460084562266462 -0.150102925304135
0.115972380306917 -0.467754453996661 0.132363473615227 -0.0436834845175221
-0.0241312768988095 -0.48884491265839 0.290963916252508 -0.217064107841071
-0.189310565638043 -0.467278212762032 0.0685589099443473 -0.257921722164688
-0.40092160534225 -0.277197279434761 -0.0316237354495521 -0.175710277133801
-0.479850038510226 -0.022763699102095 -0.0678285840129185 -0.0708167608918842
-0.404774154555678 0.187657309542583 -0.0122291369603716 -0.0493462975045575
-0.303863283015119 0.290721922063027 0.0176465254316838 -0.0774544940295956
-0.246909029102351 0.331685793509754 0.0509873701739824 -0.132209330396589
-0.234743547544759 0.30287397097427 0.067295924585588 -0.184640447338434
-0.262157867969018 0.281215512161732 0.113289236578001 -0.208423794004738
-0.313404980750457 0.187128953466891 0.177086596289632 -0.163944117317404
-0.333825570257062 0.00290192586378939 0.244458134897177 -0.00925850776245504
-0.282990811473433 -0.186935839592671 0.125782607767868 0.117336937460075
-0.150050035584024 -0.348850976088483 -0.0253618435824578 0.122464841666144
0.0195829982444402 -0.414534774583806 -0.0859334319485284 -0.0499962563569894
0.0989208226468162 -0.435541178758626 0.0975794380972385 0.14113171116722
0.00384730534116424 -0.434093236230952 0.28428157749848 -0.11099544722968
-0.138721040974564 -0.433248496126895 0.0389647875909298 -0.213731630329513
-0.36919937227117 -0.262969962739252 -0.103203964159996 -0.161915645081179
-0.452049320987529 -0.00115254800255531 -0.169803002966283 -0.0303718572913317
-0.379937138051311 0.206164530770708 -0.129400626341256 0.031520810452263
-0.290555612183967 0.308407536551098 -0.091812791706357 0.0480514219887316
-0.248028722981489 0.363551649712024 -0.0419970221985101 0.0103836243303707
-0.249966240020909 0.361163439457574 -0.000728389463044982 -0.0553307821363028
-0.303958784548033 0.359071837488922 0.0683786165666529 -0.113719534282411
-0.41152677143733 0.260222234038907 0.150201094290747 -0.0939520634479892
-0.477165607999062 0.0256955686720268 0.242518623323176 0.0504523536567337
-0.406771727416111 -0.251655643769246 0.119243627596819 0.183645492226667
-0.212467968591238 -0.427662081510261 -0.0439578589527836 0.208154791086235
-0.00958052654061412 -0.463203275650152 -0.115661755560991 0.0896306761005911
0.0665032428587823 -0.326872916223611 0.0625087419186061 0.269021135771841
0.0342903380558083 -0.296412157148728 0.21999437890896 -0.0462900629512104
-0.0612020371980567 -0.310603176237457 -0.0161929384698076 -0.150493592396855
-0.262376357664596 -0.186565367720645 -0.149181555718123 -0.112446117410688
-0.332823814720316 0.0253507189596507 -0.220162538011011 0.0163512350918547
-0.281747552281526 0.188446344167365 -0.204359135648656 0.103837177347277
-0.225217667969055 0.278217008847946 -0.174677410163989 0.16541039837515
-0.210410073508129 0.339071433781475 -0.127219618440163 0.152957054416411
-0.234653566987831 0.35606836815224 -0.0766945589635759 0.0898497815234983
-0.311293427062487 0.36295489303023 0.00391607567147782 0.0148083121590555
-0.44432515520387 0.260868539227404 0.0900938782374132 0.0171305619360987
-0.528261648772129 0.00598513932048466 0.188248352659587 0.130448353715792
-0.429705679649763 -0.29508468256988 0.0897169531240299 0.244504708911516
-0.216760029880326 -0.436598738651192 -0.0543694183493189 0.293304809809613
-0.0275010880554906 -0.438932082771014 -0.138839116805052 0.245600970306605
0.0295002580514141 -0.186193208266959 0.0345703861270772 0.328567061338692
0.0517494281572694 -0.153124304721339 0.129377307289201 -0.0250444642537278
-0.00541915157204608 -0.182017277551482 -0.0710172009882267 -0.0870664423796598
-0.152967439978793 -0.0980798106801348 -0.160046756034382 -0.0482351400681177
-0.191848026035675 0.0426567723144559 -0.214495319319097 0.0600752514894786
-0.159504127032122 0.143684255203279 -0.225988618799934 0.15628564581909
-0.131338170519411 0.210452330443163 -0.219224961376713 0.259434725649654
-0.141044238259052 0.26265804047233 -0.191882066414553 0.273519546765785
-0.179909051829175 0.286934253276 -0.154156405157228 0.218351902266223
-0.263534074534973 0.290052592826013 -0.0780634129256291 0.134925020056886
-0.38483019949402 0.188466615560173 3.84890784563E-06 0.12158907084628
-0.447781621557511 -0.0438650499596784 0.0876067833301954 0.1928951856117
-0.324165198740597 -0.289496091198073 0.036630159226992 0.276665917558135
-0.154456584741752 -0.351080655907597 -0.0718193542872062 0.35646964383028
-0.0358739441042261 -0.32765823965363 -0.161703426978696 0.385149421413406
-0.00218253794552494 -0.0514761804973886 0.0191447512803851 0.337340174535894
0.0519241385162608 -0.0497552566959172 0.0493243770553812 -0.0212704749849301
0.0117854358614871 -0.0927867617004223 -0.103207288910177 -0.0435649168879063
-0.0809750462959224 -0.0314800058970316 -0.156281357255074 -0.00132636333324359
-0.0802059601726171 0.0443022535457603 -0.186442006042664 0.0943648911575367
-0.049615492067802 0.0869330609168165 -0.215152143519836 0.191648828432943
-0.033209548400286 0.120946143603739 -0.227682310170225 0.320113574218746
-0.0504260260061787 0.144995766113689 -0.227051638314924 0.354656529091741
-0.0858748874897449 0.16649588294578 -0.216423117232025 0.303154338152678
-0.150252439001802 0.168108416532856 -0.154907989262078 0.20976916133981
-0.234365483006106 0.0969133488417552 -0.0890320598054566 0.18035205410177
-0.26321730884183 -0.0616962392627211 -0.0186250078986222 0.211781608734707
-0.142976228355557 -0.19853224051194 -0.0209261460182565 0.276768049817146
-0.0641748101895419 -0.175224412861736 -0.0997500638603739 0.387183294022309
-0.0426540039314952 -0.142267157232628 -0.189755388507658 0.475964689839893
0.050456891622073 -0.0707231421350122 0.144917039959031 -0.509367901697777
-0.0260088057312614 -0.0307858905044047 0.0567254017529523 -0.452190765959158
-0.0142009189768959 0.0266292291329529 -0.00767692924011014 -0.286389197140723
0.0387763035361262 0.00450314012816875 0.0345880086618966 -0.168234012239624
0.0104303398592853 -0.0393676705724975 0.0938120736463304 -0.150945632023003
-0.0255526619587736 -0.0391000795852501 0.174714029802319 -0.199622649168659
-0.0466630757118417 -0.0251018167435806 0.225561434815106 -0.300749661679435
-0.046295169751907 -0.000276808788724985 0.225830009087215 -0.376748113073352
-0.0519780932602945 0.000887959319688812 0.197135561770481 -0.342777865173084
-0.0469937932064011 -0.0165387436523841 0.176060054238076 -0.241715701027557
-0.00835933158539617 -0.0404671886342638 0.159432207003588 -0.144818043933179
0.0375906361920784 -0.0177747267601613 0.154436243931081 -0.0431879479112366
-0.0123546336449951 0.039968999257172 0.115196865094481 0.0224097755720859
-0.0502709392806404 -0.0238950241097276 0.0632457347334039 0.0372904354688939
0.0107155911623793 -0.107527047134564 0.0180601791643319 -0.240168311832864
0.0702974190133521 -0.267963720709249 0.156032027634526 -0.422440340855741
-0.0626567056545164 -0.248413359212535 0.131337437255548 -0.428782033257734
-0.137934415307631 -0.177395687487658 0.0273951450436979 -0.274872896830469
-0.168585904615775 -0.088417736239952 0.059728073388199 -0.16235166033313
-0.205273271820159 -0.0140442668875113 0.0959934577392945 -0.136725344529395
-0.190831018014666 0.06890969402837 0.166388705260282 -0.179712510129134
-0.157307586022211 0.120117395927637 0.196145722514898 -0.269519753031858
-0.131550153366088 0.14315882758148 0.190486172317578 -0.345282291800602
-0.127344367229326 0.114421486960648 0.157658314187194 -0.331366912872744
-0.121794826188178 0.0747262557430856 0.149155099378055 -0.258455886281454
-0.0931373295953535 0.0102581875291896 0.156277054284629 -0.170554947071359
-0.0409456030319903 -0.036917848964929 0.172956348201748 -0.0534892847575571
-0.0437778974831316 -0.031624322498819 0.119610617810309 0.0245827060046112
-0.0482336600550888 -0.11755406779692 0.0477681748521257 0.0326610031220613
0.0275490827039679 -0.219882819719529 -0.0108795713827416 -0.210742381287751
0.0909222366364355 -0.41472827763326 0.153029982246993 -0.258798526003171
-0.0648349027207133 -0.421339773700563 0.209349912777128 -0.35377523823591
-0.206008899862395 -0.365240414567296 0.0492570786110871 -0.269784594217116
-0.336715496790597 -0.194594036895228 0.0301244876529411 -0.168590193127251
-0.39014294403642 -0.00731511510487564 0.0316893933823252 -0.107507842660404
-0.33034937265659 0.154967091978044 0.0954408211638953 -0.124992523551805
-0.247929260515374 0.238216875074177 0.11923541282359 -0.1891931731515
-0.195633824161516 0.265441232327491 0.126531094729638 -0.260087033010801
-0.184851958971675 0.225895779775159 0.110191169893198 -0.280865492049802
-0.188816906922438 0.185510766920325 0.125186131774408 -0.257685464549224
-0.193942711235543 0.0979480479220631 0.163247384268682 -0.190468190335448
-0.170355717633414 -0.0233075770761893 0.208455672966189 -0.0531622385212502
-0.142699453269988 -0.1077007151371 0.125418675054023 0.0523207848553089
-0.088779579428711 -0.231572594394871 0.013799585706639 0.056058193030627
0.0237184805979742 -0.328541728167342 -0.050750984782573 -0.147606613764158
0.0951564828482813 -0.475148765465723 0.136499012150264 -0.0563593399785166
-0.0445749080572749 -0.490156412770783 0.262752570132959 -0.240383963878177
-0.213228816131756 -0.463013840115159 0.0529295881287943 -0.250930227233583
-0.419302719225722 -0.259103865774466 -0.0371386914671986 -0.174845970315366
-0.48493839541385 0.00261447284910603 -0.0745300776882895 -0.0700977612893504
-0.398064775873123 0.211222825576441 -0.017665428048391 -0.0457938069534434
-0.290446389235913 0.308568287549664 0.0129636850289651 -0.0722872291618434
-0.231540787928174 0.349914769566038 0.0448881875741164 -0.132817059674861
-0.220501846100846 0.321681413727556 0.0561236073136875 -0.186084726973463
-0.246461088443999 0.299935269686305 0.0973175339385727 -0.213832340899145
-0.304743458115835 0.206124384730645 0.163764364362819 -0.175493846072099
-0.335525194477646 0.0196592404304878 0.241012700429359 -0.0301313585886163
-0.293821287756972 -0.177852171680269 0.131704510264833 0.103445773844163
-0.166706113638239 -0.345791739149721 -0.0154932517615269 0.11873836489379
0.00111225128803402 -0.42166670594164 -0.0875113933295447 -0.0422144701646958
0.0844029776091269 -0.437130889277817 0.108722472148582 0.131043382733861
-0.0112132766487172 -0.437854861157527 0.262260708482246 -0.130824804357405
-0.161191716075288 -0.435041671760528 0.0258986107336511 -0.204625923063479
-0.387202699820089 -0.244406363840494 -0.107334258453385 -0.156179309525892
-0.452268713462434 0.024923137011606 -0.174000114807159 -0.0236765015869396
-0.369540899029773 0.226856445736898 -0.130899194338868 0.0415627859577402
-0.273958980605458 0.326768845758609 -0.0909835702253722 0.0588723929955813
-0.23017029236556 0.379265978511925 -0.0409950178932242 0.0161705698157871
-0.233953216447018 0.376670826559219 -0.00517606767668356 -0.0519870884551903
-0.28430669662345 0.379093506598889 0.0583429785541757 -0.117086363275966
-0.397565317680294 0.286551447469985 0.142655683392934 -0.103854276549963
-0.480460770672865 0.053345084573569 0.243704002329838 0.0302039862883683
-0.424793246406156 -0.236900830890443 0.129042249524359 0.17142404490105
-0.231997866062166 -0.425252824039521 -0.0311909445637953 0.206619349461358
-0.026420418857804 -0.469012138385337 -0.113397459548141 0.101339042641609
0.0583665580384189 -0.324407638075481 0.0778147956157702 0.261427933059076
0.0268961833665239 -0.302490155956626 0.202222399635421 -0.0592229517646843
-0.0778308378957605 -0.316761015830169 -0.0248527745597488 -0.137448579283119
-0.275421241989115 -0.171368442084797 -0.150368929418747 -0.1029739082171
-0.329390390483091 0.0456088187451075 -0.220588632901597 0.0267864229457153
-0.271185622238946 0.20287428692456 -0.201214064781454 0.11713748815387
-0.210503150551462 0.288888495495226 -0.16680314725659 0.179465890879448
-0.194465502047496 0.350863053454899 -0.118777504804657 0.163646209700241
-0.21713895596131 0.369104441917704 -0.0742812788447992 0.0978243865007185
-0.291731710047176 0.38233215697052 0.000279256868116958 0.0153284463482287
-0.430713003399455 0.28814178077706 0.0894051354682306 0.0115943178897579
-0.531749818050378 0.038960259494922 0.195396272282104 0.114868660330207
-0.454238173039189 -0.279575093672889 0.10130506102291 0.23539914805826
-0.237075604898596 -0.434794510302979 -0.0388224052193177 0.295186176642413
-0.0418137985610652 -0.440840929236878 -0.129010458739144 0.260219284909589
0.0289410478857836 -0.182452707354197 0.0505574988461564 0.323654697234657
0.0511090505406194 -0.161693284910809 0.112769877447427 -0.0292493092794831
-0.0167995621743946 -0.188984729614611 -0.0756055326470839 -0.0720605780005981
-0.160304423186057 -0.0863388628448808 -0.158480661526774 -0.0375208239194306
-0.186290653031592 0.0552549915969878 -0.210144498672696 0.0710761784924881
-0.148384201137905 0.150043927600146 -0.218902175229925 0.170081992335518
-0.118535320051604 0.214237948278144 -0.204191890019759 0.274131035620051
-0.129008556289218 0.268497582677998 -0.177205462187921 0.289030585684958
-0.165188615577523 0.295857834174317 -0.145428916770999 0.23168139442937
-0.245778185904931 0.303929512175139 -0.0743857700001706 0.139607300031897
-0.375737182329761 0.213263749551548 0.0068889487626055 0.121259283441347
-0.455925937167336 -0.0149431867701154 0.0986342965310089 0.186891669573396
-0.347970562112301 -0.280502450110508 0.0498235277788677 0.271834725672246
-0.167662204469091 -0.352023212301721 -0.0526973392350744 0.3612519362664
-0.0426859723937026 -0.327702255583045 -0.145701337680466 0.403548711468778
0.00343802126746826 -0.045755415054641 0.0349609113902193 0.333870705378127
0.054109413948077 -0.0599123607453017 0.0369066886391671 -0.0183937189332338
0.00181450543882987 -0.0988412641091223 -0.103977671133358 -0.0285012983579808
-0.0832571618907633 -0.022070497645232 -0.153305286393168 0.010922777880991
-0.073615155033933 0.0511725153293139 -0.178288180287351 0.103306519194101
-0.0410802042002291 0.0864955737488631 -0.203901763950135 0.203231059400344
-0.0247095915565297 0.118128369526724 -0.208346340493227 0.334143180787093
-0.0440029425177824 0.143648582834181 -0.20815980430342 0.370674976486076
-0.0778055909119101 0.168326586802907 -0.202568006185018 0.31923549519052
-0.138625289094892 0.174901787488998 -0.146819272214812 0.219194661047651
-0.226440865479265 0.112217304982743 -0.0797740913363199 0.185636232182203
-0.271702454856885 -0.0432911673438296 -0.00838584656497213 0.213015232880472
-0.160131209649222 -0.19937137565302 -0.00659390502471222 0.275243974823948
-0.0659688641526164 -0.178587164682471 -0.0789112817740793 0.395644507306126
-0.0391725936486056 -0.13851689762582 -0.168030146627163 0.495570299904594
0.039398968755569 -0.0746037717229415 0.123848474144673 -0.509881063437081
-0.0301576853068946 -0.023576688971035 0.0257894208525852 -0.4445130662875
-0.0085304866755533 0.030359804746035 -0.0199170797631013 -0.272770904260727
0.0398203487126719 -0.000506363462090368 0.0276669196222285 -0.165630654011283
0.00589290513781989 -0.0410431422792197 0.0834681842144069 -0.147932347120187
-0.029167280946278 -0.0349889425411237 0.161078126085442 -0.197722806239939
-0.047931552950795 -0.0175694210638379 0.210186208863765 -0.300147145117972
-0.0446194052757505 0.00561761522675651 0.203455411081384 -0.379393639917072
-0.0491224267315109 0.0087873485522978 0.174394681134458 -0.34063807984312
-0.0487898633850422 -0.00962020663388178 0.156306598830543 -0.241196225657098
-0.0151481845235491 -0.0394644299842674 0.143834517972049 -0.146560375094129
0.0351677096096912 -0.0247153638070206 0.142921782795956 -0.0525332235352273
-0.00315588823930484 0.0408433695191001 0.112331107535787 0.010037956179159
-0.0515406384455402 -0.0162217686627868 0.0718782856118927 0.0256034910633054
-0.00259479014125847 -0.10590507295298 0.0127064346815714 -0.234249794596043
0.053647402509014 -0.266607856333759 0.138909045787484 -0.424501517478062
-0.0725713562125473 -0.236063110300454 0.0965229725956666 -0.425795251554122
-0.138493471931069 -0.163410633496931 0.0146031855368429 -0.260615269194005
-0.165519809550372 -0.0803353882122448 0.0538621282867644 -0.161455956279019
-0.201637357303424 -0.00758800922351401 0.0834829793650438 -0.136039965945867
-0.185419535599034 0.0769591065507265 0.152512883749214 -0.178596542223843
-0.149375052896441 0.127229250952196 0.180996581128866 -0.2669113765263
-0.121346379733807 0.149291489667193 0.171358568743859 -0.343504451950256
-0.117595794151117 0.1218657966279 0.136485365636633 -0.326776327211378
-0.115369101833586 0.0813428251929423 0.129169642839338 -0.255223873341267
-0.0925074477796769 0.0141365714716762 0.138110543529716 -0.17176492450653
-0.0413701121210568 -0.0385096444366838 0.160115906572469 -0.0647434178324206
-0.0380653940310228 -0.0296934609023447 0.116740583146101 0.0123000990978202
-0.0514057489606235 -0.108247683585174 0.0539862416570178 0.0213812359951797
0.0128658525025342 -0.215932167828651 -0.0150432182293227 -0.203197726630219
0.0704584959578816 -0.406806977651156 0.142578478994238 -0.264768694221562
-0.08066913991632 -0.405756038453163 0.173168940466473 -0.357478576752814
-0.214361006861336 -0.345940222341735 0.0354192905205119 -0.254243116662491
-0.33564603914331 -0.177103218488547 0.0245177776051758 -0.165309539164427
-0.379899055959062 0.00903769845829201 0.022776475782781 -0.106235931693461
-0.316729514871731 0.165160505899425 0.0849495961603662 -0.121310504969521
-0.230123236878873 0.244377323859774 0.107493026830294 -0.183516271165726
-0.178190749541892 0.270685604955297 0.111909699539996 -0.256688771707581
-0.169517287273104 0.232484232225474 0.0922707221029721 -0.273488131067188
-0.174333128658923 0.190716975565896 0.104544513951443 -0.253578357321531
-0.185362437226505 0.103701255946452 0.143255448560058 -0.192280957591531
-0.166366698002213 -0.0177734024126095 0.194765538248617 -0.0665110894363997
-0.139778544612213 -0.101257412872851 0.123558068664469 0.0385190313487431
-0.0950845779074743 -0.221032065136711 0.0199877849282899 0.046230792218529
0.00882825033031448 -0.320952442424518 -0.0525033948015352 -0.139498654110112
0.0774487675067472 -0.463846379056693 0.134679201391962 -0.0663322044505008
-0.0599702019920223 -0.475376671754279 0.228216547614505 -0.248831876136263
-0.225841094158929 -0.444277484306193 0.0388693509005098 -0.234711107367387
-0.418648458722662 -0.233984782207886 -0.039349338696939 -0.168865737204931
-0.470418540841813 0.0254052952491973 -0.0787125348833165 -0.0656662198224861
-0.378065622570554 0.221561902393276 -0.0222056055258213 -0.0398993953515309
-0.268028735957146 0.313916543178139 0.00846695866611403 -0.0648121179176045
-0.208193047246614 0.350489258185679 0.0384293423629398 -0.129031721956699
-0.199799722560122 0.324689138452787 0.0448942342043629 -0.178632342569621
-0.224527106462773 0.303235936172192 0.0797310034428815 -0.209807340814688
-0.286813123603692 0.214562971003519 0.146268065931909 -0.179161304951957
-0.324604091349084 0.0332300320966234 0.226980811952168 -0.0469235065702985
-0.293205259301947 -0.163637586272507 0.13116399787316 0.0876445897083289
-0.174028031611058 -0.332184163035941 -0.00773359424319071 0.110484900141037
-0.0134803867342809 -0.412401289723631 -0.0854069610400641 -0.033763802394942
0.0693556614649306 -0.42374918995491 0.113945067771477 0.117048432769042
-0.0222339524707533 -0.426691574937906 0.230557518286201 -0.140531265642751
-0.17357830721075 -0.42155071552681 0.0156716213434119 -0.186995095665808
-0.387255624008395 -0.220913555928218 -0.106912923895705 -0.145566538239431
-0.43722233233058 0.0450006950659981 -0.172118784766864 -0.0157167958574731
-0.348818488755579 0.235458329818001 -0.127841210918921 0.0491955739142538
-0.251802216014797 0.326343432536899 -0.0864210848468765 0.06661523791589
-0.20757193749959 0.378763777335628 -0.0383019330230996 0.0207543166340903
-0.210313178166028 0.378101067134856 -0.00780682213122244 -0.0463579188471654
-0.25756317433401 0.381219291566815 0.0460981525857785 -0.114385383989371
-0.371937170336731 0.298710168757627 0.130044577407294 -0.108370524190227
-0.462931905967979 0.0754053809303879 0.234269269290489 0.0109325773005907
-0.42697774768354 -0.215751801532441 0.131274731362981 0.154569559749582
-0.242084627632443 -0.407642795578631 -0.0200476954990753 0.197701233105684
-0.0388401669850722 -0.457211030458069 -0.105720269515742 0.108024617512766
0.0518628326315169 -0.311481620122565 0.0865795100548764 0.245011435747192
0.0206002457793833 -0.298671267536329 0.176864301249564 -0.0651826354094849
-0.0889436139232116 -0.311066573343987 -0.0293800266859954 -0.120332572967598
-0.2751549827301 -0.152290434974122 -0.145298860194369 -0.0908979906149346
-0.315003895241081 0.0601087199929087 -0.212797419808052 0.034159701561825
-0.251903741148496 0.206430369192945 -0.191368500486101 0.124679676201721
-0.18975735436722 0.287172738431971 -0.153536586866367 0.185168345280591
-0.175057130573544 0.348385218822014 -0.107037980971555 0.167973177020795
-0.194135241532453 0.367813023549354 -0.0685830740880478 0.102527028344102
-0.262692560701849 0.384468616249291 -0.00277811323960861 0.0157307521406396
-0.403547189411266 0.302428617946824 0.0856152378170272 0.00542452763922917
-0.514442115306032 0.0641222733369442 0.192298407771951 0.0976903346811542
-0.458096911060343 -0.256703338104706 0.107070623442675 0.21865162161801
-0.244589863365744 -0.419497982315817 -0.0240933167775255 0.28657240977372
-0.0496993494841195 -0.428988581939822 -0.115870447225505 0.265202674772391
0.0296149926588832 -0.171765621019462 0.0605374701096323 0.305612502886739
0.0485448228711456 -0.163985053529973 0.0950368698327404 -0.0298324741223275
-0.0276604987442734 -0.189211283652499 -0.074496170154251 -0.0553490498174322
-0.159804809384086 -0.0731600389780315 -0.150854852906736 -0.0258940141015368
-0.174114789333648 0.0640973980288458 -0.199705567356217 0.0779001659469287
-0.135342133684299 0.148905577495731 -0.203680689991693 0.174238134027231
-0.104407650541914 0.208858725147659 -0.184536088179159 0.276597265996231
-0.114147090518927 0.262936375314456 -0.158002666511455 0.290641563774761
-0.147733617210139 0.291730673032019 -0.131461844558568 0.234688299749886
-0.222051516532262 0.30561683606336 -0.0692383515980521 0.140035723554552
-0.351936391884614 0.226380217354325 0.0125882487243205 0.115507909943547
-0.443660280428407 0.0110435305189578 0.103667044738477 0.172924273520352
-0.356381717382358 -0.263729535112903 0.058352808069656 0.257670212613231
-0.173215363304557 -0.341806417553257 -0.0344041231788792 0.353093128002362
-0.0444924933467834 -0.316960587635539 -0.125596994195112 0.404355788861339
0.0094116088880328 -0.0399828436001957 0.0446483664678021 0.317063831068014
0.0533122798654471 -0.0666859007686267 0.0242795691218215 -0.0126875096381538
-0.0073829034514143 -0.0999394431689234 -0.0999042922454314 -0.0144818351639655
-0.0822145014952394 -0.0131568861795601 -0.143118671945989 0.0209718812161964
-0.0641576590114903 0.0549441883442733 -0.165698977565758 0.106671790545847
-0.0336827559994347 0.0825920333276698 -0.185427857251481 0.204952310765083
-0.0178330664462592 0.109966793835215 -0.184533478973251 0.332996693915838
-0.0373021122179422 0.137999076562168 -0.183849491176616 0.371888825269794
-0.0683567845961911 0.163865061021212 -0.184509294386986 0.321306509982221
-0.122854335632489 0.17519237129628 -0.134582197688743 0.219981167419659
-0.211409089249977 0.1219185748833 -0.0673132307563168 0.182560735971999
-0.267839731671519 -0.0262919185539499 0.00138881375823328 0.206245463992563
-0.171216230278828 -0.192598000864442 0.00330048171152542 0.262683753053639
-0.0652396527942481 -0.175431836206684 -0.0570617964472996 0.388796758996708
-0.0346915722010164 -0.131235712371345 -0.143519194011147 0.495081198350237
0.0404538071352313 -0.0686042899233344 0.186328053272982 -0.467638252342639
-0.0276520699125752 -0.0216874919639331 0.0671176866977672 -0.422469937087009
-0.0077103358115582 0.0319009473800252 0.0108286999082741 -0.252728103169672
0.0412941168141348 0.00292868232265371 0.0468378745153348 -0.147940924029343
0.00968444079900945 -0.0400253661580694 0.0965442314065769 -0.124174383950109
-0.026244714808287 -0.0332003964031682 0.177044976195181 -0.165337490379888
-0.0462316548096897 -0.0196801935039243 0.237689939823446 -0.258970349299235
-0.0429896113268443 0.00287081437228569 0.242074118628432 -0.336966233995574
-0.0497890282150817 0.00635832199603576 0.209809934702554 -0.304027999975313
-0.0481144508624824 -0.0112251067286095 0.177558066849277 -0.209575344349789
-0.0152321051397974 -0.0402769586574041 0.152660119422112 -0.122028924747402
0.0345088956559706 -0.0243134249345281 0.140348531920714 -0.0370095186343366
-0.00288184440680013 0.0394280970521726 0.108054650697673 0.0176654080867183
-0.0497090030124126 -0.01732854557275 0.0774299813044587 0.0258757669713482
0.00189949610612226 -0.10301315817808 0.0488637308688314 -0.223526741282647
0.0830188978544891 -0.244434231229346 0.202394462880756 -0.390296301015844
-0.0363982372512104 -0.226985537903443 0.136297465498362 -0.405030429538647
-0.102393743388793 -0.168042786552659 0.0491771356244922 -0.246484892334636
-0.139141585186581 -0.102412381858767 0.0752337910406325 -0.150681230576147
-0.191154144162693 -0.0397201250431931 0.096474771199776 -0.123445768415829
-0.188983958614043 0.0501452131491588 0.159650037639661 -0.152807193668771
-0.16185420725987 0.105413589560314 0.205940752642735 -0.23010572494359
-0.135632389195312 0.130222653227345 0.207221330373162 -0.305135011270072
-0.130715054526648 0.10628670552781 0.173227283912666 -0.294019667976484
-0.122765360782097 0.0658025467821525 0.155463944943986 -0.227054260780449
-0.0948914728568468 0.00131661976558824 0.1531788442427 -0.147615134983038
-0.0381459200580081 -0.0478012192406133 0.15967689175995 -0.0471619179468005
-0.0286095239552122 -0.0354619195552604 0.112327761024363 0.0218752380899685
-0.0360984725349769 -0.107761851670208 0.0585532785014143 0.0244662186864375
0.03380138669468 -0.206793231714096 0.0189762704392062 -0.192283593325305
0.118801146325815 -0.371964881526163 0.196809698577045 -0.241505239180171
-0.0158779581404604 -0.386328791595222 0.205457687100232 -0.336528606371288
-0.149470391314803 -0.350608363792648 0.0757832299553611 -0.244579935919517
-0.285218960792247 -0.218338385840646 0.0547247202260299 -0.1634273477172
-0.360407099971449 -0.0524175911955499 0.0382970688715118 -0.110689603586976
-0.323359961193044 0.113933469444135 0.0836989354301201 -0.112060484002181
-0.253709025870954 0.204793078397495 0.125476662236109 -0.160966538094385
-0.207314519621138 0.238482733214045 0.14099202519273 -0.22546259950161
-0.193739517202764 0.203803255296367 0.126913703709746 -0.248804778093793
-0.191780948766887 0.160705646970215 0.133587208287185 -0.229772591980421
-0.193422371643185 0.0745200200175946 0.165051712823093 -0.168621294956585
-0.160553646123262 -0.042537393652972 0.196254713271407 -0.0467534293604605
-0.119094120517555 -0.118262016216894 0.11772403826884 0.0511351523225031
-0.0628815536078514 -0.222864699756108 0.022235967596577 0.0512971877655954
0.0474619842001854 -0.310867573315165 -0.0237761435169743 -0.129105609235792
0.135573145419045 -0.416792074552909 0.168495384773769 -0.0577682876538503
0.0152434409436713 -0.448745348523344 0.24613636995429 -0.229885287133938
-0.146176300974271 -0.447660454139534 0.0804565475485243 -0.226522831838275
-0.355402033128949 -0.283466325345033 -0.00130104770761289 -0.176277230162391
-0.446056837612216 -0.052039347475782 -0.0598053656282163 -0.0903030589705397
-0.386016689191843 0.156877969157119 -0.030190596109774 -0.0495683310347424
-0.297818054243848 0.264865903940117 0.0177771376299135 -0.0601879617192209
-0.246636990424589 0.310898171404496 0.0547573053095932 -0.112159338643946
-0.235081579601987 0.286499594148852 0.0707408320259496 -0.163408533024105
-0.254114389646199 0.26111918145202 0.108190658124719 -0.19352242957272
-0.303663140168889 0.168111906851001 0.171045527146952 -0.158699468457425
-0.3191132806575 -0.0125222109293531 0.231172623582169 -0.0255093953774322
-0.261742704399524 -0.198112980263883 0.123009660441152 0.104203386632501
-0.123278981780516 -0.342072809459165 -0.00959335604232607 0.11446610559463
0.0405738178523219 -0.400866096982558 -0.0680449232391162 -0.0252545808231497
0.125776490783785 -0.378821128704016 0.124729372869611 0.111137422463827
0.045828862846848 -0.398666514037339 0.234435570755872 -0.122256836700422
-0.100822188188502 -0.420968436212213 0.0539511332727971 -0.180792571290329
-0.328912745654802 -0.26645674221686 -0.0666433703992979 -0.160317773499383
-0.416812961807969 -0.027275145820865 -0.15312603715702 -0.0543187508405817
-0.358272089439033 0.170520577812802 -0.140433748162771 0.0222767708454033
-0.281898053815263 0.277708255930286 -0.0878421667381671 0.0515776208612948
-0.249314526705225 0.336361895458902 -0.0362666460768027 0.0206655318868368
-0.250502757918741 0.334519404104136 0.00359053690699784 -0.0435045599792567
-0.294762429383544 0.328872865946151 0.0666715258567254 -0.108468983294153
-0.394344903803184 0.234636650496847 0.15152869619914 -0.0951803613448338
-0.45770444538906 0.0112672082107994 0.235630985360814 0.0304712365175495
-0.385057577022558 -0.266021718651222 0.117466496667167 0.172146701682408
-0.178865672657489 -0.427773341758949 -0.0297006813006621 0.203968530347799
0.0252645626656151 -0.449699479471137 -0.104894236123465 0.114251723616671
0.0958530790150007 -0.275943575930082 0.0753803625621871 0.228980356165529
0.0673328572797814 -0.275706482821106 0.171374237214484 -0.0498083024148891
-0.0395908548502014 -0.307529062105557 0.00112654102266493 -0.11633717784506
-0.235776971031392 -0.184019264309475 -0.111464476681576 -0.109628433093099
-0.302474753447735 0.00809758370374848 -0.199009075210376 -0.00786751734820162
-0.262569256135147 0.154026335995592 -0.206134225572206 0.0883329771757041
-0.216498505193508 0.245534335014546 -0.166717290088517 0.156098969378534
-0.213251488636901 0.310153506058139 -0.120165982041991 0.152069788405375
-0.235433390933826 0.325005760571738 -0.0732432400345917 0.0913556355141257
-0.297026411424767 0.329847516336846 0.0043362439680613 0.00944197199457112
-0.42349595022074 0.236472601803353 0.0974812726562524 0.00812436476377376
-0.506579092879889 -0.00468092623879039 0.188142180506439 0.110976709355317
-0.412950468955275 -0.309921920959852 0.0867408045391252 0.234201631466549
-0.178570498120244 -0.441086757347195 -0.0448305902867091 0.291117405551855
0.0144483863569529 -0.423911791366637 -0.135742387821849 0.266170580050375
0.0577388324679569 -0.149686627274867 0.0322158676622831 0.285742559538228
0.0743345312425971 -0.148792703193024 0.0875638010701754 -0.0174511579233343
-0.000831496280853333 -0.185500332736598 -0.0530081369322462 -0.0564603289336962
-0.138610482162633 -0.0903375644826638 -0.128706971838461 -0.0455101412151538
-0.169714115388254 0.0338101281638559 -0.192460283211958 0.0393761790587836
-0.142849795524791 0.116074583402008 -0.218972369345355 0.137021647838825
-0.123330694612851 0.180017396430025 -0.205610594750823 0.237916630190584
-0.144196481117977 0.235210057740351 -0.18415628431151 0.26099675337132
-0.179090523460106 0.257036421741315 -0.151653052654808 0.209591240326498
-0.248274053142965 0.2600888293839 -0.0757055780703125 0.120836875834288
-0.363319552030894 0.169987265818965 0.0115160191808994 0.107883422978966
-0.431352290964685 -0.0479600813747098 0.0915952755781901 0.176350352727522
-0.315359637446924 -0.305525671249742 0.0310301175827799 0.264437609756368
-0.116412518670311 -0.358748637413844 -0.0665926914959693 0.352600006847802
0.00770750550721946 -0.313313820150203 -0.168325876616585 0.398010732633432
0.0217252018242411 -0.0313471442837924 0.00411325363784666 0.296460964466786
0.0620826567470737 -0.0594840017971906 0.0194964016939937 -0.00410288955178842
0.00318731418759492 -0.0976868499947918 -0.0853456921239404 -0.0190990973249782
-0.0748304548149254 -0.0210240981561606 -0.130423322555662 0.00370109778843351
-0.0652527266149288 0.0428378590040268 -0.164591614067919 0.0769895684228068
-0.0395326017368555 0.0678625673175631 -0.200773782946043 0.170014621920241
-0.0281676590628037 0.0968021149428224 -0.211367968957203 0.28995750470538
-0.0540568986167961 0.124041005104237 -0.21987212229719 0.332129613660436
-0.0843507998030738 0.143484314080718 -0.215569403596944 0.28559496942864
-0.136229354833114 0.147291087361764 -0.152343437133348 0.190212493899762
-0.214407665415591 0.0887381498447763 -0.0782332777422111 0.165171235819508
-0.255296174269583 -0.0570127469921588 -0.0153124264084251 0.198435353940592
-0.144022429483778 -0.213692128346014 -0.0287568429109054 0.258985801998752
-0.0319350474387519 -0.184985271546406 -0.0983161879522598 0.37755780856504
-0.00373723750688246 -0.131201296931558 -0.200929180671931 0.477592302475598
0.0355001015625212 -0.0709510325487176 0.200195347678819 -0.459923518834338
-0.0299049883390669 -0.0182895989654942 0.0680878222805186 -0.415395250705246
-0.00489359923543898 0.0346724464607629 0.0159836958483076 -0.242715603437782
0.0431936560312463 0.000884136058218568 0.0515042276703224 -0.145239604656427
0.00747928457199179 -0.0414488743821561 0.0972507681030776 -0.117524750143099
-0.0272560163906621 -0.0314747351958144 0.178865795454572 -0.153821108983038
-0.046239489713381 -0.0162801551957818 0.242688065235844 -0.246153401877484
-0.0421690470239783 0.00529267348804317 0.246487985440888 -0.326197182012904
-0.047454322975967 0.00957065704134508 0.211903993453965 -0.292470369070114
-0.0485492595270213 -0.00837172393677403 0.175132300665578 -0.200680672593364
-0.0175274122521809 -0.0409437140944724 0.1473048093408 -0.116295091990604
0.0345485822725201 -0.0279268498971379 0.133878907092998 -0.0370807118775831
0.00220588872865298 0.0400009809429449 0.105595171544864 0.0132844400074037
-0.050639343876666 -0.0135952683105821 0.0839768691441313 0.0197084230898885
-0.0034901240956619 -0.102133245778569 0.0587037248909489 -0.217565089677751
0.0842699921518964 -0.240704029566512 0.214470529458796 -0.382857731617517
-0.0311245451341994 -0.221936725471895 0.132803738139651 -0.398453402287818
-0.0938952330846427 -0.166133461312304 0.0540394224529197 -0.234016418016955
-0.132090189756025 -0.105826593369872 0.0801306052835159 -0.145857494918565
-0.189423981930052 -0.0461750141605911 0.0963130081122323 -0.117265464691437
-0.189326568262974 0.0456629993237924 0.15958080594851 -0.141675714800415
-0.16296366329091 0.102411426377252 0.209546121999593 -0.21759337561415
-0.136129376533402 0.127958807488621 0.210312475074799 -0.294921975190843
-0.129728553223058 0.105178518795416 0.176157141855015 -0.28142832784431
-0.122546861840373 0.0645610023724922 0.152910480681286 -0.217517251149957
-0.0952627498207515 -0.00182719531473015 0.148427033232051 -0.141199642118896
-0.0362116382008124 -0.0518988941600702 0.152928232414991 -0.0471715829750545
-0.0216191831703081 -0.0360488546747322 0.109877064544871 0.018146525362065
-0.0324351292468548 -0.103509126597902 0.0621394762675645 0.0188395156769445
0.033948864090873 -0.202502808326157 0.0289218302578278 -0.186546807826321
0.127742713708315 -0.362396005763079 0.204569813161491 -0.235771704298529
-0.00379139712315866 -0.379606820732272 0.196819830533337 -0.329958303321504
-0.13529092998385 -0.350331315098664 0.0794565371570978 -0.229699258253131
-0.273095198819592 -0.222090416815941 0.061254651073811 -0.159521290038615
-0.354161942284178 -0.0628628832744604 0.0373374222101899 -0.10752181102883
-0.322906024101706 0.104112157560897 0.0832436063815155 -0.103792612984841
-0.256316073157794 0.197002390650253 0.129214456853567 -0.149093284990761
-0.209488080569194 0.231252736502443 0.144509796098713 -0.218076021850543
-0.194673540856141 0.198343997251889 0.130100816880805 -0.237304750282781
-0.191802659615772 0.154936149198234 0.131646436673374 -0.219250669233222
-0.192474064933878 0.0683411402598788 0.161066732536262 -0.162171372783245
-0.156005111040196 -0.0494050353662907 0.188437431599184 -0.0464697083534139
-0.111053048957093 -0.122625939161168 0.113320496404416 0.0471958261110842
-0.0540416272916683 -0.22020844119092 0.0247387380798282 0.0455563608116748
0.0531382271096222 -0.303645475956864 -0.0163699499018081 -0.124502880694535
0.149082974317416 -0.403608508114497 0.171459448225282 -0.0565852828704174
0.0316058913021373 -0.440527017682469 0.23243437198569 -0.223609952881022
-0.129835560987858 -0.446972034196855 0.0835969130583411 -0.210011503022098
-0.341433866011742 -0.289637191935834 0.00721216644184471 -0.172290286810811
-0.437708634357974 -0.0617413541696947 -0.0586546640051927 -0.089667188103157
-0.385178230967689 0.143373119670917 -0.0306632804049743 -0.0460648106073809
-0.299614587830223 0.25336321633733 0.0193262321597759 -0.0535445163868539
-0.252386546695355 0.301490441931802 0.0573818372144797 -0.106166391942864
-0.238355803577492 0.277519353128756 0.0726691979324873 -0.154986864307924
-0.253352722815505 0.249928820379179 0.105079996233809 -0.18476229763743
-0.301570959192313 0.157547244746448 0.16609646883972 -0.153070088179099
-0.311597401749345 -0.0221389021873853 0.222648910776949 -0.0250064962223049
-0.251588228318227 -0.204979059682477 0.116685892730755 0.0997873092099808
-0.110245803314559 -0.341166622888734 -0.0100020331146905 0.108211788775924
0.0536711990986576 -0.394222796290971 -0.0637691264268032 -0.0220433813667093
0.139494331361366 -0.363273857657031 0.122035536333734 0.108647407799471
0.062449297360916 -0.390891161966383 0.21763074157406 -0.116785565477461
-0.0871700669271187 -0.422158302002475 0.056392062389309 -0.164583438587124
-0.315993129969858 -0.270051046931676 -0.0563248933235782 -0.157296008829157
-0.407736085048052 -0.0358512905812691 -0.1506843129366 -0.0573300933309664
-0.356005747214393 0.157450240688522 -0.140218447836301 0.0213496611773288
-0.283564664434 0.263779584197701 -0.0877257207761963 0.0533220226064452
-0.253562181030653 0.325202662743027 -0.0355571829022257 0.022533031604567
-0.25583026550561 0.323229620245879 0.00501046250076451 -0.0386461463912923
-0.295657974435747 0.314965939378852 0.063034270135371 -0.102788414624339
-0.391067275003448 0.222885454656187 0.147051638413605 -0.0922613540126472
-0.449243935502127 0.000335494777843909 0.226376898079836 0.0305322870320864
-0.374981092679073 -0.276006492574648 0.109493262360104 0.167482879913122
-0.161139451864404 -0.428558872617245 -0.0312831425799169 0.196913746447027
0.0436408430477066 -0.441939453413386 -0.104964952995422 0.115692404696869
0.109517136931281 -0.262195790560923 0.067750924393393 0.221734592437113
0.0810816265006526 -0.270369282137473 0.154547243129773 -0.0442289562231551
-0.0314887077740869 -0.309422296304093 0.00395016168629095 -0.103266962793426
-0.226668371387512 -0.185447114606678 -0.102675825582611 -0.107695022279985
-0.293540163509307 0.00154507328565159 -0.195215446431914 -0.0134844261123329
-0.259199189060064 0.142516332707566 -0.205473040146164 0.0839443881252014
-0.218799562816726 0.231880520251697 -0.165980596982155 0.152707795124516
-0.217540653135261 0.298169409865247 -0.121001317879838 0.148274751417258
-0.239637048839424 0.312831722452943 -0.0740315289331079 0.0912282157382912
-0.298346294201269 0.314742967727819 -0.000341502346105781 0.0100418486901151
-0.418198178973905 0.223111279711067 0.0923224567855451 0.00818188233786696
-0.496199800627445 -0.0144648940666216 0.179273832463722 0.109137072357822
-0.402632925873847 -0.32050187329186 0.0777615088966955 0.228845576167517
-0.160025430995697 -0.444432060763036 -0.0496009684688282 0.284244435803963
0.0340228904782243 -0.416557525611954 -0.141164331779457 0.264407599581069
0.069766941802683 -0.139748089214539 0.0227375793513601 0.275484983630993
0.0832523157341677 -0.147753589590971 0.073551933177764 -0.0122641652218895
0.00230672917397057 -0.18738076196507 -0.0489265565091433 -0.0477395118321904
-0.134101115470055 -0.0896108185891745 -0.120448268994114 -0.0446891543526093
-0.162946357058086 0.031221663289757 -0.188673991298471 0.0340512998063315
-0.141257784982225 0.106874280676731 -0.217959587559357 0.128672724539562
-0.125527159740014 0.168780256946993 -0.206175751840989 0.22886380478644
-0.148661146861146 0.225146074131535 -0.185927705566187 0.253942387131106
-0.183222429736648 0.245715409070024 -0.15428278721902 0.20451138054311
-0.24774171828604 0.247425494979867 -0.0808367314316462 0.116449758922517
-0.358346811850321 0.16054145761294 0.00846467790942665 0.103579441247494
-0.42154725094409 -0.0534427882240919 0.0857621032047481 0.171594668077756
-0.307710897831225 -0.312677311161988 0.0221610334715019 0.257786850898098
-0.0998119400693728 -0.362371029926567 -0.073017805586296 0.345850256693851
0.0258621317394959 -0.307360817193939 -0.174997038601196 0.391943296938081
0.029935029307972 -0.0261916172867015 -0.00619161184168997 0.285329067702662
0.0659926295884644 -0.0607636569363742 0.00844772925929419 0.0014029858420462
0.00213700157250415 -0.099231472963572 -0.0823988235188572 -0.0143353181370097
-0.0727681854966579 -0.0180090199491463 -0.124390749357035 0.00455623631310671
-0.0608129854927266 0.0414025978347511 -0.159851508025068 0.0706315626847778
-0.0376912853522654 0.0621270666975112 -0.199907103706057 0.159274658460709
-0.0301197023080569 0.0882652444982562 -0.212251925940427 0.277799353929767
-0.0573938846633888 0.116581854880136 -0.222705329740228 0.322157011651037
-0.0876458560450977 0.135356738214222 -0.219729833934749 0.275744981755763
-0.133728879551597 0.138514189779439 -0.155856196606291 0.182100625628184
-0.209788941086159 0.0843840845177569 -0.0805713546505771 0.157464447769325
-0.251151456811519 -0.0591697689004101 -0.0198749111918452 0.192865180903238
-0.142234070333962 -0.220456475364671 -0.0375286422726583 0.250737413377562
-0.019952905796452 -0.18796120531219 -0.104695969781432 0.369034929104265
0.00889923718323512 -0.127118086155467 -0.211959385143186 0.468091019196168
0.0318287189348366 -0.0750236756466293 0.225447495630752 -0.467972466848426
-0.033475501041135 -0.0161773886197981 0.0748089019012771 -0.424953900190029
-0.00238739686496719 0.038298740270648 0.025167715268109 -0.242317037936883
0.0467001528832502 -0.000927935263709202 0.0594461691112621 -0.1473766680181
0.00578223328349914 -0.0441276293330538 0.103113437130687 -0.114840366243137
-0.0299328295034384 -0.0315503140268874 0.189079216934099 -0.146725666773083
-0.0481955238996903 -0.0138314480802319 0.259753811274862 -0.241196111856894
-0.043180011952293 0.00762744685065338 0.260579000348819 -0.326418364207835
-0.0472076952689663 0.0121761345003792 0.224807217488062 -0.289649959870873
-0.0514015099393836 -0.00649147124661809 0.181559516553924 -0.197015265707213
-0.0211529796898028 -0.042730361970141 0.150319004097909 -0.114292924034561
0.0354935117544188 -0.0324166547953959 0.133102815278068 -0.0371255759090804
0.00737468327851102 0.0421925066504598 0.108071601127309 0.0114397092921948
-0.0530094983109676 -0.010246135116913 0.0930561650213647 0.0154600460982008
-0.00800377987818426 -0.104678727519982 0.0721938788734269 -0.219323008058644
0.0915222412598573 -0.246538081605959 0.239323127539936 -0.3883301895504
-0.0250638450090839 -0.225928476507601 0.139521462150103 -0.406120942937637
-0.0870028796729434 -0.171727020124201 0.0626528520881731 -0.23084202773681
-0.127862161016929 -0.115601155024417 0.0896769878287225 -0.148722046573474
-0.194062429322881 -0.0556833104028398 0.0998836120566566 -0.114551068748074
-0.19727523819833 0.0414216714950006 0.167628668702966 -0.135206306202966
-0.17252479146775 0.102032624609789 0.224382206462663 -0.211280586384948
-0.144098595566739 0.129266022584507 0.225018654869451 -0.294472658279501
-0.134955959388308 0.105986599864835 0.189607830184604 -0.278680766614127
-0.127660132629683 0.0638631981104021 0.157883989866429 -0.213254799019573
-0.100238116899307 -0.00505463888596269 0.151362231952527 -0.139689094149832
-0.0352710715522717 -0.058627155340193 0.152274516356952 -0.0476229960286806
-0.0156760462163532 -0.0385432276154411 0.11179978584503 0.0162959049847233
-0.0296436451173335 -0.102648268520482 0.0690390706617231 0.0145140917258174
0.037258173043511 -0.205438385634849 0.0404880500034499 -0.187305691304347
0.143801924246591 -0.36694001404033 0.224555055733781 -0.237859283754402
0.0116398573297186 -0.386949349538759 0.198908818870546 -0.33503448058857
-0.123022306065769 -0.363804647509947 0.0873314245146684 -0.223155254957339
-0.269154692620336 -0.23880735058854 0.070983481921798 -0.162370854619235
-0.362505243272216 -0.0774176339929649 0.0394934832707833 -0.107922343126426
-0.334897818846466 0.0957070459311272 0.0868694086893749 -0.0989359159174759
-0.270585579305632 0.194500222541583 0.138420950768106 -0.142798310433689
-0.222892240148713 0.231844225909904 0.154950108191402 -0.216571761213162
-0.205465200906136 0.199344512465184 0.139850731954817 -0.234187931154862
-0.200529678545284 0.153177591826601 0.137013108826003 -0.216907817774988
-0.198855218733427 0.0630476533634874 0.163075667058623 -0.161250494468508
-0.157287813227337 -0.0577065145559829 0.188590930129987 -0.0464269734316349
-0.106592959484275 -0.130594044458245 0.113823806949555 0.0463683227261785
-0.046417929575349 -0.224300805294849 0.0281242010117349 0.0417273522977816
0.0649221048232233 -0.308798440810122 -0.00838136271563045 -0.124890286051116
0.169653021733667 -0.406144635364306 0.181821174798886 -0.054992258736824
0.0521576431178034 -0.448853246195855 0.230174757571016 -0.224517772872336
-0.115177892919216 -0.464876668708203 0.0906604434260738 -0.200702441514692
-0.338269584591935 -0.30762273891285 0.0165454318920317 -0.17537709607304
-0.44509251225956 -0.0786702786085138 -0.0599463372140559 -0.0931884821434073
-0.398418025503468 0.132861000882251 -0.0315117898735277 -0.0443091205068373
-0.315627949582859 0.247993902309248 0.0223145387449514 -0.0480769071585545
-0.267077588543503 0.299769259790367 0.0627264971217403 -0.104255029349946
-0.252214741987596 0.277369916689082 0.0794328799065281 -0.151554523503632
-0.266419611703652 0.246938791834058 0.108304889734634 -0.182725099567993
-0.311109716903177 0.150647137670445 0.168266815852464 -0.152289717737842
-0.316761653004548 -0.0340264167943439 0.222525583723401 -0.0237471218667295
-0.249844308116116 -0.22126919176897 0.115605928996478 0.101151349017159
-0.0995317752642044 -0.353598886096675 -0.0102497398433866 0.106073746223049
0.0729040958981565 -0.400782659054601 -0.0610267469921942 -0.02115773612657
0.161305958329926 -0.361915940724433 0.123364258592742 0.11075892825731
0.0847200758678431 -0.396526563942526 0.210400846360618 -0.114122321416453
-0.0722254057139323 -0.437841309590542 0.0622775985882295 -0.155511676715274
-0.312377271410915 -0.2875589095282 -0.0486585237636017 -0.161222719316846
-0.413926433269026 -0.0492429536586298 -0.153363207237146 -0.0642209732117865
-0.368615634525947 0.14711606375901 -0.145764748558059 0.0203931895877572
-0.299965184583061 0.258426883331318 -0.090342098683688 0.0563445526395928
-0.271655657478004 0.323003425406684 -0.0358413648064628 0.0241486357736389
-0.273349546244346 0.320710108929177 0.0064339682323774 -0.0357283948549686
-0.311321809306099 0.310822206707456 0.0624980944094507 -0.101066178737427
-0.403818933265491 0.216067479248397 0.147994807566451 -0.0922659365801284
-0.456074084803718 -0.0157722364715132 0.225823949881331 0.0326579308727718
-0.375637432854381 -0.29715420950467 0.105370351617735 0.170871478529137
-0.148589114887238 -0.447590371239924 -0.0366680431496837 0.197906744758024
0.0661823467682548 -0.451037873105876 -0.108852680408516 0.119486758876424
0.130027404691971 -0.257133041528879 0.0615506383803694 0.223673874580978
0.100431242266476 -0.274175248600265 0.144470250261762 -0.0405231791990181
-0.0205965677008537 -0.322530412264121 0.00750324340988002 -0.0947941825362792
-0.22553639131878 -0.19618799238344 -0.0961973764303434 -0.11177809581644
-0.297112959087434 -0.00714268749042438 -0.198963902324477 -0.0194186954058319
-0.268126987315008 0.133787469543119 -0.213424836161168 0.0802156021534438
-0.231951246986445 0.225798062613124 -0.173602524817472 0.153448579968133
-0.233931709220098 0.295923255151341 -0.127366896472041 0.15034588448351
-0.256621812555455 0.310860770545851 -0.0788370348349058 0.0940479125906295
-0.314094535720895 0.310078340710053 -0.0050867220121563 0.0114682640450204
-0.431244645197735 0.214828214935685 0.0911332011194547 0.00742014514604233
-0.50463713388921 -0.0291031048373364 0.17796431804345 0.11178213173293
-0.405364355093339 -0.344598970716457 0.0696578864481016 0.233476849961565
-0.144788414602179 -0.466713944780521 -0.058142349632146 0.288774090849235
0.0583850072213296 -0.425482625014824 -0.152477865680252 0.271517193232553
0.0850443659319514 -0.13370734905168 0.0109954696728018 0.276114902469459
0.0957652859441369 -0.150840778134799 0.0626927393554825 -0.00753576641481525
0.00623510271180406 -0.19612488979896 -0.0476018646114927 -0.0422738776652146
-0.133333444830805 -0.0933231124567993 -0.116744137516248 -0.0457322063525163
-0.163559739565301 0.0276790938132996 -0.192274063356212 0.028484209659721
-0.144863563329297 0.101548704198704 -0.226363397815687 0.124895501946846
-0.133930515363153 0.163464277783156 -0.216031408615356 0.227864103671996
-0.160362595069497 0.22196375560567 -0.197433486999466 0.254763399918804
-0.196337163986885 0.242885034747376 -0.165014341611271 0.206717665696735
-0.257674395324846 0.241588121614542 -0.0896504525664778 0.116219326866969
-0.366107137240605 0.152366536946843 0.00337274815261455 0.10334418491483
-0.428756096772727 -0.065972429855067 0.0808564818570331 0.17471942075532
-0.31117826432622 -0.334339735327424 0.0109380154440993 0.262156669728049
-0.0841869426292867 -0.381233569598244 -0.0849786719686084 0.351388402282972
0.0471610982593922 -0.312854793071669 -0.193852851196592 0.400766831263165
0.0405751144069697 -0.0211372100253616 -0.0203715813819201 0.28614986889581
0.0730749601972413 -0.0645470321201682 0.000183966431504538 0.00648515212031352
0.0015320348093962 -0.104208696046307 -0.0823411672671935 -0.0102503864022322
-0.0730744705177285 -0.0172494784581246 -0.122902023650139 0.00526162334551795
-0.059061340298132 0.0426237491242535 -0.163419655725734 0.0671297869252967
-0.0380926903087859 0.0592515241354287 -0.20815838819156 0.155510738734502
-0.0333089788312575 0.0833490299525764 -0.223288881961961 0.275201698209032
-0.063477133250596 0.112982181333409 -0.236859832375125 0.322666881233526
-0.0944174100497951 0.132759355830893 -0.234007816656846 0.27710470036357
-0.138055358883863 0.135638243606101 -0.166823085093128 0.178650454641564
-0.211722975802985 0.0814641375518973 -0.0858388209318441 0.156103971834861
-0.255352665274314 -0.0639050162275388 -0.0270621196439004 0.194414211184783
-0.144646943869929 -0.234649132508017 -0.047509779462735 0.250893607816163
-0.00721545118757998 -0.199302377564752 -0.117506482544205 0.374367700245655
0.0220678074163236 -0.127579737164752 -0.233010964446315 0.475098443609142
